<?xml version="1.0" encoding="UTF-8"?>
<testsuites name="Store_Suit" time="2536" tests="10" failures="2" errors="0">
   <testsuite name="Store_Suit" tests="10" failures="2" errors="0" time="2536" timestamp="2018-06-09 19:25:55" hostname="Quality Analyst - DESKTOP-BLFTK83" id="Test Suites/Store_Suit">
      <properties>
         <property name="deviceName" value=""/>
         <property name="devicePlatform" value=""/>
         <property name="logFolder" value="C:\\Users\\Quality Analyst\\Katalon Studio\\ds\\Reports\\Store_Suit\\20180609_181557"/>
         <property name="logFiles" value="C:\\Users\\Quality Analyst\\Katalon Studio\\ds\\Reports\\Store_Suit\\20180609_181557\\execution0.log, C:\\Users\\Quality Analyst\\Katalon Studio\\ds\\Reports\\Store_Suit\\20180609_181557\\execution1.log, C:\\Users\\Quality Analyst\\Katalon Studio\\ds\\Reports\\Store_Suit\\20180609_181557\\execution2.log"/>
         <property name="attachments" value="C:\\Users\\Quality Analyst\\Katalon Studio\\ds\\Reports\\Store_Suit\\20180609_181557\\1528552890489.png, C:\\Users\\Quality Analyst\\Katalon Studio\\ds\\Reports\\Store_Suit\\20180609_181557\\1528554923504.png"/>
         <property name="hostName" value="Quality Analyst - DESKTOP-BLFTK83"/>
         <property name="os" value="Windows 10 64bit"/>
         <property name="katalonVersion" value="5.4.2.1"/>
         <property name="browser" value="Chrome 66.0.3359.181"/>
         <property name="hostAddress" value="169.254.189.85"/>
         <property name="sessionId" value="cb68219cfd58a043ab304b54c8beaf8f"/>
         <property name="seleniumVersion" value="3.7.1"/>
         <property name="proxyInformation" value="ProxyInformation{proxyOption=NO_PROXY, proxyServerType=HTTP, password=, proxyServerAddress=, proxyServerPort=0}"/>
         <property name="platform" value="Windows 10"/>
      </properties>
      <testcase name="Test Cases/STORE TO CMS REQUEST TEST CASES/TC_STCMS_001 To Verify Schedule 1 Store To CMS Request Are Working Successfully Or Not" classname="Test Cases/STORE TO CMS REQUEST TEST CASES/TC_STCMS_001 To Verify Schedule 1 Store To CMS Request Are Working Successfully Or Not" status="FAILED">
         <failure type="FAILED" message="Unable to click on object 'Object Repository/Store Request Schedule 1/Page_Divisonal Store Login/button_Sign in' (Root cause: org.openqa.selenium.WebDriverException: unknown error: Element &lt;button type=&quot;submit&quot; id=&quot;btnSubmit&quot; style=&quot;color: #ffffff;&quot; class=&quot;btn bg-blue btn-block&quot;>...&lt;/button> is not clickable at point (791, 568). Other element would receive the click: &lt;div style=&quot;position: absolute; display: block; width: auto; height: auto; padding: 0px; margin: 0px; text-align: left; border: none; border-radius: 0px; z-index: 2147483646; font-size: 0px; left: 631.5px; top: 493px;&quot;>...&lt;/div>
  (Session info: chrome=66.0.3359.181)
  (Driver info: chromedriver=2.35.528161 (5b82f2d2aae0ca24b877009200ced9065a772e73),platform=Windows NT 10.0.17134 x86_64) (WARNING: The server did not provide any stacktrace information)
Command duration or timeout: 0 milliseconds
Build info: version: '3.7.1', revision: '8a0099a', time: '2017-11-06T21:07:36.161Z'
System info: host: 'DESKTOP-BLFTK83', ip: '169.254.189.85', os.name: 'Windows 10', os.arch: 'amd64', os.version: '10.0', java.version: '1.8.0_102'
Driver info: com.kms.katalon.selenium.driver.CChromeDriver
Capabilities {acceptInsecureCerts: false, acceptSslCerts: false, applicationCacheEnabled: false, browserConnectionEnabled: false, browserName: chrome, chrome: {chromedriverVersion: 2.35.528161 (5b82f2d2aae0ca..., userDataDir: C:\Users\QUALIT~1\AppData\L...}, cssSelectorsEnabled: true, databaseEnabled: false, handlesAlerts: true, hasTouchScreen: false, javascriptEnabled: true, locationContextEnabled: true, mobileEmulationEnabled: false, nativeEvents: true, networkConnectionEnabled: false, pageLoadStrategy: normal, platform: XP, platformName: XP, rotatable: false, setWindowRect: true, takesHeapSnapshot: true, takesScreenshot: true, unexpectedAlertBehaviour: , unhandledPromptBehavior: , version: 66.0.3359.181, webStorageEnabled: true}
Session ID: d935e1553196b19126a9954a57e66e3a)"/>
         <system-out><![CDATA[2018-06-09 19:25:56 - [TEST_CASE][FAILED] - Test Cases/STORE TO CMS REQUEST TEST CASES/TC_STCMS_001 To Verify Schedule 1 Store To CMS Request Are Working Successfully Or Not: Test Cases/STORE TO CMS REQUEST TEST CASES/TC_STCMS_001 To Verify Schedule 1 Store To CMS Request Are Working Successfully Or Not FAILED because (of) Unable to click on object 'Object Repository/Store Request Schedule 1/Page_Divisonal Store Login/button_Sign in' (Root cause: org.openqa.selenium.WebDriverException: unknown error: Element <button type="submit" id="btnSubmit" style="color: #ffffff;" class="btn bg-blue btn-block">...</button> is not clickable at point (791, 568). Other element would receive the click: <div style="position: absolute; display: block; width: auto; height: auto; padding: 0px; margin: 0px; text-align: left; border: none; border-radius: 0px; z-index: 2147483646; font-size: 0px; left: 631.5px; top: 493px;">...</div>
  (Session info: chrome=66.0.3359.181)
  (Driver info: chromedriver=2.35.528161 (5b82f2d2aae0ca24b877009200ced9065a772e73),platform=Windows NT 10.0.17134 x86_64) (WARNING: The server did not provide any stacktrace information)
Command duration or timeout: 0 milliseconds
Build info: version: '3.7.1', revision: '8a0099a', time: '2017-11-06T21:07:36.161Z'
System info: host: 'DESKTOP-BLFTK83', ip: '169.254.189.85', os.name: 'Windows 10', os.arch: 'amd64', os.version: '10.0', java.version: '1.8.0_102'
Driver info: com.kms.katalon.selenium.driver.CChromeDriver
Capabilities {acceptInsecureCerts: false, acceptSslCerts: false, applicationCacheEnabled: false, browserConnectionEnabled: false, browserName: chrome, chrome: {chromedriverVersion: 2.35.528161 (5b82f2d2aae0ca..., userDataDir: C:\Users\QUALIT~1\AppData\L...}, cssSelectorsEnabled: true, databaseEnabled: false, handlesAlerts: true, hasTouchScreen: false, javascriptEnabled: true, locationContextEnabled: true, mobileEmulationEnabled: false, nativeEvents: true, networkConnectionEnabled: false, pageLoadStrategy: normal, platform: XP, platformName: XP, rotatable: false, setWindowRect: true, takesHeapSnapshot: true, takesScreenshot: true, unexpectedAlertBehaviour: , unhandledPromptBehavior: , version: 66.0.3359.181, webStorageEnabled: true}
Session ID: d935e1553196b19126a9954a57e66e3a)

2018-06-09 19:25:56 - [TEST_STEP][PASSED] - openBrowser: Browser is opened with url: ''

2018-06-09 19:25:59 - [MESSAGE][PASSED] - Browser is opened with url: ''

2018-06-09 19:25:59 - [TEST_STEP][PASSED] - Statement - out.println("Verify Schedule 1 Store Request Are Working Successfully Or Not"): null

2018-06-09 19:25:59 - [TEST_STEP][PASSED] - navigateToUrl: Navigate to 'http://192.168.137.1/multihospital_new/' successfully

2018-06-09 19:26:01 - [MESSAGE][PASSED] - Navigate to 'http://192.168.137.1/multihospital_new/' successfully

2018-06-09 19:26:01 - [TEST_STEP][PASSED] - maximizeWindow: Current window maximized

2018-06-09 19:26:02 - [MESSAGE][PASSED] - Current window maximized

2018-06-09 19:26:02 - [TEST_STEP][PASSED] - click: Object: 'Object Repository/Store Request Schedule 1/Page_KDMC/a_Divisional Store' is clicked on

2018-06-09 19:26:03 - [MESSAGE][PASSED] - Object: 'Object Repository/Store Request Schedule 1/Page_KDMC/a_Divisional Store' is clicked on

2018-06-09 19:26:03 - [TEST_STEP][PASSED] - setText: Text 'ragu' is set on object 'Object Repository/Store Request Schedule 1/Page_Divisonal Store Login/input_txtusername'

2018-06-09 19:26:03 - [MESSAGE][PASSED] - Text 'ragu' is set on object 'Object Repository/Store Request Schedule 1/Page_Divisonal Store Login/input_txtusername'

2018-06-09 19:26:03 - [TEST_STEP][PASSED] - setText: Text '123' is set on object 'Object Repository/Store Request Schedule 1/Page_Divisonal Store Login/input_txtpassword'

2018-06-09 19:26:03 - [MESSAGE][PASSED] - Text '123' is set on object 'Object Repository/Store Request Schedule 1/Page_Divisonal Store Login/input_txtpassword'

2018-06-09 19:26:03 - [TEST_STEP][PASSED] - delay: Delayed 3 second(s)

2018-06-09 19:26:06 - [MESSAGE][PASSED] - Delayed 3 second(s)

2018-06-09 19:26:06 - [TEST_STEP][PASSED] - click: Object: 'Object Repository/Store Request Schedule 1/Page_Divisonal Store Login/button_Sign in' is clicked on

2018-06-09 19:26:08 - [MESSAGE][PASSED] - Object: 'Object Repository/Store Request Schedule 1/Page_Divisonal Store Login/button_Sign in' is clicked on

2018-06-09 19:26:08 - [TEST_STEP][PASSED] - delay: Delayed 3 second(s)

2018-06-09 19:26:11 - [MESSAGE][PASSED] - Delayed 3 second(s)

2018-06-09 19:26:11 - [TEST_STEP][PASSED] - click: Object: 'Object Repository/Store Request Schedule 1/Page_Store/a_CMS' is clicked on

2018-06-09 19:26:11 - [MESSAGE][PASSED] - Object: 'Object Repository/Store Request Schedule 1/Page_Store/a_CMS' is clicked on

2018-06-09 19:26:11 - [TEST_STEP][PASSED] - delay: Delayed 2 second(s)

2018-06-09 19:26:13 - [MESSAGE][PASSED] - Delayed 2 second(s)

2018-06-09 19:26:13 - [TEST_STEP][PASSED] - click: Object: 'Object Repository/Store Request Schedule 1/Page_Store/a_Request Send' is clicked on

2018-06-09 19:26:15 - [MESSAGE][PASSED] - Object: 'Object Repository/Store Request Schedule 1/Page_Store/a_Request Send' is clicked on

2018-06-09 19:26:15 - [TEST_STEP][PASSED] - selectOptionByIndex: All options with index in [1] are selected on object 'Object Repository/Store Request Schedule 1/Page_Store/select_--Select--'

2018-06-09 19:26:15 - [MESSAGE][PASSED] - All options with index in [1] are selected on object 'Object Repository/Store Request Schedule 1/Page_Store/select_--Select--'

2018-06-09 19:26:15 - [TEST_STEP][PASSED] - selectOptionByIndex: All options with index in [1] are selected on object 'Object Repository/Store Request Schedule 1/Page_Store/select_--Select--Schedule 1Inj'

2018-06-09 19:26:15 - [MESSAGE][PASSED] - All options with index in [1] are selected on object 'Object Repository/Store Request Schedule 1/Page_Store/select_--Select--Schedule 1Inj'

2018-06-09 19:26:15 - [TEST_STEP][PASSED] - Statement - SelectedOptions = com.kms.katalon.core.webui.keyword.WebUiBuiltInKeywords.getNumberOfTotalOption(com.kms.katalon.core.testobject.ObjectRepository.findTestObject(Store Request Schedule 1/Page_Store/select_--Select--Adernaline 0.)): 63 options of object 'Object Repository/Store Request Schedule 1/Page_Store/select_--Select--Adernaline 0.' counted

2018-06-09 19:26:15 - [MESSAGE][PASSED] - 63 options of object 'Object Repository/Store Request Schedule 1/Page_Store/select_--Select--Adernaline 0.' counted

2018-06-09 19:26:15 - [TEST_STEP][PASSED] - Statement - For ([y = 1, y < SelectedOptions, (y++)]): Object: 'Object Repository/Store Request Schedule 1/Page_Store/button_Add' is clicked on

2018-06-09 19:26:15 - [TEST_STEP][PASSED] - selectOptionByIndex: All options with index in [1] are selected on object 'Object Repository/Store Request Schedule 1/Page_Store/select_--Select--Schedule 1Inj'

2018-06-09 19:26:15 - [MESSAGE][PASSED] - All options with index in [1] are selected on object 'Object Repository/Store Request Schedule 1/Page_Store/select_--Select--Schedule 1Inj'

2018-06-09 19:26:15 - [TEST_STEP][PASSED] - delay: Delayed 1 second(s)

2018-06-09 19:26:16 - [MESSAGE][PASSED] - Delayed 1 second(s)

2018-06-09 19:26:16 - [TEST_STEP][PASSED] - selectOptionByIndex: All options with index in [1] are selected on object 'Object Repository/Store Request Schedule 1/Page_Store/select_--Select--Adernaline 0.'

2018-06-09 19:26:16 - [MESSAGE][PASSED] - All options with index in [1] are selected on object 'Object Repository/Store Request Schedule 1/Page_Store/select_--Select--Adernaline 0.'

2018-06-09 19:26:16 - [TEST_STEP][PASSED] - setText: Text '100' is set on object 'Object Repository/Store Request Schedule 1/Page_Store/input_txttreat'

2018-06-09 19:26:17 - [MESSAGE][PASSED] - Text '100' is set on object 'Object Repository/Store Request Schedule 1/Page_Store/input_txttreat'

2018-06-09 19:26:17 - [TEST_STEP][PASSED] - click: Object: 'Object Repository/Store Request Schedule 1/Page_Store/button_Add' is clicked on

2018-06-09 19:26:17 - [MESSAGE][PASSED] - Object: 'Object Repository/Store Request Schedule 1/Page_Store/button_Add' is clicked on

2018-06-09 19:26:17 - [TEST_STEP][PASSED] - selectOptionByIndex: All options with index in [1] are selected on object 'Object Repository/Store Request Schedule 1/Page_Store/select_--Select--Schedule 1Inj'

2018-06-09 19:26:17 - [MESSAGE][PASSED] - All options with index in [1] are selected on object 'Object Repository/Store Request Schedule 1/Page_Store/select_--Select--Schedule 1Inj'

2018-06-09 19:26:17 - [TEST_STEP][PASSED] - delay: Delayed 1 second(s)

2018-06-09 19:26:18 - [MESSAGE][PASSED] - Delayed 1 second(s)

2018-06-09 19:26:18 - [TEST_STEP][PASSED] - selectOptionByIndex: All options with index in [2] are selected on object 'Object Repository/Store Request Schedule 1/Page_Store/select_--Select--Adernaline 0.'

2018-06-09 19:26:18 - [MESSAGE][PASSED] - All options with index in [2] are selected on object 'Object Repository/Store Request Schedule 1/Page_Store/select_--Select--Adernaline 0.'

2018-06-09 19:26:18 - [TEST_STEP][PASSED] - setText: Text '100' is set on object 'Object Repository/Store Request Schedule 1/Page_Store/input_txttreat'

2018-06-09 19:26:18 - [MESSAGE][PASSED] - Text '100' is set on object 'Object Repository/Store Request Schedule 1/Page_Store/input_txttreat'

2018-06-09 19:26:18 - [TEST_STEP][PASSED] - click: Object: 'Object Repository/Store Request Schedule 1/Page_Store/button_Add' is clicked on

2018-06-09 19:26:18 - [MESSAGE][PASSED] - Object: 'Object Repository/Store Request Schedule 1/Page_Store/button_Add' is clicked on

2018-06-09 19:26:18 - [TEST_STEP][PASSED] - selectOptionByIndex: All options with index in [1] are selected on object 'Object Repository/Store Request Schedule 1/Page_Store/select_--Select--Schedule 1Inj'

2018-06-09 19:26:18 - [MESSAGE][PASSED] - All options with index in [1] are selected on object 'Object Repository/Store Request Schedule 1/Page_Store/select_--Select--Schedule 1Inj'

2018-06-09 19:26:18 - [TEST_STEP][PASSED] - delay: Delayed 1 second(s)

2018-06-09 19:26:19 - [MESSAGE][PASSED] - Delayed 1 second(s)

2018-06-09 19:26:19 - [TEST_STEP][PASSED] - selectOptionByIndex: All options with index in [3] are selected on object 'Object Repository/Store Request Schedule 1/Page_Store/select_--Select--Adernaline 0.'

2018-06-09 19:26:19 - [MESSAGE][PASSED] - All options with index in [3] are selected on object 'Object Repository/Store Request Schedule 1/Page_Store/select_--Select--Adernaline 0.'

2018-06-09 19:26:19 - [TEST_STEP][PASSED] - setText: Text '100' is set on object 'Object Repository/Store Request Schedule 1/Page_Store/input_txttreat'

2018-06-09 19:26:20 - [MESSAGE][PASSED] - Text '100' is set on object 'Object Repository/Store Request Schedule 1/Page_Store/input_txttreat'

2018-06-09 19:26:20 - [TEST_STEP][PASSED] - click: Object: 'Object Repository/Store Request Schedule 1/Page_Store/button_Add' is clicked on

2018-06-09 19:26:20 - [MESSAGE][PASSED] - Object: 'Object Repository/Store Request Schedule 1/Page_Store/button_Add' is clicked on

2018-06-09 19:26:20 - [TEST_STEP][PASSED] - selectOptionByIndex: All options with index in [1] are selected on object 'Object Repository/Store Request Schedule 1/Page_Store/select_--Select--Schedule 1Inj'

2018-06-09 19:26:20 - [MESSAGE][PASSED] - All options with index in [1] are selected on object 'Object Repository/Store Request Schedule 1/Page_Store/select_--Select--Schedule 1Inj'

2018-06-09 19:26:20 - [TEST_STEP][PASSED] - delay: Delayed 1 second(s)

2018-06-09 19:26:21 - [MESSAGE][PASSED] - Delayed 1 second(s)

2018-06-09 19:26:21 - [TEST_STEP][PASSED] - selectOptionByIndex: All options with index in [4] are selected on object 'Object Repository/Store Request Schedule 1/Page_Store/select_--Select--Adernaline 0.'

2018-06-09 19:26:21 - [MESSAGE][PASSED] - All options with index in [4] are selected on object 'Object Repository/Store Request Schedule 1/Page_Store/select_--Select--Adernaline 0.'

2018-06-09 19:26:21 - [TEST_STEP][PASSED] - setText: Text '100' is set on object 'Object Repository/Store Request Schedule 1/Page_Store/input_txttreat'

2018-06-09 19:26:21 - [MESSAGE][PASSED] - Text '100' is set on object 'Object Repository/Store Request Schedule 1/Page_Store/input_txttreat'

2018-06-09 19:26:21 - [TEST_STEP][PASSED] - click: Object: 'Object Repository/Store Request Schedule 1/Page_Store/button_Add' is clicked on

2018-06-09 19:26:21 - [MESSAGE][PASSED] - Object: 'Object Repository/Store Request Schedule 1/Page_Store/button_Add' is clicked on

2018-06-09 19:26:21 - [TEST_STEP][PASSED] - selectOptionByIndex: All options with index in [1] are selected on object 'Object Repository/Store Request Schedule 1/Page_Store/select_--Select--Schedule 1Inj'

2018-06-09 19:26:21 - [MESSAGE][PASSED] - All options with index in [1] are selected on object 'Object Repository/Store Request Schedule 1/Page_Store/select_--Select--Schedule 1Inj'

2018-06-09 19:26:21 - [TEST_STEP][PASSED] - delay: Delayed 1 second(s)

2018-06-09 19:26:22 - [MESSAGE][PASSED] - Delayed 1 second(s)

2018-06-09 19:26:22 - [TEST_STEP][PASSED] - selectOptionByIndex: All options with index in [5] are selected on object 'Object Repository/Store Request Schedule 1/Page_Store/select_--Select--Adernaline 0.'

2018-06-09 19:26:22 - [MESSAGE][PASSED] - All options with index in [5] are selected on object 'Object Repository/Store Request Schedule 1/Page_Store/select_--Select--Adernaline 0.'

2018-06-09 19:26:22 - [TEST_STEP][PASSED] - setText: Text '100' is set on object 'Object Repository/Store Request Schedule 1/Page_Store/input_txttreat'

2018-06-09 19:26:23 - [MESSAGE][PASSED] - Text '100' is set on object 'Object Repository/Store Request Schedule 1/Page_Store/input_txttreat'

2018-06-09 19:26:23 - [TEST_STEP][PASSED] - click: Object: 'Object Repository/Store Request Schedule 1/Page_Store/button_Add' is clicked on

2018-06-09 19:26:23 - [MESSAGE][PASSED] - Object: 'Object Repository/Store Request Schedule 1/Page_Store/button_Add' is clicked on

2018-06-09 19:26:23 - [TEST_STEP][PASSED] - selectOptionByIndex: All options with index in [1] are selected on object 'Object Repository/Store Request Schedule 1/Page_Store/select_--Select--Schedule 1Inj'

2018-06-09 19:26:23 - [MESSAGE][PASSED] - All options with index in [1] are selected on object 'Object Repository/Store Request Schedule 1/Page_Store/select_--Select--Schedule 1Inj'

2018-06-09 19:26:23 - [TEST_STEP][PASSED] - delay: Delayed 1 second(s)

2018-06-09 19:26:24 - [MESSAGE][PASSED] - Delayed 1 second(s)

2018-06-09 19:26:24 - [TEST_STEP][PASSED] - selectOptionByIndex: All options with index in [6] are selected on object 'Object Repository/Store Request Schedule 1/Page_Store/select_--Select--Adernaline 0.'

2018-06-09 19:26:24 - [MESSAGE][PASSED] - All options with index in [6] are selected on object 'Object Repository/Store Request Schedule 1/Page_Store/select_--Select--Adernaline 0.'

2018-06-09 19:26:24 - [TEST_STEP][PASSED] - setText: Text '100' is set on object 'Object Repository/Store Request Schedule 1/Page_Store/input_txttreat'

2018-06-09 19:26:24 - [MESSAGE][PASSED] - Text '100' is set on object 'Object Repository/Store Request Schedule 1/Page_Store/input_txttreat'

2018-06-09 19:26:24 - [TEST_STEP][PASSED] - click: Object: 'Object Repository/Store Request Schedule 1/Page_Store/button_Add' is clicked on

2018-06-09 19:26:24 - [MESSAGE][PASSED] - Object: 'Object Repository/Store Request Schedule 1/Page_Store/button_Add' is clicked on

2018-06-09 19:26:24 - [TEST_STEP][PASSED] - selectOptionByIndex: All options with index in [1] are selected on object 'Object Repository/Store Request Schedule 1/Page_Store/select_--Select--Schedule 1Inj'

2018-06-09 19:26:24 - [MESSAGE][PASSED] - All options with index in [1] are selected on object 'Object Repository/Store Request Schedule 1/Page_Store/select_--Select--Schedule 1Inj'

2018-06-09 19:26:24 - [TEST_STEP][PASSED] - delay: Delayed 1 second(s)

2018-06-09 19:26:25 - [MESSAGE][PASSED] - Delayed 1 second(s)

2018-06-09 19:26:25 - [TEST_STEP][PASSED] - selectOptionByIndex: All options with index in [7] are selected on object 'Object Repository/Store Request Schedule 1/Page_Store/select_--Select--Adernaline 0.'

2018-06-09 19:26:25 - [MESSAGE][PASSED] - All options with index in [7] are selected on object 'Object Repository/Store Request Schedule 1/Page_Store/select_--Select--Adernaline 0.'

2018-06-09 19:26:25 - [TEST_STEP][PASSED] - setText: Text '100' is set on object 'Object Repository/Store Request Schedule 1/Page_Store/input_txttreat'

2018-06-09 19:26:26 - [MESSAGE][PASSED] - Text '100' is set on object 'Object Repository/Store Request Schedule 1/Page_Store/input_txttreat'

2018-06-09 19:26:26 - [TEST_STEP][PASSED] - click: Object: 'Object Repository/Store Request Schedule 1/Page_Store/button_Add' is clicked on

2018-06-09 19:26:26 - [MESSAGE][PASSED] - Object: 'Object Repository/Store Request Schedule 1/Page_Store/button_Add' is clicked on

2018-06-09 19:26:26 - [TEST_STEP][PASSED] - selectOptionByIndex: All options with index in [1] are selected on object 'Object Repository/Store Request Schedule 1/Page_Store/select_--Select--Schedule 1Inj'

2018-06-09 19:26:26 - [MESSAGE][PASSED] - All options with index in [1] are selected on object 'Object Repository/Store Request Schedule 1/Page_Store/select_--Select--Schedule 1Inj'

2018-06-09 19:26:26 - [TEST_STEP][PASSED] - delay: Delayed 1 second(s)

2018-06-09 19:26:27 - [MESSAGE][PASSED] - Delayed 1 second(s)

2018-06-09 19:26:27 - [TEST_STEP][PASSED] - selectOptionByIndex: All options with index in [8] are selected on object 'Object Repository/Store Request Schedule 1/Page_Store/select_--Select--Adernaline 0.'

2018-06-09 19:26:27 - [MESSAGE][PASSED] - All options with index in [8] are selected on object 'Object Repository/Store Request Schedule 1/Page_Store/select_--Select--Adernaline 0.'

2018-06-09 19:26:27 - [TEST_STEP][PASSED] - setText: Text '100' is set on object 'Object Repository/Store Request Schedule 1/Page_Store/input_txttreat'

2018-06-09 19:26:27 - [MESSAGE][PASSED] - Text '100' is set on object 'Object Repository/Store Request Schedule 1/Page_Store/input_txttreat'

2018-06-09 19:26:27 - [TEST_STEP][PASSED] - click: Object: 'Object Repository/Store Request Schedule 1/Page_Store/button_Add' is clicked on

2018-06-09 19:26:27 - [MESSAGE][PASSED] - Object: 'Object Repository/Store Request Schedule 1/Page_Store/button_Add' is clicked on

2018-06-09 19:26:27 - [TEST_STEP][PASSED] - selectOptionByIndex: All options with index in [1] are selected on object 'Object Repository/Store Request Schedule 1/Page_Store/select_--Select--Schedule 1Inj'

2018-06-09 19:26:27 - [MESSAGE][PASSED] - All options with index in [1] are selected on object 'Object Repository/Store Request Schedule 1/Page_Store/select_--Select--Schedule 1Inj'

2018-06-09 19:26:27 - [TEST_STEP][PASSED] - delay: Delayed 1 second(s)

2018-06-09 19:26:28 - [MESSAGE][PASSED] - Delayed 1 second(s)

2018-06-09 19:26:28 - [TEST_STEP][PASSED] - selectOptionByIndex: All options with index in [9] are selected on object 'Object Repository/Store Request Schedule 1/Page_Store/select_--Select--Adernaline 0.'

2018-06-09 19:26:28 - [MESSAGE][PASSED] - All options with index in [9] are selected on object 'Object Repository/Store Request Schedule 1/Page_Store/select_--Select--Adernaline 0.'

2018-06-09 19:26:28 - [TEST_STEP][PASSED] - setText: Text '100' is set on object 'Object Repository/Store Request Schedule 1/Page_Store/input_txttreat'

2018-06-09 19:26:29 - [MESSAGE][PASSED] - Text '100' is set on object 'Object Repository/Store Request Schedule 1/Page_Store/input_txttreat'

2018-06-09 19:26:29 - [TEST_STEP][PASSED] - click: Object: 'Object Repository/Store Request Schedule 1/Page_Store/button_Add' is clicked on

2018-06-09 19:26:29 - [MESSAGE][PASSED] - Object: 'Object Repository/Store Request Schedule 1/Page_Store/button_Add' is clicked on

2018-06-09 19:26:29 - [TEST_STEP][PASSED] - selectOptionByIndex: All options with index in [1] are selected on object 'Object Repository/Store Request Schedule 1/Page_Store/select_--Select--Schedule 1Inj'

2018-06-09 19:26:29 - [MESSAGE][PASSED] - All options with index in [1] are selected on object 'Object Repository/Store Request Schedule 1/Page_Store/select_--Select--Schedule 1Inj'

2018-06-09 19:26:29 - [TEST_STEP][PASSED] - delay: Delayed 1 second(s)

2018-06-09 19:26:30 - [MESSAGE][PASSED] - Delayed 1 second(s)

2018-06-09 19:26:30 - [TEST_STEP][PASSED] - selectOptionByIndex: All options with index in [10] are selected on object 'Object Repository/Store Request Schedule 1/Page_Store/select_--Select--Adernaline 0.'

2018-06-09 19:26:30 - [MESSAGE][PASSED] - All options with index in [10] are selected on object 'Object Repository/Store Request Schedule 1/Page_Store/select_--Select--Adernaline 0.'

2018-06-09 19:26:30 - [TEST_STEP][PASSED] - setText: Text '100' is set on object 'Object Repository/Store Request Schedule 1/Page_Store/input_txttreat'

2018-06-09 19:26:30 - [MESSAGE][PASSED] - Text '100' is set on object 'Object Repository/Store Request Schedule 1/Page_Store/input_txttreat'

2018-06-09 19:26:30 - [TEST_STEP][PASSED] - click: Object: 'Object Repository/Store Request Schedule 1/Page_Store/button_Add' is clicked on

2018-06-09 19:26:30 - [MESSAGE][PASSED] - Object: 'Object Repository/Store Request Schedule 1/Page_Store/button_Add' is clicked on

2018-06-09 19:26:30 - [TEST_STEP][PASSED] - selectOptionByIndex: All options with index in [1] are selected on object 'Object Repository/Store Request Schedule 1/Page_Store/select_--Select--Schedule 1Inj'

2018-06-09 19:26:30 - [MESSAGE][PASSED] - All options with index in [1] are selected on object 'Object Repository/Store Request Schedule 1/Page_Store/select_--Select--Schedule 1Inj'

2018-06-09 19:26:30 - [TEST_STEP][PASSED] - delay: Delayed 1 second(s)

2018-06-09 19:26:31 - [MESSAGE][PASSED] - Delayed 1 second(s)

2018-06-09 19:26:31 - [TEST_STEP][PASSED] - selectOptionByIndex: All options with index in [11] are selected on object 'Object Repository/Store Request Schedule 1/Page_Store/select_--Select--Adernaline 0.'

2018-06-09 19:26:32 - [MESSAGE][PASSED] - All options with index in [11] are selected on object 'Object Repository/Store Request Schedule 1/Page_Store/select_--Select--Adernaline 0.'

2018-06-09 19:26:32 - [TEST_STEP][PASSED] - setText: Text '100' is set on object 'Object Repository/Store Request Schedule 1/Page_Store/input_txttreat'

2018-06-09 19:26:32 - [MESSAGE][PASSED] - Text '100' is set on object 'Object Repository/Store Request Schedule 1/Page_Store/input_txttreat'

2018-06-09 19:26:32 - [TEST_STEP][PASSED] - click: Object: 'Object Repository/Store Request Schedule 1/Page_Store/button_Add' is clicked on

2018-06-09 19:26:32 - [MESSAGE][PASSED] - Object: 'Object Repository/Store Request Schedule 1/Page_Store/button_Add' is clicked on

2018-06-09 19:26:32 - [TEST_STEP][PASSED] - selectOptionByIndex: All options with index in [1] are selected on object 'Object Repository/Store Request Schedule 1/Page_Store/select_--Select--Schedule 1Inj'

2018-06-09 19:26:32 - [MESSAGE][PASSED] - All options with index in [1] are selected on object 'Object Repository/Store Request Schedule 1/Page_Store/select_--Select--Schedule 1Inj'

2018-06-09 19:26:32 - [TEST_STEP][PASSED] - delay: Delayed 1 second(s)

2018-06-09 19:26:33 - [MESSAGE][PASSED] - Delayed 1 second(s)

2018-06-09 19:26:33 - [TEST_STEP][PASSED] - selectOptionByIndex: All options with index in [12] are selected on object 'Object Repository/Store Request Schedule 1/Page_Store/select_--Select--Adernaline 0.'

2018-06-09 19:26:33 - [MESSAGE][PASSED] - All options with index in [12] are selected on object 'Object Repository/Store Request Schedule 1/Page_Store/select_--Select--Adernaline 0.'

2018-06-09 19:26:33 - [TEST_STEP][PASSED] - setText: Text '100' is set on object 'Object Repository/Store Request Schedule 1/Page_Store/input_txttreat'

2018-06-09 19:26:33 - [MESSAGE][PASSED] - Text '100' is set on object 'Object Repository/Store Request Schedule 1/Page_Store/input_txttreat'

2018-06-09 19:26:33 - [TEST_STEP][PASSED] - click: Object: 'Object Repository/Store Request Schedule 1/Page_Store/button_Add' is clicked on

2018-06-09 19:26:33 - [MESSAGE][PASSED] - Object: 'Object Repository/Store Request Schedule 1/Page_Store/button_Add' is clicked on

2018-06-09 19:26:33 - [TEST_STEP][PASSED] - selectOptionByIndex: All options with index in [1] are selected on object 'Object Repository/Store Request Schedule 1/Page_Store/select_--Select--Schedule 1Inj'

2018-06-09 19:26:33 - [MESSAGE][PASSED] - All options with index in [1] are selected on object 'Object Repository/Store Request Schedule 1/Page_Store/select_--Select--Schedule 1Inj'

2018-06-09 19:26:33 - [TEST_STEP][PASSED] - delay: Delayed 1 second(s)

2018-06-09 19:26:34 - [MESSAGE][PASSED] - Delayed 1 second(s)

2018-06-09 19:26:34 - [TEST_STEP][PASSED] - selectOptionByIndex: All options with index in [13] are selected on object 'Object Repository/Store Request Schedule 1/Page_Store/select_--Select--Adernaline 0.'

2018-06-09 19:26:35 - [MESSAGE][PASSED] - All options with index in [13] are selected on object 'Object Repository/Store Request Schedule 1/Page_Store/select_--Select--Adernaline 0.'

2018-06-09 19:26:35 - [TEST_STEP][PASSED] - setText: Text '100' is set on object 'Object Repository/Store Request Schedule 1/Page_Store/input_txttreat'

2018-06-09 19:26:35 - [MESSAGE][PASSED] - Text '100' is set on object 'Object Repository/Store Request Schedule 1/Page_Store/input_txttreat'

2018-06-09 19:26:35 - [TEST_STEP][PASSED] - click: Object: 'Object Repository/Store Request Schedule 1/Page_Store/button_Add' is clicked on

2018-06-09 19:26:35 - [MESSAGE][PASSED] - Object: 'Object Repository/Store Request Schedule 1/Page_Store/button_Add' is clicked on

2018-06-09 19:26:35 - [TEST_STEP][PASSED] - selectOptionByIndex: All options with index in [1] are selected on object 'Object Repository/Store Request Schedule 1/Page_Store/select_--Select--Schedule 1Inj'

2018-06-09 19:26:35 - [MESSAGE][PASSED] - All options with index in [1] are selected on object 'Object Repository/Store Request Schedule 1/Page_Store/select_--Select--Schedule 1Inj'

2018-06-09 19:26:35 - [TEST_STEP][PASSED] - delay: Delayed 1 second(s)

2018-06-09 19:26:36 - [MESSAGE][PASSED] - Delayed 1 second(s)

2018-06-09 19:26:36 - [TEST_STEP][PASSED] - selectOptionByIndex: All options with index in [14] are selected on object 'Object Repository/Store Request Schedule 1/Page_Store/select_--Select--Adernaline 0.'

2018-06-09 19:26:36 - [MESSAGE][PASSED] - All options with index in [14] are selected on object 'Object Repository/Store Request Schedule 1/Page_Store/select_--Select--Adernaline 0.'

2018-06-09 19:26:36 - [TEST_STEP][PASSED] - setText: Text '100' is set on object 'Object Repository/Store Request Schedule 1/Page_Store/input_txttreat'

2018-06-09 19:26:36 - [MESSAGE][PASSED] - Text '100' is set on object 'Object Repository/Store Request Schedule 1/Page_Store/input_txttreat'

2018-06-09 19:26:36 - [TEST_STEP][PASSED] - click: Object: 'Object Repository/Store Request Schedule 1/Page_Store/button_Add' is clicked on

2018-06-09 19:26:36 - [MESSAGE][PASSED] - Object: 'Object Repository/Store Request Schedule 1/Page_Store/button_Add' is clicked on

2018-06-09 19:26:36 - [TEST_STEP][PASSED] - selectOptionByIndex: All options with index in [1] are selected on object 'Object Repository/Store Request Schedule 1/Page_Store/select_--Select--Schedule 1Inj'

2018-06-09 19:26:37 - [MESSAGE][PASSED] - All options with index in [1] are selected on object 'Object Repository/Store Request Schedule 1/Page_Store/select_--Select--Schedule 1Inj'

2018-06-09 19:26:37 - [TEST_STEP][PASSED] - delay: Delayed 1 second(s)

2018-06-09 19:26:38 - [MESSAGE][PASSED] - Delayed 1 second(s)

2018-06-09 19:26:38 - [TEST_STEP][PASSED] - selectOptionByIndex: All options with index in [15] are selected on object 'Object Repository/Store Request Schedule 1/Page_Store/select_--Select--Adernaline 0.'

2018-06-09 19:26:38 - [MESSAGE][PASSED] - All options with index in [15] are selected on object 'Object Repository/Store Request Schedule 1/Page_Store/select_--Select--Adernaline 0.'

2018-06-09 19:26:38 - [TEST_STEP][PASSED] - setText: Text '100' is set on object 'Object Repository/Store Request Schedule 1/Page_Store/input_txttreat'

2018-06-09 19:26:38 - [MESSAGE][PASSED] - Text '100' is set on object 'Object Repository/Store Request Schedule 1/Page_Store/input_txttreat'

2018-06-09 19:26:38 - [TEST_STEP][PASSED] - click: Object: 'Object Repository/Store Request Schedule 1/Page_Store/button_Add' is clicked on

2018-06-09 19:26:38 - [MESSAGE][PASSED] - Object: 'Object Repository/Store Request Schedule 1/Page_Store/button_Add' is clicked on

2018-06-09 19:26:38 - [TEST_STEP][PASSED] - selectOptionByIndex: All options with index in [1] are selected on object 'Object Repository/Store Request Schedule 1/Page_Store/select_--Select--Schedule 1Inj'

2018-06-09 19:26:38 - [MESSAGE][PASSED] - All options with index in [1] are selected on object 'Object Repository/Store Request Schedule 1/Page_Store/select_--Select--Schedule 1Inj'

2018-06-09 19:26:38 - [TEST_STEP][PASSED] - delay: Delayed 1 second(s)

2018-06-09 19:26:39 - [MESSAGE][PASSED] - Delayed 1 second(s)

2018-06-09 19:26:39 - [TEST_STEP][PASSED] - selectOptionByIndex: All options with index in [16] are selected on object 'Object Repository/Store Request Schedule 1/Page_Store/select_--Select--Adernaline 0.'

2018-06-09 19:26:39 - [MESSAGE][PASSED] - All options with index in [16] are selected on object 'Object Repository/Store Request Schedule 1/Page_Store/select_--Select--Adernaline 0.'

2018-06-09 19:26:39 - [TEST_STEP][PASSED] - setText: Text '100' is set on object 'Object Repository/Store Request Schedule 1/Page_Store/input_txttreat'

2018-06-09 19:26:40 - [MESSAGE][PASSED] - Text '100' is set on object 'Object Repository/Store Request Schedule 1/Page_Store/input_txttreat'

2018-06-09 19:26:40 - [TEST_STEP][PASSED] - click: Object: 'Object Repository/Store Request Schedule 1/Page_Store/button_Add' is clicked on

2018-06-09 19:26:40 - [MESSAGE][PASSED] - Object: 'Object Repository/Store Request Schedule 1/Page_Store/button_Add' is clicked on

2018-06-09 19:26:40 - [TEST_STEP][PASSED] - selectOptionByIndex: All options with index in [1] are selected on object 'Object Repository/Store Request Schedule 1/Page_Store/select_--Select--Schedule 1Inj'

2018-06-09 19:26:40 - [MESSAGE][PASSED] - All options with index in [1] are selected on object 'Object Repository/Store Request Schedule 1/Page_Store/select_--Select--Schedule 1Inj'

2018-06-09 19:26:40 - [TEST_STEP][PASSED] - delay: Delayed 1 second(s)

2018-06-09 19:26:41 - [MESSAGE][PASSED] - Delayed 1 second(s)

2018-06-09 19:26:41 - [TEST_STEP][PASSED] - selectOptionByIndex: All options with index in [17] are selected on object 'Object Repository/Store Request Schedule 1/Page_Store/select_--Select--Adernaline 0.'

2018-06-09 19:26:41 - [MESSAGE][PASSED] - All options with index in [17] are selected on object 'Object Repository/Store Request Schedule 1/Page_Store/select_--Select--Adernaline 0.'

2018-06-09 19:26:41 - [TEST_STEP][PASSED] - setText: Text '100' is set on object 'Object Repository/Store Request Schedule 1/Page_Store/input_txttreat'

2018-06-09 19:26:41 - [MESSAGE][PASSED] - Text '100' is set on object 'Object Repository/Store Request Schedule 1/Page_Store/input_txttreat'

2018-06-09 19:26:41 - [TEST_STEP][PASSED] - click: Object: 'Object Repository/Store Request Schedule 1/Page_Store/button_Add' is clicked on

2018-06-09 19:26:41 - [MESSAGE][PASSED] - Object: 'Object Repository/Store Request Schedule 1/Page_Store/button_Add' is clicked on

2018-06-09 19:26:41 - [TEST_STEP][PASSED] - selectOptionByIndex: All options with index in [1] are selected on object 'Object Repository/Store Request Schedule 1/Page_Store/select_--Select--Schedule 1Inj'

2018-06-09 19:26:41 - [MESSAGE][PASSED] - All options with index in [1] are selected on object 'Object Repository/Store Request Schedule 1/Page_Store/select_--Select--Schedule 1Inj'

2018-06-09 19:26:41 - [TEST_STEP][PASSED] - delay: Delayed 1 second(s)

2018-06-09 19:26:42 - [MESSAGE][PASSED] - Delayed 1 second(s)

2018-06-09 19:26:42 - [TEST_STEP][PASSED] - selectOptionByIndex: All options with index in [18] are selected on object 'Object Repository/Store Request Schedule 1/Page_Store/select_--Select--Adernaline 0.'

2018-06-09 19:26:43 - [MESSAGE][PASSED] - All options with index in [18] are selected on object 'Object Repository/Store Request Schedule 1/Page_Store/select_--Select--Adernaline 0.'

2018-06-09 19:26:43 - [TEST_STEP][PASSED] - setText: Text '100' is set on object 'Object Repository/Store Request Schedule 1/Page_Store/input_txttreat'

2018-06-09 19:26:43 - [MESSAGE][PASSED] - Text '100' is set on object 'Object Repository/Store Request Schedule 1/Page_Store/input_txttreat'

2018-06-09 19:26:43 - [TEST_STEP][PASSED] - click: Object: 'Object Repository/Store Request Schedule 1/Page_Store/button_Add' is clicked on

2018-06-09 19:26:43 - [MESSAGE][PASSED] - Object: 'Object Repository/Store Request Schedule 1/Page_Store/button_Add' is clicked on

2018-06-09 19:26:43 - [TEST_STEP][PASSED] - selectOptionByIndex: All options with index in [1] are selected on object 'Object Repository/Store Request Schedule 1/Page_Store/select_--Select--Schedule 1Inj'

2018-06-09 19:26:43 - [MESSAGE][PASSED] - All options with index in [1] are selected on object 'Object Repository/Store Request Schedule 1/Page_Store/select_--Select--Schedule 1Inj'

2018-06-09 19:26:43 - [TEST_STEP][PASSED] - delay: Delayed 1 second(s)

2018-06-09 19:26:44 - [MESSAGE][PASSED] - Delayed 1 second(s)

2018-06-09 19:26:44 - [TEST_STEP][PASSED] - selectOptionByIndex: All options with index in [19] are selected on object 'Object Repository/Store Request Schedule 1/Page_Store/select_--Select--Adernaline 0.'

2018-06-09 19:26:44 - [MESSAGE][PASSED] - All options with index in [19] are selected on object 'Object Repository/Store Request Schedule 1/Page_Store/select_--Select--Adernaline 0.'

2018-06-09 19:26:44 - [TEST_STEP][PASSED] - setText: Text '100' is set on object 'Object Repository/Store Request Schedule 1/Page_Store/input_txttreat'

2018-06-09 19:26:44 - [MESSAGE][PASSED] - Text '100' is set on object 'Object Repository/Store Request Schedule 1/Page_Store/input_txttreat'

2018-06-09 19:26:44 - [TEST_STEP][PASSED] - click: Object: 'Object Repository/Store Request Schedule 1/Page_Store/button_Add' is clicked on

2018-06-09 19:26:44 - [MESSAGE][PASSED] - Object: 'Object Repository/Store Request Schedule 1/Page_Store/button_Add' is clicked on

2018-06-09 19:26:44 - [TEST_STEP][PASSED] - selectOptionByIndex: All options with index in [1] are selected on object 'Object Repository/Store Request Schedule 1/Page_Store/select_--Select--Schedule 1Inj'

2018-06-09 19:26:45 - [MESSAGE][PASSED] - All options with index in [1] are selected on object 'Object Repository/Store Request Schedule 1/Page_Store/select_--Select--Schedule 1Inj'

2018-06-09 19:26:45 - [TEST_STEP][PASSED] - delay: Delayed 1 second(s)

2018-06-09 19:26:46 - [MESSAGE][PASSED] - Delayed 1 second(s)

2018-06-09 19:26:46 - [TEST_STEP][PASSED] - selectOptionByIndex: All options with index in [20] are selected on object 'Object Repository/Store Request Schedule 1/Page_Store/select_--Select--Adernaline 0.'

2018-06-09 19:26:46 - [MESSAGE][PASSED] - All options with index in [20] are selected on object 'Object Repository/Store Request Schedule 1/Page_Store/select_--Select--Adernaline 0.'

2018-06-09 19:26:46 - [TEST_STEP][PASSED] - setText: Text '100' is set on object 'Object Repository/Store Request Schedule 1/Page_Store/input_txttreat'

2018-06-09 19:26:46 - [MESSAGE][PASSED] - Text '100' is set on object 'Object Repository/Store Request Schedule 1/Page_Store/input_txttreat'

2018-06-09 19:26:46 - [TEST_STEP][PASSED] - click: Object: 'Object Repository/Store Request Schedule 1/Page_Store/button_Add' is clicked on

2018-06-09 19:26:46 - [MESSAGE][PASSED] - Object: 'Object Repository/Store Request Schedule 1/Page_Store/button_Add' is clicked on

2018-06-09 19:26:46 - [TEST_STEP][PASSED] - selectOptionByIndex: All options with index in [1] are selected on object 'Object Repository/Store Request Schedule 1/Page_Store/select_--Select--Schedule 1Inj'

2018-06-09 19:26:46 - [MESSAGE][PASSED] - All options with index in [1] are selected on object 'Object Repository/Store Request Schedule 1/Page_Store/select_--Select--Schedule 1Inj'

2018-06-09 19:26:46 - [TEST_STEP][PASSED] - delay: Delayed 1 second(s)

2018-06-09 19:26:47 - [MESSAGE][PASSED] - Delayed 1 second(s)

2018-06-09 19:26:47 - [TEST_STEP][PASSED] - selectOptionByIndex: All options with index in [21] are selected on object 'Object Repository/Store Request Schedule 1/Page_Store/select_--Select--Adernaline 0.'

2018-06-09 19:26:48 - [MESSAGE][PASSED] - All options with index in [21] are selected on object 'Object Repository/Store Request Schedule 1/Page_Store/select_--Select--Adernaline 0.'

2018-06-09 19:26:48 - [TEST_STEP][PASSED] - setText: Text '100' is set on object 'Object Repository/Store Request Schedule 1/Page_Store/input_txttreat'

2018-06-09 19:26:48 - [MESSAGE][PASSED] - Text '100' is set on object 'Object Repository/Store Request Schedule 1/Page_Store/input_txttreat'

2018-06-09 19:26:48 - [TEST_STEP][PASSED] - click: Object: 'Object Repository/Store Request Schedule 1/Page_Store/button_Add' is clicked on

2018-06-09 19:26:48 - [MESSAGE][PASSED] - Object: 'Object Repository/Store Request Schedule 1/Page_Store/button_Add' is clicked on

2018-06-09 19:26:48 - [TEST_STEP][PASSED] - selectOptionByIndex: All options with index in [1] are selected on object 'Object Repository/Store Request Schedule 1/Page_Store/select_--Select--Schedule 1Inj'

2018-06-09 19:26:48 - [MESSAGE][PASSED] - All options with index in [1] are selected on object 'Object Repository/Store Request Schedule 1/Page_Store/select_--Select--Schedule 1Inj'

2018-06-09 19:26:48 - [TEST_STEP][PASSED] - delay: Delayed 1 second(s)

2018-06-09 19:26:49 - [MESSAGE][PASSED] - Delayed 1 second(s)

2018-06-09 19:26:49 - [TEST_STEP][PASSED] - selectOptionByIndex: All options with index in [22] are selected on object 'Object Repository/Store Request Schedule 1/Page_Store/select_--Select--Adernaline 0.'

2018-06-09 19:26:49 - [MESSAGE][PASSED] - All options with index in [22] are selected on object 'Object Repository/Store Request Schedule 1/Page_Store/select_--Select--Adernaline 0.'

2018-06-09 19:26:49 - [TEST_STEP][PASSED] - setText: Text '100' is set on object 'Object Repository/Store Request Schedule 1/Page_Store/input_txttreat'

2018-06-09 19:26:49 - [MESSAGE][PASSED] - Text '100' is set on object 'Object Repository/Store Request Schedule 1/Page_Store/input_txttreat'

2018-06-09 19:26:49 - [TEST_STEP][PASSED] - click: Object: 'Object Repository/Store Request Schedule 1/Page_Store/button_Add' is clicked on

2018-06-09 19:26:49 - [MESSAGE][PASSED] - Object: 'Object Repository/Store Request Schedule 1/Page_Store/button_Add' is clicked on

2018-06-09 19:26:49 - [TEST_STEP][PASSED] - selectOptionByIndex: All options with index in [1] are selected on object 'Object Repository/Store Request Schedule 1/Page_Store/select_--Select--Schedule 1Inj'

2018-06-09 19:26:49 - [MESSAGE][PASSED] - All options with index in [1] are selected on object 'Object Repository/Store Request Schedule 1/Page_Store/select_--Select--Schedule 1Inj'

2018-06-09 19:26:49 - [TEST_STEP][PASSED] - delay: Delayed 1 second(s)

2018-06-09 19:26:50 - [MESSAGE][PASSED] - Delayed 1 second(s)

2018-06-09 19:26:50 - [TEST_STEP][PASSED] - selectOptionByIndex: All options with index in [23] are selected on object 'Object Repository/Store Request Schedule 1/Page_Store/select_--Select--Adernaline 0.'

2018-06-09 19:26:51 - [MESSAGE][PASSED] - All options with index in [23] are selected on object 'Object Repository/Store Request Schedule 1/Page_Store/select_--Select--Adernaline 0.'

2018-06-09 19:26:51 - [TEST_STEP][PASSED] - setText: Text '100' is set on object 'Object Repository/Store Request Schedule 1/Page_Store/input_txttreat'

2018-06-09 19:26:51 - [MESSAGE][PASSED] - Text '100' is set on object 'Object Repository/Store Request Schedule 1/Page_Store/input_txttreat'

2018-06-09 19:26:51 - [TEST_STEP][PASSED] - click: Object: 'Object Repository/Store Request Schedule 1/Page_Store/button_Add' is clicked on

2018-06-09 19:26:51 - [MESSAGE][PASSED] - Object: 'Object Repository/Store Request Schedule 1/Page_Store/button_Add' is clicked on

2018-06-09 19:26:51 - [TEST_STEP][PASSED] - selectOptionByIndex: All options with index in [1] are selected on object 'Object Repository/Store Request Schedule 1/Page_Store/select_--Select--Schedule 1Inj'

2018-06-09 19:26:51 - [MESSAGE][PASSED] - All options with index in [1] are selected on object 'Object Repository/Store Request Schedule 1/Page_Store/select_--Select--Schedule 1Inj'

2018-06-09 19:26:51 - [TEST_STEP][PASSED] - delay: Delayed 1 second(s)

2018-06-09 19:26:52 - [MESSAGE][PASSED] - Delayed 1 second(s)

2018-06-09 19:26:52 - [TEST_STEP][PASSED] - selectOptionByIndex: All options with index in [24] are selected on object 'Object Repository/Store Request Schedule 1/Page_Store/select_--Select--Adernaline 0.'

2018-06-09 19:26:52 - [MESSAGE][PASSED] - All options with index in [24] are selected on object 'Object Repository/Store Request Schedule 1/Page_Store/select_--Select--Adernaline 0.'

2018-06-09 19:26:52 - [TEST_STEP][PASSED] - setText: Text '100' is set on object 'Object Repository/Store Request Schedule 1/Page_Store/input_txttreat'

2018-06-09 19:26:53 - [MESSAGE][PASSED] - Text '100' is set on object 'Object Repository/Store Request Schedule 1/Page_Store/input_txttreat'

2018-06-09 19:26:53 - [TEST_STEP][PASSED] - click: Object: 'Object Repository/Store Request Schedule 1/Page_Store/button_Add' is clicked on

2018-06-09 19:26:53 - [MESSAGE][PASSED] - Object: 'Object Repository/Store Request Schedule 1/Page_Store/button_Add' is clicked on

2018-06-09 19:26:53 - [TEST_STEP][PASSED] - selectOptionByIndex: All options with index in [1] are selected on object 'Object Repository/Store Request Schedule 1/Page_Store/select_--Select--Schedule 1Inj'

2018-06-09 19:26:53 - [MESSAGE][PASSED] - All options with index in [1] are selected on object 'Object Repository/Store Request Schedule 1/Page_Store/select_--Select--Schedule 1Inj'

2018-06-09 19:26:53 - [TEST_STEP][PASSED] - delay: Delayed 1 second(s)

2018-06-09 19:26:54 - [MESSAGE][PASSED] - Delayed 1 second(s)

2018-06-09 19:26:54 - [TEST_STEP][PASSED] - selectOptionByIndex: All options with index in [25] are selected on object 'Object Repository/Store Request Schedule 1/Page_Store/select_--Select--Adernaline 0.'

2018-06-09 19:26:54 - [MESSAGE][PASSED] - All options with index in [25] are selected on object 'Object Repository/Store Request Schedule 1/Page_Store/select_--Select--Adernaline 0.'

2018-06-09 19:26:54 - [TEST_STEP][PASSED] - setText: Text '100' is set on object 'Object Repository/Store Request Schedule 1/Page_Store/input_txttreat'

2018-06-09 19:26:54 - [MESSAGE][PASSED] - Text '100' is set on object 'Object Repository/Store Request Schedule 1/Page_Store/input_txttreat'

2018-06-09 19:26:54 - [TEST_STEP][PASSED] - click: Object: 'Object Repository/Store Request Schedule 1/Page_Store/button_Add' is clicked on

2018-06-09 19:26:54 - [MESSAGE][PASSED] - Object: 'Object Repository/Store Request Schedule 1/Page_Store/button_Add' is clicked on

2018-06-09 19:26:54 - [TEST_STEP][PASSED] - selectOptionByIndex: All options with index in [1] are selected on object 'Object Repository/Store Request Schedule 1/Page_Store/select_--Select--Schedule 1Inj'

2018-06-09 19:26:54 - [MESSAGE][PASSED] - All options with index in [1] are selected on object 'Object Repository/Store Request Schedule 1/Page_Store/select_--Select--Schedule 1Inj'

2018-06-09 19:26:54 - [TEST_STEP][PASSED] - delay: Delayed 1 second(s)

2018-06-09 19:26:55 - [MESSAGE][PASSED] - Delayed 1 second(s)

2018-06-09 19:26:55 - [TEST_STEP][PASSED] - selectOptionByIndex: All options with index in [26] are selected on object 'Object Repository/Store Request Schedule 1/Page_Store/select_--Select--Adernaline 0.'

2018-06-09 19:26:56 - [MESSAGE][PASSED] - All options with index in [26] are selected on object 'Object Repository/Store Request Schedule 1/Page_Store/select_--Select--Adernaline 0.'

2018-06-09 19:26:56 - [TEST_STEP][PASSED] - setText: Text '100' is set on object 'Object Repository/Store Request Schedule 1/Page_Store/input_txttreat'

2018-06-09 19:26:56 - [MESSAGE][PASSED] - Text '100' is set on object 'Object Repository/Store Request Schedule 1/Page_Store/input_txttreat'

2018-06-09 19:26:56 - [TEST_STEP][PASSED] - click: Object: 'Object Repository/Store Request Schedule 1/Page_Store/button_Add' is clicked on

2018-06-09 19:26:56 - [MESSAGE][PASSED] - Object: 'Object Repository/Store Request Schedule 1/Page_Store/button_Add' is clicked on

2018-06-09 19:26:56 - [TEST_STEP][PASSED] - selectOptionByIndex: All options with index in [1] are selected on object 'Object Repository/Store Request Schedule 1/Page_Store/select_--Select--Schedule 1Inj'

2018-06-09 19:26:56 - [MESSAGE][PASSED] - All options with index in [1] are selected on object 'Object Repository/Store Request Schedule 1/Page_Store/select_--Select--Schedule 1Inj'

2018-06-09 19:26:56 - [TEST_STEP][PASSED] - delay: Delayed 1 second(s)

2018-06-09 19:26:57 - [MESSAGE][PASSED] - Delayed 1 second(s)

2018-06-09 19:26:57 - [TEST_STEP][PASSED] - selectOptionByIndex: All options with index in [27] are selected on object 'Object Repository/Store Request Schedule 1/Page_Store/select_--Select--Adernaline 0.'

2018-06-09 19:26:58 - [MESSAGE][PASSED] - All options with index in [27] are selected on object 'Object Repository/Store Request Schedule 1/Page_Store/select_--Select--Adernaline 0.'

2018-06-09 19:26:58 - [TEST_STEP][PASSED] - setText: Text '100' is set on object 'Object Repository/Store Request Schedule 1/Page_Store/input_txttreat'

2018-06-09 19:26:58 - [MESSAGE][PASSED] - Text '100' is set on object 'Object Repository/Store Request Schedule 1/Page_Store/input_txttreat'

2018-06-09 19:26:58 - [TEST_STEP][PASSED] - click: Object: 'Object Repository/Store Request Schedule 1/Page_Store/button_Add' is clicked on

2018-06-09 19:26:58 - [MESSAGE][PASSED] - Object: 'Object Repository/Store Request Schedule 1/Page_Store/button_Add' is clicked on

2018-06-09 19:26:58 - [TEST_STEP][PASSED] - selectOptionByIndex: All options with index in [1] are selected on object 'Object Repository/Store Request Schedule 1/Page_Store/select_--Select--Schedule 1Inj'

2018-06-09 19:26:58 - [MESSAGE][PASSED] - All options with index in [1] are selected on object 'Object Repository/Store Request Schedule 1/Page_Store/select_--Select--Schedule 1Inj'

2018-06-09 19:26:58 - [TEST_STEP][PASSED] - delay: Delayed 1 second(s)

2018-06-09 19:26:59 - [MESSAGE][PASSED] - Delayed 1 second(s)

2018-06-09 19:26:59 - [TEST_STEP][PASSED] - selectOptionByIndex: All options with index in [28] are selected on object 'Object Repository/Store Request Schedule 1/Page_Store/select_--Select--Adernaline 0.'

2018-06-09 19:26:59 - [MESSAGE][PASSED] - All options with index in [28] are selected on object 'Object Repository/Store Request Schedule 1/Page_Store/select_--Select--Adernaline 0.'

2018-06-09 19:26:59 - [TEST_STEP][PASSED] - setText: Text '100' is set on object 'Object Repository/Store Request Schedule 1/Page_Store/input_txttreat'

2018-06-09 19:26:59 - [MESSAGE][PASSED] - Text '100' is set on object 'Object Repository/Store Request Schedule 1/Page_Store/input_txttreat'

2018-06-09 19:26:59 - [TEST_STEP][PASSED] - click: Object: 'Object Repository/Store Request Schedule 1/Page_Store/button_Add' is clicked on

2018-06-09 19:26:59 - [MESSAGE][PASSED] - Object: 'Object Repository/Store Request Schedule 1/Page_Store/button_Add' is clicked on

2018-06-09 19:26:59 - [TEST_STEP][PASSED] - selectOptionByIndex: All options with index in [1] are selected on object 'Object Repository/Store Request Schedule 1/Page_Store/select_--Select--Schedule 1Inj'

2018-06-09 19:27:00 - [MESSAGE][PASSED] - All options with index in [1] are selected on object 'Object Repository/Store Request Schedule 1/Page_Store/select_--Select--Schedule 1Inj'

2018-06-09 19:27:00 - [TEST_STEP][PASSED] - delay: Delayed 1 second(s)

2018-06-09 19:27:01 - [MESSAGE][PASSED] - Delayed 1 second(s)

2018-06-09 19:27:01 - [TEST_STEP][PASSED] - selectOptionByIndex: All options with index in [29] are selected on object 'Object Repository/Store Request Schedule 1/Page_Store/select_--Select--Adernaline 0.'

2018-06-09 19:27:01 - [MESSAGE][PASSED] - All options with index in [29] are selected on object 'Object Repository/Store Request Schedule 1/Page_Store/select_--Select--Adernaline 0.'

2018-06-09 19:27:01 - [TEST_STEP][PASSED] - setText: Text '100' is set on object 'Object Repository/Store Request Schedule 1/Page_Store/input_txttreat'

2018-06-09 19:27:01 - [MESSAGE][PASSED] - Text '100' is set on object 'Object Repository/Store Request Schedule 1/Page_Store/input_txttreat'

2018-06-09 19:27:01 - [TEST_STEP][PASSED] - click: Object: 'Object Repository/Store Request Schedule 1/Page_Store/button_Add' is clicked on

2018-06-09 19:27:01 - [MESSAGE][PASSED] - Object: 'Object Repository/Store Request Schedule 1/Page_Store/button_Add' is clicked on

2018-06-09 19:27:01 - [TEST_STEP][PASSED] - selectOptionByIndex: All options with index in [1] are selected on object 'Object Repository/Store Request Schedule 1/Page_Store/select_--Select--Schedule 1Inj'

2018-06-09 19:27:01 - [MESSAGE][PASSED] - All options with index in [1] are selected on object 'Object Repository/Store Request Schedule 1/Page_Store/select_--Select--Schedule 1Inj'

2018-06-09 19:27:01 - [TEST_STEP][PASSED] - delay: Delayed 1 second(s)

2018-06-09 19:27:02 - [MESSAGE][PASSED] - Delayed 1 second(s)

2018-06-09 19:27:02 - [TEST_STEP][PASSED] - selectOptionByIndex: All options with index in [30] are selected on object 'Object Repository/Store Request Schedule 1/Page_Store/select_--Select--Adernaline 0.'

2018-06-09 19:27:03 - [MESSAGE][PASSED] - All options with index in [30] are selected on object 'Object Repository/Store Request Schedule 1/Page_Store/select_--Select--Adernaline 0.'

2018-06-09 19:27:03 - [TEST_STEP][PASSED] - setText: Text '100' is set on object 'Object Repository/Store Request Schedule 1/Page_Store/input_txttreat'

2018-06-09 19:27:03 - [MESSAGE][PASSED] - Text '100' is set on object 'Object Repository/Store Request Schedule 1/Page_Store/input_txttreat'

2018-06-09 19:27:03 - [TEST_STEP][PASSED] - click: Object: 'Object Repository/Store Request Schedule 1/Page_Store/button_Add' is clicked on

2018-06-09 19:27:03 - [MESSAGE][PASSED] - Object: 'Object Repository/Store Request Schedule 1/Page_Store/button_Add' is clicked on

2018-06-09 19:27:03 - [TEST_STEP][PASSED] - selectOptionByIndex: All options with index in [1] are selected on object 'Object Repository/Store Request Schedule 1/Page_Store/select_--Select--Schedule 1Inj'

2018-06-09 19:27:03 - [MESSAGE][PASSED] - All options with index in [1] are selected on object 'Object Repository/Store Request Schedule 1/Page_Store/select_--Select--Schedule 1Inj'

2018-06-09 19:27:03 - [TEST_STEP][PASSED] - delay: Delayed 1 second(s)

2018-06-09 19:27:04 - [MESSAGE][PASSED] - Delayed 1 second(s)

2018-06-09 19:27:04 - [TEST_STEP][PASSED] - selectOptionByIndex: All options with index in [31] are selected on object 'Object Repository/Store Request Schedule 1/Page_Store/select_--Select--Adernaline 0.'

2018-06-09 19:27:04 - [MESSAGE][PASSED] - All options with index in [31] are selected on object 'Object Repository/Store Request Schedule 1/Page_Store/select_--Select--Adernaline 0.'

2018-06-09 19:27:04 - [TEST_STEP][PASSED] - setText: Text '100' is set on object 'Object Repository/Store Request Schedule 1/Page_Store/input_txttreat'

2018-06-09 19:27:04 - [MESSAGE][PASSED] - Text '100' is set on object 'Object Repository/Store Request Schedule 1/Page_Store/input_txttreat'

2018-06-09 19:27:04 - [TEST_STEP][PASSED] - click: Object: 'Object Repository/Store Request Schedule 1/Page_Store/button_Add' is clicked on

2018-06-09 19:27:05 - [MESSAGE][PASSED] - Object: 'Object Repository/Store Request Schedule 1/Page_Store/button_Add' is clicked on

2018-06-09 19:27:05 - [TEST_STEP][PASSED] - selectOptionByIndex: All options with index in [1] are selected on object 'Object Repository/Store Request Schedule 1/Page_Store/select_--Select--Schedule 1Inj'

2018-06-09 19:27:05 - [MESSAGE][PASSED] - All options with index in [1] are selected on object 'Object Repository/Store Request Schedule 1/Page_Store/select_--Select--Schedule 1Inj'

2018-06-09 19:27:05 - [TEST_STEP][PASSED] - delay: Delayed 1 second(s)

2018-06-09 19:27:06 - [MESSAGE][PASSED] - Delayed 1 second(s)

2018-06-09 19:27:06 - [TEST_STEP][PASSED] - selectOptionByIndex: All options with index in [32] are selected on object 'Object Repository/Store Request Schedule 1/Page_Store/select_--Select--Adernaline 0.'

2018-06-09 19:27:06 - [MESSAGE][PASSED] - All options with index in [32] are selected on object 'Object Repository/Store Request Schedule 1/Page_Store/select_--Select--Adernaline 0.'

2018-06-09 19:27:06 - [TEST_STEP][PASSED] - setText: Text '100' is set on object 'Object Repository/Store Request Schedule 1/Page_Store/input_txttreat'

2018-06-09 19:27:06 - [MESSAGE][PASSED] - Text '100' is set on object 'Object Repository/Store Request Schedule 1/Page_Store/input_txttreat'

2018-06-09 19:27:06 - [TEST_STEP][PASSED] - click: Object: 'Object Repository/Store Request Schedule 1/Page_Store/button_Add' is clicked on

2018-06-09 19:27:06 - [MESSAGE][PASSED] - Object: 'Object Repository/Store Request Schedule 1/Page_Store/button_Add' is clicked on

2018-06-09 19:27:06 - [TEST_STEP][PASSED] - selectOptionByIndex: All options with index in [1] are selected on object 'Object Repository/Store Request Schedule 1/Page_Store/select_--Select--Schedule 1Inj'

2018-06-09 19:27:06 - [MESSAGE][PASSED] - All options with index in [1] are selected on object 'Object Repository/Store Request Schedule 1/Page_Store/select_--Select--Schedule 1Inj'

2018-06-09 19:27:06 - [TEST_STEP][PASSED] - delay: Delayed 1 second(s)

2018-06-09 19:27:07 - [MESSAGE][PASSED] - Delayed 1 second(s)

2018-06-09 19:27:07 - [TEST_STEP][PASSED] - selectOptionByIndex: All options with index in [33] are selected on object 'Object Repository/Store Request Schedule 1/Page_Store/select_--Select--Adernaline 0.'

2018-06-09 19:27:08 - [MESSAGE][PASSED] - All options with index in [33] are selected on object 'Object Repository/Store Request Schedule 1/Page_Store/select_--Select--Adernaline 0.'

2018-06-09 19:27:08 - [TEST_STEP][PASSED] - setText: Text '100' is set on object 'Object Repository/Store Request Schedule 1/Page_Store/input_txttreat'

2018-06-09 19:27:08 - [MESSAGE][PASSED] - Text '100' is set on object 'Object Repository/Store Request Schedule 1/Page_Store/input_txttreat'

2018-06-09 19:27:08 - [TEST_STEP][PASSED] - click: Object: 'Object Repository/Store Request Schedule 1/Page_Store/button_Add' is clicked on

2018-06-09 19:27:08 - [MESSAGE][PASSED] - Object: 'Object Repository/Store Request Schedule 1/Page_Store/button_Add' is clicked on

2018-06-09 19:27:08 - [TEST_STEP][PASSED] - selectOptionByIndex: All options with index in [1] are selected on object 'Object Repository/Store Request Schedule 1/Page_Store/select_--Select--Schedule 1Inj'

2018-06-09 19:27:08 - [MESSAGE][PASSED] - All options with index in [1] are selected on object 'Object Repository/Store Request Schedule 1/Page_Store/select_--Select--Schedule 1Inj'

2018-06-09 19:27:08 - [TEST_STEP][PASSED] - delay: Delayed 1 second(s)

2018-06-09 19:27:09 - [MESSAGE][PASSED] - Delayed 1 second(s)

2018-06-09 19:27:09 - [TEST_STEP][PASSED] - selectOptionByIndex: All options with index in [34] are selected on object 'Object Repository/Store Request Schedule 1/Page_Store/select_--Select--Adernaline 0.'

2018-06-09 19:27:10 - [MESSAGE][PASSED] - All options with index in [34] are selected on object 'Object Repository/Store Request Schedule 1/Page_Store/select_--Select--Adernaline 0.'

2018-06-09 19:27:10 - [TEST_STEP][PASSED] - setText: Text '100' is set on object 'Object Repository/Store Request Schedule 1/Page_Store/input_txttreat'

2018-06-09 19:27:10 - [MESSAGE][PASSED] - Text '100' is set on object 'Object Repository/Store Request Schedule 1/Page_Store/input_txttreat'

2018-06-09 19:27:10 - [TEST_STEP][PASSED] - click: Object: 'Object Repository/Store Request Schedule 1/Page_Store/button_Add' is clicked on

2018-06-09 19:27:10 - [MESSAGE][PASSED] - Object: 'Object Repository/Store Request Schedule 1/Page_Store/button_Add' is clicked on

2018-06-09 19:27:10 - [TEST_STEP][PASSED] - selectOptionByIndex: All options with index in [1] are selected on object 'Object Repository/Store Request Schedule 1/Page_Store/select_--Select--Schedule 1Inj'

2018-06-09 19:27:10 - [MESSAGE][PASSED] - All options with index in [1] are selected on object 'Object Repository/Store Request Schedule 1/Page_Store/select_--Select--Schedule 1Inj'

2018-06-09 19:27:10 - [TEST_STEP][PASSED] - delay: Delayed 1 second(s)

2018-06-09 19:27:11 - [MESSAGE][PASSED] - Delayed 1 second(s)

2018-06-09 19:27:11 - [TEST_STEP][PASSED] - selectOptionByIndex: All options with index in [35] are selected on object 'Object Repository/Store Request Schedule 1/Page_Store/select_--Select--Adernaline 0.'

2018-06-09 19:27:11 - [MESSAGE][PASSED] - All options with index in [35] are selected on object 'Object Repository/Store Request Schedule 1/Page_Store/select_--Select--Adernaline 0.'

2018-06-09 19:27:11 - [TEST_STEP][PASSED] - setText: Text '100' is set on object 'Object Repository/Store Request Schedule 1/Page_Store/input_txttreat'

2018-06-09 19:27:12 - [MESSAGE][PASSED] - Text '100' is set on object 'Object Repository/Store Request Schedule 1/Page_Store/input_txttreat'

2018-06-09 19:27:12 - [TEST_STEP][PASSED] - click: Object: 'Object Repository/Store Request Schedule 1/Page_Store/button_Add' is clicked on

2018-06-09 19:27:12 - [MESSAGE][PASSED] - Object: 'Object Repository/Store Request Schedule 1/Page_Store/button_Add' is clicked on

2018-06-09 19:27:12 - [TEST_STEP][PASSED] - selectOptionByIndex: All options with index in [1] are selected on object 'Object Repository/Store Request Schedule 1/Page_Store/select_--Select--Schedule 1Inj'

2018-06-09 19:27:12 - [MESSAGE][PASSED] - All options with index in [1] are selected on object 'Object Repository/Store Request Schedule 1/Page_Store/select_--Select--Schedule 1Inj'

2018-06-09 19:27:12 - [TEST_STEP][PASSED] - delay: Delayed 1 second(s)

2018-06-09 19:27:13 - [MESSAGE][PASSED] - Delayed 1 second(s)

2018-06-09 19:27:13 - [TEST_STEP][PASSED] - selectOptionByIndex: All options with index in [36] are selected on object 'Object Repository/Store Request Schedule 1/Page_Store/select_--Select--Adernaline 0.'

2018-06-09 19:27:13 - [MESSAGE][PASSED] - All options with index in [36] are selected on object 'Object Repository/Store Request Schedule 1/Page_Store/select_--Select--Adernaline 0.'

2018-06-09 19:27:13 - [TEST_STEP][PASSED] - setText: Text '100' is set on object 'Object Repository/Store Request Schedule 1/Page_Store/input_txttreat'

2018-06-09 19:27:13 - [MESSAGE][PASSED] - Text '100' is set on object 'Object Repository/Store Request Schedule 1/Page_Store/input_txttreat'

2018-06-09 19:27:13 - [TEST_STEP][PASSED] - click: Object: 'Object Repository/Store Request Schedule 1/Page_Store/button_Add' is clicked on

2018-06-09 19:27:13 - [MESSAGE][PASSED] - Object: 'Object Repository/Store Request Schedule 1/Page_Store/button_Add' is clicked on

2018-06-09 19:27:13 - [TEST_STEP][PASSED] - selectOptionByIndex: All options with index in [1] are selected on object 'Object Repository/Store Request Schedule 1/Page_Store/select_--Select--Schedule 1Inj'

2018-06-09 19:27:13 - [MESSAGE][PASSED] - All options with index in [1] are selected on object 'Object Repository/Store Request Schedule 1/Page_Store/select_--Select--Schedule 1Inj'

2018-06-09 19:27:13 - [TEST_STEP][PASSED] - delay: Delayed 1 second(s)

2018-06-09 19:27:14 - [MESSAGE][PASSED] - Delayed 1 second(s)

2018-06-09 19:27:14 - [TEST_STEP][PASSED] - selectOptionByIndex: All options with index in [37] are selected on object 'Object Repository/Store Request Schedule 1/Page_Store/select_--Select--Adernaline 0.'

2018-06-09 19:27:15 - [MESSAGE][PASSED] - All options with index in [37] are selected on object 'Object Repository/Store Request Schedule 1/Page_Store/select_--Select--Adernaline 0.'

2018-06-09 19:27:15 - [TEST_STEP][PASSED] - setText: Text '100' is set on object 'Object Repository/Store Request Schedule 1/Page_Store/input_txttreat'

2018-06-09 19:27:15 - [MESSAGE][PASSED] - Text '100' is set on object 'Object Repository/Store Request Schedule 1/Page_Store/input_txttreat'

2018-06-09 19:27:15 - [TEST_STEP][PASSED] - click: Object: 'Object Repository/Store Request Schedule 1/Page_Store/button_Add' is clicked on

2018-06-09 19:27:15 - [MESSAGE][PASSED] - Object: 'Object Repository/Store Request Schedule 1/Page_Store/button_Add' is clicked on

2018-06-09 19:27:15 - [TEST_STEP][PASSED] - selectOptionByIndex: All options with index in [1] are selected on object 'Object Repository/Store Request Schedule 1/Page_Store/select_--Select--Schedule 1Inj'

2018-06-09 19:27:15 - [MESSAGE][PASSED] - All options with index in [1] are selected on object 'Object Repository/Store Request Schedule 1/Page_Store/select_--Select--Schedule 1Inj'

2018-06-09 19:27:15 - [TEST_STEP][PASSED] - delay: Delayed 1 second(s)

2018-06-09 19:27:16 - [MESSAGE][PASSED] - Delayed 1 second(s)

2018-06-09 19:27:16 - [TEST_STEP][PASSED] - selectOptionByIndex: All options with index in [38] are selected on object 'Object Repository/Store Request Schedule 1/Page_Store/select_--Select--Adernaline 0.'

2018-06-09 19:27:17 - [MESSAGE][PASSED] - All options with index in [38] are selected on object 'Object Repository/Store Request Schedule 1/Page_Store/select_--Select--Adernaline 0.'

2018-06-09 19:27:17 - [TEST_STEP][PASSED] - setText: Text '100' is set on object 'Object Repository/Store Request Schedule 1/Page_Store/input_txttreat'

2018-06-09 19:27:17 - [MESSAGE][PASSED] - Text '100' is set on object 'Object Repository/Store Request Schedule 1/Page_Store/input_txttreat'

2018-06-09 19:27:17 - [TEST_STEP][PASSED] - click: Object: 'Object Repository/Store Request Schedule 1/Page_Store/button_Add' is clicked on

2018-06-09 19:27:17 - [MESSAGE][PASSED] - Object: 'Object Repository/Store Request Schedule 1/Page_Store/button_Add' is clicked on

2018-06-09 19:27:17 - [TEST_STEP][PASSED] - selectOptionByIndex: All options with index in [1] are selected on object 'Object Repository/Store Request Schedule 1/Page_Store/select_--Select--Schedule 1Inj'

2018-06-09 19:27:17 - [MESSAGE][PASSED] - All options with index in [1] are selected on object 'Object Repository/Store Request Schedule 1/Page_Store/select_--Select--Schedule 1Inj'

2018-06-09 19:27:17 - [TEST_STEP][PASSED] - delay: Delayed 1 second(s)

2018-06-09 19:27:18 - [MESSAGE][PASSED] - Delayed 1 second(s)

2018-06-09 19:27:18 - [TEST_STEP][PASSED] - selectOptionByIndex: All options with index in [39] are selected on object 'Object Repository/Store Request Schedule 1/Page_Store/select_--Select--Adernaline 0.'

2018-06-09 19:27:19 - [MESSAGE][PASSED] - All options with index in [39] are selected on object 'Object Repository/Store Request Schedule 1/Page_Store/select_--Select--Adernaline 0.'

2018-06-09 19:27:19 - [TEST_STEP][PASSED] - setText: Text '100' is set on object 'Object Repository/Store Request Schedule 1/Page_Store/input_txttreat'

2018-06-09 19:27:19 - [MESSAGE][PASSED] - Text '100' is set on object 'Object Repository/Store Request Schedule 1/Page_Store/input_txttreat'

2018-06-09 19:27:19 - [TEST_STEP][PASSED] - click: Object: 'Object Repository/Store Request Schedule 1/Page_Store/button_Add' is clicked on

2018-06-09 19:27:19 - [MESSAGE][PASSED] - Object: 'Object Repository/Store Request Schedule 1/Page_Store/button_Add' is clicked on

2018-06-09 19:27:19 - [TEST_STEP][PASSED] - selectOptionByIndex: All options with index in [1] are selected on object 'Object Repository/Store Request Schedule 1/Page_Store/select_--Select--Schedule 1Inj'

2018-06-09 19:27:19 - [MESSAGE][PASSED] - All options with index in [1] are selected on object 'Object Repository/Store Request Schedule 1/Page_Store/select_--Select--Schedule 1Inj'

2018-06-09 19:27:19 - [TEST_STEP][PASSED] - delay: Delayed 1 second(s)

2018-06-09 19:27:20 - [MESSAGE][PASSED] - Delayed 1 second(s)

2018-06-09 19:27:20 - [TEST_STEP][PASSED] - selectOptionByIndex: All options with index in [40] are selected on object 'Object Repository/Store Request Schedule 1/Page_Store/select_--Select--Adernaline 0.'

2018-06-09 19:27:20 - [MESSAGE][PASSED] - All options with index in [40] are selected on object 'Object Repository/Store Request Schedule 1/Page_Store/select_--Select--Adernaline 0.'

2018-06-09 19:27:20 - [TEST_STEP][PASSED] - setText: Text '100' is set on object 'Object Repository/Store Request Schedule 1/Page_Store/input_txttreat'

2018-06-09 19:27:21 - [MESSAGE][PASSED] - Text '100' is set on object 'Object Repository/Store Request Schedule 1/Page_Store/input_txttreat'

2018-06-09 19:27:21 - [TEST_STEP][PASSED] - click: Object: 'Object Repository/Store Request Schedule 1/Page_Store/button_Add' is clicked on

2018-06-09 19:27:21 - [MESSAGE][PASSED] - Object: 'Object Repository/Store Request Schedule 1/Page_Store/button_Add' is clicked on

2018-06-09 19:27:21 - [TEST_STEP][PASSED] - selectOptionByIndex: All options with index in [1] are selected on object 'Object Repository/Store Request Schedule 1/Page_Store/select_--Select--Schedule 1Inj'

2018-06-09 19:27:21 - [MESSAGE][PASSED] - All options with index in [1] are selected on object 'Object Repository/Store Request Schedule 1/Page_Store/select_--Select--Schedule 1Inj'

2018-06-09 19:27:21 - [TEST_STEP][PASSED] - delay: Delayed 1 second(s)

2018-06-09 19:27:22 - [MESSAGE][PASSED] - Delayed 1 second(s)

2018-06-09 19:27:22 - [TEST_STEP][PASSED] - selectOptionByIndex: All options with index in [41] are selected on object 'Object Repository/Store Request Schedule 1/Page_Store/select_--Select--Adernaline 0.'

2018-06-09 19:27:22 - [MESSAGE][PASSED] - All options with index in [41] are selected on object 'Object Repository/Store Request Schedule 1/Page_Store/select_--Select--Adernaline 0.'

2018-06-09 19:27:22 - [TEST_STEP][PASSED] - setText: Text '100' is set on object 'Object Repository/Store Request Schedule 1/Page_Store/input_txttreat'

2018-06-09 19:27:22 - [MESSAGE][PASSED] - Text '100' is set on object 'Object Repository/Store Request Schedule 1/Page_Store/input_txttreat'

2018-06-09 19:27:22 - [TEST_STEP][PASSED] - click: Object: 'Object Repository/Store Request Schedule 1/Page_Store/button_Add' is clicked on

2018-06-09 19:27:22 - [MESSAGE][PASSED] - Object: 'Object Repository/Store Request Schedule 1/Page_Store/button_Add' is clicked on

2018-06-09 19:27:22 - [TEST_STEP][PASSED] - selectOptionByIndex: All options with index in [1] are selected on object 'Object Repository/Store Request Schedule 1/Page_Store/select_--Select--Schedule 1Inj'

2018-06-09 19:27:23 - [MESSAGE][PASSED] - All options with index in [1] are selected on object 'Object Repository/Store Request Schedule 1/Page_Store/select_--Select--Schedule 1Inj'

2018-06-09 19:27:23 - [TEST_STEP][PASSED] - delay: Delayed 1 second(s)

2018-06-09 19:27:24 - [MESSAGE][PASSED] - Delayed 1 second(s)

2018-06-09 19:27:24 - [TEST_STEP][PASSED] - selectOptionByIndex: All options with index in [42] are selected on object 'Object Repository/Store Request Schedule 1/Page_Store/select_--Select--Adernaline 0.'

2018-06-09 19:27:24 - [MESSAGE][PASSED] - All options with index in [42] are selected on object 'Object Repository/Store Request Schedule 1/Page_Store/select_--Select--Adernaline 0.'

2018-06-09 19:27:24 - [TEST_STEP][PASSED] - setText: Text '100' is set on object 'Object Repository/Store Request Schedule 1/Page_Store/input_txttreat'

2018-06-09 19:27:24 - [MESSAGE][PASSED] - Text '100' is set on object 'Object Repository/Store Request Schedule 1/Page_Store/input_txttreat'

2018-06-09 19:27:24 - [TEST_STEP][PASSED] - click: Object: 'Object Repository/Store Request Schedule 1/Page_Store/button_Add' is clicked on

2018-06-09 19:27:24 - [MESSAGE][PASSED] - Object: 'Object Repository/Store Request Schedule 1/Page_Store/button_Add' is clicked on

2018-06-09 19:27:24 - [TEST_STEP][PASSED] - selectOptionByIndex: All options with index in [1] are selected on object 'Object Repository/Store Request Schedule 1/Page_Store/select_--Select--Schedule 1Inj'

2018-06-09 19:27:24 - [MESSAGE][PASSED] - All options with index in [1] are selected on object 'Object Repository/Store Request Schedule 1/Page_Store/select_--Select--Schedule 1Inj'

2018-06-09 19:27:24 - [TEST_STEP][PASSED] - delay: Delayed 1 second(s)

2018-06-09 19:27:25 - [MESSAGE][PASSED] - Delayed 1 second(s)

2018-06-09 19:27:25 - [TEST_STEP][PASSED] - selectOptionByIndex: All options with index in [43] are selected on object 'Object Repository/Store Request Schedule 1/Page_Store/select_--Select--Adernaline 0.'

2018-06-09 19:27:26 - [MESSAGE][PASSED] - All options with index in [43] are selected on object 'Object Repository/Store Request Schedule 1/Page_Store/select_--Select--Adernaline 0.'

2018-06-09 19:27:26 - [TEST_STEP][PASSED] - setText: Text '100' is set on object 'Object Repository/Store Request Schedule 1/Page_Store/input_txttreat'

2018-06-09 19:27:26 - [MESSAGE][PASSED] - Text '100' is set on object 'Object Repository/Store Request Schedule 1/Page_Store/input_txttreat'

2018-06-09 19:27:26 - [TEST_STEP][PASSED] - click: Object: 'Object Repository/Store Request Schedule 1/Page_Store/button_Add' is clicked on

2018-06-09 19:27:26 - [MESSAGE][PASSED] - Object: 'Object Repository/Store Request Schedule 1/Page_Store/button_Add' is clicked on

2018-06-09 19:27:26 - [TEST_STEP][PASSED] - selectOptionByIndex: All options with index in [1] are selected on object 'Object Repository/Store Request Schedule 1/Page_Store/select_--Select--Schedule 1Inj'

2018-06-09 19:27:26 - [MESSAGE][PASSED] - All options with index in [1] are selected on object 'Object Repository/Store Request Schedule 1/Page_Store/select_--Select--Schedule 1Inj'

2018-06-09 19:27:26 - [TEST_STEP][PASSED] - delay: Delayed 1 second(s)

2018-06-09 19:27:27 - [MESSAGE][PASSED] - Delayed 1 second(s)

2018-06-09 19:27:27 - [TEST_STEP][PASSED] - selectOptionByIndex: All options with index in [44] are selected on object 'Object Repository/Store Request Schedule 1/Page_Store/select_--Select--Adernaline 0.'

2018-06-09 19:27:28 - [MESSAGE][PASSED] - All options with index in [44] are selected on object 'Object Repository/Store Request Schedule 1/Page_Store/select_--Select--Adernaline 0.'

2018-06-09 19:27:28 - [TEST_STEP][PASSED] - setText: Text '100' is set on object 'Object Repository/Store Request Schedule 1/Page_Store/input_txttreat'

2018-06-09 19:27:28 - [MESSAGE][PASSED] - Text '100' is set on object 'Object Repository/Store Request Schedule 1/Page_Store/input_txttreat'

2018-06-09 19:27:28 - [TEST_STEP][PASSED] - click: Object: 'Object Repository/Store Request Schedule 1/Page_Store/button_Add' is clicked on

2018-06-09 19:27:28 - [MESSAGE][PASSED] - Object: 'Object Repository/Store Request Schedule 1/Page_Store/button_Add' is clicked on

2018-06-09 19:27:28 - [TEST_STEP][PASSED] - selectOptionByIndex: All options with index in [1] are selected on object 'Object Repository/Store Request Schedule 1/Page_Store/select_--Select--Schedule 1Inj'

2018-06-09 19:27:28 - [MESSAGE][PASSED] - All options with index in [1] are selected on object 'Object Repository/Store Request Schedule 1/Page_Store/select_--Select--Schedule 1Inj'

2018-06-09 19:27:28 - [TEST_STEP][PASSED] - delay: Delayed 1 second(s)

2018-06-09 19:27:29 - [MESSAGE][PASSED] - Delayed 1 second(s)

2018-06-09 19:27:29 - [TEST_STEP][PASSED] - selectOptionByIndex: All options with index in [45] are selected on object 'Object Repository/Store Request Schedule 1/Page_Store/select_--Select--Adernaline 0.'

2018-06-09 19:27:30 - [MESSAGE][PASSED] - All options with index in [45] are selected on object 'Object Repository/Store Request Schedule 1/Page_Store/select_--Select--Adernaline 0.'

2018-06-09 19:27:30 - [TEST_STEP][PASSED] - setText: Text '100' is set on object 'Object Repository/Store Request Schedule 1/Page_Store/input_txttreat'

2018-06-09 19:27:30 - [MESSAGE][PASSED] - Text '100' is set on object 'Object Repository/Store Request Schedule 1/Page_Store/input_txttreat'

2018-06-09 19:27:30 - [TEST_STEP][PASSED] - click: Object: 'Object Repository/Store Request Schedule 1/Page_Store/button_Add' is clicked on

2018-06-09 19:27:30 - [MESSAGE][PASSED] - Object: 'Object Repository/Store Request Schedule 1/Page_Store/button_Add' is clicked on

2018-06-09 19:27:30 - [TEST_STEP][PASSED] - selectOptionByIndex: All options with index in [1] are selected on object 'Object Repository/Store Request Schedule 1/Page_Store/select_--Select--Schedule 1Inj'

2018-06-09 19:27:30 - [MESSAGE][PASSED] - All options with index in [1] are selected on object 'Object Repository/Store Request Schedule 1/Page_Store/select_--Select--Schedule 1Inj'

2018-06-09 19:27:30 - [TEST_STEP][PASSED] - delay: Delayed 1 second(s)

2018-06-09 19:27:31 - [MESSAGE][PASSED] - Delayed 1 second(s)

2018-06-09 19:27:31 - [TEST_STEP][PASSED] - selectOptionByIndex: All options with index in [46] are selected on object 'Object Repository/Store Request Schedule 1/Page_Store/select_--Select--Adernaline 0.'

2018-06-09 19:27:32 - [MESSAGE][PASSED] - All options with index in [46] are selected on object 'Object Repository/Store Request Schedule 1/Page_Store/select_--Select--Adernaline 0.'

2018-06-09 19:27:32 - [TEST_STEP][PASSED] - setText: Text '100' is set on object 'Object Repository/Store Request Schedule 1/Page_Store/input_txttreat'

2018-06-09 19:27:32 - [MESSAGE][PASSED] - Text '100' is set on object 'Object Repository/Store Request Schedule 1/Page_Store/input_txttreat'

2018-06-09 19:27:32 - [TEST_STEP][PASSED] - click: Object: 'Object Repository/Store Request Schedule 1/Page_Store/button_Add' is clicked on

2018-06-09 19:27:32 - [MESSAGE][PASSED] - Object: 'Object Repository/Store Request Schedule 1/Page_Store/button_Add' is clicked on

2018-06-09 19:27:32 - [TEST_STEP][PASSED] - selectOptionByIndex: All options with index in [1] are selected on object 'Object Repository/Store Request Schedule 1/Page_Store/select_--Select--Schedule 1Inj'

2018-06-09 19:27:32 - [MESSAGE][PASSED] - All options with index in [1] are selected on object 'Object Repository/Store Request Schedule 1/Page_Store/select_--Select--Schedule 1Inj'

2018-06-09 19:27:32 - [TEST_STEP][PASSED] - delay: Delayed 1 second(s)

2018-06-09 19:27:33 - [MESSAGE][PASSED] - Delayed 1 second(s)

2018-06-09 19:27:33 - [TEST_STEP][PASSED] - selectOptionByIndex: All options with index in [47] are selected on object 'Object Repository/Store Request Schedule 1/Page_Store/select_--Select--Adernaline 0.'

2018-06-09 19:27:34 - [MESSAGE][PASSED] - All options with index in [47] are selected on object 'Object Repository/Store Request Schedule 1/Page_Store/select_--Select--Adernaline 0.'

2018-06-09 19:27:34 - [TEST_STEP][PASSED] - setText: Text '100' is set on object 'Object Repository/Store Request Schedule 1/Page_Store/input_txttreat'

2018-06-09 19:27:34 - [MESSAGE][PASSED] - Text '100' is set on object 'Object Repository/Store Request Schedule 1/Page_Store/input_txttreat'

2018-06-09 19:27:34 - [TEST_STEP][PASSED] - click: Object: 'Object Repository/Store Request Schedule 1/Page_Store/button_Add' is clicked on

2018-06-09 19:27:34 - [MESSAGE][PASSED] - Object: 'Object Repository/Store Request Schedule 1/Page_Store/button_Add' is clicked on

2018-06-09 19:27:34 - [TEST_STEP][PASSED] - selectOptionByIndex: All options with index in [1] are selected on object 'Object Repository/Store Request Schedule 1/Page_Store/select_--Select--Schedule 1Inj'

2018-06-09 19:27:34 - [MESSAGE][PASSED] - All options with index in [1] are selected on object 'Object Repository/Store Request Schedule 1/Page_Store/select_--Select--Schedule 1Inj'

2018-06-09 19:27:34 - [TEST_STEP][PASSED] - delay: Delayed 1 second(s)

2018-06-09 19:27:35 - [MESSAGE][PASSED] - Delayed 1 second(s)

2018-06-09 19:27:35 - [TEST_STEP][PASSED] - selectOptionByIndex: All options with index in [48] are selected on object 'Object Repository/Store Request Schedule 1/Page_Store/select_--Select--Adernaline 0.'

2018-06-09 19:27:36 - [MESSAGE][PASSED] - All options with index in [48] are selected on object 'Object Repository/Store Request Schedule 1/Page_Store/select_--Select--Adernaline 0.'

2018-06-09 19:27:36 - [TEST_STEP][PASSED] - setText: Text '100' is set on object 'Object Repository/Store Request Schedule 1/Page_Store/input_txttreat'

2018-06-09 19:27:36 - [MESSAGE][PASSED] - Text '100' is set on object 'Object Repository/Store Request Schedule 1/Page_Store/input_txttreat'

2018-06-09 19:27:36 - [TEST_STEP][PASSED] - click: Object: 'Object Repository/Store Request Schedule 1/Page_Store/button_Add' is clicked on

2018-06-09 19:27:36 - [MESSAGE][PASSED] - Object: 'Object Repository/Store Request Schedule 1/Page_Store/button_Add' is clicked on

2018-06-09 19:27:36 - [TEST_STEP][PASSED] - selectOptionByIndex: All options with index in [1] are selected on object 'Object Repository/Store Request Schedule 1/Page_Store/select_--Select--Schedule 1Inj'

2018-06-09 19:27:36 - [MESSAGE][PASSED] - All options with index in [1] are selected on object 'Object Repository/Store Request Schedule 1/Page_Store/select_--Select--Schedule 1Inj'

2018-06-09 19:27:36 - [TEST_STEP][PASSED] - delay: Delayed 1 second(s)

2018-06-09 19:27:37 - [MESSAGE][PASSED] - Delayed 1 second(s)

2018-06-09 19:27:37 - [TEST_STEP][PASSED] - selectOptionByIndex: All options with index in [49] are selected on object 'Object Repository/Store Request Schedule 1/Page_Store/select_--Select--Adernaline 0.'

2018-06-09 19:27:37 - [MESSAGE][PASSED] - All options with index in [49] are selected on object 'Object Repository/Store Request Schedule 1/Page_Store/select_--Select--Adernaline 0.'

2018-06-09 19:27:37 - [TEST_STEP][PASSED] - setText: Text '100' is set on object 'Object Repository/Store Request Schedule 1/Page_Store/input_txttreat'

2018-06-09 19:27:38 - [MESSAGE][PASSED] - Text '100' is set on object 'Object Repository/Store Request Schedule 1/Page_Store/input_txttreat'

2018-06-09 19:27:38 - [TEST_STEP][PASSED] - click: Object: 'Object Repository/Store Request Schedule 1/Page_Store/button_Add' is clicked on

2018-06-09 19:27:38 - [MESSAGE][PASSED] - Object: 'Object Repository/Store Request Schedule 1/Page_Store/button_Add' is clicked on

2018-06-09 19:27:38 - [TEST_STEP][PASSED] - selectOptionByIndex: All options with index in [1] are selected on object 'Object Repository/Store Request Schedule 1/Page_Store/select_--Select--Schedule 1Inj'

2018-06-09 19:27:38 - [MESSAGE][PASSED] - All options with index in [1] are selected on object 'Object Repository/Store Request Schedule 1/Page_Store/select_--Select--Schedule 1Inj'

2018-06-09 19:27:38 - [TEST_STEP][PASSED] - delay: Delayed 1 second(s)

2018-06-09 19:27:39 - [MESSAGE][PASSED] - Delayed 1 second(s)

2018-06-09 19:27:39 - [TEST_STEP][PASSED] - selectOptionByIndex: All options with index in [50] are selected on object 'Object Repository/Store Request Schedule 1/Page_Store/select_--Select--Adernaline 0.'

2018-06-09 19:27:39 - [MESSAGE][PASSED] - All options with index in [50] are selected on object 'Object Repository/Store Request Schedule 1/Page_Store/select_--Select--Adernaline 0.'

2018-06-09 19:27:39 - [TEST_STEP][PASSED] - setText: Text '100' is set on object 'Object Repository/Store Request Schedule 1/Page_Store/input_txttreat'

2018-06-09 19:27:39 - [MESSAGE][PASSED] - Text '100' is set on object 'Object Repository/Store Request Schedule 1/Page_Store/input_txttreat'

2018-06-09 19:27:39 - [TEST_STEP][PASSED] - click: Object: 'Object Repository/Store Request Schedule 1/Page_Store/button_Add' is clicked on

2018-06-09 19:27:40 - [MESSAGE][PASSED] - Object: 'Object Repository/Store Request Schedule 1/Page_Store/button_Add' is clicked on

2018-06-09 19:27:40 - [TEST_STEP][PASSED] - selectOptionByIndex: All options with index in [1] are selected on object 'Object Repository/Store Request Schedule 1/Page_Store/select_--Select--Schedule 1Inj'

2018-06-09 19:27:40 - [MESSAGE][PASSED] - All options with index in [1] are selected on object 'Object Repository/Store Request Schedule 1/Page_Store/select_--Select--Schedule 1Inj'

2018-06-09 19:27:40 - [TEST_STEP][PASSED] - delay: Delayed 1 second(s)

2018-06-09 19:27:41 - [MESSAGE][PASSED] - Delayed 1 second(s)

2018-06-09 19:27:41 - [TEST_STEP][PASSED] - selectOptionByIndex: All options with index in [51] are selected on object 'Object Repository/Store Request Schedule 1/Page_Store/select_--Select--Adernaline 0.'

2018-06-09 19:27:41 - [MESSAGE][PASSED] - All options with index in [51] are selected on object 'Object Repository/Store Request Schedule 1/Page_Store/select_--Select--Adernaline 0.'

2018-06-09 19:27:41 - [TEST_STEP][PASSED] - setText: Text '100' is set on object 'Object Repository/Store Request Schedule 1/Page_Store/input_txttreat'

2018-06-09 19:27:41 - [MESSAGE][PASSED] - Text '100' is set on object 'Object Repository/Store Request Schedule 1/Page_Store/input_txttreat'

2018-06-09 19:27:41 - [TEST_STEP][PASSED] - click: Object: 'Object Repository/Store Request Schedule 1/Page_Store/button_Add' is clicked on

2018-06-09 19:27:41 - [MESSAGE][PASSED] - Object: 'Object Repository/Store Request Schedule 1/Page_Store/button_Add' is clicked on

2018-06-09 19:27:41 - [TEST_STEP][PASSED] - selectOptionByIndex: All options with index in [1] are selected on object 'Object Repository/Store Request Schedule 1/Page_Store/select_--Select--Schedule 1Inj'

2018-06-09 19:27:42 - [MESSAGE][PASSED] - All options with index in [1] are selected on object 'Object Repository/Store Request Schedule 1/Page_Store/select_--Select--Schedule 1Inj'

2018-06-09 19:27:42 - [TEST_STEP][PASSED] - delay: Delayed 1 second(s)

2018-06-09 19:27:43 - [MESSAGE][PASSED] - Delayed 1 second(s)

2018-06-09 19:27:43 - [TEST_STEP][PASSED] - selectOptionByIndex: All options with index in [52] are selected on object 'Object Repository/Store Request Schedule 1/Page_Store/select_--Select--Adernaline 0.'

2018-06-09 19:27:43 - [MESSAGE][PASSED] - All options with index in [52] are selected on object 'Object Repository/Store Request Schedule 1/Page_Store/select_--Select--Adernaline 0.'

2018-06-09 19:27:43 - [TEST_STEP][PASSED] - setText: Text '100' is set on object 'Object Repository/Store Request Schedule 1/Page_Store/input_txttreat'

2018-06-09 19:27:43 - [MESSAGE][PASSED] - Text '100' is set on object 'Object Repository/Store Request Schedule 1/Page_Store/input_txttreat'

2018-06-09 19:27:43 - [TEST_STEP][PASSED] - click: Object: 'Object Repository/Store Request Schedule 1/Page_Store/button_Add' is clicked on

2018-06-09 19:27:43 - [MESSAGE][PASSED] - Object: 'Object Repository/Store Request Schedule 1/Page_Store/button_Add' is clicked on

2018-06-09 19:27:43 - [TEST_STEP][PASSED] - selectOptionByIndex: All options with index in [1] are selected on object 'Object Repository/Store Request Schedule 1/Page_Store/select_--Select--Schedule 1Inj'

2018-06-09 19:27:44 - [MESSAGE][PASSED] - All options with index in [1] are selected on object 'Object Repository/Store Request Schedule 1/Page_Store/select_--Select--Schedule 1Inj'

2018-06-09 19:27:44 - [TEST_STEP][PASSED] - delay: Delayed 1 second(s)

2018-06-09 19:27:45 - [MESSAGE][PASSED] - Delayed 1 second(s)

2018-06-09 19:27:45 - [TEST_STEP][PASSED] - selectOptionByIndex: All options with index in [53] are selected on object 'Object Repository/Store Request Schedule 1/Page_Store/select_--Select--Adernaline 0.'

2018-06-09 19:27:45 - [MESSAGE][PASSED] - All options with index in [53] are selected on object 'Object Repository/Store Request Schedule 1/Page_Store/select_--Select--Adernaline 0.'

2018-06-09 19:27:45 - [TEST_STEP][PASSED] - setText: Text '100' is set on object 'Object Repository/Store Request Schedule 1/Page_Store/input_txttreat'

2018-06-09 19:27:45 - [MESSAGE][PASSED] - Text '100' is set on object 'Object Repository/Store Request Schedule 1/Page_Store/input_txttreat'

2018-06-09 19:27:45 - [TEST_STEP][PASSED] - click: Object: 'Object Repository/Store Request Schedule 1/Page_Store/button_Add' is clicked on

2018-06-09 19:27:45 - [MESSAGE][PASSED] - Object: 'Object Repository/Store Request Schedule 1/Page_Store/button_Add' is clicked on

2018-06-09 19:27:45 - [TEST_STEP][PASSED] - selectOptionByIndex: All options with index in [1] are selected on object 'Object Repository/Store Request Schedule 1/Page_Store/select_--Select--Schedule 1Inj'

2018-06-09 19:27:45 - [MESSAGE][PASSED] - All options with index in [1] are selected on object 'Object Repository/Store Request Schedule 1/Page_Store/select_--Select--Schedule 1Inj'

2018-06-09 19:27:45 - [TEST_STEP][PASSED] - delay: Delayed 1 second(s)

2018-06-09 19:27:46 - [MESSAGE][PASSED] - Delayed 1 second(s)

2018-06-09 19:27:46 - [TEST_STEP][PASSED] - selectOptionByIndex: All options with index in [54] are selected on object 'Object Repository/Store Request Schedule 1/Page_Store/select_--Select--Adernaline 0.'

2018-06-09 19:27:47 - [MESSAGE][PASSED] - All options with index in [54] are selected on object 'Object Repository/Store Request Schedule 1/Page_Store/select_--Select--Adernaline 0.'

2018-06-09 19:27:47 - [TEST_STEP][PASSED] - setText: Text '100' is set on object 'Object Repository/Store Request Schedule 1/Page_Store/input_txttreat'

2018-06-09 19:27:47 - [MESSAGE][PASSED] - Text '100' is set on object 'Object Repository/Store Request Schedule 1/Page_Store/input_txttreat'

2018-06-09 19:27:47 - [TEST_STEP][PASSED] - click: Object: 'Object Repository/Store Request Schedule 1/Page_Store/button_Add' is clicked on

2018-06-09 19:27:47 - [MESSAGE][PASSED] - Object: 'Object Repository/Store Request Schedule 1/Page_Store/button_Add' is clicked on

2018-06-09 19:27:47 - [TEST_STEP][PASSED] - selectOptionByIndex: All options with index in [1] are selected on object 'Object Repository/Store Request Schedule 1/Page_Store/select_--Select--Schedule 1Inj'

2018-06-09 19:27:47 - [MESSAGE][PASSED] - All options with index in [1] are selected on object 'Object Repository/Store Request Schedule 1/Page_Store/select_--Select--Schedule 1Inj'

2018-06-09 19:27:47 - [TEST_STEP][PASSED] - delay: Delayed 1 second(s)

2018-06-09 19:27:48 - [MESSAGE][PASSED] - Delayed 1 second(s)

2018-06-09 19:27:48 - [TEST_STEP][PASSED] - selectOptionByIndex: All options with index in [55] are selected on object 'Object Repository/Store Request Schedule 1/Page_Store/select_--Select--Adernaline 0.'

2018-06-09 19:27:49 - [MESSAGE][PASSED] - All options with index in [55] are selected on object 'Object Repository/Store Request Schedule 1/Page_Store/select_--Select--Adernaline 0.'

2018-06-09 19:27:49 - [TEST_STEP][PASSED] - setText: Text '100' is set on object 'Object Repository/Store Request Schedule 1/Page_Store/input_txttreat'

2018-06-09 19:27:49 - [MESSAGE][PASSED] - Text '100' is set on object 'Object Repository/Store Request Schedule 1/Page_Store/input_txttreat'

2018-06-09 19:27:49 - [TEST_STEP][PASSED] - click: Object: 'Object Repository/Store Request Schedule 1/Page_Store/button_Add' is clicked on

2018-06-09 19:27:49 - [MESSAGE][PASSED] - Object: 'Object Repository/Store Request Schedule 1/Page_Store/button_Add' is clicked on

2018-06-09 19:27:49 - [TEST_STEP][PASSED] - selectOptionByIndex: All options with index in [1] are selected on object 'Object Repository/Store Request Schedule 1/Page_Store/select_--Select--Schedule 1Inj'

2018-06-09 19:27:49 - [MESSAGE][PASSED] - All options with index in [1] are selected on object 'Object Repository/Store Request Schedule 1/Page_Store/select_--Select--Schedule 1Inj'

2018-06-09 19:27:49 - [TEST_STEP][PASSED] - delay: Delayed 1 second(s)

2018-06-09 19:27:50 - [MESSAGE][PASSED] - Delayed 1 second(s)

2018-06-09 19:27:50 - [TEST_STEP][PASSED] - selectOptionByIndex: All options with index in [56] are selected on object 'Object Repository/Store Request Schedule 1/Page_Store/select_--Select--Adernaline 0.'

2018-06-09 19:27:51 - [MESSAGE][PASSED] - All options with index in [56] are selected on object 'Object Repository/Store Request Schedule 1/Page_Store/select_--Select--Adernaline 0.'

2018-06-09 19:27:51 - [TEST_STEP][PASSED] - setText: Text '100' is set on object 'Object Repository/Store Request Schedule 1/Page_Store/input_txttreat'

2018-06-09 19:27:51 - [MESSAGE][PASSED] - Text '100' is set on object 'Object Repository/Store Request Schedule 1/Page_Store/input_txttreat'

2018-06-09 19:27:51 - [TEST_STEP][PASSED] - click: Object: 'Object Repository/Store Request Schedule 1/Page_Store/button_Add' is clicked on

2018-06-09 19:27:51 - [MESSAGE][PASSED] - Object: 'Object Repository/Store Request Schedule 1/Page_Store/button_Add' is clicked on

2018-06-09 19:27:51 - [TEST_STEP][PASSED] - selectOptionByIndex: All options with index in [1] are selected on object 'Object Repository/Store Request Schedule 1/Page_Store/select_--Select--Schedule 1Inj'

2018-06-09 19:27:51 - [MESSAGE][PASSED] - All options with index in [1] are selected on object 'Object Repository/Store Request Schedule 1/Page_Store/select_--Select--Schedule 1Inj'

2018-06-09 19:27:51 - [TEST_STEP][PASSED] - delay: Delayed 1 second(s)

2018-06-09 19:27:52 - [MESSAGE][PASSED] - Delayed 1 second(s)

2018-06-09 19:27:52 - [TEST_STEP][PASSED] - selectOptionByIndex: All options with index in [57] are selected on object 'Object Repository/Store Request Schedule 1/Page_Store/select_--Select--Adernaline 0.'

2018-06-09 19:27:53 - [MESSAGE][PASSED] - All options with index in [57] are selected on object 'Object Repository/Store Request Schedule 1/Page_Store/select_--Select--Adernaline 0.'

2018-06-09 19:27:53 - [TEST_STEP][PASSED] - setText: Text '100' is set on object 'Object Repository/Store Request Schedule 1/Page_Store/input_txttreat'

2018-06-09 19:27:53 - [MESSAGE][PASSED] - Text '100' is set on object 'Object Repository/Store Request Schedule 1/Page_Store/input_txttreat'

2018-06-09 19:27:53 - [TEST_STEP][PASSED] - click: Object: 'Object Repository/Store Request Schedule 1/Page_Store/button_Add' is clicked on

2018-06-09 19:27:53 - [MESSAGE][PASSED] - Object: 'Object Repository/Store Request Schedule 1/Page_Store/button_Add' is clicked on

2018-06-09 19:27:53 - [TEST_STEP][PASSED] - selectOptionByIndex: All options with index in [1] are selected on object 'Object Repository/Store Request Schedule 1/Page_Store/select_--Select--Schedule 1Inj'

2018-06-09 19:27:53 - [MESSAGE][PASSED] - All options with index in [1] are selected on object 'Object Repository/Store Request Schedule 1/Page_Store/select_--Select--Schedule 1Inj'

2018-06-09 19:27:53 - [TEST_STEP][PASSED] - delay: Delayed 1 second(s)

2018-06-09 19:27:54 - [MESSAGE][PASSED] - Delayed 1 second(s)

2018-06-09 19:27:54 - [TEST_STEP][PASSED] - selectOptionByIndex: All options with index in [58] are selected on object 'Object Repository/Store Request Schedule 1/Page_Store/select_--Select--Adernaline 0.'

2018-06-09 19:27:55 - [MESSAGE][PASSED] - All options with index in [58] are selected on object 'Object Repository/Store Request Schedule 1/Page_Store/select_--Select--Adernaline 0.'

2018-06-09 19:27:55 - [TEST_STEP][PASSED] - setText: Text '100' is set on object 'Object Repository/Store Request Schedule 1/Page_Store/input_txttreat'

2018-06-09 19:27:55 - [MESSAGE][PASSED] - Text '100' is set on object 'Object Repository/Store Request Schedule 1/Page_Store/input_txttreat'

2018-06-09 19:27:55 - [TEST_STEP][PASSED] - click: Object: 'Object Repository/Store Request Schedule 1/Page_Store/button_Add' is clicked on

2018-06-09 19:27:55 - [MESSAGE][PASSED] - Object: 'Object Repository/Store Request Schedule 1/Page_Store/button_Add' is clicked on

2018-06-09 19:27:55 - [TEST_STEP][PASSED] - selectOptionByIndex: All options with index in [1] are selected on object 'Object Repository/Store Request Schedule 1/Page_Store/select_--Select--Schedule 1Inj'

2018-06-09 19:27:55 - [MESSAGE][PASSED] - All options with index in [1] are selected on object 'Object Repository/Store Request Schedule 1/Page_Store/select_--Select--Schedule 1Inj'

2018-06-09 19:27:55 - [TEST_STEP][PASSED] - delay: Delayed 1 second(s)

2018-06-09 19:27:56 - [MESSAGE][PASSED] - Delayed 1 second(s)

2018-06-09 19:27:56 - [TEST_STEP][PASSED] - selectOptionByIndex: All options with index in [59] are selected on object 'Object Repository/Store Request Schedule 1/Page_Store/select_--Select--Adernaline 0.'

2018-06-09 19:27:57 - [MESSAGE][PASSED] - All options with index in [59] are selected on object 'Object Repository/Store Request Schedule 1/Page_Store/select_--Select--Adernaline 0.'

2018-06-09 19:27:57 - [TEST_STEP][PASSED] - setText: Text '100' is set on object 'Object Repository/Store Request Schedule 1/Page_Store/input_txttreat'

2018-06-09 19:27:57 - [MESSAGE][PASSED] - Text '100' is set on object 'Object Repository/Store Request Schedule 1/Page_Store/input_txttreat'

2018-06-09 19:27:57 - [TEST_STEP][PASSED] - click: Object: 'Object Repository/Store Request Schedule 1/Page_Store/button_Add' is clicked on

2018-06-09 19:27:57 - [MESSAGE][PASSED] - Object: 'Object Repository/Store Request Schedule 1/Page_Store/button_Add' is clicked on

2018-06-09 19:27:57 - [TEST_STEP][PASSED] - selectOptionByIndex: All options with index in [1] are selected on object 'Object Repository/Store Request Schedule 1/Page_Store/select_--Select--Schedule 1Inj'

2018-06-09 19:27:57 - [MESSAGE][PASSED] - All options with index in [1] are selected on object 'Object Repository/Store Request Schedule 1/Page_Store/select_--Select--Schedule 1Inj'

2018-06-09 19:27:57 - [TEST_STEP][PASSED] - delay: Delayed 1 second(s)

2018-06-09 19:27:58 - [MESSAGE][PASSED] - Delayed 1 second(s)

2018-06-09 19:27:58 - [TEST_STEP][PASSED] - selectOptionByIndex: All options with index in [60] are selected on object 'Object Repository/Store Request Schedule 1/Page_Store/select_--Select--Adernaline 0.'

2018-06-09 19:27:59 - [MESSAGE][PASSED] - All options with index in [60] are selected on object 'Object Repository/Store Request Schedule 1/Page_Store/select_--Select--Adernaline 0.'

2018-06-09 19:27:59 - [TEST_STEP][PASSED] - setText: Text '100' is set on object 'Object Repository/Store Request Schedule 1/Page_Store/input_txttreat'

2018-06-09 19:27:59 - [MESSAGE][PASSED] - Text '100' is set on object 'Object Repository/Store Request Schedule 1/Page_Store/input_txttreat'

2018-06-09 19:27:59 - [TEST_STEP][PASSED] - click: Object: 'Object Repository/Store Request Schedule 1/Page_Store/button_Add' is clicked on

2018-06-09 19:27:59 - [MESSAGE][PASSED] - Object: 'Object Repository/Store Request Schedule 1/Page_Store/button_Add' is clicked on

2018-06-09 19:27:59 - [TEST_STEP][PASSED] - selectOptionByIndex: All options with index in [1] are selected on object 'Object Repository/Store Request Schedule 1/Page_Store/select_--Select--Schedule 1Inj'

2018-06-09 19:27:59 - [MESSAGE][PASSED] - All options with index in [1] are selected on object 'Object Repository/Store Request Schedule 1/Page_Store/select_--Select--Schedule 1Inj'

2018-06-09 19:27:59 - [TEST_STEP][PASSED] - delay: Delayed 1 second(s)

2018-06-09 19:28:00 - [MESSAGE][PASSED] - Delayed 1 second(s)

2018-06-09 19:28:00 - [TEST_STEP][PASSED] - selectOptionByIndex: All options with index in [61] are selected on object 'Object Repository/Store Request Schedule 1/Page_Store/select_--Select--Adernaline 0.'

2018-06-09 19:28:01 - [MESSAGE][PASSED] - All options with index in [61] are selected on object 'Object Repository/Store Request Schedule 1/Page_Store/select_--Select--Adernaline 0.'

2018-06-09 19:28:01 - [TEST_STEP][PASSED] - setText: Text '100' is set on object 'Object Repository/Store Request Schedule 1/Page_Store/input_txttreat'

2018-06-09 19:28:01 - [MESSAGE][PASSED] - Text '100' is set on object 'Object Repository/Store Request Schedule 1/Page_Store/input_txttreat'

2018-06-09 19:28:01 - [TEST_STEP][PASSED] - click: Object: 'Object Repository/Store Request Schedule 1/Page_Store/button_Add' is clicked on

2018-06-09 19:28:01 - [MESSAGE][PASSED] - Object: 'Object Repository/Store Request Schedule 1/Page_Store/button_Add' is clicked on

2018-06-09 19:28:01 - [TEST_STEP][PASSED] - selectOptionByIndex: All options with index in [1] are selected on object 'Object Repository/Store Request Schedule 1/Page_Store/select_--Select--Schedule 1Inj'

2018-06-09 19:28:01 - [MESSAGE][PASSED] - All options with index in [1] are selected on object 'Object Repository/Store Request Schedule 1/Page_Store/select_--Select--Schedule 1Inj'

2018-06-09 19:28:01 - [TEST_STEP][PASSED] - delay: Delayed 1 second(s)

2018-06-09 19:28:02 - [MESSAGE][PASSED] - Delayed 1 second(s)

2018-06-09 19:28:02 - [TEST_STEP][PASSED] - selectOptionByIndex: All options with index in [62] are selected on object 'Object Repository/Store Request Schedule 1/Page_Store/select_--Select--Adernaline 0.'

2018-06-09 19:28:03 - [MESSAGE][PASSED] - All options with index in [62] are selected on object 'Object Repository/Store Request Schedule 1/Page_Store/select_--Select--Adernaline 0.'

2018-06-09 19:28:03 - [TEST_STEP][PASSED] - setText: Text '100' is set on object 'Object Repository/Store Request Schedule 1/Page_Store/input_txttreat'

2018-06-09 19:28:03 - [MESSAGE][PASSED] - Text '100' is set on object 'Object Repository/Store Request Schedule 1/Page_Store/input_txttreat'

2018-06-09 19:28:03 - [TEST_STEP][PASSED] - click: Object: 'Object Repository/Store Request Schedule 1/Page_Store/button_Add' is clicked on

2018-06-09 19:28:03 - [MESSAGE][PASSED] - Object: 'Object Repository/Store Request Schedule 1/Page_Store/button_Add' is clicked on

2018-06-09 19:28:03 - [TEST_STEP][PASSED] - delay: Delayed 2 second(s)

2018-06-09 19:28:05 - [MESSAGE][PASSED] - Delayed 2 second(s)

2018-06-09 19:28:05 - [TEST_STEP][PASSED] - scrollToElement: Scroll to object 'Object Repository/Store Request Schedule 1/Page_Store/input_btnsave' successfully

2018-06-09 19:28:05 - [MESSAGE][PASSED] - Scroll to object 'Object Repository/Store Request Schedule 1/Page_Store/input_btnsave' successfully

2018-06-09 19:28:05 - [TEST_STEP][PASSED] - click: Object: 'Object Repository/Store Request Schedule 1/Page_Store/input_btnsave' is clicked on

2018-06-09 19:28:06 - [MESSAGE][PASSED] - Object: 'Object Repository/Store Request Schedule 1/Page_Store/input_btnsave' is clicked on

2018-06-09 19:28:06 - [TEST_STEP][PASSED] - delay: Delayed 4 second(s)

2018-06-09 19:28:10 - [MESSAGE][PASSED] - Delayed 4 second(s)

2018-06-09 19:28:10 - [TEST_STEP][PASSED] - Statement - Cms_RequestNumber = com.kms.katalon.core.webui.keyword.WebUiBuiltInKeywords.getText(com.kms.katalon.core.testobject.ObjectRepository.findTestObject(Store Request Schedule 1/Page_Store/font_PRNO050520189)): Text of object 'Object Repository/Store Request Schedule 1/Page_Store/font_PRNO050520189' is: 'PRNO/09062018/715'

2018-06-09 19:28:10 - [MESSAGE][PASSED] - Text of object 'Object Repository/Store Request Schedule 1/Page_Store/font_PRNO050520189' is: 'PRNO/09062018/715'

2018-06-09 19:28:10 - [TEST_STEP][PASSED] - Statement - CR = Cms_RequestNumber.trim(): null

2018-06-09 19:28:10 - [TEST_STEP][PASSED] - Statement - out.println("RQ :" + Cms_RequestNumber): null

2018-06-09 19:28:10 - [TEST_STEP][PASSED] - Statement - RequestNumberID = Cms_RequestNumber.split("/")[2].trim(): null

2018-06-09 19:28:10 - [TEST_STEP][PASSED] - Statement - out.println("RQ ID :" + RequestNumberID): null

2018-06-09 19:28:10 - [TEST_STEP][PASSED] - delay: Delayed 3 second(s)

2018-06-09 19:28:13 - [MESSAGE][PASSED] - Delayed 3 second(s)

2018-06-09 19:28:13 - [TEST_STEP][PASSED] - Statement - ok = com.kms.katalon.core.webui.keyword.WebUiBuiltInKeywords.click(com.kms.katalon.core.testobject.ObjectRepository.findTestObject(Store Request Schedule 1/Page_Store/button_OK)): Object: 'Object Repository/Store Request Schedule 1/Page_Store/button_OK' is clicked on

2018-06-09 19:28:14 - [MESSAGE][PASSED] - Object: 'Object Repository/Store Request Schedule 1/Page_Store/button_OK' is clicked on

2018-06-09 19:28:14 - [TEST_STEP][PASSED] - delay: Delayed 3 second(s)

2018-06-09 19:28:17 - [MESSAGE][PASSED] - Delayed 3 second(s)

2018-06-09 19:28:17 - [TEST_STEP][PASSED] - click: Object: 'Object Repository/Store Request Schedule 1/Page_Store/a_dropdown-toggle' is clicked on

2018-06-09 19:28:17 - [MESSAGE][PASSED] - Object: 'Object Repository/Store Request Schedule 1/Page_Store/a_dropdown-toggle' is clicked on

2018-06-09 19:28:17 - [TEST_STEP][PASSED] - click: Object: 'Object Repository/Store Request Schedule 1/Page_Store/a_Sign out' is clicked on

2018-06-09 19:28:18 - [MESSAGE][PASSED] - Object: 'Object Repository/Store Request Schedule 1/Page_Store/a_Sign out' is clicked on

2018-06-09 19:28:18 - [TEST_STEP][PASSED] - delay: Delayed 3 second(s)

2018-06-09 19:28:21 - [MESSAGE][PASSED] - Delayed 3 second(s)

2018-06-09 19:28:21 - [TEST_STEP][PASSED] - click: Object: 'Object Repository/Store Request Schedule 1/Page_KDMC/a_CMO' is clicked on

2018-06-09 19:28:21 - [MESSAGE][PASSED] - Object: 'Object Repository/Store Request Schedule 1/Page_KDMC/a_CMO' is clicked on

2018-06-09 19:28:21 - [TEST_STEP][PASSED] - setText: Text 'guru' is set on object 'Object Repository/Store Request Schedule 1/Page_CMO login/input_txtusername'

2018-06-09 19:28:21 - [MESSAGE][PASSED] - Text 'guru' is set on object 'Object Repository/Store Request Schedule 1/Page_CMO login/input_txtusername'

2018-06-09 19:28:21 - [TEST_STEP][PASSED] - setText: Text '123' is set on object 'Object Repository/Store Request Schedule 1/Page_CMO login/input_txtpassword'

2018-06-09 19:28:21 - [MESSAGE][PASSED] - Text '123' is set on object 'Object Repository/Store Request Schedule 1/Page_CMO login/input_txtpassword'

2018-06-09 19:28:21 - [TEST_STEP][PASSED] - delay: Delayed 3 second(s)

2018-06-09 19:28:24 - [MESSAGE][PASSED] - Delayed 3 second(s)

2018-06-09 19:28:24 - [TEST_STEP][PASSED] - click: Object: 'Object Repository/Store Request Schedule 1/Page_CMO login/button_Sign in' is clicked on

2018-06-09 19:28:25 - [MESSAGE][PASSED] - Object: 'Object Repository/Store Request Schedule 1/Page_CMO login/button_Sign in' is clicked on

2018-06-09 19:28:25 - [TEST_STEP][PASSED] - delay: Delayed 2 second(s)

2018-06-09 19:28:27 - [MESSAGE][PASSED] - Delayed 2 second(s)

2018-06-09 19:28:27 - [TEST_STEP][PASSED] - click: Object: 'Object Repository/Store Request Schedule 1/Page_KDMC - CMO/span_Department Wise Request' is clicked on

2018-06-09 19:28:28 - [MESSAGE][PASSED] - Object: 'Object Repository/Store Request Schedule 1/Page_KDMC - CMO/span_Department Wise Request' is clicked on

2018-06-09 19:28:28 - [TEST_STEP][PASSED] - click: Object: 'Object Repository/Store Request Schedule 1/Page_KDMC - CMO/a_CMS Request' is clicked on

2018-06-09 19:28:28 - [MESSAGE][PASSED] - Object: 'Object Repository/Store Request Schedule 1/Page_KDMC - CMO/a_CMS Request' is clicked on

2018-06-09 19:28:28 - [TEST_STEP][PASSED] - click: Object: 'Object Repository/Store Request Schedule 1/Page_KDMC - CMO/a_CMS Request' is clicked on

2018-06-09 19:28:28 - [MESSAGE][PASSED] - Object: 'Object Repository/Store Request Schedule 1/Page_KDMC - CMO/a_CMS Request' is clicked on

2018-06-09 19:28:28 - [TEST_STEP][PASSED] - click: Object: 'Object Repository/Store Request Schedule 1/Page_KDMC - CMO/span_Divisional Store Request' is clicked on

2018-06-09 19:28:30 - [MESSAGE][PASSED] - Object: 'Object Repository/Store Request Schedule 1/Page_KDMC - CMO/span_Divisional Store Request' is clicked on

2018-06-09 19:28:30 - [TEST_STEP][PASSED] - delay: Delayed 2 second(s)

2018-06-09 19:28:32 - [MESSAGE][PASSED] - Delayed 2 second(s)

2018-06-09 19:28:32 - [TEST_STEP][PASSED] - Statement - approval = com.kms.katalon.core.webui.keyword.WebUiBuiltInKeywords.modifyObjectProperty(com.kms.katalon.core.testobject.ObjectRepository.findTestObject(Store Request Schedule 1/Page_KDMC - CMO/input_PRNO050520189), "xpath", "equals", "//*[@id=" + RequestNumberID + "]", true): Modify property of object successfully

2018-06-09 19:28:32 - [MESSAGE][PASSED] - Modify property of object successfully

2018-06-09 19:28:32 - [TEST_STEP][PASSED] - click: Object: 'Object Repository/Store Request Schedule 1/Page_KDMC - CMO/input_PRNO050520189' is clicked on

2018-06-09 19:28:32 - [MESSAGE][PASSED] - Object: 'Object Repository/Store Request Schedule 1/Page_KDMC - CMO/input_PRNO050520189' is clicked on

2018-06-09 19:28:32 - [TEST_STEP][PASSED] - delay: Delayed 2 second(s)

2018-06-09 19:28:34 - [MESSAGE][PASSED] - Delayed 2 second(s)

2018-06-09 19:28:34 - [TEST_STEP][PASSED] - selectOptionByIndex: All options with index in [1] are selected on object 'Object Repository/Store Request Schedule 1/Page_KDMC - CMO/select_--Select--'

2018-06-09 19:28:34 - [MESSAGE][PASSED] - All options with index in [1] are selected on object 'Object Repository/Store Request Schedule 1/Page_KDMC - CMO/select_--Select--'

2018-06-09 19:28:34 - [TEST_STEP][PASSED] - click: Object: 'Object Repository/Store Request Schedule 1/Page_KDMC - CMO/input_btnupdate' is clicked on

2018-06-09 19:28:35 - [MESSAGE][PASSED] - Object: 'Object Repository/Store Request Schedule 1/Page_KDMC - CMO/input_btnupdate' is clicked on

2018-06-09 19:28:35 - [TEST_STEP][PASSED] - delay: Delayed 2 second(s)

2018-06-09 19:28:37 - [MESSAGE][PASSED] - Delayed 2 second(s)

2018-06-09 19:28:37 - [TEST_STEP][PASSED] - click: Object: 'Object Repository/Store Request Schedule 1/Page_KDMC - CMO/button_OK' is clicked on

2018-06-09 19:28:37 - [MESSAGE][PASSED] - Object: 'Object Repository/Store Request Schedule 1/Page_KDMC - CMO/button_OK' is clicked on

2018-06-09 19:28:37 - [TEST_STEP][PASSED] - delay: Delayed 2 second(s)

2018-06-09 19:28:39 - [MESSAGE][PASSED] - Delayed 2 second(s)

2018-06-09 19:28:39 - [TEST_STEP][PASSED] - click: Object: 'Object Repository/Store Request Schedule 1/Page_KDMC - CMO/a_dropdown-toggle' is clicked on

2018-06-09 19:28:39 - [MESSAGE][PASSED] - Object: 'Object Repository/Store Request Schedule 1/Page_KDMC - CMO/a_dropdown-toggle' is clicked on

2018-06-09 19:28:39 - [TEST_STEP][PASSED] - click: Object: 'Object Repository/Store Request Schedule 1/Page_KDMC - CMO/a_Sign out' is clicked on

2018-06-09 19:28:40 - [MESSAGE][PASSED] - Object: 'Object Repository/Store Request Schedule 1/Page_KDMC - CMO/a_Sign out' is clicked on

2018-06-09 19:28:40 - [TEST_STEP][PASSED] - delay: Delayed 3 second(s)

2018-06-09 19:28:43 - [MESSAGE][PASSED] - Delayed 3 second(s)

2018-06-09 19:28:43 - [TEST_STEP][PASSED] - click: Object: 'Object Repository/store Request Schedule 1/Page_KDMC/a_CMS' is clicked on

2018-06-09 19:28:43 - [MESSAGE][PASSED] - Object: 'Object Repository/store Request Schedule 1/Page_KDMC/a_CMS' is clicked on

2018-06-09 19:28:43 - [TEST_STEP][PASSED] - setText: Text 'bala' is set on object 'Object Repository/store Request Schedule 1/Page_CMS login/input_txtusername'

2018-06-09 19:28:43 - [MESSAGE][PASSED] - Text 'bala' is set on object 'Object Repository/store Request Schedule 1/Page_CMS login/input_txtusername'

2018-06-09 19:28:43 - [TEST_STEP][PASSED] - setText: Text '123' is set on object 'Object Repository/store Request Schedule 1/Page_CMS login/input_txtpassword'

2018-06-09 19:28:43 - [MESSAGE][PASSED] - Text '123' is set on object 'Object Repository/store Request Schedule 1/Page_CMS login/input_txtpassword'

2018-06-09 19:28:43 - [TEST_STEP][PASSED] - delay: Delayed 3 second(s)

2018-06-09 19:28:46 - [MESSAGE][PASSED] - Delayed 3 second(s)

2018-06-09 19:28:46 - [TEST_STEP][PASSED] - click: Object: 'Object Repository/store Request Schedule 1/Page_CMS login/button_Sign in' is clicked on

2018-06-09 19:28:47 - [MESSAGE][PASSED] - Object: 'Object Repository/store Request Schedule 1/Page_CMS login/button_Sign in' is clicked on

2018-06-09 19:28:47 - [TEST_STEP][PASSED] - delay: Delayed 2 second(s)

2018-06-09 19:28:49 - [MESSAGE][PASSED] - Delayed 2 second(s)

2018-06-09 19:28:49 - [TEST_STEP][PASSED] - click: Object: 'Object Repository/store Request Schedule 1/Page_KDMC - CMS/a_Divisional Store' is clicked on

2018-06-09 19:28:49 - [MESSAGE][PASSED] - Object: 'Object Repository/store Request Schedule 1/Page_KDMC - CMS/a_Divisional Store' is clicked on

2018-06-09 19:28:49 - [TEST_STEP][PASSED] - delay: Delayed 2 second(s)

2018-06-09 19:28:51 - [MESSAGE][PASSED] - Delayed 2 second(s)

2018-06-09 19:28:51 - [TEST_STEP][PASSED] - click: Object: 'Object Repository/store Request Schedule 1/Page_KDMC - CMS/a_Dispatch Items' is clicked on

2018-06-09 19:28:52 - [MESSAGE][PASSED] - Object: 'Object Repository/store Request Schedule 1/Page_KDMC - CMS/a_Dispatch Items' is clicked on

2018-06-09 19:28:52 - [TEST_STEP][PASSED] - setText: Text 'PRNO/09062018/715' is set on object 'Object Repository/store Request Schedule 1/Page_KDMC - CMS/input'

2018-06-09 19:28:53 - [MESSAGE][PASSED] - Text 'PRNO/09062018/715' is set on object 'Object Repository/store Request Schedule 1/Page_KDMC - CMS/input'

2018-06-09 19:28:53 - [TEST_STEP][PASSED] - click: Object: 'Object Repository/store Request Schedule 1/Page_KDMC - CMS/td_text-center' is clicked on

2018-06-09 19:28:53 - [MESSAGE][PASSED] - Object: 'Object Repository/store Request Schedule 1/Page_KDMC - CMS/td_text-center' is clicked on

2018-06-09 19:28:53 - [TEST_STEP][PASSED] - delay: Delayed 3 second(s)

2018-06-09 19:28:56 - [MESSAGE][PASSED] - Delayed 3 second(s)

2018-06-09 19:28:56 - [TEST_STEP][PASSED] - delay: Delayed 2 second(s)

2018-06-09 19:28:58 - [MESSAGE][PASSED] - Delayed 2 second(s)

2018-06-09 19:28:58 - [TEST_STEP][PASSED] - Statement - For ([row = 0, row < SelectedOptions - 1, (row++)]): null

2018-06-09 19:28:58 - [TEST_STEP][PASSED] - Statement - batchlength = new com.kms.katalon.core.testobject.TestObject(): null

2018-06-09 19:28:58 - [TEST_STEP][PASSED] - Statement - batchlength = com.kms.katalon.core.webui.keyword.WebUiBuiltInKeywords.modifyObjectProperty(batchlength, "xpath", "equals", "//*[@id = "fldvendor" + row + ""]", true): Modify property of object successfully

2018-06-09 19:28:58 - [MESSAGE][PASSED] - Modify property of object successfully

2018-06-09 19:28:58 - [TEST_STEP][PASSED] - Statement - batchsize = com.kms.katalon.core.webui.keyword.WebUiBuiltInKeywords.getNumberOfTotalOption(batchlength): 15 options of object '' counted

2018-06-09 19:28:58 - [MESSAGE][PASSED] - 15 options of object '' counted

2018-06-09 19:28:58 - [TEST_STEP][PASSED] - Statement - out.println("BatchSize : " + batchsize): null

2018-06-09 19:28:58 - [TEST_STEP][PASSED] - Statement - For ([n = 1, n <= batchsize - 1, (n++)]): null

2018-06-09 19:28:58 - [TEST_STEP][PASSED] - Statement - product = new com.kms.katalon.core.testobject.TestObject(): null

2018-06-09 19:28:58 - [TEST_STEP][PASSED] - Statement - product = com.kms.katalon.core.webui.keyword.WebUiBuiltInKeywords.modifyObjectProperty(product, "xpath", "equals", "//*[@id = "fldvendor" + row + ""]", true): Modify property of object successfully

2018-06-09 19:28:58 - [MESSAGE][PASSED] - Modify property of object successfully

2018-06-09 19:28:58 - [TEST_STEP][PASSED] - selectOptionByIndex: All options with index in [1] are selected on object ''

2018-06-09 19:28:58 - [MESSAGE][PASSED] - All options with index in [1] are selected on object ''

2018-06-09 19:28:58 - [TEST_STEP][PASSED] - delay: Delayed 2 second(s)

2018-06-09 19:29:00 - [MESSAGE][PASSED] - Delayed 2 second(s)

2018-06-09 19:29:00 - [TEST_STEP][PASSED] - Statement - batch = new com.kms.katalon.core.testobject.TestObject(): null

2018-06-09 19:29:00 - [TEST_STEP][PASSED] - Statement - batch = com.kms.katalon.core.webui.keyword.WebUiBuiltInKeywords.modifyObjectProperty(batch, "xpath", "equals", "//*[@id = "txtbthqty" + row + ""]", true): Modify property of object successfully

2018-06-09 19:29:00 - [MESSAGE][PASSED] - Modify property of object successfully

2018-06-09 19:29:00 - [TEST_STEP][PASSED] - Statement - batchqty = com.kms.katalon.core.webui.keyword.WebUiBuiltInKeywords.getAttribute(batch, "value").trim(): Attribute 'value' of object '' is: '4000'

2018-06-09 19:29:00 - [MESSAGE][PASSED] - Attribute 'value' of object '' is: '4000'

2018-06-09 19:29:00 - [TEST_STEP][PASSED] - Statement - Rqty = 100: null

2018-06-09 19:29:00 - [TEST_STEP][PASSED] - Statement - out.println("BatchQty : " + batchqty): null

2018-06-09 19:29:00 - [TEST_STEP][PASSED] - Statement - out.println("RQty : " + Rqty): null

2018-06-09 19:29:00 - [TEST_STEP][PASSED] - Statement - If (java.lang.Integer.valueOf(batchqty) >= java.lang.Integer.valueOf(Rqty)): null

2018-06-09 19:29:00 - [TEST_STEP][PASSED] - Statement - Break: null

2018-06-09 19:29:00 - [TEST_STEP][PASSED] - Statement - batchlength = new com.kms.katalon.core.testobject.TestObject(): null

2018-06-09 19:29:00 - [TEST_STEP][PASSED] - Statement - batchlength = com.kms.katalon.core.webui.keyword.WebUiBuiltInKeywords.modifyObjectProperty(batchlength, "xpath", "equals", "//*[@id = "fldvendor" + row + ""]", true): Modify property of object successfully

2018-06-09 19:29:00 - [MESSAGE][PASSED] - Modify property of object successfully

2018-06-09 19:29:00 - [TEST_STEP][PASSED] - Statement - batchsize = com.kms.katalon.core.webui.keyword.WebUiBuiltInKeywords.getNumberOfTotalOption(batchlength): 16 options of object '' counted

2018-06-09 19:29:00 - [MESSAGE][PASSED] - 16 options of object '' counted

2018-06-09 19:29:00 - [TEST_STEP][PASSED] - Statement - out.println("BatchSize : " + batchsize): null

2018-06-09 19:29:00 - [TEST_STEP][PASSED] - Statement - For ([n = 1, n <= batchsize - 1, (n++)]): null

2018-06-09 19:29:00 - [TEST_STEP][PASSED] - Statement - product = new com.kms.katalon.core.testobject.TestObject(): null

2018-06-09 19:29:00 - [TEST_STEP][PASSED] - Statement - product = com.kms.katalon.core.webui.keyword.WebUiBuiltInKeywords.modifyObjectProperty(product, "xpath", "equals", "//*[@id = "fldvendor" + row + ""]", true): Modify property of object successfully

2018-06-09 19:29:00 - [MESSAGE][PASSED] - Modify property of object successfully

2018-06-09 19:29:00 - [TEST_STEP][PASSED] - selectOptionByIndex: All options with index in [1] are selected on object ''

2018-06-09 19:29:00 - [MESSAGE][PASSED] - All options with index in [1] are selected on object ''

2018-06-09 19:29:00 - [TEST_STEP][PASSED] - delay: Delayed 2 second(s)

2018-06-09 19:29:02 - [MESSAGE][PASSED] - Delayed 2 second(s)

2018-06-09 19:29:02 - [TEST_STEP][PASSED] - Statement - batch = new com.kms.katalon.core.testobject.TestObject(): null

2018-06-09 19:29:02 - [TEST_STEP][PASSED] - Statement - batch = com.kms.katalon.core.webui.keyword.WebUiBuiltInKeywords.modifyObjectProperty(batch, "xpath", "equals", "//*[@id = "txtbthqty" + row + ""]", true): Modify property of object successfully

2018-06-09 19:29:02 - [MESSAGE][PASSED] - Modify property of object successfully

2018-06-09 19:29:02 - [TEST_STEP][PASSED] - Statement - batchqty = com.kms.katalon.core.webui.keyword.WebUiBuiltInKeywords.getAttribute(batch, "value").trim(): Attribute 'value' of object '' is: '1400'

2018-06-09 19:29:02 - [MESSAGE][PASSED] - Attribute 'value' of object '' is: '1400'

2018-06-09 19:29:02 - [TEST_STEP][PASSED] - Statement - Rqty = 100: null

2018-06-09 19:29:02 - [TEST_STEP][PASSED] - Statement - out.println("BatchQty : " + batchqty): null

2018-06-09 19:29:02 - [TEST_STEP][PASSED] - Statement - out.println("RQty : " + Rqty): null

2018-06-09 19:29:02 - [TEST_STEP][PASSED] - Statement - If (java.lang.Integer.valueOf(batchqty) >= java.lang.Integer.valueOf(Rqty)): null

2018-06-09 19:29:02 - [TEST_STEP][PASSED] - Statement - Break: null

2018-06-09 19:29:02 - [TEST_STEP][PASSED] - Statement - batchlength = new com.kms.katalon.core.testobject.TestObject(): null

2018-06-09 19:29:02 - [TEST_STEP][PASSED] - Statement - batchlength = com.kms.katalon.core.webui.keyword.WebUiBuiltInKeywords.modifyObjectProperty(batchlength, "xpath", "equals", "//*[@id = "fldvendor" + row + ""]", true): Modify property of object successfully

2018-06-09 19:29:02 - [MESSAGE][PASSED] - Modify property of object successfully

2018-06-09 19:29:02 - [TEST_STEP][PASSED] - Statement - batchsize = com.kms.katalon.core.webui.keyword.WebUiBuiltInKeywords.getNumberOfTotalOption(batchlength): 14 options of object '' counted

2018-06-09 19:29:02 - [MESSAGE][PASSED] - 14 options of object '' counted

2018-06-09 19:29:02 - [TEST_STEP][PASSED] - Statement - out.println("BatchSize : " + batchsize): null

2018-06-09 19:29:02 - [TEST_STEP][PASSED] - Statement - For ([n = 1, n <= batchsize - 1, (n++)]): null

2018-06-09 19:29:02 - [TEST_STEP][PASSED] - Statement - product = new com.kms.katalon.core.testobject.TestObject(): null

2018-06-09 19:29:02 - [TEST_STEP][PASSED] - Statement - product = com.kms.katalon.core.webui.keyword.WebUiBuiltInKeywords.modifyObjectProperty(product, "xpath", "equals", "//*[@id = "fldvendor" + row + ""]", true): Modify property of object successfully

2018-06-09 19:29:02 - [MESSAGE][PASSED] - Modify property of object successfully

2018-06-09 19:29:02 - [TEST_STEP][PASSED] - selectOptionByIndex: All options with index in [1] are selected on object ''

2018-06-09 19:29:02 - [MESSAGE][PASSED] - All options with index in [1] are selected on object ''

2018-06-09 19:29:02 - [TEST_STEP][PASSED] - delay: Delayed 2 second(s)

2018-06-09 19:29:04 - [MESSAGE][PASSED] - Delayed 2 second(s)

2018-06-09 19:29:04 - [TEST_STEP][PASSED] - Statement - batch = new com.kms.katalon.core.testobject.TestObject(): null

2018-06-09 19:29:04 - [TEST_STEP][PASSED] - Statement - batch = com.kms.katalon.core.webui.keyword.WebUiBuiltInKeywords.modifyObjectProperty(batch, "xpath", "equals", "//*[@id = "txtbthqty" + row + ""]", true): Modify property of object successfully

2018-06-09 19:29:04 - [MESSAGE][PASSED] - Modify property of object successfully

2018-06-09 19:29:04 - [TEST_STEP][PASSED] - Statement - batchqty = com.kms.katalon.core.webui.keyword.WebUiBuiltInKeywords.getAttribute(batch, "value").trim(): Attribute 'value' of object '' is: '4000'

2018-06-09 19:29:04 - [MESSAGE][PASSED] - Attribute 'value' of object '' is: '4000'

2018-06-09 19:29:04 - [TEST_STEP][PASSED] - Statement - Rqty = 100: null

2018-06-09 19:29:04 - [TEST_STEP][PASSED] - Statement - out.println("BatchQty : " + batchqty): null

2018-06-09 19:29:04 - [TEST_STEP][PASSED] - Statement - out.println("RQty : " + Rqty): null

2018-06-09 19:29:04 - [TEST_STEP][PASSED] - Statement - If (java.lang.Integer.valueOf(batchqty) >= java.lang.Integer.valueOf(Rqty)): null

2018-06-09 19:29:04 - [TEST_STEP][PASSED] - Statement - Break: null

2018-06-09 19:29:04 - [TEST_STEP][PASSED] - Statement - batchlength = new com.kms.katalon.core.testobject.TestObject(): null

2018-06-09 19:29:04 - [TEST_STEP][PASSED] - Statement - batchlength = com.kms.katalon.core.webui.keyword.WebUiBuiltInKeywords.modifyObjectProperty(batchlength, "xpath", "equals", "//*[@id = "fldvendor" + row + ""]", true): Modify property of object successfully

2018-06-09 19:29:04 - [MESSAGE][PASSED] - Modify property of object successfully

2018-06-09 19:29:04 - [TEST_STEP][PASSED] - Statement - batchsize = com.kms.katalon.core.webui.keyword.WebUiBuiltInKeywords.getNumberOfTotalOption(batchlength): 14 options of object '' counted

2018-06-09 19:29:05 - [MESSAGE][PASSED] - 14 options of object '' counted

2018-06-09 19:29:05 - [TEST_STEP][PASSED] - Statement - out.println("BatchSize : " + batchsize): null

2018-06-09 19:29:05 - [TEST_STEP][PASSED] - Statement - For ([n = 1, n <= batchsize - 1, (n++)]): null

2018-06-09 19:29:05 - [TEST_STEP][PASSED] - Statement - product = new com.kms.katalon.core.testobject.TestObject(): null

2018-06-09 19:29:05 - [TEST_STEP][PASSED] - Statement - product = com.kms.katalon.core.webui.keyword.WebUiBuiltInKeywords.modifyObjectProperty(product, "xpath", "equals", "//*[@id = "fldvendor" + row + ""]", true): Modify property of object successfully

2018-06-09 19:29:05 - [MESSAGE][PASSED] - Modify property of object successfully

2018-06-09 19:29:05 - [TEST_STEP][PASSED] - selectOptionByIndex: All options with index in [1] are selected on object ''

2018-06-09 19:29:05 - [MESSAGE][PASSED] - All options with index in [1] are selected on object ''

2018-06-09 19:29:05 - [TEST_STEP][PASSED] - delay: Delayed 2 second(s)

2018-06-09 19:29:07 - [MESSAGE][PASSED] - Delayed 2 second(s)

2018-06-09 19:29:07 - [TEST_STEP][PASSED] - Statement - batch = new com.kms.katalon.core.testobject.TestObject(): null

2018-06-09 19:29:07 - [TEST_STEP][PASSED] - Statement - batch = com.kms.katalon.core.webui.keyword.WebUiBuiltInKeywords.modifyObjectProperty(batch, "xpath", "equals", "//*[@id = "txtbthqty" + row + ""]", true): Modify property of object successfully

2018-06-09 19:29:07 - [MESSAGE][PASSED] - Modify property of object successfully

2018-06-09 19:29:07 - [TEST_STEP][PASSED] - Statement - batchqty = com.kms.katalon.core.webui.keyword.WebUiBuiltInKeywords.getAttribute(batch, "value").trim(): Attribute 'value' of object '' is: '2600'

2018-06-09 19:29:07 - [MESSAGE][PASSED] - Attribute 'value' of object '' is: '2600'

2018-06-09 19:29:07 - [TEST_STEP][PASSED] - Statement - Rqty = 100: null

2018-06-09 19:29:07 - [TEST_STEP][PASSED] - Statement - out.println("BatchQty : " + batchqty): null

2018-06-09 19:29:07 - [TEST_STEP][PASSED] - Statement - out.println("RQty : " + Rqty): null

2018-06-09 19:29:07 - [TEST_STEP][PASSED] - Statement - If (java.lang.Integer.valueOf(batchqty) >= java.lang.Integer.valueOf(Rqty)): null

2018-06-09 19:29:07 - [TEST_STEP][PASSED] - Statement - Break: null

2018-06-09 19:29:07 - [TEST_STEP][PASSED] - Statement - batchlength = new com.kms.katalon.core.testobject.TestObject(): null

2018-06-09 19:29:07 - [TEST_STEP][PASSED] - Statement - batchlength = com.kms.katalon.core.webui.keyword.WebUiBuiltInKeywords.modifyObjectProperty(batchlength, "xpath", "equals", "//*[@id = "fldvendor" + row + ""]", true): Modify property of object successfully

2018-06-09 19:29:07 - [MESSAGE][PASSED] - Modify property of object successfully

2018-06-09 19:29:07 - [TEST_STEP][PASSED] - Statement - batchsize = com.kms.katalon.core.webui.keyword.WebUiBuiltInKeywords.getNumberOfTotalOption(batchlength): 14 options of object '' counted

2018-06-09 19:29:07 - [MESSAGE][PASSED] - 14 options of object '' counted

2018-06-09 19:29:07 - [TEST_STEP][PASSED] - Statement - out.println("BatchSize : " + batchsize): null

2018-06-09 19:29:07 - [TEST_STEP][PASSED] - Statement - For ([n = 1, n <= batchsize - 1, (n++)]): null

2018-06-09 19:29:07 - [TEST_STEP][PASSED] - Statement - product = new com.kms.katalon.core.testobject.TestObject(): null

2018-06-09 19:29:07 - [TEST_STEP][PASSED] - Statement - product = com.kms.katalon.core.webui.keyword.WebUiBuiltInKeywords.modifyObjectProperty(product, "xpath", "equals", "//*[@id = "fldvendor" + row + ""]", true): Modify property of object successfully

2018-06-09 19:29:07 - [MESSAGE][PASSED] - Modify property of object successfully

2018-06-09 19:29:07 - [TEST_STEP][PASSED] - selectOptionByIndex: All options with index in [1] are selected on object ''

2018-06-09 19:29:07 - [MESSAGE][PASSED] - All options with index in [1] are selected on object ''

2018-06-09 19:29:07 - [TEST_STEP][PASSED] - delay: Delayed 2 second(s)

2018-06-09 19:29:09 - [MESSAGE][PASSED] - Delayed 2 second(s)

2018-06-09 19:29:09 - [TEST_STEP][PASSED] - Statement - batch = new com.kms.katalon.core.testobject.TestObject(): null

2018-06-09 19:29:09 - [TEST_STEP][PASSED] - Statement - batch = com.kms.katalon.core.webui.keyword.WebUiBuiltInKeywords.modifyObjectProperty(batch, "xpath", "equals", "//*[@id = "txtbthqty" + row + ""]", true): Modify property of object successfully

2018-06-09 19:29:09 - [MESSAGE][PASSED] - Modify property of object successfully

2018-06-09 19:29:09 - [TEST_STEP][PASSED] - Statement - batchqty = com.kms.katalon.core.webui.keyword.WebUiBuiltInKeywords.getAttribute(batch, "value").trim(): Attribute 'value' of object '' is: '3200'

2018-06-09 19:29:09 - [MESSAGE][PASSED] - Attribute 'value' of object '' is: '3200'

2018-06-09 19:29:09 - [TEST_STEP][PASSED] - Statement - Rqty = 100: null

2018-06-09 19:29:09 - [TEST_STEP][PASSED] - Statement - out.println("BatchQty : " + batchqty): null

2018-06-09 19:29:09 - [TEST_STEP][PASSED] - Statement - out.println("RQty : " + Rqty): null

2018-06-09 19:29:09 - [TEST_STEP][PASSED] - Statement - If (java.lang.Integer.valueOf(batchqty) >= java.lang.Integer.valueOf(Rqty)): null

2018-06-09 19:29:09 - [TEST_STEP][PASSED] - Statement - Break: null

2018-06-09 19:29:09 - [TEST_STEP][PASSED] - Statement - batchlength = new com.kms.katalon.core.testobject.TestObject(): null

2018-06-09 19:29:09 - [TEST_STEP][PASSED] - Statement - batchlength = com.kms.katalon.core.webui.keyword.WebUiBuiltInKeywords.modifyObjectProperty(batchlength, "xpath", "equals", "//*[@id = "fldvendor" + row + ""]", true): Modify property of object successfully

2018-06-09 19:29:09 - [MESSAGE][PASSED] - Modify property of object successfully

2018-06-09 19:29:09 - [TEST_STEP][PASSED] - Statement - batchsize = com.kms.katalon.core.webui.keyword.WebUiBuiltInKeywords.getNumberOfTotalOption(batchlength): 14 options of object '' counted

2018-06-09 19:29:09 - [MESSAGE][PASSED] - 14 options of object '' counted

2018-06-09 19:29:09 - [TEST_STEP][PASSED] - Statement - out.println("BatchSize : " + batchsize): null

2018-06-09 19:29:09 - [TEST_STEP][PASSED] - Statement - For ([n = 1, n <= batchsize - 1, (n++)]): null

2018-06-09 19:29:09 - [TEST_STEP][PASSED] - Statement - product = new com.kms.katalon.core.testobject.TestObject(): null

2018-06-09 19:29:09 - [TEST_STEP][PASSED] - Statement - product = com.kms.katalon.core.webui.keyword.WebUiBuiltInKeywords.modifyObjectProperty(product, "xpath", "equals", "//*[@id = "fldvendor" + row + ""]", true): Modify property of object successfully

2018-06-09 19:29:09 - [MESSAGE][PASSED] - Modify property of object successfully

2018-06-09 19:29:09 - [TEST_STEP][PASSED] - selectOptionByIndex: All options with index in [1] are selected on object ''

2018-06-09 19:29:09 - [MESSAGE][PASSED] - All options with index in [1] are selected on object ''

2018-06-09 19:29:09 - [TEST_STEP][PASSED] - delay: Delayed 2 second(s)

2018-06-09 19:29:11 - [MESSAGE][PASSED] - Delayed 2 second(s)

2018-06-09 19:29:11 - [TEST_STEP][PASSED] - Statement - batch = new com.kms.katalon.core.testobject.TestObject(): null

2018-06-09 19:29:11 - [TEST_STEP][PASSED] - Statement - batch = com.kms.katalon.core.webui.keyword.WebUiBuiltInKeywords.modifyObjectProperty(batch, "xpath", "equals", "//*[@id = "txtbthqty" + row + ""]", true): Modify property of object successfully

2018-06-09 19:29:11 - [MESSAGE][PASSED] - Modify property of object successfully

2018-06-09 19:29:11 - [TEST_STEP][PASSED] - Statement - batchqty = com.kms.katalon.core.webui.keyword.WebUiBuiltInKeywords.getAttribute(batch, "value").trim(): Attribute 'value' of object '' is: '2700'

2018-06-09 19:29:11 - [MESSAGE][PASSED] - Attribute 'value' of object '' is: '2700'

2018-06-09 19:29:11 - [TEST_STEP][PASSED] - Statement - Rqty = 100: null

2018-06-09 19:29:11 - [TEST_STEP][PASSED] - Statement - out.println("BatchQty : " + batchqty): null

2018-06-09 19:29:11 - [TEST_STEP][PASSED] - Statement - out.println("RQty : " + Rqty): null

2018-06-09 19:29:11 - [TEST_STEP][PASSED] - Statement - If (java.lang.Integer.valueOf(batchqty) >= java.lang.Integer.valueOf(Rqty)): null

2018-06-09 19:29:11 - [TEST_STEP][PASSED] - Statement - Break: null

2018-06-09 19:29:11 - [TEST_STEP][PASSED] - Statement - batchlength = new com.kms.katalon.core.testobject.TestObject(): null

2018-06-09 19:29:11 - [TEST_STEP][PASSED] - Statement - batchlength = com.kms.katalon.core.webui.keyword.WebUiBuiltInKeywords.modifyObjectProperty(batchlength, "xpath", "equals", "//*[@id = "fldvendor" + row + ""]", true): Modify property of object successfully

2018-06-09 19:29:11 - [MESSAGE][PASSED] - Modify property of object successfully

2018-06-09 19:29:11 - [TEST_STEP][PASSED] - Statement - batchsize = com.kms.katalon.core.webui.keyword.WebUiBuiltInKeywords.getNumberOfTotalOption(batchlength): 13 options of object '' counted

2018-06-09 19:29:11 - [MESSAGE][PASSED] - 13 options of object '' counted

2018-06-09 19:29:11 - [TEST_STEP][PASSED] - Statement - out.println("BatchSize : " + batchsize): null

2018-06-09 19:29:11 - [TEST_STEP][PASSED] - Statement - For ([n = 1, n <= batchsize - 1, (n++)]): null

2018-06-09 19:29:11 - [TEST_STEP][PASSED] - Statement - product = new com.kms.katalon.core.testobject.TestObject(): null

2018-06-09 19:29:11 - [TEST_STEP][PASSED] - Statement - product = com.kms.katalon.core.webui.keyword.WebUiBuiltInKeywords.modifyObjectProperty(product, "xpath", "equals", "//*[@id = "fldvendor" + row + ""]", true): Modify property of object successfully

2018-06-09 19:29:11 - [MESSAGE][PASSED] - Modify property of object successfully

2018-06-09 19:29:11 - [TEST_STEP][PASSED] - selectOptionByIndex: All options with index in [1] are selected on object ''

2018-06-09 19:29:11 - [MESSAGE][PASSED] - All options with index in [1] are selected on object ''

2018-06-09 19:29:11 - [TEST_STEP][PASSED] - delay: Delayed 2 second(s)

2018-06-09 19:29:13 - [MESSAGE][PASSED] - Delayed 2 second(s)

2018-06-09 19:29:13 - [TEST_STEP][PASSED] - Statement - batch = new com.kms.katalon.core.testobject.TestObject(): null

2018-06-09 19:29:13 - [TEST_STEP][PASSED] - Statement - batch = com.kms.katalon.core.webui.keyword.WebUiBuiltInKeywords.modifyObjectProperty(batch, "xpath", "equals", "//*[@id = "txtbthqty" + row + ""]", true): Modify property of object successfully

2018-06-09 19:29:13 - [MESSAGE][PASSED] - Modify property of object successfully

2018-06-09 19:29:13 - [TEST_STEP][PASSED] - Statement - batchqty = com.kms.katalon.core.webui.keyword.WebUiBuiltInKeywords.getAttribute(batch, "value").trim(): Attribute 'value' of object '' is: '4000'

2018-06-09 19:29:13 - [MESSAGE][PASSED] - Attribute 'value' of object '' is: '4000'

2018-06-09 19:29:13 - [TEST_STEP][PASSED] - Statement - Rqty = 100: null

2018-06-09 19:29:13 - [TEST_STEP][PASSED] - Statement - out.println("BatchQty : " + batchqty): null

2018-06-09 19:29:13 - [TEST_STEP][PASSED] - Statement - out.println("RQty : " + Rqty): null

2018-06-09 19:29:13 - [TEST_STEP][PASSED] - Statement - If (java.lang.Integer.valueOf(batchqty) >= java.lang.Integer.valueOf(Rqty)): null

2018-06-09 19:29:13 - [TEST_STEP][PASSED] - Statement - Break: null

2018-06-09 19:29:13 - [TEST_STEP][PASSED] - Statement - batchlength = new com.kms.katalon.core.testobject.TestObject(): null

2018-06-09 19:29:13 - [TEST_STEP][PASSED] - Statement - batchlength = com.kms.katalon.core.webui.keyword.WebUiBuiltInKeywords.modifyObjectProperty(batchlength, "xpath", "equals", "//*[@id = "fldvendor" + row + ""]", true): Modify property of object successfully

2018-06-09 19:29:13 - [MESSAGE][PASSED] - Modify property of object successfully

2018-06-09 19:29:13 - [TEST_STEP][PASSED] - Statement - batchsize = com.kms.katalon.core.webui.keyword.WebUiBuiltInKeywords.getNumberOfTotalOption(batchlength): 13 options of object '' counted

2018-06-09 19:29:14 - [MESSAGE][PASSED] - 13 options of object '' counted

2018-06-09 19:29:14 - [TEST_STEP][PASSED] - Statement - out.println("BatchSize : " + batchsize): null

2018-06-09 19:29:14 - [TEST_STEP][PASSED] - Statement - For ([n = 1, n <= batchsize - 1, (n++)]): null

2018-06-09 19:29:14 - [TEST_STEP][PASSED] - Statement - product = new com.kms.katalon.core.testobject.TestObject(): null

2018-06-09 19:29:14 - [TEST_STEP][PASSED] - Statement - product = com.kms.katalon.core.webui.keyword.WebUiBuiltInKeywords.modifyObjectProperty(product, "xpath", "equals", "//*[@id = "fldvendor" + row + ""]", true): Modify property of object successfully

2018-06-09 19:29:14 - [MESSAGE][PASSED] - Modify property of object successfully

2018-06-09 19:29:14 - [TEST_STEP][PASSED] - selectOptionByIndex: All options with index in [1] are selected on object ''

2018-06-09 19:29:14 - [MESSAGE][PASSED] - All options with index in [1] are selected on object ''

2018-06-09 19:29:14 - [TEST_STEP][PASSED] - delay: Delayed 2 second(s)

2018-06-09 19:29:16 - [MESSAGE][PASSED] - Delayed 2 second(s)

2018-06-09 19:29:16 - [TEST_STEP][PASSED] - Statement - batch = new com.kms.katalon.core.testobject.TestObject(): null

2018-06-09 19:29:16 - [TEST_STEP][PASSED] - Statement - batch = com.kms.katalon.core.webui.keyword.WebUiBuiltInKeywords.modifyObjectProperty(batch, "xpath", "equals", "//*[@id = "txtbthqty" + row + ""]", true): Modify property of object successfully

2018-06-09 19:29:16 - [MESSAGE][PASSED] - Modify property of object successfully

2018-06-09 19:29:16 - [TEST_STEP][PASSED] - Statement - batchqty = com.kms.katalon.core.webui.keyword.WebUiBuiltInKeywords.getAttribute(batch, "value").trim(): Attribute 'value' of object '' is: '3200'

2018-06-09 19:29:16 - [MESSAGE][PASSED] - Attribute 'value' of object '' is: '3200'

2018-06-09 19:29:16 - [TEST_STEP][PASSED] - Statement - Rqty = 100: null

2018-06-09 19:29:16 - [TEST_STEP][PASSED] - Statement - out.println("BatchQty : " + batchqty): null

2018-06-09 19:29:16 - [TEST_STEP][PASSED] - Statement - out.println("RQty : " + Rqty): null

2018-06-09 19:29:16 - [TEST_STEP][PASSED] - Statement - If (java.lang.Integer.valueOf(batchqty) >= java.lang.Integer.valueOf(Rqty)): null

2018-06-09 19:29:16 - [TEST_STEP][PASSED] - Statement - Break: null

2018-06-09 19:29:16 - [TEST_STEP][PASSED] - Statement - batchlength = new com.kms.katalon.core.testobject.TestObject(): null

2018-06-09 19:29:16 - [TEST_STEP][PASSED] - Statement - batchlength = com.kms.katalon.core.webui.keyword.WebUiBuiltInKeywords.modifyObjectProperty(batchlength, "xpath", "equals", "//*[@id = "fldvendor" + row + ""]", true): Modify property of object successfully

2018-06-09 19:29:16 - [MESSAGE][PASSED] - Modify property of object successfully

2018-06-09 19:29:16 - [TEST_STEP][PASSED] - Statement - batchsize = com.kms.katalon.core.webui.keyword.WebUiBuiltInKeywords.getNumberOfTotalOption(batchlength): 14 options of object '' counted

2018-06-09 19:29:16 - [MESSAGE][PASSED] - 14 options of object '' counted

2018-06-09 19:29:16 - [TEST_STEP][PASSED] - Statement - out.println("BatchSize : " + batchsize): null

2018-06-09 19:29:16 - [TEST_STEP][PASSED] - Statement - For ([n = 1, n <= batchsize - 1, (n++)]): null

2018-06-09 19:29:16 - [TEST_STEP][PASSED] - Statement - product = new com.kms.katalon.core.testobject.TestObject(): null

2018-06-09 19:29:16 - [TEST_STEP][PASSED] - Statement - product = com.kms.katalon.core.webui.keyword.WebUiBuiltInKeywords.modifyObjectProperty(product, "xpath", "equals", "//*[@id = "fldvendor" + row + ""]", true): Modify property of object successfully

2018-06-09 19:29:16 - [MESSAGE][PASSED] - Modify property of object successfully

2018-06-09 19:29:16 - [TEST_STEP][PASSED] - selectOptionByIndex: All options with index in [1] are selected on object ''

2018-06-09 19:29:16 - [MESSAGE][PASSED] - All options with index in [1] are selected on object ''

2018-06-09 19:29:16 - [TEST_STEP][PASSED] - delay: Delayed 2 second(s)

2018-06-09 19:29:18 - [MESSAGE][PASSED] - Delayed 2 second(s)

2018-06-09 19:29:18 - [TEST_STEP][PASSED] - Statement - batch = new com.kms.katalon.core.testobject.TestObject(): null

2018-06-09 19:29:18 - [TEST_STEP][PASSED] - Statement - batch = com.kms.katalon.core.webui.keyword.WebUiBuiltInKeywords.modifyObjectProperty(batch, "xpath", "equals", "//*[@id = "txtbthqty" + row + ""]", true): Modify property of object successfully

2018-06-09 19:29:18 - [MESSAGE][PASSED] - Modify property of object successfully

2018-06-09 19:29:18 - [TEST_STEP][PASSED] - Statement - batchqty = com.kms.katalon.core.webui.keyword.WebUiBuiltInKeywords.getAttribute(batch, "value").trim(): Attribute 'value' of object '' is: '2700'

2018-06-09 19:29:18 - [MESSAGE][PASSED] - Attribute 'value' of object '' is: '2700'

2018-06-09 19:29:18 - [TEST_STEP][PASSED] - Statement - Rqty = 100: null

2018-06-09 19:29:18 - [TEST_STEP][PASSED] - Statement - out.println("BatchQty : " + batchqty): null

2018-06-09 19:29:18 - [TEST_STEP][PASSED] - Statement - out.println("RQty : " + Rqty): null

2018-06-09 19:29:18 - [TEST_STEP][PASSED] - Statement - If (java.lang.Integer.valueOf(batchqty) >= java.lang.Integer.valueOf(Rqty)): null

2018-06-09 19:29:18 - [TEST_STEP][PASSED] - Statement - Break: null

2018-06-09 19:29:18 - [TEST_STEP][PASSED] - Statement - batchlength = new com.kms.katalon.core.testobject.TestObject(): null

2018-06-09 19:29:18 - [TEST_STEP][PASSED] - Statement - batchlength = com.kms.katalon.core.webui.keyword.WebUiBuiltInKeywords.modifyObjectProperty(batchlength, "xpath", "equals", "//*[@id = "fldvendor" + row + ""]", true): Modify property of object successfully

2018-06-09 19:29:18 - [MESSAGE][PASSED] - Modify property of object successfully

2018-06-09 19:29:18 - [TEST_STEP][PASSED] - Statement - batchsize = com.kms.katalon.core.webui.keyword.WebUiBuiltInKeywords.getNumberOfTotalOption(batchlength): 13 options of object '' counted

2018-06-09 19:29:18 - [MESSAGE][PASSED] - 13 options of object '' counted

2018-06-09 19:29:18 - [TEST_STEP][PASSED] - Statement - out.println("BatchSize : " + batchsize): null

2018-06-09 19:29:18 - [TEST_STEP][PASSED] - Statement - For ([n = 1, n <= batchsize - 1, (n++)]): null

2018-06-09 19:29:18 - [TEST_STEP][PASSED] - Statement - product = new com.kms.katalon.core.testobject.TestObject(): null

2018-06-09 19:29:18 - [TEST_STEP][PASSED] - Statement - product = com.kms.katalon.core.webui.keyword.WebUiBuiltInKeywords.modifyObjectProperty(product, "xpath", "equals", "//*[@id = "fldvendor" + row + ""]", true): Modify property of object successfully

2018-06-09 19:29:18 - [MESSAGE][PASSED] - Modify property of object successfully

2018-06-09 19:29:18 - [TEST_STEP][PASSED] - selectOptionByIndex: All options with index in [1] are selected on object ''

2018-06-09 19:29:18 - [MESSAGE][PASSED] - All options with index in [1] are selected on object ''

2018-06-09 19:29:18 - [TEST_STEP][PASSED] - delay: Delayed 2 second(s)

2018-06-09 19:29:20 - [MESSAGE][PASSED] - Delayed 2 second(s)

2018-06-09 19:29:20 - [TEST_STEP][PASSED] - Statement - batch = new com.kms.katalon.core.testobject.TestObject(): null

2018-06-09 19:29:20 - [TEST_STEP][PASSED] - Statement - batch = com.kms.katalon.core.webui.keyword.WebUiBuiltInKeywords.modifyObjectProperty(batch, "xpath", "equals", "//*[@id = "txtbthqty" + row + ""]", true): Modify property of object successfully

2018-06-09 19:29:20 - [MESSAGE][PASSED] - Modify property of object successfully

2018-06-09 19:29:20 - [TEST_STEP][PASSED] - Statement - batchqty = com.kms.katalon.core.webui.keyword.WebUiBuiltInKeywords.getAttribute(batch, "value").trim(): Attribute 'value' of object '' is: '4000'

2018-06-09 19:29:20 - [MESSAGE][PASSED] - Attribute 'value' of object '' is: '4000'

2018-06-09 19:29:20 - [TEST_STEP][PASSED] - Statement - Rqty = 100: null

2018-06-09 19:29:20 - [TEST_STEP][PASSED] - Statement - out.println("BatchQty : " + batchqty): null

2018-06-09 19:29:20 - [TEST_STEP][PASSED] - Statement - out.println("RQty : " + Rqty): null

2018-06-09 19:29:20 - [TEST_STEP][PASSED] - Statement - If (java.lang.Integer.valueOf(batchqty) >= java.lang.Integer.valueOf(Rqty)): null

2018-06-09 19:29:20 - [TEST_STEP][PASSED] - Statement - Break: null

2018-06-09 19:29:20 - [TEST_STEP][PASSED] - Statement - batchlength = new com.kms.katalon.core.testobject.TestObject(): null

2018-06-09 19:29:20 - [TEST_STEP][PASSED] - Statement - batchlength = com.kms.katalon.core.webui.keyword.WebUiBuiltInKeywords.modifyObjectProperty(batchlength, "xpath", "equals", "//*[@id = "fldvendor" + row + ""]", true): Modify property of object successfully

2018-06-09 19:29:20 - [MESSAGE][PASSED] - Modify property of object successfully

2018-06-09 19:29:20 - [TEST_STEP][PASSED] - Statement - batchsize = com.kms.katalon.core.webui.keyword.WebUiBuiltInKeywords.getNumberOfTotalOption(batchlength): 14 options of object '' counted

2018-06-09 19:29:20 - [MESSAGE][PASSED] - 14 options of object '' counted

2018-06-09 19:29:20 - [TEST_STEP][PASSED] - Statement - out.println("BatchSize : " + batchsize): null

2018-06-09 19:29:20 - [TEST_STEP][PASSED] - Statement - For ([n = 1, n <= batchsize - 1, (n++)]): null

2018-06-09 19:29:20 - [TEST_STEP][PASSED] - Statement - product = new com.kms.katalon.core.testobject.TestObject(): null

2018-06-09 19:29:20 - [TEST_STEP][PASSED] - Statement - product = com.kms.katalon.core.webui.keyword.WebUiBuiltInKeywords.modifyObjectProperty(product, "xpath", "equals", "//*[@id = "fldvendor" + row + ""]", true): Modify property of object successfully

2018-06-09 19:29:20 - [MESSAGE][PASSED] - Modify property of object successfully

2018-06-09 19:29:20 - [TEST_STEP][PASSED] - selectOptionByIndex: All options with index in [1] are selected on object ''

2018-06-09 19:29:20 - [MESSAGE][PASSED] - All options with index in [1] are selected on object ''

2018-06-09 19:29:20 - [TEST_STEP][PASSED] - delay: Delayed 2 second(s)

2018-06-09 19:29:22 - [MESSAGE][PASSED] - Delayed 2 second(s)

2018-06-09 19:29:22 - [TEST_STEP][PASSED] - Statement - batch = new com.kms.katalon.core.testobject.TestObject(): null

2018-06-09 19:29:22 - [TEST_STEP][PASSED] - Statement - batch = com.kms.katalon.core.webui.keyword.WebUiBuiltInKeywords.modifyObjectProperty(batch, "xpath", "equals", "//*[@id = "txtbthqty" + row + ""]", true): Modify property of object successfully

2018-06-09 19:29:22 - [MESSAGE][PASSED] - Modify property of object successfully

2018-06-09 19:29:22 - [TEST_STEP][PASSED] - Statement - batchqty = com.kms.katalon.core.webui.keyword.WebUiBuiltInKeywords.getAttribute(batch, "value").trim(): Attribute 'value' of object '' is: '4600'

2018-06-09 19:29:23 - [MESSAGE][PASSED] - Attribute 'value' of object '' is: '4600'

2018-06-09 19:29:23 - [TEST_STEP][PASSED] - Statement - Rqty = 100: null

2018-06-09 19:29:23 - [TEST_STEP][PASSED] - Statement - out.println("BatchQty : " + batchqty): null

2018-06-09 19:29:23 - [TEST_STEP][PASSED] - Statement - out.println("RQty : " + Rqty): null

2018-06-09 19:29:23 - [TEST_STEP][PASSED] - Statement - If (java.lang.Integer.valueOf(batchqty) >= java.lang.Integer.valueOf(Rqty)): null

2018-06-09 19:29:23 - [TEST_STEP][PASSED] - Statement - Break: null

2018-06-09 19:29:23 - [TEST_STEP][PASSED] - Statement - batchlength = new com.kms.katalon.core.testobject.TestObject(): null

2018-06-09 19:29:23 - [TEST_STEP][PASSED] - Statement - batchlength = com.kms.katalon.core.webui.keyword.WebUiBuiltInKeywords.modifyObjectProperty(batchlength, "xpath", "equals", "//*[@id = "fldvendor" + row + ""]", true): Modify property of object successfully

2018-06-09 19:29:23 - [MESSAGE][PASSED] - Modify property of object successfully

2018-06-09 19:29:23 - [TEST_STEP][PASSED] - Statement - batchsize = com.kms.katalon.core.webui.keyword.WebUiBuiltInKeywords.getNumberOfTotalOption(batchlength): 14 options of object '' counted

2018-06-09 19:29:23 - [MESSAGE][PASSED] - 14 options of object '' counted

2018-06-09 19:29:23 - [TEST_STEP][PASSED] - Statement - out.println("BatchSize : " + batchsize): null

2018-06-09 19:29:23 - [TEST_STEP][PASSED] - Statement - For ([n = 1, n <= batchsize - 1, (n++)]): null

2018-06-09 19:29:23 - [TEST_STEP][PASSED] - Statement - product = new com.kms.katalon.core.testobject.TestObject(): null

2018-06-09 19:29:23 - [TEST_STEP][PASSED] - Statement - product = com.kms.katalon.core.webui.keyword.WebUiBuiltInKeywords.modifyObjectProperty(product, "xpath", "equals", "//*[@id = "fldvendor" + row + ""]", true): Modify property of object successfully

2018-06-09 19:29:23 - [MESSAGE][PASSED] - Modify property of object successfully

2018-06-09 19:29:23 - [TEST_STEP][PASSED] - selectOptionByIndex: All options with index in [1] are selected on object ''

2018-06-09 19:29:23 - [MESSAGE][PASSED] - All options with index in [1] are selected on object ''

2018-06-09 19:29:23 - [TEST_STEP][PASSED] - delay: Delayed 2 second(s)

2018-06-09 19:29:25 - [MESSAGE][PASSED] - Delayed 2 second(s)

2018-06-09 19:29:25 - [TEST_STEP][PASSED] - Statement - batch = new com.kms.katalon.core.testobject.TestObject(): null

2018-06-09 19:29:25 - [TEST_STEP][PASSED] - Statement - batch = com.kms.katalon.core.webui.keyword.WebUiBuiltInKeywords.modifyObjectProperty(batch, "xpath", "equals", "//*[@id = "txtbthqty" + row + ""]", true): Modify property of object successfully

2018-06-09 19:29:25 - [MESSAGE][PASSED] - Modify property of object successfully

2018-06-09 19:29:25 - [TEST_STEP][PASSED] - Statement - batchqty = com.kms.katalon.core.webui.keyword.WebUiBuiltInKeywords.getAttribute(batch, "value").trim(): Attribute 'value' of object '' is: '36500'

2018-06-09 19:29:25 - [MESSAGE][PASSED] - Attribute 'value' of object '' is: '36500'

2018-06-09 19:29:25 - [TEST_STEP][PASSED] - Statement - Rqty = 100: null

2018-06-09 19:29:25 - [TEST_STEP][PASSED] - Statement - out.println("BatchQty : " + batchqty): null

2018-06-09 19:29:25 - [TEST_STEP][PASSED] - Statement - out.println("RQty : " + Rqty): null

2018-06-09 19:29:25 - [TEST_STEP][PASSED] - Statement - If (java.lang.Integer.valueOf(batchqty) >= java.lang.Integer.valueOf(Rqty)): null

2018-06-09 19:29:25 - [TEST_STEP][PASSED] - Statement - Break: null

2018-06-09 19:29:25 - [TEST_STEP][PASSED] - Statement - batchlength = new com.kms.katalon.core.testobject.TestObject(): null

2018-06-09 19:29:25 - [TEST_STEP][PASSED] - Statement - batchlength = com.kms.katalon.core.webui.keyword.WebUiBuiltInKeywords.modifyObjectProperty(batchlength, "xpath", "equals", "//*[@id = "fldvendor" + row + ""]", true): Modify property of object successfully

2018-06-09 19:29:25 - [MESSAGE][PASSED] - Modify property of object successfully

2018-06-09 19:29:25 - [TEST_STEP][PASSED] - Statement - batchsize = com.kms.katalon.core.webui.keyword.WebUiBuiltInKeywords.getNumberOfTotalOption(batchlength): 14 options of object '' counted

2018-06-09 19:29:25 - [MESSAGE][PASSED] - 14 options of object '' counted

2018-06-09 19:29:25 - [TEST_STEP][PASSED] - Statement - out.println("BatchSize : " + batchsize): null

2018-06-09 19:29:25 - [TEST_STEP][PASSED] - Statement - For ([n = 1, n <= batchsize - 1, (n++)]): null

2018-06-09 19:29:25 - [TEST_STEP][PASSED] - Statement - product = new com.kms.katalon.core.testobject.TestObject(): null

2018-06-09 19:29:25 - [TEST_STEP][PASSED] - Statement - product = com.kms.katalon.core.webui.keyword.WebUiBuiltInKeywords.modifyObjectProperty(product, "xpath", "equals", "//*[@id = "fldvendor" + row + ""]", true): Modify property of object successfully

2018-06-09 19:29:25 - [MESSAGE][PASSED] - Modify property of object successfully

2018-06-09 19:29:25 - [TEST_STEP][PASSED] - selectOptionByIndex: All options with index in [1] are selected on object ''

2018-06-09 19:29:25 - [MESSAGE][PASSED] - All options with index in [1] are selected on object ''

2018-06-09 19:29:25 - [TEST_STEP][PASSED] - delay: Delayed 2 second(s)

2018-06-09 19:29:27 - [MESSAGE][PASSED] - Delayed 2 second(s)

2018-06-09 19:29:27 - [TEST_STEP][PASSED] - Statement - batch = new com.kms.katalon.core.testobject.TestObject(): null

2018-06-09 19:29:27 - [TEST_STEP][PASSED] - Statement - batch = com.kms.katalon.core.webui.keyword.WebUiBuiltInKeywords.modifyObjectProperty(batch, "xpath", "equals", "//*[@id = "txtbthqty" + row + ""]", true): Modify property of object successfully

2018-06-09 19:29:27 - [MESSAGE][PASSED] - Modify property of object successfully

2018-06-09 19:29:27 - [TEST_STEP][PASSED] - Statement - batchqty = com.kms.katalon.core.webui.keyword.WebUiBuiltInKeywords.getAttribute(batch, "value").trim(): Attribute 'value' of object '' is: '2700'

2018-06-09 19:29:27 - [MESSAGE][PASSED] - Attribute 'value' of object '' is: '2700'

2018-06-09 19:29:27 - [TEST_STEP][PASSED] - Statement - Rqty = 100: null

2018-06-09 19:29:27 - [TEST_STEP][PASSED] - Statement - out.println("BatchQty : " + batchqty): null

2018-06-09 19:29:27 - [TEST_STEP][PASSED] - Statement - out.println("RQty : " + Rqty): null

2018-06-09 19:29:27 - [TEST_STEP][PASSED] - Statement - If (java.lang.Integer.valueOf(batchqty) >= java.lang.Integer.valueOf(Rqty)): null

2018-06-09 19:29:27 - [TEST_STEP][PASSED] - Statement - Break: null

2018-06-09 19:29:27 - [TEST_STEP][PASSED] - Statement - batchlength = new com.kms.katalon.core.testobject.TestObject(): null

2018-06-09 19:29:27 - [TEST_STEP][PASSED] - Statement - batchlength = com.kms.katalon.core.webui.keyword.WebUiBuiltInKeywords.modifyObjectProperty(batchlength, "xpath", "equals", "//*[@id = "fldvendor" + row + ""]", true): Modify property of object successfully

2018-06-09 19:29:27 - [MESSAGE][PASSED] - Modify property of object successfully

2018-06-09 19:29:27 - [TEST_STEP][PASSED] - Statement - batchsize = com.kms.katalon.core.webui.keyword.WebUiBuiltInKeywords.getNumberOfTotalOption(batchlength): 13 options of object '' counted

2018-06-09 19:29:27 - [MESSAGE][PASSED] - 13 options of object '' counted

2018-06-09 19:29:27 - [TEST_STEP][PASSED] - Statement - out.println("BatchSize : " + batchsize): null

2018-06-09 19:29:27 - [TEST_STEP][PASSED] - Statement - For ([n = 1, n <= batchsize - 1, (n++)]): null

2018-06-09 19:29:27 - [TEST_STEP][PASSED] - Statement - product = new com.kms.katalon.core.testobject.TestObject(): null

2018-06-09 19:29:27 - [TEST_STEP][PASSED] - Statement - product = com.kms.katalon.core.webui.keyword.WebUiBuiltInKeywords.modifyObjectProperty(product, "xpath", "equals", "//*[@id = "fldvendor" + row + ""]", true): Modify property of object successfully

2018-06-09 19:29:27 - [MESSAGE][PASSED] - Modify property of object successfully

2018-06-09 19:29:27 - [TEST_STEP][PASSED] - selectOptionByIndex: All options with index in [1] are selected on object ''

2018-06-09 19:29:27 - [MESSAGE][PASSED] - All options with index in [1] are selected on object ''

2018-06-09 19:29:27 - [TEST_STEP][PASSED] - delay: Delayed 2 second(s)

2018-06-09 19:29:29 - [MESSAGE][PASSED] - Delayed 2 second(s)

2018-06-09 19:29:29 - [TEST_STEP][PASSED] - Statement - batch = new com.kms.katalon.core.testobject.TestObject(): null

2018-06-09 19:29:29 - [TEST_STEP][PASSED] - Statement - batch = com.kms.katalon.core.webui.keyword.WebUiBuiltInKeywords.modifyObjectProperty(batch, "xpath", "equals", "//*[@id = "txtbthqty" + row + ""]", true): Modify property of object successfully

2018-06-09 19:29:29 - [MESSAGE][PASSED] - Modify property of object successfully

2018-06-09 19:29:29 - [TEST_STEP][PASSED] - Statement - batchqty = com.kms.katalon.core.webui.keyword.WebUiBuiltInKeywords.getAttribute(batch, "value").trim(): Attribute 'value' of object '' is: '2200'

2018-06-09 19:29:29 - [MESSAGE][PASSED] - Attribute 'value' of object '' is: '2200'

2018-06-09 19:29:29 - [TEST_STEP][PASSED] - Statement - Rqty = 100: null

2018-06-09 19:29:29 - [TEST_STEP][PASSED] - Statement - out.println("BatchQty : " + batchqty): null

2018-06-09 19:29:29 - [TEST_STEP][PASSED] - Statement - out.println("RQty : " + Rqty): null

2018-06-09 19:29:29 - [TEST_STEP][PASSED] - Statement - If (java.lang.Integer.valueOf(batchqty) >= java.lang.Integer.valueOf(Rqty)): null

2018-06-09 19:29:29 - [TEST_STEP][PASSED] - Statement - Break: null

2018-06-09 19:29:29 - [TEST_STEP][PASSED] - Statement - batchlength = new com.kms.katalon.core.testobject.TestObject(): null

2018-06-09 19:29:29 - [TEST_STEP][PASSED] - Statement - batchlength = com.kms.katalon.core.webui.keyword.WebUiBuiltInKeywords.modifyObjectProperty(batchlength, "xpath", "equals", "//*[@id = "fldvendor" + row + ""]", true): Modify property of object successfully

2018-06-09 19:29:29 - [MESSAGE][PASSED] - Modify property of object successfully

2018-06-09 19:29:29 - [TEST_STEP][PASSED] - Statement - batchsize = com.kms.katalon.core.webui.keyword.WebUiBuiltInKeywords.getNumberOfTotalOption(batchlength): 14 options of object '' counted

2018-06-09 19:29:29 - [MESSAGE][PASSED] - 14 options of object '' counted

2018-06-09 19:29:29 - [TEST_STEP][PASSED] - Statement - out.println("BatchSize : " + batchsize): null

2018-06-09 19:29:29 - [TEST_STEP][PASSED] - Statement - For ([n = 1, n <= batchsize - 1, (n++)]): null

2018-06-09 19:29:29 - [TEST_STEP][PASSED] - Statement - product = new com.kms.katalon.core.testobject.TestObject(): null

2018-06-09 19:29:29 - [TEST_STEP][PASSED] - Statement - product = com.kms.katalon.core.webui.keyword.WebUiBuiltInKeywords.modifyObjectProperty(product, "xpath", "equals", "//*[@id = "fldvendor" + row + ""]", true): Modify property of object successfully

2018-06-09 19:29:29 - [MESSAGE][PASSED] - Modify property of object successfully

2018-06-09 19:29:29 - [TEST_STEP][PASSED] - selectOptionByIndex: All options with index in [1] are selected on object ''

2018-06-09 19:29:29 - [MESSAGE][PASSED] - All options with index in [1] are selected on object ''

2018-06-09 19:29:29 - [TEST_STEP][PASSED] - delay: Delayed 2 second(s)

2018-06-09 19:29:31 - [MESSAGE][PASSED] - Delayed 2 second(s)

2018-06-09 19:29:31 - [TEST_STEP][PASSED] - Statement - batch = new com.kms.katalon.core.testobject.TestObject(): null

2018-06-09 19:29:31 - [TEST_STEP][PASSED] - Statement - batch = com.kms.katalon.core.webui.keyword.WebUiBuiltInKeywords.modifyObjectProperty(batch, "xpath", "equals", "//*[@id = "txtbthqty" + row + ""]", true): Modify property of object successfully

2018-06-09 19:29:31 - [MESSAGE][PASSED] - Modify property of object successfully

2018-06-09 19:29:31 - [TEST_STEP][PASSED] - Statement - batchqty = com.kms.katalon.core.webui.keyword.WebUiBuiltInKeywords.getAttribute(batch, "value").trim(): Attribute 'value' of object '' is: '2700'

2018-06-09 19:29:32 - [MESSAGE][PASSED] - Attribute 'value' of object '' is: '2700'

2018-06-09 19:29:32 - [TEST_STEP][PASSED] - Statement - Rqty = 100: null

2018-06-09 19:29:32 - [TEST_STEP][PASSED] - Statement - out.println("BatchQty : " + batchqty): null

2018-06-09 19:29:32 - [TEST_STEP][PASSED] - Statement - out.println("RQty : " + Rqty): null

2018-06-09 19:29:32 - [TEST_STEP][PASSED] - Statement - If (java.lang.Integer.valueOf(batchqty) >= java.lang.Integer.valueOf(Rqty)): null

2018-06-09 19:29:32 - [TEST_STEP][PASSED] - Statement - Break: null

2018-06-09 19:29:32 - [TEST_STEP][PASSED] - Statement - batchlength = new com.kms.katalon.core.testobject.TestObject(): null

2018-06-09 19:29:32 - [TEST_STEP][PASSED] - Statement - batchlength = com.kms.katalon.core.webui.keyword.WebUiBuiltInKeywords.modifyObjectProperty(batchlength, "xpath", "equals", "//*[@id = "fldvendor" + row + ""]", true): Modify property of object successfully

2018-06-09 19:29:32 - [MESSAGE][PASSED] - Modify property of object successfully

2018-06-09 19:29:32 - [TEST_STEP][PASSED] - Statement - batchsize = com.kms.katalon.core.webui.keyword.WebUiBuiltInKeywords.getNumberOfTotalOption(batchlength): 14 options of object '' counted

2018-06-09 19:29:32 - [MESSAGE][PASSED] - 14 options of object '' counted

2018-06-09 19:29:32 - [TEST_STEP][PASSED] - Statement - out.println("BatchSize : " + batchsize): null

2018-06-09 19:29:32 - [TEST_STEP][PASSED] - Statement - For ([n = 1, n <= batchsize - 1, (n++)]): null

2018-06-09 19:29:32 - [TEST_STEP][PASSED] - Statement - product = new com.kms.katalon.core.testobject.TestObject(): null

2018-06-09 19:29:32 - [TEST_STEP][PASSED] - Statement - product = com.kms.katalon.core.webui.keyword.WebUiBuiltInKeywords.modifyObjectProperty(product, "xpath", "equals", "//*[@id = "fldvendor" + row + ""]", true): Modify property of object successfully

2018-06-09 19:29:32 - [MESSAGE][PASSED] - Modify property of object successfully

2018-06-09 19:29:32 - [TEST_STEP][PASSED] - selectOptionByIndex: All options with index in [1] are selected on object ''

2018-06-09 19:29:32 - [MESSAGE][PASSED] - All options with index in [1] are selected on object ''

2018-06-09 19:29:32 - [TEST_STEP][PASSED] - delay: Delayed 2 second(s)

2018-06-09 19:29:34 - [MESSAGE][PASSED] - Delayed 2 second(s)

2018-06-09 19:29:34 - [TEST_STEP][PASSED] - Statement - batch = new com.kms.katalon.core.testobject.TestObject(): null

2018-06-09 19:29:34 - [TEST_STEP][PASSED] - Statement - batch = com.kms.katalon.core.webui.keyword.WebUiBuiltInKeywords.modifyObjectProperty(batch, "xpath", "equals", "//*[@id = "txtbthqty" + row + ""]", true): Modify property of object successfully

2018-06-09 19:29:34 - [MESSAGE][PASSED] - Modify property of object successfully

2018-06-09 19:29:34 - [TEST_STEP][PASSED] - Statement - batchqty = com.kms.katalon.core.webui.keyword.WebUiBuiltInKeywords.getAttribute(batch, "value").trim(): Attribute 'value' of object '' is: '36500'

2018-06-09 19:29:34 - [MESSAGE][PASSED] - Attribute 'value' of object '' is: '36500'

2018-06-09 19:29:34 - [TEST_STEP][PASSED] - Statement - Rqty = 100: null

2018-06-09 19:29:34 - [TEST_STEP][PASSED] - Statement - out.println("BatchQty : " + batchqty): null

2018-06-09 19:29:34 - [TEST_STEP][PASSED] - Statement - out.println("RQty : " + Rqty): null

2018-06-09 19:29:34 - [TEST_STEP][PASSED] - Statement - If (java.lang.Integer.valueOf(batchqty) >= java.lang.Integer.valueOf(Rqty)): null

2018-06-09 19:29:34 - [TEST_STEP][PASSED] - Statement - Break: null

2018-06-09 19:29:34 - [TEST_STEP][PASSED] - Statement - batchlength = new com.kms.katalon.core.testobject.TestObject(): null

2018-06-09 19:29:34 - [TEST_STEP][PASSED] - Statement - batchlength = com.kms.katalon.core.webui.keyword.WebUiBuiltInKeywords.modifyObjectProperty(batchlength, "xpath", "equals", "//*[@id = "fldvendor" + row + ""]", true): Modify property of object successfully

2018-06-09 19:29:34 - [MESSAGE][PASSED] - Modify property of object successfully

2018-06-09 19:29:34 - [TEST_STEP][PASSED] - Statement - batchsize = com.kms.katalon.core.webui.keyword.WebUiBuiltInKeywords.getNumberOfTotalOption(batchlength): 14 options of object '' counted

2018-06-09 19:29:34 - [MESSAGE][PASSED] - 14 options of object '' counted

2018-06-09 19:29:34 - [TEST_STEP][PASSED] - Statement - out.println("BatchSize : " + batchsize): null

2018-06-09 19:29:34 - [TEST_STEP][PASSED] - Statement - For ([n = 1, n <= batchsize - 1, (n++)]): null

2018-06-09 19:29:34 - [TEST_STEP][PASSED] - Statement - product = new com.kms.katalon.core.testobject.TestObject(): null

2018-06-09 19:29:34 - [TEST_STEP][PASSED] - Statement - product = com.kms.katalon.core.webui.keyword.WebUiBuiltInKeywords.modifyObjectProperty(product, "xpath", "equals", "//*[@id = "fldvendor" + row + ""]", true): Modify property of object successfully

2018-06-09 19:29:34 - [MESSAGE][PASSED] - Modify property of object successfully

2018-06-09 19:29:34 - [TEST_STEP][PASSED] - selectOptionByIndex: All options with index in [1] are selected on object ''

2018-06-09 19:29:34 - [MESSAGE][PASSED] - All options with index in [1] are selected on object ''

2018-06-09 19:29:34 - [TEST_STEP][PASSED] - delay: Delayed 2 second(s)

2018-06-09 19:29:36 - [MESSAGE][PASSED] - Delayed 2 second(s)

2018-06-09 19:29:36 - [TEST_STEP][PASSED] - Statement - batch = new com.kms.katalon.core.testobject.TestObject(): null

2018-06-09 19:29:36 - [TEST_STEP][PASSED] - Statement - batch = com.kms.katalon.core.webui.keyword.WebUiBuiltInKeywords.modifyObjectProperty(batch, "xpath", "equals", "//*[@id = "txtbthqty" + row + ""]", true): Modify property of object successfully

2018-06-09 19:29:36 - [MESSAGE][PASSED] - Modify property of object successfully

2018-06-09 19:29:36 - [TEST_STEP][PASSED] - Statement - batchqty = com.kms.katalon.core.webui.keyword.WebUiBuiltInKeywords.getAttribute(batch, "value").trim(): Attribute 'value' of object '' is: '2700'

2018-06-09 19:29:36 - [MESSAGE][PASSED] - Attribute 'value' of object '' is: '2700'

2018-06-09 19:29:36 - [TEST_STEP][PASSED] - Statement - Rqty = 100: null

2018-06-09 19:29:36 - [TEST_STEP][PASSED] - Statement - out.println("BatchQty : " + batchqty): null

2018-06-09 19:29:36 - [TEST_STEP][PASSED] - Statement - out.println("RQty : " + Rqty): null

2018-06-09 19:29:36 - [TEST_STEP][PASSED] - Statement - If (java.lang.Integer.valueOf(batchqty) >= java.lang.Integer.valueOf(Rqty)): null

2018-06-09 19:29:36 - [TEST_STEP][PASSED] - Statement - Break: null

2018-06-09 19:29:36 - [TEST_STEP][PASSED] - Statement - batchlength = new com.kms.katalon.core.testobject.TestObject(): null

2018-06-09 19:29:36 - [TEST_STEP][PASSED] - Statement - batchlength = com.kms.katalon.core.webui.keyword.WebUiBuiltInKeywords.modifyObjectProperty(batchlength, "xpath", "equals", "//*[@id = "fldvendor" + row + ""]", true): Modify property of object successfully

2018-06-09 19:29:36 - [MESSAGE][PASSED] - Modify property of object successfully

2018-06-09 19:29:36 - [TEST_STEP][PASSED] - Statement - batchsize = com.kms.katalon.core.webui.keyword.WebUiBuiltInKeywords.getNumberOfTotalOption(batchlength): 14 options of object '' counted

2018-06-09 19:29:36 - [MESSAGE][PASSED] - 14 options of object '' counted

2018-06-09 19:29:36 - [TEST_STEP][PASSED] - Statement - out.println("BatchSize : " + batchsize): null

2018-06-09 19:29:36 - [TEST_STEP][PASSED] - Statement - For ([n = 1, n <= batchsize - 1, (n++)]): null

2018-06-09 19:29:36 - [TEST_STEP][PASSED] - Statement - product = new com.kms.katalon.core.testobject.TestObject(): null

2018-06-09 19:29:36 - [TEST_STEP][PASSED] - Statement - product = com.kms.katalon.core.webui.keyword.WebUiBuiltInKeywords.modifyObjectProperty(product, "xpath", "equals", "//*[@id = "fldvendor" + row + ""]", true): Modify property of object successfully

2018-06-09 19:29:36 - [MESSAGE][PASSED] - Modify property of object successfully

2018-06-09 19:29:36 - [TEST_STEP][PASSED] - selectOptionByIndex: All options with index in [1] are selected on object ''

2018-06-09 19:29:36 - [MESSAGE][PASSED] - All options with index in [1] are selected on object ''

2018-06-09 19:29:36 - [TEST_STEP][PASSED] - delay: Delayed 2 second(s)

2018-06-09 19:29:38 - [MESSAGE][PASSED] - Delayed 2 second(s)

2018-06-09 19:29:38 - [TEST_STEP][PASSED] - Statement - batch = new com.kms.katalon.core.testobject.TestObject(): null

2018-06-09 19:29:38 - [TEST_STEP][PASSED] - Statement - batch = com.kms.katalon.core.webui.keyword.WebUiBuiltInKeywords.modifyObjectProperty(batch, "xpath", "equals", "//*[@id = "txtbthqty" + row + ""]", true): Modify property of object successfully

2018-06-09 19:29:38 - [MESSAGE][PASSED] - Modify property of object successfully

2018-06-09 19:29:38 - [TEST_STEP][PASSED] - Statement - batchqty = com.kms.katalon.core.webui.keyword.WebUiBuiltInKeywords.getAttribute(batch, "value").trim(): Attribute 'value' of object '' is: '4000'

2018-06-09 19:29:38 - [MESSAGE][PASSED] - Attribute 'value' of object '' is: '4000'

2018-06-09 19:29:38 - [TEST_STEP][PASSED] - Statement - Rqty = 100: null

2018-06-09 19:29:38 - [TEST_STEP][PASSED] - Statement - out.println("BatchQty : " + batchqty): null

2018-06-09 19:29:38 - [TEST_STEP][PASSED] - Statement - out.println("RQty : " + Rqty): null

2018-06-09 19:29:38 - [TEST_STEP][PASSED] - Statement - If (java.lang.Integer.valueOf(batchqty) >= java.lang.Integer.valueOf(Rqty)): null

2018-06-09 19:29:38 - [TEST_STEP][PASSED] - Statement - Break: null

2018-06-09 19:29:38 - [TEST_STEP][PASSED] - Statement - batchlength = new com.kms.katalon.core.testobject.TestObject(): null

2018-06-09 19:29:38 - [TEST_STEP][PASSED] - Statement - batchlength = com.kms.katalon.core.webui.keyword.WebUiBuiltInKeywords.modifyObjectProperty(batchlength, "xpath", "equals", "//*[@id = "fldvendor" + row + ""]", true): Modify property of object successfully

2018-06-09 19:29:38 - [MESSAGE][PASSED] - Modify property of object successfully

2018-06-09 19:29:38 - [TEST_STEP][PASSED] - Statement - batchsize = com.kms.katalon.core.webui.keyword.WebUiBuiltInKeywords.getNumberOfTotalOption(batchlength): 23 options of object '' counted

2018-06-09 19:29:38 - [MESSAGE][PASSED] - 23 options of object '' counted

2018-06-09 19:29:38 - [TEST_STEP][PASSED] - Statement - out.println("BatchSize : " + batchsize): null

2018-06-09 19:29:38 - [TEST_STEP][PASSED] - Statement - For ([n = 1, n <= batchsize - 1, (n++)]): null

2018-06-09 19:29:38 - [TEST_STEP][PASSED] - Statement - product = new com.kms.katalon.core.testobject.TestObject(): null

2018-06-09 19:29:38 - [TEST_STEP][PASSED] - Statement - product = com.kms.katalon.core.webui.keyword.WebUiBuiltInKeywords.modifyObjectProperty(product, "xpath", "equals", "//*[@id = "fldvendor" + row + ""]", true): Modify property of object successfully

2018-06-09 19:29:38 - [MESSAGE][PASSED] - Modify property of object successfully

2018-06-09 19:29:38 - [TEST_STEP][PASSED] - selectOptionByIndex: All options with index in [1] are selected on object ''

2018-06-09 19:29:38 - [MESSAGE][PASSED] - All options with index in [1] are selected on object ''

2018-06-09 19:29:38 - [TEST_STEP][PASSED] - delay: Delayed 2 second(s)

2018-06-09 19:29:40 - [MESSAGE][PASSED] - Delayed 2 second(s)

2018-06-09 19:29:40 - [TEST_STEP][PASSED] - Statement - batch = new com.kms.katalon.core.testobject.TestObject(): null

2018-06-09 19:29:40 - [TEST_STEP][PASSED] - Statement - batch = com.kms.katalon.core.webui.keyword.WebUiBuiltInKeywords.modifyObjectProperty(batch, "xpath", "equals", "//*[@id = "txtbthqty" + row + ""]", true): Modify property of object successfully

2018-06-09 19:29:40 - [MESSAGE][PASSED] - Modify property of object successfully

2018-06-09 19:29:40 - [TEST_STEP][PASSED] - Statement - batchqty = com.kms.katalon.core.webui.keyword.WebUiBuiltInKeywords.getAttribute(batch, "value").trim(): Attribute 'value' of object '' is: '700'

2018-06-09 19:29:41 - [MESSAGE][PASSED] - Attribute 'value' of object '' is: '700'

2018-06-09 19:29:41 - [TEST_STEP][PASSED] - Statement - Rqty = 100: null

2018-06-09 19:29:41 - [TEST_STEP][PASSED] - Statement - out.println("BatchQty : " + batchqty): null

2018-06-09 19:29:41 - [TEST_STEP][PASSED] - Statement - out.println("RQty : " + Rqty): null

2018-06-09 19:29:41 - [TEST_STEP][PASSED] - Statement - If (java.lang.Integer.valueOf(batchqty) >= java.lang.Integer.valueOf(Rqty)): null

2018-06-09 19:29:41 - [TEST_STEP][PASSED] - Statement - Break: null

2018-06-09 19:29:41 - [TEST_STEP][PASSED] - Statement - batchlength = new com.kms.katalon.core.testobject.TestObject(): null

2018-06-09 19:29:41 - [TEST_STEP][PASSED] - Statement - batchlength = com.kms.katalon.core.webui.keyword.WebUiBuiltInKeywords.modifyObjectProperty(batchlength, "xpath", "equals", "//*[@id = "fldvendor" + row + ""]", true): Modify property of object successfully

2018-06-09 19:29:41 - [MESSAGE][PASSED] - Modify property of object successfully

2018-06-09 19:29:41 - [TEST_STEP][PASSED] - Statement - batchsize = com.kms.katalon.core.webui.keyword.WebUiBuiltInKeywords.getNumberOfTotalOption(batchlength): 13 options of object '' counted

2018-06-09 19:29:41 - [MESSAGE][PASSED] - 13 options of object '' counted

2018-06-09 19:29:41 - [TEST_STEP][PASSED] - Statement - out.println("BatchSize : " + batchsize): null

2018-06-09 19:29:41 - [TEST_STEP][PASSED] - Statement - For ([n = 1, n <= batchsize - 1, (n++)]): null

2018-06-09 19:29:41 - [TEST_STEP][PASSED] - Statement - product = new com.kms.katalon.core.testobject.TestObject(): null

2018-06-09 19:29:41 - [TEST_STEP][PASSED] - Statement - product = com.kms.katalon.core.webui.keyword.WebUiBuiltInKeywords.modifyObjectProperty(product, "xpath", "equals", "//*[@id = "fldvendor" + row + ""]", true): Modify property of object successfully

2018-06-09 19:29:41 - [MESSAGE][PASSED] - Modify property of object successfully

2018-06-09 19:29:41 - [TEST_STEP][PASSED] - selectOptionByIndex: All options with index in [1] are selected on object ''

2018-06-09 19:29:41 - [MESSAGE][PASSED] - All options with index in [1] are selected on object ''

2018-06-09 19:29:41 - [TEST_STEP][PASSED] - delay: Delayed 2 second(s)

2018-06-09 19:29:43 - [MESSAGE][PASSED] - Delayed 2 second(s)

2018-06-09 19:29:43 - [TEST_STEP][PASSED] - Statement - batch = new com.kms.katalon.core.testobject.TestObject(): null

2018-06-09 19:29:43 - [TEST_STEP][PASSED] - Statement - batch = com.kms.katalon.core.webui.keyword.WebUiBuiltInKeywords.modifyObjectProperty(batch, "xpath", "equals", "//*[@id = "txtbthqty" + row + ""]", true): Modify property of object successfully

2018-06-09 19:29:43 - [MESSAGE][PASSED] - Modify property of object successfully

2018-06-09 19:29:43 - [TEST_STEP][PASSED] - Statement - batchqty = com.kms.katalon.core.webui.keyword.WebUiBuiltInKeywords.getAttribute(batch, "value").trim(): Attribute 'value' of object '' is: '3200'

2018-06-09 19:29:43 - [MESSAGE][PASSED] - Attribute 'value' of object '' is: '3200'

2018-06-09 19:29:43 - [TEST_STEP][PASSED] - Statement - Rqty = 100: null

2018-06-09 19:29:43 - [TEST_STEP][PASSED] - Statement - out.println("BatchQty : " + batchqty): null

2018-06-09 19:29:43 - [TEST_STEP][PASSED] - Statement - out.println("RQty : " + Rqty): null

2018-06-09 19:29:43 - [TEST_STEP][PASSED] - Statement - If (java.lang.Integer.valueOf(batchqty) >= java.lang.Integer.valueOf(Rqty)): null

2018-06-09 19:29:43 - [TEST_STEP][PASSED] - Statement - Break: null

2018-06-09 19:29:43 - [TEST_STEP][PASSED] - Statement - batchlength = new com.kms.katalon.core.testobject.TestObject(): null

2018-06-09 19:29:43 - [TEST_STEP][PASSED] - Statement - batchlength = com.kms.katalon.core.webui.keyword.WebUiBuiltInKeywords.modifyObjectProperty(batchlength, "xpath", "equals", "//*[@id = "fldvendor" + row + ""]", true): Modify property of object successfully

2018-06-09 19:29:43 - [MESSAGE][PASSED] - Modify property of object successfully

2018-06-09 19:29:43 - [TEST_STEP][PASSED] - Statement - batchsize = com.kms.katalon.core.webui.keyword.WebUiBuiltInKeywords.getNumberOfTotalOption(batchlength): 14 options of object '' counted

2018-06-09 19:29:43 - [MESSAGE][PASSED] - 14 options of object '' counted

2018-06-09 19:29:43 - [TEST_STEP][PASSED] - Statement - out.println("BatchSize : " + batchsize): null

2018-06-09 19:29:43 - [TEST_STEP][PASSED] - Statement - For ([n = 1, n <= batchsize - 1, (n++)]): null

2018-06-09 19:29:43 - [TEST_STEP][PASSED] - Statement - product = new com.kms.katalon.core.testobject.TestObject(): null

2018-06-09 19:29:43 - [TEST_STEP][PASSED] - Statement - product = com.kms.katalon.core.webui.keyword.WebUiBuiltInKeywords.modifyObjectProperty(product, "xpath", "equals", "//*[@id = "fldvendor" + row + ""]", true): Modify property of object successfully

2018-06-09 19:29:43 - [MESSAGE][PASSED] - Modify property of object successfully

2018-06-09 19:29:43 - [TEST_STEP][PASSED] - selectOptionByIndex: All options with index in [1] are selected on object ''

2018-06-09 19:29:43 - [MESSAGE][PASSED] - All options with index in [1] are selected on object ''

2018-06-09 19:29:43 - [TEST_STEP][PASSED] - delay: Delayed 2 second(s)

2018-06-09 19:29:45 - [MESSAGE][PASSED] - Delayed 2 second(s)

2018-06-09 19:29:45 - [TEST_STEP][PASSED] - Statement - batch = new com.kms.katalon.core.testobject.TestObject(): null

2018-06-09 19:29:45 - [TEST_STEP][PASSED] - Statement - batch = com.kms.katalon.core.webui.keyword.WebUiBuiltInKeywords.modifyObjectProperty(batch, "xpath", "equals", "//*[@id = "txtbthqty" + row + ""]", true): Modify property of object successfully

2018-06-09 19:29:45 - [MESSAGE][PASSED] - Modify property of object successfully

2018-06-09 19:29:45 - [TEST_STEP][PASSED] - Statement - batchqty = com.kms.katalon.core.webui.keyword.WebUiBuiltInKeywords.getAttribute(batch, "value").trim(): Attribute 'value' of object '' is: '4600'

2018-06-09 19:29:45 - [MESSAGE][PASSED] - Attribute 'value' of object '' is: '4600'

2018-06-09 19:29:45 - [TEST_STEP][PASSED] - Statement - Rqty = 100: null

2018-06-09 19:29:45 - [TEST_STEP][PASSED] - Statement - out.println("BatchQty : " + batchqty): null

2018-06-09 19:29:45 - [TEST_STEP][PASSED] - Statement - out.println("RQty : " + Rqty): null

2018-06-09 19:29:45 - [TEST_STEP][PASSED] - Statement - If (java.lang.Integer.valueOf(batchqty) >= java.lang.Integer.valueOf(Rqty)): null

2018-06-09 19:29:45 - [TEST_STEP][PASSED] - Statement - Break: null

2018-06-09 19:29:45 - [TEST_STEP][PASSED] - Statement - batchlength = new com.kms.katalon.core.testobject.TestObject(): null

2018-06-09 19:29:45 - [TEST_STEP][PASSED] - Statement - batchlength = com.kms.katalon.core.webui.keyword.WebUiBuiltInKeywords.modifyObjectProperty(batchlength, "xpath", "equals", "//*[@id = "fldvendor" + row + ""]", true): Modify property of object successfully

2018-06-09 19:29:45 - [MESSAGE][PASSED] - Modify property of object successfully

2018-06-09 19:29:45 - [TEST_STEP][PASSED] - Statement - batchsize = com.kms.katalon.core.webui.keyword.WebUiBuiltInKeywords.getNumberOfTotalOption(batchlength): 14 options of object '' counted

2018-06-09 19:29:45 - [MESSAGE][PASSED] - 14 options of object '' counted

2018-06-09 19:29:45 - [TEST_STEP][PASSED] - Statement - out.println("BatchSize : " + batchsize): null

2018-06-09 19:29:45 - [TEST_STEP][PASSED] - Statement - For ([n = 1, n <= batchsize - 1, (n++)]): null

2018-06-09 19:29:45 - [TEST_STEP][PASSED] - Statement - product = new com.kms.katalon.core.testobject.TestObject(): null

2018-06-09 19:29:45 - [TEST_STEP][PASSED] - Statement - product = com.kms.katalon.core.webui.keyword.WebUiBuiltInKeywords.modifyObjectProperty(product, "xpath", "equals", "//*[@id = "fldvendor" + row + ""]", true): Modify property of object successfully

2018-06-09 19:29:45 - [MESSAGE][PASSED] - Modify property of object successfully

2018-06-09 19:29:45 - [TEST_STEP][PASSED] - selectOptionByIndex: All options with index in [1] are selected on object ''

2018-06-09 19:29:45 - [MESSAGE][PASSED] - All options with index in [1] are selected on object ''

2018-06-09 19:29:45 - [TEST_STEP][PASSED] - delay: Delayed 2 second(s)

2018-06-09 19:29:47 - [MESSAGE][PASSED] - Delayed 2 second(s)

2018-06-09 19:29:47 - [TEST_STEP][PASSED] - Statement - batch = new com.kms.katalon.core.testobject.TestObject(): null

2018-06-09 19:29:47 - [TEST_STEP][PASSED] - Statement - batch = com.kms.katalon.core.webui.keyword.WebUiBuiltInKeywords.modifyObjectProperty(batch, "xpath", "equals", "//*[@id = "txtbthqty" + row + ""]", true): Modify property of object successfully

2018-06-09 19:29:47 - [MESSAGE][PASSED] - Modify property of object successfully

2018-06-09 19:29:47 - [TEST_STEP][PASSED] - Statement - batchqty = com.kms.katalon.core.webui.keyword.WebUiBuiltInKeywords.getAttribute(batch, "value").trim(): Attribute 'value' of object '' is: '31500'

2018-06-09 19:29:47 - [MESSAGE][PASSED] - Attribute 'value' of object '' is: '31500'

2018-06-09 19:29:47 - [TEST_STEP][PASSED] - Statement - Rqty = 100: null

2018-06-09 19:29:47 - [TEST_STEP][PASSED] - Statement - out.println("BatchQty : " + batchqty): null

2018-06-09 19:29:47 - [TEST_STEP][PASSED] - Statement - out.println("RQty : " + Rqty): null

2018-06-09 19:29:47 - [TEST_STEP][PASSED] - Statement - If (java.lang.Integer.valueOf(batchqty) >= java.lang.Integer.valueOf(Rqty)): null

2018-06-09 19:29:47 - [TEST_STEP][PASSED] - Statement - Break: null

2018-06-09 19:29:47 - [TEST_STEP][PASSED] - Statement - batchlength = new com.kms.katalon.core.testobject.TestObject(): null

2018-06-09 19:29:47 - [TEST_STEP][PASSED] - Statement - batchlength = com.kms.katalon.core.webui.keyword.WebUiBuiltInKeywords.modifyObjectProperty(batchlength, "xpath", "equals", "//*[@id = "fldvendor" + row + ""]", true): Modify property of object successfully

2018-06-09 19:29:47 - [MESSAGE][PASSED] - Modify property of object successfully

2018-06-09 19:29:47 - [TEST_STEP][PASSED] - Statement - batchsize = com.kms.katalon.core.webui.keyword.WebUiBuiltInKeywords.getNumberOfTotalOption(batchlength): 14 options of object '' counted

2018-06-09 19:29:47 - [MESSAGE][PASSED] - 14 options of object '' counted

2018-06-09 19:29:47 - [TEST_STEP][PASSED] - Statement - out.println("BatchSize : " + batchsize): null

2018-06-09 19:29:47 - [TEST_STEP][PASSED] - Statement - For ([n = 1, n <= batchsize - 1, (n++)]): null

2018-06-09 19:29:47 - [TEST_STEP][PASSED] - Statement - product = new com.kms.katalon.core.testobject.TestObject(): null

2018-06-09 19:29:47 - [TEST_STEP][PASSED] - Statement - product = com.kms.katalon.core.webui.keyword.WebUiBuiltInKeywords.modifyObjectProperty(product, "xpath", "equals", "//*[@id = "fldvendor" + row + ""]", true): Modify property of object successfully

2018-06-09 19:29:47 - [MESSAGE][PASSED] - Modify property of object successfully

2018-06-09 19:29:47 - [TEST_STEP][PASSED] - selectOptionByIndex: All options with index in [1] are selected on object ''

2018-06-09 19:29:48 - [MESSAGE][PASSED] - All options with index in [1] are selected on object ''

2018-06-09 19:29:48 - [TEST_STEP][PASSED] - delay: Delayed 2 second(s)

2018-06-09 19:29:50 - [MESSAGE][PASSED] - Delayed 2 second(s)

2018-06-09 19:29:50 - [TEST_STEP][PASSED] - Statement - batch = new com.kms.katalon.core.testobject.TestObject(): null

2018-06-09 19:29:50 - [TEST_STEP][PASSED] - Statement - batch = com.kms.katalon.core.webui.keyword.WebUiBuiltInKeywords.modifyObjectProperty(batch, "xpath", "equals", "//*[@id = "txtbthqty" + row + ""]", true): Modify property of object successfully

2018-06-09 19:29:50 - [MESSAGE][PASSED] - Modify property of object successfully

2018-06-09 19:29:50 - [TEST_STEP][PASSED] - Statement - batchqty = com.kms.katalon.core.webui.keyword.WebUiBuiltInKeywords.getAttribute(batch, "value").trim(): Attribute 'value' of object '' is: '700'

2018-06-09 19:29:50 - [MESSAGE][PASSED] - Attribute 'value' of object '' is: '700'

2018-06-09 19:29:50 - [TEST_STEP][PASSED] - Statement - Rqty = 100: null

2018-06-09 19:29:50 - [TEST_STEP][PASSED] - Statement - out.println("BatchQty : " + batchqty): null

2018-06-09 19:29:50 - [TEST_STEP][PASSED] - Statement - out.println("RQty : " + Rqty): null

2018-06-09 19:29:50 - [TEST_STEP][PASSED] - Statement - If (java.lang.Integer.valueOf(batchqty) >= java.lang.Integer.valueOf(Rqty)): null

2018-06-09 19:29:50 - [TEST_STEP][PASSED] - Statement - Break: null

2018-06-09 19:29:50 - [TEST_STEP][PASSED] - Statement - batchlength = new com.kms.katalon.core.testobject.TestObject(): null

2018-06-09 19:29:50 - [TEST_STEP][PASSED] - Statement - batchlength = com.kms.katalon.core.webui.keyword.WebUiBuiltInKeywords.modifyObjectProperty(batchlength, "xpath", "equals", "//*[@id = "fldvendor" + row + ""]", true): Modify property of object successfully

2018-06-09 19:29:50 - [MESSAGE][PASSED] - Modify property of object successfully

2018-06-09 19:29:50 - [TEST_STEP][PASSED] - Statement - batchsize = com.kms.katalon.core.webui.keyword.WebUiBuiltInKeywords.getNumberOfTotalOption(batchlength): 14 options of object '' counted

2018-06-09 19:29:50 - [MESSAGE][PASSED] - 14 options of object '' counted

2018-06-09 19:29:50 - [TEST_STEP][PASSED] - Statement - out.println("BatchSize : " + batchsize): null

2018-06-09 19:29:50 - [TEST_STEP][PASSED] - Statement - For ([n = 1, n <= batchsize - 1, (n++)]): null

2018-06-09 19:29:50 - [TEST_STEP][PASSED] - Statement - product = new com.kms.katalon.core.testobject.TestObject(): null

2018-06-09 19:29:50 - [TEST_STEP][PASSED] - Statement - product = com.kms.katalon.core.webui.keyword.WebUiBuiltInKeywords.modifyObjectProperty(product, "xpath", "equals", "//*[@id = "fldvendor" + row + ""]", true): Modify property of object successfully

2018-06-09 19:29:50 - [MESSAGE][PASSED] - Modify property of object successfully

2018-06-09 19:29:50 - [TEST_STEP][PASSED] - selectOptionByIndex: All options with index in [1] are selected on object ''

2018-06-09 19:29:50 - [MESSAGE][PASSED] - All options with index in [1] are selected on object ''

2018-06-09 19:29:50 - [TEST_STEP][PASSED] - delay: Delayed 2 second(s)

2018-06-09 19:29:52 - [MESSAGE][PASSED] - Delayed 2 second(s)

2018-06-09 19:29:52 - [TEST_STEP][PASSED] - Statement - batch = new com.kms.katalon.core.testobject.TestObject(): null

2018-06-09 19:29:52 - [TEST_STEP][PASSED] - Statement - batch = com.kms.katalon.core.webui.keyword.WebUiBuiltInKeywords.modifyObjectProperty(batch, "xpath", "equals", "//*[@id = "txtbthqty" + row + ""]", true): Modify property of object successfully

2018-06-09 19:29:52 - [MESSAGE][PASSED] - Modify property of object successfully

2018-06-09 19:29:52 - [TEST_STEP][PASSED] - Statement - batchqty = com.kms.katalon.core.webui.keyword.WebUiBuiltInKeywords.getAttribute(batch, "value").trim(): Attribute 'value' of object '' is: '36500'

2018-06-09 19:29:52 - [MESSAGE][PASSED] - Attribute 'value' of object '' is: '36500'

2018-06-09 19:29:52 - [TEST_STEP][PASSED] - Statement - Rqty = 100: null

2018-06-09 19:29:52 - [TEST_STEP][PASSED] - Statement - out.println("BatchQty : " + batchqty): null

2018-06-09 19:29:52 - [TEST_STEP][PASSED] - Statement - out.println("RQty : " + Rqty): null

2018-06-09 19:29:52 - [TEST_STEP][PASSED] - Statement - If (java.lang.Integer.valueOf(batchqty) >= java.lang.Integer.valueOf(Rqty)): null

2018-06-09 19:29:52 - [TEST_STEP][PASSED] - Statement - Break: null

2018-06-09 19:29:52 - [TEST_STEP][PASSED] - Statement - batchlength = new com.kms.katalon.core.testobject.TestObject(): null

2018-06-09 19:29:52 - [TEST_STEP][PASSED] - Statement - batchlength = com.kms.katalon.core.webui.keyword.WebUiBuiltInKeywords.modifyObjectProperty(batchlength, "xpath", "equals", "//*[@id = "fldvendor" + row + ""]", true): Modify property of object successfully

2018-06-09 19:29:52 - [MESSAGE][PASSED] - Modify property of object successfully

2018-06-09 19:29:52 - [TEST_STEP][PASSED] - Statement - batchsize = com.kms.katalon.core.webui.keyword.WebUiBuiltInKeywords.getNumberOfTotalOption(batchlength): 14 options of object '' counted

2018-06-09 19:29:52 - [MESSAGE][PASSED] - 14 options of object '' counted

2018-06-09 19:29:52 - [TEST_STEP][PASSED] - Statement - out.println("BatchSize : " + batchsize): null

2018-06-09 19:29:52 - [TEST_STEP][PASSED] - Statement - For ([n = 1, n <= batchsize - 1, (n++)]): null

2018-06-09 19:29:52 - [TEST_STEP][PASSED] - Statement - product = new com.kms.katalon.core.testobject.TestObject(): null

2018-06-09 19:29:52 - [TEST_STEP][PASSED] - Statement - product = com.kms.katalon.core.webui.keyword.WebUiBuiltInKeywords.modifyObjectProperty(product, "xpath", "equals", "//*[@id = "fldvendor" + row + ""]", true): Modify property of object successfully

2018-06-09 19:29:52 - [MESSAGE][PASSED] - Modify property of object successfully

2018-06-09 19:29:52 - [TEST_STEP][PASSED] - selectOptionByIndex: All options with index in [1] are selected on object ''

2018-06-09 19:29:52 - [MESSAGE][PASSED] - All options with index in [1] are selected on object ''

2018-06-09 19:29:52 - [TEST_STEP][PASSED] - delay: Delayed 2 second(s)

2018-06-09 19:29:54 - [MESSAGE][PASSED] - Delayed 2 second(s)

2018-06-09 19:29:54 - [TEST_STEP][PASSED] - Statement - batch = new com.kms.katalon.core.testobject.TestObject(): null

2018-06-09 19:29:54 - [TEST_STEP][PASSED] - Statement - batch = com.kms.katalon.core.webui.keyword.WebUiBuiltInKeywords.modifyObjectProperty(batch, "xpath", "equals", "//*[@id = "txtbthqty" + row + ""]", true): Modify property of object successfully

2018-06-09 19:29:54 - [MESSAGE][PASSED] - Modify property of object successfully

2018-06-09 19:29:54 - [TEST_STEP][PASSED] - Statement - batchqty = com.kms.katalon.core.webui.keyword.WebUiBuiltInKeywords.getAttribute(batch, "value").trim(): Attribute 'value' of object '' is: '2700'

2018-06-09 19:29:54 - [MESSAGE][PASSED] - Attribute 'value' of object '' is: '2700'

2018-06-09 19:29:54 - [TEST_STEP][PASSED] - Statement - Rqty = 100: null

2018-06-09 19:29:54 - [TEST_STEP][PASSED] - Statement - out.println("BatchQty : " + batchqty): null

2018-06-09 19:29:54 - [TEST_STEP][PASSED] - Statement - out.println("RQty : " + Rqty): null

2018-06-09 19:29:54 - [TEST_STEP][PASSED] - Statement - If (java.lang.Integer.valueOf(batchqty) >= java.lang.Integer.valueOf(Rqty)): null

2018-06-09 19:29:54 - [TEST_STEP][PASSED] - Statement - Break: null

2018-06-09 19:29:54 - [TEST_STEP][PASSED] - Statement - batchlength = new com.kms.katalon.core.testobject.TestObject(): null

2018-06-09 19:29:54 - [TEST_STEP][PASSED] - Statement - batchlength = com.kms.katalon.core.webui.keyword.WebUiBuiltInKeywords.modifyObjectProperty(batchlength, "xpath", "equals", "//*[@id = "fldvendor" + row + ""]", true): Modify property of object successfully

2018-06-09 19:29:54 - [MESSAGE][PASSED] - Modify property of object successfully

2018-06-09 19:29:54 - [TEST_STEP][PASSED] - Statement - batchsize = com.kms.katalon.core.webui.keyword.WebUiBuiltInKeywords.getNumberOfTotalOption(batchlength): 14 options of object '' counted

2018-06-09 19:29:54 - [MESSAGE][PASSED] - 14 options of object '' counted

2018-06-09 19:29:54 - [TEST_STEP][PASSED] - Statement - out.println("BatchSize : " + batchsize): null

2018-06-09 19:29:54 - [TEST_STEP][PASSED] - Statement - For ([n = 1, n <= batchsize - 1, (n++)]): null

2018-06-09 19:29:54 - [TEST_STEP][PASSED] - Statement - product = new com.kms.katalon.core.testobject.TestObject(): null

2018-06-09 19:29:54 - [TEST_STEP][PASSED] - Statement - product = com.kms.katalon.core.webui.keyword.WebUiBuiltInKeywords.modifyObjectProperty(product, "xpath", "equals", "//*[@id = "fldvendor" + row + ""]", true): Modify property of object successfully

2018-06-09 19:29:54 - [MESSAGE][PASSED] - Modify property of object successfully

2018-06-09 19:29:54 - [TEST_STEP][PASSED] - selectOptionByIndex: All options with index in [1] are selected on object ''

2018-06-09 19:29:54 - [MESSAGE][PASSED] - All options with index in [1] are selected on object ''

2018-06-09 19:29:54 - [TEST_STEP][PASSED] - delay: Delayed 2 second(s)

2018-06-09 19:29:56 - [MESSAGE][PASSED] - Delayed 2 second(s)

2018-06-09 19:29:56 - [TEST_STEP][PASSED] - Statement - batch = new com.kms.katalon.core.testobject.TestObject(): null

2018-06-09 19:29:56 - [TEST_STEP][PASSED] - Statement - batch = com.kms.katalon.core.webui.keyword.WebUiBuiltInKeywords.modifyObjectProperty(batch, "xpath", "equals", "//*[@id = "txtbthqty" + row + ""]", true): Modify property of object successfully

2018-06-09 19:29:56 - [MESSAGE][PASSED] - Modify property of object successfully

2018-06-09 19:29:56 - [TEST_STEP][PASSED] - Statement - batchqty = com.kms.katalon.core.webui.keyword.WebUiBuiltInKeywords.getAttribute(batch, "value").trim(): Attribute 'value' of object '' is: '3200'

2018-06-09 19:29:56 - [MESSAGE][PASSED] - Attribute 'value' of object '' is: '3200'

2018-06-09 19:29:56 - [TEST_STEP][PASSED] - Statement - Rqty = 100: null

2018-06-09 19:29:56 - [TEST_STEP][PASSED] - Statement - out.println("BatchQty : " + batchqty): null

2018-06-09 19:29:56 - [TEST_STEP][PASSED] - Statement - out.println("RQty : " + Rqty): null

2018-06-09 19:29:56 - [TEST_STEP][PASSED] - Statement - If (java.lang.Integer.valueOf(batchqty) >= java.lang.Integer.valueOf(Rqty)): null

2018-06-09 19:29:56 - [TEST_STEP][PASSED] - Statement - Break: null

2018-06-09 19:29:56 - [TEST_STEP][PASSED] - Statement - batchlength = new com.kms.katalon.core.testobject.TestObject(): null

2018-06-09 19:29:56 - [TEST_STEP][PASSED] - Statement - batchlength = com.kms.katalon.core.webui.keyword.WebUiBuiltInKeywords.modifyObjectProperty(batchlength, "xpath", "equals", "//*[@id = "fldvendor" + row + ""]", true): Modify property of object successfully

2018-06-09 19:29:56 - [MESSAGE][PASSED] - Modify property of object successfully

2018-06-09 19:29:56 - [TEST_STEP][PASSED] - Statement - batchsize = com.kms.katalon.core.webui.keyword.WebUiBuiltInKeywords.getNumberOfTotalOption(batchlength): 14 options of object '' counted

2018-06-09 19:29:57 - [MESSAGE][PASSED] - 14 options of object '' counted

2018-06-09 19:29:57 - [TEST_STEP][PASSED] - Statement - out.println("BatchSize : " + batchsize): null

2018-06-09 19:29:57 - [TEST_STEP][PASSED] - Statement - For ([n = 1, n <= batchsize - 1, (n++)]): null

2018-06-09 19:29:57 - [TEST_STEP][PASSED] - Statement - product = new com.kms.katalon.core.testobject.TestObject(): null

2018-06-09 19:29:57 - [TEST_STEP][PASSED] - Statement - product = com.kms.katalon.core.webui.keyword.WebUiBuiltInKeywords.modifyObjectProperty(product, "xpath", "equals", "//*[@id = "fldvendor" + row + ""]", true): Modify property of object successfully

2018-06-09 19:29:57 - [MESSAGE][PASSED] - Modify property of object successfully

2018-06-09 19:29:57 - [TEST_STEP][PASSED] - selectOptionByIndex: All options with index in [1] are selected on object ''

2018-06-09 19:29:57 - [MESSAGE][PASSED] - All options with index in [1] are selected on object ''

2018-06-09 19:29:57 - [TEST_STEP][PASSED] - delay: Delayed 2 second(s)

2018-06-09 19:29:59 - [MESSAGE][PASSED] - Delayed 2 second(s)

2018-06-09 19:29:59 - [TEST_STEP][PASSED] - Statement - batch = new com.kms.katalon.core.testobject.TestObject(): null

2018-06-09 19:29:59 - [TEST_STEP][PASSED] - Statement - batch = com.kms.katalon.core.webui.keyword.WebUiBuiltInKeywords.modifyObjectProperty(batch, "xpath", "equals", "//*[@id = "txtbthqty" + row + ""]", true): Modify property of object successfully

2018-06-09 19:29:59 - [MESSAGE][PASSED] - Modify property of object successfully

2018-06-09 19:29:59 - [TEST_STEP][PASSED] - Statement - batchqty = com.kms.katalon.core.webui.keyword.WebUiBuiltInKeywords.getAttribute(batch, "value").trim(): Attribute 'value' of object '' is: '4000'

2018-06-09 19:29:59 - [MESSAGE][PASSED] - Attribute 'value' of object '' is: '4000'

2018-06-09 19:29:59 - [TEST_STEP][PASSED] - Statement - Rqty = 100: null

2018-06-09 19:29:59 - [TEST_STEP][PASSED] - Statement - out.println("BatchQty : " + batchqty): null

2018-06-09 19:29:59 - [TEST_STEP][PASSED] - Statement - out.println("RQty : " + Rqty): null

2018-06-09 19:29:59 - [TEST_STEP][PASSED] - Statement - If (java.lang.Integer.valueOf(batchqty) >= java.lang.Integer.valueOf(Rqty)): null

2018-06-09 19:29:59 - [TEST_STEP][PASSED] - Statement - Break: null

2018-06-09 19:29:59 - [TEST_STEP][PASSED] - Statement - batchlength = new com.kms.katalon.core.testobject.TestObject(): null

2018-06-09 19:29:59 - [TEST_STEP][PASSED] - Statement - batchlength = com.kms.katalon.core.webui.keyword.WebUiBuiltInKeywords.modifyObjectProperty(batchlength, "xpath", "equals", "//*[@id = "fldvendor" + row + ""]", true): Modify property of object successfully

2018-06-09 19:29:59 - [MESSAGE][PASSED] - Modify property of object successfully

2018-06-09 19:29:59 - [TEST_STEP][PASSED] - Statement - batchsize = com.kms.katalon.core.webui.keyword.WebUiBuiltInKeywords.getNumberOfTotalOption(batchlength): 14 options of object '' counted

2018-06-09 19:29:59 - [MESSAGE][PASSED] - 14 options of object '' counted

2018-06-09 19:29:59 - [TEST_STEP][PASSED] - Statement - out.println("BatchSize : " + batchsize): null

2018-06-09 19:29:59 - [TEST_STEP][PASSED] - Statement - For ([n = 1, n <= batchsize - 1, (n++)]): null

2018-06-09 19:29:59 - [TEST_STEP][PASSED] - Statement - product = new com.kms.katalon.core.testobject.TestObject(): null

2018-06-09 19:29:59 - [TEST_STEP][PASSED] - Statement - product = com.kms.katalon.core.webui.keyword.WebUiBuiltInKeywords.modifyObjectProperty(product, "xpath", "equals", "//*[@id = "fldvendor" + row + ""]", true): Modify property of object successfully

2018-06-09 19:29:59 - [MESSAGE][PASSED] - Modify property of object successfully

2018-06-09 19:29:59 - [TEST_STEP][PASSED] - selectOptionByIndex: All options with index in [1] are selected on object ''

2018-06-09 19:29:59 - [MESSAGE][PASSED] - All options with index in [1] are selected on object ''

2018-06-09 19:29:59 - [TEST_STEP][PASSED] - delay: Delayed 2 second(s)

2018-06-09 19:30:01 - [MESSAGE][PASSED] - Delayed 2 second(s)

2018-06-09 19:30:01 - [TEST_STEP][PASSED] - Statement - batch = new com.kms.katalon.core.testobject.TestObject(): null

2018-06-09 19:30:01 - [TEST_STEP][PASSED] - Statement - batch = com.kms.katalon.core.webui.keyword.WebUiBuiltInKeywords.modifyObjectProperty(batch, "xpath", "equals", "//*[@id = "txtbthqty" + row + ""]", true): Modify property of object successfully

2018-06-09 19:30:01 - [MESSAGE][PASSED] - Modify property of object successfully

2018-06-09 19:30:01 - [TEST_STEP][PASSED] - Statement - batchqty = com.kms.katalon.core.webui.keyword.WebUiBuiltInKeywords.getAttribute(batch, "value").trim(): Attribute 'value' of object '' is: '2700'

2018-06-09 19:30:01 - [MESSAGE][PASSED] - Attribute 'value' of object '' is: '2700'

2018-06-09 19:30:01 - [TEST_STEP][PASSED] - Statement - Rqty = 100: null

2018-06-09 19:30:01 - [TEST_STEP][PASSED] - Statement - out.println("BatchQty : " + batchqty): null

2018-06-09 19:30:01 - [TEST_STEP][PASSED] - Statement - out.println("RQty : " + Rqty): null

2018-06-09 19:30:01 - [TEST_STEP][PASSED] - Statement - If (java.lang.Integer.valueOf(batchqty) >= java.lang.Integer.valueOf(Rqty)): null

2018-06-09 19:30:01 - [TEST_STEP][PASSED] - Statement - Break: null

2018-06-09 19:30:01 - [TEST_STEP][PASSED] - Statement - batchlength = new com.kms.katalon.core.testobject.TestObject(): null

2018-06-09 19:30:01 - [TEST_STEP][PASSED] - Statement - batchlength = com.kms.katalon.core.webui.keyword.WebUiBuiltInKeywords.modifyObjectProperty(batchlength, "xpath", "equals", "//*[@id = "fldvendor" + row + ""]", true): Modify property of object successfully

2018-06-09 19:30:01 - [MESSAGE][PASSED] - Modify property of object successfully

2018-06-09 19:30:01 - [TEST_STEP][PASSED] - Statement - batchsize = com.kms.katalon.core.webui.keyword.WebUiBuiltInKeywords.getNumberOfTotalOption(batchlength): 14 options of object '' counted

2018-06-09 19:30:01 - [MESSAGE][PASSED] - 14 options of object '' counted

2018-06-09 19:30:01 - [TEST_STEP][PASSED] - Statement - out.println("BatchSize : " + batchsize): null

2018-06-09 19:30:01 - [TEST_STEP][PASSED] - Statement - For ([n = 1, n <= batchsize - 1, (n++)]): null

2018-06-09 19:30:01 - [TEST_STEP][PASSED] - Statement - product = new com.kms.katalon.core.testobject.TestObject(): null

2018-06-09 19:30:01 - [TEST_STEP][PASSED] - Statement - product = com.kms.katalon.core.webui.keyword.WebUiBuiltInKeywords.modifyObjectProperty(product, "xpath", "equals", "//*[@id = "fldvendor" + row + ""]", true): Modify property of object successfully

2018-06-09 19:30:01 - [MESSAGE][PASSED] - Modify property of object successfully

2018-06-09 19:30:01 - [TEST_STEP][PASSED] - selectOptionByIndex: All options with index in [1] are selected on object ''

2018-06-09 19:30:01 - [MESSAGE][PASSED] - All options with index in [1] are selected on object ''

2018-06-09 19:30:01 - [TEST_STEP][PASSED] - delay: Delayed 2 second(s)

2018-06-09 19:30:03 - [MESSAGE][PASSED] - Delayed 2 second(s)

2018-06-09 19:30:03 - [TEST_STEP][PASSED] - Statement - batch = new com.kms.katalon.core.testobject.TestObject(): null

2018-06-09 19:30:03 - [TEST_STEP][PASSED] - Statement - batch = com.kms.katalon.core.webui.keyword.WebUiBuiltInKeywords.modifyObjectProperty(batch, "xpath", "equals", "//*[@id = "txtbthqty" + row + ""]", true): Modify property of object successfully

2018-06-09 19:30:03 - [MESSAGE][PASSED] - Modify property of object successfully

2018-06-09 19:30:03 - [TEST_STEP][PASSED] - Statement - batchqty = com.kms.katalon.core.webui.keyword.WebUiBuiltInKeywords.getAttribute(batch, "value").trim(): Attribute 'value' of object '' is: '36500'

2018-06-09 19:30:03 - [MESSAGE][PASSED] - Attribute 'value' of object '' is: '36500'

2018-06-09 19:30:03 - [TEST_STEP][PASSED] - Statement - Rqty = 100: null

2018-06-09 19:30:03 - [TEST_STEP][PASSED] - Statement - out.println("BatchQty : " + batchqty): null

2018-06-09 19:30:03 - [TEST_STEP][PASSED] - Statement - out.println("RQty : " + Rqty): null

2018-06-09 19:30:03 - [TEST_STEP][PASSED] - Statement - If (java.lang.Integer.valueOf(batchqty) >= java.lang.Integer.valueOf(Rqty)): null

2018-06-09 19:30:03 - [TEST_STEP][PASSED] - Statement - Break: null

2018-06-09 19:30:03 - [TEST_STEP][PASSED] - Statement - batchlength = new com.kms.katalon.core.testobject.TestObject(): null

2018-06-09 19:30:03 - [TEST_STEP][PASSED] - Statement - batchlength = com.kms.katalon.core.webui.keyword.WebUiBuiltInKeywords.modifyObjectProperty(batchlength, "xpath", "equals", "//*[@id = "fldvendor" + row + ""]", true): Modify property of object successfully

2018-06-09 19:30:03 - [MESSAGE][PASSED] - Modify property of object successfully

2018-06-09 19:30:03 - [TEST_STEP][PASSED] - Statement - batchsize = com.kms.katalon.core.webui.keyword.WebUiBuiltInKeywords.getNumberOfTotalOption(batchlength): 14 options of object '' counted

2018-06-09 19:30:03 - [MESSAGE][PASSED] - 14 options of object '' counted

2018-06-09 19:30:03 - [TEST_STEP][PASSED] - Statement - out.println("BatchSize : " + batchsize): null

2018-06-09 19:30:03 - [TEST_STEP][PASSED] - Statement - For ([n = 1, n <= batchsize - 1, (n++)]): null

2018-06-09 19:30:03 - [TEST_STEP][PASSED] - Statement - product = new com.kms.katalon.core.testobject.TestObject(): null

2018-06-09 19:30:03 - [TEST_STEP][PASSED] - Statement - product = com.kms.katalon.core.webui.keyword.WebUiBuiltInKeywords.modifyObjectProperty(product, "xpath", "equals", "//*[@id = "fldvendor" + row + ""]", true): Modify property of object successfully

2018-06-09 19:30:03 - [MESSAGE][PASSED] - Modify property of object successfully

2018-06-09 19:30:03 - [TEST_STEP][PASSED] - selectOptionByIndex: All options with index in [1] are selected on object ''

2018-06-09 19:30:03 - [MESSAGE][PASSED] - All options with index in [1] are selected on object ''

2018-06-09 19:30:03 - [TEST_STEP][PASSED] - delay: Delayed 2 second(s)

2018-06-09 19:30:05 - [MESSAGE][PASSED] - Delayed 2 second(s)

2018-06-09 19:30:05 - [TEST_STEP][PASSED] - Statement - batch = new com.kms.katalon.core.testobject.TestObject(): null

2018-06-09 19:30:05 - [TEST_STEP][PASSED] - Statement - batch = com.kms.katalon.core.webui.keyword.WebUiBuiltInKeywords.modifyObjectProperty(batch, "xpath", "equals", "//*[@id = "txtbthqty" + row + ""]", true): Modify property of object successfully

2018-06-09 19:30:05 - [MESSAGE][PASSED] - Modify property of object successfully

2018-06-09 19:30:05 - [TEST_STEP][PASSED] - Statement - batchqty = com.kms.katalon.core.webui.keyword.WebUiBuiltInKeywords.getAttribute(batch, "value").trim(): Attribute 'value' of object '' is: '36500'

2018-06-09 19:30:06 - [MESSAGE][PASSED] - Attribute 'value' of object '' is: '36500'

2018-06-09 19:30:06 - [TEST_STEP][PASSED] - Statement - Rqty = 100: null

2018-06-09 19:30:06 - [TEST_STEP][PASSED] - Statement - out.println("BatchQty : " + batchqty): null

2018-06-09 19:30:06 - [TEST_STEP][PASSED] - Statement - out.println("RQty : " + Rqty): null

2018-06-09 19:30:06 - [TEST_STEP][PASSED] - Statement - If (java.lang.Integer.valueOf(batchqty) >= java.lang.Integer.valueOf(Rqty)): null

2018-06-09 19:30:06 - [TEST_STEP][PASSED] - Statement - Break: null

2018-06-09 19:30:06 - [TEST_STEP][PASSED] - Statement - batchlength = new com.kms.katalon.core.testobject.TestObject(): null

2018-06-09 19:30:06 - [TEST_STEP][PASSED] - Statement - batchlength = com.kms.katalon.core.webui.keyword.WebUiBuiltInKeywords.modifyObjectProperty(batchlength, "xpath", "equals", "//*[@id = "fldvendor" + row + ""]", true): Modify property of object successfully

2018-06-09 19:30:06 - [MESSAGE][PASSED] - Modify property of object successfully

2018-06-09 19:30:06 - [TEST_STEP][PASSED] - Statement - batchsize = com.kms.katalon.core.webui.keyword.WebUiBuiltInKeywords.getNumberOfTotalOption(batchlength): 14 options of object '' counted

2018-06-09 19:30:06 - [MESSAGE][PASSED] - 14 options of object '' counted

2018-06-09 19:30:06 - [TEST_STEP][PASSED] - Statement - out.println("BatchSize : " + batchsize): null

2018-06-09 19:30:06 - [TEST_STEP][PASSED] - Statement - For ([n = 1, n <= batchsize - 1, (n++)]): null

2018-06-09 19:30:06 - [TEST_STEP][PASSED] - Statement - product = new com.kms.katalon.core.testobject.TestObject(): null

2018-06-09 19:30:06 - [TEST_STEP][PASSED] - Statement - product = com.kms.katalon.core.webui.keyword.WebUiBuiltInKeywords.modifyObjectProperty(product, "xpath", "equals", "//*[@id = "fldvendor" + row + ""]", true): Modify property of object successfully

2018-06-09 19:30:06 - [MESSAGE][PASSED] - Modify property of object successfully

2018-06-09 19:30:06 - [TEST_STEP][PASSED] - selectOptionByIndex: All options with index in [1] are selected on object ''

2018-06-09 19:30:06 - [MESSAGE][PASSED] - All options with index in [1] are selected on object ''

2018-06-09 19:30:06 - [TEST_STEP][PASSED] - delay: Delayed 2 second(s)

2018-06-09 19:30:08 - [MESSAGE][PASSED] - Delayed 2 second(s)

2018-06-09 19:30:08 - [TEST_STEP][PASSED] - Statement - batch = new com.kms.katalon.core.testobject.TestObject(): null

2018-06-09 19:30:08 - [TEST_STEP][PASSED] - Statement - batch = com.kms.katalon.core.webui.keyword.WebUiBuiltInKeywords.modifyObjectProperty(batch, "xpath", "equals", "//*[@id = "txtbthqty" + row + ""]", true): Modify property of object successfully

2018-06-09 19:30:08 - [MESSAGE][PASSED] - Modify property of object successfully

2018-06-09 19:30:08 - [TEST_STEP][PASSED] - Statement - batchqty = com.kms.katalon.core.webui.keyword.WebUiBuiltInKeywords.getAttribute(batch, "value").trim(): Attribute 'value' of object '' is: '3200'

2018-06-09 19:30:08 - [MESSAGE][PASSED] - Attribute 'value' of object '' is: '3200'

2018-06-09 19:30:08 - [TEST_STEP][PASSED] - Statement - Rqty = 100: null

2018-06-09 19:30:08 - [TEST_STEP][PASSED] - Statement - out.println("BatchQty : " + batchqty): null

2018-06-09 19:30:08 - [TEST_STEP][PASSED] - Statement - out.println("RQty : " + Rqty): null

2018-06-09 19:30:08 - [TEST_STEP][PASSED] - Statement - If (java.lang.Integer.valueOf(batchqty) >= java.lang.Integer.valueOf(Rqty)): null

2018-06-09 19:30:08 - [TEST_STEP][PASSED] - Statement - Break: null

2018-06-09 19:30:08 - [TEST_STEP][PASSED] - Statement - batchlength = new com.kms.katalon.core.testobject.TestObject(): null

2018-06-09 19:30:08 - [TEST_STEP][PASSED] - Statement - batchlength = com.kms.katalon.core.webui.keyword.WebUiBuiltInKeywords.modifyObjectProperty(batchlength, "xpath", "equals", "//*[@id = "fldvendor" + row + ""]", true): Modify property of object successfully

2018-06-09 19:30:08 - [MESSAGE][PASSED] - Modify property of object successfully

2018-06-09 19:30:08 - [TEST_STEP][PASSED] - Statement - batchsize = com.kms.katalon.core.webui.keyword.WebUiBuiltInKeywords.getNumberOfTotalOption(batchlength): 14 options of object '' counted

2018-06-09 19:30:08 - [MESSAGE][PASSED] - 14 options of object '' counted

2018-06-09 19:30:08 - [TEST_STEP][PASSED] - Statement - out.println("BatchSize : " + batchsize): null

2018-06-09 19:30:08 - [TEST_STEP][PASSED] - Statement - For ([n = 1, n <= batchsize - 1, (n++)]): null

2018-06-09 19:30:08 - [TEST_STEP][PASSED] - Statement - product = new com.kms.katalon.core.testobject.TestObject(): null

2018-06-09 19:30:08 - [TEST_STEP][PASSED] - Statement - product = com.kms.katalon.core.webui.keyword.WebUiBuiltInKeywords.modifyObjectProperty(product, "xpath", "equals", "//*[@id = "fldvendor" + row + ""]", true): Modify property of object successfully

2018-06-09 19:30:08 - [MESSAGE][PASSED] - Modify property of object successfully

2018-06-09 19:30:08 - [TEST_STEP][PASSED] - selectOptionByIndex: All options with index in [1] are selected on object ''

2018-06-09 19:30:08 - [MESSAGE][PASSED] - All options with index in [1] are selected on object ''

2018-06-09 19:30:08 - [TEST_STEP][PASSED] - delay: Delayed 2 second(s)

2018-06-09 19:30:10 - [MESSAGE][PASSED] - Delayed 2 second(s)

2018-06-09 19:30:10 - [TEST_STEP][PASSED] - Statement - batch = new com.kms.katalon.core.testobject.TestObject(): null

2018-06-09 19:30:10 - [TEST_STEP][PASSED] - Statement - batch = com.kms.katalon.core.webui.keyword.WebUiBuiltInKeywords.modifyObjectProperty(batch, "xpath", "equals", "//*[@id = "txtbthqty" + row + ""]", true): Modify property of object successfully

2018-06-09 19:30:10 - [MESSAGE][PASSED] - Modify property of object successfully

2018-06-09 19:30:10 - [TEST_STEP][PASSED] - Statement - batchqty = com.kms.katalon.core.webui.keyword.WebUiBuiltInKeywords.getAttribute(batch, "value").trim(): Attribute 'value' of object '' is: '4000'

2018-06-09 19:30:10 - [MESSAGE][PASSED] - Attribute 'value' of object '' is: '4000'

2018-06-09 19:30:10 - [TEST_STEP][PASSED] - Statement - Rqty = 100: null

2018-06-09 19:30:10 - [TEST_STEP][PASSED] - Statement - out.println("BatchQty : " + batchqty): null

2018-06-09 19:30:10 - [TEST_STEP][PASSED] - Statement - out.println("RQty : " + Rqty): null

2018-06-09 19:30:10 - [TEST_STEP][PASSED] - Statement - If (java.lang.Integer.valueOf(batchqty) >= java.lang.Integer.valueOf(Rqty)): null

2018-06-09 19:30:10 - [TEST_STEP][PASSED] - Statement - Break: null

2018-06-09 19:30:10 - [TEST_STEP][PASSED] - Statement - batchlength = new com.kms.katalon.core.testobject.TestObject(): null

2018-06-09 19:30:10 - [TEST_STEP][PASSED] - Statement - batchlength = com.kms.katalon.core.webui.keyword.WebUiBuiltInKeywords.modifyObjectProperty(batchlength, "xpath", "equals", "//*[@id = "fldvendor" + row + ""]", true): Modify property of object successfully

2018-06-09 19:30:10 - [MESSAGE][PASSED] - Modify property of object successfully

2018-06-09 19:30:10 - [TEST_STEP][PASSED] - Statement - batchsize = com.kms.katalon.core.webui.keyword.WebUiBuiltInKeywords.getNumberOfTotalOption(batchlength): 14 options of object '' counted

2018-06-09 19:30:10 - [MESSAGE][PASSED] - 14 options of object '' counted

2018-06-09 19:30:10 - [TEST_STEP][PASSED] - Statement - out.println("BatchSize : " + batchsize): null

2018-06-09 19:30:10 - [TEST_STEP][PASSED] - Statement - For ([n = 1, n <= batchsize - 1, (n++)]): null

2018-06-09 19:30:10 - [TEST_STEP][PASSED] - Statement - product = new com.kms.katalon.core.testobject.TestObject(): null

2018-06-09 19:30:10 - [TEST_STEP][PASSED] - Statement - product = com.kms.katalon.core.webui.keyword.WebUiBuiltInKeywords.modifyObjectProperty(product, "xpath", "equals", "//*[@id = "fldvendor" + row + ""]", true): Modify property of object successfully

2018-06-09 19:30:10 - [MESSAGE][PASSED] - Modify property of object successfully

2018-06-09 19:30:10 - [TEST_STEP][PASSED] - selectOptionByIndex: All options with index in [1] are selected on object ''

2018-06-09 19:30:10 - [MESSAGE][PASSED] - All options with index in [1] are selected on object ''

2018-06-09 19:30:10 - [TEST_STEP][PASSED] - delay: Delayed 2 second(s)

2018-06-09 19:30:12 - [MESSAGE][PASSED] - Delayed 2 second(s)

2018-06-09 19:30:12 - [TEST_STEP][PASSED] - Statement - batch = new com.kms.katalon.core.testobject.TestObject(): null

2018-06-09 19:30:12 - [TEST_STEP][PASSED] - Statement - batch = com.kms.katalon.core.webui.keyword.WebUiBuiltInKeywords.modifyObjectProperty(batch, "xpath", "equals", "//*[@id = "txtbthqty" + row + ""]", true): Modify property of object successfully

2018-06-09 19:30:12 - [MESSAGE][PASSED] - Modify property of object successfully

2018-06-09 19:30:12 - [TEST_STEP][PASSED] - Statement - batchqty = com.kms.katalon.core.webui.keyword.WebUiBuiltInKeywords.getAttribute(batch, "value").trim(): Attribute 'value' of object '' is: '36500'

2018-06-09 19:30:12 - [MESSAGE][PASSED] - Attribute 'value' of object '' is: '36500'

2018-06-09 19:30:12 - [TEST_STEP][PASSED] - Statement - Rqty = 100: null

2018-06-09 19:30:12 - [TEST_STEP][PASSED] - Statement - out.println("BatchQty : " + batchqty): null

2018-06-09 19:30:12 - [TEST_STEP][PASSED] - Statement - out.println("RQty : " + Rqty): null

2018-06-09 19:30:12 - [TEST_STEP][PASSED] - Statement - If (java.lang.Integer.valueOf(batchqty) >= java.lang.Integer.valueOf(Rqty)): null

2018-06-09 19:30:12 - [TEST_STEP][PASSED] - Statement - Break: null

2018-06-09 19:30:12 - [TEST_STEP][PASSED] - Statement - batchlength = new com.kms.katalon.core.testobject.TestObject(): null

2018-06-09 19:30:12 - [TEST_STEP][PASSED] - Statement - batchlength = com.kms.katalon.core.webui.keyword.WebUiBuiltInKeywords.modifyObjectProperty(batchlength, "xpath", "equals", "//*[@id = "fldvendor" + row + ""]", true): Modify property of object successfully

2018-06-09 19:30:12 - [MESSAGE][PASSED] - Modify property of object successfully

2018-06-09 19:30:12 - [TEST_STEP][PASSED] - Statement - batchsize = com.kms.katalon.core.webui.keyword.WebUiBuiltInKeywords.getNumberOfTotalOption(batchlength): 14 options of object '' counted

2018-06-09 19:30:12 - [MESSAGE][PASSED] - 14 options of object '' counted

2018-06-09 19:30:12 - [TEST_STEP][PASSED] - Statement - out.println("BatchSize : " + batchsize): null

2018-06-09 19:30:12 - [TEST_STEP][PASSED] - Statement - For ([n = 1, n <= batchsize - 1, (n++)]): null

2018-06-09 19:30:12 - [TEST_STEP][PASSED] - Statement - product = new com.kms.katalon.core.testobject.TestObject(): null

2018-06-09 19:30:12 - [TEST_STEP][PASSED] - Statement - product = com.kms.katalon.core.webui.keyword.WebUiBuiltInKeywords.modifyObjectProperty(product, "xpath", "equals", "//*[@id = "fldvendor" + row + ""]", true): Modify property of object successfully

2018-06-09 19:30:12 - [MESSAGE][PASSED] - Modify property of object successfully

2018-06-09 19:30:12 - [TEST_STEP][PASSED] - selectOptionByIndex: All options with index in [1] are selected on object ''

2018-06-09 19:30:13 - [MESSAGE][PASSED] - All options with index in [1] are selected on object ''

2018-06-09 19:30:13 - [TEST_STEP][PASSED] - delay: Delayed 2 second(s)

2018-06-09 19:30:15 - [MESSAGE][PASSED] - Delayed 2 second(s)

2018-06-09 19:30:15 - [TEST_STEP][PASSED] - Statement - batch = new com.kms.katalon.core.testobject.TestObject(): null

2018-06-09 19:30:15 - [TEST_STEP][PASSED] - Statement - batch = com.kms.katalon.core.webui.keyword.WebUiBuiltInKeywords.modifyObjectProperty(batch, "xpath", "equals", "//*[@id = "txtbthqty" + row + ""]", true): Modify property of object successfully

2018-06-09 19:30:15 - [MESSAGE][PASSED] - Modify property of object successfully

2018-06-09 19:30:15 - [TEST_STEP][PASSED] - Statement - batchqty = com.kms.katalon.core.webui.keyword.WebUiBuiltInKeywords.getAttribute(batch, "value").trim(): Attribute 'value' of object '' is: '1700'

2018-06-09 19:30:15 - [MESSAGE][PASSED] - Attribute 'value' of object '' is: '1700'

2018-06-09 19:30:15 - [TEST_STEP][PASSED] - Statement - Rqty = 100: null

2018-06-09 19:30:15 - [TEST_STEP][PASSED] - Statement - out.println("BatchQty : " + batchqty): null

2018-06-09 19:30:15 - [TEST_STEP][PASSED] - Statement - out.println("RQty : " + Rqty): null

2018-06-09 19:30:15 - [TEST_STEP][PASSED] - Statement - If (java.lang.Integer.valueOf(batchqty) >= java.lang.Integer.valueOf(Rqty)): null

2018-06-09 19:30:15 - [TEST_STEP][PASSED] - Statement - Break: null

2018-06-09 19:30:15 - [TEST_STEP][PASSED] - Statement - batchlength = new com.kms.katalon.core.testobject.TestObject(): null

2018-06-09 19:30:15 - [TEST_STEP][PASSED] - Statement - batchlength = com.kms.katalon.core.webui.keyword.WebUiBuiltInKeywords.modifyObjectProperty(batchlength, "xpath", "equals", "//*[@id = "fldvendor" + row + ""]", true): Modify property of object successfully

2018-06-09 19:30:15 - [MESSAGE][PASSED] - Modify property of object successfully

2018-06-09 19:30:15 - [TEST_STEP][PASSED] - Statement - batchsize = com.kms.katalon.core.webui.keyword.WebUiBuiltInKeywords.getNumberOfTotalOption(batchlength): 14 options of object '' counted

2018-06-09 19:30:15 - [MESSAGE][PASSED] - 14 options of object '' counted

2018-06-09 19:30:15 - [TEST_STEP][PASSED] - Statement - out.println("BatchSize : " + batchsize): null

2018-06-09 19:30:15 - [TEST_STEP][PASSED] - Statement - For ([n = 1, n <= batchsize - 1, (n++)]): null

2018-06-09 19:30:15 - [TEST_STEP][PASSED] - Statement - product = new com.kms.katalon.core.testobject.TestObject(): null

2018-06-09 19:30:15 - [TEST_STEP][PASSED] - Statement - product = com.kms.katalon.core.webui.keyword.WebUiBuiltInKeywords.modifyObjectProperty(product, "xpath", "equals", "//*[@id = "fldvendor" + row + ""]", true): Modify property of object successfully

2018-06-09 19:30:15 - [MESSAGE][PASSED] - Modify property of object successfully

2018-06-09 19:30:15 - [TEST_STEP][PASSED] - selectOptionByIndex: All options with index in [1] are selected on object ''

2018-06-09 19:30:15 - [MESSAGE][PASSED] - All options with index in [1] are selected on object ''

2018-06-09 19:30:15 - [TEST_STEP][PASSED] - delay: Delayed 2 second(s)

2018-06-09 19:30:17 - [MESSAGE][PASSED] - Delayed 2 second(s)

2018-06-09 19:30:17 - [TEST_STEP][PASSED] - Statement - batch = new com.kms.katalon.core.testobject.TestObject(): null

2018-06-09 19:30:17 - [TEST_STEP][PASSED] - Statement - batch = com.kms.katalon.core.webui.keyword.WebUiBuiltInKeywords.modifyObjectProperty(batch, "xpath", "equals", "//*[@id = "txtbthqty" + row + ""]", true): Modify property of object successfully

2018-06-09 19:30:17 - [MESSAGE][PASSED] - Modify property of object successfully

2018-06-09 19:30:17 - [TEST_STEP][PASSED] - Statement - batchqty = com.kms.katalon.core.webui.keyword.WebUiBuiltInKeywords.getAttribute(batch, "value").trim(): Attribute 'value' of object '' is: '700'

2018-06-09 19:30:17 - [MESSAGE][PASSED] - Attribute 'value' of object '' is: '700'

2018-06-09 19:30:17 - [TEST_STEP][PASSED] - Statement - Rqty = 100: null

2018-06-09 19:30:17 - [TEST_STEP][PASSED] - Statement - out.println("BatchQty : " + batchqty): null

2018-06-09 19:30:17 - [TEST_STEP][PASSED] - Statement - out.println("RQty : " + Rqty): null

2018-06-09 19:30:17 - [TEST_STEP][PASSED] - Statement - If (java.lang.Integer.valueOf(batchqty) >= java.lang.Integer.valueOf(Rqty)): null

2018-06-09 19:30:17 - [TEST_STEP][PASSED] - Statement - Break: null

2018-06-09 19:30:17 - [TEST_STEP][PASSED] - Statement - batchlength = new com.kms.katalon.core.testobject.TestObject(): null

2018-06-09 19:30:17 - [TEST_STEP][PASSED] - Statement - batchlength = com.kms.katalon.core.webui.keyword.WebUiBuiltInKeywords.modifyObjectProperty(batchlength, "xpath", "equals", "//*[@id = "fldvendor" + row + ""]", true): Modify property of object successfully

2018-06-09 19:30:17 - [MESSAGE][PASSED] - Modify property of object successfully

2018-06-09 19:30:17 - [TEST_STEP][PASSED] - Statement - batchsize = com.kms.katalon.core.webui.keyword.WebUiBuiltInKeywords.getNumberOfTotalOption(batchlength): 14 options of object '' counted

2018-06-09 19:30:17 - [MESSAGE][PASSED] - 14 options of object '' counted

2018-06-09 19:30:17 - [TEST_STEP][PASSED] - Statement - out.println("BatchSize : " + batchsize): null

2018-06-09 19:30:17 - [TEST_STEP][PASSED] - Statement - For ([n = 1, n <= batchsize - 1, (n++)]): null

2018-06-09 19:30:17 - [TEST_STEP][PASSED] - Statement - product = new com.kms.katalon.core.testobject.TestObject(): null

2018-06-09 19:30:17 - [TEST_STEP][PASSED] - Statement - product = com.kms.katalon.core.webui.keyword.WebUiBuiltInKeywords.modifyObjectProperty(product, "xpath", "equals", "//*[@id = "fldvendor" + row + ""]", true): Modify property of object successfully

2018-06-09 19:30:17 - [MESSAGE][PASSED] - Modify property of object successfully

2018-06-09 19:30:17 - [TEST_STEP][PASSED] - selectOptionByIndex: All options with index in [1] are selected on object ''

2018-06-09 19:30:17 - [MESSAGE][PASSED] - All options with index in [1] are selected on object ''

2018-06-09 19:30:17 - [TEST_STEP][PASSED] - delay: Delayed 2 second(s)

2018-06-09 19:30:19 - [MESSAGE][PASSED] - Delayed 2 second(s)

2018-06-09 19:30:19 - [TEST_STEP][PASSED] - Statement - batch = new com.kms.katalon.core.testobject.TestObject(): null

2018-06-09 19:30:19 - [TEST_STEP][PASSED] - Statement - batch = com.kms.katalon.core.webui.keyword.WebUiBuiltInKeywords.modifyObjectProperty(batch, "xpath", "equals", "//*[@id = "txtbthqty" + row + ""]", true): Modify property of object successfully

2018-06-09 19:30:19 - [MESSAGE][PASSED] - Modify property of object successfully

2018-06-09 19:30:19 - [TEST_STEP][PASSED] - Statement - batchqty = com.kms.katalon.core.webui.keyword.WebUiBuiltInKeywords.getAttribute(batch, "value").trim(): Attribute 'value' of object '' is: '2700'

2018-06-09 19:30:19 - [MESSAGE][PASSED] - Attribute 'value' of object '' is: '2700'

2018-06-09 19:30:19 - [TEST_STEP][PASSED] - Statement - Rqty = 100: null

2018-06-09 19:30:19 - [TEST_STEP][PASSED] - Statement - out.println("BatchQty : " + batchqty): null

2018-06-09 19:30:19 - [TEST_STEP][PASSED] - Statement - out.println("RQty : " + Rqty): null

2018-06-09 19:30:19 - [TEST_STEP][PASSED] - Statement - If (java.lang.Integer.valueOf(batchqty) >= java.lang.Integer.valueOf(Rqty)): null

2018-06-09 19:30:19 - [TEST_STEP][PASSED] - Statement - Break: null

2018-06-09 19:30:19 - [TEST_STEP][PASSED] - Statement - batchlength = new com.kms.katalon.core.testobject.TestObject(): null

2018-06-09 19:30:19 - [TEST_STEP][PASSED] - Statement - batchlength = com.kms.katalon.core.webui.keyword.WebUiBuiltInKeywords.modifyObjectProperty(batchlength, "xpath", "equals", "//*[@id = "fldvendor" + row + ""]", true): Modify property of object successfully

2018-06-09 19:30:19 - [MESSAGE][PASSED] - Modify property of object successfully

2018-06-09 19:30:19 - [TEST_STEP][PASSED] - Statement - batchsize = com.kms.katalon.core.webui.keyword.WebUiBuiltInKeywords.getNumberOfTotalOption(batchlength): 14 options of object '' counted

2018-06-09 19:30:19 - [MESSAGE][PASSED] - 14 options of object '' counted

2018-06-09 19:30:19 - [TEST_STEP][PASSED] - Statement - out.println("BatchSize : " + batchsize): null

2018-06-09 19:30:19 - [TEST_STEP][PASSED] - Statement - For ([n = 1, n <= batchsize - 1, (n++)]): null

2018-06-09 19:30:19 - [TEST_STEP][PASSED] - Statement - product = new com.kms.katalon.core.testobject.TestObject(): null

2018-06-09 19:30:19 - [TEST_STEP][PASSED] - Statement - product = com.kms.katalon.core.webui.keyword.WebUiBuiltInKeywords.modifyObjectProperty(product, "xpath", "equals", "//*[@id = "fldvendor" + row + ""]", true): Modify property of object successfully

2018-06-09 19:30:19 - [MESSAGE][PASSED] - Modify property of object successfully

2018-06-09 19:30:19 - [TEST_STEP][PASSED] - selectOptionByIndex: All options with index in [1] are selected on object ''

2018-06-09 19:30:19 - [MESSAGE][PASSED] - All options with index in [1] are selected on object ''

2018-06-09 19:30:19 - [TEST_STEP][PASSED] - delay: Delayed 2 second(s)

2018-06-09 19:30:21 - [MESSAGE][PASSED] - Delayed 2 second(s)

2018-06-09 19:30:21 - [TEST_STEP][PASSED] - Statement - batch = new com.kms.katalon.core.testobject.TestObject(): null

2018-06-09 19:30:21 - [TEST_STEP][PASSED] - Statement - batch = com.kms.katalon.core.webui.keyword.WebUiBuiltInKeywords.modifyObjectProperty(batch, "xpath", "equals", "//*[@id = "txtbthqty" + row + ""]", true): Modify property of object successfully

2018-06-09 19:30:21 - [MESSAGE][PASSED] - Modify property of object successfully

2018-06-09 19:30:21 - [TEST_STEP][PASSED] - Statement - batchqty = com.kms.katalon.core.webui.keyword.WebUiBuiltInKeywords.getAttribute(batch, "value").trim(): Attribute 'value' of object '' is: '1700'

2018-06-09 19:30:21 - [MESSAGE][PASSED] - Attribute 'value' of object '' is: '1700'

2018-06-09 19:30:21 - [TEST_STEP][PASSED] - Statement - Rqty = 100: null

2018-06-09 19:30:21 - [TEST_STEP][PASSED] - Statement - out.println("BatchQty : " + batchqty): null

2018-06-09 19:30:21 - [TEST_STEP][PASSED] - Statement - out.println("RQty : " + Rqty): null

2018-06-09 19:30:21 - [TEST_STEP][PASSED] - Statement - If (java.lang.Integer.valueOf(batchqty) >= java.lang.Integer.valueOf(Rqty)): null

2018-06-09 19:30:21 - [TEST_STEP][PASSED] - Statement - Break: null

2018-06-09 19:30:21 - [TEST_STEP][PASSED] - Statement - batchlength = new com.kms.katalon.core.testobject.TestObject(): null

2018-06-09 19:30:21 - [TEST_STEP][PASSED] - Statement - batchlength = com.kms.katalon.core.webui.keyword.WebUiBuiltInKeywords.modifyObjectProperty(batchlength, "xpath", "equals", "//*[@id = "fldvendor" + row + ""]", true): Modify property of object successfully

2018-06-09 19:30:21 - [MESSAGE][PASSED] - Modify property of object successfully

2018-06-09 19:30:21 - [TEST_STEP][PASSED] - Statement - batchsize = com.kms.katalon.core.webui.keyword.WebUiBuiltInKeywords.getNumberOfTotalOption(batchlength): 13 options of object '' counted

2018-06-09 19:30:21 - [MESSAGE][PASSED] - 13 options of object '' counted

2018-06-09 19:30:21 - [TEST_STEP][PASSED] - Statement - out.println("BatchSize : " + batchsize): null

2018-06-09 19:30:21 - [TEST_STEP][PASSED] - Statement - For ([n = 1, n <= batchsize - 1, (n++)]): null

2018-06-09 19:30:21 - [TEST_STEP][PASSED] - Statement - product = new com.kms.katalon.core.testobject.TestObject(): null

2018-06-09 19:30:21 - [TEST_STEP][PASSED] - Statement - product = com.kms.katalon.core.webui.keyword.WebUiBuiltInKeywords.modifyObjectProperty(product, "xpath", "equals", "//*[@id = "fldvendor" + row + ""]", true): Modify property of object successfully

2018-06-09 19:30:21 - [MESSAGE][PASSED] - Modify property of object successfully

2018-06-09 19:30:21 - [TEST_STEP][PASSED] - selectOptionByIndex: All options with index in [1] are selected on object ''

2018-06-09 19:30:22 - [MESSAGE][PASSED] - All options with index in [1] are selected on object ''

2018-06-09 19:30:22 - [TEST_STEP][PASSED] - delay: Delayed 2 second(s)

2018-06-09 19:30:24 - [MESSAGE][PASSED] - Delayed 2 second(s)

2018-06-09 19:30:24 - [TEST_STEP][PASSED] - Statement - batch = new com.kms.katalon.core.testobject.TestObject(): null

2018-06-09 19:30:24 - [TEST_STEP][PASSED] - Statement - batch = com.kms.katalon.core.webui.keyword.WebUiBuiltInKeywords.modifyObjectProperty(batch, "xpath", "equals", "//*[@id = "txtbthqty" + row + ""]", true): Modify property of object successfully

2018-06-09 19:30:24 - [MESSAGE][PASSED] - Modify property of object successfully

2018-06-09 19:30:24 - [TEST_STEP][PASSED] - Statement - batchqty = com.kms.katalon.core.webui.keyword.WebUiBuiltInKeywords.getAttribute(batch, "value").trim(): Attribute 'value' of object '' is: '4000'

2018-06-09 19:30:24 - [MESSAGE][PASSED] - Attribute 'value' of object '' is: '4000'

2018-06-09 19:30:24 - [TEST_STEP][PASSED] - Statement - Rqty = 100: null

2018-06-09 19:30:24 - [TEST_STEP][PASSED] - Statement - out.println("BatchQty : " + batchqty): null

2018-06-09 19:30:24 - [TEST_STEP][PASSED] - Statement - out.println("RQty : " + Rqty): null

2018-06-09 19:30:24 - [TEST_STEP][PASSED] - Statement - If (java.lang.Integer.valueOf(batchqty) >= java.lang.Integer.valueOf(Rqty)): null

2018-06-09 19:30:24 - [TEST_STEP][PASSED] - Statement - Break: null

2018-06-09 19:30:24 - [TEST_STEP][PASSED] - Statement - batchlength = new com.kms.katalon.core.testobject.TestObject(): null

2018-06-09 19:30:24 - [TEST_STEP][PASSED] - Statement - batchlength = com.kms.katalon.core.webui.keyword.WebUiBuiltInKeywords.modifyObjectProperty(batchlength, "xpath", "equals", "//*[@id = "fldvendor" + row + ""]", true): Modify property of object successfully

2018-06-09 19:30:24 - [MESSAGE][PASSED] - Modify property of object successfully

2018-06-09 19:30:24 - [TEST_STEP][PASSED] - Statement - batchsize = com.kms.katalon.core.webui.keyword.WebUiBuiltInKeywords.getNumberOfTotalOption(batchlength): 14 options of object '' counted

2018-06-09 19:30:24 - [MESSAGE][PASSED] - 14 options of object '' counted

2018-06-09 19:30:24 - [TEST_STEP][PASSED] - Statement - out.println("BatchSize : " + batchsize): null

2018-06-09 19:30:24 - [TEST_STEP][PASSED] - Statement - For ([n = 1, n <= batchsize - 1, (n++)]): null

2018-06-09 19:30:24 - [TEST_STEP][PASSED] - Statement - product = new com.kms.katalon.core.testobject.TestObject(): null

2018-06-09 19:30:24 - [TEST_STEP][PASSED] - Statement - product = com.kms.katalon.core.webui.keyword.WebUiBuiltInKeywords.modifyObjectProperty(product, "xpath", "equals", "//*[@id = "fldvendor" + row + ""]", true): Modify property of object successfully

2018-06-09 19:30:24 - [MESSAGE][PASSED] - Modify property of object successfully

2018-06-09 19:30:24 - [TEST_STEP][PASSED] - selectOptionByIndex: All options with index in [1] are selected on object ''

2018-06-09 19:30:24 - [MESSAGE][PASSED] - All options with index in [1] are selected on object ''

2018-06-09 19:30:24 - [TEST_STEP][PASSED] - delay: Delayed 2 second(s)

2018-06-09 19:30:26 - [MESSAGE][PASSED] - Delayed 2 second(s)

2018-06-09 19:30:26 - [TEST_STEP][PASSED] - Statement - batch = new com.kms.katalon.core.testobject.TestObject(): null

2018-06-09 19:30:26 - [TEST_STEP][PASSED] - Statement - batch = com.kms.katalon.core.webui.keyword.WebUiBuiltInKeywords.modifyObjectProperty(batch, "xpath", "equals", "//*[@id = "txtbthqty" + row + ""]", true): Modify property of object successfully

2018-06-09 19:30:26 - [MESSAGE][PASSED] - Modify property of object successfully

2018-06-09 19:30:26 - [TEST_STEP][PASSED] - Statement - batchqty = com.kms.katalon.core.webui.keyword.WebUiBuiltInKeywords.getAttribute(batch, "value").trim(): Attribute 'value' of object '' is: '31500'

2018-06-09 19:30:26 - [MESSAGE][PASSED] - Attribute 'value' of object '' is: '31500'

2018-06-09 19:30:26 - [TEST_STEP][PASSED] - Statement - Rqty = 100: null

2018-06-09 19:30:26 - [TEST_STEP][PASSED] - Statement - out.println("BatchQty : " + batchqty): null

2018-06-09 19:30:26 - [TEST_STEP][PASSED] - Statement - out.println("RQty : " + Rqty): null

2018-06-09 19:30:26 - [TEST_STEP][PASSED] - Statement - If (java.lang.Integer.valueOf(batchqty) >= java.lang.Integer.valueOf(Rqty)): null

2018-06-09 19:30:26 - [TEST_STEP][PASSED] - Statement - Break: null

2018-06-09 19:30:26 - [TEST_STEP][PASSED] - Statement - batchlength = new com.kms.katalon.core.testobject.TestObject(): null

2018-06-09 19:30:26 - [TEST_STEP][PASSED] - Statement - batchlength = com.kms.katalon.core.webui.keyword.WebUiBuiltInKeywords.modifyObjectProperty(batchlength, "xpath", "equals", "//*[@id = "fldvendor" + row + ""]", true): Modify property of object successfully

2018-06-09 19:30:26 - [MESSAGE][PASSED] - Modify property of object successfully

2018-06-09 19:30:26 - [TEST_STEP][PASSED] - Statement - batchsize = com.kms.katalon.core.webui.keyword.WebUiBuiltInKeywords.getNumberOfTotalOption(batchlength): 14 options of object '' counted

2018-06-09 19:30:26 - [MESSAGE][PASSED] - 14 options of object '' counted

2018-06-09 19:30:26 - [TEST_STEP][PASSED] - Statement - out.println("BatchSize : " + batchsize): null

2018-06-09 19:30:26 - [TEST_STEP][PASSED] - Statement - For ([n = 1, n <= batchsize - 1, (n++)]): null

2018-06-09 19:30:26 - [TEST_STEP][PASSED] - Statement - product = new com.kms.katalon.core.testobject.TestObject(): null

2018-06-09 19:30:26 - [TEST_STEP][PASSED] - Statement - product = com.kms.katalon.core.webui.keyword.WebUiBuiltInKeywords.modifyObjectProperty(product, "xpath", "equals", "//*[@id = "fldvendor" + row + ""]", true): Modify property of object successfully

2018-06-09 19:30:26 - [MESSAGE][PASSED] - Modify property of object successfully

2018-06-09 19:30:26 - [TEST_STEP][PASSED] - selectOptionByIndex: All options with index in [1] are selected on object ''

2018-06-09 19:30:26 - [MESSAGE][PASSED] - All options with index in [1] are selected on object ''

2018-06-09 19:30:26 - [TEST_STEP][PASSED] - delay: Delayed 2 second(s)

2018-06-09 19:30:28 - [MESSAGE][PASSED] - Delayed 2 second(s)

2018-06-09 19:30:28 - [TEST_STEP][PASSED] - Statement - batch = new com.kms.katalon.core.testobject.TestObject(): null

2018-06-09 19:30:28 - [TEST_STEP][PASSED] - Statement - batch = com.kms.katalon.core.webui.keyword.WebUiBuiltInKeywords.modifyObjectProperty(batch, "xpath", "equals", "//*[@id = "txtbthqty" + row + ""]", true): Modify property of object successfully

2018-06-09 19:30:28 - [MESSAGE][PASSED] - Modify property of object successfully

2018-06-09 19:30:28 - [TEST_STEP][PASSED] - Statement - batchqty = com.kms.katalon.core.webui.keyword.WebUiBuiltInKeywords.getAttribute(batch, "value").trim(): Attribute 'value' of object '' is: '4600'

2018-06-09 19:30:28 - [MESSAGE][PASSED] - Attribute 'value' of object '' is: '4600'

2018-06-09 19:30:28 - [TEST_STEP][PASSED] - Statement - Rqty = 100: null

2018-06-09 19:30:28 - [TEST_STEP][PASSED] - Statement - out.println("BatchQty : " + batchqty): null

2018-06-09 19:30:28 - [TEST_STEP][PASSED] - Statement - out.println("RQty : " + Rqty): null

2018-06-09 19:30:28 - [TEST_STEP][PASSED] - Statement - If (java.lang.Integer.valueOf(batchqty) >= java.lang.Integer.valueOf(Rqty)): null

2018-06-09 19:30:28 - [TEST_STEP][PASSED] - Statement - Break: null

2018-06-09 19:30:28 - [TEST_STEP][PASSED] - Statement - batchlength = new com.kms.katalon.core.testobject.TestObject(): null

2018-06-09 19:30:28 - [TEST_STEP][PASSED] - Statement - batchlength = com.kms.katalon.core.webui.keyword.WebUiBuiltInKeywords.modifyObjectProperty(batchlength, "xpath", "equals", "//*[@id = "fldvendor" + row + ""]", true): Modify property of object successfully

2018-06-09 19:30:28 - [MESSAGE][PASSED] - Modify property of object successfully

2018-06-09 19:30:28 - [TEST_STEP][PASSED] - Statement - batchsize = com.kms.katalon.core.webui.keyword.WebUiBuiltInKeywords.getNumberOfTotalOption(batchlength): 14 options of object '' counted

2018-06-09 19:30:28 - [MESSAGE][PASSED] - 14 options of object '' counted

2018-06-09 19:30:28 - [TEST_STEP][PASSED] - Statement - out.println("BatchSize : " + batchsize): null

2018-06-09 19:30:28 - [TEST_STEP][PASSED] - Statement - For ([n = 1, n <= batchsize - 1, (n++)]): null

2018-06-09 19:30:28 - [TEST_STEP][PASSED] - Statement - product = new com.kms.katalon.core.testobject.TestObject(): null

2018-06-09 19:30:28 - [TEST_STEP][PASSED] - Statement - product = com.kms.katalon.core.webui.keyword.WebUiBuiltInKeywords.modifyObjectProperty(product, "xpath", "equals", "//*[@id = "fldvendor" + row + ""]", true): Modify property of object successfully

2018-06-09 19:30:28 - [MESSAGE][PASSED] - Modify property of object successfully

2018-06-09 19:30:28 - [TEST_STEP][PASSED] - selectOptionByIndex: All options with index in [1] are selected on object ''

2018-06-09 19:30:28 - [MESSAGE][PASSED] - All options with index in [1] are selected on object ''

2018-06-09 19:30:28 - [TEST_STEP][PASSED] - delay: Delayed 2 second(s)

2018-06-09 19:30:30 - [MESSAGE][PASSED] - Delayed 2 second(s)

2018-06-09 19:30:30 - [TEST_STEP][PASSED] - Statement - batch = new com.kms.katalon.core.testobject.TestObject(): null

2018-06-09 19:30:30 - [TEST_STEP][PASSED] - Statement - batch = com.kms.katalon.core.webui.keyword.WebUiBuiltInKeywords.modifyObjectProperty(batch, "xpath", "equals", "//*[@id = "txtbthqty" + row + ""]", true): Modify property of object successfully

2018-06-09 19:30:30 - [MESSAGE][PASSED] - Modify property of object successfully

2018-06-09 19:30:30 - [TEST_STEP][PASSED] - Statement - batchqty = com.kms.katalon.core.webui.keyword.WebUiBuiltInKeywords.getAttribute(batch, "value").trim(): Attribute 'value' of object '' is: '4600'

2018-06-09 19:30:30 - [MESSAGE][PASSED] - Attribute 'value' of object '' is: '4600'

2018-06-09 19:30:30 - [TEST_STEP][PASSED] - Statement - Rqty = 100: null

2018-06-09 19:30:30 - [TEST_STEP][PASSED] - Statement - out.println("BatchQty : " + batchqty): null

2018-06-09 19:30:30 - [TEST_STEP][PASSED] - Statement - out.println("RQty : " + Rqty): null

2018-06-09 19:30:30 - [TEST_STEP][PASSED] - Statement - If (java.lang.Integer.valueOf(batchqty) >= java.lang.Integer.valueOf(Rqty)): null

2018-06-09 19:30:30 - [TEST_STEP][PASSED] - Statement - Break: null

2018-06-09 19:30:30 - [TEST_STEP][PASSED] - Statement - batchlength = new com.kms.katalon.core.testobject.TestObject(): null

2018-06-09 19:30:31 - [TEST_STEP][PASSED] - Statement - batchlength = com.kms.katalon.core.webui.keyword.WebUiBuiltInKeywords.modifyObjectProperty(batchlength, "xpath", "equals", "//*[@id = "fldvendor" + row + ""]", true): Modify property of object successfully

2018-06-09 19:30:31 - [MESSAGE][PASSED] - Modify property of object successfully

2018-06-09 19:30:31 - [TEST_STEP][PASSED] - Statement - batchsize = com.kms.katalon.core.webui.keyword.WebUiBuiltInKeywords.getNumberOfTotalOption(batchlength): 14 options of object '' counted

2018-06-09 19:30:31 - [MESSAGE][PASSED] - 14 options of object '' counted

2018-06-09 19:30:31 - [TEST_STEP][PASSED] - Statement - out.println("BatchSize : " + batchsize): null

2018-06-09 19:30:31 - [TEST_STEP][PASSED] - Statement - For ([n = 1, n <= batchsize - 1, (n++)]): null

2018-06-09 19:30:31 - [TEST_STEP][PASSED] - Statement - product = new com.kms.katalon.core.testobject.TestObject(): null

2018-06-09 19:30:31 - [TEST_STEP][PASSED] - Statement - product = com.kms.katalon.core.webui.keyword.WebUiBuiltInKeywords.modifyObjectProperty(product, "xpath", "equals", "//*[@id = "fldvendor" + row + ""]", true): Modify property of object successfully

2018-06-09 19:30:31 - [MESSAGE][PASSED] - Modify property of object successfully

2018-06-09 19:30:31 - [TEST_STEP][PASSED] - selectOptionByIndex: All options with index in [1] are selected on object ''

2018-06-09 19:30:31 - [MESSAGE][PASSED] - All options with index in [1] are selected on object ''

2018-06-09 19:30:31 - [TEST_STEP][PASSED] - delay: Delayed 2 second(s)

2018-06-09 19:30:33 - [MESSAGE][PASSED] - Delayed 2 second(s)

2018-06-09 19:30:33 - [TEST_STEP][PASSED] - Statement - batch = new com.kms.katalon.core.testobject.TestObject(): null

2018-06-09 19:30:33 - [TEST_STEP][PASSED] - Statement - batch = com.kms.katalon.core.webui.keyword.WebUiBuiltInKeywords.modifyObjectProperty(batch, "xpath", "equals", "//*[@id = "txtbthqty" + row + ""]", true): Modify property of object successfully

2018-06-09 19:30:33 - [MESSAGE][PASSED] - Modify property of object successfully

2018-06-09 19:30:33 - [TEST_STEP][PASSED] - Statement - batchqty = com.kms.katalon.core.webui.keyword.WebUiBuiltInKeywords.getAttribute(batch, "value").trim(): Attribute 'value' of object '' is: '700'

2018-06-09 19:30:33 - [MESSAGE][PASSED] - Attribute 'value' of object '' is: '700'

2018-06-09 19:30:33 - [TEST_STEP][PASSED] - Statement - Rqty = 100: null

2018-06-09 19:30:33 - [TEST_STEP][PASSED] - Statement - out.println("BatchQty : " + batchqty): null

2018-06-09 19:30:33 - [TEST_STEP][PASSED] - Statement - out.println("RQty : " + Rqty): null

2018-06-09 19:30:33 - [TEST_STEP][PASSED] - Statement - If (java.lang.Integer.valueOf(batchqty) >= java.lang.Integer.valueOf(Rqty)): null

2018-06-09 19:30:33 - [TEST_STEP][PASSED] - Statement - Break: null

2018-06-09 19:30:33 - [TEST_STEP][PASSED] - Statement - batchlength = new com.kms.katalon.core.testobject.TestObject(): null

2018-06-09 19:30:33 - [TEST_STEP][PASSED] - Statement - batchlength = com.kms.katalon.core.webui.keyword.WebUiBuiltInKeywords.modifyObjectProperty(batchlength, "xpath", "equals", "//*[@id = "fldvendor" + row + ""]", true): Modify property of object successfully

2018-06-09 19:30:33 - [MESSAGE][PASSED] - Modify property of object successfully

2018-06-09 19:30:33 - [TEST_STEP][PASSED] - Statement - batchsize = com.kms.katalon.core.webui.keyword.WebUiBuiltInKeywords.getNumberOfTotalOption(batchlength): 14 options of object '' counted

2018-06-09 19:30:33 - [MESSAGE][PASSED] - 14 options of object '' counted

2018-06-09 19:30:33 - [TEST_STEP][PASSED] - Statement - out.println("BatchSize : " + batchsize): null

2018-06-09 19:30:33 - [TEST_STEP][PASSED] - Statement - For ([n = 1, n <= batchsize - 1, (n++)]): null

2018-06-09 19:30:33 - [TEST_STEP][PASSED] - Statement - product = new com.kms.katalon.core.testobject.TestObject(): null

2018-06-09 19:30:33 - [TEST_STEP][PASSED] - Statement - product = com.kms.katalon.core.webui.keyword.WebUiBuiltInKeywords.modifyObjectProperty(product, "xpath", "equals", "//*[@id = "fldvendor" + row + ""]", true): Modify property of object successfully

2018-06-09 19:30:33 - [MESSAGE][PASSED] - Modify property of object successfully

2018-06-09 19:30:33 - [TEST_STEP][PASSED] - selectOptionByIndex: All options with index in [1] are selected on object ''

2018-06-09 19:30:33 - [MESSAGE][PASSED] - All options with index in [1] are selected on object ''

2018-06-09 19:30:33 - [TEST_STEP][PASSED] - delay: Delayed 2 second(s)

2018-06-09 19:30:35 - [MESSAGE][PASSED] - Delayed 2 second(s)

2018-06-09 19:30:35 - [TEST_STEP][PASSED] - Statement - batch = new com.kms.katalon.core.testobject.TestObject(): null

2018-06-09 19:30:35 - [TEST_STEP][PASSED] - Statement - batch = com.kms.katalon.core.webui.keyword.WebUiBuiltInKeywords.modifyObjectProperty(batch, "xpath", "equals", "//*[@id = "txtbthqty" + row + ""]", true): Modify property of object successfully

2018-06-09 19:30:35 - [MESSAGE][PASSED] - Modify property of object successfully

2018-06-09 19:30:35 - [TEST_STEP][PASSED] - Statement - batchqty = com.kms.katalon.core.webui.keyword.WebUiBuiltInKeywords.getAttribute(batch, "value").trim(): Attribute 'value' of object '' is: '4000'

2018-06-09 19:30:35 - [MESSAGE][PASSED] - Attribute 'value' of object '' is: '4000'

2018-06-09 19:30:35 - [TEST_STEP][PASSED] - Statement - Rqty = 100: null

2018-06-09 19:30:35 - [TEST_STEP][PASSED] - Statement - out.println("BatchQty : " + batchqty): null

2018-06-09 19:30:35 - [TEST_STEP][PASSED] - Statement - out.println("RQty : " + Rqty): null

2018-06-09 19:30:35 - [TEST_STEP][PASSED] - Statement - If (java.lang.Integer.valueOf(batchqty) >= java.lang.Integer.valueOf(Rqty)): null

2018-06-09 19:30:35 - [TEST_STEP][PASSED] - Statement - Break: null

2018-06-09 19:30:35 - [TEST_STEP][PASSED] - Statement - batchlength = new com.kms.katalon.core.testobject.TestObject(): null

2018-06-09 19:30:35 - [TEST_STEP][PASSED] - Statement - batchlength = com.kms.katalon.core.webui.keyword.WebUiBuiltInKeywords.modifyObjectProperty(batchlength, "xpath", "equals", "//*[@id = "fldvendor" + row + ""]", true): Modify property of object successfully

2018-06-09 19:30:35 - [MESSAGE][PASSED] - Modify property of object successfully

2018-06-09 19:30:35 - [TEST_STEP][PASSED] - Statement - batchsize = com.kms.katalon.core.webui.keyword.WebUiBuiltInKeywords.getNumberOfTotalOption(batchlength): 14 options of object '' counted

2018-06-09 19:30:35 - [MESSAGE][PASSED] - 14 options of object '' counted

2018-06-09 19:30:35 - [TEST_STEP][PASSED] - Statement - out.println("BatchSize : " + batchsize): null

2018-06-09 19:30:35 - [TEST_STEP][PASSED] - Statement - For ([n = 1, n <= batchsize - 1, (n++)]): null

2018-06-09 19:30:35 - [TEST_STEP][PASSED] - Statement - product = new com.kms.katalon.core.testobject.TestObject(): null

2018-06-09 19:30:35 - [TEST_STEP][PASSED] - Statement - product = com.kms.katalon.core.webui.keyword.WebUiBuiltInKeywords.modifyObjectProperty(product, "xpath", "equals", "//*[@id = "fldvendor" + row + ""]", true): Modify property of object successfully

2018-06-09 19:30:35 - [MESSAGE][PASSED] - Modify property of object successfully

2018-06-09 19:30:35 - [TEST_STEP][PASSED] - selectOptionByIndex: All options with index in [1] are selected on object ''

2018-06-09 19:30:35 - [MESSAGE][PASSED] - All options with index in [1] are selected on object ''

2018-06-09 19:30:35 - [TEST_STEP][PASSED] - delay: Delayed 2 second(s)

2018-06-09 19:30:37 - [MESSAGE][PASSED] - Delayed 2 second(s)

2018-06-09 19:30:37 - [TEST_STEP][PASSED] - Statement - batch = new com.kms.katalon.core.testobject.TestObject(): null

2018-06-09 19:30:37 - [TEST_STEP][PASSED] - Statement - batch = com.kms.katalon.core.webui.keyword.WebUiBuiltInKeywords.modifyObjectProperty(batch, "xpath", "equals", "//*[@id = "txtbthqty" + row + ""]", true): Modify property of object successfully

2018-06-09 19:30:37 - [MESSAGE][PASSED] - Modify property of object successfully

2018-06-09 19:30:37 - [TEST_STEP][PASSED] - Statement - batchqty = com.kms.katalon.core.webui.keyword.WebUiBuiltInKeywords.getAttribute(batch, "value").trim(): Attribute 'value' of object '' is: '2700'

2018-06-09 19:30:37 - [MESSAGE][PASSED] - Attribute 'value' of object '' is: '2700'

2018-06-09 19:30:37 - [TEST_STEP][PASSED] - Statement - Rqty = 100: null

2018-06-09 19:30:37 - [TEST_STEP][PASSED] - Statement - out.println("BatchQty : " + batchqty): null

2018-06-09 19:30:37 - [TEST_STEP][PASSED] - Statement - out.println("RQty : " + Rqty): null

2018-06-09 19:30:37 - [TEST_STEP][PASSED] - Statement - If (java.lang.Integer.valueOf(batchqty) >= java.lang.Integer.valueOf(Rqty)): null

2018-06-09 19:30:37 - [TEST_STEP][PASSED] - Statement - Break: null

2018-06-09 19:30:37 - [TEST_STEP][PASSED] - Statement - batchlength = new com.kms.katalon.core.testobject.TestObject(): null

2018-06-09 19:30:37 - [TEST_STEP][PASSED] - Statement - batchlength = com.kms.katalon.core.webui.keyword.WebUiBuiltInKeywords.modifyObjectProperty(batchlength, "xpath", "equals", "//*[@id = "fldvendor" + row + ""]", true): Modify property of object successfully

2018-06-09 19:30:37 - [MESSAGE][PASSED] - Modify property of object successfully

2018-06-09 19:30:37 - [TEST_STEP][PASSED] - Statement - batchsize = com.kms.katalon.core.webui.keyword.WebUiBuiltInKeywords.getNumberOfTotalOption(batchlength): 14 options of object '' counted

2018-06-09 19:30:37 - [MESSAGE][PASSED] - 14 options of object '' counted

2018-06-09 19:30:37 - [TEST_STEP][PASSED] - Statement - out.println("BatchSize : " + batchsize): null

2018-06-09 19:30:37 - [TEST_STEP][PASSED] - Statement - For ([n = 1, n <= batchsize - 1, (n++)]): null

2018-06-09 19:30:37 - [TEST_STEP][PASSED] - Statement - product = new com.kms.katalon.core.testobject.TestObject(): null

2018-06-09 19:30:37 - [TEST_STEP][PASSED] - Statement - product = com.kms.katalon.core.webui.keyword.WebUiBuiltInKeywords.modifyObjectProperty(product, "xpath", "equals", "//*[@id = "fldvendor" + row + ""]", true): Modify property of object successfully

2018-06-09 19:30:37 - [MESSAGE][PASSED] - Modify property of object successfully

2018-06-09 19:30:37 - [TEST_STEP][PASSED] - selectOptionByIndex: All options with index in [1] are selected on object ''

2018-06-09 19:30:38 - [MESSAGE][PASSED] - All options with index in [1] are selected on object ''

2018-06-09 19:30:38 - [TEST_STEP][PASSED] - delay: Delayed 2 second(s)

2018-06-09 19:30:40 - [MESSAGE][PASSED] - Delayed 2 second(s)

2018-06-09 19:30:40 - [TEST_STEP][PASSED] - Statement - batch = new com.kms.katalon.core.testobject.TestObject(): null

2018-06-09 19:30:40 - [TEST_STEP][PASSED] - Statement - batch = com.kms.katalon.core.webui.keyword.WebUiBuiltInKeywords.modifyObjectProperty(batch, "xpath", "equals", "//*[@id = "txtbthqty" + row + ""]", true): Modify property of object successfully

2018-06-09 19:30:40 - [MESSAGE][PASSED] - Modify property of object successfully

2018-06-09 19:30:40 - [TEST_STEP][PASSED] - Statement - batchqty = com.kms.katalon.core.webui.keyword.WebUiBuiltInKeywords.getAttribute(batch, "value").trim(): Attribute 'value' of object '' is: '3200'

2018-06-09 19:30:40 - [MESSAGE][PASSED] - Attribute 'value' of object '' is: '3200'

2018-06-09 19:30:40 - [TEST_STEP][PASSED] - Statement - Rqty = 100: null

2018-06-09 19:30:40 - [TEST_STEP][PASSED] - Statement - out.println("BatchQty : " + batchqty): null

2018-06-09 19:30:40 - [TEST_STEP][PASSED] - Statement - out.println("RQty : " + Rqty): null

2018-06-09 19:30:40 - [TEST_STEP][PASSED] - Statement - If (java.lang.Integer.valueOf(batchqty) >= java.lang.Integer.valueOf(Rqty)): null

2018-06-09 19:30:40 - [TEST_STEP][PASSED] - Statement - Break: null

2018-06-09 19:30:40 - [TEST_STEP][PASSED] - Statement - batchlength = new com.kms.katalon.core.testobject.TestObject(): null

2018-06-09 19:30:40 - [TEST_STEP][PASSED] - Statement - batchlength = com.kms.katalon.core.webui.keyword.WebUiBuiltInKeywords.modifyObjectProperty(batchlength, "xpath", "equals", "//*[@id = "fldvendor" + row + ""]", true): Modify property of object successfully

2018-06-09 19:30:40 - [MESSAGE][PASSED] - Modify property of object successfully

2018-06-09 19:30:40 - [TEST_STEP][PASSED] - Statement - batchsize = com.kms.katalon.core.webui.keyword.WebUiBuiltInKeywords.getNumberOfTotalOption(batchlength): 14 options of object '' counted

2018-06-09 19:30:40 - [MESSAGE][PASSED] - 14 options of object '' counted

2018-06-09 19:30:40 - [TEST_STEP][PASSED] - Statement - out.println("BatchSize : " + batchsize): null

2018-06-09 19:30:40 - [TEST_STEP][PASSED] - Statement - For ([n = 1, n <= batchsize - 1, (n++)]): null

2018-06-09 19:30:40 - [TEST_STEP][PASSED] - Statement - product = new com.kms.katalon.core.testobject.TestObject(): null

2018-06-09 19:30:40 - [TEST_STEP][PASSED] - Statement - product = com.kms.katalon.core.webui.keyword.WebUiBuiltInKeywords.modifyObjectProperty(product, "xpath", "equals", "//*[@id = "fldvendor" + row + ""]", true): Modify property of object successfully

2018-06-09 19:30:40 - [MESSAGE][PASSED] - Modify property of object successfully

2018-06-09 19:30:40 - [TEST_STEP][PASSED] - selectOptionByIndex: All options with index in [1] are selected on object ''

2018-06-09 19:30:40 - [MESSAGE][PASSED] - All options with index in [1] are selected on object ''

2018-06-09 19:30:40 - [TEST_STEP][PASSED] - delay: Delayed 2 second(s)

2018-06-09 19:30:42 - [MESSAGE][PASSED] - Delayed 2 second(s)

2018-06-09 19:30:42 - [TEST_STEP][PASSED] - Statement - batch = new com.kms.katalon.core.testobject.TestObject(): null

2018-06-09 19:30:42 - [TEST_STEP][PASSED] - Statement - batch = com.kms.katalon.core.webui.keyword.WebUiBuiltInKeywords.modifyObjectProperty(batch, "xpath", "equals", "//*[@id = "txtbthqty" + row + ""]", true): Modify property of object successfully

2018-06-09 19:30:42 - [MESSAGE][PASSED] - Modify property of object successfully

2018-06-09 19:30:42 - [TEST_STEP][PASSED] - Statement - batchqty = com.kms.katalon.core.webui.keyword.WebUiBuiltInKeywords.getAttribute(batch, "value").trim(): Attribute 'value' of object '' is: '4000'

2018-06-09 19:30:42 - [MESSAGE][PASSED] - Attribute 'value' of object '' is: '4000'

2018-06-09 19:30:42 - [TEST_STEP][PASSED] - Statement - Rqty = 100: null

2018-06-09 19:30:42 - [TEST_STEP][PASSED] - Statement - out.println("BatchQty : " + batchqty): null

2018-06-09 19:30:42 - [TEST_STEP][PASSED] - Statement - out.println("RQty : " + Rqty): null

2018-06-09 19:30:42 - [TEST_STEP][PASSED] - Statement - If (java.lang.Integer.valueOf(batchqty) >= java.lang.Integer.valueOf(Rqty)): null

2018-06-09 19:30:42 - [TEST_STEP][PASSED] - Statement - Break: null

2018-06-09 19:30:42 - [TEST_STEP][PASSED] - Statement - batchlength = new com.kms.katalon.core.testobject.TestObject(): null

2018-06-09 19:30:42 - [TEST_STEP][PASSED] - Statement - batchlength = com.kms.katalon.core.webui.keyword.WebUiBuiltInKeywords.modifyObjectProperty(batchlength, "xpath", "equals", "//*[@id = "fldvendor" + row + ""]", true): Modify property of object successfully

2018-06-09 19:30:42 - [MESSAGE][PASSED] - Modify property of object successfully

2018-06-09 19:30:42 - [TEST_STEP][PASSED] - Statement - batchsize = com.kms.katalon.core.webui.keyword.WebUiBuiltInKeywords.getNumberOfTotalOption(batchlength): 14 options of object '' counted

2018-06-09 19:30:42 - [MESSAGE][PASSED] - 14 options of object '' counted

2018-06-09 19:30:42 - [TEST_STEP][PASSED] - Statement - out.println("BatchSize : " + batchsize): null

2018-06-09 19:30:42 - [TEST_STEP][PASSED] - Statement - For ([n = 1, n <= batchsize - 1, (n++)]): null

2018-06-09 19:30:42 - [TEST_STEP][PASSED] - Statement - product = new com.kms.katalon.core.testobject.TestObject(): null

2018-06-09 19:30:42 - [TEST_STEP][PASSED] - Statement - product = com.kms.katalon.core.webui.keyword.WebUiBuiltInKeywords.modifyObjectProperty(product, "xpath", "equals", "//*[@id = "fldvendor" + row + ""]", true): Modify property of object successfully

2018-06-09 19:30:42 - [MESSAGE][PASSED] - Modify property of object successfully

2018-06-09 19:30:42 - [TEST_STEP][PASSED] - selectOptionByIndex: All options with index in [1] are selected on object ''

2018-06-09 19:30:42 - [MESSAGE][PASSED] - All options with index in [1] are selected on object ''

2018-06-09 19:30:42 - [TEST_STEP][PASSED] - delay: Delayed 2 second(s)

2018-06-09 19:30:44 - [MESSAGE][PASSED] - Delayed 2 second(s)

2018-06-09 19:30:44 - [TEST_STEP][PASSED] - Statement - batch = new com.kms.katalon.core.testobject.TestObject(): null

2018-06-09 19:30:44 - [TEST_STEP][PASSED] - Statement - batch = com.kms.katalon.core.webui.keyword.WebUiBuiltInKeywords.modifyObjectProperty(batch, "xpath", "equals", "//*[@id = "txtbthqty" + row + ""]", true): Modify property of object successfully

2018-06-09 19:30:44 - [MESSAGE][PASSED] - Modify property of object successfully

2018-06-09 19:30:44 - [TEST_STEP][PASSED] - Statement - batchqty = com.kms.katalon.core.webui.keyword.WebUiBuiltInKeywords.getAttribute(batch, "value").trim(): Attribute 'value' of object '' is: '2700'

2018-06-09 19:30:44 - [MESSAGE][PASSED] - Attribute 'value' of object '' is: '2700'

2018-06-09 19:30:44 - [TEST_STEP][PASSED] - Statement - Rqty = 100: null

2018-06-09 19:30:44 - [TEST_STEP][PASSED] - Statement - out.println("BatchQty : " + batchqty): null

2018-06-09 19:30:44 - [TEST_STEP][PASSED] - Statement - out.println("RQty : " + Rqty): null

2018-06-09 19:30:44 - [TEST_STEP][PASSED] - Statement - If (java.lang.Integer.valueOf(batchqty) >= java.lang.Integer.valueOf(Rqty)): null

2018-06-09 19:30:44 - [TEST_STEP][PASSED] - Statement - Break: null

2018-06-09 19:30:44 - [TEST_STEP][PASSED] - Statement - batchlength = new com.kms.katalon.core.testobject.TestObject(): null

2018-06-09 19:30:44 - [TEST_STEP][PASSED] - Statement - batchlength = com.kms.katalon.core.webui.keyword.WebUiBuiltInKeywords.modifyObjectProperty(batchlength, "xpath", "equals", "//*[@id = "fldvendor" + row + ""]", true): Modify property of object successfully

2018-06-09 19:30:44 - [MESSAGE][PASSED] - Modify property of object successfully

2018-06-09 19:30:44 - [TEST_STEP][PASSED] - Statement - batchsize = com.kms.katalon.core.webui.keyword.WebUiBuiltInKeywords.getNumberOfTotalOption(batchlength): 14 options of object '' counted

2018-06-09 19:30:44 - [MESSAGE][PASSED] - 14 options of object '' counted

2018-06-09 19:30:44 - [TEST_STEP][PASSED] - Statement - out.println("BatchSize : " + batchsize): null

2018-06-09 19:30:44 - [TEST_STEP][PASSED] - Statement - For ([n = 1, n <= batchsize - 1, (n++)]): null

2018-06-09 19:30:44 - [TEST_STEP][PASSED] - Statement - product = new com.kms.katalon.core.testobject.TestObject(): null

2018-06-09 19:30:44 - [TEST_STEP][PASSED] - Statement - product = com.kms.katalon.core.webui.keyword.WebUiBuiltInKeywords.modifyObjectProperty(product, "xpath", "equals", "//*[@id = "fldvendor" + row + ""]", true): Modify property of object successfully

2018-06-09 19:30:44 - [MESSAGE][PASSED] - Modify property of object successfully

2018-06-09 19:30:44 - [TEST_STEP][PASSED] - selectOptionByIndex: All options with index in [1] are selected on object ''

2018-06-09 19:30:44 - [MESSAGE][PASSED] - All options with index in [1] are selected on object ''

2018-06-09 19:30:44 - [TEST_STEP][PASSED] - delay: Delayed 2 second(s)

2018-06-09 19:30:46 - [MESSAGE][PASSED] - Delayed 2 second(s)

2018-06-09 19:30:46 - [TEST_STEP][PASSED] - Statement - batch = new com.kms.katalon.core.testobject.TestObject(): null

2018-06-09 19:30:46 - [TEST_STEP][PASSED] - Statement - batch = com.kms.katalon.core.webui.keyword.WebUiBuiltInKeywords.modifyObjectProperty(batch, "xpath", "equals", "//*[@id = "txtbthqty" + row + ""]", true): Modify property of object successfully

2018-06-09 19:30:46 - [MESSAGE][PASSED] - Modify property of object successfully

2018-06-09 19:30:46 - [TEST_STEP][PASSED] - Statement - batchqty = com.kms.katalon.core.webui.keyword.WebUiBuiltInKeywords.getAttribute(batch, "value").trim(): Attribute 'value' of object '' is: '4000'

2018-06-09 19:30:46 - [MESSAGE][PASSED] - Attribute 'value' of object '' is: '4000'

2018-06-09 19:30:46 - [TEST_STEP][PASSED] - Statement - Rqty = 100: null

2018-06-09 19:30:46 - [TEST_STEP][PASSED] - Statement - out.println("BatchQty : " + batchqty): null

2018-06-09 19:30:46 - [TEST_STEP][PASSED] - Statement - out.println("RQty : " + Rqty): null

2018-06-09 19:30:46 - [TEST_STEP][PASSED] - Statement - If (java.lang.Integer.valueOf(batchqty) >= java.lang.Integer.valueOf(Rqty)): null

2018-06-09 19:30:46 - [TEST_STEP][PASSED] - Statement - Break: null

2018-06-09 19:30:46 - [TEST_STEP][PASSED] - Statement - batchlength = new com.kms.katalon.core.testobject.TestObject(): null

2018-06-09 19:30:46 - [TEST_STEP][PASSED] - Statement - batchlength = com.kms.katalon.core.webui.keyword.WebUiBuiltInKeywords.modifyObjectProperty(batchlength, "xpath", "equals", "//*[@id = "fldvendor" + row + ""]", true): Modify property of object successfully

2018-06-09 19:30:46 - [MESSAGE][PASSED] - Modify property of object successfully

2018-06-09 19:30:46 - [TEST_STEP][PASSED] - Statement - batchsize = com.kms.katalon.core.webui.keyword.WebUiBuiltInKeywords.getNumberOfTotalOption(batchlength): 14 options of object '' counted

2018-06-09 19:30:47 - [MESSAGE][PASSED] - 14 options of object '' counted

2018-06-09 19:30:47 - [TEST_STEP][PASSED] - Statement - out.println("BatchSize : " + batchsize): null

2018-06-09 19:30:47 - [TEST_STEP][PASSED] - Statement - For ([n = 1, n <= batchsize - 1, (n++)]): null

2018-06-09 19:30:47 - [TEST_STEP][PASSED] - Statement - product = new com.kms.katalon.core.testobject.TestObject(): null

2018-06-09 19:30:47 - [TEST_STEP][PASSED] - Statement - product = com.kms.katalon.core.webui.keyword.WebUiBuiltInKeywords.modifyObjectProperty(product, "xpath", "equals", "//*[@id = "fldvendor" + row + ""]", true): Modify property of object successfully

2018-06-09 19:30:47 - [MESSAGE][PASSED] - Modify property of object successfully

2018-06-09 19:30:47 - [TEST_STEP][PASSED] - selectOptionByIndex: All options with index in [1] are selected on object ''

2018-06-09 19:30:47 - [MESSAGE][PASSED] - All options with index in [1] are selected on object ''

2018-06-09 19:30:47 - [TEST_STEP][PASSED] - delay: Delayed 2 second(s)

2018-06-09 19:30:49 - [MESSAGE][PASSED] - Delayed 2 second(s)

2018-06-09 19:30:49 - [TEST_STEP][PASSED] - Statement - batch = new com.kms.katalon.core.testobject.TestObject(): null

2018-06-09 19:30:49 - [TEST_STEP][PASSED] - Statement - batch = com.kms.katalon.core.webui.keyword.WebUiBuiltInKeywords.modifyObjectProperty(batch, "xpath", "equals", "//*[@id = "txtbthqty" + row + ""]", true): Modify property of object successfully

2018-06-09 19:30:49 - [MESSAGE][PASSED] - Modify property of object successfully

2018-06-09 19:30:49 - [TEST_STEP][PASSED] - Statement - batchqty = com.kms.katalon.core.webui.keyword.WebUiBuiltInKeywords.getAttribute(batch, "value").trim(): Attribute 'value' of object '' is: '35500'

2018-06-09 19:30:49 - [MESSAGE][PASSED] - Attribute 'value' of object '' is: '35500'

2018-06-09 19:30:49 - [TEST_STEP][PASSED] - Statement - Rqty = 100: null

2018-06-09 19:30:49 - [TEST_STEP][PASSED] - Statement - out.println("BatchQty : " + batchqty): null

2018-06-09 19:30:49 - [TEST_STEP][PASSED] - Statement - out.println("RQty : " + Rqty): null

2018-06-09 19:30:49 - [TEST_STEP][PASSED] - Statement - If (java.lang.Integer.valueOf(batchqty) >= java.lang.Integer.valueOf(Rqty)): null

2018-06-09 19:30:49 - [TEST_STEP][PASSED] - Statement - Break: null

2018-06-09 19:30:49 - [TEST_STEP][PASSED] - Statement - batchlength = new com.kms.katalon.core.testobject.TestObject(): null

2018-06-09 19:30:49 - [TEST_STEP][PASSED] - Statement - batchlength = com.kms.katalon.core.webui.keyword.WebUiBuiltInKeywords.modifyObjectProperty(batchlength, "xpath", "equals", "//*[@id = "fldvendor" + row + ""]", true): Modify property of object successfully

2018-06-09 19:30:49 - [MESSAGE][PASSED] - Modify property of object successfully

2018-06-09 19:30:49 - [TEST_STEP][PASSED] - Statement - batchsize = com.kms.katalon.core.webui.keyword.WebUiBuiltInKeywords.getNumberOfTotalOption(batchlength): 14 options of object '' counted

2018-06-09 19:30:49 - [MESSAGE][PASSED] - 14 options of object '' counted

2018-06-09 19:30:49 - [TEST_STEP][PASSED] - Statement - out.println("BatchSize : " + batchsize): null

2018-06-09 19:30:49 - [TEST_STEP][PASSED] - Statement - For ([n = 1, n <= batchsize - 1, (n++)]): null

2018-06-09 19:30:49 - [TEST_STEP][PASSED] - Statement - product = new com.kms.katalon.core.testobject.TestObject(): null

2018-06-09 19:30:49 - [TEST_STEP][PASSED] - Statement - product = com.kms.katalon.core.webui.keyword.WebUiBuiltInKeywords.modifyObjectProperty(product, "xpath", "equals", "//*[@id = "fldvendor" + row + ""]", true): Modify property of object successfully

2018-06-09 19:30:49 - [MESSAGE][PASSED] - Modify property of object successfully

2018-06-09 19:30:49 - [TEST_STEP][PASSED] - selectOptionByIndex: All options with index in [1] are selected on object ''

2018-06-09 19:30:49 - [MESSAGE][PASSED] - All options with index in [1] are selected on object ''

2018-06-09 19:30:49 - [TEST_STEP][PASSED] - delay: Delayed 2 second(s)

2018-06-09 19:30:51 - [MESSAGE][PASSED] - Delayed 2 second(s)

2018-06-09 19:30:51 - [TEST_STEP][PASSED] - Statement - batch = new com.kms.katalon.core.testobject.TestObject(): null

2018-06-09 19:30:51 - [TEST_STEP][PASSED] - Statement - batch = com.kms.katalon.core.webui.keyword.WebUiBuiltInKeywords.modifyObjectProperty(batch, "xpath", "equals", "//*[@id = "txtbthqty" + row + ""]", true): Modify property of object successfully

2018-06-09 19:30:51 - [MESSAGE][PASSED] - Modify property of object successfully

2018-06-09 19:30:51 - [TEST_STEP][PASSED] - Statement - batchqty = com.kms.katalon.core.webui.keyword.WebUiBuiltInKeywords.getAttribute(batch, "value").trim(): Attribute 'value' of object '' is: '2700'

2018-06-09 19:30:51 - [MESSAGE][PASSED] - Attribute 'value' of object '' is: '2700'

2018-06-09 19:30:51 - [TEST_STEP][PASSED] - Statement - Rqty = 100: null

2018-06-09 19:30:51 - [TEST_STEP][PASSED] - Statement - out.println("BatchQty : " + batchqty): null

2018-06-09 19:30:51 - [TEST_STEP][PASSED] - Statement - out.println("RQty : " + Rqty): null

2018-06-09 19:30:51 - [TEST_STEP][PASSED] - Statement - If (java.lang.Integer.valueOf(batchqty) >= java.lang.Integer.valueOf(Rqty)): null

2018-06-09 19:30:51 - [TEST_STEP][PASSED] - Statement - Break: null

2018-06-09 19:30:51 - [TEST_STEP][PASSED] - Statement - batchlength = new com.kms.katalon.core.testobject.TestObject(): null

2018-06-09 19:30:51 - [TEST_STEP][PASSED] - Statement - batchlength = com.kms.katalon.core.webui.keyword.WebUiBuiltInKeywords.modifyObjectProperty(batchlength, "xpath", "equals", "//*[@id = "fldvendor" + row + ""]", true): Modify property of object successfully

2018-06-09 19:30:51 - [MESSAGE][PASSED] - Modify property of object successfully

2018-06-09 19:30:51 - [TEST_STEP][PASSED] - Statement - batchsize = com.kms.katalon.core.webui.keyword.WebUiBuiltInKeywords.getNumberOfTotalOption(batchlength): 14 options of object '' counted

2018-06-09 19:30:51 - [MESSAGE][PASSED] - 14 options of object '' counted

2018-06-09 19:30:51 - [TEST_STEP][PASSED] - Statement - out.println("BatchSize : " + batchsize): null

2018-06-09 19:30:51 - [TEST_STEP][PASSED] - Statement - For ([n = 1, n <= batchsize - 1, (n++)]): null

2018-06-09 19:30:51 - [TEST_STEP][PASSED] - Statement - product = new com.kms.katalon.core.testobject.TestObject(): null

2018-06-09 19:30:51 - [TEST_STEP][PASSED] - Statement - product = com.kms.katalon.core.webui.keyword.WebUiBuiltInKeywords.modifyObjectProperty(product, "xpath", "equals", "//*[@id = "fldvendor" + row + ""]", true): Modify property of object successfully

2018-06-09 19:30:51 - [MESSAGE][PASSED] - Modify property of object successfully

2018-06-09 19:30:51 - [TEST_STEP][PASSED] - selectOptionByIndex: All options with index in [1] are selected on object ''

2018-06-09 19:30:51 - [MESSAGE][PASSED] - All options with index in [1] are selected on object ''

2018-06-09 19:30:51 - [TEST_STEP][PASSED] - delay: Delayed 2 second(s)

2018-06-09 19:30:53 - [MESSAGE][PASSED] - Delayed 2 second(s)

2018-06-09 19:30:53 - [TEST_STEP][PASSED] - Statement - batch = new com.kms.katalon.core.testobject.TestObject(): null

2018-06-09 19:30:53 - [TEST_STEP][PASSED] - Statement - batch = com.kms.katalon.core.webui.keyword.WebUiBuiltInKeywords.modifyObjectProperty(batch, "xpath", "equals", "//*[@id = "txtbthqty" + row + ""]", true): Modify property of object successfully

2018-06-09 19:30:53 - [MESSAGE][PASSED] - Modify property of object successfully

2018-06-09 19:30:53 - [TEST_STEP][PASSED] - Statement - batchqty = com.kms.katalon.core.webui.keyword.WebUiBuiltInKeywords.getAttribute(batch, "value").trim(): Attribute 'value' of object '' is: '1700'

2018-06-09 19:30:53 - [MESSAGE][PASSED] - Attribute 'value' of object '' is: '1700'

2018-06-09 19:30:53 - [TEST_STEP][PASSED] - Statement - Rqty = 100: null

2018-06-09 19:30:53 - [TEST_STEP][PASSED] - Statement - out.println("BatchQty : " + batchqty): null

2018-06-09 19:30:53 - [TEST_STEP][PASSED] - Statement - out.println("RQty : " + Rqty): null

2018-06-09 19:30:53 - [TEST_STEP][PASSED] - Statement - If (java.lang.Integer.valueOf(batchqty) >= java.lang.Integer.valueOf(Rqty)): null

2018-06-09 19:30:53 - [TEST_STEP][PASSED] - Statement - Break: null

2018-06-09 19:30:53 - [TEST_STEP][PASSED] - Statement - batchlength = new com.kms.katalon.core.testobject.TestObject(): null

2018-06-09 19:30:53 - [TEST_STEP][PASSED] - Statement - batchlength = com.kms.katalon.core.webui.keyword.WebUiBuiltInKeywords.modifyObjectProperty(batchlength, "xpath", "equals", "//*[@id = "fldvendor" + row + ""]", true): Modify property of object successfully

2018-06-09 19:30:53 - [MESSAGE][PASSED] - Modify property of object successfully

2018-06-09 19:30:53 - [TEST_STEP][PASSED] - Statement - batchsize = com.kms.katalon.core.webui.keyword.WebUiBuiltInKeywords.getNumberOfTotalOption(batchlength): 14 options of object '' counted

2018-06-09 19:30:53 - [MESSAGE][PASSED] - 14 options of object '' counted

2018-06-09 19:30:53 - [TEST_STEP][PASSED] - Statement - out.println("BatchSize : " + batchsize): null

2018-06-09 19:30:53 - [TEST_STEP][PASSED] - Statement - For ([n = 1, n <= batchsize - 1, (n++)]): null

2018-06-09 19:30:53 - [TEST_STEP][PASSED] - Statement - product = new com.kms.katalon.core.testobject.TestObject(): null

2018-06-09 19:30:53 - [TEST_STEP][PASSED] - Statement - product = com.kms.katalon.core.webui.keyword.WebUiBuiltInKeywords.modifyObjectProperty(product, "xpath", "equals", "//*[@id = "fldvendor" + row + ""]", true): Modify property of object successfully

2018-06-09 19:30:53 - [MESSAGE][PASSED] - Modify property of object successfully

2018-06-09 19:30:53 - [TEST_STEP][PASSED] - selectOptionByIndex: All options with index in [1] are selected on object ''

2018-06-09 19:30:54 - [MESSAGE][PASSED] - All options with index in [1] are selected on object ''

2018-06-09 19:30:54 - [TEST_STEP][PASSED] - delay: Delayed 2 second(s)

2018-06-09 19:30:56 - [MESSAGE][PASSED] - Delayed 2 second(s)

2018-06-09 19:30:56 - [TEST_STEP][PASSED] - Statement - batch = new com.kms.katalon.core.testobject.TestObject(): null

2018-06-09 19:30:56 - [TEST_STEP][PASSED] - Statement - batch = com.kms.katalon.core.webui.keyword.WebUiBuiltInKeywords.modifyObjectProperty(batch, "xpath", "equals", "//*[@id = "txtbthqty" + row + ""]", true): Modify property of object successfully

2018-06-09 19:30:56 - [MESSAGE][PASSED] - Modify property of object successfully

2018-06-09 19:30:56 - [TEST_STEP][PASSED] - Statement - batchqty = com.kms.katalon.core.webui.keyword.WebUiBuiltInKeywords.getAttribute(batch, "value").trim(): Attribute 'value' of object '' is: '4600'

2018-06-09 19:30:56 - [MESSAGE][PASSED] - Attribute 'value' of object '' is: '4600'

2018-06-09 19:30:56 - [TEST_STEP][PASSED] - Statement - Rqty = 100: null

2018-06-09 19:30:56 - [TEST_STEP][PASSED] - Statement - out.println("BatchQty : " + batchqty): null

2018-06-09 19:30:56 - [TEST_STEP][PASSED] - Statement - out.println("RQty : " + Rqty): null

2018-06-09 19:30:56 - [TEST_STEP][PASSED] - Statement - If (java.lang.Integer.valueOf(batchqty) >= java.lang.Integer.valueOf(Rqty)): null

2018-06-09 19:30:56 - [TEST_STEP][PASSED] - Statement - Break: null

2018-06-09 19:30:56 - [TEST_STEP][PASSED] - Statement - batchlength = new com.kms.katalon.core.testobject.TestObject(): null

2018-06-09 19:30:56 - [TEST_STEP][PASSED] - Statement - batchlength = com.kms.katalon.core.webui.keyword.WebUiBuiltInKeywords.modifyObjectProperty(batchlength, "xpath", "equals", "//*[@id = "fldvendor" + row + ""]", true): Modify property of object successfully

2018-06-09 19:30:56 - [MESSAGE][PASSED] - Modify property of object successfully

2018-06-09 19:30:56 - [TEST_STEP][PASSED] - Statement - batchsize = com.kms.katalon.core.webui.keyword.WebUiBuiltInKeywords.getNumberOfTotalOption(batchlength): 14 options of object '' counted

2018-06-09 19:30:56 - [MESSAGE][PASSED] - 14 options of object '' counted

2018-06-09 19:30:56 - [TEST_STEP][PASSED] - Statement - out.println("BatchSize : " + batchsize): null

2018-06-09 19:30:56 - [TEST_STEP][PASSED] - Statement - For ([n = 1, n <= batchsize - 1, (n++)]): null

2018-06-09 19:30:56 - [TEST_STEP][PASSED] - Statement - product = new com.kms.katalon.core.testobject.TestObject(): null

2018-06-09 19:30:56 - [TEST_STEP][PASSED] - Statement - product = com.kms.katalon.core.webui.keyword.WebUiBuiltInKeywords.modifyObjectProperty(product, "xpath", "equals", "//*[@id = "fldvendor" + row + ""]", true): Modify property of object successfully

2018-06-09 19:30:56 - [MESSAGE][PASSED] - Modify property of object successfully

2018-06-09 19:30:56 - [TEST_STEP][PASSED] - selectOptionByIndex: All options with index in [1] are selected on object ''

2018-06-09 19:30:56 - [MESSAGE][PASSED] - All options with index in [1] are selected on object ''

2018-06-09 19:30:56 - [TEST_STEP][PASSED] - delay: Delayed 2 second(s)

2018-06-09 19:30:58 - [MESSAGE][PASSED] - Delayed 2 second(s)

2018-06-09 19:30:58 - [TEST_STEP][PASSED] - Statement - batch = new com.kms.katalon.core.testobject.TestObject(): null

2018-06-09 19:30:58 - [TEST_STEP][PASSED] - Statement - batch = com.kms.katalon.core.webui.keyword.WebUiBuiltInKeywords.modifyObjectProperty(batch, "xpath", "equals", "//*[@id = "txtbthqty" + row + ""]", true): Modify property of object successfully

2018-06-09 19:30:58 - [MESSAGE][PASSED] - Modify property of object successfully

2018-06-09 19:30:58 - [TEST_STEP][PASSED] - Statement - batchqty = com.kms.katalon.core.webui.keyword.WebUiBuiltInKeywords.getAttribute(batch, "value").trim(): Attribute 'value' of object '' is: '1700'

2018-06-09 19:30:58 - [MESSAGE][PASSED] - Attribute 'value' of object '' is: '1700'

2018-06-09 19:30:58 - [TEST_STEP][PASSED] - Statement - Rqty = 100: null

2018-06-09 19:30:58 - [TEST_STEP][PASSED] - Statement - out.println("BatchQty : " + batchqty): null

2018-06-09 19:30:58 - [TEST_STEP][PASSED] - Statement - out.println("RQty : " + Rqty): null

2018-06-09 19:30:58 - [TEST_STEP][PASSED] - Statement - If (java.lang.Integer.valueOf(batchqty) >= java.lang.Integer.valueOf(Rqty)): null

2018-06-09 19:30:58 - [TEST_STEP][PASSED] - Statement - Break: null

2018-06-09 19:30:58 - [TEST_STEP][PASSED] - Statement - batchlength = new com.kms.katalon.core.testobject.TestObject(): null

2018-06-09 19:30:58 - [TEST_STEP][PASSED] - Statement - batchlength = com.kms.katalon.core.webui.keyword.WebUiBuiltInKeywords.modifyObjectProperty(batchlength, "xpath", "equals", "//*[@id = "fldvendor" + row + ""]", true): Modify property of object successfully

2018-06-09 19:30:58 - [MESSAGE][PASSED] - Modify property of object successfully

2018-06-09 19:30:58 - [TEST_STEP][PASSED] - Statement - batchsize = com.kms.katalon.core.webui.keyword.WebUiBuiltInKeywords.getNumberOfTotalOption(batchlength): 14 options of object '' counted

2018-06-09 19:30:58 - [MESSAGE][PASSED] - 14 options of object '' counted

2018-06-09 19:30:58 - [TEST_STEP][PASSED] - Statement - out.println("BatchSize : " + batchsize): null

2018-06-09 19:30:58 - [TEST_STEP][PASSED] - Statement - For ([n = 1, n <= batchsize - 1, (n++)]): null

2018-06-09 19:30:58 - [TEST_STEP][PASSED] - Statement - product = new com.kms.katalon.core.testobject.TestObject(): null

2018-06-09 19:30:58 - [TEST_STEP][PASSED] - Statement - product = com.kms.katalon.core.webui.keyword.WebUiBuiltInKeywords.modifyObjectProperty(product, "xpath", "equals", "//*[@id = "fldvendor" + row + ""]", true): Modify property of object successfully

2018-06-09 19:30:58 - [MESSAGE][PASSED] - Modify property of object successfully

2018-06-09 19:30:58 - [TEST_STEP][PASSED] - selectOptionByIndex: All options with index in [1] are selected on object ''

2018-06-09 19:30:58 - [MESSAGE][PASSED] - All options with index in [1] are selected on object ''

2018-06-09 19:30:58 - [TEST_STEP][PASSED] - delay: Delayed 2 second(s)

2018-06-09 19:31:00 - [MESSAGE][PASSED] - Delayed 2 second(s)

2018-06-09 19:31:00 - [TEST_STEP][PASSED] - Statement - batch = new com.kms.katalon.core.testobject.TestObject(): null

2018-06-09 19:31:00 - [TEST_STEP][PASSED] - Statement - batch = com.kms.katalon.core.webui.keyword.WebUiBuiltInKeywords.modifyObjectProperty(batch, "xpath", "equals", "//*[@id = "txtbthqty" + row + ""]", true): Modify property of object successfully

2018-06-09 19:31:00 - [MESSAGE][PASSED] - Modify property of object successfully

2018-06-09 19:31:00 - [TEST_STEP][PASSED] - Statement - batchqty = com.kms.katalon.core.webui.keyword.WebUiBuiltInKeywords.getAttribute(batch, "value").trim(): Attribute 'value' of object '' is: '4000'

2018-06-09 19:31:00 - [MESSAGE][PASSED] - Attribute 'value' of object '' is: '4000'

2018-06-09 19:31:00 - [TEST_STEP][PASSED] - Statement - Rqty = 100: null

2018-06-09 19:31:00 - [TEST_STEP][PASSED] - Statement - out.println("BatchQty : " + batchqty): null

2018-06-09 19:31:00 - [TEST_STEP][PASSED] - Statement - out.println("RQty : " + Rqty): null

2018-06-09 19:31:00 - [TEST_STEP][PASSED] - Statement - If (java.lang.Integer.valueOf(batchqty) >= java.lang.Integer.valueOf(Rqty)): null

2018-06-09 19:31:00 - [TEST_STEP][PASSED] - Statement - Break: null

2018-06-09 19:31:00 - [TEST_STEP][PASSED] - Statement - batchlength = new com.kms.katalon.core.testobject.TestObject(): null

2018-06-09 19:31:00 - [TEST_STEP][PASSED] - Statement - batchlength = com.kms.katalon.core.webui.keyword.WebUiBuiltInKeywords.modifyObjectProperty(batchlength, "xpath", "equals", "//*[@id = "fldvendor" + row + ""]", true): Modify property of object successfully

2018-06-09 19:31:00 - [MESSAGE][PASSED] - Modify property of object successfully

2018-06-09 19:31:00 - [TEST_STEP][PASSED] - Statement - batchsize = com.kms.katalon.core.webui.keyword.WebUiBuiltInKeywords.getNumberOfTotalOption(batchlength): 14 options of object '' counted

2018-06-09 19:31:00 - [MESSAGE][PASSED] - 14 options of object '' counted

2018-06-09 19:31:00 - [TEST_STEP][PASSED] - Statement - out.println("BatchSize : " + batchsize): null

2018-06-09 19:31:00 - [TEST_STEP][PASSED] - Statement - For ([n = 1, n <= batchsize - 1, (n++)]): null

2018-06-09 19:31:00 - [TEST_STEP][PASSED] - Statement - product = new com.kms.katalon.core.testobject.TestObject(): null

2018-06-09 19:31:00 - [TEST_STEP][PASSED] - Statement - product = com.kms.katalon.core.webui.keyword.WebUiBuiltInKeywords.modifyObjectProperty(product, "xpath", "equals", "//*[@id = "fldvendor" + row + ""]", true): Modify property of object successfully

2018-06-09 19:31:00 - [MESSAGE][PASSED] - Modify property of object successfully

2018-06-09 19:31:00 - [TEST_STEP][PASSED] - selectOptionByIndex: All options with index in [1] are selected on object ''

2018-06-09 19:31:00 - [MESSAGE][PASSED] - All options with index in [1] are selected on object ''

2018-06-09 19:31:00 - [TEST_STEP][PASSED] - delay: Delayed 2 second(s)

2018-06-09 19:31:02 - [MESSAGE][PASSED] - Delayed 2 second(s)

2018-06-09 19:31:02 - [TEST_STEP][PASSED] - Statement - batch = new com.kms.katalon.core.testobject.TestObject(): null

2018-06-09 19:31:02 - [TEST_STEP][PASSED] - Statement - batch = com.kms.katalon.core.webui.keyword.WebUiBuiltInKeywords.modifyObjectProperty(batch, "xpath", "equals", "//*[@id = "txtbthqty" + row + ""]", true): Modify property of object successfully

2018-06-09 19:31:02 - [MESSAGE][PASSED] - Modify property of object successfully

2018-06-09 19:31:02 - [TEST_STEP][PASSED] - Statement - batchqty = com.kms.katalon.core.webui.keyword.WebUiBuiltInKeywords.getAttribute(batch, "value").trim(): Attribute 'value' of object '' is: '4600'

2018-06-09 19:31:03 - [MESSAGE][PASSED] - Attribute 'value' of object '' is: '4600'

2018-06-09 19:31:03 - [TEST_STEP][PASSED] - Statement - Rqty = 100: null

2018-06-09 19:31:03 - [TEST_STEP][PASSED] - Statement - out.println("BatchQty : " + batchqty): null

2018-06-09 19:31:03 - [TEST_STEP][PASSED] - Statement - out.println("RQty : " + Rqty): null

2018-06-09 19:31:03 - [TEST_STEP][PASSED] - Statement - If (java.lang.Integer.valueOf(batchqty) >= java.lang.Integer.valueOf(Rqty)): null

2018-06-09 19:31:03 - [TEST_STEP][PASSED] - Statement - Break: null

2018-06-09 19:31:03 - [TEST_STEP][PASSED] - Statement - batchlength = new com.kms.katalon.core.testobject.TestObject(): null

2018-06-09 19:31:03 - [TEST_STEP][PASSED] - Statement - batchlength = com.kms.katalon.core.webui.keyword.WebUiBuiltInKeywords.modifyObjectProperty(batchlength, "xpath", "equals", "//*[@id = "fldvendor" + row + ""]", true): Modify property of object successfully

2018-06-09 19:31:03 - [MESSAGE][PASSED] - Modify property of object successfully

2018-06-09 19:31:03 - [TEST_STEP][PASSED] - Statement - batchsize = com.kms.katalon.core.webui.keyword.WebUiBuiltInKeywords.getNumberOfTotalOption(batchlength): 14 options of object '' counted

2018-06-09 19:31:03 - [MESSAGE][PASSED] - 14 options of object '' counted

2018-06-09 19:31:03 - [TEST_STEP][PASSED] - Statement - out.println("BatchSize : " + batchsize): null

2018-06-09 19:31:03 - [TEST_STEP][PASSED] - Statement - For ([n = 1, n <= batchsize - 1, (n++)]): null

2018-06-09 19:31:03 - [TEST_STEP][PASSED] - Statement - product = new com.kms.katalon.core.testobject.TestObject(): null

2018-06-09 19:31:03 - [TEST_STEP][PASSED] - Statement - product = com.kms.katalon.core.webui.keyword.WebUiBuiltInKeywords.modifyObjectProperty(product, "xpath", "equals", "//*[@id = "fldvendor" + row + ""]", true): Modify property of object successfully

2018-06-09 19:31:03 - [MESSAGE][PASSED] - Modify property of object successfully

2018-06-09 19:31:03 - [TEST_STEP][PASSED] - selectOptionByIndex: All options with index in [1] are selected on object ''

2018-06-09 19:31:03 - [MESSAGE][PASSED] - All options with index in [1] are selected on object ''

2018-06-09 19:31:03 - [TEST_STEP][PASSED] - delay: Delayed 2 second(s)

2018-06-09 19:31:05 - [MESSAGE][PASSED] - Delayed 2 second(s)

2018-06-09 19:31:05 - [TEST_STEP][PASSED] - Statement - batch = new com.kms.katalon.core.testobject.TestObject(): null

2018-06-09 19:31:05 - [TEST_STEP][PASSED] - Statement - batch = com.kms.katalon.core.webui.keyword.WebUiBuiltInKeywords.modifyObjectProperty(batch, "xpath", "equals", "//*[@id = "txtbthqty" + row + ""]", true): Modify property of object successfully

2018-06-09 19:31:05 - [MESSAGE][PASSED] - Modify property of object successfully

2018-06-09 19:31:05 - [TEST_STEP][PASSED] - Statement - batchqty = com.kms.katalon.core.webui.keyword.WebUiBuiltInKeywords.getAttribute(batch, "value").trim(): Attribute 'value' of object '' is: '2700'

2018-06-09 19:31:05 - [MESSAGE][PASSED] - Attribute 'value' of object '' is: '2700'

2018-06-09 19:31:05 - [TEST_STEP][PASSED] - Statement - Rqty = 100: null

2018-06-09 19:31:05 - [TEST_STEP][PASSED] - Statement - out.println("BatchQty : " + batchqty): null

2018-06-09 19:31:05 - [TEST_STEP][PASSED] - Statement - out.println("RQty : " + Rqty): null

2018-06-09 19:31:05 - [TEST_STEP][PASSED] - Statement - If (java.lang.Integer.valueOf(batchqty) >= java.lang.Integer.valueOf(Rqty)): null

2018-06-09 19:31:05 - [TEST_STEP][PASSED] - Statement - Break: null

2018-06-09 19:31:05 - [TEST_STEP][PASSED] - Statement - batchlength = new com.kms.katalon.core.testobject.TestObject(): null

2018-06-09 19:31:05 - [TEST_STEP][PASSED] - Statement - batchlength = com.kms.katalon.core.webui.keyword.WebUiBuiltInKeywords.modifyObjectProperty(batchlength, "xpath", "equals", "//*[@id = "fldvendor" + row + ""]", true): Modify property of object successfully

2018-06-09 19:31:05 - [MESSAGE][PASSED] - Modify property of object successfully

2018-06-09 19:31:05 - [TEST_STEP][PASSED] - Statement - batchsize = com.kms.katalon.core.webui.keyword.WebUiBuiltInKeywords.getNumberOfTotalOption(batchlength): 14 options of object '' counted

2018-06-09 19:31:05 - [MESSAGE][PASSED] - 14 options of object '' counted

2018-06-09 19:31:05 - [TEST_STEP][PASSED] - Statement - out.println("BatchSize : " + batchsize): null

2018-06-09 19:31:05 - [TEST_STEP][PASSED] - Statement - For ([n = 1, n <= batchsize - 1, (n++)]): null

2018-06-09 19:31:05 - [TEST_STEP][PASSED] - Statement - product = new com.kms.katalon.core.testobject.TestObject(): null

2018-06-09 19:31:05 - [TEST_STEP][PASSED] - Statement - product = com.kms.katalon.core.webui.keyword.WebUiBuiltInKeywords.modifyObjectProperty(product, "xpath", "equals", "//*[@id = "fldvendor" + row + ""]", true): Modify property of object successfully

2018-06-09 19:31:05 - [MESSAGE][PASSED] - Modify property of object successfully

2018-06-09 19:31:05 - [TEST_STEP][PASSED] - selectOptionByIndex: All options with index in [1] are selected on object ''

2018-06-09 19:31:05 - [MESSAGE][PASSED] - All options with index in [1] are selected on object ''

2018-06-09 19:31:05 - [TEST_STEP][PASSED] - delay: Delayed 2 second(s)

2018-06-09 19:31:07 - [MESSAGE][PASSED] - Delayed 2 second(s)

2018-06-09 19:31:07 - [TEST_STEP][PASSED] - Statement - batch = new com.kms.katalon.core.testobject.TestObject(): null

2018-06-09 19:31:07 - [TEST_STEP][PASSED] - Statement - batch = com.kms.katalon.core.webui.keyword.WebUiBuiltInKeywords.modifyObjectProperty(batch, "xpath", "equals", "//*[@id = "txtbthqty" + row + ""]", true): Modify property of object successfully

2018-06-09 19:31:07 - [MESSAGE][PASSED] - Modify property of object successfully

2018-06-09 19:31:07 - [TEST_STEP][PASSED] - Statement - batchqty = com.kms.katalon.core.webui.keyword.WebUiBuiltInKeywords.getAttribute(batch, "value").trim(): Attribute 'value' of object '' is: '1700'

2018-06-09 19:31:07 - [MESSAGE][PASSED] - Attribute 'value' of object '' is: '1700'

2018-06-09 19:31:07 - [TEST_STEP][PASSED] - Statement - Rqty = 100: null

2018-06-09 19:31:07 - [TEST_STEP][PASSED] - Statement - out.println("BatchQty : " + batchqty): null

2018-06-09 19:31:07 - [TEST_STEP][PASSED] - Statement - out.println("RQty : " + Rqty): null

2018-06-09 19:31:07 - [TEST_STEP][PASSED] - Statement - If (java.lang.Integer.valueOf(batchqty) >= java.lang.Integer.valueOf(Rqty)): null

2018-06-09 19:31:07 - [TEST_STEP][PASSED] - Statement - Break: null

2018-06-09 19:31:07 - [TEST_STEP][PASSED] - Statement - batchlength = new com.kms.katalon.core.testobject.TestObject(): null

2018-06-09 19:31:07 - [TEST_STEP][PASSED] - Statement - batchlength = com.kms.katalon.core.webui.keyword.WebUiBuiltInKeywords.modifyObjectProperty(batchlength, "xpath", "equals", "//*[@id = "fldvendor" + row + ""]", true): Modify property of object successfully

2018-06-09 19:31:07 - [MESSAGE][PASSED] - Modify property of object successfully

2018-06-09 19:31:07 - [TEST_STEP][PASSED] - Statement - batchsize = com.kms.katalon.core.webui.keyword.WebUiBuiltInKeywords.getNumberOfTotalOption(batchlength): 14 options of object '' counted

2018-06-09 19:31:07 - [MESSAGE][PASSED] - 14 options of object '' counted

2018-06-09 19:31:07 - [TEST_STEP][PASSED] - Statement - out.println("BatchSize : " + batchsize): null

2018-06-09 19:31:07 - [TEST_STEP][PASSED] - Statement - For ([n = 1, n <= batchsize - 1, (n++)]): null

2018-06-09 19:31:07 - [TEST_STEP][PASSED] - Statement - product = new com.kms.katalon.core.testobject.TestObject(): null

2018-06-09 19:31:07 - [TEST_STEP][PASSED] - Statement - product = com.kms.katalon.core.webui.keyword.WebUiBuiltInKeywords.modifyObjectProperty(product, "xpath", "equals", "//*[@id = "fldvendor" + row + ""]", true): Modify property of object successfully

2018-06-09 19:31:07 - [MESSAGE][PASSED] - Modify property of object successfully

2018-06-09 19:31:07 - [TEST_STEP][PASSED] - selectOptionByIndex: All options with index in [1] are selected on object ''

2018-06-09 19:31:07 - [MESSAGE][PASSED] - All options with index in [1] are selected on object ''

2018-06-09 19:31:07 - [TEST_STEP][PASSED] - delay: Delayed 2 second(s)

2018-06-09 19:31:09 - [MESSAGE][PASSED] - Delayed 2 second(s)

2018-06-09 19:31:09 - [TEST_STEP][PASSED] - Statement - batch = new com.kms.katalon.core.testobject.TestObject(): null

2018-06-09 19:31:09 - [TEST_STEP][PASSED] - Statement - batch = com.kms.katalon.core.webui.keyword.WebUiBuiltInKeywords.modifyObjectProperty(batch, "xpath", "equals", "//*[@id = "txtbthqty" + row + ""]", true): Modify property of object successfully

2018-06-09 19:31:09 - [MESSAGE][PASSED] - Modify property of object successfully

2018-06-09 19:31:09 - [TEST_STEP][PASSED] - Statement - batchqty = com.kms.katalon.core.webui.keyword.WebUiBuiltInKeywords.getAttribute(batch, "value").trim(): Attribute 'value' of object '' is: '2700'

2018-06-09 19:31:09 - [MESSAGE][PASSED] - Attribute 'value' of object '' is: '2700'

2018-06-09 19:31:09 - [TEST_STEP][PASSED] - Statement - Rqty = 100: null

2018-06-09 19:31:09 - [TEST_STEP][PASSED] - Statement - out.println("BatchQty : " + batchqty): null

2018-06-09 19:31:09 - [TEST_STEP][PASSED] - Statement - out.println("RQty : " + Rqty): null

2018-06-09 19:31:09 - [TEST_STEP][PASSED] - Statement - If (java.lang.Integer.valueOf(batchqty) >= java.lang.Integer.valueOf(Rqty)): null

2018-06-09 19:31:09 - [TEST_STEP][PASSED] - Statement - Break: null

2018-06-09 19:31:09 - [TEST_STEP][PASSED] - Statement - batchlength = new com.kms.katalon.core.testobject.TestObject(): null

2018-06-09 19:31:09 - [TEST_STEP][PASSED] - Statement - batchlength = com.kms.katalon.core.webui.keyword.WebUiBuiltInKeywords.modifyObjectProperty(batchlength, "xpath", "equals", "//*[@id = "fldvendor" + row + ""]", true): Modify property of object successfully

2018-06-09 19:31:09 - [MESSAGE][PASSED] - Modify property of object successfully

2018-06-09 19:31:09 - [TEST_STEP][PASSED] - Statement - batchsize = com.kms.katalon.core.webui.keyword.WebUiBuiltInKeywords.getNumberOfTotalOption(batchlength): 13 options of object '' counted

2018-06-09 19:31:09 - [MESSAGE][PASSED] - 13 options of object '' counted

2018-06-09 19:31:09 - [TEST_STEP][PASSED] - Statement - out.println("BatchSize : " + batchsize): null

2018-06-09 19:31:09 - [TEST_STEP][PASSED] - Statement - For ([n = 1, n <= batchsize - 1, (n++)]): null

2018-06-09 19:31:09 - [TEST_STEP][PASSED] - Statement - product = new com.kms.katalon.core.testobject.TestObject(): null

2018-06-09 19:31:09 - [TEST_STEP][PASSED] - Statement - product = com.kms.katalon.core.webui.keyword.WebUiBuiltInKeywords.modifyObjectProperty(product, "xpath", "equals", "//*[@id = "fldvendor" + row + ""]", true): Modify property of object successfully

2018-06-09 19:31:09 - [MESSAGE][PASSED] - Modify property of object successfully

2018-06-09 19:31:09 - [TEST_STEP][PASSED] - selectOptionByIndex: All options with index in [1] are selected on object ''

2018-06-09 19:31:10 - [MESSAGE][PASSED] - All options with index in [1] are selected on object ''

2018-06-09 19:31:10 - [TEST_STEP][PASSED] - delay: Delayed 2 second(s)

2018-06-09 19:31:12 - [MESSAGE][PASSED] - Delayed 2 second(s)

2018-06-09 19:31:12 - [TEST_STEP][PASSED] - Statement - batch = new com.kms.katalon.core.testobject.TestObject(): null

2018-06-09 19:31:12 - [TEST_STEP][PASSED] - Statement - batch = com.kms.katalon.core.webui.keyword.WebUiBuiltInKeywords.modifyObjectProperty(batch, "xpath", "equals", "//*[@id = "txtbthqty" + row + ""]", true): Modify property of object successfully

2018-06-09 19:31:12 - [MESSAGE][PASSED] - Modify property of object successfully

2018-06-09 19:31:12 - [TEST_STEP][PASSED] - Statement - batchqty = com.kms.katalon.core.webui.keyword.WebUiBuiltInKeywords.getAttribute(batch, "value").trim(): Attribute 'value' of object '' is: '36000'

2018-06-09 19:31:12 - [MESSAGE][PASSED] - Attribute 'value' of object '' is: '36000'

2018-06-09 19:31:12 - [TEST_STEP][PASSED] - Statement - Rqty = 100: null

2018-06-09 19:31:12 - [TEST_STEP][PASSED] - Statement - out.println("BatchQty : " + batchqty): null

2018-06-09 19:31:12 - [TEST_STEP][PASSED] - Statement - out.println("RQty : " + Rqty): null

2018-06-09 19:31:12 - [TEST_STEP][PASSED] - Statement - If (java.lang.Integer.valueOf(batchqty) >= java.lang.Integer.valueOf(Rqty)): null

2018-06-09 19:31:12 - [TEST_STEP][PASSED] - Statement - Break: null

2018-06-09 19:31:12 - [TEST_STEP][PASSED] - Statement - batchlength = new com.kms.katalon.core.testobject.TestObject(): null

2018-06-09 19:31:12 - [TEST_STEP][PASSED] - Statement - batchlength = com.kms.katalon.core.webui.keyword.WebUiBuiltInKeywords.modifyObjectProperty(batchlength, "xpath", "equals", "//*[@id = "fldvendor" + row + ""]", true): Modify property of object successfully

2018-06-09 19:31:12 - [MESSAGE][PASSED] - Modify property of object successfully

2018-06-09 19:31:12 - [TEST_STEP][PASSED] - Statement - batchsize = com.kms.katalon.core.webui.keyword.WebUiBuiltInKeywords.getNumberOfTotalOption(batchlength): 14 options of object '' counted

2018-06-09 19:31:12 - [MESSAGE][PASSED] - 14 options of object '' counted

2018-06-09 19:31:12 - [TEST_STEP][PASSED] - Statement - out.println("BatchSize : " + batchsize): null

2018-06-09 19:31:12 - [TEST_STEP][PASSED] - Statement - For ([n = 1, n <= batchsize - 1, (n++)]): null

2018-06-09 19:31:12 - [TEST_STEP][PASSED] - Statement - product = new com.kms.katalon.core.testobject.TestObject(): null

2018-06-09 19:31:12 - [TEST_STEP][PASSED] - Statement - product = com.kms.katalon.core.webui.keyword.WebUiBuiltInKeywords.modifyObjectProperty(product, "xpath", "equals", "//*[@id = "fldvendor" + row + ""]", true): Modify property of object successfully

2018-06-09 19:31:12 - [MESSAGE][PASSED] - Modify property of object successfully

2018-06-09 19:31:12 - [TEST_STEP][PASSED] - selectOptionByIndex: All options with index in [1] are selected on object ''

2018-06-09 19:31:12 - [MESSAGE][PASSED] - All options with index in [1] are selected on object ''

2018-06-09 19:31:12 - [TEST_STEP][PASSED] - delay: Delayed 2 second(s)

2018-06-09 19:31:14 - [MESSAGE][PASSED] - Delayed 2 second(s)

2018-06-09 19:31:14 - [TEST_STEP][PASSED] - Statement - batch = new com.kms.katalon.core.testobject.TestObject(): null

2018-06-09 19:31:14 - [TEST_STEP][PASSED] - Statement - batch = com.kms.katalon.core.webui.keyword.WebUiBuiltInKeywords.modifyObjectProperty(batch, "xpath", "equals", "//*[@id = "txtbthqty" + row + ""]", true): Modify property of object successfully

2018-06-09 19:31:14 - [MESSAGE][PASSED] - Modify property of object successfully

2018-06-09 19:31:14 - [TEST_STEP][PASSED] - Statement - batchqty = com.kms.katalon.core.webui.keyword.WebUiBuiltInKeywords.getAttribute(batch, "value").trim(): Attribute 'value' of object '' is: '35500'

2018-06-09 19:31:14 - [MESSAGE][PASSED] - Attribute 'value' of object '' is: '35500'

2018-06-09 19:31:14 - [TEST_STEP][PASSED] - Statement - Rqty = 100: null

2018-06-09 19:31:14 - [TEST_STEP][PASSED] - Statement - out.println("BatchQty : " + batchqty): null

2018-06-09 19:31:14 - [TEST_STEP][PASSED] - Statement - out.println("RQty : " + Rqty): null

2018-06-09 19:31:14 - [TEST_STEP][PASSED] - Statement - If (java.lang.Integer.valueOf(batchqty) >= java.lang.Integer.valueOf(Rqty)): null

2018-06-09 19:31:14 - [TEST_STEP][PASSED] - Statement - Break: null

2018-06-09 19:31:14 - [TEST_STEP][PASSED] - Statement - batchlength = new com.kms.katalon.core.testobject.TestObject(): null

2018-06-09 19:31:14 - [TEST_STEP][PASSED] - Statement - batchlength = com.kms.katalon.core.webui.keyword.WebUiBuiltInKeywords.modifyObjectProperty(batchlength, "xpath", "equals", "//*[@id = "fldvendor" + row + ""]", true): Modify property of object successfully

2018-06-09 19:31:14 - [MESSAGE][PASSED] - Modify property of object successfully

2018-06-09 19:31:14 - [TEST_STEP][PASSED] - Statement - batchsize = com.kms.katalon.core.webui.keyword.WebUiBuiltInKeywords.getNumberOfTotalOption(batchlength): 14 options of object '' counted

2018-06-09 19:31:14 - [MESSAGE][PASSED] - 14 options of object '' counted

2018-06-09 19:31:14 - [TEST_STEP][PASSED] - Statement - out.println("BatchSize : " + batchsize): null

2018-06-09 19:31:14 - [TEST_STEP][PASSED] - Statement - For ([n = 1, n <= batchsize - 1, (n++)]): null

2018-06-09 19:31:14 - [TEST_STEP][PASSED] - Statement - product = new com.kms.katalon.core.testobject.TestObject(): null

2018-06-09 19:31:14 - [TEST_STEP][PASSED] - Statement - product = com.kms.katalon.core.webui.keyword.WebUiBuiltInKeywords.modifyObjectProperty(product, "xpath", "equals", "//*[@id = "fldvendor" + row + ""]", true): Modify property of object successfully

2018-06-09 19:31:14 - [MESSAGE][PASSED] - Modify property of object successfully

2018-06-09 19:31:14 - [TEST_STEP][PASSED] - selectOptionByIndex: All options with index in [1] are selected on object ''

2018-06-09 19:31:14 - [MESSAGE][PASSED] - All options with index in [1] are selected on object ''

2018-06-09 19:31:14 - [TEST_STEP][PASSED] - delay: Delayed 2 second(s)

2018-06-09 19:31:16 - [MESSAGE][PASSED] - Delayed 2 second(s)

2018-06-09 19:31:16 - [TEST_STEP][PASSED] - Statement - batch = new com.kms.katalon.core.testobject.TestObject(): null

2018-06-09 19:31:16 - [TEST_STEP][PASSED] - Statement - batch = com.kms.katalon.core.webui.keyword.WebUiBuiltInKeywords.modifyObjectProperty(batch, "xpath", "equals", "//*[@id = "txtbthqty" + row + ""]", true): Modify property of object successfully

2018-06-09 19:31:16 - [MESSAGE][PASSED] - Modify property of object successfully

2018-06-09 19:31:16 - [TEST_STEP][PASSED] - Statement - batchqty = com.kms.katalon.core.webui.keyword.WebUiBuiltInKeywords.getAttribute(batch, "value").trim(): Attribute 'value' of object '' is: '2700'

2018-06-09 19:31:16 - [MESSAGE][PASSED] - Attribute 'value' of object '' is: '2700'

2018-06-09 19:31:16 - [TEST_STEP][PASSED] - Statement - Rqty = 100: null

2018-06-09 19:31:16 - [TEST_STEP][PASSED] - Statement - out.println("BatchQty : " + batchqty): null

2018-06-09 19:31:16 - [TEST_STEP][PASSED] - Statement - out.println("RQty : " + Rqty): null

2018-06-09 19:31:16 - [TEST_STEP][PASSED] - Statement - If (java.lang.Integer.valueOf(batchqty) >= java.lang.Integer.valueOf(Rqty)): null

2018-06-09 19:31:16 - [TEST_STEP][PASSED] - Statement - Break: null

2018-06-09 19:31:16 - [TEST_STEP][PASSED] - Statement - batchlength = new com.kms.katalon.core.testobject.TestObject(): null

2018-06-09 19:31:16 - [TEST_STEP][PASSED] - Statement - batchlength = com.kms.katalon.core.webui.keyword.WebUiBuiltInKeywords.modifyObjectProperty(batchlength, "xpath", "equals", "//*[@id = "fldvendor" + row + ""]", true): Modify property of object successfully

2018-06-09 19:31:16 - [MESSAGE][PASSED] - Modify property of object successfully

2018-06-09 19:31:16 - [TEST_STEP][PASSED] - Statement - batchsize = com.kms.katalon.core.webui.keyword.WebUiBuiltInKeywords.getNumberOfTotalOption(batchlength): 14 options of object '' counted

2018-06-09 19:31:16 - [MESSAGE][PASSED] - 14 options of object '' counted

2018-06-09 19:31:16 - [TEST_STEP][PASSED] - Statement - out.println("BatchSize : " + batchsize): null

2018-06-09 19:31:16 - [TEST_STEP][PASSED] - Statement - For ([n = 1, n <= batchsize - 1, (n++)]): null

2018-06-09 19:31:16 - [TEST_STEP][PASSED] - Statement - product = new com.kms.katalon.core.testobject.TestObject(): null

2018-06-09 19:31:16 - [TEST_STEP][PASSED] - Statement - product = com.kms.katalon.core.webui.keyword.WebUiBuiltInKeywords.modifyObjectProperty(product, "xpath", "equals", "//*[@id = "fldvendor" + row + ""]", true): Modify property of object successfully

2018-06-09 19:31:16 - [MESSAGE][PASSED] - Modify property of object successfully

2018-06-09 19:31:16 - [TEST_STEP][PASSED] - selectOptionByIndex: All options with index in [1] are selected on object ''

2018-06-09 19:31:17 - [MESSAGE][PASSED] - All options with index in [1] are selected on object ''

2018-06-09 19:31:17 - [TEST_STEP][PASSED] - delay: Delayed 2 second(s)

2018-06-09 19:31:19 - [MESSAGE][PASSED] - Delayed 2 second(s)

2018-06-09 19:31:19 - [TEST_STEP][PASSED] - Statement - batch = new com.kms.katalon.core.testobject.TestObject(): null

2018-06-09 19:31:19 - [TEST_STEP][PASSED] - Statement - batch = com.kms.katalon.core.webui.keyword.WebUiBuiltInKeywords.modifyObjectProperty(batch, "xpath", "equals", "//*[@id = "txtbthqty" + row + ""]", true): Modify property of object successfully

2018-06-09 19:31:19 - [MESSAGE][PASSED] - Modify property of object successfully

2018-06-09 19:31:19 - [TEST_STEP][PASSED] - Statement - batchqty = com.kms.katalon.core.webui.keyword.WebUiBuiltInKeywords.getAttribute(batch, "value").trim(): Attribute 'value' of object '' is: '4000'

2018-06-09 19:31:19 - [MESSAGE][PASSED] - Attribute 'value' of object '' is: '4000'

2018-06-09 19:31:19 - [TEST_STEP][PASSED] - Statement - Rqty = 100: null

2018-06-09 19:31:19 - [TEST_STEP][PASSED] - Statement - out.println("BatchQty : " + batchqty): null

2018-06-09 19:31:19 - [TEST_STEP][PASSED] - Statement - out.println("RQty : " + Rqty): null

2018-06-09 19:31:19 - [TEST_STEP][PASSED] - Statement - If (java.lang.Integer.valueOf(batchqty) >= java.lang.Integer.valueOf(Rqty)): null

2018-06-09 19:31:19 - [TEST_STEP][PASSED] - Statement - Break: null

2018-06-09 19:31:19 - [TEST_STEP][PASSED] - click: Object: 'Object Repository/store Request Schedule 1/Page_KDMC - CMS/input_btndispatch' is clicked on

2018-06-09 19:31:19 - [MESSAGE][PASSED] - Object: 'Object Repository/store Request Schedule 1/Page_KDMC - CMS/input_btndispatch' is clicked on

2018-06-09 19:31:19 - [TEST_STEP][PASSED] - waitForElementVisible: Object 'Object Repository/store Request Schedule 1/Page_KDMC - CMS/button_OK' is visible

2018-06-09 19:31:22 - [MESSAGE][PASSED] - Object 'Object Repository/store Request Schedule 1/Page_KDMC - CMS/button_OK' is visible

2018-06-09 19:31:22 - [TEST_STEP][PASSED] - click: Object: 'Object Repository/store Request Schedule 1/Page_KDMC - CMS/button_OK' is clicked on

2018-06-09 19:31:23 - [MESSAGE][PASSED] - Object: 'Object Repository/store Request Schedule 1/Page_KDMC - CMS/button_OK' is clicked on

2018-06-09 19:31:23 - [TEST_STEP][PASSED] - delay: Delayed 3 second(s)

2018-06-09 19:31:26 - [MESSAGE][PASSED] - Delayed 3 second(s)

2018-06-09 19:31:26 - [TEST_STEP][PASSED] - click: Object: 'Object Repository/store Request Schedule 1/Page_KDMC - CMS/a_dropdown-toggle' is clicked on

2018-06-09 19:31:26 - [MESSAGE][PASSED] - Object: 'Object Repository/store Request Schedule 1/Page_KDMC - CMS/a_dropdown-toggle' is clicked on

2018-06-09 19:31:26 - [TEST_STEP][PASSED] - click: Object: 'Object Repository/store Request Schedule 1/Page_KDMC - CMS/a_Sign out' is clicked on

2018-06-09 19:31:26 - [MESSAGE][PASSED] - Object: 'Object Repository/store Request Schedule 1/Page_KDMC - CMS/a_Sign out' is clicked on

2018-06-09 19:31:26 - [TEST_STEP][PASSED] - delay: Delayed 3 second(s)

2018-06-09 19:31:29 - [MESSAGE][PASSED] - Delayed 3 second(s)

2018-06-09 19:31:29 - [TEST_STEP][PASSED] - click: Object: 'Object Repository/Store Request Schedule 1/Page_KDMC/a_Divisional Store' is clicked on

2018-06-09 19:31:30 - [MESSAGE][PASSED] - Object: 'Object Repository/Store Request Schedule 1/Page_KDMC/a_Divisional Store' is clicked on

2018-06-09 19:31:30 - [TEST_STEP][PASSED] - setText: Text 'ragu' is set on object 'Object Repository/Store Request Schedule 1/Page_Divisonal Store Login/input_txtusername'

2018-06-09 19:31:30 - [MESSAGE][PASSED] - Text 'ragu' is set on object 'Object Repository/Store Request Schedule 1/Page_Divisonal Store Login/input_txtusername'

2018-06-09 19:31:30 - [TEST_STEP][PASSED] - setText: Text '123' is set on object 'Object Repository/Store Request Schedule 1/Page_Divisonal Store Login/input_txtpassword'

2018-06-09 19:31:30 - [MESSAGE][PASSED] - Text '123' is set on object 'Object Repository/Store Request Schedule 1/Page_Divisonal Store Login/input_txtpassword'

2018-06-09 19:31:30 - [TEST_STEP][PASSED] - waitForElementVisible: Object 'Object Repository/Store Request Schedule 1/Page_Divisonal Store Login/button_Sign in' is visible

2018-06-09 19:31:30 - [MESSAGE][PASSED] - Object 'Object Repository/Store Request Schedule 1/Page_Divisonal Store Login/button_Sign in' is visible

2018-06-09 19:31:30 - [TEST_STEP][FAILED] - click: Unable to click on object 'Object Repository/Store Request Schedule 1/Page_Divisonal Store Login/button_Sign in' (Root cause: org.openqa.selenium.WebDriverException: unknown error: Element <button type="submit" id="btnSubmit" style="color: #ffffff;" class="btn bg-blue btn-block">...</button> is not clickable at point (791, 568). Other element would receive the click: <div style="position: absolute; display: block; width: auto; height: auto; padding: 0px; margin: 0px; text-align: left; border: none; border-radius: 0px; z-index: 2147483646; font-size: 0px; left: 631.5px; top: 493px;">...</div>
  (Session info: chrome=66.0.3359.181)
  (Driver info: chromedriver=2.35.528161 (5b82f2d2aae0ca24b877009200ced9065a772e73),platform=Windows NT 10.0.17134 x86_64) (WARNING: The server did not provide any stacktrace information)
Command duration or timeout: 0 milliseconds
Build info: version: '3.7.1', revision: '8a0099a', time: '2017-11-06T21:07:36.161Z'
System info: host: 'DESKTOP-BLFTK83', ip: '169.254.189.85', os.name: 'Windows 10', os.arch: 'amd64', os.version: '10.0', java.version: '1.8.0_102'
Driver info: com.kms.katalon.selenium.driver.CChromeDriver
Capabilities {acceptInsecureCerts: false, acceptSslCerts: false, applicationCacheEnabled: false, browserConnectionEnabled: false, browserName: chrome, chrome: {chromedriverVersion: 2.35.528161 (5b82f2d2aae0ca..., userDataDir: C:\Users\QUALIT~1\AppData\L...}, cssSelectorsEnabled: true, databaseEnabled: false, handlesAlerts: true, hasTouchScreen: false, javascriptEnabled: true, locationContextEnabled: true, mobileEmulationEnabled: false, nativeEvents: true, networkConnectionEnabled: false, pageLoadStrategy: normal, platform: XP, platformName: XP, rotatable: false, setWindowRect: true, takesHeapSnapshot: true, takesScreenshot: true, unexpectedAlertBehaviour: , unhandledPromptBehavior: , version: 66.0.3359.181, webStorageEnabled: true}
Session ID: d935e1553196b19126a9954a57e66e3a)

2018-06-09 19:31:31 - [MESSAGE][FAILED] - Unable to click on object 'Object Repository/Store Request Schedule 1/Page_Divisonal Store Login/button_Sign in' (Root cause: org.openqa.selenium.WebDriverException: unknown error: Element <button type="submit" id="btnSubmit" style="color: #ffffff;" class="btn bg-blue btn-block">...</button> is not clickable at point (791, 568). Other element would receive the click: <div style="position: absolute; display: block; width: auto; height: auto; padding: 0px; margin: 0px; text-align: left; border: none; border-radius: 0px; z-index: 2147483646; font-size: 0px; left: 631.5px; top: 493px;">...</div>
  (Session info: chrome=66.0.3359.181)
  (Driver info: chromedriver=2.35.528161 (5b82f2d2aae0ca24b877009200ced9065a772e73),platform=Windows NT 10.0.17134 x86_64) (WARNING: The server did not provide any stacktrace information)
Command duration or timeout: 0 milliseconds
Build info: version: '3.7.1', revision: '8a0099a', time: '2017-11-06T21:07:36.161Z'
System info: host: 'DESKTOP-BLFTK83', ip: '169.254.189.85', os.name: 'Windows 10', os.arch: 'amd64', os.version: '10.0', java.version: '1.8.0_102'
Driver info: com.kms.katalon.selenium.driver.CChromeDriver
Capabilities {acceptInsecureCerts: false, acceptSslCerts: false, applicationCacheEnabled: false, browserConnectionEnabled: false, browserName: chrome, chrome: {chromedriverVersion: 2.35.528161 (5b82f2d2aae0ca..., userDataDir: C:\Users\QUALIT~1\AppData\L...}, cssSelectorsEnabled: true, databaseEnabled: false, handlesAlerts: true, hasTouchScreen: false, javascriptEnabled: true, locationContextEnabled: true, mobileEmulationEnabled: false, nativeEvents: true, networkConnectionEnabled: false, pageLoadStrategy: normal, platform: XP, platformName: XP, rotatable: false, setWindowRect: true, takesHeapSnapshot: true, takesScreenshot: true, unexpectedAlertBehaviour: , unhandledPromptBehavior: , version: 66.0.3359.181, webStorageEnabled: true}
Session ID: d935e1553196b19126a9954a57e66e3a)
[[ATTACHMENT|C:\\Users\\Quality Analyst\\Katalon Studio\\ds\\Reports\\Store_Suit\\20180609_181557\\1528552890489.png]]]]></system-out>
         <system-err><![CDATA[2018-06-09 19:25:56 - [TEST_CASE][FAILED] - Test Cases/STORE TO CMS REQUEST TEST CASES/TC_STCMS_001 To Verify Schedule 1 Store To CMS Request Are Working Successfully Or Not: Test Cases/STORE TO CMS REQUEST TEST CASES/TC_STCMS_001 To Verify Schedule 1 Store To CMS Request Are Working Successfully Or Not FAILED because (of) Unable to click on object 'Object Repository/Store Request Schedule 1/Page_Divisonal Store Login/button_Sign in' (Root cause: org.openqa.selenium.WebDriverException: unknown error: Element <button type="submit" id="btnSubmit" style="color: #ffffff;" class="btn bg-blue btn-block">...</button> is not clickable at point (791, 568). Other element would receive the click: <div style="position: absolute; display: block; width: auto; height: auto; padding: 0px; margin: 0px; text-align: left; border: none; border-radius: 0px; z-index: 2147483646; font-size: 0px; left: 631.5px; top: 493px;">...</div>
  (Session info: chrome=66.0.3359.181)
  (Driver info: chromedriver=2.35.528161 (5b82f2d2aae0ca24b877009200ced9065a772e73),platform=Windows NT 10.0.17134 x86_64) (WARNING: The server did not provide any stacktrace information)
Command duration or timeout: 0 milliseconds
Build info: version: '3.7.1', revision: '8a0099a', time: '2017-11-06T21:07:36.161Z'
System info: host: 'DESKTOP-BLFTK83', ip: '169.254.189.85', os.name: 'Windows 10', os.arch: 'amd64', os.version: '10.0', java.version: '1.8.0_102'
Driver info: com.kms.katalon.selenium.driver.CChromeDriver
Capabilities {acceptInsecureCerts: false, acceptSslCerts: false, applicationCacheEnabled: false, browserConnectionEnabled: false, browserName: chrome, chrome: {chromedriverVersion: 2.35.528161 (5b82f2d2aae0ca..., userDataDir: C:\Users\QUALIT~1\AppData\L...}, cssSelectorsEnabled: true, databaseEnabled: false, handlesAlerts: true, hasTouchScreen: false, javascriptEnabled: true, locationContextEnabled: true, mobileEmulationEnabled: false, nativeEvents: true, networkConnectionEnabled: false, pageLoadStrategy: normal, platform: XP, platformName: XP, rotatable: false, setWindowRect: true, takesHeapSnapshot: true, takesScreenshot: true, unexpectedAlertBehaviour: , unhandledPromptBehavior: , version: 66.0.3359.181, webStorageEnabled: true}
Session ID: d935e1553196b19126a9954a57e66e3a)]]></system-err>
      </testcase>
      <testcase name="Test Cases/STORE TO CMS REQUEST TEST CASES/TC_STCMS_002 To Verify Schedule 2 Store To CMS Request Are Working Successfully Or Not" classname="Test Cases/STORE TO CMS REQUEST TEST CASES/TC_STCMS_002 To Verify Schedule 2 Store To CMS Request Are Working Successfully Or Not" status="PASSED">
         <system-out><![CDATA[2018-06-09 19:31:31 - [TEST_CASE][PASSED] - Test Cases/STORE TO CMS REQUEST TEST CASES/TC_STCMS_002 To Verify Schedule 2 Store To CMS Request Are Working Successfully Or Not: Test Cases/STORE TO CMS REQUEST TEST CASES/TC_STCMS_002 To Verify Schedule 2 Store To CMS Request Are Working Successfully Or Not

2018-06-09 19:31:31 - [TEST_STEP][PASSED] - openBrowser: Browser is opened with url: ''

2018-06-09 19:31:31 - [MESSAGE][WARNING] - A browser is already opened. Closing browser and opening a new one

2018-06-09 19:31:34 - [MESSAGE][PASSED] - Browser is opened with url: ''

2018-06-09 19:31:34 - [TEST_STEP][PASSED] - Statement - out.println("Verify Schedule 2 Store Request Are Working Successfully Or Not"): null

2018-06-09 19:31:34 - [TEST_STEP][PASSED] - navigateToUrl: Navigate to 'http://192.168.137.1/multihospital_new/' successfully

2018-06-09 19:31:35 - [MESSAGE][PASSED] - Navigate to 'http://192.168.137.1/multihospital_new/' successfully

2018-06-09 19:31:35 - [TEST_STEP][PASSED] - maximizeWindow: Current window maximized

2018-06-09 19:31:36 - [MESSAGE][PASSED] - Current window maximized

2018-06-09 19:31:36 - [TEST_STEP][PASSED] - click: Object: 'Object Repository/Store Request Schedule 1/Page_KDMC/a_Divisional Store' is clicked on

2018-06-09 19:31:37 - [MESSAGE][PASSED] - Object: 'Object Repository/Store Request Schedule 1/Page_KDMC/a_Divisional Store' is clicked on

2018-06-09 19:31:37 - [TEST_STEP][PASSED] - setText: Text 'ragu' is set on object 'Object Repository/Store Request Schedule 1/Page_Divisonal Store Login/input_txtusername'

2018-06-09 19:31:37 - [MESSAGE][PASSED] - Text 'ragu' is set on object 'Object Repository/Store Request Schedule 1/Page_Divisonal Store Login/input_txtusername'

2018-06-09 19:31:37 - [TEST_STEP][PASSED] - setText: Text '123' is set on object 'Object Repository/Store Request Schedule 1/Page_Divisonal Store Login/input_txtpassword'

2018-06-09 19:31:38 - [MESSAGE][PASSED] - Text '123' is set on object 'Object Repository/Store Request Schedule 1/Page_Divisonal Store Login/input_txtpassword'

2018-06-09 19:31:38 - [TEST_STEP][PASSED] - delay: Delayed 3 second(s)

2018-06-09 19:31:41 - [MESSAGE][PASSED] - Delayed 3 second(s)

2018-06-09 19:31:41 - [TEST_STEP][PASSED] - click: Object: 'Object Repository/Store Request Schedule 1/Page_Divisonal Store Login/button_Sign in' is clicked on

2018-06-09 19:31:42 - [MESSAGE][PASSED] - Object: 'Object Repository/Store Request Schedule 1/Page_Divisonal Store Login/button_Sign in' is clicked on

2018-06-09 19:31:42 - [TEST_STEP][PASSED] - delay: Delayed 3 second(s)

2018-06-09 19:31:45 - [MESSAGE][PASSED] - Delayed 3 second(s)

2018-06-09 19:31:45 - [TEST_STEP][PASSED] - click: Object: 'Object Repository/Store Request Schedule 1/Page_Store/a_CMS' is clicked on

2018-06-09 19:31:46 - [MESSAGE][PASSED] - Object: 'Object Repository/Store Request Schedule 1/Page_Store/a_CMS' is clicked on

2018-06-09 19:31:46 - [TEST_STEP][PASSED] - delay: Delayed 2 second(s)

2018-06-09 19:31:48 - [MESSAGE][PASSED] - Delayed 2 second(s)

2018-06-09 19:31:48 - [TEST_STEP][PASSED] - click: Object: 'Object Repository/Store Request Schedule 1/Page_Store/a_Request Send' is clicked on

2018-06-09 19:31:48 - [MESSAGE][PASSED] - Object: 'Object Repository/Store Request Schedule 1/Page_Store/a_Request Send' is clicked on

2018-06-09 19:31:48 - [TEST_STEP][PASSED] - selectOptionByIndex: All options with index in [1] are selected on object 'Object Repository/Store Request Schedule 1/Page_Store/select_--Select--'

2018-06-09 19:31:49 - [MESSAGE][PASSED] - All options with index in [1] are selected on object 'Object Repository/Store Request Schedule 1/Page_Store/select_--Select--'

2018-06-09 19:31:49 - [TEST_STEP][PASSED] - selectOptionByIndex: All options with index in [2] are selected on object 'Object Repository/Store Request Schedule 1/Page_Store/select_--Select--Schedule 1Inj'

2018-06-09 19:31:49 - [MESSAGE][PASSED] - All options with index in [2] are selected on object 'Object Repository/Store Request Schedule 1/Page_Store/select_--Select--Schedule 1Inj'

2018-06-09 19:31:49 - [TEST_STEP][PASSED] - Statement - SelectedOptions = com.kms.katalon.core.webui.keyword.WebUiBuiltInKeywords.getNumberOfTotalOption(com.kms.katalon.core.testobject.ObjectRepository.findTestObject(Store Request Schedule 1/Page_Store/select_--Select--Adernaline 0.)): 73 options of object 'Object Repository/Store Request Schedule 1/Page_Store/select_--Select--Adernaline 0.' counted

2018-06-09 19:31:49 - [MESSAGE][PASSED] - 73 options of object 'Object Repository/Store Request Schedule 1/Page_Store/select_--Select--Adernaline 0.' counted

2018-06-09 19:31:49 - [TEST_STEP][PASSED] - Statement - For ([y = 1, y < SelectedOptions, (y++)]): Object: 'Object Repository/Store Request Schedule 1/Page_Store/button_Add' is clicked on

2018-06-09 19:31:49 - [TEST_STEP][PASSED] - selectOptionByIndex: All options with index in [2] are selected on object 'Object Repository/Store Request Schedule 1/Page_Store/select_--Select--Schedule 1Inj'

2018-06-09 19:31:49 - [MESSAGE][PASSED] - All options with index in [2] are selected on object 'Object Repository/Store Request Schedule 1/Page_Store/select_--Select--Schedule 1Inj'

2018-06-09 19:31:49 - [TEST_STEP][PASSED] - delay: Delayed 1 second(s)

2018-06-09 19:31:50 - [MESSAGE][PASSED] - Delayed 1 second(s)

2018-06-09 19:31:50 - [TEST_STEP][PASSED] - selectOptionByIndex: All options with index in [1] are selected on object 'Object Repository/Store Request Schedule 1/Page_Store/select_--Select--Adernaline 0.'

2018-06-09 19:31:50 - [MESSAGE][PASSED] - All options with index in [1] are selected on object 'Object Repository/Store Request Schedule 1/Page_Store/select_--Select--Adernaline 0.'

2018-06-09 19:31:50 - [TEST_STEP][PASSED] - setText: Text '100' is set on object 'Object Repository/Store Request Schedule 1/Page_Store/input_txttreat'

2018-06-09 19:31:50 - [MESSAGE][PASSED] - Text '100' is set on object 'Object Repository/Store Request Schedule 1/Page_Store/input_txttreat'

2018-06-09 19:31:50 - [TEST_STEP][PASSED] - click: Object: 'Object Repository/Store Request Schedule 1/Page_Store/button_Add' is clicked on

2018-06-09 19:31:51 - [MESSAGE][PASSED] - Object: 'Object Repository/Store Request Schedule 1/Page_Store/button_Add' is clicked on

2018-06-09 19:31:51 - [TEST_STEP][PASSED] - selectOptionByIndex: All options with index in [2] are selected on object 'Object Repository/Store Request Schedule 1/Page_Store/select_--Select--Schedule 1Inj'

2018-06-09 19:31:51 - [MESSAGE][PASSED] - All options with index in [2] are selected on object 'Object Repository/Store Request Schedule 1/Page_Store/select_--Select--Schedule 1Inj'

2018-06-09 19:31:51 - [TEST_STEP][PASSED] - delay: Delayed 1 second(s)

2018-06-09 19:31:52 - [MESSAGE][PASSED] - Delayed 1 second(s)

2018-06-09 19:31:52 - [TEST_STEP][PASSED] - selectOptionByIndex: All options with index in [2] are selected on object 'Object Repository/Store Request Schedule 1/Page_Store/select_--Select--Adernaline 0.'

2018-06-09 19:31:52 - [MESSAGE][PASSED] - All options with index in [2] are selected on object 'Object Repository/Store Request Schedule 1/Page_Store/select_--Select--Adernaline 0.'

2018-06-09 19:31:52 - [TEST_STEP][PASSED] - setText: Text '100' is set on object 'Object Repository/Store Request Schedule 1/Page_Store/input_txttreat'

2018-06-09 19:31:52 - [MESSAGE][PASSED] - Text '100' is set on object 'Object Repository/Store Request Schedule 1/Page_Store/input_txttreat'

2018-06-09 19:31:52 - [TEST_STEP][PASSED] - click: Object: 'Object Repository/Store Request Schedule 1/Page_Store/button_Add' is clicked on

2018-06-09 19:31:52 - [MESSAGE][PASSED] - Object: 'Object Repository/Store Request Schedule 1/Page_Store/button_Add' is clicked on

2018-06-09 19:31:52 - [TEST_STEP][PASSED] - selectOptionByIndex: All options with index in [2] are selected on object 'Object Repository/Store Request Schedule 1/Page_Store/select_--Select--Schedule 1Inj'

2018-06-09 19:31:52 - [MESSAGE][PASSED] - All options with index in [2] are selected on object 'Object Repository/Store Request Schedule 1/Page_Store/select_--Select--Schedule 1Inj'

2018-06-09 19:31:52 - [TEST_STEP][PASSED] - delay: Delayed 1 second(s)

2018-06-09 19:31:53 - [MESSAGE][PASSED] - Delayed 1 second(s)

2018-06-09 19:31:53 - [TEST_STEP][PASSED] - selectOptionByIndex: All options with index in [3] are selected on object 'Object Repository/Store Request Schedule 1/Page_Store/select_--Select--Adernaline 0.'

2018-06-09 19:31:53 - [MESSAGE][PASSED] - All options with index in [3] are selected on object 'Object Repository/Store Request Schedule 1/Page_Store/select_--Select--Adernaline 0.'

2018-06-09 19:31:53 - [TEST_STEP][PASSED] - setText: Text '100' is set on object 'Object Repository/Store Request Schedule 1/Page_Store/input_txttreat'

2018-06-09 19:31:53 - [MESSAGE][PASSED] - Text '100' is set on object 'Object Repository/Store Request Schedule 1/Page_Store/input_txttreat'

2018-06-09 19:31:53 - [TEST_STEP][PASSED] - click: Object: 'Object Repository/Store Request Schedule 1/Page_Store/button_Add' is clicked on

2018-06-09 19:31:53 - [MESSAGE][PASSED] - Object: 'Object Repository/Store Request Schedule 1/Page_Store/button_Add' is clicked on

2018-06-09 19:31:53 - [TEST_STEP][PASSED] - selectOptionByIndex: All options with index in [2] are selected on object 'Object Repository/Store Request Schedule 1/Page_Store/select_--Select--Schedule 1Inj'

2018-06-09 19:31:54 - [MESSAGE][PASSED] - All options with index in [2] are selected on object 'Object Repository/Store Request Schedule 1/Page_Store/select_--Select--Schedule 1Inj'

2018-06-09 19:31:54 - [TEST_STEP][PASSED] - delay: Delayed 1 second(s)

2018-06-09 19:31:55 - [MESSAGE][PASSED] - Delayed 1 second(s)

2018-06-09 19:31:55 - [TEST_STEP][PASSED] - selectOptionByIndex: All options with index in [4] are selected on object 'Object Repository/Store Request Schedule 1/Page_Store/select_--Select--Adernaline 0.'

2018-06-09 19:31:55 - [MESSAGE][PASSED] - All options with index in [4] are selected on object 'Object Repository/Store Request Schedule 1/Page_Store/select_--Select--Adernaline 0.'

2018-06-09 19:31:55 - [TEST_STEP][PASSED] - setText: Text '100' is set on object 'Object Repository/Store Request Schedule 1/Page_Store/input_txttreat'

2018-06-09 19:31:55 - [MESSAGE][PASSED] - Text '100' is set on object 'Object Repository/Store Request Schedule 1/Page_Store/input_txttreat'

2018-06-09 19:31:55 - [TEST_STEP][PASSED] - click: Object: 'Object Repository/Store Request Schedule 1/Page_Store/button_Add' is clicked on

2018-06-09 19:31:55 - [MESSAGE][PASSED] - Object: 'Object Repository/Store Request Schedule 1/Page_Store/button_Add' is clicked on

2018-06-09 19:31:55 - [TEST_STEP][PASSED] - selectOptionByIndex: All options with index in [2] are selected on object 'Object Repository/Store Request Schedule 1/Page_Store/select_--Select--Schedule 1Inj'

2018-06-09 19:31:55 - [MESSAGE][PASSED] - All options with index in [2] are selected on object 'Object Repository/Store Request Schedule 1/Page_Store/select_--Select--Schedule 1Inj'

2018-06-09 19:31:55 - [TEST_STEP][PASSED] - delay: Delayed 1 second(s)

2018-06-09 19:31:56 - [MESSAGE][PASSED] - Delayed 1 second(s)

2018-06-09 19:31:56 - [TEST_STEP][PASSED] - selectOptionByIndex: All options with index in [5] are selected on object 'Object Repository/Store Request Schedule 1/Page_Store/select_--Select--Adernaline 0.'

2018-06-09 19:31:56 - [MESSAGE][PASSED] - All options with index in [5] are selected on object 'Object Repository/Store Request Schedule 1/Page_Store/select_--Select--Adernaline 0.'

2018-06-09 19:31:56 - [TEST_STEP][PASSED] - setText: Text '100' is set on object 'Object Repository/Store Request Schedule 1/Page_Store/input_txttreat'

2018-06-09 19:31:56 - [MESSAGE][PASSED] - Text '100' is set on object 'Object Repository/Store Request Schedule 1/Page_Store/input_txttreat'

2018-06-09 19:31:56 - [TEST_STEP][PASSED] - click: Object: 'Object Repository/Store Request Schedule 1/Page_Store/button_Add' is clicked on

2018-06-09 19:31:56 - [MESSAGE][PASSED] - Object: 'Object Repository/Store Request Schedule 1/Page_Store/button_Add' is clicked on

2018-06-09 19:31:56 - [TEST_STEP][PASSED] - selectOptionByIndex: All options with index in [2] are selected on object 'Object Repository/Store Request Schedule 1/Page_Store/select_--Select--Schedule 1Inj'

2018-06-09 19:31:56 - [MESSAGE][PASSED] - All options with index in [2] are selected on object 'Object Repository/Store Request Schedule 1/Page_Store/select_--Select--Schedule 1Inj'

2018-06-09 19:31:56 - [TEST_STEP][PASSED] - delay: Delayed 1 second(s)

2018-06-09 19:31:57 - [MESSAGE][PASSED] - Delayed 1 second(s)

2018-06-09 19:31:57 - [TEST_STEP][PASSED] - selectOptionByIndex: All options with index in [6] are selected on object 'Object Repository/Store Request Schedule 1/Page_Store/select_--Select--Adernaline 0.'

2018-06-09 19:31:58 - [MESSAGE][PASSED] - All options with index in [6] are selected on object 'Object Repository/Store Request Schedule 1/Page_Store/select_--Select--Adernaline 0.'

2018-06-09 19:31:58 - [TEST_STEP][PASSED] - setText: Text '100' is set on object 'Object Repository/Store Request Schedule 1/Page_Store/input_txttreat'

2018-06-09 19:31:58 - [MESSAGE][PASSED] - Text '100' is set on object 'Object Repository/Store Request Schedule 1/Page_Store/input_txttreat'

2018-06-09 19:31:58 - [TEST_STEP][PASSED] - click: Object: 'Object Repository/Store Request Schedule 1/Page_Store/button_Add' is clicked on

2018-06-09 19:31:58 - [MESSAGE][PASSED] - Object: 'Object Repository/Store Request Schedule 1/Page_Store/button_Add' is clicked on

2018-06-09 19:31:58 - [TEST_STEP][PASSED] - selectOptionByIndex: All options with index in [2] are selected on object 'Object Repository/Store Request Schedule 1/Page_Store/select_--Select--Schedule 1Inj'

2018-06-09 19:31:58 - [MESSAGE][PASSED] - All options with index in [2] are selected on object 'Object Repository/Store Request Schedule 1/Page_Store/select_--Select--Schedule 1Inj'

2018-06-09 19:31:58 - [TEST_STEP][PASSED] - delay: Delayed 1 second(s)

2018-06-09 19:31:59 - [MESSAGE][PASSED] - Delayed 1 second(s)

2018-06-09 19:31:59 - [TEST_STEP][PASSED] - selectOptionByIndex: All options with index in [7] are selected on object 'Object Repository/Store Request Schedule 1/Page_Store/select_--Select--Adernaline 0.'

2018-06-09 19:31:59 - [MESSAGE][PASSED] - All options with index in [7] are selected on object 'Object Repository/Store Request Schedule 1/Page_Store/select_--Select--Adernaline 0.'

2018-06-09 19:31:59 - [TEST_STEP][PASSED] - setText: Text '100' is set on object 'Object Repository/Store Request Schedule 1/Page_Store/input_txttreat'

2018-06-09 19:31:59 - [MESSAGE][PASSED] - Text '100' is set on object 'Object Repository/Store Request Schedule 1/Page_Store/input_txttreat'

2018-06-09 19:31:59 - [TEST_STEP][PASSED] - click: Object: 'Object Repository/Store Request Schedule 1/Page_Store/button_Add' is clicked on

2018-06-09 19:31:59 - [MESSAGE][PASSED] - Object: 'Object Repository/Store Request Schedule 1/Page_Store/button_Add' is clicked on

2018-06-09 19:31:59 - [TEST_STEP][PASSED] - selectOptionByIndex: All options with index in [2] are selected on object 'Object Repository/Store Request Schedule 1/Page_Store/select_--Select--Schedule 1Inj'

2018-06-09 19:31:59 - [MESSAGE][PASSED] - All options with index in [2] are selected on object 'Object Repository/Store Request Schedule 1/Page_Store/select_--Select--Schedule 1Inj'

2018-06-09 19:31:59 - [TEST_STEP][PASSED] - delay: Delayed 1 second(s)

2018-06-09 19:32:00 - [MESSAGE][PASSED] - Delayed 1 second(s)

2018-06-09 19:32:00 - [TEST_STEP][PASSED] - selectOptionByIndex: All options with index in [8] are selected on object 'Object Repository/Store Request Schedule 1/Page_Store/select_--Select--Adernaline 0.'

2018-06-09 19:32:01 - [MESSAGE][PASSED] - All options with index in [8] are selected on object 'Object Repository/Store Request Schedule 1/Page_Store/select_--Select--Adernaline 0.'

2018-06-09 19:32:01 - [TEST_STEP][PASSED] - setText: Text '100' is set on object 'Object Repository/Store Request Schedule 1/Page_Store/input_txttreat'

2018-06-09 19:32:01 - [MESSAGE][PASSED] - Text '100' is set on object 'Object Repository/Store Request Schedule 1/Page_Store/input_txttreat'

2018-06-09 19:32:01 - [TEST_STEP][PASSED] - click: Object: 'Object Repository/Store Request Schedule 1/Page_Store/button_Add' is clicked on

2018-06-09 19:32:01 - [MESSAGE][PASSED] - Object: 'Object Repository/Store Request Schedule 1/Page_Store/button_Add' is clicked on

2018-06-09 19:32:01 - [TEST_STEP][PASSED] - selectOptionByIndex: All options with index in [2] are selected on object 'Object Repository/Store Request Schedule 1/Page_Store/select_--Select--Schedule 1Inj'

2018-06-09 19:32:01 - [MESSAGE][PASSED] - All options with index in [2] are selected on object 'Object Repository/Store Request Schedule 1/Page_Store/select_--Select--Schedule 1Inj'

2018-06-09 19:32:01 - [TEST_STEP][PASSED] - delay: Delayed 1 second(s)

2018-06-09 19:32:02 - [MESSAGE][PASSED] - Delayed 1 second(s)

2018-06-09 19:32:02 - [TEST_STEP][PASSED] - selectOptionByIndex: All options with index in [9] are selected on object 'Object Repository/Store Request Schedule 1/Page_Store/select_--Select--Adernaline 0.'

2018-06-09 19:32:02 - [MESSAGE][PASSED] - All options with index in [9] are selected on object 'Object Repository/Store Request Schedule 1/Page_Store/select_--Select--Adernaline 0.'

2018-06-09 19:32:02 - [TEST_STEP][PASSED] - setText: Text '100' is set on object 'Object Repository/Store Request Schedule 1/Page_Store/input_txttreat'

2018-06-09 19:32:02 - [MESSAGE][PASSED] - Text '100' is set on object 'Object Repository/Store Request Schedule 1/Page_Store/input_txttreat'

2018-06-09 19:32:02 - [TEST_STEP][PASSED] - click: Object: 'Object Repository/Store Request Schedule 1/Page_Store/button_Add' is clicked on

2018-06-09 19:32:02 - [MESSAGE][PASSED] - Object: 'Object Repository/Store Request Schedule 1/Page_Store/button_Add' is clicked on

2018-06-09 19:32:02 - [TEST_STEP][PASSED] - selectOptionByIndex: All options with index in [2] are selected on object 'Object Repository/Store Request Schedule 1/Page_Store/select_--Select--Schedule 1Inj'

2018-06-09 19:32:02 - [MESSAGE][PASSED] - All options with index in [2] are selected on object 'Object Repository/Store Request Schedule 1/Page_Store/select_--Select--Schedule 1Inj'

2018-06-09 19:32:02 - [TEST_STEP][PASSED] - delay: Delayed 1 second(s)

2018-06-09 19:32:03 - [MESSAGE][PASSED] - Delayed 1 second(s)

2018-06-09 19:32:03 - [TEST_STEP][PASSED] - selectOptionByIndex: All options with index in [10] are selected on object 'Object Repository/Store Request Schedule 1/Page_Store/select_--Select--Adernaline 0.'

2018-06-09 19:32:04 - [MESSAGE][PASSED] - All options with index in [10] are selected on object 'Object Repository/Store Request Schedule 1/Page_Store/select_--Select--Adernaline 0.'

2018-06-09 19:32:04 - [TEST_STEP][PASSED] - setText: Text '100' is set on object 'Object Repository/Store Request Schedule 1/Page_Store/input_txttreat'

2018-06-09 19:32:04 - [MESSAGE][PASSED] - Text '100' is set on object 'Object Repository/Store Request Schedule 1/Page_Store/input_txttreat'

2018-06-09 19:32:04 - [TEST_STEP][PASSED] - click: Object: 'Object Repository/Store Request Schedule 1/Page_Store/button_Add' is clicked on

2018-06-09 19:32:04 - [MESSAGE][PASSED] - Object: 'Object Repository/Store Request Schedule 1/Page_Store/button_Add' is clicked on

2018-06-09 19:32:04 - [TEST_STEP][PASSED] - selectOptionByIndex: All options with index in [2] are selected on object 'Object Repository/Store Request Schedule 1/Page_Store/select_--Select--Schedule 1Inj'

2018-06-09 19:32:04 - [MESSAGE][PASSED] - All options with index in [2] are selected on object 'Object Repository/Store Request Schedule 1/Page_Store/select_--Select--Schedule 1Inj'

2018-06-09 19:32:04 - [TEST_STEP][PASSED] - delay: Delayed 1 second(s)

2018-06-09 19:32:05 - [MESSAGE][PASSED] - Delayed 1 second(s)

2018-06-09 19:32:05 - [TEST_STEP][PASSED] - selectOptionByIndex: All options with index in [11] are selected on object 'Object Repository/Store Request Schedule 1/Page_Store/select_--Select--Adernaline 0.'

2018-06-09 19:32:05 - [MESSAGE][PASSED] - All options with index in [11] are selected on object 'Object Repository/Store Request Schedule 1/Page_Store/select_--Select--Adernaline 0.'

2018-06-09 19:32:05 - [TEST_STEP][PASSED] - setText: Text '100' is set on object 'Object Repository/Store Request Schedule 1/Page_Store/input_txttreat'

2018-06-09 19:32:05 - [MESSAGE][PASSED] - Text '100' is set on object 'Object Repository/Store Request Schedule 1/Page_Store/input_txttreat'

2018-06-09 19:32:05 - [TEST_STEP][PASSED] - click: Object: 'Object Repository/Store Request Schedule 1/Page_Store/button_Add' is clicked on

2018-06-09 19:32:05 - [MESSAGE][PASSED] - Object: 'Object Repository/Store Request Schedule 1/Page_Store/button_Add' is clicked on

2018-06-09 19:32:05 - [TEST_STEP][PASSED] - selectOptionByIndex: All options with index in [2] are selected on object 'Object Repository/Store Request Schedule 1/Page_Store/select_--Select--Schedule 1Inj'

2018-06-09 19:32:05 - [MESSAGE][PASSED] - All options with index in [2] are selected on object 'Object Repository/Store Request Schedule 1/Page_Store/select_--Select--Schedule 1Inj'

2018-06-09 19:32:05 - [TEST_STEP][PASSED] - delay: Delayed 1 second(s)

2018-06-09 19:32:06 - [MESSAGE][PASSED] - Delayed 1 second(s)

2018-06-09 19:32:06 - [TEST_STEP][PASSED] - selectOptionByIndex: All options with index in [12] are selected on object 'Object Repository/Store Request Schedule 1/Page_Store/select_--Select--Adernaline 0.'

2018-06-09 19:32:07 - [MESSAGE][PASSED] - All options with index in [12] are selected on object 'Object Repository/Store Request Schedule 1/Page_Store/select_--Select--Adernaline 0.'

2018-06-09 19:32:07 - [TEST_STEP][PASSED] - setText: Text '100' is set on object 'Object Repository/Store Request Schedule 1/Page_Store/input_txttreat'

2018-06-09 19:32:07 - [MESSAGE][PASSED] - Text '100' is set on object 'Object Repository/Store Request Schedule 1/Page_Store/input_txttreat'

2018-06-09 19:32:07 - [TEST_STEP][PASSED] - click: Object: 'Object Repository/Store Request Schedule 1/Page_Store/button_Add' is clicked on

2018-06-09 19:32:07 - [MESSAGE][PASSED] - Object: 'Object Repository/Store Request Schedule 1/Page_Store/button_Add' is clicked on

2018-06-09 19:32:07 - [TEST_STEP][PASSED] - selectOptionByIndex: All options with index in [2] are selected on object 'Object Repository/Store Request Schedule 1/Page_Store/select_--Select--Schedule 1Inj'

2018-06-09 19:32:07 - [MESSAGE][PASSED] - All options with index in [2] are selected on object 'Object Repository/Store Request Schedule 1/Page_Store/select_--Select--Schedule 1Inj'

2018-06-09 19:32:07 - [TEST_STEP][PASSED] - delay: Delayed 1 second(s)

2018-06-09 19:32:08 - [MESSAGE][PASSED] - Delayed 1 second(s)

2018-06-09 19:32:08 - [TEST_STEP][PASSED] - selectOptionByIndex: All options with index in [13] are selected on object 'Object Repository/Store Request Schedule 1/Page_Store/select_--Select--Adernaline 0.'

2018-06-09 19:32:08 - [MESSAGE][PASSED] - All options with index in [13] are selected on object 'Object Repository/Store Request Schedule 1/Page_Store/select_--Select--Adernaline 0.'

2018-06-09 19:32:08 - [TEST_STEP][PASSED] - setText: Text '100' is set on object 'Object Repository/Store Request Schedule 1/Page_Store/input_txttreat'

2018-06-09 19:32:08 - [MESSAGE][PASSED] - Text '100' is set on object 'Object Repository/Store Request Schedule 1/Page_Store/input_txttreat'

2018-06-09 19:32:08 - [TEST_STEP][PASSED] - click: Object: 'Object Repository/Store Request Schedule 1/Page_Store/button_Add' is clicked on

2018-06-09 19:32:08 - [MESSAGE][PASSED] - Object: 'Object Repository/Store Request Schedule 1/Page_Store/button_Add' is clicked on

2018-06-09 19:32:08 - [TEST_STEP][PASSED] - selectOptionByIndex: All options with index in [2] are selected on object 'Object Repository/Store Request Schedule 1/Page_Store/select_--Select--Schedule 1Inj'

2018-06-09 19:32:09 - [MESSAGE][PASSED] - All options with index in [2] are selected on object 'Object Repository/Store Request Schedule 1/Page_Store/select_--Select--Schedule 1Inj'

2018-06-09 19:32:09 - [TEST_STEP][PASSED] - delay: Delayed 1 second(s)

2018-06-09 19:32:10 - [MESSAGE][PASSED] - Delayed 1 second(s)

2018-06-09 19:32:10 - [TEST_STEP][PASSED] - selectOptionByIndex: All options with index in [14] are selected on object 'Object Repository/Store Request Schedule 1/Page_Store/select_--Select--Adernaline 0.'

2018-06-09 19:32:10 - [MESSAGE][PASSED] - All options with index in [14] are selected on object 'Object Repository/Store Request Schedule 1/Page_Store/select_--Select--Adernaline 0.'

2018-06-09 19:32:10 - [TEST_STEP][PASSED] - setText: Text '100' is set on object 'Object Repository/Store Request Schedule 1/Page_Store/input_txttreat'

2018-06-09 19:32:10 - [MESSAGE][PASSED] - Text '100' is set on object 'Object Repository/Store Request Schedule 1/Page_Store/input_txttreat'

2018-06-09 19:32:10 - [TEST_STEP][PASSED] - click: Object: 'Object Repository/Store Request Schedule 1/Page_Store/button_Add' is clicked on

2018-06-09 19:32:10 - [MESSAGE][PASSED] - Object: 'Object Repository/Store Request Schedule 1/Page_Store/button_Add' is clicked on

2018-06-09 19:32:10 - [TEST_STEP][PASSED] - selectOptionByIndex: All options with index in [2] are selected on object 'Object Repository/Store Request Schedule 1/Page_Store/select_--Select--Schedule 1Inj'

2018-06-09 19:32:10 - [MESSAGE][PASSED] - All options with index in [2] are selected on object 'Object Repository/Store Request Schedule 1/Page_Store/select_--Select--Schedule 1Inj'

2018-06-09 19:32:10 - [TEST_STEP][PASSED] - delay: Delayed 1 second(s)

2018-06-09 19:32:11 - [MESSAGE][PASSED] - Delayed 1 second(s)

2018-06-09 19:32:11 - [TEST_STEP][PASSED] - selectOptionByIndex: All options with index in [15] are selected on object 'Object Repository/Store Request Schedule 1/Page_Store/select_--Select--Adernaline 0.'

2018-06-09 19:32:11 - [MESSAGE][PASSED] - All options with index in [15] are selected on object 'Object Repository/Store Request Schedule 1/Page_Store/select_--Select--Adernaline 0.'

2018-06-09 19:32:11 - [TEST_STEP][PASSED] - setText: Text '100' is set on object 'Object Repository/Store Request Schedule 1/Page_Store/input_txttreat'

2018-06-09 19:32:11 - [MESSAGE][PASSED] - Text '100' is set on object 'Object Repository/Store Request Schedule 1/Page_Store/input_txttreat'

2018-06-09 19:32:11 - [TEST_STEP][PASSED] - click: Object: 'Object Repository/Store Request Schedule 1/Page_Store/button_Add' is clicked on

2018-06-09 19:32:12 - [MESSAGE][PASSED] - Object: 'Object Repository/Store Request Schedule 1/Page_Store/button_Add' is clicked on

2018-06-09 19:32:12 - [TEST_STEP][PASSED] - selectOptionByIndex: All options with index in [2] are selected on object 'Object Repository/Store Request Schedule 1/Page_Store/select_--Select--Schedule 1Inj'

2018-06-09 19:32:12 - [MESSAGE][PASSED] - All options with index in [2] are selected on object 'Object Repository/Store Request Schedule 1/Page_Store/select_--Select--Schedule 1Inj'

2018-06-09 19:32:12 - [TEST_STEP][PASSED] - delay: Delayed 1 second(s)

2018-06-09 19:32:13 - [MESSAGE][PASSED] - Delayed 1 second(s)

2018-06-09 19:32:13 - [TEST_STEP][PASSED] - selectOptionByIndex: All options with index in [16] are selected on object 'Object Repository/Store Request Schedule 1/Page_Store/select_--Select--Adernaline 0.'

2018-06-09 19:32:13 - [MESSAGE][PASSED] - All options with index in [16] are selected on object 'Object Repository/Store Request Schedule 1/Page_Store/select_--Select--Adernaline 0.'

2018-06-09 19:32:13 - [TEST_STEP][PASSED] - setText: Text '100' is set on object 'Object Repository/Store Request Schedule 1/Page_Store/input_txttreat'

2018-06-09 19:32:13 - [MESSAGE][PASSED] - Text '100' is set on object 'Object Repository/Store Request Schedule 1/Page_Store/input_txttreat'

2018-06-09 19:32:13 - [TEST_STEP][PASSED] - click: Object: 'Object Repository/Store Request Schedule 1/Page_Store/button_Add' is clicked on

2018-06-09 19:32:13 - [MESSAGE][PASSED] - Object: 'Object Repository/Store Request Schedule 1/Page_Store/button_Add' is clicked on

2018-06-09 19:32:13 - [TEST_STEP][PASSED] - selectOptionByIndex: All options with index in [2] are selected on object 'Object Repository/Store Request Schedule 1/Page_Store/select_--Select--Schedule 1Inj'

2018-06-09 19:32:13 - [MESSAGE][PASSED] - All options with index in [2] are selected on object 'Object Repository/Store Request Schedule 1/Page_Store/select_--Select--Schedule 1Inj'

2018-06-09 19:32:13 - [TEST_STEP][PASSED] - delay: Delayed 1 second(s)

2018-06-09 19:32:14 - [MESSAGE][PASSED] - Delayed 1 second(s)

2018-06-09 19:32:14 - [TEST_STEP][PASSED] - selectOptionByIndex: All options with index in [17] are selected on object 'Object Repository/Store Request Schedule 1/Page_Store/select_--Select--Adernaline 0.'

2018-06-09 19:32:15 - [MESSAGE][PASSED] - All options with index in [17] are selected on object 'Object Repository/Store Request Schedule 1/Page_Store/select_--Select--Adernaline 0.'

2018-06-09 19:32:15 - [TEST_STEP][PASSED] - setText: Text '100' is set on object 'Object Repository/Store Request Schedule 1/Page_Store/input_txttreat'

2018-06-09 19:32:15 - [MESSAGE][PASSED] - Text '100' is set on object 'Object Repository/Store Request Schedule 1/Page_Store/input_txttreat'

2018-06-09 19:32:15 - [TEST_STEP][PASSED] - click: Object: 'Object Repository/Store Request Schedule 1/Page_Store/button_Add' is clicked on

2018-06-09 19:32:15 - [MESSAGE][PASSED] - Object: 'Object Repository/Store Request Schedule 1/Page_Store/button_Add' is clicked on

2018-06-09 19:32:15 - [TEST_STEP][PASSED] - selectOptionByIndex: All options with index in [2] are selected on object 'Object Repository/Store Request Schedule 1/Page_Store/select_--Select--Schedule 1Inj'

2018-06-09 19:32:15 - [MESSAGE][PASSED] - All options with index in [2] are selected on object 'Object Repository/Store Request Schedule 1/Page_Store/select_--Select--Schedule 1Inj'

2018-06-09 19:32:15 - [TEST_STEP][PASSED] - delay: Delayed 1 second(s)

2018-06-09 19:32:16 - [MESSAGE][PASSED] - Delayed 1 second(s)

2018-06-09 19:32:16 - [TEST_STEP][PASSED] - selectOptionByIndex: All options with index in [18] are selected on object 'Object Repository/Store Request Schedule 1/Page_Store/select_--Select--Adernaline 0.'

2018-06-09 19:32:16 - [MESSAGE][PASSED] - All options with index in [18] are selected on object 'Object Repository/Store Request Schedule 1/Page_Store/select_--Select--Adernaline 0.'

2018-06-09 19:32:16 - [TEST_STEP][PASSED] - setText: Text '100' is set on object 'Object Repository/Store Request Schedule 1/Page_Store/input_txttreat'

2018-06-09 19:32:16 - [MESSAGE][PASSED] - Text '100' is set on object 'Object Repository/Store Request Schedule 1/Page_Store/input_txttreat'

2018-06-09 19:32:16 - [TEST_STEP][PASSED] - click: Object: 'Object Repository/Store Request Schedule 1/Page_Store/button_Add' is clicked on

2018-06-09 19:32:16 - [MESSAGE][PASSED] - Object: 'Object Repository/Store Request Schedule 1/Page_Store/button_Add' is clicked on

2018-06-09 19:32:16 - [TEST_STEP][PASSED] - selectOptionByIndex: All options with index in [2] are selected on object 'Object Repository/Store Request Schedule 1/Page_Store/select_--Select--Schedule 1Inj'

2018-06-09 19:32:16 - [MESSAGE][PASSED] - All options with index in [2] are selected on object 'Object Repository/Store Request Schedule 1/Page_Store/select_--Select--Schedule 1Inj'

2018-06-09 19:32:16 - [TEST_STEP][PASSED] - delay: Delayed 1 second(s)

2018-06-09 19:32:17 - [MESSAGE][PASSED] - Delayed 1 second(s)

2018-06-09 19:32:17 - [TEST_STEP][PASSED] - selectOptionByIndex: All options with index in [19] are selected on object 'Object Repository/Store Request Schedule 1/Page_Store/select_--Select--Adernaline 0.'

2018-06-09 19:32:18 - [MESSAGE][PASSED] - All options with index in [19] are selected on object 'Object Repository/Store Request Schedule 1/Page_Store/select_--Select--Adernaline 0.'

2018-06-09 19:32:18 - [TEST_STEP][PASSED] - setText: Text '100' is set on object 'Object Repository/Store Request Schedule 1/Page_Store/input_txttreat'

2018-06-09 19:32:18 - [MESSAGE][PASSED] - Text '100' is set on object 'Object Repository/Store Request Schedule 1/Page_Store/input_txttreat'

2018-06-09 19:32:18 - [TEST_STEP][PASSED] - click: Object: 'Object Repository/Store Request Schedule 1/Page_Store/button_Add' is clicked on

2018-06-09 19:32:18 - [MESSAGE][PASSED] - Object: 'Object Repository/Store Request Schedule 1/Page_Store/button_Add' is clicked on

2018-06-09 19:32:18 - [TEST_STEP][PASSED] - selectOptionByIndex: All options with index in [2] are selected on object 'Object Repository/Store Request Schedule 1/Page_Store/select_--Select--Schedule 1Inj'

2018-06-09 19:32:18 - [MESSAGE][PASSED] - All options with index in [2] are selected on object 'Object Repository/Store Request Schedule 1/Page_Store/select_--Select--Schedule 1Inj'

2018-06-09 19:32:18 - [TEST_STEP][PASSED] - delay: Delayed 1 second(s)

2018-06-09 19:32:19 - [MESSAGE][PASSED] - Delayed 1 second(s)

2018-06-09 19:32:19 - [TEST_STEP][PASSED] - selectOptionByIndex: All options with index in [20] are selected on object 'Object Repository/Store Request Schedule 1/Page_Store/select_--Select--Adernaline 0.'

2018-06-09 19:32:19 - [MESSAGE][PASSED] - All options with index in [20] are selected on object 'Object Repository/Store Request Schedule 1/Page_Store/select_--Select--Adernaline 0.'

2018-06-09 19:32:19 - [TEST_STEP][PASSED] - setText: Text '100' is set on object 'Object Repository/Store Request Schedule 1/Page_Store/input_txttreat'

2018-06-09 19:32:19 - [MESSAGE][PASSED] - Text '100' is set on object 'Object Repository/Store Request Schedule 1/Page_Store/input_txttreat'

2018-06-09 19:32:19 - [TEST_STEP][PASSED] - click: Object: 'Object Repository/Store Request Schedule 1/Page_Store/button_Add' is clicked on

2018-06-09 19:32:20 - [MESSAGE][PASSED] - Object: 'Object Repository/Store Request Schedule 1/Page_Store/button_Add' is clicked on

2018-06-09 19:32:20 - [TEST_STEP][PASSED] - selectOptionByIndex: All options with index in [2] are selected on object 'Object Repository/Store Request Schedule 1/Page_Store/select_--Select--Schedule 1Inj'

2018-06-09 19:32:20 - [MESSAGE][PASSED] - All options with index in [2] are selected on object 'Object Repository/Store Request Schedule 1/Page_Store/select_--Select--Schedule 1Inj'

2018-06-09 19:32:20 - [TEST_STEP][PASSED] - delay: Delayed 1 second(s)

2018-06-09 19:32:21 - [MESSAGE][PASSED] - Delayed 1 second(s)

2018-06-09 19:32:21 - [TEST_STEP][PASSED] - selectOptionByIndex: All options with index in [21] are selected on object 'Object Repository/Store Request Schedule 1/Page_Store/select_--Select--Adernaline 0.'

2018-06-09 19:32:21 - [MESSAGE][PASSED] - All options with index in [21] are selected on object 'Object Repository/Store Request Schedule 1/Page_Store/select_--Select--Adernaline 0.'

2018-06-09 19:32:21 - [TEST_STEP][PASSED] - setText: Text '100' is set on object 'Object Repository/Store Request Schedule 1/Page_Store/input_txttreat'

2018-06-09 19:32:21 - [MESSAGE][PASSED] - Text '100' is set on object 'Object Repository/Store Request Schedule 1/Page_Store/input_txttreat'

2018-06-09 19:32:21 - [TEST_STEP][PASSED] - click: Object: 'Object Repository/Store Request Schedule 1/Page_Store/button_Add' is clicked on

2018-06-09 19:32:21 - [MESSAGE][PASSED] - Object: 'Object Repository/Store Request Schedule 1/Page_Store/button_Add' is clicked on

2018-06-09 19:32:21 - [TEST_STEP][PASSED] - selectOptionByIndex: All options with index in [2] are selected on object 'Object Repository/Store Request Schedule 1/Page_Store/select_--Select--Schedule 1Inj'

2018-06-09 19:32:21 - [MESSAGE][PASSED] - All options with index in [2] are selected on object 'Object Repository/Store Request Schedule 1/Page_Store/select_--Select--Schedule 1Inj'

2018-06-09 19:32:21 - [TEST_STEP][PASSED] - delay: Delayed 1 second(s)

2018-06-09 19:32:22 - [MESSAGE][PASSED] - Delayed 1 second(s)

2018-06-09 19:32:22 - [TEST_STEP][PASSED] - selectOptionByIndex: All options with index in [22] are selected on object 'Object Repository/Store Request Schedule 1/Page_Store/select_--Select--Adernaline 0.'

2018-06-09 19:32:23 - [MESSAGE][PASSED] - All options with index in [22] are selected on object 'Object Repository/Store Request Schedule 1/Page_Store/select_--Select--Adernaline 0.'

2018-06-09 19:32:23 - [TEST_STEP][PASSED] - setText: Text '100' is set on object 'Object Repository/Store Request Schedule 1/Page_Store/input_txttreat'

2018-06-09 19:32:23 - [MESSAGE][PASSED] - Text '100' is set on object 'Object Repository/Store Request Schedule 1/Page_Store/input_txttreat'

2018-06-09 19:32:23 - [TEST_STEP][PASSED] - click: Object: 'Object Repository/Store Request Schedule 1/Page_Store/button_Add' is clicked on

2018-06-09 19:32:23 - [MESSAGE][PASSED] - Object: 'Object Repository/Store Request Schedule 1/Page_Store/button_Add' is clicked on

2018-06-09 19:32:23 - [TEST_STEP][PASSED] - selectOptionByIndex: All options with index in [2] are selected on object 'Object Repository/Store Request Schedule 1/Page_Store/select_--Select--Schedule 1Inj'

2018-06-09 19:32:23 - [MESSAGE][PASSED] - All options with index in [2] are selected on object 'Object Repository/Store Request Schedule 1/Page_Store/select_--Select--Schedule 1Inj'

2018-06-09 19:32:23 - [TEST_STEP][PASSED] - delay: Delayed 1 second(s)

2018-06-09 19:32:24 - [MESSAGE][PASSED] - Delayed 1 second(s)

2018-06-09 19:32:24 - [TEST_STEP][PASSED] - selectOptionByIndex: All options with index in [23] are selected on object 'Object Repository/Store Request Schedule 1/Page_Store/select_--Select--Adernaline 0.'

2018-06-09 19:32:24 - [MESSAGE][PASSED] - All options with index in [23] are selected on object 'Object Repository/Store Request Schedule 1/Page_Store/select_--Select--Adernaline 0.'

2018-06-09 19:32:24 - [TEST_STEP][PASSED] - setText: Text '100' is set on object 'Object Repository/Store Request Schedule 1/Page_Store/input_txttreat'

2018-06-09 19:32:24 - [MESSAGE][PASSED] - Text '100' is set on object 'Object Repository/Store Request Schedule 1/Page_Store/input_txttreat'

2018-06-09 19:32:24 - [TEST_STEP][PASSED] - click: Object: 'Object Repository/Store Request Schedule 1/Page_Store/button_Add' is clicked on

2018-06-09 19:32:24 - [MESSAGE][PASSED] - Object: 'Object Repository/Store Request Schedule 1/Page_Store/button_Add' is clicked on

2018-06-09 19:32:24 - [TEST_STEP][PASSED] - selectOptionByIndex: All options with index in [2] are selected on object 'Object Repository/Store Request Schedule 1/Page_Store/select_--Select--Schedule 1Inj'

2018-06-09 19:32:25 - [MESSAGE][PASSED] - All options with index in [2] are selected on object 'Object Repository/Store Request Schedule 1/Page_Store/select_--Select--Schedule 1Inj'

2018-06-09 19:32:25 - [TEST_STEP][PASSED] - delay: Delayed 1 second(s)

2018-06-09 19:32:26 - [MESSAGE][PASSED] - Delayed 1 second(s)

2018-06-09 19:32:26 - [TEST_STEP][PASSED] - selectOptionByIndex: All options with index in [24] are selected on object 'Object Repository/Store Request Schedule 1/Page_Store/select_--Select--Adernaline 0.'

2018-06-09 19:32:26 - [MESSAGE][PASSED] - All options with index in [24] are selected on object 'Object Repository/Store Request Schedule 1/Page_Store/select_--Select--Adernaline 0.'

2018-06-09 19:32:26 - [TEST_STEP][PASSED] - setText: Text '100' is set on object 'Object Repository/Store Request Schedule 1/Page_Store/input_txttreat'

2018-06-09 19:32:26 - [MESSAGE][PASSED] - Text '100' is set on object 'Object Repository/Store Request Schedule 1/Page_Store/input_txttreat'

2018-06-09 19:32:26 - [TEST_STEP][PASSED] - click: Object: 'Object Repository/Store Request Schedule 1/Page_Store/button_Add' is clicked on

2018-06-09 19:32:26 - [MESSAGE][PASSED] - Object: 'Object Repository/Store Request Schedule 1/Page_Store/button_Add' is clicked on

2018-06-09 19:32:26 - [TEST_STEP][PASSED] - selectOptionByIndex: All options with index in [2] are selected on object 'Object Repository/Store Request Schedule 1/Page_Store/select_--Select--Schedule 1Inj'

2018-06-09 19:32:26 - [MESSAGE][PASSED] - All options with index in [2] are selected on object 'Object Repository/Store Request Schedule 1/Page_Store/select_--Select--Schedule 1Inj'

2018-06-09 19:32:26 - [TEST_STEP][PASSED] - delay: Delayed 1 second(s)

2018-06-09 19:32:27 - [MESSAGE][PASSED] - Delayed 1 second(s)

2018-06-09 19:32:27 - [TEST_STEP][PASSED] - selectOptionByIndex: All options with index in [25] are selected on object 'Object Repository/Store Request Schedule 1/Page_Store/select_--Select--Adernaline 0.'

2018-06-09 19:32:28 - [MESSAGE][PASSED] - All options with index in [25] are selected on object 'Object Repository/Store Request Schedule 1/Page_Store/select_--Select--Adernaline 0.'

2018-06-09 19:32:28 - [TEST_STEP][PASSED] - setText: Text '100' is set on object 'Object Repository/Store Request Schedule 1/Page_Store/input_txttreat'

2018-06-09 19:32:28 - [MESSAGE][PASSED] - Text '100' is set on object 'Object Repository/Store Request Schedule 1/Page_Store/input_txttreat'

2018-06-09 19:32:28 - [TEST_STEP][PASSED] - click: Object: 'Object Repository/Store Request Schedule 1/Page_Store/button_Add' is clicked on

2018-06-09 19:32:28 - [MESSAGE][PASSED] - Object: 'Object Repository/Store Request Schedule 1/Page_Store/button_Add' is clicked on

2018-06-09 19:32:28 - [TEST_STEP][PASSED] - selectOptionByIndex: All options with index in [2] are selected on object 'Object Repository/Store Request Schedule 1/Page_Store/select_--Select--Schedule 1Inj'

2018-06-09 19:32:28 - [MESSAGE][PASSED] - All options with index in [2] are selected on object 'Object Repository/Store Request Schedule 1/Page_Store/select_--Select--Schedule 1Inj'

2018-06-09 19:32:28 - [TEST_STEP][PASSED] - delay: Delayed 1 second(s)

2018-06-09 19:32:29 - [MESSAGE][PASSED] - Delayed 1 second(s)

2018-06-09 19:32:29 - [TEST_STEP][PASSED] - selectOptionByIndex: All options with index in [26] are selected on object 'Object Repository/Store Request Schedule 1/Page_Store/select_--Select--Adernaline 0.'

2018-06-09 19:32:29 - [MESSAGE][PASSED] - All options with index in [26] are selected on object 'Object Repository/Store Request Schedule 1/Page_Store/select_--Select--Adernaline 0.'

2018-06-09 19:32:29 - [TEST_STEP][PASSED] - setText: Text '100' is set on object 'Object Repository/Store Request Schedule 1/Page_Store/input_txttreat'

2018-06-09 19:32:29 - [MESSAGE][PASSED] - Text '100' is set on object 'Object Repository/Store Request Schedule 1/Page_Store/input_txttreat'

2018-06-09 19:32:29 - [TEST_STEP][PASSED] - click: Object: 'Object Repository/Store Request Schedule 1/Page_Store/button_Add' is clicked on

2018-06-09 19:32:30 - [MESSAGE][PASSED] - Object: 'Object Repository/Store Request Schedule 1/Page_Store/button_Add' is clicked on

2018-06-09 19:32:30 - [TEST_STEP][PASSED] - selectOptionByIndex: All options with index in [2] are selected on object 'Object Repository/Store Request Schedule 1/Page_Store/select_--Select--Schedule 1Inj'

2018-06-09 19:32:30 - [MESSAGE][PASSED] - All options with index in [2] are selected on object 'Object Repository/Store Request Schedule 1/Page_Store/select_--Select--Schedule 1Inj'

2018-06-09 19:32:30 - [TEST_STEP][PASSED] - delay: Delayed 1 second(s)

2018-06-09 19:32:31 - [MESSAGE][PASSED] - Delayed 1 second(s)

2018-06-09 19:32:31 - [TEST_STEP][PASSED] - selectOptionByIndex: All options with index in [27] are selected on object 'Object Repository/Store Request Schedule 1/Page_Store/select_--Select--Adernaline 0.'

2018-06-09 19:32:31 - [MESSAGE][PASSED] - All options with index in [27] are selected on object 'Object Repository/Store Request Schedule 1/Page_Store/select_--Select--Adernaline 0.'

2018-06-09 19:32:31 - [TEST_STEP][PASSED] - setText: Text '100' is set on object 'Object Repository/Store Request Schedule 1/Page_Store/input_txttreat'

2018-06-09 19:32:31 - [MESSAGE][PASSED] - Text '100' is set on object 'Object Repository/Store Request Schedule 1/Page_Store/input_txttreat'

2018-06-09 19:32:31 - [TEST_STEP][PASSED] - click: Object: 'Object Repository/Store Request Schedule 1/Page_Store/button_Add' is clicked on

2018-06-09 19:32:31 - [MESSAGE][PASSED] - Object: 'Object Repository/Store Request Schedule 1/Page_Store/button_Add' is clicked on

2018-06-09 19:32:31 - [TEST_STEP][PASSED] - selectOptionByIndex: All options with index in [2] are selected on object 'Object Repository/Store Request Schedule 1/Page_Store/select_--Select--Schedule 1Inj'

2018-06-09 19:32:31 - [MESSAGE][PASSED] - All options with index in [2] are selected on object 'Object Repository/Store Request Schedule 1/Page_Store/select_--Select--Schedule 1Inj'

2018-06-09 19:32:31 - [TEST_STEP][PASSED] - delay: Delayed 1 second(s)

2018-06-09 19:32:32 - [MESSAGE][PASSED] - Delayed 1 second(s)

2018-06-09 19:32:32 - [TEST_STEP][PASSED] - selectOptionByIndex: All options with index in [28] are selected on object 'Object Repository/Store Request Schedule 1/Page_Store/select_--Select--Adernaline 0.'

2018-06-09 19:32:33 - [MESSAGE][PASSED] - All options with index in [28] are selected on object 'Object Repository/Store Request Schedule 1/Page_Store/select_--Select--Adernaline 0.'

2018-06-09 19:32:33 - [TEST_STEP][PASSED] - setText: Text '100' is set on object 'Object Repository/Store Request Schedule 1/Page_Store/input_txttreat'

2018-06-09 19:32:33 - [MESSAGE][PASSED] - Text '100' is set on object 'Object Repository/Store Request Schedule 1/Page_Store/input_txttreat'

2018-06-09 19:32:33 - [TEST_STEP][PASSED] - click: Object: 'Object Repository/Store Request Schedule 1/Page_Store/button_Add' is clicked on

2018-06-09 19:32:33 - [MESSAGE][PASSED] - Object: 'Object Repository/Store Request Schedule 1/Page_Store/button_Add' is clicked on

2018-06-09 19:32:33 - [TEST_STEP][PASSED] - selectOptionByIndex: All options with index in [2] are selected on object 'Object Repository/Store Request Schedule 1/Page_Store/select_--Select--Schedule 1Inj'

2018-06-09 19:32:33 - [MESSAGE][PASSED] - All options with index in [2] are selected on object 'Object Repository/Store Request Schedule 1/Page_Store/select_--Select--Schedule 1Inj'

2018-06-09 19:32:33 - [TEST_STEP][PASSED] - delay: Delayed 1 second(s)

2018-06-09 19:32:34 - [MESSAGE][PASSED] - Delayed 1 second(s)

2018-06-09 19:32:34 - [TEST_STEP][PASSED] - selectOptionByIndex: All options with index in [29] are selected on object 'Object Repository/Store Request Schedule 1/Page_Store/select_--Select--Adernaline 0.'

2018-06-09 19:32:35 - [MESSAGE][PASSED] - All options with index in [29] are selected on object 'Object Repository/Store Request Schedule 1/Page_Store/select_--Select--Adernaline 0.'

2018-06-09 19:32:35 - [TEST_STEP][PASSED] - setText: Text '100' is set on object 'Object Repository/Store Request Schedule 1/Page_Store/input_txttreat'

2018-06-09 19:32:35 - [MESSAGE][PASSED] - Text '100' is set on object 'Object Repository/Store Request Schedule 1/Page_Store/input_txttreat'

2018-06-09 19:32:35 - [TEST_STEP][PASSED] - click: Object: 'Object Repository/Store Request Schedule 1/Page_Store/button_Add' is clicked on

2018-06-09 19:32:35 - [MESSAGE][PASSED] - Object: 'Object Repository/Store Request Schedule 1/Page_Store/button_Add' is clicked on

2018-06-09 19:32:35 - [TEST_STEP][PASSED] - selectOptionByIndex: All options with index in [2] are selected on object 'Object Repository/Store Request Schedule 1/Page_Store/select_--Select--Schedule 1Inj'

2018-06-09 19:32:35 - [MESSAGE][PASSED] - All options with index in [2] are selected on object 'Object Repository/Store Request Schedule 1/Page_Store/select_--Select--Schedule 1Inj'

2018-06-09 19:32:35 - [TEST_STEP][PASSED] - delay: Delayed 1 second(s)

2018-06-09 19:32:36 - [MESSAGE][PASSED] - Delayed 1 second(s)

2018-06-09 19:32:36 - [TEST_STEP][PASSED] - selectOptionByIndex: All options with index in [30] are selected on object 'Object Repository/Store Request Schedule 1/Page_Store/select_--Select--Adernaline 0.'

2018-06-09 19:32:36 - [MESSAGE][PASSED] - All options with index in [30] are selected on object 'Object Repository/Store Request Schedule 1/Page_Store/select_--Select--Adernaline 0.'

2018-06-09 19:32:36 - [TEST_STEP][PASSED] - setText: Text '100' is set on object 'Object Repository/Store Request Schedule 1/Page_Store/input_txttreat'

2018-06-09 19:32:36 - [MESSAGE][PASSED] - Text '100' is set on object 'Object Repository/Store Request Schedule 1/Page_Store/input_txttreat'

2018-06-09 19:32:36 - [TEST_STEP][PASSED] - click: Object: 'Object Repository/Store Request Schedule 1/Page_Store/button_Add' is clicked on

2018-06-09 19:32:36 - [MESSAGE][PASSED] - Object: 'Object Repository/Store Request Schedule 1/Page_Store/button_Add' is clicked on

2018-06-09 19:32:36 - [TEST_STEP][PASSED] - selectOptionByIndex: All options with index in [2] are selected on object 'Object Repository/Store Request Schedule 1/Page_Store/select_--Select--Schedule 1Inj'

2018-06-09 19:32:37 - [MESSAGE][PASSED] - All options with index in [2] are selected on object 'Object Repository/Store Request Schedule 1/Page_Store/select_--Select--Schedule 1Inj'

2018-06-09 19:32:37 - [TEST_STEP][PASSED] - delay: Delayed 1 second(s)

2018-06-09 19:32:38 - [MESSAGE][PASSED] - Delayed 1 second(s)

2018-06-09 19:32:38 - [TEST_STEP][PASSED] - selectOptionByIndex: All options with index in [31] are selected on object 'Object Repository/Store Request Schedule 1/Page_Store/select_--Select--Adernaline 0.'

2018-06-09 19:32:38 - [MESSAGE][PASSED] - All options with index in [31] are selected on object 'Object Repository/Store Request Schedule 1/Page_Store/select_--Select--Adernaline 0.'

2018-06-09 19:32:38 - [TEST_STEP][PASSED] - setText: Text '100' is set on object 'Object Repository/Store Request Schedule 1/Page_Store/input_txttreat'

2018-06-09 19:32:38 - [MESSAGE][PASSED] - Text '100' is set on object 'Object Repository/Store Request Schedule 1/Page_Store/input_txttreat'

2018-06-09 19:32:38 - [TEST_STEP][PASSED] - click: Object: 'Object Repository/Store Request Schedule 1/Page_Store/button_Add' is clicked on

2018-06-09 19:32:38 - [MESSAGE][PASSED] - Object: 'Object Repository/Store Request Schedule 1/Page_Store/button_Add' is clicked on

2018-06-09 19:32:38 - [TEST_STEP][PASSED] - selectOptionByIndex: All options with index in [2] are selected on object 'Object Repository/Store Request Schedule 1/Page_Store/select_--Select--Schedule 1Inj'

2018-06-09 19:32:38 - [MESSAGE][PASSED] - All options with index in [2] are selected on object 'Object Repository/Store Request Schedule 1/Page_Store/select_--Select--Schedule 1Inj'

2018-06-09 19:32:38 - [TEST_STEP][PASSED] - delay: Delayed 1 second(s)

2018-06-09 19:32:39 - [MESSAGE][PASSED] - Delayed 1 second(s)

2018-06-09 19:32:39 - [TEST_STEP][PASSED] - selectOptionByIndex: All options with index in [32] are selected on object 'Object Repository/Store Request Schedule 1/Page_Store/select_--Select--Adernaline 0.'

2018-06-09 19:32:40 - [MESSAGE][PASSED] - All options with index in [32] are selected on object 'Object Repository/Store Request Schedule 1/Page_Store/select_--Select--Adernaline 0.'

2018-06-09 19:32:40 - [TEST_STEP][PASSED] - setText: Text '100' is set on object 'Object Repository/Store Request Schedule 1/Page_Store/input_txttreat'

2018-06-09 19:32:40 - [MESSAGE][PASSED] - Text '100' is set on object 'Object Repository/Store Request Schedule 1/Page_Store/input_txttreat'

2018-06-09 19:32:40 - [TEST_STEP][PASSED] - click: Object: 'Object Repository/Store Request Schedule 1/Page_Store/button_Add' is clicked on

2018-06-09 19:32:40 - [MESSAGE][PASSED] - Object: 'Object Repository/Store Request Schedule 1/Page_Store/button_Add' is clicked on

2018-06-09 19:32:40 - [TEST_STEP][PASSED] - selectOptionByIndex: All options with index in [2] are selected on object 'Object Repository/Store Request Schedule 1/Page_Store/select_--Select--Schedule 1Inj'

2018-06-09 19:32:40 - [MESSAGE][PASSED] - All options with index in [2] are selected on object 'Object Repository/Store Request Schedule 1/Page_Store/select_--Select--Schedule 1Inj'

2018-06-09 19:32:40 - [TEST_STEP][PASSED] - delay: Delayed 1 second(s)

2018-06-09 19:32:41 - [MESSAGE][PASSED] - Delayed 1 second(s)

2018-06-09 19:32:41 - [TEST_STEP][PASSED] - selectOptionByIndex: All options with index in [33] are selected on object 'Object Repository/Store Request Schedule 1/Page_Store/select_--Select--Adernaline 0.'

2018-06-09 19:32:41 - [MESSAGE][PASSED] - All options with index in [33] are selected on object 'Object Repository/Store Request Schedule 1/Page_Store/select_--Select--Adernaline 0.'

2018-06-09 19:32:41 - [TEST_STEP][PASSED] - setText: Text '100' is set on object 'Object Repository/Store Request Schedule 1/Page_Store/input_txttreat'

2018-06-09 19:32:42 - [MESSAGE][PASSED] - Text '100' is set on object 'Object Repository/Store Request Schedule 1/Page_Store/input_txttreat'

2018-06-09 19:32:42 - [TEST_STEP][PASSED] - click: Object: 'Object Repository/Store Request Schedule 1/Page_Store/button_Add' is clicked on

2018-06-09 19:32:42 - [MESSAGE][PASSED] - Object: 'Object Repository/Store Request Schedule 1/Page_Store/button_Add' is clicked on

2018-06-09 19:32:42 - [TEST_STEP][PASSED] - selectOptionByIndex: All options with index in [2] are selected on object 'Object Repository/Store Request Schedule 1/Page_Store/select_--Select--Schedule 1Inj'

2018-06-09 19:32:42 - [MESSAGE][PASSED] - All options with index in [2] are selected on object 'Object Repository/Store Request Schedule 1/Page_Store/select_--Select--Schedule 1Inj'

2018-06-09 19:32:42 - [TEST_STEP][PASSED] - delay: Delayed 1 second(s)

2018-06-09 19:32:43 - [MESSAGE][PASSED] - Delayed 1 second(s)

2018-06-09 19:32:43 - [TEST_STEP][PASSED] - selectOptionByIndex: All options with index in [34] are selected on object 'Object Repository/Store Request Schedule 1/Page_Store/select_--Select--Adernaline 0.'

2018-06-09 19:32:43 - [MESSAGE][PASSED] - All options with index in [34] are selected on object 'Object Repository/Store Request Schedule 1/Page_Store/select_--Select--Adernaline 0.'

2018-06-09 19:32:43 - [TEST_STEP][PASSED] - setText: Text '100' is set on object 'Object Repository/Store Request Schedule 1/Page_Store/input_txttreat'

2018-06-09 19:32:43 - [MESSAGE][PASSED] - Text '100' is set on object 'Object Repository/Store Request Schedule 1/Page_Store/input_txttreat'

2018-06-09 19:32:43 - [TEST_STEP][PASSED] - click: Object: 'Object Repository/Store Request Schedule 1/Page_Store/button_Add' is clicked on

2018-06-09 19:32:43 - [MESSAGE][PASSED] - Object: 'Object Repository/Store Request Schedule 1/Page_Store/button_Add' is clicked on

2018-06-09 19:32:43 - [TEST_STEP][PASSED] - selectOptionByIndex: All options with index in [2] are selected on object 'Object Repository/Store Request Schedule 1/Page_Store/select_--Select--Schedule 1Inj'

2018-06-09 19:32:43 - [MESSAGE][PASSED] - All options with index in [2] are selected on object 'Object Repository/Store Request Schedule 1/Page_Store/select_--Select--Schedule 1Inj'

2018-06-09 19:32:43 - [TEST_STEP][PASSED] - delay: Delayed 1 second(s)

2018-06-09 19:32:44 - [MESSAGE][PASSED] - Delayed 1 second(s)

2018-06-09 19:32:44 - [TEST_STEP][PASSED] - selectOptionByIndex: All options with index in [35] are selected on object 'Object Repository/Store Request Schedule 1/Page_Store/select_--Select--Adernaline 0.'

2018-06-09 19:32:45 - [MESSAGE][PASSED] - All options with index in [35] are selected on object 'Object Repository/Store Request Schedule 1/Page_Store/select_--Select--Adernaline 0.'

2018-06-09 19:32:45 - [TEST_STEP][PASSED] - setText: Text '100' is set on object 'Object Repository/Store Request Schedule 1/Page_Store/input_txttreat'

2018-06-09 19:32:45 - [MESSAGE][PASSED] - Text '100' is set on object 'Object Repository/Store Request Schedule 1/Page_Store/input_txttreat'

2018-06-09 19:32:45 - [TEST_STEP][PASSED] - click: Object: 'Object Repository/Store Request Schedule 1/Page_Store/button_Add' is clicked on

2018-06-09 19:32:45 - [MESSAGE][PASSED] - Object: 'Object Repository/Store Request Schedule 1/Page_Store/button_Add' is clicked on

2018-06-09 19:32:45 - [TEST_STEP][PASSED] - selectOptionByIndex: All options with index in [2] are selected on object 'Object Repository/Store Request Schedule 1/Page_Store/select_--Select--Schedule 1Inj'

2018-06-09 19:32:45 - [MESSAGE][PASSED] - All options with index in [2] are selected on object 'Object Repository/Store Request Schedule 1/Page_Store/select_--Select--Schedule 1Inj'

2018-06-09 19:32:45 - [TEST_STEP][PASSED] - delay: Delayed 1 second(s)

2018-06-09 19:32:46 - [MESSAGE][PASSED] - Delayed 1 second(s)

2018-06-09 19:32:46 - [TEST_STEP][PASSED] - selectOptionByIndex: All options with index in [36] are selected on object 'Object Repository/Store Request Schedule 1/Page_Store/select_--Select--Adernaline 0.'

2018-06-09 19:32:47 - [MESSAGE][PASSED] - All options with index in [36] are selected on object 'Object Repository/Store Request Schedule 1/Page_Store/select_--Select--Adernaline 0.'

2018-06-09 19:32:47 - [TEST_STEP][PASSED] - setText: Text '100' is set on object 'Object Repository/Store Request Schedule 1/Page_Store/input_txttreat'

2018-06-09 19:32:47 - [MESSAGE][PASSED] - Text '100' is set on object 'Object Repository/Store Request Schedule 1/Page_Store/input_txttreat'

2018-06-09 19:32:47 - [TEST_STEP][PASSED] - click: Object: 'Object Repository/Store Request Schedule 1/Page_Store/button_Add' is clicked on

2018-06-09 19:32:47 - [MESSAGE][PASSED] - Object: 'Object Repository/Store Request Schedule 1/Page_Store/button_Add' is clicked on

2018-06-09 19:32:47 - [TEST_STEP][PASSED] - selectOptionByIndex: All options with index in [2] are selected on object 'Object Repository/Store Request Schedule 1/Page_Store/select_--Select--Schedule 1Inj'

2018-06-09 19:32:47 - [MESSAGE][PASSED] - All options with index in [2] are selected on object 'Object Repository/Store Request Schedule 1/Page_Store/select_--Select--Schedule 1Inj'

2018-06-09 19:32:47 - [TEST_STEP][PASSED] - delay: Delayed 1 second(s)

2018-06-09 19:32:48 - [MESSAGE][PASSED] - Delayed 1 second(s)

2018-06-09 19:32:48 - [TEST_STEP][PASSED] - selectOptionByIndex: All options with index in [37] are selected on object 'Object Repository/Store Request Schedule 1/Page_Store/select_--Select--Adernaline 0.'

2018-06-09 19:32:49 - [MESSAGE][PASSED] - All options with index in [37] are selected on object 'Object Repository/Store Request Schedule 1/Page_Store/select_--Select--Adernaline 0.'

2018-06-09 19:32:49 - [TEST_STEP][PASSED] - setText: Text '100' is set on object 'Object Repository/Store Request Schedule 1/Page_Store/input_txttreat'

2018-06-09 19:32:49 - [MESSAGE][PASSED] - Text '100' is set on object 'Object Repository/Store Request Schedule 1/Page_Store/input_txttreat'

2018-06-09 19:32:49 - [TEST_STEP][PASSED] - click: Object: 'Object Repository/Store Request Schedule 1/Page_Store/button_Add' is clicked on

2018-06-09 19:32:49 - [MESSAGE][PASSED] - Object: 'Object Repository/Store Request Schedule 1/Page_Store/button_Add' is clicked on

2018-06-09 19:32:49 - [TEST_STEP][PASSED] - selectOptionByIndex: All options with index in [2] are selected on object 'Object Repository/Store Request Schedule 1/Page_Store/select_--Select--Schedule 1Inj'

2018-06-09 19:32:49 - [MESSAGE][PASSED] - All options with index in [2] are selected on object 'Object Repository/Store Request Schedule 1/Page_Store/select_--Select--Schedule 1Inj'

2018-06-09 19:32:49 - [TEST_STEP][PASSED] - delay: Delayed 1 second(s)

2018-06-09 19:32:50 - [MESSAGE][PASSED] - Delayed 1 second(s)

2018-06-09 19:32:50 - [TEST_STEP][PASSED] - selectOptionByIndex: All options with index in [38] are selected on object 'Object Repository/Store Request Schedule 1/Page_Store/select_--Select--Adernaline 0.'

2018-06-09 19:32:50 - [MESSAGE][PASSED] - All options with index in [38] are selected on object 'Object Repository/Store Request Schedule 1/Page_Store/select_--Select--Adernaline 0.'

2018-06-09 19:32:50 - [TEST_STEP][PASSED] - setText: Text '100' is set on object 'Object Repository/Store Request Schedule 1/Page_Store/input_txttreat'

2018-06-09 19:32:50 - [MESSAGE][PASSED] - Text '100' is set on object 'Object Repository/Store Request Schedule 1/Page_Store/input_txttreat'

2018-06-09 19:32:50 - [TEST_STEP][PASSED] - click: Object: 'Object Repository/Store Request Schedule 1/Page_Store/button_Add' is clicked on

2018-06-09 19:32:50 - [MESSAGE][PASSED] - Object: 'Object Repository/Store Request Schedule 1/Page_Store/button_Add' is clicked on

2018-06-09 19:32:50 - [TEST_STEP][PASSED] - selectOptionByIndex: All options with index in [2] are selected on object 'Object Repository/Store Request Schedule 1/Page_Store/select_--Select--Schedule 1Inj'

2018-06-09 19:32:51 - [MESSAGE][PASSED] - All options with index in [2] are selected on object 'Object Repository/Store Request Schedule 1/Page_Store/select_--Select--Schedule 1Inj'

2018-06-09 19:32:51 - [TEST_STEP][PASSED] - delay: Delayed 1 second(s)

2018-06-09 19:32:52 - [MESSAGE][PASSED] - Delayed 1 second(s)

2018-06-09 19:32:52 - [TEST_STEP][PASSED] - selectOptionByIndex: All options with index in [39] are selected on object 'Object Repository/Store Request Schedule 1/Page_Store/select_--Select--Adernaline 0.'

2018-06-09 19:32:52 - [MESSAGE][PASSED] - All options with index in [39] are selected on object 'Object Repository/Store Request Schedule 1/Page_Store/select_--Select--Adernaline 0.'

2018-06-09 19:32:52 - [TEST_STEP][PASSED] - setText: Text '100' is set on object 'Object Repository/Store Request Schedule 1/Page_Store/input_txttreat'

2018-06-09 19:32:52 - [MESSAGE][PASSED] - Text '100' is set on object 'Object Repository/Store Request Schedule 1/Page_Store/input_txttreat'

2018-06-09 19:32:52 - [TEST_STEP][PASSED] - click: Object: 'Object Repository/Store Request Schedule 1/Page_Store/button_Add' is clicked on

2018-06-09 19:32:52 - [MESSAGE][PASSED] - Object: 'Object Repository/Store Request Schedule 1/Page_Store/button_Add' is clicked on

2018-06-09 19:32:52 - [TEST_STEP][PASSED] - selectOptionByIndex: All options with index in [2] are selected on object 'Object Repository/Store Request Schedule 1/Page_Store/select_--Select--Schedule 1Inj'

2018-06-09 19:32:52 - [MESSAGE][PASSED] - All options with index in [2] are selected on object 'Object Repository/Store Request Schedule 1/Page_Store/select_--Select--Schedule 1Inj'

2018-06-09 19:32:52 - [TEST_STEP][PASSED] - delay: Delayed 1 second(s)

2018-06-09 19:32:53 - [MESSAGE][PASSED] - Delayed 1 second(s)

2018-06-09 19:32:53 - [TEST_STEP][PASSED] - selectOptionByIndex: All options with index in [40] are selected on object 'Object Repository/Store Request Schedule 1/Page_Store/select_--Select--Adernaline 0.'

2018-06-09 19:32:54 - [MESSAGE][PASSED] - All options with index in [40] are selected on object 'Object Repository/Store Request Schedule 1/Page_Store/select_--Select--Adernaline 0.'

2018-06-09 19:32:54 - [TEST_STEP][PASSED] - setText: Text '100' is set on object 'Object Repository/Store Request Schedule 1/Page_Store/input_txttreat'

2018-06-09 19:32:54 - [MESSAGE][PASSED] - Text '100' is set on object 'Object Repository/Store Request Schedule 1/Page_Store/input_txttreat'

2018-06-09 19:32:54 - [TEST_STEP][PASSED] - click: Object: 'Object Repository/Store Request Schedule 1/Page_Store/button_Add' is clicked on

2018-06-09 19:32:54 - [MESSAGE][PASSED] - Object: 'Object Repository/Store Request Schedule 1/Page_Store/button_Add' is clicked on

2018-06-09 19:32:54 - [TEST_STEP][PASSED] - selectOptionByIndex: All options with index in [2] are selected on object 'Object Repository/Store Request Schedule 1/Page_Store/select_--Select--Schedule 1Inj'

2018-06-09 19:32:54 - [MESSAGE][PASSED] - All options with index in [2] are selected on object 'Object Repository/Store Request Schedule 1/Page_Store/select_--Select--Schedule 1Inj'

2018-06-09 19:32:54 - [TEST_STEP][PASSED] - delay: Delayed 1 second(s)

2018-06-09 19:32:55 - [MESSAGE][PASSED] - Delayed 1 second(s)

2018-06-09 19:32:55 - [TEST_STEP][PASSED] - selectOptionByIndex: All options with index in [41] are selected on object 'Object Repository/Store Request Schedule 1/Page_Store/select_--Select--Adernaline 0.'

2018-06-09 19:32:56 - [MESSAGE][PASSED] - All options with index in [41] are selected on object 'Object Repository/Store Request Schedule 1/Page_Store/select_--Select--Adernaline 0.'

2018-06-09 19:32:56 - [TEST_STEP][PASSED] - setText: Text '100' is set on object 'Object Repository/Store Request Schedule 1/Page_Store/input_txttreat'

2018-06-09 19:32:56 - [MESSAGE][PASSED] - Text '100' is set on object 'Object Repository/Store Request Schedule 1/Page_Store/input_txttreat'

2018-06-09 19:32:56 - [TEST_STEP][PASSED] - click: Object: 'Object Repository/Store Request Schedule 1/Page_Store/button_Add' is clicked on

2018-06-09 19:32:56 - [MESSAGE][PASSED] - Object: 'Object Repository/Store Request Schedule 1/Page_Store/button_Add' is clicked on

2018-06-09 19:32:56 - [TEST_STEP][PASSED] - selectOptionByIndex: All options with index in [2] are selected on object 'Object Repository/Store Request Schedule 1/Page_Store/select_--Select--Schedule 1Inj'

2018-06-09 19:32:56 - [MESSAGE][PASSED] - All options with index in [2] are selected on object 'Object Repository/Store Request Schedule 1/Page_Store/select_--Select--Schedule 1Inj'

2018-06-09 19:32:56 - [TEST_STEP][PASSED] - delay: Delayed 1 second(s)

2018-06-09 19:32:57 - [MESSAGE][PASSED] - Delayed 1 second(s)

2018-06-09 19:32:57 - [TEST_STEP][PASSED] - selectOptionByIndex: All options with index in [42] are selected on object 'Object Repository/Store Request Schedule 1/Page_Store/select_--Select--Adernaline 0.'

2018-06-09 19:32:58 - [MESSAGE][PASSED] - All options with index in [42] are selected on object 'Object Repository/Store Request Schedule 1/Page_Store/select_--Select--Adernaline 0.'

2018-06-09 19:32:58 - [TEST_STEP][PASSED] - setText: Text '100' is set on object 'Object Repository/Store Request Schedule 1/Page_Store/input_txttreat'

2018-06-09 19:32:58 - [MESSAGE][PASSED] - Text '100' is set on object 'Object Repository/Store Request Schedule 1/Page_Store/input_txttreat'

2018-06-09 19:32:58 - [TEST_STEP][PASSED] - click: Object: 'Object Repository/Store Request Schedule 1/Page_Store/button_Add' is clicked on

2018-06-09 19:32:58 - [MESSAGE][PASSED] - Object: 'Object Repository/Store Request Schedule 1/Page_Store/button_Add' is clicked on

2018-06-09 19:32:58 - [TEST_STEP][PASSED] - selectOptionByIndex: All options with index in [2] are selected on object 'Object Repository/Store Request Schedule 1/Page_Store/select_--Select--Schedule 1Inj'

2018-06-09 19:32:58 - [MESSAGE][PASSED] - All options with index in [2] are selected on object 'Object Repository/Store Request Schedule 1/Page_Store/select_--Select--Schedule 1Inj'

2018-06-09 19:32:58 - [TEST_STEP][PASSED] - delay: Delayed 1 second(s)

2018-06-09 19:32:59 - [MESSAGE][PASSED] - Delayed 1 second(s)

2018-06-09 19:32:59 - [TEST_STEP][PASSED] - selectOptionByIndex: All options with index in [43] are selected on object 'Object Repository/Store Request Schedule 1/Page_Store/select_--Select--Adernaline 0.'

2018-06-09 19:32:59 - [MESSAGE][PASSED] - All options with index in [43] are selected on object 'Object Repository/Store Request Schedule 1/Page_Store/select_--Select--Adernaline 0.'

2018-06-09 19:32:59 - [TEST_STEP][PASSED] - setText: Text '100' is set on object 'Object Repository/Store Request Schedule 1/Page_Store/input_txttreat'

2018-06-09 19:33:00 - [MESSAGE][PASSED] - Text '100' is set on object 'Object Repository/Store Request Schedule 1/Page_Store/input_txttreat'

2018-06-09 19:33:00 - [TEST_STEP][PASSED] - click: Object: 'Object Repository/Store Request Schedule 1/Page_Store/button_Add' is clicked on

2018-06-09 19:33:00 - [MESSAGE][PASSED] - Object: 'Object Repository/Store Request Schedule 1/Page_Store/button_Add' is clicked on

2018-06-09 19:33:00 - [TEST_STEP][PASSED] - selectOptionByIndex: All options with index in [2] are selected on object 'Object Repository/Store Request Schedule 1/Page_Store/select_--Select--Schedule 1Inj'

2018-06-09 19:33:00 - [MESSAGE][PASSED] - All options with index in [2] are selected on object 'Object Repository/Store Request Schedule 1/Page_Store/select_--Select--Schedule 1Inj'

2018-06-09 19:33:00 - [TEST_STEP][PASSED] - delay: Delayed 1 second(s)

2018-06-09 19:33:01 - [MESSAGE][PASSED] - Delayed 1 second(s)

2018-06-09 19:33:01 - [TEST_STEP][PASSED] - selectOptionByIndex: All options with index in [44] are selected on object 'Object Repository/Store Request Schedule 1/Page_Store/select_--Select--Adernaline 0.'

2018-06-09 19:33:01 - [MESSAGE][PASSED] - All options with index in [44] are selected on object 'Object Repository/Store Request Schedule 1/Page_Store/select_--Select--Adernaline 0.'

2018-06-09 19:33:01 - [TEST_STEP][PASSED] - setText: Text '100' is set on object 'Object Repository/Store Request Schedule 1/Page_Store/input_txttreat'

2018-06-09 19:33:01 - [MESSAGE][PASSED] - Text '100' is set on object 'Object Repository/Store Request Schedule 1/Page_Store/input_txttreat'

2018-06-09 19:33:01 - [TEST_STEP][PASSED] - click: Object: 'Object Repository/Store Request Schedule 1/Page_Store/button_Add' is clicked on

2018-06-09 19:33:01 - [MESSAGE][PASSED] - Object: 'Object Repository/Store Request Schedule 1/Page_Store/button_Add' is clicked on

2018-06-09 19:33:01 - [TEST_STEP][PASSED] - selectOptionByIndex: All options with index in [2] are selected on object 'Object Repository/Store Request Schedule 1/Page_Store/select_--Select--Schedule 1Inj'

2018-06-09 19:33:02 - [MESSAGE][PASSED] - All options with index in [2] are selected on object 'Object Repository/Store Request Schedule 1/Page_Store/select_--Select--Schedule 1Inj'

2018-06-09 19:33:02 - [TEST_STEP][PASSED] - delay: Delayed 1 second(s)

2018-06-09 19:33:03 - [MESSAGE][PASSED] - Delayed 1 second(s)

2018-06-09 19:33:03 - [TEST_STEP][PASSED] - selectOptionByIndex: All options with index in [45] are selected on object 'Object Repository/Store Request Schedule 1/Page_Store/select_--Select--Adernaline 0.'

2018-06-09 19:33:03 - [MESSAGE][PASSED] - All options with index in [45] are selected on object 'Object Repository/Store Request Schedule 1/Page_Store/select_--Select--Adernaline 0.'

2018-06-09 19:33:03 - [TEST_STEP][PASSED] - setText: Text '100' is set on object 'Object Repository/Store Request Schedule 1/Page_Store/input_txttreat'

2018-06-09 19:33:03 - [MESSAGE][PASSED] - Text '100' is set on object 'Object Repository/Store Request Schedule 1/Page_Store/input_txttreat'

2018-06-09 19:33:03 - [TEST_STEP][PASSED] - click: Object: 'Object Repository/Store Request Schedule 1/Page_Store/button_Add' is clicked on

2018-06-09 19:33:03 - [MESSAGE][PASSED] - Object: 'Object Repository/Store Request Schedule 1/Page_Store/button_Add' is clicked on

2018-06-09 19:33:03 - [TEST_STEP][PASSED] - selectOptionByIndex: All options with index in [2] are selected on object 'Object Repository/Store Request Schedule 1/Page_Store/select_--Select--Schedule 1Inj'

2018-06-09 19:33:03 - [MESSAGE][PASSED] - All options with index in [2] are selected on object 'Object Repository/Store Request Schedule 1/Page_Store/select_--Select--Schedule 1Inj'

2018-06-09 19:33:03 - [TEST_STEP][PASSED] - delay: Delayed 1 second(s)

2018-06-09 19:33:04 - [MESSAGE][PASSED] - Delayed 1 second(s)

2018-06-09 19:33:04 - [TEST_STEP][PASSED] - selectOptionByIndex: All options with index in [46] are selected on object 'Object Repository/Store Request Schedule 1/Page_Store/select_--Select--Adernaline 0.'

2018-06-09 19:33:05 - [MESSAGE][PASSED] - All options with index in [46] are selected on object 'Object Repository/Store Request Schedule 1/Page_Store/select_--Select--Adernaline 0.'

2018-06-09 19:33:05 - [TEST_STEP][PASSED] - setText: Text '100' is set on object 'Object Repository/Store Request Schedule 1/Page_Store/input_txttreat'

2018-06-09 19:33:05 - [MESSAGE][PASSED] - Text '100' is set on object 'Object Repository/Store Request Schedule 1/Page_Store/input_txttreat'

2018-06-09 19:33:05 - [TEST_STEP][PASSED] - click: Object: 'Object Repository/Store Request Schedule 1/Page_Store/button_Add' is clicked on

2018-06-09 19:33:05 - [MESSAGE][PASSED] - Object: 'Object Repository/Store Request Schedule 1/Page_Store/button_Add' is clicked on

2018-06-09 19:33:05 - [TEST_STEP][PASSED] - selectOptionByIndex: All options with index in [2] are selected on object 'Object Repository/Store Request Schedule 1/Page_Store/select_--Select--Schedule 1Inj'

2018-06-09 19:33:05 - [MESSAGE][PASSED] - All options with index in [2] are selected on object 'Object Repository/Store Request Schedule 1/Page_Store/select_--Select--Schedule 1Inj'

2018-06-09 19:33:05 - [TEST_STEP][PASSED] - delay: Delayed 1 second(s)

2018-06-09 19:33:06 - [MESSAGE][PASSED] - Delayed 1 second(s)

2018-06-09 19:33:06 - [TEST_STEP][PASSED] - selectOptionByIndex: All options with index in [47] are selected on object 'Object Repository/Store Request Schedule 1/Page_Store/select_--Select--Adernaline 0.'

2018-06-09 19:33:07 - [MESSAGE][PASSED] - All options with index in [47] are selected on object 'Object Repository/Store Request Schedule 1/Page_Store/select_--Select--Adernaline 0.'

2018-06-09 19:33:07 - [TEST_STEP][PASSED] - setText: Text '100' is set on object 'Object Repository/Store Request Schedule 1/Page_Store/input_txttreat'

2018-06-09 19:33:07 - [MESSAGE][PASSED] - Text '100' is set on object 'Object Repository/Store Request Schedule 1/Page_Store/input_txttreat'

2018-06-09 19:33:07 - [TEST_STEP][PASSED] - click: Object: 'Object Repository/Store Request Schedule 1/Page_Store/button_Add' is clicked on

2018-06-09 19:33:07 - [MESSAGE][PASSED] - Object: 'Object Repository/Store Request Schedule 1/Page_Store/button_Add' is clicked on

2018-06-09 19:33:07 - [TEST_STEP][PASSED] - selectOptionByIndex: All options with index in [2] are selected on object 'Object Repository/Store Request Schedule 1/Page_Store/select_--Select--Schedule 1Inj'

2018-06-09 19:33:07 - [MESSAGE][PASSED] - All options with index in [2] are selected on object 'Object Repository/Store Request Schedule 1/Page_Store/select_--Select--Schedule 1Inj'

2018-06-09 19:33:07 - [TEST_STEP][PASSED] - delay: Delayed 1 second(s)

2018-06-09 19:33:08 - [MESSAGE][PASSED] - Delayed 1 second(s)

2018-06-09 19:33:08 - [TEST_STEP][PASSED] - selectOptionByIndex: All options with index in [48] are selected on object 'Object Repository/Store Request Schedule 1/Page_Store/select_--Select--Adernaline 0.'

2018-06-09 19:33:09 - [MESSAGE][PASSED] - All options with index in [48] are selected on object 'Object Repository/Store Request Schedule 1/Page_Store/select_--Select--Adernaline 0.'

2018-06-09 19:33:09 - [TEST_STEP][PASSED] - setText: Text '100' is set on object 'Object Repository/Store Request Schedule 1/Page_Store/input_txttreat'

2018-06-09 19:33:09 - [MESSAGE][PASSED] - Text '100' is set on object 'Object Repository/Store Request Schedule 1/Page_Store/input_txttreat'

2018-06-09 19:33:09 - [TEST_STEP][PASSED] - click: Object: 'Object Repository/Store Request Schedule 1/Page_Store/button_Add' is clicked on

2018-06-09 19:33:09 - [MESSAGE][PASSED] - Object: 'Object Repository/Store Request Schedule 1/Page_Store/button_Add' is clicked on

2018-06-09 19:33:09 - [TEST_STEP][PASSED] - selectOptionByIndex: All options with index in [2] are selected on object 'Object Repository/Store Request Schedule 1/Page_Store/select_--Select--Schedule 1Inj'

2018-06-09 19:33:09 - [MESSAGE][PASSED] - All options with index in [2] are selected on object 'Object Repository/Store Request Schedule 1/Page_Store/select_--Select--Schedule 1Inj'

2018-06-09 19:33:09 - [TEST_STEP][PASSED] - delay: Delayed 1 second(s)

2018-06-09 19:33:10 - [MESSAGE][PASSED] - Delayed 1 second(s)

2018-06-09 19:33:10 - [TEST_STEP][PASSED] - selectOptionByIndex: All options with index in [49] are selected on object 'Object Repository/Store Request Schedule 1/Page_Store/select_--Select--Adernaline 0.'

2018-06-09 19:33:11 - [MESSAGE][PASSED] - All options with index in [49] are selected on object 'Object Repository/Store Request Schedule 1/Page_Store/select_--Select--Adernaline 0.'

2018-06-09 19:33:11 - [TEST_STEP][PASSED] - setText: Text '100' is set on object 'Object Repository/Store Request Schedule 1/Page_Store/input_txttreat'

2018-06-09 19:33:11 - [MESSAGE][PASSED] - Text '100' is set on object 'Object Repository/Store Request Schedule 1/Page_Store/input_txttreat'

2018-06-09 19:33:11 - [TEST_STEP][PASSED] - click: Object: 'Object Repository/Store Request Schedule 1/Page_Store/button_Add' is clicked on

2018-06-09 19:33:11 - [MESSAGE][PASSED] - Object: 'Object Repository/Store Request Schedule 1/Page_Store/button_Add' is clicked on

2018-06-09 19:33:11 - [TEST_STEP][PASSED] - selectOptionByIndex: All options with index in [2] are selected on object 'Object Repository/Store Request Schedule 1/Page_Store/select_--Select--Schedule 1Inj'

2018-06-09 19:33:11 - [MESSAGE][PASSED] - All options with index in [2] are selected on object 'Object Repository/Store Request Schedule 1/Page_Store/select_--Select--Schedule 1Inj'

2018-06-09 19:33:11 - [TEST_STEP][PASSED] - delay: Delayed 1 second(s)

2018-06-09 19:33:12 - [MESSAGE][PASSED] - Delayed 1 second(s)

2018-06-09 19:33:12 - [TEST_STEP][PASSED] - selectOptionByIndex: All options with index in [50] are selected on object 'Object Repository/Store Request Schedule 1/Page_Store/select_--Select--Adernaline 0.'

2018-06-09 19:33:13 - [MESSAGE][PASSED] - All options with index in [50] are selected on object 'Object Repository/Store Request Schedule 1/Page_Store/select_--Select--Adernaline 0.'

2018-06-09 19:33:13 - [TEST_STEP][PASSED] - setText: Text '100' is set on object 'Object Repository/Store Request Schedule 1/Page_Store/input_txttreat'

2018-06-09 19:33:13 - [MESSAGE][PASSED] - Text '100' is set on object 'Object Repository/Store Request Schedule 1/Page_Store/input_txttreat'

2018-06-09 19:33:13 - [TEST_STEP][PASSED] - click: Object: 'Object Repository/Store Request Schedule 1/Page_Store/button_Add' is clicked on

2018-06-09 19:33:13 - [MESSAGE][PASSED] - Object: 'Object Repository/Store Request Schedule 1/Page_Store/button_Add' is clicked on

2018-06-09 19:33:13 - [TEST_STEP][PASSED] - selectOptionByIndex: All options with index in [2] are selected on object 'Object Repository/Store Request Schedule 1/Page_Store/select_--Select--Schedule 1Inj'

2018-06-09 19:33:13 - [MESSAGE][PASSED] - All options with index in [2] are selected on object 'Object Repository/Store Request Schedule 1/Page_Store/select_--Select--Schedule 1Inj'

2018-06-09 19:33:13 - [TEST_STEP][PASSED] - delay: Delayed 1 second(s)

2018-06-09 19:33:14 - [MESSAGE][PASSED] - Delayed 1 second(s)

2018-06-09 19:33:14 - [TEST_STEP][PASSED] - selectOptionByIndex: All options with index in [51] are selected on object 'Object Repository/Store Request Schedule 1/Page_Store/select_--Select--Adernaline 0.'

2018-06-09 19:33:15 - [MESSAGE][PASSED] - All options with index in [51] are selected on object 'Object Repository/Store Request Schedule 1/Page_Store/select_--Select--Adernaline 0.'

2018-06-09 19:33:15 - [TEST_STEP][PASSED] - setText: Text '100' is set on object 'Object Repository/Store Request Schedule 1/Page_Store/input_txttreat'

2018-06-09 19:33:15 - [MESSAGE][PASSED] - Text '100' is set on object 'Object Repository/Store Request Schedule 1/Page_Store/input_txttreat'

2018-06-09 19:33:15 - [TEST_STEP][PASSED] - click: Object: 'Object Repository/Store Request Schedule 1/Page_Store/button_Add' is clicked on

2018-06-09 19:33:15 - [MESSAGE][PASSED] - Object: 'Object Repository/Store Request Schedule 1/Page_Store/button_Add' is clicked on

2018-06-09 19:33:15 - [TEST_STEP][PASSED] - selectOptionByIndex: All options with index in [2] are selected on object 'Object Repository/Store Request Schedule 1/Page_Store/select_--Select--Schedule 1Inj'

2018-06-09 19:33:15 - [MESSAGE][PASSED] - All options with index in [2] are selected on object 'Object Repository/Store Request Schedule 1/Page_Store/select_--Select--Schedule 1Inj'

2018-06-09 19:33:15 - [TEST_STEP][PASSED] - delay: Delayed 1 second(s)

2018-06-09 19:33:16 - [MESSAGE][PASSED] - Delayed 1 second(s)

2018-06-09 19:33:16 - [TEST_STEP][PASSED] - selectOptionByIndex: All options with index in [52] are selected on object 'Object Repository/Store Request Schedule 1/Page_Store/select_--Select--Adernaline 0.'

2018-06-09 19:33:17 - [MESSAGE][PASSED] - All options with index in [52] are selected on object 'Object Repository/Store Request Schedule 1/Page_Store/select_--Select--Adernaline 0.'

2018-06-09 19:33:17 - [TEST_STEP][PASSED] - setText: Text '100' is set on object 'Object Repository/Store Request Schedule 1/Page_Store/input_txttreat'

2018-06-09 19:33:17 - [MESSAGE][PASSED] - Text '100' is set on object 'Object Repository/Store Request Schedule 1/Page_Store/input_txttreat'

2018-06-09 19:33:17 - [TEST_STEP][PASSED] - click: Object: 'Object Repository/Store Request Schedule 1/Page_Store/button_Add' is clicked on

2018-06-09 19:33:17 - [MESSAGE][PASSED] - Object: 'Object Repository/Store Request Schedule 1/Page_Store/button_Add' is clicked on

2018-06-09 19:33:17 - [TEST_STEP][PASSED] - selectOptionByIndex: All options with index in [2] are selected on object 'Object Repository/Store Request Schedule 1/Page_Store/select_--Select--Schedule 1Inj'

2018-06-09 19:33:17 - [MESSAGE][PASSED] - All options with index in [2] are selected on object 'Object Repository/Store Request Schedule 1/Page_Store/select_--Select--Schedule 1Inj'

2018-06-09 19:33:17 - [TEST_STEP][PASSED] - delay: Delayed 1 second(s)

2018-06-09 19:33:18 - [MESSAGE][PASSED] - Delayed 1 second(s)

2018-06-09 19:33:18 - [TEST_STEP][PASSED] - selectOptionByIndex: All options with index in [53] are selected on object 'Object Repository/Store Request Schedule 1/Page_Store/select_--Select--Adernaline 0.'

2018-06-09 19:33:19 - [MESSAGE][PASSED] - All options with index in [53] are selected on object 'Object Repository/Store Request Schedule 1/Page_Store/select_--Select--Adernaline 0.'

2018-06-09 19:33:19 - [TEST_STEP][PASSED] - setText: Text '100' is set on object 'Object Repository/Store Request Schedule 1/Page_Store/input_txttreat'

2018-06-09 19:33:19 - [MESSAGE][PASSED] - Text '100' is set on object 'Object Repository/Store Request Schedule 1/Page_Store/input_txttreat'

2018-06-09 19:33:19 - [TEST_STEP][PASSED] - click: Object: 'Object Repository/Store Request Schedule 1/Page_Store/button_Add' is clicked on

2018-06-09 19:33:19 - [MESSAGE][PASSED] - Object: 'Object Repository/Store Request Schedule 1/Page_Store/button_Add' is clicked on

2018-06-09 19:33:19 - [TEST_STEP][PASSED] - selectOptionByIndex: All options with index in [2] are selected on object 'Object Repository/Store Request Schedule 1/Page_Store/select_--Select--Schedule 1Inj'

2018-06-09 19:33:19 - [MESSAGE][PASSED] - All options with index in [2] are selected on object 'Object Repository/Store Request Schedule 1/Page_Store/select_--Select--Schedule 1Inj'

2018-06-09 19:33:19 - [TEST_STEP][PASSED] - delay: Delayed 1 second(s)

2018-06-09 19:33:20 - [MESSAGE][PASSED] - Delayed 1 second(s)

2018-06-09 19:33:20 - [TEST_STEP][PASSED] - selectOptionByIndex: All options with index in [54] are selected on object 'Object Repository/Store Request Schedule 1/Page_Store/select_--Select--Adernaline 0.'

2018-06-09 19:33:21 - [MESSAGE][PASSED] - All options with index in [54] are selected on object 'Object Repository/Store Request Schedule 1/Page_Store/select_--Select--Adernaline 0.'

2018-06-09 19:33:21 - [TEST_STEP][PASSED] - setText: Text '100' is set on object 'Object Repository/Store Request Schedule 1/Page_Store/input_txttreat'

2018-06-09 19:33:21 - [MESSAGE][PASSED] - Text '100' is set on object 'Object Repository/Store Request Schedule 1/Page_Store/input_txttreat'

2018-06-09 19:33:21 - [TEST_STEP][PASSED] - click: Object: 'Object Repository/Store Request Schedule 1/Page_Store/button_Add' is clicked on

2018-06-09 19:33:21 - [MESSAGE][PASSED] - Object: 'Object Repository/Store Request Schedule 1/Page_Store/button_Add' is clicked on

2018-06-09 19:33:21 - [TEST_STEP][PASSED] - selectOptionByIndex: All options with index in [2] are selected on object 'Object Repository/Store Request Schedule 1/Page_Store/select_--Select--Schedule 1Inj'

2018-06-09 19:33:21 - [MESSAGE][PASSED] - All options with index in [2] are selected on object 'Object Repository/Store Request Schedule 1/Page_Store/select_--Select--Schedule 1Inj'

2018-06-09 19:33:21 - [TEST_STEP][PASSED] - delay: Delayed 1 second(s)

2018-06-09 19:33:22 - [MESSAGE][PASSED] - Delayed 1 second(s)

2018-06-09 19:33:22 - [TEST_STEP][PASSED] - selectOptionByIndex: All options with index in [55] are selected on object 'Object Repository/Store Request Schedule 1/Page_Store/select_--Select--Adernaline 0.'

2018-06-09 19:33:23 - [MESSAGE][PASSED] - All options with index in [55] are selected on object 'Object Repository/Store Request Schedule 1/Page_Store/select_--Select--Adernaline 0.'

2018-06-09 19:33:23 - [TEST_STEP][PASSED] - setText: Text '100' is set on object 'Object Repository/Store Request Schedule 1/Page_Store/input_txttreat'

2018-06-09 19:33:23 - [MESSAGE][PASSED] - Text '100' is set on object 'Object Repository/Store Request Schedule 1/Page_Store/input_txttreat'

2018-06-09 19:33:23 - [TEST_STEP][PASSED] - click: Object: 'Object Repository/Store Request Schedule 1/Page_Store/button_Add' is clicked on

2018-06-09 19:33:23 - [MESSAGE][PASSED] - Object: 'Object Repository/Store Request Schedule 1/Page_Store/button_Add' is clicked on

2018-06-09 19:33:23 - [TEST_STEP][PASSED] - selectOptionByIndex: All options with index in [2] are selected on object 'Object Repository/Store Request Schedule 1/Page_Store/select_--Select--Schedule 1Inj'

2018-06-09 19:33:23 - [MESSAGE][PASSED] - All options with index in [2] are selected on object 'Object Repository/Store Request Schedule 1/Page_Store/select_--Select--Schedule 1Inj'

2018-06-09 19:33:23 - [TEST_STEP][PASSED] - delay: Delayed 1 second(s)

2018-06-09 19:33:24 - [MESSAGE][PASSED] - Delayed 1 second(s)

2018-06-09 19:33:24 - [TEST_STEP][PASSED] - selectOptionByIndex: All options with index in [56] are selected on object 'Object Repository/Store Request Schedule 1/Page_Store/select_--Select--Adernaline 0.'

2018-06-09 19:33:25 - [MESSAGE][PASSED] - All options with index in [56] are selected on object 'Object Repository/Store Request Schedule 1/Page_Store/select_--Select--Adernaline 0.'

2018-06-09 19:33:25 - [TEST_STEP][PASSED] - setText: Text '100' is set on object 'Object Repository/Store Request Schedule 1/Page_Store/input_txttreat'

2018-06-09 19:33:25 - [MESSAGE][PASSED] - Text '100' is set on object 'Object Repository/Store Request Schedule 1/Page_Store/input_txttreat'

2018-06-09 19:33:25 - [TEST_STEP][PASSED] - click: Object: 'Object Repository/Store Request Schedule 1/Page_Store/button_Add' is clicked on

2018-06-09 19:33:25 - [MESSAGE][PASSED] - Object: 'Object Repository/Store Request Schedule 1/Page_Store/button_Add' is clicked on

2018-06-09 19:33:25 - [TEST_STEP][PASSED] - selectOptionByIndex: All options with index in [2] are selected on object 'Object Repository/Store Request Schedule 1/Page_Store/select_--Select--Schedule 1Inj'

2018-06-09 19:33:25 - [MESSAGE][PASSED] - All options with index in [2] are selected on object 'Object Repository/Store Request Schedule 1/Page_Store/select_--Select--Schedule 1Inj'

2018-06-09 19:33:25 - [TEST_STEP][PASSED] - delay: Delayed 1 second(s)

2018-06-09 19:33:26 - [MESSAGE][PASSED] - Delayed 1 second(s)

2018-06-09 19:33:26 - [TEST_STEP][PASSED] - selectOptionByIndex: All options with index in [57] are selected on object 'Object Repository/Store Request Schedule 1/Page_Store/select_--Select--Adernaline 0.'

2018-06-09 19:33:27 - [MESSAGE][PASSED] - All options with index in [57] are selected on object 'Object Repository/Store Request Schedule 1/Page_Store/select_--Select--Adernaline 0.'

2018-06-09 19:33:27 - [TEST_STEP][PASSED] - setText: Text '100' is set on object 'Object Repository/Store Request Schedule 1/Page_Store/input_txttreat'

2018-06-09 19:33:27 - [MESSAGE][PASSED] - Text '100' is set on object 'Object Repository/Store Request Schedule 1/Page_Store/input_txttreat'

2018-06-09 19:33:27 - [TEST_STEP][PASSED] - click: Object: 'Object Repository/Store Request Schedule 1/Page_Store/button_Add' is clicked on

2018-06-09 19:33:27 - [MESSAGE][PASSED] - Object: 'Object Repository/Store Request Schedule 1/Page_Store/button_Add' is clicked on

2018-06-09 19:33:27 - [TEST_STEP][PASSED] - selectOptionByIndex: All options with index in [2] are selected on object 'Object Repository/Store Request Schedule 1/Page_Store/select_--Select--Schedule 1Inj'

2018-06-09 19:33:27 - [MESSAGE][PASSED] - All options with index in [2] are selected on object 'Object Repository/Store Request Schedule 1/Page_Store/select_--Select--Schedule 1Inj'

2018-06-09 19:33:27 - [TEST_STEP][PASSED] - delay: Delayed 1 second(s)

2018-06-09 19:33:28 - [MESSAGE][PASSED] - Delayed 1 second(s)

2018-06-09 19:33:28 - [TEST_STEP][PASSED] - selectOptionByIndex: All options with index in [58] are selected on object 'Object Repository/Store Request Schedule 1/Page_Store/select_--Select--Adernaline 0.'

2018-06-09 19:33:29 - [MESSAGE][PASSED] - All options with index in [58] are selected on object 'Object Repository/Store Request Schedule 1/Page_Store/select_--Select--Adernaline 0.'

2018-06-09 19:33:29 - [TEST_STEP][PASSED] - setText: Text '100' is set on object 'Object Repository/Store Request Schedule 1/Page_Store/input_txttreat'

2018-06-09 19:33:29 - [MESSAGE][PASSED] - Text '100' is set on object 'Object Repository/Store Request Schedule 1/Page_Store/input_txttreat'

2018-06-09 19:33:29 - [TEST_STEP][PASSED] - click: Object: 'Object Repository/Store Request Schedule 1/Page_Store/button_Add' is clicked on

2018-06-09 19:33:29 - [MESSAGE][PASSED] - Object: 'Object Repository/Store Request Schedule 1/Page_Store/button_Add' is clicked on

2018-06-09 19:33:29 - [TEST_STEP][PASSED] - selectOptionByIndex: All options with index in [2] are selected on object 'Object Repository/Store Request Schedule 1/Page_Store/select_--Select--Schedule 1Inj'

2018-06-09 19:33:29 - [MESSAGE][PASSED] - All options with index in [2] are selected on object 'Object Repository/Store Request Schedule 1/Page_Store/select_--Select--Schedule 1Inj'

2018-06-09 19:33:29 - [TEST_STEP][PASSED] - delay: Delayed 1 second(s)

2018-06-09 19:33:30 - [MESSAGE][PASSED] - Delayed 1 second(s)

2018-06-09 19:33:30 - [TEST_STEP][PASSED] - selectOptionByIndex: All options with index in [59] are selected on object 'Object Repository/Store Request Schedule 1/Page_Store/select_--Select--Adernaline 0.'

2018-06-09 19:33:31 - [MESSAGE][PASSED] - All options with index in [59] are selected on object 'Object Repository/Store Request Schedule 1/Page_Store/select_--Select--Adernaline 0.'

2018-06-09 19:33:31 - [TEST_STEP][PASSED] - setText: Text '100' is set on object 'Object Repository/Store Request Schedule 1/Page_Store/input_txttreat'

2018-06-09 19:33:31 - [MESSAGE][PASSED] - Text '100' is set on object 'Object Repository/Store Request Schedule 1/Page_Store/input_txttreat'

2018-06-09 19:33:31 - [TEST_STEP][PASSED] - click: Object: 'Object Repository/Store Request Schedule 1/Page_Store/button_Add' is clicked on

2018-06-09 19:33:31 - [MESSAGE][PASSED] - Object: 'Object Repository/Store Request Schedule 1/Page_Store/button_Add' is clicked on

2018-06-09 19:33:31 - [TEST_STEP][PASSED] - selectOptionByIndex: All options with index in [2] are selected on object 'Object Repository/Store Request Schedule 1/Page_Store/select_--Select--Schedule 1Inj'

2018-06-09 19:33:31 - [MESSAGE][PASSED] - All options with index in [2] are selected on object 'Object Repository/Store Request Schedule 1/Page_Store/select_--Select--Schedule 1Inj'

2018-06-09 19:33:31 - [TEST_STEP][PASSED] - delay: Delayed 1 second(s)

2018-06-09 19:33:32 - [MESSAGE][PASSED] - Delayed 1 second(s)

2018-06-09 19:33:32 - [TEST_STEP][PASSED] - selectOptionByIndex: All options with index in [60] are selected on object 'Object Repository/Store Request Schedule 1/Page_Store/select_--Select--Adernaline 0.'

2018-06-09 19:33:33 - [MESSAGE][PASSED] - All options with index in [60] are selected on object 'Object Repository/Store Request Schedule 1/Page_Store/select_--Select--Adernaline 0.'

2018-06-09 19:33:33 - [TEST_STEP][PASSED] - setText: Text '100' is set on object 'Object Repository/Store Request Schedule 1/Page_Store/input_txttreat'

2018-06-09 19:33:33 - [MESSAGE][PASSED] - Text '100' is set on object 'Object Repository/Store Request Schedule 1/Page_Store/input_txttreat'

2018-06-09 19:33:33 - [TEST_STEP][PASSED] - click: Object: 'Object Repository/Store Request Schedule 1/Page_Store/button_Add' is clicked on

2018-06-09 19:33:33 - [MESSAGE][PASSED] - Object: 'Object Repository/Store Request Schedule 1/Page_Store/button_Add' is clicked on

2018-06-09 19:33:33 - [TEST_STEP][PASSED] - selectOptionByIndex: All options with index in [2] are selected on object 'Object Repository/Store Request Schedule 1/Page_Store/select_--Select--Schedule 1Inj'

2018-06-09 19:33:33 - [MESSAGE][PASSED] - All options with index in [2] are selected on object 'Object Repository/Store Request Schedule 1/Page_Store/select_--Select--Schedule 1Inj'

2018-06-09 19:33:33 - [TEST_STEP][PASSED] - delay: Delayed 1 second(s)

2018-06-09 19:33:34 - [MESSAGE][PASSED] - Delayed 1 second(s)

2018-06-09 19:33:34 - [TEST_STEP][PASSED] - selectOptionByIndex: All options with index in [61] are selected on object 'Object Repository/Store Request Schedule 1/Page_Store/select_--Select--Adernaline 0.'

2018-06-09 19:33:35 - [MESSAGE][PASSED] - All options with index in [61] are selected on object 'Object Repository/Store Request Schedule 1/Page_Store/select_--Select--Adernaline 0.'

2018-06-09 19:33:35 - [TEST_STEP][PASSED] - setText: Text '100' is set on object 'Object Repository/Store Request Schedule 1/Page_Store/input_txttreat'

2018-06-09 19:33:35 - [MESSAGE][PASSED] - Text '100' is set on object 'Object Repository/Store Request Schedule 1/Page_Store/input_txttreat'

2018-06-09 19:33:35 - [TEST_STEP][PASSED] - click: Object: 'Object Repository/Store Request Schedule 1/Page_Store/button_Add' is clicked on

2018-06-09 19:33:35 - [MESSAGE][PASSED] - Object: 'Object Repository/Store Request Schedule 1/Page_Store/button_Add' is clicked on

2018-06-09 19:33:35 - [TEST_STEP][PASSED] - selectOptionByIndex: All options with index in [2] are selected on object 'Object Repository/Store Request Schedule 1/Page_Store/select_--Select--Schedule 1Inj'

2018-06-09 19:33:35 - [MESSAGE][PASSED] - All options with index in [2] are selected on object 'Object Repository/Store Request Schedule 1/Page_Store/select_--Select--Schedule 1Inj'

2018-06-09 19:33:35 - [TEST_STEP][PASSED] - delay: Delayed 1 second(s)

2018-06-09 19:33:36 - [MESSAGE][PASSED] - Delayed 1 second(s)

2018-06-09 19:33:36 - [TEST_STEP][PASSED] - selectOptionByIndex: All options with index in [62] are selected on object 'Object Repository/Store Request Schedule 1/Page_Store/select_--Select--Adernaline 0.'

2018-06-09 19:33:37 - [MESSAGE][PASSED] - All options with index in [62] are selected on object 'Object Repository/Store Request Schedule 1/Page_Store/select_--Select--Adernaline 0.'

2018-06-09 19:33:37 - [TEST_STEP][PASSED] - setText: Text '100' is set on object 'Object Repository/Store Request Schedule 1/Page_Store/input_txttreat'

2018-06-09 19:33:37 - [MESSAGE][PASSED] - Text '100' is set on object 'Object Repository/Store Request Schedule 1/Page_Store/input_txttreat'

2018-06-09 19:33:37 - [TEST_STEP][PASSED] - click: Object: 'Object Repository/Store Request Schedule 1/Page_Store/button_Add' is clicked on

2018-06-09 19:33:37 - [MESSAGE][PASSED] - Object: 'Object Repository/Store Request Schedule 1/Page_Store/button_Add' is clicked on

2018-06-09 19:33:37 - [TEST_STEP][PASSED] - selectOptionByIndex: All options with index in [2] are selected on object 'Object Repository/Store Request Schedule 1/Page_Store/select_--Select--Schedule 1Inj'

2018-06-09 19:33:37 - [MESSAGE][PASSED] - All options with index in [2] are selected on object 'Object Repository/Store Request Schedule 1/Page_Store/select_--Select--Schedule 1Inj'

2018-06-09 19:33:37 - [TEST_STEP][PASSED] - delay: Delayed 1 second(s)

2018-06-09 19:33:38 - [MESSAGE][PASSED] - Delayed 1 second(s)

2018-06-09 19:33:38 - [TEST_STEP][PASSED] - selectOptionByIndex: All options with index in [63] are selected on object 'Object Repository/Store Request Schedule 1/Page_Store/select_--Select--Adernaline 0.'

2018-06-09 19:33:39 - [MESSAGE][PASSED] - All options with index in [63] are selected on object 'Object Repository/Store Request Schedule 1/Page_Store/select_--Select--Adernaline 0.'

2018-06-09 19:33:39 - [TEST_STEP][PASSED] - setText: Text '100' is set on object 'Object Repository/Store Request Schedule 1/Page_Store/input_txttreat'

2018-06-09 19:33:39 - [MESSAGE][PASSED] - Text '100' is set on object 'Object Repository/Store Request Schedule 1/Page_Store/input_txttreat'

2018-06-09 19:33:39 - [TEST_STEP][PASSED] - click: Object: 'Object Repository/Store Request Schedule 1/Page_Store/button_Add' is clicked on

2018-06-09 19:33:39 - [MESSAGE][PASSED] - Object: 'Object Repository/Store Request Schedule 1/Page_Store/button_Add' is clicked on

2018-06-09 19:33:39 - [TEST_STEP][PASSED] - selectOptionByIndex: All options with index in [2] are selected on object 'Object Repository/Store Request Schedule 1/Page_Store/select_--Select--Schedule 1Inj'

2018-06-09 19:33:39 - [MESSAGE][PASSED] - All options with index in [2] are selected on object 'Object Repository/Store Request Schedule 1/Page_Store/select_--Select--Schedule 1Inj'

2018-06-09 19:33:39 - [TEST_STEP][PASSED] - delay: Delayed 1 second(s)

2018-06-09 19:33:40 - [MESSAGE][PASSED] - Delayed 1 second(s)

2018-06-09 19:33:40 - [TEST_STEP][PASSED] - selectOptionByIndex: All options with index in [64] are selected on object 'Object Repository/Store Request Schedule 1/Page_Store/select_--Select--Adernaline 0.'

2018-06-09 19:33:41 - [MESSAGE][PASSED] - All options with index in [64] are selected on object 'Object Repository/Store Request Schedule 1/Page_Store/select_--Select--Adernaline 0.'

2018-06-09 19:33:41 - [TEST_STEP][PASSED] - setText: Text '100' is set on object 'Object Repository/Store Request Schedule 1/Page_Store/input_txttreat'

2018-06-09 19:33:41 - [MESSAGE][PASSED] - Text '100' is set on object 'Object Repository/Store Request Schedule 1/Page_Store/input_txttreat'

2018-06-09 19:33:41 - [TEST_STEP][PASSED] - click: Object: 'Object Repository/Store Request Schedule 1/Page_Store/button_Add' is clicked on

2018-06-09 19:33:41 - [MESSAGE][PASSED] - Object: 'Object Repository/Store Request Schedule 1/Page_Store/button_Add' is clicked on

2018-06-09 19:33:41 - [TEST_STEP][PASSED] - selectOptionByIndex: All options with index in [2] are selected on object 'Object Repository/Store Request Schedule 1/Page_Store/select_--Select--Schedule 1Inj'

2018-06-09 19:33:41 - [MESSAGE][PASSED] - All options with index in [2] are selected on object 'Object Repository/Store Request Schedule 1/Page_Store/select_--Select--Schedule 1Inj'

2018-06-09 19:33:41 - [TEST_STEP][PASSED] - delay: Delayed 1 second(s)

2018-06-09 19:33:42 - [MESSAGE][PASSED] - Delayed 1 second(s)

2018-06-09 19:33:42 - [TEST_STEP][PASSED] - selectOptionByIndex: All options with index in [65] are selected on object 'Object Repository/Store Request Schedule 1/Page_Store/select_--Select--Adernaline 0.'

2018-06-09 19:33:43 - [MESSAGE][PASSED] - All options with index in [65] are selected on object 'Object Repository/Store Request Schedule 1/Page_Store/select_--Select--Adernaline 0.'

2018-06-09 19:33:43 - [TEST_STEP][PASSED] - setText: Text '100' is set on object 'Object Repository/Store Request Schedule 1/Page_Store/input_txttreat'

2018-06-09 19:33:43 - [MESSAGE][PASSED] - Text '100' is set on object 'Object Repository/Store Request Schedule 1/Page_Store/input_txttreat'

2018-06-09 19:33:43 - [TEST_STEP][PASSED] - click: Object: 'Object Repository/Store Request Schedule 1/Page_Store/button_Add' is clicked on

2018-06-09 19:33:43 - [MESSAGE][PASSED] - Object: 'Object Repository/Store Request Schedule 1/Page_Store/button_Add' is clicked on

2018-06-09 19:33:43 - [TEST_STEP][PASSED] - selectOptionByIndex: All options with index in [2] are selected on object 'Object Repository/Store Request Schedule 1/Page_Store/select_--Select--Schedule 1Inj'

2018-06-09 19:33:43 - [MESSAGE][PASSED] - All options with index in [2] are selected on object 'Object Repository/Store Request Schedule 1/Page_Store/select_--Select--Schedule 1Inj'

2018-06-09 19:33:43 - [TEST_STEP][PASSED] - delay: Delayed 1 second(s)

2018-06-09 19:33:44 - [MESSAGE][PASSED] - Delayed 1 second(s)

2018-06-09 19:33:44 - [TEST_STEP][PASSED] - selectOptionByIndex: All options with index in [66] are selected on object 'Object Repository/Store Request Schedule 1/Page_Store/select_--Select--Adernaline 0.'

2018-06-09 19:33:45 - [MESSAGE][PASSED] - All options with index in [66] are selected on object 'Object Repository/Store Request Schedule 1/Page_Store/select_--Select--Adernaline 0.'

2018-06-09 19:33:45 - [TEST_STEP][PASSED] - setText: Text '100' is set on object 'Object Repository/Store Request Schedule 1/Page_Store/input_txttreat'

2018-06-09 19:33:45 - [MESSAGE][PASSED] - Text '100' is set on object 'Object Repository/Store Request Schedule 1/Page_Store/input_txttreat'

2018-06-09 19:33:45 - [TEST_STEP][PASSED] - click: Object: 'Object Repository/Store Request Schedule 1/Page_Store/button_Add' is clicked on

2018-06-09 19:33:45 - [MESSAGE][PASSED] - Object: 'Object Repository/Store Request Schedule 1/Page_Store/button_Add' is clicked on

2018-06-09 19:33:45 - [TEST_STEP][PASSED] - selectOptionByIndex: All options with index in [2] are selected on object 'Object Repository/Store Request Schedule 1/Page_Store/select_--Select--Schedule 1Inj'

2018-06-09 19:33:45 - [MESSAGE][PASSED] - All options with index in [2] are selected on object 'Object Repository/Store Request Schedule 1/Page_Store/select_--Select--Schedule 1Inj'

2018-06-09 19:33:45 - [TEST_STEP][PASSED] - delay: Delayed 1 second(s)

2018-06-09 19:33:46 - [MESSAGE][PASSED] - Delayed 1 second(s)

2018-06-09 19:33:46 - [TEST_STEP][PASSED] - selectOptionByIndex: All options with index in [67] are selected on object 'Object Repository/Store Request Schedule 1/Page_Store/select_--Select--Adernaline 0.'

2018-06-09 19:33:47 - [MESSAGE][PASSED] - All options with index in [67] are selected on object 'Object Repository/Store Request Schedule 1/Page_Store/select_--Select--Adernaline 0.'

2018-06-09 19:33:47 - [TEST_STEP][PASSED] - setText: Text '100' is set on object 'Object Repository/Store Request Schedule 1/Page_Store/input_txttreat'

2018-06-09 19:33:47 - [MESSAGE][PASSED] - Text '100' is set on object 'Object Repository/Store Request Schedule 1/Page_Store/input_txttreat'

2018-06-09 19:33:47 - [TEST_STEP][PASSED] - click: Object: 'Object Repository/Store Request Schedule 1/Page_Store/button_Add' is clicked on

2018-06-09 19:33:47 - [MESSAGE][PASSED] - Object: 'Object Repository/Store Request Schedule 1/Page_Store/button_Add' is clicked on

2018-06-09 19:33:47 - [TEST_STEP][PASSED] - selectOptionByIndex: All options with index in [2] are selected on object 'Object Repository/Store Request Schedule 1/Page_Store/select_--Select--Schedule 1Inj'

2018-06-09 19:33:47 - [MESSAGE][PASSED] - All options with index in [2] are selected on object 'Object Repository/Store Request Schedule 1/Page_Store/select_--Select--Schedule 1Inj'

2018-06-09 19:33:47 - [TEST_STEP][PASSED] - delay: Delayed 1 second(s)

2018-06-09 19:33:48 - [MESSAGE][PASSED] - Delayed 1 second(s)

2018-06-09 19:33:48 - [TEST_STEP][PASSED] - selectOptionByIndex: All options with index in [68] are selected on object 'Object Repository/Store Request Schedule 1/Page_Store/select_--Select--Adernaline 0.'

2018-06-09 19:33:49 - [MESSAGE][PASSED] - All options with index in [68] are selected on object 'Object Repository/Store Request Schedule 1/Page_Store/select_--Select--Adernaline 0.'

2018-06-09 19:33:49 - [TEST_STEP][PASSED] - setText: Text '100' is set on object 'Object Repository/Store Request Schedule 1/Page_Store/input_txttreat'

2018-06-09 19:33:49 - [MESSAGE][PASSED] - Text '100' is set on object 'Object Repository/Store Request Schedule 1/Page_Store/input_txttreat'

2018-06-09 19:33:49 - [TEST_STEP][PASSED] - click: Object: 'Object Repository/Store Request Schedule 1/Page_Store/button_Add' is clicked on

2018-06-09 19:33:49 - [MESSAGE][PASSED] - Object: 'Object Repository/Store Request Schedule 1/Page_Store/button_Add' is clicked on

2018-06-09 19:33:49 - [TEST_STEP][PASSED] - selectOptionByIndex: All options with index in [2] are selected on object 'Object Repository/Store Request Schedule 1/Page_Store/select_--Select--Schedule 1Inj'

2018-06-09 19:33:50 - [MESSAGE][PASSED] - All options with index in [2] are selected on object 'Object Repository/Store Request Schedule 1/Page_Store/select_--Select--Schedule 1Inj'

2018-06-09 19:33:50 - [TEST_STEP][PASSED] - delay: Delayed 1 second(s)

2018-06-09 19:33:51 - [MESSAGE][PASSED] - Delayed 1 second(s)

2018-06-09 19:33:51 - [TEST_STEP][PASSED] - selectOptionByIndex: All options with index in [69] are selected on object 'Object Repository/Store Request Schedule 1/Page_Store/select_--Select--Adernaline 0.'

2018-06-09 19:33:51 - [MESSAGE][PASSED] - All options with index in [69] are selected on object 'Object Repository/Store Request Schedule 1/Page_Store/select_--Select--Adernaline 0.'

2018-06-09 19:33:51 - [TEST_STEP][PASSED] - setText: Text '100' is set on object 'Object Repository/Store Request Schedule 1/Page_Store/input_txttreat'

2018-06-09 19:33:51 - [MESSAGE][PASSED] - Text '100' is set on object 'Object Repository/Store Request Schedule 1/Page_Store/input_txttreat'

2018-06-09 19:33:51 - [TEST_STEP][PASSED] - click: Object: 'Object Repository/Store Request Schedule 1/Page_Store/button_Add' is clicked on

2018-06-09 19:33:52 - [MESSAGE][PASSED] - Object: 'Object Repository/Store Request Schedule 1/Page_Store/button_Add' is clicked on

2018-06-09 19:33:52 - [TEST_STEP][PASSED] - selectOptionByIndex: All options with index in [2] are selected on object 'Object Repository/Store Request Schedule 1/Page_Store/select_--Select--Schedule 1Inj'

2018-06-09 19:33:52 - [MESSAGE][PASSED] - All options with index in [2] are selected on object 'Object Repository/Store Request Schedule 1/Page_Store/select_--Select--Schedule 1Inj'

2018-06-09 19:33:52 - [TEST_STEP][PASSED] - delay: Delayed 1 second(s)

2018-06-09 19:33:53 - [MESSAGE][PASSED] - Delayed 1 second(s)

2018-06-09 19:33:53 - [TEST_STEP][PASSED] - selectOptionByIndex: All options with index in [70] are selected on object 'Object Repository/Store Request Schedule 1/Page_Store/select_--Select--Adernaline 0.'

2018-06-09 19:33:54 - [MESSAGE][PASSED] - All options with index in [70] are selected on object 'Object Repository/Store Request Schedule 1/Page_Store/select_--Select--Adernaline 0.'

2018-06-09 19:33:54 - [TEST_STEP][PASSED] - setText: Text '100' is set on object 'Object Repository/Store Request Schedule 1/Page_Store/input_txttreat'

2018-06-09 19:33:54 - [MESSAGE][PASSED] - Text '100' is set on object 'Object Repository/Store Request Schedule 1/Page_Store/input_txttreat'

2018-06-09 19:33:54 - [TEST_STEP][PASSED] - click: Object: 'Object Repository/Store Request Schedule 1/Page_Store/button_Add' is clicked on

2018-06-09 19:33:54 - [MESSAGE][PASSED] - Object: 'Object Repository/Store Request Schedule 1/Page_Store/button_Add' is clicked on

2018-06-09 19:33:54 - [TEST_STEP][PASSED] - selectOptionByIndex: All options with index in [2] are selected on object 'Object Repository/Store Request Schedule 1/Page_Store/select_--Select--Schedule 1Inj'

2018-06-09 19:33:54 - [MESSAGE][PASSED] - All options with index in [2] are selected on object 'Object Repository/Store Request Schedule 1/Page_Store/select_--Select--Schedule 1Inj'

2018-06-09 19:33:54 - [TEST_STEP][PASSED] - delay: Delayed 1 second(s)

2018-06-09 19:33:55 - [MESSAGE][PASSED] - Delayed 1 second(s)

2018-06-09 19:33:55 - [TEST_STEP][PASSED] - selectOptionByIndex: All options with index in [71] are selected on object 'Object Repository/Store Request Schedule 1/Page_Store/select_--Select--Adernaline 0.'

2018-06-09 19:33:56 - [MESSAGE][PASSED] - All options with index in [71] are selected on object 'Object Repository/Store Request Schedule 1/Page_Store/select_--Select--Adernaline 0.'

2018-06-09 19:33:56 - [TEST_STEP][PASSED] - setText: Text '100' is set on object 'Object Repository/Store Request Schedule 1/Page_Store/input_txttreat'

2018-06-09 19:33:56 - [MESSAGE][PASSED] - Text '100' is set on object 'Object Repository/Store Request Schedule 1/Page_Store/input_txttreat'

2018-06-09 19:33:56 - [TEST_STEP][PASSED] - click: Object: 'Object Repository/Store Request Schedule 1/Page_Store/button_Add' is clicked on

2018-06-09 19:33:56 - [MESSAGE][PASSED] - Object: 'Object Repository/Store Request Schedule 1/Page_Store/button_Add' is clicked on

2018-06-09 19:33:56 - [TEST_STEP][PASSED] - selectOptionByIndex: All options with index in [2] are selected on object 'Object Repository/Store Request Schedule 1/Page_Store/select_--Select--Schedule 1Inj'

2018-06-09 19:33:56 - [MESSAGE][PASSED] - All options with index in [2] are selected on object 'Object Repository/Store Request Schedule 1/Page_Store/select_--Select--Schedule 1Inj'

2018-06-09 19:33:56 - [TEST_STEP][PASSED] - delay: Delayed 1 second(s)

2018-06-09 19:33:57 - [MESSAGE][PASSED] - Delayed 1 second(s)

2018-06-09 19:33:57 - [TEST_STEP][PASSED] - selectOptionByIndex: All options with index in [72] are selected on object 'Object Repository/Store Request Schedule 1/Page_Store/select_--Select--Adernaline 0.'

2018-06-09 19:33:58 - [MESSAGE][PASSED] - All options with index in [72] are selected on object 'Object Repository/Store Request Schedule 1/Page_Store/select_--Select--Adernaline 0.'

2018-06-09 19:33:58 - [TEST_STEP][PASSED] - setText: Text '100' is set on object 'Object Repository/Store Request Schedule 1/Page_Store/input_txttreat'

2018-06-09 19:33:58 - [MESSAGE][PASSED] - Text '100' is set on object 'Object Repository/Store Request Schedule 1/Page_Store/input_txttreat'

2018-06-09 19:33:58 - [TEST_STEP][PASSED] - click: Object: 'Object Repository/Store Request Schedule 1/Page_Store/button_Add' is clicked on

2018-06-09 19:33:58 - [MESSAGE][PASSED] - Object: 'Object Repository/Store Request Schedule 1/Page_Store/button_Add' is clicked on

2018-06-09 19:33:58 - [TEST_STEP][PASSED] - delay: Delayed 2 second(s)

2018-06-09 19:34:00 - [MESSAGE][PASSED] - Delayed 2 second(s)

2018-06-09 19:34:00 - [TEST_STEP][PASSED] - scrollToElement: Scroll to object 'Object Repository/Store Request Schedule 1/Page_Store/input_btnsave' successfully

2018-06-09 19:34:00 - [MESSAGE][PASSED] - Scroll to object 'Object Repository/Store Request Schedule 1/Page_Store/input_btnsave' successfully

2018-06-09 19:34:00 - [TEST_STEP][PASSED] - click: Object: 'Object Repository/Store Request Schedule 1/Page_Store/input_btnsave' is clicked on

2018-06-09 19:34:00 - [MESSAGE][PASSED] - Object: 'Object Repository/Store Request Schedule 1/Page_Store/input_btnsave' is clicked on

2018-06-09 19:34:00 - [TEST_STEP][PASSED] - delay: Delayed 4 second(s)

2018-06-09 19:34:04 - [MESSAGE][PASSED] - Delayed 4 second(s)

2018-06-09 19:34:04 - [TEST_STEP][PASSED] - Statement - Cms_RequestNumber = com.kms.katalon.core.webui.keyword.WebUiBuiltInKeywords.getText(com.kms.katalon.core.testobject.ObjectRepository.findTestObject(Store Request Schedule 1/Page_Store/font_PRNO050520189)): Text of object 'Object Repository/Store Request Schedule 1/Page_Store/font_PRNO050520189' is: 'PRNO/09062018/716'

2018-06-09 19:34:04 - [MESSAGE][PASSED] - Text of object 'Object Repository/Store Request Schedule 1/Page_Store/font_PRNO050520189' is: 'PRNO/09062018/716'

2018-06-09 19:34:04 - [TEST_STEP][PASSED] - Statement - CR = Cms_RequestNumber.trim(): null

2018-06-09 19:34:04 - [TEST_STEP][PASSED] - Statement - out.println("RQ :" + Cms_RequestNumber): null

2018-06-09 19:34:04 - [TEST_STEP][PASSED] - Statement - RequestNumberID = Cms_RequestNumber.split("/")[2].trim(): null

2018-06-09 19:34:04 - [TEST_STEP][PASSED] - Statement - out.println("RQ ID :" + RequestNumberID): null

2018-06-09 19:34:04 - [TEST_STEP][PASSED] - delay: Delayed 3 second(s)

2018-06-09 19:34:07 - [MESSAGE][PASSED] - Delayed 3 second(s)

2018-06-09 19:34:07 - [TEST_STEP][PASSED] - Statement - ok = com.kms.katalon.core.webui.keyword.WebUiBuiltInKeywords.click(com.kms.katalon.core.testobject.ObjectRepository.findTestObject(Store Request Schedule 1/Page_Store/button_OK)): Object: 'Object Repository/Store Request Schedule 1/Page_Store/button_OK' is clicked on

2018-06-09 19:34:08 - [MESSAGE][PASSED] - Object: 'Object Repository/Store Request Schedule 1/Page_Store/button_OK' is clicked on

2018-06-09 19:34:08 - [TEST_STEP][PASSED] - delay: Delayed 3 second(s)

2018-06-09 19:34:11 - [MESSAGE][PASSED] - Delayed 3 second(s)

2018-06-09 19:34:11 - [TEST_STEP][PASSED] - click: Object: 'Object Repository/Store Request Schedule 1/Page_Store/a_dropdown-toggle' is clicked on

2018-06-09 19:34:11 - [MESSAGE][PASSED] - Object: 'Object Repository/Store Request Schedule 1/Page_Store/a_dropdown-toggle' is clicked on

2018-06-09 19:34:11 - [TEST_STEP][PASSED] - click: Object: 'Object Repository/Store Request Schedule 1/Page_Store/a_Sign out' is clicked on

2018-06-09 19:34:12 - [MESSAGE][PASSED] - Object: 'Object Repository/Store Request Schedule 1/Page_Store/a_Sign out' is clicked on

2018-06-09 19:34:12 - [TEST_STEP][PASSED] - delay: Delayed 3 second(s)

2018-06-09 19:34:15 - [MESSAGE][PASSED] - Delayed 3 second(s)

2018-06-09 19:34:15 - [TEST_STEP][PASSED] - click: Object: 'Object Repository/Store Request Schedule 1/Page_KDMC/a_CMO' is clicked on

2018-06-09 19:34:15 - [MESSAGE][PASSED] - Object: 'Object Repository/Store Request Schedule 1/Page_KDMC/a_CMO' is clicked on

2018-06-09 19:34:15 - [TEST_STEP][PASSED] - setText: Text 'guru' is set on object 'Object Repository/Store Request Schedule 1/Page_CMO login/input_txtusername'

2018-06-09 19:34:16 - [MESSAGE][PASSED] - Text 'guru' is set on object 'Object Repository/Store Request Schedule 1/Page_CMO login/input_txtusername'

2018-06-09 19:34:16 - [TEST_STEP][PASSED] - setText: Text '123' is set on object 'Object Repository/Store Request Schedule 1/Page_CMO login/input_txtpassword'

2018-06-09 19:34:16 - [MESSAGE][PASSED] - Text '123' is set on object 'Object Repository/Store Request Schedule 1/Page_CMO login/input_txtpassword'

2018-06-09 19:34:16 - [TEST_STEP][PASSED] - delay: Delayed 3 second(s)

2018-06-09 19:34:19 - [MESSAGE][PASSED] - Delayed 3 second(s)

2018-06-09 19:34:19 - [TEST_STEP][PASSED] - click: Object: 'Object Repository/Store Request Schedule 1/Page_CMO login/button_Sign in' is clicked on

2018-06-09 19:34:20 - [MESSAGE][PASSED] - Object: 'Object Repository/Store Request Schedule 1/Page_CMO login/button_Sign in' is clicked on

2018-06-09 19:34:20 - [TEST_STEP][PASSED] - delay: Delayed 2 second(s)

2018-06-09 19:34:22 - [MESSAGE][PASSED] - Delayed 2 second(s)

2018-06-09 19:34:22 - [TEST_STEP][PASSED] - click: Object: 'Object Repository/Store Request Schedule 1/Page_KDMC - CMO/span_Department Wise Request' is clicked on

2018-06-09 19:34:22 - [MESSAGE][PASSED] - Object: 'Object Repository/Store Request Schedule 1/Page_KDMC - CMO/span_Department Wise Request' is clicked on

2018-06-09 19:34:22 - [TEST_STEP][PASSED] - click: Object: 'Object Repository/Store Request Schedule 1/Page_KDMC - CMO/a_CMS Request' is clicked on

2018-06-09 19:34:22 - [MESSAGE][PASSED] - Object: 'Object Repository/Store Request Schedule 1/Page_KDMC - CMO/a_CMS Request' is clicked on

2018-06-09 19:34:22 - [TEST_STEP][PASSED] - click: Object: 'Object Repository/Store Request Schedule 1/Page_KDMC - CMO/a_CMS Request' is clicked on

2018-06-09 19:34:22 - [MESSAGE][PASSED] - Object: 'Object Repository/Store Request Schedule 1/Page_KDMC - CMO/a_CMS Request' is clicked on

2018-06-09 19:34:22 - [TEST_STEP][PASSED] - click: Object: 'Object Repository/Store Request Schedule 1/Page_KDMC - CMO/span_Divisional Store Request' is clicked on

2018-06-09 19:34:24 - [MESSAGE][PASSED] - Object: 'Object Repository/Store Request Schedule 1/Page_KDMC - CMO/span_Divisional Store Request' is clicked on

2018-06-09 19:34:24 - [TEST_STEP][PASSED] - delay: Delayed 2 second(s)

2018-06-09 19:34:26 - [MESSAGE][PASSED] - Delayed 2 second(s)

2018-06-09 19:34:26 - [TEST_STEP][PASSED] - Statement - approval = com.kms.katalon.core.webui.keyword.WebUiBuiltInKeywords.modifyObjectProperty(com.kms.katalon.core.testobject.ObjectRepository.findTestObject(Store Request Schedule 1/Page_KDMC - CMO/input_PRNO050520189), "xpath", "equals", "//*[@id=" + RequestNumberID + "]", true): Modify property of object successfully

2018-06-09 19:34:26 - [MESSAGE][PASSED] - Modify property of object successfully

2018-06-09 19:34:26 - [TEST_STEP][PASSED] - click: Object: 'Object Repository/Store Request Schedule 1/Page_KDMC - CMO/input_PRNO050520189' is clicked on

2018-06-09 19:34:26 - [MESSAGE][PASSED] - Object: 'Object Repository/Store Request Schedule 1/Page_KDMC - CMO/input_PRNO050520189' is clicked on

2018-06-09 19:34:26 - [TEST_STEP][PASSED] - delay: Delayed 2 second(s)

2018-06-09 19:34:28 - [MESSAGE][PASSED] - Delayed 2 second(s)

2018-06-09 19:34:28 - [TEST_STEP][PASSED] - selectOptionByIndex: All options with index in [1] are selected on object 'Object Repository/Store Request Schedule 1/Page_KDMC - CMO/select_--Select--'

2018-06-09 19:34:29 - [MESSAGE][PASSED] - All options with index in [1] are selected on object 'Object Repository/Store Request Schedule 1/Page_KDMC - CMO/select_--Select--'

2018-06-09 19:34:29 - [TEST_STEP][PASSED] - click: Object: 'Object Repository/Store Request Schedule 1/Page_KDMC - CMO/input_btnupdate' is clicked on

2018-06-09 19:34:29 - [MESSAGE][PASSED] - Object: 'Object Repository/Store Request Schedule 1/Page_KDMC - CMO/input_btnupdate' is clicked on

2018-06-09 19:34:29 - [TEST_STEP][PASSED] - delay: Delayed 2 second(s)

2018-06-09 19:34:31 - [MESSAGE][PASSED] - Delayed 2 second(s)

2018-06-09 19:34:31 - [TEST_STEP][PASSED] - click: Object: 'Object Repository/Store Request Schedule 1/Page_KDMC - CMO/button_OK' is clicked on

2018-06-09 19:34:31 - [MESSAGE][PASSED] - Object: 'Object Repository/Store Request Schedule 1/Page_KDMC - CMO/button_OK' is clicked on

2018-06-09 19:34:31 - [TEST_STEP][PASSED] - delay: Delayed 2 second(s)

2018-06-09 19:34:33 - [MESSAGE][PASSED] - Delayed 2 second(s)

2018-06-09 19:34:33 - [TEST_STEP][PASSED] - click: Object: 'Object Repository/Store Request Schedule 1/Page_KDMC - CMO/a_dropdown-toggle' is clicked on

2018-06-09 19:34:33 - [MESSAGE][PASSED] - Object: 'Object Repository/Store Request Schedule 1/Page_KDMC - CMO/a_dropdown-toggle' is clicked on

2018-06-09 19:34:33 - [TEST_STEP][PASSED] - click: Object: 'Object Repository/Store Request Schedule 1/Page_KDMC - CMO/a_Sign out' is clicked on

2018-06-09 19:34:34 - [MESSAGE][PASSED] - Object: 'Object Repository/Store Request Schedule 1/Page_KDMC - CMO/a_Sign out' is clicked on

2018-06-09 19:34:34 - [TEST_STEP][PASSED] - delay: Delayed 3 second(s)

2018-06-09 19:34:37 - [MESSAGE][PASSED] - Delayed 3 second(s)

2018-06-09 19:34:37 - [TEST_STEP][PASSED] - click: Object: 'Object Repository/store Request Schedule 1/Page_KDMC/a_CMS' is clicked on

2018-06-09 19:34:37 - [MESSAGE][PASSED] - Object: 'Object Repository/store Request Schedule 1/Page_KDMC/a_CMS' is clicked on

2018-06-09 19:34:37 - [TEST_STEP][PASSED] - setText: Text 'bala' is set on object 'Object Repository/store Request Schedule 1/Page_CMS login/input_txtusername'

2018-06-09 19:34:37 - [MESSAGE][PASSED] - Text 'bala' is set on object 'Object Repository/store Request Schedule 1/Page_CMS login/input_txtusername'

2018-06-09 19:34:37 - [TEST_STEP][PASSED] - setText: Text '123' is set on object 'Object Repository/store Request Schedule 1/Page_CMS login/input_txtpassword'

2018-06-09 19:34:37 - [MESSAGE][PASSED] - Text '123' is set on object 'Object Repository/store Request Schedule 1/Page_CMS login/input_txtpassword'

2018-06-09 19:34:37 - [TEST_STEP][PASSED] - delay: Delayed 3 second(s)

2018-06-09 19:34:40 - [MESSAGE][PASSED] - Delayed 3 second(s)

2018-06-09 19:34:40 - [TEST_STEP][PASSED] - click: Object: 'Object Repository/store Request Schedule 1/Page_CMS login/button_Sign in' is clicked on

2018-06-09 19:34:41 - [MESSAGE][PASSED] - Object: 'Object Repository/store Request Schedule 1/Page_CMS login/button_Sign in' is clicked on

2018-06-09 19:34:41 - [TEST_STEP][PASSED] - delay: Delayed 2 second(s)

2018-06-09 19:34:43 - [MESSAGE][PASSED] - Delayed 2 second(s)

2018-06-09 19:34:43 - [TEST_STEP][PASSED] - click: Object: 'Object Repository/store Request Schedule 1/Page_KDMC - CMS/a_Divisional Store' is clicked on

2018-06-09 19:34:43 - [MESSAGE][PASSED] - Object: 'Object Repository/store Request Schedule 1/Page_KDMC - CMS/a_Divisional Store' is clicked on

2018-06-09 19:34:43 - [TEST_STEP][PASSED] - delay: Delayed 2 second(s)

2018-06-09 19:34:45 - [MESSAGE][PASSED] - Delayed 2 second(s)

2018-06-09 19:34:45 - [TEST_STEP][PASSED] - click: Object: 'Object Repository/store Request Schedule 1/Page_KDMC - CMS/a_Dispatch Items' is clicked on

2018-06-09 19:34:46 - [MESSAGE][PASSED] - Object: 'Object Repository/store Request Schedule 1/Page_KDMC - CMS/a_Dispatch Items' is clicked on

2018-06-09 19:34:46 - [TEST_STEP][PASSED] - setText: Text 'PRNO/09062018/716' is set on object 'Object Repository/store Request Schedule 1/Page_KDMC - CMS/input'

2018-06-09 19:34:47 - [MESSAGE][PASSED] - Text 'PRNO/09062018/716' is set on object 'Object Repository/store Request Schedule 1/Page_KDMC - CMS/input'

2018-06-09 19:34:47 - [TEST_STEP][PASSED] - click: Object: 'Object Repository/store Request Schedule 1/Page_KDMC - CMS/td_text-center' is clicked on

2018-06-09 19:34:47 - [MESSAGE][PASSED] - Object: 'Object Repository/store Request Schedule 1/Page_KDMC - CMS/td_text-center' is clicked on

2018-06-09 19:34:47 - [TEST_STEP][PASSED] - delay: Delayed 3 second(s)

2018-06-09 19:34:50 - [MESSAGE][PASSED] - Delayed 3 second(s)

2018-06-09 19:34:50 - [TEST_STEP][PASSED] - delay: Delayed 2 second(s)

2018-06-09 19:34:52 - [MESSAGE][PASSED] - Delayed 2 second(s)

2018-06-09 19:34:52 - [TEST_STEP][PASSED] - Statement - For ([row = 0, row < SelectedOptions - 1, (row++)]): null

2018-06-09 19:34:52 - [TEST_STEP][PASSED] - Statement - batchlength = new com.kms.katalon.core.testobject.TestObject(): null

2018-06-09 19:34:52 - [TEST_STEP][PASSED] - Statement - batchlength = com.kms.katalon.core.webui.keyword.WebUiBuiltInKeywords.modifyObjectProperty(batchlength, "xpath", "equals", "//*[@id = "fldvendor" + row + ""]", true): Modify property of object successfully

2018-06-09 19:34:52 - [MESSAGE][PASSED] - Modify property of object successfully

2018-06-09 19:34:52 - [TEST_STEP][PASSED] - Statement - batchsize = com.kms.katalon.core.webui.keyword.WebUiBuiltInKeywords.getNumberOfTotalOption(batchlength): 10 options of object '' counted

2018-06-09 19:34:52 - [MESSAGE][PASSED] - 10 options of object '' counted

2018-06-09 19:34:52 - [TEST_STEP][PASSED] - Statement - out.println("BatchSize : " + batchsize): null

2018-06-09 19:34:52 - [TEST_STEP][PASSED] - Statement - For ([n = 1, n <= batchsize - 1, (n++)]): null

2018-06-09 19:34:52 - [TEST_STEP][PASSED] - Statement - product = new com.kms.katalon.core.testobject.TestObject(): null

2018-06-09 19:34:52 - [TEST_STEP][PASSED] - Statement - product = com.kms.katalon.core.webui.keyword.WebUiBuiltInKeywords.modifyObjectProperty(product, "xpath", "equals", "//*[@id = "fldvendor" + row + ""]", true): Modify property of object successfully

2018-06-09 19:34:52 - [MESSAGE][PASSED] - Modify property of object successfully

2018-06-09 19:34:52 - [TEST_STEP][PASSED] - selectOptionByIndex: All options with index in [1] are selected on object ''

2018-06-09 19:34:52 - [MESSAGE][PASSED] - All options with index in [1] are selected on object ''

2018-06-09 19:34:52 - [TEST_STEP][PASSED] - delay: Delayed 2 second(s)

2018-06-09 19:34:54 - [MESSAGE][PASSED] - Delayed 2 second(s)

2018-06-09 19:34:54 - [TEST_STEP][PASSED] - Statement - batch = new com.kms.katalon.core.testobject.TestObject(): null

2018-06-09 19:34:54 - [TEST_STEP][PASSED] - Statement - batch = com.kms.katalon.core.webui.keyword.WebUiBuiltInKeywords.modifyObjectProperty(batch, "xpath", "equals", "//*[@id = "txtbthqty" + row + ""]", true): Modify property of object successfully

2018-06-09 19:34:54 - [MESSAGE][PASSED] - Modify property of object successfully

2018-06-09 19:34:54 - [TEST_STEP][PASSED] - Statement - batchqty = com.kms.katalon.core.webui.keyword.WebUiBuiltInKeywords.getAttribute(batch, "value").trim(): Attribute 'value' of object '' is: '36200'

2018-06-09 19:34:54 - [MESSAGE][PASSED] - Attribute 'value' of object '' is: '36200'

2018-06-09 19:34:54 - [TEST_STEP][PASSED] - Statement - Rqty = 100: null

2018-06-09 19:34:54 - [TEST_STEP][PASSED] - Statement - out.println("BatchQty : " + batchqty): null

2018-06-09 19:34:54 - [TEST_STEP][PASSED] - Statement - out.println("RQty : " + Rqty): null

2018-06-09 19:34:54 - [TEST_STEP][PASSED] - Statement - If (java.lang.Integer.valueOf(batchqty) >= java.lang.Integer.valueOf(Rqty)): null

2018-06-09 19:34:54 - [TEST_STEP][PASSED] - Statement - Break: null

2018-06-09 19:34:54 - [TEST_STEP][PASSED] - Statement - batchlength = new com.kms.katalon.core.testobject.TestObject(): null

2018-06-09 19:34:54 - [TEST_STEP][PASSED] - Statement - batchlength = com.kms.katalon.core.webui.keyword.WebUiBuiltInKeywords.modifyObjectProperty(batchlength, "xpath", "equals", "//*[@id = "fldvendor" + row + ""]", true): Modify property of object successfully

2018-06-09 19:34:54 - [MESSAGE][PASSED] - Modify property of object successfully

2018-06-09 19:34:54 - [TEST_STEP][PASSED] - Statement - batchsize = com.kms.katalon.core.webui.keyword.WebUiBuiltInKeywords.getNumberOfTotalOption(batchlength): 10 options of object '' counted

2018-06-09 19:34:54 - [MESSAGE][PASSED] - 10 options of object '' counted

2018-06-09 19:34:54 - [TEST_STEP][PASSED] - Statement - out.println("BatchSize : " + batchsize): null

2018-06-09 19:34:54 - [TEST_STEP][PASSED] - Statement - For ([n = 1, n <= batchsize - 1, (n++)]): null

2018-06-09 19:34:54 - [TEST_STEP][PASSED] - Statement - product = new com.kms.katalon.core.testobject.TestObject(): null

2018-06-09 19:34:54 - [TEST_STEP][PASSED] - Statement - product = com.kms.katalon.core.webui.keyword.WebUiBuiltInKeywords.modifyObjectProperty(product, "xpath", "equals", "//*[@id = "fldvendor" + row + ""]", true): Modify property of object successfully

2018-06-09 19:34:54 - [MESSAGE][PASSED] - Modify property of object successfully

2018-06-09 19:34:54 - [TEST_STEP][PASSED] - selectOptionByIndex: All options with index in [1] are selected on object ''

2018-06-09 19:34:54 - [MESSAGE][PASSED] - All options with index in [1] are selected on object ''

2018-06-09 19:34:54 - [TEST_STEP][PASSED] - delay: Delayed 2 second(s)

2018-06-09 19:34:56 - [MESSAGE][PASSED] - Delayed 2 second(s)

2018-06-09 19:34:56 - [TEST_STEP][PASSED] - Statement - batch = new com.kms.katalon.core.testobject.TestObject(): null

2018-06-09 19:34:56 - [TEST_STEP][PASSED] - Statement - batch = com.kms.katalon.core.webui.keyword.WebUiBuiltInKeywords.modifyObjectProperty(batch, "xpath", "equals", "//*[@id = "txtbthqty" + row + ""]", true): Modify property of object successfully

2018-06-09 19:34:56 - [MESSAGE][PASSED] - Modify property of object successfully

2018-06-09 19:34:56 - [TEST_STEP][PASSED] - Statement - batchqty = com.kms.katalon.core.webui.keyword.WebUiBuiltInKeywords.getAttribute(batch, "value").trim(): Attribute 'value' of object '' is: '3400'

2018-06-09 19:34:56 - [MESSAGE][PASSED] - Attribute 'value' of object '' is: '3400'

2018-06-09 19:34:56 - [TEST_STEP][PASSED] - Statement - Rqty = 100: null

2018-06-09 19:34:56 - [TEST_STEP][PASSED] - Statement - out.println("BatchQty : " + batchqty): null

2018-06-09 19:34:56 - [TEST_STEP][PASSED] - Statement - out.println("RQty : " + Rqty): null

2018-06-09 19:34:56 - [TEST_STEP][PASSED] - Statement - If (java.lang.Integer.valueOf(batchqty) >= java.lang.Integer.valueOf(Rqty)): null

2018-06-09 19:34:56 - [TEST_STEP][PASSED] - Statement - Break: null

2018-06-09 19:34:56 - [TEST_STEP][PASSED] - Statement - batchlength = new com.kms.katalon.core.testobject.TestObject(): null

2018-06-09 19:34:56 - [TEST_STEP][PASSED] - Statement - batchlength = com.kms.katalon.core.webui.keyword.WebUiBuiltInKeywords.modifyObjectProperty(batchlength, "xpath", "equals", "//*[@id = "fldvendor" + row + ""]", true): Modify property of object successfully

2018-06-09 19:34:56 - [MESSAGE][PASSED] - Modify property of object successfully

2018-06-09 19:34:56 - [TEST_STEP][PASSED] - Statement - batchsize = com.kms.katalon.core.webui.keyword.WebUiBuiltInKeywords.getNumberOfTotalOption(batchlength): 10 options of object '' counted

2018-06-09 19:34:56 - [MESSAGE][PASSED] - 10 options of object '' counted

2018-06-09 19:34:56 - [TEST_STEP][PASSED] - Statement - out.println("BatchSize : " + batchsize): null

2018-06-09 19:34:56 - [TEST_STEP][PASSED] - Statement - For ([n = 1, n <= batchsize - 1, (n++)]): null

2018-06-09 19:34:56 - [TEST_STEP][PASSED] - Statement - product = new com.kms.katalon.core.testobject.TestObject(): null

2018-06-09 19:34:56 - [TEST_STEP][PASSED] - Statement - product = com.kms.katalon.core.webui.keyword.WebUiBuiltInKeywords.modifyObjectProperty(product, "xpath", "equals", "//*[@id = "fldvendor" + row + ""]", true): Modify property of object successfully

2018-06-09 19:34:56 - [MESSAGE][PASSED] - Modify property of object successfully

2018-06-09 19:34:56 - [TEST_STEP][PASSED] - selectOptionByIndex: All options with index in [1] are selected on object ''

2018-06-09 19:34:56 - [MESSAGE][PASSED] - All options with index in [1] are selected on object ''

2018-06-09 19:34:56 - [TEST_STEP][PASSED] - delay: Delayed 2 second(s)

2018-06-09 19:34:58 - [MESSAGE][PASSED] - Delayed 2 second(s)

2018-06-09 19:34:58 - [TEST_STEP][PASSED] - Statement - batch = new com.kms.katalon.core.testobject.TestObject(): null

2018-06-09 19:34:58 - [TEST_STEP][PASSED] - Statement - batch = com.kms.katalon.core.webui.keyword.WebUiBuiltInKeywords.modifyObjectProperty(batch, "xpath", "equals", "//*[@id = "txtbthqty" + row + ""]", true): Modify property of object successfully

2018-06-09 19:34:58 - [MESSAGE][PASSED] - Modify property of object successfully

2018-06-09 19:34:58 - [TEST_STEP][PASSED] - Statement - batchqty = com.kms.katalon.core.webui.keyword.WebUiBuiltInKeywords.getAttribute(batch, "value").trim(): Attribute 'value' of object '' is: '4300'

2018-06-09 19:34:58 - [MESSAGE][PASSED] - Attribute 'value' of object '' is: '4300'

2018-06-09 19:34:58 - [TEST_STEP][PASSED] - Statement - Rqty = 100: null

2018-06-09 19:34:58 - [TEST_STEP][PASSED] - Statement - out.println("BatchQty : " + batchqty): null

2018-06-09 19:34:58 - [TEST_STEP][PASSED] - Statement - out.println("RQty : " + Rqty): null

2018-06-09 19:34:58 - [TEST_STEP][PASSED] - Statement - If (java.lang.Integer.valueOf(batchqty) >= java.lang.Integer.valueOf(Rqty)): null

2018-06-09 19:34:58 - [TEST_STEP][PASSED] - Statement - Break: null

2018-06-09 19:34:58 - [TEST_STEP][PASSED] - Statement - batchlength = new com.kms.katalon.core.testobject.TestObject(): null

2018-06-09 19:34:58 - [TEST_STEP][PASSED] - Statement - batchlength = com.kms.katalon.core.webui.keyword.WebUiBuiltInKeywords.modifyObjectProperty(batchlength, "xpath", "equals", "//*[@id = "fldvendor" + row + ""]", true): Modify property of object successfully

2018-06-09 19:34:58 - [MESSAGE][PASSED] - Modify property of object successfully

2018-06-09 19:34:58 - [TEST_STEP][PASSED] - Statement - batchsize = com.kms.katalon.core.webui.keyword.WebUiBuiltInKeywords.getNumberOfTotalOption(batchlength): 10 options of object '' counted

2018-06-09 19:34:58 - [MESSAGE][PASSED] - 10 options of object '' counted

2018-06-09 19:34:58 - [TEST_STEP][PASSED] - Statement - out.println("BatchSize : " + batchsize): null

2018-06-09 19:34:58 - [TEST_STEP][PASSED] - Statement - For ([n = 1, n <= batchsize - 1, (n++)]): null

2018-06-09 19:34:58 - [TEST_STEP][PASSED] - Statement - product = new com.kms.katalon.core.testobject.TestObject(): null

2018-06-09 19:34:58 - [TEST_STEP][PASSED] - Statement - product = com.kms.katalon.core.webui.keyword.WebUiBuiltInKeywords.modifyObjectProperty(product, "xpath", "equals", "//*[@id = "fldvendor" + row + ""]", true): Modify property of object successfully

2018-06-09 19:34:58 - [MESSAGE][PASSED] - Modify property of object successfully

2018-06-09 19:34:58 - [TEST_STEP][PASSED] - selectOptionByIndex: All options with index in [1] are selected on object ''

2018-06-09 19:34:59 - [MESSAGE][PASSED] - All options with index in [1] are selected on object ''

2018-06-09 19:34:59 - [TEST_STEP][PASSED] - delay: Delayed 2 second(s)

2018-06-09 19:35:01 - [MESSAGE][PASSED] - Delayed 2 second(s)

2018-06-09 19:35:01 - [TEST_STEP][PASSED] - Statement - batch = new com.kms.katalon.core.testobject.TestObject(): null

2018-06-09 19:35:01 - [TEST_STEP][PASSED] - Statement - batch = com.kms.katalon.core.webui.keyword.WebUiBuiltInKeywords.modifyObjectProperty(batch, "xpath", "equals", "//*[@id = "txtbthqty" + row + ""]", true): Modify property of object successfully

2018-06-09 19:35:01 - [MESSAGE][PASSED] - Modify property of object successfully

2018-06-09 19:35:01 - [TEST_STEP][PASSED] - Statement - batchqty = com.kms.katalon.core.webui.keyword.WebUiBuiltInKeywords.getAttribute(batch, "value").trim(): Attribute 'value' of object '' is: '4600'

2018-06-09 19:35:01 - [MESSAGE][PASSED] - Attribute 'value' of object '' is: '4600'

2018-06-09 19:35:01 - [TEST_STEP][PASSED] - Statement - Rqty = 100: null

2018-06-09 19:35:01 - [TEST_STEP][PASSED] - Statement - out.println("BatchQty : " + batchqty): null

2018-06-09 19:35:01 - [TEST_STEP][PASSED] - Statement - out.println("RQty : " + Rqty): null

2018-06-09 19:35:01 - [TEST_STEP][PASSED] - Statement - If (java.lang.Integer.valueOf(batchqty) >= java.lang.Integer.valueOf(Rqty)): null

2018-06-09 19:35:01 - [TEST_STEP][PASSED] - Statement - Break: null

2018-06-09 19:35:01 - [TEST_STEP][PASSED] - Statement - batchlength = new com.kms.katalon.core.testobject.TestObject(): null

2018-06-09 19:35:01 - [TEST_STEP][PASSED] - Statement - batchlength = com.kms.katalon.core.webui.keyword.WebUiBuiltInKeywords.modifyObjectProperty(batchlength, "xpath", "equals", "//*[@id = "fldvendor" + row + ""]", true): Modify property of object successfully

2018-06-09 19:35:01 - [MESSAGE][PASSED] - Modify property of object successfully

2018-06-09 19:35:01 - [TEST_STEP][PASSED] - Statement - batchsize = com.kms.katalon.core.webui.keyword.WebUiBuiltInKeywords.getNumberOfTotalOption(batchlength): 10 options of object '' counted

2018-06-09 19:35:01 - [MESSAGE][PASSED] - 10 options of object '' counted

2018-06-09 19:35:01 - [TEST_STEP][PASSED] - Statement - out.println("BatchSize : " + batchsize): null

2018-06-09 19:35:01 - [TEST_STEP][PASSED] - Statement - For ([n = 1, n <= batchsize - 1, (n++)]): null

2018-06-09 19:35:01 - [TEST_STEP][PASSED] - Statement - product = new com.kms.katalon.core.testobject.TestObject(): null

2018-06-09 19:35:01 - [TEST_STEP][PASSED] - Statement - product = com.kms.katalon.core.webui.keyword.WebUiBuiltInKeywords.modifyObjectProperty(product, "xpath", "equals", "//*[@id = "fldvendor" + row + ""]", true): Modify property of object successfully

2018-06-09 19:35:01 - [MESSAGE][PASSED] - Modify property of object successfully

2018-06-09 19:35:01 - [TEST_STEP][PASSED] - selectOptionByIndex: All options with index in [1] are selected on object ''

2018-06-09 19:35:01 - [MESSAGE][PASSED] - All options with index in [1] are selected on object ''

2018-06-09 19:35:01 - [TEST_STEP][PASSED] - delay: Delayed 2 second(s)

2018-06-09 19:35:03 - [MESSAGE][PASSED] - Delayed 2 second(s)

2018-06-09 19:35:03 - [TEST_STEP][PASSED] - Statement - batch = new com.kms.katalon.core.testobject.TestObject(): null

2018-06-09 19:35:03 - [TEST_STEP][PASSED] - Statement - batch = com.kms.katalon.core.webui.keyword.WebUiBuiltInKeywords.modifyObjectProperty(batch, "xpath", "equals", "//*[@id = "txtbthqty" + row + ""]", true): Modify property of object successfully

2018-06-09 19:35:03 - [MESSAGE][PASSED] - Modify property of object successfully

2018-06-09 19:35:03 - [TEST_STEP][PASSED] - Statement - batchqty = com.kms.katalon.core.webui.keyword.WebUiBuiltInKeywords.getAttribute(batch, "value").trim(): Attribute 'value' of object '' is: '2500'

2018-06-09 19:35:03 - [MESSAGE][PASSED] - Attribute 'value' of object '' is: '2500'

2018-06-09 19:35:03 - [TEST_STEP][PASSED] - Statement - Rqty = 100: null

2018-06-09 19:35:03 - [TEST_STEP][PASSED] - Statement - out.println("BatchQty : " + batchqty): null

2018-06-09 19:35:03 - [TEST_STEP][PASSED] - Statement - out.println("RQty : " + Rqty): null

2018-06-09 19:35:03 - [TEST_STEP][PASSED] - Statement - If (java.lang.Integer.valueOf(batchqty) >= java.lang.Integer.valueOf(Rqty)): null

2018-06-09 19:35:03 - [TEST_STEP][PASSED] - Statement - Break: null

2018-06-09 19:35:03 - [TEST_STEP][PASSED] - Statement - batchlength = new com.kms.katalon.core.testobject.TestObject(): null

2018-06-09 19:35:03 - [TEST_STEP][PASSED] - Statement - batchlength = com.kms.katalon.core.webui.keyword.WebUiBuiltInKeywords.modifyObjectProperty(batchlength, "xpath", "equals", "//*[@id = "fldvendor" + row + ""]", true): Modify property of object successfully

2018-06-09 19:35:03 - [MESSAGE][PASSED] - Modify property of object successfully

2018-06-09 19:35:03 - [TEST_STEP][PASSED] - Statement - batchsize = com.kms.katalon.core.webui.keyword.WebUiBuiltInKeywords.getNumberOfTotalOption(batchlength): 10 options of object '' counted

2018-06-09 19:35:03 - [MESSAGE][PASSED] - 10 options of object '' counted

2018-06-09 19:35:03 - [TEST_STEP][PASSED] - Statement - out.println("BatchSize : " + batchsize): null

2018-06-09 19:35:03 - [TEST_STEP][PASSED] - Statement - For ([n = 1, n <= batchsize - 1, (n++)]): null

2018-06-09 19:35:03 - [TEST_STEP][PASSED] - Statement - product = new com.kms.katalon.core.testobject.TestObject(): null

2018-06-09 19:35:03 - [TEST_STEP][PASSED] - Statement - product = com.kms.katalon.core.webui.keyword.WebUiBuiltInKeywords.modifyObjectProperty(product, "xpath", "equals", "//*[@id = "fldvendor" + row + ""]", true): Modify property of object successfully

2018-06-09 19:35:03 - [MESSAGE][PASSED] - Modify property of object successfully

2018-06-09 19:35:03 - [TEST_STEP][PASSED] - selectOptionByIndex: All options with index in [1] are selected on object ''

2018-06-09 19:35:03 - [MESSAGE][PASSED] - All options with index in [1] are selected on object ''

2018-06-09 19:35:03 - [TEST_STEP][PASSED] - delay: Delayed 2 second(s)

2018-06-09 19:35:05 - [MESSAGE][PASSED] - Delayed 2 second(s)

2018-06-09 19:35:05 - [TEST_STEP][PASSED] - Statement - batch = new com.kms.katalon.core.testobject.TestObject(): null

2018-06-09 19:35:05 - [TEST_STEP][PASSED] - Statement - batch = com.kms.katalon.core.webui.keyword.WebUiBuiltInKeywords.modifyObjectProperty(batch, "xpath", "equals", "//*[@id = "txtbthqty" + row + ""]", true): Modify property of object successfully

2018-06-09 19:35:05 - [MESSAGE][PASSED] - Modify property of object successfully

2018-06-09 19:35:05 - [TEST_STEP][PASSED] - Statement - batchqty = com.kms.katalon.core.webui.keyword.WebUiBuiltInKeywords.getAttribute(batch, "value").trim(): Attribute 'value' of object '' is: '3100'

2018-06-09 19:35:05 - [MESSAGE][PASSED] - Attribute 'value' of object '' is: '3100'

2018-06-09 19:35:05 - [TEST_STEP][PASSED] - Statement - Rqty = 100: null

2018-06-09 19:35:05 - [TEST_STEP][PASSED] - Statement - out.println("BatchQty : " + batchqty): null

2018-06-09 19:35:05 - [TEST_STEP][PASSED] - Statement - out.println("RQty : " + Rqty): null

2018-06-09 19:35:05 - [TEST_STEP][PASSED] - Statement - If (java.lang.Integer.valueOf(batchqty) >= java.lang.Integer.valueOf(Rqty)): null

2018-06-09 19:35:05 - [TEST_STEP][PASSED] - Statement - Break: null

2018-06-09 19:35:05 - [TEST_STEP][PASSED] - Statement - batchlength = new com.kms.katalon.core.testobject.TestObject(): null

2018-06-09 19:35:05 - [TEST_STEP][PASSED] - Statement - batchlength = com.kms.katalon.core.webui.keyword.WebUiBuiltInKeywords.modifyObjectProperty(batchlength, "xpath", "equals", "//*[@id = "fldvendor" + row + ""]", true): Modify property of object successfully

2018-06-09 19:35:05 - [MESSAGE][PASSED] - Modify property of object successfully

2018-06-09 19:35:05 - [TEST_STEP][PASSED] - Statement - batchsize = com.kms.katalon.core.webui.keyword.WebUiBuiltInKeywords.getNumberOfTotalOption(batchlength): 10 options of object '' counted

2018-06-09 19:35:05 - [MESSAGE][PASSED] - 10 options of object '' counted

2018-06-09 19:35:05 - [TEST_STEP][PASSED] - Statement - out.println("BatchSize : " + batchsize): null

2018-06-09 19:35:05 - [TEST_STEP][PASSED] - Statement - For ([n = 1, n <= batchsize - 1, (n++)]): null

2018-06-09 19:35:05 - [TEST_STEP][PASSED] - Statement - product = new com.kms.katalon.core.testobject.TestObject(): null

2018-06-09 19:35:05 - [TEST_STEP][PASSED] - Statement - product = com.kms.katalon.core.webui.keyword.WebUiBuiltInKeywords.modifyObjectProperty(product, "xpath", "equals", "//*[@id = "fldvendor" + row + ""]", true): Modify property of object successfully

2018-06-09 19:35:05 - [MESSAGE][PASSED] - Modify property of object successfully

2018-06-09 19:35:05 - [TEST_STEP][PASSED] - selectOptionByIndex: All options with index in [1] are selected on object ''

2018-06-09 19:35:05 - [MESSAGE][PASSED] - All options with index in [1] are selected on object ''

2018-06-09 19:35:05 - [TEST_STEP][PASSED] - delay: Delayed 2 second(s)

2018-06-09 19:35:07 - [MESSAGE][PASSED] - Delayed 2 second(s)

2018-06-09 19:35:07 - [TEST_STEP][PASSED] - Statement - batch = new com.kms.katalon.core.testobject.TestObject(): null

2018-06-09 19:35:07 - [TEST_STEP][PASSED] - Statement - batch = com.kms.katalon.core.webui.keyword.WebUiBuiltInKeywords.modifyObjectProperty(batch, "xpath", "equals", "//*[@id = "txtbthqty" + row + ""]", true): Modify property of object successfully

2018-06-09 19:35:07 - [MESSAGE][PASSED] - Modify property of object successfully

2018-06-09 19:35:07 - [TEST_STEP][PASSED] - Statement - batchqty = com.kms.katalon.core.webui.keyword.WebUiBuiltInKeywords.getAttribute(batch, "value").trim(): Attribute 'value' of object '' is: '3100'

2018-06-09 19:35:07 - [MESSAGE][PASSED] - Attribute 'value' of object '' is: '3100'

2018-06-09 19:35:07 - [TEST_STEP][PASSED] - Statement - Rqty = 100: null

2018-06-09 19:35:07 - [TEST_STEP][PASSED] - Statement - out.println("BatchQty : " + batchqty): null

2018-06-09 19:35:07 - [TEST_STEP][PASSED] - Statement - out.println("RQty : " + Rqty): null

2018-06-09 19:35:07 - [TEST_STEP][PASSED] - Statement - If (java.lang.Integer.valueOf(batchqty) >= java.lang.Integer.valueOf(Rqty)): null

2018-06-09 19:35:07 - [TEST_STEP][PASSED] - Statement - Break: null

2018-06-09 19:35:07 - [TEST_STEP][PASSED] - Statement - batchlength = new com.kms.katalon.core.testobject.TestObject(): null

2018-06-09 19:35:07 - [TEST_STEP][PASSED] - Statement - batchlength = com.kms.katalon.core.webui.keyword.WebUiBuiltInKeywords.modifyObjectProperty(batchlength, "xpath", "equals", "//*[@id = "fldvendor" + row + ""]", true): Modify property of object successfully

2018-06-09 19:35:07 - [MESSAGE][PASSED] - Modify property of object successfully

2018-06-09 19:35:07 - [TEST_STEP][PASSED] - Statement - batchsize = com.kms.katalon.core.webui.keyword.WebUiBuiltInKeywords.getNumberOfTotalOption(batchlength): 10 options of object '' counted

2018-06-09 19:35:07 - [MESSAGE][PASSED] - 10 options of object '' counted

2018-06-09 19:35:07 - [TEST_STEP][PASSED] - Statement - out.println("BatchSize : " + batchsize): null

2018-06-09 19:35:07 - [TEST_STEP][PASSED] - Statement - For ([n = 1, n <= batchsize - 1, (n++)]): null

2018-06-09 19:35:07 - [TEST_STEP][PASSED] - Statement - product = new com.kms.katalon.core.testobject.TestObject(): null

2018-06-09 19:35:07 - [TEST_STEP][PASSED] - Statement - product = com.kms.katalon.core.webui.keyword.WebUiBuiltInKeywords.modifyObjectProperty(product, "xpath", "equals", "//*[@id = "fldvendor" + row + ""]", true): Modify property of object successfully

2018-06-09 19:35:07 - [MESSAGE][PASSED] - Modify property of object successfully

2018-06-09 19:35:07 - [TEST_STEP][PASSED] - selectOptionByIndex: All options with index in [1] are selected on object ''

2018-06-09 19:35:08 - [MESSAGE][PASSED] - All options with index in [1] are selected on object ''

2018-06-09 19:35:08 - [TEST_STEP][PASSED] - delay: Delayed 2 second(s)

2018-06-09 19:35:10 - [MESSAGE][PASSED] - Delayed 2 second(s)

2018-06-09 19:35:10 - [TEST_STEP][PASSED] - Statement - batch = new com.kms.katalon.core.testobject.TestObject(): null

2018-06-09 19:35:10 - [TEST_STEP][PASSED] - Statement - batch = com.kms.katalon.core.webui.keyword.WebUiBuiltInKeywords.modifyObjectProperty(batch, "xpath", "equals", "//*[@id = "txtbthqty" + row + ""]", true): Modify property of object successfully

2018-06-09 19:35:10 - [MESSAGE][PASSED] - Modify property of object successfully

2018-06-09 19:35:10 - [TEST_STEP][PASSED] - Statement - batchqty = com.kms.katalon.core.webui.keyword.WebUiBuiltInKeywords.getAttribute(batch, "value").trim(): Attribute 'value' of object '' is: '3400'

2018-06-09 19:35:10 - [MESSAGE][PASSED] - Attribute 'value' of object '' is: '3400'

2018-06-09 19:35:10 - [TEST_STEP][PASSED] - Statement - Rqty = 100: null

2018-06-09 19:35:10 - [TEST_STEP][PASSED] - Statement - out.println("BatchQty : " + batchqty): null

2018-06-09 19:35:10 - [TEST_STEP][PASSED] - Statement - out.println("RQty : " + Rqty): null

2018-06-09 19:35:10 - [TEST_STEP][PASSED] - Statement - If (java.lang.Integer.valueOf(batchqty) >= java.lang.Integer.valueOf(Rqty)): null

2018-06-09 19:35:10 - [TEST_STEP][PASSED] - Statement - Break: null

2018-06-09 19:35:10 - [TEST_STEP][PASSED] - Statement - batchlength = new com.kms.katalon.core.testobject.TestObject(): null

2018-06-09 19:35:10 - [TEST_STEP][PASSED] - Statement - batchlength = com.kms.katalon.core.webui.keyword.WebUiBuiltInKeywords.modifyObjectProperty(batchlength, "xpath", "equals", "//*[@id = "fldvendor" + row + ""]", true): Modify property of object successfully

2018-06-09 19:35:10 - [MESSAGE][PASSED] - Modify property of object successfully

2018-06-09 19:35:10 - [TEST_STEP][PASSED] - Statement - batchsize = com.kms.katalon.core.webui.keyword.WebUiBuiltInKeywords.getNumberOfTotalOption(batchlength): 10 options of object '' counted

2018-06-09 19:35:10 - [MESSAGE][PASSED] - 10 options of object '' counted

2018-06-09 19:35:10 - [TEST_STEP][PASSED] - Statement - out.println("BatchSize : " + batchsize): null

2018-06-09 19:35:10 - [TEST_STEP][PASSED] - Statement - For ([n = 1, n <= batchsize - 1, (n++)]): null

2018-06-09 19:35:10 - [TEST_STEP][PASSED] - Statement - product = new com.kms.katalon.core.testobject.TestObject(): null

2018-06-09 19:35:10 - [TEST_STEP][PASSED] - Statement - product = com.kms.katalon.core.webui.keyword.WebUiBuiltInKeywords.modifyObjectProperty(product, "xpath", "equals", "//*[@id = "fldvendor" + row + ""]", true): Modify property of object successfully

2018-06-09 19:35:10 - [MESSAGE][PASSED] - Modify property of object successfully

2018-06-09 19:35:10 - [TEST_STEP][PASSED] - selectOptionByIndex: All options with index in [1] are selected on object ''

2018-06-09 19:35:10 - [MESSAGE][PASSED] - All options with index in [1] are selected on object ''

2018-06-09 19:35:10 - [TEST_STEP][PASSED] - delay: Delayed 2 second(s)

2018-06-09 19:35:12 - [MESSAGE][PASSED] - Delayed 2 second(s)

2018-06-09 19:35:12 - [TEST_STEP][PASSED] - Statement - batch = new com.kms.katalon.core.testobject.TestObject(): null

2018-06-09 19:35:12 - [TEST_STEP][PASSED] - Statement - batch = com.kms.katalon.core.webui.keyword.WebUiBuiltInKeywords.modifyObjectProperty(batch, "xpath", "equals", "//*[@id = "txtbthqty" + row + ""]", true): Modify property of object successfully

2018-06-09 19:35:12 - [MESSAGE][PASSED] - Modify property of object successfully

2018-06-09 19:35:12 - [TEST_STEP][PASSED] - Statement - batchqty = com.kms.katalon.core.webui.keyword.WebUiBuiltInKeywords.getAttribute(batch, "value").trim(): Attribute 'value' of object '' is: '3100'

2018-06-09 19:35:12 - [MESSAGE][PASSED] - Attribute 'value' of object '' is: '3100'

2018-06-09 19:35:12 - [TEST_STEP][PASSED] - Statement - Rqty = 100: null

2018-06-09 19:35:12 - [TEST_STEP][PASSED] - Statement - out.println("BatchQty : " + batchqty): null

2018-06-09 19:35:12 - [TEST_STEP][PASSED] - Statement - out.println("RQty : " + Rqty): null

2018-06-09 19:35:12 - [TEST_STEP][PASSED] - Statement - If (java.lang.Integer.valueOf(batchqty) >= java.lang.Integer.valueOf(Rqty)): null

2018-06-09 19:35:12 - [TEST_STEP][PASSED] - Statement - Break: null

2018-06-09 19:35:12 - [TEST_STEP][PASSED] - Statement - batchlength = new com.kms.katalon.core.testobject.TestObject(): null

2018-06-09 19:35:12 - [TEST_STEP][PASSED] - Statement - batchlength = com.kms.katalon.core.webui.keyword.WebUiBuiltInKeywords.modifyObjectProperty(batchlength, "xpath", "equals", "//*[@id = "fldvendor" + row + ""]", true): Modify property of object successfully

2018-06-09 19:35:12 - [MESSAGE][PASSED] - Modify property of object successfully

2018-06-09 19:35:12 - [TEST_STEP][PASSED] - Statement - batchsize = com.kms.katalon.core.webui.keyword.WebUiBuiltInKeywords.getNumberOfTotalOption(batchlength): 10 options of object '' counted

2018-06-09 19:35:12 - [MESSAGE][PASSED] - 10 options of object '' counted

2018-06-09 19:35:12 - [TEST_STEP][PASSED] - Statement - out.println("BatchSize : " + batchsize): null

2018-06-09 19:35:12 - [TEST_STEP][PASSED] - Statement - For ([n = 1, n <= batchsize - 1, (n++)]): null

2018-06-09 19:35:12 - [TEST_STEP][PASSED] - Statement - product = new com.kms.katalon.core.testobject.TestObject(): null

2018-06-09 19:35:12 - [TEST_STEP][PASSED] - Statement - product = com.kms.katalon.core.webui.keyword.WebUiBuiltInKeywords.modifyObjectProperty(product, "xpath", "equals", "//*[@id = "fldvendor" + row + ""]", true): Modify property of object successfully

2018-06-09 19:35:12 - [MESSAGE][PASSED] - Modify property of object successfully

2018-06-09 19:35:12 - [TEST_STEP][PASSED] - selectOptionByIndex: All options with index in [1] are selected on object ''

2018-06-09 19:35:12 - [MESSAGE][PASSED] - All options with index in [1] are selected on object ''

2018-06-09 19:35:12 - [TEST_STEP][PASSED] - delay: Delayed 2 second(s)

2018-06-09 19:35:14 - [MESSAGE][PASSED] - Delayed 2 second(s)

2018-06-09 19:35:14 - [TEST_STEP][PASSED] - Statement - batch = new com.kms.katalon.core.testobject.TestObject(): null

2018-06-09 19:35:14 - [TEST_STEP][PASSED] - Statement - batch = com.kms.katalon.core.webui.keyword.WebUiBuiltInKeywords.modifyObjectProperty(batch, "xpath", "equals", "//*[@id = "txtbthqty" + row + ""]", true): Modify property of object successfully

2018-06-09 19:35:14 - [MESSAGE][PASSED] - Modify property of object successfully

2018-06-09 19:35:14 - [TEST_STEP][PASSED] - Statement - batchqty = com.kms.katalon.core.webui.keyword.WebUiBuiltInKeywords.getAttribute(batch, "value").trim(): Attribute 'value' of object '' is: '2500'

2018-06-09 19:35:14 - [MESSAGE][PASSED] - Attribute 'value' of object '' is: '2500'

2018-06-09 19:35:14 - [TEST_STEP][PASSED] - Statement - Rqty = 100: null

2018-06-09 19:35:14 - [TEST_STEP][PASSED] - Statement - out.println("BatchQty : " + batchqty): null

2018-06-09 19:35:14 - [TEST_STEP][PASSED] - Statement - out.println("RQty : " + Rqty): null

2018-06-09 19:35:14 - [TEST_STEP][PASSED] - Statement - If (java.lang.Integer.valueOf(batchqty) >= java.lang.Integer.valueOf(Rqty)): null

2018-06-09 19:35:14 - [TEST_STEP][PASSED] - Statement - Break: null

2018-06-09 19:35:14 - [TEST_STEP][PASSED] - Statement - batchlength = new com.kms.katalon.core.testobject.TestObject(): null

2018-06-09 19:35:14 - [TEST_STEP][PASSED] - Statement - batchlength = com.kms.katalon.core.webui.keyword.WebUiBuiltInKeywords.modifyObjectProperty(batchlength, "xpath", "equals", "//*[@id = "fldvendor" + row + ""]", true): Modify property of object successfully

2018-06-09 19:35:14 - [MESSAGE][PASSED] - Modify property of object successfully

2018-06-09 19:35:14 - [TEST_STEP][PASSED] - Statement - batchsize = com.kms.katalon.core.webui.keyword.WebUiBuiltInKeywords.getNumberOfTotalOption(batchlength): 10 options of object '' counted

2018-06-09 19:35:14 - [MESSAGE][PASSED] - 10 options of object '' counted

2018-06-09 19:35:14 - [TEST_STEP][PASSED] - Statement - out.println("BatchSize : " + batchsize): null

2018-06-09 19:35:14 - [TEST_STEP][PASSED] - Statement - For ([n = 1, n <= batchsize - 1, (n++)]): null

2018-06-09 19:35:14 - [TEST_STEP][PASSED] - Statement - product = new com.kms.katalon.core.testobject.TestObject(): null

2018-06-09 19:35:14 - [TEST_STEP][PASSED] - Statement - product = com.kms.katalon.core.webui.keyword.WebUiBuiltInKeywords.modifyObjectProperty(product, "xpath", "equals", "//*[@id = "fldvendor" + row + ""]", true): Modify property of object successfully

2018-06-09 19:35:14 - [MESSAGE][PASSED] - Modify property of object successfully

2018-06-09 19:35:14 - [TEST_STEP][PASSED] - selectOptionByIndex: All options with index in [1] are selected on object ''

2018-06-09 19:35:14 - [MESSAGE][PASSED] - All options with index in [1] are selected on object ''

2018-06-09 19:35:14 - [TEST_STEP][PASSED] - delay: Delayed 2 second(s)

2018-06-09 19:35:16 - [MESSAGE][PASSED] - Delayed 2 second(s)

2018-06-09 19:35:16 - [TEST_STEP][PASSED] - Statement - batch = new com.kms.katalon.core.testobject.TestObject(): null

2018-06-09 19:35:16 - [TEST_STEP][PASSED] - Statement - batch = com.kms.katalon.core.webui.keyword.WebUiBuiltInKeywords.modifyObjectProperty(batch, "xpath", "equals", "//*[@id = "txtbthqty" + row + ""]", true): Modify property of object successfully

2018-06-09 19:35:16 - [MESSAGE][PASSED] - Modify property of object successfully

2018-06-09 19:35:16 - [TEST_STEP][PASSED] - Statement - batchqty = com.kms.katalon.core.webui.keyword.WebUiBuiltInKeywords.getAttribute(batch, "value").trim(): Attribute 'value' of object '' is: '36200'

2018-06-09 19:35:16 - [MESSAGE][PASSED] - Attribute 'value' of object '' is: '36200'

2018-06-09 19:35:16 - [TEST_STEP][PASSED] - Statement - Rqty = 100: null

2018-06-09 19:35:16 - [TEST_STEP][PASSED] - Statement - out.println("BatchQty : " + batchqty): null

2018-06-09 19:35:16 - [TEST_STEP][PASSED] - Statement - out.println("RQty : " + Rqty): null

2018-06-09 19:35:16 - [TEST_STEP][PASSED] - Statement - If (java.lang.Integer.valueOf(batchqty) >= java.lang.Integer.valueOf(Rqty)): null

2018-06-09 19:35:16 - [TEST_STEP][PASSED] - Statement - Break: null

2018-06-09 19:35:16 - [TEST_STEP][PASSED] - Statement - batchlength = new com.kms.katalon.core.testobject.TestObject(): null

2018-06-09 19:35:16 - [TEST_STEP][PASSED] - Statement - batchlength = com.kms.katalon.core.webui.keyword.WebUiBuiltInKeywords.modifyObjectProperty(batchlength, "xpath", "equals", "//*[@id = "fldvendor" + row + ""]", true): Modify property of object successfully

2018-06-09 19:35:16 - [MESSAGE][PASSED] - Modify property of object successfully

2018-06-09 19:35:16 - [TEST_STEP][PASSED] - Statement - batchsize = com.kms.katalon.core.webui.keyword.WebUiBuiltInKeywords.getNumberOfTotalOption(batchlength): 10 options of object '' counted

2018-06-09 19:35:16 - [MESSAGE][PASSED] - 10 options of object '' counted

2018-06-09 19:35:16 - [TEST_STEP][PASSED] - Statement - out.println("BatchSize : " + batchsize): null

2018-06-09 19:35:16 - [TEST_STEP][PASSED] - Statement - For ([n = 1, n <= batchsize - 1, (n++)]): null

2018-06-09 19:35:16 - [TEST_STEP][PASSED] - Statement - product = new com.kms.katalon.core.testobject.TestObject(): null

2018-06-09 19:35:16 - [TEST_STEP][PASSED] - Statement - product = com.kms.katalon.core.webui.keyword.WebUiBuiltInKeywords.modifyObjectProperty(product, "xpath", "equals", "//*[@id = "fldvendor" + row + ""]", true): Modify property of object successfully

2018-06-09 19:35:16 - [MESSAGE][PASSED] - Modify property of object successfully

2018-06-09 19:35:16 - [TEST_STEP][PASSED] - selectOptionByIndex: All options with index in [1] are selected on object ''

2018-06-09 19:35:17 - [MESSAGE][PASSED] - All options with index in [1] are selected on object ''

2018-06-09 19:35:17 - [TEST_STEP][PASSED] - delay: Delayed 2 second(s)

2018-06-09 19:35:19 - [MESSAGE][PASSED] - Delayed 2 second(s)

2018-06-09 19:35:19 - [TEST_STEP][PASSED] - Statement - batch = new com.kms.katalon.core.testobject.TestObject(): null

2018-06-09 19:35:19 - [TEST_STEP][PASSED] - Statement - batch = com.kms.katalon.core.webui.keyword.WebUiBuiltInKeywords.modifyObjectProperty(batch, "xpath", "equals", "//*[@id = "txtbthqty" + row + ""]", true): Modify property of object successfully

2018-06-09 19:35:19 - [MESSAGE][PASSED] - Modify property of object successfully

2018-06-09 19:35:19 - [TEST_STEP][PASSED] - Statement - batchqty = com.kms.katalon.core.webui.keyword.WebUiBuiltInKeywords.getAttribute(batch, "value").trim(): Attribute 'value' of object '' is: '1500'

2018-06-09 19:35:19 - [MESSAGE][PASSED] - Attribute 'value' of object '' is: '1500'

2018-06-09 19:35:19 - [TEST_STEP][PASSED] - Statement - Rqty = 100: null

2018-06-09 19:35:19 - [TEST_STEP][PASSED] - Statement - out.println("BatchQty : " + batchqty): null

2018-06-09 19:35:19 - [TEST_STEP][PASSED] - Statement - out.println("RQty : " + Rqty): null

2018-06-09 19:35:19 - [TEST_STEP][PASSED] - Statement - If (java.lang.Integer.valueOf(batchqty) >= java.lang.Integer.valueOf(Rqty)): null

2018-06-09 19:35:19 - [TEST_STEP][PASSED] - Statement - Break: null

2018-06-09 19:35:19 - [TEST_STEP][PASSED] - Statement - batchlength = new com.kms.katalon.core.testobject.TestObject(): null

2018-06-09 19:35:19 - [TEST_STEP][PASSED] - Statement - batchlength = com.kms.katalon.core.webui.keyword.WebUiBuiltInKeywords.modifyObjectProperty(batchlength, "xpath", "equals", "//*[@id = "fldvendor" + row + ""]", true): Modify property of object successfully

2018-06-09 19:35:19 - [MESSAGE][PASSED] - Modify property of object successfully

2018-06-09 19:35:19 - [TEST_STEP][PASSED] - Statement - batchsize = com.kms.katalon.core.webui.keyword.WebUiBuiltInKeywords.getNumberOfTotalOption(batchlength): 10 options of object '' counted

2018-06-09 19:35:19 - [MESSAGE][PASSED] - 10 options of object '' counted

2018-06-09 19:35:19 - [TEST_STEP][PASSED] - Statement - out.println("BatchSize : " + batchsize): null

2018-06-09 19:35:19 - [TEST_STEP][PASSED] - Statement - For ([n = 1, n <= batchsize - 1, (n++)]): null

2018-06-09 19:35:19 - [TEST_STEP][PASSED] - Statement - product = new com.kms.katalon.core.testobject.TestObject(): null

2018-06-09 19:35:19 - [TEST_STEP][PASSED] - Statement - product = com.kms.katalon.core.webui.keyword.WebUiBuiltInKeywords.modifyObjectProperty(product, "xpath", "equals", "//*[@id = "fldvendor" + row + ""]", true): Modify property of object successfully

2018-06-09 19:35:19 - [MESSAGE][PASSED] - Modify property of object successfully

2018-06-09 19:35:19 - [TEST_STEP][PASSED] - selectOptionByIndex: All options with index in [1] are selected on object ''

2018-06-09 19:35:19 - [MESSAGE][PASSED] - All options with index in [1] are selected on object ''

2018-06-09 19:35:19 - [TEST_STEP][PASSED] - delay: Delayed 2 second(s)

2018-06-09 19:35:21 - [MESSAGE][PASSED] - Delayed 2 second(s)

2018-06-09 19:35:21 - [TEST_STEP][PASSED] - Statement - batch = new com.kms.katalon.core.testobject.TestObject(): null

2018-06-09 19:35:21 - [TEST_STEP][PASSED] - Statement - batch = com.kms.katalon.core.webui.keyword.WebUiBuiltInKeywords.modifyObjectProperty(batch, "xpath", "equals", "//*[@id = "txtbthqty" + row + ""]", true): Modify property of object successfully

2018-06-09 19:35:21 - [MESSAGE][PASSED] - Modify property of object successfully

2018-06-09 19:35:21 - [TEST_STEP][PASSED] - Statement - batchqty = com.kms.katalon.core.webui.keyword.WebUiBuiltInKeywords.getAttribute(batch, "value").trim(): Attribute 'value' of object '' is: '2500'

2018-06-09 19:35:21 - [MESSAGE][PASSED] - Attribute 'value' of object '' is: '2500'

2018-06-09 19:35:21 - [TEST_STEP][PASSED] - Statement - Rqty = 100: null

2018-06-09 19:35:21 - [TEST_STEP][PASSED] - Statement - out.println("BatchQty : " + batchqty): null

2018-06-09 19:35:21 - [TEST_STEP][PASSED] - Statement - out.println("RQty : " + Rqty): null

2018-06-09 19:35:21 - [TEST_STEP][PASSED] - Statement - If (java.lang.Integer.valueOf(batchqty) >= java.lang.Integer.valueOf(Rqty)): null

2018-06-09 19:35:21 - [TEST_STEP][PASSED] - Statement - Break: null

2018-06-09 19:35:21 - [TEST_STEP][PASSED] - Statement - batchlength = new com.kms.katalon.core.testobject.TestObject(): null

2018-06-09 19:35:21 - [TEST_STEP][PASSED] - Statement - batchlength = com.kms.katalon.core.webui.keyword.WebUiBuiltInKeywords.modifyObjectProperty(batchlength, "xpath", "equals", "//*[@id = "fldvendor" + row + ""]", true): Modify property of object successfully

2018-06-09 19:35:21 - [MESSAGE][PASSED] - Modify property of object successfully

2018-06-09 19:35:21 - [TEST_STEP][PASSED] - Statement - batchsize = com.kms.katalon.core.webui.keyword.WebUiBuiltInKeywords.getNumberOfTotalOption(batchlength): 10 options of object '' counted

2018-06-09 19:35:21 - [MESSAGE][PASSED] - 10 options of object '' counted

2018-06-09 19:35:21 - [TEST_STEP][PASSED] - Statement - out.println("BatchSize : " + batchsize): null

2018-06-09 19:35:21 - [TEST_STEP][PASSED] - Statement - For ([n = 1, n <= batchsize - 1, (n++)]): null

2018-06-09 19:35:21 - [TEST_STEP][PASSED] - Statement - product = new com.kms.katalon.core.testobject.TestObject(): null

2018-06-09 19:35:21 - [TEST_STEP][PASSED] - Statement - product = com.kms.katalon.core.webui.keyword.WebUiBuiltInKeywords.modifyObjectProperty(product, "xpath", "equals", "//*[@id = "fldvendor" + row + ""]", true): Modify property of object successfully

2018-06-09 19:35:21 - [MESSAGE][PASSED] - Modify property of object successfully

2018-06-09 19:35:21 - [TEST_STEP][PASSED] - selectOptionByIndex: All options with index in [1] are selected on object ''

2018-06-09 19:35:21 - [MESSAGE][PASSED] - All options with index in [1] are selected on object ''

2018-06-09 19:35:21 - [TEST_STEP][PASSED] - delay: Delayed 2 second(s)

2018-06-09 19:35:23 - [MESSAGE][PASSED] - Delayed 2 second(s)

2018-06-09 19:35:23 - [TEST_STEP][PASSED] - Statement - batch = new com.kms.katalon.core.testobject.TestObject(): null

2018-06-09 19:35:23 - [TEST_STEP][PASSED] - Statement - batch = com.kms.katalon.core.webui.keyword.WebUiBuiltInKeywords.modifyObjectProperty(batch, "xpath", "equals", "//*[@id = "txtbthqty" + row + ""]", true): Modify property of object successfully

2018-06-09 19:35:23 - [MESSAGE][PASSED] - Modify property of object successfully

2018-06-09 19:35:23 - [TEST_STEP][PASSED] - Statement - batchqty = com.kms.katalon.core.webui.keyword.WebUiBuiltInKeywords.getAttribute(batch, "value").trim(): Attribute 'value' of object '' is: '2900'

2018-06-09 19:35:23 - [MESSAGE][PASSED] - Attribute 'value' of object '' is: '2900'

2018-06-09 19:35:23 - [TEST_STEP][PASSED] - Statement - Rqty = 100: null

2018-06-09 19:35:23 - [TEST_STEP][PASSED] - Statement - out.println("BatchQty : " + batchqty): null

2018-06-09 19:35:23 - [TEST_STEP][PASSED] - Statement - out.println("RQty : " + Rqty): null

2018-06-09 19:35:23 - [TEST_STEP][PASSED] - Statement - If (java.lang.Integer.valueOf(batchqty) >= java.lang.Integer.valueOf(Rqty)): null

2018-06-09 19:35:23 - [TEST_STEP][PASSED] - Statement - Break: null

2018-06-09 19:35:23 - [TEST_STEP][PASSED] - Statement - batchlength = new com.kms.katalon.core.testobject.TestObject(): null

2018-06-09 19:35:23 - [TEST_STEP][PASSED] - Statement - batchlength = com.kms.katalon.core.webui.keyword.WebUiBuiltInKeywords.modifyObjectProperty(batchlength, "xpath", "equals", "//*[@id = "fldvendor" + row + ""]", true): Modify property of object successfully

2018-06-09 19:35:23 - [MESSAGE][PASSED] - Modify property of object successfully

2018-06-09 19:35:23 - [TEST_STEP][PASSED] - Statement - batchsize = com.kms.katalon.core.webui.keyword.WebUiBuiltInKeywords.getNumberOfTotalOption(batchlength): 9 options of object '' counted

2018-06-09 19:35:23 - [MESSAGE][PASSED] - 9 options of object '' counted

2018-06-09 19:35:23 - [TEST_STEP][PASSED] - Statement - out.println("BatchSize : " + batchsize): null

2018-06-09 19:35:23 - [TEST_STEP][PASSED] - Statement - For ([n = 1, n <= batchsize - 1, (n++)]): null

2018-06-09 19:35:23 - [TEST_STEP][PASSED] - Statement - product = new com.kms.katalon.core.testobject.TestObject(): null

2018-06-09 19:35:23 - [TEST_STEP][PASSED] - Statement - product = com.kms.katalon.core.webui.keyword.WebUiBuiltInKeywords.modifyObjectProperty(product, "xpath", "equals", "//*[@id = "fldvendor" + row + ""]", true): Modify property of object successfully

2018-06-09 19:35:23 - [MESSAGE][PASSED] - Modify property of object successfully

2018-06-09 19:35:23 - [TEST_STEP][PASSED] - selectOptionByIndex: All options with index in [1] are selected on object ''

2018-06-09 19:35:23 - [MESSAGE][PASSED] - All options with index in [1] are selected on object ''

2018-06-09 19:35:23 - [TEST_STEP][PASSED] - delay: Delayed 2 second(s)

2018-06-09 19:35:25 - [MESSAGE][PASSED] - Delayed 2 second(s)

2018-06-09 19:35:25 - [TEST_STEP][PASSED] - Statement - batch = new com.kms.katalon.core.testobject.TestObject(): null

2018-06-09 19:35:25 - [TEST_STEP][PASSED] - Statement - batch = com.kms.katalon.core.webui.keyword.WebUiBuiltInKeywords.modifyObjectProperty(batch, "xpath", "equals", "//*[@id = "txtbthqty" + row + ""]", true): Modify property of object successfully

2018-06-09 19:35:25 - [MESSAGE][PASSED] - Modify property of object successfully

2018-06-09 19:35:25 - [TEST_STEP][PASSED] - Statement - batchqty = com.kms.katalon.core.webui.keyword.WebUiBuiltInKeywords.getAttribute(batch, "value").trim(): Attribute 'value' of object '' is: '4600'

2018-06-09 19:35:25 - [MESSAGE][PASSED] - Attribute 'value' of object '' is: '4600'

2018-06-09 19:35:25 - [TEST_STEP][PASSED] - Statement - Rqty = 100: null

2018-06-09 19:35:25 - [TEST_STEP][PASSED] - Statement - out.println("BatchQty : " + batchqty): null

2018-06-09 19:35:25 - [TEST_STEP][PASSED] - Statement - out.println("RQty : " + Rqty): null

2018-06-09 19:35:25 - [TEST_STEP][PASSED] - Statement - If (java.lang.Integer.valueOf(batchqty) >= java.lang.Integer.valueOf(Rqty)): null

2018-06-09 19:35:25 - [TEST_STEP][PASSED] - Statement - Break: null

2018-06-09 19:35:25 - [TEST_STEP][PASSED] - Statement - batchlength = new com.kms.katalon.core.testobject.TestObject(): null

2018-06-09 19:35:25 - [TEST_STEP][PASSED] - Statement - batchlength = com.kms.katalon.core.webui.keyword.WebUiBuiltInKeywords.modifyObjectProperty(batchlength, "xpath", "equals", "//*[@id = "fldvendor" + row + ""]", true): Modify property of object successfully

2018-06-09 19:35:25 - [MESSAGE][PASSED] - Modify property of object successfully

2018-06-09 19:35:25 - [TEST_STEP][PASSED] - Statement - batchsize = com.kms.katalon.core.webui.keyword.WebUiBuiltInKeywords.getNumberOfTotalOption(batchlength): 10 options of object '' counted

2018-06-09 19:35:25 - [MESSAGE][PASSED] - 10 options of object '' counted

2018-06-09 19:35:25 - [TEST_STEP][PASSED] - Statement - out.println("BatchSize : " + batchsize): null

2018-06-09 19:35:25 - [TEST_STEP][PASSED] - Statement - For ([n = 1, n <= batchsize - 1, (n++)]): null

2018-06-09 19:35:25 - [TEST_STEP][PASSED] - Statement - product = new com.kms.katalon.core.testobject.TestObject(): null

2018-06-09 19:35:25 - [TEST_STEP][PASSED] - Statement - product = com.kms.katalon.core.webui.keyword.WebUiBuiltInKeywords.modifyObjectProperty(product, "xpath", "equals", "//*[@id = "fldvendor" + row + ""]", true): Modify property of object successfully

2018-06-09 19:35:25 - [MESSAGE][PASSED] - Modify property of object successfully

2018-06-09 19:35:25 - [TEST_STEP][PASSED] - selectOptionByIndex: All options with index in [1] are selected on object ''

2018-06-09 19:35:26 - [MESSAGE][PASSED] - All options with index in [1] are selected on object ''

2018-06-09 19:35:26 - [TEST_STEP][PASSED] - delay: Delayed 2 second(s)

2018-06-09 19:35:28 - [MESSAGE][PASSED] - Delayed 2 second(s)

2018-06-09 19:35:28 - [TEST_STEP][PASSED] - Statement - batch = new com.kms.katalon.core.testobject.TestObject(): null

2018-06-09 19:35:28 - [TEST_STEP][PASSED] - Statement - batch = com.kms.katalon.core.webui.keyword.WebUiBuiltInKeywords.modifyObjectProperty(batch, "xpath", "equals", "//*[@id = "txtbthqty" + row + ""]", true): Modify property of object successfully

2018-06-09 19:35:28 - [MESSAGE][PASSED] - Modify property of object successfully

2018-06-09 19:35:28 - [TEST_STEP][PASSED] - Statement - batchqty = com.kms.katalon.core.webui.keyword.WebUiBuiltInKeywords.getAttribute(batch, "value").trim(): Attribute 'value' of object '' is: '36200'

2018-06-09 19:35:28 - [MESSAGE][PASSED] - Attribute 'value' of object '' is: '36200'

2018-06-09 19:35:28 - [TEST_STEP][PASSED] - Statement - Rqty = 100: null

2018-06-09 19:35:28 - [TEST_STEP][PASSED] - Statement - out.println("BatchQty : " + batchqty): null

2018-06-09 19:35:28 - [TEST_STEP][PASSED] - Statement - out.println("RQty : " + Rqty): null

2018-06-09 19:35:28 - [TEST_STEP][PASSED] - Statement - If (java.lang.Integer.valueOf(batchqty) >= java.lang.Integer.valueOf(Rqty)): null

2018-06-09 19:35:28 - [TEST_STEP][PASSED] - Statement - Break: null

2018-06-09 19:35:28 - [TEST_STEP][PASSED] - Statement - batchlength = new com.kms.katalon.core.testobject.TestObject(): null

2018-06-09 19:35:28 - [TEST_STEP][PASSED] - Statement - batchlength = com.kms.katalon.core.webui.keyword.WebUiBuiltInKeywords.modifyObjectProperty(batchlength, "xpath", "equals", "//*[@id = "fldvendor" + row + ""]", true): Modify property of object successfully

2018-06-09 19:35:28 - [MESSAGE][PASSED] - Modify property of object successfully

2018-06-09 19:35:28 - [TEST_STEP][PASSED] - Statement - batchsize = com.kms.katalon.core.webui.keyword.WebUiBuiltInKeywords.getNumberOfTotalOption(batchlength): 10 options of object '' counted

2018-06-09 19:35:28 - [MESSAGE][PASSED] - 10 options of object '' counted

2018-06-09 19:35:28 - [TEST_STEP][PASSED] - Statement - out.println("BatchSize : " + batchsize): null

2018-06-09 19:35:28 - [TEST_STEP][PASSED] - Statement - For ([n = 1, n <= batchsize - 1, (n++)]): null

2018-06-09 19:35:28 - [TEST_STEP][PASSED] - Statement - product = new com.kms.katalon.core.testobject.TestObject(): null

2018-06-09 19:35:28 - [TEST_STEP][PASSED] - Statement - product = com.kms.katalon.core.webui.keyword.WebUiBuiltInKeywords.modifyObjectProperty(product, "xpath", "equals", "//*[@id = "fldvendor" + row + ""]", true): Modify property of object successfully

2018-06-09 19:35:28 - [MESSAGE][PASSED] - Modify property of object successfully

2018-06-09 19:35:28 - [TEST_STEP][PASSED] - selectOptionByIndex: All options with index in [1] are selected on object ''

2018-06-09 19:35:28 - [MESSAGE][PASSED] - All options with index in [1] are selected on object ''

2018-06-09 19:35:28 - [TEST_STEP][PASSED] - delay: Delayed 2 second(s)

2018-06-09 19:35:30 - [MESSAGE][PASSED] - Delayed 2 second(s)

2018-06-09 19:35:30 - [TEST_STEP][PASSED] - Statement - batch = new com.kms.katalon.core.testobject.TestObject(): null

2018-06-09 19:35:30 - [TEST_STEP][PASSED] - Statement - batch = com.kms.katalon.core.webui.keyword.WebUiBuiltInKeywords.modifyObjectProperty(batch, "xpath", "equals", "//*[@id = "txtbthqty" + row + ""]", true): Modify property of object successfully

2018-06-09 19:35:30 - [MESSAGE][PASSED] - Modify property of object successfully

2018-06-09 19:35:30 - [TEST_STEP][PASSED] - Statement - batchqty = com.kms.katalon.core.webui.keyword.WebUiBuiltInKeywords.getAttribute(batch, "value").trim(): Attribute 'value' of object '' is: '1500'

2018-06-09 19:35:30 - [MESSAGE][PASSED] - Attribute 'value' of object '' is: '1500'

2018-06-09 19:35:30 - [TEST_STEP][PASSED] - Statement - Rqty = 100: null

2018-06-09 19:35:30 - [TEST_STEP][PASSED] - Statement - out.println("BatchQty : " + batchqty): null

2018-06-09 19:35:30 - [TEST_STEP][PASSED] - Statement - out.println("RQty : " + Rqty): null

2018-06-09 19:35:30 - [TEST_STEP][PASSED] - Statement - If (java.lang.Integer.valueOf(batchqty) >= java.lang.Integer.valueOf(Rqty)): null

2018-06-09 19:35:30 - [TEST_STEP][PASSED] - Statement - Break: null

2018-06-09 19:35:30 - [TEST_STEP][PASSED] - Statement - batchlength = new com.kms.katalon.core.testobject.TestObject(): null

2018-06-09 19:35:30 - [TEST_STEP][PASSED] - Statement - batchlength = com.kms.katalon.core.webui.keyword.WebUiBuiltInKeywords.modifyObjectProperty(batchlength, "xpath", "equals", "//*[@id = "fldvendor" + row + ""]", true): Modify property of object successfully

2018-06-09 19:35:30 - [MESSAGE][PASSED] - Modify property of object successfully

2018-06-09 19:35:30 - [TEST_STEP][PASSED] - Statement - batchsize = com.kms.katalon.core.webui.keyword.WebUiBuiltInKeywords.getNumberOfTotalOption(batchlength): 10 options of object '' counted

2018-06-09 19:35:30 - [MESSAGE][PASSED] - 10 options of object '' counted

2018-06-09 19:35:30 - [TEST_STEP][PASSED] - Statement - out.println("BatchSize : " + batchsize): null

2018-06-09 19:35:30 - [TEST_STEP][PASSED] - Statement - For ([n = 1, n <= batchsize - 1, (n++)]): null

2018-06-09 19:35:30 - [TEST_STEP][PASSED] - Statement - product = new com.kms.katalon.core.testobject.TestObject(): null

2018-06-09 19:35:30 - [TEST_STEP][PASSED] - Statement - product = com.kms.katalon.core.webui.keyword.WebUiBuiltInKeywords.modifyObjectProperty(product, "xpath", "equals", "//*[@id = "fldvendor" + row + ""]", true): Modify property of object successfully

2018-06-09 19:35:30 - [MESSAGE][PASSED] - Modify property of object successfully

2018-06-09 19:35:30 - [TEST_STEP][PASSED] - selectOptionByIndex: All options with index in [1] are selected on object ''

2018-06-09 19:35:30 - [MESSAGE][PASSED] - All options with index in [1] are selected on object ''

2018-06-09 19:35:30 - [TEST_STEP][PASSED] - delay: Delayed 2 second(s)

2018-06-09 19:35:32 - [MESSAGE][PASSED] - Delayed 2 second(s)

2018-06-09 19:35:32 - [TEST_STEP][PASSED] - Statement - batch = new com.kms.katalon.core.testobject.TestObject(): null

2018-06-09 19:35:32 - [TEST_STEP][PASSED] - Statement - batch = com.kms.katalon.core.webui.keyword.WebUiBuiltInKeywords.modifyObjectProperty(batch, "xpath", "equals", "//*[@id = "txtbthqty" + row + ""]", true): Modify property of object successfully

2018-06-09 19:35:32 - [MESSAGE][PASSED] - Modify property of object successfully

2018-06-09 19:35:32 - [TEST_STEP][PASSED] - Statement - batchqty = com.kms.katalon.core.webui.keyword.WebUiBuiltInKeywords.getAttribute(batch, "value").trim(): Attribute 'value' of object '' is: '1500'

2018-06-09 19:35:32 - [MESSAGE][PASSED] - Attribute 'value' of object '' is: '1500'

2018-06-09 19:35:32 - [TEST_STEP][PASSED] - Statement - Rqty = 100: null

2018-06-09 19:35:32 - [TEST_STEP][PASSED] - Statement - out.println("BatchQty : " + batchqty): null

2018-06-09 19:35:32 - [TEST_STEP][PASSED] - Statement - out.println("RQty : " + Rqty): null

2018-06-09 19:35:32 - [TEST_STEP][PASSED] - Statement - If (java.lang.Integer.valueOf(batchqty) >= java.lang.Integer.valueOf(Rqty)): null

2018-06-09 19:35:32 - [TEST_STEP][PASSED] - Statement - Break: null

2018-06-09 19:35:32 - [TEST_STEP][PASSED] - Statement - batchlength = new com.kms.katalon.core.testobject.TestObject(): null

2018-06-09 19:35:32 - [TEST_STEP][PASSED] - Statement - batchlength = com.kms.katalon.core.webui.keyword.WebUiBuiltInKeywords.modifyObjectProperty(batchlength, "xpath", "equals", "//*[@id = "fldvendor" + row + ""]", true): Modify property of object successfully

2018-06-09 19:35:32 - [MESSAGE][PASSED] - Modify property of object successfully

2018-06-09 19:35:32 - [TEST_STEP][PASSED] - Statement - batchsize = com.kms.katalon.core.webui.keyword.WebUiBuiltInKeywords.getNumberOfTotalOption(batchlength): 10 options of object '' counted

2018-06-09 19:35:32 - [MESSAGE][PASSED] - 10 options of object '' counted

2018-06-09 19:35:32 - [TEST_STEP][PASSED] - Statement - out.println("BatchSize : " + batchsize): null

2018-06-09 19:35:32 - [TEST_STEP][PASSED] - Statement - For ([n = 1, n <= batchsize - 1, (n++)]): null

2018-06-09 19:35:32 - [TEST_STEP][PASSED] - Statement - product = new com.kms.katalon.core.testobject.TestObject(): null

2018-06-09 19:35:32 - [TEST_STEP][PASSED] - Statement - product = com.kms.katalon.core.webui.keyword.WebUiBuiltInKeywords.modifyObjectProperty(product, "xpath", "equals", "//*[@id = "fldvendor" + row + ""]", true): Modify property of object successfully

2018-06-09 19:35:32 - [MESSAGE][PASSED] - Modify property of object successfully

2018-06-09 19:35:32 - [TEST_STEP][PASSED] - selectOptionByIndex: All options with index in [1] are selected on object ''

2018-06-09 19:35:32 - [MESSAGE][PASSED] - All options with index in [1] are selected on object ''

2018-06-09 19:35:32 - [TEST_STEP][PASSED] - delay: Delayed 2 second(s)

2018-06-09 19:35:34 - [MESSAGE][PASSED] - Delayed 2 second(s)

2018-06-09 19:35:34 - [TEST_STEP][PASSED] - Statement - batch = new com.kms.katalon.core.testobject.TestObject(): null

2018-06-09 19:35:34 - [TEST_STEP][PASSED] - Statement - batch = com.kms.katalon.core.webui.keyword.WebUiBuiltInKeywords.modifyObjectProperty(batch, "xpath", "equals", "//*[@id = "txtbthqty" + row + ""]", true): Modify property of object successfully

2018-06-09 19:35:34 - [MESSAGE][PASSED] - Modify property of object successfully

2018-06-09 19:35:34 - [TEST_STEP][PASSED] - Statement - batchqty = com.kms.katalon.core.webui.keyword.WebUiBuiltInKeywords.getAttribute(batch, "value").trim(): Attribute 'value' of object '' is: '2500'

2018-06-09 19:35:34 - [MESSAGE][PASSED] - Attribute 'value' of object '' is: '2500'

2018-06-09 19:35:34 - [TEST_STEP][PASSED] - Statement - Rqty = 100: null

2018-06-09 19:35:34 - [TEST_STEP][PASSED] - Statement - out.println("BatchQty : " + batchqty): null

2018-06-09 19:35:34 - [TEST_STEP][PASSED] - Statement - out.println("RQty : " + Rqty): null

2018-06-09 19:35:34 - [TEST_STEP][PASSED] - Statement - If (java.lang.Integer.valueOf(batchqty) >= java.lang.Integer.valueOf(Rqty)): null

2018-06-09 19:35:34 - [TEST_STEP][PASSED] - Statement - Break: null

2018-06-09 19:35:34 - [TEST_STEP][PASSED] - Statement - batchlength = new com.kms.katalon.core.testobject.TestObject(): null

2018-06-09 19:35:34 - [TEST_STEP][PASSED] - Statement - batchlength = com.kms.katalon.core.webui.keyword.WebUiBuiltInKeywords.modifyObjectProperty(batchlength, "xpath", "equals", "//*[@id = "fldvendor" + row + ""]", true): Modify property of object successfully

2018-06-09 19:35:34 - [MESSAGE][PASSED] - Modify property of object successfully

2018-06-09 19:35:34 - [TEST_STEP][PASSED] - Statement - batchsize = com.kms.katalon.core.webui.keyword.WebUiBuiltInKeywords.getNumberOfTotalOption(batchlength): 10 options of object '' counted

2018-06-09 19:35:34 - [MESSAGE][PASSED] - 10 options of object '' counted

2018-06-09 19:35:34 - [TEST_STEP][PASSED] - Statement - out.println("BatchSize : " + batchsize): null

2018-06-09 19:35:34 - [TEST_STEP][PASSED] - Statement - For ([n = 1, n <= batchsize - 1, (n++)]): null

2018-06-09 19:35:34 - [TEST_STEP][PASSED] - Statement - product = new com.kms.katalon.core.testobject.TestObject(): null

2018-06-09 19:35:34 - [TEST_STEP][PASSED] - Statement - product = com.kms.katalon.core.webui.keyword.WebUiBuiltInKeywords.modifyObjectProperty(product, "xpath", "equals", "//*[@id = "fldvendor" + row + ""]", true): Modify property of object successfully

2018-06-09 19:35:34 - [MESSAGE][PASSED] - Modify property of object successfully

2018-06-09 19:35:34 - [TEST_STEP][PASSED] - selectOptionByIndex: All options with index in [1] are selected on object ''

2018-06-09 19:35:35 - [MESSAGE][PASSED] - All options with index in [1] are selected on object ''

2018-06-09 19:35:35 - [TEST_STEP][PASSED] - delay: Delayed 2 second(s)

2018-06-09 19:35:37 - [MESSAGE][PASSED] - Delayed 2 second(s)

2018-06-09 19:35:37 - [TEST_STEP][PASSED] - Statement - batch = new com.kms.katalon.core.testobject.TestObject(): null

2018-06-09 19:35:37 - [TEST_STEP][PASSED] - Statement - batch = com.kms.katalon.core.webui.keyword.WebUiBuiltInKeywords.modifyObjectProperty(batch, "xpath", "equals", "//*[@id = "txtbthqty" + row + ""]", true): Modify property of object successfully

2018-06-09 19:35:37 - [MESSAGE][PASSED] - Modify property of object successfully

2018-06-09 19:35:37 - [TEST_STEP][PASSED] - Statement - batchqty = com.kms.katalon.core.webui.keyword.WebUiBuiltInKeywords.getAttribute(batch, "value").trim(): Attribute 'value' of object '' is: '1500'

2018-06-09 19:35:37 - [MESSAGE][PASSED] - Attribute 'value' of object '' is: '1500'

2018-06-09 19:35:37 - [TEST_STEP][PASSED] - Statement - Rqty = 100: null

2018-06-09 19:35:37 - [TEST_STEP][PASSED] - Statement - out.println("BatchQty : " + batchqty): null

2018-06-09 19:35:37 - [TEST_STEP][PASSED] - Statement - out.println("RQty : " + Rqty): null

2018-06-09 19:35:37 - [TEST_STEP][PASSED] - Statement - If (java.lang.Integer.valueOf(batchqty) >= java.lang.Integer.valueOf(Rqty)): null

2018-06-09 19:35:37 - [TEST_STEP][PASSED] - Statement - Break: null

2018-06-09 19:35:37 - [TEST_STEP][PASSED] - Statement - batchlength = new com.kms.katalon.core.testobject.TestObject(): null

2018-06-09 19:35:37 - [TEST_STEP][PASSED] - Statement - batchlength = com.kms.katalon.core.webui.keyword.WebUiBuiltInKeywords.modifyObjectProperty(batchlength, "xpath", "equals", "//*[@id = "fldvendor" + row + ""]", true): Modify property of object successfully

2018-06-09 19:35:37 - [MESSAGE][PASSED] - Modify property of object successfully

2018-06-09 19:35:37 - [TEST_STEP][PASSED] - Statement - batchsize = com.kms.katalon.core.webui.keyword.WebUiBuiltInKeywords.getNumberOfTotalOption(batchlength): 10 options of object '' counted

2018-06-09 19:35:37 - [MESSAGE][PASSED] - 10 options of object '' counted

2018-06-09 19:35:37 - [TEST_STEP][PASSED] - Statement - out.println("BatchSize : " + batchsize): null

2018-06-09 19:35:37 - [TEST_STEP][PASSED] - Statement - For ([n = 1, n <= batchsize - 1, (n++)]): null

2018-06-09 19:35:37 - [TEST_STEP][PASSED] - Statement - product = new com.kms.katalon.core.testobject.TestObject(): null

2018-06-09 19:35:37 - [TEST_STEP][PASSED] - Statement - product = com.kms.katalon.core.webui.keyword.WebUiBuiltInKeywords.modifyObjectProperty(product, "xpath", "equals", "//*[@id = "fldvendor" + row + ""]", true): Modify property of object successfully

2018-06-09 19:35:37 - [MESSAGE][PASSED] - Modify property of object successfully

2018-06-09 19:35:37 - [TEST_STEP][PASSED] - selectOptionByIndex: All options with index in [1] are selected on object ''

2018-06-09 19:35:37 - [MESSAGE][PASSED] - All options with index in [1] are selected on object ''

2018-06-09 19:35:37 - [TEST_STEP][PASSED] - delay: Delayed 2 second(s)

2018-06-09 19:35:39 - [MESSAGE][PASSED] - Delayed 2 second(s)

2018-06-09 19:35:39 - [TEST_STEP][PASSED] - Statement - batch = new com.kms.katalon.core.testobject.TestObject(): null

2018-06-09 19:35:39 - [TEST_STEP][PASSED] - Statement - batch = com.kms.katalon.core.webui.keyword.WebUiBuiltInKeywords.modifyObjectProperty(batch, "xpath", "equals", "//*[@id = "txtbthqty" + row + ""]", true): Modify property of object successfully

2018-06-09 19:35:39 - [MESSAGE][PASSED] - Modify property of object successfully

2018-06-09 19:35:39 - [TEST_STEP][PASSED] - Statement - batchqty = com.kms.katalon.core.webui.keyword.WebUiBuiltInKeywords.getAttribute(batch, "value").trim(): Attribute 'value' of object '' is: '36200'

2018-06-09 19:35:39 - [MESSAGE][PASSED] - Attribute 'value' of object '' is: '36200'

2018-06-09 19:35:39 - [TEST_STEP][PASSED] - Statement - Rqty = 100: null

2018-06-09 19:35:39 - [TEST_STEP][PASSED] - Statement - out.println("BatchQty : " + batchqty): null

2018-06-09 19:35:39 - [TEST_STEP][PASSED] - Statement - out.println("RQty : " + Rqty): null

2018-06-09 19:35:39 - [TEST_STEP][PASSED] - Statement - If (java.lang.Integer.valueOf(batchqty) >= java.lang.Integer.valueOf(Rqty)): null

2018-06-09 19:35:39 - [TEST_STEP][PASSED] - Statement - Break: null

2018-06-09 19:35:39 - [TEST_STEP][PASSED] - Statement - batchlength = new com.kms.katalon.core.testobject.TestObject(): null

2018-06-09 19:35:39 - [TEST_STEP][PASSED] - Statement - batchlength = com.kms.katalon.core.webui.keyword.WebUiBuiltInKeywords.modifyObjectProperty(batchlength, "xpath", "equals", "//*[@id = "fldvendor" + row + ""]", true): Modify property of object successfully

2018-06-09 19:35:39 - [MESSAGE][PASSED] - Modify property of object successfully

2018-06-09 19:35:39 - [TEST_STEP][PASSED] - Statement - batchsize = com.kms.katalon.core.webui.keyword.WebUiBuiltInKeywords.getNumberOfTotalOption(batchlength): 10 options of object '' counted

2018-06-09 19:35:39 - [MESSAGE][PASSED] - 10 options of object '' counted

2018-06-09 19:35:39 - [TEST_STEP][PASSED] - Statement - out.println("BatchSize : " + batchsize): null

2018-06-09 19:35:39 - [TEST_STEP][PASSED] - Statement - For ([n = 1, n <= batchsize - 1, (n++)]): null

2018-06-09 19:35:39 - [TEST_STEP][PASSED] - Statement - product = new com.kms.katalon.core.testobject.TestObject(): null

2018-06-09 19:35:39 - [TEST_STEP][PASSED] - Statement - product = com.kms.katalon.core.webui.keyword.WebUiBuiltInKeywords.modifyObjectProperty(product, "xpath", "equals", "//*[@id = "fldvendor" + row + ""]", true): Modify property of object successfully

2018-06-09 19:35:39 - [MESSAGE][PASSED] - Modify property of object successfully

2018-06-09 19:35:39 - [TEST_STEP][PASSED] - selectOptionByIndex: All options with index in [1] are selected on object ''

2018-06-09 19:35:39 - [MESSAGE][PASSED] - All options with index in [1] are selected on object ''

2018-06-09 19:35:39 - [TEST_STEP][PASSED] - delay: Delayed 2 second(s)

2018-06-09 19:35:41 - [MESSAGE][PASSED] - Delayed 2 second(s)

2018-06-09 19:35:41 - [TEST_STEP][PASSED] - Statement - batch = new com.kms.katalon.core.testobject.TestObject(): null

2018-06-09 19:35:41 - [TEST_STEP][PASSED] - Statement - batch = com.kms.katalon.core.webui.keyword.WebUiBuiltInKeywords.modifyObjectProperty(batch, "xpath", "equals", "//*[@id = "txtbthqty" + row + ""]", true): Modify property of object successfully

2018-06-09 19:35:41 - [MESSAGE][PASSED] - Modify property of object successfully

2018-06-09 19:35:41 - [TEST_STEP][PASSED] - Statement - batchqty = com.kms.katalon.core.webui.keyword.WebUiBuiltInKeywords.getAttribute(batch, "value").trim(): Attribute 'value' of object '' is: '4300'

2018-06-09 19:35:41 - [MESSAGE][PASSED] - Attribute 'value' of object '' is: '4300'

2018-06-09 19:35:41 - [TEST_STEP][PASSED] - Statement - Rqty = 100: null

2018-06-09 19:35:41 - [TEST_STEP][PASSED] - Statement - out.println("BatchQty : " + batchqty): null

2018-06-09 19:35:41 - [TEST_STEP][PASSED] - Statement - out.println("RQty : " + Rqty): null

2018-06-09 19:35:41 - [TEST_STEP][PASSED] - Statement - If (java.lang.Integer.valueOf(batchqty) >= java.lang.Integer.valueOf(Rqty)): null

2018-06-09 19:35:41 - [TEST_STEP][PASSED] - Statement - Break: null

2018-06-09 19:35:41 - [TEST_STEP][PASSED] - Statement - batchlength = new com.kms.katalon.core.testobject.TestObject(): null

2018-06-09 19:35:41 - [TEST_STEP][PASSED] - Statement - batchlength = com.kms.katalon.core.webui.keyword.WebUiBuiltInKeywords.modifyObjectProperty(batchlength, "xpath", "equals", "//*[@id = "fldvendor" + row + ""]", true): Modify property of object successfully

2018-06-09 19:35:41 - [MESSAGE][PASSED] - Modify property of object successfully

2018-06-09 19:35:41 - [TEST_STEP][PASSED] - Statement - batchsize = com.kms.katalon.core.webui.keyword.WebUiBuiltInKeywords.getNumberOfTotalOption(batchlength): 10 options of object '' counted

2018-06-09 19:35:41 - [MESSAGE][PASSED] - 10 options of object '' counted

2018-06-09 19:35:41 - [TEST_STEP][PASSED] - Statement - out.println("BatchSize : " + batchsize): null

2018-06-09 19:35:41 - [TEST_STEP][PASSED] - Statement - For ([n = 1, n <= batchsize - 1, (n++)]): null

2018-06-09 19:35:41 - [TEST_STEP][PASSED] - Statement - product = new com.kms.katalon.core.testobject.TestObject(): null

2018-06-09 19:35:41 - [TEST_STEP][PASSED] - Statement - product = com.kms.katalon.core.webui.keyword.WebUiBuiltInKeywords.modifyObjectProperty(product, "xpath", "equals", "//*[@id = "fldvendor" + row + ""]", true): Modify property of object successfully

2018-06-09 19:35:41 - [MESSAGE][PASSED] - Modify property of object successfully

2018-06-09 19:35:41 - [TEST_STEP][PASSED] - selectOptionByIndex: All options with index in [1] are selected on object ''

2018-06-09 19:35:41 - [MESSAGE][PASSED] - All options with index in [1] are selected on object ''

2018-06-09 19:35:41 - [TEST_STEP][PASSED] - delay: Delayed 2 second(s)

2018-06-09 19:35:43 - [MESSAGE][PASSED] - Delayed 2 second(s)

2018-06-09 19:35:43 - [TEST_STEP][PASSED] - Statement - batch = new com.kms.katalon.core.testobject.TestObject(): null

2018-06-09 19:35:43 - [TEST_STEP][PASSED] - Statement - batch = com.kms.katalon.core.webui.keyword.WebUiBuiltInKeywords.modifyObjectProperty(batch, "xpath", "equals", "//*[@id = "txtbthqty" + row + ""]", true): Modify property of object successfully

2018-06-09 19:35:43 - [MESSAGE][PASSED] - Modify property of object successfully

2018-06-09 19:35:43 - [TEST_STEP][PASSED] - Statement - batchqty = com.kms.katalon.core.webui.keyword.WebUiBuiltInKeywords.getAttribute(batch, "value").trim(): Attribute 'value' of object '' is: '1500'

2018-06-09 19:35:43 - [MESSAGE][PASSED] - Attribute 'value' of object '' is: '1500'

2018-06-09 19:35:43 - [TEST_STEP][PASSED] - Statement - Rqty = 100: null

2018-06-09 19:35:43 - [TEST_STEP][PASSED] - Statement - out.println("BatchQty : " + batchqty): null

2018-06-09 19:35:43 - [TEST_STEP][PASSED] - Statement - out.println("RQty : " + Rqty): null

2018-06-09 19:35:43 - [TEST_STEP][PASSED] - Statement - If (java.lang.Integer.valueOf(batchqty) >= java.lang.Integer.valueOf(Rqty)): null

2018-06-09 19:35:43 - [TEST_STEP][PASSED] - Statement - Break: null

2018-06-09 19:35:43 - [TEST_STEP][PASSED] - Statement - batchlength = new com.kms.katalon.core.testobject.TestObject(): null

2018-06-09 19:35:43 - [TEST_STEP][PASSED] - Statement - batchlength = com.kms.katalon.core.webui.keyword.WebUiBuiltInKeywords.modifyObjectProperty(batchlength, "xpath", "equals", "//*[@id = "fldvendor" + row + ""]", true): Modify property of object successfully

2018-06-09 19:35:43 - [MESSAGE][PASSED] - Modify property of object successfully

2018-06-09 19:35:43 - [TEST_STEP][PASSED] - Statement - batchsize = com.kms.katalon.core.webui.keyword.WebUiBuiltInKeywords.getNumberOfTotalOption(batchlength): 10 options of object '' counted

2018-06-09 19:35:43 - [MESSAGE][PASSED] - 10 options of object '' counted

2018-06-09 19:35:43 - [TEST_STEP][PASSED] - Statement - out.println("BatchSize : " + batchsize): null

2018-06-09 19:35:43 - [TEST_STEP][PASSED] - Statement - For ([n = 1, n <= batchsize - 1, (n++)]): null

2018-06-09 19:35:43 - [TEST_STEP][PASSED] - Statement - product = new com.kms.katalon.core.testobject.TestObject(): null

2018-06-09 19:35:43 - [TEST_STEP][PASSED] - Statement - product = com.kms.katalon.core.webui.keyword.WebUiBuiltInKeywords.modifyObjectProperty(product, "xpath", "equals", "//*[@id = "fldvendor" + row + ""]", true): Modify property of object successfully

2018-06-09 19:35:43 - [MESSAGE][PASSED] - Modify property of object successfully

2018-06-09 19:35:43 - [TEST_STEP][PASSED] - selectOptionByIndex: All options with index in [1] are selected on object ''

2018-06-09 19:35:44 - [MESSAGE][PASSED] - All options with index in [1] are selected on object ''

2018-06-09 19:35:44 - [TEST_STEP][PASSED] - delay: Delayed 2 second(s)

2018-06-09 19:35:46 - [MESSAGE][PASSED] - Delayed 2 second(s)

2018-06-09 19:35:46 - [TEST_STEP][PASSED] - Statement - batch = new com.kms.katalon.core.testobject.TestObject(): null

2018-06-09 19:35:46 - [TEST_STEP][PASSED] - Statement - batch = com.kms.katalon.core.webui.keyword.WebUiBuiltInKeywords.modifyObjectProperty(batch, "xpath", "equals", "//*[@id = "txtbthqty" + row + ""]", true): Modify property of object successfully

2018-06-09 19:35:46 - [MESSAGE][PASSED] - Modify property of object successfully

2018-06-09 19:35:46 - [TEST_STEP][PASSED] - Statement - batchqty = com.kms.katalon.core.webui.keyword.WebUiBuiltInKeywords.getAttribute(batch, "value").trim(): Attribute 'value' of object '' is: '4300'

2018-06-09 19:35:46 - [MESSAGE][PASSED] - Attribute 'value' of object '' is: '4300'

2018-06-09 19:35:46 - [TEST_STEP][PASSED] - Statement - Rqty = 100: null

2018-06-09 19:35:46 - [TEST_STEP][PASSED] - Statement - out.println("BatchQty : " + batchqty): null

2018-06-09 19:35:46 - [TEST_STEP][PASSED] - Statement - out.println("RQty : " + Rqty): null

2018-06-09 19:35:46 - [TEST_STEP][PASSED] - Statement - If (java.lang.Integer.valueOf(batchqty) >= java.lang.Integer.valueOf(Rqty)): null

2018-06-09 19:35:46 - [TEST_STEP][PASSED] - Statement - Break: null

2018-06-09 19:35:46 - [TEST_STEP][PASSED] - Statement - batchlength = new com.kms.katalon.core.testobject.TestObject(): null

2018-06-09 19:35:46 - [TEST_STEP][PASSED] - Statement - batchlength = com.kms.katalon.core.webui.keyword.WebUiBuiltInKeywords.modifyObjectProperty(batchlength, "xpath", "equals", "//*[@id = "fldvendor" + row + ""]", true): Modify property of object successfully

2018-06-09 19:35:46 - [MESSAGE][PASSED] - Modify property of object successfully

2018-06-09 19:35:46 - [TEST_STEP][PASSED] - Statement - batchsize = com.kms.katalon.core.webui.keyword.WebUiBuiltInKeywords.getNumberOfTotalOption(batchlength): 10 options of object '' counted

2018-06-09 19:35:46 - [MESSAGE][PASSED] - 10 options of object '' counted

2018-06-09 19:35:46 - [TEST_STEP][PASSED] - Statement - out.println("BatchSize : " + batchsize): null

2018-06-09 19:35:46 - [TEST_STEP][PASSED] - Statement - For ([n = 1, n <= batchsize - 1, (n++)]): null

2018-06-09 19:35:46 - [TEST_STEP][PASSED] - Statement - product = new com.kms.katalon.core.testobject.TestObject(): null

2018-06-09 19:35:46 - [TEST_STEP][PASSED] - Statement - product = com.kms.katalon.core.webui.keyword.WebUiBuiltInKeywords.modifyObjectProperty(product, "xpath", "equals", "//*[@id = "fldvendor" + row + ""]", true): Modify property of object successfully

2018-06-09 19:35:46 - [MESSAGE][PASSED] - Modify property of object successfully

2018-06-09 19:35:46 - [TEST_STEP][PASSED] - selectOptionByIndex: All options with index in [1] are selected on object ''

2018-06-09 19:35:46 - [MESSAGE][PASSED] - All options with index in [1] are selected on object ''

2018-06-09 19:35:46 - [TEST_STEP][PASSED] - delay: Delayed 2 second(s)

2018-06-09 19:35:48 - [MESSAGE][PASSED] - Delayed 2 second(s)

2018-06-09 19:35:48 - [TEST_STEP][PASSED] - Statement - batch = new com.kms.katalon.core.testobject.TestObject(): null

2018-06-09 19:35:48 - [TEST_STEP][PASSED] - Statement - batch = com.kms.katalon.core.webui.keyword.WebUiBuiltInKeywords.modifyObjectProperty(batch, "xpath", "equals", "//*[@id = "txtbthqty" + row + ""]", true): Modify property of object successfully

2018-06-09 19:35:48 - [MESSAGE][PASSED] - Modify property of object successfully

2018-06-09 19:35:48 - [TEST_STEP][PASSED] - Statement - batchqty = com.kms.katalon.core.webui.keyword.WebUiBuiltInKeywords.getAttribute(batch, "value").trim(): Attribute 'value' of object '' is: '1500'

2018-06-09 19:35:48 - [MESSAGE][PASSED] - Attribute 'value' of object '' is: '1500'

2018-06-09 19:35:48 - [TEST_STEP][PASSED] - Statement - Rqty = 100: null

2018-06-09 19:35:48 - [TEST_STEP][PASSED] - Statement - out.println("BatchQty : " + batchqty): null

2018-06-09 19:35:48 - [TEST_STEP][PASSED] - Statement - out.println("RQty : " + Rqty): null

2018-06-09 19:35:48 - [TEST_STEP][PASSED] - Statement - If (java.lang.Integer.valueOf(batchqty) >= java.lang.Integer.valueOf(Rqty)): null

2018-06-09 19:35:48 - [TEST_STEP][PASSED] - Statement - Break: null

2018-06-09 19:35:48 - [TEST_STEP][PASSED] - Statement - batchlength = new com.kms.katalon.core.testobject.TestObject(): null

2018-06-09 19:35:48 - [TEST_STEP][PASSED] - Statement - batchlength = com.kms.katalon.core.webui.keyword.WebUiBuiltInKeywords.modifyObjectProperty(batchlength, "xpath", "equals", "//*[@id = "fldvendor" + row + ""]", true): Modify property of object successfully

2018-06-09 19:35:48 - [MESSAGE][PASSED] - Modify property of object successfully

2018-06-09 19:35:48 - [TEST_STEP][PASSED] - Statement - batchsize = com.kms.katalon.core.webui.keyword.WebUiBuiltInKeywords.getNumberOfTotalOption(batchlength): 10 options of object '' counted

2018-06-09 19:35:48 - [MESSAGE][PASSED] - 10 options of object '' counted

2018-06-09 19:35:48 - [TEST_STEP][PASSED] - Statement - out.println("BatchSize : " + batchsize): null

2018-06-09 19:35:48 - [TEST_STEP][PASSED] - Statement - For ([n = 1, n <= batchsize - 1, (n++)]): null

2018-06-09 19:35:48 - [TEST_STEP][PASSED] - Statement - product = new com.kms.katalon.core.testobject.TestObject(): null

2018-06-09 19:35:48 - [TEST_STEP][PASSED] - Statement - product = com.kms.katalon.core.webui.keyword.WebUiBuiltInKeywords.modifyObjectProperty(product, "xpath", "equals", "//*[@id = "fldvendor" + row + ""]", true): Modify property of object successfully

2018-06-09 19:35:48 - [MESSAGE][PASSED] - Modify property of object successfully

2018-06-09 19:35:48 - [TEST_STEP][PASSED] - selectOptionByIndex: All options with index in [1] are selected on object ''

2018-06-09 19:35:48 - [MESSAGE][PASSED] - All options with index in [1] are selected on object ''

2018-06-09 19:35:48 - [TEST_STEP][PASSED] - delay: Delayed 2 second(s)

2018-06-09 19:35:50 - [MESSAGE][PASSED] - Delayed 2 second(s)

2018-06-09 19:35:50 - [TEST_STEP][PASSED] - Statement - batch = new com.kms.katalon.core.testobject.TestObject(): null

2018-06-09 19:35:50 - [TEST_STEP][PASSED] - Statement - batch = com.kms.katalon.core.webui.keyword.WebUiBuiltInKeywords.modifyObjectProperty(batch, "xpath", "equals", "//*[@id = "txtbthqty" + row + ""]", true): Modify property of object successfully

2018-06-09 19:35:50 - [MESSAGE][PASSED] - Modify property of object successfully

2018-06-09 19:35:50 - [TEST_STEP][PASSED] - Statement - batchqty = com.kms.katalon.core.webui.keyword.WebUiBuiltInKeywords.getAttribute(batch, "value").trim(): Attribute 'value' of object '' is: '3400'

2018-06-09 19:35:50 - [MESSAGE][PASSED] - Attribute 'value' of object '' is: '3400'

2018-06-09 19:35:50 - [TEST_STEP][PASSED] - Statement - Rqty = 100: null

2018-06-09 19:35:50 - [TEST_STEP][PASSED] - Statement - out.println("BatchQty : " + batchqty): null

2018-06-09 19:35:50 - [TEST_STEP][PASSED] - Statement - out.println("RQty : " + Rqty): null

2018-06-09 19:35:50 - [TEST_STEP][PASSED] - Statement - If (java.lang.Integer.valueOf(batchqty) >= java.lang.Integer.valueOf(Rqty)): null

2018-06-09 19:35:50 - [TEST_STEP][PASSED] - Statement - Break: null

2018-06-09 19:35:50 - [TEST_STEP][PASSED] - Statement - batchlength = new com.kms.katalon.core.testobject.TestObject(): null

2018-06-09 19:35:50 - [TEST_STEP][PASSED] - Statement - batchlength = com.kms.katalon.core.webui.keyword.WebUiBuiltInKeywords.modifyObjectProperty(batchlength, "xpath", "equals", "//*[@id = "fldvendor" + row + ""]", true): Modify property of object successfully

2018-06-09 19:35:50 - [MESSAGE][PASSED] - Modify property of object successfully

2018-06-09 19:35:50 - [TEST_STEP][PASSED] - Statement - batchsize = com.kms.katalon.core.webui.keyword.WebUiBuiltInKeywords.getNumberOfTotalOption(batchlength): 10 options of object '' counted

2018-06-09 19:35:50 - [MESSAGE][PASSED] - 10 options of object '' counted

2018-06-09 19:35:50 - [TEST_STEP][PASSED] - Statement - out.println("BatchSize : " + batchsize): null

2018-06-09 19:35:50 - [TEST_STEP][PASSED] - Statement - For ([n = 1, n <= batchsize - 1, (n++)]): null

2018-06-09 19:35:50 - [TEST_STEP][PASSED] - Statement - product = new com.kms.katalon.core.testobject.TestObject(): null

2018-06-09 19:35:50 - [TEST_STEP][PASSED] - Statement - product = com.kms.katalon.core.webui.keyword.WebUiBuiltInKeywords.modifyObjectProperty(product, "xpath", "equals", "//*[@id = "fldvendor" + row + ""]", true): Modify property of object successfully

2018-06-09 19:35:50 - [MESSAGE][PASSED] - Modify property of object successfully

2018-06-09 19:35:50 - [TEST_STEP][PASSED] - selectOptionByIndex: All options with index in [1] are selected on object ''

2018-06-09 19:35:50 - [MESSAGE][PASSED] - All options with index in [1] are selected on object ''

2018-06-09 19:35:50 - [TEST_STEP][PASSED] - delay: Delayed 2 second(s)

2018-06-09 19:35:52 - [MESSAGE][PASSED] - Delayed 2 second(s)

2018-06-09 19:35:52 - [TEST_STEP][PASSED] - Statement - batch = new com.kms.katalon.core.testobject.TestObject(): null

2018-06-09 19:35:52 - [TEST_STEP][PASSED] - Statement - batch = com.kms.katalon.core.webui.keyword.WebUiBuiltInKeywords.modifyObjectProperty(batch, "xpath", "equals", "//*[@id = "txtbthqty" + row + ""]", true): Modify property of object successfully

2018-06-09 19:35:52 - [MESSAGE][PASSED] - Modify property of object successfully

2018-06-09 19:35:52 - [TEST_STEP][PASSED] - Statement - batchqty = com.kms.katalon.core.webui.keyword.WebUiBuiltInKeywords.getAttribute(batch, "value").trim(): Attribute 'value' of object '' is: '3400'

2018-06-09 19:35:52 - [MESSAGE][PASSED] - Attribute 'value' of object '' is: '3400'

2018-06-09 19:35:52 - [TEST_STEP][PASSED] - Statement - Rqty = 100: null

2018-06-09 19:35:52 - [TEST_STEP][PASSED] - Statement - out.println("BatchQty : " + batchqty): null

2018-06-09 19:35:52 - [TEST_STEP][PASSED] - Statement - out.println("RQty : " + Rqty): null

2018-06-09 19:35:52 - [TEST_STEP][PASSED] - Statement - If (java.lang.Integer.valueOf(batchqty) >= java.lang.Integer.valueOf(Rqty)): null

2018-06-09 19:35:52 - [TEST_STEP][PASSED] - Statement - Break: null

2018-06-09 19:35:52 - [TEST_STEP][PASSED] - Statement - batchlength = new com.kms.katalon.core.testobject.TestObject(): null

2018-06-09 19:35:52 - [TEST_STEP][PASSED] - Statement - batchlength = com.kms.katalon.core.webui.keyword.WebUiBuiltInKeywords.modifyObjectProperty(batchlength, "xpath", "equals", "//*[@id = "fldvendor" + row + ""]", true): Modify property of object successfully

2018-06-09 19:35:52 - [MESSAGE][PASSED] - Modify property of object successfully

2018-06-09 19:35:52 - [TEST_STEP][PASSED] - Statement - batchsize = com.kms.katalon.core.webui.keyword.WebUiBuiltInKeywords.getNumberOfTotalOption(batchlength): 10 options of object '' counted

2018-06-09 19:35:52 - [MESSAGE][PASSED] - 10 options of object '' counted

2018-06-09 19:35:52 - [TEST_STEP][PASSED] - Statement - out.println("BatchSize : " + batchsize): null

2018-06-09 19:35:52 - [TEST_STEP][PASSED] - Statement - For ([n = 1, n <= batchsize - 1, (n++)]): null

2018-06-09 19:35:52 - [TEST_STEP][PASSED] - Statement - product = new com.kms.katalon.core.testobject.TestObject(): null

2018-06-09 19:35:52 - [TEST_STEP][PASSED] - Statement - product = com.kms.katalon.core.webui.keyword.WebUiBuiltInKeywords.modifyObjectProperty(product, "xpath", "equals", "//*[@id = "fldvendor" + row + ""]", true): Modify property of object successfully

2018-06-09 19:35:52 - [MESSAGE][PASSED] - Modify property of object successfully

2018-06-09 19:35:52 - [TEST_STEP][PASSED] - selectOptionByIndex: All options with index in [1] are selected on object ''

2018-06-09 19:35:53 - [MESSAGE][PASSED] - All options with index in [1] are selected on object ''

2018-06-09 19:35:53 - [TEST_STEP][PASSED] - delay: Delayed 2 second(s)

2018-06-09 19:35:55 - [MESSAGE][PASSED] - Delayed 2 second(s)

2018-06-09 19:35:55 - [TEST_STEP][PASSED] - Statement - batch = new com.kms.katalon.core.testobject.TestObject(): null

2018-06-09 19:35:55 - [TEST_STEP][PASSED] - Statement - batch = com.kms.katalon.core.webui.keyword.WebUiBuiltInKeywords.modifyObjectProperty(batch, "xpath", "equals", "//*[@id = "txtbthqty" + row + ""]", true): Modify property of object successfully

2018-06-09 19:35:55 - [MESSAGE][PASSED] - Modify property of object successfully

2018-06-09 19:35:55 - [TEST_STEP][PASSED] - Statement - batchqty = com.kms.katalon.core.webui.keyword.WebUiBuiltInKeywords.getAttribute(batch, "value").trim(): Attribute 'value' of object '' is: '2500'

2018-06-09 19:35:55 - [MESSAGE][PASSED] - Attribute 'value' of object '' is: '2500'

2018-06-09 19:35:55 - [TEST_STEP][PASSED] - Statement - Rqty = 100: null

2018-06-09 19:35:55 - [TEST_STEP][PASSED] - Statement - out.println("BatchQty : " + batchqty): null

2018-06-09 19:35:55 - [TEST_STEP][PASSED] - Statement - out.println("RQty : " + Rqty): null

2018-06-09 19:35:55 - [TEST_STEP][PASSED] - Statement - If (java.lang.Integer.valueOf(batchqty) >= java.lang.Integer.valueOf(Rqty)): null

2018-06-09 19:35:55 - [TEST_STEP][PASSED] - Statement - Break: null

2018-06-09 19:35:55 - [TEST_STEP][PASSED] - Statement - batchlength = new com.kms.katalon.core.testobject.TestObject(): null

2018-06-09 19:35:55 - [TEST_STEP][PASSED] - Statement - batchlength = com.kms.katalon.core.webui.keyword.WebUiBuiltInKeywords.modifyObjectProperty(batchlength, "xpath", "equals", "//*[@id = "fldvendor" + row + ""]", true): Modify property of object successfully

2018-06-09 19:35:55 - [MESSAGE][PASSED] - Modify property of object successfully

2018-06-09 19:35:55 - [TEST_STEP][PASSED] - Statement - batchsize = com.kms.katalon.core.webui.keyword.WebUiBuiltInKeywords.getNumberOfTotalOption(batchlength): 10 options of object '' counted

2018-06-09 19:35:55 - [MESSAGE][PASSED] - 10 options of object '' counted

2018-06-09 19:35:55 - [TEST_STEP][PASSED] - Statement - out.println("BatchSize : " + batchsize): null

2018-06-09 19:35:55 - [TEST_STEP][PASSED] - Statement - For ([n = 1, n <= batchsize - 1, (n++)]): null

2018-06-09 19:35:55 - [TEST_STEP][PASSED] - Statement - product = new com.kms.katalon.core.testobject.TestObject(): null

2018-06-09 19:35:55 - [TEST_STEP][PASSED] - Statement - product = com.kms.katalon.core.webui.keyword.WebUiBuiltInKeywords.modifyObjectProperty(product, "xpath", "equals", "//*[@id = "fldvendor" + row + ""]", true): Modify property of object successfully

2018-06-09 19:35:55 - [MESSAGE][PASSED] - Modify property of object successfully

2018-06-09 19:35:55 - [TEST_STEP][PASSED] - selectOptionByIndex: All options with index in [1] are selected on object ''

2018-06-09 19:35:55 - [MESSAGE][PASSED] - All options with index in [1] are selected on object ''

2018-06-09 19:35:55 - [TEST_STEP][PASSED] - delay: Delayed 2 second(s)

2018-06-09 19:35:57 - [MESSAGE][PASSED] - Delayed 2 second(s)

2018-06-09 19:35:57 - [TEST_STEP][PASSED] - Statement - batch = new com.kms.katalon.core.testobject.TestObject(): null

2018-06-09 19:35:57 - [TEST_STEP][PASSED] - Statement - batch = com.kms.katalon.core.webui.keyword.WebUiBuiltInKeywords.modifyObjectProperty(batch, "xpath", "equals", "//*[@id = "txtbthqty" + row + ""]", true): Modify property of object successfully

2018-06-09 19:35:57 - [MESSAGE][PASSED] - Modify property of object successfully

2018-06-09 19:35:57 - [TEST_STEP][PASSED] - Statement - batchqty = com.kms.katalon.core.webui.keyword.WebUiBuiltInKeywords.getAttribute(batch, "value").trim(): Attribute 'value' of object '' is: '2900'

2018-06-09 19:35:57 - [MESSAGE][PASSED] - Attribute 'value' of object '' is: '2900'

2018-06-09 19:35:57 - [TEST_STEP][PASSED] - Statement - Rqty = 100: null

2018-06-09 19:35:57 - [TEST_STEP][PASSED] - Statement - out.println("BatchQty : " + batchqty): null

2018-06-09 19:35:57 - [TEST_STEP][PASSED] - Statement - out.println("RQty : " + Rqty): null

2018-06-09 19:35:57 - [TEST_STEP][PASSED] - Statement - If (java.lang.Integer.valueOf(batchqty) >= java.lang.Integer.valueOf(Rqty)): null

2018-06-09 19:35:57 - [TEST_STEP][PASSED] - Statement - Break: null

2018-06-09 19:35:57 - [TEST_STEP][PASSED] - Statement - batchlength = new com.kms.katalon.core.testobject.TestObject(): null

2018-06-09 19:35:57 - [TEST_STEP][PASSED] - Statement - batchlength = com.kms.katalon.core.webui.keyword.WebUiBuiltInKeywords.modifyObjectProperty(batchlength, "xpath", "equals", "//*[@id = "fldvendor" + row + ""]", true): Modify property of object successfully

2018-06-09 19:35:57 - [MESSAGE][PASSED] - Modify property of object successfully

2018-06-09 19:35:57 - [TEST_STEP][PASSED] - Statement - batchsize = com.kms.katalon.core.webui.keyword.WebUiBuiltInKeywords.getNumberOfTotalOption(batchlength): 10 options of object '' counted

2018-06-09 19:35:57 - [MESSAGE][PASSED] - 10 options of object '' counted

2018-06-09 19:35:57 - [TEST_STEP][PASSED] - Statement - out.println("BatchSize : " + batchsize): null

2018-06-09 19:35:57 - [TEST_STEP][PASSED] - Statement - For ([n = 1, n <= batchsize - 1, (n++)]): null

2018-06-09 19:35:57 - [TEST_STEP][PASSED] - Statement - product = new com.kms.katalon.core.testobject.TestObject(): null

2018-06-09 19:35:57 - [TEST_STEP][PASSED] - Statement - product = com.kms.katalon.core.webui.keyword.WebUiBuiltInKeywords.modifyObjectProperty(product, "xpath", "equals", "//*[@id = "fldvendor" + row + ""]", true): Modify property of object successfully

2018-06-09 19:35:57 - [MESSAGE][PASSED] - Modify property of object successfully

2018-06-09 19:35:57 - [TEST_STEP][PASSED] - selectOptionByIndex: All options with index in [1] are selected on object ''

2018-06-09 19:35:57 - [MESSAGE][PASSED] - All options with index in [1] are selected on object ''

2018-06-09 19:35:57 - [TEST_STEP][PASSED] - delay: Delayed 2 second(s)

2018-06-09 19:35:59 - [MESSAGE][PASSED] - Delayed 2 second(s)

2018-06-09 19:35:59 - [TEST_STEP][PASSED] - Statement - batch = new com.kms.katalon.core.testobject.TestObject(): null

2018-06-09 19:35:59 - [TEST_STEP][PASSED] - Statement - batch = com.kms.katalon.core.webui.keyword.WebUiBuiltInKeywords.modifyObjectProperty(batch, "xpath", "equals", "//*[@id = "txtbthqty" + row + ""]", true): Modify property of object successfully

2018-06-09 19:35:59 - [MESSAGE][PASSED] - Modify property of object successfully

2018-06-09 19:35:59 - [TEST_STEP][PASSED] - Statement - batchqty = com.kms.katalon.core.webui.keyword.WebUiBuiltInKeywords.getAttribute(batch, "value").trim(): Attribute 'value' of object '' is: '3100'

2018-06-09 19:35:59 - [MESSAGE][PASSED] - Attribute 'value' of object '' is: '3100'

2018-06-09 19:35:59 - [TEST_STEP][PASSED] - Statement - Rqty = 100: null

2018-06-09 19:35:59 - [TEST_STEP][PASSED] - Statement - out.println("BatchQty : " + batchqty): null

2018-06-09 19:35:59 - [TEST_STEP][PASSED] - Statement - out.println("RQty : " + Rqty): null

2018-06-09 19:35:59 - [TEST_STEP][PASSED] - Statement - If (java.lang.Integer.valueOf(batchqty) >= java.lang.Integer.valueOf(Rqty)): null

2018-06-09 19:35:59 - [TEST_STEP][PASSED] - Statement - Break: null

2018-06-09 19:35:59 - [TEST_STEP][PASSED] - Statement - batchlength = new com.kms.katalon.core.testobject.TestObject(): null

2018-06-09 19:35:59 - [TEST_STEP][PASSED] - Statement - batchlength = com.kms.katalon.core.webui.keyword.WebUiBuiltInKeywords.modifyObjectProperty(batchlength, "xpath", "equals", "//*[@id = "fldvendor" + row + ""]", true): Modify property of object successfully

2018-06-09 19:35:59 - [MESSAGE][PASSED] - Modify property of object successfully

2018-06-09 19:35:59 - [TEST_STEP][PASSED] - Statement - batchsize = com.kms.katalon.core.webui.keyword.WebUiBuiltInKeywords.getNumberOfTotalOption(batchlength): 10 options of object '' counted

2018-06-09 19:35:59 - [MESSAGE][PASSED] - 10 options of object '' counted

2018-06-09 19:35:59 - [TEST_STEP][PASSED] - Statement - out.println("BatchSize : " + batchsize): null

2018-06-09 19:35:59 - [TEST_STEP][PASSED] - Statement - For ([n = 1, n <= batchsize - 1, (n++)]): null

2018-06-09 19:35:59 - [TEST_STEP][PASSED] - Statement - product = new com.kms.katalon.core.testobject.TestObject(): null

2018-06-09 19:35:59 - [TEST_STEP][PASSED] - Statement - product = com.kms.katalon.core.webui.keyword.WebUiBuiltInKeywords.modifyObjectProperty(product, "xpath", "equals", "//*[@id = "fldvendor" + row + ""]", true): Modify property of object successfully

2018-06-09 19:35:59 - [MESSAGE][PASSED] - Modify property of object successfully

2018-06-09 19:35:59 - [TEST_STEP][PASSED] - selectOptionByIndex: All options with index in [1] are selected on object ''

2018-06-09 19:35:59 - [MESSAGE][PASSED] - All options with index in [1] are selected on object ''

2018-06-09 19:35:59 - [TEST_STEP][PASSED] - delay: Delayed 2 second(s)

2018-06-09 19:36:01 - [MESSAGE][PASSED] - Delayed 2 second(s)

2018-06-09 19:36:01 - [TEST_STEP][PASSED] - Statement - batch = new com.kms.katalon.core.testobject.TestObject(): null

2018-06-09 19:36:01 - [TEST_STEP][PASSED] - Statement - batch = com.kms.katalon.core.webui.keyword.WebUiBuiltInKeywords.modifyObjectProperty(batch, "xpath", "equals", "//*[@id = "txtbthqty" + row + ""]", true): Modify property of object successfully

2018-06-09 19:36:01 - [MESSAGE][PASSED] - Modify property of object successfully

2018-06-09 19:36:01 - [TEST_STEP][PASSED] - Statement - batchqty = com.kms.katalon.core.webui.keyword.WebUiBuiltInKeywords.getAttribute(batch, "value").trim(): Attribute 'value' of object '' is: '1500'

2018-06-09 19:36:01 - [MESSAGE][PASSED] - Attribute 'value' of object '' is: '1500'

2018-06-09 19:36:01 - [TEST_STEP][PASSED] - Statement - Rqty = 100: null

2018-06-09 19:36:01 - [TEST_STEP][PASSED] - Statement - out.println("BatchQty : " + batchqty): null

2018-06-09 19:36:01 - [TEST_STEP][PASSED] - Statement - out.println("RQty : " + Rqty): null

2018-06-09 19:36:01 - [TEST_STEP][PASSED] - Statement - If (java.lang.Integer.valueOf(batchqty) >= java.lang.Integer.valueOf(Rqty)): null

2018-06-09 19:36:01 - [TEST_STEP][PASSED] - Statement - Break: null

2018-06-09 19:36:01 - [TEST_STEP][PASSED] - Statement - batchlength = new com.kms.katalon.core.testobject.TestObject(): null

2018-06-09 19:36:01 - [TEST_STEP][PASSED] - Statement - batchlength = com.kms.katalon.core.webui.keyword.WebUiBuiltInKeywords.modifyObjectProperty(batchlength, "xpath", "equals", "//*[@id = "fldvendor" + row + ""]", true): Modify property of object successfully

2018-06-09 19:36:01 - [MESSAGE][PASSED] - Modify property of object successfully

2018-06-09 19:36:01 - [TEST_STEP][PASSED] - Statement - batchsize = com.kms.katalon.core.webui.keyword.WebUiBuiltInKeywords.getNumberOfTotalOption(batchlength): 10 options of object '' counted

2018-06-09 19:36:02 - [MESSAGE][PASSED] - 10 options of object '' counted

2018-06-09 19:36:02 - [TEST_STEP][PASSED] - Statement - out.println("BatchSize : " + batchsize): null

2018-06-09 19:36:02 - [TEST_STEP][PASSED] - Statement - For ([n = 1, n <= batchsize - 1, (n++)]): null

2018-06-09 19:36:02 - [TEST_STEP][PASSED] - Statement - product = new com.kms.katalon.core.testobject.TestObject(): null

2018-06-09 19:36:02 - [TEST_STEP][PASSED] - Statement - product = com.kms.katalon.core.webui.keyword.WebUiBuiltInKeywords.modifyObjectProperty(product, "xpath", "equals", "//*[@id = "fldvendor" + row + ""]", true): Modify property of object successfully

2018-06-09 19:36:02 - [MESSAGE][PASSED] - Modify property of object successfully

2018-06-09 19:36:02 - [TEST_STEP][PASSED] - selectOptionByIndex: All options with index in [1] are selected on object ''

2018-06-09 19:36:02 - [MESSAGE][PASSED] - All options with index in [1] are selected on object ''

2018-06-09 19:36:02 - [TEST_STEP][PASSED] - delay: Delayed 2 second(s)

2018-06-09 19:36:04 - [MESSAGE][PASSED] - Delayed 2 second(s)

2018-06-09 19:36:04 - [TEST_STEP][PASSED] - Statement - batch = new com.kms.katalon.core.testobject.TestObject(): null

2018-06-09 19:36:04 - [TEST_STEP][PASSED] - Statement - batch = com.kms.katalon.core.webui.keyword.WebUiBuiltInKeywords.modifyObjectProperty(batch, "xpath", "equals", "//*[@id = "txtbthqty" + row + ""]", true): Modify property of object successfully

2018-06-09 19:36:04 - [MESSAGE][PASSED] - Modify property of object successfully

2018-06-09 19:36:04 - [TEST_STEP][PASSED] - Statement - batchqty = com.kms.katalon.core.webui.keyword.WebUiBuiltInKeywords.getAttribute(batch, "value").trim(): Attribute 'value' of object '' is: '4300'

2018-06-09 19:36:04 - [MESSAGE][PASSED] - Attribute 'value' of object '' is: '4300'

2018-06-09 19:36:04 - [TEST_STEP][PASSED] - Statement - Rqty = 100: null

2018-06-09 19:36:04 - [TEST_STEP][PASSED] - Statement - out.println("BatchQty : " + batchqty): null

2018-06-09 19:36:04 - [TEST_STEP][PASSED] - Statement - out.println("RQty : " + Rqty): null

2018-06-09 19:36:04 - [TEST_STEP][PASSED] - Statement - If (java.lang.Integer.valueOf(batchqty) >= java.lang.Integer.valueOf(Rqty)): null

2018-06-09 19:36:04 - [TEST_STEP][PASSED] - Statement - Break: null

2018-06-09 19:36:04 - [TEST_STEP][PASSED] - Statement - batchlength = new com.kms.katalon.core.testobject.TestObject(): null

2018-06-09 19:36:04 - [TEST_STEP][PASSED] - Statement - batchlength = com.kms.katalon.core.webui.keyword.WebUiBuiltInKeywords.modifyObjectProperty(batchlength, "xpath", "equals", "//*[@id = "fldvendor" + row + ""]", true): Modify property of object successfully

2018-06-09 19:36:04 - [MESSAGE][PASSED] - Modify property of object successfully

2018-06-09 19:36:04 - [TEST_STEP][PASSED] - Statement - batchsize = com.kms.katalon.core.webui.keyword.WebUiBuiltInKeywords.getNumberOfTotalOption(batchlength): 10 options of object '' counted

2018-06-09 19:36:04 - [MESSAGE][PASSED] - 10 options of object '' counted

2018-06-09 19:36:04 - [TEST_STEP][PASSED] - Statement - out.println("BatchSize : " + batchsize): null

2018-06-09 19:36:04 - [TEST_STEP][PASSED] - Statement - For ([n = 1, n <= batchsize - 1, (n++)]): null

2018-06-09 19:36:04 - [TEST_STEP][PASSED] - Statement - product = new com.kms.katalon.core.testobject.TestObject(): null

2018-06-09 19:36:04 - [TEST_STEP][PASSED] - Statement - product = com.kms.katalon.core.webui.keyword.WebUiBuiltInKeywords.modifyObjectProperty(product, "xpath", "equals", "//*[@id = "fldvendor" + row + ""]", true): Modify property of object successfully

2018-06-09 19:36:04 - [MESSAGE][PASSED] - Modify property of object successfully

2018-06-09 19:36:04 - [TEST_STEP][PASSED] - selectOptionByIndex: All options with index in [1] are selected on object ''

2018-06-09 19:36:04 - [MESSAGE][PASSED] - All options with index in [1] are selected on object ''

2018-06-09 19:36:04 - [TEST_STEP][PASSED] - delay: Delayed 2 second(s)

2018-06-09 19:36:06 - [MESSAGE][PASSED] - Delayed 2 second(s)

2018-06-09 19:36:06 - [TEST_STEP][PASSED] - Statement - batch = new com.kms.katalon.core.testobject.TestObject(): null

2018-06-09 19:36:06 - [TEST_STEP][PASSED] - Statement - batch = com.kms.katalon.core.webui.keyword.WebUiBuiltInKeywords.modifyObjectProperty(batch, "xpath", "equals", "//*[@id = "txtbthqty" + row + ""]", true): Modify property of object successfully

2018-06-09 19:36:06 - [MESSAGE][PASSED] - Modify property of object successfully

2018-06-09 19:36:06 - [TEST_STEP][PASSED] - Statement - batchqty = com.kms.katalon.core.webui.keyword.WebUiBuiltInKeywords.getAttribute(batch, "value").trim(): Attribute 'value' of object '' is: '4600'

2018-06-09 19:36:06 - [MESSAGE][PASSED] - Attribute 'value' of object '' is: '4600'

2018-06-09 19:36:06 - [TEST_STEP][PASSED] - Statement - Rqty = 100: null

2018-06-09 19:36:06 - [TEST_STEP][PASSED] - Statement - out.println("BatchQty : " + batchqty): null

2018-06-09 19:36:06 - [TEST_STEP][PASSED] - Statement - out.println("RQty : " + Rqty): null

2018-06-09 19:36:06 - [TEST_STEP][PASSED] - Statement - If (java.lang.Integer.valueOf(batchqty) >= java.lang.Integer.valueOf(Rqty)): null

2018-06-09 19:36:06 - [TEST_STEP][PASSED] - Statement - Break: null

2018-06-09 19:36:06 - [TEST_STEP][PASSED] - Statement - batchlength = new com.kms.katalon.core.testobject.TestObject(): null

2018-06-09 19:36:06 - [TEST_STEP][PASSED] - Statement - batchlength = com.kms.katalon.core.webui.keyword.WebUiBuiltInKeywords.modifyObjectProperty(batchlength, "xpath", "equals", "//*[@id = "fldvendor" + row + ""]", true): Modify property of object successfully

2018-06-09 19:36:06 - [MESSAGE][PASSED] - Modify property of object successfully

2018-06-09 19:36:06 - [TEST_STEP][PASSED] - Statement - batchsize = com.kms.katalon.core.webui.keyword.WebUiBuiltInKeywords.getNumberOfTotalOption(batchlength): 10 options of object '' counted

2018-06-09 19:36:06 - [MESSAGE][PASSED] - 10 options of object '' counted

2018-06-09 19:36:06 - [TEST_STEP][PASSED] - Statement - out.println("BatchSize : " + batchsize): null

2018-06-09 19:36:06 - [TEST_STEP][PASSED] - Statement - For ([n = 1, n <= batchsize - 1, (n++)]): null

2018-06-09 19:36:06 - [TEST_STEP][PASSED] - Statement - product = new com.kms.katalon.core.testobject.TestObject(): null

2018-06-09 19:36:06 - [TEST_STEP][PASSED] - Statement - product = com.kms.katalon.core.webui.keyword.WebUiBuiltInKeywords.modifyObjectProperty(product, "xpath", "equals", "//*[@id = "fldvendor" + row + ""]", true): Modify property of object successfully

2018-06-09 19:36:06 - [MESSAGE][PASSED] - Modify property of object successfully

2018-06-09 19:36:06 - [TEST_STEP][PASSED] - selectOptionByIndex: All options with index in [1] are selected on object ''

2018-06-09 19:36:06 - [MESSAGE][PASSED] - All options with index in [1] are selected on object ''

2018-06-09 19:36:06 - [TEST_STEP][PASSED] - delay: Delayed 2 second(s)

2018-06-09 19:36:08 - [MESSAGE][PASSED] - Delayed 2 second(s)

2018-06-09 19:36:08 - [TEST_STEP][PASSED] - Statement - batch = new com.kms.katalon.core.testobject.TestObject(): null

2018-06-09 19:36:08 - [TEST_STEP][PASSED] - Statement - batch = com.kms.katalon.core.webui.keyword.WebUiBuiltInKeywords.modifyObjectProperty(batch, "xpath", "equals", "//*[@id = "txtbthqty" + row + ""]", true): Modify property of object successfully

2018-06-09 19:36:08 - [MESSAGE][PASSED] - Modify property of object successfully

2018-06-09 19:36:08 - [TEST_STEP][PASSED] - Statement - batchqty = com.kms.katalon.core.webui.keyword.WebUiBuiltInKeywords.getAttribute(batch, "value").trim(): Attribute 'value' of object '' is: '36200'

2018-06-09 19:36:08 - [MESSAGE][PASSED] - Attribute 'value' of object '' is: '36200'

2018-06-09 19:36:08 - [TEST_STEP][PASSED] - Statement - Rqty = 100: null

2018-06-09 19:36:08 - [TEST_STEP][PASSED] - Statement - out.println("BatchQty : " + batchqty): null

2018-06-09 19:36:08 - [TEST_STEP][PASSED] - Statement - out.println("RQty : " + Rqty): null

2018-06-09 19:36:08 - [TEST_STEP][PASSED] - Statement - If (java.lang.Integer.valueOf(batchqty) >= java.lang.Integer.valueOf(Rqty)): null

2018-06-09 19:36:08 - [TEST_STEP][PASSED] - Statement - Break: null

2018-06-09 19:36:08 - [TEST_STEP][PASSED] - Statement - batchlength = new com.kms.katalon.core.testobject.TestObject(): null

2018-06-09 19:36:08 - [TEST_STEP][PASSED] - Statement - batchlength = com.kms.katalon.core.webui.keyword.WebUiBuiltInKeywords.modifyObjectProperty(batchlength, "xpath", "equals", "//*[@id = "fldvendor" + row + ""]", true): Modify property of object successfully

2018-06-09 19:36:08 - [MESSAGE][PASSED] - Modify property of object successfully

2018-06-09 19:36:08 - [TEST_STEP][PASSED] - Statement - batchsize = com.kms.katalon.core.webui.keyword.WebUiBuiltInKeywords.getNumberOfTotalOption(batchlength): 10 options of object '' counted

2018-06-09 19:36:08 - [MESSAGE][PASSED] - 10 options of object '' counted

2018-06-09 19:36:08 - [TEST_STEP][PASSED] - Statement - out.println("BatchSize : " + batchsize): null

2018-06-09 19:36:08 - [TEST_STEP][PASSED] - Statement - For ([n = 1, n <= batchsize - 1, (n++)]): null

2018-06-09 19:36:08 - [TEST_STEP][PASSED] - Statement - product = new com.kms.katalon.core.testobject.TestObject(): null

2018-06-09 19:36:08 - [TEST_STEP][PASSED] - Statement - product = com.kms.katalon.core.webui.keyword.WebUiBuiltInKeywords.modifyObjectProperty(product, "xpath", "equals", "//*[@id = "fldvendor" + row + ""]", true): Modify property of object successfully

2018-06-09 19:36:08 - [MESSAGE][PASSED] - Modify property of object successfully

2018-06-09 19:36:08 - [TEST_STEP][PASSED] - selectOptionByIndex: All options with index in [1] are selected on object ''

2018-06-09 19:36:08 - [MESSAGE][PASSED] - All options with index in [1] are selected on object ''

2018-06-09 19:36:08 - [TEST_STEP][PASSED] - delay: Delayed 2 second(s)

2018-06-09 19:36:10 - [MESSAGE][PASSED] - Delayed 2 second(s)

2018-06-09 19:36:10 - [TEST_STEP][PASSED] - Statement - batch = new com.kms.katalon.core.testobject.TestObject(): null

2018-06-09 19:36:10 - [TEST_STEP][PASSED] - Statement - batch = com.kms.katalon.core.webui.keyword.WebUiBuiltInKeywords.modifyObjectProperty(batch, "xpath", "equals", "//*[@id = "txtbthqty" + row + ""]", true): Modify property of object successfully

2018-06-09 19:36:10 - [MESSAGE][PASSED] - Modify property of object successfully

2018-06-09 19:36:10 - [TEST_STEP][PASSED] - Statement - batchqty = com.kms.katalon.core.webui.keyword.WebUiBuiltInKeywords.getAttribute(batch, "value").trim(): Attribute 'value' of object '' is: '3100'

2018-06-09 19:36:10 - [MESSAGE][PASSED] - Attribute 'value' of object '' is: '3100'

2018-06-09 19:36:10 - [TEST_STEP][PASSED] - Statement - Rqty = 100: null

2018-06-09 19:36:10 - [TEST_STEP][PASSED] - Statement - out.println("BatchQty : " + batchqty): null

2018-06-09 19:36:10 - [TEST_STEP][PASSED] - Statement - out.println("RQty : " + Rqty): null

2018-06-09 19:36:10 - [TEST_STEP][PASSED] - Statement - If (java.lang.Integer.valueOf(batchqty) >= java.lang.Integer.valueOf(Rqty)): null

2018-06-09 19:36:10 - [TEST_STEP][PASSED] - Statement - Break: null

2018-06-09 19:36:10 - [TEST_STEP][PASSED] - Statement - batchlength = new com.kms.katalon.core.testobject.TestObject(): null

2018-06-09 19:36:10 - [TEST_STEP][PASSED] - Statement - batchlength = com.kms.katalon.core.webui.keyword.WebUiBuiltInKeywords.modifyObjectProperty(batchlength, "xpath", "equals", "//*[@id = "fldvendor" + row + ""]", true): Modify property of object successfully

2018-06-09 19:36:10 - [MESSAGE][PASSED] - Modify property of object successfully

2018-06-09 19:36:10 - [TEST_STEP][PASSED] - Statement - batchsize = com.kms.katalon.core.webui.keyword.WebUiBuiltInKeywords.getNumberOfTotalOption(batchlength): 10 options of object '' counted

2018-06-09 19:36:11 - [MESSAGE][PASSED] - 10 options of object '' counted

2018-06-09 19:36:11 - [TEST_STEP][PASSED] - Statement - out.println("BatchSize : " + batchsize): null

2018-06-09 19:36:11 - [TEST_STEP][PASSED] - Statement - For ([n = 1, n <= batchsize - 1, (n++)]): null

2018-06-09 19:36:11 - [TEST_STEP][PASSED] - Statement - product = new com.kms.katalon.core.testobject.TestObject(): null

2018-06-09 19:36:11 - [TEST_STEP][PASSED] - Statement - product = com.kms.katalon.core.webui.keyword.WebUiBuiltInKeywords.modifyObjectProperty(product, "xpath", "equals", "//*[@id = "fldvendor" + row + ""]", true): Modify property of object successfully

2018-06-09 19:36:11 - [MESSAGE][PASSED] - Modify property of object successfully

2018-06-09 19:36:11 - [TEST_STEP][PASSED] - selectOptionByIndex: All options with index in [1] are selected on object ''

2018-06-09 19:36:11 - [MESSAGE][PASSED] - All options with index in [1] are selected on object ''

2018-06-09 19:36:11 - [TEST_STEP][PASSED] - delay: Delayed 2 second(s)

2018-06-09 19:36:13 - [MESSAGE][PASSED] - Delayed 2 second(s)

2018-06-09 19:36:13 - [TEST_STEP][PASSED] - Statement - batch = new com.kms.katalon.core.testobject.TestObject(): null

2018-06-09 19:36:13 - [TEST_STEP][PASSED] - Statement - batch = com.kms.katalon.core.webui.keyword.WebUiBuiltInKeywords.modifyObjectProperty(batch, "xpath", "equals", "//*[@id = "txtbthqty" + row + ""]", true): Modify property of object successfully

2018-06-09 19:36:13 - [MESSAGE][PASSED] - Modify property of object successfully

2018-06-09 19:36:13 - [TEST_STEP][PASSED] - Statement - batchqty = com.kms.katalon.core.webui.keyword.WebUiBuiltInKeywords.getAttribute(batch, "value").trim(): Attribute 'value' of object '' is: '3100'

2018-06-09 19:36:13 - [MESSAGE][PASSED] - Attribute 'value' of object '' is: '3100'

2018-06-09 19:36:13 - [TEST_STEP][PASSED] - Statement - Rqty = 100: null

2018-06-09 19:36:13 - [TEST_STEP][PASSED] - Statement - out.println("BatchQty : " + batchqty): null

2018-06-09 19:36:13 - [TEST_STEP][PASSED] - Statement - out.println("RQty : " + Rqty): null

2018-06-09 19:36:13 - [TEST_STEP][PASSED] - Statement - If (java.lang.Integer.valueOf(batchqty) >= java.lang.Integer.valueOf(Rqty)): null

2018-06-09 19:36:13 - [TEST_STEP][PASSED] - Statement - Break: null

2018-06-09 19:36:13 - [TEST_STEP][PASSED] - Statement - batchlength = new com.kms.katalon.core.testobject.TestObject(): null

2018-06-09 19:36:13 - [TEST_STEP][PASSED] - Statement - batchlength = com.kms.katalon.core.webui.keyword.WebUiBuiltInKeywords.modifyObjectProperty(batchlength, "xpath", "equals", "//*[@id = "fldvendor" + row + ""]", true): Modify property of object successfully

2018-06-09 19:36:13 - [MESSAGE][PASSED] - Modify property of object successfully

2018-06-09 19:36:13 - [TEST_STEP][PASSED] - Statement - batchsize = com.kms.katalon.core.webui.keyword.WebUiBuiltInKeywords.getNumberOfTotalOption(batchlength): 10 options of object '' counted

2018-06-09 19:36:13 - [MESSAGE][PASSED] - 10 options of object '' counted

2018-06-09 19:36:13 - [TEST_STEP][PASSED] - Statement - out.println("BatchSize : " + batchsize): null

2018-06-09 19:36:13 - [TEST_STEP][PASSED] - Statement - For ([n = 1, n <= batchsize - 1, (n++)]): null

2018-06-09 19:36:13 - [TEST_STEP][PASSED] - Statement - product = new com.kms.katalon.core.testobject.TestObject(): null

2018-06-09 19:36:13 - [TEST_STEP][PASSED] - Statement - product = com.kms.katalon.core.webui.keyword.WebUiBuiltInKeywords.modifyObjectProperty(product, "xpath", "equals", "//*[@id = "fldvendor" + row + ""]", true): Modify property of object successfully

2018-06-09 19:36:13 - [MESSAGE][PASSED] - Modify property of object successfully

2018-06-09 19:36:13 - [TEST_STEP][PASSED] - selectOptionByIndex: All options with index in [1] are selected on object ''

2018-06-09 19:36:13 - [MESSAGE][PASSED] - All options with index in [1] are selected on object ''

2018-06-09 19:36:13 - [TEST_STEP][PASSED] - delay: Delayed 2 second(s)

2018-06-09 19:36:15 - [MESSAGE][PASSED] - Delayed 2 second(s)

2018-06-09 19:36:15 - [TEST_STEP][PASSED] - Statement - batch = new com.kms.katalon.core.testobject.TestObject(): null

2018-06-09 19:36:15 - [TEST_STEP][PASSED] - Statement - batch = com.kms.katalon.core.webui.keyword.WebUiBuiltInKeywords.modifyObjectProperty(batch, "xpath", "equals", "//*[@id = "txtbthqty" + row + ""]", true): Modify property of object successfully

2018-06-09 19:36:15 - [MESSAGE][PASSED] - Modify property of object successfully

2018-06-09 19:36:15 - [TEST_STEP][PASSED] - Statement - batchqty = com.kms.katalon.core.webui.keyword.WebUiBuiltInKeywords.getAttribute(batch, "value").trim(): Attribute 'value' of object '' is: '4300'

2018-06-09 19:36:15 - [MESSAGE][PASSED] - Attribute 'value' of object '' is: '4300'

2018-06-09 19:36:15 - [TEST_STEP][PASSED] - Statement - Rqty = 100: null

2018-06-09 19:36:15 - [TEST_STEP][PASSED] - Statement - out.println("BatchQty : " + batchqty): null

2018-06-09 19:36:15 - [TEST_STEP][PASSED] - Statement - out.println("RQty : " + Rqty): null

2018-06-09 19:36:15 - [TEST_STEP][PASSED] - Statement - If (java.lang.Integer.valueOf(batchqty) >= java.lang.Integer.valueOf(Rqty)): null

2018-06-09 19:36:15 - [TEST_STEP][PASSED] - Statement - Break: null

2018-06-09 19:36:15 - [TEST_STEP][PASSED] - Statement - batchlength = new com.kms.katalon.core.testobject.TestObject(): null

2018-06-09 19:36:15 - [TEST_STEP][PASSED] - Statement - batchlength = com.kms.katalon.core.webui.keyword.WebUiBuiltInKeywords.modifyObjectProperty(batchlength, "xpath", "equals", "//*[@id = "fldvendor" + row + ""]", true): Modify property of object successfully

2018-06-09 19:36:15 - [MESSAGE][PASSED] - Modify property of object successfully

2018-06-09 19:36:15 - [TEST_STEP][PASSED] - Statement - batchsize = com.kms.katalon.core.webui.keyword.WebUiBuiltInKeywords.getNumberOfTotalOption(batchlength): 10 options of object '' counted

2018-06-09 19:36:15 - [MESSAGE][PASSED] - 10 options of object '' counted

2018-06-09 19:36:15 - [TEST_STEP][PASSED] - Statement - out.println("BatchSize : " + batchsize): null

2018-06-09 19:36:15 - [TEST_STEP][PASSED] - Statement - For ([n = 1, n <= batchsize - 1, (n++)]): null

2018-06-09 19:36:15 - [TEST_STEP][PASSED] - Statement - product = new com.kms.katalon.core.testobject.TestObject(): null

2018-06-09 19:36:15 - [TEST_STEP][PASSED] - Statement - product = com.kms.katalon.core.webui.keyword.WebUiBuiltInKeywords.modifyObjectProperty(product, "xpath", "equals", "//*[@id = "fldvendor" + row + ""]", true): Modify property of object successfully

2018-06-09 19:36:15 - [MESSAGE][PASSED] - Modify property of object successfully

2018-06-09 19:36:15 - [TEST_STEP][PASSED] - selectOptionByIndex: All options with index in [1] are selected on object ''

2018-06-09 19:36:15 - [MESSAGE][PASSED] - All options with index in [1] are selected on object ''

2018-06-09 19:36:15 - [TEST_STEP][PASSED] - delay: Delayed 2 second(s)

2018-06-09 19:36:17 - [MESSAGE][PASSED] - Delayed 2 second(s)

2018-06-09 19:36:17 - [TEST_STEP][PASSED] - Statement - batch = new com.kms.katalon.core.testobject.TestObject(): null

2018-06-09 19:36:17 - [TEST_STEP][PASSED] - Statement - batch = com.kms.katalon.core.webui.keyword.WebUiBuiltInKeywords.modifyObjectProperty(batch, "xpath", "equals", "//*[@id = "txtbthqty" + row + ""]", true): Modify property of object successfully

2018-06-09 19:36:17 - [MESSAGE][PASSED] - Modify property of object successfully

2018-06-09 19:36:17 - [TEST_STEP][PASSED] - Statement - batchqty = com.kms.katalon.core.webui.keyword.WebUiBuiltInKeywords.getAttribute(batch, "value").trim(): Attribute 'value' of object '' is: '4600'

2018-06-09 19:36:17 - [MESSAGE][PASSED] - Attribute 'value' of object '' is: '4600'

2018-06-09 19:36:17 - [TEST_STEP][PASSED] - Statement - Rqty = 100: null

2018-06-09 19:36:17 - [TEST_STEP][PASSED] - Statement - out.println("BatchQty : " + batchqty): null

2018-06-09 19:36:17 - [TEST_STEP][PASSED] - Statement - out.println("RQty : " + Rqty): null

2018-06-09 19:36:17 - [TEST_STEP][PASSED] - Statement - If (java.lang.Integer.valueOf(batchqty) >= java.lang.Integer.valueOf(Rqty)): null

2018-06-09 19:36:17 - [TEST_STEP][PASSED] - Statement - Break: null

2018-06-09 19:36:17 - [TEST_STEP][PASSED] - Statement - batchlength = new com.kms.katalon.core.testobject.TestObject(): null

2018-06-09 19:36:17 - [TEST_STEP][PASSED] - Statement - batchlength = com.kms.katalon.core.webui.keyword.WebUiBuiltInKeywords.modifyObjectProperty(batchlength, "xpath", "equals", "//*[@id = "fldvendor" + row + ""]", true): Modify property of object successfully

2018-06-09 19:36:17 - [MESSAGE][PASSED] - Modify property of object successfully

2018-06-09 19:36:17 - [TEST_STEP][PASSED] - Statement - batchsize = com.kms.katalon.core.webui.keyword.WebUiBuiltInKeywords.getNumberOfTotalOption(batchlength): 10 options of object '' counted

2018-06-09 19:36:17 - [MESSAGE][PASSED] - 10 options of object '' counted

2018-06-09 19:36:17 - [TEST_STEP][PASSED] - Statement - out.println("BatchSize : " + batchsize): null

2018-06-09 19:36:17 - [TEST_STEP][PASSED] - Statement - For ([n = 1, n <= batchsize - 1, (n++)]): null

2018-06-09 19:36:17 - [TEST_STEP][PASSED] - Statement - product = new com.kms.katalon.core.testobject.TestObject(): null

2018-06-09 19:36:17 - [TEST_STEP][PASSED] - Statement - product = com.kms.katalon.core.webui.keyword.WebUiBuiltInKeywords.modifyObjectProperty(product, "xpath", "equals", "//*[@id = "fldvendor" + row + ""]", true): Modify property of object successfully

2018-06-09 19:36:17 - [MESSAGE][PASSED] - Modify property of object successfully

2018-06-09 19:36:17 - [TEST_STEP][PASSED] - selectOptionByIndex: All options with index in [1] are selected on object ''

2018-06-09 19:36:17 - [MESSAGE][PASSED] - All options with index in [1] are selected on object ''

2018-06-09 19:36:17 - [TEST_STEP][PASSED] - delay: Delayed 2 second(s)

2018-06-09 19:36:19 - [MESSAGE][PASSED] - Delayed 2 second(s)

2018-06-09 19:36:19 - [TEST_STEP][PASSED] - Statement - batch = new com.kms.katalon.core.testobject.TestObject(): null

2018-06-09 19:36:19 - [TEST_STEP][PASSED] - Statement - batch = com.kms.katalon.core.webui.keyword.WebUiBuiltInKeywords.modifyObjectProperty(batch, "xpath", "equals", "//*[@id = "txtbthqty" + row + ""]", true): Modify property of object successfully

2018-06-09 19:36:19 - [MESSAGE][PASSED] - Modify property of object successfully

2018-06-09 19:36:19 - [TEST_STEP][PASSED] - Statement - batchqty = com.kms.katalon.core.webui.keyword.WebUiBuiltInKeywords.getAttribute(batch, "value").trim(): Attribute 'value' of object '' is: '3100'

2018-06-09 19:36:20 - [MESSAGE][PASSED] - Attribute 'value' of object '' is: '3100'

2018-06-09 19:36:20 - [TEST_STEP][PASSED] - Statement - Rqty = 100: null

2018-06-09 19:36:20 - [TEST_STEP][PASSED] - Statement - out.println("BatchQty : " + batchqty): null

2018-06-09 19:36:20 - [TEST_STEP][PASSED] - Statement - out.println("RQty : " + Rqty): null

2018-06-09 19:36:20 - [TEST_STEP][PASSED] - Statement - If (java.lang.Integer.valueOf(batchqty) >= java.lang.Integer.valueOf(Rqty)): null

2018-06-09 19:36:20 - [TEST_STEP][PASSED] - Statement - Break: null

2018-06-09 19:36:20 - [TEST_STEP][PASSED] - Statement - batchlength = new com.kms.katalon.core.testobject.TestObject(): null

2018-06-09 19:36:20 - [TEST_STEP][PASSED] - Statement - batchlength = com.kms.katalon.core.webui.keyword.WebUiBuiltInKeywords.modifyObjectProperty(batchlength, "xpath", "equals", "//*[@id = "fldvendor" + row + ""]", true): Modify property of object successfully

2018-06-09 19:36:20 - [MESSAGE][PASSED] - Modify property of object successfully

2018-06-09 19:36:20 - [TEST_STEP][PASSED] - Statement - batchsize = com.kms.katalon.core.webui.keyword.WebUiBuiltInKeywords.getNumberOfTotalOption(batchlength): 10 options of object '' counted

2018-06-09 19:36:20 - [MESSAGE][PASSED] - 10 options of object '' counted

2018-06-09 19:36:20 - [TEST_STEP][PASSED] - Statement - out.println("BatchSize : " + batchsize): null

2018-06-09 19:36:20 - [TEST_STEP][PASSED] - Statement - For ([n = 1, n <= batchsize - 1, (n++)]): null

2018-06-09 19:36:20 - [TEST_STEP][PASSED] - Statement - product = new com.kms.katalon.core.testobject.TestObject(): null

2018-06-09 19:36:20 - [TEST_STEP][PASSED] - Statement - product = com.kms.katalon.core.webui.keyword.WebUiBuiltInKeywords.modifyObjectProperty(product, "xpath", "equals", "//*[@id = "fldvendor" + row + ""]", true): Modify property of object successfully

2018-06-09 19:36:20 - [MESSAGE][PASSED] - Modify property of object successfully

2018-06-09 19:36:20 - [TEST_STEP][PASSED] - selectOptionByIndex: All options with index in [1] are selected on object ''

2018-06-09 19:36:20 - [MESSAGE][PASSED] - All options with index in [1] are selected on object ''

2018-06-09 19:36:20 - [TEST_STEP][PASSED] - delay: Delayed 2 second(s)

2018-06-09 19:36:22 - [MESSAGE][PASSED] - Delayed 2 second(s)

2018-06-09 19:36:22 - [TEST_STEP][PASSED] - Statement - batch = new com.kms.katalon.core.testobject.TestObject(): null

2018-06-09 19:36:22 - [TEST_STEP][PASSED] - Statement - batch = com.kms.katalon.core.webui.keyword.WebUiBuiltInKeywords.modifyObjectProperty(batch, "xpath", "equals", "//*[@id = "txtbthqty" + row + ""]", true): Modify property of object successfully

2018-06-09 19:36:22 - [MESSAGE][PASSED] - Modify property of object successfully

2018-06-09 19:36:22 - [TEST_STEP][PASSED] - Statement - batchqty = com.kms.katalon.core.webui.keyword.WebUiBuiltInKeywords.getAttribute(batch, "value").trim(): Attribute 'value' of object '' is: '2500'

2018-06-09 19:36:22 - [MESSAGE][PASSED] - Attribute 'value' of object '' is: '2500'

2018-06-09 19:36:22 - [TEST_STEP][PASSED] - Statement - Rqty = 100: null

2018-06-09 19:36:22 - [TEST_STEP][PASSED] - Statement - out.println("BatchQty : " + batchqty): null

2018-06-09 19:36:22 - [TEST_STEP][PASSED] - Statement - out.println("RQty : " + Rqty): null

2018-06-09 19:36:22 - [TEST_STEP][PASSED] - Statement - If (java.lang.Integer.valueOf(batchqty) >= java.lang.Integer.valueOf(Rqty)): null

2018-06-09 19:36:22 - [TEST_STEP][PASSED] - Statement - Break: null

2018-06-09 19:36:22 - [TEST_STEP][PASSED] - Statement - batchlength = new com.kms.katalon.core.testobject.TestObject(): null

2018-06-09 19:36:22 - [TEST_STEP][PASSED] - Statement - batchlength = com.kms.katalon.core.webui.keyword.WebUiBuiltInKeywords.modifyObjectProperty(batchlength, "xpath", "equals", "//*[@id = "fldvendor" + row + ""]", true): Modify property of object successfully

2018-06-09 19:36:22 - [MESSAGE][PASSED] - Modify property of object successfully

2018-06-09 19:36:22 - [TEST_STEP][PASSED] - Statement - batchsize = com.kms.katalon.core.webui.keyword.WebUiBuiltInKeywords.getNumberOfTotalOption(batchlength): 10 options of object '' counted

2018-06-09 19:36:22 - [MESSAGE][PASSED] - 10 options of object '' counted

2018-06-09 19:36:22 - [TEST_STEP][PASSED] - Statement - out.println("BatchSize : " + batchsize): null

2018-06-09 19:36:22 - [TEST_STEP][PASSED] - Statement - For ([n = 1, n <= batchsize - 1, (n++)]): null

2018-06-09 19:36:22 - [TEST_STEP][PASSED] - Statement - product = new com.kms.katalon.core.testobject.TestObject(): null

2018-06-09 19:36:22 - [TEST_STEP][PASSED] - Statement - product = com.kms.katalon.core.webui.keyword.WebUiBuiltInKeywords.modifyObjectProperty(product, "xpath", "equals", "//*[@id = "fldvendor" + row + ""]", true): Modify property of object successfully

2018-06-09 19:36:22 - [MESSAGE][PASSED] - Modify property of object successfully

2018-06-09 19:36:22 - [TEST_STEP][PASSED] - selectOptionByIndex: All options with index in [1] are selected on object ''

2018-06-09 19:36:22 - [MESSAGE][PASSED] - All options with index in [1] are selected on object ''

2018-06-09 19:36:22 - [TEST_STEP][PASSED] - delay: Delayed 2 second(s)

2018-06-09 19:36:24 - [MESSAGE][PASSED] - Delayed 2 second(s)

2018-06-09 19:36:24 - [TEST_STEP][PASSED] - Statement - batch = new com.kms.katalon.core.testobject.TestObject(): null

2018-06-09 19:36:24 - [TEST_STEP][PASSED] - Statement - batch = com.kms.katalon.core.webui.keyword.WebUiBuiltInKeywords.modifyObjectProperty(batch, "xpath", "equals", "//*[@id = "txtbthqty" + row + ""]", true): Modify property of object successfully

2018-06-09 19:36:24 - [MESSAGE][PASSED] - Modify property of object successfully

2018-06-09 19:36:24 - [TEST_STEP][PASSED] - Statement - batchqty = com.kms.katalon.core.webui.keyword.WebUiBuiltInKeywords.getAttribute(batch, "value").trim(): Attribute 'value' of object '' is: '2500'

2018-06-09 19:36:24 - [MESSAGE][PASSED] - Attribute 'value' of object '' is: '2500'

2018-06-09 19:36:24 - [TEST_STEP][PASSED] - Statement - Rqty = 100: null

2018-06-09 19:36:24 - [TEST_STEP][PASSED] - Statement - out.println("BatchQty : " + batchqty): null

2018-06-09 19:36:24 - [TEST_STEP][PASSED] - Statement - out.println("RQty : " + Rqty): null

2018-06-09 19:36:24 - [TEST_STEP][PASSED] - Statement - If (java.lang.Integer.valueOf(batchqty) >= java.lang.Integer.valueOf(Rqty)): null

2018-06-09 19:36:24 - [TEST_STEP][PASSED] - Statement - Break: null

2018-06-09 19:36:24 - [TEST_STEP][PASSED] - Statement - batchlength = new com.kms.katalon.core.testobject.TestObject(): null

2018-06-09 19:36:24 - [TEST_STEP][PASSED] - Statement - batchlength = com.kms.katalon.core.webui.keyword.WebUiBuiltInKeywords.modifyObjectProperty(batchlength, "xpath", "equals", "//*[@id = "fldvendor" + row + ""]", true): Modify property of object successfully

2018-06-09 19:36:24 - [MESSAGE][PASSED] - Modify property of object successfully

2018-06-09 19:36:24 - [TEST_STEP][PASSED] - Statement - batchsize = com.kms.katalon.core.webui.keyword.WebUiBuiltInKeywords.getNumberOfTotalOption(batchlength): 10 options of object '' counted

2018-06-09 19:36:24 - [MESSAGE][PASSED] - 10 options of object '' counted

2018-06-09 19:36:24 - [TEST_STEP][PASSED] - Statement - out.println("BatchSize : " + batchsize): null

2018-06-09 19:36:24 - [TEST_STEP][PASSED] - Statement - For ([n = 1, n <= batchsize - 1, (n++)]): null

2018-06-09 19:36:24 - [TEST_STEP][PASSED] - Statement - product = new com.kms.katalon.core.testobject.TestObject(): null

2018-06-09 19:36:24 - [TEST_STEP][PASSED] - Statement - product = com.kms.katalon.core.webui.keyword.WebUiBuiltInKeywords.modifyObjectProperty(product, "xpath", "equals", "//*[@id = "fldvendor" + row + ""]", true): Modify property of object successfully

2018-06-09 19:36:24 - [MESSAGE][PASSED] - Modify property of object successfully

2018-06-09 19:36:24 - [TEST_STEP][PASSED] - selectOptionByIndex: All options with index in [1] are selected on object ''

2018-06-09 19:36:24 - [MESSAGE][PASSED] - All options with index in [1] are selected on object ''

2018-06-09 19:36:24 - [TEST_STEP][PASSED] - delay: Delayed 2 second(s)

2018-06-09 19:36:26 - [MESSAGE][PASSED] - Delayed 2 second(s)

2018-06-09 19:36:26 - [TEST_STEP][PASSED] - Statement - batch = new com.kms.katalon.core.testobject.TestObject(): null

2018-06-09 19:36:26 - [TEST_STEP][PASSED] - Statement - batch = com.kms.katalon.core.webui.keyword.WebUiBuiltInKeywords.modifyObjectProperty(batch, "xpath", "equals", "//*[@id = "txtbthqty" + row + ""]", true): Modify property of object successfully

2018-06-09 19:36:26 - [MESSAGE][PASSED] - Modify property of object successfully

2018-06-09 19:36:26 - [TEST_STEP][PASSED] - Statement - batchqty = com.kms.katalon.core.webui.keyword.WebUiBuiltInKeywords.getAttribute(batch, "value").trim(): Attribute 'value' of object '' is: '2900'

2018-06-09 19:36:26 - [MESSAGE][PASSED] - Attribute 'value' of object '' is: '2900'

2018-06-09 19:36:26 - [TEST_STEP][PASSED] - Statement - Rqty = 100: null

2018-06-09 19:36:26 - [TEST_STEP][PASSED] - Statement - out.println("BatchQty : " + batchqty): null

2018-06-09 19:36:26 - [TEST_STEP][PASSED] - Statement - out.println("RQty : " + Rqty): null

2018-06-09 19:36:26 - [TEST_STEP][PASSED] - Statement - If (java.lang.Integer.valueOf(batchqty) >= java.lang.Integer.valueOf(Rqty)): null

2018-06-09 19:36:26 - [TEST_STEP][PASSED] - Statement - Break: null

2018-06-09 19:36:26 - [TEST_STEP][PASSED] - Statement - batchlength = new com.kms.katalon.core.testobject.TestObject(): null

2018-06-09 19:36:26 - [TEST_STEP][PASSED] - Statement - batchlength = com.kms.katalon.core.webui.keyword.WebUiBuiltInKeywords.modifyObjectProperty(batchlength, "xpath", "equals", "//*[@id = "fldvendor" + row + ""]", true): Modify property of object successfully

2018-06-09 19:36:26 - [MESSAGE][PASSED] - Modify property of object successfully

2018-06-09 19:36:26 - [TEST_STEP][PASSED] - Statement - batchsize = com.kms.katalon.core.webui.keyword.WebUiBuiltInKeywords.getNumberOfTotalOption(batchlength): 10 options of object '' counted

2018-06-09 19:36:26 - [MESSAGE][PASSED] - 10 options of object '' counted

2018-06-09 19:36:26 - [TEST_STEP][PASSED] - Statement - out.println("BatchSize : " + batchsize): null

2018-06-09 19:36:26 - [TEST_STEP][PASSED] - Statement - For ([n = 1, n <= batchsize - 1, (n++)]): null

2018-06-09 19:36:26 - [TEST_STEP][PASSED] - Statement - product = new com.kms.katalon.core.testobject.TestObject(): null

2018-06-09 19:36:26 - [TEST_STEP][PASSED] - Statement - product = com.kms.katalon.core.webui.keyword.WebUiBuiltInKeywords.modifyObjectProperty(product, "xpath", "equals", "//*[@id = "fldvendor" + row + ""]", true): Modify property of object successfully

2018-06-09 19:36:26 - [MESSAGE][PASSED] - Modify property of object successfully

2018-06-09 19:36:26 - [TEST_STEP][PASSED] - selectOptionByIndex: All options with index in [1] are selected on object ''

2018-06-09 19:36:27 - [MESSAGE][PASSED] - All options with index in [1] are selected on object ''

2018-06-09 19:36:27 - [TEST_STEP][PASSED] - delay: Delayed 2 second(s)

2018-06-09 19:36:29 - [MESSAGE][PASSED] - Delayed 2 second(s)

2018-06-09 19:36:29 - [TEST_STEP][PASSED] - Statement - batch = new com.kms.katalon.core.testobject.TestObject(): null

2018-06-09 19:36:29 - [TEST_STEP][PASSED] - Statement - batch = com.kms.katalon.core.webui.keyword.WebUiBuiltInKeywords.modifyObjectProperty(batch, "xpath", "equals", "//*[@id = "txtbthqty" + row + ""]", true): Modify property of object successfully

2018-06-09 19:36:29 - [MESSAGE][PASSED] - Modify property of object successfully

2018-06-09 19:36:29 - [TEST_STEP][PASSED] - Statement - batchqty = com.kms.katalon.core.webui.keyword.WebUiBuiltInKeywords.getAttribute(batch, "value").trim(): Attribute 'value' of object '' is: '1500'

2018-06-09 19:36:29 - [MESSAGE][PASSED] - Attribute 'value' of object '' is: '1500'

2018-06-09 19:36:29 - [TEST_STEP][PASSED] - Statement - Rqty = 100: null

2018-06-09 19:36:29 - [TEST_STEP][PASSED] - Statement - out.println("BatchQty : " + batchqty): null

2018-06-09 19:36:29 - [TEST_STEP][PASSED] - Statement - out.println("RQty : " + Rqty): null

2018-06-09 19:36:29 - [TEST_STEP][PASSED] - Statement - If (java.lang.Integer.valueOf(batchqty) >= java.lang.Integer.valueOf(Rqty)): null

2018-06-09 19:36:29 - [TEST_STEP][PASSED] - Statement - Break: null

2018-06-09 19:36:29 - [TEST_STEP][PASSED] - Statement - batchlength = new com.kms.katalon.core.testobject.TestObject(): null

2018-06-09 19:36:29 - [TEST_STEP][PASSED] - Statement - batchlength = com.kms.katalon.core.webui.keyword.WebUiBuiltInKeywords.modifyObjectProperty(batchlength, "xpath", "equals", "//*[@id = "fldvendor" + row + ""]", true): Modify property of object successfully

2018-06-09 19:36:29 - [MESSAGE][PASSED] - Modify property of object successfully

2018-06-09 19:36:29 - [TEST_STEP][PASSED] - Statement - batchsize = com.kms.katalon.core.webui.keyword.WebUiBuiltInKeywords.getNumberOfTotalOption(batchlength): 10 options of object '' counted

2018-06-09 19:36:29 - [MESSAGE][PASSED] - 10 options of object '' counted

2018-06-09 19:36:29 - [TEST_STEP][PASSED] - Statement - out.println("BatchSize : " + batchsize): null

2018-06-09 19:36:29 - [TEST_STEP][PASSED] - Statement - For ([n = 1, n <= batchsize - 1, (n++)]): null

2018-06-09 19:36:29 - [TEST_STEP][PASSED] - Statement - product = new com.kms.katalon.core.testobject.TestObject(): null

2018-06-09 19:36:29 - [TEST_STEP][PASSED] - Statement - product = com.kms.katalon.core.webui.keyword.WebUiBuiltInKeywords.modifyObjectProperty(product, "xpath", "equals", "//*[@id = "fldvendor" + row + ""]", true): Modify property of object successfully

2018-06-09 19:36:29 - [MESSAGE][PASSED] - Modify property of object successfully

2018-06-09 19:36:29 - [TEST_STEP][PASSED] - selectOptionByIndex: All options with index in [1] are selected on object ''

2018-06-09 19:36:29 - [MESSAGE][PASSED] - All options with index in [1] are selected on object ''

2018-06-09 19:36:29 - [TEST_STEP][PASSED] - delay: Delayed 2 second(s)

2018-06-09 19:36:31 - [MESSAGE][PASSED] - Delayed 2 second(s)

2018-06-09 19:36:31 - [TEST_STEP][PASSED] - Statement - batch = new com.kms.katalon.core.testobject.TestObject(): null

2018-06-09 19:36:31 - [TEST_STEP][PASSED] - Statement - batch = com.kms.katalon.core.webui.keyword.WebUiBuiltInKeywords.modifyObjectProperty(batch, "xpath", "equals", "//*[@id = "txtbthqty" + row + ""]", true): Modify property of object successfully

2018-06-09 19:36:31 - [MESSAGE][PASSED] - Modify property of object successfully

2018-06-09 19:36:31 - [TEST_STEP][PASSED] - Statement - batchqty = com.kms.katalon.core.webui.keyword.WebUiBuiltInKeywords.getAttribute(batch, "value").trim(): Attribute 'value' of object '' is: '2500'

2018-06-09 19:36:31 - [MESSAGE][PASSED] - Attribute 'value' of object '' is: '2500'

2018-06-09 19:36:31 - [TEST_STEP][PASSED] - Statement - Rqty = 100: null

2018-06-09 19:36:31 - [TEST_STEP][PASSED] - Statement - out.println("BatchQty : " + batchqty): null

2018-06-09 19:36:31 - [TEST_STEP][PASSED] - Statement - out.println("RQty : " + Rqty): null

2018-06-09 19:36:31 - [TEST_STEP][PASSED] - Statement - If (java.lang.Integer.valueOf(batchqty) >= java.lang.Integer.valueOf(Rqty)): null

2018-06-09 19:36:31 - [TEST_STEP][PASSED] - Statement - Break: null

2018-06-09 19:36:31 - [TEST_STEP][PASSED] - Statement - batchlength = new com.kms.katalon.core.testobject.TestObject(): null

2018-06-09 19:36:31 - [TEST_STEP][PASSED] - Statement - batchlength = com.kms.katalon.core.webui.keyword.WebUiBuiltInKeywords.modifyObjectProperty(batchlength, "xpath", "equals", "//*[@id = "fldvendor" + row + ""]", true): Modify property of object successfully

2018-06-09 19:36:31 - [MESSAGE][PASSED] - Modify property of object successfully

2018-06-09 19:36:31 - [TEST_STEP][PASSED] - Statement - batchsize = com.kms.katalon.core.webui.keyword.WebUiBuiltInKeywords.getNumberOfTotalOption(batchlength): 10 options of object '' counted

2018-06-09 19:36:31 - [MESSAGE][PASSED] - 10 options of object '' counted

2018-06-09 19:36:31 - [TEST_STEP][PASSED] - Statement - out.println("BatchSize : " + batchsize): null

2018-06-09 19:36:31 - [TEST_STEP][PASSED] - Statement - For ([n = 1, n <= batchsize - 1, (n++)]): null

2018-06-09 19:36:31 - [TEST_STEP][PASSED] - Statement - product = new com.kms.katalon.core.testobject.TestObject(): null

2018-06-09 19:36:31 - [TEST_STEP][PASSED] - Statement - product = com.kms.katalon.core.webui.keyword.WebUiBuiltInKeywords.modifyObjectProperty(product, "xpath", "equals", "//*[@id = "fldvendor" + row + ""]", true): Modify property of object successfully

2018-06-09 19:36:31 - [MESSAGE][PASSED] - Modify property of object successfully

2018-06-09 19:36:31 - [TEST_STEP][PASSED] - selectOptionByIndex: All options with index in [1] are selected on object ''

2018-06-09 19:36:31 - [MESSAGE][PASSED] - All options with index in [1] are selected on object ''

2018-06-09 19:36:31 - [TEST_STEP][PASSED] - delay: Delayed 2 second(s)

2018-06-09 19:36:33 - [MESSAGE][PASSED] - Delayed 2 second(s)

2018-06-09 19:36:33 - [TEST_STEP][PASSED] - Statement - batch = new com.kms.katalon.core.testobject.TestObject(): null

2018-06-09 19:36:33 - [TEST_STEP][PASSED] - Statement - batch = com.kms.katalon.core.webui.keyword.WebUiBuiltInKeywords.modifyObjectProperty(batch, "xpath", "equals", "//*[@id = "txtbthqty" + row + ""]", true): Modify property of object successfully

2018-06-09 19:36:33 - [MESSAGE][PASSED] - Modify property of object successfully

2018-06-09 19:36:33 - [TEST_STEP][PASSED] - Statement - batchqty = com.kms.katalon.core.webui.keyword.WebUiBuiltInKeywords.getAttribute(batch, "value").trim(): Attribute 'value' of object '' is: '2900'

2018-06-09 19:36:33 - [MESSAGE][PASSED] - Attribute 'value' of object '' is: '2900'

2018-06-09 19:36:33 - [TEST_STEP][PASSED] - Statement - Rqty = 100: null

2018-06-09 19:36:33 - [TEST_STEP][PASSED] - Statement - out.println("BatchQty : " + batchqty): null

2018-06-09 19:36:33 - [TEST_STEP][PASSED] - Statement - out.println("RQty : " + Rqty): null

2018-06-09 19:36:33 - [TEST_STEP][PASSED] - Statement - If (java.lang.Integer.valueOf(batchqty) >= java.lang.Integer.valueOf(Rqty)): null

2018-06-09 19:36:33 - [TEST_STEP][PASSED] - Statement - Break: null

2018-06-09 19:36:33 - [TEST_STEP][PASSED] - Statement - batchlength = new com.kms.katalon.core.testobject.TestObject(): null

2018-06-09 19:36:33 - [TEST_STEP][PASSED] - Statement - batchlength = com.kms.katalon.core.webui.keyword.WebUiBuiltInKeywords.modifyObjectProperty(batchlength, "xpath", "equals", "//*[@id = "fldvendor" + row + ""]", true): Modify property of object successfully

2018-06-09 19:36:33 - [MESSAGE][PASSED] - Modify property of object successfully

2018-06-09 19:36:33 - [TEST_STEP][PASSED] - Statement - batchsize = com.kms.katalon.core.webui.keyword.WebUiBuiltInKeywords.getNumberOfTotalOption(batchlength): 10 options of object '' counted

2018-06-09 19:36:33 - [MESSAGE][PASSED] - 10 options of object '' counted

2018-06-09 19:36:33 - [TEST_STEP][PASSED] - Statement - out.println("BatchSize : " + batchsize): null

2018-06-09 19:36:33 - [TEST_STEP][PASSED] - Statement - For ([n = 1, n <= batchsize - 1, (n++)]): null

2018-06-09 19:36:33 - [TEST_STEP][PASSED] - Statement - product = new com.kms.katalon.core.testobject.TestObject(): null

2018-06-09 19:36:33 - [TEST_STEP][PASSED] - Statement - product = com.kms.katalon.core.webui.keyword.WebUiBuiltInKeywords.modifyObjectProperty(product, "xpath", "equals", "//*[@id = "fldvendor" + row + ""]", true): Modify property of object successfully

2018-06-09 19:36:33 - [MESSAGE][PASSED] - Modify property of object successfully

2018-06-09 19:36:33 - [TEST_STEP][PASSED] - selectOptionByIndex: All options with index in [1] are selected on object ''

2018-06-09 19:36:33 - [MESSAGE][PASSED] - All options with index in [1] are selected on object ''

2018-06-09 19:36:33 - [TEST_STEP][PASSED] - delay: Delayed 2 second(s)

2018-06-09 19:36:35 - [MESSAGE][PASSED] - Delayed 2 second(s)

2018-06-09 19:36:35 - [TEST_STEP][PASSED] - Statement - batch = new com.kms.katalon.core.testobject.TestObject(): null

2018-06-09 19:36:35 - [TEST_STEP][PASSED] - Statement - batch = com.kms.katalon.core.webui.keyword.WebUiBuiltInKeywords.modifyObjectProperty(batch, "xpath", "equals", "//*[@id = "txtbthqty" + row + ""]", true): Modify property of object successfully

2018-06-09 19:36:35 - [MESSAGE][PASSED] - Modify property of object successfully

2018-06-09 19:36:35 - [TEST_STEP][PASSED] - Statement - batchqty = com.kms.katalon.core.webui.keyword.WebUiBuiltInKeywords.getAttribute(batch, "value").trim(): Attribute 'value' of object '' is: '4300'

2018-06-09 19:36:35 - [MESSAGE][PASSED] - Attribute 'value' of object '' is: '4300'

2018-06-09 19:36:35 - [TEST_STEP][PASSED] - Statement - Rqty = 100: null

2018-06-09 19:36:35 - [TEST_STEP][PASSED] - Statement - out.println("BatchQty : " + batchqty): null

2018-06-09 19:36:35 - [TEST_STEP][PASSED] - Statement - out.println("RQty : " + Rqty): null

2018-06-09 19:36:35 - [TEST_STEP][PASSED] - Statement - If (java.lang.Integer.valueOf(batchqty) >= java.lang.Integer.valueOf(Rqty)): null

2018-06-09 19:36:35 - [TEST_STEP][PASSED] - Statement - Break: null

2018-06-09 19:36:35 - [TEST_STEP][PASSED] - Statement - batchlength = new com.kms.katalon.core.testobject.TestObject(): null

2018-06-09 19:36:35 - [TEST_STEP][PASSED] - Statement - batchlength = com.kms.katalon.core.webui.keyword.WebUiBuiltInKeywords.modifyObjectProperty(batchlength, "xpath", "equals", "//*[@id = "fldvendor" + row + ""]", true): Modify property of object successfully

2018-06-09 19:36:35 - [MESSAGE][PASSED] - Modify property of object successfully

2018-06-09 19:36:35 - [TEST_STEP][PASSED] - Statement - batchsize = com.kms.katalon.core.webui.keyword.WebUiBuiltInKeywords.getNumberOfTotalOption(batchlength): 10 options of object '' counted

2018-06-09 19:36:35 - [MESSAGE][PASSED] - 10 options of object '' counted

2018-06-09 19:36:35 - [TEST_STEP][PASSED] - Statement - out.println("BatchSize : " + batchsize): null

2018-06-09 19:36:35 - [TEST_STEP][PASSED] - Statement - For ([n = 1, n <= batchsize - 1, (n++)]): null

2018-06-09 19:36:35 - [TEST_STEP][PASSED] - Statement - product = new com.kms.katalon.core.testobject.TestObject(): null

2018-06-09 19:36:35 - [TEST_STEP][PASSED] - Statement - product = com.kms.katalon.core.webui.keyword.WebUiBuiltInKeywords.modifyObjectProperty(product, "xpath", "equals", "//*[@id = "fldvendor" + row + ""]", true): Modify property of object successfully

2018-06-09 19:36:35 - [MESSAGE][PASSED] - Modify property of object successfully

2018-06-09 19:36:35 - [TEST_STEP][PASSED] - selectOptionByIndex: All options with index in [1] are selected on object ''

2018-06-09 19:36:36 - [MESSAGE][PASSED] - All options with index in [1] are selected on object ''

2018-06-09 19:36:36 - [TEST_STEP][PASSED] - delay: Delayed 2 second(s)

2018-06-09 19:36:38 - [MESSAGE][PASSED] - Delayed 2 second(s)

2018-06-09 19:36:38 - [TEST_STEP][PASSED] - Statement - batch = new com.kms.katalon.core.testobject.TestObject(): null

2018-06-09 19:36:38 - [TEST_STEP][PASSED] - Statement - batch = com.kms.katalon.core.webui.keyword.WebUiBuiltInKeywords.modifyObjectProperty(batch, "xpath", "equals", "//*[@id = "txtbthqty" + row + ""]", true): Modify property of object successfully

2018-06-09 19:36:38 - [MESSAGE][PASSED] - Modify property of object successfully

2018-06-09 19:36:38 - [TEST_STEP][PASSED] - Statement - batchqty = com.kms.katalon.core.webui.keyword.WebUiBuiltInKeywords.getAttribute(batch, "value").trim(): Attribute 'value' of object '' is: '2900'

2018-06-09 19:36:38 - [MESSAGE][PASSED] - Attribute 'value' of object '' is: '2900'

2018-06-09 19:36:38 - [TEST_STEP][PASSED] - Statement - Rqty = 100: null

2018-06-09 19:36:38 - [TEST_STEP][PASSED] - Statement - out.println("BatchQty : " + batchqty): null

2018-06-09 19:36:38 - [TEST_STEP][PASSED] - Statement - out.println("RQty : " + Rqty): null

2018-06-09 19:36:38 - [TEST_STEP][PASSED] - Statement - If (java.lang.Integer.valueOf(batchqty) >= java.lang.Integer.valueOf(Rqty)): null

2018-06-09 19:36:38 - [TEST_STEP][PASSED] - Statement - Break: null

2018-06-09 19:36:38 - [TEST_STEP][PASSED] - Statement - batchlength = new com.kms.katalon.core.testobject.TestObject(): null

2018-06-09 19:36:38 - [TEST_STEP][PASSED] - Statement - batchlength = com.kms.katalon.core.webui.keyword.WebUiBuiltInKeywords.modifyObjectProperty(batchlength, "xpath", "equals", "//*[@id = "fldvendor" + row + ""]", true): Modify property of object successfully

2018-06-09 19:36:38 - [MESSAGE][PASSED] - Modify property of object successfully

2018-06-09 19:36:38 - [TEST_STEP][PASSED] - Statement - batchsize = com.kms.katalon.core.webui.keyword.WebUiBuiltInKeywords.getNumberOfTotalOption(batchlength): 10 options of object '' counted

2018-06-09 19:36:38 - [MESSAGE][PASSED] - 10 options of object '' counted

2018-06-09 19:36:38 - [TEST_STEP][PASSED] - Statement - out.println("BatchSize : " + batchsize): null

2018-06-09 19:36:38 - [TEST_STEP][PASSED] - Statement - For ([n = 1, n <= batchsize - 1, (n++)]): null

2018-06-09 19:36:38 - [TEST_STEP][PASSED] - Statement - product = new com.kms.katalon.core.testobject.TestObject(): null

2018-06-09 19:36:38 - [TEST_STEP][PASSED] - Statement - product = com.kms.katalon.core.webui.keyword.WebUiBuiltInKeywords.modifyObjectProperty(product, "xpath", "equals", "//*[@id = "fldvendor" + row + ""]", true): Modify property of object successfully

2018-06-09 19:36:38 - [MESSAGE][PASSED] - Modify property of object successfully

2018-06-09 19:36:38 - [TEST_STEP][PASSED] - selectOptionByIndex: All options with index in [1] are selected on object ''

2018-06-09 19:36:38 - [MESSAGE][PASSED] - All options with index in [1] are selected on object ''

2018-06-09 19:36:38 - [TEST_STEP][PASSED] - delay: Delayed 2 second(s)

2018-06-09 19:36:40 - [MESSAGE][PASSED] - Delayed 2 second(s)

2018-06-09 19:36:40 - [TEST_STEP][PASSED] - Statement - batch = new com.kms.katalon.core.testobject.TestObject(): null

2018-06-09 19:36:40 - [TEST_STEP][PASSED] - Statement - batch = com.kms.katalon.core.webui.keyword.WebUiBuiltInKeywords.modifyObjectProperty(batch, "xpath", "equals", "//*[@id = "txtbthqty" + row + ""]", true): Modify property of object successfully

2018-06-09 19:36:40 - [MESSAGE][PASSED] - Modify property of object successfully

2018-06-09 19:36:40 - [TEST_STEP][PASSED] - Statement - batchqty = com.kms.katalon.core.webui.keyword.WebUiBuiltInKeywords.getAttribute(batch, "value").trim(): Attribute 'value' of object '' is: '2500'

2018-06-09 19:36:40 - [MESSAGE][PASSED] - Attribute 'value' of object '' is: '2500'

2018-06-09 19:36:40 - [TEST_STEP][PASSED] - Statement - Rqty = 100: null

2018-06-09 19:36:40 - [TEST_STEP][PASSED] - Statement - out.println("BatchQty : " + batchqty): null

2018-06-09 19:36:40 - [TEST_STEP][PASSED] - Statement - out.println("RQty : " + Rqty): null

2018-06-09 19:36:40 - [TEST_STEP][PASSED] - Statement - If (java.lang.Integer.valueOf(batchqty) >= java.lang.Integer.valueOf(Rqty)): null

2018-06-09 19:36:40 - [TEST_STEP][PASSED] - Statement - Break: null

2018-06-09 19:36:40 - [TEST_STEP][PASSED] - Statement - batchlength = new com.kms.katalon.core.testobject.TestObject(): null

2018-06-09 19:36:40 - [TEST_STEP][PASSED] - Statement - batchlength = com.kms.katalon.core.webui.keyword.WebUiBuiltInKeywords.modifyObjectProperty(batchlength, "xpath", "equals", "//*[@id = "fldvendor" + row + ""]", true): Modify property of object successfully

2018-06-09 19:36:40 - [MESSAGE][PASSED] - Modify property of object successfully

2018-06-09 19:36:40 - [TEST_STEP][PASSED] - Statement - batchsize = com.kms.katalon.core.webui.keyword.WebUiBuiltInKeywords.getNumberOfTotalOption(batchlength): 10 options of object '' counted

2018-06-09 19:36:40 - [MESSAGE][PASSED] - 10 options of object '' counted

2018-06-09 19:36:40 - [TEST_STEP][PASSED] - Statement - out.println("BatchSize : " + batchsize): null

2018-06-09 19:36:40 - [TEST_STEP][PASSED] - Statement - For ([n = 1, n <= batchsize - 1, (n++)]): null

2018-06-09 19:36:40 - [TEST_STEP][PASSED] - Statement - product = new com.kms.katalon.core.testobject.TestObject(): null

2018-06-09 19:36:40 - [TEST_STEP][PASSED] - Statement - product = com.kms.katalon.core.webui.keyword.WebUiBuiltInKeywords.modifyObjectProperty(product, "xpath", "equals", "//*[@id = "fldvendor" + row + ""]", true): Modify property of object successfully

2018-06-09 19:36:40 - [MESSAGE][PASSED] - Modify property of object successfully

2018-06-09 19:36:40 - [TEST_STEP][PASSED] - selectOptionByIndex: All options with index in [1] are selected on object ''

2018-06-09 19:36:40 - [MESSAGE][PASSED] - All options with index in [1] are selected on object ''

2018-06-09 19:36:40 - [TEST_STEP][PASSED] - delay: Delayed 2 second(s)

2018-06-09 19:36:42 - [MESSAGE][PASSED] - Delayed 2 second(s)

2018-06-09 19:36:42 - [TEST_STEP][PASSED] - Statement - batch = new com.kms.katalon.core.testobject.TestObject(): null

2018-06-09 19:36:42 - [TEST_STEP][PASSED] - Statement - batch = com.kms.katalon.core.webui.keyword.WebUiBuiltInKeywords.modifyObjectProperty(batch, "xpath", "equals", "//*[@id = "txtbthqty" + row + ""]", true): Modify property of object successfully

2018-06-09 19:36:42 - [MESSAGE][PASSED] - Modify property of object successfully

2018-06-09 19:36:42 - [TEST_STEP][PASSED] - Statement - batchqty = com.kms.katalon.core.webui.keyword.WebUiBuiltInKeywords.getAttribute(batch, "value").trim(): Attribute 'value' of object '' is: '36200'

2018-06-09 19:36:42 - [MESSAGE][PASSED] - Attribute 'value' of object '' is: '36200'

2018-06-09 19:36:42 - [TEST_STEP][PASSED] - Statement - Rqty = 100: null

2018-06-09 19:36:42 - [TEST_STEP][PASSED] - Statement - out.println("BatchQty : " + batchqty): null

2018-06-09 19:36:42 - [TEST_STEP][PASSED] - Statement - out.println("RQty : " + Rqty): null

2018-06-09 19:36:42 - [TEST_STEP][PASSED] - Statement - If (java.lang.Integer.valueOf(batchqty) >= java.lang.Integer.valueOf(Rqty)): null

2018-06-09 19:36:42 - [TEST_STEP][PASSED] - Statement - Break: null

2018-06-09 19:36:42 - [TEST_STEP][PASSED] - Statement - batchlength = new com.kms.katalon.core.testobject.TestObject(): null

2018-06-09 19:36:42 - [TEST_STEP][PASSED] - Statement - batchlength = com.kms.katalon.core.webui.keyword.WebUiBuiltInKeywords.modifyObjectProperty(batchlength, "xpath", "equals", "//*[@id = "fldvendor" + row + ""]", true): Modify property of object successfully

2018-06-09 19:36:42 - [MESSAGE][PASSED] - Modify property of object successfully

2018-06-09 19:36:42 - [TEST_STEP][PASSED] - Statement - batchsize = com.kms.katalon.core.webui.keyword.WebUiBuiltInKeywords.getNumberOfTotalOption(batchlength): 10 options of object '' counted

2018-06-09 19:36:42 - [MESSAGE][PASSED] - 10 options of object '' counted

2018-06-09 19:36:42 - [TEST_STEP][PASSED] - Statement - out.println("BatchSize : " + batchsize): null

2018-06-09 19:36:42 - [TEST_STEP][PASSED] - Statement - For ([n = 1, n <= batchsize - 1, (n++)]): null

2018-06-09 19:36:42 - [TEST_STEP][PASSED] - Statement - product = new com.kms.katalon.core.testobject.TestObject(): null

2018-06-09 19:36:42 - [TEST_STEP][PASSED] - Statement - product = com.kms.katalon.core.webui.keyword.WebUiBuiltInKeywords.modifyObjectProperty(product, "xpath", "equals", "//*[@id = "fldvendor" + row + ""]", true): Modify property of object successfully

2018-06-09 19:36:42 - [MESSAGE][PASSED] - Modify property of object successfully

2018-06-09 19:36:42 - [TEST_STEP][PASSED] - selectOptionByIndex: All options with index in [1] are selected on object ''

2018-06-09 19:36:42 - [MESSAGE][PASSED] - All options with index in [1] are selected on object ''

2018-06-09 19:36:42 - [TEST_STEP][PASSED] - delay: Delayed 2 second(s)

2018-06-09 19:36:44 - [MESSAGE][PASSED] - Delayed 2 second(s)

2018-06-09 19:36:44 - [TEST_STEP][PASSED] - Statement - batch = new com.kms.katalon.core.testobject.TestObject(): null

2018-06-09 19:36:44 - [TEST_STEP][PASSED] - Statement - batch = com.kms.katalon.core.webui.keyword.WebUiBuiltInKeywords.modifyObjectProperty(batch, "xpath", "equals", "//*[@id = "txtbthqty" + row + ""]", true): Modify property of object successfully

2018-06-09 19:36:44 - [MESSAGE][PASSED] - Modify property of object successfully

2018-06-09 19:36:44 - [TEST_STEP][PASSED] - Statement - batchqty = com.kms.katalon.core.webui.keyword.WebUiBuiltInKeywords.getAttribute(batch, "value").trim(): Attribute 'value' of object '' is: '2500'

2018-06-09 19:36:44 - [MESSAGE][PASSED] - Attribute 'value' of object '' is: '2500'

2018-06-09 19:36:44 - [TEST_STEP][PASSED] - Statement - Rqty = 100: null

2018-06-09 19:36:44 - [TEST_STEP][PASSED] - Statement - out.println("BatchQty : " + batchqty): null

2018-06-09 19:36:44 - [TEST_STEP][PASSED] - Statement - out.println("RQty : " + Rqty): null

2018-06-09 19:36:44 - [TEST_STEP][PASSED] - Statement - If (java.lang.Integer.valueOf(batchqty) >= java.lang.Integer.valueOf(Rqty)): null

2018-06-09 19:36:44 - [TEST_STEP][PASSED] - Statement - Break: null

2018-06-09 19:36:44 - [TEST_STEP][PASSED] - Statement - batchlength = new com.kms.katalon.core.testobject.TestObject(): null

2018-06-09 19:36:44 - [TEST_STEP][PASSED] - Statement - batchlength = com.kms.katalon.core.webui.keyword.WebUiBuiltInKeywords.modifyObjectProperty(batchlength, "xpath", "equals", "//*[@id = "fldvendor" + row + ""]", true): Modify property of object successfully

2018-06-09 19:36:44 - [MESSAGE][PASSED] - Modify property of object successfully

2018-06-09 19:36:44 - [TEST_STEP][PASSED] - Statement - batchsize = com.kms.katalon.core.webui.keyword.WebUiBuiltInKeywords.getNumberOfTotalOption(batchlength): 10 options of object '' counted

2018-06-09 19:36:45 - [MESSAGE][PASSED] - 10 options of object '' counted

2018-06-09 19:36:45 - [TEST_STEP][PASSED] - Statement - out.println("BatchSize : " + batchsize): null

2018-06-09 19:36:45 - [TEST_STEP][PASSED] - Statement - For ([n = 1, n <= batchsize - 1, (n++)]): null

2018-06-09 19:36:45 - [TEST_STEP][PASSED] - Statement - product = new com.kms.katalon.core.testobject.TestObject(): null

2018-06-09 19:36:45 - [TEST_STEP][PASSED] - Statement - product = com.kms.katalon.core.webui.keyword.WebUiBuiltInKeywords.modifyObjectProperty(product, "xpath", "equals", "//*[@id = "fldvendor" + row + ""]", true): Modify property of object successfully

2018-06-09 19:36:45 - [MESSAGE][PASSED] - Modify property of object successfully

2018-06-09 19:36:45 - [TEST_STEP][PASSED] - selectOptionByIndex: All options with index in [1] are selected on object ''

2018-06-09 19:36:45 - [MESSAGE][PASSED] - All options with index in [1] are selected on object ''

2018-06-09 19:36:45 - [TEST_STEP][PASSED] - delay: Delayed 2 second(s)

2018-06-09 19:36:47 - [MESSAGE][PASSED] - Delayed 2 second(s)

2018-06-09 19:36:47 - [TEST_STEP][PASSED] - Statement - batch = new com.kms.katalon.core.testobject.TestObject(): null

2018-06-09 19:36:47 - [TEST_STEP][PASSED] - Statement - batch = com.kms.katalon.core.webui.keyword.WebUiBuiltInKeywords.modifyObjectProperty(batch, "xpath", "equals", "//*[@id = "txtbthqty" + row + ""]", true): Modify property of object successfully

2018-06-09 19:36:47 - [MESSAGE][PASSED] - Modify property of object successfully

2018-06-09 19:36:47 - [TEST_STEP][PASSED] - Statement - batchqty = com.kms.katalon.core.webui.keyword.WebUiBuiltInKeywords.getAttribute(batch, "value").trim(): Attribute 'value' of object '' is: '2500'

2018-06-09 19:36:47 - [MESSAGE][PASSED] - Attribute 'value' of object '' is: '2500'

2018-06-09 19:36:47 - [TEST_STEP][PASSED] - Statement - Rqty = 100: null

2018-06-09 19:36:47 - [TEST_STEP][PASSED] - Statement - out.println("BatchQty : " + batchqty): null

2018-06-09 19:36:47 - [TEST_STEP][PASSED] - Statement - out.println("RQty : " + Rqty): null

2018-06-09 19:36:47 - [TEST_STEP][PASSED] - Statement - If (java.lang.Integer.valueOf(batchqty) >= java.lang.Integer.valueOf(Rqty)): null

2018-06-09 19:36:47 - [TEST_STEP][PASSED] - Statement - Break: null

2018-06-09 19:36:47 - [TEST_STEP][PASSED] - Statement - batchlength = new com.kms.katalon.core.testobject.TestObject(): null

2018-06-09 19:36:47 - [TEST_STEP][PASSED] - Statement - batchlength = com.kms.katalon.core.webui.keyword.WebUiBuiltInKeywords.modifyObjectProperty(batchlength, "xpath", "equals", "//*[@id = "fldvendor" + row + ""]", true): Modify property of object successfully

2018-06-09 19:36:47 - [MESSAGE][PASSED] - Modify property of object successfully

2018-06-09 19:36:47 - [TEST_STEP][PASSED] - Statement - batchsize = com.kms.katalon.core.webui.keyword.WebUiBuiltInKeywords.getNumberOfTotalOption(batchlength): 10 options of object '' counted

2018-06-09 19:36:47 - [MESSAGE][PASSED] - 10 options of object '' counted

2018-06-09 19:36:47 - [TEST_STEP][PASSED] - Statement - out.println("BatchSize : " + batchsize): null

2018-06-09 19:36:47 - [TEST_STEP][PASSED] - Statement - For ([n = 1, n <= batchsize - 1, (n++)]): null

2018-06-09 19:36:47 - [TEST_STEP][PASSED] - Statement - product = new com.kms.katalon.core.testobject.TestObject(): null

2018-06-09 19:36:47 - [TEST_STEP][PASSED] - Statement - product = com.kms.katalon.core.webui.keyword.WebUiBuiltInKeywords.modifyObjectProperty(product, "xpath", "equals", "//*[@id = "fldvendor" + row + ""]", true): Modify property of object successfully

2018-06-09 19:36:47 - [MESSAGE][PASSED] - Modify property of object successfully

2018-06-09 19:36:47 - [TEST_STEP][PASSED] - selectOptionByIndex: All options with index in [1] are selected on object ''

2018-06-09 19:36:47 - [MESSAGE][PASSED] - All options with index in [1] are selected on object ''

2018-06-09 19:36:47 - [TEST_STEP][PASSED] - delay: Delayed 2 second(s)

2018-06-09 19:36:49 - [MESSAGE][PASSED] - Delayed 2 second(s)

2018-06-09 19:36:49 - [TEST_STEP][PASSED] - Statement - batch = new com.kms.katalon.core.testobject.TestObject(): null

2018-06-09 19:36:49 - [TEST_STEP][PASSED] - Statement - batch = com.kms.katalon.core.webui.keyword.WebUiBuiltInKeywords.modifyObjectProperty(batch, "xpath", "equals", "//*[@id = "txtbthqty" + row + ""]", true): Modify property of object successfully

2018-06-09 19:36:49 - [MESSAGE][PASSED] - Modify property of object successfully

2018-06-09 19:36:49 - [TEST_STEP][PASSED] - Statement - batchqty = com.kms.katalon.core.webui.keyword.WebUiBuiltInKeywords.getAttribute(batch, "value").trim(): Attribute 'value' of object '' is: '2500'

2018-06-09 19:36:49 - [MESSAGE][PASSED] - Attribute 'value' of object '' is: '2500'

2018-06-09 19:36:49 - [TEST_STEP][PASSED] - Statement - Rqty = 100: null

2018-06-09 19:36:49 - [TEST_STEP][PASSED] - Statement - out.println("BatchQty : " + batchqty): null

2018-06-09 19:36:49 - [TEST_STEP][PASSED] - Statement - out.println("RQty : " + Rqty): null

2018-06-09 19:36:49 - [TEST_STEP][PASSED] - Statement - If (java.lang.Integer.valueOf(batchqty) >= java.lang.Integer.valueOf(Rqty)): null

2018-06-09 19:36:49 - [TEST_STEP][PASSED] - Statement - Break: null

2018-06-09 19:36:49 - [TEST_STEP][PASSED] - Statement - batchlength = new com.kms.katalon.core.testobject.TestObject(): null

2018-06-09 19:36:49 - [TEST_STEP][PASSED] - Statement - batchlength = com.kms.katalon.core.webui.keyword.WebUiBuiltInKeywords.modifyObjectProperty(batchlength, "xpath", "equals", "//*[@id = "fldvendor" + row + ""]", true): Modify property of object successfully

2018-06-09 19:36:49 - [MESSAGE][PASSED] - Modify property of object successfully

2018-06-09 19:36:49 - [TEST_STEP][PASSED] - Statement - batchsize = com.kms.katalon.core.webui.keyword.WebUiBuiltInKeywords.getNumberOfTotalOption(batchlength): 10 options of object '' counted

2018-06-09 19:36:49 - [MESSAGE][PASSED] - 10 options of object '' counted

2018-06-09 19:36:49 - [TEST_STEP][PASSED] - Statement - out.println("BatchSize : " + batchsize): null

2018-06-09 19:36:49 - [TEST_STEP][PASSED] - Statement - For ([n = 1, n <= batchsize - 1, (n++)]): null

2018-06-09 19:36:49 - [TEST_STEP][PASSED] - Statement - product = new com.kms.katalon.core.testobject.TestObject(): null

2018-06-09 19:36:49 - [TEST_STEP][PASSED] - Statement - product = com.kms.katalon.core.webui.keyword.WebUiBuiltInKeywords.modifyObjectProperty(product, "xpath", "equals", "//*[@id = "fldvendor" + row + ""]", true): Modify property of object successfully

2018-06-09 19:36:49 - [MESSAGE][PASSED] - Modify property of object successfully

2018-06-09 19:36:49 - [TEST_STEP][PASSED] - selectOptionByIndex: All options with index in [1] are selected on object ''

2018-06-09 19:36:49 - [MESSAGE][PASSED] - All options with index in [1] are selected on object ''

2018-06-09 19:36:49 - [TEST_STEP][PASSED] - delay: Delayed 2 second(s)

2018-06-09 19:36:51 - [MESSAGE][PASSED] - Delayed 2 second(s)

2018-06-09 19:36:51 - [TEST_STEP][PASSED] - Statement - batch = new com.kms.katalon.core.testobject.TestObject(): null

2018-06-09 19:36:51 - [TEST_STEP][PASSED] - Statement - batch = com.kms.katalon.core.webui.keyword.WebUiBuiltInKeywords.modifyObjectProperty(batch, "xpath", "equals", "//*[@id = "txtbthqty" + row + ""]", true): Modify property of object successfully

2018-06-09 19:36:51 - [MESSAGE][PASSED] - Modify property of object successfully

2018-06-09 19:36:51 - [TEST_STEP][PASSED] - Statement - batchqty = com.kms.katalon.core.webui.keyword.WebUiBuiltInKeywords.getAttribute(batch, "value").trim(): Attribute 'value' of object '' is: '3400'

2018-06-09 19:36:51 - [MESSAGE][PASSED] - Attribute 'value' of object '' is: '3400'

2018-06-09 19:36:51 - [TEST_STEP][PASSED] - Statement - Rqty = 100: null

2018-06-09 19:36:51 - [TEST_STEP][PASSED] - Statement - out.println("BatchQty : " + batchqty): null

2018-06-09 19:36:51 - [TEST_STEP][PASSED] - Statement - out.println("RQty : " + Rqty): null

2018-06-09 19:36:51 - [TEST_STEP][PASSED] - Statement - If (java.lang.Integer.valueOf(batchqty) >= java.lang.Integer.valueOf(Rqty)): null

2018-06-09 19:36:51 - [TEST_STEP][PASSED] - Statement - Break: null

2018-06-09 19:36:51 - [TEST_STEP][PASSED] - Statement - batchlength = new com.kms.katalon.core.testobject.TestObject(): null

2018-06-09 19:36:51 - [TEST_STEP][PASSED] - Statement - batchlength = com.kms.katalon.core.webui.keyword.WebUiBuiltInKeywords.modifyObjectProperty(batchlength, "xpath", "equals", "//*[@id = "fldvendor" + row + ""]", true): Modify property of object successfully

2018-06-09 19:36:51 - [MESSAGE][PASSED] - Modify property of object successfully

2018-06-09 19:36:51 - [TEST_STEP][PASSED] - Statement - batchsize = com.kms.katalon.core.webui.keyword.WebUiBuiltInKeywords.getNumberOfTotalOption(batchlength): 10 options of object '' counted

2018-06-09 19:36:51 - [MESSAGE][PASSED] - 10 options of object '' counted

2018-06-09 19:36:51 - [TEST_STEP][PASSED] - Statement - out.println("BatchSize : " + batchsize): null

2018-06-09 19:36:51 - [TEST_STEP][PASSED] - Statement - For ([n = 1, n <= batchsize - 1, (n++)]): null

2018-06-09 19:36:51 - [TEST_STEP][PASSED] - Statement - product = new com.kms.katalon.core.testobject.TestObject(): null

2018-06-09 19:36:51 - [TEST_STEP][PASSED] - Statement - product = com.kms.katalon.core.webui.keyword.WebUiBuiltInKeywords.modifyObjectProperty(product, "xpath", "equals", "//*[@id = "fldvendor" + row + ""]", true): Modify property of object successfully

2018-06-09 19:36:51 - [MESSAGE][PASSED] - Modify property of object successfully

2018-06-09 19:36:51 - [TEST_STEP][PASSED] - selectOptionByIndex: All options with index in [1] are selected on object ''

2018-06-09 19:36:52 - [MESSAGE][PASSED] - All options with index in [1] are selected on object ''

2018-06-09 19:36:52 - [TEST_STEP][PASSED] - delay: Delayed 2 second(s)

2018-06-09 19:36:54 - [MESSAGE][PASSED] - Delayed 2 second(s)

2018-06-09 19:36:54 - [TEST_STEP][PASSED] - Statement - batch = new com.kms.katalon.core.testobject.TestObject(): null

2018-06-09 19:36:54 - [TEST_STEP][PASSED] - Statement - batch = com.kms.katalon.core.webui.keyword.WebUiBuiltInKeywords.modifyObjectProperty(batch, "xpath", "equals", "//*[@id = "txtbthqty" + row + ""]", true): Modify property of object successfully

2018-06-09 19:36:54 - [MESSAGE][PASSED] - Modify property of object successfully

2018-06-09 19:36:54 - [TEST_STEP][PASSED] - Statement - batchqty = com.kms.katalon.core.webui.keyword.WebUiBuiltInKeywords.getAttribute(batch, "value").trim(): Attribute 'value' of object '' is: '3400'

2018-06-09 19:36:54 - [MESSAGE][PASSED] - Attribute 'value' of object '' is: '3400'

2018-06-09 19:36:54 - [TEST_STEP][PASSED] - Statement - Rqty = 100: null

2018-06-09 19:36:54 - [TEST_STEP][PASSED] - Statement - out.println("BatchQty : " + batchqty): null

2018-06-09 19:36:54 - [TEST_STEP][PASSED] - Statement - out.println("RQty : " + Rqty): null

2018-06-09 19:36:54 - [TEST_STEP][PASSED] - Statement - If (java.lang.Integer.valueOf(batchqty) >= java.lang.Integer.valueOf(Rqty)): null

2018-06-09 19:36:54 - [TEST_STEP][PASSED] - Statement - Break: null

2018-06-09 19:36:54 - [TEST_STEP][PASSED] - Statement - batchlength = new com.kms.katalon.core.testobject.TestObject(): null

2018-06-09 19:36:54 - [TEST_STEP][PASSED] - Statement - batchlength = com.kms.katalon.core.webui.keyword.WebUiBuiltInKeywords.modifyObjectProperty(batchlength, "xpath", "equals", "//*[@id = "fldvendor" + row + ""]", true): Modify property of object successfully

2018-06-09 19:36:54 - [MESSAGE][PASSED] - Modify property of object successfully

2018-06-09 19:36:54 - [TEST_STEP][PASSED] - Statement - batchsize = com.kms.katalon.core.webui.keyword.WebUiBuiltInKeywords.getNumberOfTotalOption(batchlength): 10 options of object '' counted

2018-06-09 19:36:54 - [MESSAGE][PASSED] - 10 options of object '' counted

2018-06-09 19:36:54 - [TEST_STEP][PASSED] - Statement - out.println("BatchSize : " + batchsize): null

2018-06-09 19:36:54 - [TEST_STEP][PASSED] - Statement - For ([n = 1, n <= batchsize - 1, (n++)]): null

2018-06-09 19:36:54 - [TEST_STEP][PASSED] - Statement - product = new com.kms.katalon.core.testobject.TestObject(): null

2018-06-09 19:36:54 - [TEST_STEP][PASSED] - Statement - product = com.kms.katalon.core.webui.keyword.WebUiBuiltInKeywords.modifyObjectProperty(product, "xpath", "equals", "//*[@id = "fldvendor" + row + ""]", true): Modify property of object successfully

2018-06-09 19:36:54 - [MESSAGE][PASSED] - Modify property of object successfully

2018-06-09 19:36:54 - [TEST_STEP][PASSED] - selectOptionByIndex: All options with index in [1] are selected on object ''

2018-06-09 19:36:54 - [MESSAGE][PASSED] - All options with index in [1] are selected on object ''

2018-06-09 19:36:54 - [TEST_STEP][PASSED] - delay: Delayed 2 second(s)

2018-06-09 19:36:56 - [MESSAGE][PASSED] - Delayed 2 second(s)

2018-06-09 19:36:56 - [TEST_STEP][PASSED] - Statement - batch = new com.kms.katalon.core.testobject.TestObject(): null

2018-06-09 19:36:56 - [TEST_STEP][PASSED] - Statement - batch = com.kms.katalon.core.webui.keyword.WebUiBuiltInKeywords.modifyObjectProperty(batch, "xpath", "equals", "//*[@id = "txtbthqty" + row + ""]", true): Modify property of object successfully

2018-06-09 19:36:56 - [MESSAGE][PASSED] - Modify property of object successfully

2018-06-09 19:36:56 - [TEST_STEP][PASSED] - Statement - batchqty = com.kms.katalon.core.webui.keyword.WebUiBuiltInKeywords.getAttribute(batch, "value").trim(): Attribute 'value' of object '' is: '3400'

2018-06-09 19:36:56 - [MESSAGE][PASSED] - Attribute 'value' of object '' is: '3400'

2018-06-09 19:36:56 - [TEST_STEP][PASSED] - Statement - Rqty = 100: null

2018-06-09 19:36:56 - [TEST_STEP][PASSED] - Statement - out.println("BatchQty : " + batchqty): null

2018-06-09 19:36:56 - [TEST_STEP][PASSED] - Statement - out.println("RQty : " + Rqty): null

2018-06-09 19:36:56 - [TEST_STEP][PASSED] - Statement - If (java.lang.Integer.valueOf(batchqty) >= java.lang.Integer.valueOf(Rqty)): null

2018-06-09 19:36:56 - [TEST_STEP][PASSED] - Statement - Break: null

2018-06-09 19:36:56 - [TEST_STEP][PASSED] - Statement - batchlength = new com.kms.katalon.core.testobject.TestObject(): null

2018-06-09 19:36:56 - [TEST_STEP][PASSED] - Statement - batchlength = com.kms.katalon.core.webui.keyword.WebUiBuiltInKeywords.modifyObjectProperty(batchlength, "xpath", "equals", "//*[@id = "fldvendor" + row + ""]", true): Modify property of object successfully

2018-06-09 19:36:56 - [MESSAGE][PASSED] - Modify property of object successfully

2018-06-09 19:36:56 - [TEST_STEP][PASSED] - Statement - batchsize = com.kms.katalon.core.webui.keyword.WebUiBuiltInKeywords.getNumberOfTotalOption(batchlength): 10 options of object '' counted

2018-06-09 19:36:56 - [MESSAGE][PASSED] - 10 options of object '' counted

2018-06-09 19:36:56 - [TEST_STEP][PASSED] - Statement - out.println("BatchSize : " + batchsize): null

2018-06-09 19:36:56 - [TEST_STEP][PASSED] - Statement - For ([n = 1, n <= batchsize - 1, (n++)]): null

2018-06-09 19:36:56 - [TEST_STEP][PASSED] - Statement - product = new com.kms.katalon.core.testobject.TestObject(): null

2018-06-09 19:36:56 - [TEST_STEP][PASSED] - Statement - product = com.kms.katalon.core.webui.keyword.WebUiBuiltInKeywords.modifyObjectProperty(product, "xpath", "equals", "//*[@id = "fldvendor" + row + ""]", true): Modify property of object successfully

2018-06-09 19:36:56 - [MESSAGE][PASSED] - Modify property of object successfully

2018-06-09 19:36:56 - [TEST_STEP][PASSED] - selectOptionByIndex: All options with index in [1] are selected on object ''

2018-06-09 19:36:56 - [MESSAGE][PASSED] - All options with index in [1] are selected on object ''

2018-06-09 19:36:56 - [TEST_STEP][PASSED] - delay: Delayed 2 second(s)

2018-06-09 19:36:58 - [MESSAGE][PASSED] - Delayed 2 second(s)

2018-06-09 19:36:58 - [TEST_STEP][PASSED] - Statement - batch = new com.kms.katalon.core.testobject.TestObject(): null

2018-06-09 19:36:58 - [TEST_STEP][PASSED] - Statement - batch = com.kms.katalon.core.webui.keyword.WebUiBuiltInKeywords.modifyObjectProperty(batch, "xpath", "equals", "//*[@id = "txtbthqty" + row + ""]", true): Modify property of object successfully

2018-06-09 19:36:58 - [MESSAGE][PASSED] - Modify property of object successfully

2018-06-09 19:36:58 - [TEST_STEP][PASSED] - Statement - batchqty = com.kms.katalon.core.webui.keyword.WebUiBuiltInKeywords.getAttribute(batch, "value").trim(): Attribute 'value' of object '' is: '2500'

2018-06-09 19:36:58 - [MESSAGE][PASSED] - Attribute 'value' of object '' is: '2500'

2018-06-09 19:36:58 - [TEST_STEP][PASSED] - Statement - Rqty = 100: null

2018-06-09 19:36:58 - [TEST_STEP][PASSED] - Statement - out.println("BatchQty : " + batchqty): null

2018-06-09 19:36:58 - [TEST_STEP][PASSED] - Statement - out.println("RQty : " + Rqty): null

2018-06-09 19:36:58 - [TEST_STEP][PASSED] - Statement - If (java.lang.Integer.valueOf(batchqty) >= java.lang.Integer.valueOf(Rqty)): null

2018-06-09 19:36:58 - [TEST_STEP][PASSED] - Statement - Break: null

2018-06-09 19:36:58 - [TEST_STEP][PASSED] - Statement - batchlength = new com.kms.katalon.core.testobject.TestObject(): null

2018-06-09 19:36:58 - [TEST_STEP][PASSED] - Statement - batchlength = com.kms.katalon.core.webui.keyword.WebUiBuiltInKeywords.modifyObjectProperty(batchlength, "xpath", "equals", "//*[@id = "fldvendor" + row + ""]", true): Modify property of object successfully

2018-06-09 19:36:58 - [MESSAGE][PASSED] - Modify property of object successfully

2018-06-09 19:36:58 - [TEST_STEP][PASSED] - Statement - batchsize = com.kms.katalon.core.webui.keyword.WebUiBuiltInKeywords.getNumberOfTotalOption(batchlength): 10 options of object '' counted

2018-06-09 19:36:58 - [MESSAGE][PASSED] - 10 options of object '' counted

2018-06-09 19:36:58 - [TEST_STEP][PASSED] - Statement - out.println("BatchSize : " + batchsize): null

2018-06-09 19:36:58 - [TEST_STEP][PASSED] - Statement - For ([n = 1, n <= batchsize - 1, (n++)]): null

2018-06-09 19:36:58 - [TEST_STEP][PASSED] - Statement - product = new com.kms.katalon.core.testobject.TestObject(): null

2018-06-09 19:36:58 - [TEST_STEP][PASSED] - Statement - product = com.kms.katalon.core.webui.keyword.WebUiBuiltInKeywords.modifyObjectProperty(product, "xpath", "equals", "//*[@id = "fldvendor" + row + ""]", true): Modify property of object successfully

2018-06-09 19:36:58 - [MESSAGE][PASSED] - Modify property of object successfully

2018-06-09 19:36:58 - [TEST_STEP][PASSED] - selectOptionByIndex: All options with index in [1] are selected on object ''

2018-06-09 19:36:58 - [MESSAGE][PASSED] - All options with index in [1] are selected on object ''

2018-06-09 19:36:58 - [TEST_STEP][PASSED] - delay: Delayed 2 second(s)

2018-06-09 19:37:00 - [MESSAGE][PASSED] - Delayed 2 second(s)

2018-06-09 19:37:00 - [TEST_STEP][PASSED] - Statement - batch = new com.kms.katalon.core.testobject.TestObject(): null

2018-06-09 19:37:00 - [TEST_STEP][PASSED] - Statement - batch = com.kms.katalon.core.webui.keyword.WebUiBuiltInKeywords.modifyObjectProperty(batch, "xpath", "equals", "//*[@id = "txtbthqty" + row + ""]", true): Modify property of object successfully

2018-06-09 19:37:00 - [MESSAGE][PASSED] - Modify property of object successfully

2018-06-09 19:37:00 - [TEST_STEP][PASSED] - Statement - batchqty = com.kms.katalon.core.webui.keyword.WebUiBuiltInKeywords.getAttribute(batch, "value").trim(): Attribute 'value' of object '' is: '1500'

2018-06-09 19:37:00 - [MESSAGE][PASSED] - Attribute 'value' of object '' is: '1500'

2018-06-09 19:37:00 - [TEST_STEP][PASSED] - Statement - Rqty = 100: null

2018-06-09 19:37:00 - [TEST_STEP][PASSED] - Statement - out.println("BatchQty : " + batchqty): null

2018-06-09 19:37:00 - [TEST_STEP][PASSED] - Statement - out.println("RQty : " + Rqty): null

2018-06-09 19:37:00 - [TEST_STEP][PASSED] - Statement - If (java.lang.Integer.valueOf(batchqty) >= java.lang.Integer.valueOf(Rqty)): null

2018-06-09 19:37:00 - [TEST_STEP][PASSED] - Statement - Break: null

2018-06-09 19:37:00 - [TEST_STEP][PASSED] - Statement - batchlength = new com.kms.katalon.core.testobject.TestObject(): null

2018-06-09 19:37:00 - [TEST_STEP][PASSED] - Statement - batchlength = com.kms.katalon.core.webui.keyword.WebUiBuiltInKeywords.modifyObjectProperty(batchlength, "xpath", "equals", "//*[@id = "fldvendor" + row + ""]", true): Modify property of object successfully

2018-06-09 19:37:00 - [MESSAGE][PASSED] - Modify property of object successfully

2018-06-09 19:37:00 - [TEST_STEP][PASSED] - Statement - batchsize = com.kms.katalon.core.webui.keyword.WebUiBuiltInKeywords.getNumberOfTotalOption(batchlength): 10 options of object '' counted

2018-06-09 19:37:00 - [MESSAGE][PASSED] - 10 options of object '' counted

2018-06-09 19:37:00 - [TEST_STEP][PASSED] - Statement - out.println("BatchSize : " + batchsize): null

2018-06-09 19:37:00 - [TEST_STEP][PASSED] - Statement - For ([n = 1, n <= batchsize - 1, (n++)]): null

2018-06-09 19:37:00 - [TEST_STEP][PASSED] - Statement - product = new com.kms.katalon.core.testobject.TestObject(): null

2018-06-09 19:37:00 - [TEST_STEP][PASSED] - Statement - product = com.kms.katalon.core.webui.keyword.WebUiBuiltInKeywords.modifyObjectProperty(product, "xpath", "equals", "//*[@id = "fldvendor" + row + ""]", true): Modify property of object successfully

2018-06-09 19:37:00 - [MESSAGE][PASSED] - Modify property of object successfully

2018-06-09 19:37:00 - [TEST_STEP][PASSED] - selectOptionByIndex: All options with index in [1] are selected on object ''

2018-06-09 19:37:01 - [MESSAGE][PASSED] - All options with index in [1] are selected on object ''

2018-06-09 19:37:01 - [TEST_STEP][PASSED] - delay: Delayed 2 second(s)

2018-06-09 19:37:03 - [MESSAGE][PASSED] - Delayed 2 second(s)

2018-06-09 19:37:03 - [TEST_STEP][PASSED] - Statement - batch = new com.kms.katalon.core.testobject.TestObject(): null

2018-06-09 19:37:03 - [TEST_STEP][PASSED] - Statement - batch = com.kms.katalon.core.webui.keyword.WebUiBuiltInKeywords.modifyObjectProperty(batch, "xpath", "equals", "//*[@id = "txtbthqty" + row + ""]", true): Modify property of object successfully

2018-06-09 19:37:03 - [MESSAGE][PASSED] - Modify property of object successfully

2018-06-09 19:37:03 - [TEST_STEP][PASSED] - Statement - batchqty = com.kms.katalon.core.webui.keyword.WebUiBuiltInKeywords.getAttribute(batch, "value").trim(): Attribute 'value' of object '' is: '1500'

2018-06-09 19:37:03 - [MESSAGE][PASSED] - Attribute 'value' of object '' is: '1500'

2018-06-09 19:37:03 - [TEST_STEP][PASSED] - Statement - Rqty = 100: null

2018-06-09 19:37:03 - [TEST_STEP][PASSED] - Statement - out.println("BatchQty : " + batchqty): null

2018-06-09 19:37:03 - [TEST_STEP][PASSED] - Statement - out.println("RQty : " + Rqty): null

2018-06-09 19:37:03 - [TEST_STEP][PASSED] - Statement - If (java.lang.Integer.valueOf(batchqty) >= java.lang.Integer.valueOf(Rqty)): null

2018-06-09 19:37:03 - [TEST_STEP][PASSED] - Statement - Break: null

2018-06-09 19:37:03 - [TEST_STEP][PASSED] - Statement - batchlength = new com.kms.katalon.core.testobject.TestObject(): null

2018-06-09 19:37:03 - [TEST_STEP][PASSED] - Statement - batchlength = com.kms.katalon.core.webui.keyword.WebUiBuiltInKeywords.modifyObjectProperty(batchlength, "xpath", "equals", "//*[@id = "fldvendor" + row + ""]", true): Modify property of object successfully

2018-06-09 19:37:03 - [MESSAGE][PASSED] - Modify property of object successfully

2018-06-09 19:37:03 - [TEST_STEP][PASSED] - Statement - batchsize = com.kms.katalon.core.webui.keyword.WebUiBuiltInKeywords.getNumberOfTotalOption(batchlength): 10 options of object '' counted

2018-06-09 19:37:03 - [MESSAGE][PASSED] - 10 options of object '' counted

2018-06-09 19:37:03 - [TEST_STEP][PASSED] - Statement - out.println("BatchSize : " + batchsize): null

2018-06-09 19:37:03 - [TEST_STEP][PASSED] - Statement - For ([n = 1, n <= batchsize - 1, (n++)]): null

2018-06-09 19:37:03 - [TEST_STEP][PASSED] - Statement - product = new com.kms.katalon.core.testobject.TestObject(): null

2018-06-09 19:37:03 - [TEST_STEP][PASSED] - Statement - product = com.kms.katalon.core.webui.keyword.WebUiBuiltInKeywords.modifyObjectProperty(product, "xpath", "equals", "//*[@id = "fldvendor" + row + ""]", true): Modify property of object successfully

2018-06-09 19:37:03 - [MESSAGE][PASSED] - Modify property of object successfully

2018-06-09 19:37:03 - [TEST_STEP][PASSED] - selectOptionByIndex: All options with index in [1] are selected on object ''

2018-06-09 19:37:03 - [MESSAGE][PASSED] - All options with index in [1] are selected on object ''

2018-06-09 19:37:03 - [TEST_STEP][PASSED] - delay: Delayed 2 second(s)

2018-06-09 19:37:05 - [MESSAGE][PASSED] - Delayed 2 second(s)

2018-06-09 19:37:05 - [TEST_STEP][PASSED] - Statement - batch = new com.kms.katalon.core.testobject.TestObject(): null

2018-06-09 19:37:05 - [TEST_STEP][PASSED] - Statement - batch = com.kms.katalon.core.webui.keyword.WebUiBuiltInKeywords.modifyObjectProperty(batch, "xpath", "equals", "//*[@id = "txtbthqty" + row + ""]", true): Modify property of object successfully

2018-06-09 19:37:05 - [MESSAGE][PASSED] - Modify property of object successfully

2018-06-09 19:37:05 - [TEST_STEP][PASSED] - Statement - batchqty = com.kms.katalon.core.webui.keyword.WebUiBuiltInKeywords.getAttribute(batch, "value").trim(): Attribute 'value' of object '' is: '1500'

2018-06-09 19:37:05 - [MESSAGE][PASSED] - Attribute 'value' of object '' is: '1500'

2018-06-09 19:37:05 - [TEST_STEP][PASSED] - Statement - Rqty = 100: null

2018-06-09 19:37:05 - [TEST_STEP][PASSED] - Statement - out.println("BatchQty : " + batchqty): null

2018-06-09 19:37:05 - [TEST_STEP][PASSED] - Statement - out.println("RQty : " + Rqty): null

2018-06-09 19:37:05 - [TEST_STEP][PASSED] - Statement - If (java.lang.Integer.valueOf(batchqty) >= java.lang.Integer.valueOf(Rqty)): null

2018-06-09 19:37:05 - [TEST_STEP][PASSED] - Statement - Break: null

2018-06-09 19:37:05 - [TEST_STEP][PASSED] - Statement - batchlength = new com.kms.katalon.core.testobject.TestObject(): null

2018-06-09 19:37:05 - [TEST_STEP][PASSED] - Statement - batchlength = com.kms.katalon.core.webui.keyword.WebUiBuiltInKeywords.modifyObjectProperty(batchlength, "xpath", "equals", "//*[@id = "fldvendor" + row + ""]", true): Modify property of object successfully

2018-06-09 19:37:05 - [MESSAGE][PASSED] - Modify property of object successfully

2018-06-09 19:37:05 - [TEST_STEP][PASSED] - Statement - batchsize = com.kms.katalon.core.webui.keyword.WebUiBuiltInKeywords.getNumberOfTotalOption(batchlength): 10 options of object '' counted

2018-06-09 19:37:05 - [MESSAGE][PASSED] - 10 options of object '' counted

2018-06-09 19:37:05 - [TEST_STEP][PASSED] - Statement - out.println("BatchSize : " + batchsize): null

2018-06-09 19:37:05 - [TEST_STEP][PASSED] - Statement - For ([n = 1, n <= batchsize - 1, (n++)]): null

2018-06-09 19:37:05 - [TEST_STEP][PASSED] - Statement - product = new com.kms.katalon.core.testobject.TestObject(): null

2018-06-09 19:37:05 - [TEST_STEP][PASSED] - Statement - product = com.kms.katalon.core.webui.keyword.WebUiBuiltInKeywords.modifyObjectProperty(product, "xpath", "equals", "//*[@id = "fldvendor" + row + ""]", true): Modify property of object successfully

2018-06-09 19:37:05 - [MESSAGE][PASSED] - Modify property of object successfully

2018-06-09 19:37:05 - [TEST_STEP][PASSED] - selectOptionByIndex: All options with index in [1] are selected on object ''

2018-06-09 19:37:05 - [MESSAGE][PASSED] - All options with index in [1] are selected on object ''

2018-06-09 19:37:05 - [TEST_STEP][PASSED] - delay: Delayed 2 second(s)

2018-06-09 19:37:07 - [MESSAGE][PASSED] - Delayed 2 second(s)

2018-06-09 19:37:07 - [TEST_STEP][PASSED] - Statement - batch = new com.kms.katalon.core.testobject.TestObject(): null

2018-06-09 19:37:07 - [TEST_STEP][PASSED] - Statement - batch = com.kms.katalon.core.webui.keyword.WebUiBuiltInKeywords.modifyObjectProperty(batch, "xpath", "equals", "//*[@id = "txtbthqty" + row + ""]", true): Modify property of object successfully

2018-06-09 19:37:07 - [MESSAGE][PASSED] - Modify property of object successfully

2018-06-09 19:37:07 - [TEST_STEP][PASSED] - Statement - batchqty = com.kms.katalon.core.webui.keyword.WebUiBuiltInKeywords.getAttribute(batch, "value").trim(): Attribute 'value' of object '' is: '2500'

2018-06-09 19:37:07 - [MESSAGE][PASSED] - Attribute 'value' of object '' is: '2500'

2018-06-09 19:37:07 - [TEST_STEP][PASSED] - Statement - Rqty = 100: null

2018-06-09 19:37:07 - [TEST_STEP][PASSED] - Statement - out.println("BatchQty : " + batchqty): null

2018-06-09 19:37:07 - [TEST_STEP][PASSED] - Statement - out.println("RQty : " + Rqty): null

2018-06-09 19:37:07 - [TEST_STEP][PASSED] - Statement - If (java.lang.Integer.valueOf(batchqty) >= java.lang.Integer.valueOf(Rqty)): null

2018-06-09 19:37:07 - [TEST_STEP][PASSED] - Statement - Break: null

2018-06-09 19:37:07 - [TEST_STEP][PASSED] - Statement - batchlength = new com.kms.katalon.core.testobject.TestObject(): null

2018-06-09 19:37:07 - [TEST_STEP][PASSED] - Statement - batchlength = com.kms.katalon.core.webui.keyword.WebUiBuiltInKeywords.modifyObjectProperty(batchlength, "xpath", "equals", "//*[@id = "fldvendor" + row + ""]", true): Modify property of object successfully

2018-06-09 19:37:07 - [MESSAGE][PASSED] - Modify property of object successfully

2018-06-09 19:37:07 - [TEST_STEP][PASSED] - Statement - batchsize = com.kms.katalon.core.webui.keyword.WebUiBuiltInKeywords.getNumberOfTotalOption(batchlength): 10 options of object '' counted

2018-06-09 19:37:07 - [MESSAGE][PASSED] - 10 options of object '' counted

2018-06-09 19:37:07 - [TEST_STEP][PASSED] - Statement - out.println("BatchSize : " + batchsize): null

2018-06-09 19:37:07 - [TEST_STEP][PASSED] - Statement - For ([n = 1, n <= batchsize - 1, (n++)]): null

2018-06-09 19:37:07 - [TEST_STEP][PASSED] - Statement - product = new com.kms.katalon.core.testobject.TestObject(): null

2018-06-09 19:37:07 - [TEST_STEP][PASSED] - Statement - product = com.kms.katalon.core.webui.keyword.WebUiBuiltInKeywords.modifyObjectProperty(product, "xpath", "equals", "//*[@id = "fldvendor" + row + ""]", true): Modify property of object successfully

2018-06-09 19:37:07 - [MESSAGE][PASSED] - Modify property of object successfully

2018-06-09 19:37:07 - [TEST_STEP][PASSED] - selectOptionByIndex: All options with index in [1] are selected on object ''

2018-06-09 19:37:07 - [MESSAGE][PASSED] - All options with index in [1] are selected on object ''

2018-06-09 19:37:07 - [TEST_STEP][PASSED] - delay: Delayed 2 second(s)

2018-06-09 19:37:09 - [MESSAGE][PASSED] - Delayed 2 second(s)

2018-06-09 19:37:09 - [TEST_STEP][PASSED] - Statement - batch = new com.kms.katalon.core.testobject.TestObject(): null

2018-06-09 19:37:09 - [TEST_STEP][PASSED] - Statement - batch = com.kms.katalon.core.webui.keyword.WebUiBuiltInKeywords.modifyObjectProperty(batch, "xpath", "equals", "//*[@id = "txtbthqty" + row + ""]", true): Modify property of object successfully

2018-06-09 19:37:09 - [MESSAGE][PASSED] - Modify property of object successfully

2018-06-09 19:37:09 - [TEST_STEP][PASSED] - Statement - batchqty = com.kms.katalon.core.webui.keyword.WebUiBuiltInKeywords.getAttribute(batch, "value").trim(): Attribute 'value' of object '' is: '4600'

2018-06-09 19:37:10 - [MESSAGE][PASSED] - Attribute 'value' of object '' is: '4600'

2018-06-09 19:37:10 - [TEST_STEP][PASSED] - Statement - Rqty = 100: null

2018-06-09 19:37:10 - [TEST_STEP][PASSED] - Statement - out.println("BatchQty : " + batchqty): null

2018-06-09 19:37:10 - [TEST_STEP][PASSED] - Statement - out.println("RQty : " + Rqty): null

2018-06-09 19:37:10 - [TEST_STEP][PASSED] - Statement - If (java.lang.Integer.valueOf(batchqty) >= java.lang.Integer.valueOf(Rqty)): null

2018-06-09 19:37:10 - [TEST_STEP][PASSED] - Statement - Break: null

2018-06-09 19:37:10 - [TEST_STEP][PASSED] - Statement - batchlength = new com.kms.katalon.core.testobject.TestObject(): null

2018-06-09 19:37:10 - [TEST_STEP][PASSED] - Statement - batchlength = com.kms.katalon.core.webui.keyword.WebUiBuiltInKeywords.modifyObjectProperty(batchlength, "xpath", "equals", "//*[@id = "fldvendor" + row + ""]", true): Modify property of object successfully

2018-06-09 19:37:10 - [MESSAGE][PASSED] - Modify property of object successfully

2018-06-09 19:37:10 - [TEST_STEP][PASSED] - Statement - batchsize = com.kms.katalon.core.webui.keyword.WebUiBuiltInKeywords.getNumberOfTotalOption(batchlength): 10 options of object '' counted

2018-06-09 19:37:10 - [MESSAGE][PASSED] - 10 options of object '' counted

2018-06-09 19:37:10 - [TEST_STEP][PASSED] - Statement - out.println("BatchSize : " + batchsize): null

2018-06-09 19:37:10 - [TEST_STEP][PASSED] - Statement - For ([n = 1, n <= batchsize - 1, (n++)]): null

2018-06-09 19:37:10 - [TEST_STEP][PASSED] - Statement - product = new com.kms.katalon.core.testobject.TestObject(): null

2018-06-09 19:37:10 - [TEST_STEP][PASSED] - Statement - product = com.kms.katalon.core.webui.keyword.WebUiBuiltInKeywords.modifyObjectProperty(product, "xpath", "equals", "//*[@id = "fldvendor" + row + ""]", true): Modify property of object successfully

2018-06-09 19:37:10 - [MESSAGE][PASSED] - Modify property of object successfully

2018-06-09 19:37:10 - [TEST_STEP][PASSED] - selectOptionByIndex: All options with index in [1] are selected on object ''

2018-06-09 19:37:10 - [MESSAGE][PASSED] - All options with index in [1] are selected on object ''

2018-06-09 19:37:10 - [TEST_STEP][PASSED] - delay: Delayed 2 second(s)

2018-06-09 19:37:12 - [MESSAGE][PASSED] - Delayed 2 second(s)

2018-06-09 19:37:12 - [TEST_STEP][PASSED] - Statement - batch = new com.kms.katalon.core.testobject.TestObject(): null

2018-06-09 19:37:12 - [TEST_STEP][PASSED] - Statement - batch = com.kms.katalon.core.webui.keyword.WebUiBuiltInKeywords.modifyObjectProperty(batch, "xpath", "equals", "//*[@id = "txtbthqty" + row + ""]", true): Modify property of object successfully

2018-06-09 19:37:12 - [MESSAGE][PASSED] - Modify property of object successfully

2018-06-09 19:37:12 - [TEST_STEP][PASSED] - Statement - batchqty = com.kms.katalon.core.webui.keyword.WebUiBuiltInKeywords.getAttribute(batch, "value").trim(): Attribute 'value' of object '' is: '2500'

2018-06-09 19:37:12 - [MESSAGE][PASSED] - Attribute 'value' of object '' is: '2500'

2018-06-09 19:37:12 - [TEST_STEP][PASSED] - Statement - Rqty = 100: null

2018-06-09 19:37:12 - [TEST_STEP][PASSED] - Statement - out.println("BatchQty : " + batchqty): null

2018-06-09 19:37:12 - [TEST_STEP][PASSED] - Statement - out.println("RQty : " + Rqty): null

2018-06-09 19:37:12 - [TEST_STEP][PASSED] - Statement - If (java.lang.Integer.valueOf(batchqty) >= java.lang.Integer.valueOf(Rqty)): null

2018-06-09 19:37:12 - [TEST_STEP][PASSED] - Statement - Break: null

2018-06-09 19:37:12 - [TEST_STEP][PASSED] - Statement - batchlength = new com.kms.katalon.core.testobject.TestObject(): null

2018-06-09 19:37:12 - [TEST_STEP][PASSED] - Statement - batchlength = com.kms.katalon.core.webui.keyword.WebUiBuiltInKeywords.modifyObjectProperty(batchlength, "xpath", "equals", "//*[@id = "fldvendor" + row + ""]", true): Modify property of object successfully

2018-06-09 19:37:12 - [MESSAGE][PASSED] - Modify property of object successfully

2018-06-09 19:37:12 - [TEST_STEP][PASSED] - Statement - batchsize = com.kms.katalon.core.webui.keyword.WebUiBuiltInKeywords.getNumberOfTotalOption(batchlength): 10 options of object '' counted

2018-06-09 19:37:12 - [MESSAGE][PASSED] - 10 options of object '' counted

2018-06-09 19:37:12 - [TEST_STEP][PASSED] - Statement - out.println("BatchSize : " + batchsize): null

2018-06-09 19:37:12 - [TEST_STEP][PASSED] - Statement - For ([n = 1, n <= batchsize - 1, (n++)]): null

2018-06-09 19:37:12 - [TEST_STEP][PASSED] - Statement - product = new com.kms.katalon.core.testobject.TestObject(): null

2018-06-09 19:37:12 - [TEST_STEP][PASSED] - Statement - product = com.kms.katalon.core.webui.keyword.WebUiBuiltInKeywords.modifyObjectProperty(product, "xpath", "equals", "//*[@id = "fldvendor" + row + ""]", true): Modify property of object successfully

2018-06-09 19:37:12 - [MESSAGE][PASSED] - Modify property of object successfully

2018-06-09 19:37:12 - [TEST_STEP][PASSED] - selectOptionByIndex: All options with index in [1] are selected on object ''

2018-06-09 19:37:12 - [MESSAGE][PASSED] - All options with index in [1] are selected on object ''

2018-06-09 19:37:12 - [TEST_STEP][PASSED] - delay: Delayed 2 second(s)

2018-06-09 19:37:14 - [MESSAGE][PASSED] - Delayed 2 second(s)

2018-06-09 19:37:14 - [TEST_STEP][PASSED] - Statement - batch = new com.kms.katalon.core.testobject.TestObject(): null

2018-06-09 19:37:14 - [TEST_STEP][PASSED] - Statement - batch = com.kms.katalon.core.webui.keyword.WebUiBuiltInKeywords.modifyObjectProperty(batch, "xpath", "equals", "//*[@id = "txtbthqty" + row + ""]", true): Modify property of object successfully

2018-06-09 19:37:14 - [MESSAGE][PASSED] - Modify property of object successfully

2018-06-09 19:37:14 - [TEST_STEP][PASSED] - Statement - batchqty = com.kms.katalon.core.webui.keyword.WebUiBuiltInKeywords.getAttribute(batch, "value").trim(): Attribute 'value' of object '' is: '4300'

2018-06-09 19:37:14 - [MESSAGE][PASSED] - Attribute 'value' of object '' is: '4300'

2018-06-09 19:37:14 - [TEST_STEP][PASSED] - Statement - Rqty = 100: null

2018-06-09 19:37:14 - [TEST_STEP][PASSED] - Statement - out.println("BatchQty : " + batchqty): null

2018-06-09 19:37:14 - [TEST_STEP][PASSED] - Statement - out.println("RQty : " + Rqty): null

2018-06-09 19:37:14 - [TEST_STEP][PASSED] - Statement - If (java.lang.Integer.valueOf(batchqty) >= java.lang.Integer.valueOf(Rqty)): null

2018-06-09 19:37:14 - [TEST_STEP][PASSED] - Statement - Break: null

2018-06-09 19:37:14 - [TEST_STEP][PASSED] - Statement - batchlength = new com.kms.katalon.core.testobject.TestObject(): null

2018-06-09 19:37:14 - [TEST_STEP][PASSED] - Statement - batchlength = com.kms.katalon.core.webui.keyword.WebUiBuiltInKeywords.modifyObjectProperty(batchlength, "xpath", "equals", "//*[@id = "fldvendor" + row + ""]", true): Modify property of object successfully

2018-06-09 19:37:14 - [MESSAGE][PASSED] - Modify property of object successfully

2018-06-09 19:37:14 - [TEST_STEP][PASSED] - Statement - batchsize = com.kms.katalon.core.webui.keyword.WebUiBuiltInKeywords.getNumberOfTotalOption(batchlength): 10 options of object '' counted

2018-06-09 19:37:14 - [MESSAGE][PASSED] - 10 options of object '' counted

2018-06-09 19:37:14 - [TEST_STEP][PASSED] - Statement - out.println("BatchSize : " + batchsize): null

2018-06-09 19:37:14 - [TEST_STEP][PASSED] - Statement - For ([n = 1, n <= batchsize - 1, (n++)]): null

2018-06-09 19:37:14 - [TEST_STEP][PASSED] - Statement - product = new com.kms.katalon.core.testobject.TestObject(): null

2018-06-09 19:37:14 - [TEST_STEP][PASSED] - Statement - product = com.kms.katalon.core.webui.keyword.WebUiBuiltInKeywords.modifyObjectProperty(product, "xpath", "equals", "//*[@id = "fldvendor" + row + ""]", true): Modify property of object successfully

2018-06-09 19:37:14 - [MESSAGE][PASSED] - Modify property of object successfully

2018-06-09 19:37:14 - [TEST_STEP][PASSED] - selectOptionByIndex: All options with index in [1] are selected on object ''

2018-06-09 19:37:14 - [MESSAGE][PASSED] - All options with index in [1] are selected on object ''

2018-06-09 19:37:14 - [TEST_STEP][PASSED] - delay: Delayed 2 second(s)

2018-06-09 19:37:16 - [MESSAGE][PASSED] - Delayed 2 second(s)

2018-06-09 19:37:16 - [TEST_STEP][PASSED] - Statement - batch = new com.kms.katalon.core.testobject.TestObject(): null

2018-06-09 19:37:16 - [TEST_STEP][PASSED] - Statement - batch = com.kms.katalon.core.webui.keyword.WebUiBuiltInKeywords.modifyObjectProperty(batch, "xpath", "equals", "//*[@id = "txtbthqty" + row + ""]", true): Modify property of object successfully

2018-06-09 19:37:16 - [MESSAGE][PASSED] - Modify property of object successfully

2018-06-09 19:37:16 - [TEST_STEP][PASSED] - Statement - batchqty = com.kms.katalon.core.webui.keyword.WebUiBuiltInKeywords.getAttribute(batch, "value").trim(): Attribute 'value' of object '' is: '4600'

2018-06-09 19:37:16 - [MESSAGE][PASSED] - Attribute 'value' of object '' is: '4600'

2018-06-09 19:37:16 - [TEST_STEP][PASSED] - Statement - Rqty = 100: null

2018-06-09 19:37:16 - [TEST_STEP][PASSED] - Statement - out.println("BatchQty : " + batchqty): null

2018-06-09 19:37:16 - [TEST_STEP][PASSED] - Statement - out.println("RQty : " + Rqty): null

2018-06-09 19:37:16 - [TEST_STEP][PASSED] - Statement - If (java.lang.Integer.valueOf(batchqty) >= java.lang.Integer.valueOf(Rqty)): null

2018-06-09 19:37:16 - [TEST_STEP][PASSED] - Statement - Break: null

2018-06-09 19:37:16 - [TEST_STEP][PASSED] - Statement - batchlength = new com.kms.katalon.core.testobject.TestObject(): null

2018-06-09 19:37:16 - [TEST_STEP][PASSED] - Statement - batchlength = com.kms.katalon.core.webui.keyword.WebUiBuiltInKeywords.modifyObjectProperty(batchlength, "xpath", "equals", "//*[@id = "fldvendor" + row + ""]", true): Modify property of object successfully

2018-06-09 19:37:16 - [MESSAGE][PASSED] - Modify property of object successfully

2018-06-09 19:37:16 - [TEST_STEP][PASSED] - Statement - batchsize = com.kms.katalon.core.webui.keyword.WebUiBuiltInKeywords.getNumberOfTotalOption(batchlength): 10 options of object '' counted

2018-06-09 19:37:16 - [MESSAGE][PASSED] - 10 options of object '' counted

2018-06-09 19:37:16 - [TEST_STEP][PASSED] - Statement - out.println("BatchSize : " + batchsize): null

2018-06-09 19:37:16 - [TEST_STEP][PASSED] - Statement - For ([n = 1, n <= batchsize - 1, (n++)]): null

2018-06-09 19:37:16 - [TEST_STEP][PASSED] - Statement - product = new com.kms.katalon.core.testobject.TestObject(): null

2018-06-09 19:37:16 - [TEST_STEP][PASSED] - Statement - product = com.kms.katalon.core.webui.keyword.WebUiBuiltInKeywords.modifyObjectProperty(product, "xpath", "equals", "//*[@id = "fldvendor" + row + ""]", true): Modify property of object successfully

2018-06-09 19:37:16 - [MESSAGE][PASSED] - Modify property of object successfully

2018-06-09 19:37:16 - [TEST_STEP][PASSED] - selectOptionByIndex: All options with index in [1] are selected on object ''

2018-06-09 19:37:17 - [MESSAGE][PASSED] - All options with index in [1] are selected on object ''

2018-06-09 19:37:17 - [TEST_STEP][PASSED] - delay: Delayed 2 second(s)

2018-06-09 19:37:19 - [MESSAGE][PASSED] - Delayed 2 second(s)

2018-06-09 19:37:19 - [TEST_STEP][PASSED] - Statement - batch = new com.kms.katalon.core.testobject.TestObject(): null

2018-06-09 19:37:19 - [TEST_STEP][PASSED] - Statement - batch = com.kms.katalon.core.webui.keyword.WebUiBuiltInKeywords.modifyObjectProperty(batch, "xpath", "equals", "//*[@id = "txtbthqty" + row + ""]", true): Modify property of object successfully

2018-06-09 19:37:19 - [MESSAGE][PASSED] - Modify property of object successfully

2018-06-09 19:37:19 - [TEST_STEP][PASSED] - Statement - batchqty = com.kms.katalon.core.webui.keyword.WebUiBuiltInKeywords.getAttribute(batch, "value").trim(): Attribute 'value' of object '' is: '2900'

2018-06-09 19:37:19 - [MESSAGE][PASSED] - Attribute 'value' of object '' is: '2900'

2018-06-09 19:37:19 - [TEST_STEP][PASSED] - Statement - Rqty = 100: null

2018-06-09 19:37:19 - [TEST_STEP][PASSED] - Statement - out.println("BatchQty : " + batchqty): null

2018-06-09 19:37:19 - [TEST_STEP][PASSED] - Statement - out.println("RQty : " + Rqty): null

2018-06-09 19:37:19 - [TEST_STEP][PASSED] - Statement - If (java.lang.Integer.valueOf(batchqty) >= java.lang.Integer.valueOf(Rqty)): null

2018-06-09 19:37:19 - [TEST_STEP][PASSED] - Statement - Break: null

2018-06-09 19:37:19 - [TEST_STEP][PASSED] - Statement - batchlength = new com.kms.katalon.core.testobject.TestObject(): null

2018-06-09 19:37:19 - [TEST_STEP][PASSED] - Statement - batchlength = com.kms.katalon.core.webui.keyword.WebUiBuiltInKeywords.modifyObjectProperty(batchlength, "xpath", "equals", "//*[@id = "fldvendor" + row + ""]", true): Modify property of object successfully

2018-06-09 19:37:19 - [MESSAGE][PASSED] - Modify property of object successfully

2018-06-09 19:37:19 - [TEST_STEP][PASSED] - Statement - batchsize = com.kms.katalon.core.webui.keyword.WebUiBuiltInKeywords.getNumberOfTotalOption(batchlength): 10 options of object '' counted

2018-06-09 19:37:19 - [MESSAGE][PASSED] - 10 options of object '' counted

2018-06-09 19:37:19 - [TEST_STEP][PASSED] - Statement - out.println("BatchSize : " + batchsize): null

2018-06-09 19:37:19 - [TEST_STEP][PASSED] - Statement - For ([n = 1, n <= batchsize - 1, (n++)]): null

2018-06-09 19:37:19 - [TEST_STEP][PASSED] - Statement - product = new com.kms.katalon.core.testobject.TestObject(): null

2018-06-09 19:37:19 - [TEST_STEP][PASSED] - Statement - product = com.kms.katalon.core.webui.keyword.WebUiBuiltInKeywords.modifyObjectProperty(product, "xpath", "equals", "//*[@id = "fldvendor" + row + ""]", true): Modify property of object successfully

2018-06-09 19:37:19 - [MESSAGE][PASSED] - Modify property of object successfully

2018-06-09 19:37:19 - [TEST_STEP][PASSED] - selectOptionByIndex: All options with index in [1] are selected on object ''

2018-06-09 19:37:19 - [MESSAGE][PASSED] - All options with index in [1] are selected on object ''

2018-06-09 19:37:19 - [TEST_STEP][PASSED] - delay: Delayed 2 second(s)

2018-06-09 19:37:21 - [MESSAGE][PASSED] - Delayed 2 second(s)

2018-06-09 19:37:21 - [TEST_STEP][PASSED] - Statement - batch = new com.kms.katalon.core.testobject.TestObject(): null

2018-06-09 19:37:21 - [TEST_STEP][PASSED] - Statement - batch = com.kms.katalon.core.webui.keyword.WebUiBuiltInKeywords.modifyObjectProperty(batch, "xpath", "equals", "//*[@id = "txtbthqty" + row + ""]", true): Modify property of object successfully

2018-06-09 19:37:21 - [MESSAGE][PASSED] - Modify property of object successfully

2018-06-09 19:37:21 - [TEST_STEP][PASSED] - Statement - batchqty = com.kms.katalon.core.webui.keyword.WebUiBuiltInKeywords.getAttribute(batch, "value").trim(): Attribute 'value' of object '' is: '36200'

2018-06-09 19:37:21 - [MESSAGE][PASSED] - Attribute 'value' of object '' is: '36200'

2018-06-09 19:37:21 - [TEST_STEP][PASSED] - Statement - Rqty = 100: null

2018-06-09 19:37:21 - [TEST_STEP][PASSED] - Statement - out.println("BatchQty : " + batchqty): null

2018-06-09 19:37:21 - [TEST_STEP][PASSED] - Statement - out.println("RQty : " + Rqty): null

2018-06-09 19:37:21 - [TEST_STEP][PASSED] - Statement - If (java.lang.Integer.valueOf(batchqty) >= java.lang.Integer.valueOf(Rqty)): null

2018-06-09 19:37:21 - [TEST_STEP][PASSED] - Statement - Break: null

2018-06-09 19:37:21 - [TEST_STEP][PASSED] - Statement - batchlength = new com.kms.katalon.core.testobject.TestObject(): null

2018-06-09 19:37:21 - [TEST_STEP][PASSED] - Statement - batchlength = com.kms.katalon.core.webui.keyword.WebUiBuiltInKeywords.modifyObjectProperty(batchlength, "xpath", "equals", "//*[@id = "fldvendor" + row + ""]", true): Modify property of object successfully

2018-06-09 19:37:21 - [MESSAGE][PASSED] - Modify property of object successfully

2018-06-09 19:37:21 - [TEST_STEP][PASSED] - Statement - batchsize = com.kms.katalon.core.webui.keyword.WebUiBuiltInKeywords.getNumberOfTotalOption(batchlength): 10 options of object '' counted

2018-06-09 19:37:21 - [MESSAGE][PASSED] - 10 options of object '' counted

2018-06-09 19:37:21 - [TEST_STEP][PASSED] - Statement - out.println("BatchSize : " + batchsize): null

2018-06-09 19:37:21 - [TEST_STEP][PASSED] - Statement - For ([n = 1, n <= batchsize - 1, (n++)]): null

2018-06-09 19:37:21 - [TEST_STEP][PASSED] - Statement - product = new com.kms.katalon.core.testobject.TestObject(): null

2018-06-09 19:37:21 - [TEST_STEP][PASSED] - Statement - product = com.kms.katalon.core.webui.keyword.WebUiBuiltInKeywords.modifyObjectProperty(product, "xpath", "equals", "//*[@id = "fldvendor" + row + ""]", true): Modify property of object successfully

2018-06-09 19:37:21 - [MESSAGE][PASSED] - Modify property of object successfully

2018-06-09 19:37:21 - [TEST_STEP][PASSED] - selectOptionByIndex: All options with index in [1] are selected on object ''

2018-06-09 19:37:21 - [MESSAGE][PASSED] - All options with index in [1] are selected on object ''

2018-06-09 19:37:21 - [TEST_STEP][PASSED] - delay: Delayed 2 second(s)

2018-06-09 19:37:23 - [MESSAGE][PASSED] - Delayed 2 second(s)

2018-06-09 19:37:23 - [TEST_STEP][PASSED] - Statement - batch = new com.kms.katalon.core.testobject.TestObject(): null

2018-06-09 19:37:23 - [TEST_STEP][PASSED] - Statement - batch = com.kms.katalon.core.webui.keyword.WebUiBuiltInKeywords.modifyObjectProperty(batch, "xpath", "equals", "//*[@id = "txtbthqty" + row + ""]", true): Modify property of object successfully

2018-06-09 19:37:23 - [MESSAGE][PASSED] - Modify property of object successfully

2018-06-09 19:37:23 - [TEST_STEP][PASSED] - Statement - batchqty = com.kms.katalon.core.webui.keyword.WebUiBuiltInKeywords.getAttribute(batch, "value").trim(): Attribute 'value' of object '' is: '2500'

2018-06-09 19:37:23 - [MESSAGE][PASSED] - Attribute 'value' of object '' is: '2500'

2018-06-09 19:37:23 - [TEST_STEP][PASSED] - Statement - Rqty = 100: null

2018-06-09 19:37:23 - [TEST_STEP][PASSED] - Statement - out.println("BatchQty : " + batchqty): null

2018-06-09 19:37:23 - [TEST_STEP][PASSED] - Statement - out.println("RQty : " + Rqty): null

2018-06-09 19:37:23 - [TEST_STEP][PASSED] - Statement - If (java.lang.Integer.valueOf(batchqty) >= java.lang.Integer.valueOf(Rqty)): null

2018-06-09 19:37:23 - [TEST_STEP][PASSED] - Statement - Break: null

2018-06-09 19:37:23 - [TEST_STEP][PASSED] - Statement - batchlength = new com.kms.katalon.core.testobject.TestObject(): null

2018-06-09 19:37:23 - [TEST_STEP][PASSED] - Statement - batchlength = com.kms.katalon.core.webui.keyword.WebUiBuiltInKeywords.modifyObjectProperty(batchlength, "xpath", "equals", "//*[@id = "fldvendor" + row + ""]", true): Modify property of object successfully

2018-06-09 19:37:23 - [MESSAGE][PASSED] - Modify property of object successfully

2018-06-09 19:37:23 - [TEST_STEP][PASSED] - Statement - batchsize = com.kms.katalon.core.webui.keyword.WebUiBuiltInKeywords.getNumberOfTotalOption(batchlength): 10 options of object '' counted

2018-06-09 19:37:23 - [MESSAGE][PASSED] - 10 options of object '' counted

2018-06-09 19:37:23 - [TEST_STEP][PASSED] - Statement - out.println("BatchSize : " + batchsize): null

2018-06-09 19:37:23 - [TEST_STEP][PASSED] - Statement - For ([n = 1, n <= batchsize - 1, (n++)]): null

2018-06-09 19:37:23 - [TEST_STEP][PASSED] - Statement - product = new com.kms.katalon.core.testobject.TestObject(): null

2018-06-09 19:37:23 - [TEST_STEP][PASSED] - Statement - product = com.kms.katalon.core.webui.keyword.WebUiBuiltInKeywords.modifyObjectProperty(product, "xpath", "equals", "//*[@id = "fldvendor" + row + ""]", true): Modify property of object successfully

2018-06-09 19:37:23 - [MESSAGE][PASSED] - Modify property of object successfully

2018-06-09 19:37:23 - [TEST_STEP][PASSED] - selectOptionByIndex: All options with index in [1] are selected on object ''

2018-06-09 19:37:23 - [MESSAGE][PASSED] - All options with index in [1] are selected on object ''

2018-06-09 19:37:23 - [TEST_STEP][PASSED] - delay: Delayed 2 second(s)

2018-06-09 19:37:25 - [MESSAGE][PASSED] - Delayed 2 second(s)

2018-06-09 19:37:25 - [TEST_STEP][PASSED] - Statement - batch = new com.kms.katalon.core.testobject.TestObject(): null

2018-06-09 19:37:25 - [TEST_STEP][PASSED] - Statement - batch = com.kms.katalon.core.webui.keyword.WebUiBuiltInKeywords.modifyObjectProperty(batch, "xpath", "equals", "//*[@id = "txtbthqty" + row + ""]", true): Modify property of object successfully

2018-06-09 19:37:25 - [MESSAGE][PASSED] - Modify property of object successfully

2018-06-09 19:37:25 - [TEST_STEP][PASSED] - Statement - batchqty = com.kms.katalon.core.webui.keyword.WebUiBuiltInKeywords.getAttribute(batch, "value").trim(): Attribute 'value' of object '' is: '3400'

2018-06-09 19:37:25 - [MESSAGE][PASSED] - Attribute 'value' of object '' is: '3400'

2018-06-09 19:37:25 - [TEST_STEP][PASSED] - Statement - Rqty = 100: null

2018-06-09 19:37:25 - [TEST_STEP][PASSED] - Statement - out.println("BatchQty : " + batchqty): null

2018-06-09 19:37:25 - [TEST_STEP][PASSED] - Statement - out.println("RQty : " + Rqty): null

2018-06-09 19:37:25 - [TEST_STEP][PASSED] - Statement - If (java.lang.Integer.valueOf(batchqty) >= java.lang.Integer.valueOf(Rqty)): null

2018-06-09 19:37:25 - [TEST_STEP][PASSED] - Statement - Break: null

2018-06-09 19:37:25 - [TEST_STEP][PASSED] - Statement - batchlength = new com.kms.katalon.core.testobject.TestObject(): null

2018-06-09 19:37:25 - [TEST_STEP][PASSED] - Statement - batchlength = com.kms.katalon.core.webui.keyword.WebUiBuiltInKeywords.modifyObjectProperty(batchlength, "xpath", "equals", "//*[@id = "fldvendor" + row + ""]", true): Modify property of object successfully

2018-06-09 19:37:25 - [MESSAGE][PASSED] - Modify property of object successfully

2018-06-09 19:37:25 - [TEST_STEP][PASSED] - Statement - batchsize = com.kms.katalon.core.webui.keyword.WebUiBuiltInKeywords.getNumberOfTotalOption(batchlength): 10 options of object '' counted

2018-06-09 19:37:26 - [MESSAGE][PASSED] - 10 options of object '' counted

2018-06-09 19:37:26 - [TEST_STEP][PASSED] - Statement - out.println("BatchSize : " + batchsize): null

2018-06-09 19:37:26 - [TEST_STEP][PASSED] - Statement - For ([n = 1, n <= batchsize - 1, (n++)]): null

2018-06-09 19:37:26 - [TEST_STEP][PASSED] - Statement - product = new com.kms.katalon.core.testobject.TestObject(): null

2018-06-09 19:37:26 - [TEST_STEP][PASSED] - Statement - product = com.kms.katalon.core.webui.keyword.WebUiBuiltInKeywords.modifyObjectProperty(product, "xpath", "equals", "//*[@id = "fldvendor" + row + ""]", true): Modify property of object successfully

2018-06-09 19:37:26 - [MESSAGE][PASSED] - Modify property of object successfully

2018-06-09 19:37:26 - [TEST_STEP][PASSED] - selectOptionByIndex: All options with index in [1] are selected on object ''

2018-06-09 19:37:26 - [MESSAGE][PASSED] - All options with index in [1] are selected on object ''

2018-06-09 19:37:26 - [TEST_STEP][PASSED] - delay: Delayed 2 second(s)

2018-06-09 19:37:28 - [MESSAGE][PASSED] - Delayed 2 second(s)

2018-06-09 19:37:28 - [TEST_STEP][PASSED] - Statement - batch = new com.kms.katalon.core.testobject.TestObject(): null

2018-06-09 19:37:28 - [TEST_STEP][PASSED] - Statement - batch = com.kms.katalon.core.webui.keyword.WebUiBuiltInKeywords.modifyObjectProperty(batch, "xpath", "equals", "//*[@id = "txtbthqty" + row + ""]", true): Modify property of object successfully

2018-06-09 19:37:28 - [MESSAGE][PASSED] - Modify property of object successfully

2018-06-09 19:37:28 - [TEST_STEP][PASSED] - Statement - batchqty = com.kms.katalon.core.webui.keyword.WebUiBuiltInKeywords.getAttribute(batch, "value").trim(): Attribute 'value' of object '' is: '2500'

2018-06-09 19:37:28 - [MESSAGE][PASSED] - Attribute 'value' of object '' is: '2500'

2018-06-09 19:37:28 - [TEST_STEP][PASSED] - Statement - Rqty = 100: null

2018-06-09 19:37:28 - [TEST_STEP][PASSED] - Statement - out.println("BatchQty : " + batchqty): null

2018-06-09 19:37:28 - [TEST_STEP][PASSED] - Statement - out.println("RQty : " + Rqty): null

2018-06-09 19:37:28 - [TEST_STEP][PASSED] - Statement - If (java.lang.Integer.valueOf(batchqty) >= java.lang.Integer.valueOf(Rqty)): null

2018-06-09 19:37:28 - [TEST_STEP][PASSED] - Statement - Break: null

2018-06-09 19:37:28 - [TEST_STEP][PASSED] - Statement - batchlength = new com.kms.katalon.core.testobject.TestObject(): null

2018-06-09 19:37:28 - [TEST_STEP][PASSED] - Statement - batchlength = com.kms.katalon.core.webui.keyword.WebUiBuiltInKeywords.modifyObjectProperty(batchlength, "xpath", "equals", "//*[@id = "fldvendor" + row + ""]", true): Modify property of object successfully

2018-06-09 19:37:28 - [MESSAGE][PASSED] - Modify property of object successfully

2018-06-09 19:37:28 - [TEST_STEP][PASSED] - Statement - batchsize = com.kms.katalon.core.webui.keyword.WebUiBuiltInKeywords.getNumberOfTotalOption(batchlength): 10 options of object '' counted

2018-06-09 19:37:28 - [MESSAGE][PASSED] - 10 options of object '' counted

2018-06-09 19:37:28 - [TEST_STEP][PASSED] - Statement - out.println("BatchSize : " + batchsize): null

2018-06-09 19:37:28 - [TEST_STEP][PASSED] - Statement - For ([n = 1, n <= batchsize - 1, (n++)]): null

2018-06-09 19:37:28 - [TEST_STEP][PASSED] - Statement - product = new com.kms.katalon.core.testobject.TestObject(): null

2018-06-09 19:37:28 - [TEST_STEP][PASSED] - Statement - product = com.kms.katalon.core.webui.keyword.WebUiBuiltInKeywords.modifyObjectProperty(product, "xpath", "equals", "//*[@id = "fldvendor" + row + ""]", true): Modify property of object successfully

2018-06-09 19:37:28 - [MESSAGE][PASSED] - Modify property of object successfully

2018-06-09 19:37:28 - [TEST_STEP][PASSED] - selectOptionByIndex: All options with index in [1] are selected on object ''

2018-06-09 19:37:28 - [MESSAGE][PASSED] - All options with index in [1] are selected on object ''

2018-06-09 19:37:28 - [TEST_STEP][PASSED] - delay: Delayed 2 second(s)

2018-06-09 19:37:30 - [MESSAGE][PASSED] - Delayed 2 second(s)

2018-06-09 19:37:30 - [TEST_STEP][PASSED] - Statement - batch = new com.kms.katalon.core.testobject.TestObject(): null

2018-06-09 19:37:30 - [TEST_STEP][PASSED] - Statement - batch = com.kms.katalon.core.webui.keyword.WebUiBuiltInKeywords.modifyObjectProperty(batch, "xpath", "equals", "//*[@id = "txtbthqty" + row + ""]", true): Modify property of object successfully

2018-06-09 19:37:30 - [MESSAGE][PASSED] - Modify property of object successfully

2018-06-09 19:37:30 - [TEST_STEP][PASSED] - Statement - batchqty = com.kms.katalon.core.webui.keyword.WebUiBuiltInKeywords.getAttribute(batch, "value").trim(): Attribute 'value' of object '' is: '4300'

2018-06-09 19:37:30 - [MESSAGE][PASSED] - Attribute 'value' of object '' is: '4300'

2018-06-09 19:37:30 - [TEST_STEP][PASSED] - Statement - Rqty = 100: null

2018-06-09 19:37:30 - [TEST_STEP][PASSED] - Statement - out.println("BatchQty : " + batchqty): null

2018-06-09 19:37:30 - [TEST_STEP][PASSED] - Statement - out.println("RQty : " + Rqty): null

2018-06-09 19:37:30 - [TEST_STEP][PASSED] - Statement - If (java.lang.Integer.valueOf(batchqty) >= java.lang.Integer.valueOf(Rqty)): null

2018-06-09 19:37:30 - [TEST_STEP][PASSED] - Statement - Break: null

2018-06-09 19:37:30 - [TEST_STEP][PASSED] - Statement - batchlength = new com.kms.katalon.core.testobject.TestObject(): null

2018-06-09 19:37:30 - [TEST_STEP][PASSED] - Statement - batchlength = com.kms.katalon.core.webui.keyword.WebUiBuiltInKeywords.modifyObjectProperty(batchlength, "xpath", "equals", "//*[@id = "fldvendor" + row + ""]", true): Modify property of object successfully

2018-06-09 19:37:30 - [MESSAGE][PASSED] - Modify property of object successfully

2018-06-09 19:37:30 - [TEST_STEP][PASSED] - Statement - batchsize = com.kms.katalon.core.webui.keyword.WebUiBuiltInKeywords.getNumberOfTotalOption(batchlength): 10 options of object '' counted

2018-06-09 19:37:30 - [MESSAGE][PASSED] - 10 options of object '' counted

2018-06-09 19:37:30 - [TEST_STEP][PASSED] - Statement - out.println("BatchSize : " + batchsize): null

2018-06-09 19:37:30 - [TEST_STEP][PASSED] - Statement - For ([n = 1, n <= batchsize - 1, (n++)]): null

2018-06-09 19:37:30 - [TEST_STEP][PASSED] - Statement - product = new com.kms.katalon.core.testobject.TestObject(): null

2018-06-09 19:37:30 - [TEST_STEP][PASSED] - Statement - product = com.kms.katalon.core.webui.keyword.WebUiBuiltInKeywords.modifyObjectProperty(product, "xpath", "equals", "//*[@id = "fldvendor" + row + ""]", true): Modify property of object successfully

2018-06-09 19:37:30 - [MESSAGE][PASSED] - Modify property of object successfully

2018-06-09 19:37:30 - [TEST_STEP][PASSED] - selectOptionByIndex: All options with index in [1] are selected on object ''

2018-06-09 19:37:30 - [MESSAGE][PASSED] - All options with index in [1] are selected on object ''

2018-06-09 19:37:30 - [TEST_STEP][PASSED] - delay: Delayed 2 second(s)

2018-06-09 19:37:32 - [MESSAGE][PASSED] - Delayed 2 second(s)

2018-06-09 19:37:32 - [TEST_STEP][PASSED] - Statement - batch = new com.kms.katalon.core.testobject.TestObject(): null

2018-06-09 19:37:32 - [TEST_STEP][PASSED] - Statement - batch = com.kms.katalon.core.webui.keyword.WebUiBuiltInKeywords.modifyObjectProperty(batch, "xpath", "equals", "//*[@id = "txtbthqty" + row + ""]", true): Modify property of object successfully

2018-06-09 19:37:32 - [MESSAGE][PASSED] - Modify property of object successfully

2018-06-09 19:37:32 - [TEST_STEP][PASSED] - Statement - batchqty = com.kms.katalon.core.webui.keyword.WebUiBuiltInKeywords.getAttribute(batch, "value").trim(): Attribute 'value' of object '' is: '1500'

2018-06-09 19:37:32 - [MESSAGE][PASSED] - Attribute 'value' of object '' is: '1500'

2018-06-09 19:37:32 - [TEST_STEP][PASSED] - Statement - Rqty = 100: null

2018-06-09 19:37:32 - [TEST_STEP][PASSED] - Statement - out.println("BatchQty : " + batchqty): null

2018-06-09 19:37:32 - [TEST_STEP][PASSED] - Statement - out.println("RQty : " + Rqty): null

2018-06-09 19:37:32 - [TEST_STEP][PASSED] - Statement - If (java.lang.Integer.valueOf(batchqty) >= java.lang.Integer.valueOf(Rqty)): null

2018-06-09 19:37:32 - [TEST_STEP][PASSED] - Statement - Break: null

2018-06-09 19:37:32 - [TEST_STEP][PASSED] - Statement - batchlength = new com.kms.katalon.core.testobject.TestObject(): null

2018-06-09 19:37:32 - [TEST_STEP][PASSED] - Statement - batchlength = com.kms.katalon.core.webui.keyword.WebUiBuiltInKeywords.modifyObjectProperty(batchlength, "xpath", "equals", "//*[@id = "fldvendor" + row + ""]", true): Modify property of object successfully

2018-06-09 19:37:32 - [MESSAGE][PASSED] - Modify property of object successfully

2018-06-09 19:37:32 - [TEST_STEP][PASSED] - Statement - batchsize = com.kms.katalon.core.webui.keyword.WebUiBuiltInKeywords.getNumberOfTotalOption(batchlength): 10 options of object '' counted

2018-06-09 19:37:32 - [MESSAGE][PASSED] - 10 options of object '' counted

2018-06-09 19:37:32 - [TEST_STEP][PASSED] - Statement - out.println("BatchSize : " + batchsize): null

2018-06-09 19:37:32 - [TEST_STEP][PASSED] - Statement - For ([n = 1, n <= batchsize - 1, (n++)]): null

2018-06-09 19:37:32 - [TEST_STEP][PASSED] - Statement - product = new com.kms.katalon.core.testobject.TestObject(): null

2018-06-09 19:37:32 - [TEST_STEP][PASSED] - Statement - product = com.kms.katalon.core.webui.keyword.WebUiBuiltInKeywords.modifyObjectProperty(product, "xpath", "equals", "//*[@id = "fldvendor" + row + ""]", true): Modify property of object successfully

2018-06-09 19:37:32 - [MESSAGE][PASSED] - Modify property of object successfully

2018-06-09 19:37:32 - [TEST_STEP][PASSED] - selectOptionByIndex: All options with index in [1] are selected on object ''

2018-06-09 19:37:33 - [MESSAGE][PASSED] - All options with index in [1] are selected on object ''

2018-06-09 19:37:33 - [TEST_STEP][PASSED] - delay: Delayed 2 second(s)

2018-06-09 19:37:35 - [MESSAGE][PASSED] - Delayed 2 second(s)

2018-06-09 19:37:35 - [TEST_STEP][PASSED] - Statement - batch = new com.kms.katalon.core.testobject.TestObject(): null

2018-06-09 19:37:35 - [TEST_STEP][PASSED] - Statement - batch = com.kms.katalon.core.webui.keyword.WebUiBuiltInKeywords.modifyObjectProperty(batch, "xpath", "equals", "//*[@id = "txtbthqty" + row + ""]", true): Modify property of object successfully

2018-06-09 19:37:35 - [MESSAGE][PASSED] - Modify property of object successfully

2018-06-09 19:37:35 - [TEST_STEP][PASSED] - Statement - batchqty = com.kms.katalon.core.webui.keyword.WebUiBuiltInKeywords.getAttribute(batch, "value").trim(): Attribute 'value' of object '' is: '4600'

2018-06-09 19:37:35 - [MESSAGE][PASSED] - Attribute 'value' of object '' is: '4600'

2018-06-09 19:37:35 - [TEST_STEP][PASSED] - Statement - Rqty = 100: null

2018-06-09 19:37:35 - [TEST_STEP][PASSED] - Statement - out.println("BatchQty : " + batchqty): null

2018-06-09 19:37:35 - [TEST_STEP][PASSED] - Statement - out.println("RQty : " + Rqty): null

2018-06-09 19:37:35 - [TEST_STEP][PASSED] - Statement - If (java.lang.Integer.valueOf(batchqty) >= java.lang.Integer.valueOf(Rqty)): null

2018-06-09 19:37:35 - [TEST_STEP][PASSED] - Statement - Break: null

2018-06-09 19:37:35 - [TEST_STEP][PASSED] - click: Object: 'Object Repository/store Request Schedule 1/Page_KDMC - CMS/input_btndispatch' is clicked on

2018-06-09 19:37:36 - [MESSAGE][PASSED] - Object: 'Object Repository/store Request Schedule 1/Page_KDMC - CMS/input_btndispatch' is clicked on

2018-06-09 19:37:36 - [TEST_STEP][PASSED] - waitForElementVisible: Object 'Object Repository/store Request Schedule 1/Page_KDMC - CMS/button_OK' is visible

2018-06-09 19:37:39 - [MESSAGE][PASSED] - Object 'Object Repository/store Request Schedule 1/Page_KDMC - CMS/button_OK' is visible

2018-06-09 19:37:39 - [TEST_STEP][PASSED] - click: Object: 'Object Repository/store Request Schedule 1/Page_KDMC - CMS/button_OK' is clicked on

2018-06-09 19:37:39 - [MESSAGE][PASSED] - Object: 'Object Repository/store Request Schedule 1/Page_KDMC - CMS/button_OK' is clicked on

2018-06-09 19:37:39 - [TEST_STEP][PASSED] - delay: Delayed 3 second(s)

2018-06-09 19:37:42 - [MESSAGE][PASSED] - Delayed 3 second(s)

2018-06-09 19:37:42 - [TEST_STEP][PASSED] - click: Object: 'Object Repository/store Request Schedule 1/Page_KDMC - CMS/a_dropdown-toggle' is clicked on

2018-06-09 19:37:43 - [MESSAGE][PASSED] - Object: 'Object Repository/store Request Schedule 1/Page_KDMC - CMS/a_dropdown-toggle' is clicked on

2018-06-09 19:37:43 - [TEST_STEP][PASSED] - click: Object: 'Object Repository/store Request Schedule 1/Page_KDMC - CMS/a_Sign out' is clicked on

2018-06-09 19:37:43 - [MESSAGE][PASSED] - Object: 'Object Repository/store Request Schedule 1/Page_KDMC - CMS/a_Sign out' is clicked on

2018-06-09 19:37:43 - [TEST_STEP][PASSED] - delay: Delayed 3 second(s)

2018-06-09 19:37:46 - [MESSAGE][PASSED] - Delayed 3 second(s)

2018-06-09 19:37:46 - [TEST_STEP][PASSED] - click: Object: 'Object Repository/Store Request Schedule 1/Page_KDMC/a_Divisional Store' is clicked on

2018-06-09 19:37:46 - [MESSAGE][PASSED] - Object: 'Object Repository/Store Request Schedule 1/Page_KDMC/a_Divisional Store' is clicked on

2018-06-09 19:37:46 - [TEST_STEP][PASSED] - setText: Text 'ragu' is set on object 'Object Repository/Store Request Schedule 1/Page_Divisonal Store Login/input_txtusername'

2018-06-09 19:37:47 - [MESSAGE][PASSED] - Text 'ragu' is set on object 'Object Repository/Store Request Schedule 1/Page_Divisonal Store Login/input_txtusername'

2018-06-09 19:37:47 - [TEST_STEP][PASSED] - setText: Text '123' is set on object 'Object Repository/Store Request Schedule 1/Page_Divisonal Store Login/input_txtpassword'

2018-06-09 19:37:47 - [MESSAGE][PASSED] - Text '123' is set on object 'Object Repository/Store Request Schedule 1/Page_Divisonal Store Login/input_txtpassword'

2018-06-09 19:37:47 - [TEST_STEP][PASSED] - delay: Delayed 3 second(s)

2018-06-09 19:37:50 - [MESSAGE][PASSED] - Delayed 3 second(s)

2018-06-09 19:37:50 - [TEST_STEP][PASSED] - click: Object: 'Object Repository/Store Request Schedule 1/Page_Divisonal Store Login/button_Sign in' is clicked on

2018-06-09 19:37:51 - [MESSAGE][PASSED] - Object: 'Object Repository/Store Request Schedule 1/Page_Divisonal Store Login/button_Sign in' is clicked on

2018-06-09 19:37:51 - [TEST_STEP][PASSED] - delay: Delayed 3 second(s)

2018-06-09 19:37:54 - [MESSAGE][PASSED] - Delayed 3 second(s)

2018-06-09 19:37:54 - [TEST_STEP][PASSED] - click: Object: 'Object Repository/Store Request Schedule 1/Page_Store/a_CMS' is clicked on

2018-06-09 19:37:54 - [MESSAGE][PASSED] - Object: 'Object Repository/Store Request Schedule 1/Page_Store/a_CMS' is clicked on

2018-06-09 19:37:54 - [TEST_STEP][PASSED] - delay: Delayed 2 second(s)

2018-06-09 19:37:56 - [MESSAGE][PASSED] - Delayed 2 second(s)

2018-06-09 19:37:56 - [TEST_STEP][PASSED] - click: Object: 'Object Repository/Store Request Schedule 1/Page_Store/a_Receiving Goods' is clicked on

2018-06-09 19:37:57 - [MESSAGE][PASSED] - Object: 'Object Repository/Store Request Schedule 1/Page_Store/a_Receiving Goods' is clicked on

2018-06-09 19:37:57 - [TEST_STEP][PASSED] - setText: Text 'PRNO/09062018/716' is set on object 'Object Repository/Store Request Schedule 1/Page_Store/input'

2018-06-09 19:37:58 - [MESSAGE][PASSED] - Text 'PRNO/09062018/716' is set on object 'Object Repository/Store Request Schedule 1/Page_Store/input'

2018-06-09 19:37:58 - [TEST_STEP][PASSED] - click: Object: 'Object Repository/Store Request Schedule 1/Page_Store/input_btn btn-primary' is clicked on

2018-06-09 19:37:58 - [MESSAGE][PASSED] - Object: 'Object Repository/Store Request Schedule 1/Page_Store/input_btn btn-primary' is clicked on

2018-06-09 19:37:58 - [TEST_STEP][PASSED] - delay: Delayed 2 second(s)

2018-06-09 19:38:00 - [MESSAGE][PASSED] - Delayed 2 second(s)

2018-06-09 19:38:00 - [TEST_STEP][PASSED] - click: Object: 'Object Repository/Store Request Schedule 1/Page_Store/input_chkrem' is clicked on

2018-06-09 19:38:00 - [MESSAGE][PASSED] - Object: 'Object Repository/Store Request Schedule 1/Page_Store/input_chkrem' is clicked on

2018-06-09 19:38:00 - [TEST_STEP][PASSED] - scrollToElement: Scroll to object 'Object Repository/Store Request Schedule 1/Page_Store/input_btchkroqadd' successfully

2018-06-09 19:38:00 - [MESSAGE][PASSED] - Scroll to object 'Object Repository/Store Request Schedule 1/Page_Store/input_btchkroqadd' successfully

2018-06-09 19:38:00 - [TEST_STEP][PASSED] - click: Object: 'Object Repository/Store Request Schedule 1/Page_Store/input_btchkroqadd' is clicked on

2018-06-09 19:38:00 - [MESSAGE][PASSED] - Object: 'Object Repository/Store Request Schedule 1/Page_Store/input_btchkroqadd' is clicked on

2018-06-09 19:38:00 - [TEST_STEP][PASSED] - delay: Delayed 2 second(s)

2018-06-09 19:38:02 - [MESSAGE][PASSED] - Delayed 2 second(s)

2018-06-09 19:38:02 - [TEST_STEP][PASSED] - refresh: Refresh successfully

2018-06-09 19:38:03 - [MESSAGE][PASSED] - Refresh successfully

2018-06-09 19:38:03 - [TEST_STEP][PASSED] - delay: Delayed 3 second(s)

2018-06-09 19:38:06 - [MESSAGE][PASSED] - Delayed 3 second(s)

2018-06-09 19:38:06 - [TEST_STEP][PASSED] - click: Object: 'Object Repository/Store Request Schedule 1/Page_Store/a_dropdown-toggle' is clicked on

2018-06-09 19:38:06 - [MESSAGE][PASSED] - Object: 'Object Repository/Store Request Schedule 1/Page_Store/a_dropdown-toggle' is clicked on

2018-06-09 19:38:06 - [TEST_STEP][PASSED] - click: Object: 'Object Repository/Store Request Schedule 1/Page_Store/a_Sign out' is clicked on

2018-06-09 19:38:07 - [MESSAGE][PASSED] - Object: 'Object Repository/Store Request Schedule 1/Page_Store/a_Sign out' is clicked on

2018-06-09 19:38:07 - [TEST_STEP][PASSED] - closeBrowser: Browser is closed

2018-06-09 19:38:07 - [MESSAGE][PASSED] - Browser is closed

2018-06-09 19:38:07 - [TEST_STEP][PASSED] - Statement - out.println("Schedule 1 Store Request Are Working Successfully"): null]]></system-out>
         <system-err><![CDATA[]]></system-err>
      </testcase>
      <testcase name="Test Cases/STORE TO CMS REQUEST TEST CASES/TC_STCMS_003 To Verify Schedule 3 Store To CMS Request Are Working Successfully Or Not" classname="Test Cases/STORE TO CMS REQUEST TEST CASES/TC_STCMS_003 To Verify Schedule 3 Store To CMS Request Are Working Successfully Or Not" status="PASSED">
         <system-out><![CDATA[2018-06-09 19:38:07 - [TEST_CASE][PASSED] - Test Cases/STORE TO CMS REQUEST TEST CASES/TC_STCMS_003 To Verify Schedule 3 Store To CMS Request Are Working Successfully Or Not: Test Cases/STORE TO CMS REQUEST TEST CASES/TC_STCMS_003 To Verify Schedule 3 Store To CMS Request Are Working Successfully Or Not

2018-06-09 19:38:08 - [TEST_STEP][PASSED] - openBrowser: Browser is opened with url: ''

2018-06-09 19:38:10 - [MESSAGE][PASSED] - Browser is opened with url: ''

2018-06-09 19:38:10 - [TEST_STEP][PASSED] - Statement - out.println("Verify Schedule 3 Store Request Are Working Successfully Or Not"): null

2018-06-09 19:38:10 - [TEST_STEP][PASSED] - navigateToUrl: Navigate to 'http://192.168.137.1/multihospital_new/' successfully

2018-06-09 19:38:11 - [MESSAGE][PASSED] - Navigate to 'http://192.168.137.1/multihospital_new/' successfully

2018-06-09 19:38:11 - [TEST_STEP][PASSED] - maximizeWindow: Current window maximized

2018-06-09 19:38:12 - [MESSAGE][PASSED] - Current window maximized

2018-06-09 19:38:12 - [TEST_STEP][PASSED] - click: Object: 'Object Repository/Store Request Schedule 1/Page_KDMC/a_Divisional Store' is clicked on

2018-06-09 19:38:13 - [MESSAGE][PASSED] - Object: 'Object Repository/Store Request Schedule 1/Page_KDMC/a_Divisional Store' is clicked on

2018-06-09 19:38:13 - [TEST_STEP][PASSED] - setText: Text 'ragu' is set on object 'Object Repository/Store Request Schedule 1/Page_Divisonal Store Login/input_txtusername'

2018-06-09 19:38:13 - [MESSAGE][PASSED] - Text 'ragu' is set on object 'Object Repository/Store Request Schedule 1/Page_Divisonal Store Login/input_txtusername'

2018-06-09 19:38:13 - [TEST_STEP][PASSED] - setText: Text '123' is set on object 'Object Repository/Store Request Schedule 1/Page_Divisonal Store Login/input_txtpassword'

2018-06-09 19:38:13 - [MESSAGE][PASSED] - Text '123' is set on object 'Object Repository/Store Request Schedule 1/Page_Divisonal Store Login/input_txtpassword'

2018-06-09 19:38:13 - [TEST_STEP][PASSED] - delay: Delayed 3 second(s)

2018-06-09 19:38:16 - [MESSAGE][PASSED] - Delayed 3 second(s)

2018-06-09 19:38:16 - [TEST_STEP][PASSED] - click: Object: 'Object Repository/Store Request Schedule 1/Page_Divisonal Store Login/button_Sign in' is clicked on

2018-06-09 19:38:17 - [MESSAGE][PASSED] - Object: 'Object Repository/Store Request Schedule 1/Page_Divisonal Store Login/button_Sign in' is clicked on

2018-06-09 19:38:17 - [TEST_STEP][PASSED] - delay: Delayed 3 second(s)

2018-06-09 19:38:20 - [MESSAGE][PASSED] - Delayed 3 second(s)

2018-06-09 19:38:20 - [TEST_STEP][PASSED] - click: Object: 'Object Repository/Store Request Schedule 1/Page_Store/a_CMS' is clicked on

2018-06-09 19:38:20 - [MESSAGE][PASSED] - Object: 'Object Repository/Store Request Schedule 1/Page_Store/a_CMS' is clicked on

2018-06-09 19:38:20 - [TEST_STEP][PASSED] - delay: Delayed 2 second(s)

2018-06-09 19:38:22 - [MESSAGE][PASSED] - Delayed 2 second(s)

2018-06-09 19:38:22 - [TEST_STEP][PASSED] - click: Object: 'Object Repository/Store Request Schedule 1/Page_Store/a_Request Send' is clicked on

2018-06-09 19:38:23 - [MESSAGE][PASSED] - Object: 'Object Repository/Store Request Schedule 1/Page_Store/a_Request Send' is clicked on

2018-06-09 19:38:23 - [TEST_STEP][PASSED] - selectOptionByIndex: All options with index in [1] are selected on object 'Object Repository/Store Request Schedule 1/Page_Store/select_--Select--'

2018-06-09 19:38:23 - [MESSAGE][PASSED] - All options with index in [1] are selected on object 'Object Repository/Store Request Schedule 1/Page_Store/select_--Select--'

2018-06-09 19:38:23 - [TEST_STEP][PASSED] - selectOptionByIndex: All options with index in [3] are selected on object 'Object Repository/Store Request Schedule 1/Page_Store/select_--Select--Schedule 1Inj'

2018-06-09 19:38:24 - [MESSAGE][PASSED] - All options with index in [3] are selected on object 'Object Repository/Store Request Schedule 1/Page_Store/select_--Select--Schedule 1Inj'

2018-06-09 19:38:24 - [TEST_STEP][PASSED] - Statement - SelectedOptions = com.kms.katalon.core.webui.keyword.WebUiBuiltInKeywords.getNumberOfTotalOption(com.kms.katalon.core.testobject.ObjectRepository.findTestObject(Store Request Schedule 1/Page_Store/select_--Select--Adernaline 0.)): 37 options of object 'Object Repository/Store Request Schedule 1/Page_Store/select_--Select--Adernaline 0.' counted

2018-06-09 19:38:24 - [MESSAGE][PASSED] - 37 options of object 'Object Repository/Store Request Schedule 1/Page_Store/select_--Select--Adernaline 0.' counted

2018-06-09 19:38:24 - [TEST_STEP][PASSED] - Statement - For ([y = 1, y < SelectedOptions, (y++)]): Object: 'Object Repository/Store Request Schedule 1/Page_Store/button_Add' is clicked on

2018-06-09 19:38:24 - [TEST_STEP][PASSED] - selectOptionByIndex: All options with index in [3] are selected on object 'Object Repository/Store Request Schedule 1/Page_Store/select_--Select--Schedule 1Inj'

2018-06-09 19:38:24 - [MESSAGE][PASSED] - All options with index in [3] are selected on object 'Object Repository/Store Request Schedule 1/Page_Store/select_--Select--Schedule 1Inj'

2018-06-09 19:38:24 - [TEST_STEP][PASSED] - delay: Delayed 1 second(s)

2018-06-09 19:38:25 - [MESSAGE][PASSED] - Delayed 1 second(s)

2018-06-09 19:38:25 - [TEST_STEP][PASSED] - selectOptionByIndex: All options with index in [1] are selected on object 'Object Repository/Store Request Schedule 1/Page_Store/select_--Select--Adernaline 0.'

2018-06-09 19:38:25 - [MESSAGE][PASSED] - All options with index in [1] are selected on object 'Object Repository/Store Request Schedule 1/Page_Store/select_--Select--Adernaline 0.'

2018-06-09 19:38:25 - [TEST_STEP][PASSED] - setText: Text '100' is set on object 'Object Repository/Store Request Schedule 1/Page_Store/input_txttreat'

2018-06-09 19:38:25 - [MESSAGE][PASSED] - Text '100' is set on object 'Object Repository/Store Request Schedule 1/Page_Store/input_txttreat'

2018-06-09 19:38:25 - [TEST_STEP][PASSED] - click: Object: 'Object Repository/Store Request Schedule 1/Page_Store/button_Add' is clicked on

2018-06-09 19:38:25 - [MESSAGE][PASSED] - Object: 'Object Repository/Store Request Schedule 1/Page_Store/button_Add' is clicked on

2018-06-09 19:38:25 - [TEST_STEP][PASSED] - selectOptionByIndex: All options with index in [3] are selected on object 'Object Repository/Store Request Schedule 1/Page_Store/select_--Select--Schedule 1Inj'

2018-06-09 19:38:26 - [MESSAGE][PASSED] - All options with index in [3] are selected on object 'Object Repository/Store Request Schedule 1/Page_Store/select_--Select--Schedule 1Inj'

2018-06-09 19:38:26 - [TEST_STEP][PASSED] - delay: Delayed 1 second(s)

2018-06-09 19:38:27 - [MESSAGE][PASSED] - Delayed 1 second(s)

2018-06-09 19:38:27 - [TEST_STEP][PASSED] - selectOptionByIndex: All options with index in [2] are selected on object 'Object Repository/Store Request Schedule 1/Page_Store/select_--Select--Adernaline 0.'

2018-06-09 19:38:27 - [MESSAGE][PASSED] - All options with index in [2] are selected on object 'Object Repository/Store Request Schedule 1/Page_Store/select_--Select--Adernaline 0.'

2018-06-09 19:38:27 - [TEST_STEP][PASSED] - setText: Text '100' is set on object 'Object Repository/Store Request Schedule 1/Page_Store/input_txttreat'

2018-06-09 19:38:27 - [MESSAGE][PASSED] - Text '100' is set on object 'Object Repository/Store Request Schedule 1/Page_Store/input_txttreat'

2018-06-09 19:38:27 - [TEST_STEP][PASSED] - click: Object: 'Object Repository/Store Request Schedule 1/Page_Store/button_Add' is clicked on

2018-06-09 19:38:27 - [MESSAGE][PASSED] - Object: 'Object Repository/Store Request Schedule 1/Page_Store/button_Add' is clicked on

2018-06-09 19:38:27 - [TEST_STEP][PASSED] - selectOptionByIndex: All options with index in [3] are selected on object 'Object Repository/Store Request Schedule 1/Page_Store/select_--Select--Schedule 1Inj'

2018-06-09 19:38:27 - [MESSAGE][PASSED] - All options with index in [3] are selected on object 'Object Repository/Store Request Schedule 1/Page_Store/select_--Select--Schedule 1Inj'

2018-06-09 19:38:27 - [TEST_STEP][PASSED] - delay: Delayed 1 second(s)

2018-06-09 19:38:28 - [MESSAGE][PASSED] - Delayed 1 second(s)

2018-06-09 19:38:28 - [TEST_STEP][PASSED] - selectOptionByIndex: All options with index in [3] are selected on object 'Object Repository/Store Request Schedule 1/Page_Store/select_--Select--Adernaline 0.'

2018-06-09 19:38:28 - [MESSAGE][PASSED] - All options with index in [3] are selected on object 'Object Repository/Store Request Schedule 1/Page_Store/select_--Select--Adernaline 0.'

2018-06-09 19:38:28 - [TEST_STEP][PASSED] - setText: Text '100' is set on object 'Object Repository/Store Request Schedule 1/Page_Store/input_txttreat'

2018-06-09 19:38:28 - [MESSAGE][PASSED] - Text '100' is set on object 'Object Repository/Store Request Schedule 1/Page_Store/input_txttreat'

2018-06-09 19:38:28 - [TEST_STEP][PASSED] - click: Object: 'Object Repository/Store Request Schedule 1/Page_Store/button_Add' is clicked on

2018-06-09 19:38:28 - [MESSAGE][PASSED] - Object: 'Object Repository/Store Request Schedule 1/Page_Store/button_Add' is clicked on

2018-06-09 19:38:28 - [TEST_STEP][PASSED] - selectOptionByIndex: All options with index in [3] are selected on object 'Object Repository/Store Request Schedule 1/Page_Store/select_--Select--Schedule 1Inj'

2018-06-09 19:38:28 - [MESSAGE][PASSED] - All options with index in [3] are selected on object 'Object Repository/Store Request Schedule 1/Page_Store/select_--Select--Schedule 1Inj'

2018-06-09 19:38:28 - [TEST_STEP][PASSED] - delay: Delayed 1 second(s)

2018-06-09 19:38:29 - [MESSAGE][PASSED] - Delayed 1 second(s)

2018-06-09 19:38:29 - [TEST_STEP][PASSED] - selectOptionByIndex: All options with index in [4] are selected on object 'Object Repository/Store Request Schedule 1/Page_Store/select_--Select--Adernaline 0.'

2018-06-09 19:38:30 - [MESSAGE][PASSED] - All options with index in [4] are selected on object 'Object Repository/Store Request Schedule 1/Page_Store/select_--Select--Adernaline 0.'

2018-06-09 19:38:30 - [TEST_STEP][PASSED] - setText: Text '100' is set on object 'Object Repository/Store Request Schedule 1/Page_Store/input_txttreat'

2018-06-09 19:38:30 - [MESSAGE][PASSED] - Text '100' is set on object 'Object Repository/Store Request Schedule 1/Page_Store/input_txttreat'

2018-06-09 19:38:30 - [TEST_STEP][PASSED] - click: Object: 'Object Repository/Store Request Schedule 1/Page_Store/button_Add' is clicked on

2018-06-09 19:38:30 - [MESSAGE][PASSED] - Object: 'Object Repository/Store Request Schedule 1/Page_Store/button_Add' is clicked on

2018-06-09 19:38:30 - [TEST_STEP][PASSED] - selectOptionByIndex: All options with index in [3] are selected on object 'Object Repository/Store Request Schedule 1/Page_Store/select_--Select--Schedule 1Inj'

2018-06-09 19:38:30 - [MESSAGE][PASSED] - All options with index in [3] are selected on object 'Object Repository/Store Request Schedule 1/Page_Store/select_--Select--Schedule 1Inj'

2018-06-09 19:38:30 - [TEST_STEP][PASSED] - delay: Delayed 1 second(s)

2018-06-09 19:38:31 - [MESSAGE][PASSED] - Delayed 1 second(s)

2018-06-09 19:38:31 - [TEST_STEP][PASSED] - selectOptionByIndex: All options with index in [5] are selected on object 'Object Repository/Store Request Schedule 1/Page_Store/select_--Select--Adernaline 0.'

2018-06-09 19:38:31 - [MESSAGE][PASSED] - All options with index in [5] are selected on object 'Object Repository/Store Request Schedule 1/Page_Store/select_--Select--Adernaline 0.'

2018-06-09 19:38:31 - [TEST_STEP][PASSED] - setText: Text '100' is set on object 'Object Repository/Store Request Schedule 1/Page_Store/input_txttreat'

2018-06-09 19:38:31 - [MESSAGE][PASSED] - Text '100' is set on object 'Object Repository/Store Request Schedule 1/Page_Store/input_txttreat'

2018-06-09 19:38:31 - [TEST_STEP][PASSED] - click: Object: 'Object Repository/Store Request Schedule 1/Page_Store/button_Add' is clicked on

2018-06-09 19:38:31 - [MESSAGE][PASSED] - Object: 'Object Repository/Store Request Schedule 1/Page_Store/button_Add' is clicked on

2018-06-09 19:38:31 - [TEST_STEP][PASSED] - selectOptionByIndex: All options with index in [3] are selected on object 'Object Repository/Store Request Schedule 1/Page_Store/select_--Select--Schedule 1Inj'

2018-06-09 19:38:31 - [MESSAGE][PASSED] - All options with index in [3] are selected on object 'Object Repository/Store Request Schedule 1/Page_Store/select_--Select--Schedule 1Inj'

2018-06-09 19:38:31 - [TEST_STEP][PASSED] - delay: Delayed 1 second(s)

2018-06-09 19:38:32 - [MESSAGE][PASSED] - Delayed 1 second(s)

2018-06-09 19:38:32 - [TEST_STEP][PASSED] - selectOptionByIndex: All options with index in [6] are selected on object 'Object Repository/Store Request Schedule 1/Page_Store/select_--Select--Adernaline 0.'

2018-06-09 19:38:33 - [MESSAGE][PASSED] - All options with index in [6] are selected on object 'Object Repository/Store Request Schedule 1/Page_Store/select_--Select--Adernaline 0.'

2018-06-09 19:38:33 - [TEST_STEP][PASSED] - setText: Text '100' is set on object 'Object Repository/Store Request Schedule 1/Page_Store/input_txttreat'

2018-06-09 19:38:33 - [MESSAGE][PASSED] - Text '100' is set on object 'Object Repository/Store Request Schedule 1/Page_Store/input_txttreat'

2018-06-09 19:38:33 - [TEST_STEP][PASSED] - click: Object: 'Object Repository/Store Request Schedule 1/Page_Store/button_Add' is clicked on

2018-06-09 19:38:33 - [MESSAGE][PASSED] - Object: 'Object Repository/Store Request Schedule 1/Page_Store/button_Add' is clicked on

2018-06-09 19:38:33 - [TEST_STEP][PASSED] - selectOptionByIndex: All options with index in [3] are selected on object 'Object Repository/Store Request Schedule 1/Page_Store/select_--Select--Schedule 1Inj'

2018-06-09 19:38:33 - [MESSAGE][PASSED] - All options with index in [3] are selected on object 'Object Repository/Store Request Schedule 1/Page_Store/select_--Select--Schedule 1Inj'

2018-06-09 19:38:33 - [TEST_STEP][PASSED] - delay: Delayed 1 second(s)

2018-06-09 19:38:34 - [MESSAGE][PASSED] - Delayed 1 second(s)

2018-06-09 19:38:34 - [TEST_STEP][PASSED] - selectOptionByIndex: All options with index in [7] are selected on object 'Object Repository/Store Request Schedule 1/Page_Store/select_--Select--Adernaline 0.'

2018-06-09 19:38:34 - [MESSAGE][PASSED] - All options with index in [7] are selected on object 'Object Repository/Store Request Schedule 1/Page_Store/select_--Select--Adernaline 0.'

2018-06-09 19:38:34 - [TEST_STEP][PASSED] - setText: Text '100' is set on object 'Object Repository/Store Request Schedule 1/Page_Store/input_txttreat'

2018-06-09 19:38:34 - [MESSAGE][PASSED] - Text '100' is set on object 'Object Repository/Store Request Schedule 1/Page_Store/input_txttreat'

2018-06-09 19:38:34 - [TEST_STEP][PASSED] - click: Object: 'Object Repository/Store Request Schedule 1/Page_Store/button_Add' is clicked on

2018-06-09 19:38:34 - [MESSAGE][PASSED] - Object: 'Object Repository/Store Request Schedule 1/Page_Store/button_Add' is clicked on

2018-06-09 19:38:34 - [TEST_STEP][PASSED] - selectOptionByIndex: All options with index in [3] are selected on object 'Object Repository/Store Request Schedule 1/Page_Store/select_--Select--Schedule 1Inj'

2018-06-09 19:38:34 - [MESSAGE][PASSED] - All options with index in [3] are selected on object 'Object Repository/Store Request Schedule 1/Page_Store/select_--Select--Schedule 1Inj'

2018-06-09 19:38:34 - [TEST_STEP][PASSED] - delay: Delayed 1 second(s)

2018-06-09 19:38:35 - [MESSAGE][PASSED] - Delayed 1 second(s)

2018-06-09 19:38:35 - [TEST_STEP][PASSED] - selectOptionByIndex: All options with index in [8] are selected on object 'Object Repository/Store Request Schedule 1/Page_Store/select_--Select--Adernaline 0.'

2018-06-09 19:38:35 - [MESSAGE][PASSED] - All options with index in [8] are selected on object 'Object Repository/Store Request Schedule 1/Page_Store/select_--Select--Adernaline 0.'

2018-06-09 19:38:35 - [TEST_STEP][PASSED] - setText: Text '100' is set on object 'Object Repository/Store Request Schedule 1/Page_Store/input_txttreat'

2018-06-09 19:38:36 - [MESSAGE][PASSED] - Text '100' is set on object 'Object Repository/Store Request Schedule 1/Page_Store/input_txttreat'

2018-06-09 19:38:36 - [TEST_STEP][PASSED] - click: Object: 'Object Repository/Store Request Schedule 1/Page_Store/button_Add' is clicked on

2018-06-09 19:38:36 - [MESSAGE][PASSED] - Object: 'Object Repository/Store Request Schedule 1/Page_Store/button_Add' is clicked on

2018-06-09 19:38:36 - [TEST_STEP][PASSED] - selectOptionByIndex: All options with index in [3] are selected on object 'Object Repository/Store Request Schedule 1/Page_Store/select_--Select--Schedule 1Inj'

2018-06-09 19:38:36 - [MESSAGE][PASSED] - All options with index in [3] are selected on object 'Object Repository/Store Request Schedule 1/Page_Store/select_--Select--Schedule 1Inj'

2018-06-09 19:38:36 - [TEST_STEP][PASSED] - delay: Delayed 1 second(s)

2018-06-09 19:38:37 - [MESSAGE][PASSED] - Delayed 1 second(s)

2018-06-09 19:38:37 - [TEST_STEP][PASSED] - selectOptionByIndex: All options with index in [9] are selected on object 'Object Repository/Store Request Schedule 1/Page_Store/select_--Select--Adernaline 0.'

2018-06-09 19:38:37 - [MESSAGE][PASSED] - All options with index in [9] are selected on object 'Object Repository/Store Request Schedule 1/Page_Store/select_--Select--Adernaline 0.'

2018-06-09 19:38:37 - [TEST_STEP][PASSED] - setText: Text '100' is set on object 'Object Repository/Store Request Schedule 1/Page_Store/input_txttreat'

2018-06-09 19:38:37 - [MESSAGE][PASSED] - Text '100' is set on object 'Object Repository/Store Request Schedule 1/Page_Store/input_txttreat'

2018-06-09 19:38:37 - [TEST_STEP][PASSED] - click: Object: 'Object Repository/Store Request Schedule 1/Page_Store/button_Add' is clicked on

2018-06-09 19:38:37 - [MESSAGE][PASSED] - Object: 'Object Repository/Store Request Schedule 1/Page_Store/button_Add' is clicked on

2018-06-09 19:38:37 - [TEST_STEP][PASSED] - selectOptionByIndex: All options with index in [3] are selected on object 'Object Repository/Store Request Schedule 1/Page_Store/select_--Select--Schedule 1Inj'

2018-06-09 19:38:37 - [MESSAGE][PASSED] - All options with index in [3] are selected on object 'Object Repository/Store Request Schedule 1/Page_Store/select_--Select--Schedule 1Inj'

2018-06-09 19:38:37 - [TEST_STEP][PASSED] - delay: Delayed 1 second(s)

2018-06-09 19:38:38 - [MESSAGE][PASSED] - Delayed 1 second(s)

2018-06-09 19:38:38 - [TEST_STEP][PASSED] - selectOptionByIndex: All options with index in [10] are selected on object 'Object Repository/Store Request Schedule 1/Page_Store/select_--Select--Adernaline 0.'

2018-06-09 19:38:38 - [MESSAGE][PASSED] - All options with index in [10] are selected on object 'Object Repository/Store Request Schedule 1/Page_Store/select_--Select--Adernaline 0.'

2018-06-09 19:38:38 - [TEST_STEP][PASSED] - setText: Text '100' is set on object 'Object Repository/Store Request Schedule 1/Page_Store/input_txttreat'

2018-06-09 19:38:39 - [MESSAGE][PASSED] - Text '100' is set on object 'Object Repository/Store Request Schedule 1/Page_Store/input_txttreat'

2018-06-09 19:38:39 - [TEST_STEP][PASSED] - click: Object: 'Object Repository/Store Request Schedule 1/Page_Store/button_Add' is clicked on

2018-06-09 19:38:39 - [MESSAGE][PASSED] - Object: 'Object Repository/Store Request Schedule 1/Page_Store/button_Add' is clicked on

2018-06-09 19:38:39 - [TEST_STEP][PASSED] - selectOptionByIndex: All options with index in [3] are selected on object 'Object Repository/Store Request Schedule 1/Page_Store/select_--Select--Schedule 1Inj'

2018-06-09 19:38:39 - [MESSAGE][PASSED] - All options with index in [3] are selected on object 'Object Repository/Store Request Schedule 1/Page_Store/select_--Select--Schedule 1Inj'

2018-06-09 19:38:39 - [TEST_STEP][PASSED] - delay: Delayed 1 second(s)

2018-06-09 19:38:40 - [MESSAGE][PASSED] - Delayed 1 second(s)

2018-06-09 19:38:40 - [TEST_STEP][PASSED] - selectOptionByIndex: All options with index in [11] are selected on object 'Object Repository/Store Request Schedule 1/Page_Store/select_--Select--Adernaline 0.'

2018-06-09 19:38:40 - [MESSAGE][PASSED] - All options with index in [11] are selected on object 'Object Repository/Store Request Schedule 1/Page_Store/select_--Select--Adernaline 0.'

2018-06-09 19:38:40 - [TEST_STEP][PASSED] - setText: Text '100' is set on object 'Object Repository/Store Request Schedule 1/Page_Store/input_txttreat'

2018-06-09 19:38:40 - [MESSAGE][PASSED] - Text '100' is set on object 'Object Repository/Store Request Schedule 1/Page_Store/input_txttreat'

2018-06-09 19:38:40 - [TEST_STEP][PASSED] - click: Object: 'Object Repository/Store Request Schedule 1/Page_Store/button_Add' is clicked on

2018-06-09 19:38:40 - [MESSAGE][PASSED] - Object: 'Object Repository/Store Request Schedule 1/Page_Store/button_Add' is clicked on

2018-06-09 19:38:40 - [TEST_STEP][PASSED] - selectOptionByIndex: All options with index in [3] are selected on object 'Object Repository/Store Request Schedule 1/Page_Store/select_--Select--Schedule 1Inj'

2018-06-09 19:38:40 - [MESSAGE][PASSED] - All options with index in [3] are selected on object 'Object Repository/Store Request Schedule 1/Page_Store/select_--Select--Schedule 1Inj'

2018-06-09 19:38:40 - [TEST_STEP][PASSED] - delay: Delayed 1 second(s)

2018-06-09 19:38:41 - [MESSAGE][PASSED] - Delayed 1 second(s)

2018-06-09 19:38:41 - [TEST_STEP][PASSED] - selectOptionByIndex: All options with index in [12] are selected on object 'Object Repository/Store Request Schedule 1/Page_Store/select_--Select--Adernaline 0.'

2018-06-09 19:38:42 - [MESSAGE][PASSED] - All options with index in [12] are selected on object 'Object Repository/Store Request Schedule 1/Page_Store/select_--Select--Adernaline 0.'

2018-06-09 19:38:42 - [TEST_STEP][PASSED] - setText: Text '100' is set on object 'Object Repository/Store Request Schedule 1/Page_Store/input_txttreat'

2018-06-09 19:38:42 - [MESSAGE][PASSED] - Text '100' is set on object 'Object Repository/Store Request Schedule 1/Page_Store/input_txttreat'

2018-06-09 19:38:42 - [TEST_STEP][PASSED] - click: Object: 'Object Repository/Store Request Schedule 1/Page_Store/button_Add' is clicked on

2018-06-09 19:38:42 - [MESSAGE][PASSED] - Object: 'Object Repository/Store Request Schedule 1/Page_Store/button_Add' is clicked on

2018-06-09 19:38:42 - [TEST_STEP][PASSED] - selectOptionByIndex: All options with index in [3] are selected on object 'Object Repository/Store Request Schedule 1/Page_Store/select_--Select--Schedule 1Inj'

2018-06-09 19:38:42 - [MESSAGE][PASSED] - All options with index in [3] are selected on object 'Object Repository/Store Request Schedule 1/Page_Store/select_--Select--Schedule 1Inj'

2018-06-09 19:38:42 - [TEST_STEP][PASSED] - delay: Delayed 1 second(s)

2018-06-09 19:38:43 - [MESSAGE][PASSED] - Delayed 1 second(s)

2018-06-09 19:38:43 - [TEST_STEP][PASSED] - selectOptionByIndex: All options with index in [13] are selected on object 'Object Repository/Store Request Schedule 1/Page_Store/select_--Select--Adernaline 0.'

2018-06-09 19:38:43 - [MESSAGE][PASSED] - All options with index in [13] are selected on object 'Object Repository/Store Request Schedule 1/Page_Store/select_--Select--Adernaline 0.'

2018-06-09 19:38:43 - [TEST_STEP][PASSED] - setText: Text '100' is set on object 'Object Repository/Store Request Schedule 1/Page_Store/input_txttreat'

2018-06-09 19:38:43 - [MESSAGE][PASSED] - Text '100' is set on object 'Object Repository/Store Request Schedule 1/Page_Store/input_txttreat'

2018-06-09 19:38:43 - [TEST_STEP][PASSED] - click: Object: 'Object Repository/Store Request Schedule 1/Page_Store/button_Add' is clicked on

2018-06-09 19:38:43 - [MESSAGE][PASSED] - Object: 'Object Repository/Store Request Schedule 1/Page_Store/button_Add' is clicked on

2018-06-09 19:38:43 - [TEST_STEP][PASSED] - selectOptionByIndex: All options with index in [3] are selected on object 'Object Repository/Store Request Schedule 1/Page_Store/select_--Select--Schedule 1Inj'

2018-06-09 19:38:43 - [MESSAGE][PASSED] - All options with index in [3] are selected on object 'Object Repository/Store Request Schedule 1/Page_Store/select_--Select--Schedule 1Inj'

2018-06-09 19:38:43 - [TEST_STEP][PASSED] - delay: Delayed 1 second(s)

2018-06-09 19:38:44 - [MESSAGE][PASSED] - Delayed 1 second(s)

2018-06-09 19:38:44 - [TEST_STEP][PASSED] - selectOptionByIndex: All options with index in [14] are selected on object 'Object Repository/Store Request Schedule 1/Page_Store/select_--Select--Adernaline 0.'

2018-06-09 19:38:45 - [MESSAGE][PASSED] - All options with index in [14] are selected on object 'Object Repository/Store Request Schedule 1/Page_Store/select_--Select--Adernaline 0.'

2018-06-09 19:38:45 - [TEST_STEP][PASSED] - setText: Text '100' is set on object 'Object Repository/Store Request Schedule 1/Page_Store/input_txttreat'

2018-06-09 19:38:45 - [MESSAGE][PASSED] - Text '100' is set on object 'Object Repository/Store Request Schedule 1/Page_Store/input_txttreat'

2018-06-09 19:38:45 - [TEST_STEP][PASSED] - click: Object: 'Object Repository/Store Request Schedule 1/Page_Store/button_Add' is clicked on

2018-06-09 19:38:45 - [MESSAGE][PASSED] - Object: 'Object Repository/Store Request Schedule 1/Page_Store/button_Add' is clicked on

2018-06-09 19:38:45 - [TEST_STEP][PASSED] - selectOptionByIndex: All options with index in [3] are selected on object 'Object Repository/Store Request Schedule 1/Page_Store/select_--Select--Schedule 1Inj'

2018-06-09 19:38:45 - [MESSAGE][PASSED] - All options with index in [3] are selected on object 'Object Repository/Store Request Schedule 1/Page_Store/select_--Select--Schedule 1Inj'

2018-06-09 19:38:45 - [TEST_STEP][PASSED] - delay: Delayed 1 second(s)

2018-06-09 19:38:46 - [MESSAGE][PASSED] - Delayed 1 second(s)

2018-06-09 19:38:46 - [TEST_STEP][PASSED] - selectOptionByIndex: All options with index in [15] are selected on object 'Object Repository/Store Request Schedule 1/Page_Store/select_--Select--Adernaline 0.'

2018-06-09 19:38:46 - [MESSAGE][PASSED] - All options with index in [15] are selected on object 'Object Repository/Store Request Schedule 1/Page_Store/select_--Select--Adernaline 0.'

2018-06-09 19:38:46 - [TEST_STEP][PASSED] - setText: Text '100' is set on object 'Object Repository/Store Request Schedule 1/Page_Store/input_txttreat'

2018-06-09 19:38:46 - [MESSAGE][PASSED] - Text '100' is set on object 'Object Repository/Store Request Schedule 1/Page_Store/input_txttreat'

2018-06-09 19:38:46 - [TEST_STEP][PASSED] - click: Object: 'Object Repository/Store Request Schedule 1/Page_Store/button_Add' is clicked on

2018-06-09 19:38:46 - [MESSAGE][PASSED] - Object: 'Object Repository/Store Request Schedule 1/Page_Store/button_Add' is clicked on

2018-06-09 19:38:46 - [TEST_STEP][PASSED] - selectOptionByIndex: All options with index in [3] are selected on object 'Object Repository/Store Request Schedule 1/Page_Store/select_--Select--Schedule 1Inj'

2018-06-09 19:38:46 - [MESSAGE][PASSED] - All options with index in [3] are selected on object 'Object Repository/Store Request Schedule 1/Page_Store/select_--Select--Schedule 1Inj'

2018-06-09 19:38:46 - [TEST_STEP][PASSED] - delay: Delayed 1 second(s)

2018-06-09 19:38:47 - [MESSAGE][PASSED] - Delayed 1 second(s)

2018-06-09 19:38:47 - [TEST_STEP][PASSED] - selectOptionByIndex: All options with index in [16] are selected on object 'Object Repository/Store Request Schedule 1/Page_Store/select_--Select--Adernaline 0.'

2018-06-09 19:38:48 - [MESSAGE][PASSED] - All options with index in [16] are selected on object 'Object Repository/Store Request Schedule 1/Page_Store/select_--Select--Adernaline 0.'

2018-06-09 19:38:48 - [TEST_STEP][PASSED] - setText: Text '100' is set on object 'Object Repository/Store Request Schedule 1/Page_Store/input_txttreat'

2018-06-09 19:38:48 - [MESSAGE][PASSED] - Text '100' is set on object 'Object Repository/Store Request Schedule 1/Page_Store/input_txttreat'

2018-06-09 19:38:48 - [TEST_STEP][PASSED] - click: Object: 'Object Repository/Store Request Schedule 1/Page_Store/button_Add' is clicked on

2018-06-09 19:38:48 - [MESSAGE][PASSED] - Object: 'Object Repository/Store Request Schedule 1/Page_Store/button_Add' is clicked on

2018-06-09 19:38:48 - [TEST_STEP][PASSED] - selectOptionByIndex: All options with index in [3] are selected on object 'Object Repository/Store Request Schedule 1/Page_Store/select_--Select--Schedule 1Inj'

2018-06-09 19:38:48 - [MESSAGE][PASSED] - All options with index in [3] are selected on object 'Object Repository/Store Request Schedule 1/Page_Store/select_--Select--Schedule 1Inj'

2018-06-09 19:38:48 - [TEST_STEP][PASSED] - delay: Delayed 1 second(s)

2018-06-09 19:38:49 - [MESSAGE][PASSED] - Delayed 1 second(s)

2018-06-09 19:38:49 - [TEST_STEP][PASSED] - selectOptionByIndex: All options with index in [17] are selected on object 'Object Repository/Store Request Schedule 1/Page_Store/select_--Select--Adernaline 0.'

2018-06-09 19:38:49 - [MESSAGE][PASSED] - All options with index in [17] are selected on object 'Object Repository/Store Request Schedule 1/Page_Store/select_--Select--Adernaline 0.'

2018-06-09 19:38:49 - [TEST_STEP][PASSED] - setText: Text '100' is set on object 'Object Repository/Store Request Schedule 1/Page_Store/input_txttreat'

2018-06-09 19:38:49 - [MESSAGE][PASSED] - Text '100' is set on object 'Object Repository/Store Request Schedule 1/Page_Store/input_txttreat'

2018-06-09 19:38:49 - [TEST_STEP][PASSED] - click: Object: 'Object Repository/Store Request Schedule 1/Page_Store/button_Add' is clicked on

2018-06-09 19:38:49 - [MESSAGE][PASSED] - Object: 'Object Repository/Store Request Schedule 1/Page_Store/button_Add' is clicked on

2018-06-09 19:38:49 - [TEST_STEP][PASSED] - selectOptionByIndex: All options with index in [3] are selected on object 'Object Repository/Store Request Schedule 1/Page_Store/select_--Select--Schedule 1Inj'

2018-06-09 19:38:50 - [MESSAGE][PASSED] - All options with index in [3] are selected on object 'Object Repository/Store Request Schedule 1/Page_Store/select_--Select--Schedule 1Inj'

2018-06-09 19:38:50 - [TEST_STEP][PASSED] - delay: Delayed 1 second(s)

2018-06-09 19:38:51 - [MESSAGE][PASSED] - Delayed 1 second(s)

2018-06-09 19:38:51 - [TEST_STEP][PASSED] - selectOptionByIndex: All options with index in [18] are selected on object 'Object Repository/Store Request Schedule 1/Page_Store/select_--Select--Adernaline 0.'

2018-06-09 19:38:51 - [MESSAGE][PASSED] - All options with index in [18] are selected on object 'Object Repository/Store Request Schedule 1/Page_Store/select_--Select--Adernaline 0.'

2018-06-09 19:38:51 - [TEST_STEP][PASSED] - setText: Text '100' is set on object 'Object Repository/Store Request Schedule 1/Page_Store/input_txttreat'

2018-06-09 19:38:51 - [MESSAGE][PASSED] - Text '100' is set on object 'Object Repository/Store Request Schedule 1/Page_Store/input_txttreat'

2018-06-09 19:38:51 - [TEST_STEP][PASSED] - click: Object: 'Object Repository/Store Request Schedule 1/Page_Store/button_Add' is clicked on

2018-06-09 19:38:51 - [MESSAGE][PASSED] - Object: 'Object Repository/Store Request Schedule 1/Page_Store/button_Add' is clicked on

2018-06-09 19:38:51 - [TEST_STEP][PASSED] - selectOptionByIndex: All options with index in [3] are selected on object 'Object Repository/Store Request Schedule 1/Page_Store/select_--Select--Schedule 1Inj'

2018-06-09 19:38:51 - [MESSAGE][PASSED] - All options with index in [3] are selected on object 'Object Repository/Store Request Schedule 1/Page_Store/select_--Select--Schedule 1Inj'

2018-06-09 19:38:51 - [TEST_STEP][PASSED] - delay: Delayed 1 second(s)

2018-06-09 19:38:52 - [MESSAGE][PASSED] - Delayed 1 second(s)

2018-06-09 19:38:52 - [TEST_STEP][PASSED] - selectOptionByIndex: All options with index in [19] are selected on object 'Object Repository/Store Request Schedule 1/Page_Store/select_--Select--Adernaline 0.'

2018-06-09 19:38:52 - [MESSAGE][PASSED] - All options with index in [19] are selected on object 'Object Repository/Store Request Schedule 1/Page_Store/select_--Select--Adernaline 0.'

2018-06-09 19:38:52 - [TEST_STEP][PASSED] - setText: Text '100' is set on object 'Object Repository/Store Request Schedule 1/Page_Store/input_txttreat'

2018-06-09 19:38:53 - [MESSAGE][PASSED] - Text '100' is set on object 'Object Repository/Store Request Schedule 1/Page_Store/input_txttreat'

2018-06-09 19:38:53 - [TEST_STEP][PASSED] - click: Object: 'Object Repository/Store Request Schedule 1/Page_Store/button_Add' is clicked on

2018-06-09 19:38:53 - [MESSAGE][PASSED] - Object: 'Object Repository/Store Request Schedule 1/Page_Store/button_Add' is clicked on

2018-06-09 19:38:53 - [TEST_STEP][PASSED] - selectOptionByIndex: All options with index in [3] are selected on object 'Object Repository/Store Request Schedule 1/Page_Store/select_--Select--Schedule 1Inj'

2018-06-09 19:38:53 - [MESSAGE][PASSED] - All options with index in [3] are selected on object 'Object Repository/Store Request Schedule 1/Page_Store/select_--Select--Schedule 1Inj'

2018-06-09 19:38:53 - [TEST_STEP][PASSED] - delay: Delayed 1 second(s)

2018-06-09 19:38:54 - [MESSAGE][PASSED] - Delayed 1 second(s)

2018-06-09 19:38:54 - [TEST_STEP][PASSED] - selectOptionByIndex: All options with index in [20] are selected on object 'Object Repository/Store Request Schedule 1/Page_Store/select_--Select--Adernaline 0.'

2018-06-09 19:38:54 - [MESSAGE][PASSED] - All options with index in [20] are selected on object 'Object Repository/Store Request Schedule 1/Page_Store/select_--Select--Adernaline 0.'

2018-06-09 19:38:54 - [TEST_STEP][PASSED] - setText: Text '100' is set on object 'Object Repository/Store Request Schedule 1/Page_Store/input_txttreat'

2018-06-09 19:38:54 - [MESSAGE][PASSED] - Text '100' is set on object 'Object Repository/Store Request Schedule 1/Page_Store/input_txttreat'

2018-06-09 19:38:54 - [TEST_STEP][PASSED] - click: Object: 'Object Repository/Store Request Schedule 1/Page_Store/button_Add' is clicked on

2018-06-09 19:38:54 - [MESSAGE][PASSED] - Object: 'Object Repository/Store Request Schedule 1/Page_Store/button_Add' is clicked on

2018-06-09 19:38:54 - [TEST_STEP][PASSED] - selectOptionByIndex: All options with index in [3] are selected on object 'Object Repository/Store Request Schedule 1/Page_Store/select_--Select--Schedule 1Inj'

2018-06-09 19:38:54 - [MESSAGE][PASSED] - All options with index in [3] are selected on object 'Object Repository/Store Request Schedule 1/Page_Store/select_--Select--Schedule 1Inj'

2018-06-09 19:38:54 - [TEST_STEP][PASSED] - delay: Delayed 1 second(s)

2018-06-09 19:38:55 - [MESSAGE][PASSED] - Delayed 1 second(s)

2018-06-09 19:38:55 - [TEST_STEP][PASSED] - selectOptionByIndex: All options with index in [21] are selected on object 'Object Repository/Store Request Schedule 1/Page_Store/select_--Select--Adernaline 0.'

2018-06-09 19:38:56 - [MESSAGE][PASSED] - All options with index in [21] are selected on object 'Object Repository/Store Request Schedule 1/Page_Store/select_--Select--Adernaline 0.'

2018-06-09 19:38:56 - [TEST_STEP][PASSED] - setText: Text '100' is set on object 'Object Repository/Store Request Schedule 1/Page_Store/input_txttreat'

2018-06-09 19:38:56 - [MESSAGE][PASSED] - Text '100' is set on object 'Object Repository/Store Request Schedule 1/Page_Store/input_txttreat'

2018-06-09 19:38:56 - [TEST_STEP][PASSED] - click: Object: 'Object Repository/Store Request Schedule 1/Page_Store/button_Add' is clicked on

2018-06-09 19:38:56 - [MESSAGE][PASSED] - Object: 'Object Repository/Store Request Schedule 1/Page_Store/button_Add' is clicked on

2018-06-09 19:38:56 - [TEST_STEP][PASSED] - selectOptionByIndex: All options with index in [3] are selected on object 'Object Repository/Store Request Schedule 1/Page_Store/select_--Select--Schedule 1Inj'

2018-06-09 19:38:56 - [MESSAGE][PASSED] - All options with index in [3] are selected on object 'Object Repository/Store Request Schedule 1/Page_Store/select_--Select--Schedule 1Inj'

2018-06-09 19:38:56 - [TEST_STEP][PASSED] - delay: Delayed 1 second(s)

2018-06-09 19:38:57 - [MESSAGE][PASSED] - Delayed 1 second(s)

2018-06-09 19:38:57 - [TEST_STEP][PASSED] - selectOptionByIndex: All options with index in [22] are selected on object 'Object Repository/Store Request Schedule 1/Page_Store/select_--Select--Adernaline 0.'

2018-06-09 19:38:57 - [MESSAGE][PASSED] - All options with index in [22] are selected on object 'Object Repository/Store Request Schedule 1/Page_Store/select_--Select--Adernaline 0.'

2018-06-09 19:38:57 - [TEST_STEP][PASSED] - setText: Text '100' is set on object 'Object Repository/Store Request Schedule 1/Page_Store/input_txttreat'

2018-06-09 19:38:57 - [MESSAGE][PASSED] - Text '100' is set on object 'Object Repository/Store Request Schedule 1/Page_Store/input_txttreat'

2018-06-09 19:38:57 - [TEST_STEP][PASSED] - click: Object: 'Object Repository/Store Request Schedule 1/Page_Store/button_Add' is clicked on

2018-06-09 19:38:57 - [MESSAGE][PASSED] - Object: 'Object Repository/Store Request Schedule 1/Page_Store/button_Add' is clicked on

2018-06-09 19:38:57 - [TEST_STEP][PASSED] - selectOptionByIndex: All options with index in [3] are selected on object 'Object Repository/Store Request Schedule 1/Page_Store/select_--Select--Schedule 1Inj'

2018-06-09 19:38:58 - [MESSAGE][PASSED] - All options with index in [3] are selected on object 'Object Repository/Store Request Schedule 1/Page_Store/select_--Select--Schedule 1Inj'

2018-06-09 19:38:58 - [TEST_STEP][PASSED] - delay: Delayed 1 second(s)

2018-06-09 19:38:59 - [MESSAGE][PASSED] - Delayed 1 second(s)

2018-06-09 19:38:59 - [TEST_STEP][PASSED] - selectOptionByIndex: All options with index in [23] are selected on object 'Object Repository/Store Request Schedule 1/Page_Store/select_--Select--Adernaline 0.'

2018-06-09 19:38:59 - [MESSAGE][PASSED] - All options with index in [23] are selected on object 'Object Repository/Store Request Schedule 1/Page_Store/select_--Select--Adernaline 0.'

2018-06-09 19:38:59 - [TEST_STEP][PASSED] - setText: Text '100' is set on object 'Object Repository/Store Request Schedule 1/Page_Store/input_txttreat'

2018-06-09 19:38:59 - [MESSAGE][PASSED] - Text '100' is set on object 'Object Repository/Store Request Schedule 1/Page_Store/input_txttreat'

2018-06-09 19:38:59 - [TEST_STEP][PASSED] - click: Object: 'Object Repository/Store Request Schedule 1/Page_Store/button_Add' is clicked on

2018-06-09 19:38:59 - [MESSAGE][PASSED] - Object: 'Object Repository/Store Request Schedule 1/Page_Store/button_Add' is clicked on

2018-06-09 19:38:59 - [TEST_STEP][PASSED] - selectOptionByIndex: All options with index in [3] are selected on object 'Object Repository/Store Request Schedule 1/Page_Store/select_--Select--Schedule 1Inj'

2018-06-09 19:38:59 - [MESSAGE][PASSED] - All options with index in [3] are selected on object 'Object Repository/Store Request Schedule 1/Page_Store/select_--Select--Schedule 1Inj'

2018-06-09 19:38:59 - [TEST_STEP][PASSED] - delay: Delayed 1 second(s)

2018-06-09 19:39:00 - [MESSAGE][PASSED] - Delayed 1 second(s)

2018-06-09 19:39:00 - [TEST_STEP][PASSED] - selectOptionByIndex: All options with index in [24] are selected on object 'Object Repository/Store Request Schedule 1/Page_Store/select_--Select--Adernaline 0.'

2018-06-09 19:39:01 - [MESSAGE][PASSED] - All options with index in [24] are selected on object 'Object Repository/Store Request Schedule 1/Page_Store/select_--Select--Adernaline 0.'

2018-06-09 19:39:01 - [TEST_STEP][PASSED] - setText: Text '100' is set on object 'Object Repository/Store Request Schedule 1/Page_Store/input_txttreat'

2018-06-09 19:39:01 - [MESSAGE][PASSED] - Text '100' is set on object 'Object Repository/Store Request Schedule 1/Page_Store/input_txttreat'

2018-06-09 19:39:01 - [TEST_STEP][PASSED] - click: Object: 'Object Repository/Store Request Schedule 1/Page_Store/button_Add' is clicked on

2018-06-09 19:39:01 - [MESSAGE][PASSED] - Object: 'Object Repository/Store Request Schedule 1/Page_Store/button_Add' is clicked on

2018-06-09 19:39:01 - [TEST_STEP][PASSED] - selectOptionByIndex: All options with index in [3] are selected on object 'Object Repository/Store Request Schedule 1/Page_Store/select_--Select--Schedule 1Inj'

2018-06-09 19:39:01 - [MESSAGE][PASSED] - All options with index in [3] are selected on object 'Object Repository/Store Request Schedule 1/Page_Store/select_--Select--Schedule 1Inj'

2018-06-09 19:39:01 - [TEST_STEP][PASSED] - delay: Delayed 1 second(s)

2018-06-09 19:39:02 - [MESSAGE][PASSED] - Delayed 1 second(s)

2018-06-09 19:39:02 - [TEST_STEP][PASSED] - selectOptionByIndex: All options with index in [25] are selected on object 'Object Repository/Store Request Schedule 1/Page_Store/select_--Select--Adernaline 0.'

2018-06-09 19:39:02 - [MESSAGE][PASSED] - All options with index in [25] are selected on object 'Object Repository/Store Request Schedule 1/Page_Store/select_--Select--Adernaline 0.'

2018-06-09 19:39:02 - [TEST_STEP][PASSED] - setText: Text '100' is set on object 'Object Repository/Store Request Schedule 1/Page_Store/input_txttreat'

2018-06-09 19:39:02 - [MESSAGE][PASSED] - Text '100' is set on object 'Object Repository/Store Request Schedule 1/Page_Store/input_txttreat'

2018-06-09 19:39:02 - [TEST_STEP][PASSED] - click: Object: 'Object Repository/Store Request Schedule 1/Page_Store/button_Add' is clicked on

2018-06-09 19:39:02 - [MESSAGE][PASSED] - Object: 'Object Repository/Store Request Schedule 1/Page_Store/button_Add' is clicked on

2018-06-09 19:39:02 - [TEST_STEP][PASSED] - selectOptionByIndex: All options with index in [3] are selected on object 'Object Repository/Store Request Schedule 1/Page_Store/select_--Select--Schedule 1Inj'

2018-06-09 19:39:03 - [MESSAGE][PASSED] - All options with index in [3] are selected on object 'Object Repository/Store Request Schedule 1/Page_Store/select_--Select--Schedule 1Inj'

2018-06-09 19:39:03 - [TEST_STEP][PASSED] - delay: Delayed 1 second(s)

2018-06-09 19:39:04 - [MESSAGE][PASSED] - Delayed 1 second(s)

2018-06-09 19:39:04 - [TEST_STEP][PASSED] - selectOptionByIndex: All options with index in [26] are selected on object 'Object Repository/Store Request Schedule 1/Page_Store/select_--Select--Adernaline 0.'

2018-06-09 19:39:04 - [MESSAGE][PASSED] - All options with index in [26] are selected on object 'Object Repository/Store Request Schedule 1/Page_Store/select_--Select--Adernaline 0.'

2018-06-09 19:39:04 - [TEST_STEP][PASSED] - setText: Text '100' is set on object 'Object Repository/Store Request Schedule 1/Page_Store/input_txttreat'

2018-06-09 19:39:04 - [MESSAGE][PASSED] - Text '100' is set on object 'Object Repository/Store Request Schedule 1/Page_Store/input_txttreat'

2018-06-09 19:39:04 - [TEST_STEP][PASSED] - click: Object: 'Object Repository/Store Request Schedule 1/Page_Store/button_Add' is clicked on

2018-06-09 19:39:04 - [MESSAGE][PASSED] - Object: 'Object Repository/Store Request Schedule 1/Page_Store/button_Add' is clicked on

2018-06-09 19:39:04 - [TEST_STEP][PASSED] - selectOptionByIndex: All options with index in [3] are selected on object 'Object Repository/Store Request Schedule 1/Page_Store/select_--Select--Schedule 1Inj'

2018-06-09 19:39:04 - [MESSAGE][PASSED] - All options with index in [3] are selected on object 'Object Repository/Store Request Schedule 1/Page_Store/select_--Select--Schedule 1Inj'

2018-06-09 19:39:04 - [TEST_STEP][PASSED] - delay: Delayed 1 second(s)

2018-06-09 19:39:05 - [MESSAGE][PASSED] - Delayed 1 second(s)

2018-06-09 19:39:05 - [TEST_STEP][PASSED] - selectOptionByIndex: All options with index in [27] are selected on object 'Object Repository/Store Request Schedule 1/Page_Store/select_--Select--Adernaline 0.'

2018-06-09 19:39:06 - [MESSAGE][PASSED] - All options with index in [27] are selected on object 'Object Repository/Store Request Schedule 1/Page_Store/select_--Select--Adernaline 0.'

2018-06-09 19:39:06 - [TEST_STEP][PASSED] - setText: Text '100' is set on object 'Object Repository/Store Request Schedule 1/Page_Store/input_txttreat'

2018-06-09 19:39:06 - [MESSAGE][PASSED] - Text '100' is set on object 'Object Repository/Store Request Schedule 1/Page_Store/input_txttreat'

2018-06-09 19:39:06 - [TEST_STEP][PASSED] - click: Object: 'Object Repository/Store Request Schedule 1/Page_Store/button_Add' is clicked on

2018-06-09 19:39:06 - [MESSAGE][PASSED] - Object: 'Object Repository/Store Request Schedule 1/Page_Store/button_Add' is clicked on

2018-06-09 19:39:06 - [TEST_STEP][PASSED] - selectOptionByIndex: All options with index in [3] are selected on object 'Object Repository/Store Request Schedule 1/Page_Store/select_--Select--Schedule 1Inj'

2018-06-09 19:39:06 - [MESSAGE][PASSED] - All options with index in [3] are selected on object 'Object Repository/Store Request Schedule 1/Page_Store/select_--Select--Schedule 1Inj'

2018-06-09 19:39:06 - [TEST_STEP][PASSED] - delay: Delayed 1 second(s)

2018-06-09 19:39:07 - [MESSAGE][PASSED] - Delayed 1 second(s)

2018-06-09 19:39:07 - [TEST_STEP][PASSED] - selectOptionByIndex: All options with index in [28] are selected on object 'Object Repository/Store Request Schedule 1/Page_Store/select_--Select--Adernaline 0.'

2018-06-09 19:39:07 - [MESSAGE][PASSED] - All options with index in [28] are selected on object 'Object Repository/Store Request Schedule 1/Page_Store/select_--Select--Adernaline 0.'

2018-06-09 19:39:07 - [TEST_STEP][PASSED] - setText: Text '100' is set on object 'Object Repository/Store Request Schedule 1/Page_Store/input_txttreat'

2018-06-09 19:39:07 - [MESSAGE][PASSED] - Text '100' is set on object 'Object Repository/Store Request Schedule 1/Page_Store/input_txttreat'

2018-06-09 19:39:07 - [TEST_STEP][PASSED] - click: Object: 'Object Repository/Store Request Schedule 1/Page_Store/button_Add' is clicked on

2018-06-09 19:39:07 - [MESSAGE][PASSED] - Object: 'Object Repository/Store Request Schedule 1/Page_Store/button_Add' is clicked on

2018-06-09 19:39:07 - [TEST_STEP][PASSED] - selectOptionByIndex: All options with index in [3] are selected on object 'Object Repository/Store Request Schedule 1/Page_Store/select_--Select--Schedule 1Inj'

2018-06-09 19:39:08 - [MESSAGE][PASSED] - All options with index in [3] are selected on object 'Object Repository/Store Request Schedule 1/Page_Store/select_--Select--Schedule 1Inj'

2018-06-09 19:39:08 - [TEST_STEP][PASSED] - delay: Delayed 1 second(s)

2018-06-09 19:39:09 - [MESSAGE][PASSED] - Delayed 1 second(s)

2018-06-09 19:39:09 - [TEST_STEP][PASSED] - selectOptionByIndex: All options with index in [29] are selected on object 'Object Repository/Store Request Schedule 1/Page_Store/select_--Select--Adernaline 0.'

2018-06-09 19:39:09 - [MESSAGE][PASSED] - All options with index in [29] are selected on object 'Object Repository/Store Request Schedule 1/Page_Store/select_--Select--Adernaline 0.'

2018-06-09 19:39:09 - [TEST_STEP][PASSED] - setText: Text '100' is set on object 'Object Repository/Store Request Schedule 1/Page_Store/input_txttreat'

2018-06-09 19:39:09 - [MESSAGE][PASSED] - Text '100' is set on object 'Object Repository/Store Request Schedule 1/Page_Store/input_txttreat'

2018-06-09 19:39:09 - [TEST_STEP][PASSED] - click: Object: 'Object Repository/Store Request Schedule 1/Page_Store/button_Add' is clicked on

2018-06-09 19:39:09 - [MESSAGE][PASSED] - Object: 'Object Repository/Store Request Schedule 1/Page_Store/button_Add' is clicked on

2018-06-09 19:39:09 - [TEST_STEP][PASSED] - selectOptionByIndex: All options with index in [3] are selected on object 'Object Repository/Store Request Schedule 1/Page_Store/select_--Select--Schedule 1Inj'

2018-06-09 19:39:09 - [MESSAGE][PASSED] - All options with index in [3] are selected on object 'Object Repository/Store Request Schedule 1/Page_Store/select_--Select--Schedule 1Inj'

2018-06-09 19:39:09 - [TEST_STEP][PASSED] - delay: Delayed 1 second(s)

2018-06-09 19:39:10 - [MESSAGE][PASSED] - Delayed 1 second(s)

2018-06-09 19:39:10 - [TEST_STEP][PASSED] - selectOptionByIndex: All options with index in [30] are selected on object 'Object Repository/Store Request Schedule 1/Page_Store/select_--Select--Adernaline 0.'

2018-06-09 19:39:11 - [MESSAGE][PASSED] - All options with index in [30] are selected on object 'Object Repository/Store Request Schedule 1/Page_Store/select_--Select--Adernaline 0.'

2018-06-09 19:39:11 - [TEST_STEP][PASSED] - setText: Text '100' is set on object 'Object Repository/Store Request Schedule 1/Page_Store/input_txttreat'

2018-06-09 19:39:11 - [MESSAGE][PASSED] - Text '100' is set on object 'Object Repository/Store Request Schedule 1/Page_Store/input_txttreat'

2018-06-09 19:39:11 - [TEST_STEP][PASSED] - click: Object: 'Object Repository/Store Request Schedule 1/Page_Store/button_Add' is clicked on

2018-06-09 19:39:11 - [MESSAGE][PASSED] - Object: 'Object Repository/Store Request Schedule 1/Page_Store/button_Add' is clicked on

2018-06-09 19:39:11 - [TEST_STEP][PASSED] - selectOptionByIndex: All options with index in [3] are selected on object 'Object Repository/Store Request Schedule 1/Page_Store/select_--Select--Schedule 1Inj'

2018-06-09 19:39:11 - [MESSAGE][PASSED] - All options with index in [3] are selected on object 'Object Repository/Store Request Schedule 1/Page_Store/select_--Select--Schedule 1Inj'

2018-06-09 19:39:11 - [TEST_STEP][PASSED] - delay: Delayed 1 second(s)

2018-06-09 19:39:12 - [MESSAGE][PASSED] - Delayed 1 second(s)

2018-06-09 19:39:12 - [TEST_STEP][PASSED] - selectOptionByIndex: All options with index in [31] are selected on object 'Object Repository/Store Request Schedule 1/Page_Store/select_--Select--Adernaline 0.'

2018-06-09 19:39:12 - [MESSAGE][PASSED] - All options with index in [31] are selected on object 'Object Repository/Store Request Schedule 1/Page_Store/select_--Select--Adernaline 0.'

2018-06-09 19:39:12 - [TEST_STEP][PASSED] - setText: Text '100' is set on object 'Object Repository/Store Request Schedule 1/Page_Store/input_txttreat'

2018-06-09 19:39:12 - [MESSAGE][PASSED] - Text '100' is set on object 'Object Repository/Store Request Schedule 1/Page_Store/input_txttreat'

2018-06-09 19:39:12 - [TEST_STEP][PASSED] - click: Object: 'Object Repository/Store Request Schedule 1/Page_Store/button_Add' is clicked on

2018-06-09 19:39:13 - [MESSAGE][PASSED] - Object: 'Object Repository/Store Request Schedule 1/Page_Store/button_Add' is clicked on

2018-06-09 19:39:13 - [TEST_STEP][PASSED] - selectOptionByIndex: All options with index in [3] are selected on object 'Object Repository/Store Request Schedule 1/Page_Store/select_--Select--Schedule 1Inj'

2018-06-09 19:39:13 - [MESSAGE][PASSED] - All options with index in [3] are selected on object 'Object Repository/Store Request Schedule 1/Page_Store/select_--Select--Schedule 1Inj'

2018-06-09 19:39:13 - [TEST_STEP][PASSED] - delay: Delayed 1 second(s)

2018-06-09 19:39:14 - [MESSAGE][PASSED] - Delayed 1 second(s)

2018-06-09 19:39:14 - [TEST_STEP][PASSED] - selectOptionByIndex: All options with index in [32] are selected on object 'Object Repository/Store Request Schedule 1/Page_Store/select_--Select--Adernaline 0.'

2018-06-09 19:39:14 - [MESSAGE][PASSED] - All options with index in [32] are selected on object 'Object Repository/Store Request Schedule 1/Page_Store/select_--Select--Adernaline 0.'

2018-06-09 19:39:14 - [TEST_STEP][PASSED] - setText: Text '100' is set on object 'Object Repository/Store Request Schedule 1/Page_Store/input_txttreat'

2018-06-09 19:39:14 - [MESSAGE][PASSED] - Text '100' is set on object 'Object Repository/Store Request Schedule 1/Page_Store/input_txttreat'

2018-06-09 19:39:14 - [TEST_STEP][PASSED] - click: Object: 'Object Repository/Store Request Schedule 1/Page_Store/button_Add' is clicked on

2018-06-09 19:39:14 - [MESSAGE][PASSED] - Object: 'Object Repository/Store Request Schedule 1/Page_Store/button_Add' is clicked on

2018-06-09 19:39:14 - [TEST_STEP][PASSED] - selectOptionByIndex: All options with index in [3] are selected on object 'Object Repository/Store Request Schedule 1/Page_Store/select_--Select--Schedule 1Inj'

2018-06-09 19:39:14 - [MESSAGE][PASSED] - All options with index in [3] are selected on object 'Object Repository/Store Request Schedule 1/Page_Store/select_--Select--Schedule 1Inj'

2018-06-09 19:39:14 - [TEST_STEP][PASSED] - delay: Delayed 1 second(s)

2018-06-09 19:39:15 - [MESSAGE][PASSED] - Delayed 1 second(s)

2018-06-09 19:39:15 - [TEST_STEP][PASSED] - selectOptionByIndex: All options with index in [33] are selected on object 'Object Repository/Store Request Schedule 1/Page_Store/select_--Select--Adernaline 0.'

2018-06-09 19:39:16 - [MESSAGE][PASSED] - All options with index in [33] are selected on object 'Object Repository/Store Request Schedule 1/Page_Store/select_--Select--Adernaline 0.'

2018-06-09 19:39:16 - [TEST_STEP][PASSED] - setText: Text '100' is set on object 'Object Repository/Store Request Schedule 1/Page_Store/input_txttreat'

2018-06-09 19:39:16 - [MESSAGE][PASSED] - Text '100' is set on object 'Object Repository/Store Request Schedule 1/Page_Store/input_txttreat'

2018-06-09 19:39:16 - [TEST_STEP][PASSED] - click: Object: 'Object Repository/Store Request Schedule 1/Page_Store/button_Add' is clicked on

2018-06-09 19:39:16 - [MESSAGE][PASSED] - Object: 'Object Repository/Store Request Schedule 1/Page_Store/button_Add' is clicked on

2018-06-09 19:39:16 - [TEST_STEP][PASSED] - selectOptionByIndex: All options with index in [3] are selected on object 'Object Repository/Store Request Schedule 1/Page_Store/select_--Select--Schedule 1Inj'

2018-06-09 19:39:16 - [MESSAGE][PASSED] - All options with index in [3] are selected on object 'Object Repository/Store Request Schedule 1/Page_Store/select_--Select--Schedule 1Inj'

2018-06-09 19:39:16 - [TEST_STEP][PASSED] - delay: Delayed 1 second(s)

2018-06-09 19:39:17 - [MESSAGE][PASSED] - Delayed 1 second(s)

2018-06-09 19:39:17 - [TEST_STEP][PASSED] - selectOptionByIndex: All options with index in [34] are selected on object 'Object Repository/Store Request Schedule 1/Page_Store/select_--Select--Adernaline 0.'

2018-06-09 19:39:18 - [MESSAGE][PASSED] - All options with index in [34] are selected on object 'Object Repository/Store Request Schedule 1/Page_Store/select_--Select--Adernaline 0.'

2018-06-09 19:39:18 - [TEST_STEP][PASSED] - setText: Text '100' is set on object 'Object Repository/Store Request Schedule 1/Page_Store/input_txttreat'

2018-06-09 19:39:18 - [MESSAGE][PASSED] - Text '100' is set on object 'Object Repository/Store Request Schedule 1/Page_Store/input_txttreat'

2018-06-09 19:39:18 - [TEST_STEP][PASSED] - click: Object: 'Object Repository/Store Request Schedule 1/Page_Store/button_Add' is clicked on

2018-06-09 19:39:18 - [MESSAGE][PASSED] - Object: 'Object Repository/Store Request Schedule 1/Page_Store/button_Add' is clicked on

2018-06-09 19:39:18 - [TEST_STEP][PASSED] - selectOptionByIndex: All options with index in [3] are selected on object 'Object Repository/Store Request Schedule 1/Page_Store/select_--Select--Schedule 1Inj'

2018-06-09 19:39:18 - [MESSAGE][PASSED] - All options with index in [3] are selected on object 'Object Repository/Store Request Schedule 1/Page_Store/select_--Select--Schedule 1Inj'

2018-06-09 19:39:18 - [TEST_STEP][PASSED] - delay: Delayed 1 second(s)

2018-06-09 19:39:19 - [MESSAGE][PASSED] - Delayed 1 second(s)

2018-06-09 19:39:19 - [TEST_STEP][PASSED] - selectOptionByIndex: All options with index in [35] are selected on object 'Object Repository/Store Request Schedule 1/Page_Store/select_--Select--Adernaline 0.'

2018-06-09 19:39:19 - [MESSAGE][PASSED] - All options with index in [35] are selected on object 'Object Repository/Store Request Schedule 1/Page_Store/select_--Select--Adernaline 0.'

2018-06-09 19:39:19 - [TEST_STEP][PASSED] - setText: Text '100' is set on object 'Object Repository/Store Request Schedule 1/Page_Store/input_txttreat'

2018-06-09 19:39:19 - [MESSAGE][PASSED] - Text '100' is set on object 'Object Repository/Store Request Schedule 1/Page_Store/input_txttreat'

2018-06-09 19:39:19 - [TEST_STEP][PASSED] - click: Object: 'Object Repository/Store Request Schedule 1/Page_Store/button_Add' is clicked on

2018-06-09 19:39:20 - [MESSAGE][PASSED] - Object: 'Object Repository/Store Request Schedule 1/Page_Store/button_Add' is clicked on

2018-06-09 19:39:20 - [TEST_STEP][PASSED] - selectOptionByIndex: All options with index in [3] are selected on object 'Object Repository/Store Request Schedule 1/Page_Store/select_--Select--Schedule 1Inj'

2018-06-09 19:39:20 - [MESSAGE][PASSED] - All options with index in [3] are selected on object 'Object Repository/Store Request Schedule 1/Page_Store/select_--Select--Schedule 1Inj'

2018-06-09 19:39:20 - [TEST_STEP][PASSED] - delay: Delayed 1 second(s)

2018-06-09 19:39:21 - [MESSAGE][PASSED] - Delayed 1 second(s)

2018-06-09 19:39:21 - [TEST_STEP][PASSED] - selectOptionByIndex: All options with index in [36] are selected on object 'Object Repository/Store Request Schedule 1/Page_Store/select_--Select--Adernaline 0.'

2018-06-09 19:39:21 - [MESSAGE][PASSED] - All options with index in [36] are selected on object 'Object Repository/Store Request Schedule 1/Page_Store/select_--Select--Adernaline 0.'

2018-06-09 19:39:21 - [TEST_STEP][PASSED] - setText: Text '100' is set on object 'Object Repository/Store Request Schedule 1/Page_Store/input_txttreat'

2018-06-09 19:39:21 - [MESSAGE][PASSED] - Text '100' is set on object 'Object Repository/Store Request Schedule 1/Page_Store/input_txttreat'

2018-06-09 19:39:21 - [TEST_STEP][PASSED] - click: Object: 'Object Repository/Store Request Schedule 1/Page_Store/button_Add' is clicked on

2018-06-09 19:39:21 - [MESSAGE][PASSED] - Object: 'Object Repository/Store Request Schedule 1/Page_Store/button_Add' is clicked on

2018-06-09 19:39:21 - [TEST_STEP][PASSED] - delay: Delayed 2 second(s)

2018-06-09 19:39:23 - [MESSAGE][PASSED] - Delayed 2 second(s)

2018-06-09 19:39:23 - [TEST_STEP][PASSED] - scrollToElement: Scroll to object 'Object Repository/Store Request Schedule 1/Page_Store/input_btnsave' successfully

2018-06-09 19:39:23 - [MESSAGE][PASSED] - Scroll to object 'Object Repository/Store Request Schedule 1/Page_Store/input_btnsave' successfully

2018-06-09 19:39:23 - [TEST_STEP][PASSED] - click: Object: 'Object Repository/Store Request Schedule 1/Page_Store/input_btnsave' is clicked on

2018-06-09 19:39:23 - [MESSAGE][PASSED] - Object: 'Object Repository/Store Request Schedule 1/Page_Store/input_btnsave' is clicked on

2018-06-09 19:39:23 - [TEST_STEP][PASSED] - delay: Delayed 4 second(s)

2018-06-09 19:39:27 - [MESSAGE][PASSED] - Delayed 4 second(s)

2018-06-09 19:39:27 - [TEST_STEP][PASSED] - Statement - Cms_RequestNumber = com.kms.katalon.core.webui.keyword.WebUiBuiltInKeywords.getText(com.kms.katalon.core.testobject.ObjectRepository.findTestObject(Store Request Schedule 1/Page_Store/font_PRNO050520189)): Text of object 'Object Repository/Store Request Schedule 1/Page_Store/font_PRNO050520189' is: 'PRNO/09062018/717'

2018-06-09 19:39:27 - [MESSAGE][PASSED] - Text of object 'Object Repository/Store Request Schedule 1/Page_Store/font_PRNO050520189' is: 'PRNO/09062018/717'

2018-06-09 19:39:27 - [TEST_STEP][PASSED] - Statement - CR = Cms_RequestNumber.trim(): null

2018-06-09 19:39:27 - [TEST_STEP][PASSED] - Statement - out.println("RQ :" + Cms_RequestNumber): null

2018-06-09 19:39:27 - [TEST_STEP][PASSED] - Statement - RequestNumberID = Cms_RequestNumber.split("/")[2].trim(): null

2018-06-09 19:39:27 - [TEST_STEP][PASSED] - Statement - out.println("RQ ID :" + RequestNumberID): null

2018-06-09 19:39:27 - [TEST_STEP][PASSED] - delay: Delayed 3 second(s)

2018-06-09 19:39:30 - [MESSAGE][PASSED] - Delayed 3 second(s)

2018-06-09 19:39:30 - [TEST_STEP][PASSED] - Statement - ok = com.kms.katalon.core.webui.keyword.WebUiBuiltInKeywords.click(com.kms.katalon.core.testobject.ObjectRepository.findTestObject(Store Request Schedule 1/Page_Store/button_OK)): Object: 'Object Repository/Store Request Schedule 1/Page_Store/button_OK' is clicked on

2018-06-09 19:39:31 - [MESSAGE][PASSED] - Object: 'Object Repository/Store Request Schedule 1/Page_Store/button_OK' is clicked on

2018-06-09 19:39:31 - [TEST_STEP][PASSED] - delay: Delayed 3 second(s)

2018-06-09 19:39:34 - [MESSAGE][PASSED] - Delayed 3 second(s)

2018-06-09 19:39:34 - [TEST_STEP][PASSED] - click: Object: 'Object Repository/Store Request Schedule 1/Page_Store/a_dropdown-toggle' is clicked on

2018-06-09 19:39:34 - [MESSAGE][PASSED] - Object: 'Object Repository/Store Request Schedule 1/Page_Store/a_dropdown-toggle' is clicked on

2018-06-09 19:39:34 - [TEST_STEP][PASSED] - click: Object: 'Object Repository/Store Request Schedule 1/Page_Store/a_Sign out' is clicked on

2018-06-09 19:39:35 - [MESSAGE][PASSED] - Object: 'Object Repository/Store Request Schedule 1/Page_Store/a_Sign out' is clicked on

2018-06-09 19:39:35 - [TEST_STEP][PASSED] - delay: Delayed 3 second(s)

2018-06-09 19:39:38 - [MESSAGE][PASSED] - Delayed 3 second(s)

2018-06-09 19:39:38 - [TEST_STEP][PASSED] - click: Object: 'Object Repository/Store Request Schedule 1/Page_KDMC/a_CMO' is clicked on

2018-06-09 19:39:39 - [MESSAGE][PASSED] - Object: 'Object Repository/Store Request Schedule 1/Page_KDMC/a_CMO' is clicked on

2018-06-09 19:39:39 - [TEST_STEP][PASSED] - setText: Text 'guru' is set on object 'Object Repository/Store Request Schedule 1/Page_CMO login/input_txtusername'

2018-06-09 19:39:39 - [MESSAGE][PASSED] - Text 'guru' is set on object 'Object Repository/Store Request Schedule 1/Page_CMO login/input_txtusername'

2018-06-09 19:39:39 - [TEST_STEP][PASSED] - setText: Text '123' is set on object 'Object Repository/Store Request Schedule 1/Page_CMO login/input_txtpassword'

2018-06-09 19:39:39 - [MESSAGE][PASSED] - Text '123' is set on object 'Object Repository/Store Request Schedule 1/Page_CMO login/input_txtpassword'

2018-06-09 19:39:39 - [TEST_STEP][PASSED] - delay: Delayed 3 second(s)

2018-06-09 19:39:42 - [MESSAGE][PASSED] - Delayed 3 second(s)

2018-06-09 19:39:42 - [TEST_STEP][PASSED] - click: Object: 'Object Repository/Store Request Schedule 1/Page_CMO login/button_Sign in' is clicked on

2018-06-09 19:39:43 - [MESSAGE][PASSED] - Object: 'Object Repository/Store Request Schedule 1/Page_CMO login/button_Sign in' is clicked on

2018-06-09 19:39:43 - [TEST_STEP][PASSED] - delay: Delayed 2 second(s)

2018-06-09 19:39:45 - [MESSAGE][PASSED] - Delayed 2 second(s)

2018-06-09 19:39:45 - [TEST_STEP][PASSED] - click: Object: 'Object Repository/Store Request Schedule 1/Page_KDMC - CMO/span_Department Wise Request' is clicked on

2018-06-09 19:39:45 - [MESSAGE][PASSED] - Object: 'Object Repository/Store Request Schedule 1/Page_KDMC - CMO/span_Department Wise Request' is clicked on

2018-06-09 19:39:45 - [TEST_STEP][PASSED] - click: Object: 'Object Repository/Store Request Schedule 1/Page_KDMC - CMO/a_CMS Request' is clicked on

2018-06-09 19:39:46 - [MESSAGE][PASSED] - Object: 'Object Repository/Store Request Schedule 1/Page_KDMC - CMO/a_CMS Request' is clicked on

2018-06-09 19:39:46 - [TEST_STEP][PASSED] - click: Object: 'Object Repository/Store Request Schedule 1/Page_KDMC - CMO/a_CMS Request' is clicked on

2018-06-09 19:39:46 - [MESSAGE][PASSED] - Object: 'Object Repository/Store Request Schedule 1/Page_KDMC - CMO/a_CMS Request' is clicked on

2018-06-09 19:39:46 - [TEST_STEP][PASSED] - click: Object: 'Object Repository/Store Request Schedule 1/Page_KDMC - CMO/span_Divisional Store Request' is clicked on

2018-06-09 19:39:48 - [MESSAGE][PASSED] - Object: 'Object Repository/Store Request Schedule 1/Page_KDMC - CMO/span_Divisional Store Request' is clicked on

2018-06-09 19:39:48 - [TEST_STEP][PASSED] - delay: Delayed 2 second(s)

2018-06-09 19:39:50 - [MESSAGE][PASSED] - Delayed 2 second(s)

2018-06-09 19:39:50 - [TEST_STEP][PASSED] - Statement - approval = com.kms.katalon.core.webui.keyword.WebUiBuiltInKeywords.modifyObjectProperty(com.kms.katalon.core.testobject.ObjectRepository.findTestObject(Store Request Schedule 1/Page_KDMC - CMO/input_PRNO050520189), "xpath", "equals", "//*[@id=" + RequestNumberID + "]", true): Modify property of object successfully

2018-06-09 19:39:50 - [MESSAGE][PASSED] - Modify property of object successfully

2018-06-09 19:39:50 - [TEST_STEP][PASSED] - click: Object: 'Object Repository/Store Request Schedule 1/Page_KDMC - CMO/input_PRNO050520189' is clicked on

2018-06-09 19:39:50 - [MESSAGE][PASSED] - Object: 'Object Repository/Store Request Schedule 1/Page_KDMC - CMO/input_PRNO050520189' is clicked on

2018-06-09 19:39:50 - [TEST_STEP][PASSED] - delay: Delayed 2 second(s)

2018-06-09 19:39:52 - [MESSAGE][PASSED] - Delayed 2 second(s)

2018-06-09 19:39:52 - [TEST_STEP][PASSED] - selectOptionByIndex: All options with index in [1] are selected on object 'Object Repository/Store Request Schedule 1/Page_KDMC - CMO/select_--Select--'

2018-06-09 19:39:52 - [MESSAGE][PASSED] - All options with index in [1] are selected on object 'Object Repository/Store Request Schedule 1/Page_KDMC - CMO/select_--Select--'

2018-06-09 19:39:52 - [TEST_STEP][PASSED] - click: Object: 'Object Repository/Store Request Schedule 1/Page_KDMC - CMO/input_btnupdate' is clicked on

2018-06-09 19:39:52 - [MESSAGE][PASSED] - Object: 'Object Repository/Store Request Schedule 1/Page_KDMC - CMO/input_btnupdate' is clicked on

2018-06-09 19:39:52 - [TEST_STEP][PASSED] - delay: Delayed 2 second(s)

2018-06-09 19:39:54 - [MESSAGE][PASSED] - Delayed 2 second(s)

2018-06-09 19:39:54 - [TEST_STEP][PASSED] - click: Object: 'Object Repository/Store Request Schedule 1/Page_KDMC - CMO/button_OK' is clicked on

2018-06-09 19:39:54 - [MESSAGE][PASSED] - Object: 'Object Repository/Store Request Schedule 1/Page_KDMC - CMO/button_OK' is clicked on

2018-06-09 19:39:54 - [TEST_STEP][PASSED] - delay: Delayed 2 second(s)

2018-06-09 19:39:56 - [MESSAGE][PASSED] - Delayed 2 second(s)

2018-06-09 19:39:56 - [TEST_STEP][PASSED] - click: Object: 'Object Repository/Store Request Schedule 1/Page_KDMC - CMO/a_dropdown-toggle' is clicked on

2018-06-09 19:39:56 - [MESSAGE][PASSED] - Object: 'Object Repository/Store Request Schedule 1/Page_KDMC - CMO/a_dropdown-toggle' is clicked on

2018-06-09 19:39:56 - [TEST_STEP][PASSED] - click: Object: 'Object Repository/Store Request Schedule 1/Page_KDMC - CMO/a_Sign out' is clicked on

2018-06-09 19:39:57 - [MESSAGE][PASSED] - Object: 'Object Repository/Store Request Schedule 1/Page_KDMC - CMO/a_Sign out' is clicked on

2018-06-09 19:39:57 - [TEST_STEP][PASSED] - delay: Delayed 3 second(s)

2018-06-09 19:40:00 - [MESSAGE][PASSED] - Delayed 3 second(s)

2018-06-09 19:40:00 - [TEST_STEP][PASSED] - click: Object: 'Object Repository/store Request Schedule 1/Page_KDMC/a_CMS' is clicked on

2018-06-09 19:40:00 - [MESSAGE][PASSED] - Object: 'Object Repository/store Request Schedule 1/Page_KDMC/a_CMS' is clicked on

2018-06-09 19:40:00 - [TEST_STEP][PASSED] - setText: Text 'bala' is set on object 'Object Repository/store Request Schedule 1/Page_CMS login/input_txtusername'

2018-06-09 19:40:00 - [MESSAGE][PASSED] - Text 'bala' is set on object 'Object Repository/store Request Schedule 1/Page_CMS login/input_txtusername'

2018-06-09 19:40:00 - [TEST_STEP][PASSED] - setText: Text '123' is set on object 'Object Repository/store Request Schedule 1/Page_CMS login/input_txtpassword'

2018-06-09 19:40:00 - [MESSAGE][PASSED] - Text '123' is set on object 'Object Repository/store Request Schedule 1/Page_CMS login/input_txtpassword'

2018-06-09 19:40:00 - [TEST_STEP][PASSED] - delay: Delayed 3 second(s)

2018-06-09 19:40:03 - [MESSAGE][PASSED] - Delayed 3 second(s)

2018-06-09 19:40:03 - [TEST_STEP][PASSED] - click: Object: 'Object Repository/store Request Schedule 1/Page_CMS login/button_Sign in' is clicked on

2018-06-09 19:40:04 - [MESSAGE][PASSED] - Object: 'Object Repository/store Request Schedule 1/Page_CMS login/button_Sign in' is clicked on

2018-06-09 19:40:04 - [TEST_STEP][PASSED] - delay: Delayed 2 second(s)

2018-06-09 19:40:06 - [MESSAGE][PASSED] - Delayed 2 second(s)

2018-06-09 19:40:06 - [TEST_STEP][PASSED] - click: Object: 'Object Repository/store Request Schedule 1/Page_KDMC - CMS/a_Divisional Store' is clicked on

2018-06-09 19:40:06 - [MESSAGE][PASSED] - Object: 'Object Repository/store Request Schedule 1/Page_KDMC - CMS/a_Divisional Store' is clicked on

2018-06-09 19:40:06 - [TEST_STEP][PASSED] - delay: Delayed 2 second(s)

2018-06-09 19:40:08 - [MESSAGE][PASSED] - Delayed 2 second(s)

2018-06-09 19:40:08 - [TEST_STEP][PASSED] - click: Object: 'Object Repository/store Request Schedule 1/Page_KDMC - CMS/a_Dispatch Items' is clicked on

2018-06-09 19:40:08 - [MESSAGE][PASSED] - Object: 'Object Repository/store Request Schedule 1/Page_KDMC - CMS/a_Dispatch Items' is clicked on

2018-06-09 19:40:08 - [TEST_STEP][PASSED] - setText: Text 'PRNO/09062018/717' is set on object 'Object Repository/store Request Schedule 1/Page_KDMC - CMS/input'

2018-06-09 19:40:09 - [MESSAGE][PASSED] - Text 'PRNO/09062018/717' is set on object 'Object Repository/store Request Schedule 1/Page_KDMC - CMS/input'

2018-06-09 19:40:09 - [TEST_STEP][PASSED] - click: Object: 'Object Repository/store Request Schedule 1/Page_KDMC - CMS/td_text-center' is clicked on

2018-06-09 19:40:09 - [MESSAGE][PASSED] - Object: 'Object Repository/store Request Schedule 1/Page_KDMC - CMS/td_text-center' is clicked on

2018-06-09 19:40:09 - [TEST_STEP][PASSED] - delay: Delayed 3 second(s)

2018-06-09 19:40:12 - [MESSAGE][PASSED] - Delayed 3 second(s)

2018-06-09 19:40:12 - [TEST_STEP][PASSED] - delay: Delayed 2 second(s)

2018-06-09 19:40:14 - [MESSAGE][PASSED] - Delayed 2 second(s)

2018-06-09 19:40:14 - [TEST_STEP][PASSED] - Statement - For ([row = 0, row < SelectedOptions - 1, (row++)]): null

2018-06-09 19:40:14 - [TEST_STEP][PASSED] - Statement - batchlength = new com.kms.katalon.core.testobject.TestObject(): null

2018-06-09 19:40:14 - [TEST_STEP][PASSED] - Statement - batchlength = com.kms.katalon.core.webui.keyword.WebUiBuiltInKeywords.modifyObjectProperty(batchlength, "xpath", "equals", "//*[@id = "fldvendor" + row + ""]", true): Modify property of object successfully

2018-06-09 19:40:14 - [MESSAGE][PASSED] - Modify property of object successfully

2018-06-09 19:40:14 - [TEST_STEP][PASSED] - Statement - batchsize = com.kms.katalon.core.webui.keyword.WebUiBuiltInKeywords.getNumberOfTotalOption(batchlength): 11 options of object '' counted

2018-06-09 19:40:15 - [MESSAGE][PASSED] - 11 options of object '' counted

2018-06-09 19:40:15 - [TEST_STEP][PASSED] - Statement - out.println("BatchSize : " + batchsize): null

2018-06-09 19:40:15 - [TEST_STEP][PASSED] - Statement - For ([n = 1, n <= batchsize - 1, (n++)]): null

2018-06-09 19:40:15 - [TEST_STEP][PASSED] - Statement - product = new com.kms.katalon.core.testobject.TestObject(): null

2018-06-09 19:40:15 - [TEST_STEP][PASSED] - Statement - product = com.kms.katalon.core.webui.keyword.WebUiBuiltInKeywords.modifyObjectProperty(product, "xpath", "equals", "//*[@id = "fldvendor" + row + ""]", true): Modify property of object successfully

2018-06-09 19:40:15 - [MESSAGE][PASSED] - Modify property of object successfully

2018-06-09 19:40:15 - [TEST_STEP][PASSED] - selectOptionByIndex: All options with index in [1] are selected on object ''

2018-06-09 19:40:15 - [MESSAGE][PASSED] - All options with index in [1] are selected on object ''

2018-06-09 19:40:15 - [TEST_STEP][PASSED] - delay: Delayed 2 second(s)

2018-06-09 19:40:17 - [MESSAGE][PASSED] - Delayed 2 second(s)

2018-06-09 19:40:17 - [TEST_STEP][PASSED] - Statement - batch = new com.kms.katalon.core.testobject.TestObject(): null

2018-06-09 19:40:17 - [TEST_STEP][PASSED] - Statement - batch = com.kms.katalon.core.webui.keyword.WebUiBuiltInKeywords.modifyObjectProperty(batch, "xpath", "equals", "//*[@id = "txtbthqty" + row + ""]", true): Modify property of object successfully

2018-06-09 19:40:17 - [MESSAGE][PASSED] - Modify property of object successfully

2018-06-09 19:40:17 - [TEST_STEP][PASSED] - Statement - batchqty = com.kms.katalon.core.webui.keyword.WebUiBuiltInKeywords.getAttribute(batch, "value").trim(): Attribute 'value' of object '' is: '4500'

2018-06-09 19:40:17 - [MESSAGE][PASSED] - Attribute 'value' of object '' is: '4500'

2018-06-09 19:40:17 - [TEST_STEP][PASSED] - Statement - Rqty = 100: null

2018-06-09 19:40:17 - [TEST_STEP][PASSED] - Statement - out.println("BatchQty : " + batchqty): null

2018-06-09 19:40:17 - [TEST_STEP][PASSED] - Statement - out.println("RQty : " + Rqty): null

2018-06-09 19:40:17 - [TEST_STEP][PASSED] - Statement - If (java.lang.Integer.valueOf(batchqty) >= java.lang.Integer.valueOf(Rqty)): null

2018-06-09 19:40:17 - [TEST_STEP][PASSED] - Statement - Break: null

2018-06-09 19:40:17 - [TEST_STEP][PASSED] - Statement - batchlength = new com.kms.katalon.core.testobject.TestObject(): null

2018-06-09 19:40:17 - [TEST_STEP][PASSED] - Statement - batchlength = com.kms.katalon.core.webui.keyword.WebUiBuiltInKeywords.modifyObjectProperty(batchlength, "xpath", "equals", "//*[@id = "fldvendor" + row + ""]", true): Modify property of object successfully

2018-06-09 19:40:17 - [MESSAGE][PASSED] - Modify property of object successfully

2018-06-09 19:40:17 - [TEST_STEP][PASSED] - Statement - batchsize = com.kms.katalon.core.webui.keyword.WebUiBuiltInKeywords.getNumberOfTotalOption(batchlength): 11 options of object '' counted

2018-06-09 19:40:17 - [MESSAGE][PASSED] - 11 options of object '' counted

2018-06-09 19:40:17 - [TEST_STEP][PASSED] - Statement - out.println("BatchSize : " + batchsize): null

2018-06-09 19:40:17 - [TEST_STEP][PASSED] - Statement - For ([n = 1, n <= batchsize - 1, (n++)]): null

2018-06-09 19:40:17 - [TEST_STEP][PASSED] - Statement - product = new com.kms.katalon.core.testobject.TestObject(): null

2018-06-09 19:40:17 - [TEST_STEP][PASSED] - Statement - product = com.kms.katalon.core.webui.keyword.WebUiBuiltInKeywords.modifyObjectProperty(product, "xpath", "equals", "//*[@id = "fldvendor" + row + ""]", true): Modify property of object successfully

2018-06-09 19:40:17 - [MESSAGE][PASSED] - Modify property of object successfully

2018-06-09 19:40:17 - [TEST_STEP][PASSED] - selectOptionByIndex: All options with index in [1] are selected on object ''

2018-06-09 19:40:17 - [MESSAGE][PASSED] - All options with index in [1] are selected on object ''

2018-06-09 19:40:17 - [TEST_STEP][PASSED] - delay: Delayed 2 second(s)

2018-06-09 19:40:19 - [MESSAGE][PASSED] - Delayed 2 second(s)

2018-06-09 19:40:19 - [TEST_STEP][PASSED] - Statement - batch = new com.kms.katalon.core.testobject.TestObject(): null

2018-06-09 19:40:19 - [TEST_STEP][PASSED] - Statement - batch = com.kms.katalon.core.webui.keyword.WebUiBuiltInKeywords.modifyObjectProperty(batch, "xpath", "equals", "//*[@id = "txtbthqty" + row + ""]", true): Modify property of object successfully

2018-06-09 19:40:19 - [MESSAGE][PASSED] - Modify property of object successfully

2018-06-09 19:40:19 - [TEST_STEP][PASSED] - Statement - batchqty = com.kms.katalon.core.webui.keyword.WebUiBuiltInKeywords.getAttribute(batch, "value").trim(): Attribute 'value' of object '' is: '3300'

2018-06-09 19:40:19 - [MESSAGE][PASSED] - Attribute 'value' of object '' is: '3300'

2018-06-09 19:40:19 - [TEST_STEP][PASSED] - Statement - Rqty = 100: null

2018-06-09 19:40:19 - [TEST_STEP][PASSED] - Statement - out.println("BatchQty : " + batchqty): null

2018-06-09 19:40:19 - [TEST_STEP][PASSED] - Statement - out.println("RQty : " + Rqty): null

2018-06-09 19:40:19 - [TEST_STEP][PASSED] - Statement - If (java.lang.Integer.valueOf(batchqty) >= java.lang.Integer.valueOf(Rqty)): null

2018-06-09 19:40:19 - [TEST_STEP][PASSED] - Statement - Break: null

2018-06-09 19:40:19 - [TEST_STEP][PASSED] - Statement - batchlength = new com.kms.katalon.core.testobject.TestObject(): null

2018-06-09 19:40:19 - [TEST_STEP][PASSED] - Statement - batchlength = com.kms.katalon.core.webui.keyword.WebUiBuiltInKeywords.modifyObjectProperty(batchlength, "xpath", "equals", "//*[@id = "fldvendor" + row + ""]", true): Modify property of object successfully

2018-06-09 19:40:19 - [MESSAGE][PASSED] - Modify property of object successfully

2018-06-09 19:40:19 - [TEST_STEP][PASSED] - Statement - batchsize = com.kms.katalon.core.webui.keyword.WebUiBuiltInKeywords.getNumberOfTotalOption(batchlength): 11 options of object '' counted

2018-06-09 19:40:19 - [MESSAGE][PASSED] - 11 options of object '' counted

2018-06-09 19:40:19 - [TEST_STEP][PASSED] - Statement - out.println("BatchSize : " + batchsize): null

2018-06-09 19:40:19 - [TEST_STEP][PASSED] - Statement - For ([n = 1, n <= batchsize - 1, (n++)]): null

2018-06-09 19:40:19 - [TEST_STEP][PASSED] - Statement - product = new com.kms.katalon.core.testobject.TestObject(): null

2018-06-09 19:40:19 - [TEST_STEP][PASSED] - Statement - product = com.kms.katalon.core.webui.keyword.WebUiBuiltInKeywords.modifyObjectProperty(product, "xpath", "equals", "//*[@id = "fldvendor" + row + ""]", true): Modify property of object successfully

2018-06-09 19:40:19 - [MESSAGE][PASSED] - Modify property of object successfully

2018-06-09 19:40:19 - [TEST_STEP][PASSED] - selectOptionByIndex: All options with index in [1] are selected on object ''

2018-06-09 19:40:19 - [MESSAGE][PASSED] - All options with index in [1] are selected on object ''

2018-06-09 19:40:19 - [TEST_STEP][PASSED] - delay: Delayed 2 second(s)

2018-06-09 19:40:21 - [MESSAGE][PASSED] - Delayed 2 second(s)

2018-06-09 19:40:21 - [TEST_STEP][PASSED] - Statement - batch = new com.kms.katalon.core.testobject.TestObject(): null

2018-06-09 19:40:21 - [TEST_STEP][PASSED] - Statement - batch = com.kms.katalon.core.webui.keyword.WebUiBuiltInKeywords.modifyObjectProperty(batch, "xpath", "equals", "//*[@id = "txtbthqty" + row + ""]", true): Modify property of object successfully

2018-06-09 19:40:21 - [MESSAGE][PASSED] - Modify property of object successfully

2018-06-09 19:40:21 - [TEST_STEP][PASSED] - Statement - batchqty = com.kms.katalon.core.webui.keyword.WebUiBuiltInKeywords.getAttribute(batch, "value").trim(): Attribute 'value' of object '' is: '4500'

2018-06-09 19:40:21 - [MESSAGE][PASSED] - Attribute 'value' of object '' is: '4500'

2018-06-09 19:40:21 - [TEST_STEP][PASSED] - Statement - Rqty = 100: null

2018-06-09 19:40:21 - [TEST_STEP][PASSED] - Statement - out.println("BatchQty : " + batchqty): null

2018-06-09 19:40:21 - [TEST_STEP][PASSED] - Statement - out.println("RQty : " + Rqty): null

2018-06-09 19:40:21 - [TEST_STEP][PASSED] - Statement - If (java.lang.Integer.valueOf(batchqty) >= java.lang.Integer.valueOf(Rqty)): null

2018-06-09 19:40:21 - [TEST_STEP][PASSED] - Statement - Break: null

2018-06-09 19:40:21 - [TEST_STEP][PASSED] - Statement - batchlength = new com.kms.katalon.core.testobject.TestObject(): null

2018-06-09 19:40:21 - [TEST_STEP][PASSED] - Statement - batchlength = com.kms.katalon.core.webui.keyword.WebUiBuiltInKeywords.modifyObjectProperty(batchlength, "xpath", "equals", "//*[@id = "fldvendor" + row + ""]", true): Modify property of object successfully

2018-06-09 19:40:21 - [MESSAGE][PASSED] - Modify property of object successfully

2018-06-09 19:40:21 - [TEST_STEP][PASSED] - Statement - batchsize = com.kms.katalon.core.webui.keyword.WebUiBuiltInKeywords.getNumberOfTotalOption(batchlength): 11 options of object '' counted

2018-06-09 19:40:21 - [MESSAGE][PASSED] - 11 options of object '' counted

2018-06-09 19:40:21 - [TEST_STEP][PASSED] - Statement - out.println("BatchSize : " + batchsize): null

2018-06-09 19:40:21 - [TEST_STEP][PASSED] - Statement - For ([n = 1, n <= batchsize - 1, (n++)]): null

2018-06-09 19:40:21 - [TEST_STEP][PASSED] - Statement - product = new com.kms.katalon.core.testobject.TestObject(): null

2018-06-09 19:40:21 - [TEST_STEP][PASSED] - Statement - product = com.kms.katalon.core.webui.keyword.WebUiBuiltInKeywords.modifyObjectProperty(product, "xpath", "equals", "//*[@id = "fldvendor" + row + ""]", true): Modify property of object successfully

2018-06-09 19:40:21 - [MESSAGE][PASSED] - Modify property of object successfully

2018-06-09 19:40:21 - [TEST_STEP][PASSED] - selectOptionByIndex: All options with index in [1] are selected on object ''

2018-06-09 19:40:21 - [MESSAGE][PASSED] - All options with index in [1] are selected on object ''

2018-06-09 19:40:21 - [TEST_STEP][PASSED] - delay: Delayed 2 second(s)

2018-06-09 19:40:23 - [MESSAGE][PASSED] - Delayed 2 second(s)

2018-06-09 19:40:23 - [TEST_STEP][PASSED] - Statement - batch = new com.kms.katalon.core.testobject.TestObject(): null

2018-06-09 19:40:23 - [TEST_STEP][PASSED] - Statement - batch = com.kms.katalon.core.webui.keyword.WebUiBuiltInKeywords.modifyObjectProperty(batch, "xpath", "equals", "//*[@id = "txtbthqty" + row + ""]", true): Modify property of object successfully

2018-06-09 19:40:23 - [MESSAGE][PASSED] - Modify property of object successfully

2018-06-09 19:40:23 - [TEST_STEP][PASSED] - Statement - batchqty = com.kms.katalon.core.webui.keyword.WebUiBuiltInKeywords.getAttribute(batch, "value").trim(): Attribute 'value' of object '' is: '4000'

2018-06-09 19:40:23 - [MESSAGE][PASSED] - Attribute 'value' of object '' is: '4000'

2018-06-09 19:40:23 - [TEST_STEP][PASSED] - Statement - Rqty = 100: null

2018-06-09 19:40:23 - [TEST_STEP][PASSED] - Statement - out.println("BatchQty : " + batchqty): null

2018-06-09 19:40:23 - [TEST_STEP][PASSED] - Statement - out.println("RQty : " + Rqty): null

2018-06-09 19:40:23 - [TEST_STEP][PASSED] - Statement - If (java.lang.Integer.valueOf(batchqty) >= java.lang.Integer.valueOf(Rqty)): null

2018-06-09 19:40:23 - [TEST_STEP][PASSED] - Statement - Break: null

2018-06-09 19:40:23 - [TEST_STEP][PASSED] - Statement - batchlength = new com.kms.katalon.core.testobject.TestObject(): null

2018-06-09 19:40:23 - [TEST_STEP][PASSED] - Statement - batchlength = com.kms.katalon.core.webui.keyword.WebUiBuiltInKeywords.modifyObjectProperty(batchlength, "xpath", "equals", "//*[@id = "fldvendor" + row + ""]", true): Modify property of object successfully

2018-06-09 19:40:23 - [MESSAGE][PASSED] - Modify property of object successfully

2018-06-09 19:40:23 - [TEST_STEP][PASSED] - Statement - batchsize = com.kms.katalon.core.webui.keyword.WebUiBuiltInKeywords.getNumberOfTotalOption(batchlength): 11 options of object '' counted

2018-06-09 19:40:24 - [MESSAGE][PASSED] - 11 options of object '' counted

2018-06-09 19:40:24 - [TEST_STEP][PASSED] - Statement - out.println("BatchSize : " + batchsize): null

2018-06-09 19:40:24 - [TEST_STEP][PASSED] - Statement - For ([n = 1, n <= batchsize - 1, (n++)]): null

2018-06-09 19:40:24 - [TEST_STEP][PASSED] - Statement - product = new com.kms.katalon.core.testobject.TestObject(): null

2018-06-09 19:40:24 - [TEST_STEP][PASSED] - Statement - product = com.kms.katalon.core.webui.keyword.WebUiBuiltInKeywords.modifyObjectProperty(product, "xpath", "equals", "//*[@id = "fldvendor" + row + ""]", true): Modify property of object successfully

2018-06-09 19:40:24 - [MESSAGE][PASSED] - Modify property of object successfully

2018-06-09 19:40:24 - [TEST_STEP][PASSED] - selectOptionByIndex: All options with index in [1] are selected on object ''

2018-06-09 19:40:24 - [MESSAGE][PASSED] - All options with index in [1] are selected on object ''

2018-06-09 19:40:24 - [TEST_STEP][PASSED] - delay: Delayed 2 second(s)

2018-06-09 19:40:26 - [MESSAGE][PASSED] - Delayed 2 second(s)

2018-06-09 19:40:26 - [TEST_STEP][PASSED] - Statement - batch = new com.kms.katalon.core.testobject.TestObject(): null

2018-06-09 19:40:26 - [TEST_STEP][PASSED] - Statement - batch = com.kms.katalon.core.webui.keyword.WebUiBuiltInKeywords.modifyObjectProperty(batch, "xpath", "equals", "//*[@id = "txtbthqty" + row + ""]", true): Modify property of object successfully

2018-06-09 19:40:26 - [MESSAGE][PASSED] - Modify property of object successfully

2018-06-09 19:40:26 - [TEST_STEP][PASSED] - Statement - batchqty = com.kms.katalon.core.webui.keyword.WebUiBuiltInKeywords.getAttribute(batch, "value").trim(): Attribute 'value' of object '' is: '36100'

2018-06-09 19:40:26 - [MESSAGE][PASSED] - Attribute 'value' of object '' is: '36100'

2018-06-09 19:40:26 - [TEST_STEP][PASSED] - Statement - Rqty = 100: null

2018-06-09 19:40:26 - [TEST_STEP][PASSED] - Statement - out.println("BatchQty : " + batchqty): null

2018-06-09 19:40:26 - [TEST_STEP][PASSED] - Statement - out.println("RQty : " + Rqty): null

2018-06-09 19:40:26 - [TEST_STEP][PASSED] - Statement - If (java.lang.Integer.valueOf(batchqty) >= java.lang.Integer.valueOf(Rqty)): null

2018-06-09 19:40:26 - [TEST_STEP][PASSED] - Statement - Break: null

2018-06-09 19:40:26 - [TEST_STEP][PASSED] - Statement - batchlength = new com.kms.katalon.core.testobject.TestObject(): null

2018-06-09 19:40:26 - [TEST_STEP][PASSED] - Statement - batchlength = com.kms.katalon.core.webui.keyword.WebUiBuiltInKeywords.modifyObjectProperty(batchlength, "xpath", "equals", "//*[@id = "fldvendor" + row + ""]", true): Modify property of object successfully

2018-06-09 19:40:26 - [MESSAGE][PASSED] - Modify property of object successfully

2018-06-09 19:40:26 - [TEST_STEP][PASSED] - Statement - batchsize = com.kms.katalon.core.webui.keyword.WebUiBuiltInKeywords.getNumberOfTotalOption(batchlength): 11 options of object '' counted

2018-06-09 19:40:26 - [MESSAGE][PASSED] - 11 options of object '' counted

2018-06-09 19:40:26 - [TEST_STEP][PASSED] - Statement - out.println("BatchSize : " + batchsize): null

2018-06-09 19:40:26 - [TEST_STEP][PASSED] - Statement - For ([n = 1, n <= batchsize - 1, (n++)]): null

2018-06-09 19:40:26 - [TEST_STEP][PASSED] - Statement - product = new com.kms.katalon.core.testobject.TestObject(): null

2018-06-09 19:40:26 - [TEST_STEP][PASSED] - Statement - product = com.kms.katalon.core.webui.keyword.WebUiBuiltInKeywords.modifyObjectProperty(product, "xpath", "equals", "//*[@id = "fldvendor" + row + ""]", true): Modify property of object successfully

2018-06-09 19:40:26 - [MESSAGE][PASSED] - Modify property of object successfully

2018-06-09 19:40:26 - [TEST_STEP][PASSED] - selectOptionByIndex: All options with index in [1] are selected on object ''

2018-06-09 19:40:26 - [MESSAGE][PASSED] - All options with index in [1] are selected on object ''

2018-06-09 19:40:26 - [TEST_STEP][PASSED] - delay: Delayed 2 second(s)

2018-06-09 19:40:28 - [MESSAGE][PASSED] - Delayed 2 second(s)

2018-06-09 19:40:28 - [TEST_STEP][PASSED] - Statement - batch = new com.kms.katalon.core.testobject.TestObject(): null

2018-06-09 19:40:28 - [TEST_STEP][PASSED] - Statement - batch = com.kms.katalon.core.webui.keyword.WebUiBuiltInKeywords.modifyObjectProperty(batch, "xpath", "equals", "//*[@id = "txtbthqty" + row + ""]", true): Modify property of object successfully

2018-06-09 19:40:28 - [MESSAGE][PASSED] - Modify property of object successfully

2018-06-09 19:40:28 - [TEST_STEP][PASSED] - Statement - batchqty = com.kms.katalon.core.webui.keyword.WebUiBuiltInKeywords.getAttribute(batch, "value").trim(): Attribute 'value' of object '' is: '2200'

2018-06-09 19:40:28 - [MESSAGE][PASSED] - Attribute 'value' of object '' is: '2200'

2018-06-09 19:40:28 - [TEST_STEP][PASSED] - Statement - Rqty = 100: null

2018-06-09 19:40:28 - [TEST_STEP][PASSED] - Statement - out.println("BatchQty : " + batchqty): null

2018-06-09 19:40:28 - [TEST_STEP][PASSED] - Statement - out.println("RQty : " + Rqty): null

2018-06-09 19:40:28 - [TEST_STEP][PASSED] - Statement - If (java.lang.Integer.valueOf(batchqty) >= java.lang.Integer.valueOf(Rqty)): null

2018-06-09 19:40:28 - [TEST_STEP][PASSED] - Statement - Break: null

2018-06-09 19:40:28 - [TEST_STEP][PASSED] - Statement - batchlength = new com.kms.katalon.core.testobject.TestObject(): null

2018-06-09 19:40:28 - [TEST_STEP][PASSED] - Statement - batchlength = com.kms.katalon.core.webui.keyword.WebUiBuiltInKeywords.modifyObjectProperty(batchlength, "xpath", "equals", "//*[@id = "fldvendor" + row + ""]", true): Modify property of object successfully

2018-06-09 19:40:28 - [MESSAGE][PASSED] - Modify property of object successfully

2018-06-09 19:40:28 - [TEST_STEP][PASSED] - Statement - batchsize = com.kms.katalon.core.webui.keyword.WebUiBuiltInKeywords.getNumberOfTotalOption(batchlength): 11 options of object '' counted

2018-06-09 19:40:28 - [MESSAGE][PASSED] - 11 options of object '' counted

2018-06-09 19:40:28 - [TEST_STEP][PASSED] - Statement - out.println("BatchSize : " + batchsize): null

2018-06-09 19:40:28 - [TEST_STEP][PASSED] - Statement - For ([n = 1, n <= batchsize - 1, (n++)]): null

2018-06-09 19:40:28 - [TEST_STEP][PASSED] - Statement - product = new com.kms.katalon.core.testobject.TestObject(): null

2018-06-09 19:40:28 - [TEST_STEP][PASSED] - Statement - product = com.kms.katalon.core.webui.keyword.WebUiBuiltInKeywords.modifyObjectProperty(product, "xpath", "equals", "//*[@id = "fldvendor" + row + ""]", true): Modify property of object successfully

2018-06-09 19:40:28 - [MESSAGE][PASSED] - Modify property of object successfully

2018-06-09 19:40:28 - [TEST_STEP][PASSED] - selectOptionByIndex: All options with index in [1] are selected on object ''

2018-06-09 19:40:28 - [MESSAGE][PASSED] - All options with index in [1] are selected on object ''

2018-06-09 19:40:28 - [TEST_STEP][PASSED] - delay: Delayed 2 second(s)

2018-06-09 19:40:30 - [MESSAGE][PASSED] - Delayed 2 second(s)

2018-06-09 19:40:30 - [TEST_STEP][PASSED] - Statement - batch = new com.kms.katalon.core.testobject.TestObject(): null

2018-06-09 19:40:30 - [TEST_STEP][PASSED] - Statement - batch = com.kms.katalon.core.webui.keyword.WebUiBuiltInKeywords.modifyObjectProperty(batch, "xpath", "equals", "//*[@id = "txtbthqty" + row + ""]", true): Modify property of object successfully

2018-06-09 19:40:30 - [MESSAGE][PASSED] - Modify property of object successfully

2018-06-09 19:40:30 - [TEST_STEP][PASSED] - Statement - batchqty = com.kms.katalon.core.webui.keyword.WebUiBuiltInKeywords.getAttribute(batch, "value").trim(): Attribute 'value' of object '' is: '1200'

2018-06-09 19:40:30 - [MESSAGE][PASSED] - Attribute 'value' of object '' is: '1200'

2018-06-09 19:40:30 - [TEST_STEP][PASSED] - Statement - Rqty = 100: null

2018-06-09 19:40:30 - [TEST_STEP][PASSED] - Statement - out.println("BatchQty : " + batchqty): null

2018-06-09 19:40:30 - [TEST_STEP][PASSED] - Statement - out.println("RQty : " + Rqty): null

2018-06-09 19:40:30 - [TEST_STEP][PASSED] - Statement - If (java.lang.Integer.valueOf(batchqty) >= java.lang.Integer.valueOf(Rqty)): null

2018-06-09 19:40:30 - [TEST_STEP][PASSED] - Statement - Break: null

2018-06-09 19:40:30 - [TEST_STEP][PASSED] - Statement - batchlength = new com.kms.katalon.core.testobject.TestObject(): null

2018-06-09 19:40:30 - [TEST_STEP][PASSED] - Statement - batchlength = com.kms.katalon.core.webui.keyword.WebUiBuiltInKeywords.modifyObjectProperty(batchlength, "xpath", "equals", "//*[@id = "fldvendor" + row + ""]", true): Modify property of object successfully

2018-06-09 19:40:30 - [MESSAGE][PASSED] - Modify property of object successfully

2018-06-09 19:40:30 - [TEST_STEP][PASSED] - Statement - batchsize = com.kms.katalon.core.webui.keyword.WebUiBuiltInKeywords.getNumberOfTotalOption(batchlength): 11 options of object '' counted

2018-06-09 19:40:30 - [MESSAGE][PASSED] - 11 options of object '' counted

2018-06-09 19:40:30 - [TEST_STEP][PASSED] - Statement - out.println("BatchSize : " + batchsize): null

2018-06-09 19:40:30 - [TEST_STEP][PASSED] - Statement - For ([n = 1, n <= batchsize - 1, (n++)]): null

2018-06-09 19:40:30 - [TEST_STEP][PASSED] - Statement - product = new com.kms.katalon.core.testobject.TestObject(): null

2018-06-09 19:40:30 - [TEST_STEP][PASSED] - Statement - product = com.kms.katalon.core.webui.keyword.WebUiBuiltInKeywords.modifyObjectProperty(product, "xpath", "equals", "//*[@id = "fldvendor" + row + ""]", true): Modify property of object successfully

2018-06-09 19:40:30 - [MESSAGE][PASSED] - Modify property of object successfully

2018-06-09 19:40:30 - [TEST_STEP][PASSED] - selectOptionByIndex: All options with index in [1] are selected on object ''

2018-06-09 19:40:30 - [MESSAGE][PASSED] - All options with index in [1] are selected on object ''

2018-06-09 19:40:30 - [TEST_STEP][PASSED] - delay: Delayed 2 second(s)

2018-06-09 19:40:32 - [MESSAGE][PASSED] - Delayed 2 second(s)

2018-06-09 19:40:32 - [TEST_STEP][PASSED] - Statement - batch = new com.kms.katalon.core.testobject.TestObject(): null

2018-06-09 19:40:32 - [TEST_STEP][PASSED] - Statement - batch = com.kms.katalon.core.webui.keyword.WebUiBuiltInKeywords.modifyObjectProperty(batch, "xpath", "equals", "//*[@id = "txtbthqty" + row + ""]", true): Modify property of object successfully

2018-06-09 19:40:32 - [MESSAGE][PASSED] - Modify property of object successfully

2018-06-09 19:40:32 - [TEST_STEP][PASSED] - Statement - batchqty = com.kms.katalon.core.webui.keyword.WebUiBuiltInKeywords.getAttribute(batch, "value").trim(): Attribute 'value' of object '' is: '36100'

2018-06-09 19:40:32 - [MESSAGE][PASSED] - Attribute 'value' of object '' is: '36100'

2018-06-09 19:40:32 - [TEST_STEP][PASSED] - Statement - Rqty = 100: null

2018-06-09 19:40:32 - [TEST_STEP][PASSED] - Statement - out.println("BatchQty : " + batchqty): null

2018-06-09 19:40:32 - [TEST_STEP][PASSED] - Statement - out.println("RQty : " + Rqty): null

2018-06-09 19:40:32 - [TEST_STEP][PASSED] - Statement - If (java.lang.Integer.valueOf(batchqty) >= java.lang.Integer.valueOf(Rqty)): null

2018-06-09 19:40:32 - [TEST_STEP][PASSED] - Statement - Break: null

2018-06-09 19:40:32 - [TEST_STEP][PASSED] - Statement - batchlength = new com.kms.katalon.core.testobject.TestObject(): null

2018-06-09 19:40:32 - [TEST_STEP][PASSED] - Statement - batchlength = com.kms.katalon.core.webui.keyword.WebUiBuiltInKeywords.modifyObjectProperty(batchlength, "xpath", "equals", "//*[@id = "fldvendor" + row + ""]", true): Modify property of object successfully

2018-06-09 19:40:32 - [MESSAGE][PASSED] - Modify property of object successfully

2018-06-09 19:40:32 - [TEST_STEP][PASSED] - Statement - batchsize = com.kms.katalon.core.webui.keyword.WebUiBuiltInKeywords.getNumberOfTotalOption(batchlength): 11 options of object '' counted

2018-06-09 19:40:32 - [MESSAGE][PASSED] - 11 options of object '' counted

2018-06-09 19:40:32 - [TEST_STEP][PASSED] - Statement - out.println("BatchSize : " + batchsize): null

2018-06-09 19:40:32 - [TEST_STEP][PASSED] - Statement - For ([n = 1, n <= batchsize - 1, (n++)]): null

2018-06-09 19:40:32 - [TEST_STEP][PASSED] - Statement - product = new com.kms.katalon.core.testobject.TestObject(): null

2018-06-09 19:40:32 - [TEST_STEP][PASSED] - Statement - product = com.kms.katalon.core.webui.keyword.WebUiBuiltInKeywords.modifyObjectProperty(product, "xpath", "equals", "//*[@id = "fldvendor" + row + ""]", true): Modify property of object successfully

2018-06-09 19:40:32 - [MESSAGE][PASSED] - Modify property of object successfully

2018-06-09 19:40:32 - [TEST_STEP][PASSED] - selectOptionByIndex: All options with index in [1] are selected on object ''

2018-06-09 19:40:33 - [MESSAGE][PASSED] - All options with index in [1] are selected on object ''

2018-06-09 19:40:33 - [TEST_STEP][PASSED] - delay: Delayed 2 second(s)

2018-06-09 19:40:35 - [MESSAGE][PASSED] - Delayed 2 second(s)

2018-06-09 19:40:35 - [TEST_STEP][PASSED] - Statement - batch = new com.kms.katalon.core.testobject.TestObject(): null

2018-06-09 19:40:35 - [TEST_STEP][PASSED] - Statement - batch = com.kms.katalon.core.webui.keyword.WebUiBuiltInKeywords.modifyObjectProperty(batch, "xpath", "equals", "//*[@id = "txtbthqty" + row + ""]", true): Modify property of object successfully

2018-06-09 19:40:35 - [MESSAGE][PASSED] - Modify property of object successfully

2018-06-09 19:40:35 - [TEST_STEP][PASSED] - Statement - batchqty = com.kms.katalon.core.webui.keyword.WebUiBuiltInKeywords.getAttribute(batch, "value").trim(): Attribute 'value' of object '' is: '2200'

2018-06-09 19:40:35 - [MESSAGE][PASSED] - Attribute 'value' of object '' is: '2200'

2018-06-09 19:40:35 - [TEST_STEP][PASSED] - Statement - Rqty = 100: null

2018-06-09 19:40:35 - [TEST_STEP][PASSED] - Statement - out.println("BatchQty : " + batchqty): null

2018-06-09 19:40:35 - [TEST_STEP][PASSED] - Statement - out.println("RQty : " + Rqty): null

2018-06-09 19:40:35 - [TEST_STEP][PASSED] - Statement - If (java.lang.Integer.valueOf(batchqty) >= java.lang.Integer.valueOf(Rqty)): null

2018-06-09 19:40:35 - [TEST_STEP][PASSED] - Statement - Break: null

2018-06-09 19:40:35 - [TEST_STEP][PASSED] - Statement - batchlength = new com.kms.katalon.core.testobject.TestObject(): null

2018-06-09 19:40:35 - [TEST_STEP][PASSED] - Statement - batchlength = com.kms.katalon.core.webui.keyword.WebUiBuiltInKeywords.modifyObjectProperty(batchlength, "xpath", "equals", "//*[@id = "fldvendor" + row + ""]", true): Modify property of object successfully

2018-06-09 19:40:35 - [MESSAGE][PASSED] - Modify property of object successfully

2018-06-09 19:40:35 - [TEST_STEP][PASSED] - Statement - batchsize = com.kms.katalon.core.webui.keyword.WebUiBuiltInKeywords.getNumberOfTotalOption(batchlength): 11 options of object '' counted

2018-06-09 19:40:35 - [MESSAGE][PASSED] - 11 options of object '' counted

2018-06-09 19:40:35 - [TEST_STEP][PASSED] - Statement - out.println("BatchSize : " + batchsize): null

2018-06-09 19:40:35 - [TEST_STEP][PASSED] - Statement - For ([n = 1, n <= batchsize - 1, (n++)]): null

2018-06-09 19:40:35 - [TEST_STEP][PASSED] - Statement - product = new com.kms.katalon.core.testobject.TestObject(): null

2018-06-09 19:40:35 - [TEST_STEP][PASSED] - Statement - product = com.kms.katalon.core.webui.keyword.WebUiBuiltInKeywords.modifyObjectProperty(product, "xpath", "equals", "//*[@id = "fldvendor" + row + ""]", true): Modify property of object successfully

2018-06-09 19:40:35 - [MESSAGE][PASSED] - Modify property of object successfully

2018-06-09 19:40:35 - [TEST_STEP][PASSED] - selectOptionByIndex: All options with index in [1] are selected on object ''

2018-06-09 19:40:35 - [MESSAGE][PASSED] - All options with index in [1] are selected on object ''

2018-06-09 19:40:35 - [TEST_STEP][PASSED] - delay: Delayed 2 second(s)

2018-06-09 19:40:37 - [MESSAGE][PASSED] - Delayed 2 second(s)

2018-06-09 19:40:37 - [TEST_STEP][PASSED] - Statement - batch = new com.kms.katalon.core.testobject.TestObject(): null

2018-06-09 19:40:37 - [TEST_STEP][PASSED] - Statement - batch = com.kms.katalon.core.webui.keyword.WebUiBuiltInKeywords.modifyObjectProperty(batch, "xpath", "equals", "//*[@id = "txtbthqty" + row + ""]", true): Modify property of object successfully

2018-06-09 19:40:37 - [MESSAGE][PASSED] - Modify property of object successfully

2018-06-09 19:40:37 - [TEST_STEP][PASSED] - Statement - batchqty = com.kms.katalon.core.webui.keyword.WebUiBuiltInKeywords.getAttribute(batch, "value").trim(): Attribute 'value' of object '' is: '3100'

2018-06-09 19:40:37 - [MESSAGE][PASSED] - Attribute 'value' of object '' is: '3100'

2018-06-09 19:40:37 - [TEST_STEP][PASSED] - Statement - Rqty = 100: null

2018-06-09 19:40:37 - [TEST_STEP][PASSED] - Statement - out.println("BatchQty : " + batchqty): null

2018-06-09 19:40:37 - [TEST_STEP][PASSED] - Statement - out.println("RQty : " + Rqty): null

2018-06-09 19:40:37 - [TEST_STEP][PASSED] - Statement - If (java.lang.Integer.valueOf(batchqty) >= java.lang.Integer.valueOf(Rqty)): null

2018-06-09 19:40:37 - [TEST_STEP][PASSED] - Statement - Break: null

2018-06-09 19:40:37 - [TEST_STEP][PASSED] - Statement - batchlength = new com.kms.katalon.core.testobject.TestObject(): null

2018-06-09 19:40:37 - [TEST_STEP][PASSED] - Statement - batchlength = com.kms.katalon.core.webui.keyword.WebUiBuiltInKeywords.modifyObjectProperty(batchlength, "xpath", "equals", "//*[@id = "fldvendor" + row + ""]", true): Modify property of object successfully

2018-06-09 19:40:37 - [MESSAGE][PASSED] - Modify property of object successfully

2018-06-09 19:40:37 - [TEST_STEP][PASSED] - Statement - batchsize = com.kms.katalon.core.webui.keyword.WebUiBuiltInKeywords.getNumberOfTotalOption(batchlength): 11 options of object '' counted

2018-06-09 19:40:37 - [MESSAGE][PASSED] - 11 options of object '' counted

2018-06-09 19:40:37 - [TEST_STEP][PASSED] - Statement - out.println("BatchSize : " + batchsize): null

2018-06-09 19:40:37 - [TEST_STEP][PASSED] - Statement - For ([n = 1, n <= batchsize - 1, (n++)]): null

2018-06-09 19:40:37 - [TEST_STEP][PASSED] - Statement - product = new com.kms.katalon.core.testobject.TestObject(): null

2018-06-09 19:40:37 - [TEST_STEP][PASSED] - Statement - product = com.kms.katalon.core.webui.keyword.WebUiBuiltInKeywords.modifyObjectProperty(product, "xpath", "equals", "//*[@id = "fldvendor" + row + ""]", true): Modify property of object successfully

2018-06-09 19:40:37 - [MESSAGE][PASSED] - Modify property of object successfully

2018-06-09 19:40:37 - [TEST_STEP][PASSED] - selectOptionByIndex: All options with index in [1] are selected on object ''

2018-06-09 19:40:37 - [MESSAGE][PASSED] - All options with index in [1] are selected on object ''

2018-06-09 19:40:37 - [TEST_STEP][PASSED] - delay: Delayed 2 second(s)

2018-06-09 19:40:39 - [MESSAGE][PASSED] - Delayed 2 second(s)

2018-06-09 19:40:39 - [TEST_STEP][PASSED] - Statement - batch = new com.kms.katalon.core.testobject.TestObject(): null

2018-06-09 19:40:39 - [TEST_STEP][PASSED] - Statement - batch = com.kms.katalon.core.webui.keyword.WebUiBuiltInKeywords.modifyObjectProperty(batch, "xpath", "equals", "//*[@id = "txtbthqty" + row + ""]", true): Modify property of object successfully

2018-06-09 19:40:39 - [MESSAGE][PASSED] - Modify property of object successfully

2018-06-09 19:40:39 - [TEST_STEP][PASSED] - Statement - batchqty = com.kms.katalon.core.webui.keyword.WebUiBuiltInKeywords.getAttribute(batch, "value").trim(): Attribute 'value' of object '' is: '3100'

2018-06-09 19:40:39 - [MESSAGE][PASSED] - Attribute 'value' of object '' is: '3100'

2018-06-09 19:40:39 - [TEST_STEP][PASSED] - Statement - Rqty = 100: null

2018-06-09 19:40:39 - [TEST_STEP][PASSED] - Statement - out.println("BatchQty : " + batchqty): null

2018-06-09 19:40:39 - [TEST_STEP][PASSED] - Statement - out.println("RQty : " + Rqty): null

2018-06-09 19:40:39 - [TEST_STEP][PASSED] - Statement - If (java.lang.Integer.valueOf(batchqty) >= java.lang.Integer.valueOf(Rqty)): null

2018-06-09 19:40:39 - [TEST_STEP][PASSED] - Statement - Break: null

2018-06-09 19:40:39 - [TEST_STEP][PASSED] - Statement - batchlength = new com.kms.katalon.core.testobject.TestObject(): null

2018-06-09 19:40:39 - [TEST_STEP][PASSED] - Statement - batchlength = com.kms.katalon.core.webui.keyword.WebUiBuiltInKeywords.modifyObjectProperty(batchlength, "xpath", "equals", "//*[@id = "fldvendor" + row + ""]", true): Modify property of object successfully

2018-06-09 19:40:39 - [MESSAGE][PASSED] - Modify property of object successfully

2018-06-09 19:40:39 - [TEST_STEP][PASSED] - Statement - batchsize = com.kms.katalon.core.webui.keyword.WebUiBuiltInKeywords.getNumberOfTotalOption(batchlength): 11 options of object '' counted

2018-06-09 19:40:39 - [MESSAGE][PASSED] - 11 options of object '' counted

2018-06-09 19:40:39 - [TEST_STEP][PASSED] - Statement - out.println("BatchSize : " + batchsize): null

2018-06-09 19:40:39 - [TEST_STEP][PASSED] - Statement - For ([n = 1, n <= batchsize - 1, (n++)]): null

2018-06-09 19:40:39 - [TEST_STEP][PASSED] - Statement - product = new com.kms.katalon.core.testobject.TestObject(): null

2018-06-09 19:40:39 - [TEST_STEP][PASSED] - Statement - product = com.kms.katalon.core.webui.keyword.WebUiBuiltInKeywords.modifyObjectProperty(product, "xpath", "equals", "//*[@id = "fldvendor" + row + ""]", true): Modify property of object successfully

2018-06-09 19:40:39 - [MESSAGE][PASSED] - Modify property of object successfully

2018-06-09 19:40:39 - [TEST_STEP][PASSED] - selectOptionByIndex: All options with index in [1] are selected on object ''

2018-06-09 19:40:39 - [MESSAGE][PASSED] - All options with index in [1] are selected on object ''

2018-06-09 19:40:39 - [TEST_STEP][PASSED] - delay: Delayed 2 second(s)

2018-06-09 19:40:41 - [MESSAGE][PASSED] - Delayed 2 second(s)

2018-06-09 19:40:41 - [TEST_STEP][PASSED] - Statement - batch = new com.kms.katalon.core.testobject.TestObject(): null

2018-06-09 19:40:41 - [TEST_STEP][PASSED] - Statement - batch = com.kms.katalon.core.webui.keyword.WebUiBuiltInKeywords.modifyObjectProperty(batch, "xpath", "equals", "//*[@id = "txtbthqty" + row + ""]", true): Modify property of object successfully

2018-06-09 19:40:41 - [MESSAGE][PASSED] - Modify property of object successfully

2018-06-09 19:40:41 - [TEST_STEP][PASSED] - Statement - batchqty = com.kms.katalon.core.webui.keyword.WebUiBuiltInKeywords.getAttribute(batch, "value").trim(): Attribute 'value' of object '' is: '36100'

2018-06-09 19:40:41 - [MESSAGE][PASSED] - Attribute 'value' of object '' is: '36100'

2018-06-09 19:40:41 - [TEST_STEP][PASSED] - Statement - Rqty = 100: null

2018-06-09 19:40:41 - [TEST_STEP][PASSED] - Statement - out.println("BatchQty : " + batchqty): null

2018-06-09 19:40:41 - [TEST_STEP][PASSED] - Statement - out.println("RQty : " + Rqty): null

2018-06-09 19:40:41 - [TEST_STEP][PASSED] - Statement - If (java.lang.Integer.valueOf(batchqty) >= java.lang.Integer.valueOf(Rqty)): null

2018-06-09 19:40:41 - [TEST_STEP][PASSED] - Statement - Break: null

2018-06-09 19:40:41 - [TEST_STEP][PASSED] - Statement - batchlength = new com.kms.katalon.core.testobject.TestObject(): null

2018-06-09 19:40:41 - [TEST_STEP][PASSED] - Statement - batchlength = com.kms.katalon.core.webui.keyword.WebUiBuiltInKeywords.modifyObjectProperty(batchlength, "xpath", "equals", "//*[@id = "fldvendor" + row + ""]", true): Modify property of object successfully

2018-06-09 19:40:41 - [MESSAGE][PASSED] - Modify property of object successfully

2018-06-09 19:40:41 - [TEST_STEP][PASSED] - Statement - batchsize = com.kms.katalon.core.webui.keyword.WebUiBuiltInKeywords.getNumberOfTotalOption(batchlength): 11 options of object '' counted

2018-06-09 19:40:41 - [MESSAGE][PASSED] - 11 options of object '' counted

2018-06-09 19:40:41 - [TEST_STEP][PASSED] - Statement - out.println("BatchSize : " + batchsize): null

2018-06-09 19:40:41 - [TEST_STEP][PASSED] - Statement - For ([n = 1, n <= batchsize - 1, (n++)]): null

2018-06-09 19:40:41 - [TEST_STEP][PASSED] - Statement - product = new com.kms.katalon.core.testobject.TestObject(): null

2018-06-09 19:40:41 - [TEST_STEP][PASSED] - Statement - product = com.kms.katalon.core.webui.keyword.WebUiBuiltInKeywords.modifyObjectProperty(product, "xpath", "equals", "//*[@id = "fldvendor" + row + ""]", true): Modify property of object successfully

2018-06-09 19:40:41 - [MESSAGE][PASSED] - Modify property of object successfully

2018-06-09 19:40:41 - [TEST_STEP][PASSED] - selectOptionByIndex: All options with index in [1] are selected on object ''

2018-06-09 19:40:42 - [MESSAGE][PASSED] - All options with index in [1] are selected on object ''

2018-06-09 19:40:42 - [TEST_STEP][PASSED] - delay: Delayed 2 second(s)

2018-06-09 19:40:44 - [MESSAGE][PASSED] - Delayed 2 second(s)

2018-06-09 19:40:44 - [TEST_STEP][PASSED] - Statement - batch = new com.kms.katalon.core.testobject.TestObject(): null

2018-06-09 19:40:44 - [TEST_STEP][PASSED] - Statement - batch = com.kms.katalon.core.webui.keyword.WebUiBuiltInKeywords.modifyObjectProperty(batch, "xpath", "equals", "//*[@id = "txtbthqty" + row + ""]", true): Modify property of object successfully

2018-06-09 19:40:44 - [MESSAGE][PASSED] - Modify property of object successfully

2018-06-09 19:40:44 - [TEST_STEP][PASSED] - Statement - batchqty = com.kms.katalon.core.webui.keyword.WebUiBuiltInKeywords.getAttribute(batch, "value").trim(): Attribute 'value' of object '' is: '2200'

2018-06-09 19:40:44 - [MESSAGE][PASSED] - Attribute 'value' of object '' is: '2200'

2018-06-09 19:40:44 - [TEST_STEP][PASSED] - Statement - Rqty = 100: null

2018-06-09 19:40:44 - [TEST_STEP][PASSED] - Statement - out.println("BatchQty : " + batchqty): null

2018-06-09 19:40:44 - [TEST_STEP][PASSED] - Statement - out.println("RQty : " + Rqty): null

2018-06-09 19:40:44 - [TEST_STEP][PASSED] - Statement - If (java.lang.Integer.valueOf(batchqty) >= java.lang.Integer.valueOf(Rqty)): null

2018-06-09 19:40:44 - [TEST_STEP][PASSED] - Statement - Break: null

2018-06-09 19:40:44 - [TEST_STEP][PASSED] - Statement - batchlength = new com.kms.katalon.core.testobject.TestObject(): null

2018-06-09 19:40:44 - [TEST_STEP][PASSED] - Statement - batchlength = com.kms.katalon.core.webui.keyword.WebUiBuiltInKeywords.modifyObjectProperty(batchlength, "xpath", "equals", "//*[@id = "fldvendor" + row + ""]", true): Modify property of object successfully

2018-06-09 19:40:44 - [MESSAGE][PASSED] - Modify property of object successfully

2018-06-09 19:40:44 - [TEST_STEP][PASSED] - Statement - batchsize = com.kms.katalon.core.webui.keyword.WebUiBuiltInKeywords.getNumberOfTotalOption(batchlength): 11 options of object '' counted

2018-06-09 19:40:44 - [MESSAGE][PASSED] - 11 options of object '' counted

2018-06-09 19:40:44 - [TEST_STEP][PASSED] - Statement - out.println("BatchSize : " + batchsize): null

2018-06-09 19:40:44 - [TEST_STEP][PASSED] - Statement - For ([n = 1, n <= batchsize - 1, (n++)]): null

2018-06-09 19:40:44 - [TEST_STEP][PASSED] - Statement - product = new com.kms.katalon.core.testobject.TestObject(): null

2018-06-09 19:40:44 - [TEST_STEP][PASSED] - Statement - product = com.kms.katalon.core.webui.keyword.WebUiBuiltInKeywords.modifyObjectProperty(product, "xpath", "equals", "//*[@id = "fldvendor" + row + ""]", true): Modify property of object successfully

2018-06-09 19:40:44 - [MESSAGE][PASSED] - Modify property of object successfully

2018-06-09 19:40:44 - [TEST_STEP][PASSED] - selectOptionByIndex: All options with index in [1] are selected on object ''

2018-06-09 19:40:44 - [MESSAGE][PASSED] - All options with index in [1] are selected on object ''

2018-06-09 19:40:44 - [TEST_STEP][PASSED] - delay: Delayed 2 second(s)

2018-06-09 19:40:46 - [MESSAGE][PASSED] - Delayed 2 second(s)

2018-06-09 19:40:46 - [TEST_STEP][PASSED] - Statement - batch = new com.kms.katalon.core.testobject.TestObject(): null

2018-06-09 19:40:46 - [TEST_STEP][PASSED] - Statement - batch = com.kms.katalon.core.webui.keyword.WebUiBuiltInKeywords.modifyObjectProperty(batch, "xpath", "equals", "//*[@id = "txtbthqty" + row + ""]", true): Modify property of object successfully

2018-06-09 19:40:46 - [MESSAGE][PASSED] - Modify property of object successfully

2018-06-09 19:40:46 - [TEST_STEP][PASSED] - Statement - batchqty = com.kms.katalon.core.webui.keyword.WebUiBuiltInKeywords.getAttribute(batch, "value").trim(): Attribute 'value' of object '' is: '1200'

2018-06-09 19:40:46 - [MESSAGE][PASSED] - Attribute 'value' of object '' is: '1200'

2018-06-09 19:40:46 - [TEST_STEP][PASSED] - Statement - Rqty = 100: null

2018-06-09 19:40:46 - [TEST_STEP][PASSED] - Statement - out.println("BatchQty : " + batchqty): null

2018-06-09 19:40:46 - [TEST_STEP][PASSED] - Statement - out.println("RQty : " + Rqty): null

2018-06-09 19:40:46 - [TEST_STEP][PASSED] - Statement - If (java.lang.Integer.valueOf(batchqty) >= java.lang.Integer.valueOf(Rqty)): null

2018-06-09 19:40:46 - [TEST_STEP][PASSED] - Statement - Break: null

2018-06-09 19:40:46 - [TEST_STEP][PASSED] - Statement - batchlength = new com.kms.katalon.core.testobject.TestObject(): null

2018-06-09 19:40:46 - [TEST_STEP][PASSED] - Statement - batchlength = com.kms.katalon.core.webui.keyword.WebUiBuiltInKeywords.modifyObjectProperty(batchlength, "xpath", "equals", "//*[@id = "fldvendor" + row + ""]", true): Modify property of object successfully

2018-06-09 19:40:46 - [MESSAGE][PASSED] - Modify property of object successfully

2018-06-09 19:40:46 - [TEST_STEP][PASSED] - Statement - batchsize = com.kms.katalon.core.webui.keyword.WebUiBuiltInKeywords.getNumberOfTotalOption(batchlength): 11 options of object '' counted

2018-06-09 19:40:46 - [MESSAGE][PASSED] - 11 options of object '' counted

2018-06-09 19:40:46 - [TEST_STEP][PASSED] - Statement - out.println("BatchSize : " + batchsize): null

2018-06-09 19:40:46 - [TEST_STEP][PASSED] - Statement - For ([n = 1, n <= batchsize - 1, (n++)]): null

2018-06-09 19:40:46 - [TEST_STEP][PASSED] - Statement - product = new com.kms.katalon.core.testobject.TestObject(): null

2018-06-09 19:40:46 - [TEST_STEP][PASSED] - Statement - product = com.kms.katalon.core.webui.keyword.WebUiBuiltInKeywords.modifyObjectProperty(product, "xpath", "equals", "//*[@id = "fldvendor" + row + ""]", true): Modify property of object successfully

2018-06-09 19:40:46 - [MESSAGE][PASSED] - Modify property of object successfully

2018-06-09 19:40:46 - [TEST_STEP][PASSED] - selectOptionByIndex: All options with index in [1] are selected on object ''

2018-06-09 19:40:46 - [MESSAGE][PASSED] - All options with index in [1] are selected on object ''

2018-06-09 19:40:46 - [TEST_STEP][PASSED] - delay: Delayed 2 second(s)

2018-06-09 19:40:48 - [MESSAGE][PASSED] - Delayed 2 second(s)

2018-06-09 19:40:48 - [TEST_STEP][PASSED] - Statement - batch = new com.kms.katalon.core.testobject.TestObject(): null

2018-06-09 19:40:48 - [TEST_STEP][PASSED] - Statement - batch = com.kms.katalon.core.webui.keyword.WebUiBuiltInKeywords.modifyObjectProperty(batch, "xpath", "equals", "//*[@id = "txtbthqty" + row + ""]", true): Modify property of object successfully

2018-06-09 19:40:48 - [MESSAGE][PASSED] - Modify property of object successfully

2018-06-09 19:40:48 - [TEST_STEP][PASSED] - Statement - batchqty = com.kms.katalon.core.webui.keyword.WebUiBuiltInKeywords.getAttribute(batch, "value").trim(): Attribute 'value' of object '' is: '2200'

2018-06-09 19:40:48 - [MESSAGE][PASSED] - Attribute 'value' of object '' is: '2200'

2018-06-09 19:40:48 - [TEST_STEP][PASSED] - Statement - Rqty = 100: null

2018-06-09 19:40:48 - [TEST_STEP][PASSED] - Statement - out.println("BatchQty : " + batchqty): null

2018-06-09 19:40:48 - [TEST_STEP][PASSED] - Statement - out.println("RQty : " + Rqty): null

2018-06-09 19:40:48 - [TEST_STEP][PASSED] - Statement - If (java.lang.Integer.valueOf(batchqty) >= java.lang.Integer.valueOf(Rqty)): null

2018-06-09 19:40:48 - [TEST_STEP][PASSED] - Statement - Break: null

2018-06-09 19:40:48 - [TEST_STEP][PASSED] - Statement - batchlength = new com.kms.katalon.core.testobject.TestObject(): null

2018-06-09 19:40:48 - [TEST_STEP][PASSED] - Statement - batchlength = com.kms.katalon.core.webui.keyword.WebUiBuiltInKeywords.modifyObjectProperty(batchlength, "xpath", "equals", "//*[@id = "fldvendor" + row + ""]", true): Modify property of object successfully

2018-06-09 19:40:48 - [MESSAGE][PASSED] - Modify property of object successfully

2018-06-09 19:40:48 - [TEST_STEP][PASSED] - Statement - batchsize = com.kms.katalon.core.webui.keyword.WebUiBuiltInKeywords.getNumberOfTotalOption(batchlength): 11 options of object '' counted

2018-06-09 19:40:48 - [MESSAGE][PASSED] - 11 options of object '' counted

2018-06-09 19:40:48 - [TEST_STEP][PASSED] - Statement - out.println("BatchSize : " + batchsize): null

2018-06-09 19:40:48 - [TEST_STEP][PASSED] - Statement - For ([n = 1, n <= batchsize - 1, (n++)]): null

2018-06-09 19:40:48 - [TEST_STEP][PASSED] - Statement - product = new com.kms.katalon.core.testobject.TestObject(): null

2018-06-09 19:40:48 - [TEST_STEP][PASSED] - Statement - product = com.kms.katalon.core.webui.keyword.WebUiBuiltInKeywords.modifyObjectProperty(product, "xpath", "equals", "//*[@id = "fldvendor" + row + ""]", true): Modify property of object successfully

2018-06-09 19:40:48 - [MESSAGE][PASSED] - Modify property of object successfully

2018-06-09 19:40:48 - [TEST_STEP][PASSED] - selectOptionByIndex: All options with index in [1] are selected on object ''

2018-06-09 19:40:48 - [MESSAGE][PASSED] - All options with index in [1] are selected on object ''

2018-06-09 19:40:48 - [TEST_STEP][PASSED] - delay: Delayed 2 second(s)

2018-06-09 19:40:50 - [MESSAGE][PASSED] - Delayed 2 second(s)

2018-06-09 19:40:50 - [TEST_STEP][PASSED] - Statement - batch = new com.kms.katalon.core.testobject.TestObject(): null

2018-06-09 19:40:50 - [TEST_STEP][PASSED] - Statement - batch = com.kms.katalon.core.webui.keyword.WebUiBuiltInKeywords.modifyObjectProperty(batch, "xpath", "equals", "//*[@id = "txtbthqty" + row + ""]", true): Modify property of object successfully

2018-06-09 19:40:50 - [MESSAGE][PASSED] - Modify property of object successfully

2018-06-09 19:40:50 - [TEST_STEP][PASSED] - Statement - batchqty = com.kms.katalon.core.webui.keyword.WebUiBuiltInKeywords.getAttribute(batch, "value").trim(): Attribute 'value' of object '' is: '4000'

2018-06-09 19:40:50 - [MESSAGE][PASSED] - Attribute 'value' of object '' is: '4000'

2018-06-09 19:40:50 - [TEST_STEP][PASSED] - Statement - Rqty = 100: null

2018-06-09 19:40:50 - [TEST_STEP][PASSED] - Statement - out.println("BatchQty : " + batchqty): null

2018-06-09 19:40:50 - [TEST_STEP][PASSED] - Statement - out.println("RQty : " + Rqty): null

2018-06-09 19:40:50 - [TEST_STEP][PASSED] - Statement - If (java.lang.Integer.valueOf(batchqty) >= java.lang.Integer.valueOf(Rqty)): null

2018-06-09 19:40:50 - [TEST_STEP][PASSED] - Statement - Break: null

2018-06-09 19:40:50 - [TEST_STEP][PASSED] - Statement - batchlength = new com.kms.katalon.core.testobject.TestObject(): null

2018-06-09 19:40:50 - [TEST_STEP][PASSED] - Statement - batchlength = com.kms.katalon.core.webui.keyword.WebUiBuiltInKeywords.modifyObjectProperty(batchlength, "xpath", "equals", "//*[@id = "fldvendor" + row + ""]", true): Modify property of object successfully

2018-06-09 19:40:50 - [MESSAGE][PASSED] - Modify property of object successfully

2018-06-09 19:40:50 - [TEST_STEP][PASSED] - Statement - batchsize = com.kms.katalon.core.webui.keyword.WebUiBuiltInKeywords.getNumberOfTotalOption(batchlength): 11 options of object '' counted

2018-06-09 19:40:50 - [MESSAGE][PASSED] - 11 options of object '' counted

2018-06-09 19:40:50 - [TEST_STEP][PASSED] - Statement - out.println("BatchSize : " + batchsize): null

2018-06-09 19:40:50 - [TEST_STEP][PASSED] - Statement - For ([n = 1, n <= batchsize - 1, (n++)]): null

2018-06-09 19:40:50 - [TEST_STEP][PASSED] - Statement - product = new com.kms.katalon.core.testobject.TestObject(): null

2018-06-09 19:40:50 - [TEST_STEP][PASSED] - Statement - product = com.kms.katalon.core.webui.keyword.WebUiBuiltInKeywords.modifyObjectProperty(product, "xpath", "equals", "//*[@id = "fldvendor" + row + ""]", true): Modify property of object successfully

2018-06-09 19:40:50 - [MESSAGE][PASSED] - Modify property of object successfully

2018-06-09 19:40:50 - [TEST_STEP][PASSED] - selectOptionByIndex: All options with index in [1] are selected on object ''

2018-06-09 19:40:51 - [MESSAGE][PASSED] - All options with index in [1] are selected on object ''

2018-06-09 19:40:51 - [TEST_STEP][PASSED] - delay: Delayed 2 second(s)

2018-06-09 19:40:53 - [MESSAGE][PASSED] - Delayed 2 second(s)

2018-06-09 19:40:53 - [TEST_STEP][PASSED] - Statement - batch = new com.kms.katalon.core.testobject.TestObject(): null

2018-06-09 19:40:53 - [TEST_STEP][PASSED] - Statement - batch = com.kms.katalon.core.webui.keyword.WebUiBuiltInKeywords.modifyObjectProperty(batch, "xpath", "equals", "//*[@id = "txtbthqty" + row + ""]", true): Modify property of object successfully

2018-06-09 19:40:53 - [MESSAGE][PASSED] - Modify property of object successfully

2018-06-09 19:40:53 - [TEST_STEP][PASSED] - Statement - batchqty = com.kms.katalon.core.webui.keyword.WebUiBuiltInKeywords.getAttribute(batch, "value").trim(): Attribute 'value' of object '' is: '2200'

2018-06-09 19:40:53 - [MESSAGE][PASSED] - Attribute 'value' of object '' is: '2200'

2018-06-09 19:40:53 - [TEST_STEP][PASSED] - Statement - Rqty = 100: null

2018-06-09 19:40:53 - [TEST_STEP][PASSED] - Statement - out.println("BatchQty : " + batchqty): null

2018-06-09 19:40:53 - [TEST_STEP][PASSED] - Statement - out.println("RQty : " + Rqty): null

2018-06-09 19:40:53 - [TEST_STEP][PASSED] - Statement - If (java.lang.Integer.valueOf(batchqty) >= java.lang.Integer.valueOf(Rqty)): null

2018-06-09 19:40:53 - [TEST_STEP][PASSED] - Statement - Break: null

2018-06-09 19:40:53 - [TEST_STEP][PASSED] - Statement - batchlength = new com.kms.katalon.core.testobject.TestObject(): null

2018-06-09 19:40:53 - [TEST_STEP][PASSED] - Statement - batchlength = com.kms.katalon.core.webui.keyword.WebUiBuiltInKeywords.modifyObjectProperty(batchlength, "xpath", "equals", "//*[@id = "fldvendor" + row + ""]", true): Modify property of object successfully

2018-06-09 19:40:53 - [MESSAGE][PASSED] - Modify property of object successfully

2018-06-09 19:40:53 - [TEST_STEP][PASSED] - Statement - batchsize = com.kms.katalon.core.webui.keyword.WebUiBuiltInKeywords.getNumberOfTotalOption(batchlength): 11 options of object '' counted

2018-06-09 19:40:53 - [MESSAGE][PASSED] - 11 options of object '' counted

2018-06-09 19:40:53 - [TEST_STEP][PASSED] - Statement - out.println("BatchSize : " + batchsize): null

2018-06-09 19:40:53 - [TEST_STEP][PASSED] - Statement - For ([n = 1, n <= batchsize - 1, (n++)]): null

2018-06-09 19:40:53 - [TEST_STEP][PASSED] - Statement - product = new com.kms.katalon.core.testobject.TestObject(): null

2018-06-09 19:40:53 - [TEST_STEP][PASSED] - Statement - product = com.kms.katalon.core.webui.keyword.WebUiBuiltInKeywords.modifyObjectProperty(product, "xpath", "equals", "//*[@id = "fldvendor" + row + ""]", true): Modify property of object successfully

2018-06-09 19:40:53 - [MESSAGE][PASSED] - Modify property of object successfully

2018-06-09 19:40:53 - [TEST_STEP][PASSED] - selectOptionByIndex: All options with index in [1] are selected on object ''

2018-06-09 19:40:53 - [MESSAGE][PASSED] - All options with index in [1] are selected on object ''

2018-06-09 19:40:53 - [TEST_STEP][PASSED] - delay: Delayed 2 second(s)

2018-06-09 19:40:55 - [MESSAGE][PASSED] - Delayed 2 second(s)

2018-06-09 19:40:55 - [TEST_STEP][PASSED] - Statement - batch = new com.kms.katalon.core.testobject.TestObject(): null

2018-06-09 19:40:55 - [TEST_STEP][PASSED] - Statement - batch = com.kms.katalon.core.webui.keyword.WebUiBuiltInKeywords.modifyObjectProperty(batch, "xpath", "equals", "//*[@id = "txtbthqty" + row + ""]", true): Modify property of object successfully

2018-06-09 19:40:55 - [MESSAGE][PASSED] - Modify property of object successfully

2018-06-09 19:40:55 - [TEST_STEP][PASSED] - Statement - batchqty = com.kms.katalon.core.webui.keyword.WebUiBuiltInKeywords.getAttribute(batch, "value").trim(): Attribute 'value' of object '' is: '4000'

2018-06-09 19:40:55 - [MESSAGE][PASSED] - Attribute 'value' of object '' is: '4000'

2018-06-09 19:40:55 - [TEST_STEP][PASSED] - Statement - Rqty = 100: null

2018-06-09 19:40:55 - [TEST_STEP][PASSED] - Statement - out.println("BatchQty : " + batchqty): null

2018-06-09 19:40:55 - [TEST_STEP][PASSED] - Statement - out.println("RQty : " + Rqty): null

2018-06-09 19:40:55 - [TEST_STEP][PASSED] - Statement - If (java.lang.Integer.valueOf(batchqty) >= java.lang.Integer.valueOf(Rqty)): null

2018-06-09 19:40:55 - [TEST_STEP][PASSED] - Statement - Break: null

2018-06-09 19:40:55 - [TEST_STEP][PASSED] - Statement - batchlength = new com.kms.katalon.core.testobject.TestObject(): null

2018-06-09 19:40:55 - [TEST_STEP][PASSED] - Statement - batchlength = com.kms.katalon.core.webui.keyword.WebUiBuiltInKeywords.modifyObjectProperty(batchlength, "xpath", "equals", "//*[@id = "fldvendor" + row + ""]", true): Modify property of object successfully

2018-06-09 19:40:55 - [MESSAGE][PASSED] - Modify property of object successfully

2018-06-09 19:40:55 - [TEST_STEP][PASSED] - Statement - batchsize = com.kms.katalon.core.webui.keyword.WebUiBuiltInKeywords.getNumberOfTotalOption(batchlength): 11 options of object '' counted

2018-06-09 19:40:55 - [MESSAGE][PASSED] - 11 options of object '' counted

2018-06-09 19:40:55 - [TEST_STEP][PASSED] - Statement - out.println("BatchSize : " + batchsize): null

2018-06-09 19:40:55 - [TEST_STEP][PASSED] - Statement - For ([n = 1, n <= batchsize - 1, (n++)]): null

2018-06-09 19:40:55 - [TEST_STEP][PASSED] - Statement - product = new com.kms.katalon.core.testobject.TestObject(): null

2018-06-09 19:40:55 - [TEST_STEP][PASSED] - Statement - product = com.kms.katalon.core.webui.keyword.WebUiBuiltInKeywords.modifyObjectProperty(product, "xpath", "equals", "//*[@id = "fldvendor" + row + ""]", true): Modify property of object successfully

2018-06-09 19:40:55 - [MESSAGE][PASSED] - Modify property of object successfully

2018-06-09 19:40:55 - [TEST_STEP][PASSED] - selectOptionByIndex: All options with index in [1] are selected on object ''

2018-06-09 19:40:55 - [MESSAGE][PASSED] - All options with index in [1] are selected on object ''

2018-06-09 19:40:55 - [TEST_STEP][PASSED] - delay: Delayed 2 second(s)

2018-06-09 19:40:57 - [MESSAGE][PASSED] - Delayed 2 second(s)

2018-06-09 19:40:57 - [TEST_STEP][PASSED] - Statement - batch = new com.kms.katalon.core.testobject.TestObject(): null

2018-06-09 19:40:57 - [TEST_STEP][PASSED] - Statement - batch = com.kms.katalon.core.webui.keyword.WebUiBuiltInKeywords.modifyObjectProperty(batch, "xpath", "equals", "//*[@id = "txtbthqty" + row + ""]", true): Modify property of object successfully

2018-06-09 19:40:57 - [MESSAGE][PASSED] - Modify property of object successfully

2018-06-09 19:40:57 - [TEST_STEP][PASSED] - Statement - batchqty = com.kms.katalon.core.webui.keyword.WebUiBuiltInKeywords.getAttribute(batch, "value").trim(): Attribute 'value' of object '' is: '4000'

2018-06-09 19:40:57 - [MESSAGE][PASSED] - Attribute 'value' of object '' is: '4000'

2018-06-09 19:40:57 - [TEST_STEP][PASSED] - Statement - Rqty = 100: null

2018-06-09 19:40:57 - [TEST_STEP][PASSED] - Statement - out.println("BatchQty : " + batchqty): null

2018-06-09 19:40:57 - [TEST_STEP][PASSED] - Statement - out.println("RQty : " + Rqty): null

2018-06-09 19:40:57 - [TEST_STEP][PASSED] - Statement - If (java.lang.Integer.valueOf(batchqty) >= java.lang.Integer.valueOf(Rqty)): null

2018-06-09 19:40:57 - [TEST_STEP][PASSED] - Statement - Break: null

2018-06-09 19:40:57 - [TEST_STEP][PASSED] - Statement - batchlength = new com.kms.katalon.core.testobject.TestObject(): null

2018-06-09 19:40:57 - [TEST_STEP][PASSED] - Statement - batchlength = com.kms.katalon.core.webui.keyword.WebUiBuiltInKeywords.modifyObjectProperty(batchlength, "xpath", "equals", "//*[@id = "fldvendor" + row + ""]", true): Modify property of object successfully

2018-06-09 19:40:57 - [MESSAGE][PASSED] - Modify property of object successfully

2018-06-09 19:40:57 - [TEST_STEP][PASSED] - Statement - batchsize = com.kms.katalon.core.webui.keyword.WebUiBuiltInKeywords.getNumberOfTotalOption(batchlength): 11 options of object '' counted

2018-06-09 19:40:57 - [MESSAGE][PASSED] - 11 options of object '' counted

2018-06-09 19:40:57 - [TEST_STEP][PASSED] - Statement - out.println("BatchSize : " + batchsize): null

2018-06-09 19:40:57 - [TEST_STEP][PASSED] - Statement - For ([n = 1, n <= batchsize - 1, (n++)]): null

2018-06-09 19:40:57 - [TEST_STEP][PASSED] - Statement - product = new com.kms.katalon.core.testobject.TestObject(): null

2018-06-09 19:40:57 - [TEST_STEP][PASSED] - Statement - product = com.kms.katalon.core.webui.keyword.WebUiBuiltInKeywords.modifyObjectProperty(product, "xpath", "equals", "//*[@id = "fldvendor" + row + ""]", true): Modify property of object successfully

2018-06-09 19:40:57 - [MESSAGE][PASSED] - Modify property of object successfully

2018-06-09 19:40:57 - [TEST_STEP][PASSED] - selectOptionByIndex: All options with index in [1] are selected on object ''

2018-06-09 19:40:57 - [MESSAGE][PASSED] - All options with index in [1] are selected on object ''

2018-06-09 19:40:57 - [TEST_STEP][PASSED] - delay: Delayed 2 second(s)

2018-06-09 19:40:59 - [MESSAGE][PASSED] - Delayed 2 second(s)

2018-06-09 19:40:59 - [TEST_STEP][PASSED] - Statement - batch = new com.kms.katalon.core.testobject.TestObject(): null

2018-06-09 19:40:59 - [TEST_STEP][PASSED] - Statement - batch = com.kms.katalon.core.webui.keyword.WebUiBuiltInKeywords.modifyObjectProperty(batch, "xpath", "equals", "//*[@id = "txtbthqty" + row + ""]", true): Modify property of object successfully

2018-06-09 19:40:59 - [MESSAGE][PASSED] - Modify property of object successfully

2018-06-09 19:40:59 - [TEST_STEP][PASSED] - Statement - batchqty = com.kms.katalon.core.webui.keyword.WebUiBuiltInKeywords.getAttribute(batch, "value").trim(): Attribute 'value' of object '' is: '4000'

2018-06-09 19:40:59 - [MESSAGE][PASSED] - Attribute 'value' of object '' is: '4000'

2018-06-09 19:40:59 - [TEST_STEP][PASSED] - Statement - Rqty = 100: null

2018-06-09 19:40:59 - [TEST_STEP][PASSED] - Statement - out.println("BatchQty : " + batchqty): null

2018-06-09 19:40:59 - [TEST_STEP][PASSED] - Statement - out.println("RQty : " + Rqty): null

2018-06-09 19:40:59 - [TEST_STEP][PASSED] - Statement - If (java.lang.Integer.valueOf(batchqty) >= java.lang.Integer.valueOf(Rqty)): null

2018-06-09 19:40:59 - [TEST_STEP][PASSED] - Statement - Break: null

2018-06-09 19:40:59 - [TEST_STEP][PASSED] - Statement - batchlength = new com.kms.katalon.core.testobject.TestObject(): null

2018-06-09 19:40:59 - [TEST_STEP][PASSED] - Statement - batchlength = com.kms.katalon.core.webui.keyword.WebUiBuiltInKeywords.modifyObjectProperty(batchlength, "xpath", "equals", "//*[@id = "fldvendor" + row + ""]", true): Modify property of object successfully

2018-06-09 19:40:59 - [MESSAGE][PASSED] - Modify property of object successfully

2018-06-09 19:40:59 - [TEST_STEP][PASSED] - Statement - batchsize = com.kms.katalon.core.webui.keyword.WebUiBuiltInKeywords.getNumberOfTotalOption(batchlength): 11 options of object '' counted

2018-06-09 19:40:59 - [MESSAGE][PASSED] - 11 options of object '' counted

2018-06-09 19:40:59 - [TEST_STEP][PASSED] - Statement - out.println("BatchSize : " + batchsize): null

2018-06-09 19:40:59 - [TEST_STEP][PASSED] - Statement - For ([n = 1, n <= batchsize - 1, (n++)]): null

2018-06-09 19:40:59 - [TEST_STEP][PASSED] - Statement - product = new com.kms.katalon.core.testobject.TestObject(): null

2018-06-09 19:40:59 - [TEST_STEP][PASSED] - Statement - product = com.kms.katalon.core.webui.keyword.WebUiBuiltInKeywords.modifyObjectProperty(product, "xpath", "equals", "//*[@id = "fldvendor" + row + ""]", true): Modify property of object successfully

2018-06-09 19:40:59 - [MESSAGE][PASSED] - Modify property of object successfully

2018-06-09 19:40:59 - [TEST_STEP][PASSED] - selectOptionByIndex: All options with index in [1] are selected on object ''

2018-06-09 19:41:00 - [MESSAGE][PASSED] - All options with index in [1] are selected on object ''

2018-06-09 19:41:00 - [TEST_STEP][PASSED] - delay: Delayed 2 second(s)

2018-06-09 19:41:02 - [MESSAGE][PASSED] - Delayed 2 second(s)

2018-06-09 19:41:02 - [TEST_STEP][PASSED] - Statement - batch = new com.kms.katalon.core.testobject.TestObject(): null

2018-06-09 19:41:02 - [TEST_STEP][PASSED] - Statement - batch = com.kms.katalon.core.webui.keyword.WebUiBuiltInKeywords.modifyObjectProperty(batch, "xpath", "equals", "//*[@id = "txtbthqty" + row + ""]", true): Modify property of object successfully

2018-06-09 19:41:02 - [MESSAGE][PASSED] - Modify property of object successfully

2018-06-09 19:41:02 - [TEST_STEP][PASSED] - Statement - batchqty = com.kms.katalon.core.webui.keyword.WebUiBuiltInKeywords.getAttribute(batch, "value").trim(): Attribute 'value' of object '' is: '3000'

2018-06-09 19:41:02 - [MESSAGE][PASSED] - Attribute 'value' of object '' is: '3000'

2018-06-09 19:41:02 - [TEST_STEP][PASSED] - Statement - Rqty = 100: null

2018-06-09 19:41:02 - [TEST_STEP][PASSED] - Statement - out.println("BatchQty : " + batchqty): null

2018-06-09 19:41:02 - [TEST_STEP][PASSED] - Statement - out.println("RQty : " + Rqty): null

2018-06-09 19:41:02 - [TEST_STEP][PASSED] - Statement - If (java.lang.Integer.valueOf(batchqty) >= java.lang.Integer.valueOf(Rqty)): null

2018-06-09 19:41:02 - [TEST_STEP][PASSED] - Statement - Break: null

2018-06-09 19:41:02 - [TEST_STEP][PASSED] - Statement - batchlength = new com.kms.katalon.core.testobject.TestObject(): null

2018-06-09 19:41:02 - [TEST_STEP][PASSED] - Statement - batchlength = com.kms.katalon.core.webui.keyword.WebUiBuiltInKeywords.modifyObjectProperty(batchlength, "xpath", "equals", "//*[@id = "fldvendor" + row + ""]", true): Modify property of object successfully

2018-06-09 19:41:02 - [MESSAGE][PASSED] - Modify property of object successfully

2018-06-09 19:41:02 - [TEST_STEP][PASSED] - Statement - batchsize = com.kms.katalon.core.webui.keyword.WebUiBuiltInKeywords.getNumberOfTotalOption(batchlength): 11 options of object '' counted

2018-06-09 19:41:02 - [MESSAGE][PASSED] - 11 options of object '' counted

2018-06-09 19:41:02 - [TEST_STEP][PASSED] - Statement - out.println("BatchSize : " + batchsize): null

2018-06-09 19:41:02 - [TEST_STEP][PASSED] - Statement - For ([n = 1, n <= batchsize - 1, (n++)]): null

2018-06-09 19:41:02 - [TEST_STEP][PASSED] - Statement - product = new com.kms.katalon.core.testobject.TestObject(): null

2018-06-09 19:41:02 - [TEST_STEP][PASSED] - Statement - product = com.kms.katalon.core.webui.keyword.WebUiBuiltInKeywords.modifyObjectProperty(product, "xpath", "equals", "//*[@id = "fldvendor" + row + ""]", true): Modify property of object successfully

2018-06-09 19:41:02 - [MESSAGE][PASSED] - Modify property of object successfully

2018-06-09 19:41:02 - [TEST_STEP][PASSED] - selectOptionByIndex: All options with index in [1] are selected on object ''

2018-06-09 19:41:02 - [MESSAGE][PASSED] - All options with index in [1] are selected on object ''

2018-06-09 19:41:02 - [TEST_STEP][PASSED] - delay: Delayed 2 second(s)

2018-06-09 19:41:04 - [MESSAGE][PASSED] - Delayed 2 second(s)

2018-06-09 19:41:04 - [TEST_STEP][PASSED] - Statement - batch = new com.kms.katalon.core.testobject.TestObject(): null

2018-06-09 19:41:04 - [TEST_STEP][PASSED] - Statement - batch = com.kms.katalon.core.webui.keyword.WebUiBuiltInKeywords.modifyObjectProperty(batch, "xpath", "equals", "//*[@id = "txtbthqty" + row + ""]", true): Modify property of object successfully

2018-06-09 19:41:04 - [MESSAGE][PASSED] - Modify property of object successfully

2018-06-09 19:41:04 - [TEST_STEP][PASSED] - Statement - batchqty = com.kms.katalon.core.webui.keyword.WebUiBuiltInKeywords.getAttribute(batch, "value").trim(): Attribute 'value' of object '' is: '3000'

2018-06-09 19:41:04 - [MESSAGE][PASSED] - Attribute 'value' of object '' is: '3000'

2018-06-09 19:41:04 - [TEST_STEP][PASSED] - Statement - Rqty = 100: null

2018-06-09 19:41:04 - [TEST_STEP][PASSED] - Statement - out.println("BatchQty : " + batchqty): null

2018-06-09 19:41:04 - [TEST_STEP][PASSED] - Statement - out.println("RQty : " + Rqty): null

2018-06-09 19:41:04 - [TEST_STEP][PASSED] - Statement - If (java.lang.Integer.valueOf(batchqty) >= java.lang.Integer.valueOf(Rqty)): null

2018-06-09 19:41:04 - [TEST_STEP][PASSED] - Statement - Break: null

2018-06-09 19:41:04 - [TEST_STEP][PASSED] - Statement - batchlength = new com.kms.katalon.core.testobject.TestObject(): null

2018-06-09 19:41:04 - [TEST_STEP][PASSED] - Statement - batchlength = com.kms.katalon.core.webui.keyword.WebUiBuiltInKeywords.modifyObjectProperty(batchlength, "xpath", "equals", "//*[@id = "fldvendor" + row + ""]", true): Modify property of object successfully

2018-06-09 19:41:04 - [MESSAGE][PASSED] - Modify property of object successfully

2018-06-09 19:41:04 - [TEST_STEP][PASSED] - Statement - batchsize = com.kms.katalon.core.webui.keyword.WebUiBuiltInKeywords.getNumberOfTotalOption(batchlength): 11 options of object '' counted

2018-06-09 19:41:04 - [MESSAGE][PASSED] - 11 options of object '' counted

2018-06-09 19:41:04 - [TEST_STEP][PASSED] - Statement - out.println("BatchSize : " + batchsize): null

2018-06-09 19:41:04 - [TEST_STEP][PASSED] - Statement - For ([n = 1, n <= batchsize - 1, (n++)]): null

2018-06-09 19:41:04 - [TEST_STEP][PASSED] - Statement - product = new com.kms.katalon.core.testobject.TestObject(): null

2018-06-09 19:41:04 - [TEST_STEP][PASSED] - Statement - product = com.kms.katalon.core.webui.keyword.WebUiBuiltInKeywords.modifyObjectProperty(product, "xpath", "equals", "//*[@id = "fldvendor" + row + ""]", true): Modify property of object successfully

2018-06-09 19:41:04 - [MESSAGE][PASSED] - Modify property of object successfully

2018-06-09 19:41:04 - [TEST_STEP][PASSED] - selectOptionByIndex: All options with index in [1] are selected on object ''

2018-06-09 19:41:04 - [MESSAGE][PASSED] - All options with index in [1] are selected on object ''

2018-06-09 19:41:04 - [TEST_STEP][PASSED] - delay: Delayed 2 second(s)

2018-06-09 19:41:06 - [MESSAGE][PASSED] - Delayed 2 second(s)

2018-06-09 19:41:06 - [TEST_STEP][PASSED] - Statement - batch = new com.kms.katalon.core.testobject.TestObject(): null

2018-06-09 19:41:06 - [TEST_STEP][PASSED] - Statement - batch = com.kms.katalon.core.webui.keyword.WebUiBuiltInKeywords.modifyObjectProperty(batch, "xpath", "equals", "//*[@id = "txtbthqty" + row + ""]", true): Modify property of object successfully

2018-06-09 19:41:06 - [MESSAGE][PASSED] - Modify property of object successfully

2018-06-09 19:41:06 - [TEST_STEP][PASSED] - Statement - batchqty = com.kms.katalon.core.webui.keyword.WebUiBuiltInKeywords.getAttribute(batch, "value").trim(): Attribute 'value' of object '' is: '1200'

2018-06-09 19:41:06 - [MESSAGE][PASSED] - Attribute 'value' of object '' is: '1200'

2018-06-09 19:41:06 - [TEST_STEP][PASSED] - Statement - Rqty = 100: null

2018-06-09 19:41:06 - [TEST_STEP][PASSED] - Statement - out.println("BatchQty : " + batchqty): null

2018-06-09 19:41:06 - [TEST_STEP][PASSED] - Statement - out.println("RQty : " + Rqty): null

2018-06-09 19:41:06 - [TEST_STEP][PASSED] - Statement - If (java.lang.Integer.valueOf(batchqty) >= java.lang.Integer.valueOf(Rqty)): null

2018-06-09 19:41:06 - [TEST_STEP][PASSED] - Statement - Break: null

2018-06-09 19:41:06 - [TEST_STEP][PASSED] - Statement - batchlength = new com.kms.katalon.core.testobject.TestObject(): null

2018-06-09 19:41:06 - [TEST_STEP][PASSED] - Statement - batchlength = com.kms.katalon.core.webui.keyword.WebUiBuiltInKeywords.modifyObjectProperty(batchlength, "xpath", "equals", "//*[@id = "fldvendor" + row + ""]", true): Modify property of object successfully

2018-06-09 19:41:06 - [MESSAGE][PASSED] - Modify property of object successfully

2018-06-09 19:41:06 - [TEST_STEP][PASSED] - Statement - batchsize = com.kms.katalon.core.webui.keyword.WebUiBuiltInKeywords.getNumberOfTotalOption(batchlength): 11 options of object '' counted

2018-06-09 19:41:06 - [MESSAGE][PASSED] - 11 options of object '' counted

2018-06-09 19:41:06 - [TEST_STEP][PASSED] - Statement - out.println("BatchSize : " + batchsize): null

2018-06-09 19:41:06 - [TEST_STEP][PASSED] - Statement - For ([n = 1, n <= batchsize - 1, (n++)]): null

2018-06-09 19:41:06 - [TEST_STEP][PASSED] - Statement - product = new com.kms.katalon.core.testobject.TestObject(): null

2018-06-09 19:41:06 - [TEST_STEP][PASSED] - Statement - product = com.kms.katalon.core.webui.keyword.WebUiBuiltInKeywords.modifyObjectProperty(product, "xpath", "equals", "//*[@id = "fldvendor" + row + ""]", true): Modify property of object successfully

2018-06-09 19:41:06 - [MESSAGE][PASSED] - Modify property of object successfully

2018-06-09 19:41:06 - [TEST_STEP][PASSED] - selectOptionByIndex: All options with index in [1] are selected on object ''

2018-06-09 19:41:06 - [MESSAGE][PASSED] - All options with index in [1] are selected on object ''

2018-06-09 19:41:06 - [TEST_STEP][PASSED] - delay: Delayed 2 second(s)

2018-06-09 19:41:08 - [MESSAGE][PASSED] - Delayed 2 second(s)

2018-06-09 19:41:08 - [TEST_STEP][PASSED] - Statement - batch = new com.kms.katalon.core.testobject.TestObject(): null

2018-06-09 19:41:08 - [TEST_STEP][PASSED] - Statement - batch = com.kms.katalon.core.webui.keyword.WebUiBuiltInKeywords.modifyObjectProperty(batch, "xpath", "equals", "//*[@id = "txtbthqty" + row + ""]", true): Modify property of object successfully

2018-06-09 19:41:08 - [MESSAGE][PASSED] - Modify property of object successfully

2018-06-09 19:41:08 - [TEST_STEP][PASSED] - Statement - batchqty = com.kms.katalon.core.webui.keyword.WebUiBuiltInKeywords.getAttribute(batch, "value").trim(): Attribute 'value' of object '' is: '2200'

2018-06-09 19:41:08 - [MESSAGE][PASSED] - Attribute 'value' of object '' is: '2200'

2018-06-09 19:41:08 - [TEST_STEP][PASSED] - Statement - Rqty = 100: null

2018-06-09 19:41:08 - [TEST_STEP][PASSED] - Statement - out.println("BatchQty : " + batchqty): null

2018-06-09 19:41:08 - [TEST_STEP][PASSED] - Statement - out.println("RQty : " + Rqty): null

2018-06-09 19:41:08 - [TEST_STEP][PASSED] - Statement - If (java.lang.Integer.valueOf(batchqty) >= java.lang.Integer.valueOf(Rqty)): null

2018-06-09 19:41:08 - [TEST_STEP][PASSED] - Statement - Break: null

2018-06-09 19:41:08 - [TEST_STEP][PASSED] - Statement - batchlength = new com.kms.katalon.core.testobject.TestObject(): null

2018-06-09 19:41:08 - [TEST_STEP][PASSED] - Statement - batchlength = com.kms.katalon.core.webui.keyword.WebUiBuiltInKeywords.modifyObjectProperty(batchlength, "xpath", "equals", "//*[@id = "fldvendor" + row + ""]", true): Modify property of object successfully

2018-06-09 19:41:08 - [MESSAGE][PASSED] - Modify property of object successfully

2018-06-09 19:41:08 - [TEST_STEP][PASSED] - Statement - batchsize = com.kms.katalon.core.webui.keyword.WebUiBuiltInKeywords.getNumberOfTotalOption(batchlength): 11 options of object '' counted

2018-06-09 19:41:08 - [MESSAGE][PASSED] - 11 options of object '' counted

2018-06-09 19:41:08 - [TEST_STEP][PASSED] - Statement - out.println("BatchSize : " + batchsize): null

2018-06-09 19:41:08 - [TEST_STEP][PASSED] - Statement - For ([n = 1, n <= batchsize - 1, (n++)]): null

2018-06-09 19:41:08 - [TEST_STEP][PASSED] - Statement - product = new com.kms.katalon.core.testobject.TestObject(): null

2018-06-09 19:41:08 - [TEST_STEP][PASSED] - Statement - product = com.kms.katalon.core.webui.keyword.WebUiBuiltInKeywords.modifyObjectProperty(product, "xpath", "equals", "//*[@id = "fldvendor" + row + ""]", true): Modify property of object successfully

2018-06-09 19:41:08 - [MESSAGE][PASSED] - Modify property of object successfully

2018-06-09 19:41:08 - [TEST_STEP][PASSED] - selectOptionByIndex: All options with index in [1] are selected on object ''

2018-06-09 19:41:09 - [MESSAGE][PASSED] - All options with index in [1] are selected on object ''

2018-06-09 19:41:09 - [TEST_STEP][PASSED] - delay: Delayed 2 second(s)

2018-06-09 19:41:11 - [MESSAGE][PASSED] - Delayed 2 second(s)

2018-06-09 19:41:11 - [TEST_STEP][PASSED] - Statement - batch = new com.kms.katalon.core.testobject.TestObject(): null

2018-06-09 19:41:11 - [TEST_STEP][PASSED] - Statement - batch = com.kms.katalon.core.webui.keyword.WebUiBuiltInKeywords.modifyObjectProperty(batch, "xpath", "equals", "//*[@id = "txtbthqty" + row + ""]", true): Modify property of object successfully

2018-06-09 19:41:11 - [MESSAGE][PASSED] - Modify property of object successfully

2018-06-09 19:41:11 - [TEST_STEP][PASSED] - Statement - batchqty = com.kms.katalon.core.webui.keyword.WebUiBuiltInKeywords.getAttribute(batch, "value").trim(): Attribute 'value' of object '' is: '4000'

2018-06-09 19:41:11 - [MESSAGE][PASSED] - Attribute 'value' of object '' is: '4000'

2018-06-09 19:41:11 - [TEST_STEP][PASSED] - Statement - Rqty = 100: null

2018-06-09 19:41:11 - [TEST_STEP][PASSED] - Statement - out.println("BatchQty : " + batchqty): null

2018-06-09 19:41:11 - [TEST_STEP][PASSED] - Statement - out.println("RQty : " + Rqty): null

2018-06-09 19:41:11 - [TEST_STEP][PASSED] - Statement - If (java.lang.Integer.valueOf(batchqty) >= java.lang.Integer.valueOf(Rqty)): null

2018-06-09 19:41:11 - [TEST_STEP][PASSED] - Statement - Break: null

2018-06-09 19:41:11 - [TEST_STEP][PASSED] - Statement - batchlength = new com.kms.katalon.core.testobject.TestObject(): null

2018-06-09 19:41:11 - [TEST_STEP][PASSED] - Statement - batchlength = com.kms.katalon.core.webui.keyword.WebUiBuiltInKeywords.modifyObjectProperty(batchlength, "xpath", "equals", "//*[@id = "fldvendor" + row + ""]", true): Modify property of object successfully

2018-06-09 19:41:11 - [MESSAGE][PASSED] - Modify property of object successfully

2018-06-09 19:41:11 - [TEST_STEP][PASSED] - Statement - batchsize = com.kms.katalon.core.webui.keyword.WebUiBuiltInKeywords.getNumberOfTotalOption(batchlength): 11 options of object '' counted

2018-06-09 19:41:11 - [MESSAGE][PASSED] - 11 options of object '' counted

2018-06-09 19:41:11 - [TEST_STEP][PASSED] - Statement - out.println("BatchSize : " + batchsize): null

2018-06-09 19:41:11 - [TEST_STEP][PASSED] - Statement - For ([n = 1, n <= batchsize - 1, (n++)]): null

2018-06-09 19:41:11 - [TEST_STEP][PASSED] - Statement - product = new com.kms.katalon.core.testobject.TestObject(): null

2018-06-09 19:41:11 - [TEST_STEP][PASSED] - Statement - product = com.kms.katalon.core.webui.keyword.WebUiBuiltInKeywords.modifyObjectProperty(product, "xpath", "equals", "//*[@id = "fldvendor" + row + ""]", true): Modify property of object successfully

2018-06-09 19:41:11 - [MESSAGE][PASSED] - Modify property of object successfully

2018-06-09 19:41:11 - [TEST_STEP][PASSED] - selectOptionByIndex: All options with index in [1] are selected on object ''

2018-06-09 19:41:11 - [MESSAGE][PASSED] - All options with index in [1] are selected on object ''

2018-06-09 19:41:11 - [TEST_STEP][PASSED] - delay: Delayed 2 second(s)

2018-06-09 19:41:13 - [MESSAGE][PASSED] - Delayed 2 second(s)

2018-06-09 19:41:13 - [TEST_STEP][PASSED] - Statement - batch = new com.kms.katalon.core.testobject.TestObject(): null

2018-06-09 19:41:13 - [TEST_STEP][PASSED] - Statement - batch = com.kms.katalon.core.webui.keyword.WebUiBuiltInKeywords.modifyObjectProperty(batch, "xpath", "equals", "//*[@id = "txtbthqty" + row + ""]", true): Modify property of object successfully

2018-06-09 19:41:13 - [MESSAGE][PASSED] - Modify property of object successfully

2018-06-09 19:41:13 - [TEST_STEP][PASSED] - Statement - batchqty = com.kms.katalon.core.webui.keyword.WebUiBuiltInKeywords.getAttribute(batch, "value").trim(): Attribute 'value' of object '' is: '1200'

2018-06-09 19:41:13 - [MESSAGE][PASSED] - Attribute 'value' of object '' is: '1200'

2018-06-09 19:41:13 - [TEST_STEP][PASSED] - Statement - Rqty = 100: null

2018-06-09 19:41:13 - [TEST_STEP][PASSED] - Statement - out.println("BatchQty : " + batchqty): null

2018-06-09 19:41:13 - [TEST_STEP][PASSED] - Statement - out.println("RQty : " + Rqty): null

2018-06-09 19:41:13 - [TEST_STEP][PASSED] - Statement - If (java.lang.Integer.valueOf(batchqty) >= java.lang.Integer.valueOf(Rqty)): null

2018-06-09 19:41:13 - [TEST_STEP][PASSED] - Statement - Break: null

2018-06-09 19:41:13 - [TEST_STEP][PASSED] - Statement - batchlength = new com.kms.katalon.core.testobject.TestObject(): null

2018-06-09 19:41:13 - [TEST_STEP][PASSED] - Statement - batchlength = com.kms.katalon.core.webui.keyword.WebUiBuiltInKeywords.modifyObjectProperty(batchlength, "xpath", "equals", "//*[@id = "fldvendor" + row + ""]", true): Modify property of object successfully

2018-06-09 19:41:13 - [MESSAGE][PASSED] - Modify property of object successfully

2018-06-09 19:41:13 - [TEST_STEP][PASSED] - Statement - batchsize = com.kms.katalon.core.webui.keyword.WebUiBuiltInKeywords.getNumberOfTotalOption(batchlength): 11 options of object '' counted

2018-06-09 19:41:13 - [MESSAGE][PASSED] - 11 options of object '' counted

2018-06-09 19:41:13 - [TEST_STEP][PASSED] - Statement - out.println("BatchSize : " + batchsize): null

2018-06-09 19:41:13 - [TEST_STEP][PASSED] - Statement - For ([n = 1, n <= batchsize - 1, (n++)]): null

2018-06-09 19:41:13 - [TEST_STEP][PASSED] - Statement - product = new com.kms.katalon.core.testobject.TestObject(): null

2018-06-09 19:41:13 - [TEST_STEP][PASSED] - Statement - product = com.kms.katalon.core.webui.keyword.WebUiBuiltInKeywords.modifyObjectProperty(product, "xpath", "equals", "//*[@id = "fldvendor" + row + ""]", true): Modify property of object successfully

2018-06-09 19:41:13 - [MESSAGE][PASSED] - Modify property of object successfully

2018-06-09 19:41:13 - [TEST_STEP][PASSED] - selectOptionByIndex: All options with index in [1] are selected on object ''

2018-06-09 19:41:13 - [MESSAGE][PASSED] - All options with index in [1] are selected on object ''

2018-06-09 19:41:13 - [TEST_STEP][PASSED] - delay: Delayed 2 second(s)

2018-06-09 19:41:15 - [MESSAGE][PASSED] - Delayed 2 second(s)

2018-06-09 19:41:15 - [TEST_STEP][PASSED] - Statement - batch = new com.kms.katalon.core.testobject.TestObject(): null

2018-06-09 19:41:15 - [TEST_STEP][PASSED] - Statement - batch = com.kms.katalon.core.webui.keyword.WebUiBuiltInKeywords.modifyObjectProperty(batch, "xpath", "equals", "//*[@id = "txtbthqty" + row + ""]", true): Modify property of object successfully

2018-06-09 19:41:15 - [MESSAGE][PASSED] - Modify property of object successfully

2018-06-09 19:41:15 - [TEST_STEP][PASSED] - Statement - batchqty = com.kms.katalon.core.webui.keyword.WebUiBuiltInKeywords.getAttribute(batch, "value").trim(): Attribute 'value' of object '' is: '2200'

2018-06-09 19:41:15 - [MESSAGE][PASSED] - Attribute 'value' of object '' is: '2200'

2018-06-09 19:41:15 - [TEST_STEP][PASSED] - Statement - Rqty = 100: null

2018-06-09 19:41:15 - [TEST_STEP][PASSED] - Statement - out.println("BatchQty : " + batchqty): null

2018-06-09 19:41:15 - [TEST_STEP][PASSED] - Statement - out.println("RQty : " + Rqty): null

2018-06-09 19:41:15 - [TEST_STEP][PASSED] - Statement - If (java.lang.Integer.valueOf(batchqty) >= java.lang.Integer.valueOf(Rqty)): null

2018-06-09 19:41:15 - [TEST_STEP][PASSED] - Statement - Break: null

2018-06-09 19:41:15 - [TEST_STEP][PASSED] - Statement - batchlength = new com.kms.katalon.core.testobject.TestObject(): null

2018-06-09 19:41:15 - [TEST_STEP][PASSED] - Statement - batchlength = com.kms.katalon.core.webui.keyword.WebUiBuiltInKeywords.modifyObjectProperty(batchlength, "xpath", "equals", "//*[@id = "fldvendor" + row + ""]", true): Modify property of object successfully

2018-06-09 19:41:15 - [MESSAGE][PASSED] - Modify property of object successfully

2018-06-09 19:41:15 - [TEST_STEP][PASSED] - Statement - batchsize = com.kms.katalon.core.webui.keyword.WebUiBuiltInKeywords.getNumberOfTotalOption(batchlength): 11 options of object '' counted

2018-06-09 19:41:15 - [MESSAGE][PASSED] - 11 options of object '' counted

2018-06-09 19:41:15 - [TEST_STEP][PASSED] - Statement - out.println("BatchSize : " + batchsize): null

2018-06-09 19:41:15 - [TEST_STEP][PASSED] - Statement - For ([n = 1, n <= batchsize - 1, (n++)]): null

2018-06-09 19:41:15 - [TEST_STEP][PASSED] - Statement - product = new com.kms.katalon.core.testobject.TestObject(): null

2018-06-09 19:41:15 - [TEST_STEP][PASSED] - Statement - product = com.kms.katalon.core.webui.keyword.WebUiBuiltInKeywords.modifyObjectProperty(product, "xpath", "equals", "//*[@id = "fldvendor" + row + ""]", true): Modify property of object successfully

2018-06-09 19:41:15 - [MESSAGE][PASSED] - Modify property of object successfully

2018-06-09 19:41:15 - [TEST_STEP][PASSED] - selectOptionByIndex: All options with index in [1] are selected on object ''

2018-06-09 19:41:15 - [MESSAGE][PASSED] - All options with index in [1] are selected on object ''

2018-06-09 19:41:15 - [TEST_STEP][PASSED] - delay: Delayed 2 second(s)

2018-06-09 19:41:17 - [MESSAGE][PASSED] - Delayed 2 second(s)

2018-06-09 19:41:17 - [TEST_STEP][PASSED] - Statement - batch = new com.kms.katalon.core.testobject.TestObject(): null

2018-06-09 19:41:17 - [TEST_STEP][PASSED] - Statement - batch = com.kms.katalon.core.webui.keyword.WebUiBuiltInKeywords.modifyObjectProperty(batch, "xpath", "equals", "//*[@id = "txtbthqty" + row + ""]", true): Modify property of object successfully

2018-06-09 19:41:17 - [MESSAGE][PASSED] - Modify property of object successfully

2018-06-09 19:41:17 - [TEST_STEP][PASSED] - Statement - batchqty = com.kms.katalon.core.webui.keyword.WebUiBuiltInKeywords.getAttribute(batch, "value").trim(): Attribute 'value' of object '' is: '3000'

2018-06-09 19:41:17 - [MESSAGE][PASSED] - Attribute 'value' of object '' is: '3000'

2018-06-09 19:41:17 - [TEST_STEP][PASSED] - Statement - Rqty = 100: null

2018-06-09 19:41:17 - [TEST_STEP][PASSED] - Statement - out.println("BatchQty : " + batchqty): null

2018-06-09 19:41:17 - [TEST_STEP][PASSED] - Statement - out.println("RQty : " + Rqty): null

2018-06-09 19:41:17 - [TEST_STEP][PASSED] - Statement - If (java.lang.Integer.valueOf(batchqty) >= java.lang.Integer.valueOf(Rqty)): null

2018-06-09 19:41:17 - [TEST_STEP][PASSED] - Statement - Break: null

2018-06-09 19:41:17 - [TEST_STEP][PASSED] - Statement - batchlength = new com.kms.katalon.core.testobject.TestObject(): null

2018-06-09 19:41:17 - [TEST_STEP][PASSED] - Statement - batchlength = com.kms.katalon.core.webui.keyword.WebUiBuiltInKeywords.modifyObjectProperty(batchlength, "xpath", "equals", "//*[@id = "fldvendor" + row + ""]", true): Modify property of object successfully

2018-06-09 19:41:17 - [MESSAGE][PASSED] - Modify property of object successfully

2018-06-09 19:41:17 - [TEST_STEP][PASSED] - Statement - batchsize = com.kms.katalon.core.webui.keyword.WebUiBuiltInKeywords.getNumberOfTotalOption(batchlength): 11 options of object '' counted

2018-06-09 19:41:17 - [MESSAGE][PASSED] - 11 options of object '' counted

2018-06-09 19:41:17 - [TEST_STEP][PASSED] - Statement - out.println("BatchSize : " + batchsize): null

2018-06-09 19:41:17 - [TEST_STEP][PASSED] - Statement - For ([n = 1, n <= batchsize - 1, (n++)]): null

2018-06-09 19:41:17 - [TEST_STEP][PASSED] - Statement - product = new com.kms.katalon.core.testobject.TestObject(): null

2018-06-09 19:41:17 - [TEST_STEP][PASSED] - Statement - product = com.kms.katalon.core.webui.keyword.WebUiBuiltInKeywords.modifyObjectProperty(product, "xpath", "equals", "//*[@id = "fldvendor" + row + ""]", true): Modify property of object successfully

2018-06-09 19:41:17 - [MESSAGE][PASSED] - Modify property of object successfully

2018-06-09 19:41:17 - [TEST_STEP][PASSED] - selectOptionByIndex: All options with index in [1] are selected on object ''

2018-06-09 19:41:18 - [MESSAGE][PASSED] - All options with index in [1] are selected on object ''

2018-06-09 19:41:18 - [TEST_STEP][PASSED] - delay: Delayed 2 second(s)

2018-06-09 19:41:20 - [MESSAGE][PASSED] - Delayed 2 second(s)

2018-06-09 19:41:20 - [TEST_STEP][PASSED] - Statement - batch = new com.kms.katalon.core.testobject.TestObject(): null

2018-06-09 19:41:20 - [TEST_STEP][PASSED] - Statement - batch = com.kms.katalon.core.webui.keyword.WebUiBuiltInKeywords.modifyObjectProperty(batch, "xpath", "equals", "//*[@id = "txtbthqty" + row + ""]", true): Modify property of object successfully

2018-06-09 19:41:20 - [MESSAGE][PASSED] - Modify property of object successfully

2018-06-09 19:41:20 - [TEST_STEP][PASSED] - Statement - batchqty = com.kms.katalon.core.webui.keyword.WebUiBuiltInKeywords.getAttribute(batch, "value").trim(): Attribute 'value' of object '' is: '3300'

2018-06-09 19:41:20 - [MESSAGE][PASSED] - Attribute 'value' of object '' is: '3300'

2018-06-09 19:41:20 - [TEST_STEP][PASSED] - Statement - Rqty = 100: null

2018-06-09 19:41:20 - [TEST_STEP][PASSED] - Statement - out.println("BatchQty : " + batchqty): null

2018-06-09 19:41:20 - [TEST_STEP][PASSED] - Statement - out.println("RQty : " + Rqty): null

2018-06-09 19:41:20 - [TEST_STEP][PASSED] - Statement - If (java.lang.Integer.valueOf(batchqty) >= java.lang.Integer.valueOf(Rqty)): null

2018-06-09 19:41:20 - [TEST_STEP][PASSED] - Statement - Break: null

2018-06-09 19:41:20 - [TEST_STEP][PASSED] - Statement - batchlength = new com.kms.katalon.core.testobject.TestObject(): null

2018-06-09 19:41:20 - [TEST_STEP][PASSED] - Statement - batchlength = com.kms.katalon.core.webui.keyword.WebUiBuiltInKeywords.modifyObjectProperty(batchlength, "xpath", "equals", "//*[@id = "fldvendor" + row + ""]", true): Modify property of object successfully

2018-06-09 19:41:20 - [MESSAGE][PASSED] - Modify property of object successfully

2018-06-09 19:41:20 - [TEST_STEP][PASSED] - Statement - batchsize = com.kms.katalon.core.webui.keyword.WebUiBuiltInKeywords.getNumberOfTotalOption(batchlength): 11 options of object '' counted

2018-06-09 19:41:20 - [MESSAGE][PASSED] - 11 options of object '' counted

2018-06-09 19:41:20 - [TEST_STEP][PASSED] - Statement - out.println("BatchSize : " + batchsize): null

2018-06-09 19:41:20 - [TEST_STEP][PASSED] - Statement - For ([n = 1, n <= batchsize - 1, (n++)]): null

2018-06-09 19:41:20 - [TEST_STEP][PASSED] - Statement - product = new com.kms.katalon.core.testobject.TestObject(): null

2018-06-09 19:41:20 - [TEST_STEP][PASSED] - Statement - product = com.kms.katalon.core.webui.keyword.WebUiBuiltInKeywords.modifyObjectProperty(product, "xpath", "equals", "//*[@id = "fldvendor" + row + ""]", true): Modify property of object successfully

2018-06-09 19:41:20 - [MESSAGE][PASSED] - Modify property of object successfully

2018-06-09 19:41:20 - [TEST_STEP][PASSED] - selectOptionByIndex: All options with index in [1] are selected on object ''

2018-06-09 19:41:20 - [MESSAGE][PASSED] - All options with index in [1] are selected on object ''

2018-06-09 19:41:20 - [TEST_STEP][PASSED] - delay: Delayed 2 second(s)

2018-06-09 19:41:22 - [MESSAGE][PASSED] - Delayed 2 second(s)

2018-06-09 19:41:22 - [TEST_STEP][PASSED] - Statement - batch = new com.kms.katalon.core.testobject.TestObject(): null

2018-06-09 19:41:22 - [TEST_STEP][PASSED] - Statement - batch = com.kms.katalon.core.webui.keyword.WebUiBuiltInKeywords.modifyObjectProperty(batch, "xpath", "equals", "//*[@id = "txtbthqty" + row + ""]", true): Modify property of object successfully

2018-06-09 19:41:22 - [MESSAGE][PASSED] - Modify property of object successfully

2018-06-09 19:41:22 - [TEST_STEP][PASSED] - Statement - batchqty = com.kms.katalon.core.webui.keyword.WebUiBuiltInKeywords.getAttribute(batch, "value").trim(): Attribute 'value' of object '' is: '2200'

2018-06-09 19:41:22 - [MESSAGE][PASSED] - Attribute 'value' of object '' is: '2200'

2018-06-09 19:41:22 - [TEST_STEP][PASSED] - Statement - Rqty = 100: null

2018-06-09 19:41:22 - [TEST_STEP][PASSED] - Statement - out.println("BatchQty : " + batchqty): null

2018-06-09 19:41:22 - [TEST_STEP][PASSED] - Statement - out.println("RQty : " + Rqty): null

2018-06-09 19:41:22 - [TEST_STEP][PASSED] - Statement - If (java.lang.Integer.valueOf(batchqty) >= java.lang.Integer.valueOf(Rqty)): null

2018-06-09 19:41:22 - [TEST_STEP][PASSED] - Statement - Break: null

2018-06-09 19:41:22 - [TEST_STEP][PASSED] - Statement - batchlength = new com.kms.katalon.core.testobject.TestObject(): null

2018-06-09 19:41:22 - [TEST_STEP][PASSED] - Statement - batchlength = com.kms.katalon.core.webui.keyword.WebUiBuiltInKeywords.modifyObjectProperty(batchlength, "xpath", "equals", "//*[@id = "fldvendor" + row + ""]", true): Modify property of object successfully

2018-06-09 19:41:22 - [MESSAGE][PASSED] - Modify property of object successfully

2018-06-09 19:41:22 - [TEST_STEP][PASSED] - Statement - batchsize = com.kms.katalon.core.webui.keyword.WebUiBuiltInKeywords.getNumberOfTotalOption(batchlength): 11 options of object '' counted

2018-06-09 19:41:22 - [MESSAGE][PASSED] - 11 options of object '' counted

2018-06-09 19:41:22 - [TEST_STEP][PASSED] - Statement - out.println("BatchSize : " + batchsize): null

2018-06-09 19:41:22 - [TEST_STEP][PASSED] - Statement - For ([n = 1, n <= batchsize - 1, (n++)]): null

2018-06-09 19:41:22 - [TEST_STEP][PASSED] - Statement - product = new com.kms.katalon.core.testobject.TestObject(): null

2018-06-09 19:41:22 - [TEST_STEP][PASSED] - Statement - product = com.kms.katalon.core.webui.keyword.WebUiBuiltInKeywords.modifyObjectProperty(product, "xpath", "equals", "//*[@id = "fldvendor" + row + ""]", true): Modify property of object successfully

2018-06-09 19:41:22 - [MESSAGE][PASSED] - Modify property of object successfully

2018-06-09 19:41:22 - [TEST_STEP][PASSED] - selectOptionByIndex: All options with index in [1] are selected on object ''

2018-06-09 19:41:22 - [MESSAGE][PASSED] - All options with index in [1] are selected on object ''

2018-06-09 19:41:22 - [TEST_STEP][PASSED] - delay: Delayed 2 second(s)

2018-06-09 19:41:24 - [MESSAGE][PASSED] - Delayed 2 second(s)

2018-06-09 19:41:24 - [TEST_STEP][PASSED] - Statement - batch = new com.kms.katalon.core.testobject.TestObject(): null

2018-06-09 19:41:24 - [TEST_STEP][PASSED] - Statement - batch = com.kms.katalon.core.webui.keyword.WebUiBuiltInKeywords.modifyObjectProperty(batch, "xpath", "equals", "//*[@id = "txtbthqty" + row + ""]", true): Modify property of object successfully

2018-06-09 19:41:24 - [MESSAGE][PASSED] - Modify property of object successfully

2018-06-09 19:41:24 - [TEST_STEP][PASSED] - Statement - batchqty = com.kms.katalon.core.webui.keyword.WebUiBuiltInKeywords.getAttribute(batch, "value").trim(): Attribute 'value' of object '' is: '3300'

2018-06-09 19:41:24 - [MESSAGE][PASSED] - Attribute 'value' of object '' is: '3300'

2018-06-09 19:41:24 - [TEST_STEP][PASSED] - Statement - Rqty = 100: null

2018-06-09 19:41:24 - [TEST_STEP][PASSED] - Statement - out.println("BatchQty : " + batchqty): null

2018-06-09 19:41:24 - [TEST_STEP][PASSED] - Statement - out.println("RQty : " + Rqty): null

2018-06-09 19:41:24 - [TEST_STEP][PASSED] - Statement - If (java.lang.Integer.valueOf(batchqty) >= java.lang.Integer.valueOf(Rqty)): null

2018-06-09 19:41:24 - [TEST_STEP][PASSED] - Statement - Break: null

2018-06-09 19:41:24 - [TEST_STEP][PASSED] - Statement - batchlength = new com.kms.katalon.core.testobject.TestObject(): null

2018-06-09 19:41:24 - [TEST_STEP][PASSED] - Statement - batchlength = com.kms.katalon.core.webui.keyword.WebUiBuiltInKeywords.modifyObjectProperty(batchlength, "xpath", "equals", "//*[@id = "fldvendor" + row + ""]", true): Modify property of object successfully

2018-06-09 19:41:24 - [MESSAGE][PASSED] - Modify property of object successfully

2018-06-09 19:41:24 - [TEST_STEP][PASSED] - Statement - batchsize = com.kms.katalon.core.webui.keyword.WebUiBuiltInKeywords.getNumberOfTotalOption(batchlength): 11 options of object '' counted

2018-06-09 19:41:24 - [MESSAGE][PASSED] - 11 options of object '' counted

2018-06-09 19:41:24 - [TEST_STEP][PASSED] - Statement - out.println("BatchSize : " + batchsize): null

2018-06-09 19:41:24 - [TEST_STEP][PASSED] - Statement - For ([n = 1, n <= batchsize - 1, (n++)]): null

2018-06-09 19:41:24 - [TEST_STEP][PASSED] - Statement - product = new com.kms.katalon.core.testobject.TestObject(): null

2018-06-09 19:41:24 - [TEST_STEP][PASSED] - Statement - product = com.kms.katalon.core.webui.keyword.WebUiBuiltInKeywords.modifyObjectProperty(product, "xpath", "equals", "//*[@id = "fldvendor" + row + ""]", true): Modify property of object successfully

2018-06-09 19:41:24 - [MESSAGE][PASSED] - Modify property of object successfully

2018-06-09 19:41:24 - [TEST_STEP][PASSED] - selectOptionByIndex: All options with index in [1] are selected on object ''

2018-06-09 19:41:24 - [MESSAGE][PASSED] - All options with index in [1] are selected on object ''

2018-06-09 19:41:24 - [TEST_STEP][PASSED] - delay: Delayed 2 second(s)

2018-06-09 19:41:26 - [MESSAGE][PASSED] - Delayed 2 second(s)

2018-06-09 19:41:26 - [TEST_STEP][PASSED] - Statement - batch = new com.kms.katalon.core.testobject.TestObject(): null

2018-06-09 19:41:26 - [TEST_STEP][PASSED] - Statement - batch = com.kms.katalon.core.webui.keyword.WebUiBuiltInKeywords.modifyObjectProperty(batch, "xpath", "equals", "//*[@id = "txtbthqty" + row + ""]", true): Modify property of object successfully

2018-06-09 19:41:26 - [MESSAGE][PASSED] - Modify property of object successfully

2018-06-09 19:41:26 - [TEST_STEP][PASSED] - Statement - batchqty = com.kms.katalon.core.webui.keyword.WebUiBuiltInKeywords.getAttribute(batch, "value").trim(): Attribute 'value' of object '' is: '36100'

2018-06-09 19:41:26 - [MESSAGE][PASSED] - Attribute 'value' of object '' is: '36100'

2018-06-09 19:41:26 - [TEST_STEP][PASSED] - Statement - Rqty = 100: null

2018-06-09 19:41:26 - [TEST_STEP][PASSED] - Statement - out.println("BatchQty : " + batchqty): null

2018-06-09 19:41:26 - [TEST_STEP][PASSED] - Statement - out.println("RQty : " + Rqty): null

2018-06-09 19:41:26 - [TEST_STEP][PASSED] - Statement - If (java.lang.Integer.valueOf(batchqty) >= java.lang.Integer.valueOf(Rqty)): null

2018-06-09 19:41:26 - [TEST_STEP][PASSED] - Statement - Break: null

2018-06-09 19:41:26 - [TEST_STEP][PASSED] - Statement - batchlength = new com.kms.katalon.core.testobject.TestObject(): null

2018-06-09 19:41:26 - [TEST_STEP][PASSED] - Statement - batchlength = com.kms.katalon.core.webui.keyword.WebUiBuiltInKeywords.modifyObjectProperty(batchlength, "xpath", "equals", "//*[@id = "fldvendor" + row + ""]", true): Modify property of object successfully

2018-06-09 19:41:26 - [MESSAGE][PASSED] - Modify property of object successfully

2018-06-09 19:41:26 - [TEST_STEP][PASSED] - Statement - batchsize = com.kms.katalon.core.webui.keyword.WebUiBuiltInKeywords.getNumberOfTotalOption(batchlength): 11 options of object '' counted

2018-06-09 19:41:26 - [MESSAGE][PASSED] - 11 options of object '' counted

2018-06-09 19:41:26 - [TEST_STEP][PASSED] - Statement - out.println("BatchSize : " + batchsize): null

2018-06-09 19:41:26 - [TEST_STEP][PASSED] - Statement - For ([n = 1, n <= batchsize - 1, (n++)]): null

2018-06-09 19:41:26 - [TEST_STEP][PASSED] - Statement - product = new com.kms.katalon.core.testobject.TestObject(): null

2018-06-09 19:41:26 - [TEST_STEP][PASSED] - Statement - product = com.kms.katalon.core.webui.keyword.WebUiBuiltInKeywords.modifyObjectProperty(product, "xpath", "equals", "//*[@id = "fldvendor" + row + ""]", true): Modify property of object successfully

2018-06-09 19:41:26 - [MESSAGE][PASSED] - Modify property of object successfully

2018-06-09 19:41:26 - [TEST_STEP][PASSED] - selectOptionByIndex: All options with index in [1] are selected on object ''

2018-06-09 19:41:27 - [MESSAGE][PASSED] - All options with index in [1] are selected on object ''

2018-06-09 19:41:27 - [TEST_STEP][PASSED] - delay: Delayed 2 second(s)

2018-06-09 19:41:29 - [MESSAGE][PASSED] - Delayed 2 second(s)

2018-06-09 19:41:29 - [TEST_STEP][PASSED] - Statement - batch = new com.kms.katalon.core.testobject.TestObject(): null

2018-06-09 19:41:29 - [TEST_STEP][PASSED] - Statement - batch = com.kms.katalon.core.webui.keyword.WebUiBuiltInKeywords.modifyObjectProperty(batch, "xpath", "equals", "//*[@id = "txtbthqty" + row + ""]", true): Modify property of object successfully

2018-06-09 19:41:29 - [MESSAGE][PASSED] - Modify property of object successfully

2018-06-09 19:41:29 - [TEST_STEP][PASSED] - Statement - batchqty = com.kms.katalon.core.webui.keyword.WebUiBuiltInKeywords.getAttribute(batch, "value").trim(): Attribute 'value' of object '' is: '1200'

2018-06-09 19:41:29 - [MESSAGE][PASSED] - Attribute 'value' of object '' is: '1200'

2018-06-09 19:41:29 - [TEST_STEP][PASSED] - Statement - Rqty = 100: null

2018-06-09 19:41:29 - [TEST_STEP][PASSED] - Statement - out.println("BatchQty : " + batchqty): null

2018-06-09 19:41:29 - [TEST_STEP][PASSED] - Statement - out.println("RQty : " + Rqty): null

2018-06-09 19:41:29 - [TEST_STEP][PASSED] - Statement - If (java.lang.Integer.valueOf(batchqty) >= java.lang.Integer.valueOf(Rqty)): null

2018-06-09 19:41:29 - [TEST_STEP][PASSED] - Statement - Break: null

2018-06-09 19:41:29 - [TEST_STEP][PASSED] - Statement - batchlength = new com.kms.katalon.core.testobject.TestObject(): null

2018-06-09 19:41:29 - [TEST_STEP][PASSED] - Statement - batchlength = com.kms.katalon.core.webui.keyword.WebUiBuiltInKeywords.modifyObjectProperty(batchlength, "xpath", "equals", "//*[@id = "fldvendor" + row + ""]", true): Modify property of object successfully

2018-06-09 19:41:29 - [MESSAGE][PASSED] - Modify property of object successfully

2018-06-09 19:41:29 - [TEST_STEP][PASSED] - Statement - batchsize = com.kms.katalon.core.webui.keyword.WebUiBuiltInKeywords.getNumberOfTotalOption(batchlength): 11 options of object '' counted

2018-06-09 19:41:29 - [MESSAGE][PASSED] - 11 options of object '' counted

2018-06-09 19:41:29 - [TEST_STEP][PASSED] - Statement - out.println("BatchSize : " + batchsize): null

2018-06-09 19:41:29 - [TEST_STEP][PASSED] - Statement - For ([n = 1, n <= batchsize - 1, (n++)]): null

2018-06-09 19:41:29 - [TEST_STEP][PASSED] - Statement - product = new com.kms.katalon.core.testobject.TestObject(): null

2018-06-09 19:41:29 - [TEST_STEP][PASSED] - Statement - product = com.kms.katalon.core.webui.keyword.WebUiBuiltInKeywords.modifyObjectProperty(product, "xpath", "equals", "//*[@id = "fldvendor" + row + ""]", true): Modify property of object successfully

2018-06-09 19:41:29 - [MESSAGE][PASSED] - Modify property of object successfully

2018-06-09 19:41:29 - [TEST_STEP][PASSED] - selectOptionByIndex: All options with index in [1] are selected on object ''

2018-06-09 19:41:29 - [MESSAGE][PASSED] - All options with index in [1] are selected on object ''

2018-06-09 19:41:29 - [TEST_STEP][PASSED] - delay: Delayed 2 second(s)

2018-06-09 19:41:31 - [MESSAGE][PASSED] - Delayed 2 second(s)

2018-06-09 19:41:31 - [TEST_STEP][PASSED] - Statement - batch = new com.kms.katalon.core.testobject.TestObject(): null

2018-06-09 19:41:31 - [TEST_STEP][PASSED] - Statement - batch = com.kms.katalon.core.webui.keyword.WebUiBuiltInKeywords.modifyObjectProperty(batch, "xpath", "equals", "//*[@id = "txtbthqty" + row + ""]", true): Modify property of object successfully

2018-06-09 19:41:31 - [MESSAGE][PASSED] - Modify property of object successfully

2018-06-09 19:41:31 - [TEST_STEP][PASSED] - Statement - batchqty = com.kms.katalon.core.webui.keyword.WebUiBuiltInKeywords.getAttribute(batch, "value").trim(): Attribute 'value' of object '' is: '2200'

2018-06-09 19:41:31 - [MESSAGE][PASSED] - Attribute 'value' of object '' is: '2200'

2018-06-09 19:41:31 - [TEST_STEP][PASSED] - Statement - Rqty = 100: null

2018-06-09 19:41:31 - [TEST_STEP][PASSED] - Statement - out.println("BatchQty : " + batchqty): null

2018-06-09 19:41:31 - [TEST_STEP][PASSED] - Statement - out.println("RQty : " + Rqty): null

2018-06-09 19:41:31 - [TEST_STEP][PASSED] - Statement - If (java.lang.Integer.valueOf(batchqty) >= java.lang.Integer.valueOf(Rqty)): null

2018-06-09 19:41:31 - [TEST_STEP][PASSED] - Statement - Break: null

2018-06-09 19:41:31 - [TEST_STEP][PASSED] - Statement - batchlength = new com.kms.katalon.core.testobject.TestObject(): null

2018-06-09 19:41:31 - [TEST_STEP][PASSED] - Statement - batchlength = com.kms.katalon.core.webui.keyword.WebUiBuiltInKeywords.modifyObjectProperty(batchlength, "xpath", "equals", "//*[@id = "fldvendor" + row + ""]", true): Modify property of object successfully

2018-06-09 19:41:31 - [MESSAGE][PASSED] - Modify property of object successfully

2018-06-09 19:41:31 - [TEST_STEP][PASSED] - Statement - batchsize = com.kms.katalon.core.webui.keyword.WebUiBuiltInKeywords.getNumberOfTotalOption(batchlength): 11 options of object '' counted

2018-06-09 19:41:31 - [MESSAGE][PASSED] - 11 options of object '' counted

2018-06-09 19:41:31 - [TEST_STEP][PASSED] - Statement - out.println("BatchSize : " + batchsize): null

2018-06-09 19:41:31 - [TEST_STEP][PASSED] - Statement - For ([n = 1, n <= batchsize - 1, (n++)]): null

2018-06-09 19:41:31 - [TEST_STEP][PASSED] - Statement - product = new com.kms.katalon.core.testobject.TestObject(): null

2018-06-09 19:41:31 - [TEST_STEP][PASSED] - Statement - product = com.kms.katalon.core.webui.keyword.WebUiBuiltInKeywords.modifyObjectProperty(product, "xpath", "equals", "//*[@id = "fldvendor" + row + ""]", true): Modify property of object successfully

2018-06-09 19:41:31 - [MESSAGE][PASSED] - Modify property of object successfully

2018-06-09 19:41:31 - [TEST_STEP][PASSED] - selectOptionByIndex: All options with index in [1] are selected on object ''

2018-06-09 19:41:31 - [MESSAGE][PASSED] - All options with index in [1] are selected on object ''

2018-06-09 19:41:31 - [TEST_STEP][PASSED] - delay: Delayed 2 second(s)

2018-06-09 19:41:33 - [MESSAGE][PASSED] - Delayed 2 second(s)

2018-06-09 19:41:33 - [TEST_STEP][PASSED] - Statement - batch = new com.kms.katalon.core.testobject.TestObject(): null

2018-06-09 19:41:33 - [TEST_STEP][PASSED] - Statement - batch = com.kms.katalon.core.webui.keyword.WebUiBuiltInKeywords.modifyObjectProperty(batch, "xpath", "equals", "//*[@id = "txtbthqty" + row + ""]", true): Modify property of object successfully

2018-06-09 19:41:33 - [MESSAGE][PASSED] - Modify property of object successfully

2018-06-09 19:41:33 - [TEST_STEP][PASSED] - Statement - batchqty = com.kms.katalon.core.webui.keyword.WebUiBuiltInKeywords.getAttribute(batch, "value").trim(): Attribute 'value' of object '' is: '4500'

2018-06-09 19:41:33 - [MESSAGE][PASSED] - Attribute 'value' of object '' is: '4500'

2018-06-09 19:41:33 - [TEST_STEP][PASSED] - Statement - Rqty = 100: null

2018-06-09 19:41:33 - [TEST_STEP][PASSED] - Statement - out.println("BatchQty : " + batchqty): null

2018-06-09 19:41:33 - [TEST_STEP][PASSED] - Statement - out.println("RQty : " + Rqty): null

2018-06-09 19:41:33 - [TEST_STEP][PASSED] - Statement - If (java.lang.Integer.valueOf(batchqty) >= java.lang.Integer.valueOf(Rqty)): null

2018-06-09 19:41:33 - [TEST_STEP][PASSED] - Statement - Break: null

2018-06-09 19:41:33 - [TEST_STEP][PASSED] - Statement - batchlength = new com.kms.katalon.core.testobject.TestObject(): null

2018-06-09 19:41:33 - [TEST_STEP][PASSED] - Statement - batchlength = com.kms.katalon.core.webui.keyword.WebUiBuiltInKeywords.modifyObjectProperty(batchlength, "xpath", "equals", "//*[@id = "fldvendor" + row + ""]", true): Modify property of object successfully

2018-06-09 19:41:33 - [MESSAGE][PASSED] - Modify property of object successfully

2018-06-09 19:41:33 - [TEST_STEP][PASSED] - Statement - batchsize = com.kms.katalon.core.webui.keyword.WebUiBuiltInKeywords.getNumberOfTotalOption(batchlength): 11 options of object '' counted

2018-06-09 19:41:33 - [MESSAGE][PASSED] - 11 options of object '' counted

2018-06-09 19:41:33 - [TEST_STEP][PASSED] - Statement - out.println("BatchSize : " + batchsize): null

2018-06-09 19:41:33 - [TEST_STEP][PASSED] - Statement - For ([n = 1, n <= batchsize - 1, (n++)]): null

2018-06-09 19:41:33 - [TEST_STEP][PASSED] - Statement - product = new com.kms.katalon.core.testobject.TestObject(): null

2018-06-09 19:41:33 - [TEST_STEP][PASSED] - Statement - product = com.kms.katalon.core.webui.keyword.WebUiBuiltInKeywords.modifyObjectProperty(product, "xpath", "equals", "//*[@id = "fldvendor" + row + ""]", true): Modify property of object successfully

2018-06-09 19:41:33 - [MESSAGE][PASSED] - Modify property of object successfully

2018-06-09 19:41:33 - [TEST_STEP][PASSED] - selectOptionByIndex: All options with index in [1] are selected on object ''

2018-06-09 19:41:33 - [MESSAGE][PASSED] - All options with index in [1] are selected on object ''

2018-06-09 19:41:33 - [TEST_STEP][PASSED] - delay: Delayed 2 second(s)

2018-06-09 19:41:35 - [MESSAGE][PASSED] - Delayed 2 second(s)

2018-06-09 19:41:35 - [TEST_STEP][PASSED] - Statement - batch = new com.kms.katalon.core.testobject.TestObject(): null

2018-06-09 19:41:35 - [TEST_STEP][PASSED] - Statement - batch = com.kms.katalon.core.webui.keyword.WebUiBuiltInKeywords.modifyObjectProperty(batch, "xpath", "equals", "//*[@id = "txtbthqty" + row + ""]", true): Modify property of object successfully

2018-06-09 19:41:35 - [MESSAGE][PASSED] - Modify property of object successfully

2018-06-09 19:41:35 - [TEST_STEP][PASSED] - Statement - batchqty = com.kms.katalon.core.webui.keyword.WebUiBuiltInKeywords.getAttribute(batch, "value").trim(): Attribute 'value' of object '' is: '36100'

2018-06-09 19:41:35 - [MESSAGE][PASSED] - Attribute 'value' of object '' is: '36100'

2018-06-09 19:41:35 - [TEST_STEP][PASSED] - Statement - Rqty = 100: null

2018-06-09 19:41:35 - [TEST_STEP][PASSED] - Statement - out.println("BatchQty : " + batchqty): null

2018-06-09 19:41:35 - [TEST_STEP][PASSED] - Statement - out.println("RQty : " + Rqty): null

2018-06-09 19:41:35 - [TEST_STEP][PASSED] - Statement - If (java.lang.Integer.valueOf(batchqty) >= java.lang.Integer.valueOf(Rqty)): null

2018-06-09 19:41:35 - [TEST_STEP][PASSED] - Statement - Break: null

2018-06-09 19:41:35 - [TEST_STEP][PASSED] - click: Object: 'Object Repository/store Request Schedule 1/Page_KDMC - CMS/input_btndispatch' is clicked on

2018-06-09 19:41:36 - [MESSAGE][PASSED] - Object: 'Object Repository/store Request Schedule 1/Page_KDMC - CMS/input_btndispatch' is clicked on

2018-06-09 19:41:36 - [TEST_STEP][PASSED] - waitForElementVisible: Object 'Object Repository/store Request Schedule 1/Page_KDMC - CMS/button_OK' is visible

2018-06-09 19:41:37 - [MESSAGE][PASSED] - Object 'Object Repository/store Request Schedule 1/Page_KDMC - CMS/button_OK' is visible

2018-06-09 19:41:37 - [TEST_STEP][PASSED] - click: Object: 'Object Repository/store Request Schedule 1/Page_KDMC - CMS/button_OK' is clicked on

2018-06-09 19:41:38 - [MESSAGE][PASSED] - Object: 'Object Repository/store Request Schedule 1/Page_KDMC - CMS/button_OK' is clicked on

2018-06-09 19:41:38 - [TEST_STEP][PASSED] - delay: Delayed 3 second(s)

2018-06-09 19:41:41 - [MESSAGE][PASSED] - Delayed 3 second(s)

2018-06-09 19:41:41 - [TEST_STEP][PASSED] - click: Object: 'Object Repository/store Request Schedule 1/Page_KDMC - CMS/a_dropdown-toggle' is clicked on

2018-06-09 19:41:41 - [MESSAGE][PASSED] - Object: 'Object Repository/store Request Schedule 1/Page_KDMC - CMS/a_dropdown-toggle' is clicked on

2018-06-09 19:41:41 - [TEST_STEP][PASSED] - click: Object: 'Object Repository/store Request Schedule 1/Page_KDMC - CMS/a_Sign out' is clicked on

2018-06-09 19:41:41 - [MESSAGE][PASSED] - Object: 'Object Repository/store Request Schedule 1/Page_KDMC - CMS/a_Sign out' is clicked on

2018-06-09 19:41:41 - [TEST_STEP][PASSED] - delay: Delayed 3 second(s)

2018-06-09 19:41:44 - [MESSAGE][PASSED] - Delayed 3 second(s)

2018-06-09 19:41:44 - [TEST_STEP][PASSED] - click: Object: 'Object Repository/Store Request Schedule 1/Page_KDMC/a_Divisional Store' is clicked on

2018-06-09 19:41:45 - [MESSAGE][PASSED] - Object: 'Object Repository/Store Request Schedule 1/Page_KDMC/a_Divisional Store' is clicked on

2018-06-09 19:41:45 - [TEST_STEP][PASSED] - setText: Text 'ragu' is set on object 'Object Repository/Store Request Schedule 1/Page_Divisonal Store Login/input_txtusername'

2018-06-09 19:41:45 - [MESSAGE][PASSED] - Text 'ragu' is set on object 'Object Repository/Store Request Schedule 1/Page_Divisonal Store Login/input_txtusername'

2018-06-09 19:41:45 - [TEST_STEP][PASSED] - setText: Text '123' is set on object 'Object Repository/Store Request Schedule 1/Page_Divisonal Store Login/input_txtpassword'

2018-06-09 19:41:45 - [MESSAGE][PASSED] - Text '123' is set on object 'Object Repository/Store Request Schedule 1/Page_Divisonal Store Login/input_txtpassword'

2018-06-09 19:41:45 - [TEST_STEP][PASSED] - delay: Delayed 3 second(s)

2018-06-09 19:41:48 - [MESSAGE][PASSED] - Delayed 3 second(s)

2018-06-09 19:41:48 - [TEST_STEP][PASSED] - click: Object: 'Object Repository/Store Request Schedule 1/Page_Divisonal Store Login/button_Sign in' is clicked on

2018-06-09 19:41:49 - [MESSAGE][PASSED] - Object: 'Object Repository/Store Request Schedule 1/Page_Divisonal Store Login/button_Sign in' is clicked on

2018-06-09 19:41:49 - [TEST_STEP][PASSED] - delay: Delayed 3 second(s)

2018-06-09 19:41:52 - [MESSAGE][PASSED] - Delayed 3 second(s)

2018-06-09 19:41:52 - [TEST_STEP][PASSED] - click: Object: 'Object Repository/Store Request Schedule 1/Page_Store/a_CMS' is clicked on

2018-06-09 19:41:52 - [MESSAGE][PASSED] - Object: 'Object Repository/Store Request Schedule 1/Page_Store/a_CMS' is clicked on

2018-06-09 19:41:52 - [TEST_STEP][PASSED] - delay: Delayed 2 second(s)

2018-06-09 19:41:54 - [MESSAGE][PASSED] - Delayed 2 second(s)

2018-06-09 19:41:54 - [TEST_STEP][PASSED] - click: Object: 'Object Repository/Store Request Schedule 1/Page_Store/a_Receiving Goods' is clicked on

2018-06-09 19:41:55 - [MESSAGE][PASSED] - Object: 'Object Repository/Store Request Schedule 1/Page_Store/a_Receiving Goods' is clicked on

2018-06-09 19:41:55 - [TEST_STEP][PASSED] - setText: Text 'PRNO/09062018/717' is set on object 'Object Repository/Store Request Schedule 1/Page_Store/input'

2018-06-09 19:41:56 - [MESSAGE][PASSED] - Text 'PRNO/09062018/717' is set on object 'Object Repository/Store Request Schedule 1/Page_Store/input'

2018-06-09 19:41:56 - [TEST_STEP][PASSED] - click: Object: 'Object Repository/Store Request Schedule 1/Page_Store/input_btn btn-primary' is clicked on

2018-06-09 19:41:56 - [MESSAGE][PASSED] - Object: 'Object Repository/Store Request Schedule 1/Page_Store/input_btn btn-primary' is clicked on

2018-06-09 19:41:56 - [TEST_STEP][PASSED] - delay: Delayed 2 second(s)

2018-06-09 19:41:58 - [MESSAGE][PASSED] - Delayed 2 second(s)

2018-06-09 19:41:58 - [TEST_STEP][PASSED] - click: Object: 'Object Repository/Store Request Schedule 1/Page_Store/input_chkrem' is clicked on

2018-06-09 19:41:58 - [MESSAGE][PASSED] - Object: 'Object Repository/Store Request Schedule 1/Page_Store/input_chkrem' is clicked on

2018-06-09 19:41:58 - [TEST_STEP][PASSED] - scrollToElement: Scroll to object 'Object Repository/Store Request Schedule 1/Page_Store/input_btchkroqadd' successfully

2018-06-09 19:41:58 - [MESSAGE][PASSED] - Scroll to object 'Object Repository/Store Request Schedule 1/Page_Store/input_btchkroqadd' successfully

2018-06-09 19:41:58 - [TEST_STEP][PASSED] - click: Object: 'Object Repository/Store Request Schedule 1/Page_Store/input_btchkroqadd' is clicked on

2018-06-09 19:41:58 - [MESSAGE][PASSED] - Object: 'Object Repository/Store Request Schedule 1/Page_Store/input_btchkroqadd' is clicked on

2018-06-09 19:41:58 - [TEST_STEP][PASSED] - delay: Delayed 2 second(s)

2018-06-09 19:42:00 - [MESSAGE][PASSED] - Delayed 2 second(s)

2018-06-09 19:42:00 - [TEST_STEP][PASSED] - refresh: Refresh successfully

2018-06-09 19:42:01 - [MESSAGE][PASSED] - Refresh successfully

2018-06-09 19:42:01 - [TEST_STEP][PASSED] - delay: Delayed 3 second(s)

2018-06-09 19:42:04 - [MESSAGE][PASSED] - Delayed 3 second(s)

2018-06-09 19:42:04 - [TEST_STEP][PASSED] - click: Object: 'Object Repository/Store Request Schedule 1/Page_Store/a_dropdown-toggle' is clicked on

2018-06-09 19:42:04 - [MESSAGE][PASSED] - Object: 'Object Repository/Store Request Schedule 1/Page_Store/a_dropdown-toggle' is clicked on

2018-06-09 19:42:04 - [TEST_STEP][PASSED] - click: Object: 'Object Repository/Store Request Schedule 1/Page_Store/a_Sign out' is clicked on

2018-06-09 19:42:04 - [MESSAGE][PASSED] - Object: 'Object Repository/Store Request Schedule 1/Page_Store/a_Sign out' is clicked on

2018-06-09 19:42:04 - [TEST_STEP][PASSED] - closeBrowser: Browser is closed

2018-06-09 19:42:05 - [MESSAGE][PASSED] - Browser is closed

2018-06-09 19:42:05 - [TEST_STEP][PASSED] - Statement - out.println("Schedule 3 Store Request Are Working Successfully"): null]]></system-out>
         <system-err><![CDATA[]]></system-err>
      </testcase>
      <testcase name="Test Cases/STORE TO CMS REQUEST TEST CASES/TC_STCMS_004 To Verify Schedule 4 Store To CMS Request Are Working Successfully Or Not" classname="Test Cases/STORE TO CMS REQUEST TEST CASES/TC_STCMS_004 To Verify Schedule 4 Store To CMS Request Are Working Successfully Or Not" status="PASSED">
         <system-out><![CDATA[2018-06-09 19:42:05 - [TEST_CASE][PASSED] - Test Cases/STORE TO CMS REQUEST TEST CASES/TC_STCMS_004 To Verify Schedule 4 Store To CMS Request Are Working Successfully Or Not: Test Cases/STORE TO CMS REQUEST TEST CASES/TC_STCMS_004 To Verify Schedule 4 Store To CMS Request Are Working Successfully Or Not

2018-06-09 19:42:05 - [TEST_STEP][PASSED] - openBrowser: Browser is opened with url: ''

2018-06-09 19:42:07 - [MESSAGE][PASSED] - Browser is opened with url: ''

2018-06-09 19:42:07 - [TEST_STEP][PASSED] - Statement - out.println("Verify Schedule 4 STORE Request Are Working Successfully Or Not"): null

2018-06-09 19:42:07 - [TEST_STEP][PASSED] - navigateToUrl: Navigate to 'http://192.168.137.1/multihospital_new/' successfully

2018-06-09 19:42:09 - [MESSAGE][PASSED] - Navigate to 'http://192.168.137.1/multihospital_new/' successfully

2018-06-09 19:42:09 - [TEST_STEP][PASSED] - maximizeWindow: Current window maximized

2018-06-09 19:42:10 - [MESSAGE][PASSED] - Current window maximized

2018-06-09 19:42:10 - [TEST_STEP][PASSED] - click: Object: 'Object Repository/Store Request Schedule 1/Page_KDMC/a_Divisional Store' is clicked on

2018-06-09 19:42:11 - [MESSAGE][PASSED] - Object: 'Object Repository/Store Request Schedule 1/Page_KDMC/a_Divisional Store' is clicked on

2018-06-09 19:42:11 - [TEST_STEP][PASSED] - setText: Text 'ragu' is set on object 'Object Repository/Store Request Schedule 1/Page_Divisonal Store Login/input_txtusername'

2018-06-09 19:42:11 - [MESSAGE][PASSED] - Text 'ragu' is set on object 'Object Repository/Store Request Schedule 1/Page_Divisonal Store Login/input_txtusername'

2018-06-09 19:42:11 - [TEST_STEP][PASSED] - setText: Text '123' is set on object 'Object Repository/Store Request Schedule 1/Page_Divisonal Store Login/input_txtpassword'

2018-06-09 19:42:11 - [MESSAGE][PASSED] - Text '123' is set on object 'Object Repository/Store Request Schedule 1/Page_Divisonal Store Login/input_txtpassword'

2018-06-09 19:42:11 - [TEST_STEP][PASSED] - delay: Delayed 3 second(s)

2018-06-09 19:42:14 - [MESSAGE][PASSED] - Delayed 3 second(s)

2018-06-09 19:42:14 - [TEST_STEP][PASSED] - click: Object: 'Object Repository/Store Request Schedule 1/Page_Divisonal Store Login/button_Sign in' is clicked on

2018-06-09 19:42:15 - [MESSAGE][PASSED] - Object: 'Object Repository/Store Request Schedule 1/Page_Divisonal Store Login/button_Sign in' is clicked on

2018-06-09 19:42:15 - [TEST_STEP][PASSED] - delay: Delayed 3 second(s)

2018-06-09 19:42:18 - [MESSAGE][PASSED] - Delayed 3 second(s)

2018-06-09 19:42:18 - [TEST_STEP][PASSED] - click: Object: 'Object Repository/Store Request Schedule 1/Page_Store/a_CMS' is clicked on

2018-06-09 19:42:19 - [MESSAGE][PASSED] - Object: 'Object Repository/Store Request Schedule 1/Page_Store/a_CMS' is clicked on

2018-06-09 19:42:19 - [TEST_STEP][PASSED] - delay: Delayed 2 second(s)

2018-06-09 19:42:21 - [MESSAGE][PASSED] - Delayed 2 second(s)

2018-06-09 19:42:21 - [TEST_STEP][PASSED] - click: Object: 'Object Repository/Store Request Schedule 1/Page_Store/a_Request Send' is clicked on

2018-06-09 19:42:22 - [MESSAGE][PASSED] - Object: 'Object Repository/Store Request Schedule 1/Page_Store/a_Request Send' is clicked on

2018-06-09 19:42:22 - [TEST_STEP][PASSED] - selectOptionByIndex: All options with index in [1] are selected on object 'Object Repository/Store Request Schedule 1/Page_Store/select_--Select--'

2018-06-09 19:42:22 - [MESSAGE][PASSED] - All options with index in [1] are selected on object 'Object Repository/Store Request Schedule 1/Page_Store/select_--Select--'

2018-06-09 19:42:22 - [TEST_STEP][PASSED] - selectOptionByIndex: All options with index in [4] are selected on object 'Object Repository/Store Request Schedule 1/Page_Store/select_--Select--Schedule 1Inj'

2018-06-09 19:42:22 - [MESSAGE][PASSED] - All options with index in [4] are selected on object 'Object Repository/Store Request Schedule 1/Page_Store/select_--Select--Schedule 1Inj'

2018-06-09 19:42:22 - [TEST_STEP][PASSED] - Statement - SelectedOptions = com.kms.katalon.core.webui.keyword.WebUiBuiltInKeywords.getNumberOfTotalOption(com.kms.katalon.core.testobject.ObjectRepository.findTestObject(Store Request Schedule 1/Page_Store/select_--Select--Adernaline 0.)): 16 options of object 'Object Repository/Store Request Schedule 1/Page_Store/select_--Select--Adernaline 0.' counted

2018-06-09 19:42:22 - [MESSAGE][PASSED] - 16 options of object 'Object Repository/Store Request Schedule 1/Page_Store/select_--Select--Adernaline 0.' counted

2018-06-09 19:42:22 - [TEST_STEP][PASSED] - Statement - For ([y = 1, y < SelectedOptions, (y++)]): Object: 'Object Repository/Store Request Schedule 1/Page_Store/button_Add' is clicked on

2018-06-09 19:42:22 - [TEST_STEP][PASSED] - selectOptionByIndex: All options with index in [4] are selected on object 'Object Repository/Store Request Schedule 1/Page_Store/select_--Select--Schedule 1Inj'

2018-06-09 19:42:22 - [MESSAGE][PASSED] - All options with index in [4] are selected on object 'Object Repository/Store Request Schedule 1/Page_Store/select_--Select--Schedule 1Inj'

2018-06-09 19:42:22 - [TEST_STEP][PASSED] - delay: Delayed 1 second(s)

2018-06-09 19:42:23 - [MESSAGE][PASSED] - Delayed 1 second(s)

2018-06-09 19:42:23 - [TEST_STEP][PASSED] - selectOptionByIndex: All options with index in [1] are selected on object 'Object Repository/Store Request Schedule 1/Page_Store/select_--Select--Adernaline 0.'

2018-06-09 19:42:23 - [MESSAGE][PASSED] - All options with index in [1] are selected on object 'Object Repository/Store Request Schedule 1/Page_Store/select_--Select--Adernaline 0.'

2018-06-09 19:42:23 - [TEST_STEP][PASSED] - setText: Text '100' is set on object 'Object Repository/Store Request Schedule 1/Page_Store/input_txttreat'

2018-06-09 19:42:24 - [MESSAGE][PASSED] - Text '100' is set on object 'Object Repository/Store Request Schedule 1/Page_Store/input_txttreat'

2018-06-09 19:42:24 - [TEST_STEP][PASSED] - click: Object: 'Object Repository/Store Request Schedule 1/Page_Store/button_Add' is clicked on

2018-06-09 19:42:24 - [MESSAGE][PASSED] - Object: 'Object Repository/Store Request Schedule 1/Page_Store/button_Add' is clicked on

2018-06-09 19:42:24 - [TEST_STEP][PASSED] - selectOptionByIndex: All options with index in [4] are selected on object 'Object Repository/Store Request Schedule 1/Page_Store/select_--Select--Schedule 1Inj'

2018-06-09 19:42:24 - [MESSAGE][PASSED] - All options with index in [4] are selected on object 'Object Repository/Store Request Schedule 1/Page_Store/select_--Select--Schedule 1Inj'

2018-06-09 19:42:24 - [TEST_STEP][PASSED] - delay: Delayed 1 second(s)

2018-06-09 19:42:25 - [MESSAGE][PASSED] - Delayed 1 second(s)

2018-06-09 19:42:25 - [TEST_STEP][PASSED] - selectOptionByIndex: All options with index in [2] are selected on object 'Object Repository/Store Request Schedule 1/Page_Store/select_--Select--Adernaline 0.'

2018-06-09 19:42:25 - [MESSAGE][PASSED] - All options with index in [2] are selected on object 'Object Repository/Store Request Schedule 1/Page_Store/select_--Select--Adernaline 0.'

2018-06-09 19:42:25 - [TEST_STEP][PASSED] - setText: Text '100' is set on object 'Object Repository/Store Request Schedule 1/Page_Store/input_txttreat'

2018-06-09 19:42:25 - [MESSAGE][PASSED] - Text '100' is set on object 'Object Repository/Store Request Schedule 1/Page_Store/input_txttreat'

2018-06-09 19:42:25 - [TEST_STEP][PASSED] - click: Object: 'Object Repository/Store Request Schedule 1/Page_Store/button_Add' is clicked on

2018-06-09 19:42:25 - [MESSAGE][PASSED] - Object: 'Object Repository/Store Request Schedule 1/Page_Store/button_Add' is clicked on

2018-06-09 19:42:25 - [TEST_STEP][PASSED] - selectOptionByIndex: All options with index in [4] are selected on object 'Object Repository/Store Request Schedule 1/Page_Store/select_--Select--Schedule 1Inj'

2018-06-09 19:42:25 - [MESSAGE][PASSED] - All options with index in [4] are selected on object 'Object Repository/Store Request Schedule 1/Page_Store/select_--Select--Schedule 1Inj'

2018-06-09 19:42:25 - [TEST_STEP][PASSED] - delay: Delayed 1 second(s)

2018-06-09 19:42:26 - [MESSAGE][PASSED] - Delayed 1 second(s)

2018-06-09 19:42:26 - [TEST_STEP][PASSED] - selectOptionByIndex: All options with index in [3] are selected on object 'Object Repository/Store Request Schedule 1/Page_Store/select_--Select--Adernaline 0.'

2018-06-09 19:42:26 - [MESSAGE][PASSED] - All options with index in [3] are selected on object 'Object Repository/Store Request Schedule 1/Page_Store/select_--Select--Adernaline 0.'

2018-06-09 19:42:26 - [TEST_STEP][PASSED] - setText: Text '100' is set on object 'Object Repository/Store Request Schedule 1/Page_Store/input_txttreat'

2018-06-09 19:42:26 - [MESSAGE][PASSED] - Text '100' is set on object 'Object Repository/Store Request Schedule 1/Page_Store/input_txttreat'

2018-06-09 19:42:26 - [TEST_STEP][PASSED] - click: Object: 'Object Repository/Store Request Schedule 1/Page_Store/button_Add' is clicked on

2018-06-09 19:42:26 - [MESSAGE][PASSED] - Object: 'Object Repository/Store Request Schedule 1/Page_Store/button_Add' is clicked on

2018-06-09 19:42:26 - [TEST_STEP][PASSED] - selectOptionByIndex: All options with index in [4] are selected on object 'Object Repository/Store Request Schedule 1/Page_Store/select_--Select--Schedule 1Inj'

2018-06-09 19:42:27 - [MESSAGE][PASSED] - All options with index in [4] are selected on object 'Object Repository/Store Request Schedule 1/Page_Store/select_--Select--Schedule 1Inj'

2018-06-09 19:42:27 - [TEST_STEP][PASSED] - delay: Delayed 1 second(s)

2018-06-09 19:42:28 - [MESSAGE][PASSED] - Delayed 1 second(s)

2018-06-09 19:42:28 - [TEST_STEP][PASSED] - selectOptionByIndex: All options with index in [4] are selected on object 'Object Repository/Store Request Schedule 1/Page_Store/select_--Select--Adernaline 0.'

2018-06-09 19:42:28 - [MESSAGE][PASSED] - All options with index in [4] are selected on object 'Object Repository/Store Request Schedule 1/Page_Store/select_--Select--Adernaline 0.'

2018-06-09 19:42:28 - [TEST_STEP][PASSED] - setText: Text '100' is set on object 'Object Repository/Store Request Schedule 1/Page_Store/input_txttreat'

2018-06-09 19:42:28 - [MESSAGE][PASSED] - Text '100' is set on object 'Object Repository/Store Request Schedule 1/Page_Store/input_txttreat'

2018-06-09 19:42:28 - [TEST_STEP][PASSED] - click: Object: 'Object Repository/Store Request Schedule 1/Page_Store/button_Add' is clicked on

2018-06-09 19:42:28 - [MESSAGE][PASSED] - Object: 'Object Repository/Store Request Schedule 1/Page_Store/button_Add' is clicked on

2018-06-09 19:42:28 - [TEST_STEP][PASSED] - selectOptionByIndex: All options with index in [4] are selected on object 'Object Repository/Store Request Schedule 1/Page_Store/select_--Select--Schedule 1Inj'

2018-06-09 19:42:28 - [MESSAGE][PASSED] - All options with index in [4] are selected on object 'Object Repository/Store Request Schedule 1/Page_Store/select_--Select--Schedule 1Inj'

2018-06-09 19:42:28 - [TEST_STEP][PASSED] - delay: Delayed 1 second(s)

2018-06-09 19:42:29 - [MESSAGE][PASSED] - Delayed 1 second(s)

2018-06-09 19:42:29 - [TEST_STEP][PASSED] - selectOptionByIndex: All options with index in [5] are selected on object 'Object Repository/Store Request Schedule 1/Page_Store/select_--Select--Adernaline 0.'

2018-06-09 19:42:29 - [MESSAGE][PASSED] - All options with index in [5] are selected on object 'Object Repository/Store Request Schedule 1/Page_Store/select_--Select--Adernaline 0.'

2018-06-09 19:42:29 - [TEST_STEP][PASSED] - setText: Text '100' is set on object 'Object Repository/Store Request Schedule 1/Page_Store/input_txttreat'

2018-06-09 19:42:29 - [MESSAGE][PASSED] - Text '100' is set on object 'Object Repository/Store Request Schedule 1/Page_Store/input_txttreat'

2018-06-09 19:42:29 - [TEST_STEP][PASSED] - click: Object: 'Object Repository/Store Request Schedule 1/Page_Store/button_Add' is clicked on

2018-06-09 19:42:29 - [MESSAGE][PASSED] - Object: 'Object Repository/Store Request Schedule 1/Page_Store/button_Add' is clicked on

2018-06-09 19:42:29 - [TEST_STEP][PASSED] - selectOptionByIndex: All options with index in [4] are selected on object 'Object Repository/Store Request Schedule 1/Page_Store/select_--Select--Schedule 1Inj'

2018-06-09 19:42:29 - [MESSAGE][PASSED] - All options with index in [4] are selected on object 'Object Repository/Store Request Schedule 1/Page_Store/select_--Select--Schedule 1Inj'

2018-06-09 19:42:29 - [TEST_STEP][PASSED] - delay: Delayed 1 second(s)

2018-06-09 19:42:30 - [MESSAGE][PASSED] - Delayed 1 second(s)

2018-06-09 19:42:30 - [TEST_STEP][PASSED] - selectOptionByIndex: All options with index in [6] are selected on object 'Object Repository/Store Request Schedule 1/Page_Store/select_--Select--Adernaline 0.'

2018-06-09 19:42:31 - [MESSAGE][PASSED] - All options with index in [6] are selected on object 'Object Repository/Store Request Schedule 1/Page_Store/select_--Select--Adernaline 0.'

2018-06-09 19:42:31 - [TEST_STEP][PASSED] - setText: Text '100' is set on object 'Object Repository/Store Request Schedule 1/Page_Store/input_txttreat'

2018-06-09 19:42:31 - [MESSAGE][PASSED] - Text '100' is set on object 'Object Repository/Store Request Schedule 1/Page_Store/input_txttreat'

2018-06-09 19:42:31 - [TEST_STEP][PASSED] - click: Object: 'Object Repository/Store Request Schedule 1/Page_Store/button_Add' is clicked on

2018-06-09 19:42:31 - [MESSAGE][PASSED] - Object: 'Object Repository/Store Request Schedule 1/Page_Store/button_Add' is clicked on

2018-06-09 19:42:31 - [TEST_STEP][PASSED] - selectOptionByIndex: All options with index in [4] are selected on object 'Object Repository/Store Request Schedule 1/Page_Store/select_--Select--Schedule 1Inj'

2018-06-09 19:42:31 - [MESSAGE][PASSED] - All options with index in [4] are selected on object 'Object Repository/Store Request Schedule 1/Page_Store/select_--Select--Schedule 1Inj'

2018-06-09 19:42:31 - [TEST_STEP][PASSED] - delay: Delayed 1 second(s)

2018-06-09 19:42:32 - [MESSAGE][PASSED] - Delayed 1 second(s)

2018-06-09 19:42:32 - [TEST_STEP][PASSED] - selectOptionByIndex: All options with index in [7] are selected on object 'Object Repository/Store Request Schedule 1/Page_Store/select_--Select--Adernaline 0.'

2018-06-09 19:42:32 - [MESSAGE][PASSED] - All options with index in [7] are selected on object 'Object Repository/Store Request Schedule 1/Page_Store/select_--Select--Adernaline 0.'

2018-06-09 19:42:32 - [TEST_STEP][PASSED] - setText: Text '100' is set on object 'Object Repository/Store Request Schedule 1/Page_Store/input_txttreat'

2018-06-09 19:42:32 - [MESSAGE][PASSED] - Text '100' is set on object 'Object Repository/Store Request Schedule 1/Page_Store/input_txttreat'

2018-06-09 19:42:32 - [TEST_STEP][PASSED] - click: Object: 'Object Repository/Store Request Schedule 1/Page_Store/button_Add' is clicked on

2018-06-09 19:42:32 - [MESSAGE][PASSED] - Object: 'Object Repository/Store Request Schedule 1/Page_Store/button_Add' is clicked on

2018-06-09 19:42:32 - [TEST_STEP][PASSED] - selectOptionByIndex: All options with index in [4] are selected on object 'Object Repository/Store Request Schedule 1/Page_Store/select_--Select--Schedule 1Inj'

2018-06-09 19:42:32 - [MESSAGE][PASSED] - All options with index in [4] are selected on object 'Object Repository/Store Request Schedule 1/Page_Store/select_--Select--Schedule 1Inj'

2018-06-09 19:42:32 - [TEST_STEP][PASSED] - delay: Delayed 1 second(s)

2018-06-09 19:42:33 - [MESSAGE][PASSED] - Delayed 1 second(s)

2018-06-09 19:42:33 - [TEST_STEP][PASSED] - selectOptionByIndex: All options with index in [8] are selected on object 'Object Repository/Store Request Schedule 1/Page_Store/select_--Select--Adernaline 0.'

2018-06-09 19:42:34 - [MESSAGE][PASSED] - All options with index in [8] are selected on object 'Object Repository/Store Request Schedule 1/Page_Store/select_--Select--Adernaline 0.'

2018-06-09 19:42:34 - [TEST_STEP][PASSED] - setText: Text '100' is set on object 'Object Repository/Store Request Schedule 1/Page_Store/input_txttreat'

2018-06-09 19:42:34 - [MESSAGE][PASSED] - Text '100' is set on object 'Object Repository/Store Request Schedule 1/Page_Store/input_txttreat'

2018-06-09 19:42:34 - [TEST_STEP][PASSED] - click: Object: 'Object Repository/Store Request Schedule 1/Page_Store/button_Add' is clicked on

2018-06-09 19:42:34 - [MESSAGE][PASSED] - Object: 'Object Repository/Store Request Schedule 1/Page_Store/button_Add' is clicked on

2018-06-09 19:42:34 - [TEST_STEP][PASSED] - selectOptionByIndex: All options with index in [4] are selected on object 'Object Repository/Store Request Schedule 1/Page_Store/select_--Select--Schedule 1Inj'

2018-06-09 19:42:34 - [MESSAGE][PASSED] - All options with index in [4] are selected on object 'Object Repository/Store Request Schedule 1/Page_Store/select_--Select--Schedule 1Inj'

2018-06-09 19:42:34 - [TEST_STEP][PASSED] - delay: Delayed 1 second(s)

2018-06-09 19:42:35 - [MESSAGE][PASSED] - Delayed 1 second(s)

2018-06-09 19:42:35 - [TEST_STEP][PASSED] - selectOptionByIndex: All options with index in [9] are selected on object 'Object Repository/Store Request Schedule 1/Page_Store/select_--Select--Adernaline 0.'

2018-06-09 19:42:35 - [MESSAGE][PASSED] - All options with index in [9] are selected on object 'Object Repository/Store Request Schedule 1/Page_Store/select_--Select--Adernaline 0.'

2018-06-09 19:42:35 - [TEST_STEP][PASSED] - setText: Text '100' is set on object 'Object Repository/Store Request Schedule 1/Page_Store/input_txttreat'

2018-06-09 19:42:35 - [MESSAGE][PASSED] - Text '100' is set on object 'Object Repository/Store Request Schedule 1/Page_Store/input_txttreat'

2018-06-09 19:42:35 - [TEST_STEP][PASSED] - click: Object: 'Object Repository/Store Request Schedule 1/Page_Store/button_Add' is clicked on

2018-06-09 19:42:35 - [MESSAGE][PASSED] - Object: 'Object Repository/Store Request Schedule 1/Page_Store/button_Add' is clicked on

2018-06-09 19:42:35 - [TEST_STEP][PASSED] - selectOptionByIndex: All options with index in [4] are selected on object 'Object Repository/Store Request Schedule 1/Page_Store/select_--Select--Schedule 1Inj'

2018-06-09 19:42:35 - [MESSAGE][PASSED] - All options with index in [4] are selected on object 'Object Repository/Store Request Schedule 1/Page_Store/select_--Select--Schedule 1Inj'

2018-06-09 19:42:35 - [TEST_STEP][PASSED] - delay: Delayed 1 second(s)

2018-06-09 19:42:36 - [MESSAGE][PASSED] - Delayed 1 second(s)

2018-06-09 19:42:36 - [TEST_STEP][PASSED] - selectOptionByIndex: All options with index in [10] are selected on object 'Object Repository/Store Request Schedule 1/Page_Store/select_--Select--Adernaline 0.'

2018-06-09 19:42:37 - [MESSAGE][PASSED] - All options with index in [10] are selected on object 'Object Repository/Store Request Schedule 1/Page_Store/select_--Select--Adernaline 0.'

2018-06-09 19:42:37 - [TEST_STEP][PASSED] - setText: Text '100' is set on object 'Object Repository/Store Request Schedule 1/Page_Store/input_txttreat'

2018-06-09 19:42:37 - [MESSAGE][PASSED] - Text '100' is set on object 'Object Repository/Store Request Schedule 1/Page_Store/input_txttreat'

2018-06-09 19:42:37 - [TEST_STEP][PASSED] - click: Object: 'Object Repository/Store Request Schedule 1/Page_Store/button_Add' is clicked on

2018-06-09 19:42:37 - [MESSAGE][PASSED] - Object: 'Object Repository/Store Request Schedule 1/Page_Store/button_Add' is clicked on

2018-06-09 19:42:37 - [TEST_STEP][PASSED] - selectOptionByIndex: All options with index in [4] are selected on object 'Object Repository/Store Request Schedule 1/Page_Store/select_--Select--Schedule 1Inj'

2018-06-09 19:42:37 - [MESSAGE][PASSED] - All options with index in [4] are selected on object 'Object Repository/Store Request Schedule 1/Page_Store/select_--Select--Schedule 1Inj'

2018-06-09 19:42:37 - [TEST_STEP][PASSED] - delay: Delayed 1 second(s)

2018-06-09 19:42:38 - [MESSAGE][PASSED] - Delayed 1 second(s)

2018-06-09 19:42:38 - [TEST_STEP][PASSED] - selectOptionByIndex: All options with index in [11] are selected on object 'Object Repository/Store Request Schedule 1/Page_Store/select_--Select--Adernaline 0.'

2018-06-09 19:42:38 - [MESSAGE][PASSED] - All options with index in [11] are selected on object 'Object Repository/Store Request Schedule 1/Page_Store/select_--Select--Adernaline 0.'

2018-06-09 19:42:38 - [TEST_STEP][PASSED] - setText: Text '100' is set on object 'Object Repository/Store Request Schedule 1/Page_Store/input_txttreat'

2018-06-09 19:42:38 - [MESSAGE][PASSED] - Text '100' is set on object 'Object Repository/Store Request Schedule 1/Page_Store/input_txttreat'

2018-06-09 19:42:38 - [TEST_STEP][PASSED] - click: Object: 'Object Repository/Store Request Schedule 1/Page_Store/button_Add' is clicked on

2018-06-09 19:42:38 - [MESSAGE][PASSED] - Object: 'Object Repository/Store Request Schedule 1/Page_Store/button_Add' is clicked on

2018-06-09 19:42:38 - [TEST_STEP][PASSED] - selectOptionByIndex: All options with index in [4] are selected on object 'Object Repository/Store Request Schedule 1/Page_Store/select_--Select--Schedule 1Inj'

2018-06-09 19:42:38 - [MESSAGE][PASSED] - All options with index in [4] are selected on object 'Object Repository/Store Request Schedule 1/Page_Store/select_--Select--Schedule 1Inj'

2018-06-09 19:42:38 - [TEST_STEP][PASSED] - delay: Delayed 1 second(s)

2018-06-09 19:42:39 - [MESSAGE][PASSED] - Delayed 1 second(s)

2018-06-09 19:42:39 - [TEST_STEP][PASSED] - selectOptionByIndex: All options with index in [12] are selected on object 'Object Repository/Store Request Schedule 1/Page_Store/select_--Select--Adernaline 0.'

2018-06-09 19:42:40 - [MESSAGE][PASSED] - All options with index in [12] are selected on object 'Object Repository/Store Request Schedule 1/Page_Store/select_--Select--Adernaline 0.'

2018-06-09 19:42:40 - [TEST_STEP][PASSED] - setText: Text '100' is set on object 'Object Repository/Store Request Schedule 1/Page_Store/input_txttreat'

2018-06-09 19:42:40 - [MESSAGE][PASSED] - Text '100' is set on object 'Object Repository/Store Request Schedule 1/Page_Store/input_txttreat'

2018-06-09 19:42:40 - [TEST_STEP][PASSED] - click: Object: 'Object Repository/Store Request Schedule 1/Page_Store/button_Add' is clicked on

2018-06-09 19:42:40 - [MESSAGE][PASSED] - Object: 'Object Repository/Store Request Schedule 1/Page_Store/button_Add' is clicked on

2018-06-09 19:42:40 - [TEST_STEP][PASSED] - selectOptionByIndex: All options with index in [4] are selected on object 'Object Repository/Store Request Schedule 1/Page_Store/select_--Select--Schedule 1Inj'

2018-06-09 19:42:40 - [MESSAGE][PASSED] - All options with index in [4] are selected on object 'Object Repository/Store Request Schedule 1/Page_Store/select_--Select--Schedule 1Inj'

2018-06-09 19:42:40 - [TEST_STEP][PASSED] - delay: Delayed 1 second(s)

2018-06-09 19:42:41 - [MESSAGE][PASSED] - Delayed 1 second(s)

2018-06-09 19:42:41 - [TEST_STEP][PASSED] - selectOptionByIndex: All options with index in [13] are selected on object 'Object Repository/Store Request Schedule 1/Page_Store/select_--Select--Adernaline 0.'

2018-06-09 19:42:41 - [MESSAGE][PASSED] - All options with index in [13] are selected on object 'Object Repository/Store Request Schedule 1/Page_Store/select_--Select--Adernaline 0.'

2018-06-09 19:42:41 - [TEST_STEP][PASSED] - setText: Text '100' is set on object 'Object Repository/Store Request Schedule 1/Page_Store/input_txttreat'

2018-06-09 19:42:41 - [MESSAGE][PASSED] - Text '100' is set on object 'Object Repository/Store Request Schedule 1/Page_Store/input_txttreat'

2018-06-09 19:42:41 - [TEST_STEP][PASSED] - click: Object: 'Object Repository/Store Request Schedule 1/Page_Store/button_Add' is clicked on

2018-06-09 19:42:41 - [MESSAGE][PASSED] - Object: 'Object Repository/Store Request Schedule 1/Page_Store/button_Add' is clicked on

2018-06-09 19:42:41 - [TEST_STEP][PASSED] - selectOptionByIndex: All options with index in [4] are selected on object 'Object Repository/Store Request Schedule 1/Page_Store/select_--Select--Schedule 1Inj'

2018-06-09 19:42:41 - [MESSAGE][PASSED] - All options with index in [4] are selected on object 'Object Repository/Store Request Schedule 1/Page_Store/select_--Select--Schedule 1Inj'

2018-06-09 19:42:41 - [TEST_STEP][PASSED] - delay: Delayed 1 second(s)

2018-06-09 19:42:42 - [MESSAGE][PASSED] - Delayed 1 second(s)

2018-06-09 19:42:42 - [TEST_STEP][PASSED] - selectOptionByIndex: All options with index in [14] are selected on object 'Object Repository/Store Request Schedule 1/Page_Store/select_--Select--Adernaline 0.'

2018-06-09 19:42:43 - [MESSAGE][PASSED] - All options with index in [14] are selected on object 'Object Repository/Store Request Schedule 1/Page_Store/select_--Select--Adernaline 0.'

2018-06-09 19:42:43 - [TEST_STEP][PASSED] - setText: Text '100' is set on object 'Object Repository/Store Request Schedule 1/Page_Store/input_txttreat'

2018-06-09 19:42:43 - [MESSAGE][PASSED] - Text '100' is set on object 'Object Repository/Store Request Schedule 1/Page_Store/input_txttreat'

2018-06-09 19:42:43 - [TEST_STEP][PASSED] - click: Object: 'Object Repository/Store Request Schedule 1/Page_Store/button_Add' is clicked on

2018-06-09 19:42:43 - [MESSAGE][PASSED] - Object: 'Object Repository/Store Request Schedule 1/Page_Store/button_Add' is clicked on

2018-06-09 19:42:43 - [TEST_STEP][PASSED] - selectOptionByIndex: All options with index in [4] are selected on object 'Object Repository/Store Request Schedule 1/Page_Store/select_--Select--Schedule 1Inj'

2018-06-09 19:42:43 - [MESSAGE][PASSED] - All options with index in [4] are selected on object 'Object Repository/Store Request Schedule 1/Page_Store/select_--Select--Schedule 1Inj'

2018-06-09 19:42:43 - [TEST_STEP][PASSED] - delay: Delayed 1 second(s)

2018-06-09 19:42:44 - [MESSAGE][PASSED] - Delayed 1 second(s)

2018-06-09 19:42:44 - [TEST_STEP][PASSED] - selectOptionByIndex: All options with index in [15] are selected on object 'Object Repository/Store Request Schedule 1/Page_Store/select_--Select--Adernaline 0.'

2018-06-09 19:42:44 - [MESSAGE][PASSED] - All options with index in [15] are selected on object 'Object Repository/Store Request Schedule 1/Page_Store/select_--Select--Adernaline 0.'

2018-06-09 19:42:44 - [TEST_STEP][PASSED] - setText: Text '100' is set on object 'Object Repository/Store Request Schedule 1/Page_Store/input_txttreat'

2018-06-09 19:42:44 - [MESSAGE][PASSED] - Text '100' is set on object 'Object Repository/Store Request Schedule 1/Page_Store/input_txttreat'

2018-06-09 19:42:44 - [TEST_STEP][PASSED] - click: Object: 'Object Repository/Store Request Schedule 1/Page_Store/button_Add' is clicked on

2018-06-09 19:42:44 - [MESSAGE][PASSED] - Object: 'Object Repository/Store Request Schedule 1/Page_Store/button_Add' is clicked on

2018-06-09 19:42:44 - [TEST_STEP][PASSED] - delay: Delayed 2 second(s)

2018-06-09 19:42:46 - [MESSAGE][PASSED] - Delayed 2 second(s)

2018-06-09 19:42:46 - [TEST_STEP][PASSED] - scrollToElement: Scroll to object 'Object Repository/Store Request Schedule 1/Page_Store/input_btnsave' successfully

2018-06-09 19:42:47 - [MESSAGE][PASSED] - Scroll to object 'Object Repository/Store Request Schedule 1/Page_Store/input_btnsave' successfully

2018-06-09 19:42:47 - [TEST_STEP][PASSED] - click: Object: 'Object Repository/Store Request Schedule 1/Page_Store/input_btnsave' is clicked on

2018-06-09 19:42:47 - [MESSAGE][PASSED] - Object: 'Object Repository/Store Request Schedule 1/Page_Store/input_btnsave' is clicked on

2018-06-09 19:42:47 - [TEST_STEP][PASSED] - delay: Delayed 4 second(s)

2018-06-09 19:42:51 - [MESSAGE][PASSED] - Delayed 4 second(s)

2018-06-09 19:42:51 - [TEST_STEP][PASSED] - Statement - Cms_RequestNumber = com.kms.katalon.core.webui.keyword.WebUiBuiltInKeywords.getText(com.kms.katalon.core.testobject.ObjectRepository.findTestObject(Store Request Schedule 1/Page_Store/font_PRNO050520189)): Text of object 'Object Repository/Store Request Schedule 1/Page_Store/font_PRNO050520189' is: 'PRNO/09062018/718'

2018-06-09 19:42:51 - [MESSAGE][PASSED] - Text of object 'Object Repository/Store Request Schedule 1/Page_Store/font_PRNO050520189' is: 'PRNO/09062018/718'

2018-06-09 19:42:51 - [TEST_STEP][PASSED] - Statement - CR = Cms_RequestNumber.trim(): null

2018-06-09 19:42:51 - [TEST_STEP][PASSED] - Statement - out.println("RQ :" + Cms_RequestNumber): null

2018-06-09 19:42:51 - [TEST_STEP][PASSED] - Statement - RequestNumberID = Cms_RequestNumber.split("/")[2].trim(): null

2018-06-09 19:42:51 - [TEST_STEP][PASSED] - Statement - out.println("RQ ID :" + RequestNumberID): null

2018-06-09 19:42:51 - [TEST_STEP][PASSED] - delay: Delayed 3 second(s)

2018-06-09 19:42:54 - [MESSAGE][PASSED] - Delayed 3 second(s)

2018-06-09 19:42:54 - [TEST_STEP][PASSED] - Statement - ok = com.kms.katalon.core.webui.keyword.WebUiBuiltInKeywords.click(com.kms.katalon.core.testobject.ObjectRepository.findTestObject(Store Request Schedule 1/Page_Store/button_OK)): Object: 'Object Repository/Store Request Schedule 1/Page_Store/button_OK' is clicked on

2018-06-09 19:42:54 - [MESSAGE][PASSED] - Object: 'Object Repository/Store Request Schedule 1/Page_Store/button_OK' is clicked on

2018-06-09 19:42:54 - [TEST_STEP][PASSED] - delay: Delayed 3 second(s)

2018-06-09 19:42:57 - [MESSAGE][PASSED] - Delayed 3 second(s)

2018-06-09 19:42:57 - [TEST_STEP][PASSED] - click: Object: 'Object Repository/Store Request Schedule 1/Page_Store/a_dropdown-toggle' is clicked on

2018-06-09 19:42:58 - [MESSAGE][PASSED] - Object: 'Object Repository/Store Request Schedule 1/Page_Store/a_dropdown-toggle' is clicked on

2018-06-09 19:42:58 - [TEST_STEP][PASSED] - click: Object: 'Object Repository/Store Request Schedule 1/Page_Store/a_Sign out' is clicked on

2018-06-09 19:42:58 - [MESSAGE][PASSED] - Object: 'Object Repository/Store Request Schedule 1/Page_Store/a_Sign out' is clicked on

2018-06-09 19:42:58 - [TEST_STEP][PASSED] - delay: Delayed 3 second(s)

2018-06-09 19:43:01 - [MESSAGE][PASSED] - Delayed 3 second(s)

2018-06-09 19:43:01 - [TEST_STEP][PASSED] - click: Object: 'Object Repository/Store Request Schedule 1/Page_KDMC/a_CMO' is clicked on

2018-06-09 19:43:02 - [MESSAGE][PASSED] - Object: 'Object Repository/Store Request Schedule 1/Page_KDMC/a_CMO' is clicked on

2018-06-09 19:43:02 - [TEST_STEP][PASSED] - setText: Text 'guru' is set on object 'Object Repository/Store Request Schedule 1/Page_CMO login/input_txtusername'

2018-06-09 19:43:02 - [MESSAGE][PASSED] - Text 'guru' is set on object 'Object Repository/Store Request Schedule 1/Page_CMO login/input_txtusername'

2018-06-09 19:43:02 - [TEST_STEP][PASSED] - setText: Text '123' is set on object 'Object Repository/Store Request Schedule 1/Page_CMO login/input_txtpassword'

2018-06-09 19:43:02 - [MESSAGE][PASSED] - Text '123' is set on object 'Object Repository/Store Request Schedule 1/Page_CMO login/input_txtpassword'

2018-06-09 19:43:02 - [TEST_STEP][PASSED] - delay: Delayed 3 second(s)

2018-06-09 19:43:05 - [MESSAGE][PASSED] - Delayed 3 second(s)

2018-06-09 19:43:05 - [TEST_STEP][PASSED] - click: Object: 'Object Repository/Store Request Schedule 1/Page_CMO login/button_Sign in' is clicked on

2018-06-09 19:43:06 - [MESSAGE][PASSED] - Object: 'Object Repository/Store Request Schedule 1/Page_CMO login/button_Sign in' is clicked on

2018-06-09 19:43:06 - [TEST_STEP][PASSED] - delay: Delayed 2 second(s)

2018-06-09 19:43:08 - [MESSAGE][PASSED] - Delayed 2 second(s)

2018-06-09 19:43:08 - [TEST_STEP][PASSED] - click: Object: 'Object Repository/Store Request Schedule 1/Page_KDMC - CMO/span_Department Wise Request' is clicked on

2018-06-09 19:43:08 - [MESSAGE][PASSED] - Object: 'Object Repository/Store Request Schedule 1/Page_KDMC - CMO/span_Department Wise Request' is clicked on

2018-06-09 19:43:08 - [TEST_STEP][PASSED] - click: Object: 'Object Repository/Store Request Schedule 1/Page_KDMC - CMO/a_CMS Request' is clicked on

2018-06-09 19:43:09 - [MESSAGE][PASSED] - Object: 'Object Repository/Store Request Schedule 1/Page_KDMC - CMO/a_CMS Request' is clicked on

2018-06-09 19:43:09 - [TEST_STEP][PASSED] - click: Object: 'Object Repository/Store Request Schedule 1/Page_KDMC - CMO/a_CMS Request' is clicked on

2018-06-09 19:43:09 - [MESSAGE][PASSED] - Object: 'Object Repository/Store Request Schedule 1/Page_KDMC - CMO/a_CMS Request' is clicked on

2018-06-09 19:43:09 - [TEST_STEP][PASSED] - click: Object: 'Object Repository/Store Request Schedule 1/Page_KDMC - CMO/span_Divisional Store Request' is clicked on

2018-06-09 19:43:11 - [MESSAGE][PASSED] - Object: 'Object Repository/Store Request Schedule 1/Page_KDMC - CMO/span_Divisional Store Request' is clicked on

2018-06-09 19:43:11 - [TEST_STEP][PASSED] - delay: Delayed 2 second(s)

2018-06-09 19:43:13 - [MESSAGE][PASSED] - Delayed 2 second(s)

2018-06-09 19:43:13 - [TEST_STEP][PASSED] - Statement - approval = com.kms.katalon.core.webui.keyword.WebUiBuiltInKeywords.modifyObjectProperty(com.kms.katalon.core.testobject.ObjectRepository.findTestObject(Store Request Schedule 1/Page_KDMC - CMO/input_PRNO050520189), "xpath", "equals", "//*[@id=" + RequestNumberID + "]", true): Modify property of object successfully

2018-06-09 19:43:13 - [MESSAGE][PASSED] - Modify property of object successfully

2018-06-09 19:43:13 - [TEST_STEP][PASSED] - click: Object: 'Object Repository/Store Request Schedule 1/Page_KDMC - CMO/input_PRNO050520189' is clicked on

2018-06-09 19:43:13 - [MESSAGE][PASSED] - Object: 'Object Repository/Store Request Schedule 1/Page_KDMC - CMO/input_PRNO050520189' is clicked on

2018-06-09 19:43:13 - [TEST_STEP][PASSED] - delay: Delayed 2 second(s)

2018-06-09 19:43:15 - [MESSAGE][PASSED] - Delayed 2 second(s)

2018-06-09 19:43:15 - [TEST_STEP][PASSED] - selectOptionByIndex: All options with index in [1] are selected on object 'Object Repository/Store Request Schedule 1/Page_KDMC - CMO/select_--Select--'

2018-06-09 19:43:15 - [MESSAGE][PASSED] - All options with index in [1] are selected on object 'Object Repository/Store Request Schedule 1/Page_KDMC - CMO/select_--Select--'

2018-06-09 19:43:15 - [TEST_STEP][PASSED] - click: Object: 'Object Repository/Store Request Schedule 1/Page_KDMC - CMO/input_btnupdate' is clicked on

2018-06-09 19:43:15 - [MESSAGE][PASSED] - Object: 'Object Repository/Store Request Schedule 1/Page_KDMC - CMO/input_btnupdate' is clicked on

2018-06-09 19:43:15 - [TEST_STEP][PASSED] - delay: Delayed 2 second(s)

2018-06-09 19:43:17 - [MESSAGE][PASSED] - Delayed 2 second(s)

2018-06-09 19:43:17 - [TEST_STEP][PASSED] - click: Object: 'Object Repository/Store Request Schedule 1/Page_KDMC - CMO/button_OK' is clicked on

2018-06-09 19:43:17 - [MESSAGE][PASSED] - Object: 'Object Repository/Store Request Schedule 1/Page_KDMC - CMO/button_OK' is clicked on

2018-06-09 19:43:17 - [TEST_STEP][PASSED] - delay: Delayed 2 second(s)

2018-06-09 19:43:19 - [MESSAGE][PASSED] - Delayed 2 second(s)

2018-06-09 19:43:19 - [TEST_STEP][PASSED] - click: Object: 'Object Repository/Store Request Schedule 1/Page_KDMC - CMO/a_dropdown-toggle' is clicked on

2018-06-09 19:43:20 - [MESSAGE][PASSED] - Object: 'Object Repository/Store Request Schedule 1/Page_KDMC - CMO/a_dropdown-toggle' is clicked on

2018-06-09 19:43:20 - [TEST_STEP][PASSED] - click: Object: 'Object Repository/Store Request Schedule 1/Page_KDMC - CMO/a_Sign out' is clicked on

2018-06-09 19:43:20 - [MESSAGE][PASSED] - Object: 'Object Repository/Store Request Schedule 1/Page_KDMC - CMO/a_Sign out' is clicked on

2018-06-09 19:43:20 - [TEST_STEP][PASSED] - delay: Delayed 3 second(s)

2018-06-09 19:43:23 - [MESSAGE][PASSED] - Delayed 3 second(s)

2018-06-09 19:43:23 - [TEST_STEP][PASSED] - click: Object: 'Object Repository/store Request Schedule 1/Page_KDMC/a_CMS' is clicked on

2018-06-09 19:43:23 - [MESSAGE][PASSED] - Object: 'Object Repository/store Request Schedule 1/Page_KDMC/a_CMS' is clicked on

2018-06-09 19:43:23 - [TEST_STEP][PASSED] - setText: Text 'bala' is set on object 'Object Repository/store Request Schedule 1/Page_CMS login/input_txtusername'

2018-06-09 19:43:23 - [MESSAGE][PASSED] - Text 'bala' is set on object 'Object Repository/store Request Schedule 1/Page_CMS login/input_txtusername'

2018-06-09 19:43:23 - [TEST_STEP][PASSED] - setText: Text '123' is set on object 'Object Repository/store Request Schedule 1/Page_CMS login/input_txtpassword'

2018-06-09 19:43:24 - [MESSAGE][PASSED] - Text '123' is set on object 'Object Repository/store Request Schedule 1/Page_CMS login/input_txtpassword'

2018-06-09 19:43:24 - [TEST_STEP][PASSED] - delay: Delayed 3 second(s)

2018-06-09 19:43:27 - [MESSAGE][PASSED] - Delayed 3 second(s)

2018-06-09 19:43:27 - [TEST_STEP][PASSED] - click: Object: 'Object Repository/store Request Schedule 1/Page_CMS login/button_Sign in' is clicked on

2018-06-09 19:43:27 - [MESSAGE][PASSED] - Object: 'Object Repository/store Request Schedule 1/Page_CMS login/button_Sign in' is clicked on

2018-06-09 19:43:27 - [TEST_STEP][PASSED] - delay: Delayed 2 second(s)

2018-06-09 19:43:29 - [MESSAGE][PASSED] - Delayed 2 second(s)

2018-06-09 19:43:29 - [TEST_STEP][PASSED] - click: Object: 'Object Repository/store Request Schedule 1/Page_KDMC - CMS/a_Divisional Store' is clicked on

2018-06-09 19:43:29 - [MESSAGE][PASSED] - Object: 'Object Repository/store Request Schedule 1/Page_KDMC - CMS/a_Divisional Store' is clicked on

2018-06-09 19:43:29 - [TEST_STEP][PASSED] - delay: Delayed 2 second(s)

2018-06-09 19:43:31 - [MESSAGE][PASSED] - Delayed 2 second(s)

2018-06-09 19:43:31 - [TEST_STEP][PASSED] - click: Object: 'Object Repository/store Request Schedule 1/Page_KDMC - CMS/a_Dispatch Items' is clicked on

2018-06-09 19:43:32 - [MESSAGE][PASSED] - Object: 'Object Repository/store Request Schedule 1/Page_KDMC - CMS/a_Dispatch Items' is clicked on

2018-06-09 19:43:32 - [TEST_STEP][PASSED] - setText: Text 'PRNO/09062018/718' is set on object 'Object Repository/store Request Schedule 1/Page_KDMC - CMS/input'

2018-06-09 19:43:33 - [MESSAGE][PASSED] - Text 'PRNO/09062018/718' is set on object 'Object Repository/store Request Schedule 1/Page_KDMC - CMS/input'

2018-06-09 19:43:33 - [TEST_STEP][PASSED] - click: Object: 'Object Repository/store Request Schedule 1/Page_KDMC - CMS/td_text-center' is clicked on

2018-06-09 19:43:33 - [MESSAGE][PASSED] - Object: 'Object Repository/store Request Schedule 1/Page_KDMC - CMS/td_text-center' is clicked on

2018-06-09 19:43:33 - [TEST_STEP][PASSED] - delay: Delayed 3 second(s)

2018-06-09 19:43:36 - [MESSAGE][PASSED] - Delayed 3 second(s)

2018-06-09 19:43:36 - [TEST_STEP][PASSED] - delay: Delayed 2 second(s)

2018-06-09 19:43:38 - [MESSAGE][PASSED] - Delayed 2 second(s)

2018-06-09 19:43:38 - [TEST_STEP][PASSED] - Statement - For ([row = 0, row < SelectedOptions - 1, (row++)]): null

2018-06-09 19:43:38 - [TEST_STEP][PASSED] - Statement - batchlength = new com.kms.katalon.core.testobject.TestObject(): null

2018-06-09 19:43:38 - [TEST_STEP][PASSED] - Statement - batchlength = com.kms.katalon.core.webui.keyword.WebUiBuiltInKeywords.modifyObjectProperty(batchlength, "xpath", "equals", "//*[@id = "fldvendor" + row + ""]", true): Modify property of object successfully

2018-06-09 19:43:38 - [MESSAGE][PASSED] - Modify property of object successfully

2018-06-09 19:43:38 - [TEST_STEP][PASSED] - Statement - batchsize = com.kms.katalon.core.webui.keyword.WebUiBuiltInKeywords.getNumberOfTotalOption(batchlength): 12 options of object '' counted

2018-06-09 19:43:38 - [MESSAGE][PASSED] - 12 options of object '' counted

2018-06-09 19:43:38 - [TEST_STEP][PASSED] - Statement - out.println("BatchSize : " + batchsize): null

2018-06-09 19:43:38 - [TEST_STEP][PASSED] - Statement - For ([n = 1, n <= batchsize - 1, (n++)]): null

2018-06-09 19:43:38 - [TEST_STEP][PASSED] - Statement - product = new com.kms.katalon.core.testobject.TestObject(): null

2018-06-09 19:43:38 - [TEST_STEP][PASSED] - Statement - product = com.kms.katalon.core.webui.keyword.WebUiBuiltInKeywords.modifyObjectProperty(product, "xpath", "equals", "//*[@id = "fldvendor" + row + ""]", true): Modify property of object successfully

2018-06-09 19:43:38 - [MESSAGE][PASSED] - Modify property of object successfully

2018-06-09 19:43:38 - [TEST_STEP][PASSED] - selectOptionByIndex: All options with index in [1] are selected on object ''

2018-06-09 19:43:38 - [MESSAGE][PASSED] - All options with index in [1] are selected on object ''

2018-06-09 19:43:38 - [TEST_STEP][PASSED] - delay: Delayed 2 second(s)

2018-06-09 19:43:40 - [MESSAGE][PASSED] - Delayed 2 second(s)

2018-06-09 19:43:40 - [TEST_STEP][PASSED] - Statement - batch = new com.kms.katalon.core.testobject.TestObject(): null

2018-06-09 19:43:40 - [TEST_STEP][PASSED] - Statement - batch = com.kms.katalon.core.webui.keyword.WebUiBuiltInKeywords.modifyObjectProperty(batch, "xpath", "equals", "//*[@id = "txtbthqty" + row + ""]", true): Modify property of object successfully

2018-06-09 19:43:40 - [MESSAGE][PASSED] - Modify property of object successfully

2018-06-09 19:43:40 - [TEST_STEP][PASSED] - Statement - batchqty = com.kms.katalon.core.webui.keyword.WebUiBuiltInKeywords.getAttribute(batch, "value").trim(): Attribute 'value' of object '' is: '1800'

2018-06-09 19:43:40 - [MESSAGE][PASSED] - Attribute 'value' of object '' is: '1800'

2018-06-09 19:43:40 - [TEST_STEP][PASSED] - Statement - Rqty = 100: null

2018-06-09 19:43:40 - [TEST_STEP][PASSED] - Statement - out.println("BatchQty : " + batchqty): null

2018-06-09 19:43:40 - [TEST_STEP][PASSED] - Statement - out.println("RQty : " + Rqty): null

2018-06-09 19:43:40 - [TEST_STEP][PASSED] - Statement - If (java.lang.Integer.valueOf(batchqty) >= java.lang.Integer.valueOf(Rqty)): null

2018-06-09 19:43:40 - [TEST_STEP][PASSED] - Statement - Break: null

2018-06-09 19:43:40 - [TEST_STEP][PASSED] - Statement - batchlength = new com.kms.katalon.core.testobject.TestObject(): null

2018-06-09 19:43:40 - [TEST_STEP][PASSED] - Statement - batchlength = com.kms.katalon.core.webui.keyword.WebUiBuiltInKeywords.modifyObjectProperty(batchlength, "xpath", "equals", "//*[@id = "fldvendor" + row + ""]", true): Modify property of object successfully

2018-06-09 19:43:40 - [MESSAGE][PASSED] - Modify property of object successfully

2018-06-09 19:43:40 - [TEST_STEP][PASSED] - Statement - batchsize = com.kms.katalon.core.webui.keyword.WebUiBuiltInKeywords.getNumberOfTotalOption(batchlength): 11 options of object '' counted

2018-06-09 19:43:40 - [MESSAGE][PASSED] - 11 options of object '' counted

2018-06-09 19:43:40 - [TEST_STEP][PASSED] - Statement - out.println("BatchSize : " + batchsize): null

2018-06-09 19:43:40 - [TEST_STEP][PASSED] - Statement - For ([n = 1, n <= batchsize - 1, (n++)]): null

2018-06-09 19:43:40 - [TEST_STEP][PASSED] - Statement - product = new com.kms.katalon.core.testobject.TestObject(): null

2018-06-09 19:43:40 - [TEST_STEP][PASSED] - Statement - product = com.kms.katalon.core.webui.keyword.WebUiBuiltInKeywords.modifyObjectProperty(product, "xpath", "equals", "//*[@id = "fldvendor" + row + ""]", true): Modify property of object successfully

2018-06-09 19:43:40 - [MESSAGE][PASSED] - Modify property of object successfully

2018-06-09 19:43:40 - [TEST_STEP][PASSED] - selectOptionByIndex: All options with index in [1] are selected on object ''

2018-06-09 19:43:40 - [MESSAGE][PASSED] - All options with index in [1] are selected on object ''

2018-06-09 19:43:40 - [TEST_STEP][PASSED] - delay: Delayed 2 second(s)

2018-06-09 19:43:42 - [MESSAGE][PASSED] - Delayed 2 second(s)

2018-06-09 19:43:42 - [TEST_STEP][PASSED] - Statement - batch = new com.kms.katalon.core.testobject.TestObject(): null

2018-06-09 19:43:42 - [TEST_STEP][PASSED] - Statement - batch = com.kms.katalon.core.webui.keyword.WebUiBuiltInKeywords.modifyObjectProperty(batch, "xpath", "equals", "//*[@id = "txtbthqty" + row + ""]", true): Modify property of object successfully

2018-06-09 19:43:42 - [MESSAGE][PASSED] - Modify property of object successfully

2018-06-09 19:43:42 - [TEST_STEP][PASSED] - Statement - batchqty = com.kms.katalon.core.webui.keyword.WebUiBuiltInKeywords.getAttribute(batch, "value").trim(): Attribute 'value' of object '' is: '4100'

2018-06-09 19:43:42 - [MESSAGE][PASSED] - Attribute 'value' of object '' is: '4100'

2018-06-09 19:43:42 - [TEST_STEP][PASSED] - Statement - Rqty = 100: null

2018-06-09 19:43:42 - [TEST_STEP][PASSED] - Statement - out.println("BatchQty : " + batchqty): null

2018-06-09 19:43:42 - [TEST_STEP][PASSED] - Statement - out.println("RQty : " + Rqty): null

2018-06-09 19:43:42 - [TEST_STEP][PASSED] - Statement - If (java.lang.Integer.valueOf(batchqty) >= java.lang.Integer.valueOf(Rqty)): null

2018-06-09 19:43:42 - [TEST_STEP][PASSED] - Statement - Break: null

2018-06-09 19:43:42 - [TEST_STEP][PASSED] - Statement - batchlength = new com.kms.katalon.core.testobject.TestObject(): null

2018-06-09 19:43:42 - [TEST_STEP][PASSED] - Statement - batchlength = com.kms.katalon.core.webui.keyword.WebUiBuiltInKeywords.modifyObjectProperty(batchlength, "xpath", "equals", "//*[@id = "fldvendor" + row + ""]", true): Modify property of object successfully

2018-06-09 19:43:42 - [MESSAGE][PASSED] - Modify property of object successfully

2018-06-09 19:43:42 - [TEST_STEP][PASSED] - Statement - batchsize = com.kms.katalon.core.webui.keyword.WebUiBuiltInKeywords.getNumberOfTotalOption(batchlength): 11 options of object '' counted

2018-06-09 19:43:42 - [MESSAGE][PASSED] - 11 options of object '' counted

2018-06-09 19:43:42 - [TEST_STEP][PASSED] - Statement - out.println("BatchSize : " + batchsize): null

2018-06-09 19:43:42 - [TEST_STEP][PASSED] - Statement - For ([n = 1, n <= batchsize - 1, (n++)]): null

2018-06-09 19:43:42 - [TEST_STEP][PASSED] - Statement - product = new com.kms.katalon.core.testobject.TestObject(): null

2018-06-09 19:43:42 - [TEST_STEP][PASSED] - Statement - product = com.kms.katalon.core.webui.keyword.WebUiBuiltInKeywords.modifyObjectProperty(product, "xpath", "equals", "//*[@id = "fldvendor" + row + ""]", true): Modify property of object successfully

2018-06-09 19:43:42 - [MESSAGE][PASSED] - Modify property of object successfully

2018-06-09 19:43:42 - [TEST_STEP][PASSED] - selectOptionByIndex: All options with index in [1] are selected on object ''

2018-06-09 19:43:42 - [MESSAGE][PASSED] - All options with index in [1] are selected on object ''

2018-06-09 19:43:42 - [TEST_STEP][PASSED] - delay: Delayed 2 second(s)

2018-06-09 19:43:44 - [MESSAGE][PASSED] - Delayed 2 second(s)

2018-06-09 19:43:44 - [TEST_STEP][PASSED] - Statement - batch = new com.kms.katalon.core.testobject.TestObject(): null

2018-06-09 19:43:44 - [TEST_STEP][PASSED] - Statement - batch = com.kms.katalon.core.webui.keyword.WebUiBuiltInKeywords.modifyObjectProperty(batch, "xpath", "equals", "//*[@id = "txtbthqty" + row + ""]", true): Modify property of object successfully

2018-06-09 19:43:44 - [MESSAGE][PASSED] - Modify property of object successfully

2018-06-09 19:43:44 - [TEST_STEP][PASSED] - Statement - batchqty = com.kms.katalon.core.webui.keyword.WebUiBuiltInKeywords.getAttribute(batch, "value").trim(): Attribute 'value' of object '' is: '1800'

2018-06-09 19:43:44 - [MESSAGE][PASSED] - Attribute 'value' of object '' is: '1800'

2018-06-09 19:43:44 - [TEST_STEP][PASSED] - Statement - Rqty = 100: null

2018-06-09 19:43:44 - [TEST_STEP][PASSED] - Statement - out.println("BatchQty : " + batchqty): null

2018-06-09 19:43:44 - [TEST_STEP][PASSED] - Statement - out.println("RQty : " + Rqty): null

2018-06-09 19:43:44 - [TEST_STEP][PASSED] - Statement - If (java.lang.Integer.valueOf(batchqty) >= java.lang.Integer.valueOf(Rqty)): null

2018-06-09 19:43:44 - [TEST_STEP][PASSED] - Statement - Break: null

2018-06-09 19:43:44 - [TEST_STEP][PASSED] - Statement - batchlength = new com.kms.katalon.core.testobject.TestObject(): null

2018-06-09 19:43:44 - [TEST_STEP][PASSED] - Statement - batchlength = com.kms.katalon.core.webui.keyword.WebUiBuiltInKeywords.modifyObjectProperty(batchlength, "xpath", "equals", "//*[@id = "fldvendor" + row + ""]", true): Modify property of object successfully

2018-06-09 19:43:44 - [MESSAGE][PASSED] - Modify property of object successfully

2018-06-09 19:43:44 - [TEST_STEP][PASSED] - Statement - batchsize = com.kms.katalon.core.webui.keyword.WebUiBuiltInKeywords.getNumberOfTotalOption(batchlength): 10 options of object '' counted

2018-06-09 19:43:44 - [MESSAGE][PASSED] - 10 options of object '' counted

2018-06-09 19:43:44 - [TEST_STEP][PASSED] - Statement - out.println("BatchSize : " + batchsize): null

2018-06-09 19:43:44 - [TEST_STEP][PASSED] - Statement - For ([n = 1, n <= batchsize - 1, (n++)]): null

2018-06-09 19:43:44 - [TEST_STEP][PASSED] - Statement - product = new com.kms.katalon.core.testobject.TestObject(): null

2018-06-09 19:43:44 - [TEST_STEP][PASSED] - Statement - product = com.kms.katalon.core.webui.keyword.WebUiBuiltInKeywords.modifyObjectProperty(product, "xpath", "equals", "//*[@id = "fldvendor" + row + ""]", true): Modify property of object successfully

2018-06-09 19:43:44 - [MESSAGE][PASSED] - Modify property of object successfully

2018-06-09 19:43:44 - [TEST_STEP][PASSED] - selectOptionByIndex: All options with index in [1] are selected on object ''

2018-06-09 19:43:45 - [MESSAGE][PASSED] - All options with index in [1] are selected on object ''

2018-06-09 19:43:45 - [TEST_STEP][PASSED] - delay: Delayed 2 second(s)

2018-06-09 19:43:47 - [MESSAGE][PASSED] - Delayed 2 second(s)

2018-06-09 19:43:47 - [TEST_STEP][PASSED] - Statement - batch = new com.kms.katalon.core.testobject.TestObject(): null

2018-06-09 19:43:47 - [TEST_STEP][PASSED] - Statement - batch = com.kms.katalon.core.webui.keyword.WebUiBuiltInKeywords.modifyObjectProperty(batch, "xpath", "equals", "//*[@id = "txtbthqty" + row + ""]", true): Modify property of object successfully

2018-06-09 19:43:47 - [MESSAGE][PASSED] - Modify property of object successfully

2018-06-09 19:43:47 - [TEST_STEP][PASSED] - Statement - batchqty = com.kms.katalon.core.webui.keyword.WebUiBuiltInKeywords.getAttribute(batch, "value").trim(): Attribute 'value' of object '' is: '3200'

2018-06-09 19:43:47 - [MESSAGE][PASSED] - Attribute 'value' of object '' is: '3200'

2018-06-09 19:43:47 - [TEST_STEP][PASSED] - Statement - Rqty = 100: null

2018-06-09 19:43:47 - [TEST_STEP][PASSED] - Statement - out.println("BatchQty : " + batchqty): null

2018-06-09 19:43:47 - [TEST_STEP][PASSED] - Statement - out.println("RQty : " + Rqty): null

2018-06-09 19:43:47 - [TEST_STEP][PASSED] - Statement - If (java.lang.Integer.valueOf(batchqty) >= java.lang.Integer.valueOf(Rqty)): null

2018-06-09 19:43:47 - [TEST_STEP][PASSED] - Statement - Break: null

2018-06-09 19:43:47 - [TEST_STEP][PASSED] - Statement - batchlength = new com.kms.katalon.core.testobject.TestObject(): null

2018-06-09 19:43:47 - [TEST_STEP][PASSED] - Statement - batchlength = com.kms.katalon.core.webui.keyword.WebUiBuiltInKeywords.modifyObjectProperty(batchlength, "xpath", "equals", "//*[@id = "fldvendor" + row + ""]", true): Modify property of object successfully

2018-06-09 19:43:47 - [MESSAGE][PASSED] - Modify property of object successfully

2018-06-09 19:43:47 - [TEST_STEP][PASSED] - Statement - batchsize = com.kms.katalon.core.webui.keyword.WebUiBuiltInKeywords.getNumberOfTotalOption(batchlength): 11 options of object '' counted

2018-06-09 19:43:47 - [MESSAGE][PASSED] - 11 options of object '' counted

2018-06-09 19:43:47 - [TEST_STEP][PASSED] - Statement - out.println("BatchSize : " + batchsize): null

2018-06-09 19:43:47 - [TEST_STEP][PASSED] - Statement - For ([n = 1, n <= batchsize - 1, (n++)]): null

2018-06-09 19:43:47 - [TEST_STEP][PASSED] - Statement - product = new com.kms.katalon.core.testobject.TestObject(): null

2018-06-09 19:43:47 - [TEST_STEP][PASSED] - Statement - product = com.kms.katalon.core.webui.keyword.WebUiBuiltInKeywords.modifyObjectProperty(product, "xpath", "equals", "//*[@id = "fldvendor" + row + ""]", true): Modify property of object successfully

2018-06-09 19:43:47 - [MESSAGE][PASSED] - Modify property of object successfully

2018-06-09 19:43:47 - [TEST_STEP][PASSED] - selectOptionByIndex: All options with index in [1] are selected on object ''

2018-06-09 19:43:47 - [MESSAGE][PASSED] - All options with index in [1] are selected on object ''

2018-06-09 19:43:47 - [TEST_STEP][PASSED] - delay: Delayed 2 second(s)

2018-06-09 19:43:49 - [MESSAGE][PASSED] - Delayed 2 second(s)

2018-06-09 19:43:49 - [TEST_STEP][PASSED] - Statement - batch = new com.kms.katalon.core.testobject.TestObject(): null

2018-06-09 19:43:49 - [TEST_STEP][PASSED] - Statement - batch = com.kms.katalon.core.webui.keyword.WebUiBuiltInKeywords.modifyObjectProperty(batch, "xpath", "equals", "//*[@id = "txtbthqty" + row + ""]", true): Modify property of object successfully

2018-06-09 19:43:49 - [MESSAGE][PASSED] - Modify property of object successfully

2018-06-09 19:43:49 - [TEST_STEP][PASSED] - Statement - batchqty = com.kms.katalon.core.webui.keyword.WebUiBuiltInKeywords.getAttribute(batch, "value").trim(): Attribute 'value' of object '' is: '800'

2018-06-09 19:43:49 - [MESSAGE][PASSED] - Attribute 'value' of object '' is: '800'

2018-06-09 19:43:49 - [TEST_STEP][PASSED] - Statement - Rqty = 100: null

2018-06-09 19:43:49 - [TEST_STEP][PASSED] - Statement - out.println("BatchQty : " + batchqty): null

2018-06-09 19:43:49 - [TEST_STEP][PASSED] - Statement - out.println("RQty : " + Rqty): null

2018-06-09 19:43:49 - [TEST_STEP][PASSED] - Statement - If (java.lang.Integer.valueOf(batchqty) >= java.lang.Integer.valueOf(Rqty)): null

2018-06-09 19:43:49 - [TEST_STEP][PASSED] - Statement - Break: null

2018-06-09 19:43:49 - [TEST_STEP][PASSED] - Statement - batchlength = new com.kms.katalon.core.testobject.TestObject(): null

2018-06-09 19:43:49 - [TEST_STEP][PASSED] - Statement - batchlength = com.kms.katalon.core.webui.keyword.WebUiBuiltInKeywords.modifyObjectProperty(batchlength, "xpath", "equals", "//*[@id = "fldvendor" + row + ""]", true): Modify property of object successfully

2018-06-09 19:43:49 - [MESSAGE][PASSED] - Modify property of object successfully

2018-06-09 19:43:49 - [TEST_STEP][PASSED] - Statement - batchsize = com.kms.katalon.core.webui.keyword.WebUiBuiltInKeywords.getNumberOfTotalOption(batchlength): 11 options of object '' counted

2018-06-09 19:43:49 - [MESSAGE][PASSED] - 11 options of object '' counted

2018-06-09 19:43:49 - [TEST_STEP][PASSED] - Statement - out.println("BatchSize : " + batchsize): null

2018-06-09 19:43:49 - [TEST_STEP][PASSED] - Statement - For ([n = 1, n <= batchsize - 1, (n++)]): null

2018-06-09 19:43:49 - [TEST_STEP][PASSED] - Statement - product = new com.kms.katalon.core.testobject.TestObject(): null

2018-06-09 19:43:49 - [TEST_STEP][PASSED] - Statement - product = com.kms.katalon.core.webui.keyword.WebUiBuiltInKeywords.modifyObjectProperty(product, "xpath", "equals", "//*[@id = "fldvendor" + row + ""]", true): Modify property of object successfully

2018-06-09 19:43:49 - [MESSAGE][PASSED] - Modify property of object successfully

2018-06-09 19:43:49 - [TEST_STEP][PASSED] - selectOptionByIndex: All options with index in [1] are selected on object ''

2018-06-09 19:43:49 - [MESSAGE][PASSED] - All options with index in [1] are selected on object ''

2018-06-09 19:43:49 - [TEST_STEP][PASSED] - delay: Delayed 2 second(s)

2018-06-09 19:43:51 - [MESSAGE][PASSED] - Delayed 2 second(s)

2018-06-09 19:43:51 - [TEST_STEP][PASSED] - Statement - batch = new com.kms.katalon.core.testobject.TestObject(): null

2018-06-09 19:43:51 - [TEST_STEP][PASSED] - Statement - batch = com.kms.katalon.core.webui.keyword.WebUiBuiltInKeywords.modifyObjectProperty(batch, "xpath", "equals", "//*[@id = "txtbthqty" + row + ""]", true): Modify property of object successfully

2018-06-09 19:43:51 - [MESSAGE][PASSED] - Modify property of object successfully

2018-06-09 19:43:51 - [TEST_STEP][PASSED] - Statement - batchqty = com.kms.katalon.core.webui.keyword.WebUiBuiltInKeywords.getAttribute(batch, "value").trim(): Attribute 'value' of object '' is: '35700'

2018-06-09 19:43:51 - [MESSAGE][PASSED] - Attribute 'value' of object '' is: '35700'

2018-06-09 19:43:51 - [TEST_STEP][PASSED] - Statement - Rqty = 100: null

2018-06-09 19:43:51 - [TEST_STEP][PASSED] - Statement - out.println("BatchQty : " + batchqty): null

2018-06-09 19:43:51 - [TEST_STEP][PASSED] - Statement - out.println("RQty : " + Rqty): null

2018-06-09 19:43:51 - [TEST_STEP][PASSED] - Statement - If (java.lang.Integer.valueOf(batchqty) >= java.lang.Integer.valueOf(Rqty)): null

2018-06-09 19:43:51 - [TEST_STEP][PASSED] - Statement - Break: null

2018-06-09 19:43:51 - [TEST_STEP][PASSED] - Statement - batchlength = new com.kms.katalon.core.testobject.TestObject(): null

2018-06-09 19:43:51 - [TEST_STEP][PASSED] - Statement - batchlength = com.kms.katalon.core.webui.keyword.WebUiBuiltInKeywords.modifyObjectProperty(batchlength, "xpath", "equals", "//*[@id = "fldvendor" + row + ""]", true): Modify property of object successfully

2018-06-09 19:43:51 - [MESSAGE][PASSED] - Modify property of object successfully

2018-06-09 19:43:51 - [TEST_STEP][PASSED] - Statement - batchsize = com.kms.katalon.core.webui.keyword.WebUiBuiltInKeywords.getNumberOfTotalOption(batchlength): 11 options of object '' counted

2018-06-09 19:43:51 - [MESSAGE][PASSED] - 11 options of object '' counted

2018-06-09 19:43:51 - [TEST_STEP][PASSED] - Statement - out.println("BatchSize : " + batchsize): null

2018-06-09 19:43:51 - [TEST_STEP][PASSED] - Statement - For ([n = 1, n <= batchsize - 1, (n++)]): null

2018-06-09 19:43:51 - [TEST_STEP][PASSED] - Statement - product = new com.kms.katalon.core.testobject.TestObject(): null

2018-06-09 19:43:51 - [TEST_STEP][PASSED] - Statement - product = com.kms.katalon.core.webui.keyword.WebUiBuiltInKeywords.modifyObjectProperty(product, "xpath", "equals", "//*[@id = "fldvendor" + row + ""]", true): Modify property of object successfully

2018-06-09 19:43:51 - [MESSAGE][PASSED] - Modify property of object successfully

2018-06-09 19:43:51 - [TEST_STEP][PASSED] - selectOptionByIndex: All options with index in [1] are selected on object ''

2018-06-09 19:43:51 - [MESSAGE][PASSED] - All options with index in [1] are selected on object ''

2018-06-09 19:43:51 - [TEST_STEP][PASSED] - delay: Delayed 2 second(s)

2018-06-09 19:43:53 - [MESSAGE][PASSED] - Delayed 2 second(s)

2018-06-09 19:43:53 - [TEST_STEP][PASSED] - Statement - batch = new com.kms.katalon.core.testobject.TestObject(): null

2018-06-09 19:43:53 - [TEST_STEP][PASSED] - Statement - batch = com.kms.katalon.core.webui.keyword.WebUiBuiltInKeywords.modifyObjectProperty(batch, "xpath", "equals", "//*[@id = "txtbthqty" + row + ""]", true): Modify property of object successfully

2018-06-09 19:43:53 - [MESSAGE][PASSED] - Modify property of object successfully

2018-06-09 19:43:53 - [TEST_STEP][PASSED] - Statement - batchqty = com.kms.katalon.core.webui.keyword.WebUiBuiltInKeywords.getAttribute(batch, "value").trim(): Attribute 'value' of object '' is: '800'

2018-06-09 19:43:53 - [MESSAGE][PASSED] - Attribute 'value' of object '' is: '800'

2018-06-09 19:43:53 - [TEST_STEP][PASSED] - Statement - Rqty = 100: null

2018-06-09 19:43:53 - [TEST_STEP][PASSED] - Statement - out.println("BatchQty : " + batchqty): null

2018-06-09 19:43:53 - [TEST_STEP][PASSED] - Statement - out.println("RQty : " + Rqty): null

2018-06-09 19:43:53 - [TEST_STEP][PASSED] - Statement - If (java.lang.Integer.valueOf(batchqty) >= java.lang.Integer.valueOf(Rqty)): null

2018-06-09 19:43:53 - [TEST_STEP][PASSED] - Statement - Break: null

2018-06-09 19:43:53 - [TEST_STEP][PASSED] - Statement - batchlength = new com.kms.katalon.core.testobject.TestObject(): null

2018-06-09 19:43:53 - [TEST_STEP][PASSED] - Statement - batchlength = com.kms.katalon.core.webui.keyword.WebUiBuiltInKeywords.modifyObjectProperty(batchlength, "xpath", "equals", "//*[@id = "fldvendor" + row + ""]", true): Modify property of object successfully

2018-06-09 19:43:53 - [MESSAGE][PASSED] - Modify property of object successfully

2018-06-09 19:43:53 - [TEST_STEP][PASSED] - Statement - batchsize = com.kms.katalon.core.webui.keyword.WebUiBuiltInKeywords.getNumberOfTotalOption(batchlength): 11 options of object '' counted

2018-06-09 19:43:53 - [MESSAGE][PASSED] - 11 options of object '' counted

2018-06-09 19:43:53 - [TEST_STEP][PASSED] - Statement - out.println("BatchSize : " + batchsize): null

2018-06-09 19:43:53 - [TEST_STEP][PASSED] - Statement - For ([n = 1, n <= batchsize - 1, (n++)]): null

2018-06-09 19:43:53 - [TEST_STEP][PASSED] - Statement - product = new com.kms.katalon.core.testobject.TestObject(): null

2018-06-09 19:43:53 - [TEST_STEP][PASSED] - Statement - product = com.kms.katalon.core.webui.keyword.WebUiBuiltInKeywords.modifyObjectProperty(product, "xpath", "equals", "//*[@id = "fldvendor" + row + ""]", true): Modify property of object successfully

2018-06-09 19:43:53 - [MESSAGE][PASSED] - Modify property of object successfully

2018-06-09 19:43:53 - [TEST_STEP][PASSED] - selectOptionByIndex: All options with index in [1] are selected on object ''

2018-06-09 19:43:54 - [MESSAGE][PASSED] - All options with index in [1] are selected on object ''

2018-06-09 19:43:54 - [TEST_STEP][PASSED] - delay: Delayed 2 second(s)

2018-06-09 19:43:56 - [MESSAGE][PASSED] - Delayed 2 second(s)

2018-06-09 19:43:56 - [TEST_STEP][PASSED] - Statement - batch = new com.kms.katalon.core.testobject.TestObject(): null

2018-06-09 19:43:56 - [TEST_STEP][PASSED] - Statement - batch = com.kms.katalon.core.webui.keyword.WebUiBuiltInKeywords.modifyObjectProperty(batch, "xpath", "equals", "//*[@id = "txtbthqty" + row + ""]", true): Modify property of object successfully

2018-06-09 19:43:56 - [MESSAGE][PASSED] - Modify property of object successfully

2018-06-09 19:43:56 - [TEST_STEP][PASSED] - Statement - batchqty = com.kms.katalon.core.webui.keyword.WebUiBuiltInKeywords.getAttribute(batch, "value").trim(): Attribute 'value' of object '' is: '35700'

2018-06-09 19:43:56 - [MESSAGE][PASSED] - Attribute 'value' of object '' is: '35700'

2018-06-09 19:43:56 - [TEST_STEP][PASSED] - Statement - Rqty = 100: null

2018-06-09 19:43:56 - [TEST_STEP][PASSED] - Statement - out.println("BatchQty : " + batchqty): null

2018-06-09 19:43:56 - [TEST_STEP][PASSED] - Statement - out.println("RQty : " + Rqty): null

2018-06-09 19:43:56 - [TEST_STEP][PASSED] - Statement - If (java.lang.Integer.valueOf(batchqty) >= java.lang.Integer.valueOf(Rqty)): null

2018-06-09 19:43:56 - [TEST_STEP][PASSED] - Statement - Break: null

2018-06-09 19:43:56 - [TEST_STEP][PASSED] - Statement - batchlength = new com.kms.katalon.core.testobject.TestObject(): null

2018-06-09 19:43:56 - [TEST_STEP][PASSED] - Statement - batchlength = com.kms.katalon.core.webui.keyword.WebUiBuiltInKeywords.modifyObjectProperty(batchlength, "xpath", "equals", "//*[@id = "fldvendor" + row + ""]", true): Modify property of object successfully

2018-06-09 19:43:56 - [MESSAGE][PASSED] - Modify property of object successfully

2018-06-09 19:43:56 - [TEST_STEP][PASSED] - Statement - batchsize = com.kms.katalon.core.webui.keyword.WebUiBuiltInKeywords.getNumberOfTotalOption(batchlength): 11 options of object '' counted

2018-06-09 19:43:56 - [MESSAGE][PASSED] - 11 options of object '' counted

2018-06-09 19:43:56 - [TEST_STEP][PASSED] - Statement - out.println("BatchSize : " + batchsize): null

2018-06-09 19:43:56 - [TEST_STEP][PASSED] - Statement - For ([n = 1, n <= batchsize - 1, (n++)]): null

2018-06-09 19:43:56 - [TEST_STEP][PASSED] - Statement - product = new com.kms.katalon.core.testobject.TestObject(): null

2018-06-09 19:43:56 - [TEST_STEP][PASSED] - Statement - product = com.kms.katalon.core.webui.keyword.WebUiBuiltInKeywords.modifyObjectProperty(product, "xpath", "equals", "//*[@id = "fldvendor" + row + ""]", true): Modify property of object successfully

2018-06-09 19:43:56 - [MESSAGE][PASSED] - Modify property of object successfully

2018-06-09 19:43:56 - [TEST_STEP][PASSED] - selectOptionByIndex: All options with index in [1] are selected on object ''

2018-06-09 19:43:56 - [MESSAGE][PASSED] - All options with index in [1] are selected on object ''

2018-06-09 19:43:56 - [TEST_STEP][PASSED] - delay: Delayed 2 second(s)

2018-06-09 19:43:58 - [MESSAGE][PASSED] - Delayed 2 second(s)

2018-06-09 19:43:58 - [TEST_STEP][PASSED] - Statement - batch = new com.kms.katalon.core.testobject.TestObject(): null

2018-06-09 19:43:58 - [TEST_STEP][PASSED] - Statement - batch = com.kms.katalon.core.webui.keyword.WebUiBuiltInKeywords.modifyObjectProperty(batch, "xpath", "equals", "//*[@id = "txtbthqty" + row + ""]", true): Modify property of object successfully

2018-06-09 19:43:58 - [MESSAGE][PASSED] - Modify property of object successfully

2018-06-09 19:43:58 - [TEST_STEP][PASSED] - Statement - batchqty = com.kms.katalon.core.webui.keyword.WebUiBuiltInKeywords.getAttribute(batch, "value").trim(): Attribute 'value' of object '' is: '3400'

2018-06-09 19:43:58 - [MESSAGE][PASSED] - Attribute 'value' of object '' is: '3400'

2018-06-09 19:43:58 - [TEST_STEP][PASSED] - Statement - Rqty = 100: null

2018-06-09 19:43:58 - [TEST_STEP][PASSED] - Statement - out.println("BatchQty : " + batchqty): null

2018-06-09 19:43:58 - [TEST_STEP][PASSED] - Statement - out.println("RQty : " + Rqty): null

2018-06-09 19:43:58 - [TEST_STEP][PASSED] - Statement - If (java.lang.Integer.valueOf(batchqty) >= java.lang.Integer.valueOf(Rqty)): null

2018-06-09 19:43:58 - [TEST_STEP][PASSED] - Statement - Break: null

2018-06-09 19:43:58 - [TEST_STEP][PASSED] - Statement - batchlength = new com.kms.katalon.core.testobject.TestObject(): null

2018-06-09 19:43:58 - [TEST_STEP][PASSED] - Statement - batchlength = com.kms.katalon.core.webui.keyword.WebUiBuiltInKeywords.modifyObjectProperty(batchlength, "xpath", "equals", "//*[@id = "fldvendor" + row + ""]", true): Modify property of object successfully

2018-06-09 19:43:58 - [MESSAGE][PASSED] - Modify property of object successfully

2018-06-09 19:43:58 - [TEST_STEP][PASSED] - Statement - batchsize = com.kms.katalon.core.webui.keyword.WebUiBuiltInKeywords.getNumberOfTotalOption(batchlength): 10 options of object '' counted

2018-06-09 19:43:58 - [MESSAGE][PASSED] - 10 options of object '' counted

2018-06-09 19:43:58 - [TEST_STEP][PASSED] - Statement - out.println("BatchSize : " + batchsize): null

2018-06-09 19:43:58 - [TEST_STEP][PASSED] - Statement - For ([n = 1, n <= batchsize - 1, (n++)]): null

2018-06-09 19:43:58 - [TEST_STEP][PASSED] - Statement - product = new com.kms.katalon.core.testobject.TestObject(): null

2018-06-09 19:43:58 - [TEST_STEP][PASSED] - Statement - product = com.kms.katalon.core.webui.keyword.WebUiBuiltInKeywords.modifyObjectProperty(product, "xpath", "equals", "//*[@id = "fldvendor" + row + ""]", true): Modify property of object successfully

2018-06-09 19:43:58 - [MESSAGE][PASSED] - Modify property of object successfully

2018-06-09 19:43:58 - [TEST_STEP][PASSED] - selectOptionByIndex: All options with index in [1] are selected on object ''

2018-06-09 19:43:58 - [MESSAGE][PASSED] - All options with index in [1] are selected on object ''

2018-06-09 19:43:58 - [TEST_STEP][PASSED] - delay: Delayed 2 second(s)

2018-06-09 19:44:00 - [MESSAGE][PASSED] - Delayed 2 second(s)

2018-06-09 19:44:00 - [TEST_STEP][PASSED] - Statement - batch = new com.kms.katalon.core.testobject.TestObject(): null

2018-06-09 19:44:00 - [TEST_STEP][PASSED] - Statement - batch = com.kms.katalon.core.webui.keyword.WebUiBuiltInKeywords.modifyObjectProperty(batch, "xpath", "equals", "//*[@id = "txtbthqty" + row + ""]", true): Modify property of object successfully

2018-06-09 19:44:00 - [MESSAGE][PASSED] - Modify property of object successfully

2018-06-09 19:44:00 - [TEST_STEP][PASSED] - Statement - batchqty = com.kms.katalon.core.webui.keyword.WebUiBuiltInKeywords.getAttribute(batch, "value").trim(): Attribute 'value' of object '' is: '3200'

2018-06-09 19:44:00 - [MESSAGE][PASSED] - Attribute 'value' of object '' is: '3200'

2018-06-09 19:44:00 - [TEST_STEP][PASSED] - Statement - Rqty = 100: null

2018-06-09 19:44:00 - [TEST_STEP][PASSED] - Statement - out.println("BatchQty : " + batchqty): null

2018-06-09 19:44:00 - [TEST_STEP][PASSED] - Statement - out.println("RQty : " + Rqty): null

2018-06-09 19:44:00 - [TEST_STEP][PASSED] - Statement - If (java.lang.Integer.valueOf(batchqty) >= java.lang.Integer.valueOf(Rqty)): null

2018-06-09 19:44:00 - [TEST_STEP][PASSED] - Statement - Break: null

2018-06-09 19:44:00 - [TEST_STEP][PASSED] - Statement - batchlength = new com.kms.katalon.core.testobject.TestObject(): null

2018-06-09 19:44:00 - [TEST_STEP][PASSED] - Statement - batchlength = com.kms.katalon.core.webui.keyword.WebUiBuiltInKeywords.modifyObjectProperty(batchlength, "xpath", "equals", "//*[@id = "fldvendor" + row + ""]", true): Modify property of object successfully

2018-06-09 19:44:00 - [MESSAGE][PASSED] - Modify property of object successfully

2018-06-09 19:44:00 - [TEST_STEP][PASSED] - Statement - batchsize = com.kms.katalon.core.webui.keyword.WebUiBuiltInKeywords.getNumberOfTotalOption(batchlength): 10 options of object '' counted

2018-06-09 19:44:00 - [MESSAGE][PASSED] - 10 options of object '' counted

2018-06-09 19:44:00 - [TEST_STEP][PASSED] - Statement - out.println("BatchSize : " + batchsize): null

2018-06-09 19:44:00 - [TEST_STEP][PASSED] - Statement - For ([n = 1, n <= batchsize - 1, (n++)]): null

2018-06-09 19:44:00 - [TEST_STEP][PASSED] - Statement - product = new com.kms.katalon.core.testobject.TestObject(): null

2018-06-09 19:44:00 - [TEST_STEP][PASSED] - Statement - product = com.kms.katalon.core.webui.keyword.WebUiBuiltInKeywords.modifyObjectProperty(product, "xpath", "equals", "//*[@id = "fldvendor" + row + ""]", true): Modify property of object successfully

2018-06-09 19:44:00 - [MESSAGE][PASSED] - Modify property of object successfully

2018-06-09 19:44:00 - [TEST_STEP][PASSED] - selectOptionByIndex: All options with index in [1] are selected on object ''

2018-06-09 19:44:00 - [MESSAGE][PASSED] - All options with index in [1] are selected on object ''

2018-06-09 19:44:00 - [TEST_STEP][PASSED] - delay: Delayed 2 second(s)

2018-06-09 19:44:02 - [MESSAGE][PASSED] - Delayed 2 second(s)

2018-06-09 19:44:02 - [TEST_STEP][PASSED] - Statement - batch = new com.kms.katalon.core.testobject.TestObject(): null

2018-06-09 19:44:02 - [TEST_STEP][PASSED] - Statement - batch = com.kms.katalon.core.webui.keyword.WebUiBuiltInKeywords.modifyObjectProperty(batch, "xpath", "equals", "//*[@id = "txtbthqty" + row + ""]", true): Modify property of object successfully

2018-06-09 19:44:02 - [MESSAGE][PASSED] - Modify property of object successfully

2018-06-09 19:44:02 - [TEST_STEP][PASSED] - Statement - batchqty = com.kms.katalon.core.webui.keyword.WebUiBuiltInKeywords.getAttribute(batch, "value").trim(): Attribute 'value' of object '' is: '2100'

2018-06-09 19:44:02 - [MESSAGE][PASSED] - Attribute 'value' of object '' is: '2100'

2018-06-09 19:44:02 - [TEST_STEP][PASSED] - Statement - Rqty = 100: null

2018-06-09 19:44:02 - [TEST_STEP][PASSED] - Statement - out.println("BatchQty : " + batchqty): null

2018-06-09 19:44:02 - [TEST_STEP][PASSED] - Statement - out.println("RQty : " + Rqty): null

2018-06-09 19:44:02 - [TEST_STEP][PASSED] - Statement - If (java.lang.Integer.valueOf(batchqty) >= java.lang.Integer.valueOf(Rqty)): null

2018-06-09 19:44:02 - [TEST_STEP][PASSED] - Statement - Break: null

2018-06-09 19:44:02 - [TEST_STEP][PASSED] - Statement - batchlength = new com.kms.katalon.core.testobject.TestObject(): null

2018-06-09 19:44:02 - [TEST_STEP][PASSED] - Statement - batchlength = com.kms.katalon.core.webui.keyword.WebUiBuiltInKeywords.modifyObjectProperty(batchlength, "xpath", "equals", "//*[@id = "fldvendor" + row + ""]", true): Modify property of object successfully

2018-06-09 19:44:02 - [MESSAGE][PASSED] - Modify property of object successfully

2018-06-09 19:44:02 - [TEST_STEP][PASSED] - Statement - batchsize = com.kms.katalon.core.webui.keyword.WebUiBuiltInKeywords.getNumberOfTotalOption(batchlength): 10 options of object '' counted

2018-06-09 19:44:02 - [MESSAGE][PASSED] - 10 options of object '' counted

2018-06-09 19:44:02 - [TEST_STEP][PASSED] - Statement - out.println("BatchSize : " + batchsize): null

2018-06-09 19:44:02 - [TEST_STEP][PASSED] - Statement - For ([n = 1, n <= batchsize - 1, (n++)]): null

2018-06-09 19:44:02 - [TEST_STEP][PASSED] - Statement - product = new com.kms.katalon.core.testobject.TestObject(): null

2018-06-09 19:44:02 - [TEST_STEP][PASSED] - Statement - product = com.kms.katalon.core.webui.keyword.WebUiBuiltInKeywords.modifyObjectProperty(product, "xpath", "equals", "//*[@id = "fldvendor" + row + ""]", true): Modify property of object successfully

2018-06-09 19:44:02 - [MESSAGE][PASSED] - Modify property of object successfully

2018-06-09 19:44:02 - [TEST_STEP][PASSED] - selectOptionByIndex: All options with index in [1] are selected on object ''

2018-06-09 19:44:02 - [MESSAGE][PASSED] - All options with index in [1] are selected on object ''

2018-06-09 19:44:02 - [TEST_STEP][PASSED] - delay: Delayed 2 second(s)

2018-06-09 19:44:04 - [MESSAGE][PASSED] - Delayed 2 second(s)

2018-06-09 19:44:04 - [TEST_STEP][PASSED] - Statement - batch = new com.kms.katalon.core.testobject.TestObject(): null

2018-06-09 19:44:04 - [TEST_STEP][PASSED] - Statement - batch = com.kms.katalon.core.webui.keyword.WebUiBuiltInKeywords.modifyObjectProperty(batch, "xpath", "equals", "//*[@id = "txtbthqty" + row + ""]", true): Modify property of object successfully

2018-06-09 19:44:05 - [MESSAGE][PASSED] - Modify property of object successfully

2018-06-09 19:44:05 - [TEST_STEP][PASSED] - Statement - batchqty = com.kms.katalon.core.webui.keyword.WebUiBuiltInKeywords.getAttribute(batch, "value").trim(): Attribute 'value' of object '' is: '3400'

2018-06-09 19:44:05 - [MESSAGE][PASSED] - Attribute 'value' of object '' is: '3400'

2018-06-09 19:44:05 - [TEST_STEP][PASSED] - Statement - Rqty = 100: null

2018-06-09 19:44:05 - [TEST_STEP][PASSED] - Statement - out.println("BatchQty : " + batchqty): null

2018-06-09 19:44:05 - [TEST_STEP][PASSED] - Statement - out.println("RQty : " + Rqty): null

2018-06-09 19:44:05 - [TEST_STEP][PASSED] - Statement - If (java.lang.Integer.valueOf(batchqty) >= java.lang.Integer.valueOf(Rqty)): null

2018-06-09 19:44:05 - [TEST_STEP][PASSED] - Statement - Break: null

2018-06-09 19:44:05 - [TEST_STEP][PASSED] - Statement - batchlength = new com.kms.katalon.core.testobject.TestObject(): null

2018-06-09 19:44:05 - [TEST_STEP][PASSED] - Statement - batchlength = com.kms.katalon.core.webui.keyword.WebUiBuiltInKeywords.modifyObjectProperty(batchlength, "xpath", "equals", "//*[@id = "fldvendor" + row + ""]", true): Modify property of object successfully

2018-06-09 19:44:05 - [MESSAGE][PASSED] - Modify property of object successfully

2018-06-09 19:44:05 - [TEST_STEP][PASSED] - Statement - batchsize = com.kms.katalon.core.webui.keyword.WebUiBuiltInKeywords.getNumberOfTotalOption(batchlength): 11 options of object '' counted

2018-06-09 19:44:05 - [MESSAGE][PASSED] - 11 options of object '' counted

2018-06-09 19:44:05 - [TEST_STEP][PASSED] - Statement - out.println("BatchSize : " + batchsize): null

2018-06-09 19:44:05 - [TEST_STEP][PASSED] - Statement - For ([n = 1, n <= batchsize - 1, (n++)]): null

2018-06-09 19:44:05 - [TEST_STEP][PASSED] - Statement - product = new com.kms.katalon.core.testobject.TestObject(): null

2018-06-09 19:44:05 - [TEST_STEP][PASSED] - Statement - product = com.kms.katalon.core.webui.keyword.WebUiBuiltInKeywords.modifyObjectProperty(product, "xpath", "equals", "//*[@id = "fldvendor" + row + ""]", true): Modify property of object successfully

2018-06-09 19:44:05 - [MESSAGE][PASSED] - Modify property of object successfully

2018-06-09 19:44:05 - [TEST_STEP][PASSED] - selectOptionByIndex: All options with index in [1] are selected on object ''

2018-06-09 19:44:05 - [MESSAGE][PASSED] - All options with index in [1] are selected on object ''

2018-06-09 19:44:05 - [TEST_STEP][PASSED] - delay: Delayed 2 second(s)

2018-06-09 19:44:07 - [MESSAGE][PASSED] - Delayed 2 second(s)

2018-06-09 19:44:07 - [TEST_STEP][PASSED] - Statement - batch = new com.kms.katalon.core.testobject.TestObject(): null

2018-06-09 19:44:07 - [TEST_STEP][PASSED] - Statement - batch = com.kms.katalon.core.webui.keyword.WebUiBuiltInKeywords.modifyObjectProperty(batch, "xpath", "equals", "//*[@id = "txtbthqty" + row + ""]", true): Modify property of object successfully

2018-06-09 19:44:07 - [MESSAGE][PASSED] - Modify property of object successfully

2018-06-09 19:44:07 - [TEST_STEP][PASSED] - Statement - batchqty = com.kms.katalon.core.webui.keyword.WebUiBuiltInKeywords.getAttribute(batch, "value").trim(): Attribute 'value' of object '' is: '800'

2018-06-09 19:44:07 - [MESSAGE][PASSED] - Attribute 'value' of object '' is: '800'

2018-06-09 19:44:07 - [TEST_STEP][PASSED] - Statement - Rqty = 100: null

2018-06-09 19:44:07 - [TEST_STEP][PASSED] - Statement - out.println("BatchQty : " + batchqty): null

2018-06-09 19:44:07 - [TEST_STEP][PASSED] - Statement - out.println("RQty : " + Rqty): null

2018-06-09 19:44:07 - [TEST_STEP][PASSED] - Statement - If (java.lang.Integer.valueOf(batchqty) >= java.lang.Integer.valueOf(Rqty)): null

2018-06-09 19:44:07 - [TEST_STEP][PASSED] - Statement - Break: null

2018-06-09 19:44:07 - [TEST_STEP][PASSED] - Statement - batchlength = new com.kms.katalon.core.testobject.TestObject(): null

2018-06-09 19:44:07 - [TEST_STEP][PASSED] - Statement - batchlength = com.kms.katalon.core.webui.keyword.WebUiBuiltInKeywords.modifyObjectProperty(batchlength, "xpath", "equals", "//*[@id = "fldvendor" + row + ""]", true): Modify property of object successfully

2018-06-09 19:44:07 - [MESSAGE][PASSED] - Modify property of object successfully

2018-06-09 19:44:07 - [TEST_STEP][PASSED] - Statement - batchsize = com.kms.katalon.core.webui.keyword.WebUiBuiltInKeywords.getNumberOfTotalOption(batchlength): 11 options of object '' counted

2018-06-09 19:44:07 - [MESSAGE][PASSED] - 11 options of object '' counted

2018-06-09 19:44:07 - [TEST_STEP][PASSED] - Statement - out.println("BatchSize : " + batchsize): null

2018-06-09 19:44:07 - [TEST_STEP][PASSED] - Statement - For ([n = 1, n <= batchsize - 1, (n++)]): null

2018-06-09 19:44:07 - [TEST_STEP][PASSED] - Statement - product = new com.kms.katalon.core.testobject.TestObject(): null

2018-06-09 19:44:07 - [TEST_STEP][PASSED] - Statement - product = com.kms.katalon.core.webui.keyword.WebUiBuiltInKeywords.modifyObjectProperty(product, "xpath", "equals", "//*[@id = "fldvendor" + row + ""]", true): Modify property of object successfully

2018-06-09 19:44:07 - [MESSAGE][PASSED] - Modify property of object successfully

2018-06-09 19:44:07 - [TEST_STEP][PASSED] - selectOptionByIndex: All options with index in [1] are selected on object ''

2018-06-09 19:44:07 - [MESSAGE][PASSED] - All options with index in [1] are selected on object ''

2018-06-09 19:44:07 - [TEST_STEP][PASSED] - delay: Delayed 2 second(s)

2018-06-09 19:44:09 - [MESSAGE][PASSED] - Delayed 2 second(s)

2018-06-09 19:44:09 - [TEST_STEP][PASSED] - Statement - batch = new com.kms.katalon.core.testobject.TestObject(): null

2018-06-09 19:44:09 - [TEST_STEP][PASSED] - Statement - batch = com.kms.katalon.core.webui.keyword.WebUiBuiltInKeywords.modifyObjectProperty(batch, "xpath", "equals", "//*[@id = "txtbthqty" + row + ""]", true): Modify property of object successfully

2018-06-09 19:44:09 - [MESSAGE][PASSED] - Modify property of object successfully

2018-06-09 19:44:09 - [TEST_STEP][PASSED] - Statement - batchqty = com.kms.katalon.core.webui.keyword.WebUiBuiltInKeywords.getAttribute(batch, "value").trim(): Attribute 'value' of object '' is: '3100'

2018-06-09 19:44:09 - [MESSAGE][PASSED] - Attribute 'value' of object '' is: '3100'

2018-06-09 19:44:09 - [TEST_STEP][PASSED] - Statement - Rqty = 100: null

2018-06-09 19:44:09 - [TEST_STEP][PASSED] - Statement - out.println("BatchQty : " + batchqty): null

2018-06-09 19:44:09 - [TEST_STEP][PASSED] - Statement - out.println("RQty : " + Rqty): null

2018-06-09 19:44:09 - [TEST_STEP][PASSED] - Statement - If (java.lang.Integer.valueOf(batchqty) >= java.lang.Integer.valueOf(Rqty)): null

2018-06-09 19:44:09 - [TEST_STEP][PASSED] - Statement - Break: null

2018-06-09 19:44:09 - [TEST_STEP][PASSED] - Statement - batchlength = new com.kms.katalon.core.testobject.TestObject(): null

2018-06-09 19:44:09 - [TEST_STEP][PASSED] - Statement - batchlength = com.kms.katalon.core.webui.keyword.WebUiBuiltInKeywords.modifyObjectProperty(batchlength, "xpath", "equals", "//*[@id = "fldvendor" + row + ""]", true): Modify property of object successfully

2018-06-09 19:44:09 - [MESSAGE][PASSED] - Modify property of object successfully

2018-06-09 19:44:09 - [TEST_STEP][PASSED] - Statement - batchsize = com.kms.katalon.core.webui.keyword.WebUiBuiltInKeywords.getNumberOfTotalOption(batchlength): 11 options of object '' counted

2018-06-09 19:44:09 - [MESSAGE][PASSED] - 11 options of object '' counted

2018-06-09 19:44:09 - [TEST_STEP][PASSED] - Statement - out.println("BatchSize : " + batchsize): null

2018-06-09 19:44:09 - [TEST_STEP][PASSED] - Statement - For ([n = 1, n <= batchsize - 1, (n++)]): null

2018-06-09 19:44:09 - [TEST_STEP][PASSED] - Statement - product = new com.kms.katalon.core.testobject.TestObject(): null

2018-06-09 19:44:09 - [TEST_STEP][PASSED] - Statement - product = com.kms.katalon.core.webui.keyword.WebUiBuiltInKeywords.modifyObjectProperty(product, "xpath", "equals", "//*[@id = "fldvendor" + row + ""]", true): Modify property of object successfully

2018-06-09 19:44:09 - [MESSAGE][PASSED] - Modify property of object successfully

2018-06-09 19:44:09 - [TEST_STEP][PASSED] - selectOptionByIndex: All options with index in [1] are selected on object ''

2018-06-09 19:44:09 - [MESSAGE][PASSED] - All options with index in [1] are selected on object ''

2018-06-09 19:44:09 - [TEST_STEP][PASSED] - delay: Delayed 2 second(s)

2018-06-09 19:44:11 - [MESSAGE][PASSED] - Delayed 2 second(s)

2018-06-09 19:44:11 - [TEST_STEP][PASSED] - Statement - batch = new com.kms.katalon.core.testobject.TestObject(): null

2018-06-09 19:44:11 - [TEST_STEP][PASSED] - Statement - batch = com.kms.katalon.core.webui.keyword.WebUiBuiltInKeywords.modifyObjectProperty(batch, "xpath", "equals", "//*[@id = "txtbthqty" + row + ""]", true): Modify property of object successfully

2018-06-09 19:44:11 - [MESSAGE][PASSED] - Modify property of object successfully

2018-06-09 19:44:11 - [TEST_STEP][PASSED] - Statement - batchqty = com.kms.katalon.core.webui.keyword.WebUiBuiltInKeywords.getAttribute(batch, "value").trim(): Attribute 'value' of object '' is: '1800'

2018-06-09 19:44:11 - [MESSAGE][PASSED] - Attribute 'value' of object '' is: '1800'

2018-06-09 19:44:11 - [TEST_STEP][PASSED] - Statement - Rqty = 100: null

2018-06-09 19:44:11 - [TEST_STEP][PASSED] - Statement - out.println("BatchQty : " + batchqty): null

2018-06-09 19:44:11 - [TEST_STEP][PASSED] - Statement - out.println("RQty : " + Rqty): null

2018-06-09 19:44:11 - [TEST_STEP][PASSED] - Statement - If (java.lang.Integer.valueOf(batchqty) >= java.lang.Integer.valueOf(Rqty)): null

2018-06-09 19:44:11 - [TEST_STEP][PASSED] - Statement - Break: null

2018-06-09 19:44:11 - [TEST_STEP][PASSED] - click: Object: 'Object Repository/store Request Schedule 1/Page_KDMC - CMS/input_btndispatch' is clicked on

2018-06-09 19:44:11 - [MESSAGE][PASSED] - Object: 'Object Repository/store Request Schedule 1/Page_KDMC - CMS/input_btndispatch' is clicked on

2018-06-09 19:44:11 - [TEST_STEP][PASSED] - waitForElementVisible: Object 'Object Repository/store Request Schedule 1/Page_KDMC - CMS/button_OK' is visible

2018-06-09 19:44:12 - [MESSAGE][PASSED] - Object 'Object Repository/store Request Schedule 1/Page_KDMC - CMS/button_OK' is visible

2018-06-09 19:44:12 - [TEST_STEP][PASSED] - click: Object: 'Object Repository/store Request Schedule 1/Page_KDMC - CMS/button_OK' is clicked on

2018-06-09 19:44:13 - [MESSAGE][PASSED] - Object: 'Object Repository/store Request Schedule 1/Page_KDMC - CMS/button_OK' is clicked on

2018-06-09 19:44:13 - [TEST_STEP][PASSED] - click: Object: 'Object Repository/store Request Schedule 1/Page_KDMC - CMS/a_dropdown-toggle' is clicked on

2018-06-09 19:44:15 - [MESSAGE][PASSED] - Object: 'Object Repository/store Request Schedule 1/Page_KDMC - CMS/a_dropdown-toggle' is clicked on

2018-06-09 19:44:15 - [TEST_STEP][PASSED] - click: Object: 'Object Repository/store Request Schedule 1/Page_KDMC - CMS/a_Sign out' is clicked on

2018-06-09 19:44:15 - [MESSAGE][PASSED] - Object: 'Object Repository/store Request Schedule 1/Page_KDMC - CMS/a_Sign out' is clicked on

2018-06-09 19:44:15 - [TEST_STEP][PASSED] - delay: Delayed 3 second(s)

2018-06-09 19:44:18 - [MESSAGE][PASSED] - Delayed 3 second(s)

2018-06-09 19:44:18 - [TEST_STEP][PASSED] - click: Object: 'Object Repository/Store Request Schedule 1/Page_KDMC/a_Divisional Store' is clicked on

2018-06-09 19:44:18 - [MESSAGE][PASSED] - Object: 'Object Repository/Store Request Schedule 1/Page_KDMC/a_Divisional Store' is clicked on

2018-06-09 19:44:18 - [TEST_STEP][PASSED] - setText: Text 'ragu' is set on object 'Object Repository/Store Request Schedule 1/Page_Divisonal Store Login/input_txtusername'

2018-06-09 19:44:19 - [MESSAGE][PASSED] - Text 'ragu' is set on object 'Object Repository/Store Request Schedule 1/Page_Divisonal Store Login/input_txtusername'

2018-06-09 19:44:19 - [TEST_STEP][PASSED] - setText: Text '123' is set on object 'Object Repository/Store Request Schedule 1/Page_Divisonal Store Login/input_txtpassword'

2018-06-09 19:44:19 - [MESSAGE][PASSED] - Text '123' is set on object 'Object Repository/Store Request Schedule 1/Page_Divisonal Store Login/input_txtpassword'

2018-06-09 19:44:19 - [TEST_STEP][PASSED] - delay: Delayed 3 second(s)

2018-06-09 19:44:22 - [MESSAGE][PASSED] - Delayed 3 second(s)

2018-06-09 19:44:22 - [TEST_STEP][PASSED] - click: Object: 'Object Repository/Store Request Schedule 1/Page_Divisonal Store Login/button_Sign in' is clicked on

2018-06-09 19:44:23 - [MESSAGE][PASSED] - Object: 'Object Repository/Store Request Schedule 1/Page_Divisonal Store Login/button_Sign in' is clicked on

2018-06-09 19:44:23 - [TEST_STEP][PASSED] - delay: Delayed 3 second(s)

2018-06-09 19:44:26 - [MESSAGE][PASSED] - Delayed 3 second(s)

2018-06-09 19:44:26 - [TEST_STEP][PASSED] - click: Object: 'Object Repository/Store Request Schedule 1/Page_Store/a_CMS' is clicked on

2018-06-09 19:44:26 - [MESSAGE][PASSED] - Object: 'Object Repository/Store Request Schedule 1/Page_Store/a_CMS' is clicked on

2018-06-09 19:44:26 - [TEST_STEP][PASSED] - delay: Delayed 2 second(s)

2018-06-09 19:44:28 - [MESSAGE][PASSED] - Delayed 2 second(s)

2018-06-09 19:44:28 - [TEST_STEP][PASSED] - click: Object: 'Object Repository/Store Request Schedule 1/Page_Store/a_Receiving Goods' is clicked on

2018-06-09 19:44:29 - [MESSAGE][PASSED] - Object: 'Object Repository/Store Request Schedule 1/Page_Store/a_Receiving Goods' is clicked on

2018-06-09 19:44:29 - [TEST_STEP][PASSED] - setText: Text 'PRNO/09062018/718' is set on object 'Object Repository/Store Request Schedule 1/Page_Store/input'

2018-06-09 19:44:30 - [MESSAGE][PASSED] - Text 'PRNO/09062018/718' is set on object 'Object Repository/Store Request Schedule 1/Page_Store/input'

2018-06-09 19:44:30 - [TEST_STEP][PASSED] - click: Object: 'Object Repository/Store Request Schedule 1/Page_Store/input_btn btn-primary' is clicked on

2018-06-09 19:44:30 - [MESSAGE][PASSED] - Object: 'Object Repository/Store Request Schedule 1/Page_Store/input_btn btn-primary' is clicked on

2018-06-09 19:44:30 - [TEST_STEP][PASSED] - delay: Delayed 2 second(s)

2018-06-09 19:44:32 - [MESSAGE][PASSED] - Delayed 2 second(s)

2018-06-09 19:44:32 - [TEST_STEP][PASSED] - click: Object: 'Object Repository/Store Request Schedule 1/Page_Store/input_chkrem' is clicked on

2018-06-09 19:44:32 - [MESSAGE][PASSED] - Object: 'Object Repository/Store Request Schedule 1/Page_Store/input_chkrem' is clicked on

2018-06-09 19:44:32 - [TEST_STEP][PASSED] - scrollToElement: Scroll to object 'Object Repository/Store Request Schedule 1/Page_Store/input_btchkroqadd' successfully

2018-06-09 19:44:32 - [MESSAGE][PASSED] - Scroll to object 'Object Repository/Store Request Schedule 1/Page_Store/input_btchkroqadd' successfully

2018-06-09 19:44:32 - [TEST_STEP][PASSED] - click: Object: 'Object Repository/Store Request Schedule 1/Page_Store/input_btchkroqadd' is clicked on

2018-06-09 19:44:32 - [MESSAGE][PASSED] - Object: 'Object Repository/Store Request Schedule 1/Page_Store/input_btchkroqadd' is clicked on

2018-06-09 19:44:32 - [TEST_STEP][PASSED] - delay: Delayed 2 second(s)

2018-06-09 19:44:34 - [MESSAGE][PASSED] - Delayed 2 second(s)

2018-06-09 19:44:34 - [TEST_STEP][PASSED] - refresh: Refresh successfully

2018-06-09 19:44:35 - [MESSAGE][PASSED] - Refresh successfully

2018-06-09 19:44:35 - [TEST_STEP][PASSED] - delay: Delayed 3 second(s)

2018-06-09 19:44:38 - [MESSAGE][PASSED] - Delayed 3 second(s)

2018-06-09 19:44:38 - [TEST_STEP][PASSED] - click: Object: 'Object Repository/Store Request Schedule 1/Page_Store/a_dropdown-toggle' is clicked on

2018-06-09 19:44:38 - [MESSAGE][PASSED] - Object: 'Object Repository/Store Request Schedule 1/Page_Store/a_dropdown-toggle' is clicked on

2018-06-09 19:44:38 - [TEST_STEP][PASSED] - click: Object: 'Object Repository/Store Request Schedule 1/Page_Store/a_Sign out' is clicked on

2018-06-09 19:44:39 - [MESSAGE][PASSED] - Object: 'Object Repository/Store Request Schedule 1/Page_Store/a_Sign out' is clicked on

2018-06-09 19:44:39 - [TEST_STEP][PASSED] - closeBrowser: Browser is closed

2018-06-09 19:44:39 - [MESSAGE][PASSED] - Browser is closed

2018-06-09 19:44:39 - [TEST_STEP][PASSED] - Statement - out.println("Schedule 4 STORE Request Are Working Successfully"): null]]></system-out>
         <system-err><![CDATA[]]></system-err>
      </testcase>
      <testcase name="Test Cases/STORE TO CMS REQUEST TEST CASES/TC_STCMS_005 To Verify Schedule 5 Store To CMS Request Are Working Successfully Or Not" classname="Test Cases/STORE TO CMS REQUEST TEST CASES/TC_STCMS_005 To Verify Schedule 5 Store To CMS Request Are Working Successfully Or Not" status="PASSED">
         <system-out><![CDATA[2018-06-09 19:44:39 - [TEST_CASE][PASSED] - Test Cases/STORE TO CMS REQUEST TEST CASES/TC_STCMS_005 To Verify Schedule 5 Store To CMS Request Are Working Successfully Or Not: Test Cases/STORE TO CMS REQUEST TEST CASES/TC_STCMS_005 To Verify Schedule 5 Store To CMS Request Are Working Successfully Or Not

2018-06-09 19:44:40 - [TEST_STEP][PASSED] - openBrowser: Browser is opened with url: ''

2018-06-09 19:44:42 - [MESSAGE][PASSED] - Browser is opened with url: ''

2018-06-09 19:44:42 - [TEST_STEP][PASSED] - Statement - out.println("Verify Schedule 5 STORE Request Are Working Successfully Or Not"): null

2018-06-09 19:44:42 - [TEST_STEP][PASSED] - navigateToUrl: Navigate to 'http://192.168.137.1/multihospital_new/' successfully

2018-06-09 19:44:43 - [MESSAGE][PASSED] - Navigate to 'http://192.168.137.1/multihospital_new/' successfully

2018-06-09 19:44:43 - [TEST_STEP][PASSED] - maximizeWindow: Current window maximized

2018-06-09 19:44:44 - [MESSAGE][PASSED] - Current window maximized

2018-06-09 19:44:44 - [TEST_STEP][PASSED] - click: Object: 'Object Repository/Store Request Schedule 1/Page_KDMC/a_Divisional Store' is clicked on

2018-06-09 19:44:45 - [MESSAGE][PASSED] - Object: 'Object Repository/Store Request Schedule 1/Page_KDMC/a_Divisional Store' is clicked on

2018-06-09 19:44:45 - [TEST_STEP][PASSED] - setText: Text 'ragu' is set on object 'Object Repository/Store Request Schedule 1/Page_Divisonal Store Login/input_txtusername'

2018-06-09 19:44:45 - [MESSAGE][PASSED] - Text 'ragu' is set on object 'Object Repository/Store Request Schedule 1/Page_Divisonal Store Login/input_txtusername'

2018-06-09 19:44:45 - [TEST_STEP][PASSED] - setText: Text '123' is set on object 'Object Repository/Store Request Schedule 1/Page_Divisonal Store Login/input_txtpassword'

2018-06-09 19:44:45 - [MESSAGE][PASSED] - Text '123' is set on object 'Object Repository/Store Request Schedule 1/Page_Divisonal Store Login/input_txtpassword'

2018-06-09 19:44:45 - [TEST_STEP][PASSED] - delay: Delayed 3 second(s)

2018-06-09 19:44:48 - [MESSAGE][PASSED] - Delayed 3 second(s)

2018-06-09 19:44:48 - [TEST_STEP][PASSED] - click: Object: 'Object Repository/Store Request Schedule 1/Page_Divisonal Store Login/button_Sign in' is clicked on

2018-06-09 19:44:49 - [MESSAGE][PASSED] - Object: 'Object Repository/Store Request Schedule 1/Page_Divisonal Store Login/button_Sign in' is clicked on

2018-06-09 19:44:49 - [TEST_STEP][PASSED] - delay: Delayed 3 second(s)

2018-06-09 19:44:52 - [MESSAGE][PASSED] - Delayed 3 second(s)

2018-06-09 19:44:52 - [TEST_STEP][PASSED] - click: Object: 'Object Repository/Store Request Schedule 1/Page_Store/a_CMS' is clicked on

2018-06-09 19:44:52 - [MESSAGE][PASSED] - Object: 'Object Repository/Store Request Schedule 1/Page_Store/a_CMS' is clicked on

2018-06-09 19:44:52 - [TEST_STEP][PASSED] - delay: Delayed 2 second(s)

2018-06-09 19:44:54 - [MESSAGE][PASSED] - Delayed 2 second(s)

2018-06-09 19:44:54 - [TEST_STEP][PASSED] - click: Object: 'Object Repository/Store Request Schedule 1/Page_Store/a_Request Send' is clicked on

2018-06-09 19:44:55 - [MESSAGE][PASSED] - Object: 'Object Repository/Store Request Schedule 1/Page_Store/a_Request Send' is clicked on

2018-06-09 19:44:55 - [TEST_STEP][PASSED] - selectOptionByIndex: All options with index in [1] are selected on object 'Object Repository/Store Request Schedule 1/Page_Store/select_--Select--'

2018-06-09 19:44:55 - [MESSAGE][PASSED] - All options with index in [1] are selected on object 'Object Repository/Store Request Schedule 1/Page_Store/select_--Select--'

2018-06-09 19:44:55 - [TEST_STEP][PASSED] - selectOptionByIndex: All options with index in [5] are selected on object 'Object Repository/Store Request Schedule 1/Page_Store/select_--Select--Schedule 1Inj'

2018-06-09 19:44:56 - [MESSAGE][PASSED] - All options with index in [5] are selected on object 'Object Repository/Store Request Schedule 1/Page_Store/select_--Select--Schedule 1Inj'

2018-06-09 19:44:56 - [TEST_STEP][PASSED] - Statement - SelectedOptions = com.kms.katalon.core.webui.keyword.WebUiBuiltInKeywords.getNumberOfTotalOption(com.kms.katalon.core.testobject.ObjectRepository.findTestObject(Store Request Schedule 1/Page_Store/select_--Select--Adernaline 0.)): 17 options of object 'Object Repository/Store Request Schedule 1/Page_Store/select_--Select--Adernaline 0.' counted

2018-06-09 19:44:56 - [MESSAGE][PASSED] - 17 options of object 'Object Repository/Store Request Schedule 1/Page_Store/select_--Select--Adernaline 0.' counted

2018-06-09 19:44:56 - [TEST_STEP][PASSED] - Statement - For ([y = 1, y < SelectedOptions, (y++)]): Object: 'Object Repository/Store Request Schedule 1/Page_Store/button_Add' is clicked on

2018-06-09 19:44:56 - [TEST_STEP][PASSED] - selectOptionByIndex: All options with index in [5] are selected on object 'Object Repository/Store Request Schedule 1/Page_Store/select_--Select--Schedule 1Inj'

2018-06-09 19:44:56 - [MESSAGE][PASSED] - All options with index in [5] are selected on object 'Object Repository/Store Request Schedule 1/Page_Store/select_--Select--Schedule 1Inj'

2018-06-09 19:44:56 - [TEST_STEP][PASSED] - delay: Delayed 1 second(s)

2018-06-09 19:44:57 - [MESSAGE][PASSED] - Delayed 1 second(s)

2018-06-09 19:44:57 - [TEST_STEP][PASSED] - selectOptionByIndex: All options with index in [1] are selected on object 'Object Repository/Store Request Schedule 1/Page_Store/select_--Select--Adernaline 0.'

2018-06-09 19:44:57 - [MESSAGE][PASSED] - All options with index in [1] are selected on object 'Object Repository/Store Request Schedule 1/Page_Store/select_--Select--Adernaline 0.'

2018-06-09 19:44:57 - [TEST_STEP][PASSED] - setText: Text '100' is set on object 'Object Repository/Store Request Schedule 1/Page_Store/input_txttreat'

2018-06-09 19:44:57 - [MESSAGE][PASSED] - Text '100' is set on object 'Object Repository/Store Request Schedule 1/Page_Store/input_txttreat'

2018-06-09 19:44:57 - [TEST_STEP][PASSED] - click: Object: 'Object Repository/Store Request Schedule 1/Page_Store/button_Add' is clicked on

2018-06-09 19:44:57 - [MESSAGE][PASSED] - Object: 'Object Repository/Store Request Schedule 1/Page_Store/button_Add' is clicked on

2018-06-09 19:44:57 - [TEST_STEP][PASSED] - selectOptionByIndex: All options with index in [5] are selected on object 'Object Repository/Store Request Schedule 1/Page_Store/select_--Select--Schedule 1Inj'

2018-06-09 19:44:57 - [MESSAGE][PASSED] - All options with index in [5] are selected on object 'Object Repository/Store Request Schedule 1/Page_Store/select_--Select--Schedule 1Inj'

2018-06-09 19:44:57 - [TEST_STEP][PASSED] - delay: Delayed 1 second(s)

2018-06-09 19:44:58 - [MESSAGE][PASSED] - Delayed 1 second(s)

2018-06-09 19:44:58 - [TEST_STEP][PASSED] - selectOptionByIndex: All options with index in [2] are selected on object 'Object Repository/Store Request Schedule 1/Page_Store/select_--Select--Adernaline 0.'

2018-06-09 19:44:58 - [MESSAGE][PASSED] - All options with index in [2] are selected on object 'Object Repository/Store Request Schedule 1/Page_Store/select_--Select--Adernaline 0.'

2018-06-09 19:44:58 - [TEST_STEP][PASSED] - setText: Text '100' is set on object 'Object Repository/Store Request Schedule 1/Page_Store/input_txttreat'

2018-06-09 19:44:59 - [MESSAGE][PASSED] - Text '100' is set on object 'Object Repository/Store Request Schedule 1/Page_Store/input_txttreat'

2018-06-09 19:44:59 - [TEST_STEP][PASSED] - click: Object: 'Object Repository/Store Request Schedule 1/Page_Store/button_Add' is clicked on

2018-06-09 19:44:59 - [MESSAGE][PASSED] - Object: 'Object Repository/Store Request Schedule 1/Page_Store/button_Add' is clicked on

2018-06-09 19:44:59 - [TEST_STEP][PASSED] - selectOptionByIndex: All options with index in [5] are selected on object 'Object Repository/Store Request Schedule 1/Page_Store/select_--Select--Schedule 1Inj'

2018-06-09 19:44:59 - [MESSAGE][PASSED] - All options with index in [5] are selected on object 'Object Repository/Store Request Schedule 1/Page_Store/select_--Select--Schedule 1Inj'

2018-06-09 19:44:59 - [TEST_STEP][PASSED] - delay: Delayed 1 second(s)

2018-06-09 19:45:00 - [MESSAGE][PASSED] - Delayed 1 second(s)

2018-06-09 19:45:00 - [TEST_STEP][PASSED] - selectOptionByIndex: All options with index in [3] are selected on object 'Object Repository/Store Request Schedule 1/Page_Store/select_--Select--Adernaline 0.'

2018-06-09 19:45:00 - [MESSAGE][PASSED] - All options with index in [3] are selected on object 'Object Repository/Store Request Schedule 1/Page_Store/select_--Select--Adernaline 0.'

2018-06-09 19:45:00 - [TEST_STEP][PASSED] - setText: Text '100' is set on object 'Object Repository/Store Request Schedule 1/Page_Store/input_txttreat'

2018-06-09 19:45:00 - [MESSAGE][PASSED] - Text '100' is set on object 'Object Repository/Store Request Schedule 1/Page_Store/input_txttreat'

2018-06-09 19:45:00 - [TEST_STEP][PASSED] - click: Object: 'Object Repository/Store Request Schedule 1/Page_Store/button_Add' is clicked on

2018-06-09 19:45:00 - [MESSAGE][PASSED] - Object: 'Object Repository/Store Request Schedule 1/Page_Store/button_Add' is clicked on

2018-06-09 19:45:00 - [TEST_STEP][PASSED] - selectOptionByIndex: All options with index in [5] are selected on object 'Object Repository/Store Request Schedule 1/Page_Store/select_--Select--Schedule 1Inj'

2018-06-09 19:45:00 - [MESSAGE][PASSED] - All options with index in [5] are selected on object 'Object Repository/Store Request Schedule 1/Page_Store/select_--Select--Schedule 1Inj'

2018-06-09 19:45:00 - [TEST_STEP][PASSED] - delay: Delayed 1 second(s)

2018-06-09 19:45:01 - [MESSAGE][PASSED] - Delayed 1 second(s)

2018-06-09 19:45:01 - [TEST_STEP][PASSED] - selectOptionByIndex: All options with index in [4] are selected on object 'Object Repository/Store Request Schedule 1/Page_Store/select_--Select--Adernaline 0.'

2018-06-09 19:45:01 - [MESSAGE][PASSED] - All options with index in [4] are selected on object 'Object Repository/Store Request Schedule 1/Page_Store/select_--Select--Adernaline 0.'

2018-06-09 19:45:01 - [TEST_STEP][PASSED] - setText: Text '100' is set on object 'Object Repository/Store Request Schedule 1/Page_Store/input_txttreat'

2018-06-09 19:45:01 - [MESSAGE][PASSED] - Text '100' is set on object 'Object Repository/Store Request Schedule 1/Page_Store/input_txttreat'

2018-06-09 19:45:01 - [TEST_STEP][PASSED] - click: Object: 'Object Repository/Store Request Schedule 1/Page_Store/button_Add' is clicked on

2018-06-09 19:45:02 - [MESSAGE][PASSED] - Object: 'Object Repository/Store Request Schedule 1/Page_Store/button_Add' is clicked on

2018-06-09 19:45:02 - [TEST_STEP][PASSED] - selectOptionByIndex: All options with index in [5] are selected on object 'Object Repository/Store Request Schedule 1/Page_Store/select_--Select--Schedule 1Inj'

2018-06-09 19:45:02 - [MESSAGE][PASSED] - All options with index in [5] are selected on object 'Object Repository/Store Request Schedule 1/Page_Store/select_--Select--Schedule 1Inj'

2018-06-09 19:45:02 - [TEST_STEP][PASSED] - delay: Delayed 1 second(s)

2018-06-09 19:45:03 - [MESSAGE][PASSED] - Delayed 1 second(s)

2018-06-09 19:45:03 - [TEST_STEP][PASSED] - selectOptionByIndex: All options with index in [5] are selected on object 'Object Repository/Store Request Schedule 1/Page_Store/select_--Select--Adernaline 0.'

2018-06-09 19:45:03 - [MESSAGE][PASSED] - All options with index in [5] are selected on object 'Object Repository/Store Request Schedule 1/Page_Store/select_--Select--Adernaline 0.'

2018-06-09 19:45:03 - [TEST_STEP][PASSED] - setText: Text '100' is set on object 'Object Repository/Store Request Schedule 1/Page_Store/input_txttreat'

2018-06-09 19:45:03 - [MESSAGE][PASSED] - Text '100' is set on object 'Object Repository/Store Request Schedule 1/Page_Store/input_txttreat'

2018-06-09 19:45:03 - [TEST_STEP][PASSED] - click: Object: 'Object Repository/Store Request Schedule 1/Page_Store/button_Add' is clicked on

2018-06-09 19:45:03 - [MESSAGE][PASSED] - Object: 'Object Repository/Store Request Schedule 1/Page_Store/button_Add' is clicked on

2018-06-09 19:45:03 - [TEST_STEP][PASSED] - selectOptionByIndex: All options with index in [5] are selected on object 'Object Repository/Store Request Schedule 1/Page_Store/select_--Select--Schedule 1Inj'

2018-06-09 19:45:03 - [MESSAGE][PASSED] - All options with index in [5] are selected on object 'Object Repository/Store Request Schedule 1/Page_Store/select_--Select--Schedule 1Inj'

2018-06-09 19:45:03 - [TEST_STEP][PASSED] - delay: Delayed 1 second(s)

2018-06-09 19:45:04 - [MESSAGE][PASSED] - Delayed 1 second(s)

2018-06-09 19:45:04 - [TEST_STEP][PASSED] - selectOptionByIndex: All options with index in [6] are selected on object 'Object Repository/Store Request Schedule 1/Page_Store/select_--Select--Adernaline 0.'

2018-06-09 19:45:04 - [MESSAGE][PASSED] - All options with index in [6] are selected on object 'Object Repository/Store Request Schedule 1/Page_Store/select_--Select--Adernaline 0.'

2018-06-09 19:45:04 - [TEST_STEP][PASSED] - setText: Text '100' is set on object 'Object Repository/Store Request Schedule 1/Page_Store/input_txttreat'

2018-06-09 19:45:04 - [MESSAGE][PASSED] - Text '100' is set on object 'Object Repository/Store Request Schedule 1/Page_Store/input_txttreat'

2018-06-09 19:45:04 - [TEST_STEP][PASSED] - click: Object: 'Object Repository/Store Request Schedule 1/Page_Store/button_Add' is clicked on

2018-06-09 19:45:04 - [MESSAGE][PASSED] - Object: 'Object Repository/Store Request Schedule 1/Page_Store/button_Add' is clicked on

2018-06-09 19:45:04 - [TEST_STEP][PASSED] - selectOptionByIndex: All options with index in [5] are selected on object 'Object Repository/Store Request Schedule 1/Page_Store/select_--Select--Schedule 1Inj'

2018-06-09 19:45:05 - [MESSAGE][PASSED] - All options with index in [5] are selected on object 'Object Repository/Store Request Schedule 1/Page_Store/select_--Select--Schedule 1Inj'

2018-06-09 19:45:05 - [TEST_STEP][PASSED] - delay: Delayed 1 second(s)

2018-06-09 19:45:06 - [MESSAGE][PASSED] - Delayed 1 second(s)

2018-06-09 19:45:06 - [TEST_STEP][PASSED] - selectOptionByIndex: All options with index in [7] are selected on object 'Object Repository/Store Request Schedule 1/Page_Store/select_--Select--Adernaline 0.'

2018-06-09 19:45:06 - [MESSAGE][PASSED] - All options with index in [7] are selected on object 'Object Repository/Store Request Schedule 1/Page_Store/select_--Select--Adernaline 0.'

2018-06-09 19:45:06 - [TEST_STEP][PASSED] - setText: Text '100' is set on object 'Object Repository/Store Request Schedule 1/Page_Store/input_txttreat'

2018-06-09 19:45:06 - [MESSAGE][PASSED] - Text '100' is set on object 'Object Repository/Store Request Schedule 1/Page_Store/input_txttreat'

2018-06-09 19:45:06 - [TEST_STEP][PASSED] - click: Object: 'Object Repository/Store Request Schedule 1/Page_Store/button_Add' is clicked on

2018-06-09 19:45:06 - [MESSAGE][PASSED] - Object: 'Object Repository/Store Request Schedule 1/Page_Store/button_Add' is clicked on

2018-06-09 19:45:06 - [TEST_STEP][PASSED] - selectOptionByIndex: All options with index in [5] are selected on object 'Object Repository/Store Request Schedule 1/Page_Store/select_--Select--Schedule 1Inj'

2018-06-09 19:45:06 - [MESSAGE][PASSED] - All options with index in [5] are selected on object 'Object Repository/Store Request Schedule 1/Page_Store/select_--Select--Schedule 1Inj'

2018-06-09 19:45:06 - [TEST_STEP][PASSED] - delay: Delayed 1 second(s)

2018-06-09 19:45:07 - [MESSAGE][PASSED] - Delayed 1 second(s)

2018-06-09 19:45:07 - [TEST_STEP][PASSED] - selectOptionByIndex: All options with index in [8] are selected on object 'Object Repository/Store Request Schedule 1/Page_Store/select_--Select--Adernaline 0.'

2018-06-09 19:45:07 - [MESSAGE][PASSED] - All options with index in [8] are selected on object 'Object Repository/Store Request Schedule 1/Page_Store/select_--Select--Adernaline 0.'

2018-06-09 19:45:07 - [TEST_STEP][PASSED] - setText: Text '100' is set on object 'Object Repository/Store Request Schedule 1/Page_Store/input_txttreat'

2018-06-09 19:45:07 - [MESSAGE][PASSED] - Text '100' is set on object 'Object Repository/Store Request Schedule 1/Page_Store/input_txttreat'

2018-06-09 19:45:07 - [TEST_STEP][PASSED] - click: Object: 'Object Repository/Store Request Schedule 1/Page_Store/button_Add' is clicked on

2018-06-09 19:45:07 - [MESSAGE][PASSED] - Object: 'Object Repository/Store Request Schedule 1/Page_Store/button_Add' is clicked on

2018-06-09 19:45:07 - [TEST_STEP][PASSED] - selectOptionByIndex: All options with index in [5] are selected on object 'Object Repository/Store Request Schedule 1/Page_Store/select_--Select--Schedule 1Inj'

2018-06-09 19:45:08 - [MESSAGE][PASSED] - All options with index in [5] are selected on object 'Object Repository/Store Request Schedule 1/Page_Store/select_--Select--Schedule 1Inj'

2018-06-09 19:45:08 - [TEST_STEP][PASSED] - delay: Delayed 1 second(s)

2018-06-09 19:45:09 - [MESSAGE][PASSED] - Delayed 1 second(s)

2018-06-09 19:45:09 - [TEST_STEP][PASSED] - selectOptionByIndex: All options with index in [9] are selected on object 'Object Repository/Store Request Schedule 1/Page_Store/select_--Select--Adernaline 0.'

2018-06-09 19:45:09 - [MESSAGE][PASSED] - All options with index in [9] are selected on object 'Object Repository/Store Request Schedule 1/Page_Store/select_--Select--Adernaline 0.'

2018-06-09 19:45:09 - [TEST_STEP][PASSED] - setText: Text '100' is set on object 'Object Repository/Store Request Schedule 1/Page_Store/input_txttreat'

2018-06-09 19:45:09 - [MESSAGE][PASSED] - Text '100' is set on object 'Object Repository/Store Request Schedule 1/Page_Store/input_txttreat'

2018-06-09 19:45:09 - [TEST_STEP][PASSED] - click: Object: 'Object Repository/Store Request Schedule 1/Page_Store/button_Add' is clicked on

2018-06-09 19:45:09 - [MESSAGE][PASSED] - Object: 'Object Repository/Store Request Schedule 1/Page_Store/button_Add' is clicked on

2018-06-09 19:45:09 - [TEST_STEP][PASSED] - selectOptionByIndex: All options with index in [5] are selected on object 'Object Repository/Store Request Schedule 1/Page_Store/select_--Select--Schedule 1Inj'

2018-06-09 19:45:09 - [MESSAGE][PASSED] - All options with index in [5] are selected on object 'Object Repository/Store Request Schedule 1/Page_Store/select_--Select--Schedule 1Inj'

2018-06-09 19:45:09 - [TEST_STEP][PASSED] - delay: Delayed 1 second(s)

2018-06-09 19:45:10 - [MESSAGE][PASSED] - Delayed 1 second(s)

2018-06-09 19:45:10 - [TEST_STEP][PASSED] - selectOptionByIndex: All options with index in [10] are selected on object 'Object Repository/Store Request Schedule 1/Page_Store/select_--Select--Adernaline 0.'

2018-06-09 19:45:10 - [MESSAGE][PASSED] - All options with index in [10] are selected on object 'Object Repository/Store Request Schedule 1/Page_Store/select_--Select--Adernaline 0.'

2018-06-09 19:45:10 - [TEST_STEP][PASSED] - setText: Text '100' is set on object 'Object Repository/Store Request Schedule 1/Page_Store/input_txttreat'

2018-06-09 19:45:10 - [MESSAGE][PASSED] - Text '100' is set on object 'Object Repository/Store Request Schedule 1/Page_Store/input_txttreat'

2018-06-09 19:45:10 - [TEST_STEP][PASSED] - click: Object: 'Object Repository/Store Request Schedule 1/Page_Store/button_Add' is clicked on

2018-06-09 19:45:10 - [MESSAGE][PASSED] - Object: 'Object Repository/Store Request Schedule 1/Page_Store/button_Add' is clicked on

2018-06-09 19:45:10 - [TEST_STEP][PASSED] - selectOptionByIndex: All options with index in [5] are selected on object 'Object Repository/Store Request Schedule 1/Page_Store/select_--Select--Schedule 1Inj'

2018-06-09 19:45:11 - [MESSAGE][PASSED] - All options with index in [5] are selected on object 'Object Repository/Store Request Schedule 1/Page_Store/select_--Select--Schedule 1Inj'

2018-06-09 19:45:11 - [TEST_STEP][PASSED] - delay: Delayed 1 second(s)

2018-06-09 19:45:12 - [MESSAGE][PASSED] - Delayed 1 second(s)

2018-06-09 19:45:12 - [TEST_STEP][PASSED] - selectOptionByIndex: All options with index in [11] are selected on object 'Object Repository/Store Request Schedule 1/Page_Store/select_--Select--Adernaline 0.'

2018-06-09 19:45:12 - [MESSAGE][PASSED] - All options with index in [11] are selected on object 'Object Repository/Store Request Schedule 1/Page_Store/select_--Select--Adernaline 0.'

2018-06-09 19:45:12 - [TEST_STEP][PASSED] - setText: Text '100' is set on object 'Object Repository/Store Request Schedule 1/Page_Store/input_txttreat'

2018-06-09 19:45:12 - [MESSAGE][PASSED] - Text '100' is set on object 'Object Repository/Store Request Schedule 1/Page_Store/input_txttreat'

2018-06-09 19:45:12 - [TEST_STEP][PASSED] - click: Object: 'Object Repository/Store Request Schedule 1/Page_Store/button_Add' is clicked on

2018-06-09 19:45:12 - [MESSAGE][PASSED] - Object: 'Object Repository/Store Request Schedule 1/Page_Store/button_Add' is clicked on

2018-06-09 19:45:12 - [TEST_STEP][PASSED] - selectOptionByIndex: All options with index in [5] are selected on object 'Object Repository/Store Request Schedule 1/Page_Store/select_--Select--Schedule 1Inj'

2018-06-09 19:45:12 - [MESSAGE][PASSED] - All options with index in [5] are selected on object 'Object Repository/Store Request Schedule 1/Page_Store/select_--Select--Schedule 1Inj'

2018-06-09 19:45:12 - [TEST_STEP][PASSED] - delay: Delayed 1 second(s)

2018-06-09 19:45:13 - [MESSAGE][PASSED] - Delayed 1 second(s)

2018-06-09 19:45:13 - [TEST_STEP][PASSED] - selectOptionByIndex: All options with index in [12] are selected on object 'Object Repository/Store Request Schedule 1/Page_Store/select_--Select--Adernaline 0.'

2018-06-09 19:45:13 - [MESSAGE][PASSED] - All options with index in [12] are selected on object 'Object Repository/Store Request Schedule 1/Page_Store/select_--Select--Adernaline 0.'

2018-06-09 19:45:13 - [TEST_STEP][PASSED] - setText: Text '100' is set on object 'Object Repository/Store Request Schedule 1/Page_Store/input_txttreat'

2018-06-09 19:45:13 - [MESSAGE][PASSED] - Text '100' is set on object 'Object Repository/Store Request Schedule 1/Page_Store/input_txttreat'

2018-06-09 19:45:13 - [TEST_STEP][PASSED] - click: Object: 'Object Repository/Store Request Schedule 1/Page_Store/button_Add' is clicked on

2018-06-09 19:45:13 - [MESSAGE][PASSED] - Object: 'Object Repository/Store Request Schedule 1/Page_Store/button_Add' is clicked on

2018-06-09 19:45:13 - [TEST_STEP][PASSED] - selectOptionByIndex: All options with index in [5] are selected on object 'Object Repository/Store Request Schedule 1/Page_Store/select_--Select--Schedule 1Inj'

2018-06-09 19:45:14 - [MESSAGE][PASSED] - All options with index in [5] are selected on object 'Object Repository/Store Request Schedule 1/Page_Store/select_--Select--Schedule 1Inj'

2018-06-09 19:45:14 - [TEST_STEP][PASSED] - delay: Delayed 1 second(s)

2018-06-09 19:45:15 - [MESSAGE][PASSED] - Delayed 1 second(s)

2018-06-09 19:45:15 - [TEST_STEP][PASSED] - selectOptionByIndex: All options with index in [13] are selected on object 'Object Repository/Store Request Schedule 1/Page_Store/select_--Select--Adernaline 0.'

2018-06-09 19:45:15 - [MESSAGE][PASSED] - All options with index in [13] are selected on object 'Object Repository/Store Request Schedule 1/Page_Store/select_--Select--Adernaline 0.'

2018-06-09 19:45:15 - [TEST_STEP][PASSED] - setText: Text '100' is set on object 'Object Repository/Store Request Schedule 1/Page_Store/input_txttreat'

2018-06-09 19:45:15 - [MESSAGE][PASSED] - Text '100' is set on object 'Object Repository/Store Request Schedule 1/Page_Store/input_txttreat'

2018-06-09 19:45:15 - [TEST_STEP][PASSED] - click: Object: 'Object Repository/Store Request Schedule 1/Page_Store/button_Add' is clicked on

2018-06-09 19:45:15 - [MESSAGE][PASSED] - Object: 'Object Repository/Store Request Schedule 1/Page_Store/button_Add' is clicked on

2018-06-09 19:45:15 - [TEST_STEP][PASSED] - selectOptionByIndex: All options with index in [5] are selected on object 'Object Repository/Store Request Schedule 1/Page_Store/select_--Select--Schedule 1Inj'

2018-06-09 19:45:15 - [MESSAGE][PASSED] - All options with index in [5] are selected on object 'Object Repository/Store Request Schedule 1/Page_Store/select_--Select--Schedule 1Inj'

2018-06-09 19:45:15 - [TEST_STEP][PASSED] - delay: Delayed 1 second(s)

2018-06-09 19:45:16 - [MESSAGE][PASSED] - Delayed 1 second(s)

2018-06-09 19:45:16 - [TEST_STEP][PASSED] - selectOptionByIndex: All options with index in [14] are selected on object 'Object Repository/Store Request Schedule 1/Page_Store/select_--Select--Adernaline 0.'

2018-06-09 19:45:16 - [MESSAGE][PASSED] - All options with index in [14] are selected on object 'Object Repository/Store Request Schedule 1/Page_Store/select_--Select--Adernaline 0.'

2018-06-09 19:45:16 - [TEST_STEP][PASSED] - setText: Text '100' is set on object 'Object Repository/Store Request Schedule 1/Page_Store/input_txttreat'

2018-06-09 19:45:17 - [MESSAGE][PASSED] - Text '100' is set on object 'Object Repository/Store Request Schedule 1/Page_Store/input_txttreat'

2018-06-09 19:45:17 - [TEST_STEP][PASSED] - click: Object: 'Object Repository/Store Request Schedule 1/Page_Store/button_Add' is clicked on

2018-06-09 19:45:17 - [MESSAGE][PASSED] - Object: 'Object Repository/Store Request Schedule 1/Page_Store/button_Add' is clicked on

2018-06-09 19:45:17 - [TEST_STEP][PASSED] - selectOptionByIndex: All options with index in [5] are selected on object 'Object Repository/Store Request Schedule 1/Page_Store/select_--Select--Schedule 1Inj'

2018-06-09 19:45:17 - [MESSAGE][PASSED] - All options with index in [5] are selected on object 'Object Repository/Store Request Schedule 1/Page_Store/select_--Select--Schedule 1Inj'

2018-06-09 19:45:17 - [TEST_STEP][PASSED] - delay: Delayed 1 second(s)

2018-06-09 19:45:18 - [MESSAGE][PASSED] - Delayed 1 second(s)

2018-06-09 19:45:18 - [TEST_STEP][PASSED] - selectOptionByIndex: All options with index in [15] are selected on object 'Object Repository/Store Request Schedule 1/Page_Store/select_--Select--Adernaline 0.'

2018-06-09 19:45:18 - [MESSAGE][PASSED] - All options with index in [15] are selected on object 'Object Repository/Store Request Schedule 1/Page_Store/select_--Select--Adernaline 0.'

2018-06-09 19:45:18 - [TEST_STEP][PASSED] - setText: Text '100' is set on object 'Object Repository/Store Request Schedule 1/Page_Store/input_txttreat'

2018-06-09 19:45:18 - [MESSAGE][PASSED] - Text '100' is set on object 'Object Repository/Store Request Schedule 1/Page_Store/input_txttreat'

2018-06-09 19:45:18 - [TEST_STEP][PASSED] - click: Object: 'Object Repository/Store Request Schedule 1/Page_Store/button_Add' is clicked on

2018-06-09 19:45:18 - [MESSAGE][PASSED] - Object: 'Object Repository/Store Request Schedule 1/Page_Store/button_Add' is clicked on

2018-06-09 19:45:18 - [TEST_STEP][PASSED] - selectOptionByIndex: All options with index in [5] are selected on object 'Object Repository/Store Request Schedule 1/Page_Store/select_--Select--Schedule 1Inj'

2018-06-09 19:45:18 - [MESSAGE][PASSED] - All options with index in [5] are selected on object 'Object Repository/Store Request Schedule 1/Page_Store/select_--Select--Schedule 1Inj'

2018-06-09 19:45:18 - [TEST_STEP][PASSED] - delay: Delayed 1 second(s)

2018-06-09 19:45:19 - [MESSAGE][PASSED] - Delayed 1 second(s)

2018-06-09 19:45:19 - [TEST_STEP][PASSED] - selectOptionByIndex: All options with index in [16] are selected on object 'Object Repository/Store Request Schedule 1/Page_Store/select_--Select--Adernaline 0.'

2018-06-09 19:45:20 - [MESSAGE][PASSED] - All options with index in [16] are selected on object 'Object Repository/Store Request Schedule 1/Page_Store/select_--Select--Adernaline 0.'

2018-06-09 19:45:20 - [TEST_STEP][PASSED] - setText: Text '100' is set on object 'Object Repository/Store Request Schedule 1/Page_Store/input_txttreat'

2018-06-09 19:45:20 - [MESSAGE][PASSED] - Text '100' is set on object 'Object Repository/Store Request Schedule 1/Page_Store/input_txttreat'

2018-06-09 19:45:20 - [TEST_STEP][PASSED] - click: Object: 'Object Repository/Store Request Schedule 1/Page_Store/button_Add' is clicked on

2018-06-09 19:45:20 - [MESSAGE][PASSED] - Object: 'Object Repository/Store Request Schedule 1/Page_Store/button_Add' is clicked on

2018-06-09 19:45:20 - [TEST_STEP][PASSED] - delay: Delayed 2 second(s)

2018-06-09 19:45:22 - [MESSAGE][PASSED] - Delayed 2 second(s)

2018-06-09 19:45:22 - [TEST_STEP][PASSED] - scrollToElement: Scroll to object 'Object Repository/Store Request Schedule 1/Page_Store/input_btnsave' successfully

2018-06-09 19:45:22 - [MESSAGE][PASSED] - Scroll to object 'Object Repository/Store Request Schedule 1/Page_Store/input_btnsave' successfully

2018-06-09 19:45:22 - [TEST_STEP][PASSED] - click: Object: 'Object Repository/Store Request Schedule 1/Page_Store/input_btnsave' is clicked on

2018-06-09 19:45:22 - [MESSAGE][PASSED] - Object: 'Object Repository/Store Request Schedule 1/Page_Store/input_btnsave' is clicked on

2018-06-09 19:45:22 - [TEST_STEP][PASSED] - delay: Delayed 4 second(s)

2018-06-09 19:45:26 - [MESSAGE][PASSED] - Delayed 4 second(s)

2018-06-09 19:45:26 - [TEST_STEP][PASSED] - Statement - Cms_RequestNumber = com.kms.katalon.core.webui.keyword.WebUiBuiltInKeywords.getText(com.kms.katalon.core.testobject.ObjectRepository.findTestObject(Store Request Schedule 1/Page_Store/font_PRNO050520189)): Text of object 'Object Repository/Store Request Schedule 1/Page_Store/font_PRNO050520189' is: 'PRNO/09062018/719'

2018-06-09 19:45:26 - [MESSAGE][PASSED] - Text of object 'Object Repository/Store Request Schedule 1/Page_Store/font_PRNO050520189' is: 'PRNO/09062018/719'

2018-06-09 19:45:26 - [TEST_STEP][PASSED] - Statement - CR = Cms_RequestNumber.trim(): null

2018-06-09 19:45:26 - [TEST_STEP][PASSED] - Statement - out.println("RQ :" + Cms_RequestNumber): null

2018-06-09 19:45:26 - [TEST_STEP][PASSED] - Statement - RequestNumberID = Cms_RequestNumber.split("/")[2].trim(): null

2018-06-09 19:45:26 - [TEST_STEP][PASSED] - Statement - out.println("RQ ID :" + RequestNumberID): null

2018-06-09 19:45:26 - [TEST_STEP][PASSED] - delay: Delayed 3 second(s)

2018-06-09 19:45:29 - [MESSAGE][PASSED] - Delayed 3 second(s)

2018-06-09 19:45:29 - [TEST_STEP][PASSED] - Statement - ok = com.kms.katalon.core.webui.keyword.WebUiBuiltInKeywords.click(com.kms.katalon.core.testobject.ObjectRepository.findTestObject(Store Request Schedule 1/Page_Store/button_OK)): Object: 'Object Repository/Store Request Schedule 1/Page_Store/button_OK' is clicked on

2018-06-09 19:45:30 - [MESSAGE][PASSED] - Object: 'Object Repository/Store Request Schedule 1/Page_Store/button_OK' is clicked on

2018-06-09 19:45:30 - [TEST_STEP][PASSED] - delay: Delayed 3 second(s)

2018-06-09 19:45:33 - [MESSAGE][PASSED] - Delayed 3 second(s)

2018-06-09 19:45:33 - [TEST_STEP][PASSED] - click: Object: 'Object Repository/Store Request Schedule 1/Page_Store/a_dropdown-toggle' is clicked on

2018-06-09 19:45:33 - [MESSAGE][PASSED] - Object: 'Object Repository/Store Request Schedule 1/Page_Store/a_dropdown-toggle' is clicked on

2018-06-09 19:45:33 - [TEST_STEP][PASSED] - click: Object: 'Object Repository/Store Request Schedule 1/Page_Store/a_Sign out' is clicked on

2018-06-09 19:45:34 - [MESSAGE][PASSED] - Object: 'Object Repository/Store Request Schedule 1/Page_Store/a_Sign out' is clicked on

2018-06-09 19:45:34 - [TEST_STEP][PASSED] - delay: Delayed 3 second(s)

2018-06-09 19:45:37 - [MESSAGE][PASSED] - Delayed 3 second(s)

2018-06-09 19:45:37 - [TEST_STEP][PASSED] - click: Object: 'Object Repository/Store Request Schedule 1/Page_KDMC/a_CMO' is clicked on

2018-06-09 19:45:37 - [MESSAGE][PASSED] - Object: 'Object Repository/Store Request Schedule 1/Page_KDMC/a_CMO' is clicked on

2018-06-09 19:45:37 - [TEST_STEP][PASSED] - setText: Text 'guru' is set on object 'Object Repository/Store Request Schedule 1/Page_CMO login/input_txtusername'

2018-06-09 19:45:38 - [MESSAGE][PASSED] - Text 'guru' is set on object 'Object Repository/Store Request Schedule 1/Page_CMO login/input_txtusername'

2018-06-09 19:45:38 - [TEST_STEP][PASSED] - setText: Text '123' is set on object 'Object Repository/Store Request Schedule 1/Page_CMO login/input_txtpassword'

2018-06-09 19:45:38 - [MESSAGE][PASSED] - Text '123' is set on object 'Object Repository/Store Request Schedule 1/Page_CMO login/input_txtpassword'

2018-06-09 19:45:38 - [TEST_STEP][PASSED] - delay: Delayed 3 second(s)

2018-06-09 19:45:41 - [MESSAGE][PASSED] - Delayed 3 second(s)

2018-06-09 19:45:41 - [TEST_STEP][PASSED] - click: Object: 'Object Repository/Store Request Schedule 1/Page_CMO login/button_Sign in' is clicked on

2018-06-09 19:45:42 - [MESSAGE][PASSED] - Object: 'Object Repository/Store Request Schedule 1/Page_CMO login/button_Sign in' is clicked on

2018-06-09 19:45:42 - [TEST_STEP][PASSED] - delay: Delayed 2 second(s)

2018-06-09 19:45:44 - [MESSAGE][PASSED] - Delayed 2 second(s)

2018-06-09 19:45:44 - [TEST_STEP][PASSED] - click: Object: 'Object Repository/Store Request Schedule 1/Page_KDMC - CMO/span_Department Wise Request' is clicked on

2018-06-09 19:45:44 - [MESSAGE][PASSED] - Object: 'Object Repository/Store Request Schedule 1/Page_KDMC - CMO/span_Department Wise Request' is clicked on

2018-06-09 19:45:44 - [TEST_STEP][PASSED] - click: Object: 'Object Repository/Store Request Schedule 1/Page_KDMC - CMO/a_CMS Request' is clicked on

2018-06-09 19:45:44 - [MESSAGE][PASSED] - Object: 'Object Repository/Store Request Schedule 1/Page_KDMC - CMO/a_CMS Request' is clicked on

2018-06-09 19:45:44 - [TEST_STEP][PASSED] - click: Object: 'Object Repository/Store Request Schedule 1/Page_KDMC - CMO/a_CMS Request' is clicked on

2018-06-09 19:45:44 - [MESSAGE][PASSED] - Object: 'Object Repository/Store Request Schedule 1/Page_KDMC - CMO/a_CMS Request' is clicked on

2018-06-09 19:45:44 - [TEST_STEP][PASSED] - click: Object: 'Object Repository/Store Request Schedule 1/Page_KDMC - CMO/span_Divisional Store Request' is clicked on

2018-06-09 19:45:46 - [MESSAGE][PASSED] - Object: 'Object Repository/Store Request Schedule 1/Page_KDMC - CMO/span_Divisional Store Request' is clicked on

2018-06-09 19:45:46 - [TEST_STEP][PASSED] - delay: Delayed 2 second(s)

2018-06-09 19:45:48 - [MESSAGE][PASSED] - Delayed 2 second(s)

2018-06-09 19:45:48 - [TEST_STEP][PASSED] - Statement - approval = com.kms.katalon.core.webui.keyword.WebUiBuiltInKeywords.modifyObjectProperty(com.kms.katalon.core.testobject.ObjectRepository.findTestObject(Store Request Schedule 1/Page_KDMC - CMO/input_PRNO050520189), "xpath", "equals", "//*[@id=" + RequestNumberID + "]", true): Modify property of object successfully

2018-06-09 19:45:48 - [MESSAGE][PASSED] - Modify property of object successfully

2018-06-09 19:45:48 - [TEST_STEP][PASSED] - click: Object: 'Object Repository/Store Request Schedule 1/Page_KDMC - CMO/input_PRNO050520189' is clicked on

2018-06-09 19:45:48 - [MESSAGE][PASSED] - Object: 'Object Repository/Store Request Schedule 1/Page_KDMC - CMO/input_PRNO050520189' is clicked on

2018-06-09 19:45:48 - [TEST_STEP][PASSED] - delay: Delayed 2 second(s)

2018-06-09 19:45:50 - [MESSAGE][PASSED] - Delayed 2 second(s)

2018-06-09 19:45:50 - [TEST_STEP][PASSED] - selectOptionByIndex: All options with index in [1] are selected on object 'Object Repository/Store Request Schedule 1/Page_KDMC - CMO/select_--Select--'

2018-06-09 19:45:51 - [MESSAGE][PASSED] - All options with index in [1] are selected on object 'Object Repository/Store Request Schedule 1/Page_KDMC - CMO/select_--Select--'

2018-06-09 19:45:51 - [TEST_STEP][PASSED] - click: Object: 'Object Repository/Store Request Schedule 1/Page_KDMC - CMO/input_btnupdate' is clicked on

2018-06-09 19:45:51 - [MESSAGE][PASSED] - Object: 'Object Repository/Store Request Schedule 1/Page_KDMC - CMO/input_btnupdate' is clicked on

2018-06-09 19:45:51 - [TEST_STEP][PASSED] - delay: Delayed 2 second(s)

2018-06-09 19:45:53 - [MESSAGE][PASSED] - Delayed 2 second(s)

2018-06-09 19:45:53 - [TEST_STEP][PASSED] - click: Object: 'Object Repository/Store Request Schedule 1/Page_KDMC - CMO/button_OK' is clicked on

2018-06-09 19:45:53 - [MESSAGE][PASSED] - Object: 'Object Repository/Store Request Schedule 1/Page_KDMC - CMO/button_OK' is clicked on

2018-06-09 19:45:53 - [TEST_STEP][PASSED] - delay: Delayed 2 second(s)

2018-06-09 19:45:55 - [MESSAGE][PASSED] - Delayed 2 second(s)

2018-06-09 19:45:55 - [TEST_STEP][PASSED] - click: Object: 'Object Repository/Store Request Schedule 1/Page_KDMC - CMO/a_dropdown-toggle' is clicked on

2018-06-09 19:45:55 - [MESSAGE][PASSED] - Object: 'Object Repository/Store Request Schedule 1/Page_KDMC - CMO/a_dropdown-toggle' is clicked on

2018-06-09 19:45:55 - [TEST_STEP][PASSED] - click: Object: 'Object Repository/Store Request Schedule 1/Page_KDMC - CMO/a_Sign out' is clicked on

2018-06-09 19:45:56 - [MESSAGE][PASSED] - Object: 'Object Repository/Store Request Schedule 1/Page_KDMC - CMO/a_Sign out' is clicked on

2018-06-09 19:45:56 - [TEST_STEP][PASSED] - delay: Delayed 3 second(s)

2018-06-09 19:45:59 - [MESSAGE][PASSED] - Delayed 3 second(s)

2018-06-09 19:45:59 - [TEST_STEP][PASSED] - click: Object: 'Object Repository/store Request Schedule 1/Page_KDMC/a_CMS' is clicked on

2018-06-09 19:45:59 - [MESSAGE][PASSED] - Object: 'Object Repository/store Request Schedule 1/Page_KDMC/a_CMS' is clicked on

2018-06-09 19:45:59 - [TEST_STEP][PASSED] - setText: Text 'bala' is set on object 'Object Repository/store Request Schedule 1/Page_CMS login/input_txtusername'

2018-06-09 19:45:59 - [MESSAGE][PASSED] - Text 'bala' is set on object 'Object Repository/store Request Schedule 1/Page_CMS login/input_txtusername'

2018-06-09 19:45:59 - [TEST_STEP][PASSED] - setText: Text '123' is set on object 'Object Repository/store Request Schedule 1/Page_CMS login/input_txtpassword'

2018-06-09 19:45:59 - [MESSAGE][PASSED] - Text '123' is set on object 'Object Repository/store Request Schedule 1/Page_CMS login/input_txtpassword'

2018-06-09 19:45:59 - [TEST_STEP][PASSED] - delay: Delayed 3 second(s)

2018-06-09 19:46:02 - [MESSAGE][PASSED] - Delayed 3 second(s)

2018-06-09 19:46:02 - [TEST_STEP][PASSED] - click: Object: 'Object Repository/store Request Schedule 1/Page_CMS login/button_Sign in' is clicked on

2018-06-09 19:46:03 - [MESSAGE][PASSED] - Object: 'Object Repository/store Request Schedule 1/Page_CMS login/button_Sign in' is clicked on

2018-06-09 19:46:03 - [TEST_STEP][PASSED] - delay: Delayed 2 second(s)

2018-06-09 19:46:05 - [MESSAGE][PASSED] - Delayed 2 second(s)

2018-06-09 19:46:05 - [TEST_STEP][PASSED] - click: Object: 'Object Repository/store Request Schedule 1/Page_KDMC - CMS/a_Divisional Store' is clicked on

2018-06-09 19:46:05 - [MESSAGE][PASSED] - Object: 'Object Repository/store Request Schedule 1/Page_KDMC - CMS/a_Divisional Store' is clicked on

2018-06-09 19:46:05 - [TEST_STEP][PASSED] - delay: Delayed 2 second(s)

2018-06-09 19:46:07 - [MESSAGE][PASSED] - Delayed 2 second(s)

2018-06-09 19:46:07 - [TEST_STEP][PASSED] - click: Object: 'Object Repository/store Request Schedule 1/Page_KDMC - CMS/a_Dispatch Items' is clicked on

2018-06-09 19:46:08 - [MESSAGE][PASSED] - Object: 'Object Repository/store Request Schedule 1/Page_KDMC - CMS/a_Dispatch Items' is clicked on

2018-06-09 19:46:08 - [TEST_STEP][PASSED] - setText: Text 'PRNO/09062018/719' is set on object 'Object Repository/store Request Schedule 1/Page_KDMC - CMS/input'

2018-06-09 19:46:09 - [MESSAGE][PASSED] - Text 'PRNO/09062018/719' is set on object 'Object Repository/store Request Schedule 1/Page_KDMC - CMS/input'

2018-06-09 19:46:09 - [TEST_STEP][PASSED] - click: Object: 'Object Repository/store Request Schedule 1/Page_KDMC - CMS/td_text-center' is clicked on

2018-06-09 19:46:09 - [MESSAGE][PASSED] - Object: 'Object Repository/store Request Schedule 1/Page_KDMC - CMS/td_text-center' is clicked on

2018-06-09 19:46:09 - [TEST_STEP][PASSED] - delay: Delayed 3 second(s)

2018-06-09 19:46:12 - [MESSAGE][PASSED] - Delayed 3 second(s)

2018-06-09 19:46:12 - [TEST_STEP][PASSED] - delay: Delayed 2 second(s)

2018-06-09 19:46:14 - [MESSAGE][PASSED] - Delayed 2 second(s)

2018-06-09 19:46:14 - [TEST_STEP][PASSED] - Statement - For ([row = 0, row < SelectedOptions - 1, (row++)]): null

2018-06-09 19:46:14 - [TEST_STEP][PASSED] - Statement - batchlength = new com.kms.katalon.core.testobject.TestObject(): null

2018-06-09 19:46:14 - [TEST_STEP][PASSED] - Statement - batchlength = com.kms.katalon.core.webui.keyword.WebUiBuiltInKeywords.modifyObjectProperty(batchlength, "xpath", "equals", "//*[@id = "fldvendor" + row + ""]", true): Modify property of object successfully

2018-06-09 19:46:14 - [MESSAGE][PASSED] - Modify property of object successfully

2018-06-09 19:46:14 - [TEST_STEP][PASSED] - Statement - batchsize = com.kms.katalon.core.webui.keyword.WebUiBuiltInKeywords.getNumberOfTotalOption(batchlength): 11 options of object '' counted

2018-06-09 19:46:14 - [MESSAGE][PASSED] - 11 options of object '' counted

2018-06-09 19:46:14 - [TEST_STEP][PASSED] - Statement - out.println("BatchSize : " + batchsize): null

2018-06-09 19:46:14 - [TEST_STEP][PASSED] - Statement - For ([n = 1, n <= batchsize - 1, (n++)]): null

2018-06-09 19:46:14 - [TEST_STEP][PASSED] - Statement - product = new com.kms.katalon.core.testobject.TestObject(): null

2018-06-09 19:46:14 - [TEST_STEP][PASSED] - Statement - product = com.kms.katalon.core.webui.keyword.WebUiBuiltInKeywords.modifyObjectProperty(product, "xpath", "equals", "//*[@id = "fldvendor" + row + ""]", true): Modify property of object successfully

2018-06-09 19:46:14 - [MESSAGE][PASSED] - Modify property of object successfully

2018-06-09 19:46:14 - [TEST_STEP][PASSED] - selectOptionByIndex: All options with index in [1] are selected on object ''

2018-06-09 19:46:14 - [MESSAGE][PASSED] - All options with index in [1] are selected on object ''

2018-06-09 19:46:14 - [TEST_STEP][PASSED] - delay: Delayed 2 second(s)

2018-06-09 19:46:16 - [MESSAGE][PASSED] - Delayed 2 second(s)

2018-06-09 19:46:16 - [TEST_STEP][PASSED] - Statement - batch = new com.kms.katalon.core.testobject.TestObject(): null

2018-06-09 19:46:16 - [TEST_STEP][PASSED] - Statement - batch = com.kms.katalon.core.webui.keyword.WebUiBuiltInKeywords.modifyObjectProperty(batch, "xpath", "equals", "//*[@id = "txtbthqty" + row + ""]", true): Modify property of object successfully

2018-06-09 19:46:16 - [MESSAGE][PASSED] - Modify property of object successfully

2018-06-09 19:46:16 - [TEST_STEP][PASSED] - Statement - batchqty = com.kms.katalon.core.webui.keyword.WebUiBuiltInKeywords.getAttribute(batch, "value").trim(): Attribute 'value' of object '' is: '2400'

2018-06-09 19:46:16 - [MESSAGE][PASSED] - Attribute 'value' of object '' is: '2400'

2018-06-09 19:46:16 - [TEST_STEP][PASSED] - Statement - Rqty = 10000: null

2018-06-09 19:46:16 - [TEST_STEP][PASSED] - Statement - out.println("BatchQty : " + batchqty): null

2018-06-09 19:46:16 - [TEST_STEP][PASSED] - Statement - out.println("RQty : " + Rqty): null

2018-06-09 19:46:16 - [TEST_STEP][PASSED] - Statement - If (java.lang.Integer.valueOf(batchqty) >= java.lang.Integer.valueOf(Rqty)): null

2018-06-09 19:46:16 - [TEST_STEP][PASSED] - Statement - Else: null

2018-06-09 19:46:16 - [TEST_STEP][PASSED] - Statement - out.println("Batchqty Is Less Than Rqty"): null

2018-06-09 19:46:16 - [TEST_STEP][PASSED] - Statement - product = new com.kms.katalon.core.testobject.TestObject(): null

2018-06-09 19:46:16 - [TEST_STEP][PASSED] - Statement - product = com.kms.katalon.core.webui.keyword.WebUiBuiltInKeywords.modifyObjectProperty(product, "xpath", "equals", "//*[@id = "fldvendor" + row + ""]", true): Modify property of object successfully

2018-06-09 19:46:16 - [MESSAGE][PASSED] - Modify property of object successfully

2018-06-09 19:46:16 - [TEST_STEP][PASSED] - selectOptionByIndex: All options with index in [2] are selected on object ''

2018-06-09 19:46:16 - [MESSAGE][PASSED] - All options with index in [2] are selected on object ''

2018-06-09 19:46:16 - [TEST_STEP][PASSED] - delay: Delayed 2 second(s)

2018-06-09 19:46:18 - [MESSAGE][PASSED] - Delayed 2 second(s)

2018-06-09 19:46:18 - [TEST_STEP][PASSED] - Statement - batch = new com.kms.katalon.core.testobject.TestObject(): null

2018-06-09 19:46:18 - [TEST_STEP][PASSED] - Statement - batch = com.kms.katalon.core.webui.keyword.WebUiBuiltInKeywords.modifyObjectProperty(batch, "xpath", "equals", "//*[@id = "txtbthqty" + row + ""]", true): Modify property of object successfully

2018-06-09 19:46:18 - [MESSAGE][PASSED] - Modify property of object successfully

2018-06-09 19:46:18 - [TEST_STEP][PASSED] - Statement - batchqty = com.kms.katalon.core.webui.keyword.WebUiBuiltInKeywords.getAttribute(batch, "value").trim(): Attribute 'value' of object '' is: '5000'

2018-06-09 19:46:18 - [MESSAGE][PASSED] - Attribute 'value' of object '' is: '5000'

2018-06-09 19:46:18 - [TEST_STEP][PASSED] - Statement - Rqty = 10000: null

2018-06-09 19:46:18 - [TEST_STEP][PASSED] - Statement - out.println("BatchQty : " + batchqty): null

2018-06-09 19:46:18 - [TEST_STEP][PASSED] - Statement - out.println("RQty : " + Rqty): null

2018-06-09 19:46:18 - [TEST_STEP][PASSED] - Statement - If (java.lang.Integer.valueOf(batchqty) >= java.lang.Integer.valueOf(Rqty)): null

2018-06-09 19:46:18 - [TEST_STEP][PASSED] - Statement - Else: null

2018-06-09 19:46:18 - [TEST_STEP][PASSED] - Statement - out.println("Batchqty Is Less Than Rqty"): null

2018-06-09 19:46:18 - [TEST_STEP][PASSED] - Statement - product = new com.kms.katalon.core.testobject.TestObject(): null

2018-06-09 19:46:18 - [TEST_STEP][PASSED] - Statement - product = com.kms.katalon.core.webui.keyword.WebUiBuiltInKeywords.modifyObjectProperty(product, "xpath", "equals", "//*[@id = "fldvendor" + row + ""]", true): Modify property of object successfully

2018-06-09 19:46:18 - [MESSAGE][PASSED] - Modify property of object successfully

2018-06-09 19:46:18 - [TEST_STEP][PASSED] - selectOptionByIndex: All options with index in [3] are selected on object ''

2018-06-09 19:46:18 - [MESSAGE][PASSED] - All options with index in [3] are selected on object ''

2018-06-09 19:46:18 - [TEST_STEP][PASSED] - delay: Delayed 2 second(s)

2018-06-09 19:46:20 - [MESSAGE][PASSED] - Delayed 2 second(s)

2018-06-09 19:46:20 - [TEST_STEP][PASSED] - Statement - batch = new com.kms.katalon.core.testobject.TestObject(): null

2018-06-09 19:46:20 - [TEST_STEP][PASSED] - Statement - batch = com.kms.katalon.core.webui.keyword.WebUiBuiltInKeywords.modifyObjectProperty(batch, "xpath", "equals", "//*[@id = "txtbthqty" + row + ""]", true): Modify property of object successfully

2018-06-09 19:46:20 - [MESSAGE][PASSED] - Modify property of object successfully

2018-06-09 19:46:20 - [TEST_STEP][PASSED] - Statement - batchqty = com.kms.katalon.core.webui.keyword.WebUiBuiltInKeywords.getAttribute(batch, "value").trim(): Attribute 'value' of object '' is: '400'

2018-06-09 19:46:20 - [MESSAGE][PASSED] - Attribute 'value' of object '' is: '400'

2018-06-09 19:46:20 - [TEST_STEP][PASSED] - Statement - Rqty = 10000: null

2018-06-09 19:46:20 - [TEST_STEP][PASSED] - Statement - out.println("BatchQty : " + batchqty): null

2018-06-09 19:46:20 - [TEST_STEP][PASSED] - Statement - out.println("RQty : " + Rqty): null

2018-06-09 19:46:20 - [TEST_STEP][PASSED] - Statement - If (java.lang.Integer.valueOf(batchqty) >= java.lang.Integer.valueOf(Rqty)): null

2018-06-09 19:46:20 - [TEST_STEP][PASSED] - Statement - Else: null

2018-06-09 19:46:20 - [TEST_STEP][PASSED] - Statement - out.println("Batchqty Is Less Than Rqty"): null

2018-06-09 19:46:20 - [TEST_STEP][PASSED] - Statement - product = new com.kms.katalon.core.testobject.TestObject(): null

2018-06-09 19:46:20 - [TEST_STEP][PASSED] - Statement - product = com.kms.katalon.core.webui.keyword.WebUiBuiltInKeywords.modifyObjectProperty(product, "xpath", "equals", "//*[@id = "fldvendor" + row + ""]", true): Modify property of object successfully

2018-06-09 19:46:20 - [MESSAGE][PASSED] - Modify property of object successfully

2018-06-09 19:46:20 - [TEST_STEP][PASSED] - selectOptionByIndex: All options with index in [4] are selected on object ''

2018-06-09 19:46:20 - [MESSAGE][PASSED] - All options with index in [4] are selected on object ''

2018-06-09 19:46:20 - [TEST_STEP][PASSED] - delay: Delayed 2 second(s)

2018-06-09 19:46:22 - [MESSAGE][PASSED] - Delayed 2 second(s)

2018-06-09 19:46:22 - [TEST_STEP][PASSED] - Statement - batch = new com.kms.katalon.core.testobject.TestObject(): null

2018-06-09 19:46:22 - [TEST_STEP][PASSED] - Statement - batch = com.kms.katalon.core.webui.keyword.WebUiBuiltInKeywords.modifyObjectProperty(batch, "xpath", "equals", "//*[@id = "txtbthqty" + row + ""]", true): Modify property of object successfully

2018-06-09 19:46:22 - [MESSAGE][PASSED] - Modify property of object successfully

2018-06-09 19:46:22 - [TEST_STEP][PASSED] - Statement - batchqty = com.kms.katalon.core.webui.keyword.WebUiBuiltInKeywords.getAttribute(batch, "value").trim(): Attribute 'value' of object '' is: '5000'

2018-06-09 19:46:22 - [MESSAGE][PASSED] - Attribute 'value' of object '' is: '5000'

2018-06-09 19:46:22 - [TEST_STEP][PASSED] - Statement - Rqty = 10000: null

2018-06-09 19:46:22 - [TEST_STEP][PASSED] - Statement - out.println("BatchQty : " + batchqty): null

2018-06-09 19:46:22 - [TEST_STEP][PASSED] - Statement - out.println("RQty : " + Rqty): null

2018-06-09 19:46:22 - [TEST_STEP][PASSED] - Statement - If (java.lang.Integer.valueOf(batchqty) >= java.lang.Integer.valueOf(Rqty)): null

2018-06-09 19:46:22 - [TEST_STEP][PASSED] - Statement - Else: null

2018-06-09 19:46:22 - [TEST_STEP][PASSED] - Statement - out.println("Batchqty Is Less Than Rqty"): null

2018-06-09 19:46:22 - [TEST_STEP][PASSED] - Statement - product = new com.kms.katalon.core.testobject.TestObject(): null

2018-06-09 19:46:22 - [TEST_STEP][PASSED] - Statement - product = com.kms.katalon.core.webui.keyword.WebUiBuiltInKeywords.modifyObjectProperty(product, "xpath", "equals", "//*[@id = "fldvendor" + row + ""]", true): Modify property of object successfully

2018-06-09 19:46:22 - [MESSAGE][PASSED] - Modify property of object successfully

2018-06-09 19:46:22 - [TEST_STEP][PASSED] - selectOptionByIndex: All options with index in [5] are selected on object ''

2018-06-09 19:46:23 - [MESSAGE][PASSED] - All options with index in [5] are selected on object ''

2018-06-09 19:46:23 - [TEST_STEP][PASSED] - delay: Delayed 2 second(s)

2018-06-09 19:46:25 - [MESSAGE][PASSED] - Delayed 2 second(s)

2018-06-09 19:46:25 - [TEST_STEP][PASSED] - Statement - batch = new com.kms.katalon.core.testobject.TestObject(): null

2018-06-09 19:46:25 - [TEST_STEP][PASSED] - Statement - batch = com.kms.katalon.core.webui.keyword.WebUiBuiltInKeywords.modifyObjectProperty(batch, "xpath", "equals", "//*[@id = "txtbthqty" + row + ""]", true): Modify property of object successfully

2018-06-09 19:46:25 - [MESSAGE][PASSED] - Modify property of object successfully

2018-06-09 19:46:25 - [TEST_STEP][PASSED] - Statement - batchqty = com.kms.katalon.core.webui.keyword.WebUiBuiltInKeywords.getAttribute(batch, "value").trim(): Attribute 'value' of object '' is: '5000'

2018-06-09 19:46:25 - [MESSAGE][PASSED] - Attribute 'value' of object '' is: '5000'

2018-06-09 19:46:25 - [TEST_STEP][PASSED] - Statement - Rqty = 10000: null

2018-06-09 19:46:25 - [TEST_STEP][PASSED] - Statement - out.println("BatchQty : " + batchqty): null

2018-06-09 19:46:25 - [TEST_STEP][PASSED] - Statement - out.println("RQty : " + Rqty): null

2018-06-09 19:46:25 - [TEST_STEP][PASSED] - Statement - If (java.lang.Integer.valueOf(batchqty) >= java.lang.Integer.valueOf(Rqty)): null

2018-06-09 19:46:25 - [TEST_STEP][PASSED] - Statement - Else: null

2018-06-09 19:46:25 - [TEST_STEP][PASSED] - Statement - out.println("Batchqty Is Less Than Rqty"): null

2018-06-09 19:46:25 - [TEST_STEP][PASSED] - Statement - product = new com.kms.katalon.core.testobject.TestObject(): null

2018-06-09 19:46:25 - [TEST_STEP][PASSED] - Statement - product = com.kms.katalon.core.webui.keyword.WebUiBuiltInKeywords.modifyObjectProperty(product, "xpath", "equals", "//*[@id = "fldvendor" + row + ""]", true): Modify property of object successfully

2018-06-09 19:46:25 - [MESSAGE][PASSED] - Modify property of object successfully

2018-06-09 19:46:25 - [TEST_STEP][PASSED] - selectOptionByIndex: All options with index in [6] are selected on object ''

2018-06-09 19:46:25 - [MESSAGE][PASSED] - All options with index in [6] are selected on object ''

2018-06-09 19:46:25 - [TEST_STEP][PASSED] - delay: Delayed 2 second(s)

2018-06-09 19:46:27 - [MESSAGE][PASSED] - Delayed 2 second(s)

2018-06-09 19:46:27 - [TEST_STEP][PASSED] - Statement - batch = new com.kms.katalon.core.testobject.TestObject(): null

2018-06-09 19:46:27 - [TEST_STEP][PASSED] - Statement - batch = com.kms.katalon.core.webui.keyword.WebUiBuiltInKeywords.modifyObjectProperty(batch, "xpath", "equals", "//*[@id = "txtbthqty" + row + ""]", true): Modify property of object successfully

2018-06-09 19:46:27 - [MESSAGE][PASSED] - Modify property of object successfully

2018-06-09 19:46:27 - [TEST_STEP][PASSED] - Statement - batchqty = com.kms.katalon.core.webui.keyword.WebUiBuiltInKeywords.getAttribute(batch, "value").trim(): Attribute 'value' of object '' is: '5000'

2018-06-09 19:46:27 - [MESSAGE][PASSED] - Attribute 'value' of object '' is: '5000'

2018-06-09 19:46:27 - [TEST_STEP][PASSED] - Statement - Rqty = 10000: null

2018-06-09 19:46:27 - [TEST_STEP][PASSED] - Statement - out.println("BatchQty : " + batchqty): null

2018-06-09 19:46:27 - [TEST_STEP][PASSED] - Statement - out.println("RQty : " + Rqty): null

2018-06-09 19:46:27 - [TEST_STEP][PASSED] - Statement - If (java.lang.Integer.valueOf(batchqty) >= java.lang.Integer.valueOf(Rqty)): null

2018-06-09 19:46:27 - [TEST_STEP][PASSED] - Statement - Else: null

2018-06-09 19:46:27 - [TEST_STEP][PASSED] - Statement - out.println("Batchqty Is Less Than Rqty"): null

2018-06-09 19:46:27 - [TEST_STEP][PASSED] - Statement - product = new com.kms.katalon.core.testobject.TestObject(): null

2018-06-09 19:46:27 - [TEST_STEP][PASSED] - Statement - product = com.kms.katalon.core.webui.keyword.WebUiBuiltInKeywords.modifyObjectProperty(product, "xpath", "equals", "//*[@id = "fldvendor" + row + ""]", true): Modify property of object successfully

2018-06-09 19:46:27 - [MESSAGE][PASSED] - Modify property of object successfully

2018-06-09 19:46:27 - [TEST_STEP][PASSED] - selectOptionByIndex: All options with index in [7] are selected on object ''

2018-06-09 19:46:27 - [MESSAGE][PASSED] - All options with index in [7] are selected on object ''

2018-06-09 19:46:27 - [TEST_STEP][PASSED] - delay: Delayed 2 second(s)

2018-06-09 19:46:29 - [MESSAGE][PASSED] - Delayed 2 second(s)

2018-06-09 19:46:29 - [TEST_STEP][PASSED] - Statement - batch = new com.kms.katalon.core.testobject.TestObject(): null

2018-06-09 19:46:29 - [TEST_STEP][PASSED] - Statement - batch = com.kms.katalon.core.webui.keyword.WebUiBuiltInKeywords.modifyObjectProperty(batch, "xpath", "equals", "//*[@id = "txtbthqty" + row + ""]", true): Modify property of object successfully

2018-06-09 19:46:29 - [MESSAGE][PASSED] - Modify property of object successfully

2018-06-09 19:46:29 - [TEST_STEP][PASSED] - Statement - batchqty = com.kms.katalon.core.webui.keyword.WebUiBuiltInKeywords.getAttribute(batch, "value").trim(): Attribute 'value' of object '' is: '5000'

2018-06-09 19:46:29 - [MESSAGE][PASSED] - Attribute 'value' of object '' is: '5000'

2018-06-09 19:46:29 - [TEST_STEP][PASSED] - Statement - Rqty = 10000: null

2018-06-09 19:46:29 - [TEST_STEP][PASSED] - Statement - out.println("BatchQty : " + batchqty): null

2018-06-09 19:46:29 - [TEST_STEP][PASSED] - Statement - out.println("RQty : " + Rqty): null

2018-06-09 19:46:29 - [TEST_STEP][PASSED] - Statement - If (java.lang.Integer.valueOf(batchqty) >= java.lang.Integer.valueOf(Rqty)): null

2018-06-09 19:46:29 - [TEST_STEP][PASSED] - Statement - Else: null

2018-06-09 19:46:29 - [TEST_STEP][PASSED] - Statement - out.println("Batchqty Is Less Than Rqty"): null

2018-06-09 19:46:29 - [TEST_STEP][PASSED] - Statement - product = new com.kms.katalon.core.testobject.TestObject(): null

2018-06-09 19:46:29 - [TEST_STEP][PASSED] - Statement - product = com.kms.katalon.core.webui.keyword.WebUiBuiltInKeywords.modifyObjectProperty(product, "xpath", "equals", "//*[@id = "fldvendor" + row + ""]", true): Modify property of object successfully

2018-06-09 19:46:29 - [MESSAGE][PASSED] - Modify property of object successfully

2018-06-09 19:46:29 - [TEST_STEP][PASSED] - selectOptionByIndex: All options with index in [8] are selected on object ''

2018-06-09 19:46:29 - [MESSAGE][PASSED] - All options with index in [8] are selected on object ''

2018-06-09 19:46:29 - [TEST_STEP][PASSED] - delay: Delayed 2 second(s)

2018-06-09 19:46:31 - [MESSAGE][PASSED] - Delayed 2 second(s)

2018-06-09 19:46:31 - [TEST_STEP][PASSED] - Statement - batch = new com.kms.katalon.core.testobject.TestObject(): null

2018-06-09 19:46:31 - [TEST_STEP][PASSED] - Statement - batch = com.kms.katalon.core.webui.keyword.WebUiBuiltInKeywords.modifyObjectProperty(batch, "xpath", "equals", "//*[@id = "txtbthqty" + row + ""]", true): Modify property of object successfully

2018-06-09 19:46:31 - [MESSAGE][PASSED] - Modify property of object successfully

2018-06-09 19:46:31 - [TEST_STEP][PASSED] - Statement - batchqty = com.kms.katalon.core.webui.keyword.WebUiBuiltInKeywords.getAttribute(batch, "value").trim(): Attribute 'value' of object '' is: '39100'

2018-06-09 19:46:31 - [MESSAGE][PASSED] - Attribute 'value' of object '' is: '39100'

2018-06-09 19:46:31 - [TEST_STEP][PASSED] - Statement - Rqty = 10000: null

2018-06-09 19:46:31 - [TEST_STEP][PASSED] - Statement - out.println("BatchQty : " + batchqty): null

2018-06-09 19:46:31 - [TEST_STEP][PASSED] - Statement - out.println("RQty : " + Rqty): null

2018-06-09 19:46:31 - [TEST_STEP][PASSED] - Statement - If (java.lang.Integer.valueOf(batchqty) >= java.lang.Integer.valueOf(Rqty)): null

2018-06-09 19:46:31 - [TEST_STEP][PASSED] - Statement - Break: null

2018-06-09 19:46:31 - [TEST_STEP][PASSED] - Statement - batchlength = new com.kms.katalon.core.testobject.TestObject(): null

2018-06-09 19:46:31 - [TEST_STEP][PASSED] - Statement - batchlength = com.kms.katalon.core.webui.keyword.WebUiBuiltInKeywords.modifyObjectProperty(batchlength, "xpath", "equals", "//*[@id = "fldvendor" + row + ""]", true): Modify property of object successfully

2018-06-09 19:46:31 - [MESSAGE][PASSED] - Modify property of object successfully

2018-06-09 19:46:31 - [TEST_STEP][PASSED] - Statement - batchsize = com.kms.katalon.core.webui.keyword.WebUiBuiltInKeywords.getNumberOfTotalOption(batchlength): 11 options of object '' counted

2018-06-09 19:46:31 - [MESSAGE][PASSED] - 11 options of object '' counted

2018-06-09 19:46:31 - [TEST_STEP][PASSED] - Statement - out.println("BatchSize : " + batchsize): null

2018-06-09 19:46:31 - [TEST_STEP][PASSED] - Statement - For ([n = 1, n <= batchsize - 1, (n++)]): null

2018-06-09 19:46:31 - [TEST_STEP][PASSED] - Statement - product = new com.kms.katalon.core.testobject.TestObject(): null

2018-06-09 19:46:31 - [TEST_STEP][PASSED] - Statement - product = com.kms.katalon.core.webui.keyword.WebUiBuiltInKeywords.modifyObjectProperty(product, "xpath", "equals", "//*[@id = "fldvendor" + row + ""]", true): Modify property of object successfully

2018-06-09 19:46:31 - [MESSAGE][PASSED] - Modify property of object successfully

2018-06-09 19:46:31 - [TEST_STEP][PASSED] - selectOptionByIndex: All options with index in [1] are selected on object ''

2018-06-09 19:46:31 - [MESSAGE][PASSED] - All options with index in [1] are selected on object ''

2018-06-09 19:46:31 - [TEST_STEP][PASSED] - delay: Delayed 2 second(s)

2018-06-09 19:46:33 - [MESSAGE][PASSED] - Delayed 2 second(s)

2018-06-09 19:46:33 - [TEST_STEP][PASSED] - Statement - batch = new com.kms.katalon.core.testobject.TestObject(): null

2018-06-09 19:46:33 - [TEST_STEP][PASSED] - Statement - batch = com.kms.katalon.core.webui.keyword.WebUiBuiltInKeywords.modifyObjectProperty(batch, "xpath", "equals", "//*[@id = "txtbthqty" + row + ""]", true): Modify property of object successfully

2018-06-09 19:46:33 - [MESSAGE][PASSED] - Modify property of object successfully

2018-06-09 19:46:33 - [TEST_STEP][PASSED] - Statement - batchqty = com.kms.katalon.core.webui.keyword.WebUiBuiltInKeywords.getAttribute(batch, "value").trim(): Attribute 'value' of object '' is: '33700'

2018-06-09 19:46:33 - [MESSAGE][PASSED] - Attribute 'value' of object '' is: '33700'

2018-06-09 19:46:33 - [TEST_STEP][PASSED] - Statement - Rqty = 10000: null

2018-06-09 19:46:33 - [TEST_STEP][PASSED] - Statement - out.println("BatchQty : " + batchqty): null

2018-06-09 19:46:33 - [TEST_STEP][PASSED] - Statement - out.println("RQty : " + Rqty): null

2018-06-09 19:46:33 - [TEST_STEP][PASSED] - Statement - If (java.lang.Integer.valueOf(batchqty) >= java.lang.Integer.valueOf(Rqty)): null

2018-06-09 19:46:33 - [TEST_STEP][PASSED] - Statement - Break: null

2018-06-09 19:46:33 - [TEST_STEP][PASSED] - Statement - batchlength = new com.kms.katalon.core.testobject.TestObject(): null

2018-06-09 19:46:33 - [TEST_STEP][PASSED] - Statement - batchlength = com.kms.katalon.core.webui.keyword.WebUiBuiltInKeywords.modifyObjectProperty(batchlength, "xpath", "equals", "//*[@id = "fldvendor" + row + ""]", true): Modify property of object successfully

2018-06-09 19:46:33 - [MESSAGE][PASSED] - Modify property of object successfully

2018-06-09 19:46:33 - [TEST_STEP][PASSED] - Statement - batchsize = com.kms.katalon.core.webui.keyword.WebUiBuiltInKeywords.getNumberOfTotalOption(batchlength): 10 options of object '' counted

2018-06-09 19:46:33 - [MESSAGE][PASSED] - 10 options of object '' counted

2018-06-09 19:46:33 - [TEST_STEP][PASSED] - Statement - out.println("BatchSize : " + batchsize): null

2018-06-09 19:46:33 - [TEST_STEP][PASSED] - Statement - For ([n = 1, n <= batchsize - 1, (n++)]): null

2018-06-09 19:46:33 - [TEST_STEP][PASSED] - Statement - product = new com.kms.katalon.core.testobject.TestObject(): null

2018-06-09 19:46:33 - [TEST_STEP][PASSED] - Statement - product = com.kms.katalon.core.webui.keyword.WebUiBuiltInKeywords.modifyObjectProperty(product, "xpath", "equals", "//*[@id = "fldvendor" + row + ""]", true): Modify property of object successfully

2018-06-09 19:46:33 - [MESSAGE][PASSED] - Modify property of object successfully

2018-06-09 19:46:33 - [TEST_STEP][PASSED] - selectOptionByIndex: All options with index in [1] are selected on object ''

2018-06-09 19:46:34 - [MESSAGE][PASSED] - All options with index in [1] are selected on object ''

2018-06-09 19:46:34 - [TEST_STEP][PASSED] - delay: Delayed 2 second(s)

2018-06-09 19:46:36 - [MESSAGE][PASSED] - Delayed 2 second(s)

2018-06-09 19:46:36 - [TEST_STEP][PASSED] - Statement - batch = new com.kms.katalon.core.testobject.TestObject(): null

2018-06-09 19:46:36 - [TEST_STEP][PASSED] - Statement - batch = com.kms.katalon.core.webui.keyword.WebUiBuiltInKeywords.modifyObjectProperty(batch, "xpath", "equals", "//*[@id = "txtbthqty" + row + ""]", true): Modify property of object successfully

2018-06-09 19:46:36 - [MESSAGE][PASSED] - Modify property of object successfully

2018-06-09 19:46:36 - [TEST_STEP][PASSED] - Statement - batchqty = com.kms.katalon.core.webui.keyword.WebUiBuiltInKeywords.getAttribute(batch, "value").trim(): Attribute 'value' of object '' is: '2700'

2018-06-09 19:46:36 - [MESSAGE][PASSED] - Attribute 'value' of object '' is: '2700'

2018-06-09 19:46:36 - [TEST_STEP][PASSED] - Statement - Rqty = 10000: null

2018-06-09 19:46:36 - [TEST_STEP][PASSED] - Statement - out.println("BatchQty : " + batchqty): null

2018-06-09 19:46:36 - [TEST_STEP][PASSED] - Statement - out.println("RQty : " + Rqty): null

2018-06-09 19:46:36 - [TEST_STEP][PASSED] - Statement - If (java.lang.Integer.valueOf(batchqty) >= java.lang.Integer.valueOf(Rqty)): null

2018-06-09 19:46:36 - [TEST_STEP][PASSED] - Statement - Else: null

2018-06-09 19:46:36 - [TEST_STEP][PASSED] - Statement - out.println("Batchqty Is Less Than Rqty"): null

2018-06-09 19:46:36 - [TEST_STEP][PASSED] - Statement - product = new com.kms.katalon.core.testobject.TestObject(): null

2018-06-09 19:46:36 - [TEST_STEP][PASSED] - Statement - product = com.kms.katalon.core.webui.keyword.WebUiBuiltInKeywords.modifyObjectProperty(product, "xpath", "equals", "//*[@id = "fldvendor" + row + ""]", true): Modify property of object successfully

2018-06-09 19:46:36 - [MESSAGE][PASSED] - Modify property of object successfully

2018-06-09 19:46:36 - [TEST_STEP][PASSED] - selectOptionByIndex: All options with index in [2] are selected on object ''

2018-06-09 19:46:36 - [MESSAGE][PASSED] - All options with index in [2] are selected on object ''

2018-06-09 19:46:36 - [TEST_STEP][PASSED] - delay: Delayed 2 second(s)

2018-06-09 19:46:38 - [MESSAGE][PASSED] - Delayed 2 second(s)

2018-06-09 19:46:38 - [TEST_STEP][PASSED] - Statement - batch = new com.kms.katalon.core.testobject.TestObject(): null

2018-06-09 19:46:38 - [TEST_STEP][PASSED] - Statement - batch = com.kms.katalon.core.webui.keyword.WebUiBuiltInKeywords.modifyObjectProperty(batch, "xpath", "equals", "//*[@id = "txtbthqty" + row + ""]", true): Modify property of object successfully

2018-06-09 19:46:38 - [MESSAGE][PASSED] - Modify property of object successfully

2018-06-09 19:46:38 - [TEST_STEP][PASSED] - Statement - batchqty = com.kms.katalon.core.webui.keyword.WebUiBuiltInKeywords.getAttribute(batch, "value").trim(): Attribute 'value' of object '' is: '5000'

2018-06-09 19:46:38 - [MESSAGE][PASSED] - Attribute 'value' of object '' is: '5000'

2018-06-09 19:46:38 - [TEST_STEP][PASSED] - Statement - Rqty = 10000: null

2018-06-09 19:46:38 - [TEST_STEP][PASSED] - Statement - out.println("BatchQty : " + batchqty): null

2018-06-09 19:46:38 - [TEST_STEP][PASSED] - Statement - out.println("RQty : " + Rqty): null

2018-06-09 19:46:38 - [TEST_STEP][PASSED] - Statement - If (java.lang.Integer.valueOf(batchqty) >= java.lang.Integer.valueOf(Rqty)): null

2018-06-09 19:46:38 - [TEST_STEP][PASSED] - Statement - Else: null

2018-06-09 19:46:38 - [TEST_STEP][PASSED] - Statement - out.println("Batchqty Is Less Than Rqty"): null

2018-06-09 19:46:38 - [TEST_STEP][PASSED] - Statement - product = new com.kms.katalon.core.testobject.TestObject(): null

2018-06-09 19:46:38 - [TEST_STEP][PASSED] - Statement - product = com.kms.katalon.core.webui.keyword.WebUiBuiltInKeywords.modifyObjectProperty(product, "xpath", "equals", "//*[@id = "fldvendor" + row + ""]", true): Modify property of object successfully

2018-06-09 19:46:38 - [MESSAGE][PASSED] - Modify property of object successfully

2018-06-09 19:46:38 - [TEST_STEP][PASSED] - selectOptionByIndex: All options with index in [3] are selected on object ''

2018-06-09 19:46:38 - [MESSAGE][PASSED] - All options with index in [3] are selected on object ''

2018-06-09 19:46:38 - [TEST_STEP][PASSED] - delay: Delayed 2 second(s)

2018-06-09 19:46:40 - [MESSAGE][PASSED] - Delayed 2 second(s)

2018-06-09 19:46:40 - [TEST_STEP][PASSED] - Statement - batch = new com.kms.katalon.core.testobject.TestObject(): null

2018-06-09 19:46:40 - [TEST_STEP][PASSED] - Statement - batch = com.kms.katalon.core.webui.keyword.WebUiBuiltInKeywords.modifyObjectProperty(batch, "xpath", "equals", "//*[@id = "txtbthqty" + row + ""]", true): Modify property of object successfully

2018-06-09 19:46:40 - [MESSAGE][PASSED] - Modify property of object successfully

2018-06-09 19:46:40 - [TEST_STEP][PASSED] - Statement - batchqty = com.kms.katalon.core.webui.keyword.WebUiBuiltInKeywords.getAttribute(batch, "value").trim(): Attribute 'value' of object '' is: '5000'

2018-06-09 19:46:40 - [MESSAGE][PASSED] - Attribute 'value' of object '' is: '5000'

2018-06-09 19:46:40 - [TEST_STEP][PASSED] - Statement - Rqty = 10000: null

2018-06-09 19:46:40 - [TEST_STEP][PASSED] - Statement - out.println("BatchQty : " + batchqty): null

2018-06-09 19:46:40 - [TEST_STEP][PASSED] - Statement - out.println("RQty : " + Rqty): null

2018-06-09 19:46:40 - [TEST_STEP][PASSED] - Statement - If (java.lang.Integer.valueOf(batchqty) >= java.lang.Integer.valueOf(Rqty)): null

2018-06-09 19:46:40 - [TEST_STEP][PASSED] - Statement - Else: null

2018-06-09 19:46:40 - [TEST_STEP][PASSED] - Statement - out.println("Batchqty Is Less Than Rqty"): null

2018-06-09 19:46:40 - [TEST_STEP][PASSED] - Statement - product = new com.kms.katalon.core.testobject.TestObject(): null

2018-06-09 19:46:40 - [TEST_STEP][PASSED] - Statement - product = com.kms.katalon.core.webui.keyword.WebUiBuiltInKeywords.modifyObjectProperty(product, "xpath", "equals", "//*[@id = "fldvendor" + row + ""]", true): Modify property of object successfully

2018-06-09 19:46:40 - [MESSAGE][PASSED] - Modify property of object successfully

2018-06-09 19:46:40 - [TEST_STEP][PASSED] - selectOptionByIndex: All options with index in [4] are selected on object ''

2018-06-09 19:46:40 - [MESSAGE][PASSED] - All options with index in [4] are selected on object ''

2018-06-09 19:46:40 - [TEST_STEP][PASSED] - delay: Delayed 2 second(s)

2018-06-09 19:46:42 - [MESSAGE][PASSED] - Delayed 2 second(s)

2018-06-09 19:46:42 - [TEST_STEP][PASSED] - Statement - batch = new com.kms.katalon.core.testobject.TestObject(): null

2018-06-09 19:46:42 - [TEST_STEP][PASSED] - Statement - batch = com.kms.katalon.core.webui.keyword.WebUiBuiltInKeywords.modifyObjectProperty(batch, "xpath", "equals", "//*[@id = "txtbthqty" + row + ""]", true): Modify property of object successfully

2018-06-09 19:46:42 - [MESSAGE][PASSED] - Modify property of object successfully

2018-06-09 19:46:42 - [TEST_STEP][PASSED] - Statement - batchqty = com.kms.katalon.core.webui.keyword.WebUiBuiltInKeywords.getAttribute(batch, "value").trim(): Attribute 'value' of object '' is: '5000'

2018-06-09 19:46:42 - [MESSAGE][PASSED] - Attribute 'value' of object '' is: '5000'

2018-06-09 19:46:42 - [TEST_STEP][PASSED] - Statement - Rqty = 10000: null

2018-06-09 19:46:42 - [TEST_STEP][PASSED] - Statement - out.println("BatchQty : " + batchqty): null

2018-06-09 19:46:42 - [TEST_STEP][PASSED] - Statement - out.println("RQty : " + Rqty): null

2018-06-09 19:46:42 - [TEST_STEP][PASSED] - Statement - If (java.lang.Integer.valueOf(batchqty) >= java.lang.Integer.valueOf(Rqty)): null

2018-06-09 19:46:42 - [TEST_STEP][PASSED] - Statement - Else: null

2018-06-09 19:46:42 - [TEST_STEP][PASSED] - Statement - out.println("Batchqty Is Less Than Rqty"): null

2018-06-09 19:46:42 - [TEST_STEP][PASSED] - Statement - product = new com.kms.katalon.core.testobject.TestObject(): null

2018-06-09 19:46:42 - [TEST_STEP][PASSED] - Statement - product = com.kms.katalon.core.webui.keyword.WebUiBuiltInKeywords.modifyObjectProperty(product, "xpath", "equals", "//*[@id = "fldvendor" + row + ""]", true): Modify property of object successfully

2018-06-09 19:46:42 - [MESSAGE][PASSED] - Modify property of object successfully

2018-06-09 19:46:42 - [TEST_STEP][PASSED] - selectOptionByIndex: All options with index in [5] are selected on object ''

2018-06-09 19:46:42 - [MESSAGE][PASSED] - All options with index in [5] are selected on object ''

2018-06-09 19:46:42 - [TEST_STEP][PASSED] - delay: Delayed 2 second(s)

2018-06-09 19:46:44 - [MESSAGE][PASSED] - Delayed 2 second(s)

2018-06-09 19:46:44 - [TEST_STEP][PASSED] - Statement - batch = new com.kms.katalon.core.testobject.TestObject(): null

2018-06-09 19:46:44 - [TEST_STEP][PASSED] - Statement - batch = com.kms.katalon.core.webui.keyword.WebUiBuiltInKeywords.modifyObjectProperty(batch, "xpath", "equals", "//*[@id = "txtbthqty" + row + ""]", true): Modify property of object successfully

2018-06-09 19:46:44 - [MESSAGE][PASSED] - Modify property of object successfully

2018-06-09 19:46:44 - [TEST_STEP][PASSED] - Statement - batchqty = com.kms.katalon.core.webui.keyword.WebUiBuiltInKeywords.getAttribute(batch, "value").trim(): Attribute 'value' of object '' is: '5000'

2018-06-09 19:46:44 - [MESSAGE][PASSED] - Attribute 'value' of object '' is: '5000'

2018-06-09 19:46:44 - [TEST_STEP][PASSED] - Statement - Rqty = 10000: null

2018-06-09 19:46:44 - [TEST_STEP][PASSED] - Statement - out.println("BatchQty : " + batchqty): null

2018-06-09 19:46:44 - [TEST_STEP][PASSED] - Statement - out.println("RQty : " + Rqty): null

2018-06-09 19:46:44 - [TEST_STEP][PASSED] - Statement - If (java.lang.Integer.valueOf(batchqty) >= java.lang.Integer.valueOf(Rqty)): null

2018-06-09 19:46:44 - [TEST_STEP][PASSED] - Statement - Else: null

2018-06-09 19:46:44 - [TEST_STEP][PASSED] - Statement - out.println("Batchqty Is Less Than Rqty"): null

2018-06-09 19:46:44 - [TEST_STEP][PASSED] - Statement - product = new com.kms.katalon.core.testobject.TestObject(): null

2018-06-09 19:46:44 - [TEST_STEP][PASSED] - Statement - product = com.kms.katalon.core.webui.keyword.WebUiBuiltInKeywords.modifyObjectProperty(product, "xpath", "equals", "//*[@id = "fldvendor" + row + ""]", true): Modify property of object successfully

2018-06-09 19:46:44 - [MESSAGE][PASSED] - Modify property of object successfully

2018-06-09 19:46:44 - [TEST_STEP][PASSED] - selectOptionByIndex: All options with index in [6] are selected on object ''

2018-06-09 19:46:45 - [MESSAGE][PASSED] - All options with index in [6] are selected on object ''

2018-06-09 19:46:45 - [TEST_STEP][PASSED] - delay: Delayed 2 second(s)

2018-06-09 19:46:47 - [MESSAGE][PASSED] - Delayed 2 second(s)

2018-06-09 19:46:47 - [TEST_STEP][PASSED] - Statement - batch = new com.kms.katalon.core.testobject.TestObject(): null

2018-06-09 19:46:47 - [TEST_STEP][PASSED] - Statement - batch = com.kms.katalon.core.webui.keyword.WebUiBuiltInKeywords.modifyObjectProperty(batch, "xpath", "equals", "//*[@id = "txtbthqty" + row + ""]", true): Modify property of object successfully

2018-06-09 19:46:47 - [MESSAGE][PASSED] - Modify property of object successfully

2018-06-09 19:46:47 - [TEST_STEP][PASSED] - Statement - batchqty = com.kms.katalon.core.webui.keyword.WebUiBuiltInKeywords.getAttribute(batch, "value").trim(): Attribute 'value' of object '' is: '5000'

2018-06-09 19:46:47 - [MESSAGE][PASSED] - Attribute 'value' of object '' is: '5000'

2018-06-09 19:46:47 - [TEST_STEP][PASSED] - Statement - Rqty = 10000: null

2018-06-09 19:46:47 - [TEST_STEP][PASSED] - Statement - out.println("BatchQty : " + batchqty): null

2018-06-09 19:46:47 - [TEST_STEP][PASSED] - Statement - out.println("RQty : " + Rqty): null

2018-06-09 19:46:47 - [TEST_STEP][PASSED] - Statement - If (java.lang.Integer.valueOf(batchqty) >= java.lang.Integer.valueOf(Rqty)): null

2018-06-09 19:46:47 - [TEST_STEP][PASSED] - Statement - Else: null

2018-06-09 19:46:47 - [TEST_STEP][PASSED] - Statement - out.println("Batchqty Is Less Than Rqty"): null

2018-06-09 19:46:47 - [TEST_STEP][PASSED] - Statement - product = new com.kms.katalon.core.testobject.TestObject(): null

2018-06-09 19:46:47 - [TEST_STEP][PASSED] - Statement - product = com.kms.katalon.core.webui.keyword.WebUiBuiltInKeywords.modifyObjectProperty(product, "xpath", "equals", "//*[@id = "fldvendor" + row + ""]", true): Modify property of object successfully

2018-06-09 19:46:47 - [MESSAGE][PASSED] - Modify property of object successfully

2018-06-09 19:46:47 - [TEST_STEP][PASSED] - selectOptionByIndex: All options with index in [7] are selected on object ''

2018-06-09 19:46:47 - [MESSAGE][PASSED] - All options with index in [7] are selected on object ''

2018-06-09 19:46:47 - [TEST_STEP][PASSED] - delay: Delayed 2 second(s)

2018-06-09 19:46:49 - [MESSAGE][PASSED] - Delayed 2 second(s)

2018-06-09 19:46:49 - [TEST_STEP][PASSED] - Statement - batch = new com.kms.katalon.core.testobject.TestObject(): null

2018-06-09 19:46:49 - [TEST_STEP][PASSED] - Statement - batch = com.kms.katalon.core.webui.keyword.WebUiBuiltInKeywords.modifyObjectProperty(batch, "xpath", "equals", "//*[@id = "txtbthqty" + row + ""]", true): Modify property of object successfully

2018-06-09 19:46:49 - [MESSAGE][PASSED] - Modify property of object successfully

2018-06-09 19:46:49 - [TEST_STEP][PASSED] - Statement - batchqty = com.kms.katalon.core.webui.keyword.WebUiBuiltInKeywords.getAttribute(batch, "value").trim(): Attribute 'value' of object '' is: '5000'

2018-06-09 19:46:49 - [MESSAGE][PASSED] - Attribute 'value' of object '' is: '5000'

2018-06-09 19:46:49 - [TEST_STEP][PASSED] - Statement - Rqty = 10000: null

2018-06-09 19:46:49 - [TEST_STEP][PASSED] - Statement - out.println("BatchQty : " + batchqty): null

2018-06-09 19:46:49 - [TEST_STEP][PASSED] - Statement - out.println("RQty : " + Rqty): null

2018-06-09 19:46:49 - [TEST_STEP][PASSED] - Statement - If (java.lang.Integer.valueOf(batchqty) >= java.lang.Integer.valueOf(Rqty)): null

2018-06-09 19:46:49 - [TEST_STEP][PASSED] - Statement - Else: null

2018-06-09 19:46:49 - [TEST_STEP][PASSED] - Statement - out.println("Batchqty Is Less Than Rqty"): null

2018-06-09 19:46:49 - [TEST_STEP][PASSED] - Statement - product = new com.kms.katalon.core.testobject.TestObject(): null

2018-06-09 19:46:49 - [TEST_STEP][PASSED] - Statement - product = com.kms.katalon.core.webui.keyword.WebUiBuiltInKeywords.modifyObjectProperty(product, "xpath", "equals", "//*[@id = "fldvendor" + row + ""]", true): Modify property of object successfully

2018-06-09 19:46:49 - [MESSAGE][PASSED] - Modify property of object successfully

2018-06-09 19:46:49 - [TEST_STEP][PASSED] - selectOptionByIndex: All options with index in [8] are selected on object ''

2018-06-09 19:46:49 - [MESSAGE][PASSED] - All options with index in [8] are selected on object ''

2018-06-09 19:46:49 - [TEST_STEP][PASSED] - delay: Delayed 2 second(s)

2018-06-09 19:46:51 - [MESSAGE][PASSED] - Delayed 2 second(s)

2018-06-09 19:46:51 - [TEST_STEP][PASSED] - Statement - batch = new com.kms.katalon.core.testobject.TestObject(): null

2018-06-09 19:46:51 - [TEST_STEP][PASSED] - Statement - batch = com.kms.katalon.core.webui.keyword.WebUiBuiltInKeywords.modifyObjectProperty(batch, "xpath", "equals", "//*[@id = "txtbthqty" + row + ""]", true): Modify property of object successfully

2018-06-09 19:46:51 - [MESSAGE][PASSED] - Modify property of object successfully

2018-06-09 19:46:51 - [TEST_STEP][PASSED] - Statement - batchqty = com.kms.katalon.core.webui.keyword.WebUiBuiltInKeywords.getAttribute(batch, "value").trim(): Attribute 'value' of object '' is: '39000'

2018-06-09 19:46:51 - [MESSAGE][PASSED] - Attribute 'value' of object '' is: '39000'

2018-06-09 19:46:51 - [TEST_STEP][PASSED] - Statement - Rqty = 10000: null

2018-06-09 19:46:51 - [TEST_STEP][PASSED] - Statement - out.println("BatchQty : " + batchqty): null

2018-06-09 19:46:51 - [TEST_STEP][PASSED] - Statement - out.println("RQty : " + Rqty): null

2018-06-09 19:46:51 - [TEST_STEP][PASSED] - Statement - If (java.lang.Integer.valueOf(batchqty) >= java.lang.Integer.valueOf(Rqty)): null

2018-06-09 19:46:51 - [TEST_STEP][PASSED] - Statement - Break: null

2018-06-09 19:46:51 - [TEST_STEP][PASSED] - Statement - batchlength = new com.kms.katalon.core.testobject.TestObject(): null

2018-06-09 19:46:51 - [TEST_STEP][PASSED] - Statement - batchlength = com.kms.katalon.core.webui.keyword.WebUiBuiltInKeywords.modifyObjectProperty(batchlength, "xpath", "equals", "//*[@id = "fldvendor" + row + ""]", true): Modify property of object successfully

2018-06-09 19:46:51 - [MESSAGE][PASSED] - Modify property of object successfully

2018-06-09 19:46:51 - [TEST_STEP][PASSED] - Statement - batchsize = com.kms.katalon.core.webui.keyword.WebUiBuiltInKeywords.getNumberOfTotalOption(batchlength): 10 options of object '' counted

2018-06-09 19:46:51 - [MESSAGE][PASSED] - 10 options of object '' counted

2018-06-09 19:46:51 - [TEST_STEP][PASSED] - Statement - out.println("BatchSize : " + batchsize): null

2018-06-09 19:46:51 - [TEST_STEP][PASSED] - Statement - For ([n = 1, n <= batchsize - 1, (n++)]): null

2018-06-09 19:46:51 - [TEST_STEP][PASSED] - Statement - product = new com.kms.katalon.core.testobject.TestObject(): null

2018-06-09 19:46:51 - [TEST_STEP][PASSED] - Statement - product = com.kms.katalon.core.webui.keyword.WebUiBuiltInKeywords.modifyObjectProperty(product, "xpath", "equals", "//*[@id = "fldvendor" + row + ""]", true): Modify property of object successfully

2018-06-09 19:46:51 - [MESSAGE][PASSED] - Modify property of object successfully

2018-06-09 19:46:51 - [TEST_STEP][PASSED] - selectOptionByIndex: All options with index in [1] are selected on object ''

2018-06-09 19:46:51 - [MESSAGE][PASSED] - All options with index in [1] are selected on object ''

2018-06-09 19:46:51 - [TEST_STEP][PASSED] - delay: Delayed 2 second(s)

2018-06-09 19:46:53 - [MESSAGE][PASSED] - Delayed 2 second(s)

2018-06-09 19:46:53 - [TEST_STEP][PASSED] - Statement - batch = new com.kms.katalon.core.testobject.TestObject(): null

2018-06-09 19:46:53 - [TEST_STEP][PASSED] - Statement - batch = com.kms.katalon.core.webui.keyword.WebUiBuiltInKeywords.modifyObjectProperty(batch, "xpath", "equals", "//*[@id = "txtbthqty" + row + ""]", true): Modify property of object successfully

2018-06-09 19:46:53 - [MESSAGE][PASSED] - Modify property of object successfully

2018-06-09 19:46:53 - [TEST_STEP][PASSED] - Statement - batchqty = com.kms.katalon.core.webui.keyword.WebUiBuiltInKeywords.getAttribute(batch, "value").trim(): Attribute 'value' of object '' is: '2900'

2018-06-09 19:46:53 - [MESSAGE][PASSED] - Attribute 'value' of object '' is: '2900'

2018-06-09 19:46:53 - [TEST_STEP][PASSED] - Statement - Rqty = 10000: null

2018-06-09 19:46:53 - [TEST_STEP][PASSED] - Statement - out.println("BatchQty : " + batchqty): null

2018-06-09 19:46:53 - [TEST_STEP][PASSED] - Statement - out.println("RQty : " + Rqty): null

2018-06-09 19:46:53 - [TEST_STEP][PASSED] - Statement - If (java.lang.Integer.valueOf(batchqty) >= java.lang.Integer.valueOf(Rqty)): null

2018-06-09 19:46:53 - [TEST_STEP][PASSED] - Statement - Else: null

2018-06-09 19:46:53 - [TEST_STEP][PASSED] - Statement - out.println("Batchqty Is Less Than Rqty"): null

2018-06-09 19:46:53 - [TEST_STEP][PASSED] - Statement - product = new com.kms.katalon.core.testobject.TestObject(): null

2018-06-09 19:46:53 - [TEST_STEP][PASSED] - Statement - product = com.kms.katalon.core.webui.keyword.WebUiBuiltInKeywords.modifyObjectProperty(product, "xpath", "equals", "//*[@id = "fldvendor" + row + ""]", true): Modify property of object successfully

2018-06-09 19:46:53 - [MESSAGE][PASSED] - Modify property of object successfully

2018-06-09 19:46:53 - [TEST_STEP][PASSED] - selectOptionByIndex: All options with index in [2] are selected on object ''

2018-06-09 19:46:53 - [MESSAGE][PASSED] - All options with index in [2] are selected on object ''

2018-06-09 19:46:53 - [TEST_STEP][PASSED] - delay: Delayed 2 second(s)

2018-06-09 19:46:55 - [MESSAGE][PASSED] - Delayed 2 second(s)

2018-06-09 19:46:55 - [TEST_STEP][PASSED] - Statement - batch = new com.kms.katalon.core.testobject.TestObject(): null

2018-06-09 19:46:55 - [TEST_STEP][PASSED] - Statement - batch = com.kms.katalon.core.webui.keyword.WebUiBuiltInKeywords.modifyObjectProperty(batch, "xpath", "equals", "//*[@id = "txtbthqty" + row + ""]", true): Modify property of object successfully

2018-06-09 19:46:55 - [MESSAGE][PASSED] - Modify property of object successfully

2018-06-09 19:46:55 - [TEST_STEP][PASSED] - Statement - batchqty = com.kms.katalon.core.webui.keyword.WebUiBuiltInKeywords.getAttribute(batch, "value").trim(): Attribute 'value' of object '' is: '4900'

2018-06-09 19:46:55 - [MESSAGE][PASSED] - Attribute 'value' of object '' is: '4900'

2018-06-09 19:46:55 - [TEST_STEP][PASSED] - Statement - Rqty = 10000: null

2018-06-09 19:46:55 - [TEST_STEP][PASSED] - Statement - out.println("BatchQty : " + batchqty): null

2018-06-09 19:46:55 - [TEST_STEP][PASSED] - Statement - out.println("RQty : " + Rqty): null

2018-06-09 19:46:55 - [TEST_STEP][PASSED] - Statement - If (java.lang.Integer.valueOf(batchqty) >= java.lang.Integer.valueOf(Rqty)): null

2018-06-09 19:46:55 - [TEST_STEP][PASSED] - Statement - Else: null

2018-06-09 19:46:55 - [TEST_STEP][PASSED] - Statement - out.println("Batchqty Is Less Than Rqty"): null

2018-06-09 19:46:55 - [TEST_STEP][PASSED] - Statement - product = new com.kms.katalon.core.testobject.TestObject(): null

2018-06-09 19:46:55 - [TEST_STEP][PASSED] - Statement - product = com.kms.katalon.core.webui.keyword.WebUiBuiltInKeywords.modifyObjectProperty(product, "xpath", "equals", "//*[@id = "fldvendor" + row + ""]", true): Modify property of object successfully

2018-06-09 19:46:55 - [MESSAGE][PASSED] - Modify property of object successfully

2018-06-09 19:46:55 - [TEST_STEP][PASSED] - selectOptionByIndex: All options with index in [3] are selected on object ''

2018-06-09 19:46:56 - [MESSAGE][PASSED] - All options with index in [3] are selected on object ''

2018-06-09 19:46:56 - [TEST_STEP][PASSED] - delay: Delayed 2 second(s)

2018-06-09 19:46:58 - [MESSAGE][PASSED] - Delayed 2 second(s)

2018-06-09 19:46:58 - [TEST_STEP][PASSED] - Statement - batch = new com.kms.katalon.core.testobject.TestObject(): null

2018-06-09 19:46:58 - [TEST_STEP][PASSED] - Statement - batch = com.kms.katalon.core.webui.keyword.WebUiBuiltInKeywords.modifyObjectProperty(batch, "xpath", "equals", "//*[@id = "txtbthqty" + row + ""]", true): Modify property of object successfully

2018-06-09 19:46:58 - [MESSAGE][PASSED] - Modify property of object successfully

2018-06-09 19:46:58 - [TEST_STEP][PASSED] - Statement - batchqty = com.kms.katalon.core.webui.keyword.WebUiBuiltInKeywords.getAttribute(batch, "value").trim(): Attribute 'value' of object '' is: '5000'

2018-06-09 19:46:58 - [MESSAGE][PASSED] - Attribute 'value' of object '' is: '5000'

2018-06-09 19:46:58 - [TEST_STEP][PASSED] - Statement - Rqty = 10000: null

2018-06-09 19:46:58 - [TEST_STEP][PASSED] - Statement - out.println("BatchQty : " + batchqty): null

2018-06-09 19:46:58 - [TEST_STEP][PASSED] - Statement - out.println("RQty : " + Rqty): null

2018-06-09 19:46:58 - [TEST_STEP][PASSED] - Statement - If (java.lang.Integer.valueOf(batchqty) >= java.lang.Integer.valueOf(Rqty)): null

2018-06-09 19:46:58 - [TEST_STEP][PASSED] - Statement - Else: null

2018-06-09 19:46:58 - [TEST_STEP][PASSED] - Statement - out.println("Batchqty Is Less Than Rqty"): null

2018-06-09 19:46:58 - [TEST_STEP][PASSED] - Statement - product = new com.kms.katalon.core.testobject.TestObject(): null

2018-06-09 19:46:58 - [TEST_STEP][PASSED] - Statement - product = com.kms.katalon.core.webui.keyword.WebUiBuiltInKeywords.modifyObjectProperty(product, "xpath", "equals", "//*[@id = "fldvendor" + row + ""]", true): Modify property of object successfully

2018-06-09 19:46:58 - [MESSAGE][PASSED] - Modify property of object successfully

2018-06-09 19:46:58 - [TEST_STEP][PASSED] - selectOptionByIndex: All options with index in [4] are selected on object ''

2018-06-09 19:46:58 - [MESSAGE][PASSED] - All options with index in [4] are selected on object ''

2018-06-09 19:46:58 - [TEST_STEP][PASSED] - delay: Delayed 2 second(s)

2018-06-09 19:47:00 - [MESSAGE][PASSED] - Delayed 2 second(s)

2018-06-09 19:47:00 - [TEST_STEP][PASSED] - Statement - batch = new com.kms.katalon.core.testobject.TestObject(): null

2018-06-09 19:47:00 - [TEST_STEP][PASSED] - Statement - batch = com.kms.katalon.core.webui.keyword.WebUiBuiltInKeywords.modifyObjectProperty(batch, "xpath", "equals", "//*[@id = "txtbthqty" + row + ""]", true): Modify property of object successfully

2018-06-09 19:47:00 - [MESSAGE][PASSED] - Modify property of object successfully

2018-06-09 19:47:00 - [TEST_STEP][PASSED] - Statement - batchqty = com.kms.katalon.core.webui.keyword.WebUiBuiltInKeywords.getAttribute(batch, "value").trim(): Attribute 'value' of object '' is: '5000'

2018-06-09 19:47:00 - [MESSAGE][PASSED] - Attribute 'value' of object '' is: '5000'

2018-06-09 19:47:00 - [TEST_STEP][PASSED] - Statement - Rqty = 10000: null

2018-06-09 19:47:00 - [TEST_STEP][PASSED] - Statement - out.println("BatchQty : " + batchqty): null

2018-06-09 19:47:00 - [TEST_STEP][PASSED] - Statement - out.println("RQty : " + Rqty): null

2018-06-09 19:47:00 - [TEST_STEP][PASSED] - Statement - If (java.lang.Integer.valueOf(batchqty) >= java.lang.Integer.valueOf(Rqty)): null

2018-06-09 19:47:00 - [TEST_STEP][PASSED] - Statement - Else: null

2018-06-09 19:47:00 - [TEST_STEP][PASSED] - Statement - out.println("Batchqty Is Less Than Rqty"): null

2018-06-09 19:47:00 - [TEST_STEP][PASSED] - Statement - product = new com.kms.katalon.core.testobject.TestObject(): null

2018-06-09 19:47:00 - [TEST_STEP][PASSED] - Statement - product = com.kms.katalon.core.webui.keyword.WebUiBuiltInKeywords.modifyObjectProperty(product, "xpath", "equals", "//*[@id = "fldvendor" + row + ""]", true): Modify property of object successfully

2018-06-09 19:47:00 - [MESSAGE][PASSED] - Modify property of object successfully

2018-06-09 19:47:00 - [TEST_STEP][PASSED] - selectOptionByIndex: All options with index in [5] are selected on object ''

2018-06-09 19:47:00 - [MESSAGE][PASSED] - All options with index in [5] are selected on object ''

2018-06-09 19:47:00 - [TEST_STEP][PASSED] - delay: Delayed 2 second(s)

2018-06-09 19:47:02 - [MESSAGE][PASSED] - Delayed 2 second(s)

2018-06-09 19:47:02 - [TEST_STEP][PASSED] - Statement - batch = new com.kms.katalon.core.testobject.TestObject(): null

2018-06-09 19:47:02 - [TEST_STEP][PASSED] - Statement - batch = com.kms.katalon.core.webui.keyword.WebUiBuiltInKeywords.modifyObjectProperty(batch, "xpath", "equals", "//*[@id = "txtbthqty" + row + ""]", true): Modify property of object successfully

2018-06-09 19:47:02 - [MESSAGE][PASSED] - Modify property of object successfully

2018-06-09 19:47:02 - [TEST_STEP][PASSED] - Statement - batchqty = com.kms.katalon.core.webui.keyword.WebUiBuiltInKeywords.getAttribute(batch, "value").trim(): Attribute 'value' of object '' is: '5000'

2018-06-09 19:47:02 - [MESSAGE][PASSED] - Attribute 'value' of object '' is: '5000'

2018-06-09 19:47:02 - [TEST_STEP][PASSED] - Statement - Rqty = 10000: null

2018-06-09 19:47:02 - [TEST_STEP][PASSED] - Statement - out.println("BatchQty : " + batchqty): null

2018-06-09 19:47:02 - [TEST_STEP][PASSED] - Statement - out.println("RQty : " + Rqty): null

2018-06-09 19:47:02 - [TEST_STEP][PASSED] - Statement - If (java.lang.Integer.valueOf(batchqty) >= java.lang.Integer.valueOf(Rqty)): null

2018-06-09 19:47:02 - [TEST_STEP][PASSED] - Statement - Else: null

2018-06-09 19:47:02 - [TEST_STEP][PASSED] - Statement - out.println("Batchqty Is Less Than Rqty"): null

2018-06-09 19:47:02 - [TEST_STEP][PASSED] - Statement - product = new com.kms.katalon.core.testobject.TestObject(): null

2018-06-09 19:47:02 - [TEST_STEP][PASSED] - Statement - product = com.kms.katalon.core.webui.keyword.WebUiBuiltInKeywords.modifyObjectProperty(product, "xpath", "equals", "//*[@id = "fldvendor" + row + ""]", true): Modify property of object successfully

2018-06-09 19:47:02 - [MESSAGE][PASSED] - Modify property of object successfully

2018-06-09 19:47:02 - [TEST_STEP][PASSED] - selectOptionByIndex: All options with index in [6] are selected on object ''

2018-06-09 19:47:02 - [MESSAGE][PASSED] - All options with index in [6] are selected on object ''

2018-06-09 19:47:02 - [TEST_STEP][PASSED] - delay: Delayed 2 second(s)

2018-06-09 19:47:04 - [MESSAGE][PASSED] - Delayed 2 second(s)

2018-06-09 19:47:04 - [TEST_STEP][PASSED] - Statement - batch = new com.kms.katalon.core.testobject.TestObject(): null

2018-06-09 19:47:04 - [TEST_STEP][PASSED] - Statement - batch = com.kms.katalon.core.webui.keyword.WebUiBuiltInKeywords.modifyObjectProperty(batch, "xpath", "equals", "//*[@id = "txtbthqty" + row + ""]", true): Modify property of object successfully

2018-06-09 19:47:04 - [MESSAGE][PASSED] - Modify property of object successfully

2018-06-09 19:47:04 - [TEST_STEP][PASSED] - Statement - batchqty = com.kms.katalon.core.webui.keyword.WebUiBuiltInKeywords.getAttribute(batch, "value").trim(): Attribute 'value' of object '' is: '39000'

2018-06-09 19:47:04 - [MESSAGE][PASSED] - Attribute 'value' of object '' is: '39000'

2018-06-09 19:47:04 - [TEST_STEP][PASSED] - Statement - Rqty = 10000: null

2018-06-09 19:47:04 - [TEST_STEP][PASSED] - Statement - out.println("BatchQty : " + batchqty): null

2018-06-09 19:47:04 - [TEST_STEP][PASSED] - Statement - out.println("RQty : " + Rqty): null

2018-06-09 19:47:04 - [TEST_STEP][PASSED] - Statement - If (java.lang.Integer.valueOf(batchqty) >= java.lang.Integer.valueOf(Rqty)): null

2018-06-09 19:47:04 - [TEST_STEP][PASSED] - Statement - Break: null

2018-06-09 19:47:04 - [TEST_STEP][PASSED] - Statement - batchlength = new com.kms.katalon.core.testobject.TestObject(): null

2018-06-09 19:47:04 - [TEST_STEP][PASSED] - Statement - batchlength = com.kms.katalon.core.webui.keyword.WebUiBuiltInKeywords.modifyObjectProperty(batchlength, "xpath", "equals", "//*[@id = "fldvendor" + row + ""]", true): Modify property of object successfully

2018-06-09 19:47:04 - [MESSAGE][PASSED] - Modify property of object successfully

2018-06-09 19:47:04 - [TEST_STEP][PASSED] - Statement - batchsize = com.kms.katalon.core.webui.keyword.WebUiBuiltInKeywords.getNumberOfTotalOption(batchlength): 11 options of object '' counted

2018-06-09 19:47:04 - [MESSAGE][PASSED] - 11 options of object '' counted

2018-06-09 19:47:04 - [TEST_STEP][PASSED] - Statement - out.println("BatchSize : " + batchsize): null

2018-06-09 19:47:04 - [TEST_STEP][PASSED] - Statement - For ([n = 1, n <= batchsize - 1, (n++)]): null

2018-06-09 19:47:04 - [TEST_STEP][PASSED] - Statement - product = new com.kms.katalon.core.testobject.TestObject(): null

2018-06-09 19:47:04 - [TEST_STEP][PASSED] - Statement - product = com.kms.katalon.core.webui.keyword.WebUiBuiltInKeywords.modifyObjectProperty(product, "xpath", "equals", "//*[@id = "fldvendor" + row + ""]", true): Modify property of object successfully

2018-06-09 19:47:04 - [MESSAGE][PASSED] - Modify property of object successfully

2018-06-09 19:47:04 - [TEST_STEP][PASSED] - selectOptionByIndex: All options with index in [1] are selected on object ''

2018-06-09 19:47:04 - [MESSAGE][PASSED] - All options with index in [1] are selected on object ''

2018-06-09 19:47:04 - [TEST_STEP][PASSED] - delay: Delayed 2 second(s)

2018-06-09 19:47:06 - [MESSAGE][PASSED] - Delayed 2 second(s)

2018-06-09 19:47:06 - [TEST_STEP][PASSED] - Statement - batch = new com.kms.katalon.core.testobject.TestObject(): null

2018-06-09 19:47:06 - [TEST_STEP][PASSED] - Statement - batch = com.kms.katalon.core.webui.keyword.WebUiBuiltInKeywords.modifyObjectProperty(batch, "xpath", "equals", "//*[@id = "txtbthqty" + row + ""]", true): Modify property of object successfully

2018-06-09 19:47:06 - [MESSAGE][PASSED] - Modify property of object successfully

2018-06-09 19:47:06 - [TEST_STEP][PASSED] - Statement - batchqty = com.kms.katalon.core.webui.keyword.WebUiBuiltInKeywords.getAttribute(batch, "value").trim(): Attribute 'value' of object '' is: '2200'

2018-06-09 19:47:06 - [MESSAGE][PASSED] - Attribute 'value' of object '' is: '2200'

2018-06-09 19:47:06 - [TEST_STEP][PASSED] - Statement - Rqty = 10000: null

2018-06-09 19:47:06 - [TEST_STEP][PASSED] - Statement - out.println("BatchQty : " + batchqty): null

2018-06-09 19:47:06 - [TEST_STEP][PASSED] - Statement - out.println("RQty : " + Rqty): null

2018-06-09 19:47:06 - [TEST_STEP][PASSED] - Statement - If (java.lang.Integer.valueOf(batchqty) >= java.lang.Integer.valueOf(Rqty)): null

2018-06-09 19:47:06 - [TEST_STEP][PASSED] - Statement - Else: null

2018-06-09 19:47:06 - [TEST_STEP][PASSED] - Statement - out.println("Batchqty Is Less Than Rqty"): null

2018-06-09 19:47:06 - [TEST_STEP][PASSED] - Statement - product = new com.kms.katalon.core.testobject.TestObject(): null

2018-06-09 19:47:06 - [TEST_STEP][PASSED] - Statement - product = com.kms.katalon.core.webui.keyword.WebUiBuiltInKeywords.modifyObjectProperty(product, "xpath", "equals", "//*[@id = "fldvendor" + row + ""]", true): Modify property of object successfully

2018-06-09 19:47:06 - [MESSAGE][PASSED] - Modify property of object successfully

2018-06-09 19:47:06 - [TEST_STEP][PASSED] - selectOptionByIndex: All options with index in [2] are selected on object ''

2018-06-09 19:47:07 - [MESSAGE][PASSED] - All options with index in [2] are selected on object ''

2018-06-09 19:47:07 - [TEST_STEP][PASSED] - delay: Delayed 2 second(s)

2018-06-09 19:47:09 - [MESSAGE][PASSED] - Delayed 2 second(s)

2018-06-09 19:47:09 - [TEST_STEP][PASSED] - Statement - batch = new com.kms.katalon.core.testobject.TestObject(): null

2018-06-09 19:47:09 - [TEST_STEP][PASSED] - Statement - batch = com.kms.katalon.core.webui.keyword.WebUiBuiltInKeywords.modifyObjectProperty(batch, "xpath", "equals", "//*[@id = "txtbthqty" + row + ""]", true): Modify property of object successfully

2018-06-09 19:47:09 - [MESSAGE][PASSED] - Modify property of object successfully

2018-06-09 19:47:09 - [TEST_STEP][PASSED] - Statement - batchqty = com.kms.katalon.core.webui.keyword.WebUiBuiltInKeywords.getAttribute(batch, "value").trim(): Attribute 'value' of object '' is: '500'

2018-06-09 19:47:09 - [MESSAGE][PASSED] - Attribute 'value' of object '' is: '500'

2018-06-09 19:47:09 - [TEST_STEP][PASSED] - Statement - Rqty = 10000: null

2018-06-09 19:47:09 - [TEST_STEP][PASSED] - Statement - out.println("BatchQty : " + batchqty): null

2018-06-09 19:47:09 - [TEST_STEP][PASSED] - Statement - out.println("RQty : " + Rqty): null

2018-06-09 19:47:09 - [TEST_STEP][PASSED] - Statement - If (java.lang.Integer.valueOf(batchqty) >= java.lang.Integer.valueOf(Rqty)): null

2018-06-09 19:47:09 - [TEST_STEP][PASSED] - Statement - Else: null

2018-06-09 19:47:09 - [TEST_STEP][PASSED] - Statement - out.println("Batchqty Is Less Than Rqty"): null

2018-06-09 19:47:09 - [TEST_STEP][PASSED] - Statement - product = new com.kms.katalon.core.testobject.TestObject(): null

2018-06-09 19:47:09 - [TEST_STEP][PASSED] - Statement - product = com.kms.katalon.core.webui.keyword.WebUiBuiltInKeywords.modifyObjectProperty(product, "xpath", "equals", "//*[@id = "fldvendor" + row + ""]", true): Modify property of object successfully

2018-06-09 19:47:09 - [MESSAGE][PASSED] - Modify property of object successfully

2018-06-09 19:47:09 - [TEST_STEP][PASSED] - selectOptionByIndex: All options with index in [3] are selected on object ''

2018-06-09 19:47:09 - [MESSAGE][PASSED] - All options with index in [3] are selected on object ''

2018-06-09 19:47:09 - [TEST_STEP][PASSED] - delay: Delayed 2 second(s)

2018-06-09 19:47:11 - [MESSAGE][PASSED] - Delayed 2 second(s)

2018-06-09 19:47:11 - [TEST_STEP][PASSED] - Statement - batch = new com.kms.katalon.core.testobject.TestObject(): null

2018-06-09 19:47:11 - [TEST_STEP][PASSED] - Statement - batch = com.kms.katalon.core.webui.keyword.WebUiBuiltInKeywords.modifyObjectProperty(batch, "xpath", "equals", "//*[@id = "txtbthqty" + row + ""]", true): Modify property of object successfully

2018-06-09 19:47:11 - [MESSAGE][PASSED] - Modify property of object successfully

2018-06-09 19:47:11 - [TEST_STEP][PASSED] - Statement - batchqty = com.kms.katalon.core.webui.keyword.WebUiBuiltInKeywords.getAttribute(batch, "value").trim(): Attribute 'value' of object '' is: '5000'

2018-06-09 19:47:11 - [MESSAGE][PASSED] - Attribute 'value' of object '' is: '5000'

2018-06-09 19:47:11 - [TEST_STEP][PASSED] - Statement - Rqty = 10000: null

2018-06-09 19:47:11 - [TEST_STEP][PASSED] - Statement - out.println("BatchQty : " + batchqty): null

2018-06-09 19:47:11 - [TEST_STEP][PASSED] - Statement - out.println("RQty : " + Rqty): null

2018-06-09 19:47:11 - [TEST_STEP][PASSED] - Statement - If (java.lang.Integer.valueOf(batchqty) >= java.lang.Integer.valueOf(Rqty)): null

2018-06-09 19:47:11 - [TEST_STEP][PASSED] - Statement - Else: null

2018-06-09 19:47:11 - [TEST_STEP][PASSED] - Statement - out.println("Batchqty Is Less Than Rqty"): null

2018-06-09 19:47:11 - [TEST_STEP][PASSED] - Statement - product = new com.kms.katalon.core.testobject.TestObject(): null

2018-06-09 19:47:11 - [TEST_STEP][PASSED] - Statement - product = com.kms.katalon.core.webui.keyword.WebUiBuiltInKeywords.modifyObjectProperty(product, "xpath", "equals", "//*[@id = "fldvendor" + row + ""]", true): Modify property of object successfully

2018-06-09 19:47:11 - [MESSAGE][PASSED] - Modify property of object successfully

2018-06-09 19:47:11 - [TEST_STEP][PASSED] - selectOptionByIndex: All options with index in [4] are selected on object ''

2018-06-09 19:47:11 - [MESSAGE][PASSED] - All options with index in [4] are selected on object ''

2018-06-09 19:47:11 - [TEST_STEP][PASSED] - delay: Delayed 2 second(s)

2018-06-09 19:47:13 - [MESSAGE][PASSED] - Delayed 2 second(s)

2018-06-09 19:47:13 - [TEST_STEP][PASSED] - Statement - batch = new com.kms.katalon.core.testobject.TestObject(): null

2018-06-09 19:47:13 - [TEST_STEP][PASSED] - Statement - batch = com.kms.katalon.core.webui.keyword.WebUiBuiltInKeywords.modifyObjectProperty(batch, "xpath", "equals", "//*[@id = "txtbthqty" + row + ""]", true): Modify property of object successfully

2018-06-09 19:47:13 - [MESSAGE][PASSED] - Modify property of object successfully

2018-06-09 19:47:13 - [TEST_STEP][PASSED] - Statement - batchqty = com.kms.katalon.core.webui.keyword.WebUiBuiltInKeywords.getAttribute(batch, "value").trim(): Attribute 'value' of object '' is: '5000'

2018-06-09 19:47:13 - [MESSAGE][PASSED] - Attribute 'value' of object '' is: '5000'

2018-06-09 19:47:13 - [TEST_STEP][PASSED] - Statement - Rqty = 10000: null

2018-06-09 19:47:13 - [TEST_STEP][PASSED] - Statement - out.println("BatchQty : " + batchqty): null

2018-06-09 19:47:13 - [TEST_STEP][PASSED] - Statement - out.println("RQty : " + Rqty): null

2018-06-09 19:47:13 - [TEST_STEP][PASSED] - Statement - If (java.lang.Integer.valueOf(batchqty) >= java.lang.Integer.valueOf(Rqty)): null

2018-06-09 19:47:13 - [TEST_STEP][PASSED] - Statement - Else: null

2018-06-09 19:47:13 - [TEST_STEP][PASSED] - Statement - out.println("Batchqty Is Less Than Rqty"): null

2018-06-09 19:47:13 - [TEST_STEP][PASSED] - Statement - product = new com.kms.katalon.core.testobject.TestObject(): null

2018-06-09 19:47:13 - [TEST_STEP][PASSED] - Statement - product = com.kms.katalon.core.webui.keyword.WebUiBuiltInKeywords.modifyObjectProperty(product, "xpath", "equals", "//*[@id = "fldvendor" + row + ""]", true): Modify property of object successfully

2018-06-09 19:47:13 - [MESSAGE][PASSED] - Modify property of object successfully

2018-06-09 19:47:13 - [TEST_STEP][PASSED] - selectOptionByIndex: All options with index in [5] are selected on object ''

2018-06-09 19:47:13 - [MESSAGE][PASSED] - All options with index in [5] are selected on object ''

2018-06-09 19:47:13 - [TEST_STEP][PASSED] - delay: Delayed 2 second(s)

2018-06-09 19:47:15 - [MESSAGE][PASSED] - Delayed 2 second(s)

2018-06-09 19:47:15 - [TEST_STEP][PASSED] - Statement - batch = new com.kms.katalon.core.testobject.TestObject(): null

2018-06-09 19:47:15 - [TEST_STEP][PASSED] - Statement - batch = com.kms.katalon.core.webui.keyword.WebUiBuiltInKeywords.modifyObjectProperty(batch, "xpath", "equals", "//*[@id = "txtbthqty" + row + ""]", true): Modify property of object successfully

2018-06-09 19:47:15 - [MESSAGE][PASSED] - Modify property of object successfully

2018-06-09 19:47:15 - [TEST_STEP][PASSED] - Statement - batchqty = com.kms.katalon.core.webui.keyword.WebUiBuiltInKeywords.getAttribute(batch, "value").trim(): Attribute 'value' of object '' is: '5000'

2018-06-09 19:47:15 - [MESSAGE][PASSED] - Attribute 'value' of object '' is: '5000'

2018-06-09 19:47:15 - [TEST_STEP][PASSED] - Statement - Rqty = 10000: null

2018-06-09 19:47:15 - [TEST_STEP][PASSED] - Statement - out.println("BatchQty : " + batchqty): null

2018-06-09 19:47:15 - [TEST_STEP][PASSED] - Statement - out.println("RQty : " + Rqty): null

2018-06-09 19:47:15 - [TEST_STEP][PASSED] - Statement - If (java.lang.Integer.valueOf(batchqty) >= java.lang.Integer.valueOf(Rqty)): null

2018-06-09 19:47:15 - [TEST_STEP][PASSED] - Statement - Else: null

2018-06-09 19:47:15 - [TEST_STEP][PASSED] - Statement - out.println("Batchqty Is Less Than Rqty"): null

2018-06-09 19:47:15 - [TEST_STEP][PASSED] - Statement - product = new com.kms.katalon.core.testobject.TestObject(): null

2018-06-09 19:47:15 - [TEST_STEP][PASSED] - Statement - product = com.kms.katalon.core.webui.keyword.WebUiBuiltInKeywords.modifyObjectProperty(product, "xpath", "equals", "//*[@id = "fldvendor" + row + ""]", true): Modify property of object successfully

2018-06-09 19:47:15 - [MESSAGE][PASSED] - Modify property of object successfully

2018-06-09 19:47:15 - [TEST_STEP][PASSED] - selectOptionByIndex: All options with index in [6] are selected on object ''

2018-06-09 19:47:15 - [MESSAGE][PASSED] - All options with index in [6] are selected on object ''

2018-06-09 19:47:15 - [TEST_STEP][PASSED] - delay: Delayed 2 second(s)

2018-06-09 19:47:17 - [MESSAGE][PASSED] - Delayed 2 second(s)

2018-06-09 19:47:17 - [TEST_STEP][PASSED] - Statement - batch = new com.kms.katalon.core.testobject.TestObject(): null

2018-06-09 19:47:17 - [TEST_STEP][PASSED] - Statement - batch = com.kms.katalon.core.webui.keyword.WebUiBuiltInKeywords.modifyObjectProperty(batch, "xpath", "equals", "//*[@id = "txtbthqty" + row + ""]", true): Modify property of object successfully

2018-06-09 19:47:17 - [MESSAGE][PASSED] - Modify property of object successfully

2018-06-09 19:47:17 - [TEST_STEP][PASSED] - Statement - batchqty = com.kms.katalon.core.webui.keyword.WebUiBuiltInKeywords.getAttribute(batch, "value").trim(): Attribute 'value' of object '' is: '5000'

2018-06-09 19:47:17 - [MESSAGE][PASSED] - Attribute 'value' of object '' is: '5000'

2018-06-09 19:47:17 - [TEST_STEP][PASSED] - Statement - Rqty = 10000: null

2018-06-09 19:47:17 - [TEST_STEP][PASSED] - Statement - out.println("BatchQty : " + batchqty): null

2018-06-09 19:47:17 - [TEST_STEP][PASSED] - Statement - out.println("RQty : " + Rqty): null

2018-06-09 19:47:17 - [TEST_STEP][PASSED] - Statement - If (java.lang.Integer.valueOf(batchqty) >= java.lang.Integer.valueOf(Rqty)): null

2018-06-09 19:47:17 - [TEST_STEP][PASSED] - Statement - Else: null

2018-06-09 19:47:17 - [TEST_STEP][PASSED] - Statement - out.println("Batchqty Is Less Than Rqty"): null

2018-06-09 19:47:17 - [TEST_STEP][PASSED] - Statement - product = new com.kms.katalon.core.testobject.TestObject(): null

2018-06-09 19:47:17 - [TEST_STEP][PASSED] - Statement - product = com.kms.katalon.core.webui.keyword.WebUiBuiltInKeywords.modifyObjectProperty(product, "xpath", "equals", "//*[@id = "fldvendor" + row + ""]", true): Modify property of object successfully

2018-06-09 19:47:17 - [MESSAGE][PASSED] - Modify property of object successfully

2018-06-09 19:47:17 - [TEST_STEP][PASSED] - selectOptionByIndex: All options with index in [7] are selected on object ''

2018-06-09 19:47:18 - [MESSAGE][PASSED] - All options with index in [7] are selected on object ''

2018-06-09 19:47:18 - [TEST_STEP][PASSED] - delay: Delayed 2 second(s)

2018-06-09 19:47:20 - [MESSAGE][PASSED] - Delayed 2 second(s)

2018-06-09 19:47:20 - [TEST_STEP][PASSED] - Statement - batch = new com.kms.katalon.core.testobject.TestObject(): null

2018-06-09 19:47:20 - [TEST_STEP][PASSED] - Statement - batch = com.kms.katalon.core.webui.keyword.WebUiBuiltInKeywords.modifyObjectProperty(batch, "xpath", "equals", "//*[@id = "txtbthqty" + row + ""]", true): Modify property of object successfully

2018-06-09 19:47:20 - [MESSAGE][PASSED] - Modify property of object successfully

2018-06-09 19:47:20 - [TEST_STEP][PASSED] - Statement - batchqty = com.kms.katalon.core.webui.keyword.WebUiBuiltInKeywords.getAttribute(batch, "value").trim(): Attribute 'value' of object '' is: '39000'

2018-06-09 19:47:20 - [MESSAGE][PASSED] - Attribute 'value' of object '' is: '39000'

2018-06-09 19:47:20 - [TEST_STEP][PASSED] - Statement - Rqty = 10000: null

2018-06-09 19:47:20 - [TEST_STEP][PASSED] - Statement - out.println("BatchQty : " + batchqty): null

2018-06-09 19:47:20 - [TEST_STEP][PASSED] - Statement - out.println("RQty : " + Rqty): null

2018-06-09 19:47:20 - [TEST_STEP][PASSED] - Statement - If (java.lang.Integer.valueOf(batchqty) >= java.lang.Integer.valueOf(Rqty)): null

2018-06-09 19:47:20 - [TEST_STEP][PASSED] - Statement - Break: null

2018-06-09 19:47:20 - [TEST_STEP][PASSED] - Statement - batchlength = new com.kms.katalon.core.testobject.TestObject(): null

2018-06-09 19:47:20 - [TEST_STEP][PASSED] - Statement - batchlength = com.kms.katalon.core.webui.keyword.WebUiBuiltInKeywords.modifyObjectProperty(batchlength, "xpath", "equals", "//*[@id = "fldvendor" + row + ""]", true): Modify property of object successfully

2018-06-09 19:47:20 - [MESSAGE][PASSED] - Modify property of object successfully

2018-06-09 19:47:20 - [TEST_STEP][PASSED] - Statement - batchsize = com.kms.katalon.core.webui.keyword.WebUiBuiltInKeywords.getNumberOfTotalOption(batchlength): 10 options of object '' counted

2018-06-09 19:47:20 - [MESSAGE][PASSED] - 10 options of object '' counted

2018-06-09 19:47:20 - [TEST_STEP][PASSED] - Statement - out.println("BatchSize : " + batchsize): null

2018-06-09 19:47:20 - [TEST_STEP][PASSED] - Statement - For ([n = 1, n <= batchsize - 1, (n++)]): null

2018-06-09 19:47:20 - [TEST_STEP][PASSED] - Statement - product = new com.kms.katalon.core.testobject.TestObject(): null

2018-06-09 19:47:20 - [TEST_STEP][PASSED] - Statement - product = com.kms.katalon.core.webui.keyword.WebUiBuiltInKeywords.modifyObjectProperty(product, "xpath", "equals", "//*[@id = "fldvendor" + row + ""]", true): Modify property of object successfully

2018-06-09 19:47:20 - [MESSAGE][PASSED] - Modify property of object successfully

2018-06-09 19:47:20 - [TEST_STEP][PASSED] - selectOptionByIndex: All options with index in [1] are selected on object ''

2018-06-09 19:47:20 - [MESSAGE][PASSED] - All options with index in [1] are selected on object ''

2018-06-09 19:47:20 - [TEST_STEP][PASSED] - delay: Delayed 2 second(s)

2018-06-09 19:47:22 - [MESSAGE][PASSED] - Delayed 2 second(s)

2018-06-09 19:47:22 - [TEST_STEP][PASSED] - Statement - batch = new com.kms.katalon.core.testobject.TestObject(): null

2018-06-09 19:47:22 - [TEST_STEP][PASSED] - Statement - batch = com.kms.katalon.core.webui.keyword.WebUiBuiltInKeywords.modifyObjectProperty(batch, "xpath", "equals", "//*[@id = "txtbthqty" + row + ""]", true): Modify property of object successfully

2018-06-09 19:47:22 - [MESSAGE][PASSED] - Modify property of object successfully

2018-06-09 19:47:22 - [TEST_STEP][PASSED] - Statement - batchqty = com.kms.katalon.core.webui.keyword.WebUiBuiltInKeywords.getAttribute(batch, "value").trim(): Attribute 'value' of object '' is: '2600'

2018-06-09 19:47:22 - [MESSAGE][PASSED] - Attribute 'value' of object '' is: '2600'

2018-06-09 19:47:22 - [TEST_STEP][PASSED] - Statement - Rqty = 10000: null

2018-06-09 19:47:22 - [TEST_STEP][PASSED] - Statement - out.println("BatchQty : " + batchqty): null

2018-06-09 19:47:22 - [TEST_STEP][PASSED] - Statement - out.println("RQty : " + Rqty): null

2018-06-09 19:47:22 - [TEST_STEP][PASSED] - Statement - If (java.lang.Integer.valueOf(batchqty) >= java.lang.Integer.valueOf(Rqty)): null

2018-06-09 19:47:22 - [TEST_STEP][PASSED] - Statement - Else: null

2018-06-09 19:47:22 - [TEST_STEP][PASSED] - Statement - out.println("Batchqty Is Less Than Rqty"): null

2018-06-09 19:47:22 - [TEST_STEP][PASSED] - Statement - product = new com.kms.katalon.core.testobject.TestObject(): null

2018-06-09 19:47:22 - [TEST_STEP][PASSED] - Statement - product = com.kms.katalon.core.webui.keyword.WebUiBuiltInKeywords.modifyObjectProperty(product, "xpath", "equals", "//*[@id = "fldvendor" + row + ""]", true): Modify property of object successfully

2018-06-09 19:47:22 - [MESSAGE][PASSED] - Modify property of object successfully

2018-06-09 19:47:22 - [TEST_STEP][PASSED] - selectOptionByIndex: All options with index in [2] are selected on object ''

2018-06-09 19:47:22 - [MESSAGE][PASSED] - All options with index in [2] are selected on object ''

2018-06-09 19:47:22 - [TEST_STEP][PASSED] - delay: Delayed 2 second(s)

2018-06-09 19:47:24 - [MESSAGE][PASSED] - Delayed 2 second(s)

2018-06-09 19:47:24 - [TEST_STEP][PASSED] - Statement - batch = new com.kms.katalon.core.testobject.TestObject(): null

2018-06-09 19:47:24 - [TEST_STEP][PASSED] - Statement - batch = com.kms.katalon.core.webui.keyword.WebUiBuiltInKeywords.modifyObjectProperty(batch, "xpath", "equals", "//*[@id = "txtbthqty" + row + ""]", true): Modify property of object successfully

2018-06-09 19:47:24 - [MESSAGE][PASSED] - Modify property of object successfully

2018-06-09 19:47:24 - [TEST_STEP][PASSED] - Statement - batchqty = com.kms.katalon.core.webui.keyword.WebUiBuiltInKeywords.getAttribute(batch, "value").trim(): Attribute 'value' of object '' is: '39000'

2018-06-09 19:47:24 - [MESSAGE][PASSED] - Attribute 'value' of object '' is: '39000'

2018-06-09 19:47:24 - [TEST_STEP][PASSED] - Statement - Rqty = 10000: null

2018-06-09 19:47:24 - [TEST_STEP][PASSED] - Statement - out.println("BatchQty : " + batchqty): null

2018-06-09 19:47:24 - [TEST_STEP][PASSED] - Statement - out.println("RQty : " + Rqty): null

2018-06-09 19:47:24 - [TEST_STEP][PASSED] - Statement - If (java.lang.Integer.valueOf(batchqty) >= java.lang.Integer.valueOf(Rqty)): null

2018-06-09 19:47:24 - [TEST_STEP][PASSED] - Statement - Break: null

2018-06-09 19:47:24 - [TEST_STEP][PASSED] - Statement - batchlength = new com.kms.katalon.core.testobject.TestObject(): null

2018-06-09 19:47:24 - [TEST_STEP][PASSED] - Statement - batchlength = com.kms.katalon.core.webui.keyword.WebUiBuiltInKeywords.modifyObjectProperty(batchlength, "xpath", "equals", "//*[@id = "fldvendor" + row + ""]", true): Modify property of object successfully

2018-06-09 19:47:24 - [MESSAGE][PASSED] - Modify property of object successfully

2018-06-09 19:47:24 - [TEST_STEP][PASSED] - Statement - batchsize = com.kms.katalon.core.webui.keyword.WebUiBuiltInKeywords.getNumberOfTotalOption(batchlength): 11 options of object '' counted

2018-06-09 19:47:24 - [MESSAGE][PASSED] - 11 options of object '' counted

2018-06-09 19:47:24 - [TEST_STEP][PASSED] - Statement - out.println("BatchSize : " + batchsize): null

2018-06-09 19:47:24 - [TEST_STEP][PASSED] - Statement - For ([n = 1, n <= batchsize - 1, (n++)]): null

2018-06-09 19:47:24 - [TEST_STEP][PASSED] - Statement - product = new com.kms.katalon.core.testobject.TestObject(): null

2018-06-09 19:47:24 - [TEST_STEP][PASSED] - Statement - product = com.kms.katalon.core.webui.keyword.WebUiBuiltInKeywords.modifyObjectProperty(product, "xpath", "equals", "//*[@id = "fldvendor" + row + ""]", true): Modify property of object successfully

2018-06-09 19:47:24 - [MESSAGE][PASSED] - Modify property of object successfully

2018-06-09 19:47:24 - [TEST_STEP][PASSED] - selectOptionByIndex: All options with index in [1] are selected on object ''

2018-06-09 19:47:24 - [MESSAGE][PASSED] - All options with index in [1] are selected on object ''

2018-06-09 19:47:24 - [TEST_STEP][PASSED] - delay: Delayed 2 second(s)

2018-06-09 19:47:26 - [MESSAGE][PASSED] - Delayed 2 second(s)

2018-06-09 19:47:26 - [TEST_STEP][PASSED] - Statement - batch = new com.kms.katalon.core.testobject.TestObject(): null

2018-06-09 19:47:26 - [TEST_STEP][PASSED] - Statement - batch = com.kms.katalon.core.webui.keyword.WebUiBuiltInKeywords.modifyObjectProperty(batch, "xpath", "equals", "//*[@id = "txtbthqty" + row + ""]", true): Modify property of object successfully

2018-06-09 19:47:26 - [MESSAGE][PASSED] - Modify property of object successfully

2018-06-09 19:47:26 - [TEST_STEP][PASSED] - Statement - batchqty = com.kms.katalon.core.webui.keyword.WebUiBuiltInKeywords.getAttribute(batch, "value").trim(): Attribute 'value' of object '' is: '50'

2018-06-09 19:47:26 - [MESSAGE][PASSED] - Attribute 'value' of object '' is: '50'

2018-06-09 19:47:26 - [TEST_STEP][PASSED] - Statement - Rqty = 10000: null

2018-06-09 19:47:26 - [TEST_STEP][PASSED] - Statement - out.println("BatchQty : " + batchqty): null

2018-06-09 19:47:26 - [TEST_STEP][PASSED] - Statement - out.println("RQty : " + Rqty): null

2018-06-09 19:47:26 - [TEST_STEP][PASSED] - Statement - If (java.lang.Integer.valueOf(batchqty) >= java.lang.Integer.valueOf(Rqty)): null

2018-06-09 19:47:26 - [TEST_STEP][PASSED] - Statement - Else: null

2018-06-09 19:47:26 - [TEST_STEP][PASSED] - Statement - out.println("Batchqty Is Less Than Rqty"): null

2018-06-09 19:47:26 - [TEST_STEP][PASSED] - Statement - product = new com.kms.katalon.core.testobject.TestObject(): null

2018-06-09 19:47:26 - [TEST_STEP][PASSED] - Statement - product = com.kms.katalon.core.webui.keyword.WebUiBuiltInKeywords.modifyObjectProperty(product, "xpath", "equals", "//*[@id = "fldvendor" + row + ""]", true): Modify property of object successfully

2018-06-09 19:47:26 - [MESSAGE][PASSED] - Modify property of object successfully

2018-06-09 19:47:26 - [TEST_STEP][PASSED] - selectOptionByIndex: All options with index in [2] are selected on object ''

2018-06-09 19:47:26 - [MESSAGE][PASSED] - All options with index in [2] are selected on object ''

2018-06-09 19:47:26 - [TEST_STEP][PASSED] - delay: Delayed 2 second(s)

2018-06-09 19:47:28 - [MESSAGE][PASSED] - Delayed 2 second(s)

2018-06-09 19:47:28 - [TEST_STEP][PASSED] - Statement - batch = new com.kms.katalon.core.testobject.TestObject(): null

2018-06-09 19:47:28 - [TEST_STEP][PASSED] - Statement - batch = com.kms.katalon.core.webui.keyword.WebUiBuiltInKeywords.modifyObjectProperty(batch, "xpath", "equals", "//*[@id = "txtbthqty" + row + ""]", true): Modify property of object successfully

2018-06-09 19:47:28 - [MESSAGE][PASSED] - Modify property of object successfully

2018-06-09 19:47:28 - [TEST_STEP][PASSED] - Statement - batchqty = com.kms.katalon.core.webui.keyword.WebUiBuiltInKeywords.getAttribute(batch, "value").trim(): Attribute 'value' of object '' is: '4300'

2018-06-09 19:47:28 - [MESSAGE][PASSED] - Attribute 'value' of object '' is: '4300'

2018-06-09 19:47:28 - [TEST_STEP][PASSED] - Statement - Rqty = 10000: null

2018-06-09 19:47:28 - [TEST_STEP][PASSED] - Statement - out.println("BatchQty : " + batchqty): null

2018-06-09 19:47:28 - [TEST_STEP][PASSED] - Statement - out.println("RQty : " + Rqty): null

2018-06-09 19:47:28 - [TEST_STEP][PASSED] - Statement - If (java.lang.Integer.valueOf(batchqty) >= java.lang.Integer.valueOf(Rqty)): null

2018-06-09 19:47:28 - [TEST_STEP][PASSED] - Statement - Else: null

2018-06-09 19:47:28 - [TEST_STEP][PASSED] - Statement - out.println("Batchqty Is Less Than Rqty"): null

2018-06-09 19:47:28 - [TEST_STEP][PASSED] - Statement - product = new com.kms.katalon.core.testobject.TestObject(): null

2018-06-09 19:47:28 - [TEST_STEP][PASSED] - Statement - product = com.kms.katalon.core.webui.keyword.WebUiBuiltInKeywords.modifyObjectProperty(product, "xpath", "equals", "//*[@id = "fldvendor" + row + ""]", true): Modify property of object successfully

2018-06-09 19:47:28 - [MESSAGE][PASSED] - Modify property of object successfully

2018-06-09 19:47:28 - [TEST_STEP][PASSED] - selectOptionByIndex: All options with index in [3] are selected on object ''

2018-06-09 19:47:28 - [MESSAGE][PASSED] - All options with index in [3] are selected on object ''

2018-06-09 19:47:28 - [TEST_STEP][PASSED] - delay: Delayed 2 second(s)

2018-06-09 19:47:30 - [MESSAGE][PASSED] - Delayed 2 second(s)

2018-06-09 19:47:30 - [TEST_STEP][PASSED] - Statement - batch = new com.kms.katalon.core.testobject.TestObject(): null

2018-06-09 19:47:30 - [TEST_STEP][PASSED] - Statement - batch = com.kms.katalon.core.webui.keyword.WebUiBuiltInKeywords.modifyObjectProperty(batch, "xpath", "equals", "//*[@id = "txtbthqty" + row + ""]", true): Modify property of object successfully

2018-06-09 19:47:30 - [MESSAGE][PASSED] - Modify property of object successfully

2018-06-09 19:47:30 - [TEST_STEP][PASSED] - Statement - batchqty = com.kms.katalon.core.webui.keyword.WebUiBuiltInKeywords.getAttribute(batch, "value").trim(): Attribute 'value' of object '' is: '3600'

2018-06-09 19:47:30 - [MESSAGE][PASSED] - Attribute 'value' of object '' is: '3600'

2018-06-09 19:47:30 - [TEST_STEP][PASSED] - Statement - Rqty = 10000: null

2018-06-09 19:47:30 - [TEST_STEP][PASSED] - Statement - out.println("BatchQty : " + batchqty): null

2018-06-09 19:47:30 - [TEST_STEP][PASSED] - Statement - out.println("RQty : " + Rqty): null

2018-06-09 19:47:30 - [TEST_STEP][PASSED] - Statement - If (java.lang.Integer.valueOf(batchqty) >= java.lang.Integer.valueOf(Rqty)): null

2018-06-09 19:47:30 - [TEST_STEP][PASSED] - Statement - Else: null

2018-06-09 19:47:30 - [TEST_STEP][PASSED] - Statement - out.println("Batchqty Is Less Than Rqty"): null

2018-06-09 19:47:30 - [TEST_STEP][PASSED] - Statement - product = new com.kms.katalon.core.testobject.TestObject(): null

2018-06-09 19:47:30 - [TEST_STEP][PASSED] - Statement - product = com.kms.katalon.core.webui.keyword.WebUiBuiltInKeywords.modifyObjectProperty(product, "xpath", "equals", "//*[@id = "fldvendor" + row + ""]", true): Modify property of object successfully

2018-06-09 19:47:30 - [MESSAGE][PASSED] - Modify property of object successfully

2018-06-09 19:47:30 - [TEST_STEP][PASSED] - selectOptionByIndex: All options with index in [4] are selected on object ''

2018-06-09 19:47:31 - [MESSAGE][PASSED] - All options with index in [4] are selected on object ''

2018-06-09 19:47:31 - [TEST_STEP][PASSED] - delay: Delayed 2 second(s)

2018-06-09 19:47:33 - [MESSAGE][PASSED] - Delayed 2 second(s)

2018-06-09 19:47:33 - [TEST_STEP][PASSED] - Statement - batch = new com.kms.katalon.core.testobject.TestObject(): null

2018-06-09 19:47:33 - [TEST_STEP][PASSED] - Statement - batch = com.kms.katalon.core.webui.keyword.WebUiBuiltInKeywords.modifyObjectProperty(batch, "xpath", "equals", "//*[@id = "txtbthqty" + row + ""]", true): Modify property of object successfully

2018-06-09 19:47:33 - [MESSAGE][PASSED] - Modify property of object successfully

2018-06-09 19:47:33 - [TEST_STEP][PASSED] - Statement - batchqty = com.kms.katalon.core.webui.keyword.WebUiBuiltInKeywords.getAttribute(batch, "value").trim(): Attribute 'value' of object '' is: '4400'

2018-06-09 19:47:33 - [MESSAGE][PASSED] - Attribute 'value' of object '' is: '4400'

2018-06-09 19:47:33 - [TEST_STEP][PASSED] - Statement - Rqty = 10000: null

2018-06-09 19:47:33 - [TEST_STEP][PASSED] - Statement - out.println("BatchQty : " + batchqty): null

2018-06-09 19:47:33 - [TEST_STEP][PASSED] - Statement - out.println("RQty : " + Rqty): null

2018-06-09 19:47:33 - [TEST_STEP][PASSED] - Statement - If (java.lang.Integer.valueOf(batchqty) >= java.lang.Integer.valueOf(Rqty)): null

2018-06-09 19:47:33 - [TEST_STEP][PASSED] - Statement - Else: null

2018-06-09 19:47:33 - [TEST_STEP][PASSED] - Statement - out.println("Batchqty Is Less Than Rqty"): null

2018-06-09 19:47:33 - [TEST_STEP][PASSED] - Statement - product = new com.kms.katalon.core.testobject.TestObject(): null

2018-06-09 19:47:33 - [TEST_STEP][PASSED] - Statement - product = com.kms.katalon.core.webui.keyword.WebUiBuiltInKeywords.modifyObjectProperty(product, "xpath", "equals", "//*[@id = "fldvendor" + row + ""]", true): Modify property of object successfully

2018-06-09 19:47:33 - [MESSAGE][PASSED] - Modify property of object successfully

2018-06-09 19:47:33 - [TEST_STEP][PASSED] - selectOptionByIndex: All options with index in [5] are selected on object ''

2018-06-09 19:47:33 - [MESSAGE][PASSED] - All options with index in [5] are selected on object ''

2018-06-09 19:47:33 - [TEST_STEP][PASSED] - delay: Delayed 2 second(s)

2018-06-09 19:47:35 - [MESSAGE][PASSED] - Delayed 2 second(s)

2018-06-09 19:47:35 - [TEST_STEP][PASSED] - Statement - batch = new com.kms.katalon.core.testobject.TestObject(): null

2018-06-09 19:47:35 - [TEST_STEP][PASSED] - Statement - batch = com.kms.katalon.core.webui.keyword.WebUiBuiltInKeywords.modifyObjectProperty(batch, "xpath", "equals", "//*[@id = "txtbthqty" + row + ""]", true): Modify property of object successfully

2018-06-09 19:47:35 - [MESSAGE][PASSED] - Modify property of object successfully

2018-06-09 19:47:35 - [TEST_STEP][PASSED] - Statement - batchqty = com.kms.katalon.core.webui.keyword.WebUiBuiltInKeywords.getAttribute(batch, "value").trim(): Attribute 'value' of object '' is: '5000'

2018-06-09 19:47:35 - [MESSAGE][PASSED] - Attribute 'value' of object '' is: '5000'

2018-06-09 19:47:35 - [TEST_STEP][PASSED] - Statement - Rqty = 10000: null

2018-06-09 19:47:35 - [TEST_STEP][PASSED] - Statement - out.println("BatchQty : " + batchqty): null

2018-06-09 19:47:35 - [TEST_STEP][PASSED] - Statement - out.println("RQty : " + Rqty): null

2018-06-09 19:47:35 - [TEST_STEP][PASSED] - Statement - If (java.lang.Integer.valueOf(batchqty) >= java.lang.Integer.valueOf(Rqty)): null

2018-06-09 19:47:35 - [TEST_STEP][PASSED] - Statement - Else: null

2018-06-09 19:47:35 - [TEST_STEP][PASSED] - Statement - out.println("Batchqty Is Less Than Rqty"): null

2018-06-09 19:47:35 - [TEST_STEP][PASSED] - Statement - product = new com.kms.katalon.core.testobject.TestObject(): null

2018-06-09 19:47:35 - [TEST_STEP][PASSED] - Statement - product = com.kms.katalon.core.webui.keyword.WebUiBuiltInKeywords.modifyObjectProperty(product, "xpath", "equals", "//*[@id = "fldvendor" + row + ""]", true): Modify property of object successfully

2018-06-09 19:47:35 - [MESSAGE][PASSED] - Modify property of object successfully

2018-06-09 19:47:35 - [TEST_STEP][PASSED] - selectOptionByIndex: All options with index in [6] are selected on object ''

2018-06-09 19:47:35 - [MESSAGE][PASSED] - All options with index in [6] are selected on object ''

2018-06-09 19:47:35 - [TEST_STEP][PASSED] - delay: Delayed 2 second(s)

2018-06-09 19:47:37 - [MESSAGE][PASSED] - Delayed 2 second(s)

2018-06-09 19:47:37 - [TEST_STEP][PASSED] - Statement - batch = new com.kms.katalon.core.testobject.TestObject(): null

2018-06-09 19:47:37 - [TEST_STEP][PASSED] - Statement - batch = com.kms.katalon.core.webui.keyword.WebUiBuiltInKeywords.modifyObjectProperty(batch, "xpath", "equals", "//*[@id = "txtbthqty" + row + ""]", true): Modify property of object successfully

2018-06-09 19:47:37 - [MESSAGE][PASSED] - Modify property of object successfully

2018-06-09 19:47:37 - [TEST_STEP][PASSED] - Statement - batchqty = com.kms.katalon.core.webui.keyword.WebUiBuiltInKeywords.getAttribute(batch, "value").trim(): Attribute 'value' of object '' is: '5000'

2018-06-09 19:47:37 - [MESSAGE][PASSED] - Attribute 'value' of object '' is: '5000'

2018-06-09 19:47:37 - [TEST_STEP][PASSED] - Statement - Rqty = 10000: null

2018-06-09 19:47:37 - [TEST_STEP][PASSED] - Statement - out.println("BatchQty : " + batchqty): null

2018-06-09 19:47:37 - [TEST_STEP][PASSED] - Statement - out.println("RQty : " + Rqty): null

2018-06-09 19:47:37 - [TEST_STEP][PASSED] - Statement - If (java.lang.Integer.valueOf(batchqty) >= java.lang.Integer.valueOf(Rqty)): null

2018-06-09 19:47:37 - [TEST_STEP][PASSED] - Statement - Else: null

2018-06-09 19:47:37 - [TEST_STEP][PASSED] - Statement - out.println("Batchqty Is Less Than Rqty"): null

2018-06-09 19:47:37 - [TEST_STEP][PASSED] - Statement - product = new com.kms.katalon.core.testobject.TestObject(): null

2018-06-09 19:47:37 - [TEST_STEP][PASSED] - Statement - product = com.kms.katalon.core.webui.keyword.WebUiBuiltInKeywords.modifyObjectProperty(product, "xpath", "equals", "//*[@id = "fldvendor" + row + ""]", true): Modify property of object successfully

2018-06-09 19:47:37 - [MESSAGE][PASSED] - Modify property of object successfully

2018-06-09 19:47:37 - [TEST_STEP][PASSED] - selectOptionByIndex: All options with index in [7] are selected on object ''

2018-06-09 19:47:37 - [MESSAGE][PASSED] - All options with index in [7] are selected on object ''

2018-06-09 19:47:37 - [TEST_STEP][PASSED] - delay: Delayed 2 second(s)

2018-06-09 19:47:39 - [MESSAGE][PASSED] - Delayed 2 second(s)

2018-06-09 19:47:39 - [TEST_STEP][PASSED] - Statement - batch = new com.kms.katalon.core.testobject.TestObject(): null

2018-06-09 19:47:39 - [TEST_STEP][PASSED] - Statement - batch = com.kms.katalon.core.webui.keyword.WebUiBuiltInKeywords.modifyObjectProperty(batch, "xpath", "equals", "//*[@id = "txtbthqty" + row + ""]", true): Modify property of object successfully

2018-06-09 19:47:39 - [MESSAGE][PASSED] - Modify property of object successfully

2018-06-09 19:47:39 - [TEST_STEP][PASSED] - Statement - batchqty = com.kms.katalon.core.webui.keyword.WebUiBuiltInKeywords.getAttribute(batch, "value").trim(): Attribute 'value' of object '' is: '39000'

2018-06-09 19:47:39 - [MESSAGE][PASSED] - Attribute 'value' of object '' is: '39000'

2018-06-09 19:47:39 - [TEST_STEP][PASSED] - Statement - Rqty = 10000: null

2018-06-09 19:47:39 - [TEST_STEP][PASSED] - Statement - out.println("BatchQty : " + batchqty): null

2018-06-09 19:47:39 - [TEST_STEP][PASSED] - Statement - out.println("RQty : " + Rqty): null

2018-06-09 19:47:39 - [TEST_STEP][PASSED] - Statement - If (java.lang.Integer.valueOf(batchqty) >= java.lang.Integer.valueOf(Rqty)): null

2018-06-09 19:47:39 - [TEST_STEP][PASSED] - Statement - Break: null

2018-06-09 19:47:39 - [TEST_STEP][PASSED] - Statement - batchlength = new com.kms.katalon.core.testobject.TestObject(): null

2018-06-09 19:47:39 - [TEST_STEP][PASSED] - Statement - batchlength = com.kms.katalon.core.webui.keyword.WebUiBuiltInKeywords.modifyObjectProperty(batchlength, "xpath", "equals", "//*[@id = "fldvendor" + row + ""]", true): Modify property of object successfully

2018-06-09 19:47:39 - [MESSAGE][PASSED] - Modify property of object successfully

2018-06-09 19:47:39 - [TEST_STEP][PASSED] - Statement - batchsize = com.kms.katalon.core.webui.keyword.WebUiBuiltInKeywords.getNumberOfTotalOption(batchlength): 10 options of object '' counted

2018-06-09 19:47:39 - [MESSAGE][PASSED] - 10 options of object '' counted

2018-06-09 19:47:39 - [TEST_STEP][PASSED] - Statement - out.println("BatchSize : " + batchsize): null

2018-06-09 19:47:39 - [TEST_STEP][PASSED] - Statement - For ([n = 1, n <= batchsize - 1, (n++)]): null

2018-06-09 19:47:39 - [TEST_STEP][PASSED] - Statement - product = new com.kms.katalon.core.testobject.TestObject(): null

2018-06-09 19:47:39 - [TEST_STEP][PASSED] - Statement - product = com.kms.katalon.core.webui.keyword.WebUiBuiltInKeywords.modifyObjectProperty(product, "xpath", "equals", "//*[@id = "fldvendor" + row + ""]", true): Modify property of object successfully

2018-06-09 19:47:39 - [MESSAGE][PASSED] - Modify property of object successfully

2018-06-09 19:47:39 - [TEST_STEP][PASSED] - selectOptionByIndex: All options with index in [1] are selected on object ''

2018-06-09 19:47:39 - [MESSAGE][PASSED] - All options with index in [1] are selected on object ''

2018-06-09 19:47:39 - [TEST_STEP][PASSED] - delay: Delayed 2 second(s)

2018-06-09 19:47:41 - [MESSAGE][PASSED] - Delayed 2 second(s)

2018-06-09 19:47:41 - [TEST_STEP][PASSED] - Statement - batch = new com.kms.katalon.core.testobject.TestObject(): null

2018-06-09 19:47:41 - [TEST_STEP][PASSED] - Statement - batch = com.kms.katalon.core.webui.keyword.WebUiBuiltInKeywords.modifyObjectProperty(batch, "xpath", "equals", "//*[@id = "txtbthqty" + row + ""]", true): Modify property of object successfully

2018-06-09 19:47:41 - [MESSAGE][PASSED] - Modify property of object successfully

2018-06-09 19:47:41 - [TEST_STEP][PASSED] - Statement - batchqty = com.kms.katalon.core.webui.keyword.WebUiBuiltInKeywords.getAttribute(batch, "value").trim(): Attribute 'value' of object '' is: '2600'

2018-06-09 19:47:42 - [MESSAGE][PASSED] - Attribute 'value' of object '' is: '2600'

2018-06-09 19:47:42 - [TEST_STEP][PASSED] - Statement - Rqty = 10000: null

2018-06-09 19:47:42 - [TEST_STEP][PASSED] - Statement - out.println("BatchQty : " + batchqty): null

2018-06-09 19:47:42 - [TEST_STEP][PASSED] - Statement - out.println("RQty : " + Rqty): null

2018-06-09 19:47:42 - [TEST_STEP][PASSED] - Statement - If (java.lang.Integer.valueOf(batchqty) >= java.lang.Integer.valueOf(Rqty)): null

2018-06-09 19:47:42 - [TEST_STEP][PASSED] - Statement - Else: null

2018-06-09 19:47:42 - [TEST_STEP][PASSED] - Statement - out.println("Batchqty Is Less Than Rqty"): null

2018-06-09 19:47:42 - [TEST_STEP][PASSED] - Statement - product = new com.kms.katalon.core.testobject.TestObject(): null

2018-06-09 19:47:42 - [TEST_STEP][PASSED] - Statement - product = com.kms.katalon.core.webui.keyword.WebUiBuiltInKeywords.modifyObjectProperty(product, "xpath", "equals", "//*[@id = "fldvendor" + row + ""]", true): Modify property of object successfully

2018-06-09 19:47:42 - [MESSAGE][PASSED] - Modify property of object successfully

2018-06-09 19:47:42 - [TEST_STEP][PASSED] - selectOptionByIndex: All options with index in [2] are selected on object ''

2018-06-09 19:47:42 - [MESSAGE][PASSED] - All options with index in [2] are selected on object ''

2018-06-09 19:47:42 - [TEST_STEP][PASSED] - delay: Delayed 2 second(s)

2018-06-09 19:47:44 - [MESSAGE][PASSED] - Delayed 2 second(s)

2018-06-09 19:47:44 - [TEST_STEP][PASSED] - Statement - batch = new com.kms.katalon.core.testobject.TestObject(): null

2018-06-09 19:47:44 - [TEST_STEP][PASSED] - Statement - batch = com.kms.katalon.core.webui.keyword.WebUiBuiltInKeywords.modifyObjectProperty(batch, "xpath", "equals", "//*[@id = "txtbthqty" + row + ""]", true): Modify property of object successfully

2018-06-09 19:47:44 - [MESSAGE][PASSED] - Modify property of object successfully

2018-06-09 19:47:44 - [TEST_STEP][PASSED] - Statement - batchqty = com.kms.katalon.core.webui.keyword.WebUiBuiltInKeywords.getAttribute(batch, "value").trim(): Attribute 'value' of object '' is: '5000'

2018-06-09 19:47:44 - [MESSAGE][PASSED] - Attribute 'value' of object '' is: '5000'

2018-06-09 19:47:44 - [TEST_STEP][PASSED] - Statement - Rqty = 10000: null

2018-06-09 19:47:44 - [TEST_STEP][PASSED] - Statement - out.println("BatchQty : " + batchqty): null

2018-06-09 19:47:44 - [TEST_STEP][PASSED] - Statement - out.println("RQty : " + Rqty): null

2018-06-09 19:47:44 - [TEST_STEP][PASSED] - Statement - If (java.lang.Integer.valueOf(batchqty) >= java.lang.Integer.valueOf(Rqty)): null

2018-06-09 19:47:44 - [TEST_STEP][PASSED] - Statement - Else: null

2018-06-09 19:47:44 - [TEST_STEP][PASSED] - Statement - out.println("Batchqty Is Less Than Rqty"): null

2018-06-09 19:47:44 - [TEST_STEP][PASSED] - Statement - product = new com.kms.katalon.core.testobject.TestObject(): null

2018-06-09 19:47:44 - [TEST_STEP][PASSED] - Statement - product = com.kms.katalon.core.webui.keyword.WebUiBuiltInKeywords.modifyObjectProperty(product, "xpath", "equals", "//*[@id = "fldvendor" + row + ""]", true): Modify property of object successfully

2018-06-09 19:47:44 - [MESSAGE][PASSED] - Modify property of object successfully

2018-06-09 19:47:44 - [TEST_STEP][PASSED] - selectOptionByIndex: All options with index in [3] are selected on object ''

2018-06-09 19:47:44 - [MESSAGE][PASSED] - All options with index in [3] are selected on object ''

2018-06-09 19:47:44 - [TEST_STEP][PASSED] - delay: Delayed 2 second(s)

2018-06-09 19:47:46 - [MESSAGE][PASSED] - Delayed 2 second(s)

2018-06-09 19:47:46 - [TEST_STEP][PASSED] - Statement - batch = new com.kms.katalon.core.testobject.TestObject(): null

2018-06-09 19:47:46 - [TEST_STEP][PASSED] - Statement - batch = com.kms.katalon.core.webui.keyword.WebUiBuiltInKeywords.modifyObjectProperty(batch, "xpath", "equals", "//*[@id = "txtbthqty" + row + ""]", true): Modify property of object successfully

2018-06-09 19:47:46 - [MESSAGE][PASSED] - Modify property of object successfully

2018-06-09 19:47:46 - [TEST_STEP][PASSED] - Statement - batchqty = com.kms.katalon.core.webui.keyword.WebUiBuiltInKeywords.getAttribute(batch, "value").trim(): Attribute 'value' of object '' is: '5000'

2018-06-09 19:47:46 - [MESSAGE][PASSED] - Attribute 'value' of object '' is: '5000'

2018-06-09 19:47:46 - [TEST_STEP][PASSED] - Statement - Rqty = 10000: null

2018-06-09 19:47:46 - [TEST_STEP][PASSED] - Statement - out.println("BatchQty : " + batchqty): null

2018-06-09 19:47:46 - [TEST_STEP][PASSED] - Statement - out.println("RQty : " + Rqty): null

2018-06-09 19:47:46 - [TEST_STEP][PASSED] - Statement - If (java.lang.Integer.valueOf(batchqty) >= java.lang.Integer.valueOf(Rqty)): null

2018-06-09 19:47:46 - [TEST_STEP][PASSED] - Statement - Else: null

2018-06-09 19:47:46 - [TEST_STEP][PASSED] - Statement - out.println("Batchqty Is Less Than Rqty"): null

2018-06-09 19:47:46 - [TEST_STEP][PASSED] - Statement - product = new com.kms.katalon.core.testobject.TestObject(): null

2018-06-09 19:47:46 - [TEST_STEP][PASSED] - Statement - product = com.kms.katalon.core.webui.keyword.WebUiBuiltInKeywords.modifyObjectProperty(product, "xpath", "equals", "//*[@id = "fldvendor" + row + ""]", true): Modify property of object successfully

2018-06-09 19:47:46 - [MESSAGE][PASSED] - Modify property of object successfully

2018-06-09 19:47:46 - [TEST_STEP][PASSED] - selectOptionByIndex: All options with index in [4] are selected on object ''

2018-06-09 19:47:46 - [MESSAGE][PASSED] - All options with index in [4] are selected on object ''

2018-06-09 19:47:46 - [TEST_STEP][PASSED] - delay: Delayed 2 second(s)

2018-06-09 19:47:48 - [MESSAGE][PASSED] - Delayed 2 second(s)

2018-06-09 19:47:48 - [TEST_STEP][PASSED] - Statement - batch = new com.kms.katalon.core.testobject.TestObject(): null

2018-06-09 19:47:48 - [TEST_STEP][PASSED] - Statement - batch = com.kms.katalon.core.webui.keyword.WebUiBuiltInKeywords.modifyObjectProperty(batch, "xpath", "equals", "//*[@id = "txtbthqty" + row + ""]", true): Modify property of object successfully

2018-06-09 19:47:48 - [MESSAGE][PASSED] - Modify property of object successfully

2018-06-09 19:47:48 - [TEST_STEP][PASSED] - Statement - batchqty = com.kms.katalon.core.webui.keyword.WebUiBuiltInKeywords.getAttribute(batch, "value").trim(): Attribute 'value' of object '' is: '5000'

2018-06-09 19:47:48 - [MESSAGE][PASSED] - Attribute 'value' of object '' is: '5000'

2018-06-09 19:47:48 - [TEST_STEP][PASSED] - Statement - Rqty = 10000: null

2018-06-09 19:47:48 - [TEST_STEP][PASSED] - Statement - out.println("BatchQty : " + batchqty): null

2018-06-09 19:47:48 - [TEST_STEP][PASSED] - Statement - out.println("RQty : " + Rqty): null

2018-06-09 19:47:48 - [TEST_STEP][PASSED] - Statement - If (java.lang.Integer.valueOf(batchqty) >= java.lang.Integer.valueOf(Rqty)): null

2018-06-09 19:47:48 - [TEST_STEP][PASSED] - Statement - Else: null

2018-06-09 19:47:48 - [TEST_STEP][PASSED] - Statement - out.println("Batchqty Is Less Than Rqty"): null

2018-06-09 19:47:48 - [TEST_STEP][PASSED] - Statement - product = new com.kms.katalon.core.testobject.TestObject(): null

2018-06-09 19:47:48 - [TEST_STEP][PASSED] - Statement - product = com.kms.katalon.core.webui.keyword.WebUiBuiltInKeywords.modifyObjectProperty(product, "xpath", "equals", "//*[@id = "fldvendor" + row + ""]", true): Modify property of object successfully

2018-06-09 19:47:48 - [MESSAGE][PASSED] - Modify property of object successfully

2018-06-09 19:47:48 - [TEST_STEP][PASSED] - selectOptionByIndex: All options with index in [5] are selected on object ''

2018-06-09 19:47:48 - [MESSAGE][PASSED] - All options with index in [5] are selected on object ''

2018-06-09 19:47:48 - [TEST_STEP][PASSED] - delay: Delayed 2 second(s)

2018-06-09 19:47:50 - [MESSAGE][PASSED] - Delayed 2 second(s)

2018-06-09 19:47:50 - [TEST_STEP][PASSED] - Statement - batch = new com.kms.katalon.core.testobject.TestObject(): null

2018-06-09 19:47:50 - [TEST_STEP][PASSED] - Statement - batch = com.kms.katalon.core.webui.keyword.WebUiBuiltInKeywords.modifyObjectProperty(batch, "xpath", "equals", "//*[@id = "txtbthqty" + row + ""]", true): Modify property of object successfully

2018-06-09 19:47:50 - [MESSAGE][PASSED] - Modify property of object successfully

2018-06-09 19:47:50 - [TEST_STEP][PASSED] - Statement - batchqty = com.kms.katalon.core.webui.keyword.WebUiBuiltInKeywords.getAttribute(batch, "value").trim(): Attribute 'value' of object '' is: '5000'

2018-06-09 19:47:50 - [MESSAGE][PASSED] - Attribute 'value' of object '' is: '5000'

2018-06-09 19:47:50 - [TEST_STEP][PASSED] - Statement - Rqty = 10000: null

2018-06-09 19:47:50 - [TEST_STEP][PASSED] - Statement - out.println("BatchQty : " + batchqty): null

2018-06-09 19:47:50 - [TEST_STEP][PASSED] - Statement - out.println("RQty : " + Rqty): null

2018-06-09 19:47:50 - [TEST_STEP][PASSED] - Statement - If (java.lang.Integer.valueOf(batchqty) >= java.lang.Integer.valueOf(Rqty)): null

2018-06-09 19:47:50 - [TEST_STEP][PASSED] - Statement - Else: null

2018-06-09 19:47:50 - [TEST_STEP][PASSED] - Statement - out.println("Batchqty Is Less Than Rqty"): null

2018-06-09 19:47:50 - [TEST_STEP][PASSED] - Statement - product = new com.kms.katalon.core.testobject.TestObject(): null

2018-06-09 19:47:50 - [TEST_STEP][PASSED] - Statement - product = com.kms.katalon.core.webui.keyword.WebUiBuiltInKeywords.modifyObjectProperty(product, "xpath", "equals", "//*[@id = "fldvendor" + row + ""]", true): Modify property of object successfully

2018-06-09 19:47:50 - [MESSAGE][PASSED] - Modify property of object successfully

2018-06-09 19:47:50 - [TEST_STEP][PASSED] - selectOptionByIndex: All options with index in [6] are selected on object ''

2018-06-09 19:47:50 - [MESSAGE][PASSED] - All options with index in [6] are selected on object ''

2018-06-09 19:47:50 - [TEST_STEP][PASSED] - delay: Delayed 2 second(s)

2018-06-09 19:47:52 - [MESSAGE][PASSED] - Delayed 2 second(s)

2018-06-09 19:47:52 - [TEST_STEP][PASSED] - Statement - batch = new com.kms.katalon.core.testobject.TestObject(): null

2018-06-09 19:47:52 - [TEST_STEP][PASSED] - Statement - batch = com.kms.katalon.core.webui.keyword.WebUiBuiltInKeywords.modifyObjectProperty(batch, "xpath", "equals", "//*[@id = "txtbthqty" + row + ""]", true): Modify property of object successfully

2018-06-09 19:47:52 - [MESSAGE][PASSED] - Modify property of object successfully

2018-06-09 19:47:52 - [TEST_STEP][PASSED] - Statement - batchqty = com.kms.katalon.core.webui.keyword.WebUiBuiltInKeywords.getAttribute(batch, "value").trim(): Attribute 'value' of object '' is: '5000'

2018-06-09 19:47:52 - [MESSAGE][PASSED] - Attribute 'value' of object '' is: '5000'

2018-06-09 19:47:52 - [TEST_STEP][PASSED] - Statement - Rqty = 10000: null

2018-06-09 19:47:52 - [TEST_STEP][PASSED] - Statement - out.println("BatchQty : " + batchqty): null

2018-06-09 19:47:52 - [TEST_STEP][PASSED] - Statement - out.println("RQty : " + Rqty): null

2018-06-09 19:47:52 - [TEST_STEP][PASSED] - Statement - If (java.lang.Integer.valueOf(batchqty) >= java.lang.Integer.valueOf(Rqty)): null

2018-06-09 19:47:52 - [TEST_STEP][PASSED] - Statement - Else: null

2018-06-09 19:47:52 - [TEST_STEP][PASSED] - Statement - out.println("Batchqty Is Less Than Rqty"): null

2018-06-09 19:47:52 - [TEST_STEP][PASSED] - Statement - product = new com.kms.katalon.core.testobject.TestObject(): null

2018-06-09 19:47:52 - [TEST_STEP][PASSED] - Statement - product = com.kms.katalon.core.webui.keyword.WebUiBuiltInKeywords.modifyObjectProperty(product, "xpath", "equals", "//*[@id = "fldvendor" + row + ""]", true): Modify property of object successfully

2018-06-09 19:47:52 - [MESSAGE][PASSED] - Modify property of object successfully

2018-06-09 19:47:52 - [TEST_STEP][PASSED] - selectOptionByIndex: All options with index in [7] are selected on object ''

2018-06-09 19:47:53 - [MESSAGE][PASSED] - All options with index in [7] are selected on object ''

2018-06-09 19:47:53 - [TEST_STEP][PASSED] - delay: Delayed 2 second(s)

2018-06-09 19:47:55 - [MESSAGE][PASSED] - Delayed 2 second(s)

2018-06-09 19:47:55 - [TEST_STEP][PASSED] - Statement - batch = new com.kms.katalon.core.testobject.TestObject(): null

2018-06-09 19:47:55 - [TEST_STEP][PASSED] - Statement - batch = com.kms.katalon.core.webui.keyword.WebUiBuiltInKeywords.modifyObjectProperty(batch, "xpath", "equals", "//*[@id = "txtbthqty" + row + ""]", true): Modify property of object successfully

2018-06-09 19:47:55 - [MESSAGE][PASSED] - Modify property of object successfully

2018-06-09 19:47:55 - [TEST_STEP][PASSED] - Statement - batchqty = com.kms.katalon.core.webui.keyword.WebUiBuiltInKeywords.getAttribute(batch, "value").trim(): Attribute 'value' of object '' is: '5000'

2018-06-09 19:47:55 - [MESSAGE][PASSED] - Attribute 'value' of object '' is: '5000'

2018-06-09 19:47:55 - [TEST_STEP][PASSED] - Statement - Rqty = 10000: null

2018-06-09 19:47:55 - [TEST_STEP][PASSED] - Statement - out.println("BatchQty : " + batchqty): null

2018-06-09 19:47:55 - [TEST_STEP][PASSED] - Statement - out.println("RQty : " + Rqty): null

2018-06-09 19:47:55 - [TEST_STEP][PASSED] - Statement - If (java.lang.Integer.valueOf(batchqty) >= java.lang.Integer.valueOf(Rqty)): null

2018-06-09 19:47:55 - [TEST_STEP][PASSED] - Statement - Else: null

2018-06-09 19:47:55 - [TEST_STEP][PASSED] - Statement - out.println("Batchqty Is Less Than Rqty"): null

2018-06-09 19:47:55 - [TEST_STEP][PASSED] - Statement - product = new com.kms.katalon.core.testobject.TestObject(): null

2018-06-09 19:47:55 - [TEST_STEP][PASSED] - Statement - product = com.kms.katalon.core.webui.keyword.WebUiBuiltInKeywords.modifyObjectProperty(product, "xpath", "equals", "//*[@id = "fldvendor" + row + ""]", true): Modify property of object successfully

2018-06-09 19:47:55 - [MESSAGE][PASSED] - Modify property of object successfully

2018-06-09 19:47:55 - [TEST_STEP][PASSED] - selectOptionByIndex: All options with index in [8] are selected on object ''

2018-06-09 19:47:55 - [MESSAGE][PASSED] - All options with index in [8] are selected on object ''

2018-06-09 19:47:55 - [TEST_STEP][PASSED] - delay: Delayed 2 second(s)

2018-06-09 19:47:57 - [MESSAGE][PASSED] - Delayed 2 second(s)

2018-06-09 19:47:57 - [TEST_STEP][PASSED] - Statement - batch = new com.kms.katalon.core.testobject.TestObject(): null

2018-06-09 19:47:57 - [TEST_STEP][PASSED] - Statement - batch = com.kms.katalon.core.webui.keyword.WebUiBuiltInKeywords.modifyObjectProperty(batch, "xpath", "equals", "//*[@id = "txtbthqty" + row + ""]", true): Modify property of object successfully

2018-06-09 19:47:57 - [MESSAGE][PASSED] - Modify property of object successfully

2018-06-09 19:47:57 - [TEST_STEP][PASSED] - Statement - batchqty = com.kms.katalon.core.webui.keyword.WebUiBuiltInKeywords.getAttribute(batch, "value").trim(): Attribute 'value' of object '' is: '39000'

2018-06-09 19:47:57 - [MESSAGE][PASSED] - Attribute 'value' of object '' is: '39000'

2018-06-09 19:47:57 - [TEST_STEP][PASSED] - Statement - Rqty = 10000: null

2018-06-09 19:47:57 - [TEST_STEP][PASSED] - Statement - out.println("BatchQty : " + batchqty): null

2018-06-09 19:47:57 - [TEST_STEP][PASSED] - Statement - out.println("RQty : " + Rqty): null

2018-06-09 19:47:57 - [TEST_STEP][PASSED] - Statement - If (java.lang.Integer.valueOf(batchqty) >= java.lang.Integer.valueOf(Rqty)): null

2018-06-09 19:47:57 - [TEST_STEP][PASSED] - Statement - Break: null

2018-06-09 19:47:57 - [TEST_STEP][PASSED] - Statement - batchlength = new com.kms.katalon.core.testobject.TestObject(): null

2018-06-09 19:47:57 - [TEST_STEP][PASSED] - Statement - batchlength = com.kms.katalon.core.webui.keyword.WebUiBuiltInKeywords.modifyObjectProperty(batchlength, "xpath", "equals", "//*[@id = "fldvendor" + row + ""]", true): Modify property of object successfully

2018-06-09 19:47:57 - [MESSAGE][PASSED] - Modify property of object successfully

2018-06-09 19:47:57 - [TEST_STEP][PASSED] - Statement - batchsize = com.kms.katalon.core.webui.keyword.WebUiBuiltInKeywords.getNumberOfTotalOption(batchlength): 12 options of object '' counted

2018-06-09 19:47:57 - [MESSAGE][PASSED] - 12 options of object '' counted

2018-06-09 19:47:57 - [TEST_STEP][PASSED] - Statement - out.println("BatchSize : " + batchsize): null

2018-06-09 19:47:57 - [TEST_STEP][PASSED] - Statement - For ([n = 1, n <= batchsize - 1, (n++)]): null

2018-06-09 19:47:57 - [TEST_STEP][PASSED] - Statement - product = new com.kms.katalon.core.testobject.TestObject(): null

2018-06-09 19:47:57 - [TEST_STEP][PASSED] - Statement - product = com.kms.katalon.core.webui.keyword.WebUiBuiltInKeywords.modifyObjectProperty(product, "xpath", "equals", "//*[@id = "fldvendor" + row + ""]", true): Modify property of object successfully

2018-06-09 19:47:57 - [MESSAGE][PASSED] - Modify property of object successfully

2018-06-09 19:47:57 - [TEST_STEP][PASSED] - selectOptionByIndex: All options with index in [1] are selected on object ''

2018-06-09 19:47:57 - [MESSAGE][PASSED] - All options with index in [1] are selected on object ''

2018-06-09 19:47:57 - [TEST_STEP][PASSED] - delay: Delayed 2 second(s)

2018-06-09 19:47:59 - [MESSAGE][PASSED] - Delayed 2 second(s)

2018-06-09 19:47:59 - [TEST_STEP][PASSED] - Statement - batch = new com.kms.katalon.core.testobject.TestObject(): null

2018-06-09 19:47:59 - [TEST_STEP][PASSED] - Statement - batch = com.kms.katalon.core.webui.keyword.WebUiBuiltInKeywords.modifyObjectProperty(batch, "xpath", "equals", "//*[@id = "txtbthqty" + row + ""]", true): Modify property of object successfully

2018-06-09 19:47:59 - [MESSAGE][PASSED] - Modify property of object successfully

2018-06-09 19:47:59 - [TEST_STEP][PASSED] - Statement - batchqty = com.kms.katalon.core.webui.keyword.WebUiBuiltInKeywords.getAttribute(batch, "value").trim(): Attribute 'value' of object '' is: '2200'

2018-06-09 19:47:59 - [MESSAGE][PASSED] - Attribute 'value' of object '' is: '2200'

2018-06-09 19:47:59 - [TEST_STEP][PASSED] - Statement - Rqty = 10000: null

2018-06-09 19:47:59 - [TEST_STEP][PASSED] - Statement - out.println("BatchQty : " + batchqty): null

2018-06-09 19:47:59 - [TEST_STEP][PASSED] - Statement - out.println("RQty : " + Rqty): null

2018-06-09 19:47:59 - [TEST_STEP][PASSED] - Statement - If (java.lang.Integer.valueOf(batchqty) >= java.lang.Integer.valueOf(Rqty)): null

2018-06-09 19:47:59 - [TEST_STEP][PASSED] - Statement - Else: null

2018-06-09 19:47:59 - [TEST_STEP][PASSED] - Statement - out.println("Batchqty Is Less Than Rqty"): null

2018-06-09 19:47:59 - [TEST_STEP][PASSED] - Statement - product = new com.kms.katalon.core.testobject.TestObject(): null

2018-06-09 19:47:59 - [TEST_STEP][PASSED] - Statement - product = com.kms.katalon.core.webui.keyword.WebUiBuiltInKeywords.modifyObjectProperty(product, "xpath", "equals", "//*[@id = "fldvendor" + row + ""]", true): Modify property of object successfully

2018-06-09 19:47:59 - [MESSAGE][PASSED] - Modify property of object successfully

2018-06-09 19:47:59 - [TEST_STEP][PASSED] - selectOptionByIndex: All options with index in [2] are selected on object ''

2018-06-09 19:47:59 - [MESSAGE][PASSED] - All options with index in [2] are selected on object ''

2018-06-09 19:47:59 - [TEST_STEP][PASSED] - delay: Delayed 2 second(s)

2018-06-09 19:48:01 - [MESSAGE][PASSED] - Delayed 2 second(s)

2018-06-09 19:48:01 - [TEST_STEP][PASSED] - Statement - batch = new com.kms.katalon.core.testobject.TestObject(): null

2018-06-09 19:48:01 - [TEST_STEP][PASSED] - Statement - batch = com.kms.katalon.core.webui.keyword.WebUiBuiltInKeywords.modifyObjectProperty(batch, "xpath", "equals", "//*[@id = "txtbthqty" + row + ""]", true): Modify property of object successfully

2018-06-09 19:48:01 - [MESSAGE][PASSED] - Modify property of object successfully

2018-06-09 19:48:01 - [TEST_STEP][PASSED] - Statement - batchqty = com.kms.katalon.core.webui.keyword.WebUiBuiltInKeywords.getAttribute(batch, "value").trim(): Attribute 'value' of object '' is: '50'

2018-06-09 19:48:01 - [MESSAGE][PASSED] - Attribute 'value' of object '' is: '50'

2018-06-09 19:48:01 - [TEST_STEP][PASSED] - Statement - Rqty = 10000: null

2018-06-09 19:48:01 - [TEST_STEP][PASSED] - Statement - out.println("BatchQty : " + batchqty): null

2018-06-09 19:48:01 - [TEST_STEP][PASSED] - Statement - out.println("RQty : " + Rqty): null

2018-06-09 19:48:01 - [TEST_STEP][PASSED] - Statement - If (java.lang.Integer.valueOf(batchqty) >= java.lang.Integer.valueOf(Rqty)): null

2018-06-09 19:48:01 - [TEST_STEP][PASSED] - Statement - Else: null

2018-06-09 19:48:01 - [TEST_STEP][PASSED] - Statement - out.println("Batchqty Is Less Than Rqty"): null

2018-06-09 19:48:01 - [TEST_STEP][PASSED] - Statement - product = new com.kms.katalon.core.testobject.TestObject(): null

2018-06-09 19:48:01 - [TEST_STEP][PASSED] - Statement - product = com.kms.katalon.core.webui.keyword.WebUiBuiltInKeywords.modifyObjectProperty(product, "xpath", "equals", "//*[@id = "fldvendor" + row + ""]", true): Modify property of object successfully

2018-06-09 19:48:01 - [MESSAGE][PASSED] - Modify property of object successfully

2018-06-09 19:48:01 - [TEST_STEP][PASSED] - selectOptionByIndex: All options with index in [3] are selected on object ''

2018-06-09 19:48:01 - [MESSAGE][PASSED] - All options with index in [3] are selected on object ''

2018-06-09 19:48:01 - [TEST_STEP][PASSED] - delay: Delayed 2 second(s)

2018-06-09 19:48:03 - [MESSAGE][PASSED] - Delayed 2 second(s)

2018-06-09 19:48:03 - [TEST_STEP][PASSED] - Statement - batch = new com.kms.katalon.core.testobject.TestObject(): null

2018-06-09 19:48:03 - [TEST_STEP][PASSED] - Statement - batch = com.kms.katalon.core.webui.keyword.WebUiBuiltInKeywords.modifyObjectProperty(batch, "xpath", "equals", "//*[@id = "txtbthqty" + row + ""]", true): Modify property of object successfully

2018-06-09 19:48:03 - [MESSAGE][PASSED] - Modify property of object successfully

2018-06-09 19:48:03 - [TEST_STEP][PASSED] - Statement - batchqty = com.kms.katalon.core.webui.keyword.WebUiBuiltInKeywords.getAttribute(batch, "value").trim(): Attribute 'value' of object '' is: '300'

2018-06-09 19:48:03 - [MESSAGE][PASSED] - Attribute 'value' of object '' is: '300'

2018-06-09 19:48:03 - [TEST_STEP][PASSED] - Statement - Rqty = 10000: null

2018-06-09 19:48:03 - [TEST_STEP][PASSED] - Statement - out.println("BatchQty : " + batchqty): null

2018-06-09 19:48:03 - [TEST_STEP][PASSED] - Statement - out.println("RQty : " + Rqty): null

2018-06-09 19:48:03 - [TEST_STEP][PASSED] - Statement - If (java.lang.Integer.valueOf(batchqty) >= java.lang.Integer.valueOf(Rqty)): null

2018-06-09 19:48:03 - [TEST_STEP][PASSED] - Statement - Else: null

2018-06-09 19:48:03 - [TEST_STEP][PASSED] - Statement - out.println("Batchqty Is Less Than Rqty"): null

2018-06-09 19:48:03 - [TEST_STEP][PASSED] - Statement - product = new com.kms.katalon.core.testobject.TestObject(): null

2018-06-09 19:48:03 - [TEST_STEP][PASSED] - Statement - product = com.kms.katalon.core.webui.keyword.WebUiBuiltInKeywords.modifyObjectProperty(product, "xpath", "equals", "//*[@id = "fldvendor" + row + ""]", true): Modify property of object successfully

2018-06-09 19:48:03 - [MESSAGE][PASSED] - Modify property of object successfully

2018-06-09 19:48:03 - [TEST_STEP][PASSED] - selectOptionByIndex: All options with index in [4] are selected on object ''

2018-06-09 19:48:04 - [MESSAGE][PASSED] - All options with index in [4] are selected on object ''

2018-06-09 19:48:04 - [TEST_STEP][PASSED] - delay: Delayed 2 second(s)

2018-06-09 19:48:06 - [MESSAGE][PASSED] - Delayed 2 second(s)

2018-06-09 19:48:06 - [TEST_STEP][PASSED] - Statement - batch = new com.kms.katalon.core.testobject.TestObject(): null

2018-06-09 19:48:06 - [TEST_STEP][PASSED] - Statement - batch = com.kms.katalon.core.webui.keyword.WebUiBuiltInKeywords.modifyObjectProperty(batch, "xpath", "equals", "//*[@id = "txtbthqty" + row + ""]", true): Modify property of object successfully

2018-06-09 19:48:06 - [MESSAGE][PASSED] - Modify property of object successfully

2018-06-09 19:48:06 - [TEST_STEP][PASSED] - Statement - batchqty = com.kms.katalon.core.webui.keyword.WebUiBuiltInKeywords.getAttribute(batch, "value").trim(): Attribute 'value' of object '' is: '5000'

2018-06-09 19:48:06 - [MESSAGE][PASSED] - Attribute 'value' of object '' is: '5000'

2018-06-09 19:48:06 - [TEST_STEP][PASSED] - Statement - Rqty = 10000: null

2018-06-09 19:48:06 - [TEST_STEP][PASSED] - Statement - out.println("BatchQty : " + batchqty): null

2018-06-09 19:48:06 - [TEST_STEP][PASSED] - Statement - out.println("RQty : " + Rqty): null

2018-06-09 19:48:06 - [TEST_STEP][PASSED] - Statement - If (java.lang.Integer.valueOf(batchqty) >= java.lang.Integer.valueOf(Rqty)): null

2018-06-09 19:48:06 - [TEST_STEP][PASSED] - Statement - Else: null

2018-06-09 19:48:06 - [TEST_STEP][PASSED] - Statement - out.println("Batchqty Is Less Than Rqty"): null

2018-06-09 19:48:06 - [TEST_STEP][PASSED] - Statement - product = new com.kms.katalon.core.testobject.TestObject(): null

2018-06-09 19:48:06 - [TEST_STEP][PASSED] - Statement - product = com.kms.katalon.core.webui.keyword.WebUiBuiltInKeywords.modifyObjectProperty(product, "xpath", "equals", "//*[@id = "fldvendor" + row + ""]", true): Modify property of object successfully

2018-06-09 19:48:06 - [MESSAGE][PASSED] - Modify property of object successfully

2018-06-09 19:48:06 - [TEST_STEP][PASSED] - selectOptionByIndex: All options with index in [5] are selected on object ''

2018-06-09 19:48:06 - [MESSAGE][PASSED] - All options with index in [5] are selected on object ''

2018-06-09 19:48:06 - [TEST_STEP][PASSED] - delay: Delayed 2 second(s)

2018-06-09 19:48:08 - [MESSAGE][PASSED] - Delayed 2 second(s)

2018-06-09 19:48:08 - [TEST_STEP][PASSED] - Statement - batch = new com.kms.katalon.core.testobject.TestObject(): null

2018-06-09 19:48:08 - [TEST_STEP][PASSED] - Statement - batch = com.kms.katalon.core.webui.keyword.WebUiBuiltInKeywords.modifyObjectProperty(batch, "xpath", "equals", "//*[@id = "txtbthqty" + row + ""]", true): Modify property of object successfully

2018-06-09 19:48:08 - [MESSAGE][PASSED] - Modify property of object successfully

2018-06-09 19:48:08 - [TEST_STEP][PASSED] - Statement - batchqty = com.kms.katalon.core.webui.keyword.WebUiBuiltInKeywords.getAttribute(batch, "value").trim(): Attribute 'value' of object '' is: '5000'

2018-06-09 19:48:08 - [MESSAGE][PASSED] - Attribute 'value' of object '' is: '5000'

2018-06-09 19:48:08 - [TEST_STEP][PASSED] - Statement - Rqty = 10000: null

2018-06-09 19:48:08 - [TEST_STEP][PASSED] - Statement - out.println("BatchQty : " + batchqty): null

2018-06-09 19:48:08 - [TEST_STEP][PASSED] - Statement - out.println("RQty : " + Rqty): null

2018-06-09 19:48:08 - [TEST_STEP][PASSED] - Statement - If (java.lang.Integer.valueOf(batchqty) >= java.lang.Integer.valueOf(Rqty)): null

2018-06-09 19:48:08 - [TEST_STEP][PASSED] - Statement - Else: null

2018-06-09 19:48:08 - [TEST_STEP][PASSED] - Statement - out.println("Batchqty Is Less Than Rqty"): null

2018-06-09 19:48:08 - [TEST_STEP][PASSED] - Statement - product = new com.kms.katalon.core.testobject.TestObject(): null

2018-06-09 19:48:08 - [TEST_STEP][PASSED] - Statement - product = com.kms.katalon.core.webui.keyword.WebUiBuiltInKeywords.modifyObjectProperty(product, "xpath", "equals", "//*[@id = "fldvendor" + row + ""]", true): Modify property of object successfully

2018-06-09 19:48:08 - [MESSAGE][PASSED] - Modify property of object successfully

2018-06-09 19:48:08 - [TEST_STEP][PASSED] - selectOptionByIndex: All options with index in [6] are selected on object ''

2018-06-09 19:48:08 - [MESSAGE][PASSED] - All options with index in [6] are selected on object ''

2018-06-09 19:48:08 - [TEST_STEP][PASSED] - delay: Delayed 2 second(s)

2018-06-09 19:48:10 - [MESSAGE][PASSED] - Delayed 2 second(s)

2018-06-09 19:48:10 - [TEST_STEP][PASSED] - Statement - batch = new com.kms.katalon.core.testobject.TestObject(): null

2018-06-09 19:48:10 - [TEST_STEP][PASSED] - Statement - batch = com.kms.katalon.core.webui.keyword.WebUiBuiltInKeywords.modifyObjectProperty(batch, "xpath", "equals", "//*[@id = "txtbthqty" + row + ""]", true): Modify property of object successfully

2018-06-09 19:48:10 - [MESSAGE][PASSED] - Modify property of object successfully

2018-06-09 19:48:10 - [TEST_STEP][PASSED] - Statement - batchqty = com.kms.katalon.core.webui.keyword.WebUiBuiltInKeywords.getAttribute(batch, "value").trim(): Attribute 'value' of object '' is: '5000'

2018-06-09 19:48:10 - [MESSAGE][PASSED] - Attribute 'value' of object '' is: '5000'

2018-06-09 19:48:10 - [TEST_STEP][PASSED] - Statement - Rqty = 10000: null

2018-06-09 19:48:10 - [TEST_STEP][PASSED] - Statement - out.println("BatchQty : " + batchqty): null

2018-06-09 19:48:10 - [TEST_STEP][PASSED] - Statement - out.println("RQty : " + Rqty): null

2018-06-09 19:48:10 - [TEST_STEP][PASSED] - Statement - If (java.lang.Integer.valueOf(batchqty) >= java.lang.Integer.valueOf(Rqty)): null

2018-06-09 19:48:10 - [TEST_STEP][PASSED] - Statement - Else: null

2018-06-09 19:48:10 - [TEST_STEP][PASSED] - Statement - out.println("Batchqty Is Less Than Rqty"): null

2018-06-09 19:48:10 - [TEST_STEP][PASSED] - Statement - product = new com.kms.katalon.core.testobject.TestObject(): null

2018-06-09 19:48:10 - [TEST_STEP][PASSED] - Statement - product = com.kms.katalon.core.webui.keyword.WebUiBuiltInKeywords.modifyObjectProperty(product, "xpath", "equals", "//*[@id = "fldvendor" + row + ""]", true): Modify property of object successfully

2018-06-09 19:48:10 - [MESSAGE][PASSED] - Modify property of object successfully

2018-06-09 19:48:10 - [TEST_STEP][PASSED] - selectOptionByIndex: All options with index in [7] are selected on object ''

2018-06-09 19:48:10 - [MESSAGE][PASSED] - All options with index in [7] are selected on object ''

2018-06-09 19:48:10 - [TEST_STEP][PASSED] - delay: Delayed 2 second(s)

2018-06-09 19:48:12 - [MESSAGE][PASSED] - Delayed 2 second(s)

2018-06-09 19:48:12 - [TEST_STEP][PASSED] - Statement - batch = new com.kms.katalon.core.testobject.TestObject(): null

2018-06-09 19:48:12 - [TEST_STEP][PASSED] - Statement - batch = com.kms.katalon.core.webui.keyword.WebUiBuiltInKeywords.modifyObjectProperty(batch, "xpath", "equals", "//*[@id = "txtbthqty" + row + ""]", true): Modify property of object successfully

2018-06-09 19:48:12 - [MESSAGE][PASSED] - Modify property of object successfully

2018-06-09 19:48:12 - [TEST_STEP][PASSED] - Statement - batchqty = com.kms.katalon.core.webui.keyword.WebUiBuiltInKeywords.getAttribute(batch, "value").trim(): Attribute 'value' of object '' is: '39000'

2018-06-09 19:48:12 - [MESSAGE][PASSED] - Attribute 'value' of object '' is: '39000'

2018-06-09 19:48:12 - [TEST_STEP][PASSED] - Statement - Rqty = 10000: null

2018-06-09 19:48:12 - [TEST_STEP][PASSED] - Statement - out.println("BatchQty : " + batchqty): null

2018-06-09 19:48:12 - [TEST_STEP][PASSED] - Statement - out.println("RQty : " + Rqty): null

2018-06-09 19:48:12 - [TEST_STEP][PASSED] - Statement - If (java.lang.Integer.valueOf(batchqty) >= java.lang.Integer.valueOf(Rqty)): null

2018-06-09 19:48:12 - [TEST_STEP][PASSED] - Statement - Break: null

2018-06-09 19:48:12 - [TEST_STEP][PASSED] - Statement - batchlength = new com.kms.katalon.core.testobject.TestObject(): null

2018-06-09 19:48:12 - [TEST_STEP][PASSED] - Statement - batchlength = com.kms.katalon.core.webui.keyword.WebUiBuiltInKeywords.modifyObjectProperty(batchlength, "xpath", "equals", "//*[@id = "fldvendor" + row + ""]", true): Modify property of object successfully

2018-06-09 19:48:12 - [MESSAGE][PASSED] - Modify property of object successfully

2018-06-09 19:48:12 - [TEST_STEP][PASSED] - Statement - batchsize = com.kms.katalon.core.webui.keyword.WebUiBuiltInKeywords.getNumberOfTotalOption(batchlength): 10 options of object '' counted

2018-06-09 19:48:12 - [MESSAGE][PASSED] - 10 options of object '' counted

2018-06-09 19:48:12 - [TEST_STEP][PASSED] - Statement - out.println("BatchSize : " + batchsize): null

2018-06-09 19:48:12 - [TEST_STEP][PASSED] - Statement - For ([n = 1, n <= batchsize - 1, (n++)]): null

2018-06-09 19:48:12 - [TEST_STEP][PASSED] - Statement - product = new com.kms.katalon.core.testobject.TestObject(): null

2018-06-09 19:48:12 - [TEST_STEP][PASSED] - Statement - product = com.kms.katalon.core.webui.keyword.WebUiBuiltInKeywords.modifyObjectProperty(product, "xpath", "equals", "//*[@id = "fldvendor" + row + ""]", true): Modify property of object successfully

2018-06-09 19:48:12 - [MESSAGE][PASSED] - Modify property of object successfully

2018-06-09 19:48:12 - [TEST_STEP][PASSED] - selectOptionByIndex: All options with index in [1] are selected on object ''

2018-06-09 19:48:12 - [MESSAGE][PASSED] - All options with index in [1] are selected on object ''

2018-06-09 19:48:12 - [TEST_STEP][PASSED] - delay: Delayed 2 second(s)

2018-06-09 19:48:14 - [MESSAGE][PASSED] - Delayed 2 second(s)

2018-06-09 19:48:14 - [TEST_STEP][PASSED] - Statement - batch = new com.kms.katalon.core.testobject.TestObject(): null

2018-06-09 19:48:14 - [TEST_STEP][PASSED] - Statement - batch = com.kms.katalon.core.webui.keyword.WebUiBuiltInKeywords.modifyObjectProperty(batch, "xpath", "equals", "//*[@id = "txtbthqty" + row + ""]", true): Modify property of object successfully

2018-06-09 19:48:14 - [MESSAGE][PASSED] - Modify property of object successfully

2018-06-09 19:48:14 - [TEST_STEP][PASSED] - Statement - batchqty = com.kms.katalon.core.webui.keyword.WebUiBuiltInKeywords.getAttribute(batch, "value").trim(): Attribute 'value' of object '' is: '2700'

2018-06-09 19:48:14 - [MESSAGE][PASSED] - Attribute 'value' of object '' is: '2700'

2018-06-09 19:48:14 - [TEST_STEP][PASSED] - Statement - Rqty = 10000: null

2018-06-09 19:48:14 - [TEST_STEP][PASSED] - Statement - out.println("BatchQty : " + batchqty): null

2018-06-09 19:48:14 - [TEST_STEP][PASSED] - Statement - out.println("RQty : " + Rqty): null

2018-06-09 19:48:14 - [TEST_STEP][PASSED] - Statement - If (java.lang.Integer.valueOf(batchqty) >= java.lang.Integer.valueOf(Rqty)): null

2018-06-09 19:48:14 - [TEST_STEP][PASSED] - Statement - Else: null

2018-06-09 19:48:14 - [TEST_STEP][PASSED] - Statement - out.println("Batchqty Is Less Than Rqty"): null

2018-06-09 19:48:14 - [TEST_STEP][PASSED] - Statement - product = new com.kms.katalon.core.testobject.TestObject(): null

2018-06-09 19:48:14 - [TEST_STEP][PASSED] - Statement - product = com.kms.katalon.core.webui.keyword.WebUiBuiltInKeywords.modifyObjectProperty(product, "xpath", "equals", "//*[@id = "fldvendor" + row + ""]", true): Modify property of object successfully

2018-06-09 19:48:14 - [MESSAGE][PASSED] - Modify property of object successfully

2018-06-09 19:48:14 - [TEST_STEP][PASSED] - selectOptionByIndex: All options with index in [2] are selected on object ''

2018-06-09 19:48:15 - [MESSAGE][PASSED] - All options with index in [2] are selected on object ''

2018-06-09 19:48:15 - [TEST_STEP][PASSED] - delay: Delayed 2 second(s)

2018-06-09 19:48:17 - [MESSAGE][PASSED] - Delayed 2 second(s)

2018-06-09 19:48:17 - [TEST_STEP][PASSED] - Statement - batch = new com.kms.katalon.core.testobject.TestObject(): null

2018-06-09 19:48:17 - [TEST_STEP][PASSED] - Statement - batch = com.kms.katalon.core.webui.keyword.WebUiBuiltInKeywords.modifyObjectProperty(batch, "xpath", "equals", "//*[@id = "txtbthqty" + row + ""]", true): Modify property of object successfully

2018-06-09 19:48:17 - [MESSAGE][PASSED] - Modify property of object successfully

2018-06-09 19:48:17 - [TEST_STEP][PASSED] - Statement - batchqty = com.kms.katalon.core.webui.keyword.WebUiBuiltInKeywords.getAttribute(batch, "value").trim(): Attribute 'value' of object '' is: '5000'

2018-06-09 19:48:17 - [MESSAGE][PASSED] - Attribute 'value' of object '' is: '5000'

2018-06-09 19:48:17 - [TEST_STEP][PASSED] - Statement - Rqty = 10000: null

2018-06-09 19:48:17 - [TEST_STEP][PASSED] - Statement - out.println("BatchQty : " + batchqty): null

2018-06-09 19:48:17 - [TEST_STEP][PASSED] - Statement - out.println("RQty : " + Rqty): null

2018-06-09 19:48:17 - [TEST_STEP][PASSED] - Statement - If (java.lang.Integer.valueOf(batchqty) >= java.lang.Integer.valueOf(Rqty)): null

2018-06-09 19:48:17 - [TEST_STEP][PASSED] - Statement - Else: null

2018-06-09 19:48:17 - [TEST_STEP][PASSED] - Statement - out.println("Batchqty Is Less Than Rqty"): null

2018-06-09 19:48:17 - [TEST_STEP][PASSED] - Statement - product = new com.kms.katalon.core.testobject.TestObject(): null

2018-06-09 19:48:17 - [TEST_STEP][PASSED] - Statement - product = com.kms.katalon.core.webui.keyword.WebUiBuiltInKeywords.modifyObjectProperty(product, "xpath", "equals", "//*[@id = "fldvendor" + row + ""]", true): Modify property of object successfully

2018-06-09 19:48:17 - [MESSAGE][PASSED] - Modify property of object successfully

2018-06-09 19:48:17 - [TEST_STEP][PASSED] - selectOptionByIndex: All options with index in [3] are selected on object ''

2018-06-09 19:48:17 - [MESSAGE][PASSED] - All options with index in [3] are selected on object ''

2018-06-09 19:48:17 - [TEST_STEP][PASSED] - delay: Delayed 2 second(s)

2018-06-09 19:48:19 - [MESSAGE][PASSED] - Delayed 2 second(s)

2018-06-09 19:48:19 - [TEST_STEP][PASSED] - Statement - batch = new com.kms.katalon.core.testobject.TestObject(): null

2018-06-09 19:48:19 - [TEST_STEP][PASSED] - Statement - batch = com.kms.katalon.core.webui.keyword.WebUiBuiltInKeywords.modifyObjectProperty(batch, "xpath", "equals", "//*[@id = "txtbthqty" + row + ""]", true): Modify property of object successfully

2018-06-09 19:48:19 - [MESSAGE][PASSED] - Modify property of object successfully

2018-06-09 19:48:19 - [TEST_STEP][PASSED] - Statement - batchqty = com.kms.katalon.core.webui.keyword.WebUiBuiltInKeywords.getAttribute(batch, "value").trim(): Attribute 'value' of object '' is: '5000'

2018-06-09 19:48:19 - [MESSAGE][PASSED] - Attribute 'value' of object '' is: '5000'

2018-06-09 19:48:19 - [TEST_STEP][PASSED] - Statement - Rqty = 10000: null

2018-06-09 19:48:19 - [TEST_STEP][PASSED] - Statement - out.println("BatchQty : " + batchqty): null

2018-06-09 19:48:19 - [TEST_STEP][PASSED] - Statement - out.println("RQty : " + Rqty): null

2018-06-09 19:48:19 - [TEST_STEP][PASSED] - Statement - If (java.lang.Integer.valueOf(batchqty) >= java.lang.Integer.valueOf(Rqty)): null

2018-06-09 19:48:19 - [TEST_STEP][PASSED] - Statement - Else: null

2018-06-09 19:48:19 - [TEST_STEP][PASSED] - Statement - out.println("Batchqty Is Less Than Rqty"): null

2018-06-09 19:48:19 - [TEST_STEP][PASSED] - Statement - product = new com.kms.katalon.core.testobject.TestObject(): null

2018-06-09 19:48:19 - [TEST_STEP][PASSED] - Statement - product = com.kms.katalon.core.webui.keyword.WebUiBuiltInKeywords.modifyObjectProperty(product, "xpath", "equals", "//*[@id = "fldvendor" + row + ""]", true): Modify property of object successfully

2018-06-09 19:48:19 - [MESSAGE][PASSED] - Modify property of object successfully

2018-06-09 19:48:19 - [TEST_STEP][PASSED] - selectOptionByIndex: All options with index in [4] are selected on object ''

2018-06-09 19:48:19 - [MESSAGE][PASSED] - All options with index in [4] are selected on object ''

2018-06-09 19:48:19 - [TEST_STEP][PASSED] - delay: Delayed 2 second(s)

2018-06-09 19:48:21 - [MESSAGE][PASSED] - Delayed 2 second(s)

2018-06-09 19:48:21 - [TEST_STEP][PASSED] - Statement - batch = new com.kms.katalon.core.testobject.TestObject(): null

2018-06-09 19:48:21 - [TEST_STEP][PASSED] - Statement - batch = com.kms.katalon.core.webui.keyword.WebUiBuiltInKeywords.modifyObjectProperty(batch, "xpath", "equals", "//*[@id = "txtbthqty" + row + ""]", true): Modify property of object successfully

2018-06-09 19:48:21 - [MESSAGE][PASSED] - Modify property of object successfully

2018-06-09 19:48:21 - [TEST_STEP][PASSED] - Statement - batchqty = com.kms.katalon.core.webui.keyword.WebUiBuiltInKeywords.getAttribute(batch, "value").trim(): Attribute 'value' of object '' is: '5000'

2018-06-09 19:48:21 - [MESSAGE][PASSED] - Attribute 'value' of object '' is: '5000'

2018-06-09 19:48:21 - [TEST_STEP][PASSED] - Statement - Rqty = 10000: null

2018-06-09 19:48:21 - [TEST_STEP][PASSED] - Statement - out.println("BatchQty : " + batchqty): null

2018-06-09 19:48:21 - [TEST_STEP][PASSED] - Statement - out.println("RQty : " + Rqty): null

2018-06-09 19:48:21 - [TEST_STEP][PASSED] - Statement - If (java.lang.Integer.valueOf(batchqty) >= java.lang.Integer.valueOf(Rqty)): null

2018-06-09 19:48:21 - [TEST_STEP][PASSED] - Statement - Else: null

2018-06-09 19:48:21 - [TEST_STEP][PASSED] - Statement - out.println("Batchqty Is Less Than Rqty"): null

2018-06-09 19:48:21 - [TEST_STEP][PASSED] - Statement - product = new com.kms.katalon.core.testobject.TestObject(): null

2018-06-09 19:48:21 - [TEST_STEP][PASSED] - Statement - product = com.kms.katalon.core.webui.keyword.WebUiBuiltInKeywords.modifyObjectProperty(product, "xpath", "equals", "//*[@id = "fldvendor" + row + ""]", true): Modify property of object successfully

2018-06-09 19:48:21 - [MESSAGE][PASSED] - Modify property of object successfully

2018-06-09 19:48:21 - [TEST_STEP][PASSED] - selectOptionByIndex: All options with index in [5] are selected on object ''

2018-06-09 19:48:21 - [MESSAGE][PASSED] - All options with index in [5] are selected on object ''

2018-06-09 19:48:21 - [TEST_STEP][PASSED] - delay: Delayed 2 second(s)

2018-06-09 19:48:23 - [MESSAGE][PASSED] - Delayed 2 second(s)

2018-06-09 19:48:23 - [TEST_STEP][PASSED] - Statement - batch = new com.kms.katalon.core.testobject.TestObject(): null

2018-06-09 19:48:23 - [TEST_STEP][PASSED] - Statement - batch = com.kms.katalon.core.webui.keyword.WebUiBuiltInKeywords.modifyObjectProperty(batch, "xpath", "equals", "//*[@id = "txtbthqty" + row + ""]", true): Modify property of object successfully

2018-06-09 19:48:23 - [MESSAGE][PASSED] - Modify property of object successfully

2018-06-09 19:48:23 - [TEST_STEP][PASSED] - Statement - batchqty = com.kms.katalon.core.webui.keyword.WebUiBuiltInKeywords.getAttribute(batch, "value").trim(): Attribute 'value' of object '' is: '5000'

2018-06-09 19:48:23 - [MESSAGE][PASSED] - Attribute 'value' of object '' is: '5000'

2018-06-09 19:48:23 - [TEST_STEP][PASSED] - Statement - Rqty = 10000: null

2018-06-09 19:48:23 - [TEST_STEP][PASSED] - Statement - out.println("BatchQty : " + batchqty): null

2018-06-09 19:48:23 - [TEST_STEP][PASSED] - Statement - out.println("RQty : " + Rqty): null

2018-06-09 19:48:23 - [TEST_STEP][PASSED] - Statement - If (java.lang.Integer.valueOf(batchqty) >= java.lang.Integer.valueOf(Rqty)): null

2018-06-09 19:48:23 - [TEST_STEP][PASSED] - Statement - Else: null

2018-06-09 19:48:23 - [TEST_STEP][PASSED] - Statement - out.println("Batchqty Is Less Than Rqty"): null

2018-06-09 19:48:23 - [TEST_STEP][PASSED] - Statement - product = new com.kms.katalon.core.testobject.TestObject(): null

2018-06-09 19:48:23 - [TEST_STEP][PASSED] - Statement - product = com.kms.katalon.core.webui.keyword.WebUiBuiltInKeywords.modifyObjectProperty(product, "xpath", "equals", "//*[@id = "fldvendor" + row + ""]", true): Modify property of object successfully

2018-06-09 19:48:23 - [MESSAGE][PASSED] - Modify property of object successfully

2018-06-09 19:48:23 - [TEST_STEP][PASSED] - selectOptionByIndex: All options with index in [6] are selected on object ''

2018-06-09 19:48:23 - [MESSAGE][PASSED] - All options with index in [6] are selected on object ''

2018-06-09 19:48:23 - [TEST_STEP][PASSED] - delay: Delayed 2 second(s)

2018-06-09 19:48:25 - [MESSAGE][PASSED] - Delayed 2 second(s)

2018-06-09 19:48:25 - [TEST_STEP][PASSED] - Statement - batch = new com.kms.katalon.core.testobject.TestObject(): null

2018-06-09 19:48:25 - [TEST_STEP][PASSED] - Statement - batch = com.kms.katalon.core.webui.keyword.WebUiBuiltInKeywords.modifyObjectProperty(batch, "xpath", "equals", "//*[@id = "txtbthqty" + row + ""]", true): Modify property of object successfully

2018-06-09 19:48:25 - [MESSAGE][PASSED] - Modify property of object successfully

2018-06-09 19:48:25 - [TEST_STEP][PASSED] - Statement - batchqty = com.kms.katalon.core.webui.keyword.WebUiBuiltInKeywords.getAttribute(batch, "value").trim(): Attribute 'value' of object '' is: '39000'

2018-06-09 19:48:25 - [MESSAGE][PASSED] - Attribute 'value' of object '' is: '39000'

2018-06-09 19:48:25 - [TEST_STEP][PASSED] - Statement - Rqty = 10000: null

2018-06-09 19:48:25 - [TEST_STEP][PASSED] - Statement - out.println("BatchQty : " + batchqty): null

2018-06-09 19:48:25 - [TEST_STEP][PASSED] - Statement - out.println("RQty : " + Rqty): null

2018-06-09 19:48:25 - [TEST_STEP][PASSED] - Statement - If (java.lang.Integer.valueOf(batchqty) >= java.lang.Integer.valueOf(Rqty)): null

2018-06-09 19:48:25 - [TEST_STEP][PASSED] - Statement - Break: null

2018-06-09 19:48:25 - [TEST_STEP][PASSED] - Statement - batchlength = new com.kms.katalon.core.testobject.TestObject(): null

2018-06-09 19:48:25 - [TEST_STEP][PASSED] - Statement - batchlength = com.kms.katalon.core.webui.keyword.WebUiBuiltInKeywords.modifyObjectProperty(batchlength, "xpath", "equals", "//*[@id = "fldvendor" + row + ""]", true): Modify property of object successfully

2018-06-09 19:48:25 - [MESSAGE][PASSED] - Modify property of object successfully

2018-06-09 19:48:25 - [TEST_STEP][PASSED] - Statement - batchsize = com.kms.katalon.core.webui.keyword.WebUiBuiltInKeywords.getNumberOfTotalOption(batchlength): 11 options of object '' counted

2018-06-09 19:48:25 - [MESSAGE][PASSED] - 11 options of object '' counted

2018-06-09 19:48:25 - [TEST_STEP][PASSED] - Statement - out.println("BatchSize : " + batchsize): null

2018-06-09 19:48:25 - [TEST_STEP][PASSED] - Statement - For ([n = 1, n <= batchsize - 1, (n++)]): null

2018-06-09 19:48:25 - [TEST_STEP][PASSED] - Statement - product = new com.kms.katalon.core.testobject.TestObject(): null

2018-06-09 19:48:25 - [TEST_STEP][PASSED] - Statement - product = com.kms.katalon.core.webui.keyword.WebUiBuiltInKeywords.modifyObjectProperty(product, "xpath", "equals", "//*[@id = "fldvendor" + row + ""]", true): Modify property of object successfully

2018-06-09 19:48:25 - [MESSAGE][PASSED] - Modify property of object successfully

2018-06-09 19:48:25 - [TEST_STEP][PASSED] - selectOptionByIndex: All options with index in [1] are selected on object ''

2018-06-09 19:48:26 - [MESSAGE][PASSED] - All options with index in [1] are selected on object ''

2018-06-09 19:48:26 - [TEST_STEP][PASSED] - delay: Delayed 2 second(s)

2018-06-09 19:48:28 - [MESSAGE][PASSED] - Delayed 2 second(s)

2018-06-09 19:48:28 - [TEST_STEP][PASSED] - Statement - batch = new com.kms.katalon.core.testobject.TestObject(): null

2018-06-09 19:48:28 - [TEST_STEP][PASSED] - Statement - batch = com.kms.katalon.core.webui.keyword.WebUiBuiltInKeywords.modifyObjectProperty(batch, "xpath", "equals", "//*[@id = "txtbthqty" + row + ""]", true): Modify property of object successfully

2018-06-09 19:48:28 - [MESSAGE][PASSED] - Modify property of object successfully

2018-06-09 19:48:28 - [TEST_STEP][PASSED] - Statement - batchqty = com.kms.katalon.core.webui.keyword.WebUiBuiltInKeywords.getAttribute(batch, "value").trim(): Attribute 'value' of object '' is: '31700'

2018-06-09 19:48:28 - [MESSAGE][PASSED] - Attribute 'value' of object '' is: '31700'

2018-06-09 19:48:28 - [TEST_STEP][PASSED] - Statement - Rqty = 10000: null

2018-06-09 19:48:28 - [TEST_STEP][PASSED] - Statement - out.println("BatchQty : " + batchqty): null

2018-06-09 19:48:28 - [TEST_STEP][PASSED] - Statement - out.println("RQty : " + Rqty): null

2018-06-09 19:48:28 - [TEST_STEP][PASSED] - Statement - If (java.lang.Integer.valueOf(batchqty) >= java.lang.Integer.valueOf(Rqty)): null

2018-06-09 19:48:28 - [TEST_STEP][PASSED] - Statement - Break: null

2018-06-09 19:48:28 - [TEST_STEP][PASSED] - Statement - batchlength = new com.kms.katalon.core.testobject.TestObject(): null

2018-06-09 19:48:28 - [TEST_STEP][PASSED] - Statement - batchlength = com.kms.katalon.core.webui.keyword.WebUiBuiltInKeywords.modifyObjectProperty(batchlength, "xpath", "equals", "//*[@id = "fldvendor" + row + ""]", true): Modify property of object successfully

2018-06-09 19:48:28 - [MESSAGE][PASSED] - Modify property of object successfully

2018-06-09 19:48:28 - [TEST_STEP][PASSED] - Statement - batchsize = com.kms.katalon.core.webui.keyword.WebUiBuiltInKeywords.getNumberOfTotalOption(batchlength): 10 options of object '' counted

2018-06-09 19:48:28 - [MESSAGE][PASSED] - 10 options of object '' counted

2018-06-09 19:48:28 - [TEST_STEP][PASSED] - Statement - out.println("BatchSize : " + batchsize): null

2018-06-09 19:48:28 - [TEST_STEP][PASSED] - Statement - For ([n = 1, n <= batchsize - 1, (n++)]): null

2018-06-09 19:48:28 - [TEST_STEP][PASSED] - Statement - product = new com.kms.katalon.core.testobject.TestObject(): null

2018-06-09 19:48:28 - [TEST_STEP][PASSED] - Statement - product = com.kms.katalon.core.webui.keyword.WebUiBuiltInKeywords.modifyObjectProperty(product, "xpath", "equals", "//*[@id = "fldvendor" + row + ""]", true): Modify property of object successfully

2018-06-09 19:48:28 - [MESSAGE][PASSED] - Modify property of object successfully

2018-06-09 19:48:28 - [TEST_STEP][PASSED] - selectOptionByIndex: All options with index in [1] are selected on object ''

2018-06-09 19:48:28 - [MESSAGE][PASSED] - All options with index in [1] are selected on object ''

2018-06-09 19:48:28 - [TEST_STEP][PASSED] - delay: Delayed 2 second(s)

2018-06-09 19:48:30 - [MESSAGE][PASSED] - Delayed 2 second(s)

2018-06-09 19:48:30 - [TEST_STEP][PASSED] - Statement - batch = new com.kms.katalon.core.testobject.TestObject(): null

2018-06-09 19:48:30 - [TEST_STEP][PASSED] - Statement - batch = com.kms.katalon.core.webui.keyword.WebUiBuiltInKeywords.modifyObjectProperty(batch, "xpath", "equals", "//*[@id = "txtbthqty" + row + ""]", true): Modify property of object successfully

2018-06-09 19:48:30 - [MESSAGE][PASSED] - Modify property of object successfully

2018-06-09 19:48:30 - [TEST_STEP][PASSED] - Statement - batchqty = com.kms.katalon.core.webui.keyword.WebUiBuiltInKeywords.getAttribute(batch, "value").trim(): Attribute 'value' of object '' is: '4700'

2018-06-09 19:48:30 - [MESSAGE][PASSED] - Attribute 'value' of object '' is: '4700'

2018-06-09 19:48:30 - [TEST_STEP][PASSED] - Statement - Rqty = 10000: null

2018-06-09 19:48:30 - [TEST_STEP][PASSED] - Statement - out.println("BatchQty : " + batchqty): null

2018-06-09 19:48:30 - [TEST_STEP][PASSED] - Statement - out.println("RQty : " + Rqty): null

2018-06-09 19:48:30 - [TEST_STEP][PASSED] - Statement - If (java.lang.Integer.valueOf(batchqty) >= java.lang.Integer.valueOf(Rqty)): null

2018-06-09 19:48:30 - [TEST_STEP][PASSED] - Statement - Else: null

2018-06-09 19:48:30 - [TEST_STEP][PASSED] - Statement - out.println("Batchqty Is Less Than Rqty"): null

2018-06-09 19:48:30 - [TEST_STEP][PASSED] - Statement - product = new com.kms.katalon.core.testobject.TestObject(): null

2018-06-09 19:48:30 - [TEST_STEP][PASSED] - Statement - product = com.kms.katalon.core.webui.keyword.WebUiBuiltInKeywords.modifyObjectProperty(product, "xpath", "equals", "//*[@id = "fldvendor" + row + ""]", true): Modify property of object successfully

2018-06-09 19:48:30 - [MESSAGE][PASSED] - Modify property of object successfully

2018-06-09 19:48:30 - [TEST_STEP][PASSED] - selectOptionByIndex: All options with index in [2] are selected on object ''

2018-06-09 19:48:30 - [MESSAGE][PASSED] - All options with index in [2] are selected on object ''

2018-06-09 19:48:30 - [TEST_STEP][PASSED] - delay: Delayed 2 second(s)

2018-06-09 19:48:32 - [MESSAGE][PASSED] - Delayed 2 second(s)

2018-06-09 19:48:32 - [TEST_STEP][PASSED] - Statement - batch = new com.kms.katalon.core.testobject.TestObject(): null

2018-06-09 19:48:32 - [TEST_STEP][PASSED] - Statement - batch = com.kms.katalon.core.webui.keyword.WebUiBuiltInKeywords.modifyObjectProperty(batch, "xpath", "equals", "//*[@id = "txtbthqty" + row + ""]", true): Modify property of object successfully

2018-06-09 19:48:32 - [MESSAGE][PASSED] - Modify property of object successfully

2018-06-09 19:48:32 - [TEST_STEP][PASSED] - Statement - batchqty = com.kms.katalon.core.webui.keyword.WebUiBuiltInKeywords.getAttribute(batch, "value").trim(): Attribute 'value' of object '' is: '3000'

2018-06-09 19:48:32 - [MESSAGE][PASSED] - Attribute 'value' of object '' is: '3000'

2018-06-09 19:48:32 - [TEST_STEP][PASSED] - Statement - Rqty = 10000: null

2018-06-09 19:48:32 - [TEST_STEP][PASSED] - Statement - out.println("BatchQty : " + batchqty): null

2018-06-09 19:48:32 - [TEST_STEP][PASSED] - Statement - out.println("RQty : " + Rqty): null

2018-06-09 19:48:32 - [TEST_STEP][PASSED] - Statement - If (java.lang.Integer.valueOf(batchqty) >= java.lang.Integer.valueOf(Rqty)): null

2018-06-09 19:48:32 - [TEST_STEP][PASSED] - Statement - Else: null

2018-06-09 19:48:32 - [TEST_STEP][PASSED] - Statement - out.println("Batchqty Is Less Than Rqty"): null

2018-06-09 19:48:32 - [TEST_STEP][PASSED] - Statement - product = new com.kms.katalon.core.testobject.TestObject(): null

2018-06-09 19:48:32 - [TEST_STEP][PASSED] - Statement - product = com.kms.katalon.core.webui.keyword.WebUiBuiltInKeywords.modifyObjectProperty(product, "xpath", "equals", "//*[@id = "fldvendor" + row + ""]", true): Modify property of object successfully

2018-06-09 19:48:32 - [MESSAGE][PASSED] - Modify property of object successfully

2018-06-09 19:48:32 - [TEST_STEP][PASSED] - selectOptionByIndex: All options with index in [3] are selected on object ''

2018-06-09 19:48:32 - [MESSAGE][PASSED] - All options with index in [3] are selected on object ''

2018-06-09 19:48:32 - [TEST_STEP][PASSED] - delay: Delayed 2 second(s)

2018-06-09 19:48:34 - [MESSAGE][PASSED] - Delayed 2 second(s)

2018-06-09 19:48:34 - [TEST_STEP][PASSED] - Statement - batch = new com.kms.katalon.core.testobject.TestObject(): null

2018-06-09 19:48:34 - [TEST_STEP][PASSED] - Statement - batch = com.kms.katalon.core.webui.keyword.WebUiBuiltInKeywords.modifyObjectProperty(batch, "xpath", "equals", "//*[@id = "txtbthqty" + row + ""]", true): Modify property of object successfully

2018-06-09 19:48:34 - [MESSAGE][PASSED] - Modify property of object successfully

2018-06-09 19:48:34 - [TEST_STEP][PASSED] - Statement - batchqty = com.kms.katalon.core.webui.keyword.WebUiBuiltInKeywords.getAttribute(batch, "value").trim(): Attribute 'value' of object '' is: '5000'

2018-06-09 19:48:34 - [MESSAGE][PASSED] - Attribute 'value' of object '' is: '5000'

2018-06-09 19:48:34 - [TEST_STEP][PASSED] - Statement - Rqty = 10000: null

2018-06-09 19:48:34 - [TEST_STEP][PASSED] - Statement - out.println("BatchQty : " + batchqty): null

2018-06-09 19:48:34 - [TEST_STEP][PASSED] - Statement - out.println("RQty : " + Rqty): null

2018-06-09 19:48:34 - [TEST_STEP][PASSED] - Statement - If (java.lang.Integer.valueOf(batchqty) >= java.lang.Integer.valueOf(Rqty)): null

2018-06-09 19:48:34 - [TEST_STEP][PASSED] - Statement - Else: null

2018-06-09 19:48:34 - [TEST_STEP][PASSED] - Statement - out.println("Batchqty Is Less Than Rqty"): null

2018-06-09 19:48:34 - [TEST_STEP][PASSED] - Statement - product = new com.kms.katalon.core.testobject.TestObject(): null

2018-06-09 19:48:34 - [TEST_STEP][PASSED] - Statement - product = com.kms.katalon.core.webui.keyword.WebUiBuiltInKeywords.modifyObjectProperty(product, "xpath", "equals", "//*[@id = "fldvendor" + row + ""]", true): Modify property of object successfully

2018-06-09 19:48:34 - [MESSAGE][PASSED] - Modify property of object successfully

2018-06-09 19:48:34 - [TEST_STEP][PASSED] - selectOptionByIndex: All options with index in [4] are selected on object ''

2018-06-09 19:48:34 - [MESSAGE][PASSED] - All options with index in [4] are selected on object ''

2018-06-09 19:48:34 - [TEST_STEP][PASSED] - delay: Delayed 2 second(s)

2018-06-09 19:48:36 - [MESSAGE][PASSED] - Delayed 2 second(s)

2018-06-09 19:48:36 - [TEST_STEP][PASSED] - Statement - batch = new com.kms.katalon.core.testobject.TestObject(): null

2018-06-09 19:48:36 - [TEST_STEP][PASSED] - Statement - batch = com.kms.katalon.core.webui.keyword.WebUiBuiltInKeywords.modifyObjectProperty(batch, "xpath", "equals", "//*[@id = "txtbthqty" + row + ""]", true): Modify property of object successfully

2018-06-09 19:48:36 - [MESSAGE][PASSED] - Modify property of object successfully

2018-06-09 19:48:36 - [TEST_STEP][PASSED] - Statement - batchqty = com.kms.katalon.core.webui.keyword.WebUiBuiltInKeywords.getAttribute(batch, "value").trim(): Attribute 'value' of object '' is: '5000'

2018-06-09 19:48:36 - [MESSAGE][PASSED] - Attribute 'value' of object '' is: '5000'

2018-06-09 19:48:36 - [TEST_STEP][PASSED] - Statement - Rqty = 10000: null

2018-06-09 19:48:36 - [TEST_STEP][PASSED] - Statement - out.println("BatchQty : " + batchqty): null

2018-06-09 19:48:36 - [TEST_STEP][PASSED] - Statement - out.println("RQty : " + Rqty): null

2018-06-09 19:48:36 - [TEST_STEP][PASSED] - Statement - If (java.lang.Integer.valueOf(batchqty) >= java.lang.Integer.valueOf(Rqty)): null

2018-06-09 19:48:36 - [TEST_STEP][PASSED] - Statement - Else: null

2018-06-09 19:48:36 - [TEST_STEP][PASSED] - Statement - out.println("Batchqty Is Less Than Rqty"): null

2018-06-09 19:48:36 - [TEST_STEP][PASSED] - Statement - product = new com.kms.katalon.core.testobject.TestObject(): null

2018-06-09 19:48:36 - [TEST_STEP][PASSED] - Statement - product = com.kms.katalon.core.webui.keyword.WebUiBuiltInKeywords.modifyObjectProperty(product, "xpath", "equals", "//*[@id = "fldvendor" + row + ""]", true): Modify property of object successfully

2018-06-09 19:48:36 - [MESSAGE][PASSED] - Modify property of object successfully

2018-06-09 19:48:36 - [TEST_STEP][PASSED] - selectOptionByIndex: All options with index in [5] are selected on object ''

2018-06-09 19:48:37 - [MESSAGE][PASSED] - All options with index in [5] are selected on object ''

2018-06-09 19:48:37 - [TEST_STEP][PASSED] - delay: Delayed 2 second(s)

2018-06-09 19:48:39 - [MESSAGE][PASSED] - Delayed 2 second(s)

2018-06-09 19:48:39 - [TEST_STEP][PASSED] - Statement - batch = new com.kms.katalon.core.testobject.TestObject(): null

2018-06-09 19:48:39 - [TEST_STEP][PASSED] - Statement - batch = com.kms.katalon.core.webui.keyword.WebUiBuiltInKeywords.modifyObjectProperty(batch, "xpath", "equals", "//*[@id = "txtbthqty" + row + ""]", true): Modify property of object successfully

2018-06-09 19:48:39 - [MESSAGE][PASSED] - Modify property of object successfully

2018-06-09 19:48:39 - [TEST_STEP][PASSED] - Statement - batchqty = com.kms.katalon.core.webui.keyword.WebUiBuiltInKeywords.getAttribute(batch, "value").trim(): Attribute 'value' of object '' is: '5000'

2018-06-09 19:48:39 - [MESSAGE][PASSED] - Attribute 'value' of object '' is: '5000'

2018-06-09 19:48:39 - [TEST_STEP][PASSED] - Statement - Rqty = 10000: null

2018-06-09 19:48:39 - [TEST_STEP][PASSED] - Statement - out.println("BatchQty : " + batchqty): null

2018-06-09 19:48:39 - [TEST_STEP][PASSED] - Statement - out.println("RQty : " + Rqty): null

2018-06-09 19:48:39 - [TEST_STEP][PASSED] - Statement - If (java.lang.Integer.valueOf(batchqty) >= java.lang.Integer.valueOf(Rqty)): null

2018-06-09 19:48:39 - [TEST_STEP][PASSED] - Statement - Else: null

2018-06-09 19:48:39 - [TEST_STEP][PASSED] - Statement - out.println("Batchqty Is Less Than Rqty"): null

2018-06-09 19:48:39 - [TEST_STEP][PASSED] - Statement - product = new com.kms.katalon.core.testobject.TestObject(): null

2018-06-09 19:48:39 - [TEST_STEP][PASSED] - Statement - product = com.kms.katalon.core.webui.keyword.WebUiBuiltInKeywords.modifyObjectProperty(product, "xpath", "equals", "//*[@id = "fldvendor" + row + ""]", true): Modify property of object successfully

2018-06-09 19:48:39 - [MESSAGE][PASSED] - Modify property of object successfully

2018-06-09 19:48:39 - [TEST_STEP][PASSED] - selectOptionByIndex: All options with index in [6] are selected on object ''

2018-06-09 19:48:39 - [MESSAGE][PASSED] - All options with index in [6] are selected on object ''

2018-06-09 19:48:39 - [TEST_STEP][PASSED] - delay: Delayed 2 second(s)

2018-06-09 19:48:41 - [MESSAGE][PASSED] - Delayed 2 second(s)

2018-06-09 19:48:41 - [TEST_STEP][PASSED] - Statement - batch = new com.kms.katalon.core.testobject.TestObject(): null

2018-06-09 19:48:41 - [TEST_STEP][PASSED] - Statement - batch = com.kms.katalon.core.webui.keyword.WebUiBuiltInKeywords.modifyObjectProperty(batch, "xpath", "equals", "//*[@id = "txtbthqty" + row + ""]", true): Modify property of object successfully

2018-06-09 19:48:41 - [MESSAGE][PASSED] - Modify property of object successfully

2018-06-09 19:48:41 - [TEST_STEP][PASSED] - Statement - batchqty = com.kms.katalon.core.webui.keyword.WebUiBuiltInKeywords.getAttribute(batch, "value").trim(): Attribute 'value' of object '' is: '5000'

2018-06-09 19:48:41 - [MESSAGE][PASSED] - Attribute 'value' of object '' is: '5000'

2018-06-09 19:48:41 - [TEST_STEP][PASSED] - Statement - Rqty = 10000: null

2018-06-09 19:48:41 - [TEST_STEP][PASSED] - Statement - out.println("BatchQty : " + batchqty): null

2018-06-09 19:48:41 - [TEST_STEP][PASSED] - Statement - out.println("RQty : " + Rqty): null

2018-06-09 19:48:41 - [TEST_STEP][PASSED] - Statement - If (java.lang.Integer.valueOf(batchqty) >= java.lang.Integer.valueOf(Rqty)): null

2018-06-09 19:48:41 - [TEST_STEP][PASSED] - Statement - Else: null

2018-06-09 19:48:41 - [TEST_STEP][PASSED] - Statement - out.println("Batchqty Is Less Than Rqty"): null

2018-06-09 19:48:41 - [TEST_STEP][PASSED] - Statement - product = new com.kms.katalon.core.testobject.TestObject(): null

2018-06-09 19:48:41 - [TEST_STEP][PASSED] - Statement - product = com.kms.katalon.core.webui.keyword.WebUiBuiltInKeywords.modifyObjectProperty(product, "xpath", "equals", "//*[@id = "fldvendor" + row + ""]", true): Modify property of object successfully

2018-06-09 19:48:41 - [MESSAGE][PASSED] - Modify property of object successfully

2018-06-09 19:48:41 - [TEST_STEP][PASSED] - selectOptionByIndex: All options with index in [7] are selected on object ''

2018-06-09 19:48:41 - [MESSAGE][PASSED] - All options with index in [7] are selected on object ''

2018-06-09 19:48:41 - [TEST_STEP][PASSED] - delay: Delayed 2 second(s)

2018-06-09 19:48:43 - [MESSAGE][PASSED] - Delayed 2 second(s)

2018-06-09 19:48:43 - [TEST_STEP][PASSED] - Statement - batch = new com.kms.katalon.core.testobject.TestObject(): null

2018-06-09 19:48:43 - [TEST_STEP][PASSED] - Statement - batch = com.kms.katalon.core.webui.keyword.WebUiBuiltInKeywords.modifyObjectProperty(batch, "xpath", "equals", "//*[@id = "txtbthqty" + row + ""]", true): Modify property of object successfully

2018-06-09 19:48:43 - [MESSAGE][PASSED] - Modify property of object successfully

2018-06-09 19:48:43 - [TEST_STEP][PASSED] - Statement - batchqty = com.kms.katalon.core.webui.keyword.WebUiBuiltInKeywords.getAttribute(batch, "value").trim(): Attribute 'value' of object '' is: '5000'

2018-06-09 19:48:43 - [MESSAGE][PASSED] - Attribute 'value' of object '' is: '5000'

2018-06-09 19:48:43 - [TEST_STEP][PASSED] - Statement - Rqty = 10000: null

2018-06-09 19:48:43 - [TEST_STEP][PASSED] - Statement - out.println("BatchQty : " + batchqty): null

2018-06-09 19:48:43 - [TEST_STEP][PASSED] - Statement - out.println("RQty : " + Rqty): null

2018-06-09 19:48:43 - [TEST_STEP][PASSED] - Statement - If (java.lang.Integer.valueOf(batchqty) >= java.lang.Integer.valueOf(Rqty)): null

2018-06-09 19:48:43 - [TEST_STEP][PASSED] - Statement - Else: null

2018-06-09 19:48:43 - [TEST_STEP][PASSED] - Statement - out.println("Batchqty Is Less Than Rqty"): null

2018-06-09 19:48:43 - [TEST_STEP][PASSED] - Statement - product = new com.kms.katalon.core.testobject.TestObject(): null

2018-06-09 19:48:43 - [TEST_STEP][PASSED] - Statement - product = com.kms.katalon.core.webui.keyword.WebUiBuiltInKeywords.modifyObjectProperty(product, "xpath", "equals", "//*[@id = "fldvendor" + row + ""]", true): Modify property of object successfully

2018-06-09 19:48:43 - [MESSAGE][PASSED] - Modify property of object successfully

2018-06-09 19:48:43 - [TEST_STEP][PASSED] - selectOptionByIndex: All options with index in [8] are selected on object ''

2018-06-09 19:48:43 - [MESSAGE][PASSED] - All options with index in [8] are selected on object ''

2018-06-09 19:48:43 - [TEST_STEP][PASSED] - delay: Delayed 2 second(s)

2018-06-09 19:48:45 - [MESSAGE][PASSED] - Delayed 2 second(s)

2018-06-09 19:48:45 - [TEST_STEP][PASSED] - Statement - batch = new com.kms.katalon.core.testobject.TestObject(): null

2018-06-09 19:48:45 - [TEST_STEP][PASSED] - Statement - batch = com.kms.katalon.core.webui.keyword.WebUiBuiltInKeywords.modifyObjectProperty(batch, "xpath", "equals", "//*[@id = "txtbthqty" + row + ""]", true): Modify property of object successfully

2018-06-09 19:48:45 - [MESSAGE][PASSED] - Modify property of object successfully

2018-06-09 19:48:45 - [TEST_STEP][PASSED] - Statement - batchqty = com.kms.katalon.core.webui.keyword.WebUiBuiltInKeywords.getAttribute(batch, "value").trim(): Attribute 'value' of object '' is: '5000'

2018-06-09 19:48:45 - [MESSAGE][PASSED] - Attribute 'value' of object '' is: '5000'

2018-06-09 19:48:45 - [TEST_STEP][PASSED] - Statement - Rqty = 10000: null

2018-06-09 19:48:45 - [TEST_STEP][PASSED] - Statement - out.println("BatchQty : " + batchqty): null

2018-06-09 19:48:45 - [TEST_STEP][PASSED] - Statement - out.println("RQty : " + Rqty): null

2018-06-09 19:48:45 - [TEST_STEP][PASSED] - Statement - If (java.lang.Integer.valueOf(batchqty) >= java.lang.Integer.valueOf(Rqty)): null

2018-06-09 19:48:45 - [TEST_STEP][PASSED] - Statement - Else: null

2018-06-09 19:48:45 - [TEST_STEP][PASSED] - Statement - out.println("Batchqty Is Less Than Rqty"): null

2018-06-09 19:48:45 - [TEST_STEP][PASSED] - Statement - product = new com.kms.katalon.core.testobject.TestObject(): null

2018-06-09 19:48:45 - [TEST_STEP][PASSED] - Statement - product = com.kms.katalon.core.webui.keyword.WebUiBuiltInKeywords.modifyObjectProperty(product, "xpath", "equals", "//*[@id = "fldvendor" + row + ""]", true): Modify property of object successfully

2018-06-09 19:48:45 - [MESSAGE][PASSED] - Modify property of object successfully

2018-06-09 19:48:45 - [TEST_STEP][PASSED] - selectOptionByIndex: All options with index in [9] are selected on object ''

2018-06-09 19:48:45 - [MESSAGE][PASSED] - All options with index in [9] are selected on object ''

2018-06-09 19:48:45 - [TEST_STEP][PASSED] - delay: Delayed 2 second(s)

2018-06-09 19:48:47 - [MESSAGE][PASSED] - Delayed 2 second(s)

2018-06-09 19:48:47 - [TEST_STEP][PASSED] - Statement - batch = new com.kms.katalon.core.testobject.TestObject(): null

2018-06-09 19:48:47 - [TEST_STEP][PASSED] - Statement - batch = com.kms.katalon.core.webui.keyword.WebUiBuiltInKeywords.modifyObjectProperty(batch, "xpath", "equals", "//*[@id = "txtbthqty" + row + ""]", true): Modify property of object successfully

2018-06-09 19:48:47 - [MESSAGE][PASSED] - Modify property of object successfully

2018-06-09 19:48:47 - [TEST_STEP][PASSED] - Statement - batchqty = com.kms.katalon.core.webui.keyword.WebUiBuiltInKeywords.getAttribute(batch, "value").trim(): Attribute 'value' of object '' is: '39000'

2018-06-09 19:48:47 - [MESSAGE][PASSED] - Attribute 'value' of object '' is: '39000'

2018-06-09 19:48:47 - [TEST_STEP][PASSED] - Statement - Rqty = 10000: null

2018-06-09 19:48:47 - [TEST_STEP][PASSED] - Statement - out.println("BatchQty : " + batchqty): null

2018-06-09 19:48:47 - [TEST_STEP][PASSED] - Statement - out.println("RQty : " + Rqty): null

2018-06-09 19:48:47 - [TEST_STEP][PASSED] - Statement - If (java.lang.Integer.valueOf(batchqty) >= java.lang.Integer.valueOf(Rqty)): null

2018-06-09 19:48:47 - [TEST_STEP][PASSED] - Statement - Break: null

2018-06-09 19:48:47 - [TEST_STEP][PASSED] - Statement - batchlength = new com.kms.katalon.core.testobject.TestObject(): null

2018-06-09 19:48:47 - [TEST_STEP][PASSED] - Statement - batchlength = com.kms.katalon.core.webui.keyword.WebUiBuiltInKeywords.modifyObjectProperty(batchlength, "xpath", "equals", "//*[@id = "fldvendor" + row + ""]", true): Modify property of object successfully

2018-06-09 19:48:47 - [MESSAGE][PASSED] - Modify property of object successfully

2018-06-09 19:48:47 - [TEST_STEP][PASSED] - Statement - batchsize = com.kms.katalon.core.webui.keyword.WebUiBuiltInKeywords.getNumberOfTotalOption(batchlength): 10 options of object '' counted

2018-06-09 19:48:47 - [MESSAGE][PASSED] - 10 options of object '' counted

2018-06-09 19:48:47 - [TEST_STEP][PASSED] - Statement - out.println("BatchSize : " + batchsize): null

2018-06-09 19:48:47 - [TEST_STEP][PASSED] - Statement - For ([n = 1, n <= batchsize - 1, (n++)]): null

2018-06-09 19:48:47 - [TEST_STEP][PASSED] - Statement - product = new com.kms.katalon.core.testobject.TestObject(): null

2018-06-09 19:48:48 - [TEST_STEP][PASSED] - Statement - product = com.kms.katalon.core.webui.keyword.WebUiBuiltInKeywords.modifyObjectProperty(product, "xpath", "equals", "//*[@id = "fldvendor" + row + ""]", true): Modify property of object successfully

2018-06-09 19:48:48 - [MESSAGE][PASSED] - Modify property of object successfully

2018-06-09 19:48:48 - [TEST_STEP][PASSED] - selectOptionByIndex: All options with index in [1] are selected on object ''

2018-06-09 19:48:48 - [MESSAGE][PASSED] - All options with index in [1] are selected on object ''

2018-06-09 19:48:48 - [TEST_STEP][PASSED] - delay: Delayed 2 second(s)

2018-06-09 19:48:50 - [MESSAGE][PASSED] - Delayed 2 second(s)

2018-06-09 19:48:50 - [TEST_STEP][PASSED] - Statement - batch = new com.kms.katalon.core.testobject.TestObject(): null

2018-06-09 19:48:50 - [TEST_STEP][PASSED] - Statement - batch = com.kms.katalon.core.webui.keyword.WebUiBuiltInKeywords.modifyObjectProperty(batch, "xpath", "equals", "//*[@id = "txtbthqty" + row + ""]", true): Modify property of object successfully

2018-06-09 19:48:50 - [MESSAGE][PASSED] - Modify property of object successfully

2018-06-09 19:48:50 - [TEST_STEP][PASSED] - Statement - batchqty = com.kms.katalon.core.webui.keyword.WebUiBuiltInKeywords.getAttribute(batch, "value").trim(): Attribute 'value' of object '' is: '38700'

2018-06-09 19:48:50 - [MESSAGE][PASSED] - Attribute 'value' of object '' is: '38700'

2018-06-09 19:48:50 - [TEST_STEP][PASSED] - Statement - Rqty = 10000: null

2018-06-09 19:48:50 - [TEST_STEP][PASSED] - Statement - out.println("BatchQty : " + batchqty): null

2018-06-09 19:48:50 - [TEST_STEP][PASSED] - Statement - out.println("RQty : " + Rqty): null

2018-06-09 19:48:50 - [TEST_STEP][PASSED] - Statement - If (java.lang.Integer.valueOf(batchqty) >= java.lang.Integer.valueOf(Rqty)): null

2018-06-09 19:48:50 - [TEST_STEP][PASSED] - Statement - Break: null

2018-06-09 19:48:50 - [TEST_STEP][PASSED] - Statement - batchlength = new com.kms.katalon.core.testobject.TestObject(): null

2018-06-09 19:48:50 - [TEST_STEP][PASSED] - Statement - batchlength = com.kms.katalon.core.webui.keyword.WebUiBuiltInKeywords.modifyObjectProperty(batchlength, "xpath", "equals", "//*[@id = "fldvendor" + row + ""]", true): Modify property of object successfully

2018-06-09 19:48:50 - [MESSAGE][PASSED] - Modify property of object successfully

2018-06-09 19:48:50 - [TEST_STEP][PASSED] - Statement - batchsize = com.kms.katalon.core.webui.keyword.WebUiBuiltInKeywords.getNumberOfTotalOption(batchlength): 10 options of object '' counted

2018-06-09 19:48:50 - [MESSAGE][PASSED] - 10 options of object '' counted

2018-06-09 19:48:50 - [TEST_STEP][PASSED] - Statement - out.println("BatchSize : " + batchsize): null

2018-06-09 19:48:50 - [TEST_STEP][PASSED] - Statement - For ([n = 1, n <= batchsize - 1, (n++)]): null

2018-06-09 19:48:50 - [TEST_STEP][PASSED] - Statement - product = new com.kms.katalon.core.testobject.TestObject(): null

2018-06-09 19:48:50 - [TEST_STEP][PASSED] - Statement - product = com.kms.katalon.core.webui.keyword.WebUiBuiltInKeywords.modifyObjectProperty(product, "xpath", "equals", "//*[@id = "fldvendor" + row + ""]", true): Modify property of object successfully

2018-06-09 19:48:50 - [MESSAGE][PASSED] - Modify property of object successfully

2018-06-09 19:48:50 - [TEST_STEP][PASSED] - selectOptionByIndex: All options with index in [1] are selected on object ''

2018-06-09 19:48:50 - [MESSAGE][PASSED] - All options with index in [1] are selected on object ''

2018-06-09 19:48:50 - [TEST_STEP][PASSED] - delay: Delayed 2 second(s)

2018-06-09 19:48:52 - [MESSAGE][PASSED] - Delayed 2 second(s)

2018-06-09 19:48:52 - [TEST_STEP][PASSED] - Statement - batch = new com.kms.katalon.core.testobject.TestObject(): null

2018-06-09 19:48:52 - [TEST_STEP][PASSED] - Statement - batch = com.kms.katalon.core.webui.keyword.WebUiBuiltInKeywords.modifyObjectProperty(batch, "xpath", "equals", "//*[@id = "txtbthqty" + row + ""]", true): Modify property of object successfully

2018-06-09 19:48:52 - [MESSAGE][PASSED] - Modify property of object successfully

2018-06-09 19:48:52 - [TEST_STEP][PASSED] - Statement - batchqty = com.kms.katalon.core.webui.keyword.WebUiBuiltInKeywords.getAttribute(batch, "value").trim(): Attribute 'value' of object '' is: '2900'

2018-06-09 19:48:52 - [MESSAGE][PASSED] - Attribute 'value' of object '' is: '2900'

2018-06-09 19:48:52 - [TEST_STEP][PASSED] - Statement - Rqty = 10000: null

2018-06-09 19:48:52 - [TEST_STEP][PASSED] - Statement - out.println("BatchQty : " + batchqty): null

2018-06-09 19:48:52 - [TEST_STEP][PASSED] - Statement - out.println("RQty : " + Rqty): null

2018-06-09 19:48:52 - [TEST_STEP][PASSED] - Statement - If (java.lang.Integer.valueOf(batchqty) >= java.lang.Integer.valueOf(Rqty)): null

2018-06-09 19:48:52 - [TEST_STEP][PASSED] - Statement - Else: null

2018-06-09 19:48:52 - [TEST_STEP][PASSED] - Statement - out.println("Batchqty Is Less Than Rqty"): null

2018-06-09 19:48:52 - [TEST_STEP][PASSED] - Statement - product = new com.kms.katalon.core.testobject.TestObject(): null

2018-06-09 19:48:52 - [TEST_STEP][PASSED] - Statement - product = com.kms.katalon.core.webui.keyword.WebUiBuiltInKeywords.modifyObjectProperty(product, "xpath", "equals", "//*[@id = "fldvendor" + row + ""]", true): Modify property of object successfully

2018-06-09 19:48:52 - [MESSAGE][PASSED] - Modify property of object successfully

2018-06-09 19:48:52 - [TEST_STEP][PASSED] - selectOptionByIndex: All options with index in [2] are selected on object ''

2018-06-09 19:48:52 - [MESSAGE][PASSED] - All options with index in [2] are selected on object ''

2018-06-09 19:48:52 - [TEST_STEP][PASSED] - delay: Delayed 2 second(s)

2018-06-09 19:48:54 - [MESSAGE][PASSED] - Delayed 2 second(s)

2018-06-09 19:48:54 - [TEST_STEP][PASSED] - Statement - batch = new com.kms.katalon.core.testobject.TestObject(): null

2018-06-09 19:48:54 - [TEST_STEP][PASSED] - Statement - batch = com.kms.katalon.core.webui.keyword.WebUiBuiltInKeywords.modifyObjectProperty(batch, "xpath", "equals", "//*[@id = "txtbthqty" + row + ""]", true): Modify property of object successfully

2018-06-09 19:48:54 - [MESSAGE][PASSED] - Modify property of object successfully

2018-06-09 19:48:54 - [TEST_STEP][PASSED] - Statement - batchqty = com.kms.katalon.core.webui.keyword.WebUiBuiltInKeywords.getAttribute(batch, "value").trim(): Attribute 'value' of object '' is: '4800'

2018-06-09 19:48:54 - [MESSAGE][PASSED] - Attribute 'value' of object '' is: '4800'

2018-06-09 19:48:54 - [TEST_STEP][PASSED] - Statement - Rqty = 10000: null

2018-06-09 19:48:54 - [TEST_STEP][PASSED] - Statement - out.println("BatchQty : " + batchqty): null

2018-06-09 19:48:54 - [TEST_STEP][PASSED] - Statement - out.println("RQty : " + Rqty): null

2018-06-09 19:48:54 - [TEST_STEP][PASSED] - Statement - If (java.lang.Integer.valueOf(batchqty) >= java.lang.Integer.valueOf(Rqty)): null

2018-06-09 19:48:54 - [TEST_STEP][PASSED] - Statement - Else: null

2018-06-09 19:48:54 - [TEST_STEP][PASSED] - Statement - out.println("Batchqty Is Less Than Rqty"): null

2018-06-09 19:48:54 - [TEST_STEP][PASSED] - Statement - product = new com.kms.katalon.core.testobject.TestObject(): null

2018-06-09 19:48:54 - [TEST_STEP][PASSED] - Statement - product = com.kms.katalon.core.webui.keyword.WebUiBuiltInKeywords.modifyObjectProperty(product, "xpath", "equals", "//*[@id = "fldvendor" + row + ""]", true): Modify property of object successfully

2018-06-09 19:48:54 - [MESSAGE][PASSED] - Modify property of object successfully

2018-06-09 19:48:54 - [TEST_STEP][PASSED] - selectOptionByIndex: All options with index in [3] are selected on object ''

2018-06-09 19:48:54 - [MESSAGE][PASSED] - All options with index in [3] are selected on object ''

2018-06-09 19:48:54 - [TEST_STEP][PASSED] - delay: Delayed 2 second(s)

2018-06-09 19:48:56 - [MESSAGE][PASSED] - Delayed 2 second(s)

2018-06-09 19:48:56 - [TEST_STEP][PASSED] - Statement - batch = new com.kms.katalon.core.testobject.TestObject(): null

2018-06-09 19:48:56 - [TEST_STEP][PASSED] - Statement - batch = com.kms.katalon.core.webui.keyword.WebUiBuiltInKeywords.modifyObjectProperty(batch, "xpath", "equals", "//*[@id = "txtbthqty" + row + ""]", true): Modify property of object successfully

2018-06-09 19:48:56 - [MESSAGE][PASSED] - Modify property of object successfully

2018-06-09 19:48:56 - [TEST_STEP][PASSED] - Statement - batchqty = com.kms.katalon.core.webui.keyword.WebUiBuiltInKeywords.getAttribute(batch, "value").trim(): Attribute 'value' of object '' is: '5000'

2018-06-09 19:48:56 - [MESSAGE][PASSED] - Attribute 'value' of object '' is: '5000'

2018-06-09 19:48:56 - [TEST_STEP][PASSED] - Statement - Rqty = 10000: null

2018-06-09 19:48:56 - [TEST_STEP][PASSED] - Statement - out.println("BatchQty : " + batchqty): null

2018-06-09 19:48:56 - [TEST_STEP][PASSED] - Statement - out.println("RQty : " + Rqty): null

2018-06-09 19:48:56 - [TEST_STEP][PASSED] - Statement - If (java.lang.Integer.valueOf(batchqty) >= java.lang.Integer.valueOf(Rqty)): null

2018-06-09 19:48:56 - [TEST_STEP][PASSED] - Statement - Else: null

2018-06-09 19:48:56 - [TEST_STEP][PASSED] - Statement - out.println("Batchqty Is Less Than Rqty"): null

2018-06-09 19:48:56 - [TEST_STEP][PASSED] - Statement - product = new com.kms.katalon.core.testobject.TestObject(): null

2018-06-09 19:48:56 - [TEST_STEP][PASSED] - Statement - product = com.kms.katalon.core.webui.keyword.WebUiBuiltInKeywords.modifyObjectProperty(product, "xpath", "equals", "//*[@id = "fldvendor" + row + ""]", true): Modify property of object successfully

2018-06-09 19:48:56 - [MESSAGE][PASSED] - Modify property of object successfully

2018-06-09 19:48:56 - [TEST_STEP][PASSED] - selectOptionByIndex: All options with index in [4] are selected on object ''

2018-06-09 19:48:56 - [MESSAGE][PASSED] - All options with index in [4] are selected on object ''

2018-06-09 19:48:56 - [TEST_STEP][PASSED] - delay: Delayed 2 second(s)

2018-06-09 19:48:58 - [MESSAGE][PASSED] - Delayed 2 second(s)

2018-06-09 19:48:58 - [TEST_STEP][PASSED] - Statement - batch = new com.kms.katalon.core.testobject.TestObject(): null

2018-06-09 19:48:58 - [TEST_STEP][PASSED] - Statement - batch = com.kms.katalon.core.webui.keyword.WebUiBuiltInKeywords.modifyObjectProperty(batch, "xpath", "equals", "//*[@id = "txtbthqty" + row + ""]", true): Modify property of object successfully

2018-06-09 19:48:58 - [MESSAGE][PASSED] - Modify property of object successfully

2018-06-09 19:48:58 - [TEST_STEP][PASSED] - Statement - batchqty = com.kms.katalon.core.webui.keyword.WebUiBuiltInKeywords.getAttribute(batch, "value").trim(): Attribute 'value' of object '' is: '5000'

2018-06-09 19:48:58 - [MESSAGE][PASSED] - Attribute 'value' of object '' is: '5000'

2018-06-09 19:48:58 - [TEST_STEP][PASSED] - Statement - Rqty = 10000: null

2018-06-09 19:48:58 - [TEST_STEP][PASSED] - Statement - out.println("BatchQty : " + batchqty): null

2018-06-09 19:48:58 - [TEST_STEP][PASSED] - Statement - out.println("RQty : " + Rqty): null

2018-06-09 19:48:58 - [TEST_STEP][PASSED] - Statement - If (java.lang.Integer.valueOf(batchqty) >= java.lang.Integer.valueOf(Rqty)): null

2018-06-09 19:48:58 - [TEST_STEP][PASSED] - Statement - Else: null

2018-06-09 19:48:58 - [TEST_STEP][PASSED] - Statement - out.println("Batchqty Is Less Than Rqty"): null

2018-06-09 19:48:58 - [TEST_STEP][PASSED] - Statement - product = new com.kms.katalon.core.testobject.TestObject(): null

2018-06-09 19:48:58 - [TEST_STEP][PASSED] - Statement - product = com.kms.katalon.core.webui.keyword.WebUiBuiltInKeywords.modifyObjectProperty(product, "xpath", "equals", "//*[@id = "fldvendor" + row + ""]", true): Modify property of object successfully

2018-06-09 19:48:58 - [MESSAGE][PASSED] - Modify property of object successfully

2018-06-09 19:48:58 - [TEST_STEP][PASSED] - selectOptionByIndex: All options with index in [5] are selected on object ''

2018-06-09 19:48:59 - [MESSAGE][PASSED] - All options with index in [5] are selected on object ''

2018-06-09 19:48:59 - [TEST_STEP][PASSED] - delay: Delayed 2 second(s)

2018-06-09 19:49:01 - [MESSAGE][PASSED] - Delayed 2 second(s)

2018-06-09 19:49:01 - [TEST_STEP][PASSED] - Statement - batch = new com.kms.katalon.core.testobject.TestObject(): null

2018-06-09 19:49:01 - [TEST_STEP][PASSED] - Statement - batch = com.kms.katalon.core.webui.keyword.WebUiBuiltInKeywords.modifyObjectProperty(batch, "xpath", "equals", "//*[@id = "txtbthqty" + row + ""]", true): Modify property of object successfully

2018-06-09 19:49:01 - [MESSAGE][PASSED] - Modify property of object successfully

2018-06-09 19:49:01 - [TEST_STEP][PASSED] - Statement - batchqty = com.kms.katalon.core.webui.keyword.WebUiBuiltInKeywords.getAttribute(batch, "value").trim(): Attribute 'value' of object '' is: '5000'

2018-06-09 19:49:01 - [MESSAGE][PASSED] - Attribute 'value' of object '' is: '5000'

2018-06-09 19:49:01 - [TEST_STEP][PASSED] - Statement - Rqty = 10000: null

2018-06-09 19:49:01 - [TEST_STEP][PASSED] - Statement - out.println("BatchQty : " + batchqty): null

2018-06-09 19:49:01 - [TEST_STEP][PASSED] - Statement - out.println("RQty : " + Rqty): null

2018-06-09 19:49:01 - [TEST_STEP][PASSED] - Statement - If (java.lang.Integer.valueOf(batchqty) >= java.lang.Integer.valueOf(Rqty)): null

2018-06-09 19:49:01 - [TEST_STEP][PASSED] - Statement - Else: null

2018-06-09 19:49:01 - [TEST_STEP][PASSED] - Statement - out.println("Batchqty Is Less Than Rqty"): null

2018-06-09 19:49:01 - [TEST_STEP][PASSED] - Statement - product = new com.kms.katalon.core.testobject.TestObject(): null

2018-06-09 19:49:01 - [TEST_STEP][PASSED] - Statement - product = com.kms.katalon.core.webui.keyword.WebUiBuiltInKeywords.modifyObjectProperty(product, "xpath", "equals", "//*[@id = "fldvendor" + row + ""]", true): Modify property of object successfully

2018-06-09 19:49:01 - [MESSAGE][PASSED] - Modify property of object successfully

2018-06-09 19:49:01 - [TEST_STEP][PASSED] - selectOptionByIndex: All options with index in [6] are selected on object ''

2018-06-09 19:49:01 - [MESSAGE][PASSED] - All options with index in [6] are selected on object ''

2018-06-09 19:49:01 - [TEST_STEP][PASSED] - delay: Delayed 2 second(s)

2018-06-09 19:49:03 - [MESSAGE][PASSED] - Delayed 2 second(s)

2018-06-09 19:49:03 - [TEST_STEP][PASSED] - Statement - batch = new com.kms.katalon.core.testobject.TestObject(): null

2018-06-09 19:49:03 - [TEST_STEP][PASSED] - Statement - batch = com.kms.katalon.core.webui.keyword.WebUiBuiltInKeywords.modifyObjectProperty(batch, "xpath", "equals", "//*[@id = "txtbthqty" + row + ""]", true): Modify property of object successfully

2018-06-09 19:49:03 - [MESSAGE][PASSED] - Modify property of object successfully

2018-06-09 19:49:03 - [TEST_STEP][PASSED] - Statement - batchqty = com.kms.katalon.core.webui.keyword.WebUiBuiltInKeywords.getAttribute(batch, "value").trim(): Attribute 'value' of object '' is: '5000'

2018-06-09 19:49:03 - [MESSAGE][PASSED] - Attribute 'value' of object '' is: '5000'

2018-06-09 19:49:03 - [TEST_STEP][PASSED] - Statement - Rqty = 10000: null

2018-06-09 19:49:03 - [TEST_STEP][PASSED] - Statement - out.println("BatchQty : " + batchqty): null

2018-06-09 19:49:03 - [TEST_STEP][PASSED] - Statement - out.println("RQty : " + Rqty): null

2018-06-09 19:49:03 - [TEST_STEP][PASSED] - Statement - If (java.lang.Integer.valueOf(batchqty) >= java.lang.Integer.valueOf(Rqty)): null

2018-06-09 19:49:03 - [TEST_STEP][PASSED] - Statement - Else: null

2018-06-09 19:49:03 - [TEST_STEP][PASSED] - Statement - out.println("Batchqty Is Less Than Rqty"): null

2018-06-09 19:49:03 - [TEST_STEP][PASSED] - Statement - product = new com.kms.katalon.core.testobject.TestObject(): null

2018-06-09 19:49:03 - [TEST_STEP][PASSED] - Statement - product = com.kms.katalon.core.webui.keyword.WebUiBuiltInKeywords.modifyObjectProperty(product, "xpath", "equals", "//*[@id = "fldvendor" + row + ""]", true): Modify property of object successfully

2018-06-09 19:49:03 - [MESSAGE][PASSED] - Modify property of object successfully

2018-06-09 19:49:03 - [TEST_STEP][PASSED] - selectOptionByIndex: All options with index in [7] are selected on object ''

2018-06-09 19:49:03 - [MESSAGE][PASSED] - All options with index in [7] are selected on object ''

2018-06-09 19:49:03 - [TEST_STEP][PASSED] - delay: Delayed 2 second(s)

2018-06-09 19:49:05 - [MESSAGE][PASSED] - Delayed 2 second(s)

2018-06-09 19:49:05 - [TEST_STEP][PASSED] - Statement - batch = new com.kms.katalon.core.testobject.TestObject(): null

2018-06-09 19:49:05 - [TEST_STEP][PASSED] - Statement - batch = com.kms.katalon.core.webui.keyword.WebUiBuiltInKeywords.modifyObjectProperty(batch, "xpath", "equals", "//*[@id = "txtbthqty" + row + ""]", true): Modify property of object successfully

2018-06-09 19:49:05 - [MESSAGE][PASSED] - Modify property of object successfully

2018-06-09 19:49:05 - [TEST_STEP][PASSED] - Statement - batchqty = com.kms.katalon.core.webui.keyword.WebUiBuiltInKeywords.getAttribute(batch, "value").trim(): Attribute 'value' of object '' is: '39000'

2018-06-09 19:49:05 - [MESSAGE][PASSED] - Attribute 'value' of object '' is: '39000'

2018-06-09 19:49:05 - [TEST_STEP][PASSED] - Statement - Rqty = 10000: null

2018-06-09 19:49:05 - [TEST_STEP][PASSED] - Statement - out.println("BatchQty : " + batchqty): null

2018-06-09 19:49:05 - [TEST_STEP][PASSED] - Statement - out.println("RQty : " + Rqty): null

2018-06-09 19:49:05 - [TEST_STEP][PASSED] - Statement - If (java.lang.Integer.valueOf(batchqty) >= java.lang.Integer.valueOf(Rqty)): null

2018-06-09 19:49:05 - [TEST_STEP][PASSED] - Statement - Break: null

2018-06-09 19:49:05 - [TEST_STEP][PASSED] - Statement - batchlength = new com.kms.katalon.core.testobject.TestObject(): null

2018-06-09 19:49:05 - [TEST_STEP][PASSED] - Statement - batchlength = com.kms.katalon.core.webui.keyword.WebUiBuiltInKeywords.modifyObjectProperty(batchlength, "xpath", "equals", "//*[@id = "fldvendor" + row + ""]", true): Modify property of object successfully

2018-06-09 19:49:05 - [MESSAGE][PASSED] - Modify property of object successfully

2018-06-09 19:49:05 - [TEST_STEP][PASSED] - Statement - batchsize = com.kms.katalon.core.webui.keyword.WebUiBuiltInKeywords.getNumberOfTotalOption(batchlength): 9 options of object '' counted

2018-06-09 19:49:05 - [MESSAGE][PASSED] - 9 options of object '' counted

2018-06-09 19:49:05 - [TEST_STEP][PASSED] - Statement - out.println("BatchSize : " + batchsize): null

2018-06-09 19:49:05 - [TEST_STEP][PASSED] - Statement - For ([n = 1, n <= batchsize - 1, (n++)]): null

2018-06-09 19:49:05 - [TEST_STEP][PASSED] - Statement - product = new com.kms.katalon.core.testobject.TestObject(): null

2018-06-09 19:49:05 - [TEST_STEP][PASSED] - Statement - product = com.kms.katalon.core.webui.keyword.WebUiBuiltInKeywords.modifyObjectProperty(product, "xpath", "equals", "//*[@id = "fldvendor" + row + ""]", true): Modify property of object successfully

2018-06-09 19:49:05 - [MESSAGE][PASSED] - Modify property of object successfully

2018-06-09 19:49:05 - [TEST_STEP][PASSED] - selectOptionByIndex: All options with index in [1] are selected on object ''

2018-06-09 19:49:05 - [MESSAGE][PASSED] - All options with index in [1] are selected on object ''

2018-06-09 19:49:05 - [TEST_STEP][PASSED] - delay: Delayed 2 second(s)

2018-06-09 19:49:07 - [MESSAGE][PASSED] - Delayed 2 second(s)

2018-06-09 19:49:07 - [TEST_STEP][PASSED] - Statement - batch = new com.kms.katalon.core.testobject.TestObject(): null

2018-06-09 19:49:07 - [TEST_STEP][PASSED] - Statement - batch = com.kms.katalon.core.webui.keyword.WebUiBuiltInKeywords.modifyObjectProperty(batch, "xpath", "equals", "//*[@id = "txtbthqty" + row + ""]", true): Modify property of object successfully

2018-06-09 19:49:07 - [MESSAGE][PASSED] - Modify property of object successfully

2018-06-09 19:49:07 - [TEST_STEP][PASSED] - Statement - batchqty = com.kms.katalon.core.webui.keyword.WebUiBuiltInKeywords.getAttribute(batch, "value").trim(): Attribute 'value' of object '' is: '4300'

2018-06-09 19:49:07 - [MESSAGE][PASSED] - Attribute 'value' of object '' is: '4300'

2018-06-09 19:49:07 - [TEST_STEP][PASSED] - Statement - Rqty = 10000: null

2018-06-09 19:49:07 - [TEST_STEP][PASSED] - Statement - out.println("BatchQty : " + batchqty): null

2018-06-09 19:49:07 - [TEST_STEP][PASSED] - Statement - out.println("RQty : " + Rqty): null

2018-06-09 19:49:07 - [TEST_STEP][PASSED] - Statement - If (java.lang.Integer.valueOf(batchqty) >= java.lang.Integer.valueOf(Rqty)): null

2018-06-09 19:49:07 - [TEST_STEP][PASSED] - Statement - Else: null

2018-06-09 19:49:07 - [TEST_STEP][PASSED] - Statement - out.println("Batchqty Is Less Than Rqty"): null

2018-06-09 19:49:07 - [TEST_STEP][PASSED] - Statement - product = new com.kms.katalon.core.testobject.TestObject(): null

2018-06-09 19:49:07 - [TEST_STEP][PASSED] - Statement - product = com.kms.katalon.core.webui.keyword.WebUiBuiltInKeywords.modifyObjectProperty(product, "xpath", "equals", "//*[@id = "fldvendor" + row + ""]", true): Modify property of object successfully

2018-06-09 19:49:07 - [MESSAGE][PASSED] - Modify property of object successfully

2018-06-09 19:49:07 - [TEST_STEP][PASSED] - selectOptionByIndex: All options with index in [2] are selected on object ''

2018-06-09 19:49:07 - [MESSAGE][PASSED] - All options with index in [2] are selected on object ''

2018-06-09 19:49:07 - [TEST_STEP][PASSED] - delay: Delayed 2 second(s)

2018-06-09 19:49:09 - [MESSAGE][PASSED] - Delayed 2 second(s)

2018-06-09 19:49:09 - [TEST_STEP][PASSED] - Statement - batch = new com.kms.katalon.core.testobject.TestObject(): null

2018-06-09 19:49:09 - [TEST_STEP][PASSED] - Statement - batch = com.kms.katalon.core.webui.keyword.WebUiBuiltInKeywords.modifyObjectProperty(batch, "xpath", "equals", "//*[@id = "txtbthqty" + row + ""]", true): Modify property of object successfully

2018-06-09 19:49:09 - [MESSAGE][PASSED] - Modify property of object successfully

2018-06-09 19:49:09 - [TEST_STEP][PASSED] - Statement - batchqty = com.kms.katalon.core.webui.keyword.WebUiBuiltInKeywords.getAttribute(batch, "value").trim(): Attribute 'value' of object '' is: '3400'

2018-06-09 19:49:09 - [MESSAGE][PASSED] - Attribute 'value' of object '' is: '3400'

2018-06-09 19:49:09 - [TEST_STEP][PASSED] - Statement - Rqty = 10000: null

2018-06-09 19:49:09 - [TEST_STEP][PASSED] - Statement - out.println("BatchQty : " + batchqty): null

2018-06-09 19:49:09 - [TEST_STEP][PASSED] - Statement - out.println("RQty : " + Rqty): null

2018-06-09 19:49:09 - [TEST_STEP][PASSED] - Statement - If (java.lang.Integer.valueOf(batchqty) >= java.lang.Integer.valueOf(Rqty)): null

2018-06-09 19:49:09 - [TEST_STEP][PASSED] - Statement - Else: null

2018-06-09 19:49:09 - [TEST_STEP][PASSED] - Statement - out.println("Batchqty Is Less Than Rqty"): null

2018-06-09 19:49:09 - [TEST_STEP][PASSED] - Statement - product = new com.kms.katalon.core.testobject.TestObject(): null

2018-06-09 19:49:09 - [TEST_STEP][PASSED] - Statement - product = com.kms.katalon.core.webui.keyword.WebUiBuiltInKeywords.modifyObjectProperty(product, "xpath", "equals", "//*[@id = "fldvendor" + row + ""]", true): Modify property of object successfully

2018-06-09 19:49:09 - [MESSAGE][PASSED] - Modify property of object successfully

2018-06-09 19:49:09 - [TEST_STEP][PASSED] - selectOptionByIndex: All options with index in [3] are selected on object ''

2018-06-09 19:49:10 - [MESSAGE][PASSED] - All options with index in [3] are selected on object ''

2018-06-09 19:49:10 - [TEST_STEP][PASSED] - delay: Delayed 2 second(s)

2018-06-09 19:49:12 - [MESSAGE][PASSED] - Delayed 2 second(s)

2018-06-09 19:49:12 - [TEST_STEP][PASSED] - Statement - batch = new com.kms.katalon.core.testobject.TestObject(): null

2018-06-09 19:49:12 - [TEST_STEP][PASSED] - Statement - batch = com.kms.katalon.core.webui.keyword.WebUiBuiltInKeywords.modifyObjectProperty(batch, "xpath", "equals", "//*[@id = "txtbthqty" + row + ""]", true): Modify property of object successfully

2018-06-09 19:49:12 - [MESSAGE][PASSED] - Modify property of object successfully

2018-06-09 19:49:12 - [TEST_STEP][PASSED] - Statement - batchqty = com.kms.katalon.core.webui.keyword.WebUiBuiltInKeywords.getAttribute(batch, "value").trim(): Attribute 'value' of object '' is: '5000'

2018-06-09 19:49:12 - [MESSAGE][PASSED] - Attribute 'value' of object '' is: '5000'

2018-06-09 19:49:12 - [TEST_STEP][PASSED] - Statement - Rqty = 10000: null

2018-06-09 19:49:12 - [TEST_STEP][PASSED] - Statement - out.println("BatchQty : " + batchqty): null

2018-06-09 19:49:12 - [TEST_STEP][PASSED] - Statement - out.println("RQty : " + Rqty): null

2018-06-09 19:49:12 - [TEST_STEP][PASSED] - Statement - If (java.lang.Integer.valueOf(batchqty) >= java.lang.Integer.valueOf(Rqty)): null

2018-06-09 19:49:12 - [TEST_STEP][PASSED] - Statement - Else: null

2018-06-09 19:49:12 - [TEST_STEP][PASSED] - Statement - out.println("Batchqty Is Less Than Rqty"): null

2018-06-09 19:49:12 - [TEST_STEP][PASSED] - Statement - product = new com.kms.katalon.core.testobject.TestObject(): null

2018-06-09 19:49:12 - [TEST_STEP][PASSED] - Statement - product = com.kms.katalon.core.webui.keyword.WebUiBuiltInKeywords.modifyObjectProperty(product, "xpath", "equals", "//*[@id = "fldvendor" + row + ""]", true): Modify property of object successfully

2018-06-09 19:49:12 - [MESSAGE][PASSED] - Modify property of object successfully

2018-06-09 19:49:12 - [TEST_STEP][PASSED] - selectOptionByIndex: All options with index in [4] are selected on object ''

2018-06-09 19:49:12 - [MESSAGE][PASSED] - All options with index in [4] are selected on object ''

2018-06-09 19:49:12 - [TEST_STEP][PASSED] - delay: Delayed 2 second(s)

2018-06-09 19:49:14 - [MESSAGE][PASSED] - Delayed 2 second(s)

2018-06-09 19:49:14 - [TEST_STEP][PASSED] - Statement - batch = new com.kms.katalon.core.testobject.TestObject(): null

2018-06-09 19:49:14 - [TEST_STEP][PASSED] - Statement - batch = com.kms.katalon.core.webui.keyword.WebUiBuiltInKeywords.modifyObjectProperty(batch, "xpath", "equals", "//*[@id = "txtbthqty" + row + ""]", true): Modify property of object successfully

2018-06-09 19:49:14 - [MESSAGE][PASSED] - Modify property of object successfully

2018-06-09 19:49:14 - [TEST_STEP][PASSED] - Statement - batchqty = com.kms.katalon.core.webui.keyword.WebUiBuiltInKeywords.getAttribute(batch, "value").trim(): Attribute 'value' of object '' is: '5000'

2018-06-09 19:49:14 - [MESSAGE][PASSED] - Attribute 'value' of object '' is: '5000'

2018-06-09 19:49:14 - [TEST_STEP][PASSED] - Statement - Rqty = 10000: null

2018-06-09 19:49:14 - [TEST_STEP][PASSED] - Statement - out.println("BatchQty : " + batchqty): null

2018-06-09 19:49:14 - [TEST_STEP][PASSED] - Statement - out.println("RQty : " + Rqty): null

2018-06-09 19:49:14 - [TEST_STEP][PASSED] - Statement - If (java.lang.Integer.valueOf(batchqty) >= java.lang.Integer.valueOf(Rqty)): null

2018-06-09 19:49:14 - [TEST_STEP][PASSED] - Statement - Else: null

2018-06-09 19:49:14 - [TEST_STEP][PASSED] - Statement - out.println("Batchqty Is Less Than Rqty"): null

2018-06-09 19:49:14 - [TEST_STEP][PASSED] - Statement - product = new com.kms.katalon.core.testobject.TestObject(): null

2018-06-09 19:49:14 - [TEST_STEP][PASSED] - Statement - product = com.kms.katalon.core.webui.keyword.WebUiBuiltInKeywords.modifyObjectProperty(product, "xpath", "equals", "//*[@id = "fldvendor" + row + ""]", true): Modify property of object successfully

2018-06-09 19:49:14 - [MESSAGE][PASSED] - Modify property of object successfully

2018-06-09 19:49:14 - [TEST_STEP][PASSED] - selectOptionByIndex: All options with index in [5] are selected on object ''

2018-06-09 19:49:14 - [MESSAGE][PASSED] - All options with index in [5] are selected on object ''

2018-06-09 19:49:14 - [TEST_STEP][PASSED] - delay: Delayed 2 second(s)

2018-06-09 19:49:16 - [MESSAGE][PASSED] - Delayed 2 second(s)

2018-06-09 19:49:16 - [TEST_STEP][PASSED] - Statement - batch = new com.kms.katalon.core.testobject.TestObject(): null

2018-06-09 19:49:16 - [TEST_STEP][PASSED] - Statement - batch = com.kms.katalon.core.webui.keyword.WebUiBuiltInKeywords.modifyObjectProperty(batch, "xpath", "equals", "//*[@id = "txtbthqty" + row + ""]", true): Modify property of object successfully

2018-06-09 19:49:16 - [MESSAGE][PASSED] - Modify property of object successfully

2018-06-09 19:49:16 - [TEST_STEP][PASSED] - Statement - batchqty = com.kms.katalon.core.webui.keyword.WebUiBuiltInKeywords.getAttribute(batch, "value").trim(): Attribute 'value' of object '' is: '39000'

2018-06-09 19:49:16 - [MESSAGE][PASSED] - Attribute 'value' of object '' is: '39000'

2018-06-09 19:49:16 - [TEST_STEP][PASSED] - Statement - Rqty = 10000: null

2018-06-09 19:49:16 - [TEST_STEP][PASSED] - Statement - out.println("BatchQty : " + batchqty): null

2018-06-09 19:49:16 - [TEST_STEP][PASSED] - Statement - out.println("RQty : " + Rqty): null

2018-06-09 19:49:16 - [TEST_STEP][PASSED] - Statement - If (java.lang.Integer.valueOf(batchqty) >= java.lang.Integer.valueOf(Rqty)): null

2018-06-09 19:49:16 - [TEST_STEP][PASSED] - Statement - Break: null

2018-06-09 19:49:16 - [TEST_STEP][PASSED] - Statement - batchlength = new com.kms.katalon.core.testobject.TestObject(): null

2018-06-09 19:49:16 - [TEST_STEP][PASSED] - Statement - batchlength = com.kms.katalon.core.webui.keyword.WebUiBuiltInKeywords.modifyObjectProperty(batchlength, "xpath", "equals", "//*[@id = "fldvendor" + row + ""]", true): Modify property of object successfully

2018-06-09 19:49:16 - [MESSAGE][PASSED] - Modify property of object successfully

2018-06-09 19:49:16 - [TEST_STEP][PASSED] - Statement - batchsize = com.kms.katalon.core.webui.keyword.WebUiBuiltInKeywords.getNumberOfTotalOption(batchlength): 10 options of object '' counted

2018-06-09 19:49:16 - [MESSAGE][PASSED] - 10 options of object '' counted

2018-06-09 19:49:16 - [TEST_STEP][PASSED] - Statement - out.println("BatchSize : " + batchsize): null

2018-06-09 19:49:16 - [TEST_STEP][PASSED] - Statement - For ([n = 1, n <= batchsize - 1, (n++)]): null

2018-06-09 19:49:16 - [TEST_STEP][PASSED] - Statement - product = new com.kms.katalon.core.testobject.TestObject(): null

2018-06-09 19:49:16 - [TEST_STEP][PASSED] - Statement - product = com.kms.katalon.core.webui.keyword.WebUiBuiltInKeywords.modifyObjectProperty(product, "xpath", "equals", "//*[@id = "fldvendor" + row + ""]", true): Modify property of object successfully

2018-06-09 19:49:16 - [MESSAGE][PASSED] - Modify property of object successfully

2018-06-09 19:49:16 - [TEST_STEP][PASSED] - selectOptionByIndex: All options with index in [1] are selected on object ''

2018-06-09 19:49:16 - [MESSAGE][PASSED] - All options with index in [1] are selected on object ''

2018-06-09 19:49:16 - [TEST_STEP][PASSED] - delay: Delayed 2 second(s)

2018-06-09 19:49:18 - [MESSAGE][PASSED] - Delayed 2 second(s)

2018-06-09 19:49:18 - [TEST_STEP][PASSED] - Statement - batch = new com.kms.katalon.core.testobject.TestObject(): null

2018-06-09 19:49:18 - [TEST_STEP][PASSED] - Statement - batch = com.kms.katalon.core.webui.keyword.WebUiBuiltInKeywords.modifyObjectProperty(batch, "xpath", "equals", "//*[@id = "txtbthqty" + row + ""]", true): Modify property of object successfully

2018-06-09 19:49:18 - [MESSAGE][PASSED] - Modify property of object successfully

2018-06-09 19:49:18 - [TEST_STEP][PASSED] - Statement - batchqty = com.kms.katalon.core.webui.keyword.WebUiBuiltInKeywords.getAttribute(batch, "value").trim(): Attribute 'value' of object '' is: '33700'

2018-06-09 19:49:18 - [MESSAGE][PASSED] - Attribute 'value' of object '' is: '33700'

2018-06-09 19:49:18 - [TEST_STEP][PASSED] - Statement - Rqty = 10000: null

2018-06-09 19:49:18 - [TEST_STEP][PASSED] - Statement - out.println("BatchQty : " + batchqty): null

2018-06-09 19:49:18 - [TEST_STEP][PASSED] - Statement - out.println("RQty : " + Rqty): null

2018-06-09 19:49:18 - [TEST_STEP][PASSED] - Statement - If (java.lang.Integer.valueOf(batchqty) >= java.lang.Integer.valueOf(Rqty)): null

2018-06-09 19:49:18 - [TEST_STEP][PASSED] - Statement - Break: null

2018-06-09 19:49:18 - [TEST_STEP][PASSED] - click: Object: 'Object Repository/store Request Schedule 1/Page_KDMC - CMS/input_btndispatch' is clicked on

2018-06-09 19:49:18 - [MESSAGE][PASSED] - Object: 'Object Repository/store Request Schedule 1/Page_KDMC - CMS/input_btndispatch' is clicked on

2018-06-09 19:49:18 - [TEST_STEP][PASSED] - waitForElementVisible: Object 'Object Repository/store Request Schedule 1/Page_KDMC - CMS/button_OK' is visible

2018-06-09 19:49:19 - [MESSAGE][PASSED] - Object 'Object Repository/store Request Schedule 1/Page_KDMC - CMS/button_OK' is visible

2018-06-09 19:49:19 - [TEST_STEP][PASSED] - click: Object: 'Object Repository/store Request Schedule 1/Page_KDMC - CMS/button_OK' is clicked on

2018-06-09 19:49:20 - [MESSAGE][PASSED] - Object: 'Object Repository/store Request Schedule 1/Page_KDMC - CMS/button_OK' is clicked on

2018-06-09 19:49:20 - [TEST_STEP][PASSED] - delay: Delayed 3 second(s)

2018-06-09 19:49:23 - [MESSAGE][PASSED] - Delayed 3 second(s)

2018-06-09 19:49:23 - [TEST_STEP][PASSED] - click: Object: 'Object Repository/store Request Schedule 1/Page_KDMC - CMS/a_dropdown-toggle' is clicked on

2018-06-09 19:49:23 - [MESSAGE][PASSED] - Object: 'Object Repository/store Request Schedule 1/Page_KDMC - CMS/a_dropdown-toggle' is clicked on

2018-06-09 19:49:23 - [TEST_STEP][PASSED] - click: Object: 'Object Repository/store Request Schedule 1/Page_KDMC - CMS/a_Sign out' is clicked on

2018-06-09 19:49:23 - [MESSAGE][PASSED] - Object: 'Object Repository/store Request Schedule 1/Page_KDMC - CMS/a_Sign out' is clicked on

2018-06-09 19:49:23 - [TEST_STEP][PASSED] - delay: Delayed 3 second(s)

2018-06-09 19:49:26 - [MESSAGE][PASSED] - Delayed 3 second(s)

2018-06-09 19:49:26 - [TEST_STEP][PASSED] - click: Object: 'Object Repository/Store Request Schedule 1/Page_KDMC/a_Divisional Store' is clicked on

2018-06-09 19:49:27 - [MESSAGE][PASSED] - Object: 'Object Repository/Store Request Schedule 1/Page_KDMC/a_Divisional Store' is clicked on

2018-06-09 19:49:27 - [TEST_STEP][PASSED] - setText: Text 'ragu' is set on object 'Object Repository/Store Request Schedule 1/Page_Divisonal Store Login/input_txtusername'

2018-06-09 19:49:27 - [MESSAGE][PASSED] - Text 'ragu' is set on object 'Object Repository/Store Request Schedule 1/Page_Divisonal Store Login/input_txtusername'

2018-06-09 19:49:27 - [TEST_STEP][PASSED] - setText: Text '123' is set on object 'Object Repository/Store Request Schedule 1/Page_Divisonal Store Login/input_txtpassword'

2018-06-09 19:49:27 - [MESSAGE][PASSED] - Text '123' is set on object 'Object Repository/Store Request Schedule 1/Page_Divisonal Store Login/input_txtpassword'

2018-06-09 19:49:27 - [TEST_STEP][PASSED] - delay: Delayed 3 second(s)

2018-06-09 19:49:30 - [MESSAGE][PASSED] - Delayed 3 second(s)

2018-06-09 19:49:30 - [TEST_STEP][PASSED] - click: Object: 'Object Repository/Store Request Schedule 1/Page_Divisonal Store Login/button_Sign in' is clicked on

2018-06-09 19:49:32 - [MESSAGE][PASSED] - Object: 'Object Repository/Store Request Schedule 1/Page_Divisonal Store Login/button_Sign in' is clicked on

2018-06-09 19:49:32 - [TEST_STEP][PASSED] - delay: Delayed 3 second(s)

2018-06-09 19:49:35 - [MESSAGE][PASSED] - Delayed 3 second(s)

2018-06-09 19:49:35 - [TEST_STEP][PASSED] - click: Object: 'Object Repository/Store Request Schedule 1/Page_Store/a_CMS' is clicked on

2018-06-09 19:49:35 - [MESSAGE][PASSED] - Object: 'Object Repository/Store Request Schedule 1/Page_Store/a_CMS' is clicked on

2018-06-09 19:49:35 - [TEST_STEP][PASSED] - delay: Delayed 2 second(s)

2018-06-09 19:49:37 - [MESSAGE][PASSED] - Delayed 2 second(s)

2018-06-09 19:49:37 - [TEST_STEP][PASSED] - click: Object: 'Object Repository/Store Request Schedule 1/Page_Store/a_Receiving Goods' is clicked on

2018-06-09 19:49:38 - [MESSAGE][PASSED] - Object: 'Object Repository/Store Request Schedule 1/Page_Store/a_Receiving Goods' is clicked on

2018-06-09 19:49:38 - [TEST_STEP][PASSED] - setText: Text 'PRNO/09062018/719' is set on object 'Object Repository/Store Request Schedule 1/Page_Store/input'

2018-06-09 19:49:38 - [MESSAGE][PASSED] - Text 'PRNO/09062018/719' is set on object 'Object Repository/Store Request Schedule 1/Page_Store/input'

2018-06-09 19:49:38 - [TEST_STEP][PASSED] - click: Object: 'Object Repository/Store Request Schedule 1/Page_Store/input_btn btn-primary' is clicked on

2018-06-09 19:49:38 - [MESSAGE][PASSED] - Object: 'Object Repository/Store Request Schedule 1/Page_Store/input_btn btn-primary' is clicked on

2018-06-09 19:49:38 - [TEST_STEP][PASSED] - delay: Delayed 2 second(s)

2018-06-09 19:49:40 - [MESSAGE][PASSED] - Delayed 2 second(s)

2018-06-09 19:49:40 - [TEST_STEP][PASSED] - click: Object: 'Object Repository/Store Request Schedule 1/Page_Store/input_chkrem' is clicked on

2018-06-09 19:49:40 - [MESSAGE][PASSED] - Object: 'Object Repository/Store Request Schedule 1/Page_Store/input_chkrem' is clicked on

2018-06-09 19:49:40 - [TEST_STEP][PASSED] - scrollToElement: Scroll to object 'Object Repository/Store Request Schedule 1/Page_Store/input_btchkroqadd' successfully

2018-06-09 19:49:40 - [MESSAGE][PASSED] - Scroll to object 'Object Repository/Store Request Schedule 1/Page_Store/input_btchkroqadd' successfully

2018-06-09 19:49:40 - [TEST_STEP][PASSED] - click: Object: 'Object Repository/Store Request Schedule 1/Page_Store/input_btchkroqadd' is clicked on

2018-06-09 19:49:40 - [MESSAGE][PASSED] - Object: 'Object Repository/Store Request Schedule 1/Page_Store/input_btchkroqadd' is clicked on

2018-06-09 19:49:40 - [TEST_STEP][PASSED] - delay: Delayed 2 second(s)

2018-06-09 19:49:42 - [MESSAGE][PASSED] - Delayed 2 second(s)

2018-06-09 19:49:42 - [TEST_STEP][PASSED] - refresh: Refresh successfully

2018-06-09 19:49:43 - [MESSAGE][PASSED] - Refresh successfully

2018-06-09 19:49:43 - [TEST_STEP][PASSED] - delay: Delayed 3 second(s)

2018-06-09 19:49:46 - [MESSAGE][PASSED] - Delayed 3 second(s)

2018-06-09 19:49:46 - [TEST_STEP][PASSED] - click: Object: 'Object Repository/Store Request Schedule 1/Page_Store/a_dropdown-toggle' is clicked on

2018-06-09 19:49:47 - [MESSAGE][PASSED] - Object: 'Object Repository/Store Request Schedule 1/Page_Store/a_dropdown-toggle' is clicked on

2018-06-09 19:49:47 - [TEST_STEP][PASSED] - click: Object: 'Object Repository/Store Request Schedule 1/Page_Store/a_Sign out' is clicked on

2018-06-09 19:49:47 - [MESSAGE][PASSED] - Object: 'Object Repository/Store Request Schedule 1/Page_Store/a_Sign out' is clicked on

2018-06-09 19:49:47 - [TEST_STEP][PASSED] - closeBrowser: Browser is closed

2018-06-09 19:49:48 - [MESSAGE][PASSED] - Browser is closed

2018-06-09 19:49:48 - [TEST_STEP][PASSED] - Statement - out.println("Schedule 5 STORE Request Are Working Successfully"): null]]></system-out>
         <system-err><![CDATA[]]></system-err>
      </testcase>
      <testcase name="Test Cases/STORE TO CMS REQUEST TEST CASES/TC_STCMS_006 To Verify Schedule 6 Store To CMS Request Are Working Successfully Or Not" classname="Test Cases/STORE TO CMS REQUEST TEST CASES/TC_STCMS_006 To Verify Schedule 6 Store To CMS Request Are Working Successfully Or Not" status="PASSED">
         <system-out><![CDATA[2018-06-09 19:49:48 - [TEST_CASE][PASSED] - Test Cases/STORE TO CMS REQUEST TEST CASES/TC_STCMS_006 To Verify Schedule 6 Store To CMS Request Are Working Successfully Or Not: Test Cases/STORE TO CMS REQUEST TEST CASES/TC_STCMS_006 To Verify Schedule 6 Store To CMS Request Are Working Successfully Or Not

2018-06-09 19:49:48 - [TEST_STEP][PASSED] - openBrowser: Browser is opened with url: ''

2018-06-09 19:49:50 - [MESSAGE][PASSED] - Browser is opened with url: ''

2018-06-09 19:49:50 - [TEST_STEP][PASSED] - Statement - out.println("Verify Schedule 6 STORE Request Are Working Successfully Or Not"): null

2018-06-09 19:49:50 - [TEST_STEP][PASSED] - navigateToUrl: Navigate to 'http://192.168.137.1/multihospital_new/' successfully

2018-06-09 19:49:51 - [MESSAGE][PASSED] - Navigate to 'http://192.168.137.1/multihospital_new/' successfully

2018-06-09 19:49:51 - [TEST_STEP][PASSED] - maximizeWindow: Current window maximized

2018-06-09 19:49:53 - [MESSAGE][PASSED] - Current window maximized

2018-06-09 19:49:53 - [TEST_STEP][PASSED] - click: Object: 'Object Repository/Store Request Schedule 1/Page_KDMC/a_Divisional Store' is clicked on

2018-06-09 19:49:53 - [MESSAGE][PASSED] - Object: 'Object Repository/Store Request Schedule 1/Page_KDMC/a_Divisional Store' is clicked on

2018-06-09 19:49:53 - [TEST_STEP][PASSED] - setText: Text 'ragu' is set on object 'Object Repository/Store Request Schedule 1/Page_Divisonal Store Login/input_txtusername'

2018-06-09 19:49:53 - [MESSAGE][PASSED] - Text 'ragu' is set on object 'Object Repository/Store Request Schedule 1/Page_Divisonal Store Login/input_txtusername'

2018-06-09 19:49:53 - [TEST_STEP][PASSED] - setText: Text '123' is set on object 'Object Repository/Store Request Schedule 1/Page_Divisonal Store Login/input_txtpassword'

2018-06-09 19:49:53 - [MESSAGE][PASSED] - Text '123' is set on object 'Object Repository/Store Request Schedule 1/Page_Divisonal Store Login/input_txtpassword'

2018-06-09 19:49:53 - [TEST_STEP][PASSED] - delay: Delayed 3 second(s)

2018-06-09 19:49:56 - [MESSAGE][PASSED] - Delayed 3 second(s)

2018-06-09 19:49:56 - [TEST_STEP][PASSED] - click: Object: 'Object Repository/Store Request Schedule 1/Page_Divisonal Store Login/button_Sign in' is clicked on

2018-06-09 19:49:58 - [MESSAGE][PASSED] - Object: 'Object Repository/Store Request Schedule 1/Page_Divisonal Store Login/button_Sign in' is clicked on

2018-06-09 19:49:58 - [TEST_STEP][PASSED] - delay: Delayed 3 second(s)

2018-06-09 19:50:01 - [MESSAGE][PASSED] - Delayed 3 second(s)

2018-06-09 19:50:01 - [TEST_STEP][PASSED] - click: Object: 'Object Repository/Store Request Schedule 1/Page_Store/a_CMS' is clicked on

2018-06-09 19:50:01 - [MESSAGE][PASSED] - Object: 'Object Repository/Store Request Schedule 1/Page_Store/a_CMS' is clicked on

2018-06-09 19:50:01 - [TEST_STEP][PASSED] - delay: Delayed 2 second(s)

2018-06-09 19:50:03 - [MESSAGE][PASSED] - Delayed 2 second(s)

2018-06-09 19:50:03 - [TEST_STEP][PASSED] - click: Object: 'Object Repository/Store Request Schedule 1/Page_Store/a_Request Send' is clicked on

2018-06-09 19:50:04 - [MESSAGE][PASSED] - Object: 'Object Repository/Store Request Schedule 1/Page_Store/a_Request Send' is clicked on

2018-06-09 19:50:04 - [TEST_STEP][PASSED] - selectOptionByIndex: All options with index in [1] are selected on object 'Object Repository/Store Request Schedule 1/Page_Store/select_--Select--'

2018-06-09 19:50:04 - [MESSAGE][PASSED] - All options with index in [1] are selected on object 'Object Repository/Store Request Schedule 1/Page_Store/select_--Select--'

2018-06-09 19:50:04 - [TEST_STEP][PASSED] - selectOptionByIndex: All options with index in [6] are selected on object 'Object Repository/Store Request Schedule 1/Page_Store/select_--Select--Schedule 1Inj'

2018-06-09 19:50:04 - [MESSAGE][PASSED] - All options with index in [6] are selected on object 'Object Repository/Store Request Schedule 1/Page_Store/select_--Select--Schedule 1Inj'

2018-06-09 19:50:04 - [TEST_STEP][PASSED] - Statement - SelectedOptions = com.kms.katalon.core.webui.keyword.WebUiBuiltInKeywords.getNumberOfTotalOption(com.kms.katalon.core.testobject.ObjectRepository.findTestObject(Store Request Schedule 1/Page_Store/select_--Select--Adernaline 0.)): 14 options of object 'Object Repository/Store Request Schedule 1/Page_Store/select_--Select--Adernaline 0.' counted

2018-06-09 19:50:04 - [MESSAGE][PASSED] - 14 options of object 'Object Repository/Store Request Schedule 1/Page_Store/select_--Select--Adernaline 0.' counted

2018-06-09 19:50:04 - [TEST_STEP][PASSED] - Statement - For ([y = 1, y < SelectedOptions, (y++)]): Object: 'Object Repository/Store Request Schedule 1/Page_Store/button_Add' is clicked on

2018-06-09 19:50:04 - [TEST_STEP][PASSED] - selectOptionByIndex: All options with index in [6] are selected on object 'Object Repository/Store Request Schedule 1/Page_Store/select_--Select--Schedule 1Inj'

2018-06-09 19:50:05 - [MESSAGE][PASSED] - All options with index in [6] are selected on object 'Object Repository/Store Request Schedule 1/Page_Store/select_--Select--Schedule 1Inj'

2018-06-09 19:50:05 - [TEST_STEP][PASSED] - delay: Delayed 1 second(s)

2018-06-09 19:50:06 - [MESSAGE][PASSED] - Delayed 1 second(s)

2018-06-09 19:50:06 - [TEST_STEP][PASSED] - selectOptionByIndex: All options with index in [1] are selected on object 'Object Repository/Store Request Schedule 1/Page_Store/select_--Select--Adernaline 0.'

2018-06-09 19:50:06 - [MESSAGE][PASSED] - All options with index in [1] are selected on object 'Object Repository/Store Request Schedule 1/Page_Store/select_--Select--Adernaline 0.'

2018-06-09 19:50:06 - [TEST_STEP][PASSED] - setText: Text '100' is set on object 'Object Repository/Store Request Schedule 1/Page_Store/input_txttreat'

2018-06-09 19:50:06 - [MESSAGE][PASSED] - Text '100' is set on object 'Object Repository/Store Request Schedule 1/Page_Store/input_txttreat'

2018-06-09 19:50:06 - [TEST_STEP][PASSED] - click: Object: 'Object Repository/Store Request Schedule 1/Page_Store/button_Add' is clicked on

2018-06-09 19:50:06 - [MESSAGE][PASSED] - Object: 'Object Repository/Store Request Schedule 1/Page_Store/button_Add' is clicked on

2018-06-09 19:50:06 - [TEST_STEP][PASSED] - selectOptionByIndex: All options with index in [6] are selected on object 'Object Repository/Store Request Schedule 1/Page_Store/select_--Select--Schedule 1Inj'

2018-06-09 19:50:06 - [MESSAGE][PASSED] - All options with index in [6] are selected on object 'Object Repository/Store Request Schedule 1/Page_Store/select_--Select--Schedule 1Inj'

2018-06-09 19:50:06 - [TEST_STEP][PASSED] - delay: Delayed 1 second(s)

2018-06-09 19:50:07 - [MESSAGE][PASSED] - Delayed 1 second(s)

2018-06-09 19:50:07 - [TEST_STEP][PASSED] - selectOptionByIndex: All options with index in [2] are selected on object 'Object Repository/Store Request Schedule 1/Page_Store/select_--Select--Adernaline 0.'

2018-06-09 19:50:07 - [MESSAGE][PASSED] - All options with index in [2] are selected on object 'Object Repository/Store Request Schedule 1/Page_Store/select_--Select--Adernaline 0.'

2018-06-09 19:50:07 - [TEST_STEP][PASSED] - setText: Text '100' is set on object 'Object Repository/Store Request Schedule 1/Page_Store/input_txttreat'

2018-06-09 19:50:07 - [MESSAGE][PASSED] - Text '100' is set on object 'Object Repository/Store Request Schedule 1/Page_Store/input_txttreat'

2018-06-09 19:50:07 - [TEST_STEP][PASSED] - click: Object: 'Object Repository/Store Request Schedule 1/Page_Store/button_Add' is clicked on

2018-06-09 19:50:07 - [MESSAGE][PASSED] - Object: 'Object Repository/Store Request Schedule 1/Page_Store/button_Add' is clicked on

2018-06-09 19:50:07 - [TEST_STEP][PASSED] - selectOptionByIndex: All options with index in [6] are selected on object 'Object Repository/Store Request Schedule 1/Page_Store/select_--Select--Schedule 1Inj'

2018-06-09 19:50:07 - [MESSAGE][PASSED] - All options with index in [6] are selected on object 'Object Repository/Store Request Schedule 1/Page_Store/select_--Select--Schedule 1Inj'

2018-06-09 19:50:07 - [TEST_STEP][PASSED] - delay: Delayed 1 second(s)

2018-06-09 19:50:08 - [MESSAGE][PASSED] - Delayed 1 second(s)

2018-06-09 19:50:08 - [TEST_STEP][PASSED] - selectOptionByIndex: All options with index in [3] are selected on object 'Object Repository/Store Request Schedule 1/Page_Store/select_--Select--Adernaline 0.'

2018-06-09 19:50:09 - [MESSAGE][PASSED] - All options with index in [3] are selected on object 'Object Repository/Store Request Schedule 1/Page_Store/select_--Select--Adernaline 0.'

2018-06-09 19:50:09 - [TEST_STEP][PASSED] - setText: Text '100' is set on object 'Object Repository/Store Request Schedule 1/Page_Store/input_txttreat'

2018-06-09 19:50:09 - [MESSAGE][PASSED] - Text '100' is set on object 'Object Repository/Store Request Schedule 1/Page_Store/input_txttreat'

2018-06-09 19:50:09 - [TEST_STEP][PASSED] - click: Object: 'Object Repository/Store Request Schedule 1/Page_Store/button_Add' is clicked on

2018-06-09 19:50:09 - [MESSAGE][PASSED] - Object: 'Object Repository/Store Request Schedule 1/Page_Store/button_Add' is clicked on

2018-06-09 19:50:09 - [TEST_STEP][PASSED] - selectOptionByIndex: All options with index in [6] are selected on object 'Object Repository/Store Request Schedule 1/Page_Store/select_--Select--Schedule 1Inj'

2018-06-09 19:50:09 - [MESSAGE][PASSED] - All options with index in [6] are selected on object 'Object Repository/Store Request Schedule 1/Page_Store/select_--Select--Schedule 1Inj'

2018-06-09 19:50:09 - [TEST_STEP][PASSED] - delay: Delayed 1 second(s)

2018-06-09 19:50:10 - [MESSAGE][PASSED] - Delayed 1 second(s)

2018-06-09 19:50:10 - [TEST_STEP][PASSED] - selectOptionByIndex: All options with index in [4] are selected on object 'Object Repository/Store Request Schedule 1/Page_Store/select_--Select--Adernaline 0.'

2018-06-09 19:50:10 - [MESSAGE][PASSED] - All options with index in [4] are selected on object 'Object Repository/Store Request Schedule 1/Page_Store/select_--Select--Adernaline 0.'

2018-06-09 19:50:10 - [TEST_STEP][PASSED] - setText: Text '100' is set on object 'Object Repository/Store Request Schedule 1/Page_Store/input_txttreat'

2018-06-09 19:50:10 - [MESSAGE][PASSED] - Text '100' is set on object 'Object Repository/Store Request Schedule 1/Page_Store/input_txttreat'

2018-06-09 19:50:10 - [TEST_STEP][PASSED] - click: Object: 'Object Repository/Store Request Schedule 1/Page_Store/button_Add' is clicked on

2018-06-09 19:50:10 - [MESSAGE][PASSED] - Object: 'Object Repository/Store Request Schedule 1/Page_Store/button_Add' is clicked on

2018-06-09 19:50:10 - [TEST_STEP][PASSED] - selectOptionByIndex: All options with index in [6] are selected on object 'Object Repository/Store Request Schedule 1/Page_Store/select_--Select--Schedule 1Inj'

2018-06-09 19:50:10 - [MESSAGE][PASSED] - All options with index in [6] are selected on object 'Object Repository/Store Request Schedule 1/Page_Store/select_--Select--Schedule 1Inj'

2018-06-09 19:50:10 - [TEST_STEP][PASSED] - delay: Delayed 1 second(s)

2018-06-09 19:50:11 - [MESSAGE][PASSED] - Delayed 1 second(s)

2018-06-09 19:50:11 - [TEST_STEP][PASSED] - selectOptionByIndex: All options with index in [5] are selected on object 'Object Repository/Store Request Schedule 1/Page_Store/select_--Select--Adernaline 0.'

2018-06-09 19:50:12 - [MESSAGE][PASSED] - All options with index in [5] are selected on object 'Object Repository/Store Request Schedule 1/Page_Store/select_--Select--Adernaline 0.'

2018-06-09 19:50:12 - [TEST_STEP][PASSED] - setText: Text '100' is set on object 'Object Repository/Store Request Schedule 1/Page_Store/input_txttreat'

2018-06-09 19:50:12 - [MESSAGE][PASSED] - Text '100' is set on object 'Object Repository/Store Request Schedule 1/Page_Store/input_txttreat'

2018-06-09 19:50:12 - [TEST_STEP][PASSED] - click: Object: 'Object Repository/Store Request Schedule 1/Page_Store/button_Add' is clicked on

2018-06-09 19:50:12 - [MESSAGE][PASSED] - Object: 'Object Repository/Store Request Schedule 1/Page_Store/button_Add' is clicked on

2018-06-09 19:50:12 - [TEST_STEP][PASSED] - selectOptionByIndex: All options with index in [6] are selected on object 'Object Repository/Store Request Schedule 1/Page_Store/select_--Select--Schedule 1Inj'

2018-06-09 19:50:12 - [MESSAGE][PASSED] - All options with index in [6] are selected on object 'Object Repository/Store Request Schedule 1/Page_Store/select_--Select--Schedule 1Inj'

2018-06-09 19:50:12 - [TEST_STEP][PASSED] - delay: Delayed 1 second(s)

2018-06-09 19:50:13 - [MESSAGE][PASSED] - Delayed 1 second(s)

2018-06-09 19:50:13 - [TEST_STEP][PASSED] - selectOptionByIndex: All options with index in [6] are selected on object 'Object Repository/Store Request Schedule 1/Page_Store/select_--Select--Adernaline 0.'

2018-06-09 19:50:13 - [MESSAGE][PASSED] - All options with index in [6] are selected on object 'Object Repository/Store Request Schedule 1/Page_Store/select_--Select--Adernaline 0.'

2018-06-09 19:50:13 - [TEST_STEP][PASSED] - setText: Text '100' is set on object 'Object Repository/Store Request Schedule 1/Page_Store/input_txttreat'

2018-06-09 19:50:13 - [MESSAGE][PASSED] - Text '100' is set on object 'Object Repository/Store Request Schedule 1/Page_Store/input_txttreat'

2018-06-09 19:50:13 - [TEST_STEP][PASSED] - click: Object: 'Object Repository/Store Request Schedule 1/Page_Store/button_Add' is clicked on

2018-06-09 19:50:13 - [MESSAGE][PASSED] - Object: 'Object Repository/Store Request Schedule 1/Page_Store/button_Add' is clicked on

2018-06-09 19:50:13 - [TEST_STEP][PASSED] - selectOptionByIndex: All options with index in [6] are selected on object 'Object Repository/Store Request Schedule 1/Page_Store/select_--Select--Schedule 1Inj'

2018-06-09 19:50:13 - [MESSAGE][PASSED] - All options with index in [6] are selected on object 'Object Repository/Store Request Schedule 1/Page_Store/select_--Select--Schedule 1Inj'

2018-06-09 19:50:13 - [TEST_STEP][PASSED] - delay: Delayed 1 second(s)

2018-06-09 19:50:14 - [MESSAGE][PASSED] - Delayed 1 second(s)

2018-06-09 19:50:14 - [TEST_STEP][PASSED] - selectOptionByIndex: All options with index in [7] are selected on object 'Object Repository/Store Request Schedule 1/Page_Store/select_--Select--Adernaline 0.'

2018-06-09 19:50:15 - [MESSAGE][PASSED] - All options with index in [7] are selected on object 'Object Repository/Store Request Schedule 1/Page_Store/select_--Select--Adernaline 0.'

2018-06-09 19:50:15 - [TEST_STEP][PASSED] - setText: Text '100' is set on object 'Object Repository/Store Request Schedule 1/Page_Store/input_txttreat'

2018-06-09 19:50:15 - [MESSAGE][PASSED] - Text '100' is set on object 'Object Repository/Store Request Schedule 1/Page_Store/input_txttreat'

2018-06-09 19:50:15 - [TEST_STEP][PASSED] - click: Object: 'Object Repository/Store Request Schedule 1/Page_Store/button_Add' is clicked on

2018-06-09 19:50:15 - [MESSAGE][PASSED] - Object: 'Object Repository/Store Request Schedule 1/Page_Store/button_Add' is clicked on

2018-06-09 19:50:15 - [TEST_STEP][PASSED] - selectOptionByIndex: All options with index in [6] are selected on object 'Object Repository/Store Request Schedule 1/Page_Store/select_--Select--Schedule 1Inj'

2018-06-09 19:50:15 - [MESSAGE][PASSED] - All options with index in [6] are selected on object 'Object Repository/Store Request Schedule 1/Page_Store/select_--Select--Schedule 1Inj'

2018-06-09 19:50:15 - [TEST_STEP][PASSED] - delay: Delayed 1 second(s)

2018-06-09 19:50:16 - [MESSAGE][PASSED] - Delayed 1 second(s)

2018-06-09 19:50:16 - [TEST_STEP][PASSED] - selectOptionByIndex: All options with index in [8] are selected on object 'Object Repository/Store Request Schedule 1/Page_Store/select_--Select--Adernaline 0.'

2018-06-09 19:50:16 - [MESSAGE][PASSED] - All options with index in [8] are selected on object 'Object Repository/Store Request Schedule 1/Page_Store/select_--Select--Adernaline 0.'

2018-06-09 19:50:16 - [TEST_STEP][PASSED] - setText: Text '100' is set on object 'Object Repository/Store Request Schedule 1/Page_Store/input_txttreat'

2018-06-09 19:50:16 - [MESSAGE][PASSED] - Text '100' is set on object 'Object Repository/Store Request Schedule 1/Page_Store/input_txttreat'

2018-06-09 19:50:16 - [TEST_STEP][PASSED] - click: Object: 'Object Repository/Store Request Schedule 1/Page_Store/button_Add' is clicked on

2018-06-09 19:50:16 - [MESSAGE][PASSED] - Object: 'Object Repository/Store Request Schedule 1/Page_Store/button_Add' is clicked on

2018-06-09 19:50:16 - [TEST_STEP][PASSED] - selectOptionByIndex: All options with index in [6] are selected on object 'Object Repository/Store Request Schedule 1/Page_Store/select_--Select--Schedule 1Inj'

2018-06-09 19:50:16 - [MESSAGE][PASSED] - All options with index in [6] are selected on object 'Object Repository/Store Request Schedule 1/Page_Store/select_--Select--Schedule 1Inj'

2018-06-09 19:50:16 - [TEST_STEP][PASSED] - delay: Delayed 1 second(s)

2018-06-09 19:50:17 - [MESSAGE][PASSED] - Delayed 1 second(s)

2018-06-09 19:50:17 - [TEST_STEP][PASSED] - selectOptionByIndex: All options with index in [9] are selected on object 'Object Repository/Store Request Schedule 1/Page_Store/select_--Select--Adernaline 0.'

2018-06-09 19:50:18 - [MESSAGE][PASSED] - All options with index in [9] are selected on object 'Object Repository/Store Request Schedule 1/Page_Store/select_--Select--Adernaline 0.'

2018-06-09 19:50:18 - [TEST_STEP][PASSED] - setText: Text '100' is set on object 'Object Repository/Store Request Schedule 1/Page_Store/input_txttreat'

2018-06-09 19:50:18 - [MESSAGE][PASSED] - Text '100' is set on object 'Object Repository/Store Request Schedule 1/Page_Store/input_txttreat'

2018-06-09 19:50:18 - [TEST_STEP][PASSED] - click: Object: 'Object Repository/Store Request Schedule 1/Page_Store/button_Add' is clicked on

2018-06-09 19:50:18 - [MESSAGE][PASSED] - Object: 'Object Repository/Store Request Schedule 1/Page_Store/button_Add' is clicked on

2018-06-09 19:50:18 - [TEST_STEP][PASSED] - selectOptionByIndex: All options with index in [6] are selected on object 'Object Repository/Store Request Schedule 1/Page_Store/select_--Select--Schedule 1Inj'

2018-06-09 19:50:18 - [MESSAGE][PASSED] - All options with index in [6] are selected on object 'Object Repository/Store Request Schedule 1/Page_Store/select_--Select--Schedule 1Inj'

2018-06-09 19:50:18 - [TEST_STEP][PASSED] - delay: Delayed 1 second(s)

2018-06-09 19:50:19 - [MESSAGE][PASSED] - Delayed 1 second(s)

2018-06-09 19:50:19 - [TEST_STEP][PASSED] - selectOptionByIndex: All options with index in [10] are selected on object 'Object Repository/Store Request Schedule 1/Page_Store/select_--Select--Adernaline 0.'

2018-06-09 19:50:19 - [MESSAGE][PASSED] - All options with index in [10] are selected on object 'Object Repository/Store Request Schedule 1/Page_Store/select_--Select--Adernaline 0.'

2018-06-09 19:50:19 - [TEST_STEP][PASSED] - setText: Text '100' is set on object 'Object Repository/Store Request Schedule 1/Page_Store/input_txttreat'

2018-06-09 19:50:19 - [MESSAGE][PASSED] - Text '100' is set on object 'Object Repository/Store Request Schedule 1/Page_Store/input_txttreat'

2018-06-09 19:50:19 - [TEST_STEP][PASSED] - click: Object: 'Object Repository/Store Request Schedule 1/Page_Store/button_Add' is clicked on

2018-06-09 19:50:19 - [MESSAGE][PASSED] - Object: 'Object Repository/Store Request Schedule 1/Page_Store/button_Add' is clicked on

2018-06-09 19:50:19 - [TEST_STEP][PASSED] - selectOptionByIndex: All options with index in [6] are selected on object 'Object Repository/Store Request Schedule 1/Page_Store/select_--Select--Schedule 1Inj'

2018-06-09 19:50:19 - [MESSAGE][PASSED] - All options with index in [6] are selected on object 'Object Repository/Store Request Schedule 1/Page_Store/select_--Select--Schedule 1Inj'

2018-06-09 19:50:19 - [TEST_STEP][PASSED] - delay: Delayed 1 second(s)

2018-06-09 19:50:20 - [MESSAGE][PASSED] - Delayed 1 second(s)

2018-06-09 19:50:20 - [TEST_STEP][PASSED] - selectOptionByIndex: All options with index in [11] are selected on object 'Object Repository/Store Request Schedule 1/Page_Store/select_--Select--Adernaline 0.'

2018-06-09 19:50:21 - [MESSAGE][PASSED] - All options with index in [11] are selected on object 'Object Repository/Store Request Schedule 1/Page_Store/select_--Select--Adernaline 0.'

2018-06-09 19:50:21 - [TEST_STEP][PASSED] - setText: Text '100' is set on object 'Object Repository/Store Request Schedule 1/Page_Store/input_txttreat'

2018-06-09 19:50:21 - [MESSAGE][PASSED] - Text '100' is set on object 'Object Repository/Store Request Schedule 1/Page_Store/input_txttreat'

2018-06-09 19:50:21 - [TEST_STEP][PASSED] - click: Object: 'Object Repository/Store Request Schedule 1/Page_Store/button_Add' is clicked on

2018-06-09 19:50:21 - [MESSAGE][PASSED] - Object: 'Object Repository/Store Request Schedule 1/Page_Store/button_Add' is clicked on

2018-06-09 19:50:21 - [TEST_STEP][PASSED] - selectOptionByIndex: All options with index in [6] are selected on object 'Object Repository/Store Request Schedule 1/Page_Store/select_--Select--Schedule 1Inj'

2018-06-09 19:50:21 - [MESSAGE][PASSED] - All options with index in [6] are selected on object 'Object Repository/Store Request Schedule 1/Page_Store/select_--Select--Schedule 1Inj'

2018-06-09 19:50:21 - [TEST_STEP][PASSED] - delay: Delayed 1 second(s)

2018-06-09 19:50:22 - [MESSAGE][PASSED] - Delayed 1 second(s)

2018-06-09 19:50:22 - [TEST_STEP][PASSED] - selectOptionByIndex: All options with index in [12] are selected on object 'Object Repository/Store Request Schedule 1/Page_Store/select_--Select--Adernaline 0.'

2018-06-09 19:50:22 - [MESSAGE][PASSED] - All options with index in [12] are selected on object 'Object Repository/Store Request Schedule 1/Page_Store/select_--Select--Adernaline 0.'

2018-06-09 19:50:22 - [TEST_STEP][PASSED] - setText: Text '100' is set on object 'Object Repository/Store Request Schedule 1/Page_Store/input_txttreat'

2018-06-09 19:50:22 - [MESSAGE][PASSED] - Text '100' is set on object 'Object Repository/Store Request Schedule 1/Page_Store/input_txttreat'

2018-06-09 19:50:22 - [TEST_STEP][PASSED] - click: Object: 'Object Repository/Store Request Schedule 1/Page_Store/button_Add' is clicked on

2018-06-09 19:50:22 - [MESSAGE][PASSED] - Object: 'Object Repository/Store Request Schedule 1/Page_Store/button_Add' is clicked on

2018-06-09 19:50:22 - [TEST_STEP][PASSED] - selectOptionByIndex: All options with index in [6] are selected on object 'Object Repository/Store Request Schedule 1/Page_Store/select_--Select--Schedule 1Inj'

2018-06-09 19:50:22 - [MESSAGE][PASSED] - All options with index in [6] are selected on object 'Object Repository/Store Request Schedule 1/Page_Store/select_--Select--Schedule 1Inj'

2018-06-09 19:50:22 - [TEST_STEP][PASSED] - delay: Delayed 1 second(s)

2018-06-09 19:50:23 - [MESSAGE][PASSED] - Delayed 1 second(s)

2018-06-09 19:50:23 - [TEST_STEP][PASSED] - selectOptionByIndex: All options with index in [13] are selected on object 'Object Repository/Store Request Schedule 1/Page_Store/select_--Select--Adernaline 0.'

2018-06-09 19:50:24 - [MESSAGE][PASSED] - All options with index in [13] are selected on object 'Object Repository/Store Request Schedule 1/Page_Store/select_--Select--Adernaline 0.'

2018-06-09 19:50:24 - [TEST_STEP][PASSED] - setText: Text '100' is set on object 'Object Repository/Store Request Schedule 1/Page_Store/input_txttreat'

2018-06-09 19:50:24 - [MESSAGE][PASSED] - Text '100' is set on object 'Object Repository/Store Request Schedule 1/Page_Store/input_txttreat'

2018-06-09 19:50:24 - [TEST_STEP][PASSED] - click: Object: 'Object Repository/Store Request Schedule 1/Page_Store/button_Add' is clicked on

2018-06-09 19:50:24 - [MESSAGE][PASSED] - Object: 'Object Repository/Store Request Schedule 1/Page_Store/button_Add' is clicked on

2018-06-09 19:50:24 - [TEST_STEP][PASSED] - delay: Delayed 2 second(s)

2018-06-09 19:50:26 - [MESSAGE][PASSED] - Delayed 2 second(s)

2018-06-09 19:50:26 - [TEST_STEP][PASSED] - scrollToElement: Scroll to object 'Object Repository/Store Request Schedule 1/Page_Store/input_btnsave' successfully

2018-06-09 19:50:26 - [MESSAGE][PASSED] - Scroll to object 'Object Repository/Store Request Schedule 1/Page_Store/input_btnsave' successfully

2018-06-09 19:50:26 - [TEST_STEP][PASSED] - click: Object: 'Object Repository/Store Request Schedule 1/Page_Store/input_btnsave' is clicked on

2018-06-09 19:50:26 - [MESSAGE][PASSED] - Object: 'Object Repository/Store Request Schedule 1/Page_Store/input_btnsave' is clicked on

2018-06-09 19:50:26 - [TEST_STEP][PASSED] - delay: Delayed 4 second(s)

2018-06-09 19:50:30 - [MESSAGE][PASSED] - Delayed 4 second(s)

2018-06-09 19:50:30 - [TEST_STEP][PASSED] - Statement - Cms_RequestNumber = com.kms.katalon.core.webui.keyword.WebUiBuiltInKeywords.getText(com.kms.katalon.core.testobject.ObjectRepository.findTestObject(Store Request Schedule 1/Page_Store/font_PRNO050520189)): Text of object 'Object Repository/Store Request Schedule 1/Page_Store/font_PRNO050520189' is: 'PRNO/09062018/720'

2018-06-09 19:50:30 - [MESSAGE][PASSED] - Text of object 'Object Repository/Store Request Schedule 1/Page_Store/font_PRNO050520189' is: 'PRNO/09062018/720'

2018-06-09 19:50:30 - [TEST_STEP][PASSED] - Statement - CR = Cms_RequestNumber.trim(): null

2018-06-09 19:50:30 - [TEST_STEP][PASSED] - Statement - out.println("RQ :" + Cms_RequestNumber): null

2018-06-09 19:50:30 - [TEST_STEP][PASSED] - Statement - RequestNumberID = Cms_RequestNumber.split("/")[2].trim(): null

2018-06-09 19:50:30 - [TEST_STEP][PASSED] - Statement - out.println("RQ ID :" + RequestNumberID): null

2018-06-09 19:50:30 - [TEST_STEP][PASSED] - delay: Delayed 3 second(s)

2018-06-09 19:50:33 - [MESSAGE][PASSED] - Delayed 3 second(s)

2018-06-09 19:50:33 - [TEST_STEP][PASSED] - Statement - ok = com.kms.katalon.core.webui.keyword.WebUiBuiltInKeywords.click(com.kms.katalon.core.testobject.ObjectRepository.findTestObject(Store Request Schedule 1/Page_Store/button_OK)): Object: 'Object Repository/Store Request Schedule 1/Page_Store/button_OK' is clicked on

2018-06-09 19:50:34 - [MESSAGE][PASSED] - Object: 'Object Repository/Store Request Schedule 1/Page_Store/button_OK' is clicked on

2018-06-09 19:50:34 - [TEST_STEP][PASSED] - delay: Delayed 3 second(s)

2018-06-09 19:50:37 - [MESSAGE][PASSED] - Delayed 3 second(s)

2018-06-09 19:50:37 - [TEST_STEP][PASSED] - click: Object: 'Object Repository/Store Request Schedule 1/Page_Store/a_dropdown-toggle' is clicked on

2018-06-09 19:50:37 - [MESSAGE][PASSED] - Object: 'Object Repository/Store Request Schedule 1/Page_Store/a_dropdown-toggle' is clicked on

2018-06-09 19:50:37 - [TEST_STEP][PASSED] - click: Object: 'Object Repository/Store Request Schedule 1/Page_Store/a_Sign out' is clicked on

2018-06-09 19:50:38 - [MESSAGE][PASSED] - Object: 'Object Repository/Store Request Schedule 1/Page_Store/a_Sign out' is clicked on

2018-06-09 19:50:38 - [TEST_STEP][PASSED] - delay: Delayed 3 second(s)

2018-06-09 19:50:41 - [MESSAGE][PASSED] - Delayed 3 second(s)

2018-06-09 19:50:41 - [TEST_STEP][PASSED] - click: Object: 'Object Repository/Store Request Schedule 1/Page_KDMC/a_CMO' is clicked on

2018-06-09 19:50:41 - [MESSAGE][PASSED] - Object: 'Object Repository/Store Request Schedule 1/Page_KDMC/a_CMO' is clicked on

2018-06-09 19:50:41 - [TEST_STEP][PASSED] - setText: Text 'guru' is set on object 'Object Repository/Store Request Schedule 1/Page_CMO login/input_txtusername'

2018-06-09 19:50:41 - [MESSAGE][PASSED] - Text 'guru' is set on object 'Object Repository/Store Request Schedule 1/Page_CMO login/input_txtusername'

2018-06-09 19:50:41 - [TEST_STEP][PASSED] - setText: Text '123' is set on object 'Object Repository/Store Request Schedule 1/Page_CMO login/input_txtpassword'

2018-06-09 19:50:41 - [MESSAGE][PASSED] - Text '123' is set on object 'Object Repository/Store Request Schedule 1/Page_CMO login/input_txtpassword'

2018-06-09 19:50:41 - [TEST_STEP][PASSED] - delay: Delayed 3 second(s)

2018-06-09 19:50:44 - [MESSAGE][PASSED] - Delayed 3 second(s)

2018-06-09 19:50:44 - [TEST_STEP][PASSED] - click: Object: 'Object Repository/Store Request Schedule 1/Page_CMO login/button_Sign in' is clicked on

2018-06-09 19:50:45 - [MESSAGE][PASSED] - Object: 'Object Repository/Store Request Schedule 1/Page_CMO login/button_Sign in' is clicked on

2018-06-09 19:50:45 - [TEST_STEP][PASSED] - delay: Delayed 2 second(s)

2018-06-09 19:50:47 - [MESSAGE][PASSED] - Delayed 2 second(s)

2018-06-09 19:50:47 - [TEST_STEP][PASSED] - click: Object: 'Object Repository/Store Request Schedule 1/Page_KDMC - CMO/span_Department Wise Request' is clicked on

2018-06-09 19:50:48 - [MESSAGE][PASSED] - Object: 'Object Repository/Store Request Schedule 1/Page_KDMC - CMO/span_Department Wise Request' is clicked on

2018-06-09 19:50:48 - [TEST_STEP][PASSED] - click: Object: 'Object Repository/Store Request Schedule 1/Page_KDMC - CMO/a_CMS Request' is clicked on

2018-06-09 19:50:48 - [MESSAGE][PASSED] - Object: 'Object Repository/Store Request Schedule 1/Page_KDMC - CMO/a_CMS Request' is clicked on

2018-06-09 19:50:48 - [TEST_STEP][PASSED] - click: Object: 'Object Repository/Store Request Schedule 1/Page_KDMC - CMO/a_CMS Request' is clicked on

2018-06-09 19:50:48 - [MESSAGE][PASSED] - Object: 'Object Repository/Store Request Schedule 1/Page_KDMC - CMO/a_CMS Request' is clicked on

2018-06-09 19:50:48 - [TEST_STEP][PASSED] - click: Object: 'Object Repository/Store Request Schedule 1/Page_KDMC - CMO/span_Divisional Store Request' is clicked on

2018-06-09 19:50:50 - [MESSAGE][PASSED] - Object: 'Object Repository/Store Request Schedule 1/Page_KDMC - CMO/span_Divisional Store Request' is clicked on

2018-06-09 19:50:50 - [TEST_STEP][PASSED] - delay: Delayed 2 second(s)

2018-06-09 19:50:52 - [MESSAGE][PASSED] - Delayed 2 second(s)

2018-06-09 19:50:52 - [TEST_STEP][PASSED] - Statement - approval = com.kms.katalon.core.webui.keyword.WebUiBuiltInKeywords.modifyObjectProperty(com.kms.katalon.core.testobject.ObjectRepository.findTestObject(Store Request Schedule 1/Page_KDMC - CMO/input_PRNO050520189), "xpath", "equals", "//*[@id=" + RequestNumberID + "]", true): Modify property of object successfully

2018-06-09 19:50:52 - [MESSAGE][PASSED] - Modify property of object successfully

2018-06-09 19:50:52 - [TEST_STEP][PASSED] - click: Object: 'Object Repository/Store Request Schedule 1/Page_KDMC - CMO/input_PRNO050520189' is clicked on

2018-06-09 19:50:52 - [MESSAGE][PASSED] - Object: 'Object Repository/Store Request Schedule 1/Page_KDMC - CMO/input_PRNO050520189' is clicked on

2018-06-09 19:50:52 - [TEST_STEP][PASSED] - delay: Delayed 2 second(s)

2018-06-09 19:50:54 - [MESSAGE][PASSED] - Delayed 2 second(s)

2018-06-09 19:50:54 - [TEST_STEP][PASSED] - selectOptionByIndex: All options with index in [1] are selected on object 'Object Repository/Store Request Schedule 1/Page_KDMC - CMO/select_--Select--'

2018-06-09 19:50:54 - [MESSAGE][PASSED] - All options with index in [1] are selected on object 'Object Repository/Store Request Schedule 1/Page_KDMC - CMO/select_--Select--'

2018-06-09 19:50:54 - [TEST_STEP][PASSED] - click: Object: 'Object Repository/Store Request Schedule 1/Page_KDMC - CMO/input_btnupdate' is clicked on

2018-06-09 19:50:54 - [MESSAGE][PASSED] - Object: 'Object Repository/Store Request Schedule 1/Page_KDMC - CMO/input_btnupdate' is clicked on

2018-06-09 19:50:54 - [TEST_STEP][PASSED] - delay: Delayed 2 second(s)

2018-06-09 19:50:56 - [MESSAGE][PASSED] - Delayed 2 second(s)

2018-06-09 19:50:56 - [TEST_STEP][PASSED] - click: Object: 'Object Repository/Store Request Schedule 1/Page_KDMC - CMO/button_OK' is clicked on

2018-06-09 19:50:57 - [MESSAGE][PASSED] - Object: 'Object Repository/Store Request Schedule 1/Page_KDMC - CMO/button_OK' is clicked on

2018-06-09 19:50:57 - [TEST_STEP][PASSED] - delay: Delayed 2 second(s)

2018-06-09 19:50:59 - [MESSAGE][PASSED] - Delayed 2 second(s)

2018-06-09 19:50:59 - [TEST_STEP][PASSED] - click: Object: 'Object Repository/Store Request Schedule 1/Page_KDMC - CMO/a_dropdown-toggle' is clicked on

2018-06-09 19:50:59 - [MESSAGE][PASSED] - Object: 'Object Repository/Store Request Schedule 1/Page_KDMC - CMO/a_dropdown-toggle' is clicked on

2018-06-09 19:50:59 - [TEST_STEP][PASSED] - click: Object: 'Object Repository/Store Request Schedule 1/Page_KDMC - CMO/a_Sign out' is clicked on

2018-06-09 19:50:59 - [MESSAGE][PASSED] - Object: 'Object Repository/Store Request Schedule 1/Page_KDMC - CMO/a_Sign out' is clicked on

2018-06-09 19:50:59 - [TEST_STEP][PASSED] - delay: Delayed 3 second(s)

2018-06-09 19:51:02 - [MESSAGE][PASSED] - Delayed 3 second(s)

2018-06-09 19:51:02 - [TEST_STEP][PASSED] - click: Object: 'Object Repository/store Request Schedule 1/Page_KDMC/a_CMS' is clicked on

2018-06-09 19:51:03 - [MESSAGE][PASSED] - Object: 'Object Repository/store Request Schedule 1/Page_KDMC/a_CMS' is clicked on

2018-06-09 19:51:03 - [TEST_STEP][PASSED] - setText: Text 'bala' is set on object 'Object Repository/store Request Schedule 1/Page_CMS login/input_txtusername'

2018-06-09 19:51:03 - [MESSAGE][PASSED] - Text 'bala' is set on object 'Object Repository/store Request Schedule 1/Page_CMS login/input_txtusername'

2018-06-09 19:51:03 - [TEST_STEP][PASSED] - setText: Text '123' is set on object 'Object Repository/store Request Schedule 1/Page_CMS login/input_txtpassword'

2018-06-09 19:51:03 - [MESSAGE][PASSED] - Text '123' is set on object 'Object Repository/store Request Schedule 1/Page_CMS login/input_txtpassword'

2018-06-09 19:51:03 - [TEST_STEP][PASSED] - delay: Delayed 3 second(s)

2018-06-09 19:51:06 - [MESSAGE][PASSED] - Delayed 3 second(s)

2018-06-09 19:51:06 - [TEST_STEP][PASSED] - click: Object: 'Object Repository/store Request Schedule 1/Page_CMS login/button_Sign in' is clicked on

2018-06-09 19:51:07 - [MESSAGE][PASSED] - Object: 'Object Repository/store Request Schedule 1/Page_CMS login/button_Sign in' is clicked on

2018-06-09 19:51:07 - [TEST_STEP][PASSED] - delay: Delayed 2 second(s)

2018-06-09 19:51:09 - [MESSAGE][PASSED] - Delayed 2 second(s)

2018-06-09 19:51:09 - [TEST_STEP][PASSED] - click: Object: 'Object Repository/store Request Schedule 1/Page_KDMC - CMS/a_Divisional Store' is clicked on

2018-06-09 19:51:09 - [MESSAGE][PASSED] - Object: 'Object Repository/store Request Schedule 1/Page_KDMC - CMS/a_Divisional Store' is clicked on

2018-06-09 19:51:09 - [TEST_STEP][PASSED] - delay: Delayed 2 second(s)

2018-06-09 19:51:11 - [MESSAGE][PASSED] - Delayed 2 second(s)

2018-06-09 19:51:11 - [TEST_STEP][PASSED] - click: Object: 'Object Repository/store Request Schedule 1/Page_KDMC - CMS/a_Dispatch Items' is clicked on

2018-06-09 19:51:11 - [MESSAGE][PASSED] - Object: 'Object Repository/store Request Schedule 1/Page_KDMC - CMS/a_Dispatch Items' is clicked on

2018-06-09 19:51:11 - [TEST_STEP][PASSED] - setText: Text 'PRNO/09062018/720' is set on object 'Object Repository/store Request Schedule 1/Page_KDMC - CMS/input'

2018-06-09 19:51:12 - [MESSAGE][PASSED] - Text 'PRNO/09062018/720' is set on object 'Object Repository/store Request Schedule 1/Page_KDMC - CMS/input'

2018-06-09 19:51:12 - [TEST_STEP][PASSED] - click: Object: 'Object Repository/store Request Schedule 1/Page_KDMC - CMS/td_text-center' is clicked on

2018-06-09 19:51:12 - [MESSAGE][PASSED] - Object: 'Object Repository/store Request Schedule 1/Page_KDMC - CMS/td_text-center' is clicked on

2018-06-09 19:51:12 - [TEST_STEP][PASSED] - delay: Delayed 3 second(s)

2018-06-09 19:51:15 - [MESSAGE][PASSED] - Delayed 3 second(s)

2018-06-09 19:51:15 - [TEST_STEP][PASSED] - delay: Delayed 2 second(s)

2018-06-09 19:51:17 - [MESSAGE][PASSED] - Delayed 2 second(s)

2018-06-09 19:51:17 - [TEST_STEP][PASSED] - Statement - For ([row = 0, row < SelectedOptions - 1, (row++)]): null

2018-06-09 19:51:17 - [TEST_STEP][PASSED] - Statement - batchlength = new com.kms.katalon.core.testobject.TestObject(): null

2018-06-09 19:51:17 - [TEST_STEP][PASSED] - Statement - batchlength = com.kms.katalon.core.webui.keyword.WebUiBuiltInKeywords.modifyObjectProperty(batchlength, "xpath", "equals", "//*[@id = "fldvendor" + row + ""]", true): Modify property of object successfully

2018-06-09 19:51:17 - [MESSAGE][PASSED] - Modify property of object successfully

2018-06-09 19:51:17 - [TEST_STEP][PASSED] - Statement - batchsize = com.kms.katalon.core.webui.keyword.WebUiBuiltInKeywords.getNumberOfTotalOption(batchlength): 12 options of object '' counted

2018-06-09 19:51:17 - [MESSAGE][PASSED] - 12 options of object '' counted

2018-06-09 19:51:17 - [TEST_STEP][PASSED] - Statement - out.println("BatchSize : " + batchsize): null

2018-06-09 19:51:17 - [TEST_STEP][PASSED] - Statement - For ([n = 1, n <= batchsize - 1, (n++)]): null

2018-06-09 19:51:17 - [TEST_STEP][PASSED] - Statement - product = new com.kms.katalon.core.testobject.TestObject(): null

2018-06-09 19:51:17 - [TEST_STEP][PASSED] - Statement - product = com.kms.katalon.core.webui.keyword.WebUiBuiltInKeywords.modifyObjectProperty(product, "xpath", "equals", "//*[@id = "fldvendor" + row + ""]", true): Modify property of object successfully

2018-06-09 19:51:17 - [MESSAGE][PASSED] - Modify property of object successfully

2018-06-09 19:51:17 - [TEST_STEP][PASSED] - selectOptionByIndex: All options with index in [1] are selected on object ''

2018-06-09 19:51:17 - [MESSAGE][PASSED] - All options with index in [1] are selected on object ''

2018-06-09 19:51:17 - [TEST_STEP][PASSED] - delay: Delayed 2 second(s)

2018-06-09 19:51:19 - [MESSAGE][PASSED] - Delayed 2 second(s)

2018-06-09 19:51:19 - [TEST_STEP][PASSED] - Statement - batch = new com.kms.katalon.core.testobject.TestObject(): null

2018-06-09 19:51:19 - [TEST_STEP][PASSED] - Statement - batch = com.kms.katalon.core.webui.keyword.WebUiBuiltInKeywords.modifyObjectProperty(batch, "xpath", "equals", "//*[@id = "txtbthqty" + row + ""]", true): Modify property of object successfully

2018-06-09 19:51:19 - [MESSAGE][PASSED] - Modify property of object successfully

2018-06-09 19:51:19 - [TEST_STEP][PASSED] - Statement - batchqty = com.kms.katalon.core.webui.keyword.WebUiBuiltInKeywords.getAttribute(batch, "value").trim(): Attribute 'value' of object '' is: '36200'

2018-06-09 19:51:19 - [MESSAGE][PASSED] - Attribute 'value' of object '' is: '36200'

2018-06-09 19:51:19 - [TEST_STEP][PASSED] - Statement - Rqty = 100: null

2018-06-09 19:51:19 - [TEST_STEP][PASSED] - Statement - out.println("BatchQty : " + batchqty): null

2018-06-09 19:51:19 - [TEST_STEP][PASSED] - Statement - out.println("RQty : " + Rqty): null

2018-06-09 19:51:19 - [TEST_STEP][PASSED] - Statement - If (java.lang.Integer.valueOf(batchqty) >= java.lang.Integer.valueOf(Rqty)): null

2018-06-09 19:51:19 - [TEST_STEP][PASSED] - Statement - Break: null

2018-06-09 19:51:19 - [TEST_STEP][PASSED] - Statement - batchlength = new com.kms.katalon.core.testobject.TestObject(): null

2018-06-09 19:51:19 - [TEST_STEP][PASSED] - Statement - batchlength = com.kms.katalon.core.webui.keyword.WebUiBuiltInKeywords.modifyObjectProperty(batchlength, "xpath", "equals", "//*[@id = "fldvendor" + row + ""]", true): Modify property of object successfully

2018-06-09 19:51:19 - [MESSAGE][PASSED] - Modify property of object successfully

2018-06-09 19:51:19 - [TEST_STEP][PASSED] - Statement - batchsize = com.kms.katalon.core.webui.keyword.WebUiBuiltInKeywords.getNumberOfTotalOption(batchlength): 12 options of object '' counted

2018-06-09 19:51:19 - [MESSAGE][PASSED] - 12 options of object '' counted

2018-06-09 19:51:19 - [TEST_STEP][PASSED] - Statement - out.println("BatchSize : " + batchsize): null

2018-06-09 19:51:19 - [TEST_STEP][PASSED] - Statement - For ([n = 1, n <= batchsize - 1, (n++)]): null

2018-06-09 19:51:19 - [TEST_STEP][PASSED] - Statement - product = new com.kms.katalon.core.testobject.TestObject(): null

2018-06-09 19:51:19 - [TEST_STEP][PASSED] - Statement - product = com.kms.katalon.core.webui.keyword.WebUiBuiltInKeywords.modifyObjectProperty(product, "xpath", "equals", "//*[@id = "fldvendor" + row + ""]", true): Modify property of object successfully

2018-06-09 19:51:19 - [MESSAGE][PASSED] - Modify property of object successfully

2018-06-09 19:51:19 - [TEST_STEP][PASSED] - selectOptionByIndex: All options with index in [1] are selected on object ''

2018-06-09 19:51:19 - [MESSAGE][PASSED] - All options with index in [1] are selected on object ''

2018-06-09 19:51:19 - [TEST_STEP][PASSED] - delay: Delayed 2 second(s)

2018-06-09 19:51:21 - [MESSAGE][PASSED] - Delayed 2 second(s)

2018-06-09 19:51:21 - [TEST_STEP][PASSED] - Statement - batch = new com.kms.katalon.core.testobject.TestObject(): null

2018-06-09 19:51:21 - [TEST_STEP][PASSED] - Statement - batch = com.kms.katalon.core.webui.keyword.WebUiBuiltInKeywords.modifyObjectProperty(batch, "xpath", "equals", "//*[@id = "txtbthqty" + row + ""]", true): Modify property of object successfully

2018-06-09 19:51:21 - [MESSAGE][PASSED] - Modify property of object successfully

2018-06-09 19:51:21 - [TEST_STEP][PASSED] - Statement - batchqty = com.kms.katalon.core.webui.keyword.WebUiBuiltInKeywords.getAttribute(batch, "value").trim(): Attribute 'value' of object '' is: '4400'

2018-06-09 19:51:22 - [MESSAGE][PASSED] - Attribute 'value' of object '' is: '4400'

2018-06-09 19:51:22 - [TEST_STEP][PASSED] - Statement - Rqty = 100: null

2018-06-09 19:51:22 - [TEST_STEP][PASSED] - Statement - out.println("BatchQty : " + batchqty): null

2018-06-09 19:51:22 - [TEST_STEP][PASSED] - Statement - out.println("RQty : " + Rqty): null

2018-06-09 19:51:22 - [TEST_STEP][PASSED] - Statement - If (java.lang.Integer.valueOf(batchqty) >= java.lang.Integer.valueOf(Rqty)): null

2018-06-09 19:51:22 - [TEST_STEP][PASSED] - Statement - Break: null

2018-06-09 19:51:22 - [TEST_STEP][PASSED] - Statement - batchlength = new com.kms.katalon.core.testobject.TestObject(): null

2018-06-09 19:51:22 - [TEST_STEP][PASSED] - Statement - batchlength = com.kms.katalon.core.webui.keyword.WebUiBuiltInKeywords.modifyObjectProperty(batchlength, "xpath", "equals", "//*[@id = "fldvendor" + row + ""]", true): Modify property of object successfully

2018-06-09 19:51:22 - [MESSAGE][PASSED] - Modify property of object successfully

2018-06-09 19:51:22 - [TEST_STEP][PASSED] - Statement - batchsize = com.kms.katalon.core.webui.keyword.WebUiBuiltInKeywords.getNumberOfTotalOption(batchlength): 12 options of object '' counted

2018-06-09 19:51:22 - [MESSAGE][PASSED] - 12 options of object '' counted

2018-06-09 19:51:22 - [TEST_STEP][PASSED] - Statement - out.println("BatchSize : " + batchsize): null

2018-06-09 19:51:22 - [TEST_STEP][PASSED] - Statement - For ([n = 1, n <= batchsize - 1, (n++)]): null

2018-06-09 19:51:22 - [TEST_STEP][PASSED] - Statement - product = new com.kms.katalon.core.testobject.TestObject(): null

2018-06-09 19:51:22 - [TEST_STEP][PASSED] - Statement - product = com.kms.katalon.core.webui.keyword.WebUiBuiltInKeywords.modifyObjectProperty(product, "xpath", "equals", "//*[@id = "fldvendor" + row + ""]", true): Modify property of object successfully

2018-06-09 19:51:22 - [MESSAGE][PASSED] - Modify property of object successfully

2018-06-09 19:51:22 - [TEST_STEP][PASSED] - selectOptionByIndex: All options with index in [1] are selected on object ''

2018-06-09 19:51:22 - [MESSAGE][PASSED] - All options with index in [1] are selected on object ''

2018-06-09 19:51:22 - [TEST_STEP][PASSED] - delay: Delayed 2 second(s)

2018-06-09 19:51:24 - [MESSAGE][PASSED] - Delayed 2 second(s)

2018-06-09 19:51:24 - [TEST_STEP][PASSED] - Statement - batch = new com.kms.katalon.core.testobject.TestObject(): null

2018-06-09 19:51:24 - [TEST_STEP][PASSED] - Statement - batch = com.kms.katalon.core.webui.keyword.WebUiBuiltInKeywords.modifyObjectProperty(batch, "xpath", "equals", "//*[@id = "txtbthqty" + row + ""]", true): Modify property of object successfully

2018-06-09 19:51:24 - [MESSAGE][PASSED] - Modify property of object successfully

2018-06-09 19:51:24 - [TEST_STEP][PASSED] - Statement - batchqty = com.kms.katalon.core.webui.keyword.WebUiBuiltInKeywords.getAttribute(batch, "value").trim(): Attribute 'value' of object '' is: '1100'

2018-06-09 19:51:24 - [MESSAGE][PASSED] - Attribute 'value' of object '' is: '1100'

2018-06-09 19:51:24 - [TEST_STEP][PASSED] - Statement - Rqty = 100: null

2018-06-09 19:51:24 - [TEST_STEP][PASSED] - Statement - out.println("BatchQty : " + batchqty): null

2018-06-09 19:51:24 - [TEST_STEP][PASSED] - Statement - out.println("RQty : " + Rqty): null

2018-06-09 19:51:24 - [TEST_STEP][PASSED] - Statement - If (java.lang.Integer.valueOf(batchqty) >= java.lang.Integer.valueOf(Rqty)): null

2018-06-09 19:51:24 - [TEST_STEP][PASSED] - Statement - Break: null

2018-06-09 19:51:24 - [TEST_STEP][PASSED] - Statement - batchlength = new com.kms.katalon.core.testobject.TestObject(): null

2018-06-09 19:51:24 - [TEST_STEP][PASSED] - Statement - batchlength = com.kms.katalon.core.webui.keyword.WebUiBuiltInKeywords.modifyObjectProperty(batchlength, "xpath", "equals", "//*[@id = "fldvendor" + row + ""]", true): Modify property of object successfully

2018-06-09 19:51:24 - [MESSAGE][PASSED] - Modify property of object successfully

2018-06-09 19:51:24 - [TEST_STEP][PASSED] - Statement - batchsize = com.kms.katalon.core.webui.keyword.WebUiBuiltInKeywords.getNumberOfTotalOption(batchlength): 11 options of object '' counted

2018-06-09 19:51:24 - [MESSAGE][PASSED] - 11 options of object '' counted

2018-06-09 19:51:24 - [TEST_STEP][PASSED] - Statement - out.println("BatchSize : " + batchsize): null

2018-06-09 19:51:24 - [TEST_STEP][PASSED] - Statement - For ([n = 1, n <= batchsize - 1, (n++)]): null

2018-06-09 19:51:24 - [TEST_STEP][PASSED] - Statement - product = new com.kms.katalon.core.testobject.TestObject(): null

2018-06-09 19:51:24 - [TEST_STEP][PASSED] - Statement - product = com.kms.katalon.core.webui.keyword.WebUiBuiltInKeywords.modifyObjectProperty(product, "xpath", "equals", "//*[@id = "fldvendor" + row + ""]", true): Modify property of object successfully

2018-06-09 19:51:24 - [MESSAGE][PASSED] - Modify property of object successfully

2018-06-09 19:51:24 - [TEST_STEP][PASSED] - selectOptionByIndex: All options with index in [1] are selected on object ''

2018-06-09 19:51:24 - [MESSAGE][PASSED] - All options with index in [1] are selected on object ''

2018-06-09 19:51:24 - [TEST_STEP][PASSED] - delay: Delayed 2 second(s)

2018-06-09 19:51:26 - [MESSAGE][PASSED] - Delayed 2 second(s)

2018-06-09 19:51:26 - [TEST_STEP][PASSED] - Statement - batch = new com.kms.katalon.core.testobject.TestObject(): null

2018-06-09 19:51:26 - [TEST_STEP][PASSED] - Statement - batch = com.kms.katalon.core.webui.keyword.WebUiBuiltInKeywords.modifyObjectProperty(batch, "xpath", "equals", "//*[@id = "txtbthqty" + row + ""]", true): Modify property of object successfully

2018-06-09 19:51:26 - [MESSAGE][PASSED] - Modify property of object successfully

2018-06-09 19:51:26 - [TEST_STEP][PASSED] - Statement - batchqty = com.kms.katalon.core.webui.keyword.WebUiBuiltInKeywords.getAttribute(batch, "value").trim(): Attribute 'value' of object '' is: '1300'

2018-06-09 19:51:26 - [MESSAGE][PASSED] - Attribute 'value' of object '' is: '1300'

2018-06-09 19:51:26 - [TEST_STEP][PASSED] - Statement - Rqty = 100: null

2018-06-09 19:51:26 - [TEST_STEP][PASSED] - Statement - out.println("BatchQty : " + batchqty): null

2018-06-09 19:51:26 - [TEST_STEP][PASSED] - Statement - out.println("RQty : " + Rqty): null

2018-06-09 19:51:26 - [TEST_STEP][PASSED] - Statement - If (java.lang.Integer.valueOf(batchqty) >= java.lang.Integer.valueOf(Rqty)): null

2018-06-09 19:51:26 - [TEST_STEP][PASSED] - Statement - Break: null

2018-06-09 19:51:26 - [TEST_STEP][PASSED] - Statement - batchlength = new com.kms.katalon.core.testobject.TestObject(): null

2018-06-09 19:51:26 - [TEST_STEP][PASSED] - Statement - batchlength = com.kms.katalon.core.webui.keyword.WebUiBuiltInKeywords.modifyObjectProperty(batchlength, "xpath", "equals", "//*[@id = "fldvendor" + row + ""]", true): Modify property of object successfully

2018-06-09 19:51:26 - [MESSAGE][PASSED] - Modify property of object successfully

2018-06-09 19:51:26 - [TEST_STEP][PASSED] - Statement - batchsize = com.kms.katalon.core.webui.keyword.WebUiBuiltInKeywords.getNumberOfTotalOption(batchlength): 12 options of object '' counted

2018-06-09 19:51:26 - [MESSAGE][PASSED] - 12 options of object '' counted

2018-06-09 19:51:26 - [TEST_STEP][PASSED] - Statement - out.println("BatchSize : " + batchsize): null

2018-06-09 19:51:26 - [TEST_STEP][PASSED] - Statement - For ([n = 1, n <= batchsize - 1, (n++)]): null

2018-06-09 19:51:26 - [TEST_STEP][PASSED] - Statement - product = new com.kms.katalon.core.testobject.TestObject(): null

2018-06-09 19:51:26 - [TEST_STEP][PASSED] - Statement - product = com.kms.katalon.core.webui.keyword.WebUiBuiltInKeywords.modifyObjectProperty(product, "xpath", "equals", "//*[@id = "fldvendor" + row + ""]", true): Modify property of object successfully

2018-06-09 19:51:26 - [MESSAGE][PASSED] - Modify property of object successfully

2018-06-09 19:51:26 - [TEST_STEP][PASSED] - selectOptionByIndex: All options with index in [1] are selected on object ''

2018-06-09 19:51:26 - [MESSAGE][PASSED] - All options with index in [1] are selected on object ''

2018-06-09 19:51:26 - [TEST_STEP][PASSED] - delay: Delayed 2 second(s)

2018-06-09 19:51:28 - [MESSAGE][PASSED] - Delayed 2 second(s)

2018-06-09 19:51:28 - [TEST_STEP][PASSED] - Statement - batch = new com.kms.katalon.core.testobject.TestObject(): null

2018-06-09 19:51:28 - [TEST_STEP][PASSED] - Statement - batch = com.kms.katalon.core.webui.keyword.WebUiBuiltInKeywords.modifyObjectProperty(batch, "xpath", "equals", "//*[@id = "txtbthqty" + row + ""]", true): Modify property of object successfully

2018-06-09 19:51:28 - [MESSAGE][PASSED] - Modify property of object successfully

2018-06-09 19:51:28 - [TEST_STEP][PASSED] - Statement - batchqty = com.kms.katalon.core.webui.keyword.WebUiBuiltInKeywords.getAttribute(batch, "value").trim(): Attribute 'value' of object '' is: '4400'

2018-06-09 19:51:28 - [MESSAGE][PASSED] - Attribute 'value' of object '' is: '4400'

2018-06-09 19:51:28 - [TEST_STEP][PASSED] - Statement - Rqty = 100: null

2018-06-09 19:51:28 - [TEST_STEP][PASSED] - Statement - out.println("BatchQty : " + batchqty): null

2018-06-09 19:51:28 - [TEST_STEP][PASSED] - Statement - out.println("RQty : " + Rqty): null

2018-06-09 19:51:28 - [TEST_STEP][PASSED] - Statement - If (java.lang.Integer.valueOf(batchqty) >= java.lang.Integer.valueOf(Rqty)): null

2018-06-09 19:51:28 - [TEST_STEP][PASSED] - Statement - Break: null

2018-06-09 19:51:28 - [TEST_STEP][PASSED] - Statement - batchlength = new com.kms.katalon.core.testobject.TestObject(): null

2018-06-09 19:51:28 - [TEST_STEP][PASSED] - Statement - batchlength = com.kms.katalon.core.webui.keyword.WebUiBuiltInKeywords.modifyObjectProperty(batchlength, "xpath", "equals", "//*[@id = "fldvendor" + row + ""]", true): Modify property of object successfully

2018-06-09 19:51:28 - [MESSAGE][PASSED] - Modify property of object successfully

2018-06-09 19:51:28 - [TEST_STEP][PASSED] - Statement - batchsize = com.kms.katalon.core.webui.keyword.WebUiBuiltInKeywords.getNumberOfTotalOption(batchlength): 12 options of object '' counted

2018-06-09 19:51:28 - [MESSAGE][PASSED] - 12 options of object '' counted

2018-06-09 19:51:28 - [TEST_STEP][PASSED] - Statement - out.println("BatchSize : " + batchsize): null

2018-06-09 19:51:28 - [TEST_STEP][PASSED] - Statement - For ([n = 1, n <= batchsize - 1, (n++)]): null

2018-06-09 19:51:28 - [TEST_STEP][PASSED] - Statement - product = new com.kms.katalon.core.testobject.TestObject(): null

2018-06-09 19:51:28 - [TEST_STEP][PASSED] - Statement - product = com.kms.katalon.core.webui.keyword.WebUiBuiltInKeywords.modifyObjectProperty(product, "xpath", "equals", "//*[@id = "fldvendor" + row + ""]", true): Modify property of object successfully

2018-06-09 19:51:28 - [MESSAGE][PASSED] - Modify property of object successfully

2018-06-09 19:51:28 - [TEST_STEP][PASSED] - selectOptionByIndex: All options with index in [1] are selected on object ''

2018-06-09 19:51:28 - [MESSAGE][PASSED] - All options with index in [1] are selected on object ''

2018-06-09 19:51:28 - [TEST_STEP][PASSED] - delay: Delayed 2 second(s)

2018-06-09 19:51:30 - [MESSAGE][PASSED] - Delayed 2 second(s)

2018-06-09 19:51:30 - [TEST_STEP][PASSED] - Statement - batch = new com.kms.katalon.core.testobject.TestObject(): null

2018-06-09 19:51:30 - [TEST_STEP][PASSED] - Statement - batch = com.kms.katalon.core.webui.keyword.WebUiBuiltInKeywords.modifyObjectProperty(batch, "xpath", "equals", "//*[@id = "txtbthqty" + row + ""]", true): Modify property of object successfully

2018-06-09 19:51:30 - [MESSAGE][PASSED] - Modify property of object successfully

2018-06-09 19:51:30 - [TEST_STEP][PASSED] - Statement - batchqty = com.kms.katalon.core.webui.keyword.WebUiBuiltInKeywords.getAttribute(batch, "value").trim(): Attribute 'value' of object '' is: '1300'

2018-06-09 19:51:30 - [MESSAGE][PASSED] - Attribute 'value' of object '' is: '1300'

2018-06-09 19:51:30 - [TEST_STEP][PASSED] - Statement - Rqty = 100: null

2018-06-09 19:51:30 - [TEST_STEP][PASSED] - Statement - out.println("BatchQty : " + batchqty): null

2018-06-09 19:51:30 - [TEST_STEP][PASSED] - Statement - out.println("RQty : " + Rqty): null

2018-06-09 19:51:30 - [TEST_STEP][PASSED] - Statement - If (java.lang.Integer.valueOf(batchqty) >= java.lang.Integer.valueOf(Rqty)): null

2018-06-09 19:51:30 - [TEST_STEP][PASSED] - Statement - Break: null

2018-06-09 19:51:30 - [TEST_STEP][PASSED] - Statement - batchlength = new com.kms.katalon.core.testobject.TestObject(): null

2018-06-09 19:51:30 - [TEST_STEP][PASSED] - Statement - batchlength = com.kms.katalon.core.webui.keyword.WebUiBuiltInKeywords.modifyObjectProperty(batchlength, "xpath", "equals", "//*[@id = "fldvendor" + row + ""]", true): Modify property of object successfully

2018-06-09 19:51:30 - [MESSAGE][PASSED] - Modify property of object successfully

2018-06-09 19:51:30 - [TEST_STEP][PASSED] - Statement - batchsize = com.kms.katalon.core.webui.keyword.WebUiBuiltInKeywords.getNumberOfTotalOption(batchlength): 12 options of object '' counted

2018-06-09 19:51:31 - [MESSAGE][PASSED] - 12 options of object '' counted

2018-06-09 19:51:31 - [TEST_STEP][PASSED] - Statement - out.println("BatchSize : " + batchsize): null

2018-06-09 19:51:31 - [TEST_STEP][PASSED] - Statement - For ([n = 1, n <= batchsize - 1, (n++)]): null

2018-06-09 19:51:31 - [TEST_STEP][PASSED] - Statement - product = new com.kms.katalon.core.testobject.TestObject(): null

2018-06-09 19:51:31 - [TEST_STEP][PASSED] - Statement - product = com.kms.katalon.core.webui.keyword.WebUiBuiltInKeywords.modifyObjectProperty(product, "xpath", "equals", "//*[@id = "fldvendor" + row + ""]", true): Modify property of object successfully

2018-06-09 19:51:31 - [MESSAGE][PASSED] - Modify property of object successfully

2018-06-09 19:51:31 - [TEST_STEP][PASSED] - selectOptionByIndex: All options with index in [1] are selected on object ''

2018-06-09 19:51:31 - [MESSAGE][PASSED] - All options with index in [1] are selected on object ''

2018-06-09 19:51:31 - [TEST_STEP][PASSED] - delay: Delayed 2 second(s)

2018-06-09 19:51:33 - [MESSAGE][PASSED] - Delayed 2 second(s)

2018-06-09 19:51:33 - [TEST_STEP][PASSED] - Statement - batch = new com.kms.katalon.core.testobject.TestObject(): null

2018-06-09 19:51:33 - [TEST_STEP][PASSED] - Statement - batch = com.kms.katalon.core.webui.keyword.WebUiBuiltInKeywords.modifyObjectProperty(batch, "xpath", "equals", "//*[@id = "txtbthqty" + row + ""]", true): Modify property of object successfully

2018-06-09 19:51:33 - [MESSAGE][PASSED] - Modify property of object successfully

2018-06-09 19:51:33 - [TEST_STEP][PASSED] - Statement - batchqty = com.kms.katalon.core.webui.keyword.WebUiBuiltInKeywords.getAttribute(batch, "value").trim(): Attribute 'value' of object '' is: '4400'

2018-06-09 19:51:33 - [MESSAGE][PASSED] - Attribute 'value' of object '' is: '4400'

2018-06-09 19:51:33 - [TEST_STEP][PASSED] - Statement - Rqty = 100: null

2018-06-09 19:51:33 - [TEST_STEP][PASSED] - Statement - out.println("BatchQty : " + batchqty): null

2018-06-09 19:51:33 - [TEST_STEP][PASSED] - Statement - out.println("RQty : " + Rqty): null

2018-06-09 19:51:33 - [TEST_STEP][PASSED] - Statement - If (java.lang.Integer.valueOf(batchqty) >= java.lang.Integer.valueOf(Rqty)): null

2018-06-09 19:51:33 - [TEST_STEP][PASSED] - Statement - Break: null

2018-06-09 19:51:33 - [TEST_STEP][PASSED] - Statement - batchlength = new com.kms.katalon.core.testobject.TestObject(): null

2018-06-09 19:51:33 - [TEST_STEP][PASSED] - Statement - batchlength = com.kms.katalon.core.webui.keyword.WebUiBuiltInKeywords.modifyObjectProperty(batchlength, "xpath", "equals", "//*[@id = "fldvendor" + row + ""]", true): Modify property of object successfully

2018-06-09 19:51:33 - [MESSAGE][PASSED] - Modify property of object successfully

2018-06-09 19:51:33 - [TEST_STEP][PASSED] - Statement - batchsize = com.kms.katalon.core.webui.keyword.WebUiBuiltInKeywords.getNumberOfTotalOption(batchlength): 11 options of object '' counted

2018-06-09 19:51:33 - [MESSAGE][PASSED] - 11 options of object '' counted

2018-06-09 19:51:33 - [TEST_STEP][PASSED] - Statement - out.println("BatchSize : " + batchsize): null

2018-06-09 19:51:33 - [TEST_STEP][PASSED] - Statement - For ([n = 1, n <= batchsize - 1, (n++)]): null

2018-06-09 19:51:33 - [TEST_STEP][PASSED] - Statement - product = new com.kms.katalon.core.testobject.TestObject(): null

2018-06-09 19:51:33 - [TEST_STEP][PASSED] - Statement - product = com.kms.katalon.core.webui.keyword.WebUiBuiltInKeywords.modifyObjectProperty(product, "xpath", "equals", "//*[@id = "fldvendor" + row + ""]", true): Modify property of object successfully

2018-06-09 19:51:33 - [MESSAGE][PASSED] - Modify property of object successfully

2018-06-09 19:51:33 - [TEST_STEP][PASSED] - selectOptionByIndex: All options with index in [1] are selected on object ''

2018-06-09 19:51:33 - [MESSAGE][PASSED] - All options with index in [1] are selected on object ''

2018-06-09 19:51:33 - [TEST_STEP][PASSED] - delay: Delayed 2 second(s)

2018-06-09 19:51:35 - [MESSAGE][PASSED] - Delayed 2 second(s)

2018-06-09 19:51:35 - [TEST_STEP][PASSED] - Statement - batch = new com.kms.katalon.core.testobject.TestObject(): null

2018-06-09 19:51:35 - [TEST_STEP][PASSED] - Statement - batch = com.kms.katalon.core.webui.keyword.WebUiBuiltInKeywords.modifyObjectProperty(batch, "xpath", "equals", "//*[@id = "txtbthqty" + row + ""]", true): Modify property of object successfully

2018-06-09 19:51:35 - [MESSAGE][PASSED] - Modify property of object successfully

2018-06-09 19:51:35 - [TEST_STEP][PASSED] - Statement - batchqty = com.kms.katalon.core.webui.keyword.WebUiBuiltInKeywords.getAttribute(batch, "value").trim(): Attribute 'value' of object '' is: '3000'

2018-06-09 19:51:35 - [MESSAGE][PASSED] - Attribute 'value' of object '' is: '3000'

2018-06-09 19:51:35 - [TEST_STEP][PASSED] - Statement - Rqty = 100: null

2018-06-09 19:51:35 - [TEST_STEP][PASSED] - Statement - out.println("BatchQty : " + batchqty): null

2018-06-09 19:51:35 - [TEST_STEP][PASSED] - Statement - out.println("RQty : " + Rqty): null

2018-06-09 19:51:35 - [TEST_STEP][PASSED] - Statement - If (java.lang.Integer.valueOf(batchqty) >= java.lang.Integer.valueOf(Rqty)): null

2018-06-09 19:51:35 - [TEST_STEP][PASSED] - Statement - Break: null

2018-06-09 19:51:35 - [TEST_STEP][PASSED] - Statement - batchlength = new com.kms.katalon.core.testobject.TestObject(): null

2018-06-09 19:51:35 - [TEST_STEP][PASSED] - Statement - batchlength = com.kms.katalon.core.webui.keyword.WebUiBuiltInKeywords.modifyObjectProperty(batchlength, "xpath", "equals", "//*[@id = "fldvendor" + row + ""]", true): Modify property of object successfully

2018-06-09 19:51:35 - [MESSAGE][PASSED] - Modify property of object successfully

2018-06-09 19:51:35 - [TEST_STEP][PASSED] - Statement - batchsize = com.kms.katalon.core.webui.keyword.WebUiBuiltInKeywords.getNumberOfTotalOption(batchlength): 11 options of object '' counted

2018-06-09 19:51:35 - [MESSAGE][PASSED] - 11 options of object '' counted

2018-06-09 19:51:35 - [TEST_STEP][PASSED] - Statement - out.println("BatchSize : " + batchsize): null

2018-06-09 19:51:35 - [TEST_STEP][PASSED] - Statement - For ([n = 1, n <= batchsize - 1, (n++)]): null

2018-06-09 19:51:35 - [TEST_STEP][PASSED] - Statement - product = new com.kms.katalon.core.testobject.TestObject(): null

2018-06-09 19:51:35 - [TEST_STEP][PASSED] - Statement - product = com.kms.katalon.core.webui.keyword.WebUiBuiltInKeywords.modifyObjectProperty(product, "xpath", "equals", "//*[@id = "fldvendor" + row + ""]", true): Modify property of object successfully

2018-06-09 19:51:35 - [MESSAGE][PASSED] - Modify property of object successfully

2018-06-09 19:51:35 - [TEST_STEP][PASSED] - selectOptionByIndex: All options with index in [1] are selected on object ''

2018-06-09 19:51:35 - [MESSAGE][PASSED] - All options with index in [1] are selected on object ''

2018-06-09 19:51:35 - [TEST_STEP][PASSED] - delay: Delayed 2 second(s)

2018-06-09 19:51:37 - [MESSAGE][PASSED] - Delayed 2 second(s)

2018-06-09 19:51:37 - [TEST_STEP][PASSED] - Statement - batch = new com.kms.katalon.core.testobject.TestObject(): null

2018-06-09 19:51:37 - [TEST_STEP][PASSED] - Statement - batch = com.kms.katalon.core.webui.keyword.WebUiBuiltInKeywords.modifyObjectProperty(batch, "xpath", "equals", "//*[@id = "txtbthqty" + row + ""]", true): Modify property of object successfully

2018-06-09 19:51:37 - [MESSAGE][PASSED] - Modify property of object successfully

2018-06-09 19:51:37 - [TEST_STEP][PASSED] - Statement - batchqty = com.kms.katalon.core.webui.keyword.WebUiBuiltInKeywords.getAttribute(batch, "value").trim(): Attribute 'value' of object '' is: '3000'

2018-06-09 19:51:37 - [MESSAGE][PASSED] - Attribute 'value' of object '' is: '3000'

2018-06-09 19:51:37 - [TEST_STEP][PASSED] - Statement - Rqty = 100: null

2018-06-09 19:51:37 - [TEST_STEP][PASSED] - Statement - out.println("BatchQty : " + batchqty): null

2018-06-09 19:51:37 - [TEST_STEP][PASSED] - Statement - out.println("RQty : " + Rqty): null

2018-06-09 19:51:37 - [TEST_STEP][PASSED] - Statement - If (java.lang.Integer.valueOf(batchqty) >= java.lang.Integer.valueOf(Rqty)): null

2018-06-09 19:51:37 - [TEST_STEP][PASSED] - Statement - Break: null

2018-06-09 19:51:37 - [TEST_STEP][PASSED] - Statement - batchlength = new com.kms.katalon.core.testobject.TestObject(): null

2018-06-09 19:51:37 - [TEST_STEP][PASSED] - Statement - batchlength = com.kms.katalon.core.webui.keyword.WebUiBuiltInKeywords.modifyObjectProperty(batchlength, "xpath", "equals", "//*[@id = "fldvendor" + row + ""]", true): Modify property of object successfully

2018-06-09 19:51:37 - [MESSAGE][PASSED] - Modify property of object successfully

2018-06-09 19:51:37 - [TEST_STEP][PASSED] - Statement - batchsize = com.kms.katalon.core.webui.keyword.WebUiBuiltInKeywords.getNumberOfTotalOption(batchlength): 12 options of object '' counted

2018-06-09 19:51:37 - [MESSAGE][PASSED] - 12 options of object '' counted

2018-06-09 19:51:37 - [TEST_STEP][PASSED] - Statement - out.println("BatchSize : " + batchsize): null

2018-06-09 19:51:37 - [TEST_STEP][PASSED] - Statement - For ([n = 1, n <= batchsize - 1, (n++)]): null

2018-06-09 19:51:37 - [TEST_STEP][PASSED] - Statement - product = new com.kms.katalon.core.testobject.TestObject(): null

2018-06-09 19:51:37 - [TEST_STEP][PASSED] - Statement - product = com.kms.katalon.core.webui.keyword.WebUiBuiltInKeywords.modifyObjectProperty(product, "xpath", "equals", "//*[@id = "fldvendor" + row + ""]", true): Modify property of object successfully

2018-06-09 19:51:37 - [MESSAGE][PASSED] - Modify property of object successfully

2018-06-09 19:51:37 - [TEST_STEP][PASSED] - selectOptionByIndex: All options with index in [1] are selected on object ''

2018-06-09 19:51:37 - [MESSAGE][PASSED] - All options with index in [1] are selected on object ''

2018-06-09 19:51:37 - [TEST_STEP][PASSED] - delay: Delayed 2 second(s)

2018-06-09 19:51:39 - [MESSAGE][PASSED] - Delayed 2 second(s)

2018-06-09 19:51:39 - [TEST_STEP][PASSED] - Statement - batch = new com.kms.katalon.core.testobject.TestObject(): null

2018-06-09 19:51:39 - [TEST_STEP][PASSED] - Statement - batch = com.kms.katalon.core.webui.keyword.WebUiBuiltInKeywords.modifyObjectProperty(batch, "xpath", "equals", "//*[@id = "txtbthqty" + row + ""]", true): Modify property of object successfully

2018-06-09 19:51:39 - [MESSAGE][PASSED] - Modify property of object successfully

2018-06-09 19:51:39 - [TEST_STEP][PASSED] - Statement - batchqty = com.kms.katalon.core.webui.keyword.WebUiBuiltInKeywords.getAttribute(batch, "value").trim(): Attribute 'value' of object '' is: '1300'

2018-06-09 19:51:39 - [MESSAGE][PASSED] - Attribute 'value' of object '' is: '1300'

2018-06-09 19:51:39 - [TEST_STEP][PASSED] - Statement - Rqty = 100: null

2018-06-09 19:51:39 - [TEST_STEP][PASSED] - Statement - out.println("BatchQty : " + batchqty): null

2018-06-09 19:51:39 - [TEST_STEP][PASSED] - Statement - out.println("RQty : " + Rqty): null

2018-06-09 19:51:39 - [TEST_STEP][PASSED] - Statement - If (java.lang.Integer.valueOf(batchqty) >= java.lang.Integer.valueOf(Rqty)): null

2018-06-09 19:51:39 - [TEST_STEP][PASSED] - Statement - Break: null

2018-06-09 19:51:39 - [TEST_STEP][PASSED] - Statement - batchlength = new com.kms.katalon.core.testobject.TestObject(): null

2018-06-09 19:51:39 - [TEST_STEP][PASSED] - Statement - batchlength = com.kms.katalon.core.webui.keyword.WebUiBuiltInKeywords.modifyObjectProperty(batchlength, "xpath", "equals", "//*[@id = "fldvendor" + row + ""]", true): Modify property of object successfully

2018-06-09 19:51:39 - [MESSAGE][PASSED] - Modify property of object successfully

2018-06-09 19:51:39 - [TEST_STEP][PASSED] - Statement - batchsize = com.kms.katalon.core.webui.keyword.WebUiBuiltInKeywords.getNumberOfTotalOption(batchlength): 12 options of object '' counted

2018-06-09 19:51:39 - [MESSAGE][PASSED] - 12 options of object '' counted

2018-06-09 19:51:39 - [TEST_STEP][PASSED] - Statement - out.println("BatchSize : " + batchsize): null

2018-06-09 19:51:39 - [TEST_STEP][PASSED] - Statement - For ([n = 1, n <= batchsize - 1, (n++)]): null

2018-06-09 19:51:39 - [TEST_STEP][PASSED] - Statement - product = new com.kms.katalon.core.testobject.TestObject(): null

2018-06-09 19:51:39 - [TEST_STEP][PASSED] - Statement - product = com.kms.katalon.core.webui.keyword.WebUiBuiltInKeywords.modifyObjectProperty(product, "xpath", "equals", "//*[@id = "fldvendor" + row + ""]", true): Modify property of object successfully

2018-06-09 19:51:39 - [MESSAGE][PASSED] - Modify property of object successfully

2018-06-09 19:51:39 - [TEST_STEP][PASSED] - selectOptionByIndex: All options with index in [1] are selected on object ''

2018-06-09 19:51:40 - [MESSAGE][PASSED] - All options with index in [1] are selected on object ''

2018-06-09 19:51:40 - [TEST_STEP][PASSED] - delay: Delayed 2 second(s)

2018-06-09 19:51:42 - [MESSAGE][PASSED] - Delayed 2 second(s)

2018-06-09 19:51:42 - [TEST_STEP][PASSED] - Statement - batch = new com.kms.katalon.core.testobject.TestObject(): null

2018-06-09 19:51:42 - [TEST_STEP][PASSED] - Statement - batch = com.kms.katalon.core.webui.keyword.WebUiBuiltInKeywords.modifyObjectProperty(batch, "xpath", "equals", "//*[@id = "txtbthqty" + row + ""]", true): Modify property of object successfully

2018-06-09 19:51:42 - [MESSAGE][PASSED] - Modify property of object successfully

2018-06-09 19:51:42 - [TEST_STEP][PASSED] - Statement - batchqty = com.kms.katalon.core.webui.keyword.WebUiBuiltInKeywords.getAttribute(batch, "value").trim(): Attribute 'value' of object '' is: '1100'

2018-06-09 19:51:42 - [MESSAGE][PASSED] - Attribute 'value' of object '' is: '1100'

2018-06-09 19:51:42 - [TEST_STEP][PASSED] - Statement - Rqty = 100: null

2018-06-09 19:51:42 - [TEST_STEP][PASSED] - Statement - out.println("BatchQty : " + batchqty): null

2018-06-09 19:51:42 - [TEST_STEP][PASSED] - Statement - out.println("RQty : " + Rqty): null

2018-06-09 19:51:42 - [TEST_STEP][PASSED] - Statement - If (java.lang.Integer.valueOf(batchqty) >= java.lang.Integer.valueOf(Rqty)): null

2018-06-09 19:51:42 - [TEST_STEP][PASSED] - Statement - Break: null

2018-06-09 19:51:42 - [TEST_STEP][PASSED] - Statement - batchlength = new com.kms.katalon.core.testobject.TestObject(): null

2018-06-09 19:51:42 - [TEST_STEP][PASSED] - Statement - batchlength = com.kms.katalon.core.webui.keyword.WebUiBuiltInKeywords.modifyObjectProperty(batchlength, "xpath", "equals", "//*[@id = "fldvendor" + row + ""]", true): Modify property of object successfully

2018-06-09 19:51:42 - [MESSAGE][PASSED] - Modify property of object successfully

2018-06-09 19:51:42 - [TEST_STEP][PASSED] - Statement - batchsize = com.kms.katalon.core.webui.keyword.WebUiBuiltInKeywords.getNumberOfTotalOption(batchlength): 12 options of object '' counted

2018-06-09 19:51:42 - [MESSAGE][PASSED] - 12 options of object '' counted

2018-06-09 19:51:42 - [TEST_STEP][PASSED] - Statement - out.println("BatchSize : " + batchsize): null

2018-06-09 19:51:42 - [TEST_STEP][PASSED] - Statement - For ([n = 1, n <= batchsize - 1, (n++)]): null

2018-06-09 19:51:42 - [TEST_STEP][PASSED] - Statement - product = new com.kms.katalon.core.testobject.TestObject(): null

2018-06-09 19:51:42 - [TEST_STEP][PASSED] - Statement - product = com.kms.katalon.core.webui.keyword.WebUiBuiltInKeywords.modifyObjectProperty(product, "xpath", "equals", "//*[@id = "fldvendor" + row + ""]", true): Modify property of object successfully

2018-06-09 19:51:42 - [MESSAGE][PASSED] - Modify property of object successfully

2018-06-09 19:51:42 - [TEST_STEP][PASSED] - selectOptionByIndex: All options with index in [1] are selected on object ''

2018-06-09 19:51:42 - [MESSAGE][PASSED] - All options with index in [1] are selected on object ''

2018-06-09 19:51:42 - [TEST_STEP][PASSED] - delay: Delayed 2 second(s)

2018-06-09 19:51:44 - [MESSAGE][PASSED] - Delayed 2 second(s)

2018-06-09 19:51:44 - [TEST_STEP][PASSED] - Statement - batch = new com.kms.katalon.core.testobject.TestObject(): null

2018-06-09 19:51:44 - [TEST_STEP][PASSED] - Statement - batch = com.kms.katalon.core.webui.keyword.WebUiBuiltInKeywords.modifyObjectProperty(batch, "xpath", "equals", "//*[@id = "txtbthqty" + row + ""]", true): Modify property of object successfully

2018-06-09 19:51:44 - [MESSAGE][PASSED] - Modify property of object successfully

2018-06-09 19:51:44 - [TEST_STEP][PASSED] - Statement - batchqty = com.kms.katalon.core.webui.keyword.WebUiBuiltInKeywords.getAttribute(batch, "value").trim(): Attribute 'value' of object '' is: '1300'

2018-06-09 19:51:44 - [MESSAGE][PASSED] - Attribute 'value' of object '' is: '1300'

2018-06-09 19:51:44 - [TEST_STEP][PASSED] - Statement - Rqty = 100: null

2018-06-09 19:51:44 - [TEST_STEP][PASSED] - Statement - out.println("BatchQty : " + batchqty): null

2018-06-09 19:51:44 - [TEST_STEP][PASSED] - Statement - out.println("RQty : " + Rqty): null

2018-06-09 19:51:44 - [TEST_STEP][PASSED] - Statement - If (java.lang.Integer.valueOf(batchqty) >= java.lang.Integer.valueOf(Rqty)): null

2018-06-09 19:51:44 - [TEST_STEP][PASSED] - Statement - Break: null

2018-06-09 19:51:44 - [TEST_STEP][PASSED] - Statement - batchlength = new com.kms.katalon.core.testobject.TestObject(): null

2018-06-09 19:51:44 - [TEST_STEP][PASSED] - Statement - batchlength = com.kms.katalon.core.webui.keyword.WebUiBuiltInKeywords.modifyObjectProperty(batchlength, "xpath", "equals", "//*[@id = "fldvendor" + row + ""]", true): Modify property of object successfully

2018-06-09 19:51:44 - [MESSAGE][PASSED] - Modify property of object successfully

2018-06-09 19:51:44 - [TEST_STEP][PASSED] - Statement - batchsize = com.kms.katalon.core.webui.keyword.WebUiBuiltInKeywords.getNumberOfTotalOption(batchlength): 11 options of object '' counted

2018-06-09 19:51:44 - [MESSAGE][PASSED] - 11 options of object '' counted

2018-06-09 19:51:44 - [TEST_STEP][PASSED] - Statement - out.println("BatchSize : " + batchsize): null

2018-06-09 19:51:44 - [TEST_STEP][PASSED] - Statement - For ([n = 1, n <= batchsize - 1, (n++)]): null

2018-06-09 19:51:44 - [TEST_STEP][PASSED] - Statement - product = new com.kms.katalon.core.testobject.TestObject(): null

2018-06-09 19:51:44 - [TEST_STEP][PASSED] - Statement - product = com.kms.katalon.core.webui.keyword.WebUiBuiltInKeywords.modifyObjectProperty(product, "xpath", "equals", "//*[@id = "fldvendor" + row + ""]", true): Modify property of object successfully

2018-06-09 19:51:44 - [MESSAGE][PASSED] - Modify property of object successfully

2018-06-09 19:51:44 - [TEST_STEP][PASSED] - selectOptionByIndex: All options with index in [1] are selected on object ''

2018-06-09 19:51:44 - [MESSAGE][PASSED] - All options with index in [1] are selected on object ''

2018-06-09 19:51:44 - [TEST_STEP][PASSED] - delay: Delayed 2 second(s)

2018-06-09 19:51:46 - [MESSAGE][PASSED] - Delayed 2 second(s)

2018-06-09 19:51:46 - [TEST_STEP][PASSED] - Statement - batch = new com.kms.katalon.core.testobject.TestObject(): null

2018-06-09 19:51:46 - [TEST_STEP][PASSED] - Statement - batch = com.kms.katalon.core.webui.keyword.WebUiBuiltInKeywords.modifyObjectProperty(batch, "xpath", "equals", "//*[@id = "txtbthqty" + row + ""]", true): Modify property of object successfully

2018-06-09 19:51:46 - [MESSAGE][PASSED] - Modify property of object successfully

2018-06-09 19:51:46 - [TEST_STEP][PASSED] - Statement - batchqty = com.kms.katalon.core.webui.keyword.WebUiBuiltInKeywords.getAttribute(batch, "value").trim(): Attribute 'value' of object '' is: '4400'

2018-06-09 19:51:46 - [MESSAGE][PASSED] - Attribute 'value' of object '' is: '4400'

2018-06-09 19:51:46 - [TEST_STEP][PASSED] - Statement - Rqty = 100: null

2018-06-09 19:51:46 - [TEST_STEP][PASSED] - Statement - out.println("BatchQty : " + batchqty): null

2018-06-09 19:51:46 - [TEST_STEP][PASSED] - Statement - out.println("RQty : " + Rqty): null

2018-06-09 19:51:46 - [TEST_STEP][PASSED] - Statement - If (java.lang.Integer.valueOf(batchqty) >= java.lang.Integer.valueOf(Rqty)): null

2018-06-09 19:51:46 - [TEST_STEP][PASSED] - Statement - Break: null

2018-06-09 19:51:46 - [TEST_STEP][PASSED] - click: Object: 'Object Repository/store Request Schedule 1/Page_KDMC - CMS/input_btndispatch' is clicked on

2018-06-09 19:51:46 - [MESSAGE][PASSED] - Object: 'Object Repository/store Request Schedule 1/Page_KDMC - CMS/input_btndispatch' is clicked on

2018-06-09 19:51:46 - [TEST_STEP][PASSED] - waitForElementVisible: Object 'Object Repository/store Request Schedule 1/Page_KDMC - CMS/button_OK' is visible

2018-06-09 19:51:47 - [MESSAGE][PASSED] - Object 'Object Repository/store Request Schedule 1/Page_KDMC - CMS/button_OK' is visible

2018-06-09 19:51:47 - [TEST_STEP][PASSED] - click: Object: 'Object Repository/store Request Schedule 1/Page_KDMC - CMS/button_OK' is clicked on

2018-06-09 19:51:48 - [MESSAGE][PASSED] - Object: 'Object Repository/store Request Schedule 1/Page_KDMC - CMS/button_OK' is clicked on

2018-06-09 19:51:48 - [TEST_STEP][PASSED] - delay: Delayed 3 second(s)

2018-06-09 19:51:51 - [MESSAGE][PASSED] - Delayed 3 second(s)

2018-06-09 19:51:51 - [TEST_STEP][PASSED] - click: Object: 'Object Repository/store Request Schedule 1/Page_KDMC - CMS/a_dropdown-toggle' is clicked on

2018-06-09 19:51:51 - [MESSAGE][PASSED] - Object: 'Object Repository/store Request Schedule 1/Page_KDMC - CMS/a_dropdown-toggle' is clicked on

2018-06-09 19:51:51 - [TEST_STEP][PASSED] - click: Object: 'Object Repository/store Request Schedule 1/Page_KDMC - CMS/a_Sign out' is clicked on

2018-06-09 19:51:51 - [MESSAGE][PASSED] - Object: 'Object Repository/store Request Schedule 1/Page_KDMC - CMS/a_Sign out' is clicked on

2018-06-09 19:51:51 - [TEST_STEP][PASSED] - delay: Delayed 3 second(s)

2018-06-09 19:51:54 - [MESSAGE][PASSED] - Delayed 3 second(s)

2018-06-09 19:51:54 - [TEST_STEP][PASSED] - click: Object: 'Object Repository/Store Request Schedule 1/Page_KDMC/a_Divisional Store' is clicked on

2018-06-09 19:51:55 - [MESSAGE][PASSED] - Object: 'Object Repository/Store Request Schedule 1/Page_KDMC/a_Divisional Store' is clicked on

2018-06-09 19:51:55 - [TEST_STEP][PASSED] - setText: Text 'ragu' is set on object 'Object Repository/Store Request Schedule 1/Page_Divisonal Store Login/input_txtusername'

2018-06-09 19:51:55 - [MESSAGE][PASSED] - Text 'ragu' is set on object 'Object Repository/Store Request Schedule 1/Page_Divisonal Store Login/input_txtusername'

2018-06-09 19:51:55 - [TEST_STEP][PASSED] - setText: Text '123' is set on object 'Object Repository/Store Request Schedule 1/Page_Divisonal Store Login/input_txtpassword'

2018-06-09 19:51:55 - [MESSAGE][PASSED] - Text '123' is set on object 'Object Repository/Store Request Schedule 1/Page_Divisonal Store Login/input_txtpassword'

2018-06-09 19:51:55 - [TEST_STEP][PASSED] - delay: Delayed 3 second(s)

2018-06-09 19:51:58 - [MESSAGE][PASSED] - Delayed 3 second(s)

2018-06-09 19:51:58 - [TEST_STEP][PASSED] - click: Object: 'Object Repository/Store Request Schedule 1/Page_Divisonal Store Login/button_Sign in' is clicked on

2018-06-09 19:51:59 - [MESSAGE][PASSED] - Object: 'Object Repository/Store Request Schedule 1/Page_Divisonal Store Login/button_Sign in' is clicked on

2018-06-09 19:51:59 - [TEST_STEP][PASSED] - delay: Delayed 3 second(s)

2018-06-09 19:52:02 - [MESSAGE][PASSED] - Delayed 3 second(s)

2018-06-09 19:52:02 - [TEST_STEP][PASSED] - click: Object: 'Object Repository/Store Request Schedule 1/Page_Store/a_CMS' is clicked on

2018-06-09 19:52:02 - [MESSAGE][PASSED] - Object: 'Object Repository/Store Request Schedule 1/Page_Store/a_CMS' is clicked on

2018-06-09 19:52:02 - [TEST_STEP][PASSED] - delay: Delayed 2 second(s)

2018-06-09 19:52:04 - [MESSAGE][PASSED] - Delayed 2 second(s)

2018-06-09 19:52:04 - [TEST_STEP][PASSED] - click: Object: 'Object Repository/Store Request Schedule 1/Page_Store/a_Receiving Goods' is clicked on

2018-06-09 19:52:05 - [MESSAGE][PASSED] - Object: 'Object Repository/Store Request Schedule 1/Page_Store/a_Receiving Goods' is clicked on

2018-06-09 19:52:05 - [TEST_STEP][PASSED] - setText: Text 'PRNO/09062018/720' is set on object 'Object Repository/Store Request Schedule 1/Page_Store/input'

2018-06-09 19:52:05 - [MESSAGE][PASSED] - Text 'PRNO/09062018/720' is set on object 'Object Repository/Store Request Schedule 1/Page_Store/input'

2018-06-09 19:52:05 - [TEST_STEP][PASSED] - click: Object: 'Object Repository/Store Request Schedule 1/Page_Store/input_btn btn-primary' is clicked on

2018-06-09 19:52:05 - [MESSAGE][PASSED] - Object: 'Object Repository/Store Request Schedule 1/Page_Store/input_btn btn-primary' is clicked on

2018-06-09 19:52:05 - [TEST_STEP][PASSED] - delay: Delayed 2 second(s)

2018-06-09 19:52:07 - [MESSAGE][PASSED] - Delayed 2 second(s)

2018-06-09 19:52:07 - [TEST_STEP][PASSED] - click: Object: 'Object Repository/Store Request Schedule 1/Page_Store/input_chkrem' is clicked on

2018-06-09 19:52:07 - [MESSAGE][PASSED] - Object: 'Object Repository/Store Request Schedule 1/Page_Store/input_chkrem' is clicked on

2018-06-09 19:52:07 - [TEST_STEP][PASSED] - scrollToElement: Scroll to object 'Object Repository/Store Request Schedule 1/Page_Store/input_btchkroqadd' successfully

2018-06-09 19:52:07 - [MESSAGE][PASSED] - Scroll to object 'Object Repository/Store Request Schedule 1/Page_Store/input_btchkroqadd' successfully

2018-06-09 19:52:07 - [TEST_STEP][PASSED] - click: Object: 'Object Repository/Store Request Schedule 1/Page_Store/input_btchkroqadd' is clicked on

2018-06-09 19:52:08 - [MESSAGE][PASSED] - Object: 'Object Repository/Store Request Schedule 1/Page_Store/input_btchkroqadd' is clicked on

2018-06-09 19:52:08 - [TEST_STEP][PASSED] - delay: Delayed 2 second(s)

2018-06-09 19:52:10 - [MESSAGE][PASSED] - Delayed 2 second(s)

2018-06-09 19:52:10 - [TEST_STEP][PASSED] - refresh: Refresh successfully

2018-06-09 19:52:11 - [MESSAGE][PASSED] - Refresh successfully

2018-06-09 19:52:11 - [TEST_STEP][PASSED] - delay: Delayed 3 second(s)

2018-06-09 19:52:14 - [MESSAGE][PASSED] - Delayed 3 second(s)

2018-06-09 19:52:14 - [TEST_STEP][PASSED] - click: Object: 'Object Repository/Store Request Schedule 1/Page_Store/a_dropdown-toggle' is clicked on

2018-06-09 19:52:14 - [MESSAGE][PASSED] - Object: 'Object Repository/Store Request Schedule 1/Page_Store/a_dropdown-toggle' is clicked on

2018-06-09 19:52:14 - [TEST_STEP][PASSED] - click: Object: 'Object Repository/Store Request Schedule 1/Page_Store/a_Sign out' is clicked on

2018-06-09 19:52:14 - [MESSAGE][PASSED] - Object: 'Object Repository/Store Request Schedule 1/Page_Store/a_Sign out' is clicked on

2018-06-09 19:52:14 - [TEST_STEP][PASSED] - closeBrowser: Browser is closed

2018-06-09 19:52:15 - [MESSAGE][PASSED] - Browser is closed

2018-06-09 19:52:15 - [TEST_STEP][PASSED] - Statement - out.println("Schedule 6 STORE Request Are Working Successfully"): null]]></system-out>
         <system-err><![CDATA[]]></system-err>
      </testcase>
      <testcase name="Test Cases/STORE TO CMS REQUEST TEST CASES/TC_STCMS_007 To Verify Schedule 7 Store To CMS Request Are Working Successfully Or Not" classname="Test Cases/STORE TO CMS REQUEST TEST CASES/TC_STCMS_007 To Verify Schedule 7 Store To CMS Request Are Working Successfully Or Not" status="PASSED">
         <system-out><![CDATA[2018-06-09 19:52:15 - [TEST_CASE][PASSED] - Test Cases/STORE TO CMS REQUEST TEST CASES/TC_STCMS_007 To Verify Schedule 7 Store To CMS Request Are Working Successfully Or Not: Test Cases/STORE TO CMS REQUEST TEST CASES/TC_STCMS_007 To Verify Schedule 7 Store To CMS Request Are Working Successfully Or Not

2018-06-09 19:52:15 - [TEST_STEP][PASSED] - openBrowser: Browser is opened with url: ''

2018-06-09 19:52:17 - [MESSAGE][PASSED] - Browser is opened with url: ''

2018-06-09 19:52:17 - [TEST_STEP][PASSED] - Statement - out.println("Verify Schedule 7 STORE Request Are Working Successfully Or Not"): null

2018-06-09 19:52:17 - [TEST_STEP][PASSED] - navigateToUrl: Navigate to 'http://192.168.137.1/multihospital_new/' successfully

2018-06-09 19:52:19 - [MESSAGE][PASSED] - Navigate to 'http://192.168.137.1/multihospital_new/' successfully

2018-06-09 19:52:19 - [TEST_STEP][PASSED] - maximizeWindow: Current window maximized

2018-06-09 19:52:20 - [MESSAGE][PASSED] - Current window maximized

2018-06-09 19:52:20 - [TEST_STEP][PASSED] - click: Object: 'Object Repository/Store Request Schedule 1/Page_KDMC/a_Divisional Store' is clicked on

2018-06-09 19:52:21 - [MESSAGE][PASSED] - Object: 'Object Repository/Store Request Schedule 1/Page_KDMC/a_Divisional Store' is clicked on

2018-06-09 19:52:21 - [TEST_STEP][PASSED] - setText: Text 'ragu' is set on object 'Object Repository/Store Request Schedule 1/Page_Divisonal Store Login/input_txtusername'

2018-06-09 19:52:21 - [MESSAGE][PASSED] - Text 'ragu' is set on object 'Object Repository/Store Request Schedule 1/Page_Divisonal Store Login/input_txtusername'

2018-06-09 19:52:21 - [TEST_STEP][PASSED] - setText: Text '123' is set on object 'Object Repository/Store Request Schedule 1/Page_Divisonal Store Login/input_txtpassword'

2018-06-09 19:52:21 - [MESSAGE][PASSED] - Text '123' is set on object 'Object Repository/Store Request Schedule 1/Page_Divisonal Store Login/input_txtpassword'

2018-06-09 19:52:21 - [TEST_STEP][PASSED] - delay: Delayed 3 second(s)

2018-06-09 19:52:24 - [MESSAGE][PASSED] - Delayed 3 second(s)

2018-06-09 19:52:24 - [TEST_STEP][PASSED] - click: Object: 'Object Repository/Store Request Schedule 1/Page_Divisonal Store Login/button_Sign in' is clicked on

2018-06-09 19:52:26 - [MESSAGE][PASSED] - Object: 'Object Repository/Store Request Schedule 1/Page_Divisonal Store Login/button_Sign in' is clicked on

2018-06-09 19:52:26 - [TEST_STEP][PASSED] - delay: Delayed 3 second(s)

2018-06-09 19:52:29 - [MESSAGE][PASSED] - Delayed 3 second(s)

2018-06-09 19:52:29 - [TEST_STEP][PASSED] - click: Object: 'Object Repository/Store Request Schedule 1/Page_Store/a_CMS' is clicked on

2018-06-09 19:52:29 - [MESSAGE][PASSED] - Object: 'Object Repository/Store Request Schedule 1/Page_Store/a_CMS' is clicked on

2018-06-09 19:52:29 - [TEST_STEP][PASSED] - delay: Delayed 2 second(s)

2018-06-09 19:52:31 - [MESSAGE][PASSED] - Delayed 2 second(s)

2018-06-09 19:52:31 - [TEST_STEP][PASSED] - click: Object: 'Object Repository/Store Request Schedule 1/Page_Store/a_Request Send' is clicked on

2018-06-09 19:52:32 - [MESSAGE][PASSED] - Object: 'Object Repository/Store Request Schedule 1/Page_Store/a_Request Send' is clicked on

2018-06-09 19:52:32 - [TEST_STEP][PASSED] - selectOptionByIndex: All options with index in [1] are selected on object 'Object Repository/Store Request Schedule 1/Page_Store/select_--Select--'

2018-06-09 19:52:32 - [MESSAGE][PASSED] - All options with index in [1] are selected on object 'Object Repository/Store Request Schedule 1/Page_Store/select_--Select--'

2018-06-09 19:52:32 - [TEST_STEP][PASSED] - selectOptionByIndex: All options with index in [7] are selected on object 'Object Repository/Store Request Schedule 1/Page_Store/select_--Select--Schedule 1Inj'

2018-06-09 19:52:33 - [MESSAGE][PASSED] - All options with index in [7] are selected on object 'Object Repository/Store Request Schedule 1/Page_Store/select_--Select--Schedule 1Inj'

2018-06-09 19:52:33 - [TEST_STEP][PASSED] - Statement - SelectedOptions = com.kms.katalon.core.webui.keyword.WebUiBuiltInKeywords.getNumberOfTotalOption(com.kms.katalon.core.testobject.ObjectRepository.findTestObject(Store Request Schedule 1/Page_Store/select_--Select--Adernaline 0.)): 24 options of object 'Object Repository/Store Request Schedule 1/Page_Store/select_--Select--Adernaline 0.' counted

2018-06-09 19:52:33 - [MESSAGE][PASSED] - 24 options of object 'Object Repository/Store Request Schedule 1/Page_Store/select_--Select--Adernaline 0.' counted

2018-06-09 19:52:33 - [TEST_STEP][PASSED] - Statement - For ([y = 1, y < SelectedOptions, (y++)]): Object: 'Object Repository/Store Request Schedule 1/Page_Store/button_Add' is clicked on

2018-06-09 19:52:33 - [TEST_STEP][PASSED] - selectOptionByIndex: All options with index in [7] are selected on object 'Object Repository/Store Request Schedule 1/Page_Store/select_--Select--Schedule 1Inj'

2018-06-09 19:52:33 - [MESSAGE][PASSED] - All options with index in [7] are selected on object 'Object Repository/Store Request Schedule 1/Page_Store/select_--Select--Schedule 1Inj'

2018-06-09 19:52:33 - [TEST_STEP][PASSED] - delay: Delayed 1 second(s)

2018-06-09 19:52:34 - [MESSAGE][PASSED] - Delayed 1 second(s)

2018-06-09 19:52:34 - [TEST_STEP][PASSED] - selectOptionByIndex: All options with index in [1] are selected on object 'Object Repository/Store Request Schedule 1/Page_Store/select_--Select--Adernaline 0.'

2018-06-09 19:52:34 - [MESSAGE][PASSED] - All options with index in [1] are selected on object 'Object Repository/Store Request Schedule 1/Page_Store/select_--Select--Adernaline 0.'

2018-06-09 19:52:34 - [TEST_STEP][PASSED] - setText: Text '100' is set on object 'Object Repository/Store Request Schedule 1/Page_Store/input_txttreat'

2018-06-09 19:52:34 - [MESSAGE][PASSED] - Text '100' is set on object 'Object Repository/Store Request Schedule 1/Page_Store/input_txttreat'

2018-06-09 19:52:34 - [TEST_STEP][PASSED] - click: Object: 'Object Repository/Store Request Schedule 1/Page_Store/button_Add' is clicked on

2018-06-09 19:52:34 - [MESSAGE][PASSED] - Object: 'Object Repository/Store Request Schedule 1/Page_Store/button_Add' is clicked on

2018-06-09 19:52:34 - [TEST_STEP][PASSED] - selectOptionByIndex: All options with index in [7] are selected on object 'Object Repository/Store Request Schedule 1/Page_Store/select_--Select--Schedule 1Inj'

2018-06-09 19:52:34 - [MESSAGE][PASSED] - All options with index in [7] are selected on object 'Object Repository/Store Request Schedule 1/Page_Store/select_--Select--Schedule 1Inj'

2018-06-09 19:52:34 - [TEST_STEP][PASSED] - delay: Delayed 1 second(s)

2018-06-09 19:52:35 - [MESSAGE][PASSED] - Delayed 1 second(s)

2018-06-09 19:52:35 - [TEST_STEP][PASSED] - selectOptionByIndex: All options with index in [2] are selected on object 'Object Repository/Store Request Schedule 1/Page_Store/select_--Select--Adernaline 0.'

2018-06-09 19:52:36 - [MESSAGE][PASSED] - All options with index in [2] are selected on object 'Object Repository/Store Request Schedule 1/Page_Store/select_--Select--Adernaline 0.'

2018-06-09 19:52:36 - [TEST_STEP][PASSED] - setText: Text '100' is set on object 'Object Repository/Store Request Schedule 1/Page_Store/input_txttreat'

2018-06-09 19:52:36 - [MESSAGE][PASSED] - Text '100' is set on object 'Object Repository/Store Request Schedule 1/Page_Store/input_txttreat'

2018-06-09 19:52:36 - [TEST_STEP][PASSED] - click: Object: 'Object Repository/Store Request Schedule 1/Page_Store/button_Add' is clicked on

2018-06-09 19:52:36 - [MESSAGE][PASSED] - Object: 'Object Repository/Store Request Schedule 1/Page_Store/button_Add' is clicked on

2018-06-09 19:52:36 - [TEST_STEP][PASSED] - selectOptionByIndex: All options with index in [7] are selected on object 'Object Repository/Store Request Schedule 1/Page_Store/select_--Select--Schedule 1Inj'

2018-06-09 19:52:36 - [MESSAGE][PASSED] - All options with index in [7] are selected on object 'Object Repository/Store Request Schedule 1/Page_Store/select_--Select--Schedule 1Inj'

2018-06-09 19:52:36 - [TEST_STEP][PASSED] - delay: Delayed 1 second(s)

2018-06-09 19:52:37 - [MESSAGE][PASSED] - Delayed 1 second(s)

2018-06-09 19:52:37 - [TEST_STEP][PASSED] - selectOptionByIndex: All options with index in [3] are selected on object 'Object Repository/Store Request Schedule 1/Page_Store/select_--Select--Adernaline 0.'

2018-06-09 19:52:37 - [MESSAGE][PASSED] - All options with index in [3] are selected on object 'Object Repository/Store Request Schedule 1/Page_Store/select_--Select--Adernaline 0.'

2018-06-09 19:52:37 - [TEST_STEP][PASSED] - setText: Text '100' is set on object 'Object Repository/Store Request Schedule 1/Page_Store/input_txttreat'

2018-06-09 19:52:37 - [MESSAGE][PASSED] - Text '100' is set on object 'Object Repository/Store Request Schedule 1/Page_Store/input_txttreat'

2018-06-09 19:52:37 - [TEST_STEP][PASSED] - click: Object: 'Object Repository/Store Request Schedule 1/Page_Store/button_Add' is clicked on

2018-06-09 19:52:37 - [MESSAGE][PASSED] - Object: 'Object Repository/Store Request Schedule 1/Page_Store/button_Add' is clicked on

2018-06-09 19:52:37 - [TEST_STEP][PASSED] - selectOptionByIndex: All options with index in [7] are selected on object 'Object Repository/Store Request Schedule 1/Page_Store/select_--Select--Schedule 1Inj'

2018-06-09 19:52:37 - [MESSAGE][PASSED] - All options with index in [7] are selected on object 'Object Repository/Store Request Schedule 1/Page_Store/select_--Select--Schedule 1Inj'

2018-06-09 19:52:37 - [TEST_STEP][PASSED] - delay: Delayed 1 second(s)

2018-06-09 19:52:38 - [MESSAGE][PASSED] - Delayed 1 second(s)

2018-06-09 19:52:38 - [TEST_STEP][PASSED] - selectOptionByIndex: All options with index in [4] are selected on object 'Object Repository/Store Request Schedule 1/Page_Store/select_--Select--Adernaline 0.'

2018-06-09 19:52:38 - [MESSAGE][PASSED] - All options with index in [4] are selected on object 'Object Repository/Store Request Schedule 1/Page_Store/select_--Select--Adernaline 0.'

2018-06-09 19:52:38 - [TEST_STEP][PASSED] - setText: Text '100' is set on object 'Object Repository/Store Request Schedule 1/Page_Store/input_txttreat'

2018-06-09 19:52:39 - [MESSAGE][PASSED] - Text '100' is set on object 'Object Repository/Store Request Schedule 1/Page_Store/input_txttreat'

2018-06-09 19:52:39 - [TEST_STEP][PASSED] - click: Object: 'Object Repository/Store Request Schedule 1/Page_Store/button_Add' is clicked on

2018-06-09 19:52:39 - [MESSAGE][PASSED] - Object: 'Object Repository/Store Request Schedule 1/Page_Store/button_Add' is clicked on

2018-06-09 19:52:39 - [TEST_STEP][PASSED] - selectOptionByIndex: All options with index in [7] are selected on object 'Object Repository/Store Request Schedule 1/Page_Store/select_--Select--Schedule 1Inj'

2018-06-09 19:52:39 - [MESSAGE][PASSED] - All options with index in [7] are selected on object 'Object Repository/Store Request Schedule 1/Page_Store/select_--Select--Schedule 1Inj'

2018-06-09 19:52:39 - [TEST_STEP][PASSED] - delay: Delayed 1 second(s)

2018-06-09 19:52:40 - [MESSAGE][PASSED] - Delayed 1 second(s)

2018-06-09 19:52:40 - [TEST_STEP][PASSED] - selectOptionByIndex: All options with index in [5] are selected on object 'Object Repository/Store Request Schedule 1/Page_Store/select_--Select--Adernaline 0.'

2018-06-09 19:52:40 - [MESSAGE][PASSED] - All options with index in [5] are selected on object 'Object Repository/Store Request Schedule 1/Page_Store/select_--Select--Adernaline 0.'

2018-06-09 19:52:40 - [TEST_STEP][PASSED] - setText: Text '100' is set on object 'Object Repository/Store Request Schedule 1/Page_Store/input_txttreat'

2018-06-09 19:52:40 - [MESSAGE][PASSED] - Text '100' is set on object 'Object Repository/Store Request Schedule 1/Page_Store/input_txttreat'

2018-06-09 19:52:40 - [TEST_STEP][PASSED] - click: Object: 'Object Repository/Store Request Schedule 1/Page_Store/button_Add' is clicked on

2018-06-09 19:52:40 - [MESSAGE][PASSED] - Object: 'Object Repository/Store Request Schedule 1/Page_Store/button_Add' is clicked on

2018-06-09 19:52:40 - [TEST_STEP][PASSED] - selectOptionByIndex: All options with index in [7] are selected on object 'Object Repository/Store Request Schedule 1/Page_Store/select_--Select--Schedule 1Inj'

2018-06-09 19:52:40 - [MESSAGE][PASSED] - All options with index in [7] are selected on object 'Object Repository/Store Request Schedule 1/Page_Store/select_--Select--Schedule 1Inj'

2018-06-09 19:52:40 - [TEST_STEP][PASSED] - delay: Delayed 1 second(s)

2018-06-09 19:52:41 - [MESSAGE][PASSED] - Delayed 1 second(s)

2018-06-09 19:52:41 - [TEST_STEP][PASSED] - selectOptionByIndex: All options with index in [6] are selected on object 'Object Repository/Store Request Schedule 1/Page_Store/select_--Select--Adernaline 0.'

2018-06-09 19:52:41 - [MESSAGE][PASSED] - All options with index in [6] are selected on object 'Object Repository/Store Request Schedule 1/Page_Store/select_--Select--Adernaline 0.'

2018-06-09 19:52:41 - [TEST_STEP][PASSED] - setText: Text '100' is set on object 'Object Repository/Store Request Schedule 1/Page_Store/input_txttreat'

2018-06-09 19:52:42 - [MESSAGE][PASSED] - Text '100' is set on object 'Object Repository/Store Request Schedule 1/Page_Store/input_txttreat'

2018-06-09 19:52:42 - [TEST_STEP][PASSED] - click: Object: 'Object Repository/Store Request Schedule 1/Page_Store/button_Add' is clicked on

2018-06-09 19:52:42 - [MESSAGE][PASSED] - Object: 'Object Repository/Store Request Schedule 1/Page_Store/button_Add' is clicked on

2018-06-09 19:52:42 - [TEST_STEP][PASSED] - selectOptionByIndex: All options with index in [7] are selected on object 'Object Repository/Store Request Schedule 1/Page_Store/select_--Select--Schedule 1Inj'

2018-06-09 19:52:42 - [MESSAGE][PASSED] - All options with index in [7] are selected on object 'Object Repository/Store Request Schedule 1/Page_Store/select_--Select--Schedule 1Inj'

2018-06-09 19:52:42 - [TEST_STEP][PASSED] - delay: Delayed 1 second(s)

2018-06-09 19:52:43 - [MESSAGE][PASSED] - Delayed 1 second(s)

2018-06-09 19:52:43 - [TEST_STEP][PASSED] - selectOptionByIndex: All options with index in [7] are selected on object 'Object Repository/Store Request Schedule 1/Page_Store/select_--Select--Adernaline 0.'

2018-06-09 19:52:43 - [MESSAGE][PASSED] - All options with index in [7] are selected on object 'Object Repository/Store Request Schedule 1/Page_Store/select_--Select--Adernaline 0.'

2018-06-09 19:52:43 - [TEST_STEP][PASSED] - setText: Text '100' is set on object 'Object Repository/Store Request Schedule 1/Page_Store/input_txttreat'

2018-06-09 19:52:43 - [MESSAGE][PASSED] - Text '100' is set on object 'Object Repository/Store Request Schedule 1/Page_Store/input_txttreat'

2018-06-09 19:52:43 - [TEST_STEP][PASSED] - click: Object: 'Object Repository/Store Request Schedule 1/Page_Store/button_Add' is clicked on

2018-06-09 19:52:43 - [MESSAGE][PASSED] - Object: 'Object Repository/Store Request Schedule 1/Page_Store/button_Add' is clicked on

2018-06-09 19:52:43 - [TEST_STEP][PASSED] - selectOptionByIndex: All options with index in [7] are selected on object 'Object Repository/Store Request Schedule 1/Page_Store/select_--Select--Schedule 1Inj'

2018-06-09 19:52:43 - [MESSAGE][PASSED] - All options with index in [7] are selected on object 'Object Repository/Store Request Schedule 1/Page_Store/select_--Select--Schedule 1Inj'

2018-06-09 19:52:43 - [TEST_STEP][PASSED] - delay: Delayed 1 second(s)

2018-06-09 19:52:44 - [MESSAGE][PASSED] - Delayed 1 second(s)

2018-06-09 19:52:44 - [TEST_STEP][PASSED] - selectOptionByIndex: All options with index in [8] are selected on object 'Object Repository/Store Request Schedule 1/Page_Store/select_--Select--Adernaline 0.'

2018-06-09 19:52:44 - [MESSAGE][PASSED] - All options with index in [8] are selected on object 'Object Repository/Store Request Schedule 1/Page_Store/select_--Select--Adernaline 0.'

2018-06-09 19:52:44 - [TEST_STEP][PASSED] - setText: Text '100' is set on object 'Object Repository/Store Request Schedule 1/Page_Store/input_txttreat'

2018-06-09 19:52:45 - [MESSAGE][PASSED] - Text '100' is set on object 'Object Repository/Store Request Schedule 1/Page_Store/input_txttreat'

2018-06-09 19:52:45 - [TEST_STEP][PASSED] - click: Object: 'Object Repository/Store Request Schedule 1/Page_Store/button_Add' is clicked on

2018-06-09 19:52:45 - [MESSAGE][PASSED] - Object: 'Object Repository/Store Request Schedule 1/Page_Store/button_Add' is clicked on

2018-06-09 19:52:45 - [TEST_STEP][PASSED] - selectOptionByIndex: All options with index in [7] are selected on object 'Object Repository/Store Request Schedule 1/Page_Store/select_--Select--Schedule 1Inj'

2018-06-09 19:52:45 - [MESSAGE][PASSED] - All options with index in [7] are selected on object 'Object Repository/Store Request Schedule 1/Page_Store/select_--Select--Schedule 1Inj'

2018-06-09 19:52:45 - [TEST_STEP][PASSED] - delay: Delayed 1 second(s)

2018-06-09 19:52:46 - [MESSAGE][PASSED] - Delayed 1 second(s)

2018-06-09 19:52:46 - [TEST_STEP][PASSED] - selectOptionByIndex: All options with index in [9] are selected on object 'Object Repository/Store Request Schedule 1/Page_Store/select_--Select--Adernaline 0.'

2018-06-09 19:52:46 - [MESSAGE][PASSED] - All options with index in [9] are selected on object 'Object Repository/Store Request Schedule 1/Page_Store/select_--Select--Adernaline 0.'

2018-06-09 19:52:46 - [TEST_STEP][PASSED] - setText: Text '100' is set on object 'Object Repository/Store Request Schedule 1/Page_Store/input_txttreat'

2018-06-09 19:52:46 - [MESSAGE][PASSED] - Text '100' is set on object 'Object Repository/Store Request Schedule 1/Page_Store/input_txttreat'

2018-06-09 19:52:46 - [TEST_STEP][PASSED] - click: Object: 'Object Repository/Store Request Schedule 1/Page_Store/button_Add' is clicked on

2018-06-09 19:52:46 - [MESSAGE][PASSED] - Object: 'Object Repository/Store Request Schedule 1/Page_Store/button_Add' is clicked on

2018-06-09 19:52:46 - [TEST_STEP][PASSED] - selectOptionByIndex: All options with index in [7] are selected on object 'Object Repository/Store Request Schedule 1/Page_Store/select_--Select--Schedule 1Inj'

2018-06-09 19:52:46 - [MESSAGE][PASSED] - All options with index in [7] are selected on object 'Object Repository/Store Request Schedule 1/Page_Store/select_--Select--Schedule 1Inj'

2018-06-09 19:52:46 - [TEST_STEP][PASSED] - delay: Delayed 1 second(s)

2018-06-09 19:52:47 - [MESSAGE][PASSED] - Delayed 1 second(s)

2018-06-09 19:52:47 - [TEST_STEP][PASSED] - selectOptionByIndex: All options with index in [10] are selected on object 'Object Repository/Store Request Schedule 1/Page_Store/select_--Select--Adernaline 0.'

2018-06-09 19:52:48 - [MESSAGE][PASSED] - All options with index in [10] are selected on object 'Object Repository/Store Request Schedule 1/Page_Store/select_--Select--Adernaline 0.'

2018-06-09 19:52:48 - [TEST_STEP][PASSED] - setText: Text '100' is set on object 'Object Repository/Store Request Schedule 1/Page_Store/input_txttreat'

2018-06-09 19:52:48 - [MESSAGE][PASSED] - Text '100' is set on object 'Object Repository/Store Request Schedule 1/Page_Store/input_txttreat'

2018-06-09 19:52:48 - [TEST_STEP][PASSED] - click: Object: 'Object Repository/Store Request Schedule 1/Page_Store/button_Add' is clicked on

2018-06-09 19:52:48 - [MESSAGE][PASSED] - Object: 'Object Repository/Store Request Schedule 1/Page_Store/button_Add' is clicked on

2018-06-09 19:52:48 - [TEST_STEP][PASSED] - selectOptionByIndex: All options with index in [7] are selected on object 'Object Repository/Store Request Schedule 1/Page_Store/select_--Select--Schedule 1Inj'

2018-06-09 19:52:48 - [MESSAGE][PASSED] - All options with index in [7] are selected on object 'Object Repository/Store Request Schedule 1/Page_Store/select_--Select--Schedule 1Inj'

2018-06-09 19:52:48 - [TEST_STEP][PASSED] - delay: Delayed 1 second(s)

2018-06-09 19:52:49 - [MESSAGE][PASSED] - Delayed 1 second(s)

2018-06-09 19:52:49 - [TEST_STEP][PASSED] - selectOptionByIndex: All options with index in [11] are selected on object 'Object Repository/Store Request Schedule 1/Page_Store/select_--Select--Adernaline 0.'

2018-06-09 19:52:49 - [MESSAGE][PASSED] - All options with index in [11] are selected on object 'Object Repository/Store Request Schedule 1/Page_Store/select_--Select--Adernaline 0.'

2018-06-09 19:52:49 - [TEST_STEP][PASSED] - setText: Text '100' is set on object 'Object Repository/Store Request Schedule 1/Page_Store/input_txttreat'

2018-06-09 19:52:49 - [MESSAGE][PASSED] - Text '100' is set on object 'Object Repository/Store Request Schedule 1/Page_Store/input_txttreat'

2018-06-09 19:52:49 - [TEST_STEP][PASSED] - click: Object: 'Object Repository/Store Request Schedule 1/Page_Store/button_Add' is clicked on

2018-06-09 19:52:49 - [MESSAGE][PASSED] - Object: 'Object Repository/Store Request Schedule 1/Page_Store/button_Add' is clicked on

2018-06-09 19:52:49 - [TEST_STEP][PASSED] - selectOptionByIndex: All options with index in [7] are selected on object 'Object Repository/Store Request Schedule 1/Page_Store/select_--Select--Schedule 1Inj'

2018-06-09 19:52:49 - [MESSAGE][PASSED] - All options with index in [7] are selected on object 'Object Repository/Store Request Schedule 1/Page_Store/select_--Select--Schedule 1Inj'

2018-06-09 19:52:49 - [TEST_STEP][PASSED] - delay: Delayed 1 second(s)

2018-06-09 19:52:50 - [MESSAGE][PASSED] - Delayed 1 second(s)

2018-06-09 19:52:50 - [TEST_STEP][PASSED] - selectOptionByIndex: All options with index in [12] are selected on object 'Object Repository/Store Request Schedule 1/Page_Store/select_--Select--Adernaline 0.'

2018-06-09 19:52:51 - [MESSAGE][PASSED] - All options with index in [12] are selected on object 'Object Repository/Store Request Schedule 1/Page_Store/select_--Select--Adernaline 0.'

2018-06-09 19:52:51 - [TEST_STEP][PASSED] - setText: Text '100' is set on object 'Object Repository/Store Request Schedule 1/Page_Store/input_txttreat'

2018-06-09 19:52:51 - [MESSAGE][PASSED] - Text '100' is set on object 'Object Repository/Store Request Schedule 1/Page_Store/input_txttreat'

2018-06-09 19:52:51 - [TEST_STEP][PASSED] - click: Object: 'Object Repository/Store Request Schedule 1/Page_Store/button_Add' is clicked on

2018-06-09 19:52:51 - [MESSAGE][PASSED] - Object: 'Object Repository/Store Request Schedule 1/Page_Store/button_Add' is clicked on

2018-06-09 19:52:51 - [TEST_STEP][PASSED] - selectOptionByIndex: All options with index in [7] are selected on object 'Object Repository/Store Request Schedule 1/Page_Store/select_--Select--Schedule 1Inj'

2018-06-09 19:52:51 - [MESSAGE][PASSED] - All options with index in [7] are selected on object 'Object Repository/Store Request Schedule 1/Page_Store/select_--Select--Schedule 1Inj'

2018-06-09 19:52:51 - [TEST_STEP][PASSED] - delay: Delayed 1 second(s)

2018-06-09 19:52:52 - [MESSAGE][PASSED] - Delayed 1 second(s)

2018-06-09 19:52:52 - [TEST_STEP][PASSED] - selectOptionByIndex: All options with index in [13] are selected on object 'Object Repository/Store Request Schedule 1/Page_Store/select_--Select--Adernaline 0.'

2018-06-09 19:52:52 - [MESSAGE][PASSED] - All options with index in [13] are selected on object 'Object Repository/Store Request Schedule 1/Page_Store/select_--Select--Adernaline 0.'

2018-06-09 19:52:52 - [TEST_STEP][PASSED] - setText: Text '100' is set on object 'Object Repository/Store Request Schedule 1/Page_Store/input_txttreat'

2018-06-09 19:52:52 - [MESSAGE][PASSED] - Text '100' is set on object 'Object Repository/Store Request Schedule 1/Page_Store/input_txttreat'

2018-06-09 19:52:52 - [TEST_STEP][PASSED] - click: Object: 'Object Repository/Store Request Schedule 1/Page_Store/button_Add' is clicked on

2018-06-09 19:52:52 - [MESSAGE][PASSED] - Object: 'Object Repository/Store Request Schedule 1/Page_Store/button_Add' is clicked on

2018-06-09 19:52:52 - [TEST_STEP][PASSED] - selectOptionByIndex: All options with index in [7] are selected on object 'Object Repository/Store Request Schedule 1/Page_Store/select_--Select--Schedule 1Inj'

2018-06-09 19:52:52 - [MESSAGE][PASSED] - All options with index in [7] are selected on object 'Object Repository/Store Request Schedule 1/Page_Store/select_--Select--Schedule 1Inj'

2018-06-09 19:52:52 - [TEST_STEP][PASSED] - delay: Delayed 1 second(s)

2018-06-09 19:52:53 - [MESSAGE][PASSED] - Delayed 1 second(s)

2018-06-09 19:52:53 - [TEST_STEP][PASSED] - selectOptionByIndex: All options with index in [14] are selected on object 'Object Repository/Store Request Schedule 1/Page_Store/select_--Select--Adernaline 0.'

2018-06-09 19:52:54 - [MESSAGE][PASSED] - All options with index in [14] are selected on object 'Object Repository/Store Request Schedule 1/Page_Store/select_--Select--Adernaline 0.'

2018-06-09 19:52:54 - [TEST_STEP][PASSED] - setText: Text '100' is set on object 'Object Repository/Store Request Schedule 1/Page_Store/input_txttreat'

2018-06-09 19:52:54 - [MESSAGE][PASSED] - Text '100' is set on object 'Object Repository/Store Request Schedule 1/Page_Store/input_txttreat'

2018-06-09 19:52:54 - [TEST_STEP][PASSED] - click: Object: 'Object Repository/Store Request Schedule 1/Page_Store/button_Add' is clicked on

2018-06-09 19:52:54 - [MESSAGE][PASSED] - Object: 'Object Repository/Store Request Schedule 1/Page_Store/button_Add' is clicked on

2018-06-09 19:52:54 - [TEST_STEP][PASSED] - selectOptionByIndex: All options with index in [7] are selected on object 'Object Repository/Store Request Schedule 1/Page_Store/select_--Select--Schedule 1Inj'

2018-06-09 19:52:54 - [MESSAGE][PASSED] - All options with index in [7] are selected on object 'Object Repository/Store Request Schedule 1/Page_Store/select_--Select--Schedule 1Inj'

2018-06-09 19:52:54 - [TEST_STEP][PASSED] - delay: Delayed 1 second(s)

2018-06-09 19:52:55 - [MESSAGE][PASSED] - Delayed 1 second(s)

2018-06-09 19:52:55 - [TEST_STEP][PASSED] - selectOptionByIndex: All options with index in [15] are selected on object 'Object Repository/Store Request Schedule 1/Page_Store/select_--Select--Adernaline 0.'

2018-06-09 19:52:55 - [MESSAGE][PASSED] - All options with index in [15] are selected on object 'Object Repository/Store Request Schedule 1/Page_Store/select_--Select--Adernaline 0.'

2018-06-09 19:52:55 - [TEST_STEP][PASSED] - setText: Text '100' is set on object 'Object Repository/Store Request Schedule 1/Page_Store/input_txttreat'

2018-06-09 19:52:55 - [MESSAGE][PASSED] - Text '100' is set on object 'Object Repository/Store Request Schedule 1/Page_Store/input_txttreat'

2018-06-09 19:52:55 - [TEST_STEP][PASSED] - click: Object: 'Object Repository/Store Request Schedule 1/Page_Store/button_Add' is clicked on

2018-06-09 19:52:55 - [MESSAGE][PASSED] - Object: 'Object Repository/Store Request Schedule 1/Page_Store/button_Add' is clicked on

2018-06-09 19:52:55 - [TEST_STEP][PASSED] - selectOptionByIndex: All options with index in [7] are selected on object 'Object Repository/Store Request Schedule 1/Page_Store/select_--Select--Schedule 1Inj'

2018-06-09 19:52:56 - [MESSAGE][PASSED] - All options with index in [7] are selected on object 'Object Repository/Store Request Schedule 1/Page_Store/select_--Select--Schedule 1Inj'

2018-06-09 19:52:56 - [TEST_STEP][PASSED] - delay: Delayed 1 second(s)

2018-06-09 19:52:57 - [MESSAGE][PASSED] - Delayed 1 second(s)

2018-06-09 19:52:57 - [TEST_STEP][PASSED] - selectOptionByIndex: All options with index in [16] are selected on object 'Object Repository/Store Request Schedule 1/Page_Store/select_--Select--Adernaline 0.'

2018-06-09 19:52:57 - [MESSAGE][PASSED] - All options with index in [16] are selected on object 'Object Repository/Store Request Schedule 1/Page_Store/select_--Select--Adernaline 0.'

2018-06-09 19:52:57 - [TEST_STEP][PASSED] - setText: Text '100' is set on object 'Object Repository/Store Request Schedule 1/Page_Store/input_txttreat'

2018-06-09 19:52:57 - [MESSAGE][PASSED] - Text '100' is set on object 'Object Repository/Store Request Schedule 1/Page_Store/input_txttreat'

2018-06-09 19:52:57 - [TEST_STEP][PASSED] - click: Object: 'Object Repository/Store Request Schedule 1/Page_Store/button_Add' is clicked on

2018-06-09 19:52:57 - [MESSAGE][PASSED] - Object: 'Object Repository/Store Request Schedule 1/Page_Store/button_Add' is clicked on

2018-06-09 19:52:57 - [TEST_STEP][PASSED] - selectOptionByIndex: All options with index in [7] are selected on object 'Object Repository/Store Request Schedule 1/Page_Store/select_--Select--Schedule 1Inj'

2018-06-09 19:52:57 - [MESSAGE][PASSED] - All options with index in [7] are selected on object 'Object Repository/Store Request Schedule 1/Page_Store/select_--Select--Schedule 1Inj'

2018-06-09 19:52:57 - [TEST_STEP][PASSED] - delay: Delayed 1 second(s)

2018-06-09 19:52:58 - [MESSAGE][PASSED] - Delayed 1 second(s)

2018-06-09 19:52:58 - [TEST_STEP][PASSED] - selectOptionByIndex: All options with index in [17] are selected on object 'Object Repository/Store Request Schedule 1/Page_Store/select_--Select--Adernaline 0.'

2018-06-09 19:52:59 - [MESSAGE][PASSED] - All options with index in [17] are selected on object 'Object Repository/Store Request Schedule 1/Page_Store/select_--Select--Adernaline 0.'

2018-06-09 19:52:59 - [TEST_STEP][PASSED] - setText: Text '100' is set on object 'Object Repository/Store Request Schedule 1/Page_Store/input_txttreat'

2018-06-09 19:52:59 - [MESSAGE][PASSED] - Text '100' is set on object 'Object Repository/Store Request Schedule 1/Page_Store/input_txttreat'

2018-06-09 19:52:59 - [TEST_STEP][PASSED] - click: Object: 'Object Repository/Store Request Schedule 1/Page_Store/button_Add' is clicked on

2018-06-09 19:52:59 - [MESSAGE][PASSED] - Object: 'Object Repository/Store Request Schedule 1/Page_Store/button_Add' is clicked on

2018-06-09 19:52:59 - [TEST_STEP][PASSED] - selectOptionByIndex: All options with index in [7] are selected on object 'Object Repository/Store Request Schedule 1/Page_Store/select_--Select--Schedule 1Inj'

2018-06-09 19:52:59 - [MESSAGE][PASSED] - All options with index in [7] are selected on object 'Object Repository/Store Request Schedule 1/Page_Store/select_--Select--Schedule 1Inj'

2018-06-09 19:52:59 - [TEST_STEP][PASSED] - delay: Delayed 1 second(s)

2018-06-09 19:53:00 - [MESSAGE][PASSED] - Delayed 1 second(s)

2018-06-09 19:53:00 - [TEST_STEP][PASSED] - selectOptionByIndex: All options with index in [18] are selected on object 'Object Repository/Store Request Schedule 1/Page_Store/select_--Select--Adernaline 0.'

2018-06-09 19:53:00 - [MESSAGE][PASSED] - All options with index in [18] are selected on object 'Object Repository/Store Request Schedule 1/Page_Store/select_--Select--Adernaline 0.'

2018-06-09 19:53:00 - [TEST_STEP][PASSED] - setText: Text '100' is set on object 'Object Repository/Store Request Schedule 1/Page_Store/input_txttreat'

2018-06-09 19:53:00 - [MESSAGE][PASSED] - Text '100' is set on object 'Object Repository/Store Request Schedule 1/Page_Store/input_txttreat'

2018-06-09 19:53:00 - [TEST_STEP][PASSED] - click: Object: 'Object Repository/Store Request Schedule 1/Page_Store/button_Add' is clicked on

2018-06-09 19:53:00 - [MESSAGE][PASSED] - Object: 'Object Repository/Store Request Schedule 1/Page_Store/button_Add' is clicked on

2018-06-09 19:53:00 - [TEST_STEP][PASSED] - selectOptionByIndex: All options with index in [7] are selected on object 'Object Repository/Store Request Schedule 1/Page_Store/select_--Select--Schedule 1Inj'

2018-06-09 19:53:00 - [MESSAGE][PASSED] - All options with index in [7] are selected on object 'Object Repository/Store Request Schedule 1/Page_Store/select_--Select--Schedule 1Inj'

2018-06-09 19:53:00 - [TEST_STEP][PASSED] - delay: Delayed 1 second(s)

2018-06-09 19:53:01 - [MESSAGE][PASSED] - Delayed 1 second(s)

2018-06-09 19:53:01 - [TEST_STEP][PASSED] - selectOptionByIndex: All options with index in [19] are selected on object 'Object Repository/Store Request Schedule 1/Page_Store/select_--Select--Adernaline 0.'

2018-06-09 19:53:02 - [MESSAGE][PASSED] - All options with index in [19] are selected on object 'Object Repository/Store Request Schedule 1/Page_Store/select_--Select--Adernaline 0.'

2018-06-09 19:53:02 - [TEST_STEP][PASSED] - setText: Text '100' is set on object 'Object Repository/Store Request Schedule 1/Page_Store/input_txttreat'

2018-06-09 19:53:02 - [MESSAGE][PASSED] - Text '100' is set on object 'Object Repository/Store Request Schedule 1/Page_Store/input_txttreat'

2018-06-09 19:53:02 - [TEST_STEP][PASSED] - click: Object: 'Object Repository/Store Request Schedule 1/Page_Store/button_Add' is clicked on

2018-06-09 19:53:02 - [MESSAGE][PASSED] - Object: 'Object Repository/Store Request Schedule 1/Page_Store/button_Add' is clicked on

2018-06-09 19:53:02 - [TEST_STEP][PASSED] - selectOptionByIndex: All options with index in [7] are selected on object 'Object Repository/Store Request Schedule 1/Page_Store/select_--Select--Schedule 1Inj'

2018-06-09 19:53:02 - [MESSAGE][PASSED] - All options with index in [7] are selected on object 'Object Repository/Store Request Schedule 1/Page_Store/select_--Select--Schedule 1Inj'

2018-06-09 19:53:02 - [TEST_STEP][PASSED] - delay: Delayed 1 second(s)

2018-06-09 19:53:03 - [MESSAGE][PASSED] - Delayed 1 second(s)

2018-06-09 19:53:03 - [TEST_STEP][PASSED] - selectOptionByIndex: All options with index in [20] are selected on object 'Object Repository/Store Request Schedule 1/Page_Store/select_--Select--Adernaline 0.'

2018-06-09 19:53:03 - [MESSAGE][PASSED] - All options with index in [20] are selected on object 'Object Repository/Store Request Schedule 1/Page_Store/select_--Select--Adernaline 0.'

2018-06-09 19:53:03 - [TEST_STEP][PASSED] - setText: Text '100' is set on object 'Object Repository/Store Request Schedule 1/Page_Store/input_txttreat'

2018-06-09 19:53:03 - [MESSAGE][PASSED] - Text '100' is set on object 'Object Repository/Store Request Schedule 1/Page_Store/input_txttreat'

2018-06-09 19:53:03 - [TEST_STEP][PASSED] - click: Object: 'Object Repository/Store Request Schedule 1/Page_Store/button_Add' is clicked on

2018-06-09 19:53:04 - [MESSAGE][PASSED] - Object: 'Object Repository/Store Request Schedule 1/Page_Store/button_Add' is clicked on

2018-06-09 19:53:04 - [TEST_STEP][PASSED] - selectOptionByIndex: All options with index in [7] are selected on object 'Object Repository/Store Request Schedule 1/Page_Store/select_--Select--Schedule 1Inj'

2018-06-09 19:53:04 - [MESSAGE][PASSED] - All options with index in [7] are selected on object 'Object Repository/Store Request Schedule 1/Page_Store/select_--Select--Schedule 1Inj'

2018-06-09 19:53:04 - [TEST_STEP][PASSED] - delay: Delayed 1 second(s)

2018-06-09 19:53:05 - [MESSAGE][PASSED] - Delayed 1 second(s)

2018-06-09 19:53:05 - [TEST_STEP][PASSED] - selectOptionByIndex: All options with index in [21] are selected on object 'Object Repository/Store Request Schedule 1/Page_Store/select_--Select--Adernaline 0.'

2018-06-09 19:53:05 - [MESSAGE][PASSED] - All options with index in [21] are selected on object 'Object Repository/Store Request Schedule 1/Page_Store/select_--Select--Adernaline 0.'

2018-06-09 19:53:05 - [TEST_STEP][PASSED] - setText: Text '100' is set on object 'Object Repository/Store Request Schedule 1/Page_Store/input_txttreat'

2018-06-09 19:53:05 - [MESSAGE][PASSED] - Text '100' is set on object 'Object Repository/Store Request Schedule 1/Page_Store/input_txttreat'

2018-06-09 19:53:05 - [TEST_STEP][PASSED] - click: Object: 'Object Repository/Store Request Schedule 1/Page_Store/button_Add' is clicked on

2018-06-09 19:53:05 - [MESSAGE][PASSED] - Object: 'Object Repository/Store Request Schedule 1/Page_Store/button_Add' is clicked on

2018-06-09 19:53:05 - [TEST_STEP][PASSED] - selectOptionByIndex: All options with index in [7] are selected on object 'Object Repository/Store Request Schedule 1/Page_Store/select_--Select--Schedule 1Inj'

2018-06-09 19:53:05 - [MESSAGE][PASSED] - All options with index in [7] are selected on object 'Object Repository/Store Request Schedule 1/Page_Store/select_--Select--Schedule 1Inj'

2018-06-09 19:53:05 - [TEST_STEP][PASSED] - delay: Delayed 1 second(s)

2018-06-09 19:53:06 - [MESSAGE][PASSED] - Delayed 1 second(s)

2018-06-09 19:53:06 - [TEST_STEP][PASSED] - selectOptionByIndex: All options with index in [22] are selected on object 'Object Repository/Store Request Schedule 1/Page_Store/select_--Select--Adernaline 0.'

2018-06-09 19:53:07 - [MESSAGE][PASSED] - All options with index in [22] are selected on object 'Object Repository/Store Request Schedule 1/Page_Store/select_--Select--Adernaline 0.'

2018-06-09 19:53:07 - [TEST_STEP][PASSED] - setText: Text '100' is set on object 'Object Repository/Store Request Schedule 1/Page_Store/input_txttreat'

2018-06-09 19:53:07 - [MESSAGE][PASSED] - Text '100' is set on object 'Object Repository/Store Request Schedule 1/Page_Store/input_txttreat'

2018-06-09 19:53:07 - [TEST_STEP][PASSED] - click: Object: 'Object Repository/Store Request Schedule 1/Page_Store/button_Add' is clicked on

2018-06-09 19:53:07 - [MESSAGE][PASSED] - Object: 'Object Repository/Store Request Schedule 1/Page_Store/button_Add' is clicked on

2018-06-09 19:53:07 - [TEST_STEP][PASSED] - selectOptionByIndex: All options with index in [7] are selected on object 'Object Repository/Store Request Schedule 1/Page_Store/select_--Select--Schedule 1Inj'

2018-06-09 19:53:07 - [MESSAGE][PASSED] - All options with index in [7] are selected on object 'Object Repository/Store Request Schedule 1/Page_Store/select_--Select--Schedule 1Inj'

2018-06-09 19:53:07 - [TEST_STEP][PASSED] - delay: Delayed 1 second(s)

2018-06-09 19:53:08 - [MESSAGE][PASSED] - Delayed 1 second(s)

2018-06-09 19:53:08 - [TEST_STEP][PASSED] - selectOptionByIndex: All options with index in [23] are selected on object 'Object Repository/Store Request Schedule 1/Page_Store/select_--Select--Adernaline 0.'

2018-06-09 19:53:08 - [MESSAGE][PASSED] - All options with index in [23] are selected on object 'Object Repository/Store Request Schedule 1/Page_Store/select_--Select--Adernaline 0.'

2018-06-09 19:53:08 - [TEST_STEP][PASSED] - setText: Text '100' is set on object 'Object Repository/Store Request Schedule 1/Page_Store/input_txttreat'

2018-06-09 19:53:08 - [MESSAGE][PASSED] - Text '100' is set on object 'Object Repository/Store Request Schedule 1/Page_Store/input_txttreat'

2018-06-09 19:53:08 - [TEST_STEP][PASSED] - click: Object: 'Object Repository/Store Request Schedule 1/Page_Store/button_Add' is clicked on

2018-06-09 19:53:08 - [MESSAGE][PASSED] - Object: 'Object Repository/Store Request Schedule 1/Page_Store/button_Add' is clicked on

2018-06-09 19:53:08 - [TEST_STEP][PASSED] - delay: Delayed 2 second(s)

2018-06-09 19:53:10 - [MESSAGE][PASSED] - Delayed 2 second(s)

2018-06-09 19:53:10 - [TEST_STEP][PASSED] - scrollToElement: Scroll to object 'Object Repository/Store Request Schedule 1/Page_Store/input_btnsave' successfully

2018-06-09 19:53:11 - [MESSAGE][PASSED] - Scroll to object 'Object Repository/Store Request Schedule 1/Page_Store/input_btnsave' successfully

2018-06-09 19:53:11 - [TEST_STEP][PASSED] - click: Object: 'Object Repository/Store Request Schedule 1/Page_Store/input_btnsave' is clicked on

2018-06-09 19:53:11 - [MESSAGE][PASSED] - Object: 'Object Repository/Store Request Schedule 1/Page_Store/input_btnsave' is clicked on

2018-06-09 19:53:11 - [TEST_STEP][PASSED] - delay: Delayed 4 second(s)

2018-06-09 19:53:15 - [MESSAGE][PASSED] - Delayed 4 second(s)

2018-06-09 19:53:15 - [TEST_STEP][PASSED] - Statement - Cms_RequestNumber = com.kms.katalon.core.webui.keyword.WebUiBuiltInKeywords.getText(com.kms.katalon.core.testobject.ObjectRepository.findTestObject(Store Request Schedule 1/Page_Store/font_PRNO050520189)): Text of object 'Object Repository/Store Request Schedule 1/Page_Store/font_PRNO050520189' is: 'PRNO/09062018/721'

2018-06-09 19:53:15 - [MESSAGE][PASSED] - Text of object 'Object Repository/Store Request Schedule 1/Page_Store/font_PRNO050520189' is: 'PRNO/09062018/721'

2018-06-09 19:53:15 - [TEST_STEP][PASSED] - Statement - CR = Cms_RequestNumber.trim(): null

2018-06-09 19:53:15 - [TEST_STEP][PASSED] - Statement - out.println("RQ :" + Cms_RequestNumber): null

2018-06-09 19:53:15 - [TEST_STEP][PASSED] - Statement - RequestNumberID = Cms_RequestNumber.split("/")[2].trim(): null

2018-06-09 19:53:15 - [TEST_STEP][PASSED] - Statement - out.println("RQ ID :" + RequestNumberID): null

2018-06-09 19:53:15 - [TEST_STEP][PASSED] - delay: Delayed 3 second(s)

2018-06-09 19:53:18 - [MESSAGE][PASSED] - Delayed 3 second(s)

2018-06-09 19:53:18 - [TEST_STEP][PASSED] - Statement - ok = com.kms.katalon.core.webui.keyword.WebUiBuiltInKeywords.click(com.kms.katalon.core.testobject.ObjectRepository.findTestObject(Store Request Schedule 1/Page_Store/button_OK)): Object: 'Object Repository/Store Request Schedule 1/Page_Store/button_OK' is clicked on

2018-06-09 19:53:19 - [MESSAGE][PASSED] - Object: 'Object Repository/Store Request Schedule 1/Page_Store/button_OK' is clicked on

2018-06-09 19:53:19 - [TEST_STEP][PASSED] - delay: Delayed 3 second(s)

2018-06-09 19:53:22 - [MESSAGE][PASSED] - Delayed 3 second(s)

2018-06-09 19:53:22 - [TEST_STEP][PASSED] - click: Object: 'Object Repository/Store Request Schedule 1/Page_Store/a_dropdown-toggle' is clicked on

2018-06-09 19:53:22 - [MESSAGE][PASSED] - Object: 'Object Repository/Store Request Schedule 1/Page_Store/a_dropdown-toggle' is clicked on

2018-06-09 19:53:22 - [TEST_STEP][PASSED] - click: Object: 'Object Repository/Store Request Schedule 1/Page_Store/a_Sign out' is clicked on

2018-06-09 19:53:23 - [MESSAGE][PASSED] - Object: 'Object Repository/Store Request Schedule 1/Page_Store/a_Sign out' is clicked on

2018-06-09 19:53:23 - [TEST_STEP][PASSED] - delay: Delayed 3 second(s)

2018-06-09 19:53:26 - [MESSAGE][PASSED] - Delayed 3 second(s)

2018-06-09 19:53:26 - [TEST_STEP][PASSED] - click: Object: 'Object Repository/Store Request Schedule 1/Page_KDMC/a_CMO' is clicked on

2018-06-09 19:53:26 - [MESSAGE][PASSED] - Object: 'Object Repository/Store Request Schedule 1/Page_KDMC/a_CMO' is clicked on

2018-06-09 19:53:26 - [TEST_STEP][PASSED] - setText: Text 'guru' is set on object 'Object Repository/Store Request Schedule 1/Page_CMO login/input_txtusername'

2018-06-09 19:53:26 - [MESSAGE][PASSED] - Text 'guru' is set on object 'Object Repository/Store Request Schedule 1/Page_CMO login/input_txtusername'

2018-06-09 19:53:26 - [TEST_STEP][PASSED] - setText: Text '123' is set on object 'Object Repository/Store Request Schedule 1/Page_CMO login/input_txtpassword'

2018-06-09 19:53:27 - [MESSAGE][PASSED] - Text '123' is set on object 'Object Repository/Store Request Schedule 1/Page_CMO login/input_txtpassword'

2018-06-09 19:53:27 - [TEST_STEP][PASSED] - delay: Delayed 3 second(s)

2018-06-09 19:53:30 - [MESSAGE][PASSED] - Delayed 3 second(s)

2018-06-09 19:53:30 - [TEST_STEP][PASSED] - click: Object: 'Object Repository/Store Request Schedule 1/Page_CMO login/button_Sign in' is clicked on

2018-06-09 19:53:31 - [MESSAGE][PASSED] - Object: 'Object Repository/Store Request Schedule 1/Page_CMO login/button_Sign in' is clicked on

2018-06-09 19:53:31 - [TEST_STEP][PASSED] - delay: Delayed 2 second(s)

2018-06-09 19:53:33 - [MESSAGE][PASSED] - Delayed 2 second(s)

2018-06-09 19:53:33 - [TEST_STEP][PASSED] - click: Object: 'Object Repository/Store Request Schedule 1/Page_KDMC - CMO/span_Department Wise Request' is clicked on

2018-06-09 19:53:33 - [MESSAGE][PASSED] - Object: 'Object Repository/Store Request Schedule 1/Page_KDMC - CMO/span_Department Wise Request' is clicked on

2018-06-09 19:53:33 - [TEST_STEP][PASSED] - click: Object: 'Object Repository/Store Request Schedule 1/Page_KDMC - CMO/a_CMS Request' is clicked on

2018-06-09 19:53:33 - [MESSAGE][PASSED] - Object: 'Object Repository/Store Request Schedule 1/Page_KDMC - CMO/a_CMS Request' is clicked on

2018-06-09 19:53:33 - [TEST_STEP][PASSED] - click: Object: 'Object Repository/Store Request Schedule 1/Page_KDMC - CMO/a_CMS Request' is clicked on

2018-06-09 19:53:33 - [MESSAGE][PASSED] - Object: 'Object Repository/Store Request Schedule 1/Page_KDMC - CMO/a_CMS Request' is clicked on

2018-06-09 19:53:33 - [TEST_STEP][PASSED] - click: Object: 'Object Repository/Store Request Schedule 1/Page_KDMC - CMO/span_Divisional Store Request' is clicked on

2018-06-09 19:53:35 - [MESSAGE][PASSED] - Object: 'Object Repository/Store Request Schedule 1/Page_KDMC - CMO/span_Divisional Store Request' is clicked on

2018-06-09 19:53:35 - [TEST_STEP][PASSED] - delay: Delayed 2 second(s)

2018-06-09 19:53:37 - [MESSAGE][PASSED] - Delayed 2 second(s)

2018-06-09 19:53:37 - [TEST_STEP][PASSED] - Statement - approval = com.kms.katalon.core.webui.keyword.WebUiBuiltInKeywords.modifyObjectProperty(com.kms.katalon.core.testobject.ObjectRepository.findTestObject(Store Request Schedule 1/Page_KDMC - CMO/input_PRNO050520189), "xpath", "equals", "//*[@id=" + RequestNumberID + "]", true): Modify property of object successfully

2018-06-09 19:53:37 - [MESSAGE][PASSED] - Modify property of object successfully

2018-06-09 19:53:37 - [TEST_STEP][PASSED] - click: Object: 'Object Repository/Store Request Schedule 1/Page_KDMC - CMO/input_PRNO050520189' is clicked on

2018-06-09 19:53:38 - [MESSAGE][PASSED] - Object: 'Object Repository/Store Request Schedule 1/Page_KDMC - CMO/input_PRNO050520189' is clicked on

2018-06-09 19:53:38 - [TEST_STEP][PASSED] - delay: Delayed 2 second(s)

2018-06-09 19:53:40 - [MESSAGE][PASSED] - Delayed 2 second(s)

2018-06-09 19:53:40 - [TEST_STEP][PASSED] - selectOptionByIndex: All options with index in [1] are selected on object 'Object Repository/Store Request Schedule 1/Page_KDMC - CMO/select_--Select--'

2018-06-09 19:53:40 - [MESSAGE][PASSED] - All options with index in [1] are selected on object 'Object Repository/Store Request Schedule 1/Page_KDMC - CMO/select_--Select--'

2018-06-09 19:53:40 - [TEST_STEP][PASSED] - click: Object: 'Object Repository/Store Request Schedule 1/Page_KDMC - CMO/input_btnupdate' is clicked on

2018-06-09 19:53:40 - [MESSAGE][PASSED] - Object: 'Object Repository/Store Request Schedule 1/Page_KDMC - CMO/input_btnupdate' is clicked on

2018-06-09 19:53:40 - [TEST_STEP][PASSED] - delay: Delayed 2 second(s)

2018-06-09 19:53:42 - [MESSAGE][PASSED] - Delayed 2 second(s)

2018-06-09 19:53:42 - [TEST_STEP][PASSED] - click: Object: 'Object Repository/Store Request Schedule 1/Page_KDMC - CMO/button_OK' is clicked on

2018-06-09 19:53:42 - [MESSAGE][PASSED] - Object: 'Object Repository/Store Request Schedule 1/Page_KDMC - CMO/button_OK' is clicked on

2018-06-09 19:53:42 - [TEST_STEP][PASSED] - delay: Delayed 2 second(s)

2018-06-09 19:53:44 - [MESSAGE][PASSED] - Delayed 2 second(s)

2018-06-09 19:53:44 - [TEST_STEP][PASSED] - click: Object: 'Object Repository/Store Request Schedule 1/Page_KDMC - CMO/a_dropdown-toggle' is clicked on

2018-06-09 19:53:44 - [MESSAGE][PASSED] - Object: 'Object Repository/Store Request Schedule 1/Page_KDMC - CMO/a_dropdown-toggle' is clicked on

2018-06-09 19:53:44 - [TEST_STEP][PASSED] - click: Object: 'Object Repository/Store Request Schedule 1/Page_KDMC - CMO/a_Sign out' is clicked on

2018-06-09 19:53:45 - [MESSAGE][PASSED] - Object: 'Object Repository/Store Request Schedule 1/Page_KDMC - CMO/a_Sign out' is clicked on

2018-06-09 19:53:45 - [TEST_STEP][PASSED] - delay: Delayed 3 second(s)

2018-06-09 19:53:48 - [MESSAGE][PASSED] - Delayed 3 second(s)

2018-06-09 19:53:48 - [TEST_STEP][PASSED] - click: Object: 'Object Repository/store Request Schedule 1/Page_KDMC/a_CMS' is clicked on

2018-06-09 19:53:48 - [MESSAGE][PASSED] - Object: 'Object Repository/store Request Schedule 1/Page_KDMC/a_CMS' is clicked on

2018-06-09 19:53:48 - [TEST_STEP][PASSED] - setText: Text 'bala' is set on object 'Object Repository/store Request Schedule 1/Page_CMS login/input_txtusername'

2018-06-09 19:53:48 - [MESSAGE][PASSED] - Text 'bala' is set on object 'Object Repository/store Request Schedule 1/Page_CMS login/input_txtusername'

2018-06-09 19:53:48 - [TEST_STEP][PASSED] - setText: Text '123' is set on object 'Object Repository/store Request Schedule 1/Page_CMS login/input_txtpassword'

2018-06-09 19:53:48 - [MESSAGE][PASSED] - Text '123' is set on object 'Object Repository/store Request Schedule 1/Page_CMS login/input_txtpassword'

2018-06-09 19:53:48 - [TEST_STEP][PASSED] - delay: Delayed 3 second(s)

2018-06-09 19:53:51 - [MESSAGE][PASSED] - Delayed 3 second(s)

2018-06-09 19:53:51 - [TEST_STEP][PASSED] - click: Object: 'Object Repository/store Request Schedule 1/Page_CMS login/button_Sign in' is clicked on

2018-06-09 19:53:52 - [MESSAGE][PASSED] - Object: 'Object Repository/store Request Schedule 1/Page_CMS login/button_Sign in' is clicked on

2018-06-09 19:53:52 - [TEST_STEP][PASSED] - delay: Delayed 2 second(s)

2018-06-09 19:53:54 - [MESSAGE][PASSED] - Delayed 2 second(s)

2018-06-09 19:53:54 - [TEST_STEP][PASSED] - click: Object: 'Object Repository/store Request Schedule 1/Page_KDMC - CMS/a_Divisional Store' is clicked on

2018-06-09 19:53:54 - [MESSAGE][PASSED] - Object: 'Object Repository/store Request Schedule 1/Page_KDMC - CMS/a_Divisional Store' is clicked on

2018-06-09 19:53:54 - [TEST_STEP][PASSED] - delay: Delayed 2 second(s)

2018-06-09 19:53:56 - [MESSAGE][PASSED] - Delayed 2 second(s)

2018-06-09 19:53:56 - [TEST_STEP][PASSED] - click: Object: 'Object Repository/store Request Schedule 1/Page_KDMC - CMS/a_Dispatch Items' is clicked on

2018-06-09 19:53:57 - [MESSAGE][PASSED] - Object: 'Object Repository/store Request Schedule 1/Page_KDMC - CMS/a_Dispatch Items' is clicked on

2018-06-09 19:53:57 - [TEST_STEP][PASSED] - setText: Text 'PRNO/09062018/721' is set on object 'Object Repository/store Request Schedule 1/Page_KDMC - CMS/input'

2018-06-09 19:53:58 - [MESSAGE][PASSED] - Text 'PRNO/09062018/721' is set on object 'Object Repository/store Request Schedule 1/Page_KDMC - CMS/input'

2018-06-09 19:53:58 - [TEST_STEP][PASSED] - click: Object: 'Object Repository/store Request Schedule 1/Page_KDMC - CMS/td_text-center' is clicked on

2018-06-09 19:53:58 - [MESSAGE][PASSED] - Object: 'Object Repository/store Request Schedule 1/Page_KDMC - CMS/td_text-center' is clicked on

2018-06-09 19:53:58 - [TEST_STEP][PASSED] - delay: Delayed 3 second(s)

2018-06-09 19:54:01 - [MESSAGE][PASSED] - Delayed 3 second(s)

2018-06-09 19:54:01 - [TEST_STEP][PASSED] - delay: Delayed 2 second(s)

2018-06-09 19:54:03 - [MESSAGE][PASSED] - Delayed 2 second(s)

2018-06-09 19:54:03 - [TEST_STEP][PASSED] - Statement - For ([row = 0, row < SelectedOptions - 1, (row++)]): null

2018-06-09 19:54:03 - [TEST_STEP][PASSED] - Statement - batchlength = new com.kms.katalon.core.testobject.TestObject(): null

2018-06-09 19:54:03 - [TEST_STEP][PASSED] - Statement - batchlength = com.kms.katalon.core.webui.keyword.WebUiBuiltInKeywords.modifyObjectProperty(batchlength, "xpath", "equals", "//*[@id = "fldvendor" + row + ""]", true): Modify property of object successfully

2018-06-09 19:54:03 - [MESSAGE][PASSED] - Modify property of object successfully

2018-06-09 19:54:03 - [TEST_STEP][PASSED] - Statement - batchsize = com.kms.katalon.core.webui.keyword.WebUiBuiltInKeywords.getNumberOfTotalOption(batchlength): 12 options of object '' counted

2018-06-09 19:54:03 - [MESSAGE][PASSED] - 12 options of object '' counted

2018-06-09 19:54:03 - [TEST_STEP][PASSED] - Statement - out.println("BatchSize : " + batchsize): null

2018-06-09 19:54:03 - [TEST_STEP][PASSED] - Statement - For ([n = 1, n <= batchsize - 1, (n++)]): null

2018-06-09 19:54:03 - [TEST_STEP][PASSED] - Statement - product = new com.kms.katalon.core.testobject.TestObject(): null

2018-06-09 19:54:03 - [TEST_STEP][PASSED] - Statement - product = com.kms.katalon.core.webui.keyword.WebUiBuiltInKeywords.modifyObjectProperty(product, "xpath", "equals", "//*[@id = "fldvendor" + row + ""]", true): Modify property of object successfully

2018-06-09 19:54:03 - [MESSAGE][PASSED] - Modify property of object successfully

2018-06-09 19:54:03 - [TEST_STEP][PASSED] - selectOptionByIndex: All options with index in [1] are selected on object ''

2018-06-09 19:54:03 - [MESSAGE][PASSED] - All options with index in [1] are selected on object ''

2018-06-09 19:54:03 - [TEST_STEP][PASSED] - delay: Delayed 2 second(s)

2018-06-09 19:54:05 - [MESSAGE][PASSED] - Delayed 2 second(s)

2018-06-09 19:54:05 - [TEST_STEP][PASSED] - Statement - batch = new com.kms.katalon.core.testobject.TestObject(): null

2018-06-09 19:54:05 - [TEST_STEP][PASSED] - Statement - batch = com.kms.katalon.core.webui.keyword.WebUiBuiltInKeywords.modifyObjectProperty(batch, "xpath", "equals", "//*[@id = "txtbthqty" + row + ""]", true): Modify property of object successfully

2018-06-09 19:54:05 - [MESSAGE][PASSED] - Modify property of object successfully

2018-06-09 19:54:05 - [TEST_STEP][PASSED] - Statement - batchqty = com.kms.katalon.core.webui.keyword.WebUiBuiltInKeywords.getAttribute(batch, "value").trim(): Attribute 'value' of object '' is: '1600'

2018-06-09 19:54:05 - [MESSAGE][PASSED] - Attribute 'value' of object '' is: '1600'

2018-06-09 19:54:05 - [TEST_STEP][PASSED] - Statement - Rqty = 100: null

2018-06-09 19:54:05 - [TEST_STEP][PASSED] - Statement - out.println("BatchQty : " + batchqty): null

2018-06-09 19:54:05 - [TEST_STEP][PASSED] - Statement - out.println("RQty : " + Rqty): null

2018-06-09 19:54:05 - [TEST_STEP][PASSED] - Statement - If (java.lang.Integer.valueOf(batchqty) >= java.lang.Integer.valueOf(Rqty)): null

2018-06-09 19:54:05 - [TEST_STEP][PASSED] - Statement - Break: null

2018-06-09 19:54:05 - [TEST_STEP][PASSED] - Statement - batchlength = new com.kms.katalon.core.testobject.TestObject(): null

2018-06-09 19:54:05 - [TEST_STEP][PASSED] - Statement - batchlength = com.kms.katalon.core.webui.keyword.WebUiBuiltInKeywords.modifyObjectProperty(batchlength, "xpath", "equals", "//*[@id = "fldvendor" + row + ""]", true): Modify property of object successfully

2018-06-09 19:54:05 - [MESSAGE][PASSED] - Modify property of object successfully

2018-06-09 19:54:05 - [TEST_STEP][PASSED] - Statement - batchsize = com.kms.katalon.core.webui.keyword.WebUiBuiltInKeywords.getNumberOfTotalOption(batchlength): 12 options of object '' counted

2018-06-09 19:54:05 - [MESSAGE][PASSED] - 12 options of object '' counted

2018-06-09 19:54:05 - [TEST_STEP][PASSED] - Statement - out.println("BatchSize : " + batchsize): null

2018-06-09 19:54:05 - [TEST_STEP][PASSED] - Statement - For ([n = 1, n <= batchsize - 1, (n++)]): null

2018-06-09 19:54:05 - [TEST_STEP][PASSED] - Statement - product = new com.kms.katalon.core.testobject.TestObject(): null

2018-06-09 19:54:05 - [TEST_STEP][PASSED] - Statement - product = com.kms.katalon.core.webui.keyword.WebUiBuiltInKeywords.modifyObjectProperty(product, "xpath", "equals", "//*[@id = "fldvendor" + row + ""]", true): Modify property of object successfully

2018-06-09 19:54:05 - [MESSAGE][PASSED] - Modify property of object successfully

2018-06-09 19:54:05 - [TEST_STEP][PASSED] - selectOptionByIndex: All options with index in [1] are selected on object ''

2018-06-09 19:54:05 - [MESSAGE][PASSED] - All options with index in [1] are selected on object ''

2018-06-09 19:54:05 - [TEST_STEP][PASSED] - delay: Delayed 2 second(s)

2018-06-09 19:54:07 - [MESSAGE][PASSED] - Delayed 2 second(s)

2018-06-09 19:54:07 - [TEST_STEP][PASSED] - Statement - batch = new com.kms.katalon.core.testobject.TestObject(): null

2018-06-09 19:54:07 - [TEST_STEP][PASSED] - Statement - batch = com.kms.katalon.core.webui.keyword.WebUiBuiltInKeywords.modifyObjectProperty(batch, "xpath", "equals", "//*[@id = "txtbthqty" + row + ""]", true): Modify property of object successfully

2018-06-09 19:54:07 - [MESSAGE][PASSED] - Modify property of object successfully

2018-06-09 19:54:07 - [TEST_STEP][PASSED] - Statement - batchqty = com.kms.katalon.core.webui.keyword.WebUiBuiltInKeywords.getAttribute(batch, "value").trim(): Attribute 'value' of object '' is: '3300'

2018-06-09 19:54:07 - [MESSAGE][PASSED] - Attribute 'value' of object '' is: '3300'

2018-06-09 19:54:07 - [TEST_STEP][PASSED] - Statement - Rqty = 100: null

2018-06-09 19:54:07 - [TEST_STEP][PASSED] - Statement - out.println("BatchQty : " + batchqty): null

2018-06-09 19:54:07 - [TEST_STEP][PASSED] - Statement - out.println("RQty : " + Rqty): null

2018-06-09 19:54:07 - [TEST_STEP][PASSED] - Statement - If (java.lang.Integer.valueOf(batchqty) >= java.lang.Integer.valueOf(Rqty)): null

2018-06-09 19:54:07 - [TEST_STEP][PASSED] - Statement - Break: null

2018-06-09 19:54:07 - [TEST_STEP][PASSED] - Statement - batchlength = new com.kms.katalon.core.testobject.TestObject(): null

2018-06-09 19:54:07 - [TEST_STEP][PASSED] - Statement - batchlength = com.kms.katalon.core.webui.keyword.WebUiBuiltInKeywords.modifyObjectProperty(batchlength, "xpath", "equals", "//*[@id = "fldvendor" + row + ""]", true): Modify property of object successfully

2018-06-09 19:54:07 - [MESSAGE][PASSED] - Modify property of object successfully

2018-06-09 19:54:07 - [TEST_STEP][PASSED] - Statement - batchsize = com.kms.katalon.core.webui.keyword.WebUiBuiltInKeywords.getNumberOfTotalOption(batchlength): 12 options of object '' counted

2018-06-09 19:54:07 - [MESSAGE][PASSED] - 12 options of object '' counted

2018-06-09 19:54:07 - [TEST_STEP][PASSED] - Statement - out.println("BatchSize : " + batchsize): null

2018-06-09 19:54:07 - [TEST_STEP][PASSED] - Statement - For ([n = 1, n <= batchsize - 1, (n++)]): null

2018-06-09 19:54:07 - [TEST_STEP][PASSED] - Statement - product = new com.kms.katalon.core.testobject.TestObject(): null

2018-06-09 19:54:07 - [TEST_STEP][PASSED] - Statement - product = com.kms.katalon.core.webui.keyword.WebUiBuiltInKeywords.modifyObjectProperty(product, "xpath", "equals", "//*[@id = "fldvendor" + row + ""]", true): Modify property of object successfully

2018-06-09 19:54:07 - [MESSAGE][PASSED] - Modify property of object successfully

2018-06-09 19:54:07 - [TEST_STEP][PASSED] - selectOptionByIndex: All options with index in [1] are selected on object ''

2018-06-09 19:54:07 - [MESSAGE][PASSED] - All options with index in [1] are selected on object ''

2018-06-09 19:54:07 - [TEST_STEP][PASSED] - delay: Delayed 2 second(s)

2018-06-09 19:54:09 - [MESSAGE][PASSED] - Delayed 2 second(s)

2018-06-09 19:54:09 - [TEST_STEP][PASSED] - Statement - batch = new com.kms.katalon.core.testobject.TestObject(): null

2018-06-09 19:54:09 - [TEST_STEP][PASSED] - Statement - batch = com.kms.katalon.core.webui.keyword.WebUiBuiltInKeywords.modifyObjectProperty(batch, "xpath", "equals", "//*[@id = "txtbthqty" + row + ""]", true): Modify property of object successfully

2018-06-09 19:54:09 - [MESSAGE][PASSED] - Modify property of object successfully

2018-06-09 19:54:09 - [TEST_STEP][PASSED] - Statement - batchqty = com.kms.katalon.core.webui.keyword.WebUiBuiltInKeywords.getAttribute(batch, "value").trim(): Attribute 'value' of object '' is: '36600'

2018-06-09 19:54:09 - [MESSAGE][PASSED] - Attribute 'value' of object '' is: '36600'

2018-06-09 19:54:09 - [TEST_STEP][PASSED] - Statement - Rqty = 100: null

2018-06-09 19:54:09 - [TEST_STEP][PASSED] - Statement - out.println("BatchQty : " + batchqty): null

2018-06-09 19:54:09 - [TEST_STEP][PASSED] - Statement - out.println("RQty : " + Rqty): null

2018-06-09 19:54:09 - [TEST_STEP][PASSED] - Statement - If (java.lang.Integer.valueOf(batchqty) >= java.lang.Integer.valueOf(Rqty)): null

2018-06-09 19:54:09 - [TEST_STEP][PASSED] - Statement - Break: null

2018-06-09 19:54:09 - [TEST_STEP][PASSED] - Statement - batchlength = new com.kms.katalon.core.testobject.TestObject(): null

2018-06-09 19:54:09 - [TEST_STEP][PASSED] - Statement - batchlength = com.kms.katalon.core.webui.keyword.WebUiBuiltInKeywords.modifyObjectProperty(batchlength, "xpath", "equals", "//*[@id = "fldvendor" + row + ""]", true): Modify property of object successfully

2018-06-09 19:54:09 - [MESSAGE][PASSED] - Modify property of object successfully

2018-06-09 19:54:09 - [TEST_STEP][PASSED] - Statement - batchsize = com.kms.katalon.core.webui.keyword.WebUiBuiltInKeywords.getNumberOfTotalOption(batchlength): 12 options of object '' counted

2018-06-09 19:54:09 - [MESSAGE][PASSED] - 12 options of object '' counted

2018-06-09 19:54:09 - [TEST_STEP][PASSED] - Statement - out.println("BatchSize : " + batchsize): null

2018-06-09 19:54:09 - [TEST_STEP][PASSED] - Statement - For ([n = 1, n <= batchsize - 1, (n++)]): null

2018-06-09 19:54:09 - [TEST_STEP][PASSED] - Statement - product = new com.kms.katalon.core.testobject.TestObject(): null

2018-06-09 19:54:09 - [TEST_STEP][PASSED] - Statement - product = com.kms.katalon.core.webui.keyword.WebUiBuiltInKeywords.modifyObjectProperty(product, "xpath", "equals", "//*[@id = "fldvendor" + row + ""]", true): Modify property of object successfully

2018-06-09 19:54:09 - [MESSAGE][PASSED] - Modify property of object successfully

2018-06-09 19:54:09 - [TEST_STEP][PASSED] - selectOptionByIndex: All options with index in [1] are selected on object ''

2018-06-09 19:54:10 - [MESSAGE][PASSED] - All options with index in [1] are selected on object ''

2018-06-09 19:54:10 - [TEST_STEP][PASSED] - delay: Delayed 2 second(s)

2018-06-09 19:54:12 - [MESSAGE][PASSED] - Delayed 2 second(s)

2018-06-09 19:54:12 - [TEST_STEP][PASSED] - Statement - batch = new com.kms.katalon.core.testobject.TestObject(): null

2018-06-09 19:54:12 - [TEST_STEP][PASSED] - Statement - batch = com.kms.katalon.core.webui.keyword.WebUiBuiltInKeywords.modifyObjectProperty(batch, "xpath", "equals", "//*[@id = "txtbthqty" + row + ""]", true): Modify property of object successfully

2018-06-09 19:54:12 - [MESSAGE][PASSED] - Modify property of object successfully

2018-06-09 19:54:12 - [TEST_STEP][PASSED] - Statement - batchqty = com.kms.katalon.core.webui.keyword.WebUiBuiltInKeywords.getAttribute(batch, "value").trim(): Attribute 'value' of object '' is: '36600'

2018-06-09 19:54:12 - [MESSAGE][PASSED] - Attribute 'value' of object '' is: '36600'

2018-06-09 19:54:12 - [TEST_STEP][PASSED] - Statement - Rqty = 100: null

2018-06-09 19:54:12 - [TEST_STEP][PASSED] - Statement - out.println("BatchQty : " + batchqty): null

2018-06-09 19:54:12 - [TEST_STEP][PASSED] - Statement - out.println("RQty : " + Rqty): null

2018-06-09 19:54:12 - [TEST_STEP][PASSED] - Statement - If (java.lang.Integer.valueOf(batchqty) >= java.lang.Integer.valueOf(Rqty)): null

2018-06-09 19:54:12 - [TEST_STEP][PASSED] - Statement - Break: null

2018-06-09 19:54:12 - [TEST_STEP][PASSED] - Statement - batchlength = new com.kms.katalon.core.testobject.TestObject(): null

2018-06-09 19:54:12 - [TEST_STEP][PASSED] - Statement - batchlength = com.kms.katalon.core.webui.keyword.WebUiBuiltInKeywords.modifyObjectProperty(batchlength, "xpath", "equals", "//*[@id = "fldvendor" + row + ""]", true): Modify property of object successfully

2018-06-09 19:54:12 - [MESSAGE][PASSED] - Modify property of object successfully

2018-06-09 19:54:12 - [TEST_STEP][PASSED] - Statement - batchsize = com.kms.katalon.core.webui.keyword.WebUiBuiltInKeywords.getNumberOfTotalOption(batchlength): 12 options of object '' counted

2018-06-09 19:54:12 - [MESSAGE][PASSED] - 12 options of object '' counted

2018-06-09 19:54:12 - [TEST_STEP][PASSED] - Statement - out.println("BatchSize : " + batchsize): null

2018-06-09 19:54:12 - [TEST_STEP][PASSED] - Statement - For ([n = 1, n <= batchsize - 1, (n++)]): null

2018-06-09 19:54:12 - [TEST_STEP][PASSED] - Statement - product = new com.kms.katalon.core.testobject.TestObject(): null

2018-06-09 19:54:12 - [TEST_STEP][PASSED] - Statement - product = com.kms.katalon.core.webui.keyword.WebUiBuiltInKeywords.modifyObjectProperty(product, "xpath", "equals", "//*[@id = "fldvendor" + row + ""]", true): Modify property of object successfully

2018-06-09 19:54:12 - [MESSAGE][PASSED] - Modify property of object successfully

2018-06-09 19:54:12 - [TEST_STEP][PASSED] - selectOptionByIndex: All options with index in [1] are selected on object ''

2018-06-09 19:54:12 - [MESSAGE][PASSED] - All options with index in [1] are selected on object ''

2018-06-09 19:54:12 - [TEST_STEP][PASSED] - delay: Delayed 2 second(s)

2018-06-09 19:54:14 - [MESSAGE][PASSED] - Delayed 2 second(s)

2018-06-09 19:54:14 - [TEST_STEP][PASSED] - Statement - batch = new com.kms.katalon.core.testobject.TestObject(): null

2018-06-09 19:54:14 - [TEST_STEP][PASSED] - Statement - batch = com.kms.katalon.core.webui.keyword.WebUiBuiltInKeywords.modifyObjectProperty(batch, "xpath", "equals", "//*[@id = "txtbthqty" + row + ""]", true): Modify property of object successfully

2018-06-09 19:54:14 - [MESSAGE][PASSED] - Modify property of object successfully

2018-06-09 19:54:14 - [TEST_STEP][PASSED] - Statement - batchqty = com.kms.katalon.core.webui.keyword.WebUiBuiltInKeywords.getAttribute(batch, "value").trim(): Attribute 'value' of object '' is: '3000'

2018-06-09 19:54:14 - [MESSAGE][PASSED] - Attribute 'value' of object '' is: '3000'

2018-06-09 19:54:14 - [TEST_STEP][PASSED] - Statement - Rqty = 100: null

2018-06-09 19:54:14 - [TEST_STEP][PASSED] - Statement - out.println("BatchQty : " + batchqty): null

2018-06-09 19:54:14 - [TEST_STEP][PASSED] - Statement - out.println("RQty : " + Rqty): null

2018-06-09 19:54:14 - [TEST_STEP][PASSED] - Statement - If (java.lang.Integer.valueOf(batchqty) >= java.lang.Integer.valueOf(Rqty)): null

2018-06-09 19:54:14 - [TEST_STEP][PASSED] - Statement - Break: null

2018-06-09 19:54:14 - [TEST_STEP][PASSED] - Statement - batchlength = new com.kms.katalon.core.testobject.TestObject(): null

2018-06-09 19:54:14 - [TEST_STEP][PASSED] - Statement - batchlength = com.kms.katalon.core.webui.keyword.WebUiBuiltInKeywords.modifyObjectProperty(batchlength, "xpath", "equals", "//*[@id = "fldvendor" + row + ""]", true): Modify property of object successfully

2018-06-09 19:54:14 - [MESSAGE][PASSED] - Modify property of object successfully

2018-06-09 19:54:14 - [TEST_STEP][PASSED] - Statement - batchsize = com.kms.katalon.core.webui.keyword.WebUiBuiltInKeywords.getNumberOfTotalOption(batchlength): 12 options of object '' counted

2018-06-09 19:54:14 - [MESSAGE][PASSED] - 12 options of object '' counted

2018-06-09 19:54:14 - [TEST_STEP][PASSED] - Statement - out.println("BatchSize : " + batchsize): null

2018-06-09 19:54:14 - [TEST_STEP][PASSED] - Statement - For ([n = 1, n <= batchsize - 1, (n++)]): null

2018-06-09 19:54:14 - [TEST_STEP][PASSED] - Statement - product = new com.kms.katalon.core.testobject.TestObject(): null

2018-06-09 19:54:14 - [TEST_STEP][PASSED] - Statement - product = com.kms.katalon.core.webui.keyword.WebUiBuiltInKeywords.modifyObjectProperty(product, "xpath", "equals", "//*[@id = "fldvendor" + row + ""]", true): Modify property of object successfully

2018-06-09 19:54:14 - [MESSAGE][PASSED] - Modify property of object successfully

2018-06-09 19:54:14 - [TEST_STEP][PASSED] - selectOptionByIndex: All options with index in [1] are selected on object ''

2018-06-09 19:54:14 - [MESSAGE][PASSED] - All options with index in [1] are selected on object ''

2018-06-09 19:54:14 - [TEST_STEP][PASSED] - delay: Delayed 2 second(s)

2018-06-09 19:54:16 - [MESSAGE][PASSED] - Delayed 2 second(s)

2018-06-09 19:54:16 - [TEST_STEP][PASSED] - Statement - batch = new com.kms.katalon.core.testobject.TestObject(): null

2018-06-09 19:54:16 - [TEST_STEP][PASSED] - Statement - batch = com.kms.katalon.core.webui.keyword.WebUiBuiltInKeywords.modifyObjectProperty(batch, "xpath", "equals", "//*[@id = "txtbthqty" + row + ""]", true): Modify property of object successfully

2018-06-09 19:54:16 - [MESSAGE][PASSED] - Modify property of object successfully

2018-06-09 19:54:16 - [TEST_STEP][PASSED] - Statement - batchqty = com.kms.katalon.core.webui.keyword.WebUiBuiltInKeywords.getAttribute(batch, "value").trim(): Attribute 'value' of object '' is: '36600'

2018-06-09 19:54:16 - [MESSAGE][PASSED] - Attribute 'value' of object '' is: '36600'

2018-06-09 19:54:16 - [TEST_STEP][PASSED] - Statement - Rqty = 100: null

2018-06-09 19:54:16 - [TEST_STEP][PASSED] - Statement - out.println("BatchQty : " + batchqty): null

2018-06-09 19:54:16 - [TEST_STEP][PASSED] - Statement - out.println("RQty : " + Rqty): null

2018-06-09 19:54:16 - [TEST_STEP][PASSED] - Statement - If (java.lang.Integer.valueOf(batchqty) >= java.lang.Integer.valueOf(Rqty)): null

2018-06-09 19:54:16 - [TEST_STEP][PASSED] - Statement - Break: null

2018-06-09 19:54:16 - [TEST_STEP][PASSED] - Statement - batchlength = new com.kms.katalon.core.testobject.TestObject(): null

2018-06-09 19:54:16 - [TEST_STEP][PASSED] - Statement - batchlength = com.kms.katalon.core.webui.keyword.WebUiBuiltInKeywords.modifyObjectProperty(batchlength, "xpath", "equals", "//*[@id = "fldvendor" + row + ""]", true): Modify property of object successfully

2018-06-09 19:54:16 - [MESSAGE][PASSED] - Modify property of object successfully

2018-06-09 19:54:16 - [TEST_STEP][PASSED] - Statement - batchsize = com.kms.katalon.core.webui.keyword.WebUiBuiltInKeywords.getNumberOfTotalOption(batchlength): 11 options of object '' counted

2018-06-09 19:54:16 - [MESSAGE][PASSED] - 11 options of object '' counted

2018-06-09 19:54:16 - [TEST_STEP][PASSED] - Statement - out.println("BatchSize : " + batchsize): null

2018-06-09 19:54:16 - [TEST_STEP][PASSED] - Statement - For ([n = 1, n <= batchsize - 1, (n++)]): null

2018-06-09 19:54:16 - [TEST_STEP][PASSED] - Statement - product = new com.kms.katalon.core.testobject.TestObject(): null

2018-06-09 19:54:16 - [TEST_STEP][PASSED] - Statement - product = com.kms.katalon.core.webui.keyword.WebUiBuiltInKeywords.modifyObjectProperty(product, "xpath", "equals", "//*[@id = "fldvendor" + row + ""]", true): Modify property of object successfully

2018-06-09 19:54:16 - [MESSAGE][PASSED] - Modify property of object successfully

2018-06-09 19:54:16 - [TEST_STEP][PASSED] - selectOptionByIndex: All options with index in [1] are selected on object ''

2018-06-09 19:54:16 - [MESSAGE][PASSED] - All options with index in [1] are selected on object ''

2018-06-09 19:54:16 - [TEST_STEP][PASSED] - delay: Delayed 2 second(s)

2018-06-09 19:54:18 - [MESSAGE][PASSED] - Delayed 2 second(s)

2018-06-09 19:54:18 - [TEST_STEP][PASSED] - Statement - batch = new com.kms.katalon.core.testobject.TestObject(): null

2018-06-09 19:54:18 - [TEST_STEP][PASSED] - Statement - batch = com.kms.katalon.core.webui.keyword.WebUiBuiltInKeywords.modifyObjectProperty(batch, "xpath", "equals", "//*[@id = "txtbthqty" + row + ""]", true): Modify property of object successfully

2018-06-09 19:54:18 - [MESSAGE][PASSED] - Modify property of object successfully

2018-06-09 19:54:18 - [TEST_STEP][PASSED] - Statement - batchqty = com.kms.katalon.core.webui.keyword.WebUiBuiltInKeywords.getAttribute(batch, "value").trim(): Attribute 'value' of object '' is: '3000'

2018-06-09 19:54:18 - [MESSAGE][PASSED] - Attribute 'value' of object '' is: '3000'

2018-06-09 19:54:18 - [TEST_STEP][PASSED] - Statement - Rqty = 100: null

2018-06-09 19:54:18 - [TEST_STEP][PASSED] - Statement - out.println("BatchQty : " + batchqty): null

2018-06-09 19:54:18 - [TEST_STEP][PASSED] - Statement - out.println("RQty : " + Rqty): null

2018-06-09 19:54:18 - [TEST_STEP][PASSED] - Statement - If (java.lang.Integer.valueOf(batchqty) >= java.lang.Integer.valueOf(Rqty)): null

2018-06-09 19:54:18 - [TEST_STEP][PASSED] - Statement - Break: null

2018-06-09 19:54:18 - [TEST_STEP][PASSED] - Statement - batchlength = new com.kms.katalon.core.testobject.TestObject(): null

2018-06-09 19:54:18 - [TEST_STEP][PASSED] - Statement - batchlength = com.kms.katalon.core.webui.keyword.WebUiBuiltInKeywords.modifyObjectProperty(batchlength, "xpath", "equals", "//*[@id = "fldvendor" + row + ""]", true): Modify property of object successfully

2018-06-09 19:54:18 - [MESSAGE][PASSED] - Modify property of object successfully

2018-06-09 19:54:18 - [TEST_STEP][PASSED] - Statement - batchsize = com.kms.katalon.core.webui.keyword.WebUiBuiltInKeywords.getNumberOfTotalOption(batchlength): 12 options of object '' counted

2018-06-09 19:54:18 - [MESSAGE][PASSED] - 12 options of object '' counted

2018-06-09 19:54:18 - [TEST_STEP][PASSED] - Statement - out.println("BatchSize : " + batchsize): null

2018-06-09 19:54:18 - [TEST_STEP][PASSED] - Statement - For ([n = 1, n <= batchsize - 1, (n++)]): null

2018-06-09 19:54:18 - [TEST_STEP][PASSED] - Statement - product = new com.kms.katalon.core.testobject.TestObject(): null

2018-06-09 19:54:18 - [TEST_STEP][PASSED] - Statement - product = com.kms.katalon.core.webui.keyword.WebUiBuiltInKeywords.modifyObjectProperty(product, "xpath", "equals", "//*[@id = "fldvendor" + row + ""]", true): Modify property of object successfully

2018-06-09 19:54:18 - [MESSAGE][PASSED] - Modify property of object successfully

2018-06-09 19:54:18 - [TEST_STEP][PASSED] - selectOptionByIndex: All options with index in [1] are selected on object ''

2018-06-09 19:54:19 - [MESSAGE][PASSED] - All options with index in [1] are selected on object ''

2018-06-09 19:54:19 - [TEST_STEP][PASSED] - delay: Delayed 2 second(s)

2018-06-09 19:54:21 - [MESSAGE][PASSED] - Delayed 2 second(s)

2018-06-09 19:54:21 - [TEST_STEP][PASSED] - Statement - batch = new com.kms.katalon.core.testobject.TestObject(): null

2018-06-09 19:54:21 - [TEST_STEP][PASSED] - Statement - batch = com.kms.katalon.core.webui.keyword.WebUiBuiltInKeywords.modifyObjectProperty(batch, "xpath", "equals", "//*[@id = "txtbthqty" + row + ""]", true): Modify property of object successfully

2018-06-09 19:54:21 - [MESSAGE][PASSED] - Modify property of object successfully

2018-06-09 19:54:21 - [TEST_STEP][PASSED] - Statement - batchqty = com.kms.katalon.core.webui.keyword.WebUiBuiltInKeywords.getAttribute(batch, "value").trim(): Attribute 'value' of object '' is: '36600'

2018-06-09 19:54:21 - [MESSAGE][PASSED] - Attribute 'value' of object '' is: '36600'

2018-06-09 19:54:21 - [TEST_STEP][PASSED] - Statement - Rqty = 100: null

2018-06-09 19:54:21 - [TEST_STEP][PASSED] - Statement - out.println("BatchQty : " + batchqty): null

2018-06-09 19:54:21 - [TEST_STEP][PASSED] - Statement - out.println("RQty : " + Rqty): null

2018-06-09 19:54:21 - [TEST_STEP][PASSED] - Statement - If (java.lang.Integer.valueOf(batchqty) >= java.lang.Integer.valueOf(Rqty)): null

2018-06-09 19:54:21 - [TEST_STEP][PASSED] - Statement - Break: null

2018-06-09 19:54:21 - [TEST_STEP][PASSED] - Statement - batchlength = new com.kms.katalon.core.testobject.TestObject(): null

2018-06-09 19:54:21 - [TEST_STEP][PASSED] - Statement - batchlength = com.kms.katalon.core.webui.keyword.WebUiBuiltInKeywords.modifyObjectProperty(batchlength, "xpath", "equals", "//*[@id = "fldvendor" + row + ""]", true): Modify property of object successfully

2018-06-09 19:54:21 - [MESSAGE][PASSED] - Modify property of object successfully

2018-06-09 19:54:21 - [TEST_STEP][PASSED] - Statement - batchsize = com.kms.katalon.core.webui.keyword.WebUiBuiltInKeywords.getNumberOfTotalOption(batchlength): 12 options of object '' counted

2018-06-09 19:54:21 - [MESSAGE][PASSED] - 12 options of object '' counted

2018-06-09 19:54:21 - [TEST_STEP][PASSED] - Statement - out.println("BatchSize : " + batchsize): null

2018-06-09 19:54:21 - [TEST_STEP][PASSED] - Statement - For ([n = 1, n <= batchsize - 1, (n++)]): null

2018-06-09 19:54:21 - [TEST_STEP][PASSED] - Statement - product = new com.kms.katalon.core.testobject.TestObject(): null

2018-06-09 19:54:21 - [TEST_STEP][PASSED] - Statement - product = com.kms.katalon.core.webui.keyword.WebUiBuiltInKeywords.modifyObjectProperty(product, "xpath", "equals", "//*[@id = "fldvendor" + row + ""]", true): Modify property of object successfully

2018-06-09 19:54:21 - [MESSAGE][PASSED] - Modify property of object successfully

2018-06-09 19:54:21 - [TEST_STEP][PASSED] - selectOptionByIndex: All options with index in [1] are selected on object ''

2018-06-09 19:54:21 - [MESSAGE][PASSED] - All options with index in [1] are selected on object ''

2018-06-09 19:54:21 - [TEST_STEP][PASSED] - delay: Delayed 2 second(s)

2018-06-09 19:54:23 - [MESSAGE][PASSED] - Delayed 2 second(s)

2018-06-09 19:54:23 - [TEST_STEP][PASSED] - Statement - batch = new com.kms.katalon.core.testobject.TestObject(): null

2018-06-09 19:54:23 - [TEST_STEP][PASSED] - Statement - batch = com.kms.katalon.core.webui.keyword.WebUiBuiltInKeywords.modifyObjectProperty(batch, "xpath", "equals", "//*[@id = "txtbthqty" + row + ""]", true): Modify property of object successfully

2018-06-09 19:54:23 - [MESSAGE][PASSED] - Modify property of object successfully

2018-06-09 19:54:23 - [TEST_STEP][PASSED] - Statement - batchqty = com.kms.katalon.core.webui.keyword.WebUiBuiltInKeywords.getAttribute(batch, "value").trim(): Attribute 'value' of object '' is: '36600'

2018-06-09 19:54:23 - [MESSAGE][PASSED] - Attribute 'value' of object '' is: '36600'

2018-06-09 19:54:23 - [TEST_STEP][PASSED] - Statement - Rqty = 100: null

2018-06-09 19:54:23 - [TEST_STEP][PASSED] - Statement - out.println("BatchQty : " + batchqty): null

2018-06-09 19:54:23 - [TEST_STEP][PASSED] - Statement - out.println("RQty : " + Rqty): null

2018-06-09 19:54:23 - [TEST_STEP][PASSED] - Statement - If (java.lang.Integer.valueOf(batchqty) >= java.lang.Integer.valueOf(Rqty)): null

2018-06-09 19:54:23 - [TEST_STEP][PASSED] - Statement - Break: null

2018-06-09 19:54:23 - [TEST_STEP][PASSED] - Statement - batchlength = new com.kms.katalon.core.testobject.TestObject(): null

2018-06-09 19:54:23 - [TEST_STEP][PASSED] - Statement - batchlength = com.kms.katalon.core.webui.keyword.WebUiBuiltInKeywords.modifyObjectProperty(batchlength, "xpath", "equals", "//*[@id = "fldvendor" + row + ""]", true): Modify property of object successfully

2018-06-09 19:54:23 - [MESSAGE][PASSED] - Modify property of object successfully

2018-06-09 19:54:23 - [TEST_STEP][PASSED] - Statement - batchsize = com.kms.katalon.core.webui.keyword.WebUiBuiltInKeywords.getNumberOfTotalOption(batchlength): 12 options of object '' counted

2018-06-09 19:54:23 - [MESSAGE][PASSED] - 12 options of object '' counted

2018-06-09 19:54:23 - [TEST_STEP][PASSED] - Statement - out.println("BatchSize : " + batchsize): null

2018-06-09 19:54:23 - [TEST_STEP][PASSED] - Statement - For ([n = 1, n <= batchsize - 1, (n++)]): null

2018-06-09 19:54:23 - [TEST_STEP][PASSED] - Statement - product = new com.kms.katalon.core.testobject.TestObject(): null

2018-06-09 19:54:23 - [TEST_STEP][PASSED] - Statement - product = com.kms.katalon.core.webui.keyword.WebUiBuiltInKeywords.modifyObjectProperty(product, "xpath", "equals", "//*[@id = "fldvendor" + row + ""]", true): Modify property of object successfully

2018-06-09 19:54:23 - [MESSAGE][PASSED] - Modify property of object successfully

2018-06-09 19:54:23 - [TEST_STEP][PASSED] - selectOptionByIndex: All options with index in [1] are selected on object ''

2018-06-09 19:54:23 - [MESSAGE][PASSED] - All options with index in [1] are selected on object ''

2018-06-09 19:54:23 - [TEST_STEP][PASSED] - delay: Delayed 2 second(s)

2018-06-09 19:54:25 - [MESSAGE][PASSED] - Delayed 2 second(s)

2018-06-09 19:54:25 - [TEST_STEP][PASSED] - Statement - batch = new com.kms.katalon.core.testobject.TestObject(): null

2018-06-09 19:54:25 - [TEST_STEP][PASSED] - Statement - batch = com.kms.katalon.core.webui.keyword.WebUiBuiltInKeywords.modifyObjectProperty(batch, "xpath", "equals", "//*[@id = "txtbthqty" + row + ""]", true): Modify property of object successfully

2018-06-09 19:54:25 - [MESSAGE][PASSED] - Modify property of object successfully

2018-06-09 19:54:25 - [TEST_STEP][PASSED] - Statement - batchqty = com.kms.katalon.core.webui.keyword.WebUiBuiltInKeywords.getAttribute(batch, "value").trim(): Attribute 'value' of object '' is: '4400'

2018-06-09 19:54:25 - [MESSAGE][PASSED] - Attribute 'value' of object '' is: '4400'

2018-06-09 19:54:25 - [TEST_STEP][PASSED] - Statement - Rqty = 100: null

2018-06-09 19:54:25 - [TEST_STEP][PASSED] - Statement - out.println("BatchQty : " + batchqty): null

2018-06-09 19:54:25 - [TEST_STEP][PASSED] - Statement - out.println("RQty : " + Rqty): null

2018-06-09 19:54:25 - [TEST_STEP][PASSED] - Statement - If (java.lang.Integer.valueOf(batchqty) >= java.lang.Integer.valueOf(Rqty)): null

2018-06-09 19:54:25 - [TEST_STEP][PASSED] - Statement - Break: null

2018-06-09 19:54:25 - [TEST_STEP][PASSED] - Statement - batchlength = new com.kms.katalon.core.testobject.TestObject(): null

2018-06-09 19:54:25 - [TEST_STEP][PASSED] - Statement - batchlength = com.kms.katalon.core.webui.keyword.WebUiBuiltInKeywords.modifyObjectProperty(batchlength, "xpath", "equals", "//*[@id = "fldvendor" + row + ""]", true): Modify property of object successfully

2018-06-09 19:54:25 - [MESSAGE][PASSED] - Modify property of object successfully

2018-06-09 19:54:25 - [TEST_STEP][PASSED] - Statement - batchsize = com.kms.katalon.core.webui.keyword.WebUiBuiltInKeywords.getNumberOfTotalOption(batchlength): 12 options of object '' counted

2018-06-09 19:54:25 - [MESSAGE][PASSED] - 12 options of object '' counted

2018-06-09 19:54:25 - [TEST_STEP][PASSED] - Statement - out.println("BatchSize : " + batchsize): null

2018-06-09 19:54:25 - [TEST_STEP][PASSED] - Statement - For ([n = 1, n <= batchsize - 1, (n++)]): null

2018-06-09 19:54:25 - [TEST_STEP][PASSED] - Statement - product = new com.kms.katalon.core.testobject.TestObject(): null

2018-06-09 19:54:25 - [TEST_STEP][PASSED] - Statement - product = com.kms.katalon.core.webui.keyword.WebUiBuiltInKeywords.modifyObjectProperty(product, "xpath", "equals", "//*[@id = "fldvendor" + row + ""]", true): Modify property of object successfully

2018-06-09 19:54:25 - [MESSAGE][PASSED] - Modify property of object successfully

2018-06-09 19:54:25 - [TEST_STEP][PASSED] - selectOptionByIndex: All options with index in [1] are selected on object ''

2018-06-09 19:54:25 - [MESSAGE][PASSED] - All options with index in [1] are selected on object ''

2018-06-09 19:54:25 - [TEST_STEP][PASSED] - delay: Delayed 2 second(s)

2018-06-09 19:54:27 - [MESSAGE][PASSED] - Delayed 2 second(s)

2018-06-09 19:54:27 - [TEST_STEP][PASSED] - Statement - batch = new com.kms.katalon.core.testobject.TestObject(): null

2018-06-09 19:54:27 - [TEST_STEP][PASSED] - Statement - batch = com.kms.katalon.core.webui.keyword.WebUiBuiltInKeywords.modifyObjectProperty(batch, "xpath", "equals", "//*[@id = "txtbthqty" + row + ""]", true): Modify property of object successfully

2018-06-09 19:54:27 - [MESSAGE][PASSED] - Modify property of object successfully

2018-06-09 19:54:27 - [TEST_STEP][PASSED] - Statement - batchqty = com.kms.katalon.core.webui.keyword.WebUiBuiltInKeywords.getAttribute(batch, "value").trim(): Attribute 'value' of object '' is: '1600'

2018-06-09 19:54:27 - [MESSAGE][PASSED] - Attribute 'value' of object '' is: '1600'

2018-06-09 19:54:27 - [TEST_STEP][PASSED] - Statement - Rqty = 100: null

2018-06-09 19:54:27 - [TEST_STEP][PASSED] - Statement - out.println("BatchQty : " + batchqty): null

2018-06-09 19:54:27 - [TEST_STEP][PASSED] - Statement - out.println("RQty : " + Rqty): null

2018-06-09 19:54:27 - [TEST_STEP][PASSED] - Statement - If (java.lang.Integer.valueOf(batchqty) >= java.lang.Integer.valueOf(Rqty)): null

2018-06-09 19:54:27 - [TEST_STEP][PASSED] - Statement - Break: null

2018-06-09 19:54:27 - [TEST_STEP][PASSED] - Statement - batchlength = new com.kms.katalon.core.testobject.TestObject(): null

2018-06-09 19:54:27 - [TEST_STEP][PASSED] - Statement - batchlength = com.kms.katalon.core.webui.keyword.WebUiBuiltInKeywords.modifyObjectProperty(batchlength, "xpath", "equals", "//*[@id = "fldvendor" + row + ""]", true): Modify property of object successfully

2018-06-09 19:54:27 - [MESSAGE][PASSED] - Modify property of object successfully

2018-06-09 19:54:27 - [TEST_STEP][PASSED] - Statement - batchsize = com.kms.katalon.core.webui.keyword.WebUiBuiltInKeywords.getNumberOfTotalOption(batchlength): 12 options of object '' counted

2018-06-09 19:54:27 - [MESSAGE][PASSED] - 12 options of object '' counted

2018-06-09 19:54:27 - [TEST_STEP][PASSED] - Statement - out.println("BatchSize : " + batchsize): null

2018-06-09 19:54:27 - [TEST_STEP][PASSED] - Statement - For ([n = 1, n <= batchsize - 1, (n++)]): null

2018-06-09 19:54:27 - [TEST_STEP][PASSED] - Statement - product = new com.kms.katalon.core.testobject.TestObject(): null

2018-06-09 19:54:27 - [TEST_STEP][PASSED] - Statement - product = com.kms.katalon.core.webui.keyword.WebUiBuiltInKeywords.modifyObjectProperty(product, "xpath", "equals", "//*[@id = "fldvendor" + row + ""]", true): Modify property of object successfully

2018-06-09 19:54:27 - [MESSAGE][PASSED] - Modify property of object successfully

2018-06-09 19:54:27 - [TEST_STEP][PASSED] - selectOptionByIndex: All options with index in [1] are selected on object ''

2018-06-09 19:54:28 - [MESSAGE][PASSED] - All options with index in [1] are selected on object ''

2018-06-09 19:54:28 - [TEST_STEP][PASSED] - delay: Delayed 2 second(s)

2018-06-09 19:54:30 - [MESSAGE][PASSED] - Delayed 2 second(s)

2018-06-09 19:54:30 - [TEST_STEP][PASSED] - Statement - batch = new com.kms.katalon.core.testobject.TestObject(): null

2018-06-09 19:54:30 - [TEST_STEP][PASSED] - Statement - batch = com.kms.katalon.core.webui.keyword.WebUiBuiltInKeywords.modifyObjectProperty(batch, "xpath", "equals", "//*[@id = "txtbthqty" + row + ""]", true): Modify property of object successfully

2018-06-09 19:54:30 - [MESSAGE][PASSED] - Modify property of object successfully

2018-06-09 19:54:30 - [TEST_STEP][PASSED] - Statement - batchqty = com.kms.katalon.core.webui.keyword.WebUiBuiltInKeywords.getAttribute(batch, "value").trim(): Attribute 'value' of object '' is: '4400'

2018-06-09 19:54:30 - [MESSAGE][PASSED] - Attribute 'value' of object '' is: '4400'

2018-06-09 19:54:30 - [TEST_STEP][PASSED] - Statement - Rqty = 100: null

2018-06-09 19:54:30 - [TEST_STEP][PASSED] - Statement - out.println("BatchQty : " + batchqty): null

2018-06-09 19:54:30 - [TEST_STEP][PASSED] - Statement - out.println("RQty : " + Rqty): null

2018-06-09 19:54:30 - [TEST_STEP][PASSED] - Statement - If (java.lang.Integer.valueOf(batchqty) >= java.lang.Integer.valueOf(Rqty)): null

2018-06-09 19:54:30 - [TEST_STEP][PASSED] - Statement - Break: null

2018-06-09 19:54:30 - [TEST_STEP][PASSED] - Statement - batchlength = new com.kms.katalon.core.testobject.TestObject(): null

2018-06-09 19:54:30 - [TEST_STEP][PASSED] - Statement - batchlength = com.kms.katalon.core.webui.keyword.WebUiBuiltInKeywords.modifyObjectProperty(batchlength, "xpath", "equals", "//*[@id = "fldvendor" + row + ""]", true): Modify property of object successfully

2018-06-09 19:54:30 - [MESSAGE][PASSED] - Modify property of object successfully

2018-06-09 19:54:30 - [TEST_STEP][PASSED] - Statement - batchsize = com.kms.katalon.core.webui.keyword.WebUiBuiltInKeywords.getNumberOfTotalOption(batchlength): 12 options of object '' counted

2018-06-09 19:54:30 - [MESSAGE][PASSED] - 12 options of object '' counted

2018-06-09 19:54:30 - [TEST_STEP][PASSED] - Statement - out.println("BatchSize : " + batchsize): null

2018-06-09 19:54:30 - [TEST_STEP][PASSED] - Statement - For ([n = 1, n <= batchsize - 1, (n++)]): null

2018-06-09 19:54:30 - [TEST_STEP][PASSED] - Statement - product = new com.kms.katalon.core.testobject.TestObject(): null

2018-06-09 19:54:30 - [TEST_STEP][PASSED] - Statement - product = com.kms.katalon.core.webui.keyword.WebUiBuiltInKeywords.modifyObjectProperty(product, "xpath", "equals", "//*[@id = "fldvendor" + row + ""]", true): Modify property of object successfully

2018-06-09 19:54:30 - [MESSAGE][PASSED] - Modify property of object successfully

2018-06-09 19:54:30 - [TEST_STEP][PASSED] - selectOptionByIndex: All options with index in [1] are selected on object ''

2018-06-09 19:54:30 - [MESSAGE][PASSED] - All options with index in [1] are selected on object ''

2018-06-09 19:54:30 - [TEST_STEP][PASSED] - delay: Delayed 2 second(s)

2018-06-09 19:54:32 - [MESSAGE][PASSED] - Delayed 2 second(s)

2018-06-09 19:54:32 - [TEST_STEP][PASSED] - Statement - batch = new com.kms.katalon.core.testobject.TestObject(): null

2018-06-09 19:54:32 - [TEST_STEP][PASSED] - Statement - batch = com.kms.katalon.core.webui.keyword.WebUiBuiltInKeywords.modifyObjectProperty(batch, "xpath", "equals", "//*[@id = "txtbthqty" + row + ""]", true): Modify property of object successfully

2018-06-09 19:54:32 - [MESSAGE][PASSED] - Modify property of object successfully

2018-06-09 19:54:32 - [TEST_STEP][PASSED] - Statement - batchqty = com.kms.katalon.core.webui.keyword.WebUiBuiltInKeywords.getAttribute(batch, "value").trim(): Attribute 'value' of object '' is: '1700'

2018-06-09 19:54:32 - [MESSAGE][PASSED] - Attribute 'value' of object '' is: '1700'

2018-06-09 19:54:32 - [TEST_STEP][PASSED] - Statement - Rqty = 100: null

2018-06-09 19:54:32 - [TEST_STEP][PASSED] - Statement - out.println("BatchQty : " + batchqty): null

2018-06-09 19:54:32 - [TEST_STEP][PASSED] - Statement - out.println("RQty : " + Rqty): null

2018-06-09 19:54:32 - [TEST_STEP][PASSED] - Statement - If (java.lang.Integer.valueOf(batchqty) >= java.lang.Integer.valueOf(Rqty)): null

2018-06-09 19:54:32 - [TEST_STEP][PASSED] - Statement - Break: null

2018-06-09 19:54:32 - [TEST_STEP][PASSED] - Statement - batchlength = new com.kms.katalon.core.testobject.TestObject(): null

2018-06-09 19:54:32 - [TEST_STEP][PASSED] - Statement - batchlength = com.kms.katalon.core.webui.keyword.WebUiBuiltInKeywords.modifyObjectProperty(batchlength, "xpath", "equals", "//*[@id = "fldvendor" + row + ""]", true): Modify property of object successfully

2018-06-09 19:54:32 - [MESSAGE][PASSED] - Modify property of object successfully

2018-06-09 19:54:32 - [TEST_STEP][PASSED] - Statement - batchsize = com.kms.katalon.core.webui.keyword.WebUiBuiltInKeywords.getNumberOfTotalOption(batchlength): 12 options of object '' counted

2018-06-09 19:54:32 - [MESSAGE][PASSED] - 12 options of object '' counted

2018-06-09 19:54:32 - [TEST_STEP][PASSED] - Statement - out.println("BatchSize : " + batchsize): null

2018-06-09 19:54:32 - [TEST_STEP][PASSED] - Statement - For ([n = 1, n <= batchsize - 1, (n++)]): null

2018-06-09 19:54:32 - [TEST_STEP][PASSED] - Statement - product = new com.kms.katalon.core.testobject.TestObject(): null

2018-06-09 19:54:32 - [TEST_STEP][PASSED] - Statement - product = com.kms.katalon.core.webui.keyword.WebUiBuiltInKeywords.modifyObjectProperty(product, "xpath", "equals", "//*[@id = "fldvendor" + row + ""]", true): Modify property of object successfully

2018-06-09 19:54:32 - [MESSAGE][PASSED] - Modify property of object successfully

2018-06-09 19:54:32 - [TEST_STEP][PASSED] - selectOptionByIndex: All options with index in [1] are selected on object ''

2018-06-09 19:54:32 - [MESSAGE][PASSED] - All options with index in [1] are selected on object ''

2018-06-09 19:54:32 - [TEST_STEP][PASSED] - delay: Delayed 2 second(s)

2018-06-09 19:54:34 - [MESSAGE][PASSED] - Delayed 2 second(s)

2018-06-09 19:54:34 - [TEST_STEP][PASSED] - Statement - batch = new com.kms.katalon.core.testobject.TestObject(): null

2018-06-09 19:54:34 - [TEST_STEP][PASSED] - Statement - batch = com.kms.katalon.core.webui.keyword.WebUiBuiltInKeywords.modifyObjectProperty(batch, "xpath", "equals", "//*[@id = "txtbthqty" + row + ""]", true): Modify property of object successfully

2018-06-09 19:54:34 - [MESSAGE][PASSED] - Modify property of object successfully

2018-06-09 19:54:34 - [TEST_STEP][PASSED] - Statement - batchqty = com.kms.katalon.core.webui.keyword.WebUiBuiltInKeywords.getAttribute(batch, "value").trim(): Attribute 'value' of object '' is: '3300'

2018-06-09 19:54:34 - [MESSAGE][PASSED] - Attribute 'value' of object '' is: '3300'

2018-06-09 19:54:34 - [TEST_STEP][PASSED] - Statement - Rqty = 100: null

2018-06-09 19:54:34 - [TEST_STEP][PASSED] - Statement - out.println("BatchQty : " + batchqty): null

2018-06-09 19:54:34 - [TEST_STEP][PASSED] - Statement - out.println("RQty : " + Rqty): null

2018-06-09 19:54:34 - [TEST_STEP][PASSED] - Statement - If (java.lang.Integer.valueOf(batchqty) >= java.lang.Integer.valueOf(Rqty)): null

2018-06-09 19:54:34 - [TEST_STEP][PASSED] - Statement - Break: null

2018-06-09 19:54:34 - [TEST_STEP][PASSED] - Statement - batchlength = new com.kms.katalon.core.testobject.TestObject(): null

2018-06-09 19:54:34 - [TEST_STEP][PASSED] - Statement - batchlength = com.kms.katalon.core.webui.keyword.WebUiBuiltInKeywords.modifyObjectProperty(batchlength, "xpath", "equals", "//*[@id = "fldvendor" + row + ""]", true): Modify property of object successfully

2018-06-09 19:54:34 - [MESSAGE][PASSED] - Modify property of object successfully

2018-06-09 19:54:34 - [TEST_STEP][PASSED] - Statement - batchsize = com.kms.katalon.core.webui.keyword.WebUiBuiltInKeywords.getNumberOfTotalOption(batchlength): 12 options of object '' counted

2018-06-09 19:54:34 - [MESSAGE][PASSED] - 12 options of object '' counted

2018-06-09 19:54:34 - [TEST_STEP][PASSED] - Statement - out.println("BatchSize : " + batchsize): null

2018-06-09 19:54:34 - [TEST_STEP][PASSED] - Statement - For ([n = 1, n <= batchsize - 1, (n++)]): null

2018-06-09 19:54:34 - [TEST_STEP][PASSED] - Statement - product = new com.kms.katalon.core.testobject.TestObject(): null

2018-06-09 19:54:34 - [TEST_STEP][PASSED] - Statement - product = com.kms.katalon.core.webui.keyword.WebUiBuiltInKeywords.modifyObjectProperty(product, "xpath", "equals", "//*[@id = "fldvendor" + row + ""]", true): Modify property of object successfully

2018-06-09 19:54:34 - [MESSAGE][PASSED] - Modify property of object successfully

2018-06-09 19:54:34 - [TEST_STEP][PASSED] - selectOptionByIndex: All options with index in [1] are selected on object ''

2018-06-09 19:54:34 - [MESSAGE][PASSED] - All options with index in [1] are selected on object ''

2018-06-09 19:54:34 - [TEST_STEP][PASSED] - delay: Delayed 2 second(s)

2018-06-09 19:54:36 - [MESSAGE][PASSED] - Delayed 2 second(s)

2018-06-09 19:54:36 - [TEST_STEP][PASSED] - Statement - batch = new com.kms.katalon.core.testobject.TestObject(): null

2018-06-09 19:54:36 - [TEST_STEP][PASSED] - Statement - batch = com.kms.katalon.core.webui.keyword.WebUiBuiltInKeywords.modifyObjectProperty(batch, "xpath", "equals", "//*[@id = "txtbthqty" + row + ""]", true): Modify property of object successfully

2018-06-09 19:54:36 - [MESSAGE][PASSED] - Modify property of object successfully

2018-06-09 19:54:36 - [TEST_STEP][PASSED] - Statement - batchqty = com.kms.katalon.core.webui.keyword.WebUiBuiltInKeywords.getAttribute(batch, "value").trim(): Attribute 'value' of object '' is: '1500'

2018-06-09 19:54:36 - [MESSAGE][PASSED] - Attribute 'value' of object '' is: '1500'

2018-06-09 19:54:36 - [TEST_STEP][PASSED] - Statement - Rqty = 100: null

2018-06-09 19:54:36 - [TEST_STEP][PASSED] - Statement - out.println("BatchQty : " + batchqty): null

2018-06-09 19:54:36 - [TEST_STEP][PASSED] - Statement - out.println("RQty : " + Rqty): null

2018-06-09 19:54:36 - [TEST_STEP][PASSED] - Statement - If (java.lang.Integer.valueOf(batchqty) >= java.lang.Integer.valueOf(Rqty)): null

2018-06-09 19:54:36 - [TEST_STEP][PASSED] - Statement - Break: null

2018-06-09 19:54:36 - [TEST_STEP][PASSED] - Statement - batchlength = new com.kms.katalon.core.testobject.TestObject(): null

2018-06-09 19:54:36 - [TEST_STEP][PASSED] - Statement - batchlength = com.kms.katalon.core.webui.keyword.WebUiBuiltInKeywords.modifyObjectProperty(batchlength, "xpath", "equals", "//*[@id = "fldvendor" + row + ""]", true): Modify property of object successfully

2018-06-09 19:54:36 - [MESSAGE][PASSED] - Modify property of object successfully

2018-06-09 19:54:36 - [TEST_STEP][PASSED] - Statement - batchsize = com.kms.katalon.core.webui.keyword.WebUiBuiltInKeywords.getNumberOfTotalOption(batchlength): 12 options of object '' counted

2018-06-09 19:54:36 - [MESSAGE][PASSED] - 12 options of object '' counted

2018-06-09 19:54:36 - [TEST_STEP][PASSED] - Statement - out.println("BatchSize : " + batchsize): null

2018-06-09 19:54:36 - [TEST_STEP][PASSED] - Statement - For ([n = 1, n <= batchsize - 1, (n++)]): null

2018-06-09 19:54:36 - [TEST_STEP][PASSED] - Statement - product = new com.kms.katalon.core.testobject.TestObject(): null

2018-06-09 19:54:36 - [TEST_STEP][PASSED] - Statement - product = com.kms.katalon.core.webui.keyword.WebUiBuiltInKeywords.modifyObjectProperty(product, "xpath", "equals", "//*[@id = "fldvendor" + row + ""]", true): Modify property of object successfully

2018-06-09 19:54:36 - [MESSAGE][PASSED] - Modify property of object successfully

2018-06-09 19:54:36 - [TEST_STEP][PASSED] - selectOptionByIndex: All options with index in [1] are selected on object ''

2018-06-09 19:54:36 - [MESSAGE][PASSED] - All options with index in [1] are selected on object ''

2018-06-09 19:54:36 - [TEST_STEP][PASSED] - delay: Delayed 2 second(s)

2018-06-09 19:54:38 - [MESSAGE][PASSED] - Delayed 2 second(s)

2018-06-09 19:54:38 - [TEST_STEP][PASSED] - Statement - batch = new com.kms.katalon.core.testobject.TestObject(): null

2018-06-09 19:54:38 - [TEST_STEP][PASSED] - Statement - batch = com.kms.katalon.core.webui.keyword.WebUiBuiltInKeywords.modifyObjectProperty(batch, "xpath", "equals", "//*[@id = "txtbthqty" + row + ""]", true): Modify property of object successfully

2018-06-09 19:54:38 - [MESSAGE][PASSED] - Modify property of object successfully

2018-06-09 19:54:38 - [TEST_STEP][PASSED] - Statement - batchqty = com.kms.katalon.core.webui.keyword.WebUiBuiltInKeywords.getAttribute(batch, "value").trim(): Attribute 'value' of object '' is: '3000'

2018-06-09 19:54:39 - [MESSAGE][PASSED] - Attribute 'value' of object '' is: '3000'

2018-06-09 19:54:39 - [TEST_STEP][PASSED] - Statement - Rqty = 100: null

2018-06-09 19:54:39 - [TEST_STEP][PASSED] - Statement - out.println("BatchQty : " + batchqty): null

2018-06-09 19:54:39 - [TEST_STEP][PASSED] - Statement - out.println("RQty : " + Rqty): null

2018-06-09 19:54:39 - [TEST_STEP][PASSED] - Statement - If (java.lang.Integer.valueOf(batchqty) >= java.lang.Integer.valueOf(Rqty)): null

2018-06-09 19:54:39 - [TEST_STEP][PASSED] - Statement - Break: null

2018-06-09 19:54:39 - [TEST_STEP][PASSED] - Statement - batchlength = new com.kms.katalon.core.testobject.TestObject(): null

2018-06-09 19:54:39 - [TEST_STEP][PASSED] - Statement - batchlength = com.kms.katalon.core.webui.keyword.WebUiBuiltInKeywords.modifyObjectProperty(batchlength, "xpath", "equals", "//*[@id = "fldvendor" + row + ""]", true): Modify property of object successfully

2018-06-09 19:54:39 - [MESSAGE][PASSED] - Modify property of object successfully

2018-06-09 19:54:39 - [TEST_STEP][PASSED] - Statement - batchsize = com.kms.katalon.core.webui.keyword.WebUiBuiltInKeywords.getNumberOfTotalOption(batchlength): 12 options of object '' counted

2018-06-09 19:54:39 - [MESSAGE][PASSED] - 12 options of object '' counted

2018-06-09 19:54:39 - [TEST_STEP][PASSED] - Statement - out.println("BatchSize : " + batchsize): null

2018-06-09 19:54:39 - [TEST_STEP][PASSED] - Statement - For ([n = 1, n <= batchsize - 1, (n++)]): null

2018-06-09 19:54:39 - [TEST_STEP][PASSED] - Statement - product = new com.kms.katalon.core.testobject.TestObject(): null

2018-06-09 19:54:39 - [TEST_STEP][PASSED] - Statement - product = com.kms.katalon.core.webui.keyword.WebUiBuiltInKeywords.modifyObjectProperty(product, "xpath", "equals", "//*[@id = "fldvendor" + row + ""]", true): Modify property of object successfully

2018-06-09 19:54:39 - [MESSAGE][PASSED] - Modify property of object successfully

2018-06-09 19:54:39 - [TEST_STEP][PASSED] - selectOptionByIndex: All options with index in [1] are selected on object ''

2018-06-09 19:54:39 - [MESSAGE][PASSED] - All options with index in [1] are selected on object ''

2018-06-09 19:54:39 - [TEST_STEP][PASSED] - delay: Delayed 2 second(s)

2018-06-09 19:54:41 - [MESSAGE][PASSED] - Delayed 2 second(s)

2018-06-09 19:54:41 - [TEST_STEP][PASSED] - Statement - batch = new com.kms.katalon.core.testobject.TestObject(): null

2018-06-09 19:54:41 - [TEST_STEP][PASSED] - Statement - batch = com.kms.katalon.core.webui.keyword.WebUiBuiltInKeywords.modifyObjectProperty(batch, "xpath", "equals", "//*[@id = "txtbthqty" + row + ""]", true): Modify property of object successfully

2018-06-09 19:54:41 - [MESSAGE][PASSED] - Modify property of object successfully

2018-06-09 19:54:41 - [TEST_STEP][PASSED] - Statement - batchqty = com.kms.katalon.core.webui.keyword.WebUiBuiltInKeywords.getAttribute(batch, "value").trim(): Attribute 'value' of object '' is: '36600'

2018-06-09 19:54:41 - [MESSAGE][PASSED] - Attribute 'value' of object '' is: '36600'

2018-06-09 19:54:41 - [TEST_STEP][PASSED] - Statement - Rqty = 100: null

2018-06-09 19:54:41 - [TEST_STEP][PASSED] - Statement - out.println("BatchQty : " + batchqty): null

2018-06-09 19:54:41 - [TEST_STEP][PASSED] - Statement - out.println("RQty : " + Rqty): null

2018-06-09 19:54:41 - [TEST_STEP][PASSED] - Statement - If (java.lang.Integer.valueOf(batchqty) >= java.lang.Integer.valueOf(Rqty)): null

2018-06-09 19:54:41 - [TEST_STEP][PASSED] - Statement - Break: null

2018-06-09 19:54:41 - [TEST_STEP][PASSED] - Statement - batchlength = new com.kms.katalon.core.testobject.TestObject(): null

2018-06-09 19:54:41 - [TEST_STEP][PASSED] - Statement - batchlength = com.kms.katalon.core.webui.keyword.WebUiBuiltInKeywords.modifyObjectProperty(batchlength, "xpath", "equals", "//*[@id = "fldvendor" + row + ""]", true): Modify property of object successfully

2018-06-09 19:54:41 - [MESSAGE][PASSED] - Modify property of object successfully

2018-06-09 19:54:41 - [TEST_STEP][PASSED] - Statement - batchsize = com.kms.katalon.core.webui.keyword.WebUiBuiltInKeywords.getNumberOfTotalOption(batchlength): 12 options of object '' counted

2018-06-09 19:54:41 - [MESSAGE][PASSED] - 12 options of object '' counted

2018-06-09 19:54:41 - [TEST_STEP][PASSED] - Statement - out.println("BatchSize : " + batchsize): null

2018-06-09 19:54:41 - [TEST_STEP][PASSED] - Statement - For ([n = 1, n <= batchsize - 1, (n++)]): null

2018-06-09 19:54:41 - [TEST_STEP][PASSED] - Statement - product = new com.kms.katalon.core.testobject.TestObject(): null

2018-06-09 19:54:41 - [TEST_STEP][PASSED] - Statement - product = com.kms.katalon.core.webui.keyword.WebUiBuiltInKeywords.modifyObjectProperty(product, "xpath", "equals", "//*[@id = "fldvendor" + row + ""]", true): Modify property of object successfully

2018-06-09 19:54:41 - [MESSAGE][PASSED] - Modify property of object successfully

2018-06-09 19:54:41 - [TEST_STEP][PASSED] - selectOptionByIndex: All options with index in [1] are selected on object ''

2018-06-09 19:54:41 - [MESSAGE][PASSED] - All options with index in [1] are selected on object ''

2018-06-09 19:54:41 - [TEST_STEP][PASSED] - delay: Delayed 2 second(s)

2018-06-09 19:54:43 - [MESSAGE][PASSED] - Delayed 2 second(s)

2018-06-09 19:54:43 - [TEST_STEP][PASSED] - Statement - batch = new com.kms.katalon.core.testobject.TestObject(): null

2018-06-09 19:54:43 - [TEST_STEP][PASSED] - Statement - batch = com.kms.katalon.core.webui.keyword.WebUiBuiltInKeywords.modifyObjectProperty(batch, "xpath", "equals", "//*[@id = "txtbthqty" + row + ""]", true): Modify property of object successfully

2018-06-09 19:54:43 - [MESSAGE][PASSED] - Modify property of object successfully

2018-06-09 19:54:43 - [TEST_STEP][PASSED] - Statement - batchqty = com.kms.katalon.core.webui.keyword.WebUiBuiltInKeywords.getAttribute(batch, "value").trim(): Attribute 'value' of object '' is: '3300'

2018-06-09 19:54:43 - [MESSAGE][PASSED] - Attribute 'value' of object '' is: '3300'

2018-06-09 19:54:43 - [TEST_STEP][PASSED] - Statement - Rqty = 100: null

2018-06-09 19:54:43 - [TEST_STEP][PASSED] - Statement - out.println("BatchQty : " + batchqty): null

2018-06-09 19:54:43 - [TEST_STEP][PASSED] - Statement - out.println("RQty : " + Rqty): null

2018-06-09 19:54:43 - [TEST_STEP][PASSED] - Statement - If (java.lang.Integer.valueOf(batchqty) >= java.lang.Integer.valueOf(Rqty)): null

2018-06-09 19:54:43 - [TEST_STEP][PASSED] - Statement - Break: null

2018-06-09 19:54:43 - [TEST_STEP][PASSED] - Statement - batchlength = new com.kms.katalon.core.testobject.TestObject(): null

2018-06-09 19:54:43 - [TEST_STEP][PASSED] - Statement - batchlength = com.kms.katalon.core.webui.keyword.WebUiBuiltInKeywords.modifyObjectProperty(batchlength, "xpath", "equals", "//*[@id = "fldvendor" + row + ""]", true): Modify property of object successfully

2018-06-09 19:54:43 - [MESSAGE][PASSED] - Modify property of object successfully

2018-06-09 19:54:43 - [TEST_STEP][PASSED] - Statement - batchsize = com.kms.katalon.core.webui.keyword.WebUiBuiltInKeywords.getNumberOfTotalOption(batchlength): 12 options of object '' counted

2018-06-09 19:54:43 - [MESSAGE][PASSED] - 12 options of object '' counted

2018-06-09 19:54:43 - [TEST_STEP][PASSED] - Statement - out.println("BatchSize : " + batchsize): null

2018-06-09 19:54:43 - [TEST_STEP][PASSED] - Statement - For ([n = 1, n <= batchsize - 1, (n++)]): null

2018-06-09 19:54:43 - [TEST_STEP][PASSED] - Statement - product = new com.kms.katalon.core.testobject.TestObject(): null

2018-06-09 19:54:43 - [TEST_STEP][PASSED] - Statement - product = com.kms.katalon.core.webui.keyword.WebUiBuiltInKeywords.modifyObjectProperty(product, "xpath", "equals", "//*[@id = "fldvendor" + row + ""]", true): Modify property of object successfully

2018-06-09 19:54:43 - [MESSAGE][PASSED] - Modify property of object successfully

2018-06-09 19:54:43 - [TEST_STEP][PASSED] - selectOptionByIndex: All options with index in [1] are selected on object ''

2018-06-09 19:54:43 - [MESSAGE][PASSED] - All options with index in [1] are selected on object ''

2018-06-09 19:54:43 - [TEST_STEP][PASSED] - delay: Delayed 2 second(s)

2018-06-09 19:54:45 - [MESSAGE][PASSED] - Delayed 2 second(s)

2018-06-09 19:54:45 - [TEST_STEP][PASSED] - Statement - batch = new com.kms.katalon.core.testobject.TestObject(): null

2018-06-09 19:54:45 - [TEST_STEP][PASSED] - Statement - batch = com.kms.katalon.core.webui.keyword.WebUiBuiltInKeywords.modifyObjectProperty(batch, "xpath", "equals", "//*[@id = "txtbthqty" + row + ""]", true): Modify property of object successfully

2018-06-09 19:54:45 - [MESSAGE][PASSED] - Modify property of object successfully

2018-06-09 19:54:45 - [TEST_STEP][PASSED] - Statement - batchqty = com.kms.katalon.core.webui.keyword.WebUiBuiltInKeywords.getAttribute(batch, "value").trim(): Attribute 'value' of object '' is: '1700'

2018-06-09 19:54:45 - [MESSAGE][PASSED] - Attribute 'value' of object '' is: '1700'

2018-06-09 19:54:45 - [TEST_STEP][PASSED] - Statement - Rqty = 100: null

2018-06-09 19:54:45 - [TEST_STEP][PASSED] - Statement - out.println("BatchQty : " + batchqty): null

2018-06-09 19:54:45 - [TEST_STEP][PASSED] - Statement - out.println("RQty : " + Rqty): null

2018-06-09 19:54:45 - [TEST_STEP][PASSED] - Statement - If (java.lang.Integer.valueOf(batchqty) >= java.lang.Integer.valueOf(Rqty)): null

2018-06-09 19:54:45 - [TEST_STEP][PASSED] - Statement - Break: null

2018-06-09 19:54:45 - [TEST_STEP][PASSED] - Statement - batchlength = new com.kms.katalon.core.testobject.TestObject(): null

2018-06-09 19:54:45 - [TEST_STEP][PASSED] - Statement - batchlength = com.kms.katalon.core.webui.keyword.WebUiBuiltInKeywords.modifyObjectProperty(batchlength, "xpath", "equals", "//*[@id = "fldvendor" + row + ""]", true): Modify property of object successfully

2018-06-09 19:54:45 - [MESSAGE][PASSED] - Modify property of object successfully

2018-06-09 19:54:45 - [TEST_STEP][PASSED] - Statement - batchsize = com.kms.katalon.core.webui.keyword.WebUiBuiltInKeywords.getNumberOfTotalOption(batchlength): 12 options of object '' counted

2018-06-09 19:54:45 - [MESSAGE][PASSED] - 12 options of object '' counted

2018-06-09 19:54:45 - [TEST_STEP][PASSED] - Statement - out.println("BatchSize : " + batchsize): null

2018-06-09 19:54:45 - [TEST_STEP][PASSED] - Statement - For ([n = 1, n <= batchsize - 1, (n++)]): null

2018-06-09 19:54:45 - [TEST_STEP][PASSED] - Statement - product = new com.kms.katalon.core.testobject.TestObject(): null

2018-06-09 19:54:45 - [TEST_STEP][PASSED] - Statement - product = com.kms.katalon.core.webui.keyword.WebUiBuiltInKeywords.modifyObjectProperty(product, "xpath", "equals", "//*[@id = "fldvendor" + row + ""]", true): Modify property of object successfully

2018-06-09 19:54:45 - [MESSAGE][PASSED] - Modify property of object successfully

2018-06-09 19:54:45 - [TEST_STEP][PASSED] - selectOptionByIndex: All options with index in [1] are selected on object ''

2018-06-09 19:54:45 - [MESSAGE][PASSED] - All options with index in [1] are selected on object ''

2018-06-09 19:54:45 - [TEST_STEP][PASSED] - delay: Delayed 2 second(s)

2018-06-09 19:54:47 - [MESSAGE][PASSED] - Delayed 2 second(s)

2018-06-09 19:54:47 - [TEST_STEP][PASSED] - Statement - batch = new com.kms.katalon.core.testobject.TestObject(): null

2018-06-09 19:54:47 - [TEST_STEP][PASSED] - Statement - batch = com.kms.katalon.core.webui.keyword.WebUiBuiltInKeywords.modifyObjectProperty(batch, "xpath", "equals", "//*[@id = "txtbthqty" + row + ""]", true): Modify property of object successfully

2018-06-09 19:54:47 - [MESSAGE][PASSED] - Modify property of object successfully

2018-06-09 19:54:47 - [TEST_STEP][PASSED] - Statement - batchqty = com.kms.katalon.core.webui.keyword.WebUiBuiltInKeywords.getAttribute(batch, "value").trim(): Attribute 'value' of object '' is: '36600'

2018-06-09 19:54:48 - [MESSAGE][PASSED] - Attribute 'value' of object '' is: '36600'

2018-06-09 19:54:48 - [TEST_STEP][PASSED] - Statement - Rqty = 100: null

2018-06-09 19:54:48 - [TEST_STEP][PASSED] - Statement - out.println("BatchQty : " + batchqty): null

2018-06-09 19:54:48 - [TEST_STEP][PASSED] - Statement - out.println("RQty : " + Rqty): null

2018-06-09 19:54:48 - [TEST_STEP][PASSED] - Statement - If (java.lang.Integer.valueOf(batchqty) >= java.lang.Integer.valueOf(Rqty)): null

2018-06-09 19:54:48 - [TEST_STEP][PASSED] - Statement - Break: null

2018-06-09 19:54:48 - [TEST_STEP][PASSED] - Statement - batchlength = new com.kms.katalon.core.testobject.TestObject(): null

2018-06-09 19:54:48 - [TEST_STEP][PASSED] - Statement - batchlength = com.kms.katalon.core.webui.keyword.WebUiBuiltInKeywords.modifyObjectProperty(batchlength, "xpath", "equals", "//*[@id = "fldvendor" + row + ""]", true): Modify property of object successfully

2018-06-09 19:54:48 - [MESSAGE][PASSED] - Modify property of object successfully

2018-06-09 19:54:48 - [TEST_STEP][PASSED] - Statement - batchsize = com.kms.katalon.core.webui.keyword.WebUiBuiltInKeywords.getNumberOfTotalOption(batchlength): 12 options of object '' counted

2018-06-09 19:54:48 - [MESSAGE][PASSED] - 12 options of object '' counted

2018-06-09 19:54:48 - [TEST_STEP][PASSED] - Statement - out.println("BatchSize : " + batchsize): null

2018-06-09 19:54:48 - [TEST_STEP][PASSED] - Statement - For ([n = 1, n <= batchsize - 1, (n++)]): null

2018-06-09 19:54:48 - [TEST_STEP][PASSED] - Statement - product = new com.kms.katalon.core.testobject.TestObject(): null

2018-06-09 19:54:48 - [TEST_STEP][PASSED] - Statement - product = com.kms.katalon.core.webui.keyword.WebUiBuiltInKeywords.modifyObjectProperty(product, "xpath", "equals", "//*[@id = "fldvendor" + row + ""]", true): Modify property of object successfully

2018-06-09 19:54:48 - [MESSAGE][PASSED] - Modify property of object successfully

2018-06-09 19:54:48 - [TEST_STEP][PASSED] - selectOptionByIndex: All options with index in [1] are selected on object ''

2018-06-09 19:54:48 - [MESSAGE][PASSED] - All options with index in [1] are selected on object ''

2018-06-09 19:54:48 - [TEST_STEP][PASSED] - delay: Delayed 2 second(s)

2018-06-09 19:54:50 - [MESSAGE][PASSED] - Delayed 2 second(s)

2018-06-09 19:54:50 - [TEST_STEP][PASSED] - Statement - batch = new com.kms.katalon.core.testobject.TestObject(): null

2018-06-09 19:54:50 - [TEST_STEP][PASSED] - Statement - batch = com.kms.katalon.core.webui.keyword.WebUiBuiltInKeywords.modifyObjectProperty(batch, "xpath", "equals", "//*[@id = "txtbthqty" + row + ""]", true): Modify property of object successfully

2018-06-09 19:54:50 - [MESSAGE][PASSED] - Modify property of object successfully

2018-06-09 19:54:50 - [TEST_STEP][PASSED] - Statement - batchqty = com.kms.katalon.core.webui.keyword.WebUiBuiltInKeywords.getAttribute(batch, "value").trim(): Attribute 'value' of object '' is: '36600'

2018-06-09 19:54:50 - [MESSAGE][PASSED] - Attribute 'value' of object '' is: '36600'

2018-06-09 19:54:50 - [TEST_STEP][PASSED] - Statement - Rqty = 100: null

2018-06-09 19:54:50 - [TEST_STEP][PASSED] - Statement - out.println("BatchQty : " + batchqty): null

2018-06-09 19:54:50 - [TEST_STEP][PASSED] - Statement - out.println("RQty : " + Rqty): null

2018-06-09 19:54:50 - [TEST_STEP][PASSED] - Statement - If (java.lang.Integer.valueOf(batchqty) >= java.lang.Integer.valueOf(Rqty)): null

2018-06-09 19:54:50 - [TEST_STEP][PASSED] - Statement - Break: null

2018-06-09 19:54:50 - [TEST_STEP][PASSED] - Statement - batchlength = new com.kms.katalon.core.testobject.TestObject(): null

2018-06-09 19:54:50 - [TEST_STEP][PASSED] - Statement - batchlength = com.kms.katalon.core.webui.keyword.WebUiBuiltInKeywords.modifyObjectProperty(batchlength, "xpath", "equals", "//*[@id = "fldvendor" + row + ""]", true): Modify property of object successfully

2018-06-09 19:54:50 - [MESSAGE][PASSED] - Modify property of object successfully

2018-06-09 19:54:50 - [TEST_STEP][PASSED] - Statement - batchsize = com.kms.katalon.core.webui.keyword.WebUiBuiltInKeywords.getNumberOfTotalOption(batchlength): 11 options of object '' counted

2018-06-09 19:54:50 - [MESSAGE][PASSED] - 11 options of object '' counted

2018-06-09 19:54:50 - [TEST_STEP][PASSED] - Statement - out.println("BatchSize : " + batchsize): null

2018-06-09 19:54:50 - [TEST_STEP][PASSED] - Statement - For ([n = 1, n <= batchsize - 1, (n++)]): null

2018-06-09 19:54:50 - [TEST_STEP][PASSED] - Statement - product = new com.kms.katalon.core.testobject.TestObject(): null

2018-06-09 19:54:50 - [TEST_STEP][PASSED] - Statement - product = com.kms.katalon.core.webui.keyword.WebUiBuiltInKeywords.modifyObjectProperty(product, "xpath", "equals", "//*[@id = "fldvendor" + row + ""]", true): Modify property of object successfully

2018-06-09 19:54:50 - [MESSAGE][PASSED] - Modify property of object successfully

2018-06-09 19:54:50 - [TEST_STEP][PASSED] - selectOptionByIndex: All options with index in [1] are selected on object ''

2018-06-09 19:54:50 - [MESSAGE][PASSED] - All options with index in [1] are selected on object ''

2018-06-09 19:54:50 - [TEST_STEP][PASSED] - delay: Delayed 2 second(s)

2018-06-09 19:54:52 - [MESSAGE][PASSED] - Delayed 2 second(s)

2018-06-09 19:54:52 - [TEST_STEP][PASSED] - Statement - batch = new com.kms.katalon.core.testobject.TestObject(): null

2018-06-09 19:54:52 - [TEST_STEP][PASSED] - Statement - batch = com.kms.katalon.core.webui.keyword.WebUiBuiltInKeywords.modifyObjectProperty(batch, "xpath", "equals", "//*[@id = "txtbthqty" + row + ""]", true): Modify property of object successfully

2018-06-09 19:54:52 - [MESSAGE][PASSED] - Modify property of object successfully

2018-06-09 19:54:52 - [TEST_STEP][PASSED] - Statement - batchqty = com.kms.katalon.core.webui.keyword.WebUiBuiltInKeywords.getAttribute(batch, "value").trim(): Attribute 'value' of object '' is: '3300'

2018-06-09 19:54:52 - [MESSAGE][PASSED] - Attribute 'value' of object '' is: '3300'

2018-06-09 19:54:52 - [TEST_STEP][PASSED] - Statement - Rqty = 100: null

2018-06-09 19:54:52 - [TEST_STEP][PASSED] - Statement - out.println("BatchQty : " + batchqty): null

2018-06-09 19:54:52 - [TEST_STEP][PASSED] - Statement - out.println("RQty : " + Rqty): null

2018-06-09 19:54:52 - [TEST_STEP][PASSED] - Statement - If (java.lang.Integer.valueOf(batchqty) >= java.lang.Integer.valueOf(Rqty)): null

2018-06-09 19:54:52 - [TEST_STEP][PASSED] - Statement - Break: null

2018-06-09 19:54:52 - [TEST_STEP][PASSED] - Statement - batchlength = new com.kms.katalon.core.testobject.TestObject(): null

2018-06-09 19:54:52 - [TEST_STEP][PASSED] - Statement - batchlength = com.kms.katalon.core.webui.keyword.WebUiBuiltInKeywords.modifyObjectProperty(batchlength, "xpath", "equals", "//*[@id = "fldvendor" + row + ""]", true): Modify property of object successfully

2018-06-09 19:54:52 - [MESSAGE][PASSED] - Modify property of object successfully

2018-06-09 19:54:52 - [TEST_STEP][PASSED] - Statement - batchsize = com.kms.katalon.core.webui.keyword.WebUiBuiltInKeywords.getNumberOfTotalOption(batchlength): 12 options of object '' counted

2018-06-09 19:54:52 - [MESSAGE][PASSED] - 12 options of object '' counted

2018-06-09 19:54:52 - [TEST_STEP][PASSED] - Statement - out.println("BatchSize : " + batchsize): null

2018-06-09 19:54:52 - [TEST_STEP][PASSED] - Statement - For ([n = 1, n <= batchsize - 1, (n++)]): null

2018-06-09 19:54:52 - [TEST_STEP][PASSED] - Statement - product = new com.kms.katalon.core.testobject.TestObject(): null

2018-06-09 19:54:52 - [TEST_STEP][PASSED] - Statement - product = com.kms.katalon.core.webui.keyword.WebUiBuiltInKeywords.modifyObjectProperty(product, "xpath", "equals", "//*[@id = "fldvendor" + row + ""]", true): Modify property of object successfully

2018-06-09 19:54:52 - [MESSAGE][PASSED] - Modify property of object successfully

2018-06-09 19:54:52 - [TEST_STEP][PASSED] - selectOptionByIndex: All options with index in [1] are selected on object ''

2018-06-09 19:54:52 - [MESSAGE][PASSED] - All options with index in [1] are selected on object ''

2018-06-09 19:54:52 - [TEST_STEP][PASSED] - delay: Delayed 2 second(s)

2018-06-09 19:54:54 - [MESSAGE][PASSED] - Delayed 2 second(s)

2018-06-09 19:54:54 - [TEST_STEP][PASSED] - Statement - batch = new com.kms.katalon.core.testobject.TestObject(): null

2018-06-09 19:54:54 - [TEST_STEP][PASSED] - Statement - batch = com.kms.katalon.core.webui.keyword.WebUiBuiltInKeywords.modifyObjectProperty(batch, "xpath", "equals", "//*[@id = "txtbthqty" + row + ""]", true): Modify property of object successfully

2018-06-09 19:54:54 - [MESSAGE][PASSED] - Modify property of object successfully

2018-06-09 19:54:54 - [TEST_STEP][PASSED] - Statement - batchqty = com.kms.katalon.core.webui.keyword.WebUiBuiltInKeywords.getAttribute(batch, "value").trim(): Attribute 'value' of object '' is: '1600'

2018-06-09 19:54:54 - [MESSAGE][PASSED] - Attribute 'value' of object '' is: '1600'

2018-06-09 19:54:54 - [TEST_STEP][PASSED] - Statement - Rqty = 100: null

2018-06-09 19:54:54 - [TEST_STEP][PASSED] - Statement - out.println("BatchQty : " + batchqty): null

2018-06-09 19:54:54 - [TEST_STEP][PASSED] - Statement - out.println("RQty : " + Rqty): null

2018-06-09 19:54:54 - [TEST_STEP][PASSED] - Statement - If (java.lang.Integer.valueOf(batchqty) >= java.lang.Integer.valueOf(Rqty)): null

2018-06-09 19:54:54 - [TEST_STEP][PASSED] - Statement - Break: null

2018-06-09 19:54:54 - [TEST_STEP][PASSED] - click: Object: 'Object Repository/store Request Schedule 1/Page_KDMC - CMS/input_btndispatch' is clicked on

2018-06-09 19:54:54 - [MESSAGE][PASSED] - Object: 'Object Repository/store Request Schedule 1/Page_KDMC - CMS/input_btndispatch' is clicked on

2018-06-09 19:54:54 - [TEST_STEP][PASSED] - waitForElementVisible: Object 'Object Repository/store Request Schedule 1/Page_KDMC - CMS/button_OK' is visible

2018-06-09 19:54:56 - [MESSAGE][PASSED] - Object 'Object Repository/store Request Schedule 1/Page_KDMC - CMS/button_OK' is visible

2018-06-09 19:54:56 - [TEST_STEP][PASSED] - click: Object: 'Object Repository/store Request Schedule 1/Page_KDMC - CMS/button_OK' is clicked on

2018-06-09 19:54:56 - [MESSAGE][PASSED] - Object: 'Object Repository/store Request Schedule 1/Page_KDMC - CMS/button_OK' is clicked on

2018-06-09 19:54:56 - [TEST_STEP][PASSED] - delay: Delayed 3 second(s)

2018-06-09 19:54:59 - [MESSAGE][PASSED] - Delayed 3 second(s)

2018-06-09 19:54:59 - [TEST_STEP][PASSED] - click: Object: 'Object Repository/store Request Schedule 1/Page_KDMC - CMS/a_dropdown-toggle' is clicked on

2018-06-09 19:54:59 - [MESSAGE][PASSED] - Object: 'Object Repository/store Request Schedule 1/Page_KDMC - CMS/a_dropdown-toggle' is clicked on

2018-06-09 19:54:59 - [TEST_STEP][PASSED] - click: Object: 'Object Repository/store Request Schedule 1/Page_KDMC - CMS/a_Sign out' is clicked on

2018-06-09 19:54:59 - [MESSAGE][PASSED] - Object: 'Object Repository/store Request Schedule 1/Page_KDMC - CMS/a_Sign out' is clicked on

2018-06-09 19:54:59 - [TEST_STEP][PASSED] - delay: Delayed 3 second(s)

2018-06-09 19:55:02 - [MESSAGE][PASSED] - Delayed 3 second(s)

2018-06-09 19:55:02 - [TEST_STEP][PASSED] - click: Object: 'Object Repository/Store Request Schedule 1/Page_KDMC/a_Divisional Store' is clicked on

2018-06-09 19:55:03 - [MESSAGE][PASSED] - Object: 'Object Repository/Store Request Schedule 1/Page_KDMC/a_Divisional Store' is clicked on

2018-06-09 19:55:03 - [TEST_STEP][PASSED] - setText: Text 'ragu' is set on object 'Object Repository/Store Request Schedule 1/Page_Divisonal Store Login/input_txtusername'

2018-06-09 19:55:03 - [MESSAGE][PASSED] - Text 'ragu' is set on object 'Object Repository/Store Request Schedule 1/Page_Divisonal Store Login/input_txtusername'

2018-06-09 19:55:03 - [TEST_STEP][PASSED] - setText: Text '123' is set on object 'Object Repository/Store Request Schedule 1/Page_Divisonal Store Login/input_txtpassword'

2018-06-09 19:55:03 - [MESSAGE][PASSED] - Text '123' is set on object 'Object Repository/Store Request Schedule 1/Page_Divisonal Store Login/input_txtpassword'

2018-06-09 19:55:03 - [TEST_STEP][PASSED] - delay: Delayed 3 second(s)

2018-06-09 19:55:06 - [MESSAGE][PASSED] - Delayed 3 second(s)

2018-06-09 19:55:06 - [TEST_STEP][PASSED] - click: Object: 'Object Repository/Store Request Schedule 1/Page_Divisonal Store Login/button_Sign in' is clicked on

2018-06-09 19:55:08 - [MESSAGE][PASSED] - Object: 'Object Repository/Store Request Schedule 1/Page_Divisonal Store Login/button_Sign in' is clicked on

2018-06-09 19:55:08 - [TEST_STEP][PASSED] - delay: Delayed 3 second(s)

2018-06-09 19:55:11 - [MESSAGE][PASSED] - Delayed 3 second(s)

2018-06-09 19:55:11 - [TEST_STEP][PASSED] - click: Object: 'Object Repository/Store Request Schedule 1/Page_Store/a_CMS' is clicked on

2018-06-09 19:55:11 - [MESSAGE][PASSED] - Object: 'Object Repository/Store Request Schedule 1/Page_Store/a_CMS' is clicked on

2018-06-09 19:55:11 - [TEST_STEP][PASSED] - delay: Delayed 2 second(s)

2018-06-09 19:55:13 - [MESSAGE][PASSED] - Delayed 2 second(s)

2018-06-09 19:55:13 - [TEST_STEP][PASSED] - click: Object: 'Object Repository/Store Request Schedule 1/Page_Store/a_Receiving Goods' is clicked on

2018-06-09 19:55:14 - [MESSAGE][PASSED] - Object: 'Object Repository/Store Request Schedule 1/Page_Store/a_Receiving Goods' is clicked on

2018-06-09 19:55:14 - [TEST_STEP][PASSED] - setText: Text 'PRNO/09062018/721' is set on object 'Object Repository/Store Request Schedule 1/Page_Store/input'

2018-06-09 19:55:14 - [MESSAGE][PASSED] - Text 'PRNO/09062018/721' is set on object 'Object Repository/Store Request Schedule 1/Page_Store/input'

2018-06-09 19:55:14 - [TEST_STEP][PASSED] - click: Object: 'Object Repository/Store Request Schedule 1/Page_Store/input_btn btn-primary' is clicked on

2018-06-09 19:55:14 - [MESSAGE][PASSED] - Object: 'Object Repository/Store Request Schedule 1/Page_Store/input_btn btn-primary' is clicked on

2018-06-09 19:55:14 - [TEST_STEP][PASSED] - delay: Delayed 2 second(s)

2018-06-09 19:55:16 - [MESSAGE][PASSED] - Delayed 2 second(s)

2018-06-09 19:55:16 - [TEST_STEP][PASSED] - click: Object: 'Object Repository/Store Request Schedule 1/Page_Store/input_chkrem' is clicked on

2018-06-09 19:55:17 - [MESSAGE][PASSED] - Object: 'Object Repository/Store Request Schedule 1/Page_Store/input_chkrem' is clicked on

2018-06-09 19:55:17 - [TEST_STEP][PASSED] - scrollToElement: Scroll to object 'Object Repository/Store Request Schedule 1/Page_Store/input_btchkroqadd' successfully

2018-06-09 19:55:17 - [MESSAGE][PASSED] - Scroll to object 'Object Repository/Store Request Schedule 1/Page_Store/input_btchkroqadd' successfully

2018-06-09 19:55:17 - [TEST_STEP][PASSED] - click: Object: 'Object Repository/Store Request Schedule 1/Page_Store/input_btchkroqadd' is clicked on

2018-06-09 19:55:17 - [MESSAGE][PASSED] - Object: 'Object Repository/Store Request Schedule 1/Page_Store/input_btchkroqadd' is clicked on

2018-06-09 19:55:17 - [TEST_STEP][PASSED] - delay: Delayed 2 second(s)

2018-06-09 19:55:19 - [MESSAGE][PASSED] - Delayed 2 second(s)

2018-06-09 19:55:19 - [TEST_STEP][PASSED] - refresh: Refresh successfully

2018-06-09 19:55:20 - [MESSAGE][PASSED] - Refresh successfully

2018-06-09 19:55:20 - [TEST_STEP][PASSED] - delay: Delayed 3 second(s)

2018-06-09 19:55:23 - [MESSAGE][PASSED] - Delayed 3 second(s)

2018-06-09 19:55:23 - [TEST_STEP][PASSED] - click: Object: 'Object Repository/Store Request Schedule 1/Page_Store/a_dropdown-toggle' is clicked on

2018-06-09 19:55:23 - [MESSAGE][PASSED] - Object: 'Object Repository/Store Request Schedule 1/Page_Store/a_dropdown-toggle' is clicked on

2018-06-09 19:55:23 - [TEST_STEP][PASSED] - click: Object: 'Object Repository/Store Request Schedule 1/Page_Store/a_Sign out' is clicked on

2018-06-09 19:55:23 - [MESSAGE][PASSED] - Object: 'Object Repository/Store Request Schedule 1/Page_Store/a_Sign out' is clicked on

2018-06-09 19:55:23 - [TEST_STEP][PASSED] - closeBrowser: Browser is closed

2018-06-09 19:55:24 - [MESSAGE][PASSED] - Browser is closed

2018-06-09 19:55:24 - [TEST_STEP][PASSED] - Statement - out.println("Schedule 7 STORE Request Are Working Successfully"): null]]></system-out>
         <system-err><![CDATA[]]></system-err>
      </testcase>
      <testcase name="Test Cases/STORE TO CMS REQUEST TEST CASES/TC_STCMS_008 To Verify Schedule 8 Store To CMS Request Are Working Successfully Or Not" classname="Test Cases/STORE TO CMS REQUEST TEST CASES/TC_STCMS_008 To Verify Schedule 8 Store To CMS Request Are Working Successfully Or Not" status="PASSED">
         <system-out><![CDATA[2018-06-09 19:55:24 - [TEST_CASE][PASSED] - Test Cases/STORE TO CMS REQUEST TEST CASES/TC_STCMS_008 To Verify Schedule 8 Store To CMS Request Are Working Successfully Or Not: Test Cases/STORE TO CMS REQUEST TEST CASES/TC_STCMS_008 To Verify Schedule 8 Store To CMS Request Are Working Successfully Or Not

2018-06-09 19:55:24 - [TEST_STEP][PASSED] - openBrowser: Browser is opened with url: ''

2018-06-09 19:55:26 - [MESSAGE][PASSED] - Browser is opened with url: ''

2018-06-09 19:55:26 - [TEST_STEP][PASSED] - Statement - out.println("Verify Schedule 8 STORE Request Are Working Successfully Or Not"): null

2018-06-09 19:55:26 - [TEST_STEP][PASSED] - navigateToUrl: Navigate to 'http://192.168.137.1/multihospital_new/' successfully

2018-06-09 19:55:28 - [MESSAGE][PASSED] - Navigate to 'http://192.168.137.1/multihospital_new/' successfully

2018-06-09 19:55:28 - [TEST_STEP][PASSED] - maximizeWindow: Current window maximized

2018-06-09 19:55:29 - [MESSAGE][PASSED] - Current window maximized

2018-06-09 19:55:29 - [TEST_STEP][PASSED] - click: Object: 'Object Repository/Store Request Schedule 1/Page_KDMC/a_Divisional Store' is clicked on

2018-06-09 19:55:29 - [MESSAGE][PASSED] - Object: 'Object Repository/Store Request Schedule 1/Page_KDMC/a_Divisional Store' is clicked on

2018-06-09 19:55:29 - [TEST_STEP][PASSED] - setText: Text 'ragu' is set on object 'Object Repository/Store Request Schedule 1/Page_Divisonal Store Login/input_txtusername'

2018-06-09 19:55:30 - [MESSAGE][PASSED] - Text 'ragu' is set on object 'Object Repository/Store Request Schedule 1/Page_Divisonal Store Login/input_txtusername'

2018-06-09 19:55:30 - [TEST_STEP][PASSED] - setText: Text '123' is set on object 'Object Repository/Store Request Schedule 1/Page_Divisonal Store Login/input_txtpassword'

2018-06-09 19:55:30 - [MESSAGE][PASSED] - Text '123' is set on object 'Object Repository/Store Request Schedule 1/Page_Divisonal Store Login/input_txtpassword'

2018-06-09 19:55:30 - [TEST_STEP][PASSED] - delay: Delayed 3 second(s)

2018-06-09 19:55:33 - [MESSAGE][PASSED] - Delayed 3 second(s)

2018-06-09 19:55:33 - [TEST_STEP][PASSED] - click: Object: 'Object Repository/Store Request Schedule 1/Page_Divisonal Store Login/button_Sign in' is clicked on

2018-06-09 19:55:35 - [MESSAGE][PASSED] - Object: 'Object Repository/Store Request Schedule 1/Page_Divisonal Store Login/button_Sign in' is clicked on

2018-06-09 19:55:35 - [TEST_STEP][PASSED] - delay: Delayed 3 second(s)

2018-06-09 19:55:38 - [MESSAGE][PASSED] - Delayed 3 second(s)

2018-06-09 19:55:38 - [TEST_STEP][PASSED] - click: Object: 'Object Repository/Store Request Schedule 1/Page_Store/a_CMS' is clicked on

2018-06-09 19:55:38 - [MESSAGE][PASSED] - Object: 'Object Repository/Store Request Schedule 1/Page_Store/a_CMS' is clicked on

2018-06-09 19:55:38 - [TEST_STEP][PASSED] - delay: Delayed 2 second(s)

2018-06-09 19:55:40 - [MESSAGE][PASSED] - Delayed 2 second(s)

2018-06-09 19:55:40 - [TEST_STEP][PASSED] - click: Object: 'Object Repository/Store Request Schedule 1/Page_Store/a_Request Send' is clicked on

2018-06-09 19:55:41 - [MESSAGE][PASSED] - Object: 'Object Repository/Store Request Schedule 1/Page_Store/a_Request Send' is clicked on

2018-06-09 19:55:41 - [TEST_STEP][PASSED] - selectOptionByIndex: All options with index in [1] are selected on object 'Object Repository/Store Request Schedule 1/Page_Store/select_--Select--'

2018-06-09 19:55:41 - [MESSAGE][PASSED] - All options with index in [1] are selected on object 'Object Repository/Store Request Schedule 1/Page_Store/select_--Select--'

2018-06-09 19:55:41 - [TEST_STEP][PASSED] - selectOptionByIndex: All options with index in [8] are selected on object 'Object Repository/Store Request Schedule 1/Page_Store/select_--Select--Schedule 1Inj'

2018-06-09 19:55:41 - [MESSAGE][PASSED] - All options with index in [8] are selected on object 'Object Repository/Store Request Schedule 1/Page_Store/select_--Select--Schedule 1Inj'

2018-06-09 19:55:41 - [TEST_STEP][PASSED] - Statement - SelectedOptions = com.kms.katalon.core.webui.keyword.WebUiBuiltInKeywords.getNumberOfTotalOption(com.kms.katalon.core.testobject.ObjectRepository.findTestObject(Store Request Schedule 1/Page_Store/select_--Select--Adernaline 0.)): 18 options of object 'Object Repository/Store Request Schedule 1/Page_Store/select_--Select--Adernaline 0.' counted

2018-06-09 19:55:41 - [MESSAGE][PASSED] - 18 options of object 'Object Repository/Store Request Schedule 1/Page_Store/select_--Select--Adernaline 0.' counted

2018-06-09 19:55:41 - [TEST_STEP][PASSED] - Statement - For ([y = 1, y < SelectedOptions, (y++)]): Object: 'Object Repository/Store Request Schedule 1/Page_Store/button_Add' is clicked on

2018-06-09 19:55:41 - [TEST_STEP][PASSED] - selectOptionByIndex: All options with index in [8] are selected on object 'Object Repository/Store Request Schedule 1/Page_Store/select_--Select--Schedule 1Inj'

2018-06-09 19:55:41 - [MESSAGE][PASSED] - All options with index in [8] are selected on object 'Object Repository/Store Request Schedule 1/Page_Store/select_--Select--Schedule 1Inj'

2018-06-09 19:55:41 - [TEST_STEP][PASSED] - delay: Delayed 1 second(s)

2018-06-09 19:55:42 - [MESSAGE][PASSED] - Delayed 1 second(s)

2018-06-09 19:55:42 - [TEST_STEP][PASSED] - selectOptionByIndex: All options with index in [1] are selected on object 'Object Repository/Store Request Schedule 1/Page_Store/select_--Select--Adernaline 0.'

2018-06-09 19:55:42 - [MESSAGE][PASSED] - All options with index in [1] are selected on object 'Object Repository/Store Request Schedule 1/Page_Store/select_--Select--Adernaline 0.'

2018-06-09 19:55:42 - [TEST_STEP][PASSED] - setText: Text '100' is set on object 'Object Repository/Store Request Schedule 1/Page_Store/input_txttreat'

2018-06-09 19:55:43 - [MESSAGE][PASSED] - Text '100' is set on object 'Object Repository/Store Request Schedule 1/Page_Store/input_txttreat'

2018-06-09 19:55:43 - [TEST_STEP][PASSED] - click: Object: 'Object Repository/Store Request Schedule 1/Page_Store/button_Add' is clicked on

2018-06-09 19:55:43 - [MESSAGE][PASSED] - Object: 'Object Repository/Store Request Schedule 1/Page_Store/button_Add' is clicked on

2018-06-09 19:55:43 - [TEST_STEP][PASSED] - selectOptionByIndex: All options with index in [8] are selected on object 'Object Repository/Store Request Schedule 1/Page_Store/select_--Select--Schedule 1Inj'

2018-06-09 19:55:43 - [MESSAGE][PASSED] - All options with index in [8] are selected on object 'Object Repository/Store Request Schedule 1/Page_Store/select_--Select--Schedule 1Inj'

2018-06-09 19:55:43 - [TEST_STEP][PASSED] - delay: Delayed 1 second(s)

2018-06-09 19:55:44 - [MESSAGE][PASSED] - Delayed 1 second(s)

2018-06-09 19:55:44 - [TEST_STEP][PASSED] - selectOptionByIndex: All options with index in [2] are selected on object 'Object Repository/Store Request Schedule 1/Page_Store/select_--Select--Adernaline 0.'

2018-06-09 19:55:44 - [MESSAGE][PASSED] - All options with index in [2] are selected on object 'Object Repository/Store Request Schedule 1/Page_Store/select_--Select--Adernaline 0.'

2018-06-09 19:55:44 - [TEST_STEP][PASSED] - setText: Text '100' is set on object 'Object Repository/Store Request Schedule 1/Page_Store/input_txttreat'

2018-06-09 19:55:44 - [MESSAGE][PASSED] - Text '100' is set on object 'Object Repository/Store Request Schedule 1/Page_Store/input_txttreat'

2018-06-09 19:55:44 - [TEST_STEP][PASSED] - click: Object: 'Object Repository/Store Request Schedule 1/Page_Store/button_Add' is clicked on

2018-06-09 19:55:44 - [MESSAGE][PASSED] - Object: 'Object Repository/Store Request Schedule 1/Page_Store/button_Add' is clicked on

2018-06-09 19:55:44 - [TEST_STEP][PASSED] - selectOptionByIndex: All options with index in [8] are selected on object 'Object Repository/Store Request Schedule 1/Page_Store/select_--Select--Schedule 1Inj'

2018-06-09 19:55:44 - [MESSAGE][PASSED] - All options with index in [8] are selected on object 'Object Repository/Store Request Schedule 1/Page_Store/select_--Select--Schedule 1Inj'

2018-06-09 19:55:44 - [TEST_STEP][PASSED] - delay: Delayed 1 second(s)

2018-06-09 19:55:45 - [MESSAGE][PASSED] - Delayed 1 second(s)

2018-06-09 19:55:45 - [TEST_STEP][PASSED] - selectOptionByIndex: All options with index in [3] are selected on object 'Object Repository/Store Request Schedule 1/Page_Store/select_--Select--Adernaline 0.'

2018-06-09 19:55:45 - [MESSAGE][PASSED] - All options with index in [3] are selected on object 'Object Repository/Store Request Schedule 1/Page_Store/select_--Select--Adernaline 0.'

2018-06-09 19:55:45 - [TEST_STEP][PASSED] - setText: Text '100' is set on object 'Object Repository/Store Request Schedule 1/Page_Store/input_txttreat'

2018-06-09 19:55:46 - [MESSAGE][PASSED] - Text '100' is set on object 'Object Repository/Store Request Schedule 1/Page_Store/input_txttreat'

2018-06-09 19:55:46 - [TEST_STEP][PASSED] - click: Object: 'Object Repository/Store Request Schedule 1/Page_Store/button_Add' is clicked on

2018-06-09 19:55:46 - [MESSAGE][PASSED] - Object: 'Object Repository/Store Request Schedule 1/Page_Store/button_Add' is clicked on

2018-06-09 19:55:46 - [TEST_STEP][PASSED] - selectOptionByIndex: All options with index in [8] are selected on object 'Object Repository/Store Request Schedule 1/Page_Store/select_--Select--Schedule 1Inj'

2018-06-09 19:55:46 - [MESSAGE][PASSED] - All options with index in [8] are selected on object 'Object Repository/Store Request Schedule 1/Page_Store/select_--Select--Schedule 1Inj'

2018-06-09 19:55:46 - [TEST_STEP][PASSED] - delay: Delayed 1 second(s)

2018-06-09 19:55:47 - [MESSAGE][PASSED] - Delayed 1 second(s)

2018-06-09 19:55:47 - [TEST_STEP][PASSED] - selectOptionByIndex: All options with index in [4] are selected on object 'Object Repository/Store Request Schedule 1/Page_Store/select_--Select--Adernaline 0.'

2018-06-09 19:55:47 - [MESSAGE][PASSED] - All options with index in [4] are selected on object 'Object Repository/Store Request Schedule 1/Page_Store/select_--Select--Adernaline 0.'

2018-06-09 19:55:47 - [TEST_STEP][PASSED] - setText: Text '100' is set on object 'Object Repository/Store Request Schedule 1/Page_Store/input_txttreat'

2018-06-09 19:55:47 - [MESSAGE][PASSED] - Text '100' is set on object 'Object Repository/Store Request Schedule 1/Page_Store/input_txttreat'

2018-06-09 19:55:47 - [TEST_STEP][PASSED] - click: Object: 'Object Repository/Store Request Schedule 1/Page_Store/button_Add' is clicked on

2018-06-09 19:55:47 - [MESSAGE][PASSED] - Object: 'Object Repository/Store Request Schedule 1/Page_Store/button_Add' is clicked on

2018-06-09 19:55:47 - [TEST_STEP][PASSED] - selectOptionByIndex: All options with index in [8] are selected on object 'Object Repository/Store Request Schedule 1/Page_Store/select_--Select--Schedule 1Inj'

2018-06-09 19:55:47 - [MESSAGE][PASSED] - All options with index in [8] are selected on object 'Object Repository/Store Request Schedule 1/Page_Store/select_--Select--Schedule 1Inj'

2018-06-09 19:55:47 - [TEST_STEP][PASSED] - delay: Delayed 1 second(s)

2018-06-09 19:55:48 - [MESSAGE][PASSED] - Delayed 1 second(s)

2018-06-09 19:55:48 - [TEST_STEP][PASSED] - selectOptionByIndex: All options with index in [5] are selected on object 'Object Repository/Store Request Schedule 1/Page_Store/select_--Select--Adernaline 0.'

2018-06-09 19:55:48 - [MESSAGE][PASSED] - All options with index in [5] are selected on object 'Object Repository/Store Request Schedule 1/Page_Store/select_--Select--Adernaline 0.'

2018-06-09 19:55:48 - [TEST_STEP][PASSED] - setText: Text '100' is set on object 'Object Repository/Store Request Schedule 1/Page_Store/input_txttreat'

2018-06-09 19:55:49 - [MESSAGE][PASSED] - Text '100' is set on object 'Object Repository/Store Request Schedule 1/Page_Store/input_txttreat'

2018-06-09 19:55:49 - [TEST_STEP][PASSED] - click: Object: 'Object Repository/Store Request Schedule 1/Page_Store/button_Add' is clicked on

2018-06-09 19:55:49 - [MESSAGE][PASSED] - Object: 'Object Repository/Store Request Schedule 1/Page_Store/button_Add' is clicked on

2018-06-09 19:55:49 - [TEST_STEP][PASSED] - selectOptionByIndex: All options with index in [8] are selected on object 'Object Repository/Store Request Schedule 1/Page_Store/select_--Select--Schedule 1Inj'

2018-06-09 19:55:49 - [MESSAGE][PASSED] - All options with index in [8] are selected on object 'Object Repository/Store Request Schedule 1/Page_Store/select_--Select--Schedule 1Inj'

2018-06-09 19:55:49 - [TEST_STEP][PASSED] - delay: Delayed 1 second(s)

2018-06-09 19:55:50 - [MESSAGE][PASSED] - Delayed 1 second(s)

2018-06-09 19:55:50 - [TEST_STEP][PASSED] - selectOptionByIndex: All options with index in [6] are selected on object 'Object Repository/Store Request Schedule 1/Page_Store/select_--Select--Adernaline 0.'

2018-06-09 19:55:50 - [MESSAGE][PASSED] - All options with index in [6] are selected on object 'Object Repository/Store Request Schedule 1/Page_Store/select_--Select--Adernaline 0.'

2018-06-09 19:55:50 - [TEST_STEP][PASSED] - setText: Text '100' is set on object 'Object Repository/Store Request Schedule 1/Page_Store/input_txttreat'

2018-06-09 19:55:50 - [MESSAGE][PASSED] - Text '100' is set on object 'Object Repository/Store Request Schedule 1/Page_Store/input_txttreat'

2018-06-09 19:55:50 - [TEST_STEP][PASSED] - click: Object: 'Object Repository/Store Request Schedule 1/Page_Store/button_Add' is clicked on

2018-06-09 19:55:50 - [MESSAGE][PASSED] - Object: 'Object Repository/Store Request Schedule 1/Page_Store/button_Add' is clicked on

2018-06-09 19:55:50 - [TEST_STEP][PASSED] - selectOptionByIndex: All options with index in [8] are selected on object 'Object Repository/Store Request Schedule 1/Page_Store/select_--Select--Schedule 1Inj'

2018-06-09 19:55:50 - [MESSAGE][PASSED] - All options with index in [8] are selected on object 'Object Repository/Store Request Schedule 1/Page_Store/select_--Select--Schedule 1Inj'

2018-06-09 19:55:50 - [TEST_STEP][PASSED] - delay: Delayed 1 second(s)

2018-06-09 19:55:51 - [MESSAGE][PASSED] - Delayed 1 second(s)

2018-06-09 19:55:51 - [TEST_STEP][PASSED] - selectOptionByIndex: All options with index in [7] are selected on object 'Object Repository/Store Request Schedule 1/Page_Store/select_--Select--Adernaline 0.'

2018-06-09 19:55:51 - [MESSAGE][PASSED] - All options with index in [7] are selected on object 'Object Repository/Store Request Schedule 1/Page_Store/select_--Select--Adernaline 0.'

2018-06-09 19:55:51 - [TEST_STEP][PASSED] - setText: Text '100' is set on object 'Object Repository/Store Request Schedule 1/Page_Store/input_txttreat'

2018-06-09 19:55:52 - [MESSAGE][PASSED] - Text '100' is set on object 'Object Repository/Store Request Schedule 1/Page_Store/input_txttreat'

2018-06-09 19:55:52 - [TEST_STEP][PASSED] - click: Object: 'Object Repository/Store Request Schedule 1/Page_Store/button_Add' is clicked on

2018-06-09 19:55:52 - [MESSAGE][PASSED] - Object: 'Object Repository/Store Request Schedule 1/Page_Store/button_Add' is clicked on

2018-06-09 19:55:52 - [TEST_STEP][PASSED] - selectOptionByIndex: All options with index in [8] are selected on object 'Object Repository/Store Request Schedule 1/Page_Store/select_--Select--Schedule 1Inj'

2018-06-09 19:55:52 - [MESSAGE][PASSED] - All options with index in [8] are selected on object 'Object Repository/Store Request Schedule 1/Page_Store/select_--Select--Schedule 1Inj'

2018-06-09 19:55:52 - [TEST_STEP][PASSED] - delay: Delayed 1 second(s)

2018-06-09 19:55:53 - [MESSAGE][PASSED] - Delayed 1 second(s)

2018-06-09 19:55:53 - [TEST_STEP][PASSED] - selectOptionByIndex: All options with index in [8] are selected on object 'Object Repository/Store Request Schedule 1/Page_Store/select_--Select--Adernaline 0.'

2018-06-09 19:55:53 - [MESSAGE][PASSED] - All options with index in [8] are selected on object 'Object Repository/Store Request Schedule 1/Page_Store/select_--Select--Adernaline 0.'

2018-06-09 19:55:53 - [TEST_STEP][PASSED] - setText: Text '100' is set on object 'Object Repository/Store Request Schedule 1/Page_Store/input_txttreat'

2018-06-09 19:55:53 - [MESSAGE][PASSED] - Text '100' is set on object 'Object Repository/Store Request Schedule 1/Page_Store/input_txttreat'

2018-06-09 19:55:53 - [TEST_STEP][PASSED] - click: Object: 'Object Repository/Store Request Schedule 1/Page_Store/button_Add' is clicked on

2018-06-09 19:55:53 - [MESSAGE][PASSED] - Object: 'Object Repository/Store Request Schedule 1/Page_Store/button_Add' is clicked on

2018-06-09 19:55:53 - [TEST_STEP][PASSED] - selectOptionByIndex: All options with index in [8] are selected on object 'Object Repository/Store Request Schedule 1/Page_Store/select_--Select--Schedule 1Inj'

2018-06-09 19:55:53 - [MESSAGE][PASSED] - All options with index in [8] are selected on object 'Object Repository/Store Request Schedule 1/Page_Store/select_--Select--Schedule 1Inj'

2018-06-09 19:55:53 - [TEST_STEP][PASSED] - delay: Delayed 1 second(s)

2018-06-09 19:55:54 - [MESSAGE][PASSED] - Delayed 1 second(s)

2018-06-09 19:55:54 - [TEST_STEP][PASSED] - selectOptionByIndex: All options with index in [9] are selected on object 'Object Repository/Store Request Schedule 1/Page_Store/select_--Select--Adernaline 0.'

2018-06-09 19:55:55 - [MESSAGE][PASSED] - All options with index in [9] are selected on object 'Object Repository/Store Request Schedule 1/Page_Store/select_--Select--Adernaline 0.'

2018-06-09 19:55:55 - [TEST_STEP][PASSED] - setText: Text '100' is set on object 'Object Repository/Store Request Schedule 1/Page_Store/input_txttreat'

2018-06-09 19:55:55 - [MESSAGE][PASSED] - Text '100' is set on object 'Object Repository/Store Request Schedule 1/Page_Store/input_txttreat'

2018-06-09 19:55:55 - [TEST_STEP][PASSED] - click: Object: 'Object Repository/Store Request Schedule 1/Page_Store/button_Add' is clicked on

2018-06-09 19:55:55 - [MESSAGE][PASSED] - Object: 'Object Repository/Store Request Schedule 1/Page_Store/button_Add' is clicked on

2018-06-09 19:55:55 - [TEST_STEP][PASSED] - selectOptionByIndex: All options with index in [8] are selected on object 'Object Repository/Store Request Schedule 1/Page_Store/select_--Select--Schedule 1Inj'

2018-06-09 19:55:55 - [MESSAGE][PASSED] - All options with index in [8] are selected on object 'Object Repository/Store Request Schedule 1/Page_Store/select_--Select--Schedule 1Inj'

2018-06-09 19:55:55 - [TEST_STEP][PASSED] - delay: Delayed 1 second(s)

2018-06-09 19:55:56 - [MESSAGE][PASSED] - Delayed 1 second(s)

2018-06-09 19:55:56 - [TEST_STEP][PASSED] - selectOptionByIndex: All options with index in [10] are selected on object 'Object Repository/Store Request Schedule 1/Page_Store/select_--Select--Adernaline 0.'

2018-06-09 19:55:56 - [MESSAGE][PASSED] - All options with index in [10] are selected on object 'Object Repository/Store Request Schedule 1/Page_Store/select_--Select--Adernaline 0.'

2018-06-09 19:55:56 - [TEST_STEP][PASSED] - setText: Text '100' is set on object 'Object Repository/Store Request Schedule 1/Page_Store/input_txttreat'

2018-06-09 19:55:56 - [MESSAGE][PASSED] - Text '100' is set on object 'Object Repository/Store Request Schedule 1/Page_Store/input_txttreat'

2018-06-09 19:55:56 - [TEST_STEP][PASSED] - click: Object: 'Object Repository/Store Request Schedule 1/Page_Store/button_Add' is clicked on

2018-06-09 19:55:56 - [MESSAGE][PASSED] - Object: 'Object Repository/Store Request Schedule 1/Page_Store/button_Add' is clicked on

2018-06-09 19:55:56 - [TEST_STEP][PASSED] - selectOptionByIndex: All options with index in [8] are selected on object 'Object Repository/Store Request Schedule 1/Page_Store/select_--Select--Schedule 1Inj'

2018-06-09 19:55:56 - [MESSAGE][PASSED] - All options with index in [8] are selected on object 'Object Repository/Store Request Schedule 1/Page_Store/select_--Select--Schedule 1Inj'

2018-06-09 19:55:56 - [TEST_STEP][PASSED] - delay: Delayed 1 second(s)

2018-06-09 19:55:57 - [MESSAGE][PASSED] - Delayed 1 second(s)

2018-06-09 19:55:57 - [TEST_STEP][PASSED] - selectOptionByIndex: All options with index in [11] are selected on object 'Object Repository/Store Request Schedule 1/Page_Store/select_--Select--Adernaline 0.'

2018-06-09 19:55:58 - [MESSAGE][PASSED] - All options with index in [11] are selected on object 'Object Repository/Store Request Schedule 1/Page_Store/select_--Select--Adernaline 0.'

2018-06-09 19:55:58 - [TEST_STEP][PASSED] - setText: Text '100' is set on object 'Object Repository/Store Request Schedule 1/Page_Store/input_txttreat'

2018-06-09 19:55:58 - [MESSAGE][PASSED] - Text '100' is set on object 'Object Repository/Store Request Schedule 1/Page_Store/input_txttreat'

2018-06-09 19:55:58 - [TEST_STEP][PASSED] - click: Object: 'Object Repository/Store Request Schedule 1/Page_Store/button_Add' is clicked on

2018-06-09 19:55:58 - [MESSAGE][PASSED] - Object: 'Object Repository/Store Request Schedule 1/Page_Store/button_Add' is clicked on

2018-06-09 19:55:58 - [TEST_STEP][PASSED] - selectOptionByIndex: All options with index in [8] are selected on object 'Object Repository/Store Request Schedule 1/Page_Store/select_--Select--Schedule 1Inj'

2018-06-09 19:55:58 - [MESSAGE][PASSED] - All options with index in [8] are selected on object 'Object Repository/Store Request Schedule 1/Page_Store/select_--Select--Schedule 1Inj'

2018-06-09 19:55:58 - [TEST_STEP][PASSED] - delay: Delayed 1 second(s)

2018-06-09 19:55:59 - [MESSAGE][PASSED] - Delayed 1 second(s)

2018-06-09 19:55:59 - [TEST_STEP][PASSED] - selectOptionByIndex: All options with index in [12] are selected on object 'Object Repository/Store Request Schedule 1/Page_Store/select_--Select--Adernaline 0.'

2018-06-09 19:55:59 - [MESSAGE][PASSED] - All options with index in [12] are selected on object 'Object Repository/Store Request Schedule 1/Page_Store/select_--Select--Adernaline 0.'

2018-06-09 19:55:59 - [TEST_STEP][PASSED] - setText: Text '100' is set on object 'Object Repository/Store Request Schedule 1/Page_Store/input_txttreat'

2018-06-09 19:55:59 - [MESSAGE][PASSED] - Text '100' is set on object 'Object Repository/Store Request Schedule 1/Page_Store/input_txttreat'

2018-06-09 19:55:59 - [TEST_STEP][PASSED] - click: Object: 'Object Repository/Store Request Schedule 1/Page_Store/button_Add' is clicked on

2018-06-09 19:55:59 - [MESSAGE][PASSED] - Object: 'Object Repository/Store Request Schedule 1/Page_Store/button_Add' is clicked on

2018-06-09 19:55:59 - [TEST_STEP][PASSED] - selectOptionByIndex: All options with index in [8] are selected on object 'Object Repository/Store Request Schedule 1/Page_Store/select_--Select--Schedule 1Inj'

2018-06-09 19:55:59 - [MESSAGE][PASSED] - All options with index in [8] are selected on object 'Object Repository/Store Request Schedule 1/Page_Store/select_--Select--Schedule 1Inj'

2018-06-09 19:55:59 - [TEST_STEP][PASSED] - delay: Delayed 1 second(s)

2018-06-09 19:56:00 - [MESSAGE][PASSED] - Delayed 1 second(s)

2018-06-09 19:56:00 - [TEST_STEP][PASSED] - selectOptionByIndex: All options with index in [13] are selected on object 'Object Repository/Store Request Schedule 1/Page_Store/select_--Select--Adernaline 0.'

2018-06-09 19:56:01 - [MESSAGE][PASSED] - All options with index in [13] are selected on object 'Object Repository/Store Request Schedule 1/Page_Store/select_--Select--Adernaline 0.'

2018-06-09 19:56:01 - [TEST_STEP][PASSED] - setText: Text '100' is set on object 'Object Repository/Store Request Schedule 1/Page_Store/input_txttreat'

2018-06-09 19:56:01 - [MESSAGE][PASSED] - Text '100' is set on object 'Object Repository/Store Request Schedule 1/Page_Store/input_txttreat'

2018-06-09 19:56:01 - [TEST_STEP][PASSED] - click: Object: 'Object Repository/Store Request Schedule 1/Page_Store/button_Add' is clicked on

2018-06-09 19:56:01 - [MESSAGE][PASSED] - Object: 'Object Repository/Store Request Schedule 1/Page_Store/button_Add' is clicked on

2018-06-09 19:56:01 - [TEST_STEP][PASSED] - selectOptionByIndex: All options with index in [8] are selected on object 'Object Repository/Store Request Schedule 1/Page_Store/select_--Select--Schedule 1Inj'

2018-06-09 19:56:01 - [MESSAGE][PASSED] - All options with index in [8] are selected on object 'Object Repository/Store Request Schedule 1/Page_Store/select_--Select--Schedule 1Inj'

2018-06-09 19:56:01 - [TEST_STEP][PASSED] - delay: Delayed 1 second(s)

2018-06-09 19:56:02 - [MESSAGE][PASSED] - Delayed 1 second(s)

2018-06-09 19:56:02 - [TEST_STEP][PASSED] - selectOptionByIndex: All options with index in [14] are selected on object 'Object Repository/Store Request Schedule 1/Page_Store/select_--Select--Adernaline 0.'

2018-06-09 19:56:02 - [MESSAGE][PASSED] - All options with index in [14] are selected on object 'Object Repository/Store Request Schedule 1/Page_Store/select_--Select--Adernaline 0.'

2018-06-09 19:56:02 - [TEST_STEP][PASSED] - setText: Text '100' is set on object 'Object Repository/Store Request Schedule 1/Page_Store/input_txttreat'

2018-06-09 19:56:02 - [MESSAGE][PASSED] - Text '100' is set on object 'Object Repository/Store Request Schedule 1/Page_Store/input_txttreat'

2018-06-09 19:56:02 - [TEST_STEP][PASSED] - click: Object: 'Object Repository/Store Request Schedule 1/Page_Store/button_Add' is clicked on

2018-06-09 19:56:02 - [MESSAGE][PASSED] - Object: 'Object Repository/Store Request Schedule 1/Page_Store/button_Add' is clicked on

2018-06-09 19:56:02 - [TEST_STEP][PASSED] - selectOptionByIndex: All options with index in [8] are selected on object 'Object Repository/Store Request Schedule 1/Page_Store/select_--Select--Schedule 1Inj'

2018-06-09 19:56:03 - [MESSAGE][PASSED] - All options with index in [8] are selected on object 'Object Repository/Store Request Schedule 1/Page_Store/select_--Select--Schedule 1Inj'

2018-06-09 19:56:03 - [TEST_STEP][PASSED] - delay: Delayed 1 second(s)

2018-06-09 19:56:04 - [MESSAGE][PASSED] - Delayed 1 second(s)

2018-06-09 19:56:04 - [TEST_STEP][PASSED] - selectOptionByIndex: All options with index in [15] are selected on object 'Object Repository/Store Request Schedule 1/Page_Store/select_--Select--Adernaline 0.'

2018-06-09 19:56:04 - [MESSAGE][PASSED] - All options with index in [15] are selected on object 'Object Repository/Store Request Schedule 1/Page_Store/select_--Select--Adernaline 0.'

2018-06-09 19:56:04 - [TEST_STEP][PASSED] - setText: Text '100' is set on object 'Object Repository/Store Request Schedule 1/Page_Store/input_txttreat'

2018-06-09 19:56:04 - [MESSAGE][PASSED] - Text '100' is set on object 'Object Repository/Store Request Schedule 1/Page_Store/input_txttreat'

2018-06-09 19:56:04 - [TEST_STEP][PASSED] - click: Object: 'Object Repository/Store Request Schedule 1/Page_Store/button_Add' is clicked on

2018-06-09 19:56:04 - [MESSAGE][PASSED] - Object: 'Object Repository/Store Request Schedule 1/Page_Store/button_Add' is clicked on

2018-06-09 19:56:04 - [TEST_STEP][PASSED] - selectOptionByIndex: All options with index in [8] are selected on object 'Object Repository/Store Request Schedule 1/Page_Store/select_--Select--Schedule 1Inj'

2018-06-09 19:56:04 - [MESSAGE][PASSED] - All options with index in [8] are selected on object 'Object Repository/Store Request Schedule 1/Page_Store/select_--Select--Schedule 1Inj'

2018-06-09 19:56:04 - [TEST_STEP][PASSED] - delay: Delayed 1 second(s)

2018-06-09 19:56:05 - [MESSAGE][PASSED] - Delayed 1 second(s)

2018-06-09 19:56:05 - [TEST_STEP][PASSED] - selectOptionByIndex: All options with index in [16] are selected on object 'Object Repository/Store Request Schedule 1/Page_Store/select_--Select--Adernaline 0.'

2018-06-09 19:56:05 - [MESSAGE][PASSED] - All options with index in [16] are selected on object 'Object Repository/Store Request Schedule 1/Page_Store/select_--Select--Adernaline 0.'

2018-06-09 19:56:05 - [TEST_STEP][PASSED] - setText: Text '100' is set on object 'Object Repository/Store Request Schedule 1/Page_Store/input_txttreat'

2018-06-09 19:56:06 - [MESSAGE][PASSED] - Text '100' is set on object 'Object Repository/Store Request Schedule 1/Page_Store/input_txttreat'

2018-06-09 19:56:06 - [TEST_STEP][PASSED] - click: Object: 'Object Repository/Store Request Schedule 1/Page_Store/button_Add' is clicked on

2018-06-09 19:56:06 - [MESSAGE][PASSED] - Object: 'Object Repository/Store Request Schedule 1/Page_Store/button_Add' is clicked on

2018-06-09 19:56:06 - [TEST_STEP][PASSED] - selectOptionByIndex: All options with index in [8] are selected on object 'Object Repository/Store Request Schedule 1/Page_Store/select_--Select--Schedule 1Inj'

2018-06-09 19:56:06 - [MESSAGE][PASSED] - All options with index in [8] are selected on object 'Object Repository/Store Request Schedule 1/Page_Store/select_--Select--Schedule 1Inj'

2018-06-09 19:56:06 - [TEST_STEP][PASSED] - delay: Delayed 1 second(s)

2018-06-09 19:56:07 - [MESSAGE][PASSED] - Delayed 1 second(s)

2018-06-09 19:56:07 - [TEST_STEP][PASSED] - selectOptionByIndex: All options with index in [17] are selected on object 'Object Repository/Store Request Schedule 1/Page_Store/select_--Select--Adernaline 0.'

2018-06-09 19:56:07 - [MESSAGE][PASSED] - All options with index in [17] are selected on object 'Object Repository/Store Request Schedule 1/Page_Store/select_--Select--Adernaline 0.'

2018-06-09 19:56:07 - [TEST_STEP][PASSED] - setText: Text '100' is set on object 'Object Repository/Store Request Schedule 1/Page_Store/input_txttreat'

2018-06-09 19:56:07 - [MESSAGE][PASSED] - Text '100' is set on object 'Object Repository/Store Request Schedule 1/Page_Store/input_txttreat'

2018-06-09 19:56:07 - [TEST_STEP][PASSED] - click: Object: 'Object Repository/Store Request Schedule 1/Page_Store/button_Add' is clicked on

2018-06-09 19:56:07 - [MESSAGE][PASSED] - Object: 'Object Repository/Store Request Schedule 1/Page_Store/button_Add' is clicked on

2018-06-09 19:56:07 - [TEST_STEP][PASSED] - delay: Delayed 2 second(s)

2018-06-09 19:56:09 - [MESSAGE][PASSED] - Delayed 2 second(s)

2018-06-09 19:56:09 - [TEST_STEP][PASSED] - scrollToElement: Scroll to object 'Object Repository/Store Request Schedule 1/Page_Store/input_btnsave' successfully

2018-06-09 19:56:09 - [MESSAGE][PASSED] - Scroll to object 'Object Repository/Store Request Schedule 1/Page_Store/input_btnsave' successfully

2018-06-09 19:56:09 - [TEST_STEP][PASSED] - click: Object: 'Object Repository/Store Request Schedule 1/Page_Store/input_btnsave' is clicked on

2018-06-09 19:56:09 - [MESSAGE][PASSED] - Object: 'Object Repository/Store Request Schedule 1/Page_Store/input_btnsave' is clicked on

2018-06-09 19:56:09 - [TEST_STEP][PASSED] - delay: Delayed 4 second(s)

2018-06-09 19:56:13 - [MESSAGE][PASSED] - Delayed 4 second(s)

2018-06-09 19:56:13 - [TEST_STEP][PASSED] - Statement - Cms_RequestNumber = com.kms.katalon.core.webui.keyword.WebUiBuiltInKeywords.getText(com.kms.katalon.core.testobject.ObjectRepository.findTestObject(Store Request Schedule 1/Page_Store/font_PRNO050520189)): Text of object 'Object Repository/Store Request Schedule 1/Page_Store/font_PRNO050520189' is: 'PRNO/09062018/722'

2018-06-09 19:56:13 - [MESSAGE][PASSED] - Text of object 'Object Repository/Store Request Schedule 1/Page_Store/font_PRNO050520189' is: 'PRNO/09062018/722'

2018-06-09 19:56:13 - [TEST_STEP][PASSED] - Statement - CR = Cms_RequestNumber.trim(): null

2018-06-09 19:56:13 - [TEST_STEP][PASSED] - Statement - out.println("RQ :" + Cms_RequestNumber): null

2018-06-09 19:56:13 - [TEST_STEP][PASSED] - Statement - RequestNumberID = Cms_RequestNumber.split("/")[2].trim(): null

2018-06-09 19:56:13 - [TEST_STEP][PASSED] - Statement - out.println("RQ ID :" + RequestNumberID): null

2018-06-09 19:56:13 - [TEST_STEP][PASSED] - delay: Delayed 3 second(s)

2018-06-09 19:56:16 - [MESSAGE][PASSED] - Delayed 3 second(s)

2018-06-09 19:56:16 - [TEST_STEP][PASSED] - Statement - ok = com.kms.katalon.core.webui.keyword.WebUiBuiltInKeywords.click(com.kms.katalon.core.testobject.ObjectRepository.findTestObject(Store Request Schedule 1/Page_Store/button_OK)): Object: 'Object Repository/Store Request Schedule 1/Page_Store/button_OK' is clicked on

2018-06-09 19:56:17 - [MESSAGE][PASSED] - Object: 'Object Repository/Store Request Schedule 1/Page_Store/button_OK' is clicked on

2018-06-09 19:56:17 - [TEST_STEP][PASSED] - delay: Delayed 3 second(s)

2018-06-09 19:56:20 - [MESSAGE][PASSED] - Delayed 3 second(s)

2018-06-09 19:56:20 - [TEST_STEP][PASSED] - click: Object: 'Object Repository/Store Request Schedule 1/Page_Store/a_dropdown-toggle' is clicked on

2018-06-09 19:56:20 - [MESSAGE][PASSED] - Object: 'Object Repository/Store Request Schedule 1/Page_Store/a_dropdown-toggle' is clicked on

2018-06-09 19:56:20 - [TEST_STEP][PASSED] - click: Object: 'Object Repository/Store Request Schedule 1/Page_Store/a_Sign out' is clicked on

2018-06-09 19:56:21 - [MESSAGE][PASSED] - Object: 'Object Repository/Store Request Schedule 1/Page_Store/a_Sign out' is clicked on

2018-06-09 19:56:21 - [TEST_STEP][PASSED] - delay: Delayed 3 second(s)

2018-06-09 19:56:24 - [MESSAGE][PASSED] - Delayed 3 second(s)

2018-06-09 19:56:24 - [TEST_STEP][PASSED] - click: Object: 'Object Repository/Store Request Schedule 1/Page_KDMC/a_CMO' is clicked on

2018-06-09 19:56:25 - [MESSAGE][PASSED] - Object: 'Object Repository/Store Request Schedule 1/Page_KDMC/a_CMO' is clicked on

2018-06-09 19:56:25 - [TEST_STEP][PASSED] - setText: Text 'guru' is set on object 'Object Repository/Store Request Schedule 1/Page_CMO login/input_txtusername'

2018-06-09 19:56:25 - [MESSAGE][PASSED] - Text 'guru' is set on object 'Object Repository/Store Request Schedule 1/Page_CMO login/input_txtusername'

2018-06-09 19:56:25 - [TEST_STEP][PASSED] - setText: Text '123' is set on object 'Object Repository/Store Request Schedule 1/Page_CMO login/input_txtpassword'

2018-06-09 19:56:25 - [MESSAGE][PASSED] - Text '123' is set on object 'Object Repository/Store Request Schedule 1/Page_CMO login/input_txtpassword'

2018-06-09 19:56:25 - [TEST_STEP][PASSED] - delay: Delayed 3 second(s)

2018-06-09 19:56:28 - [MESSAGE][PASSED] - Delayed 3 second(s)

2018-06-09 19:56:28 - [TEST_STEP][PASSED] - click: Object: 'Object Repository/Store Request Schedule 1/Page_CMO login/button_Sign in' is clicked on

2018-06-09 19:56:29 - [MESSAGE][PASSED] - Object: 'Object Repository/Store Request Schedule 1/Page_CMO login/button_Sign in' is clicked on

2018-06-09 19:56:29 - [TEST_STEP][PASSED] - delay: Delayed 2 second(s)

2018-06-09 19:56:31 - [MESSAGE][PASSED] - Delayed 2 second(s)

2018-06-09 19:56:31 - [TEST_STEP][PASSED] - click: Object: 'Object Repository/Store Request Schedule 1/Page_KDMC - CMO/span_Department Wise Request' is clicked on

2018-06-09 19:56:31 - [MESSAGE][PASSED] - Object: 'Object Repository/Store Request Schedule 1/Page_KDMC - CMO/span_Department Wise Request' is clicked on

2018-06-09 19:56:31 - [TEST_STEP][PASSED] - click: Object: 'Object Repository/Store Request Schedule 1/Page_KDMC - CMO/a_CMS Request' is clicked on

2018-06-09 19:56:31 - [MESSAGE][PASSED] - Object: 'Object Repository/Store Request Schedule 1/Page_KDMC - CMO/a_CMS Request' is clicked on

2018-06-09 19:56:31 - [TEST_STEP][PASSED] - click: Object: 'Object Repository/Store Request Schedule 1/Page_KDMC - CMO/a_CMS Request' is clicked on

2018-06-09 19:56:32 - [MESSAGE][PASSED] - Object: 'Object Repository/Store Request Schedule 1/Page_KDMC - CMO/a_CMS Request' is clicked on

2018-06-09 19:56:32 - [TEST_STEP][PASSED] - click: Object: 'Object Repository/Store Request Schedule 1/Page_KDMC - CMO/span_Divisional Store Request' is clicked on

2018-06-09 19:56:34 - [MESSAGE][PASSED] - Object: 'Object Repository/Store Request Schedule 1/Page_KDMC - CMO/span_Divisional Store Request' is clicked on

2018-06-09 19:56:34 - [TEST_STEP][PASSED] - delay: Delayed 2 second(s)

2018-06-09 19:56:36 - [MESSAGE][PASSED] - Delayed 2 second(s)

2018-06-09 19:56:36 - [TEST_STEP][PASSED] - Statement - approval = com.kms.katalon.core.webui.keyword.WebUiBuiltInKeywords.modifyObjectProperty(com.kms.katalon.core.testobject.ObjectRepository.findTestObject(Store Request Schedule 1/Page_KDMC - CMO/input_PRNO050520189), "xpath", "equals", "//*[@id=" + RequestNumberID + "]", true): Modify property of object successfully

2018-06-09 19:56:36 - [MESSAGE][PASSED] - Modify property of object successfully

2018-06-09 19:56:36 - [TEST_STEP][PASSED] - click: Object: 'Object Repository/Store Request Schedule 1/Page_KDMC - CMO/input_PRNO050520189' is clicked on

2018-06-09 19:56:36 - [MESSAGE][PASSED] - Object: 'Object Repository/Store Request Schedule 1/Page_KDMC - CMO/input_PRNO050520189' is clicked on

2018-06-09 19:56:36 - [TEST_STEP][PASSED] - delay: Delayed 2 second(s)

2018-06-09 19:56:38 - [MESSAGE][PASSED] - Delayed 2 second(s)

2018-06-09 19:56:38 - [TEST_STEP][PASSED] - selectOptionByIndex: All options with index in [1] are selected on object 'Object Repository/Store Request Schedule 1/Page_KDMC - CMO/select_--Select--'

2018-06-09 19:56:38 - [MESSAGE][PASSED] - All options with index in [1] are selected on object 'Object Repository/Store Request Schedule 1/Page_KDMC - CMO/select_--Select--'

2018-06-09 19:56:38 - [TEST_STEP][PASSED] - click: Object: 'Object Repository/Store Request Schedule 1/Page_KDMC - CMO/input_btnupdate' is clicked on

2018-06-09 19:56:38 - [MESSAGE][PASSED] - Object: 'Object Repository/Store Request Schedule 1/Page_KDMC - CMO/input_btnupdate' is clicked on

2018-06-09 19:56:38 - [TEST_STEP][PASSED] - delay: Delayed 2 second(s)

2018-06-09 19:56:40 - [MESSAGE][PASSED] - Delayed 2 second(s)

2018-06-09 19:56:40 - [TEST_STEP][PASSED] - click: Object: 'Object Repository/Store Request Schedule 1/Page_KDMC - CMO/button_OK' is clicked on

2018-06-09 19:56:40 - [MESSAGE][PASSED] - Object: 'Object Repository/Store Request Schedule 1/Page_KDMC - CMO/button_OK' is clicked on

2018-06-09 19:56:40 - [TEST_STEP][PASSED] - delay: Delayed 2 second(s)

2018-06-09 19:56:42 - [MESSAGE][PASSED] - Delayed 2 second(s)

2018-06-09 19:56:42 - [TEST_STEP][PASSED] - click: Object: 'Object Repository/Store Request Schedule 1/Page_KDMC - CMO/a_dropdown-toggle' is clicked on

2018-06-09 19:56:42 - [MESSAGE][PASSED] - Object: 'Object Repository/Store Request Schedule 1/Page_KDMC - CMO/a_dropdown-toggle' is clicked on

2018-06-09 19:56:42 - [TEST_STEP][PASSED] - click: Object: 'Object Repository/Store Request Schedule 1/Page_KDMC - CMO/a_Sign out' is clicked on

2018-06-09 19:56:43 - [MESSAGE][PASSED] - Object: 'Object Repository/Store Request Schedule 1/Page_KDMC - CMO/a_Sign out' is clicked on

2018-06-09 19:56:43 - [TEST_STEP][PASSED] - delay: Delayed 3 second(s)

2018-06-09 19:56:46 - [MESSAGE][PASSED] - Delayed 3 second(s)

2018-06-09 19:56:46 - [TEST_STEP][PASSED] - click: Object: 'Object Repository/store Request Schedule 1/Page_KDMC/a_CMS' is clicked on

2018-06-09 19:56:46 - [MESSAGE][PASSED] - Object: 'Object Repository/store Request Schedule 1/Page_KDMC/a_CMS' is clicked on

2018-06-09 19:56:46 - [TEST_STEP][PASSED] - setText: Text 'bala' is set on object 'Object Repository/store Request Schedule 1/Page_CMS login/input_txtusername'

2018-06-09 19:56:46 - [MESSAGE][PASSED] - Text 'bala' is set on object 'Object Repository/store Request Schedule 1/Page_CMS login/input_txtusername'

2018-06-09 19:56:46 - [TEST_STEP][PASSED] - setText: Text '123' is set on object 'Object Repository/store Request Schedule 1/Page_CMS login/input_txtpassword'

2018-06-09 19:56:46 - [MESSAGE][PASSED] - Text '123' is set on object 'Object Repository/store Request Schedule 1/Page_CMS login/input_txtpassword'

2018-06-09 19:56:46 - [TEST_STEP][PASSED] - delay: Delayed 3 second(s)

2018-06-09 19:56:49 - [MESSAGE][PASSED] - Delayed 3 second(s)

2018-06-09 19:56:49 - [TEST_STEP][PASSED] - click: Object: 'Object Repository/store Request Schedule 1/Page_CMS login/button_Sign in' is clicked on

2018-06-09 19:56:50 - [MESSAGE][PASSED] - Object: 'Object Repository/store Request Schedule 1/Page_CMS login/button_Sign in' is clicked on

2018-06-09 19:56:50 - [TEST_STEP][PASSED] - delay: Delayed 2 second(s)

2018-06-09 19:56:52 - [MESSAGE][PASSED] - Delayed 2 second(s)

2018-06-09 19:56:52 - [TEST_STEP][PASSED] - click: Object: 'Object Repository/store Request Schedule 1/Page_KDMC - CMS/a_Divisional Store' is clicked on

2018-06-09 19:56:52 - [MESSAGE][PASSED] - Object: 'Object Repository/store Request Schedule 1/Page_KDMC - CMS/a_Divisional Store' is clicked on

2018-06-09 19:56:52 - [TEST_STEP][PASSED] - delay: Delayed 2 second(s)

2018-06-09 19:56:54 - [MESSAGE][PASSED] - Delayed 2 second(s)

2018-06-09 19:56:54 - [TEST_STEP][PASSED] - click: Object: 'Object Repository/store Request Schedule 1/Page_KDMC - CMS/a_Dispatch Items' is clicked on

2018-06-09 19:56:55 - [MESSAGE][PASSED] - Object: 'Object Repository/store Request Schedule 1/Page_KDMC - CMS/a_Dispatch Items' is clicked on

2018-06-09 19:56:55 - [TEST_STEP][PASSED] - setText: Text 'PRNO/09062018/722' is set on object 'Object Repository/store Request Schedule 1/Page_KDMC - CMS/input'

2018-06-09 19:56:56 - [MESSAGE][PASSED] - Text 'PRNO/09062018/722' is set on object 'Object Repository/store Request Schedule 1/Page_KDMC - CMS/input'

2018-06-09 19:56:56 - [TEST_STEP][PASSED] - click: Object: 'Object Repository/store Request Schedule 1/Page_KDMC - CMS/td_text-center' is clicked on

2018-06-09 19:56:56 - [MESSAGE][PASSED] - Object: 'Object Repository/store Request Schedule 1/Page_KDMC - CMS/td_text-center' is clicked on

2018-06-09 19:56:56 - [TEST_STEP][PASSED] - delay: Delayed 3 second(s)

2018-06-09 19:56:59 - [MESSAGE][PASSED] - Delayed 3 second(s)

2018-06-09 19:56:59 - [TEST_STEP][PASSED] - delay: Delayed 2 second(s)

2018-06-09 19:57:01 - [MESSAGE][PASSED] - Delayed 2 second(s)

2018-06-09 19:57:01 - [TEST_STEP][PASSED] - Statement - For ([row = 0, row < SelectedOptions - 1, (row++)]): null

2018-06-09 19:57:01 - [TEST_STEP][PASSED] - Statement - batchlength = new com.kms.katalon.core.testobject.TestObject(): null

2018-06-09 19:57:01 - [TEST_STEP][PASSED] - Statement - batchlength = com.kms.katalon.core.webui.keyword.WebUiBuiltInKeywords.modifyObjectProperty(batchlength, "xpath", "equals", "//*[@id = "fldvendor" + row + ""]", true): Modify property of object successfully

2018-06-09 19:57:01 - [MESSAGE][PASSED] - Modify property of object successfully

2018-06-09 19:57:01 - [TEST_STEP][PASSED] - Statement - batchsize = com.kms.katalon.core.webui.keyword.WebUiBuiltInKeywords.getNumberOfTotalOption(batchlength): 14 options of object '' counted

2018-06-09 19:57:01 - [MESSAGE][PASSED] - 14 options of object '' counted

2018-06-09 19:57:01 - [TEST_STEP][PASSED] - Statement - out.println("BatchSize : " + batchsize): null

2018-06-09 19:57:01 - [TEST_STEP][PASSED] - Statement - For ([n = 1, n <= batchsize - 1, (n++)]): null

2018-06-09 19:57:01 - [TEST_STEP][PASSED] - Statement - product = new com.kms.katalon.core.testobject.TestObject(): null

2018-06-09 19:57:01 - [TEST_STEP][PASSED] - Statement - product = com.kms.katalon.core.webui.keyword.WebUiBuiltInKeywords.modifyObjectProperty(product, "xpath", "equals", "//*[@id = "fldvendor" + row + ""]", true): Modify property of object successfully

2018-06-09 19:57:01 - [MESSAGE][PASSED] - Modify property of object successfully

2018-06-09 19:57:01 - [TEST_STEP][PASSED] - selectOptionByIndex: All options with index in [1] are selected on object ''

2018-06-09 19:57:01 - [MESSAGE][PASSED] - All options with index in [1] are selected on object ''

2018-06-09 19:57:01 - [TEST_STEP][PASSED] - delay: Delayed 2 second(s)

2018-06-09 19:57:03 - [MESSAGE][PASSED] - Delayed 2 second(s)

2018-06-09 19:57:03 - [TEST_STEP][PASSED] - Statement - batch = new com.kms.katalon.core.testobject.TestObject(): null

2018-06-09 19:57:03 - [TEST_STEP][PASSED] - Statement - batch = com.kms.katalon.core.webui.keyword.WebUiBuiltInKeywords.modifyObjectProperty(batch, "xpath", "equals", "//*[@id = "txtbthqty" + row + ""]", true): Modify property of object successfully

2018-06-09 19:57:03 - [MESSAGE][PASSED] - Modify property of object successfully

2018-06-09 19:57:03 - [TEST_STEP][PASSED] - Statement - batchqty = com.kms.katalon.core.webui.keyword.WebUiBuiltInKeywords.getAttribute(batch, "value").trim(): Attribute 'value' of object '' is: '25600'

2018-06-09 19:57:03 - [MESSAGE][PASSED] - Attribute 'value' of object '' is: '25600'

2018-06-09 19:57:03 - [TEST_STEP][PASSED] - Statement - Rqty = 100: null

2018-06-09 19:57:03 - [TEST_STEP][PASSED] - Statement - out.println("BatchQty : " + batchqty): null

2018-06-09 19:57:03 - [TEST_STEP][PASSED] - Statement - out.println("RQty : " + Rqty): null

2018-06-09 19:57:03 - [TEST_STEP][PASSED] - Statement - If (java.lang.Integer.valueOf(batchqty) >= java.lang.Integer.valueOf(Rqty)): null

2018-06-09 19:57:03 - [TEST_STEP][PASSED] - Statement - Break: null

2018-06-09 19:57:03 - [TEST_STEP][PASSED] - Statement - batchlength = new com.kms.katalon.core.testobject.TestObject(): null

2018-06-09 19:57:03 - [TEST_STEP][PASSED] - Statement - batchlength = com.kms.katalon.core.webui.keyword.WebUiBuiltInKeywords.modifyObjectProperty(batchlength, "xpath", "equals", "//*[@id = "fldvendor" + row + ""]", true): Modify property of object successfully

2018-06-09 19:57:03 - [MESSAGE][PASSED] - Modify property of object successfully

2018-06-09 19:57:03 - [TEST_STEP][PASSED] - Statement - batchsize = com.kms.katalon.core.webui.keyword.WebUiBuiltInKeywords.getNumberOfTotalOption(batchlength): 15 options of object '' counted

2018-06-09 19:57:03 - [MESSAGE][PASSED] - 15 options of object '' counted

2018-06-09 19:57:03 - [TEST_STEP][PASSED] - Statement - out.println("BatchSize : " + batchsize): null

2018-06-09 19:57:03 - [TEST_STEP][PASSED] - Statement - For ([n = 1, n <= batchsize - 1, (n++)]): null

2018-06-09 19:57:03 - [TEST_STEP][PASSED] - Statement - product = new com.kms.katalon.core.testobject.TestObject(): null

2018-06-09 19:57:03 - [TEST_STEP][PASSED] - Statement - product = com.kms.katalon.core.webui.keyword.WebUiBuiltInKeywords.modifyObjectProperty(product, "xpath", "equals", "//*[@id = "fldvendor" + row + ""]", true): Modify property of object successfully

2018-06-09 19:57:03 - [MESSAGE][PASSED] - Modify property of object successfully

2018-06-09 19:57:03 - [TEST_STEP][PASSED] - selectOptionByIndex: All options with index in [1] are selected on object ''

2018-06-09 19:57:03 - [MESSAGE][PASSED] - All options with index in [1] are selected on object ''

2018-06-09 19:57:03 - [TEST_STEP][PASSED] - delay: Delayed 2 second(s)

2018-06-09 19:57:05 - [MESSAGE][PASSED] - Delayed 2 second(s)

2018-06-09 19:57:05 - [TEST_STEP][PASSED] - Statement - batch = new com.kms.katalon.core.testobject.TestObject(): null

2018-06-09 19:57:05 - [TEST_STEP][PASSED] - Statement - batch = com.kms.katalon.core.webui.keyword.WebUiBuiltInKeywords.modifyObjectProperty(batch, "xpath", "equals", "//*[@id = "txtbthqty" + row + ""]", true): Modify property of object successfully

2018-06-09 19:57:05 - [MESSAGE][PASSED] - Modify property of object successfully

2018-06-09 19:57:05 - [TEST_STEP][PASSED] - Statement - batchqty = com.kms.katalon.core.webui.keyword.WebUiBuiltInKeywords.getAttribute(batch, "value").trim(): Attribute 'value' of object '' is: '1600'

2018-06-09 19:57:05 - [MESSAGE][PASSED] - Attribute 'value' of object '' is: '1600'

2018-06-09 19:57:05 - [TEST_STEP][PASSED] - Statement - Rqty = 100: null

2018-06-09 19:57:05 - [TEST_STEP][PASSED] - Statement - out.println("BatchQty : " + batchqty): null

2018-06-09 19:57:05 - [TEST_STEP][PASSED] - Statement - out.println("RQty : " + Rqty): null

2018-06-09 19:57:05 - [TEST_STEP][PASSED] - Statement - If (java.lang.Integer.valueOf(batchqty) >= java.lang.Integer.valueOf(Rqty)): null

2018-06-09 19:57:05 - [TEST_STEP][PASSED] - Statement - Break: null

2018-06-09 19:57:05 - [TEST_STEP][PASSED] - Statement - batchlength = new com.kms.katalon.core.testobject.TestObject(): null

2018-06-09 19:57:05 - [TEST_STEP][PASSED] - Statement - batchlength = com.kms.katalon.core.webui.keyword.WebUiBuiltInKeywords.modifyObjectProperty(batchlength, "xpath", "equals", "//*[@id = "fldvendor" + row + ""]", true): Modify property of object successfully

2018-06-09 19:57:05 - [MESSAGE][PASSED] - Modify property of object successfully

2018-06-09 19:57:05 - [TEST_STEP][PASSED] - Statement - batchsize = com.kms.katalon.core.webui.keyword.WebUiBuiltInKeywords.getNumberOfTotalOption(batchlength): 15 options of object '' counted

2018-06-09 19:57:05 - [MESSAGE][PASSED] - 15 options of object '' counted

2018-06-09 19:57:05 - [TEST_STEP][PASSED] - Statement - out.println("BatchSize : " + batchsize): null

2018-06-09 19:57:05 - [TEST_STEP][PASSED] - Statement - For ([n = 1, n <= batchsize - 1, (n++)]): null

2018-06-09 19:57:05 - [TEST_STEP][PASSED] - Statement - product = new com.kms.katalon.core.testobject.TestObject(): null

2018-06-09 19:57:05 - [TEST_STEP][PASSED] - Statement - product = com.kms.katalon.core.webui.keyword.WebUiBuiltInKeywords.modifyObjectProperty(product, "xpath", "equals", "//*[@id = "fldvendor" + row + ""]", true): Modify property of object successfully

2018-06-09 19:57:05 - [MESSAGE][PASSED] - Modify property of object successfully

2018-06-09 19:57:05 - [TEST_STEP][PASSED] - selectOptionByIndex: All options with index in [1] are selected on object ''

2018-06-09 19:57:06 - [MESSAGE][PASSED] - All options with index in [1] are selected on object ''

2018-06-09 19:57:06 - [TEST_STEP][PASSED] - delay: Delayed 2 second(s)

2018-06-09 19:57:08 - [MESSAGE][PASSED] - Delayed 2 second(s)

2018-06-09 19:57:08 - [TEST_STEP][PASSED] - Statement - batch = new com.kms.katalon.core.testobject.TestObject(): null

2018-06-09 19:57:08 - [TEST_STEP][PASSED] - Statement - batch = com.kms.katalon.core.webui.keyword.WebUiBuiltInKeywords.modifyObjectProperty(batch, "xpath", "equals", "//*[@id = "txtbthqty" + row + ""]", true): Modify property of object successfully

2018-06-09 19:57:08 - [MESSAGE][PASSED] - Modify property of object successfully

2018-06-09 19:57:08 - [TEST_STEP][PASSED] - Statement - batchqty = com.kms.katalon.core.webui.keyword.WebUiBuiltInKeywords.getAttribute(batch, "value").trim(): Attribute 'value' of object '' is: '600'

2018-06-09 19:57:08 - [MESSAGE][PASSED] - Attribute 'value' of object '' is: '600'

2018-06-09 19:57:08 - [TEST_STEP][PASSED] - Statement - Rqty = 100: null

2018-06-09 19:57:08 - [TEST_STEP][PASSED] - Statement - out.println("BatchQty : " + batchqty): null

2018-06-09 19:57:08 - [TEST_STEP][PASSED] - Statement - out.println("RQty : " + Rqty): null

2018-06-09 19:57:08 - [TEST_STEP][PASSED] - Statement - If (java.lang.Integer.valueOf(batchqty) >= java.lang.Integer.valueOf(Rqty)): null

2018-06-09 19:57:08 - [TEST_STEP][PASSED] - Statement - Break: null

2018-06-09 19:57:08 - [TEST_STEP][PASSED] - Statement - batchlength = new com.kms.katalon.core.testobject.TestObject(): null

2018-06-09 19:57:08 - [TEST_STEP][PASSED] - Statement - batchlength = com.kms.katalon.core.webui.keyword.WebUiBuiltInKeywords.modifyObjectProperty(batchlength, "xpath", "equals", "//*[@id = "fldvendor" + row + ""]", true): Modify property of object successfully

2018-06-09 19:57:08 - [MESSAGE][PASSED] - Modify property of object successfully

2018-06-09 19:57:08 - [TEST_STEP][PASSED] - Statement - batchsize = com.kms.katalon.core.webui.keyword.WebUiBuiltInKeywords.getNumberOfTotalOption(batchlength): 15 options of object '' counted

2018-06-09 19:57:08 - [MESSAGE][PASSED] - 15 options of object '' counted

2018-06-09 19:57:08 - [TEST_STEP][PASSED] - Statement - out.println("BatchSize : " + batchsize): null

2018-06-09 19:57:08 - [TEST_STEP][PASSED] - Statement - For ([n = 1, n <= batchsize - 1, (n++)]): null

2018-06-09 19:57:08 - [TEST_STEP][PASSED] - Statement - product = new com.kms.katalon.core.testobject.TestObject(): null

2018-06-09 19:57:08 - [TEST_STEP][PASSED] - Statement - product = com.kms.katalon.core.webui.keyword.WebUiBuiltInKeywords.modifyObjectProperty(product, "xpath", "equals", "//*[@id = "fldvendor" + row + ""]", true): Modify property of object successfully

2018-06-09 19:57:08 - [MESSAGE][PASSED] - Modify property of object successfully

2018-06-09 19:57:08 - [TEST_STEP][PASSED] - selectOptionByIndex: All options with index in [1] are selected on object ''

2018-06-09 19:57:08 - [MESSAGE][PASSED] - All options with index in [1] are selected on object ''

2018-06-09 19:57:08 - [TEST_STEP][PASSED] - delay: Delayed 2 second(s)

2018-06-09 19:57:10 - [MESSAGE][PASSED] - Delayed 2 second(s)

2018-06-09 19:57:10 - [TEST_STEP][PASSED] - Statement - batch = new com.kms.katalon.core.testobject.TestObject(): null

2018-06-09 19:57:10 - [TEST_STEP][PASSED] - Statement - batch = com.kms.katalon.core.webui.keyword.WebUiBuiltInKeywords.modifyObjectProperty(batch, "xpath", "equals", "//*[@id = "txtbthqty" + row + ""]", true): Modify property of object successfully

2018-06-09 19:57:10 - [MESSAGE][PASSED] - Modify property of object successfully

2018-06-09 19:57:10 - [TEST_STEP][PASSED] - Statement - batchqty = com.kms.katalon.core.webui.keyword.WebUiBuiltInKeywords.getAttribute(batch, "value").trim(): Attribute 'value' of object '' is: '1600'

2018-06-09 19:57:10 - [MESSAGE][PASSED] - Attribute 'value' of object '' is: '1600'

2018-06-09 19:57:10 - [TEST_STEP][PASSED] - Statement - Rqty = 100: null

2018-06-09 19:57:10 - [TEST_STEP][PASSED] - Statement - out.println("BatchQty : " + batchqty): null

2018-06-09 19:57:10 - [TEST_STEP][PASSED] - Statement - out.println("RQty : " + Rqty): null

2018-06-09 19:57:10 - [TEST_STEP][PASSED] - Statement - If (java.lang.Integer.valueOf(batchqty) >= java.lang.Integer.valueOf(Rqty)): null

2018-06-09 19:57:10 - [TEST_STEP][PASSED] - Statement - Break: null

2018-06-09 19:57:10 - [TEST_STEP][PASSED] - Statement - batchlength = new com.kms.katalon.core.testobject.TestObject(): null

2018-06-09 19:57:10 - [TEST_STEP][PASSED] - Statement - batchlength = com.kms.katalon.core.webui.keyword.WebUiBuiltInKeywords.modifyObjectProperty(batchlength, "xpath", "equals", "//*[@id = "fldvendor" + row + ""]", true): Modify property of object successfully

2018-06-09 19:57:10 - [MESSAGE][PASSED] - Modify property of object successfully

2018-06-09 19:57:10 - [TEST_STEP][PASSED] - Statement - batchsize = com.kms.katalon.core.webui.keyword.WebUiBuiltInKeywords.getNumberOfTotalOption(batchlength): 15 options of object '' counted

2018-06-09 19:57:10 - [MESSAGE][PASSED] - 15 options of object '' counted

2018-06-09 19:57:10 - [TEST_STEP][PASSED] - Statement - out.println("BatchSize : " + batchsize): null

2018-06-09 19:57:10 - [TEST_STEP][PASSED] - Statement - For ([n = 1, n <= batchsize - 1, (n++)]): null

2018-06-09 19:57:10 - [TEST_STEP][PASSED] - Statement - product = new com.kms.katalon.core.testobject.TestObject(): null

2018-06-09 19:57:10 - [TEST_STEP][PASSED] - Statement - product = com.kms.katalon.core.webui.keyword.WebUiBuiltInKeywords.modifyObjectProperty(product, "xpath", "equals", "//*[@id = "fldvendor" + row + ""]", true): Modify property of object successfully

2018-06-09 19:57:10 - [MESSAGE][PASSED] - Modify property of object successfully

2018-06-09 19:57:10 - [TEST_STEP][PASSED] - selectOptionByIndex: All options with index in [1] are selected on object ''

2018-06-09 19:57:10 - [MESSAGE][PASSED] - All options with index in [1] are selected on object ''

2018-06-09 19:57:10 - [TEST_STEP][PASSED] - delay: Delayed 2 second(s)

2018-06-09 19:57:12 - [MESSAGE][PASSED] - Delayed 2 second(s)

2018-06-09 19:57:12 - [TEST_STEP][PASSED] - Statement - batch = new com.kms.katalon.core.testobject.TestObject(): null

2018-06-09 19:57:12 - [TEST_STEP][PASSED] - Statement - batch = com.kms.katalon.core.webui.keyword.WebUiBuiltInKeywords.modifyObjectProperty(batch, "xpath", "equals", "//*[@id = "txtbthqty" + row + ""]", true): Modify property of object successfully

2018-06-09 19:57:12 - [MESSAGE][PASSED] - Modify property of object successfully

2018-06-09 19:57:12 - [TEST_STEP][PASSED] - Statement - batchqty = com.kms.katalon.core.webui.keyword.WebUiBuiltInKeywords.getAttribute(batch, "value").trim(): Attribute 'value' of object '' is: '1600'

2018-06-09 19:57:12 - [MESSAGE][PASSED] - Attribute 'value' of object '' is: '1600'

2018-06-09 19:57:12 - [TEST_STEP][PASSED] - Statement - Rqty = 100: null

2018-06-09 19:57:12 - [TEST_STEP][PASSED] - Statement - out.println("BatchQty : " + batchqty): null

2018-06-09 19:57:12 - [TEST_STEP][PASSED] - Statement - out.println("RQty : " + Rqty): null

2018-06-09 19:57:12 - [TEST_STEP][PASSED] - Statement - If (java.lang.Integer.valueOf(batchqty) >= java.lang.Integer.valueOf(Rqty)): null

2018-06-09 19:57:12 - [TEST_STEP][PASSED] - Statement - Break: null

2018-06-09 19:57:12 - [TEST_STEP][PASSED] - Statement - batchlength = new com.kms.katalon.core.testobject.TestObject(): null

2018-06-09 19:57:12 - [TEST_STEP][PASSED] - Statement - batchlength = com.kms.katalon.core.webui.keyword.WebUiBuiltInKeywords.modifyObjectProperty(batchlength, "xpath", "equals", "//*[@id = "fldvendor" + row + ""]", true): Modify property of object successfully

2018-06-09 19:57:12 - [MESSAGE][PASSED] - Modify property of object successfully

2018-06-09 19:57:12 - [TEST_STEP][PASSED] - Statement - batchsize = com.kms.katalon.core.webui.keyword.WebUiBuiltInKeywords.getNumberOfTotalOption(batchlength): 15 options of object '' counted

2018-06-09 19:57:12 - [MESSAGE][PASSED] - 15 options of object '' counted

2018-06-09 19:57:12 - [TEST_STEP][PASSED] - Statement - out.println("BatchSize : " + batchsize): null

2018-06-09 19:57:12 - [TEST_STEP][PASSED] - Statement - For ([n = 1, n <= batchsize - 1, (n++)]): null

2018-06-09 19:57:12 - [TEST_STEP][PASSED] - Statement - product = new com.kms.katalon.core.testobject.TestObject(): null

2018-06-09 19:57:12 - [TEST_STEP][PASSED] - Statement - product = com.kms.katalon.core.webui.keyword.WebUiBuiltInKeywords.modifyObjectProperty(product, "xpath", "equals", "//*[@id = "fldvendor" + row + ""]", true): Modify property of object successfully

2018-06-09 19:57:12 - [MESSAGE][PASSED] - Modify property of object successfully

2018-06-09 19:57:12 - [TEST_STEP][PASSED] - selectOptionByIndex: All options with index in [1] are selected on object ''

2018-06-09 19:57:12 - [MESSAGE][PASSED] - All options with index in [1] are selected on object ''

2018-06-09 19:57:12 - [TEST_STEP][PASSED] - delay: Delayed 2 second(s)

2018-06-09 19:57:14 - [MESSAGE][PASSED] - Delayed 2 second(s)

2018-06-09 19:57:14 - [TEST_STEP][PASSED] - Statement - batch = new com.kms.katalon.core.testobject.TestObject(): null

2018-06-09 19:57:14 - [TEST_STEP][PASSED] - Statement - batch = com.kms.katalon.core.webui.keyword.WebUiBuiltInKeywords.modifyObjectProperty(batch, "xpath", "equals", "//*[@id = "txtbthqty" + row + ""]", true): Modify property of object successfully

2018-06-09 19:57:14 - [MESSAGE][PASSED] - Modify property of object successfully

2018-06-09 19:57:14 - [TEST_STEP][PASSED] - Statement - batchqty = com.kms.katalon.core.webui.keyword.WebUiBuiltInKeywords.getAttribute(batch, "value").trim(): Attribute 'value' of object '' is: '1600'

2018-06-09 19:57:14 - [MESSAGE][PASSED] - Attribute 'value' of object '' is: '1600'

2018-06-09 19:57:14 - [TEST_STEP][PASSED] - Statement - Rqty = 100: null

2018-06-09 19:57:14 - [TEST_STEP][PASSED] - Statement - out.println("BatchQty : " + batchqty): null

2018-06-09 19:57:14 - [TEST_STEP][PASSED] - Statement - out.println("RQty : " + Rqty): null

2018-06-09 19:57:14 - [TEST_STEP][PASSED] - Statement - If (java.lang.Integer.valueOf(batchqty) >= java.lang.Integer.valueOf(Rqty)): null

2018-06-09 19:57:14 - [TEST_STEP][PASSED] - Statement - Break: null

2018-06-09 19:57:14 - [TEST_STEP][PASSED] - Statement - batchlength = new com.kms.katalon.core.testobject.TestObject(): null

2018-06-09 19:57:14 - [TEST_STEP][PASSED] - Statement - batchlength = com.kms.katalon.core.webui.keyword.WebUiBuiltInKeywords.modifyObjectProperty(batchlength, "xpath", "equals", "//*[@id = "fldvendor" + row + ""]", true): Modify property of object successfully

2018-06-09 19:57:14 - [MESSAGE][PASSED] - Modify property of object successfully

2018-06-09 19:57:14 - [TEST_STEP][PASSED] - Statement - batchsize = com.kms.katalon.core.webui.keyword.WebUiBuiltInKeywords.getNumberOfTotalOption(batchlength): 15 options of object '' counted

2018-06-09 19:57:14 - [MESSAGE][PASSED] - 15 options of object '' counted

2018-06-09 19:57:14 - [TEST_STEP][PASSED] - Statement - out.println("BatchSize : " + batchsize): null

2018-06-09 19:57:14 - [TEST_STEP][PASSED] - Statement - For ([n = 1, n <= batchsize - 1, (n++)]): null

2018-06-09 19:57:14 - [TEST_STEP][PASSED] - Statement - product = new com.kms.katalon.core.testobject.TestObject(): null

2018-06-09 19:57:14 - [TEST_STEP][PASSED] - Statement - product = com.kms.katalon.core.webui.keyword.WebUiBuiltInKeywords.modifyObjectProperty(product, "xpath", "equals", "//*[@id = "fldvendor" + row + ""]", true): Modify property of object successfully

2018-06-09 19:57:14 - [MESSAGE][PASSED] - Modify property of object successfully

2018-06-09 19:57:14 - [TEST_STEP][PASSED] - selectOptionByIndex: All options with index in [1] are selected on object ''

2018-06-09 19:57:14 - [MESSAGE][PASSED] - All options with index in [1] are selected on object ''

2018-06-09 19:57:14 - [TEST_STEP][PASSED] - delay: Delayed 2 second(s)

2018-06-09 19:57:16 - [MESSAGE][PASSED] - Delayed 2 second(s)

2018-06-09 19:57:16 - [TEST_STEP][PASSED] - Statement - batch = new com.kms.katalon.core.testobject.TestObject(): null

2018-06-09 19:57:16 - [TEST_STEP][PASSED] - Statement - batch = com.kms.katalon.core.webui.keyword.WebUiBuiltInKeywords.modifyObjectProperty(batch, "xpath", "equals", "//*[@id = "txtbthqty" + row + ""]", true): Modify property of object successfully

2018-06-09 19:57:16 - [MESSAGE][PASSED] - Modify property of object successfully

2018-06-09 19:57:16 - [TEST_STEP][PASSED] - Statement - batchqty = com.kms.katalon.core.webui.keyword.WebUiBuiltInKeywords.getAttribute(batch, "value").trim(): Attribute 'value' of object '' is: '25500'

2018-06-09 19:57:17 - [MESSAGE][PASSED] - Attribute 'value' of object '' is: '25500'

2018-06-09 19:57:17 - [TEST_STEP][PASSED] - Statement - Rqty = 100: null

2018-06-09 19:57:17 - [TEST_STEP][PASSED] - Statement - out.println("BatchQty : " + batchqty): null

2018-06-09 19:57:17 - [TEST_STEP][PASSED] - Statement - out.println("RQty : " + Rqty): null

2018-06-09 19:57:17 - [TEST_STEP][PASSED] - Statement - If (java.lang.Integer.valueOf(batchqty) >= java.lang.Integer.valueOf(Rqty)): null

2018-06-09 19:57:17 - [TEST_STEP][PASSED] - Statement - Break: null

2018-06-09 19:57:17 - [TEST_STEP][PASSED] - Statement - batchlength = new com.kms.katalon.core.testobject.TestObject(): null

2018-06-09 19:57:17 - [TEST_STEP][PASSED] - Statement - batchlength = com.kms.katalon.core.webui.keyword.WebUiBuiltInKeywords.modifyObjectProperty(batchlength, "xpath", "equals", "//*[@id = "fldvendor" + row + ""]", true): Modify property of object successfully

2018-06-09 19:57:17 - [MESSAGE][PASSED] - Modify property of object successfully

2018-06-09 19:57:17 - [TEST_STEP][PASSED] - Statement - batchsize = com.kms.katalon.core.webui.keyword.WebUiBuiltInKeywords.getNumberOfTotalOption(batchlength): 15 options of object '' counted

2018-06-09 19:57:17 - [MESSAGE][PASSED] - 15 options of object '' counted

2018-06-09 19:57:17 - [TEST_STEP][PASSED] - Statement - out.println("BatchSize : " + batchsize): null

2018-06-09 19:57:17 - [TEST_STEP][PASSED] - Statement - For ([n = 1, n <= batchsize - 1, (n++)]): null

2018-06-09 19:57:17 - [TEST_STEP][PASSED] - Statement - product = new com.kms.katalon.core.testobject.TestObject(): null

2018-06-09 19:57:17 - [TEST_STEP][PASSED] - Statement - product = com.kms.katalon.core.webui.keyword.WebUiBuiltInKeywords.modifyObjectProperty(product, "xpath", "equals", "//*[@id = "fldvendor" + row + ""]", true): Modify property of object successfully

2018-06-09 19:57:17 - [MESSAGE][PASSED] - Modify property of object successfully

2018-06-09 19:57:17 - [TEST_STEP][PASSED] - selectOptionByIndex: All options with index in [1] are selected on object ''

2018-06-09 19:57:17 - [MESSAGE][PASSED] - All options with index in [1] are selected on object ''

2018-06-09 19:57:17 - [TEST_STEP][PASSED] - delay: Delayed 2 second(s)

2018-06-09 19:57:19 - [MESSAGE][PASSED] - Delayed 2 second(s)

2018-06-09 19:57:19 - [TEST_STEP][PASSED] - Statement - batch = new com.kms.katalon.core.testobject.TestObject(): null

2018-06-09 19:57:19 - [TEST_STEP][PASSED] - Statement - batch = com.kms.katalon.core.webui.keyword.WebUiBuiltInKeywords.modifyObjectProperty(batch, "xpath", "equals", "//*[@id = "txtbthqty" + row + ""]", true): Modify property of object successfully

2018-06-09 19:57:19 - [MESSAGE][PASSED] - Modify property of object successfully

2018-06-09 19:57:19 - [TEST_STEP][PASSED] - Statement - batchqty = com.kms.katalon.core.webui.keyword.WebUiBuiltInKeywords.getAttribute(batch, "value").trim(): Attribute 'value' of object '' is: '600'

2018-06-09 19:57:19 - [MESSAGE][PASSED] - Attribute 'value' of object '' is: '600'

2018-06-09 19:57:19 - [TEST_STEP][PASSED] - Statement - Rqty = 100: null

2018-06-09 19:57:19 - [TEST_STEP][PASSED] - Statement - out.println("BatchQty : " + batchqty): null

2018-06-09 19:57:19 - [TEST_STEP][PASSED] - Statement - out.println("RQty : " + Rqty): null

2018-06-09 19:57:19 - [TEST_STEP][PASSED] - Statement - If (java.lang.Integer.valueOf(batchqty) >= java.lang.Integer.valueOf(Rqty)): null

2018-06-09 19:57:19 - [TEST_STEP][PASSED] - Statement - Break: null

2018-06-09 19:57:19 - [TEST_STEP][PASSED] - Statement - batchlength = new com.kms.katalon.core.testobject.TestObject(): null

2018-06-09 19:57:19 - [TEST_STEP][PASSED] - Statement - batchlength = com.kms.katalon.core.webui.keyword.WebUiBuiltInKeywords.modifyObjectProperty(batchlength, "xpath", "equals", "//*[@id = "fldvendor" + row + ""]", true): Modify property of object successfully

2018-06-09 19:57:19 - [MESSAGE][PASSED] - Modify property of object successfully

2018-06-09 19:57:19 - [TEST_STEP][PASSED] - Statement - batchsize = com.kms.katalon.core.webui.keyword.WebUiBuiltInKeywords.getNumberOfTotalOption(batchlength): 15 options of object '' counted

2018-06-09 19:57:19 - [MESSAGE][PASSED] - 15 options of object '' counted

2018-06-09 19:57:19 - [TEST_STEP][PASSED] - Statement - out.println("BatchSize : " + batchsize): null

2018-06-09 19:57:19 - [TEST_STEP][PASSED] - Statement - For ([n = 1, n <= batchsize - 1, (n++)]): null

2018-06-09 19:57:19 - [TEST_STEP][PASSED] - Statement - product = new com.kms.katalon.core.testobject.TestObject(): null

2018-06-09 19:57:19 - [TEST_STEP][PASSED] - Statement - product = com.kms.katalon.core.webui.keyword.WebUiBuiltInKeywords.modifyObjectProperty(product, "xpath", "equals", "//*[@id = "fldvendor" + row + ""]", true): Modify property of object successfully

2018-06-09 19:57:19 - [MESSAGE][PASSED] - Modify property of object successfully

2018-06-09 19:57:19 - [TEST_STEP][PASSED] - selectOptionByIndex: All options with index in [1] are selected on object ''

2018-06-09 19:57:19 - [MESSAGE][PASSED] - All options with index in [1] are selected on object ''

2018-06-09 19:57:19 - [TEST_STEP][PASSED] - delay: Delayed 2 second(s)

2018-06-09 19:57:21 - [MESSAGE][PASSED] - Delayed 2 second(s)

2018-06-09 19:57:21 - [TEST_STEP][PASSED] - Statement - batch = new com.kms.katalon.core.testobject.TestObject(): null

2018-06-09 19:57:21 - [TEST_STEP][PASSED] - Statement - batch = com.kms.katalon.core.webui.keyword.WebUiBuiltInKeywords.modifyObjectProperty(batch, "xpath", "equals", "//*[@id = "txtbthqty" + row + ""]", true): Modify property of object successfully

2018-06-09 19:57:21 - [MESSAGE][PASSED] - Modify property of object successfully

2018-06-09 19:57:21 - [TEST_STEP][PASSED] - Statement - batchqty = com.kms.katalon.core.webui.keyword.WebUiBuiltInKeywords.getAttribute(batch, "value").trim(): Attribute 'value' of object '' is: '1600'

2018-06-09 19:57:21 - [MESSAGE][PASSED] - Attribute 'value' of object '' is: '1600'

2018-06-09 19:57:21 - [TEST_STEP][PASSED] - Statement - Rqty = 100: null

2018-06-09 19:57:21 - [TEST_STEP][PASSED] - Statement - out.println("BatchQty : " + batchqty): null

2018-06-09 19:57:21 - [TEST_STEP][PASSED] - Statement - out.println("RQty : " + Rqty): null

2018-06-09 19:57:21 - [TEST_STEP][PASSED] - Statement - If (java.lang.Integer.valueOf(batchqty) >= java.lang.Integer.valueOf(Rqty)): null

2018-06-09 19:57:21 - [TEST_STEP][PASSED] - Statement - Break: null

2018-06-09 19:57:21 - [TEST_STEP][PASSED] - Statement - batchlength = new com.kms.katalon.core.testobject.TestObject(): null

2018-06-09 19:57:21 - [TEST_STEP][PASSED] - Statement - batchlength = com.kms.katalon.core.webui.keyword.WebUiBuiltInKeywords.modifyObjectProperty(batchlength, "xpath", "equals", "//*[@id = "fldvendor" + row + ""]", true): Modify property of object successfully

2018-06-09 19:57:21 - [MESSAGE][PASSED] - Modify property of object successfully

2018-06-09 19:57:21 - [TEST_STEP][PASSED] - Statement - batchsize = com.kms.katalon.core.webui.keyword.WebUiBuiltInKeywords.getNumberOfTotalOption(batchlength): 15 options of object '' counted

2018-06-09 19:57:21 - [MESSAGE][PASSED] - 15 options of object '' counted

2018-06-09 19:57:21 - [TEST_STEP][PASSED] - Statement - out.println("BatchSize : " + batchsize): null

2018-06-09 19:57:21 - [TEST_STEP][PASSED] - Statement - For ([n = 1, n <= batchsize - 1, (n++)]): null

2018-06-09 19:57:21 - [TEST_STEP][PASSED] - Statement - product = new com.kms.katalon.core.testobject.TestObject(): null

2018-06-09 19:57:21 - [TEST_STEP][PASSED] - Statement - product = com.kms.katalon.core.webui.keyword.WebUiBuiltInKeywords.modifyObjectProperty(product, "xpath", "equals", "//*[@id = "fldvendor" + row + ""]", true): Modify property of object successfully

2018-06-09 19:57:21 - [MESSAGE][PASSED] - Modify property of object successfully

2018-06-09 19:57:21 - [TEST_STEP][PASSED] - selectOptionByIndex: All options with index in [1] are selected on object ''

2018-06-09 19:57:21 - [MESSAGE][PASSED] - All options with index in [1] are selected on object ''

2018-06-09 19:57:21 - [TEST_STEP][PASSED] - delay: Delayed 2 second(s)

2018-06-09 19:57:23 - [MESSAGE][PASSED] - Delayed 2 second(s)

2018-06-09 19:57:23 - [TEST_STEP][PASSED] - Statement - batch = new com.kms.katalon.core.testobject.TestObject(): null

2018-06-09 19:57:23 - [TEST_STEP][PASSED] - Statement - batch = com.kms.katalon.core.webui.keyword.WebUiBuiltInKeywords.modifyObjectProperty(batch, "xpath", "equals", "//*[@id = "txtbthqty" + row + ""]", true): Modify property of object successfully

2018-06-09 19:57:23 - [MESSAGE][PASSED] - Modify property of object successfully

2018-06-09 19:57:23 - [TEST_STEP][PASSED] - Statement - batchqty = com.kms.katalon.core.webui.keyword.WebUiBuiltInKeywords.getAttribute(batch, "value").trim(): Attribute 'value' of object '' is: '3100'

2018-06-09 19:57:23 - [MESSAGE][PASSED] - Attribute 'value' of object '' is: '3100'

2018-06-09 19:57:23 - [TEST_STEP][PASSED] - Statement - Rqty = 100: null

2018-06-09 19:57:23 - [TEST_STEP][PASSED] - Statement - out.println("BatchQty : " + batchqty): null

2018-06-09 19:57:23 - [TEST_STEP][PASSED] - Statement - out.println("RQty : " + Rqty): null

2018-06-09 19:57:23 - [TEST_STEP][PASSED] - Statement - If (java.lang.Integer.valueOf(batchqty) >= java.lang.Integer.valueOf(Rqty)): null

2018-06-09 19:57:23 - [TEST_STEP][PASSED] - Statement - Break: null

2018-06-09 19:57:23 - [TEST_STEP][PASSED] - Statement - batchlength = new com.kms.katalon.core.testobject.TestObject(): null

2018-06-09 19:57:23 - [TEST_STEP][PASSED] - Statement - batchlength = com.kms.katalon.core.webui.keyword.WebUiBuiltInKeywords.modifyObjectProperty(batchlength, "xpath", "equals", "//*[@id = "fldvendor" + row + ""]", true): Modify property of object successfully

2018-06-09 19:57:23 - [MESSAGE][PASSED] - Modify property of object successfully

2018-06-09 19:57:23 - [TEST_STEP][PASSED] - Statement - batchsize = com.kms.katalon.core.webui.keyword.WebUiBuiltInKeywords.getNumberOfTotalOption(batchlength): 15 options of object '' counted

2018-06-09 19:57:23 - [MESSAGE][PASSED] - 15 options of object '' counted

2018-06-09 19:57:23 - [TEST_STEP][PASSED] - Statement - out.println("BatchSize : " + batchsize): null

2018-06-09 19:57:23 - [TEST_STEP][PASSED] - Statement - For ([n = 1, n <= batchsize - 1, (n++)]): null

2018-06-09 19:57:23 - [TEST_STEP][PASSED] - Statement - product = new com.kms.katalon.core.testobject.TestObject(): null

2018-06-09 19:57:23 - [TEST_STEP][PASSED] - Statement - product = com.kms.katalon.core.webui.keyword.WebUiBuiltInKeywords.modifyObjectProperty(product, "xpath", "equals", "//*[@id = "fldvendor" + row + ""]", true): Modify property of object successfully

2018-06-09 19:57:23 - [MESSAGE][PASSED] - Modify property of object successfully

2018-06-09 19:57:23 - [TEST_STEP][PASSED] - selectOptionByIndex: All options with index in [1] are selected on object ''

2018-06-09 19:57:23 - [MESSAGE][PASSED] - All options with index in [1] are selected on object ''

2018-06-09 19:57:23 - [TEST_STEP][PASSED] - delay: Delayed 2 second(s)

2018-06-09 19:57:25 - [MESSAGE][PASSED] - Delayed 2 second(s)

2018-06-09 19:57:25 - [TEST_STEP][PASSED] - Statement - batch = new com.kms.katalon.core.testobject.TestObject(): null

2018-06-09 19:57:25 - [TEST_STEP][PASSED] - Statement - batch = com.kms.katalon.core.webui.keyword.WebUiBuiltInKeywords.modifyObjectProperty(batch, "xpath", "equals", "//*[@id = "txtbthqty" + row + ""]", true): Modify property of object successfully

2018-06-09 19:57:25 - [MESSAGE][PASSED] - Modify property of object successfully

2018-06-09 19:57:25 - [TEST_STEP][PASSED] - Statement - batchqty = com.kms.katalon.core.webui.keyword.WebUiBuiltInKeywords.getAttribute(batch, "value").trim(): Attribute 'value' of object '' is: '1600'

2018-06-09 19:57:26 - [MESSAGE][PASSED] - Attribute 'value' of object '' is: '1600'

2018-06-09 19:57:26 - [TEST_STEP][PASSED] - Statement - Rqty = 100: null

2018-06-09 19:57:26 - [TEST_STEP][PASSED] - Statement - out.println("BatchQty : " + batchqty): null

2018-06-09 19:57:26 - [TEST_STEP][PASSED] - Statement - out.println("RQty : " + Rqty): null

2018-06-09 19:57:26 - [TEST_STEP][PASSED] - Statement - If (java.lang.Integer.valueOf(batchqty) >= java.lang.Integer.valueOf(Rqty)): null

2018-06-09 19:57:26 - [TEST_STEP][PASSED] - Statement - Break: null

2018-06-09 19:57:26 - [TEST_STEP][PASSED] - Statement - batchlength = new com.kms.katalon.core.testobject.TestObject(): null

2018-06-09 19:57:26 - [TEST_STEP][PASSED] - Statement - batchlength = com.kms.katalon.core.webui.keyword.WebUiBuiltInKeywords.modifyObjectProperty(batchlength, "xpath", "equals", "//*[@id = "fldvendor" + row + ""]", true): Modify property of object successfully

2018-06-09 19:57:26 - [MESSAGE][PASSED] - Modify property of object successfully

2018-06-09 19:57:26 - [TEST_STEP][PASSED] - Statement - batchsize = com.kms.katalon.core.webui.keyword.WebUiBuiltInKeywords.getNumberOfTotalOption(batchlength): 15 options of object '' counted

2018-06-09 19:57:26 - [MESSAGE][PASSED] - 15 options of object '' counted

2018-06-09 19:57:26 - [TEST_STEP][PASSED] - Statement - out.println("BatchSize : " + batchsize): null

2018-06-09 19:57:26 - [TEST_STEP][PASSED] - Statement - For ([n = 1, n <= batchsize - 1, (n++)]): null

2018-06-09 19:57:26 - [TEST_STEP][PASSED] - Statement - product = new com.kms.katalon.core.testobject.TestObject(): null

2018-06-09 19:57:26 - [TEST_STEP][PASSED] - Statement - product = com.kms.katalon.core.webui.keyword.WebUiBuiltInKeywords.modifyObjectProperty(product, "xpath", "equals", "//*[@id = "fldvendor" + row + ""]", true): Modify property of object successfully

2018-06-09 19:57:26 - [MESSAGE][PASSED] - Modify property of object successfully

2018-06-09 19:57:26 - [TEST_STEP][PASSED] - selectOptionByIndex: All options with index in [1] are selected on object ''

2018-06-09 19:57:26 - [MESSAGE][PASSED] - All options with index in [1] are selected on object ''

2018-06-09 19:57:26 - [TEST_STEP][PASSED] - delay: Delayed 2 second(s)

2018-06-09 19:57:28 - [MESSAGE][PASSED] - Delayed 2 second(s)

2018-06-09 19:57:28 - [TEST_STEP][PASSED] - Statement - batch = new com.kms.katalon.core.testobject.TestObject(): null

2018-06-09 19:57:28 - [TEST_STEP][PASSED] - Statement - batch = com.kms.katalon.core.webui.keyword.WebUiBuiltInKeywords.modifyObjectProperty(batch, "xpath", "equals", "//*[@id = "txtbthqty" + row + ""]", true): Modify property of object successfully

2018-06-09 19:57:28 - [MESSAGE][PASSED] - Modify property of object successfully

2018-06-09 19:57:28 - [TEST_STEP][PASSED] - Statement - batchqty = com.kms.katalon.core.webui.keyword.WebUiBuiltInKeywords.getAttribute(batch, "value").trim(): Attribute 'value' of object '' is: '25500'

2018-06-09 19:57:28 - [MESSAGE][PASSED] - Attribute 'value' of object '' is: '25500'

2018-06-09 19:57:28 - [TEST_STEP][PASSED] - Statement - Rqty = 100: null

2018-06-09 19:57:28 - [TEST_STEP][PASSED] - Statement - out.println("BatchQty : " + batchqty): null

2018-06-09 19:57:28 - [TEST_STEP][PASSED] - Statement - out.println("RQty : " + Rqty): null

2018-06-09 19:57:28 - [TEST_STEP][PASSED] - Statement - If (java.lang.Integer.valueOf(batchqty) >= java.lang.Integer.valueOf(Rqty)): null

2018-06-09 19:57:28 - [TEST_STEP][PASSED] - Statement - Break: null

2018-06-09 19:57:28 - [TEST_STEP][PASSED] - Statement - batchlength = new com.kms.katalon.core.testobject.TestObject(): null

2018-06-09 19:57:28 - [TEST_STEP][PASSED] - Statement - batchlength = com.kms.katalon.core.webui.keyword.WebUiBuiltInKeywords.modifyObjectProperty(batchlength, "xpath", "equals", "//*[@id = "fldvendor" + row + ""]", true): Modify property of object successfully

2018-06-09 19:57:28 - [MESSAGE][PASSED] - Modify property of object successfully

2018-06-09 19:57:28 - [TEST_STEP][PASSED] - Statement - batchsize = com.kms.katalon.core.webui.keyword.WebUiBuiltInKeywords.getNumberOfTotalOption(batchlength): 15 options of object '' counted

2018-06-09 19:57:28 - [MESSAGE][PASSED] - 15 options of object '' counted

2018-06-09 19:57:28 - [TEST_STEP][PASSED] - Statement - out.println("BatchSize : " + batchsize): null

2018-06-09 19:57:28 - [TEST_STEP][PASSED] - Statement - For ([n = 1, n <= batchsize - 1, (n++)]): null

2018-06-09 19:57:28 - [TEST_STEP][PASSED] - Statement - product = new com.kms.katalon.core.testobject.TestObject(): null

2018-06-09 19:57:28 - [TEST_STEP][PASSED] - Statement - product = com.kms.katalon.core.webui.keyword.WebUiBuiltInKeywords.modifyObjectProperty(product, "xpath", "equals", "//*[@id = "fldvendor" + row + ""]", true): Modify property of object successfully

2018-06-09 19:57:28 - [MESSAGE][PASSED] - Modify property of object successfully

2018-06-09 19:57:28 - [TEST_STEP][PASSED] - selectOptionByIndex: All options with index in [1] are selected on object ''

2018-06-09 19:57:28 - [MESSAGE][PASSED] - All options with index in [1] are selected on object ''

2018-06-09 19:57:28 - [TEST_STEP][PASSED] - delay: Delayed 2 second(s)

2018-06-09 19:57:30 - [MESSAGE][PASSED] - Delayed 2 second(s)

2018-06-09 19:57:30 - [TEST_STEP][PASSED] - Statement - batch = new com.kms.katalon.core.testobject.TestObject(): null

2018-06-09 19:57:30 - [TEST_STEP][PASSED] - Statement - batch = com.kms.katalon.core.webui.keyword.WebUiBuiltInKeywords.modifyObjectProperty(batch, "xpath", "equals", "//*[@id = "txtbthqty" + row + ""]", true): Modify property of object successfully

2018-06-09 19:57:30 - [MESSAGE][PASSED] - Modify property of object successfully

2018-06-09 19:57:30 - [TEST_STEP][PASSED] - Statement - batchqty = com.kms.katalon.core.webui.keyword.WebUiBuiltInKeywords.getAttribute(batch, "value").trim(): Attribute 'value' of object '' is: '1600'

2018-06-09 19:57:30 - [MESSAGE][PASSED] - Attribute 'value' of object '' is: '1600'

2018-06-09 19:57:30 - [TEST_STEP][PASSED] - Statement - Rqty = 100: null

2018-06-09 19:57:30 - [TEST_STEP][PASSED] - Statement - out.println("BatchQty : " + batchqty): null

2018-06-09 19:57:30 - [TEST_STEP][PASSED] - Statement - out.println("RQty : " + Rqty): null

2018-06-09 19:57:30 - [TEST_STEP][PASSED] - Statement - If (java.lang.Integer.valueOf(batchqty) >= java.lang.Integer.valueOf(Rqty)): null

2018-06-09 19:57:30 - [TEST_STEP][PASSED] - Statement - Break: null

2018-06-09 19:57:30 - [TEST_STEP][PASSED] - Statement - batchlength = new com.kms.katalon.core.testobject.TestObject(): null

2018-06-09 19:57:30 - [TEST_STEP][PASSED] - Statement - batchlength = com.kms.katalon.core.webui.keyword.WebUiBuiltInKeywords.modifyObjectProperty(batchlength, "xpath", "equals", "//*[@id = "fldvendor" + row + ""]", true): Modify property of object successfully

2018-06-09 19:57:30 - [MESSAGE][PASSED] - Modify property of object successfully

2018-06-09 19:57:30 - [TEST_STEP][PASSED] - Statement - batchsize = com.kms.katalon.core.webui.keyword.WebUiBuiltInKeywords.getNumberOfTotalOption(batchlength): 29 options of object '' counted

2018-06-09 19:57:30 - [MESSAGE][PASSED] - 29 options of object '' counted

2018-06-09 19:57:30 - [TEST_STEP][PASSED] - Statement - out.println("BatchSize : " + batchsize): null

2018-06-09 19:57:30 - [TEST_STEP][PASSED] - Statement - For ([n = 1, n <= batchsize - 1, (n++)]): null

2018-06-09 19:57:30 - [TEST_STEP][PASSED] - Statement - product = new com.kms.katalon.core.testobject.TestObject(): null

2018-06-09 19:57:30 - [TEST_STEP][PASSED] - Statement - product = com.kms.katalon.core.webui.keyword.WebUiBuiltInKeywords.modifyObjectProperty(product, "xpath", "equals", "//*[@id = "fldvendor" + row + ""]", true): Modify property of object successfully

2018-06-09 19:57:30 - [MESSAGE][PASSED] - Modify property of object successfully

2018-06-09 19:57:30 - [TEST_STEP][PASSED] - selectOptionByIndex: All options with index in [1] are selected on object ''

2018-06-09 19:57:30 - [MESSAGE][PASSED] - All options with index in [1] are selected on object ''

2018-06-09 19:57:30 - [TEST_STEP][PASSED] - delay: Delayed 2 second(s)

2018-06-09 19:57:32 - [MESSAGE][PASSED] - Delayed 2 second(s)

2018-06-09 19:57:32 - [TEST_STEP][PASSED] - Statement - batch = new com.kms.katalon.core.testobject.TestObject(): null

2018-06-09 19:57:32 - [TEST_STEP][PASSED] - Statement - batch = com.kms.katalon.core.webui.keyword.WebUiBuiltInKeywords.modifyObjectProperty(batch, "xpath", "equals", "//*[@id = "txtbthqty" + row + ""]", true): Modify property of object successfully

2018-06-09 19:57:32 - [MESSAGE][PASSED] - Modify property of object successfully

2018-06-09 19:57:32 - [TEST_STEP][PASSED] - Statement - batchqty = com.kms.katalon.core.webui.keyword.WebUiBuiltInKeywords.getAttribute(batch, "value").trim(): Attribute 'value' of object '' is: '1200'

2018-06-09 19:57:32 - [MESSAGE][PASSED] - Attribute 'value' of object '' is: '1200'

2018-06-09 19:57:32 - [TEST_STEP][PASSED] - Statement - Rqty = 100: null

2018-06-09 19:57:32 - [TEST_STEP][PASSED] - Statement - out.println("BatchQty : " + batchqty): null

2018-06-09 19:57:32 - [TEST_STEP][PASSED] - Statement - out.println("RQty : " + Rqty): null

2018-06-09 19:57:32 - [TEST_STEP][PASSED] - Statement - If (java.lang.Integer.valueOf(batchqty) >= java.lang.Integer.valueOf(Rqty)): null

2018-06-09 19:57:32 - [TEST_STEP][PASSED] - Statement - Break: null

2018-06-09 19:57:32 - [TEST_STEP][PASSED] - Statement - batchlength = new com.kms.katalon.core.testobject.TestObject(): null

2018-06-09 19:57:32 - [TEST_STEP][PASSED] - Statement - batchlength = com.kms.katalon.core.webui.keyword.WebUiBuiltInKeywords.modifyObjectProperty(batchlength, "xpath", "equals", "//*[@id = "fldvendor" + row + ""]", true): Modify property of object successfully

2018-06-09 19:57:32 - [MESSAGE][PASSED] - Modify property of object successfully

2018-06-09 19:57:32 - [TEST_STEP][PASSED] - Statement - batchsize = com.kms.katalon.core.webui.keyword.WebUiBuiltInKeywords.getNumberOfTotalOption(batchlength): 29 options of object '' counted

2018-06-09 19:57:32 - [MESSAGE][PASSED] - 29 options of object '' counted

2018-06-09 19:57:32 - [TEST_STEP][PASSED] - Statement - out.println("BatchSize : " + batchsize): null

2018-06-09 19:57:32 - [TEST_STEP][PASSED] - Statement - For ([n = 1, n <= batchsize - 1, (n++)]): null

2018-06-09 19:57:32 - [TEST_STEP][PASSED] - Statement - product = new com.kms.katalon.core.testobject.TestObject(): null

2018-06-09 19:57:32 - [TEST_STEP][PASSED] - Statement - product = com.kms.katalon.core.webui.keyword.WebUiBuiltInKeywords.modifyObjectProperty(product, "xpath", "equals", "//*[@id = "fldvendor" + row + ""]", true): Modify property of object successfully

2018-06-09 19:57:32 - [MESSAGE][PASSED] - Modify property of object successfully

2018-06-09 19:57:32 - [TEST_STEP][PASSED] - selectOptionByIndex: All options with index in [1] are selected on object ''

2018-06-09 19:57:32 - [MESSAGE][PASSED] - All options with index in [1] are selected on object ''

2018-06-09 19:57:32 - [TEST_STEP][PASSED] - delay: Delayed 2 second(s)

2018-06-09 19:57:34 - [MESSAGE][PASSED] - Delayed 2 second(s)

2018-06-09 19:57:34 - [TEST_STEP][PASSED] - Statement - batch = new com.kms.katalon.core.testobject.TestObject(): null

2018-06-09 19:57:34 - [TEST_STEP][PASSED] - Statement - batch = com.kms.katalon.core.webui.keyword.WebUiBuiltInKeywords.modifyObjectProperty(batch, "xpath", "equals", "//*[@id = "txtbthqty" + row + ""]", true): Modify property of object successfully

2018-06-09 19:57:34 - [MESSAGE][PASSED] - Modify property of object successfully

2018-06-09 19:57:34 - [TEST_STEP][PASSED] - Statement - batchqty = com.kms.katalon.core.webui.keyword.WebUiBuiltInKeywords.getAttribute(batch, "value").trim(): Attribute 'value' of object '' is: '1200'

2018-06-09 19:57:35 - [MESSAGE][PASSED] - Attribute 'value' of object '' is: '1200'

2018-06-09 19:57:35 - [TEST_STEP][PASSED] - Statement - Rqty = 100: null

2018-06-09 19:57:35 - [TEST_STEP][PASSED] - Statement - out.println("BatchQty : " + batchqty): null

2018-06-09 19:57:35 - [TEST_STEP][PASSED] - Statement - out.println("RQty : " + Rqty): null

2018-06-09 19:57:35 - [TEST_STEP][PASSED] - Statement - If (java.lang.Integer.valueOf(batchqty) >= java.lang.Integer.valueOf(Rqty)): null

2018-06-09 19:57:35 - [TEST_STEP][PASSED] - Statement - Break: null

2018-06-09 19:57:35 - [TEST_STEP][PASSED] - Statement - batchlength = new com.kms.katalon.core.testobject.TestObject(): null

2018-06-09 19:57:35 - [TEST_STEP][PASSED] - Statement - batchlength = com.kms.katalon.core.webui.keyword.WebUiBuiltInKeywords.modifyObjectProperty(batchlength, "xpath", "equals", "//*[@id = "fldvendor" + row + ""]", true): Modify property of object successfully

2018-06-09 19:57:35 - [MESSAGE][PASSED] - Modify property of object successfully

2018-06-09 19:57:35 - [TEST_STEP][PASSED] - Statement - batchsize = com.kms.katalon.core.webui.keyword.WebUiBuiltInKeywords.getNumberOfTotalOption(batchlength): 15 options of object '' counted

2018-06-09 19:57:35 - [MESSAGE][PASSED] - 15 options of object '' counted

2018-06-09 19:57:35 - [TEST_STEP][PASSED] - Statement - out.println("BatchSize : " + batchsize): null

2018-06-09 19:57:35 - [TEST_STEP][PASSED] - Statement - For ([n = 1, n <= batchsize - 1, (n++)]): null

2018-06-09 19:57:35 - [TEST_STEP][PASSED] - Statement - product = new com.kms.katalon.core.testobject.TestObject(): null

2018-06-09 19:57:35 - [TEST_STEP][PASSED] - Statement - product = com.kms.katalon.core.webui.keyword.WebUiBuiltInKeywords.modifyObjectProperty(product, "xpath", "equals", "//*[@id = "fldvendor" + row + ""]", true): Modify property of object successfully

2018-06-09 19:57:35 - [MESSAGE][PASSED] - Modify property of object successfully

2018-06-09 19:57:35 - [TEST_STEP][PASSED] - selectOptionByIndex: All options with index in [1] are selected on object ''

2018-06-09 19:57:35 - [MESSAGE][PASSED] - All options with index in [1] are selected on object ''

2018-06-09 19:57:35 - [TEST_STEP][PASSED] - delay: Delayed 2 second(s)

2018-06-09 19:57:37 - [MESSAGE][PASSED] - Delayed 2 second(s)

2018-06-09 19:57:37 - [TEST_STEP][PASSED] - Statement - batch = new com.kms.katalon.core.testobject.TestObject(): null

2018-06-09 19:57:37 - [TEST_STEP][PASSED] - Statement - batch = com.kms.katalon.core.webui.keyword.WebUiBuiltInKeywords.modifyObjectProperty(batch, "xpath", "equals", "//*[@id = "txtbthqty" + row + ""]", true): Modify property of object successfully

2018-06-09 19:57:37 - [MESSAGE][PASSED] - Modify property of object successfully

2018-06-09 19:57:37 - [TEST_STEP][PASSED] - Statement - batchqty = com.kms.katalon.core.webui.keyword.WebUiBuiltInKeywords.getAttribute(batch, "value").trim(): Attribute 'value' of object '' is: '1600'

2018-06-09 19:57:37 - [MESSAGE][PASSED] - Attribute 'value' of object '' is: '1600'

2018-06-09 19:57:37 - [TEST_STEP][PASSED] - Statement - Rqty = 100: null

2018-06-09 19:57:37 - [TEST_STEP][PASSED] - Statement - out.println("BatchQty : " + batchqty): null

2018-06-09 19:57:37 - [TEST_STEP][PASSED] - Statement - out.println("RQty : " + Rqty): null

2018-06-09 19:57:37 - [TEST_STEP][PASSED] - Statement - If (java.lang.Integer.valueOf(batchqty) >= java.lang.Integer.valueOf(Rqty)): null

2018-06-09 19:57:37 - [TEST_STEP][PASSED] - Statement - Break: null

2018-06-09 19:57:37 - [TEST_STEP][PASSED] - Statement - batchlength = new com.kms.katalon.core.testobject.TestObject(): null

2018-06-09 19:57:37 - [TEST_STEP][PASSED] - Statement - batchlength = com.kms.katalon.core.webui.keyword.WebUiBuiltInKeywords.modifyObjectProperty(batchlength, "xpath", "equals", "//*[@id = "fldvendor" + row + ""]", true): Modify property of object successfully

2018-06-09 19:57:37 - [MESSAGE][PASSED] - Modify property of object successfully

2018-06-09 19:57:37 - [TEST_STEP][PASSED] - Statement - batchsize = com.kms.katalon.core.webui.keyword.WebUiBuiltInKeywords.getNumberOfTotalOption(batchlength): 15 options of object '' counted

2018-06-09 19:57:37 - [MESSAGE][PASSED] - 15 options of object '' counted

2018-06-09 19:57:37 - [TEST_STEP][PASSED] - Statement - out.println("BatchSize : " + batchsize): null

2018-06-09 19:57:37 - [TEST_STEP][PASSED] - Statement - For ([n = 1, n <= batchsize - 1, (n++)]): null

2018-06-09 19:57:37 - [TEST_STEP][PASSED] - Statement - product = new com.kms.katalon.core.testobject.TestObject(): null

2018-06-09 19:57:37 - [TEST_STEP][PASSED] - Statement - product = com.kms.katalon.core.webui.keyword.WebUiBuiltInKeywords.modifyObjectProperty(product, "xpath", "equals", "//*[@id = "fldvendor" + row + ""]", true): Modify property of object successfully

2018-06-09 19:57:37 - [MESSAGE][PASSED] - Modify property of object successfully

2018-06-09 19:57:37 - [TEST_STEP][PASSED] - selectOptionByIndex: All options with index in [1] are selected on object ''

2018-06-09 19:57:37 - [MESSAGE][PASSED] - All options with index in [1] are selected on object ''

2018-06-09 19:57:37 - [TEST_STEP][PASSED] - delay: Delayed 2 second(s)

2018-06-09 19:57:39 - [MESSAGE][PASSED] - Delayed 2 second(s)

2018-06-09 19:57:39 - [TEST_STEP][PASSED] - Statement - batch = new com.kms.katalon.core.testobject.TestObject(): null

2018-06-09 19:57:39 - [TEST_STEP][PASSED] - Statement - batch = com.kms.katalon.core.webui.keyword.WebUiBuiltInKeywords.modifyObjectProperty(batch, "xpath", "equals", "//*[@id = "txtbthqty" + row + ""]", true): Modify property of object successfully

2018-06-09 19:57:39 - [MESSAGE][PASSED] - Modify property of object successfully

2018-06-09 19:57:39 - [TEST_STEP][PASSED] - Statement - batchqty = com.kms.katalon.core.webui.keyword.WebUiBuiltInKeywords.getAttribute(batch, "value").trim(): Attribute 'value' of object '' is: '25500'

2018-06-09 19:57:39 - [MESSAGE][PASSED] - Attribute 'value' of object '' is: '25500'

2018-06-09 19:57:39 - [TEST_STEP][PASSED] - Statement - Rqty = 100: null

2018-06-09 19:57:39 - [TEST_STEP][PASSED] - Statement - out.println("BatchQty : " + batchqty): null

2018-06-09 19:57:39 - [TEST_STEP][PASSED] - Statement - out.println("RQty : " + Rqty): null

2018-06-09 19:57:39 - [TEST_STEP][PASSED] - Statement - If (java.lang.Integer.valueOf(batchqty) >= java.lang.Integer.valueOf(Rqty)): null

2018-06-09 19:57:39 - [TEST_STEP][PASSED] - Statement - Break: null

2018-06-09 19:57:39 - [TEST_STEP][PASSED] - click: Object: 'Object Repository/store Request Schedule 1/Page_KDMC - CMS/input_btndispatch' is clicked on

2018-06-09 19:57:39 - [MESSAGE][PASSED] - Object: 'Object Repository/store Request Schedule 1/Page_KDMC - CMS/input_btndispatch' is clicked on

2018-06-09 19:57:39 - [TEST_STEP][PASSED] - waitForElementVisible: Object 'Object Repository/store Request Schedule 1/Page_KDMC - CMS/button_OK' is visible

2018-06-09 19:57:40 - [MESSAGE][PASSED] - Object 'Object Repository/store Request Schedule 1/Page_KDMC - CMS/button_OK' is visible

2018-06-09 19:57:40 - [TEST_STEP][PASSED] - click: Object: 'Object Repository/store Request Schedule 1/Page_KDMC - CMS/button_OK' is clicked on

2018-06-09 19:57:41 - [MESSAGE][PASSED] - Object: 'Object Repository/store Request Schedule 1/Page_KDMC - CMS/button_OK' is clicked on

2018-06-09 19:57:41 - [TEST_STEP][PASSED] - delay: Delayed 3 second(s)

2018-06-09 19:57:44 - [MESSAGE][PASSED] - Delayed 3 second(s)

2018-06-09 19:57:44 - [TEST_STEP][PASSED] - click: Object: 'Object Repository/store Request Schedule 1/Page_KDMC - CMS/a_dropdown-toggle' is clicked on

2018-06-09 19:57:44 - [MESSAGE][PASSED] - Object: 'Object Repository/store Request Schedule 1/Page_KDMC - CMS/a_dropdown-toggle' is clicked on

2018-06-09 19:57:44 - [TEST_STEP][PASSED] - click: Object: 'Object Repository/store Request Schedule 1/Page_KDMC - CMS/a_Sign out' is clicked on

2018-06-09 19:57:44 - [MESSAGE][PASSED] - Object: 'Object Repository/store Request Schedule 1/Page_KDMC - CMS/a_Sign out' is clicked on

2018-06-09 19:57:44 - [TEST_STEP][PASSED] - delay: Delayed 3 second(s)

2018-06-09 19:57:47 - [MESSAGE][PASSED] - Delayed 3 second(s)

2018-06-09 19:57:47 - [TEST_STEP][PASSED] - click: Object: 'Object Repository/Store Request Schedule 1/Page_KDMC/a_Divisional Store' is clicked on

2018-06-09 19:57:48 - [MESSAGE][PASSED] - Object: 'Object Repository/Store Request Schedule 1/Page_KDMC/a_Divisional Store' is clicked on

2018-06-09 19:57:48 - [TEST_STEP][PASSED] - setText: Text 'ragu' is set on object 'Object Repository/Store Request Schedule 1/Page_Divisonal Store Login/input_txtusername'

2018-06-09 19:57:48 - [MESSAGE][PASSED] - Text 'ragu' is set on object 'Object Repository/Store Request Schedule 1/Page_Divisonal Store Login/input_txtusername'

2018-06-09 19:57:48 - [TEST_STEP][PASSED] - setText: Text '123' is set on object 'Object Repository/Store Request Schedule 1/Page_Divisonal Store Login/input_txtpassword'

2018-06-09 19:57:48 - [MESSAGE][PASSED] - Text '123' is set on object 'Object Repository/Store Request Schedule 1/Page_Divisonal Store Login/input_txtpassword'

2018-06-09 19:57:48 - [TEST_STEP][PASSED] - delay: Delayed 3 second(s)

2018-06-09 19:57:51 - [MESSAGE][PASSED] - Delayed 3 second(s)

2018-06-09 19:57:51 - [TEST_STEP][PASSED] - click: Object: 'Object Repository/Store Request Schedule 1/Page_Divisonal Store Login/button_Sign in' is clicked on

2018-06-09 19:57:52 - [MESSAGE][PASSED] - Object: 'Object Repository/Store Request Schedule 1/Page_Divisonal Store Login/button_Sign in' is clicked on

2018-06-09 19:57:52 - [TEST_STEP][PASSED] - delay: Delayed 3 second(s)

2018-06-09 19:57:55 - [MESSAGE][PASSED] - Delayed 3 second(s)

2018-06-09 19:57:55 - [TEST_STEP][PASSED] - click: Object: 'Object Repository/Store Request Schedule 1/Page_Store/a_CMS' is clicked on

2018-06-09 19:57:56 - [MESSAGE][PASSED] - Object: 'Object Repository/Store Request Schedule 1/Page_Store/a_CMS' is clicked on

2018-06-09 19:57:56 - [TEST_STEP][PASSED] - delay: Delayed 2 second(s)

2018-06-09 19:57:58 - [MESSAGE][PASSED] - Delayed 2 second(s)

2018-06-09 19:57:58 - [TEST_STEP][PASSED] - click: Object: 'Object Repository/Store Request Schedule 1/Page_Store/a_Receiving Goods' is clicked on

2018-06-09 19:57:59 - [MESSAGE][PASSED] - Object: 'Object Repository/Store Request Schedule 1/Page_Store/a_Receiving Goods' is clicked on

2018-06-09 19:57:59 - [TEST_STEP][PASSED] - setText: Text 'PRNO/09062018/722' is set on object 'Object Repository/Store Request Schedule 1/Page_Store/input'

2018-06-09 19:57:59 - [MESSAGE][PASSED] - Text 'PRNO/09062018/722' is set on object 'Object Repository/Store Request Schedule 1/Page_Store/input'

2018-06-09 19:57:59 - [TEST_STEP][PASSED] - click: Object: 'Object Repository/Store Request Schedule 1/Page_Store/input_btn btn-primary' is clicked on

2018-06-09 19:57:59 - [MESSAGE][PASSED] - Object: 'Object Repository/Store Request Schedule 1/Page_Store/input_btn btn-primary' is clicked on

2018-06-09 19:57:59 - [TEST_STEP][PASSED] - delay: Delayed 2 second(s)

2018-06-09 19:58:01 - [MESSAGE][PASSED] - Delayed 2 second(s)

2018-06-09 19:58:01 - [TEST_STEP][PASSED] - click: Object: 'Object Repository/Store Request Schedule 1/Page_Store/input_chkrem' is clicked on

2018-06-09 19:58:01 - [MESSAGE][PASSED] - Object: 'Object Repository/Store Request Schedule 1/Page_Store/input_chkrem' is clicked on

2018-06-09 19:58:01 - [TEST_STEP][PASSED] - scrollToElement: Scroll to object 'Object Repository/Store Request Schedule 1/Page_Store/input_btchkroqadd' successfully

2018-06-09 19:58:01 - [MESSAGE][PASSED] - Scroll to object 'Object Repository/Store Request Schedule 1/Page_Store/input_btchkroqadd' successfully

2018-06-09 19:58:01 - [TEST_STEP][PASSED] - click: Object: 'Object Repository/Store Request Schedule 1/Page_Store/input_btchkroqadd' is clicked on

2018-06-09 19:58:01 - [MESSAGE][PASSED] - Object: 'Object Repository/Store Request Schedule 1/Page_Store/input_btchkroqadd' is clicked on

2018-06-09 19:58:01 - [TEST_STEP][PASSED] - delay: Delayed 2 second(s)

2018-06-09 19:58:03 - [MESSAGE][PASSED] - Delayed 2 second(s)

2018-06-09 19:58:03 - [TEST_STEP][PASSED] - refresh: Refresh successfully

2018-06-09 19:58:05 - [MESSAGE][PASSED] - Refresh successfully

2018-06-09 19:58:05 - [TEST_STEP][PASSED] - delay: Delayed 3 second(s)

2018-06-09 19:58:08 - [MESSAGE][PASSED] - Delayed 3 second(s)

2018-06-09 19:58:08 - [TEST_STEP][PASSED] - click: Object: 'Object Repository/Store Request Schedule 1/Page_Store/a_dropdown-toggle' is clicked on

2018-06-09 19:58:08 - [MESSAGE][PASSED] - Object: 'Object Repository/Store Request Schedule 1/Page_Store/a_dropdown-toggle' is clicked on

2018-06-09 19:58:08 - [TEST_STEP][PASSED] - click: Object: 'Object Repository/Store Request Schedule 1/Page_Store/a_Sign out' is clicked on

2018-06-09 19:58:08 - [MESSAGE][PASSED] - Object: 'Object Repository/Store Request Schedule 1/Page_Store/a_Sign out' is clicked on

2018-06-09 19:58:08 - [TEST_STEP][PASSED] - closeBrowser: Browser is closed

2018-06-09 19:58:09 - [MESSAGE][PASSED] - Browser is closed

2018-06-09 19:58:09 - [TEST_STEP][PASSED] - Statement - out.println("Schedule 8 STORE Request Are Working Successfully"): null]]></system-out>
         <system-err><![CDATA[]]></system-err>
      </testcase>
      <testcase name="Test Cases/STORE TO CMS REQUEST TEST CASES/TC_STCMS_009 To Verify Schedule 9 Store To CMS Request Are Working Successfully Or Not" classname="Test Cases/STORE TO CMS REQUEST TEST CASES/TC_STCMS_009 To Verify Schedule 9 Store To CMS Request Are Working Successfully Or Not" status="PASSED">
         <system-out><![CDATA[2018-06-09 19:58:09 - [TEST_CASE][PASSED] - Test Cases/STORE TO CMS REQUEST TEST CASES/TC_STCMS_009 To Verify Schedule 9 Store To CMS Request Are Working Successfully Or Not: Test Cases/STORE TO CMS REQUEST TEST CASES/TC_STCMS_009 To Verify Schedule 9 Store To CMS Request Are Working Successfully Or Not

2018-06-09 19:58:09 - [TEST_STEP][PASSED] - openBrowser: Browser is opened with url: ''

2018-06-09 19:58:11 - [MESSAGE][PASSED] - Browser is opened with url: ''

2018-06-09 19:58:11 - [TEST_STEP][PASSED] - Statement - out.println("Verify Schedule 9 STORE Request Are Working Successfully Or Not"): null

2018-06-09 19:58:11 - [TEST_STEP][PASSED] - navigateToUrl: Navigate to 'http://192.168.137.1/multihospital_new/' successfully

2018-06-09 19:58:12 - [MESSAGE][PASSED] - Navigate to 'http://192.168.137.1/multihospital_new/' successfully

2018-06-09 19:58:12 - [TEST_STEP][PASSED] - maximizeWindow: Current window maximized

2018-06-09 19:58:14 - [MESSAGE][PASSED] - Current window maximized

2018-06-09 19:58:14 - [TEST_STEP][PASSED] - click: Object: 'Object Repository/Store Request Schedule 1/Page_KDMC/a_Divisional Store' is clicked on

2018-06-09 19:58:14 - [MESSAGE][PASSED] - Object: 'Object Repository/Store Request Schedule 1/Page_KDMC/a_Divisional Store' is clicked on

2018-06-09 19:58:14 - [TEST_STEP][PASSED] - setText: Text 'ragu' is set on object 'Object Repository/Store Request Schedule 1/Page_Divisonal Store Login/input_txtusername'

2018-06-09 19:58:14 - [MESSAGE][PASSED] - Text 'ragu' is set on object 'Object Repository/Store Request Schedule 1/Page_Divisonal Store Login/input_txtusername'

2018-06-09 19:58:14 - [TEST_STEP][PASSED] - setText: Text '123' is set on object 'Object Repository/Store Request Schedule 1/Page_Divisonal Store Login/input_txtpassword'

2018-06-09 19:58:15 - [MESSAGE][PASSED] - Text '123' is set on object 'Object Repository/Store Request Schedule 1/Page_Divisonal Store Login/input_txtpassword'

2018-06-09 19:58:15 - [TEST_STEP][PASSED] - delay: Delayed 3 second(s)

2018-06-09 19:58:18 - [MESSAGE][PASSED] - Delayed 3 second(s)

2018-06-09 19:58:18 - [TEST_STEP][PASSED] - click: Object: 'Object Repository/Store Request Schedule 1/Page_Divisonal Store Login/button_Sign in' is clicked on

2018-06-09 19:58:19 - [MESSAGE][PASSED] - Object: 'Object Repository/Store Request Schedule 1/Page_Divisonal Store Login/button_Sign in' is clicked on

2018-06-09 19:58:19 - [TEST_STEP][PASSED] - delay: Delayed 3 second(s)

2018-06-09 19:58:22 - [MESSAGE][PASSED] - Delayed 3 second(s)

2018-06-09 19:58:22 - [TEST_STEP][PASSED] - click: Object: 'Object Repository/Store Request Schedule 1/Page_Store/a_CMS' is clicked on

2018-06-09 19:58:22 - [MESSAGE][PASSED] - Object: 'Object Repository/Store Request Schedule 1/Page_Store/a_CMS' is clicked on

2018-06-09 19:58:22 - [TEST_STEP][PASSED] - delay: Delayed 2 second(s)

2018-06-09 19:58:24 - [MESSAGE][PASSED] - Delayed 2 second(s)

2018-06-09 19:58:24 - [TEST_STEP][PASSED] - click: Object: 'Object Repository/Store Request Schedule 1/Page_Store/a_Request Send' is clicked on

2018-06-09 19:58:25 - [MESSAGE][PASSED] - Object: 'Object Repository/Store Request Schedule 1/Page_Store/a_Request Send' is clicked on

2018-06-09 19:58:25 - [TEST_STEP][PASSED] - selectOptionByIndex: All options with index in [1] are selected on object 'Object Repository/Store Request Schedule 1/Page_Store/select_--Select--'

2018-06-09 19:58:25 - [MESSAGE][PASSED] - All options with index in [1] are selected on object 'Object Repository/Store Request Schedule 1/Page_Store/select_--Select--'

2018-06-09 19:58:25 - [TEST_STEP][PASSED] - selectOptionByIndex: All options with index in [9] are selected on object 'Object Repository/Store Request Schedule 1/Page_Store/select_--Select--Schedule 1Inj'

2018-06-09 19:58:26 - [MESSAGE][PASSED] - All options with index in [9] are selected on object 'Object Repository/Store Request Schedule 1/Page_Store/select_--Select--Schedule 1Inj'

2018-06-09 19:58:26 - [TEST_STEP][PASSED] - Statement - SelectedOptions = com.kms.katalon.core.webui.keyword.WebUiBuiltInKeywords.getNumberOfTotalOption(com.kms.katalon.core.testobject.ObjectRepository.findTestObject(Store Request Schedule 1/Page_Store/select_--Select--Adernaline 0.)): 36 options of object 'Object Repository/Store Request Schedule 1/Page_Store/select_--Select--Adernaline 0.' counted

2018-06-09 19:58:26 - [MESSAGE][PASSED] - 36 options of object 'Object Repository/Store Request Schedule 1/Page_Store/select_--Select--Adernaline 0.' counted

2018-06-09 19:58:26 - [TEST_STEP][PASSED] - Statement - For ([y = 1, y < SelectedOptions, (y++)]): Object: 'Object Repository/Store Request Schedule 1/Page_Store/button_Add' is clicked on

2018-06-09 19:58:26 - [TEST_STEP][PASSED] - selectOptionByIndex: All options with index in [9] are selected on object 'Object Repository/Store Request Schedule 1/Page_Store/select_--Select--Schedule 1Inj'

2018-06-09 19:58:26 - [MESSAGE][PASSED] - All options with index in [9] are selected on object 'Object Repository/Store Request Schedule 1/Page_Store/select_--Select--Schedule 1Inj'

2018-06-09 19:58:26 - [TEST_STEP][PASSED] - delay: Delayed 1 second(s)

2018-06-09 19:58:27 - [MESSAGE][PASSED] - Delayed 1 second(s)

2018-06-09 19:58:27 - [TEST_STEP][PASSED] - selectOptionByIndex: All options with index in [1] are selected on object 'Object Repository/Store Request Schedule 1/Page_Store/select_--Select--Adernaline 0.'

2018-06-09 19:58:27 - [MESSAGE][PASSED] - All options with index in [1] are selected on object 'Object Repository/Store Request Schedule 1/Page_Store/select_--Select--Adernaline 0.'

2018-06-09 19:58:27 - [TEST_STEP][PASSED] - setText: Text '100' is set on object 'Object Repository/Store Request Schedule 1/Page_Store/input_txttreat'

2018-06-09 19:58:27 - [MESSAGE][PASSED] - Text '100' is set on object 'Object Repository/Store Request Schedule 1/Page_Store/input_txttreat'

2018-06-09 19:58:27 - [TEST_STEP][PASSED] - click: Object: 'Object Repository/Store Request Schedule 1/Page_Store/button_Add' is clicked on

2018-06-09 19:58:27 - [MESSAGE][PASSED] - Object: 'Object Repository/Store Request Schedule 1/Page_Store/button_Add' is clicked on

2018-06-09 19:58:27 - [TEST_STEP][PASSED] - selectOptionByIndex: All options with index in [9] are selected on object 'Object Repository/Store Request Schedule 1/Page_Store/select_--Select--Schedule 1Inj'

2018-06-09 19:58:28 - [MESSAGE][PASSED] - All options with index in [9] are selected on object 'Object Repository/Store Request Schedule 1/Page_Store/select_--Select--Schedule 1Inj'

2018-06-09 19:58:28 - [TEST_STEP][PASSED] - delay: Delayed 1 second(s)

2018-06-09 19:58:29 - [MESSAGE][PASSED] - Delayed 1 second(s)

2018-06-09 19:58:29 - [TEST_STEP][PASSED] - selectOptionByIndex: All options with index in [2] are selected on object 'Object Repository/Store Request Schedule 1/Page_Store/select_--Select--Adernaline 0.'

2018-06-09 19:58:29 - [MESSAGE][PASSED] - All options with index in [2] are selected on object 'Object Repository/Store Request Schedule 1/Page_Store/select_--Select--Adernaline 0.'

2018-06-09 19:58:29 - [TEST_STEP][PASSED] - setText: Text '100' is set on object 'Object Repository/Store Request Schedule 1/Page_Store/input_txttreat'

2018-06-09 19:58:29 - [MESSAGE][PASSED] - Text '100' is set on object 'Object Repository/Store Request Schedule 1/Page_Store/input_txttreat'

2018-06-09 19:58:29 - [TEST_STEP][PASSED] - click: Object: 'Object Repository/Store Request Schedule 1/Page_Store/button_Add' is clicked on

2018-06-09 19:58:29 - [MESSAGE][PASSED] - Object: 'Object Repository/Store Request Schedule 1/Page_Store/button_Add' is clicked on

2018-06-09 19:58:29 - [TEST_STEP][PASSED] - selectOptionByIndex: All options with index in [9] are selected on object 'Object Repository/Store Request Schedule 1/Page_Store/select_--Select--Schedule 1Inj'

2018-06-09 19:58:29 - [MESSAGE][PASSED] - All options with index in [9] are selected on object 'Object Repository/Store Request Schedule 1/Page_Store/select_--Select--Schedule 1Inj'

2018-06-09 19:58:29 - [TEST_STEP][PASSED] - delay: Delayed 1 second(s)

2018-06-09 19:58:30 - [MESSAGE][PASSED] - Delayed 1 second(s)

2018-06-09 19:58:30 - [TEST_STEP][PASSED] - selectOptionByIndex: All options with index in [3] are selected on object 'Object Repository/Store Request Schedule 1/Page_Store/select_--Select--Adernaline 0.'

2018-06-09 19:58:30 - [MESSAGE][PASSED] - All options with index in [3] are selected on object 'Object Repository/Store Request Schedule 1/Page_Store/select_--Select--Adernaline 0.'

2018-06-09 19:58:30 - [TEST_STEP][PASSED] - setText: Text '100' is set on object 'Object Repository/Store Request Schedule 1/Page_Store/input_txttreat'

2018-06-09 19:58:30 - [MESSAGE][PASSED] - Text '100' is set on object 'Object Repository/Store Request Schedule 1/Page_Store/input_txttreat'

2018-06-09 19:58:30 - [TEST_STEP][PASSED] - click: Object: 'Object Repository/Store Request Schedule 1/Page_Store/button_Add' is clicked on

2018-06-09 19:58:30 - [MESSAGE][PASSED] - Object: 'Object Repository/Store Request Schedule 1/Page_Store/button_Add' is clicked on

2018-06-09 19:58:30 - [TEST_STEP][PASSED] - selectOptionByIndex: All options with index in [9] are selected on object 'Object Repository/Store Request Schedule 1/Page_Store/select_--Select--Schedule 1Inj'

2018-06-09 19:58:30 - [MESSAGE][PASSED] - All options with index in [9] are selected on object 'Object Repository/Store Request Schedule 1/Page_Store/select_--Select--Schedule 1Inj'

2018-06-09 19:58:30 - [TEST_STEP][PASSED] - delay: Delayed 1 second(s)

2018-06-09 19:58:31 - [MESSAGE][PASSED] - Delayed 1 second(s)

2018-06-09 19:58:31 - [TEST_STEP][PASSED] - selectOptionByIndex: All options with index in [4] are selected on object 'Object Repository/Store Request Schedule 1/Page_Store/select_--Select--Adernaline 0.'

2018-06-09 19:58:32 - [MESSAGE][PASSED] - All options with index in [4] are selected on object 'Object Repository/Store Request Schedule 1/Page_Store/select_--Select--Adernaline 0.'

2018-06-09 19:58:32 - [TEST_STEP][PASSED] - setText: Text '100' is set on object 'Object Repository/Store Request Schedule 1/Page_Store/input_txttreat'

2018-06-09 19:58:32 - [MESSAGE][PASSED] - Text '100' is set on object 'Object Repository/Store Request Schedule 1/Page_Store/input_txttreat'

2018-06-09 19:58:32 - [TEST_STEP][PASSED] - click: Object: 'Object Repository/Store Request Schedule 1/Page_Store/button_Add' is clicked on

2018-06-09 19:58:32 - [MESSAGE][PASSED] - Object: 'Object Repository/Store Request Schedule 1/Page_Store/button_Add' is clicked on

2018-06-09 19:58:32 - [TEST_STEP][PASSED] - selectOptionByIndex: All options with index in [9] are selected on object 'Object Repository/Store Request Schedule 1/Page_Store/select_--Select--Schedule 1Inj'

2018-06-09 19:58:32 - [MESSAGE][PASSED] - All options with index in [9] are selected on object 'Object Repository/Store Request Schedule 1/Page_Store/select_--Select--Schedule 1Inj'

2018-06-09 19:58:32 - [TEST_STEP][PASSED] - delay: Delayed 1 second(s)

2018-06-09 19:58:33 - [MESSAGE][PASSED] - Delayed 1 second(s)

2018-06-09 19:58:33 - [TEST_STEP][PASSED] - selectOptionByIndex: All options with index in [5] are selected on object 'Object Repository/Store Request Schedule 1/Page_Store/select_--Select--Adernaline 0.'

2018-06-09 19:58:33 - [MESSAGE][PASSED] - All options with index in [5] are selected on object 'Object Repository/Store Request Schedule 1/Page_Store/select_--Select--Adernaline 0.'

2018-06-09 19:58:33 - [TEST_STEP][PASSED] - setText: Text '100' is set on object 'Object Repository/Store Request Schedule 1/Page_Store/input_txttreat'

2018-06-09 19:58:33 - [MESSAGE][PASSED] - Text '100' is set on object 'Object Repository/Store Request Schedule 1/Page_Store/input_txttreat'

2018-06-09 19:58:33 - [TEST_STEP][PASSED] - click: Object: 'Object Repository/Store Request Schedule 1/Page_Store/button_Add' is clicked on

2018-06-09 19:58:33 - [MESSAGE][PASSED] - Object: 'Object Repository/Store Request Schedule 1/Page_Store/button_Add' is clicked on

2018-06-09 19:58:33 - [TEST_STEP][PASSED] - selectOptionByIndex: All options with index in [9] are selected on object 'Object Repository/Store Request Schedule 1/Page_Store/select_--Select--Schedule 1Inj'

2018-06-09 19:58:33 - [MESSAGE][PASSED] - All options with index in [9] are selected on object 'Object Repository/Store Request Schedule 1/Page_Store/select_--Select--Schedule 1Inj'

2018-06-09 19:58:33 - [TEST_STEP][PASSED] - delay: Delayed 1 second(s)

2018-06-09 19:58:34 - [MESSAGE][PASSED] - Delayed 1 second(s)

2018-06-09 19:58:34 - [TEST_STEP][PASSED] - selectOptionByIndex: All options with index in [6] are selected on object 'Object Repository/Store Request Schedule 1/Page_Store/select_--Select--Adernaline 0.'

2018-06-09 19:58:35 - [MESSAGE][PASSED] - All options with index in [6] are selected on object 'Object Repository/Store Request Schedule 1/Page_Store/select_--Select--Adernaline 0.'

2018-06-09 19:58:35 - [TEST_STEP][PASSED] - setText: Text '100' is set on object 'Object Repository/Store Request Schedule 1/Page_Store/input_txttreat'

2018-06-09 19:58:35 - [MESSAGE][PASSED] - Text '100' is set on object 'Object Repository/Store Request Schedule 1/Page_Store/input_txttreat'

2018-06-09 19:58:35 - [TEST_STEP][PASSED] - click: Object: 'Object Repository/Store Request Schedule 1/Page_Store/button_Add' is clicked on

2018-06-09 19:58:35 - [MESSAGE][PASSED] - Object: 'Object Repository/Store Request Schedule 1/Page_Store/button_Add' is clicked on

2018-06-09 19:58:35 - [TEST_STEP][PASSED] - selectOptionByIndex: All options with index in [9] are selected on object 'Object Repository/Store Request Schedule 1/Page_Store/select_--Select--Schedule 1Inj'

2018-06-09 19:58:35 - [MESSAGE][PASSED] - All options with index in [9] are selected on object 'Object Repository/Store Request Schedule 1/Page_Store/select_--Select--Schedule 1Inj'

2018-06-09 19:58:35 - [TEST_STEP][PASSED] - delay: Delayed 1 second(s)

2018-06-09 19:58:36 - [MESSAGE][PASSED] - Delayed 1 second(s)

2018-06-09 19:58:36 - [TEST_STEP][PASSED] - selectOptionByIndex: All options with index in [7] are selected on object 'Object Repository/Store Request Schedule 1/Page_Store/select_--Select--Adernaline 0.'

2018-06-09 19:58:36 - [MESSAGE][PASSED] - All options with index in [7] are selected on object 'Object Repository/Store Request Schedule 1/Page_Store/select_--Select--Adernaline 0.'

2018-06-09 19:58:36 - [TEST_STEP][PASSED] - setText: Text '100' is set on object 'Object Repository/Store Request Schedule 1/Page_Store/input_txttreat'

2018-06-09 19:58:36 - [MESSAGE][PASSED] - Text '100' is set on object 'Object Repository/Store Request Schedule 1/Page_Store/input_txttreat'

2018-06-09 19:58:36 - [TEST_STEP][PASSED] - click: Object: 'Object Repository/Store Request Schedule 1/Page_Store/button_Add' is clicked on

2018-06-09 19:58:36 - [MESSAGE][PASSED] - Object: 'Object Repository/Store Request Schedule 1/Page_Store/button_Add' is clicked on

2018-06-09 19:58:36 - [TEST_STEP][PASSED] - selectOptionByIndex: All options with index in [9] are selected on object 'Object Repository/Store Request Schedule 1/Page_Store/select_--Select--Schedule 1Inj'

2018-06-09 19:58:36 - [MESSAGE][PASSED] - All options with index in [9] are selected on object 'Object Repository/Store Request Schedule 1/Page_Store/select_--Select--Schedule 1Inj'

2018-06-09 19:58:36 - [TEST_STEP][PASSED] - delay: Delayed 1 second(s)

2018-06-09 19:58:37 - [MESSAGE][PASSED] - Delayed 1 second(s)

2018-06-09 19:58:37 - [TEST_STEP][PASSED] - selectOptionByIndex: All options with index in [8] are selected on object 'Object Repository/Store Request Schedule 1/Page_Store/select_--Select--Adernaline 0.'

2018-06-09 19:58:38 - [MESSAGE][PASSED] - All options with index in [8] are selected on object 'Object Repository/Store Request Schedule 1/Page_Store/select_--Select--Adernaline 0.'

2018-06-09 19:58:38 - [TEST_STEP][PASSED] - setText: Text '100' is set on object 'Object Repository/Store Request Schedule 1/Page_Store/input_txttreat'

2018-06-09 19:58:38 - [MESSAGE][PASSED] - Text '100' is set on object 'Object Repository/Store Request Schedule 1/Page_Store/input_txttreat'

2018-06-09 19:58:38 - [TEST_STEP][PASSED] - click: Object: 'Object Repository/Store Request Schedule 1/Page_Store/button_Add' is clicked on

2018-06-09 19:58:38 - [MESSAGE][PASSED] - Object: 'Object Repository/Store Request Schedule 1/Page_Store/button_Add' is clicked on

2018-06-09 19:58:38 - [TEST_STEP][PASSED] - selectOptionByIndex: All options with index in [9] are selected on object 'Object Repository/Store Request Schedule 1/Page_Store/select_--Select--Schedule 1Inj'

2018-06-09 19:58:38 - [MESSAGE][PASSED] - All options with index in [9] are selected on object 'Object Repository/Store Request Schedule 1/Page_Store/select_--Select--Schedule 1Inj'

2018-06-09 19:58:38 - [TEST_STEP][PASSED] - delay: Delayed 1 second(s)

2018-06-09 19:58:39 - [MESSAGE][PASSED] - Delayed 1 second(s)

2018-06-09 19:58:39 - [TEST_STEP][PASSED] - selectOptionByIndex: All options with index in [9] are selected on object 'Object Repository/Store Request Schedule 1/Page_Store/select_--Select--Adernaline 0.'

2018-06-09 19:58:39 - [MESSAGE][PASSED] - All options with index in [9] are selected on object 'Object Repository/Store Request Schedule 1/Page_Store/select_--Select--Adernaline 0.'

2018-06-09 19:58:39 - [TEST_STEP][PASSED] - setText: Text '100' is set on object 'Object Repository/Store Request Schedule 1/Page_Store/input_txttreat'

2018-06-09 19:58:39 - [MESSAGE][PASSED] - Text '100' is set on object 'Object Repository/Store Request Schedule 1/Page_Store/input_txttreat'

2018-06-09 19:58:39 - [TEST_STEP][PASSED] - click: Object: 'Object Repository/Store Request Schedule 1/Page_Store/button_Add' is clicked on

2018-06-09 19:58:39 - [MESSAGE][PASSED] - Object: 'Object Repository/Store Request Schedule 1/Page_Store/button_Add' is clicked on

2018-06-09 19:58:39 - [TEST_STEP][PASSED] - selectOptionByIndex: All options with index in [9] are selected on object 'Object Repository/Store Request Schedule 1/Page_Store/select_--Select--Schedule 1Inj'

2018-06-09 19:58:40 - [MESSAGE][PASSED] - All options with index in [9] are selected on object 'Object Repository/Store Request Schedule 1/Page_Store/select_--Select--Schedule 1Inj'

2018-06-09 19:58:40 - [TEST_STEP][PASSED] - delay: Delayed 1 second(s)

2018-06-09 19:58:41 - [MESSAGE][PASSED] - Delayed 1 second(s)

2018-06-09 19:58:41 - [TEST_STEP][PASSED] - selectOptionByIndex: All options with index in [10] are selected on object 'Object Repository/Store Request Schedule 1/Page_Store/select_--Select--Adernaline 0.'

2018-06-09 19:58:41 - [MESSAGE][PASSED] - All options with index in [10] are selected on object 'Object Repository/Store Request Schedule 1/Page_Store/select_--Select--Adernaline 0.'

2018-06-09 19:58:41 - [TEST_STEP][PASSED] - setText: Text '100' is set on object 'Object Repository/Store Request Schedule 1/Page_Store/input_txttreat'

2018-06-09 19:58:41 - [MESSAGE][PASSED] - Text '100' is set on object 'Object Repository/Store Request Schedule 1/Page_Store/input_txttreat'

2018-06-09 19:58:41 - [TEST_STEP][PASSED] - click: Object: 'Object Repository/Store Request Schedule 1/Page_Store/button_Add' is clicked on

2018-06-09 19:58:41 - [MESSAGE][PASSED] - Object: 'Object Repository/Store Request Schedule 1/Page_Store/button_Add' is clicked on

2018-06-09 19:58:41 - [TEST_STEP][PASSED] - selectOptionByIndex: All options with index in [9] are selected on object 'Object Repository/Store Request Schedule 1/Page_Store/select_--Select--Schedule 1Inj'

2018-06-09 19:58:41 - [MESSAGE][PASSED] - All options with index in [9] are selected on object 'Object Repository/Store Request Schedule 1/Page_Store/select_--Select--Schedule 1Inj'

2018-06-09 19:58:41 - [TEST_STEP][PASSED] - delay: Delayed 1 second(s)

2018-06-09 19:58:42 - [MESSAGE][PASSED] - Delayed 1 second(s)

2018-06-09 19:58:42 - [TEST_STEP][PASSED] - selectOptionByIndex: All options with index in [11] are selected on object 'Object Repository/Store Request Schedule 1/Page_Store/select_--Select--Adernaline 0.'

2018-06-09 19:58:42 - [MESSAGE][PASSED] - All options with index in [11] are selected on object 'Object Repository/Store Request Schedule 1/Page_Store/select_--Select--Adernaline 0.'

2018-06-09 19:58:42 - [TEST_STEP][PASSED] - setText: Text '100' is set on object 'Object Repository/Store Request Schedule 1/Page_Store/input_txttreat'

2018-06-09 19:58:42 - [MESSAGE][PASSED] - Text '100' is set on object 'Object Repository/Store Request Schedule 1/Page_Store/input_txttreat'

2018-06-09 19:58:42 - [TEST_STEP][PASSED] - click: Object: 'Object Repository/Store Request Schedule 1/Page_Store/button_Add' is clicked on

2018-06-09 19:58:43 - [MESSAGE][PASSED] - Object: 'Object Repository/Store Request Schedule 1/Page_Store/button_Add' is clicked on

2018-06-09 19:58:43 - [TEST_STEP][PASSED] - selectOptionByIndex: All options with index in [9] are selected on object 'Object Repository/Store Request Schedule 1/Page_Store/select_--Select--Schedule 1Inj'

2018-06-09 19:58:43 - [MESSAGE][PASSED] - All options with index in [9] are selected on object 'Object Repository/Store Request Schedule 1/Page_Store/select_--Select--Schedule 1Inj'

2018-06-09 19:58:43 - [TEST_STEP][PASSED] - delay: Delayed 1 second(s)

2018-06-09 19:58:44 - [MESSAGE][PASSED] - Delayed 1 second(s)

2018-06-09 19:58:44 - [TEST_STEP][PASSED] - selectOptionByIndex: All options with index in [12] are selected on object 'Object Repository/Store Request Schedule 1/Page_Store/select_--Select--Adernaline 0.'

2018-06-09 19:58:44 - [MESSAGE][PASSED] - All options with index in [12] are selected on object 'Object Repository/Store Request Schedule 1/Page_Store/select_--Select--Adernaline 0.'

2018-06-09 19:58:44 - [TEST_STEP][PASSED] - setText: Text '100' is set on object 'Object Repository/Store Request Schedule 1/Page_Store/input_txttreat'

2018-06-09 19:58:44 - [MESSAGE][PASSED] - Text '100' is set on object 'Object Repository/Store Request Schedule 1/Page_Store/input_txttreat'

2018-06-09 19:58:44 - [TEST_STEP][PASSED] - click: Object: 'Object Repository/Store Request Schedule 1/Page_Store/button_Add' is clicked on

2018-06-09 19:58:44 - [MESSAGE][PASSED] - Object: 'Object Repository/Store Request Schedule 1/Page_Store/button_Add' is clicked on

2018-06-09 19:58:44 - [TEST_STEP][PASSED] - selectOptionByIndex: All options with index in [9] are selected on object 'Object Repository/Store Request Schedule 1/Page_Store/select_--Select--Schedule 1Inj'

2018-06-09 19:58:44 - [MESSAGE][PASSED] - All options with index in [9] are selected on object 'Object Repository/Store Request Schedule 1/Page_Store/select_--Select--Schedule 1Inj'

2018-06-09 19:58:44 - [TEST_STEP][PASSED] - delay: Delayed 1 second(s)

2018-06-09 19:58:45 - [MESSAGE][PASSED] - Delayed 1 second(s)

2018-06-09 19:58:45 - [TEST_STEP][PASSED] - selectOptionByIndex: All options with index in [13] are selected on object 'Object Repository/Store Request Schedule 1/Page_Store/select_--Select--Adernaline 0.'

2018-06-09 19:58:46 - [MESSAGE][PASSED] - All options with index in [13] are selected on object 'Object Repository/Store Request Schedule 1/Page_Store/select_--Select--Adernaline 0.'

2018-06-09 19:58:46 - [TEST_STEP][PASSED] - setText: Text '100' is set on object 'Object Repository/Store Request Schedule 1/Page_Store/input_txttreat'

2018-06-09 19:58:46 - [MESSAGE][PASSED] - Text '100' is set on object 'Object Repository/Store Request Schedule 1/Page_Store/input_txttreat'

2018-06-09 19:58:46 - [TEST_STEP][PASSED] - click: Object: 'Object Repository/Store Request Schedule 1/Page_Store/button_Add' is clicked on

2018-06-09 19:58:46 - [MESSAGE][PASSED] - Object: 'Object Repository/Store Request Schedule 1/Page_Store/button_Add' is clicked on

2018-06-09 19:58:46 - [TEST_STEP][PASSED] - selectOptionByIndex: All options with index in [9] are selected on object 'Object Repository/Store Request Schedule 1/Page_Store/select_--Select--Schedule 1Inj'

2018-06-09 19:58:46 - [MESSAGE][PASSED] - All options with index in [9] are selected on object 'Object Repository/Store Request Schedule 1/Page_Store/select_--Select--Schedule 1Inj'

2018-06-09 19:58:46 - [TEST_STEP][PASSED] - delay: Delayed 1 second(s)

2018-06-09 19:58:47 - [MESSAGE][PASSED] - Delayed 1 second(s)

2018-06-09 19:58:47 - [TEST_STEP][PASSED] - selectOptionByIndex: All options with index in [14] are selected on object 'Object Repository/Store Request Schedule 1/Page_Store/select_--Select--Adernaline 0.'

2018-06-09 19:58:47 - [MESSAGE][PASSED] - All options with index in [14] are selected on object 'Object Repository/Store Request Schedule 1/Page_Store/select_--Select--Adernaline 0.'

2018-06-09 19:58:47 - [TEST_STEP][PASSED] - setText: Text '100' is set on object 'Object Repository/Store Request Schedule 1/Page_Store/input_txttreat'

2018-06-09 19:58:47 - [MESSAGE][PASSED] - Text '100' is set on object 'Object Repository/Store Request Schedule 1/Page_Store/input_txttreat'

2018-06-09 19:58:47 - [TEST_STEP][PASSED] - click: Object: 'Object Repository/Store Request Schedule 1/Page_Store/button_Add' is clicked on

2018-06-09 19:58:47 - [MESSAGE][PASSED] - Object: 'Object Repository/Store Request Schedule 1/Page_Store/button_Add' is clicked on

2018-06-09 19:58:47 - [TEST_STEP][PASSED] - selectOptionByIndex: All options with index in [9] are selected on object 'Object Repository/Store Request Schedule 1/Page_Store/select_--Select--Schedule 1Inj'

2018-06-09 19:58:47 - [MESSAGE][PASSED] - All options with index in [9] are selected on object 'Object Repository/Store Request Schedule 1/Page_Store/select_--Select--Schedule 1Inj'

2018-06-09 19:58:47 - [TEST_STEP][PASSED] - delay: Delayed 1 second(s)

2018-06-09 19:58:48 - [MESSAGE][PASSED] - Delayed 1 second(s)

2018-06-09 19:58:48 - [TEST_STEP][PASSED] - selectOptionByIndex: All options with index in [15] are selected on object 'Object Repository/Store Request Schedule 1/Page_Store/select_--Select--Adernaline 0.'

2018-06-09 19:58:49 - [MESSAGE][PASSED] - All options with index in [15] are selected on object 'Object Repository/Store Request Schedule 1/Page_Store/select_--Select--Adernaline 0.'

2018-06-09 19:58:49 - [TEST_STEP][PASSED] - setText: Text '100' is set on object 'Object Repository/Store Request Schedule 1/Page_Store/input_txttreat'

2018-06-09 19:58:49 - [MESSAGE][PASSED] - Text '100' is set on object 'Object Repository/Store Request Schedule 1/Page_Store/input_txttreat'

2018-06-09 19:58:49 - [TEST_STEP][PASSED] - click: Object: 'Object Repository/Store Request Schedule 1/Page_Store/button_Add' is clicked on

2018-06-09 19:58:49 - [MESSAGE][PASSED] - Object: 'Object Repository/Store Request Schedule 1/Page_Store/button_Add' is clicked on

2018-06-09 19:58:49 - [TEST_STEP][PASSED] - selectOptionByIndex: All options with index in [9] are selected on object 'Object Repository/Store Request Schedule 1/Page_Store/select_--Select--Schedule 1Inj'

2018-06-09 19:58:49 - [MESSAGE][PASSED] - All options with index in [9] are selected on object 'Object Repository/Store Request Schedule 1/Page_Store/select_--Select--Schedule 1Inj'

2018-06-09 19:58:49 - [TEST_STEP][PASSED] - delay: Delayed 1 second(s)

2018-06-09 19:58:50 - [MESSAGE][PASSED] - Delayed 1 second(s)

2018-06-09 19:58:50 - [TEST_STEP][PASSED] - selectOptionByIndex: All options with index in [16] are selected on object 'Object Repository/Store Request Schedule 1/Page_Store/select_--Select--Adernaline 0.'

2018-06-09 19:58:50 - [MESSAGE][PASSED] - All options with index in [16] are selected on object 'Object Repository/Store Request Schedule 1/Page_Store/select_--Select--Adernaline 0.'

2018-06-09 19:58:50 - [TEST_STEP][PASSED] - setText: Text '100' is set on object 'Object Repository/Store Request Schedule 1/Page_Store/input_txttreat'

2018-06-09 19:58:50 - [MESSAGE][PASSED] - Text '100' is set on object 'Object Repository/Store Request Schedule 1/Page_Store/input_txttreat'

2018-06-09 19:58:50 - [TEST_STEP][PASSED] - click: Object: 'Object Repository/Store Request Schedule 1/Page_Store/button_Add' is clicked on

2018-06-09 19:58:50 - [MESSAGE][PASSED] - Object: 'Object Repository/Store Request Schedule 1/Page_Store/button_Add' is clicked on

2018-06-09 19:58:50 - [TEST_STEP][PASSED] - selectOptionByIndex: All options with index in [9] are selected on object 'Object Repository/Store Request Schedule 1/Page_Store/select_--Select--Schedule 1Inj'

2018-06-09 19:58:51 - [MESSAGE][PASSED] - All options with index in [9] are selected on object 'Object Repository/Store Request Schedule 1/Page_Store/select_--Select--Schedule 1Inj'

2018-06-09 19:58:51 - [TEST_STEP][PASSED] - delay: Delayed 1 second(s)

2018-06-09 19:58:52 - [MESSAGE][PASSED] - Delayed 1 second(s)

2018-06-09 19:58:52 - [TEST_STEP][PASSED] - selectOptionByIndex: All options with index in [17] are selected on object 'Object Repository/Store Request Schedule 1/Page_Store/select_--Select--Adernaline 0.'

2018-06-09 19:58:52 - [MESSAGE][PASSED] - All options with index in [17] are selected on object 'Object Repository/Store Request Schedule 1/Page_Store/select_--Select--Adernaline 0.'

2018-06-09 19:58:52 - [TEST_STEP][PASSED] - setText: Text '100' is set on object 'Object Repository/Store Request Schedule 1/Page_Store/input_txttreat'

2018-06-09 19:58:52 - [MESSAGE][PASSED] - Text '100' is set on object 'Object Repository/Store Request Schedule 1/Page_Store/input_txttreat'

2018-06-09 19:58:52 - [TEST_STEP][PASSED] - click: Object: 'Object Repository/Store Request Schedule 1/Page_Store/button_Add' is clicked on

2018-06-09 19:58:52 - [MESSAGE][PASSED] - Object: 'Object Repository/Store Request Schedule 1/Page_Store/button_Add' is clicked on

2018-06-09 19:58:52 - [TEST_STEP][PASSED] - selectOptionByIndex: All options with index in [9] are selected on object 'Object Repository/Store Request Schedule 1/Page_Store/select_--Select--Schedule 1Inj'

2018-06-09 19:58:52 - [MESSAGE][PASSED] - All options with index in [9] are selected on object 'Object Repository/Store Request Schedule 1/Page_Store/select_--Select--Schedule 1Inj'

2018-06-09 19:58:52 - [TEST_STEP][PASSED] - delay: Delayed 1 second(s)

2018-06-09 19:58:53 - [MESSAGE][PASSED] - Delayed 1 second(s)

2018-06-09 19:58:53 - [TEST_STEP][PASSED] - selectOptionByIndex: All options with index in [18] are selected on object 'Object Repository/Store Request Schedule 1/Page_Store/select_--Select--Adernaline 0.'

2018-06-09 19:58:54 - [MESSAGE][PASSED] - All options with index in [18] are selected on object 'Object Repository/Store Request Schedule 1/Page_Store/select_--Select--Adernaline 0.'

2018-06-09 19:58:54 - [TEST_STEP][PASSED] - setText: Text '100' is set on object 'Object Repository/Store Request Schedule 1/Page_Store/input_txttreat'

2018-06-09 19:58:54 - [MESSAGE][PASSED] - Text '100' is set on object 'Object Repository/Store Request Schedule 1/Page_Store/input_txttreat'

2018-06-09 19:58:54 - [TEST_STEP][PASSED] - click: Object: 'Object Repository/Store Request Schedule 1/Page_Store/button_Add' is clicked on

2018-06-09 19:58:54 - [MESSAGE][PASSED] - Object: 'Object Repository/Store Request Schedule 1/Page_Store/button_Add' is clicked on

2018-06-09 19:58:54 - [TEST_STEP][PASSED] - selectOptionByIndex: All options with index in [9] are selected on object 'Object Repository/Store Request Schedule 1/Page_Store/select_--Select--Schedule 1Inj'

2018-06-09 19:58:54 - [MESSAGE][PASSED] - All options with index in [9] are selected on object 'Object Repository/Store Request Schedule 1/Page_Store/select_--Select--Schedule 1Inj'

2018-06-09 19:58:54 - [TEST_STEP][PASSED] - delay: Delayed 1 second(s)

2018-06-09 19:58:55 - [MESSAGE][PASSED] - Delayed 1 second(s)

2018-06-09 19:58:55 - [TEST_STEP][PASSED] - selectOptionByIndex: All options with index in [19] are selected on object 'Object Repository/Store Request Schedule 1/Page_Store/select_--Select--Adernaline 0.'

2018-06-09 19:58:55 - [MESSAGE][PASSED] - All options with index in [19] are selected on object 'Object Repository/Store Request Schedule 1/Page_Store/select_--Select--Adernaline 0.'

2018-06-09 19:58:55 - [TEST_STEP][PASSED] - setText: Text '100' is set on object 'Object Repository/Store Request Schedule 1/Page_Store/input_txttreat'

2018-06-09 19:58:55 - [MESSAGE][PASSED] - Text '100' is set on object 'Object Repository/Store Request Schedule 1/Page_Store/input_txttreat'

2018-06-09 19:58:55 - [TEST_STEP][PASSED] - click: Object: 'Object Repository/Store Request Schedule 1/Page_Store/button_Add' is clicked on

2018-06-09 19:58:55 - [MESSAGE][PASSED] - Object: 'Object Repository/Store Request Schedule 1/Page_Store/button_Add' is clicked on

2018-06-09 19:58:55 - [TEST_STEP][PASSED] - selectOptionByIndex: All options with index in [9] are selected on object 'Object Repository/Store Request Schedule 1/Page_Store/select_--Select--Schedule 1Inj'

2018-06-09 19:58:56 - [MESSAGE][PASSED] - All options with index in [9] are selected on object 'Object Repository/Store Request Schedule 1/Page_Store/select_--Select--Schedule 1Inj'

2018-06-09 19:58:56 - [TEST_STEP][PASSED] - delay: Delayed 1 second(s)

2018-06-09 19:58:57 - [MESSAGE][PASSED] - Delayed 1 second(s)

2018-06-09 19:58:57 - [TEST_STEP][PASSED] - selectOptionByIndex: All options with index in [20] are selected on object 'Object Repository/Store Request Schedule 1/Page_Store/select_--Select--Adernaline 0.'

2018-06-09 19:58:57 - [MESSAGE][PASSED] - All options with index in [20] are selected on object 'Object Repository/Store Request Schedule 1/Page_Store/select_--Select--Adernaline 0.'

2018-06-09 19:58:57 - [TEST_STEP][PASSED] - setText: Text '100' is set on object 'Object Repository/Store Request Schedule 1/Page_Store/input_txttreat'

2018-06-09 19:58:57 - [MESSAGE][PASSED] - Text '100' is set on object 'Object Repository/Store Request Schedule 1/Page_Store/input_txttreat'

2018-06-09 19:58:57 - [TEST_STEP][PASSED] - click: Object: 'Object Repository/Store Request Schedule 1/Page_Store/button_Add' is clicked on

2018-06-09 19:58:57 - [MESSAGE][PASSED] - Object: 'Object Repository/Store Request Schedule 1/Page_Store/button_Add' is clicked on

2018-06-09 19:58:57 - [TEST_STEP][PASSED] - selectOptionByIndex: All options with index in [9] are selected on object 'Object Repository/Store Request Schedule 1/Page_Store/select_--Select--Schedule 1Inj'

2018-06-09 19:58:57 - [MESSAGE][PASSED] - All options with index in [9] are selected on object 'Object Repository/Store Request Schedule 1/Page_Store/select_--Select--Schedule 1Inj'

2018-06-09 19:58:57 - [TEST_STEP][PASSED] - delay: Delayed 1 second(s)

2018-06-09 19:58:58 - [MESSAGE][PASSED] - Delayed 1 second(s)

2018-06-09 19:58:58 - [TEST_STEP][PASSED] - selectOptionByIndex: All options with index in [21] are selected on object 'Object Repository/Store Request Schedule 1/Page_Store/select_--Select--Adernaline 0.'

2018-06-09 19:58:59 - [MESSAGE][PASSED] - All options with index in [21] are selected on object 'Object Repository/Store Request Schedule 1/Page_Store/select_--Select--Adernaline 0.'

2018-06-09 19:58:59 - [TEST_STEP][PASSED] - setText: Text '100' is set on object 'Object Repository/Store Request Schedule 1/Page_Store/input_txttreat'

2018-06-09 19:58:59 - [MESSAGE][PASSED] - Text '100' is set on object 'Object Repository/Store Request Schedule 1/Page_Store/input_txttreat'

2018-06-09 19:58:59 - [TEST_STEP][PASSED] - click: Object: 'Object Repository/Store Request Schedule 1/Page_Store/button_Add' is clicked on

2018-06-09 19:58:59 - [MESSAGE][PASSED] - Object: 'Object Repository/Store Request Schedule 1/Page_Store/button_Add' is clicked on

2018-06-09 19:58:59 - [TEST_STEP][PASSED] - selectOptionByIndex: All options with index in [9] are selected on object 'Object Repository/Store Request Schedule 1/Page_Store/select_--Select--Schedule 1Inj'

2018-06-09 19:58:59 - [MESSAGE][PASSED] - All options with index in [9] are selected on object 'Object Repository/Store Request Schedule 1/Page_Store/select_--Select--Schedule 1Inj'

2018-06-09 19:58:59 - [TEST_STEP][PASSED] - delay: Delayed 1 second(s)

2018-06-09 19:59:00 - [MESSAGE][PASSED] - Delayed 1 second(s)

2018-06-09 19:59:00 - [TEST_STEP][PASSED] - selectOptionByIndex: All options with index in [22] are selected on object 'Object Repository/Store Request Schedule 1/Page_Store/select_--Select--Adernaline 0.'

2018-06-09 19:59:00 - [MESSAGE][PASSED] - All options with index in [22] are selected on object 'Object Repository/Store Request Schedule 1/Page_Store/select_--Select--Adernaline 0.'

2018-06-09 19:59:00 - [TEST_STEP][PASSED] - setText: Text '100' is set on object 'Object Repository/Store Request Schedule 1/Page_Store/input_txttreat'

2018-06-09 19:59:00 - [MESSAGE][PASSED] - Text '100' is set on object 'Object Repository/Store Request Schedule 1/Page_Store/input_txttreat'

2018-06-09 19:59:00 - [TEST_STEP][PASSED] - click: Object: 'Object Repository/Store Request Schedule 1/Page_Store/button_Add' is clicked on

2018-06-09 19:59:00 - [MESSAGE][PASSED] - Object: 'Object Repository/Store Request Schedule 1/Page_Store/button_Add' is clicked on

2018-06-09 19:59:00 - [TEST_STEP][PASSED] - selectOptionByIndex: All options with index in [9] are selected on object 'Object Repository/Store Request Schedule 1/Page_Store/select_--Select--Schedule 1Inj'

2018-06-09 19:59:01 - [MESSAGE][PASSED] - All options with index in [9] are selected on object 'Object Repository/Store Request Schedule 1/Page_Store/select_--Select--Schedule 1Inj'

2018-06-09 19:59:01 - [TEST_STEP][PASSED] - delay: Delayed 1 second(s)

2018-06-09 19:59:02 - [MESSAGE][PASSED] - Delayed 1 second(s)

2018-06-09 19:59:02 - [TEST_STEP][PASSED] - selectOptionByIndex: All options with index in [23] are selected on object 'Object Repository/Store Request Schedule 1/Page_Store/select_--Select--Adernaline 0.'

2018-06-09 19:59:02 - [MESSAGE][PASSED] - All options with index in [23] are selected on object 'Object Repository/Store Request Schedule 1/Page_Store/select_--Select--Adernaline 0.'

2018-06-09 19:59:02 - [TEST_STEP][PASSED] - setText: Text '100' is set on object 'Object Repository/Store Request Schedule 1/Page_Store/input_txttreat'

2018-06-09 19:59:02 - [MESSAGE][PASSED] - Text '100' is set on object 'Object Repository/Store Request Schedule 1/Page_Store/input_txttreat'

2018-06-09 19:59:02 - [TEST_STEP][PASSED] - click: Object: 'Object Repository/Store Request Schedule 1/Page_Store/button_Add' is clicked on

2018-06-09 19:59:02 - [MESSAGE][PASSED] - Object: 'Object Repository/Store Request Schedule 1/Page_Store/button_Add' is clicked on

2018-06-09 19:59:02 - [TEST_STEP][PASSED] - selectOptionByIndex: All options with index in [9] are selected on object 'Object Repository/Store Request Schedule 1/Page_Store/select_--Select--Schedule 1Inj'

2018-06-09 19:59:02 - [MESSAGE][PASSED] - All options with index in [9] are selected on object 'Object Repository/Store Request Schedule 1/Page_Store/select_--Select--Schedule 1Inj'

2018-06-09 19:59:02 - [TEST_STEP][PASSED] - delay: Delayed 1 second(s)

2018-06-09 19:59:03 - [MESSAGE][PASSED] - Delayed 1 second(s)

2018-06-09 19:59:03 - [TEST_STEP][PASSED] - selectOptionByIndex: All options with index in [24] are selected on object 'Object Repository/Store Request Schedule 1/Page_Store/select_--Select--Adernaline 0.'

2018-06-09 19:59:04 - [MESSAGE][PASSED] - All options with index in [24] are selected on object 'Object Repository/Store Request Schedule 1/Page_Store/select_--Select--Adernaline 0.'

2018-06-09 19:59:04 - [TEST_STEP][PASSED] - setText: Text '100' is set on object 'Object Repository/Store Request Schedule 1/Page_Store/input_txttreat'

2018-06-09 19:59:04 - [MESSAGE][PASSED] - Text '100' is set on object 'Object Repository/Store Request Schedule 1/Page_Store/input_txttreat'

2018-06-09 19:59:04 - [TEST_STEP][PASSED] - click: Object: 'Object Repository/Store Request Schedule 1/Page_Store/button_Add' is clicked on

2018-06-09 19:59:04 - [MESSAGE][PASSED] - Object: 'Object Repository/Store Request Schedule 1/Page_Store/button_Add' is clicked on

2018-06-09 19:59:04 - [TEST_STEP][PASSED] - selectOptionByIndex: All options with index in [9] are selected on object 'Object Repository/Store Request Schedule 1/Page_Store/select_--Select--Schedule 1Inj'

2018-06-09 19:59:04 - [MESSAGE][PASSED] - All options with index in [9] are selected on object 'Object Repository/Store Request Schedule 1/Page_Store/select_--Select--Schedule 1Inj'

2018-06-09 19:59:04 - [TEST_STEP][PASSED] - delay: Delayed 1 second(s)

2018-06-09 19:59:05 - [MESSAGE][PASSED] - Delayed 1 second(s)

2018-06-09 19:59:05 - [TEST_STEP][PASSED] - selectOptionByIndex: All options with index in [25] are selected on object 'Object Repository/Store Request Schedule 1/Page_Store/select_--Select--Adernaline 0.'

2018-06-09 19:59:05 - [MESSAGE][PASSED] - All options with index in [25] are selected on object 'Object Repository/Store Request Schedule 1/Page_Store/select_--Select--Adernaline 0.'

2018-06-09 19:59:05 - [TEST_STEP][PASSED] - setText: Text '100' is set on object 'Object Repository/Store Request Schedule 1/Page_Store/input_txttreat'

2018-06-09 19:59:05 - [MESSAGE][PASSED] - Text '100' is set on object 'Object Repository/Store Request Schedule 1/Page_Store/input_txttreat'

2018-06-09 19:59:05 - [TEST_STEP][PASSED] - click: Object: 'Object Repository/Store Request Schedule 1/Page_Store/button_Add' is clicked on

2018-06-09 19:59:05 - [MESSAGE][PASSED] - Object: 'Object Repository/Store Request Schedule 1/Page_Store/button_Add' is clicked on

2018-06-09 19:59:05 - [TEST_STEP][PASSED] - selectOptionByIndex: All options with index in [9] are selected on object 'Object Repository/Store Request Schedule 1/Page_Store/select_--Select--Schedule 1Inj'

2018-06-09 19:59:06 - [MESSAGE][PASSED] - All options with index in [9] are selected on object 'Object Repository/Store Request Schedule 1/Page_Store/select_--Select--Schedule 1Inj'

2018-06-09 19:59:06 - [TEST_STEP][PASSED] - delay: Delayed 1 second(s)

2018-06-09 19:59:07 - [MESSAGE][PASSED] - Delayed 1 second(s)

2018-06-09 19:59:07 - [TEST_STEP][PASSED] - selectOptionByIndex: All options with index in [26] are selected on object 'Object Repository/Store Request Schedule 1/Page_Store/select_--Select--Adernaline 0.'

2018-06-09 19:59:07 - [MESSAGE][PASSED] - All options with index in [26] are selected on object 'Object Repository/Store Request Schedule 1/Page_Store/select_--Select--Adernaline 0.'

2018-06-09 19:59:07 - [TEST_STEP][PASSED] - setText: Text '100' is set on object 'Object Repository/Store Request Schedule 1/Page_Store/input_txttreat'

2018-06-09 19:59:07 - [MESSAGE][PASSED] - Text '100' is set on object 'Object Repository/Store Request Schedule 1/Page_Store/input_txttreat'

2018-06-09 19:59:07 - [TEST_STEP][PASSED] - click: Object: 'Object Repository/Store Request Schedule 1/Page_Store/button_Add' is clicked on

2018-06-09 19:59:07 - [MESSAGE][PASSED] - Object: 'Object Repository/Store Request Schedule 1/Page_Store/button_Add' is clicked on

2018-06-09 19:59:07 - [TEST_STEP][PASSED] - selectOptionByIndex: All options with index in [9] are selected on object 'Object Repository/Store Request Schedule 1/Page_Store/select_--Select--Schedule 1Inj'

2018-06-09 19:59:07 - [MESSAGE][PASSED] - All options with index in [9] are selected on object 'Object Repository/Store Request Schedule 1/Page_Store/select_--Select--Schedule 1Inj'

2018-06-09 19:59:07 - [TEST_STEP][PASSED] - delay: Delayed 1 second(s)

2018-06-09 19:59:08 - [MESSAGE][PASSED] - Delayed 1 second(s)

2018-06-09 19:59:08 - [TEST_STEP][PASSED] - selectOptionByIndex: All options with index in [27] are selected on object 'Object Repository/Store Request Schedule 1/Page_Store/select_--Select--Adernaline 0.'

2018-06-09 19:59:09 - [MESSAGE][PASSED] - All options with index in [27] are selected on object 'Object Repository/Store Request Schedule 1/Page_Store/select_--Select--Adernaline 0.'

2018-06-09 19:59:09 - [TEST_STEP][PASSED] - setText: Text '100' is set on object 'Object Repository/Store Request Schedule 1/Page_Store/input_txttreat'

2018-06-09 19:59:09 - [MESSAGE][PASSED] - Text '100' is set on object 'Object Repository/Store Request Schedule 1/Page_Store/input_txttreat'

2018-06-09 19:59:09 - [TEST_STEP][PASSED] - click: Object: 'Object Repository/Store Request Schedule 1/Page_Store/button_Add' is clicked on

2018-06-09 19:59:09 - [MESSAGE][PASSED] - Object: 'Object Repository/Store Request Schedule 1/Page_Store/button_Add' is clicked on

2018-06-09 19:59:09 - [TEST_STEP][PASSED] - selectOptionByIndex: All options with index in [9] are selected on object 'Object Repository/Store Request Schedule 1/Page_Store/select_--Select--Schedule 1Inj'

2018-06-09 19:59:09 - [MESSAGE][PASSED] - All options with index in [9] are selected on object 'Object Repository/Store Request Schedule 1/Page_Store/select_--Select--Schedule 1Inj'

2018-06-09 19:59:09 - [TEST_STEP][PASSED] - delay: Delayed 1 second(s)

2018-06-09 19:59:10 - [MESSAGE][PASSED] - Delayed 1 second(s)

2018-06-09 19:59:10 - [TEST_STEP][PASSED] - selectOptionByIndex: All options with index in [28] are selected on object 'Object Repository/Store Request Schedule 1/Page_Store/select_--Select--Adernaline 0.'

2018-06-09 19:59:10 - [MESSAGE][PASSED] - All options with index in [28] are selected on object 'Object Repository/Store Request Schedule 1/Page_Store/select_--Select--Adernaline 0.'

2018-06-09 19:59:10 - [TEST_STEP][PASSED] - setText: Text '100' is set on object 'Object Repository/Store Request Schedule 1/Page_Store/input_txttreat'

2018-06-09 19:59:10 - [MESSAGE][PASSED] - Text '100' is set on object 'Object Repository/Store Request Schedule 1/Page_Store/input_txttreat'

2018-06-09 19:59:10 - [TEST_STEP][PASSED] - click: Object: 'Object Repository/Store Request Schedule 1/Page_Store/button_Add' is clicked on

2018-06-09 19:59:11 - [MESSAGE][PASSED] - Object: 'Object Repository/Store Request Schedule 1/Page_Store/button_Add' is clicked on

2018-06-09 19:59:11 - [TEST_STEP][PASSED] - selectOptionByIndex: All options with index in [9] are selected on object 'Object Repository/Store Request Schedule 1/Page_Store/select_--Select--Schedule 1Inj'

2018-06-09 19:59:11 - [MESSAGE][PASSED] - All options with index in [9] are selected on object 'Object Repository/Store Request Schedule 1/Page_Store/select_--Select--Schedule 1Inj'

2018-06-09 19:59:11 - [TEST_STEP][PASSED] - delay: Delayed 1 second(s)

2018-06-09 19:59:12 - [MESSAGE][PASSED] - Delayed 1 second(s)

2018-06-09 19:59:12 - [TEST_STEP][PASSED] - selectOptionByIndex: All options with index in [29] are selected on object 'Object Repository/Store Request Schedule 1/Page_Store/select_--Select--Adernaline 0.'

2018-06-09 19:59:12 - [MESSAGE][PASSED] - All options with index in [29] are selected on object 'Object Repository/Store Request Schedule 1/Page_Store/select_--Select--Adernaline 0.'

2018-06-09 19:59:12 - [TEST_STEP][PASSED] - setText: Text '100' is set on object 'Object Repository/Store Request Schedule 1/Page_Store/input_txttreat'

2018-06-09 19:59:12 - [MESSAGE][PASSED] - Text '100' is set on object 'Object Repository/Store Request Schedule 1/Page_Store/input_txttreat'

2018-06-09 19:59:12 - [TEST_STEP][PASSED] - click: Object: 'Object Repository/Store Request Schedule 1/Page_Store/button_Add' is clicked on

2018-06-09 19:59:12 - [MESSAGE][PASSED] - Object: 'Object Repository/Store Request Schedule 1/Page_Store/button_Add' is clicked on

2018-06-09 19:59:12 - [TEST_STEP][PASSED] - selectOptionByIndex: All options with index in [9] are selected on object 'Object Repository/Store Request Schedule 1/Page_Store/select_--Select--Schedule 1Inj'

2018-06-09 19:59:13 - [MESSAGE][PASSED] - All options with index in [9] are selected on object 'Object Repository/Store Request Schedule 1/Page_Store/select_--Select--Schedule 1Inj'

2018-06-09 19:59:13 - [TEST_STEP][PASSED] - delay: Delayed 1 second(s)

2018-06-09 19:59:14 - [MESSAGE][PASSED] - Delayed 1 second(s)

2018-06-09 19:59:14 - [TEST_STEP][PASSED] - selectOptionByIndex: All options with index in [30] are selected on object 'Object Repository/Store Request Schedule 1/Page_Store/select_--Select--Adernaline 0.'

2018-06-09 19:59:14 - [MESSAGE][PASSED] - All options with index in [30] are selected on object 'Object Repository/Store Request Schedule 1/Page_Store/select_--Select--Adernaline 0.'

2018-06-09 19:59:14 - [TEST_STEP][PASSED] - setText: Text '100' is set on object 'Object Repository/Store Request Schedule 1/Page_Store/input_txttreat'

2018-06-09 19:59:14 - [MESSAGE][PASSED] - Text '100' is set on object 'Object Repository/Store Request Schedule 1/Page_Store/input_txttreat'

2018-06-09 19:59:14 - [TEST_STEP][PASSED] - click: Object: 'Object Repository/Store Request Schedule 1/Page_Store/button_Add' is clicked on

2018-06-09 19:59:14 - [MESSAGE][PASSED] - Object: 'Object Repository/Store Request Schedule 1/Page_Store/button_Add' is clicked on

2018-06-09 19:59:14 - [TEST_STEP][PASSED] - selectOptionByIndex: All options with index in [9] are selected on object 'Object Repository/Store Request Schedule 1/Page_Store/select_--Select--Schedule 1Inj'

2018-06-09 19:59:14 - [MESSAGE][PASSED] - All options with index in [9] are selected on object 'Object Repository/Store Request Schedule 1/Page_Store/select_--Select--Schedule 1Inj'

2018-06-09 19:59:14 - [TEST_STEP][PASSED] - delay: Delayed 1 second(s)

2018-06-09 19:59:15 - [MESSAGE][PASSED] - Delayed 1 second(s)

2018-06-09 19:59:15 - [TEST_STEP][PASSED] - selectOptionByIndex: All options with index in [31] are selected on object 'Object Repository/Store Request Schedule 1/Page_Store/select_--Select--Adernaline 0.'

2018-06-09 19:59:16 - [MESSAGE][PASSED] - All options with index in [31] are selected on object 'Object Repository/Store Request Schedule 1/Page_Store/select_--Select--Adernaline 0.'

2018-06-09 19:59:16 - [TEST_STEP][PASSED] - setText: Text '100' is set on object 'Object Repository/Store Request Schedule 1/Page_Store/input_txttreat'

2018-06-09 19:59:16 - [MESSAGE][PASSED] - Text '100' is set on object 'Object Repository/Store Request Schedule 1/Page_Store/input_txttreat'

2018-06-09 19:59:16 - [TEST_STEP][PASSED] - click: Object: 'Object Repository/Store Request Schedule 1/Page_Store/button_Add' is clicked on

2018-06-09 19:59:16 - [MESSAGE][PASSED] - Object: 'Object Repository/Store Request Schedule 1/Page_Store/button_Add' is clicked on

2018-06-09 19:59:16 - [TEST_STEP][PASSED] - selectOptionByIndex: All options with index in [9] are selected on object 'Object Repository/Store Request Schedule 1/Page_Store/select_--Select--Schedule 1Inj'

2018-06-09 19:59:16 - [MESSAGE][PASSED] - All options with index in [9] are selected on object 'Object Repository/Store Request Schedule 1/Page_Store/select_--Select--Schedule 1Inj'

2018-06-09 19:59:16 - [TEST_STEP][PASSED] - delay: Delayed 1 second(s)

2018-06-09 19:59:17 - [MESSAGE][PASSED] - Delayed 1 second(s)

2018-06-09 19:59:17 - [TEST_STEP][PASSED] - selectOptionByIndex: All options with index in [32] are selected on object 'Object Repository/Store Request Schedule 1/Page_Store/select_--Select--Adernaline 0.'

2018-06-09 19:59:17 - [MESSAGE][PASSED] - All options with index in [32] are selected on object 'Object Repository/Store Request Schedule 1/Page_Store/select_--Select--Adernaline 0.'

2018-06-09 19:59:17 - [TEST_STEP][PASSED] - setText: Text '100' is set on object 'Object Repository/Store Request Schedule 1/Page_Store/input_txttreat'

2018-06-09 19:59:18 - [MESSAGE][PASSED] - Text '100' is set on object 'Object Repository/Store Request Schedule 1/Page_Store/input_txttreat'

2018-06-09 19:59:18 - [TEST_STEP][PASSED] - click: Object: 'Object Repository/Store Request Schedule 1/Page_Store/button_Add' is clicked on

2018-06-09 19:59:18 - [MESSAGE][PASSED] - Object: 'Object Repository/Store Request Schedule 1/Page_Store/button_Add' is clicked on

2018-06-09 19:59:18 - [TEST_STEP][PASSED] - selectOptionByIndex: All options with index in [9] are selected on object 'Object Repository/Store Request Schedule 1/Page_Store/select_--Select--Schedule 1Inj'

2018-06-09 19:59:18 - [MESSAGE][PASSED] - All options with index in [9] are selected on object 'Object Repository/Store Request Schedule 1/Page_Store/select_--Select--Schedule 1Inj'

2018-06-09 19:59:18 - [TEST_STEP][PASSED] - delay: Delayed 1 second(s)

2018-06-09 19:59:19 - [MESSAGE][PASSED] - Delayed 1 second(s)

2018-06-09 19:59:19 - [TEST_STEP][PASSED] - selectOptionByIndex: All options with index in [33] are selected on object 'Object Repository/Store Request Schedule 1/Page_Store/select_--Select--Adernaline 0.'

2018-06-09 19:59:19 - [MESSAGE][PASSED] - All options with index in [33] are selected on object 'Object Repository/Store Request Schedule 1/Page_Store/select_--Select--Adernaline 0.'

2018-06-09 19:59:19 - [TEST_STEP][PASSED] - setText: Text '100' is set on object 'Object Repository/Store Request Schedule 1/Page_Store/input_txttreat'

2018-06-09 19:59:19 - [MESSAGE][PASSED] - Text '100' is set on object 'Object Repository/Store Request Schedule 1/Page_Store/input_txttreat'

2018-06-09 19:59:19 - [TEST_STEP][PASSED] - click: Object: 'Object Repository/Store Request Schedule 1/Page_Store/button_Add' is clicked on

2018-06-09 19:59:19 - [MESSAGE][PASSED] - Object: 'Object Repository/Store Request Schedule 1/Page_Store/button_Add' is clicked on

2018-06-09 19:59:19 - [TEST_STEP][PASSED] - selectOptionByIndex: All options with index in [9] are selected on object 'Object Repository/Store Request Schedule 1/Page_Store/select_--Select--Schedule 1Inj'

2018-06-09 19:59:20 - [MESSAGE][PASSED] - All options with index in [9] are selected on object 'Object Repository/Store Request Schedule 1/Page_Store/select_--Select--Schedule 1Inj'

2018-06-09 19:59:20 - [TEST_STEP][PASSED] - delay: Delayed 1 second(s)

2018-06-09 19:59:21 - [MESSAGE][PASSED] - Delayed 1 second(s)

2018-06-09 19:59:21 - [TEST_STEP][PASSED] - selectOptionByIndex: All options with index in [34] are selected on object 'Object Repository/Store Request Schedule 1/Page_Store/select_--Select--Adernaline 0.'

2018-06-09 19:59:21 - [MESSAGE][PASSED] - All options with index in [34] are selected on object 'Object Repository/Store Request Schedule 1/Page_Store/select_--Select--Adernaline 0.'

2018-06-09 19:59:21 - [TEST_STEP][PASSED] - setText: Text '100' is set on object 'Object Repository/Store Request Schedule 1/Page_Store/input_txttreat'

2018-06-09 19:59:21 - [MESSAGE][PASSED] - Text '100' is set on object 'Object Repository/Store Request Schedule 1/Page_Store/input_txttreat'

2018-06-09 19:59:21 - [TEST_STEP][PASSED] - click: Object: 'Object Repository/Store Request Schedule 1/Page_Store/button_Add' is clicked on

2018-06-09 19:59:21 - [MESSAGE][PASSED] - Object: 'Object Repository/Store Request Schedule 1/Page_Store/button_Add' is clicked on

2018-06-09 19:59:21 - [TEST_STEP][PASSED] - selectOptionByIndex: All options with index in [9] are selected on object 'Object Repository/Store Request Schedule 1/Page_Store/select_--Select--Schedule 1Inj'

2018-06-09 19:59:21 - [MESSAGE][PASSED] - All options with index in [9] are selected on object 'Object Repository/Store Request Schedule 1/Page_Store/select_--Select--Schedule 1Inj'

2018-06-09 19:59:21 - [TEST_STEP][PASSED] - delay: Delayed 1 second(s)

2018-06-09 19:59:22 - [MESSAGE][PASSED] - Delayed 1 second(s)

2018-06-09 19:59:22 - [TEST_STEP][PASSED] - selectOptionByIndex: All options with index in [35] are selected on object 'Object Repository/Store Request Schedule 1/Page_Store/select_--Select--Adernaline 0.'

2018-06-09 19:59:23 - [MESSAGE][PASSED] - All options with index in [35] are selected on object 'Object Repository/Store Request Schedule 1/Page_Store/select_--Select--Adernaline 0.'

2018-06-09 19:59:23 - [TEST_STEP][PASSED] - setText: Text '100' is set on object 'Object Repository/Store Request Schedule 1/Page_Store/input_txttreat'

2018-06-09 19:59:23 - [MESSAGE][PASSED] - Text '100' is set on object 'Object Repository/Store Request Schedule 1/Page_Store/input_txttreat'

2018-06-09 19:59:23 - [TEST_STEP][PASSED] - click: Object: 'Object Repository/Store Request Schedule 1/Page_Store/button_Add' is clicked on

2018-06-09 19:59:23 - [MESSAGE][PASSED] - Object: 'Object Repository/Store Request Schedule 1/Page_Store/button_Add' is clicked on

2018-06-09 19:59:23 - [TEST_STEP][PASSED] - delay: Delayed 2 second(s)

2018-06-09 19:59:25 - [MESSAGE][PASSED] - Delayed 2 second(s)

2018-06-09 19:59:25 - [TEST_STEP][PASSED] - scrollToElement: Scroll to object 'Object Repository/Store Request Schedule 1/Page_Store/input_btnsave' successfully

2018-06-09 19:59:25 - [MESSAGE][PASSED] - Scroll to object 'Object Repository/Store Request Schedule 1/Page_Store/input_btnsave' successfully

2018-06-09 19:59:25 - [TEST_STEP][PASSED] - click: Object: 'Object Repository/Store Request Schedule 1/Page_Store/input_btnsave' is clicked on

2018-06-09 19:59:25 - [MESSAGE][PASSED] - Object: 'Object Repository/Store Request Schedule 1/Page_Store/input_btnsave' is clicked on

2018-06-09 19:59:25 - [TEST_STEP][PASSED] - delay: Delayed 4 second(s)

2018-06-09 19:59:29 - [MESSAGE][PASSED] - Delayed 4 second(s)

2018-06-09 19:59:29 - [TEST_STEP][PASSED] - Statement - Cms_RequestNumber = com.kms.katalon.core.webui.keyword.WebUiBuiltInKeywords.getText(com.kms.katalon.core.testobject.ObjectRepository.findTestObject(Store Request Schedule 1/Page_Store/font_PRNO050520189)): Text of object 'Object Repository/Store Request Schedule 1/Page_Store/font_PRNO050520189' is: 'PRNO/09062018/723'

2018-06-09 19:59:29 - [MESSAGE][PASSED] - Text of object 'Object Repository/Store Request Schedule 1/Page_Store/font_PRNO050520189' is: 'PRNO/09062018/723'

2018-06-09 19:59:29 - [TEST_STEP][PASSED] - Statement - CR = Cms_RequestNumber.trim(): null

2018-06-09 19:59:29 - [TEST_STEP][PASSED] - Statement - out.println("RQ :" + Cms_RequestNumber): null

2018-06-09 19:59:29 - [TEST_STEP][PASSED] - Statement - RequestNumberID = Cms_RequestNumber.split("/")[2].trim(): null

2018-06-09 19:59:29 - [TEST_STEP][PASSED] - Statement - out.println("RQ ID :" + RequestNumberID): null

2018-06-09 19:59:29 - [TEST_STEP][PASSED] - delay: Delayed 3 second(s)

2018-06-09 19:59:32 - [MESSAGE][PASSED] - Delayed 3 second(s)

2018-06-09 19:59:32 - [TEST_STEP][PASSED] - Statement - ok = com.kms.katalon.core.webui.keyword.WebUiBuiltInKeywords.click(com.kms.katalon.core.testobject.ObjectRepository.findTestObject(Store Request Schedule 1/Page_Store/button_OK)): Object: 'Object Repository/Store Request Schedule 1/Page_Store/button_OK' is clicked on

2018-06-09 19:59:33 - [MESSAGE][PASSED] - Object: 'Object Repository/Store Request Schedule 1/Page_Store/button_OK' is clicked on

2018-06-09 19:59:33 - [TEST_STEP][PASSED] - delay: Delayed 3 second(s)

2018-06-09 19:59:36 - [MESSAGE][PASSED] - Delayed 3 second(s)

2018-06-09 19:59:36 - [TEST_STEP][PASSED] - click: Object: 'Object Repository/Store Request Schedule 1/Page_Store/a_dropdown-toggle' is clicked on

2018-06-09 19:59:36 - [MESSAGE][PASSED] - Object: 'Object Repository/Store Request Schedule 1/Page_Store/a_dropdown-toggle' is clicked on

2018-06-09 19:59:36 - [TEST_STEP][PASSED] - click: Object: 'Object Repository/Store Request Schedule 1/Page_Store/a_Sign out' is clicked on

2018-06-09 19:59:37 - [MESSAGE][PASSED] - Object: 'Object Repository/Store Request Schedule 1/Page_Store/a_Sign out' is clicked on

2018-06-09 19:59:37 - [TEST_STEP][PASSED] - delay: Delayed 3 second(s)

2018-06-09 19:59:40 - [MESSAGE][PASSED] - Delayed 3 second(s)

2018-06-09 19:59:40 - [TEST_STEP][PASSED] - click: Object: 'Object Repository/Store Request Schedule 1/Page_KDMC/a_CMO' is clicked on

2018-06-09 19:59:41 - [MESSAGE][PASSED] - Object: 'Object Repository/Store Request Schedule 1/Page_KDMC/a_CMO' is clicked on

2018-06-09 19:59:41 - [TEST_STEP][PASSED] - setText: Text 'guru' is set on object 'Object Repository/Store Request Schedule 1/Page_CMO login/input_txtusername'

2018-06-09 19:59:41 - [MESSAGE][PASSED] - Text 'guru' is set on object 'Object Repository/Store Request Schedule 1/Page_CMO login/input_txtusername'

2018-06-09 19:59:41 - [TEST_STEP][PASSED] - setText: Text '123' is set on object 'Object Repository/Store Request Schedule 1/Page_CMO login/input_txtpassword'

2018-06-09 19:59:41 - [MESSAGE][PASSED] - Text '123' is set on object 'Object Repository/Store Request Schedule 1/Page_CMO login/input_txtpassword'

2018-06-09 19:59:41 - [TEST_STEP][PASSED] - delay: Delayed 3 second(s)

2018-06-09 19:59:44 - [MESSAGE][PASSED] - Delayed 3 second(s)

2018-06-09 19:59:44 - [TEST_STEP][PASSED] - click: Object: 'Object Repository/Store Request Schedule 1/Page_CMO login/button_Sign in' is clicked on

2018-06-09 19:59:45 - [MESSAGE][PASSED] - Object: 'Object Repository/Store Request Schedule 1/Page_CMO login/button_Sign in' is clicked on

2018-06-09 19:59:45 - [TEST_STEP][PASSED] - delay: Delayed 2 second(s)

2018-06-09 19:59:47 - [MESSAGE][PASSED] - Delayed 2 second(s)

2018-06-09 19:59:47 - [TEST_STEP][PASSED] - click: Object: 'Object Repository/Store Request Schedule 1/Page_KDMC - CMO/span_Department Wise Request' is clicked on

2018-06-09 19:59:47 - [MESSAGE][PASSED] - Object: 'Object Repository/Store Request Schedule 1/Page_KDMC - CMO/span_Department Wise Request' is clicked on

2018-06-09 19:59:47 - [TEST_STEP][PASSED] - click: Object: 'Object Repository/Store Request Schedule 1/Page_KDMC - CMO/a_CMS Request' is clicked on

2018-06-09 19:59:47 - [MESSAGE][PASSED] - Object: 'Object Repository/Store Request Schedule 1/Page_KDMC - CMO/a_CMS Request' is clicked on

2018-06-09 19:59:47 - [TEST_STEP][PASSED] - click: Object: 'Object Repository/Store Request Schedule 1/Page_KDMC - CMO/a_CMS Request' is clicked on

2018-06-09 19:59:47 - [MESSAGE][PASSED] - Object: 'Object Repository/Store Request Schedule 1/Page_KDMC - CMO/a_CMS Request' is clicked on

2018-06-09 19:59:47 - [TEST_STEP][PASSED] - click: Object: 'Object Repository/Store Request Schedule 1/Page_KDMC - CMO/span_Divisional Store Request' is clicked on

2018-06-09 19:59:49 - [MESSAGE][PASSED] - Object: 'Object Repository/Store Request Schedule 1/Page_KDMC - CMO/span_Divisional Store Request' is clicked on

2018-06-09 19:59:49 - [TEST_STEP][PASSED] - delay: Delayed 2 second(s)

2018-06-09 19:59:51 - [MESSAGE][PASSED] - Delayed 2 second(s)

2018-06-09 19:59:51 - [TEST_STEP][PASSED] - Statement - approval = com.kms.katalon.core.webui.keyword.WebUiBuiltInKeywords.modifyObjectProperty(com.kms.katalon.core.testobject.ObjectRepository.findTestObject(Store Request Schedule 1/Page_KDMC - CMO/input_PRNO050520189), "xpath", "equals", "//*[@id=" + RequestNumberID + "]", true): Modify property of object successfully

2018-06-09 19:59:51 - [MESSAGE][PASSED] - Modify property of object successfully

2018-06-09 19:59:51 - [TEST_STEP][PASSED] - click: Object: 'Object Repository/Store Request Schedule 1/Page_KDMC - CMO/input_PRNO050520189' is clicked on

2018-06-09 19:59:51 - [MESSAGE][PASSED] - Object: 'Object Repository/Store Request Schedule 1/Page_KDMC - CMO/input_PRNO050520189' is clicked on

2018-06-09 19:59:51 - [TEST_STEP][PASSED] - delay: Delayed 2 second(s)

2018-06-09 19:59:53 - [MESSAGE][PASSED] - Delayed 2 second(s)

2018-06-09 19:59:53 - [TEST_STEP][PASSED] - selectOptionByIndex: All options with index in [1] are selected on object 'Object Repository/Store Request Schedule 1/Page_KDMC - CMO/select_--Select--'

2018-06-09 19:59:54 - [MESSAGE][PASSED] - All options with index in [1] are selected on object 'Object Repository/Store Request Schedule 1/Page_KDMC - CMO/select_--Select--'

2018-06-09 19:59:54 - [TEST_STEP][PASSED] - click: Object: 'Object Repository/Store Request Schedule 1/Page_KDMC - CMO/input_btnupdate' is clicked on

2018-06-09 19:59:54 - [MESSAGE][PASSED] - Object: 'Object Repository/Store Request Schedule 1/Page_KDMC - CMO/input_btnupdate' is clicked on

2018-06-09 19:59:54 - [TEST_STEP][PASSED] - delay: Delayed 2 second(s)

2018-06-09 19:59:56 - [MESSAGE][PASSED] - Delayed 2 second(s)

2018-06-09 19:59:56 - [TEST_STEP][PASSED] - click: Object: 'Object Repository/Store Request Schedule 1/Page_KDMC - CMO/button_OK' is clicked on

2018-06-09 19:59:56 - [MESSAGE][PASSED] - Object: 'Object Repository/Store Request Schedule 1/Page_KDMC - CMO/button_OK' is clicked on

2018-06-09 19:59:56 - [TEST_STEP][PASSED] - delay: Delayed 2 second(s)

2018-06-09 19:59:58 - [MESSAGE][PASSED] - Delayed 2 second(s)

2018-06-09 19:59:58 - [TEST_STEP][PASSED] - click: Object: 'Object Repository/Store Request Schedule 1/Page_KDMC - CMO/a_dropdown-toggle' is clicked on

2018-06-09 19:59:58 - [MESSAGE][PASSED] - Object: 'Object Repository/Store Request Schedule 1/Page_KDMC - CMO/a_dropdown-toggle' is clicked on

2018-06-09 19:59:58 - [TEST_STEP][PASSED] - click: Object: 'Object Repository/Store Request Schedule 1/Page_KDMC - CMO/a_Sign out' is clicked on

2018-06-09 19:59:59 - [MESSAGE][PASSED] - Object: 'Object Repository/Store Request Schedule 1/Page_KDMC - CMO/a_Sign out' is clicked on

2018-06-09 19:59:59 - [TEST_STEP][PASSED] - delay: Delayed 3 second(s)

2018-06-09 20:00:02 - [MESSAGE][PASSED] - Delayed 3 second(s)

2018-06-09 20:00:02 - [TEST_STEP][PASSED] - click: Object: 'Object Repository/store Request Schedule 1/Page_KDMC/a_CMS' is clicked on

2018-06-09 20:00:02 - [MESSAGE][PASSED] - Object: 'Object Repository/store Request Schedule 1/Page_KDMC/a_CMS' is clicked on

2018-06-09 20:00:02 - [TEST_STEP][PASSED] - setText: Text 'bala' is set on object 'Object Repository/store Request Schedule 1/Page_CMS login/input_txtusername'

2018-06-09 20:00:02 - [MESSAGE][PASSED] - Text 'bala' is set on object 'Object Repository/store Request Schedule 1/Page_CMS login/input_txtusername'

2018-06-09 20:00:02 - [TEST_STEP][PASSED] - setText: Text '123' is set on object 'Object Repository/store Request Schedule 1/Page_CMS login/input_txtpassword'

2018-06-09 20:00:02 - [MESSAGE][PASSED] - Text '123' is set on object 'Object Repository/store Request Schedule 1/Page_CMS login/input_txtpassword'

2018-06-09 20:00:02 - [TEST_STEP][PASSED] - delay: Delayed 3 second(s)

2018-06-09 20:00:05 - [MESSAGE][PASSED] - Delayed 3 second(s)

2018-06-09 20:00:05 - [TEST_STEP][PASSED] - click: Object: 'Object Repository/store Request Schedule 1/Page_CMS login/button_Sign in' is clicked on

2018-06-09 20:00:06 - [MESSAGE][PASSED] - Object: 'Object Repository/store Request Schedule 1/Page_CMS login/button_Sign in' is clicked on

2018-06-09 20:00:06 - [TEST_STEP][PASSED] - delay: Delayed 2 second(s)

2018-06-09 20:00:08 - [MESSAGE][PASSED] - Delayed 2 second(s)

2018-06-09 20:00:08 - [TEST_STEP][PASSED] - click: Object: 'Object Repository/store Request Schedule 1/Page_KDMC - CMS/a_Divisional Store' is clicked on

2018-06-09 20:00:08 - [MESSAGE][PASSED] - Object: 'Object Repository/store Request Schedule 1/Page_KDMC - CMS/a_Divisional Store' is clicked on

2018-06-09 20:00:08 - [TEST_STEP][PASSED] - delay: Delayed 2 second(s)

2018-06-09 20:00:10 - [MESSAGE][PASSED] - Delayed 2 second(s)

2018-06-09 20:00:10 - [TEST_STEP][PASSED] - click: Object: 'Object Repository/store Request Schedule 1/Page_KDMC - CMS/a_Dispatch Items' is clicked on

2018-06-09 20:00:10 - [MESSAGE][PASSED] - Object: 'Object Repository/store Request Schedule 1/Page_KDMC - CMS/a_Dispatch Items' is clicked on

2018-06-09 20:00:10 - [TEST_STEP][PASSED] - setText: Text 'PRNO/09062018/723' is set on object 'Object Repository/store Request Schedule 1/Page_KDMC - CMS/input'

2018-06-09 20:00:11 - [MESSAGE][PASSED] - Text 'PRNO/09062018/723' is set on object 'Object Repository/store Request Schedule 1/Page_KDMC - CMS/input'

2018-06-09 20:00:11 - [TEST_STEP][PASSED] - click: Object: 'Object Repository/store Request Schedule 1/Page_KDMC - CMS/td_text-center' is clicked on

2018-06-09 20:00:11 - [MESSAGE][PASSED] - Object: 'Object Repository/store Request Schedule 1/Page_KDMC - CMS/td_text-center' is clicked on

2018-06-09 20:00:11 - [TEST_STEP][PASSED] - delay: Delayed 3 second(s)

2018-06-09 20:00:14 - [MESSAGE][PASSED] - Delayed 3 second(s)

2018-06-09 20:00:14 - [TEST_STEP][PASSED] - delay: Delayed 2 second(s)

2018-06-09 20:00:16 - [MESSAGE][PASSED] - Delayed 2 second(s)

2018-06-09 20:00:16 - [TEST_STEP][PASSED] - Statement - For ([row = 0, row < SelectedOptions - 1, (row++)]): null

2018-06-09 20:00:16 - [TEST_STEP][PASSED] - Statement - batchlength = new com.kms.katalon.core.testobject.TestObject(): null

2018-06-09 20:00:16 - [TEST_STEP][PASSED] - Statement - batchlength = com.kms.katalon.core.webui.keyword.WebUiBuiltInKeywords.modifyObjectProperty(batchlength, "xpath", "equals", "//*[@id = "fldvendor" + row + ""]", true): Modify property of object successfully

2018-06-09 20:00:16 - [MESSAGE][PASSED] - Modify property of object successfully

2018-06-09 20:00:16 - [TEST_STEP][PASSED] - Statement - batchsize = com.kms.katalon.core.webui.keyword.WebUiBuiltInKeywords.getNumberOfTotalOption(batchlength): 14 options of object '' counted

2018-06-09 20:00:16 - [MESSAGE][PASSED] - 14 options of object '' counted

2018-06-09 20:00:16 - [TEST_STEP][PASSED] - Statement - out.println("BatchSize : " + batchsize): null

2018-06-09 20:00:16 - [TEST_STEP][PASSED] - Statement - For ([n = 1, n <= batchsize - 1, (n++)]): null

2018-06-09 20:00:16 - [TEST_STEP][PASSED] - Statement - product = new com.kms.katalon.core.testobject.TestObject(): null

2018-06-09 20:00:16 - [TEST_STEP][PASSED] - Statement - product = com.kms.katalon.core.webui.keyword.WebUiBuiltInKeywords.modifyObjectProperty(product, "xpath", "equals", "//*[@id = "fldvendor" + row + ""]", true): Modify property of object successfully

2018-06-09 20:00:16 - [MESSAGE][PASSED] - Modify property of object successfully

2018-06-09 20:00:16 - [TEST_STEP][PASSED] - selectOptionByIndex: All options with index in [1] are selected on object ''

2018-06-09 20:00:17 - [MESSAGE][PASSED] - All options with index in [1] are selected on object ''

2018-06-09 20:00:17 - [TEST_STEP][PASSED] - delay: Delayed 2 second(s)

2018-06-09 20:00:19 - [MESSAGE][PASSED] - Delayed 2 second(s)

2018-06-09 20:00:19 - [TEST_STEP][PASSED] - Statement - batch = new com.kms.katalon.core.testobject.TestObject(): null

2018-06-09 20:00:19 - [TEST_STEP][PASSED] - Statement - batch = com.kms.katalon.core.webui.keyword.WebUiBuiltInKeywords.modifyObjectProperty(batch, "xpath", "equals", "//*[@id = "txtbthqty" + row + ""]", true): Modify property of object successfully

2018-06-09 20:00:19 - [MESSAGE][PASSED] - Modify property of object successfully

2018-06-09 20:00:19 - [TEST_STEP][PASSED] - Statement - batchqty = com.kms.katalon.core.webui.keyword.WebUiBuiltInKeywords.getAttribute(batch, "value").trim(): Attribute 'value' of object '' is: '1900'

2018-06-09 20:00:19 - [MESSAGE][PASSED] - Attribute 'value' of object '' is: '1900'

2018-06-09 20:00:19 - [TEST_STEP][PASSED] - Statement - Rqty = 100: null

2018-06-09 20:00:19 - [TEST_STEP][PASSED] - Statement - out.println("BatchQty : " + batchqty): null

2018-06-09 20:00:19 - [TEST_STEP][PASSED] - Statement - out.println("RQty : " + Rqty): null

2018-06-09 20:00:19 - [TEST_STEP][PASSED] - Statement - If (java.lang.Integer.valueOf(batchqty) >= java.lang.Integer.valueOf(Rqty)): null

2018-06-09 20:00:19 - [TEST_STEP][PASSED] - Statement - Break: null

2018-06-09 20:00:19 - [TEST_STEP][PASSED] - Statement - batchlength = new com.kms.katalon.core.testobject.TestObject(): null

2018-06-09 20:00:19 - [TEST_STEP][PASSED] - Statement - batchlength = com.kms.katalon.core.webui.keyword.WebUiBuiltInKeywords.modifyObjectProperty(batchlength, "xpath", "equals", "//*[@id = "fldvendor" + row + ""]", true): Modify property of object successfully

2018-06-09 20:00:19 - [MESSAGE][PASSED] - Modify property of object successfully

2018-06-09 20:00:19 - [TEST_STEP][PASSED] - Statement - batchsize = com.kms.katalon.core.webui.keyword.WebUiBuiltInKeywords.getNumberOfTotalOption(batchlength): 14 options of object '' counted

2018-06-09 20:00:19 - [MESSAGE][PASSED] - 14 options of object '' counted

2018-06-09 20:00:19 - [TEST_STEP][PASSED] - Statement - out.println("BatchSize : " + batchsize): null

2018-06-09 20:00:19 - [TEST_STEP][PASSED] - Statement - For ([n = 1, n <= batchsize - 1, (n++)]): null

2018-06-09 20:00:19 - [TEST_STEP][PASSED] - Statement - product = new com.kms.katalon.core.testobject.TestObject(): null

2018-06-09 20:00:19 - [TEST_STEP][PASSED] - Statement - product = com.kms.katalon.core.webui.keyword.WebUiBuiltInKeywords.modifyObjectProperty(product, "xpath", "equals", "//*[@id = "fldvendor" + row + ""]", true): Modify property of object successfully

2018-06-09 20:00:19 - [MESSAGE][PASSED] - Modify property of object successfully

2018-06-09 20:00:19 - [TEST_STEP][PASSED] - selectOptionByIndex: All options with index in [1] are selected on object ''

2018-06-09 20:00:19 - [MESSAGE][PASSED] - All options with index in [1] are selected on object ''

2018-06-09 20:00:19 - [TEST_STEP][PASSED] - delay: Delayed 2 second(s)

2018-06-09 20:00:21 - [MESSAGE][PASSED] - Delayed 2 second(s)

2018-06-09 20:00:21 - [TEST_STEP][PASSED] - Statement - batch = new com.kms.katalon.core.testobject.TestObject(): null

2018-06-09 20:00:21 - [TEST_STEP][PASSED] - Statement - batch = com.kms.katalon.core.webui.keyword.WebUiBuiltInKeywords.modifyObjectProperty(batch, "xpath", "equals", "//*[@id = "txtbthqty" + row + ""]", true): Modify property of object successfully

2018-06-09 20:00:21 - [MESSAGE][PASSED] - Modify property of object successfully

2018-06-09 20:00:21 - [TEST_STEP][PASSED] - Statement - batchqty = com.kms.katalon.core.webui.keyword.WebUiBuiltInKeywords.getAttribute(batch, "value").trim(): Attribute 'value' of object '' is: '1800'

2018-06-09 20:00:21 - [MESSAGE][PASSED] - Attribute 'value' of object '' is: '1800'

2018-06-09 20:00:21 - [TEST_STEP][PASSED] - Statement - Rqty = 100: null

2018-06-09 20:00:21 - [TEST_STEP][PASSED] - Statement - out.println("BatchQty : " + batchqty): null

2018-06-09 20:00:21 - [TEST_STEP][PASSED] - Statement - out.println("RQty : " + Rqty): null

2018-06-09 20:00:21 - [TEST_STEP][PASSED] - Statement - If (java.lang.Integer.valueOf(batchqty) >= java.lang.Integer.valueOf(Rqty)): null

2018-06-09 20:00:21 - [TEST_STEP][PASSED] - Statement - Break: null

2018-06-09 20:00:21 - [TEST_STEP][PASSED] - Statement - batchlength = new com.kms.katalon.core.testobject.TestObject(): null

2018-06-09 20:00:21 - [TEST_STEP][PASSED] - Statement - batchlength = com.kms.katalon.core.webui.keyword.WebUiBuiltInKeywords.modifyObjectProperty(batchlength, "xpath", "equals", "//*[@id = "fldvendor" + row + ""]", true): Modify property of object successfully

2018-06-09 20:00:21 - [MESSAGE][PASSED] - Modify property of object successfully

2018-06-09 20:00:21 - [TEST_STEP][PASSED] - Statement - batchsize = com.kms.katalon.core.webui.keyword.WebUiBuiltInKeywords.getNumberOfTotalOption(batchlength): 14 options of object '' counted

2018-06-09 20:00:21 - [MESSAGE][PASSED] - 14 options of object '' counted

2018-06-09 20:00:21 - [TEST_STEP][PASSED] - Statement - out.println("BatchSize : " + batchsize): null

2018-06-09 20:00:21 - [TEST_STEP][PASSED] - Statement - For ([n = 1, n <= batchsize - 1, (n++)]): null

2018-06-09 20:00:21 - [TEST_STEP][PASSED] - Statement - product = new com.kms.katalon.core.testobject.TestObject(): null

2018-06-09 20:00:21 - [TEST_STEP][PASSED] - Statement - product = com.kms.katalon.core.webui.keyword.WebUiBuiltInKeywords.modifyObjectProperty(product, "xpath", "equals", "//*[@id = "fldvendor" + row + ""]", true): Modify property of object successfully

2018-06-09 20:00:21 - [MESSAGE][PASSED] - Modify property of object successfully

2018-06-09 20:00:21 - [TEST_STEP][PASSED] - selectOptionByIndex: All options with index in [1] are selected on object ''

2018-06-09 20:00:21 - [MESSAGE][PASSED] - All options with index in [1] are selected on object ''

2018-06-09 20:00:21 - [TEST_STEP][PASSED] - delay: Delayed 2 second(s)

2018-06-09 20:00:23 - [MESSAGE][PASSED] - Delayed 2 second(s)

2018-06-09 20:00:23 - [TEST_STEP][PASSED] - Statement - batch = new com.kms.katalon.core.testobject.TestObject(): null

2018-06-09 20:00:23 - [TEST_STEP][PASSED] - Statement - batch = com.kms.katalon.core.webui.keyword.WebUiBuiltInKeywords.modifyObjectProperty(batch, "xpath", "equals", "//*[@id = "txtbthqty" + row + ""]", true): Modify property of object successfully

2018-06-09 20:00:23 - [MESSAGE][PASSED] - Modify property of object successfully

2018-06-09 20:00:23 - [TEST_STEP][PASSED] - Statement - batchqty = com.kms.katalon.core.webui.keyword.WebUiBuiltInKeywords.getAttribute(batch, "value").trim(): Attribute 'value' of object '' is: '29600'

2018-06-09 20:00:23 - [MESSAGE][PASSED] - Attribute 'value' of object '' is: '29600'

2018-06-09 20:00:23 - [TEST_STEP][PASSED] - Statement - Rqty = 100: null

2018-06-09 20:00:23 - [TEST_STEP][PASSED] - Statement - out.println("BatchQty : " + batchqty): null

2018-06-09 20:00:23 - [TEST_STEP][PASSED] - Statement - out.println("RQty : " + Rqty): null

2018-06-09 20:00:23 - [TEST_STEP][PASSED] - Statement - If (java.lang.Integer.valueOf(batchqty) >= java.lang.Integer.valueOf(Rqty)): null

2018-06-09 20:00:23 - [TEST_STEP][PASSED] - Statement - Break: null

2018-06-09 20:00:23 - [TEST_STEP][PASSED] - Statement - batchlength = new com.kms.katalon.core.testobject.TestObject(): null

2018-06-09 20:00:23 - [TEST_STEP][PASSED] - Statement - batchlength = com.kms.katalon.core.webui.keyword.WebUiBuiltInKeywords.modifyObjectProperty(batchlength, "xpath", "equals", "//*[@id = "fldvendor" + row + ""]", true): Modify property of object successfully

2018-06-09 20:00:23 - [MESSAGE][PASSED] - Modify property of object successfully

2018-06-09 20:00:23 - [TEST_STEP][PASSED] - Statement - batchsize = com.kms.katalon.core.webui.keyword.WebUiBuiltInKeywords.getNumberOfTotalOption(batchlength): 14 options of object '' counted

2018-06-09 20:00:23 - [MESSAGE][PASSED] - 14 options of object '' counted

2018-06-09 20:00:23 - [TEST_STEP][PASSED] - Statement - out.println("BatchSize : " + batchsize): null

2018-06-09 20:00:23 - [TEST_STEP][PASSED] - Statement - For ([n = 1, n <= batchsize - 1, (n++)]): null

2018-06-09 20:00:23 - [TEST_STEP][PASSED] - Statement - product = new com.kms.katalon.core.testobject.TestObject(): null

2018-06-09 20:00:23 - [TEST_STEP][PASSED] - Statement - product = com.kms.katalon.core.webui.keyword.WebUiBuiltInKeywords.modifyObjectProperty(product, "xpath", "equals", "//*[@id = "fldvendor" + row + ""]", true): Modify property of object successfully

2018-06-09 20:00:23 - [MESSAGE][PASSED] - Modify property of object successfully

2018-06-09 20:00:23 - [TEST_STEP][PASSED] - selectOptionByIndex: All options with index in [1] are selected on object ''

2018-06-09 20:00:23 - [MESSAGE][PASSED] - All options with index in [1] are selected on object ''

2018-06-09 20:00:23 - [TEST_STEP][PASSED] - delay: Delayed 2 second(s)

2018-06-09 20:00:25 - [MESSAGE][PASSED] - Delayed 2 second(s)

2018-06-09 20:00:25 - [TEST_STEP][PASSED] - Statement - batch = new com.kms.katalon.core.testobject.TestObject(): null

2018-06-09 20:00:25 - [TEST_STEP][PASSED] - Statement - batch = com.kms.katalon.core.webui.keyword.WebUiBuiltInKeywords.modifyObjectProperty(batch, "xpath", "equals", "//*[@id = "txtbthqty" + row + ""]", true): Modify property of object successfully

2018-06-09 20:00:25 - [MESSAGE][PASSED] - Modify property of object successfully

2018-06-09 20:00:25 - [TEST_STEP][PASSED] - Statement - batchqty = com.kms.katalon.core.webui.keyword.WebUiBuiltInKeywords.getAttribute(batch, "value").trim(): Attribute 'value' of object '' is: '4500'

2018-06-09 20:00:25 - [MESSAGE][PASSED] - Attribute 'value' of object '' is: '4500'

2018-06-09 20:00:25 - [TEST_STEP][PASSED] - Statement - Rqty = 100: null

2018-06-09 20:00:25 - [TEST_STEP][PASSED] - Statement - out.println("BatchQty : " + batchqty): null

2018-06-09 20:00:25 - [TEST_STEP][PASSED] - Statement - out.println("RQty : " + Rqty): null

2018-06-09 20:00:25 - [TEST_STEP][PASSED] - Statement - If (java.lang.Integer.valueOf(batchqty) >= java.lang.Integer.valueOf(Rqty)): null

2018-06-09 20:00:25 - [TEST_STEP][PASSED] - Statement - Break: null

2018-06-09 20:00:25 - [TEST_STEP][PASSED] - Statement - batchlength = new com.kms.katalon.core.testobject.TestObject(): null

2018-06-09 20:00:25 - [TEST_STEP][PASSED] - Statement - batchlength = com.kms.katalon.core.webui.keyword.WebUiBuiltInKeywords.modifyObjectProperty(batchlength, "xpath", "equals", "//*[@id = "fldvendor" + row + ""]", true): Modify property of object successfully

2018-06-09 20:00:25 - [MESSAGE][PASSED] - Modify property of object successfully

2018-06-09 20:00:25 - [TEST_STEP][PASSED] - Statement - batchsize = com.kms.katalon.core.webui.keyword.WebUiBuiltInKeywords.getNumberOfTotalOption(batchlength): 14 options of object '' counted

2018-06-09 20:00:25 - [MESSAGE][PASSED] - 14 options of object '' counted

2018-06-09 20:00:25 - [TEST_STEP][PASSED] - Statement - out.println("BatchSize : " + batchsize): null

2018-06-09 20:00:25 - [TEST_STEP][PASSED] - Statement - For ([n = 1, n <= batchsize - 1, (n++)]): null

2018-06-09 20:00:25 - [TEST_STEP][PASSED] - Statement - product = new com.kms.katalon.core.testobject.TestObject(): null

2018-06-09 20:00:25 - [TEST_STEP][PASSED] - Statement - product = com.kms.katalon.core.webui.keyword.WebUiBuiltInKeywords.modifyObjectProperty(product, "xpath", "equals", "//*[@id = "fldvendor" + row + ""]", true): Modify property of object successfully

2018-06-09 20:00:25 - [MESSAGE][PASSED] - Modify property of object successfully

2018-06-09 20:00:25 - [TEST_STEP][PASSED] - selectOptionByIndex: All options with index in [1] are selected on object ''

2018-06-09 20:00:25 - [MESSAGE][PASSED] - All options with index in [1] are selected on object ''

2018-06-09 20:00:25 - [TEST_STEP][PASSED] - delay: Delayed 2 second(s)

2018-06-09 20:00:27 - [MESSAGE][PASSED] - Delayed 2 second(s)

2018-06-09 20:00:27 - [TEST_STEP][PASSED] - Statement - batch = new com.kms.katalon.core.testobject.TestObject(): null

2018-06-09 20:00:27 - [TEST_STEP][PASSED] - Statement - batch = com.kms.katalon.core.webui.keyword.WebUiBuiltInKeywords.modifyObjectProperty(batch, "xpath", "equals", "//*[@id = "txtbthqty" + row + ""]", true): Modify property of object successfully

2018-06-09 20:00:27 - [MESSAGE][PASSED] - Modify property of object successfully

2018-06-09 20:00:27 - [TEST_STEP][PASSED] - Statement - batchqty = com.kms.katalon.core.webui.keyword.WebUiBuiltInKeywords.getAttribute(batch, "value").trim(): Attribute 'value' of object '' is: '1800'

2018-06-09 20:00:28 - [MESSAGE][PASSED] - Attribute 'value' of object '' is: '1800'

2018-06-09 20:00:28 - [TEST_STEP][PASSED] - Statement - Rqty = 100: null

2018-06-09 20:00:28 - [TEST_STEP][PASSED] - Statement - out.println("BatchQty : " + batchqty): null

2018-06-09 20:00:28 - [TEST_STEP][PASSED] - Statement - out.println("RQty : " + Rqty): null

2018-06-09 20:00:28 - [TEST_STEP][PASSED] - Statement - If (java.lang.Integer.valueOf(batchqty) >= java.lang.Integer.valueOf(Rqty)): null

2018-06-09 20:00:28 - [TEST_STEP][PASSED] - Statement - Break: null

2018-06-09 20:00:28 - [TEST_STEP][PASSED] - Statement - batchlength = new com.kms.katalon.core.testobject.TestObject(): null

2018-06-09 20:00:28 - [TEST_STEP][PASSED] - Statement - batchlength = com.kms.katalon.core.webui.keyword.WebUiBuiltInKeywords.modifyObjectProperty(batchlength, "xpath", "equals", "//*[@id = "fldvendor" + row + ""]", true): Modify property of object successfully

2018-06-09 20:00:28 - [MESSAGE][PASSED] - Modify property of object successfully

2018-06-09 20:00:28 - [TEST_STEP][PASSED] - Statement - batchsize = com.kms.katalon.core.webui.keyword.WebUiBuiltInKeywords.getNumberOfTotalOption(batchlength): 13 options of object '' counted

2018-06-09 20:00:28 - [MESSAGE][PASSED] - 13 options of object '' counted

2018-06-09 20:00:28 - [TEST_STEP][PASSED] - Statement - out.println("BatchSize : " + batchsize): null

2018-06-09 20:00:28 - [TEST_STEP][PASSED] - Statement - For ([n = 1, n <= batchsize - 1, (n++)]): null

2018-06-09 20:00:28 - [TEST_STEP][PASSED] - Statement - product = new com.kms.katalon.core.testobject.TestObject(): null

2018-06-09 20:00:28 - [TEST_STEP][PASSED] - Statement - product = com.kms.katalon.core.webui.keyword.WebUiBuiltInKeywords.modifyObjectProperty(product, "xpath", "equals", "//*[@id = "fldvendor" + row + ""]", true): Modify property of object successfully

2018-06-09 20:00:28 - [MESSAGE][PASSED] - Modify property of object successfully

2018-06-09 20:00:28 - [TEST_STEP][PASSED] - selectOptionByIndex: All options with index in [1] are selected on object ''

2018-06-09 20:00:28 - [MESSAGE][PASSED] - All options with index in [1] are selected on object ''

2018-06-09 20:00:28 - [TEST_STEP][PASSED] - delay: Delayed 2 second(s)

2018-06-09 20:00:30 - [MESSAGE][PASSED] - Delayed 2 second(s)

2018-06-09 20:00:30 - [TEST_STEP][PASSED] - Statement - batch = new com.kms.katalon.core.testobject.TestObject(): null

2018-06-09 20:00:30 - [TEST_STEP][PASSED] - Statement - batch = com.kms.katalon.core.webui.keyword.WebUiBuiltInKeywords.modifyObjectProperty(batch, "xpath", "equals", "//*[@id = "txtbthqty" + row + ""]", true): Modify property of object successfully

2018-06-09 20:00:30 - [MESSAGE][PASSED] - Modify property of object successfully

2018-06-09 20:00:30 - [TEST_STEP][PASSED] - Statement - batchqty = com.kms.katalon.core.webui.keyword.WebUiBuiltInKeywords.getAttribute(batch, "value").trim(): Attribute 'value' of object '' is: '35800'

2018-06-09 20:00:30 - [MESSAGE][PASSED] - Attribute 'value' of object '' is: '35800'

2018-06-09 20:00:30 - [TEST_STEP][PASSED] - Statement - Rqty = 100: null

2018-06-09 20:00:30 - [TEST_STEP][PASSED] - Statement - out.println("BatchQty : " + batchqty): null

2018-06-09 20:00:30 - [TEST_STEP][PASSED] - Statement - out.println("RQty : " + Rqty): null

2018-06-09 20:00:30 - [TEST_STEP][PASSED] - Statement - If (java.lang.Integer.valueOf(batchqty) >= java.lang.Integer.valueOf(Rqty)): null

2018-06-09 20:00:30 - [TEST_STEP][PASSED] - Statement - Break: null

2018-06-09 20:00:30 - [TEST_STEP][PASSED] - Statement - batchlength = new com.kms.katalon.core.testobject.TestObject(): null

2018-06-09 20:00:30 - [TEST_STEP][PASSED] - Statement - batchlength = com.kms.katalon.core.webui.keyword.WebUiBuiltInKeywords.modifyObjectProperty(batchlength, "xpath", "equals", "//*[@id = "fldvendor" + row + ""]", true): Modify property of object successfully

2018-06-09 20:00:30 - [MESSAGE][PASSED] - Modify property of object successfully

2018-06-09 20:00:30 - [TEST_STEP][PASSED] - Statement - batchsize = com.kms.katalon.core.webui.keyword.WebUiBuiltInKeywords.getNumberOfTotalOption(batchlength): 14 options of object '' counted

2018-06-09 20:00:30 - [MESSAGE][PASSED] - 14 options of object '' counted

2018-06-09 20:00:30 - [TEST_STEP][PASSED] - Statement - out.println("BatchSize : " + batchsize): null

2018-06-09 20:00:30 - [TEST_STEP][PASSED] - Statement - For ([n = 1, n <= batchsize - 1, (n++)]): null

2018-06-09 20:00:30 - [TEST_STEP][PASSED] - Statement - product = new com.kms.katalon.core.testobject.TestObject(): null

2018-06-09 20:00:30 - [TEST_STEP][PASSED] - Statement - product = com.kms.katalon.core.webui.keyword.WebUiBuiltInKeywords.modifyObjectProperty(product, "xpath", "equals", "//*[@id = "fldvendor" + row + ""]", true): Modify property of object successfully

2018-06-09 20:00:30 - [MESSAGE][PASSED] - Modify property of object successfully

2018-06-09 20:00:30 - [TEST_STEP][PASSED] - selectOptionByIndex: All options with index in [1] are selected on object ''

2018-06-09 20:00:30 - [MESSAGE][PASSED] - All options with index in [1] are selected on object ''

2018-06-09 20:00:30 - [TEST_STEP][PASSED] - delay: Delayed 2 second(s)

2018-06-09 20:00:32 - [MESSAGE][PASSED] - Delayed 2 second(s)

2018-06-09 20:00:32 - [TEST_STEP][PASSED] - Statement - batch = new com.kms.katalon.core.testobject.TestObject(): null

2018-06-09 20:00:32 - [TEST_STEP][PASSED] - Statement - batch = com.kms.katalon.core.webui.keyword.WebUiBuiltInKeywords.modifyObjectProperty(batch, "xpath", "equals", "//*[@id = "txtbthqty" + row + ""]", true): Modify property of object successfully

2018-06-09 20:00:32 - [MESSAGE][PASSED] - Modify property of object successfully

2018-06-09 20:00:32 - [TEST_STEP][PASSED] - Statement - batchqty = com.kms.katalon.core.webui.keyword.WebUiBuiltInKeywords.getAttribute(batch, "value").trim(): Attribute 'value' of object '' is: '1800'

2018-06-09 20:00:32 - [MESSAGE][PASSED] - Attribute 'value' of object '' is: '1800'

2018-06-09 20:00:32 - [TEST_STEP][PASSED] - Statement - Rqty = 100: null

2018-06-09 20:00:32 - [TEST_STEP][PASSED] - Statement - out.println("BatchQty : " + batchqty): null

2018-06-09 20:00:32 - [TEST_STEP][PASSED] - Statement - out.println("RQty : " + Rqty): null

2018-06-09 20:00:32 - [TEST_STEP][PASSED] - Statement - If (java.lang.Integer.valueOf(batchqty) >= java.lang.Integer.valueOf(Rqty)): null

2018-06-09 20:00:32 - [TEST_STEP][PASSED] - Statement - Break: null

2018-06-09 20:00:32 - [TEST_STEP][PASSED] - Statement - batchlength = new com.kms.katalon.core.testobject.TestObject(): null

2018-06-09 20:00:32 - [TEST_STEP][PASSED] - Statement - batchlength = com.kms.katalon.core.webui.keyword.WebUiBuiltInKeywords.modifyObjectProperty(batchlength, "xpath", "equals", "//*[@id = "fldvendor" + row + ""]", true): Modify property of object successfully

2018-06-09 20:00:32 - [MESSAGE][PASSED] - Modify property of object successfully

2018-06-09 20:00:32 - [TEST_STEP][PASSED] - Statement - batchsize = com.kms.katalon.core.webui.keyword.WebUiBuiltInKeywords.getNumberOfTotalOption(batchlength): 14 options of object '' counted

2018-06-09 20:00:32 - [MESSAGE][PASSED] - 14 options of object '' counted

2018-06-09 20:00:32 - [TEST_STEP][PASSED] - Statement - out.println("BatchSize : " + batchsize): null

2018-06-09 20:00:32 - [TEST_STEP][PASSED] - Statement - For ([n = 1, n <= batchsize - 1, (n++)]): null

2018-06-09 20:00:32 - [TEST_STEP][PASSED] - Statement - product = new com.kms.katalon.core.testobject.TestObject(): null

2018-06-09 20:00:32 - [TEST_STEP][PASSED] - Statement - product = com.kms.katalon.core.webui.keyword.WebUiBuiltInKeywords.modifyObjectProperty(product, "xpath", "equals", "//*[@id = "fldvendor" + row + ""]", true): Modify property of object successfully

2018-06-09 20:00:32 - [MESSAGE][PASSED] - Modify property of object successfully

2018-06-09 20:00:32 - [TEST_STEP][PASSED] - selectOptionByIndex: All options with index in [1] are selected on object ''

2018-06-09 20:00:32 - [MESSAGE][PASSED] - All options with index in [1] are selected on object ''

2018-06-09 20:00:32 - [TEST_STEP][PASSED] - delay: Delayed 2 second(s)

2018-06-09 20:00:34 - [MESSAGE][PASSED] - Delayed 2 second(s)

2018-06-09 20:00:34 - [TEST_STEP][PASSED] - Statement - batch = new com.kms.katalon.core.testobject.TestObject(): null

2018-06-09 20:00:34 - [TEST_STEP][PASSED] - Statement - batch = com.kms.katalon.core.webui.keyword.WebUiBuiltInKeywords.modifyObjectProperty(batch, "xpath", "equals", "//*[@id = "txtbthqty" + row + ""]", true): Modify property of object successfully

2018-06-09 20:00:34 - [MESSAGE][PASSED] - Modify property of object successfully

2018-06-09 20:00:34 - [TEST_STEP][PASSED] - Statement - batchqty = com.kms.katalon.core.webui.keyword.WebUiBuiltInKeywords.getAttribute(batch, "value").trim(): Attribute 'value' of object '' is: '3100'

2018-06-09 20:00:34 - [MESSAGE][PASSED] - Attribute 'value' of object '' is: '3100'

2018-06-09 20:00:34 - [TEST_STEP][PASSED] - Statement - Rqty = 100: null

2018-06-09 20:00:34 - [TEST_STEP][PASSED] - Statement - out.println("BatchQty : " + batchqty): null

2018-06-09 20:00:34 - [TEST_STEP][PASSED] - Statement - out.println("RQty : " + Rqty): null

2018-06-09 20:00:34 - [TEST_STEP][PASSED] - Statement - If (java.lang.Integer.valueOf(batchqty) >= java.lang.Integer.valueOf(Rqty)): null

2018-06-09 20:00:34 - [TEST_STEP][PASSED] - Statement - Break: null

2018-06-09 20:00:34 - [TEST_STEP][PASSED] - Statement - batchlength = new com.kms.katalon.core.testobject.TestObject(): null

2018-06-09 20:00:34 - [TEST_STEP][PASSED] - Statement - batchlength = com.kms.katalon.core.webui.keyword.WebUiBuiltInKeywords.modifyObjectProperty(batchlength, "xpath", "equals", "//*[@id = "fldvendor" + row + ""]", true): Modify property of object successfully

2018-06-09 20:00:34 - [MESSAGE][PASSED] - Modify property of object successfully

2018-06-09 20:00:34 - [TEST_STEP][PASSED] - Statement - batchsize = com.kms.katalon.core.webui.keyword.WebUiBuiltInKeywords.getNumberOfTotalOption(batchlength): 14 options of object '' counted

2018-06-09 20:00:34 - [MESSAGE][PASSED] - 14 options of object '' counted

2018-06-09 20:00:34 - [TEST_STEP][PASSED] - Statement - out.println("BatchSize : " + batchsize): null

2018-06-09 20:00:34 - [TEST_STEP][PASSED] - Statement - For ([n = 1, n <= batchsize - 1, (n++)]): null

2018-06-09 20:00:34 - [TEST_STEP][PASSED] - Statement - product = new com.kms.katalon.core.testobject.TestObject(): null

2018-06-09 20:00:34 - [TEST_STEP][PASSED] - Statement - product = com.kms.katalon.core.webui.keyword.WebUiBuiltInKeywords.modifyObjectProperty(product, "xpath", "equals", "//*[@id = "fldvendor" + row + ""]", true): Modify property of object successfully

2018-06-09 20:00:34 - [MESSAGE][PASSED] - Modify property of object successfully

2018-06-09 20:00:34 - [TEST_STEP][PASSED] - selectOptionByIndex: All options with index in [1] are selected on object ''

2018-06-09 20:00:34 - [MESSAGE][PASSED] - All options with index in [1] are selected on object ''

2018-06-09 20:00:34 - [TEST_STEP][PASSED] - delay: Delayed 2 second(s)

2018-06-09 20:00:36 - [MESSAGE][PASSED] - Delayed 2 second(s)

2018-06-09 20:00:36 - [TEST_STEP][PASSED] - Statement - batch = new com.kms.katalon.core.testobject.TestObject(): null

2018-06-09 20:00:36 - [TEST_STEP][PASSED] - Statement - batch = com.kms.katalon.core.webui.keyword.WebUiBuiltInKeywords.modifyObjectProperty(batch, "xpath", "equals", "//*[@id = "txtbthqty" + row + ""]", true): Modify property of object successfully

2018-06-09 20:00:36 - [MESSAGE][PASSED] - Modify property of object successfully

2018-06-09 20:00:36 - [TEST_STEP][PASSED] - Statement - batchqty = com.kms.katalon.core.webui.keyword.WebUiBuiltInKeywords.getAttribute(batch, "value").trim(): Attribute 'value' of object '' is: '1800'

2018-06-09 20:00:36 - [MESSAGE][PASSED] - Attribute 'value' of object '' is: '1800'

2018-06-09 20:00:36 - [TEST_STEP][PASSED] - Statement - Rqty = 100: null

2018-06-09 20:00:36 - [TEST_STEP][PASSED] - Statement - out.println("BatchQty : " + batchqty): null

2018-06-09 20:00:36 - [TEST_STEP][PASSED] - Statement - out.println("RQty : " + Rqty): null

2018-06-09 20:00:36 - [TEST_STEP][PASSED] - Statement - If (java.lang.Integer.valueOf(batchqty) >= java.lang.Integer.valueOf(Rqty)): null

2018-06-09 20:00:36 - [TEST_STEP][PASSED] - Statement - Break: null

2018-06-09 20:00:36 - [TEST_STEP][PASSED] - Statement - batchlength = new com.kms.katalon.core.testobject.TestObject(): null

2018-06-09 20:00:36 - [TEST_STEP][PASSED] - Statement - batchlength = com.kms.katalon.core.webui.keyword.WebUiBuiltInKeywords.modifyObjectProperty(batchlength, "xpath", "equals", "//*[@id = "fldvendor" + row + ""]", true): Modify property of object successfully

2018-06-09 20:00:36 - [MESSAGE][PASSED] - Modify property of object successfully

2018-06-09 20:00:36 - [TEST_STEP][PASSED] - Statement - batchsize = com.kms.katalon.core.webui.keyword.WebUiBuiltInKeywords.getNumberOfTotalOption(batchlength): 14 options of object '' counted

2018-06-09 20:00:37 - [MESSAGE][PASSED] - 14 options of object '' counted

2018-06-09 20:00:37 - [TEST_STEP][PASSED] - Statement - out.println("BatchSize : " + batchsize): null

2018-06-09 20:00:37 - [TEST_STEP][PASSED] - Statement - For ([n = 1, n <= batchsize - 1, (n++)]): null

2018-06-09 20:00:37 - [TEST_STEP][PASSED] - Statement - product = new com.kms.katalon.core.testobject.TestObject(): null

2018-06-09 20:00:37 - [TEST_STEP][PASSED] - Statement - product = com.kms.katalon.core.webui.keyword.WebUiBuiltInKeywords.modifyObjectProperty(product, "xpath", "equals", "//*[@id = "fldvendor" + row + ""]", true): Modify property of object successfully

2018-06-09 20:00:37 - [MESSAGE][PASSED] - Modify property of object successfully

2018-06-09 20:00:37 - [TEST_STEP][PASSED] - selectOptionByIndex: All options with index in [1] are selected on object ''

2018-06-09 20:00:37 - [MESSAGE][PASSED] - All options with index in [1] are selected on object ''

2018-06-09 20:00:37 - [TEST_STEP][PASSED] - delay: Delayed 2 second(s)

2018-06-09 20:00:39 - [MESSAGE][PASSED] - Delayed 2 second(s)

2018-06-09 20:00:39 - [TEST_STEP][PASSED] - Statement - batch = new com.kms.katalon.core.testobject.TestObject(): null

2018-06-09 20:00:39 - [TEST_STEP][PASSED] - Statement - batch = com.kms.katalon.core.webui.keyword.WebUiBuiltInKeywords.modifyObjectProperty(batch, "xpath", "equals", "//*[@id = "txtbthqty" + row + ""]", true): Modify property of object successfully

2018-06-09 20:00:39 - [MESSAGE][PASSED] - Modify property of object successfully

2018-06-09 20:00:39 - [TEST_STEP][PASSED] - Statement - batchqty = com.kms.katalon.core.webui.keyword.WebUiBuiltInKeywords.getAttribute(batch, "value").trim(): Attribute 'value' of object '' is: '1800'

2018-06-09 20:00:39 - [MESSAGE][PASSED] - Attribute 'value' of object '' is: '1800'

2018-06-09 20:00:39 - [TEST_STEP][PASSED] - Statement - Rqty = 100: null

2018-06-09 20:00:39 - [TEST_STEP][PASSED] - Statement - out.println("BatchQty : " + batchqty): null

2018-06-09 20:00:39 - [TEST_STEP][PASSED] - Statement - out.println("RQty : " + Rqty): null

2018-06-09 20:00:39 - [TEST_STEP][PASSED] - Statement - If (java.lang.Integer.valueOf(batchqty) >= java.lang.Integer.valueOf(Rqty)): null

2018-06-09 20:00:39 - [TEST_STEP][PASSED] - Statement - Break: null

2018-06-09 20:00:39 - [TEST_STEP][PASSED] - Statement - batchlength = new com.kms.katalon.core.testobject.TestObject(): null

2018-06-09 20:00:39 - [TEST_STEP][PASSED] - Statement - batchlength = com.kms.katalon.core.webui.keyword.WebUiBuiltInKeywords.modifyObjectProperty(batchlength, "xpath", "equals", "//*[@id = "fldvendor" + row + ""]", true): Modify property of object successfully

2018-06-09 20:00:39 - [MESSAGE][PASSED] - Modify property of object successfully

2018-06-09 20:00:39 - [TEST_STEP][PASSED] - Statement - batchsize = com.kms.katalon.core.webui.keyword.WebUiBuiltInKeywords.getNumberOfTotalOption(batchlength): 14 options of object '' counted

2018-06-09 20:00:39 - [MESSAGE][PASSED] - 14 options of object '' counted

2018-06-09 20:00:39 - [TEST_STEP][PASSED] - Statement - out.println("BatchSize : " + batchsize): null

2018-06-09 20:00:39 - [TEST_STEP][PASSED] - Statement - For ([n = 1, n <= batchsize - 1, (n++)]): null

2018-06-09 20:00:39 - [TEST_STEP][PASSED] - Statement - product = new com.kms.katalon.core.testobject.TestObject(): null

2018-06-09 20:00:39 - [TEST_STEP][PASSED] - Statement - product = com.kms.katalon.core.webui.keyword.WebUiBuiltInKeywords.modifyObjectProperty(product, "xpath", "equals", "//*[@id = "fldvendor" + row + ""]", true): Modify property of object successfully

2018-06-09 20:00:39 - [MESSAGE][PASSED] - Modify property of object successfully

2018-06-09 20:00:39 - [TEST_STEP][PASSED] - selectOptionByIndex: All options with index in [1] are selected on object ''

2018-06-09 20:00:39 - [MESSAGE][PASSED] - All options with index in [1] are selected on object ''

2018-06-09 20:00:39 - [TEST_STEP][PASSED] - delay: Delayed 2 second(s)

2018-06-09 20:00:41 - [MESSAGE][PASSED] - Delayed 2 second(s)

2018-06-09 20:00:41 - [TEST_STEP][PASSED] - Statement - batch = new com.kms.katalon.core.testobject.TestObject(): null

2018-06-09 20:00:41 - [TEST_STEP][PASSED] - Statement - batch = com.kms.katalon.core.webui.keyword.WebUiBuiltInKeywords.modifyObjectProperty(batch, "xpath", "equals", "//*[@id = "txtbthqty" + row + ""]", true): Modify property of object successfully

2018-06-09 20:00:41 - [MESSAGE][PASSED] - Modify property of object successfully

2018-06-09 20:00:41 - [TEST_STEP][PASSED] - Statement - batchqty = com.kms.katalon.core.webui.keyword.WebUiBuiltInKeywords.getAttribute(batch, "value").trim(): Attribute 'value' of object '' is: '2800'

2018-06-09 20:00:41 - [MESSAGE][PASSED] - Attribute 'value' of object '' is: '2800'

2018-06-09 20:00:41 - [TEST_STEP][PASSED] - Statement - Rqty = 100: null

2018-06-09 20:00:41 - [TEST_STEP][PASSED] - Statement - out.println("BatchQty : " + batchqty): null

2018-06-09 20:00:41 - [TEST_STEP][PASSED] - Statement - out.println("RQty : " + Rqty): null

2018-06-09 20:00:41 - [TEST_STEP][PASSED] - Statement - If (java.lang.Integer.valueOf(batchqty) >= java.lang.Integer.valueOf(Rqty)): null

2018-06-09 20:00:41 - [TEST_STEP][PASSED] - Statement - Break: null

2018-06-09 20:00:41 - [TEST_STEP][PASSED] - Statement - batchlength = new com.kms.katalon.core.testobject.TestObject(): null

2018-06-09 20:00:41 - [TEST_STEP][PASSED] - Statement - batchlength = com.kms.katalon.core.webui.keyword.WebUiBuiltInKeywords.modifyObjectProperty(batchlength, "xpath", "equals", "//*[@id = "fldvendor" + row + ""]", true): Modify property of object successfully

2018-06-09 20:00:41 - [MESSAGE][PASSED] - Modify property of object successfully

2018-06-09 20:00:41 - [TEST_STEP][PASSED] - Statement - batchsize = com.kms.katalon.core.webui.keyword.WebUiBuiltInKeywords.getNumberOfTotalOption(batchlength): 14 options of object '' counted

2018-06-09 20:00:41 - [MESSAGE][PASSED] - 14 options of object '' counted

2018-06-09 20:00:41 - [TEST_STEP][PASSED] - Statement - out.println("BatchSize : " + batchsize): null

2018-06-09 20:00:41 - [TEST_STEP][PASSED] - Statement - For ([n = 1, n <= batchsize - 1, (n++)]): null

2018-06-09 20:00:41 - [TEST_STEP][PASSED] - Statement - product = new com.kms.katalon.core.testobject.TestObject(): null

2018-06-09 20:00:41 - [TEST_STEP][PASSED] - Statement - product = com.kms.katalon.core.webui.keyword.WebUiBuiltInKeywords.modifyObjectProperty(product, "xpath", "equals", "//*[@id = "fldvendor" + row + ""]", true): Modify property of object successfully

2018-06-09 20:00:41 - [MESSAGE][PASSED] - Modify property of object successfully

2018-06-09 20:00:41 - [TEST_STEP][PASSED] - selectOptionByIndex: All options with index in [1] are selected on object ''

2018-06-09 20:00:41 - [MESSAGE][PASSED] - All options with index in [1] are selected on object ''

2018-06-09 20:00:41 - [TEST_STEP][PASSED] - delay: Delayed 2 second(s)

2018-06-09 20:00:43 - [MESSAGE][PASSED] - Delayed 2 second(s)

2018-06-09 20:00:43 - [TEST_STEP][PASSED] - Statement - batch = new com.kms.katalon.core.testobject.TestObject(): null

2018-06-09 20:00:43 - [TEST_STEP][PASSED] - Statement - batch = com.kms.katalon.core.webui.keyword.WebUiBuiltInKeywords.modifyObjectProperty(batch, "xpath", "equals", "//*[@id = "txtbthqty" + row + ""]", true): Modify property of object successfully

2018-06-09 20:00:43 - [MESSAGE][PASSED] - Modify property of object successfully

2018-06-09 20:00:43 - [TEST_STEP][PASSED] - Statement - batchqty = com.kms.katalon.core.webui.keyword.WebUiBuiltInKeywords.getAttribute(batch, "value").trim(): Attribute 'value' of object '' is: '2800'

2018-06-09 20:00:43 - [MESSAGE][PASSED] - Attribute 'value' of object '' is: '2800'

2018-06-09 20:00:43 - [TEST_STEP][PASSED] - Statement - Rqty = 100: null

2018-06-09 20:00:43 - [TEST_STEP][PASSED] - Statement - out.println("BatchQty : " + batchqty): null

2018-06-09 20:00:43 - [TEST_STEP][PASSED] - Statement - out.println("RQty : " + Rqty): null

2018-06-09 20:00:43 - [TEST_STEP][PASSED] - Statement - If (java.lang.Integer.valueOf(batchqty) >= java.lang.Integer.valueOf(Rqty)): null

2018-06-09 20:00:43 - [TEST_STEP][PASSED] - Statement - Break: null

2018-06-09 20:00:43 - [TEST_STEP][PASSED] - Statement - batchlength = new com.kms.katalon.core.testobject.TestObject(): null

2018-06-09 20:00:43 - [TEST_STEP][PASSED] - Statement - batchlength = com.kms.katalon.core.webui.keyword.WebUiBuiltInKeywords.modifyObjectProperty(batchlength, "xpath", "equals", "//*[@id = "fldvendor" + row + ""]", true): Modify property of object successfully

2018-06-09 20:00:43 - [MESSAGE][PASSED] - Modify property of object successfully

2018-06-09 20:00:43 - [TEST_STEP][PASSED] - Statement - batchsize = com.kms.katalon.core.webui.keyword.WebUiBuiltInKeywords.getNumberOfTotalOption(batchlength): 14 options of object '' counted

2018-06-09 20:00:43 - [MESSAGE][PASSED] - 14 options of object '' counted

2018-06-09 20:00:43 - [TEST_STEP][PASSED] - Statement - out.println("BatchSize : " + batchsize): null

2018-06-09 20:00:43 - [TEST_STEP][PASSED] - Statement - For ([n = 1, n <= batchsize - 1, (n++)]): null

2018-06-09 20:00:43 - [TEST_STEP][PASSED] - Statement - product = new com.kms.katalon.core.testobject.TestObject(): null

2018-06-09 20:00:43 - [TEST_STEP][PASSED] - Statement - product = com.kms.katalon.core.webui.keyword.WebUiBuiltInKeywords.modifyObjectProperty(product, "xpath", "equals", "//*[@id = "fldvendor" + row + ""]", true): Modify property of object successfully

2018-06-09 20:00:43 - [MESSAGE][PASSED] - Modify property of object successfully

2018-06-09 20:00:43 - [TEST_STEP][PASSED] - selectOptionByIndex: All options with index in [1] are selected on object ''

2018-06-09 20:00:43 - [MESSAGE][PASSED] - All options with index in [1] are selected on object ''

2018-06-09 20:00:43 - [TEST_STEP][PASSED] - delay: Delayed 2 second(s)

2018-06-09 20:00:45 - [MESSAGE][PASSED] - Delayed 2 second(s)

2018-06-09 20:00:45 - [TEST_STEP][PASSED] - Statement - batch = new com.kms.katalon.core.testobject.TestObject(): null

2018-06-09 20:00:45 - [TEST_STEP][PASSED] - Statement - batch = com.kms.katalon.core.webui.keyword.WebUiBuiltInKeywords.modifyObjectProperty(batch, "xpath", "equals", "//*[@id = "txtbthqty" + row + ""]", true): Modify property of object successfully

2018-06-09 20:00:45 - [MESSAGE][PASSED] - Modify property of object successfully

2018-06-09 20:00:45 - [TEST_STEP][PASSED] - Statement - batchqty = com.kms.katalon.core.webui.keyword.WebUiBuiltInKeywords.getAttribute(batch, "value").trim(): Attribute 'value' of object '' is: '2800'

2018-06-09 20:00:45 - [MESSAGE][PASSED] - Attribute 'value' of object '' is: '2800'

2018-06-09 20:00:45 - [TEST_STEP][PASSED] - Statement - Rqty = 100: null

2018-06-09 20:00:45 - [TEST_STEP][PASSED] - Statement - out.println("BatchQty : " + batchqty): null

2018-06-09 20:00:45 - [TEST_STEP][PASSED] - Statement - out.println("RQty : " + Rqty): null

2018-06-09 20:00:45 - [TEST_STEP][PASSED] - Statement - If (java.lang.Integer.valueOf(batchqty) >= java.lang.Integer.valueOf(Rqty)): null

2018-06-09 20:00:45 - [TEST_STEP][PASSED] - Statement - Break: null

2018-06-09 20:00:45 - [TEST_STEP][PASSED] - Statement - batchlength = new com.kms.katalon.core.testobject.TestObject(): null

2018-06-09 20:00:45 - [TEST_STEP][PASSED] - Statement - batchlength = com.kms.katalon.core.webui.keyword.WebUiBuiltInKeywords.modifyObjectProperty(batchlength, "xpath", "equals", "//*[@id = "fldvendor" + row + ""]", true): Modify property of object successfully

2018-06-09 20:00:45 - [MESSAGE][PASSED] - Modify property of object successfully

2018-06-09 20:00:45 - [TEST_STEP][PASSED] - Statement - batchsize = com.kms.katalon.core.webui.keyword.WebUiBuiltInKeywords.getNumberOfTotalOption(batchlength): 14 options of object '' counted

2018-06-09 20:00:46 - [MESSAGE][PASSED] - 14 options of object '' counted

2018-06-09 20:00:46 - [TEST_STEP][PASSED] - Statement - out.println("BatchSize : " + batchsize): null

2018-06-09 20:00:46 - [TEST_STEP][PASSED] - Statement - For ([n = 1, n <= batchsize - 1, (n++)]): null

2018-06-09 20:00:46 - [TEST_STEP][PASSED] - Statement - product = new com.kms.katalon.core.testobject.TestObject(): null

2018-06-09 20:00:46 - [TEST_STEP][PASSED] - Statement - product = com.kms.katalon.core.webui.keyword.WebUiBuiltInKeywords.modifyObjectProperty(product, "xpath", "equals", "//*[@id = "fldvendor" + row + ""]", true): Modify property of object successfully

2018-06-09 20:00:46 - [MESSAGE][PASSED] - Modify property of object successfully

2018-06-09 20:00:46 - [TEST_STEP][PASSED] - selectOptionByIndex: All options with index in [1] are selected on object ''

2018-06-09 20:00:46 - [MESSAGE][PASSED] - All options with index in [1] are selected on object ''

2018-06-09 20:00:46 - [TEST_STEP][PASSED] - delay: Delayed 2 second(s)

2018-06-09 20:00:48 - [MESSAGE][PASSED] - Delayed 2 second(s)

2018-06-09 20:00:48 - [TEST_STEP][PASSED] - Statement - batch = new com.kms.katalon.core.testobject.TestObject(): null

2018-06-09 20:00:48 - [TEST_STEP][PASSED] - Statement - batch = com.kms.katalon.core.webui.keyword.WebUiBuiltInKeywords.modifyObjectProperty(batch, "xpath", "equals", "//*[@id = "txtbthqty" + row + ""]", true): Modify property of object successfully

2018-06-09 20:00:48 - [MESSAGE][PASSED] - Modify property of object successfully

2018-06-09 20:00:48 - [TEST_STEP][PASSED] - Statement - batchqty = com.kms.katalon.core.webui.keyword.WebUiBuiltInKeywords.getAttribute(batch, "value").trim(): Attribute 'value' of object '' is: '1800'

2018-06-09 20:00:48 - [MESSAGE][PASSED] - Attribute 'value' of object '' is: '1800'

2018-06-09 20:00:48 - [TEST_STEP][PASSED] - Statement - Rqty = 100: null

2018-06-09 20:00:48 - [TEST_STEP][PASSED] - Statement - out.println("BatchQty : " + batchqty): null

2018-06-09 20:00:48 - [TEST_STEP][PASSED] - Statement - out.println("RQty : " + Rqty): null

2018-06-09 20:00:48 - [TEST_STEP][PASSED] - Statement - If (java.lang.Integer.valueOf(batchqty) >= java.lang.Integer.valueOf(Rqty)): null

2018-06-09 20:00:48 - [TEST_STEP][PASSED] - Statement - Break: null

2018-06-09 20:00:48 - [TEST_STEP][PASSED] - Statement - batchlength = new com.kms.katalon.core.testobject.TestObject(): null

2018-06-09 20:00:48 - [TEST_STEP][PASSED] - Statement - batchlength = com.kms.katalon.core.webui.keyword.WebUiBuiltInKeywords.modifyObjectProperty(batchlength, "xpath", "equals", "//*[@id = "fldvendor" + row + ""]", true): Modify property of object successfully

2018-06-09 20:00:48 - [MESSAGE][PASSED] - Modify property of object successfully

2018-06-09 20:00:48 - [TEST_STEP][PASSED] - Statement - batchsize = com.kms.katalon.core.webui.keyword.WebUiBuiltInKeywords.getNumberOfTotalOption(batchlength): 14 options of object '' counted

2018-06-09 20:00:48 - [MESSAGE][PASSED] - 14 options of object '' counted

2018-06-09 20:00:48 - [TEST_STEP][PASSED] - Statement - out.println("BatchSize : " + batchsize): null

2018-06-09 20:00:48 - [TEST_STEP][PASSED] - Statement - For ([n = 1, n <= batchsize - 1, (n++)]): null

2018-06-09 20:00:48 - [TEST_STEP][PASSED] - Statement - product = new com.kms.katalon.core.testobject.TestObject(): null

2018-06-09 20:00:48 - [TEST_STEP][PASSED] - Statement - product = com.kms.katalon.core.webui.keyword.WebUiBuiltInKeywords.modifyObjectProperty(product, "xpath", "equals", "//*[@id = "fldvendor" + row + ""]", true): Modify property of object successfully

2018-06-09 20:00:48 - [MESSAGE][PASSED] - Modify property of object successfully

2018-06-09 20:00:48 - [TEST_STEP][PASSED] - selectOptionByIndex: All options with index in [1] are selected on object ''

2018-06-09 20:00:48 - [MESSAGE][PASSED] - All options with index in [1] are selected on object ''

2018-06-09 20:00:48 - [TEST_STEP][PASSED] - delay: Delayed 2 second(s)

2018-06-09 20:00:50 - [MESSAGE][PASSED] - Delayed 2 second(s)

2018-06-09 20:00:50 - [TEST_STEP][PASSED] - Statement - batch = new com.kms.katalon.core.testobject.TestObject(): null

2018-06-09 20:00:50 - [TEST_STEP][PASSED] - Statement - batch = com.kms.katalon.core.webui.keyword.WebUiBuiltInKeywords.modifyObjectProperty(batch, "xpath", "equals", "//*[@id = "txtbthqty" + row + ""]", true): Modify property of object successfully

2018-06-09 20:00:50 - [MESSAGE][PASSED] - Modify property of object successfully

2018-06-09 20:00:50 - [TEST_STEP][PASSED] - Statement - batchqty = com.kms.katalon.core.webui.keyword.WebUiBuiltInKeywords.getAttribute(batch, "value").trim(): Attribute 'value' of object '' is: '800'

2018-06-09 20:00:50 - [MESSAGE][PASSED] - Attribute 'value' of object '' is: '800'

2018-06-09 20:00:50 - [TEST_STEP][PASSED] - Statement - Rqty = 100: null

2018-06-09 20:00:50 - [TEST_STEP][PASSED] - Statement - out.println("BatchQty : " + batchqty): null

2018-06-09 20:00:50 - [TEST_STEP][PASSED] - Statement - out.println("RQty : " + Rqty): null

2018-06-09 20:00:50 - [TEST_STEP][PASSED] - Statement - If (java.lang.Integer.valueOf(batchqty) >= java.lang.Integer.valueOf(Rqty)): null

2018-06-09 20:00:50 - [TEST_STEP][PASSED] - Statement - Break: null

2018-06-09 20:00:50 - [TEST_STEP][PASSED] - Statement - batchlength = new com.kms.katalon.core.testobject.TestObject(): null

2018-06-09 20:00:50 - [TEST_STEP][PASSED] - Statement - batchlength = com.kms.katalon.core.webui.keyword.WebUiBuiltInKeywords.modifyObjectProperty(batchlength, "xpath", "equals", "//*[@id = "fldvendor" + row + ""]", true): Modify property of object successfully

2018-06-09 20:00:50 - [MESSAGE][PASSED] - Modify property of object successfully

2018-06-09 20:00:50 - [TEST_STEP][PASSED] - Statement - batchsize = com.kms.katalon.core.webui.keyword.WebUiBuiltInKeywords.getNumberOfTotalOption(batchlength): 14 options of object '' counted

2018-06-09 20:00:50 - [MESSAGE][PASSED] - 14 options of object '' counted

2018-06-09 20:00:50 - [TEST_STEP][PASSED] - Statement - out.println("BatchSize : " + batchsize): null

2018-06-09 20:00:50 - [TEST_STEP][PASSED] - Statement - For ([n = 1, n <= batchsize - 1, (n++)]): null

2018-06-09 20:00:50 - [TEST_STEP][PASSED] - Statement - product = new com.kms.katalon.core.testobject.TestObject(): null

2018-06-09 20:00:50 - [TEST_STEP][PASSED] - Statement - product = com.kms.katalon.core.webui.keyword.WebUiBuiltInKeywords.modifyObjectProperty(product, "xpath", "equals", "//*[@id = "fldvendor" + row + ""]", true): Modify property of object successfully

2018-06-09 20:00:50 - [MESSAGE][PASSED] - Modify property of object successfully

2018-06-09 20:00:50 - [TEST_STEP][PASSED] - selectOptionByIndex: All options with index in [1] are selected on object ''

2018-06-09 20:00:50 - [MESSAGE][PASSED] - All options with index in [1] are selected on object ''

2018-06-09 20:00:50 - [TEST_STEP][PASSED] - delay: Delayed 2 second(s)

2018-06-09 20:00:52 - [MESSAGE][PASSED] - Delayed 2 second(s)

2018-06-09 20:00:52 - [TEST_STEP][PASSED] - Statement - batch = new com.kms.katalon.core.testobject.TestObject(): null

2018-06-09 20:00:52 - [TEST_STEP][PASSED] - Statement - batch = com.kms.katalon.core.webui.keyword.WebUiBuiltInKeywords.modifyObjectProperty(batch, "xpath", "equals", "//*[@id = "txtbthqty" + row + ""]", true): Modify property of object successfully

2018-06-09 20:00:52 - [MESSAGE][PASSED] - Modify property of object successfully

2018-06-09 20:00:52 - [TEST_STEP][PASSED] - Statement - batchqty = com.kms.katalon.core.webui.keyword.WebUiBuiltInKeywords.getAttribute(batch, "value").trim(): Attribute 'value' of object '' is: '2900'

2018-06-09 20:00:52 - [MESSAGE][PASSED] - Attribute 'value' of object '' is: '2900'

2018-06-09 20:00:52 - [TEST_STEP][PASSED] - Statement - Rqty = 100: null

2018-06-09 20:00:52 - [TEST_STEP][PASSED] - Statement - out.println("BatchQty : " + batchqty): null

2018-06-09 20:00:52 - [TEST_STEP][PASSED] - Statement - out.println("RQty : " + Rqty): null

2018-06-09 20:00:52 - [TEST_STEP][PASSED] - Statement - If (java.lang.Integer.valueOf(batchqty) >= java.lang.Integer.valueOf(Rqty)): null

2018-06-09 20:00:52 - [TEST_STEP][PASSED] - Statement - Break: null

2018-06-09 20:00:52 - [TEST_STEP][PASSED] - Statement - batchlength = new com.kms.katalon.core.testobject.TestObject(): null

2018-06-09 20:00:52 - [TEST_STEP][PASSED] - Statement - batchlength = com.kms.katalon.core.webui.keyword.WebUiBuiltInKeywords.modifyObjectProperty(batchlength, "xpath", "equals", "//*[@id = "fldvendor" + row + ""]", true): Modify property of object successfully

2018-06-09 20:00:52 - [MESSAGE][PASSED] - Modify property of object successfully

2018-06-09 20:00:52 - [TEST_STEP][PASSED] - Statement - batchsize = com.kms.katalon.core.webui.keyword.WebUiBuiltInKeywords.getNumberOfTotalOption(batchlength): 14 options of object '' counted

2018-06-09 20:00:52 - [MESSAGE][PASSED] - 14 options of object '' counted

2018-06-09 20:00:52 - [TEST_STEP][PASSED] - Statement - out.println("BatchSize : " + batchsize): null

2018-06-09 20:00:52 - [TEST_STEP][PASSED] - Statement - For ([n = 1, n <= batchsize - 1, (n++)]): null

2018-06-09 20:00:52 - [TEST_STEP][PASSED] - Statement - product = new com.kms.katalon.core.testobject.TestObject(): null

2018-06-09 20:00:52 - [TEST_STEP][PASSED] - Statement - product = com.kms.katalon.core.webui.keyword.WebUiBuiltInKeywords.modifyObjectProperty(product, "xpath", "equals", "//*[@id = "fldvendor" + row + ""]", true): Modify property of object successfully

2018-06-09 20:00:52 - [MESSAGE][PASSED] - Modify property of object successfully

2018-06-09 20:00:52 - [TEST_STEP][PASSED] - selectOptionByIndex: All options with index in [1] are selected on object ''

2018-06-09 20:00:52 - [MESSAGE][PASSED] - All options with index in [1] are selected on object ''

2018-06-09 20:00:52 - [TEST_STEP][PASSED] - delay: Delayed 2 second(s)

2018-06-09 20:00:54 - [MESSAGE][PASSED] - Delayed 2 second(s)

2018-06-09 20:00:54 - [TEST_STEP][PASSED] - Statement - batch = new com.kms.katalon.core.testobject.TestObject(): null

2018-06-09 20:00:54 - [TEST_STEP][PASSED] - Statement - batch = com.kms.katalon.core.webui.keyword.WebUiBuiltInKeywords.modifyObjectProperty(batch, "xpath", "equals", "//*[@id = "txtbthqty" + row + ""]", true): Modify property of object successfully

2018-06-09 20:00:54 - [MESSAGE][PASSED] - Modify property of object successfully

2018-06-09 20:00:54 - [TEST_STEP][PASSED] - Statement - batchqty = com.kms.katalon.core.webui.keyword.WebUiBuiltInKeywords.getAttribute(batch, "value").trim(): Attribute 'value' of object '' is: '800'

2018-06-09 20:00:54 - [MESSAGE][PASSED] - Attribute 'value' of object '' is: '800'

2018-06-09 20:00:54 - [TEST_STEP][PASSED] - Statement - Rqty = 100: null

2018-06-09 20:00:54 - [TEST_STEP][PASSED] - Statement - out.println("BatchQty : " + batchqty): null

2018-06-09 20:00:54 - [TEST_STEP][PASSED] - Statement - out.println("RQty : " + Rqty): null

2018-06-09 20:00:54 - [TEST_STEP][PASSED] - Statement - If (java.lang.Integer.valueOf(batchqty) >= java.lang.Integer.valueOf(Rqty)): null

2018-06-09 20:00:54 - [TEST_STEP][PASSED] - Statement - Break: null

2018-06-09 20:00:54 - [TEST_STEP][PASSED] - Statement - batchlength = new com.kms.katalon.core.testobject.TestObject(): null

2018-06-09 20:00:54 - [TEST_STEP][PASSED] - Statement - batchlength = com.kms.katalon.core.webui.keyword.WebUiBuiltInKeywords.modifyObjectProperty(batchlength, "xpath", "equals", "//*[@id = "fldvendor" + row + ""]", true): Modify property of object successfully

2018-06-09 20:00:54 - [MESSAGE][PASSED] - Modify property of object successfully

2018-06-09 20:00:54 - [TEST_STEP][PASSED] - Statement - batchsize = com.kms.katalon.core.webui.keyword.WebUiBuiltInKeywords.getNumberOfTotalOption(batchlength): 14 options of object '' counted

2018-06-09 20:00:54 - [MESSAGE][PASSED] - 14 options of object '' counted

2018-06-09 20:00:54 - [TEST_STEP][PASSED] - Statement - out.println("BatchSize : " + batchsize): null

2018-06-09 20:00:54 - [TEST_STEP][PASSED] - Statement - For ([n = 1, n <= batchsize - 1, (n++)]): null

2018-06-09 20:00:54 - [TEST_STEP][PASSED] - Statement - product = new com.kms.katalon.core.testobject.TestObject(): null

2018-06-09 20:00:54 - [TEST_STEP][PASSED] - Statement - product = com.kms.katalon.core.webui.keyword.WebUiBuiltInKeywords.modifyObjectProperty(product, "xpath", "equals", "//*[@id = "fldvendor" + row + ""]", true): Modify property of object successfully

2018-06-09 20:00:54 - [MESSAGE][PASSED] - Modify property of object successfully

2018-06-09 20:00:54 - [TEST_STEP][PASSED] - selectOptionByIndex: All options with index in [1] are selected on object ''

2018-06-09 20:00:55 - [MESSAGE][PASSED] - All options with index in [1] are selected on object ''

2018-06-09 20:00:55 - [TEST_STEP][PASSED] - delay: Delayed 2 second(s)

2018-06-09 20:00:57 - [MESSAGE][PASSED] - Delayed 2 second(s)

2018-06-09 20:00:57 - [TEST_STEP][PASSED] - Statement - batch = new com.kms.katalon.core.testobject.TestObject(): null

2018-06-09 20:00:57 - [TEST_STEP][PASSED] - Statement - batch = com.kms.katalon.core.webui.keyword.WebUiBuiltInKeywords.modifyObjectProperty(batch, "xpath", "equals", "//*[@id = "txtbthqty" + row + ""]", true): Modify property of object successfully

2018-06-09 20:00:57 - [MESSAGE][PASSED] - Modify property of object successfully

2018-06-09 20:00:57 - [TEST_STEP][PASSED] - Statement - batchqty = com.kms.katalon.core.webui.keyword.WebUiBuiltInKeywords.getAttribute(batch, "value").trim(): Attribute 'value' of object '' is: '36800'

2018-06-09 20:00:57 - [MESSAGE][PASSED] - Attribute 'value' of object '' is: '36800'

2018-06-09 20:00:57 - [TEST_STEP][PASSED] - Statement - Rqty = 100: null

2018-06-09 20:00:57 - [TEST_STEP][PASSED] - Statement - out.println("BatchQty : " + batchqty): null

2018-06-09 20:00:57 - [TEST_STEP][PASSED] - Statement - out.println("RQty : " + Rqty): null

2018-06-09 20:00:57 - [TEST_STEP][PASSED] - Statement - If (java.lang.Integer.valueOf(batchqty) >= java.lang.Integer.valueOf(Rqty)): null

2018-06-09 20:00:57 - [TEST_STEP][PASSED] - Statement - Break: null

2018-06-09 20:00:57 - [TEST_STEP][PASSED] - Statement - batchlength = new com.kms.katalon.core.testobject.TestObject(): null

2018-06-09 20:00:57 - [TEST_STEP][PASSED] - Statement - batchlength = com.kms.katalon.core.webui.keyword.WebUiBuiltInKeywords.modifyObjectProperty(batchlength, "xpath", "equals", "//*[@id = "fldvendor" + row + ""]", true): Modify property of object successfully

2018-06-09 20:00:57 - [MESSAGE][PASSED] - Modify property of object successfully

2018-06-09 20:00:57 - [TEST_STEP][PASSED] - Statement - batchsize = com.kms.katalon.core.webui.keyword.WebUiBuiltInKeywords.getNumberOfTotalOption(batchlength): 15 options of object '' counted

2018-06-09 20:00:57 - [MESSAGE][PASSED] - 15 options of object '' counted

2018-06-09 20:00:57 - [TEST_STEP][PASSED] - Statement - out.println("BatchSize : " + batchsize): null

2018-06-09 20:00:57 - [TEST_STEP][PASSED] - Statement - For ([n = 1, n <= batchsize - 1, (n++)]): null

2018-06-09 20:00:57 - [TEST_STEP][PASSED] - Statement - product = new com.kms.katalon.core.testobject.TestObject(): null

2018-06-09 20:00:57 - [TEST_STEP][PASSED] - Statement - product = com.kms.katalon.core.webui.keyword.WebUiBuiltInKeywords.modifyObjectProperty(product, "xpath", "equals", "//*[@id = "fldvendor" + row + ""]", true): Modify property of object successfully

2018-06-09 20:00:57 - [MESSAGE][PASSED] - Modify property of object successfully

2018-06-09 20:00:57 - [TEST_STEP][PASSED] - selectOptionByIndex: All options with index in [1] are selected on object ''

2018-06-09 20:00:57 - [MESSAGE][PASSED] - All options with index in [1] are selected on object ''

2018-06-09 20:00:57 - [TEST_STEP][PASSED] - delay: Delayed 2 second(s)

2018-06-09 20:00:59 - [MESSAGE][PASSED] - Delayed 2 second(s)

2018-06-09 20:00:59 - [TEST_STEP][PASSED] - Statement - batch = new com.kms.katalon.core.testobject.TestObject(): null

2018-06-09 20:00:59 - [TEST_STEP][PASSED] - Statement - batch = com.kms.katalon.core.webui.keyword.WebUiBuiltInKeywords.modifyObjectProperty(batch, "xpath", "equals", "//*[@id = "txtbthqty" + row + ""]", true): Modify property of object successfully

2018-06-09 20:00:59 - [MESSAGE][PASSED] - Modify property of object successfully

2018-06-09 20:00:59 - [TEST_STEP][PASSED] - Statement - batchqty = com.kms.katalon.core.webui.keyword.WebUiBuiltInKeywords.getAttribute(batch, "value").trim(): Attribute 'value' of object '' is: '4500'

2018-06-09 20:00:59 - [MESSAGE][PASSED] - Attribute 'value' of object '' is: '4500'

2018-06-09 20:00:59 - [TEST_STEP][PASSED] - Statement - Rqty = 100: null

2018-06-09 20:00:59 - [TEST_STEP][PASSED] - Statement - out.println("BatchQty : " + batchqty): null

2018-06-09 20:00:59 - [TEST_STEP][PASSED] - Statement - out.println("RQty : " + Rqty): null

2018-06-09 20:00:59 - [TEST_STEP][PASSED] - Statement - If (java.lang.Integer.valueOf(batchqty) >= java.lang.Integer.valueOf(Rqty)): null

2018-06-09 20:00:59 - [TEST_STEP][PASSED] - Statement - Break: null

2018-06-09 20:00:59 - [TEST_STEP][PASSED] - Statement - batchlength = new com.kms.katalon.core.testobject.TestObject(): null

2018-06-09 20:00:59 - [TEST_STEP][PASSED] - Statement - batchlength = com.kms.katalon.core.webui.keyword.WebUiBuiltInKeywords.modifyObjectProperty(batchlength, "xpath", "equals", "//*[@id = "fldvendor" + row + ""]", true): Modify property of object successfully

2018-06-09 20:00:59 - [MESSAGE][PASSED] - Modify property of object successfully

2018-06-09 20:00:59 - [TEST_STEP][PASSED] - Statement - batchsize = com.kms.katalon.core.webui.keyword.WebUiBuiltInKeywords.getNumberOfTotalOption(batchlength): 14 options of object '' counted

2018-06-09 20:00:59 - [MESSAGE][PASSED] - 14 options of object '' counted

2018-06-09 20:00:59 - [TEST_STEP][PASSED] - Statement - out.println("BatchSize : " + batchsize): null

2018-06-09 20:00:59 - [TEST_STEP][PASSED] - Statement - For ([n = 1, n <= batchsize - 1, (n++)]): null

2018-06-09 20:00:59 - [TEST_STEP][PASSED] - Statement - product = new com.kms.katalon.core.testobject.TestObject(): null

2018-06-09 20:00:59 - [TEST_STEP][PASSED] - Statement - product = com.kms.katalon.core.webui.keyword.WebUiBuiltInKeywords.modifyObjectProperty(product, "xpath", "equals", "//*[@id = "fldvendor" + row + ""]", true): Modify property of object successfully

2018-06-09 20:00:59 - [MESSAGE][PASSED] - Modify property of object successfully

2018-06-09 20:00:59 - [TEST_STEP][PASSED] - selectOptionByIndex: All options with index in [1] are selected on object ''

2018-06-09 20:00:59 - [MESSAGE][PASSED] - All options with index in [1] are selected on object ''

2018-06-09 20:00:59 - [TEST_STEP][PASSED] - delay: Delayed 2 second(s)

2018-06-09 20:01:01 - [MESSAGE][PASSED] - Delayed 2 second(s)

2018-06-09 20:01:01 - [TEST_STEP][PASSED] - Statement - batch = new com.kms.katalon.core.testobject.TestObject(): null

2018-06-09 20:01:01 - [TEST_STEP][PASSED] - Statement - batch = com.kms.katalon.core.webui.keyword.WebUiBuiltInKeywords.modifyObjectProperty(batch, "xpath", "equals", "//*[@id = "txtbthqty" + row + ""]", true): Modify property of object successfully

2018-06-09 20:01:01 - [MESSAGE][PASSED] - Modify property of object successfully

2018-06-09 20:01:01 - [TEST_STEP][PASSED] - Statement - batchqty = com.kms.katalon.core.webui.keyword.WebUiBuiltInKeywords.getAttribute(batch, "value").trim(): Attribute 'value' of object '' is: '35800'

2018-06-09 20:01:01 - [MESSAGE][PASSED] - Attribute 'value' of object '' is: '35800'

2018-06-09 20:01:01 - [TEST_STEP][PASSED] - Statement - Rqty = 100: null

2018-06-09 20:01:01 - [TEST_STEP][PASSED] - Statement - out.println("BatchQty : " + batchqty): null

2018-06-09 20:01:01 - [TEST_STEP][PASSED] - Statement - out.println("RQty : " + Rqty): null

2018-06-09 20:01:01 - [TEST_STEP][PASSED] - Statement - If (java.lang.Integer.valueOf(batchqty) >= java.lang.Integer.valueOf(Rqty)): null

2018-06-09 20:01:01 - [TEST_STEP][PASSED] - Statement - Break: null

2018-06-09 20:01:01 - [TEST_STEP][PASSED] - Statement - batchlength = new com.kms.katalon.core.testobject.TestObject(): null

2018-06-09 20:01:01 - [TEST_STEP][PASSED] - Statement - batchlength = com.kms.katalon.core.webui.keyword.WebUiBuiltInKeywords.modifyObjectProperty(batchlength, "xpath", "equals", "//*[@id = "fldvendor" + row + ""]", true): Modify property of object successfully

2018-06-09 20:01:01 - [MESSAGE][PASSED] - Modify property of object successfully

2018-06-09 20:01:01 - [TEST_STEP][PASSED] - Statement - batchsize = com.kms.katalon.core.webui.keyword.WebUiBuiltInKeywords.getNumberOfTotalOption(batchlength): 14 options of object '' counted

2018-06-09 20:01:01 - [MESSAGE][PASSED] - 14 options of object '' counted

2018-06-09 20:01:01 - [TEST_STEP][PASSED] - Statement - out.println("BatchSize : " + batchsize): null

2018-06-09 20:01:01 - [TEST_STEP][PASSED] - Statement - For ([n = 1, n <= batchsize - 1, (n++)]): null

2018-06-09 20:01:01 - [TEST_STEP][PASSED] - Statement - product = new com.kms.katalon.core.testobject.TestObject(): null

2018-06-09 20:01:01 - [TEST_STEP][PASSED] - Statement - product = com.kms.katalon.core.webui.keyword.WebUiBuiltInKeywords.modifyObjectProperty(product, "xpath", "equals", "//*[@id = "fldvendor" + row + ""]", true): Modify property of object successfully

2018-06-09 20:01:01 - [MESSAGE][PASSED] - Modify property of object successfully

2018-06-09 20:01:01 - [TEST_STEP][PASSED] - selectOptionByIndex: All options with index in [1] are selected on object ''

2018-06-09 20:01:01 - [MESSAGE][PASSED] - All options with index in [1] are selected on object ''

2018-06-09 20:01:01 - [TEST_STEP][PASSED] - delay: Delayed 2 second(s)

2018-06-09 20:01:03 - [MESSAGE][PASSED] - Delayed 2 second(s)

2018-06-09 20:01:03 - [TEST_STEP][PASSED] - Statement - batch = new com.kms.katalon.core.testobject.TestObject(): null

2018-06-09 20:01:03 - [TEST_STEP][PASSED] - Statement - batch = com.kms.katalon.core.webui.keyword.WebUiBuiltInKeywords.modifyObjectProperty(batch, "xpath", "equals", "//*[@id = "txtbthqty" + row + ""]", true): Modify property of object successfully

2018-06-09 20:01:03 - [MESSAGE][PASSED] - Modify property of object successfully

2018-06-09 20:01:03 - [TEST_STEP][PASSED] - Statement - batchqty = com.kms.katalon.core.webui.keyword.WebUiBuiltInKeywords.getAttribute(batch, "value").trim(): Attribute 'value' of object '' is: '35800'

2018-06-09 20:01:03 - [MESSAGE][PASSED] - Attribute 'value' of object '' is: '35800'

2018-06-09 20:01:03 - [TEST_STEP][PASSED] - Statement - Rqty = 100: null

2018-06-09 20:01:03 - [TEST_STEP][PASSED] - Statement - out.println("BatchQty : " + batchqty): null

2018-06-09 20:01:03 - [TEST_STEP][PASSED] - Statement - out.println("RQty : " + Rqty): null

2018-06-09 20:01:03 - [TEST_STEP][PASSED] - Statement - If (java.lang.Integer.valueOf(batchqty) >= java.lang.Integer.valueOf(Rqty)): null

2018-06-09 20:01:03 - [TEST_STEP][PASSED] - Statement - Break: null

2018-06-09 20:01:03 - [TEST_STEP][PASSED] - Statement - batchlength = new com.kms.katalon.core.testobject.TestObject(): null

2018-06-09 20:01:03 - [TEST_STEP][PASSED] - Statement - batchlength = com.kms.katalon.core.webui.keyword.WebUiBuiltInKeywords.modifyObjectProperty(batchlength, "xpath", "equals", "//*[@id = "fldvendor" + row + ""]", true): Modify property of object successfully

2018-06-09 20:01:03 - [MESSAGE][PASSED] - Modify property of object successfully

2018-06-09 20:01:03 - [TEST_STEP][PASSED] - Statement - batchsize = com.kms.katalon.core.webui.keyword.WebUiBuiltInKeywords.getNumberOfTotalOption(batchlength): 14 options of object '' counted

2018-06-09 20:01:04 - [MESSAGE][PASSED] - 14 options of object '' counted

2018-06-09 20:01:04 - [TEST_STEP][PASSED] - Statement - out.println("BatchSize : " + batchsize): null

2018-06-09 20:01:04 - [TEST_STEP][PASSED] - Statement - For ([n = 1, n <= batchsize - 1, (n++)]): null

2018-06-09 20:01:04 - [TEST_STEP][PASSED] - Statement - product = new com.kms.katalon.core.testobject.TestObject(): null

2018-06-09 20:01:04 - [TEST_STEP][PASSED] - Statement - product = com.kms.katalon.core.webui.keyword.WebUiBuiltInKeywords.modifyObjectProperty(product, "xpath", "equals", "//*[@id = "fldvendor" + row + ""]", true): Modify property of object successfully

2018-06-09 20:01:04 - [MESSAGE][PASSED] - Modify property of object successfully

2018-06-09 20:01:04 - [TEST_STEP][PASSED] - selectOptionByIndex: All options with index in [1] are selected on object ''

2018-06-09 20:01:04 - [MESSAGE][PASSED] - All options with index in [1] are selected on object ''

2018-06-09 20:01:04 - [TEST_STEP][PASSED] - delay: Delayed 2 second(s)

2018-06-09 20:01:06 - [MESSAGE][PASSED] - Delayed 2 second(s)

2018-06-09 20:01:06 - [TEST_STEP][PASSED] - Statement - batch = new com.kms.katalon.core.testobject.TestObject(): null

2018-06-09 20:01:06 - [TEST_STEP][PASSED] - Statement - batch = com.kms.katalon.core.webui.keyword.WebUiBuiltInKeywords.modifyObjectProperty(batch, "xpath", "equals", "//*[@id = "txtbthqty" + row + ""]", true): Modify property of object successfully

2018-06-09 20:01:06 - [MESSAGE][PASSED] - Modify property of object successfully

2018-06-09 20:01:06 - [TEST_STEP][PASSED] - Statement - batchqty = com.kms.katalon.core.webui.keyword.WebUiBuiltInKeywords.getAttribute(batch, "value").trim(): Attribute 'value' of object '' is: '36800'

2018-06-09 20:01:06 - [MESSAGE][PASSED] - Attribute 'value' of object '' is: '36800'

2018-06-09 20:01:06 - [TEST_STEP][PASSED] - Statement - Rqty = 100: null

2018-06-09 20:01:06 - [TEST_STEP][PASSED] - Statement - out.println("BatchQty : " + batchqty): null

2018-06-09 20:01:06 - [TEST_STEP][PASSED] - Statement - out.println("RQty : " + Rqty): null

2018-06-09 20:01:06 - [TEST_STEP][PASSED] - Statement - If (java.lang.Integer.valueOf(batchqty) >= java.lang.Integer.valueOf(Rqty)): null

2018-06-09 20:01:06 - [TEST_STEP][PASSED] - Statement - Break: null

2018-06-09 20:01:06 - [TEST_STEP][PASSED] - Statement - batchlength = new com.kms.katalon.core.testobject.TestObject(): null

2018-06-09 20:01:06 - [TEST_STEP][PASSED] - Statement - batchlength = com.kms.katalon.core.webui.keyword.WebUiBuiltInKeywords.modifyObjectProperty(batchlength, "xpath", "equals", "//*[@id = "fldvendor" + row + ""]", true): Modify property of object successfully

2018-06-09 20:01:06 - [MESSAGE][PASSED] - Modify property of object successfully

2018-06-09 20:01:06 - [TEST_STEP][PASSED] - Statement - batchsize = com.kms.katalon.core.webui.keyword.WebUiBuiltInKeywords.getNumberOfTotalOption(batchlength): 14 options of object '' counted

2018-06-09 20:01:06 - [MESSAGE][PASSED] - 14 options of object '' counted

2018-06-09 20:01:06 - [TEST_STEP][PASSED] - Statement - out.println("BatchSize : " + batchsize): null

2018-06-09 20:01:06 - [TEST_STEP][PASSED] - Statement - For ([n = 1, n <= batchsize - 1, (n++)]): null

2018-06-09 20:01:06 - [TEST_STEP][PASSED] - Statement - product = new com.kms.katalon.core.testobject.TestObject(): null

2018-06-09 20:01:06 - [TEST_STEP][PASSED] - Statement - product = com.kms.katalon.core.webui.keyword.WebUiBuiltInKeywords.modifyObjectProperty(product, "xpath", "equals", "//*[@id = "fldvendor" + row + ""]", true): Modify property of object successfully

2018-06-09 20:01:06 - [MESSAGE][PASSED] - Modify property of object successfully

2018-06-09 20:01:06 - [TEST_STEP][PASSED] - selectOptionByIndex: All options with index in [1] are selected on object ''

2018-06-09 20:01:06 - [MESSAGE][PASSED] - All options with index in [1] are selected on object ''

2018-06-09 20:01:06 - [TEST_STEP][PASSED] - delay: Delayed 2 second(s)

2018-06-09 20:01:08 - [MESSAGE][PASSED] - Delayed 2 second(s)

2018-06-09 20:01:08 - [TEST_STEP][PASSED] - Statement - batch = new com.kms.katalon.core.testobject.TestObject(): null

2018-06-09 20:01:08 - [TEST_STEP][PASSED] - Statement - batch = com.kms.katalon.core.webui.keyword.WebUiBuiltInKeywords.modifyObjectProperty(batch, "xpath", "equals", "//*[@id = "txtbthqty" + row + ""]", true): Modify property of object successfully

2018-06-09 20:01:08 - [MESSAGE][PASSED] - Modify property of object successfully

2018-06-09 20:01:08 - [TEST_STEP][PASSED] - Statement - batchqty = com.kms.katalon.core.webui.keyword.WebUiBuiltInKeywords.getAttribute(batch, "value").trim(): Attribute 'value' of object '' is: '800'

2018-06-09 20:01:08 - [MESSAGE][PASSED] - Attribute 'value' of object '' is: '800'

2018-06-09 20:01:08 - [TEST_STEP][PASSED] - Statement - Rqty = 100: null

2018-06-09 20:01:08 - [TEST_STEP][PASSED] - Statement - out.println("BatchQty : " + batchqty): null

2018-06-09 20:01:08 - [TEST_STEP][PASSED] - Statement - out.println("RQty : " + Rqty): null

2018-06-09 20:01:08 - [TEST_STEP][PASSED] - Statement - If (java.lang.Integer.valueOf(batchqty) >= java.lang.Integer.valueOf(Rqty)): null

2018-06-09 20:01:08 - [TEST_STEP][PASSED] - Statement - Break: null

2018-06-09 20:01:08 - [TEST_STEP][PASSED] - Statement - batchlength = new com.kms.katalon.core.testobject.TestObject(): null

2018-06-09 20:01:08 - [TEST_STEP][PASSED] - Statement - batchlength = com.kms.katalon.core.webui.keyword.WebUiBuiltInKeywords.modifyObjectProperty(batchlength, "xpath", "equals", "//*[@id = "fldvendor" + row + ""]", true): Modify property of object successfully

2018-06-09 20:01:08 - [MESSAGE][PASSED] - Modify property of object successfully

2018-06-09 20:01:08 - [TEST_STEP][PASSED] - Statement - batchsize = com.kms.katalon.core.webui.keyword.WebUiBuiltInKeywords.getNumberOfTotalOption(batchlength): 14 options of object '' counted

2018-06-09 20:01:08 - [MESSAGE][PASSED] - 14 options of object '' counted

2018-06-09 20:01:08 - [TEST_STEP][PASSED] - Statement - out.println("BatchSize : " + batchsize): null

2018-06-09 20:01:08 - [TEST_STEP][PASSED] - Statement - For ([n = 1, n <= batchsize - 1, (n++)]): null

2018-06-09 20:01:08 - [TEST_STEP][PASSED] - Statement - product = new com.kms.katalon.core.testobject.TestObject(): null

2018-06-09 20:01:08 - [TEST_STEP][PASSED] - Statement - product = com.kms.katalon.core.webui.keyword.WebUiBuiltInKeywords.modifyObjectProperty(product, "xpath", "equals", "//*[@id = "fldvendor" + row + ""]", true): Modify property of object successfully

2018-06-09 20:01:08 - [MESSAGE][PASSED] - Modify property of object successfully

2018-06-09 20:01:08 - [TEST_STEP][PASSED] - selectOptionByIndex: All options with index in [1] are selected on object ''

2018-06-09 20:01:08 - [MESSAGE][PASSED] - All options with index in [1] are selected on object ''

2018-06-09 20:01:08 - [TEST_STEP][PASSED] - delay: Delayed 2 second(s)

2018-06-09 20:01:10 - [MESSAGE][PASSED] - Delayed 2 second(s)

2018-06-09 20:01:10 - [TEST_STEP][PASSED] - Statement - batch = new com.kms.katalon.core.testobject.TestObject(): null

2018-06-09 20:01:10 - [TEST_STEP][PASSED] - Statement - batch = com.kms.katalon.core.webui.keyword.WebUiBuiltInKeywords.modifyObjectProperty(batch, "xpath", "equals", "//*[@id = "txtbthqty" + row + ""]", true): Modify property of object successfully

2018-06-09 20:01:10 - [MESSAGE][PASSED] - Modify property of object successfully

2018-06-09 20:01:10 - [TEST_STEP][PASSED] - Statement - batchqty = com.kms.katalon.core.webui.keyword.WebUiBuiltInKeywords.getAttribute(batch, "value").trim(): Attribute 'value' of object '' is: '2900'

2018-06-09 20:01:10 - [MESSAGE][PASSED] - Attribute 'value' of object '' is: '2900'

2018-06-09 20:01:10 - [TEST_STEP][PASSED] - Statement - Rqty = 100: null

2018-06-09 20:01:10 - [TEST_STEP][PASSED] - Statement - out.println("BatchQty : " + batchqty): null

2018-06-09 20:01:10 - [TEST_STEP][PASSED] - Statement - out.println("RQty : " + Rqty): null

2018-06-09 20:01:10 - [TEST_STEP][PASSED] - Statement - If (java.lang.Integer.valueOf(batchqty) >= java.lang.Integer.valueOf(Rqty)): null

2018-06-09 20:01:10 - [TEST_STEP][PASSED] - Statement - Break: null

2018-06-09 20:01:10 - [TEST_STEP][PASSED] - Statement - batchlength = new com.kms.katalon.core.testobject.TestObject(): null

2018-06-09 20:01:10 - [TEST_STEP][PASSED] - Statement - batchlength = com.kms.katalon.core.webui.keyword.WebUiBuiltInKeywords.modifyObjectProperty(batchlength, "xpath", "equals", "//*[@id = "fldvendor" + row + ""]", true): Modify property of object successfully

2018-06-09 20:01:10 - [MESSAGE][PASSED] - Modify property of object successfully

2018-06-09 20:01:10 - [TEST_STEP][PASSED] - Statement - batchsize = com.kms.katalon.core.webui.keyword.WebUiBuiltInKeywords.getNumberOfTotalOption(batchlength): 14 options of object '' counted

2018-06-09 20:01:10 - [MESSAGE][PASSED] - 14 options of object '' counted

2018-06-09 20:01:10 - [TEST_STEP][PASSED] - Statement - out.println("BatchSize : " + batchsize): null

2018-06-09 20:01:10 - [TEST_STEP][PASSED] - Statement - For ([n = 1, n <= batchsize - 1, (n++)]): null

2018-06-09 20:01:10 - [TEST_STEP][PASSED] - Statement - product = new com.kms.katalon.core.testobject.TestObject(): null

2018-06-09 20:01:10 - [TEST_STEP][PASSED] - Statement - product = com.kms.katalon.core.webui.keyword.WebUiBuiltInKeywords.modifyObjectProperty(product, "xpath", "equals", "//*[@id = "fldvendor" + row + ""]", true): Modify property of object successfully

2018-06-09 20:01:10 - [MESSAGE][PASSED] - Modify property of object successfully

2018-06-09 20:01:10 - [TEST_STEP][PASSED] - selectOptionByIndex: All options with index in [1] are selected on object ''

2018-06-09 20:01:10 - [MESSAGE][PASSED] - All options with index in [1] are selected on object ''

2018-06-09 20:01:10 - [TEST_STEP][PASSED] - delay: Delayed 2 second(s)

2018-06-09 20:01:12 - [MESSAGE][PASSED] - Delayed 2 second(s)

2018-06-09 20:01:12 - [TEST_STEP][PASSED] - Statement - batch = new com.kms.katalon.core.testobject.TestObject(): null

2018-06-09 20:01:12 - [TEST_STEP][PASSED] - Statement - batch = com.kms.katalon.core.webui.keyword.WebUiBuiltInKeywords.modifyObjectProperty(batch, "xpath", "equals", "//*[@id = "txtbthqty" + row + ""]", true): Modify property of object successfully

2018-06-09 20:01:12 - [MESSAGE][PASSED] - Modify property of object successfully

2018-06-09 20:01:12 - [TEST_STEP][PASSED] - Statement - batchqty = com.kms.katalon.core.webui.keyword.WebUiBuiltInKeywords.getAttribute(batch, "value").trim(): Attribute 'value' of object '' is: '2900'

2018-06-09 20:01:12 - [MESSAGE][PASSED] - Attribute 'value' of object '' is: '2900'

2018-06-09 20:01:12 - [TEST_STEP][PASSED] - Statement - Rqty = 100: null

2018-06-09 20:01:12 - [TEST_STEP][PASSED] - Statement - out.println("BatchQty : " + batchqty): null

2018-06-09 20:01:12 - [TEST_STEP][PASSED] - Statement - out.println("RQty : " + Rqty): null

2018-06-09 20:01:12 - [TEST_STEP][PASSED] - Statement - If (java.lang.Integer.valueOf(batchqty) >= java.lang.Integer.valueOf(Rqty)): null

2018-06-09 20:01:12 - [TEST_STEP][PASSED] - Statement - Break: null

2018-06-09 20:01:12 - [TEST_STEP][PASSED] - Statement - batchlength = new com.kms.katalon.core.testobject.TestObject(): null

2018-06-09 20:01:12 - [TEST_STEP][PASSED] - Statement - batchlength = com.kms.katalon.core.webui.keyword.WebUiBuiltInKeywords.modifyObjectProperty(batchlength, "xpath", "equals", "//*[@id = "fldvendor" + row + ""]", true): Modify property of object successfully

2018-06-09 20:01:12 - [MESSAGE][PASSED] - Modify property of object successfully

2018-06-09 20:01:12 - [TEST_STEP][PASSED] - Statement - batchsize = com.kms.katalon.core.webui.keyword.WebUiBuiltInKeywords.getNumberOfTotalOption(batchlength): 14 options of object '' counted

2018-06-09 20:01:13 - [MESSAGE][PASSED] - 14 options of object '' counted

2018-06-09 20:01:13 - [TEST_STEP][PASSED] - Statement - out.println("BatchSize : " + batchsize): null

2018-06-09 20:01:13 - [TEST_STEP][PASSED] - Statement - For ([n = 1, n <= batchsize - 1, (n++)]): null

2018-06-09 20:01:13 - [TEST_STEP][PASSED] - Statement - product = new com.kms.katalon.core.testobject.TestObject(): null

2018-06-09 20:01:13 - [TEST_STEP][PASSED] - Statement - product = com.kms.katalon.core.webui.keyword.WebUiBuiltInKeywords.modifyObjectProperty(product, "xpath", "equals", "//*[@id = "fldvendor" + row + ""]", true): Modify property of object successfully

2018-06-09 20:01:13 - [MESSAGE][PASSED] - Modify property of object successfully

2018-06-09 20:01:13 - [TEST_STEP][PASSED] - selectOptionByIndex: All options with index in [1] are selected on object ''

2018-06-09 20:01:13 - [MESSAGE][PASSED] - All options with index in [1] are selected on object ''

2018-06-09 20:01:13 - [TEST_STEP][PASSED] - delay: Delayed 2 second(s)

2018-06-09 20:01:15 - [MESSAGE][PASSED] - Delayed 2 second(s)

2018-06-09 20:01:15 - [TEST_STEP][PASSED] - Statement - batch = new com.kms.katalon.core.testobject.TestObject(): null

2018-06-09 20:01:15 - [TEST_STEP][PASSED] - Statement - batch = com.kms.katalon.core.webui.keyword.WebUiBuiltInKeywords.modifyObjectProperty(batch, "xpath", "equals", "//*[@id = "txtbthqty" + row + ""]", true): Modify property of object successfully

2018-06-09 20:01:15 - [MESSAGE][PASSED] - Modify property of object successfully

2018-06-09 20:01:15 - [TEST_STEP][PASSED] - Statement - batchqty = com.kms.katalon.core.webui.keyword.WebUiBuiltInKeywords.getAttribute(batch, "value").trim(): Attribute 'value' of object '' is: '1800'

2018-06-09 20:01:15 - [MESSAGE][PASSED] - Attribute 'value' of object '' is: '1800'

2018-06-09 20:01:15 - [TEST_STEP][PASSED] - Statement - Rqty = 100: null

2018-06-09 20:01:15 - [TEST_STEP][PASSED] - Statement - out.println("BatchQty : " + batchqty): null

2018-06-09 20:01:15 - [TEST_STEP][PASSED] - Statement - out.println("RQty : " + Rqty): null

2018-06-09 20:01:15 - [TEST_STEP][PASSED] - Statement - If (java.lang.Integer.valueOf(batchqty) >= java.lang.Integer.valueOf(Rqty)): null

2018-06-09 20:01:15 - [TEST_STEP][PASSED] - Statement - Break: null

2018-06-09 20:01:15 - [TEST_STEP][PASSED] - Statement - batchlength = new com.kms.katalon.core.testobject.TestObject(): null

2018-06-09 20:01:15 - [TEST_STEP][PASSED] - Statement - batchlength = com.kms.katalon.core.webui.keyword.WebUiBuiltInKeywords.modifyObjectProperty(batchlength, "xpath", "equals", "//*[@id = "fldvendor" + row + ""]", true): Modify property of object successfully

2018-06-09 20:01:15 - [MESSAGE][PASSED] - Modify property of object successfully

2018-06-09 20:01:15 - [TEST_STEP][PASSED] - Statement - batchsize = com.kms.katalon.core.webui.keyword.WebUiBuiltInKeywords.getNumberOfTotalOption(batchlength): 14 options of object '' counted

2018-06-09 20:01:15 - [MESSAGE][PASSED] - 14 options of object '' counted

2018-06-09 20:01:15 - [TEST_STEP][PASSED] - Statement - out.println("BatchSize : " + batchsize): null

2018-06-09 20:01:15 - [TEST_STEP][PASSED] - Statement - For ([n = 1, n <= batchsize - 1, (n++)]): null

2018-06-09 20:01:15 - [TEST_STEP][PASSED] - Statement - product = new com.kms.katalon.core.testobject.TestObject(): null

2018-06-09 20:01:15 - [TEST_STEP][PASSED] - Statement - product = com.kms.katalon.core.webui.keyword.WebUiBuiltInKeywords.modifyObjectProperty(product, "xpath", "equals", "//*[@id = "fldvendor" + row + ""]", true): Modify property of object successfully

2018-06-09 20:01:15 - [MESSAGE][PASSED] - Modify property of object successfully

2018-06-09 20:01:15 - [TEST_STEP][PASSED] - selectOptionByIndex: All options with index in [1] are selected on object ''

2018-06-09 20:01:15 - [MESSAGE][PASSED] - All options with index in [1] are selected on object ''

2018-06-09 20:01:15 - [TEST_STEP][PASSED] - delay: Delayed 2 second(s)

2018-06-09 20:01:17 - [MESSAGE][PASSED] - Delayed 2 second(s)

2018-06-09 20:01:17 - [TEST_STEP][PASSED] - Statement - batch = new com.kms.katalon.core.testobject.TestObject(): null

2018-06-09 20:01:17 - [TEST_STEP][PASSED] - Statement - batch = com.kms.katalon.core.webui.keyword.WebUiBuiltInKeywords.modifyObjectProperty(batch, "xpath", "equals", "//*[@id = "txtbthqty" + row + ""]", true): Modify property of object successfully

2018-06-09 20:01:17 - [MESSAGE][PASSED] - Modify property of object successfully

2018-06-09 20:01:17 - [TEST_STEP][PASSED] - Statement - batchqty = com.kms.katalon.core.webui.keyword.WebUiBuiltInKeywords.getAttribute(batch, "value").trim(): Attribute 'value' of object '' is: '1800'

2018-06-09 20:01:17 - [MESSAGE][PASSED] - Attribute 'value' of object '' is: '1800'

2018-06-09 20:01:17 - [TEST_STEP][PASSED] - Statement - Rqty = 100: null

2018-06-09 20:01:17 - [TEST_STEP][PASSED] - Statement - out.println("BatchQty : " + batchqty): null

2018-06-09 20:01:17 - [TEST_STEP][PASSED] - Statement - out.println("RQty : " + Rqty): null

2018-06-09 20:01:17 - [TEST_STEP][PASSED] - Statement - If (java.lang.Integer.valueOf(batchqty) >= java.lang.Integer.valueOf(Rqty)): null

2018-06-09 20:01:17 - [TEST_STEP][PASSED] - Statement - Break: null

2018-06-09 20:01:17 - [TEST_STEP][PASSED] - Statement - batchlength = new com.kms.katalon.core.testobject.TestObject(): null

2018-06-09 20:01:17 - [TEST_STEP][PASSED] - Statement - batchlength = com.kms.katalon.core.webui.keyword.WebUiBuiltInKeywords.modifyObjectProperty(batchlength, "xpath", "equals", "//*[@id = "fldvendor" + row + ""]", true): Modify property of object successfully

2018-06-09 20:01:17 - [MESSAGE][PASSED] - Modify property of object successfully

2018-06-09 20:01:17 - [TEST_STEP][PASSED] - Statement - batchsize = com.kms.katalon.core.webui.keyword.WebUiBuiltInKeywords.getNumberOfTotalOption(batchlength): 14 options of object '' counted

2018-06-09 20:01:17 - [MESSAGE][PASSED] - 14 options of object '' counted

2018-06-09 20:01:17 - [TEST_STEP][PASSED] - Statement - out.println("BatchSize : " + batchsize): null

2018-06-09 20:01:17 - [TEST_STEP][PASSED] - Statement - For ([n = 1, n <= batchsize - 1, (n++)]): null

2018-06-09 20:01:17 - [TEST_STEP][PASSED] - Statement - product = new com.kms.katalon.core.testobject.TestObject(): null

2018-06-09 20:01:17 - [TEST_STEP][PASSED] - Statement - product = com.kms.katalon.core.webui.keyword.WebUiBuiltInKeywords.modifyObjectProperty(product, "xpath", "equals", "//*[@id = "fldvendor" + row + ""]", true): Modify property of object successfully

2018-06-09 20:01:17 - [MESSAGE][PASSED] - Modify property of object successfully

2018-06-09 20:01:17 - [TEST_STEP][PASSED] - selectOptionByIndex: All options with index in [1] are selected on object ''

2018-06-09 20:01:17 - [MESSAGE][PASSED] - All options with index in [1] are selected on object ''

2018-06-09 20:01:17 - [TEST_STEP][PASSED] - delay: Delayed 2 second(s)

2018-06-09 20:01:19 - [MESSAGE][PASSED] - Delayed 2 second(s)

2018-06-09 20:01:19 - [TEST_STEP][PASSED] - Statement - batch = new com.kms.katalon.core.testobject.TestObject(): null

2018-06-09 20:01:19 - [TEST_STEP][PASSED] - Statement - batch = com.kms.katalon.core.webui.keyword.WebUiBuiltInKeywords.modifyObjectProperty(batch, "xpath", "equals", "//*[@id = "txtbthqty" + row + ""]", true): Modify property of object successfully

2018-06-09 20:01:19 - [MESSAGE][PASSED] - Modify property of object successfully

2018-06-09 20:01:19 - [TEST_STEP][PASSED] - Statement - batchqty = com.kms.katalon.core.webui.keyword.WebUiBuiltInKeywords.getAttribute(batch, "value").trim(): Attribute 'value' of object '' is: '1800'

2018-06-09 20:01:19 - [MESSAGE][PASSED] - Attribute 'value' of object '' is: '1800'

2018-06-09 20:01:19 - [TEST_STEP][PASSED] - Statement - Rqty = 100: null

2018-06-09 20:01:19 - [TEST_STEP][PASSED] - Statement - out.println("BatchQty : " + batchqty): null

2018-06-09 20:01:19 - [TEST_STEP][PASSED] - Statement - out.println("RQty : " + Rqty): null

2018-06-09 20:01:19 - [TEST_STEP][PASSED] - Statement - If (java.lang.Integer.valueOf(batchqty) >= java.lang.Integer.valueOf(Rqty)): null

2018-06-09 20:01:19 - [TEST_STEP][PASSED] - Statement - Break: null

2018-06-09 20:01:19 - [TEST_STEP][PASSED] - Statement - batchlength = new com.kms.katalon.core.testobject.TestObject(): null

2018-06-09 20:01:19 - [TEST_STEP][PASSED] - Statement - batchlength = com.kms.katalon.core.webui.keyword.WebUiBuiltInKeywords.modifyObjectProperty(batchlength, "xpath", "equals", "//*[@id = "fldvendor" + row + ""]", true): Modify property of object successfully

2018-06-09 20:01:19 - [MESSAGE][PASSED] - Modify property of object successfully

2018-06-09 20:01:19 - [TEST_STEP][PASSED] - Statement - batchsize = com.kms.katalon.core.webui.keyword.WebUiBuiltInKeywords.getNumberOfTotalOption(batchlength): 14 options of object '' counted

2018-06-09 20:01:19 - [MESSAGE][PASSED] - 14 options of object '' counted

2018-06-09 20:01:19 - [TEST_STEP][PASSED] - Statement - out.println("BatchSize : " + batchsize): null

2018-06-09 20:01:19 - [TEST_STEP][PASSED] - Statement - For ([n = 1, n <= batchsize - 1, (n++)]): null

2018-06-09 20:01:19 - [TEST_STEP][PASSED] - Statement - product = new com.kms.katalon.core.testobject.TestObject(): null

2018-06-09 20:01:19 - [TEST_STEP][PASSED] - Statement - product = com.kms.katalon.core.webui.keyword.WebUiBuiltInKeywords.modifyObjectProperty(product, "xpath", "equals", "//*[@id = "fldvendor" + row + ""]", true): Modify property of object successfully

2018-06-09 20:01:19 - [MESSAGE][PASSED] - Modify property of object successfully

2018-06-09 20:01:19 - [TEST_STEP][PASSED] - selectOptionByIndex: All options with index in [1] are selected on object ''

2018-06-09 20:01:19 - [MESSAGE][PASSED] - All options with index in [1] are selected on object ''

2018-06-09 20:01:19 - [TEST_STEP][PASSED] - delay: Delayed 2 second(s)

2018-06-09 20:01:21 - [MESSAGE][PASSED] - Delayed 2 second(s)

2018-06-09 20:01:21 - [TEST_STEP][PASSED] - Statement - batch = new com.kms.katalon.core.testobject.TestObject(): null

2018-06-09 20:01:21 - [TEST_STEP][PASSED] - Statement - batch = com.kms.katalon.core.webui.keyword.WebUiBuiltInKeywords.modifyObjectProperty(batch, "xpath", "equals", "//*[@id = "txtbthqty" + row + ""]", true): Modify property of object successfully

2018-06-09 20:01:21 - [MESSAGE][PASSED] - Modify property of object successfully

2018-06-09 20:01:21 - [TEST_STEP][PASSED] - Statement - batchqty = com.kms.katalon.core.webui.keyword.WebUiBuiltInKeywords.getAttribute(batch, "value").trim(): Attribute 'value' of object '' is: '36800'

2018-06-09 20:01:22 - [MESSAGE][PASSED] - Attribute 'value' of object '' is: '36800'

2018-06-09 20:01:22 - [TEST_STEP][PASSED] - Statement - Rqty = 100: null

2018-06-09 20:01:22 - [TEST_STEP][PASSED] - Statement - out.println("BatchQty : " + batchqty): null

2018-06-09 20:01:22 - [TEST_STEP][PASSED] - Statement - out.println("RQty : " + Rqty): null

2018-06-09 20:01:22 - [TEST_STEP][PASSED] - Statement - If (java.lang.Integer.valueOf(batchqty) >= java.lang.Integer.valueOf(Rqty)): null

2018-06-09 20:01:22 - [TEST_STEP][PASSED] - Statement - Break: null

2018-06-09 20:01:22 - [TEST_STEP][PASSED] - Statement - batchlength = new com.kms.katalon.core.testobject.TestObject(): null

2018-06-09 20:01:22 - [TEST_STEP][PASSED] - Statement - batchlength = com.kms.katalon.core.webui.keyword.WebUiBuiltInKeywords.modifyObjectProperty(batchlength, "xpath", "equals", "//*[@id = "fldvendor" + row + ""]", true): Modify property of object successfully

2018-06-09 20:01:22 - [MESSAGE][PASSED] - Modify property of object successfully

2018-06-09 20:01:22 - [TEST_STEP][PASSED] - Statement - batchsize = com.kms.katalon.core.webui.keyword.WebUiBuiltInKeywords.getNumberOfTotalOption(batchlength): 14 options of object '' counted

2018-06-09 20:01:22 - [MESSAGE][PASSED] - 14 options of object '' counted

2018-06-09 20:01:22 - [TEST_STEP][PASSED] - Statement - out.println("BatchSize : " + batchsize): null

2018-06-09 20:01:22 - [TEST_STEP][PASSED] - Statement - For ([n = 1, n <= batchsize - 1, (n++)]): null

2018-06-09 20:01:22 - [TEST_STEP][PASSED] - Statement - product = new com.kms.katalon.core.testobject.TestObject(): null

2018-06-09 20:01:22 - [TEST_STEP][PASSED] - Statement - product = com.kms.katalon.core.webui.keyword.WebUiBuiltInKeywords.modifyObjectProperty(product, "xpath", "equals", "//*[@id = "fldvendor" + row + ""]", true): Modify property of object successfully

2018-06-09 20:01:22 - [MESSAGE][PASSED] - Modify property of object successfully

2018-06-09 20:01:22 - [TEST_STEP][PASSED] - selectOptionByIndex: All options with index in [1] are selected on object ''

2018-06-09 20:01:22 - [MESSAGE][PASSED] - All options with index in [1] are selected on object ''

2018-06-09 20:01:22 - [TEST_STEP][PASSED] - delay: Delayed 2 second(s)

2018-06-09 20:01:24 - [MESSAGE][PASSED] - Delayed 2 second(s)

2018-06-09 20:01:24 - [TEST_STEP][PASSED] - Statement - batch = new com.kms.katalon.core.testobject.TestObject(): null

2018-06-09 20:01:24 - [TEST_STEP][PASSED] - Statement - batch = com.kms.katalon.core.webui.keyword.WebUiBuiltInKeywords.modifyObjectProperty(batch, "xpath", "equals", "//*[@id = "txtbthqty" + row + ""]", true): Modify property of object successfully

2018-06-09 20:01:24 - [MESSAGE][PASSED] - Modify property of object successfully

2018-06-09 20:01:24 - [TEST_STEP][PASSED] - Statement - batchqty = com.kms.katalon.core.webui.keyword.WebUiBuiltInKeywords.getAttribute(batch, "value").trim(): Attribute 'value' of object '' is: '800'

2018-06-09 20:01:24 - [MESSAGE][PASSED] - Attribute 'value' of object '' is: '800'

2018-06-09 20:01:24 - [TEST_STEP][PASSED] - Statement - Rqty = 100: null

2018-06-09 20:01:24 - [TEST_STEP][PASSED] - Statement - out.println("BatchQty : " + batchqty): null

2018-06-09 20:01:24 - [TEST_STEP][PASSED] - Statement - out.println("RQty : " + Rqty): null

2018-06-09 20:01:24 - [TEST_STEP][PASSED] - Statement - If (java.lang.Integer.valueOf(batchqty) >= java.lang.Integer.valueOf(Rqty)): null

2018-06-09 20:01:24 - [TEST_STEP][PASSED] - Statement - Break: null

2018-06-09 20:01:24 - [TEST_STEP][PASSED] - Statement - batchlength = new com.kms.katalon.core.testobject.TestObject(): null

2018-06-09 20:01:24 - [TEST_STEP][PASSED] - Statement - batchlength = com.kms.katalon.core.webui.keyword.WebUiBuiltInKeywords.modifyObjectProperty(batchlength, "xpath", "equals", "//*[@id = "fldvendor" + row + ""]", true): Modify property of object successfully

2018-06-09 20:01:24 - [MESSAGE][PASSED] - Modify property of object successfully

2018-06-09 20:01:24 - [TEST_STEP][PASSED] - Statement - batchsize = com.kms.katalon.core.webui.keyword.WebUiBuiltInKeywords.getNumberOfTotalOption(batchlength): 14 options of object '' counted

2018-06-09 20:01:24 - [MESSAGE][PASSED] - 14 options of object '' counted

2018-06-09 20:01:24 - [TEST_STEP][PASSED] - Statement - out.println("BatchSize : " + batchsize): null

2018-06-09 20:01:24 - [TEST_STEP][PASSED] - Statement - For ([n = 1, n <= batchsize - 1, (n++)]): null

2018-06-09 20:01:24 - [TEST_STEP][PASSED] - Statement - product = new com.kms.katalon.core.testobject.TestObject(): null

2018-06-09 20:01:24 - [TEST_STEP][PASSED] - Statement - product = com.kms.katalon.core.webui.keyword.WebUiBuiltInKeywords.modifyObjectProperty(product, "xpath", "equals", "//*[@id = "fldvendor" + row + ""]", true): Modify property of object successfully

2018-06-09 20:01:24 - [MESSAGE][PASSED] - Modify property of object successfully

2018-06-09 20:01:24 - [TEST_STEP][PASSED] - selectOptionByIndex: All options with index in [1] are selected on object ''

2018-06-09 20:01:24 - [MESSAGE][PASSED] - All options with index in [1] are selected on object ''

2018-06-09 20:01:24 - [TEST_STEP][PASSED] - delay: Delayed 2 second(s)

2018-06-09 20:01:26 - [MESSAGE][PASSED] - Delayed 2 second(s)

2018-06-09 20:01:26 - [TEST_STEP][PASSED] - Statement - batch = new com.kms.katalon.core.testobject.TestObject(): null

2018-06-09 20:01:26 - [TEST_STEP][PASSED] - Statement - batch = com.kms.katalon.core.webui.keyword.WebUiBuiltInKeywords.modifyObjectProperty(batch, "xpath", "equals", "//*[@id = "txtbthqty" + row + ""]", true): Modify property of object successfully

2018-06-09 20:01:26 - [MESSAGE][PASSED] - Modify property of object successfully

2018-06-09 20:01:26 - [TEST_STEP][PASSED] - Statement - batchqty = com.kms.katalon.core.webui.keyword.WebUiBuiltInKeywords.getAttribute(batch, "value").trim(): Attribute 'value' of object '' is: '800'

2018-06-09 20:01:26 - [MESSAGE][PASSED] - Attribute 'value' of object '' is: '800'

2018-06-09 20:01:26 - [TEST_STEP][PASSED] - Statement - Rqty = 100: null

2018-06-09 20:01:26 - [TEST_STEP][PASSED] - Statement - out.println("BatchQty : " + batchqty): null

2018-06-09 20:01:26 - [TEST_STEP][PASSED] - Statement - out.println("RQty : " + Rqty): null

2018-06-09 20:01:26 - [TEST_STEP][PASSED] - Statement - If (java.lang.Integer.valueOf(batchqty) >= java.lang.Integer.valueOf(Rqty)): null

2018-06-09 20:01:26 - [TEST_STEP][PASSED] - Statement - Break: null

2018-06-09 20:01:26 - [TEST_STEP][PASSED] - Statement - batchlength = new com.kms.katalon.core.testobject.TestObject(): null

2018-06-09 20:01:26 - [TEST_STEP][PASSED] - Statement - batchlength = com.kms.katalon.core.webui.keyword.WebUiBuiltInKeywords.modifyObjectProperty(batchlength, "xpath", "equals", "//*[@id = "fldvendor" + row + ""]", true): Modify property of object successfully

2018-06-09 20:01:26 - [MESSAGE][PASSED] - Modify property of object successfully

2018-06-09 20:01:26 - [TEST_STEP][PASSED] - Statement - batchsize = com.kms.katalon.core.webui.keyword.WebUiBuiltInKeywords.getNumberOfTotalOption(batchlength): 14 options of object '' counted

2018-06-09 20:01:26 - [MESSAGE][PASSED] - 14 options of object '' counted

2018-06-09 20:01:26 - [TEST_STEP][PASSED] - Statement - out.println("BatchSize : " + batchsize): null

2018-06-09 20:01:26 - [TEST_STEP][PASSED] - Statement - For ([n = 1, n <= batchsize - 1, (n++)]): null

2018-06-09 20:01:26 - [TEST_STEP][PASSED] - Statement - product = new com.kms.katalon.core.testobject.TestObject(): null

2018-06-09 20:01:26 - [TEST_STEP][PASSED] - Statement - product = com.kms.katalon.core.webui.keyword.WebUiBuiltInKeywords.modifyObjectProperty(product, "xpath", "equals", "//*[@id = "fldvendor" + row + ""]", true): Modify property of object successfully

2018-06-09 20:01:26 - [MESSAGE][PASSED] - Modify property of object successfully

2018-06-09 20:01:26 - [TEST_STEP][PASSED] - selectOptionByIndex: All options with index in [1] are selected on object ''

2018-06-09 20:01:26 - [MESSAGE][PASSED] - All options with index in [1] are selected on object ''

2018-06-09 20:01:26 - [TEST_STEP][PASSED] - delay: Delayed 2 second(s)

2018-06-09 20:01:28 - [MESSAGE][PASSED] - Delayed 2 second(s)

2018-06-09 20:01:28 - [TEST_STEP][PASSED] - Statement - batch = new com.kms.katalon.core.testobject.TestObject(): null

2018-06-09 20:01:28 - [TEST_STEP][PASSED] - Statement - batch = com.kms.katalon.core.webui.keyword.WebUiBuiltInKeywords.modifyObjectProperty(batch, "xpath", "equals", "//*[@id = "txtbthqty" + row + ""]", true): Modify property of object successfully

2018-06-09 20:01:28 - [MESSAGE][PASSED] - Modify property of object successfully

2018-06-09 20:01:28 - [TEST_STEP][PASSED] - Statement - batchqty = com.kms.katalon.core.webui.keyword.WebUiBuiltInKeywords.getAttribute(batch, "value").trim(): Attribute 'value' of object '' is: '2800'

2018-06-09 20:01:28 - [MESSAGE][PASSED] - Attribute 'value' of object '' is: '2800'

2018-06-09 20:01:28 - [TEST_STEP][PASSED] - Statement - Rqty = 100: null

2018-06-09 20:01:28 - [TEST_STEP][PASSED] - Statement - out.println("BatchQty : " + batchqty): null

2018-06-09 20:01:28 - [TEST_STEP][PASSED] - Statement - out.println("RQty : " + Rqty): null

2018-06-09 20:01:28 - [TEST_STEP][PASSED] - Statement - If (java.lang.Integer.valueOf(batchqty) >= java.lang.Integer.valueOf(Rqty)): null

2018-06-09 20:01:28 - [TEST_STEP][PASSED] - Statement - Break: null

2018-06-09 20:01:28 - [TEST_STEP][PASSED] - Statement - batchlength = new com.kms.katalon.core.testobject.TestObject(): null

2018-06-09 20:01:28 - [TEST_STEP][PASSED] - Statement - batchlength = com.kms.katalon.core.webui.keyword.WebUiBuiltInKeywords.modifyObjectProperty(batchlength, "xpath", "equals", "//*[@id = "fldvendor" + row + ""]", true): Modify property of object successfully

2018-06-09 20:01:28 - [MESSAGE][PASSED] - Modify property of object successfully

2018-06-09 20:01:28 - [TEST_STEP][PASSED] - Statement - batchsize = com.kms.katalon.core.webui.keyword.WebUiBuiltInKeywords.getNumberOfTotalOption(batchlength): 14 options of object '' counted

2018-06-09 20:01:28 - [MESSAGE][PASSED] - 14 options of object '' counted

2018-06-09 20:01:28 - [TEST_STEP][PASSED] - Statement - out.println("BatchSize : " + batchsize): null

2018-06-09 20:01:28 - [TEST_STEP][PASSED] - Statement - For ([n = 1, n <= batchsize - 1, (n++)]): null

2018-06-09 20:01:28 - [TEST_STEP][PASSED] - Statement - product = new com.kms.katalon.core.testobject.TestObject(): null

2018-06-09 20:01:28 - [TEST_STEP][PASSED] - Statement - product = com.kms.katalon.core.webui.keyword.WebUiBuiltInKeywords.modifyObjectProperty(product, "xpath", "equals", "//*[@id = "fldvendor" + row + ""]", true): Modify property of object successfully

2018-06-09 20:01:28 - [MESSAGE][PASSED] - Modify property of object successfully

2018-06-09 20:01:28 - [TEST_STEP][PASSED] - selectOptionByIndex: All options with index in [1] are selected on object ''

2018-06-09 20:01:28 - [MESSAGE][PASSED] - All options with index in [1] are selected on object ''

2018-06-09 20:01:28 - [TEST_STEP][PASSED] - delay: Delayed 2 second(s)

2018-06-09 20:01:30 - [MESSAGE][PASSED] - Delayed 2 second(s)

2018-06-09 20:01:30 - [TEST_STEP][PASSED] - Statement - batch = new com.kms.katalon.core.testobject.TestObject(): null

2018-06-09 20:01:30 - [TEST_STEP][PASSED] - Statement - batch = com.kms.katalon.core.webui.keyword.WebUiBuiltInKeywords.modifyObjectProperty(batch, "xpath", "equals", "//*[@id = "txtbthqty" + row + ""]", true): Modify property of object successfully

2018-06-09 20:01:30 - [MESSAGE][PASSED] - Modify property of object successfully

2018-06-09 20:01:30 - [TEST_STEP][PASSED] - Statement - batchqty = com.kms.katalon.core.webui.keyword.WebUiBuiltInKeywords.getAttribute(batch, "value").trim(): Attribute 'value' of object '' is: '800'

2018-06-09 20:01:31 - [MESSAGE][PASSED] - Attribute 'value' of object '' is: '800'

2018-06-09 20:01:31 - [TEST_STEP][PASSED] - Statement - Rqty = 100: null

2018-06-09 20:01:31 - [TEST_STEP][PASSED] - Statement - out.println("BatchQty : " + batchqty): null

2018-06-09 20:01:31 - [TEST_STEP][PASSED] - Statement - out.println("RQty : " + Rqty): null

2018-06-09 20:01:31 - [TEST_STEP][PASSED] - Statement - If (java.lang.Integer.valueOf(batchqty) >= java.lang.Integer.valueOf(Rqty)): null

2018-06-09 20:01:31 - [TEST_STEP][PASSED] - Statement - Break: null

2018-06-09 20:01:31 - [TEST_STEP][PASSED] - Statement - batchlength = new com.kms.katalon.core.testobject.TestObject(): null

2018-06-09 20:01:31 - [TEST_STEP][PASSED] - Statement - batchlength = com.kms.katalon.core.webui.keyword.WebUiBuiltInKeywords.modifyObjectProperty(batchlength, "xpath", "equals", "//*[@id = "fldvendor" + row + ""]", true): Modify property of object successfully

2018-06-09 20:01:31 - [MESSAGE][PASSED] - Modify property of object successfully

2018-06-09 20:01:31 - [TEST_STEP][PASSED] - Statement - batchsize = com.kms.katalon.core.webui.keyword.WebUiBuiltInKeywords.getNumberOfTotalOption(batchlength): 14 options of object '' counted

2018-06-09 20:01:31 - [MESSAGE][PASSED] - 14 options of object '' counted

2018-06-09 20:01:31 - [TEST_STEP][PASSED] - Statement - out.println("BatchSize : " + batchsize): null

2018-06-09 20:01:31 - [TEST_STEP][PASSED] - Statement - For ([n = 1, n <= batchsize - 1, (n++)]): null

2018-06-09 20:01:31 - [TEST_STEP][PASSED] - Statement - product = new com.kms.katalon.core.testobject.TestObject(): null

2018-06-09 20:01:31 - [TEST_STEP][PASSED] - Statement - product = com.kms.katalon.core.webui.keyword.WebUiBuiltInKeywords.modifyObjectProperty(product, "xpath", "equals", "//*[@id = "fldvendor" + row + ""]", true): Modify property of object successfully

2018-06-09 20:01:31 - [MESSAGE][PASSED] - Modify property of object successfully

2018-06-09 20:01:31 - [TEST_STEP][PASSED] - selectOptionByIndex: All options with index in [1] are selected on object ''

2018-06-09 20:01:31 - [MESSAGE][PASSED] - All options with index in [1] are selected on object ''

2018-06-09 20:01:31 - [TEST_STEP][PASSED] - delay: Delayed 2 second(s)

2018-06-09 20:01:33 - [MESSAGE][PASSED] - Delayed 2 second(s)

2018-06-09 20:01:33 - [TEST_STEP][PASSED] - Statement - batch = new com.kms.katalon.core.testobject.TestObject(): null

2018-06-09 20:01:33 - [TEST_STEP][PASSED] - Statement - batch = com.kms.katalon.core.webui.keyword.WebUiBuiltInKeywords.modifyObjectProperty(batch, "xpath", "equals", "//*[@id = "txtbthqty" + row + ""]", true): Modify property of object successfully

2018-06-09 20:01:33 - [MESSAGE][PASSED] - Modify property of object successfully

2018-06-09 20:01:33 - [TEST_STEP][PASSED] - Statement - batchqty = com.kms.katalon.core.webui.keyword.WebUiBuiltInKeywords.getAttribute(batch, "value").trim(): Attribute 'value' of object '' is: '4500'

2018-06-09 20:01:33 - [MESSAGE][PASSED] - Attribute 'value' of object '' is: '4500'

2018-06-09 20:01:33 - [TEST_STEP][PASSED] - Statement - Rqty = 100: null

2018-06-09 20:01:33 - [TEST_STEP][PASSED] - Statement - out.println("BatchQty : " + batchqty): null

2018-06-09 20:01:33 - [TEST_STEP][PASSED] - Statement - out.println("RQty : " + Rqty): null

2018-06-09 20:01:33 - [TEST_STEP][PASSED] - Statement - If (java.lang.Integer.valueOf(batchqty) >= java.lang.Integer.valueOf(Rqty)): null

2018-06-09 20:01:33 - [TEST_STEP][PASSED] - Statement - Break: null

2018-06-09 20:01:33 - [TEST_STEP][PASSED] - Statement - batchlength = new com.kms.katalon.core.testobject.TestObject(): null

2018-06-09 20:01:33 - [TEST_STEP][PASSED] - Statement - batchlength = com.kms.katalon.core.webui.keyword.WebUiBuiltInKeywords.modifyObjectProperty(batchlength, "xpath", "equals", "//*[@id = "fldvendor" + row + ""]", true): Modify property of object successfully

2018-06-09 20:01:33 - [MESSAGE][PASSED] - Modify property of object successfully

2018-06-09 20:01:33 - [TEST_STEP][PASSED] - Statement - batchsize = com.kms.katalon.core.webui.keyword.WebUiBuiltInKeywords.getNumberOfTotalOption(batchlength): 14 options of object '' counted

2018-06-09 20:01:33 - [MESSAGE][PASSED] - 14 options of object '' counted

2018-06-09 20:01:33 - [TEST_STEP][PASSED] - Statement - out.println("BatchSize : " + batchsize): null

2018-06-09 20:01:33 - [TEST_STEP][PASSED] - Statement - For ([n = 1, n <= batchsize - 1, (n++)]): null

2018-06-09 20:01:33 - [TEST_STEP][PASSED] - Statement - product = new com.kms.katalon.core.testobject.TestObject(): null

2018-06-09 20:01:33 - [TEST_STEP][PASSED] - Statement - product = com.kms.katalon.core.webui.keyword.WebUiBuiltInKeywords.modifyObjectProperty(product, "xpath", "equals", "//*[@id = "fldvendor" + row + ""]", true): Modify property of object successfully

2018-06-09 20:01:33 - [MESSAGE][PASSED] - Modify property of object successfully

2018-06-09 20:01:33 - [TEST_STEP][PASSED] - selectOptionByIndex: All options with index in [1] are selected on object ''

2018-06-09 20:01:33 - [MESSAGE][PASSED] - All options with index in [1] are selected on object ''

2018-06-09 20:01:33 - [TEST_STEP][PASSED] - delay: Delayed 2 second(s)

2018-06-09 20:01:35 - [MESSAGE][PASSED] - Delayed 2 second(s)

2018-06-09 20:01:35 - [TEST_STEP][PASSED] - Statement - batch = new com.kms.katalon.core.testobject.TestObject(): null

2018-06-09 20:01:35 - [TEST_STEP][PASSED] - Statement - batch = com.kms.katalon.core.webui.keyword.WebUiBuiltInKeywords.modifyObjectProperty(batch, "xpath", "equals", "//*[@id = "txtbthqty" + row + ""]", true): Modify property of object successfully

2018-06-09 20:01:35 - [MESSAGE][PASSED] - Modify property of object successfully

2018-06-09 20:01:35 - [TEST_STEP][PASSED] - Statement - batchqty = com.kms.katalon.core.webui.keyword.WebUiBuiltInKeywords.getAttribute(batch, "value").trim(): Attribute 'value' of object '' is: '35800'

2018-06-09 20:01:35 - [MESSAGE][PASSED] - Attribute 'value' of object '' is: '35800'

2018-06-09 20:01:35 - [TEST_STEP][PASSED] - Statement - Rqty = 100: null

2018-06-09 20:01:35 - [TEST_STEP][PASSED] - Statement - out.println("BatchQty : " + batchqty): null

2018-06-09 20:01:35 - [TEST_STEP][PASSED] - Statement - out.println("RQty : " + Rqty): null

2018-06-09 20:01:35 - [TEST_STEP][PASSED] - Statement - If (java.lang.Integer.valueOf(batchqty) >= java.lang.Integer.valueOf(Rqty)): null

2018-06-09 20:01:35 - [TEST_STEP][PASSED] - Statement - Break: null

2018-06-09 20:01:35 - [TEST_STEP][PASSED] - click: Object: 'Object Repository/store Request Schedule 1/Page_KDMC - CMS/input_btndispatch' is clicked on

2018-06-09 20:01:35 - [MESSAGE][PASSED] - Object: 'Object Repository/store Request Schedule 1/Page_KDMC - CMS/input_btndispatch' is clicked on

2018-06-09 20:01:35 - [TEST_STEP][PASSED] - waitForElementVisible: Object 'Object Repository/store Request Schedule 1/Page_KDMC - CMS/button_OK' is visible

2018-06-09 20:01:37 - [MESSAGE][PASSED] - Object 'Object Repository/store Request Schedule 1/Page_KDMC - CMS/button_OK' is visible

2018-06-09 20:01:37 - [TEST_STEP][PASSED] - click: Object: 'Object Repository/store Request Schedule 1/Page_KDMC - CMS/button_OK' is clicked on

2018-06-09 20:01:37 - [MESSAGE][PASSED] - Object: 'Object Repository/store Request Schedule 1/Page_KDMC - CMS/button_OK' is clicked on

2018-06-09 20:01:37 - [TEST_STEP][PASSED] - delay: Delayed 3 second(s)

2018-06-09 20:01:40 - [MESSAGE][PASSED] - Delayed 3 second(s)

2018-06-09 20:01:40 - [TEST_STEP][PASSED] - click: Object: 'Object Repository/store Request Schedule 1/Page_KDMC - CMS/a_dropdown-toggle' is clicked on

2018-06-09 20:01:41 - [MESSAGE][PASSED] - Object: 'Object Repository/store Request Schedule 1/Page_KDMC - CMS/a_dropdown-toggle' is clicked on

2018-06-09 20:01:41 - [TEST_STEP][PASSED] - click: Object: 'Object Repository/store Request Schedule 1/Page_KDMC - CMS/a_Sign out' is clicked on

2018-06-09 20:01:41 - [MESSAGE][PASSED] - Object: 'Object Repository/store Request Schedule 1/Page_KDMC - CMS/a_Sign out' is clicked on

2018-06-09 20:01:41 - [TEST_STEP][PASSED] - delay: Delayed 3 second(s)

2018-06-09 20:01:44 - [MESSAGE][PASSED] - Delayed 3 second(s)

2018-06-09 20:01:44 - [TEST_STEP][PASSED] - click: Object: 'Object Repository/Store Request Schedule 1/Page_KDMC/a_Divisional Store' is clicked on

2018-06-09 20:01:45 - [MESSAGE][PASSED] - Object: 'Object Repository/Store Request Schedule 1/Page_KDMC/a_Divisional Store' is clicked on

2018-06-09 20:01:45 - [TEST_STEP][PASSED] - setText: Text 'ragu' is set on object 'Object Repository/Store Request Schedule 1/Page_Divisonal Store Login/input_txtusername'

2018-06-09 20:01:45 - [MESSAGE][PASSED] - Text 'ragu' is set on object 'Object Repository/Store Request Schedule 1/Page_Divisonal Store Login/input_txtusername'

2018-06-09 20:01:45 - [TEST_STEP][PASSED] - setText: Text '123' is set on object 'Object Repository/Store Request Schedule 1/Page_Divisonal Store Login/input_txtpassword'

2018-06-09 20:01:45 - [MESSAGE][PASSED] - Text '123' is set on object 'Object Repository/Store Request Schedule 1/Page_Divisonal Store Login/input_txtpassword'

2018-06-09 20:01:45 - [TEST_STEP][PASSED] - delay: Delayed 3 second(s)

2018-06-09 20:01:48 - [MESSAGE][PASSED] - Delayed 3 second(s)

2018-06-09 20:01:48 - [TEST_STEP][PASSED] - click: Object: 'Object Repository/Store Request Schedule 1/Page_Divisonal Store Login/button_Sign in' is clicked on

2018-06-09 20:01:49 - [MESSAGE][PASSED] - Object: 'Object Repository/Store Request Schedule 1/Page_Divisonal Store Login/button_Sign in' is clicked on

2018-06-09 20:01:49 - [TEST_STEP][PASSED] - delay: Delayed 3 second(s)

2018-06-09 20:01:52 - [MESSAGE][PASSED] - Delayed 3 second(s)

2018-06-09 20:01:52 - [TEST_STEP][PASSED] - click: Object: 'Object Repository/Store Request Schedule 1/Page_Store/a_CMS' is clicked on

2018-06-09 20:01:52 - [MESSAGE][PASSED] - Object: 'Object Repository/Store Request Schedule 1/Page_Store/a_CMS' is clicked on

2018-06-09 20:01:52 - [TEST_STEP][PASSED] - delay: Delayed 2 second(s)

2018-06-09 20:01:54 - [MESSAGE][PASSED] - Delayed 2 second(s)

2018-06-09 20:01:54 - [TEST_STEP][PASSED] - click: Object: 'Object Repository/Store Request Schedule 1/Page_Store/a_Receiving Goods' is clicked on

2018-06-09 20:01:56 - [MESSAGE][PASSED] - Object: 'Object Repository/Store Request Schedule 1/Page_Store/a_Receiving Goods' is clicked on

2018-06-09 20:01:56 - [TEST_STEP][PASSED] - setText: Text 'PRNO/09062018/723' is set on object 'Object Repository/Store Request Schedule 1/Page_Store/input'

2018-06-09 20:01:56 - [MESSAGE][PASSED] - Text 'PRNO/09062018/723' is set on object 'Object Repository/Store Request Schedule 1/Page_Store/input'

2018-06-09 20:01:56 - [TEST_STEP][PASSED] - click: Object: 'Object Repository/Store Request Schedule 1/Page_Store/input_btn btn-primary' is clicked on

2018-06-09 20:01:56 - [MESSAGE][PASSED] - Object: 'Object Repository/Store Request Schedule 1/Page_Store/input_btn btn-primary' is clicked on

2018-06-09 20:01:56 - [TEST_STEP][PASSED] - delay: Delayed 2 second(s)

2018-06-09 20:01:58 - [MESSAGE][PASSED] - Delayed 2 second(s)

2018-06-09 20:01:58 - [TEST_STEP][PASSED] - click: Object: 'Object Repository/Store Request Schedule 1/Page_Store/input_chkrem' is clicked on

2018-06-09 20:01:58 - [MESSAGE][PASSED] - Object: 'Object Repository/Store Request Schedule 1/Page_Store/input_chkrem' is clicked on

2018-06-09 20:01:58 - [TEST_STEP][PASSED] - scrollToElement: Scroll to object 'Object Repository/Store Request Schedule 1/Page_Store/input_btchkroqadd' successfully

2018-06-09 20:01:58 - [MESSAGE][PASSED] - Scroll to object 'Object Repository/Store Request Schedule 1/Page_Store/input_btchkroqadd' successfully

2018-06-09 20:01:58 - [TEST_STEP][PASSED] - click: Object: 'Object Repository/Store Request Schedule 1/Page_Store/input_btchkroqadd' is clicked on

2018-06-09 20:01:58 - [MESSAGE][PASSED] - Object: 'Object Repository/Store Request Schedule 1/Page_Store/input_btchkroqadd' is clicked on

2018-06-09 20:01:58 - [TEST_STEP][PASSED] - delay: Delayed 2 second(s)

2018-06-09 20:02:00 - [MESSAGE][PASSED] - Delayed 2 second(s)

2018-06-09 20:02:00 - [TEST_STEP][PASSED] - refresh: Refresh successfully

2018-06-09 20:02:01 - [MESSAGE][PASSED] - Refresh successfully

2018-06-09 20:02:01 - [TEST_STEP][PASSED] - delay: Delayed 3 second(s)

2018-06-09 20:02:04 - [MESSAGE][PASSED] - Delayed 3 second(s)

2018-06-09 20:02:04 - [TEST_STEP][PASSED] - click: Object: 'Object Repository/Store Request Schedule 1/Page_Store/a_dropdown-toggle' is clicked on

2018-06-09 20:02:04 - [MESSAGE][PASSED] - Object: 'Object Repository/Store Request Schedule 1/Page_Store/a_dropdown-toggle' is clicked on

2018-06-09 20:02:04 - [TEST_STEP][PASSED] - click: Object: 'Object Repository/Store Request Schedule 1/Page_Store/a_Sign out' is clicked on

2018-06-09 20:02:05 - [MESSAGE][PASSED] - Object: 'Object Repository/Store Request Schedule 1/Page_Store/a_Sign out' is clicked on

2018-06-09 20:02:05 - [TEST_STEP][PASSED] - closeBrowser: Browser is closed

2018-06-09 20:02:05 - [MESSAGE][PASSED] - Browser is closed

2018-06-09 20:02:05 - [TEST_STEP][PASSED] - Statement - out.println("Schedule 9 STORE Request Are Working Successfully"): null]]></system-out>
         <system-err><![CDATA[]]></system-err>
      </testcase>
      <testcase name="Test Cases/STORE TO CMS REQUEST TEST CASES/TC_STCMS_010 To Verify Schedule 10 Store To CMS Request Are Working Successfully Or Not" classname="Test Cases/STORE TO CMS REQUEST TEST CASES/TC_STCMS_010 To Verify Schedule 10 Store To CMS Request Are Working Successfully Or Not" status="PASSED">
         <system-out><![CDATA[2018-06-09 20:02:05 - [TEST_CASE][PASSED] - Test Cases/STORE TO CMS REQUEST TEST CASES/TC_STCMS_010 To Verify Schedule 10 Store To CMS Request Are Working Successfully Or Not: Test Cases/STORE TO CMS REQUEST TEST CASES/TC_STCMS_010 To Verify Schedule 10 Store To CMS Request Are Working Successfully Or Not

2018-06-09 20:02:06 - [TEST_STEP][PASSED] - openBrowser: Browser is opened with url: ''

2018-06-09 20:02:08 - [MESSAGE][PASSED] - Browser is opened with url: ''

2018-06-09 20:02:08 - [TEST_STEP][PASSED] - Statement - out.println("Verify Schedule 10 STORE Request Are Working Successfully Or Not"): null

2018-06-09 20:02:08 - [TEST_STEP][PASSED] - navigateToUrl: Navigate to 'http://192.168.137.1/multihospital_new/' successfully

2018-06-09 20:02:09 - [MESSAGE][PASSED] - Navigate to 'http://192.168.137.1/multihospital_new/' successfully

2018-06-09 20:02:09 - [TEST_STEP][PASSED] - maximizeWindow: Current window maximized

2018-06-09 20:02:10 - [MESSAGE][PASSED] - Current window maximized

2018-06-09 20:02:10 - [TEST_STEP][PASSED] - click: Object: 'Object Repository/Store Request Schedule 1/Page_KDMC/a_Divisional Store' is clicked on

2018-06-09 20:02:11 - [MESSAGE][PASSED] - Object: 'Object Repository/Store Request Schedule 1/Page_KDMC/a_Divisional Store' is clicked on

2018-06-09 20:02:11 - [TEST_STEP][PASSED] - setText: Text 'ragu' is set on object 'Object Repository/Store Request Schedule 1/Page_Divisonal Store Login/input_txtusername'

2018-06-09 20:02:11 - [MESSAGE][PASSED] - Text 'ragu' is set on object 'Object Repository/Store Request Schedule 1/Page_Divisonal Store Login/input_txtusername'

2018-06-09 20:02:11 - [TEST_STEP][PASSED] - setText: Text '123' is set on object 'Object Repository/Store Request Schedule 1/Page_Divisonal Store Login/input_txtpassword'

2018-06-09 20:02:11 - [MESSAGE][PASSED] - Text '123' is set on object 'Object Repository/Store Request Schedule 1/Page_Divisonal Store Login/input_txtpassword'

2018-06-09 20:02:11 - [TEST_STEP][PASSED] - delay: Delayed 3 second(s)

2018-06-09 20:02:14 - [MESSAGE][PASSED] - Delayed 3 second(s)

2018-06-09 20:02:14 - [TEST_STEP][PASSED] - click: Object: 'Object Repository/Store Request Schedule 1/Page_Divisonal Store Login/button_Sign in' is clicked on

2018-06-09 20:02:16 - [MESSAGE][PASSED] - Object: 'Object Repository/Store Request Schedule 1/Page_Divisonal Store Login/button_Sign in' is clicked on

2018-06-09 20:02:16 - [TEST_STEP][PASSED] - delay: Delayed 3 second(s)

2018-06-09 20:02:19 - [MESSAGE][PASSED] - Delayed 3 second(s)

2018-06-09 20:02:19 - [TEST_STEP][PASSED] - click: Object: 'Object Repository/Store Request Schedule 1/Page_Store/a_CMS' is clicked on

2018-06-09 20:02:19 - [MESSAGE][PASSED] - Object: 'Object Repository/Store Request Schedule 1/Page_Store/a_CMS' is clicked on

2018-06-09 20:02:19 - [TEST_STEP][PASSED] - delay: Delayed 2 second(s)

2018-06-09 20:02:21 - [MESSAGE][PASSED] - Delayed 2 second(s)

2018-06-09 20:02:21 - [TEST_STEP][PASSED] - click: Object: 'Object Repository/Store Request Schedule 1/Page_Store/a_Request Send' is clicked on

2018-06-09 20:02:22 - [MESSAGE][PASSED] - Object: 'Object Repository/Store Request Schedule 1/Page_Store/a_Request Send' is clicked on

2018-06-09 20:02:22 - [TEST_STEP][PASSED] - selectOptionByIndex: All options with index in [1] are selected on object 'Object Repository/Store Request Schedule 1/Page_Store/select_--Select--'

2018-06-09 20:02:23 - [MESSAGE][PASSED] - All options with index in [1] are selected on object 'Object Repository/Store Request Schedule 1/Page_Store/select_--Select--'

2018-06-09 20:02:23 - [TEST_STEP][PASSED] - selectOptionByIndex: All options with index in [10] are selected on object 'Object Repository/Store Request Schedule 1/Page_Store/select_--Select--Schedule 1Inj'

2018-06-09 20:02:23 - [MESSAGE][PASSED] - All options with index in [10] are selected on object 'Object Repository/Store Request Schedule 1/Page_Store/select_--Select--Schedule 1Inj'

2018-06-09 20:02:23 - [TEST_STEP][PASSED] - Statement - SelectedOptions = com.kms.katalon.core.webui.keyword.WebUiBuiltInKeywords.getNumberOfTotalOption(com.kms.katalon.core.testobject.ObjectRepository.findTestObject(Store Request Schedule 1/Page_Store/select_--Select--Adernaline 0.)): 19 options of object 'Object Repository/Store Request Schedule 1/Page_Store/select_--Select--Adernaline 0.' counted

2018-06-09 20:02:23 - [MESSAGE][PASSED] - 19 options of object 'Object Repository/Store Request Schedule 1/Page_Store/select_--Select--Adernaline 0.' counted

2018-06-09 20:02:23 - [TEST_STEP][PASSED] - Statement - For ([y = 1, y < SelectedOptions, (y++)]): Object: 'Object Repository/Store Request Schedule 1/Page_Store/button_Add' is clicked on

2018-06-09 20:02:23 - [TEST_STEP][PASSED] - selectOptionByIndex: All options with index in [10] are selected on object 'Object Repository/Store Request Schedule 1/Page_Store/select_--Select--Schedule 1Inj'

2018-06-09 20:02:23 - [MESSAGE][PASSED] - All options with index in [10] are selected on object 'Object Repository/Store Request Schedule 1/Page_Store/select_--Select--Schedule 1Inj'

2018-06-09 20:02:23 - [TEST_STEP][PASSED] - delay: Delayed 1 second(s)

2018-06-09 20:02:24 - [MESSAGE][PASSED] - Delayed 1 second(s)

2018-06-09 20:02:24 - [TEST_STEP][PASSED] - selectOptionByIndex: All options with index in [1] are selected on object 'Object Repository/Store Request Schedule 1/Page_Store/select_--Select--Adernaline 0.'

2018-06-09 20:02:24 - [MESSAGE][PASSED] - All options with index in [1] are selected on object 'Object Repository/Store Request Schedule 1/Page_Store/select_--Select--Adernaline 0.'

2018-06-09 20:02:24 - [TEST_STEP][PASSED] - setText: Text '100' is set on object 'Object Repository/Store Request Schedule 1/Page_Store/input_txttreat'

2018-06-09 20:02:24 - [MESSAGE][PASSED] - Text '100' is set on object 'Object Repository/Store Request Schedule 1/Page_Store/input_txttreat'

2018-06-09 20:02:24 - [TEST_STEP][PASSED] - click: Object: 'Object Repository/Store Request Schedule 1/Page_Store/button_Add' is clicked on

2018-06-09 20:02:24 - [MESSAGE][PASSED] - Object: 'Object Repository/Store Request Schedule 1/Page_Store/button_Add' is clicked on

2018-06-09 20:02:24 - [TEST_STEP][PASSED] - selectOptionByIndex: All options with index in [10] are selected on object 'Object Repository/Store Request Schedule 1/Page_Store/select_--Select--Schedule 1Inj'

2018-06-09 20:02:25 - [MESSAGE][PASSED] - All options with index in [10] are selected on object 'Object Repository/Store Request Schedule 1/Page_Store/select_--Select--Schedule 1Inj'

2018-06-09 20:02:25 - [TEST_STEP][PASSED] - delay: Delayed 1 second(s)

2018-06-09 20:02:26 - [MESSAGE][PASSED] - Delayed 1 second(s)

2018-06-09 20:02:26 - [TEST_STEP][PASSED] - selectOptionByIndex: All options with index in [2] are selected on object 'Object Repository/Store Request Schedule 1/Page_Store/select_--Select--Adernaline 0.'

2018-06-09 20:02:26 - [MESSAGE][PASSED] - All options with index in [2] are selected on object 'Object Repository/Store Request Schedule 1/Page_Store/select_--Select--Adernaline 0.'

2018-06-09 20:02:26 - [TEST_STEP][PASSED] - setText: Text '100' is set on object 'Object Repository/Store Request Schedule 1/Page_Store/input_txttreat'

2018-06-09 20:02:26 - [MESSAGE][PASSED] - Text '100' is set on object 'Object Repository/Store Request Schedule 1/Page_Store/input_txttreat'

2018-06-09 20:02:26 - [TEST_STEP][PASSED] - click: Object: 'Object Repository/Store Request Schedule 1/Page_Store/button_Add' is clicked on

2018-06-09 20:02:26 - [MESSAGE][PASSED] - Object: 'Object Repository/Store Request Schedule 1/Page_Store/button_Add' is clicked on

2018-06-09 20:02:26 - [TEST_STEP][PASSED] - selectOptionByIndex: All options with index in [10] are selected on object 'Object Repository/Store Request Schedule 1/Page_Store/select_--Select--Schedule 1Inj'

2018-06-09 20:02:26 - [MESSAGE][PASSED] - All options with index in [10] are selected on object 'Object Repository/Store Request Schedule 1/Page_Store/select_--Select--Schedule 1Inj'

2018-06-09 20:02:26 - [TEST_STEP][PASSED] - delay: Delayed 1 second(s)

2018-06-09 20:02:27 - [MESSAGE][PASSED] - Delayed 1 second(s)

2018-06-09 20:02:27 - [TEST_STEP][PASSED] - selectOptionByIndex: All options with index in [3] are selected on object 'Object Repository/Store Request Schedule 1/Page_Store/select_--Select--Adernaline 0.'

2018-06-09 20:02:27 - [MESSAGE][PASSED] - All options with index in [3] are selected on object 'Object Repository/Store Request Schedule 1/Page_Store/select_--Select--Adernaline 0.'

2018-06-09 20:02:27 - [TEST_STEP][PASSED] - setText: Text '100' is set on object 'Object Repository/Store Request Schedule 1/Page_Store/input_txttreat'

2018-06-09 20:02:27 - [MESSAGE][PASSED] - Text '100' is set on object 'Object Repository/Store Request Schedule 1/Page_Store/input_txttreat'

2018-06-09 20:02:27 - [TEST_STEP][PASSED] - click: Object: 'Object Repository/Store Request Schedule 1/Page_Store/button_Add' is clicked on

2018-06-09 20:02:27 - [MESSAGE][PASSED] - Object: 'Object Repository/Store Request Schedule 1/Page_Store/button_Add' is clicked on

2018-06-09 20:02:27 - [TEST_STEP][PASSED] - selectOptionByIndex: All options with index in [10] are selected on object 'Object Repository/Store Request Schedule 1/Page_Store/select_--Select--Schedule 1Inj'

2018-06-09 20:02:28 - [MESSAGE][PASSED] - All options with index in [10] are selected on object 'Object Repository/Store Request Schedule 1/Page_Store/select_--Select--Schedule 1Inj'

2018-06-09 20:02:28 - [TEST_STEP][PASSED] - delay: Delayed 1 second(s)

2018-06-09 20:02:29 - [MESSAGE][PASSED] - Delayed 1 second(s)

2018-06-09 20:02:29 - [TEST_STEP][PASSED] - selectOptionByIndex: All options with index in [4] are selected on object 'Object Repository/Store Request Schedule 1/Page_Store/select_--Select--Adernaline 0.'

2018-06-09 20:02:29 - [MESSAGE][PASSED] - All options with index in [4] are selected on object 'Object Repository/Store Request Schedule 1/Page_Store/select_--Select--Adernaline 0.'

2018-06-09 20:02:29 - [TEST_STEP][PASSED] - setText: Text '100' is set on object 'Object Repository/Store Request Schedule 1/Page_Store/input_txttreat'

2018-06-09 20:02:29 - [MESSAGE][PASSED] - Text '100' is set on object 'Object Repository/Store Request Schedule 1/Page_Store/input_txttreat'

2018-06-09 20:02:29 - [TEST_STEP][PASSED] - click: Object: 'Object Repository/Store Request Schedule 1/Page_Store/button_Add' is clicked on

2018-06-09 20:02:29 - [MESSAGE][PASSED] - Object: 'Object Repository/Store Request Schedule 1/Page_Store/button_Add' is clicked on

2018-06-09 20:02:29 - [TEST_STEP][PASSED] - selectOptionByIndex: All options with index in [10] are selected on object 'Object Repository/Store Request Schedule 1/Page_Store/select_--Select--Schedule 1Inj'

2018-06-09 20:02:29 - [MESSAGE][PASSED] - All options with index in [10] are selected on object 'Object Repository/Store Request Schedule 1/Page_Store/select_--Select--Schedule 1Inj'

2018-06-09 20:02:29 - [TEST_STEP][PASSED] - delay: Delayed 1 second(s)

2018-06-09 20:02:30 - [MESSAGE][PASSED] - Delayed 1 second(s)

2018-06-09 20:02:30 - [TEST_STEP][PASSED] - selectOptionByIndex: All options with index in [5] are selected on object 'Object Repository/Store Request Schedule 1/Page_Store/select_--Select--Adernaline 0.'

2018-06-09 20:02:30 - [MESSAGE][PASSED] - All options with index in [5] are selected on object 'Object Repository/Store Request Schedule 1/Page_Store/select_--Select--Adernaline 0.'

2018-06-09 20:02:30 - [TEST_STEP][PASSED] - setText: Text '100' is set on object 'Object Repository/Store Request Schedule 1/Page_Store/input_txttreat'

2018-06-09 20:02:30 - [MESSAGE][PASSED] - Text '100' is set on object 'Object Repository/Store Request Schedule 1/Page_Store/input_txttreat'

2018-06-09 20:02:30 - [TEST_STEP][PASSED] - click: Object: 'Object Repository/Store Request Schedule 1/Page_Store/button_Add' is clicked on

2018-06-09 20:02:30 - [MESSAGE][PASSED] - Object: 'Object Repository/Store Request Schedule 1/Page_Store/button_Add' is clicked on

2018-06-09 20:02:30 - [TEST_STEP][PASSED] - selectOptionByIndex: All options with index in [10] are selected on object 'Object Repository/Store Request Schedule 1/Page_Store/select_--Select--Schedule 1Inj'

2018-06-09 20:02:31 - [MESSAGE][PASSED] - All options with index in [10] are selected on object 'Object Repository/Store Request Schedule 1/Page_Store/select_--Select--Schedule 1Inj'

2018-06-09 20:02:31 - [TEST_STEP][PASSED] - delay: Delayed 1 second(s)

2018-06-09 20:02:32 - [MESSAGE][PASSED] - Delayed 1 second(s)

2018-06-09 20:02:32 - [TEST_STEP][PASSED] - selectOptionByIndex: All options with index in [6] are selected on object 'Object Repository/Store Request Schedule 1/Page_Store/select_--Select--Adernaline 0.'

2018-06-09 20:02:32 - [MESSAGE][PASSED] - All options with index in [6] are selected on object 'Object Repository/Store Request Schedule 1/Page_Store/select_--Select--Adernaline 0.'

2018-06-09 20:02:32 - [TEST_STEP][PASSED] - setText: Text '100' is set on object 'Object Repository/Store Request Schedule 1/Page_Store/input_txttreat'

2018-06-09 20:02:32 - [MESSAGE][PASSED] - Text '100' is set on object 'Object Repository/Store Request Schedule 1/Page_Store/input_txttreat'

2018-06-09 20:02:32 - [TEST_STEP][PASSED] - click: Object: 'Object Repository/Store Request Schedule 1/Page_Store/button_Add' is clicked on

2018-06-09 20:02:32 - [MESSAGE][PASSED] - Object: 'Object Repository/Store Request Schedule 1/Page_Store/button_Add' is clicked on

2018-06-09 20:02:32 - [TEST_STEP][PASSED] - selectOptionByIndex: All options with index in [10] are selected on object 'Object Repository/Store Request Schedule 1/Page_Store/select_--Select--Schedule 1Inj'

2018-06-09 20:02:32 - [MESSAGE][PASSED] - All options with index in [10] are selected on object 'Object Repository/Store Request Schedule 1/Page_Store/select_--Select--Schedule 1Inj'

2018-06-09 20:02:32 - [TEST_STEP][PASSED] - delay: Delayed 1 second(s)

2018-06-09 20:02:33 - [MESSAGE][PASSED] - Delayed 1 second(s)

2018-06-09 20:02:33 - [TEST_STEP][PASSED] - selectOptionByIndex: All options with index in [7] are selected on object 'Object Repository/Store Request Schedule 1/Page_Store/select_--Select--Adernaline 0.'

2018-06-09 20:02:33 - [MESSAGE][PASSED] - All options with index in [7] are selected on object 'Object Repository/Store Request Schedule 1/Page_Store/select_--Select--Adernaline 0.'

2018-06-09 20:02:33 - [TEST_STEP][PASSED] - setText: Text '100' is set on object 'Object Repository/Store Request Schedule 1/Page_Store/input_txttreat'

2018-06-09 20:02:33 - [MESSAGE][PASSED] - Text '100' is set on object 'Object Repository/Store Request Schedule 1/Page_Store/input_txttreat'

2018-06-09 20:02:33 - [TEST_STEP][PASSED] - click: Object: 'Object Repository/Store Request Schedule 1/Page_Store/button_Add' is clicked on

2018-06-09 20:02:33 - [MESSAGE][PASSED] - Object: 'Object Repository/Store Request Schedule 1/Page_Store/button_Add' is clicked on

2018-06-09 20:02:33 - [TEST_STEP][PASSED] - selectOptionByIndex: All options with index in [10] are selected on object 'Object Repository/Store Request Schedule 1/Page_Store/select_--Select--Schedule 1Inj'

2018-06-09 20:02:34 - [MESSAGE][PASSED] - All options with index in [10] are selected on object 'Object Repository/Store Request Schedule 1/Page_Store/select_--Select--Schedule 1Inj'

2018-06-09 20:02:34 - [TEST_STEP][PASSED] - delay: Delayed 1 second(s)

2018-06-09 20:02:35 - [MESSAGE][PASSED] - Delayed 1 second(s)

2018-06-09 20:02:35 - [TEST_STEP][PASSED] - selectOptionByIndex: All options with index in [8] are selected on object 'Object Repository/Store Request Schedule 1/Page_Store/select_--Select--Adernaline 0.'

2018-06-09 20:02:35 - [MESSAGE][PASSED] - All options with index in [8] are selected on object 'Object Repository/Store Request Schedule 1/Page_Store/select_--Select--Adernaline 0.'

2018-06-09 20:02:35 - [TEST_STEP][PASSED] - setText: Text '100' is set on object 'Object Repository/Store Request Schedule 1/Page_Store/input_txttreat'

2018-06-09 20:02:35 - [MESSAGE][PASSED] - Text '100' is set on object 'Object Repository/Store Request Schedule 1/Page_Store/input_txttreat'

2018-06-09 20:02:35 - [TEST_STEP][PASSED] - click: Object: 'Object Repository/Store Request Schedule 1/Page_Store/button_Add' is clicked on

2018-06-09 20:02:35 - [MESSAGE][PASSED] - Object: 'Object Repository/Store Request Schedule 1/Page_Store/button_Add' is clicked on

2018-06-09 20:02:35 - [TEST_STEP][PASSED] - selectOptionByIndex: All options with index in [10] are selected on object 'Object Repository/Store Request Schedule 1/Page_Store/select_--Select--Schedule 1Inj'

2018-06-09 20:02:35 - [MESSAGE][PASSED] - All options with index in [10] are selected on object 'Object Repository/Store Request Schedule 1/Page_Store/select_--Select--Schedule 1Inj'

2018-06-09 20:02:35 - [TEST_STEP][PASSED] - delay: Delayed 1 second(s)

2018-06-09 20:02:36 - [MESSAGE][PASSED] - Delayed 1 second(s)

2018-06-09 20:02:36 - [TEST_STEP][PASSED] - selectOptionByIndex: All options with index in [9] are selected on object 'Object Repository/Store Request Schedule 1/Page_Store/select_--Select--Adernaline 0.'

2018-06-09 20:02:36 - [MESSAGE][PASSED] - All options with index in [9] are selected on object 'Object Repository/Store Request Schedule 1/Page_Store/select_--Select--Adernaline 0.'

2018-06-09 20:02:36 - [TEST_STEP][PASSED] - setText: Text '100' is set on object 'Object Repository/Store Request Schedule 1/Page_Store/input_txttreat'

2018-06-09 20:02:36 - [MESSAGE][PASSED] - Text '100' is set on object 'Object Repository/Store Request Schedule 1/Page_Store/input_txttreat'

2018-06-09 20:02:36 - [TEST_STEP][PASSED] - click: Object: 'Object Repository/Store Request Schedule 1/Page_Store/button_Add' is clicked on

2018-06-09 20:02:37 - [MESSAGE][PASSED] - Object: 'Object Repository/Store Request Schedule 1/Page_Store/button_Add' is clicked on

2018-06-09 20:02:37 - [TEST_STEP][PASSED] - selectOptionByIndex: All options with index in [10] are selected on object 'Object Repository/Store Request Schedule 1/Page_Store/select_--Select--Schedule 1Inj'

2018-06-09 20:02:37 - [MESSAGE][PASSED] - All options with index in [10] are selected on object 'Object Repository/Store Request Schedule 1/Page_Store/select_--Select--Schedule 1Inj'

2018-06-09 20:02:37 - [TEST_STEP][PASSED] - delay: Delayed 1 second(s)

2018-06-09 20:02:38 - [MESSAGE][PASSED] - Delayed 1 second(s)

2018-06-09 20:02:38 - [TEST_STEP][PASSED] - selectOptionByIndex: All options with index in [10] are selected on object 'Object Repository/Store Request Schedule 1/Page_Store/select_--Select--Adernaline 0.'

2018-06-09 20:02:38 - [MESSAGE][PASSED] - All options with index in [10] are selected on object 'Object Repository/Store Request Schedule 1/Page_Store/select_--Select--Adernaline 0.'

2018-06-09 20:02:38 - [TEST_STEP][PASSED] - setText: Text '100' is set on object 'Object Repository/Store Request Schedule 1/Page_Store/input_txttreat'

2018-06-09 20:02:38 - [MESSAGE][PASSED] - Text '100' is set on object 'Object Repository/Store Request Schedule 1/Page_Store/input_txttreat'

2018-06-09 20:02:38 - [TEST_STEP][PASSED] - click: Object: 'Object Repository/Store Request Schedule 1/Page_Store/button_Add' is clicked on

2018-06-09 20:02:38 - [MESSAGE][PASSED] - Object: 'Object Repository/Store Request Schedule 1/Page_Store/button_Add' is clicked on

2018-06-09 20:02:38 - [TEST_STEP][PASSED] - selectOptionByIndex: All options with index in [10] are selected on object 'Object Repository/Store Request Schedule 1/Page_Store/select_--Select--Schedule 1Inj'

2018-06-09 20:02:38 - [MESSAGE][PASSED] - All options with index in [10] are selected on object 'Object Repository/Store Request Schedule 1/Page_Store/select_--Select--Schedule 1Inj'

2018-06-09 20:02:38 - [TEST_STEP][PASSED] - delay: Delayed 1 second(s)

2018-06-09 20:02:39 - [MESSAGE][PASSED] - Delayed 1 second(s)

2018-06-09 20:02:39 - [TEST_STEP][PASSED] - selectOptionByIndex: All options with index in [11] are selected on object 'Object Repository/Store Request Schedule 1/Page_Store/select_--Select--Adernaline 0.'

2018-06-09 20:02:40 - [MESSAGE][PASSED] - All options with index in [11] are selected on object 'Object Repository/Store Request Schedule 1/Page_Store/select_--Select--Adernaline 0.'

2018-06-09 20:02:40 - [TEST_STEP][PASSED] - setText: Text '100' is set on object 'Object Repository/Store Request Schedule 1/Page_Store/input_txttreat'

2018-06-09 20:02:40 - [MESSAGE][PASSED] - Text '100' is set on object 'Object Repository/Store Request Schedule 1/Page_Store/input_txttreat'

2018-06-09 20:02:40 - [TEST_STEP][PASSED] - click: Object: 'Object Repository/Store Request Schedule 1/Page_Store/button_Add' is clicked on

2018-06-09 20:02:40 - [MESSAGE][PASSED] - Object: 'Object Repository/Store Request Schedule 1/Page_Store/button_Add' is clicked on

2018-06-09 20:02:40 - [TEST_STEP][PASSED] - selectOptionByIndex: All options with index in [10] are selected on object 'Object Repository/Store Request Schedule 1/Page_Store/select_--Select--Schedule 1Inj'

2018-06-09 20:02:40 - [MESSAGE][PASSED] - All options with index in [10] are selected on object 'Object Repository/Store Request Schedule 1/Page_Store/select_--Select--Schedule 1Inj'

2018-06-09 20:02:40 - [TEST_STEP][PASSED] - delay: Delayed 1 second(s)

2018-06-09 20:02:41 - [MESSAGE][PASSED] - Delayed 1 second(s)

2018-06-09 20:02:41 - [TEST_STEP][PASSED] - selectOptionByIndex: All options with index in [12] are selected on object 'Object Repository/Store Request Schedule 1/Page_Store/select_--Select--Adernaline 0.'

2018-06-09 20:02:41 - [MESSAGE][PASSED] - All options with index in [12] are selected on object 'Object Repository/Store Request Schedule 1/Page_Store/select_--Select--Adernaline 0.'

2018-06-09 20:02:41 - [TEST_STEP][PASSED] - setText: Text '100' is set on object 'Object Repository/Store Request Schedule 1/Page_Store/input_txttreat'

2018-06-09 20:02:41 - [MESSAGE][PASSED] - Text '100' is set on object 'Object Repository/Store Request Schedule 1/Page_Store/input_txttreat'

2018-06-09 20:02:41 - [TEST_STEP][PASSED] - click: Object: 'Object Repository/Store Request Schedule 1/Page_Store/button_Add' is clicked on

2018-06-09 20:02:41 - [MESSAGE][PASSED] - Object: 'Object Repository/Store Request Schedule 1/Page_Store/button_Add' is clicked on

2018-06-09 20:02:41 - [TEST_STEP][PASSED] - selectOptionByIndex: All options with index in [10] are selected on object 'Object Repository/Store Request Schedule 1/Page_Store/select_--Select--Schedule 1Inj'

2018-06-09 20:02:41 - [MESSAGE][PASSED] - All options with index in [10] are selected on object 'Object Repository/Store Request Schedule 1/Page_Store/select_--Select--Schedule 1Inj'

2018-06-09 20:02:41 - [TEST_STEP][PASSED] - delay: Delayed 1 second(s)

2018-06-09 20:02:42 - [MESSAGE][PASSED] - Delayed 1 second(s)

2018-06-09 20:02:42 - [TEST_STEP][PASSED] - selectOptionByIndex: All options with index in [13] are selected on object 'Object Repository/Store Request Schedule 1/Page_Store/select_--Select--Adernaline 0.'

2018-06-09 20:02:43 - [MESSAGE][PASSED] - All options with index in [13] are selected on object 'Object Repository/Store Request Schedule 1/Page_Store/select_--Select--Adernaline 0.'

2018-06-09 20:02:43 - [TEST_STEP][PASSED] - setText: Text '100' is set on object 'Object Repository/Store Request Schedule 1/Page_Store/input_txttreat'

2018-06-09 20:02:43 - [MESSAGE][PASSED] - Text '100' is set on object 'Object Repository/Store Request Schedule 1/Page_Store/input_txttreat'

2018-06-09 20:02:43 - [TEST_STEP][PASSED] - click: Object: 'Object Repository/Store Request Schedule 1/Page_Store/button_Add' is clicked on

2018-06-09 20:02:43 - [MESSAGE][PASSED] - Object: 'Object Repository/Store Request Schedule 1/Page_Store/button_Add' is clicked on

2018-06-09 20:02:43 - [TEST_STEP][PASSED] - selectOptionByIndex: All options with index in [10] are selected on object 'Object Repository/Store Request Schedule 1/Page_Store/select_--Select--Schedule 1Inj'

2018-06-09 20:02:43 - [MESSAGE][PASSED] - All options with index in [10] are selected on object 'Object Repository/Store Request Schedule 1/Page_Store/select_--Select--Schedule 1Inj'

2018-06-09 20:02:43 - [TEST_STEP][PASSED] - delay: Delayed 1 second(s)

2018-06-09 20:02:44 - [MESSAGE][PASSED] - Delayed 1 second(s)

2018-06-09 20:02:44 - [TEST_STEP][PASSED] - selectOptionByIndex: All options with index in [14] are selected on object 'Object Repository/Store Request Schedule 1/Page_Store/select_--Select--Adernaline 0.'

2018-06-09 20:02:44 - [MESSAGE][PASSED] - All options with index in [14] are selected on object 'Object Repository/Store Request Schedule 1/Page_Store/select_--Select--Adernaline 0.'

2018-06-09 20:02:44 - [TEST_STEP][PASSED] - setText: Text '100' is set on object 'Object Repository/Store Request Schedule 1/Page_Store/input_txttreat'

2018-06-09 20:02:44 - [MESSAGE][PASSED] - Text '100' is set on object 'Object Repository/Store Request Schedule 1/Page_Store/input_txttreat'

2018-06-09 20:02:44 - [TEST_STEP][PASSED] - click: Object: 'Object Repository/Store Request Schedule 1/Page_Store/button_Add' is clicked on

2018-06-09 20:02:44 - [MESSAGE][PASSED] - Object: 'Object Repository/Store Request Schedule 1/Page_Store/button_Add' is clicked on

2018-06-09 20:02:44 - [TEST_STEP][PASSED] - selectOptionByIndex: All options with index in [10] are selected on object 'Object Repository/Store Request Schedule 1/Page_Store/select_--Select--Schedule 1Inj'

2018-06-09 20:02:45 - [MESSAGE][PASSED] - All options with index in [10] are selected on object 'Object Repository/Store Request Schedule 1/Page_Store/select_--Select--Schedule 1Inj'

2018-06-09 20:02:45 - [TEST_STEP][PASSED] - delay: Delayed 1 second(s)

2018-06-09 20:02:46 - [MESSAGE][PASSED] - Delayed 1 second(s)

2018-06-09 20:02:46 - [TEST_STEP][PASSED] - selectOptionByIndex: All options with index in [15] are selected on object 'Object Repository/Store Request Schedule 1/Page_Store/select_--Select--Adernaline 0.'

2018-06-09 20:02:46 - [MESSAGE][PASSED] - All options with index in [15] are selected on object 'Object Repository/Store Request Schedule 1/Page_Store/select_--Select--Adernaline 0.'

2018-06-09 20:02:46 - [TEST_STEP][PASSED] - setText: Text '100' is set on object 'Object Repository/Store Request Schedule 1/Page_Store/input_txttreat'

2018-06-09 20:02:46 - [MESSAGE][PASSED] - Text '100' is set on object 'Object Repository/Store Request Schedule 1/Page_Store/input_txttreat'

2018-06-09 20:02:46 - [TEST_STEP][PASSED] - click: Object: 'Object Repository/Store Request Schedule 1/Page_Store/button_Add' is clicked on

2018-06-09 20:02:46 - [MESSAGE][PASSED] - Object: 'Object Repository/Store Request Schedule 1/Page_Store/button_Add' is clicked on

2018-06-09 20:02:46 - [TEST_STEP][PASSED] - selectOptionByIndex: All options with index in [10] are selected on object 'Object Repository/Store Request Schedule 1/Page_Store/select_--Select--Schedule 1Inj'

2018-06-09 20:02:46 - [MESSAGE][PASSED] - All options with index in [10] are selected on object 'Object Repository/Store Request Schedule 1/Page_Store/select_--Select--Schedule 1Inj'

2018-06-09 20:02:46 - [TEST_STEP][PASSED] - delay: Delayed 1 second(s)

2018-06-09 20:02:47 - [MESSAGE][PASSED] - Delayed 1 second(s)

2018-06-09 20:02:47 - [TEST_STEP][PASSED] - selectOptionByIndex: All options with index in [16] are selected on object 'Object Repository/Store Request Schedule 1/Page_Store/select_--Select--Adernaline 0.'

2018-06-09 20:02:48 - [MESSAGE][PASSED] - All options with index in [16] are selected on object 'Object Repository/Store Request Schedule 1/Page_Store/select_--Select--Adernaline 0.'

2018-06-09 20:02:48 - [TEST_STEP][PASSED] - setText: Text '100' is set on object 'Object Repository/Store Request Schedule 1/Page_Store/input_txttreat'

2018-06-09 20:02:48 - [MESSAGE][PASSED] - Text '100' is set on object 'Object Repository/Store Request Schedule 1/Page_Store/input_txttreat'

2018-06-09 20:02:48 - [TEST_STEP][PASSED] - click: Object: 'Object Repository/Store Request Schedule 1/Page_Store/button_Add' is clicked on

2018-06-09 20:02:48 - [MESSAGE][PASSED] - Object: 'Object Repository/Store Request Schedule 1/Page_Store/button_Add' is clicked on

2018-06-09 20:02:48 - [TEST_STEP][PASSED] - selectOptionByIndex: All options with index in [10] are selected on object 'Object Repository/Store Request Schedule 1/Page_Store/select_--Select--Schedule 1Inj'

2018-06-09 20:02:48 - [MESSAGE][PASSED] - All options with index in [10] are selected on object 'Object Repository/Store Request Schedule 1/Page_Store/select_--Select--Schedule 1Inj'

2018-06-09 20:02:48 - [TEST_STEP][PASSED] - delay: Delayed 1 second(s)

2018-06-09 20:02:49 - [MESSAGE][PASSED] - Delayed 1 second(s)

2018-06-09 20:02:49 - [TEST_STEP][PASSED] - selectOptionByIndex: All options with index in [17] are selected on object 'Object Repository/Store Request Schedule 1/Page_Store/select_--Select--Adernaline 0.'

2018-06-09 20:02:49 - [MESSAGE][PASSED] - All options with index in [17] are selected on object 'Object Repository/Store Request Schedule 1/Page_Store/select_--Select--Adernaline 0.'

2018-06-09 20:02:49 - [TEST_STEP][PASSED] - setText: Text '100' is set on object 'Object Repository/Store Request Schedule 1/Page_Store/input_txttreat'

2018-06-09 20:02:49 - [MESSAGE][PASSED] - Text '100' is set on object 'Object Repository/Store Request Schedule 1/Page_Store/input_txttreat'

2018-06-09 20:02:49 - [TEST_STEP][PASSED] - click: Object: 'Object Repository/Store Request Schedule 1/Page_Store/button_Add' is clicked on

2018-06-09 20:02:49 - [MESSAGE][PASSED] - Object: 'Object Repository/Store Request Schedule 1/Page_Store/button_Add' is clicked on

2018-06-09 20:02:49 - [TEST_STEP][PASSED] - selectOptionByIndex: All options with index in [10] are selected on object 'Object Repository/Store Request Schedule 1/Page_Store/select_--Select--Schedule 1Inj'

2018-06-09 20:02:50 - [MESSAGE][PASSED] - All options with index in [10] are selected on object 'Object Repository/Store Request Schedule 1/Page_Store/select_--Select--Schedule 1Inj'

2018-06-09 20:02:50 - [TEST_STEP][PASSED] - delay: Delayed 1 second(s)

2018-06-09 20:02:51 - [MESSAGE][PASSED] - Delayed 1 second(s)

2018-06-09 20:02:51 - [TEST_STEP][PASSED] - selectOptionByIndex: All options with index in [18] are selected on object 'Object Repository/Store Request Schedule 1/Page_Store/select_--Select--Adernaline 0.'

2018-06-09 20:02:51 - [MESSAGE][PASSED] - All options with index in [18] are selected on object 'Object Repository/Store Request Schedule 1/Page_Store/select_--Select--Adernaline 0.'

2018-06-09 20:02:51 - [TEST_STEP][PASSED] - setText: Text '100' is set on object 'Object Repository/Store Request Schedule 1/Page_Store/input_txttreat'

2018-06-09 20:02:51 - [MESSAGE][PASSED] - Text '100' is set on object 'Object Repository/Store Request Schedule 1/Page_Store/input_txttreat'

2018-06-09 20:02:51 - [TEST_STEP][PASSED] - click: Object: 'Object Repository/Store Request Schedule 1/Page_Store/button_Add' is clicked on

2018-06-09 20:02:51 - [MESSAGE][PASSED] - Object: 'Object Repository/Store Request Schedule 1/Page_Store/button_Add' is clicked on

2018-06-09 20:02:51 - [TEST_STEP][PASSED] - delay: Delayed 2 second(s)

2018-06-09 20:02:53 - [MESSAGE][PASSED] - Delayed 2 second(s)

2018-06-09 20:02:53 - [TEST_STEP][PASSED] - scrollToElement: Scroll to object 'Object Repository/Store Request Schedule 1/Page_Store/input_btnsave' successfully

2018-06-09 20:02:53 - [MESSAGE][PASSED] - Scroll to object 'Object Repository/Store Request Schedule 1/Page_Store/input_btnsave' successfully

2018-06-09 20:02:53 - [TEST_STEP][PASSED] - click: Object: 'Object Repository/Store Request Schedule 1/Page_Store/input_btnsave' is clicked on

2018-06-09 20:02:53 - [MESSAGE][PASSED] - Object: 'Object Repository/Store Request Schedule 1/Page_Store/input_btnsave' is clicked on

2018-06-09 20:02:53 - [TEST_STEP][PASSED] - delay: Delayed 4 second(s)

2018-06-09 20:02:57 - [MESSAGE][PASSED] - Delayed 4 second(s)

2018-06-09 20:02:57 - [TEST_STEP][PASSED] - Statement - Cms_RequestNumber = com.kms.katalon.core.webui.keyword.WebUiBuiltInKeywords.getText(com.kms.katalon.core.testobject.ObjectRepository.findTestObject(Store Request Schedule 1/Page_Store/font_PRNO050520189)): Text of object 'Object Repository/Store Request Schedule 1/Page_Store/font_PRNO050520189' is: 'PRNO/09062018/724'

2018-06-09 20:02:57 - [MESSAGE][PASSED] - Text of object 'Object Repository/Store Request Schedule 1/Page_Store/font_PRNO050520189' is: 'PRNO/09062018/724'

2018-06-09 20:02:57 - [TEST_STEP][PASSED] - Statement - CR = Cms_RequestNumber.trim(): null

2018-06-09 20:02:57 - [TEST_STEP][PASSED] - Statement - out.println("RQ :" + Cms_RequestNumber): null

2018-06-09 20:02:57 - [TEST_STEP][PASSED] - Statement - RequestNumberID = Cms_RequestNumber.split("/")[2].trim(): null

2018-06-09 20:02:57 - [TEST_STEP][PASSED] - Statement - out.println("RQ ID :" + RequestNumberID): null

2018-06-09 20:02:57 - [TEST_STEP][PASSED] - delay: Delayed 3 second(s)

2018-06-09 20:03:00 - [MESSAGE][PASSED] - Delayed 3 second(s)

2018-06-09 20:03:00 - [TEST_STEP][PASSED] - Statement - ok = com.kms.katalon.core.webui.keyword.WebUiBuiltInKeywords.click(com.kms.katalon.core.testobject.ObjectRepository.findTestObject(Store Request Schedule 1/Page_Store/button_OK)): Object: 'Object Repository/Store Request Schedule 1/Page_Store/button_OK' is clicked on

2018-06-09 20:03:01 - [MESSAGE][PASSED] - Object: 'Object Repository/Store Request Schedule 1/Page_Store/button_OK' is clicked on

2018-06-09 20:03:01 - [TEST_STEP][PASSED] - waitForElementVisible: Object 'Object Repository/Store Request Schedule 1/Page_Store/a_dropdown-toggle' is visible

2018-06-09 20:03:02 - [MESSAGE][PASSED] - Object 'Object Repository/Store Request Schedule 1/Page_Store/a_dropdown-toggle' is visible

2018-06-09 20:03:02 - [TEST_STEP][PASSED] - click: Object: 'Object Repository/Store Request Schedule 1/Page_Store/a_dropdown-toggle' is clicked on

2018-06-09 20:03:03 - [MESSAGE][PASSED] - Object: 'Object Repository/Store Request Schedule 1/Page_Store/a_dropdown-toggle' is clicked on

2018-06-09 20:03:03 - [TEST_STEP][PASSED] - click: Object: 'Object Repository/Store Request Schedule 1/Page_Store/a_Sign out' is clicked on

2018-06-09 20:03:03 - [MESSAGE][PASSED] - Object: 'Object Repository/Store Request Schedule 1/Page_Store/a_Sign out' is clicked on

2018-06-09 20:03:03 - [TEST_STEP][PASSED] - delay: Delayed 3 second(s)

2018-06-09 20:03:06 - [MESSAGE][PASSED] - Delayed 3 second(s)

2018-06-09 20:03:06 - [TEST_STEP][PASSED] - click: Object: 'Object Repository/Store Request Schedule 1/Page_KDMC/a_CMO' is clicked on

2018-06-09 20:03:07 - [MESSAGE][PASSED] - Object: 'Object Repository/Store Request Schedule 1/Page_KDMC/a_CMO' is clicked on

2018-06-09 20:03:07 - [TEST_STEP][PASSED] - setText: Text 'guru' is set on object 'Object Repository/Store Request Schedule 1/Page_CMO login/input_txtusername'

2018-06-09 20:03:07 - [MESSAGE][PASSED] - Text 'guru' is set on object 'Object Repository/Store Request Schedule 1/Page_CMO login/input_txtusername'

2018-06-09 20:03:07 - [TEST_STEP][PASSED] - setText: Text '123' is set on object 'Object Repository/Store Request Schedule 1/Page_CMO login/input_txtpassword'

2018-06-09 20:03:07 - [MESSAGE][PASSED] - Text '123' is set on object 'Object Repository/Store Request Schedule 1/Page_CMO login/input_txtpassword'

2018-06-09 20:03:07 - [TEST_STEP][PASSED] - delay: Delayed 3 second(s)

2018-06-09 20:03:10 - [MESSAGE][PASSED] - Delayed 3 second(s)

2018-06-09 20:03:10 - [TEST_STEP][PASSED] - click: Object: 'Object Repository/Store Request Schedule 1/Page_CMO login/button_Sign in' is clicked on

2018-06-09 20:03:11 - [MESSAGE][PASSED] - Object: 'Object Repository/Store Request Schedule 1/Page_CMO login/button_Sign in' is clicked on

2018-06-09 20:03:11 - [TEST_STEP][PASSED] - delay: Delayed 2 second(s)

2018-06-09 20:03:13 - [MESSAGE][PASSED] - Delayed 2 second(s)

2018-06-09 20:03:13 - [TEST_STEP][PASSED] - click: Object: 'Object Repository/Store Request Schedule 1/Page_KDMC - CMO/span_Department Wise Request' is clicked on

2018-06-09 20:03:14 - [MESSAGE][PASSED] - Object: 'Object Repository/Store Request Schedule 1/Page_KDMC - CMO/span_Department Wise Request' is clicked on

2018-06-09 20:03:14 - [TEST_STEP][PASSED] - click: Object: 'Object Repository/Store Request Schedule 1/Page_KDMC - CMO/a_CMS Request' is clicked on

2018-06-09 20:03:14 - [MESSAGE][PASSED] - Object: 'Object Repository/Store Request Schedule 1/Page_KDMC - CMO/a_CMS Request' is clicked on

2018-06-09 20:03:14 - [TEST_STEP][PASSED] - click: Object: 'Object Repository/Store Request Schedule 1/Page_KDMC - CMO/a_CMS Request' is clicked on

2018-06-09 20:03:14 - [MESSAGE][PASSED] - Object: 'Object Repository/Store Request Schedule 1/Page_KDMC - CMO/a_CMS Request' is clicked on

2018-06-09 20:03:14 - [TEST_STEP][PASSED] - click: Object: 'Object Repository/Store Request Schedule 1/Page_KDMC - CMO/span_Divisional Store Request' is clicked on

2018-06-09 20:03:16 - [MESSAGE][PASSED] - Object: 'Object Repository/Store Request Schedule 1/Page_KDMC - CMO/span_Divisional Store Request' is clicked on

2018-06-09 20:03:16 - [TEST_STEP][PASSED] - delay: Delayed 2 second(s)

2018-06-09 20:03:18 - [MESSAGE][PASSED] - Delayed 2 second(s)

2018-06-09 20:03:18 - [TEST_STEP][PASSED] - Statement - approval = com.kms.katalon.core.webui.keyword.WebUiBuiltInKeywords.modifyObjectProperty(com.kms.katalon.core.testobject.ObjectRepository.findTestObject(Store Request Schedule 1/Page_KDMC - CMO/input_PRNO050520189), "xpath", "equals", "//*[@id=" + RequestNumberID + "]", true): Modify property of object successfully

2018-06-09 20:03:18 - [MESSAGE][PASSED] - Modify property of object successfully

2018-06-09 20:03:18 - [TEST_STEP][PASSED] - click: Object: 'Object Repository/Store Request Schedule 1/Page_KDMC - CMO/input_PRNO050520189' is clicked on

2018-06-09 20:03:18 - [MESSAGE][PASSED] - Object: 'Object Repository/Store Request Schedule 1/Page_KDMC - CMO/input_PRNO050520189' is clicked on

2018-06-09 20:03:18 - [TEST_STEP][PASSED] - delay: Delayed 2 second(s)

2018-06-09 20:03:20 - [MESSAGE][PASSED] - Delayed 2 second(s)

2018-06-09 20:03:20 - [TEST_STEP][PASSED] - selectOptionByIndex: All options with index in [1] are selected on object 'Object Repository/Store Request Schedule 1/Page_KDMC - CMO/select_--Select--'

2018-06-09 20:03:20 - [MESSAGE][PASSED] - All options with index in [1] are selected on object 'Object Repository/Store Request Schedule 1/Page_KDMC - CMO/select_--Select--'

2018-06-09 20:03:20 - [TEST_STEP][PASSED] - click: Object: 'Object Repository/Store Request Schedule 1/Page_KDMC - CMO/input_btnupdate' is clicked on

2018-06-09 20:03:20 - [MESSAGE][PASSED] - Object: 'Object Repository/Store Request Schedule 1/Page_KDMC - CMO/input_btnupdate' is clicked on

2018-06-09 20:03:20 - [TEST_STEP][PASSED] - delay: Delayed 2 second(s)

2018-06-09 20:03:22 - [MESSAGE][PASSED] - Delayed 2 second(s)

2018-06-09 20:03:22 - [TEST_STEP][PASSED] - click: Object: 'Object Repository/Store Request Schedule 1/Page_KDMC - CMO/button_OK' is clicked on

2018-06-09 20:03:23 - [MESSAGE][PASSED] - Object: 'Object Repository/Store Request Schedule 1/Page_KDMC - CMO/button_OK' is clicked on

2018-06-09 20:03:23 - [TEST_STEP][PASSED] - delay: Delayed 2 second(s)

2018-06-09 20:03:25 - [MESSAGE][PASSED] - Delayed 2 second(s)

2018-06-09 20:03:25 - [TEST_STEP][PASSED] - click: Object: 'Object Repository/Store Request Schedule 1/Page_KDMC - CMO/a_dropdown-toggle' is clicked on

2018-06-09 20:03:25 - [MESSAGE][PASSED] - Object: 'Object Repository/Store Request Schedule 1/Page_KDMC - CMO/a_dropdown-toggle' is clicked on

2018-06-09 20:03:25 - [TEST_STEP][PASSED] - click: Object: 'Object Repository/Store Request Schedule 1/Page_KDMC - CMO/a_Sign out' is clicked on

2018-06-09 20:03:25 - [MESSAGE][PASSED] - Object: 'Object Repository/Store Request Schedule 1/Page_KDMC - CMO/a_Sign out' is clicked on

2018-06-09 20:03:25 - [TEST_STEP][PASSED] - delay: Delayed 3 second(s)

2018-06-09 20:03:28 - [MESSAGE][PASSED] - Delayed 3 second(s)

2018-06-09 20:03:28 - [TEST_STEP][PASSED] - click: Object: 'Object Repository/store Request Schedule 1/Page_KDMC/a_CMS' is clicked on

2018-06-09 20:03:29 - [MESSAGE][PASSED] - Object: 'Object Repository/store Request Schedule 1/Page_KDMC/a_CMS' is clicked on

2018-06-09 20:03:29 - [TEST_STEP][PASSED] - setText: Text 'bala' is set on object 'Object Repository/store Request Schedule 1/Page_CMS login/input_txtusername'

2018-06-09 20:03:29 - [MESSAGE][PASSED] - Text 'bala' is set on object 'Object Repository/store Request Schedule 1/Page_CMS login/input_txtusername'

2018-06-09 20:03:29 - [TEST_STEP][PASSED] - setText: Text '123' is set on object 'Object Repository/store Request Schedule 1/Page_CMS login/input_txtpassword'

2018-06-09 20:03:29 - [MESSAGE][PASSED] - Text '123' is set on object 'Object Repository/store Request Schedule 1/Page_CMS login/input_txtpassword'

2018-06-09 20:03:29 - [TEST_STEP][PASSED] - delay: Delayed 3 second(s)

2018-06-09 20:03:32 - [MESSAGE][PASSED] - Delayed 3 second(s)

2018-06-09 20:03:32 - [TEST_STEP][PASSED] - click: Object: 'Object Repository/store Request Schedule 1/Page_CMS login/button_Sign in' is clicked on

2018-06-09 20:03:32 - [MESSAGE][PASSED] - Object: 'Object Repository/store Request Schedule 1/Page_CMS login/button_Sign in' is clicked on

2018-06-09 20:03:32 - [TEST_STEP][PASSED] - delay: Delayed 2 second(s)

2018-06-09 20:03:34 - [MESSAGE][PASSED] - Delayed 2 second(s)

2018-06-09 20:03:34 - [TEST_STEP][PASSED] - click: Object: 'Object Repository/store Request Schedule 1/Page_KDMC - CMS/a_Divisional Store' is clicked on

2018-06-09 20:03:34 - [MESSAGE][PASSED] - Object: 'Object Repository/store Request Schedule 1/Page_KDMC - CMS/a_Divisional Store' is clicked on

2018-06-09 20:03:34 - [TEST_STEP][PASSED] - delay: Delayed 2 second(s)

2018-06-09 20:03:36 - [MESSAGE][PASSED] - Delayed 2 second(s)

2018-06-09 20:03:36 - [TEST_STEP][PASSED] - click: Object: 'Object Repository/store Request Schedule 1/Page_KDMC - CMS/a_Dispatch Items' is clicked on

2018-06-09 20:03:37 - [MESSAGE][PASSED] - Object: 'Object Repository/store Request Schedule 1/Page_KDMC - CMS/a_Dispatch Items' is clicked on

2018-06-09 20:03:37 - [TEST_STEP][PASSED] - setText: Text 'PRNO/09062018/724' is set on object 'Object Repository/store Request Schedule 1/Page_KDMC - CMS/input'

2018-06-09 20:03:38 - [MESSAGE][PASSED] - Text 'PRNO/09062018/724' is set on object 'Object Repository/store Request Schedule 1/Page_KDMC - CMS/input'

2018-06-09 20:03:38 - [TEST_STEP][PASSED] - click: Object: 'Object Repository/store Request Schedule 1/Page_KDMC - CMS/td_text-center' is clicked on

2018-06-09 20:03:38 - [MESSAGE][PASSED] - Object: 'Object Repository/store Request Schedule 1/Page_KDMC - CMS/td_text-center' is clicked on

2018-06-09 20:03:38 - [TEST_STEP][PASSED] - delay: Delayed 3 second(s)

2018-06-09 20:03:41 - [MESSAGE][PASSED] - Delayed 3 second(s)

2018-06-09 20:03:41 - [TEST_STEP][PASSED] - delay: Delayed 2 second(s)

2018-06-09 20:03:43 - [MESSAGE][PASSED] - Delayed 2 second(s)

2018-06-09 20:03:43 - [TEST_STEP][PASSED] - Statement - For ([row = 0, row < SelectedOptions - 1, (row++)]): null

2018-06-09 20:03:43 - [TEST_STEP][PASSED] - Statement - batchlength = new com.kms.katalon.core.testobject.TestObject(): null

2018-06-09 20:03:43 - [TEST_STEP][PASSED] - Statement - batchlength = com.kms.katalon.core.webui.keyword.WebUiBuiltInKeywords.modifyObjectProperty(batchlength, "xpath", "equals", "//*[@id = "fldvendor" + row + ""]", true): Modify property of object successfully

2018-06-09 20:03:43 - [MESSAGE][PASSED] - Modify property of object successfully

2018-06-09 20:03:43 - [TEST_STEP][PASSED] - Statement - batchsize = com.kms.katalon.core.webui.keyword.WebUiBuiltInKeywords.getNumberOfTotalOption(batchlength): 10 options of object '' counted

2018-06-09 20:03:43 - [MESSAGE][PASSED] - 10 options of object '' counted

2018-06-09 20:03:43 - [TEST_STEP][PASSED] - Statement - out.println("BatchSize : " + batchsize): null

2018-06-09 20:03:43 - [TEST_STEP][PASSED] - Statement - For ([n = 1, n <= batchsize - 1, (n++)]): null

2018-06-09 20:03:43 - [TEST_STEP][PASSED] - Statement - product = new com.kms.katalon.core.testobject.TestObject(): null

2018-06-09 20:03:43 - [TEST_STEP][PASSED] - Statement - product = com.kms.katalon.core.webui.keyword.WebUiBuiltInKeywords.modifyObjectProperty(product, "xpath", "equals", "//*[@id = "fldvendor" + row + ""]", true): Modify property of object successfully

2018-06-09 20:03:43 - [MESSAGE][PASSED] - Modify property of object successfully

2018-06-09 20:03:43 - [TEST_STEP][PASSED] - selectOptionByIndex: All options with index in [1] are selected on object ''

2018-06-09 20:03:43 - [MESSAGE][PASSED] - All options with index in [1] are selected on object ''

2018-06-09 20:03:43 - [TEST_STEP][PASSED] - delay: Delayed 2 second(s)

2018-06-09 20:03:45 - [MESSAGE][PASSED] - Delayed 2 second(s)

2018-06-09 20:03:45 - [TEST_STEP][PASSED] - Statement - batch = new com.kms.katalon.core.testobject.TestObject(): null

2018-06-09 20:03:45 - [TEST_STEP][PASSED] - Statement - batch = com.kms.katalon.core.webui.keyword.WebUiBuiltInKeywords.modifyObjectProperty(batch, "xpath", "equals", "//*[@id = "txtbthqty" + row + ""]", true): Modify property of object successfully

2018-06-09 20:03:45 - [MESSAGE][PASSED] - Modify property of object successfully

2018-06-09 20:03:45 - [TEST_STEP][PASSED] - Statement - batchqty = com.kms.katalon.core.webui.keyword.WebUiBuiltInKeywords.getAttribute(batch, "value").trim(): Attribute 'value' of object '' is: '47200'

2018-06-09 20:03:45 - [MESSAGE][PASSED] - Attribute 'value' of object '' is: '47200'

2018-06-09 20:03:45 - [TEST_STEP][PASSED] - Statement - Rqty = 100: null

2018-06-09 20:03:45 - [TEST_STEP][PASSED] - Statement - out.println("BatchQty : " + batchqty): null

2018-06-09 20:03:45 - [TEST_STEP][PASSED] - Statement - out.println("RQty : " + Rqty): null

2018-06-09 20:03:45 - [TEST_STEP][PASSED] - Statement - If (java.lang.Integer.valueOf(batchqty) >= java.lang.Integer.valueOf(Rqty)): null

2018-06-09 20:03:45 - [TEST_STEP][PASSED] - Statement - Break: null

2018-06-09 20:03:45 - [TEST_STEP][PASSED] - Statement - batchlength = new com.kms.katalon.core.testobject.TestObject(): null

2018-06-09 20:03:45 - [TEST_STEP][PASSED] - Statement - batchlength = com.kms.katalon.core.webui.keyword.WebUiBuiltInKeywords.modifyObjectProperty(batchlength, "xpath", "equals", "//*[@id = "fldvendor" + row + ""]", true): Modify property of object successfully

2018-06-09 20:03:45 - [MESSAGE][PASSED] - Modify property of object successfully

2018-06-09 20:03:45 - [TEST_STEP][PASSED] - Statement - batchsize = com.kms.katalon.core.webui.keyword.WebUiBuiltInKeywords.getNumberOfTotalOption(batchlength): 10 options of object '' counted

2018-06-09 20:03:45 - [MESSAGE][PASSED] - 10 options of object '' counted

2018-06-09 20:03:45 - [TEST_STEP][PASSED] - Statement - out.println("BatchSize : " + batchsize): null

2018-06-09 20:03:45 - [TEST_STEP][PASSED] - Statement - For ([n = 1, n <= batchsize - 1, (n++)]): null

2018-06-09 20:03:45 - [TEST_STEP][PASSED] - Statement - product = new com.kms.katalon.core.testobject.TestObject(): null

2018-06-09 20:03:45 - [TEST_STEP][PASSED] - Statement - product = com.kms.katalon.core.webui.keyword.WebUiBuiltInKeywords.modifyObjectProperty(product, "xpath", "equals", "//*[@id = "fldvendor" + row + ""]", true): Modify property of object successfully

2018-06-09 20:03:45 - [MESSAGE][PASSED] - Modify property of object successfully

2018-06-09 20:03:45 - [TEST_STEP][PASSED] - selectOptionByIndex: All options with index in [1] are selected on object ''

2018-06-09 20:03:45 - [MESSAGE][PASSED] - All options with index in [1] are selected on object ''

2018-06-09 20:03:45 - [TEST_STEP][PASSED] - delay: Delayed 2 second(s)

2018-06-09 20:03:47 - [MESSAGE][PASSED] - Delayed 2 second(s)

2018-06-09 20:03:47 - [TEST_STEP][PASSED] - Statement - batch = new com.kms.katalon.core.testobject.TestObject(): null

2018-06-09 20:03:47 - [TEST_STEP][PASSED] - Statement - batch = com.kms.katalon.core.webui.keyword.WebUiBuiltInKeywords.modifyObjectProperty(batch, "xpath", "equals", "//*[@id = "txtbthqty" + row + ""]", true): Modify property of object successfully

2018-06-09 20:03:47 - [MESSAGE][PASSED] - Modify property of object successfully

2018-06-09 20:03:47 - [TEST_STEP][PASSED] - Statement - batchqty = com.kms.katalon.core.webui.keyword.WebUiBuiltInKeywords.getAttribute(batch, "value").trim(): Attribute 'value' of object '' is: '2200'

2018-06-09 20:03:47 - [MESSAGE][PASSED] - Attribute 'value' of object '' is: '2200'

2018-06-09 20:03:47 - [TEST_STEP][PASSED] - Statement - Rqty = 100: null

2018-06-09 20:03:47 - [TEST_STEP][PASSED] - Statement - out.println("BatchQty : " + batchqty): null

2018-06-09 20:03:47 - [TEST_STEP][PASSED] - Statement - out.println("RQty : " + Rqty): null

2018-06-09 20:03:47 - [TEST_STEP][PASSED] - Statement - If (java.lang.Integer.valueOf(batchqty) >= java.lang.Integer.valueOf(Rqty)): null

2018-06-09 20:03:47 - [TEST_STEP][PASSED] - Statement - Break: null

2018-06-09 20:03:47 - [TEST_STEP][PASSED] - Statement - batchlength = new com.kms.katalon.core.testobject.TestObject(): null

2018-06-09 20:03:47 - [TEST_STEP][PASSED] - Statement - batchlength = com.kms.katalon.core.webui.keyword.WebUiBuiltInKeywords.modifyObjectProperty(batchlength, "xpath", "equals", "//*[@id = "fldvendor" + row + ""]", true): Modify property of object successfully

2018-06-09 20:03:47 - [MESSAGE][PASSED] - Modify property of object successfully

2018-06-09 20:03:47 - [TEST_STEP][PASSED] - Statement - batchsize = com.kms.katalon.core.webui.keyword.WebUiBuiltInKeywords.getNumberOfTotalOption(batchlength): 10 options of object '' counted

2018-06-09 20:03:47 - [MESSAGE][PASSED] - 10 options of object '' counted

2018-06-09 20:03:47 - [TEST_STEP][PASSED] - Statement - out.println("BatchSize : " + batchsize): null

2018-06-09 20:03:47 - [TEST_STEP][PASSED] - Statement - For ([n = 1, n <= batchsize - 1, (n++)]): null

2018-06-09 20:03:47 - [TEST_STEP][PASSED] - Statement - product = new com.kms.katalon.core.testobject.TestObject(): null

2018-06-09 20:03:47 - [TEST_STEP][PASSED] - Statement - product = com.kms.katalon.core.webui.keyword.WebUiBuiltInKeywords.modifyObjectProperty(product, "xpath", "equals", "//*[@id = "fldvendor" + row + ""]", true): Modify property of object successfully

2018-06-09 20:03:47 - [MESSAGE][PASSED] - Modify property of object successfully

2018-06-09 20:03:47 - [TEST_STEP][PASSED] - selectOptionByIndex: All options with index in [1] are selected on object ''

2018-06-09 20:03:48 - [MESSAGE][PASSED] - All options with index in [1] are selected on object ''

2018-06-09 20:03:48 - [TEST_STEP][PASSED] - delay: Delayed 2 second(s)

2018-06-09 20:03:50 - [MESSAGE][PASSED] - Delayed 2 second(s)

2018-06-09 20:03:50 - [TEST_STEP][PASSED] - Statement - batch = new com.kms.katalon.core.testobject.TestObject(): null

2018-06-09 20:03:50 - [TEST_STEP][PASSED] - Statement - batch = com.kms.katalon.core.webui.keyword.WebUiBuiltInKeywords.modifyObjectProperty(batch, "xpath", "equals", "//*[@id = "txtbthqty" + row + ""]", true): Modify property of object successfully

2018-06-09 20:03:50 - [MESSAGE][PASSED] - Modify property of object successfully

2018-06-09 20:03:50 - [TEST_STEP][PASSED] - Statement - batchqty = com.kms.katalon.core.webui.keyword.WebUiBuiltInKeywords.getAttribute(batch, "value").trim(): Attribute 'value' of object '' is: '3100'

2018-06-09 20:03:50 - [MESSAGE][PASSED] - Attribute 'value' of object '' is: '3100'

2018-06-09 20:03:50 - [TEST_STEP][PASSED] - Statement - Rqty = 100: null

2018-06-09 20:03:50 - [TEST_STEP][PASSED] - Statement - out.println("BatchQty : " + batchqty): null

2018-06-09 20:03:50 - [TEST_STEP][PASSED] - Statement - out.println("RQty : " + Rqty): null

2018-06-09 20:03:50 - [TEST_STEP][PASSED] - Statement - If (java.lang.Integer.valueOf(batchqty) >= java.lang.Integer.valueOf(Rqty)): null

2018-06-09 20:03:50 - [TEST_STEP][PASSED] - Statement - Break: null

2018-06-09 20:03:50 - [TEST_STEP][PASSED] - Statement - batchlength = new com.kms.katalon.core.testobject.TestObject(): null

2018-06-09 20:03:50 - [TEST_STEP][PASSED] - Statement - batchlength = com.kms.katalon.core.webui.keyword.WebUiBuiltInKeywords.modifyObjectProperty(batchlength, "xpath", "equals", "//*[@id = "fldvendor" + row + ""]", true): Modify property of object successfully

2018-06-09 20:03:50 - [MESSAGE][PASSED] - Modify property of object successfully

2018-06-09 20:03:50 - [TEST_STEP][PASSED] - Statement - batchsize = com.kms.katalon.core.webui.keyword.WebUiBuiltInKeywords.getNumberOfTotalOption(batchlength): 10 options of object '' counted

2018-06-09 20:03:50 - [MESSAGE][PASSED] - 10 options of object '' counted

2018-06-09 20:03:50 - [TEST_STEP][PASSED] - Statement - out.println("BatchSize : " + batchsize): null

2018-06-09 20:03:50 - [TEST_STEP][PASSED] - Statement - For ([n = 1, n <= batchsize - 1, (n++)]): null

2018-06-09 20:03:50 - [TEST_STEP][PASSED] - Statement - product = new com.kms.katalon.core.testobject.TestObject(): null

2018-06-09 20:03:50 - [TEST_STEP][PASSED] - Statement - product = com.kms.katalon.core.webui.keyword.WebUiBuiltInKeywords.modifyObjectProperty(product, "xpath", "equals", "//*[@id = "fldvendor" + row + ""]", true): Modify property of object successfully

2018-06-09 20:03:50 - [MESSAGE][PASSED] - Modify property of object successfully

2018-06-09 20:03:50 - [TEST_STEP][PASSED] - selectOptionByIndex: All options with index in [1] are selected on object ''

2018-06-09 20:03:50 - [MESSAGE][PASSED] - All options with index in [1] are selected on object ''

2018-06-09 20:03:50 - [TEST_STEP][PASSED] - delay: Delayed 2 second(s)

2018-06-09 20:03:52 - [MESSAGE][PASSED] - Delayed 2 second(s)

2018-06-09 20:03:52 - [TEST_STEP][PASSED] - Statement - batch = new com.kms.katalon.core.testobject.TestObject(): null

2018-06-09 20:03:52 - [TEST_STEP][PASSED] - Statement - batch = com.kms.katalon.core.webui.keyword.WebUiBuiltInKeywords.modifyObjectProperty(batch, "xpath", "equals", "//*[@id = "txtbthqty" + row + ""]", true): Modify property of object successfully

2018-06-09 20:03:52 - [MESSAGE][PASSED] - Modify property of object successfully

2018-06-09 20:03:52 - [TEST_STEP][PASSED] - Statement - batchqty = com.kms.katalon.core.webui.keyword.WebUiBuiltInKeywords.getAttribute(batch, "value").trim(): Attribute 'value' of object '' is: '47100'

2018-06-09 20:03:52 - [MESSAGE][PASSED] - Attribute 'value' of object '' is: '47100'

2018-06-09 20:03:52 - [TEST_STEP][PASSED] - Statement - Rqty = 100: null

2018-06-09 20:03:52 - [TEST_STEP][PASSED] - Statement - out.println("BatchQty : " + batchqty): null

2018-06-09 20:03:52 - [TEST_STEP][PASSED] - Statement - out.println("RQty : " + Rqty): null

2018-06-09 20:03:52 - [TEST_STEP][PASSED] - Statement - If (java.lang.Integer.valueOf(batchqty) >= java.lang.Integer.valueOf(Rqty)): null

2018-06-09 20:03:52 - [TEST_STEP][PASSED] - Statement - Break: null

2018-06-09 20:03:52 - [TEST_STEP][PASSED] - Statement - batchlength = new com.kms.katalon.core.testobject.TestObject(): null

2018-06-09 20:03:52 - [TEST_STEP][PASSED] - Statement - batchlength = com.kms.katalon.core.webui.keyword.WebUiBuiltInKeywords.modifyObjectProperty(batchlength, "xpath", "equals", "//*[@id = "fldvendor" + row + ""]", true): Modify property of object successfully

2018-06-09 20:03:52 - [MESSAGE][PASSED] - Modify property of object successfully

2018-06-09 20:03:52 - [TEST_STEP][PASSED] - Statement - batchsize = com.kms.katalon.core.webui.keyword.WebUiBuiltInKeywords.getNumberOfTotalOption(batchlength): 10 options of object '' counted

2018-06-09 20:03:52 - [MESSAGE][PASSED] - 10 options of object '' counted

2018-06-09 20:03:52 - [TEST_STEP][PASSED] - Statement - out.println("BatchSize : " + batchsize): null

2018-06-09 20:03:52 - [TEST_STEP][PASSED] - Statement - For ([n = 1, n <= batchsize - 1, (n++)]): null

2018-06-09 20:03:52 - [TEST_STEP][PASSED] - Statement - product = new com.kms.katalon.core.testobject.TestObject(): null

2018-06-09 20:03:52 - [TEST_STEP][PASSED] - Statement - product = com.kms.katalon.core.webui.keyword.WebUiBuiltInKeywords.modifyObjectProperty(product, "xpath", "equals", "//*[@id = "fldvendor" + row + ""]", true): Modify property of object successfully

2018-06-09 20:03:52 - [MESSAGE][PASSED] - Modify property of object successfully

2018-06-09 20:03:52 - [TEST_STEP][PASSED] - selectOptionByIndex: All options with index in [1] are selected on object ''

2018-06-09 20:03:52 - [MESSAGE][PASSED] - All options with index in [1] are selected on object ''

2018-06-09 20:03:52 - [TEST_STEP][PASSED] - delay: Delayed 2 second(s)

2018-06-09 20:03:54 - [MESSAGE][PASSED] - Delayed 2 second(s)

2018-06-09 20:03:54 - [TEST_STEP][PASSED] - Statement - batch = new com.kms.katalon.core.testobject.TestObject(): null

2018-06-09 20:03:54 - [TEST_STEP][PASSED] - Statement - batch = com.kms.katalon.core.webui.keyword.WebUiBuiltInKeywords.modifyObjectProperty(batch, "xpath", "equals", "//*[@id = "txtbthqty" + row + ""]", true): Modify property of object successfully

2018-06-09 20:03:54 - [MESSAGE][PASSED] - Modify property of object successfully

2018-06-09 20:03:54 - [TEST_STEP][PASSED] - Statement - batchqty = com.kms.katalon.core.webui.keyword.WebUiBuiltInKeywords.getAttribute(batch, "value").trim(): Attribute 'value' of object '' is: '3200'

2018-06-09 20:03:54 - [MESSAGE][PASSED] - Attribute 'value' of object '' is: '3200'

2018-06-09 20:03:54 - [TEST_STEP][PASSED] - Statement - Rqty = 100: null

2018-06-09 20:03:54 - [TEST_STEP][PASSED] - Statement - out.println("BatchQty : " + batchqty): null

2018-06-09 20:03:54 - [TEST_STEP][PASSED] - Statement - out.println("RQty : " + Rqty): null

2018-06-09 20:03:54 - [TEST_STEP][PASSED] - Statement - If (java.lang.Integer.valueOf(batchqty) >= java.lang.Integer.valueOf(Rqty)): null

2018-06-09 20:03:54 - [TEST_STEP][PASSED] - Statement - Break: null

2018-06-09 20:03:54 - [TEST_STEP][PASSED] - Statement - batchlength = new com.kms.katalon.core.testobject.TestObject(): null

2018-06-09 20:03:54 - [TEST_STEP][PASSED] - Statement - batchlength = com.kms.katalon.core.webui.keyword.WebUiBuiltInKeywords.modifyObjectProperty(batchlength, "xpath", "equals", "//*[@id = "fldvendor" + row + ""]", true): Modify property of object successfully

2018-06-09 20:03:54 - [MESSAGE][PASSED] - Modify property of object successfully

2018-06-09 20:03:54 - [TEST_STEP][PASSED] - Statement - batchsize = com.kms.katalon.core.webui.keyword.WebUiBuiltInKeywords.getNumberOfTotalOption(batchlength): 10 options of object '' counted

2018-06-09 20:03:54 - [MESSAGE][PASSED] - 10 options of object '' counted

2018-06-09 20:03:54 - [TEST_STEP][PASSED] - Statement - out.println("BatchSize : " + batchsize): null

2018-06-09 20:03:54 - [TEST_STEP][PASSED] - Statement - For ([n = 1, n <= batchsize - 1, (n++)]): null

2018-06-09 20:03:54 - [TEST_STEP][PASSED] - Statement - product = new com.kms.katalon.core.testobject.TestObject(): null

2018-06-09 20:03:54 - [TEST_STEP][PASSED] - Statement - product = com.kms.katalon.core.webui.keyword.WebUiBuiltInKeywords.modifyObjectProperty(product, "xpath", "equals", "//*[@id = "fldvendor" + row + ""]", true): Modify property of object successfully

2018-06-09 20:03:54 - [MESSAGE][PASSED] - Modify property of object successfully

2018-06-09 20:03:54 - [TEST_STEP][PASSED] - selectOptionByIndex: All options with index in [1] are selected on object ''

2018-06-09 20:03:54 - [MESSAGE][PASSED] - All options with index in [1] are selected on object ''

2018-06-09 20:03:54 - [TEST_STEP][PASSED] - delay: Delayed 2 second(s)

2018-06-09 20:03:56 - [MESSAGE][PASSED] - Delayed 2 second(s)

2018-06-09 20:03:56 - [TEST_STEP][PASSED] - Statement - batch = new com.kms.katalon.core.testobject.TestObject(): null

2018-06-09 20:03:56 - [TEST_STEP][PASSED] - Statement - batch = com.kms.katalon.core.webui.keyword.WebUiBuiltInKeywords.modifyObjectProperty(batch, "xpath", "equals", "//*[@id = "txtbthqty" + row + ""]", true): Modify property of object successfully

2018-06-09 20:03:56 - [MESSAGE][PASSED] - Modify property of object successfully

2018-06-09 20:03:56 - [TEST_STEP][PASSED] - Statement - batchqty = com.kms.katalon.core.webui.keyword.WebUiBuiltInKeywords.getAttribute(batch, "value").trim(): Attribute 'value' of object '' is: '1200'

2018-06-09 20:03:56 - [MESSAGE][PASSED] - Attribute 'value' of object '' is: '1200'

2018-06-09 20:03:56 - [TEST_STEP][PASSED] - Statement - Rqty = 100: null

2018-06-09 20:03:56 - [TEST_STEP][PASSED] - Statement - out.println("BatchQty : " + batchqty): null

2018-06-09 20:03:56 - [TEST_STEP][PASSED] - Statement - out.println("RQty : " + Rqty): null

2018-06-09 20:03:56 - [TEST_STEP][PASSED] - Statement - If (java.lang.Integer.valueOf(batchqty) >= java.lang.Integer.valueOf(Rqty)): null

2018-06-09 20:03:56 - [TEST_STEP][PASSED] - Statement - Break: null

2018-06-09 20:03:56 - [TEST_STEP][PASSED] - Statement - batchlength = new com.kms.katalon.core.testobject.TestObject(): null

2018-06-09 20:03:56 - [TEST_STEP][PASSED] - Statement - batchlength = com.kms.katalon.core.webui.keyword.WebUiBuiltInKeywords.modifyObjectProperty(batchlength, "xpath", "equals", "//*[@id = "fldvendor" + row + ""]", true): Modify property of object successfully

2018-06-09 20:03:56 - [MESSAGE][PASSED] - Modify property of object successfully

2018-06-09 20:03:56 - [TEST_STEP][PASSED] - Statement - batchsize = com.kms.katalon.core.webui.keyword.WebUiBuiltInKeywords.getNumberOfTotalOption(batchlength): 10 options of object '' counted

2018-06-09 20:03:56 - [MESSAGE][PASSED] - 10 options of object '' counted

2018-06-09 20:03:56 - [TEST_STEP][PASSED] - Statement - out.println("BatchSize : " + batchsize): null

2018-06-09 20:03:56 - [TEST_STEP][PASSED] - Statement - For ([n = 1, n <= batchsize - 1, (n++)]): null

2018-06-09 20:03:56 - [TEST_STEP][PASSED] - Statement - product = new com.kms.katalon.core.testobject.TestObject(): null

2018-06-09 20:03:56 - [TEST_STEP][PASSED] - Statement - product = com.kms.katalon.core.webui.keyword.WebUiBuiltInKeywords.modifyObjectProperty(product, "xpath", "equals", "//*[@id = "fldvendor" + row + ""]", true): Modify property of object successfully

2018-06-09 20:03:56 - [MESSAGE][PASSED] - Modify property of object successfully

2018-06-09 20:03:56 - [TEST_STEP][PASSED] - selectOptionByIndex: All options with index in [1] are selected on object ''

2018-06-09 20:03:57 - [MESSAGE][PASSED] - All options with index in [1] are selected on object ''

2018-06-09 20:03:57 - [TEST_STEP][PASSED] - delay: Delayed 2 second(s)

2018-06-09 20:03:59 - [MESSAGE][PASSED] - Delayed 2 second(s)

2018-06-09 20:03:59 - [TEST_STEP][PASSED] - Statement - batch = new com.kms.katalon.core.testobject.TestObject(): null

2018-06-09 20:03:59 - [TEST_STEP][PASSED] - Statement - batch = com.kms.katalon.core.webui.keyword.WebUiBuiltInKeywords.modifyObjectProperty(batch, "xpath", "equals", "//*[@id = "txtbthqty" + row + ""]", true): Modify property of object successfully

2018-06-09 20:03:59 - [MESSAGE][PASSED] - Modify property of object successfully

2018-06-09 20:03:59 - [TEST_STEP][PASSED] - Statement - batchqty = com.kms.katalon.core.webui.keyword.WebUiBuiltInKeywords.getAttribute(batch, "value").trim(): Attribute 'value' of object '' is: '47100'

2018-06-09 20:03:59 - [MESSAGE][PASSED] - Attribute 'value' of object '' is: '47100'

2018-06-09 20:03:59 - [TEST_STEP][PASSED] - Statement - Rqty = 100: null

2018-06-09 20:03:59 - [TEST_STEP][PASSED] - Statement - out.println("BatchQty : " + batchqty): null

2018-06-09 20:03:59 - [TEST_STEP][PASSED] - Statement - out.println("RQty : " + Rqty): null

2018-06-09 20:03:59 - [TEST_STEP][PASSED] - Statement - If (java.lang.Integer.valueOf(batchqty) >= java.lang.Integer.valueOf(Rqty)): null

2018-06-09 20:03:59 - [TEST_STEP][PASSED] - Statement - Break: null

2018-06-09 20:03:59 - [TEST_STEP][PASSED] - Statement - batchlength = new com.kms.katalon.core.testobject.TestObject(): null

2018-06-09 20:03:59 - [TEST_STEP][PASSED] - Statement - batchlength = com.kms.katalon.core.webui.keyword.WebUiBuiltInKeywords.modifyObjectProperty(batchlength, "xpath", "equals", "//*[@id = "fldvendor" + row + ""]", true): Modify property of object successfully

2018-06-09 20:03:59 - [MESSAGE][PASSED] - Modify property of object successfully

2018-06-09 20:03:59 - [TEST_STEP][PASSED] - Statement - batchsize = com.kms.katalon.core.webui.keyword.WebUiBuiltInKeywords.getNumberOfTotalOption(batchlength): 10 options of object '' counted

2018-06-09 20:03:59 - [MESSAGE][PASSED] - 10 options of object '' counted

2018-06-09 20:03:59 - [TEST_STEP][PASSED] - Statement - out.println("BatchSize : " + batchsize): null

2018-06-09 20:03:59 - [TEST_STEP][PASSED] - Statement - For ([n = 1, n <= batchsize - 1, (n++)]): null

2018-06-09 20:03:59 - [TEST_STEP][PASSED] - Statement - product = new com.kms.katalon.core.testobject.TestObject(): null

2018-06-09 20:03:59 - [TEST_STEP][PASSED] - Statement - product = com.kms.katalon.core.webui.keyword.WebUiBuiltInKeywords.modifyObjectProperty(product, "xpath", "equals", "//*[@id = "fldvendor" + row + ""]", true): Modify property of object successfully

2018-06-09 20:03:59 - [MESSAGE][PASSED] - Modify property of object successfully

2018-06-09 20:03:59 - [TEST_STEP][PASSED] - selectOptionByIndex: All options with index in [1] are selected on object ''

2018-06-09 20:03:59 - [MESSAGE][PASSED] - All options with index in [1] are selected on object ''

2018-06-09 20:03:59 - [TEST_STEP][PASSED] - delay: Delayed 2 second(s)

2018-06-09 20:04:01 - [MESSAGE][PASSED] - Delayed 2 second(s)

2018-06-09 20:04:01 - [TEST_STEP][PASSED] - Statement - batch = new com.kms.katalon.core.testobject.TestObject(): null

2018-06-09 20:04:01 - [TEST_STEP][PASSED] - Statement - batch = com.kms.katalon.core.webui.keyword.WebUiBuiltInKeywords.modifyObjectProperty(batch, "xpath", "equals", "//*[@id = "txtbthqty" + row + ""]", true): Modify property of object successfully

2018-06-09 20:04:01 - [MESSAGE][PASSED] - Modify property of object successfully

2018-06-09 20:04:01 - [TEST_STEP][PASSED] - Statement - batchqty = com.kms.katalon.core.webui.keyword.WebUiBuiltInKeywords.getAttribute(batch, "value").trim(): Attribute 'value' of object '' is: '47100'

2018-06-09 20:04:01 - [MESSAGE][PASSED] - Attribute 'value' of object '' is: '47100'

2018-06-09 20:04:01 - [TEST_STEP][PASSED] - Statement - Rqty = 100: null

2018-06-09 20:04:01 - [TEST_STEP][PASSED] - Statement - out.println("BatchQty : " + batchqty): null

2018-06-09 20:04:01 - [TEST_STEP][PASSED] - Statement - out.println("RQty : " + Rqty): null

2018-06-09 20:04:01 - [TEST_STEP][PASSED] - Statement - If (java.lang.Integer.valueOf(batchqty) >= java.lang.Integer.valueOf(Rqty)): null

2018-06-09 20:04:01 - [TEST_STEP][PASSED] - Statement - Break: null

2018-06-09 20:04:01 - [TEST_STEP][PASSED] - Statement - batchlength = new com.kms.katalon.core.testobject.TestObject(): null

2018-06-09 20:04:01 - [TEST_STEP][PASSED] - Statement - batchlength = com.kms.katalon.core.webui.keyword.WebUiBuiltInKeywords.modifyObjectProperty(batchlength, "xpath", "equals", "//*[@id = "fldvendor" + row + ""]", true): Modify property of object successfully

2018-06-09 20:04:01 - [MESSAGE][PASSED] - Modify property of object successfully

2018-06-09 20:04:01 - [TEST_STEP][PASSED] - Statement - batchsize = com.kms.katalon.core.webui.keyword.WebUiBuiltInKeywords.getNumberOfTotalOption(batchlength): 10 options of object '' counted

2018-06-09 20:04:01 - [MESSAGE][PASSED] - 10 options of object '' counted

2018-06-09 20:04:01 - [TEST_STEP][PASSED] - Statement - out.println("BatchSize : " + batchsize): null

2018-06-09 20:04:01 - [TEST_STEP][PASSED] - Statement - For ([n = 1, n <= batchsize - 1, (n++)]): null

2018-06-09 20:04:01 - [TEST_STEP][PASSED] - Statement - product = new com.kms.katalon.core.testobject.TestObject(): null

2018-06-09 20:04:01 - [TEST_STEP][PASSED] - Statement - product = com.kms.katalon.core.webui.keyword.WebUiBuiltInKeywords.modifyObjectProperty(product, "xpath", "equals", "//*[@id = "fldvendor" + row + ""]", true): Modify property of object successfully

2018-06-09 20:04:01 - [MESSAGE][PASSED] - Modify property of object successfully

2018-06-09 20:04:01 - [TEST_STEP][PASSED] - selectOptionByIndex: All options with index in [1] are selected on object ''

2018-06-09 20:04:01 - [MESSAGE][PASSED] - All options with index in [1] are selected on object ''

2018-06-09 20:04:01 - [TEST_STEP][PASSED] - delay: Delayed 2 second(s)

2018-06-09 20:04:03 - [MESSAGE][PASSED] - Delayed 2 second(s)

2018-06-09 20:04:03 - [TEST_STEP][PASSED] - Statement - batch = new com.kms.katalon.core.testobject.TestObject(): null

2018-06-09 20:04:03 - [TEST_STEP][PASSED] - Statement - batch = com.kms.katalon.core.webui.keyword.WebUiBuiltInKeywords.modifyObjectProperty(batch, "xpath", "equals", "//*[@id = "txtbthqty" + row + ""]", true): Modify property of object successfully

2018-06-09 20:04:03 - [MESSAGE][PASSED] - Modify property of object successfully

2018-06-09 20:04:03 - [TEST_STEP][PASSED] - Statement - batchqty = com.kms.katalon.core.webui.keyword.WebUiBuiltInKeywords.getAttribute(batch, "value").trim(): Attribute 'value' of object '' is: '2200'

2018-06-09 20:04:03 - [MESSAGE][PASSED] - Attribute 'value' of object '' is: '2200'

2018-06-09 20:04:03 - [TEST_STEP][PASSED] - Statement - Rqty = 100: null

2018-06-09 20:04:03 - [TEST_STEP][PASSED] - Statement - out.println("BatchQty : " + batchqty): null

2018-06-09 20:04:03 - [TEST_STEP][PASSED] - Statement - out.println("RQty : " + Rqty): null

2018-06-09 20:04:03 - [TEST_STEP][PASSED] - Statement - If (java.lang.Integer.valueOf(batchqty) >= java.lang.Integer.valueOf(Rqty)): null

2018-06-09 20:04:03 - [TEST_STEP][PASSED] - Statement - Break: null

2018-06-09 20:04:03 - [TEST_STEP][PASSED] - Statement - batchlength = new com.kms.katalon.core.testobject.TestObject(): null

2018-06-09 20:04:03 - [TEST_STEP][PASSED] - Statement - batchlength = com.kms.katalon.core.webui.keyword.WebUiBuiltInKeywords.modifyObjectProperty(batchlength, "xpath", "equals", "//*[@id = "fldvendor" + row + ""]", true): Modify property of object successfully

2018-06-09 20:04:03 - [MESSAGE][PASSED] - Modify property of object successfully

2018-06-09 20:04:03 - [TEST_STEP][PASSED] - Statement - batchsize = com.kms.katalon.core.webui.keyword.WebUiBuiltInKeywords.getNumberOfTotalOption(batchlength): 10 options of object '' counted

2018-06-09 20:04:03 - [MESSAGE][PASSED] - 10 options of object '' counted

2018-06-09 20:04:03 - [TEST_STEP][PASSED] - Statement - out.println("BatchSize : " + batchsize): null

2018-06-09 20:04:03 - [TEST_STEP][PASSED] - Statement - For ([n = 1, n <= batchsize - 1, (n++)]): null

2018-06-09 20:04:03 - [TEST_STEP][PASSED] - Statement - product = new com.kms.katalon.core.testobject.TestObject(): null

2018-06-09 20:04:03 - [TEST_STEP][PASSED] - Statement - product = com.kms.katalon.core.webui.keyword.WebUiBuiltInKeywords.modifyObjectProperty(product, "xpath", "equals", "//*[@id = "fldvendor" + row + ""]", true): Modify property of object successfully

2018-06-09 20:04:03 - [MESSAGE][PASSED] - Modify property of object successfully

2018-06-09 20:04:03 - [TEST_STEP][PASSED] - selectOptionByIndex: All options with index in [1] are selected on object ''

2018-06-09 20:04:03 - [MESSAGE][PASSED] - All options with index in [1] are selected on object ''

2018-06-09 20:04:03 - [TEST_STEP][PASSED] - delay: Delayed 2 second(s)

2018-06-09 20:04:05 - [MESSAGE][PASSED] - Delayed 2 second(s)

2018-06-09 20:04:05 - [TEST_STEP][PASSED] - Statement - batch = new com.kms.katalon.core.testobject.TestObject(): null

2018-06-09 20:04:05 - [TEST_STEP][PASSED] - Statement - batch = com.kms.katalon.core.webui.keyword.WebUiBuiltInKeywords.modifyObjectProperty(batch, "xpath", "equals", "//*[@id = "txtbthqty" + row + ""]", true): Modify property of object successfully

2018-06-09 20:04:05 - [MESSAGE][PASSED] - Modify property of object successfully

2018-06-09 20:04:05 - [TEST_STEP][PASSED] - Statement - batchqty = com.kms.katalon.core.webui.keyword.WebUiBuiltInKeywords.getAttribute(batch, "value").trim(): Attribute 'value' of object '' is: '4000'

2018-06-09 20:04:05 - [MESSAGE][PASSED] - Attribute 'value' of object '' is: '4000'

2018-06-09 20:04:05 - [TEST_STEP][PASSED] - Statement - Rqty = 100: null

2018-06-09 20:04:05 - [TEST_STEP][PASSED] - Statement - out.println("BatchQty : " + batchqty): null

2018-06-09 20:04:05 - [TEST_STEP][PASSED] - Statement - out.println("RQty : " + Rqty): null

2018-06-09 20:04:05 - [TEST_STEP][PASSED] - Statement - If (java.lang.Integer.valueOf(batchqty) >= java.lang.Integer.valueOf(Rqty)): null

2018-06-09 20:04:05 - [TEST_STEP][PASSED] - Statement - Break: null

2018-06-09 20:04:05 - [TEST_STEP][PASSED] - Statement - batchlength = new com.kms.katalon.core.testobject.TestObject(): null

2018-06-09 20:04:05 - [TEST_STEP][PASSED] - Statement - batchlength = com.kms.katalon.core.webui.keyword.WebUiBuiltInKeywords.modifyObjectProperty(batchlength, "xpath", "equals", "//*[@id = "fldvendor" + row + ""]", true): Modify property of object successfully

2018-06-09 20:04:05 - [MESSAGE][PASSED] - Modify property of object successfully

2018-06-09 20:04:05 - [TEST_STEP][PASSED] - Statement - batchsize = com.kms.katalon.core.webui.keyword.WebUiBuiltInKeywords.getNumberOfTotalOption(batchlength): 10 options of object '' counted

2018-06-09 20:04:05 - [MESSAGE][PASSED] - 10 options of object '' counted

2018-06-09 20:04:05 - [TEST_STEP][PASSED] - Statement - out.println("BatchSize : " + batchsize): null

2018-06-09 20:04:05 - [TEST_STEP][PASSED] - Statement - For ([n = 1, n <= batchsize - 1, (n++)]): null

2018-06-09 20:04:05 - [TEST_STEP][PASSED] - Statement - product = new com.kms.katalon.core.testobject.TestObject(): null

2018-06-09 20:04:05 - [TEST_STEP][PASSED] - Statement - product = com.kms.katalon.core.webui.keyword.WebUiBuiltInKeywords.modifyObjectProperty(product, "xpath", "equals", "//*[@id = "fldvendor" + row + ""]", true): Modify property of object successfully

2018-06-09 20:04:05 - [MESSAGE][PASSED] - Modify property of object successfully

2018-06-09 20:04:05 - [TEST_STEP][PASSED] - selectOptionByIndex: All options with index in [1] are selected on object ''

2018-06-09 20:04:05 - [MESSAGE][PASSED] - All options with index in [1] are selected on object ''

2018-06-09 20:04:05 - [TEST_STEP][PASSED] - delay: Delayed 2 second(s)

2018-06-09 20:04:07 - [MESSAGE][PASSED] - Delayed 2 second(s)

2018-06-09 20:04:07 - [TEST_STEP][PASSED] - Statement - batch = new com.kms.katalon.core.testobject.TestObject(): null

2018-06-09 20:04:07 - [TEST_STEP][PASSED] - Statement - batch = com.kms.katalon.core.webui.keyword.WebUiBuiltInKeywords.modifyObjectProperty(batch, "xpath", "equals", "//*[@id = "txtbthqty" + row + ""]", true): Modify property of object successfully

2018-06-09 20:04:07 - [MESSAGE][PASSED] - Modify property of object successfully

2018-06-09 20:04:07 - [TEST_STEP][PASSED] - Statement - batchqty = com.kms.katalon.core.webui.keyword.WebUiBuiltInKeywords.getAttribute(batch, "value").trim(): Attribute 'value' of object '' is: '2200'

2018-06-09 20:04:07 - [MESSAGE][PASSED] - Attribute 'value' of object '' is: '2200'

2018-06-09 20:04:07 - [TEST_STEP][PASSED] - Statement - Rqty = 100: null

2018-06-09 20:04:07 - [TEST_STEP][PASSED] - Statement - out.println("BatchQty : " + batchqty): null

2018-06-09 20:04:07 - [TEST_STEP][PASSED] - Statement - out.println("RQty : " + Rqty): null

2018-06-09 20:04:07 - [TEST_STEP][PASSED] - Statement - If (java.lang.Integer.valueOf(batchqty) >= java.lang.Integer.valueOf(Rqty)): null

2018-06-09 20:04:07 - [TEST_STEP][PASSED] - Statement - Break: null

2018-06-09 20:04:07 - [TEST_STEP][PASSED] - Statement - batchlength = new com.kms.katalon.core.testobject.TestObject(): null

2018-06-09 20:04:07 - [TEST_STEP][PASSED] - Statement - batchlength = com.kms.katalon.core.webui.keyword.WebUiBuiltInKeywords.modifyObjectProperty(batchlength, "xpath", "equals", "//*[@id = "fldvendor" + row + ""]", true): Modify property of object successfully

2018-06-09 20:04:07 - [MESSAGE][PASSED] - Modify property of object successfully

2018-06-09 20:04:07 - [TEST_STEP][PASSED] - Statement - batchsize = com.kms.katalon.core.webui.keyword.WebUiBuiltInKeywords.getNumberOfTotalOption(batchlength): 10 options of object '' counted

2018-06-09 20:04:08 - [MESSAGE][PASSED] - 10 options of object '' counted

2018-06-09 20:04:08 - [TEST_STEP][PASSED] - Statement - out.println("BatchSize : " + batchsize): null

2018-06-09 20:04:08 - [TEST_STEP][PASSED] - Statement - For ([n = 1, n <= batchsize - 1, (n++)]): null

2018-06-09 20:04:08 - [TEST_STEP][PASSED] - Statement - product = new com.kms.katalon.core.testobject.TestObject(): null

2018-06-09 20:04:08 - [TEST_STEP][PASSED] - Statement - product = com.kms.katalon.core.webui.keyword.WebUiBuiltInKeywords.modifyObjectProperty(product, "xpath", "equals", "//*[@id = "fldvendor" + row + ""]", true): Modify property of object successfully

2018-06-09 20:04:08 - [MESSAGE][PASSED] - Modify property of object successfully

2018-06-09 20:04:08 - [TEST_STEP][PASSED] - selectOptionByIndex: All options with index in [1] are selected on object ''

2018-06-09 20:04:08 - [MESSAGE][PASSED] - All options with index in [1] are selected on object ''

2018-06-09 20:04:08 - [TEST_STEP][PASSED] - delay: Delayed 2 second(s)

2018-06-09 20:04:10 - [MESSAGE][PASSED] - Delayed 2 second(s)

2018-06-09 20:04:10 - [TEST_STEP][PASSED] - Statement - batch = new com.kms.katalon.core.testobject.TestObject(): null

2018-06-09 20:04:10 - [TEST_STEP][PASSED] - Statement - batch = com.kms.katalon.core.webui.keyword.WebUiBuiltInKeywords.modifyObjectProperty(batch, "xpath", "equals", "//*[@id = "txtbthqty" + row + ""]", true): Modify property of object successfully

2018-06-09 20:04:10 - [MESSAGE][PASSED] - Modify property of object successfully

2018-06-09 20:04:10 - [TEST_STEP][PASSED] - Statement - batchqty = com.kms.katalon.core.webui.keyword.WebUiBuiltInKeywords.getAttribute(batch, "value").trim(): Attribute 'value' of object '' is: '3200'

2018-06-09 20:04:10 - [MESSAGE][PASSED] - Attribute 'value' of object '' is: '3200'

2018-06-09 20:04:10 - [TEST_STEP][PASSED] - Statement - Rqty = 100: null

2018-06-09 20:04:10 - [TEST_STEP][PASSED] - Statement - out.println("BatchQty : " + batchqty): null

2018-06-09 20:04:10 - [TEST_STEP][PASSED] - Statement - out.println("RQty : " + Rqty): null

2018-06-09 20:04:10 - [TEST_STEP][PASSED] - Statement - If (java.lang.Integer.valueOf(batchqty) >= java.lang.Integer.valueOf(Rqty)): null

2018-06-09 20:04:10 - [TEST_STEP][PASSED] - Statement - Break: null

2018-06-09 20:04:10 - [TEST_STEP][PASSED] - Statement - batchlength = new com.kms.katalon.core.testobject.TestObject(): null

2018-06-09 20:04:10 - [TEST_STEP][PASSED] - Statement - batchlength = com.kms.katalon.core.webui.keyword.WebUiBuiltInKeywords.modifyObjectProperty(batchlength, "xpath", "equals", "//*[@id = "fldvendor" + row + ""]", true): Modify property of object successfully

2018-06-09 20:04:10 - [MESSAGE][PASSED] - Modify property of object successfully

2018-06-09 20:04:10 - [TEST_STEP][PASSED] - Statement - batchsize = com.kms.katalon.core.webui.keyword.WebUiBuiltInKeywords.getNumberOfTotalOption(batchlength): 10 options of object '' counted

2018-06-09 20:04:10 - [MESSAGE][PASSED] - 10 options of object '' counted

2018-06-09 20:04:10 - [TEST_STEP][PASSED] - Statement - out.println("BatchSize : " + batchsize): null

2018-06-09 20:04:10 - [TEST_STEP][PASSED] - Statement - For ([n = 1, n <= batchsize - 1, (n++)]): null

2018-06-09 20:04:10 - [TEST_STEP][PASSED] - Statement - product = new com.kms.katalon.core.testobject.TestObject(): null

2018-06-09 20:04:10 - [TEST_STEP][PASSED] - Statement - product = com.kms.katalon.core.webui.keyword.WebUiBuiltInKeywords.modifyObjectProperty(product, "xpath", "equals", "//*[@id = "fldvendor" + row + ""]", true): Modify property of object successfully

2018-06-09 20:04:10 - [MESSAGE][PASSED] - Modify property of object successfully

2018-06-09 20:04:10 - [TEST_STEP][PASSED] - selectOptionByIndex: All options with index in [1] are selected on object ''

2018-06-09 20:04:10 - [MESSAGE][PASSED] - All options with index in [1] are selected on object ''

2018-06-09 20:04:10 - [TEST_STEP][PASSED] - delay: Delayed 2 second(s)

2018-06-09 20:04:12 - [MESSAGE][PASSED] - Delayed 2 second(s)

2018-06-09 20:04:12 - [TEST_STEP][PASSED] - Statement - batch = new com.kms.katalon.core.testobject.TestObject(): null

2018-06-09 20:04:12 - [TEST_STEP][PASSED] - Statement - batch = com.kms.katalon.core.webui.keyword.WebUiBuiltInKeywords.modifyObjectProperty(batch, "xpath", "equals", "//*[@id = "txtbthqty" + row + ""]", true): Modify property of object successfully

2018-06-09 20:04:12 - [MESSAGE][PASSED] - Modify property of object successfully

2018-06-09 20:04:12 - [TEST_STEP][PASSED] - Statement - batchqty = com.kms.katalon.core.webui.keyword.WebUiBuiltInKeywords.getAttribute(batch, "value").trim(): Attribute 'value' of object '' is: '1200'

2018-06-09 20:04:12 - [MESSAGE][PASSED] - Attribute 'value' of object '' is: '1200'

2018-06-09 20:04:12 - [TEST_STEP][PASSED] - Statement - Rqty = 100: null

2018-06-09 20:04:12 - [TEST_STEP][PASSED] - Statement - out.println("BatchQty : " + batchqty): null

2018-06-09 20:04:12 - [TEST_STEP][PASSED] - Statement - out.println("RQty : " + Rqty): null

2018-06-09 20:04:12 - [TEST_STEP][PASSED] - Statement - If (java.lang.Integer.valueOf(batchqty) >= java.lang.Integer.valueOf(Rqty)): null

2018-06-09 20:04:12 - [TEST_STEP][PASSED] - Statement - Break: null

2018-06-09 20:04:12 - [TEST_STEP][PASSED] - Statement - batchlength = new com.kms.katalon.core.testobject.TestObject(): null

2018-06-09 20:04:12 - [TEST_STEP][PASSED] - Statement - batchlength = com.kms.katalon.core.webui.keyword.WebUiBuiltInKeywords.modifyObjectProperty(batchlength, "xpath", "equals", "//*[@id = "fldvendor" + row + ""]", true): Modify property of object successfully

2018-06-09 20:04:12 - [MESSAGE][PASSED] - Modify property of object successfully

2018-06-09 20:04:12 - [TEST_STEP][PASSED] - Statement - batchsize = com.kms.katalon.core.webui.keyword.WebUiBuiltInKeywords.getNumberOfTotalOption(batchlength): 10 options of object '' counted

2018-06-09 20:04:12 - [MESSAGE][PASSED] - 10 options of object '' counted

2018-06-09 20:04:12 - [TEST_STEP][PASSED] - Statement - out.println("BatchSize : " + batchsize): null

2018-06-09 20:04:12 - [TEST_STEP][PASSED] - Statement - For ([n = 1, n <= batchsize - 1, (n++)]): null

2018-06-09 20:04:12 - [TEST_STEP][PASSED] - Statement - product = new com.kms.katalon.core.testobject.TestObject(): null

2018-06-09 20:04:12 - [TEST_STEP][PASSED] - Statement - product = com.kms.katalon.core.webui.keyword.WebUiBuiltInKeywords.modifyObjectProperty(product, "xpath", "equals", "//*[@id = "fldvendor" + row + ""]", true): Modify property of object successfully

2018-06-09 20:04:12 - [MESSAGE][PASSED] - Modify property of object successfully

2018-06-09 20:04:12 - [TEST_STEP][PASSED] - selectOptionByIndex: All options with index in [1] are selected on object ''

2018-06-09 20:04:12 - [MESSAGE][PASSED] - All options with index in [1] are selected on object ''

2018-06-09 20:04:12 - [TEST_STEP][PASSED] - delay: Delayed 2 second(s)

2018-06-09 20:04:14 - [MESSAGE][PASSED] - Delayed 2 second(s)

2018-06-09 20:04:14 - [TEST_STEP][PASSED] - Statement - batch = new com.kms.katalon.core.testobject.TestObject(): null

2018-06-09 20:04:14 - [TEST_STEP][PASSED] - Statement - batch = com.kms.katalon.core.webui.keyword.WebUiBuiltInKeywords.modifyObjectProperty(batch, "xpath", "equals", "//*[@id = "txtbthqty" + row + ""]", true): Modify property of object successfully

2018-06-09 20:04:14 - [MESSAGE][PASSED] - Modify property of object successfully

2018-06-09 20:04:14 - [TEST_STEP][PASSED] - Statement - batchqty = com.kms.katalon.core.webui.keyword.WebUiBuiltInKeywords.getAttribute(batch, "value").trim(): Attribute 'value' of object '' is: '3100'

2018-06-09 20:04:14 - [MESSAGE][PASSED] - Attribute 'value' of object '' is: '3100'

2018-06-09 20:04:14 - [TEST_STEP][PASSED] - Statement - Rqty = 100: null

2018-06-09 20:04:14 - [TEST_STEP][PASSED] - Statement - out.println("BatchQty : " + batchqty): null

2018-06-09 20:04:14 - [TEST_STEP][PASSED] - Statement - out.println("RQty : " + Rqty): null

2018-06-09 20:04:14 - [TEST_STEP][PASSED] - Statement - If (java.lang.Integer.valueOf(batchqty) >= java.lang.Integer.valueOf(Rqty)): null

2018-06-09 20:04:14 - [TEST_STEP][PASSED] - Statement - Break: null

2018-06-09 20:04:14 - [TEST_STEP][PASSED] - Statement - batchlength = new com.kms.katalon.core.testobject.TestObject(): null

2018-06-09 20:04:14 - [TEST_STEP][PASSED] - Statement - batchlength = com.kms.katalon.core.webui.keyword.WebUiBuiltInKeywords.modifyObjectProperty(batchlength, "xpath", "equals", "//*[@id = "fldvendor" + row + ""]", true): Modify property of object successfully

2018-06-09 20:04:14 - [MESSAGE][PASSED] - Modify property of object successfully

2018-06-09 20:04:14 - [TEST_STEP][PASSED] - Statement - batchsize = com.kms.katalon.core.webui.keyword.WebUiBuiltInKeywords.getNumberOfTotalOption(batchlength): 10 options of object '' counted

2018-06-09 20:04:14 - [MESSAGE][PASSED] - 10 options of object '' counted

2018-06-09 20:04:14 - [TEST_STEP][PASSED] - Statement - out.println("BatchSize : " + batchsize): null

2018-06-09 20:04:14 - [TEST_STEP][PASSED] - Statement - For ([n = 1, n <= batchsize - 1, (n++)]): null

2018-06-09 20:04:14 - [TEST_STEP][PASSED] - Statement - product = new com.kms.katalon.core.testobject.TestObject(): null

2018-06-09 20:04:14 - [TEST_STEP][PASSED] - Statement - product = com.kms.katalon.core.webui.keyword.WebUiBuiltInKeywords.modifyObjectProperty(product, "xpath", "equals", "//*[@id = "fldvendor" + row + ""]", true): Modify property of object successfully

2018-06-09 20:04:14 - [MESSAGE][PASSED] - Modify property of object successfully

2018-06-09 20:04:14 - [TEST_STEP][PASSED] - selectOptionByIndex: All options with index in [1] are selected on object ''

2018-06-09 20:04:14 - [MESSAGE][PASSED] - All options with index in [1] are selected on object ''

2018-06-09 20:04:14 - [TEST_STEP][PASSED] - delay: Delayed 2 second(s)

2018-06-09 20:04:16 - [MESSAGE][PASSED] - Delayed 2 second(s)

2018-06-09 20:04:16 - [TEST_STEP][PASSED] - Statement - batch = new com.kms.katalon.core.testobject.TestObject(): null

2018-06-09 20:04:16 - [TEST_STEP][PASSED] - Statement - batch = com.kms.katalon.core.webui.keyword.WebUiBuiltInKeywords.modifyObjectProperty(batch, "xpath", "equals", "//*[@id = "txtbthqty" + row + ""]", true): Modify property of object successfully

2018-06-09 20:04:16 - [MESSAGE][PASSED] - Modify property of object successfully

2018-06-09 20:04:16 - [TEST_STEP][PASSED] - Statement - batchqty = com.kms.katalon.core.webui.keyword.WebUiBuiltInKeywords.getAttribute(batch, "value").trim(): Attribute 'value' of object '' is: '3100'

2018-06-09 20:04:16 - [MESSAGE][PASSED] - Attribute 'value' of object '' is: '3100'

2018-06-09 20:04:16 - [TEST_STEP][PASSED] - Statement - Rqty = 100: null

2018-06-09 20:04:16 - [TEST_STEP][PASSED] - Statement - out.println("BatchQty : " + batchqty): null

2018-06-09 20:04:16 - [TEST_STEP][PASSED] - Statement - out.println("RQty : " + Rqty): null

2018-06-09 20:04:16 - [TEST_STEP][PASSED] - Statement - If (java.lang.Integer.valueOf(batchqty) >= java.lang.Integer.valueOf(Rqty)): null

2018-06-09 20:04:16 - [TEST_STEP][PASSED] - Statement - Break: null

2018-06-09 20:04:16 - [TEST_STEP][PASSED] - Statement - batchlength = new com.kms.katalon.core.testobject.TestObject(): null

2018-06-09 20:04:16 - [TEST_STEP][PASSED] - Statement - batchlength = com.kms.katalon.core.webui.keyword.WebUiBuiltInKeywords.modifyObjectProperty(batchlength, "xpath", "equals", "//*[@id = "fldvendor" + row + ""]", true): Modify property of object successfully

2018-06-09 20:04:16 - [MESSAGE][PASSED] - Modify property of object successfully

2018-06-09 20:04:16 - [TEST_STEP][PASSED] - Statement - batchsize = com.kms.katalon.core.webui.keyword.WebUiBuiltInKeywords.getNumberOfTotalOption(batchlength): 9 options of object '' counted

2018-06-09 20:04:16 - [MESSAGE][PASSED] - 9 options of object '' counted

2018-06-09 20:04:16 - [TEST_STEP][PASSED] - Statement - out.println("BatchSize : " + batchsize): null

2018-06-09 20:04:16 - [TEST_STEP][PASSED] - Statement - For ([n = 1, n <= batchsize - 1, (n++)]): null

2018-06-09 20:04:16 - [TEST_STEP][PASSED] - Statement - product = new com.kms.katalon.core.testobject.TestObject(): null

2018-06-09 20:04:16 - [TEST_STEP][PASSED] - Statement - product = com.kms.katalon.core.webui.keyword.WebUiBuiltInKeywords.modifyObjectProperty(product, "xpath", "equals", "//*[@id = "fldvendor" + row + ""]", true): Modify property of object successfully

2018-06-09 20:04:16 - [MESSAGE][PASSED] - Modify property of object successfully

2018-06-09 20:04:16 - [TEST_STEP][PASSED] - selectOptionByIndex: All options with index in [1] are selected on object ''

2018-06-09 20:04:17 - [MESSAGE][PASSED] - All options with index in [1] are selected on object ''

2018-06-09 20:04:17 - [TEST_STEP][PASSED] - delay: Delayed 2 second(s)

2018-06-09 20:04:19 - [MESSAGE][PASSED] - Delayed 2 second(s)

2018-06-09 20:04:19 - [TEST_STEP][PASSED] - Statement - batch = new com.kms.katalon.core.testobject.TestObject(): null

2018-06-09 20:04:19 - [TEST_STEP][PASSED] - Statement - batch = com.kms.katalon.core.webui.keyword.WebUiBuiltInKeywords.modifyObjectProperty(batch, "xpath", "equals", "//*[@id = "txtbthqty" + row + ""]", true): Modify property of object successfully

2018-06-09 20:04:19 - [MESSAGE][PASSED] - Modify property of object successfully

2018-06-09 20:04:19 - [TEST_STEP][PASSED] - Statement - batchqty = com.kms.katalon.core.webui.keyword.WebUiBuiltInKeywords.getAttribute(batch, "value").trim(): Attribute 'value' of object '' is: '47600'

2018-06-09 20:04:19 - [MESSAGE][PASSED] - Attribute 'value' of object '' is: '47600'

2018-06-09 20:04:19 - [TEST_STEP][PASSED] - Statement - Rqty = 100: null

2018-06-09 20:04:19 - [TEST_STEP][PASSED] - Statement - out.println("BatchQty : " + batchqty): null

2018-06-09 20:04:19 - [TEST_STEP][PASSED] - Statement - out.println("RQty : " + Rqty): null

2018-06-09 20:04:19 - [TEST_STEP][PASSED] - Statement - If (java.lang.Integer.valueOf(batchqty) >= java.lang.Integer.valueOf(Rqty)): null

2018-06-09 20:04:19 - [TEST_STEP][PASSED] - Statement - Break: null

2018-06-09 20:04:19 - [TEST_STEP][PASSED] - Statement - batchlength = new com.kms.katalon.core.testobject.TestObject(): null

2018-06-09 20:04:19 - [TEST_STEP][PASSED] - Statement - batchlength = com.kms.katalon.core.webui.keyword.WebUiBuiltInKeywords.modifyObjectProperty(batchlength, "xpath", "equals", "//*[@id = "fldvendor" + row + ""]", true): Modify property of object successfully

2018-06-09 20:04:19 - [MESSAGE][PASSED] - Modify property of object successfully

2018-06-09 20:04:19 - [TEST_STEP][PASSED] - Statement - batchsize = com.kms.katalon.core.webui.keyword.WebUiBuiltInKeywords.getNumberOfTotalOption(batchlength): 10 options of object '' counted

2018-06-09 20:04:19 - [MESSAGE][PASSED] - 10 options of object '' counted

2018-06-09 20:04:19 - [TEST_STEP][PASSED] - Statement - out.println("BatchSize : " + batchsize): null

2018-06-09 20:04:19 - [TEST_STEP][PASSED] - Statement - For ([n = 1, n <= batchsize - 1, (n++)]): null

2018-06-09 20:04:19 - [TEST_STEP][PASSED] - Statement - product = new com.kms.katalon.core.testobject.TestObject(): null

2018-06-09 20:04:19 - [TEST_STEP][PASSED] - Statement - product = com.kms.katalon.core.webui.keyword.WebUiBuiltInKeywords.modifyObjectProperty(product, "xpath", "equals", "//*[@id = "fldvendor" + row + ""]", true): Modify property of object successfully

2018-06-09 20:04:19 - [MESSAGE][PASSED] - Modify property of object successfully

2018-06-09 20:04:19 - [TEST_STEP][PASSED] - selectOptionByIndex: All options with index in [1] are selected on object ''

2018-06-09 20:04:19 - [MESSAGE][PASSED] - All options with index in [1] are selected on object ''

2018-06-09 20:04:19 - [TEST_STEP][PASSED] - delay: Delayed 2 second(s)

2018-06-09 20:04:21 - [MESSAGE][PASSED] - Delayed 2 second(s)

2018-06-09 20:04:21 - [TEST_STEP][PASSED] - Statement - batch = new com.kms.katalon.core.testobject.TestObject(): null

2018-06-09 20:04:21 - [TEST_STEP][PASSED] - Statement - batch = com.kms.katalon.core.webui.keyword.WebUiBuiltInKeywords.modifyObjectProperty(batch, "xpath", "equals", "//*[@id = "txtbthqty" + row + ""]", true): Modify property of object successfully

2018-06-09 20:04:21 - [MESSAGE][PASSED] - Modify property of object successfully

2018-06-09 20:04:21 - [TEST_STEP][PASSED] - Statement - batchqty = com.kms.katalon.core.webui.keyword.WebUiBuiltInKeywords.getAttribute(batch, "value").trim(): Attribute 'value' of object '' is: '1200'

2018-06-09 20:04:21 - [MESSAGE][PASSED] - Attribute 'value' of object '' is: '1200'

2018-06-09 20:04:21 - [TEST_STEP][PASSED] - Statement - Rqty = 100: null

2018-06-09 20:04:21 - [TEST_STEP][PASSED] - Statement - out.println("BatchQty : " + batchqty): null

2018-06-09 20:04:21 - [TEST_STEP][PASSED] - Statement - out.println("RQty : " + Rqty): null

2018-06-09 20:04:21 - [TEST_STEP][PASSED] - Statement - If (java.lang.Integer.valueOf(batchqty) >= java.lang.Integer.valueOf(Rqty)): null

2018-06-09 20:04:21 - [TEST_STEP][PASSED] - Statement - Break: null

2018-06-09 20:04:21 - [TEST_STEP][PASSED] - Statement - batchlength = new com.kms.katalon.core.testobject.TestObject(): null

2018-06-09 20:04:21 - [TEST_STEP][PASSED] - Statement - batchlength = com.kms.katalon.core.webui.keyword.WebUiBuiltInKeywords.modifyObjectProperty(batchlength, "xpath", "equals", "//*[@id = "fldvendor" + row + ""]", true): Modify property of object successfully

2018-06-09 20:04:21 - [MESSAGE][PASSED] - Modify property of object successfully

2018-06-09 20:04:21 - [TEST_STEP][PASSED] - Statement - batchsize = com.kms.katalon.core.webui.keyword.WebUiBuiltInKeywords.getNumberOfTotalOption(batchlength): 10 options of object '' counted

2018-06-09 20:04:21 - [MESSAGE][PASSED] - 10 options of object '' counted

2018-06-09 20:04:21 - [TEST_STEP][PASSED] - Statement - out.println("BatchSize : " + batchsize): null

2018-06-09 20:04:21 - [TEST_STEP][PASSED] - Statement - For ([n = 1, n <= batchsize - 1, (n++)]): null

2018-06-09 20:04:21 - [TEST_STEP][PASSED] - Statement - product = new com.kms.katalon.core.testobject.TestObject(): null

2018-06-09 20:04:21 - [TEST_STEP][PASSED] - Statement - product = com.kms.katalon.core.webui.keyword.WebUiBuiltInKeywords.modifyObjectProperty(product, "xpath", "equals", "//*[@id = "fldvendor" + row + ""]", true): Modify property of object successfully

2018-06-09 20:04:21 - [MESSAGE][PASSED] - Modify property of object successfully

2018-06-09 20:04:21 - [TEST_STEP][PASSED] - selectOptionByIndex: All options with index in [1] are selected on object ''

2018-06-09 20:04:21 - [MESSAGE][PASSED] - All options with index in [1] are selected on object ''

2018-06-09 20:04:21 - [TEST_STEP][PASSED] - delay: Delayed 2 second(s)

2018-06-09 20:04:23 - [MESSAGE][PASSED] - Delayed 2 second(s)

2018-06-09 20:04:23 - [TEST_STEP][PASSED] - Statement - batch = new com.kms.katalon.core.testobject.TestObject(): null

2018-06-09 20:04:23 - [TEST_STEP][PASSED] - Statement - batch = com.kms.katalon.core.webui.keyword.WebUiBuiltInKeywords.modifyObjectProperty(batch, "xpath", "equals", "//*[@id = "txtbthqty" + row + ""]", true): Modify property of object successfully

2018-06-09 20:04:23 - [MESSAGE][PASSED] - Modify property of object successfully

2018-06-09 20:04:23 - [TEST_STEP][PASSED] - Statement - batchqty = com.kms.katalon.core.webui.keyword.WebUiBuiltInKeywords.getAttribute(batch, "value").trim(): Attribute 'value' of object '' is: '2200'

2018-06-09 20:04:23 - [MESSAGE][PASSED] - Attribute 'value' of object '' is: '2200'

2018-06-09 20:04:23 - [TEST_STEP][PASSED] - Statement - Rqty = 100: null

2018-06-09 20:04:23 - [TEST_STEP][PASSED] - Statement - out.println("BatchQty : " + batchqty): null

2018-06-09 20:04:23 - [TEST_STEP][PASSED] - Statement - out.println("RQty : " + Rqty): null

2018-06-09 20:04:23 - [TEST_STEP][PASSED] - Statement - If (java.lang.Integer.valueOf(batchqty) >= java.lang.Integer.valueOf(Rqty)): null

2018-06-09 20:04:23 - [TEST_STEP][PASSED] - Statement - Break: null

2018-06-09 20:04:23 - [TEST_STEP][PASSED] - click: Object: 'Object Repository/store Request Schedule 1/Page_KDMC - CMS/input_btndispatch' is clicked on

2018-06-09 20:04:23 - [MESSAGE][PASSED] - Object: 'Object Repository/store Request Schedule 1/Page_KDMC - CMS/input_btndispatch' is clicked on

2018-06-09 20:04:23 - [TEST_STEP][PASSED] - delay: Delayed 3 second(s)

2018-06-09 20:04:26 - [MESSAGE][PASSED] - Delayed 3 second(s)

2018-06-09 20:04:26 - [TEST_STEP][PASSED] - click: Object: 'Object Repository/store Request Schedule 1/Page_KDMC - CMS/button_OK' is clicked on

2018-06-09 20:04:27 - [MESSAGE][PASSED] - Object: 'Object Repository/store Request Schedule 1/Page_KDMC - CMS/button_OK' is clicked on

2018-06-09 20:04:27 - [TEST_STEP][PASSED] - waitForElementVisible: Web element with id: 'Object Repository/store Request Schedule 1/Page_KDMC - CMS/button_OK' located by 'By.xpath: /html/body/div[9]/div/div/div[2]/button[count(. | //button[@type = 'button' and @class = 'btn btn-primary' and (text() = 'OK' or . = 'OK')]) = count(//button[@type = 'button' and @class = 'btn btn-primary' and (text() = 'OK' or . = 'OK')])]' not found

2018-06-09 20:04:47 - [MESSAGE][WARNING] - Web element with id: 'Object Repository/store Request Schedule 1/Page_KDMC - CMS/button_OK' located by 'By.xpath: /html/body/div[9]/div/div/div[2]/button[count(. | //button[@type = 'button' and @class = 'btn btn-primary' and (text() = 'OK' or . = 'OK')]) = count(//button[@type = 'button' and @class = 'btn btn-primary' and (text() = 'OK' or . = 'OK')])]' not found

2018-06-09 20:04:47 - [TEST_STEP][PASSED] - click: Object: 'Object Repository/store Request Schedule 1/Page_KDMC - CMS/a_dropdown-toggle' is clicked on

2018-06-09 20:04:47 - [MESSAGE][PASSED] - Object: 'Object Repository/store Request Schedule 1/Page_KDMC - CMS/a_dropdown-toggle' is clicked on

2018-06-09 20:04:47 - [TEST_STEP][PASSED] - click: Object: 'Object Repository/store Request Schedule 1/Page_KDMC - CMS/a_Sign out' is clicked on

2018-06-09 20:04:48 - [MESSAGE][PASSED] - Object: 'Object Repository/store Request Schedule 1/Page_KDMC - CMS/a_Sign out' is clicked on

2018-06-09 20:04:48 - [TEST_STEP][PASSED] - delay: Delayed 3 second(s)

2018-06-09 20:04:51 - [MESSAGE][PASSED] - Delayed 3 second(s)

2018-06-09 20:04:51 - [TEST_STEP][PASSED] - click: Object: 'Object Repository/Store Request Schedule 1/Page_KDMC/a_Divisional Store' is clicked on

2018-06-09 20:04:51 - [MESSAGE][PASSED] - Object: 'Object Repository/Store Request Schedule 1/Page_KDMC/a_Divisional Store' is clicked on

2018-06-09 20:04:51 - [TEST_STEP][PASSED] - setText: Text 'ragu' is set on object 'Object Repository/Store Request Schedule 1/Page_Divisonal Store Login/input_txtusername'

2018-06-09 20:04:51 - [MESSAGE][PASSED] - Text 'ragu' is set on object 'Object Repository/Store Request Schedule 1/Page_Divisonal Store Login/input_txtusername'

2018-06-09 20:04:51 - [TEST_STEP][PASSED] - setText: Text '123' is set on object 'Object Repository/Store Request Schedule 1/Page_Divisonal Store Login/input_txtpassword'

2018-06-09 20:04:51 - [MESSAGE][PASSED] - Text '123' is set on object 'Object Repository/Store Request Schedule 1/Page_Divisonal Store Login/input_txtpassword'

2018-06-09 20:04:51 - [TEST_STEP][PASSED] - delay: Delayed 3 second(s)

2018-06-09 20:04:54 - [MESSAGE][PASSED] - Delayed 3 second(s)

2018-06-09 20:04:54 - [TEST_STEP][PASSED] - click: Object: 'Object Repository/Store Request Schedule 1/Page_Divisonal Store Login/button_Sign in' is clicked on

2018-06-09 20:04:56 - [MESSAGE][PASSED] - Object: 'Object Repository/Store Request Schedule 1/Page_Divisonal Store Login/button_Sign in' is clicked on

2018-06-09 20:04:56 - [TEST_STEP][PASSED] - delay: Delayed 3 second(s)

2018-06-09 20:04:59 - [MESSAGE][PASSED] - Delayed 3 second(s)

2018-06-09 20:04:59 - [TEST_STEP][PASSED] - click: Object: 'Object Repository/Store Request Schedule 1/Page_Store/a_CMS' is clicked on

2018-06-09 20:04:59 - [MESSAGE][PASSED] - Object: 'Object Repository/Store Request Schedule 1/Page_Store/a_CMS' is clicked on

2018-06-09 20:04:59 - [TEST_STEP][PASSED] - delay: Delayed 2 second(s)

2018-06-09 20:05:01 - [MESSAGE][PASSED] - Delayed 2 second(s)

2018-06-09 20:05:01 - [TEST_STEP][PASSED] - click: Object: 'Object Repository/Store Request Schedule 1/Page_Store/a_Receiving Goods' is clicked on

2018-06-09 20:05:02 - [MESSAGE][PASSED] - Object: 'Object Repository/Store Request Schedule 1/Page_Store/a_Receiving Goods' is clicked on

2018-06-09 20:05:02 - [TEST_STEP][PASSED] - setText: Text 'PRNO/09062018/724' is set on object 'Object Repository/Store Request Schedule 1/Page_Store/input'

2018-06-09 20:05:02 - [MESSAGE][PASSED] - Text 'PRNO/09062018/724' is set on object 'Object Repository/Store Request Schedule 1/Page_Store/input'

2018-06-09 20:05:02 - [TEST_STEP][PASSED] - click: Object: 'Object Repository/Store Request Schedule 1/Page_Store/input_btn btn-primary' is clicked on

2018-06-09 20:05:03 - [MESSAGE][PASSED] - Object: 'Object Repository/Store Request Schedule 1/Page_Store/input_btn btn-primary' is clicked on

2018-06-09 20:05:03 - [TEST_STEP][PASSED] - delay: Delayed 2 second(s)

2018-06-09 20:05:05 - [MESSAGE][PASSED] - Delayed 2 second(s)

2018-06-09 20:05:05 - [TEST_STEP][PASSED] - click: Object: 'Object Repository/Store Request Schedule 1/Page_Store/input_chkrem' is clicked on

2018-06-09 20:05:05 - [MESSAGE][PASSED] - Object: 'Object Repository/Store Request Schedule 1/Page_Store/input_chkrem' is clicked on

2018-06-09 20:05:05 - [TEST_STEP][PASSED] - scrollToElement: Scroll to object 'Object Repository/Store Request Schedule 1/Page_Store/input_btchkroqadd' successfully

2018-06-09 20:05:05 - [MESSAGE][PASSED] - Scroll to object 'Object Repository/Store Request Schedule 1/Page_Store/input_btchkroqadd' successfully

2018-06-09 20:05:05 - [TEST_STEP][PASSED] - click: Object: 'Object Repository/Store Request Schedule 1/Page_Store/input_btchkroqadd' is clicked on

2018-06-09 20:05:05 - [MESSAGE][PASSED] - Object: 'Object Repository/Store Request Schedule 1/Page_Store/input_btchkroqadd' is clicked on

2018-06-09 20:05:05 - [TEST_STEP][PASSED] - delay: Delayed 2 second(s)

2018-06-09 20:05:07 - [MESSAGE][PASSED] - Delayed 2 second(s)

2018-06-09 20:05:07 - [TEST_STEP][PASSED] - refresh: Refresh successfully

2018-06-09 20:05:08 - [MESSAGE][PASSED] - Refresh successfully

2018-06-09 20:05:08 - [TEST_STEP][PASSED] - delay: Delayed 3 second(s)

2018-06-09 20:05:11 - [MESSAGE][PASSED] - Delayed 3 second(s)

2018-06-09 20:05:11 - [TEST_STEP][PASSED] - click: Object: 'Object Repository/Store Request Schedule 1/Page_Store/a_dropdown-toggle' is clicked on

2018-06-09 20:05:11 - [MESSAGE][PASSED] - Object: 'Object Repository/Store Request Schedule 1/Page_Store/a_dropdown-toggle' is clicked on

2018-06-09 20:05:11 - [TEST_STEP][PASSED] - click: Object: 'Object Repository/Store Request Schedule 1/Page_Store/a_Sign out' is clicked on

2018-06-09 20:05:11 - [MESSAGE][PASSED] - Object: 'Object Repository/Store Request Schedule 1/Page_Store/a_Sign out' is clicked on

2018-06-09 20:05:11 - [TEST_STEP][PASSED] - closeBrowser: Browser is closed

2018-06-09 20:05:12 - [MESSAGE][PASSED] - Browser is closed

2018-06-09 20:05:12 - [TEST_STEP][PASSED] - Statement - out.println("Schedule 10 STORE Request Are Working Successfully"): null]]></system-out>
         <system-err><![CDATA[]]></system-err>
      </testcase>
      <testcase name="Test Cases/STORE TO CMS REQUEST TEST CASES/TC_STCMS_011 To Verify Schedule 11 Store To CMS Request Are Working Successfully Or Not" classname="Test Cases/STORE TO CMS REQUEST TEST CASES/TC_STCMS_011 To Verify Schedule 11 Store To CMS Request Are Working Successfully Or Not" status="FAILED">
         <failure type="FAILED" message="Unable to click on object 'Object Repository/Store Request Schedule 1/Page_Store/a_CMS' (Root cause: org.openqa.selenium.WebDriverException: unknown error: Element &lt;a href=&quot;#&quot;>...&lt;/a> is not clickable at point (109, 304). Other element would receive the click: &lt;div class=&quot;modal-backdrop fade&quot;>&lt;/div>
  (Session info: chrome=66.0.3359.181)
  (Driver info: chromedriver=2.35.528161 (5b82f2d2aae0ca24b877009200ced9065a772e73),platform=Windows NT 10.0.17134 x86_64) (WARNING: The server did not provide any stacktrace information)
Command duration or timeout: 0 milliseconds
Build info: version: '3.7.1', revision: '8a0099a', time: '2017-11-06T21:07:36.161Z'
System info: host: 'DESKTOP-BLFTK83', ip: '169.254.189.85', os.name: 'Windows 10', os.arch: 'amd64', os.version: '10.0', java.version: '1.8.0_102'
Driver info: com.kms.katalon.selenium.driver.CChromeDriver
Capabilities {acceptInsecureCerts: false, acceptSslCerts: false, applicationCacheEnabled: false, browserConnectionEnabled: false, browserName: chrome, chrome: {chromedriverVersion: 2.35.528161 (5b82f2d2aae0ca..., userDataDir: C:\Users\QUALIT~1\AppData\L...}, cssSelectorsEnabled: true, databaseEnabled: false, handlesAlerts: true, hasTouchScreen: false, javascriptEnabled: true, locationContextEnabled: true, mobileEmulationEnabled: false, nativeEvents: true, networkConnectionEnabled: false, pageLoadStrategy: normal, platform: XP, platformName: XP, rotatable: false, setWindowRect: true, takesHeapSnapshot: true, takesScreenshot: true, unexpectedAlertBehaviour: , unhandledPromptBehavior: , version: 66.0.3359.181, webStorageEnabled: true}
Session ID: 509c252e07bfaa9375b11c5be3267ad8)"/>
         <system-out><![CDATA[2018-06-09 20:05:12 - [TEST_CASE][FAILED] - Test Cases/STORE TO CMS REQUEST TEST CASES/TC_STCMS_011 To Verify Schedule 11 Store To CMS Request Are Working Successfully Or Not: Test Cases/STORE TO CMS REQUEST TEST CASES/TC_STCMS_011 To Verify Schedule 11 Store To CMS Request Are Working Successfully Or Not FAILED because (of) Unable to click on object 'Object Repository/Store Request Schedule 1/Page_Store/a_CMS' (Root cause: org.openqa.selenium.WebDriverException: unknown error: Element <a href="#">...</a> is not clickable at point (109, 304). Other element would receive the click: <div class="modal-backdrop fade"></div>
  (Session info: chrome=66.0.3359.181)
  (Driver info: chromedriver=2.35.528161 (5b82f2d2aae0ca24b877009200ced9065a772e73),platform=Windows NT 10.0.17134 x86_64) (WARNING: The server did not provide any stacktrace information)
Command duration or timeout: 0 milliseconds
Build info: version: '3.7.1', revision: '8a0099a', time: '2017-11-06T21:07:36.161Z'
System info: host: 'DESKTOP-BLFTK83', ip: '169.254.189.85', os.name: 'Windows 10', os.arch: 'amd64', os.version: '10.0', java.version: '1.8.0_102'
Driver info: com.kms.katalon.selenium.driver.CChromeDriver
Capabilities {acceptInsecureCerts: false, acceptSslCerts: false, applicationCacheEnabled: false, browserConnectionEnabled: false, browserName: chrome, chrome: {chromedriverVersion: 2.35.528161 (5b82f2d2aae0ca..., userDataDir: C:\Users\QUALIT~1\AppData\L...}, cssSelectorsEnabled: true, databaseEnabled: false, handlesAlerts: true, hasTouchScreen: false, javascriptEnabled: true, locationContextEnabled: true, mobileEmulationEnabled: false, nativeEvents: true, networkConnectionEnabled: false, pageLoadStrategy: normal, platform: XP, platformName: XP, rotatable: false, setWindowRect: true, takesHeapSnapshot: true, takesScreenshot: true, unexpectedAlertBehaviour: , unhandledPromptBehavior: , version: 66.0.3359.181, webStorageEnabled: true}
Session ID: 509c252e07bfaa9375b11c5be3267ad8)

2018-06-09 20:05:12 - [TEST_STEP][PASSED] - openBrowser: Browser is opened with url: ''

2018-06-09 20:05:14 - [MESSAGE][PASSED] - Browser is opened with url: ''

2018-06-09 20:05:14 - [TEST_STEP][PASSED] - Statement - out.println("Verify Schedule 11 STORE Request Are Working Successfully Or Not"): null

2018-06-09 20:05:14 - [TEST_STEP][PASSED] - navigateToUrl: Navigate to 'http://192.168.137.1/multihospital_new/' successfully

2018-06-09 20:05:16 - [MESSAGE][PASSED] - Navigate to 'http://192.168.137.1/multihospital_new/' successfully

2018-06-09 20:05:16 - [TEST_STEP][PASSED] - maximizeWindow: Current window maximized

2018-06-09 20:05:17 - [MESSAGE][PASSED] - Current window maximized

2018-06-09 20:05:17 - [TEST_STEP][PASSED] - click: Object: 'Object Repository/Store Request Schedule 1/Page_KDMC/a_Divisional Store' is clicked on

2018-06-09 20:05:18 - [MESSAGE][PASSED] - Object: 'Object Repository/Store Request Schedule 1/Page_KDMC/a_Divisional Store' is clicked on

2018-06-09 20:05:18 - [TEST_STEP][PASSED] - setText: Text 'ragu' is set on object 'Object Repository/Store Request Schedule 1/Page_Divisonal Store Login/input_txtusername'

2018-06-09 20:05:18 - [MESSAGE][PASSED] - Text 'ragu' is set on object 'Object Repository/Store Request Schedule 1/Page_Divisonal Store Login/input_txtusername'

2018-06-09 20:05:18 - [TEST_STEP][PASSED] - setText: Text '123' is set on object 'Object Repository/Store Request Schedule 1/Page_Divisonal Store Login/input_txtpassword'

2018-06-09 20:05:18 - [MESSAGE][PASSED] - Text '123' is set on object 'Object Repository/Store Request Schedule 1/Page_Divisonal Store Login/input_txtpassword'

2018-06-09 20:05:18 - [TEST_STEP][PASSED] - delay: Delayed 3 second(s)

2018-06-09 20:05:21 - [MESSAGE][PASSED] - Delayed 3 second(s)

2018-06-09 20:05:21 - [TEST_STEP][PASSED] - click: Object: 'Object Repository/Store Request Schedule 1/Page_Divisonal Store Login/button_Sign in' is clicked on

2018-06-09 20:05:23 - [MESSAGE][PASSED] - Object: 'Object Repository/Store Request Schedule 1/Page_Divisonal Store Login/button_Sign in' is clicked on

2018-06-09 20:05:23 - [TEST_STEP][PASSED] - waitForElementVisible: Object 'Object Repository/Store Request Schedule 1/Page_Store/a_CMS' is visible

2018-06-09 20:05:23 - [MESSAGE][PASSED] - Object 'Object Repository/Store Request Schedule 1/Page_Store/a_CMS' is visible

2018-06-09 20:05:23 - [TEST_STEP][FAILED] - click: Unable to click on object 'Object Repository/Store Request Schedule 1/Page_Store/a_CMS' (Root cause: org.openqa.selenium.WebDriverException: unknown error: Element <a href="#">...</a> is not clickable at point (109, 304). Other element would receive the click: <div class="modal-backdrop fade"></div>
  (Session info: chrome=66.0.3359.181)
  (Driver info: chromedriver=2.35.528161 (5b82f2d2aae0ca24b877009200ced9065a772e73),platform=Windows NT 10.0.17134 x86_64) (WARNING: The server did not provide any stacktrace information)
Command duration or timeout: 0 milliseconds
Build info: version: '3.7.1', revision: '8a0099a', time: '2017-11-06T21:07:36.161Z'
System info: host: 'DESKTOP-BLFTK83', ip: '169.254.189.85', os.name: 'Windows 10', os.arch: 'amd64', os.version: '10.0', java.version: '1.8.0_102'
Driver info: com.kms.katalon.selenium.driver.CChromeDriver
Capabilities {acceptInsecureCerts: false, acceptSslCerts: false, applicationCacheEnabled: false, browserConnectionEnabled: false, browserName: chrome, chrome: {chromedriverVersion: 2.35.528161 (5b82f2d2aae0ca..., userDataDir: C:\Users\QUALIT~1\AppData\L...}, cssSelectorsEnabled: true, databaseEnabled: false, handlesAlerts: true, hasTouchScreen: false, javascriptEnabled: true, locationContextEnabled: true, mobileEmulationEnabled: false, nativeEvents: true, networkConnectionEnabled: false, pageLoadStrategy: normal, platform: XP, platformName: XP, rotatable: false, setWindowRect: true, takesHeapSnapshot: true, takesScreenshot: true, unexpectedAlertBehaviour: , unhandledPromptBehavior: , version: 66.0.3359.181, webStorageEnabled: true}
Session ID: 509c252e07bfaa9375b11c5be3267ad8)

2018-06-09 20:05:23 - [MESSAGE][FAILED] - Unable to click on object 'Object Repository/Store Request Schedule 1/Page_Store/a_CMS' (Root cause: org.openqa.selenium.WebDriverException: unknown error: Element <a href="#">...</a> is not clickable at point (109, 304). Other element would receive the click: <div class="modal-backdrop fade"></div>
  (Session info: chrome=66.0.3359.181)
  (Driver info: chromedriver=2.35.528161 (5b82f2d2aae0ca24b877009200ced9065a772e73),platform=Windows NT 10.0.17134 x86_64) (WARNING: The server did not provide any stacktrace information)
Command duration or timeout: 0 milliseconds
Build info: version: '3.7.1', revision: '8a0099a', time: '2017-11-06T21:07:36.161Z'
System info: host: 'DESKTOP-BLFTK83', ip: '169.254.189.85', os.name: 'Windows 10', os.arch: 'amd64', os.version: '10.0', java.version: '1.8.0_102'
Driver info: com.kms.katalon.selenium.driver.CChromeDriver
Capabilities {acceptInsecureCerts: false, acceptSslCerts: false, applicationCacheEnabled: false, browserConnectionEnabled: false, browserName: chrome, chrome: {chromedriverVersion: 2.35.528161 (5b82f2d2aae0ca..., userDataDir: C:\Users\QUALIT~1\AppData\L...}, cssSelectorsEnabled: true, databaseEnabled: false, handlesAlerts: true, hasTouchScreen: false, javascriptEnabled: true, locationContextEnabled: true, mobileEmulationEnabled: false, nativeEvents: true, networkConnectionEnabled: false, pageLoadStrategy: normal, platform: XP, platformName: XP, rotatable: false, setWindowRect: true, takesHeapSnapshot: true, takesScreenshot: true, unexpectedAlertBehaviour: , unhandledPromptBehavior: , version: 66.0.3359.181, webStorageEnabled: true}
Session ID: 509c252e07bfaa9375b11c5be3267ad8)
[[ATTACHMENT|C:\\Users\\Quality Analyst\\Katalon Studio\\ds\\Reports\\Store_Suit\\20180609_181557\\1528554923504.png]]]]></system-out>
         <system-err><![CDATA[2018-06-09 20:05:12 - [TEST_CASE][FAILED] - Test Cases/STORE TO CMS REQUEST TEST CASES/TC_STCMS_011 To Verify Schedule 11 Store To CMS Request Are Working Successfully Or Not: Test Cases/STORE TO CMS REQUEST TEST CASES/TC_STCMS_011 To Verify Schedule 11 Store To CMS Request Are Working Successfully Or Not FAILED because (of) Unable to click on object 'Object Repository/Store Request Schedule 1/Page_Store/a_CMS' (Root cause: org.openqa.selenium.WebDriverException: unknown error: Element <a href="#">...</a> is not clickable at point (109, 304). Other element would receive the click: <div class="modal-backdrop fade"></div>
  (Session info: chrome=66.0.3359.181)
  (Driver info: chromedriver=2.35.528161 (5b82f2d2aae0ca24b877009200ced9065a772e73),platform=Windows NT 10.0.17134 x86_64) (WARNING: The server did not provide any stacktrace information)
Command duration or timeout: 0 milliseconds
Build info: version: '3.7.1', revision: '8a0099a', time: '2017-11-06T21:07:36.161Z'
System info: host: 'DESKTOP-BLFTK83', ip: '169.254.189.85', os.name: 'Windows 10', os.arch: 'amd64', os.version: '10.0', java.version: '1.8.0_102'
Driver info: com.kms.katalon.selenium.driver.CChromeDriver
Capabilities {acceptInsecureCerts: false, acceptSslCerts: false, applicationCacheEnabled: false, browserConnectionEnabled: false, browserName: chrome, chrome: {chromedriverVersion: 2.35.528161 (5b82f2d2aae0ca..., userDataDir: C:\Users\QUALIT~1\AppData\L...}, cssSelectorsEnabled: true, databaseEnabled: false, handlesAlerts: true, hasTouchScreen: false, javascriptEnabled: true, locationContextEnabled: true, mobileEmulationEnabled: false, nativeEvents: true, networkConnectionEnabled: false, pageLoadStrategy: normal, platform: XP, platformName: XP, rotatable: false, setWindowRect: true, takesHeapSnapshot: true, takesScreenshot: true, unexpectedAlertBehaviour: , unhandledPromptBehavior: , version: 66.0.3359.181, webStorageEnabled: true}
Session ID: 509c252e07bfaa9375b11c5be3267ad8)]]></system-err>
      </testcase>
      <testcase name="Test Cases/STORE TO CMS REQUEST TEST CASES/TC_STCMS_012 To Verify Schedule 12 Store To CMS Request Are Working Successfully Or Not" classname="Test Cases/STORE TO CMS REQUEST TEST CASES/TC_STCMS_012 To Verify Schedule 12 Store To CMS Request Are Working Successfully Or Not" status="PASSED">
         <system-out><![CDATA[2018-06-09 20:05:23 - [TEST_CASE][PASSED] - Test Cases/STORE TO CMS REQUEST TEST CASES/TC_STCMS_012 To Verify Schedule 12 Store To CMS Request Are Working Successfully Or Not: Test Cases/STORE TO CMS REQUEST TEST CASES/TC_STCMS_012 To Verify Schedule 12 Store To CMS Request Are Working Successfully Or Not

2018-06-09 20:05:24 - [TEST_STEP][PASSED] - openBrowser: Browser is opened with url: ''

2018-06-09 20:05:24 - [MESSAGE][WARNING] - A browser is already opened. Closing browser and opening a new one

2018-06-09 20:05:26 - [MESSAGE][PASSED] - Browser is opened with url: ''

2018-06-09 20:05:26 - [TEST_STEP][PASSED] - Statement - out.println("Verify Schedule 1 STORE Request Are Working Successfully Or Not"): null

2018-06-09 20:05:26 - [TEST_STEP][PASSED] - navigateToUrl: Navigate to 'http://192.168.137.1/multihospital_new/' successfully

2018-06-09 20:05:28 - [MESSAGE][PASSED] - Navigate to 'http://192.168.137.1/multihospital_new/' successfully

2018-06-09 20:05:28 - [TEST_STEP][PASSED] - maximizeWindow: Current window maximized

2018-06-09 20:05:29 - [MESSAGE][PASSED] - Current window maximized

2018-06-09 20:05:29 - [TEST_STEP][PASSED] - waitForPageLoad: Wait for page load successfully

2018-06-09 20:05:29 - [MESSAGE][PASSED] - Wait for page load successfully

2018-06-09 20:05:29 - [TEST_STEP][PASSED] - click: Object: 'Object Repository/Store Request Schedule 1/Page_KDMC/a_Divisional Store' is clicked on

2018-06-09 20:05:30 - [MESSAGE][PASSED] - Object: 'Object Repository/Store Request Schedule 1/Page_KDMC/a_Divisional Store' is clicked on

2018-06-09 20:05:30 - [TEST_STEP][PASSED] - setText: Text 'ragu' is set on object 'Object Repository/Store Request Schedule 1/Page_Divisonal Store Login/input_txtusername'

2018-06-09 20:05:30 - [MESSAGE][PASSED] - Text 'ragu' is set on object 'Object Repository/Store Request Schedule 1/Page_Divisonal Store Login/input_txtusername'

2018-06-09 20:05:30 - [TEST_STEP][PASSED] - setText: Text '123' is set on object 'Object Repository/Store Request Schedule 1/Page_Divisonal Store Login/input_txtpassword'

2018-06-09 20:05:30 - [MESSAGE][PASSED] - Text '123' is set on object 'Object Repository/Store Request Schedule 1/Page_Divisonal Store Login/input_txtpassword'

2018-06-09 20:05:30 - [TEST_STEP][PASSED] - delay: Delayed 3 second(s)

2018-06-09 20:05:33 - [MESSAGE][PASSED] - Delayed 3 second(s)

2018-06-09 20:05:33 - [TEST_STEP][PASSED] - click: Object: 'Object Repository/Store Request Schedule 1/Page_Divisonal Store Login/button_Sign in' is clicked on

2018-06-09 20:05:34 - [MESSAGE][PASSED] - Object: 'Object Repository/Store Request Schedule 1/Page_Divisonal Store Login/button_Sign in' is clicked on

2018-06-09 20:05:34 - [TEST_STEP][PASSED] - delay: Delayed 3 second(s)

2018-06-09 20:05:37 - [MESSAGE][PASSED] - Delayed 3 second(s)

2018-06-09 20:05:37 - [TEST_STEP][PASSED] - click: Object: 'Object Repository/Store Request Schedule 1/Page_Store/a_CMS' is clicked on

2018-06-09 20:05:38 - [MESSAGE][PASSED] - Object: 'Object Repository/Store Request Schedule 1/Page_Store/a_CMS' is clicked on

2018-06-09 20:05:38 - [TEST_STEP][PASSED] - delay: Delayed 2 second(s)

2018-06-09 20:05:40 - [MESSAGE][PASSED] - Delayed 2 second(s)

2018-06-09 20:05:40 - [TEST_STEP][PASSED] - click: Object: 'Object Repository/Store Request Schedule 1/Page_Store/a_Request Send' is clicked on

2018-06-09 20:05:40 - [MESSAGE][PASSED] - Object: 'Object Repository/Store Request Schedule 1/Page_Store/a_Request Send' is clicked on

2018-06-09 20:05:40 - [TEST_STEP][PASSED] - selectOptionByIndex: All options with index in [1] are selected on object 'Object Repository/Store Request Schedule 1/Page_Store/select_--Select--'

2018-06-09 20:05:41 - [MESSAGE][PASSED] - All options with index in [1] are selected on object 'Object Repository/Store Request Schedule 1/Page_Store/select_--Select--'

2018-06-09 20:05:41 - [TEST_STEP][PASSED] - selectOptionByIndex: All options with index in [12] are selected on object 'Object Repository/Store Request Schedule 1/Page_Store/select_--Select--Schedule 1Inj'

2018-06-09 20:05:41 - [MESSAGE][PASSED] - All options with index in [12] are selected on object 'Object Repository/Store Request Schedule 1/Page_Store/select_--Select--Schedule 1Inj'

2018-06-09 20:05:41 - [TEST_STEP][PASSED] - Statement - SelectedOptions = com.kms.katalon.core.webui.keyword.WebUiBuiltInKeywords.getNumberOfTotalOption(com.kms.katalon.core.testobject.ObjectRepository.findTestObject(Store Request Schedule 1/Page_Store/select_--Select--Adernaline 0.)): 19 options of object 'Object Repository/Store Request Schedule 1/Page_Store/select_--Select--Adernaline 0.' counted

2018-06-09 20:05:41 - [MESSAGE][PASSED] - 19 options of object 'Object Repository/Store Request Schedule 1/Page_Store/select_--Select--Adernaline 0.' counted

2018-06-09 20:05:41 - [TEST_STEP][PASSED] - Statement - For ([y = 1, y < SelectedOptions, (y++)]): Object: 'Object Repository/Store Request Schedule 1/Page_Store/button_Add' is clicked on

2018-06-09 20:05:41 - [TEST_STEP][PASSED] - selectOptionByIndex: All options with index in [12] are selected on object 'Object Repository/Store Request Schedule 1/Page_Store/select_--Select--Schedule 1Inj'

2018-06-09 20:05:41 - [MESSAGE][PASSED] - All options with index in [12] are selected on object 'Object Repository/Store Request Schedule 1/Page_Store/select_--Select--Schedule 1Inj'

2018-06-09 20:05:41 - [TEST_STEP][PASSED] - delay: Delayed 1 second(s)

2018-06-09 20:05:42 - [MESSAGE][PASSED] - Delayed 1 second(s)

2018-06-09 20:05:42 - [TEST_STEP][PASSED] - selectOptionByIndex: All options with index in [1] are selected on object 'Object Repository/Store Request Schedule 1/Page_Store/select_--Select--Adernaline 0.'

2018-06-09 20:05:42 - [MESSAGE][PASSED] - All options with index in [1] are selected on object 'Object Repository/Store Request Schedule 1/Page_Store/select_--Select--Adernaline 0.'

2018-06-09 20:05:42 - [TEST_STEP][PASSED] - setText: Text '100' is set on object 'Object Repository/Store Request Schedule 1/Page_Store/input_txttreat'

2018-06-09 20:05:43 - [MESSAGE][PASSED] - Text '100' is set on object 'Object Repository/Store Request Schedule 1/Page_Store/input_txttreat'

2018-06-09 20:05:43 - [TEST_STEP][PASSED] - click: Object: 'Object Repository/Store Request Schedule 1/Page_Store/button_Add' is clicked on

2018-06-09 20:05:43 - [MESSAGE][PASSED] - Object: 'Object Repository/Store Request Schedule 1/Page_Store/button_Add' is clicked on

2018-06-09 20:05:43 - [TEST_STEP][PASSED] - selectOptionByIndex: All options with index in [12] are selected on object 'Object Repository/Store Request Schedule 1/Page_Store/select_--Select--Schedule 1Inj'

2018-06-09 20:05:43 - [MESSAGE][PASSED] - All options with index in [12] are selected on object 'Object Repository/Store Request Schedule 1/Page_Store/select_--Select--Schedule 1Inj'

2018-06-09 20:05:43 - [TEST_STEP][PASSED] - delay: Delayed 1 second(s)

2018-06-09 20:05:44 - [MESSAGE][PASSED] - Delayed 1 second(s)

2018-06-09 20:05:44 - [TEST_STEP][PASSED] - selectOptionByIndex: All options with index in [2] are selected on object 'Object Repository/Store Request Schedule 1/Page_Store/select_--Select--Adernaline 0.'

2018-06-09 20:05:44 - [MESSAGE][PASSED] - All options with index in [2] are selected on object 'Object Repository/Store Request Schedule 1/Page_Store/select_--Select--Adernaline 0.'

2018-06-09 20:05:44 - [TEST_STEP][PASSED] - setText: Text '100' is set on object 'Object Repository/Store Request Schedule 1/Page_Store/input_txttreat'

2018-06-09 20:05:44 - [MESSAGE][PASSED] - Text '100' is set on object 'Object Repository/Store Request Schedule 1/Page_Store/input_txttreat'

2018-06-09 20:05:44 - [TEST_STEP][PASSED] - click: Object: 'Object Repository/Store Request Schedule 1/Page_Store/button_Add' is clicked on

2018-06-09 20:05:44 - [MESSAGE][PASSED] - Object: 'Object Repository/Store Request Schedule 1/Page_Store/button_Add' is clicked on

2018-06-09 20:05:44 - [TEST_STEP][PASSED] - selectOptionByIndex: All options with index in [12] are selected on object 'Object Repository/Store Request Schedule 1/Page_Store/select_--Select--Schedule 1Inj'

2018-06-09 20:05:44 - [MESSAGE][PASSED] - All options with index in [12] are selected on object 'Object Repository/Store Request Schedule 1/Page_Store/select_--Select--Schedule 1Inj'

2018-06-09 20:05:44 - [TEST_STEP][PASSED] - delay: Delayed 1 second(s)

2018-06-09 20:05:45 - [MESSAGE][PASSED] - Delayed 1 second(s)

2018-06-09 20:05:45 - [TEST_STEP][PASSED] - selectOptionByIndex: All options with index in [3] are selected on object 'Object Repository/Store Request Schedule 1/Page_Store/select_--Select--Adernaline 0.'

2018-06-09 20:05:46 - [MESSAGE][PASSED] - All options with index in [3] are selected on object 'Object Repository/Store Request Schedule 1/Page_Store/select_--Select--Adernaline 0.'

2018-06-09 20:05:46 - [TEST_STEP][PASSED] - setText: Text '100' is set on object 'Object Repository/Store Request Schedule 1/Page_Store/input_txttreat'

2018-06-09 20:05:46 - [MESSAGE][PASSED] - Text '100' is set on object 'Object Repository/Store Request Schedule 1/Page_Store/input_txttreat'

2018-06-09 20:05:46 - [TEST_STEP][PASSED] - click: Object: 'Object Repository/Store Request Schedule 1/Page_Store/button_Add' is clicked on

2018-06-09 20:05:46 - [MESSAGE][PASSED] - Object: 'Object Repository/Store Request Schedule 1/Page_Store/button_Add' is clicked on

2018-06-09 20:05:46 - [TEST_STEP][PASSED] - selectOptionByIndex: All options with index in [12] are selected on object 'Object Repository/Store Request Schedule 1/Page_Store/select_--Select--Schedule 1Inj'

2018-06-09 20:05:46 - [MESSAGE][PASSED] - All options with index in [12] are selected on object 'Object Repository/Store Request Schedule 1/Page_Store/select_--Select--Schedule 1Inj'

2018-06-09 20:05:46 - [TEST_STEP][PASSED] - delay: Delayed 1 second(s)

2018-06-09 20:05:47 - [MESSAGE][PASSED] - Delayed 1 second(s)

2018-06-09 20:05:47 - [TEST_STEP][PASSED] - selectOptionByIndex: All options with index in [4] are selected on object 'Object Repository/Store Request Schedule 1/Page_Store/select_--Select--Adernaline 0.'

2018-06-09 20:05:47 - [MESSAGE][PASSED] - All options with index in [4] are selected on object 'Object Repository/Store Request Schedule 1/Page_Store/select_--Select--Adernaline 0.'

2018-06-09 20:05:47 - [TEST_STEP][PASSED] - setText: Text '100' is set on object 'Object Repository/Store Request Schedule 1/Page_Store/input_txttreat'

2018-06-09 20:05:47 - [MESSAGE][PASSED] - Text '100' is set on object 'Object Repository/Store Request Schedule 1/Page_Store/input_txttreat'

2018-06-09 20:05:47 - [TEST_STEP][PASSED] - click: Object: 'Object Repository/Store Request Schedule 1/Page_Store/button_Add' is clicked on

2018-06-09 20:05:47 - [MESSAGE][PASSED] - Object: 'Object Repository/Store Request Schedule 1/Page_Store/button_Add' is clicked on

2018-06-09 20:05:47 - [TEST_STEP][PASSED] - selectOptionByIndex: All options with index in [12] are selected on object 'Object Repository/Store Request Schedule 1/Page_Store/select_--Select--Schedule 1Inj'

2018-06-09 20:05:47 - [MESSAGE][PASSED] - All options with index in [12] are selected on object 'Object Repository/Store Request Schedule 1/Page_Store/select_--Select--Schedule 1Inj'

2018-06-09 20:05:47 - [TEST_STEP][PASSED] - delay: Delayed 1 second(s)

2018-06-09 20:05:48 - [MESSAGE][PASSED] - Delayed 1 second(s)

2018-06-09 20:05:48 - [TEST_STEP][PASSED] - selectOptionByIndex: All options with index in [5] are selected on object 'Object Repository/Store Request Schedule 1/Page_Store/select_--Select--Adernaline 0.'

2018-06-09 20:05:49 - [MESSAGE][PASSED] - All options with index in [5] are selected on object 'Object Repository/Store Request Schedule 1/Page_Store/select_--Select--Adernaline 0.'

2018-06-09 20:05:49 - [TEST_STEP][PASSED] - setText: Text '100' is set on object 'Object Repository/Store Request Schedule 1/Page_Store/input_txttreat'

2018-06-09 20:05:49 - [MESSAGE][PASSED] - Text '100' is set on object 'Object Repository/Store Request Schedule 1/Page_Store/input_txttreat'

2018-06-09 20:05:49 - [TEST_STEP][PASSED] - click: Object: 'Object Repository/Store Request Schedule 1/Page_Store/button_Add' is clicked on

2018-06-09 20:05:49 - [MESSAGE][PASSED] - Object: 'Object Repository/Store Request Schedule 1/Page_Store/button_Add' is clicked on

2018-06-09 20:05:49 - [TEST_STEP][PASSED] - selectOptionByIndex: All options with index in [12] are selected on object 'Object Repository/Store Request Schedule 1/Page_Store/select_--Select--Schedule 1Inj'

2018-06-09 20:05:49 - [MESSAGE][PASSED] - All options with index in [12] are selected on object 'Object Repository/Store Request Schedule 1/Page_Store/select_--Select--Schedule 1Inj'

2018-06-09 20:05:49 - [TEST_STEP][PASSED] - delay: Delayed 1 second(s)

2018-06-09 20:05:50 - [MESSAGE][PASSED] - Delayed 1 second(s)

2018-06-09 20:05:50 - [TEST_STEP][PASSED] - selectOptionByIndex: All options with index in [6] are selected on object 'Object Repository/Store Request Schedule 1/Page_Store/select_--Select--Adernaline 0.'

2018-06-09 20:05:50 - [MESSAGE][PASSED] - All options with index in [6] are selected on object 'Object Repository/Store Request Schedule 1/Page_Store/select_--Select--Adernaline 0.'

2018-06-09 20:05:50 - [TEST_STEP][PASSED] - setText: Text '100' is set on object 'Object Repository/Store Request Schedule 1/Page_Store/input_txttreat'

2018-06-09 20:05:50 - [MESSAGE][PASSED] - Text '100' is set on object 'Object Repository/Store Request Schedule 1/Page_Store/input_txttreat'

2018-06-09 20:05:50 - [TEST_STEP][PASSED] - click: Object: 'Object Repository/Store Request Schedule 1/Page_Store/button_Add' is clicked on

2018-06-09 20:05:50 - [MESSAGE][PASSED] - Object: 'Object Repository/Store Request Schedule 1/Page_Store/button_Add' is clicked on

2018-06-09 20:05:50 - [TEST_STEP][PASSED] - selectOptionByIndex: All options with index in [12] are selected on object 'Object Repository/Store Request Schedule 1/Page_Store/select_--Select--Schedule 1Inj'

2018-06-09 20:05:50 - [MESSAGE][PASSED] - All options with index in [12] are selected on object 'Object Repository/Store Request Schedule 1/Page_Store/select_--Select--Schedule 1Inj'

2018-06-09 20:05:50 - [TEST_STEP][PASSED] - delay: Delayed 1 second(s)

2018-06-09 20:05:51 - [MESSAGE][PASSED] - Delayed 1 second(s)

2018-06-09 20:05:51 - [TEST_STEP][PASSED] - selectOptionByIndex: All options with index in [7] are selected on object 'Object Repository/Store Request Schedule 1/Page_Store/select_--Select--Adernaline 0.'

2018-06-09 20:05:52 - [MESSAGE][PASSED] - All options with index in [7] are selected on object 'Object Repository/Store Request Schedule 1/Page_Store/select_--Select--Adernaline 0.'

2018-06-09 20:05:52 - [TEST_STEP][PASSED] - setText: Text '100' is set on object 'Object Repository/Store Request Schedule 1/Page_Store/input_txttreat'

2018-06-09 20:05:52 - [MESSAGE][PASSED] - Text '100' is set on object 'Object Repository/Store Request Schedule 1/Page_Store/input_txttreat'

2018-06-09 20:05:52 - [TEST_STEP][PASSED] - click: Object: 'Object Repository/Store Request Schedule 1/Page_Store/button_Add' is clicked on

2018-06-09 20:05:52 - [MESSAGE][PASSED] - Object: 'Object Repository/Store Request Schedule 1/Page_Store/button_Add' is clicked on

2018-06-09 20:05:52 - [TEST_STEP][PASSED] - selectOptionByIndex: All options with index in [12] are selected on object 'Object Repository/Store Request Schedule 1/Page_Store/select_--Select--Schedule 1Inj'

2018-06-09 20:05:52 - [MESSAGE][PASSED] - All options with index in [12] are selected on object 'Object Repository/Store Request Schedule 1/Page_Store/select_--Select--Schedule 1Inj'

2018-06-09 20:05:52 - [TEST_STEP][PASSED] - delay: Delayed 1 second(s)

2018-06-09 20:05:53 - [MESSAGE][PASSED] - Delayed 1 second(s)

2018-06-09 20:05:53 - [TEST_STEP][PASSED] - selectOptionByIndex: All options with index in [8] are selected on object 'Object Repository/Store Request Schedule 1/Page_Store/select_--Select--Adernaline 0.'

2018-06-09 20:05:53 - [MESSAGE][PASSED] - All options with index in [8] are selected on object 'Object Repository/Store Request Schedule 1/Page_Store/select_--Select--Adernaline 0.'

2018-06-09 20:05:53 - [TEST_STEP][PASSED] - setText: Text '100' is set on object 'Object Repository/Store Request Schedule 1/Page_Store/input_txttreat'

2018-06-09 20:05:53 - [MESSAGE][PASSED] - Text '100' is set on object 'Object Repository/Store Request Schedule 1/Page_Store/input_txttreat'

2018-06-09 20:05:53 - [TEST_STEP][PASSED] - click: Object: 'Object Repository/Store Request Schedule 1/Page_Store/button_Add' is clicked on

2018-06-09 20:05:53 - [MESSAGE][PASSED] - Object: 'Object Repository/Store Request Schedule 1/Page_Store/button_Add' is clicked on

2018-06-09 20:05:53 - [TEST_STEP][PASSED] - selectOptionByIndex: All options with index in [12] are selected on object 'Object Repository/Store Request Schedule 1/Page_Store/select_--Select--Schedule 1Inj'

2018-06-09 20:05:54 - [MESSAGE][PASSED] - All options with index in [12] are selected on object 'Object Repository/Store Request Schedule 1/Page_Store/select_--Select--Schedule 1Inj'

2018-06-09 20:05:54 - [TEST_STEP][PASSED] - delay: Delayed 1 second(s)

2018-06-09 20:05:55 - [MESSAGE][PASSED] - Delayed 1 second(s)

2018-06-09 20:05:55 - [TEST_STEP][PASSED] - selectOptionByIndex: All options with index in [9] are selected on object 'Object Repository/Store Request Schedule 1/Page_Store/select_--Select--Adernaline 0.'

2018-06-09 20:05:55 - [MESSAGE][PASSED] - All options with index in [9] are selected on object 'Object Repository/Store Request Schedule 1/Page_Store/select_--Select--Adernaline 0.'

2018-06-09 20:05:55 - [TEST_STEP][PASSED] - setText: Text '100' is set on object 'Object Repository/Store Request Schedule 1/Page_Store/input_txttreat'

2018-06-09 20:05:55 - [MESSAGE][PASSED] - Text '100' is set on object 'Object Repository/Store Request Schedule 1/Page_Store/input_txttreat'

2018-06-09 20:05:55 - [TEST_STEP][PASSED] - click: Object: 'Object Repository/Store Request Schedule 1/Page_Store/button_Add' is clicked on

2018-06-09 20:05:55 - [MESSAGE][PASSED] - Object: 'Object Repository/Store Request Schedule 1/Page_Store/button_Add' is clicked on

2018-06-09 20:05:55 - [TEST_STEP][PASSED] - selectOptionByIndex: All options with index in [12] are selected on object 'Object Repository/Store Request Schedule 1/Page_Store/select_--Select--Schedule 1Inj'

2018-06-09 20:05:55 - [MESSAGE][PASSED] - All options with index in [12] are selected on object 'Object Repository/Store Request Schedule 1/Page_Store/select_--Select--Schedule 1Inj'

2018-06-09 20:05:55 - [TEST_STEP][PASSED] - delay: Delayed 1 second(s)

2018-06-09 20:05:56 - [MESSAGE][PASSED] - Delayed 1 second(s)

2018-06-09 20:05:56 - [TEST_STEP][PASSED] - selectOptionByIndex: All options with index in [10] are selected on object 'Object Repository/Store Request Schedule 1/Page_Store/select_--Select--Adernaline 0.'

2018-06-09 20:05:56 - [MESSAGE][PASSED] - All options with index in [10] are selected on object 'Object Repository/Store Request Schedule 1/Page_Store/select_--Select--Adernaline 0.'

2018-06-09 20:05:56 - [TEST_STEP][PASSED] - setText: Text '100' is set on object 'Object Repository/Store Request Schedule 1/Page_Store/input_txttreat'

2018-06-09 20:05:56 - [MESSAGE][PASSED] - Text '100' is set on object 'Object Repository/Store Request Schedule 1/Page_Store/input_txttreat'

2018-06-09 20:05:56 - [TEST_STEP][PASSED] - click: Object: 'Object Repository/Store Request Schedule 1/Page_Store/button_Add' is clicked on

2018-06-09 20:05:56 - [MESSAGE][PASSED] - Object: 'Object Repository/Store Request Schedule 1/Page_Store/button_Add' is clicked on

2018-06-09 20:05:56 - [TEST_STEP][PASSED] - selectOptionByIndex: All options with index in [12] are selected on object 'Object Repository/Store Request Schedule 1/Page_Store/select_--Select--Schedule 1Inj'

2018-06-09 20:05:57 - [MESSAGE][PASSED] - All options with index in [12] are selected on object 'Object Repository/Store Request Schedule 1/Page_Store/select_--Select--Schedule 1Inj'

2018-06-09 20:05:57 - [TEST_STEP][PASSED] - delay: Delayed 1 second(s)

2018-06-09 20:05:58 - [MESSAGE][PASSED] - Delayed 1 second(s)

2018-06-09 20:05:58 - [TEST_STEP][PASSED] - selectOptionByIndex: All options with index in [11] are selected on object 'Object Repository/Store Request Schedule 1/Page_Store/select_--Select--Adernaline 0.'

2018-06-09 20:05:58 - [MESSAGE][PASSED] - All options with index in [11] are selected on object 'Object Repository/Store Request Schedule 1/Page_Store/select_--Select--Adernaline 0.'

2018-06-09 20:05:58 - [TEST_STEP][PASSED] - setText: Text '100' is set on object 'Object Repository/Store Request Schedule 1/Page_Store/input_txttreat'

2018-06-09 20:05:58 - [MESSAGE][PASSED] - Text '100' is set on object 'Object Repository/Store Request Schedule 1/Page_Store/input_txttreat'

2018-06-09 20:05:58 - [TEST_STEP][PASSED] - click: Object: 'Object Repository/Store Request Schedule 1/Page_Store/button_Add' is clicked on

2018-06-09 20:05:58 - [MESSAGE][PASSED] - Object: 'Object Repository/Store Request Schedule 1/Page_Store/button_Add' is clicked on

2018-06-09 20:05:58 - [TEST_STEP][PASSED] - selectOptionByIndex: All options with index in [12] are selected on object 'Object Repository/Store Request Schedule 1/Page_Store/select_--Select--Schedule 1Inj'

2018-06-09 20:05:58 - [MESSAGE][PASSED] - All options with index in [12] are selected on object 'Object Repository/Store Request Schedule 1/Page_Store/select_--Select--Schedule 1Inj'

2018-06-09 20:05:58 - [TEST_STEP][PASSED] - delay: Delayed 1 second(s)

2018-06-09 20:05:59 - [MESSAGE][PASSED] - Delayed 1 second(s)

2018-06-09 20:05:59 - [TEST_STEP][PASSED] - selectOptionByIndex: All options with index in [12] are selected on object 'Object Repository/Store Request Schedule 1/Page_Store/select_--Select--Adernaline 0.'

2018-06-09 20:05:59 - [MESSAGE][PASSED] - All options with index in [12] are selected on object 'Object Repository/Store Request Schedule 1/Page_Store/select_--Select--Adernaline 0.'

2018-06-09 20:05:59 - [TEST_STEP][PASSED] - setText: Text '100' is set on object 'Object Repository/Store Request Schedule 1/Page_Store/input_txttreat'

2018-06-09 20:06:00 - [MESSAGE][PASSED] - Text '100' is set on object 'Object Repository/Store Request Schedule 1/Page_Store/input_txttreat'

2018-06-09 20:06:00 - [TEST_STEP][PASSED] - click: Object: 'Object Repository/Store Request Schedule 1/Page_Store/button_Add' is clicked on

2018-06-09 20:06:00 - [MESSAGE][PASSED] - Object: 'Object Repository/Store Request Schedule 1/Page_Store/button_Add' is clicked on

2018-06-09 20:06:00 - [TEST_STEP][PASSED] - selectOptionByIndex: All options with index in [12] are selected on object 'Object Repository/Store Request Schedule 1/Page_Store/select_--Select--Schedule 1Inj'

2018-06-09 20:06:00 - [MESSAGE][PASSED] - All options with index in [12] are selected on object 'Object Repository/Store Request Schedule 1/Page_Store/select_--Select--Schedule 1Inj'

2018-06-09 20:06:00 - [TEST_STEP][PASSED] - delay: Delayed 1 second(s)

2018-06-09 20:06:01 - [MESSAGE][PASSED] - Delayed 1 second(s)

2018-06-09 20:06:01 - [TEST_STEP][PASSED] - selectOptionByIndex: All options with index in [13] are selected on object 'Object Repository/Store Request Schedule 1/Page_Store/select_--Select--Adernaline 0.'

2018-06-09 20:06:01 - [MESSAGE][PASSED] - All options with index in [13] are selected on object 'Object Repository/Store Request Schedule 1/Page_Store/select_--Select--Adernaline 0.'

2018-06-09 20:06:01 - [TEST_STEP][PASSED] - setText: Text '100' is set on object 'Object Repository/Store Request Schedule 1/Page_Store/input_txttreat'

2018-06-09 20:06:01 - [MESSAGE][PASSED] - Text '100' is set on object 'Object Repository/Store Request Schedule 1/Page_Store/input_txttreat'

2018-06-09 20:06:01 - [TEST_STEP][PASSED] - click: Object: 'Object Repository/Store Request Schedule 1/Page_Store/button_Add' is clicked on

2018-06-09 20:06:01 - [MESSAGE][PASSED] - Object: 'Object Repository/Store Request Schedule 1/Page_Store/button_Add' is clicked on

2018-06-09 20:06:01 - [TEST_STEP][PASSED] - selectOptionByIndex: All options with index in [12] are selected on object 'Object Repository/Store Request Schedule 1/Page_Store/select_--Select--Schedule 1Inj'

2018-06-09 20:06:01 - [MESSAGE][PASSED] - All options with index in [12] are selected on object 'Object Repository/Store Request Schedule 1/Page_Store/select_--Select--Schedule 1Inj'

2018-06-09 20:06:01 - [TEST_STEP][PASSED] - delay: Delayed 1 second(s)

2018-06-09 20:06:02 - [MESSAGE][PASSED] - Delayed 1 second(s)

2018-06-09 20:06:02 - [TEST_STEP][PASSED] - selectOptionByIndex: All options with index in [14] are selected on object 'Object Repository/Store Request Schedule 1/Page_Store/select_--Select--Adernaline 0.'

2018-06-09 20:06:03 - [MESSAGE][PASSED] - All options with index in [14] are selected on object 'Object Repository/Store Request Schedule 1/Page_Store/select_--Select--Adernaline 0.'

2018-06-09 20:06:03 - [TEST_STEP][PASSED] - setText: Text '100' is set on object 'Object Repository/Store Request Schedule 1/Page_Store/input_txttreat'

2018-06-09 20:06:03 - [MESSAGE][PASSED] - Text '100' is set on object 'Object Repository/Store Request Schedule 1/Page_Store/input_txttreat'

2018-06-09 20:06:03 - [TEST_STEP][PASSED] - click: Object: 'Object Repository/Store Request Schedule 1/Page_Store/button_Add' is clicked on

2018-06-09 20:06:03 - [MESSAGE][PASSED] - Object: 'Object Repository/Store Request Schedule 1/Page_Store/button_Add' is clicked on

2018-06-09 20:06:03 - [TEST_STEP][PASSED] - selectOptionByIndex: All options with index in [12] are selected on object 'Object Repository/Store Request Schedule 1/Page_Store/select_--Select--Schedule 1Inj'

2018-06-09 20:06:03 - [MESSAGE][PASSED] - All options with index in [12] are selected on object 'Object Repository/Store Request Schedule 1/Page_Store/select_--Select--Schedule 1Inj'

2018-06-09 20:06:03 - [TEST_STEP][PASSED] - delay: Delayed 1 second(s)

2018-06-09 20:06:04 - [MESSAGE][PASSED] - Delayed 1 second(s)

2018-06-09 20:06:04 - [TEST_STEP][PASSED] - selectOptionByIndex: All options with index in [15] are selected on object 'Object Repository/Store Request Schedule 1/Page_Store/select_--Select--Adernaline 0.'

2018-06-09 20:06:04 - [MESSAGE][PASSED] - All options with index in [15] are selected on object 'Object Repository/Store Request Schedule 1/Page_Store/select_--Select--Adernaline 0.'

2018-06-09 20:06:04 - [TEST_STEP][PASSED] - setText: Text '100' is set on object 'Object Repository/Store Request Schedule 1/Page_Store/input_txttreat'

2018-06-09 20:06:04 - [MESSAGE][PASSED] - Text '100' is set on object 'Object Repository/Store Request Schedule 1/Page_Store/input_txttreat'

2018-06-09 20:06:04 - [TEST_STEP][PASSED] - click: Object: 'Object Repository/Store Request Schedule 1/Page_Store/button_Add' is clicked on

2018-06-09 20:06:04 - [MESSAGE][PASSED] - Object: 'Object Repository/Store Request Schedule 1/Page_Store/button_Add' is clicked on

2018-06-09 20:06:04 - [TEST_STEP][PASSED] - selectOptionByIndex: All options with index in [12] are selected on object 'Object Repository/Store Request Schedule 1/Page_Store/select_--Select--Schedule 1Inj'

2018-06-09 20:06:05 - [MESSAGE][PASSED] - All options with index in [12] are selected on object 'Object Repository/Store Request Schedule 1/Page_Store/select_--Select--Schedule 1Inj'

2018-06-09 20:06:05 - [TEST_STEP][PASSED] - delay: Delayed 1 second(s)

2018-06-09 20:06:06 - [MESSAGE][PASSED] - Delayed 1 second(s)

2018-06-09 20:06:06 - [TEST_STEP][PASSED] - selectOptionByIndex: All options with index in [16] are selected on object 'Object Repository/Store Request Schedule 1/Page_Store/select_--Select--Adernaline 0.'

2018-06-09 20:06:06 - [MESSAGE][PASSED] - All options with index in [16] are selected on object 'Object Repository/Store Request Schedule 1/Page_Store/select_--Select--Adernaline 0.'

2018-06-09 20:06:06 - [TEST_STEP][PASSED] - setText: Text '100' is set on object 'Object Repository/Store Request Schedule 1/Page_Store/input_txttreat'

2018-06-09 20:06:06 - [MESSAGE][PASSED] - Text '100' is set on object 'Object Repository/Store Request Schedule 1/Page_Store/input_txttreat'

2018-06-09 20:06:06 - [TEST_STEP][PASSED] - click: Object: 'Object Repository/Store Request Schedule 1/Page_Store/button_Add' is clicked on

2018-06-09 20:06:06 - [MESSAGE][PASSED] - Object: 'Object Repository/Store Request Schedule 1/Page_Store/button_Add' is clicked on

2018-06-09 20:06:06 - [TEST_STEP][PASSED] - selectOptionByIndex: All options with index in [12] are selected on object 'Object Repository/Store Request Schedule 1/Page_Store/select_--Select--Schedule 1Inj'

2018-06-09 20:06:06 - [MESSAGE][PASSED] - All options with index in [12] are selected on object 'Object Repository/Store Request Schedule 1/Page_Store/select_--Select--Schedule 1Inj'

2018-06-09 20:06:06 - [TEST_STEP][PASSED] - delay: Delayed 1 second(s)

2018-06-09 20:06:07 - [MESSAGE][PASSED] - Delayed 1 second(s)

2018-06-09 20:06:07 - [TEST_STEP][PASSED] - selectOptionByIndex: All options with index in [17] are selected on object 'Object Repository/Store Request Schedule 1/Page_Store/select_--Select--Adernaline 0.'

2018-06-09 20:06:08 - [MESSAGE][PASSED] - All options with index in [17] are selected on object 'Object Repository/Store Request Schedule 1/Page_Store/select_--Select--Adernaline 0.'

2018-06-09 20:06:08 - [TEST_STEP][PASSED] - setText: Text '100' is set on object 'Object Repository/Store Request Schedule 1/Page_Store/input_txttreat'

2018-06-09 20:06:08 - [MESSAGE][PASSED] - Text '100' is set on object 'Object Repository/Store Request Schedule 1/Page_Store/input_txttreat'

2018-06-09 20:06:08 - [TEST_STEP][PASSED] - click: Object: 'Object Repository/Store Request Schedule 1/Page_Store/button_Add' is clicked on

2018-06-09 20:06:08 - [MESSAGE][PASSED] - Object: 'Object Repository/Store Request Schedule 1/Page_Store/button_Add' is clicked on

2018-06-09 20:06:08 - [TEST_STEP][PASSED] - selectOptionByIndex: All options with index in [12] are selected on object 'Object Repository/Store Request Schedule 1/Page_Store/select_--Select--Schedule 1Inj'

2018-06-09 20:06:08 - [MESSAGE][PASSED] - All options with index in [12] are selected on object 'Object Repository/Store Request Schedule 1/Page_Store/select_--Select--Schedule 1Inj'

2018-06-09 20:06:08 - [TEST_STEP][PASSED] - delay: Delayed 1 second(s)

2018-06-09 20:06:09 - [MESSAGE][PASSED] - Delayed 1 second(s)

2018-06-09 20:06:09 - [TEST_STEP][PASSED] - selectOptionByIndex: All options with index in [18] are selected on object 'Object Repository/Store Request Schedule 1/Page_Store/select_--Select--Adernaline 0.'

2018-06-09 20:06:09 - [MESSAGE][PASSED] - All options with index in [18] are selected on object 'Object Repository/Store Request Schedule 1/Page_Store/select_--Select--Adernaline 0.'

2018-06-09 20:06:09 - [TEST_STEP][PASSED] - setText: Text '100' is set on object 'Object Repository/Store Request Schedule 1/Page_Store/input_txttreat'

2018-06-09 20:06:09 - [MESSAGE][PASSED] - Text '100' is set on object 'Object Repository/Store Request Schedule 1/Page_Store/input_txttreat'

2018-06-09 20:06:09 - [TEST_STEP][PASSED] - click: Object: 'Object Repository/Store Request Schedule 1/Page_Store/button_Add' is clicked on

2018-06-09 20:06:09 - [MESSAGE][PASSED] - Object: 'Object Repository/Store Request Schedule 1/Page_Store/button_Add' is clicked on

2018-06-09 20:06:09 - [TEST_STEP][PASSED] - delay: Delayed 2 second(s)

2018-06-09 20:06:11 - [MESSAGE][PASSED] - Delayed 2 second(s)

2018-06-09 20:06:11 - [TEST_STEP][PASSED] - scrollToElement: Scroll to object 'Object Repository/Store Request Schedule 1/Page_Store/input_btnsave' successfully

2018-06-09 20:06:11 - [MESSAGE][PASSED] - Scroll to object 'Object Repository/Store Request Schedule 1/Page_Store/input_btnsave' successfully

2018-06-09 20:06:11 - [TEST_STEP][PASSED] - click: Object: 'Object Repository/Store Request Schedule 1/Page_Store/input_btnsave' is clicked on

2018-06-09 20:06:12 - [MESSAGE][PASSED] - Object: 'Object Repository/Store Request Schedule 1/Page_Store/input_btnsave' is clicked on

2018-06-09 20:06:12 - [TEST_STEP][PASSED] - delay: Delayed 4 second(s)

2018-06-09 20:06:16 - [MESSAGE][PASSED] - Delayed 4 second(s)

2018-06-09 20:06:16 - [TEST_STEP][PASSED] - Statement - Cms_RequestNumber = com.kms.katalon.core.webui.keyword.WebUiBuiltInKeywords.getText(com.kms.katalon.core.testobject.ObjectRepository.findTestObject(Store Request Schedule 1/Page_Store/font_PRNO050520189)): Text of object 'Object Repository/Store Request Schedule 1/Page_Store/font_PRNO050520189' is: 'PRNO/09062018/725'

2018-06-09 20:06:16 - [MESSAGE][PASSED] - Text of object 'Object Repository/Store Request Schedule 1/Page_Store/font_PRNO050520189' is: 'PRNO/09062018/725'

2018-06-09 20:06:16 - [TEST_STEP][PASSED] - Statement - CR = Cms_RequestNumber.trim(): null

2018-06-09 20:06:16 - [TEST_STEP][PASSED] - Statement - out.println("RQ :" + Cms_RequestNumber): null

2018-06-09 20:06:16 - [TEST_STEP][PASSED] - Statement - RequestNumberID = Cms_RequestNumber.split("/")[2].trim(): null

2018-06-09 20:06:16 - [TEST_STEP][PASSED] - Statement - out.println("RQ ID :" + RequestNumberID): null

2018-06-09 20:06:16 - [TEST_STEP][PASSED] - delay: Delayed 3 second(s)

2018-06-09 20:06:19 - [MESSAGE][PASSED] - Delayed 3 second(s)

2018-06-09 20:06:19 - [TEST_STEP][PASSED] - Statement - ok = com.kms.katalon.core.webui.keyword.WebUiBuiltInKeywords.click(com.kms.katalon.core.testobject.ObjectRepository.findTestObject(Store Request Schedule 1/Page_Store/button_OK)): Object: 'Object Repository/Store Request Schedule 1/Page_Store/button_OK' is clicked on

2018-06-09 20:06:20 - [MESSAGE][PASSED] - Object: 'Object Repository/Store Request Schedule 1/Page_Store/button_OK' is clicked on

2018-06-09 20:06:20 - [TEST_STEP][PASSED] - delay: Delayed 3 second(s)

2018-06-09 20:06:23 - [MESSAGE][PASSED] - Delayed 3 second(s)

2018-06-09 20:06:23 - [TEST_STEP][PASSED] - click: Object: 'Object Repository/Store Request Schedule 1/Page_Store/a_dropdown-toggle' is clicked on

2018-06-09 20:06:23 - [MESSAGE][PASSED] - Object: 'Object Repository/Store Request Schedule 1/Page_Store/a_dropdown-toggle' is clicked on

2018-06-09 20:06:23 - [TEST_STEP][PASSED] - click: Object: 'Object Repository/Store Request Schedule 1/Page_Store/a_Sign out' is clicked on

2018-06-09 20:06:23 - [MESSAGE][PASSED] - Object: 'Object Repository/Store Request Schedule 1/Page_Store/a_Sign out' is clicked on

2018-06-09 20:06:23 - [TEST_STEP][PASSED] - delay: Delayed 3 second(s)

2018-06-09 20:06:26 - [MESSAGE][PASSED] - Delayed 3 second(s)

2018-06-09 20:06:26 - [TEST_STEP][PASSED] - click: Object: 'Object Repository/Store Request Schedule 1/Page_KDMC/a_CMO' is clicked on

2018-06-09 20:06:27 - [MESSAGE][PASSED] - Object: 'Object Repository/Store Request Schedule 1/Page_KDMC/a_CMO' is clicked on

2018-06-09 20:06:27 - [TEST_STEP][PASSED] - setText: Text 'guru' is set on object 'Object Repository/Store Request Schedule 1/Page_CMO login/input_txtusername'

2018-06-09 20:06:27 - [MESSAGE][PASSED] - Text 'guru' is set on object 'Object Repository/Store Request Schedule 1/Page_CMO login/input_txtusername'

2018-06-09 20:06:27 - [TEST_STEP][PASSED] - setText: Text '123' is set on object 'Object Repository/Store Request Schedule 1/Page_CMO login/input_txtpassword'

2018-06-09 20:06:27 - [MESSAGE][PASSED] - Text '123' is set on object 'Object Repository/Store Request Schedule 1/Page_CMO login/input_txtpassword'

2018-06-09 20:06:27 - [TEST_STEP][PASSED] - delay: Delayed 3 second(s)

2018-06-09 20:06:30 - [MESSAGE][PASSED] - Delayed 3 second(s)

2018-06-09 20:06:30 - [TEST_STEP][PASSED] - click: Object: 'Object Repository/Store Request Schedule 1/Page_CMO login/button_Sign in' is clicked on

2018-06-09 20:06:31 - [MESSAGE][PASSED] - Object: 'Object Repository/Store Request Schedule 1/Page_CMO login/button_Sign in' is clicked on

2018-06-09 20:06:31 - [TEST_STEP][PASSED] - delay: Delayed 2 second(s)

2018-06-09 20:06:33 - [MESSAGE][PASSED] - Delayed 2 second(s)

2018-06-09 20:06:33 - [TEST_STEP][PASSED] - click: Object: 'Object Repository/Store Request Schedule 1/Page_KDMC - CMO/span_Department Wise Request' is clicked on

2018-06-09 20:06:34 - [MESSAGE][PASSED] - Object: 'Object Repository/Store Request Schedule 1/Page_KDMC - CMO/span_Department Wise Request' is clicked on

2018-06-09 20:06:34 - [TEST_STEP][PASSED] - click: Object: 'Object Repository/Store Request Schedule 1/Page_KDMC - CMO/a_CMS Request' is clicked on

2018-06-09 20:06:34 - [MESSAGE][PASSED] - Object: 'Object Repository/Store Request Schedule 1/Page_KDMC - CMO/a_CMS Request' is clicked on

2018-06-09 20:06:34 - [TEST_STEP][PASSED] - click: Object: 'Object Repository/Store Request Schedule 1/Page_KDMC - CMO/a_CMS Request' is clicked on

2018-06-09 20:06:34 - [MESSAGE][PASSED] - Object: 'Object Repository/Store Request Schedule 1/Page_KDMC - CMO/a_CMS Request' is clicked on

2018-06-09 20:06:34 - [TEST_STEP][PASSED] - click: Object: 'Object Repository/Store Request Schedule 1/Page_KDMC - CMO/span_Divisional Store Request' is clicked on

2018-06-09 20:06:36 - [MESSAGE][PASSED] - Object: 'Object Repository/Store Request Schedule 1/Page_KDMC - CMO/span_Divisional Store Request' is clicked on

2018-06-09 20:06:36 - [TEST_STEP][PASSED] - delay: Delayed 2 second(s)

2018-06-09 20:06:38 - [MESSAGE][PASSED] - Delayed 2 second(s)

2018-06-09 20:06:38 - [TEST_STEP][PASSED] - Statement - approval = com.kms.katalon.core.webui.keyword.WebUiBuiltInKeywords.modifyObjectProperty(com.kms.katalon.core.testobject.ObjectRepository.findTestObject(Store Request Schedule 1/Page_KDMC - CMO/input_PRNO050520189), "xpath", "equals", "//*[@id=" + RequestNumberID + "]", true): Modify property of object successfully

2018-06-09 20:06:38 - [MESSAGE][PASSED] - Modify property of object successfully

2018-06-09 20:06:38 - [TEST_STEP][PASSED] - click: Object: 'Object Repository/Store Request Schedule 1/Page_KDMC - CMO/input_PRNO050520189' is clicked on

2018-06-09 20:06:38 - [MESSAGE][PASSED] - Object: 'Object Repository/Store Request Schedule 1/Page_KDMC - CMO/input_PRNO050520189' is clicked on

2018-06-09 20:06:38 - [TEST_STEP][PASSED] - delay: Delayed 2 second(s)

2018-06-09 20:06:40 - [MESSAGE][PASSED] - Delayed 2 second(s)

2018-06-09 20:06:40 - [TEST_STEP][PASSED] - selectOptionByIndex: All options with index in [1] are selected on object 'Object Repository/Store Request Schedule 1/Page_KDMC - CMO/select_--Select--'

2018-06-09 20:06:40 - [MESSAGE][PASSED] - All options with index in [1] are selected on object 'Object Repository/Store Request Schedule 1/Page_KDMC - CMO/select_--Select--'

2018-06-09 20:06:40 - [TEST_STEP][PASSED] - click: Object: 'Object Repository/Store Request Schedule 1/Page_KDMC - CMO/input_btnupdate' is clicked on

2018-06-09 20:06:40 - [MESSAGE][PASSED] - Object: 'Object Repository/Store Request Schedule 1/Page_KDMC - CMO/input_btnupdate' is clicked on

2018-06-09 20:06:40 - [TEST_STEP][PASSED] - delay: Delayed 2 second(s)

2018-06-09 20:06:42 - [MESSAGE][PASSED] - Delayed 2 second(s)

2018-06-09 20:06:42 - [TEST_STEP][PASSED] - click: Object: 'Object Repository/Store Request Schedule 1/Page_KDMC - CMO/button_OK' is clicked on

2018-06-09 20:06:43 - [MESSAGE][PASSED] - Object: 'Object Repository/Store Request Schedule 1/Page_KDMC - CMO/button_OK' is clicked on

2018-06-09 20:06:43 - [TEST_STEP][PASSED] - delay: Delayed 2 second(s)

2018-06-09 20:06:45 - [MESSAGE][PASSED] - Delayed 2 second(s)

2018-06-09 20:06:45 - [TEST_STEP][PASSED] - click: Object: 'Object Repository/Store Request Schedule 1/Page_KDMC - CMO/a_dropdown-toggle' is clicked on

2018-06-09 20:06:45 - [MESSAGE][PASSED] - Object: 'Object Repository/Store Request Schedule 1/Page_KDMC - CMO/a_dropdown-toggle' is clicked on

2018-06-09 20:06:45 - [TEST_STEP][PASSED] - click: Object: 'Object Repository/Store Request Schedule 1/Page_KDMC - CMO/a_Sign out' is clicked on

2018-06-09 20:06:45 - [MESSAGE][PASSED] - Object: 'Object Repository/Store Request Schedule 1/Page_KDMC - CMO/a_Sign out' is clicked on

2018-06-09 20:06:45 - [TEST_STEP][PASSED] - delay: Delayed 3 second(s)

2018-06-09 20:06:48 - [MESSAGE][PASSED] - Delayed 3 second(s)

2018-06-09 20:06:48 - [TEST_STEP][PASSED] - click: Object: 'Object Repository/store Request Schedule 1/Page_KDMC/a_CMS' is clicked on

2018-06-09 20:06:49 - [MESSAGE][PASSED] - Object: 'Object Repository/store Request Schedule 1/Page_KDMC/a_CMS' is clicked on

2018-06-09 20:06:49 - [TEST_STEP][PASSED] - setText: Text 'bala' is set on object 'Object Repository/store Request Schedule 1/Page_CMS login/input_txtusername'

2018-06-09 20:06:49 - [MESSAGE][PASSED] - Text 'bala' is set on object 'Object Repository/store Request Schedule 1/Page_CMS login/input_txtusername'

2018-06-09 20:06:49 - [TEST_STEP][PASSED] - setText: Text '123' is set on object 'Object Repository/store Request Schedule 1/Page_CMS login/input_txtpassword'

2018-06-09 20:06:49 - [MESSAGE][PASSED] - Text '123' is set on object 'Object Repository/store Request Schedule 1/Page_CMS login/input_txtpassword'

2018-06-09 20:06:49 - [TEST_STEP][PASSED] - delay: Delayed 3 second(s)

2018-06-09 20:06:52 - [MESSAGE][PASSED] - Delayed 3 second(s)

2018-06-09 20:06:52 - [TEST_STEP][PASSED] - click: Object: 'Object Repository/store Request Schedule 1/Page_CMS login/button_Sign in' is clicked on

2018-06-09 20:06:52 - [MESSAGE][PASSED] - Object: 'Object Repository/store Request Schedule 1/Page_CMS login/button_Sign in' is clicked on

2018-06-09 20:06:52 - [TEST_STEP][PASSED] - delay: Delayed 2 second(s)

2018-06-09 20:06:54 - [MESSAGE][PASSED] - Delayed 2 second(s)

2018-06-09 20:06:54 - [TEST_STEP][PASSED] - click: Object: 'Object Repository/store Request Schedule 1/Page_KDMC - CMS/a_Divisional Store' is clicked on

2018-06-09 20:06:54 - [MESSAGE][PASSED] - Object: 'Object Repository/store Request Schedule 1/Page_KDMC - CMS/a_Divisional Store' is clicked on

2018-06-09 20:06:54 - [TEST_STEP][PASSED] - delay: Delayed 2 second(s)

2018-06-09 20:06:56 - [MESSAGE][PASSED] - Delayed 2 second(s)

2018-06-09 20:06:56 - [TEST_STEP][PASSED] - click: Object: 'Object Repository/store Request Schedule 1/Page_KDMC - CMS/a_Dispatch Items' is clicked on

2018-06-09 20:06:57 - [MESSAGE][PASSED] - Object: 'Object Repository/store Request Schedule 1/Page_KDMC - CMS/a_Dispatch Items' is clicked on

2018-06-09 20:06:57 - [TEST_STEP][PASSED] - setText: Text 'PRNO/09062018/725' is set on object 'Object Repository/store Request Schedule 1/Page_KDMC - CMS/input'

2018-06-09 20:06:58 - [MESSAGE][PASSED] - Text 'PRNO/09062018/725' is set on object 'Object Repository/store Request Schedule 1/Page_KDMC - CMS/input'

2018-06-09 20:06:58 - [TEST_STEP][PASSED] - click: Object: 'Object Repository/store Request Schedule 1/Page_KDMC - CMS/td_text-center' is clicked on

2018-06-09 20:06:58 - [MESSAGE][PASSED] - Object: 'Object Repository/store Request Schedule 1/Page_KDMC - CMS/td_text-center' is clicked on

2018-06-09 20:06:58 - [TEST_STEP][PASSED] - delay: Delayed 3 second(s)

2018-06-09 20:07:01 - [MESSAGE][PASSED] - Delayed 3 second(s)

2018-06-09 20:07:01 - [TEST_STEP][PASSED] - delay: Delayed 2 second(s)

2018-06-09 20:07:03 - [MESSAGE][PASSED] - Delayed 2 second(s)

2018-06-09 20:07:03 - [TEST_STEP][PASSED] - Statement - For ([row = 0, row < SelectedOptions - 1, (row++)]): null

2018-06-09 20:07:03 - [TEST_STEP][PASSED] - Statement - batchlength = new com.kms.katalon.core.testobject.TestObject(): null

2018-06-09 20:07:03 - [TEST_STEP][PASSED] - Statement - batchlength = com.kms.katalon.core.webui.keyword.WebUiBuiltInKeywords.modifyObjectProperty(batchlength, "xpath", "equals", "//*[@id = "fldvendor" + row + ""]", true): Modify property of object successfully

2018-06-09 20:07:03 - [MESSAGE][PASSED] - Modify property of object successfully

2018-06-09 20:07:03 - [TEST_STEP][PASSED] - Statement - batchsize = com.kms.katalon.core.webui.keyword.WebUiBuiltInKeywords.getNumberOfTotalOption(batchlength): 11 options of object '' counted

2018-06-09 20:07:03 - [MESSAGE][PASSED] - 11 options of object '' counted

2018-06-09 20:07:03 - [TEST_STEP][PASSED] - Statement - out.println("BatchSize : " + batchsize): null

2018-06-09 20:07:03 - [TEST_STEP][PASSED] - Statement - For ([n = 1, n <= batchsize - 1, (n++)]): null

2018-06-09 20:07:03 - [TEST_STEP][PASSED] - Statement - product = new com.kms.katalon.core.testobject.TestObject(): null

2018-06-09 20:07:03 - [TEST_STEP][PASSED] - Statement - product = com.kms.katalon.core.webui.keyword.WebUiBuiltInKeywords.modifyObjectProperty(product, "xpath", "equals", "//*[@id = "fldvendor" + row + ""]", true): Modify property of object successfully

2018-06-09 20:07:03 - [MESSAGE][PASSED] - Modify property of object successfully

2018-06-09 20:07:03 - [TEST_STEP][PASSED] - selectOptionByIndex: All options with index in [1] are selected on object ''

2018-06-09 20:07:03 - [MESSAGE][PASSED] - All options with index in [1] are selected on object ''

2018-06-09 20:07:03 - [TEST_STEP][PASSED] - delay: Delayed 2 second(s)

2018-06-09 20:07:05 - [MESSAGE][PASSED] - Delayed 2 second(s)

2018-06-09 20:07:05 - [TEST_STEP][PASSED] - Statement - batch = new com.kms.katalon.core.testobject.TestObject(): null

2018-06-09 20:07:05 - [TEST_STEP][PASSED] - Statement - batch = com.kms.katalon.core.webui.keyword.WebUiBuiltInKeywords.modifyObjectProperty(batch, "xpath", "equals", "//*[@id = "txtbthqty" + row + ""]", true): Modify property of object successfully

2018-06-09 20:07:05 - [MESSAGE][PASSED] - Modify property of object successfully

2018-06-09 20:07:05 - [TEST_STEP][PASSED] - Statement - batchqty = com.kms.katalon.core.webui.keyword.WebUiBuiltInKeywords.getAttribute(batch, "value").trim(): Attribute 'value' of object '' is: '37300'

2018-06-09 20:07:05 - [MESSAGE][PASSED] - Attribute 'value' of object '' is: '37300'

2018-06-09 20:07:05 - [TEST_STEP][PASSED] - Statement - Rqty = 100: null

2018-06-09 20:07:05 - [TEST_STEP][PASSED] - Statement - out.println("BatchQty : " + batchqty): null

2018-06-09 20:07:05 - [TEST_STEP][PASSED] - Statement - out.println("RQty : " + Rqty): null

2018-06-09 20:07:05 - [TEST_STEP][PASSED] - Statement - If (java.lang.Integer.valueOf(batchqty) >= java.lang.Integer.valueOf(Rqty)): null

2018-06-09 20:07:05 - [TEST_STEP][PASSED] - Statement - Break: null

2018-06-09 20:07:05 - [TEST_STEP][PASSED] - Statement - batchlength = new com.kms.katalon.core.testobject.TestObject(): null

2018-06-09 20:07:05 - [TEST_STEP][PASSED] - Statement - batchlength = com.kms.katalon.core.webui.keyword.WebUiBuiltInKeywords.modifyObjectProperty(batchlength, "xpath", "equals", "//*[@id = "fldvendor" + row + ""]", true): Modify property of object successfully

2018-06-09 20:07:05 - [MESSAGE][PASSED] - Modify property of object successfully

2018-06-09 20:07:05 - [TEST_STEP][PASSED] - Statement - batchsize = com.kms.katalon.core.webui.keyword.WebUiBuiltInKeywords.getNumberOfTotalOption(batchlength): 11 options of object '' counted

2018-06-09 20:07:05 - [MESSAGE][PASSED] - 11 options of object '' counted

2018-06-09 20:07:05 - [TEST_STEP][PASSED] - Statement - out.println("BatchSize : " + batchsize): null

2018-06-09 20:07:05 - [TEST_STEP][PASSED] - Statement - For ([n = 1, n <= batchsize - 1, (n++)]): null

2018-06-09 20:07:05 - [TEST_STEP][PASSED] - Statement - product = new com.kms.katalon.core.testobject.TestObject(): null

2018-06-09 20:07:05 - [TEST_STEP][PASSED] - Statement - product = com.kms.katalon.core.webui.keyword.WebUiBuiltInKeywords.modifyObjectProperty(product, "xpath", "equals", "//*[@id = "fldvendor" + row + ""]", true): Modify property of object successfully

2018-06-09 20:07:05 - [MESSAGE][PASSED] - Modify property of object successfully

2018-06-09 20:07:05 - [TEST_STEP][PASSED] - selectOptionByIndex: All options with index in [1] are selected on object ''

2018-06-09 20:07:05 - [MESSAGE][PASSED] - All options with index in [1] are selected on object ''

2018-06-09 20:07:05 - [TEST_STEP][PASSED] - delay: Delayed 2 second(s)

2018-06-09 20:07:07 - [MESSAGE][PASSED] - Delayed 2 second(s)

2018-06-09 20:07:07 - [TEST_STEP][PASSED] - Statement - batch = new com.kms.katalon.core.testobject.TestObject(): null

2018-06-09 20:07:07 - [TEST_STEP][PASSED] - Statement - batch = com.kms.katalon.core.webui.keyword.WebUiBuiltInKeywords.modifyObjectProperty(batch, "xpath", "equals", "//*[@id = "txtbthqty" + row + ""]", true): Modify property of object successfully

2018-06-09 20:07:07 - [MESSAGE][PASSED] - Modify property of object successfully

2018-06-09 20:07:07 - [TEST_STEP][PASSED] - Statement - batchqty = com.kms.katalon.core.webui.keyword.WebUiBuiltInKeywords.getAttribute(batch, "value").trim(): Attribute 'value' of object '' is: '36100'

2018-06-09 20:07:07 - [MESSAGE][PASSED] - Attribute 'value' of object '' is: '36100'

2018-06-09 20:07:07 - [TEST_STEP][PASSED] - Statement - Rqty = 100: null

2018-06-09 20:07:07 - [TEST_STEP][PASSED] - Statement - out.println("BatchQty : " + batchqty): null

2018-06-09 20:07:07 - [TEST_STEP][PASSED] - Statement - out.println("RQty : " + Rqty): null

2018-06-09 20:07:07 - [TEST_STEP][PASSED] - Statement - If (java.lang.Integer.valueOf(batchqty) >= java.lang.Integer.valueOf(Rqty)): null

2018-06-09 20:07:07 - [TEST_STEP][PASSED] - Statement - Break: null

2018-06-09 20:07:07 - [TEST_STEP][PASSED] - Statement - batchlength = new com.kms.katalon.core.testobject.TestObject(): null

2018-06-09 20:07:07 - [TEST_STEP][PASSED] - Statement - batchlength = com.kms.katalon.core.webui.keyword.WebUiBuiltInKeywords.modifyObjectProperty(batchlength, "xpath", "equals", "//*[@id = "fldvendor" + row + ""]", true): Modify property of object successfully

2018-06-09 20:07:07 - [MESSAGE][PASSED] - Modify property of object successfully

2018-06-09 20:07:07 - [TEST_STEP][PASSED] - Statement - batchsize = com.kms.katalon.core.webui.keyword.WebUiBuiltInKeywords.getNumberOfTotalOption(batchlength): 11 options of object '' counted

2018-06-09 20:07:07 - [MESSAGE][PASSED] - 11 options of object '' counted

2018-06-09 20:07:07 - [TEST_STEP][PASSED] - Statement - out.println("BatchSize : " + batchsize): null

2018-06-09 20:07:07 - [TEST_STEP][PASSED] - Statement - For ([n = 1, n <= batchsize - 1, (n++)]): null

2018-06-09 20:07:07 - [TEST_STEP][PASSED] - Statement - product = new com.kms.katalon.core.testobject.TestObject(): null

2018-06-09 20:07:07 - [TEST_STEP][PASSED] - Statement - product = com.kms.katalon.core.webui.keyword.WebUiBuiltInKeywords.modifyObjectProperty(product, "xpath", "equals", "//*[@id = "fldvendor" + row + ""]", true): Modify property of object successfully

2018-06-09 20:07:07 - [MESSAGE][PASSED] - Modify property of object successfully

2018-06-09 20:07:07 - [TEST_STEP][PASSED] - selectOptionByIndex: All options with index in [1] are selected on object ''

2018-06-09 20:07:08 - [MESSAGE][PASSED] - All options with index in [1] are selected on object ''

2018-06-09 20:07:08 - [TEST_STEP][PASSED] - delay: Delayed 2 second(s)

2018-06-09 20:07:10 - [MESSAGE][PASSED] - Delayed 2 second(s)

2018-06-09 20:07:10 - [TEST_STEP][PASSED] - Statement - batch = new com.kms.katalon.core.testobject.TestObject(): null

2018-06-09 20:07:10 - [TEST_STEP][PASSED] - Statement - batch = com.kms.katalon.core.webui.keyword.WebUiBuiltInKeywords.modifyObjectProperty(batch, "xpath", "equals", "//*[@id = "txtbthqty" + row + ""]", true): Modify property of object successfully

2018-06-09 20:07:10 - [MESSAGE][PASSED] - Modify property of object successfully

2018-06-09 20:07:10 - [TEST_STEP][PASSED] - Statement - batchqty = com.kms.katalon.core.webui.keyword.WebUiBuiltInKeywords.getAttribute(batch, "value").trim(): Attribute 'value' of object '' is: '47300'

2018-06-09 20:07:10 - [MESSAGE][PASSED] - Attribute 'value' of object '' is: '47300'

2018-06-09 20:07:10 - [TEST_STEP][PASSED] - Statement - Rqty = 100: null

2018-06-09 20:07:10 - [TEST_STEP][PASSED] - Statement - out.println("BatchQty : " + batchqty): null

2018-06-09 20:07:10 - [TEST_STEP][PASSED] - Statement - out.println("RQty : " + Rqty): null

2018-06-09 20:07:10 - [TEST_STEP][PASSED] - Statement - If (java.lang.Integer.valueOf(batchqty) >= java.lang.Integer.valueOf(Rqty)): null

2018-06-09 20:07:10 - [TEST_STEP][PASSED] - Statement - Break: null

2018-06-09 20:07:10 - [TEST_STEP][PASSED] - Statement - batchlength = new com.kms.katalon.core.testobject.TestObject(): null

2018-06-09 20:07:10 - [TEST_STEP][PASSED] - Statement - batchlength = com.kms.katalon.core.webui.keyword.WebUiBuiltInKeywords.modifyObjectProperty(batchlength, "xpath", "equals", "//*[@id = "fldvendor" + row + ""]", true): Modify property of object successfully

2018-06-09 20:07:10 - [MESSAGE][PASSED] - Modify property of object successfully

2018-06-09 20:07:10 - [TEST_STEP][PASSED] - Statement - batchsize = com.kms.katalon.core.webui.keyword.WebUiBuiltInKeywords.getNumberOfTotalOption(batchlength): 11 options of object '' counted

2018-06-09 20:07:10 - [MESSAGE][PASSED] - 11 options of object '' counted

2018-06-09 20:07:10 - [TEST_STEP][PASSED] - Statement - out.println("BatchSize : " + batchsize): null

2018-06-09 20:07:10 - [TEST_STEP][PASSED] - Statement - For ([n = 1, n <= batchsize - 1, (n++)]): null

2018-06-09 20:07:10 - [TEST_STEP][PASSED] - Statement - product = new com.kms.katalon.core.testobject.TestObject(): null

2018-06-09 20:07:10 - [TEST_STEP][PASSED] - Statement - product = com.kms.katalon.core.webui.keyword.WebUiBuiltInKeywords.modifyObjectProperty(product, "xpath", "equals", "//*[@id = "fldvendor" + row + ""]", true): Modify property of object successfully

2018-06-09 20:07:10 - [MESSAGE][PASSED] - Modify property of object successfully

2018-06-09 20:07:10 - [TEST_STEP][PASSED] - selectOptionByIndex: All options with index in [1] are selected on object ''

2018-06-09 20:07:10 - [MESSAGE][PASSED] - All options with index in [1] are selected on object ''

2018-06-09 20:07:10 - [TEST_STEP][PASSED] - delay: Delayed 2 second(s)

2018-06-09 20:07:12 - [MESSAGE][PASSED] - Delayed 2 second(s)

2018-06-09 20:07:12 - [TEST_STEP][PASSED] - Statement - batch = new com.kms.katalon.core.testobject.TestObject(): null

2018-06-09 20:07:12 - [TEST_STEP][PASSED] - Statement - batch = com.kms.katalon.core.webui.keyword.WebUiBuiltInKeywords.modifyObjectProperty(batch, "xpath", "equals", "//*[@id = "txtbthqty" + row + ""]", true): Modify property of object successfully

2018-06-09 20:07:12 - [MESSAGE][PASSED] - Modify property of object successfully

2018-06-09 20:07:12 - [TEST_STEP][PASSED] - Statement - batchqty = com.kms.katalon.core.webui.keyword.WebUiBuiltInKeywords.getAttribute(batch, "value").trim(): Attribute 'value' of object '' is: '47300'

2018-06-09 20:07:12 - [MESSAGE][PASSED] - Attribute 'value' of object '' is: '47300'

2018-06-09 20:07:12 - [TEST_STEP][PASSED] - Statement - Rqty = 100: null

2018-06-09 20:07:12 - [TEST_STEP][PASSED] - Statement - out.println("BatchQty : " + batchqty): null

2018-06-09 20:07:12 - [TEST_STEP][PASSED] - Statement - out.println("RQty : " + Rqty): null

2018-06-09 20:07:12 - [TEST_STEP][PASSED] - Statement - If (java.lang.Integer.valueOf(batchqty) >= java.lang.Integer.valueOf(Rqty)): null

2018-06-09 20:07:12 - [TEST_STEP][PASSED] - Statement - Break: null

2018-06-09 20:07:12 - [TEST_STEP][PASSED] - Statement - batchlength = new com.kms.katalon.core.testobject.TestObject(): null

2018-06-09 20:07:12 - [TEST_STEP][PASSED] - Statement - batchlength = com.kms.katalon.core.webui.keyword.WebUiBuiltInKeywords.modifyObjectProperty(batchlength, "xpath", "equals", "//*[@id = "fldvendor" + row + ""]", true): Modify property of object successfully

2018-06-09 20:07:12 - [MESSAGE][PASSED] - Modify property of object successfully

2018-06-09 20:07:12 - [TEST_STEP][PASSED] - Statement - batchsize = com.kms.katalon.core.webui.keyword.WebUiBuiltInKeywords.getNumberOfTotalOption(batchlength): 11 options of object '' counted

2018-06-09 20:07:12 - [MESSAGE][PASSED] - 11 options of object '' counted

2018-06-09 20:07:12 - [TEST_STEP][PASSED] - Statement - out.println("BatchSize : " + batchsize): null

2018-06-09 20:07:12 - [TEST_STEP][PASSED] - Statement - For ([n = 1, n <= batchsize - 1, (n++)]): null

2018-06-09 20:07:12 - [TEST_STEP][PASSED] - Statement - product = new com.kms.katalon.core.testobject.TestObject(): null

2018-06-09 20:07:12 - [TEST_STEP][PASSED] - Statement - product = com.kms.katalon.core.webui.keyword.WebUiBuiltInKeywords.modifyObjectProperty(product, "xpath", "equals", "//*[@id = "fldvendor" + row + ""]", true): Modify property of object successfully

2018-06-09 20:07:12 - [MESSAGE][PASSED] - Modify property of object successfully

2018-06-09 20:07:12 - [TEST_STEP][PASSED] - selectOptionByIndex: All options with index in [1] are selected on object ''

2018-06-09 20:07:12 - [MESSAGE][PASSED] - All options with index in [1] are selected on object ''

2018-06-09 20:07:12 - [TEST_STEP][PASSED] - delay: Delayed 2 second(s)

2018-06-09 20:07:14 - [MESSAGE][PASSED] - Delayed 2 second(s)

2018-06-09 20:07:14 - [TEST_STEP][PASSED] - Statement - batch = new com.kms.katalon.core.testobject.TestObject(): null

2018-06-09 20:07:14 - [TEST_STEP][PASSED] - Statement - batch = com.kms.katalon.core.webui.keyword.WebUiBuiltInKeywords.modifyObjectProperty(batch, "xpath", "equals", "//*[@id = "txtbthqty" + row + ""]", true): Modify property of object successfully

2018-06-09 20:07:14 - [MESSAGE][PASSED] - Modify property of object successfully

2018-06-09 20:07:14 - [TEST_STEP][PASSED] - Statement - batchqty = com.kms.katalon.core.webui.keyword.WebUiBuiltInKeywords.getAttribute(batch, "value").trim(): Attribute 'value' of object '' is: '48400'

2018-06-09 20:07:14 - [MESSAGE][PASSED] - Attribute 'value' of object '' is: '48400'

2018-06-09 20:07:14 - [TEST_STEP][PASSED] - Statement - Rqty = 100: null

2018-06-09 20:07:14 - [TEST_STEP][PASSED] - Statement - out.println("BatchQty : " + batchqty): null

2018-06-09 20:07:14 - [TEST_STEP][PASSED] - Statement - out.println("RQty : " + Rqty): null

2018-06-09 20:07:14 - [TEST_STEP][PASSED] - Statement - If (java.lang.Integer.valueOf(batchqty) >= java.lang.Integer.valueOf(Rqty)): null

2018-06-09 20:07:14 - [TEST_STEP][PASSED] - Statement - Break: null

2018-06-09 20:07:14 - [TEST_STEP][PASSED] - Statement - batchlength = new com.kms.katalon.core.testobject.TestObject(): null

2018-06-09 20:07:14 - [TEST_STEP][PASSED] - Statement - batchlength = com.kms.katalon.core.webui.keyword.WebUiBuiltInKeywords.modifyObjectProperty(batchlength, "xpath", "equals", "//*[@id = "fldvendor" + row + ""]", true): Modify property of object successfully

2018-06-09 20:07:14 - [MESSAGE][PASSED] - Modify property of object successfully

2018-06-09 20:07:14 - [TEST_STEP][PASSED] - Statement - batchsize = com.kms.katalon.core.webui.keyword.WebUiBuiltInKeywords.getNumberOfTotalOption(batchlength): 11 options of object '' counted

2018-06-09 20:07:14 - [MESSAGE][PASSED] - 11 options of object '' counted

2018-06-09 20:07:14 - [TEST_STEP][PASSED] - Statement - out.println("BatchSize : " + batchsize): null

2018-06-09 20:07:14 - [TEST_STEP][PASSED] - Statement - For ([n = 1, n <= batchsize - 1, (n++)]): null

2018-06-09 20:07:14 - [TEST_STEP][PASSED] - Statement - product = new com.kms.katalon.core.testobject.TestObject(): null

2018-06-09 20:07:14 - [TEST_STEP][PASSED] - Statement - product = com.kms.katalon.core.webui.keyword.WebUiBuiltInKeywords.modifyObjectProperty(product, "xpath", "equals", "//*[@id = "fldvendor" + row + ""]", true): Modify property of object successfully

2018-06-09 20:07:14 - [MESSAGE][PASSED] - Modify property of object successfully

2018-06-09 20:07:14 - [TEST_STEP][PASSED] - selectOptionByIndex: All options with index in [1] are selected on object ''

2018-06-09 20:07:14 - [MESSAGE][PASSED] - All options with index in [1] are selected on object ''

2018-06-09 20:07:14 - [TEST_STEP][PASSED] - delay: Delayed 2 second(s)

2018-06-09 20:07:16 - [MESSAGE][PASSED] - Delayed 2 second(s)

2018-06-09 20:07:16 - [TEST_STEP][PASSED] - Statement - batch = new com.kms.katalon.core.testobject.TestObject(): null

2018-06-09 20:07:16 - [TEST_STEP][PASSED] - Statement - batch = com.kms.katalon.core.webui.keyword.WebUiBuiltInKeywords.modifyObjectProperty(batch, "xpath", "equals", "//*[@id = "txtbthqty" + row + ""]", true): Modify property of object successfully

2018-06-09 20:07:16 - [MESSAGE][PASSED] - Modify property of object successfully

2018-06-09 20:07:16 - [TEST_STEP][PASSED] - Statement - batchqty = com.kms.katalon.core.webui.keyword.WebUiBuiltInKeywords.getAttribute(batch, "value").trim(): Attribute 'value' of object '' is: '47300'

2018-06-09 20:07:16 - [MESSAGE][PASSED] - Attribute 'value' of object '' is: '47300'

2018-06-09 20:07:16 - [TEST_STEP][PASSED] - Statement - Rqty = 100: null

2018-06-09 20:07:16 - [TEST_STEP][PASSED] - Statement - out.println("BatchQty : " + batchqty): null

2018-06-09 20:07:16 - [TEST_STEP][PASSED] - Statement - out.println("RQty : " + Rqty): null

2018-06-09 20:07:16 - [TEST_STEP][PASSED] - Statement - If (java.lang.Integer.valueOf(batchqty) >= java.lang.Integer.valueOf(Rqty)): null

2018-06-09 20:07:16 - [TEST_STEP][PASSED] - Statement - Break: null

2018-06-09 20:07:16 - [TEST_STEP][PASSED] - Statement - batchlength = new com.kms.katalon.core.testobject.TestObject(): null

2018-06-09 20:07:16 - [TEST_STEP][PASSED] - Statement - batchlength = com.kms.katalon.core.webui.keyword.WebUiBuiltInKeywords.modifyObjectProperty(batchlength, "xpath", "equals", "//*[@id = "fldvendor" + row + ""]", true): Modify property of object successfully

2018-06-09 20:07:16 - [MESSAGE][PASSED] - Modify property of object successfully

2018-06-09 20:07:16 - [TEST_STEP][PASSED] - Statement - batchsize = com.kms.katalon.core.webui.keyword.WebUiBuiltInKeywords.getNumberOfTotalOption(batchlength): 11 options of object '' counted

2018-06-09 20:07:16 - [MESSAGE][PASSED] - 11 options of object '' counted

2018-06-09 20:07:16 - [TEST_STEP][PASSED] - Statement - out.println("BatchSize : " + batchsize): null

2018-06-09 20:07:16 - [TEST_STEP][PASSED] - Statement - For ([n = 1, n <= batchsize - 1, (n++)]): null

2018-06-09 20:07:16 - [TEST_STEP][PASSED] - Statement - product = new com.kms.katalon.core.testobject.TestObject(): null

2018-06-09 20:07:16 - [TEST_STEP][PASSED] - Statement - product = com.kms.katalon.core.webui.keyword.WebUiBuiltInKeywords.modifyObjectProperty(product, "xpath", "equals", "//*[@id = "fldvendor" + row + ""]", true): Modify property of object successfully

2018-06-09 20:07:16 - [MESSAGE][PASSED] - Modify property of object successfully

2018-06-09 20:07:16 - [TEST_STEP][PASSED] - selectOptionByIndex: All options with index in [1] are selected on object ''

2018-06-09 20:07:17 - [MESSAGE][PASSED] - All options with index in [1] are selected on object ''

2018-06-09 20:07:17 - [TEST_STEP][PASSED] - delay: Delayed 2 second(s)

2018-06-09 20:07:19 - [MESSAGE][PASSED] - Delayed 2 second(s)

2018-06-09 20:07:19 - [TEST_STEP][PASSED] - Statement - batch = new com.kms.katalon.core.testobject.TestObject(): null

2018-06-09 20:07:19 - [TEST_STEP][PASSED] - Statement - batch = com.kms.katalon.core.webui.keyword.WebUiBuiltInKeywords.modifyObjectProperty(batch, "xpath", "equals", "//*[@id = "txtbthqty" + row + ""]", true): Modify property of object successfully

2018-06-09 20:07:19 - [MESSAGE][PASSED] - Modify property of object successfully

2018-06-09 20:07:19 - [TEST_STEP][PASSED] - Statement - batchqty = com.kms.katalon.core.webui.keyword.WebUiBuiltInKeywords.getAttribute(batch, "value").trim(): Attribute 'value' of object '' is: '48200'

2018-06-09 20:07:19 - [MESSAGE][PASSED] - Attribute 'value' of object '' is: '48200'

2018-06-09 20:07:19 - [TEST_STEP][PASSED] - Statement - Rqty = 100: null

2018-06-09 20:07:19 - [TEST_STEP][PASSED] - Statement - out.println("BatchQty : " + batchqty): null

2018-06-09 20:07:19 - [TEST_STEP][PASSED] - Statement - out.println("RQty : " + Rqty): null

2018-06-09 20:07:19 - [TEST_STEP][PASSED] - Statement - If (java.lang.Integer.valueOf(batchqty) >= java.lang.Integer.valueOf(Rqty)): null

2018-06-09 20:07:19 - [TEST_STEP][PASSED] - Statement - Break: null

2018-06-09 20:07:19 - [TEST_STEP][PASSED] - Statement - batchlength = new com.kms.katalon.core.testobject.TestObject(): null

2018-06-09 20:07:19 - [TEST_STEP][PASSED] - Statement - batchlength = com.kms.katalon.core.webui.keyword.WebUiBuiltInKeywords.modifyObjectProperty(batchlength, "xpath", "equals", "//*[@id = "fldvendor" + row + ""]", true): Modify property of object successfully

2018-06-09 20:07:19 - [MESSAGE][PASSED] - Modify property of object successfully

2018-06-09 20:07:19 - [TEST_STEP][PASSED] - Statement - batchsize = com.kms.katalon.core.webui.keyword.WebUiBuiltInKeywords.getNumberOfTotalOption(batchlength): 11 options of object '' counted

2018-06-09 20:07:19 - [MESSAGE][PASSED] - 11 options of object '' counted

2018-06-09 20:07:19 - [TEST_STEP][PASSED] - Statement - out.println("BatchSize : " + batchsize): null

2018-06-09 20:07:19 - [TEST_STEP][PASSED] - Statement - For ([n = 1, n <= batchsize - 1, (n++)]): null

2018-06-09 20:07:19 - [TEST_STEP][PASSED] - Statement - product = new com.kms.katalon.core.testobject.TestObject(): null

2018-06-09 20:07:19 - [TEST_STEP][PASSED] - Statement - product = com.kms.katalon.core.webui.keyword.WebUiBuiltInKeywords.modifyObjectProperty(product, "xpath", "equals", "//*[@id = "fldvendor" + row + ""]", true): Modify property of object successfully

2018-06-09 20:07:19 - [MESSAGE][PASSED] - Modify property of object successfully

2018-06-09 20:07:19 - [TEST_STEP][PASSED] - selectOptionByIndex: All options with index in [1] are selected on object ''

2018-06-09 20:07:19 - [MESSAGE][PASSED] - All options with index in [1] are selected on object ''

2018-06-09 20:07:19 - [TEST_STEP][PASSED] - delay: Delayed 2 second(s)

2018-06-09 20:07:21 - [MESSAGE][PASSED] - Delayed 2 second(s)

2018-06-09 20:07:21 - [TEST_STEP][PASSED] - Statement - batch = new com.kms.katalon.core.testobject.TestObject(): null

2018-06-09 20:07:21 - [TEST_STEP][PASSED] - Statement - batch = com.kms.katalon.core.webui.keyword.WebUiBuiltInKeywords.modifyObjectProperty(batch, "xpath", "equals", "//*[@id = "txtbthqty" + row + ""]", true): Modify property of object successfully

2018-06-09 20:07:21 - [MESSAGE][PASSED] - Modify property of object successfully

2018-06-09 20:07:21 - [TEST_STEP][PASSED] - Statement - batchqty = com.kms.katalon.core.webui.keyword.WebUiBuiltInKeywords.getAttribute(batch, "value").trim(): Attribute 'value' of object '' is: '36300'

2018-06-09 20:07:21 - [MESSAGE][PASSED] - Attribute 'value' of object '' is: '36300'

2018-06-09 20:07:21 - [TEST_STEP][PASSED] - Statement - Rqty = 100: null

2018-06-09 20:07:21 - [TEST_STEP][PASSED] - Statement - out.println("BatchQty : " + batchqty): null

2018-06-09 20:07:21 - [TEST_STEP][PASSED] - Statement - out.println("RQty : " + Rqty): null

2018-06-09 20:07:21 - [TEST_STEP][PASSED] - Statement - If (java.lang.Integer.valueOf(batchqty) >= java.lang.Integer.valueOf(Rqty)): null

2018-06-09 20:07:21 - [TEST_STEP][PASSED] - Statement - Break: null

2018-06-09 20:07:21 - [TEST_STEP][PASSED] - Statement - batchlength = new com.kms.katalon.core.testobject.TestObject(): null

2018-06-09 20:07:21 - [TEST_STEP][PASSED] - Statement - batchlength = com.kms.katalon.core.webui.keyword.WebUiBuiltInKeywords.modifyObjectProperty(batchlength, "xpath", "equals", "//*[@id = "fldvendor" + row + ""]", true): Modify property of object successfully

2018-06-09 20:07:21 - [MESSAGE][PASSED] - Modify property of object successfully

2018-06-09 20:07:21 - [TEST_STEP][PASSED] - Statement - batchsize = com.kms.katalon.core.webui.keyword.WebUiBuiltInKeywords.getNumberOfTotalOption(batchlength): 11 options of object '' counted

2018-06-09 20:07:21 - [MESSAGE][PASSED] - 11 options of object '' counted

2018-06-09 20:07:21 - [TEST_STEP][PASSED] - Statement - out.println("BatchSize : " + batchsize): null

2018-06-09 20:07:21 - [TEST_STEP][PASSED] - Statement - For ([n = 1, n <= batchsize - 1, (n++)]): null

2018-06-09 20:07:21 - [TEST_STEP][PASSED] - Statement - product = new com.kms.katalon.core.testobject.TestObject(): null

2018-06-09 20:07:21 - [TEST_STEP][PASSED] - Statement - product = com.kms.katalon.core.webui.keyword.WebUiBuiltInKeywords.modifyObjectProperty(product, "xpath", "equals", "//*[@id = "fldvendor" + row + ""]", true): Modify property of object successfully

2018-06-09 20:07:21 - [MESSAGE][PASSED] - Modify property of object successfully

2018-06-09 20:07:21 - [TEST_STEP][PASSED] - selectOptionByIndex: All options with index in [1] are selected on object ''

2018-06-09 20:07:21 - [MESSAGE][PASSED] - All options with index in [1] are selected on object ''

2018-06-09 20:07:21 - [TEST_STEP][PASSED] - delay: Delayed 2 second(s)

2018-06-09 20:07:23 - [MESSAGE][PASSED] - Delayed 2 second(s)

2018-06-09 20:07:23 - [TEST_STEP][PASSED] - Statement - batch = new com.kms.katalon.core.testobject.TestObject(): null

2018-06-09 20:07:23 - [TEST_STEP][PASSED] - Statement - batch = com.kms.katalon.core.webui.keyword.WebUiBuiltInKeywords.modifyObjectProperty(batch, "xpath", "equals", "//*[@id = "txtbthqty" + row + ""]", true): Modify property of object successfully

2018-06-09 20:07:23 - [MESSAGE][PASSED] - Modify property of object successfully

2018-06-09 20:07:23 - [TEST_STEP][PASSED] - Statement - batchqty = com.kms.katalon.core.webui.keyword.WebUiBuiltInKeywords.getAttribute(batch, "value").trim(): Attribute 'value' of object '' is: '48200'

2018-06-09 20:07:23 - [MESSAGE][PASSED] - Attribute 'value' of object '' is: '48200'

2018-06-09 20:07:23 - [TEST_STEP][PASSED] - Statement - Rqty = 100: null

2018-06-09 20:07:23 - [TEST_STEP][PASSED] - Statement - out.println("BatchQty : " + batchqty): null

2018-06-09 20:07:23 - [TEST_STEP][PASSED] - Statement - out.println("RQty : " + Rqty): null

2018-06-09 20:07:23 - [TEST_STEP][PASSED] - Statement - If (java.lang.Integer.valueOf(batchqty) >= java.lang.Integer.valueOf(Rqty)): null

2018-06-09 20:07:23 - [TEST_STEP][PASSED] - Statement - Break: null

2018-06-09 20:07:23 - [TEST_STEP][PASSED] - Statement - batchlength = new com.kms.katalon.core.testobject.TestObject(): null

2018-06-09 20:07:23 - [TEST_STEP][PASSED] - Statement - batchlength = com.kms.katalon.core.webui.keyword.WebUiBuiltInKeywords.modifyObjectProperty(batchlength, "xpath", "equals", "//*[@id = "fldvendor" + row + ""]", true): Modify property of object successfully

2018-06-09 20:07:23 - [MESSAGE][PASSED] - Modify property of object successfully

2018-06-09 20:07:23 - [TEST_STEP][PASSED] - Statement - batchsize = com.kms.katalon.core.webui.keyword.WebUiBuiltInKeywords.getNumberOfTotalOption(batchlength): 11 options of object '' counted

2018-06-09 20:07:23 - [MESSAGE][PASSED] - 11 options of object '' counted

2018-06-09 20:07:23 - [TEST_STEP][PASSED] - Statement - out.println("BatchSize : " + batchsize): null

2018-06-09 20:07:23 - [TEST_STEP][PASSED] - Statement - For ([n = 1, n <= batchsize - 1, (n++)]): null

2018-06-09 20:07:23 - [TEST_STEP][PASSED] - Statement - product = new com.kms.katalon.core.testobject.TestObject(): null

2018-06-09 20:07:23 - [TEST_STEP][PASSED] - Statement - product = com.kms.katalon.core.webui.keyword.WebUiBuiltInKeywords.modifyObjectProperty(product, "xpath", "equals", "//*[@id = "fldvendor" + row + ""]", true): Modify property of object successfully

2018-06-09 20:07:23 - [MESSAGE][PASSED] - Modify property of object successfully

2018-06-09 20:07:23 - [TEST_STEP][PASSED] - selectOptionByIndex: All options with index in [1] are selected on object ''

2018-06-09 20:07:23 - [MESSAGE][PASSED] - All options with index in [1] are selected on object ''

2018-06-09 20:07:23 - [TEST_STEP][PASSED] - delay: Delayed 2 second(s)

2018-06-09 20:07:25 - [MESSAGE][PASSED] - Delayed 2 second(s)

2018-06-09 20:07:25 - [TEST_STEP][PASSED] - Statement - batch = new com.kms.katalon.core.testobject.TestObject(): null

2018-06-09 20:07:25 - [TEST_STEP][PASSED] - Statement - batch = com.kms.katalon.core.webui.keyword.WebUiBuiltInKeywords.modifyObjectProperty(batch, "xpath", "equals", "//*[@id = "txtbthqty" + row + ""]", true): Modify property of object successfully

2018-06-09 20:07:25 - [MESSAGE][PASSED] - Modify property of object successfully

2018-06-09 20:07:25 - [TEST_STEP][PASSED] - Statement - batchqty = com.kms.katalon.core.webui.keyword.WebUiBuiltInKeywords.getAttribute(batch, "value").trim(): Attribute 'value' of object '' is: '36300'

2018-06-09 20:07:25 - [MESSAGE][PASSED] - Attribute 'value' of object '' is: '36300'

2018-06-09 20:07:25 - [TEST_STEP][PASSED] - Statement - Rqty = 100: null

2018-06-09 20:07:25 - [TEST_STEP][PASSED] - Statement - out.println("BatchQty : " + batchqty): null

2018-06-09 20:07:25 - [TEST_STEP][PASSED] - Statement - out.println("RQty : " + Rqty): null

2018-06-09 20:07:25 - [TEST_STEP][PASSED] - Statement - If (java.lang.Integer.valueOf(batchqty) >= java.lang.Integer.valueOf(Rqty)): null

2018-06-09 20:07:25 - [TEST_STEP][PASSED] - Statement - Break: null

2018-06-09 20:07:25 - [TEST_STEP][PASSED] - Statement - batchlength = new com.kms.katalon.core.testobject.TestObject(): null

2018-06-09 20:07:25 - [TEST_STEP][PASSED] - Statement - batchlength = com.kms.katalon.core.webui.keyword.WebUiBuiltInKeywords.modifyObjectProperty(batchlength, "xpath", "equals", "//*[@id = "fldvendor" + row + ""]", true): Modify property of object successfully

2018-06-09 20:07:25 - [MESSAGE][PASSED] - Modify property of object successfully

2018-06-09 20:07:25 - [TEST_STEP][PASSED] - Statement - batchsize = com.kms.katalon.core.webui.keyword.WebUiBuiltInKeywords.getNumberOfTotalOption(batchlength): 11 options of object '' counted

2018-06-09 20:07:25 - [MESSAGE][PASSED] - 11 options of object '' counted

2018-06-09 20:07:25 - [TEST_STEP][PASSED] - Statement - out.println("BatchSize : " + batchsize): null

2018-06-09 20:07:25 - [TEST_STEP][PASSED] - Statement - For ([n = 1, n <= batchsize - 1, (n++)]): null

2018-06-09 20:07:25 - [TEST_STEP][PASSED] - Statement - product = new com.kms.katalon.core.testobject.TestObject(): null

2018-06-09 20:07:25 - [TEST_STEP][PASSED] - Statement - product = com.kms.katalon.core.webui.keyword.WebUiBuiltInKeywords.modifyObjectProperty(product, "xpath", "equals", "//*[@id = "fldvendor" + row + ""]", true): Modify property of object successfully

2018-06-09 20:07:25 - [MESSAGE][PASSED] - Modify property of object successfully

2018-06-09 20:07:25 - [TEST_STEP][PASSED] - selectOptionByIndex: All options with index in [1] are selected on object ''

2018-06-09 20:07:26 - [MESSAGE][PASSED] - All options with index in [1] are selected on object ''

2018-06-09 20:07:26 - [TEST_STEP][PASSED] - delay: Delayed 2 second(s)

2018-06-09 20:07:28 - [MESSAGE][PASSED] - Delayed 2 second(s)

2018-06-09 20:07:28 - [TEST_STEP][PASSED] - Statement - batch = new com.kms.katalon.core.testobject.TestObject(): null

2018-06-09 20:07:28 - [TEST_STEP][PASSED] - Statement - batch = com.kms.katalon.core.webui.keyword.WebUiBuiltInKeywords.modifyObjectProperty(batch, "xpath", "equals", "//*[@id = "txtbthqty" + row + ""]", true): Modify property of object successfully

2018-06-09 20:07:28 - [MESSAGE][PASSED] - Modify property of object successfully

2018-06-09 20:07:28 - [TEST_STEP][PASSED] - Statement - batchqty = com.kms.katalon.core.webui.keyword.WebUiBuiltInKeywords.getAttribute(batch, "value").trim(): Attribute 'value' of object '' is: '47300'

2018-06-09 20:07:28 - [MESSAGE][PASSED] - Attribute 'value' of object '' is: '47300'

2018-06-09 20:07:28 - [TEST_STEP][PASSED] - Statement - Rqty = 100: null

2018-06-09 20:07:28 - [TEST_STEP][PASSED] - Statement - out.println("BatchQty : " + batchqty): null

2018-06-09 20:07:28 - [TEST_STEP][PASSED] - Statement - out.println("RQty : " + Rqty): null

2018-06-09 20:07:28 - [TEST_STEP][PASSED] - Statement - If (java.lang.Integer.valueOf(batchqty) >= java.lang.Integer.valueOf(Rqty)): null

2018-06-09 20:07:28 - [TEST_STEP][PASSED] - Statement - Break: null

2018-06-09 20:07:28 - [TEST_STEP][PASSED] - Statement - batchlength = new com.kms.katalon.core.testobject.TestObject(): null

2018-06-09 20:07:28 - [TEST_STEP][PASSED] - Statement - batchlength = com.kms.katalon.core.webui.keyword.WebUiBuiltInKeywords.modifyObjectProperty(batchlength, "xpath", "equals", "//*[@id = "fldvendor" + row + ""]", true): Modify property of object successfully

2018-06-09 20:07:28 - [MESSAGE][PASSED] - Modify property of object successfully

2018-06-09 20:07:28 - [TEST_STEP][PASSED] - Statement - batchsize = com.kms.katalon.core.webui.keyword.WebUiBuiltInKeywords.getNumberOfTotalOption(batchlength): 11 options of object '' counted

2018-06-09 20:07:28 - [MESSAGE][PASSED] - 11 options of object '' counted

2018-06-09 20:07:28 - [TEST_STEP][PASSED] - Statement - out.println("BatchSize : " + batchsize): null

2018-06-09 20:07:28 - [TEST_STEP][PASSED] - Statement - For ([n = 1, n <= batchsize - 1, (n++)]): null

2018-06-09 20:07:28 - [TEST_STEP][PASSED] - Statement - product = new com.kms.katalon.core.testobject.TestObject(): null

2018-06-09 20:07:28 - [TEST_STEP][PASSED] - Statement - product = com.kms.katalon.core.webui.keyword.WebUiBuiltInKeywords.modifyObjectProperty(product, "xpath", "equals", "//*[@id = "fldvendor" + row + ""]", true): Modify property of object successfully

2018-06-09 20:07:28 - [MESSAGE][PASSED] - Modify property of object successfully

2018-06-09 20:07:28 - [TEST_STEP][PASSED] - selectOptionByIndex: All options with index in [1] are selected on object ''

2018-06-09 20:07:28 - [MESSAGE][PASSED] - All options with index in [1] are selected on object ''

2018-06-09 20:07:28 - [TEST_STEP][PASSED] - delay: Delayed 2 second(s)

2018-06-09 20:07:30 - [MESSAGE][PASSED] - Delayed 2 second(s)

2018-06-09 20:07:30 - [TEST_STEP][PASSED] - Statement - batch = new com.kms.katalon.core.testobject.TestObject(): null

2018-06-09 20:07:30 - [TEST_STEP][PASSED] - Statement - batch = com.kms.katalon.core.webui.keyword.WebUiBuiltInKeywords.modifyObjectProperty(batch, "xpath", "equals", "//*[@id = "txtbthqty" + row + ""]", true): Modify property of object successfully

2018-06-09 20:07:30 - [MESSAGE][PASSED] - Modify property of object successfully

2018-06-09 20:07:30 - [TEST_STEP][PASSED] - Statement - batchqty = com.kms.katalon.core.webui.keyword.WebUiBuiltInKeywords.getAttribute(batch, "value").trim(): Attribute 'value' of object '' is: '47300'

2018-06-09 20:07:30 - [MESSAGE][PASSED] - Attribute 'value' of object '' is: '47300'

2018-06-09 20:07:30 - [TEST_STEP][PASSED] - Statement - Rqty = 100: null

2018-06-09 20:07:30 - [TEST_STEP][PASSED] - Statement - out.println("BatchQty : " + batchqty): null

2018-06-09 20:07:30 - [TEST_STEP][PASSED] - Statement - out.println("RQty : " + Rqty): null

2018-06-09 20:07:30 - [TEST_STEP][PASSED] - Statement - If (java.lang.Integer.valueOf(batchqty) >= java.lang.Integer.valueOf(Rqty)): null

2018-06-09 20:07:30 - [TEST_STEP][PASSED] - Statement - Break: null

2018-06-09 20:07:30 - [TEST_STEP][PASSED] - Statement - batchlength = new com.kms.katalon.core.testobject.TestObject(): null

2018-06-09 20:07:30 - [TEST_STEP][PASSED] - Statement - batchlength = com.kms.katalon.core.webui.keyword.WebUiBuiltInKeywords.modifyObjectProperty(batchlength, "xpath", "equals", "//*[@id = "fldvendor" + row + ""]", true): Modify property of object successfully

2018-06-09 20:07:30 - [MESSAGE][PASSED] - Modify property of object successfully

2018-06-09 20:07:30 - [TEST_STEP][PASSED] - Statement - batchsize = com.kms.katalon.core.webui.keyword.WebUiBuiltInKeywords.getNumberOfTotalOption(batchlength): 11 options of object '' counted

2018-06-09 20:07:30 - [MESSAGE][PASSED] - 11 options of object '' counted

2018-06-09 20:07:30 - [TEST_STEP][PASSED] - Statement - out.println("BatchSize : " + batchsize): null

2018-06-09 20:07:30 - [TEST_STEP][PASSED] - Statement - For ([n = 1, n <= batchsize - 1, (n++)]): null

2018-06-09 20:07:30 - [TEST_STEP][PASSED] - Statement - product = new com.kms.katalon.core.testobject.TestObject(): null

2018-06-09 20:07:30 - [TEST_STEP][PASSED] - Statement - product = com.kms.katalon.core.webui.keyword.WebUiBuiltInKeywords.modifyObjectProperty(product, "xpath", "equals", "//*[@id = "fldvendor" + row + ""]", true): Modify property of object successfully

2018-06-09 20:07:30 - [MESSAGE][PASSED] - Modify property of object successfully

2018-06-09 20:07:30 - [TEST_STEP][PASSED] - selectOptionByIndex: All options with index in [1] are selected on object ''

2018-06-09 20:07:30 - [MESSAGE][PASSED] - All options with index in [1] are selected on object ''

2018-06-09 20:07:30 - [TEST_STEP][PASSED] - delay: Delayed 2 second(s)

2018-06-09 20:07:32 - [MESSAGE][PASSED] - Delayed 2 second(s)

2018-06-09 20:07:32 - [TEST_STEP][PASSED] - Statement - batch = new com.kms.katalon.core.testobject.TestObject(): null

2018-06-09 20:07:32 - [TEST_STEP][PASSED] - Statement - batch = com.kms.katalon.core.webui.keyword.WebUiBuiltInKeywords.modifyObjectProperty(batch, "xpath", "equals", "//*[@id = "txtbthqty" + row + ""]", true): Modify property of object successfully

2018-06-09 20:07:32 - [MESSAGE][PASSED] - Modify property of object successfully

2018-06-09 20:07:32 - [TEST_STEP][PASSED] - Statement - batchqty = com.kms.katalon.core.webui.keyword.WebUiBuiltInKeywords.getAttribute(batch, "value").trim(): Attribute 'value' of object '' is: '48400'

2018-06-09 20:07:32 - [MESSAGE][PASSED] - Attribute 'value' of object '' is: '48400'

2018-06-09 20:07:32 - [TEST_STEP][PASSED] - Statement - Rqty = 100: null

2018-06-09 20:07:32 - [TEST_STEP][PASSED] - Statement - out.println("BatchQty : " + batchqty): null

2018-06-09 20:07:32 - [TEST_STEP][PASSED] - Statement - out.println("RQty : " + Rqty): null

2018-06-09 20:07:32 - [TEST_STEP][PASSED] - Statement - If (java.lang.Integer.valueOf(batchqty) >= java.lang.Integer.valueOf(Rqty)): null

2018-06-09 20:07:32 - [TEST_STEP][PASSED] - Statement - Break: null

2018-06-09 20:07:32 - [TEST_STEP][PASSED] - Statement - batchlength = new com.kms.katalon.core.testobject.TestObject(): null

2018-06-09 20:07:32 - [TEST_STEP][PASSED] - Statement - batchlength = com.kms.katalon.core.webui.keyword.WebUiBuiltInKeywords.modifyObjectProperty(batchlength, "xpath", "equals", "//*[@id = "fldvendor" + row + ""]", true): Modify property of object successfully

2018-06-09 20:07:32 - [MESSAGE][PASSED] - Modify property of object successfully

2018-06-09 20:07:32 - [TEST_STEP][PASSED] - Statement - batchsize = com.kms.katalon.core.webui.keyword.WebUiBuiltInKeywords.getNumberOfTotalOption(batchlength): 11 options of object '' counted

2018-06-09 20:07:32 - [MESSAGE][PASSED] - 11 options of object '' counted

2018-06-09 20:07:32 - [TEST_STEP][PASSED] - Statement - out.println("BatchSize : " + batchsize): null

2018-06-09 20:07:32 - [TEST_STEP][PASSED] - Statement - For ([n = 1, n <= batchsize - 1, (n++)]): null

2018-06-09 20:07:32 - [TEST_STEP][PASSED] - Statement - product = new com.kms.katalon.core.testobject.TestObject(): null

2018-06-09 20:07:32 - [TEST_STEP][PASSED] - Statement - product = com.kms.katalon.core.webui.keyword.WebUiBuiltInKeywords.modifyObjectProperty(product, "xpath", "equals", "//*[@id = "fldvendor" + row + ""]", true): Modify property of object successfully

2018-06-09 20:07:32 - [MESSAGE][PASSED] - Modify property of object successfully

2018-06-09 20:07:32 - [TEST_STEP][PASSED] - selectOptionByIndex: All options with index in [1] are selected on object ''

2018-06-09 20:07:32 - [MESSAGE][PASSED] - All options with index in [1] are selected on object ''

2018-06-09 20:07:32 - [TEST_STEP][PASSED] - delay: Delayed 2 second(s)

2018-06-09 20:07:34 - [MESSAGE][PASSED] - Delayed 2 second(s)

2018-06-09 20:07:34 - [TEST_STEP][PASSED] - Statement - batch = new com.kms.katalon.core.testobject.TestObject(): null

2018-06-09 20:07:34 - [TEST_STEP][PASSED] - Statement - batch = com.kms.katalon.core.webui.keyword.WebUiBuiltInKeywords.modifyObjectProperty(batch, "xpath", "equals", "//*[@id = "txtbthqty" + row + ""]", true): Modify property of object successfully

2018-06-09 20:07:34 - [MESSAGE][PASSED] - Modify property of object successfully

2018-06-09 20:07:34 - [TEST_STEP][PASSED] - Statement - batchqty = com.kms.katalon.core.webui.keyword.WebUiBuiltInKeywords.getAttribute(batch, "value").trim(): Attribute 'value' of object '' is: '37300'

2018-06-09 20:07:34 - [MESSAGE][PASSED] - Attribute 'value' of object '' is: '37300'

2018-06-09 20:07:34 - [TEST_STEP][PASSED] - Statement - Rqty = 100: null

2018-06-09 20:07:34 - [TEST_STEP][PASSED] - Statement - out.println("BatchQty : " + batchqty): null

2018-06-09 20:07:34 - [TEST_STEP][PASSED] - Statement - out.println("RQty : " + Rqty): null

2018-06-09 20:07:34 - [TEST_STEP][PASSED] - Statement - If (java.lang.Integer.valueOf(batchqty) >= java.lang.Integer.valueOf(Rqty)): null

2018-06-09 20:07:34 - [TEST_STEP][PASSED] - Statement - Break: null

2018-06-09 20:07:34 - [TEST_STEP][PASSED] - Statement - batchlength = new com.kms.katalon.core.testobject.TestObject(): null

2018-06-09 20:07:34 - [TEST_STEP][PASSED] - Statement - batchlength = com.kms.katalon.core.webui.keyword.WebUiBuiltInKeywords.modifyObjectProperty(batchlength, "xpath", "equals", "//*[@id = "fldvendor" + row + ""]", true): Modify property of object successfully

2018-06-09 20:07:34 - [MESSAGE][PASSED] - Modify property of object successfully

2018-06-09 20:07:34 - [TEST_STEP][PASSED] - Statement - batchsize = com.kms.katalon.core.webui.keyword.WebUiBuiltInKeywords.getNumberOfTotalOption(batchlength): 17 options of object '' counted

2018-06-09 20:07:34 - [MESSAGE][PASSED] - 17 options of object '' counted

2018-06-09 20:07:34 - [TEST_STEP][PASSED] - Statement - out.println("BatchSize : " + batchsize): null

2018-06-09 20:07:34 - [TEST_STEP][PASSED] - Statement - For ([n = 1, n <= batchsize - 1, (n++)]): null

2018-06-09 20:07:34 - [TEST_STEP][PASSED] - Statement - product = new com.kms.katalon.core.testobject.TestObject(): null

2018-06-09 20:07:34 - [TEST_STEP][PASSED] - Statement - product = com.kms.katalon.core.webui.keyword.WebUiBuiltInKeywords.modifyObjectProperty(product, "xpath", "equals", "//*[@id = "fldvendor" + row + ""]", true): Modify property of object successfully

2018-06-09 20:07:34 - [MESSAGE][PASSED] - Modify property of object successfully

2018-06-09 20:07:34 - [TEST_STEP][PASSED] - selectOptionByIndex: All options with index in [1] are selected on object ''

2018-06-09 20:07:34 - [MESSAGE][PASSED] - All options with index in [1] are selected on object ''

2018-06-09 20:07:34 - [TEST_STEP][PASSED] - delay: Delayed 2 second(s)

2018-06-09 20:07:36 - [MESSAGE][PASSED] - Delayed 2 second(s)

2018-06-09 20:07:36 - [TEST_STEP][PASSED] - Statement - batch = new com.kms.katalon.core.testobject.TestObject(): null

2018-06-09 20:07:36 - [TEST_STEP][PASSED] - Statement - batch = com.kms.katalon.core.webui.keyword.WebUiBuiltInKeywords.modifyObjectProperty(batch, "xpath", "equals", "//*[@id = "txtbthqty" + row + ""]", true): Modify property of object successfully

2018-06-09 20:07:36 - [MESSAGE][PASSED] - Modify property of object successfully

2018-06-09 20:07:36 - [TEST_STEP][PASSED] - Statement - batchqty = com.kms.katalon.core.webui.keyword.WebUiBuiltInKeywords.getAttribute(batch, "value").trim(): Attribute 'value' of object '' is: '25300'

2018-06-09 20:07:37 - [MESSAGE][PASSED] - Attribute 'value' of object '' is: '25300'

2018-06-09 20:07:37 - [TEST_STEP][PASSED] - Statement - Rqty = 100: null

2018-06-09 20:07:37 - [TEST_STEP][PASSED] - Statement - out.println("BatchQty : " + batchqty): null

2018-06-09 20:07:37 - [TEST_STEP][PASSED] - Statement - out.println("RQty : " + Rqty): null

2018-06-09 20:07:37 - [TEST_STEP][PASSED] - Statement - If (java.lang.Integer.valueOf(batchqty) >= java.lang.Integer.valueOf(Rqty)): null

2018-06-09 20:07:37 - [TEST_STEP][PASSED] - Statement - Break: null

2018-06-09 20:07:37 - [TEST_STEP][PASSED] - Statement - batchlength = new com.kms.katalon.core.testobject.TestObject(): null

2018-06-09 20:07:37 - [TEST_STEP][PASSED] - Statement - batchlength = com.kms.katalon.core.webui.keyword.WebUiBuiltInKeywords.modifyObjectProperty(batchlength, "xpath", "equals", "//*[@id = "fldvendor" + row + ""]", true): Modify property of object successfully

2018-06-09 20:07:37 - [MESSAGE][PASSED] - Modify property of object successfully

2018-06-09 20:07:37 - [TEST_STEP][PASSED] - Statement - batchsize = com.kms.katalon.core.webui.keyword.WebUiBuiltInKeywords.getNumberOfTotalOption(batchlength): 11 options of object '' counted

2018-06-09 20:07:37 - [MESSAGE][PASSED] - 11 options of object '' counted

2018-06-09 20:07:37 - [TEST_STEP][PASSED] - Statement - out.println("BatchSize : " + batchsize): null

2018-06-09 20:07:37 - [TEST_STEP][PASSED] - Statement - For ([n = 1, n <= batchsize - 1, (n++)]): null

2018-06-09 20:07:37 - [TEST_STEP][PASSED] - Statement - product = new com.kms.katalon.core.testobject.TestObject(): null

2018-06-09 20:07:37 - [TEST_STEP][PASSED] - Statement - product = com.kms.katalon.core.webui.keyword.WebUiBuiltInKeywords.modifyObjectProperty(product, "xpath", "equals", "//*[@id = "fldvendor" + row + ""]", true): Modify property of object successfully

2018-06-09 20:07:37 - [MESSAGE][PASSED] - Modify property of object successfully

2018-06-09 20:07:37 - [TEST_STEP][PASSED] - selectOptionByIndex: All options with index in [1] are selected on object ''

2018-06-09 20:07:37 - [MESSAGE][PASSED] - All options with index in [1] are selected on object ''

2018-06-09 20:07:37 - [TEST_STEP][PASSED] - delay: Delayed 2 second(s)

2018-06-09 20:07:39 - [MESSAGE][PASSED] - Delayed 2 second(s)

2018-06-09 20:07:39 - [TEST_STEP][PASSED] - Statement - batch = new com.kms.katalon.core.testobject.TestObject(): null

2018-06-09 20:07:39 - [TEST_STEP][PASSED] - Statement - batch = com.kms.katalon.core.webui.keyword.WebUiBuiltInKeywords.modifyObjectProperty(batch, "xpath", "equals", "//*[@id = "txtbthqty" + row + ""]", true): Modify property of object successfully

2018-06-09 20:07:39 - [MESSAGE][PASSED] - Modify property of object successfully

2018-06-09 20:07:39 - [TEST_STEP][PASSED] - Statement - batchqty = com.kms.katalon.core.webui.keyword.WebUiBuiltInKeywords.getAttribute(batch, "value").trim(): Attribute 'value' of object '' is: '47300'

2018-06-09 20:07:39 - [MESSAGE][PASSED] - Attribute 'value' of object '' is: '47300'

2018-06-09 20:07:39 - [TEST_STEP][PASSED] - Statement - Rqty = 100: null

2018-06-09 20:07:39 - [TEST_STEP][PASSED] - Statement - out.println("BatchQty : " + batchqty): null

2018-06-09 20:07:39 - [TEST_STEP][PASSED] - Statement - out.println("RQty : " + Rqty): null

2018-06-09 20:07:39 - [TEST_STEP][PASSED] - Statement - If (java.lang.Integer.valueOf(batchqty) >= java.lang.Integer.valueOf(Rqty)): null

2018-06-09 20:07:39 - [TEST_STEP][PASSED] - Statement - Break: null

2018-06-09 20:07:39 - [TEST_STEP][PASSED] - Statement - batchlength = new com.kms.katalon.core.testobject.TestObject(): null

2018-06-09 20:07:39 - [TEST_STEP][PASSED] - Statement - batchlength = com.kms.katalon.core.webui.keyword.WebUiBuiltInKeywords.modifyObjectProperty(batchlength, "xpath", "equals", "//*[@id = "fldvendor" + row + ""]", true): Modify property of object successfully

2018-06-09 20:07:39 - [MESSAGE][PASSED] - Modify property of object successfully

2018-06-09 20:07:39 - [TEST_STEP][PASSED] - Statement - batchsize = com.kms.katalon.core.webui.keyword.WebUiBuiltInKeywords.getNumberOfTotalOption(batchlength): 11 options of object '' counted

2018-06-09 20:07:39 - [MESSAGE][PASSED] - 11 options of object '' counted

2018-06-09 20:07:39 - [TEST_STEP][PASSED] - Statement - out.println("BatchSize : " + batchsize): null

2018-06-09 20:07:39 - [TEST_STEP][PASSED] - Statement - For ([n = 1, n <= batchsize - 1, (n++)]): null

2018-06-09 20:07:39 - [TEST_STEP][PASSED] - Statement - product = new com.kms.katalon.core.testobject.TestObject(): null

2018-06-09 20:07:39 - [TEST_STEP][PASSED] - Statement - product = com.kms.katalon.core.webui.keyword.WebUiBuiltInKeywords.modifyObjectProperty(product, "xpath", "equals", "//*[@id = "fldvendor" + row + ""]", true): Modify property of object successfully

2018-06-09 20:07:39 - [MESSAGE][PASSED] - Modify property of object successfully

2018-06-09 20:07:39 - [TEST_STEP][PASSED] - selectOptionByIndex: All options with index in [1] are selected on object ''

2018-06-09 20:07:39 - [MESSAGE][PASSED] - All options with index in [1] are selected on object ''

2018-06-09 20:07:39 - [TEST_STEP][PASSED] - delay: Delayed 2 second(s)

2018-06-09 20:07:41 - [MESSAGE][PASSED] - Delayed 2 second(s)

2018-06-09 20:07:41 - [TEST_STEP][PASSED] - Statement - batch = new com.kms.katalon.core.testobject.TestObject(): null

2018-06-09 20:07:41 - [TEST_STEP][PASSED] - Statement - batch = com.kms.katalon.core.webui.keyword.WebUiBuiltInKeywords.modifyObjectProperty(batch, "xpath", "equals", "//*[@id = "txtbthqty" + row + ""]", true): Modify property of object successfully

2018-06-09 20:07:41 - [MESSAGE][PASSED] - Modify property of object successfully

2018-06-09 20:07:41 - [TEST_STEP][PASSED] - Statement - batchqty = com.kms.katalon.core.webui.keyword.WebUiBuiltInKeywords.getAttribute(batch, "value").trim(): Attribute 'value' of object '' is: '48200'

2018-06-09 20:07:41 - [MESSAGE][PASSED] - Attribute 'value' of object '' is: '48200'

2018-06-09 20:07:41 - [TEST_STEP][PASSED] - Statement - Rqty = 100: null

2018-06-09 20:07:41 - [TEST_STEP][PASSED] - Statement - out.println("BatchQty : " + batchqty): null

2018-06-09 20:07:41 - [TEST_STEP][PASSED] - Statement - out.println("RQty : " + Rqty): null

2018-06-09 20:07:41 - [TEST_STEP][PASSED] - Statement - If (java.lang.Integer.valueOf(batchqty) >= java.lang.Integer.valueOf(Rqty)): null

2018-06-09 20:07:41 - [TEST_STEP][PASSED] - Statement - Break: null

2018-06-09 20:07:41 - [TEST_STEP][PASSED] - Statement - batchlength = new com.kms.katalon.core.testobject.TestObject(): null

2018-06-09 20:07:41 - [TEST_STEP][PASSED] - Statement - batchlength = com.kms.katalon.core.webui.keyword.WebUiBuiltInKeywords.modifyObjectProperty(batchlength, "xpath", "equals", "//*[@id = "fldvendor" + row + ""]", true): Modify property of object successfully

2018-06-09 20:07:41 - [MESSAGE][PASSED] - Modify property of object successfully

2018-06-09 20:07:41 - [TEST_STEP][PASSED] - Statement - batchsize = com.kms.katalon.core.webui.keyword.WebUiBuiltInKeywords.getNumberOfTotalOption(batchlength): 11 options of object '' counted

2018-06-09 20:07:41 - [MESSAGE][PASSED] - 11 options of object '' counted

2018-06-09 20:07:41 - [TEST_STEP][PASSED] - Statement - out.println("BatchSize : " + batchsize): null

2018-06-09 20:07:41 - [TEST_STEP][PASSED] - Statement - For ([n = 1, n <= batchsize - 1, (n++)]): null

2018-06-09 20:07:41 - [TEST_STEP][PASSED] - Statement - product = new com.kms.katalon.core.testobject.TestObject(): null

2018-06-09 20:07:41 - [TEST_STEP][PASSED] - Statement - product = com.kms.katalon.core.webui.keyword.WebUiBuiltInKeywords.modifyObjectProperty(product, "xpath", "equals", "//*[@id = "fldvendor" + row + ""]", true): Modify property of object successfully

2018-06-09 20:07:41 - [MESSAGE][PASSED] - Modify property of object successfully

2018-06-09 20:07:41 - [TEST_STEP][PASSED] - selectOptionByIndex: All options with index in [1] are selected on object ''

2018-06-09 20:07:41 - [MESSAGE][PASSED] - All options with index in [1] are selected on object ''

2018-06-09 20:07:41 - [TEST_STEP][PASSED] - delay: Delayed 2 second(s)

2018-06-09 20:07:43 - [MESSAGE][PASSED] - Delayed 2 second(s)

2018-06-09 20:07:43 - [TEST_STEP][PASSED] - Statement - batch = new com.kms.katalon.core.testobject.TestObject(): null

2018-06-09 20:07:43 - [TEST_STEP][PASSED] - Statement - batch = com.kms.katalon.core.webui.keyword.WebUiBuiltInKeywords.modifyObjectProperty(batch, "xpath", "equals", "//*[@id = "txtbthqty" + row + ""]", true): Modify property of object successfully

2018-06-09 20:07:43 - [MESSAGE][PASSED] - Modify property of object successfully

2018-06-09 20:07:43 - [TEST_STEP][PASSED] - Statement - batchqty = com.kms.katalon.core.webui.keyword.WebUiBuiltInKeywords.getAttribute(batch, "value").trim(): Attribute 'value' of object '' is: '37300'

2018-06-09 20:07:43 - [MESSAGE][PASSED] - Attribute 'value' of object '' is: '37300'

2018-06-09 20:07:43 - [TEST_STEP][PASSED] - Statement - Rqty = 100: null

2018-06-09 20:07:43 - [TEST_STEP][PASSED] - Statement - out.println("BatchQty : " + batchqty): null

2018-06-09 20:07:43 - [TEST_STEP][PASSED] - Statement - out.println("RQty : " + Rqty): null

2018-06-09 20:07:43 - [TEST_STEP][PASSED] - Statement - If (java.lang.Integer.valueOf(batchqty) >= java.lang.Integer.valueOf(Rqty)): null

2018-06-09 20:07:43 - [TEST_STEP][PASSED] - Statement - Break: null

2018-06-09 20:07:43 - [TEST_STEP][PASSED] - click: Object: 'Object Repository/store Request Schedule 1/Page_KDMC - CMS/input_btndispatch' is clicked on

2018-06-09 20:07:43 - [MESSAGE][PASSED] - Object: 'Object Repository/store Request Schedule 1/Page_KDMC - CMS/input_btndispatch' is clicked on

2018-06-09 20:07:43 - [TEST_STEP][PASSED] - waitForElementVisible: Object 'Object Repository/store Request Schedule 1/Page_KDMC - CMS/button_OK' is visible

2018-06-09 20:07:44 - [MESSAGE][PASSED] - Object 'Object Repository/store Request Schedule 1/Page_KDMC - CMS/button_OK' is visible

2018-06-09 20:07:44 - [TEST_STEP][PASSED] - click: Object: 'Object Repository/store Request Schedule 1/Page_KDMC - CMS/button_OK' is clicked on

2018-06-09 20:07:45 - [MESSAGE][PASSED] - Object: 'Object Repository/store Request Schedule 1/Page_KDMC - CMS/button_OK' is clicked on

2018-06-09 20:07:45 - [TEST_STEP][PASSED] - delay: Delayed 3 second(s)

2018-06-09 20:07:48 - [MESSAGE][PASSED] - Delayed 3 second(s)

2018-06-09 20:07:48 - [TEST_STEP][PASSED] - click: Object: 'Object Repository/store Request Schedule 1/Page_KDMC - CMS/a_dropdown-toggle' is clicked on

2018-06-09 20:07:48 - [MESSAGE][PASSED] - Object: 'Object Repository/store Request Schedule 1/Page_KDMC - CMS/a_dropdown-toggle' is clicked on

2018-06-09 20:07:48 - [TEST_STEP][PASSED] - click: Object: 'Object Repository/store Request Schedule 1/Page_KDMC - CMS/a_Sign out' is clicked on

2018-06-09 20:07:48 - [MESSAGE][PASSED] - Object: 'Object Repository/store Request Schedule 1/Page_KDMC - CMS/a_Sign out' is clicked on

2018-06-09 20:07:48 - [TEST_STEP][PASSED] - delay: Delayed 3 second(s)

2018-06-09 20:07:51 - [MESSAGE][PASSED] - Delayed 3 second(s)

2018-06-09 20:07:51 - [TEST_STEP][PASSED] - click: Object: 'Object Repository/Store Request Schedule 1/Page_KDMC/a_Divisional Store' is clicked on

2018-06-09 20:07:52 - [MESSAGE][PASSED] - Object: 'Object Repository/Store Request Schedule 1/Page_KDMC/a_Divisional Store' is clicked on

2018-06-09 20:07:52 - [TEST_STEP][PASSED] - setText: Text 'ragu' is set on object 'Object Repository/Store Request Schedule 1/Page_Divisonal Store Login/input_txtusername'

2018-06-09 20:07:52 - [MESSAGE][PASSED] - Text 'ragu' is set on object 'Object Repository/Store Request Schedule 1/Page_Divisonal Store Login/input_txtusername'

2018-06-09 20:07:52 - [TEST_STEP][PASSED] - setText: Text '123' is set on object 'Object Repository/Store Request Schedule 1/Page_Divisonal Store Login/input_txtpassword'

2018-06-09 20:07:52 - [MESSAGE][PASSED] - Text '123' is set on object 'Object Repository/Store Request Schedule 1/Page_Divisonal Store Login/input_txtpassword'

2018-06-09 20:07:52 - [TEST_STEP][PASSED] - delay: Delayed 3 second(s)

2018-06-09 20:07:55 - [MESSAGE][PASSED] - Delayed 3 second(s)

2018-06-09 20:07:55 - [TEST_STEP][PASSED] - click: Object: 'Object Repository/Store Request Schedule 1/Page_Divisonal Store Login/button_Sign in' is clicked on

2018-06-09 20:07:56 - [MESSAGE][PASSED] - Object: 'Object Repository/Store Request Schedule 1/Page_Divisonal Store Login/button_Sign in' is clicked on

2018-06-09 20:07:56 - [TEST_STEP][PASSED] - delay: Delayed 3 second(s)

2018-06-09 20:07:59 - [MESSAGE][PASSED] - Delayed 3 second(s)

2018-06-09 20:07:59 - [TEST_STEP][PASSED] - click: Object: 'Object Repository/Store Request Schedule 1/Page_Store/a_CMS' is clicked on

2018-06-09 20:07:59 - [MESSAGE][PASSED] - Object: 'Object Repository/Store Request Schedule 1/Page_Store/a_CMS' is clicked on

2018-06-09 20:07:59 - [TEST_STEP][PASSED] - delay: Delayed 2 second(s)

2018-06-09 20:08:01 - [MESSAGE][PASSED] - Delayed 2 second(s)

2018-06-09 20:08:01 - [TEST_STEP][PASSED] - click: Object: 'Object Repository/Store Request Schedule 1/Page_Store/a_Receiving Goods' is clicked on

2018-06-09 20:08:02 - [MESSAGE][PASSED] - Object: 'Object Repository/Store Request Schedule 1/Page_Store/a_Receiving Goods' is clicked on

2018-06-09 20:08:02 - [TEST_STEP][PASSED] - setText: Text 'PRNO/09062018/725' is set on object 'Object Repository/Store Request Schedule 1/Page_Store/input'

2018-06-09 20:08:03 - [MESSAGE][PASSED] - Text 'PRNO/09062018/725' is set on object 'Object Repository/Store Request Schedule 1/Page_Store/input'

2018-06-09 20:08:03 - [TEST_STEP][PASSED] - click: Object: 'Object Repository/Store Request Schedule 1/Page_Store/input_btn btn-primary' is clicked on

2018-06-09 20:08:03 - [MESSAGE][PASSED] - Object: 'Object Repository/Store Request Schedule 1/Page_Store/input_btn btn-primary' is clicked on

2018-06-09 20:08:03 - [TEST_STEP][PASSED] - delay: Delayed 2 second(s)

2018-06-09 20:08:05 - [MESSAGE][PASSED] - Delayed 2 second(s)

2018-06-09 20:08:05 - [TEST_STEP][PASSED] - click: Object: 'Object Repository/Store Request Schedule 1/Page_Store/input_chkrem' is clicked on

2018-06-09 20:08:05 - [MESSAGE][PASSED] - Object: 'Object Repository/Store Request Schedule 1/Page_Store/input_chkrem' is clicked on

2018-06-09 20:08:05 - [TEST_STEP][PASSED] - scrollToElement: Scroll to object 'Object Repository/Store Request Schedule 1/Page_Store/input_btchkroqadd' successfully

2018-06-09 20:08:05 - [MESSAGE][PASSED] - Scroll to object 'Object Repository/Store Request Schedule 1/Page_Store/input_btchkroqadd' successfully

2018-06-09 20:08:05 - [TEST_STEP][PASSED] - click: Object: 'Object Repository/Store Request Schedule 1/Page_Store/input_btchkroqadd' is clicked on

2018-06-09 20:08:05 - [MESSAGE][PASSED] - Object: 'Object Repository/Store Request Schedule 1/Page_Store/input_btchkroqadd' is clicked on

2018-06-09 20:08:05 - [TEST_STEP][PASSED] - delay: Delayed 2 second(s)

2018-06-09 20:08:07 - [MESSAGE][PASSED] - Delayed 2 second(s)

2018-06-09 20:08:07 - [TEST_STEP][PASSED] - refresh: Refresh successfully

2018-06-09 20:08:08 - [MESSAGE][PASSED] - Refresh successfully

2018-06-09 20:08:08 - [TEST_STEP][PASSED] - delay: Delayed 3 second(s)

2018-06-09 20:08:11 - [MESSAGE][PASSED] - Delayed 3 second(s)

2018-06-09 20:08:11 - [TEST_STEP][PASSED] - click: Object: 'Object Repository/Store Request Schedule 1/Page_Store/a_dropdown-toggle' is clicked on

2018-06-09 20:08:11 - [MESSAGE][PASSED] - Object: 'Object Repository/Store Request Schedule 1/Page_Store/a_dropdown-toggle' is clicked on

2018-06-09 20:08:11 - [TEST_STEP][PASSED] - click: Object: 'Object Repository/Store Request Schedule 1/Page_Store/a_Sign out' is clicked on

2018-06-09 20:08:11 - [MESSAGE][PASSED] - Object: 'Object Repository/Store Request Schedule 1/Page_Store/a_Sign out' is clicked on

2018-06-09 20:08:11 - [TEST_STEP][PASSED] - closeBrowser: Browser is closed

2018-06-09 20:08:12 - [MESSAGE][PASSED] - Browser is closed

2018-06-09 20:08:12 - [TEST_STEP][PASSED] - Statement - out.println("Schedule 12 STORE Request Are Working Successfully"): null]]></system-out>
         <system-err><![CDATA[]]></system-err>
      </testcase>
      <system-out><![CDATA[2018-06-09 19:25:55 - [TEST_SUITE][FAILED] - Store_Suit: Test Cases/STORE TO CMS REQUEST TEST CASES/TC_STCMS_001 To Verify Schedule 1 Store To CMS Request Are Working Successfully Or Not FAILED because (of) Unable to click on object 'Object Repository/Store Request Schedule 1/Page_Divisonal Store Login/button_Sign in' (Root cause: org.openqa.selenium.WebDriverException: unknown error: Element <button type="submit" id="btnSubmit" style="color: #ffffff;" class="btn bg-blue btn-block">...</button> is not clickable at point (791, 568). Other element would receive the click: <div style="position: absolute; display: block; width: auto; height: auto; padding: 0px; margin: 0px; text-align: left; border: none; border-radius: 0px; z-index: 2147483646; font-size: 0px; left: 631.5px; top: 493px;">...</div>
  (Session info: chrome=66.0.3359.181)
  (Driver info: chromedriver=2.35.528161 (5b82f2d2aae0ca24b877009200ced9065a772e73),platform=Windows NT 10.0.17134 x86_64) (WARNING: The server did not provide any stacktrace information)
Command duration or timeout: 0 milliseconds
Build info: version: '3.7.1', revision: '8a0099a', time: '2017-11-06T21:07:36.161Z'
System info: host: 'DESKTOP-BLFTK83', ip: '169.254.189.85', os.name: 'Windows 10', os.arch: 'amd64', os.version: '10.0', java.version: '1.8.0_102'
Driver info: com.kms.katalon.selenium.driver.CChromeDriver
Capabilities {acceptInsecureCerts: false, acceptSslCerts: false, applicationCacheEnabled: false, browserConnectionEnabled: false, browserName: chrome, chrome: {chromedriverVersion: 2.35.528161 (5b82f2d2aae0ca..., userDataDir: C:\Users\QUALIT~1\AppData\L...}, cssSelectorsEnabled: true, databaseEnabled: false, handlesAlerts: true, hasTouchScreen: false, javascriptEnabled: true, locationContextEnabled: true, mobileEmulationEnabled: false, nativeEvents: true, networkConnectionEnabled: false, pageLoadStrategy: normal, platform: XP, platformName: XP, rotatable: false, setWindowRect: true, takesHeapSnapshot: true, takesScreenshot: true, unexpectedAlertBehaviour: , unhandledPromptBehavior: , version: 66.0.3359.181, webStorageEnabled: true}
Session ID: d935e1553196b19126a9954a57e66e3a)]]></system-out>
      <system-err><![CDATA[2018-06-09 19:25:55 - [TEST_SUITE][FAILED] - Store_Suit: Test Cases/STORE TO CMS REQUEST TEST CASES/TC_STCMS_001 To Verify Schedule 1 Store To CMS Request Are Working Successfully Or Not FAILED because (of) Unable to click on object 'Object Repository/Store Request Schedule 1/Page_Divisonal Store Login/button_Sign in' (Root cause: org.openqa.selenium.WebDriverException: unknown error: Element <button type="submit" id="btnSubmit" style="color: #ffffff;" class="btn bg-blue btn-block">...</button> is not clickable at point (791, 568). Other element would receive the click: <div style="position: absolute; display: block; width: auto; height: auto; padding: 0px; margin: 0px; text-align: left; border: none; border-radius: 0px; z-index: 2147483646; font-size: 0px; left: 631.5px; top: 493px;">...</div>
  (Session info: chrome=66.0.3359.181)
  (Driver info: chromedriver=2.35.528161 (5b82f2d2aae0ca24b877009200ced9065a772e73),platform=Windows NT 10.0.17134 x86_64) (WARNING: The server did not provide any stacktrace information)
Command duration or timeout: 0 milliseconds
Build info: version: '3.7.1', revision: '8a0099a', time: '2017-11-06T21:07:36.161Z'
System info: host: 'DESKTOP-BLFTK83', ip: '169.254.189.85', os.name: 'Windows 10', os.arch: 'amd64', os.version: '10.0', java.version: '1.8.0_102'
Driver info: com.kms.katalon.selenium.driver.CChromeDriver
Capabilities {acceptInsecureCerts: false, acceptSslCerts: false, applicationCacheEnabled: false, browserConnectionEnabled: false, browserName: chrome, chrome: {chromedriverVersion: 2.35.528161 (5b82f2d2aae0ca..., userDataDir: C:\Users\QUALIT~1\AppData\L...}, cssSelectorsEnabled: true, databaseEnabled: false, handlesAlerts: true, hasTouchScreen: false, javascriptEnabled: true, locationContextEnabled: true, mobileEmulationEnabled: false, nativeEvents: true, networkConnectionEnabled: false, pageLoadStrategy: normal, platform: XP, platformName: XP, rotatable: false, setWindowRect: true, takesHeapSnapshot: true, takesScreenshot: true, unexpectedAlertBehaviour: , unhandledPromptBehavior: , version: 66.0.3359.181, webStorageEnabled: true}
Session ID: d935e1553196b19126a9954a57e66e3a)]]></system-err>
   </testsuite>
</testsuites>
