<?xml version="1.0" encoding="UTF-8"?>
<testsuites name="Dispensary_Store_Suite" time="1401" tests="3" failures="9" errors="0">
   <testsuite name="Dispensary_Store_Suite" tests="3" failures="9" errors="0" time="1401" timestamp="2018-05-22 10:49:16" hostname="Quality Analyst - DESKTOP-BLFTK83" id="Test Suites/Dispensary_Store_Suite">
      <properties>
         <property name="deviceName" value=""/>
         <property name="devicePlatform" value=""/>
         <property name="logFolder" value="C:\\Users\\Quality Analyst\\Katalon Studio\\ds\\Reports\\Dispensary_Store_Suite\\20180522_104904"/>
         <property name="logFiles" value="C:\\Users\\Quality Analyst\\Katalon Studio\\ds\\Reports\\Dispensary_Store_Suite\\20180522_104904\\execution0.log"/>
         <property name="attachments" value="C:\\Users\\Quality Analyst\\Katalon Studio\\ds\\Reports\\Dispensary_Store_Suite\\20180522_104904\\1526967025355.png, C:\\Users\\Quality Analyst\\Katalon Studio\\ds\\Reports\\Dispensary_Store_Suite\\20180522_104904\\1526967039532.png, C:\\Users\\Quality Analyst\\Katalon Studio\\ds\\Reports\\Dispensary_Store_Suite\\20180522_104904\\1526967330133.png, C:\\Users\\Quality Analyst\\Katalon Studio\\ds\\Reports\\Dispensary_Store_Suite\\20180522_104904\\1526967485823.png, C:\\Users\\Quality Analyst\\Katalon Studio\\ds\\Reports\\Dispensary_Store_Suite\\20180522_104904\\1526967531337.png, C:\\Users\\Quality Analyst\\Katalon Studio\\ds\\Reports\\Dispensary_Store_Suite\\20180522_104904\\1526967576356.png, C:\\Users\\Quality Analyst\\Katalon Studio\\ds\\Reports\\Dispensary_Store_Suite\\20180522_104904\\1526967621609.png, C:\\Users\\Quality Analyst\\Katalon Studio\\ds\\Reports\\Dispensary_Store_Suite\\20180522_104904\\1526967666637.png, C:\\Users\\Quality Analyst\\Katalon Studio\\ds\\Reports\\Dispensary_Store_Suite\\20180522_104904\\1526967711942.png, C:\\Users\\Quality Analyst\\Katalon Studio\\ds\\Reports\\Dispensary_Store_Suite\\20180522_104904\\1526967757268.png"/>
         <property name="hostName" value="Quality Analyst - DESKTOP-BLFTK83"/>
         <property name="os" value="Windows 10 64bit"/>
         <property name="katalonVersion" value="5.4.1.1"/>
         <property name="browser" value="Chrome 66.0.3359.181"/>
         <property name="hostAddress" value="169.254.189.85"/>
         <property name="sessionId" value="55a62d908f377562fde6c1d7e260712f"/>
         <property name="seleniumVersion" value="3.7.1"/>
         <property name="proxyInformation" value="ProxyInformation{proxyOption=NO_PROXY, proxyServerType=HTTP, password=, proxyServerAddress=, proxyServerPort=0}"/>
         <property name="platform" value="Windows 10"/>
      </properties>
      <testcase name="Test Cases/DISPENSARY TEST CASES/TC_DP_001 Verify Schedule 1 Dispensary Request Are Working Successfully Or Not" classname="Test Cases/DISPENSARY TEST CASES/TC_DP_001 Verify Schedule 1 Dispensary Request Are Working Successfully Or Not" status="PASSED">
         <system-out><![CDATA[2018-05-22 10:49:17 - [TEST_CASE][PASSED] - Test Cases/DISPENSARY TEST CASES/TC_DP_001 Verify Schedule 1 Dispensary Request Are Working Successfully Or Not: Test Cases/DISPENSARY TEST CASES/TC_DP_001 Verify Schedule 1 Dispensary Request Are Working Successfully Or Not

2018-05-22 10:49:17 - [TEST_STEP][PASSED] - openBrowser: Browser is opened with url: ''

2018-05-22 10:49:20 - [MESSAGE][PASSED] - Browser is opened with url: ''

2018-05-22 10:49:20 - [TEST_STEP][PASSED] - navigateToUrl: Navigate to 'http://192.168.137.1/multihospital_new/HDSplashscreen.aspx' successfully

2018-05-22 10:49:22 - [MESSAGE][PASSED] - Navigate to 'http://192.168.137.1/multihospital_new/HDSplashscreen.aspx' successfully

2018-05-22 10:49:22 - [TEST_STEP][PASSED] - maximizeWindow: Current window maximized

2018-05-22 10:49:23 - [MESSAGE][PASSED] - Current window maximized

2018-05-22 10:49:23 - [TEST_STEP][PASSED] - click: Object: 'Object Repository/DispensaryToStore/Page_KDMC/a_Dispensary Store' is clicked on

2018-05-22 10:49:25 - [MESSAGE][PASSED] - Object: 'Object Repository/DispensaryToStore/Page_KDMC/a_Dispensary Store' is clicked on

2018-05-22 10:49:25 - [TEST_STEP][PASSED] - setText: Text 'rajaram' is set on object 'Object Repository/DispensaryToStore/Page_Dispensary Store Login/input_txtusername'

2018-05-22 10:49:25 - [MESSAGE][PASSED] - Text 'rajaram' is set on object 'Object Repository/DispensaryToStore/Page_Dispensary Store Login/input_txtusername'

2018-05-22 10:49:25 - [TEST_STEP][PASSED] - setText: Text '123' is set on object 'Object Repository/DispensaryToStore/Page_Dispensary Store Login/input_txtpassword'

2018-05-22 10:49:26 - [MESSAGE][PASSED] - Text '123' is set on object 'Object Repository/DispensaryToStore/Page_Dispensary Store Login/input_txtpassword'

2018-05-22 10:49:26 - [TEST_STEP][PASSED] - delay: Delayed 3 second(s)

2018-05-22 10:49:29 - [MESSAGE][PASSED] - Delayed 3 second(s)

2018-05-22 10:49:29 - [TEST_STEP][PASSED] - sendKeys: Keys 'ENTER + ' sent to object: 'Object Repository/DispensaryToStore/Page_Dispensary Store Login/input_txtpassword'

2018-05-22 10:49:30 - [MESSAGE][PASSED] - Keys 'ENTER + ' sent to object: 'Object Repository/DispensaryToStore/Page_Dispensary Store Login/input_txtpassword'

2018-05-22 10:49:30 - [TEST_STEP][PASSED] - delay: Delayed 3 second(s)

2018-05-22 10:49:33 - [MESSAGE][PASSED] - Delayed 3 second(s)

2018-05-22 10:49:33 - [TEST_STEP][PASSED] - doubleClick: Object: 'Object Repository/DispensaryToStore/Page_Dispensary Store/a_Request to Store' is double clicked on

2018-05-22 10:49:33 - [MESSAGE][PASSED] - Object: 'Object Repository/DispensaryToStore/Page_Dispensary Store/a_Request to Store' is double clicked on

2018-05-22 10:49:33 - [TEST_STEP][PASSED] - doubleClick: Object: 'Object Repository/DispensaryToStore/Page_Dispensary Store/a_Medicine Request' is double clicked on

2018-05-22 10:49:34 - [MESSAGE][PASSED] - Object: 'Object Repository/DispensaryToStore/Page_Dispensary Store/a_Medicine Request' is double clicked on

2018-05-22 10:49:34 - [TEST_STEP][PASSED] - selectOptionByIndex: All options with index in [1] are selected on object 'Object Repository/DispensaryToStore/Page_Dispensary Store/select_--Select--Schedule 1Inj'

2018-05-22 10:49:34 - [MESSAGE][PASSED] - All options with index in [1] are selected on object 'Object Repository/DispensaryToStore/Page_Dispensary Store/select_--Select--Schedule 1Inj'

2018-05-22 10:49:34 - [TEST_STEP][PASSED] - Statement - medicineslength = com.kms.katalon.core.webui.keyword.WebUiBuiltInKeywords.getNumberOfTotalOption(com.kms.katalon.core.testobject.ObjectRepository.findTestObject(DispensaryToStore/Page_Dispensary Store/select_--Select--Adernaline 0.)): 63 options of object 'Object Repository/DispensaryToStore/Page_Dispensary Store/select_--Select--Adernaline 0.' counted

2018-05-22 10:49:34 - [MESSAGE][PASSED] - 63 options of object 'Object Repository/DispensaryToStore/Page_Dispensary Store/select_--Select--Adernaline 0.' counted

2018-05-22 10:49:34 - [TEST_STEP][PASSED] - Statement - For ([e = 1, e <= medicineslength - 1, (e++)]): Object: 'Object Repository/DispensaryToStore/Page_Dispensary Store/button_Add' is double clicked on

2018-05-22 10:49:34 - [TEST_STEP][PASSED] - selectOptionByIndex: All options with index in [1] are selected on object 'Object Repository/DispensaryToStore/Page_Dispensary Store/select_--Select--Schedule 1Inj'

2018-05-22 10:49:34 - [MESSAGE][PASSED] - All options with index in [1] are selected on object 'Object Repository/DispensaryToStore/Page_Dispensary Store/select_--Select--Schedule 1Inj'

2018-05-22 10:49:34 - [TEST_STEP][PASSED] - selectOptionByIndex: All options with index in [1] are selected on object 'Object Repository/DispensaryToStore/Page_Dispensary Store/select_--Select--Adernaline 0.'

2018-05-22 10:49:35 - [MESSAGE][PASSED] - All options with index in [1] are selected on object 'Object Repository/DispensaryToStore/Page_Dispensary Store/select_--Select--Adernaline 0.'

2018-05-22 10:49:35 - [TEST_STEP][PASSED] - setText: Text '10' is set on object 'Object Repository/DispensaryToStore/Page_Dispensary Store/input_txttreat'

2018-05-22 10:49:35 - [MESSAGE][PASSED] - Text '10' is set on object 'Object Repository/DispensaryToStore/Page_Dispensary Store/input_txttreat'

2018-05-22 10:49:35 - [TEST_STEP][PASSED] - doubleClick: Object: 'Object Repository/DispensaryToStore/Page_Dispensary Store/button_Add' is double clicked on

2018-05-22 10:49:35 - [MESSAGE][PASSED] - Object: 'Object Repository/DispensaryToStore/Page_Dispensary Store/button_Add' is double clicked on

2018-05-22 10:49:35 - [TEST_STEP][PASSED] - selectOptionByIndex: All options with index in [1] are selected on object 'Object Repository/DispensaryToStore/Page_Dispensary Store/select_--Select--Schedule 1Inj'

2018-05-22 10:49:35 - [MESSAGE][PASSED] - All options with index in [1] are selected on object 'Object Repository/DispensaryToStore/Page_Dispensary Store/select_--Select--Schedule 1Inj'

2018-05-22 10:49:35 - [TEST_STEP][PASSED] - selectOptionByIndex: All options with index in [2] are selected on object 'Object Repository/DispensaryToStore/Page_Dispensary Store/select_--Select--Adernaline 0.'

2018-05-22 10:49:35 - [MESSAGE][PASSED] - All options with index in [2] are selected on object 'Object Repository/DispensaryToStore/Page_Dispensary Store/select_--Select--Adernaline 0.'

2018-05-22 10:49:35 - [TEST_STEP][PASSED] - setText: Text '10' is set on object 'Object Repository/DispensaryToStore/Page_Dispensary Store/input_txttreat'

2018-05-22 10:49:35 - [MESSAGE][PASSED] - Text '10' is set on object 'Object Repository/DispensaryToStore/Page_Dispensary Store/input_txttreat'

2018-05-22 10:49:35 - [TEST_STEP][PASSED] - doubleClick: Object: 'Object Repository/DispensaryToStore/Page_Dispensary Store/button_Add' is double clicked on

2018-05-22 10:49:35 - [MESSAGE][PASSED] - Object: 'Object Repository/DispensaryToStore/Page_Dispensary Store/button_Add' is double clicked on

2018-05-22 10:49:35 - [TEST_STEP][PASSED] - selectOptionByIndex: All options with index in [1] are selected on object 'Object Repository/DispensaryToStore/Page_Dispensary Store/select_--Select--Schedule 1Inj'

2018-05-22 10:49:36 - [MESSAGE][PASSED] - All options with index in [1] are selected on object 'Object Repository/DispensaryToStore/Page_Dispensary Store/select_--Select--Schedule 1Inj'

2018-05-22 10:49:36 - [TEST_STEP][PASSED] - selectOptionByIndex: All options with index in [3] are selected on object 'Object Repository/DispensaryToStore/Page_Dispensary Store/select_--Select--Adernaline 0.'

2018-05-22 10:49:36 - [MESSAGE][PASSED] - All options with index in [3] are selected on object 'Object Repository/DispensaryToStore/Page_Dispensary Store/select_--Select--Adernaline 0.'

2018-05-22 10:49:36 - [TEST_STEP][PASSED] - setText: Text '10' is set on object 'Object Repository/DispensaryToStore/Page_Dispensary Store/input_txttreat'

2018-05-22 10:49:36 - [MESSAGE][PASSED] - Text '10' is set on object 'Object Repository/DispensaryToStore/Page_Dispensary Store/input_txttreat'

2018-05-22 10:49:36 - [TEST_STEP][PASSED] - doubleClick: Object: 'Object Repository/DispensaryToStore/Page_Dispensary Store/button_Add' is double clicked on

2018-05-22 10:49:36 - [MESSAGE][PASSED] - Object: 'Object Repository/DispensaryToStore/Page_Dispensary Store/button_Add' is double clicked on

2018-05-22 10:49:36 - [TEST_STEP][PASSED] - selectOptionByIndex: All options with index in [1] are selected on object 'Object Repository/DispensaryToStore/Page_Dispensary Store/select_--Select--Schedule 1Inj'

2018-05-22 10:49:36 - [MESSAGE][PASSED] - All options with index in [1] are selected on object 'Object Repository/DispensaryToStore/Page_Dispensary Store/select_--Select--Schedule 1Inj'

2018-05-22 10:49:36 - [TEST_STEP][PASSED] - selectOptionByIndex: All options with index in [4] are selected on object 'Object Repository/DispensaryToStore/Page_Dispensary Store/select_--Select--Adernaline 0.'

2018-05-22 10:49:36 - [MESSAGE][PASSED] - All options with index in [4] are selected on object 'Object Repository/DispensaryToStore/Page_Dispensary Store/select_--Select--Adernaline 0.'

2018-05-22 10:49:36 - [TEST_STEP][PASSED] - setText: Text '10' is set on object 'Object Repository/DispensaryToStore/Page_Dispensary Store/input_txttreat'

2018-05-22 10:49:36 - [MESSAGE][PASSED] - Text '10' is set on object 'Object Repository/DispensaryToStore/Page_Dispensary Store/input_txttreat'

2018-05-22 10:49:36 - [TEST_STEP][PASSED] - doubleClick: Object: 'Object Repository/DispensaryToStore/Page_Dispensary Store/button_Add' is double clicked on

2018-05-22 10:49:36 - [MESSAGE][PASSED] - Object: 'Object Repository/DispensaryToStore/Page_Dispensary Store/button_Add' is double clicked on

2018-05-22 10:49:36 - [TEST_STEP][PASSED] - selectOptionByIndex: All options with index in [1] are selected on object 'Object Repository/DispensaryToStore/Page_Dispensary Store/select_--Select--Schedule 1Inj'

2018-05-22 10:49:37 - [MESSAGE][PASSED] - All options with index in [1] are selected on object 'Object Repository/DispensaryToStore/Page_Dispensary Store/select_--Select--Schedule 1Inj'

2018-05-22 10:49:37 - [TEST_STEP][PASSED] - selectOptionByIndex: All options with index in [5] are selected on object 'Object Repository/DispensaryToStore/Page_Dispensary Store/select_--Select--Adernaline 0.'

2018-05-22 10:49:37 - [MESSAGE][PASSED] - All options with index in [5] are selected on object 'Object Repository/DispensaryToStore/Page_Dispensary Store/select_--Select--Adernaline 0.'

2018-05-22 10:49:37 - [TEST_STEP][PASSED] - setText: Text '10' is set on object 'Object Repository/DispensaryToStore/Page_Dispensary Store/input_txttreat'

2018-05-22 10:49:37 - [MESSAGE][PASSED] - Text '10' is set on object 'Object Repository/DispensaryToStore/Page_Dispensary Store/input_txttreat'

2018-05-22 10:49:37 - [TEST_STEP][PASSED] - doubleClick: Object: 'Object Repository/DispensaryToStore/Page_Dispensary Store/button_Add' is double clicked on

2018-05-22 10:49:37 - [MESSAGE][PASSED] - Object: 'Object Repository/DispensaryToStore/Page_Dispensary Store/button_Add' is double clicked on

2018-05-22 10:49:37 - [TEST_STEP][PASSED] - selectOptionByIndex: All options with index in [1] are selected on object 'Object Repository/DispensaryToStore/Page_Dispensary Store/select_--Select--Schedule 1Inj'

2018-05-22 10:49:37 - [MESSAGE][PASSED] - All options with index in [1] are selected on object 'Object Repository/DispensaryToStore/Page_Dispensary Store/select_--Select--Schedule 1Inj'

2018-05-22 10:49:37 - [TEST_STEP][PASSED] - selectOptionByIndex: All options with index in [6] are selected on object 'Object Repository/DispensaryToStore/Page_Dispensary Store/select_--Select--Adernaline 0.'

2018-05-22 10:49:37 - [MESSAGE][PASSED] - All options with index in [6] are selected on object 'Object Repository/DispensaryToStore/Page_Dispensary Store/select_--Select--Adernaline 0.'

2018-05-22 10:49:37 - [TEST_STEP][PASSED] - setText: Text '10' is set on object 'Object Repository/DispensaryToStore/Page_Dispensary Store/input_txttreat'

2018-05-22 10:49:37 - [MESSAGE][PASSED] - Text '10' is set on object 'Object Repository/DispensaryToStore/Page_Dispensary Store/input_txttreat'

2018-05-22 10:49:37 - [TEST_STEP][PASSED] - doubleClick: Object: 'Object Repository/DispensaryToStore/Page_Dispensary Store/button_Add' is double clicked on

2018-05-22 10:49:37 - [MESSAGE][PASSED] - Object: 'Object Repository/DispensaryToStore/Page_Dispensary Store/button_Add' is double clicked on

2018-05-22 10:49:37 - [TEST_STEP][PASSED] - selectOptionByIndex: All options with index in [1] are selected on object 'Object Repository/DispensaryToStore/Page_Dispensary Store/select_--Select--Schedule 1Inj'

2018-05-22 10:49:38 - [MESSAGE][PASSED] - All options with index in [1] are selected on object 'Object Repository/DispensaryToStore/Page_Dispensary Store/select_--Select--Schedule 1Inj'

2018-05-22 10:49:38 - [TEST_STEP][PASSED] - selectOptionByIndex: All options with index in [7] are selected on object 'Object Repository/DispensaryToStore/Page_Dispensary Store/select_--Select--Adernaline 0.'

2018-05-22 10:49:38 - [MESSAGE][PASSED] - All options with index in [7] are selected on object 'Object Repository/DispensaryToStore/Page_Dispensary Store/select_--Select--Adernaline 0.'

2018-05-22 10:49:38 - [TEST_STEP][PASSED] - setText: Text '10' is set on object 'Object Repository/DispensaryToStore/Page_Dispensary Store/input_txttreat'

2018-05-22 10:49:38 - [MESSAGE][PASSED] - Text '10' is set on object 'Object Repository/DispensaryToStore/Page_Dispensary Store/input_txttreat'

2018-05-22 10:49:38 - [TEST_STEP][PASSED] - doubleClick: Object: 'Object Repository/DispensaryToStore/Page_Dispensary Store/button_Add' is double clicked on

2018-05-22 10:49:38 - [MESSAGE][PASSED] - Object: 'Object Repository/DispensaryToStore/Page_Dispensary Store/button_Add' is double clicked on

2018-05-22 10:49:38 - [TEST_STEP][PASSED] - selectOptionByIndex: All options with index in [1] are selected on object 'Object Repository/DispensaryToStore/Page_Dispensary Store/select_--Select--Schedule 1Inj'

2018-05-22 10:49:38 - [MESSAGE][PASSED] - All options with index in [1] are selected on object 'Object Repository/DispensaryToStore/Page_Dispensary Store/select_--Select--Schedule 1Inj'

2018-05-22 10:49:38 - [TEST_STEP][PASSED] - selectOptionByIndex: All options with index in [8] are selected on object 'Object Repository/DispensaryToStore/Page_Dispensary Store/select_--Select--Adernaline 0.'

2018-05-22 10:49:38 - [MESSAGE][PASSED] - All options with index in [8] are selected on object 'Object Repository/DispensaryToStore/Page_Dispensary Store/select_--Select--Adernaline 0.'

2018-05-22 10:49:38 - [TEST_STEP][PASSED] - setText: Text '10' is set on object 'Object Repository/DispensaryToStore/Page_Dispensary Store/input_txttreat'

2018-05-22 10:49:38 - [MESSAGE][PASSED] - Text '10' is set on object 'Object Repository/DispensaryToStore/Page_Dispensary Store/input_txttreat'

2018-05-22 10:49:38 - [TEST_STEP][PASSED] - doubleClick: Object: 'Object Repository/DispensaryToStore/Page_Dispensary Store/button_Add' is double clicked on

2018-05-22 10:49:38 - [MESSAGE][PASSED] - Object: 'Object Repository/DispensaryToStore/Page_Dispensary Store/button_Add' is double clicked on

2018-05-22 10:49:38 - [TEST_STEP][PASSED] - selectOptionByIndex: All options with index in [1] are selected on object 'Object Repository/DispensaryToStore/Page_Dispensary Store/select_--Select--Schedule 1Inj'

2018-05-22 10:49:39 - [MESSAGE][PASSED] - All options with index in [1] are selected on object 'Object Repository/DispensaryToStore/Page_Dispensary Store/select_--Select--Schedule 1Inj'

2018-05-22 10:49:39 - [TEST_STEP][PASSED] - selectOptionByIndex: All options with index in [9] are selected on object 'Object Repository/DispensaryToStore/Page_Dispensary Store/select_--Select--Adernaline 0.'

2018-05-22 10:49:39 - [MESSAGE][PASSED] - All options with index in [9] are selected on object 'Object Repository/DispensaryToStore/Page_Dispensary Store/select_--Select--Adernaline 0.'

2018-05-22 10:49:39 - [TEST_STEP][PASSED] - setText: Text '10' is set on object 'Object Repository/DispensaryToStore/Page_Dispensary Store/input_txttreat'

2018-05-22 10:49:39 - [MESSAGE][PASSED] - Text '10' is set on object 'Object Repository/DispensaryToStore/Page_Dispensary Store/input_txttreat'

2018-05-22 10:49:39 - [TEST_STEP][PASSED] - doubleClick: Object: 'Object Repository/DispensaryToStore/Page_Dispensary Store/button_Add' is double clicked on

2018-05-22 10:49:39 - [MESSAGE][PASSED] - Object: 'Object Repository/DispensaryToStore/Page_Dispensary Store/button_Add' is double clicked on

2018-05-22 10:49:39 - [TEST_STEP][PASSED] - selectOptionByIndex: All options with index in [1] are selected on object 'Object Repository/DispensaryToStore/Page_Dispensary Store/select_--Select--Schedule 1Inj'

2018-05-22 10:49:39 - [MESSAGE][PASSED] - All options with index in [1] are selected on object 'Object Repository/DispensaryToStore/Page_Dispensary Store/select_--Select--Schedule 1Inj'

2018-05-22 10:49:39 - [TEST_STEP][PASSED] - selectOptionByIndex: All options with index in [10] are selected on object 'Object Repository/DispensaryToStore/Page_Dispensary Store/select_--Select--Adernaline 0.'

2018-05-22 10:49:39 - [MESSAGE][PASSED] - All options with index in [10] are selected on object 'Object Repository/DispensaryToStore/Page_Dispensary Store/select_--Select--Adernaline 0.'

2018-05-22 10:49:39 - [TEST_STEP][PASSED] - setText: Text '10' is set on object 'Object Repository/DispensaryToStore/Page_Dispensary Store/input_txttreat'

2018-05-22 10:49:39 - [MESSAGE][PASSED] - Text '10' is set on object 'Object Repository/DispensaryToStore/Page_Dispensary Store/input_txttreat'

2018-05-22 10:49:39 - [TEST_STEP][PASSED] - doubleClick: Object: 'Object Repository/DispensaryToStore/Page_Dispensary Store/button_Add' is double clicked on

2018-05-22 10:49:40 - [MESSAGE][PASSED] - Object: 'Object Repository/DispensaryToStore/Page_Dispensary Store/button_Add' is double clicked on

2018-05-22 10:49:40 - [TEST_STEP][PASSED] - selectOptionByIndex: All options with index in [1] are selected on object 'Object Repository/DispensaryToStore/Page_Dispensary Store/select_--Select--Schedule 1Inj'

2018-05-22 10:49:40 - [MESSAGE][PASSED] - All options with index in [1] are selected on object 'Object Repository/DispensaryToStore/Page_Dispensary Store/select_--Select--Schedule 1Inj'

2018-05-22 10:49:40 - [TEST_STEP][PASSED] - selectOptionByIndex: All options with index in [11] are selected on object 'Object Repository/DispensaryToStore/Page_Dispensary Store/select_--Select--Adernaline 0.'

2018-05-22 10:49:40 - [MESSAGE][PASSED] - All options with index in [11] are selected on object 'Object Repository/DispensaryToStore/Page_Dispensary Store/select_--Select--Adernaline 0.'

2018-05-22 10:49:40 - [TEST_STEP][PASSED] - setText: Text '10' is set on object 'Object Repository/DispensaryToStore/Page_Dispensary Store/input_txttreat'

2018-05-22 10:49:40 - [MESSAGE][PASSED] - Text '10' is set on object 'Object Repository/DispensaryToStore/Page_Dispensary Store/input_txttreat'

2018-05-22 10:49:40 - [TEST_STEP][PASSED] - doubleClick: Object: 'Object Repository/DispensaryToStore/Page_Dispensary Store/button_Add' is double clicked on

2018-05-22 10:49:40 - [MESSAGE][PASSED] - Object: 'Object Repository/DispensaryToStore/Page_Dispensary Store/button_Add' is double clicked on

2018-05-22 10:49:40 - [TEST_STEP][PASSED] - selectOptionByIndex: All options with index in [1] are selected on object 'Object Repository/DispensaryToStore/Page_Dispensary Store/select_--Select--Schedule 1Inj'

2018-05-22 10:49:40 - [MESSAGE][PASSED] - All options with index in [1] are selected on object 'Object Repository/DispensaryToStore/Page_Dispensary Store/select_--Select--Schedule 1Inj'

2018-05-22 10:49:40 - [TEST_STEP][PASSED] - selectOptionByIndex: All options with index in [12] are selected on object 'Object Repository/DispensaryToStore/Page_Dispensary Store/select_--Select--Adernaline 0.'

2018-05-22 10:49:41 - [MESSAGE][PASSED] - All options with index in [12] are selected on object 'Object Repository/DispensaryToStore/Page_Dispensary Store/select_--Select--Adernaline 0.'

2018-05-22 10:49:41 - [TEST_STEP][PASSED] - setText: Text '10' is set on object 'Object Repository/DispensaryToStore/Page_Dispensary Store/input_txttreat'

2018-05-22 10:49:41 - [MESSAGE][PASSED] - Text '10' is set on object 'Object Repository/DispensaryToStore/Page_Dispensary Store/input_txttreat'

2018-05-22 10:49:41 - [TEST_STEP][PASSED] - doubleClick: Object: 'Object Repository/DispensaryToStore/Page_Dispensary Store/button_Add' is double clicked on

2018-05-22 10:49:41 - [MESSAGE][PASSED] - Object: 'Object Repository/DispensaryToStore/Page_Dispensary Store/button_Add' is double clicked on

2018-05-22 10:49:41 - [TEST_STEP][PASSED] - selectOptionByIndex: All options with index in [1] are selected on object 'Object Repository/DispensaryToStore/Page_Dispensary Store/select_--Select--Schedule 1Inj'

2018-05-22 10:49:41 - [MESSAGE][PASSED] - All options with index in [1] are selected on object 'Object Repository/DispensaryToStore/Page_Dispensary Store/select_--Select--Schedule 1Inj'

2018-05-22 10:49:41 - [TEST_STEP][PASSED] - selectOptionByIndex: All options with index in [13] are selected on object 'Object Repository/DispensaryToStore/Page_Dispensary Store/select_--Select--Adernaline 0.'

2018-05-22 10:49:41 - [MESSAGE][PASSED] - All options with index in [13] are selected on object 'Object Repository/DispensaryToStore/Page_Dispensary Store/select_--Select--Adernaline 0.'

2018-05-22 10:49:41 - [TEST_STEP][PASSED] - setText: Text '10' is set on object 'Object Repository/DispensaryToStore/Page_Dispensary Store/input_txttreat'

2018-05-22 10:49:41 - [MESSAGE][PASSED] - Text '10' is set on object 'Object Repository/DispensaryToStore/Page_Dispensary Store/input_txttreat'

2018-05-22 10:49:41 - [TEST_STEP][PASSED] - doubleClick: Object: 'Object Repository/DispensaryToStore/Page_Dispensary Store/button_Add' is double clicked on

2018-05-22 10:49:41 - [MESSAGE][PASSED] - Object: 'Object Repository/DispensaryToStore/Page_Dispensary Store/button_Add' is double clicked on

2018-05-22 10:49:41 - [TEST_STEP][PASSED] - selectOptionByIndex: All options with index in [1] are selected on object 'Object Repository/DispensaryToStore/Page_Dispensary Store/select_--Select--Schedule 1Inj'

2018-05-22 10:49:41 - [MESSAGE][PASSED] - All options with index in [1] are selected on object 'Object Repository/DispensaryToStore/Page_Dispensary Store/select_--Select--Schedule 1Inj'

2018-05-22 10:49:41 - [TEST_STEP][PASSED] - selectOptionByIndex: All options with index in [14] are selected on object 'Object Repository/DispensaryToStore/Page_Dispensary Store/select_--Select--Adernaline 0.'

2018-05-22 10:49:42 - [MESSAGE][PASSED] - All options with index in [14] are selected on object 'Object Repository/DispensaryToStore/Page_Dispensary Store/select_--Select--Adernaline 0.'

2018-05-22 10:49:42 - [TEST_STEP][PASSED] - setText: Text '10' is set on object 'Object Repository/DispensaryToStore/Page_Dispensary Store/input_txttreat'

2018-05-22 10:49:42 - [MESSAGE][PASSED] - Text '10' is set on object 'Object Repository/DispensaryToStore/Page_Dispensary Store/input_txttreat'

2018-05-22 10:49:42 - [TEST_STEP][PASSED] - doubleClick: Object: 'Object Repository/DispensaryToStore/Page_Dispensary Store/button_Add' is double clicked on

2018-05-22 10:49:42 - [MESSAGE][PASSED] - Object: 'Object Repository/DispensaryToStore/Page_Dispensary Store/button_Add' is double clicked on

2018-05-22 10:49:42 - [TEST_STEP][PASSED] - selectOptionByIndex: All options with index in [1] are selected on object 'Object Repository/DispensaryToStore/Page_Dispensary Store/select_--Select--Schedule 1Inj'

2018-05-22 10:49:42 - [MESSAGE][PASSED] - All options with index in [1] are selected on object 'Object Repository/DispensaryToStore/Page_Dispensary Store/select_--Select--Schedule 1Inj'

2018-05-22 10:49:42 - [TEST_STEP][PASSED] - selectOptionByIndex: All options with index in [15] are selected on object 'Object Repository/DispensaryToStore/Page_Dispensary Store/select_--Select--Adernaline 0.'

2018-05-22 10:49:42 - [MESSAGE][PASSED] - All options with index in [15] are selected on object 'Object Repository/DispensaryToStore/Page_Dispensary Store/select_--Select--Adernaline 0.'

2018-05-22 10:49:42 - [TEST_STEP][PASSED] - setText: Text '10' is set on object 'Object Repository/DispensaryToStore/Page_Dispensary Store/input_txttreat'

2018-05-22 10:49:42 - [MESSAGE][PASSED] - Text '10' is set on object 'Object Repository/DispensaryToStore/Page_Dispensary Store/input_txttreat'

2018-05-22 10:49:42 - [TEST_STEP][PASSED] - doubleClick: Object: 'Object Repository/DispensaryToStore/Page_Dispensary Store/button_Add' is double clicked on

2018-05-22 10:49:43 - [MESSAGE][PASSED] - Object: 'Object Repository/DispensaryToStore/Page_Dispensary Store/button_Add' is double clicked on

2018-05-22 10:49:43 - [TEST_STEP][PASSED] - selectOptionByIndex: All options with index in [1] are selected on object 'Object Repository/DispensaryToStore/Page_Dispensary Store/select_--Select--Schedule 1Inj'

2018-05-22 10:49:43 - [MESSAGE][PASSED] - All options with index in [1] are selected on object 'Object Repository/DispensaryToStore/Page_Dispensary Store/select_--Select--Schedule 1Inj'

2018-05-22 10:49:43 - [TEST_STEP][PASSED] - selectOptionByIndex: All options with index in [16] are selected on object 'Object Repository/DispensaryToStore/Page_Dispensary Store/select_--Select--Adernaline 0.'

2018-05-22 10:49:43 - [MESSAGE][PASSED] - All options with index in [16] are selected on object 'Object Repository/DispensaryToStore/Page_Dispensary Store/select_--Select--Adernaline 0.'

2018-05-22 10:49:43 - [TEST_STEP][PASSED] - setText: Text '10' is set on object 'Object Repository/DispensaryToStore/Page_Dispensary Store/input_txttreat'

2018-05-22 10:49:43 - [MESSAGE][PASSED] - Text '10' is set on object 'Object Repository/DispensaryToStore/Page_Dispensary Store/input_txttreat'

2018-05-22 10:49:43 - [TEST_STEP][PASSED] - doubleClick: Object: 'Object Repository/DispensaryToStore/Page_Dispensary Store/button_Add' is double clicked on

2018-05-22 10:49:43 - [MESSAGE][PASSED] - Object: 'Object Repository/DispensaryToStore/Page_Dispensary Store/button_Add' is double clicked on

2018-05-22 10:49:43 - [TEST_STEP][PASSED] - selectOptionByIndex: All options with index in [1] are selected on object 'Object Repository/DispensaryToStore/Page_Dispensary Store/select_--Select--Schedule 1Inj'

2018-05-22 10:49:43 - [MESSAGE][PASSED] - All options with index in [1] are selected on object 'Object Repository/DispensaryToStore/Page_Dispensary Store/select_--Select--Schedule 1Inj'

2018-05-22 10:49:43 - [TEST_STEP][PASSED] - selectOptionByIndex: All options with index in [17] are selected on object 'Object Repository/DispensaryToStore/Page_Dispensary Store/select_--Select--Adernaline 0.'

2018-05-22 10:49:44 - [MESSAGE][PASSED] - All options with index in [17] are selected on object 'Object Repository/DispensaryToStore/Page_Dispensary Store/select_--Select--Adernaline 0.'

2018-05-22 10:49:44 - [TEST_STEP][PASSED] - setText: Text '10' is set on object 'Object Repository/DispensaryToStore/Page_Dispensary Store/input_txttreat'

2018-05-22 10:49:44 - [MESSAGE][PASSED] - Text '10' is set on object 'Object Repository/DispensaryToStore/Page_Dispensary Store/input_txttreat'

2018-05-22 10:49:44 - [TEST_STEP][PASSED] - doubleClick: Object: 'Object Repository/DispensaryToStore/Page_Dispensary Store/button_Add' is double clicked on

2018-05-22 10:49:44 - [MESSAGE][PASSED] - Object: 'Object Repository/DispensaryToStore/Page_Dispensary Store/button_Add' is double clicked on

2018-05-22 10:49:44 - [TEST_STEP][PASSED] - selectOptionByIndex: All options with index in [1] are selected on object 'Object Repository/DispensaryToStore/Page_Dispensary Store/select_--Select--Schedule 1Inj'

2018-05-22 10:49:44 - [MESSAGE][PASSED] - All options with index in [1] are selected on object 'Object Repository/DispensaryToStore/Page_Dispensary Store/select_--Select--Schedule 1Inj'

2018-05-22 10:49:44 - [TEST_STEP][PASSED] - selectOptionByIndex: All options with index in [18] are selected on object 'Object Repository/DispensaryToStore/Page_Dispensary Store/select_--Select--Adernaline 0.'

2018-05-22 10:49:44 - [MESSAGE][PASSED] - All options with index in [18] are selected on object 'Object Repository/DispensaryToStore/Page_Dispensary Store/select_--Select--Adernaline 0.'

2018-05-22 10:49:44 - [TEST_STEP][PASSED] - setText: Text '10' is set on object 'Object Repository/DispensaryToStore/Page_Dispensary Store/input_txttreat'

2018-05-22 10:49:44 - [MESSAGE][PASSED] - Text '10' is set on object 'Object Repository/DispensaryToStore/Page_Dispensary Store/input_txttreat'

2018-05-22 10:49:44 - [TEST_STEP][PASSED] - doubleClick: Object: 'Object Repository/DispensaryToStore/Page_Dispensary Store/button_Add' is double clicked on

2018-05-22 10:49:44 - [MESSAGE][PASSED] - Object: 'Object Repository/DispensaryToStore/Page_Dispensary Store/button_Add' is double clicked on

2018-05-22 10:49:44 - [TEST_STEP][PASSED] - selectOptionByIndex: All options with index in [1] are selected on object 'Object Repository/DispensaryToStore/Page_Dispensary Store/select_--Select--Schedule 1Inj'

2018-05-22 10:49:44 - [MESSAGE][PASSED] - All options with index in [1] are selected on object 'Object Repository/DispensaryToStore/Page_Dispensary Store/select_--Select--Schedule 1Inj'

2018-05-22 10:49:44 - [TEST_STEP][PASSED] - selectOptionByIndex: All options with index in [19] are selected on object 'Object Repository/DispensaryToStore/Page_Dispensary Store/select_--Select--Adernaline 0.'

2018-05-22 10:49:45 - [MESSAGE][PASSED] - All options with index in [19] are selected on object 'Object Repository/DispensaryToStore/Page_Dispensary Store/select_--Select--Adernaline 0.'

2018-05-22 10:49:45 - [TEST_STEP][PASSED] - setText: Text '10' is set on object 'Object Repository/DispensaryToStore/Page_Dispensary Store/input_txttreat'

2018-05-22 10:49:45 - [MESSAGE][PASSED] - Text '10' is set on object 'Object Repository/DispensaryToStore/Page_Dispensary Store/input_txttreat'

2018-05-22 10:49:45 - [TEST_STEP][PASSED] - doubleClick: Object: 'Object Repository/DispensaryToStore/Page_Dispensary Store/button_Add' is double clicked on

2018-05-22 10:49:45 - [MESSAGE][PASSED] - Object: 'Object Repository/DispensaryToStore/Page_Dispensary Store/button_Add' is double clicked on

2018-05-22 10:49:45 - [TEST_STEP][PASSED] - selectOptionByIndex: All options with index in [1] are selected on object 'Object Repository/DispensaryToStore/Page_Dispensary Store/select_--Select--Schedule 1Inj'

2018-05-22 10:49:45 - [MESSAGE][PASSED] - All options with index in [1] are selected on object 'Object Repository/DispensaryToStore/Page_Dispensary Store/select_--Select--Schedule 1Inj'

2018-05-22 10:49:45 - [TEST_STEP][PASSED] - selectOptionByIndex: All options with index in [20] are selected on object 'Object Repository/DispensaryToStore/Page_Dispensary Store/select_--Select--Adernaline 0.'

2018-05-22 10:49:45 - [MESSAGE][PASSED] - All options with index in [20] are selected on object 'Object Repository/DispensaryToStore/Page_Dispensary Store/select_--Select--Adernaline 0.'

2018-05-22 10:49:45 - [TEST_STEP][PASSED] - setText: Text '10' is set on object 'Object Repository/DispensaryToStore/Page_Dispensary Store/input_txttreat'

2018-05-22 10:49:46 - [MESSAGE][PASSED] - Text '10' is set on object 'Object Repository/DispensaryToStore/Page_Dispensary Store/input_txttreat'

2018-05-22 10:49:46 - [TEST_STEP][PASSED] - doubleClick: Object: 'Object Repository/DispensaryToStore/Page_Dispensary Store/button_Add' is double clicked on

2018-05-22 10:49:46 - [MESSAGE][PASSED] - Object: 'Object Repository/DispensaryToStore/Page_Dispensary Store/button_Add' is double clicked on

2018-05-22 10:49:46 - [TEST_STEP][PASSED] - selectOptionByIndex: All options with index in [1] are selected on object 'Object Repository/DispensaryToStore/Page_Dispensary Store/select_--Select--Schedule 1Inj'

2018-05-22 10:49:46 - [MESSAGE][PASSED] - All options with index in [1] are selected on object 'Object Repository/DispensaryToStore/Page_Dispensary Store/select_--Select--Schedule 1Inj'

2018-05-22 10:49:46 - [TEST_STEP][PASSED] - selectOptionByIndex: All options with index in [21] are selected on object 'Object Repository/DispensaryToStore/Page_Dispensary Store/select_--Select--Adernaline 0.'

2018-05-22 10:49:46 - [MESSAGE][PASSED] - All options with index in [21] are selected on object 'Object Repository/DispensaryToStore/Page_Dispensary Store/select_--Select--Adernaline 0.'

2018-05-22 10:49:46 - [TEST_STEP][PASSED] - setText: Text '10' is set on object 'Object Repository/DispensaryToStore/Page_Dispensary Store/input_txttreat'

2018-05-22 10:49:46 - [MESSAGE][PASSED] - Text '10' is set on object 'Object Repository/DispensaryToStore/Page_Dispensary Store/input_txttreat'

2018-05-22 10:49:46 - [TEST_STEP][PASSED] - doubleClick: Object: 'Object Repository/DispensaryToStore/Page_Dispensary Store/button_Add' is double clicked on

2018-05-22 10:49:46 - [MESSAGE][PASSED] - Object: 'Object Repository/DispensaryToStore/Page_Dispensary Store/button_Add' is double clicked on

2018-05-22 10:49:46 - [TEST_STEP][PASSED] - selectOptionByIndex: All options with index in [1] are selected on object 'Object Repository/DispensaryToStore/Page_Dispensary Store/select_--Select--Schedule 1Inj'

2018-05-22 10:49:46 - [MESSAGE][PASSED] - All options with index in [1] are selected on object 'Object Repository/DispensaryToStore/Page_Dispensary Store/select_--Select--Schedule 1Inj'

2018-05-22 10:49:46 - [TEST_STEP][PASSED] - selectOptionByIndex: All options with index in [22] are selected on object 'Object Repository/DispensaryToStore/Page_Dispensary Store/select_--Select--Adernaline 0.'

2018-05-22 10:49:47 - [MESSAGE][PASSED] - All options with index in [22] are selected on object 'Object Repository/DispensaryToStore/Page_Dispensary Store/select_--Select--Adernaline 0.'

2018-05-22 10:49:47 - [TEST_STEP][PASSED] - setText: Text '10' is set on object 'Object Repository/DispensaryToStore/Page_Dispensary Store/input_txttreat'

2018-05-22 10:49:47 - [MESSAGE][PASSED] - Text '10' is set on object 'Object Repository/DispensaryToStore/Page_Dispensary Store/input_txttreat'

2018-05-22 10:49:47 - [TEST_STEP][PASSED] - doubleClick: Object: 'Object Repository/DispensaryToStore/Page_Dispensary Store/button_Add' is double clicked on

2018-05-22 10:49:47 - [MESSAGE][PASSED] - Object: 'Object Repository/DispensaryToStore/Page_Dispensary Store/button_Add' is double clicked on

2018-05-22 10:49:47 - [TEST_STEP][PASSED] - selectOptionByIndex: All options with index in [1] are selected on object 'Object Repository/DispensaryToStore/Page_Dispensary Store/select_--Select--Schedule 1Inj'

2018-05-22 10:49:47 - [MESSAGE][PASSED] - All options with index in [1] are selected on object 'Object Repository/DispensaryToStore/Page_Dispensary Store/select_--Select--Schedule 1Inj'

2018-05-22 10:49:47 - [TEST_STEP][PASSED] - selectOptionByIndex: All options with index in [23] are selected on object 'Object Repository/DispensaryToStore/Page_Dispensary Store/select_--Select--Adernaline 0.'

2018-05-22 10:49:47 - [MESSAGE][PASSED] - All options with index in [23] are selected on object 'Object Repository/DispensaryToStore/Page_Dispensary Store/select_--Select--Adernaline 0.'

2018-05-22 10:49:47 - [TEST_STEP][PASSED] - setText: Text '10' is set on object 'Object Repository/DispensaryToStore/Page_Dispensary Store/input_txttreat'

2018-05-22 10:49:48 - [MESSAGE][PASSED] - Text '10' is set on object 'Object Repository/DispensaryToStore/Page_Dispensary Store/input_txttreat'

2018-05-22 10:49:48 - [TEST_STEP][PASSED] - doubleClick: Object: 'Object Repository/DispensaryToStore/Page_Dispensary Store/button_Add' is double clicked on

2018-05-22 10:49:48 - [MESSAGE][PASSED] - Object: 'Object Repository/DispensaryToStore/Page_Dispensary Store/button_Add' is double clicked on

2018-05-22 10:49:48 - [TEST_STEP][PASSED] - selectOptionByIndex: All options with index in [1] are selected on object 'Object Repository/DispensaryToStore/Page_Dispensary Store/select_--Select--Schedule 1Inj'

2018-05-22 10:49:48 - [MESSAGE][PASSED] - All options with index in [1] are selected on object 'Object Repository/DispensaryToStore/Page_Dispensary Store/select_--Select--Schedule 1Inj'

2018-05-22 10:49:48 - [TEST_STEP][PASSED] - selectOptionByIndex: All options with index in [24] are selected on object 'Object Repository/DispensaryToStore/Page_Dispensary Store/select_--Select--Adernaline 0.'

2018-05-22 10:49:48 - [MESSAGE][PASSED] - All options with index in [24] are selected on object 'Object Repository/DispensaryToStore/Page_Dispensary Store/select_--Select--Adernaline 0.'

2018-05-22 10:49:48 - [TEST_STEP][PASSED] - setText: Text '10' is set on object 'Object Repository/DispensaryToStore/Page_Dispensary Store/input_txttreat'

2018-05-22 10:49:48 - [MESSAGE][PASSED] - Text '10' is set on object 'Object Repository/DispensaryToStore/Page_Dispensary Store/input_txttreat'

2018-05-22 10:49:48 - [TEST_STEP][PASSED] - doubleClick: Object: 'Object Repository/DispensaryToStore/Page_Dispensary Store/button_Add' is double clicked on

2018-05-22 10:49:48 - [MESSAGE][PASSED] - Object: 'Object Repository/DispensaryToStore/Page_Dispensary Store/button_Add' is double clicked on

2018-05-22 10:49:48 - [TEST_STEP][PASSED] - selectOptionByIndex: All options with index in [1] are selected on object 'Object Repository/DispensaryToStore/Page_Dispensary Store/select_--Select--Schedule 1Inj'

2018-05-22 10:49:48 - [MESSAGE][PASSED] - All options with index in [1] are selected on object 'Object Repository/DispensaryToStore/Page_Dispensary Store/select_--Select--Schedule 1Inj'

2018-05-22 10:49:48 - [TEST_STEP][PASSED] - selectOptionByIndex: All options with index in [25] are selected on object 'Object Repository/DispensaryToStore/Page_Dispensary Store/select_--Select--Adernaline 0.'

2018-05-22 10:49:49 - [MESSAGE][PASSED] - All options with index in [25] are selected on object 'Object Repository/DispensaryToStore/Page_Dispensary Store/select_--Select--Adernaline 0.'

2018-05-22 10:49:49 - [TEST_STEP][PASSED] - setText: Text '10' is set on object 'Object Repository/DispensaryToStore/Page_Dispensary Store/input_txttreat'

2018-05-22 10:49:49 - [MESSAGE][PASSED] - Text '10' is set on object 'Object Repository/DispensaryToStore/Page_Dispensary Store/input_txttreat'

2018-05-22 10:49:49 - [TEST_STEP][PASSED] - doubleClick: Object: 'Object Repository/DispensaryToStore/Page_Dispensary Store/button_Add' is double clicked on

2018-05-22 10:49:49 - [MESSAGE][PASSED] - Object: 'Object Repository/DispensaryToStore/Page_Dispensary Store/button_Add' is double clicked on

2018-05-22 10:49:49 - [TEST_STEP][PASSED] - selectOptionByIndex: All options with index in [1] are selected on object 'Object Repository/DispensaryToStore/Page_Dispensary Store/select_--Select--Schedule 1Inj'

2018-05-22 10:49:49 - [MESSAGE][PASSED] - All options with index in [1] are selected on object 'Object Repository/DispensaryToStore/Page_Dispensary Store/select_--Select--Schedule 1Inj'

2018-05-22 10:49:49 - [TEST_STEP][PASSED] - selectOptionByIndex: All options with index in [26] are selected on object 'Object Repository/DispensaryToStore/Page_Dispensary Store/select_--Select--Adernaline 0.'

2018-05-22 10:49:50 - [MESSAGE][PASSED] - All options with index in [26] are selected on object 'Object Repository/DispensaryToStore/Page_Dispensary Store/select_--Select--Adernaline 0.'

2018-05-22 10:49:50 - [TEST_STEP][PASSED] - setText: Text '10' is set on object 'Object Repository/DispensaryToStore/Page_Dispensary Store/input_txttreat'

2018-05-22 10:49:50 - [MESSAGE][PASSED] - Text '10' is set on object 'Object Repository/DispensaryToStore/Page_Dispensary Store/input_txttreat'

2018-05-22 10:49:50 - [TEST_STEP][PASSED] - doubleClick: Object: 'Object Repository/DispensaryToStore/Page_Dispensary Store/button_Add' is double clicked on

2018-05-22 10:49:50 - [MESSAGE][PASSED] - Object: 'Object Repository/DispensaryToStore/Page_Dispensary Store/button_Add' is double clicked on

2018-05-22 10:49:50 - [TEST_STEP][PASSED] - selectOptionByIndex: All options with index in [1] are selected on object 'Object Repository/DispensaryToStore/Page_Dispensary Store/select_--Select--Schedule 1Inj'

2018-05-22 10:49:50 - [MESSAGE][PASSED] - All options with index in [1] are selected on object 'Object Repository/DispensaryToStore/Page_Dispensary Store/select_--Select--Schedule 1Inj'

2018-05-22 10:49:50 - [TEST_STEP][PASSED] - selectOptionByIndex: All options with index in [27] are selected on object 'Object Repository/DispensaryToStore/Page_Dispensary Store/select_--Select--Adernaline 0.'

2018-05-22 10:49:50 - [MESSAGE][PASSED] - All options with index in [27] are selected on object 'Object Repository/DispensaryToStore/Page_Dispensary Store/select_--Select--Adernaline 0.'

2018-05-22 10:49:50 - [TEST_STEP][PASSED] - setText: Text '10' is set on object 'Object Repository/DispensaryToStore/Page_Dispensary Store/input_txttreat'

2018-05-22 10:49:50 - [MESSAGE][PASSED] - Text '10' is set on object 'Object Repository/DispensaryToStore/Page_Dispensary Store/input_txttreat'

2018-05-22 10:49:50 - [TEST_STEP][PASSED] - doubleClick: Object: 'Object Repository/DispensaryToStore/Page_Dispensary Store/button_Add' is double clicked on

2018-05-22 10:49:50 - [MESSAGE][PASSED] - Object: 'Object Repository/DispensaryToStore/Page_Dispensary Store/button_Add' is double clicked on

2018-05-22 10:49:50 - [TEST_STEP][PASSED] - selectOptionByIndex: All options with index in [1] are selected on object 'Object Repository/DispensaryToStore/Page_Dispensary Store/select_--Select--Schedule 1Inj'

2018-05-22 10:49:51 - [MESSAGE][PASSED] - All options with index in [1] are selected on object 'Object Repository/DispensaryToStore/Page_Dispensary Store/select_--Select--Schedule 1Inj'

2018-05-22 10:49:51 - [TEST_STEP][PASSED] - selectOptionByIndex: All options with index in [28] are selected on object 'Object Repository/DispensaryToStore/Page_Dispensary Store/select_--Select--Adernaline 0.'

2018-05-22 10:49:51 - [MESSAGE][PASSED] - All options with index in [28] are selected on object 'Object Repository/DispensaryToStore/Page_Dispensary Store/select_--Select--Adernaline 0.'

2018-05-22 10:49:51 - [TEST_STEP][PASSED] - setText: Text '10' is set on object 'Object Repository/DispensaryToStore/Page_Dispensary Store/input_txttreat'

2018-05-22 10:49:51 - [MESSAGE][PASSED] - Text '10' is set on object 'Object Repository/DispensaryToStore/Page_Dispensary Store/input_txttreat'

2018-05-22 10:49:51 - [TEST_STEP][PASSED] - doubleClick: Object: 'Object Repository/DispensaryToStore/Page_Dispensary Store/button_Add' is double clicked on

2018-05-22 10:49:51 - [MESSAGE][PASSED] - Object: 'Object Repository/DispensaryToStore/Page_Dispensary Store/button_Add' is double clicked on

2018-05-22 10:49:51 - [TEST_STEP][PASSED] - selectOptionByIndex: All options with index in [1] are selected on object 'Object Repository/DispensaryToStore/Page_Dispensary Store/select_--Select--Schedule 1Inj'

2018-05-22 10:49:51 - [MESSAGE][PASSED] - All options with index in [1] are selected on object 'Object Repository/DispensaryToStore/Page_Dispensary Store/select_--Select--Schedule 1Inj'

2018-05-22 10:49:51 - [TEST_STEP][PASSED] - selectOptionByIndex: All options with index in [29] are selected on object 'Object Repository/DispensaryToStore/Page_Dispensary Store/select_--Select--Adernaline 0.'

2018-05-22 10:49:52 - [MESSAGE][PASSED] - All options with index in [29] are selected on object 'Object Repository/DispensaryToStore/Page_Dispensary Store/select_--Select--Adernaline 0.'

2018-05-22 10:49:52 - [TEST_STEP][PASSED] - setText: Text '10' is set on object 'Object Repository/DispensaryToStore/Page_Dispensary Store/input_txttreat'

2018-05-22 10:49:52 - [MESSAGE][PASSED] - Text '10' is set on object 'Object Repository/DispensaryToStore/Page_Dispensary Store/input_txttreat'

2018-05-22 10:49:52 - [TEST_STEP][PASSED] - doubleClick: Object: 'Object Repository/DispensaryToStore/Page_Dispensary Store/button_Add' is double clicked on

2018-05-22 10:49:52 - [MESSAGE][PASSED] - Object: 'Object Repository/DispensaryToStore/Page_Dispensary Store/button_Add' is double clicked on

2018-05-22 10:49:52 - [TEST_STEP][PASSED] - selectOptionByIndex: All options with index in [1] are selected on object 'Object Repository/DispensaryToStore/Page_Dispensary Store/select_--Select--Schedule 1Inj'

2018-05-22 10:49:52 - [MESSAGE][PASSED] - All options with index in [1] are selected on object 'Object Repository/DispensaryToStore/Page_Dispensary Store/select_--Select--Schedule 1Inj'

2018-05-22 10:49:52 - [TEST_STEP][PASSED] - selectOptionByIndex: All options with index in [30] are selected on object 'Object Repository/DispensaryToStore/Page_Dispensary Store/select_--Select--Adernaline 0.'

2018-05-22 10:49:52 - [MESSAGE][PASSED] - All options with index in [30] are selected on object 'Object Repository/DispensaryToStore/Page_Dispensary Store/select_--Select--Adernaline 0.'

2018-05-22 10:49:52 - [TEST_STEP][PASSED] - setText: Text '10' is set on object 'Object Repository/DispensaryToStore/Page_Dispensary Store/input_txttreat'

2018-05-22 10:49:52 - [MESSAGE][PASSED] - Text '10' is set on object 'Object Repository/DispensaryToStore/Page_Dispensary Store/input_txttreat'

2018-05-22 10:49:52 - [TEST_STEP][PASSED] - doubleClick: Object: 'Object Repository/DispensaryToStore/Page_Dispensary Store/button_Add' is double clicked on

2018-05-22 10:49:53 - [MESSAGE][PASSED] - Object: 'Object Repository/DispensaryToStore/Page_Dispensary Store/button_Add' is double clicked on

2018-05-22 10:49:53 - [TEST_STEP][PASSED] - selectOptionByIndex: All options with index in [1] are selected on object 'Object Repository/DispensaryToStore/Page_Dispensary Store/select_--Select--Schedule 1Inj'

2018-05-22 10:49:53 - [MESSAGE][PASSED] - All options with index in [1] are selected on object 'Object Repository/DispensaryToStore/Page_Dispensary Store/select_--Select--Schedule 1Inj'

2018-05-22 10:49:53 - [TEST_STEP][PASSED] - selectOptionByIndex: All options with index in [31] are selected on object 'Object Repository/DispensaryToStore/Page_Dispensary Store/select_--Select--Adernaline 0.'

2018-05-22 10:49:53 - [MESSAGE][PASSED] - All options with index in [31] are selected on object 'Object Repository/DispensaryToStore/Page_Dispensary Store/select_--Select--Adernaline 0.'

2018-05-22 10:49:53 - [TEST_STEP][PASSED] - setText: Text '10' is set on object 'Object Repository/DispensaryToStore/Page_Dispensary Store/input_txttreat'

2018-05-22 10:49:53 - [MESSAGE][PASSED] - Text '10' is set on object 'Object Repository/DispensaryToStore/Page_Dispensary Store/input_txttreat'

2018-05-22 10:49:53 - [TEST_STEP][PASSED] - doubleClick: Object: 'Object Repository/DispensaryToStore/Page_Dispensary Store/button_Add' is double clicked on

2018-05-22 10:49:53 - [MESSAGE][PASSED] - Object: 'Object Repository/DispensaryToStore/Page_Dispensary Store/button_Add' is double clicked on

2018-05-22 10:49:53 - [TEST_STEP][PASSED] - selectOptionByIndex: All options with index in [1] are selected on object 'Object Repository/DispensaryToStore/Page_Dispensary Store/select_--Select--Schedule 1Inj'

2018-05-22 10:49:53 - [MESSAGE][PASSED] - All options with index in [1] are selected on object 'Object Repository/DispensaryToStore/Page_Dispensary Store/select_--Select--Schedule 1Inj'

2018-05-22 10:49:53 - [TEST_STEP][PASSED] - selectOptionByIndex: All options with index in [32] are selected on object 'Object Repository/DispensaryToStore/Page_Dispensary Store/select_--Select--Adernaline 0.'

2018-05-22 10:49:54 - [MESSAGE][PASSED] - All options with index in [32] are selected on object 'Object Repository/DispensaryToStore/Page_Dispensary Store/select_--Select--Adernaline 0.'

2018-05-22 10:49:54 - [TEST_STEP][PASSED] - setText: Text '10' is set on object 'Object Repository/DispensaryToStore/Page_Dispensary Store/input_txttreat'

2018-05-22 10:49:54 - [MESSAGE][PASSED] - Text '10' is set on object 'Object Repository/DispensaryToStore/Page_Dispensary Store/input_txttreat'

2018-05-22 10:49:54 - [TEST_STEP][PASSED] - doubleClick: Object: 'Object Repository/DispensaryToStore/Page_Dispensary Store/button_Add' is double clicked on

2018-05-22 10:49:54 - [MESSAGE][PASSED] - Object: 'Object Repository/DispensaryToStore/Page_Dispensary Store/button_Add' is double clicked on

2018-05-22 10:49:54 - [TEST_STEP][PASSED] - selectOptionByIndex: All options with index in [1] are selected on object 'Object Repository/DispensaryToStore/Page_Dispensary Store/select_--Select--Schedule 1Inj'

2018-05-22 10:49:54 - [MESSAGE][PASSED] - All options with index in [1] are selected on object 'Object Repository/DispensaryToStore/Page_Dispensary Store/select_--Select--Schedule 1Inj'

2018-05-22 10:49:54 - [TEST_STEP][PASSED] - selectOptionByIndex: All options with index in [33] are selected on object 'Object Repository/DispensaryToStore/Page_Dispensary Store/select_--Select--Adernaline 0.'

2018-05-22 10:49:55 - [MESSAGE][PASSED] - All options with index in [33] are selected on object 'Object Repository/DispensaryToStore/Page_Dispensary Store/select_--Select--Adernaline 0.'

2018-05-22 10:49:55 - [TEST_STEP][PASSED] - setText: Text '10' is set on object 'Object Repository/DispensaryToStore/Page_Dispensary Store/input_txttreat'

2018-05-22 10:49:55 - [MESSAGE][PASSED] - Text '10' is set on object 'Object Repository/DispensaryToStore/Page_Dispensary Store/input_txttreat'

2018-05-22 10:49:55 - [TEST_STEP][PASSED] - doubleClick: Object: 'Object Repository/DispensaryToStore/Page_Dispensary Store/button_Add' is double clicked on

2018-05-22 10:49:55 - [MESSAGE][PASSED] - Object: 'Object Repository/DispensaryToStore/Page_Dispensary Store/button_Add' is double clicked on

2018-05-22 10:49:55 - [TEST_STEP][PASSED] - selectOptionByIndex: All options with index in [1] are selected on object 'Object Repository/DispensaryToStore/Page_Dispensary Store/select_--Select--Schedule 1Inj'

2018-05-22 10:49:55 - [MESSAGE][PASSED] - All options with index in [1] are selected on object 'Object Repository/DispensaryToStore/Page_Dispensary Store/select_--Select--Schedule 1Inj'

2018-05-22 10:49:55 - [TEST_STEP][PASSED] - selectOptionByIndex: All options with index in [34] are selected on object 'Object Repository/DispensaryToStore/Page_Dispensary Store/select_--Select--Adernaline 0.'

2018-05-22 10:49:55 - [MESSAGE][PASSED] - All options with index in [34] are selected on object 'Object Repository/DispensaryToStore/Page_Dispensary Store/select_--Select--Adernaline 0.'

2018-05-22 10:49:55 - [TEST_STEP][PASSED] - setText: Text '10' is set on object 'Object Repository/DispensaryToStore/Page_Dispensary Store/input_txttreat'

2018-05-22 10:49:55 - [MESSAGE][PASSED] - Text '10' is set on object 'Object Repository/DispensaryToStore/Page_Dispensary Store/input_txttreat'

2018-05-22 10:49:55 - [TEST_STEP][PASSED] - doubleClick: Object: 'Object Repository/DispensaryToStore/Page_Dispensary Store/button_Add' is double clicked on

2018-05-22 10:49:55 - [MESSAGE][PASSED] - Object: 'Object Repository/DispensaryToStore/Page_Dispensary Store/button_Add' is double clicked on

2018-05-22 10:49:55 - [TEST_STEP][PASSED] - selectOptionByIndex: All options with index in [1] are selected on object 'Object Repository/DispensaryToStore/Page_Dispensary Store/select_--Select--Schedule 1Inj'

2018-05-22 10:49:56 - [MESSAGE][PASSED] - All options with index in [1] are selected on object 'Object Repository/DispensaryToStore/Page_Dispensary Store/select_--Select--Schedule 1Inj'

2018-05-22 10:49:56 - [TEST_STEP][PASSED] - selectOptionByIndex: All options with index in [35] are selected on object 'Object Repository/DispensaryToStore/Page_Dispensary Store/select_--Select--Adernaline 0.'

2018-05-22 10:49:56 - [MESSAGE][PASSED] - All options with index in [35] are selected on object 'Object Repository/DispensaryToStore/Page_Dispensary Store/select_--Select--Adernaline 0.'

2018-05-22 10:49:56 - [TEST_STEP][PASSED] - setText: Text '10' is set on object 'Object Repository/DispensaryToStore/Page_Dispensary Store/input_txttreat'

2018-05-22 10:49:56 - [MESSAGE][PASSED] - Text '10' is set on object 'Object Repository/DispensaryToStore/Page_Dispensary Store/input_txttreat'

2018-05-22 10:49:56 - [TEST_STEP][PASSED] - doubleClick: Object: 'Object Repository/DispensaryToStore/Page_Dispensary Store/button_Add' is double clicked on

2018-05-22 10:49:56 - [MESSAGE][PASSED] - Object: 'Object Repository/DispensaryToStore/Page_Dispensary Store/button_Add' is double clicked on

2018-05-22 10:49:56 - [TEST_STEP][PASSED] - selectOptionByIndex: All options with index in [1] are selected on object 'Object Repository/DispensaryToStore/Page_Dispensary Store/select_--Select--Schedule 1Inj'

2018-05-22 10:49:56 - [MESSAGE][PASSED] - All options with index in [1] are selected on object 'Object Repository/DispensaryToStore/Page_Dispensary Store/select_--Select--Schedule 1Inj'

2018-05-22 10:49:56 - [TEST_STEP][PASSED] - selectOptionByIndex: All options with index in [36] are selected on object 'Object Repository/DispensaryToStore/Page_Dispensary Store/select_--Select--Adernaline 0.'

2018-05-22 10:49:57 - [MESSAGE][PASSED] - All options with index in [36] are selected on object 'Object Repository/DispensaryToStore/Page_Dispensary Store/select_--Select--Adernaline 0.'

2018-05-22 10:49:57 - [TEST_STEP][PASSED] - setText: Text '10' is set on object 'Object Repository/DispensaryToStore/Page_Dispensary Store/input_txttreat'

2018-05-22 10:49:57 - [MESSAGE][PASSED] - Text '10' is set on object 'Object Repository/DispensaryToStore/Page_Dispensary Store/input_txttreat'

2018-05-22 10:49:57 - [TEST_STEP][PASSED] - doubleClick: Object: 'Object Repository/DispensaryToStore/Page_Dispensary Store/button_Add' is double clicked on

2018-05-22 10:49:57 - [MESSAGE][PASSED] - Object: 'Object Repository/DispensaryToStore/Page_Dispensary Store/button_Add' is double clicked on

2018-05-22 10:49:57 - [TEST_STEP][PASSED] - selectOptionByIndex: All options with index in [1] are selected on object 'Object Repository/DispensaryToStore/Page_Dispensary Store/select_--Select--Schedule 1Inj'

2018-05-22 10:49:57 - [MESSAGE][PASSED] - All options with index in [1] are selected on object 'Object Repository/DispensaryToStore/Page_Dispensary Store/select_--Select--Schedule 1Inj'

2018-05-22 10:49:57 - [TEST_STEP][PASSED] - selectOptionByIndex: All options with index in [37] are selected on object 'Object Repository/DispensaryToStore/Page_Dispensary Store/select_--Select--Adernaline 0.'

2018-05-22 10:49:58 - [MESSAGE][PASSED] - All options with index in [37] are selected on object 'Object Repository/DispensaryToStore/Page_Dispensary Store/select_--Select--Adernaline 0.'

2018-05-22 10:49:58 - [TEST_STEP][PASSED] - setText: Text '10' is set on object 'Object Repository/DispensaryToStore/Page_Dispensary Store/input_txttreat'

2018-05-22 10:49:58 - [MESSAGE][PASSED] - Text '10' is set on object 'Object Repository/DispensaryToStore/Page_Dispensary Store/input_txttreat'

2018-05-22 10:49:58 - [TEST_STEP][PASSED] - doubleClick: Object: 'Object Repository/DispensaryToStore/Page_Dispensary Store/button_Add' is double clicked on

2018-05-22 10:49:58 - [MESSAGE][PASSED] - Object: 'Object Repository/DispensaryToStore/Page_Dispensary Store/button_Add' is double clicked on

2018-05-22 10:49:58 - [TEST_STEP][PASSED] - selectOptionByIndex: All options with index in [1] are selected on object 'Object Repository/DispensaryToStore/Page_Dispensary Store/select_--Select--Schedule 1Inj'

2018-05-22 10:49:58 - [MESSAGE][PASSED] - All options with index in [1] are selected on object 'Object Repository/DispensaryToStore/Page_Dispensary Store/select_--Select--Schedule 1Inj'

2018-05-22 10:49:58 - [TEST_STEP][PASSED] - selectOptionByIndex: All options with index in [38] are selected on object 'Object Repository/DispensaryToStore/Page_Dispensary Store/select_--Select--Adernaline 0.'

2018-05-22 10:49:58 - [MESSAGE][PASSED] - All options with index in [38] are selected on object 'Object Repository/DispensaryToStore/Page_Dispensary Store/select_--Select--Adernaline 0.'

2018-05-22 10:49:58 - [TEST_STEP][PASSED] - setText: Text '10' is set on object 'Object Repository/DispensaryToStore/Page_Dispensary Store/input_txttreat'

2018-05-22 10:49:59 - [MESSAGE][PASSED] - Text '10' is set on object 'Object Repository/DispensaryToStore/Page_Dispensary Store/input_txttreat'

2018-05-22 10:49:59 - [TEST_STEP][PASSED] - doubleClick: Object: 'Object Repository/DispensaryToStore/Page_Dispensary Store/button_Add' is double clicked on

2018-05-22 10:49:59 - [MESSAGE][PASSED] - Object: 'Object Repository/DispensaryToStore/Page_Dispensary Store/button_Add' is double clicked on

2018-05-22 10:49:59 - [TEST_STEP][PASSED] - selectOptionByIndex: All options with index in [1] are selected on object 'Object Repository/DispensaryToStore/Page_Dispensary Store/select_--Select--Schedule 1Inj'

2018-05-22 10:49:59 - [MESSAGE][PASSED] - All options with index in [1] are selected on object 'Object Repository/DispensaryToStore/Page_Dispensary Store/select_--Select--Schedule 1Inj'

2018-05-22 10:49:59 - [TEST_STEP][PASSED] - selectOptionByIndex: All options with index in [39] are selected on object 'Object Repository/DispensaryToStore/Page_Dispensary Store/select_--Select--Adernaline 0.'

2018-05-22 10:49:59 - [MESSAGE][PASSED] - All options with index in [39] are selected on object 'Object Repository/DispensaryToStore/Page_Dispensary Store/select_--Select--Adernaline 0.'

2018-05-22 10:49:59 - [TEST_STEP][PASSED] - setText: Text '10' is set on object 'Object Repository/DispensaryToStore/Page_Dispensary Store/input_txttreat'

2018-05-22 10:49:59 - [MESSAGE][PASSED] - Text '10' is set on object 'Object Repository/DispensaryToStore/Page_Dispensary Store/input_txttreat'

2018-05-22 10:49:59 - [TEST_STEP][PASSED] - doubleClick: Object: 'Object Repository/DispensaryToStore/Page_Dispensary Store/button_Add' is double clicked on

2018-05-22 10:49:59 - [MESSAGE][PASSED] - Object: 'Object Repository/DispensaryToStore/Page_Dispensary Store/button_Add' is double clicked on

2018-05-22 10:49:59 - [TEST_STEP][PASSED] - selectOptionByIndex: All options with index in [1] are selected on object 'Object Repository/DispensaryToStore/Page_Dispensary Store/select_--Select--Schedule 1Inj'

2018-05-22 10:50:00 - [MESSAGE][PASSED] - All options with index in [1] are selected on object 'Object Repository/DispensaryToStore/Page_Dispensary Store/select_--Select--Schedule 1Inj'

2018-05-22 10:50:00 - [TEST_STEP][PASSED] - selectOptionByIndex: All options with index in [40] are selected on object 'Object Repository/DispensaryToStore/Page_Dispensary Store/select_--Select--Adernaline 0.'

2018-05-22 10:50:00 - [MESSAGE][PASSED] - All options with index in [40] are selected on object 'Object Repository/DispensaryToStore/Page_Dispensary Store/select_--Select--Adernaline 0.'

2018-05-22 10:50:00 - [TEST_STEP][PASSED] - setText: Text '10' is set on object 'Object Repository/DispensaryToStore/Page_Dispensary Store/input_txttreat'

2018-05-22 10:50:00 - [MESSAGE][PASSED] - Text '10' is set on object 'Object Repository/DispensaryToStore/Page_Dispensary Store/input_txttreat'

2018-05-22 10:50:00 - [TEST_STEP][PASSED] - doubleClick: Object: 'Object Repository/DispensaryToStore/Page_Dispensary Store/button_Add' is double clicked on

2018-05-22 10:50:00 - [MESSAGE][PASSED] - Object: 'Object Repository/DispensaryToStore/Page_Dispensary Store/button_Add' is double clicked on

2018-05-22 10:50:00 - [TEST_STEP][PASSED] - selectOptionByIndex: All options with index in [1] are selected on object 'Object Repository/DispensaryToStore/Page_Dispensary Store/select_--Select--Schedule 1Inj'

2018-05-22 10:50:00 - [MESSAGE][PASSED] - All options with index in [1] are selected on object 'Object Repository/DispensaryToStore/Page_Dispensary Store/select_--Select--Schedule 1Inj'

2018-05-22 10:50:00 - [TEST_STEP][PASSED] - selectOptionByIndex: All options with index in [41] are selected on object 'Object Repository/DispensaryToStore/Page_Dispensary Store/select_--Select--Adernaline 0.'

2018-05-22 10:50:01 - [MESSAGE][PASSED] - All options with index in [41] are selected on object 'Object Repository/DispensaryToStore/Page_Dispensary Store/select_--Select--Adernaline 0.'

2018-05-22 10:50:01 - [TEST_STEP][PASSED] - setText: Text '10' is set on object 'Object Repository/DispensaryToStore/Page_Dispensary Store/input_txttreat'

2018-05-22 10:50:01 - [MESSAGE][PASSED] - Text '10' is set on object 'Object Repository/DispensaryToStore/Page_Dispensary Store/input_txttreat'

2018-05-22 10:50:01 - [TEST_STEP][PASSED] - doubleClick: Object: 'Object Repository/DispensaryToStore/Page_Dispensary Store/button_Add' is double clicked on

2018-05-22 10:50:01 - [MESSAGE][PASSED] - Object: 'Object Repository/DispensaryToStore/Page_Dispensary Store/button_Add' is double clicked on

2018-05-22 10:50:01 - [TEST_STEP][PASSED] - selectOptionByIndex: All options with index in [1] are selected on object 'Object Repository/DispensaryToStore/Page_Dispensary Store/select_--Select--Schedule 1Inj'

2018-05-22 10:50:01 - [MESSAGE][PASSED] - All options with index in [1] are selected on object 'Object Repository/DispensaryToStore/Page_Dispensary Store/select_--Select--Schedule 1Inj'

2018-05-22 10:50:01 - [TEST_STEP][PASSED] - selectOptionByIndex: All options with index in [42] are selected on object 'Object Repository/DispensaryToStore/Page_Dispensary Store/select_--Select--Adernaline 0.'

2018-05-22 10:50:02 - [MESSAGE][PASSED] - All options with index in [42] are selected on object 'Object Repository/DispensaryToStore/Page_Dispensary Store/select_--Select--Adernaline 0.'

2018-05-22 10:50:02 - [TEST_STEP][PASSED] - setText: Text '10' is set on object 'Object Repository/DispensaryToStore/Page_Dispensary Store/input_txttreat'

2018-05-22 10:50:02 - [MESSAGE][PASSED] - Text '10' is set on object 'Object Repository/DispensaryToStore/Page_Dispensary Store/input_txttreat'

2018-05-22 10:50:02 - [TEST_STEP][PASSED] - doubleClick: Object: 'Object Repository/DispensaryToStore/Page_Dispensary Store/button_Add' is double clicked on

2018-05-22 10:50:02 - [MESSAGE][PASSED] - Object: 'Object Repository/DispensaryToStore/Page_Dispensary Store/button_Add' is double clicked on

2018-05-22 10:50:02 - [TEST_STEP][PASSED] - selectOptionByIndex: All options with index in [1] are selected on object 'Object Repository/DispensaryToStore/Page_Dispensary Store/select_--Select--Schedule 1Inj'

2018-05-22 10:50:02 - [MESSAGE][PASSED] - All options with index in [1] are selected on object 'Object Repository/DispensaryToStore/Page_Dispensary Store/select_--Select--Schedule 1Inj'

2018-05-22 10:50:02 - [TEST_STEP][PASSED] - selectOptionByIndex: All options with index in [43] are selected on object 'Object Repository/DispensaryToStore/Page_Dispensary Store/select_--Select--Adernaline 0.'

2018-05-22 10:50:03 - [MESSAGE][PASSED] - All options with index in [43] are selected on object 'Object Repository/DispensaryToStore/Page_Dispensary Store/select_--Select--Adernaline 0.'

2018-05-22 10:50:03 - [TEST_STEP][PASSED] - setText: Text '10' is set on object 'Object Repository/DispensaryToStore/Page_Dispensary Store/input_txttreat'

2018-05-22 10:50:03 - [MESSAGE][PASSED] - Text '10' is set on object 'Object Repository/DispensaryToStore/Page_Dispensary Store/input_txttreat'

2018-05-22 10:50:03 - [TEST_STEP][PASSED] - doubleClick: Object: 'Object Repository/DispensaryToStore/Page_Dispensary Store/button_Add' is double clicked on

2018-05-22 10:50:03 - [MESSAGE][PASSED] - Object: 'Object Repository/DispensaryToStore/Page_Dispensary Store/button_Add' is double clicked on

2018-05-22 10:50:03 - [TEST_STEP][PASSED] - selectOptionByIndex: All options with index in [1] are selected on object 'Object Repository/DispensaryToStore/Page_Dispensary Store/select_--Select--Schedule 1Inj'

2018-05-22 10:50:03 - [MESSAGE][PASSED] - All options with index in [1] are selected on object 'Object Repository/DispensaryToStore/Page_Dispensary Store/select_--Select--Schedule 1Inj'

2018-05-22 10:50:03 - [TEST_STEP][PASSED] - selectOptionByIndex: All options with index in [44] are selected on object 'Object Repository/DispensaryToStore/Page_Dispensary Store/select_--Select--Adernaline 0.'

2018-05-22 10:50:04 - [MESSAGE][PASSED] - All options with index in [44] are selected on object 'Object Repository/DispensaryToStore/Page_Dispensary Store/select_--Select--Adernaline 0.'

2018-05-22 10:50:04 - [TEST_STEP][PASSED] - setText: Text '10' is set on object 'Object Repository/DispensaryToStore/Page_Dispensary Store/input_txttreat'

2018-05-22 10:50:04 - [MESSAGE][PASSED] - Text '10' is set on object 'Object Repository/DispensaryToStore/Page_Dispensary Store/input_txttreat'

2018-05-22 10:50:04 - [TEST_STEP][PASSED] - doubleClick: Object: 'Object Repository/DispensaryToStore/Page_Dispensary Store/button_Add' is double clicked on

2018-05-22 10:50:04 - [MESSAGE][PASSED] - Object: 'Object Repository/DispensaryToStore/Page_Dispensary Store/button_Add' is double clicked on

2018-05-22 10:50:04 - [TEST_STEP][PASSED] - selectOptionByIndex: All options with index in [1] are selected on object 'Object Repository/DispensaryToStore/Page_Dispensary Store/select_--Select--Schedule 1Inj'

2018-05-22 10:50:04 - [MESSAGE][PASSED] - All options with index in [1] are selected on object 'Object Repository/DispensaryToStore/Page_Dispensary Store/select_--Select--Schedule 1Inj'

2018-05-22 10:50:04 - [TEST_STEP][PASSED] - selectOptionByIndex: All options with index in [45] are selected on object 'Object Repository/DispensaryToStore/Page_Dispensary Store/select_--Select--Adernaline 0.'

2018-05-22 10:50:04 - [MESSAGE][PASSED] - All options with index in [45] are selected on object 'Object Repository/DispensaryToStore/Page_Dispensary Store/select_--Select--Adernaline 0.'

2018-05-22 10:50:04 - [TEST_STEP][PASSED] - setText: Text '10' is set on object 'Object Repository/DispensaryToStore/Page_Dispensary Store/input_txttreat'

2018-05-22 10:50:05 - [MESSAGE][PASSED] - Text '10' is set on object 'Object Repository/DispensaryToStore/Page_Dispensary Store/input_txttreat'

2018-05-22 10:50:05 - [TEST_STEP][PASSED] - doubleClick: Object: 'Object Repository/DispensaryToStore/Page_Dispensary Store/button_Add' is double clicked on

2018-05-22 10:50:05 - [MESSAGE][PASSED] - Object: 'Object Repository/DispensaryToStore/Page_Dispensary Store/button_Add' is double clicked on

2018-05-22 10:50:05 - [TEST_STEP][PASSED] - selectOptionByIndex: All options with index in [1] are selected on object 'Object Repository/DispensaryToStore/Page_Dispensary Store/select_--Select--Schedule 1Inj'

2018-05-22 10:50:05 - [MESSAGE][PASSED] - All options with index in [1] are selected on object 'Object Repository/DispensaryToStore/Page_Dispensary Store/select_--Select--Schedule 1Inj'

2018-05-22 10:50:05 - [TEST_STEP][PASSED] - selectOptionByIndex: All options with index in [46] are selected on object 'Object Repository/DispensaryToStore/Page_Dispensary Store/select_--Select--Adernaline 0.'

2018-05-22 10:50:05 - [MESSAGE][PASSED] - All options with index in [46] are selected on object 'Object Repository/DispensaryToStore/Page_Dispensary Store/select_--Select--Adernaline 0.'

2018-05-22 10:50:05 - [TEST_STEP][PASSED] - setText: Text '10' is set on object 'Object Repository/DispensaryToStore/Page_Dispensary Store/input_txttreat'

2018-05-22 10:50:05 - [MESSAGE][PASSED] - Text '10' is set on object 'Object Repository/DispensaryToStore/Page_Dispensary Store/input_txttreat'

2018-05-22 10:50:05 - [TEST_STEP][PASSED] - doubleClick: Object: 'Object Repository/DispensaryToStore/Page_Dispensary Store/button_Add' is double clicked on

2018-05-22 10:50:06 - [MESSAGE][PASSED] - Object: 'Object Repository/DispensaryToStore/Page_Dispensary Store/button_Add' is double clicked on

2018-05-22 10:50:06 - [TEST_STEP][PASSED] - selectOptionByIndex: All options with index in [1] are selected on object 'Object Repository/DispensaryToStore/Page_Dispensary Store/select_--Select--Schedule 1Inj'

2018-05-22 10:50:06 - [MESSAGE][PASSED] - All options with index in [1] are selected on object 'Object Repository/DispensaryToStore/Page_Dispensary Store/select_--Select--Schedule 1Inj'

2018-05-22 10:50:06 - [TEST_STEP][PASSED] - selectOptionByIndex: All options with index in [47] are selected on object 'Object Repository/DispensaryToStore/Page_Dispensary Store/select_--Select--Adernaline 0.'

2018-05-22 10:50:06 - [MESSAGE][PASSED] - All options with index in [47] are selected on object 'Object Repository/DispensaryToStore/Page_Dispensary Store/select_--Select--Adernaline 0.'

2018-05-22 10:50:06 - [TEST_STEP][PASSED] - setText: Text '10' is set on object 'Object Repository/DispensaryToStore/Page_Dispensary Store/input_txttreat'

2018-05-22 10:50:06 - [MESSAGE][PASSED] - Text '10' is set on object 'Object Repository/DispensaryToStore/Page_Dispensary Store/input_txttreat'

2018-05-22 10:50:06 - [TEST_STEP][PASSED] - doubleClick: Object: 'Object Repository/DispensaryToStore/Page_Dispensary Store/button_Add' is double clicked on

2018-05-22 10:50:07 - [MESSAGE][PASSED] - Object: 'Object Repository/DispensaryToStore/Page_Dispensary Store/button_Add' is double clicked on

2018-05-22 10:50:07 - [TEST_STEP][PASSED] - selectOptionByIndex: All options with index in [1] are selected on object 'Object Repository/DispensaryToStore/Page_Dispensary Store/select_--Select--Schedule 1Inj'

2018-05-22 10:50:07 - [MESSAGE][PASSED] - All options with index in [1] are selected on object 'Object Repository/DispensaryToStore/Page_Dispensary Store/select_--Select--Schedule 1Inj'

2018-05-22 10:50:07 - [TEST_STEP][PASSED] - selectOptionByIndex: All options with index in [48] are selected on object 'Object Repository/DispensaryToStore/Page_Dispensary Store/select_--Select--Adernaline 0.'

2018-05-22 10:50:07 - [MESSAGE][PASSED] - All options with index in [48] are selected on object 'Object Repository/DispensaryToStore/Page_Dispensary Store/select_--Select--Adernaline 0.'

2018-05-22 10:50:07 - [TEST_STEP][PASSED] - setText: Text '10' is set on object 'Object Repository/DispensaryToStore/Page_Dispensary Store/input_txttreat'

2018-05-22 10:50:07 - [MESSAGE][PASSED] - Text '10' is set on object 'Object Repository/DispensaryToStore/Page_Dispensary Store/input_txttreat'

2018-05-22 10:50:07 - [TEST_STEP][PASSED] - doubleClick: Object: 'Object Repository/DispensaryToStore/Page_Dispensary Store/button_Add' is double clicked on

2018-05-22 10:50:07 - [MESSAGE][PASSED] - Object: 'Object Repository/DispensaryToStore/Page_Dispensary Store/button_Add' is double clicked on

2018-05-22 10:50:07 - [TEST_STEP][PASSED] - selectOptionByIndex: All options with index in [1] are selected on object 'Object Repository/DispensaryToStore/Page_Dispensary Store/select_--Select--Schedule 1Inj'

2018-05-22 10:50:08 - [MESSAGE][PASSED] - All options with index in [1] are selected on object 'Object Repository/DispensaryToStore/Page_Dispensary Store/select_--Select--Schedule 1Inj'

2018-05-22 10:50:08 - [TEST_STEP][PASSED] - selectOptionByIndex: All options with index in [49] are selected on object 'Object Repository/DispensaryToStore/Page_Dispensary Store/select_--Select--Adernaline 0.'

2018-05-22 10:50:08 - [MESSAGE][PASSED] - All options with index in [49] are selected on object 'Object Repository/DispensaryToStore/Page_Dispensary Store/select_--Select--Adernaline 0.'

2018-05-22 10:50:08 - [TEST_STEP][PASSED] - setText: Text '10' is set on object 'Object Repository/DispensaryToStore/Page_Dispensary Store/input_txttreat'

2018-05-22 10:50:08 - [MESSAGE][PASSED] - Text '10' is set on object 'Object Repository/DispensaryToStore/Page_Dispensary Store/input_txttreat'

2018-05-22 10:50:08 - [TEST_STEP][PASSED] - doubleClick: Object: 'Object Repository/DispensaryToStore/Page_Dispensary Store/button_Add' is double clicked on

2018-05-22 10:50:08 - [MESSAGE][PASSED] - Object: 'Object Repository/DispensaryToStore/Page_Dispensary Store/button_Add' is double clicked on

2018-05-22 10:50:08 - [TEST_STEP][PASSED] - selectOptionByIndex: All options with index in [1] are selected on object 'Object Repository/DispensaryToStore/Page_Dispensary Store/select_--Select--Schedule 1Inj'

2018-05-22 10:50:08 - [MESSAGE][PASSED] - All options with index in [1] are selected on object 'Object Repository/DispensaryToStore/Page_Dispensary Store/select_--Select--Schedule 1Inj'

2018-05-22 10:50:08 - [TEST_STEP][PASSED] - selectOptionByIndex: All options with index in [50] are selected on object 'Object Repository/DispensaryToStore/Page_Dispensary Store/select_--Select--Adernaline 0.'

2018-05-22 10:50:09 - [MESSAGE][PASSED] - All options with index in [50] are selected on object 'Object Repository/DispensaryToStore/Page_Dispensary Store/select_--Select--Adernaline 0.'

2018-05-22 10:50:09 - [TEST_STEP][PASSED] - setText: Text '10' is set on object 'Object Repository/DispensaryToStore/Page_Dispensary Store/input_txttreat'

2018-05-22 10:50:09 - [MESSAGE][PASSED] - Text '10' is set on object 'Object Repository/DispensaryToStore/Page_Dispensary Store/input_txttreat'

2018-05-22 10:50:09 - [TEST_STEP][PASSED] - doubleClick: Object: 'Object Repository/DispensaryToStore/Page_Dispensary Store/button_Add' is double clicked on

2018-05-22 10:50:09 - [MESSAGE][PASSED] - Object: 'Object Repository/DispensaryToStore/Page_Dispensary Store/button_Add' is double clicked on

2018-05-22 10:50:09 - [TEST_STEP][PASSED] - selectOptionByIndex: All options with index in [1] are selected on object 'Object Repository/DispensaryToStore/Page_Dispensary Store/select_--Select--Schedule 1Inj'

2018-05-22 10:50:09 - [MESSAGE][PASSED] - All options with index in [1] are selected on object 'Object Repository/DispensaryToStore/Page_Dispensary Store/select_--Select--Schedule 1Inj'

2018-05-22 10:50:09 - [TEST_STEP][PASSED] - selectOptionByIndex: All options with index in [51] are selected on object 'Object Repository/DispensaryToStore/Page_Dispensary Store/select_--Select--Adernaline 0.'

2018-05-22 10:50:10 - [MESSAGE][PASSED] - All options with index in [51] are selected on object 'Object Repository/DispensaryToStore/Page_Dispensary Store/select_--Select--Adernaline 0.'

2018-05-22 10:50:10 - [TEST_STEP][PASSED] - setText: Text '10' is set on object 'Object Repository/DispensaryToStore/Page_Dispensary Store/input_txttreat'

2018-05-22 10:50:10 - [MESSAGE][PASSED] - Text '10' is set on object 'Object Repository/DispensaryToStore/Page_Dispensary Store/input_txttreat'

2018-05-22 10:50:10 - [TEST_STEP][PASSED] - doubleClick: Object: 'Object Repository/DispensaryToStore/Page_Dispensary Store/button_Add' is double clicked on

2018-05-22 10:50:10 - [MESSAGE][PASSED] - Object: 'Object Repository/DispensaryToStore/Page_Dispensary Store/button_Add' is double clicked on

2018-05-22 10:50:10 - [TEST_STEP][PASSED] - selectOptionByIndex: All options with index in [1] are selected on object 'Object Repository/DispensaryToStore/Page_Dispensary Store/select_--Select--Schedule 1Inj'

2018-05-22 10:50:10 - [MESSAGE][PASSED] - All options with index in [1] are selected on object 'Object Repository/DispensaryToStore/Page_Dispensary Store/select_--Select--Schedule 1Inj'

2018-05-22 10:50:10 - [TEST_STEP][PASSED] - selectOptionByIndex: All options with index in [52] are selected on object 'Object Repository/DispensaryToStore/Page_Dispensary Store/select_--Select--Adernaline 0.'

2018-05-22 10:50:11 - [MESSAGE][PASSED] - All options with index in [52] are selected on object 'Object Repository/DispensaryToStore/Page_Dispensary Store/select_--Select--Adernaline 0.'

2018-05-22 10:50:11 - [TEST_STEP][PASSED] - setText: Text '10' is set on object 'Object Repository/DispensaryToStore/Page_Dispensary Store/input_txttreat'

2018-05-22 10:50:11 - [MESSAGE][PASSED] - Text '10' is set on object 'Object Repository/DispensaryToStore/Page_Dispensary Store/input_txttreat'

2018-05-22 10:50:11 - [TEST_STEP][PASSED] - doubleClick: Object: 'Object Repository/DispensaryToStore/Page_Dispensary Store/button_Add' is double clicked on

2018-05-22 10:50:11 - [MESSAGE][PASSED] - Object: 'Object Repository/DispensaryToStore/Page_Dispensary Store/button_Add' is double clicked on

2018-05-22 10:50:11 - [TEST_STEP][PASSED] - selectOptionByIndex: All options with index in [1] are selected on object 'Object Repository/DispensaryToStore/Page_Dispensary Store/select_--Select--Schedule 1Inj'

2018-05-22 10:50:11 - [MESSAGE][PASSED] - All options with index in [1] are selected on object 'Object Repository/DispensaryToStore/Page_Dispensary Store/select_--Select--Schedule 1Inj'

2018-05-22 10:50:11 - [TEST_STEP][PASSED] - selectOptionByIndex: All options with index in [53] are selected on object 'Object Repository/DispensaryToStore/Page_Dispensary Store/select_--Select--Adernaline 0.'

2018-05-22 10:50:12 - [MESSAGE][PASSED] - All options with index in [53] are selected on object 'Object Repository/DispensaryToStore/Page_Dispensary Store/select_--Select--Adernaline 0.'

2018-05-22 10:50:12 - [TEST_STEP][PASSED] - setText: Text '10' is set on object 'Object Repository/DispensaryToStore/Page_Dispensary Store/input_txttreat'

2018-05-22 10:50:12 - [MESSAGE][PASSED] - Text '10' is set on object 'Object Repository/DispensaryToStore/Page_Dispensary Store/input_txttreat'

2018-05-22 10:50:12 - [TEST_STEP][PASSED] - doubleClick: Object: 'Object Repository/DispensaryToStore/Page_Dispensary Store/button_Add' is double clicked on

2018-05-22 10:50:12 - [MESSAGE][PASSED] - Object: 'Object Repository/DispensaryToStore/Page_Dispensary Store/button_Add' is double clicked on

2018-05-22 10:50:12 - [TEST_STEP][PASSED] - selectOptionByIndex: All options with index in [1] are selected on object 'Object Repository/DispensaryToStore/Page_Dispensary Store/select_--Select--Schedule 1Inj'

2018-05-22 10:50:12 - [MESSAGE][PASSED] - All options with index in [1] are selected on object 'Object Repository/DispensaryToStore/Page_Dispensary Store/select_--Select--Schedule 1Inj'

2018-05-22 10:50:12 - [TEST_STEP][PASSED] - selectOptionByIndex: All options with index in [54] are selected on object 'Object Repository/DispensaryToStore/Page_Dispensary Store/select_--Select--Adernaline 0.'

2018-05-22 10:50:13 - [MESSAGE][PASSED] - All options with index in [54] are selected on object 'Object Repository/DispensaryToStore/Page_Dispensary Store/select_--Select--Adernaline 0.'

2018-05-22 10:50:13 - [TEST_STEP][PASSED] - setText: Text '10' is set on object 'Object Repository/DispensaryToStore/Page_Dispensary Store/input_txttreat'

2018-05-22 10:50:13 - [MESSAGE][PASSED] - Text '10' is set on object 'Object Repository/DispensaryToStore/Page_Dispensary Store/input_txttreat'

2018-05-22 10:50:13 - [TEST_STEP][PASSED] - doubleClick: Object: 'Object Repository/DispensaryToStore/Page_Dispensary Store/button_Add' is double clicked on

2018-05-22 10:50:13 - [MESSAGE][PASSED] - Object: 'Object Repository/DispensaryToStore/Page_Dispensary Store/button_Add' is double clicked on

2018-05-22 10:50:13 - [TEST_STEP][PASSED] - selectOptionByIndex: All options with index in [1] are selected on object 'Object Repository/DispensaryToStore/Page_Dispensary Store/select_--Select--Schedule 1Inj'

2018-05-22 10:50:13 - [MESSAGE][PASSED] - All options with index in [1] are selected on object 'Object Repository/DispensaryToStore/Page_Dispensary Store/select_--Select--Schedule 1Inj'

2018-05-22 10:50:13 - [TEST_STEP][PASSED] - selectOptionByIndex: All options with index in [55] are selected on object 'Object Repository/DispensaryToStore/Page_Dispensary Store/select_--Select--Adernaline 0.'

2018-05-22 10:50:14 - [MESSAGE][PASSED] - All options with index in [55] are selected on object 'Object Repository/DispensaryToStore/Page_Dispensary Store/select_--Select--Adernaline 0.'

2018-05-22 10:50:14 - [TEST_STEP][PASSED] - setText: Text '10' is set on object 'Object Repository/DispensaryToStore/Page_Dispensary Store/input_txttreat'

2018-05-22 10:50:14 - [MESSAGE][PASSED] - Text '10' is set on object 'Object Repository/DispensaryToStore/Page_Dispensary Store/input_txttreat'

2018-05-22 10:50:14 - [TEST_STEP][PASSED] - doubleClick: Object: 'Object Repository/DispensaryToStore/Page_Dispensary Store/button_Add' is double clicked on

2018-05-22 10:50:14 - [MESSAGE][PASSED] - Object: 'Object Repository/DispensaryToStore/Page_Dispensary Store/button_Add' is double clicked on

2018-05-22 10:50:14 - [TEST_STEP][PASSED] - selectOptionByIndex: All options with index in [1] are selected on object 'Object Repository/DispensaryToStore/Page_Dispensary Store/select_--Select--Schedule 1Inj'

2018-05-22 10:50:14 - [MESSAGE][PASSED] - All options with index in [1] are selected on object 'Object Repository/DispensaryToStore/Page_Dispensary Store/select_--Select--Schedule 1Inj'

2018-05-22 10:50:14 - [TEST_STEP][PASSED] - selectOptionByIndex: All options with index in [56] are selected on object 'Object Repository/DispensaryToStore/Page_Dispensary Store/select_--Select--Adernaline 0.'

2018-05-22 10:50:15 - [MESSAGE][PASSED] - All options with index in [56] are selected on object 'Object Repository/DispensaryToStore/Page_Dispensary Store/select_--Select--Adernaline 0.'

2018-05-22 10:50:15 - [TEST_STEP][PASSED] - setText: Text '10' is set on object 'Object Repository/DispensaryToStore/Page_Dispensary Store/input_txttreat'

2018-05-22 10:50:15 - [MESSAGE][PASSED] - Text '10' is set on object 'Object Repository/DispensaryToStore/Page_Dispensary Store/input_txttreat'

2018-05-22 10:50:15 - [TEST_STEP][PASSED] - doubleClick: Object: 'Object Repository/DispensaryToStore/Page_Dispensary Store/button_Add' is double clicked on

2018-05-22 10:50:15 - [MESSAGE][PASSED] - Object: 'Object Repository/DispensaryToStore/Page_Dispensary Store/button_Add' is double clicked on

2018-05-22 10:50:15 - [TEST_STEP][PASSED] - selectOptionByIndex: All options with index in [1] are selected on object 'Object Repository/DispensaryToStore/Page_Dispensary Store/select_--Select--Schedule 1Inj'

2018-05-22 10:50:15 - [MESSAGE][PASSED] - All options with index in [1] are selected on object 'Object Repository/DispensaryToStore/Page_Dispensary Store/select_--Select--Schedule 1Inj'

2018-05-22 10:50:15 - [TEST_STEP][PASSED] - selectOptionByIndex: All options with index in [57] are selected on object 'Object Repository/DispensaryToStore/Page_Dispensary Store/select_--Select--Adernaline 0.'

2018-05-22 10:50:16 - [MESSAGE][PASSED] - All options with index in [57] are selected on object 'Object Repository/DispensaryToStore/Page_Dispensary Store/select_--Select--Adernaline 0.'

2018-05-22 10:50:16 - [TEST_STEP][PASSED] - setText: Text '10' is set on object 'Object Repository/DispensaryToStore/Page_Dispensary Store/input_txttreat'

2018-05-22 10:50:16 - [MESSAGE][PASSED] - Text '10' is set on object 'Object Repository/DispensaryToStore/Page_Dispensary Store/input_txttreat'

2018-05-22 10:50:16 - [TEST_STEP][PASSED] - doubleClick: Object: 'Object Repository/DispensaryToStore/Page_Dispensary Store/button_Add' is double clicked on

2018-05-22 10:50:16 - [MESSAGE][PASSED] - Object: 'Object Repository/DispensaryToStore/Page_Dispensary Store/button_Add' is double clicked on

2018-05-22 10:50:16 - [TEST_STEP][PASSED] - selectOptionByIndex: All options with index in [1] are selected on object 'Object Repository/DispensaryToStore/Page_Dispensary Store/select_--Select--Schedule 1Inj'

2018-05-22 10:50:16 - [MESSAGE][PASSED] - All options with index in [1] are selected on object 'Object Repository/DispensaryToStore/Page_Dispensary Store/select_--Select--Schedule 1Inj'

2018-05-22 10:50:16 - [TEST_STEP][PASSED] - selectOptionByIndex: All options with index in [58] are selected on object 'Object Repository/DispensaryToStore/Page_Dispensary Store/select_--Select--Adernaline 0.'

2018-05-22 10:50:17 - [MESSAGE][PASSED] - All options with index in [58] are selected on object 'Object Repository/DispensaryToStore/Page_Dispensary Store/select_--Select--Adernaline 0.'

2018-05-22 10:50:17 - [TEST_STEP][PASSED] - setText: Text '10' is set on object 'Object Repository/DispensaryToStore/Page_Dispensary Store/input_txttreat'

2018-05-22 10:50:17 - [MESSAGE][PASSED] - Text '10' is set on object 'Object Repository/DispensaryToStore/Page_Dispensary Store/input_txttreat'

2018-05-22 10:50:17 - [TEST_STEP][PASSED] - doubleClick: Object: 'Object Repository/DispensaryToStore/Page_Dispensary Store/button_Add' is double clicked on

2018-05-22 10:50:17 - [MESSAGE][PASSED] - Object: 'Object Repository/DispensaryToStore/Page_Dispensary Store/button_Add' is double clicked on

2018-05-22 10:50:17 - [TEST_STEP][PASSED] - selectOptionByIndex: All options with index in [1] are selected on object 'Object Repository/DispensaryToStore/Page_Dispensary Store/select_--Select--Schedule 1Inj'

2018-05-22 10:50:17 - [MESSAGE][PASSED] - All options with index in [1] are selected on object 'Object Repository/DispensaryToStore/Page_Dispensary Store/select_--Select--Schedule 1Inj'

2018-05-22 10:50:17 - [TEST_STEP][PASSED] - selectOptionByIndex: All options with index in [59] are selected on object 'Object Repository/DispensaryToStore/Page_Dispensary Store/select_--Select--Adernaline 0.'

2018-05-22 10:50:18 - [MESSAGE][PASSED] - All options with index in [59] are selected on object 'Object Repository/DispensaryToStore/Page_Dispensary Store/select_--Select--Adernaline 0.'

2018-05-22 10:50:18 - [TEST_STEP][PASSED] - setText: Text '10' is set on object 'Object Repository/DispensaryToStore/Page_Dispensary Store/input_txttreat'

2018-05-22 10:50:18 - [MESSAGE][PASSED] - Text '10' is set on object 'Object Repository/DispensaryToStore/Page_Dispensary Store/input_txttreat'

2018-05-22 10:50:18 - [TEST_STEP][PASSED] - doubleClick: Object: 'Object Repository/DispensaryToStore/Page_Dispensary Store/button_Add' is double clicked on

2018-05-22 10:50:18 - [MESSAGE][PASSED] - Object: 'Object Repository/DispensaryToStore/Page_Dispensary Store/button_Add' is double clicked on

2018-05-22 10:50:18 - [TEST_STEP][PASSED] - selectOptionByIndex: All options with index in [1] are selected on object 'Object Repository/DispensaryToStore/Page_Dispensary Store/select_--Select--Schedule 1Inj'

2018-05-22 10:50:18 - [MESSAGE][PASSED] - All options with index in [1] are selected on object 'Object Repository/DispensaryToStore/Page_Dispensary Store/select_--Select--Schedule 1Inj'

2018-05-22 10:50:18 - [TEST_STEP][PASSED] - selectOptionByIndex: All options with index in [60] are selected on object 'Object Repository/DispensaryToStore/Page_Dispensary Store/select_--Select--Adernaline 0.'

2018-05-22 10:50:19 - [MESSAGE][PASSED] - All options with index in [60] are selected on object 'Object Repository/DispensaryToStore/Page_Dispensary Store/select_--Select--Adernaline 0.'

2018-05-22 10:50:19 - [TEST_STEP][PASSED] - setText: Text '10' is set on object 'Object Repository/DispensaryToStore/Page_Dispensary Store/input_txttreat'

2018-05-22 10:50:19 - [MESSAGE][PASSED] - Text '10' is set on object 'Object Repository/DispensaryToStore/Page_Dispensary Store/input_txttreat'

2018-05-22 10:50:19 - [TEST_STEP][PASSED] - doubleClick: Object: 'Object Repository/DispensaryToStore/Page_Dispensary Store/button_Add' is double clicked on

2018-05-22 10:50:19 - [MESSAGE][PASSED] - Object: 'Object Repository/DispensaryToStore/Page_Dispensary Store/button_Add' is double clicked on

2018-05-22 10:50:19 - [TEST_STEP][PASSED] - selectOptionByIndex: All options with index in [1] are selected on object 'Object Repository/DispensaryToStore/Page_Dispensary Store/select_--Select--Schedule 1Inj'

2018-05-22 10:50:19 - [MESSAGE][PASSED] - All options with index in [1] are selected on object 'Object Repository/DispensaryToStore/Page_Dispensary Store/select_--Select--Schedule 1Inj'

2018-05-22 10:50:19 - [TEST_STEP][PASSED] - selectOptionByIndex: All options with index in [61] are selected on object 'Object Repository/DispensaryToStore/Page_Dispensary Store/select_--Select--Adernaline 0.'

2018-05-22 10:50:20 - [MESSAGE][PASSED] - All options with index in [61] are selected on object 'Object Repository/DispensaryToStore/Page_Dispensary Store/select_--Select--Adernaline 0.'

2018-05-22 10:50:20 - [TEST_STEP][PASSED] - setText: Text '10' is set on object 'Object Repository/DispensaryToStore/Page_Dispensary Store/input_txttreat'

2018-05-22 10:50:20 - [MESSAGE][PASSED] - Text '10' is set on object 'Object Repository/DispensaryToStore/Page_Dispensary Store/input_txttreat'

2018-05-22 10:50:20 - [TEST_STEP][PASSED] - doubleClick: Object: 'Object Repository/DispensaryToStore/Page_Dispensary Store/button_Add' is double clicked on

2018-05-22 10:50:20 - [MESSAGE][PASSED] - Object: 'Object Repository/DispensaryToStore/Page_Dispensary Store/button_Add' is double clicked on

2018-05-22 10:50:20 - [TEST_STEP][PASSED] - selectOptionByIndex: All options with index in [1] are selected on object 'Object Repository/DispensaryToStore/Page_Dispensary Store/select_--Select--Schedule 1Inj'

2018-05-22 10:50:20 - [MESSAGE][PASSED] - All options with index in [1] are selected on object 'Object Repository/DispensaryToStore/Page_Dispensary Store/select_--Select--Schedule 1Inj'

2018-05-22 10:50:20 - [TEST_STEP][PASSED] - selectOptionByIndex: All options with index in [62] are selected on object 'Object Repository/DispensaryToStore/Page_Dispensary Store/select_--Select--Adernaline 0.'

2018-05-22 10:50:21 - [MESSAGE][PASSED] - All options with index in [62] are selected on object 'Object Repository/DispensaryToStore/Page_Dispensary Store/select_--Select--Adernaline 0.'

2018-05-22 10:50:21 - [TEST_STEP][PASSED] - setText: Text '10' is set on object 'Object Repository/DispensaryToStore/Page_Dispensary Store/input_txttreat'

2018-05-22 10:50:21 - [MESSAGE][PASSED] - Text '10' is set on object 'Object Repository/DispensaryToStore/Page_Dispensary Store/input_txttreat'

2018-05-22 10:50:21 - [TEST_STEP][PASSED] - doubleClick: Object: 'Object Repository/DispensaryToStore/Page_Dispensary Store/button_Add' is double clicked on

2018-05-22 10:50:21 - [MESSAGE][PASSED] - Object: 'Object Repository/DispensaryToStore/Page_Dispensary Store/button_Add' is double clicked on

2018-05-22 10:50:21 - [TEST_STEP][PASSED] - scrollToElement: Scroll to object 'Object Repository/DispensaryToStore/Page_Dispensary Store/input_btnsave' successfully

2018-05-22 10:50:21 - [MESSAGE][PASSED] - Scroll to object 'Object Repository/DispensaryToStore/Page_Dispensary Store/input_btnsave' successfully

2018-05-22 10:50:21 - [TEST_STEP][PASSED] - click: Object: 'Object Repository/DispensaryToStore/Page_Dispensary Store/input_btnsave' is clicked on

2018-05-22 10:50:21 - [MESSAGE][PASSED] - Object: 'Object Repository/DispensaryToStore/Page_Dispensary Store/input_btnsave' is clicked on

2018-05-22 10:50:21 - [TEST_STEP][PASSED] - delay: Delayed 3 second(s)

2018-05-22 10:50:24 - [MESSAGE][PASSED] - Delayed 3 second(s)

2018-05-22 10:50:24 - [TEST_STEP][PASSED] - Statement - RN1 = com.kms.katalon.core.webui.keyword.WebUiBuiltInKeywords.getText(com.kms.katalon.core.testobject.ObjectRepository.findTestObject(DispensaryToStore/Page_Dispensary Store/font_HPRNO180520187)): Text of object 'Object Repository/DispensaryToStore/Page_Dispensary Store/font_HPRNO180520187' is: 'DPRNO/22052018/52'

2018-05-22 10:50:25 - [MESSAGE][PASSED] - Text of object 'Object Repository/DispensaryToStore/Page_Dispensary Store/font_HPRNO180520187' is: 'DPRNO/22052018/52'

2018-05-22 10:50:25 - [TEST_STEP][PASSED] - Statement - out.println(RN1): null

2018-05-22 10:50:25 - [TEST_STEP][PASSED] - Statement - RID = RN1.split("/")[2]: null

2018-05-22 10:50:25 - [TEST_STEP][PASSED] - click: Object: 'Object Repository/DispensaryToStore/Page_Dispensary Store/button_OK' is clicked on

2018-05-22 10:50:25 - [MESSAGE][PASSED] - Object: 'Object Repository/DispensaryToStore/Page_Dispensary Store/button_OK' is clicked on

2018-05-22 10:50:25 - [TEST_STEP][PASSED] - delay: Delayed 3 second(s)

2018-05-22 10:50:28 - [MESSAGE][PASSED] - Delayed 3 second(s)

2018-05-22 10:50:28 - [TEST_STEP][PASSED] - waitForElementPresent: Object 'Object Repository/DispensaryToStore/Page_Dispensary Store/a_dropdown-toggle' is present

2018-05-22 10:50:28 - [MESSAGE][PASSED] - Object 'Object Repository/DispensaryToStore/Page_Dispensary Store/a_dropdown-toggle' is present

2018-05-22 10:50:28 - [TEST_STEP][PASSED] - click: Object: 'Object Repository/DispensaryToStore/Page_Dispensary Store/a_dropdown-toggle' is clicked on

2018-05-22 10:50:28 - [MESSAGE][PASSED] - Object: 'Object Repository/DispensaryToStore/Page_Dispensary Store/a_dropdown-toggle' is clicked on

2018-05-22 10:50:28 - [TEST_STEP][PASSED] - click: Object: 'Object Repository/DispensaryToStore/Page_Dispensary Store/a_Sign out' is clicked on

2018-05-22 10:50:29 - [MESSAGE][PASSED] - Object: 'Object Repository/DispensaryToStore/Page_Dispensary Store/a_Sign out' is clicked on

2018-05-22 10:50:29 - [TEST_STEP][PASSED] - delay: Delayed 3 second(s)

2018-05-22 10:50:32 - [MESSAGE][PASSED] - Delayed 3 second(s)

2018-05-22 10:50:32 - [TEST_STEP][PASSED] - navigateToUrl: Navigate to 'http://192.168.137.1/multihospital_new/' successfully

2018-05-22 10:50:32 - [MESSAGE][PASSED] - Navigate to 'http://192.168.137.1/multihospital_new/' successfully

2018-05-22 10:50:32 - [TEST_STEP][PASSED] - click: Object: 'Object Repository/DispensaryToStore/Page_KDMC/a_CMO' is clicked on

2018-05-22 10:50:33 - [MESSAGE][PASSED] - Object: 'Object Repository/DispensaryToStore/Page_KDMC/a_CMO' is clicked on

2018-05-22 10:50:33 - [TEST_STEP][PASSED] - setText: Text 'guru' is set on object 'Object Repository/DispensaryToStore/Page_CMO login/input_txtusername'

2018-05-22 10:50:33 - [MESSAGE][PASSED] - Text 'guru' is set on object 'Object Repository/DispensaryToStore/Page_CMO login/input_txtusername'

2018-05-22 10:50:33 - [TEST_STEP][PASSED] - setText: Text '123' is set on object 'Object Repository/DispensaryToStore/Page_CMO login/input_txtpassword'

2018-05-22 10:50:33 - [MESSAGE][PASSED] - Text '123' is set on object 'Object Repository/DispensaryToStore/Page_CMO login/input_txtpassword'

2018-05-22 10:50:33 - [TEST_STEP][PASSED] - delay: Delayed 3 second(s)

2018-05-22 10:50:36 - [MESSAGE][PASSED] - Delayed 3 second(s)

2018-05-22 10:50:36 - [TEST_STEP][PASSED] - click: Object: 'Object Repository/DispensaryToStore/Page_CMO login/button_Sign in' is clicked on

2018-05-22 10:50:37 - [MESSAGE][PASSED] - Object: 'Object Repository/DispensaryToStore/Page_CMO login/button_Sign in' is clicked on

2018-05-22 10:50:37 - [TEST_STEP][PASSED] - click: Object: 'Object Repository/DispensaryToStore/Page_KDMC - CMO/a_Department Wise Request' is clicked on

2018-05-22 10:50:39 - [MESSAGE][PASSED] - Object: 'Object Repository/DispensaryToStore/Page_KDMC - CMO/a_Department Wise Request' is clicked on

2018-05-22 10:50:39 - [TEST_STEP][PASSED] - delay: Delayed 2 second(s)

2018-05-22 10:50:41 - [MESSAGE][PASSED] - Delayed 2 second(s)

2018-05-22 10:50:41 - [TEST_STEP][PASSED] - selectOptionByIndex: All options with index in [6] are selected on object 'Object Repository/DispensaryToStore/Page_KDMC - CMO/select_--ALL--'

2018-05-22 10:50:42 - [MESSAGE][PASSED] - All options with index in [6] are selected on object 'Object Repository/DispensaryToStore/Page_KDMC - CMO/select_--ALL--'

2018-05-22 10:50:42 - [TEST_STEP][PASSED] - click: Object: 'Object Repository/DispensaryToStore/Page_KDMC - CMO/input_btnsearch' is clicked on

2018-05-22 10:50:42 - [MESSAGE][PASSED] - Object: 'Object Repository/DispensaryToStore/Page_KDMC - CMO/input_btnsearch' is clicked on

2018-05-22 10:50:42 - [TEST_STEP][PASSED] - selectOptionByIndex: All options with index in [1] are selected on object 'Object Repository/DispensaryToStore/Page_KDMC - CMO/select_--ALL--                _1'

2018-05-22 10:50:42 - [MESSAGE][PASSED] - All options with index in [1] are selected on object 'Object Repository/DispensaryToStore/Page_KDMC - CMO/select_--ALL--                _1'

2018-05-22 10:50:42 - [TEST_STEP][PASSED] - click: Object: 'Object Repository/DispensaryToStore/Page_KDMC - CMO/input_btnsearch' is clicked on

2018-05-22 10:50:42 - [MESSAGE][PASSED] - Object: 'Object Repository/DispensaryToStore/Page_KDMC - CMO/input_btnsearch' is clicked on

2018-05-22 10:50:42 - [TEST_STEP][PASSED] - Statement - ID = com.kms.katalon.core.webui.keyword.WebUiBuiltInKeywords.modifyObjectProperty(com.kms.katalon.core.testobject.ObjectRepository.findTestObject(lab/Page_KDMC - CMO/input_1), "xpath", "equals", "//*[@id=" + RID + "]", true): Modify property of object successfully

2018-05-22 10:50:42 - [MESSAGE][PASSED] - Modify property of object successfully

2018-05-22 10:50:42 - [TEST_STEP][PASSED] - click: Object: 'Object Repository/lab/Page_KDMC - CMO/input_1' is clicked on

2018-05-22 10:50:42 - [MESSAGE][PASSED] - Object: 'Object Repository/lab/Page_KDMC - CMO/input_1' is clicked on

2018-05-22 10:50:42 - [TEST_STEP][PASSED] - delay: Delayed 2 second(s)

2018-05-22 10:50:44 - [MESSAGE][PASSED] - Delayed 2 second(s)

2018-05-22 10:50:44 - [TEST_STEP][PASSED] - selectOptionByIndex: All options with index in [1] are selected on object 'Object Repository/DispensaryToStore/Page_KDMC - CMO/select_--Select--'

2018-05-22 10:50:45 - [MESSAGE][PASSED] - All options with index in [1] are selected on object 'Object Repository/DispensaryToStore/Page_KDMC - CMO/select_--Select--'

2018-05-22 10:50:45 - [TEST_STEP][PASSED] - click: Object: 'Object Repository/DispensaryToStore/Page_KDMC - CMO/input_btnupdate' is clicked on

2018-05-22 10:50:45 - [MESSAGE][PASSED] - Object: 'Object Repository/DispensaryToStore/Page_KDMC - CMO/input_btnupdate' is clicked on

2018-05-22 10:50:45 - [TEST_STEP][PASSED] - delay: Delayed 2 second(s)

2018-05-22 10:50:47 - [MESSAGE][PASSED] - Delayed 2 second(s)

2018-05-22 10:50:47 - [TEST_STEP][PASSED] - click: Object: 'Object Repository/DispensaryToStore/Page_KDMC - CMO/button_OK' is clicked on

2018-05-22 10:50:47 - [MESSAGE][PASSED] - Object: 'Object Repository/DispensaryToStore/Page_KDMC - CMO/button_OK' is clicked on

2018-05-22 10:50:47 - [TEST_STEP][PASSED] - delay: Delayed 2 second(s)

2018-05-22 10:50:49 - [MESSAGE][PASSED] - Delayed 2 second(s)

2018-05-22 10:50:49 - [TEST_STEP][PASSED] - waitForElementPresent: Object 'Object Repository/DispensaryToStore/Page_Dispensary Store/a_dropdown-toggle' is not present after 20 second(s)

2018-05-22 10:51:10 - [MESSAGE][WARNING] - Object 'Object Repository/DispensaryToStore/Page_Dispensary Store/a_dropdown-toggle' is not present after 20 second(s)

2018-05-22 10:51:10 - [TEST_STEP][PASSED] - click: Object: 'Object Repository/DispensaryToStore/Page_KDMC - CMO/a_dropdown-toggle' is clicked on

2018-05-22 10:51:10 - [MESSAGE][PASSED] - Object: 'Object Repository/DispensaryToStore/Page_KDMC - CMO/a_dropdown-toggle' is clicked on

2018-05-22 10:51:10 - [TEST_STEP][PASSED] - click: Object: 'Object Repository/DispensaryToStore/Page_KDMC - CMO/a_Sign out' is clicked on

2018-05-22 10:51:11 - [MESSAGE][PASSED] - Object: 'Object Repository/DispensaryToStore/Page_KDMC - CMO/a_Sign out' is clicked on

2018-05-22 10:51:11 - [TEST_STEP][PASSED] - delay: Delayed 3 second(s)

2018-05-22 10:51:14 - [MESSAGE][PASSED] - Delayed 3 second(s)

2018-05-22 10:51:14 - [TEST_STEP][PASSED] - click: Object: 'Object Repository/DispensaryToStore/Page_KDMC/a_Divisional Store' is clicked on

2018-05-22 10:51:16 - [MESSAGE][PASSED] - Object: 'Object Repository/DispensaryToStore/Page_KDMC/a_Divisional Store' is clicked on

2018-05-22 10:51:16 - [TEST_STEP][PASSED] - setText: Text 'ragu' is set on object 'Object Repository/DispensaryToStore/Page_Divisonal Store Login/input_txtusername'

2018-05-22 10:51:16 - [MESSAGE][PASSED] - Text 'ragu' is set on object 'Object Repository/DispensaryToStore/Page_Divisonal Store Login/input_txtusername'

2018-05-22 10:51:16 - [TEST_STEP][PASSED] - setText: Text '123' is set on object 'Object Repository/DispensaryToStore/Page_Divisonal Store Login/input_txtpassword'

2018-05-22 10:51:16 - [MESSAGE][PASSED] - Text '123' is set on object 'Object Repository/DispensaryToStore/Page_Divisonal Store Login/input_txtpassword'

2018-05-22 10:51:16 - [TEST_STEP][PASSED] - delay: Delayed 3 second(s)

2018-05-22 10:51:19 - [MESSAGE][PASSED] - Delayed 3 second(s)

2018-05-22 10:51:19 - [TEST_STEP][PASSED] - click: Object: 'Object Repository/DispensaryToStore/Page_Divisonal Store Login/button_Sign in' is clicked on

2018-05-22 10:51:21 - [MESSAGE][PASSED] - Object: 'Object Repository/DispensaryToStore/Page_Divisonal Store Login/button_Sign in' is clicked on

2018-05-22 10:51:21 - [TEST_STEP][PASSED] - delay: Delayed 3 second(s)

2018-05-22 10:51:24 - [MESSAGE][PASSED] - Delayed 3 second(s)

2018-05-22 10:51:24 - [TEST_STEP][PASSED] - scrollToPosition: Browser is scrolled to position x = 100, y = 100

2018-05-22 10:51:24 - [MESSAGE][PASSED] - Browser is scrolled to position x = 100, y = 100

2018-05-22 10:51:24 - [TEST_STEP][PASSED] - click: Object: 'Object Repository/DispensaryToStore/Page_Store/a_Dispensary Request' is clicked on

2018-05-22 10:51:24 - [MESSAGE][PASSED] - Object: 'Object Repository/DispensaryToStore/Page_Store/a_Dispensary Request' is clicked on

2018-05-22 10:51:24 - [TEST_STEP][PASSED] - delay: Delayed 2 second(s)

2018-05-22 10:51:26 - [MESSAGE][PASSED] - Delayed 2 second(s)

2018-05-22 10:51:26 - [TEST_STEP][PASSED] - click: Object: 'Object Repository/DispensaryToStore/Page_Store/a_Request Item Dispensary' is clicked on

2018-05-22 10:51:27 - [MESSAGE][PASSED] - Object: 'Object Repository/DispensaryToStore/Page_Store/a_Request Item Dispensary' is clicked on

2018-05-22 10:51:27 - [TEST_STEP][PASSED] - Statement - ChooseRequest = com.kms.katalon.core.webui.keyword.WebUiBuiltInKeywords.modifyObjectProperty(com.kms.katalon.core.testobject.ObjectRepository.findTestObject(lab/Page_Store/input_1), "xpath", "equals", "//*[@id=" + RID + "]", true): Modify property of object successfully

2018-05-22 10:51:27 - [MESSAGE][PASSED] - Modify property of object successfully

2018-05-22 10:51:27 - [TEST_STEP][PASSED] - click: Object: 'Object Repository/lab/Page_Store/input_1' is clicked on

2018-05-22 10:51:27 - [MESSAGE][PASSED] - Object: 'Object Repository/lab/Page_Store/input_1' is clicked on

2018-05-22 10:51:27 - [TEST_STEP][PASSED] - Statement - selectedoptions = com.kms.katalon.core.webui.keyword.WebUiBuiltInKeywords.getNumberOfTotalOption(com.kms.katalon.core.testobject.ObjectRepository.findTestObject(DispensaryToStore/Page_Store/select_--Select--Adernaline 0.)): 63 options of object 'Object Repository/DispensaryToStore/Page_Store/select_--Select--Adernaline 0.' counted

2018-05-22 10:51:27 - [MESSAGE][PASSED] - 63 options of object 'Object Repository/DispensaryToStore/Page_Store/select_--Select--Adernaline 0.' counted

2018-05-22 10:51:27 - [TEST_STEP][PASSED] - Statement - For ([a = 1, a <= selectedoptions - 1, (a++)]): null

2018-05-22 10:51:27 - [TEST_STEP][PASSED] - selectOptionByIndex: All options with index in [1] are selected on object 'Object Repository/DispensaryToStore/Page_Store/select_--Select--Adernaline 0.'

2018-05-22 10:51:28 - [MESSAGE][PASSED] - All options with index in [1] are selected on object 'Object Repository/DispensaryToStore/Page_Store/select_--Select--Adernaline 0.'

2018-05-22 10:51:28 - [TEST_STEP][PASSED] - delay: Delayed 2 second(s)

2018-05-22 10:51:30 - [MESSAGE][PASSED] - Delayed 2 second(s)

2018-05-22 10:51:30 - [TEST_STEP][PASSED] - Statement - RequestedQty = com.kms.katalon.core.webui.keyword.WebUiBuiltInKeywords.getAttribute(com.kms.katalon.core.testobject.ObjectRepository.findTestObject(DispensaryToStore/Page_Store/input_txttotal), "value"): Attribute 'value' of object 'Object Repository/DispensaryToStore/Page_Store/input_txttotal' is: '10'

2018-05-22 10:51:30 - [MESSAGE][PASSED] - Attribute 'value' of object 'Object Repository/DispensaryToStore/Page_Store/input_txttotal' is: '10'

2018-05-22 10:51:30 - [TEST_STEP][PASSED] - Statement - out.println("Requested QTY : " + RequestedQty): null

2018-05-22 10:51:30 - [TEST_STEP][PASSED] - Statement - BatchNumber = com.kms.katalon.core.webui.keyword.WebUiBuiltInKeywords.getNumberOfTotalOption(com.kms.katalon.core.testobject.ObjectRepository.findTestObject(DispensaryToStore/Page_Store/select_--Select--BA1170BA2376B)): 4 options of object 'Object Repository/DispensaryToStore/Page_Store/select_--Select--BA1170BA2376B' counted

2018-05-22 10:51:30 - [MESSAGE][PASSED] - 4 options of object 'Object Repository/DispensaryToStore/Page_Store/select_--Select--BA1170BA2376B' counted

2018-05-22 10:51:30 - [TEST_STEP][PASSED] - Statement - For ([g = 1, g <= BatchNumber - 1, (g++)]): null

2018-05-22 10:51:30 - [TEST_STEP][PASSED] - selectOptionByIndex: All options with index in [1] are selected on object 'Object Repository/DispensaryToStore/Page_Store/select_--Select--BA1170BA2376B'

2018-05-22 10:51:30 - [MESSAGE][PASSED] - All options with index in [1] are selected on object 'Object Repository/DispensaryToStore/Page_Store/select_--Select--BA1170BA2376B'

2018-05-22 10:51:30 - [TEST_STEP][PASSED] - Statement - Try: null

2018-05-22 10:51:30 - [TEST_STEP][PASSED] - Statement - StockQty = com.kms.katalon.core.webui.keyword.WebUiBuiltInKeywords.getAttribute(com.kms.katalon.core.testobject.ObjectRepository.findTestObject(DispensaryToStore/Page_Store/input_txtprice), "value"): Attribute 'value' of object 'Object Repository/DispensaryToStore/Page_Store/input_txtprice' is: '980'

2018-05-22 10:51:30 - [MESSAGE][PASSED] - Attribute 'value' of object 'Object Repository/DispensaryToStore/Page_Store/input_txtprice' is: '980'

2018-05-22 10:51:30 - [TEST_STEP][PASSED] - Statement - out.println("Stock QTY : " + StockQty): null

2018-05-22 10:51:30 - [TEST_STEP][PASSED] - delay: Delayed 2 second(s)

2018-05-22 10:51:32 - [MESSAGE][PASSED] - Delayed 2 second(s)

2018-05-22 10:51:32 - [TEST_STEP][PASSED] - Statement - If (java.lang.String.valueOf(StockQty) >= java.lang.String.valueOf(RequestedQty)): null

2018-05-22 10:51:32 - [TEST_STEP][PASSED] - setText: Text '10' is set on object 'Object Repository/DispensaryToStore/Page_Store/input_txtqty'

2018-05-22 10:51:32 - [MESSAGE][PASSED] - Text '10' is set on object 'Object Repository/DispensaryToStore/Page_Store/input_txtqty'

2018-05-22 10:51:32 - [TEST_STEP][PASSED] - click: Object: 'Object Repository/DispensaryToStore/Page_Store/button_Add' is clicked on

2018-05-22 10:51:32 - [MESSAGE][PASSED] - Object: 'Object Repository/DispensaryToStore/Page_Store/button_Add' is clicked on

2018-05-22 10:51:32 - [TEST_STEP][PASSED] - Statement - Break: null

2018-05-22 10:51:32 - [TEST_STEP][PASSED] - selectOptionByIndex: All options with index in [2] are selected on object 'Object Repository/DispensaryToStore/Page_Store/select_--Select--Adernaline 0.'

2018-05-22 10:51:32 - [MESSAGE][PASSED] - All options with index in [2] are selected on object 'Object Repository/DispensaryToStore/Page_Store/select_--Select--Adernaline 0.'

2018-05-22 10:51:32 - [TEST_STEP][PASSED] - delay: Delayed 2 second(s)

2018-05-22 10:51:35 - [MESSAGE][PASSED] - Delayed 2 second(s)

2018-05-22 10:51:35 - [TEST_STEP][PASSED] - Statement - RequestedQty = com.kms.katalon.core.webui.keyword.WebUiBuiltInKeywords.getAttribute(com.kms.katalon.core.testobject.ObjectRepository.findTestObject(DispensaryToStore/Page_Store/input_txttotal), "value"): Attribute 'value' of object 'Object Repository/DispensaryToStore/Page_Store/input_txttotal' is: '10'

2018-05-22 10:51:35 - [MESSAGE][PASSED] - Attribute 'value' of object 'Object Repository/DispensaryToStore/Page_Store/input_txttotal' is: '10'

2018-05-22 10:51:35 - [TEST_STEP][PASSED] - Statement - out.println("Requested QTY : " + RequestedQty): null

2018-05-22 10:51:35 - [TEST_STEP][PASSED] - Statement - BatchNumber = com.kms.katalon.core.webui.keyword.WebUiBuiltInKeywords.getNumberOfTotalOption(com.kms.katalon.core.testobject.ObjectRepository.findTestObject(DispensaryToStore/Page_Store/select_--Select--BA1170BA2376B)): 3 options of object 'Object Repository/DispensaryToStore/Page_Store/select_--Select--BA1170BA2376B' counted

2018-05-22 10:51:35 - [MESSAGE][PASSED] - 3 options of object 'Object Repository/DispensaryToStore/Page_Store/select_--Select--BA1170BA2376B' counted

2018-05-22 10:51:35 - [TEST_STEP][PASSED] - Statement - For ([g = 1, g <= BatchNumber - 1, (g++)]): null

2018-05-22 10:51:35 - [TEST_STEP][PASSED] - selectOptionByIndex: All options with index in [1] are selected on object 'Object Repository/DispensaryToStore/Page_Store/select_--Select--BA1170BA2376B'

2018-05-22 10:51:35 - [MESSAGE][PASSED] - All options with index in [1] are selected on object 'Object Repository/DispensaryToStore/Page_Store/select_--Select--BA1170BA2376B'

2018-05-22 10:51:35 - [TEST_STEP][PASSED] - Statement - Try: null

2018-05-22 10:51:35 - [TEST_STEP][PASSED] - Statement - StockQty = com.kms.katalon.core.webui.keyword.WebUiBuiltInKeywords.getAttribute(com.kms.katalon.core.testobject.ObjectRepository.findTestObject(DispensaryToStore/Page_Store/input_txtprice), "value"): Attribute 'value' of object 'Object Repository/DispensaryToStore/Page_Store/input_txtprice' is: '975'

2018-05-22 10:51:35 - [MESSAGE][PASSED] - Attribute 'value' of object 'Object Repository/DispensaryToStore/Page_Store/input_txtprice' is: '975'

2018-05-22 10:51:35 - [TEST_STEP][PASSED] - Statement - out.println("Stock QTY : " + StockQty): null

2018-05-22 10:51:35 - [TEST_STEP][PASSED] - delay: Delayed 2 second(s)

2018-05-22 10:51:37 - [MESSAGE][PASSED] - Delayed 2 second(s)

2018-05-22 10:51:37 - [TEST_STEP][PASSED] - Statement - If (java.lang.String.valueOf(StockQty) >= java.lang.String.valueOf(RequestedQty)): null

2018-05-22 10:51:37 - [TEST_STEP][PASSED] - setText: Text '10' is set on object 'Object Repository/DispensaryToStore/Page_Store/input_txtqty'

2018-05-22 10:51:37 - [MESSAGE][PASSED] - Text '10' is set on object 'Object Repository/DispensaryToStore/Page_Store/input_txtqty'

2018-05-22 10:51:37 - [TEST_STEP][PASSED] - click: Object: 'Object Repository/DispensaryToStore/Page_Store/button_Add' is clicked on

2018-05-22 10:51:37 - [MESSAGE][PASSED] - Object: 'Object Repository/DispensaryToStore/Page_Store/button_Add' is clicked on

2018-05-22 10:51:37 - [TEST_STEP][PASSED] - Statement - Break: null

2018-05-22 10:51:37 - [TEST_STEP][PASSED] - selectOptionByIndex: All options with index in [3] are selected on object 'Object Repository/DispensaryToStore/Page_Store/select_--Select--Adernaline 0.'

2018-05-22 10:51:37 - [MESSAGE][PASSED] - All options with index in [3] are selected on object 'Object Repository/DispensaryToStore/Page_Store/select_--Select--Adernaline 0.'

2018-05-22 10:51:37 - [TEST_STEP][PASSED] - delay: Delayed 2 second(s)

2018-05-22 10:51:39 - [MESSAGE][PASSED] - Delayed 2 second(s)

2018-05-22 10:51:39 - [TEST_STEP][PASSED] - Statement - RequestedQty = com.kms.katalon.core.webui.keyword.WebUiBuiltInKeywords.getAttribute(com.kms.katalon.core.testobject.ObjectRepository.findTestObject(DispensaryToStore/Page_Store/input_txttotal), "value"): Attribute 'value' of object 'Object Repository/DispensaryToStore/Page_Store/input_txttotal' is: '10'

2018-05-22 10:51:39 - [MESSAGE][PASSED] - Attribute 'value' of object 'Object Repository/DispensaryToStore/Page_Store/input_txttotal' is: '10'

2018-05-22 10:51:39 - [TEST_STEP][PASSED] - Statement - out.println("Requested QTY : " + RequestedQty): null

2018-05-22 10:51:39 - [TEST_STEP][PASSED] - Statement - BatchNumber = com.kms.katalon.core.webui.keyword.WebUiBuiltInKeywords.getNumberOfTotalOption(com.kms.katalon.core.testobject.ObjectRepository.findTestObject(DispensaryToStore/Page_Store/select_--Select--BA1170BA2376B)): 3 options of object 'Object Repository/DispensaryToStore/Page_Store/select_--Select--BA1170BA2376B' counted

2018-05-22 10:51:39 - [MESSAGE][PASSED] - 3 options of object 'Object Repository/DispensaryToStore/Page_Store/select_--Select--BA1170BA2376B' counted

2018-05-22 10:51:39 - [TEST_STEP][PASSED] - Statement - For ([g = 1, g <= BatchNumber - 1, (g++)]): null

2018-05-22 10:51:39 - [TEST_STEP][PASSED] - selectOptionByIndex: All options with index in [1] are selected on object 'Object Repository/DispensaryToStore/Page_Store/select_--Select--BA1170BA2376B'

2018-05-22 10:51:39 - [MESSAGE][PASSED] - All options with index in [1] are selected on object 'Object Repository/DispensaryToStore/Page_Store/select_--Select--BA1170BA2376B'

2018-05-22 10:51:39 - [TEST_STEP][PASSED] - Statement - Try: null

2018-05-22 10:51:39 - [TEST_STEP][PASSED] - Statement - StockQty = com.kms.katalon.core.webui.keyword.WebUiBuiltInKeywords.getAttribute(com.kms.katalon.core.testobject.ObjectRepository.findTestObject(DispensaryToStore/Page_Store/input_txtprice), "value"): Attribute 'value' of object 'Object Repository/DispensaryToStore/Page_Store/input_txtprice' is: '100'

2018-05-22 10:51:39 - [MESSAGE][PASSED] - Attribute 'value' of object 'Object Repository/DispensaryToStore/Page_Store/input_txtprice' is: '100'

2018-05-22 10:51:39 - [TEST_STEP][PASSED] - Statement - out.println("Stock QTY : " + StockQty): null

2018-05-22 10:51:39 - [TEST_STEP][PASSED] - delay: Delayed 2 second(s)

2018-05-22 10:51:41 - [MESSAGE][PASSED] - Delayed 2 second(s)

2018-05-22 10:51:41 - [TEST_STEP][PASSED] - Statement - If (java.lang.String.valueOf(StockQty) >= java.lang.String.valueOf(RequestedQty)): null

2018-05-22 10:51:41 - [TEST_STEP][PASSED] - setText: Text '10' is set on object 'Object Repository/DispensaryToStore/Page_Store/input_txtqty'

2018-05-22 10:51:41 - [MESSAGE][PASSED] - Text '10' is set on object 'Object Repository/DispensaryToStore/Page_Store/input_txtqty'

2018-05-22 10:51:41 - [TEST_STEP][PASSED] - click: Object: 'Object Repository/DispensaryToStore/Page_Store/button_Add' is clicked on

2018-05-22 10:51:42 - [MESSAGE][PASSED] - Object: 'Object Repository/DispensaryToStore/Page_Store/button_Add' is clicked on

2018-05-22 10:51:42 - [TEST_STEP][PASSED] - Statement - Break: null

2018-05-22 10:51:42 - [TEST_STEP][PASSED] - selectOptionByIndex: All options with index in [4] are selected on object 'Object Repository/DispensaryToStore/Page_Store/select_--Select--Adernaline 0.'

2018-05-22 10:51:42 - [MESSAGE][PASSED] - All options with index in [4] are selected on object 'Object Repository/DispensaryToStore/Page_Store/select_--Select--Adernaline 0.'

2018-05-22 10:51:42 - [TEST_STEP][PASSED] - delay: Delayed 2 second(s)

2018-05-22 10:51:44 - [MESSAGE][PASSED] - Delayed 2 second(s)

2018-05-22 10:51:44 - [TEST_STEP][PASSED] - Statement - RequestedQty = com.kms.katalon.core.webui.keyword.WebUiBuiltInKeywords.getAttribute(com.kms.katalon.core.testobject.ObjectRepository.findTestObject(DispensaryToStore/Page_Store/input_txttotal), "value"): Attribute 'value' of object 'Object Repository/DispensaryToStore/Page_Store/input_txttotal' is: '10'

2018-05-22 10:51:44 - [MESSAGE][PASSED] - Attribute 'value' of object 'Object Repository/DispensaryToStore/Page_Store/input_txttotal' is: '10'

2018-05-22 10:51:44 - [TEST_STEP][PASSED] - Statement - out.println("Requested QTY : " + RequestedQty): null

2018-05-22 10:51:44 - [TEST_STEP][PASSED] - Statement - BatchNumber = com.kms.katalon.core.webui.keyword.WebUiBuiltInKeywords.getNumberOfTotalOption(com.kms.katalon.core.testobject.ObjectRepository.findTestObject(DispensaryToStore/Page_Store/select_--Select--BA1170BA2376B)): 5 options of object 'Object Repository/DispensaryToStore/Page_Store/select_--Select--BA1170BA2376B' counted

2018-05-22 10:51:44 - [MESSAGE][PASSED] - 5 options of object 'Object Repository/DispensaryToStore/Page_Store/select_--Select--BA1170BA2376B' counted

2018-05-22 10:51:44 - [TEST_STEP][PASSED] - Statement - For ([g = 1, g <= BatchNumber - 1, (g++)]): null

2018-05-22 10:51:44 - [TEST_STEP][PASSED] - selectOptionByIndex: All options with index in [1] are selected on object 'Object Repository/DispensaryToStore/Page_Store/select_--Select--BA1170BA2376B'

2018-05-22 10:51:44 - [MESSAGE][PASSED] - All options with index in [1] are selected on object 'Object Repository/DispensaryToStore/Page_Store/select_--Select--BA1170BA2376B'

2018-05-22 10:51:44 - [TEST_STEP][PASSED] - Statement - Try: null

2018-05-22 10:51:44 - [TEST_STEP][PASSED] - Statement - StockQty = com.kms.katalon.core.webui.keyword.WebUiBuiltInKeywords.getAttribute(com.kms.katalon.core.testobject.ObjectRepository.findTestObject(DispensaryToStore/Page_Store/input_txtprice), "value"): Attribute 'value' of object 'Object Repository/DispensaryToStore/Page_Store/input_txtprice' is: '100'

2018-05-22 10:51:44 - [MESSAGE][PASSED] - Attribute 'value' of object 'Object Repository/DispensaryToStore/Page_Store/input_txtprice' is: '100'

2018-05-22 10:51:44 - [TEST_STEP][PASSED] - Statement - out.println("Stock QTY : " + StockQty): null

2018-05-22 10:51:44 - [TEST_STEP][PASSED] - delay: Delayed 2 second(s)

2018-05-22 10:51:46 - [MESSAGE][PASSED] - Delayed 2 second(s)

2018-05-22 10:51:46 - [TEST_STEP][PASSED] - Statement - If (java.lang.String.valueOf(StockQty) >= java.lang.String.valueOf(RequestedQty)): null

2018-05-22 10:51:46 - [TEST_STEP][PASSED] - setText: Text '10' is set on object 'Object Repository/DispensaryToStore/Page_Store/input_txtqty'

2018-05-22 10:51:46 - [MESSAGE][PASSED] - Text '10' is set on object 'Object Repository/DispensaryToStore/Page_Store/input_txtqty'

2018-05-22 10:51:46 - [TEST_STEP][PASSED] - click: Object: 'Object Repository/DispensaryToStore/Page_Store/button_Add' is clicked on

2018-05-22 10:51:46 - [MESSAGE][PASSED] - Object: 'Object Repository/DispensaryToStore/Page_Store/button_Add' is clicked on

2018-05-22 10:51:46 - [TEST_STEP][PASSED] - Statement - Break: null

2018-05-22 10:51:46 - [TEST_STEP][PASSED] - selectOptionByIndex: All options with index in [5] are selected on object 'Object Repository/DispensaryToStore/Page_Store/select_--Select--Adernaline 0.'

2018-05-22 10:51:46 - [MESSAGE][PASSED] - All options with index in [5] are selected on object 'Object Repository/DispensaryToStore/Page_Store/select_--Select--Adernaline 0.'

2018-05-22 10:51:46 - [TEST_STEP][PASSED] - delay: Delayed 2 second(s)

2018-05-22 10:51:48 - [MESSAGE][PASSED] - Delayed 2 second(s)

2018-05-22 10:51:48 - [TEST_STEP][PASSED] - Statement - RequestedQty = com.kms.katalon.core.webui.keyword.WebUiBuiltInKeywords.getAttribute(com.kms.katalon.core.testobject.ObjectRepository.findTestObject(DispensaryToStore/Page_Store/input_txttotal), "value"): Attribute 'value' of object 'Object Repository/DispensaryToStore/Page_Store/input_txttotal' is: '10'

2018-05-22 10:51:48 - [MESSAGE][PASSED] - Attribute 'value' of object 'Object Repository/DispensaryToStore/Page_Store/input_txttotal' is: '10'

2018-05-22 10:51:48 - [TEST_STEP][PASSED] - Statement - out.println("Requested QTY : " + RequestedQty): null

2018-05-22 10:51:48 - [TEST_STEP][PASSED] - Statement - BatchNumber = com.kms.katalon.core.webui.keyword.WebUiBuiltInKeywords.getNumberOfTotalOption(com.kms.katalon.core.testobject.ObjectRepository.findTestObject(DispensaryToStore/Page_Store/select_--Select--BA1170BA2376B)): 4 options of object 'Object Repository/DispensaryToStore/Page_Store/select_--Select--BA1170BA2376B' counted

2018-05-22 10:51:48 - [MESSAGE][PASSED] - 4 options of object 'Object Repository/DispensaryToStore/Page_Store/select_--Select--BA1170BA2376B' counted

2018-05-22 10:51:48 - [TEST_STEP][PASSED] - Statement - For ([g = 1, g <= BatchNumber - 1, (g++)]): null

2018-05-22 10:51:48 - [TEST_STEP][PASSED] - selectOptionByIndex: All options with index in [1] are selected on object 'Object Repository/DispensaryToStore/Page_Store/select_--Select--BA1170BA2376B'

2018-05-22 10:51:49 - [MESSAGE][PASSED] - All options with index in [1] are selected on object 'Object Repository/DispensaryToStore/Page_Store/select_--Select--BA1170BA2376B'

2018-05-22 10:51:49 - [TEST_STEP][PASSED] - Statement - Try: null

2018-05-22 10:51:49 - [TEST_STEP][PASSED] - Statement - StockQty = com.kms.katalon.core.webui.keyword.WebUiBuiltInKeywords.getAttribute(com.kms.katalon.core.testobject.ObjectRepository.findTestObject(DispensaryToStore/Page_Store/input_txtprice), "value"): Attribute 'value' of object 'Object Repository/DispensaryToStore/Page_Store/input_txtprice' is: '100'

2018-05-22 10:51:49 - [MESSAGE][PASSED] - Attribute 'value' of object 'Object Repository/DispensaryToStore/Page_Store/input_txtprice' is: '100'

2018-05-22 10:51:49 - [TEST_STEP][PASSED] - Statement - out.println("Stock QTY : " + StockQty): null

2018-05-22 10:51:49 - [TEST_STEP][PASSED] - delay: Delayed 2 second(s)

2018-05-22 10:51:51 - [MESSAGE][PASSED] - Delayed 2 second(s)

2018-05-22 10:51:51 - [TEST_STEP][PASSED] - Statement - If (java.lang.String.valueOf(StockQty) >= java.lang.String.valueOf(RequestedQty)): null

2018-05-22 10:51:51 - [TEST_STEP][PASSED] - setText: Text '10' is set on object 'Object Repository/DispensaryToStore/Page_Store/input_txtqty'

2018-05-22 10:51:51 - [MESSAGE][PASSED] - Text '10' is set on object 'Object Repository/DispensaryToStore/Page_Store/input_txtqty'

2018-05-22 10:51:51 - [TEST_STEP][PASSED] - click: Object: 'Object Repository/DispensaryToStore/Page_Store/button_Add' is clicked on

2018-05-22 10:51:51 - [MESSAGE][PASSED] - Object: 'Object Repository/DispensaryToStore/Page_Store/button_Add' is clicked on

2018-05-22 10:51:51 - [TEST_STEP][PASSED] - Statement - Break: null

2018-05-22 10:51:51 - [TEST_STEP][PASSED] - selectOptionByIndex: All options with index in [6] are selected on object 'Object Repository/DispensaryToStore/Page_Store/select_--Select--Adernaline 0.'

2018-05-22 10:51:51 - [MESSAGE][PASSED] - All options with index in [6] are selected on object 'Object Repository/DispensaryToStore/Page_Store/select_--Select--Adernaline 0.'

2018-05-22 10:51:51 - [TEST_STEP][PASSED] - delay: Delayed 2 second(s)

2018-05-22 10:51:53 - [MESSAGE][PASSED] - Delayed 2 second(s)

2018-05-22 10:51:53 - [TEST_STEP][PASSED] - Statement - RequestedQty = com.kms.katalon.core.webui.keyword.WebUiBuiltInKeywords.getAttribute(com.kms.katalon.core.testobject.ObjectRepository.findTestObject(DispensaryToStore/Page_Store/input_txttotal), "value"): Attribute 'value' of object 'Object Repository/DispensaryToStore/Page_Store/input_txttotal' is: '10'

2018-05-22 10:51:53 - [MESSAGE][PASSED] - Attribute 'value' of object 'Object Repository/DispensaryToStore/Page_Store/input_txttotal' is: '10'

2018-05-22 10:51:53 - [TEST_STEP][PASSED] - Statement - out.println("Requested QTY : " + RequestedQty): null

2018-05-22 10:51:53 - [TEST_STEP][PASSED] - Statement - BatchNumber = com.kms.katalon.core.webui.keyword.WebUiBuiltInKeywords.getNumberOfTotalOption(com.kms.katalon.core.testobject.ObjectRepository.findTestObject(DispensaryToStore/Page_Store/select_--Select--BA1170BA2376B)): 4 options of object 'Object Repository/DispensaryToStore/Page_Store/select_--Select--BA1170BA2376B' counted

2018-05-22 10:51:53 - [MESSAGE][PASSED] - 4 options of object 'Object Repository/DispensaryToStore/Page_Store/select_--Select--BA1170BA2376B' counted

2018-05-22 10:51:53 - [TEST_STEP][PASSED] - Statement - For ([g = 1, g <= BatchNumber - 1, (g++)]): null

2018-05-22 10:51:53 - [TEST_STEP][PASSED] - selectOptionByIndex: All options with index in [1] are selected on object 'Object Repository/DispensaryToStore/Page_Store/select_--Select--BA1170BA2376B'

2018-05-22 10:51:53 - [MESSAGE][PASSED] - All options with index in [1] are selected on object 'Object Repository/DispensaryToStore/Page_Store/select_--Select--BA1170BA2376B'

2018-05-22 10:51:53 - [TEST_STEP][PASSED] - Statement - Try: null

2018-05-22 10:51:53 - [TEST_STEP][PASSED] - Statement - StockQty = com.kms.katalon.core.webui.keyword.WebUiBuiltInKeywords.getAttribute(com.kms.katalon.core.testobject.ObjectRepository.findTestObject(DispensaryToStore/Page_Store/input_txtprice), "value"): Attribute 'value' of object 'Object Repository/DispensaryToStore/Page_Store/input_txtprice' is: '100'

2018-05-22 10:51:53 - [MESSAGE][PASSED] - Attribute 'value' of object 'Object Repository/DispensaryToStore/Page_Store/input_txtprice' is: '100'

2018-05-22 10:51:53 - [TEST_STEP][PASSED] - Statement - out.println("Stock QTY : " + StockQty): null

2018-05-22 10:51:53 - [TEST_STEP][PASSED] - delay: Delayed 2 second(s)

2018-05-22 10:51:55 - [MESSAGE][PASSED] - Delayed 2 second(s)

2018-05-22 10:51:55 - [TEST_STEP][PASSED] - Statement - If (java.lang.String.valueOf(StockQty) >= java.lang.String.valueOf(RequestedQty)): null

2018-05-22 10:51:55 - [TEST_STEP][PASSED] - setText: Text '10' is set on object 'Object Repository/DispensaryToStore/Page_Store/input_txtqty'

2018-05-22 10:51:55 - [MESSAGE][PASSED] - Text '10' is set on object 'Object Repository/DispensaryToStore/Page_Store/input_txtqty'

2018-05-22 10:51:55 - [TEST_STEP][PASSED] - click: Object: 'Object Repository/DispensaryToStore/Page_Store/button_Add' is clicked on

2018-05-22 10:51:55 - [MESSAGE][PASSED] - Object: 'Object Repository/DispensaryToStore/Page_Store/button_Add' is clicked on

2018-05-22 10:51:55 - [TEST_STEP][PASSED] - Statement - Break: null

2018-05-22 10:51:55 - [TEST_STEP][PASSED] - selectOptionByIndex: All options with index in [7] are selected on object 'Object Repository/DispensaryToStore/Page_Store/select_--Select--Adernaline 0.'

2018-05-22 10:51:56 - [MESSAGE][PASSED] - All options with index in [7] are selected on object 'Object Repository/DispensaryToStore/Page_Store/select_--Select--Adernaline 0.'

2018-05-22 10:51:56 - [TEST_STEP][PASSED] - delay: Delayed 2 second(s)

2018-05-22 10:51:58 - [MESSAGE][PASSED] - Delayed 2 second(s)

2018-05-22 10:51:58 - [TEST_STEP][PASSED] - Statement - RequestedQty = com.kms.katalon.core.webui.keyword.WebUiBuiltInKeywords.getAttribute(com.kms.katalon.core.testobject.ObjectRepository.findTestObject(DispensaryToStore/Page_Store/input_txttotal), "value"): Attribute 'value' of object 'Object Repository/DispensaryToStore/Page_Store/input_txttotal' is: '10'

2018-05-22 10:51:58 - [MESSAGE][PASSED] - Attribute 'value' of object 'Object Repository/DispensaryToStore/Page_Store/input_txttotal' is: '10'

2018-05-22 10:51:58 - [TEST_STEP][PASSED] - Statement - out.println("Requested QTY : " + RequestedQty): null

2018-05-22 10:51:58 - [TEST_STEP][PASSED] - Statement - BatchNumber = com.kms.katalon.core.webui.keyword.WebUiBuiltInKeywords.getNumberOfTotalOption(com.kms.katalon.core.testobject.ObjectRepository.findTestObject(DispensaryToStore/Page_Store/select_--Select--BA1170BA2376B)): 4 options of object 'Object Repository/DispensaryToStore/Page_Store/select_--Select--BA1170BA2376B' counted

2018-05-22 10:51:58 - [MESSAGE][PASSED] - 4 options of object 'Object Repository/DispensaryToStore/Page_Store/select_--Select--BA1170BA2376B' counted

2018-05-22 10:51:58 - [TEST_STEP][PASSED] - Statement - For ([g = 1, g <= BatchNumber - 1, (g++)]): null

2018-05-22 10:51:58 - [TEST_STEP][PASSED] - selectOptionByIndex: All options with index in [1] are selected on object 'Object Repository/DispensaryToStore/Page_Store/select_--Select--BA1170BA2376B'

2018-05-22 10:51:58 - [MESSAGE][PASSED] - All options with index in [1] are selected on object 'Object Repository/DispensaryToStore/Page_Store/select_--Select--BA1170BA2376B'

2018-05-22 10:51:58 - [TEST_STEP][PASSED] - Statement - Try: null

2018-05-22 10:51:58 - [TEST_STEP][PASSED] - Statement - StockQty = com.kms.katalon.core.webui.keyword.WebUiBuiltInKeywords.getAttribute(com.kms.katalon.core.testobject.ObjectRepository.findTestObject(DispensaryToStore/Page_Store/input_txtprice), "value"): Attribute 'value' of object 'Object Repository/DispensaryToStore/Page_Store/input_txtprice' is: '100'

2018-05-22 10:51:58 - [MESSAGE][PASSED] - Attribute 'value' of object 'Object Repository/DispensaryToStore/Page_Store/input_txtprice' is: '100'

2018-05-22 10:51:58 - [TEST_STEP][PASSED] - Statement - out.println("Stock QTY : " + StockQty): null

2018-05-22 10:51:58 - [TEST_STEP][PASSED] - delay: Delayed 2 second(s)

2018-05-22 10:52:00 - [MESSAGE][PASSED] - Delayed 2 second(s)

2018-05-22 10:52:00 - [TEST_STEP][PASSED] - Statement - If (java.lang.String.valueOf(StockQty) >= java.lang.String.valueOf(RequestedQty)): null

2018-05-22 10:52:00 - [TEST_STEP][PASSED] - setText: Text '10' is set on object 'Object Repository/DispensaryToStore/Page_Store/input_txtqty'

2018-05-22 10:52:00 - [MESSAGE][PASSED] - Text '10' is set on object 'Object Repository/DispensaryToStore/Page_Store/input_txtqty'

2018-05-22 10:52:00 - [TEST_STEP][PASSED] - click: Object: 'Object Repository/DispensaryToStore/Page_Store/button_Add' is clicked on

2018-05-22 10:52:00 - [MESSAGE][PASSED] - Object: 'Object Repository/DispensaryToStore/Page_Store/button_Add' is clicked on

2018-05-22 10:52:00 - [TEST_STEP][PASSED] - Statement - Break: null

2018-05-22 10:52:00 - [TEST_STEP][PASSED] - selectOptionByIndex: All options with index in [8] are selected on object 'Object Repository/DispensaryToStore/Page_Store/select_--Select--Adernaline 0.'

2018-05-22 10:52:00 - [MESSAGE][PASSED] - All options with index in [8] are selected on object 'Object Repository/DispensaryToStore/Page_Store/select_--Select--Adernaline 0.'

2018-05-22 10:52:00 - [TEST_STEP][PASSED] - delay: Delayed 2 second(s)

2018-05-22 10:52:02 - [MESSAGE][PASSED] - Delayed 2 second(s)

2018-05-22 10:52:02 - [TEST_STEP][PASSED] - Statement - RequestedQty = com.kms.katalon.core.webui.keyword.WebUiBuiltInKeywords.getAttribute(com.kms.katalon.core.testobject.ObjectRepository.findTestObject(DispensaryToStore/Page_Store/input_txttotal), "value"): Attribute 'value' of object 'Object Repository/DispensaryToStore/Page_Store/input_txttotal' is: '10'

2018-05-22 10:52:02 - [MESSAGE][PASSED] - Attribute 'value' of object 'Object Repository/DispensaryToStore/Page_Store/input_txttotal' is: '10'

2018-05-22 10:52:02 - [TEST_STEP][PASSED] - Statement - out.println("Requested QTY : " + RequestedQty): null

2018-05-22 10:52:02 - [TEST_STEP][PASSED] - Statement - BatchNumber = com.kms.katalon.core.webui.keyword.WebUiBuiltInKeywords.getNumberOfTotalOption(com.kms.katalon.core.testobject.ObjectRepository.findTestObject(DispensaryToStore/Page_Store/select_--Select--BA1170BA2376B)): 5 options of object 'Object Repository/DispensaryToStore/Page_Store/select_--Select--BA1170BA2376B' counted

2018-05-22 10:52:02 - [MESSAGE][PASSED] - 5 options of object 'Object Repository/DispensaryToStore/Page_Store/select_--Select--BA1170BA2376B' counted

2018-05-22 10:52:02 - [TEST_STEP][PASSED] - Statement - For ([g = 1, g <= BatchNumber - 1, (g++)]): null

2018-05-22 10:52:02 - [TEST_STEP][PASSED] - selectOptionByIndex: All options with index in [1] are selected on object 'Object Repository/DispensaryToStore/Page_Store/select_--Select--BA1170BA2376B'

2018-05-22 10:52:02 - [MESSAGE][PASSED] - All options with index in [1] are selected on object 'Object Repository/DispensaryToStore/Page_Store/select_--Select--BA1170BA2376B'

2018-05-22 10:52:02 - [TEST_STEP][PASSED] - Statement - Try: null

2018-05-22 10:52:02 - [TEST_STEP][PASSED] - Statement - StockQty = com.kms.katalon.core.webui.keyword.WebUiBuiltInKeywords.getAttribute(com.kms.katalon.core.testobject.ObjectRepository.findTestObject(DispensaryToStore/Page_Store/input_txtprice), "value"): Attribute 'value' of object 'Object Repository/DispensaryToStore/Page_Store/input_txtprice' is: '100'

2018-05-22 10:52:03 - [MESSAGE][PASSED] - Attribute 'value' of object 'Object Repository/DispensaryToStore/Page_Store/input_txtprice' is: '100'

2018-05-22 10:52:03 - [TEST_STEP][PASSED] - Statement - out.println("Stock QTY : " + StockQty): null

2018-05-22 10:52:03 - [TEST_STEP][PASSED] - delay: Delayed 2 second(s)

2018-05-22 10:52:05 - [MESSAGE][PASSED] - Delayed 2 second(s)

2018-05-22 10:52:05 - [TEST_STEP][PASSED] - Statement - If (java.lang.String.valueOf(StockQty) >= java.lang.String.valueOf(RequestedQty)): null

2018-05-22 10:52:05 - [TEST_STEP][PASSED] - setText: Text '10' is set on object 'Object Repository/DispensaryToStore/Page_Store/input_txtqty'

2018-05-22 10:52:05 - [MESSAGE][PASSED] - Text '10' is set on object 'Object Repository/DispensaryToStore/Page_Store/input_txtqty'

2018-05-22 10:52:05 - [TEST_STEP][PASSED] - click: Object: 'Object Repository/DispensaryToStore/Page_Store/button_Add' is clicked on

2018-05-22 10:52:05 - [MESSAGE][PASSED] - Object: 'Object Repository/DispensaryToStore/Page_Store/button_Add' is clicked on

2018-05-22 10:52:05 - [TEST_STEP][PASSED] - Statement - Break: null

2018-05-22 10:52:05 - [TEST_STEP][PASSED] - selectOptionByIndex: All options with index in [9] are selected on object 'Object Repository/DispensaryToStore/Page_Store/select_--Select--Adernaline 0.'

2018-05-22 10:52:05 - [MESSAGE][PASSED] - All options with index in [9] are selected on object 'Object Repository/DispensaryToStore/Page_Store/select_--Select--Adernaline 0.'

2018-05-22 10:52:05 - [TEST_STEP][PASSED] - delay: Delayed 2 second(s)

2018-05-22 10:52:07 - [MESSAGE][PASSED] - Delayed 2 second(s)

2018-05-22 10:52:07 - [TEST_STEP][PASSED] - Statement - RequestedQty = com.kms.katalon.core.webui.keyword.WebUiBuiltInKeywords.getAttribute(com.kms.katalon.core.testobject.ObjectRepository.findTestObject(DispensaryToStore/Page_Store/input_txttotal), "value"): Attribute 'value' of object 'Object Repository/DispensaryToStore/Page_Store/input_txttotal' is: '10'

2018-05-22 10:52:07 - [MESSAGE][PASSED] - Attribute 'value' of object 'Object Repository/DispensaryToStore/Page_Store/input_txttotal' is: '10'

2018-05-22 10:52:07 - [TEST_STEP][PASSED] - Statement - out.println("Requested QTY : " + RequestedQty): null

2018-05-22 10:52:07 - [TEST_STEP][PASSED] - Statement - BatchNumber = com.kms.katalon.core.webui.keyword.WebUiBuiltInKeywords.getNumberOfTotalOption(com.kms.katalon.core.testobject.ObjectRepository.findTestObject(DispensaryToStore/Page_Store/select_--Select--BA1170BA2376B)): 4 options of object 'Object Repository/DispensaryToStore/Page_Store/select_--Select--BA1170BA2376B' counted

2018-05-22 10:52:07 - [MESSAGE][PASSED] - 4 options of object 'Object Repository/DispensaryToStore/Page_Store/select_--Select--BA1170BA2376B' counted

2018-05-22 10:52:07 - [TEST_STEP][PASSED] - Statement - For ([g = 1, g <= BatchNumber - 1, (g++)]): null

2018-05-22 10:52:07 - [TEST_STEP][PASSED] - selectOptionByIndex: All options with index in [1] are selected on object 'Object Repository/DispensaryToStore/Page_Store/select_--Select--BA1170BA2376B'

2018-05-22 10:52:07 - [MESSAGE][PASSED] - All options with index in [1] are selected on object 'Object Repository/DispensaryToStore/Page_Store/select_--Select--BA1170BA2376B'

2018-05-22 10:52:07 - [TEST_STEP][PASSED] - Statement - Try: null

2018-05-22 10:52:07 - [TEST_STEP][PASSED] - Statement - StockQty = com.kms.katalon.core.webui.keyword.WebUiBuiltInKeywords.getAttribute(com.kms.katalon.core.testobject.ObjectRepository.findTestObject(DispensaryToStore/Page_Store/input_txtprice), "value"): Attribute 'value' of object 'Object Repository/DispensaryToStore/Page_Store/input_txtprice' is: '100'

2018-05-22 10:52:07 - [MESSAGE][PASSED] - Attribute 'value' of object 'Object Repository/DispensaryToStore/Page_Store/input_txtprice' is: '100'

2018-05-22 10:52:07 - [TEST_STEP][PASSED] - Statement - out.println("Stock QTY : " + StockQty): null

2018-05-22 10:52:07 - [TEST_STEP][PASSED] - delay: Delayed 2 second(s)

2018-05-22 10:52:09 - [MESSAGE][PASSED] - Delayed 2 second(s)

2018-05-22 10:52:09 - [TEST_STEP][PASSED] - Statement - If (java.lang.String.valueOf(StockQty) >= java.lang.String.valueOf(RequestedQty)): null

2018-05-22 10:52:09 - [TEST_STEP][PASSED] - setText: Text '10' is set on object 'Object Repository/DispensaryToStore/Page_Store/input_txtqty'

2018-05-22 10:52:09 - [MESSAGE][PASSED] - Text '10' is set on object 'Object Repository/DispensaryToStore/Page_Store/input_txtqty'

2018-05-22 10:52:09 - [TEST_STEP][PASSED] - click: Object: 'Object Repository/DispensaryToStore/Page_Store/button_Add' is clicked on

2018-05-22 10:52:09 - [MESSAGE][PASSED] - Object: 'Object Repository/DispensaryToStore/Page_Store/button_Add' is clicked on

2018-05-22 10:52:09 - [TEST_STEP][PASSED] - Statement - Break: null

2018-05-22 10:52:09 - [TEST_STEP][PASSED] - selectOptionByIndex: All options with index in [10] are selected on object 'Object Repository/DispensaryToStore/Page_Store/select_--Select--Adernaline 0.'

2018-05-22 10:52:10 - [MESSAGE][PASSED] - All options with index in [10] are selected on object 'Object Repository/DispensaryToStore/Page_Store/select_--Select--Adernaline 0.'

2018-05-22 10:52:10 - [TEST_STEP][PASSED] - delay: Delayed 2 second(s)

2018-05-22 10:52:12 - [MESSAGE][PASSED] - Delayed 2 second(s)

2018-05-22 10:52:12 - [TEST_STEP][PASSED] - Statement - RequestedQty = com.kms.katalon.core.webui.keyword.WebUiBuiltInKeywords.getAttribute(com.kms.katalon.core.testobject.ObjectRepository.findTestObject(DispensaryToStore/Page_Store/input_txttotal), "value"): Attribute 'value' of object 'Object Repository/DispensaryToStore/Page_Store/input_txttotal' is: '10'

2018-05-22 10:52:12 - [MESSAGE][PASSED] - Attribute 'value' of object 'Object Repository/DispensaryToStore/Page_Store/input_txttotal' is: '10'

2018-05-22 10:52:12 - [TEST_STEP][PASSED] - Statement - out.println("Requested QTY : " + RequestedQty): null

2018-05-22 10:52:12 - [TEST_STEP][PASSED] - Statement - BatchNumber = com.kms.katalon.core.webui.keyword.WebUiBuiltInKeywords.getNumberOfTotalOption(com.kms.katalon.core.testobject.ObjectRepository.findTestObject(DispensaryToStore/Page_Store/select_--Select--BA1170BA2376B)): 4 options of object 'Object Repository/DispensaryToStore/Page_Store/select_--Select--BA1170BA2376B' counted

2018-05-22 10:52:12 - [MESSAGE][PASSED] - 4 options of object 'Object Repository/DispensaryToStore/Page_Store/select_--Select--BA1170BA2376B' counted

2018-05-22 10:52:12 - [TEST_STEP][PASSED] - Statement - For ([g = 1, g <= BatchNumber - 1, (g++)]): null

2018-05-22 10:52:12 - [TEST_STEP][PASSED] - selectOptionByIndex: All options with index in [1] are selected on object 'Object Repository/DispensaryToStore/Page_Store/select_--Select--BA1170BA2376B'

2018-05-22 10:52:12 - [MESSAGE][PASSED] - All options with index in [1] are selected on object 'Object Repository/DispensaryToStore/Page_Store/select_--Select--BA1170BA2376B'

2018-05-22 10:52:12 - [TEST_STEP][PASSED] - Statement - Try: null

2018-05-22 10:52:12 - [TEST_STEP][PASSED] - Statement - StockQty = com.kms.katalon.core.webui.keyword.WebUiBuiltInKeywords.getAttribute(com.kms.katalon.core.testobject.ObjectRepository.findTestObject(DispensaryToStore/Page_Store/input_txtprice), "value"): Attribute 'value' of object 'Object Repository/DispensaryToStore/Page_Store/input_txtprice' is: '100'

2018-05-22 10:52:12 - [MESSAGE][PASSED] - Attribute 'value' of object 'Object Repository/DispensaryToStore/Page_Store/input_txtprice' is: '100'

2018-05-22 10:52:12 - [TEST_STEP][PASSED] - Statement - out.println("Stock QTY : " + StockQty): null

2018-05-22 10:52:12 - [TEST_STEP][PASSED] - delay: Delayed 2 second(s)

2018-05-22 10:52:14 - [MESSAGE][PASSED] - Delayed 2 second(s)

2018-05-22 10:52:14 - [TEST_STEP][PASSED] - Statement - If (java.lang.String.valueOf(StockQty) >= java.lang.String.valueOf(RequestedQty)): null

2018-05-22 10:52:14 - [TEST_STEP][PASSED] - setText: Text '10' is set on object 'Object Repository/DispensaryToStore/Page_Store/input_txtqty'

2018-05-22 10:52:14 - [MESSAGE][PASSED] - Text '10' is set on object 'Object Repository/DispensaryToStore/Page_Store/input_txtqty'

2018-05-22 10:52:14 - [TEST_STEP][PASSED] - click: Object: 'Object Repository/DispensaryToStore/Page_Store/button_Add' is clicked on

2018-05-22 10:52:14 - [MESSAGE][PASSED] - Object: 'Object Repository/DispensaryToStore/Page_Store/button_Add' is clicked on

2018-05-22 10:52:14 - [TEST_STEP][PASSED] - Statement - Break: null

2018-05-22 10:52:14 - [TEST_STEP][PASSED] - selectOptionByIndex: All options with index in [11] are selected on object 'Object Repository/DispensaryToStore/Page_Store/select_--Select--Adernaline 0.'

2018-05-22 10:52:14 - [MESSAGE][PASSED] - All options with index in [11] are selected on object 'Object Repository/DispensaryToStore/Page_Store/select_--Select--Adernaline 0.'

2018-05-22 10:52:14 - [TEST_STEP][PASSED] - delay: Delayed 2 second(s)

2018-05-22 10:52:16 - [MESSAGE][PASSED] - Delayed 2 second(s)

2018-05-22 10:52:16 - [TEST_STEP][PASSED] - Statement - RequestedQty = com.kms.katalon.core.webui.keyword.WebUiBuiltInKeywords.getAttribute(com.kms.katalon.core.testobject.ObjectRepository.findTestObject(DispensaryToStore/Page_Store/input_txttotal), "value"): Attribute 'value' of object 'Object Repository/DispensaryToStore/Page_Store/input_txttotal' is: '10'

2018-05-22 10:52:16 - [MESSAGE][PASSED] - Attribute 'value' of object 'Object Repository/DispensaryToStore/Page_Store/input_txttotal' is: '10'

2018-05-22 10:52:16 - [TEST_STEP][PASSED] - Statement - out.println("Requested QTY : " + RequestedQty): null

2018-05-22 10:52:16 - [TEST_STEP][PASSED] - Statement - BatchNumber = com.kms.katalon.core.webui.keyword.WebUiBuiltInKeywords.getNumberOfTotalOption(com.kms.katalon.core.testobject.ObjectRepository.findTestObject(DispensaryToStore/Page_Store/select_--Select--BA1170BA2376B)): 4 options of object 'Object Repository/DispensaryToStore/Page_Store/select_--Select--BA1170BA2376B' counted

2018-05-22 10:52:16 - [MESSAGE][PASSED] - 4 options of object 'Object Repository/DispensaryToStore/Page_Store/select_--Select--BA1170BA2376B' counted

2018-05-22 10:52:16 - [TEST_STEP][PASSED] - Statement - For ([g = 1, g <= BatchNumber - 1, (g++)]): null

2018-05-22 10:52:16 - [TEST_STEP][PASSED] - selectOptionByIndex: All options with index in [1] are selected on object 'Object Repository/DispensaryToStore/Page_Store/select_--Select--BA1170BA2376B'

2018-05-22 10:52:16 - [MESSAGE][PASSED] - All options with index in [1] are selected on object 'Object Repository/DispensaryToStore/Page_Store/select_--Select--BA1170BA2376B'

2018-05-22 10:52:16 - [TEST_STEP][PASSED] - Statement - Try: null

2018-05-22 10:52:16 - [TEST_STEP][PASSED] - Statement - StockQty = com.kms.katalon.core.webui.keyword.WebUiBuiltInKeywords.getAttribute(com.kms.katalon.core.testobject.ObjectRepository.findTestObject(DispensaryToStore/Page_Store/input_txtprice), "value"): Attribute 'value' of object 'Object Repository/DispensaryToStore/Page_Store/input_txtprice' is: '1040'

2018-05-22 10:52:16 - [MESSAGE][PASSED] - Attribute 'value' of object 'Object Repository/DispensaryToStore/Page_Store/input_txtprice' is: '1040'

2018-05-22 10:52:16 - [TEST_STEP][PASSED] - Statement - out.println("Stock QTY : " + StockQty): null

2018-05-22 10:52:16 - [TEST_STEP][PASSED] - delay: Delayed 2 second(s)

2018-05-22 10:52:18 - [MESSAGE][PASSED] - Delayed 2 second(s)

2018-05-22 10:52:18 - [TEST_STEP][PASSED] - Statement - If (java.lang.String.valueOf(StockQty) >= java.lang.String.valueOf(RequestedQty)): null

2018-05-22 10:52:18 - [TEST_STEP][PASSED] - setText: Text '10' is set on object 'Object Repository/DispensaryToStore/Page_Store/input_txtqty'

2018-05-22 10:52:19 - [MESSAGE][PASSED] - Text '10' is set on object 'Object Repository/DispensaryToStore/Page_Store/input_txtqty'

2018-05-22 10:52:19 - [TEST_STEP][PASSED] - click: Object: 'Object Repository/DispensaryToStore/Page_Store/button_Add' is clicked on

2018-05-22 10:52:19 - [MESSAGE][PASSED] - Object: 'Object Repository/DispensaryToStore/Page_Store/button_Add' is clicked on

2018-05-22 10:52:19 - [TEST_STEP][PASSED] - Statement - Break: null

2018-05-22 10:52:19 - [TEST_STEP][PASSED] - selectOptionByIndex: All options with index in [12] are selected on object 'Object Repository/DispensaryToStore/Page_Store/select_--Select--Adernaline 0.'

2018-05-22 10:52:19 - [MESSAGE][PASSED] - All options with index in [12] are selected on object 'Object Repository/DispensaryToStore/Page_Store/select_--Select--Adernaline 0.'

2018-05-22 10:52:19 - [TEST_STEP][PASSED] - delay: Delayed 2 second(s)

2018-05-22 10:52:21 - [MESSAGE][PASSED] - Delayed 2 second(s)

2018-05-22 10:52:21 - [TEST_STEP][PASSED] - Statement - RequestedQty = com.kms.katalon.core.webui.keyword.WebUiBuiltInKeywords.getAttribute(com.kms.katalon.core.testobject.ObjectRepository.findTestObject(DispensaryToStore/Page_Store/input_txttotal), "value"): Attribute 'value' of object 'Object Repository/DispensaryToStore/Page_Store/input_txttotal' is: '10'

2018-05-22 10:52:21 - [MESSAGE][PASSED] - Attribute 'value' of object 'Object Repository/DispensaryToStore/Page_Store/input_txttotal' is: '10'

2018-05-22 10:52:21 - [TEST_STEP][PASSED] - Statement - out.println("Requested QTY : " + RequestedQty): null

2018-05-22 10:52:21 - [TEST_STEP][PASSED] - Statement - BatchNumber = com.kms.katalon.core.webui.keyword.WebUiBuiltInKeywords.getNumberOfTotalOption(com.kms.katalon.core.testobject.ObjectRepository.findTestObject(DispensaryToStore/Page_Store/select_--Select--BA1170BA2376B)): 3 options of object 'Object Repository/DispensaryToStore/Page_Store/select_--Select--BA1170BA2376B' counted

2018-05-22 10:52:21 - [MESSAGE][PASSED] - 3 options of object 'Object Repository/DispensaryToStore/Page_Store/select_--Select--BA1170BA2376B' counted

2018-05-22 10:52:21 - [TEST_STEP][PASSED] - Statement - For ([g = 1, g <= BatchNumber - 1, (g++)]): null

2018-05-22 10:52:21 - [TEST_STEP][PASSED] - selectOptionByIndex: All options with index in [1] are selected on object 'Object Repository/DispensaryToStore/Page_Store/select_--Select--BA1170BA2376B'

2018-05-22 10:52:21 - [MESSAGE][PASSED] - All options with index in [1] are selected on object 'Object Repository/DispensaryToStore/Page_Store/select_--Select--BA1170BA2376B'

2018-05-22 10:52:21 - [TEST_STEP][PASSED] - Statement - Try: null

2018-05-22 10:52:21 - [TEST_STEP][PASSED] - Statement - StockQty = com.kms.katalon.core.webui.keyword.WebUiBuiltInKeywords.getAttribute(com.kms.katalon.core.testobject.ObjectRepository.findTestObject(DispensaryToStore/Page_Store/input_txtprice), "value"): Attribute 'value' of object 'Object Repository/DispensaryToStore/Page_Store/input_txtprice' is: '1140'

2018-05-22 10:52:21 - [MESSAGE][PASSED] - Attribute 'value' of object 'Object Repository/DispensaryToStore/Page_Store/input_txtprice' is: '1140'

2018-05-22 10:52:21 - [TEST_STEP][PASSED] - Statement - out.println("Stock QTY : " + StockQty): null

2018-05-22 10:52:21 - [TEST_STEP][PASSED] - delay: Delayed 2 second(s)

2018-05-22 10:52:23 - [MESSAGE][PASSED] - Delayed 2 second(s)

2018-05-22 10:52:23 - [TEST_STEP][PASSED] - Statement - If (java.lang.String.valueOf(StockQty) >= java.lang.String.valueOf(RequestedQty)): null

2018-05-22 10:52:23 - [TEST_STEP][PASSED] - setText: Text '10' is set on object 'Object Repository/DispensaryToStore/Page_Store/input_txtqty'

2018-05-22 10:52:23 - [MESSAGE][PASSED] - Text '10' is set on object 'Object Repository/DispensaryToStore/Page_Store/input_txtqty'

2018-05-22 10:52:23 - [TEST_STEP][PASSED] - click: Object: 'Object Repository/DispensaryToStore/Page_Store/button_Add' is clicked on

2018-05-22 10:52:23 - [MESSAGE][PASSED] - Object: 'Object Repository/DispensaryToStore/Page_Store/button_Add' is clicked on

2018-05-22 10:52:23 - [TEST_STEP][PASSED] - Statement - Break: null

2018-05-22 10:52:23 - [TEST_STEP][PASSED] - selectOptionByIndex: All options with index in [13] are selected on object 'Object Repository/DispensaryToStore/Page_Store/select_--Select--Adernaline 0.'

2018-05-22 10:52:24 - [MESSAGE][PASSED] - All options with index in [13] are selected on object 'Object Repository/DispensaryToStore/Page_Store/select_--Select--Adernaline 0.'

2018-05-22 10:52:24 - [TEST_STEP][PASSED] - delay: Delayed 2 second(s)

2018-05-22 10:52:26 - [MESSAGE][PASSED] - Delayed 2 second(s)

2018-05-22 10:52:26 - [TEST_STEP][PASSED] - Statement - RequestedQty = com.kms.katalon.core.webui.keyword.WebUiBuiltInKeywords.getAttribute(com.kms.katalon.core.testobject.ObjectRepository.findTestObject(DispensaryToStore/Page_Store/input_txttotal), "value"): Attribute 'value' of object 'Object Repository/DispensaryToStore/Page_Store/input_txttotal' is: '10'

2018-05-22 10:52:26 - [MESSAGE][PASSED] - Attribute 'value' of object 'Object Repository/DispensaryToStore/Page_Store/input_txttotal' is: '10'

2018-05-22 10:52:26 - [TEST_STEP][PASSED] - Statement - out.println("Requested QTY : " + RequestedQty): null

2018-05-22 10:52:26 - [TEST_STEP][PASSED] - Statement - BatchNumber = com.kms.katalon.core.webui.keyword.WebUiBuiltInKeywords.getNumberOfTotalOption(com.kms.katalon.core.testobject.ObjectRepository.findTestObject(DispensaryToStore/Page_Store/select_--Select--BA1170BA2376B)): 4 options of object 'Object Repository/DispensaryToStore/Page_Store/select_--Select--BA1170BA2376B' counted

2018-05-22 10:52:26 - [MESSAGE][PASSED] - 4 options of object 'Object Repository/DispensaryToStore/Page_Store/select_--Select--BA1170BA2376B' counted

2018-05-22 10:52:26 - [TEST_STEP][PASSED] - Statement - For ([g = 1, g <= BatchNumber - 1, (g++)]): null

2018-05-22 10:52:26 - [TEST_STEP][PASSED] - selectOptionByIndex: All options with index in [1] are selected on object 'Object Repository/DispensaryToStore/Page_Store/select_--Select--BA1170BA2376B'

2018-05-22 10:52:26 - [MESSAGE][PASSED] - All options with index in [1] are selected on object 'Object Repository/DispensaryToStore/Page_Store/select_--Select--BA1170BA2376B'

2018-05-22 10:52:26 - [TEST_STEP][PASSED] - Statement - Try: null

2018-05-22 10:52:26 - [TEST_STEP][PASSED] - Statement - StockQty = com.kms.katalon.core.webui.keyword.WebUiBuiltInKeywords.getAttribute(com.kms.katalon.core.testobject.ObjectRepository.findTestObject(DispensaryToStore/Page_Store/input_txtprice), "value"): Attribute 'value' of object 'Object Repository/DispensaryToStore/Page_Store/input_txtprice' is: '100'

2018-05-22 10:52:26 - [MESSAGE][PASSED] - Attribute 'value' of object 'Object Repository/DispensaryToStore/Page_Store/input_txtprice' is: '100'

2018-05-22 10:52:26 - [TEST_STEP][PASSED] - Statement - out.println("Stock QTY : " + StockQty): null

2018-05-22 10:52:26 - [TEST_STEP][PASSED] - delay: Delayed 2 second(s)

2018-05-22 10:52:28 - [MESSAGE][PASSED] - Delayed 2 second(s)

2018-05-22 10:52:28 - [TEST_STEP][PASSED] - Statement - If (java.lang.String.valueOf(StockQty) >= java.lang.String.valueOf(RequestedQty)): null

2018-05-22 10:52:28 - [TEST_STEP][PASSED] - setText: Text '10' is set on object 'Object Repository/DispensaryToStore/Page_Store/input_txtqty'

2018-05-22 10:52:28 - [MESSAGE][PASSED] - Text '10' is set on object 'Object Repository/DispensaryToStore/Page_Store/input_txtqty'

2018-05-22 10:52:28 - [TEST_STEP][PASSED] - click: Object: 'Object Repository/DispensaryToStore/Page_Store/button_Add' is clicked on

2018-05-22 10:52:28 - [MESSAGE][PASSED] - Object: 'Object Repository/DispensaryToStore/Page_Store/button_Add' is clicked on

2018-05-22 10:52:28 - [TEST_STEP][PASSED] - Statement - Break: null

2018-05-22 10:52:28 - [TEST_STEP][PASSED] - selectOptionByIndex: All options with index in [14] are selected on object 'Object Repository/DispensaryToStore/Page_Store/select_--Select--Adernaline 0.'

2018-05-22 10:52:28 - [MESSAGE][PASSED] - All options with index in [14] are selected on object 'Object Repository/DispensaryToStore/Page_Store/select_--Select--Adernaline 0.'

2018-05-22 10:52:28 - [TEST_STEP][PASSED] - delay: Delayed 2 second(s)

2018-05-22 10:52:30 - [MESSAGE][PASSED] - Delayed 2 second(s)

2018-05-22 10:52:30 - [TEST_STEP][PASSED] - Statement - RequestedQty = com.kms.katalon.core.webui.keyword.WebUiBuiltInKeywords.getAttribute(com.kms.katalon.core.testobject.ObjectRepository.findTestObject(DispensaryToStore/Page_Store/input_txttotal), "value"): Attribute 'value' of object 'Object Repository/DispensaryToStore/Page_Store/input_txttotal' is: '10'

2018-05-22 10:52:30 - [MESSAGE][PASSED] - Attribute 'value' of object 'Object Repository/DispensaryToStore/Page_Store/input_txttotal' is: '10'

2018-05-22 10:52:30 - [TEST_STEP][PASSED] - Statement - out.println("Requested QTY : " + RequestedQty): null

2018-05-22 10:52:30 - [TEST_STEP][PASSED] - Statement - BatchNumber = com.kms.katalon.core.webui.keyword.WebUiBuiltInKeywords.getNumberOfTotalOption(com.kms.katalon.core.testobject.ObjectRepository.findTestObject(DispensaryToStore/Page_Store/select_--Select--BA1170BA2376B)): 5 options of object 'Object Repository/DispensaryToStore/Page_Store/select_--Select--BA1170BA2376B' counted

2018-05-22 10:52:30 - [MESSAGE][PASSED] - 5 options of object 'Object Repository/DispensaryToStore/Page_Store/select_--Select--BA1170BA2376B' counted

2018-05-22 10:52:30 - [TEST_STEP][PASSED] - Statement - For ([g = 1, g <= BatchNumber - 1, (g++)]): null

2018-05-22 10:52:30 - [TEST_STEP][PASSED] - selectOptionByIndex: All options with index in [1] are selected on object 'Object Repository/DispensaryToStore/Page_Store/select_--Select--BA1170BA2376B'

2018-05-22 10:52:31 - [MESSAGE][PASSED] - All options with index in [1] are selected on object 'Object Repository/DispensaryToStore/Page_Store/select_--Select--BA1170BA2376B'

2018-05-22 10:52:31 - [TEST_STEP][PASSED] - Statement - Try: null

2018-05-22 10:52:31 - [TEST_STEP][PASSED] - Statement - StockQty = com.kms.katalon.core.webui.keyword.WebUiBuiltInKeywords.getAttribute(com.kms.katalon.core.testobject.ObjectRepository.findTestObject(DispensaryToStore/Page_Store/input_txtprice), "value"): Attribute 'value' of object 'Object Repository/DispensaryToStore/Page_Store/input_txtprice' is: '100'

2018-05-22 10:52:31 - [MESSAGE][PASSED] - Attribute 'value' of object 'Object Repository/DispensaryToStore/Page_Store/input_txtprice' is: '100'

2018-05-22 10:52:31 - [TEST_STEP][PASSED] - Statement - out.println("Stock QTY : " + StockQty): null

2018-05-22 10:52:31 - [TEST_STEP][PASSED] - delay: Delayed 2 second(s)

2018-05-22 10:52:33 - [MESSAGE][PASSED] - Delayed 2 second(s)

2018-05-22 10:52:33 - [TEST_STEP][PASSED] - Statement - If (java.lang.String.valueOf(StockQty) >= java.lang.String.valueOf(RequestedQty)): null

2018-05-22 10:52:33 - [TEST_STEP][PASSED] - setText: Text '10' is set on object 'Object Repository/DispensaryToStore/Page_Store/input_txtqty'

2018-05-22 10:52:33 - [MESSAGE][PASSED] - Text '10' is set on object 'Object Repository/DispensaryToStore/Page_Store/input_txtqty'

2018-05-22 10:52:33 - [TEST_STEP][PASSED] - click: Object: 'Object Repository/DispensaryToStore/Page_Store/button_Add' is clicked on

2018-05-22 10:52:33 - [MESSAGE][PASSED] - Object: 'Object Repository/DispensaryToStore/Page_Store/button_Add' is clicked on

2018-05-22 10:52:33 - [TEST_STEP][PASSED] - Statement - Break: null

2018-05-22 10:52:33 - [TEST_STEP][PASSED] - selectOptionByIndex: All options with index in [15] are selected on object 'Object Repository/DispensaryToStore/Page_Store/select_--Select--Adernaline 0.'

2018-05-22 10:52:33 - [MESSAGE][PASSED] - All options with index in [15] are selected on object 'Object Repository/DispensaryToStore/Page_Store/select_--Select--Adernaline 0.'

2018-05-22 10:52:33 - [TEST_STEP][PASSED] - delay: Delayed 2 second(s)

2018-05-22 10:52:35 - [MESSAGE][PASSED] - Delayed 2 second(s)

2018-05-22 10:52:35 - [TEST_STEP][PASSED] - Statement - RequestedQty = com.kms.katalon.core.webui.keyword.WebUiBuiltInKeywords.getAttribute(com.kms.katalon.core.testobject.ObjectRepository.findTestObject(DispensaryToStore/Page_Store/input_txttotal), "value"): Attribute 'value' of object 'Object Repository/DispensaryToStore/Page_Store/input_txttotal' is: '10'

2018-05-22 10:52:35 - [MESSAGE][PASSED] - Attribute 'value' of object 'Object Repository/DispensaryToStore/Page_Store/input_txttotal' is: '10'

2018-05-22 10:52:35 - [TEST_STEP][PASSED] - Statement - out.println("Requested QTY : " + RequestedQty): null

2018-05-22 10:52:35 - [TEST_STEP][PASSED] - Statement - BatchNumber = com.kms.katalon.core.webui.keyword.WebUiBuiltInKeywords.getNumberOfTotalOption(com.kms.katalon.core.testobject.ObjectRepository.findTestObject(DispensaryToStore/Page_Store/select_--Select--BA1170BA2376B)): 4 options of object 'Object Repository/DispensaryToStore/Page_Store/select_--Select--BA1170BA2376B' counted

2018-05-22 10:52:35 - [MESSAGE][PASSED] - 4 options of object 'Object Repository/DispensaryToStore/Page_Store/select_--Select--BA1170BA2376B' counted

2018-05-22 10:52:35 - [TEST_STEP][PASSED] - Statement - For ([g = 1, g <= BatchNumber - 1, (g++)]): null

2018-05-22 10:52:35 - [TEST_STEP][PASSED] - selectOptionByIndex: All options with index in [1] are selected on object 'Object Repository/DispensaryToStore/Page_Store/select_--Select--BA1170BA2376B'

2018-05-22 10:52:35 - [MESSAGE][PASSED] - All options with index in [1] are selected on object 'Object Repository/DispensaryToStore/Page_Store/select_--Select--BA1170BA2376B'

2018-05-22 10:52:35 - [TEST_STEP][PASSED] - Statement - Try: null

2018-05-22 10:52:35 - [TEST_STEP][PASSED] - Statement - StockQty = com.kms.katalon.core.webui.keyword.WebUiBuiltInKeywords.getAttribute(com.kms.katalon.core.testobject.ObjectRepository.findTestObject(DispensaryToStore/Page_Store/input_txtprice), "value"): Attribute 'value' of object 'Object Repository/DispensaryToStore/Page_Store/input_txtprice' is: '100'

2018-05-22 10:52:35 - [MESSAGE][PASSED] - Attribute 'value' of object 'Object Repository/DispensaryToStore/Page_Store/input_txtprice' is: '100'

2018-05-22 10:52:35 - [TEST_STEP][PASSED] - Statement - out.println("Stock QTY : " + StockQty): null

2018-05-22 10:52:35 - [TEST_STEP][PASSED] - delay: Delayed 2 second(s)

2018-05-22 10:52:37 - [MESSAGE][PASSED] - Delayed 2 second(s)

2018-05-22 10:52:37 - [TEST_STEP][PASSED] - Statement - If (java.lang.String.valueOf(StockQty) >= java.lang.String.valueOf(RequestedQty)): null

2018-05-22 10:52:37 - [TEST_STEP][PASSED] - setText: Text '10' is set on object 'Object Repository/DispensaryToStore/Page_Store/input_txtqty'

2018-05-22 10:52:37 - [MESSAGE][PASSED] - Text '10' is set on object 'Object Repository/DispensaryToStore/Page_Store/input_txtqty'

2018-05-22 10:52:37 - [TEST_STEP][PASSED] - click: Object: 'Object Repository/DispensaryToStore/Page_Store/button_Add' is clicked on

2018-05-22 10:52:37 - [MESSAGE][PASSED] - Object: 'Object Repository/DispensaryToStore/Page_Store/button_Add' is clicked on

2018-05-22 10:52:37 - [TEST_STEP][PASSED] - Statement - Break: null

2018-05-22 10:52:37 - [TEST_STEP][PASSED] - selectOptionByIndex: All options with index in [16] are selected on object 'Object Repository/DispensaryToStore/Page_Store/select_--Select--Adernaline 0.'

2018-05-22 10:52:38 - [MESSAGE][PASSED] - All options with index in [16] are selected on object 'Object Repository/DispensaryToStore/Page_Store/select_--Select--Adernaline 0.'

2018-05-22 10:52:38 - [TEST_STEP][PASSED] - delay: Delayed 2 second(s)

2018-05-22 10:52:40 - [MESSAGE][PASSED] - Delayed 2 second(s)

2018-05-22 10:52:40 - [TEST_STEP][PASSED] - Statement - RequestedQty = com.kms.katalon.core.webui.keyword.WebUiBuiltInKeywords.getAttribute(com.kms.katalon.core.testobject.ObjectRepository.findTestObject(DispensaryToStore/Page_Store/input_txttotal), "value"): Attribute 'value' of object 'Object Repository/DispensaryToStore/Page_Store/input_txttotal' is: '10'

2018-05-22 10:52:40 - [MESSAGE][PASSED] - Attribute 'value' of object 'Object Repository/DispensaryToStore/Page_Store/input_txttotal' is: '10'

2018-05-22 10:52:40 - [TEST_STEP][PASSED] - Statement - out.println("Requested QTY : " + RequestedQty): null

2018-05-22 10:52:40 - [TEST_STEP][PASSED] - Statement - BatchNumber = com.kms.katalon.core.webui.keyword.WebUiBuiltInKeywords.getNumberOfTotalOption(com.kms.katalon.core.testobject.ObjectRepository.findTestObject(DispensaryToStore/Page_Store/select_--Select--BA1170BA2376B)): 3 options of object 'Object Repository/DispensaryToStore/Page_Store/select_--Select--BA1170BA2376B' counted

2018-05-22 10:52:40 - [MESSAGE][PASSED] - 3 options of object 'Object Repository/DispensaryToStore/Page_Store/select_--Select--BA1170BA2376B' counted

2018-05-22 10:52:40 - [TEST_STEP][PASSED] - Statement - For ([g = 1, g <= BatchNumber - 1, (g++)]): null

2018-05-22 10:52:40 - [TEST_STEP][PASSED] - selectOptionByIndex: All options with index in [1] are selected on object 'Object Repository/DispensaryToStore/Page_Store/select_--Select--BA1170BA2376B'

2018-05-22 10:52:40 - [MESSAGE][PASSED] - All options with index in [1] are selected on object 'Object Repository/DispensaryToStore/Page_Store/select_--Select--BA1170BA2376B'

2018-05-22 10:52:40 - [TEST_STEP][PASSED] - Statement - Try: null

2018-05-22 10:52:40 - [TEST_STEP][PASSED] - Statement - StockQty = com.kms.katalon.core.webui.keyword.WebUiBuiltInKeywords.getAttribute(com.kms.katalon.core.testobject.ObjectRepository.findTestObject(DispensaryToStore/Page_Store/input_txtprice), "value"): Attribute 'value' of object 'Object Repository/DispensaryToStore/Page_Store/input_txtprice' is: '1150'

2018-05-22 10:52:40 - [MESSAGE][PASSED] - Attribute 'value' of object 'Object Repository/DispensaryToStore/Page_Store/input_txtprice' is: '1150'

2018-05-22 10:52:40 - [TEST_STEP][PASSED] - Statement - out.println("Stock QTY : " + StockQty): null

2018-05-22 10:52:40 - [TEST_STEP][PASSED] - delay: Delayed 2 second(s)

2018-05-22 10:52:42 - [MESSAGE][PASSED] - Delayed 2 second(s)

2018-05-22 10:52:42 - [TEST_STEP][PASSED] - Statement - If (java.lang.String.valueOf(StockQty) >= java.lang.String.valueOf(RequestedQty)): null

2018-05-22 10:52:42 - [TEST_STEP][PASSED] - setText: Text '10' is set on object 'Object Repository/DispensaryToStore/Page_Store/input_txtqty'

2018-05-22 10:52:42 - [MESSAGE][PASSED] - Text '10' is set on object 'Object Repository/DispensaryToStore/Page_Store/input_txtqty'

2018-05-22 10:52:42 - [TEST_STEP][PASSED] - click: Object: 'Object Repository/DispensaryToStore/Page_Store/button_Add' is clicked on

2018-05-22 10:52:42 - [MESSAGE][PASSED] - Object: 'Object Repository/DispensaryToStore/Page_Store/button_Add' is clicked on

2018-05-22 10:52:42 - [TEST_STEP][PASSED] - Statement - Break: null

2018-05-22 10:52:42 - [TEST_STEP][PASSED] - selectOptionByIndex: All options with index in [17] are selected on object 'Object Repository/DispensaryToStore/Page_Store/select_--Select--Adernaline 0.'

2018-05-22 10:52:42 - [MESSAGE][PASSED] - All options with index in [17] are selected on object 'Object Repository/DispensaryToStore/Page_Store/select_--Select--Adernaline 0.'

2018-05-22 10:52:42 - [TEST_STEP][PASSED] - delay: Delayed 2 second(s)

2018-05-22 10:52:44 - [MESSAGE][PASSED] - Delayed 2 second(s)

2018-05-22 10:52:44 - [TEST_STEP][PASSED] - Statement - RequestedQty = com.kms.katalon.core.webui.keyword.WebUiBuiltInKeywords.getAttribute(com.kms.katalon.core.testobject.ObjectRepository.findTestObject(DispensaryToStore/Page_Store/input_txttotal), "value"): Attribute 'value' of object 'Object Repository/DispensaryToStore/Page_Store/input_txttotal' is: '10'

2018-05-22 10:52:44 - [MESSAGE][PASSED] - Attribute 'value' of object 'Object Repository/DispensaryToStore/Page_Store/input_txttotal' is: '10'

2018-05-22 10:52:44 - [TEST_STEP][PASSED] - Statement - out.println("Requested QTY : " + RequestedQty): null

2018-05-22 10:52:44 - [TEST_STEP][PASSED] - Statement - BatchNumber = com.kms.katalon.core.webui.keyword.WebUiBuiltInKeywords.getNumberOfTotalOption(com.kms.katalon.core.testobject.ObjectRepository.findTestObject(DispensaryToStore/Page_Store/select_--Select--BA1170BA2376B)): 4 options of object 'Object Repository/DispensaryToStore/Page_Store/select_--Select--BA1170BA2376B' counted

2018-05-22 10:52:45 - [MESSAGE][PASSED] - 4 options of object 'Object Repository/DispensaryToStore/Page_Store/select_--Select--BA1170BA2376B' counted

2018-05-22 10:52:45 - [TEST_STEP][PASSED] - Statement - For ([g = 1, g <= BatchNumber - 1, (g++)]): null

2018-05-22 10:52:45 - [TEST_STEP][PASSED] - selectOptionByIndex: All options with index in [1] are selected on object 'Object Repository/DispensaryToStore/Page_Store/select_--Select--BA1170BA2376B'

2018-05-22 10:52:45 - [MESSAGE][PASSED] - All options with index in [1] are selected on object 'Object Repository/DispensaryToStore/Page_Store/select_--Select--BA1170BA2376B'

2018-05-22 10:52:45 - [TEST_STEP][PASSED] - Statement - Try: null

2018-05-22 10:52:45 - [TEST_STEP][PASSED] - Statement - StockQty = com.kms.katalon.core.webui.keyword.WebUiBuiltInKeywords.getAttribute(com.kms.katalon.core.testobject.ObjectRepository.findTestObject(DispensaryToStore/Page_Store/input_txtprice), "value"): Attribute 'value' of object 'Object Repository/DispensaryToStore/Page_Store/input_txtprice' is: '100'

2018-05-22 10:52:45 - [MESSAGE][PASSED] - Attribute 'value' of object 'Object Repository/DispensaryToStore/Page_Store/input_txtprice' is: '100'

2018-05-22 10:52:45 - [TEST_STEP][PASSED] - Statement - out.println("Stock QTY : " + StockQty): null

2018-05-22 10:52:45 - [TEST_STEP][PASSED] - delay: Delayed 2 second(s)

2018-05-22 10:52:47 - [MESSAGE][PASSED] - Delayed 2 second(s)

2018-05-22 10:52:47 - [TEST_STEP][PASSED] - Statement - If (java.lang.String.valueOf(StockQty) >= java.lang.String.valueOf(RequestedQty)): null

2018-05-22 10:52:47 - [TEST_STEP][PASSED] - setText: Text '10' is set on object 'Object Repository/DispensaryToStore/Page_Store/input_txtqty'

2018-05-22 10:52:47 - [MESSAGE][PASSED] - Text '10' is set on object 'Object Repository/DispensaryToStore/Page_Store/input_txtqty'

2018-05-22 10:52:47 - [TEST_STEP][PASSED] - click: Object: 'Object Repository/DispensaryToStore/Page_Store/button_Add' is clicked on

2018-05-22 10:52:47 - [MESSAGE][PASSED] - Object: 'Object Repository/DispensaryToStore/Page_Store/button_Add' is clicked on

2018-05-22 10:52:47 - [TEST_STEP][PASSED] - Statement - Break: null

2018-05-22 10:52:47 - [TEST_STEP][PASSED] - selectOptionByIndex: All options with index in [18] are selected on object 'Object Repository/DispensaryToStore/Page_Store/select_--Select--Adernaline 0.'

2018-05-22 10:52:47 - [MESSAGE][PASSED] - All options with index in [18] are selected on object 'Object Repository/DispensaryToStore/Page_Store/select_--Select--Adernaline 0.'

2018-05-22 10:52:47 - [TEST_STEP][PASSED] - delay: Delayed 2 second(s)

2018-05-22 10:52:49 - [MESSAGE][PASSED] - Delayed 2 second(s)

2018-05-22 10:52:49 - [TEST_STEP][PASSED] - Statement - RequestedQty = com.kms.katalon.core.webui.keyword.WebUiBuiltInKeywords.getAttribute(com.kms.katalon.core.testobject.ObjectRepository.findTestObject(DispensaryToStore/Page_Store/input_txttotal), "value"): Attribute 'value' of object 'Object Repository/DispensaryToStore/Page_Store/input_txttotal' is: '10'

2018-05-22 10:52:49 - [MESSAGE][PASSED] - Attribute 'value' of object 'Object Repository/DispensaryToStore/Page_Store/input_txttotal' is: '10'

2018-05-22 10:52:49 - [TEST_STEP][PASSED] - Statement - out.println("Requested QTY : " + RequestedQty): null

2018-05-22 10:52:49 - [TEST_STEP][PASSED] - Statement - BatchNumber = com.kms.katalon.core.webui.keyword.WebUiBuiltInKeywords.getNumberOfTotalOption(com.kms.katalon.core.testobject.ObjectRepository.findTestObject(DispensaryToStore/Page_Store/select_--Select--BA1170BA2376B)): 3 options of object 'Object Repository/DispensaryToStore/Page_Store/select_--Select--BA1170BA2376B' counted

2018-05-22 10:52:49 - [MESSAGE][PASSED] - 3 options of object 'Object Repository/DispensaryToStore/Page_Store/select_--Select--BA1170BA2376B' counted

2018-05-22 10:52:49 - [TEST_STEP][PASSED] - Statement - For ([g = 1, g <= BatchNumber - 1, (g++)]): null

2018-05-22 10:52:49 - [TEST_STEP][PASSED] - selectOptionByIndex: All options with index in [1] are selected on object 'Object Repository/DispensaryToStore/Page_Store/select_--Select--BA1170BA2376B'

2018-05-22 10:52:49 - [MESSAGE][PASSED] - All options with index in [1] are selected on object 'Object Repository/DispensaryToStore/Page_Store/select_--Select--BA1170BA2376B'

2018-05-22 10:52:49 - [TEST_STEP][PASSED] - Statement - Try: null

2018-05-22 10:52:49 - [TEST_STEP][PASSED] - Statement - StockQty = com.kms.katalon.core.webui.keyword.WebUiBuiltInKeywords.getAttribute(com.kms.katalon.core.testobject.ObjectRepository.findTestObject(DispensaryToStore/Page_Store/input_txtprice), "value"): Attribute 'value' of object 'Object Repository/DispensaryToStore/Page_Store/input_txtprice' is: '1140'

2018-05-22 10:52:49 - [MESSAGE][PASSED] - Attribute 'value' of object 'Object Repository/DispensaryToStore/Page_Store/input_txtprice' is: '1140'

2018-05-22 10:52:49 - [TEST_STEP][PASSED] - Statement - out.println("Stock QTY : " + StockQty): null

2018-05-22 10:52:49 - [TEST_STEP][PASSED] - delay: Delayed 2 second(s)

2018-05-22 10:52:51 - [MESSAGE][PASSED] - Delayed 2 second(s)

2018-05-22 10:52:51 - [TEST_STEP][PASSED] - Statement - If (java.lang.String.valueOf(StockQty) >= java.lang.String.valueOf(RequestedQty)): null

2018-05-22 10:52:51 - [TEST_STEP][PASSED] - setText: Text '10' is set on object 'Object Repository/DispensaryToStore/Page_Store/input_txtqty'

2018-05-22 10:52:52 - [MESSAGE][PASSED] - Text '10' is set on object 'Object Repository/DispensaryToStore/Page_Store/input_txtqty'

2018-05-22 10:52:52 - [TEST_STEP][PASSED] - click: Object: 'Object Repository/DispensaryToStore/Page_Store/button_Add' is clicked on

2018-05-22 10:52:52 - [MESSAGE][PASSED] - Object: 'Object Repository/DispensaryToStore/Page_Store/button_Add' is clicked on

2018-05-22 10:52:52 - [TEST_STEP][PASSED] - Statement - Break: null

2018-05-22 10:52:52 - [TEST_STEP][PASSED] - selectOptionByIndex: All options with index in [19] are selected on object 'Object Repository/DispensaryToStore/Page_Store/select_--Select--Adernaline 0.'

2018-05-22 10:52:52 - [MESSAGE][PASSED] - All options with index in [19] are selected on object 'Object Repository/DispensaryToStore/Page_Store/select_--Select--Adernaline 0.'

2018-05-22 10:52:52 - [TEST_STEP][PASSED] - delay: Delayed 2 second(s)

2018-05-22 10:52:54 - [MESSAGE][PASSED] - Delayed 2 second(s)

2018-05-22 10:52:54 - [TEST_STEP][PASSED] - Statement - RequestedQty = com.kms.katalon.core.webui.keyword.WebUiBuiltInKeywords.getAttribute(com.kms.katalon.core.testobject.ObjectRepository.findTestObject(DispensaryToStore/Page_Store/input_txttotal), "value"): Attribute 'value' of object 'Object Repository/DispensaryToStore/Page_Store/input_txttotal' is: '10'

2018-05-22 10:52:54 - [MESSAGE][PASSED] - Attribute 'value' of object 'Object Repository/DispensaryToStore/Page_Store/input_txttotal' is: '10'

2018-05-22 10:52:54 - [TEST_STEP][PASSED] - Statement - out.println("Requested QTY : " + RequestedQty): null

2018-05-22 10:52:54 - [TEST_STEP][PASSED] - Statement - BatchNumber = com.kms.katalon.core.webui.keyword.WebUiBuiltInKeywords.getNumberOfTotalOption(com.kms.katalon.core.testobject.ObjectRepository.findTestObject(DispensaryToStore/Page_Store/select_--Select--BA1170BA2376B)): 4 options of object 'Object Repository/DispensaryToStore/Page_Store/select_--Select--BA1170BA2376B' counted

2018-05-22 10:52:54 - [MESSAGE][PASSED] - 4 options of object 'Object Repository/DispensaryToStore/Page_Store/select_--Select--BA1170BA2376B' counted

2018-05-22 10:52:54 - [TEST_STEP][PASSED] - Statement - For ([g = 1, g <= BatchNumber - 1, (g++)]): null

2018-05-22 10:52:54 - [TEST_STEP][PASSED] - selectOptionByIndex: All options with index in [1] are selected on object 'Object Repository/DispensaryToStore/Page_Store/select_--Select--BA1170BA2376B'

2018-05-22 10:52:54 - [MESSAGE][PASSED] - All options with index in [1] are selected on object 'Object Repository/DispensaryToStore/Page_Store/select_--Select--BA1170BA2376B'

2018-05-22 10:52:54 - [TEST_STEP][PASSED] - Statement - Try: null

2018-05-22 10:52:54 - [TEST_STEP][PASSED] - Statement - StockQty = com.kms.katalon.core.webui.keyword.WebUiBuiltInKeywords.getAttribute(com.kms.katalon.core.testobject.ObjectRepository.findTestObject(DispensaryToStore/Page_Store/input_txtprice), "value"): Attribute 'value' of object 'Object Repository/DispensaryToStore/Page_Store/input_txtprice' is: '2040'

2018-05-22 10:52:54 - [MESSAGE][PASSED] - Attribute 'value' of object 'Object Repository/DispensaryToStore/Page_Store/input_txtprice' is: '2040'

2018-05-22 10:52:54 - [TEST_STEP][PASSED] - Statement - out.println("Stock QTY : " + StockQty): null

2018-05-22 10:52:54 - [TEST_STEP][PASSED] - delay: Delayed 2 second(s)

2018-05-22 10:52:56 - [MESSAGE][PASSED] - Delayed 2 second(s)

2018-05-22 10:52:56 - [TEST_STEP][PASSED] - Statement - If (java.lang.String.valueOf(StockQty) >= java.lang.String.valueOf(RequestedQty)): null

2018-05-22 10:52:56 - [TEST_STEP][PASSED] - setText: Text '10' is set on object 'Object Repository/DispensaryToStore/Page_Store/input_txtqty'

2018-05-22 10:52:56 - [MESSAGE][PASSED] - Text '10' is set on object 'Object Repository/DispensaryToStore/Page_Store/input_txtqty'

2018-05-22 10:52:56 - [TEST_STEP][PASSED] - click: Object: 'Object Repository/DispensaryToStore/Page_Store/button_Add' is clicked on

2018-05-22 10:52:56 - [MESSAGE][PASSED] - Object: 'Object Repository/DispensaryToStore/Page_Store/button_Add' is clicked on

2018-05-22 10:52:56 - [TEST_STEP][PASSED] - Statement - Break: null

2018-05-22 10:52:56 - [TEST_STEP][PASSED] - selectOptionByIndex: All options with index in [20] are selected on object 'Object Repository/DispensaryToStore/Page_Store/select_--Select--Adernaline 0.'

2018-05-22 10:52:57 - [MESSAGE][PASSED] - All options with index in [20] are selected on object 'Object Repository/DispensaryToStore/Page_Store/select_--Select--Adernaline 0.'

2018-05-22 10:52:57 - [TEST_STEP][PASSED] - delay: Delayed 2 second(s)

2018-05-22 10:52:59 - [MESSAGE][PASSED] - Delayed 2 second(s)

2018-05-22 10:52:59 - [TEST_STEP][PASSED] - Statement - RequestedQty = com.kms.katalon.core.webui.keyword.WebUiBuiltInKeywords.getAttribute(com.kms.katalon.core.testobject.ObjectRepository.findTestObject(DispensaryToStore/Page_Store/input_txttotal), "value"): Attribute 'value' of object 'Object Repository/DispensaryToStore/Page_Store/input_txttotal' is: '10'

2018-05-22 10:52:59 - [MESSAGE][PASSED] - Attribute 'value' of object 'Object Repository/DispensaryToStore/Page_Store/input_txttotal' is: '10'

2018-05-22 10:52:59 - [TEST_STEP][PASSED] - Statement - out.println("Requested QTY : " + RequestedQty): null

2018-05-22 10:52:59 - [TEST_STEP][PASSED] - Statement - BatchNumber = com.kms.katalon.core.webui.keyword.WebUiBuiltInKeywords.getNumberOfTotalOption(com.kms.katalon.core.testobject.ObjectRepository.findTestObject(DispensaryToStore/Page_Store/select_--Select--BA1170BA2376B)): 4 options of object 'Object Repository/DispensaryToStore/Page_Store/select_--Select--BA1170BA2376B' counted

2018-05-22 10:52:59 - [MESSAGE][PASSED] - 4 options of object 'Object Repository/DispensaryToStore/Page_Store/select_--Select--BA1170BA2376B' counted

2018-05-22 10:52:59 - [TEST_STEP][PASSED] - Statement - For ([g = 1, g <= BatchNumber - 1, (g++)]): null

2018-05-22 10:52:59 - [TEST_STEP][PASSED] - selectOptionByIndex: All options with index in [1] are selected on object 'Object Repository/DispensaryToStore/Page_Store/select_--Select--BA1170BA2376B'

2018-05-22 10:52:59 - [MESSAGE][PASSED] - All options with index in [1] are selected on object 'Object Repository/DispensaryToStore/Page_Store/select_--Select--BA1170BA2376B'

2018-05-22 10:52:59 - [TEST_STEP][PASSED] - Statement - Try: null

2018-05-22 10:52:59 - [TEST_STEP][PASSED] - Statement - StockQty = com.kms.katalon.core.webui.keyword.WebUiBuiltInKeywords.getAttribute(com.kms.katalon.core.testobject.ObjectRepository.findTestObject(DispensaryToStore/Page_Store/input_txtprice), "value"): Attribute 'value' of object 'Object Repository/DispensaryToStore/Page_Store/input_txtprice' is: '100'

2018-05-22 10:52:59 - [MESSAGE][PASSED] - Attribute 'value' of object 'Object Repository/DispensaryToStore/Page_Store/input_txtprice' is: '100'

2018-05-22 10:52:59 - [TEST_STEP][PASSED] - Statement - out.println("Stock QTY : " + StockQty): null

2018-05-22 10:52:59 - [TEST_STEP][PASSED] - delay: Delayed 2 second(s)

2018-05-22 10:53:01 - [MESSAGE][PASSED] - Delayed 2 second(s)

2018-05-22 10:53:01 - [TEST_STEP][PASSED] - Statement - If (java.lang.String.valueOf(StockQty) >= java.lang.String.valueOf(RequestedQty)): null

2018-05-22 10:53:01 - [TEST_STEP][PASSED] - setText: Text '10' is set on object 'Object Repository/DispensaryToStore/Page_Store/input_txtqty'

2018-05-22 10:53:01 - [MESSAGE][PASSED] - Text '10' is set on object 'Object Repository/DispensaryToStore/Page_Store/input_txtqty'

2018-05-22 10:53:01 - [TEST_STEP][PASSED] - click: Object: 'Object Repository/DispensaryToStore/Page_Store/button_Add' is clicked on

2018-05-22 10:53:01 - [MESSAGE][PASSED] - Object: 'Object Repository/DispensaryToStore/Page_Store/button_Add' is clicked on

2018-05-22 10:53:01 - [TEST_STEP][PASSED] - Statement - Break: null

2018-05-22 10:53:01 - [TEST_STEP][PASSED] - selectOptionByIndex: All options with index in [21] are selected on object 'Object Repository/DispensaryToStore/Page_Store/select_--Select--Adernaline 0.'

2018-05-22 10:53:01 - [MESSAGE][PASSED] - All options with index in [21] are selected on object 'Object Repository/DispensaryToStore/Page_Store/select_--Select--Adernaline 0.'

2018-05-22 10:53:01 - [TEST_STEP][PASSED] - delay: Delayed 2 second(s)

2018-05-22 10:53:03 - [MESSAGE][PASSED] - Delayed 2 second(s)

2018-05-22 10:53:03 - [TEST_STEP][PASSED] - Statement - RequestedQty = com.kms.katalon.core.webui.keyword.WebUiBuiltInKeywords.getAttribute(com.kms.katalon.core.testobject.ObjectRepository.findTestObject(DispensaryToStore/Page_Store/input_txttotal), "value"): Attribute 'value' of object 'Object Repository/DispensaryToStore/Page_Store/input_txttotal' is: '10'

2018-05-22 10:53:03 - [MESSAGE][PASSED] - Attribute 'value' of object 'Object Repository/DispensaryToStore/Page_Store/input_txttotal' is: '10'

2018-05-22 10:53:03 - [TEST_STEP][PASSED] - Statement - out.println("Requested QTY : " + RequestedQty): null

2018-05-22 10:53:03 - [TEST_STEP][PASSED] - Statement - BatchNumber = com.kms.katalon.core.webui.keyword.WebUiBuiltInKeywords.getNumberOfTotalOption(com.kms.katalon.core.testobject.ObjectRepository.findTestObject(DispensaryToStore/Page_Store/select_--Select--BA1170BA2376B)): 4 options of object 'Object Repository/DispensaryToStore/Page_Store/select_--Select--BA1170BA2376B' counted

2018-05-22 10:53:03 - [MESSAGE][PASSED] - 4 options of object 'Object Repository/DispensaryToStore/Page_Store/select_--Select--BA1170BA2376B' counted

2018-05-22 10:53:03 - [TEST_STEP][PASSED] - Statement - For ([g = 1, g <= BatchNumber - 1, (g++)]): null

2018-05-22 10:53:03 - [TEST_STEP][PASSED] - selectOptionByIndex: All options with index in [1] are selected on object 'Object Repository/DispensaryToStore/Page_Store/select_--Select--BA1170BA2376B'

2018-05-22 10:53:04 - [MESSAGE][PASSED] - All options with index in [1] are selected on object 'Object Repository/DispensaryToStore/Page_Store/select_--Select--BA1170BA2376B'

2018-05-22 10:53:04 - [TEST_STEP][PASSED] - Statement - Try: null

2018-05-22 10:53:04 - [TEST_STEP][PASSED] - Statement - StockQty = com.kms.katalon.core.webui.keyword.WebUiBuiltInKeywords.getAttribute(com.kms.katalon.core.testobject.ObjectRepository.findTestObject(DispensaryToStore/Page_Store/input_txtprice), "value"): Attribute 'value' of object 'Object Repository/DispensaryToStore/Page_Store/input_txtprice' is: '100'

2018-05-22 10:53:04 - [MESSAGE][PASSED] - Attribute 'value' of object 'Object Repository/DispensaryToStore/Page_Store/input_txtprice' is: '100'

2018-05-22 10:53:04 - [TEST_STEP][PASSED] - Statement - out.println("Stock QTY : " + StockQty): null

2018-05-22 10:53:04 - [TEST_STEP][PASSED] - delay: Delayed 2 second(s)

2018-05-22 10:53:06 - [MESSAGE][PASSED] - Delayed 2 second(s)

2018-05-22 10:53:06 - [TEST_STEP][PASSED] - Statement - If (java.lang.String.valueOf(StockQty) >= java.lang.String.valueOf(RequestedQty)): null

2018-05-22 10:53:06 - [TEST_STEP][PASSED] - setText: Text '10' is set on object 'Object Repository/DispensaryToStore/Page_Store/input_txtqty'

2018-05-22 10:53:06 - [MESSAGE][PASSED] - Text '10' is set on object 'Object Repository/DispensaryToStore/Page_Store/input_txtqty'

2018-05-22 10:53:06 - [TEST_STEP][PASSED] - click: Object: 'Object Repository/DispensaryToStore/Page_Store/button_Add' is clicked on

2018-05-22 10:53:06 - [MESSAGE][PASSED] - Object: 'Object Repository/DispensaryToStore/Page_Store/button_Add' is clicked on

2018-05-22 10:53:06 - [TEST_STEP][PASSED] - Statement - Break: null

2018-05-22 10:53:06 - [TEST_STEP][PASSED] - selectOptionByIndex: All options with index in [22] are selected on object 'Object Repository/DispensaryToStore/Page_Store/select_--Select--Adernaline 0.'

2018-05-22 10:53:06 - [MESSAGE][PASSED] - All options with index in [22] are selected on object 'Object Repository/DispensaryToStore/Page_Store/select_--Select--Adernaline 0.'

2018-05-22 10:53:06 - [TEST_STEP][PASSED] - delay: Delayed 2 second(s)

2018-05-22 10:53:08 - [MESSAGE][PASSED] - Delayed 2 second(s)

2018-05-22 10:53:08 - [TEST_STEP][PASSED] - Statement - RequestedQty = com.kms.katalon.core.webui.keyword.WebUiBuiltInKeywords.getAttribute(com.kms.katalon.core.testobject.ObjectRepository.findTestObject(DispensaryToStore/Page_Store/input_txttotal), "value"): Attribute 'value' of object 'Object Repository/DispensaryToStore/Page_Store/input_txttotal' is: '10'

2018-05-22 10:53:08 - [MESSAGE][PASSED] - Attribute 'value' of object 'Object Repository/DispensaryToStore/Page_Store/input_txttotal' is: '10'

2018-05-22 10:53:08 - [TEST_STEP][PASSED] - Statement - out.println("Requested QTY : " + RequestedQty): null

2018-05-22 10:53:08 - [TEST_STEP][PASSED] - Statement - BatchNumber = com.kms.katalon.core.webui.keyword.WebUiBuiltInKeywords.getNumberOfTotalOption(com.kms.katalon.core.testobject.ObjectRepository.findTestObject(DispensaryToStore/Page_Store/select_--Select--BA1170BA2376B)): 3 options of object 'Object Repository/DispensaryToStore/Page_Store/select_--Select--BA1170BA2376B' counted

2018-05-22 10:53:08 - [MESSAGE][PASSED] - 3 options of object 'Object Repository/DispensaryToStore/Page_Store/select_--Select--BA1170BA2376B' counted

2018-05-22 10:53:08 - [TEST_STEP][PASSED] - Statement - For ([g = 1, g <= BatchNumber - 1, (g++)]): null

2018-05-22 10:53:08 - [TEST_STEP][PASSED] - selectOptionByIndex: All options with index in [1] are selected on object 'Object Repository/DispensaryToStore/Page_Store/select_--Select--BA1170BA2376B'

2018-05-22 10:53:08 - [MESSAGE][PASSED] - All options with index in [1] are selected on object 'Object Repository/DispensaryToStore/Page_Store/select_--Select--BA1170BA2376B'

2018-05-22 10:53:08 - [TEST_STEP][PASSED] - Statement - Try: null

2018-05-22 10:53:08 - [TEST_STEP][PASSED] - Statement - StockQty = com.kms.katalon.core.webui.keyword.WebUiBuiltInKeywords.getAttribute(com.kms.katalon.core.testobject.ObjectRepository.findTestObject(DispensaryToStore/Page_Store/input_txtprice), "value"): Attribute 'value' of object 'Object Repository/DispensaryToStore/Page_Store/input_txtprice' is: '1140'

2018-05-22 10:53:08 - [MESSAGE][PASSED] - Attribute 'value' of object 'Object Repository/DispensaryToStore/Page_Store/input_txtprice' is: '1140'

2018-05-22 10:53:08 - [TEST_STEP][PASSED] - Statement - out.println("Stock QTY : " + StockQty): null

2018-05-22 10:53:08 - [TEST_STEP][PASSED] - delay: Delayed 2 second(s)

2018-05-22 10:53:10 - [MESSAGE][PASSED] - Delayed 2 second(s)

2018-05-22 10:53:10 - [TEST_STEP][PASSED] - Statement - If (java.lang.String.valueOf(StockQty) >= java.lang.String.valueOf(RequestedQty)): null

2018-05-22 10:53:10 - [TEST_STEP][PASSED] - setText: Text '10' is set on object 'Object Repository/DispensaryToStore/Page_Store/input_txtqty'

2018-05-22 10:53:10 - [MESSAGE][PASSED] - Text '10' is set on object 'Object Repository/DispensaryToStore/Page_Store/input_txtqty'

2018-05-22 10:53:10 - [TEST_STEP][PASSED] - click: Object: 'Object Repository/DispensaryToStore/Page_Store/button_Add' is clicked on

2018-05-22 10:53:11 - [MESSAGE][PASSED] - Object: 'Object Repository/DispensaryToStore/Page_Store/button_Add' is clicked on

2018-05-22 10:53:11 - [TEST_STEP][PASSED] - Statement - Break: null

2018-05-22 10:53:11 - [TEST_STEP][PASSED] - selectOptionByIndex: All options with index in [23] are selected on object 'Object Repository/DispensaryToStore/Page_Store/select_--Select--Adernaline 0.'

2018-05-22 10:53:11 - [MESSAGE][PASSED] - All options with index in [23] are selected on object 'Object Repository/DispensaryToStore/Page_Store/select_--Select--Adernaline 0.'

2018-05-22 10:53:11 - [TEST_STEP][PASSED] - delay: Delayed 2 second(s)

2018-05-22 10:53:13 - [MESSAGE][PASSED] - Delayed 2 second(s)

2018-05-22 10:53:13 - [TEST_STEP][PASSED] - Statement - RequestedQty = com.kms.katalon.core.webui.keyword.WebUiBuiltInKeywords.getAttribute(com.kms.katalon.core.testobject.ObjectRepository.findTestObject(DispensaryToStore/Page_Store/input_txttotal), "value"): Attribute 'value' of object 'Object Repository/DispensaryToStore/Page_Store/input_txttotal' is: '10'

2018-05-22 10:53:13 - [MESSAGE][PASSED] - Attribute 'value' of object 'Object Repository/DispensaryToStore/Page_Store/input_txttotal' is: '10'

2018-05-22 10:53:13 - [TEST_STEP][PASSED] - Statement - out.println("Requested QTY : " + RequestedQty): null

2018-05-22 10:53:13 - [TEST_STEP][PASSED] - Statement - BatchNumber = com.kms.katalon.core.webui.keyword.WebUiBuiltInKeywords.getNumberOfTotalOption(com.kms.katalon.core.testobject.ObjectRepository.findTestObject(DispensaryToStore/Page_Store/select_--Select--BA1170BA2376B)): 3 options of object 'Object Repository/DispensaryToStore/Page_Store/select_--Select--BA1170BA2376B' counted

2018-05-22 10:53:13 - [MESSAGE][PASSED] - 3 options of object 'Object Repository/DispensaryToStore/Page_Store/select_--Select--BA1170BA2376B' counted

2018-05-22 10:53:13 - [TEST_STEP][PASSED] - Statement - For ([g = 1, g <= BatchNumber - 1, (g++)]): null

2018-05-22 10:53:13 - [TEST_STEP][PASSED] - selectOptionByIndex: All options with index in [1] are selected on object 'Object Repository/DispensaryToStore/Page_Store/select_--Select--BA1170BA2376B'

2018-05-22 10:53:13 - [MESSAGE][PASSED] - All options with index in [1] are selected on object 'Object Repository/DispensaryToStore/Page_Store/select_--Select--BA1170BA2376B'

2018-05-22 10:53:13 - [TEST_STEP][PASSED] - Statement - Try: null

2018-05-22 10:53:13 - [TEST_STEP][PASSED] - Statement - StockQty = com.kms.katalon.core.webui.keyword.WebUiBuiltInKeywords.getAttribute(com.kms.katalon.core.testobject.ObjectRepository.findTestObject(DispensaryToStore/Page_Store/input_txtprice), "value"): Attribute 'value' of object 'Object Repository/DispensaryToStore/Page_Store/input_txtprice' is: '2040'

2018-05-22 10:53:13 - [MESSAGE][PASSED] - Attribute 'value' of object 'Object Repository/DispensaryToStore/Page_Store/input_txtprice' is: '2040'

2018-05-22 10:53:13 - [TEST_STEP][PASSED] - Statement - out.println("Stock QTY : " + StockQty): null

2018-05-22 10:53:13 - [TEST_STEP][PASSED] - delay: Delayed 2 second(s)

2018-05-22 10:53:15 - [MESSAGE][PASSED] - Delayed 2 second(s)

2018-05-22 10:53:15 - [TEST_STEP][PASSED] - Statement - If (java.lang.String.valueOf(StockQty) >= java.lang.String.valueOf(RequestedQty)): null

2018-05-22 10:53:15 - [TEST_STEP][PASSED] - setText: Text '10' is set on object 'Object Repository/DispensaryToStore/Page_Store/input_txtqty'

2018-05-22 10:53:15 - [MESSAGE][PASSED] - Text '10' is set on object 'Object Repository/DispensaryToStore/Page_Store/input_txtqty'

2018-05-22 10:53:15 - [TEST_STEP][PASSED] - click: Object: 'Object Repository/DispensaryToStore/Page_Store/button_Add' is clicked on

2018-05-22 10:53:15 - [MESSAGE][PASSED] - Object: 'Object Repository/DispensaryToStore/Page_Store/button_Add' is clicked on

2018-05-22 10:53:15 - [TEST_STEP][PASSED] - Statement - Break: null

2018-05-22 10:53:15 - [TEST_STEP][PASSED] - selectOptionByIndex: All options with index in [24] are selected on object 'Object Repository/DispensaryToStore/Page_Store/select_--Select--Adernaline 0.'

2018-05-22 10:53:16 - [MESSAGE][PASSED] - All options with index in [24] are selected on object 'Object Repository/DispensaryToStore/Page_Store/select_--Select--Adernaline 0.'

2018-05-22 10:53:16 - [TEST_STEP][PASSED] - delay: Delayed 2 second(s)

2018-05-22 10:53:18 - [MESSAGE][PASSED] - Delayed 2 second(s)

2018-05-22 10:53:18 - [TEST_STEP][PASSED] - Statement - RequestedQty = com.kms.katalon.core.webui.keyword.WebUiBuiltInKeywords.getAttribute(com.kms.katalon.core.testobject.ObjectRepository.findTestObject(DispensaryToStore/Page_Store/input_txttotal), "value"): Attribute 'value' of object 'Object Repository/DispensaryToStore/Page_Store/input_txttotal' is: '10'

2018-05-22 10:53:18 - [MESSAGE][PASSED] - Attribute 'value' of object 'Object Repository/DispensaryToStore/Page_Store/input_txttotal' is: '10'

2018-05-22 10:53:18 - [TEST_STEP][PASSED] - Statement - out.println("Requested QTY : " + RequestedQty): null

2018-05-22 10:53:18 - [TEST_STEP][PASSED] - Statement - BatchNumber = com.kms.katalon.core.webui.keyword.WebUiBuiltInKeywords.getNumberOfTotalOption(com.kms.katalon.core.testobject.ObjectRepository.findTestObject(DispensaryToStore/Page_Store/select_--Select--BA1170BA2376B)): 3 options of object 'Object Repository/DispensaryToStore/Page_Store/select_--Select--BA1170BA2376B' counted

2018-05-22 10:53:18 - [MESSAGE][PASSED] - 3 options of object 'Object Repository/DispensaryToStore/Page_Store/select_--Select--BA1170BA2376B' counted

2018-05-22 10:53:18 - [TEST_STEP][PASSED] - Statement - For ([g = 1, g <= BatchNumber - 1, (g++)]): null

2018-05-22 10:53:18 - [TEST_STEP][PASSED] - selectOptionByIndex: All options with index in [1] are selected on object 'Object Repository/DispensaryToStore/Page_Store/select_--Select--BA1170BA2376B'

2018-05-22 10:53:18 - [MESSAGE][PASSED] - All options with index in [1] are selected on object 'Object Repository/DispensaryToStore/Page_Store/select_--Select--BA1170BA2376B'

2018-05-22 10:53:18 - [TEST_STEP][PASSED] - Statement - Try: null

2018-05-22 10:53:18 - [TEST_STEP][PASSED] - Statement - StockQty = com.kms.katalon.core.webui.keyword.WebUiBuiltInKeywords.getAttribute(com.kms.katalon.core.testobject.ObjectRepository.findTestObject(DispensaryToStore/Page_Store/input_txtprice), "value"): Attribute 'value' of object 'Object Repository/DispensaryToStore/Page_Store/input_txtprice' is: '1140'

2018-05-22 10:53:18 - [MESSAGE][PASSED] - Attribute 'value' of object 'Object Repository/DispensaryToStore/Page_Store/input_txtprice' is: '1140'

2018-05-22 10:53:18 - [TEST_STEP][PASSED] - Statement - out.println("Stock QTY : " + StockQty): null

2018-05-22 10:53:18 - [TEST_STEP][PASSED] - delay: Delayed 2 second(s)

2018-05-22 10:53:20 - [MESSAGE][PASSED] - Delayed 2 second(s)

2018-05-22 10:53:20 - [TEST_STEP][PASSED] - Statement - If (java.lang.String.valueOf(StockQty) >= java.lang.String.valueOf(RequestedQty)): null

2018-05-22 10:53:20 - [TEST_STEP][PASSED] - setText: Text '10' is set on object 'Object Repository/DispensaryToStore/Page_Store/input_txtqty'

2018-05-22 10:53:20 - [MESSAGE][PASSED] - Text '10' is set on object 'Object Repository/DispensaryToStore/Page_Store/input_txtqty'

2018-05-22 10:53:20 - [TEST_STEP][PASSED] - click: Object: 'Object Repository/DispensaryToStore/Page_Store/button_Add' is clicked on

2018-05-22 10:53:20 - [MESSAGE][PASSED] - Object: 'Object Repository/DispensaryToStore/Page_Store/button_Add' is clicked on

2018-05-22 10:53:20 - [TEST_STEP][PASSED] - Statement - Break: null

2018-05-22 10:53:20 - [TEST_STEP][PASSED] - selectOptionByIndex: All options with index in [25] are selected on object 'Object Repository/DispensaryToStore/Page_Store/select_--Select--Adernaline 0.'

2018-05-22 10:53:20 - [MESSAGE][PASSED] - All options with index in [25] are selected on object 'Object Repository/DispensaryToStore/Page_Store/select_--Select--Adernaline 0.'

2018-05-22 10:53:20 - [TEST_STEP][PASSED] - delay: Delayed 2 second(s)

2018-05-22 10:53:22 - [MESSAGE][PASSED] - Delayed 2 second(s)

2018-05-22 10:53:22 - [TEST_STEP][PASSED] - Statement - RequestedQty = com.kms.katalon.core.webui.keyword.WebUiBuiltInKeywords.getAttribute(com.kms.katalon.core.testobject.ObjectRepository.findTestObject(DispensaryToStore/Page_Store/input_txttotal), "value"): Attribute 'value' of object 'Object Repository/DispensaryToStore/Page_Store/input_txttotal' is: '10'

2018-05-22 10:53:23 - [MESSAGE][PASSED] - Attribute 'value' of object 'Object Repository/DispensaryToStore/Page_Store/input_txttotal' is: '10'

2018-05-22 10:53:23 - [TEST_STEP][PASSED] - Statement - out.println("Requested QTY : " + RequestedQty): null

2018-05-22 10:53:23 - [TEST_STEP][PASSED] - Statement - BatchNumber = com.kms.katalon.core.webui.keyword.WebUiBuiltInKeywords.getNumberOfTotalOption(com.kms.katalon.core.testobject.ObjectRepository.findTestObject(DispensaryToStore/Page_Store/select_--Select--BA1170BA2376B)): 4 options of object 'Object Repository/DispensaryToStore/Page_Store/select_--Select--BA1170BA2376B' counted

2018-05-22 10:53:23 - [MESSAGE][PASSED] - 4 options of object 'Object Repository/DispensaryToStore/Page_Store/select_--Select--BA1170BA2376B' counted

2018-05-22 10:53:23 - [TEST_STEP][PASSED] - Statement - For ([g = 1, g <= BatchNumber - 1, (g++)]): null

2018-05-22 10:53:23 - [TEST_STEP][PASSED] - selectOptionByIndex: All options with index in [1] are selected on object 'Object Repository/DispensaryToStore/Page_Store/select_--Select--BA1170BA2376B'

2018-05-22 10:53:23 - [MESSAGE][PASSED] - All options with index in [1] are selected on object 'Object Repository/DispensaryToStore/Page_Store/select_--Select--BA1170BA2376B'

2018-05-22 10:53:23 - [TEST_STEP][PASSED] - Statement - Try: null

2018-05-22 10:53:23 - [TEST_STEP][PASSED] - Statement - StockQty = com.kms.katalon.core.webui.keyword.WebUiBuiltInKeywords.getAttribute(com.kms.katalon.core.testobject.ObjectRepository.findTestObject(DispensaryToStore/Page_Store/input_txtprice), "value"): Attribute 'value' of object 'Object Repository/DispensaryToStore/Page_Store/input_txtprice' is: '100'

2018-05-22 10:53:23 - [MESSAGE][PASSED] - Attribute 'value' of object 'Object Repository/DispensaryToStore/Page_Store/input_txtprice' is: '100'

2018-05-22 10:53:23 - [TEST_STEP][PASSED] - Statement - out.println("Stock QTY : " + StockQty): null

2018-05-22 10:53:23 - [TEST_STEP][PASSED] - delay: Delayed 2 second(s)

2018-05-22 10:53:25 - [MESSAGE][PASSED] - Delayed 2 second(s)

2018-05-22 10:53:25 - [TEST_STEP][PASSED] - Statement - If (java.lang.String.valueOf(StockQty) >= java.lang.String.valueOf(RequestedQty)): null

2018-05-22 10:53:25 - [TEST_STEP][PASSED] - setText: Text '10' is set on object 'Object Repository/DispensaryToStore/Page_Store/input_txtqty'

2018-05-22 10:53:25 - [MESSAGE][PASSED] - Text '10' is set on object 'Object Repository/DispensaryToStore/Page_Store/input_txtqty'

2018-05-22 10:53:25 - [TEST_STEP][PASSED] - click: Object: 'Object Repository/DispensaryToStore/Page_Store/button_Add' is clicked on

2018-05-22 10:53:25 - [MESSAGE][PASSED] - Object: 'Object Repository/DispensaryToStore/Page_Store/button_Add' is clicked on

2018-05-22 10:53:25 - [TEST_STEP][PASSED] - Statement - Break: null

2018-05-22 10:53:25 - [TEST_STEP][PASSED] - selectOptionByIndex: All options with index in [26] are selected on object 'Object Repository/DispensaryToStore/Page_Store/select_--Select--Adernaline 0.'

2018-05-22 10:53:25 - [MESSAGE][PASSED] - All options with index in [26] are selected on object 'Object Repository/DispensaryToStore/Page_Store/select_--Select--Adernaline 0.'

2018-05-22 10:53:25 - [TEST_STEP][PASSED] - delay: Delayed 2 second(s)

2018-05-22 10:53:27 - [MESSAGE][PASSED] - Delayed 2 second(s)

2018-05-22 10:53:27 - [TEST_STEP][PASSED] - Statement - RequestedQty = com.kms.katalon.core.webui.keyword.WebUiBuiltInKeywords.getAttribute(com.kms.katalon.core.testobject.ObjectRepository.findTestObject(DispensaryToStore/Page_Store/input_txttotal), "value"): Attribute 'value' of object 'Object Repository/DispensaryToStore/Page_Store/input_txttotal' is: '10'

2018-05-22 10:53:27 - [MESSAGE][PASSED] - Attribute 'value' of object 'Object Repository/DispensaryToStore/Page_Store/input_txttotal' is: '10'

2018-05-22 10:53:27 - [TEST_STEP][PASSED] - Statement - out.println("Requested QTY : " + RequestedQty): null

2018-05-22 10:53:27 - [TEST_STEP][PASSED] - Statement - BatchNumber = com.kms.katalon.core.webui.keyword.WebUiBuiltInKeywords.getNumberOfTotalOption(com.kms.katalon.core.testobject.ObjectRepository.findTestObject(DispensaryToStore/Page_Store/select_--Select--BA1170BA2376B)): 3 options of object 'Object Repository/DispensaryToStore/Page_Store/select_--Select--BA1170BA2376B' counted

2018-05-22 10:53:27 - [MESSAGE][PASSED] - 3 options of object 'Object Repository/DispensaryToStore/Page_Store/select_--Select--BA1170BA2376B' counted

2018-05-22 10:53:27 - [TEST_STEP][PASSED] - Statement - For ([g = 1, g <= BatchNumber - 1, (g++)]): null

2018-05-22 10:53:27 - [TEST_STEP][PASSED] - selectOptionByIndex: All options with index in [1] are selected on object 'Object Repository/DispensaryToStore/Page_Store/select_--Select--BA1170BA2376B'

2018-05-22 10:53:28 - [MESSAGE][PASSED] - All options with index in [1] are selected on object 'Object Repository/DispensaryToStore/Page_Store/select_--Select--BA1170BA2376B'

2018-05-22 10:53:28 - [TEST_STEP][PASSED] - Statement - Try: null

2018-05-22 10:53:28 - [TEST_STEP][PASSED] - Statement - StockQty = com.kms.katalon.core.webui.keyword.WebUiBuiltInKeywords.getAttribute(com.kms.katalon.core.testobject.ObjectRepository.findTestObject(DispensaryToStore/Page_Store/input_txtprice), "value"): Attribute 'value' of object 'Object Repository/DispensaryToStore/Page_Store/input_txtprice' is: '1140'

2018-05-22 10:53:28 - [MESSAGE][PASSED] - Attribute 'value' of object 'Object Repository/DispensaryToStore/Page_Store/input_txtprice' is: '1140'

2018-05-22 10:53:28 - [TEST_STEP][PASSED] - Statement - out.println("Stock QTY : " + StockQty): null

2018-05-22 10:53:28 - [TEST_STEP][PASSED] - delay: Delayed 2 second(s)

2018-05-22 10:53:30 - [MESSAGE][PASSED] - Delayed 2 second(s)

2018-05-22 10:53:30 - [TEST_STEP][PASSED] - Statement - If (java.lang.String.valueOf(StockQty) >= java.lang.String.valueOf(RequestedQty)): null

2018-05-22 10:53:30 - [TEST_STEP][PASSED] - setText: Text '10' is set on object 'Object Repository/DispensaryToStore/Page_Store/input_txtqty'

2018-05-22 10:53:30 - [MESSAGE][PASSED] - Text '10' is set on object 'Object Repository/DispensaryToStore/Page_Store/input_txtqty'

2018-05-22 10:53:30 - [TEST_STEP][PASSED] - click: Object: 'Object Repository/DispensaryToStore/Page_Store/button_Add' is clicked on

2018-05-22 10:53:35 - [MESSAGE][PASSED] - Object: 'Object Repository/DispensaryToStore/Page_Store/button_Add' is clicked on

2018-05-22 10:53:35 - [TEST_STEP][PASSED] - Statement - Break: null

2018-05-22 10:53:35 - [TEST_STEP][PASSED] - selectOptionByIndex: All options with index in [27] are selected on object 'Object Repository/DispensaryToStore/Page_Store/select_--Select--Adernaline 0.'

2018-05-22 10:53:35 - [MESSAGE][PASSED] - All options with index in [27] are selected on object 'Object Repository/DispensaryToStore/Page_Store/select_--Select--Adernaline 0.'

2018-05-22 10:53:35 - [TEST_STEP][PASSED] - delay: Delayed 2 second(s)

2018-05-22 10:53:37 - [MESSAGE][PASSED] - Delayed 2 second(s)

2018-05-22 10:53:37 - [TEST_STEP][PASSED] - Statement - RequestedQty = com.kms.katalon.core.webui.keyword.WebUiBuiltInKeywords.getAttribute(com.kms.katalon.core.testobject.ObjectRepository.findTestObject(DispensaryToStore/Page_Store/input_txttotal), "value"): Attribute 'value' of object 'Object Repository/DispensaryToStore/Page_Store/input_txttotal' is: '10'

2018-05-22 10:53:37 - [MESSAGE][PASSED] - Attribute 'value' of object 'Object Repository/DispensaryToStore/Page_Store/input_txttotal' is: '10'

2018-05-22 10:53:37 - [TEST_STEP][PASSED] - Statement - out.println("Requested QTY : " + RequestedQty): null

2018-05-22 10:53:37 - [TEST_STEP][PASSED] - Statement - BatchNumber = com.kms.katalon.core.webui.keyword.WebUiBuiltInKeywords.getNumberOfTotalOption(com.kms.katalon.core.testobject.ObjectRepository.findTestObject(DispensaryToStore/Page_Store/select_--Select--BA1170BA2376B)): 3 options of object 'Object Repository/DispensaryToStore/Page_Store/select_--Select--BA1170BA2376B' counted

2018-05-22 10:53:37 - [MESSAGE][PASSED] - 3 options of object 'Object Repository/DispensaryToStore/Page_Store/select_--Select--BA1170BA2376B' counted

2018-05-22 10:53:37 - [TEST_STEP][PASSED] - Statement - For ([g = 1, g <= BatchNumber - 1, (g++)]): null

2018-05-22 10:53:37 - [TEST_STEP][PASSED] - selectOptionByIndex: All options with index in [1] are selected on object 'Object Repository/DispensaryToStore/Page_Store/select_--Select--BA1170BA2376B'

2018-05-22 10:53:38 - [MESSAGE][PASSED] - All options with index in [1] are selected on object 'Object Repository/DispensaryToStore/Page_Store/select_--Select--BA1170BA2376B'

2018-05-22 10:53:38 - [TEST_STEP][PASSED] - Statement - Try: null

2018-05-22 10:53:38 - [TEST_STEP][PASSED] - Statement - StockQty = com.kms.katalon.core.webui.keyword.WebUiBuiltInKeywords.getAttribute(com.kms.katalon.core.testobject.ObjectRepository.findTestObject(DispensaryToStore/Page_Store/input_txtprice), "value"): Attribute 'value' of object 'Object Repository/DispensaryToStore/Page_Store/input_txtprice' is: '1140'

2018-05-22 10:53:38 - [MESSAGE][PASSED] - Attribute 'value' of object 'Object Repository/DispensaryToStore/Page_Store/input_txtprice' is: '1140'

2018-05-22 10:53:38 - [TEST_STEP][PASSED] - Statement - out.println("Stock QTY : " + StockQty): null

2018-05-22 10:53:38 - [TEST_STEP][PASSED] - delay: Delayed 2 second(s)

2018-05-22 10:53:40 - [MESSAGE][PASSED] - Delayed 2 second(s)

2018-05-22 10:53:40 - [TEST_STEP][PASSED] - Statement - If (java.lang.String.valueOf(StockQty) >= java.lang.String.valueOf(RequestedQty)): null

2018-05-22 10:53:40 - [TEST_STEP][PASSED] - setText: Text '10' is set on object 'Object Repository/DispensaryToStore/Page_Store/input_txtqty'

2018-05-22 10:53:40 - [MESSAGE][PASSED] - Text '10' is set on object 'Object Repository/DispensaryToStore/Page_Store/input_txtqty'

2018-05-22 10:53:40 - [TEST_STEP][PASSED] - click: Object: 'Object Repository/DispensaryToStore/Page_Store/button_Add' is clicked on

2018-05-22 10:53:45 - [MESSAGE][PASSED] - Object: 'Object Repository/DispensaryToStore/Page_Store/button_Add' is clicked on

2018-05-22 10:53:45 - [TEST_STEP][PASSED] - Statement - Break: null

2018-05-22 10:53:45 - [TEST_STEP][PASSED] - selectOptionByIndex: All options with index in [28] are selected on object 'Object Repository/DispensaryToStore/Page_Store/select_--Select--Adernaline 0.'

2018-05-22 10:53:45 - [MESSAGE][PASSED] - All options with index in [28] are selected on object 'Object Repository/DispensaryToStore/Page_Store/select_--Select--Adernaline 0.'

2018-05-22 10:53:45 - [TEST_STEP][PASSED] - delay: Delayed 2 second(s)

2018-05-22 10:53:47 - [MESSAGE][PASSED] - Delayed 2 second(s)

2018-05-22 10:53:47 - [TEST_STEP][PASSED] - Statement - RequestedQty = com.kms.katalon.core.webui.keyword.WebUiBuiltInKeywords.getAttribute(com.kms.katalon.core.testobject.ObjectRepository.findTestObject(DispensaryToStore/Page_Store/input_txttotal), "value"): Attribute 'value' of object 'Object Repository/DispensaryToStore/Page_Store/input_txttotal' is: '10'

2018-05-22 10:53:47 - [MESSAGE][PASSED] - Attribute 'value' of object 'Object Repository/DispensaryToStore/Page_Store/input_txttotal' is: '10'

2018-05-22 10:53:47 - [TEST_STEP][PASSED] - Statement - out.println("Requested QTY : " + RequestedQty): null

2018-05-22 10:53:47 - [TEST_STEP][PASSED] - Statement - BatchNumber = com.kms.katalon.core.webui.keyword.WebUiBuiltInKeywords.getNumberOfTotalOption(com.kms.katalon.core.testobject.ObjectRepository.findTestObject(DispensaryToStore/Page_Store/select_--Select--BA1170BA2376B)): 4 options of object 'Object Repository/DispensaryToStore/Page_Store/select_--Select--BA1170BA2376B' counted

2018-05-22 10:53:47 - [MESSAGE][PASSED] - 4 options of object 'Object Repository/DispensaryToStore/Page_Store/select_--Select--BA1170BA2376B' counted

2018-05-22 10:53:47 - [TEST_STEP][PASSED] - Statement - For ([g = 1, g <= BatchNumber - 1, (g++)]): null

2018-05-22 10:53:47 - [TEST_STEP][PASSED] - selectOptionByIndex: All options with index in [1] are selected on object 'Object Repository/DispensaryToStore/Page_Store/select_--Select--BA1170BA2376B'

2018-05-22 10:53:48 - [MESSAGE][PASSED] - All options with index in [1] are selected on object 'Object Repository/DispensaryToStore/Page_Store/select_--Select--BA1170BA2376B'

2018-05-22 10:53:48 - [TEST_STEP][PASSED] - Statement - Try: null

2018-05-22 10:53:48 - [TEST_STEP][PASSED] - Statement - StockQty = com.kms.katalon.core.webui.keyword.WebUiBuiltInKeywords.getAttribute(com.kms.katalon.core.testobject.ObjectRepository.findTestObject(DispensaryToStore/Page_Store/input_txtprice), "value"): Attribute 'value' of object 'Object Repository/DispensaryToStore/Page_Store/input_txtprice' is: '100'

2018-05-22 10:53:48 - [MESSAGE][PASSED] - Attribute 'value' of object 'Object Repository/DispensaryToStore/Page_Store/input_txtprice' is: '100'

2018-05-22 10:53:48 - [TEST_STEP][PASSED] - Statement - out.println("Stock QTY : " + StockQty): null

2018-05-22 10:53:48 - [TEST_STEP][PASSED] - delay: Delayed 2 second(s)

2018-05-22 10:53:50 - [MESSAGE][PASSED] - Delayed 2 second(s)

2018-05-22 10:53:50 - [TEST_STEP][PASSED] - Statement - If (java.lang.String.valueOf(StockQty) >= java.lang.String.valueOf(RequestedQty)): null

2018-05-22 10:53:50 - [TEST_STEP][PASSED] - setText: Text '10' is set on object 'Object Repository/DispensaryToStore/Page_Store/input_txtqty'

2018-05-22 10:53:50 - [MESSAGE][PASSED] - Text '10' is set on object 'Object Repository/DispensaryToStore/Page_Store/input_txtqty'

2018-05-22 10:53:50 - [TEST_STEP][PASSED] - click: Object: 'Object Repository/DispensaryToStore/Page_Store/button_Add' is clicked on

2018-05-22 10:53:55 - [MESSAGE][PASSED] - Object: 'Object Repository/DispensaryToStore/Page_Store/button_Add' is clicked on

2018-05-22 10:53:55 - [TEST_STEP][PASSED] - Statement - Break: null

2018-05-22 10:53:55 - [TEST_STEP][PASSED] - selectOptionByIndex: All options with index in [29] are selected on object 'Object Repository/DispensaryToStore/Page_Store/select_--Select--Adernaline 0.'

2018-05-22 10:53:55 - [MESSAGE][PASSED] - All options with index in [29] are selected on object 'Object Repository/DispensaryToStore/Page_Store/select_--Select--Adernaline 0.'

2018-05-22 10:53:55 - [TEST_STEP][PASSED] - delay: Delayed 2 second(s)

2018-05-22 10:53:57 - [MESSAGE][PASSED] - Delayed 2 second(s)

2018-05-22 10:53:57 - [TEST_STEP][PASSED] - Statement - RequestedQty = com.kms.katalon.core.webui.keyword.WebUiBuiltInKeywords.getAttribute(com.kms.katalon.core.testobject.ObjectRepository.findTestObject(DispensaryToStore/Page_Store/input_txttotal), "value"): Attribute 'value' of object 'Object Repository/DispensaryToStore/Page_Store/input_txttotal' is: '10'

2018-05-22 10:53:57 - [MESSAGE][PASSED] - Attribute 'value' of object 'Object Repository/DispensaryToStore/Page_Store/input_txttotal' is: '10'

2018-05-22 10:53:57 - [TEST_STEP][PASSED] - Statement - out.println("Requested QTY : " + RequestedQty): null

2018-05-22 10:53:57 - [TEST_STEP][PASSED] - Statement - BatchNumber = com.kms.katalon.core.webui.keyword.WebUiBuiltInKeywords.getNumberOfTotalOption(com.kms.katalon.core.testobject.ObjectRepository.findTestObject(DispensaryToStore/Page_Store/select_--Select--BA1170BA2376B)): 3 options of object 'Object Repository/DispensaryToStore/Page_Store/select_--Select--BA1170BA2376B' counted

2018-05-22 10:53:57 - [MESSAGE][PASSED] - 3 options of object 'Object Repository/DispensaryToStore/Page_Store/select_--Select--BA1170BA2376B' counted

2018-05-22 10:53:57 - [TEST_STEP][PASSED] - Statement - For ([g = 1, g <= BatchNumber - 1, (g++)]): null

2018-05-22 10:53:57 - [TEST_STEP][PASSED] - selectOptionByIndex: All options with index in [1] are selected on object 'Object Repository/DispensaryToStore/Page_Store/select_--Select--BA1170BA2376B'

2018-05-22 10:53:57 - [MESSAGE][PASSED] - All options with index in [1] are selected on object 'Object Repository/DispensaryToStore/Page_Store/select_--Select--BA1170BA2376B'

2018-05-22 10:53:57 - [TEST_STEP][PASSED] - Statement - Try: null

2018-05-22 10:53:57 - [TEST_STEP][PASSED] - Statement - StockQty = com.kms.katalon.core.webui.keyword.WebUiBuiltInKeywords.getAttribute(com.kms.katalon.core.testobject.ObjectRepository.findTestObject(DispensaryToStore/Page_Store/input_txtprice), "value"): Attribute 'value' of object 'Object Repository/DispensaryToStore/Page_Store/input_txtprice' is: '1140'

2018-05-22 10:53:57 - [MESSAGE][PASSED] - Attribute 'value' of object 'Object Repository/DispensaryToStore/Page_Store/input_txtprice' is: '1140'

2018-05-22 10:53:57 - [TEST_STEP][PASSED] - Statement - out.println("Stock QTY : " + StockQty): null

2018-05-22 10:53:57 - [TEST_STEP][PASSED] - delay: Delayed 2 second(s)

2018-05-22 10:54:00 - [MESSAGE][PASSED] - Delayed 2 second(s)

2018-05-22 10:54:00 - [TEST_STEP][PASSED] - Statement - If (java.lang.String.valueOf(StockQty) >= java.lang.String.valueOf(RequestedQty)): null

2018-05-22 10:54:00 - [TEST_STEP][PASSED] - setText: Text '10' is set on object 'Object Repository/DispensaryToStore/Page_Store/input_txtqty'

2018-05-22 10:54:00 - [MESSAGE][PASSED] - Text '10' is set on object 'Object Repository/DispensaryToStore/Page_Store/input_txtqty'

2018-05-22 10:54:00 - [TEST_STEP][PASSED] - click: Object: 'Object Repository/DispensaryToStore/Page_Store/button_Add' is clicked on

2018-05-22 10:54:05 - [MESSAGE][PASSED] - Object: 'Object Repository/DispensaryToStore/Page_Store/button_Add' is clicked on

2018-05-22 10:54:05 - [TEST_STEP][PASSED] - Statement - Break: null

2018-05-22 10:54:05 - [TEST_STEP][PASSED] - selectOptionByIndex: All options with index in [30] are selected on object 'Object Repository/DispensaryToStore/Page_Store/select_--Select--Adernaline 0.'

2018-05-22 10:54:05 - [MESSAGE][PASSED] - All options with index in [30] are selected on object 'Object Repository/DispensaryToStore/Page_Store/select_--Select--Adernaline 0.'

2018-05-22 10:54:05 - [TEST_STEP][PASSED] - delay: Delayed 2 second(s)

2018-05-22 10:54:07 - [MESSAGE][PASSED] - Delayed 2 second(s)

2018-05-22 10:54:07 - [TEST_STEP][PASSED] - Statement - RequestedQty = com.kms.katalon.core.webui.keyword.WebUiBuiltInKeywords.getAttribute(com.kms.katalon.core.testobject.ObjectRepository.findTestObject(DispensaryToStore/Page_Store/input_txttotal), "value"): Attribute 'value' of object 'Object Repository/DispensaryToStore/Page_Store/input_txttotal' is: '10'

2018-05-22 10:54:07 - [MESSAGE][PASSED] - Attribute 'value' of object 'Object Repository/DispensaryToStore/Page_Store/input_txttotal' is: '10'

2018-05-22 10:54:07 - [TEST_STEP][PASSED] - Statement - out.println("Requested QTY : " + RequestedQty): null

2018-05-22 10:54:07 - [TEST_STEP][PASSED] - Statement - BatchNumber = com.kms.katalon.core.webui.keyword.WebUiBuiltInKeywords.getNumberOfTotalOption(com.kms.katalon.core.testobject.ObjectRepository.findTestObject(DispensaryToStore/Page_Store/select_--Select--BA1170BA2376B)): 3 options of object 'Object Repository/DispensaryToStore/Page_Store/select_--Select--BA1170BA2376B' counted

2018-05-22 10:54:07 - [MESSAGE][PASSED] - 3 options of object 'Object Repository/DispensaryToStore/Page_Store/select_--Select--BA1170BA2376B' counted

2018-05-22 10:54:07 - [TEST_STEP][PASSED] - Statement - For ([g = 1, g <= BatchNumber - 1, (g++)]): null

2018-05-22 10:54:07 - [TEST_STEP][PASSED] - selectOptionByIndex: All options with index in [1] are selected on object 'Object Repository/DispensaryToStore/Page_Store/select_--Select--BA1170BA2376B'

2018-05-22 10:54:07 - [MESSAGE][PASSED] - All options with index in [1] are selected on object 'Object Repository/DispensaryToStore/Page_Store/select_--Select--BA1170BA2376B'

2018-05-22 10:54:07 - [TEST_STEP][PASSED] - Statement - Try: null

2018-05-22 10:54:07 - [TEST_STEP][PASSED] - Statement - StockQty = com.kms.katalon.core.webui.keyword.WebUiBuiltInKeywords.getAttribute(com.kms.katalon.core.testobject.ObjectRepository.findTestObject(DispensaryToStore/Page_Store/input_txtprice), "value"): Attribute 'value' of object 'Object Repository/DispensaryToStore/Page_Store/input_txtprice' is: '1140'

2018-05-22 10:54:07 - [MESSAGE][PASSED] - Attribute 'value' of object 'Object Repository/DispensaryToStore/Page_Store/input_txtprice' is: '1140'

2018-05-22 10:54:07 - [TEST_STEP][PASSED] - Statement - out.println("Stock QTY : " + StockQty): null

2018-05-22 10:54:07 - [TEST_STEP][PASSED] - delay: Delayed 2 second(s)

2018-05-22 10:54:09 - [MESSAGE][PASSED] - Delayed 2 second(s)

2018-05-22 10:54:09 - [TEST_STEP][PASSED] - Statement - If (java.lang.String.valueOf(StockQty) >= java.lang.String.valueOf(RequestedQty)): null

2018-05-22 10:54:09 - [TEST_STEP][PASSED] - setText: Text '10' is set on object 'Object Repository/DispensaryToStore/Page_Store/input_txtqty'

2018-05-22 10:54:10 - [MESSAGE][PASSED] - Text '10' is set on object 'Object Repository/DispensaryToStore/Page_Store/input_txtqty'

2018-05-22 10:54:10 - [TEST_STEP][PASSED] - click: Object: 'Object Repository/DispensaryToStore/Page_Store/button_Add' is clicked on

2018-05-22 10:54:15 - [MESSAGE][PASSED] - Object: 'Object Repository/DispensaryToStore/Page_Store/button_Add' is clicked on

2018-05-22 10:54:15 - [TEST_STEP][PASSED] - Statement - Break: null

2018-05-22 10:54:15 - [TEST_STEP][PASSED] - selectOptionByIndex: All options with index in [31] are selected on object 'Object Repository/DispensaryToStore/Page_Store/select_--Select--Adernaline 0.'

2018-05-22 10:54:15 - [MESSAGE][PASSED] - All options with index in [31] are selected on object 'Object Repository/DispensaryToStore/Page_Store/select_--Select--Adernaline 0.'

2018-05-22 10:54:15 - [TEST_STEP][PASSED] - delay: Delayed 2 second(s)

2018-05-22 10:54:17 - [MESSAGE][PASSED] - Delayed 2 second(s)

2018-05-22 10:54:17 - [TEST_STEP][PASSED] - Statement - RequestedQty = com.kms.katalon.core.webui.keyword.WebUiBuiltInKeywords.getAttribute(com.kms.katalon.core.testobject.ObjectRepository.findTestObject(DispensaryToStore/Page_Store/input_txttotal), "value"): Attribute 'value' of object 'Object Repository/DispensaryToStore/Page_Store/input_txttotal' is: '10'

2018-05-22 10:54:17 - [MESSAGE][PASSED] - Attribute 'value' of object 'Object Repository/DispensaryToStore/Page_Store/input_txttotal' is: '10'

2018-05-22 10:54:17 - [TEST_STEP][PASSED] - Statement - out.println("Requested QTY : " + RequestedQty): null

2018-05-22 10:54:17 - [TEST_STEP][PASSED] - Statement - BatchNumber = com.kms.katalon.core.webui.keyword.WebUiBuiltInKeywords.getNumberOfTotalOption(com.kms.katalon.core.testobject.ObjectRepository.findTestObject(DispensaryToStore/Page_Store/select_--Select--BA1170BA2376B)): 4 options of object 'Object Repository/DispensaryToStore/Page_Store/select_--Select--BA1170BA2376B' counted

2018-05-22 10:54:17 - [MESSAGE][PASSED] - 4 options of object 'Object Repository/DispensaryToStore/Page_Store/select_--Select--BA1170BA2376B' counted

2018-05-22 10:54:17 - [TEST_STEP][PASSED] - Statement - For ([g = 1, g <= BatchNumber - 1, (g++)]): null

2018-05-22 10:54:17 - [TEST_STEP][PASSED] - selectOptionByIndex: All options with index in [1] are selected on object 'Object Repository/DispensaryToStore/Page_Store/select_--Select--BA1170BA2376B'

2018-05-22 10:54:17 - [MESSAGE][PASSED] - All options with index in [1] are selected on object 'Object Repository/DispensaryToStore/Page_Store/select_--Select--BA1170BA2376B'

2018-05-22 10:54:17 - [TEST_STEP][PASSED] - Statement - Try: null

2018-05-22 10:54:17 - [TEST_STEP][PASSED] - Statement - StockQty = com.kms.katalon.core.webui.keyword.WebUiBuiltInKeywords.getAttribute(com.kms.katalon.core.testobject.ObjectRepository.findTestObject(DispensaryToStore/Page_Store/input_txtprice), "value"): Attribute 'value' of object 'Object Repository/DispensaryToStore/Page_Store/input_txtprice' is: '100'

2018-05-22 10:54:18 - [MESSAGE][PASSED] - Attribute 'value' of object 'Object Repository/DispensaryToStore/Page_Store/input_txtprice' is: '100'

2018-05-22 10:54:18 - [TEST_STEP][PASSED] - Statement - out.println("Stock QTY : " + StockQty): null

2018-05-22 10:54:18 - [TEST_STEP][PASSED] - delay: Delayed 2 second(s)

2018-05-22 10:54:20 - [MESSAGE][PASSED] - Delayed 2 second(s)

2018-05-22 10:54:20 - [TEST_STEP][PASSED] - Statement - If (java.lang.String.valueOf(StockQty) >= java.lang.String.valueOf(RequestedQty)): null

2018-05-22 10:54:20 - [TEST_STEP][PASSED] - setText: Text '10' is set on object 'Object Repository/DispensaryToStore/Page_Store/input_txtqty'

2018-05-22 10:54:20 - [MESSAGE][PASSED] - Text '10' is set on object 'Object Repository/DispensaryToStore/Page_Store/input_txtqty'

2018-05-22 10:54:20 - [TEST_STEP][PASSED] - click: Object: 'Object Repository/DispensaryToStore/Page_Store/button_Add' is clicked on

2018-05-22 10:54:25 - [MESSAGE][PASSED] - Object: 'Object Repository/DispensaryToStore/Page_Store/button_Add' is clicked on

2018-05-22 10:54:25 - [TEST_STEP][PASSED] - Statement - Break: null

2018-05-22 10:54:25 - [TEST_STEP][PASSED] - selectOptionByIndex: All options with index in [32] are selected on object 'Object Repository/DispensaryToStore/Page_Store/select_--Select--Adernaline 0.'

2018-05-22 10:54:25 - [MESSAGE][PASSED] - All options with index in [32] are selected on object 'Object Repository/DispensaryToStore/Page_Store/select_--Select--Adernaline 0.'

2018-05-22 10:54:25 - [TEST_STEP][PASSED] - delay: Delayed 2 second(s)

2018-05-22 10:54:27 - [MESSAGE][PASSED] - Delayed 2 second(s)

2018-05-22 10:54:27 - [TEST_STEP][PASSED] - Statement - RequestedQty = com.kms.katalon.core.webui.keyword.WebUiBuiltInKeywords.getAttribute(com.kms.katalon.core.testobject.ObjectRepository.findTestObject(DispensaryToStore/Page_Store/input_txttotal), "value"): Attribute 'value' of object 'Object Repository/DispensaryToStore/Page_Store/input_txttotal' is: '10'

2018-05-22 10:54:27 - [MESSAGE][PASSED] - Attribute 'value' of object 'Object Repository/DispensaryToStore/Page_Store/input_txttotal' is: '10'

2018-05-22 10:54:27 - [TEST_STEP][PASSED] - Statement - out.println("Requested QTY : " + RequestedQty): null

2018-05-22 10:54:27 - [TEST_STEP][PASSED] - Statement - BatchNumber = com.kms.katalon.core.webui.keyword.WebUiBuiltInKeywords.getNumberOfTotalOption(com.kms.katalon.core.testobject.ObjectRepository.findTestObject(DispensaryToStore/Page_Store/select_--Select--BA1170BA2376B)): 4 options of object 'Object Repository/DispensaryToStore/Page_Store/select_--Select--BA1170BA2376B' counted

2018-05-22 10:54:27 - [MESSAGE][PASSED] - 4 options of object 'Object Repository/DispensaryToStore/Page_Store/select_--Select--BA1170BA2376B' counted

2018-05-22 10:54:27 - [TEST_STEP][PASSED] - Statement - For ([g = 1, g <= BatchNumber - 1, (g++)]): null

2018-05-22 10:54:27 - [TEST_STEP][PASSED] - selectOptionByIndex: All options with index in [1] are selected on object 'Object Repository/DispensaryToStore/Page_Store/select_--Select--BA1170BA2376B'

2018-05-22 10:54:28 - [MESSAGE][PASSED] - All options with index in [1] are selected on object 'Object Repository/DispensaryToStore/Page_Store/select_--Select--BA1170BA2376B'

2018-05-22 10:54:28 - [TEST_STEP][PASSED] - Statement - Try: null

2018-05-22 10:54:28 - [TEST_STEP][PASSED] - Statement - StockQty = com.kms.katalon.core.webui.keyword.WebUiBuiltInKeywords.getAttribute(com.kms.katalon.core.testobject.ObjectRepository.findTestObject(DispensaryToStore/Page_Store/input_txtprice), "value"): Attribute 'value' of object 'Object Repository/DispensaryToStore/Page_Store/input_txtprice' is: '1040'

2018-05-22 10:54:28 - [MESSAGE][PASSED] - Attribute 'value' of object 'Object Repository/DispensaryToStore/Page_Store/input_txtprice' is: '1040'

2018-05-22 10:54:28 - [TEST_STEP][PASSED] - Statement - out.println("Stock QTY : " + StockQty): null

2018-05-22 10:54:28 - [TEST_STEP][PASSED] - delay: Delayed 2 second(s)

2018-05-22 10:54:30 - [MESSAGE][PASSED] - Delayed 2 second(s)

2018-05-22 10:54:30 - [TEST_STEP][PASSED] - Statement - If (java.lang.String.valueOf(StockQty) >= java.lang.String.valueOf(RequestedQty)): null

2018-05-22 10:54:30 - [TEST_STEP][PASSED] - setText: Text '10' is set on object 'Object Repository/DispensaryToStore/Page_Store/input_txtqty'

2018-05-22 10:54:30 - [MESSAGE][PASSED] - Text '10' is set on object 'Object Repository/DispensaryToStore/Page_Store/input_txtqty'

2018-05-22 10:54:30 - [TEST_STEP][PASSED] - click: Object: 'Object Repository/DispensaryToStore/Page_Store/button_Add' is clicked on

2018-05-22 10:54:35 - [MESSAGE][PASSED] - Object: 'Object Repository/DispensaryToStore/Page_Store/button_Add' is clicked on

2018-05-22 10:54:35 - [TEST_STEP][PASSED] - Statement - Break: null

2018-05-22 10:54:35 - [TEST_STEP][PASSED] - selectOptionByIndex: All options with index in [33] are selected on object 'Object Repository/DispensaryToStore/Page_Store/select_--Select--Adernaline 0.'

2018-05-22 10:54:35 - [MESSAGE][PASSED] - All options with index in [33] are selected on object 'Object Repository/DispensaryToStore/Page_Store/select_--Select--Adernaline 0.'

2018-05-22 10:54:35 - [TEST_STEP][PASSED] - delay: Delayed 2 second(s)

2018-05-22 10:54:37 - [MESSAGE][PASSED] - Delayed 2 second(s)

2018-05-22 10:54:37 - [TEST_STEP][PASSED] - Statement - RequestedQty = com.kms.katalon.core.webui.keyword.WebUiBuiltInKeywords.getAttribute(com.kms.katalon.core.testobject.ObjectRepository.findTestObject(DispensaryToStore/Page_Store/input_txttotal), "value"): Attribute 'value' of object 'Object Repository/DispensaryToStore/Page_Store/input_txttotal' is: '10'

2018-05-22 10:54:37 - [MESSAGE][PASSED] - Attribute 'value' of object 'Object Repository/DispensaryToStore/Page_Store/input_txttotal' is: '10'

2018-05-22 10:54:37 - [TEST_STEP][PASSED] - Statement - out.println("Requested QTY : " + RequestedQty): null

2018-05-22 10:54:37 - [TEST_STEP][PASSED] - Statement - BatchNumber = com.kms.katalon.core.webui.keyword.WebUiBuiltInKeywords.getNumberOfTotalOption(com.kms.katalon.core.testobject.ObjectRepository.findTestObject(DispensaryToStore/Page_Store/select_--Select--BA1170BA2376B)): 3 options of object 'Object Repository/DispensaryToStore/Page_Store/select_--Select--BA1170BA2376B' counted

2018-05-22 10:54:37 - [MESSAGE][PASSED] - 3 options of object 'Object Repository/DispensaryToStore/Page_Store/select_--Select--BA1170BA2376B' counted

2018-05-22 10:54:37 - [TEST_STEP][PASSED] - Statement - For ([g = 1, g <= BatchNumber - 1, (g++)]): null

2018-05-22 10:54:37 - [TEST_STEP][PASSED] - selectOptionByIndex: All options with index in [1] are selected on object 'Object Repository/DispensaryToStore/Page_Store/select_--Select--BA1170BA2376B'

2018-05-22 10:54:37 - [MESSAGE][PASSED] - All options with index in [1] are selected on object 'Object Repository/DispensaryToStore/Page_Store/select_--Select--BA1170BA2376B'

2018-05-22 10:54:37 - [TEST_STEP][PASSED] - Statement - Try: null

2018-05-22 10:54:37 - [TEST_STEP][PASSED] - Statement - StockQty = com.kms.katalon.core.webui.keyword.WebUiBuiltInKeywords.getAttribute(com.kms.katalon.core.testobject.ObjectRepository.findTestObject(DispensaryToStore/Page_Store/input_txtprice), "value"): Attribute 'value' of object 'Object Repository/DispensaryToStore/Page_Store/input_txtprice' is: '1150'

2018-05-22 10:54:38 - [MESSAGE][PASSED] - Attribute 'value' of object 'Object Repository/DispensaryToStore/Page_Store/input_txtprice' is: '1150'

2018-05-22 10:54:38 - [TEST_STEP][PASSED] - Statement - out.println("Stock QTY : " + StockQty): null

2018-05-22 10:54:38 - [TEST_STEP][PASSED] - delay: Delayed 2 second(s)

2018-05-22 10:54:40 - [MESSAGE][PASSED] - Delayed 2 second(s)

2018-05-22 10:54:40 - [TEST_STEP][PASSED] - Statement - If (java.lang.String.valueOf(StockQty) >= java.lang.String.valueOf(RequestedQty)): null

2018-05-22 10:54:40 - [TEST_STEP][PASSED] - setText: Text '10' is set on object 'Object Repository/DispensaryToStore/Page_Store/input_txtqty'

2018-05-22 10:54:40 - [MESSAGE][PASSED] - Text '10' is set on object 'Object Repository/DispensaryToStore/Page_Store/input_txtqty'

2018-05-22 10:54:40 - [TEST_STEP][PASSED] - click: Object: 'Object Repository/DispensaryToStore/Page_Store/button_Add' is clicked on

2018-05-22 10:54:45 - [MESSAGE][PASSED] - Object: 'Object Repository/DispensaryToStore/Page_Store/button_Add' is clicked on

2018-05-22 10:54:45 - [TEST_STEP][PASSED] - Statement - Break: null

2018-05-22 10:54:45 - [TEST_STEP][PASSED] - selectOptionByIndex: All options with index in [34] are selected on object 'Object Repository/DispensaryToStore/Page_Store/select_--Select--Adernaline 0.'

2018-05-22 10:54:45 - [MESSAGE][PASSED] - All options with index in [34] are selected on object 'Object Repository/DispensaryToStore/Page_Store/select_--Select--Adernaline 0.'

2018-05-22 10:54:45 - [TEST_STEP][PASSED] - delay: Delayed 2 second(s)

2018-05-22 10:54:47 - [MESSAGE][PASSED] - Delayed 2 second(s)

2018-05-22 10:54:47 - [TEST_STEP][PASSED] - Statement - RequestedQty = com.kms.katalon.core.webui.keyword.WebUiBuiltInKeywords.getAttribute(com.kms.katalon.core.testobject.ObjectRepository.findTestObject(DispensaryToStore/Page_Store/input_txttotal), "value"): Attribute 'value' of object 'Object Repository/DispensaryToStore/Page_Store/input_txttotal' is: '10'

2018-05-22 10:54:47 - [MESSAGE][PASSED] - Attribute 'value' of object 'Object Repository/DispensaryToStore/Page_Store/input_txttotal' is: '10'

2018-05-22 10:54:47 - [TEST_STEP][PASSED] - Statement - out.println("Requested QTY : " + RequestedQty): null

2018-05-22 10:54:47 - [TEST_STEP][PASSED] - Statement - BatchNumber = com.kms.katalon.core.webui.keyword.WebUiBuiltInKeywords.getNumberOfTotalOption(com.kms.katalon.core.testobject.ObjectRepository.findTestObject(DispensaryToStore/Page_Store/select_--Select--BA1170BA2376B)): 3 options of object 'Object Repository/DispensaryToStore/Page_Store/select_--Select--BA1170BA2376B' counted

2018-05-22 10:54:47 - [MESSAGE][PASSED] - 3 options of object 'Object Repository/DispensaryToStore/Page_Store/select_--Select--BA1170BA2376B' counted

2018-05-22 10:54:47 - [TEST_STEP][PASSED] - Statement - For ([g = 1, g <= BatchNumber - 1, (g++)]): null

2018-05-22 10:54:47 - [TEST_STEP][PASSED] - selectOptionByIndex: All options with index in [1] are selected on object 'Object Repository/DispensaryToStore/Page_Store/select_--Select--BA1170BA2376B'

2018-05-22 10:54:48 - [MESSAGE][PASSED] - All options with index in [1] are selected on object 'Object Repository/DispensaryToStore/Page_Store/select_--Select--BA1170BA2376B'

2018-05-22 10:54:48 - [TEST_STEP][PASSED] - Statement - Try: null

2018-05-22 10:54:48 - [TEST_STEP][PASSED] - Statement - StockQty = com.kms.katalon.core.webui.keyword.WebUiBuiltInKeywords.getAttribute(com.kms.katalon.core.testobject.ObjectRepository.findTestObject(DispensaryToStore/Page_Store/input_txtprice), "value"): Attribute 'value' of object 'Object Repository/DispensaryToStore/Page_Store/input_txtprice' is: '1040'

2018-05-22 10:54:48 - [MESSAGE][PASSED] - Attribute 'value' of object 'Object Repository/DispensaryToStore/Page_Store/input_txtprice' is: '1040'

2018-05-22 10:54:48 - [TEST_STEP][PASSED] - Statement - out.println("Stock QTY : " + StockQty): null

2018-05-22 10:54:48 - [TEST_STEP][PASSED] - delay: Delayed 2 second(s)

2018-05-22 10:54:50 - [MESSAGE][PASSED] - Delayed 2 second(s)

2018-05-22 10:54:50 - [TEST_STEP][PASSED] - Statement - If (java.lang.String.valueOf(StockQty) >= java.lang.String.valueOf(RequestedQty)): null

2018-05-22 10:54:50 - [TEST_STEP][PASSED] - setText: Text '10' is set on object 'Object Repository/DispensaryToStore/Page_Store/input_txtqty'

2018-05-22 10:54:50 - [MESSAGE][PASSED] - Text '10' is set on object 'Object Repository/DispensaryToStore/Page_Store/input_txtqty'

2018-05-22 10:54:50 - [TEST_STEP][PASSED] - click: Object: 'Object Repository/DispensaryToStore/Page_Store/button_Add' is clicked on

2018-05-22 10:54:55 - [MESSAGE][PASSED] - Object: 'Object Repository/DispensaryToStore/Page_Store/button_Add' is clicked on

2018-05-22 10:54:55 - [TEST_STEP][PASSED] - Statement - Break: null

2018-05-22 10:54:55 - [TEST_STEP][PASSED] - selectOptionByIndex: All options with index in [35] are selected on object 'Object Repository/DispensaryToStore/Page_Store/select_--Select--Adernaline 0.'

2018-05-22 10:54:55 - [MESSAGE][PASSED] - All options with index in [35] are selected on object 'Object Repository/DispensaryToStore/Page_Store/select_--Select--Adernaline 0.'

2018-05-22 10:54:55 - [TEST_STEP][PASSED] - delay: Delayed 2 second(s)

2018-05-22 10:54:57 - [MESSAGE][PASSED] - Delayed 2 second(s)

2018-05-22 10:54:57 - [TEST_STEP][PASSED] - Statement - RequestedQty = com.kms.katalon.core.webui.keyword.WebUiBuiltInKeywords.getAttribute(com.kms.katalon.core.testobject.ObjectRepository.findTestObject(DispensaryToStore/Page_Store/input_txttotal), "value"): Attribute 'value' of object 'Object Repository/DispensaryToStore/Page_Store/input_txttotal' is: '10'

2018-05-22 10:54:57 - [MESSAGE][PASSED] - Attribute 'value' of object 'Object Repository/DispensaryToStore/Page_Store/input_txttotal' is: '10'

2018-05-22 10:54:57 - [TEST_STEP][PASSED] - Statement - out.println("Requested QTY : " + RequestedQty): null

2018-05-22 10:54:57 - [TEST_STEP][PASSED] - Statement - BatchNumber = com.kms.katalon.core.webui.keyword.WebUiBuiltInKeywords.getNumberOfTotalOption(com.kms.katalon.core.testobject.ObjectRepository.findTestObject(DispensaryToStore/Page_Store/select_--Select--BA1170BA2376B)): 3 options of object 'Object Repository/DispensaryToStore/Page_Store/select_--Select--BA1170BA2376B' counted

2018-05-22 10:54:57 - [MESSAGE][PASSED] - 3 options of object 'Object Repository/DispensaryToStore/Page_Store/select_--Select--BA1170BA2376B' counted

2018-05-22 10:54:57 - [TEST_STEP][PASSED] - Statement - For ([g = 1, g <= BatchNumber - 1, (g++)]): null

2018-05-22 10:54:57 - [TEST_STEP][PASSED] - selectOptionByIndex: All options with index in [1] are selected on object 'Object Repository/DispensaryToStore/Page_Store/select_--Select--BA1170BA2376B'

2018-05-22 10:54:57 - [MESSAGE][PASSED] - All options with index in [1] are selected on object 'Object Repository/DispensaryToStore/Page_Store/select_--Select--BA1170BA2376B'

2018-05-22 10:54:57 - [TEST_STEP][PASSED] - Statement - Try: null

2018-05-22 10:54:57 - [TEST_STEP][PASSED] - Statement - StockQty = com.kms.katalon.core.webui.keyword.WebUiBuiltInKeywords.getAttribute(com.kms.katalon.core.testobject.ObjectRepository.findTestObject(DispensaryToStore/Page_Store/input_txtprice), "value"): Attribute 'value' of object 'Object Repository/DispensaryToStore/Page_Store/input_txtprice' is: '2040'

2018-05-22 10:54:57 - [MESSAGE][PASSED] - Attribute 'value' of object 'Object Repository/DispensaryToStore/Page_Store/input_txtprice' is: '2040'

2018-05-22 10:54:57 - [TEST_STEP][PASSED] - Statement - out.println("Stock QTY : " + StockQty): null

2018-05-22 10:54:57 - [TEST_STEP][PASSED] - delay: Delayed 2 second(s)

2018-05-22 10:54:59 - [MESSAGE][PASSED] - Delayed 2 second(s)

2018-05-22 10:54:59 - [TEST_STEP][PASSED] - Statement - If (java.lang.String.valueOf(StockQty) >= java.lang.String.valueOf(RequestedQty)): null

2018-05-22 10:54:59 - [TEST_STEP][PASSED] - setText: Text '10' is set on object 'Object Repository/DispensaryToStore/Page_Store/input_txtqty'

2018-05-22 10:55:00 - [MESSAGE][PASSED] - Text '10' is set on object 'Object Repository/DispensaryToStore/Page_Store/input_txtqty'

2018-05-22 10:55:00 - [TEST_STEP][PASSED] - click: Object: 'Object Repository/DispensaryToStore/Page_Store/button_Add' is clicked on

2018-05-22 10:55:05 - [MESSAGE][PASSED] - Object: 'Object Repository/DispensaryToStore/Page_Store/button_Add' is clicked on

2018-05-22 10:55:05 - [TEST_STEP][PASSED] - Statement - Break: null

2018-05-22 10:55:05 - [TEST_STEP][PASSED] - selectOptionByIndex: All options with index in [36] are selected on object 'Object Repository/DispensaryToStore/Page_Store/select_--Select--Adernaline 0.'

2018-05-22 10:55:05 - [MESSAGE][PASSED] - All options with index in [36] are selected on object 'Object Repository/DispensaryToStore/Page_Store/select_--Select--Adernaline 0.'

2018-05-22 10:55:05 - [TEST_STEP][PASSED] - delay: Delayed 2 second(s)

2018-05-22 10:55:07 - [MESSAGE][PASSED] - Delayed 2 second(s)

2018-05-22 10:55:07 - [TEST_STEP][PASSED] - Statement - RequestedQty = com.kms.katalon.core.webui.keyword.WebUiBuiltInKeywords.getAttribute(com.kms.katalon.core.testobject.ObjectRepository.findTestObject(DispensaryToStore/Page_Store/input_txttotal), "value"): Attribute 'value' of object 'Object Repository/DispensaryToStore/Page_Store/input_txttotal' is: '10'

2018-05-22 10:55:07 - [MESSAGE][PASSED] - Attribute 'value' of object 'Object Repository/DispensaryToStore/Page_Store/input_txttotal' is: '10'

2018-05-22 10:55:07 - [TEST_STEP][PASSED] - Statement - out.println("Requested QTY : " + RequestedQty): null

2018-05-22 10:55:07 - [TEST_STEP][PASSED] - Statement - BatchNumber = com.kms.katalon.core.webui.keyword.WebUiBuiltInKeywords.getNumberOfTotalOption(com.kms.katalon.core.testobject.ObjectRepository.findTestObject(DispensaryToStore/Page_Store/select_--Select--BA1170BA2376B)): 5 options of object 'Object Repository/DispensaryToStore/Page_Store/select_--Select--BA1170BA2376B' counted

2018-05-22 10:55:07 - [MESSAGE][PASSED] - 5 options of object 'Object Repository/DispensaryToStore/Page_Store/select_--Select--BA1170BA2376B' counted

2018-05-22 10:55:07 - [TEST_STEP][PASSED] - Statement - For ([g = 1, g <= BatchNumber - 1, (g++)]): null

2018-05-22 10:55:07 - [TEST_STEP][PASSED] - selectOptionByIndex: All options with index in [1] are selected on object 'Object Repository/DispensaryToStore/Page_Store/select_--Select--BA1170BA2376B'

2018-05-22 10:55:07 - [MESSAGE][PASSED] - All options with index in [1] are selected on object 'Object Repository/DispensaryToStore/Page_Store/select_--Select--BA1170BA2376B'

2018-05-22 10:55:07 - [TEST_STEP][PASSED] - Statement - Try: null

2018-05-22 10:55:07 - [TEST_STEP][PASSED] - Statement - StockQty = com.kms.katalon.core.webui.keyword.WebUiBuiltInKeywords.getAttribute(com.kms.katalon.core.testobject.ObjectRepository.findTestObject(DispensaryToStore/Page_Store/input_txtprice), "value"): Attribute 'value' of object 'Object Repository/DispensaryToStore/Page_Store/input_txtprice' is: '100'

2018-05-22 10:55:07 - [MESSAGE][PASSED] - Attribute 'value' of object 'Object Repository/DispensaryToStore/Page_Store/input_txtprice' is: '100'

2018-05-22 10:55:07 - [TEST_STEP][PASSED] - Statement - out.println("Stock QTY : " + StockQty): null

2018-05-22 10:55:07 - [TEST_STEP][PASSED] - delay: Delayed 2 second(s)

2018-05-22 10:55:09 - [MESSAGE][PASSED] - Delayed 2 second(s)

2018-05-22 10:55:09 - [TEST_STEP][PASSED] - Statement - If (java.lang.String.valueOf(StockQty) >= java.lang.String.valueOf(RequestedQty)): null

2018-05-22 10:55:09 - [TEST_STEP][PASSED] - setText: Text '10' is set on object 'Object Repository/DispensaryToStore/Page_Store/input_txtqty'

2018-05-22 10:55:10 - [MESSAGE][PASSED] - Text '10' is set on object 'Object Repository/DispensaryToStore/Page_Store/input_txtqty'

2018-05-22 10:55:10 - [TEST_STEP][PASSED] - click: Object: 'Object Repository/DispensaryToStore/Page_Store/button_Add' is clicked on

2018-05-22 10:55:15 - [MESSAGE][PASSED] - Object: 'Object Repository/DispensaryToStore/Page_Store/button_Add' is clicked on

2018-05-22 10:55:15 - [TEST_STEP][PASSED] - Statement - Break: null

2018-05-22 10:55:15 - [TEST_STEP][PASSED] - selectOptionByIndex: All options with index in [37] are selected on object 'Object Repository/DispensaryToStore/Page_Store/select_--Select--Adernaline 0.'

2018-05-22 10:55:15 - [MESSAGE][PASSED] - All options with index in [37] are selected on object 'Object Repository/DispensaryToStore/Page_Store/select_--Select--Adernaline 0.'

2018-05-22 10:55:15 - [TEST_STEP][PASSED] - delay: Delayed 2 second(s)

2018-05-22 10:55:17 - [MESSAGE][PASSED] - Delayed 2 second(s)

2018-05-22 10:55:17 - [TEST_STEP][PASSED] - Statement - RequestedQty = com.kms.katalon.core.webui.keyword.WebUiBuiltInKeywords.getAttribute(com.kms.katalon.core.testobject.ObjectRepository.findTestObject(DispensaryToStore/Page_Store/input_txttotal), "value"): Attribute 'value' of object 'Object Repository/DispensaryToStore/Page_Store/input_txttotal' is: '10'

2018-05-22 10:55:17 - [MESSAGE][PASSED] - Attribute 'value' of object 'Object Repository/DispensaryToStore/Page_Store/input_txttotal' is: '10'

2018-05-22 10:55:17 - [TEST_STEP][PASSED] - Statement - out.println("Requested QTY : " + RequestedQty): null

2018-05-22 10:55:17 - [TEST_STEP][PASSED] - Statement - BatchNumber = com.kms.katalon.core.webui.keyword.WebUiBuiltInKeywords.getNumberOfTotalOption(com.kms.katalon.core.testobject.ObjectRepository.findTestObject(DispensaryToStore/Page_Store/select_--Select--BA1170BA2376B)): 4 options of object 'Object Repository/DispensaryToStore/Page_Store/select_--Select--BA1170BA2376B' counted

2018-05-22 10:55:17 - [MESSAGE][PASSED] - 4 options of object 'Object Repository/DispensaryToStore/Page_Store/select_--Select--BA1170BA2376B' counted

2018-05-22 10:55:17 - [TEST_STEP][PASSED] - Statement - For ([g = 1, g <= BatchNumber - 1, (g++)]): null

2018-05-22 10:55:17 - [TEST_STEP][PASSED] - selectOptionByIndex: All options with index in [1] are selected on object 'Object Repository/DispensaryToStore/Page_Store/select_--Select--BA1170BA2376B'

2018-05-22 10:55:17 - [MESSAGE][PASSED] - All options with index in [1] are selected on object 'Object Repository/DispensaryToStore/Page_Store/select_--Select--BA1170BA2376B'

2018-05-22 10:55:17 - [TEST_STEP][PASSED] - Statement - Try: null

2018-05-22 10:55:17 - [TEST_STEP][PASSED] - Statement - StockQty = com.kms.katalon.core.webui.keyword.WebUiBuiltInKeywords.getAttribute(com.kms.katalon.core.testobject.ObjectRepository.findTestObject(DispensaryToStore/Page_Store/input_txtprice), "value"): Attribute 'value' of object 'Object Repository/DispensaryToStore/Page_Store/input_txtprice' is: '1040'

2018-05-22 10:55:17 - [MESSAGE][PASSED] - Attribute 'value' of object 'Object Repository/DispensaryToStore/Page_Store/input_txtprice' is: '1040'

2018-05-22 10:55:17 - [TEST_STEP][PASSED] - Statement - out.println("Stock QTY : " + StockQty): null

2018-05-22 10:55:17 - [TEST_STEP][PASSED] - delay: Delayed 2 second(s)

2018-05-22 10:55:19 - [MESSAGE][PASSED] - Delayed 2 second(s)

2018-05-22 10:55:19 - [TEST_STEP][PASSED] - Statement - If (java.lang.String.valueOf(StockQty) >= java.lang.String.valueOf(RequestedQty)): null

2018-05-22 10:55:19 - [TEST_STEP][PASSED] - setText: Text '10' is set on object 'Object Repository/DispensaryToStore/Page_Store/input_txtqty'

2018-05-22 10:55:20 - [MESSAGE][PASSED] - Text '10' is set on object 'Object Repository/DispensaryToStore/Page_Store/input_txtqty'

2018-05-22 10:55:20 - [TEST_STEP][PASSED] - click: Object: 'Object Repository/DispensaryToStore/Page_Store/button_Add' is clicked on

2018-05-22 10:55:25 - [MESSAGE][PASSED] - Object: 'Object Repository/DispensaryToStore/Page_Store/button_Add' is clicked on

2018-05-22 10:55:25 - [TEST_STEP][PASSED] - Statement - Break: null

2018-05-22 10:55:25 - [TEST_STEP][PASSED] - selectOptionByIndex: All options with index in [38] are selected on object 'Object Repository/DispensaryToStore/Page_Store/select_--Select--Adernaline 0.'

2018-05-22 10:55:25 - [MESSAGE][PASSED] - All options with index in [38] are selected on object 'Object Repository/DispensaryToStore/Page_Store/select_--Select--Adernaline 0.'

2018-05-22 10:55:25 - [TEST_STEP][PASSED] - delay: Delayed 2 second(s)

2018-05-22 10:55:27 - [MESSAGE][PASSED] - Delayed 2 second(s)

2018-05-22 10:55:27 - [TEST_STEP][PASSED] - Statement - RequestedQty = com.kms.katalon.core.webui.keyword.WebUiBuiltInKeywords.getAttribute(com.kms.katalon.core.testobject.ObjectRepository.findTestObject(DispensaryToStore/Page_Store/input_txttotal), "value"): Attribute 'value' of object 'Object Repository/DispensaryToStore/Page_Store/input_txttotal' is: '10'

2018-05-22 10:55:27 - [MESSAGE][PASSED] - Attribute 'value' of object 'Object Repository/DispensaryToStore/Page_Store/input_txttotal' is: '10'

2018-05-22 10:55:27 - [TEST_STEP][PASSED] - Statement - out.println("Requested QTY : " + RequestedQty): null

2018-05-22 10:55:27 - [TEST_STEP][PASSED] - Statement - BatchNumber = com.kms.katalon.core.webui.keyword.WebUiBuiltInKeywords.getNumberOfTotalOption(com.kms.katalon.core.testobject.ObjectRepository.findTestObject(DispensaryToStore/Page_Store/select_--Select--BA1170BA2376B)): 4 options of object 'Object Repository/DispensaryToStore/Page_Store/select_--Select--BA1170BA2376B' counted

2018-05-22 10:55:27 - [MESSAGE][PASSED] - 4 options of object 'Object Repository/DispensaryToStore/Page_Store/select_--Select--BA1170BA2376B' counted

2018-05-22 10:55:27 - [TEST_STEP][PASSED] - Statement - For ([g = 1, g <= BatchNumber - 1, (g++)]): null

2018-05-22 10:55:27 - [TEST_STEP][PASSED] - selectOptionByIndex: All options with index in [1] are selected on object 'Object Repository/DispensaryToStore/Page_Store/select_--Select--BA1170BA2376B'

2018-05-22 10:55:28 - [MESSAGE][PASSED] - All options with index in [1] are selected on object 'Object Repository/DispensaryToStore/Page_Store/select_--Select--BA1170BA2376B'

2018-05-22 10:55:28 - [TEST_STEP][PASSED] - Statement - Try: null

2018-05-22 10:55:28 - [TEST_STEP][PASSED] - Statement - StockQty = com.kms.katalon.core.webui.keyword.WebUiBuiltInKeywords.getAttribute(com.kms.katalon.core.testobject.ObjectRepository.findTestObject(DispensaryToStore/Page_Store/input_txtprice), "value"): Attribute 'value' of object 'Object Repository/DispensaryToStore/Page_Store/input_txtprice' is: '100'

2018-05-22 10:55:28 - [MESSAGE][PASSED] - Attribute 'value' of object 'Object Repository/DispensaryToStore/Page_Store/input_txtprice' is: '100'

2018-05-22 10:55:28 - [TEST_STEP][PASSED] - Statement - out.println("Stock QTY : " + StockQty): null

2018-05-22 10:55:28 - [TEST_STEP][PASSED] - delay: Delayed 2 second(s)

2018-05-22 10:55:30 - [MESSAGE][PASSED] - Delayed 2 second(s)

2018-05-22 10:55:30 - [TEST_STEP][PASSED] - Statement - If (java.lang.String.valueOf(StockQty) >= java.lang.String.valueOf(RequestedQty)): null

2018-05-22 10:55:30 - [TEST_STEP][PASSED] - setText: Text '10' is set on object 'Object Repository/DispensaryToStore/Page_Store/input_txtqty'

2018-05-22 10:55:30 - [MESSAGE][PASSED] - Text '10' is set on object 'Object Repository/DispensaryToStore/Page_Store/input_txtqty'

2018-05-22 10:55:30 - [TEST_STEP][PASSED] - click: Object: 'Object Repository/DispensaryToStore/Page_Store/button_Add' is clicked on

2018-05-22 10:55:35 - [MESSAGE][PASSED] - Object: 'Object Repository/DispensaryToStore/Page_Store/button_Add' is clicked on

2018-05-22 10:55:35 - [TEST_STEP][PASSED] - Statement - Break: null

2018-05-22 10:55:35 - [TEST_STEP][PASSED] - selectOptionByIndex: All options with index in [39] are selected on object 'Object Repository/DispensaryToStore/Page_Store/select_--Select--Adernaline 0.'

2018-05-22 10:55:35 - [MESSAGE][PASSED] - All options with index in [39] are selected on object 'Object Repository/DispensaryToStore/Page_Store/select_--Select--Adernaline 0.'

2018-05-22 10:55:35 - [TEST_STEP][PASSED] - delay: Delayed 2 second(s)

2018-05-22 10:55:37 - [MESSAGE][PASSED] - Delayed 2 second(s)

2018-05-22 10:55:37 - [TEST_STEP][PASSED] - Statement - RequestedQty = com.kms.katalon.core.webui.keyword.WebUiBuiltInKeywords.getAttribute(com.kms.katalon.core.testobject.ObjectRepository.findTestObject(DispensaryToStore/Page_Store/input_txttotal), "value"): Attribute 'value' of object 'Object Repository/DispensaryToStore/Page_Store/input_txttotal' is: '10'

2018-05-22 10:55:37 - [MESSAGE][PASSED] - Attribute 'value' of object 'Object Repository/DispensaryToStore/Page_Store/input_txttotal' is: '10'

2018-05-22 10:55:37 - [TEST_STEP][PASSED] - Statement - out.println("Requested QTY : " + RequestedQty): null

2018-05-22 10:55:37 - [TEST_STEP][PASSED] - Statement - BatchNumber = com.kms.katalon.core.webui.keyword.WebUiBuiltInKeywords.getNumberOfTotalOption(com.kms.katalon.core.testobject.ObjectRepository.findTestObject(DispensaryToStore/Page_Store/select_--Select--BA1170BA2376B)): 3 options of object 'Object Repository/DispensaryToStore/Page_Store/select_--Select--BA1170BA2376B' counted

2018-05-22 10:55:37 - [MESSAGE][PASSED] - 3 options of object 'Object Repository/DispensaryToStore/Page_Store/select_--Select--BA1170BA2376B' counted

2018-05-22 10:55:37 - [TEST_STEP][PASSED] - Statement - For ([g = 1, g <= BatchNumber - 1, (g++)]): null

2018-05-22 10:55:37 - [TEST_STEP][PASSED] - selectOptionByIndex: All options with index in [1] are selected on object 'Object Repository/DispensaryToStore/Page_Store/select_--Select--BA1170BA2376B'

2018-05-22 10:55:38 - [MESSAGE][PASSED] - All options with index in [1] are selected on object 'Object Repository/DispensaryToStore/Page_Store/select_--Select--BA1170BA2376B'

2018-05-22 10:55:38 - [TEST_STEP][PASSED] - Statement - Try: null

2018-05-22 10:55:38 - [TEST_STEP][PASSED] - Statement - StockQty = com.kms.katalon.core.webui.keyword.WebUiBuiltInKeywords.getAttribute(com.kms.katalon.core.testobject.ObjectRepository.findTestObject(DispensaryToStore/Page_Store/input_txtprice), "value"): Attribute 'value' of object 'Object Repository/DispensaryToStore/Page_Store/input_txtprice' is: '1140'

2018-05-22 10:55:38 - [MESSAGE][PASSED] - Attribute 'value' of object 'Object Repository/DispensaryToStore/Page_Store/input_txtprice' is: '1140'

2018-05-22 10:55:38 - [TEST_STEP][PASSED] - Statement - out.println("Stock QTY : " + StockQty): null

2018-05-22 10:55:38 - [TEST_STEP][PASSED] - delay: Delayed 2 second(s)

2018-05-22 10:55:40 - [MESSAGE][PASSED] - Delayed 2 second(s)

2018-05-22 10:55:40 - [TEST_STEP][PASSED] - Statement - If (java.lang.String.valueOf(StockQty) >= java.lang.String.valueOf(RequestedQty)): null

2018-05-22 10:55:40 - [TEST_STEP][PASSED] - setText: Text '10' is set on object 'Object Repository/DispensaryToStore/Page_Store/input_txtqty'

2018-05-22 10:55:40 - [MESSAGE][PASSED] - Text '10' is set on object 'Object Repository/DispensaryToStore/Page_Store/input_txtqty'

2018-05-22 10:55:40 - [TEST_STEP][PASSED] - click: Object: 'Object Repository/DispensaryToStore/Page_Store/button_Add' is clicked on

2018-05-22 10:55:45 - [MESSAGE][PASSED] - Object: 'Object Repository/DispensaryToStore/Page_Store/button_Add' is clicked on

2018-05-22 10:55:45 - [TEST_STEP][PASSED] - Statement - Break: null

2018-05-22 10:55:45 - [TEST_STEP][PASSED] - selectOptionByIndex: All options with index in [40] are selected on object 'Object Repository/DispensaryToStore/Page_Store/select_--Select--Adernaline 0.'

2018-05-22 10:55:45 - [MESSAGE][PASSED] - All options with index in [40] are selected on object 'Object Repository/DispensaryToStore/Page_Store/select_--Select--Adernaline 0.'

2018-05-22 10:55:45 - [TEST_STEP][PASSED] - delay: Delayed 2 second(s)

2018-05-22 10:55:47 - [MESSAGE][PASSED] - Delayed 2 second(s)

2018-05-22 10:55:47 - [TEST_STEP][PASSED] - Statement - RequestedQty = com.kms.katalon.core.webui.keyword.WebUiBuiltInKeywords.getAttribute(com.kms.katalon.core.testobject.ObjectRepository.findTestObject(DispensaryToStore/Page_Store/input_txttotal), "value"): Attribute 'value' of object 'Object Repository/DispensaryToStore/Page_Store/input_txttotal' is: '10'

2018-05-22 10:55:47 - [MESSAGE][PASSED] - Attribute 'value' of object 'Object Repository/DispensaryToStore/Page_Store/input_txttotal' is: '10'

2018-05-22 10:55:47 - [TEST_STEP][PASSED] - Statement - out.println("Requested QTY : " + RequestedQty): null

2018-05-22 10:55:47 - [TEST_STEP][PASSED] - Statement - BatchNumber = com.kms.katalon.core.webui.keyword.WebUiBuiltInKeywords.getNumberOfTotalOption(com.kms.katalon.core.testobject.ObjectRepository.findTestObject(DispensaryToStore/Page_Store/select_--Select--BA1170BA2376B)): 4 options of object 'Object Repository/DispensaryToStore/Page_Store/select_--Select--BA1170BA2376B' counted

2018-05-22 10:55:47 - [MESSAGE][PASSED] - 4 options of object 'Object Repository/DispensaryToStore/Page_Store/select_--Select--BA1170BA2376B' counted

2018-05-22 10:55:47 - [TEST_STEP][PASSED] - Statement - For ([g = 1, g <= BatchNumber - 1, (g++)]): null

2018-05-22 10:55:47 - [TEST_STEP][PASSED] - selectOptionByIndex: All options with index in [1] are selected on object 'Object Repository/DispensaryToStore/Page_Store/select_--Select--BA1170BA2376B'

2018-05-22 10:55:48 - [MESSAGE][PASSED] - All options with index in [1] are selected on object 'Object Repository/DispensaryToStore/Page_Store/select_--Select--BA1170BA2376B'

2018-05-22 10:55:48 - [TEST_STEP][PASSED] - Statement - Try: null

2018-05-22 10:55:48 - [TEST_STEP][PASSED] - Statement - StockQty = com.kms.katalon.core.webui.keyword.WebUiBuiltInKeywords.getAttribute(com.kms.katalon.core.testobject.ObjectRepository.findTestObject(DispensaryToStore/Page_Store/input_txtprice), "value"): Attribute 'value' of object 'Object Repository/DispensaryToStore/Page_Store/input_txtprice' is: '1040'

2018-05-22 10:55:48 - [MESSAGE][PASSED] - Attribute 'value' of object 'Object Repository/DispensaryToStore/Page_Store/input_txtprice' is: '1040'

2018-05-22 10:55:48 - [TEST_STEP][PASSED] - Statement - out.println("Stock QTY : " + StockQty): null

2018-05-22 10:55:48 - [TEST_STEP][PASSED] - delay: Delayed 2 second(s)

2018-05-22 10:55:50 - [MESSAGE][PASSED] - Delayed 2 second(s)

2018-05-22 10:55:50 - [TEST_STEP][PASSED] - Statement - If (java.lang.String.valueOf(StockQty) >= java.lang.String.valueOf(RequestedQty)): null

2018-05-22 10:55:50 - [TEST_STEP][PASSED] - setText: Text '10' is set on object 'Object Repository/DispensaryToStore/Page_Store/input_txtqty'

2018-05-22 10:55:50 - [MESSAGE][PASSED] - Text '10' is set on object 'Object Repository/DispensaryToStore/Page_Store/input_txtqty'

2018-05-22 10:55:50 - [TEST_STEP][PASSED] - click: Object: 'Object Repository/DispensaryToStore/Page_Store/button_Add' is clicked on

2018-05-22 10:55:55 - [MESSAGE][PASSED] - Object: 'Object Repository/DispensaryToStore/Page_Store/button_Add' is clicked on

2018-05-22 10:55:55 - [TEST_STEP][PASSED] - Statement - Break: null

2018-05-22 10:55:55 - [TEST_STEP][PASSED] - selectOptionByIndex: All options with index in [41] are selected on object 'Object Repository/DispensaryToStore/Page_Store/select_--Select--Adernaline 0.'

2018-05-22 10:55:55 - [MESSAGE][PASSED] - All options with index in [41] are selected on object 'Object Repository/DispensaryToStore/Page_Store/select_--Select--Adernaline 0.'

2018-05-22 10:55:55 - [TEST_STEP][PASSED] - delay: Delayed 2 second(s)

2018-05-22 10:55:57 - [MESSAGE][PASSED] - Delayed 2 second(s)

2018-05-22 10:55:57 - [TEST_STEP][PASSED] - Statement - RequestedQty = com.kms.katalon.core.webui.keyword.WebUiBuiltInKeywords.getAttribute(com.kms.katalon.core.testobject.ObjectRepository.findTestObject(DispensaryToStore/Page_Store/input_txttotal), "value"): Attribute 'value' of object 'Object Repository/DispensaryToStore/Page_Store/input_txttotal' is: '10'

2018-05-22 10:55:57 - [MESSAGE][PASSED] - Attribute 'value' of object 'Object Repository/DispensaryToStore/Page_Store/input_txttotal' is: '10'

2018-05-22 10:55:57 - [TEST_STEP][PASSED] - Statement - out.println("Requested QTY : " + RequestedQty): null

2018-05-22 10:55:57 - [TEST_STEP][PASSED] - Statement - BatchNumber = com.kms.katalon.core.webui.keyword.WebUiBuiltInKeywords.getNumberOfTotalOption(com.kms.katalon.core.testobject.ObjectRepository.findTestObject(DispensaryToStore/Page_Store/select_--Select--BA1170BA2376B)): 3 options of object 'Object Repository/DispensaryToStore/Page_Store/select_--Select--BA1170BA2376B' counted

2018-05-22 10:55:57 - [MESSAGE][PASSED] - 3 options of object 'Object Repository/DispensaryToStore/Page_Store/select_--Select--BA1170BA2376B' counted

2018-05-22 10:55:57 - [TEST_STEP][PASSED] - Statement - For ([g = 1, g <= BatchNumber - 1, (g++)]): null

2018-05-22 10:55:57 - [TEST_STEP][PASSED] - selectOptionByIndex: All options with index in [1] are selected on object 'Object Repository/DispensaryToStore/Page_Store/select_--Select--BA1170BA2376B'

2018-05-22 10:55:57 - [MESSAGE][PASSED] - All options with index in [1] are selected on object 'Object Repository/DispensaryToStore/Page_Store/select_--Select--BA1170BA2376B'

2018-05-22 10:55:57 - [TEST_STEP][PASSED] - Statement - Try: null

2018-05-22 10:55:57 - [TEST_STEP][PASSED] - Statement - StockQty = com.kms.katalon.core.webui.keyword.WebUiBuiltInKeywords.getAttribute(com.kms.katalon.core.testobject.ObjectRepository.findTestObject(DispensaryToStore/Page_Store/input_txtprice), "value"): Attribute 'value' of object 'Object Repository/DispensaryToStore/Page_Store/input_txtprice' is: '2040'

2018-05-22 10:55:57 - [MESSAGE][PASSED] - Attribute 'value' of object 'Object Repository/DispensaryToStore/Page_Store/input_txtprice' is: '2040'

2018-05-22 10:55:57 - [TEST_STEP][PASSED] - Statement - out.println("Stock QTY : " + StockQty): null

2018-05-22 10:55:57 - [TEST_STEP][PASSED] - delay: Delayed 2 second(s)

2018-05-22 10:55:59 - [MESSAGE][PASSED] - Delayed 2 second(s)

2018-05-22 10:55:59 - [TEST_STEP][PASSED] - Statement - If (java.lang.String.valueOf(StockQty) >= java.lang.String.valueOf(RequestedQty)): null

2018-05-22 10:55:59 - [TEST_STEP][PASSED] - setText: Text '10' is set on object 'Object Repository/DispensaryToStore/Page_Store/input_txtqty'

2018-05-22 10:56:00 - [MESSAGE][PASSED] - Text '10' is set on object 'Object Repository/DispensaryToStore/Page_Store/input_txtqty'

2018-05-22 10:56:00 - [TEST_STEP][PASSED] - click: Object: 'Object Repository/DispensaryToStore/Page_Store/button_Add' is clicked on

2018-05-22 10:56:05 - [MESSAGE][PASSED] - Object: 'Object Repository/DispensaryToStore/Page_Store/button_Add' is clicked on

2018-05-22 10:56:05 - [TEST_STEP][PASSED] - Statement - Break: null

2018-05-22 10:56:05 - [TEST_STEP][PASSED] - selectOptionByIndex: All options with index in [42] are selected on object 'Object Repository/DispensaryToStore/Page_Store/select_--Select--Adernaline 0.'

2018-05-22 10:56:05 - [MESSAGE][PASSED] - All options with index in [42] are selected on object 'Object Repository/DispensaryToStore/Page_Store/select_--Select--Adernaline 0.'

2018-05-22 10:56:05 - [TEST_STEP][PASSED] - delay: Delayed 2 second(s)

2018-05-22 10:56:07 - [MESSAGE][PASSED] - Delayed 2 second(s)

2018-05-22 10:56:07 - [TEST_STEP][PASSED] - Statement - RequestedQty = com.kms.katalon.core.webui.keyword.WebUiBuiltInKeywords.getAttribute(com.kms.katalon.core.testobject.ObjectRepository.findTestObject(DispensaryToStore/Page_Store/input_txttotal), "value"): Attribute 'value' of object 'Object Repository/DispensaryToStore/Page_Store/input_txttotal' is: '10'

2018-05-22 10:56:07 - [MESSAGE][PASSED] - Attribute 'value' of object 'Object Repository/DispensaryToStore/Page_Store/input_txttotal' is: '10'

2018-05-22 10:56:07 - [TEST_STEP][PASSED] - Statement - out.println("Requested QTY : " + RequestedQty): null

2018-05-22 10:56:07 - [TEST_STEP][PASSED] - Statement - BatchNumber = com.kms.katalon.core.webui.keyword.WebUiBuiltInKeywords.getNumberOfTotalOption(com.kms.katalon.core.testobject.ObjectRepository.findTestObject(DispensaryToStore/Page_Store/select_--Select--BA1170BA2376B)): 3 options of object 'Object Repository/DispensaryToStore/Page_Store/select_--Select--BA1170BA2376B' counted

2018-05-22 10:56:07 - [MESSAGE][PASSED] - 3 options of object 'Object Repository/DispensaryToStore/Page_Store/select_--Select--BA1170BA2376B' counted

2018-05-22 10:56:07 - [TEST_STEP][PASSED] - Statement - For ([g = 1, g <= BatchNumber - 1, (g++)]): null

2018-05-22 10:56:07 - [TEST_STEP][PASSED] - selectOptionByIndex: All options with index in [1] are selected on object 'Object Repository/DispensaryToStore/Page_Store/select_--Select--BA1170BA2376B'

2018-05-22 10:56:07 - [MESSAGE][PASSED] - All options with index in [1] are selected on object 'Object Repository/DispensaryToStore/Page_Store/select_--Select--BA1170BA2376B'

2018-05-22 10:56:07 - [TEST_STEP][PASSED] - Statement - Try: null

2018-05-22 10:56:07 - [TEST_STEP][PASSED] - Statement - StockQty = com.kms.katalon.core.webui.keyword.WebUiBuiltInKeywords.getAttribute(com.kms.katalon.core.testobject.ObjectRepository.findTestObject(DispensaryToStore/Page_Store/input_txtprice), "value"): Attribute 'value' of object 'Object Repository/DispensaryToStore/Page_Store/input_txtprice' is: '2040'

2018-05-22 10:56:07 - [MESSAGE][PASSED] - Attribute 'value' of object 'Object Repository/DispensaryToStore/Page_Store/input_txtprice' is: '2040'

2018-05-22 10:56:07 - [TEST_STEP][PASSED] - Statement - out.println("Stock QTY : " + StockQty): null

2018-05-22 10:56:07 - [TEST_STEP][PASSED] - delay: Delayed 2 second(s)

2018-05-22 10:56:09 - [MESSAGE][PASSED] - Delayed 2 second(s)

2018-05-22 10:56:09 - [TEST_STEP][PASSED] - Statement - If (java.lang.String.valueOf(StockQty) >= java.lang.String.valueOf(RequestedQty)): null

2018-05-22 10:56:09 - [TEST_STEP][PASSED] - setText: Text '10' is set on object 'Object Repository/DispensaryToStore/Page_Store/input_txtqty'

2018-05-22 10:56:10 - [MESSAGE][PASSED] - Text '10' is set on object 'Object Repository/DispensaryToStore/Page_Store/input_txtqty'

2018-05-22 10:56:10 - [TEST_STEP][PASSED] - click: Object: 'Object Repository/DispensaryToStore/Page_Store/button_Add' is clicked on

2018-05-22 10:56:15 - [MESSAGE][PASSED] - Object: 'Object Repository/DispensaryToStore/Page_Store/button_Add' is clicked on

2018-05-22 10:56:15 - [TEST_STEP][PASSED] - Statement - Break: null

2018-05-22 10:56:15 - [TEST_STEP][PASSED] - selectOptionByIndex: All options with index in [43] are selected on object 'Object Repository/DispensaryToStore/Page_Store/select_--Select--Adernaline 0.'

2018-05-22 10:56:15 - [MESSAGE][PASSED] - All options with index in [43] are selected on object 'Object Repository/DispensaryToStore/Page_Store/select_--Select--Adernaline 0.'

2018-05-22 10:56:15 - [TEST_STEP][PASSED] - delay: Delayed 2 second(s)

2018-05-22 10:56:17 - [MESSAGE][PASSED] - Delayed 2 second(s)

2018-05-22 10:56:17 - [TEST_STEP][PASSED] - Statement - RequestedQty = com.kms.katalon.core.webui.keyword.WebUiBuiltInKeywords.getAttribute(com.kms.katalon.core.testobject.ObjectRepository.findTestObject(DispensaryToStore/Page_Store/input_txttotal), "value"): Attribute 'value' of object 'Object Repository/DispensaryToStore/Page_Store/input_txttotal' is: '10'

2018-05-22 10:56:17 - [MESSAGE][PASSED] - Attribute 'value' of object 'Object Repository/DispensaryToStore/Page_Store/input_txttotal' is: '10'

2018-05-22 10:56:17 - [TEST_STEP][PASSED] - Statement - out.println("Requested QTY : " + RequestedQty): null

2018-05-22 10:56:17 - [TEST_STEP][PASSED] - Statement - BatchNumber = com.kms.katalon.core.webui.keyword.WebUiBuiltInKeywords.getNumberOfTotalOption(com.kms.katalon.core.testobject.ObjectRepository.findTestObject(DispensaryToStore/Page_Store/select_--Select--BA1170BA2376B)): 5 options of object 'Object Repository/DispensaryToStore/Page_Store/select_--Select--BA1170BA2376B' counted

2018-05-22 10:56:17 - [MESSAGE][PASSED] - 5 options of object 'Object Repository/DispensaryToStore/Page_Store/select_--Select--BA1170BA2376B' counted

2018-05-22 10:56:17 - [TEST_STEP][PASSED] - Statement - For ([g = 1, g <= BatchNumber - 1, (g++)]): null

2018-05-22 10:56:17 - [TEST_STEP][PASSED] - selectOptionByIndex: All options with index in [1] are selected on object 'Object Repository/DispensaryToStore/Page_Store/select_--Select--BA1170BA2376B'

2018-05-22 10:56:18 - [MESSAGE][PASSED] - All options with index in [1] are selected on object 'Object Repository/DispensaryToStore/Page_Store/select_--Select--BA1170BA2376B'

2018-05-22 10:56:18 - [TEST_STEP][PASSED] - Statement - Try: null

2018-05-22 10:56:18 - [TEST_STEP][PASSED] - Statement - StockQty = com.kms.katalon.core.webui.keyword.WebUiBuiltInKeywords.getAttribute(com.kms.katalon.core.testobject.ObjectRepository.findTestObject(DispensaryToStore/Page_Store/input_txtprice), "value"): Attribute 'value' of object 'Object Repository/DispensaryToStore/Page_Store/input_txtprice' is: '100'

2018-05-22 10:56:18 - [MESSAGE][PASSED] - Attribute 'value' of object 'Object Repository/DispensaryToStore/Page_Store/input_txtprice' is: '100'

2018-05-22 10:56:18 - [TEST_STEP][PASSED] - Statement - out.println("Stock QTY : " + StockQty): null

2018-05-22 10:56:18 - [TEST_STEP][PASSED] - delay: Delayed 2 second(s)

2018-05-22 10:56:20 - [MESSAGE][PASSED] - Delayed 2 second(s)

2018-05-22 10:56:20 - [TEST_STEP][PASSED] - Statement - If (java.lang.String.valueOf(StockQty) >= java.lang.String.valueOf(RequestedQty)): null

2018-05-22 10:56:20 - [TEST_STEP][PASSED] - setText: Text '10' is set on object 'Object Repository/DispensaryToStore/Page_Store/input_txtqty'

2018-05-22 10:56:20 - [MESSAGE][PASSED] - Text '10' is set on object 'Object Repository/DispensaryToStore/Page_Store/input_txtqty'

2018-05-22 10:56:20 - [TEST_STEP][PASSED] - click: Object: 'Object Repository/DispensaryToStore/Page_Store/button_Add' is clicked on

2018-05-22 10:56:25 - [MESSAGE][PASSED] - Object: 'Object Repository/DispensaryToStore/Page_Store/button_Add' is clicked on

2018-05-22 10:56:25 - [TEST_STEP][PASSED] - Statement - Break: null

2018-05-22 10:56:25 - [TEST_STEP][PASSED] - selectOptionByIndex: All options with index in [44] are selected on object 'Object Repository/DispensaryToStore/Page_Store/select_--Select--Adernaline 0.'

2018-05-22 10:56:25 - [MESSAGE][PASSED] - All options with index in [44] are selected on object 'Object Repository/DispensaryToStore/Page_Store/select_--Select--Adernaline 0.'

2018-05-22 10:56:25 - [TEST_STEP][PASSED] - delay: Delayed 2 second(s)

2018-05-22 10:56:27 - [MESSAGE][PASSED] - Delayed 2 second(s)

2018-05-22 10:56:27 - [TEST_STEP][PASSED] - Statement - RequestedQty = com.kms.katalon.core.webui.keyword.WebUiBuiltInKeywords.getAttribute(com.kms.katalon.core.testobject.ObjectRepository.findTestObject(DispensaryToStore/Page_Store/input_txttotal), "value"): Attribute 'value' of object 'Object Repository/DispensaryToStore/Page_Store/input_txttotal' is: '10'

2018-05-22 10:56:27 - [MESSAGE][PASSED] - Attribute 'value' of object 'Object Repository/DispensaryToStore/Page_Store/input_txttotal' is: '10'

2018-05-22 10:56:27 - [TEST_STEP][PASSED] - Statement - out.println("Requested QTY : " + RequestedQty): null

2018-05-22 10:56:27 - [TEST_STEP][PASSED] - Statement - BatchNumber = com.kms.katalon.core.webui.keyword.WebUiBuiltInKeywords.getNumberOfTotalOption(com.kms.katalon.core.testobject.ObjectRepository.findTestObject(DispensaryToStore/Page_Store/select_--Select--BA1170BA2376B)): 4 options of object 'Object Repository/DispensaryToStore/Page_Store/select_--Select--BA1170BA2376B' counted

2018-05-22 10:56:27 - [MESSAGE][PASSED] - 4 options of object 'Object Repository/DispensaryToStore/Page_Store/select_--Select--BA1170BA2376B' counted

2018-05-22 10:56:27 - [TEST_STEP][PASSED] - Statement - For ([g = 1, g <= BatchNumber - 1, (g++)]): null

2018-05-22 10:56:27 - [TEST_STEP][PASSED] - selectOptionByIndex: All options with index in [1] are selected on object 'Object Repository/DispensaryToStore/Page_Store/select_--Select--BA1170BA2376B'

2018-05-22 10:56:28 - [MESSAGE][PASSED] - All options with index in [1] are selected on object 'Object Repository/DispensaryToStore/Page_Store/select_--Select--BA1170BA2376B'

2018-05-22 10:56:28 - [TEST_STEP][PASSED] - Statement - Try: null

2018-05-22 10:56:28 - [TEST_STEP][PASSED] - Statement - StockQty = com.kms.katalon.core.webui.keyword.WebUiBuiltInKeywords.getAttribute(com.kms.katalon.core.testobject.ObjectRepository.findTestObject(DispensaryToStore/Page_Store/input_txtprice), "value"): Attribute 'value' of object 'Object Repository/DispensaryToStore/Page_Store/input_txtprice' is: '100'

2018-05-22 10:56:28 - [MESSAGE][PASSED] - Attribute 'value' of object 'Object Repository/DispensaryToStore/Page_Store/input_txtprice' is: '100'

2018-05-22 10:56:28 - [TEST_STEP][PASSED] - Statement - out.println("Stock QTY : " + StockQty): null

2018-05-22 10:56:28 - [TEST_STEP][PASSED] - delay: Delayed 2 second(s)

2018-05-22 10:56:30 - [MESSAGE][PASSED] - Delayed 2 second(s)

2018-05-22 10:56:30 - [TEST_STEP][PASSED] - Statement - If (java.lang.String.valueOf(StockQty) >= java.lang.String.valueOf(RequestedQty)): null

2018-05-22 10:56:30 - [TEST_STEP][PASSED] - setText: Text '10' is set on object 'Object Repository/DispensaryToStore/Page_Store/input_txtqty'

2018-05-22 10:56:30 - [MESSAGE][PASSED] - Text '10' is set on object 'Object Repository/DispensaryToStore/Page_Store/input_txtqty'

2018-05-22 10:56:30 - [TEST_STEP][PASSED] - click: Object: 'Object Repository/DispensaryToStore/Page_Store/button_Add' is clicked on

2018-05-22 10:56:35 - [MESSAGE][PASSED] - Object: 'Object Repository/DispensaryToStore/Page_Store/button_Add' is clicked on

2018-05-22 10:56:35 - [TEST_STEP][PASSED] - Statement - Break: null

2018-05-22 10:56:35 - [TEST_STEP][PASSED] - selectOptionByIndex: All options with index in [45] are selected on object 'Object Repository/DispensaryToStore/Page_Store/select_--Select--Adernaline 0.'

2018-05-22 10:56:35 - [MESSAGE][PASSED] - All options with index in [45] are selected on object 'Object Repository/DispensaryToStore/Page_Store/select_--Select--Adernaline 0.'

2018-05-22 10:56:35 - [TEST_STEP][PASSED] - delay: Delayed 2 second(s)

2018-05-22 10:56:37 - [MESSAGE][PASSED] - Delayed 2 second(s)

2018-05-22 10:56:37 - [TEST_STEP][PASSED] - Statement - RequestedQty = com.kms.katalon.core.webui.keyword.WebUiBuiltInKeywords.getAttribute(com.kms.katalon.core.testobject.ObjectRepository.findTestObject(DispensaryToStore/Page_Store/input_txttotal), "value"): Attribute 'value' of object 'Object Repository/DispensaryToStore/Page_Store/input_txttotal' is: '10'

2018-05-22 10:56:37 - [MESSAGE][PASSED] - Attribute 'value' of object 'Object Repository/DispensaryToStore/Page_Store/input_txttotal' is: '10'

2018-05-22 10:56:37 - [TEST_STEP][PASSED] - Statement - out.println("Requested QTY : " + RequestedQty): null

2018-05-22 10:56:37 - [TEST_STEP][PASSED] - Statement - BatchNumber = com.kms.katalon.core.webui.keyword.WebUiBuiltInKeywords.getNumberOfTotalOption(com.kms.katalon.core.testobject.ObjectRepository.findTestObject(DispensaryToStore/Page_Store/select_--Select--BA1170BA2376B)): 5 options of object 'Object Repository/DispensaryToStore/Page_Store/select_--Select--BA1170BA2376B' counted

2018-05-22 10:56:37 - [MESSAGE][PASSED] - 5 options of object 'Object Repository/DispensaryToStore/Page_Store/select_--Select--BA1170BA2376B' counted

2018-05-22 10:56:37 - [TEST_STEP][PASSED] - Statement - For ([g = 1, g <= BatchNumber - 1, (g++)]): null

2018-05-22 10:56:37 - [TEST_STEP][PASSED] - selectOptionByIndex: All options with index in [1] are selected on object 'Object Repository/DispensaryToStore/Page_Store/select_--Select--BA1170BA2376B'

2018-05-22 10:56:38 - [MESSAGE][PASSED] - All options with index in [1] are selected on object 'Object Repository/DispensaryToStore/Page_Store/select_--Select--BA1170BA2376B'

2018-05-22 10:56:38 - [TEST_STEP][PASSED] - Statement - Try: null

2018-05-22 10:56:38 - [TEST_STEP][PASSED] - Statement - StockQty = com.kms.katalon.core.webui.keyword.WebUiBuiltInKeywords.getAttribute(com.kms.katalon.core.testobject.ObjectRepository.findTestObject(DispensaryToStore/Page_Store/input_txtprice), "value"): Attribute 'value' of object 'Object Repository/DispensaryToStore/Page_Store/input_txtprice' is: '100'

2018-05-22 10:56:38 - [MESSAGE][PASSED] - Attribute 'value' of object 'Object Repository/DispensaryToStore/Page_Store/input_txtprice' is: '100'

2018-05-22 10:56:38 - [TEST_STEP][PASSED] - Statement - out.println("Stock QTY : " + StockQty): null

2018-05-22 10:56:38 - [TEST_STEP][PASSED] - delay: Delayed 2 second(s)

2018-05-22 10:56:40 - [MESSAGE][PASSED] - Delayed 2 second(s)

2018-05-22 10:56:40 - [TEST_STEP][PASSED] - Statement - If (java.lang.String.valueOf(StockQty) >= java.lang.String.valueOf(RequestedQty)): null

2018-05-22 10:56:40 - [TEST_STEP][PASSED] - setText: Text '10' is set on object 'Object Repository/DispensaryToStore/Page_Store/input_txtqty'

2018-05-22 10:56:40 - [MESSAGE][PASSED] - Text '10' is set on object 'Object Repository/DispensaryToStore/Page_Store/input_txtqty'

2018-05-22 10:56:40 - [TEST_STEP][PASSED] - click: Object: 'Object Repository/DispensaryToStore/Page_Store/button_Add' is clicked on

2018-05-22 10:56:45 - [MESSAGE][PASSED] - Object: 'Object Repository/DispensaryToStore/Page_Store/button_Add' is clicked on

2018-05-22 10:56:45 - [TEST_STEP][PASSED] - Statement - Break: null

2018-05-22 10:56:45 - [TEST_STEP][PASSED] - selectOptionByIndex: All options with index in [46] are selected on object 'Object Repository/DispensaryToStore/Page_Store/select_--Select--Adernaline 0.'

2018-05-22 10:56:46 - [MESSAGE][PASSED] - All options with index in [46] are selected on object 'Object Repository/DispensaryToStore/Page_Store/select_--Select--Adernaline 0.'

2018-05-22 10:56:46 - [TEST_STEP][PASSED] - delay: Delayed 2 second(s)

2018-05-22 10:56:48 - [MESSAGE][PASSED] - Delayed 2 second(s)

2018-05-22 10:56:48 - [TEST_STEP][PASSED] - Statement - RequestedQty = com.kms.katalon.core.webui.keyword.WebUiBuiltInKeywords.getAttribute(com.kms.katalon.core.testobject.ObjectRepository.findTestObject(DispensaryToStore/Page_Store/input_txttotal), "value"): Attribute 'value' of object 'Object Repository/DispensaryToStore/Page_Store/input_txttotal' is: '10'

2018-05-22 10:56:48 - [MESSAGE][PASSED] - Attribute 'value' of object 'Object Repository/DispensaryToStore/Page_Store/input_txttotal' is: '10'

2018-05-22 10:56:48 - [TEST_STEP][PASSED] - Statement - out.println("Requested QTY : " + RequestedQty): null

2018-05-22 10:56:48 - [TEST_STEP][PASSED] - Statement - BatchNumber = com.kms.katalon.core.webui.keyword.WebUiBuiltInKeywords.getNumberOfTotalOption(com.kms.katalon.core.testobject.ObjectRepository.findTestObject(DispensaryToStore/Page_Store/select_--Select--BA1170BA2376B)): 3 options of object 'Object Repository/DispensaryToStore/Page_Store/select_--Select--BA1170BA2376B' counted

2018-05-22 10:56:48 - [MESSAGE][PASSED] - 3 options of object 'Object Repository/DispensaryToStore/Page_Store/select_--Select--BA1170BA2376B' counted

2018-05-22 10:56:48 - [TEST_STEP][PASSED] - Statement - For ([g = 1, g <= BatchNumber - 1, (g++)]): null

2018-05-22 10:56:48 - [TEST_STEP][PASSED] - selectOptionByIndex: All options with index in [1] are selected on object 'Object Repository/DispensaryToStore/Page_Store/select_--Select--BA1170BA2376B'

2018-05-22 10:56:48 - [MESSAGE][PASSED] - All options with index in [1] are selected on object 'Object Repository/DispensaryToStore/Page_Store/select_--Select--BA1170BA2376B'

2018-05-22 10:56:48 - [TEST_STEP][PASSED] - Statement - Try: null

2018-05-22 10:56:48 - [TEST_STEP][PASSED] - Statement - StockQty = com.kms.katalon.core.webui.keyword.WebUiBuiltInKeywords.getAttribute(com.kms.katalon.core.testobject.ObjectRepository.findTestObject(DispensaryToStore/Page_Store/input_txtprice), "value"): Attribute 'value' of object 'Object Repository/DispensaryToStore/Page_Store/input_txtprice' is: '2040'

2018-05-22 10:56:48 - [MESSAGE][PASSED] - Attribute 'value' of object 'Object Repository/DispensaryToStore/Page_Store/input_txtprice' is: '2040'

2018-05-22 10:56:48 - [TEST_STEP][PASSED] - Statement - out.println("Stock QTY : " + StockQty): null

2018-05-22 10:56:48 - [TEST_STEP][PASSED] - delay: Delayed 2 second(s)

2018-05-22 10:56:50 - [MESSAGE][PASSED] - Delayed 2 second(s)

2018-05-22 10:56:50 - [TEST_STEP][PASSED] - Statement - If (java.lang.String.valueOf(StockQty) >= java.lang.String.valueOf(RequestedQty)): null

2018-05-22 10:56:50 - [TEST_STEP][PASSED] - setText: Text '10' is set on object 'Object Repository/DispensaryToStore/Page_Store/input_txtqty'

2018-05-22 10:56:50 - [MESSAGE][PASSED] - Text '10' is set on object 'Object Repository/DispensaryToStore/Page_Store/input_txtqty'

2018-05-22 10:56:50 - [TEST_STEP][PASSED] - click: Object: 'Object Repository/DispensaryToStore/Page_Store/button_Add' is clicked on

2018-05-22 10:56:55 - [MESSAGE][PASSED] - Object: 'Object Repository/DispensaryToStore/Page_Store/button_Add' is clicked on

2018-05-22 10:56:55 - [TEST_STEP][PASSED] - Statement - Break: null

2018-05-22 10:56:55 - [TEST_STEP][PASSED] - selectOptionByIndex: All options with index in [47] are selected on object 'Object Repository/DispensaryToStore/Page_Store/select_--Select--Adernaline 0.'

2018-05-22 10:56:56 - [MESSAGE][PASSED] - All options with index in [47] are selected on object 'Object Repository/DispensaryToStore/Page_Store/select_--Select--Adernaline 0.'

2018-05-22 10:56:56 - [TEST_STEP][PASSED] - delay: Delayed 2 second(s)

2018-05-22 10:56:58 - [MESSAGE][PASSED] - Delayed 2 second(s)

2018-05-22 10:56:58 - [TEST_STEP][PASSED] - Statement - RequestedQty = com.kms.katalon.core.webui.keyword.WebUiBuiltInKeywords.getAttribute(com.kms.katalon.core.testobject.ObjectRepository.findTestObject(DispensaryToStore/Page_Store/input_txttotal), "value"): Attribute 'value' of object 'Object Repository/DispensaryToStore/Page_Store/input_txttotal' is: '10'

2018-05-22 10:56:58 - [MESSAGE][PASSED] - Attribute 'value' of object 'Object Repository/DispensaryToStore/Page_Store/input_txttotal' is: '10'

2018-05-22 10:56:58 - [TEST_STEP][PASSED] - Statement - out.println("Requested QTY : " + RequestedQty): null

2018-05-22 10:56:58 - [TEST_STEP][PASSED] - Statement - BatchNumber = com.kms.katalon.core.webui.keyword.WebUiBuiltInKeywords.getNumberOfTotalOption(com.kms.katalon.core.testobject.ObjectRepository.findTestObject(DispensaryToStore/Page_Store/select_--Select--BA1170BA2376B)): 4 options of object 'Object Repository/DispensaryToStore/Page_Store/select_--Select--BA1170BA2376B' counted

2018-05-22 10:56:58 - [MESSAGE][PASSED] - 4 options of object 'Object Repository/DispensaryToStore/Page_Store/select_--Select--BA1170BA2376B' counted

2018-05-22 10:56:58 - [TEST_STEP][PASSED] - Statement - For ([g = 1, g <= BatchNumber - 1, (g++)]): null

2018-05-22 10:56:58 - [TEST_STEP][PASSED] - selectOptionByIndex: All options with index in [1] are selected on object 'Object Repository/DispensaryToStore/Page_Store/select_--Select--BA1170BA2376B'

2018-05-22 10:56:58 - [MESSAGE][PASSED] - All options with index in [1] are selected on object 'Object Repository/DispensaryToStore/Page_Store/select_--Select--BA1170BA2376B'

2018-05-22 10:56:58 - [TEST_STEP][PASSED] - Statement - Try: null

2018-05-22 10:56:58 - [TEST_STEP][PASSED] - Statement - StockQty = com.kms.katalon.core.webui.keyword.WebUiBuiltInKeywords.getAttribute(com.kms.katalon.core.testobject.ObjectRepository.findTestObject(DispensaryToStore/Page_Store/input_txtprice), "value"): Attribute 'value' of object 'Object Repository/DispensaryToStore/Page_Store/input_txtprice' is: '100'

2018-05-22 10:56:58 - [MESSAGE][PASSED] - Attribute 'value' of object 'Object Repository/DispensaryToStore/Page_Store/input_txtprice' is: '100'

2018-05-22 10:56:58 - [TEST_STEP][PASSED] - Statement - out.println("Stock QTY : " + StockQty): null

2018-05-22 10:56:58 - [TEST_STEP][PASSED] - delay: Delayed 2 second(s)

2018-05-22 10:57:00 - [MESSAGE][PASSED] - Delayed 2 second(s)

2018-05-22 10:57:00 - [TEST_STEP][PASSED] - Statement - If (java.lang.String.valueOf(StockQty) >= java.lang.String.valueOf(RequestedQty)): null

2018-05-22 10:57:00 - [TEST_STEP][PASSED] - setText: Text '10' is set on object 'Object Repository/DispensaryToStore/Page_Store/input_txtqty'

2018-05-22 10:57:00 - [MESSAGE][PASSED] - Text '10' is set on object 'Object Repository/DispensaryToStore/Page_Store/input_txtqty'

2018-05-22 10:57:00 - [TEST_STEP][PASSED] - click: Object: 'Object Repository/DispensaryToStore/Page_Store/button_Add' is clicked on

2018-05-22 10:57:05 - [MESSAGE][PASSED] - Object: 'Object Repository/DispensaryToStore/Page_Store/button_Add' is clicked on

2018-05-22 10:57:05 - [TEST_STEP][PASSED] - Statement - Break: null

2018-05-22 10:57:05 - [TEST_STEP][PASSED] - selectOptionByIndex: All options with index in [48] are selected on object 'Object Repository/DispensaryToStore/Page_Store/select_--Select--Adernaline 0.'

2018-05-22 10:57:06 - [MESSAGE][PASSED] - All options with index in [48] are selected on object 'Object Repository/DispensaryToStore/Page_Store/select_--Select--Adernaline 0.'

2018-05-22 10:57:06 - [TEST_STEP][PASSED] - delay: Delayed 2 second(s)

2018-05-22 10:57:08 - [MESSAGE][PASSED] - Delayed 2 second(s)

2018-05-22 10:57:08 - [TEST_STEP][PASSED] - Statement - RequestedQty = com.kms.katalon.core.webui.keyword.WebUiBuiltInKeywords.getAttribute(com.kms.katalon.core.testobject.ObjectRepository.findTestObject(DispensaryToStore/Page_Store/input_txttotal), "value"): Attribute 'value' of object 'Object Repository/DispensaryToStore/Page_Store/input_txttotal' is: '10'

2018-05-22 10:57:08 - [MESSAGE][PASSED] - Attribute 'value' of object 'Object Repository/DispensaryToStore/Page_Store/input_txttotal' is: '10'

2018-05-22 10:57:08 - [TEST_STEP][PASSED] - Statement - out.println("Requested QTY : " + RequestedQty): null

2018-05-22 10:57:08 - [TEST_STEP][PASSED] - Statement - BatchNumber = com.kms.katalon.core.webui.keyword.WebUiBuiltInKeywords.getNumberOfTotalOption(com.kms.katalon.core.testobject.ObjectRepository.findTestObject(DispensaryToStore/Page_Store/select_--Select--BA1170BA2376B)): 3 options of object 'Object Repository/DispensaryToStore/Page_Store/select_--Select--BA1170BA2376B' counted

2018-05-22 10:57:08 - [MESSAGE][PASSED] - 3 options of object 'Object Repository/DispensaryToStore/Page_Store/select_--Select--BA1170BA2376B' counted

2018-05-22 10:57:08 - [TEST_STEP][PASSED] - Statement - For ([g = 1, g <= BatchNumber - 1, (g++)]): null

2018-05-22 10:57:08 - [TEST_STEP][PASSED] - selectOptionByIndex: All options with index in [1] are selected on object 'Object Repository/DispensaryToStore/Page_Store/select_--Select--BA1170BA2376B'

2018-05-22 10:57:08 - [MESSAGE][PASSED] - All options with index in [1] are selected on object 'Object Repository/DispensaryToStore/Page_Store/select_--Select--BA1170BA2376B'

2018-05-22 10:57:08 - [TEST_STEP][PASSED] - Statement - Try: null

2018-05-22 10:57:08 - [TEST_STEP][PASSED] - Statement - StockQty = com.kms.katalon.core.webui.keyword.WebUiBuiltInKeywords.getAttribute(com.kms.katalon.core.testobject.ObjectRepository.findTestObject(DispensaryToStore/Page_Store/input_txtprice), "value"): Attribute 'value' of object 'Object Repository/DispensaryToStore/Page_Store/input_txtprice' is: '1140'

2018-05-22 10:57:08 - [MESSAGE][PASSED] - Attribute 'value' of object 'Object Repository/DispensaryToStore/Page_Store/input_txtprice' is: '1140'

2018-05-22 10:57:08 - [TEST_STEP][PASSED] - Statement - out.println("Stock QTY : " + StockQty): null

2018-05-22 10:57:08 - [TEST_STEP][PASSED] - delay: Delayed 2 second(s)

2018-05-22 10:57:10 - [MESSAGE][PASSED] - Delayed 2 second(s)

2018-05-22 10:57:10 - [TEST_STEP][PASSED] - Statement - If (java.lang.String.valueOf(StockQty) >= java.lang.String.valueOf(RequestedQty)): null

2018-05-22 10:57:10 - [TEST_STEP][PASSED] - setText: Text '10' is set on object 'Object Repository/DispensaryToStore/Page_Store/input_txtqty'

2018-05-22 10:57:10 - [MESSAGE][PASSED] - Text '10' is set on object 'Object Repository/DispensaryToStore/Page_Store/input_txtqty'

2018-05-22 10:57:10 - [TEST_STEP][PASSED] - click: Object: 'Object Repository/DispensaryToStore/Page_Store/button_Add' is clicked on

2018-05-22 10:57:15 - [MESSAGE][PASSED] - Object: 'Object Repository/DispensaryToStore/Page_Store/button_Add' is clicked on

2018-05-22 10:57:15 - [TEST_STEP][PASSED] - Statement - Break: null

2018-05-22 10:57:15 - [TEST_STEP][PASSED] - selectOptionByIndex: All options with index in [49] are selected on object 'Object Repository/DispensaryToStore/Page_Store/select_--Select--Adernaline 0.'

2018-05-22 10:57:16 - [MESSAGE][PASSED] - All options with index in [49] are selected on object 'Object Repository/DispensaryToStore/Page_Store/select_--Select--Adernaline 0.'

2018-05-22 10:57:16 - [TEST_STEP][PASSED] - delay: Delayed 2 second(s)

2018-05-22 10:57:18 - [MESSAGE][PASSED] - Delayed 2 second(s)

2018-05-22 10:57:18 - [TEST_STEP][PASSED] - Statement - RequestedQty = com.kms.katalon.core.webui.keyword.WebUiBuiltInKeywords.getAttribute(com.kms.katalon.core.testobject.ObjectRepository.findTestObject(DispensaryToStore/Page_Store/input_txttotal), "value"): Attribute 'value' of object 'Object Repository/DispensaryToStore/Page_Store/input_txttotal' is: '10'

2018-05-22 10:57:18 - [MESSAGE][PASSED] - Attribute 'value' of object 'Object Repository/DispensaryToStore/Page_Store/input_txttotal' is: '10'

2018-05-22 10:57:18 - [TEST_STEP][PASSED] - Statement - out.println("Requested QTY : " + RequestedQty): null

2018-05-22 10:57:18 - [TEST_STEP][PASSED] - Statement - BatchNumber = com.kms.katalon.core.webui.keyword.WebUiBuiltInKeywords.getNumberOfTotalOption(com.kms.katalon.core.testobject.ObjectRepository.findTestObject(DispensaryToStore/Page_Store/select_--Select--BA1170BA2376B)): 2 options of object 'Object Repository/DispensaryToStore/Page_Store/select_--Select--BA1170BA2376B' counted

2018-05-22 10:57:18 - [MESSAGE][PASSED] - 2 options of object 'Object Repository/DispensaryToStore/Page_Store/select_--Select--BA1170BA2376B' counted

2018-05-22 10:57:18 - [TEST_STEP][PASSED] - Statement - For ([g = 1, g <= BatchNumber - 1, (g++)]): null

2018-05-22 10:57:18 - [TEST_STEP][PASSED] - selectOptionByIndex: All options with index in [1] are selected on object 'Object Repository/DispensaryToStore/Page_Store/select_--Select--BA1170BA2376B'

2018-05-22 10:57:18 - [MESSAGE][PASSED] - All options with index in [1] are selected on object 'Object Repository/DispensaryToStore/Page_Store/select_--Select--BA1170BA2376B'

2018-05-22 10:57:18 - [TEST_STEP][PASSED] - Statement - Try: null

2018-05-22 10:57:18 - [TEST_STEP][PASSED] - Statement - StockQty = com.kms.katalon.core.webui.keyword.WebUiBuiltInKeywords.getAttribute(com.kms.katalon.core.testobject.ObjectRepository.findTestObject(DispensaryToStore/Page_Store/input_txtprice), "value"): Attribute 'value' of object 'Object Repository/DispensaryToStore/Page_Store/input_txtprice' is: '2140'

2018-05-22 10:57:18 - [MESSAGE][PASSED] - Attribute 'value' of object 'Object Repository/DispensaryToStore/Page_Store/input_txtprice' is: '2140'

2018-05-22 10:57:18 - [TEST_STEP][PASSED] - Statement - out.println("Stock QTY : " + StockQty): null

2018-05-22 10:57:18 - [TEST_STEP][PASSED] - delay: Delayed 2 second(s)

2018-05-22 10:57:20 - [MESSAGE][PASSED] - Delayed 2 second(s)

2018-05-22 10:57:20 - [TEST_STEP][PASSED] - Statement - If (java.lang.String.valueOf(StockQty) >= java.lang.String.valueOf(RequestedQty)): null

2018-05-22 10:57:20 - [TEST_STEP][PASSED] - setText: Text '10' is set on object 'Object Repository/DispensaryToStore/Page_Store/input_txtqty'

2018-05-22 10:57:20 - [MESSAGE][PASSED] - Text '10' is set on object 'Object Repository/DispensaryToStore/Page_Store/input_txtqty'

2018-05-22 10:57:20 - [TEST_STEP][PASSED] - click: Object: 'Object Repository/DispensaryToStore/Page_Store/button_Add' is clicked on

2018-05-22 10:57:26 - [MESSAGE][PASSED] - Object: 'Object Repository/DispensaryToStore/Page_Store/button_Add' is clicked on

2018-05-22 10:57:26 - [TEST_STEP][PASSED] - Statement - Break: null

2018-05-22 10:57:26 - [TEST_STEP][PASSED] - selectOptionByIndex: All options with index in [50] are selected on object 'Object Repository/DispensaryToStore/Page_Store/select_--Select--Adernaline 0.'

2018-05-22 10:57:26 - [MESSAGE][PASSED] - All options with index in [50] are selected on object 'Object Repository/DispensaryToStore/Page_Store/select_--Select--Adernaline 0.'

2018-05-22 10:57:26 - [TEST_STEP][PASSED] - delay: Delayed 2 second(s)

2018-05-22 10:57:28 - [MESSAGE][PASSED] - Delayed 2 second(s)

2018-05-22 10:57:28 - [TEST_STEP][PASSED] - Statement - RequestedQty = com.kms.katalon.core.webui.keyword.WebUiBuiltInKeywords.getAttribute(com.kms.katalon.core.testobject.ObjectRepository.findTestObject(DispensaryToStore/Page_Store/input_txttotal), "value"): Attribute 'value' of object 'Object Repository/DispensaryToStore/Page_Store/input_txttotal' is: '10'

2018-05-22 10:57:28 - [MESSAGE][PASSED] - Attribute 'value' of object 'Object Repository/DispensaryToStore/Page_Store/input_txttotal' is: '10'

2018-05-22 10:57:28 - [TEST_STEP][PASSED] - Statement - out.println("Requested QTY : " + RequestedQty): null

2018-05-22 10:57:28 - [TEST_STEP][PASSED] - Statement - BatchNumber = com.kms.katalon.core.webui.keyword.WebUiBuiltInKeywords.getNumberOfTotalOption(com.kms.katalon.core.testobject.ObjectRepository.findTestObject(DispensaryToStore/Page_Store/select_--Select--BA1170BA2376B)): 4 options of object 'Object Repository/DispensaryToStore/Page_Store/select_--Select--BA1170BA2376B' counted

2018-05-22 10:57:28 - [MESSAGE][PASSED] - 4 options of object 'Object Repository/DispensaryToStore/Page_Store/select_--Select--BA1170BA2376B' counted

2018-05-22 10:57:28 - [TEST_STEP][PASSED] - Statement - For ([g = 1, g <= BatchNumber - 1, (g++)]): null

2018-05-22 10:57:28 - [TEST_STEP][PASSED] - selectOptionByIndex: All options with index in [1] are selected on object 'Object Repository/DispensaryToStore/Page_Store/select_--Select--BA1170BA2376B'

2018-05-22 10:57:29 - [MESSAGE][PASSED] - All options with index in [1] are selected on object 'Object Repository/DispensaryToStore/Page_Store/select_--Select--BA1170BA2376B'

2018-05-22 10:57:29 - [TEST_STEP][PASSED] - Statement - Try: null

2018-05-22 10:57:29 - [TEST_STEP][PASSED] - Statement - StockQty = com.kms.katalon.core.webui.keyword.WebUiBuiltInKeywords.getAttribute(com.kms.katalon.core.testobject.ObjectRepository.findTestObject(DispensaryToStore/Page_Store/input_txtprice), "value"): Attribute 'value' of object 'Object Repository/DispensaryToStore/Page_Store/input_txtprice' is: '100'

2018-05-22 10:57:29 - [MESSAGE][PASSED] - Attribute 'value' of object 'Object Repository/DispensaryToStore/Page_Store/input_txtprice' is: '100'

2018-05-22 10:57:29 - [TEST_STEP][PASSED] - Statement - out.println("Stock QTY : " + StockQty): null

2018-05-22 10:57:29 - [TEST_STEP][PASSED] - delay: Delayed 2 second(s)

2018-05-22 10:57:31 - [MESSAGE][PASSED] - Delayed 2 second(s)

2018-05-22 10:57:31 - [TEST_STEP][PASSED] - Statement - If (java.lang.String.valueOf(StockQty) >= java.lang.String.valueOf(RequestedQty)): null

2018-05-22 10:57:31 - [TEST_STEP][PASSED] - setText: Text '10' is set on object 'Object Repository/DispensaryToStore/Page_Store/input_txtqty'

2018-05-22 10:57:31 - [MESSAGE][PASSED] - Text '10' is set on object 'Object Repository/DispensaryToStore/Page_Store/input_txtqty'

2018-05-22 10:57:31 - [TEST_STEP][PASSED] - click: Object: 'Object Repository/DispensaryToStore/Page_Store/button_Add' is clicked on

2018-05-22 10:57:36 - [MESSAGE][PASSED] - Object: 'Object Repository/DispensaryToStore/Page_Store/button_Add' is clicked on

2018-05-22 10:57:36 - [TEST_STEP][PASSED] - Statement - Break: null

2018-05-22 10:57:36 - [TEST_STEP][PASSED] - selectOptionByIndex: All options with index in [51] are selected on object 'Object Repository/DispensaryToStore/Page_Store/select_--Select--Adernaline 0.'

2018-05-22 10:57:37 - [MESSAGE][PASSED] - All options with index in [51] are selected on object 'Object Repository/DispensaryToStore/Page_Store/select_--Select--Adernaline 0.'

2018-05-22 10:57:37 - [TEST_STEP][PASSED] - delay: Delayed 2 second(s)

2018-05-22 10:57:39 - [MESSAGE][PASSED] - Delayed 2 second(s)

2018-05-22 10:57:39 - [TEST_STEP][PASSED] - Statement - RequestedQty = com.kms.katalon.core.webui.keyword.WebUiBuiltInKeywords.getAttribute(com.kms.katalon.core.testobject.ObjectRepository.findTestObject(DispensaryToStore/Page_Store/input_txttotal), "value"): Attribute 'value' of object 'Object Repository/DispensaryToStore/Page_Store/input_txttotal' is: '10'

2018-05-22 10:57:39 - [MESSAGE][PASSED] - Attribute 'value' of object 'Object Repository/DispensaryToStore/Page_Store/input_txttotal' is: '10'

2018-05-22 10:57:39 - [TEST_STEP][PASSED] - Statement - out.println("Requested QTY : " + RequestedQty): null

2018-05-22 10:57:39 - [TEST_STEP][PASSED] - Statement - BatchNumber = com.kms.katalon.core.webui.keyword.WebUiBuiltInKeywords.getNumberOfTotalOption(com.kms.katalon.core.testobject.ObjectRepository.findTestObject(DispensaryToStore/Page_Store/select_--Select--BA1170BA2376B)): 3 options of object 'Object Repository/DispensaryToStore/Page_Store/select_--Select--BA1170BA2376B' counted

2018-05-22 10:57:39 - [MESSAGE][PASSED] - 3 options of object 'Object Repository/DispensaryToStore/Page_Store/select_--Select--BA1170BA2376B' counted

2018-05-22 10:57:39 - [TEST_STEP][PASSED] - Statement - For ([g = 1, g <= BatchNumber - 1, (g++)]): null

2018-05-22 10:57:39 - [TEST_STEP][PASSED] - selectOptionByIndex: All options with index in [1] are selected on object 'Object Repository/DispensaryToStore/Page_Store/select_--Select--BA1170BA2376B'

2018-05-22 10:57:39 - [MESSAGE][PASSED] - All options with index in [1] are selected on object 'Object Repository/DispensaryToStore/Page_Store/select_--Select--BA1170BA2376B'

2018-05-22 10:57:39 - [TEST_STEP][PASSED] - Statement - Try: null

2018-05-22 10:57:39 - [TEST_STEP][PASSED] - Statement - StockQty = com.kms.katalon.core.webui.keyword.WebUiBuiltInKeywords.getAttribute(com.kms.katalon.core.testobject.ObjectRepository.findTestObject(DispensaryToStore/Page_Store/input_txtprice), "value"): Attribute 'value' of object 'Object Repository/DispensaryToStore/Page_Store/input_txtprice' is: '1040'

2018-05-22 10:57:39 - [MESSAGE][PASSED] - Attribute 'value' of object 'Object Repository/DispensaryToStore/Page_Store/input_txtprice' is: '1040'

2018-05-22 10:57:39 - [TEST_STEP][PASSED] - Statement - out.println("Stock QTY : " + StockQty): null

2018-05-22 10:57:39 - [TEST_STEP][PASSED] - delay: Delayed 2 second(s)

2018-05-22 10:57:41 - [MESSAGE][PASSED] - Delayed 2 second(s)

2018-05-22 10:57:41 - [TEST_STEP][PASSED] - Statement - If (java.lang.String.valueOf(StockQty) >= java.lang.String.valueOf(RequestedQty)): null

2018-05-22 10:57:41 - [TEST_STEP][PASSED] - setText: Text '10' is set on object 'Object Repository/DispensaryToStore/Page_Store/input_txtqty'

2018-05-22 10:57:41 - [MESSAGE][PASSED] - Text '10' is set on object 'Object Repository/DispensaryToStore/Page_Store/input_txtqty'

2018-05-22 10:57:41 - [TEST_STEP][PASSED] - click: Object: 'Object Repository/DispensaryToStore/Page_Store/button_Add' is clicked on

2018-05-22 10:57:46 - [MESSAGE][PASSED] - Object: 'Object Repository/DispensaryToStore/Page_Store/button_Add' is clicked on

2018-05-22 10:57:46 - [TEST_STEP][PASSED] - Statement - Break: null

2018-05-22 10:57:46 - [TEST_STEP][PASSED] - selectOptionByIndex: All options with index in [52] are selected on object 'Object Repository/DispensaryToStore/Page_Store/select_--Select--Adernaline 0.'

2018-05-22 10:57:47 - [MESSAGE][PASSED] - All options with index in [52] are selected on object 'Object Repository/DispensaryToStore/Page_Store/select_--Select--Adernaline 0.'

2018-05-22 10:57:47 - [TEST_STEP][PASSED] - delay: Delayed 2 second(s)

2018-05-22 10:57:49 - [MESSAGE][PASSED] - Delayed 2 second(s)

2018-05-22 10:57:49 - [TEST_STEP][PASSED] - Statement - RequestedQty = com.kms.katalon.core.webui.keyword.WebUiBuiltInKeywords.getAttribute(com.kms.katalon.core.testobject.ObjectRepository.findTestObject(DispensaryToStore/Page_Store/input_txttotal), "value"): Attribute 'value' of object 'Object Repository/DispensaryToStore/Page_Store/input_txttotal' is: '10'

2018-05-22 10:57:49 - [MESSAGE][PASSED] - Attribute 'value' of object 'Object Repository/DispensaryToStore/Page_Store/input_txttotal' is: '10'

2018-05-22 10:57:49 - [TEST_STEP][PASSED] - Statement - out.println("Requested QTY : " + RequestedQty): null

2018-05-22 10:57:49 - [TEST_STEP][PASSED] - Statement - BatchNumber = com.kms.katalon.core.webui.keyword.WebUiBuiltInKeywords.getNumberOfTotalOption(com.kms.katalon.core.testobject.ObjectRepository.findTestObject(DispensaryToStore/Page_Store/select_--Select--BA1170BA2376B)): 2 options of object 'Object Repository/DispensaryToStore/Page_Store/select_--Select--BA1170BA2376B' counted

2018-05-22 10:57:49 - [MESSAGE][PASSED] - 2 options of object 'Object Repository/DispensaryToStore/Page_Store/select_--Select--BA1170BA2376B' counted

2018-05-22 10:57:49 - [TEST_STEP][PASSED] - Statement - For ([g = 1, g <= BatchNumber - 1, (g++)]): null

2018-05-22 10:57:49 - [TEST_STEP][PASSED] - selectOptionByIndex: All options with index in [1] are selected on object 'Object Repository/DispensaryToStore/Page_Store/select_--Select--BA1170BA2376B'

2018-05-22 10:57:49 - [MESSAGE][PASSED] - All options with index in [1] are selected on object 'Object Repository/DispensaryToStore/Page_Store/select_--Select--BA1170BA2376B'

2018-05-22 10:57:49 - [TEST_STEP][PASSED] - Statement - Try: null

2018-05-22 10:57:49 - [TEST_STEP][PASSED] - Statement - StockQty = com.kms.katalon.core.webui.keyword.WebUiBuiltInKeywords.getAttribute(com.kms.katalon.core.testobject.ObjectRepository.findTestObject(DispensaryToStore/Page_Store/input_txtprice), "value"): Attribute 'value' of object 'Object Repository/DispensaryToStore/Page_Store/input_txtprice' is: '2140'

2018-05-22 10:57:49 - [MESSAGE][PASSED] - Attribute 'value' of object 'Object Repository/DispensaryToStore/Page_Store/input_txtprice' is: '2140'

2018-05-22 10:57:49 - [TEST_STEP][PASSED] - Statement - out.println("Stock QTY : " + StockQty): null

2018-05-22 10:57:49 - [TEST_STEP][PASSED] - delay: Delayed 2 second(s)

2018-05-22 10:57:51 - [MESSAGE][PASSED] - Delayed 2 second(s)

2018-05-22 10:57:51 - [TEST_STEP][PASSED] - Statement - If (java.lang.String.valueOf(StockQty) >= java.lang.String.valueOf(RequestedQty)): null

2018-05-22 10:57:51 - [TEST_STEP][PASSED] - setText: Text '10' is set on object 'Object Repository/DispensaryToStore/Page_Store/input_txtqty'

2018-05-22 10:57:51 - [MESSAGE][PASSED] - Text '10' is set on object 'Object Repository/DispensaryToStore/Page_Store/input_txtqty'

2018-05-22 10:57:51 - [TEST_STEP][PASSED] - click: Object: 'Object Repository/DispensaryToStore/Page_Store/button_Add' is clicked on

2018-05-22 10:57:57 - [MESSAGE][PASSED] - Object: 'Object Repository/DispensaryToStore/Page_Store/button_Add' is clicked on

2018-05-22 10:57:57 - [TEST_STEP][PASSED] - Statement - Break: null

2018-05-22 10:57:57 - [TEST_STEP][PASSED] - selectOptionByIndex: All options with index in [53] are selected on object 'Object Repository/DispensaryToStore/Page_Store/select_--Select--Adernaline 0.'

2018-05-22 10:57:57 - [MESSAGE][PASSED] - All options with index in [53] are selected on object 'Object Repository/DispensaryToStore/Page_Store/select_--Select--Adernaline 0.'

2018-05-22 10:57:57 - [TEST_STEP][PASSED] - delay: Delayed 2 second(s)

2018-05-22 10:57:59 - [MESSAGE][PASSED] - Delayed 2 second(s)

2018-05-22 10:57:59 - [TEST_STEP][PASSED] - Statement - RequestedQty = com.kms.katalon.core.webui.keyword.WebUiBuiltInKeywords.getAttribute(com.kms.katalon.core.testobject.ObjectRepository.findTestObject(DispensaryToStore/Page_Store/input_txttotal), "value"): Attribute 'value' of object 'Object Repository/DispensaryToStore/Page_Store/input_txttotal' is: '10'

2018-05-22 10:57:59 - [MESSAGE][PASSED] - Attribute 'value' of object 'Object Repository/DispensaryToStore/Page_Store/input_txttotal' is: '10'

2018-05-22 10:57:59 - [TEST_STEP][PASSED] - Statement - out.println("Requested QTY : " + RequestedQty): null

2018-05-22 10:57:59 - [TEST_STEP][PASSED] - Statement - BatchNumber = com.kms.katalon.core.webui.keyword.WebUiBuiltInKeywords.getNumberOfTotalOption(com.kms.katalon.core.testobject.ObjectRepository.findTestObject(DispensaryToStore/Page_Store/select_--Select--BA1170BA2376B)): 3 options of object 'Object Repository/DispensaryToStore/Page_Store/select_--Select--BA1170BA2376B' counted

2018-05-22 10:57:59 - [MESSAGE][PASSED] - 3 options of object 'Object Repository/DispensaryToStore/Page_Store/select_--Select--BA1170BA2376B' counted

2018-05-22 10:57:59 - [TEST_STEP][PASSED] - Statement - For ([g = 1, g <= BatchNumber - 1, (g++)]): null

2018-05-22 10:57:59 - [TEST_STEP][PASSED] - selectOptionByIndex: All options with index in [1] are selected on object 'Object Repository/DispensaryToStore/Page_Store/select_--Select--BA1170BA2376B'

2018-05-22 10:58:00 - [MESSAGE][PASSED] - All options with index in [1] are selected on object 'Object Repository/DispensaryToStore/Page_Store/select_--Select--BA1170BA2376B'

2018-05-22 10:58:00 - [TEST_STEP][PASSED] - Statement - Try: null

2018-05-22 10:58:00 - [TEST_STEP][PASSED] - Statement - StockQty = com.kms.katalon.core.webui.keyword.WebUiBuiltInKeywords.getAttribute(com.kms.katalon.core.testobject.ObjectRepository.findTestObject(DispensaryToStore/Page_Store/input_txtprice), "value"): Attribute 'value' of object 'Object Repository/DispensaryToStore/Page_Store/input_txtprice' is: '1040'

2018-05-22 10:58:00 - [MESSAGE][PASSED] - Attribute 'value' of object 'Object Repository/DispensaryToStore/Page_Store/input_txtprice' is: '1040'

2018-05-22 10:58:00 - [TEST_STEP][PASSED] - Statement - out.println("Stock QTY : " + StockQty): null

2018-05-22 10:58:00 - [TEST_STEP][PASSED] - delay: Delayed 2 second(s)

2018-05-22 10:58:02 - [MESSAGE][PASSED] - Delayed 2 second(s)

2018-05-22 10:58:02 - [TEST_STEP][PASSED] - Statement - If (java.lang.String.valueOf(StockQty) >= java.lang.String.valueOf(RequestedQty)): null

2018-05-22 10:58:02 - [TEST_STEP][PASSED] - setText: Text '10' is set on object 'Object Repository/DispensaryToStore/Page_Store/input_txtqty'

2018-05-22 10:58:02 - [MESSAGE][PASSED] - Text '10' is set on object 'Object Repository/DispensaryToStore/Page_Store/input_txtqty'

2018-05-22 10:58:02 - [TEST_STEP][PASSED] - click: Object: 'Object Repository/DispensaryToStore/Page_Store/button_Add' is clicked on

2018-05-22 10:58:07 - [MESSAGE][PASSED] - Object: 'Object Repository/DispensaryToStore/Page_Store/button_Add' is clicked on

2018-05-22 10:58:07 - [TEST_STEP][PASSED] - Statement - Break: null

2018-05-22 10:58:07 - [TEST_STEP][PASSED] - selectOptionByIndex: All options with index in [54] are selected on object 'Object Repository/DispensaryToStore/Page_Store/select_--Select--Adernaline 0.'

2018-05-22 10:58:08 - [MESSAGE][PASSED] - All options with index in [54] are selected on object 'Object Repository/DispensaryToStore/Page_Store/select_--Select--Adernaline 0.'

2018-05-22 10:58:08 - [TEST_STEP][PASSED] - delay: Delayed 2 second(s)

2018-05-22 10:58:10 - [MESSAGE][PASSED] - Delayed 2 second(s)

2018-05-22 10:58:10 - [TEST_STEP][PASSED] - Statement - RequestedQty = com.kms.katalon.core.webui.keyword.WebUiBuiltInKeywords.getAttribute(com.kms.katalon.core.testobject.ObjectRepository.findTestObject(DispensaryToStore/Page_Store/input_txttotal), "value"): Attribute 'value' of object 'Object Repository/DispensaryToStore/Page_Store/input_txttotal' is: '10'

2018-05-22 10:58:10 - [MESSAGE][PASSED] - Attribute 'value' of object 'Object Repository/DispensaryToStore/Page_Store/input_txttotal' is: '10'

2018-05-22 10:58:10 - [TEST_STEP][PASSED] - Statement - out.println("Requested QTY : " + RequestedQty): null

2018-05-22 10:58:10 - [TEST_STEP][PASSED] - Statement - BatchNumber = com.kms.katalon.core.webui.keyword.WebUiBuiltInKeywords.getNumberOfTotalOption(com.kms.katalon.core.testobject.ObjectRepository.findTestObject(DispensaryToStore/Page_Store/select_--Select--BA1170BA2376B)): 3 options of object 'Object Repository/DispensaryToStore/Page_Store/select_--Select--BA1170BA2376B' counted

2018-05-22 10:58:10 - [MESSAGE][PASSED] - 3 options of object 'Object Repository/DispensaryToStore/Page_Store/select_--Select--BA1170BA2376B' counted

2018-05-22 10:58:10 - [TEST_STEP][PASSED] - Statement - For ([g = 1, g <= BatchNumber - 1, (g++)]): null

2018-05-22 10:58:10 - [TEST_STEP][PASSED] - selectOptionByIndex: All options with index in [1] are selected on object 'Object Repository/DispensaryToStore/Page_Store/select_--Select--BA1170BA2376B'

2018-05-22 10:58:10 - [MESSAGE][PASSED] - All options with index in [1] are selected on object 'Object Repository/DispensaryToStore/Page_Store/select_--Select--BA1170BA2376B'

2018-05-22 10:58:10 - [TEST_STEP][PASSED] - Statement - Try: null

2018-05-22 10:58:10 - [TEST_STEP][PASSED] - Statement - StockQty = com.kms.katalon.core.webui.keyword.WebUiBuiltInKeywords.getAttribute(com.kms.katalon.core.testobject.ObjectRepository.findTestObject(DispensaryToStore/Page_Store/input_txtprice), "value"): Attribute 'value' of object 'Object Repository/DispensaryToStore/Page_Store/input_txtprice' is: '100'

2018-05-22 10:58:10 - [MESSAGE][PASSED] - Attribute 'value' of object 'Object Repository/DispensaryToStore/Page_Store/input_txtprice' is: '100'

2018-05-22 10:58:10 - [TEST_STEP][PASSED] - Statement - out.println("Stock QTY : " + StockQty): null

2018-05-22 10:58:10 - [TEST_STEP][PASSED] - delay: Delayed 2 second(s)

2018-05-22 10:58:12 - [MESSAGE][PASSED] - Delayed 2 second(s)

2018-05-22 10:58:12 - [TEST_STEP][PASSED] - Statement - If (java.lang.String.valueOf(StockQty) >= java.lang.String.valueOf(RequestedQty)): null

2018-05-22 10:58:12 - [TEST_STEP][PASSED] - setText: Text '10' is set on object 'Object Repository/DispensaryToStore/Page_Store/input_txtqty'

2018-05-22 10:58:12 - [MESSAGE][PASSED] - Text '10' is set on object 'Object Repository/DispensaryToStore/Page_Store/input_txtqty'

2018-05-22 10:58:12 - [TEST_STEP][PASSED] - click: Object: 'Object Repository/DispensaryToStore/Page_Store/button_Add' is clicked on

2018-05-22 10:58:17 - [MESSAGE][PASSED] - Object: 'Object Repository/DispensaryToStore/Page_Store/button_Add' is clicked on

2018-05-22 10:58:17 - [TEST_STEP][PASSED] - Statement - Break: null

2018-05-22 10:58:17 - [TEST_STEP][PASSED] - selectOptionByIndex: All options with index in [55] are selected on object 'Object Repository/DispensaryToStore/Page_Store/select_--Select--Adernaline 0.'

2018-05-22 10:58:18 - [MESSAGE][PASSED] - All options with index in [55] are selected on object 'Object Repository/DispensaryToStore/Page_Store/select_--Select--Adernaline 0.'

2018-05-22 10:58:18 - [TEST_STEP][PASSED] - delay: Delayed 2 second(s)

2018-05-22 10:58:20 - [MESSAGE][PASSED] - Delayed 2 second(s)

2018-05-22 10:58:20 - [TEST_STEP][PASSED] - Statement - RequestedQty = com.kms.katalon.core.webui.keyword.WebUiBuiltInKeywords.getAttribute(com.kms.katalon.core.testobject.ObjectRepository.findTestObject(DispensaryToStore/Page_Store/input_txttotal), "value"): Attribute 'value' of object 'Object Repository/DispensaryToStore/Page_Store/input_txttotal' is: '10'

2018-05-22 10:58:20 - [MESSAGE][PASSED] - Attribute 'value' of object 'Object Repository/DispensaryToStore/Page_Store/input_txttotal' is: '10'

2018-05-22 10:58:20 - [TEST_STEP][PASSED] - Statement - out.println("Requested QTY : " + RequestedQty): null

2018-05-22 10:58:20 - [TEST_STEP][PASSED] - Statement - BatchNumber = com.kms.katalon.core.webui.keyword.WebUiBuiltInKeywords.getNumberOfTotalOption(com.kms.katalon.core.testobject.ObjectRepository.findTestObject(DispensaryToStore/Page_Store/select_--Select--BA1170BA2376B)): 3 options of object 'Object Repository/DispensaryToStore/Page_Store/select_--Select--BA1170BA2376B' counted

2018-05-22 10:58:20 - [MESSAGE][PASSED] - 3 options of object 'Object Repository/DispensaryToStore/Page_Store/select_--Select--BA1170BA2376B' counted

2018-05-22 10:58:20 - [TEST_STEP][PASSED] - Statement - For ([g = 1, g <= BatchNumber - 1, (g++)]): null

2018-05-22 10:58:20 - [TEST_STEP][PASSED] - selectOptionByIndex: All options with index in [1] are selected on object 'Object Repository/DispensaryToStore/Page_Store/select_--Select--BA1170BA2376B'

2018-05-22 10:58:20 - [MESSAGE][PASSED] - All options with index in [1] are selected on object 'Object Repository/DispensaryToStore/Page_Store/select_--Select--BA1170BA2376B'

2018-05-22 10:58:20 - [TEST_STEP][PASSED] - Statement - Try: null

2018-05-22 10:58:20 - [TEST_STEP][PASSED] - Statement - StockQty = com.kms.katalon.core.webui.keyword.WebUiBuiltInKeywords.getAttribute(com.kms.katalon.core.testobject.ObjectRepository.findTestObject(DispensaryToStore/Page_Store/input_txtprice), "value"): Attribute 'value' of object 'Object Repository/DispensaryToStore/Page_Store/input_txtprice' is: '1040'

2018-05-22 10:58:20 - [MESSAGE][PASSED] - Attribute 'value' of object 'Object Repository/DispensaryToStore/Page_Store/input_txtprice' is: '1040'

2018-05-22 10:58:20 - [TEST_STEP][PASSED] - Statement - out.println("Stock QTY : " + StockQty): null

2018-05-22 10:58:20 - [TEST_STEP][PASSED] - delay: Delayed 2 second(s)

2018-05-22 10:58:22 - [MESSAGE][PASSED] - Delayed 2 second(s)

2018-05-22 10:58:22 - [TEST_STEP][PASSED] - Statement - If (java.lang.String.valueOf(StockQty) >= java.lang.String.valueOf(RequestedQty)): null

2018-05-22 10:58:22 - [TEST_STEP][PASSED] - setText: Text '10' is set on object 'Object Repository/DispensaryToStore/Page_Store/input_txtqty'

2018-05-22 10:58:22 - [MESSAGE][PASSED] - Text '10' is set on object 'Object Repository/DispensaryToStore/Page_Store/input_txtqty'

2018-05-22 10:58:22 - [TEST_STEP][PASSED] - click: Object: 'Object Repository/DispensaryToStore/Page_Store/button_Add' is clicked on

2018-05-22 10:58:27 - [MESSAGE][PASSED] - Object: 'Object Repository/DispensaryToStore/Page_Store/button_Add' is clicked on

2018-05-22 10:58:27 - [TEST_STEP][PASSED] - Statement - Break: null

2018-05-22 10:58:27 - [TEST_STEP][PASSED] - selectOptionByIndex: All options with index in [56] are selected on object 'Object Repository/DispensaryToStore/Page_Store/select_--Select--Adernaline 0.'

2018-05-22 10:58:28 - [MESSAGE][PASSED] - All options with index in [56] are selected on object 'Object Repository/DispensaryToStore/Page_Store/select_--Select--Adernaline 0.'

2018-05-22 10:58:28 - [TEST_STEP][PASSED] - delay: Delayed 2 second(s)

2018-05-22 10:58:30 - [MESSAGE][PASSED] - Delayed 2 second(s)

2018-05-22 10:58:30 - [TEST_STEP][PASSED] - Statement - RequestedQty = com.kms.katalon.core.webui.keyword.WebUiBuiltInKeywords.getAttribute(com.kms.katalon.core.testobject.ObjectRepository.findTestObject(DispensaryToStore/Page_Store/input_txttotal), "value"): Attribute 'value' of object 'Object Repository/DispensaryToStore/Page_Store/input_txttotal' is: '10'

2018-05-22 10:58:30 - [MESSAGE][PASSED] - Attribute 'value' of object 'Object Repository/DispensaryToStore/Page_Store/input_txttotal' is: '10'

2018-05-22 10:58:30 - [TEST_STEP][PASSED] - Statement - out.println("Requested QTY : " + RequestedQty): null

2018-05-22 10:58:30 - [TEST_STEP][PASSED] - Statement - BatchNumber = com.kms.katalon.core.webui.keyword.WebUiBuiltInKeywords.getNumberOfTotalOption(com.kms.katalon.core.testobject.ObjectRepository.findTestObject(DispensaryToStore/Page_Store/select_--Select--BA1170BA2376B)): 4 options of object 'Object Repository/DispensaryToStore/Page_Store/select_--Select--BA1170BA2376B' counted

2018-05-22 10:58:30 - [MESSAGE][PASSED] - 4 options of object 'Object Repository/DispensaryToStore/Page_Store/select_--Select--BA1170BA2376B' counted

2018-05-22 10:58:30 - [TEST_STEP][PASSED] - Statement - For ([g = 1, g <= BatchNumber - 1, (g++)]): null

2018-05-22 10:58:30 - [TEST_STEP][PASSED] - selectOptionByIndex: All options with index in [1] are selected on object 'Object Repository/DispensaryToStore/Page_Store/select_--Select--BA1170BA2376B'

2018-05-22 10:58:30 - [MESSAGE][PASSED] - All options with index in [1] are selected on object 'Object Repository/DispensaryToStore/Page_Store/select_--Select--BA1170BA2376B'

2018-05-22 10:58:30 - [TEST_STEP][PASSED] - Statement - Try: null

2018-05-22 10:58:30 - [TEST_STEP][PASSED] - Statement - StockQty = com.kms.katalon.core.webui.keyword.WebUiBuiltInKeywords.getAttribute(com.kms.katalon.core.testobject.ObjectRepository.findTestObject(DispensaryToStore/Page_Store/input_txtprice), "value"): Attribute 'value' of object 'Object Repository/DispensaryToStore/Page_Store/input_txtprice' is: '100'

2018-05-22 10:58:30 - [MESSAGE][PASSED] - Attribute 'value' of object 'Object Repository/DispensaryToStore/Page_Store/input_txtprice' is: '100'

2018-05-22 10:58:30 - [TEST_STEP][PASSED] - Statement - out.println("Stock QTY : " + StockQty): null

2018-05-22 10:58:30 - [TEST_STEP][PASSED] - delay: Delayed 2 second(s)

2018-05-22 10:58:32 - [MESSAGE][PASSED] - Delayed 2 second(s)

2018-05-22 10:58:32 - [TEST_STEP][PASSED] - Statement - If (java.lang.String.valueOf(StockQty) >= java.lang.String.valueOf(RequestedQty)): null

2018-05-22 10:58:32 - [TEST_STEP][PASSED] - setText: Text '10' is set on object 'Object Repository/DispensaryToStore/Page_Store/input_txtqty'

2018-05-22 10:58:33 - [MESSAGE][PASSED] - Text '10' is set on object 'Object Repository/DispensaryToStore/Page_Store/input_txtqty'

2018-05-22 10:58:33 - [TEST_STEP][PASSED] - click: Object: 'Object Repository/DispensaryToStore/Page_Store/button_Add' is clicked on

2018-05-22 10:58:38 - [MESSAGE][PASSED] - Object: 'Object Repository/DispensaryToStore/Page_Store/button_Add' is clicked on

2018-05-22 10:58:38 - [TEST_STEP][PASSED] - Statement - Break: null

2018-05-22 10:58:38 - [TEST_STEP][PASSED] - selectOptionByIndex: All options with index in [57] are selected on object 'Object Repository/DispensaryToStore/Page_Store/select_--Select--Adernaline 0.'

2018-05-22 10:58:38 - [MESSAGE][PASSED] - All options with index in [57] are selected on object 'Object Repository/DispensaryToStore/Page_Store/select_--Select--Adernaline 0.'

2018-05-22 10:58:38 - [TEST_STEP][PASSED] - delay: Delayed 2 second(s)

2018-05-22 10:58:40 - [MESSAGE][PASSED] - Delayed 2 second(s)

2018-05-22 10:58:40 - [TEST_STEP][PASSED] - Statement - RequestedQty = com.kms.katalon.core.webui.keyword.WebUiBuiltInKeywords.getAttribute(com.kms.katalon.core.testobject.ObjectRepository.findTestObject(DispensaryToStore/Page_Store/input_txttotal), "value"): Attribute 'value' of object 'Object Repository/DispensaryToStore/Page_Store/input_txttotal' is: '10'

2018-05-22 10:58:40 - [MESSAGE][PASSED] - Attribute 'value' of object 'Object Repository/DispensaryToStore/Page_Store/input_txttotal' is: '10'

2018-05-22 10:58:40 - [TEST_STEP][PASSED] - Statement - out.println("Requested QTY : " + RequestedQty): null

2018-05-22 10:58:40 - [TEST_STEP][PASSED] - Statement - BatchNumber = com.kms.katalon.core.webui.keyword.WebUiBuiltInKeywords.getNumberOfTotalOption(com.kms.katalon.core.testobject.ObjectRepository.findTestObject(DispensaryToStore/Page_Store/select_--Select--BA1170BA2376B)): 3 options of object 'Object Repository/DispensaryToStore/Page_Store/select_--Select--BA1170BA2376B' counted

2018-05-22 10:58:41 - [MESSAGE][PASSED] - 3 options of object 'Object Repository/DispensaryToStore/Page_Store/select_--Select--BA1170BA2376B' counted

2018-05-22 10:58:41 - [TEST_STEP][PASSED] - Statement - For ([g = 1, g <= BatchNumber - 1, (g++)]): null

2018-05-22 10:58:41 - [TEST_STEP][PASSED] - selectOptionByIndex: All options with index in [1] are selected on object 'Object Repository/DispensaryToStore/Page_Store/select_--Select--BA1170BA2376B'

2018-05-22 10:58:41 - [MESSAGE][PASSED] - All options with index in [1] are selected on object 'Object Repository/DispensaryToStore/Page_Store/select_--Select--BA1170BA2376B'

2018-05-22 10:58:41 - [TEST_STEP][PASSED] - Statement - Try: null

2018-05-22 10:58:41 - [TEST_STEP][PASSED] - Statement - StockQty = com.kms.katalon.core.webui.keyword.WebUiBuiltInKeywords.getAttribute(com.kms.katalon.core.testobject.ObjectRepository.findTestObject(DispensaryToStore/Page_Store/input_txtprice), "value"): Attribute 'value' of object 'Object Repository/DispensaryToStore/Page_Store/input_txtprice' is: '1040'

2018-05-22 10:58:41 - [MESSAGE][PASSED] - Attribute 'value' of object 'Object Repository/DispensaryToStore/Page_Store/input_txtprice' is: '1040'

2018-05-22 10:58:41 - [TEST_STEP][PASSED] - Statement - out.println("Stock QTY : " + StockQty): null

2018-05-22 10:58:41 - [TEST_STEP][PASSED] - delay: Delayed 2 second(s)

2018-05-22 10:58:43 - [MESSAGE][PASSED] - Delayed 2 second(s)

2018-05-22 10:58:43 - [TEST_STEP][PASSED] - Statement - If (java.lang.String.valueOf(StockQty) >= java.lang.String.valueOf(RequestedQty)): null

2018-05-22 10:58:43 - [TEST_STEP][PASSED] - setText: Text '10' is set on object 'Object Repository/DispensaryToStore/Page_Store/input_txtqty'

2018-05-22 10:58:43 - [MESSAGE][PASSED] - Text '10' is set on object 'Object Repository/DispensaryToStore/Page_Store/input_txtqty'

2018-05-22 10:58:43 - [TEST_STEP][PASSED] - click: Object: 'Object Repository/DispensaryToStore/Page_Store/button_Add' is clicked on

2018-05-22 10:58:48 - [MESSAGE][PASSED] - Object: 'Object Repository/DispensaryToStore/Page_Store/button_Add' is clicked on

2018-05-22 10:58:48 - [TEST_STEP][PASSED] - Statement - Break: null

2018-05-22 10:58:48 - [TEST_STEP][PASSED] - selectOptionByIndex: All options with index in [58] are selected on object 'Object Repository/DispensaryToStore/Page_Store/select_--Select--Adernaline 0.'

2018-05-22 10:58:49 - [MESSAGE][PASSED] - All options with index in [58] are selected on object 'Object Repository/DispensaryToStore/Page_Store/select_--Select--Adernaline 0.'

2018-05-22 10:58:49 - [TEST_STEP][PASSED] - delay: Delayed 2 second(s)

2018-05-22 10:58:51 - [MESSAGE][PASSED] - Delayed 2 second(s)

2018-05-22 10:58:51 - [TEST_STEP][PASSED] - Statement - RequestedQty = com.kms.katalon.core.webui.keyword.WebUiBuiltInKeywords.getAttribute(com.kms.katalon.core.testobject.ObjectRepository.findTestObject(DispensaryToStore/Page_Store/input_txttotal), "value"): Attribute 'value' of object 'Object Repository/DispensaryToStore/Page_Store/input_txttotal' is: '10'

2018-05-22 10:58:51 - [MESSAGE][PASSED] - Attribute 'value' of object 'Object Repository/DispensaryToStore/Page_Store/input_txttotal' is: '10'

2018-05-22 10:58:51 - [TEST_STEP][PASSED] - Statement - out.println("Requested QTY : " + RequestedQty): null

2018-05-22 10:58:51 - [TEST_STEP][PASSED] - Statement - BatchNumber = com.kms.katalon.core.webui.keyword.WebUiBuiltInKeywords.getNumberOfTotalOption(com.kms.katalon.core.testobject.ObjectRepository.findTestObject(DispensaryToStore/Page_Store/select_--Select--BA1170BA2376B)): 4 options of object 'Object Repository/DispensaryToStore/Page_Store/select_--Select--BA1170BA2376B' counted

2018-05-22 10:58:51 - [MESSAGE][PASSED] - 4 options of object 'Object Repository/DispensaryToStore/Page_Store/select_--Select--BA1170BA2376B' counted

2018-05-22 10:58:51 - [TEST_STEP][PASSED] - Statement - For ([g = 1, g <= BatchNumber - 1, (g++)]): null

2018-05-22 10:58:51 - [TEST_STEP][PASSED] - selectOptionByIndex: All options with index in [1] are selected on object 'Object Repository/DispensaryToStore/Page_Store/select_--Select--BA1170BA2376B'

2018-05-22 10:58:51 - [MESSAGE][PASSED] - All options with index in [1] are selected on object 'Object Repository/DispensaryToStore/Page_Store/select_--Select--BA1170BA2376B'

2018-05-22 10:58:51 - [TEST_STEP][PASSED] - Statement - Try: null

2018-05-22 10:58:51 - [TEST_STEP][PASSED] - Statement - StockQty = com.kms.katalon.core.webui.keyword.WebUiBuiltInKeywords.getAttribute(com.kms.katalon.core.testobject.ObjectRepository.findTestObject(DispensaryToStore/Page_Store/input_txtprice), "value"): Attribute 'value' of object 'Object Repository/DispensaryToStore/Page_Store/input_txtprice' is: '100'

2018-05-22 10:58:51 - [MESSAGE][PASSED] - Attribute 'value' of object 'Object Repository/DispensaryToStore/Page_Store/input_txtprice' is: '100'

2018-05-22 10:58:51 - [TEST_STEP][PASSED] - Statement - out.println("Stock QTY : " + StockQty): null

2018-05-22 10:58:51 - [TEST_STEP][PASSED] - delay: Delayed 2 second(s)

2018-05-22 10:58:53 - [MESSAGE][PASSED] - Delayed 2 second(s)

2018-05-22 10:58:53 - [TEST_STEP][PASSED] - Statement - If (java.lang.String.valueOf(StockQty) >= java.lang.String.valueOf(RequestedQty)): null

2018-05-22 10:58:53 - [TEST_STEP][PASSED] - setText: Text '10' is set on object 'Object Repository/DispensaryToStore/Page_Store/input_txtqty'

2018-05-22 10:58:53 - [MESSAGE][PASSED] - Text '10' is set on object 'Object Repository/DispensaryToStore/Page_Store/input_txtqty'

2018-05-22 10:58:53 - [TEST_STEP][PASSED] - click: Object: 'Object Repository/DispensaryToStore/Page_Store/button_Add' is clicked on

2018-05-22 10:58:58 - [MESSAGE][PASSED] - Object: 'Object Repository/DispensaryToStore/Page_Store/button_Add' is clicked on

2018-05-22 10:58:58 - [TEST_STEP][PASSED] - Statement - Break: null

2018-05-22 10:58:58 - [TEST_STEP][PASSED] - selectOptionByIndex: All options with index in [59] are selected on object 'Object Repository/DispensaryToStore/Page_Store/select_--Select--Adernaline 0.'

2018-05-22 10:58:59 - [MESSAGE][PASSED] - All options with index in [59] are selected on object 'Object Repository/DispensaryToStore/Page_Store/select_--Select--Adernaline 0.'

2018-05-22 10:58:59 - [TEST_STEP][PASSED] - delay: Delayed 2 second(s)

2018-05-22 10:59:01 - [MESSAGE][PASSED] - Delayed 2 second(s)

2018-05-22 10:59:01 - [TEST_STEP][PASSED] - Statement - RequestedQty = com.kms.katalon.core.webui.keyword.WebUiBuiltInKeywords.getAttribute(com.kms.katalon.core.testobject.ObjectRepository.findTestObject(DispensaryToStore/Page_Store/input_txttotal), "value"): Attribute 'value' of object 'Object Repository/DispensaryToStore/Page_Store/input_txttotal' is: '10'

2018-05-22 10:59:01 - [MESSAGE][PASSED] - Attribute 'value' of object 'Object Repository/DispensaryToStore/Page_Store/input_txttotal' is: '10'

2018-05-22 10:59:01 - [TEST_STEP][PASSED] - Statement - out.println("Requested QTY : " + RequestedQty): null

2018-05-22 10:59:01 - [TEST_STEP][PASSED] - Statement - BatchNumber = com.kms.katalon.core.webui.keyword.WebUiBuiltInKeywords.getNumberOfTotalOption(com.kms.katalon.core.testobject.ObjectRepository.findTestObject(DispensaryToStore/Page_Store/select_--Select--BA1170BA2376B)): 3 options of object 'Object Repository/DispensaryToStore/Page_Store/select_--Select--BA1170BA2376B' counted

2018-05-22 10:59:01 - [MESSAGE][PASSED] - 3 options of object 'Object Repository/DispensaryToStore/Page_Store/select_--Select--BA1170BA2376B' counted

2018-05-22 10:59:01 - [TEST_STEP][PASSED] - Statement - For ([g = 1, g <= BatchNumber - 1, (g++)]): null

2018-05-22 10:59:01 - [TEST_STEP][PASSED] - selectOptionByIndex: All options with index in [1] are selected on object 'Object Repository/DispensaryToStore/Page_Store/select_--Select--BA1170BA2376B'

2018-05-22 10:59:01 - [MESSAGE][PASSED] - All options with index in [1] are selected on object 'Object Repository/DispensaryToStore/Page_Store/select_--Select--BA1170BA2376B'

2018-05-22 10:59:01 - [TEST_STEP][PASSED] - Statement - Try: null

2018-05-22 10:59:01 - [TEST_STEP][PASSED] - Statement - StockQty = com.kms.katalon.core.webui.keyword.WebUiBuiltInKeywords.getAttribute(com.kms.katalon.core.testobject.ObjectRepository.findTestObject(DispensaryToStore/Page_Store/input_txtprice), "value"): Attribute 'value' of object 'Object Repository/DispensaryToStore/Page_Store/input_txtprice' is: '100'

2018-05-22 10:59:01 - [MESSAGE][PASSED] - Attribute 'value' of object 'Object Repository/DispensaryToStore/Page_Store/input_txtprice' is: '100'

2018-05-22 10:59:01 - [TEST_STEP][PASSED] - Statement - out.println("Stock QTY : " + StockQty): null

2018-05-22 10:59:01 - [TEST_STEP][PASSED] - delay: Delayed 2 second(s)

2018-05-22 10:59:03 - [MESSAGE][PASSED] - Delayed 2 second(s)

2018-05-22 10:59:03 - [TEST_STEP][PASSED] - Statement - If (java.lang.String.valueOf(StockQty) >= java.lang.String.valueOf(RequestedQty)): null

2018-05-22 10:59:03 - [TEST_STEP][PASSED] - setText: Text '10' is set on object 'Object Repository/DispensaryToStore/Page_Store/input_txtqty'

2018-05-22 10:59:03 - [MESSAGE][PASSED] - Text '10' is set on object 'Object Repository/DispensaryToStore/Page_Store/input_txtqty'

2018-05-22 10:59:03 - [TEST_STEP][PASSED] - click: Object: 'Object Repository/DispensaryToStore/Page_Store/button_Add' is clicked on

2018-05-22 10:59:09 - [MESSAGE][PASSED] - Object: 'Object Repository/DispensaryToStore/Page_Store/button_Add' is clicked on

2018-05-22 10:59:09 - [TEST_STEP][PASSED] - Statement - Break: null

2018-05-22 10:59:09 - [TEST_STEP][PASSED] - selectOptionByIndex: All options with index in [60] are selected on object 'Object Repository/DispensaryToStore/Page_Store/select_--Select--Adernaline 0.'

2018-05-22 10:59:09 - [MESSAGE][PASSED] - All options with index in [60] are selected on object 'Object Repository/DispensaryToStore/Page_Store/select_--Select--Adernaline 0.'

2018-05-22 10:59:09 - [TEST_STEP][PASSED] - delay: Delayed 2 second(s)

2018-05-22 10:59:11 - [MESSAGE][PASSED] - Delayed 2 second(s)

2018-05-22 10:59:11 - [TEST_STEP][PASSED] - Statement - RequestedQty = com.kms.katalon.core.webui.keyword.WebUiBuiltInKeywords.getAttribute(com.kms.katalon.core.testobject.ObjectRepository.findTestObject(DispensaryToStore/Page_Store/input_txttotal), "value"): Attribute 'value' of object 'Object Repository/DispensaryToStore/Page_Store/input_txttotal' is: '10'

2018-05-22 10:59:12 - [MESSAGE][PASSED] - Attribute 'value' of object 'Object Repository/DispensaryToStore/Page_Store/input_txttotal' is: '10'

2018-05-22 10:59:12 - [TEST_STEP][PASSED] - Statement - out.println("Requested QTY : " + RequestedQty): null

2018-05-22 10:59:12 - [TEST_STEP][PASSED] - Statement - BatchNumber = com.kms.katalon.core.webui.keyword.WebUiBuiltInKeywords.getNumberOfTotalOption(com.kms.katalon.core.testobject.ObjectRepository.findTestObject(DispensaryToStore/Page_Store/select_--Select--BA1170BA2376B)): 2 options of object 'Object Repository/DispensaryToStore/Page_Store/select_--Select--BA1170BA2376B' counted

2018-05-22 10:59:12 - [MESSAGE][PASSED] - 2 options of object 'Object Repository/DispensaryToStore/Page_Store/select_--Select--BA1170BA2376B' counted

2018-05-22 10:59:12 - [TEST_STEP][PASSED] - Statement - For ([g = 1, g <= BatchNumber - 1, (g++)]): null

2018-05-22 10:59:12 - [TEST_STEP][PASSED] - selectOptionByIndex: All options with index in [1] are selected on object 'Object Repository/DispensaryToStore/Page_Store/select_--Select--BA1170BA2376B'

2018-05-22 10:59:12 - [MESSAGE][PASSED] - All options with index in [1] are selected on object 'Object Repository/DispensaryToStore/Page_Store/select_--Select--BA1170BA2376B'

2018-05-22 10:59:12 - [TEST_STEP][PASSED] - Statement - Try: null

2018-05-22 10:59:12 - [TEST_STEP][PASSED] - Statement - StockQty = com.kms.katalon.core.webui.keyword.WebUiBuiltInKeywords.getAttribute(com.kms.katalon.core.testobject.ObjectRepository.findTestObject(DispensaryToStore/Page_Store/input_txtprice), "value"): Attribute 'value' of object 'Object Repository/DispensaryToStore/Page_Store/input_txtprice' is: '2140'

2018-05-22 10:59:12 - [MESSAGE][PASSED] - Attribute 'value' of object 'Object Repository/DispensaryToStore/Page_Store/input_txtprice' is: '2140'

2018-05-22 10:59:12 - [TEST_STEP][PASSED] - Statement - out.println("Stock QTY : " + StockQty): null

2018-05-22 10:59:12 - [TEST_STEP][PASSED] - delay: Delayed 2 second(s)

2018-05-22 10:59:14 - [MESSAGE][PASSED] - Delayed 2 second(s)

2018-05-22 10:59:14 - [TEST_STEP][PASSED] - Statement - If (java.lang.String.valueOf(StockQty) >= java.lang.String.valueOf(RequestedQty)): null

2018-05-22 10:59:14 - [TEST_STEP][PASSED] - setText: Text '10' is set on object 'Object Repository/DispensaryToStore/Page_Store/input_txtqty'

2018-05-22 10:59:14 - [MESSAGE][PASSED] - Text '10' is set on object 'Object Repository/DispensaryToStore/Page_Store/input_txtqty'

2018-05-22 10:59:14 - [TEST_STEP][PASSED] - click: Object: 'Object Repository/DispensaryToStore/Page_Store/button_Add' is clicked on

2018-05-22 10:59:19 - [MESSAGE][PASSED] - Object: 'Object Repository/DispensaryToStore/Page_Store/button_Add' is clicked on

2018-05-22 10:59:19 - [TEST_STEP][PASSED] - Statement - Break: null

2018-05-22 10:59:19 - [TEST_STEP][PASSED] - selectOptionByIndex: All options with index in [61] are selected on object 'Object Repository/DispensaryToStore/Page_Store/select_--Select--Adernaline 0.'

2018-05-22 10:59:20 - [MESSAGE][PASSED] - All options with index in [61] are selected on object 'Object Repository/DispensaryToStore/Page_Store/select_--Select--Adernaline 0.'

2018-05-22 10:59:20 - [TEST_STEP][PASSED] - delay: Delayed 2 second(s)

2018-05-22 10:59:22 - [MESSAGE][PASSED] - Delayed 2 second(s)

2018-05-22 10:59:22 - [TEST_STEP][PASSED] - Statement - RequestedQty = com.kms.katalon.core.webui.keyword.WebUiBuiltInKeywords.getAttribute(com.kms.katalon.core.testobject.ObjectRepository.findTestObject(DispensaryToStore/Page_Store/input_txttotal), "value"): Attribute 'value' of object 'Object Repository/DispensaryToStore/Page_Store/input_txttotal' is: '10'

2018-05-22 10:59:22 - [MESSAGE][PASSED] - Attribute 'value' of object 'Object Repository/DispensaryToStore/Page_Store/input_txttotal' is: '10'

2018-05-22 10:59:22 - [TEST_STEP][PASSED] - Statement - out.println("Requested QTY : " + RequestedQty): null

2018-05-22 10:59:22 - [TEST_STEP][PASSED] - Statement - BatchNumber = com.kms.katalon.core.webui.keyword.WebUiBuiltInKeywords.getNumberOfTotalOption(com.kms.katalon.core.testobject.ObjectRepository.findTestObject(DispensaryToStore/Page_Store/select_--Select--BA1170BA2376B)): 4 options of object 'Object Repository/DispensaryToStore/Page_Store/select_--Select--BA1170BA2376B' counted

2018-05-22 10:59:22 - [MESSAGE][PASSED] - 4 options of object 'Object Repository/DispensaryToStore/Page_Store/select_--Select--BA1170BA2376B' counted

2018-05-22 10:59:22 - [TEST_STEP][PASSED] - Statement - For ([g = 1, g <= BatchNumber - 1, (g++)]): null

2018-05-22 10:59:22 - [TEST_STEP][PASSED] - selectOptionByIndex: All options with index in [1] are selected on object 'Object Repository/DispensaryToStore/Page_Store/select_--Select--BA1170BA2376B'

2018-05-22 10:59:22 - [MESSAGE][PASSED] - All options with index in [1] are selected on object 'Object Repository/DispensaryToStore/Page_Store/select_--Select--BA1170BA2376B'

2018-05-22 10:59:22 - [TEST_STEP][PASSED] - Statement - Try: null

2018-05-22 10:59:22 - [TEST_STEP][PASSED] - Statement - StockQty = com.kms.katalon.core.webui.keyword.WebUiBuiltInKeywords.getAttribute(com.kms.katalon.core.testobject.ObjectRepository.findTestObject(DispensaryToStore/Page_Store/input_txtprice), "value"): Attribute 'value' of object 'Object Repository/DispensaryToStore/Page_Store/input_txtprice' is: '100'

2018-05-22 10:59:22 - [MESSAGE][PASSED] - Attribute 'value' of object 'Object Repository/DispensaryToStore/Page_Store/input_txtprice' is: '100'

2018-05-22 10:59:22 - [TEST_STEP][PASSED] - Statement - out.println("Stock QTY : " + StockQty): null

2018-05-22 10:59:22 - [TEST_STEP][PASSED] - delay: Delayed 2 second(s)

2018-05-22 10:59:24 - [MESSAGE][PASSED] - Delayed 2 second(s)

2018-05-22 10:59:24 - [TEST_STEP][PASSED] - Statement - If (java.lang.String.valueOf(StockQty) >= java.lang.String.valueOf(RequestedQty)): null

2018-05-22 10:59:24 - [TEST_STEP][PASSED] - setText: Text '10' is set on object 'Object Repository/DispensaryToStore/Page_Store/input_txtqty'

2018-05-22 10:59:24 - [MESSAGE][PASSED] - Text '10' is set on object 'Object Repository/DispensaryToStore/Page_Store/input_txtqty'

2018-05-22 10:59:24 - [TEST_STEP][PASSED] - click: Object: 'Object Repository/DispensaryToStore/Page_Store/button_Add' is clicked on

2018-05-22 10:59:29 - [MESSAGE][PASSED] - Object: 'Object Repository/DispensaryToStore/Page_Store/button_Add' is clicked on

2018-05-22 10:59:29 - [TEST_STEP][PASSED] - Statement - Break: null

2018-05-22 10:59:29 - [TEST_STEP][PASSED] - selectOptionByIndex: All options with index in [62] are selected on object 'Object Repository/DispensaryToStore/Page_Store/select_--Select--Adernaline 0.'

2018-05-22 10:59:30 - [MESSAGE][PASSED] - All options with index in [62] are selected on object 'Object Repository/DispensaryToStore/Page_Store/select_--Select--Adernaline 0.'

2018-05-22 10:59:30 - [TEST_STEP][PASSED] - delay: Delayed 2 second(s)

2018-05-22 10:59:32 - [MESSAGE][PASSED] - Delayed 2 second(s)

2018-05-22 10:59:32 - [TEST_STEP][PASSED] - Statement - RequestedQty = com.kms.katalon.core.webui.keyword.WebUiBuiltInKeywords.getAttribute(com.kms.katalon.core.testobject.ObjectRepository.findTestObject(DispensaryToStore/Page_Store/input_txttotal), "value"): Attribute 'value' of object 'Object Repository/DispensaryToStore/Page_Store/input_txttotal' is: '10'

2018-05-22 10:59:32 - [MESSAGE][PASSED] - Attribute 'value' of object 'Object Repository/DispensaryToStore/Page_Store/input_txttotal' is: '10'

2018-05-22 10:59:32 - [TEST_STEP][PASSED] - Statement - out.println("Requested QTY : " + RequestedQty): null

2018-05-22 10:59:32 - [TEST_STEP][PASSED] - Statement - BatchNumber = com.kms.katalon.core.webui.keyword.WebUiBuiltInKeywords.getNumberOfTotalOption(com.kms.katalon.core.testobject.ObjectRepository.findTestObject(DispensaryToStore/Page_Store/select_--Select--BA1170BA2376B)): 3 options of object 'Object Repository/DispensaryToStore/Page_Store/select_--Select--BA1170BA2376B' counted

2018-05-22 10:59:32 - [MESSAGE][PASSED] - 3 options of object 'Object Repository/DispensaryToStore/Page_Store/select_--Select--BA1170BA2376B' counted

2018-05-22 10:59:32 - [TEST_STEP][PASSED] - Statement - For ([g = 1, g <= BatchNumber - 1, (g++)]): null

2018-05-22 10:59:32 - [TEST_STEP][PASSED] - selectOptionByIndex: All options with index in [1] are selected on object 'Object Repository/DispensaryToStore/Page_Store/select_--Select--BA1170BA2376B'

2018-05-22 10:59:32 - [MESSAGE][PASSED] - All options with index in [1] are selected on object 'Object Repository/DispensaryToStore/Page_Store/select_--Select--BA1170BA2376B'

2018-05-22 10:59:32 - [TEST_STEP][PASSED] - Statement - Try: null

2018-05-22 10:59:32 - [TEST_STEP][PASSED] - Statement - StockQty = com.kms.katalon.core.webui.keyword.WebUiBuiltInKeywords.getAttribute(com.kms.katalon.core.testobject.ObjectRepository.findTestObject(DispensaryToStore/Page_Store/input_txtprice), "value"): Attribute 'value' of object 'Object Repository/DispensaryToStore/Page_Store/input_txtprice' is: '100'

2018-05-22 10:59:33 - [MESSAGE][PASSED] - Attribute 'value' of object 'Object Repository/DispensaryToStore/Page_Store/input_txtprice' is: '100'

2018-05-22 10:59:33 - [TEST_STEP][PASSED] - Statement - out.println("Stock QTY : " + StockQty): null

2018-05-22 10:59:33 - [TEST_STEP][PASSED] - delay: Delayed 2 second(s)

2018-05-22 10:59:35 - [MESSAGE][PASSED] - Delayed 2 second(s)

2018-05-22 10:59:35 - [TEST_STEP][PASSED] - Statement - If (java.lang.String.valueOf(StockQty) >= java.lang.String.valueOf(RequestedQty)): null

2018-05-22 10:59:35 - [TEST_STEP][PASSED] - setText: Text '10' is set on object 'Object Repository/DispensaryToStore/Page_Store/input_txtqty'

2018-05-22 10:59:35 - [MESSAGE][PASSED] - Text '10' is set on object 'Object Repository/DispensaryToStore/Page_Store/input_txtqty'

2018-05-22 10:59:35 - [TEST_STEP][PASSED] - click: Object: 'Object Repository/DispensaryToStore/Page_Store/button_Add' is clicked on

2018-05-22 10:59:40 - [MESSAGE][PASSED] - Object: 'Object Repository/DispensaryToStore/Page_Store/button_Add' is clicked on

2018-05-22 10:59:40 - [TEST_STEP][PASSED] - Statement - Break: null

2018-05-22 10:59:40 - [TEST_STEP][PASSED] - scrollToElement: Scroll to object 'Object Repository/DispensaryToStore/Page_Store/input_btnSubmit' successfully

2018-05-22 10:59:40 - [MESSAGE][PASSED] - Scroll to object 'Object Repository/DispensaryToStore/Page_Store/input_btnSubmit' successfully

2018-05-22 10:59:40 - [TEST_STEP][PASSED] - click: Object: 'Object Repository/DispensaryToStore/Page_Store/input_btnSubmit' is clicked on

2018-05-22 10:59:45 - [MESSAGE][PASSED] - Object: 'Object Repository/DispensaryToStore/Page_Store/input_btnSubmit' is clicked on

2018-05-22 10:59:45 - [TEST_STEP][PASSED] - delay: Delayed 3 second(s)

2018-05-22 10:59:48 - [MESSAGE][PASSED] - Delayed 3 second(s)

2018-05-22 10:59:48 - [TEST_STEP][PASSED] - click: Object: 'Object Repository/DispensaryToStore/Page_Store/button_OK' is clicked on

2018-05-22 10:59:56 - [MESSAGE][PASSED] - Object: 'Object Repository/DispensaryToStore/Page_Store/button_OK' is clicked on

2018-05-22 10:59:56 - [TEST_STEP][PASSED] - delay: Delayed 3 second(s)

2018-05-22 10:59:59 - [MESSAGE][PASSED] - Delayed 3 second(s)

2018-05-22 10:59:59 - [TEST_STEP][PASSED] - waitForElementPresent: Object 'Object Repository/DispensaryToStore/Page_Store/a_dropdown-toggle' is present

2018-05-22 10:59:59 - [MESSAGE][PASSED] - Object 'Object Repository/DispensaryToStore/Page_Store/a_dropdown-toggle' is present

2018-05-22 10:59:59 - [TEST_STEP][PASSED] - click: Object: 'Object Repository/DispensaryToStore/Page_Store/a_dropdown-toggle' is clicked on

2018-05-22 11:00:05 - [MESSAGE][PASSED] - Object: 'Object Repository/DispensaryToStore/Page_Store/a_dropdown-toggle' is clicked on

2018-05-22 11:00:05 - [TEST_STEP][PASSED] - click: Object: 'Object Repository/DispensaryToStore/Page_Store/a_Sign out' is clicked on

2018-05-22 11:00:10 - [MESSAGE][PASSED] - Object: 'Object Repository/DispensaryToStore/Page_Store/a_Sign out' is clicked on

2018-05-22 11:00:10 - [TEST_STEP][PASSED] - closeBrowser: Browser is closed

2018-05-22 11:00:11 - [MESSAGE][PASSED] - Browser is closed]]></system-out>
         <system-err><![CDATA[]]></system-err>
      </testcase>
      <testcase name="Test Cases/DISPENSARY TEST CASES/TC_DP_002 Verify Schedule 2 Dispensary Request Are Working Successfully Or Not" classname="Test Cases/DISPENSARY TEST CASES/TC_DP_002 Verify Schedule 2 Dispensary Request Are Working Successfully Or Not" status="FAILED">
         <failure type="FAILED" message="Unable to select option by index '2' of object 'Object Repository/DispensaryToStore/Page_Dispensary Store/select_--Select--Schedule 1Inj' (Root cause: org.openqa.selenium.NoSuchElementException: Cannot locate option with index: 2
For documentation on this error, please visit: http://seleniumhq.org/exceptions/no_such_element.html
Build info: version: '3.7.1', revision: '8a0099a', time: '2017-11-06T21:07:36.161Z'
System info: host: 'DESKTOP-BLFTK83', ip: '169.254.189.85', os.name: 'Windows 10', os.arch: 'amd64', os.version: '10.0', java.version: '1.8.0_102'
Driver info: driver.version: unknown)"/>
         <system-out><![CDATA[2018-05-22 11:00:11 - [TEST_CASE][FAILED] - Test Cases/DISPENSARY TEST CASES/TC_DP_002 Verify Schedule 2 Dispensary Request Are Working Successfully Or Not: Test Cases/DISPENSARY TEST CASES/TC_DP_002 Verify Schedule 2 Dispensary Request Are Working Successfully Or Not FAILED because (of) Unable to select option by index '2' of object 'Object Repository/DispensaryToStore/Page_Dispensary Store/select_--Select--Schedule 1Inj' (Root cause: org.openqa.selenium.NoSuchElementException: Cannot locate option with index: 2
For documentation on this error, please visit: http://seleniumhq.org/exceptions/no_such_element.html
Build info: version: '3.7.1', revision: '8a0099a', time: '2017-11-06T21:07:36.161Z'
System info: host: 'DESKTOP-BLFTK83', ip: '169.254.189.85', os.name: 'Windows 10', os.arch: 'amd64', os.version: '10.0', java.version: '1.8.0_102'
Driver info: driver.version: unknown)

2018-05-22 11:00:11 - [TEST_STEP][PASSED] - openBrowser: Browser is opened with url: ''

2018-05-22 11:00:13 - [MESSAGE][PASSED] - Browser is opened with url: ''

2018-05-22 11:00:13 - [TEST_STEP][PASSED] - navigateToUrl: Navigate to 'http://192.168.137.1/multihospital_new/HDSplashscreen.aspx' successfully

2018-05-22 11:00:15 - [MESSAGE][PASSED] - Navigate to 'http://192.168.137.1/multihospital_new/HDSplashscreen.aspx' successfully

2018-05-22 11:00:15 - [TEST_STEP][PASSED] - maximizeWindow: Current window maximized

2018-05-22 11:00:16 - [MESSAGE][PASSED] - Current window maximized

2018-05-22 11:00:16 - [TEST_STEP][PASSED] - click: Object: 'Object Repository/DispensaryToStore/Page_KDMC/a_Dispensary Store' is clicked on

2018-05-22 11:00:17 - [MESSAGE][PASSED] - Object: 'Object Repository/DispensaryToStore/Page_KDMC/a_Dispensary Store' is clicked on

2018-05-22 11:00:17 - [TEST_STEP][PASSED] - setText: Text 'rajaram' is set on object 'Object Repository/DispensaryToStore/Page_Dispensary Store Login/input_txtusername'

2018-05-22 11:00:17 - [MESSAGE][PASSED] - Text 'rajaram' is set on object 'Object Repository/DispensaryToStore/Page_Dispensary Store Login/input_txtusername'

2018-05-22 11:00:17 - [TEST_STEP][PASSED] - setText: Text '123' is set on object 'Object Repository/DispensaryToStore/Page_Dispensary Store Login/input_txtpassword'

2018-05-22 11:00:17 - [MESSAGE][PASSED] - Text '123' is set on object 'Object Repository/DispensaryToStore/Page_Dispensary Store Login/input_txtpassword'

2018-05-22 11:00:17 - [TEST_STEP][PASSED] - delay: Delayed 3 second(s)

2018-05-22 11:00:20 - [MESSAGE][PASSED] - Delayed 3 second(s)

2018-05-22 11:00:20 - [TEST_STEP][PASSED] - sendKeys: Keys 'ENTER + ' sent to object: 'Object Repository/DispensaryToStore/Page_Dispensary Store Login/input_txtpassword'

2018-05-22 11:00:21 - [MESSAGE][PASSED] - Keys 'ENTER + ' sent to object: 'Object Repository/DispensaryToStore/Page_Dispensary Store Login/input_txtpassword'

2018-05-22 11:00:21 - [TEST_STEP][PASSED] - delay: Delayed 3 second(s)

2018-05-22 11:00:24 - [MESSAGE][PASSED] - Delayed 3 second(s)

2018-05-22 11:00:24 - [TEST_STEP][PASSED] - click: Object: 'Object Repository/DispensaryToStore/Page_Dispensary Store/a_Request to Store' is clicked on

2018-05-22 11:00:24 - [MESSAGE][PASSED] - Object: 'Object Repository/DispensaryToStore/Page_Dispensary Store/a_Request to Store' is clicked on

2018-05-22 11:00:24 - [TEST_STEP][PASSED] - click: Object: 'Object Repository/DispensaryToStore/Page_Dispensary Store/a_Medicine Request' is clicked on

2018-05-22 11:00:25 - [MESSAGE][PASSED] - Object: 'Object Repository/DispensaryToStore/Page_Dispensary Store/a_Medicine Request' is clicked on

2018-05-22 11:00:25 - [TEST_STEP][FAILED] - selectOptionByIndex: Unable to select option by index '2' of object 'Object Repository/DispensaryToStore/Page_Dispensary Store/select_--Select--Schedule 1Inj' (Root cause: org.openqa.selenium.NoSuchElementException: Cannot locate option with index: 2
For documentation on this error, please visit: http://seleniumhq.org/exceptions/no_such_element.html
Build info: version: '3.7.1', revision: '8a0099a', time: '2017-11-06T21:07:36.161Z'
System info: host: 'DESKTOP-BLFTK83', ip: '169.254.189.85', os.name: 'Windows 10', os.arch: 'amd64', os.version: '10.0', java.version: '1.8.0_102'
Driver info: driver.version: unknown)

2018-05-22 11:00:25 - [MESSAGE][FAILED] - Unable to select option by index '2' of object 'Object Repository/DispensaryToStore/Page_Dispensary Store/select_--Select--Schedule 1Inj' (Root cause: org.openqa.selenium.NoSuchElementException: Cannot locate option with index: 2
For documentation on this error, please visit: http://seleniumhq.org/exceptions/no_such_element.html
Build info: version: '3.7.1', revision: '8a0099a', time: '2017-11-06T21:07:36.161Z'
System info: host: 'DESKTOP-BLFTK83', ip: '169.254.189.85', os.name: 'Windows 10', os.arch: 'amd64', os.version: '10.0', java.version: '1.8.0_102'
Driver info: driver.version: unknown)
[[ATTACHMENT|C:\\Users\\Quality Analyst\\Katalon Studio\\ds\\Reports\\Dispensary_Store_Suite\\20180522_104904\\1526967025355.png]]]]></system-out>
         <system-err><![CDATA[2018-05-22 11:00:11 - [TEST_CASE][FAILED] - Test Cases/DISPENSARY TEST CASES/TC_DP_002 Verify Schedule 2 Dispensary Request Are Working Successfully Or Not: Test Cases/DISPENSARY TEST CASES/TC_DP_002 Verify Schedule 2 Dispensary Request Are Working Successfully Or Not FAILED because (of) Unable to select option by index '2' of object 'Object Repository/DispensaryToStore/Page_Dispensary Store/select_--Select--Schedule 1Inj' (Root cause: org.openqa.selenium.NoSuchElementException: Cannot locate option with index: 2
For documentation on this error, please visit: http://seleniumhq.org/exceptions/no_such_element.html
Build info: version: '3.7.1', revision: '8a0099a', time: '2017-11-06T21:07:36.161Z'
System info: host: 'DESKTOP-BLFTK83', ip: '169.254.189.85', os.name: 'Windows 10', os.arch: 'amd64', os.version: '10.0', java.version: '1.8.0_102'
Driver info: driver.version: unknown)]]></system-err>
      </testcase>
      <testcase name="Test Cases/DISPENSARY TEST CASES/TC_DP_003 Verify Schedule 3 Dispensary Request Are Working Successfully Or Not" classname="Test Cases/DISPENSARY TEST CASES/TC_DP_003 Verify Schedule 3 Dispensary Request Are Working Successfully Or Not" status="FAILED">
         <failure type="FAILED" message="Unable to click on object 'Object Repository/DispensaryToStore/Page_Dispensary Store/a_Request to Store' (Root cause: org.openqa.selenium.WebDriverException: unknown error: Element &lt;a href=&quot;#&quot;>...&lt;/a> is not clickable at point (109, 304). Other element would receive the click: &lt;div class=&quot;modal-backdrop fade&quot;>&lt;/div>
  (Session info: chrome=66.0.3359.181)
  (Driver info: chromedriver=2.35.528161 (5b82f2d2aae0ca24b877009200ced9065a772e73),platform=Windows NT 10.0.17134 x86_64) (WARNING: The server did not provide any stacktrace information)
Command duration or timeout: 0 milliseconds
Build info: version: '3.7.1', revision: '8a0099a', time: '2017-11-06T21:07:36.161Z'
System info: host: 'DESKTOP-BLFTK83', ip: '169.254.189.85', os.name: 'Windows 10', os.arch: 'amd64', os.version: '10.0', java.version: '1.8.0_102'
Driver info: com.kms.katalon.selenium.driver.CChromeDriver
Capabilities {acceptInsecureCerts: false, acceptSslCerts: false, applicationCacheEnabled: false, browserConnectionEnabled: false, browserName: chrome, chrome: {chromedriverVersion: 2.35.528161 (5b82f2d2aae0ca..., userDataDir: C:\Users\QUALIT~1\AppData\L...}, cssSelectorsEnabled: true, databaseEnabled: false, handlesAlerts: true, hasTouchScreen: false, javascriptEnabled: true, locationContextEnabled: true, mobileEmulationEnabled: false, nativeEvents: true, networkConnectionEnabled: false, pageLoadStrategy: normal, platform: XP, platformName: XP, rotatable: false, setWindowRect: true, takesHeapSnapshot: true, takesScreenshot: true, unexpectedAlertBehaviour: , unhandledPromptBehavior: , version: 66.0.3359.181, webStorageEnabled: true}
Session ID: 5945c0d969a6e5b01ffb60d8f2254f22)"/>
         <system-out><![CDATA[2018-05-22 11:00:25 - [TEST_CASE][FAILED] - Test Cases/DISPENSARY TEST CASES/TC_DP_003 Verify Schedule 3 Dispensary Request Are Working Successfully Or Not: Test Cases/DISPENSARY TEST CASES/TC_DP_003 Verify Schedule 3 Dispensary Request Are Working Successfully Or Not FAILED because (of) Unable to click on object 'Object Repository/DispensaryToStore/Page_Dispensary Store/a_Request to Store' (Root cause: org.openqa.selenium.WebDriverException: unknown error: Element <a href="#">...</a> is not clickable at point (109, 304). Other element would receive the click: <div class="modal-backdrop fade"></div>
  (Session info: chrome=66.0.3359.181)
  (Driver info: chromedriver=2.35.528161 (5b82f2d2aae0ca24b877009200ced9065a772e73),platform=Windows NT 10.0.17134 x86_64) (WARNING: The server did not provide any stacktrace information)
Command duration or timeout: 0 milliseconds
Build info: version: '3.7.1', revision: '8a0099a', time: '2017-11-06T21:07:36.161Z'
System info: host: 'DESKTOP-BLFTK83', ip: '169.254.189.85', os.name: 'Windows 10', os.arch: 'amd64', os.version: '10.0', java.version: '1.8.0_102'
Driver info: com.kms.katalon.selenium.driver.CChromeDriver
Capabilities {acceptInsecureCerts: false, acceptSslCerts: false, applicationCacheEnabled: false, browserConnectionEnabled: false, browserName: chrome, chrome: {chromedriverVersion: 2.35.528161 (5b82f2d2aae0ca..., userDataDir: C:\Users\QUALIT~1\AppData\L...}, cssSelectorsEnabled: true, databaseEnabled: false, handlesAlerts: true, hasTouchScreen: false, javascriptEnabled: true, locationContextEnabled: true, mobileEmulationEnabled: false, nativeEvents: true, networkConnectionEnabled: false, pageLoadStrategy: normal, platform: XP, platformName: XP, rotatable: false, setWindowRect: true, takesHeapSnapshot: true, takesScreenshot: true, unexpectedAlertBehaviour: , unhandledPromptBehavior: , version: 66.0.3359.181, webStorageEnabled: true}
Session ID: 5945c0d969a6e5b01ffb60d8f2254f22)

2018-05-22 11:00:26 - [TEST_STEP][PASSED] - openBrowser: Browser is opened with url: ''

2018-05-22 11:00:26 - [MESSAGE][WARNING] - A browser is already opened. Closing browser and opening a new one

2018-05-22 11:00:28 - [MESSAGE][PASSED] - Browser is opened with url: ''

2018-05-22 11:00:28 - [TEST_STEP][PASSED] - navigateToUrl: Navigate to 'http://192.168.137.1/multihospital_new/HDSplashscreen.aspx' successfully

2018-05-22 11:00:30 - [MESSAGE][PASSED] - Navigate to 'http://192.168.137.1/multihospital_new/HDSplashscreen.aspx' successfully

2018-05-22 11:00:30 - [TEST_STEP][PASSED] - maximizeWindow: Current window maximized

2018-05-22 11:00:31 - [MESSAGE][PASSED] - Current window maximized

2018-05-22 11:00:31 - [TEST_STEP][PASSED] - click: Object: 'Object Repository/DispensaryToStore/Page_KDMC/a_Dispensary Store' is clicked on

2018-05-22 11:00:32 - [MESSAGE][PASSED] - Object: 'Object Repository/DispensaryToStore/Page_KDMC/a_Dispensary Store' is clicked on

2018-05-22 11:00:32 - [TEST_STEP][PASSED] - setText: Text 'rajaram' is set on object 'Object Repository/DispensaryToStore/Page_Dispensary Store Login/input_txtusername'

2018-05-22 11:00:32 - [MESSAGE][PASSED] - Text 'rajaram' is set on object 'Object Repository/DispensaryToStore/Page_Dispensary Store Login/input_txtusername'

2018-05-22 11:00:32 - [TEST_STEP][PASSED] - setText: Text '123' is set on object 'Object Repository/DispensaryToStore/Page_Dispensary Store Login/input_txtpassword'

2018-05-22 11:00:32 - [MESSAGE][PASSED] - Text '123' is set on object 'Object Repository/DispensaryToStore/Page_Dispensary Store Login/input_txtpassword'

2018-05-22 11:00:32 - [TEST_STEP][PASSED] - delay: Delayed 3 second(s)

2018-05-22 11:00:35 - [MESSAGE][PASSED] - Delayed 3 second(s)

2018-05-22 11:00:35 - [TEST_STEP][PASSED] - sendKeys: Keys 'ENTER + ' sent to object: 'Object Repository/DispensaryToStore/Page_Dispensary Store Login/input_txtpassword'

2018-05-22 11:00:36 - [MESSAGE][PASSED] - Keys 'ENTER + ' sent to object: 'Object Repository/DispensaryToStore/Page_Dispensary Store Login/input_txtpassword'

2018-05-22 11:00:36 - [TEST_STEP][PASSED] - delay: Delayed 3 second(s)

2018-05-22 11:00:39 - [MESSAGE][PASSED] - Delayed 3 second(s)

2018-05-22 11:00:39 - [TEST_STEP][FAILED] - click: Unable to click on object 'Object Repository/DispensaryToStore/Page_Dispensary Store/a_Request to Store' (Root cause: org.openqa.selenium.WebDriverException: unknown error: Element <a href="#">...</a> is not clickable at point (109, 304). Other element would receive the click: <div class="modal-backdrop fade"></div>
  (Session info: chrome=66.0.3359.181)
  (Driver info: chromedriver=2.35.528161 (5b82f2d2aae0ca24b877009200ced9065a772e73),platform=Windows NT 10.0.17134 x86_64) (WARNING: The server did not provide any stacktrace information)
Command duration or timeout: 0 milliseconds
Build info: version: '3.7.1', revision: '8a0099a', time: '2017-11-06T21:07:36.161Z'
System info: host: 'DESKTOP-BLFTK83', ip: '169.254.189.85', os.name: 'Windows 10', os.arch: 'amd64', os.version: '10.0', java.version: '1.8.0_102'
Driver info: com.kms.katalon.selenium.driver.CChromeDriver
Capabilities {acceptInsecureCerts: false, acceptSslCerts: false, applicationCacheEnabled: false, browserConnectionEnabled: false, browserName: chrome, chrome: {chromedriverVersion: 2.35.528161 (5b82f2d2aae0ca..., userDataDir: C:\Users\QUALIT~1\AppData\L...}, cssSelectorsEnabled: true, databaseEnabled: false, handlesAlerts: true, hasTouchScreen: false, javascriptEnabled: true, locationContextEnabled: true, mobileEmulationEnabled: false, nativeEvents: true, networkConnectionEnabled: false, pageLoadStrategy: normal, platform: XP, platformName: XP, rotatable: false, setWindowRect: true, takesHeapSnapshot: true, takesScreenshot: true, unexpectedAlertBehaviour: , unhandledPromptBehavior: , version: 66.0.3359.181, webStorageEnabled: true}
Session ID: 5945c0d969a6e5b01ffb60d8f2254f22)

2018-05-22 11:00:39 - [MESSAGE][FAILED] - Unable to click on object 'Object Repository/DispensaryToStore/Page_Dispensary Store/a_Request to Store' (Root cause: org.openqa.selenium.WebDriverException: unknown error: Element <a href="#">...</a> is not clickable at point (109, 304). Other element would receive the click: <div class="modal-backdrop fade"></div>
  (Session info: chrome=66.0.3359.181)
  (Driver info: chromedriver=2.35.528161 (5b82f2d2aae0ca24b877009200ced9065a772e73),platform=Windows NT 10.0.17134 x86_64) (WARNING: The server did not provide any stacktrace information)
Command duration or timeout: 0 milliseconds
Build info: version: '3.7.1', revision: '8a0099a', time: '2017-11-06T21:07:36.161Z'
System info: host: 'DESKTOP-BLFTK83', ip: '169.254.189.85', os.name: 'Windows 10', os.arch: 'amd64', os.version: '10.0', java.version: '1.8.0_102'
Driver info: com.kms.katalon.selenium.driver.CChromeDriver
Capabilities {acceptInsecureCerts: false, acceptSslCerts: false, applicationCacheEnabled: false, browserConnectionEnabled: false, browserName: chrome, chrome: {chromedriverVersion: 2.35.528161 (5b82f2d2aae0ca..., userDataDir: C:\Users\QUALIT~1\AppData\L...}, cssSelectorsEnabled: true, databaseEnabled: false, handlesAlerts: true, hasTouchScreen: false, javascriptEnabled: true, locationContextEnabled: true, mobileEmulationEnabled: false, nativeEvents: true, networkConnectionEnabled: false, pageLoadStrategy: normal, platform: XP, platformName: XP, rotatable: false, setWindowRect: true, takesHeapSnapshot: true, takesScreenshot: true, unexpectedAlertBehaviour: , unhandledPromptBehavior: , version: 66.0.3359.181, webStorageEnabled: true}
Session ID: 5945c0d969a6e5b01ffb60d8f2254f22)
[[ATTACHMENT|C:\\Users\\Quality Analyst\\Katalon Studio\\ds\\Reports\\Dispensary_Store_Suite\\20180522_104904\\1526967039532.png]]]]></system-out>
         <system-err><![CDATA[2018-05-22 11:00:25 - [TEST_CASE][FAILED] - Test Cases/DISPENSARY TEST CASES/TC_DP_003 Verify Schedule 3 Dispensary Request Are Working Successfully Or Not: Test Cases/DISPENSARY TEST CASES/TC_DP_003 Verify Schedule 3 Dispensary Request Are Working Successfully Or Not FAILED because (of) Unable to click on object 'Object Repository/DispensaryToStore/Page_Dispensary Store/a_Request to Store' (Root cause: org.openqa.selenium.WebDriverException: unknown error: Element <a href="#">...</a> is not clickable at point (109, 304). Other element would receive the click: <div class="modal-backdrop fade"></div>
  (Session info: chrome=66.0.3359.181)
  (Driver info: chromedriver=2.35.528161 (5b82f2d2aae0ca24b877009200ced9065a772e73),platform=Windows NT 10.0.17134 x86_64) (WARNING: The server did not provide any stacktrace information)
Command duration or timeout: 0 milliseconds
Build info: version: '3.7.1', revision: '8a0099a', time: '2017-11-06T21:07:36.161Z'
System info: host: 'DESKTOP-BLFTK83', ip: '169.254.189.85', os.name: 'Windows 10', os.arch: 'amd64', os.version: '10.0', java.version: '1.8.0_102'
Driver info: com.kms.katalon.selenium.driver.CChromeDriver
Capabilities {acceptInsecureCerts: false, acceptSslCerts: false, applicationCacheEnabled: false, browserConnectionEnabled: false, browserName: chrome, chrome: {chromedriverVersion: 2.35.528161 (5b82f2d2aae0ca..., userDataDir: C:\Users\QUALIT~1\AppData\L...}, cssSelectorsEnabled: true, databaseEnabled: false, handlesAlerts: true, hasTouchScreen: false, javascriptEnabled: true, locationContextEnabled: true, mobileEmulationEnabled: false, nativeEvents: true, networkConnectionEnabled: false, pageLoadStrategy: normal, platform: XP, platformName: XP, rotatable: false, setWindowRect: true, takesHeapSnapshot: true, takesScreenshot: true, unexpectedAlertBehaviour: , unhandledPromptBehavior: , version: 66.0.3359.181, webStorageEnabled: true}
Session ID: 5945c0d969a6e5b01ffb60d8f2254f22)]]></system-err>
      </testcase>
      <testcase name="Test Cases/DISPENSARY TEST CASES/TC_DP_004 Verify Schedule 4 Dispensary Request Are Working Successfully Or Not" classname="Test Cases/DISPENSARY TEST CASES/TC_DP_004 Verify Schedule 4 Dispensary Request Are Working Successfully Or Not" status="PASSED">
         <system-out><![CDATA[2018-05-22 11:00:39 - [TEST_CASE][PASSED] - Test Cases/DISPENSARY TEST CASES/TC_DP_004 Verify Schedule 4 Dispensary Request Are Working Successfully Or Not: Test Cases/DISPENSARY TEST CASES/TC_DP_004 Verify Schedule 4 Dispensary Request Are Working Successfully Or Not

2018-05-22 11:00:40 - [TEST_STEP][PASSED] - openBrowser: Browser is opened with url: ''

2018-05-22 11:00:40 - [MESSAGE][WARNING] - A browser is already opened. Closing browser and opening a new one

2018-05-22 11:00:43 - [MESSAGE][PASSED] - Browser is opened with url: ''

2018-05-22 11:00:43 - [TEST_STEP][PASSED] - navigateToUrl: Navigate to 'http://192.168.137.1/multihospital_new/HDSplashscreen.aspx' successfully

2018-05-22 11:00:45 - [MESSAGE][PASSED] - Navigate to 'http://192.168.137.1/multihospital_new/HDSplashscreen.aspx' successfully

2018-05-22 11:00:45 - [TEST_STEP][PASSED] - maximizeWindow: Current window maximized

2018-05-22 11:00:46 - [MESSAGE][PASSED] - Current window maximized

2018-05-22 11:00:46 - [TEST_STEP][PASSED] - click: Object: 'Object Repository/DispensaryToStore/Page_KDMC/a_Dispensary Store' is clicked on

2018-05-22 11:00:47 - [MESSAGE][PASSED] - Object: 'Object Repository/DispensaryToStore/Page_KDMC/a_Dispensary Store' is clicked on

2018-05-22 11:00:47 - [TEST_STEP][PASSED] - setText: Text 'rajaram' is set on object 'Object Repository/DispensaryToStore/Page_Dispensary Store Login/input_txtusername'

2018-05-22 11:00:47 - [MESSAGE][PASSED] - Text 'rajaram' is set on object 'Object Repository/DispensaryToStore/Page_Dispensary Store Login/input_txtusername'

2018-05-22 11:00:47 - [TEST_STEP][PASSED] - setText: Text '123' is set on object 'Object Repository/DispensaryToStore/Page_Dispensary Store Login/input_txtpassword'

2018-05-22 11:00:47 - [MESSAGE][PASSED] - Text '123' is set on object 'Object Repository/DispensaryToStore/Page_Dispensary Store Login/input_txtpassword'

2018-05-22 11:00:47 - [TEST_STEP][PASSED] - delay: Delayed 3 second(s)

2018-05-22 11:00:50 - [MESSAGE][PASSED] - Delayed 3 second(s)

2018-05-22 11:00:50 - [TEST_STEP][PASSED] - sendKeys: Keys 'ENTER + ' sent to object: 'Object Repository/DispensaryToStore/Page_Dispensary Store Login/input_txtpassword'

2018-05-22 11:00:51 - [MESSAGE][PASSED] - Keys 'ENTER + ' sent to object: 'Object Repository/DispensaryToStore/Page_Dispensary Store Login/input_txtpassword'

2018-05-22 11:00:51 - [TEST_STEP][PASSED] - delay: Delayed 3 second(s)

2018-05-22 11:00:54 - [MESSAGE][PASSED] - Delayed 3 second(s)

2018-05-22 11:00:54 - [TEST_STEP][PASSED] - click: Object: 'Object Repository/DispensaryToStore/Page_Dispensary Store/a_Request to Store' is clicked on

2018-05-22 11:00:54 - [MESSAGE][PASSED] - Object: 'Object Repository/DispensaryToStore/Page_Dispensary Store/a_Request to Store' is clicked on

2018-05-22 11:00:54 - [TEST_STEP][PASSED] - click: Object: 'Object Repository/DispensaryToStore/Page_Dispensary Store/a_Medicine Request' is clicked on

2018-05-22 11:00:55 - [MESSAGE][PASSED] - Object: 'Object Repository/DispensaryToStore/Page_Dispensary Store/a_Medicine Request' is clicked on

2018-05-22 11:00:55 - [TEST_STEP][PASSED] - selectOptionByIndex: All options with index in [4] are selected on object 'Object Repository/DispensaryToStore/Page_Dispensary Store/select_--Select--Schedule 1Inj'

2018-05-22 11:00:55 - [MESSAGE][PASSED] - All options with index in [4] are selected on object 'Object Repository/DispensaryToStore/Page_Dispensary Store/select_--Select--Schedule 1Inj'

2018-05-22 11:00:55 - [TEST_STEP][PASSED] - Statement - medicineslength = com.kms.katalon.core.webui.keyword.WebUiBuiltInKeywords.getNumberOfTotalOption(com.kms.katalon.core.testobject.ObjectRepository.findTestObject(DispensaryToStore/Page_Dispensary Store/select_--Select--Adernaline 0.)): 16 options of object 'Object Repository/DispensaryToStore/Page_Dispensary Store/select_--Select--Adernaline 0.' counted

2018-05-22 11:00:55 - [MESSAGE][PASSED] - 16 options of object 'Object Repository/DispensaryToStore/Page_Dispensary Store/select_--Select--Adernaline 0.' counted

2018-05-22 11:00:55 - [TEST_STEP][PASSED] - Statement - For ([e = 1, e <= medicineslength - 1, (e++)]): Object: 'Object Repository/DispensaryToStore/Page_Dispensary Store/button_Add' is clicked on

2018-05-22 11:00:55 - [TEST_STEP][PASSED] - selectOptionByIndex: All options with index in [4] are selected on object 'Object Repository/DispensaryToStore/Page_Dispensary Store/select_--Select--Schedule 1Inj'

2018-05-22 11:00:55 - [MESSAGE][PASSED] - All options with index in [4] are selected on object 'Object Repository/DispensaryToStore/Page_Dispensary Store/select_--Select--Schedule 1Inj'

2018-05-22 11:00:55 - [TEST_STEP][PASSED] - selectOptionByIndex: All options with index in [1] are selected on object 'Object Repository/DispensaryToStore/Page_Dispensary Store/select_--Select--Adernaline 0.'

2018-05-22 11:00:55 - [MESSAGE][PASSED] - All options with index in [1] are selected on object 'Object Repository/DispensaryToStore/Page_Dispensary Store/select_--Select--Adernaline 0.'

2018-05-22 11:00:55 - [TEST_STEP][PASSED] - setText: Text '10' is set on object 'Object Repository/DispensaryToStore/Page_Dispensary Store/input_txttreat'

2018-05-22 11:00:56 - [MESSAGE][PASSED] - Text '10' is set on object 'Object Repository/DispensaryToStore/Page_Dispensary Store/input_txttreat'

2018-05-22 11:00:56 - [TEST_STEP][PASSED] - click: Object: 'Object Repository/DispensaryToStore/Page_Dispensary Store/button_Add' is clicked on

2018-05-22 11:00:56 - [MESSAGE][PASSED] - Object: 'Object Repository/DispensaryToStore/Page_Dispensary Store/button_Add' is clicked on

2018-05-22 11:00:56 - [TEST_STEP][PASSED] - selectOptionByIndex: All options with index in [4] are selected on object 'Object Repository/DispensaryToStore/Page_Dispensary Store/select_--Select--Schedule 1Inj'

2018-05-22 11:00:56 - [MESSAGE][PASSED] - All options with index in [4] are selected on object 'Object Repository/DispensaryToStore/Page_Dispensary Store/select_--Select--Schedule 1Inj'

2018-05-22 11:00:56 - [TEST_STEP][PASSED] - selectOptionByIndex: All options with index in [2] are selected on object 'Object Repository/DispensaryToStore/Page_Dispensary Store/select_--Select--Adernaline 0.'

2018-05-22 11:00:56 - [MESSAGE][PASSED] - All options with index in [2] are selected on object 'Object Repository/DispensaryToStore/Page_Dispensary Store/select_--Select--Adernaline 0.'

2018-05-22 11:00:56 - [TEST_STEP][PASSED] - setText: Text '10' is set on object 'Object Repository/DispensaryToStore/Page_Dispensary Store/input_txttreat'

2018-05-22 11:00:56 - [MESSAGE][PASSED] - Text '10' is set on object 'Object Repository/DispensaryToStore/Page_Dispensary Store/input_txttreat'

2018-05-22 11:00:56 - [TEST_STEP][PASSED] - click: Object: 'Object Repository/DispensaryToStore/Page_Dispensary Store/button_Add' is clicked on

2018-05-22 11:00:56 - [MESSAGE][PASSED] - Object: 'Object Repository/DispensaryToStore/Page_Dispensary Store/button_Add' is clicked on

2018-05-22 11:00:56 - [TEST_STEP][PASSED] - selectOptionByIndex: All options with index in [4] are selected on object 'Object Repository/DispensaryToStore/Page_Dispensary Store/select_--Select--Schedule 1Inj'

2018-05-22 11:00:56 - [MESSAGE][PASSED] - All options with index in [4] are selected on object 'Object Repository/DispensaryToStore/Page_Dispensary Store/select_--Select--Schedule 1Inj'

2018-05-22 11:00:56 - [TEST_STEP][PASSED] - selectOptionByIndex: All options with index in [3] are selected on object 'Object Repository/DispensaryToStore/Page_Dispensary Store/select_--Select--Adernaline 0.'

2018-05-22 11:00:56 - [MESSAGE][PASSED] - All options with index in [3] are selected on object 'Object Repository/DispensaryToStore/Page_Dispensary Store/select_--Select--Adernaline 0.'

2018-05-22 11:00:56 - [TEST_STEP][PASSED] - setText: Text '10' is set on object 'Object Repository/DispensaryToStore/Page_Dispensary Store/input_txttreat'

2018-05-22 11:00:57 - [MESSAGE][PASSED] - Text '10' is set on object 'Object Repository/DispensaryToStore/Page_Dispensary Store/input_txttreat'

2018-05-22 11:00:57 - [TEST_STEP][PASSED] - click: Object: 'Object Repository/DispensaryToStore/Page_Dispensary Store/button_Add' is clicked on

2018-05-22 11:00:57 - [MESSAGE][PASSED] - Object: 'Object Repository/DispensaryToStore/Page_Dispensary Store/button_Add' is clicked on

2018-05-22 11:00:57 - [TEST_STEP][PASSED] - selectOptionByIndex: All options with index in [4] are selected on object 'Object Repository/DispensaryToStore/Page_Dispensary Store/select_--Select--Schedule 1Inj'

2018-05-22 11:00:57 - [MESSAGE][PASSED] - All options with index in [4] are selected on object 'Object Repository/DispensaryToStore/Page_Dispensary Store/select_--Select--Schedule 1Inj'

2018-05-22 11:00:57 - [TEST_STEP][PASSED] - selectOptionByIndex: All options with index in [4] are selected on object 'Object Repository/DispensaryToStore/Page_Dispensary Store/select_--Select--Adernaline 0.'

2018-05-22 11:00:57 - [MESSAGE][PASSED] - All options with index in [4] are selected on object 'Object Repository/DispensaryToStore/Page_Dispensary Store/select_--Select--Adernaline 0.'

2018-05-22 11:00:57 - [TEST_STEP][PASSED] - setText: Text '10' is set on object 'Object Repository/DispensaryToStore/Page_Dispensary Store/input_txttreat'

2018-05-22 11:00:57 - [MESSAGE][PASSED] - Text '10' is set on object 'Object Repository/DispensaryToStore/Page_Dispensary Store/input_txttreat'

2018-05-22 11:00:57 - [TEST_STEP][PASSED] - click: Object: 'Object Repository/DispensaryToStore/Page_Dispensary Store/button_Add' is clicked on

2018-05-22 11:00:57 - [MESSAGE][PASSED] - Object: 'Object Repository/DispensaryToStore/Page_Dispensary Store/button_Add' is clicked on

2018-05-22 11:00:57 - [TEST_STEP][PASSED] - selectOptionByIndex: All options with index in [4] are selected on object 'Object Repository/DispensaryToStore/Page_Dispensary Store/select_--Select--Schedule 1Inj'

2018-05-22 11:00:57 - [MESSAGE][PASSED] - All options with index in [4] are selected on object 'Object Repository/DispensaryToStore/Page_Dispensary Store/select_--Select--Schedule 1Inj'

2018-05-22 11:00:57 - [TEST_STEP][PASSED] - selectOptionByIndex: All options with index in [5] are selected on object 'Object Repository/DispensaryToStore/Page_Dispensary Store/select_--Select--Adernaline 0.'

2018-05-22 11:00:57 - [MESSAGE][PASSED] - All options with index in [5] are selected on object 'Object Repository/DispensaryToStore/Page_Dispensary Store/select_--Select--Adernaline 0.'

2018-05-22 11:00:57 - [TEST_STEP][PASSED] - setText: Text '10' is set on object 'Object Repository/DispensaryToStore/Page_Dispensary Store/input_txttreat'

2018-05-22 11:00:57 - [MESSAGE][PASSED] - Text '10' is set on object 'Object Repository/DispensaryToStore/Page_Dispensary Store/input_txttreat'

2018-05-22 11:00:57 - [TEST_STEP][PASSED] - click: Object: 'Object Repository/DispensaryToStore/Page_Dispensary Store/button_Add' is clicked on

2018-05-22 11:00:57 - [MESSAGE][PASSED] - Object: 'Object Repository/DispensaryToStore/Page_Dispensary Store/button_Add' is clicked on

2018-05-22 11:00:57 - [TEST_STEP][PASSED] - selectOptionByIndex: All options with index in [4] are selected on object 'Object Repository/DispensaryToStore/Page_Dispensary Store/select_--Select--Schedule 1Inj'

2018-05-22 11:00:58 - [MESSAGE][PASSED] - All options with index in [4] are selected on object 'Object Repository/DispensaryToStore/Page_Dispensary Store/select_--Select--Schedule 1Inj'

2018-05-22 11:00:58 - [TEST_STEP][PASSED] - selectOptionByIndex: All options with index in [6] are selected on object 'Object Repository/DispensaryToStore/Page_Dispensary Store/select_--Select--Adernaline 0.'

2018-05-22 11:00:58 - [MESSAGE][PASSED] - All options with index in [6] are selected on object 'Object Repository/DispensaryToStore/Page_Dispensary Store/select_--Select--Adernaline 0.'

2018-05-22 11:00:58 - [TEST_STEP][PASSED] - setText: Text '10' is set on object 'Object Repository/DispensaryToStore/Page_Dispensary Store/input_txttreat'

2018-05-22 11:00:58 - [MESSAGE][PASSED] - Text '10' is set on object 'Object Repository/DispensaryToStore/Page_Dispensary Store/input_txttreat'

2018-05-22 11:00:58 - [TEST_STEP][PASSED] - click: Object: 'Object Repository/DispensaryToStore/Page_Dispensary Store/button_Add' is clicked on

2018-05-22 11:00:58 - [MESSAGE][PASSED] - Object: 'Object Repository/DispensaryToStore/Page_Dispensary Store/button_Add' is clicked on

2018-05-22 11:00:58 - [TEST_STEP][PASSED] - selectOptionByIndex: All options with index in [4] are selected on object 'Object Repository/DispensaryToStore/Page_Dispensary Store/select_--Select--Schedule 1Inj'

2018-05-22 11:00:58 - [MESSAGE][PASSED] - All options with index in [4] are selected on object 'Object Repository/DispensaryToStore/Page_Dispensary Store/select_--Select--Schedule 1Inj'

2018-05-22 11:00:58 - [TEST_STEP][PASSED] - selectOptionByIndex: All options with index in [7] are selected on object 'Object Repository/DispensaryToStore/Page_Dispensary Store/select_--Select--Adernaline 0.'

2018-05-22 11:00:58 - [MESSAGE][PASSED] - All options with index in [7] are selected on object 'Object Repository/DispensaryToStore/Page_Dispensary Store/select_--Select--Adernaline 0.'

2018-05-22 11:00:58 - [TEST_STEP][PASSED] - setText: Text '10' is set on object 'Object Repository/DispensaryToStore/Page_Dispensary Store/input_txttreat'

2018-05-22 11:00:58 - [MESSAGE][PASSED] - Text '10' is set on object 'Object Repository/DispensaryToStore/Page_Dispensary Store/input_txttreat'

2018-05-22 11:00:58 - [TEST_STEP][PASSED] - click: Object: 'Object Repository/DispensaryToStore/Page_Dispensary Store/button_Add' is clicked on

2018-05-22 11:00:58 - [MESSAGE][PASSED] - Object: 'Object Repository/DispensaryToStore/Page_Dispensary Store/button_Add' is clicked on

2018-05-22 11:00:58 - [TEST_STEP][PASSED] - selectOptionByIndex: All options with index in [4] are selected on object 'Object Repository/DispensaryToStore/Page_Dispensary Store/select_--Select--Schedule 1Inj'

2018-05-22 11:00:59 - [MESSAGE][PASSED] - All options with index in [4] are selected on object 'Object Repository/DispensaryToStore/Page_Dispensary Store/select_--Select--Schedule 1Inj'

2018-05-22 11:00:59 - [TEST_STEP][PASSED] - selectOptionByIndex: All options with index in [8] are selected on object 'Object Repository/DispensaryToStore/Page_Dispensary Store/select_--Select--Adernaline 0.'

2018-05-22 11:00:59 - [MESSAGE][PASSED] - All options with index in [8] are selected on object 'Object Repository/DispensaryToStore/Page_Dispensary Store/select_--Select--Adernaline 0.'

2018-05-22 11:00:59 - [TEST_STEP][PASSED] - setText: Text '10' is set on object 'Object Repository/DispensaryToStore/Page_Dispensary Store/input_txttreat'

2018-05-22 11:00:59 - [MESSAGE][PASSED] - Text '10' is set on object 'Object Repository/DispensaryToStore/Page_Dispensary Store/input_txttreat'

2018-05-22 11:00:59 - [TEST_STEP][PASSED] - click: Object: 'Object Repository/DispensaryToStore/Page_Dispensary Store/button_Add' is clicked on

2018-05-22 11:00:59 - [MESSAGE][PASSED] - Object: 'Object Repository/DispensaryToStore/Page_Dispensary Store/button_Add' is clicked on

2018-05-22 11:00:59 - [TEST_STEP][PASSED] - selectOptionByIndex: All options with index in [4] are selected on object 'Object Repository/DispensaryToStore/Page_Dispensary Store/select_--Select--Schedule 1Inj'

2018-05-22 11:00:59 - [MESSAGE][PASSED] - All options with index in [4] are selected on object 'Object Repository/DispensaryToStore/Page_Dispensary Store/select_--Select--Schedule 1Inj'

2018-05-22 11:00:59 - [TEST_STEP][PASSED] - selectOptionByIndex: All options with index in [9] are selected on object 'Object Repository/DispensaryToStore/Page_Dispensary Store/select_--Select--Adernaline 0.'

2018-05-22 11:00:59 - [MESSAGE][PASSED] - All options with index in [9] are selected on object 'Object Repository/DispensaryToStore/Page_Dispensary Store/select_--Select--Adernaline 0.'

2018-05-22 11:00:59 - [TEST_STEP][PASSED] - setText: Text '10' is set on object 'Object Repository/DispensaryToStore/Page_Dispensary Store/input_txttreat'

2018-05-22 11:01:00 - [MESSAGE][PASSED] - Text '10' is set on object 'Object Repository/DispensaryToStore/Page_Dispensary Store/input_txttreat'

2018-05-22 11:01:00 - [TEST_STEP][PASSED] - click: Object: 'Object Repository/DispensaryToStore/Page_Dispensary Store/button_Add' is clicked on

2018-05-22 11:01:00 - [MESSAGE][PASSED] - Object: 'Object Repository/DispensaryToStore/Page_Dispensary Store/button_Add' is clicked on

2018-05-22 11:01:00 - [TEST_STEP][PASSED] - selectOptionByIndex: All options with index in [4] are selected on object 'Object Repository/DispensaryToStore/Page_Dispensary Store/select_--Select--Schedule 1Inj'

2018-05-22 11:01:00 - [MESSAGE][PASSED] - All options with index in [4] are selected on object 'Object Repository/DispensaryToStore/Page_Dispensary Store/select_--Select--Schedule 1Inj'

2018-05-22 11:01:00 - [TEST_STEP][PASSED] - selectOptionByIndex: All options with index in [10] are selected on object 'Object Repository/DispensaryToStore/Page_Dispensary Store/select_--Select--Adernaline 0.'

2018-05-22 11:01:00 - [MESSAGE][PASSED] - All options with index in [10] are selected on object 'Object Repository/DispensaryToStore/Page_Dispensary Store/select_--Select--Adernaline 0.'

2018-05-22 11:01:00 - [TEST_STEP][PASSED] - setText: Text '10' is set on object 'Object Repository/DispensaryToStore/Page_Dispensary Store/input_txttreat'

2018-05-22 11:01:00 - [MESSAGE][PASSED] - Text '10' is set on object 'Object Repository/DispensaryToStore/Page_Dispensary Store/input_txttreat'

2018-05-22 11:01:00 - [TEST_STEP][PASSED] - click: Object: 'Object Repository/DispensaryToStore/Page_Dispensary Store/button_Add' is clicked on

2018-05-22 11:01:00 - [MESSAGE][PASSED] - Object: 'Object Repository/DispensaryToStore/Page_Dispensary Store/button_Add' is clicked on

2018-05-22 11:01:00 - [TEST_STEP][PASSED] - selectOptionByIndex: All options with index in [4] are selected on object 'Object Repository/DispensaryToStore/Page_Dispensary Store/select_--Select--Schedule 1Inj'

2018-05-22 11:01:00 - [MESSAGE][PASSED] - All options with index in [4] are selected on object 'Object Repository/DispensaryToStore/Page_Dispensary Store/select_--Select--Schedule 1Inj'

2018-05-22 11:01:00 - [TEST_STEP][PASSED] - selectOptionByIndex: All options with index in [11] are selected on object 'Object Repository/DispensaryToStore/Page_Dispensary Store/select_--Select--Adernaline 0.'

2018-05-22 11:01:00 - [MESSAGE][PASSED] - All options with index in [11] are selected on object 'Object Repository/DispensaryToStore/Page_Dispensary Store/select_--Select--Adernaline 0.'

2018-05-22 11:01:00 - [TEST_STEP][PASSED] - setText: Text '10' is set on object 'Object Repository/DispensaryToStore/Page_Dispensary Store/input_txttreat'

2018-05-22 11:01:01 - [MESSAGE][PASSED] - Text '10' is set on object 'Object Repository/DispensaryToStore/Page_Dispensary Store/input_txttreat'

2018-05-22 11:01:01 - [TEST_STEP][PASSED] - click: Object: 'Object Repository/DispensaryToStore/Page_Dispensary Store/button_Add' is clicked on

2018-05-22 11:01:01 - [MESSAGE][PASSED] - Object: 'Object Repository/DispensaryToStore/Page_Dispensary Store/button_Add' is clicked on

2018-05-22 11:01:01 - [TEST_STEP][PASSED] - selectOptionByIndex: All options with index in [4] are selected on object 'Object Repository/DispensaryToStore/Page_Dispensary Store/select_--Select--Schedule 1Inj'

2018-05-22 11:01:01 - [MESSAGE][PASSED] - All options with index in [4] are selected on object 'Object Repository/DispensaryToStore/Page_Dispensary Store/select_--Select--Schedule 1Inj'

2018-05-22 11:01:01 - [TEST_STEP][PASSED] - selectOptionByIndex: All options with index in [12] are selected on object 'Object Repository/DispensaryToStore/Page_Dispensary Store/select_--Select--Adernaline 0.'

2018-05-22 11:01:01 - [MESSAGE][PASSED] - All options with index in [12] are selected on object 'Object Repository/DispensaryToStore/Page_Dispensary Store/select_--Select--Adernaline 0.'

2018-05-22 11:01:01 - [TEST_STEP][PASSED] - setText: Text '10' is set on object 'Object Repository/DispensaryToStore/Page_Dispensary Store/input_txttreat'

2018-05-22 11:01:01 - [MESSAGE][PASSED] - Text '10' is set on object 'Object Repository/DispensaryToStore/Page_Dispensary Store/input_txttreat'

2018-05-22 11:01:01 - [TEST_STEP][PASSED] - click: Object: 'Object Repository/DispensaryToStore/Page_Dispensary Store/button_Add' is clicked on

2018-05-22 11:01:01 - [MESSAGE][PASSED] - Object: 'Object Repository/DispensaryToStore/Page_Dispensary Store/button_Add' is clicked on

2018-05-22 11:01:01 - [TEST_STEP][PASSED] - selectOptionByIndex: All options with index in [4] are selected on object 'Object Repository/DispensaryToStore/Page_Dispensary Store/select_--Select--Schedule 1Inj'

2018-05-22 11:01:01 - [MESSAGE][PASSED] - All options with index in [4] are selected on object 'Object Repository/DispensaryToStore/Page_Dispensary Store/select_--Select--Schedule 1Inj'

2018-05-22 11:01:01 - [TEST_STEP][PASSED] - selectOptionByIndex: All options with index in [13] are selected on object 'Object Repository/DispensaryToStore/Page_Dispensary Store/select_--Select--Adernaline 0.'

2018-05-22 11:01:02 - [MESSAGE][PASSED] - All options with index in [13] are selected on object 'Object Repository/DispensaryToStore/Page_Dispensary Store/select_--Select--Adernaline 0.'

2018-05-22 11:01:02 - [TEST_STEP][PASSED] - setText: Text '10' is set on object 'Object Repository/DispensaryToStore/Page_Dispensary Store/input_txttreat'

2018-05-22 11:01:02 - [MESSAGE][PASSED] - Text '10' is set on object 'Object Repository/DispensaryToStore/Page_Dispensary Store/input_txttreat'

2018-05-22 11:01:02 - [TEST_STEP][PASSED] - click: Object: 'Object Repository/DispensaryToStore/Page_Dispensary Store/button_Add' is clicked on

2018-05-22 11:01:02 - [MESSAGE][PASSED] - Object: 'Object Repository/DispensaryToStore/Page_Dispensary Store/button_Add' is clicked on

2018-05-22 11:01:02 - [TEST_STEP][PASSED] - selectOptionByIndex: All options with index in [4] are selected on object 'Object Repository/DispensaryToStore/Page_Dispensary Store/select_--Select--Schedule 1Inj'

2018-05-22 11:01:02 - [MESSAGE][PASSED] - All options with index in [4] are selected on object 'Object Repository/DispensaryToStore/Page_Dispensary Store/select_--Select--Schedule 1Inj'

2018-05-22 11:01:02 - [TEST_STEP][PASSED] - selectOptionByIndex: All options with index in [14] are selected on object 'Object Repository/DispensaryToStore/Page_Dispensary Store/select_--Select--Adernaline 0.'

2018-05-22 11:01:02 - [MESSAGE][PASSED] - All options with index in [14] are selected on object 'Object Repository/DispensaryToStore/Page_Dispensary Store/select_--Select--Adernaline 0.'

2018-05-22 11:01:02 - [TEST_STEP][PASSED] - setText: Text '10' is set on object 'Object Repository/DispensaryToStore/Page_Dispensary Store/input_txttreat'

2018-05-22 11:01:02 - [MESSAGE][PASSED] - Text '10' is set on object 'Object Repository/DispensaryToStore/Page_Dispensary Store/input_txttreat'

2018-05-22 11:01:02 - [TEST_STEP][PASSED] - click: Object: 'Object Repository/DispensaryToStore/Page_Dispensary Store/button_Add' is clicked on

2018-05-22 11:01:02 - [MESSAGE][PASSED] - Object: 'Object Repository/DispensaryToStore/Page_Dispensary Store/button_Add' is clicked on

2018-05-22 11:01:02 - [TEST_STEP][PASSED] - selectOptionByIndex: All options with index in [4] are selected on object 'Object Repository/DispensaryToStore/Page_Dispensary Store/select_--Select--Schedule 1Inj'

2018-05-22 11:01:02 - [MESSAGE][PASSED] - All options with index in [4] are selected on object 'Object Repository/DispensaryToStore/Page_Dispensary Store/select_--Select--Schedule 1Inj'

2018-05-22 11:01:02 - [TEST_STEP][PASSED] - selectOptionByIndex: All options with index in [15] are selected on object 'Object Repository/DispensaryToStore/Page_Dispensary Store/select_--Select--Adernaline 0.'

2018-05-22 11:01:03 - [MESSAGE][PASSED] - All options with index in [15] are selected on object 'Object Repository/DispensaryToStore/Page_Dispensary Store/select_--Select--Adernaline 0.'

2018-05-22 11:01:03 - [TEST_STEP][PASSED] - setText: Text '10' is set on object 'Object Repository/DispensaryToStore/Page_Dispensary Store/input_txttreat'

2018-05-22 11:01:03 - [MESSAGE][PASSED] - Text '10' is set on object 'Object Repository/DispensaryToStore/Page_Dispensary Store/input_txttreat'

2018-05-22 11:01:03 - [TEST_STEP][PASSED] - click: Object: 'Object Repository/DispensaryToStore/Page_Dispensary Store/button_Add' is clicked on

2018-05-22 11:01:03 - [MESSAGE][PASSED] - Object: 'Object Repository/DispensaryToStore/Page_Dispensary Store/button_Add' is clicked on

2018-05-22 11:01:03 - [TEST_STEP][PASSED] - scrollToElement: Scroll to object 'Object Repository/DispensaryToStore/Page_Dispensary Store/input_btnsave' successfully

2018-05-22 11:01:03 - [MESSAGE][PASSED] - Scroll to object 'Object Repository/DispensaryToStore/Page_Dispensary Store/input_btnsave' successfully

2018-05-22 11:01:03 - [TEST_STEP][PASSED] - click: Object: 'Object Repository/DispensaryToStore/Page_Dispensary Store/input_btnsave' is clicked on

2018-05-22 11:01:03 - [MESSAGE][PASSED] - Object: 'Object Repository/DispensaryToStore/Page_Dispensary Store/input_btnsave' is clicked on

2018-05-22 11:01:03 - [TEST_STEP][PASSED] - delay: Delayed 3 second(s)

2018-05-22 11:01:06 - [MESSAGE][PASSED] - Delayed 3 second(s)

2018-05-22 11:01:06 - [TEST_STEP][PASSED] - Statement - RN1 = com.kms.katalon.core.webui.keyword.WebUiBuiltInKeywords.getText(com.kms.katalon.core.testobject.ObjectRepository.findTestObject(DispensaryToStore/Page_Dispensary Store/font_HPRNO180520187)): Text of object 'Object Repository/DispensaryToStore/Page_Dispensary Store/font_HPRNO180520187' is: 'DPRNO/22052018/53'

2018-05-22 11:01:06 - [MESSAGE][PASSED] - Text of object 'Object Repository/DispensaryToStore/Page_Dispensary Store/font_HPRNO180520187' is: 'DPRNO/22052018/53'

2018-05-22 11:01:06 - [TEST_STEP][PASSED] - Statement - out.println(RN1): null

2018-05-22 11:01:06 - [TEST_STEP][PASSED] - Statement - RID = RN1.split("/")[2]: null

2018-05-22 11:01:06 - [TEST_STEP][PASSED] - click: Object: 'Object Repository/DispensaryToStore/Page_Dispensary Store/button_OK' is clicked on

2018-05-22 11:01:07 - [MESSAGE][PASSED] - Object: 'Object Repository/DispensaryToStore/Page_Dispensary Store/button_OK' is clicked on

2018-05-22 11:01:07 - [TEST_STEP][PASSED] - delay: Delayed 3 second(s)

2018-05-22 11:01:10 - [MESSAGE][PASSED] - Delayed 3 second(s)

2018-05-22 11:01:10 - [TEST_STEP][PASSED] - waitForElementPresent: Object 'Object Repository/DispensaryToStore/Page_Dispensary Store/a_dropdown-toggle' is present

2018-05-22 11:01:10 - [MESSAGE][PASSED] - Object 'Object Repository/DispensaryToStore/Page_Dispensary Store/a_dropdown-toggle' is present

2018-05-22 11:01:10 - [TEST_STEP][PASSED] - click: Object: 'Object Repository/DispensaryToStore/Page_Dispensary Store/a_dropdown-toggle' is clicked on

2018-05-22 11:01:10 - [MESSAGE][PASSED] - Object: 'Object Repository/DispensaryToStore/Page_Dispensary Store/a_dropdown-toggle' is clicked on

2018-05-22 11:01:10 - [TEST_STEP][PASSED] - click: Object: 'Object Repository/DispensaryToStore/Page_Dispensary Store/a_Sign out' is clicked on

2018-05-22 11:01:10 - [MESSAGE][PASSED] - Object: 'Object Repository/DispensaryToStore/Page_Dispensary Store/a_Sign out' is clicked on

2018-05-22 11:01:10 - [TEST_STEP][PASSED] - delay: Delayed 3 second(s)

2018-05-22 11:01:13 - [MESSAGE][PASSED] - Delayed 3 second(s)

2018-05-22 11:01:13 - [TEST_STEP][PASSED] - navigateToUrl: Navigate to 'http://192.168.137.1/multihospital_new/' successfully

2018-05-22 11:01:14 - [MESSAGE][PASSED] - Navigate to 'http://192.168.137.1/multihospital_new/' successfully

2018-05-22 11:01:14 - [TEST_STEP][PASSED] - click: Object: 'Object Repository/DispensaryToStore/Page_KDMC/a_CMO' is clicked on

2018-05-22 11:01:14 - [MESSAGE][PASSED] - Object: 'Object Repository/DispensaryToStore/Page_KDMC/a_CMO' is clicked on

2018-05-22 11:01:14 - [TEST_STEP][PASSED] - setText: Text 'guru' is set on object 'Object Repository/DispensaryToStore/Page_CMO login/input_txtusername'

2018-05-22 11:01:14 - [MESSAGE][PASSED] - Text 'guru' is set on object 'Object Repository/DispensaryToStore/Page_CMO login/input_txtusername'

2018-05-22 11:01:14 - [TEST_STEP][PASSED] - setText: Text '123' is set on object 'Object Repository/DispensaryToStore/Page_CMO login/input_txtpassword'

2018-05-22 11:01:15 - [MESSAGE][PASSED] - Text '123' is set on object 'Object Repository/DispensaryToStore/Page_CMO login/input_txtpassword'

2018-05-22 11:01:15 - [TEST_STEP][PASSED] - delay: Delayed 3 second(s)

2018-05-22 11:01:18 - [MESSAGE][PASSED] - Delayed 3 second(s)

2018-05-22 11:01:18 - [TEST_STEP][PASSED] - click: Object: 'Object Repository/DispensaryToStore/Page_CMO login/button_Sign in' is clicked on

2018-05-22 11:01:18 - [MESSAGE][PASSED] - Object: 'Object Repository/DispensaryToStore/Page_CMO login/button_Sign in' is clicked on

2018-05-22 11:01:18 - [TEST_STEP][PASSED] - click: Object: 'Object Repository/DispensaryToStore/Page_KDMC - CMO/a_Department Wise Request' is clicked on

2018-05-22 11:01:21 - [MESSAGE][PASSED] - Object: 'Object Repository/DispensaryToStore/Page_KDMC - CMO/a_Department Wise Request' is clicked on

2018-05-22 11:01:21 - [TEST_STEP][PASSED] - delay: Delayed 2 second(s)

2018-05-22 11:01:23 - [MESSAGE][PASSED] - Delayed 2 second(s)

2018-05-22 11:01:23 - [TEST_STEP][PASSED] - selectOptionByIndex: All options with index in [6] are selected on object 'Object Repository/DispensaryToStore/Page_KDMC - CMO/select_--ALL--'

2018-05-22 11:01:23 - [MESSAGE][PASSED] - All options with index in [6] are selected on object 'Object Repository/DispensaryToStore/Page_KDMC - CMO/select_--ALL--'

2018-05-22 11:01:23 - [TEST_STEP][PASSED] - click: Object: 'Object Repository/DispensaryToStore/Page_KDMC - CMO/input_btnsearch' is clicked on

2018-05-22 11:01:23 - [MESSAGE][PASSED] - Object: 'Object Repository/DispensaryToStore/Page_KDMC - CMO/input_btnsearch' is clicked on

2018-05-22 11:01:23 - [TEST_STEP][PASSED] - selectOptionByIndex: All options with index in [1] are selected on object 'Object Repository/DispensaryToStore/Page_KDMC - CMO/select_--ALL--                _1'

2018-05-22 11:01:23 - [MESSAGE][PASSED] - All options with index in [1] are selected on object 'Object Repository/DispensaryToStore/Page_KDMC - CMO/select_--ALL--                _1'

2018-05-22 11:01:23 - [TEST_STEP][PASSED] - click: Object: 'Object Repository/DispensaryToStore/Page_KDMC - CMO/input_btnsearch' is clicked on

2018-05-22 11:01:23 - [MESSAGE][PASSED] - Object: 'Object Repository/DispensaryToStore/Page_KDMC - CMO/input_btnsearch' is clicked on

2018-05-22 11:01:23 - [TEST_STEP][PASSED] - Statement - ID = com.kms.katalon.core.webui.keyword.WebUiBuiltInKeywords.modifyObjectProperty(com.kms.katalon.core.testobject.ObjectRepository.findTestObject(lab/Page_KDMC - CMO/input_1), "xpath", "equals", "//*[@id=" + RID + "]", true): Modify property of object successfully

2018-05-22 11:01:23 - [MESSAGE][PASSED] - Modify property of object successfully

2018-05-22 11:01:23 - [TEST_STEP][PASSED] - click: Object: 'Object Repository/lab/Page_KDMC - CMO/input_1' is clicked on

2018-05-22 11:01:24 - [MESSAGE][PASSED] - Object: 'Object Repository/lab/Page_KDMC - CMO/input_1' is clicked on

2018-05-22 11:01:24 - [TEST_STEP][PASSED] - delay: Delayed 2 second(s)

2018-05-22 11:01:26 - [MESSAGE][PASSED] - Delayed 2 second(s)

2018-05-22 11:01:26 - [TEST_STEP][PASSED] - selectOptionByIndex: All options with index in [1] are selected on object 'Object Repository/DispensaryToStore/Page_KDMC - CMO/select_--Select--'

2018-05-22 11:01:26 - [MESSAGE][PASSED] - All options with index in [1] are selected on object 'Object Repository/DispensaryToStore/Page_KDMC - CMO/select_--Select--'

2018-05-22 11:01:26 - [TEST_STEP][PASSED] - click: Object: 'Object Repository/DispensaryToStore/Page_KDMC - CMO/input_btnupdate' is clicked on

2018-05-22 11:01:26 - [MESSAGE][PASSED] - Object: 'Object Repository/DispensaryToStore/Page_KDMC - CMO/input_btnupdate' is clicked on

2018-05-22 11:01:26 - [TEST_STEP][PASSED] - delay: Delayed 2 second(s)

2018-05-22 11:01:28 - [MESSAGE][PASSED] - Delayed 2 second(s)

2018-05-22 11:01:28 - [TEST_STEP][PASSED] - click: Object: 'Object Repository/DispensaryToStore/Page_KDMC - CMO/button_OK' is clicked on

2018-05-22 11:01:29 - [MESSAGE][PASSED] - Object: 'Object Repository/DispensaryToStore/Page_KDMC - CMO/button_OK' is clicked on

2018-05-22 11:01:29 - [TEST_STEP][PASSED] - delay: Delayed 2 second(s)

2018-05-22 11:01:31 - [MESSAGE][PASSED] - Delayed 2 second(s)

2018-05-22 11:01:31 - [TEST_STEP][PASSED] - waitForElementPresent: Object 'Object Repository/DispensaryToStore/Page_Dispensary Store/a_dropdown-toggle' is not present after 20 second(s)

2018-05-22 11:01:51 - [MESSAGE][WARNING] - Object 'Object Repository/DispensaryToStore/Page_Dispensary Store/a_dropdown-toggle' is not present after 20 second(s)

2018-05-22 11:01:51 - [TEST_STEP][PASSED] - click: Object: 'Object Repository/DispensaryToStore/Page_KDMC - CMO/a_dropdown-toggle' is clicked on

2018-05-22 11:01:51 - [MESSAGE][PASSED] - Object: 'Object Repository/DispensaryToStore/Page_KDMC - CMO/a_dropdown-toggle' is clicked on

2018-05-22 11:01:51 - [TEST_STEP][PASSED] - click: Object: 'Object Repository/DispensaryToStore/Page_KDMC - CMO/a_Sign out' is clicked on

2018-05-22 11:01:52 - [MESSAGE][PASSED] - Object: 'Object Repository/DispensaryToStore/Page_KDMC - CMO/a_Sign out' is clicked on

2018-05-22 11:01:52 - [TEST_STEP][PASSED] - delay: Delayed 3 second(s)

2018-05-22 11:01:55 - [MESSAGE][PASSED] - Delayed 3 second(s)

2018-05-22 11:01:55 - [TEST_STEP][PASSED] - click: Object: 'Object Repository/DispensaryToStore/Page_KDMC/a_Divisional Store' is clicked on

2018-05-22 11:01:56 - [MESSAGE][PASSED] - Object: 'Object Repository/DispensaryToStore/Page_KDMC/a_Divisional Store' is clicked on

2018-05-22 11:01:56 - [TEST_STEP][PASSED] - setText: Text 'ragu' is set on object 'Object Repository/DispensaryToStore/Page_Divisonal Store Login/input_txtusername'

2018-05-22 11:01:56 - [MESSAGE][PASSED] - Text 'ragu' is set on object 'Object Repository/DispensaryToStore/Page_Divisonal Store Login/input_txtusername'

2018-05-22 11:01:56 - [TEST_STEP][PASSED] - setText: Text '123' is set on object 'Object Repository/DispensaryToStore/Page_Divisonal Store Login/input_txtpassword'

2018-05-22 11:01:56 - [MESSAGE][PASSED] - Text '123' is set on object 'Object Repository/DispensaryToStore/Page_Divisonal Store Login/input_txtpassword'

2018-05-22 11:01:56 - [TEST_STEP][PASSED] - delay: Delayed 3 second(s)

2018-05-22 11:01:59 - [MESSAGE][PASSED] - Delayed 3 second(s)

2018-05-22 11:01:59 - [TEST_STEP][PASSED] - click: Object: 'Object Repository/DispensaryToStore/Page_Divisonal Store Login/button_Sign in' is clicked on

2018-05-22 11:02:01 - [MESSAGE][PASSED] - Object: 'Object Repository/DispensaryToStore/Page_Divisonal Store Login/button_Sign in' is clicked on

2018-05-22 11:02:01 - [TEST_STEP][PASSED] - delay: Delayed 3 second(s)

2018-05-22 11:02:04 - [MESSAGE][PASSED] - Delayed 3 second(s)

2018-05-22 11:02:04 - [TEST_STEP][PASSED] - scrollToPosition: Browser is scrolled to position x = 100, y = 100

2018-05-22 11:02:04 - [MESSAGE][PASSED] - Browser is scrolled to position x = 100, y = 100

2018-05-22 11:02:04 - [TEST_STEP][PASSED] - click: Object: 'Object Repository/DispensaryToStore/Page_Store/a_Dispensary Request' is clicked on

2018-05-22 11:02:04 - [MESSAGE][PASSED] - Object: 'Object Repository/DispensaryToStore/Page_Store/a_Dispensary Request' is clicked on

2018-05-22 11:02:04 - [TEST_STEP][PASSED] - delay: Delayed 2 second(s)

2018-05-22 11:02:06 - [MESSAGE][PASSED] - Delayed 2 second(s)

2018-05-22 11:02:06 - [TEST_STEP][PASSED] - click: Object: 'Object Repository/DispensaryToStore/Page_Store/a_Request Item Dispensary' is clicked on

2018-05-22 11:02:07 - [MESSAGE][PASSED] - Object: 'Object Repository/DispensaryToStore/Page_Store/a_Request Item Dispensary' is clicked on

2018-05-22 11:02:07 - [TEST_STEP][PASSED] - Statement - ChooseRequest = com.kms.katalon.core.webui.keyword.WebUiBuiltInKeywords.modifyObjectProperty(com.kms.katalon.core.testobject.ObjectRepository.findTestObject(lab/Page_Store/input_1), "xpath", "equals", "//*[@id=" + RID + "]", true): Modify property of object successfully

2018-05-22 11:02:07 - [MESSAGE][PASSED] - Modify property of object successfully

2018-05-22 11:02:07 - [TEST_STEP][PASSED] - click: Object: 'Object Repository/lab/Page_Store/input_1' is clicked on

2018-05-22 11:02:07 - [MESSAGE][PASSED] - Object: 'Object Repository/lab/Page_Store/input_1' is clicked on

2018-05-22 11:02:07 - [TEST_STEP][PASSED] - Statement - selectedoptions = com.kms.katalon.core.webui.keyword.WebUiBuiltInKeywords.getNumberOfTotalOption(com.kms.katalon.core.testobject.ObjectRepository.findTestObject(DispensaryToStore/Page_Store/select_--Select--Adernaline 0.)): 16 options of object 'Object Repository/DispensaryToStore/Page_Store/select_--Select--Adernaline 0.' counted

2018-05-22 11:02:07 - [MESSAGE][PASSED] - 16 options of object 'Object Repository/DispensaryToStore/Page_Store/select_--Select--Adernaline 0.' counted

2018-05-22 11:02:07 - [TEST_STEP][PASSED] - Statement - For ([a = 1, a <= selectedoptions - 1, (a++)]): null

2018-05-22 11:02:07 - [TEST_STEP][PASSED] - selectOptionByIndex: All options with index in [1] are selected on object 'Object Repository/DispensaryToStore/Page_Store/select_--Select--Adernaline 0.'

2018-05-22 11:02:08 - [MESSAGE][PASSED] - All options with index in [1] are selected on object 'Object Repository/DispensaryToStore/Page_Store/select_--Select--Adernaline 0.'

2018-05-22 11:02:08 - [TEST_STEP][PASSED] - delay: Delayed 2 second(s)

2018-05-22 11:02:10 - [MESSAGE][PASSED] - Delayed 2 second(s)

2018-05-22 11:02:10 - [TEST_STEP][PASSED] - Statement - RequestedQty = com.kms.katalon.core.webui.keyword.WebUiBuiltInKeywords.getAttribute(com.kms.katalon.core.testobject.ObjectRepository.findTestObject(DispensaryToStore/Page_Store/input_txttotal), "value"): Attribute 'value' of object 'Object Repository/DispensaryToStore/Page_Store/input_txttotal' is: '10'

2018-05-22 11:02:10 - [MESSAGE][PASSED] - Attribute 'value' of object 'Object Repository/DispensaryToStore/Page_Store/input_txttotal' is: '10'

2018-05-22 11:02:10 - [TEST_STEP][PASSED] - Statement - out.println("Requested QTY : " + RequestedQty): null

2018-05-22 11:02:10 - [TEST_STEP][PASSED] - Statement - BatchNumber = com.kms.katalon.core.webui.keyword.WebUiBuiltInKeywords.getNumberOfTotalOption(com.kms.katalon.core.testobject.ObjectRepository.findTestObject(DispensaryToStore/Page_Store/select_--Select--BA1170BA2376B)): 6 options of object 'Object Repository/DispensaryToStore/Page_Store/select_--Select--BA1170BA2376B' counted

2018-05-22 11:02:10 - [MESSAGE][PASSED] - 6 options of object 'Object Repository/DispensaryToStore/Page_Store/select_--Select--BA1170BA2376B' counted

2018-05-22 11:02:10 - [TEST_STEP][PASSED] - Statement - For ([g = 1, g <= BatchNumber - 1, (g++)]): null

2018-05-22 11:02:10 - [TEST_STEP][PASSED] - selectOptionByIndex: All options with index in [1] are selected on object 'Object Repository/DispensaryToStore/Page_Store/select_--Select--BA1170BA2376B'

2018-05-22 11:02:10 - [MESSAGE][PASSED] - All options with index in [1] are selected on object 'Object Repository/DispensaryToStore/Page_Store/select_--Select--BA1170BA2376B'

2018-05-22 11:02:10 - [TEST_STEP][PASSED] - Statement - Try: null

2018-05-22 11:02:10 - [TEST_STEP][PASSED] - Statement - StockQty = com.kms.katalon.core.webui.keyword.WebUiBuiltInKeywords.getAttribute(com.kms.katalon.core.testobject.ObjectRepository.findTestObject(DispensaryToStore/Page_Store/input_txtprice), "value"): Attribute 'value' of object 'Object Repository/DispensaryToStore/Page_Store/input_txtprice' is: '200'

2018-05-22 11:02:10 - [MESSAGE][PASSED] - Attribute 'value' of object 'Object Repository/DispensaryToStore/Page_Store/input_txtprice' is: '200'

2018-05-22 11:02:10 - [TEST_STEP][PASSED] - Statement - out.println("Stock QTY : " + StockQty): null

2018-05-22 11:02:10 - [TEST_STEP][PASSED] - delay: Delayed 2 second(s)

2018-05-22 11:02:12 - [MESSAGE][PASSED] - Delayed 2 second(s)

2018-05-22 11:02:12 - [TEST_STEP][PASSED] - Statement - If (java.lang.String.valueOf(StockQty) >= java.lang.String.valueOf(RequestedQty)): null

2018-05-22 11:02:12 - [TEST_STEP][PASSED] - setText: Text '10' is set on object 'Object Repository/DispensaryToStore/Page_Store/input_txtqty'

2018-05-22 11:02:12 - [MESSAGE][PASSED] - Text '10' is set on object 'Object Repository/DispensaryToStore/Page_Store/input_txtqty'

2018-05-22 11:02:12 - [TEST_STEP][PASSED] - click: Object: 'Object Repository/DispensaryToStore/Page_Store/button_Add' is clicked on

2018-05-22 11:02:12 - [MESSAGE][PASSED] - Object: 'Object Repository/DispensaryToStore/Page_Store/button_Add' is clicked on

2018-05-22 11:02:12 - [TEST_STEP][PASSED] - Statement - Break: null

2018-05-22 11:02:12 - [TEST_STEP][PASSED] - selectOptionByIndex: All options with index in [2] are selected on object 'Object Repository/DispensaryToStore/Page_Store/select_--Select--Adernaline 0.'

2018-05-22 11:02:12 - [MESSAGE][PASSED] - All options with index in [2] are selected on object 'Object Repository/DispensaryToStore/Page_Store/select_--Select--Adernaline 0.'

2018-05-22 11:02:12 - [TEST_STEP][PASSED] - delay: Delayed 2 second(s)

2018-05-22 11:02:14 - [MESSAGE][PASSED] - Delayed 2 second(s)

2018-05-22 11:02:14 - [TEST_STEP][PASSED] - Statement - RequestedQty = com.kms.katalon.core.webui.keyword.WebUiBuiltInKeywords.getAttribute(com.kms.katalon.core.testobject.ObjectRepository.findTestObject(DispensaryToStore/Page_Store/input_txttotal), "value"): Attribute 'value' of object 'Object Repository/DispensaryToStore/Page_Store/input_txttotal' is: '10'

2018-05-22 11:02:15 - [MESSAGE][PASSED] - Attribute 'value' of object 'Object Repository/DispensaryToStore/Page_Store/input_txttotal' is: '10'

2018-05-22 11:02:15 - [TEST_STEP][PASSED] - Statement - out.println("Requested QTY : " + RequestedQty): null

2018-05-22 11:02:15 - [TEST_STEP][PASSED] - Statement - BatchNumber = com.kms.katalon.core.webui.keyword.WebUiBuiltInKeywords.getNumberOfTotalOption(com.kms.katalon.core.testobject.ObjectRepository.findTestObject(DispensaryToStore/Page_Store/select_--Select--BA1170BA2376B)): 4 options of object 'Object Repository/DispensaryToStore/Page_Store/select_--Select--BA1170BA2376B' counted

2018-05-22 11:02:15 - [MESSAGE][PASSED] - 4 options of object 'Object Repository/DispensaryToStore/Page_Store/select_--Select--BA1170BA2376B' counted

2018-05-22 11:02:15 - [TEST_STEP][PASSED] - Statement - For ([g = 1, g <= BatchNumber - 1, (g++)]): null

2018-05-22 11:02:15 - [TEST_STEP][PASSED] - selectOptionByIndex: All options with index in [1] are selected on object 'Object Repository/DispensaryToStore/Page_Store/select_--Select--BA1170BA2376B'

2018-05-22 11:02:15 - [MESSAGE][PASSED] - All options with index in [1] are selected on object 'Object Repository/DispensaryToStore/Page_Store/select_--Select--BA1170BA2376B'

2018-05-22 11:02:15 - [TEST_STEP][PASSED] - Statement - Try: null

2018-05-22 11:02:15 - [TEST_STEP][PASSED] - Statement - StockQty = com.kms.katalon.core.webui.keyword.WebUiBuiltInKeywords.getAttribute(com.kms.katalon.core.testobject.ObjectRepository.findTestObject(DispensaryToStore/Page_Store/input_txtprice), "value"): Attribute 'value' of object 'Object Repository/DispensaryToStore/Page_Store/input_txtprice' is: '230'

2018-05-22 11:02:15 - [MESSAGE][PASSED] - Attribute 'value' of object 'Object Repository/DispensaryToStore/Page_Store/input_txtprice' is: '230'

2018-05-22 11:02:15 - [TEST_STEP][PASSED] - Statement - out.println("Stock QTY : " + StockQty): null

2018-05-22 11:02:15 - [TEST_STEP][PASSED] - delay: Delayed 2 second(s)

2018-05-22 11:02:17 - [MESSAGE][PASSED] - Delayed 2 second(s)

2018-05-22 11:02:17 - [TEST_STEP][PASSED] - Statement - If (java.lang.String.valueOf(StockQty) >= java.lang.String.valueOf(RequestedQty)): null

2018-05-22 11:02:17 - [TEST_STEP][PASSED] - setText: Text '10' is set on object 'Object Repository/DispensaryToStore/Page_Store/input_txtqty'

2018-05-22 11:02:17 - [MESSAGE][PASSED] - Text '10' is set on object 'Object Repository/DispensaryToStore/Page_Store/input_txtqty'

2018-05-22 11:02:17 - [TEST_STEP][PASSED] - click: Object: 'Object Repository/DispensaryToStore/Page_Store/button_Add' is clicked on

2018-05-22 11:02:17 - [MESSAGE][PASSED] - Object: 'Object Repository/DispensaryToStore/Page_Store/button_Add' is clicked on

2018-05-22 11:02:17 - [TEST_STEP][PASSED] - Statement - Break: null

2018-05-22 11:02:17 - [TEST_STEP][PASSED] - selectOptionByIndex: All options with index in [3] are selected on object 'Object Repository/DispensaryToStore/Page_Store/select_--Select--Adernaline 0.'

2018-05-22 11:02:17 - [MESSAGE][PASSED] - All options with index in [3] are selected on object 'Object Repository/DispensaryToStore/Page_Store/select_--Select--Adernaline 0.'

2018-05-22 11:02:17 - [TEST_STEP][PASSED] - delay: Delayed 2 second(s)

2018-05-22 11:02:19 - [MESSAGE][PASSED] - Delayed 2 second(s)

2018-05-22 11:02:19 - [TEST_STEP][PASSED] - Statement - RequestedQty = com.kms.katalon.core.webui.keyword.WebUiBuiltInKeywords.getAttribute(com.kms.katalon.core.testobject.ObjectRepository.findTestObject(DispensaryToStore/Page_Store/input_txttotal), "value"): Attribute 'value' of object 'Object Repository/DispensaryToStore/Page_Store/input_txttotal' is: '10'

2018-05-22 11:02:19 - [MESSAGE][PASSED] - Attribute 'value' of object 'Object Repository/DispensaryToStore/Page_Store/input_txttotal' is: '10'

2018-05-22 11:02:19 - [TEST_STEP][PASSED] - Statement - out.println("Requested QTY : " + RequestedQty): null

2018-05-22 11:02:19 - [TEST_STEP][PASSED] - Statement - BatchNumber = com.kms.katalon.core.webui.keyword.WebUiBuiltInKeywords.getNumberOfTotalOption(com.kms.katalon.core.testobject.ObjectRepository.findTestObject(DispensaryToStore/Page_Store/select_--Select--BA1170BA2376B)): 5 options of object 'Object Repository/DispensaryToStore/Page_Store/select_--Select--BA1170BA2376B' counted

2018-05-22 11:02:19 - [MESSAGE][PASSED] - 5 options of object 'Object Repository/DispensaryToStore/Page_Store/select_--Select--BA1170BA2376B' counted

2018-05-22 11:02:19 - [TEST_STEP][PASSED] - Statement - For ([g = 1, g <= BatchNumber - 1, (g++)]): null

2018-05-22 11:02:19 - [TEST_STEP][PASSED] - selectOptionByIndex: All options with index in [1] are selected on object 'Object Repository/DispensaryToStore/Page_Store/select_--Select--BA1170BA2376B'

2018-05-22 11:02:19 - [MESSAGE][PASSED] - All options with index in [1] are selected on object 'Object Repository/DispensaryToStore/Page_Store/select_--Select--BA1170BA2376B'

2018-05-22 11:02:19 - [TEST_STEP][PASSED] - Statement - Try: null

2018-05-22 11:02:19 - [TEST_STEP][PASSED] - Statement - StockQty = com.kms.katalon.core.webui.keyword.WebUiBuiltInKeywords.getAttribute(com.kms.katalon.core.testobject.ObjectRepository.findTestObject(DispensaryToStore/Page_Store/input_txtprice), "value"): Attribute 'value' of object 'Object Repository/DispensaryToStore/Page_Store/input_txtprice' is: '200'

2018-05-22 11:02:19 - [MESSAGE][PASSED] - Attribute 'value' of object 'Object Repository/DispensaryToStore/Page_Store/input_txtprice' is: '200'

2018-05-22 11:02:19 - [TEST_STEP][PASSED] - Statement - out.println("Stock QTY : " + StockQty): null

2018-05-22 11:02:19 - [TEST_STEP][PASSED] - delay: Delayed 2 second(s)

2018-05-22 11:02:21 - [MESSAGE][PASSED] - Delayed 2 second(s)

2018-05-22 11:02:21 - [TEST_STEP][PASSED] - Statement - If (java.lang.String.valueOf(StockQty) >= java.lang.String.valueOf(RequestedQty)): null

2018-05-22 11:02:21 - [TEST_STEP][PASSED] - setText: Text '10' is set on object 'Object Repository/DispensaryToStore/Page_Store/input_txtqty'

2018-05-22 11:02:21 - [MESSAGE][PASSED] - Text '10' is set on object 'Object Repository/DispensaryToStore/Page_Store/input_txtqty'

2018-05-22 11:02:21 - [TEST_STEP][PASSED] - click: Object: 'Object Repository/DispensaryToStore/Page_Store/button_Add' is clicked on

2018-05-22 11:02:22 - [MESSAGE][PASSED] - Object: 'Object Repository/DispensaryToStore/Page_Store/button_Add' is clicked on

2018-05-22 11:02:22 - [TEST_STEP][PASSED] - Statement - Break: null

2018-05-22 11:02:22 - [TEST_STEP][PASSED] - selectOptionByIndex: All options with index in [4] are selected on object 'Object Repository/DispensaryToStore/Page_Store/select_--Select--Adernaline 0.'

2018-05-22 11:02:22 - [MESSAGE][PASSED] - All options with index in [4] are selected on object 'Object Repository/DispensaryToStore/Page_Store/select_--Select--Adernaline 0.'

2018-05-22 11:02:22 - [TEST_STEP][PASSED] - delay: Delayed 2 second(s)

2018-05-22 11:02:24 - [MESSAGE][PASSED] - Delayed 2 second(s)

2018-05-22 11:02:24 - [TEST_STEP][PASSED] - Statement - RequestedQty = com.kms.katalon.core.webui.keyword.WebUiBuiltInKeywords.getAttribute(com.kms.katalon.core.testobject.ObjectRepository.findTestObject(DispensaryToStore/Page_Store/input_txttotal), "value"): Attribute 'value' of object 'Object Repository/DispensaryToStore/Page_Store/input_txttotal' is: '10'

2018-05-22 11:02:24 - [MESSAGE][PASSED] - Attribute 'value' of object 'Object Repository/DispensaryToStore/Page_Store/input_txttotal' is: '10'

2018-05-22 11:02:24 - [TEST_STEP][PASSED] - Statement - out.println("Requested QTY : " + RequestedQty): null

2018-05-22 11:02:24 - [TEST_STEP][PASSED] - Statement - BatchNumber = com.kms.katalon.core.webui.keyword.WebUiBuiltInKeywords.getNumberOfTotalOption(com.kms.katalon.core.testobject.ObjectRepository.findTestObject(DispensaryToStore/Page_Store/select_--Select--BA1170BA2376B)): 3 options of object 'Object Repository/DispensaryToStore/Page_Store/select_--Select--BA1170BA2376B' counted

2018-05-22 11:02:24 - [MESSAGE][PASSED] - 3 options of object 'Object Repository/DispensaryToStore/Page_Store/select_--Select--BA1170BA2376B' counted

2018-05-22 11:02:24 - [TEST_STEP][PASSED] - Statement - For ([g = 1, g <= BatchNumber - 1, (g++)]): null

2018-05-22 11:02:24 - [TEST_STEP][PASSED] - selectOptionByIndex: All options with index in [1] are selected on object 'Object Repository/DispensaryToStore/Page_Store/select_--Select--BA1170BA2376B'

2018-05-22 11:02:24 - [MESSAGE][PASSED] - All options with index in [1] are selected on object 'Object Repository/DispensaryToStore/Page_Store/select_--Select--BA1170BA2376B'

2018-05-22 11:02:24 - [TEST_STEP][PASSED] - Statement - Try: null

2018-05-22 11:02:24 - [TEST_STEP][PASSED] - Statement - StockQty = com.kms.katalon.core.webui.keyword.WebUiBuiltInKeywords.getAttribute(com.kms.katalon.core.testobject.ObjectRepository.findTestObject(DispensaryToStore/Page_Store/input_txtprice), "value"): Attribute 'value' of object 'Object Repository/DispensaryToStore/Page_Store/input_txtprice' is: '200'

2018-05-22 11:02:24 - [MESSAGE][PASSED] - Attribute 'value' of object 'Object Repository/DispensaryToStore/Page_Store/input_txtprice' is: '200'

2018-05-22 11:02:24 - [TEST_STEP][PASSED] - Statement - out.println("Stock QTY : " + StockQty): null

2018-05-22 11:02:24 - [TEST_STEP][PASSED] - delay: Delayed 2 second(s)

2018-05-22 11:02:26 - [MESSAGE][PASSED] - Delayed 2 second(s)

2018-05-22 11:02:26 - [TEST_STEP][PASSED] - Statement - If (java.lang.String.valueOf(StockQty) >= java.lang.String.valueOf(RequestedQty)): null

2018-05-22 11:02:26 - [TEST_STEP][PASSED] - setText: Text '10' is set on object 'Object Repository/DispensaryToStore/Page_Store/input_txtqty'

2018-05-22 11:02:26 - [MESSAGE][PASSED] - Text '10' is set on object 'Object Repository/DispensaryToStore/Page_Store/input_txtqty'

2018-05-22 11:02:26 - [TEST_STEP][PASSED] - click: Object: 'Object Repository/DispensaryToStore/Page_Store/button_Add' is clicked on

2018-05-22 11:02:26 - [MESSAGE][PASSED] - Object: 'Object Repository/DispensaryToStore/Page_Store/button_Add' is clicked on

2018-05-22 11:02:26 - [TEST_STEP][PASSED] - Statement - Break: null

2018-05-22 11:02:26 - [TEST_STEP][PASSED] - selectOptionByIndex: All options with index in [5] are selected on object 'Object Repository/DispensaryToStore/Page_Store/select_--Select--Adernaline 0.'

2018-05-22 11:02:26 - [MESSAGE][PASSED] - All options with index in [5] are selected on object 'Object Repository/DispensaryToStore/Page_Store/select_--Select--Adernaline 0.'

2018-05-22 11:02:26 - [TEST_STEP][PASSED] - delay: Delayed 2 second(s)

2018-05-22 11:02:28 - [MESSAGE][PASSED] - Delayed 2 second(s)

2018-05-22 11:02:28 - [TEST_STEP][PASSED] - Statement - RequestedQty = com.kms.katalon.core.webui.keyword.WebUiBuiltInKeywords.getAttribute(com.kms.katalon.core.testobject.ObjectRepository.findTestObject(DispensaryToStore/Page_Store/input_txttotal), "value"): Attribute 'value' of object 'Object Repository/DispensaryToStore/Page_Store/input_txttotal' is: '10'

2018-05-22 11:02:28 - [MESSAGE][PASSED] - Attribute 'value' of object 'Object Repository/DispensaryToStore/Page_Store/input_txttotal' is: '10'

2018-05-22 11:02:28 - [TEST_STEP][PASSED] - Statement - out.println("Requested QTY : " + RequestedQty): null

2018-05-22 11:02:28 - [TEST_STEP][PASSED] - Statement - BatchNumber = com.kms.katalon.core.webui.keyword.WebUiBuiltInKeywords.getNumberOfTotalOption(com.kms.katalon.core.testobject.ObjectRepository.findTestObject(DispensaryToStore/Page_Store/select_--Select--BA1170BA2376B)): 3 options of object 'Object Repository/DispensaryToStore/Page_Store/select_--Select--BA1170BA2376B' counted

2018-05-22 11:02:28 - [MESSAGE][PASSED] - 3 options of object 'Object Repository/DispensaryToStore/Page_Store/select_--Select--BA1170BA2376B' counted

2018-05-22 11:02:28 - [TEST_STEP][PASSED] - Statement - For ([g = 1, g <= BatchNumber - 1, (g++)]): null

2018-05-22 11:02:28 - [TEST_STEP][PASSED] - selectOptionByIndex: All options with index in [1] are selected on object 'Object Repository/DispensaryToStore/Page_Store/select_--Select--BA1170BA2376B'

2018-05-22 11:02:28 - [MESSAGE][PASSED] - All options with index in [1] are selected on object 'Object Repository/DispensaryToStore/Page_Store/select_--Select--BA1170BA2376B'

2018-05-22 11:02:28 - [TEST_STEP][PASSED] - Statement - Try: null

2018-05-22 11:02:28 - [TEST_STEP][PASSED] - Statement - StockQty = com.kms.katalon.core.webui.keyword.WebUiBuiltInKeywords.getAttribute(com.kms.katalon.core.testobject.ObjectRepository.findTestObject(DispensaryToStore/Page_Store/input_txtprice), "value"): Attribute 'value' of object 'Object Repository/DispensaryToStore/Page_Store/input_txtprice' is: '2225'

2018-05-22 11:02:29 - [MESSAGE][PASSED] - Attribute 'value' of object 'Object Repository/DispensaryToStore/Page_Store/input_txtprice' is: '2225'

2018-05-22 11:02:29 - [TEST_STEP][PASSED] - Statement - out.println("Stock QTY : " + StockQty): null

2018-05-22 11:02:29 - [TEST_STEP][PASSED] - delay: Delayed 2 second(s)

2018-05-22 11:02:31 - [MESSAGE][PASSED] - Delayed 2 second(s)

2018-05-22 11:02:31 - [TEST_STEP][PASSED] - Statement - If (java.lang.String.valueOf(StockQty) >= java.lang.String.valueOf(RequestedQty)): null

2018-05-22 11:02:31 - [TEST_STEP][PASSED] - setText: Text '10' is set on object 'Object Repository/DispensaryToStore/Page_Store/input_txtqty'

2018-05-22 11:02:31 - [MESSAGE][PASSED] - Text '10' is set on object 'Object Repository/DispensaryToStore/Page_Store/input_txtqty'

2018-05-22 11:02:31 - [TEST_STEP][PASSED] - click: Object: 'Object Repository/DispensaryToStore/Page_Store/button_Add' is clicked on

2018-05-22 11:02:31 - [MESSAGE][PASSED] - Object: 'Object Repository/DispensaryToStore/Page_Store/button_Add' is clicked on

2018-05-22 11:02:31 - [TEST_STEP][PASSED] - Statement - Break: null

2018-05-22 11:02:31 - [TEST_STEP][PASSED] - selectOptionByIndex: All options with index in [6] are selected on object 'Object Repository/DispensaryToStore/Page_Store/select_--Select--Adernaline 0.'

2018-05-22 11:02:31 - [MESSAGE][PASSED] - All options with index in [6] are selected on object 'Object Repository/DispensaryToStore/Page_Store/select_--Select--Adernaline 0.'

2018-05-22 11:02:31 - [TEST_STEP][PASSED] - delay: Delayed 2 second(s)

2018-05-22 11:02:33 - [MESSAGE][PASSED] - Delayed 2 second(s)

2018-05-22 11:02:33 - [TEST_STEP][PASSED] - Statement - RequestedQty = com.kms.katalon.core.webui.keyword.WebUiBuiltInKeywords.getAttribute(com.kms.katalon.core.testobject.ObjectRepository.findTestObject(DispensaryToStore/Page_Store/input_txttotal), "value"): Attribute 'value' of object 'Object Repository/DispensaryToStore/Page_Store/input_txttotal' is: '10'

2018-05-22 11:02:33 - [MESSAGE][PASSED] - Attribute 'value' of object 'Object Repository/DispensaryToStore/Page_Store/input_txttotal' is: '10'

2018-05-22 11:02:33 - [TEST_STEP][PASSED] - Statement - out.println("Requested QTY : " + RequestedQty): null

2018-05-22 11:02:33 - [TEST_STEP][PASSED] - Statement - BatchNumber = com.kms.katalon.core.webui.keyword.WebUiBuiltInKeywords.getNumberOfTotalOption(com.kms.katalon.core.testobject.ObjectRepository.findTestObject(DispensaryToStore/Page_Store/select_--Select--BA1170BA2376B)): 3 options of object 'Object Repository/DispensaryToStore/Page_Store/select_--Select--BA1170BA2376B' counted

2018-05-22 11:02:33 - [MESSAGE][PASSED] - 3 options of object 'Object Repository/DispensaryToStore/Page_Store/select_--Select--BA1170BA2376B' counted

2018-05-22 11:02:33 - [TEST_STEP][PASSED] - Statement - For ([g = 1, g <= BatchNumber - 1, (g++)]): null

2018-05-22 11:02:33 - [TEST_STEP][PASSED] - selectOptionByIndex: All options with index in [1] are selected on object 'Object Repository/DispensaryToStore/Page_Store/select_--Select--BA1170BA2376B'

2018-05-22 11:02:33 - [MESSAGE][PASSED] - All options with index in [1] are selected on object 'Object Repository/DispensaryToStore/Page_Store/select_--Select--BA1170BA2376B'

2018-05-22 11:02:33 - [TEST_STEP][PASSED] - Statement - Try: null

2018-05-22 11:02:33 - [TEST_STEP][PASSED] - Statement - StockQty = com.kms.katalon.core.webui.keyword.WebUiBuiltInKeywords.getAttribute(com.kms.katalon.core.testobject.ObjectRepository.findTestObject(DispensaryToStore/Page_Store/input_txtprice), "value"): Attribute 'value' of object 'Object Repository/DispensaryToStore/Page_Store/input_txtprice' is: '1230'

2018-05-22 11:02:33 - [MESSAGE][PASSED] - Attribute 'value' of object 'Object Repository/DispensaryToStore/Page_Store/input_txtprice' is: '1230'

2018-05-22 11:02:33 - [TEST_STEP][PASSED] - Statement - out.println("Stock QTY : " + StockQty): null

2018-05-22 11:02:33 - [TEST_STEP][PASSED] - delay: Delayed 2 second(s)

2018-05-22 11:02:35 - [MESSAGE][PASSED] - Delayed 2 second(s)

2018-05-22 11:02:35 - [TEST_STEP][PASSED] - Statement - If (java.lang.String.valueOf(StockQty) >= java.lang.String.valueOf(RequestedQty)): null

2018-05-22 11:02:35 - [TEST_STEP][PASSED] - setText: Text '10' is set on object 'Object Repository/DispensaryToStore/Page_Store/input_txtqty'

2018-05-22 11:02:35 - [MESSAGE][PASSED] - Text '10' is set on object 'Object Repository/DispensaryToStore/Page_Store/input_txtqty'

2018-05-22 11:02:35 - [TEST_STEP][PASSED] - click: Object: 'Object Repository/DispensaryToStore/Page_Store/button_Add' is clicked on

2018-05-22 11:02:35 - [MESSAGE][PASSED] - Object: 'Object Repository/DispensaryToStore/Page_Store/button_Add' is clicked on

2018-05-22 11:02:35 - [TEST_STEP][PASSED] - Statement - Break: null

2018-05-22 11:02:35 - [TEST_STEP][PASSED] - selectOptionByIndex: All options with index in [7] are selected on object 'Object Repository/DispensaryToStore/Page_Store/select_--Select--Adernaline 0.'

2018-05-22 11:02:36 - [MESSAGE][PASSED] - All options with index in [7] are selected on object 'Object Repository/DispensaryToStore/Page_Store/select_--Select--Adernaline 0.'

2018-05-22 11:02:36 - [TEST_STEP][PASSED] - delay: Delayed 2 second(s)

2018-05-22 11:02:38 - [MESSAGE][PASSED] - Delayed 2 second(s)

2018-05-22 11:02:38 - [TEST_STEP][PASSED] - Statement - RequestedQty = com.kms.katalon.core.webui.keyword.WebUiBuiltInKeywords.getAttribute(com.kms.katalon.core.testobject.ObjectRepository.findTestObject(DispensaryToStore/Page_Store/input_txttotal), "value"): Attribute 'value' of object 'Object Repository/DispensaryToStore/Page_Store/input_txttotal' is: '10'

2018-05-22 11:02:38 - [MESSAGE][PASSED] - Attribute 'value' of object 'Object Repository/DispensaryToStore/Page_Store/input_txttotal' is: '10'

2018-05-22 11:02:38 - [TEST_STEP][PASSED] - Statement - out.println("Requested QTY : " + RequestedQty): null

2018-05-22 11:02:38 - [TEST_STEP][PASSED] - Statement - BatchNumber = com.kms.katalon.core.webui.keyword.WebUiBuiltInKeywords.getNumberOfTotalOption(com.kms.katalon.core.testobject.ObjectRepository.findTestObject(DispensaryToStore/Page_Store/select_--Select--BA1170BA2376B)): 3 options of object 'Object Repository/DispensaryToStore/Page_Store/select_--Select--BA1170BA2376B' counted

2018-05-22 11:02:38 - [MESSAGE][PASSED] - 3 options of object 'Object Repository/DispensaryToStore/Page_Store/select_--Select--BA1170BA2376B' counted

2018-05-22 11:02:38 - [TEST_STEP][PASSED] - Statement - For ([g = 1, g <= BatchNumber - 1, (g++)]): null

2018-05-22 11:02:38 - [TEST_STEP][PASSED] - selectOptionByIndex: All options with index in [1] are selected on object 'Object Repository/DispensaryToStore/Page_Store/select_--Select--BA1170BA2376B'

2018-05-22 11:02:38 - [MESSAGE][PASSED] - All options with index in [1] are selected on object 'Object Repository/DispensaryToStore/Page_Store/select_--Select--BA1170BA2376B'

2018-05-22 11:02:38 - [TEST_STEP][PASSED] - Statement - Try: null

2018-05-22 11:02:38 - [TEST_STEP][PASSED] - Statement - StockQty = com.kms.katalon.core.webui.keyword.WebUiBuiltInKeywords.getAttribute(com.kms.katalon.core.testobject.ObjectRepository.findTestObject(DispensaryToStore/Page_Store/input_txtprice), "value"): Attribute 'value' of object 'Object Repository/DispensaryToStore/Page_Store/input_txtprice' is: '1130'

2018-05-22 11:02:38 - [MESSAGE][PASSED] - Attribute 'value' of object 'Object Repository/DispensaryToStore/Page_Store/input_txtprice' is: '1130'

2018-05-22 11:02:38 - [TEST_STEP][PASSED] - Statement - out.println("Stock QTY : " + StockQty): null

2018-05-22 11:02:38 - [TEST_STEP][PASSED] - delay: Delayed 2 second(s)

2018-05-22 11:02:40 - [MESSAGE][PASSED] - Delayed 2 second(s)

2018-05-22 11:02:40 - [TEST_STEP][PASSED] - Statement - If (java.lang.String.valueOf(StockQty) >= java.lang.String.valueOf(RequestedQty)): null

2018-05-22 11:02:40 - [TEST_STEP][PASSED] - setText: Text '10' is set on object 'Object Repository/DispensaryToStore/Page_Store/input_txtqty'

2018-05-22 11:02:40 - [MESSAGE][PASSED] - Text '10' is set on object 'Object Repository/DispensaryToStore/Page_Store/input_txtqty'

2018-05-22 11:02:40 - [TEST_STEP][PASSED] - click: Object: 'Object Repository/DispensaryToStore/Page_Store/button_Add' is clicked on

2018-05-22 11:02:40 - [MESSAGE][PASSED] - Object: 'Object Repository/DispensaryToStore/Page_Store/button_Add' is clicked on

2018-05-22 11:02:40 - [TEST_STEP][PASSED] - Statement - Break: null

2018-05-22 11:02:40 - [TEST_STEP][PASSED] - selectOptionByIndex: All options with index in [8] are selected on object 'Object Repository/DispensaryToStore/Page_Store/select_--Select--Adernaline 0.'

2018-05-22 11:02:40 - [MESSAGE][PASSED] - All options with index in [8] are selected on object 'Object Repository/DispensaryToStore/Page_Store/select_--Select--Adernaline 0.'

2018-05-22 11:02:40 - [TEST_STEP][PASSED] - delay: Delayed 2 second(s)

2018-05-22 11:02:42 - [MESSAGE][PASSED] - Delayed 2 second(s)

2018-05-22 11:02:42 - [TEST_STEP][PASSED] - Statement - RequestedQty = com.kms.katalon.core.webui.keyword.WebUiBuiltInKeywords.getAttribute(com.kms.katalon.core.testobject.ObjectRepository.findTestObject(DispensaryToStore/Page_Store/input_txttotal), "value"): Attribute 'value' of object 'Object Repository/DispensaryToStore/Page_Store/input_txttotal' is: '10'

2018-05-22 11:02:42 - [MESSAGE][PASSED] - Attribute 'value' of object 'Object Repository/DispensaryToStore/Page_Store/input_txttotal' is: '10'

2018-05-22 11:02:42 - [TEST_STEP][PASSED] - Statement - out.println("Requested QTY : " + RequestedQty): null

2018-05-22 11:02:42 - [TEST_STEP][PASSED] - Statement - BatchNumber = com.kms.katalon.core.webui.keyword.WebUiBuiltInKeywords.getNumberOfTotalOption(com.kms.katalon.core.testobject.ObjectRepository.findTestObject(DispensaryToStore/Page_Store/select_--Select--BA1170BA2376B)): 2 options of object 'Object Repository/DispensaryToStore/Page_Store/select_--Select--BA1170BA2376B' counted

2018-05-22 11:02:42 - [MESSAGE][PASSED] - 2 options of object 'Object Repository/DispensaryToStore/Page_Store/select_--Select--BA1170BA2376B' counted

2018-05-22 11:02:42 - [TEST_STEP][PASSED] - Statement - For ([g = 1, g <= BatchNumber - 1, (g++)]): null

2018-05-22 11:02:42 - [TEST_STEP][PASSED] - selectOptionByIndex: All options with index in [1] are selected on object 'Object Repository/DispensaryToStore/Page_Store/select_--Select--BA1170BA2376B'

2018-05-22 11:02:43 - [MESSAGE][PASSED] - All options with index in [1] are selected on object 'Object Repository/DispensaryToStore/Page_Store/select_--Select--BA1170BA2376B'

2018-05-22 11:02:43 - [TEST_STEP][PASSED] - Statement - Try: null

2018-05-22 11:02:43 - [TEST_STEP][PASSED] - Statement - StockQty = com.kms.katalon.core.webui.keyword.WebUiBuiltInKeywords.getAttribute(com.kms.katalon.core.testobject.ObjectRepository.findTestObject(DispensaryToStore/Page_Store/input_txtprice), "value"): Attribute 'value' of object 'Object Repository/DispensaryToStore/Page_Store/input_txtprice' is: '1230'

2018-05-22 11:02:43 - [MESSAGE][PASSED] - Attribute 'value' of object 'Object Repository/DispensaryToStore/Page_Store/input_txtprice' is: '1230'

2018-05-22 11:02:43 - [TEST_STEP][PASSED] - Statement - out.println("Stock QTY : " + StockQty): null

2018-05-22 11:02:43 - [TEST_STEP][PASSED] - delay: Delayed 2 second(s)

2018-05-22 11:02:45 - [MESSAGE][PASSED] - Delayed 2 second(s)

2018-05-22 11:02:45 - [TEST_STEP][PASSED] - Statement - If (java.lang.String.valueOf(StockQty) >= java.lang.String.valueOf(RequestedQty)): null

2018-05-22 11:02:45 - [TEST_STEP][PASSED] - setText: Text '10' is set on object 'Object Repository/DispensaryToStore/Page_Store/input_txtqty'

2018-05-22 11:02:45 - [MESSAGE][PASSED] - Text '10' is set on object 'Object Repository/DispensaryToStore/Page_Store/input_txtqty'

2018-05-22 11:02:45 - [TEST_STEP][PASSED] - click: Object: 'Object Repository/DispensaryToStore/Page_Store/button_Add' is clicked on

2018-05-22 11:02:45 - [MESSAGE][PASSED] - Object: 'Object Repository/DispensaryToStore/Page_Store/button_Add' is clicked on

2018-05-22 11:02:45 - [TEST_STEP][PASSED] - Statement - Break: null

2018-05-22 11:02:45 - [TEST_STEP][PASSED] - selectOptionByIndex: All options with index in [9] are selected on object 'Object Repository/DispensaryToStore/Page_Store/select_--Select--Adernaline 0.'

2018-05-22 11:02:45 - [MESSAGE][PASSED] - All options with index in [9] are selected on object 'Object Repository/DispensaryToStore/Page_Store/select_--Select--Adernaline 0.'

2018-05-22 11:02:45 - [TEST_STEP][PASSED] - delay: Delayed 2 second(s)

2018-05-22 11:02:47 - [MESSAGE][PASSED] - Delayed 2 second(s)

2018-05-22 11:02:47 - [TEST_STEP][PASSED] - Statement - RequestedQty = com.kms.katalon.core.webui.keyword.WebUiBuiltInKeywords.getAttribute(com.kms.katalon.core.testobject.ObjectRepository.findTestObject(DispensaryToStore/Page_Store/input_txttotal), "value"): Attribute 'value' of object 'Object Repository/DispensaryToStore/Page_Store/input_txttotal' is: '10'

2018-05-22 11:02:47 - [MESSAGE][PASSED] - Attribute 'value' of object 'Object Repository/DispensaryToStore/Page_Store/input_txttotal' is: '10'

2018-05-22 11:02:47 - [TEST_STEP][PASSED] - Statement - out.println("Requested QTY : " + RequestedQty): null

2018-05-22 11:02:47 - [TEST_STEP][PASSED] - Statement - BatchNumber = com.kms.katalon.core.webui.keyword.WebUiBuiltInKeywords.getNumberOfTotalOption(com.kms.katalon.core.testobject.ObjectRepository.findTestObject(DispensaryToStore/Page_Store/select_--Select--BA1170BA2376B)): 4 options of object 'Object Repository/DispensaryToStore/Page_Store/select_--Select--BA1170BA2376B' counted

2018-05-22 11:02:47 - [MESSAGE][PASSED] - 4 options of object 'Object Repository/DispensaryToStore/Page_Store/select_--Select--BA1170BA2376B' counted

2018-05-22 11:02:47 - [TEST_STEP][PASSED] - Statement - For ([g = 1, g <= BatchNumber - 1, (g++)]): null

2018-05-22 11:02:47 - [TEST_STEP][PASSED] - selectOptionByIndex: All options with index in [1] are selected on object 'Object Repository/DispensaryToStore/Page_Store/select_--Select--BA1170BA2376B'

2018-05-22 11:02:47 - [MESSAGE][PASSED] - All options with index in [1] are selected on object 'Object Repository/DispensaryToStore/Page_Store/select_--Select--BA1170BA2376B'

2018-05-22 11:02:47 - [TEST_STEP][PASSED] - Statement - Try: null

2018-05-22 11:02:47 - [TEST_STEP][PASSED] - Statement - StockQty = com.kms.katalon.core.webui.keyword.WebUiBuiltInKeywords.getAttribute(com.kms.katalon.core.testobject.ObjectRepository.findTestObject(DispensaryToStore/Page_Store/input_txtprice), "value"): Attribute 'value' of object 'Object Repository/DispensaryToStore/Page_Store/input_txtprice' is: '1130'

2018-05-22 11:02:47 - [MESSAGE][PASSED] - Attribute 'value' of object 'Object Repository/DispensaryToStore/Page_Store/input_txtprice' is: '1130'

2018-05-22 11:02:47 - [TEST_STEP][PASSED] - Statement - out.println("Stock QTY : " + StockQty): null

2018-05-22 11:02:47 - [TEST_STEP][PASSED] - delay: Delayed 2 second(s)

2018-05-22 11:02:49 - [MESSAGE][PASSED] - Delayed 2 second(s)

2018-05-22 11:02:49 - [TEST_STEP][PASSED] - Statement - If (java.lang.String.valueOf(StockQty) >= java.lang.String.valueOf(RequestedQty)): null

2018-05-22 11:02:49 - [TEST_STEP][PASSED] - setText: Text '10' is set on object 'Object Repository/DispensaryToStore/Page_Store/input_txtqty'

2018-05-22 11:02:49 - [MESSAGE][PASSED] - Text '10' is set on object 'Object Repository/DispensaryToStore/Page_Store/input_txtqty'

2018-05-22 11:02:49 - [TEST_STEP][PASSED] - click: Object: 'Object Repository/DispensaryToStore/Page_Store/button_Add' is clicked on

2018-05-22 11:02:49 - [MESSAGE][PASSED] - Object: 'Object Repository/DispensaryToStore/Page_Store/button_Add' is clicked on

2018-05-22 11:02:49 - [TEST_STEP][PASSED] - Statement - Break: null

2018-05-22 11:02:49 - [TEST_STEP][PASSED] - selectOptionByIndex: All options with index in [10] are selected on object 'Object Repository/DispensaryToStore/Page_Store/select_--Select--Adernaline 0.'

2018-05-22 11:02:50 - [MESSAGE][PASSED] - All options with index in [10] are selected on object 'Object Repository/DispensaryToStore/Page_Store/select_--Select--Adernaline 0.'

2018-05-22 11:02:50 - [TEST_STEP][PASSED] - delay: Delayed 2 second(s)

2018-05-22 11:02:52 - [MESSAGE][PASSED] - Delayed 2 second(s)

2018-05-22 11:02:52 - [TEST_STEP][PASSED] - Statement - RequestedQty = com.kms.katalon.core.webui.keyword.WebUiBuiltInKeywords.getAttribute(com.kms.katalon.core.testobject.ObjectRepository.findTestObject(DispensaryToStore/Page_Store/input_txttotal), "value"): Attribute 'value' of object 'Object Repository/DispensaryToStore/Page_Store/input_txttotal' is: '10'

2018-05-22 11:02:52 - [MESSAGE][PASSED] - Attribute 'value' of object 'Object Repository/DispensaryToStore/Page_Store/input_txttotal' is: '10'

2018-05-22 11:02:52 - [TEST_STEP][PASSED] - Statement - out.println("Requested QTY : " + RequestedQty): null

2018-05-22 11:02:52 - [TEST_STEP][PASSED] - Statement - BatchNumber = com.kms.katalon.core.webui.keyword.WebUiBuiltInKeywords.getNumberOfTotalOption(com.kms.katalon.core.testobject.ObjectRepository.findTestObject(DispensaryToStore/Page_Store/select_--Select--BA1170BA2376B)): 4 options of object 'Object Repository/DispensaryToStore/Page_Store/select_--Select--BA1170BA2376B' counted

2018-05-22 11:02:52 - [MESSAGE][PASSED] - 4 options of object 'Object Repository/DispensaryToStore/Page_Store/select_--Select--BA1170BA2376B' counted

2018-05-22 11:02:52 - [TEST_STEP][PASSED] - Statement - For ([g = 1, g <= BatchNumber - 1, (g++)]): null

2018-05-22 11:02:52 - [TEST_STEP][PASSED] - selectOptionByIndex: All options with index in [1] are selected on object 'Object Repository/DispensaryToStore/Page_Store/select_--Select--BA1170BA2376B'

2018-05-22 11:02:52 - [MESSAGE][PASSED] - All options with index in [1] are selected on object 'Object Repository/DispensaryToStore/Page_Store/select_--Select--BA1170BA2376B'

2018-05-22 11:02:52 - [TEST_STEP][PASSED] - Statement - Try: null

2018-05-22 11:02:52 - [TEST_STEP][PASSED] - Statement - StockQty = com.kms.katalon.core.webui.keyword.WebUiBuiltInKeywords.getAttribute(com.kms.katalon.core.testobject.ObjectRepository.findTestObject(DispensaryToStore/Page_Store/input_txtprice), "value"): Attribute 'value' of object 'Object Repository/DispensaryToStore/Page_Store/input_txtprice' is: '30'

2018-05-22 11:02:52 - [MESSAGE][PASSED] - Attribute 'value' of object 'Object Repository/DispensaryToStore/Page_Store/input_txtprice' is: '30'

2018-05-22 11:02:52 - [TEST_STEP][PASSED] - Statement - out.println("Stock QTY : " + StockQty): null

2018-05-22 11:02:52 - [TEST_STEP][PASSED] - delay: Delayed 2 second(s)

2018-05-22 11:02:54 - [MESSAGE][PASSED] - Delayed 2 second(s)

2018-05-22 11:02:54 - [TEST_STEP][PASSED] - Statement - If (java.lang.String.valueOf(StockQty) >= java.lang.String.valueOf(RequestedQty)): null

2018-05-22 11:02:54 - [TEST_STEP][PASSED] - setText: Text '10' is set on object 'Object Repository/DispensaryToStore/Page_Store/input_txtqty'

2018-05-22 11:02:54 - [MESSAGE][PASSED] - Text '10' is set on object 'Object Repository/DispensaryToStore/Page_Store/input_txtqty'

2018-05-22 11:02:54 - [TEST_STEP][PASSED] - click: Object: 'Object Repository/DispensaryToStore/Page_Store/button_Add' is clicked on

2018-05-22 11:02:54 - [MESSAGE][PASSED] - Object: 'Object Repository/DispensaryToStore/Page_Store/button_Add' is clicked on

2018-05-22 11:02:54 - [TEST_STEP][PASSED] - Statement - Break: null

2018-05-22 11:02:54 - [TEST_STEP][PASSED] - selectOptionByIndex: All options with index in [11] are selected on object 'Object Repository/DispensaryToStore/Page_Store/select_--Select--Adernaline 0.'

2018-05-22 11:02:54 - [MESSAGE][PASSED] - All options with index in [11] are selected on object 'Object Repository/DispensaryToStore/Page_Store/select_--Select--Adernaline 0.'

2018-05-22 11:02:54 - [TEST_STEP][PASSED] - delay: Delayed 2 second(s)

2018-05-22 11:02:56 - [MESSAGE][PASSED] - Delayed 2 second(s)

2018-05-22 11:02:56 - [TEST_STEP][PASSED] - Statement - RequestedQty = com.kms.katalon.core.webui.keyword.WebUiBuiltInKeywords.getAttribute(com.kms.katalon.core.testobject.ObjectRepository.findTestObject(DispensaryToStore/Page_Store/input_txttotal), "value"): Attribute 'value' of object 'Object Repository/DispensaryToStore/Page_Store/input_txttotal' is: '10'

2018-05-22 11:02:56 - [MESSAGE][PASSED] - Attribute 'value' of object 'Object Repository/DispensaryToStore/Page_Store/input_txttotal' is: '10'

2018-05-22 11:02:56 - [TEST_STEP][PASSED] - Statement - out.println("Requested QTY : " + RequestedQty): null

2018-05-22 11:02:56 - [TEST_STEP][PASSED] - Statement - BatchNumber = com.kms.katalon.core.webui.keyword.WebUiBuiltInKeywords.getNumberOfTotalOption(com.kms.katalon.core.testobject.ObjectRepository.findTestObject(DispensaryToStore/Page_Store/select_--Select--BA1170BA2376B)): 4 options of object 'Object Repository/DispensaryToStore/Page_Store/select_--Select--BA1170BA2376B' counted

2018-05-22 11:02:56 - [MESSAGE][PASSED] - 4 options of object 'Object Repository/DispensaryToStore/Page_Store/select_--Select--BA1170BA2376B' counted

2018-05-22 11:02:56 - [TEST_STEP][PASSED] - Statement - For ([g = 1, g <= BatchNumber - 1, (g++)]): null

2018-05-22 11:02:56 - [TEST_STEP][PASSED] - selectOptionByIndex: All options with index in [1] are selected on object 'Object Repository/DispensaryToStore/Page_Store/select_--Select--BA1170BA2376B'

2018-05-22 11:02:57 - [MESSAGE][PASSED] - All options with index in [1] are selected on object 'Object Repository/DispensaryToStore/Page_Store/select_--Select--BA1170BA2376B'

2018-05-22 11:02:57 - [TEST_STEP][PASSED] - Statement - Try: null

2018-05-22 11:02:57 - [TEST_STEP][PASSED] - Statement - StockQty = com.kms.katalon.core.webui.keyword.WebUiBuiltInKeywords.getAttribute(com.kms.katalon.core.testobject.ObjectRepository.findTestObject(DispensaryToStore/Page_Store/input_txtprice), "value"): Attribute 'value' of object 'Object Repository/DispensaryToStore/Page_Store/input_txtprice' is: '30'

2018-05-22 11:02:57 - [MESSAGE][PASSED] - Attribute 'value' of object 'Object Repository/DispensaryToStore/Page_Store/input_txtprice' is: '30'

2018-05-22 11:02:57 - [TEST_STEP][PASSED] - Statement - out.println("Stock QTY : " + StockQty): null

2018-05-22 11:02:57 - [TEST_STEP][PASSED] - delay: Delayed 2 second(s)

2018-05-22 11:02:59 - [MESSAGE][PASSED] - Delayed 2 second(s)

2018-05-22 11:02:59 - [TEST_STEP][PASSED] - Statement - If (java.lang.String.valueOf(StockQty) >= java.lang.String.valueOf(RequestedQty)): null

2018-05-22 11:02:59 - [TEST_STEP][PASSED] - setText: Text '10' is set on object 'Object Repository/DispensaryToStore/Page_Store/input_txtqty'

2018-05-22 11:02:59 - [MESSAGE][PASSED] - Text '10' is set on object 'Object Repository/DispensaryToStore/Page_Store/input_txtqty'

2018-05-22 11:02:59 - [TEST_STEP][PASSED] - click: Object: 'Object Repository/DispensaryToStore/Page_Store/button_Add' is clicked on

2018-05-22 11:02:59 - [MESSAGE][PASSED] - Object: 'Object Repository/DispensaryToStore/Page_Store/button_Add' is clicked on

2018-05-22 11:02:59 - [TEST_STEP][PASSED] - Statement - Break: null

2018-05-22 11:02:59 - [TEST_STEP][PASSED] - selectOptionByIndex: All options with index in [12] are selected on object 'Object Repository/DispensaryToStore/Page_Store/select_--Select--Adernaline 0.'

2018-05-22 11:02:59 - [MESSAGE][PASSED] - All options with index in [12] are selected on object 'Object Repository/DispensaryToStore/Page_Store/select_--Select--Adernaline 0.'

2018-05-22 11:02:59 - [TEST_STEP][PASSED] - delay: Delayed 2 second(s)

2018-05-22 11:03:01 - [MESSAGE][PASSED] - Delayed 2 second(s)

2018-05-22 11:03:01 - [TEST_STEP][PASSED] - Statement - RequestedQty = com.kms.katalon.core.webui.keyword.WebUiBuiltInKeywords.getAttribute(com.kms.katalon.core.testobject.ObjectRepository.findTestObject(DispensaryToStore/Page_Store/input_txttotal), "value"): Attribute 'value' of object 'Object Repository/DispensaryToStore/Page_Store/input_txttotal' is: '10'

2018-05-22 11:03:01 - [MESSAGE][PASSED] - Attribute 'value' of object 'Object Repository/DispensaryToStore/Page_Store/input_txttotal' is: '10'

2018-05-22 11:03:01 - [TEST_STEP][PASSED] - Statement - out.println("Requested QTY : " + RequestedQty): null

2018-05-22 11:03:01 - [TEST_STEP][PASSED] - Statement - BatchNumber = com.kms.katalon.core.webui.keyword.WebUiBuiltInKeywords.getNumberOfTotalOption(com.kms.katalon.core.testobject.ObjectRepository.findTestObject(DispensaryToStore/Page_Store/select_--Select--BA1170BA2376B)): 3 options of object 'Object Repository/DispensaryToStore/Page_Store/select_--Select--BA1170BA2376B' counted

2018-05-22 11:03:01 - [MESSAGE][PASSED] - 3 options of object 'Object Repository/DispensaryToStore/Page_Store/select_--Select--BA1170BA2376B' counted

2018-05-22 11:03:01 - [TEST_STEP][PASSED] - Statement - For ([g = 1, g <= BatchNumber - 1, (g++)]): null

2018-05-22 11:03:01 - [TEST_STEP][PASSED] - selectOptionByIndex: All options with index in [1] are selected on object 'Object Repository/DispensaryToStore/Page_Store/select_--Select--BA1170BA2376B'

2018-05-22 11:03:01 - [MESSAGE][PASSED] - All options with index in [1] are selected on object 'Object Repository/DispensaryToStore/Page_Store/select_--Select--BA1170BA2376B'

2018-05-22 11:03:01 - [TEST_STEP][PASSED] - Statement - Try: null

2018-05-22 11:03:01 - [TEST_STEP][PASSED] - Statement - StockQty = com.kms.katalon.core.webui.keyword.WebUiBuiltInKeywords.getAttribute(com.kms.katalon.core.testobject.ObjectRepository.findTestObject(DispensaryToStore/Page_Store/input_txtprice), "value"): Attribute 'value' of object 'Object Repository/DispensaryToStore/Page_Store/input_txtprice' is: '30'

2018-05-22 11:03:01 - [MESSAGE][PASSED] - Attribute 'value' of object 'Object Repository/DispensaryToStore/Page_Store/input_txtprice' is: '30'

2018-05-22 11:03:01 - [TEST_STEP][PASSED] - Statement - out.println("Stock QTY : " + StockQty): null

2018-05-22 11:03:01 - [TEST_STEP][PASSED] - delay: Delayed 2 second(s)

2018-05-22 11:03:03 - [MESSAGE][PASSED] - Delayed 2 second(s)

2018-05-22 11:03:03 - [TEST_STEP][PASSED] - Statement - If (java.lang.String.valueOf(StockQty) >= java.lang.String.valueOf(RequestedQty)): null

2018-05-22 11:03:03 - [TEST_STEP][PASSED] - setText: Text '10' is set on object 'Object Repository/DispensaryToStore/Page_Store/input_txtqty'

2018-05-22 11:03:03 - [MESSAGE][PASSED] - Text '10' is set on object 'Object Repository/DispensaryToStore/Page_Store/input_txtqty'

2018-05-22 11:03:03 - [TEST_STEP][PASSED] - click: Object: 'Object Repository/DispensaryToStore/Page_Store/button_Add' is clicked on

2018-05-22 11:03:03 - [MESSAGE][PASSED] - Object: 'Object Repository/DispensaryToStore/Page_Store/button_Add' is clicked on

2018-05-22 11:03:03 - [TEST_STEP][PASSED] - Statement - Break: null

2018-05-22 11:03:03 - [TEST_STEP][PASSED] - selectOptionByIndex: All options with index in [13] are selected on object 'Object Repository/DispensaryToStore/Page_Store/select_--Select--Adernaline 0.'

2018-05-22 11:03:04 - [MESSAGE][PASSED] - All options with index in [13] are selected on object 'Object Repository/DispensaryToStore/Page_Store/select_--Select--Adernaline 0.'

2018-05-22 11:03:04 - [TEST_STEP][PASSED] - delay: Delayed 2 second(s)

2018-05-22 11:03:06 - [MESSAGE][PASSED] - Delayed 2 second(s)

2018-05-22 11:03:06 - [TEST_STEP][PASSED] - Statement - RequestedQty = com.kms.katalon.core.webui.keyword.WebUiBuiltInKeywords.getAttribute(com.kms.katalon.core.testobject.ObjectRepository.findTestObject(DispensaryToStore/Page_Store/input_txttotal), "value"): Attribute 'value' of object 'Object Repository/DispensaryToStore/Page_Store/input_txttotal' is: '10'

2018-05-22 11:03:06 - [MESSAGE][PASSED] - Attribute 'value' of object 'Object Repository/DispensaryToStore/Page_Store/input_txttotal' is: '10'

2018-05-22 11:03:06 - [TEST_STEP][PASSED] - Statement - out.println("Requested QTY : " + RequestedQty): null

2018-05-22 11:03:06 - [TEST_STEP][PASSED] - Statement - BatchNumber = com.kms.katalon.core.webui.keyword.WebUiBuiltInKeywords.getNumberOfTotalOption(com.kms.katalon.core.testobject.ObjectRepository.findTestObject(DispensaryToStore/Page_Store/select_--Select--BA1170BA2376B)): 3 options of object 'Object Repository/DispensaryToStore/Page_Store/select_--Select--BA1170BA2376B' counted

2018-05-22 11:03:06 - [MESSAGE][PASSED] - 3 options of object 'Object Repository/DispensaryToStore/Page_Store/select_--Select--BA1170BA2376B' counted

2018-05-22 11:03:06 - [TEST_STEP][PASSED] - Statement - For ([g = 1, g <= BatchNumber - 1, (g++)]): null

2018-05-22 11:03:06 - [TEST_STEP][PASSED] - selectOptionByIndex: All options with index in [1] are selected on object 'Object Repository/DispensaryToStore/Page_Store/select_--Select--BA1170BA2376B'

2018-05-22 11:03:06 - [MESSAGE][PASSED] - All options with index in [1] are selected on object 'Object Repository/DispensaryToStore/Page_Store/select_--Select--BA1170BA2376B'

2018-05-22 11:03:06 - [TEST_STEP][PASSED] - Statement - Try: null

2018-05-22 11:03:06 - [TEST_STEP][PASSED] - Statement - StockQty = com.kms.katalon.core.webui.keyword.WebUiBuiltInKeywords.getAttribute(com.kms.katalon.core.testobject.ObjectRepository.findTestObject(DispensaryToStore/Page_Store/input_txtprice), "value"): Attribute 'value' of object 'Object Repository/DispensaryToStore/Page_Store/input_txtprice' is: '1130'

2018-05-22 11:03:06 - [MESSAGE][PASSED] - Attribute 'value' of object 'Object Repository/DispensaryToStore/Page_Store/input_txtprice' is: '1130'

2018-05-22 11:03:06 - [TEST_STEP][PASSED] - Statement - out.println("Stock QTY : " + StockQty): null

2018-05-22 11:03:06 - [TEST_STEP][PASSED] - delay: Delayed 2 second(s)

2018-05-22 11:03:08 - [MESSAGE][PASSED] - Delayed 2 second(s)

2018-05-22 11:03:08 - [TEST_STEP][PASSED] - Statement - If (java.lang.String.valueOf(StockQty) >= java.lang.String.valueOf(RequestedQty)): null

2018-05-22 11:03:08 - [TEST_STEP][PASSED] - setText: Text '10' is set on object 'Object Repository/DispensaryToStore/Page_Store/input_txtqty'

2018-05-22 11:03:08 - [MESSAGE][PASSED] - Text '10' is set on object 'Object Repository/DispensaryToStore/Page_Store/input_txtqty'

2018-05-22 11:03:08 - [TEST_STEP][PASSED] - click: Object: 'Object Repository/DispensaryToStore/Page_Store/button_Add' is clicked on

2018-05-22 11:03:08 - [MESSAGE][PASSED] - Object: 'Object Repository/DispensaryToStore/Page_Store/button_Add' is clicked on

2018-05-22 11:03:08 - [TEST_STEP][PASSED] - Statement - Break: null

2018-05-22 11:03:08 - [TEST_STEP][PASSED] - selectOptionByIndex: All options with index in [14] are selected on object 'Object Repository/DispensaryToStore/Page_Store/select_--Select--Adernaline 0.'

2018-05-22 11:03:08 - [MESSAGE][PASSED] - All options with index in [14] are selected on object 'Object Repository/DispensaryToStore/Page_Store/select_--Select--Adernaline 0.'

2018-05-22 11:03:08 - [TEST_STEP][PASSED] - delay: Delayed 2 second(s)

2018-05-22 11:03:10 - [MESSAGE][PASSED] - Delayed 2 second(s)

2018-05-22 11:03:10 - [TEST_STEP][PASSED] - Statement - RequestedQty = com.kms.katalon.core.webui.keyword.WebUiBuiltInKeywords.getAttribute(com.kms.katalon.core.testobject.ObjectRepository.findTestObject(DispensaryToStore/Page_Store/input_txttotal), "value"): Attribute 'value' of object 'Object Repository/DispensaryToStore/Page_Store/input_txttotal' is: '10'

2018-05-22 11:03:10 - [MESSAGE][PASSED] - Attribute 'value' of object 'Object Repository/DispensaryToStore/Page_Store/input_txttotal' is: '10'

2018-05-22 11:03:10 - [TEST_STEP][PASSED] - Statement - out.println("Requested QTY : " + RequestedQty): null

2018-05-22 11:03:10 - [TEST_STEP][PASSED] - Statement - BatchNumber = com.kms.katalon.core.webui.keyword.WebUiBuiltInKeywords.getNumberOfTotalOption(com.kms.katalon.core.testobject.ObjectRepository.findTestObject(DispensaryToStore/Page_Store/select_--Select--BA1170BA2376B)): 3 options of object 'Object Repository/DispensaryToStore/Page_Store/select_--Select--BA1170BA2376B' counted

2018-05-22 11:03:10 - [MESSAGE][PASSED] - 3 options of object 'Object Repository/DispensaryToStore/Page_Store/select_--Select--BA1170BA2376B' counted

2018-05-22 11:03:10 - [TEST_STEP][PASSED] - Statement - For ([g = 1, g <= BatchNumber - 1, (g++)]): null

2018-05-22 11:03:10 - [TEST_STEP][PASSED] - selectOptionByIndex: All options with index in [1] are selected on object 'Object Repository/DispensaryToStore/Page_Store/select_--Select--BA1170BA2376B'

2018-05-22 11:03:11 - [MESSAGE][PASSED] - All options with index in [1] are selected on object 'Object Repository/DispensaryToStore/Page_Store/select_--Select--BA1170BA2376B'

2018-05-22 11:03:11 - [TEST_STEP][PASSED] - Statement - Try: null

2018-05-22 11:03:11 - [TEST_STEP][PASSED] - Statement - StockQty = com.kms.katalon.core.webui.keyword.WebUiBuiltInKeywords.getAttribute(com.kms.katalon.core.testobject.ObjectRepository.findTestObject(DispensaryToStore/Page_Store/input_txtprice), "value"): Attribute 'value' of object 'Object Repository/DispensaryToStore/Page_Store/input_txtprice' is: '1130'

2018-05-22 11:03:11 - [MESSAGE][PASSED] - Attribute 'value' of object 'Object Repository/DispensaryToStore/Page_Store/input_txtprice' is: '1130'

2018-05-22 11:03:11 - [TEST_STEP][PASSED] - Statement - out.println("Stock QTY : " + StockQty): null

2018-05-22 11:03:11 - [TEST_STEP][PASSED] - delay: Delayed 2 second(s)

2018-05-22 11:03:13 - [MESSAGE][PASSED] - Delayed 2 second(s)

2018-05-22 11:03:13 - [TEST_STEP][PASSED] - Statement - If (java.lang.String.valueOf(StockQty) >= java.lang.String.valueOf(RequestedQty)): null

2018-05-22 11:03:13 - [TEST_STEP][PASSED] - setText: Text '10' is set on object 'Object Repository/DispensaryToStore/Page_Store/input_txtqty'

2018-05-22 11:03:13 - [MESSAGE][PASSED] - Text '10' is set on object 'Object Repository/DispensaryToStore/Page_Store/input_txtqty'

2018-05-22 11:03:13 - [TEST_STEP][PASSED] - click: Object: 'Object Repository/DispensaryToStore/Page_Store/button_Add' is clicked on

2018-05-22 11:03:13 - [MESSAGE][PASSED] - Object: 'Object Repository/DispensaryToStore/Page_Store/button_Add' is clicked on

2018-05-22 11:03:13 - [TEST_STEP][PASSED] - Statement - Break: null

2018-05-22 11:03:13 - [TEST_STEP][PASSED] - selectOptionByIndex: All options with index in [15] are selected on object 'Object Repository/DispensaryToStore/Page_Store/select_--Select--Adernaline 0.'

2018-05-22 11:03:13 - [MESSAGE][PASSED] - All options with index in [15] are selected on object 'Object Repository/DispensaryToStore/Page_Store/select_--Select--Adernaline 0.'

2018-05-22 11:03:13 - [TEST_STEP][PASSED] - delay: Delayed 2 second(s)

2018-05-22 11:03:15 - [MESSAGE][PASSED] - Delayed 2 second(s)

2018-05-22 11:03:15 - [TEST_STEP][PASSED] - Statement - RequestedQty = com.kms.katalon.core.webui.keyword.WebUiBuiltInKeywords.getAttribute(com.kms.katalon.core.testobject.ObjectRepository.findTestObject(DispensaryToStore/Page_Store/input_txttotal), "value"): Attribute 'value' of object 'Object Repository/DispensaryToStore/Page_Store/input_txttotal' is: '10'

2018-05-22 11:03:15 - [MESSAGE][PASSED] - Attribute 'value' of object 'Object Repository/DispensaryToStore/Page_Store/input_txttotal' is: '10'

2018-05-22 11:03:15 - [TEST_STEP][PASSED] - Statement - out.println("Requested QTY : " + RequestedQty): null

2018-05-22 11:03:15 - [TEST_STEP][PASSED] - Statement - BatchNumber = com.kms.katalon.core.webui.keyword.WebUiBuiltInKeywords.getNumberOfTotalOption(com.kms.katalon.core.testobject.ObjectRepository.findTestObject(DispensaryToStore/Page_Store/select_--Select--BA1170BA2376B)): 5 options of object 'Object Repository/DispensaryToStore/Page_Store/select_--Select--BA1170BA2376B' counted

2018-05-22 11:03:15 - [MESSAGE][PASSED] - 5 options of object 'Object Repository/DispensaryToStore/Page_Store/select_--Select--BA1170BA2376B' counted

2018-05-22 11:03:15 - [TEST_STEP][PASSED] - Statement - For ([g = 1, g <= BatchNumber - 1, (g++)]): null

2018-05-22 11:03:15 - [TEST_STEP][PASSED] - selectOptionByIndex: All options with index in [1] are selected on object 'Object Repository/DispensaryToStore/Page_Store/select_--Select--BA1170BA2376B'

2018-05-22 11:03:15 - [MESSAGE][PASSED] - All options with index in [1] are selected on object 'Object Repository/DispensaryToStore/Page_Store/select_--Select--BA1170BA2376B'

2018-05-22 11:03:15 - [TEST_STEP][PASSED] - Statement - Try: null

2018-05-22 11:03:15 - [TEST_STEP][PASSED] - Statement - StockQty = com.kms.katalon.core.webui.keyword.WebUiBuiltInKeywords.getAttribute(com.kms.katalon.core.testobject.ObjectRepository.findTestObject(DispensaryToStore/Page_Store/input_txtprice), "value"): Attribute 'value' of object 'Object Repository/DispensaryToStore/Page_Store/input_txtprice' is: '200'

2018-05-22 11:03:15 - [MESSAGE][PASSED] - Attribute 'value' of object 'Object Repository/DispensaryToStore/Page_Store/input_txtprice' is: '200'

2018-05-22 11:03:15 - [TEST_STEP][PASSED] - Statement - out.println("Stock QTY : " + StockQty): null

2018-05-22 11:03:15 - [TEST_STEP][PASSED] - delay: Delayed 2 second(s)

2018-05-22 11:03:17 - [MESSAGE][PASSED] - Delayed 2 second(s)

2018-05-22 11:03:17 - [TEST_STEP][PASSED] - Statement - If (java.lang.String.valueOf(StockQty) >= java.lang.String.valueOf(RequestedQty)): null

2018-05-22 11:03:17 - [TEST_STEP][PASSED] - setText: Text '10' is set on object 'Object Repository/DispensaryToStore/Page_Store/input_txtqty'

2018-05-22 11:03:17 - [MESSAGE][PASSED] - Text '10' is set on object 'Object Repository/DispensaryToStore/Page_Store/input_txtqty'

2018-05-22 11:03:17 - [TEST_STEP][PASSED] - click: Object: 'Object Repository/DispensaryToStore/Page_Store/button_Add' is clicked on

2018-05-22 11:03:17 - [MESSAGE][PASSED] - Object: 'Object Repository/DispensaryToStore/Page_Store/button_Add' is clicked on

2018-05-22 11:03:17 - [TEST_STEP][PASSED] - Statement - Break: null

2018-05-22 11:03:17 - [TEST_STEP][PASSED] - scrollToElement: Scroll to object 'Object Repository/DispensaryToStore/Page_Store/input_btnSubmit' successfully

2018-05-22 11:03:17 - [MESSAGE][PASSED] - Scroll to object 'Object Repository/DispensaryToStore/Page_Store/input_btnSubmit' successfully

2018-05-22 11:03:17 - [TEST_STEP][PASSED] - click: Object: 'Object Repository/DispensaryToStore/Page_Store/input_btnSubmit' is clicked on

2018-05-22 11:03:18 - [MESSAGE][PASSED] - Object: 'Object Repository/DispensaryToStore/Page_Store/input_btnSubmit' is clicked on

2018-05-22 11:03:18 - [TEST_STEP][PASSED] - delay: Delayed 3 second(s)

2018-05-22 11:03:21 - [MESSAGE][PASSED] - Delayed 3 second(s)

2018-05-22 11:03:21 - [TEST_STEP][PASSED] - click: Object: 'Object Repository/DispensaryToStore/Page_Store/button_OK' is clicked on

2018-05-22 11:03:21 - [MESSAGE][PASSED] - Object: 'Object Repository/DispensaryToStore/Page_Store/button_OK' is clicked on

2018-05-22 11:03:21 - [TEST_STEP][PASSED] - delay: Delayed 3 second(s)

2018-05-22 11:03:24 - [MESSAGE][PASSED] - Delayed 3 second(s)

2018-05-22 11:03:24 - [TEST_STEP][PASSED] - waitForElementPresent: Object 'Object Repository/DispensaryToStore/Page_Dispensary Store/a_dropdown-toggle' is present

2018-05-22 11:03:24 - [MESSAGE][PASSED] - Object 'Object Repository/DispensaryToStore/Page_Dispensary Store/a_dropdown-toggle' is present

2018-05-22 11:03:24 - [TEST_STEP][PASSED] - click: Object: 'Object Repository/DispensaryToStore/Page_Store/a_dropdown-toggle' is clicked on

2018-05-22 11:03:24 - [MESSAGE][PASSED] - Object: 'Object Repository/DispensaryToStore/Page_Store/a_dropdown-toggle' is clicked on

2018-05-22 11:03:24 - [TEST_STEP][PASSED] - click: Object: 'Object Repository/DispensaryToStore/Page_Store/a_Sign out' is clicked on

2018-05-22 11:03:25 - [MESSAGE][PASSED] - Object: 'Object Repository/DispensaryToStore/Page_Store/a_Sign out' is clicked on

2018-05-22 11:03:25 - [TEST_STEP][PASSED] - closeBrowser: Browser is closed

2018-05-22 11:03:25 - [MESSAGE][PASSED] - Browser is closed]]></system-out>
         <system-err><![CDATA[]]></system-err>
      </testcase>
      <testcase name="Test Cases/DISPENSARY TEST CASES/TC_DP_005 Verify Schedule 5 Dispensary Request Are Working Successfully Or Not" classname="Test Cases/DISPENSARY TEST CASES/TC_DP_005 Verify Schedule 5 Dispensary Request Are Working Successfully Or Not" status="PASSED">
         <system-out><![CDATA[2018-05-22 11:03:25 - [TEST_CASE][PASSED] - Test Cases/DISPENSARY TEST CASES/TC_DP_005 Verify Schedule 5 Dispensary Request Are Working Successfully Or Not: Test Cases/DISPENSARY TEST CASES/TC_DP_005 Verify Schedule 5 Dispensary Request Are Working Successfully Or Not

2018-05-22 11:03:26 - [TEST_STEP][PASSED] - openBrowser: Browser is opened with url: ''

2018-05-22 11:03:28 - [MESSAGE][PASSED] - Browser is opened with url: ''

2018-05-22 11:03:28 - [TEST_STEP][PASSED] - navigateToUrl: Navigate to 'http://192.168.137.1/multihospital_new/HDSplashscreen.aspx' successfully

2018-05-22 11:03:29 - [MESSAGE][PASSED] - Navigate to 'http://192.168.137.1/multihospital_new/HDSplashscreen.aspx' successfully

2018-05-22 11:03:29 - [TEST_STEP][PASSED] - maximizeWindow: Current window maximized

2018-05-22 11:03:31 - [MESSAGE][PASSED] - Current window maximized

2018-05-22 11:03:31 - [TEST_STEP][PASSED] - click: Object: 'Object Repository/DispensaryToStore/Page_KDMC/a_Dispensary Store' is clicked on

2018-05-22 11:03:31 - [MESSAGE][PASSED] - Object: 'Object Repository/DispensaryToStore/Page_KDMC/a_Dispensary Store' is clicked on

2018-05-22 11:03:31 - [TEST_STEP][PASSED] - setText: Text 'rajaram' is set on object 'Object Repository/DispensaryToStore/Page_Dispensary Store Login/input_txtusername'

2018-05-22 11:03:32 - [MESSAGE][PASSED] - Text 'rajaram' is set on object 'Object Repository/DispensaryToStore/Page_Dispensary Store Login/input_txtusername'

2018-05-22 11:03:32 - [TEST_STEP][PASSED] - setText: Text '123' is set on object 'Object Repository/DispensaryToStore/Page_Dispensary Store Login/input_txtpassword'

2018-05-22 11:03:32 - [MESSAGE][PASSED] - Text '123' is set on object 'Object Repository/DispensaryToStore/Page_Dispensary Store Login/input_txtpassword'

2018-05-22 11:03:32 - [TEST_STEP][PASSED] - delay: Delayed 3 second(s)

2018-05-22 11:03:35 - [MESSAGE][PASSED] - Delayed 3 second(s)

2018-05-22 11:03:35 - [TEST_STEP][PASSED] - sendKeys: Keys 'ENTER + ' sent to object: 'Object Repository/DispensaryToStore/Page_Dispensary Store Login/input_txtpassword'

2018-05-22 11:03:35 - [MESSAGE][PASSED] - Keys 'ENTER + ' sent to object: 'Object Repository/DispensaryToStore/Page_Dispensary Store Login/input_txtpassword'

2018-05-22 11:03:35 - [TEST_STEP][PASSED] - delay: Delayed 3 second(s)

2018-05-22 11:03:38 - [MESSAGE][PASSED] - Delayed 3 second(s)

2018-05-22 11:03:38 - [TEST_STEP][PASSED] - click: Object: 'Object Repository/DispensaryToStore/Page_Dispensary Store/a_Request to Store' is clicked on

2018-05-22 11:03:38 - [MESSAGE][PASSED] - Object: 'Object Repository/DispensaryToStore/Page_Dispensary Store/a_Request to Store' is clicked on

2018-05-22 11:03:38 - [TEST_STEP][PASSED] - click: Object: 'Object Repository/DispensaryToStore/Page_Dispensary Store/a_Medicine Request' is clicked on

2018-05-22 11:03:39 - [MESSAGE][PASSED] - Object: 'Object Repository/DispensaryToStore/Page_Dispensary Store/a_Medicine Request' is clicked on

2018-05-22 11:03:39 - [TEST_STEP][PASSED] - selectOptionByIndex: All options with index in [5] are selected on object 'Object Repository/DispensaryToStore/Page_Dispensary Store/select_--Select--Schedule 1Inj'

2018-05-22 11:03:39 - [MESSAGE][PASSED] - All options with index in [5] are selected on object 'Object Repository/DispensaryToStore/Page_Dispensary Store/select_--Select--Schedule 1Inj'

2018-05-22 11:03:39 - [TEST_STEP][PASSED] - Statement - medicineslength = com.kms.katalon.core.webui.keyword.WebUiBuiltInKeywords.getNumberOfTotalOption(com.kms.katalon.core.testobject.ObjectRepository.findTestObject(DispensaryToStore/Page_Dispensary Store/select_--Select--Adernaline 0.)): 17 options of object 'Object Repository/DispensaryToStore/Page_Dispensary Store/select_--Select--Adernaline 0.' counted

2018-05-22 11:03:39 - [MESSAGE][PASSED] - 17 options of object 'Object Repository/DispensaryToStore/Page_Dispensary Store/select_--Select--Adernaline 0.' counted

2018-05-22 11:03:39 - [TEST_STEP][PASSED] - Statement - For ([e = 1, e <= medicineslength - 1, (e++)]): Object: 'Object Repository/DispensaryToStore/Page_Dispensary Store/button_Add' is clicked on

2018-05-22 11:03:39 - [TEST_STEP][PASSED] - selectOptionByIndex: All options with index in [5] are selected on object 'Object Repository/DispensaryToStore/Page_Dispensary Store/select_--Select--Schedule 1Inj'

2018-05-22 11:03:39 - [MESSAGE][PASSED] - All options with index in [5] are selected on object 'Object Repository/DispensaryToStore/Page_Dispensary Store/select_--Select--Schedule 1Inj'

2018-05-22 11:03:39 - [TEST_STEP][PASSED] - selectOptionByIndex: All options with index in [1] are selected on object 'Object Repository/DispensaryToStore/Page_Dispensary Store/select_--Select--Adernaline 0.'

2018-05-22 11:03:40 - [MESSAGE][PASSED] - All options with index in [1] are selected on object 'Object Repository/DispensaryToStore/Page_Dispensary Store/select_--Select--Adernaline 0.'

2018-05-22 11:03:40 - [TEST_STEP][PASSED] - setText: Text '10' is set on object 'Object Repository/DispensaryToStore/Page_Dispensary Store/input_txttreat'

2018-05-22 11:03:40 - [MESSAGE][PASSED] - Text '10' is set on object 'Object Repository/DispensaryToStore/Page_Dispensary Store/input_txttreat'

2018-05-22 11:03:40 - [TEST_STEP][PASSED] - click: Object: 'Object Repository/DispensaryToStore/Page_Dispensary Store/button_Add' is clicked on

2018-05-22 11:03:40 - [MESSAGE][PASSED] - Object: 'Object Repository/DispensaryToStore/Page_Dispensary Store/button_Add' is clicked on

2018-05-22 11:03:40 - [TEST_STEP][PASSED] - selectOptionByIndex: All options with index in [5] are selected on object 'Object Repository/DispensaryToStore/Page_Dispensary Store/select_--Select--Schedule 1Inj'

2018-05-22 11:03:40 - [MESSAGE][PASSED] - All options with index in [5] are selected on object 'Object Repository/DispensaryToStore/Page_Dispensary Store/select_--Select--Schedule 1Inj'

2018-05-22 11:03:40 - [TEST_STEP][PASSED] - selectOptionByIndex: All options with index in [2] are selected on object 'Object Repository/DispensaryToStore/Page_Dispensary Store/select_--Select--Adernaline 0.'

2018-05-22 11:03:40 - [MESSAGE][PASSED] - All options with index in [2] are selected on object 'Object Repository/DispensaryToStore/Page_Dispensary Store/select_--Select--Adernaline 0.'

2018-05-22 11:03:40 - [TEST_STEP][PASSED] - setText: Text '10' is set on object 'Object Repository/DispensaryToStore/Page_Dispensary Store/input_txttreat'

2018-05-22 11:03:40 - [MESSAGE][PASSED] - Text '10' is set on object 'Object Repository/DispensaryToStore/Page_Dispensary Store/input_txttreat'

2018-05-22 11:03:40 - [TEST_STEP][PASSED] - click: Object: 'Object Repository/DispensaryToStore/Page_Dispensary Store/button_Add' is clicked on

2018-05-22 11:03:40 - [MESSAGE][PASSED] - Object: 'Object Repository/DispensaryToStore/Page_Dispensary Store/button_Add' is clicked on

2018-05-22 11:03:40 - [TEST_STEP][PASSED] - selectOptionByIndex: All options with index in [5] are selected on object 'Object Repository/DispensaryToStore/Page_Dispensary Store/select_--Select--Schedule 1Inj'

2018-05-22 11:03:40 - [MESSAGE][PASSED] - All options with index in [5] are selected on object 'Object Repository/DispensaryToStore/Page_Dispensary Store/select_--Select--Schedule 1Inj'

2018-05-22 11:03:40 - [TEST_STEP][PASSED] - selectOptionByIndex: All options with index in [3] are selected on object 'Object Repository/DispensaryToStore/Page_Dispensary Store/select_--Select--Adernaline 0.'

2018-05-22 11:03:41 - [MESSAGE][PASSED] - All options with index in [3] are selected on object 'Object Repository/DispensaryToStore/Page_Dispensary Store/select_--Select--Adernaline 0.'

2018-05-22 11:03:41 - [TEST_STEP][PASSED] - setText: Text '10' is set on object 'Object Repository/DispensaryToStore/Page_Dispensary Store/input_txttreat'

2018-05-22 11:03:41 - [MESSAGE][PASSED] - Text '10' is set on object 'Object Repository/DispensaryToStore/Page_Dispensary Store/input_txttreat'

2018-05-22 11:03:41 - [TEST_STEP][PASSED] - click: Object: 'Object Repository/DispensaryToStore/Page_Dispensary Store/button_Add' is clicked on

2018-05-22 11:03:41 - [MESSAGE][PASSED] - Object: 'Object Repository/DispensaryToStore/Page_Dispensary Store/button_Add' is clicked on

2018-05-22 11:03:41 - [TEST_STEP][PASSED] - selectOptionByIndex: All options with index in [5] are selected on object 'Object Repository/DispensaryToStore/Page_Dispensary Store/select_--Select--Schedule 1Inj'

2018-05-22 11:03:41 - [MESSAGE][PASSED] - All options with index in [5] are selected on object 'Object Repository/DispensaryToStore/Page_Dispensary Store/select_--Select--Schedule 1Inj'

2018-05-22 11:03:41 - [TEST_STEP][PASSED] - selectOptionByIndex: All options with index in [4] are selected on object 'Object Repository/DispensaryToStore/Page_Dispensary Store/select_--Select--Adernaline 0.'

2018-05-22 11:03:41 - [MESSAGE][PASSED] - All options with index in [4] are selected on object 'Object Repository/DispensaryToStore/Page_Dispensary Store/select_--Select--Adernaline 0.'

2018-05-22 11:03:41 - [TEST_STEP][PASSED] - setText: Text '10' is set on object 'Object Repository/DispensaryToStore/Page_Dispensary Store/input_txttreat'

2018-05-22 11:03:41 - [MESSAGE][PASSED] - Text '10' is set on object 'Object Repository/DispensaryToStore/Page_Dispensary Store/input_txttreat'

2018-05-22 11:03:41 - [TEST_STEP][PASSED] - click: Object: 'Object Repository/DispensaryToStore/Page_Dispensary Store/button_Add' is clicked on

2018-05-22 11:03:41 - [MESSAGE][PASSED] - Object: 'Object Repository/DispensaryToStore/Page_Dispensary Store/button_Add' is clicked on

2018-05-22 11:03:41 - [TEST_STEP][PASSED] - selectOptionByIndex: All options with index in [5] are selected on object 'Object Repository/DispensaryToStore/Page_Dispensary Store/select_--Select--Schedule 1Inj'

2018-05-22 11:03:41 - [MESSAGE][PASSED] - All options with index in [5] are selected on object 'Object Repository/DispensaryToStore/Page_Dispensary Store/select_--Select--Schedule 1Inj'

2018-05-22 11:03:41 - [TEST_STEP][PASSED] - selectOptionByIndex: All options with index in [5] are selected on object 'Object Repository/DispensaryToStore/Page_Dispensary Store/select_--Select--Adernaline 0.'

2018-05-22 11:03:42 - [MESSAGE][PASSED] - All options with index in [5] are selected on object 'Object Repository/DispensaryToStore/Page_Dispensary Store/select_--Select--Adernaline 0.'

2018-05-22 11:03:42 - [TEST_STEP][PASSED] - setText: Text '10' is set on object 'Object Repository/DispensaryToStore/Page_Dispensary Store/input_txttreat'

2018-05-22 11:03:42 - [MESSAGE][PASSED] - Text '10' is set on object 'Object Repository/DispensaryToStore/Page_Dispensary Store/input_txttreat'

2018-05-22 11:03:42 - [TEST_STEP][PASSED] - click: Object: 'Object Repository/DispensaryToStore/Page_Dispensary Store/button_Add' is clicked on

2018-05-22 11:03:42 - [MESSAGE][PASSED] - Object: 'Object Repository/DispensaryToStore/Page_Dispensary Store/button_Add' is clicked on

2018-05-22 11:03:42 - [TEST_STEP][PASSED] - selectOptionByIndex: All options with index in [5] are selected on object 'Object Repository/DispensaryToStore/Page_Dispensary Store/select_--Select--Schedule 1Inj'

2018-05-22 11:03:42 - [MESSAGE][PASSED] - All options with index in [5] are selected on object 'Object Repository/DispensaryToStore/Page_Dispensary Store/select_--Select--Schedule 1Inj'

2018-05-22 11:03:42 - [TEST_STEP][PASSED] - selectOptionByIndex: All options with index in [6] are selected on object 'Object Repository/DispensaryToStore/Page_Dispensary Store/select_--Select--Adernaline 0.'

2018-05-22 11:03:42 - [MESSAGE][PASSED] - All options with index in [6] are selected on object 'Object Repository/DispensaryToStore/Page_Dispensary Store/select_--Select--Adernaline 0.'

2018-05-22 11:03:42 - [TEST_STEP][PASSED] - setText: Text '10' is set on object 'Object Repository/DispensaryToStore/Page_Dispensary Store/input_txttreat'

2018-05-22 11:03:42 - [MESSAGE][PASSED] - Text '10' is set on object 'Object Repository/DispensaryToStore/Page_Dispensary Store/input_txttreat'

2018-05-22 11:03:42 - [TEST_STEP][PASSED] - click: Object: 'Object Repository/DispensaryToStore/Page_Dispensary Store/button_Add' is clicked on

2018-05-22 11:03:42 - [MESSAGE][PASSED] - Object: 'Object Repository/DispensaryToStore/Page_Dispensary Store/button_Add' is clicked on

2018-05-22 11:03:42 - [TEST_STEP][PASSED] - selectOptionByIndex: All options with index in [5] are selected on object 'Object Repository/DispensaryToStore/Page_Dispensary Store/select_--Select--Schedule 1Inj'

2018-05-22 11:03:42 - [MESSAGE][PASSED] - All options with index in [5] are selected on object 'Object Repository/DispensaryToStore/Page_Dispensary Store/select_--Select--Schedule 1Inj'

2018-05-22 11:03:42 - [TEST_STEP][PASSED] - selectOptionByIndex: All options with index in [7] are selected on object 'Object Repository/DispensaryToStore/Page_Dispensary Store/select_--Select--Adernaline 0.'

2018-05-22 11:03:43 - [MESSAGE][PASSED] - All options with index in [7] are selected on object 'Object Repository/DispensaryToStore/Page_Dispensary Store/select_--Select--Adernaline 0.'

2018-05-22 11:03:43 - [TEST_STEP][PASSED] - setText: Text '10' is set on object 'Object Repository/DispensaryToStore/Page_Dispensary Store/input_txttreat'

2018-05-22 11:03:43 - [MESSAGE][PASSED] - Text '10' is set on object 'Object Repository/DispensaryToStore/Page_Dispensary Store/input_txttreat'

2018-05-22 11:03:43 - [TEST_STEP][PASSED] - click: Object: 'Object Repository/DispensaryToStore/Page_Dispensary Store/button_Add' is clicked on

2018-05-22 11:03:43 - [MESSAGE][PASSED] - Object: 'Object Repository/DispensaryToStore/Page_Dispensary Store/button_Add' is clicked on

2018-05-22 11:03:43 - [TEST_STEP][PASSED] - selectOptionByIndex: All options with index in [5] are selected on object 'Object Repository/DispensaryToStore/Page_Dispensary Store/select_--Select--Schedule 1Inj'

2018-05-22 11:03:43 - [MESSAGE][PASSED] - All options with index in [5] are selected on object 'Object Repository/DispensaryToStore/Page_Dispensary Store/select_--Select--Schedule 1Inj'

2018-05-22 11:03:43 - [TEST_STEP][PASSED] - selectOptionByIndex: All options with index in [8] are selected on object 'Object Repository/DispensaryToStore/Page_Dispensary Store/select_--Select--Adernaline 0.'

2018-05-22 11:03:43 - [MESSAGE][PASSED] - All options with index in [8] are selected on object 'Object Repository/DispensaryToStore/Page_Dispensary Store/select_--Select--Adernaline 0.'

2018-05-22 11:03:43 - [TEST_STEP][PASSED] - setText: Text '10' is set on object 'Object Repository/DispensaryToStore/Page_Dispensary Store/input_txttreat'

2018-05-22 11:03:43 - [MESSAGE][PASSED] - Text '10' is set on object 'Object Repository/DispensaryToStore/Page_Dispensary Store/input_txttreat'

2018-05-22 11:03:43 - [TEST_STEP][PASSED] - click: Object: 'Object Repository/DispensaryToStore/Page_Dispensary Store/button_Add' is clicked on

2018-05-22 11:03:43 - [MESSAGE][PASSED] - Object: 'Object Repository/DispensaryToStore/Page_Dispensary Store/button_Add' is clicked on

2018-05-22 11:03:43 - [TEST_STEP][PASSED] - selectOptionByIndex: All options with index in [5] are selected on object 'Object Repository/DispensaryToStore/Page_Dispensary Store/select_--Select--Schedule 1Inj'

2018-05-22 11:03:43 - [MESSAGE][PASSED] - All options with index in [5] are selected on object 'Object Repository/DispensaryToStore/Page_Dispensary Store/select_--Select--Schedule 1Inj'

2018-05-22 11:03:43 - [TEST_STEP][PASSED] - selectOptionByIndex: All options with index in [9] are selected on object 'Object Repository/DispensaryToStore/Page_Dispensary Store/select_--Select--Adernaline 0.'

2018-05-22 11:03:44 - [MESSAGE][PASSED] - All options with index in [9] are selected on object 'Object Repository/DispensaryToStore/Page_Dispensary Store/select_--Select--Adernaline 0.'

2018-05-22 11:03:44 - [TEST_STEP][PASSED] - setText: Text '10' is set on object 'Object Repository/DispensaryToStore/Page_Dispensary Store/input_txttreat'

2018-05-22 11:03:44 - [MESSAGE][PASSED] - Text '10' is set on object 'Object Repository/DispensaryToStore/Page_Dispensary Store/input_txttreat'

2018-05-22 11:03:44 - [TEST_STEP][PASSED] - click: Object: 'Object Repository/DispensaryToStore/Page_Dispensary Store/button_Add' is clicked on

2018-05-22 11:03:44 - [MESSAGE][PASSED] - Object: 'Object Repository/DispensaryToStore/Page_Dispensary Store/button_Add' is clicked on

2018-05-22 11:03:44 - [TEST_STEP][PASSED] - selectOptionByIndex: All options with index in [5] are selected on object 'Object Repository/DispensaryToStore/Page_Dispensary Store/select_--Select--Schedule 1Inj'

2018-05-22 11:03:44 - [MESSAGE][PASSED] - All options with index in [5] are selected on object 'Object Repository/DispensaryToStore/Page_Dispensary Store/select_--Select--Schedule 1Inj'

2018-05-22 11:03:44 - [TEST_STEP][PASSED] - selectOptionByIndex: All options with index in [10] are selected on object 'Object Repository/DispensaryToStore/Page_Dispensary Store/select_--Select--Adernaline 0.'

2018-05-22 11:03:44 - [MESSAGE][PASSED] - All options with index in [10] are selected on object 'Object Repository/DispensaryToStore/Page_Dispensary Store/select_--Select--Adernaline 0.'

2018-05-22 11:03:44 - [TEST_STEP][PASSED] - setText: Text '10' is set on object 'Object Repository/DispensaryToStore/Page_Dispensary Store/input_txttreat'

2018-05-22 11:03:44 - [MESSAGE][PASSED] - Text '10' is set on object 'Object Repository/DispensaryToStore/Page_Dispensary Store/input_txttreat'

2018-05-22 11:03:44 - [TEST_STEP][PASSED] - click: Object: 'Object Repository/DispensaryToStore/Page_Dispensary Store/button_Add' is clicked on

2018-05-22 11:03:44 - [MESSAGE][PASSED] - Object: 'Object Repository/DispensaryToStore/Page_Dispensary Store/button_Add' is clicked on

2018-05-22 11:03:44 - [TEST_STEP][PASSED] - selectOptionByIndex: All options with index in [5] are selected on object 'Object Repository/DispensaryToStore/Page_Dispensary Store/select_--Select--Schedule 1Inj'

2018-05-22 11:03:44 - [MESSAGE][PASSED] - All options with index in [5] are selected on object 'Object Repository/DispensaryToStore/Page_Dispensary Store/select_--Select--Schedule 1Inj'

2018-05-22 11:03:44 - [TEST_STEP][PASSED] - selectOptionByIndex: All options with index in [11] are selected on object 'Object Repository/DispensaryToStore/Page_Dispensary Store/select_--Select--Adernaline 0.'

2018-05-22 11:03:45 - [MESSAGE][PASSED] - All options with index in [11] are selected on object 'Object Repository/DispensaryToStore/Page_Dispensary Store/select_--Select--Adernaline 0.'

2018-05-22 11:03:45 - [TEST_STEP][PASSED] - setText: Text '10' is set on object 'Object Repository/DispensaryToStore/Page_Dispensary Store/input_txttreat'

2018-05-22 11:03:45 - [MESSAGE][PASSED] - Text '10' is set on object 'Object Repository/DispensaryToStore/Page_Dispensary Store/input_txttreat'

2018-05-22 11:03:45 - [TEST_STEP][PASSED] - click: Object: 'Object Repository/DispensaryToStore/Page_Dispensary Store/button_Add' is clicked on

2018-05-22 11:03:45 - [MESSAGE][PASSED] - Object: 'Object Repository/DispensaryToStore/Page_Dispensary Store/button_Add' is clicked on

2018-05-22 11:03:45 - [TEST_STEP][PASSED] - selectOptionByIndex: All options with index in [5] are selected on object 'Object Repository/DispensaryToStore/Page_Dispensary Store/select_--Select--Schedule 1Inj'

2018-05-22 11:03:45 - [MESSAGE][PASSED] - All options with index in [5] are selected on object 'Object Repository/DispensaryToStore/Page_Dispensary Store/select_--Select--Schedule 1Inj'

2018-05-22 11:03:45 - [TEST_STEP][PASSED] - selectOptionByIndex: All options with index in [12] are selected on object 'Object Repository/DispensaryToStore/Page_Dispensary Store/select_--Select--Adernaline 0.'

2018-05-22 11:03:45 - [MESSAGE][PASSED] - All options with index in [12] are selected on object 'Object Repository/DispensaryToStore/Page_Dispensary Store/select_--Select--Adernaline 0.'

2018-05-22 11:03:45 - [TEST_STEP][PASSED] - setText: Text '10' is set on object 'Object Repository/DispensaryToStore/Page_Dispensary Store/input_txttreat'

2018-05-22 11:03:45 - [MESSAGE][PASSED] - Text '10' is set on object 'Object Repository/DispensaryToStore/Page_Dispensary Store/input_txttreat'

2018-05-22 11:03:45 - [TEST_STEP][PASSED] - click: Object: 'Object Repository/DispensaryToStore/Page_Dispensary Store/button_Add' is clicked on

2018-05-22 11:03:45 - [MESSAGE][PASSED] - Object: 'Object Repository/DispensaryToStore/Page_Dispensary Store/button_Add' is clicked on

2018-05-22 11:03:45 - [TEST_STEP][PASSED] - selectOptionByIndex: All options with index in [5] are selected on object 'Object Repository/DispensaryToStore/Page_Dispensary Store/select_--Select--Schedule 1Inj'

2018-05-22 11:03:46 - [MESSAGE][PASSED] - All options with index in [5] are selected on object 'Object Repository/DispensaryToStore/Page_Dispensary Store/select_--Select--Schedule 1Inj'

2018-05-22 11:03:46 - [TEST_STEP][PASSED] - selectOptionByIndex: All options with index in [13] are selected on object 'Object Repository/DispensaryToStore/Page_Dispensary Store/select_--Select--Adernaline 0.'

2018-05-22 11:03:46 - [MESSAGE][PASSED] - All options with index in [13] are selected on object 'Object Repository/DispensaryToStore/Page_Dispensary Store/select_--Select--Adernaline 0.'

2018-05-22 11:03:46 - [TEST_STEP][PASSED] - setText: Text '10' is set on object 'Object Repository/DispensaryToStore/Page_Dispensary Store/input_txttreat'

2018-05-22 11:03:46 - [MESSAGE][PASSED] - Text '10' is set on object 'Object Repository/DispensaryToStore/Page_Dispensary Store/input_txttreat'

2018-05-22 11:03:46 - [TEST_STEP][PASSED] - click: Object: 'Object Repository/DispensaryToStore/Page_Dispensary Store/button_Add' is clicked on

2018-05-22 11:03:46 - [MESSAGE][PASSED] - Object: 'Object Repository/DispensaryToStore/Page_Dispensary Store/button_Add' is clicked on

2018-05-22 11:03:46 - [TEST_STEP][PASSED] - selectOptionByIndex: All options with index in [5] are selected on object 'Object Repository/DispensaryToStore/Page_Dispensary Store/select_--Select--Schedule 1Inj'

2018-05-22 11:03:46 - [MESSAGE][PASSED] - All options with index in [5] are selected on object 'Object Repository/DispensaryToStore/Page_Dispensary Store/select_--Select--Schedule 1Inj'

2018-05-22 11:03:46 - [TEST_STEP][PASSED] - selectOptionByIndex: All options with index in [14] are selected on object 'Object Repository/DispensaryToStore/Page_Dispensary Store/select_--Select--Adernaline 0.'

2018-05-22 11:03:46 - [MESSAGE][PASSED] - All options with index in [14] are selected on object 'Object Repository/DispensaryToStore/Page_Dispensary Store/select_--Select--Adernaline 0.'

2018-05-22 11:03:46 - [TEST_STEP][PASSED] - setText: Text '10' is set on object 'Object Repository/DispensaryToStore/Page_Dispensary Store/input_txttreat'

2018-05-22 11:03:46 - [MESSAGE][PASSED] - Text '10' is set on object 'Object Repository/DispensaryToStore/Page_Dispensary Store/input_txttreat'

2018-05-22 11:03:46 - [TEST_STEP][PASSED] - click: Object: 'Object Repository/DispensaryToStore/Page_Dispensary Store/button_Add' is clicked on

2018-05-22 11:03:46 - [MESSAGE][PASSED] - Object: 'Object Repository/DispensaryToStore/Page_Dispensary Store/button_Add' is clicked on

2018-05-22 11:03:46 - [TEST_STEP][PASSED] - selectOptionByIndex: All options with index in [5] are selected on object 'Object Repository/DispensaryToStore/Page_Dispensary Store/select_--Select--Schedule 1Inj'

2018-05-22 11:03:47 - [MESSAGE][PASSED] - All options with index in [5] are selected on object 'Object Repository/DispensaryToStore/Page_Dispensary Store/select_--Select--Schedule 1Inj'

2018-05-22 11:03:47 - [TEST_STEP][PASSED] - selectOptionByIndex: All options with index in [15] are selected on object 'Object Repository/DispensaryToStore/Page_Dispensary Store/select_--Select--Adernaline 0.'

2018-05-22 11:03:47 - [MESSAGE][PASSED] - All options with index in [15] are selected on object 'Object Repository/DispensaryToStore/Page_Dispensary Store/select_--Select--Adernaline 0.'

2018-05-22 11:03:47 - [TEST_STEP][PASSED] - setText: Text '10' is set on object 'Object Repository/DispensaryToStore/Page_Dispensary Store/input_txttreat'

2018-05-22 11:03:47 - [MESSAGE][PASSED] - Text '10' is set on object 'Object Repository/DispensaryToStore/Page_Dispensary Store/input_txttreat'

2018-05-22 11:03:47 - [TEST_STEP][PASSED] - click: Object: 'Object Repository/DispensaryToStore/Page_Dispensary Store/button_Add' is clicked on

2018-05-22 11:03:47 - [MESSAGE][PASSED] - Object: 'Object Repository/DispensaryToStore/Page_Dispensary Store/button_Add' is clicked on

2018-05-22 11:03:47 - [TEST_STEP][PASSED] - selectOptionByIndex: All options with index in [5] are selected on object 'Object Repository/DispensaryToStore/Page_Dispensary Store/select_--Select--Schedule 1Inj'

2018-05-22 11:03:47 - [MESSAGE][PASSED] - All options with index in [5] are selected on object 'Object Repository/DispensaryToStore/Page_Dispensary Store/select_--Select--Schedule 1Inj'

2018-05-22 11:03:47 - [TEST_STEP][PASSED] - selectOptionByIndex: All options with index in [16] are selected on object 'Object Repository/DispensaryToStore/Page_Dispensary Store/select_--Select--Adernaline 0.'

2018-05-22 11:03:47 - [MESSAGE][PASSED] - All options with index in [16] are selected on object 'Object Repository/DispensaryToStore/Page_Dispensary Store/select_--Select--Adernaline 0.'

2018-05-22 11:03:47 - [TEST_STEP][PASSED] - setText: Text '10' is set on object 'Object Repository/DispensaryToStore/Page_Dispensary Store/input_txttreat'

2018-05-22 11:03:48 - [MESSAGE][PASSED] - Text '10' is set on object 'Object Repository/DispensaryToStore/Page_Dispensary Store/input_txttreat'

2018-05-22 11:03:48 - [TEST_STEP][PASSED] - click: Object: 'Object Repository/DispensaryToStore/Page_Dispensary Store/button_Add' is clicked on

2018-05-22 11:03:48 - [MESSAGE][PASSED] - Object: 'Object Repository/DispensaryToStore/Page_Dispensary Store/button_Add' is clicked on

2018-05-22 11:03:48 - [TEST_STEP][PASSED] - scrollToElement: Scroll to object 'Object Repository/DispensaryToStore/Page_Dispensary Store/input_btnsave' successfully

2018-05-22 11:03:48 - [MESSAGE][PASSED] - Scroll to object 'Object Repository/DispensaryToStore/Page_Dispensary Store/input_btnsave' successfully

2018-05-22 11:03:48 - [TEST_STEP][PASSED] - click: Object: 'Object Repository/DispensaryToStore/Page_Dispensary Store/input_btnsave' is clicked on

2018-05-22 11:03:48 - [MESSAGE][PASSED] - Object: 'Object Repository/DispensaryToStore/Page_Dispensary Store/input_btnsave' is clicked on

2018-05-22 11:03:48 - [TEST_STEP][PASSED] - delay: Delayed 3 second(s)

2018-05-22 11:03:51 - [MESSAGE][PASSED] - Delayed 3 second(s)

2018-05-22 11:03:51 - [TEST_STEP][PASSED] - Statement - RN1 = com.kms.katalon.core.webui.keyword.WebUiBuiltInKeywords.getText(com.kms.katalon.core.testobject.ObjectRepository.findTestObject(DispensaryToStore/Page_Dispensary Store/font_HPRNO180520187)): Text of object 'Object Repository/DispensaryToStore/Page_Dispensary Store/font_HPRNO180520187' is: 'DPRNO/22052018/54'

2018-05-22 11:03:51 - [MESSAGE][PASSED] - Text of object 'Object Repository/DispensaryToStore/Page_Dispensary Store/font_HPRNO180520187' is: 'DPRNO/22052018/54'

2018-05-22 11:03:51 - [TEST_STEP][PASSED] - Statement - out.println(RN1): null

2018-05-22 11:03:51 - [TEST_STEP][PASSED] - Statement - RID = RN1.split("/")[2]: null

2018-05-22 11:03:51 - [TEST_STEP][PASSED] - click: Object: 'Object Repository/DispensaryToStore/Page_Dispensary Store/button_OK' is clicked on

2018-05-22 11:03:51 - [MESSAGE][PASSED] - Object: 'Object Repository/DispensaryToStore/Page_Dispensary Store/button_OK' is clicked on

2018-05-22 11:03:51 - [TEST_STEP][PASSED] - delay: Delayed 3 second(s)

2018-05-22 11:03:54 - [MESSAGE][PASSED] - Delayed 3 second(s)

2018-05-22 11:03:54 - [TEST_STEP][PASSED] - waitForElementPresent: Object 'Object Repository/DispensaryToStore/Page_Dispensary Store/a_dropdown-toggle' is present

2018-05-22 11:03:54 - [MESSAGE][PASSED] - Object 'Object Repository/DispensaryToStore/Page_Dispensary Store/a_dropdown-toggle' is present

2018-05-22 11:03:54 - [TEST_STEP][PASSED] - click: Object: 'Object Repository/DispensaryToStore/Page_Dispensary Store/a_dropdown-toggle' is clicked on

2018-05-22 11:03:54 - [MESSAGE][PASSED] - Object: 'Object Repository/DispensaryToStore/Page_Dispensary Store/a_dropdown-toggle' is clicked on

2018-05-22 11:03:54 - [TEST_STEP][PASSED] - click: Object: 'Object Repository/DispensaryToStore/Page_Dispensary Store/a_Sign out' is clicked on

2018-05-22 11:03:55 - [MESSAGE][PASSED] - Object: 'Object Repository/DispensaryToStore/Page_Dispensary Store/a_Sign out' is clicked on

2018-05-22 11:03:55 - [TEST_STEP][PASSED] - delay: Delayed 3 second(s)

2018-05-22 11:03:58 - [MESSAGE][PASSED] - Delayed 3 second(s)

2018-05-22 11:03:58 - [TEST_STEP][PASSED] - navigateToUrl: Navigate to 'http://192.168.137.1/multihospital_new/' successfully

2018-05-22 11:03:59 - [MESSAGE][PASSED] - Navigate to 'http://192.168.137.1/multihospital_new/' successfully

2018-05-22 11:03:59 - [TEST_STEP][PASSED] - click: Object: 'Object Repository/DispensaryToStore/Page_KDMC/a_CMO' is clicked on

2018-05-22 11:03:59 - [MESSAGE][PASSED] - Object: 'Object Repository/DispensaryToStore/Page_KDMC/a_CMO' is clicked on

2018-05-22 11:03:59 - [TEST_STEP][PASSED] - setText: Text 'guru' is set on object 'Object Repository/DispensaryToStore/Page_CMO login/input_txtusername'

2018-05-22 11:03:59 - [MESSAGE][PASSED] - Text 'guru' is set on object 'Object Repository/DispensaryToStore/Page_CMO login/input_txtusername'

2018-05-22 11:03:59 - [TEST_STEP][PASSED] - setText: Text '123' is set on object 'Object Repository/DispensaryToStore/Page_CMO login/input_txtpassword'

2018-05-22 11:03:59 - [MESSAGE][PASSED] - Text '123' is set on object 'Object Repository/DispensaryToStore/Page_CMO login/input_txtpassword'

2018-05-22 11:03:59 - [TEST_STEP][PASSED] - delay: Delayed 3 second(s)

2018-05-22 11:04:02 - [MESSAGE][PASSED] - Delayed 3 second(s)

2018-05-22 11:04:02 - [TEST_STEP][PASSED] - click: Object: 'Object Repository/DispensaryToStore/Page_CMO login/button_Sign in' is clicked on

2018-05-22 11:04:03 - [MESSAGE][PASSED] - Object: 'Object Repository/DispensaryToStore/Page_CMO login/button_Sign in' is clicked on

2018-05-22 11:04:03 - [TEST_STEP][PASSED] - click: Object: 'Object Repository/DispensaryToStore/Page_KDMC - CMO/a_Department Wise Request' is clicked on

2018-05-22 11:04:06 - [MESSAGE][PASSED] - Object: 'Object Repository/DispensaryToStore/Page_KDMC - CMO/a_Department Wise Request' is clicked on

2018-05-22 11:04:06 - [TEST_STEP][PASSED] - delay: Delayed 2 second(s)

2018-05-22 11:04:08 - [MESSAGE][PASSED] - Delayed 2 second(s)

2018-05-22 11:04:08 - [TEST_STEP][PASSED] - selectOptionByIndex: All options with index in [6] are selected on object 'Object Repository/DispensaryToStore/Page_KDMC - CMO/select_--ALL--'

2018-05-22 11:04:08 - [MESSAGE][PASSED] - All options with index in [6] are selected on object 'Object Repository/DispensaryToStore/Page_KDMC - CMO/select_--ALL--'

2018-05-22 11:04:08 - [TEST_STEP][PASSED] - click: Object: 'Object Repository/DispensaryToStore/Page_KDMC - CMO/input_btnsearch' is clicked on

2018-05-22 11:04:09 - [MESSAGE][PASSED] - Object: 'Object Repository/DispensaryToStore/Page_KDMC - CMO/input_btnsearch' is clicked on

2018-05-22 11:04:09 - [TEST_STEP][PASSED] - selectOptionByIndex: All options with index in [1] are selected on object 'Object Repository/DispensaryToStore/Page_KDMC - CMO/select_--ALL--                _1'

2018-05-22 11:04:09 - [MESSAGE][PASSED] - All options with index in [1] are selected on object 'Object Repository/DispensaryToStore/Page_KDMC - CMO/select_--ALL--                _1'

2018-05-22 11:04:09 - [TEST_STEP][PASSED] - click: Object: 'Object Repository/DispensaryToStore/Page_KDMC - CMO/input_btnsearch' is clicked on

2018-05-22 11:04:09 - [MESSAGE][PASSED] - Object: 'Object Repository/DispensaryToStore/Page_KDMC - CMO/input_btnsearch' is clicked on

2018-05-22 11:04:09 - [TEST_STEP][PASSED] - Statement - ID = com.kms.katalon.core.webui.keyword.WebUiBuiltInKeywords.modifyObjectProperty(com.kms.katalon.core.testobject.ObjectRepository.findTestObject(lab/Page_KDMC - CMO/input_1), "xpath", "equals", "//*[@id=" + RID + "]", true): Modify property of object successfully

2018-05-22 11:04:09 - [MESSAGE][PASSED] - Modify property of object successfully

2018-05-22 11:04:09 - [TEST_STEP][PASSED] - scrollToElement: Scroll to object 'Object Repository/lab/Page_KDMC - CMO/input_1' successfully

2018-05-22 11:04:09 - [MESSAGE][PASSED] - Scroll to object 'Object Repository/lab/Page_KDMC - CMO/input_1' successfully

2018-05-22 11:04:09 - [TEST_STEP][PASSED] - click: Object: 'Object Repository/lab/Page_KDMC - CMO/input_1' is clicked on

2018-05-22 11:04:09 - [MESSAGE][PASSED] - Object: 'Object Repository/lab/Page_KDMC - CMO/input_1' is clicked on

2018-05-22 11:04:09 - [TEST_STEP][PASSED] - delay: Delayed 2 second(s)

2018-05-22 11:04:11 - [MESSAGE][PASSED] - Delayed 2 second(s)

2018-05-22 11:04:11 - [TEST_STEP][PASSED] - selectOptionByIndex: All options with index in [1] are selected on object 'Object Repository/DispensaryToStore/Page_KDMC - CMO/select_--Select--'

2018-05-22 11:04:12 - [MESSAGE][PASSED] - All options with index in [1] are selected on object 'Object Repository/DispensaryToStore/Page_KDMC - CMO/select_--Select--'

2018-05-22 11:04:12 - [TEST_STEP][PASSED] - click: Object: 'Object Repository/DispensaryToStore/Page_KDMC - CMO/input_btnupdate' is clicked on

2018-05-22 11:04:12 - [MESSAGE][PASSED] - Object: 'Object Repository/DispensaryToStore/Page_KDMC - CMO/input_btnupdate' is clicked on

2018-05-22 11:04:12 - [TEST_STEP][PASSED] - delay: Delayed 2 second(s)

2018-05-22 11:04:14 - [MESSAGE][PASSED] - Delayed 2 second(s)

2018-05-22 11:04:14 - [TEST_STEP][PASSED] - click: Object: 'Object Repository/DispensaryToStore/Page_KDMC - CMO/button_OK' is clicked on

2018-05-22 11:04:14 - [MESSAGE][PASSED] - Object: 'Object Repository/DispensaryToStore/Page_KDMC - CMO/button_OK' is clicked on

2018-05-22 11:04:14 - [TEST_STEP][PASSED] - delay: Delayed 2 second(s)

2018-05-22 11:04:16 - [MESSAGE][PASSED] - Delayed 2 second(s)

2018-05-22 11:04:16 - [TEST_STEP][PASSED] - waitForElementPresent: Object 'Object Repository/DispensaryToStore/Page_Dispensary Store/a_dropdown-toggle' is not present after 20 second(s)

2018-05-22 11:04:37 - [MESSAGE][WARNING] - Object 'Object Repository/DispensaryToStore/Page_Dispensary Store/a_dropdown-toggle' is not present after 20 second(s)

2018-05-22 11:04:37 - [TEST_STEP][PASSED] - click: Object: 'Object Repository/DispensaryToStore/Page_KDMC - CMO/a_dropdown-toggle' is clicked on

2018-05-22 11:04:37 - [MESSAGE][PASSED] - Object: 'Object Repository/DispensaryToStore/Page_KDMC - CMO/a_dropdown-toggle' is clicked on

2018-05-22 11:04:37 - [TEST_STEP][PASSED] - click: Object: 'Object Repository/DispensaryToStore/Page_KDMC - CMO/a_Sign out' is clicked on

2018-05-22 11:04:38 - [MESSAGE][PASSED] - Object: 'Object Repository/DispensaryToStore/Page_KDMC - CMO/a_Sign out' is clicked on

2018-05-22 11:04:38 - [TEST_STEP][PASSED] - delay: Delayed 3 second(s)

2018-05-22 11:04:41 - [MESSAGE][PASSED] - Delayed 3 second(s)

2018-05-22 11:04:41 - [TEST_STEP][PASSED] - click: Object: 'Object Repository/DispensaryToStore/Page_KDMC/a_Divisional Store' is clicked on

2018-05-22 11:04:41 - [MESSAGE][PASSED] - Object: 'Object Repository/DispensaryToStore/Page_KDMC/a_Divisional Store' is clicked on

2018-05-22 11:04:41 - [TEST_STEP][PASSED] - setText: Text 'ragu' is set on object 'Object Repository/DispensaryToStore/Page_Divisonal Store Login/input_txtusername'

2018-05-22 11:04:42 - [MESSAGE][PASSED] - Text 'ragu' is set on object 'Object Repository/DispensaryToStore/Page_Divisonal Store Login/input_txtusername'

2018-05-22 11:04:42 - [TEST_STEP][PASSED] - setText: Text '123' is set on object 'Object Repository/DispensaryToStore/Page_Divisonal Store Login/input_txtpassword'

2018-05-22 11:04:42 - [MESSAGE][PASSED] - Text '123' is set on object 'Object Repository/DispensaryToStore/Page_Divisonal Store Login/input_txtpassword'

2018-05-22 11:04:42 - [TEST_STEP][PASSED] - delay: Delayed 3 second(s)

2018-05-22 11:04:45 - [MESSAGE][PASSED] - Delayed 3 second(s)

2018-05-22 11:04:45 - [TEST_STEP][PASSED] - click: Object: 'Object Repository/DispensaryToStore/Page_Divisonal Store Login/button_Sign in' is clicked on

2018-05-22 11:04:46 - [MESSAGE][PASSED] - Object: 'Object Repository/DispensaryToStore/Page_Divisonal Store Login/button_Sign in' is clicked on

2018-05-22 11:04:46 - [TEST_STEP][PASSED] - delay: Delayed 3 second(s)

2018-05-22 11:04:49 - [MESSAGE][PASSED] - Delayed 3 second(s)

2018-05-22 11:04:49 - [TEST_STEP][PASSED] - scrollToPosition: Browser is scrolled to position x = 100, y = 100

2018-05-22 11:04:49 - [MESSAGE][PASSED] - Browser is scrolled to position x = 100, y = 100

2018-05-22 11:04:49 - [TEST_STEP][PASSED] - click: Object: 'Object Repository/DispensaryToStore/Page_Store/a_Dispensary Request' is clicked on

2018-05-22 11:04:49 - [MESSAGE][PASSED] - Object: 'Object Repository/DispensaryToStore/Page_Store/a_Dispensary Request' is clicked on

2018-05-22 11:04:49 - [TEST_STEP][PASSED] - delay: Delayed 2 second(s)

2018-05-22 11:04:51 - [MESSAGE][PASSED] - Delayed 2 second(s)

2018-05-22 11:04:51 - [TEST_STEP][PASSED] - click: Object: 'Object Repository/DispensaryToStore/Page_Store/a_Request Item Dispensary' is clicked on

2018-05-22 11:04:52 - [MESSAGE][PASSED] - Object: 'Object Repository/DispensaryToStore/Page_Store/a_Request Item Dispensary' is clicked on

2018-05-22 11:04:52 - [TEST_STEP][PASSED] - Statement - ChooseRequest = com.kms.katalon.core.webui.keyword.WebUiBuiltInKeywords.modifyObjectProperty(com.kms.katalon.core.testobject.ObjectRepository.findTestObject(lab/Page_Store/input_1), "xpath", "equals", "//*[@id=" + RID + "]", true): Modify property of object successfully

2018-05-22 11:04:52 - [MESSAGE][PASSED] - Modify property of object successfully

2018-05-22 11:04:52 - [TEST_STEP][PASSED] - click: Object: 'Object Repository/lab/Page_Store/input_1' is clicked on

2018-05-22 11:04:53 - [MESSAGE][PASSED] - Object: 'Object Repository/lab/Page_Store/input_1' is clicked on

2018-05-22 11:04:53 - [TEST_STEP][PASSED] - Statement - selectedoptions = com.kms.katalon.core.webui.keyword.WebUiBuiltInKeywords.getNumberOfTotalOption(com.kms.katalon.core.testobject.ObjectRepository.findTestObject(DispensaryToStore/Page_Store/select_--Select--Adernaline 0.)): 17 options of object 'Object Repository/DispensaryToStore/Page_Store/select_--Select--Adernaline 0.' counted

2018-05-22 11:04:53 - [MESSAGE][PASSED] - 17 options of object 'Object Repository/DispensaryToStore/Page_Store/select_--Select--Adernaline 0.' counted

2018-05-22 11:04:53 - [TEST_STEP][FAILED] - Statement - For ([a = 1, a <= selectedoptions - 1, (a++)]): null

2018-05-22 11:04:53 - [TEST_STEP][PASSED] - selectOptionByIndex: All options with index in [1] are selected on object 'Object Repository/DispensaryToStore/Page_Store/select_--Select--Adernaline 0.'

2018-05-22 11:04:53 - [MESSAGE][PASSED] - All options with index in [1] are selected on object 'Object Repository/DispensaryToStore/Page_Store/select_--Select--Adernaline 0.'

2018-05-22 11:04:53 - [TEST_STEP][PASSED] - delay: Delayed 2 second(s)

2018-05-22 11:04:55 - [MESSAGE][PASSED] - Delayed 2 second(s)

2018-05-22 11:04:55 - [TEST_STEP][PASSED] - Statement - RequestedQty = com.kms.katalon.core.webui.keyword.WebUiBuiltInKeywords.getAttribute(com.kms.katalon.core.testobject.ObjectRepository.findTestObject(DispensaryToStore/Page_Store/input_txttotal), "value"): Attribute 'value' of object 'Object Repository/DispensaryToStore/Page_Store/input_txttotal' is: '10'

2018-05-22 11:04:55 - [MESSAGE][PASSED] - Attribute 'value' of object 'Object Repository/DispensaryToStore/Page_Store/input_txttotal' is: '10'

2018-05-22 11:04:55 - [TEST_STEP][PASSED] - Statement - out.println("Requested QTY : " + RequestedQty): null

2018-05-22 11:04:55 - [TEST_STEP][PASSED] - Statement - BatchNumber = com.kms.katalon.core.webui.keyword.WebUiBuiltInKeywords.getNumberOfTotalOption(com.kms.katalon.core.testobject.ObjectRepository.findTestObject(DispensaryToStore/Page_Store/select_--Select--BA1170BA2376B)): 3 options of object 'Object Repository/DispensaryToStore/Page_Store/select_--Select--BA1170BA2376B' counted

2018-05-22 11:04:55 - [MESSAGE][PASSED] - 3 options of object 'Object Repository/DispensaryToStore/Page_Store/select_--Select--BA1170BA2376B' counted

2018-05-22 11:04:55 - [TEST_STEP][PASSED] - Statement - For ([g = 1, g <= BatchNumber - 1, (g++)]): null

2018-05-22 11:04:55 - [TEST_STEP][PASSED] - selectOptionByIndex: All options with index in [1] are selected on object 'Object Repository/DispensaryToStore/Page_Store/select_--Select--BA1170BA2376B'

2018-05-22 11:04:55 - [MESSAGE][PASSED] - All options with index in [1] are selected on object 'Object Repository/DispensaryToStore/Page_Store/select_--Select--BA1170BA2376B'

2018-05-22 11:04:55 - [TEST_STEP][PASSED] - Statement - Try: null

2018-05-22 11:04:55 - [TEST_STEP][PASSED] - Statement - StockQty = com.kms.katalon.core.webui.keyword.WebUiBuiltInKeywords.getAttribute(com.kms.katalon.core.testobject.ObjectRepository.findTestObject(DispensaryToStore/Page_Store/input_txtprice), "value"): Attribute 'value' of object 'Object Repository/DispensaryToStore/Page_Store/input_txtprice' is: '1965'

2018-05-22 11:04:55 - [MESSAGE][PASSED] - Attribute 'value' of object 'Object Repository/DispensaryToStore/Page_Store/input_txtprice' is: '1965'

2018-05-22 11:04:55 - [TEST_STEP][PASSED] - Statement - out.println("Stock QTY : " + StockQty): null

2018-05-22 11:04:55 - [TEST_STEP][PASSED] - delay: Delayed 2 second(s)

2018-05-22 11:04:57 - [MESSAGE][PASSED] - Delayed 2 second(s)

2018-05-22 11:04:57 - [TEST_STEP][PASSED] - Statement - If (java.lang.String.valueOf(StockQty) >= java.lang.String.valueOf(RequestedQty)): null

2018-05-22 11:04:57 - [TEST_STEP][PASSED] - setText: Text '10' is set on object 'Object Repository/DispensaryToStore/Page_Store/input_txtqty'

2018-05-22 11:04:57 - [MESSAGE][PASSED] - Text '10' is set on object 'Object Repository/DispensaryToStore/Page_Store/input_txtqty'

2018-05-22 11:04:57 - [TEST_STEP][PASSED] - click: Object: 'Object Repository/DispensaryToStore/Page_Store/button_Add' is clicked on

2018-05-22 11:04:57 - [MESSAGE][PASSED] - Object: 'Object Repository/DispensaryToStore/Page_Store/button_Add' is clicked on

2018-05-22 11:04:57 - [TEST_STEP][PASSED] - Statement - Break: null

2018-05-22 11:04:57 - [TEST_STEP][PASSED] - selectOptionByIndex: All options with index in [2] are selected on object 'Object Repository/DispensaryToStore/Page_Store/select_--Select--Adernaline 0.'

2018-05-22 11:04:57 - [MESSAGE][PASSED] - All options with index in [2] are selected on object 'Object Repository/DispensaryToStore/Page_Store/select_--Select--Adernaline 0.'

2018-05-22 11:04:57 - [TEST_STEP][PASSED] - delay: Delayed 2 second(s)

2018-05-22 11:04:59 - [MESSAGE][PASSED] - Delayed 2 second(s)

2018-05-22 11:04:59 - [TEST_STEP][PASSED] - Statement - RequestedQty = com.kms.katalon.core.webui.keyword.WebUiBuiltInKeywords.getAttribute(com.kms.katalon.core.testobject.ObjectRepository.findTestObject(DispensaryToStore/Page_Store/input_txttotal), "value"): Attribute 'value' of object 'Object Repository/DispensaryToStore/Page_Store/input_txttotal' is: '10'

2018-05-22 11:04:59 - [MESSAGE][PASSED] - Attribute 'value' of object 'Object Repository/DispensaryToStore/Page_Store/input_txttotal' is: '10'

2018-05-22 11:04:59 - [TEST_STEP][PASSED] - Statement - out.println("Requested QTY : " + RequestedQty): null

2018-05-22 11:04:59 - [TEST_STEP][PASSED] - Statement - BatchNumber = com.kms.katalon.core.webui.keyword.WebUiBuiltInKeywords.getNumberOfTotalOption(com.kms.katalon.core.testobject.ObjectRepository.findTestObject(DispensaryToStore/Page_Store/select_--Select--BA1170BA2376B)): 3 options of object 'Object Repository/DispensaryToStore/Page_Store/select_--Select--BA1170BA2376B' counted

2018-05-22 11:05:00 - [MESSAGE][PASSED] - 3 options of object 'Object Repository/DispensaryToStore/Page_Store/select_--Select--BA1170BA2376B' counted

2018-05-22 11:05:00 - [TEST_STEP][PASSED] - Statement - For ([g = 1, g <= BatchNumber - 1, (g++)]): null

2018-05-22 11:05:00 - [TEST_STEP][PASSED] - selectOptionByIndex: All options with index in [1] are selected on object 'Object Repository/DispensaryToStore/Page_Store/select_--Select--BA1170BA2376B'

2018-05-22 11:05:00 - [MESSAGE][PASSED] - All options with index in [1] are selected on object 'Object Repository/DispensaryToStore/Page_Store/select_--Select--BA1170BA2376B'

2018-05-22 11:05:00 - [TEST_STEP][PASSED] - Statement - Try: null

2018-05-22 11:05:00 - [TEST_STEP][PASSED] - Statement - StockQty = com.kms.katalon.core.webui.keyword.WebUiBuiltInKeywords.getAttribute(com.kms.katalon.core.testobject.ObjectRepository.findTestObject(DispensaryToStore/Page_Store/input_txtprice), "value"): Attribute 'value' of object 'Object Repository/DispensaryToStore/Page_Store/input_txtprice' is: '1621'

2018-05-22 11:05:00 - [MESSAGE][PASSED] - Attribute 'value' of object 'Object Repository/DispensaryToStore/Page_Store/input_txtprice' is: '1621'

2018-05-22 11:05:00 - [TEST_STEP][PASSED] - Statement - out.println("Stock QTY : " + StockQty): null

2018-05-22 11:05:00 - [TEST_STEP][PASSED] - delay: Delayed 2 second(s)

2018-05-22 11:05:02 - [MESSAGE][PASSED] - Delayed 2 second(s)

2018-05-22 11:05:02 - [TEST_STEP][PASSED] - Statement - If (java.lang.String.valueOf(StockQty) >= java.lang.String.valueOf(RequestedQty)): null

2018-05-22 11:05:02 - [TEST_STEP][PASSED] - setText: Text '10' is set on object 'Object Repository/DispensaryToStore/Page_Store/input_txtqty'

2018-05-22 11:05:02 - [MESSAGE][PASSED] - Text '10' is set on object 'Object Repository/DispensaryToStore/Page_Store/input_txtqty'

2018-05-22 11:05:02 - [TEST_STEP][PASSED] - click: Object: 'Object Repository/DispensaryToStore/Page_Store/button_Add' is clicked on

2018-05-22 11:05:02 - [MESSAGE][PASSED] - Object: 'Object Repository/DispensaryToStore/Page_Store/button_Add' is clicked on

2018-05-22 11:05:02 - [TEST_STEP][PASSED] - Statement - Break: null

2018-05-22 11:05:02 - [TEST_STEP][PASSED] - selectOptionByIndex: All options with index in [3] are selected on object 'Object Repository/DispensaryToStore/Page_Store/select_--Select--Adernaline 0.'

2018-05-22 11:05:02 - [MESSAGE][PASSED] - All options with index in [3] are selected on object 'Object Repository/DispensaryToStore/Page_Store/select_--Select--Adernaline 0.'

2018-05-22 11:05:02 - [TEST_STEP][PASSED] - delay: Delayed 2 second(s)

2018-05-22 11:05:04 - [MESSAGE][PASSED] - Delayed 2 second(s)

2018-05-22 11:05:04 - [TEST_STEP][PASSED] - Statement - RequestedQty = com.kms.katalon.core.webui.keyword.WebUiBuiltInKeywords.getAttribute(com.kms.katalon.core.testobject.ObjectRepository.findTestObject(DispensaryToStore/Page_Store/input_txttotal), "value"): Attribute 'value' of object 'Object Repository/DispensaryToStore/Page_Store/input_txttotal' is: '10'

2018-05-22 11:05:04 - [MESSAGE][PASSED] - Attribute 'value' of object 'Object Repository/DispensaryToStore/Page_Store/input_txttotal' is: '10'

2018-05-22 11:05:04 - [TEST_STEP][PASSED] - Statement - out.println("Requested QTY : " + RequestedQty): null

2018-05-22 11:05:04 - [TEST_STEP][PASSED] - Statement - BatchNumber = com.kms.katalon.core.webui.keyword.WebUiBuiltInKeywords.getNumberOfTotalOption(com.kms.katalon.core.testobject.ObjectRepository.findTestObject(DispensaryToStore/Page_Store/select_--Select--BA1170BA2376B)): 3 options of object 'Object Repository/DispensaryToStore/Page_Store/select_--Select--BA1170BA2376B' counted

2018-05-22 11:05:04 - [MESSAGE][PASSED] - 3 options of object 'Object Repository/DispensaryToStore/Page_Store/select_--Select--BA1170BA2376B' counted

2018-05-22 11:05:04 - [TEST_STEP][PASSED] - Statement - For ([g = 1, g <= BatchNumber - 1, (g++)]): null

2018-05-22 11:05:04 - [TEST_STEP][PASSED] - selectOptionByIndex: All options with index in [1] are selected on object 'Object Repository/DispensaryToStore/Page_Store/select_--Select--BA1170BA2376B'

2018-05-22 11:05:04 - [MESSAGE][PASSED] - All options with index in [1] are selected on object 'Object Repository/DispensaryToStore/Page_Store/select_--Select--BA1170BA2376B'

2018-05-22 11:05:04 - [TEST_STEP][PASSED] - Statement - Try: null

2018-05-22 11:05:04 - [TEST_STEP][PASSED] - Statement - StockQty = com.kms.katalon.core.webui.keyword.WebUiBuiltInKeywords.getAttribute(com.kms.katalon.core.testobject.ObjectRepository.findTestObject(DispensaryToStore/Page_Store/input_txtprice), "value"): Attribute 'value' of object 'Object Repository/DispensaryToStore/Page_Store/input_txtprice' is: '1870'

2018-05-22 11:05:04 - [MESSAGE][PASSED] - Attribute 'value' of object 'Object Repository/DispensaryToStore/Page_Store/input_txtprice' is: '1870'

2018-05-22 11:05:04 - [TEST_STEP][PASSED] - Statement - out.println("Stock QTY : " + StockQty): null

2018-05-22 11:05:04 - [TEST_STEP][PASSED] - delay: Delayed 2 second(s)

2018-05-22 11:05:06 - [MESSAGE][PASSED] - Delayed 2 second(s)

2018-05-22 11:05:06 - [TEST_STEP][PASSED] - Statement - If (java.lang.String.valueOf(StockQty) >= java.lang.String.valueOf(RequestedQty)): null

2018-05-22 11:05:06 - [TEST_STEP][PASSED] - setText: Text '10' is set on object 'Object Repository/DispensaryToStore/Page_Store/input_txtqty'

2018-05-22 11:05:06 - [MESSAGE][PASSED] - Text '10' is set on object 'Object Repository/DispensaryToStore/Page_Store/input_txtqty'

2018-05-22 11:05:06 - [TEST_STEP][PASSED] - click: Object: 'Object Repository/DispensaryToStore/Page_Store/button_Add' is clicked on

2018-05-22 11:05:06 - [MESSAGE][PASSED] - Object: 'Object Repository/DispensaryToStore/Page_Store/button_Add' is clicked on

2018-05-22 11:05:06 - [TEST_STEP][PASSED] - Statement - Break: null

2018-05-22 11:05:06 - [TEST_STEP][PASSED] - selectOptionByIndex: All options with index in [4] are selected on object 'Object Repository/DispensaryToStore/Page_Store/select_--Select--Adernaline 0.'

2018-05-22 11:05:07 - [MESSAGE][PASSED] - All options with index in [4] are selected on object 'Object Repository/DispensaryToStore/Page_Store/select_--Select--Adernaline 0.'

2018-05-22 11:05:07 - [TEST_STEP][PASSED] - delay: Delayed 2 second(s)

2018-05-22 11:05:09 - [MESSAGE][PASSED] - Delayed 2 second(s)

2018-05-22 11:05:09 - [TEST_STEP][PASSED] - Statement - RequestedQty = com.kms.katalon.core.webui.keyword.WebUiBuiltInKeywords.getAttribute(com.kms.katalon.core.testobject.ObjectRepository.findTestObject(DispensaryToStore/Page_Store/input_txttotal), "value"): Attribute 'value' of object 'Object Repository/DispensaryToStore/Page_Store/input_txttotal' is: '10'

2018-05-22 11:05:09 - [MESSAGE][PASSED] - Attribute 'value' of object 'Object Repository/DispensaryToStore/Page_Store/input_txttotal' is: '10'

2018-05-22 11:05:09 - [TEST_STEP][PASSED] - Statement - out.println("Requested QTY : " + RequestedQty): null

2018-05-22 11:05:09 - [TEST_STEP][PASSED] - Statement - BatchNumber = com.kms.katalon.core.webui.keyword.WebUiBuiltInKeywords.getNumberOfTotalOption(com.kms.katalon.core.testobject.ObjectRepository.findTestObject(DispensaryToStore/Page_Store/select_--Select--BA1170BA2376B)): 3 options of object 'Object Repository/DispensaryToStore/Page_Store/select_--Select--BA1170BA2376B' counted

2018-05-22 11:05:09 - [MESSAGE][PASSED] - 3 options of object 'Object Repository/DispensaryToStore/Page_Store/select_--Select--BA1170BA2376B' counted

2018-05-22 11:05:09 - [TEST_STEP][PASSED] - Statement - For ([g = 1, g <= BatchNumber - 1, (g++)]): null

2018-05-22 11:05:09 - [TEST_STEP][PASSED] - selectOptionByIndex: All options with index in [1] are selected on object 'Object Repository/DispensaryToStore/Page_Store/select_--Select--BA1170BA2376B'

2018-05-22 11:05:09 - [MESSAGE][PASSED] - All options with index in [1] are selected on object 'Object Repository/DispensaryToStore/Page_Store/select_--Select--BA1170BA2376B'

2018-05-22 11:05:09 - [TEST_STEP][PASSED] - Statement - Try: null

2018-05-22 11:05:09 - [TEST_STEP][PASSED] - Statement - StockQty = com.kms.katalon.core.webui.keyword.WebUiBuiltInKeywords.getAttribute(com.kms.katalon.core.testobject.ObjectRepository.findTestObject(DispensaryToStore/Page_Store/input_txtprice), "value"): Attribute 'value' of object 'Object Repository/DispensaryToStore/Page_Store/input_txtprice' is: '1870'

2018-05-22 11:05:09 - [MESSAGE][PASSED] - Attribute 'value' of object 'Object Repository/DispensaryToStore/Page_Store/input_txtprice' is: '1870'

2018-05-22 11:05:09 - [TEST_STEP][PASSED] - Statement - out.println("Stock QTY : " + StockQty): null

2018-05-22 11:05:09 - [TEST_STEP][PASSED] - delay: Delayed 2 second(s)

2018-05-22 11:05:11 - [MESSAGE][PASSED] - Delayed 2 second(s)

2018-05-22 11:05:11 - [TEST_STEP][PASSED] - Statement - If (java.lang.String.valueOf(StockQty) >= java.lang.String.valueOf(RequestedQty)): null

2018-05-22 11:05:11 - [TEST_STEP][PASSED] - setText: Text '10' is set on object 'Object Repository/DispensaryToStore/Page_Store/input_txtqty'

2018-05-22 11:05:11 - [MESSAGE][PASSED] - Text '10' is set on object 'Object Repository/DispensaryToStore/Page_Store/input_txtqty'

2018-05-22 11:05:11 - [TEST_STEP][PASSED] - click: Object: 'Object Repository/DispensaryToStore/Page_Store/button_Add' is clicked on

2018-05-22 11:05:11 - [MESSAGE][PASSED] - Object: 'Object Repository/DispensaryToStore/Page_Store/button_Add' is clicked on

2018-05-22 11:05:11 - [TEST_STEP][PASSED] - Statement - Break: null

2018-05-22 11:05:11 - [TEST_STEP][PASSED] - selectOptionByIndex: All options with index in [5] are selected on object 'Object Repository/DispensaryToStore/Page_Store/select_--Select--Adernaline 0.'

2018-05-22 11:05:11 - [MESSAGE][PASSED] - All options with index in [5] are selected on object 'Object Repository/DispensaryToStore/Page_Store/select_--Select--Adernaline 0.'

2018-05-22 11:05:11 - [TEST_STEP][PASSED] - delay: Delayed 2 second(s)

2018-05-22 11:05:13 - [MESSAGE][PASSED] - Delayed 2 second(s)

2018-05-22 11:05:13 - [TEST_STEP][PASSED] - Statement - RequestedQty = com.kms.katalon.core.webui.keyword.WebUiBuiltInKeywords.getAttribute(com.kms.katalon.core.testobject.ObjectRepository.findTestObject(DispensaryToStore/Page_Store/input_txttotal), "value"): Attribute 'value' of object 'Object Repository/DispensaryToStore/Page_Store/input_txttotal' is: '10'

2018-05-22 11:05:13 - [MESSAGE][PASSED] - Attribute 'value' of object 'Object Repository/DispensaryToStore/Page_Store/input_txttotal' is: '10'

2018-05-22 11:05:13 - [TEST_STEP][PASSED] - Statement - out.println("Requested QTY : " + RequestedQty): null

2018-05-22 11:05:13 - [TEST_STEP][PASSED] - Statement - BatchNumber = com.kms.katalon.core.webui.keyword.WebUiBuiltInKeywords.getNumberOfTotalOption(com.kms.katalon.core.testobject.ObjectRepository.findTestObject(DispensaryToStore/Page_Store/select_--Select--BA1170BA2376B)): 3 options of object 'Object Repository/DispensaryToStore/Page_Store/select_--Select--BA1170BA2376B' counted

2018-05-22 11:05:13 - [MESSAGE][PASSED] - 3 options of object 'Object Repository/DispensaryToStore/Page_Store/select_--Select--BA1170BA2376B' counted

2018-05-22 11:05:13 - [TEST_STEP][PASSED] - Statement - For ([g = 1, g <= BatchNumber - 1, (g++)]): null

2018-05-22 11:05:13 - [TEST_STEP][PASSED] - selectOptionByIndex: All options with index in [1] are selected on object 'Object Repository/DispensaryToStore/Page_Store/select_--Select--BA1170BA2376B'

2018-05-22 11:05:14 - [MESSAGE][PASSED] - All options with index in [1] are selected on object 'Object Repository/DispensaryToStore/Page_Store/select_--Select--BA1170BA2376B'

2018-05-22 11:05:14 - [TEST_STEP][PASSED] - Statement - Try: null

2018-05-22 11:05:14 - [TEST_STEP][PASSED] - Statement - StockQty = com.kms.katalon.core.webui.keyword.WebUiBuiltInKeywords.getAttribute(com.kms.katalon.core.testobject.ObjectRepository.findTestObject(DispensaryToStore/Page_Store/input_txtprice), "value"): Attribute 'value' of object 'Object Repository/DispensaryToStore/Page_Store/input_txtprice' is: '1870'

2018-05-22 11:05:14 - [MESSAGE][PASSED] - Attribute 'value' of object 'Object Repository/DispensaryToStore/Page_Store/input_txtprice' is: '1870'

2018-05-22 11:05:14 - [TEST_STEP][PASSED] - Statement - out.println("Stock QTY : " + StockQty): null

2018-05-22 11:05:14 - [TEST_STEP][PASSED] - delay: Delayed 2 second(s)

2018-05-22 11:05:16 - [MESSAGE][PASSED] - Delayed 2 second(s)

2018-05-22 11:05:16 - [TEST_STEP][PASSED] - Statement - If (java.lang.String.valueOf(StockQty) >= java.lang.String.valueOf(RequestedQty)): null

2018-05-22 11:05:16 - [TEST_STEP][PASSED] - setText: Text '10' is set on object 'Object Repository/DispensaryToStore/Page_Store/input_txtqty'

2018-05-22 11:05:16 - [MESSAGE][PASSED] - Text '10' is set on object 'Object Repository/DispensaryToStore/Page_Store/input_txtqty'

2018-05-22 11:05:16 - [TEST_STEP][PASSED] - click: Object: 'Object Repository/DispensaryToStore/Page_Store/button_Add' is clicked on

2018-05-22 11:05:16 - [MESSAGE][PASSED] - Object: 'Object Repository/DispensaryToStore/Page_Store/button_Add' is clicked on

2018-05-22 11:05:16 - [TEST_STEP][PASSED] - Statement - Break: null

2018-05-22 11:05:16 - [TEST_STEP][PASSED] - selectOptionByIndex: All options with index in [6] are selected on object 'Object Repository/DispensaryToStore/Page_Store/select_--Select--Adernaline 0.'

2018-05-22 11:05:16 - [MESSAGE][PASSED] - All options with index in [6] are selected on object 'Object Repository/DispensaryToStore/Page_Store/select_--Select--Adernaline 0.'

2018-05-22 11:05:16 - [TEST_STEP][PASSED] - delay: Delayed 2 second(s)

2018-05-22 11:05:18 - [MESSAGE][PASSED] - Delayed 2 second(s)

2018-05-22 11:05:18 - [TEST_STEP][PASSED] - Statement - RequestedQty = com.kms.katalon.core.webui.keyword.WebUiBuiltInKeywords.getAttribute(com.kms.katalon.core.testobject.ObjectRepository.findTestObject(DispensaryToStore/Page_Store/input_txttotal), "value"): Attribute 'value' of object 'Object Repository/DispensaryToStore/Page_Store/input_txttotal' is: '10'

2018-05-22 11:05:18 - [MESSAGE][PASSED] - Attribute 'value' of object 'Object Repository/DispensaryToStore/Page_Store/input_txttotal' is: '10'

2018-05-22 11:05:18 - [TEST_STEP][PASSED] - Statement - out.println("Requested QTY : " + RequestedQty): null

2018-05-22 11:05:18 - [TEST_STEP][PASSED] - Statement - BatchNumber = com.kms.katalon.core.webui.keyword.WebUiBuiltInKeywords.getNumberOfTotalOption(com.kms.katalon.core.testobject.ObjectRepository.findTestObject(DispensaryToStore/Page_Store/select_--Select--BA1170BA2376B)): 3 options of object 'Object Repository/DispensaryToStore/Page_Store/select_--Select--BA1170BA2376B' counted

2018-05-22 11:05:18 - [MESSAGE][PASSED] - 3 options of object 'Object Repository/DispensaryToStore/Page_Store/select_--Select--BA1170BA2376B' counted

2018-05-22 11:05:18 - [TEST_STEP][PASSED] - Statement - For ([g = 1, g <= BatchNumber - 1, (g++)]): null

2018-05-22 11:05:18 - [TEST_STEP][PASSED] - selectOptionByIndex: All options with index in [1] are selected on object 'Object Repository/DispensaryToStore/Page_Store/select_--Select--BA1170BA2376B'

2018-05-22 11:05:18 - [MESSAGE][PASSED] - All options with index in [1] are selected on object 'Object Repository/DispensaryToStore/Page_Store/select_--Select--BA1170BA2376B'

2018-05-22 11:05:18 - [TEST_STEP][PASSED] - Statement - Try: null

2018-05-22 11:05:18 - [TEST_STEP][PASSED] - Statement - StockQty = com.kms.katalon.core.webui.keyword.WebUiBuiltInKeywords.getAttribute(com.kms.katalon.core.testobject.ObjectRepository.findTestObject(DispensaryToStore/Page_Store/input_txtprice), "value"): Attribute 'value' of object 'Object Repository/DispensaryToStore/Page_Store/input_txtprice' is: '1740'

2018-05-22 11:05:18 - [MESSAGE][PASSED] - Attribute 'value' of object 'Object Repository/DispensaryToStore/Page_Store/input_txtprice' is: '1740'

2018-05-22 11:05:18 - [TEST_STEP][PASSED] - Statement - out.println("Stock QTY : " + StockQty): null

2018-05-22 11:05:18 - [TEST_STEP][PASSED] - delay: Delayed 2 second(s)

2018-05-22 11:05:20 - [MESSAGE][PASSED] - Delayed 2 second(s)

2018-05-22 11:05:20 - [TEST_STEP][PASSED] - Statement - If (java.lang.String.valueOf(StockQty) >= java.lang.String.valueOf(RequestedQty)): null

2018-05-22 11:05:20 - [TEST_STEP][PASSED] - setText: Text '10' is set on object 'Object Repository/DispensaryToStore/Page_Store/input_txtqty'

2018-05-22 11:05:20 - [MESSAGE][PASSED] - Text '10' is set on object 'Object Repository/DispensaryToStore/Page_Store/input_txtqty'

2018-05-22 11:05:20 - [TEST_STEP][PASSED] - click: Object: 'Object Repository/DispensaryToStore/Page_Store/button_Add' is clicked on

2018-05-22 11:05:20 - [MESSAGE][PASSED] - Object: 'Object Repository/DispensaryToStore/Page_Store/button_Add' is clicked on

2018-05-22 11:05:20 - [TEST_STEP][PASSED] - Statement - Break: null

2018-05-22 11:05:20 - [TEST_STEP][PASSED] - selectOptionByIndex: All options with index in [7] are selected on object 'Object Repository/DispensaryToStore/Page_Store/select_--Select--Adernaline 0.'

2018-05-22 11:05:21 - [MESSAGE][PASSED] - All options with index in [7] are selected on object 'Object Repository/DispensaryToStore/Page_Store/select_--Select--Adernaline 0.'

2018-05-22 11:05:21 - [TEST_STEP][PASSED] - delay: Delayed 2 second(s)

2018-05-22 11:05:23 - [MESSAGE][PASSED] - Delayed 2 second(s)

2018-05-22 11:05:23 - [TEST_STEP][PASSED] - Statement - RequestedQty = com.kms.katalon.core.webui.keyword.WebUiBuiltInKeywords.getAttribute(com.kms.katalon.core.testobject.ObjectRepository.findTestObject(DispensaryToStore/Page_Store/input_txttotal), "value"): Attribute 'value' of object 'Object Repository/DispensaryToStore/Page_Store/input_txttotal' is: '10'

2018-05-22 11:05:23 - [MESSAGE][PASSED] - Attribute 'value' of object 'Object Repository/DispensaryToStore/Page_Store/input_txttotal' is: '10'

2018-05-22 11:05:23 - [TEST_STEP][PASSED] - Statement - out.println("Requested QTY : " + RequestedQty): null

2018-05-22 11:05:23 - [TEST_STEP][PASSED] - Statement - BatchNumber = com.kms.katalon.core.webui.keyword.WebUiBuiltInKeywords.getNumberOfTotalOption(com.kms.katalon.core.testobject.ObjectRepository.findTestObject(DispensaryToStore/Page_Store/select_--Select--BA1170BA2376B)): 5 options of object 'Object Repository/DispensaryToStore/Page_Store/select_--Select--BA1170BA2376B' counted

2018-05-22 11:05:23 - [MESSAGE][PASSED] - 5 options of object 'Object Repository/DispensaryToStore/Page_Store/select_--Select--BA1170BA2376B' counted

2018-05-22 11:05:23 - [TEST_STEP][PASSED] - Statement - For ([g = 1, g <= BatchNumber - 1, (g++)]): null

2018-05-22 11:05:23 - [TEST_STEP][PASSED] - selectOptionByIndex: All options with index in [1] are selected on object 'Object Repository/DispensaryToStore/Page_Store/select_--Select--BA1170BA2376B'

2018-05-22 11:05:23 - [MESSAGE][PASSED] - All options with index in [1] are selected on object 'Object Repository/DispensaryToStore/Page_Store/select_--Select--BA1170BA2376B'

2018-05-22 11:05:23 - [TEST_STEP][PASSED] - Statement - Try: null

2018-05-22 11:05:23 - [TEST_STEP][PASSED] - Statement - StockQty = com.kms.katalon.core.webui.keyword.WebUiBuiltInKeywords.getAttribute(com.kms.katalon.core.testobject.ObjectRepository.findTestObject(DispensaryToStore/Page_Store/input_txtprice), "value"): Attribute 'value' of object 'Object Repository/DispensaryToStore/Page_Store/input_txtprice' is: '4'

2018-05-22 11:05:23 - [MESSAGE][PASSED] - Attribute 'value' of object 'Object Repository/DispensaryToStore/Page_Store/input_txtprice' is: '4'

2018-05-22 11:05:23 - [TEST_STEP][PASSED] - Statement - out.println("Stock QTY : " + StockQty): null

2018-05-22 11:05:23 - [TEST_STEP][PASSED] - delay: Delayed 2 second(s)

2018-05-22 11:05:25 - [MESSAGE][PASSED] - Delayed 2 second(s)

2018-05-22 11:05:25 - [TEST_STEP][PASSED] - Statement - If (java.lang.String.valueOf(StockQty) >= java.lang.String.valueOf(RequestedQty)): null

2018-05-22 11:05:25 - [TEST_STEP][PASSED] - setText: Text '10' is set on object 'Object Repository/DispensaryToStore/Page_Store/input_txtqty'

2018-05-22 11:05:25 - [MESSAGE][PASSED] - Text '10' is set on object 'Object Repository/DispensaryToStore/Page_Store/input_txtqty'

2018-05-22 11:05:25 - [TEST_STEP][PASSED] - click: Object: 'Object Repository/DispensaryToStore/Page_Store/button_Add' is clicked on

2018-05-22 11:05:25 - [MESSAGE][PASSED] - Object: 'Object Repository/DispensaryToStore/Page_Store/button_Add' is clicked on

2018-05-22 11:05:25 - [TEST_STEP][PASSED] - Statement - Break: null

2018-05-22 11:05:25 - [TEST_STEP][PASSED] - selectOptionByIndex: All options with index in [8] are selected on object 'Object Repository/DispensaryToStore/Page_Store/select_--Select--Adernaline 0.'

2018-05-22 11:05:25 - [MESSAGE][PASSED] - All options with index in [8] are selected on object 'Object Repository/DispensaryToStore/Page_Store/select_--Select--Adernaline 0.'

2018-05-22 11:05:25 - [TEST_STEP][PASSED] - delay: Delayed 2 second(s)

2018-05-22 11:05:27 - [MESSAGE][PASSED] - Delayed 2 second(s)

2018-05-22 11:05:27 - [TEST_STEP][PASSED] - Statement - RequestedQty = com.kms.katalon.core.webui.keyword.WebUiBuiltInKeywords.getAttribute(com.kms.katalon.core.testobject.ObjectRepository.findTestObject(DispensaryToStore/Page_Store/input_txttotal), "value"): Attribute 'value' of object 'Object Repository/DispensaryToStore/Page_Store/input_txttotal' is: '10'

2018-05-22 11:05:27 - [MESSAGE][PASSED] - Attribute 'value' of object 'Object Repository/DispensaryToStore/Page_Store/input_txttotal' is: '10'

2018-05-22 11:05:27 - [TEST_STEP][PASSED] - Statement - out.println("Requested QTY : " + RequestedQty): null

2018-05-22 11:05:27 - [TEST_STEP][PASSED] - Statement - BatchNumber = com.kms.katalon.core.webui.keyword.WebUiBuiltInKeywords.getNumberOfTotalOption(com.kms.katalon.core.testobject.ObjectRepository.findTestObject(DispensaryToStore/Page_Store/select_--Select--BA1170BA2376B)): 3 options of object 'Object Repository/DispensaryToStore/Page_Store/select_--Select--BA1170BA2376B' counted

2018-05-22 11:05:27 - [MESSAGE][PASSED] - 3 options of object 'Object Repository/DispensaryToStore/Page_Store/select_--Select--BA1170BA2376B' counted

2018-05-22 11:05:27 - [TEST_STEP][FAILED] - Statement - For ([g = 1, g <= BatchNumber - 1, (g++)]): null

2018-05-22 11:05:27 - [TEST_STEP][PASSED] - selectOptionByIndex: All options with index in [1] are selected on object 'Object Repository/DispensaryToStore/Page_Store/select_--Select--BA1170BA2376B'

2018-05-22 11:05:28 - [MESSAGE][PASSED] - All options with index in [1] are selected on object 'Object Repository/DispensaryToStore/Page_Store/select_--Select--BA1170BA2376B'

2018-05-22 11:05:28 - [TEST_STEP][FAILED] - Statement - Try: Unable to set text '10' of object 'Object Repository/DispensaryToStore/Page_Store/input_txtqty' (Root cause: org.openqa.selenium.WebDriverException: unknown error: cannot focus element
  (Session info: chrome=66.0.3359.181)
  (Driver info: chromedriver=2.35.528161 (5b82f2d2aae0ca24b877009200ced9065a772e73),platform=Windows NT 10.0.17134 x86_64) (WARNING: The server did not provide any stacktrace information)
Command duration or timeout: 0 milliseconds
Build info: version: '3.7.1', revision: '8a0099a', time: '2017-11-06T21:07:36.161Z'
System info: host: 'DESKTOP-BLFTK83', ip: '169.254.189.85', os.name: 'Windows 10', os.arch: 'amd64', os.version: '10.0', java.version: '1.8.0_102'
Driver info: com.kms.katalon.selenium.driver.CChromeDriver
Capabilities {acceptInsecureCerts: false, acceptSslCerts: false, applicationCacheEnabled: false, browserConnectionEnabled: false, browserName: chrome, chrome: {chromedriverVersion: 2.35.528161 (5b82f2d2aae0ca..., userDataDir: C:\Users\QUALIT~1\AppData\L...}, cssSelectorsEnabled: true, databaseEnabled: false, handlesAlerts: true, hasTouchScreen: false, javascriptEnabled: true, locationContextEnabled: true, mobileEmulationEnabled: false, nativeEvents: true, networkConnectionEnabled: false, pageLoadStrategy: normal, platform: XP, platformName: XP, rotatable: false, setWindowRect: true, takesHeapSnapshot: true, takesScreenshot: true, unexpectedAlertBehaviour: , unhandledPromptBehavior: , version: 66.0.3359.181, webStorageEnabled: true}
Session ID: c224ad73490288e5039f551140a0a614)

2018-05-22 11:05:28 - [TEST_STEP][PASSED] - Statement - StockQty = com.kms.katalon.core.webui.keyword.WebUiBuiltInKeywords.getAttribute(com.kms.katalon.core.testobject.ObjectRepository.findTestObject(DispensaryToStore/Page_Store/input_txtprice), "value"): Attribute 'value' of object 'Object Repository/DispensaryToStore/Page_Store/input_txtprice' is: '1703'

2018-05-22 11:05:28 - [MESSAGE][PASSED] - Attribute 'value' of object 'Object Repository/DispensaryToStore/Page_Store/input_txtprice' is: '1703'

2018-05-22 11:05:28 - [TEST_STEP][PASSED] - Statement - out.println("Stock QTY : " + StockQty): null

2018-05-22 11:05:28 - [TEST_STEP][PASSED] - delay: Delayed 2 second(s)

2018-05-22 11:05:30 - [MESSAGE][PASSED] - Delayed 2 second(s)

2018-05-22 11:05:30 - [TEST_STEP][FAILED] - Statement - If (java.lang.String.valueOf(StockQty) >= java.lang.String.valueOf(RequestedQty)): Unable to set text '10' of object 'Object Repository/DispensaryToStore/Page_Store/input_txtqty' (Root cause: org.openqa.selenium.WebDriverException: unknown error: cannot focus element
  (Session info: chrome=66.0.3359.181)
  (Driver info: chromedriver=2.35.528161 (5b82f2d2aae0ca24b877009200ced9065a772e73),platform=Windows NT 10.0.17134 x86_64) (WARNING: The server did not provide any stacktrace information)
Command duration or timeout: 0 milliseconds
Build info: version: '3.7.1', revision: '8a0099a', time: '2017-11-06T21:07:36.161Z'
System info: host: 'DESKTOP-BLFTK83', ip: '169.254.189.85', os.name: 'Windows 10', os.arch: 'amd64', os.version: '10.0', java.version: '1.8.0_102'
Driver info: com.kms.katalon.selenium.driver.CChromeDriver
Capabilities {acceptInsecureCerts: false, acceptSslCerts: false, applicationCacheEnabled: false, browserConnectionEnabled: false, browserName: chrome, chrome: {chromedriverVersion: 2.35.528161 (5b82f2d2aae0ca..., userDataDir: C:\Users\QUALIT~1\AppData\L...}, cssSelectorsEnabled: true, databaseEnabled: false, handlesAlerts: true, hasTouchScreen: false, javascriptEnabled: true, locationContextEnabled: true, mobileEmulationEnabled: false, nativeEvents: true, networkConnectionEnabled: false, pageLoadStrategy: normal, platform: XP, platformName: XP, rotatable: false, setWindowRect: true, takesHeapSnapshot: true, takesScreenshot: true, unexpectedAlertBehaviour: , unhandledPromptBehavior: , version: 66.0.3359.181, webStorageEnabled: true}
Session ID: c224ad73490288e5039f551140a0a614)

2018-05-22 11:05:30 - [TEST_STEP][FAILED] - setText: Unable to set text '10' of object 'Object Repository/DispensaryToStore/Page_Store/input_txtqty' (Root cause: org.openqa.selenium.WebDriverException: unknown error: cannot focus element
  (Session info: chrome=66.0.3359.181)
  (Driver info: chromedriver=2.35.528161 (5b82f2d2aae0ca24b877009200ced9065a772e73),platform=Windows NT 10.0.17134 x86_64) (WARNING: The server did not provide any stacktrace information)
Command duration or timeout: 0 milliseconds
Build info: version: '3.7.1', revision: '8a0099a', time: '2017-11-06T21:07:36.161Z'
System info: host: 'DESKTOP-BLFTK83', ip: '169.254.189.85', os.name: 'Windows 10', os.arch: 'amd64', os.version: '10.0', java.version: '1.8.0_102'
Driver info: com.kms.katalon.selenium.driver.CChromeDriver
Capabilities {acceptInsecureCerts: false, acceptSslCerts: false, applicationCacheEnabled: false, browserConnectionEnabled: false, browserName: chrome, chrome: {chromedriverVersion: 2.35.528161 (5b82f2d2aae0ca..., userDataDir: C:\Users\QUALIT~1\AppData\L...}, cssSelectorsEnabled: true, databaseEnabled: false, handlesAlerts: true, hasTouchScreen: false, javascriptEnabled: true, locationContextEnabled: true, mobileEmulationEnabled: false, nativeEvents: true, networkConnectionEnabled: false, pageLoadStrategy: normal, platform: XP, platformName: XP, rotatable: false, setWindowRect: true, takesHeapSnapshot: true, takesScreenshot: true, unexpectedAlertBehaviour: , unhandledPromptBehavior: , version: 66.0.3359.181, webStorageEnabled: true}
Session ID: c224ad73490288e5039f551140a0a614)

2018-05-22 11:05:30 - [MESSAGE][FAILED] - Unable to set text '10' of object 'Object Repository/DispensaryToStore/Page_Store/input_txtqty' (Root cause: org.openqa.selenium.WebDriverException: unknown error: cannot focus element
  (Session info: chrome=66.0.3359.181)
  (Driver info: chromedriver=2.35.528161 (5b82f2d2aae0ca24b877009200ced9065a772e73),platform=Windows NT 10.0.17134 x86_64) (WARNING: The server did not provide any stacktrace information)
Command duration or timeout: 0 milliseconds
Build info: version: '3.7.1', revision: '8a0099a', time: '2017-11-06T21:07:36.161Z'
System info: host: 'DESKTOP-BLFTK83', ip: '169.254.189.85', os.name: 'Windows 10', os.arch: 'amd64', os.version: '10.0', java.version: '1.8.0_102'
Driver info: com.kms.katalon.selenium.driver.CChromeDriver
Capabilities {acceptInsecureCerts: false, acceptSslCerts: false, applicationCacheEnabled: false, browserConnectionEnabled: false, browserName: chrome, chrome: {chromedriverVersion: 2.35.528161 (5b82f2d2aae0ca..., userDataDir: C:\Users\QUALIT~1\AppData\L...}, cssSelectorsEnabled: true, databaseEnabled: false, handlesAlerts: true, hasTouchScreen: false, javascriptEnabled: true, locationContextEnabled: true, mobileEmulationEnabled: false, nativeEvents: true, networkConnectionEnabled: false, pageLoadStrategy: normal, platform: XP, platformName: XP, rotatable: false, setWindowRect: true, takesHeapSnapshot: true, takesScreenshot: true, unexpectedAlertBehaviour: , unhandledPromptBehavior: , version: 66.0.3359.181, webStorageEnabled: true}
Session ID: c224ad73490288e5039f551140a0a614)
[[ATTACHMENT|C:\\Users\\Quality Analyst\\Katalon Studio\\ds\\Reports\\Dispensary_Store_Suite\\20180522_104904\\1526967330133.png]]

2018-05-22 11:05:30 - [TEST_STEP][PASSED] - Statement - Catch (Exception e): null

2018-05-22 11:05:30 - [TEST_STEP][PASSED] - click: Object: 'Object Repository/DispensaryToStore/Page_Store/button_OK' is clicked on

2018-05-22 11:05:30 - [MESSAGE][PASSED] - Object: 'Object Repository/DispensaryToStore/Page_Store/button_OK' is clicked on

2018-05-22 11:05:30 - [TEST_STEP][PASSED] - Statement - <not implemented yet for class: org.codehaus.groovy.ast.stmt.ContinueStatement>: null

2018-05-22 11:05:30 - [TEST_STEP][PASSED] - selectOptionByIndex: All options with index in [2] are selected on object 'Object Repository/DispensaryToStore/Page_Store/select_--Select--BA1170BA2376B'

2018-05-22 11:05:30 - [MESSAGE][PASSED] - All options with index in [2] are selected on object 'Object Repository/DispensaryToStore/Page_Store/select_--Select--BA1170BA2376B'

2018-05-22 11:05:30 - [TEST_STEP][PASSED] - Statement - Try: null

2018-05-22 11:05:30 - [TEST_STEP][PASSED] - Statement - StockQty = com.kms.katalon.core.webui.keyword.WebUiBuiltInKeywords.getAttribute(com.kms.katalon.core.testobject.ObjectRepository.findTestObject(DispensaryToStore/Page_Store/input_txtprice), "value"): Attribute 'value' of object 'Object Repository/DispensaryToStore/Page_Store/input_txtprice' is: '101'

2018-05-22 11:05:30 - [MESSAGE][PASSED] - Attribute 'value' of object 'Object Repository/DispensaryToStore/Page_Store/input_txtprice' is: '101'

2018-05-22 11:05:30 - [TEST_STEP][PASSED] - Statement - out.println("Stock QTY : " + StockQty): null

2018-05-22 11:05:30 - [TEST_STEP][PASSED] - delay: Delayed 2 second(s)

2018-05-22 11:05:32 - [MESSAGE][PASSED] - Delayed 2 second(s)

2018-05-22 11:05:32 - [TEST_STEP][PASSED] - Statement - If (java.lang.String.valueOf(StockQty) >= java.lang.String.valueOf(RequestedQty)): null

2018-05-22 11:05:32 - [TEST_STEP][PASSED] - setText: Text '10' is set on object 'Object Repository/DispensaryToStore/Page_Store/input_txtqty'

2018-05-22 11:05:32 - [MESSAGE][PASSED] - Text '10' is set on object 'Object Repository/DispensaryToStore/Page_Store/input_txtqty'

2018-05-22 11:05:32 - [TEST_STEP][PASSED] - click: Object: 'Object Repository/DispensaryToStore/Page_Store/button_Add' is clicked on

2018-05-22 11:05:32 - [MESSAGE][PASSED] - Object: 'Object Repository/DispensaryToStore/Page_Store/button_Add' is clicked on

2018-05-22 11:05:32 - [TEST_STEP][PASSED] - Statement - Break: null

2018-05-22 11:05:32 - [TEST_STEP][PASSED] - selectOptionByIndex: All options with index in [9] are selected on object 'Object Repository/DispensaryToStore/Page_Store/select_--Select--Adernaline 0.'

2018-05-22 11:05:33 - [MESSAGE][PASSED] - All options with index in [9] are selected on object 'Object Repository/DispensaryToStore/Page_Store/select_--Select--Adernaline 0.'

2018-05-22 11:05:33 - [TEST_STEP][PASSED] - delay: Delayed 2 second(s)

2018-05-22 11:05:35 - [MESSAGE][PASSED] - Delayed 2 second(s)

2018-05-22 11:05:35 - [TEST_STEP][PASSED] - Statement - RequestedQty = com.kms.katalon.core.webui.keyword.WebUiBuiltInKeywords.getAttribute(com.kms.katalon.core.testobject.ObjectRepository.findTestObject(DispensaryToStore/Page_Store/input_txttotal), "value"): Attribute 'value' of object 'Object Repository/DispensaryToStore/Page_Store/input_txttotal' is: '10'

2018-05-22 11:05:35 - [MESSAGE][PASSED] - Attribute 'value' of object 'Object Repository/DispensaryToStore/Page_Store/input_txttotal' is: '10'

2018-05-22 11:05:35 - [TEST_STEP][PASSED] - Statement - out.println("Requested QTY : " + RequestedQty): null

2018-05-22 11:05:35 - [TEST_STEP][PASSED] - Statement - BatchNumber = com.kms.katalon.core.webui.keyword.WebUiBuiltInKeywords.getNumberOfTotalOption(com.kms.katalon.core.testobject.ObjectRepository.findTestObject(DispensaryToStore/Page_Store/select_--Select--BA1170BA2376B)): 3 options of object 'Object Repository/DispensaryToStore/Page_Store/select_--Select--BA1170BA2376B' counted

2018-05-22 11:05:35 - [MESSAGE][PASSED] - 3 options of object 'Object Repository/DispensaryToStore/Page_Store/select_--Select--BA1170BA2376B' counted

2018-05-22 11:05:35 - [TEST_STEP][PASSED] - Statement - For ([g = 1, g <= BatchNumber - 1, (g++)]): null

2018-05-22 11:05:35 - [TEST_STEP][PASSED] - selectOptionByIndex: All options with index in [1] are selected on object 'Object Repository/DispensaryToStore/Page_Store/select_--Select--BA1170BA2376B'

2018-05-22 11:05:35 - [MESSAGE][PASSED] - All options with index in [1] are selected on object 'Object Repository/DispensaryToStore/Page_Store/select_--Select--BA1170BA2376B'

2018-05-22 11:05:35 - [TEST_STEP][PASSED] - Statement - Try: null

2018-05-22 11:05:35 - [TEST_STEP][PASSED] - Statement - StockQty = com.kms.katalon.core.webui.keyword.WebUiBuiltInKeywords.getAttribute(com.kms.katalon.core.testobject.ObjectRepository.findTestObject(DispensaryToStore/Page_Store/input_txtprice), "value"): Attribute 'value' of object 'Object Repository/DispensaryToStore/Page_Store/input_txtprice' is: '1499'

2018-05-22 11:05:35 - [MESSAGE][PASSED] - Attribute 'value' of object 'Object Repository/DispensaryToStore/Page_Store/input_txtprice' is: '1499'

2018-05-22 11:05:35 - [TEST_STEP][PASSED] - Statement - out.println("Stock QTY : " + StockQty): null

2018-05-22 11:05:35 - [TEST_STEP][PASSED] - delay: Delayed 2 second(s)

2018-05-22 11:05:37 - [MESSAGE][PASSED] - Delayed 2 second(s)

2018-05-22 11:05:37 - [TEST_STEP][PASSED] - Statement - If (java.lang.String.valueOf(StockQty) >= java.lang.String.valueOf(RequestedQty)): null

2018-05-22 11:05:37 - [TEST_STEP][PASSED] - setText: Text '10' is set on object 'Object Repository/DispensaryToStore/Page_Store/input_txtqty'

2018-05-22 11:05:37 - [MESSAGE][PASSED] - Text '10' is set on object 'Object Repository/DispensaryToStore/Page_Store/input_txtqty'

2018-05-22 11:05:37 - [TEST_STEP][PASSED] - click: Object: 'Object Repository/DispensaryToStore/Page_Store/button_Add' is clicked on

2018-05-22 11:05:37 - [MESSAGE][PASSED] - Object: 'Object Repository/DispensaryToStore/Page_Store/button_Add' is clicked on

2018-05-22 11:05:37 - [TEST_STEP][PASSED] - Statement - Break: null

2018-05-22 11:05:37 - [TEST_STEP][PASSED] - selectOptionByIndex: All options with index in [10] are selected on object 'Object Repository/DispensaryToStore/Page_Store/select_--Select--Adernaline 0.'

2018-05-22 11:05:37 - [MESSAGE][PASSED] - All options with index in [10] are selected on object 'Object Repository/DispensaryToStore/Page_Store/select_--Select--Adernaline 0.'

2018-05-22 11:05:37 - [TEST_STEP][PASSED] - delay: Delayed 2 second(s)

2018-05-22 11:05:39 - [MESSAGE][PASSED] - Delayed 2 second(s)

2018-05-22 11:05:39 - [TEST_STEP][PASSED] - Statement - RequestedQty = com.kms.katalon.core.webui.keyword.WebUiBuiltInKeywords.getAttribute(com.kms.katalon.core.testobject.ObjectRepository.findTestObject(DispensaryToStore/Page_Store/input_txttotal), "value"): Attribute 'value' of object 'Object Repository/DispensaryToStore/Page_Store/input_txttotal' is: '10'

2018-05-22 11:05:39 - [MESSAGE][PASSED] - Attribute 'value' of object 'Object Repository/DispensaryToStore/Page_Store/input_txttotal' is: '10'

2018-05-22 11:05:39 - [TEST_STEP][PASSED] - Statement - out.println("Requested QTY : " + RequestedQty): null

2018-05-22 11:05:39 - [TEST_STEP][PASSED] - Statement - BatchNumber = com.kms.katalon.core.webui.keyword.WebUiBuiltInKeywords.getNumberOfTotalOption(com.kms.katalon.core.testobject.ObjectRepository.findTestObject(DispensaryToStore/Page_Store/select_--Select--BA1170BA2376B)): 3 options of object 'Object Repository/DispensaryToStore/Page_Store/select_--Select--BA1170BA2376B' counted

2018-05-22 11:05:39 - [MESSAGE][PASSED] - 3 options of object 'Object Repository/DispensaryToStore/Page_Store/select_--Select--BA1170BA2376B' counted

2018-05-22 11:05:39 - [TEST_STEP][PASSED] - Statement - For ([g = 1, g <= BatchNumber - 1, (g++)]): null

2018-05-22 11:05:39 - [TEST_STEP][PASSED] - selectOptionByIndex: All options with index in [1] are selected on object 'Object Repository/DispensaryToStore/Page_Store/select_--Select--BA1170BA2376B'

2018-05-22 11:05:39 - [MESSAGE][PASSED] - All options with index in [1] are selected on object 'Object Repository/DispensaryToStore/Page_Store/select_--Select--BA1170BA2376B'

2018-05-22 11:05:39 - [TEST_STEP][PASSED] - Statement - Try: null

2018-05-22 11:05:39 - [TEST_STEP][PASSED] - Statement - StockQty = com.kms.katalon.core.webui.keyword.WebUiBuiltInKeywords.getAttribute(com.kms.katalon.core.testobject.ObjectRepository.findTestObject(DispensaryToStore/Page_Store/input_txtprice), "value"): Attribute 'value' of object 'Object Repository/DispensaryToStore/Page_Store/input_txtprice' is: '1870'

2018-05-22 11:05:40 - [MESSAGE][PASSED] - Attribute 'value' of object 'Object Repository/DispensaryToStore/Page_Store/input_txtprice' is: '1870'

2018-05-22 11:05:40 - [TEST_STEP][PASSED] - Statement - out.println("Stock QTY : " + StockQty): null

2018-05-22 11:05:40 - [TEST_STEP][PASSED] - delay: Delayed 2 second(s)

2018-05-22 11:05:42 - [MESSAGE][PASSED] - Delayed 2 second(s)

2018-05-22 11:05:42 - [TEST_STEP][PASSED] - Statement - If (java.lang.String.valueOf(StockQty) >= java.lang.String.valueOf(RequestedQty)): null

2018-05-22 11:05:42 - [TEST_STEP][PASSED] - setText: Text '10' is set on object 'Object Repository/DispensaryToStore/Page_Store/input_txtqty'

2018-05-22 11:05:42 - [MESSAGE][PASSED] - Text '10' is set on object 'Object Repository/DispensaryToStore/Page_Store/input_txtqty'

2018-05-22 11:05:42 - [TEST_STEP][PASSED] - click: Object: 'Object Repository/DispensaryToStore/Page_Store/button_Add' is clicked on

2018-05-22 11:05:42 - [MESSAGE][PASSED] - Object: 'Object Repository/DispensaryToStore/Page_Store/button_Add' is clicked on

2018-05-22 11:05:42 - [TEST_STEP][PASSED] - Statement - Break: null

2018-05-22 11:05:42 - [TEST_STEP][PASSED] - selectOptionByIndex: All options with index in [11] are selected on object 'Object Repository/DispensaryToStore/Page_Store/select_--Select--Adernaline 0.'

2018-05-22 11:05:42 - [MESSAGE][PASSED] - All options with index in [11] are selected on object 'Object Repository/DispensaryToStore/Page_Store/select_--Select--Adernaline 0.'

2018-05-22 11:05:42 - [TEST_STEP][PASSED] - delay: Delayed 2 second(s)

2018-05-22 11:05:44 - [MESSAGE][PASSED] - Delayed 2 second(s)

2018-05-22 11:05:44 - [TEST_STEP][PASSED] - Statement - RequestedQty = com.kms.katalon.core.webui.keyword.WebUiBuiltInKeywords.getAttribute(com.kms.katalon.core.testobject.ObjectRepository.findTestObject(DispensaryToStore/Page_Store/input_txttotal), "value"): Attribute 'value' of object 'Object Repository/DispensaryToStore/Page_Store/input_txttotal' is: '10'

2018-05-22 11:05:44 - [MESSAGE][PASSED] - Attribute 'value' of object 'Object Repository/DispensaryToStore/Page_Store/input_txttotal' is: '10'

2018-05-22 11:05:44 - [TEST_STEP][PASSED] - Statement - out.println("Requested QTY : " + RequestedQty): null

2018-05-22 11:05:44 - [TEST_STEP][PASSED] - Statement - BatchNumber = com.kms.katalon.core.webui.keyword.WebUiBuiltInKeywords.getNumberOfTotalOption(com.kms.katalon.core.testobject.ObjectRepository.findTestObject(DispensaryToStore/Page_Store/select_--Select--BA1170BA2376B)): 3 options of object 'Object Repository/DispensaryToStore/Page_Store/select_--Select--BA1170BA2376B' counted

2018-05-22 11:05:44 - [MESSAGE][PASSED] - 3 options of object 'Object Repository/DispensaryToStore/Page_Store/select_--Select--BA1170BA2376B' counted

2018-05-22 11:05:44 - [TEST_STEP][PASSED] - Statement - For ([g = 1, g <= BatchNumber - 1, (g++)]): null

2018-05-22 11:05:44 - [TEST_STEP][PASSED] - selectOptionByIndex: All options with index in [1] are selected on object 'Object Repository/DispensaryToStore/Page_Store/select_--Select--BA1170BA2376B'

2018-05-22 11:05:44 - [MESSAGE][PASSED] - All options with index in [1] are selected on object 'Object Repository/DispensaryToStore/Page_Store/select_--Select--BA1170BA2376B'

2018-05-22 11:05:44 - [TEST_STEP][PASSED] - Statement - Try: null

2018-05-22 11:05:44 - [TEST_STEP][PASSED] - Statement - StockQty = com.kms.katalon.core.webui.keyword.WebUiBuiltInKeywords.getAttribute(com.kms.katalon.core.testobject.ObjectRepository.findTestObject(DispensaryToStore/Page_Store/input_txtprice), "value"): Attribute 'value' of object 'Object Repository/DispensaryToStore/Page_Store/input_txtprice' is: '1764'

2018-05-22 11:05:44 - [MESSAGE][PASSED] - Attribute 'value' of object 'Object Repository/DispensaryToStore/Page_Store/input_txtprice' is: '1764'

2018-05-22 11:05:44 - [TEST_STEP][PASSED] - Statement - out.println("Stock QTY : " + StockQty): null

2018-05-22 11:05:44 - [TEST_STEP][PASSED] - delay: Delayed 2 second(s)

2018-05-22 11:05:46 - [MESSAGE][PASSED] - Delayed 2 second(s)

2018-05-22 11:05:46 - [TEST_STEP][PASSED] - Statement - If (java.lang.String.valueOf(StockQty) >= java.lang.String.valueOf(RequestedQty)): null

2018-05-22 11:05:46 - [TEST_STEP][PASSED] - setText: Text '10' is set on object 'Object Repository/DispensaryToStore/Page_Store/input_txtqty'

2018-05-22 11:05:46 - [MESSAGE][PASSED] - Text '10' is set on object 'Object Repository/DispensaryToStore/Page_Store/input_txtqty'

2018-05-22 11:05:46 - [TEST_STEP][PASSED] - click: Object: 'Object Repository/DispensaryToStore/Page_Store/button_Add' is clicked on

2018-05-22 11:05:46 - [MESSAGE][PASSED] - Object: 'Object Repository/DispensaryToStore/Page_Store/button_Add' is clicked on

2018-05-22 11:05:46 - [TEST_STEP][PASSED] - Statement - Break: null

2018-05-22 11:05:46 - [TEST_STEP][PASSED] - selectOptionByIndex: All options with index in [12] are selected on object 'Object Repository/DispensaryToStore/Page_Store/select_--Select--Adernaline 0.'

2018-05-22 11:05:47 - [MESSAGE][PASSED] - All options with index in [12] are selected on object 'Object Repository/DispensaryToStore/Page_Store/select_--Select--Adernaline 0.'

2018-05-22 11:05:47 - [TEST_STEP][PASSED] - delay: Delayed 2 second(s)

2018-05-22 11:05:49 - [MESSAGE][PASSED] - Delayed 2 second(s)

2018-05-22 11:05:49 - [TEST_STEP][PASSED] - Statement - RequestedQty = com.kms.katalon.core.webui.keyword.WebUiBuiltInKeywords.getAttribute(com.kms.katalon.core.testobject.ObjectRepository.findTestObject(DispensaryToStore/Page_Store/input_txttotal), "value"): Attribute 'value' of object 'Object Repository/DispensaryToStore/Page_Store/input_txttotal' is: '10'

2018-05-22 11:05:49 - [MESSAGE][PASSED] - Attribute 'value' of object 'Object Repository/DispensaryToStore/Page_Store/input_txttotal' is: '10'

2018-05-22 11:05:49 - [TEST_STEP][PASSED] - Statement - out.println("Requested QTY : " + RequestedQty): null

2018-05-22 11:05:49 - [TEST_STEP][PASSED] - Statement - BatchNumber = com.kms.katalon.core.webui.keyword.WebUiBuiltInKeywords.getNumberOfTotalOption(com.kms.katalon.core.testobject.ObjectRepository.findTestObject(DispensaryToStore/Page_Store/select_--Select--BA1170BA2376B)): 3 options of object 'Object Repository/DispensaryToStore/Page_Store/select_--Select--BA1170BA2376B' counted

2018-05-22 11:05:49 - [MESSAGE][PASSED] - 3 options of object 'Object Repository/DispensaryToStore/Page_Store/select_--Select--BA1170BA2376B' counted

2018-05-22 11:05:49 - [TEST_STEP][PASSED] - Statement - For ([g = 1, g <= BatchNumber - 1, (g++)]): null

2018-05-22 11:05:49 - [TEST_STEP][PASSED] - selectOptionByIndex: All options with index in [1] are selected on object 'Object Repository/DispensaryToStore/Page_Store/select_--Select--BA1170BA2376B'

2018-05-22 11:05:49 - [MESSAGE][PASSED] - All options with index in [1] are selected on object 'Object Repository/DispensaryToStore/Page_Store/select_--Select--BA1170BA2376B'

2018-05-22 11:05:49 - [TEST_STEP][PASSED] - Statement - Try: null

2018-05-22 11:05:49 - [TEST_STEP][PASSED] - Statement - StockQty = com.kms.katalon.core.webui.keyword.WebUiBuiltInKeywords.getAttribute(com.kms.katalon.core.testobject.ObjectRepository.findTestObject(DispensaryToStore/Page_Store/input_txtprice), "value"): Attribute 'value' of object 'Object Repository/DispensaryToStore/Page_Store/input_txtprice' is: '1845'

2018-05-22 11:05:49 - [MESSAGE][PASSED] - Attribute 'value' of object 'Object Repository/DispensaryToStore/Page_Store/input_txtprice' is: '1845'

2018-05-22 11:05:49 - [TEST_STEP][PASSED] - Statement - out.println("Stock QTY : " + StockQty): null

2018-05-22 11:05:49 - [TEST_STEP][PASSED] - delay: Delayed 2 second(s)

2018-05-22 11:05:51 - [MESSAGE][PASSED] - Delayed 2 second(s)

2018-05-22 11:05:51 - [TEST_STEP][PASSED] - Statement - If (java.lang.String.valueOf(StockQty) >= java.lang.String.valueOf(RequestedQty)): null

2018-05-22 11:05:51 - [TEST_STEP][PASSED] - setText: Text '10' is set on object 'Object Repository/DispensaryToStore/Page_Store/input_txtqty'

2018-05-22 11:05:51 - [MESSAGE][PASSED] - Text '10' is set on object 'Object Repository/DispensaryToStore/Page_Store/input_txtqty'

2018-05-22 11:05:51 - [TEST_STEP][PASSED] - click: Object: 'Object Repository/DispensaryToStore/Page_Store/button_Add' is clicked on

2018-05-22 11:05:51 - [MESSAGE][PASSED] - Object: 'Object Repository/DispensaryToStore/Page_Store/button_Add' is clicked on

2018-05-22 11:05:51 - [TEST_STEP][PASSED] - Statement - Break: null

2018-05-22 11:05:51 - [TEST_STEP][PASSED] - selectOptionByIndex: All options with index in [13] are selected on object 'Object Repository/DispensaryToStore/Page_Store/select_--Select--Adernaline 0.'

2018-05-22 11:05:51 - [MESSAGE][PASSED] - All options with index in [13] are selected on object 'Object Repository/DispensaryToStore/Page_Store/select_--Select--Adernaline 0.'

2018-05-22 11:05:51 - [TEST_STEP][PASSED] - delay: Delayed 2 second(s)

2018-05-22 11:05:53 - [MESSAGE][PASSED] - Delayed 2 second(s)

2018-05-22 11:05:53 - [TEST_STEP][PASSED] - Statement - RequestedQty = com.kms.katalon.core.webui.keyword.WebUiBuiltInKeywords.getAttribute(com.kms.katalon.core.testobject.ObjectRepository.findTestObject(DispensaryToStore/Page_Store/input_txttotal), "value"): Attribute 'value' of object 'Object Repository/DispensaryToStore/Page_Store/input_txttotal' is: '10'

2018-05-22 11:05:53 - [MESSAGE][PASSED] - Attribute 'value' of object 'Object Repository/DispensaryToStore/Page_Store/input_txttotal' is: '10'

2018-05-22 11:05:53 - [TEST_STEP][PASSED] - Statement - out.println("Requested QTY : " + RequestedQty): null

2018-05-22 11:05:53 - [TEST_STEP][PASSED] - Statement - BatchNumber = com.kms.katalon.core.webui.keyword.WebUiBuiltInKeywords.getNumberOfTotalOption(com.kms.katalon.core.testobject.ObjectRepository.findTestObject(DispensaryToStore/Page_Store/select_--Select--BA1170BA2376B)): 3 options of object 'Object Repository/DispensaryToStore/Page_Store/select_--Select--BA1170BA2376B' counted

2018-05-22 11:05:53 - [MESSAGE][PASSED] - 3 options of object 'Object Repository/DispensaryToStore/Page_Store/select_--Select--BA1170BA2376B' counted

2018-05-22 11:05:53 - [TEST_STEP][PASSED] - Statement - For ([g = 1, g <= BatchNumber - 1, (g++)]): null

2018-05-22 11:05:53 - [TEST_STEP][PASSED] - selectOptionByIndex: All options with index in [1] are selected on object 'Object Repository/DispensaryToStore/Page_Store/select_--Select--BA1170BA2376B'

2018-05-22 11:05:53 - [MESSAGE][PASSED] - All options with index in [1] are selected on object 'Object Repository/DispensaryToStore/Page_Store/select_--Select--BA1170BA2376B'

2018-05-22 11:05:53 - [TEST_STEP][PASSED] - Statement - Try: null

2018-05-22 11:05:53 - [TEST_STEP][PASSED] - Statement - StockQty = com.kms.katalon.core.webui.keyword.WebUiBuiltInKeywords.getAttribute(com.kms.katalon.core.testobject.ObjectRepository.findTestObject(DispensaryToStore/Page_Store/input_txtprice), "value"): Attribute 'value' of object 'Object Repository/DispensaryToStore/Page_Store/input_txtprice' is: '115'

2018-05-22 11:05:54 - [MESSAGE][PASSED] - Attribute 'value' of object 'Object Repository/DispensaryToStore/Page_Store/input_txtprice' is: '115'

2018-05-22 11:05:54 - [TEST_STEP][PASSED] - Statement - out.println("Stock QTY : " + StockQty): null

2018-05-22 11:05:54 - [TEST_STEP][PASSED] - delay: Delayed 2 second(s)

2018-05-22 11:05:56 - [MESSAGE][PASSED] - Delayed 2 second(s)

2018-05-22 11:05:56 - [TEST_STEP][PASSED] - Statement - If (java.lang.String.valueOf(StockQty) >= java.lang.String.valueOf(RequestedQty)): null

2018-05-22 11:05:56 - [TEST_STEP][PASSED] - setText: Text '10' is set on object 'Object Repository/DispensaryToStore/Page_Store/input_txtqty'

2018-05-22 11:05:56 - [MESSAGE][PASSED] - Text '10' is set on object 'Object Repository/DispensaryToStore/Page_Store/input_txtqty'

2018-05-22 11:05:56 - [TEST_STEP][PASSED] - click: Object: 'Object Repository/DispensaryToStore/Page_Store/button_Add' is clicked on

2018-05-22 11:05:56 - [MESSAGE][PASSED] - Object: 'Object Repository/DispensaryToStore/Page_Store/button_Add' is clicked on

2018-05-22 11:05:56 - [TEST_STEP][PASSED] - Statement - Break: null

2018-05-22 11:05:56 - [TEST_STEP][PASSED] - selectOptionByIndex: All options with index in [14] are selected on object 'Object Repository/DispensaryToStore/Page_Store/select_--Select--Adernaline 0.'

2018-05-22 11:05:56 - [MESSAGE][PASSED] - All options with index in [14] are selected on object 'Object Repository/DispensaryToStore/Page_Store/select_--Select--Adernaline 0.'

2018-05-22 11:05:56 - [TEST_STEP][PASSED] - delay: Delayed 2 second(s)

2018-05-22 11:05:58 - [MESSAGE][PASSED] - Delayed 2 second(s)

2018-05-22 11:05:58 - [TEST_STEP][PASSED] - Statement - RequestedQty = com.kms.katalon.core.webui.keyword.WebUiBuiltInKeywords.getAttribute(com.kms.katalon.core.testobject.ObjectRepository.findTestObject(DispensaryToStore/Page_Store/input_txttotal), "value"): Attribute 'value' of object 'Object Repository/DispensaryToStore/Page_Store/input_txttotal' is: '10'

2018-05-22 11:05:58 - [MESSAGE][PASSED] - Attribute 'value' of object 'Object Repository/DispensaryToStore/Page_Store/input_txttotal' is: '10'

2018-05-22 11:05:58 - [TEST_STEP][PASSED] - Statement - out.println("Requested QTY : " + RequestedQty): null

2018-05-22 11:05:58 - [TEST_STEP][PASSED] - Statement - BatchNumber = com.kms.katalon.core.webui.keyword.WebUiBuiltInKeywords.getNumberOfTotalOption(com.kms.katalon.core.testobject.ObjectRepository.findTestObject(DispensaryToStore/Page_Store/select_--Select--BA1170BA2376B)): 3 options of object 'Object Repository/DispensaryToStore/Page_Store/select_--Select--BA1170BA2376B' counted

2018-05-22 11:05:58 - [MESSAGE][PASSED] - 3 options of object 'Object Repository/DispensaryToStore/Page_Store/select_--Select--BA1170BA2376B' counted

2018-05-22 11:05:58 - [TEST_STEP][PASSED] - Statement - For ([g = 1, g <= BatchNumber - 1, (g++)]): null

2018-05-22 11:05:58 - [TEST_STEP][PASSED] - selectOptionByIndex: All options with index in [1] are selected on object 'Object Repository/DispensaryToStore/Page_Store/select_--Select--BA1170BA2376B'

2018-05-22 11:05:58 - [MESSAGE][PASSED] - All options with index in [1] are selected on object 'Object Repository/DispensaryToStore/Page_Store/select_--Select--BA1170BA2376B'

2018-05-22 11:05:58 - [TEST_STEP][PASSED] - Statement - Try: null

2018-05-22 11:05:58 - [TEST_STEP][PASSED] - Statement - StockQty = com.kms.katalon.core.webui.keyword.WebUiBuiltInKeywords.getAttribute(com.kms.katalon.core.testobject.ObjectRepository.findTestObject(DispensaryToStore/Page_Store/input_txtprice), "value"): Attribute 'value' of object 'Object Repository/DispensaryToStore/Page_Store/input_txtprice' is: ''

2018-05-22 11:05:58 - [MESSAGE][PASSED] - Attribute 'value' of object 'Object Repository/DispensaryToStore/Page_Store/input_txtprice' is: ''

2018-05-22 11:05:58 - [TEST_STEP][PASSED] - Statement - out.println("Stock QTY : " + StockQty): null

2018-05-22 11:05:58 - [TEST_STEP][PASSED] - delay: Delayed 2 second(s)

2018-05-22 11:06:00 - [MESSAGE][PASSED] - Delayed 2 second(s)

2018-05-22 11:06:00 - [TEST_STEP][PASSED] - Statement - If (java.lang.String.valueOf(StockQty) >= java.lang.String.valueOf(RequestedQty)): null

2018-05-22 11:06:00 - [TEST_STEP][PASSED] - Statement - Else: null

2018-05-22 11:06:00 - [TEST_STEP][PASSED] - Statement - out.println("Stock Is Less Than Requested Qty"): null

2018-05-22 11:06:00 - [TEST_STEP][PASSED] - selectOptionByIndex: All options with index in [2] are selected on object 'Object Repository/DispensaryToStore/Page_Store/select_--Select--BA1170BA2376B'

2018-05-22 11:06:00 - [MESSAGE][PASSED] - All options with index in [2] are selected on object 'Object Repository/DispensaryToStore/Page_Store/select_--Select--BA1170BA2376B'

2018-05-22 11:06:00 - [TEST_STEP][PASSED] - Statement - Try: null

2018-05-22 11:06:00 - [TEST_STEP][PASSED] - Statement - StockQty = com.kms.katalon.core.webui.keyword.WebUiBuiltInKeywords.getAttribute(com.kms.katalon.core.testobject.ObjectRepository.findTestObject(DispensaryToStore/Page_Store/input_txtprice), "value"): Attribute 'value' of object 'Object Repository/DispensaryToStore/Page_Store/input_txtprice' is: '200'

2018-05-22 11:06:00 - [MESSAGE][PASSED] - Attribute 'value' of object 'Object Repository/DispensaryToStore/Page_Store/input_txtprice' is: '200'

2018-05-22 11:06:00 - [TEST_STEP][PASSED] - Statement - out.println("Stock QTY : " + StockQty): null

2018-05-22 11:06:00 - [TEST_STEP][PASSED] - delay: Delayed 2 second(s)

2018-05-22 11:06:02 - [MESSAGE][PASSED] - Delayed 2 second(s)

2018-05-22 11:06:02 - [TEST_STEP][PASSED] - Statement - If (java.lang.String.valueOf(StockQty) >= java.lang.String.valueOf(RequestedQty)): null

2018-05-22 11:06:02 - [TEST_STEP][PASSED] - setText: Text '10' is set on object 'Object Repository/DispensaryToStore/Page_Store/input_txtqty'

2018-05-22 11:06:02 - [MESSAGE][PASSED] - Text '10' is set on object 'Object Repository/DispensaryToStore/Page_Store/input_txtqty'

2018-05-22 11:06:02 - [TEST_STEP][PASSED] - click: Object: 'Object Repository/DispensaryToStore/Page_Store/button_Add' is clicked on

2018-05-22 11:06:02 - [MESSAGE][PASSED] - Object: 'Object Repository/DispensaryToStore/Page_Store/button_Add' is clicked on

2018-05-22 11:06:02 - [TEST_STEP][PASSED] - Statement - Break: null

2018-05-22 11:06:02 - [TEST_STEP][PASSED] - selectOptionByIndex: All options with index in [15] are selected on object 'Object Repository/DispensaryToStore/Page_Store/select_--Select--Adernaline 0.'

2018-05-22 11:06:03 - [MESSAGE][PASSED] - All options with index in [15] are selected on object 'Object Repository/DispensaryToStore/Page_Store/select_--Select--Adernaline 0.'

2018-05-22 11:06:03 - [TEST_STEP][PASSED] - delay: Delayed 2 second(s)

2018-05-22 11:06:05 - [MESSAGE][PASSED] - Delayed 2 second(s)

2018-05-22 11:06:05 - [TEST_STEP][PASSED] - Statement - RequestedQty = com.kms.katalon.core.webui.keyword.WebUiBuiltInKeywords.getAttribute(com.kms.katalon.core.testobject.ObjectRepository.findTestObject(DispensaryToStore/Page_Store/input_txttotal), "value"): Attribute 'value' of object 'Object Repository/DispensaryToStore/Page_Store/input_txttotal' is: '10'

2018-05-22 11:06:05 - [MESSAGE][PASSED] - Attribute 'value' of object 'Object Repository/DispensaryToStore/Page_Store/input_txttotal' is: '10'

2018-05-22 11:06:05 - [TEST_STEP][PASSED] - Statement - out.println("Requested QTY : " + RequestedQty): null

2018-05-22 11:06:05 - [TEST_STEP][PASSED] - Statement - BatchNumber = com.kms.katalon.core.webui.keyword.WebUiBuiltInKeywords.getNumberOfTotalOption(com.kms.katalon.core.testobject.ObjectRepository.findTestObject(DispensaryToStore/Page_Store/select_--Select--BA1170BA2376B)): 3 options of object 'Object Repository/DispensaryToStore/Page_Store/select_--Select--BA1170BA2376B' counted

2018-05-22 11:06:05 - [MESSAGE][PASSED] - 3 options of object 'Object Repository/DispensaryToStore/Page_Store/select_--Select--BA1170BA2376B' counted

2018-05-22 11:06:05 - [TEST_STEP][PASSED] - Statement - For ([g = 1, g <= BatchNumber - 1, (g++)]): null

2018-05-22 11:06:05 - [TEST_STEP][PASSED] - selectOptionByIndex: All options with index in [1] are selected on object 'Object Repository/DispensaryToStore/Page_Store/select_--Select--BA1170BA2376B'

2018-05-22 11:06:05 - [MESSAGE][PASSED] - All options with index in [1] are selected on object 'Object Repository/DispensaryToStore/Page_Store/select_--Select--BA1170BA2376B'

2018-05-22 11:06:05 - [TEST_STEP][PASSED] - Statement - Try: null

2018-05-22 11:06:05 - [TEST_STEP][PASSED] - Statement - StockQty = com.kms.katalon.core.webui.keyword.WebUiBuiltInKeywords.getAttribute(com.kms.katalon.core.testobject.ObjectRepository.findTestObject(DispensaryToStore/Page_Store/input_txtprice), "value"): Attribute 'value' of object 'Object Repository/DispensaryToStore/Page_Store/input_txtprice' is: '1870'

2018-05-22 11:06:05 - [MESSAGE][PASSED] - Attribute 'value' of object 'Object Repository/DispensaryToStore/Page_Store/input_txtprice' is: '1870'

2018-05-22 11:06:05 - [TEST_STEP][PASSED] - Statement - out.println("Stock QTY : " + StockQty): null

2018-05-22 11:06:05 - [TEST_STEP][PASSED] - delay: Delayed 2 second(s)

2018-05-22 11:06:07 - [MESSAGE][PASSED] - Delayed 2 second(s)

2018-05-22 11:06:07 - [TEST_STEP][PASSED] - Statement - If (java.lang.String.valueOf(StockQty) >= java.lang.String.valueOf(RequestedQty)): null

2018-05-22 11:06:07 - [TEST_STEP][PASSED] - setText: Text '10' is set on object 'Object Repository/DispensaryToStore/Page_Store/input_txtqty'

2018-05-22 11:06:07 - [MESSAGE][PASSED] - Text '10' is set on object 'Object Repository/DispensaryToStore/Page_Store/input_txtqty'

2018-05-22 11:06:07 - [TEST_STEP][PASSED] - click: Object: 'Object Repository/DispensaryToStore/Page_Store/button_Add' is clicked on

2018-05-22 11:06:07 - [MESSAGE][PASSED] - Object: 'Object Repository/DispensaryToStore/Page_Store/button_Add' is clicked on

2018-05-22 11:06:07 - [TEST_STEP][PASSED] - Statement - Break: null

2018-05-22 11:06:07 - [TEST_STEP][PASSED] - selectOptionByIndex: All options with index in [16] are selected on object 'Object Repository/DispensaryToStore/Page_Store/select_--Select--Adernaline 0.'

2018-05-22 11:06:07 - [MESSAGE][PASSED] - All options with index in [16] are selected on object 'Object Repository/DispensaryToStore/Page_Store/select_--Select--Adernaline 0.'

2018-05-22 11:06:07 - [TEST_STEP][PASSED] - delay: Delayed 2 second(s)

2018-05-22 11:06:09 - [MESSAGE][PASSED] - Delayed 2 second(s)

2018-05-22 11:06:09 - [TEST_STEP][PASSED] - Statement - RequestedQty = com.kms.katalon.core.webui.keyword.WebUiBuiltInKeywords.getAttribute(com.kms.katalon.core.testobject.ObjectRepository.findTestObject(DispensaryToStore/Page_Store/input_txttotal), "value"): Attribute 'value' of object 'Object Repository/DispensaryToStore/Page_Store/input_txttotal' is: '10'

2018-05-22 11:06:09 - [MESSAGE][PASSED] - Attribute 'value' of object 'Object Repository/DispensaryToStore/Page_Store/input_txttotal' is: '10'

2018-05-22 11:06:09 - [TEST_STEP][PASSED] - Statement - out.println("Requested QTY : " + RequestedQty): null

2018-05-22 11:06:09 - [TEST_STEP][PASSED] - Statement - BatchNumber = com.kms.katalon.core.webui.keyword.WebUiBuiltInKeywords.getNumberOfTotalOption(com.kms.katalon.core.testobject.ObjectRepository.findTestObject(DispensaryToStore/Page_Store/select_--Select--BA1170BA2376B)): 2 options of object 'Object Repository/DispensaryToStore/Page_Store/select_--Select--BA1170BA2376B' counted

2018-05-22 11:06:09 - [MESSAGE][PASSED] - 2 options of object 'Object Repository/DispensaryToStore/Page_Store/select_--Select--BA1170BA2376B' counted

2018-05-22 11:06:09 - [TEST_STEP][PASSED] - Statement - For ([g = 1, g <= BatchNumber - 1, (g++)]): null

2018-05-22 11:06:09 - [TEST_STEP][PASSED] - selectOptionByIndex: All options with index in [1] are selected on object 'Object Repository/DispensaryToStore/Page_Store/select_--Select--BA1170BA2376B'

2018-05-22 11:06:09 - [MESSAGE][PASSED] - All options with index in [1] are selected on object 'Object Repository/DispensaryToStore/Page_Store/select_--Select--BA1170BA2376B'

2018-05-22 11:06:09 - [TEST_STEP][PASSED] - Statement - Try: null

2018-05-22 11:06:09 - [TEST_STEP][PASSED] - Statement - StockQty = com.kms.katalon.core.webui.keyword.WebUiBuiltInKeywords.getAttribute(com.kms.katalon.core.testobject.ObjectRepository.findTestObject(DispensaryToStore/Page_Store/input_txtprice), "value"): Attribute 'value' of object 'Object Repository/DispensaryToStore/Page_Store/input_txtprice' is: '105'

2018-05-22 11:06:10 - [MESSAGE][PASSED] - Attribute 'value' of object 'Object Repository/DispensaryToStore/Page_Store/input_txtprice' is: '105'

2018-05-22 11:06:10 - [TEST_STEP][PASSED] - Statement - out.println("Stock QTY : " + StockQty): null

2018-05-22 11:06:10 - [TEST_STEP][PASSED] - delay: Delayed 2 second(s)

2018-05-22 11:06:12 - [MESSAGE][PASSED] - Delayed 2 second(s)

2018-05-22 11:06:12 - [TEST_STEP][PASSED] - Statement - If (java.lang.String.valueOf(StockQty) >= java.lang.String.valueOf(RequestedQty)): null

2018-05-22 11:06:12 - [TEST_STEP][PASSED] - setText: Text '10' is set on object 'Object Repository/DispensaryToStore/Page_Store/input_txtqty'

2018-05-22 11:06:12 - [MESSAGE][PASSED] - Text '10' is set on object 'Object Repository/DispensaryToStore/Page_Store/input_txtqty'

2018-05-22 11:06:12 - [TEST_STEP][PASSED] - click: Object: 'Object Repository/DispensaryToStore/Page_Store/button_Add' is clicked on

2018-05-22 11:06:12 - [MESSAGE][PASSED] - Object: 'Object Repository/DispensaryToStore/Page_Store/button_Add' is clicked on

2018-05-22 11:06:12 - [TEST_STEP][PASSED] - Statement - Break: null

2018-05-22 11:06:12 - [TEST_STEP][PASSED] - scrollToElement: Scroll to object 'Object Repository/DispensaryToStore/Page_Store/input_btnSubmit' successfully

2018-05-22 11:06:12 - [MESSAGE][PASSED] - Scroll to object 'Object Repository/DispensaryToStore/Page_Store/input_btnSubmit' successfully

2018-05-22 11:06:12 - [TEST_STEP][PASSED] - click: Object: 'Object Repository/DispensaryToStore/Page_Store/input_btnSubmit' is clicked on

2018-05-22 11:06:12 - [MESSAGE][PASSED] - Object: 'Object Repository/DispensaryToStore/Page_Store/input_btnSubmit' is clicked on

2018-05-22 11:06:12 - [TEST_STEP][PASSED] - delay: Delayed 3 second(s)

2018-05-22 11:06:15 - [MESSAGE][PASSED] - Delayed 3 second(s)

2018-05-22 11:06:15 - [TEST_STEP][PASSED] - click: Object: 'Object Repository/DispensaryToStore/Page_Store/button_OK' is clicked on

2018-05-22 11:06:15 - [MESSAGE][PASSED] - Object: 'Object Repository/DispensaryToStore/Page_Store/button_OK' is clicked on

2018-05-22 11:06:15 - [TEST_STEP][PASSED] - delay: Delayed 3 second(s)

2018-05-22 11:06:18 - [MESSAGE][PASSED] - Delayed 3 second(s)

2018-05-22 11:06:18 - [TEST_STEP][PASSED] - waitForElementPresent: Object 'Object Repository/DispensaryToStore/Page_Dispensary Store/a_dropdown-toggle' is present

2018-05-22 11:06:18 - [MESSAGE][PASSED] - Object 'Object Repository/DispensaryToStore/Page_Dispensary Store/a_dropdown-toggle' is present

2018-05-22 11:06:18 - [TEST_STEP][PASSED] - click: Object: 'Object Repository/DispensaryToStore/Page_Store/a_dropdown-toggle' is clicked on

2018-05-22 11:06:19 - [MESSAGE][PASSED] - Object: 'Object Repository/DispensaryToStore/Page_Store/a_dropdown-toggle' is clicked on

2018-05-22 11:06:19 - [TEST_STEP][PASSED] - click: Object: 'Object Repository/DispensaryToStore/Page_Store/a_Sign out' is clicked on

2018-05-22 11:06:19 - [MESSAGE][PASSED] - Object: 'Object Repository/DispensaryToStore/Page_Store/a_Sign out' is clicked on

2018-05-22 11:06:19 - [TEST_STEP][PASSED] - closeBrowser: Browser is closed

2018-05-22 11:06:20 - [MESSAGE][PASSED] - Browser is closed]]></system-out>
         <system-err><![CDATA[]]></system-err>
      </testcase>
      <testcase name="Test Cases/DISPENSARY TEST CASES/TC_DP_006 Verify Schedule 6 Dispensary Request Are Working Successfully Or Not" classname="Test Cases/DISPENSARY TEST CASES/TC_DP_006 Verify Schedule 6 Dispensary Request Are Working Successfully Or Not" status="FAILED">
         <failure type="FAILED" message="Unable to click on object 'Object Repository/DispensaryToStore/Page_KDMC - CMO/a_dropdown-toggle' (Root cause: com.kms.katalon.core.webui.exception.WebElementNotFoundException: Web element with id: 'Object Repository/DispensaryToStore/Page_KDMC - CMO/a_dropdown-toggle' located by 'By.xpath: /html[1]/body[@class=&quot;skin-blue  pace-done&quot;]/header[@class=&quot;header&quot;]/div[@class=&quot;row&quot;]/div[@class=&quot;col-md-12&quot;]/nav[@class=&quot;navbar navbar-static-top&quot;]/div[@class=&quot;navbar-right&quot;]/ul[@class=&quot;nav navbar-nav&quot;]/li[@class=&quot;dropdown user user-menu&quot;]/a[@class=&quot;dropdown-toggle&quot;][count(. | //*[@class = 'dropdown-toggle' and @data-toggle = 'dropdown']) = count(//*[@class = 'dropdown-toggle' and @data-toggle = 'dropdown'])]' not found)"/>
         <system-out><![CDATA[2018-05-22 11:06:20 - [TEST_CASE][FAILED] - Test Cases/DISPENSARY TEST CASES/TC_DP_006 Verify Schedule 6 Dispensary Request Are Working Successfully Or Not: Test Cases/DISPENSARY TEST CASES/TC_DP_006 Verify Schedule 6 Dispensary Request Are Working Successfully Or Not FAILED because (of) Unable to click on object 'Object Repository/DispensaryToStore/Page_KDMC - CMO/a_dropdown-toggle' (Root cause: com.kms.katalon.core.webui.exception.WebElementNotFoundException: Web element with id: 'Object Repository/DispensaryToStore/Page_KDMC - CMO/a_dropdown-toggle' located by 'By.xpath: /html[1]/body[@class="skin-blue  pace-done"]/header[@class="header"]/div[@class="row"]/div[@class="col-md-12"]/nav[@class="navbar navbar-static-top"]/div[@class="navbar-right"]/ul[@class="nav navbar-nav"]/li[@class="dropdown user user-menu"]/a[@class="dropdown-toggle"][count(. | //*[@class = 'dropdown-toggle' and @data-toggle = 'dropdown']) = count(//*[@class = 'dropdown-toggle' and @data-toggle = 'dropdown'])]' not found)

2018-05-22 11:06:20 - [TEST_STEP][PASSED] - openBrowser: Browser is opened with url: ''

2018-05-22 11:06:22 - [MESSAGE][PASSED] - Browser is opened with url: ''

2018-05-22 11:06:22 - [TEST_STEP][PASSED] - navigateToUrl: Navigate to 'http://192.168.137.1/multihospital_new/HDSplashscreen.aspx' successfully

2018-05-22 11:06:24 - [MESSAGE][PASSED] - Navigate to 'http://192.168.137.1/multihospital_new/HDSplashscreen.aspx' successfully

2018-05-22 11:06:24 - [TEST_STEP][PASSED] - maximizeWindow: Current window maximized

2018-05-22 11:06:25 - [MESSAGE][PASSED] - Current window maximized

2018-05-22 11:06:25 - [TEST_STEP][PASSED] - click: Object: 'Object Repository/DispensaryToStore/Page_KDMC/a_Dispensary Store' is clicked on

2018-05-22 11:06:25 - [MESSAGE][PASSED] - Object: 'Object Repository/DispensaryToStore/Page_KDMC/a_Dispensary Store' is clicked on

2018-05-22 11:06:25 - [TEST_STEP][PASSED] - setText: Text 'rajaram' is set on object 'Object Repository/DispensaryToStore/Page_Dispensary Store Login/input_txtusername'

2018-05-22 11:06:26 - [MESSAGE][PASSED] - Text 'rajaram' is set on object 'Object Repository/DispensaryToStore/Page_Dispensary Store Login/input_txtusername'

2018-05-22 11:06:26 - [TEST_STEP][PASSED] - setText: Text '123' is set on object 'Object Repository/DispensaryToStore/Page_Dispensary Store Login/input_txtpassword'

2018-05-22 11:06:26 - [MESSAGE][PASSED] - Text '123' is set on object 'Object Repository/DispensaryToStore/Page_Dispensary Store Login/input_txtpassword'

2018-05-22 11:06:26 - [TEST_STEP][PASSED] - delay: Delayed 3 second(s)

2018-05-22 11:06:29 - [MESSAGE][PASSED] - Delayed 3 second(s)

2018-05-22 11:06:29 - [TEST_STEP][PASSED] - sendKeys: Keys 'ENTER + ' sent to object: 'Object Repository/DispensaryToStore/Page_Dispensary Store Login/input_txtpassword'

2018-05-22 11:06:30 - [MESSAGE][PASSED] - Keys 'ENTER + ' sent to object: 'Object Repository/DispensaryToStore/Page_Dispensary Store Login/input_txtpassword'

2018-05-22 11:06:30 - [TEST_STEP][PASSED] - delay: Delayed 3 second(s)

2018-05-22 11:06:33 - [MESSAGE][PASSED] - Delayed 3 second(s)

2018-05-22 11:06:33 - [TEST_STEP][PASSED] - click: Object: 'Object Repository/DispensaryToStore/Page_Dispensary Store/a_Request to Store' is clicked on

2018-05-22 11:06:33 - [MESSAGE][PASSED] - Object: 'Object Repository/DispensaryToStore/Page_Dispensary Store/a_Request to Store' is clicked on

2018-05-22 11:06:33 - [TEST_STEP][PASSED] - click: Object: 'Object Repository/DispensaryToStore/Page_Dispensary Store/a_Medicine Request' is clicked on

2018-05-22 11:06:33 - [MESSAGE][PASSED] - Object: 'Object Repository/DispensaryToStore/Page_Dispensary Store/a_Medicine Request' is clicked on

2018-05-22 11:06:33 - [TEST_STEP][PASSED] - selectOptionByIndex: All options with index in [6] are selected on object 'Object Repository/DispensaryToStore/Page_Dispensary Store/select_--Select--Schedule 1Inj'

2018-05-22 11:06:34 - [MESSAGE][PASSED] - All options with index in [6] are selected on object 'Object Repository/DispensaryToStore/Page_Dispensary Store/select_--Select--Schedule 1Inj'

2018-05-22 11:06:34 - [TEST_STEP][PASSED] - Statement - medicineslength = com.kms.katalon.core.webui.keyword.WebUiBuiltInKeywords.getNumberOfTotalOption(com.kms.katalon.core.testobject.ObjectRepository.findTestObject(DispensaryToStore/Page_Dispensary Store/select_--Select--Adernaline 0.)): 14 options of object 'Object Repository/DispensaryToStore/Page_Dispensary Store/select_--Select--Adernaline 0.' counted

2018-05-22 11:06:34 - [MESSAGE][PASSED] - 14 options of object 'Object Repository/DispensaryToStore/Page_Dispensary Store/select_--Select--Adernaline 0.' counted

2018-05-22 11:06:34 - [TEST_STEP][PASSED] - Statement - For ([e = 1, e <= medicineslength - 1, (e++)]): Object: 'Object Repository/DispensaryToStore/Page_Dispensary Store/button_Add' is clicked on

2018-05-22 11:06:34 - [TEST_STEP][PASSED] - selectOptionByIndex: All options with index in [6] are selected on object 'Object Repository/DispensaryToStore/Page_Dispensary Store/select_--Select--Schedule 1Inj'

2018-05-22 11:06:34 - [MESSAGE][PASSED] - All options with index in [6] are selected on object 'Object Repository/DispensaryToStore/Page_Dispensary Store/select_--Select--Schedule 1Inj'

2018-05-22 11:06:34 - [TEST_STEP][PASSED] - selectOptionByIndex: All options with index in [1] are selected on object 'Object Repository/DispensaryToStore/Page_Dispensary Store/select_--Select--Adernaline 0.'

2018-05-22 11:06:34 - [MESSAGE][PASSED] - All options with index in [1] are selected on object 'Object Repository/DispensaryToStore/Page_Dispensary Store/select_--Select--Adernaline 0.'

2018-05-22 11:06:34 - [TEST_STEP][PASSED] - setText: Text '10' is set on object 'Object Repository/DispensaryToStore/Page_Dispensary Store/input_txttreat'

2018-05-22 11:06:34 - [MESSAGE][PASSED] - Text '10' is set on object 'Object Repository/DispensaryToStore/Page_Dispensary Store/input_txttreat'

2018-05-22 11:06:34 - [TEST_STEP][PASSED] - click: Object: 'Object Repository/DispensaryToStore/Page_Dispensary Store/button_Add' is clicked on

2018-05-22 11:06:34 - [MESSAGE][PASSED] - Object: 'Object Repository/DispensaryToStore/Page_Dispensary Store/button_Add' is clicked on

2018-05-22 11:06:34 - [TEST_STEP][PASSED] - selectOptionByIndex: All options with index in [6] are selected on object 'Object Repository/DispensaryToStore/Page_Dispensary Store/select_--Select--Schedule 1Inj'

2018-05-22 11:06:34 - [MESSAGE][PASSED] - All options with index in [6] are selected on object 'Object Repository/DispensaryToStore/Page_Dispensary Store/select_--Select--Schedule 1Inj'

2018-05-22 11:06:34 - [TEST_STEP][PASSED] - selectOptionByIndex: All options with index in [2] are selected on object 'Object Repository/DispensaryToStore/Page_Dispensary Store/select_--Select--Adernaline 0.'

2018-05-22 11:06:35 - [MESSAGE][PASSED] - All options with index in [2] are selected on object 'Object Repository/DispensaryToStore/Page_Dispensary Store/select_--Select--Adernaline 0.'

2018-05-22 11:06:35 - [TEST_STEP][PASSED] - setText: Text '10' is set on object 'Object Repository/DispensaryToStore/Page_Dispensary Store/input_txttreat'

2018-05-22 11:06:35 - [MESSAGE][PASSED] - Text '10' is set on object 'Object Repository/DispensaryToStore/Page_Dispensary Store/input_txttreat'

2018-05-22 11:06:35 - [TEST_STEP][PASSED] - click: Object: 'Object Repository/DispensaryToStore/Page_Dispensary Store/button_Add' is clicked on

2018-05-22 11:06:35 - [MESSAGE][PASSED] - Object: 'Object Repository/DispensaryToStore/Page_Dispensary Store/button_Add' is clicked on

2018-05-22 11:06:35 - [TEST_STEP][PASSED] - selectOptionByIndex: All options with index in [6] are selected on object 'Object Repository/DispensaryToStore/Page_Dispensary Store/select_--Select--Schedule 1Inj'

2018-05-22 11:06:35 - [MESSAGE][PASSED] - All options with index in [6] are selected on object 'Object Repository/DispensaryToStore/Page_Dispensary Store/select_--Select--Schedule 1Inj'

2018-05-22 11:06:35 - [TEST_STEP][PASSED] - selectOptionByIndex: All options with index in [3] are selected on object 'Object Repository/DispensaryToStore/Page_Dispensary Store/select_--Select--Adernaline 0.'

2018-05-22 11:06:35 - [MESSAGE][PASSED] - All options with index in [3] are selected on object 'Object Repository/DispensaryToStore/Page_Dispensary Store/select_--Select--Adernaline 0.'

2018-05-22 11:06:35 - [TEST_STEP][PASSED] - setText: Text '10' is set on object 'Object Repository/DispensaryToStore/Page_Dispensary Store/input_txttreat'

2018-05-22 11:06:35 - [MESSAGE][PASSED] - Text '10' is set on object 'Object Repository/DispensaryToStore/Page_Dispensary Store/input_txttreat'

2018-05-22 11:06:35 - [TEST_STEP][PASSED] - click: Object: 'Object Repository/DispensaryToStore/Page_Dispensary Store/button_Add' is clicked on

2018-05-22 11:06:35 - [MESSAGE][PASSED] - Object: 'Object Repository/DispensaryToStore/Page_Dispensary Store/button_Add' is clicked on

2018-05-22 11:06:35 - [TEST_STEP][PASSED] - selectOptionByIndex: All options with index in [6] are selected on object 'Object Repository/DispensaryToStore/Page_Dispensary Store/select_--Select--Schedule 1Inj'

2018-05-22 11:06:35 - [MESSAGE][PASSED] - All options with index in [6] are selected on object 'Object Repository/DispensaryToStore/Page_Dispensary Store/select_--Select--Schedule 1Inj'

2018-05-22 11:06:35 - [TEST_STEP][PASSED] - selectOptionByIndex: All options with index in [4] are selected on object 'Object Repository/DispensaryToStore/Page_Dispensary Store/select_--Select--Adernaline 0.'

2018-05-22 11:06:36 - [MESSAGE][PASSED] - All options with index in [4] are selected on object 'Object Repository/DispensaryToStore/Page_Dispensary Store/select_--Select--Adernaline 0.'

2018-05-22 11:06:36 - [TEST_STEP][PASSED] - setText: Text '10' is set on object 'Object Repository/DispensaryToStore/Page_Dispensary Store/input_txttreat'

2018-05-22 11:06:36 - [MESSAGE][PASSED] - Text '10' is set on object 'Object Repository/DispensaryToStore/Page_Dispensary Store/input_txttreat'

2018-05-22 11:06:36 - [TEST_STEP][PASSED] - click: Object: 'Object Repository/DispensaryToStore/Page_Dispensary Store/button_Add' is clicked on

2018-05-22 11:06:36 - [MESSAGE][PASSED] - Object: 'Object Repository/DispensaryToStore/Page_Dispensary Store/button_Add' is clicked on

2018-05-22 11:06:36 - [TEST_STEP][PASSED] - selectOptionByIndex: All options with index in [6] are selected on object 'Object Repository/DispensaryToStore/Page_Dispensary Store/select_--Select--Schedule 1Inj'

2018-05-22 11:06:36 - [MESSAGE][PASSED] - All options with index in [6] are selected on object 'Object Repository/DispensaryToStore/Page_Dispensary Store/select_--Select--Schedule 1Inj'

2018-05-22 11:06:36 - [TEST_STEP][PASSED] - selectOptionByIndex: All options with index in [5] are selected on object 'Object Repository/DispensaryToStore/Page_Dispensary Store/select_--Select--Adernaline 0.'

2018-05-22 11:06:36 - [MESSAGE][PASSED] - All options with index in [5] are selected on object 'Object Repository/DispensaryToStore/Page_Dispensary Store/select_--Select--Adernaline 0.'

2018-05-22 11:06:36 - [TEST_STEP][PASSED] - setText: Text '10' is set on object 'Object Repository/DispensaryToStore/Page_Dispensary Store/input_txttreat'

2018-05-22 11:06:36 - [MESSAGE][PASSED] - Text '10' is set on object 'Object Repository/DispensaryToStore/Page_Dispensary Store/input_txttreat'

2018-05-22 11:06:36 - [TEST_STEP][PASSED] - click: Object: 'Object Repository/DispensaryToStore/Page_Dispensary Store/button_Add' is clicked on

2018-05-22 11:06:36 - [MESSAGE][PASSED] - Object: 'Object Repository/DispensaryToStore/Page_Dispensary Store/button_Add' is clicked on

2018-05-22 11:06:36 - [TEST_STEP][PASSED] - selectOptionByIndex: All options with index in [6] are selected on object 'Object Repository/DispensaryToStore/Page_Dispensary Store/select_--Select--Schedule 1Inj'

2018-05-22 11:06:36 - [MESSAGE][PASSED] - All options with index in [6] are selected on object 'Object Repository/DispensaryToStore/Page_Dispensary Store/select_--Select--Schedule 1Inj'

2018-05-22 11:06:36 - [TEST_STEP][PASSED] - selectOptionByIndex: All options with index in [6] are selected on object 'Object Repository/DispensaryToStore/Page_Dispensary Store/select_--Select--Adernaline 0.'

2018-05-22 11:06:37 - [MESSAGE][PASSED] - All options with index in [6] are selected on object 'Object Repository/DispensaryToStore/Page_Dispensary Store/select_--Select--Adernaline 0.'

2018-05-22 11:06:37 - [TEST_STEP][PASSED] - setText: Text '10' is set on object 'Object Repository/DispensaryToStore/Page_Dispensary Store/input_txttreat'

2018-05-22 11:06:37 - [MESSAGE][PASSED] - Text '10' is set on object 'Object Repository/DispensaryToStore/Page_Dispensary Store/input_txttreat'

2018-05-22 11:06:37 - [TEST_STEP][PASSED] - click: Object: 'Object Repository/DispensaryToStore/Page_Dispensary Store/button_Add' is clicked on

2018-05-22 11:06:37 - [MESSAGE][PASSED] - Object: 'Object Repository/DispensaryToStore/Page_Dispensary Store/button_Add' is clicked on

2018-05-22 11:06:37 - [TEST_STEP][PASSED] - selectOptionByIndex: All options with index in [6] are selected on object 'Object Repository/DispensaryToStore/Page_Dispensary Store/select_--Select--Schedule 1Inj'

2018-05-22 11:06:37 - [MESSAGE][PASSED] - All options with index in [6] are selected on object 'Object Repository/DispensaryToStore/Page_Dispensary Store/select_--Select--Schedule 1Inj'

2018-05-22 11:06:37 - [TEST_STEP][PASSED] - selectOptionByIndex: All options with index in [7] are selected on object 'Object Repository/DispensaryToStore/Page_Dispensary Store/select_--Select--Adernaline 0.'

2018-05-22 11:06:37 - [MESSAGE][PASSED] - All options with index in [7] are selected on object 'Object Repository/DispensaryToStore/Page_Dispensary Store/select_--Select--Adernaline 0.'

2018-05-22 11:06:37 - [TEST_STEP][PASSED] - setText: Text '10' is set on object 'Object Repository/DispensaryToStore/Page_Dispensary Store/input_txttreat'

2018-05-22 11:06:37 - [MESSAGE][PASSED] - Text '10' is set on object 'Object Repository/DispensaryToStore/Page_Dispensary Store/input_txttreat'

2018-05-22 11:06:37 - [TEST_STEP][PASSED] - click: Object: 'Object Repository/DispensaryToStore/Page_Dispensary Store/button_Add' is clicked on

2018-05-22 11:06:37 - [MESSAGE][PASSED] - Object: 'Object Repository/DispensaryToStore/Page_Dispensary Store/button_Add' is clicked on

2018-05-22 11:06:37 - [TEST_STEP][PASSED] - selectOptionByIndex: All options with index in [6] are selected on object 'Object Repository/DispensaryToStore/Page_Dispensary Store/select_--Select--Schedule 1Inj'

2018-05-22 11:06:37 - [MESSAGE][PASSED] - All options with index in [6] are selected on object 'Object Repository/DispensaryToStore/Page_Dispensary Store/select_--Select--Schedule 1Inj'

2018-05-22 11:06:37 - [TEST_STEP][PASSED] - selectOptionByIndex: All options with index in [8] are selected on object 'Object Repository/DispensaryToStore/Page_Dispensary Store/select_--Select--Adernaline 0.'

2018-05-22 11:06:38 - [MESSAGE][PASSED] - All options with index in [8] are selected on object 'Object Repository/DispensaryToStore/Page_Dispensary Store/select_--Select--Adernaline 0.'

2018-05-22 11:06:38 - [TEST_STEP][PASSED] - setText: Text '10' is set on object 'Object Repository/DispensaryToStore/Page_Dispensary Store/input_txttreat'

2018-05-22 11:06:38 - [MESSAGE][PASSED] - Text '10' is set on object 'Object Repository/DispensaryToStore/Page_Dispensary Store/input_txttreat'

2018-05-22 11:06:38 - [TEST_STEP][PASSED] - click: Object: 'Object Repository/DispensaryToStore/Page_Dispensary Store/button_Add' is clicked on

2018-05-22 11:06:38 - [MESSAGE][PASSED] - Object: 'Object Repository/DispensaryToStore/Page_Dispensary Store/button_Add' is clicked on

2018-05-22 11:06:38 - [TEST_STEP][PASSED] - selectOptionByIndex: All options with index in [6] are selected on object 'Object Repository/DispensaryToStore/Page_Dispensary Store/select_--Select--Schedule 1Inj'

2018-05-22 11:06:38 - [MESSAGE][PASSED] - All options with index in [6] are selected on object 'Object Repository/DispensaryToStore/Page_Dispensary Store/select_--Select--Schedule 1Inj'

2018-05-22 11:06:38 - [TEST_STEP][PASSED] - selectOptionByIndex: All options with index in [9] are selected on object 'Object Repository/DispensaryToStore/Page_Dispensary Store/select_--Select--Adernaline 0.'

2018-05-22 11:06:38 - [MESSAGE][PASSED] - All options with index in [9] are selected on object 'Object Repository/DispensaryToStore/Page_Dispensary Store/select_--Select--Adernaline 0.'

2018-05-22 11:06:38 - [TEST_STEP][PASSED] - setText: Text '10' is set on object 'Object Repository/DispensaryToStore/Page_Dispensary Store/input_txttreat'

2018-05-22 11:06:38 - [MESSAGE][PASSED] - Text '10' is set on object 'Object Repository/DispensaryToStore/Page_Dispensary Store/input_txttreat'

2018-05-22 11:06:38 - [TEST_STEP][PASSED] - click: Object: 'Object Repository/DispensaryToStore/Page_Dispensary Store/button_Add' is clicked on

2018-05-22 11:06:38 - [MESSAGE][PASSED] - Object: 'Object Repository/DispensaryToStore/Page_Dispensary Store/button_Add' is clicked on

2018-05-22 11:06:38 - [TEST_STEP][PASSED] - selectOptionByIndex: All options with index in [6] are selected on object 'Object Repository/DispensaryToStore/Page_Dispensary Store/select_--Select--Schedule 1Inj'

2018-05-22 11:06:38 - [MESSAGE][PASSED] - All options with index in [6] are selected on object 'Object Repository/DispensaryToStore/Page_Dispensary Store/select_--Select--Schedule 1Inj'

2018-05-22 11:06:38 - [TEST_STEP][PASSED] - selectOptionByIndex: All options with index in [10] are selected on object 'Object Repository/DispensaryToStore/Page_Dispensary Store/select_--Select--Adernaline 0.'

2018-05-22 11:06:39 - [MESSAGE][PASSED] - All options with index in [10] are selected on object 'Object Repository/DispensaryToStore/Page_Dispensary Store/select_--Select--Adernaline 0.'

2018-05-22 11:06:39 - [TEST_STEP][PASSED] - setText: Text '10' is set on object 'Object Repository/DispensaryToStore/Page_Dispensary Store/input_txttreat'

2018-05-22 11:06:39 - [MESSAGE][PASSED] - Text '10' is set on object 'Object Repository/DispensaryToStore/Page_Dispensary Store/input_txttreat'

2018-05-22 11:06:39 - [TEST_STEP][PASSED] - click: Object: 'Object Repository/DispensaryToStore/Page_Dispensary Store/button_Add' is clicked on

2018-05-22 11:06:39 - [MESSAGE][PASSED] - Object: 'Object Repository/DispensaryToStore/Page_Dispensary Store/button_Add' is clicked on

2018-05-22 11:06:39 - [TEST_STEP][PASSED] - selectOptionByIndex: All options with index in [6] are selected on object 'Object Repository/DispensaryToStore/Page_Dispensary Store/select_--Select--Schedule 1Inj'

2018-05-22 11:06:39 - [MESSAGE][PASSED] - All options with index in [6] are selected on object 'Object Repository/DispensaryToStore/Page_Dispensary Store/select_--Select--Schedule 1Inj'

2018-05-22 11:06:39 - [TEST_STEP][PASSED] - selectOptionByIndex: All options with index in [11] are selected on object 'Object Repository/DispensaryToStore/Page_Dispensary Store/select_--Select--Adernaline 0.'

2018-05-22 11:06:39 - [MESSAGE][PASSED] - All options with index in [11] are selected on object 'Object Repository/DispensaryToStore/Page_Dispensary Store/select_--Select--Adernaline 0.'

2018-05-22 11:06:39 - [TEST_STEP][PASSED] - setText: Text '10' is set on object 'Object Repository/DispensaryToStore/Page_Dispensary Store/input_txttreat'

2018-05-22 11:06:39 - [MESSAGE][PASSED] - Text '10' is set on object 'Object Repository/DispensaryToStore/Page_Dispensary Store/input_txttreat'

2018-05-22 11:06:39 - [TEST_STEP][PASSED] - click: Object: 'Object Repository/DispensaryToStore/Page_Dispensary Store/button_Add' is clicked on

2018-05-22 11:06:39 - [MESSAGE][PASSED] - Object: 'Object Repository/DispensaryToStore/Page_Dispensary Store/button_Add' is clicked on

2018-05-22 11:06:39 - [TEST_STEP][PASSED] - selectOptionByIndex: All options with index in [6] are selected on object 'Object Repository/DispensaryToStore/Page_Dispensary Store/select_--Select--Schedule 1Inj'

2018-05-22 11:06:40 - [MESSAGE][PASSED] - All options with index in [6] are selected on object 'Object Repository/DispensaryToStore/Page_Dispensary Store/select_--Select--Schedule 1Inj'

2018-05-22 11:06:40 - [TEST_STEP][PASSED] - selectOptionByIndex: All options with index in [12] are selected on object 'Object Repository/DispensaryToStore/Page_Dispensary Store/select_--Select--Adernaline 0.'

2018-05-22 11:06:40 - [MESSAGE][PASSED] - All options with index in [12] are selected on object 'Object Repository/DispensaryToStore/Page_Dispensary Store/select_--Select--Adernaline 0.'

2018-05-22 11:06:40 - [TEST_STEP][PASSED] - setText: Text '10' is set on object 'Object Repository/DispensaryToStore/Page_Dispensary Store/input_txttreat'

2018-05-22 11:06:40 - [MESSAGE][PASSED] - Text '10' is set on object 'Object Repository/DispensaryToStore/Page_Dispensary Store/input_txttreat'

2018-05-22 11:06:40 - [TEST_STEP][PASSED] - click: Object: 'Object Repository/DispensaryToStore/Page_Dispensary Store/button_Add' is clicked on

2018-05-22 11:06:40 - [MESSAGE][PASSED] - Object: 'Object Repository/DispensaryToStore/Page_Dispensary Store/button_Add' is clicked on

2018-05-22 11:06:40 - [TEST_STEP][PASSED] - selectOptionByIndex: All options with index in [6] are selected on object 'Object Repository/DispensaryToStore/Page_Dispensary Store/select_--Select--Schedule 1Inj'

2018-05-22 11:06:40 - [MESSAGE][PASSED] - All options with index in [6] are selected on object 'Object Repository/DispensaryToStore/Page_Dispensary Store/select_--Select--Schedule 1Inj'

2018-05-22 11:06:40 - [TEST_STEP][PASSED] - selectOptionByIndex: All options with index in [13] are selected on object 'Object Repository/DispensaryToStore/Page_Dispensary Store/select_--Select--Adernaline 0.'

2018-05-22 11:06:40 - [MESSAGE][PASSED] - All options with index in [13] are selected on object 'Object Repository/DispensaryToStore/Page_Dispensary Store/select_--Select--Adernaline 0.'

2018-05-22 11:06:40 - [TEST_STEP][PASSED] - setText: Text '10' is set on object 'Object Repository/DispensaryToStore/Page_Dispensary Store/input_txttreat'

2018-05-22 11:06:40 - [MESSAGE][PASSED] - Text '10' is set on object 'Object Repository/DispensaryToStore/Page_Dispensary Store/input_txttreat'

2018-05-22 11:06:40 - [TEST_STEP][PASSED] - click: Object: 'Object Repository/DispensaryToStore/Page_Dispensary Store/button_Add' is clicked on

2018-05-22 11:06:41 - [MESSAGE][PASSED] - Object: 'Object Repository/DispensaryToStore/Page_Dispensary Store/button_Add' is clicked on

2018-05-22 11:06:41 - [TEST_STEP][PASSED] - scrollToElement: Scroll to object 'Object Repository/DispensaryToStore/Page_Dispensary Store/input_btnsave' successfully

2018-05-22 11:06:41 - [MESSAGE][PASSED] - Scroll to object 'Object Repository/DispensaryToStore/Page_Dispensary Store/input_btnsave' successfully

2018-05-22 11:06:41 - [TEST_STEP][PASSED] - click: Object: 'Object Repository/DispensaryToStore/Page_Dispensary Store/input_btnsave' is clicked on

2018-05-22 11:06:41 - [MESSAGE][PASSED] - Object: 'Object Repository/DispensaryToStore/Page_Dispensary Store/input_btnsave' is clicked on

2018-05-22 11:06:41 - [TEST_STEP][PASSED] - delay: Delayed 3 second(s)

2018-05-22 11:06:44 - [MESSAGE][PASSED] - Delayed 3 second(s)

2018-05-22 11:06:44 - [TEST_STEP][PASSED] - Statement - RN1 = com.kms.katalon.core.webui.keyword.WebUiBuiltInKeywords.getText(com.kms.katalon.core.testobject.ObjectRepository.findTestObject(DispensaryToStore/Page_Dispensary Store/font_HPRNO180520187)): Text of object 'Object Repository/DispensaryToStore/Page_Dispensary Store/font_HPRNO180520187' is: 'DPRNO/22052018/55'

2018-05-22 11:06:44 - [MESSAGE][PASSED] - Text of object 'Object Repository/DispensaryToStore/Page_Dispensary Store/font_HPRNO180520187' is: 'DPRNO/22052018/55'

2018-05-22 11:06:44 - [TEST_STEP][PASSED] - Statement - out.println(RN1): null

2018-05-22 11:06:44 - [TEST_STEP][PASSED] - Statement - RID = RN1.split("/")[2]: null

2018-05-22 11:06:44 - [TEST_STEP][PASSED] - click: Object: 'Object Repository/DispensaryToStore/Page_Dispensary Store/button_OK' is clicked on

2018-05-22 11:06:44 - [MESSAGE][PASSED] - Object: 'Object Repository/DispensaryToStore/Page_Dispensary Store/button_OK' is clicked on

2018-05-22 11:06:44 - [TEST_STEP][PASSED] - delay: Delayed 3 second(s)

2018-05-22 11:06:47 - [MESSAGE][PASSED] - Delayed 3 second(s)

2018-05-22 11:06:47 - [TEST_STEP][PASSED] - waitForElementPresent: Object 'Object Repository/DispensaryToStore/Page_Dispensary Store/a_dropdown-toggle' is present

2018-05-22 11:06:47 - [MESSAGE][PASSED] - Object 'Object Repository/DispensaryToStore/Page_Dispensary Store/a_dropdown-toggle' is present

2018-05-22 11:06:47 - [TEST_STEP][PASSED] - click: Object: 'Object Repository/DispensaryToStore/Page_Dispensary Store/a_dropdown-toggle' is clicked on

2018-05-22 11:06:47 - [MESSAGE][PASSED] - Object: 'Object Repository/DispensaryToStore/Page_Dispensary Store/a_dropdown-toggle' is clicked on

2018-05-22 11:06:47 - [TEST_STEP][PASSED] - click: Object: 'Object Repository/DispensaryToStore/Page_Dispensary Store/a_Sign out' is clicked on

2018-05-22 11:06:48 - [MESSAGE][PASSED] - Object: 'Object Repository/DispensaryToStore/Page_Dispensary Store/a_Sign out' is clicked on

2018-05-22 11:06:48 - [TEST_STEP][PASSED] - delay: Delayed 3 second(s)

2018-05-22 11:06:51 - [MESSAGE][PASSED] - Delayed 3 second(s)

2018-05-22 11:06:51 - [TEST_STEP][PASSED] - navigateToUrl: Navigate to 'http://192.168.137.1/multihospital_new/' successfully

2018-05-22 11:06:51 - [MESSAGE][PASSED] - Navigate to 'http://192.168.137.1/multihospital_new/' successfully

2018-05-22 11:06:51 - [TEST_STEP][PASSED] - click: Object: 'Object Repository/DispensaryToStore/Page_KDMC/a_CMO' is clicked on

2018-05-22 11:06:52 - [MESSAGE][PASSED] - Object: 'Object Repository/DispensaryToStore/Page_KDMC/a_CMO' is clicked on

2018-05-22 11:06:52 - [TEST_STEP][PASSED] - setText: Text 'guru' is set on object 'Object Repository/DispensaryToStore/Page_CMO login/input_txtusername'

2018-05-22 11:06:52 - [MESSAGE][PASSED] - Text 'guru' is set on object 'Object Repository/DispensaryToStore/Page_CMO login/input_txtusername'

2018-05-22 11:06:52 - [TEST_STEP][PASSED] - setText: Text '123' is set on object 'Object Repository/DispensaryToStore/Page_CMO login/input_txtpassword'

2018-05-22 11:06:52 - [MESSAGE][PASSED] - Text '123' is set on object 'Object Repository/DispensaryToStore/Page_CMO login/input_txtpassword'

2018-05-22 11:06:52 - [TEST_STEP][PASSED] - delay: Delayed 3 second(s)

2018-05-22 11:06:55 - [MESSAGE][PASSED] - Delayed 3 second(s)

2018-05-22 11:06:55 - [TEST_STEP][PASSED] - click: Object: 'Object Repository/DispensaryToStore/Page_CMO login/button_Sign in' is clicked on

2018-05-22 11:06:56 - [MESSAGE][PASSED] - Object: 'Object Repository/DispensaryToStore/Page_CMO login/button_Sign in' is clicked on

2018-05-22 11:06:56 - [TEST_STEP][PASSED] - click: Object: 'Object Repository/DispensaryToStore/Page_KDMC - CMO/a_Department Wise Request' is clicked on

2018-05-22 11:06:58 - [MESSAGE][PASSED] - Object: 'Object Repository/DispensaryToStore/Page_KDMC - CMO/a_Department Wise Request' is clicked on

2018-05-22 11:06:58 - [TEST_STEP][PASSED] - delay: Delayed 2 second(s)

2018-05-22 11:07:00 - [MESSAGE][PASSED] - Delayed 2 second(s)

2018-05-22 11:07:00 - [TEST_STEP][PASSED] - selectOptionByIndex: All options with index in [6] are selected on object 'Object Repository/DispensaryToStore/Page_KDMC - CMO/select_--ALL--'

2018-05-22 11:07:00 - [MESSAGE][PASSED] - All options with index in [6] are selected on object 'Object Repository/DispensaryToStore/Page_KDMC - CMO/select_--ALL--'

2018-05-22 11:07:00 - [TEST_STEP][PASSED] - click: Object: 'Object Repository/DispensaryToStore/Page_KDMC - CMO/input_btnsearch' is clicked on

2018-05-22 11:07:01 - [MESSAGE][PASSED] - Object: 'Object Repository/DispensaryToStore/Page_KDMC - CMO/input_btnsearch' is clicked on

2018-05-22 11:07:01 - [TEST_STEP][PASSED] - selectOptionByIndex: All options with index in [1] are selected on object 'Object Repository/DispensaryToStore/Page_KDMC - CMO/select_--ALL--                _1'

2018-05-22 11:07:01 - [MESSAGE][PASSED] - All options with index in [1] are selected on object 'Object Repository/DispensaryToStore/Page_KDMC - CMO/select_--ALL--                _1'

2018-05-22 11:07:01 - [TEST_STEP][PASSED] - click: Object: 'Object Repository/DispensaryToStore/Page_KDMC - CMO/input_btnsearch' is clicked on

2018-05-22 11:07:01 - [MESSAGE][PASSED] - Object: 'Object Repository/DispensaryToStore/Page_KDMC - CMO/input_btnsearch' is clicked on

2018-05-22 11:07:01 - [TEST_STEP][PASSED] - Statement - ID = com.kms.katalon.core.webui.keyword.WebUiBuiltInKeywords.modifyObjectProperty(com.kms.katalon.core.testobject.ObjectRepository.findTestObject(lab/Page_KDMC - CMO/input_1), "xpath", "equals", "//*[@id=" + RID + "]", true): Modify property of object successfully

2018-05-22 11:07:01 - [MESSAGE][PASSED] - Modify property of object successfully

2018-05-22 11:07:01 - [TEST_STEP][PASSED] - click: Object: 'Object Repository/lab/Page_KDMC - CMO/input_1' is clicked on

2018-05-22 11:07:01 - [MESSAGE][PASSED] - Object: 'Object Repository/lab/Page_KDMC - CMO/input_1' is clicked on

2018-05-22 11:07:01 - [TEST_STEP][PASSED] - delay: Delayed 2 second(s)

2018-05-22 11:07:03 - [MESSAGE][PASSED] - Delayed 2 second(s)

2018-05-22 11:07:03 - [TEST_STEP][PASSED] - selectOptionByIndex: All options with index in [1] are selected on object 'Object Repository/DispensaryToStore/Page_KDMC - CMO/select_--Select--'

2018-05-22 11:07:03 - [MESSAGE][PASSED] - All options with index in [1] are selected on object 'Object Repository/DispensaryToStore/Page_KDMC - CMO/select_--Select--'

2018-05-22 11:07:03 - [TEST_STEP][PASSED] - click: Object: 'Object Repository/DispensaryToStore/Page_KDMC - CMO/input_btnupdate' is clicked on

2018-05-22 11:07:04 - [MESSAGE][PASSED] - Object: 'Object Repository/DispensaryToStore/Page_KDMC - CMO/input_btnupdate' is clicked on

2018-05-22 11:07:04 - [TEST_STEP][PASSED] - delay: Delayed 2 second(s)

2018-05-22 11:07:06 - [MESSAGE][PASSED] - Delayed 2 second(s)

2018-05-22 11:07:06 - [TEST_STEP][PASSED] - click: Object: 'Object Repository/DispensaryToStore/Page_KDMC - CMO/button_OK' is clicked on

2018-05-22 11:07:11 - [MESSAGE][PASSED] - Object: 'Object Repository/DispensaryToStore/Page_KDMC - CMO/button_OK' is clicked on

2018-05-22 11:07:11 - [TEST_STEP][PASSED] - delay: Delayed 2 second(s)

2018-05-22 11:07:13 - [MESSAGE][PASSED] - Delayed 2 second(s)

2018-05-22 11:07:13 - [TEST_STEP][PASSED] - waitForElementPresent: Object 'Object Repository/DispensaryToStore/Page_Dispensary Store/a_dropdown-toggle' is not present after 20 second(s)

2018-05-22 11:07:34 - [MESSAGE][WARNING] - Object 'Object Repository/DispensaryToStore/Page_Dispensary Store/a_dropdown-toggle' is not present after 20 second(s)

2018-05-22 11:07:34 - [TEST_STEP][FAILED] - click: Unable to click on object 'Object Repository/DispensaryToStore/Page_KDMC - CMO/a_dropdown-toggle' (Root cause: com.kms.katalon.core.webui.exception.WebElementNotFoundException: Web element with id: 'Object Repository/DispensaryToStore/Page_KDMC - CMO/a_dropdown-toggle' located by 'By.xpath: /html[1]/body[@class="skin-blue  pace-done"]/header[@class="header"]/div[@class="row"]/div[@class="col-md-12"]/nav[@class="navbar navbar-static-top"]/div[@class="navbar-right"]/ul[@class="nav navbar-nav"]/li[@class="dropdown user user-menu"]/a[@class="dropdown-toggle"][count(. | //*[@class = 'dropdown-toggle' and @data-toggle = 'dropdown']) = count(//*[@class = 'dropdown-toggle' and @data-toggle = 'dropdown'])]' not found)

2018-05-22 11:08:06 - [MESSAGE][FAILED] - Unable to click on object 'Object Repository/DispensaryToStore/Page_KDMC - CMO/a_dropdown-toggle' (Root cause: com.kms.katalon.core.webui.exception.WebElementNotFoundException: Web element with id: 'Object Repository/DispensaryToStore/Page_KDMC - CMO/a_dropdown-toggle' located by 'By.xpath: /html[1]/body[@class="skin-blue  pace-done"]/header[@class="header"]/div[@class="row"]/div[@class="col-md-12"]/nav[@class="navbar navbar-static-top"]/div[@class="navbar-right"]/ul[@class="nav navbar-nav"]/li[@class="dropdown user user-menu"]/a[@class="dropdown-toggle"][count(. | //*[@class = 'dropdown-toggle' and @data-toggle = 'dropdown']) = count(//*[@class = 'dropdown-toggle' and @data-toggle = 'dropdown'])]' not found)
[[ATTACHMENT|C:\\Users\\Quality Analyst\\Katalon Studio\\ds\\Reports\\Dispensary_Store_Suite\\20180522_104904\\1526967485823.png]]]]></system-out>
         <system-err><![CDATA[2018-05-22 11:06:20 - [TEST_CASE][FAILED] - Test Cases/DISPENSARY TEST CASES/TC_DP_006 Verify Schedule 6 Dispensary Request Are Working Successfully Or Not: Test Cases/DISPENSARY TEST CASES/TC_DP_006 Verify Schedule 6 Dispensary Request Are Working Successfully Or Not FAILED because (of) Unable to click on object 'Object Repository/DispensaryToStore/Page_KDMC - CMO/a_dropdown-toggle' (Root cause: com.kms.katalon.core.webui.exception.WebElementNotFoundException: Web element with id: 'Object Repository/DispensaryToStore/Page_KDMC - CMO/a_dropdown-toggle' located by 'By.xpath: /html[1]/body[@class="skin-blue  pace-done"]/header[@class="header"]/div[@class="row"]/div[@class="col-md-12"]/nav[@class="navbar navbar-static-top"]/div[@class="navbar-right"]/ul[@class="nav navbar-nav"]/li[@class="dropdown user user-menu"]/a[@class="dropdown-toggle"][count(. | //*[@class = 'dropdown-toggle' and @data-toggle = 'dropdown']) = count(//*[@class = 'dropdown-toggle' and @data-toggle = 'dropdown'])]' not found)]]></system-err>
      </testcase>
      <testcase name="Test Cases/DISPENSARY TEST CASES/TC_DP_007 Verify Schedule 7 Dispensary Request Are Working Successfully Or Not" classname="Test Cases/DISPENSARY TEST CASES/TC_DP_007 Verify Schedule 7 Dispensary Request Are Working Successfully Or Not" status="FAILED">
         <failure type="FAILED" message="Unable to click on object 'Object Repository/DispensaryToStore/Page_Dispensary Store/a_Request to Store' (Root cause: com.kms.katalon.core.webui.exception.WebElementNotFoundException: Web element with id: 'Object Repository/DispensaryToStore/Page_Dispensary Store/a_Request to Store' located by 'By.xpath: @id(&quot;connector&quot;)/div[3]/aside[1]/section/ul/li[5]/a[count(. | //*[(text() = '
                                Request to Store
                            ' or . = '
                                Request to Store
                            ')]) = count(//*[(text() = '
                                Request to Store
                            ' or . = '
                                Request to Store
                            ')])]' not found)"/>
         <system-out><![CDATA[2018-05-22 11:08:06 - [TEST_CASE][FAILED] - Test Cases/DISPENSARY TEST CASES/TC_DP_007 Verify Schedule 7 Dispensary Request Are Working Successfully Or Not: Test Cases/DISPENSARY TEST CASES/TC_DP_007 Verify Schedule 7 Dispensary Request Are Working Successfully Or Not FAILED because (of) Unable to click on object 'Object Repository/DispensaryToStore/Page_Dispensary Store/a_Request to Store' (Root cause: com.kms.katalon.core.webui.exception.WebElementNotFoundException: Web element with id: 'Object Repository/DispensaryToStore/Page_Dispensary Store/a_Request to Store' located by 'By.xpath: @id("connector")/div[3]/aside[1]/section/ul/li[5]/a[count(. | //*[(text() = '
                                Request to Store
                            ' or . = '
                                Request to Store
                            ')]) = count(//*[(text() = '
                                Request to Store
                            ' or . = '
                                Request to Store
                            ')])]' not found)

2018-05-22 11:08:06 - [TEST_STEP][PASSED] - openBrowser: Browser is opened with url: ''

2018-05-22 11:08:06 - [MESSAGE][WARNING] - A browser is already opened. Closing browser and opening a new one

2018-05-22 11:08:08 - [MESSAGE][PASSED] - Browser is opened with url: ''

2018-05-22 11:08:08 - [TEST_STEP][PASSED] - navigateToUrl: Navigate to 'http://192.168.137.1/multihospital_new/HDSplashscreen.aspx' successfully

2018-05-22 11:08:11 - [MESSAGE][PASSED] - Navigate to 'http://192.168.137.1/multihospital_new/HDSplashscreen.aspx' successfully

2018-05-22 11:08:11 - [TEST_STEP][PASSED] - maximizeWindow: Current window maximized

2018-05-22 11:08:12 - [MESSAGE][PASSED] - Current window maximized

2018-05-22 11:08:12 - [TEST_STEP][PASSED] - click: Object: 'Object Repository/DispensaryToStore/Page_KDMC/a_Dispensary Store' is clicked on

2018-05-22 11:08:13 - [MESSAGE][PASSED] - Object: 'Object Repository/DispensaryToStore/Page_KDMC/a_Dispensary Store' is clicked on

2018-05-22 11:08:13 - [TEST_STEP][PASSED] - setText: Text 'rajaram' is set on object 'Object Repository/DispensaryToStore/Page_Dispensary Store Login/input_txtusername'

2018-05-22 11:08:13 - [MESSAGE][PASSED] - Text 'rajaram' is set on object 'Object Repository/DispensaryToStore/Page_Dispensary Store Login/input_txtusername'

2018-05-22 11:08:13 - [TEST_STEP][PASSED] - setText: Text '123' is set on object 'Object Repository/DispensaryToStore/Page_Dispensary Store Login/input_txtpassword'

2018-05-22 11:08:13 - [MESSAGE][PASSED] - Text '123' is set on object 'Object Repository/DispensaryToStore/Page_Dispensary Store Login/input_txtpassword'

2018-05-22 11:08:13 - [TEST_STEP][PASSED] - delay: Delayed 3 second(s)

2018-05-22 11:08:16 - [MESSAGE][PASSED] - Delayed 3 second(s)

2018-05-22 11:08:16 - [TEST_STEP][PASSED] - sendKeys: Keys 'ENTER + ' sent to object: 'Object Repository/DispensaryToStore/Page_Dispensary Store Login/input_txtpassword'

2018-05-22 11:08:16 - [MESSAGE][PASSED] - Keys 'ENTER + ' sent to object: 'Object Repository/DispensaryToStore/Page_Dispensary Store Login/input_txtpassword'

2018-05-22 11:08:16 - [TEST_STEP][PASSED] - delay: Delayed 3 second(s)

2018-05-22 11:08:19 - [MESSAGE][PASSED] - Delayed 3 second(s)

2018-05-22 11:08:19 - [TEST_STEP][FAILED] - click: Unable to click on object 'Object Repository/DispensaryToStore/Page_Dispensary Store/a_Request to Store' (Root cause: com.kms.katalon.core.webui.exception.WebElementNotFoundException: Web element with id: 'Object Repository/DispensaryToStore/Page_Dispensary Store/a_Request to Store' located by 'By.xpath: @id("connector")/div[3]/aside[1]/section/ul/li[5]/a[count(. | //*[(text() = '
                                Request to Store
                            ' or . = '
                                Request to Store
                            ')]) = count(//*[(text() = '
                                Request to Store
                            ' or . = '
                                Request to Store
                            ')])]' not found)

2018-05-22 11:08:51 - [MESSAGE][FAILED] - Unable to click on object 'Object Repository/DispensaryToStore/Page_Dispensary Store/a_Request to Store' (Root cause: com.kms.katalon.core.webui.exception.WebElementNotFoundException: Web element with id: 'Object Repository/DispensaryToStore/Page_Dispensary Store/a_Request to Store' located by 'By.xpath: @id("connector")/div[3]/aside[1]/section/ul/li[5]/a[count(. | //*[(text() = '
                                Request to Store
                            ' or . = '
                                Request to Store
                            ')]) = count(//*[(text() = '
                                Request to Store
                            ' or . = '
                                Request to Store
                            ')])]' not found)
[[ATTACHMENT|C:\\Users\\Quality Analyst\\Katalon Studio\\ds\\Reports\\Dispensary_Store_Suite\\20180522_104904\\1526967531337.png]]]]></system-out>
         <system-err><![CDATA[2018-05-22 11:08:06 - [TEST_CASE][FAILED] - Test Cases/DISPENSARY TEST CASES/TC_DP_007 Verify Schedule 7 Dispensary Request Are Working Successfully Or Not: Test Cases/DISPENSARY TEST CASES/TC_DP_007 Verify Schedule 7 Dispensary Request Are Working Successfully Or Not FAILED because (of) Unable to click on object 'Object Repository/DispensaryToStore/Page_Dispensary Store/a_Request to Store' (Root cause: com.kms.katalon.core.webui.exception.WebElementNotFoundException: Web element with id: 'Object Repository/DispensaryToStore/Page_Dispensary Store/a_Request to Store' located by 'By.xpath: @id("connector")/div[3]/aside[1]/section/ul/li[5]/a[count(. | //*[(text() = '
                                Request to Store
                            ' or . = '
                                Request to Store
                            ')]) = count(//*[(text() = '
                                Request to Store
                            ' or . = '
                                Request to Store
                            ')])]' not found)]]></system-err>
      </testcase>
      <testcase name="Test Cases/DISPENSARY TEST CASES/TC_DP_008 Verify Schedule 8 Dispensary Request Are Working Successfully Or Not" classname="Test Cases/DISPENSARY TEST CASES/TC_DP_008 Verify Schedule 8 Dispensary Request Are Working Successfully Or Not" status="FAILED">
         <failure type="FAILED" message="Unable to click on object 'Object Repository/DispensaryToStore/Page_Dispensary Store/a_Request to Store' (Root cause: com.kms.katalon.core.webui.exception.WebElementNotFoundException: Web element with id: 'Object Repository/DispensaryToStore/Page_Dispensary Store/a_Request to Store' located by 'By.xpath: @id(&quot;connector&quot;)/div[3]/aside[1]/section/ul/li[5]/a[count(. | //*[(text() = '
                                Request to Store
                            ' or . = '
                                Request to Store
                            ')]) = count(//*[(text() = '
                                Request to Store
                            ' or . = '
                                Request to Store
                            ')])]' not found)"/>
         <system-out><![CDATA[2018-05-22 11:08:51 - [TEST_CASE][FAILED] - Test Cases/DISPENSARY TEST CASES/TC_DP_008 Verify Schedule 8 Dispensary Request Are Working Successfully Or Not: Test Cases/DISPENSARY TEST CASES/TC_DP_008 Verify Schedule 8 Dispensary Request Are Working Successfully Or Not FAILED because (of) Unable to click on object 'Object Repository/DispensaryToStore/Page_Dispensary Store/a_Request to Store' (Root cause: com.kms.katalon.core.webui.exception.WebElementNotFoundException: Web element with id: 'Object Repository/DispensaryToStore/Page_Dispensary Store/a_Request to Store' located by 'By.xpath: @id("connector")/div[3]/aside[1]/section/ul/li[5]/a[count(. | //*[(text() = '
                                Request to Store
                            ' or . = '
                                Request to Store
                            ')]) = count(//*[(text() = '
                                Request to Store
                            ' or . = '
                                Request to Store
                            ')])]' not found)

2018-05-22 11:08:51 - [TEST_STEP][PASSED] - openBrowser: Browser is opened with url: ''

2018-05-22 11:08:51 - [MESSAGE][WARNING] - A browser is already opened. Closing browser and opening a new one

2018-05-22 11:08:54 - [MESSAGE][PASSED] - Browser is opened with url: ''

2018-05-22 11:08:54 - [TEST_STEP][PASSED] - navigateToUrl: Navigate to 'http://192.168.137.1/multihospital_new/HDSplashscreen.aspx' successfully

2018-05-22 11:08:56 - [MESSAGE][PASSED] - Navigate to 'http://192.168.137.1/multihospital_new/HDSplashscreen.aspx' successfully

2018-05-22 11:08:56 - [TEST_STEP][PASSED] - maximizeWindow: Current window maximized

2018-05-22 11:08:57 - [MESSAGE][PASSED] - Current window maximized

2018-05-22 11:08:57 - [TEST_STEP][PASSED] - click: Object: 'Object Repository/DispensaryToStore/Page_KDMC/a_Dispensary Store' is clicked on

2018-05-22 11:08:58 - [MESSAGE][PASSED] - Object: 'Object Repository/DispensaryToStore/Page_KDMC/a_Dispensary Store' is clicked on

2018-05-22 11:08:58 - [TEST_STEP][PASSED] - setText: Text 'rajaram' is set on object 'Object Repository/DispensaryToStore/Page_Dispensary Store Login/input_txtusername'

2018-05-22 11:08:58 - [MESSAGE][PASSED] - Text 'rajaram' is set on object 'Object Repository/DispensaryToStore/Page_Dispensary Store Login/input_txtusername'

2018-05-22 11:08:58 - [TEST_STEP][PASSED] - setText: Text '123' is set on object 'Object Repository/DispensaryToStore/Page_Dispensary Store Login/input_txtpassword'

2018-05-22 11:08:58 - [MESSAGE][PASSED] - Text '123' is set on object 'Object Repository/DispensaryToStore/Page_Dispensary Store Login/input_txtpassword'

2018-05-22 11:08:58 - [TEST_STEP][PASSED] - delay: Delayed 3 second(s)

2018-05-22 11:09:01 - [MESSAGE][PASSED] - Delayed 3 second(s)

2018-05-22 11:09:01 - [TEST_STEP][PASSED] - sendKeys: Keys 'ENTER + ' sent to object: 'Object Repository/DispensaryToStore/Page_Dispensary Store Login/input_txtpassword'

2018-05-22 11:09:01 - [MESSAGE][PASSED] - Keys 'ENTER + ' sent to object: 'Object Repository/DispensaryToStore/Page_Dispensary Store Login/input_txtpassword'

2018-05-22 11:09:01 - [TEST_STEP][PASSED] - delay: Delayed 3 second(s)

2018-05-22 11:09:04 - [MESSAGE][PASSED] - Delayed 3 second(s)

2018-05-22 11:09:04 - [TEST_STEP][FAILED] - click: Unable to click on object 'Object Repository/DispensaryToStore/Page_Dispensary Store/a_Request to Store' (Root cause: com.kms.katalon.core.webui.exception.WebElementNotFoundException: Web element with id: 'Object Repository/DispensaryToStore/Page_Dispensary Store/a_Request to Store' located by 'By.xpath: @id("connector")/div[3]/aside[1]/section/ul/li[5]/a[count(. | //*[(text() = '
                                Request to Store
                            ' or . = '
                                Request to Store
                            ')]) = count(//*[(text() = '
                                Request to Store
                            ' or . = '
                                Request to Store
                            ')])]' not found)

2018-05-22 11:09:36 - [MESSAGE][FAILED] - Unable to click on object 'Object Repository/DispensaryToStore/Page_Dispensary Store/a_Request to Store' (Root cause: com.kms.katalon.core.webui.exception.WebElementNotFoundException: Web element with id: 'Object Repository/DispensaryToStore/Page_Dispensary Store/a_Request to Store' located by 'By.xpath: @id("connector")/div[3]/aside[1]/section/ul/li[5]/a[count(. | //*[(text() = '
                                Request to Store
                            ' or . = '
                                Request to Store
                            ')]) = count(//*[(text() = '
                                Request to Store
                            ' or . = '
                                Request to Store
                            ')])]' not found)
[[ATTACHMENT|C:\\Users\\Quality Analyst\\Katalon Studio\\ds\\Reports\\Dispensary_Store_Suite\\20180522_104904\\1526967576356.png]]]]></system-out>
         <system-err><![CDATA[2018-05-22 11:08:51 - [TEST_CASE][FAILED] - Test Cases/DISPENSARY TEST CASES/TC_DP_008 Verify Schedule 8 Dispensary Request Are Working Successfully Or Not: Test Cases/DISPENSARY TEST CASES/TC_DP_008 Verify Schedule 8 Dispensary Request Are Working Successfully Or Not FAILED because (of) Unable to click on object 'Object Repository/DispensaryToStore/Page_Dispensary Store/a_Request to Store' (Root cause: com.kms.katalon.core.webui.exception.WebElementNotFoundException: Web element with id: 'Object Repository/DispensaryToStore/Page_Dispensary Store/a_Request to Store' located by 'By.xpath: @id("connector")/div[3]/aside[1]/section/ul/li[5]/a[count(. | //*[(text() = '
                                Request to Store
                            ' or . = '
                                Request to Store
                            ')]) = count(//*[(text() = '
                                Request to Store
                            ' or . = '
                                Request to Store
                            ')])]' not found)]]></system-err>
      </testcase>
      <testcase name="Test Cases/DISPENSARY TEST CASES/TC_DP_009 Verify Schedule 9 Dispensary Request Are Working Successfully Or Not" classname="Test Cases/DISPENSARY TEST CASES/TC_DP_009 Verify Schedule 9 Dispensary Request Are Working Successfully Or Not" status="FAILED">
         <failure type="FAILED" message="Unable to click on object 'Object Repository/DispensaryToStore/Page_Dispensary Store/a_Request to Store' (Root cause: com.kms.katalon.core.webui.exception.WebElementNotFoundException: Web element with id: 'Object Repository/DispensaryToStore/Page_Dispensary Store/a_Request to Store' located by 'By.xpath: @id(&quot;connector&quot;)/div[3]/aside[1]/section/ul/li[5]/a[count(. | //*[(text() = '
                                Request to Store
                            ' or . = '
                                Request to Store
                            ')]) = count(//*[(text() = '
                                Request to Store
                            ' or . = '
                                Request to Store
                            ')])]' not found)"/>
         <system-out><![CDATA[2018-05-22 11:09:36 - [TEST_CASE][FAILED] - Test Cases/DISPENSARY TEST CASES/TC_DP_009 Verify Schedule 9 Dispensary Request Are Working Successfully Or Not: Test Cases/DISPENSARY TEST CASES/TC_DP_009 Verify Schedule 9 Dispensary Request Are Working Successfully Or Not FAILED because (of) Unable to click on object 'Object Repository/DispensaryToStore/Page_Dispensary Store/a_Request to Store' (Root cause: com.kms.katalon.core.webui.exception.WebElementNotFoundException: Web element with id: 'Object Repository/DispensaryToStore/Page_Dispensary Store/a_Request to Store' located by 'By.xpath: @id("connector")/div[3]/aside[1]/section/ul/li[5]/a[count(. | //*[(text() = '
                                Request to Store
                            ' or . = '
                                Request to Store
                            ')]) = count(//*[(text() = '
                                Request to Store
                            ' or . = '
                                Request to Store
                            ')])]' not found)

2018-05-22 11:09:36 - [TEST_STEP][PASSED] - openBrowser: Browser is opened with url: ''

2018-05-22 11:09:36 - [MESSAGE][WARNING] - A browser is already opened. Closing browser and opening a new one

2018-05-22 11:09:39 - [MESSAGE][PASSED] - Browser is opened with url: ''

2018-05-22 11:09:39 - [TEST_STEP][PASSED] - navigateToUrl: Navigate to 'http://192.168.137.1/multihospital_new/HDSplashscreen.aspx' successfully

2018-05-22 11:09:41 - [MESSAGE][PASSED] - Navigate to 'http://192.168.137.1/multihospital_new/HDSplashscreen.aspx' successfully

2018-05-22 11:09:41 - [TEST_STEP][PASSED] - maximizeWindow: Current window maximized

2018-05-22 11:09:42 - [MESSAGE][PASSED] - Current window maximized

2018-05-22 11:09:42 - [TEST_STEP][PASSED] - click: Object: 'Object Repository/DispensaryToStore/Page_KDMC/a_Dispensary Store' is clicked on

2018-05-22 11:09:43 - [MESSAGE][PASSED] - Object: 'Object Repository/DispensaryToStore/Page_KDMC/a_Dispensary Store' is clicked on

2018-05-22 11:09:43 - [TEST_STEP][PASSED] - setText: Text 'rajaram' is set on object 'Object Repository/DispensaryToStore/Page_Dispensary Store Login/input_txtusername'

2018-05-22 11:09:43 - [MESSAGE][PASSED] - Text 'rajaram' is set on object 'Object Repository/DispensaryToStore/Page_Dispensary Store Login/input_txtusername'

2018-05-22 11:09:43 - [TEST_STEP][PASSED] - setText: Text '123' is set on object 'Object Repository/DispensaryToStore/Page_Dispensary Store Login/input_txtpassword'

2018-05-22 11:09:43 - [MESSAGE][PASSED] - Text '123' is set on object 'Object Repository/DispensaryToStore/Page_Dispensary Store Login/input_txtpassword'

2018-05-22 11:09:43 - [TEST_STEP][PASSED] - delay: Delayed 3 second(s)

2018-05-22 11:09:46 - [MESSAGE][PASSED] - Delayed 3 second(s)

2018-05-22 11:09:46 - [TEST_STEP][PASSED] - sendKeys: Keys 'ENTER + ' sent to object: 'Object Repository/DispensaryToStore/Page_Dispensary Store Login/input_txtpassword'

2018-05-22 11:09:47 - [MESSAGE][PASSED] - Keys 'ENTER + ' sent to object: 'Object Repository/DispensaryToStore/Page_Dispensary Store Login/input_txtpassword'

2018-05-22 11:09:47 - [TEST_STEP][PASSED] - delay: Delayed 3 second(s)

2018-05-22 11:09:50 - [MESSAGE][PASSED] - Delayed 3 second(s)

2018-05-22 11:09:50 - [TEST_STEP][FAILED] - click: Unable to click on object 'Object Repository/DispensaryToStore/Page_Dispensary Store/a_Request to Store' (Root cause: com.kms.katalon.core.webui.exception.WebElementNotFoundException: Web element with id: 'Object Repository/DispensaryToStore/Page_Dispensary Store/a_Request to Store' located by 'By.xpath: @id("connector")/div[3]/aside[1]/section/ul/li[5]/a[count(. | //*[(text() = '
                                Request to Store
                            ' or . = '
                                Request to Store
                            ')]) = count(//*[(text() = '
                                Request to Store
                            ' or . = '
                                Request to Store
                            ')])]' not found)

2018-05-22 11:10:21 - [MESSAGE][FAILED] - Unable to click on object 'Object Repository/DispensaryToStore/Page_Dispensary Store/a_Request to Store' (Root cause: com.kms.katalon.core.webui.exception.WebElementNotFoundException: Web element with id: 'Object Repository/DispensaryToStore/Page_Dispensary Store/a_Request to Store' located by 'By.xpath: @id("connector")/div[3]/aside[1]/section/ul/li[5]/a[count(. | //*[(text() = '
                                Request to Store
                            ' or . = '
                                Request to Store
                            ')]) = count(//*[(text() = '
                                Request to Store
                            ' or . = '
                                Request to Store
                            ')])]' not found)
[[ATTACHMENT|C:\\Users\\Quality Analyst\\Katalon Studio\\ds\\Reports\\Dispensary_Store_Suite\\20180522_104904\\1526967621609.png]]]]></system-out>
         <system-err><![CDATA[2018-05-22 11:09:36 - [TEST_CASE][FAILED] - Test Cases/DISPENSARY TEST CASES/TC_DP_009 Verify Schedule 9 Dispensary Request Are Working Successfully Or Not: Test Cases/DISPENSARY TEST CASES/TC_DP_009 Verify Schedule 9 Dispensary Request Are Working Successfully Or Not FAILED because (of) Unable to click on object 'Object Repository/DispensaryToStore/Page_Dispensary Store/a_Request to Store' (Root cause: com.kms.katalon.core.webui.exception.WebElementNotFoundException: Web element with id: 'Object Repository/DispensaryToStore/Page_Dispensary Store/a_Request to Store' located by 'By.xpath: @id("connector")/div[3]/aside[1]/section/ul/li[5]/a[count(. | //*[(text() = '
                                Request to Store
                            ' or . = '
                                Request to Store
                            ')]) = count(//*[(text() = '
                                Request to Store
                            ' or . = '
                                Request to Store
                            ')])]' not found)]]></system-err>
      </testcase>
      <testcase name="Test Cases/DISPENSARY TEST CASES/TC_DP_010 Verify Schedule 10 Dispensary Request Are Working Successfully Or Not" classname="Test Cases/DISPENSARY TEST CASES/TC_DP_010 Verify Schedule 10 Dispensary Request Are Working Successfully Or Not" status="FAILED">
         <failure type="FAILED" message="Unable to click on object 'Object Repository/DispensaryToStore/Page_Dispensary Store/a_Request to Store' (Root cause: com.kms.katalon.core.webui.exception.WebElementNotFoundException: Web element with id: 'Object Repository/DispensaryToStore/Page_Dispensary Store/a_Request to Store' located by 'By.xpath: @id(&quot;connector&quot;)/div[3]/aside[1]/section/ul/li[5]/a[count(. | //*[(text() = '
                                Request to Store
                            ' or . = '
                                Request to Store
                            ')]) = count(//*[(text() = '
                                Request to Store
                            ' or . = '
                                Request to Store
                            ')])]' not found)"/>
         <system-out><![CDATA[2018-05-22 11:10:21 - [TEST_CASE][FAILED] - Test Cases/DISPENSARY TEST CASES/TC_DP_010 Verify Schedule 10 Dispensary Request Are Working Successfully Or Not: Test Cases/DISPENSARY TEST CASES/TC_DP_010 Verify Schedule 10 Dispensary Request Are Working Successfully Or Not FAILED because (of) Unable to click on object 'Object Repository/DispensaryToStore/Page_Dispensary Store/a_Request to Store' (Root cause: com.kms.katalon.core.webui.exception.WebElementNotFoundException: Web element with id: 'Object Repository/DispensaryToStore/Page_Dispensary Store/a_Request to Store' located by 'By.xpath: @id("connector")/div[3]/aside[1]/section/ul/li[5]/a[count(. | //*[(text() = '
                                Request to Store
                            ' or . = '
                                Request to Store
                            ')]) = count(//*[(text() = '
                                Request to Store
                            ' or . = '
                                Request to Store
                            ')])]' not found)

2018-05-22 11:10:22 - [TEST_STEP][PASSED] - openBrowser: Browser is opened with url: ''

2018-05-22 11:10:22 - [MESSAGE][WARNING] - A browser is already opened. Closing browser and opening a new one

2018-05-22 11:10:24 - [MESSAGE][PASSED] - Browser is opened with url: ''

2018-05-22 11:10:24 - [TEST_STEP][PASSED] - navigateToUrl: Navigate to 'http://192.168.137.1/multihospital_new/HDSplashscreen.aspx' successfully

2018-05-22 11:10:26 - [MESSAGE][PASSED] - Navigate to 'http://192.168.137.1/multihospital_new/HDSplashscreen.aspx' successfully

2018-05-22 11:10:26 - [TEST_STEP][PASSED] - maximizeWindow: Current window maximized

2018-05-22 11:10:27 - [MESSAGE][PASSED] - Current window maximized

2018-05-22 11:10:27 - [TEST_STEP][PASSED] - click: Object: 'Object Repository/DispensaryToStore/Page_KDMC/a_Dispensary Store' is clicked on

2018-05-22 11:10:28 - [MESSAGE][PASSED] - Object: 'Object Repository/DispensaryToStore/Page_KDMC/a_Dispensary Store' is clicked on

2018-05-22 11:10:28 - [TEST_STEP][PASSED] - setText: Text 'rajaram' is set on object 'Object Repository/DispensaryToStore/Page_Dispensary Store Login/input_txtusername'

2018-05-22 11:10:28 - [MESSAGE][PASSED] - Text 'rajaram' is set on object 'Object Repository/DispensaryToStore/Page_Dispensary Store Login/input_txtusername'

2018-05-22 11:10:28 - [TEST_STEP][PASSED] - setText: Text '123' is set on object 'Object Repository/DispensaryToStore/Page_Dispensary Store Login/input_txtpassword'

2018-05-22 11:10:28 - [MESSAGE][PASSED] - Text '123' is set on object 'Object Repository/DispensaryToStore/Page_Dispensary Store Login/input_txtpassword'

2018-05-22 11:10:28 - [TEST_STEP][PASSED] - delay: Delayed 3 second(s)

2018-05-22 11:10:31 - [MESSAGE][PASSED] - Delayed 3 second(s)

2018-05-22 11:10:31 - [TEST_STEP][PASSED] - sendKeys: Keys 'ENTER + ' sent to object: 'Object Repository/DispensaryToStore/Page_Dispensary Store Login/input_txtpassword'

2018-05-22 11:10:32 - [MESSAGE][PASSED] - Keys 'ENTER + ' sent to object: 'Object Repository/DispensaryToStore/Page_Dispensary Store Login/input_txtpassword'

2018-05-22 11:10:32 - [TEST_STEP][PASSED] - delay: Delayed 3 second(s)

2018-05-22 11:10:35 - [MESSAGE][PASSED] - Delayed 3 second(s)

2018-05-22 11:10:35 - [TEST_STEP][FAILED] - click: Unable to click on object 'Object Repository/DispensaryToStore/Page_Dispensary Store/a_Request to Store' (Root cause: com.kms.katalon.core.webui.exception.WebElementNotFoundException: Web element with id: 'Object Repository/DispensaryToStore/Page_Dispensary Store/a_Request to Store' located by 'By.xpath: @id("connector")/div[3]/aside[1]/section/ul/li[5]/a[count(. | //*[(text() = '
                                Request to Store
                            ' or . = '
                                Request to Store
                            ')]) = count(//*[(text() = '
                                Request to Store
                            ' or . = '
                                Request to Store
                            ')])]' not found)

2018-05-22 11:11:07 - [MESSAGE][FAILED] - Unable to click on object 'Object Repository/DispensaryToStore/Page_Dispensary Store/a_Request to Store' (Root cause: com.kms.katalon.core.webui.exception.WebElementNotFoundException: Web element with id: 'Object Repository/DispensaryToStore/Page_Dispensary Store/a_Request to Store' located by 'By.xpath: @id("connector")/div[3]/aside[1]/section/ul/li[5]/a[count(. | //*[(text() = '
                                Request to Store
                            ' or . = '
                                Request to Store
                            ')]) = count(//*[(text() = '
                                Request to Store
                            ' or . = '
                                Request to Store
                            ')])]' not found)
[[ATTACHMENT|C:\\Users\\Quality Analyst\\Katalon Studio\\ds\\Reports\\Dispensary_Store_Suite\\20180522_104904\\1526967666637.png]]]]></system-out>
         <system-err><![CDATA[2018-05-22 11:10:21 - [TEST_CASE][FAILED] - Test Cases/DISPENSARY TEST CASES/TC_DP_010 Verify Schedule 10 Dispensary Request Are Working Successfully Or Not: Test Cases/DISPENSARY TEST CASES/TC_DP_010 Verify Schedule 10 Dispensary Request Are Working Successfully Or Not FAILED because (of) Unable to click on object 'Object Repository/DispensaryToStore/Page_Dispensary Store/a_Request to Store' (Root cause: com.kms.katalon.core.webui.exception.WebElementNotFoundException: Web element with id: 'Object Repository/DispensaryToStore/Page_Dispensary Store/a_Request to Store' located by 'By.xpath: @id("connector")/div[3]/aside[1]/section/ul/li[5]/a[count(. | //*[(text() = '
                                Request to Store
                            ' or . = '
                                Request to Store
                            ')]) = count(//*[(text() = '
                                Request to Store
                            ' or . = '
                                Request to Store
                            ')])]' not found)]]></system-err>
      </testcase>
      <testcase name="Test Cases/DISPENSARY TEST CASES/TC_DP_012 Verify Schedule 12 Dispensary Request Are Working Successfully Or Not" classname="Test Cases/DISPENSARY TEST CASES/TC_DP_012 Verify Schedule 12 Dispensary Request Are Working Successfully Or Not" status="FAILED">
         <failure type="FAILED" message="Unable to click on object 'Object Repository/DispensaryToStore/Page_Dispensary Store/a_Request to Store' (Root cause: com.kms.katalon.core.webui.exception.WebElementNotFoundException: Web element with id: 'Object Repository/DispensaryToStore/Page_Dispensary Store/a_Request to Store' located by 'By.xpath: @id(&quot;connector&quot;)/div[3]/aside[1]/section/ul/li[5]/a[count(. | //*[(text() = '
                                Request to Store
                            ' or . = '
                                Request to Store
                            ')]) = count(//*[(text() = '
                                Request to Store
                            ' or . = '
                                Request to Store
                            ')])]' not found)"/>
         <system-out><![CDATA[2018-05-22 11:11:07 - [TEST_CASE][FAILED] - Test Cases/DISPENSARY TEST CASES/TC_DP_012 Verify Schedule 12 Dispensary Request Are Working Successfully Or Not: Test Cases/DISPENSARY TEST CASES/TC_DP_012 Verify Schedule 12 Dispensary Request Are Working Successfully Or Not FAILED because (of) Unable to click on object 'Object Repository/DispensaryToStore/Page_Dispensary Store/a_Request to Store' (Root cause: com.kms.katalon.core.webui.exception.WebElementNotFoundException: Web element with id: 'Object Repository/DispensaryToStore/Page_Dispensary Store/a_Request to Store' located by 'By.xpath: @id("connector")/div[3]/aside[1]/section/ul/li[5]/a[count(. | //*[(text() = '
                                Request to Store
                            ' or . = '
                                Request to Store
                            ')]) = count(//*[(text() = '
                                Request to Store
                            ' or . = '
                                Request to Store
                            ')])]' not found)

2018-05-22 11:11:07 - [TEST_STEP][PASSED] - openBrowser: Browser is opened with url: ''

2018-05-22 11:11:07 - [MESSAGE][WARNING] - A browser is already opened. Closing browser and opening a new one

2018-05-22 11:11:09 - [MESSAGE][PASSED] - Browser is opened with url: ''

2018-05-22 11:11:09 - [TEST_STEP][PASSED] - navigateToUrl: Navigate to 'http://192.168.137.1/multihospital_new/HDSplashscreen.aspx' successfully

2018-05-22 11:11:11 - [MESSAGE][PASSED] - Navigate to 'http://192.168.137.1/multihospital_new/HDSplashscreen.aspx' successfully

2018-05-22 11:11:11 - [TEST_STEP][PASSED] - maximizeWindow: Current window maximized

2018-05-22 11:11:12 - [MESSAGE][PASSED] - Current window maximized

2018-05-22 11:11:12 - [TEST_STEP][PASSED] - click: Object: 'Object Repository/DispensaryToStore/Page_KDMC/a_Dispensary Store' is clicked on

2018-05-22 11:11:13 - [MESSAGE][PASSED] - Object: 'Object Repository/DispensaryToStore/Page_KDMC/a_Dispensary Store' is clicked on

2018-05-22 11:11:13 - [TEST_STEP][PASSED] - setText: Text 'rajaram' is set on object 'Object Repository/DispensaryToStore/Page_Dispensary Store Login/input_txtusername'

2018-05-22 11:11:13 - [MESSAGE][PASSED] - Text 'rajaram' is set on object 'Object Repository/DispensaryToStore/Page_Dispensary Store Login/input_txtusername'

2018-05-22 11:11:13 - [TEST_STEP][PASSED] - setText: Text '123' is set on object 'Object Repository/DispensaryToStore/Page_Dispensary Store Login/input_txtpassword'

2018-05-22 11:11:13 - [MESSAGE][PASSED] - Text '123' is set on object 'Object Repository/DispensaryToStore/Page_Dispensary Store Login/input_txtpassword'

2018-05-22 11:11:13 - [TEST_STEP][PASSED] - delay: Delayed 3 second(s)

2018-05-22 11:11:16 - [MESSAGE][PASSED] - Delayed 3 second(s)

2018-05-22 11:11:16 - [TEST_STEP][PASSED] - sendKeys: Keys 'ENTER + ' sent to object: 'Object Repository/DispensaryToStore/Page_Dispensary Store Login/input_txtpassword'

2018-05-22 11:11:17 - [MESSAGE][PASSED] - Keys 'ENTER + ' sent to object: 'Object Repository/DispensaryToStore/Page_Dispensary Store Login/input_txtpassword'

2018-05-22 11:11:17 - [TEST_STEP][PASSED] - delay: Delayed 3 second(s)

2018-05-22 11:11:20 - [MESSAGE][PASSED] - Delayed 3 second(s)

2018-05-22 11:11:20 - [TEST_STEP][FAILED] - click: Unable to click on object 'Object Repository/DispensaryToStore/Page_Dispensary Store/a_Request to Store' (Root cause: com.kms.katalon.core.webui.exception.WebElementNotFoundException: Web element with id: 'Object Repository/DispensaryToStore/Page_Dispensary Store/a_Request to Store' located by 'By.xpath: @id("connector")/div[3]/aside[1]/section/ul/li[5]/a[count(. | //*[(text() = '
                                Request to Store
                            ' or . = '
                                Request to Store
                            ')]) = count(//*[(text() = '
                                Request to Store
                            ' or . = '
                                Request to Store
                            ')])]' not found)

2018-05-22 11:11:52 - [MESSAGE][FAILED] - Unable to click on object 'Object Repository/DispensaryToStore/Page_Dispensary Store/a_Request to Store' (Root cause: com.kms.katalon.core.webui.exception.WebElementNotFoundException: Web element with id: 'Object Repository/DispensaryToStore/Page_Dispensary Store/a_Request to Store' located by 'By.xpath: @id("connector")/div[3]/aside[1]/section/ul/li[5]/a[count(. | //*[(text() = '
                                Request to Store
                            ' or . = '
                                Request to Store
                            ')]) = count(//*[(text() = '
                                Request to Store
                            ' or . = '
                                Request to Store
                            ')])]' not found)
[[ATTACHMENT|C:\\Users\\Quality Analyst\\Katalon Studio\\ds\\Reports\\Dispensary_Store_Suite\\20180522_104904\\1526967711942.png]]]]></system-out>
         <system-err><![CDATA[2018-05-22 11:11:07 - [TEST_CASE][FAILED] - Test Cases/DISPENSARY TEST CASES/TC_DP_012 Verify Schedule 12 Dispensary Request Are Working Successfully Or Not: Test Cases/DISPENSARY TEST CASES/TC_DP_012 Verify Schedule 12 Dispensary Request Are Working Successfully Or Not FAILED because (of) Unable to click on object 'Object Repository/DispensaryToStore/Page_Dispensary Store/a_Request to Store' (Root cause: com.kms.katalon.core.webui.exception.WebElementNotFoundException: Web element with id: 'Object Repository/DispensaryToStore/Page_Dispensary Store/a_Request to Store' located by 'By.xpath: @id("connector")/div[3]/aside[1]/section/ul/li[5]/a[count(. | //*[(text() = '
                                Request to Store
                            ' or . = '
                                Request to Store
                            ')]) = count(//*[(text() = '
                                Request to Store
                            ' or . = '
                                Request to Store
                            ')])]' not found)]]></system-err>
      </testcase>
      <testcase name="Test Cases/DISPENSARY TEST CASES/TC_DP_011 Verify Schedule 11 Dispensary Request Are Working Successfully Or Not" classname="Test Cases/DISPENSARY TEST CASES/TC_DP_011 Verify Schedule 11 Dispensary Request Are Working Successfully Or Not" status="FAILED">
         <failure type="FAILED" message="Unable to click on object 'Object Repository/DispensaryToStore/Page_Dispensary Store/a_Request to Store' (Root cause: com.kms.katalon.core.webui.exception.WebElementNotFoundException: Web element with id: 'Object Repository/DispensaryToStore/Page_Dispensary Store/a_Request to Store' located by 'By.xpath: @id(&quot;connector&quot;)/div[3]/aside[1]/section/ul/li[5]/a[count(. | //*[(text() = '
                                Request to Store
                            ' or . = '
                                Request to Store
                            ')]) = count(//*[(text() = '
                                Request to Store
                            ' or . = '
                                Request to Store
                            ')])]' not found)"/>
         <system-out><![CDATA[2018-05-22 11:11:52 - [TEST_CASE][FAILED] - Test Cases/DISPENSARY TEST CASES/TC_DP_011 Verify Schedule 11 Dispensary Request Are Working Successfully Or Not: Test Cases/DISPENSARY TEST CASES/TC_DP_011 Verify Schedule 11 Dispensary Request Are Working Successfully Or Not FAILED because (of) Unable to click on object 'Object Repository/DispensaryToStore/Page_Dispensary Store/a_Request to Store' (Root cause: com.kms.katalon.core.webui.exception.WebElementNotFoundException: Web element with id: 'Object Repository/DispensaryToStore/Page_Dispensary Store/a_Request to Store' located by 'By.xpath: @id("connector")/div[3]/aside[1]/section/ul/li[5]/a[count(. | //*[(text() = '
                                Request to Store
                            ' or . = '
                                Request to Store
                            ')]) = count(//*[(text() = '
                                Request to Store
                            ' or . = '
                                Request to Store
                            ')])]' not found)

2018-05-22 11:11:52 - [TEST_STEP][PASSED] - openBrowser: Browser is opened with url: ''

2018-05-22 11:11:52 - [MESSAGE][WARNING] - A browser is already opened. Closing browser and opening a new one

2018-05-22 11:11:55 - [MESSAGE][PASSED] - Browser is opened with url: ''

2018-05-22 11:11:55 - [TEST_STEP][PASSED] - navigateToUrl: Navigate to 'http://192.168.137.1/multihospital_new/HDSplashscreen.aspx' successfully

2018-05-22 11:11:57 - [MESSAGE][PASSED] - Navigate to 'http://192.168.137.1/multihospital_new/HDSplashscreen.aspx' successfully

2018-05-22 11:11:57 - [TEST_STEP][PASSED] - maximizeWindow: Current window maximized

2018-05-22 11:11:58 - [MESSAGE][PASSED] - Current window maximized

2018-05-22 11:11:58 - [TEST_STEP][PASSED] - click: Object: 'Object Repository/DispensaryToStore/Page_KDMC/a_Dispensary Store' is clicked on

2018-05-22 11:11:59 - [MESSAGE][PASSED] - Object: 'Object Repository/DispensaryToStore/Page_KDMC/a_Dispensary Store' is clicked on

2018-05-22 11:11:59 - [TEST_STEP][PASSED] - setText: Text 'rajaram' is set on object 'Object Repository/DispensaryToStore/Page_Dispensary Store Login/input_txtusername'

2018-05-22 11:11:59 - [MESSAGE][PASSED] - Text 'rajaram' is set on object 'Object Repository/DispensaryToStore/Page_Dispensary Store Login/input_txtusername'

2018-05-22 11:11:59 - [TEST_STEP][PASSED] - setText: Text '123' is set on object 'Object Repository/DispensaryToStore/Page_Dispensary Store Login/input_txtpassword'

2018-05-22 11:11:59 - [MESSAGE][PASSED] - Text '123' is set on object 'Object Repository/DispensaryToStore/Page_Dispensary Store Login/input_txtpassword'

2018-05-22 11:11:59 - [TEST_STEP][PASSED] - delay: Delayed 3 second(s)

2018-05-22 11:12:02 - [MESSAGE][PASSED] - Delayed 3 second(s)

2018-05-22 11:12:02 - [TEST_STEP][PASSED] - sendKeys: Keys 'ENTER + ' sent to object: 'Object Repository/DispensaryToStore/Page_Dispensary Store Login/input_txtpassword'

2018-05-22 11:12:02 - [MESSAGE][PASSED] - Keys 'ENTER + ' sent to object: 'Object Repository/DispensaryToStore/Page_Dispensary Store Login/input_txtpassword'

2018-05-22 11:12:02 - [TEST_STEP][PASSED] - delay: Delayed 3 second(s)

2018-05-22 11:12:05 - [MESSAGE][PASSED] - Delayed 3 second(s)

2018-05-22 11:12:05 - [TEST_STEP][FAILED] - click: Unable to click on object 'Object Repository/DispensaryToStore/Page_Dispensary Store/a_Request to Store' (Root cause: com.kms.katalon.core.webui.exception.WebElementNotFoundException: Web element with id: 'Object Repository/DispensaryToStore/Page_Dispensary Store/a_Request to Store' located by 'By.xpath: @id("connector")/div[3]/aside[1]/section/ul/li[5]/a[count(. | //*[(text() = '
                                Request to Store
                            ' or . = '
                                Request to Store
                            ')]) = count(//*[(text() = '
                                Request to Store
                            ' or . = '
                                Request to Store
                            ')])]' not found)

2018-05-22 11:12:37 - [MESSAGE][FAILED] - Unable to click on object 'Object Repository/DispensaryToStore/Page_Dispensary Store/a_Request to Store' (Root cause: com.kms.katalon.core.webui.exception.WebElementNotFoundException: Web element with id: 'Object Repository/DispensaryToStore/Page_Dispensary Store/a_Request to Store' located by 'By.xpath: @id("connector")/div[3]/aside[1]/section/ul/li[5]/a[count(. | //*[(text() = '
                                Request to Store
                            ' or . = '
                                Request to Store
                            ')]) = count(//*[(text() = '
                                Request to Store
                            ' or . = '
                                Request to Store
                            ')])]' not found)
[[ATTACHMENT|C:\\Users\\Quality Analyst\\Katalon Studio\\ds\\Reports\\Dispensary_Store_Suite\\20180522_104904\\1526967757268.png]]]]></system-out>
         <system-err><![CDATA[2018-05-22 11:11:52 - [TEST_CASE][FAILED] - Test Cases/DISPENSARY TEST CASES/TC_DP_011 Verify Schedule 11 Dispensary Request Are Working Successfully Or Not: Test Cases/DISPENSARY TEST CASES/TC_DP_011 Verify Schedule 11 Dispensary Request Are Working Successfully Or Not FAILED because (of) Unable to click on object 'Object Repository/DispensaryToStore/Page_Dispensary Store/a_Request to Store' (Root cause: com.kms.katalon.core.webui.exception.WebElementNotFoundException: Web element with id: 'Object Repository/DispensaryToStore/Page_Dispensary Store/a_Request to Store' located by 'By.xpath: @id("connector")/div[3]/aside[1]/section/ul/li[5]/a[count(. | //*[(text() = '
                                Request to Store
                            ' or . = '
                                Request to Store
                            ')]) = count(//*[(text() = '
                                Request to Store
                            ' or . = '
                                Request to Store
                            ')])]' not found)]]></system-err>
      </testcase>
      <system-out><![CDATA[2018-05-22 10:49:16 - [TEST_SUITE][FAILED] - Dispensary_Store_Suite: Test Cases/DISPENSARY TEST CASES/TC_DP_002 Verify Schedule 2 Dispensary Request Are Working Successfully Or Not FAILED because (of) Unable to select option by index '2' of object 'Object Repository/DispensaryToStore/Page_Dispensary Store/select_--Select--Schedule 1Inj' (Root cause: org.openqa.selenium.NoSuchElementException: Cannot locate option with index: 2
For documentation on this error, please visit: http://seleniumhq.org/exceptions/no_such_element.html
Build info: version: '3.7.1', revision: '8a0099a', time: '2017-11-06T21:07:36.161Z'
System info: host: 'DESKTOP-BLFTK83', ip: '169.254.189.85', os.name: 'Windows 10', os.arch: 'amd64', os.version: '10.0', java.version: '1.8.0_102'
Driver info: driver.version: unknown)]]></system-out>
      <system-err><![CDATA[2018-05-22 10:49:16 - [TEST_SUITE][FAILED] - Dispensary_Store_Suite: Test Cases/DISPENSARY TEST CASES/TC_DP_002 Verify Schedule 2 Dispensary Request Are Working Successfully Or Not FAILED because (of) Unable to select option by index '2' of object 'Object Repository/DispensaryToStore/Page_Dispensary Store/select_--Select--Schedule 1Inj' (Root cause: org.openqa.selenium.NoSuchElementException: Cannot locate option with index: 2
For documentation on this error, please visit: http://seleniumhq.org/exceptions/no_such_element.html
Build info: version: '3.7.1', revision: '8a0099a', time: '2017-11-06T21:07:36.161Z'
System info: host: 'DESKTOP-BLFTK83', ip: '169.254.189.85', os.name: 'Windows 10', os.arch: 'amd64', os.version: '10.0', java.version: '1.8.0_102'
Driver info: driver.version: unknown)]]></system-err>
   </testsuite>
</testsuites>
