<?xml version="1.0" encoding="UTF-8"?>
<testsuites name="Dispensary_Cms_Suite" time="1398" tests="5" failures="3" errors="4">
   <testsuite name="Dispensary_Cms_Suite" tests="5" failures="3" errors="4" time="1398" timestamp="2018-05-24 19:26:54" hostname="Quality Analyst - DESKTOP-BLFTK83" id="Test Suites/Dispensary_Cms_Suite">
      <properties>
         <property name="deviceName" value=""/>
         <property name="devicePlatform" value=""/>
         <property name="logFolder" value="C:\\Users\\Quality Analyst\\Katalon Studio\\ds\\Reports\\Dispensary_Cms_Suite\\20180524_192520"/>
         <property name="logFiles" value="C:\\Users\\Quality Analyst\\Katalon Studio\\ds\\Reports\\Dispensary_Cms_Suite\\20180524_192520\\execution0.log, C:\\Users\\Quality Analyst\\Katalon Studio\\ds\\Reports\\Dispensary_Cms_Suite\\20180524_192520\\execution1.log"/>
         <property name="attachments" value="C:\\Users\\Quality Analyst\\Katalon Studio\\ds\\Reports\\Dispensary_Cms_Suite\\20180524_192520\\1527170369564.png, C:\\Users\\Quality Analyst\\Katalon Studio\\ds\\Reports\\Dispensary_Cms_Suite\\20180524_192520\\1527170509652.png, C:\\Users\\Quality Analyst\\Katalon Studio\\ds\\Reports\\Dispensary_Cms_Suite\\20180524_192520\\1527171437681.png"/>
         <property name="hostName" value="Quality Analyst - DESKTOP-BLFTK83"/>
         <property name="os" value="Windows 10 64bit"/>
         <property name="katalonVersion" value="5.4.1.1"/>
         <property name="browser" value="Chrome 66.0.3359.181"/>
         <property name="hostAddress" value="169.254.189.85"/>
         <property name="sessionId" value="04efa4c68ae5eacb08f78783ceb204d5"/>
         <property name="seleniumVersion" value="3.7.1"/>
         <property name="proxyInformation" value="ProxyInformation{proxyOption=NO_PROXY, proxyServerType=HTTP, password=, proxyServerAddress=, proxyServerPort=0}"/>
         <property name="platform" value="Windows 10"/>
      </properties>
      <testcase name="Test Cases/DISPENSARY TEST CASES/TC_DP_013 Verify Schedule 1 Dispensary To CMS Request Are Working Successfully Or Not" classname="Test Cases/DISPENSARY TEST CASES/TC_DP_013 Verify Schedule 1 Dispensary To CMS Request Are Working Successfully Or Not" status="ERROR">
         <error type="ERROR" message="Test Cases/DISPENSARY TEST CASES/TC_DP_013 Verify Schedule 1 Dispensary To CMS Request Are Working Successfully Or Not FAILED because (of) java.lang.NumberFormatException: For input string: &quot;&quot;"/>
         <system-out><![CDATA[2018-05-24 19:26:54 - [TEST_CASE][ERROR] - Test Cases/DISPENSARY TEST CASES/TC_DP_013 Verify Schedule 1 Dispensary To CMS Request Are Working Successfully Or Not: Test Cases/DISPENSARY TEST CASES/TC_DP_013 Verify Schedule 1 Dispensary To CMS Request Are Working Successfully Or Not FAILED because (of) java.lang.NumberFormatException: For input string: ""

2018-05-24 19:26:55 - [TEST_STEP][PASSED] - openBrowser: Browser is opened with url: ''

2018-05-24 19:26:59 - [MESSAGE][PASSED] - Browser is opened with url: ''

2018-05-24 19:26:59 - [TEST_STEP][PASSED] - navigateToUrl: Navigate to 'http://192.168.137.1/multihospital_new/HDSplashscreen.aspx' successfully

2018-05-24 19:27:09 - [MESSAGE][PASSED] - Navigate to 'http://192.168.137.1/multihospital_new/HDSplashscreen.aspx' successfully

2018-05-24 19:27:09 - [TEST_STEP][PASSED] - maximizeWindow: Current window maximized

2018-05-24 19:27:10 - [MESSAGE][PASSED] - Current window maximized

2018-05-24 19:27:10 - [TEST_STEP][PASSED] - click: Object: 'Object Repository/DispensaryToCms/Page_KDMC/a_Dispensary Store' is clicked on

2018-05-24 19:27:12 - [MESSAGE][PASSED] - Object: 'Object Repository/DispensaryToCms/Page_KDMC/a_Dispensary Store' is clicked on

2018-05-24 19:27:12 - [TEST_STEP][PASSED] - setText: Text 'rajaram' is set on object 'Object Repository/DispensaryToCms/Page_Dispensary Store Login/input_txtusername'

2018-05-24 19:27:12 - [MESSAGE][PASSED] - Text 'rajaram' is set on object 'Object Repository/DispensaryToCms/Page_Dispensary Store Login/input_txtusername'

2018-05-24 19:27:12 - [TEST_STEP][PASSED] - setText: Text '123' is set on object 'Object Repository/DispensaryToCms/Page_Dispensary Store Login/input_txtpassword'

2018-05-24 19:27:12 - [MESSAGE][PASSED] - Text '123' is set on object 'Object Repository/DispensaryToCms/Page_Dispensary Store Login/input_txtpassword'

2018-05-24 19:27:12 - [TEST_STEP][PASSED] - delay: Delayed 3 second(s)

2018-05-24 19:27:15 - [MESSAGE][PASSED] - Delayed 3 second(s)

2018-05-24 19:27:15 - [TEST_STEP][PASSED] - click: Object: 'Object Repository/DispensaryToCms/Page_Dispensary Store Login/button_Sign in' is clicked on

2018-05-24 19:27:16 - [MESSAGE][PASSED] - Object: 'Object Repository/DispensaryToCms/Page_Dispensary Store Login/button_Sign in' is clicked on

2018-05-24 19:27:16 - [TEST_STEP][PASSED] - delay: Delayed 3 second(s)

2018-05-24 19:27:19 - [MESSAGE][PASSED] - Delayed 3 second(s)

2018-05-24 19:27:19 - [TEST_STEP][PASSED] - click: Object: 'Object Repository/DispensaryToCms/Page_Dispensary Store/a_CMS' is clicked on

2018-05-24 19:27:19 - [MESSAGE][PASSED] - Object: 'Object Repository/DispensaryToCms/Page_Dispensary Store/a_CMS' is clicked on

2018-05-24 19:27:19 - [TEST_STEP][PASSED] - click: Object: 'Object Repository/DispensaryToCms/Page_Dispensary Store/a_Request Send' is clicked on

2018-05-24 19:27:20 - [MESSAGE][PASSED] - Object: 'Object Repository/DispensaryToCms/Page_Dispensary Store/a_Request Send' is clicked on

2018-05-24 19:27:20 - [TEST_STEP][PASSED] - delay: Delayed 2 second(s)

2018-05-24 19:27:22 - [MESSAGE][PASSED] - Delayed 2 second(s)

2018-05-24 19:27:22 - [TEST_STEP][PASSED] - selectOptionByIndex: All options with index in [2] are selected on object 'Object Repository/DispensaryToCms/Page_Dispensary Store/select_--Select--'

2018-05-24 19:27:22 - [MESSAGE][PASSED] - All options with index in [2] are selected on object 'Object Repository/DispensaryToCms/Page_Dispensary Store/select_--Select--'

2018-05-24 19:27:22 - [TEST_STEP][PASSED] - selectOptionByIndex: All options with index in [5] are selected on object 'Object Repository/DispensaryToCms/Page_Dispensary Store/select_--Select--Schedule 1Inj'

2018-05-24 19:27:23 - [MESSAGE][PASSED] - All options with index in [5] are selected on object 'Object Repository/DispensaryToCms/Page_Dispensary Store/select_--Select--Schedule 1Inj'

2018-05-24 19:27:23 - [TEST_STEP][PASSED] - Statement - medicineslength = com.kms.katalon.core.webui.keyword.WebUiBuiltInKeywords.getNumberOfTotalOption(com.kms.katalon.core.testobject.ObjectRepository.findTestObject(DispensaryToCms/Page_Dispensary Store/select_--Select--Adernaline 0.)): 17 options of object 'Object Repository/DispensaryToCms/Page_Dispensary Store/select_--Select--Adernaline 0.' counted

2018-05-24 19:27:23 - [MESSAGE][PASSED] - 17 options of object 'Object Repository/DispensaryToCms/Page_Dispensary Store/select_--Select--Adernaline 0.' counted

2018-05-24 19:27:23 - [TEST_STEP][PASSED] - Statement - For ([e = 1, e <= medicineslength - 1, (e++)]): Object: 'Object Repository/DispensaryToCms/Page_Dispensary Store/button_Add' is clicked on

2018-05-24 19:27:23 - [TEST_STEP][PASSED] - selectOptionByIndex: All options with index in [5] are selected on object 'Object Repository/DispensaryToCms/Page_Dispensary Store/select_--Select--Schedule 1Inj'

2018-05-24 19:27:23 - [MESSAGE][PASSED] - All options with index in [5] are selected on object 'Object Repository/DispensaryToCms/Page_Dispensary Store/select_--Select--Schedule 1Inj'

2018-05-24 19:27:23 - [TEST_STEP][PASSED] - selectOptionByIndex: All options with index in [1] are selected on object 'Object Repository/DispensaryToCms/Page_Dispensary Store/select_--Select--Adernaline 0.'

2018-05-24 19:27:23 - [MESSAGE][PASSED] - All options with index in [1] are selected on object 'Object Repository/DispensaryToCms/Page_Dispensary Store/select_--Select--Adernaline 0.'

2018-05-24 19:27:23 - [TEST_STEP][PASSED] - setText: Text '100' is set on object 'Object Repository/DispensaryToCms/Page_Dispensary Store/input_txttreat'

2018-05-24 19:27:23 - [MESSAGE][PASSED] - Text '100' is set on object 'Object Repository/DispensaryToCms/Page_Dispensary Store/input_txttreat'

2018-05-24 19:27:23 - [TEST_STEP][PASSED] - click: Object: 'Object Repository/DispensaryToCms/Page_Dispensary Store/button_Add' is clicked on

2018-05-24 19:27:23 - [MESSAGE][PASSED] - Object: 'Object Repository/DispensaryToCms/Page_Dispensary Store/button_Add' is clicked on

2018-05-24 19:27:23 - [TEST_STEP][PASSED] - selectOptionByIndex: All options with index in [5] are selected on object 'Object Repository/DispensaryToCms/Page_Dispensary Store/select_--Select--Schedule 1Inj'

2018-05-24 19:27:24 - [MESSAGE][PASSED] - All options with index in [5] are selected on object 'Object Repository/DispensaryToCms/Page_Dispensary Store/select_--Select--Schedule 1Inj'

2018-05-24 19:27:24 - [TEST_STEP][PASSED] - selectOptionByIndex: All options with index in [2] are selected on object 'Object Repository/DispensaryToCms/Page_Dispensary Store/select_--Select--Adernaline 0.'

2018-05-24 19:27:24 - [MESSAGE][PASSED] - All options with index in [2] are selected on object 'Object Repository/DispensaryToCms/Page_Dispensary Store/select_--Select--Adernaline 0.'

2018-05-24 19:27:24 - [TEST_STEP][PASSED] - setText: Text '100' is set on object 'Object Repository/DispensaryToCms/Page_Dispensary Store/input_txttreat'

2018-05-24 19:27:24 - [MESSAGE][PASSED] - Text '100' is set on object 'Object Repository/DispensaryToCms/Page_Dispensary Store/input_txttreat'

2018-05-24 19:27:24 - [TEST_STEP][PASSED] - click: Object: 'Object Repository/DispensaryToCms/Page_Dispensary Store/button_Add' is clicked on

2018-05-24 19:27:24 - [MESSAGE][PASSED] - Object: 'Object Repository/DispensaryToCms/Page_Dispensary Store/button_Add' is clicked on

2018-05-24 19:27:24 - [TEST_STEP][PASSED] - selectOptionByIndex: All options with index in [5] are selected on object 'Object Repository/DispensaryToCms/Page_Dispensary Store/select_--Select--Schedule 1Inj'

2018-05-24 19:27:24 - [MESSAGE][PASSED] - All options with index in [5] are selected on object 'Object Repository/DispensaryToCms/Page_Dispensary Store/select_--Select--Schedule 1Inj'

2018-05-24 19:27:24 - [TEST_STEP][PASSED] - selectOptionByIndex: All options with index in [3] are selected on object 'Object Repository/DispensaryToCms/Page_Dispensary Store/select_--Select--Adernaline 0.'

2018-05-24 19:27:24 - [MESSAGE][PASSED] - All options with index in [3] are selected on object 'Object Repository/DispensaryToCms/Page_Dispensary Store/select_--Select--Adernaline 0.'

2018-05-24 19:27:24 - [TEST_STEP][PASSED] - setText: Text '100' is set on object 'Object Repository/DispensaryToCms/Page_Dispensary Store/input_txttreat'

2018-05-24 19:27:24 - [MESSAGE][PASSED] - Text '100' is set on object 'Object Repository/DispensaryToCms/Page_Dispensary Store/input_txttreat'

2018-05-24 19:27:24 - [TEST_STEP][PASSED] - click: Object: 'Object Repository/DispensaryToCms/Page_Dispensary Store/button_Add' is clicked on

2018-05-24 19:27:25 - [MESSAGE][PASSED] - Object: 'Object Repository/DispensaryToCms/Page_Dispensary Store/button_Add' is clicked on

2018-05-24 19:27:25 - [TEST_STEP][PASSED] - selectOptionByIndex: All options with index in [5] are selected on object 'Object Repository/DispensaryToCms/Page_Dispensary Store/select_--Select--Schedule 1Inj'

2018-05-24 19:27:25 - [MESSAGE][PASSED] - All options with index in [5] are selected on object 'Object Repository/DispensaryToCms/Page_Dispensary Store/select_--Select--Schedule 1Inj'

2018-05-24 19:27:25 - [TEST_STEP][PASSED] - selectOptionByIndex: All options with index in [4] are selected on object 'Object Repository/DispensaryToCms/Page_Dispensary Store/select_--Select--Adernaline 0.'

2018-05-24 19:27:25 - [MESSAGE][PASSED] - All options with index in [4] are selected on object 'Object Repository/DispensaryToCms/Page_Dispensary Store/select_--Select--Adernaline 0.'

2018-05-24 19:27:25 - [TEST_STEP][PASSED] - setText: Text '100' is set on object 'Object Repository/DispensaryToCms/Page_Dispensary Store/input_txttreat'

2018-05-24 19:27:25 - [MESSAGE][PASSED] - Text '100' is set on object 'Object Repository/DispensaryToCms/Page_Dispensary Store/input_txttreat'

2018-05-24 19:27:25 - [TEST_STEP][PASSED] - click: Object: 'Object Repository/DispensaryToCms/Page_Dispensary Store/button_Add' is clicked on

2018-05-24 19:27:25 - [MESSAGE][PASSED] - Object: 'Object Repository/DispensaryToCms/Page_Dispensary Store/button_Add' is clicked on

2018-05-24 19:27:25 - [TEST_STEP][PASSED] - selectOptionByIndex: All options with index in [5] are selected on object 'Object Repository/DispensaryToCms/Page_Dispensary Store/select_--Select--Schedule 1Inj'

2018-05-24 19:27:25 - [MESSAGE][PASSED] - All options with index in [5] are selected on object 'Object Repository/DispensaryToCms/Page_Dispensary Store/select_--Select--Schedule 1Inj'

2018-05-24 19:27:25 - [TEST_STEP][PASSED] - selectOptionByIndex: All options with index in [5] are selected on object 'Object Repository/DispensaryToCms/Page_Dispensary Store/select_--Select--Adernaline 0.'

2018-05-24 19:27:25 - [MESSAGE][PASSED] - All options with index in [5] are selected on object 'Object Repository/DispensaryToCms/Page_Dispensary Store/select_--Select--Adernaline 0.'

2018-05-24 19:27:25 - [TEST_STEP][PASSED] - setText: Text '100' is set on object 'Object Repository/DispensaryToCms/Page_Dispensary Store/input_txttreat'

2018-05-24 19:27:26 - [MESSAGE][PASSED] - Text '100' is set on object 'Object Repository/DispensaryToCms/Page_Dispensary Store/input_txttreat'

2018-05-24 19:27:26 - [TEST_STEP][PASSED] - click: Object: 'Object Repository/DispensaryToCms/Page_Dispensary Store/button_Add' is clicked on

2018-05-24 19:27:26 - [MESSAGE][PASSED] - Object: 'Object Repository/DispensaryToCms/Page_Dispensary Store/button_Add' is clicked on

2018-05-24 19:27:26 - [TEST_STEP][PASSED] - selectOptionByIndex: All options with index in [5] are selected on object 'Object Repository/DispensaryToCms/Page_Dispensary Store/select_--Select--Schedule 1Inj'

2018-05-24 19:27:26 - [MESSAGE][PASSED] - All options with index in [5] are selected on object 'Object Repository/DispensaryToCms/Page_Dispensary Store/select_--Select--Schedule 1Inj'

2018-05-24 19:27:26 - [TEST_STEP][PASSED] - selectOptionByIndex: All options with index in [6] are selected on object 'Object Repository/DispensaryToCms/Page_Dispensary Store/select_--Select--Adernaline 0.'

2018-05-24 19:27:26 - [MESSAGE][PASSED] - All options with index in [6] are selected on object 'Object Repository/DispensaryToCms/Page_Dispensary Store/select_--Select--Adernaline 0.'

2018-05-24 19:27:26 - [TEST_STEP][PASSED] - setText: Text '100' is set on object 'Object Repository/DispensaryToCms/Page_Dispensary Store/input_txttreat'

2018-05-24 19:27:26 - [MESSAGE][PASSED] - Text '100' is set on object 'Object Repository/DispensaryToCms/Page_Dispensary Store/input_txttreat'

2018-05-24 19:27:26 - [TEST_STEP][PASSED] - click: Object: 'Object Repository/DispensaryToCms/Page_Dispensary Store/button_Add' is clicked on

2018-05-24 19:27:26 - [MESSAGE][PASSED] - Object: 'Object Repository/DispensaryToCms/Page_Dispensary Store/button_Add' is clicked on

2018-05-24 19:27:26 - [TEST_STEP][PASSED] - selectOptionByIndex: All options with index in [5] are selected on object 'Object Repository/DispensaryToCms/Page_Dispensary Store/select_--Select--Schedule 1Inj'

2018-05-24 19:27:26 - [MESSAGE][PASSED] - All options with index in [5] are selected on object 'Object Repository/DispensaryToCms/Page_Dispensary Store/select_--Select--Schedule 1Inj'

2018-05-24 19:27:26 - [TEST_STEP][PASSED] - selectOptionByIndex: All options with index in [7] are selected on object 'Object Repository/DispensaryToCms/Page_Dispensary Store/select_--Select--Adernaline 0.'

2018-05-24 19:27:27 - [MESSAGE][PASSED] - All options with index in [7] are selected on object 'Object Repository/DispensaryToCms/Page_Dispensary Store/select_--Select--Adernaline 0.'

2018-05-24 19:27:27 - [TEST_STEP][PASSED] - setText: Text '100' is set on object 'Object Repository/DispensaryToCms/Page_Dispensary Store/input_txttreat'

2018-05-24 19:27:27 - [MESSAGE][PASSED] - Text '100' is set on object 'Object Repository/DispensaryToCms/Page_Dispensary Store/input_txttreat'

2018-05-24 19:27:27 - [TEST_STEP][PASSED] - click: Object: 'Object Repository/DispensaryToCms/Page_Dispensary Store/button_Add' is clicked on

2018-05-24 19:27:27 - [MESSAGE][PASSED] - Object: 'Object Repository/DispensaryToCms/Page_Dispensary Store/button_Add' is clicked on

2018-05-24 19:27:27 - [TEST_STEP][PASSED] - selectOptionByIndex: All options with index in [5] are selected on object 'Object Repository/DispensaryToCms/Page_Dispensary Store/select_--Select--Schedule 1Inj'

2018-05-24 19:27:27 - [MESSAGE][PASSED] - All options with index in [5] are selected on object 'Object Repository/DispensaryToCms/Page_Dispensary Store/select_--Select--Schedule 1Inj'

2018-05-24 19:27:27 - [TEST_STEP][PASSED] - selectOptionByIndex: All options with index in [8] are selected on object 'Object Repository/DispensaryToCms/Page_Dispensary Store/select_--Select--Adernaline 0.'

2018-05-24 19:27:27 - [MESSAGE][PASSED] - All options with index in [8] are selected on object 'Object Repository/DispensaryToCms/Page_Dispensary Store/select_--Select--Adernaline 0.'

2018-05-24 19:27:27 - [TEST_STEP][PASSED] - setText: Text '100' is set on object 'Object Repository/DispensaryToCms/Page_Dispensary Store/input_txttreat'

2018-05-24 19:27:27 - [MESSAGE][PASSED] - Text '100' is set on object 'Object Repository/DispensaryToCms/Page_Dispensary Store/input_txttreat'

2018-05-24 19:27:27 - [TEST_STEP][PASSED] - click: Object: 'Object Repository/DispensaryToCms/Page_Dispensary Store/button_Add' is clicked on

2018-05-24 19:27:27 - [MESSAGE][PASSED] - Object: 'Object Repository/DispensaryToCms/Page_Dispensary Store/button_Add' is clicked on

2018-05-24 19:27:27 - [TEST_STEP][PASSED] - selectOptionByIndex: All options with index in [5] are selected on object 'Object Repository/DispensaryToCms/Page_Dispensary Store/select_--Select--Schedule 1Inj'

2018-05-24 19:27:27 - [MESSAGE][PASSED] - All options with index in [5] are selected on object 'Object Repository/DispensaryToCms/Page_Dispensary Store/select_--Select--Schedule 1Inj'

2018-05-24 19:27:27 - [TEST_STEP][PASSED] - selectOptionByIndex: All options with index in [9] are selected on object 'Object Repository/DispensaryToCms/Page_Dispensary Store/select_--Select--Adernaline 0.'

2018-05-24 19:27:28 - [MESSAGE][PASSED] - All options with index in [9] are selected on object 'Object Repository/DispensaryToCms/Page_Dispensary Store/select_--Select--Adernaline 0.'

2018-05-24 19:27:28 - [TEST_STEP][PASSED] - setText: Text '100' is set on object 'Object Repository/DispensaryToCms/Page_Dispensary Store/input_txttreat'

2018-05-24 19:27:28 - [MESSAGE][PASSED] - Text '100' is set on object 'Object Repository/DispensaryToCms/Page_Dispensary Store/input_txttreat'

2018-05-24 19:27:28 - [TEST_STEP][PASSED] - click: Object: 'Object Repository/DispensaryToCms/Page_Dispensary Store/button_Add' is clicked on

2018-05-24 19:27:28 - [MESSAGE][PASSED] - Object: 'Object Repository/DispensaryToCms/Page_Dispensary Store/button_Add' is clicked on

2018-05-24 19:27:28 - [TEST_STEP][PASSED] - selectOptionByIndex: All options with index in [5] are selected on object 'Object Repository/DispensaryToCms/Page_Dispensary Store/select_--Select--Schedule 1Inj'

2018-05-24 19:27:28 - [MESSAGE][PASSED] - All options with index in [5] are selected on object 'Object Repository/DispensaryToCms/Page_Dispensary Store/select_--Select--Schedule 1Inj'

2018-05-24 19:27:28 - [TEST_STEP][PASSED] - selectOptionByIndex: All options with index in [10] are selected on object 'Object Repository/DispensaryToCms/Page_Dispensary Store/select_--Select--Adernaline 0.'

2018-05-24 19:27:28 - [MESSAGE][PASSED] - All options with index in [10] are selected on object 'Object Repository/DispensaryToCms/Page_Dispensary Store/select_--Select--Adernaline 0.'

2018-05-24 19:27:28 - [TEST_STEP][PASSED] - setText: Text '100' is set on object 'Object Repository/DispensaryToCms/Page_Dispensary Store/input_txttreat'

2018-05-24 19:27:28 - [MESSAGE][PASSED] - Text '100' is set on object 'Object Repository/DispensaryToCms/Page_Dispensary Store/input_txttreat'

2018-05-24 19:27:28 - [TEST_STEP][PASSED] - click: Object: 'Object Repository/DispensaryToCms/Page_Dispensary Store/button_Add' is clicked on

2018-05-24 19:27:28 - [MESSAGE][PASSED] - Object: 'Object Repository/DispensaryToCms/Page_Dispensary Store/button_Add' is clicked on

2018-05-24 19:27:28 - [TEST_STEP][PASSED] - selectOptionByIndex: All options with index in [5] are selected on object 'Object Repository/DispensaryToCms/Page_Dispensary Store/select_--Select--Schedule 1Inj'

2018-05-24 19:27:29 - [MESSAGE][PASSED] - All options with index in [5] are selected on object 'Object Repository/DispensaryToCms/Page_Dispensary Store/select_--Select--Schedule 1Inj'

2018-05-24 19:27:29 - [TEST_STEP][PASSED] - selectOptionByIndex: All options with index in [11] are selected on object 'Object Repository/DispensaryToCms/Page_Dispensary Store/select_--Select--Adernaline 0.'

2018-05-24 19:27:29 - [MESSAGE][PASSED] - All options with index in [11] are selected on object 'Object Repository/DispensaryToCms/Page_Dispensary Store/select_--Select--Adernaline 0.'

2018-05-24 19:27:29 - [TEST_STEP][PASSED] - setText: Text '100' is set on object 'Object Repository/DispensaryToCms/Page_Dispensary Store/input_txttreat'

2018-05-24 19:27:29 - [MESSAGE][PASSED] - Text '100' is set on object 'Object Repository/DispensaryToCms/Page_Dispensary Store/input_txttreat'

2018-05-24 19:27:29 - [TEST_STEP][PASSED] - click: Object: 'Object Repository/DispensaryToCms/Page_Dispensary Store/button_Add' is clicked on

2018-05-24 19:27:29 - [MESSAGE][PASSED] - Object: 'Object Repository/DispensaryToCms/Page_Dispensary Store/button_Add' is clicked on

2018-05-24 19:27:29 - [TEST_STEP][PASSED] - selectOptionByIndex: All options with index in [5] are selected on object 'Object Repository/DispensaryToCms/Page_Dispensary Store/select_--Select--Schedule 1Inj'

2018-05-24 19:27:29 - [MESSAGE][PASSED] - All options with index in [5] are selected on object 'Object Repository/DispensaryToCms/Page_Dispensary Store/select_--Select--Schedule 1Inj'

2018-05-24 19:27:29 - [TEST_STEP][PASSED] - selectOptionByIndex: All options with index in [12] are selected on object 'Object Repository/DispensaryToCms/Page_Dispensary Store/select_--Select--Adernaline 0.'

2018-05-24 19:27:29 - [MESSAGE][PASSED] - All options with index in [12] are selected on object 'Object Repository/DispensaryToCms/Page_Dispensary Store/select_--Select--Adernaline 0.'

2018-05-24 19:27:29 - [TEST_STEP][PASSED] - setText: Text '100' is set on object 'Object Repository/DispensaryToCms/Page_Dispensary Store/input_txttreat'

2018-05-24 19:27:30 - [MESSAGE][PASSED] - Text '100' is set on object 'Object Repository/DispensaryToCms/Page_Dispensary Store/input_txttreat'

2018-05-24 19:27:30 - [TEST_STEP][PASSED] - click: Object: 'Object Repository/DispensaryToCms/Page_Dispensary Store/button_Add' is clicked on

2018-05-24 19:27:30 - [MESSAGE][PASSED] - Object: 'Object Repository/DispensaryToCms/Page_Dispensary Store/button_Add' is clicked on

2018-05-24 19:27:30 - [TEST_STEP][PASSED] - selectOptionByIndex: All options with index in [5] are selected on object 'Object Repository/DispensaryToCms/Page_Dispensary Store/select_--Select--Schedule 1Inj'

2018-05-24 19:27:30 - [MESSAGE][PASSED] - All options with index in [5] are selected on object 'Object Repository/DispensaryToCms/Page_Dispensary Store/select_--Select--Schedule 1Inj'

2018-05-24 19:27:30 - [TEST_STEP][PASSED] - selectOptionByIndex: All options with index in [13] are selected on object 'Object Repository/DispensaryToCms/Page_Dispensary Store/select_--Select--Adernaline 0.'

2018-05-24 19:27:30 - [MESSAGE][PASSED] - All options with index in [13] are selected on object 'Object Repository/DispensaryToCms/Page_Dispensary Store/select_--Select--Adernaline 0.'

2018-05-24 19:27:30 - [TEST_STEP][PASSED] - setText: Text '100' is set on object 'Object Repository/DispensaryToCms/Page_Dispensary Store/input_txttreat'

2018-05-24 19:27:30 - [MESSAGE][PASSED] - Text '100' is set on object 'Object Repository/DispensaryToCms/Page_Dispensary Store/input_txttreat'

2018-05-24 19:27:30 - [TEST_STEP][PASSED] - click: Object: 'Object Repository/DispensaryToCms/Page_Dispensary Store/button_Add' is clicked on

2018-05-24 19:27:30 - [MESSAGE][PASSED] - Object: 'Object Repository/DispensaryToCms/Page_Dispensary Store/button_Add' is clicked on

2018-05-24 19:27:30 - [TEST_STEP][PASSED] - selectOptionByIndex: All options with index in [5] are selected on object 'Object Repository/DispensaryToCms/Page_Dispensary Store/select_--Select--Schedule 1Inj'

2018-05-24 19:27:30 - [MESSAGE][PASSED] - All options with index in [5] are selected on object 'Object Repository/DispensaryToCms/Page_Dispensary Store/select_--Select--Schedule 1Inj'

2018-05-24 19:27:30 - [TEST_STEP][PASSED] - selectOptionByIndex: All options with index in [14] are selected on object 'Object Repository/DispensaryToCms/Page_Dispensary Store/select_--Select--Adernaline 0.'

2018-05-24 19:27:31 - [MESSAGE][PASSED] - All options with index in [14] are selected on object 'Object Repository/DispensaryToCms/Page_Dispensary Store/select_--Select--Adernaline 0.'

2018-05-24 19:27:31 - [TEST_STEP][PASSED] - setText: Text '100' is set on object 'Object Repository/DispensaryToCms/Page_Dispensary Store/input_txttreat'

2018-05-24 19:27:31 - [MESSAGE][PASSED] - Text '100' is set on object 'Object Repository/DispensaryToCms/Page_Dispensary Store/input_txttreat'

2018-05-24 19:27:31 - [TEST_STEP][PASSED] - click: Object: 'Object Repository/DispensaryToCms/Page_Dispensary Store/button_Add' is clicked on

2018-05-24 19:27:31 - [MESSAGE][PASSED] - Object: 'Object Repository/DispensaryToCms/Page_Dispensary Store/button_Add' is clicked on

2018-05-24 19:27:31 - [TEST_STEP][PASSED] - selectOptionByIndex: All options with index in [5] are selected on object 'Object Repository/DispensaryToCms/Page_Dispensary Store/select_--Select--Schedule 1Inj'

2018-05-24 19:27:31 - [MESSAGE][PASSED] - All options with index in [5] are selected on object 'Object Repository/DispensaryToCms/Page_Dispensary Store/select_--Select--Schedule 1Inj'

2018-05-24 19:27:31 - [TEST_STEP][PASSED] - selectOptionByIndex: All options with index in [15] are selected on object 'Object Repository/DispensaryToCms/Page_Dispensary Store/select_--Select--Adernaline 0.'

2018-05-24 19:27:31 - [MESSAGE][PASSED] - All options with index in [15] are selected on object 'Object Repository/DispensaryToCms/Page_Dispensary Store/select_--Select--Adernaline 0.'

2018-05-24 19:27:31 - [TEST_STEP][PASSED] - setText: Text '100' is set on object 'Object Repository/DispensaryToCms/Page_Dispensary Store/input_txttreat'

2018-05-24 19:27:31 - [MESSAGE][PASSED] - Text '100' is set on object 'Object Repository/DispensaryToCms/Page_Dispensary Store/input_txttreat'

2018-05-24 19:27:31 - [TEST_STEP][PASSED] - click: Object: 'Object Repository/DispensaryToCms/Page_Dispensary Store/button_Add' is clicked on

2018-05-24 19:27:32 - [MESSAGE][PASSED] - Object: 'Object Repository/DispensaryToCms/Page_Dispensary Store/button_Add' is clicked on

2018-05-24 19:27:32 - [TEST_STEP][PASSED] - selectOptionByIndex: All options with index in [5] are selected on object 'Object Repository/DispensaryToCms/Page_Dispensary Store/select_--Select--Schedule 1Inj'

2018-05-24 19:27:32 - [MESSAGE][PASSED] - All options with index in [5] are selected on object 'Object Repository/DispensaryToCms/Page_Dispensary Store/select_--Select--Schedule 1Inj'

2018-05-24 19:27:32 - [TEST_STEP][PASSED] - selectOptionByIndex: All options with index in [16] are selected on object 'Object Repository/DispensaryToCms/Page_Dispensary Store/select_--Select--Adernaline 0.'

2018-05-24 19:27:32 - [MESSAGE][PASSED] - All options with index in [16] are selected on object 'Object Repository/DispensaryToCms/Page_Dispensary Store/select_--Select--Adernaline 0.'

2018-05-24 19:27:32 - [TEST_STEP][PASSED] - setText: Text '100' is set on object 'Object Repository/DispensaryToCms/Page_Dispensary Store/input_txttreat'

2018-05-24 19:27:32 - [MESSAGE][PASSED] - Text '100' is set on object 'Object Repository/DispensaryToCms/Page_Dispensary Store/input_txttreat'

2018-05-24 19:27:32 - [TEST_STEP][PASSED] - click: Object: 'Object Repository/DispensaryToCms/Page_Dispensary Store/button_Add' is clicked on

2018-05-24 19:27:32 - [MESSAGE][PASSED] - Object: 'Object Repository/DispensaryToCms/Page_Dispensary Store/button_Add' is clicked on

2018-05-24 19:27:32 - [TEST_STEP][PASSED] - scrollToElement: Scroll to object 'Object Repository/DispensaryToCms/Page_Dispensary Store/input_btnsave' successfully

2018-05-24 19:27:32 - [MESSAGE][PASSED] - Scroll to object 'Object Repository/DispensaryToCms/Page_Dispensary Store/input_btnsave' successfully

2018-05-24 19:27:32 - [TEST_STEP][PASSED] - click: Object: 'Object Repository/DispensaryToCms/Page_Dispensary Store/input_btnsave' is clicked on

2018-05-24 19:27:32 - [MESSAGE][PASSED] - Object: 'Object Repository/DispensaryToCms/Page_Dispensary Store/input_btnsave' is clicked on

2018-05-24 19:27:32 - [TEST_STEP][PASSED] - delay: Delayed 3 second(s)

2018-05-24 19:27:35 - [MESSAGE][PASSED] - Delayed 3 second(s)

2018-05-24 19:27:35 - [TEST_STEP][PASSED] - Statement - RN1 = com.kms.katalon.core.webui.keyword.WebUiBuiltInKeywords.getText(com.kms.katalon.core.testobject.ObjectRepository.findTestObject(DispensaryToCms/Page_Dispensary Store/font_PRNO18052018174)): Text of object 'Object Repository/DispensaryToCms/Page_Dispensary Store/font_PRNO18052018174' is: 'PRNO/24052018/374'

2018-05-24 19:27:35 - [MESSAGE][PASSED] - Text of object 'Object Repository/DispensaryToCms/Page_Dispensary Store/font_PRNO18052018174' is: 'PRNO/24052018/374'

2018-05-24 19:27:35 - [TEST_STEP][PASSED] - Statement - out.println(RN1): null

2018-05-24 19:27:35 - [TEST_STEP][PASSED] - Statement - RID = RN1.split("/")[2]: null

2018-05-24 19:27:35 - [TEST_STEP][PASSED] - click: Object: 'Object Repository/DispensaryToCms/Page_Dispensary Store/button_OK' is clicked on

2018-05-24 19:27:36 - [MESSAGE][PASSED] - Object: 'Object Repository/DispensaryToCms/Page_Dispensary Store/button_OK' is clicked on

2018-05-24 19:27:36 - [TEST_STEP][PASSED] - delay: Delayed 3 second(s)

2018-05-24 19:27:39 - [MESSAGE][PASSED] - Delayed 3 second(s)

2018-05-24 19:27:39 - [TEST_STEP][PASSED] - waitForElementPresent: Object 'Object Repository/DispensaryToStore/Page_Dispensary Store/a_dropdown-toggle' is present

2018-05-24 19:27:39 - [MESSAGE][PASSED] - Object 'Object Repository/DispensaryToStore/Page_Dispensary Store/a_dropdown-toggle' is present

2018-05-24 19:27:39 - [TEST_STEP][PASSED] - click: Object: 'Object Repository/DispensaryToCms/Page_Dispensary Store/a_dropdown-toggle' is clicked on

2018-05-24 19:27:39 - [MESSAGE][PASSED] - Object: 'Object Repository/DispensaryToCms/Page_Dispensary Store/a_dropdown-toggle' is clicked on

2018-05-24 19:27:39 - [TEST_STEP][PASSED] - click: Object: 'Object Repository/DispensaryToCms/Page_Dispensary Store/a_Sign out' is clicked on

2018-05-24 19:27:40 - [MESSAGE][PASSED] - Object: 'Object Repository/DispensaryToCms/Page_Dispensary Store/a_Sign out' is clicked on

2018-05-24 19:27:40 - [TEST_STEP][PASSED] - delay: Delayed 3 second(s)

2018-05-24 19:27:43 - [MESSAGE][PASSED] - Delayed 3 second(s)

2018-05-24 19:27:43 - [TEST_STEP][PASSED] - navigateToUrl: Navigate to 'http://192.168.137.1/multihospital_new/' successfully

2018-05-24 19:27:43 - [MESSAGE][PASSED] - Navigate to 'http://192.168.137.1/multihospital_new/' successfully

2018-05-24 19:27:43 - [TEST_STEP][PASSED] - click: Object: 'Object Repository/DispensaryToCms/Page_KDMC/a_CMO' is clicked on

2018-05-24 19:27:44 - [MESSAGE][PASSED] - Object: 'Object Repository/DispensaryToCms/Page_KDMC/a_CMO' is clicked on

2018-05-24 19:27:44 - [TEST_STEP][PASSED] - setText: Text 'guru' is set on object 'Object Repository/DispensaryToCms/Page_CMO login/input_txtusername'

2018-05-24 19:27:44 - [MESSAGE][PASSED] - Text 'guru' is set on object 'Object Repository/DispensaryToCms/Page_CMO login/input_txtusername'

2018-05-24 19:27:44 - [TEST_STEP][PASSED] - setText: Text '123' is set on object 'Object Repository/DispensaryToCms/Page_CMO login/input_txtpassword'

2018-05-24 19:27:44 - [MESSAGE][PASSED] - Text '123' is set on object 'Object Repository/DispensaryToCms/Page_CMO login/input_txtpassword'

2018-05-24 19:27:44 - [TEST_STEP][PASSED] - delay: Delayed 3 second(s)

2018-05-24 19:27:47 - [MESSAGE][PASSED] - Delayed 3 second(s)

2018-05-24 19:27:47 - [TEST_STEP][PASSED] - click: Object: 'Object Repository/DispensaryToCms/Page_CMO login/button_Sign in' is clicked on

2018-05-24 19:27:49 - [MESSAGE][PASSED] - Object: 'Object Repository/DispensaryToCms/Page_CMO login/button_Sign in' is clicked on

2018-05-24 19:27:49 - [TEST_STEP][PASSED] - delay: Delayed 3 second(s)

2018-05-24 19:27:52 - [MESSAGE][PASSED] - Delayed 3 second(s)

2018-05-24 19:27:52 - [TEST_STEP][PASSED] - click: Object: 'Object Repository/DispensaryToCms/Page_KDMC - CMO/a_CMS Request' is clicked on

2018-05-24 19:27:52 - [MESSAGE][PASSED] - Object: 'Object Repository/DispensaryToCms/Page_KDMC - CMO/a_CMS Request' is clicked on

2018-05-24 19:27:52 - [TEST_STEP][PASSED] - delay: Delayed 2 second(s)

2018-05-24 19:27:54 - [MESSAGE][PASSED] - Delayed 2 second(s)

2018-05-24 19:27:54 - [TEST_STEP][PASSED] - click: Object: 'Object Repository/DispensaryToCms/Page_KDMC - CMO/a_Dispensary Store Request' is clicked on

2018-05-24 19:27:55 - [MESSAGE][PASSED] - Object: 'Object Repository/DispensaryToCms/Page_KDMC - CMO/a_Dispensary Store Request' is clicked on

2018-05-24 19:27:55 - [TEST_STEP][PASSED] - selectOptionByIndex: All options with index in [1] are selected on object 'Object Repository/DispensaryToCms/Page_KDMC - CMO/select_--ALL--'

2018-05-24 19:27:55 - [MESSAGE][PASSED] - All options with index in [1] are selected on object 'Object Repository/DispensaryToCms/Page_KDMC - CMO/select_--ALL--'

2018-05-24 19:27:55 - [TEST_STEP][PASSED] - click: Object: 'Object Repository/DispensaryToCms/Page_KDMC - CMO/input_btnsearch' is clicked on

2018-05-24 19:27:55 - [MESSAGE][PASSED] - Object: 'Object Repository/DispensaryToCms/Page_KDMC - CMO/input_btnsearch' is clicked on

2018-05-24 19:27:55 - [TEST_STEP][PASSED] - Statement - ID = com.kms.katalon.core.webui.keyword.WebUiBuiltInKeywords.modifyObjectProperty(com.kms.katalon.core.testobject.ObjectRepository.findTestObject(lab/Page_KDMC - CMO/input_1), "xpath", "equals", "//*[@id=" + RID + "]", true): Modify property of object successfully

2018-05-24 19:27:55 - [MESSAGE][PASSED] - Modify property of object successfully

2018-05-24 19:27:55 - [TEST_STEP][PASSED] - click: Object: 'Object Repository/lab/Page_KDMC - CMO/input_1' is clicked on

2018-05-24 19:27:56 - [MESSAGE][PASSED] - Object: 'Object Repository/lab/Page_KDMC - CMO/input_1' is clicked on

2018-05-24 19:27:56 - [TEST_STEP][PASSED] - delay: Delayed 2 second(s)

2018-05-24 19:27:58 - [MESSAGE][PASSED] - Delayed 2 second(s)

2018-05-24 19:27:58 - [TEST_STEP][PASSED] - selectOptionByIndex: All options with index in [1] are selected on object 'Object Repository/DispensaryToCms/Page_KDMC - CMO/select_--Select--'

2018-05-24 19:27:58 - [MESSAGE][PASSED] - All options with index in [1] are selected on object 'Object Repository/DispensaryToCms/Page_KDMC - CMO/select_--Select--'

2018-05-24 19:27:58 - [TEST_STEP][PASSED] - click: Object: 'Object Repository/DispensaryToCms/Page_KDMC - CMO/input_btnupdate' is clicked on

2018-05-24 19:27:58 - [MESSAGE][PASSED] - Object: 'Object Repository/DispensaryToCms/Page_KDMC - CMO/input_btnupdate' is clicked on

2018-05-24 19:27:58 - [TEST_STEP][PASSED] - delay: Delayed 2 second(s)

2018-05-24 19:28:00 - [MESSAGE][PASSED] - Delayed 2 second(s)

2018-05-24 19:28:00 - [TEST_STEP][PASSED] - click: Object: 'Object Repository/DispensaryToCms/Page_KDMC - CMO/button_OK' is clicked on

2018-05-24 19:28:01 - [MESSAGE][PASSED] - Object: 'Object Repository/DispensaryToCms/Page_KDMC - CMO/button_OK' is clicked on

2018-05-24 19:28:01 - [TEST_STEP][PASSED] - delay: Delayed 3 second(s)

2018-05-24 19:28:04 - [MESSAGE][PASSED] - Delayed 3 second(s)

2018-05-24 19:28:04 - [TEST_STEP][PASSED] - waitForElementPresent: Object 'Object Repository/DispensaryToStore/Page_Dispensary Store/a_dropdown-toggle' is not present after 20 second(s)

2018-05-24 19:28:25 - [MESSAGE][WARNING] - Object 'Object Repository/DispensaryToStore/Page_Dispensary Store/a_dropdown-toggle' is not present after 20 second(s)

2018-05-24 19:28:25 - [TEST_STEP][PASSED] - click: Object: 'Object Repository/DispensaryToCms/Page_KDMC - CMO/a_dropdown-toggle' is clicked on

2018-05-24 19:28:25 - [MESSAGE][PASSED] - Object: 'Object Repository/DispensaryToCms/Page_KDMC - CMO/a_dropdown-toggle' is clicked on

2018-05-24 19:28:25 - [TEST_STEP][PASSED] - click: Object: 'Object Repository/DispensaryToCms/Page_KDMC - CMO/a_Sign out' is clicked on

2018-05-24 19:28:26 - [MESSAGE][PASSED] - Object: 'Object Repository/DispensaryToCms/Page_KDMC - CMO/a_Sign out' is clicked on

2018-05-24 19:28:26 - [TEST_STEP][PASSED] - delay: Delayed 3 second(s)

2018-05-24 19:28:29 - [MESSAGE][PASSED] - Delayed 3 second(s)

2018-05-24 19:28:29 - [TEST_STEP][PASSED] - click: Object: 'Object Repository/DispensaryToCms/Page_KDMC/a_CMS' is clicked on

2018-05-24 19:28:29 - [MESSAGE][PASSED] - Object: 'Object Repository/DispensaryToCms/Page_KDMC/a_CMS' is clicked on

2018-05-24 19:28:29 - [TEST_STEP][PASSED] - setText: Text 'bala' is set on object 'Object Repository/DispensaryToCms/Page_CMS login/input_txtusername'

2018-05-24 19:28:30 - [MESSAGE][PASSED] - Text 'bala' is set on object 'Object Repository/DispensaryToCms/Page_CMS login/input_txtusername'

2018-05-24 19:28:30 - [TEST_STEP][PASSED] - setText: Text '123' is set on object 'Object Repository/DispensaryToCms/Page_CMS login/input_txtpassword'

2018-05-24 19:28:30 - [MESSAGE][PASSED] - Text '123' is set on object 'Object Repository/DispensaryToCms/Page_CMS login/input_txtpassword'

2018-05-24 19:28:30 - [TEST_STEP][PASSED] - delay: Delayed 3 second(s)

2018-05-24 19:28:33 - [MESSAGE][PASSED] - Delayed 3 second(s)

2018-05-24 19:28:33 - [TEST_STEP][PASSED] - click: Object: 'Object Repository/DispensaryToCms/Page_CMS login/button_Sign in' is clicked on

2018-05-24 19:28:33 - [MESSAGE][PASSED] - Object: 'Object Repository/DispensaryToCms/Page_CMS login/button_Sign in' is clicked on

2018-05-24 19:28:33 - [TEST_STEP][PASSED] - delay: Delayed 3 second(s)

2018-05-24 19:28:36 - [MESSAGE][PASSED] - Delayed 3 second(s)

2018-05-24 19:28:36 - [TEST_STEP][PASSED] - click: Object: 'Object Repository/DispensaryToCms/Page_KDMC - CMS/a_Divisional Store' is clicked on

2018-05-24 19:28:36 - [MESSAGE][PASSED] - Object: 'Object Repository/DispensaryToCms/Page_KDMC - CMS/a_Divisional Store' is clicked on

2018-05-24 19:28:36 - [TEST_STEP][PASSED] - delay: Delayed 2 second(s)

2018-05-24 19:28:38 - [MESSAGE][PASSED] - Delayed 2 second(s)

2018-05-24 19:28:38 - [TEST_STEP][PASSED] - click: Object: 'Object Repository/DispensaryToCms/Page_KDMC - CMS/a_Dispatch Items' is clicked on

2018-05-24 19:28:39 - [MESSAGE][PASSED] - Object: 'Object Repository/DispensaryToCms/Page_KDMC - CMS/a_Dispatch Items' is clicked on

2018-05-24 19:28:39 - [TEST_STEP][PASSED] - delay: Delayed 2 second(s)

2018-05-24 19:28:41 - [MESSAGE][PASSED] - Delayed 2 second(s)

2018-05-24 19:28:41 - [TEST_STEP][PASSED] - setText: Text 'PRNO/24052018/374' is set on object 'Object Repository/DispensaryToCms/Page_KDMC - CMS/input'

2018-05-24 19:28:42 - [MESSAGE][PASSED] - Text 'PRNO/24052018/374' is set on object 'Object Repository/DispensaryToCms/Page_KDMC - CMS/input'

2018-05-24 19:28:42 - [TEST_STEP][PASSED] - click: Object: 'Object Repository/DispensaryToCms/Page_KDMC - CMS/input_PRNO18052018174' is clicked on

2018-05-24 19:28:42 - [MESSAGE][PASSED] - Object: 'Object Repository/DispensaryToCms/Page_KDMC - CMS/input_PRNO18052018174' is clicked on

2018-05-24 19:28:42 - [TEST_STEP][PASSED] - Statement - out.println("Length : " + medicineslength): null

2018-05-24 19:28:42 - [TEST_STEP][PASSED] - Statement - For ([row = 0, row < medicineslength - 1, (row++)]): null

2018-05-24 19:28:42 - [TEST_STEP][PASSED] - Statement - batchlength = new com.kms.katalon.core.testobject.TestObject(): null

2018-05-24 19:28:42 - [TEST_STEP][PASSED] - Statement - batchlength = com.kms.katalon.core.webui.keyword.WebUiBuiltInKeywords.modifyObjectProperty(batchlength, "xpath", "equals", "//*[@id = "fldvendor" + row + ""]", true): Modify property of object successfully

2018-05-24 19:28:42 - [MESSAGE][PASSED] - Modify property of object successfully

2018-05-24 19:28:42 - [TEST_STEP][PASSED] - Statement - batchsize = com.kms.katalon.core.webui.keyword.WebUiBuiltInKeywords.getNumberOfTotalOption(batchlength): 8 options of object '' counted

2018-05-24 19:28:42 - [MESSAGE][PASSED] - 8 options of object '' counted

2018-05-24 19:28:42 - [TEST_STEP][PASSED] - Statement - out.println("BatchSize : " + batchsize): null

2018-05-24 19:28:42 - [TEST_STEP][PASSED] - Statement - For ([n = 1, n <= batchsize - 1, (n++)]): null

2018-05-24 19:28:42 - [TEST_STEP][PASSED] - Statement - product = new com.kms.katalon.core.testobject.TestObject(): null

2018-05-24 19:28:42 - [TEST_STEP][PASSED] - Statement - product = com.kms.katalon.core.webui.keyword.WebUiBuiltInKeywords.modifyObjectProperty(product, "xpath", "equals", "//*[@id = "fldvendor" + row + ""]", true): Modify property of object successfully

2018-05-24 19:28:42 - [MESSAGE][PASSED] - Modify property of object successfully

2018-05-24 19:28:42 - [TEST_STEP][PASSED] - selectOptionByIndex: All options with index in [1] are selected on object ''

2018-05-24 19:28:43 - [MESSAGE][PASSED] - All options with index in [1] are selected on object ''

2018-05-24 19:28:43 - [TEST_STEP][PASSED] - Statement - batch = new com.kms.katalon.core.testobject.TestObject(): null

2018-05-24 19:28:43 - [TEST_STEP][PASSED] - Statement - batch = com.kms.katalon.core.webui.keyword.WebUiBuiltInKeywords.modifyObjectProperty(batch, "xpath", "equals", "//*[@id = "txtbthqty" + row + ""]", true): Modify property of object successfully

2018-05-24 19:28:43 - [MESSAGE][PASSED] - Modify property of object successfully

2018-05-24 19:28:43 - [TEST_STEP][PASSED] - Statement - batchqty = com.kms.katalon.core.webui.keyword.WebUiBuiltInKeywords.getAttribute(batch, "value").trim(): Attribute 'value' of object '' is: '1600'

2018-05-24 19:28:43 - [MESSAGE][PASSED] - Attribute 'value' of object '' is: '1600'

2018-05-24 19:28:43 - [TEST_STEP][PASSED] - Statement - Rqty = 100: null

2018-05-24 19:28:43 - [TEST_STEP][PASSED] - delay: Delayed 2 second(s)

2018-05-24 19:28:45 - [MESSAGE][PASSED] - Delayed 2 second(s)

2018-05-24 19:28:45 - [TEST_STEP][PASSED] - Statement - out.println("BatchQty : " + batchqty): null

2018-05-24 19:28:45 - [TEST_STEP][PASSED] - Statement - out.println("RQty : " + Rqty): null

2018-05-24 19:28:45 - [TEST_STEP][PASSED] - Statement - If (java.lang.Integer.valueOf(batchqty) >= java.lang.Integer.valueOf(Rqty)): null

2018-05-24 19:28:45 - [TEST_STEP][PASSED] - Statement - Break: null

2018-05-24 19:28:45 - [TEST_STEP][PASSED] - Statement - batchlength = new com.kms.katalon.core.testobject.TestObject(): null

2018-05-24 19:28:45 - [TEST_STEP][PASSED] - Statement - batchlength = com.kms.katalon.core.webui.keyword.WebUiBuiltInKeywords.modifyObjectProperty(batchlength, "xpath", "equals", "//*[@id = "fldvendor" + row + ""]", true): Modify property of object successfully

2018-05-24 19:28:45 - [MESSAGE][PASSED] - Modify property of object successfully

2018-05-24 19:28:45 - [TEST_STEP][PASSED] - Statement - batchsize = com.kms.katalon.core.webui.keyword.WebUiBuiltInKeywords.getNumberOfTotalOption(batchlength): 8 options of object '' counted

2018-05-24 19:28:45 - [MESSAGE][PASSED] - 8 options of object '' counted

2018-05-24 19:28:45 - [TEST_STEP][PASSED] - Statement - out.println("BatchSize : " + batchsize): null

2018-05-24 19:28:45 - [TEST_STEP][PASSED] - Statement - For ([n = 1, n <= batchsize - 1, (n++)]): null

2018-05-24 19:28:45 - [TEST_STEP][PASSED] - Statement - product = new com.kms.katalon.core.testobject.TestObject(): null

2018-05-24 19:28:45 - [TEST_STEP][PASSED] - Statement - product = com.kms.katalon.core.webui.keyword.WebUiBuiltInKeywords.modifyObjectProperty(product, "xpath", "equals", "//*[@id = "fldvendor" + row + ""]", true): Modify property of object successfully

2018-05-24 19:28:45 - [MESSAGE][PASSED] - Modify property of object successfully

2018-05-24 19:28:45 - [TEST_STEP][PASSED] - selectOptionByIndex: All options with index in [1] are selected on object ''

2018-05-24 19:28:45 - [MESSAGE][PASSED] - All options with index in [1] are selected on object ''

2018-05-24 19:28:45 - [TEST_STEP][PASSED] - Statement - batch = new com.kms.katalon.core.testobject.TestObject(): null

2018-05-24 19:28:45 - [TEST_STEP][PASSED] - Statement - batch = com.kms.katalon.core.webui.keyword.WebUiBuiltInKeywords.modifyObjectProperty(batch, "xpath", "equals", "//*[@id = "txtbthqty" + row + ""]", true): Modify property of object successfully

2018-05-24 19:28:45 - [MESSAGE][PASSED] - Modify property of object successfully

2018-05-24 19:28:45 - [TEST_STEP][PASSED] - Statement - batchqty = com.kms.katalon.core.webui.keyword.WebUiBuiltInKeywords.getAttribute(batch, "value").trim(): Attribute 'value' of object '' is: '38300'

2018-05-24 19:28:45 - [MESSAGE][PASSED] - Attribute 'value' of object '' is: '38300'

2018-05-24 19:28:45 - [TEST_STEP][PASSED] - Statement - Rqty = 100: null

2018-05-24 19:28:45 - [TEST_STEP][PASSED] - delay: Delayed 2 second(s)

2018-05-24 19:28:47 - [MESSAGE][PASSED] - Delayed 2 second(s)

2018-05-24 19:28:47 - [TEST_STEP][PASSED] - Statement - out.println("BatchQty : " + batchqty): null

2018-05-24 19:28:47 - [TEST_STEP][PASSED] - Statement - out.println("RQty : " + Rqty): null

2018-05-24 19:28:47 - [TEST_STEP][PASSED] - Statement - If (java.lang.Integer.valueOf(batchqty) >= java.lang.Integer.valueOf(Rqty)): null

2018-05-24 19:28:47 - [TEST_STEP][PASSED] - Statement - Break: null

2018-05-24 19:28:47 - [TEST_STEP][PASSED] - Statement - batchlength = new com.kms.katalon.core.testobject.TestObject(): null

2018-05-24 19:28:47 - [TEST_STEP][PASSED] - Statement - batchlength = com.kms.katalon.core.webui.keyword.WebUiBuiltInKeywords.modifyObjectProperty(batchlength, "xpath", "equals", "//*[@id = "fldvendor" + row + ""]", true): Modify property of object successfully

2018-05-24 19:28:47 - [MESSAGE][PASSED] - Modify property of object successfully

2018-05-24 19:28:47 - [TEST_STEP][PASSED] - Statement - batchsize = com.kms.katalon.core.webui.keyword.WebUiBuiltInKeywords.getNumberOfTotalOption(batchlength): 8 options of object '' counted

2018-05-24 19:28:47 - [MESSAGE][PASSED] - 8 options of object '' counted

2018-05-24 19:28:47 - [TEST_STEP][PASSED] - Statement - out.println("BatchSize : " + batchsize): null

2018-05-24 19:28:47 - [TEST_STEP][PASSED] - Statement - For ([n = 1, n <= batchsize - 1, (n++)]): null

2018-05-24 19:28:47 - [TEST_STEP][PASSED] - Statement - product = new com.kms.katalon.core.testobject.TestObject(): null

2018-05-24 19:28:47 - [TEST_STEP][PASSED] - Statement - product = com.kms.katalon.core.webui.keyword.WebUiBuiltInKeywords.modifyObjectProperty(product, "xpath", "equals", "//*[@id = "fldvendor" + row + ""]", true): Modify property of object successfully

2018-05-24 19:28:47 - [MESSAGE][PASSED] - Modify property of object successfully

2018-05-24 19:28:47 - [TEST_STEP][PASSED] - selectOptionByIndex: All options with index in [1] are selected on object ''

2018-05-24 19:28:47 - [MESSAGE][PASSED] - All options with index in [1] are selected on object ''

2018-05-24 19:28:47 - [TEST_STEP][PASSED] - Statement - batch = new com.kms.katalon.core.testobject.TestObject(): null

2018-05-24 19:28:47 - [TEST_STEP][PASSED] - Statement - batch = com.kms.katalon.core.webui.keyword.WebUiBuiltInKeywords.modifyObjectProperty(batch, "xpath", "equals", "//*[@id = "txtbthqty" + row + ""]", true): Modify property of object successfully

2018-05-24 19:28:47 - [MESSAGE][PASSED] - Modify property of object successfully

2018-05-24 19:28:47 - [TEST_STEP][PASSED] - Statement - batchqty = com.kms.katalon.core.webui.keyword.WebUiBuiltInKeywords.getAttribute(batch, "value").trim(): Attribute 'value' of object '' is: '3800'

2018-05-24 19:28:47 - [MESSAGE][PASSED] - Attribute 'value' of object '' is: '3800'

2018-05-24 19:28:47 - [TEST_STEP][PASSED] - Statement - Rqty = 100: null

2018-05-24 19:28:47 - [TEST_STEP][PASSED] - delay: Delayed 2 second(s)

2018-05-24 19:28:49 - [MESSAGE][PASSED] - Delayed 2 second(s)

2018-05-24 19:28:49 - [TEST_STEP][PASSED] - Statement - out.println("BatchQty : " + batchqty): null

2018-05-24 19:28:49 - [TEST_STEP][PASSED] - Statement - out.println("RQty : " + Rqty): null

2018-05-24 19:28:49 - [TEST_STEP][PASSED] - Statement - If (java.lang.Integer.valueOf(batchqty) >= java.lang.Integer.valueOf(Rqty)): null

2018-05-24 19:28:49 - [TEST_STEP][PASSED] - Statement - Break: null

2018-05-24 19:28:49 - [TEST_STEP][PASSED] - Statement - batchlength = new com.kms.katalon.core.testobject.TestObject(): null

2018-05-24 19:28:49 - [TEST_STEP][PASSED] - Statement - batchlength = com.kms.katalon.core.webui.keyword.WebUiBuiltInKeywords.modifyObjectProperty(batchlength, "xpath", "equals", "//*[@id = "fldvendor" + row + ""]", true): Modify property of object successfully

2018-05-24 19:28:49 - [MESSAGE][PASSED] - Modify property of object successfully

2018-05-24 19:28:49 - [TEST_STEP][PASSED] - Statement - batchsize = com.kms.katalon.core.webui.keyword.WebUiBuiltInKeywords.getNumberOfTotalOption(batchlength): 8 options of object '' counted

2018-05-24 19:28:49 - [MESSAGE][PASSED] - 8 options of object '' counted

2018-05-24 19:28:49 - [TEST_STEP][PASSED] - Statement - out.println("BatchSize : " + batchsize): null

2018-05-24 19:28:49 - [TEST_STEP][PASSED] - Statement - For ([n = 1, n <= batchsize - 1, (n++)]): null

2018-05-24 19:28:49 - [TEST_STEP][PASSED] - Statement - product = new com.kms.katalon.core.testobject.TestObject(): null

2018-05-24 19:28:49 - [TEST_STEP][PASSED] - Statement - product = com.kms.katalon.core.webui.keyword.WebUiBuiltInKeywords.modifyObjectProperty(product, "xpath", "equals", "//*[@id = "fldvendor" + row + ""]", true): Modify property of object successfully

2018-05-24 19:28:49 - [MESSAGE][PASSED] - Modify property of object successfully

2018-05-24 19:28:49 - [TEST_STEP][PASSED] - selectOptionByIndex: All options with index in [1] are selected on object ''

2018-05-24 19:28:49 - [MESSAGE][PASSED] - All options with index in [1] are selected on object ''

2018-05-24 19:28:49 - [TEST_STEP][PASSED] - Statement - batch = new com.kms.katalon.core.testobject.TestObject(): null

2018-05-24 19:28:49 - [TEST_STEP][PASSED] - Statement - batch = com.kms.katalon.core.webui.keyword.WebUiBuiltInKeywords.modifyObjectProperty(batch, "xpath", "equals", "//*[@id = "txtbthqty" + row + ""]", true): Modify property of object successfully

2018-05-24 19:28:49 - [MESSAGE][PASSED] - Modify property of object successfully

2018-05-24 19:28:49 - [TEST_STEP][PASSED] - Statement - batchqty = com.kms.katalon.core.webui.keyword.WebUiBuiltInKeywords.getAttribute(batch, "value").trim(): Attribute 'value' of object '' is: '1800'

2018-05-24 19:28:49 - [MESSAGE][PASSED] - Attribute 'value' of object '' is: '1800'

2018-05-24 19:28:49 - [TEST_STEP][PASSED] - Statement - Rqty = 100: null

2018-05-24 19:28:49 - [TEST_STEP][PASSED] - delay: Delayed 2 second(s)

2018-05-24 19:28:51 - [MESSAGE][PASSED] - Delayed 2 second(s)

2018-05-24 19:28:51 - [TEST_STEP][PASSED] - Statement - out.println("BatchQty : " + batchqty): null

2018-05-24 19:28:51 - [TEST_STEP][PASSED] - Statement - out.println("RQty : " + Rqty): null

2018-05-24 19:28:51 - [TEST_STEP][PASSED] - Statement - If (java.lang.Integer.valueOf(batchqty) >= java.lang.Integer.valueOf(Rqty)): null

2018-05-24 19:28:51 - [TEST_STEP][PASSED] - Statement - Break: null

2018-05-24 19:28:51 - [TEST_STEP][PASSED] - Statement - batchlength = new com.kms.katalon.core.testobject.TestObject(): null

2018-05-24 19:28:51 - [TEST_STEP][PASSED] - Statement - batchlength = com.kms.katalon.core.webui.keyword.WebUiBuiltInKeywords.modifyObjectProperty(batchlength, "xpath", "equals", "//*[@id = "fldvendor" + row + ""]", true): Modify property of object successfully

2018-05-24 19:28:52 - [MESSAGE][PASSED] - Modify property of object successfully

2018-05-24 19:28:52 - [TEST_STEP][PASSED] - Statement - batchsize = com.kms.katalon.core.webui.keyword.WebUiBuiltInKeywords.getNumberOfTotalOption(batchlength): 8 options of object '' counted

2018-05-24 19:28:52 - [MESSAGE][PASSED] - 8 options of object '' counted

2018-05-24 19:28:52 - [TEST_STEP][PASSED] - Statement - out.println("BatchSize : " + batchsize): null

2018-05-24 19:28:52 - [TEST_STEP][PASSED] - Statement - For ([n = 1, n <= batchsize - 1, (n++)]): null

2018-05-24 19:28:52 - [TEST_STEP][PASSED] - Statement - product = new com.kms.katalon.core.testobject.TestObject(): null

2018-05-24 19:28:52 - [TEST_STEP][PASSED] - Statement - product = com.kms.katalon.core.webui.keyword.WebUiBuiltInKeywords.modifyObjectProperty(product, "xpath", "equals", "//*[@id = "fldvendor" + row + ""]", true): Modify property of object successfully

2018-05-24 19:28:52 - [MESSAGE][PASSED] - Modify property of object successfully

2018-05-24 19:28:52 - [TEST_STEP][PASSED] - selectOptionByIndex: All options with index in [1] are selected on object ''

2018-05-24 19:28:52 - [MESSAGE][PASSED] - All options with index in [1] are selected on object ''

2018-05-24 19:28:52 - [TEST_STEP][PASSED] - Statement - batch = new com.kms.katalon.core.testobject.TestObject(): null

2018-05-24 19:28:52 - [TEST_STEP][PASSED] - Statement - batch = com.kms.katalon.core.webui.keyword.WebUiBuiltInKeywords.modifyObjectProperty(batch, "xpath", "equals", "//*[@id = "txtbthqty" + row + ""]", true): Modify property of object successfully

2018-05-24 19:28:52 - [MESSAGE][PASSED] - Modify property of object successfully

2018-05-24 19:28:52 - [TEST_STEP][PASSED] - Statement - batchqty = com.kms.katalon.core.webui.keyword.WebUiBuiltInKeywords.getAttribute(batch, "value").trim(): Attribute 'value' of object '' is: '1700'

2018-05-24 19:28:52 - [MESSAGE][PASSED] - Attribute 'value' of object '' is: '1700'

2018-05-24 19:28:52 - [TEST_STEP][PASSED] - Statement - Rqty = 100: null

2018-05-24 19:28:52 - [TEST_STEP][PASSED] - delay: Delayed 2 second(s)

2018-05-24 19:28:54 - [MESSAGE][PASSED] - Delayed 2 second(s)

2018-05-24 19:28:54 - [TEST_STEP][PASSED] - Statement - out.println("BatchQty : " + batchqty): null

2018-05-24 19:28:54 - [TEST_STEP][PASSED] - Statement - out.println("RQty : " + Rqty): null

2018-05-24 19:28:54 - [TEST_STEP][PASSED] - Statement - If (java.lang.Integer.valueOf(batchqty) >= java.lang.Integer.valueOf(Rqty)): null

2018-05-24 19:28:54 - [TEST_STEP][PASSED] - Statement - Break: null

2018-05-24 19:28:54 - [TEST_STEP][PASSED] - Statement - batchlength = new com.kms.katalon.core.testobject.TestObject(): null

2018-05-24 19:28:54 - [TEST_STEP][PASSED] - Statement - batchlength = com.kms.katalon.core.webui.keyword.WebUiBuiltInKeywords.modifyObjectProperty(batchlength, "xpath", "equals", "//*[@id = "fldvendor" + row + ""]", true): Modify property of object successfully

2018-05-24 19:28:54 - [MESSAGE][PASSED] - Modify property of object successfully

2018-05-24 19:28:54 - [TEST_STEP][PASSED] - Statement - batchsize = com.kms.katalon.core.webui.keyword.WebUiBuiltInKeywords.getNumberOfTotalOption(batchlength): 8 options of object '' counted

2018-05-24 19:28:54 - [MESSAGE][PASSED] - 8 options of object '' counted

2018-05-24 19:28:54 - [TEST_STEP][PASSED] - Statement - out.println("BatchSize : " + batchsize): null

2018-05-24 19:28:54 - [TEST_STEP][PASSED] - Statement - For ([n = 1, n <= batchsize - 1, (n++)]): null

2018-05-24 19:28:54 - [TEST_STEP][PASSED] - Statement - product = new com.kms.katalon.core.testobject.TestObject(): null

2018-05-24 19:28:54 - [TEST_STEP][PASSED] - Statement - product = com.kms.katalon.core.webui.keyword.WebUiBuiltInKeywords.modifyObjectProperty(product, "xpath", "equals", "//*[@id = "fldvendor" + row + ""]", true): Modify property of object successfully

2018-05-24 19:28:54 - [MESSAGE][PASSED] - Modify property of object successfully

2018-05-24 19:28:54 - [TEST_STEP][PASSED] - selectOptionByIndex: All options with index in [1] are selected on object ''

2018-05-24 19:28:54 - [MESSAGE][PASSED] - All options with index in [1] are selected on object ''

2018-05-24 19:28:54 - [TEST_STEP][PASSED] - Statement - batch = new com.kms.katalon.core.testobject.TestObject(): null

2018-05-24 19:28:54 - [TEST_STEP][PASSED] - Statement - batch = com.kms.katalon.core.webui.keyword.WebUiBuiltInKeywords.modifyObjectProperty(batch, "xpath", "equals", "//*[@id = "txtbthqty" + row + ""]", true): Modify property of object successfully

2018-05-24 19:28:54 - [MESSAGE][PASSED] - Modify property of object successfully

2018-05-24 19:28:54 - [TEST_STEP][PASSED] - Statement - batchqty = com.kms.katalon.core.webui.keyword.WebUiBuiltInKeywords.getAttribute(batch, "value").trim(): Attribute 'value' of object '' is: '1600'

2018-05-24 19:28:54 - [MESSAGE][PASSED] - Attribute 'value' of object '' is: '1600'

2018-05-24 19:28:54 - [TEST_STEP][PASSED] - Statement - Rqty = 100: null

2018-05-24 19:28:54 - [TEST_STEP][PASSED] - delay: Delayed 2 second(s)

2018-05-24 19:28:56 - [MESSAGE][PASSED] - Delayed 2 second(s)

2018-05-24 19:28:56 - [TEST_STEP][PASSED] - Statement - out.println("BatchQty : " + batchqty): null

2018-05-24 19:28:56 - [TEST_STEP][PASSED] - Statement - out.println("RQty : " + Rqty): null

2018-05-24 19:28:56 - [TEST_STEP][PASSED] - Statement - If (java.lang.Integer.valueOf(batchqty) >= java.lang.Integer.valueOf(Rqty)): null

2018-05-24 19:28:56 - [TEST_STEP][PASSED] - Statement - Break: null

2018-05-24 19:28:56 - [TEST_STEP][PASSED] - Statement - batchlength = new com.kms.katalon.core.testobject.TestObject(): null

2018-05-24 19:28:56 - [TEST_STEP][PASSED] - Statement - batchlength = com.kms.katalon.core.webui.keyword.WebUiBuiltInKeywords.modifyObjectProperty(batchlength, "xpath", "equals", "//*[@id = "fldvendor" + row + ""]", true): Modify property of object successfully

2018-05-24 19:28:56 - [MESSAGE][PASSED] - Modify property of object successfully

2018-05-24 19:28:56 - [TEST_STEP][PASSED] - Statement - batchsize = com.kms.katalon.core.webui.keyword.WebUiBuiltInKeywords.getNumberOfTotalOption(batchlength): 9 options of object '' counted

2018-05-24 19:28:56 - [MESSAGE][PASSED] - 9 options of object '' counted

2018-05-24 19:28:56 - [TEST_STEP][PASSED] - Statement - out.println("BatchSize : " + batchsize): null

2018-05-24 19:28:56 - [TEST_STEP][PASSED] - Statement - For ([n = 1, n <= batchsize - 1, (n++)]): null

2018-05-24 19:28:56 - [TEST_STEP][PASSED] - Statement - product = new com.kms.katalon.core.testobject.TestObject(): null

2018-05-24 19:28:56 - [TEST_STEP][PASSED] - Statement - product = com.kms.katalon.core.webui.keyword.WebUiBuiltInKeywords.modifyObjectProperty(product, "xpath", "equals", "//*[@id = "fldvendor" + row + ""]", true): Modify property of object successfully

2018-05-24 19:28:56 - [MESSAGE][PASSED] - Modify property of object successfully

2018-05-24 19:28:56 - [TEST_STEP][PASSED] - selectOptionByIndex: All options with index in [1] are selected on object ''

2018-05-24 19:28:56 - [MESSAGE][PASSED] - All options with index in [1] are selected on object ''

2018-05-24 19:28:56 - [TEST_STEP][PASSED] - Statement - batch = new com.kms.katalon.core.testobject.TestObject(): null

2018-05-24 19:28:56 - [TEST_STEP][PASSED] - Statement - batch = com.kms.katalon.core.webui.keyword.WebUiBuiltInKeywords.modifyObjectProperty(batch, "xpath", "equals", "//*[@id = "txtbthqty" + row + ""]", true): Modify property of object successfully

2018-05-24 19:28:56 - [MESSAGE][PASSED] - Modify property of object successfully

2018-05-24 19:28:56 - [TEST_STEP][PASSED] - Statement - batchqty = com.kms.katalon.core.webui.keyword.WebUiBuiltInKeywords.getAttribute(batch, "value").trim(): Attribute 'value' of object '' is: ''

2018-05-24 19:28:56 - [MESSAGE][PASSED] - Attribute 'value' of object '' is: ''

2018-05-24 19:28:56 - [TEST_STEP][PASSED] - Statement - Rqty = 100: null

2018-05-24 19:28:56 - [TEST_STEP][PASSED] - delay: Delayed 2 second(s)

2018-05-24 19:28:58 - [MESSAGE][PASSED] - Delayed 2 second(s)

2018-05-24 19:28:58 - [TEST_STEP][PASSED] - Statement - out.println("BatchQty : " + batchqty): null

2018-05-24 19:28:58 - [TEST_STEP][PASSED] - Statement - out.println("RQty : " + Rqty): null

2018-05-24 19:28:58 - [TEST_STEP][PASSED] - Statement - If (java.lang.Integer.valueOf(batchqty) >= java.lang.Integer.valueOf(Rqty)): null]]></system-out>
         <system-err><![CDATA[2018-05-24 19:26:54 - [TEST_CASE][ERROR] - Test Cases/DISPENSARY TEST CASES/TC_DP_013 Verify Schedule 1 Dispensary To CMS Request Are Working Successfully Or Not: Test Cases/DISPENSARY TEST CASES/TC_DP_013 Verify Schedule 1 Dispensary To CMS Request Are Working Successfully Or Not FAILED because (of) java.lang.NumberFormatException: For input string: ""]]></system-err>
      </testcase>
      <testcase name="Test Cases/DISPENSARY TEST CASES/TC_DP_014 Verify Schedule 2 Dispensary To CMS Request Are Working Successfully Or Not" classname="Test Cases/DISPENSARY TEST CASES/TC_DP_014 Verify Schedule 2 Dispensary To CMS Request Are Working Successfully Or Not" status="FAILED">
         <failure type="FAILED" message="Unable to select option by index '22' of object 'Object Repository/DispensaryToCms/Page_Dispensary Store/select_--Select--Adernaline 0.' (Root cause: org.openqa.selenium.NoSuchElementException: Cannot locate option with index: 22
For documentation on this error, please visit: http://seleniumhq.org/exceptions/no_such_element.html
Build info: version: '3.7.1', revision: '8a0099a', time: '2017-11-06T21:07:36.161Z'
System info: host: 'DESKTOP-BLFTK83', ip: '169.254.189.85', os.name: 'Windows 10', os.arch: 'amd64', os.version: '10.0', java.version: '1.8.0_102'
Driver info: driver.version: unknown)"/>
         <system-out><![CDATA[2018-05-24 19:28:58 - [TEST_CASE][FAILED] - Test Cases/DISPENSARY TEST CASES/TC_DP_014 Verify Schedule 2 Dispensary To CMS Request Are Working Successfully Or Not: Test Cases/DISPENSARY TEST CASES/TC_DP_014 Verify Schedule 2 Dispensary To CMS Request Are Working Successfully Or Not FAILED because (of) Unable to select option by index '22' of object 'Object Repository/DispensaryToCms/Page_Dispensary Store/select_--Select--Adernaline 0.' (Root cause: org.openqa.selenium.NoSuchElementException: Cannot locate option with index: 22
For documentation on this error, please visit: http://seleniumhq.org/exceptions/no_such_element.html
Build info: version: '3.7.1', revision: '8a0099a', time: '2017-11-06T21:07:36.161Z'
System info: host: 'DESKTOP-BLFTK83', ip: '169.254.189.85', os.name: 'Windows 10', os.arch: 'amd64', os.version: '10.0', java.version: '1.8.0_102'
Driver info: driver.version: unknown)

2018-05-24 19:28:59 - [TEST_STEP][PASSED] - openBrowser: Browser is opened with url: ''

2018-05-24 19:28:59 - [MESSAGE][WARNING] - A browser is already opened. Closing browser and opening a new one

2018-05-24 19:29:02 - [MESSAGE][PASSED] - Browser is opened with url: ''

2018-05-24 19:29:02 - [TEST_STEP][PASSED] - navigateToUrl: Navigate to 'http://192.168.137.1/multihospital_new/HDSplashscreen.aspx' successfully

2018-05-24 19:29:04 - [MESSAGE][PASSED] - Navigate to 'http://192.168.137.1/multihospital_new/HDSplashscreen.aspx' successfully

2018-05-24 19:29:04 - [TEST_STEP][PASSED] - maximizeWindow: Current window maximized

2018-05-24 19:29:05 - [MESSAGE][PASSED] - Current window maximized

2018-05-24 19:29:05 - [TEST_STEP][PASSED] - click: Object: 'Object Repository/DispensaryToCms/Page_KDMC/a_Dispensary Store' is clicked on

2018-05-24 19:29:06 - [MESSAGE][PASSED] - Object: 'Object Repository/DispensaryToCms/Page_KDMC/a_Dispensary Store' is clicked on

2018-05-24 19:29:06 - [TEST_STEP][PASSED] - setText: Text 'rajaram' is set on object 'Object Repository/DispensaryToCms/Page_Dispensary Store Login/input_txtusername'

2018-05-24 19:29:06 - [MESSAGE][PASSED] - Text 'rajaram' is set on object 'Object Repository/DispensaryToCms/Page_Dispensary Store Login/input_txtusername'

2018-05-24 19:29:06 - [TEST_STEP][PASSED] - setText: Text '123' is set on object 'Object Repository/DispensaryToCms/Page_Dispensary Store Login/input_txtpassword'

2018-05-24 19:29:07 - [MESSAGE][PASSED] - Text '123' is set on object 'Object Repository/DispensaryToCms/Page_Dispensary Store Login/input_txtpassword'

2018-05-24 19:29:07 - [TEST_STEP][PASSED] - delay: Delayed 3 second(s)

2018-05-24 19:29:10 - [MESSAGE][PASSED] - Delayed 3 second(s)

2018-05-24 19:29:10 - [TEST_STEP][PASSED] - click: Object: 'Object Repository/DispensaryToCms/Page_Dispensary Store Login/button_Sign in' is clicked on

2018-05-24 19:29:11 - [MESSAGE][PASSED] - Object: 'Object Repository/DispensaryToCms/Page_Dispensary Store Login/button_Sign in' is clicked on

2018-05-24 19:29:11 - [TEST_STEP][PASSED] - delay: Delayed 3 second(s)

2018-05-24 19:29:14 - [MESSAGE][PASSED] - Delayed 3 second(s)

2018-05-24 19:29:14 - [TEST_STEP][PASSED] - click: Object: 'Object Repository/DispensaryToCms/Page_Dispensary Store/a_CMS' is clicked on

2018-05-24 19:29:14 - [MESSAGE][PASSED] - Object: 'Object Repository/DispensaryToCms/Page_Dispensary Store/a_CMS' is clicked on

2018-05-24 19:29:14 - [TEST_STEP][PASSED] - click: Object: 'Object Repository/DispensaryToCms/Page_Dispensary Store/a_Request Send' is clicked on

2018-05-24 19:29:14 - [MESSAGE][PASSED] - Object: 'Object Repository/DispensaryToCms/Page_Dispensary Store/a_Request Send' is clicked on

2018-05-24 19:29:14 - [TEST_STEP][PASSED] - delay: Delayed 2 second(s)

2018-05-24 19:29:16 - [MESSAGE][PASSED] - Delayed 2 second(s)

2018-05-24 19:29:16 - [TEST_STEP][PASSED] - selectOptionByIndex: All options with index in [2] are selected on object 'Object Repository/DispensaryToCms/Page_Dispensary Store/select_--Select--'

2018-05-24 19:29:16 - [MESSAGE][PASSED] - All options with index in [2] are selected on object 'Object Repository/DispensaryToCms/Page_Dispensary Store/select_--Select--'

2018-05-24 19:29:16 - [TEST_STEP][PASSED] - selectOptionByIndex: All options with index in [2] are selected on object 'Object Repository/DispensaryToCms/Page_Dispensary Store/select_--Select--Schedule 1Inj'

2018-05-24 19:29:17 - [MESSAGE][PASSED] - All options with index in [2] are selected on object 'Object Repository/DispensaryToCms/Page_Dispensary Store/select_--Select--Schedule 1Inj'

2018-05-24 19:29:17 - [TEST_STEP][PASSED] - Statement - medicineslength = com.kms.katalon.core.webui.keyword.WebUiBuiltInKeywords.getNumberOfTotalOption(com.kms.katalon.core.testobject.ObjectRepository.findTestObject(DispensaryToCms/Page_Dispensary Store/select_--Select--Adernaline 0.)): 73 options of object 'Object Repository/DispensaryToCms/Page_Dispensary Store/select_--Select--Adernaline 0.' counted

2018-05-24 19:29:17 - [MESSAGE][PASSED] - 73 options of object 'Object Repository/DispensaryToCms/Page_Dispensary Store/select_--Select--Adernaline 0.' counted

2018-05-24 19:29:17 - [TEST_STEP][FAILED] - Statement - For ([e = 1, e <= medicineslength - 1, (e++)]): Unable to select option by index '22' of object 'Object Repository/DispensaryToCms/Page_Dispensary Store/select_--Select--Adernaline 0.' (Root cause: org.openqa.selenium.NoSuchElementException: Cannot locate option with index: 22
For documentation on this error, please visit: http://seleniumhq.org/exceptions/no_such_element.html
Build info: version: '3.7.1', revision: '8a0099a', time: '2017-11-06T21:07:36.161Z'
System info: host: 'DESKTOP-BLFTK83', ip: '169.254.189.85', os.name: 'Windows 10', os.arch: 'amd64', os.version: '10.0', java.version: '1.8.0_102'
Driver info: driver.version: unknown)

2018-05-24 19:29:17 - [TEST_STEP][PASSED] - selectOptionByIndex: All options with index in [2] are selected on object 'Object Repository/DispensaryToCms/Page_Dispensary Store/select_--Select--Schedule 1Inj'

2018-05-24 19:29:17 - [MESSAGE][PASSED] - All options with index in [2] are selected on object 'Object Repository/DispensaryToCms/Page_Dispensary Store/select_--Select--Schedule 1Inj'

2018-05-24 19:29:17 - [TEST_STEP][PASSED] - selectOptionByIndex: All options with index in [1] are selected on object 'Object Repository/DispensaryToCms/Page_Dispensary Store/select_--Select--Adernaline 0.'

2018-05-24 19:29:17 - [MESSAGE][PASSED] - All options with index in [1] are selected on object 'Object Repository/DispensaryToCms/Page_Dispensary Store/select_--Select--Adernaline 0.'

2018-05-24 19:29:17 - [TEST_STEP][PASSED] - setText: Text '100' is set on object 'Object Repository/DispensaryToCms/Page_Dispensary Store/input_txttreat'

2018-05-24 19:29:17 - [MESSAGE][PASSED] - Text '100' is set on object 'Object Repository/DispensaryToCms/Page_Dispensary Store/input_txttreat'

2018-05-24 19:29:17 - [TEST_STEP][PASSED] - click: Object: 'Object Repository/DispensaryToCms/Page_Dispensary Store/button_Add' is clicked on

2018-05-24 19:29:17 - [MESSAGE][PASSED] - Object: 'Object Repository/DispensaryToCms/Page_Dispensary Store/button_Add' is clicked on

2018-05-24 19:29:17 - [TEST_STEP][PASSED] - selectOptionByIndex: All options with index in [2] are selected on object 'Object Repository/DispensaryToCms/Page_Dispensary Store/select_--Select--Schedule 1Inj'

2018-05-24 19:29:17 - [MESSAGE][PASSED] - All options with index in [2] are selected on object 'Object Repository/DispensaryToCms/Page_Dispensary Store/select_--Select--Schedule 1Inj'

2018-05-24 19:29:17 - [TEST_STEP][PASSED] - selectOptionByIndex: All options with index in [2] are selected on object 'Object Repository/DispensaryToCms/Page_Dispensary Store/select_--Select--Adernaline 0.'

2018-05-24 19:29:18 - [MESSAGE][PASSED] - All options with index in [2] are selected on object 'Object Repository/DispensaryToCms/Page_Dispensary Store/select_--Select--Adernaline 0.'

2018-05-24 19:29:18 - [TEST_STEP][PASSED] - setText: Text '100' is set on object 'Object Repository/DispensaryToCms/Page_Dispensary Store/input_txttreat'

2018-05-24 19:29:18 - [MESSAGE][PASSED] - Text '100' is set on object 'Object Repository/DispensaryToCms/Page_Dispensary Store/input_txttreat'

2018-05-24 19:29:18 - [TEST_STEP][PASSED] - click: Object: 'Object Repository/DispensaryToCms/Page_Dispensary Store/button_Add' is clicked on

2018-05-24 19:29:18 - [MESSAGE][PASSED] - Object: 'Object Repository/DispensaryToCms/Page_Dispensary Store/button_Add' is clicked on

2018-05-24 19:29:18 - [TEST_STEP][PASSED] - selectOptionByIndex: All options with index in [2] are selected on object 'Object Repository/DispensaryToCms/Page_Dispensary Store/select_--Select--Schedule 1Inj'

2018-05-24 19:29:18 - [MESSAGE][PASSED] - All options with index in [2] are selected on object 'Object Repository/DispensaryToCms/Page_Dispensary Store/select_--Select--Schedule 1Inj'

2018-05-24 19:29:18 - [TEST_STEP][PASSED] - selectOptionByIndex: All options with index in [3] are selected on object 'Object Repository/DispensaryToCms/Page_Dispensary Store/select_--Select--Adernaline 0.'

2018-05-24 19:29:18 - [MESSAGE][PASSED] - All options with index in [3] are selected on object 'Object Repository/DispensaryToCms/Page_Dispensary Store/select_--Select--Adernaline 0.'

2018-05-24 19:29:18 - [TEST_STEP][PASSED] - setText: Text '100' is set on object 'Object Repository/DispensaryToCms/Page_Dispensary Store/input_txttreat'

2018-05-24 19:29:18 - [MESSAGE][PASSED] - Text '100' is set on object 'Object Repository/DispensaryToCms/Page_Dispensary Store/input_txttreat'

2018-05-24 19:29:18 - [TEST_STEP][PASSED] - click: Object: 'Object Repository/DispensaryToCms/Page_Dispensary Store/button_Add' is clicked on

2018-05-24 19:29:18 - [MESSAGE][PASSED] - Object: 'Object Repository/DispensaryToCms/Page_Dispensary Store/button_Add' is clicked on

2018-05-24 19:29:18 - [TEST_STEP][PASSED] - selectOptionByIndex: All options with index in [2] are selected on object 'Object Repository/DispensaryToCms/Page_Dispensary Store/select_--Select--Schedule 1Inj'

2018-05-24 19:29:18 - [MESSAGE][PASSED] - All options with index in [2] are selected on object 'Object Repository/DispensaryToCms/Page_Dispensary Store/select_--Select--Schedule 1Inj'

2018-05-24 19:29:18 - [TEST_STEP][PASSED] - selectOptionByIndex: All options with index in [4] are selected on object 'Object Repository/DispensaryToCms/Page_Dispensary Store/select_--Select--Adernaline 0.'

2018-05-24 19:29:19 - [MESSAGE][PASSED] - All options with index in [4] are selected on object 'Object Repository/DispensaryToCms/Page_Dispensary Store/select_--Select--Adernaline 0.'

2018-05-24 19:29:19 - [TEST_STEP][PASSED] - setText: Text '100' is set on object 'Object Repository/DispensaryToCms/Page_Dispensary Store/input_txttreat'

2018-05-24 19:29:19 - [MESSAGE][PASSED] - Text '100' is set on object 'Object Repository/DispensaryToCms/Page_Dispensary Store/input_txttreat'

2018-05-24 19:29:19 - [TEST_STEP][PASSED] - click: Object: 'Object Repository/DispensaryToCms/Page_Dispensary Store/button_Add' is clicked on

2018-05-24 19:29:19 - [MESSAGE][PASSED] - Object: 'Object Repository/DispensaryToCms/Page_Dispensary Store/button_Add' is clicked on

2018-05-24 19:29:19 - [TEST_STEP][PASSED] - selectOptionByIndex: All options with index in [2] are selected on object 'Object Repository/DispensaryToCms/Page_Dispensary Store/select_--Select--Schedule 1Inj'

2018-05-24 19:29:19 - [MESSAGE][PASSED] - All options with index in [2] are selected on object 'Object Repository/DispensaryToCms/Page_Dispensary Store/select_--Select--Schedule 1Inj'

2018-05-24 19:29:19 - [TEST_STEP][PASSED] - selectOptionByIndex: All options with index in [5] are selected on object 'Object Repository/DispensaryToCms/Page_Dispensary Store/select_--Select--Adernaline 0.'

2018-05-24 19:29:19 - [MESSAGE][PASSED] - All options with index in [5] are selected on object 'Object Repository/DispensaryToCms/Page_Dispensary Store/select_--Select--Adernaline 0.'

2018-05-24 19:29:19 - [TEST_STEP][PASSED] - setText: Text '100' is set on object 'Object Repository/DispensaryToCms/Page_Dispensary Store/input_txttreat'

2018-05-24 19:29:19 - [MESSAGE][PASSED] - Text '100' is set on object 'Object Repository/DispensaryToCms/Page_Dispensary Store/input_txttreat'

2018-05-24 19:29:19 - [TEST_STEP][PASSED] - click: Object: 'Object Repository/DispensaryToCms/Page_Dispensary Store/button_Add' is clicked on

2018-05-24 19:29:19 - [MESSAGE][PASSED] - Object: 'Object Repository/DispensaryToCms/Page_Dispensary Store/button_Add' is clicked on

2018-05-24 19:29:19 - [TEST_STEP][PASSED] - selectOptionByIndex: All options with index in [2] are selected on object 'Object Repository/DispensaryToCms/Page_Dispensary Store/select_--Select--Schedule 1Inj'

2018-05-24 19:29:19 - [MESSAGE][PASSED] - All options with index in [2] are selected on object 'Object Repository/DispensaryToCms/Page_Dispensary Store/select_--Select--Schedule 1Inj'

2018-05-24 19:29:19 - [TEST_STEP][PASSED] - selectOptionByIndex: All options with index in [6] are selected on object 'Object Repository/DispensaryToCms/Page_Dispensary Store/select_--Select--Adernaline 0.'

2018-05-24 19:29:20 - [MESSAGE][PASSED] - All options with index in [6] are selected on object 'Object Repository/DispensaryToCms/Page_Dispensary Store/select_--Select--Adernaline 0.'

2018-05-24 19:29:20 - [TEST_STEP][PASSED] - setText: Text '100' is set on object 'Object Repository/DispensaryToCms/Page_Dispensary Store/input_txttreat'

2018-05-24 19:29:20 - [MESSAGE][PASSED] - Text '100' is set on object 'Object Repository/DispensaryToCms/Page_Dispensary Store/input_txttreat'

2018-05-24 19:29:20 - [TEST_STEP][PASSED] - click: Object: 'Object Repository/DispensaryToCms/Page_Dispensary Store/button_Add' is clicked on

2018-05-24 19:29:20 - [MESSAGE][PASSED] - Object: 'Object Repository/DispensaryToCms/Page_Dispensary Store/button_Add' is clicked on

2018-05-24 19:29:20 - [TEST_STEP][PASSED] - selectOptionByIndex: All options with index in [2] are selected on object 'Object Repository/DispensaryToCms/Page_Dispensary Store/select_--Select--Schedule 1Inj'

2018-05-24 19:29:20 - [MESSAGE][PASSED] - All options with index in [2] are selected on object 'Object Repository/DispensaryToCms/Page_Dispensary Store/select_--Select--Schedule 1Inj'

2018-05-24 19:29:20 - [TEST_STEP][PASSED] - selectOptionByIndex: All options with index in [7] are selected on object 'Object Repository/DispensaryToCms/Page_Dispensary Store/select_--Select--Adernaline 0.'

2018-05-24 19:29:20 - [MESSAGE][PASSED] - All options with index in [7] are selected on object 'Object Repository/DispensaryToCms/Page_Dispensary Store/select_--Select--Adernaline 0.'

2018-05-24 19:29:20 - [TEST_STEP][PASSED] - setText: Text '100' is set on object 'Object Repository/DispensaryToCms/Page_Dispensary Store/input_txttreat'

2018-05-24 19:29:20 - [MESSAGE][PASSED] - Text '100' is set on object 'Object Repository/DispensaryToCms/Page_Dispensary Store/input_txttreat'

2018-05-24 19:29:20 - [TEST_STEP][PASSED] - click: Object: 'Object Repository/DispensaryToCms/Page_Dispensary Store/button_Add' is clicked on

2018-05-24 19:29:20 - [MESSAGE][PASSED] - Object: 'Object Repository/DispensaryToCms/Page_Dispensary Store/button_Add' is clicked on

2018-05-24 19:29:20 - [TEST_STEP][PASSED] - selectOptionByIndex: All options with index in [2] are selected on object 'Object Repository/DispensaryToCms/Page_Dispensary Store/select_--Select--Schedule 1Inj'

2018-05-24 19:29:20 - [MESSAGE][PASSED] - All options with index in [2] are selected on object 'Object Repository/DispensaryToCms/Page_Dispensary Store/select_--Select--Schedule 1Inj'

2018-05-24 19:29:20 - [TEST_STEP][PASSED] - selectOptionByIndex: All options with index in [8] are selected on object 'Object Repository/DispensaryToCms/Page_Dispensary Store/select_--Select--Adernaline 0.'

2018-05-24 19:29:21 - [MESSAGE][PASSED] - All options with index in [8] are selected on object 'Object Repository/DispensaryToCms/Page_Dispensary Store/select_--Select--Adernaline 0.'

2018-05-24 19:29:21 - [TEST_STEP][PASSED] - setText: Text '100' is set on object 'Object Repository/DispensaryToCms/Page_Dispensary Store/input_txttreat'

2018-05-24 19:29:21 - [MESSAGE][PASSED] - Text '100' is set on object 'Object Repository/DispensaryToCms/Page_Dispensary Store/input_txttreat'

2018-05-24 19:29:21 - [TEST_STEP][PASSED] - click: Object: 'Object Repository/DispensaryToCms/Page_Dispensary Store/button_Add' is clicked on

2018-05-24 19:29:21 - [MESSAGE][PASSED] - Object: 'Object Repository/DispensaryToCms/Page_Dispensary Store/button_Add' is clicked on

2018-05-24 19:29:21 - [TEST_STEP][PASSED] - selectOptionByIndex: All options with index in [2] are selected on object 'Object Repository/DispensaryToCms/Page_Dispensary Store/select_--Select--Schedule 1Inj'

2018-05-24 19:29:21 - [MESSAGE][PASSED] - All options with index in [2] are selected on object 'Object Repository/DispensaryToCms/Page_Dispensary Store/select_--Select--Schedule 1Inj'

2018-05-24 19:29:21 - [TEST_STEP][PASSED] - selectOptionByIndex: All options with index in [9] are selected on object 'Object Repository/DispensaryToCms/Page_Dispensary Store/select_--Select--Adernaline 0.'

2018-05-24 19:29:21 - [MESSAGE][PASSED] - All options with index in [9] are selected on object 'Object Repository/DispensaryToCms/Page_Dispensary Store/select_--Select--Adernaline 0.'

2018-05-24 19:29:21 - [TEST_STEP][PASSED] - setText: Text '100' is set on object 'Object Repository/DispensaryToCms/Page_Dispensary Store/input_txttreat'

2018-05-24 19:29:21 - [MESSAGE][PASSED] - Text '100' is set on object 'Object Repository/DispensaryToCms/Page_Dispensary Store/input_txttreat'

2018-05-24 19:29:21 - [TEST_STEP][PASSED] - click: Object: 'Object Repository/DispensaryToCms/Page_Dispensary Store/button_Add' is clicked on

2018-05-24 19:29:21 - [MESSAGE][PASSED] - Object: 'Object Repository/DispensaryToCms/Page_Dispensary Store/button_Add' is clicked on

2018-05-24 19:29:21 - [TEST_STEP][PASSED] - selectOptionByIndex: All options with index in [2] are selected on object 'Object Repository/DispensaryToCms/Page_Dispensary Store/select_--Select--Schedule 1Inj'

2018-05-24 19:29:22 - [MESSAGE][PASSED] - All options with index in [2] are selected on object 'Object Repository/DispensaryToCms/Page_Dispensary Store/select_--Select--Schedule 1Inj'

2018-05-24 19:29:22 - [TEST_STEP][PASSED] - selectOptionByIndex: All options with index in [10] are selected on object 'Object Repository/DispensaryToCms/Page_Dispensary Store/select_--Select--Adernaline 0.'

2018-05-24 19:29:22 - [MESSAGE][PASSED] - All options with index in [10] are selected on object 'Object Repository/DispensaryToCms/Page_Dispensary Store/select_--Select--Adernaline 0.'

2018-05-24 19:29:22 - [TEST_STEP][PASSED] - setText: Text '100' is set on object 'Object Repository/DispensaryToCms/Page_Dispensary Store/input_txttreat'

2018-05-24 19:29:22 - [MESSAGE][PASSED] - Text '100' is set on object 'Object Repository/DispensaryToCms/Page_Dispensary Store/input_txttreat'

2018-05-24 19:29:22 - [TEST_STEP][PASSED] - click: Object: 'Object Repository/DispensaryToCms/Page_Dispensary Store/button_Add' is clicked on

2018-05-24 19:29:22 - [MESSAGE][PASSED] - Object: 'Object Repository/DispensaryToCms/Page_Dispensary Store/button_Add' is clicked on

2018-05-24 19:29:22 - [TEST_STEP][PASSED] - selectOptionByIndex: All options with index in [2] are selected on object 'Object Repository/DispensaryToCms/Page_Dispensary Store/select_--Select--Schedule 1Inj'

2018-05-24 19:29:22 - [MESSAGE][PASSED] - All options with index in [2] are selected on object 'Object Repository/DispensaryToCms/Page_Dispensary Store/select_--Select--Schedule 1Inj'

2018-05-24 19:29:22 - [TEST_STEP][PASSED] - selectOptionByIndex: All options with index in [11] are selected on object 'Object Repository/DispensaryToCms/Page_Dispensary Store/select_--Select--Adernaline 0.'

2018-05-24 19:29:22 - [MESSAGE][PASSED] - All options with index in [11] are selected on object 'Object Repository/DispensaryToCms/Page_Dispensary Store/select_--Select--Adernaline 0.'

2018-05-24 19:29:22 - [TEST_STEP][PASSED] - setText: Text '100' is set on object 'Object Repository/DispensaryToCms/Page_Dispensary Store/input_txttreat'

2018-05-24 19:29:22 - [MESSAGE][PASSED] - Text '100' is set on object 'Object Repository/DispensaryToCms/Page_Dispensary Store/input_txttreat'

2018-05-24 19:29:22 - [TEST_STEP][PASSED] - click: Object: 'Object Repository/DispensaryToCms/Page_Dispensary Store/button_Add' is clicked on

2018-05-24 19:29:22 - [MESSAGE][PASSED] - Object: 'Object Repository/DispensaryToCms/Page_Dispensary Store/button_Add' is clicked on

2018-05-24 19:29:22 - [TEST_STEP][PASSED] - selectOptionByIndex: All options with index in [2] are selected on object 'Object Repository/DispensaryToCms/Page_Dispensary Store/select_--Select--Schedule 1Inj'

2018-05-24 19:29:23 - [MESSAGE][PASSED] - All options with index in [2] are selected on object 'Object Repository/DispensaryToCms/Page_Dispensary Store/select_--Select--Schedule 1Inj'

2018-05-24 19:29:23 - [TEST_STEP][PASSED] - selectOptionByIndex: All options with index in [12] are selected on object 'Object Repository/DispensaryToCms/Page_Dispensary Store/select_--Select--Adernaline 0.'

2018-05-24 19:29:23 - [MESSAGE][PASSED] - All options with index in [12] are selected on object 'Object Repository/DispensaryToCms/Page_Dispensary Store/select_--Select--Adernaline 0.'

2018-05-24 19:29:23 - [TEST_STEP][PASSED] - setText: Text '100' is set on object 'Object Repository/DispensaryToCms/Page_Dispensary Store/input_txttreat'

2018-05-24 19:29:23 - [MESSAGE][PASSED] - Text '100' is set on object 'Object Repository/DispensaryToCms/Page_Dispensary Store/input_txttreat'

2018-05-24 19:29:23 - [TEST_STEP][PASSED] - click: Object: 'Object Repository/DispensaryToCms/Page_Dispensary Store/button_Add' is clicked on

2018-05-24 19:29:23 - [MESSAGE][PASSED] - Object: 'Object Repository/DispensaryToCms/Page_Dispensary Store/button_Add' is clicked on

2018-05-24 19:29:23 - [TEST_STEP][PASSED] - selectOptionByIndex: All options with index in [2] are selected on object 'Object Repository/DispensaryToCms/Page_Dispensary Store/select_--Select--Schedule 1Inj'

2018-05-24 19:29:23 - [MESSAGE][PASSED] - All options with index in [2] are selected on object 'Object Repository/DispensaryToCms/Page_Dispensary Store/select_--Select--Schedule 1Inj'

2018-05-24 19:29:23 - [TEST_STEP][PASSED] - selectOptionByIndex: All options with index in [13] are selected on object 'Object Repository/DispensaryToCms/Page_Dispensary Store/select_--Select--Adernaline 0.'

2018-05-24 19:29:24 - [MESSAGE][PASSED] - All options with index in [13] are selected on object 'Object Repository/DispensaryToCms/Page_Dispensary Store/select_--Select--Adernaline 0.'

2018-05-24 19:29:24 - [TEST_STEP][PASSED] - setText: Text '100' is set on object 'Object Repository/DispensaryToCms/Page_Dispensary Store/input_txttreat'

2018-05-24 19:29:24 - [MESSAGE][PASSED] - Text '100' is set on object 'Object Repository/DispensaryToCms/Page_Dispensary Store/input_txttreat'

2018-05-24 19:29:24 - [TEST_STEP][PASSED] - click: Object: 'Object Repository/DispensaryToCms/Page_Dispensary Store/button_Add' is clicked on

2018-05-24 19:29:24 - [MESSAGE][PASSED] - Object: 'Object Repository/DispensaryToCms/Page_Dispensary Store/button_Add' is clicked on

2018-05-24 19:29:24 - [TEST_STEP][PASSED] - selectOptionByIndex: All options with index in [2] are selected on object 'Object Repository/DispensaryToCms/Page_Dispensary Store/select_--Select--Schedule 1Inj'

2018-05-24 19:29:24 - [MESSAGE][PASSED] - All options with index in [2] are selected on object 'Object Repository/DispensaryToCms/Page_Dispensary Store/select_--Select--Schedule 1Inj'

2018-05-24 19:29:24 - [TEST_STEP][PASSED] - selectOptionByIndex: All options with index in [14] are selected on object 'Object Repository/DispensaryToCms/Page_Dispensary Store/select_--Select--Adernaline 0.'

2018-05-24 19:29:24 - [MESSAGE][PASSED] - All options with index in [14] are selected on object 'Object Repository/DispensaryToCms/Page_Dispensary Store/select_--Select--Adernaline 0.'

2018-05-24 19:29:24 - [TEST_STEP][PASSED] - setText: Text '100' is set on object 'Object Repository/DispensaryToCms/Page_Dispensary Store/input_txttreat'

2018-05-24 19:29:24 - [MESSAGE][PASSED] - Text '100' is set on object 'Object Repository/DispensaryToCms/Page_Dispensary Store/input_txttreat'

2018-05-24 19:29:24 - [TEST_STEP][PASSED] - click: Object: 'Object Repository/DispensaryToCms/Page_Dispensary Store/button_Add' is clicked on

2018-05-24 19:29:24 - [MESSAGE][PASSED] - Object: 'Object Repository/DispensaryToCms/Page_Dispensary Store/button_Add' is clicked on

2018-05-24 19:29:24 - [TEST_STEP][PASSED] - selectOptionByIndex: All options with index in [2] are selected on object 'Object Repository/DispensaryToCms/Page_Dispensary Store/select_--Select--Schedule 1Inj'

2018-05-24 19:29:24 - [MESSAGE][PASSED] - All options with index in [2] are selected on object 'Object Repository/DispensaryToCms/Page_Dispensary Store/select_--Select--Schedule 1Inj'

2018-05-24 19:29:24 - [TEST_STEP][PASSED] - selectOptionByIndex: All options with index in [15] are selected on object 'Object Repository/DispensaryToCms/Page_Dispensary Store/select_--Select--Adernaline 0.'

2018-05-24 19:29:25 - [MESSAGE][PASSED] - All options with index in [15] are selected on object 'Object Repository/DispensaryToCms/Page_Dispensary Store/select_--Select--Adernaline 0.'

2018-05-24 19:29:25 - [TEST_STEP][PASSED] - setText: Text '100' is set on object 'Object Repository/DispensaryToCms/Page_Dispensary Store/input_txttreat'

2018-05-24 19:29:25 - [MESSAGE][PASSED] - Text '100' is set on object 'Object Repository/DispensaryToCms/Page_Dispensary Store/input_txttreat'

2018-05-24 19:29:25 - [TEST_STEP][PASSED] - click: Object: 'Object Repository/DispensaryToCms/Page_Dispensary Store/button_Add' is clicked on

2018-05-24 19:29:25 - [MESSAGE][PASSED] - Object: 'Object Repository/DispensaryToCms/Page_Dispensary Store/button_Add' is clicked on

2018-05-24 19:29:25 - [TEST_STEP][PASSED] - selectOptionByIndex: All options with index in [2] are selected on object 'Object Repository/DispensaryToCms/Page_Dispensary Store/select_--Select--Schedule 1Inj'

2018-05-24 19:29:25 - [MESSAGE][PASSED] - All options with index in [2] are selected on object 'Object Repository/DispensaryToCms/Page_Dispensary Store/select_--Select--Schedule 1Inj'

2018-05-24 19:29:25 - [TEST_STEP][PASSED] - selectOptionByIndex: All options with index in [16] are selected on object 'Object Repository/DispensaryToCms/Page_Dispensary Store/select_--Select--Adernaline 0.'

2018-05-24 19:29:25 - [MESSAGE][PASSED] - All options with index in [16] are selected on object 'Object Repository/DispensaryToCms/Page_Dispensary Store/select_--Select--Adernaline 0.'

2018-05-24 19:29:25 - [TEST_STEP][PASSED] - setText: Text '100' is set on object 'Object Repository/DispensaryToCms/Page_Dispensary Store/input_txttreat'

2018-05-24 19:29:26 - [MESSAGE][PASSED] - Text '100' is set on object 'Object Repository/DispensaryToCms/Page_Dispensary Store/input_txttreat'

2018-05-24 19:29:26 - [TEST_STEP][PASSED] - click: Object: 'Object Repository/DispensaryToCms/Page_Dispensary Store/button_Add' is clicked on

2018-05-24 19:29:26 - [MESSAGE][PASSED] - Object: 'Object Repository/DispensaryToCms/Page_Dispensary Store/button_Add' is clicked on

2018-05-24 19:29:26 - [TEST_STEP][PASSED] - selectOptionByIndex: All options with index in [2] are selected on object 'Object Repository/DispensaryToCms/Page_Dispensary Store/select_--Select--Schedule 1Inj'

2018-05-24 19:29:26 - [MESSAGE][PASSED] - All options with index in [2] are selected on object 'Object Repository/DispensaryToCms/Page_Dispensary Store/select_--Select--Schedule 1Inj'

2018-05-24 19:29:26 - [TEST_STEP][PASSED] - selectOptionByIndex: All options with index in [17] are selected on object 'Object Repository/DispensaryToCms/Page_Dispensary Store/select_--Select--Adernaline 0.'

2018-05-24 19:29:26 - [MESSAGE][PASSED] - All options with index in [17] are selected on object 'Object Repository/DispensaryToCms/Page_Dispensary Store/select_--Select--Adernaline 0.'

2018-05-24 19:29:26 - [TEST_STEP][PASSED] - setText: Text '100' is set on object 'Object Repository/DispensaryToCms/Page_Dispensary Store/input_txttreat'

2018-05-24 19:29:26 - [MESSAGE][PASSED] - Text '100' is set on object 'Object Repository/DispensaryToCms/Page_Dispensary Store/input_txttreat'

2018-05-24 19:29:26 - [TEST_STEP][PASSED] - click: Object: 'Object Repository/DispensaryToCms/Page_Dispensary Store/button_Add' is clicked on

2018-05-24 19:29:26 - [MESSAGE][PASSED] - Object: 'Object Repository/DispensaryToCms/Page_Dispensary Store/button_Add' is clicked on

2018-05-24 19:29:26 - [TEST_STEP][PASSED] - selectOptionByIndex: All options with index in [2] are selected on object 'Object Repository/DispensaryToCms/Page_Dispensary Store/select_--Select--Schedule 1Inj'

2018-05-24 19:29:26 - [MESSAGE][PASSED] - All options with index in [2] are selected on object 'Object Repository/DispensaryToCms/Page_Dispensary Store/select_--Select--Schedule 1Inj'

2018-05-24 19:29:26 - [TEST_STEP][PASSED] - selectOptionByIndex: All options with index in [18] are selected on object 'Object Repository/DispensaryToCms/Page_Dispensary Store/select_--Select--Adernaline 0.'

2018-05-24 19:29:27 - [MESSAGE][PASSED] - All options with index in [18] are selected on object 'Object Repository/DispensaryToCms/Page_Dispensary Store/select_--Select--Adernaline 0.'

2018-05-24 19:29:27 - [TEST_STEP][PASSED] - setText: Text '100' is set on object 'Object Repository/DispensaryToCms/Page_Dispensary Store/input_txttreat'

2018-05-24 19:29:27 - [MESSAGE][PASSED] - Text '100' is set on object 'Object Repository/DispensaryToCms/Page_Dispensary Store/input_txttreat'

2018-05-24 19:29:27 - [TEST_STEP][PASSED] - click: Object: 'Object Repository/DispensaryToCms/Page_Dispensary Store/button_Add' is clicked on

2018-05-24 19:29:27 - [MESSAGE][PASSED] - Object: 'Object Repository/DispensaryToCms/Page_Dispensary Store/button_Add' is clicked on

2018-05-24 19:29:27 - [TEST_STEP][PASSED] - selectOptionByIndex: All options with index in [2] are selected on object 'Object Repository/DispensaryToCms/Page_Dispensary Store/select_--Select--Schedule 1Inj'

2018-05-24 19:29:27 - [MESSAGE][PASSED] - All options with index in [2] are selected on object 'Object Repository/DispensaryToCms/Page_Dispensary Store/select_--Select--Schedule 1Inj'

2018-05-24 19:29:27 - [TEST_STEP][PASSED] - selectOptionByIndex: All options with index in [19] are selected on object 'Object Repository/DispensaryToCms/Page_Dispensary Store/select_--Select--Adernaline 0.'

2018-05-24 19:29:27 - [MESSAGE][PASSED] - All options with index in [19] are selected on object 'Object Repository/DispensaryToCms/Page_Dispensary Store/select_--Select--Adernaline 0.'

2018-05-24 19:29:27 - [TEST_STEP][PASSED] - setText: Text '100' is set on object 'Object Repository/DispensaryToCms/Page_Dispensary Store/input_txttreat'

2018-05-24 19:29:27 - [MESSAGE][PASSED] - Text '100' is set on object 'Object Repository/DispensaryToCms/Page_Dispensary Store/input_txttreat'

2018-05-24 19:29:27 - [TEST_STEP][PASSED] - click: Object: 'Object Repository/DispensaryToCms/Page_Dispensary Store/button_Add' is clicked on

2018-05-24 19:29:28 - [MESSAGE][PASSED] - Object: 'Object Repository/DispensaryToCms/Page_Dispensary Store/button_Add' is clicked on

2018-05-24 19:29:28 - [TEST_STEP][PASSED] - selectOptionByIndex: All options with index in [2] are selected on object 'Object Repository/DispensaryToCms/Page_Dispensary Store/select_--Select--Schedule 1Inj'

2018-05-24 19:29:28 - [MESSAGE][PASSED] - All options with index in [2] are selected on object 'Object Repository/DispensaryToCms/Page_Dispensary Store/select_--Select--Schedule 1Inj'

2018-05-24 19:29:28 - [TEST_STEP][PASSED] - selectOptionByIndex: All options with index in [20] are selected on object 'Object Repository/DispensaryToCms/Page_Dispensary Store/select_--Select--Adernaline 0.'

2018-05-24 19:29:28 - [MESSAGE][PASSED] - All options with index in [20] are selected on object 'Object Repository/DispensaryToCms/Page_Dispensary Store/select_--Select--Adernaline 0.'

2018-05-24 19:29:28 - [TEST_STEP][PASSED] - setText: Text '100' is set on object 'Object Repository/DispensaryToCms/Page_Dispensary Store/input_txttreat'

2018-05-24 19:29:28 - [MESSAGE][PASSED] - Text '100' is set on object 'Object Repository/DispensaryToCms/Page_Dispensary Store/input_txttreat'

2018-05-24 19:29:28 - [TEST_STEP][PASSED] - click: Object: 'Object Repository/DispensaryToCms/Page_Dispensary Store/button_Add' is clicked on

2018-05-24 19:29:28 - [MESSAGE][PASSED] - Object: 'Object Repository/DispensaryToCms/Page_Dispensary Store/button_Add' is clicked on

2018-05-24 19:29:28 - [TEST_STEP][PASSED] - selectOptionByIndex: All options with index in [2] are selected on object 'Object Repository/DispensaryToCms/Page_Dispensary Store/select_--Select--Schedule 1Inj'

2018-05-24 19:29:28 - [MESSAGE][PASSED] - All options with index in [2] are selected on object 'Object Repository/DispensaryToCms/Page_Dispensary Store/select_--Select--Schedule 1Inj'

2018-05-24 19:29:28 - [TEST_STEP][PASSED] - selectOptionByIndex: All options with index in [21] are selected on object 'Object Repository/DispensaryToCms/Page_Dispensary Store/select_--Select--Adernaline 0.'

2018-05-24 19:29:29 - [MESSAGE][PASSED] - All options with index in [21] are selected on object 'Object Repository/DispensaryToCms/Page_Dispensary Store/select_--Select--Adernaline 0.'

2018-05-24 19:29:29 - [TEST_STEP][PASSED] - setText: Text '100' is set on object 'Object Repository/DispensaryToCms/Page_Dispensary Store/input_txttreat'

2018-05-24 19:29:29 - [MESSAGE][PASSED] - Text '100' is set on object 'Object Repository/DispensaryToCms/Page_Dispensary Store/input_txttreat'

2018-05-24 19:29:29 - [TEST_STEP][PASSED] - click: Object: 'Object Repository/DispensaryToCms/Page_Dispensary Store/button_Add' is clicked on

2018-05-24 19:29:29 - [MESSAGE][PASSED] - Object: 'Object Repository/DispensaryToCms/Page_Dispensary Store/button_Add' is clicked on

2018-05-24 19:29:29 - [TEST_STEP][PASSED] - selectOptionByIndex: All options with index in [2] are selected on object 'Object Repository/DispensaryToCms/Page_Dispensary Store/select_--Select--Schedule 1Inj'

2018-05-24 19:29:29 - [MESSAGE][PASSED] - All options with index in [2] are selected on object 'Object Repository/DispensaryToCms/Page_Dispensary Store/select_--Select--Schedule 1Inj'

2018-05-24 19:29:29 - [TEST_STEP][FAILED] - selectOptionByIndex: Unable to select option by index '22' of object 'Object Repository/DispensaryToCms/Page_Dispensary Store/select_--Select--Adernaline 0.' (Root cause: org.openqa.selenium.NoSuchElementException: Cannot locate option with index: 22
For documentation on this error, please visit: http://seleniumhq.org/exceptions/no_such_element.html
Build info: version: '3.7.1', revision: '8a0099a', time: '2017-11-06T21:07:36.161Z'
System info: host: 'DESKTOP-BLFTK83', ip: '169.254.189.85', os.name: 'Windows 10', os.arch: 'amd64', os.version: '10.0', java.version: '1.8.0_102'
Driver info: driver.version: unknown)

2018-05-24 19:29:29 - [MESSAGE][FAILED] - Unable to select option by index '22' of object 'Object Repository/DispensaryToCms/Page_Dispensary Store/select_--Select--Adernaline 0.' (Root cause: org.openqa.selenium.NoSuchElementException: Cannot locate option with index: 22
For documentation on this error, please visit: http://seleniumhq.org/exceptions/no_such_element.html
Build info: version: '3.7.1', revision: '8a0099a', time: '2017-11-06T21:07:36.161Z'
System info: host: 'DESKTOP-BLFTK83', ip: '169.254.189.85', os.name: 'Windows 10', os.arch: 'amd64', os.version: '10.0', java.version: '1.8.0_102'
Driver info: driver.version: unknown)
[[ATTACHMENT|C:\\Users\\Quality Analyst\\Katalon Studio\\ds\\Reports\\Dispensary_Cms_Suite\\20180524_192520\\1527170369564.png]]]]></system-out>
         <system-err><![CDATA[2018-05-24 19:28:58 - [TEST_CASE][FAILED] - Test Cases/DISPENSARY TEST CASES/TC_DP_014 Verify Schedule 2 Dispensary To CMS Request Are Working Successfully Or Not: Test Cases/DISPENSARY TEST CASES/TC_DP_014 Verify Schedule 2 Dispensary To CMS Request Are Working Successfully Or Not FAILED because (of) Unable to select option by index '22' of object 'Object Repository/DispensaryToCms/Page_Dispensary Store/select_--Select--Adernaline 0.' (Root cause: org.openqa.selenium.NoSuchElementException: Cannot locate option with index: 22
For documentation on this error, please visit: http://seleniumhq.org/exceptions/no_such_element.html
Build info: version: '3.7.1', revision: '8a0099a', time: '2017-11-06T21:07:36.161Z'
System info: host: 'DESKTOP-BLFTK83', ip: '169.254.189.85', os.name: 'Windows 10', os.arch: 'amd64', os.version: '10.0', java.version: '1.8.0_102'
Driver info: driver.version: unknown)]]></system-err>
      </testcase>
      <testcase name="Test Cases/DISPENSARY TEST CASES/TC_DP_015 Verify Schedule 3 Dispensary To CMS Request Are Working Successfully Or Not" classname="Test Cases/DISPENSARY TEST CASES/TC_DP_015 Verify Schedule 3 Dispensary To CMS Request Are Working Successfully Or Not" status="ERROR">
         <error type="ERROR" message="Test Cases/DISPENSARY TEST CASES/TC_DP_015 Verify Schedule 3 Dispensary To CMS Request Are Working Successfully Or Not FAILED because (of) java.lang.NumberFormatException: For input string: &quot;&quot;"/>
         <system-out><![CDATA[2018-05-24 19:29:29 - [TEST_CASE][ERROR] - Test Cases/DISPENSARY TEST CASES/TC_DP_015 Verify Schedule 3 Dispensary To CMS Request Are Working Successfully Or Not: Test Cases/DISPENSARY TEST CASES/TC_DP_015 Verify Schedule 3 Dispensary To CMS Request Are Working Successfully Or Not FAILED because (of) java.lang.NumberFormatException: For input string: ""

2018-05-24 19:29:30 - [TEST_STEP][PASSED] - openBrowser: Browser is opened with url: ''

2018-05-24 19:29:30 - [MESSAGE][WARNING] - A browser is already opened. Closing browser and opening a new one

2018-05-24 19:29:32 - [MESSAGE][PASSED] - Browser is opened with url: ''

2018-05-24 19:29:32 - [TEST_STEP][PASSED] - navigateToUrl: Navigate to 'http://192.168.137.1/multihospital_new/HDSplashscreen.aspx' successfully

2018-05-24 19:29:35 - [MESSAGE][PASSED] - Navigate to 'http://192.168.137.1/multihospital_new/HDSplashscreen.aspx' successfully

2018-05-24 19:29:35 - [TEST_STEP][PASSED] - maximizeWindow: Current window maximized

2018-05-24 19:29:36 - [MESSAGE][PASSED] - Current window maximized

2018-05-24 19:29:36 - [TEST_STEP][PASSED] - click: Object: 'Object Repository/DispensaryToCms/Page_KDMC/a_Dispensary Store' is clicked on

2018-05-24 19:29:37 - [MESSAGE][PASSED] - Object: 'Object Repository/DispensaryToCms/Page_KDMC/a_Dispensary Store' is clicked on

2018-05-24 19:29:37 - [TEST_STEP][PASSED] - setText: Text 'rajaram' is set on object 'Object Repository/DispensaryToCms/Page_Dispensary Store Login/input_txtusername'

2018-05-24 19:29:37 - [MESSAGE][PASSED] - Text 'rajaram' is set on object 'Object Repository/DispensaryToCms/Page_Dispensary Store Login/input_txtusername'

2018-05-24 19:29:37 - [TEST_STEP][PASSED] - setText: Text '123' is set on object 'Object Repository/DispensaryToCms/Page_Dispensary Store Login/input_txtpassword'

2018-05-24 19:29:37 - [MESSAGE][PASSED] - Text '123' is set on object 'Object Repository/DispensaryToCms/Page_Dispensary Store Login/input_txtpassword'

2018-05-24 19:29:37 - [TEST_STEP][PASSED] - delay: Delayed 3 second(s)

2018-05-24 19:29:40 - [MESSAGE][PASSED] - Delayed 3 second(s)

2018-05-24 19:29:40 - [TEST_STEP][PASSED] - click: Object: 'Object Repository/DispensaryToCms/Page_Dispensary Store Login/button_Sign in' is clicked on

2018-05-24 19:29:41 - [MESSAGE][PASSED] - Object: 'Object Repository/DispensaryToCms/Page_Dispensary Store Login/button_Sign in' is clicked on

2018-05-24 19:29:41 - [TEST_STEP][PASSED] - delay: Delayed 3 second(s)

2018-05-24 19:29:44 - [MESSAGE][PASSED] - Delayed 3 second(s)

2018-05-24 19:29:44 - [TEST_STEP][PASSED] - click: Object: 'Object Repository/DispensaryToCms/Page_Dispensary Store/a_CMS' is clicked on

2018-05-24 19:29:44 - [MESSAGE][PASSED] - Object: 'Object Repository/DispensaryToCms/Page_Dispensary Store/a_CMS' is clicked on

2018-05-24 19:29:44 - [TEST_STEP][PASSED] - click: Object: 'Object Repository/DispensaryToCms/Page_Dispensary Store/a_Request Send' is clicked on

2018-05-24 19:29:44 - [MESSAGE][PASSED] - Object: 'Object Repository/DispensaryToCms/Page_Dispensary Store/a_Request Send' is clicked on

2018-05-24 19:29:44 - [TEST_STEP][PASSED] - delay: Delayed 2 second(s)

2018-05-24 19:29:46 - [MESSAGE][PASSED] - Delayed 2 second(s)

2018-05-24 19:29:46 - [TEST_STEP][PASSED] - selectOptionByIndex: All options with index in [2] are selected on object 'Object Repository/DispensaryToCms/Page_Dispensary Store/select_--Select--'

2018-05-24 19:29:47 - [MESSAGE][PASSED] - All options with index in [2] are selected on object 'Object Repository/DispensaryToCms/Page_Dispensary Store/select_--Select--'

2018-05-24 19:29:47 - [TEST_STEP][PASSED] - selectOptionByIndex: All options with index in [3] are selected on object 'Object Repository/DispensaryToCms/Page_Dispensary Store/select_--Select--Schedule 1Inj'

2018-05-24 19:29:47 - [MESSAGE][PASSED] - All options with index in [3] are selected on object 'Object Repository/DispensaryToCms/Page_Dispensary Store/select_--Select--Schedule 1Inj'

2018-05-24 19:29:47 - [TEST_STEP][PASSED] - Statement - medicineslength = com.kms.katalon.core.webui.keyword.WebUiBuiltInKeywords.getNumberOfTotalOption(com.kms.katalon.core.testobject.ObjectRepository.findTestObject(DispensaryToCms/Page_Dispensary Store/select_--Select--Adernaline 0.)): 37 options of object 'Object Repository/DispensaryToCms/Page_Dispensary Store/select_--Select--Adernaline 0.' counted

2018-05-24 19:29:47 - [MESSAGE][PASSED] - 37 options of object 'Object Repository/DispensaryToCms/Page_Dispensary Store/select_--Select--Adernaline 0.' counted

2018-05-24 19:29:47 - [TEST_STEP][PASSED] - Statement - For ([e = 1, e <= medicineslength - 1, (e++)]): Object: 'Object Repository/DispensaryToCms/Page_Dispensary Store/button_Add' is clicked on

2018-05-24 19:29:47 - [TEST_STEP][PASSED] - selectOptionByIndex: All options with index in [3] are selected on object 'Object Repository/DispensaryToCms/Page_Dispensary Store/select_--Select--Schedule 1Inj'

2018-05-24 19:29:47 - [MESSAGE][PASSED] - All options with index in [3] are selected on object 'Object Repository/DispensaryToCms/Page_Dispensary Store/select_--Select--Schedule 1Inj'

2018-05-24 19:29:47 - [TEST_STEP][PASSED] - selectOptionByIndex: All options with index in [1] are selected on object 'Object Repository/DispensaryToCms/Page_Dispensary Store/select_--Select--Adernaline 0.'

2018-05-24 19:29:47 - [MESSAGE][PASSED] - All options with index in [1] are selected on object 'Object Repository/DispensaryToCms/Page_Dispensary Store/select_--Select--Adernaline 0.'

2018-05-24 19:29:47 - [TEST_STEP][PASSED] - setText: Text '100' is set on object 'Object Repository/DispensaryToCms/Page_Dispensary Store/input_txttreat'

2018-05-24 19:29:47 - [MESSAGE][PASSED] - Text '100' is set on object 'Object Repository/DispensaryToCms/Page_Dispensary Store/input_txttreat'

2018-05-24 19:29:47 - [TEST_STEP][PASSED] - click: Object: 'Object Repository/DispensaryToCms/Page_Dispensary Store/button_Add' is clicked on

2018-05-24 19:29:47 - [MESSAGE][PASSED] - Object: 'Object Repository/DispensaryToCms/Page_Dispensary Store/button_Add' is clicked on

2018-05-24 19:29:47 - [TEST_STEP][PASSED] - selectOptionByIndex: All options with index in [3] are selected on object 'Object Repository/DispensaryToCms/Page_Dispensary Store/select_--Select--Schedule 1Inj'

2018-05-24 19:29:47 - [MESSAGE][PASSED] - All options with index in [3] are selected on object 'Object Repository/DispensaryToCms/Page_Dispensary Store/select_--Select--Schedule 1Inj'

2018-05-24 19:29:47 - [TEST_STEP][PASSED] - selectOptionByIndex: All options with index in [2] are selected on object 'Object Repository/DispensaryToCms/Page_Dispensary Store/select_--Select--Adernaline 0.'

2018-05-24 19:29:48 - [MESSAGE][PASSED] - All options with index in [2] are selected on object 'Object Repository/DispensaryToCms/Page_Dispensary Store/select_--Select--Adernaline 0.'

2018-05-24 19:29:48 - [TEST_STEP][PASSED] - setText: Text '100' is set on object 'Object Repository/DispensaryToCms/Page_Dispensary Store/input_txttreat'

2018-05-24 19:29:48 - [MESSAGE][PASSED] - Text '100' is set on object 'Object Repository/DispensaryToCms/Page_Dispensary Store/input_txttreat'

2018-05-24 19:29:48 - [TEST_STEP][PASSED] - click: Object: 'Object Repository/DispensaryToCms/Page_Dispensary Store/button_Add' is clicked on

2018-05-24 19:29:48 - [MESSAGE][PASSED] - Object: 'Object Repository/DispensaryToCms/Page_Dispensary Store/button_Add' is clicked on

2018-05-24 19:29:48 - [TEST_STEP][PASSED] - selectOptionByIndex: All options with index in [3] are selected on object 'Object Repository/DispensaryToCms/Page_Dispensary Store/select_--Select--Schedule 1Inj'

2018-05-24 19:29:48 - [MESSAGE][PASSED] - All options with index in [3] are selected on object 'Object Repository/DispensaryToCms/Page_Dispensary Store/select_--Select--Schedule 1Inj'

2018-05-24 19:29:48 - [TEST_STEP][PASSED] - selectOptionByIndex: All options with index in [3] are selected on object 'Object Repository/DispensaryToCms/Page_Dispensary Store/select_--Select--Adernaline 0.'

2018-05-24 19:29:48 - [MESSAGE][PASSED] - All options with index in [3] are selected on object 'Object Repository/DispensaryToCms/Page_Dispensary Store/select_--Select--Adernaline 0.'

2018-05-24 19:29:48 - [TEST_STEP][PASSED] - setText: Text '100' is set on object 'Object Repository/DispensaryToCms/Page_Dispensary Store/input_txttreat'

2018-05-24 19:29:48 - [MESSAGE][PASSED] - Text '100' is set on object 'Object Repository/DispensaryToCms/Page_Dispensary Store/input_txttreat'

2018-05-24 19:29:48 - [TEST_STEP][PASSED] - click: Object: 'Object Repository/DispensaryToCms/Page_Dispensary Store/button_Add' is clicked on

2018-05-24 19:29:48 - [MESSAGE][PASSED] - Object: 'Object Repository/DispensaryToCms/Page_Dispensary Store/button_Add' is clicked on

2018-05-24 19:29:48 - [TEST_STEP][PASSED] - selectOptionByIndex: All options with index in [3] are selected on object 'Object Repository/DispensaryToCms/Page_Dispensary Store/select_--Select--Schedule 1Inj'

2018-05-24 19:29:48 - [MESSAGE][PASSED] - All options with index in [3] are selected on object 'Object Repository/DispensaryToCms/Page_Dispensary Store/select_--Select--Schedule 1Inj'

2018-05-24 19:29:48 - [TEST_STEP][PASSED] - selectOptionByIndex: All options with index in [4] are selected on object 'Object Repository/DispensaryToCms/Page_Dispensary Store/select_--Select--Adernaline 0.'

2018-05-24 19:29:49 - [MESSAGE][PASSED] - All options with index in [4] are selected on object 'Object Repository/DispensaryToCms/Page_Dispensary Store/select_--Select--Adernaline 0.'

2018-05-24 19:29:49 - [TEST_STEP][PASSED] - setText: Text '100' is set on object 'Object Repository/DispensaryToCms/Page_Dispensary Store/input_txttreat'

2018-05-24 19:29:49 - [MESSAGE][PASSED] - Text '100' is set on object 'Object Repository/DispensaryToCms/Page_Dispensary Store/input_txttreat'

2018-05-24 19:29:49 - [TEST_STEP][PASSED] - click: Object: 'Object Repository/DispensaryToCms/Page_Dispensary Store/button_Add' is clicked on

2018-05-24 19:29:49 - [MESSAGE][PASSED] - Object: 'Object Repository/DispensaryToCms/Page_Dispensary Store/button_Add' is clicked on

2018-05-24 19:29:49 - [TEST_STEP][PASSED] - selectOptionByIndex: All options with index in [3] are selected on object 'Object Repository/DispensaryToCms/Page_Dispensary Store/select_--Select--Schedule 1Inj'

2018-05-24 19:29:49 - [MESSAGE][PASSED] - All options with index in [3] are selected on object 'Object Repository/DispensaryToCms/Page_Dispensary Store/select_--Select--Schedule 1Inj'

2018-05-24 19:29:49 - [TEST_STEP][PASSED] - selectOptionByIndex: All options with index in [5] are selected on object 'Object Repository/DispensaryToCms/Page_Dispensary Store/select_--Select--Adernaline 0.'

2018-05-24 19:29:49 - [MESSAGE][PASSED] - All options with index in [5] are selected on object 'Object Repository/DispensaryToCms/Page_Dispensary Store/select_--Select--Adernaline 0.'

2018-05-24 19:29:49 - [TEST_STEP][PASSED] - setText: Text '100' is set on object 'Object Repository/DispensaryToCms/Page_Dispensary Store/input_txttreat'

2018-05-24 19:29:49 - [MESSAGE][PASSED] - Text '100' is set on object 'Object Repository/DispensaryToCms/Page_Dispensary Store/input_txttreat'

2018-05-24 19:29:49 - [TEST_STEP][PASSED] - click: Object: 'Object Repository/DispensaryToCms/Page_Dispensary Store/button_Add' is clicked on

2018-05-24 19:29:49 - [MESSAGE][PASSED] - Object: 'Object Repository/DispensaryToCms/Page_Dispensary Store/button_Add' is clicked on

2018-05-24 19:29:49 - [TEST_STEP][PASSED] - selectOptionByIndex: All options with index in [3] are selected on object 'Object Repository/DispensaryToCms/Page_Dispensary Store/select_--Select--Schedule 1Inj'

2018-05-24 19:29:49 - [MESSAGE][PASSED] - All options with index in [3] are selected on object 'Object Repository/DispensaryToCms/Page_Dispensary Store/select_--Select--Schedule 1Inj'

2018-05-24 19:29:49 - [TEST_STEP][PASSED] - selectOptionByIndex: All options with index in [6] are selected on object 'Object Repository/DispensaryToCms/Page_Dispensary Store/select_--Select--Adernaline 0.'

2018-05-24 19:29:50 - [MESSAGE][PASSED] - All options with index in [6] are selected on object 'Object Repository/DispensaryToCms/Page_Dispensary Store/select_--Select--Adernaline 0.'

2018-05-24 19:29:50 - [TEST_STEP][PASSED] - setText: Text '100' is set on object 'Object Repository/DispensaryToCms/Page_Dispensary Store/input_txttreat'

2018-05-24 19:29:50 - [MESSAGE][PASSED] - Text '100' is set on object 'Object Repository/DispensaryToCms/Page_Dispensary Store/input_txttreat'

2018-05-24 19:29:50 - [TEST_STEP][PASSED] - click: Object: 'Object Repository/DispensaryToCms/Page_Dispensary Store/button_Add' is clicked on

2018-05-24 19:29:50 - [MESSAGE][PASSED] - Object: 'Object Repository/DispensaryToCms/Page_Dispensary Store/button_Add' is clicked on

2018-05-24 19:29:50 - [TEST_STEP][PASSED] - selectOptionByIndex: All options with index in [3] are selected on object 'Object Repository/DispensaryToCms/Page_Dispensary Store/select_--Select--Schedule 1Inj'

2018-05-24 19:29:50 - [MESSAGE][PASSED] - All options with index in [3] are selected on object 'Object Repository/DispensaryToCms/Page_Dispensary Store/select_--Select--Schedule 1Inj'

2018-05-24 19:29:50 - [TEST_STEP][PASSED] - selectOptionByIndex: All options with index in [7] are selected on object 'Object Repository/DispensaryToCms/Page_Dispensary Store/select_--Select--Adernaline 0.'

2018-05-24 19:29:50 - [MESSAGE][PASSED] - All options with index in [7] are selected on object 'Object Repository/DispensaryToCms/Page_Dispensary Store/select_--Select--Adernaline 0.'

2018-05-24 19:29:50 - [TEST_STEP][PASSED] - setText: Text '100' is set on object 'Object Repository/DispensaryToCms/Page_Dispensary Store/input_txttreat'

2018-05-24 19:29:50 - [MESSAGE][PASSED] - Text '100' is set on object 'Object Repository/DispensaryToCms/Page_Dispensary Store/input_txttreat'

2018-05-24 19:29:50 - [TEST_STEP][PASSED] - click: Object: 'Object Repository/DispensaryToCms/Page_Dispensary Store/button_Add' is clicked on

2018-05-24 19:29:50 - [MESSAGE][PASSED] - Object: 'Object Repository/DispensaryToCms/Page_Dispensary Store/button_Add' is clicked on

2018-05-24 19:29:50 - [TEST_STEP][PASSED] - selectOptionByIndex: All options with index in [3] are selected on object 'Object Repository/DispensaryToCms/Page_Dispensary Store/select_--Select--Schedule 1Inj'

2018-05-24 19:29:50 - [MESSAGE][PASSED] - All options with index in [3] are selected on object 'Object Repository/DispensaryToCms/Page_Dispensary Store/select_--Select--Schedule 1Inj'

2018-05-24 19:29:50 - [TEST_STEP][PASSED] - selectOptionByIndex: All options with index in [8] are selected on object 'Object Repository/DispensaryToCms/Page_Dispensary Store/select_--Select--Adernaline 0.'

2018-05-24 19:29:51 - [MESSAGE][PASSED] - All options with index in [8] are selected on object 'Object Repository/DispensaryToCms/Page_Dispensary Store/select_--Select--Adernaline 0.'

2018-05-24 19:29:51 - [TEST_STEP][PASSED] - setText: Text '100' is set on object 'Object Repository/DispensaryToCms/Page_Dispensary Store/input_txttreat'

2018-05-24 19:29:51 - [MESSAGE][PASSED] - Text '100' is set on object 'Object Repository/DispensaryToCms/Page_Dispensary Store/input_txttreat'

2018-05-24 19:29:51 - [TEST_STEP][PASSED] - click: Object: 'Object Repository/DispensaryToCms/Page_Dispensary Store/button_Add' is clicked on

2018-05-24 19:29:51 - [MESSAGE][PASSED] - Object: 'Object Repository/DispensaryToCms/Page_Dispensary Store/button_Add' is clicked on

2018-05-24 19:29:51 - [TEST_STEP][PASSED] - selectOptionByIndex: All options with index in [3] are selected on object 'Object Repository/DispensaryToCms/Page_Dispensary Store/select_--Select--Schedule 1Inj'

2018-05-24 19:29:51 - [MESSAGE][PASSED] - All options with index in [3] are selected on object 'Object Repository/DispensaryToCms/Page_Dispensary Store/select_--Select--Schedule 1Inj'

2018-05-24 19:29:51 - [TEST_STEP][PASSED] - selectOptionByIndex: All options with index in [9] are selected on object 'Object Repository/DispensaryToCms/Page_Dispensary Store/select_--Select--Adernaline 0.'

2018-05-24 19:29:51 - [MESSAGE][PASSED] - All options with index in [9] are selected on object 'Object Repository/DispensaryToCms/Page_Dispensary Store/select_--Select--Adernaline 0.'

2018-05-24 19:29:51 - [TEST_STEP][PASSED] - setText: Text '100' is set on object 'Object Repository/DispensaryToCms/Page_Dispensary Store/input_txttreat'

2018-05-24 19:29:51 - [MESSAGE][PASSED] - Text '100' is set on object 'Object Repository/DispensaryToCms/Page_Dispensary Store/input_txttreat'

2018-05-24 19:29:51 - [TEST_STEP][PASSED] - click: Object: 'Object Repository/DispensaryToCms/Page_Dispensary Store/button_Add' is clicked on

2018-05-24 19:29:51 - [MESSAGE][PASSED] - Object: 'Object Repository/DispensaryToCms/Page_Dispensary Store/button_Add' is clicked on

2018-05-24 19:29:51 - [TEST_STEP][PASSED] - selectOptionByIndex: All options with index in [3] are selected on object 'Object Repository/DispensaryToCms/Page_Dispensary Store/select_--Select--Schedule 1Inj'

2018-05-24 19:29:51 - [MESSAGE][PASSED] - All options with index in [3] are selected on object 'Object Repository/DispensaryToCms/Page_Dispensary Store/select_--Select--Schedule 1Inj'

2018-05-24 19:29:51 - [TEST_STEP][PASSED] - selectOptionByIndex: All options with index in [10] are selected on object 'Object Repository/DispensaryToCms/Page_Dispensary Store/select_--Select--Adernaline 0.'

2018-05-24 19:29:52 - [MESSAGE][PASSED] - All options with index in [10] are selected on object 'Object Repository/DispensaryToCms/Page_Dispensary Store/select_--Select--Adernaline 0.'

2018-05-24 19:29:52 - [TEST_STEP][PASSED] - setText: Text '100' is set on object 'Object Repository/DispensaryToCms/Page_Dispensary Store/input_txttreat'

2018-05-24 19:29:52 - [MESSAGE][PASSED] - Text '100' is set on object 'Object Repository/DispensaryToCms/Page_Dispensary Store/input_txttreat'

2018-05-24 19:29:52 - [TEST_STEP][PASSED] - click: Object: 'Object Repository/DispensaryToCms/Page_Dispensary Store/button_Add' is clicked on

2018-05-24 19:29:52 - [MESSAGE][PASSED] - Object: 'Object Repository/DispensaryToCms/Page_Dispensary Store/button_Add' is clicked on

2018-05-24 19:29:52 - [TEST_STEP][PASSED] - selectOptionByIndex: All options with index in [3] are selected on object 'Object Repository/DispensaryToCms/Page_Dispensary Store/select_--Select--Schedule 1Inj'

2018-05-24 19:29:52 - [MESSAGE][PASSED] - All options with index in [3] are selected on object 'Object Repository/DispensaryToCms/Page_Dispensary Store/select_--Select--Schedule 1Inj'

2018-05-24 19:29:52 - [TEST_STEP][PASSED] - selectOptionByIndex: All options with index in [11] are selected on object 'Object Repository/DispensaryToCms/Page_Dispensary Store/select_--Select--Adernaline 0.'

2018-05-24 19:29:52 - [MESSAGE][PASSED] - All options with index in [11] are selected on object 'Object Repository/DispensaryToCms/Page_Dispensary Store/select_--Select--Adernaline 0.'

2018-05-24 19:29:52 - [TEST_STEP][PASSED] - setText: Text '100' is set on object 'Object Repository/DispensaryToCms/Page_Dispensary Store/input_txttreat'

2018-05-24 19:29:52 - [MESSAGE][PASSED] - Text '100' is set on object 'Object Repository/DispensaryToCms/Page_Dispensary Store/input_txttreat'

2018-05-24 19:29:52 - [TEST_STEP][PASSED] - click: Object: 'Object Repository/DispensaryToCms/Page_Dispensary Store/button_Add' is clicked on

2018-05-24 19:29:52 - [MESSAGE][PASSED] - Object: 'Object Repository/DispensaryToCms/Page_Dispensary Store/button_Add' is clicked on

2018-05-24 19:29:52 - [TEST_STEP][PASSED] - selectOptionByIndex: All options with index in [3] are selected on object 'Object Repository/DispensaryToCms/Page_Dispensary Store/select_--Select--Schedule 1Inj'

2018-05-24 19:29:53 - [MESSAGE][PASSED] - All options with index in [3] are selected on object 'Object Repository/DispensaryToCms/Page_Dispensary Store/select_--Select--Schedule 1Inj'

2018-05-24 19:29:53 - [TEST_STEP][PASSED] - selectOptionByIndex: All options with index in [12] are selected on object 'Object Repository/DispensaryToCms/Page_Dispensary Store/select_--Select--Adernaline 0.'

2018-05-24 19:29:53 - [MESSAGE][PASSED] - All options with index in [12] are selected on object 'Object Repository/DispensaryToCms/Page_Dispensary Store/select_--Select--Adernaline 0.'

2018-05-24 19:29:53 - [TEST_STEP][PASSED] - setText: Text '100' is set on object 'Object Repository/DispensaryToCms/Page_Dispensary Store/input_txttreat'

2018-05-24 19:29:53 - [MESSAGE][PASSED] - Text '100' is set on object 'Object Repository/DispensaryToCms/Page_Dispensary Store/input_txttreat'

2018-05-24 19:29:53 - [TEST_STEP][PASSED] - click: Object: 'Object Repository/DispensaryToCms/Page_Dispensary Store/button_Add' is clicked on

2018-05-24 19:29:53 - [MESSAGE][PASSED] - Object: 'Object Repository/DispensaryToCms/Page_Dispensary Store/button_Add' is clicked on

2018-05-24 19:29:53 - [TEST_STEP][PASSED] - selectOptionByIndex: All options with index in [3] are selected on object 'Object Repository/DispensaryToCms/Page_Dispensary Store/select_--Select--Schedule 1Inj'

2018-05-24 19:29:53 - [MESSAGE][PASSED] - All options with index in [3] are selected on object 'Object Repository/DispensaryToCms/Page_Dispensary Store/select_--Select--Schedule 1Inj'

2018-05-24 19:29:53 - [TEST_STEP][PASSED] - selectOptionByIndex: All options with index in [13] are selected on object 'Object Repository/DispensaryToCms/Page_Dispensary Store/select_--Select--Adernaline 0.'

2018-05-24 19:29:53 - [MESSAGE][PASSED] - All options with index in [13] are selected on object 'Object Repository/DispensaryToCms/Page_Dispensary Store/select_--Select--Adernaline 0.'

2018-05-24 19:29:53 - [TEST_STEP][PASSED] - setText: Text '100' is set on object 'Object Repository/DispensaryToCms/Page_Dispensary Store/input_txttreat'

2018-05-24 19:29:53 - [MESSAGE][PASSED] - Text '100' is set on object 'Object Repository/DispensaryToCms/Page_Dispensary Store/input_txttreat'

2018-05-24 19:29:53 - [TEST_STEP][PASSED] - click: Object: 'Object Repository/DispensaryToCms/Page_Dispensary Store/button_Add' is clicked on

2018-05-24 19:29:54 - [MESSAGE][PASSED] - Object: 'Object Repository/DispensaryToCms/Page_Dispensary Store/button_Add' is clicked on

2018-05-24 19:29:54 - [TEST_STEP][PASSED] - selectOptionByIndex: All options with index in [3] are selected on object 'Object Repository/DispensaryToCms/Page_Dispensary Store/select_--Select--Schedule 1Inj'

2018-05-24 19:29:54 - [MESSAGE][PASSED] - All options with index in [3] are selected on object 'Object Repository/DispensaryToCms/Page_Dispensary Store/select_--Select--Schedule 1Inj'

2018-05-24 19:29:54 - [TEST_STEP][PASSED] - selectOptionByIndex: All options with index in [14] are selected on object 'Object Repository/DispensaryToCms/Page_Dispensary Store/select_--Select--Adernaline 0.'

2018-05-24 19:29:54 - [MESSAGE][PASSED] - All options with index in [14] are selected on object 'Object Repository/DispensaryToCms/Page_Dispensary Store/select_--Select--Adernaline 0.'

2018-05-24 19:29:54 - [TEST_STEP][PASSED] - setText: Text '100' is set on object 'Object Repository/DispensaryToCms/Page_Dispensary Store/input_txttreat'

2018-05-24 19:29:54 - [MESSAGE][PASSED] - Text '100' is set on object 'Object Repository/DispensaryToCms/Page_Dispensary Store/input_txttreat'

2018-05-24 19:29:54 - [TEST_STEP][PASSED] - click: Object: 'Object Repository/DispensaryToCms/Page_Dispensary Store/button_Add' is clicked on

2018-05-24 19:29:54 - [MESSAGE][PASSED] - Object: 'Object Repository/DispensaryToCms/Page_Dispensary Store/button_Add' is clicked on

2018-05-24 19:29:54 - [TEST_STEP][PASSED] - selectOptionByIndex: All options with index in [3] are selected on object 'Object Repository/DispensaryToCms/Page_Dispensary Store/select_--Select--Schedule 1Inj'

2018-05-24 19:29:54 - [MESSAGE][PASSED] - All options with index in [3] are selected on object 'Object Repository/DispensaryToCms/Page_Dispensary Store/select_--Select--Schedule 1Inj'

2018-05-24 19:29:54 - [TEST_STEP][PASSED] - selectOptionByIndex: All options with index in [15] are selected on object 'Object Repository/DispensaryToCms/Page_Dispensary Store/select_--Select--Adernaline 0.'

2018-05-24 19:29:55 - [MESSAGE][PASSED] - All options with index in [15] are selected on object 'Object Repository/DispensaryToCms/Page_Dispensary Store/select_--Select--Adernaline 0.'

2018-05-24 19:29:55 - [TEST_STEP][PASSED] - setText: Text '100' is set on object 'Object Repository/DispensaryToCms/Page_Dispensary Store/input_txttreat'

2018-05-24 19:29:55 - [MESSAGE][PASSED] - Text '100' is set on object 'Object Repository/DispensaryToCms/Page_Dispensary Store/input_txttreat'

2018-05-24 19:29:55 - [TEST_STEP][PASSED] - click: Object: 'Object Repository/DispensaryToCms/Page_Dispensary Store/button_Add' is clicked on

2018-05-24 19:29:55 - [MESSAGE][PASSED] - Object: 'Object Repository/DispensaryToCms/Page_Dispensary Store/button_Add' is clicked on

2018-05-24 19:29:55 - [TEST_STEP][PASSED] - selectOptionByIndex: All options with index in [3] are selected on object 'Object Repository/DispensaryToCms/Page_Dispensary Store/select_--Select--Schedule 1Inj'

2018-05-24 19:29:55 - [MESSAGE][PASSED] - All options with index in [3] are selected on object 'Object Repository/DispensaryToCms/Page_Dispensary Store/select_--Select--Schedule 1Inj'

2018-05-24 19:29:55 - [TEST_STEP][PASSED] - selectOptionByIndex: All options with index in [16] are selected on object 'Object Repository/DispensaryToCms/Page_Dispensary Store/select_--Select--Adernaline 0.'

2018-05-24 19:29:55 - [MESSAGE][PASSED] - All options with index in [16] are selected on object 'Object Repository/DispensaryToCms/Page_Dispensary Store/select_--Select--Adernaline 0.'

2018-05-24 19:29:55 - [TEST_STEP][PASSED] - setText: Text '100' is set on object 'Object Repository/DispensaryToCms/Page_Dispensary Store/input_txttreat'

2018-05-24 19:29:55 - [MESSAGE][PASSED] - Text '100' is set on object 'Object Repository/DispensaryToCms/Page_Dispensary Store/input_txttreat'

2018-05-24 19:29:55 - [TEST_STEP][PASSED] - click: Object: 'Object Repository/DispensaryToCms/Page_Dispensary Store/button_Add' is clicked on

2018-05-24 19:29:55 - [MESSAGE][PASSED] - Object: 'Object Repository/DispensaryToCms/Page_Dispensary Store/button_Add' is clicked on

2018-05-24 19:29:55 - [TEST_STEP][PASSED] - selectOptionByIndex: All options with index in [3] are selected on object 'Object Repository/DispensaryToCms/Page_Dispensary Store/select_--Select--Schedule 1Inj'

2018-05-24 19:29:55 - [MESSAGE][PASSED] - All options with index in [3] are selected on object 'Object Repository/DispensaryToCms/Page_Dispensary Store/select_--Select--Schedule 1Inj'

2018-05-24 19:29:55 - [TEST_STEP][PASSED] - selectOptionByIndex: All options with index in [17] are selected on object 'Object Repository/DispensaryToCms/Page_Dispensary Store/select_--Select--Adernaline 0.'

2018-05-24 19:29:56 - [MESSAGE][PASSED] - All options with index in [17] are selected on object 'Object Repository/DispensaryToCms/Page_Dispensary Store/select_--Select--Adernaline 0.'

2018-05-24 19:29:56 - [TEST_STEP][PASSED] - setText: Text '100' is set on object 'Object Repository/DispensaryToCms/Page_Dispensary Store/input_txttreat'

2018-05-24 19:29:56 - [MESSAGE][PASSED] - Text '100' is set on object 'Object Repository/DispensaryToCms/Page_Dispensary Store/input_txttreat'

2018-05-24 19:29:56 - [TEST_STEP][PASSED] - click: Object: 'Object Repository/DispensaryToCms/Page_Dispensary Store/button_Add' is clicked on

2018-05-24 19:29:56 - [MESSAGE][PASSED] - Object: 'Object Repository/DispensaryToCms/Page_Dispensary Store/button_Add' is clicked on

2018-05-24 19:29:56 - [TEST_STEP][PASSED] - selectOptionByIndex: All options with index in [3] are selected on object 'Object Repository/DispensaryToCms/Page_Dispensary Store/select_--Select--Schedule 1Inj'

2018-05-24 19:29:56 - [MESSAGE][PASSED] - All options with index in [3] are selected on object 'Object Repository/DispensaryToCms/Page_Dispensary Store/select_--Select--Schedule 1Inj'

2018-05-24 19:29:56 - [TEST_STEP][PASSED] - selectOptionByIndex: All options with index in [18] are selected on object 'Object Repository/DispensaryToCms/Page_Dispensary Store/select_--Select--Adernaline 0.'

2018-05-24 19:29:56 - [MESSAGE][PASSED] - All options with index in [18] are selected on object 'Object Repository/DispensaryToCms/Page_Dispensary Store/select_--Select--Adernaline 0.'

2018-05-24 19:29:56 - [TEST_STEP][PASSED] - setText: Text '100' is set on object 'Object Repository/DispensaryToCms/Page_Dispensary Store/input_txttreat'

2018-05-24 19:29:56 - [MESSAGE][PASSED] - Text '100' is set on object 'Object Repository/DispensaryToCms/Page_Dispensary Store/input_txttreat'

2018-05-24 19:29:56 - [TEST_STEP][PASSED] - click: Object: 'Object Repository/DispensaryToCms/Page_Dispensary Store/button_Add' is clicked on

2018-05-24 19:29:57 - [MESSAGE][PASSED] - Object: 'Object Repository/DispensaryToCms/Page_Dispensary Store/button_Add' is clicked on

2018-05-24 19:29:57 - [TEST_STEP][PASSED] - selectOptionByIndex: All options with index in [3] are selected on object 'Object Repository/DispensaryToCms/Page_Dispensary Store/select_--Select--Schedule 1Inj'

2018-05-24 19:29:57 - [MESSAGE][PASSED] - All options with index in [3] are selected on object 'Object Repository/DispensaryToCms/Page_Dispensary Store/select_--Select--Schedule 1Inj'

2018-05-24 19:29:57 - [TEST_STEP][PASSED] - selectOptionByIndex: All options with index in [19] are selected on object 'Object Repository/DispensaryToCms/Page_Dispensary Store/select_--Select--Adernaline 0.'

2018-05-24 19:29:57 - [MESSAGE][PASSED] - All options with index in [19] are selected on object 'Object Repository/DispensaryToCms/Page_Dispensary Store/select_--Select--Adernaline 0.'

2018-05-24 19:29:57 - [TEST_STEP][PASSED] - setText: Text '100' is set on object 'Object Repository/DispensaryToCms/Page_Dispensary Store/input_txttreat'

2018-05-24 19:29:57 - [MESSAGE][PASSED] - Text '100' is set on object 'Object Repository/DispensaryToCms/Page_Dispensary Store/input_txttreat'

2018-05-24 19:29:57 - [TEST_STEP][PASSED] - click: Object: 'Object Repository/DispensaryToCms/Page_Dispensary Store/button_Add' is clicked on

2018-05-24 19:29:57 - [MESSAGE][PASSED] - Object: 'Object Repository/DispensaryToCms/Page_Dispensary Store/button_Add' is clicked on

2018-05-24 19:29:57 - [TEST_STEP][PASSED] - selectOptionByIndex: All options with index in [3] are selected on object 'Object Repository/DispensaryToCms/Page_Dispensary Store/select_--Select--Schedule 1Inj'

2018-05-24 19:29:57 - [MESSAGE][PASSED] - All options with index in [3] are selected on object 'Object Repository/DispensaryToCms/Page_Dispensary Store/select_--Select--Schedule 1Inj'

2018-05-24 19:29:57 - [TEST_STEP][PASSED] - selectOptionByIndex: All options with index in [20] are selected on object 'Object Repository/DispensaryToCms/Page_Dispensary Store/select_--Select--Adernaline 0.'

2018-05-24 19:29:58 - [MESSAGE][PASSED] - All options with index in [20] are selected on object 'Object Repository/DispensaryToCms/Page_Dispensary Store/select_--Select--Adernaline 0.'

2018-05-24 19:29:58 - [TEST_STEP][PASSED] - setText: Text '100' is set on object 'Object Repository/DispensaryToCms/Page_Dispensary Store/input_txttreat'

2018-05-24 19:29:58 - [MESSAGE][PASSED] - Text '100' is set on object 'Object Repository/DispensaryToCms/Page_Dispensary Store/input_txttreat'

2018-05-24 19:29:58 - [TEST_STEP][PASSED] - click: Object: 'Object Repository/DispensaryToCms/Page_Dispensary Store/button_Add' is clicked on

2018-05-24 19:29:58 - [MESSAGE][PASSED] - Object: 'Object Repository/DispensaryToCms/Page_Dispensary Store/button_Add' is clicked on

2018-05-24 19:29:58 - [TEST_STEP][PASSED] - selectOptionByIndex: All options with index in [3] are selected on object 'Object Repository/DispensaryToCms/Page_Dispensary Store/select_--Select--Schedule 1Inj'

2018-05-24 19:29:58 - [MESSAGE][PASSED] - All options with index in [3] are selected on object 'Object Repository/DispensaryToCms/Page_Dispensary Store/select_--Select--Schedule 1Inj'

2018-05-24 19:29:58 - [TEST_STEP][PASSED] - selectOptionByIndex: All options with index in [21] are selected on object 'Object Repository/DispensaryToCms/Page_Dispensary Store/select_--Select--Adernaline 0.'

2018-05-24 19:29:58 - [MESSAGE][PASSED] - All options with index in [21] are selected on object 'Object Repository/DispensaryToCms/Page_Dispensary Store/select_--Select--Adernaline 0.'

2018-05-24 19:29:58 - [TEST_STEP][PASSED] - setText: Text '100' is set on object 'Object Repository/DispensaryToCms/Page_Dispensary Store/input_txttreat'

2018-05-24 19:29:58 - [MESSAGE][PASSED] - Text '100' is set on object 'Object Repository/DispensaryToCms/Page_Dispensary Store/input_txttreat'

2018-05-24 19:29:58 - [TEST_STEP][PASSED] - click: Object: 'Object Repository/DispensaryToCms/Page_Dispensary Store/button_Add' is clicked on

2018-05-24 19:29:59 - [MESSAGE][PASSED] - Object: 'Object Repository/DispensaryToCms/Page_Dispensary Store/button_Add' is clicked on

2018-05-24 19:29:59 - [TEST_STEP][PASSED] - selectOptionByIndex: All options with index in [3] are selected on object 'Object Repository/DispensaryToCms/Page_Dispensary Store/select_--Select--Schedule 1Inj'

2018-05-24 19:29:59 - [MESSAGE][PASSED] - All options with index in [3] are selected on object 'Object Repository/DispensaryToCms/Page_Dispensary Store/select_--Select--Schedule 1Inj'

2018-05-24 19:29:59 - [TEST_STEP][PASSED] - selectOptionByIndex: All options with index in [22] are selected on object 'Object Repository/DispensaryToCms/Page_Dispensary Store/select_--Select--Adernaline 0.'

2018-05-24 19:29:59 - [MESSAGE][PASSED] - All options with index in [22] are selected on object 'Object Repository/DispensaryToCms/Page_Dispensary Store/select_--Select--Adernaline 0.'

2018-05-24 19:29:59 - [TEST_STEP][PASSED] - setText: Text '100' is set on object 'Object Repository/DispensaryToCms/Page_Dispensary Store/input_txttreat'

2018-05-24 19:29:59 - [MESSAGE][PASSED] - Text '100' is set on object 'Object Repository/DispensaryToCms/Page_Dispensary Store/input_txttreat'

2018-05-24 19:29:59 - [TEST_STEP][PASSED] - click: Object: 'Object Repository/DispensaryToCms/Page_Dispensary Store/button_Add' is clicked on

2018-05-24 19:29:59 - [MESSAGE][PASSED] - Object: 'Object Repository/DispensaryToCms/Page_Dispensary Store/button_Add' is clicked on

2018-05-24 19:29:59 - [TEST_STEP][PASSED] - selectOptionByIndex: All options with index in [3] are selected on object 'Object Repository/DispensaryToCms/Page_Dispensary Store/select_--Select--Schedule 1Inj'

2018-05-24 19:29:59 - [MESSAGE][PASSED] - All options with index in [3] are selected on object 'Object Repository/DispensaryToCms/Page_Dispensary Store/select_--Select--Schedule 1Inj'

2018-05-24 19:29:59 - [TEST_STEP][PASSED] - selectOptionByIndex: All options with index in [23] are selected on object 'Object Repository/DispensaryToCms/Page_Dispensary Store/select_--Select--Adernaline 0.'

2018-05-24 19:30:00 - [MESSAGE][PASSED] - All options with index in [23] are selected on object 'Object Repository/DispensaryToCms/Page_Dispensary Store/select_--Select--Adernaline 0.'

2018-05-24 19:30:00 - [TEST_STEP][PASSED] - setText: Text '100' is set on object 'Object Repository/DispensaryToCms/Page_Dispensary Store/input_txttreat'

2018-05-24 19:30:00 - [MESSAGE][PASSED] - Text '100' is set on object 'Object Repository/DispensaryToCms/Page_Dispensary Store/input_txttreat'

2018-05-24 19:30:00 - [TEST_STEP][PASSED] - click: Object: 'Object Repository/DispensaryToCms/Page_Dispensary Store/button_Add' is clicked on

2018-05-24 19:30:00 - [MESSAGE][PASSED] - Object: 'Object Repository/DispensaryToCms/Page_Dispensary Store/button_Add' is clicked on

2018-05-24 19:30:00 - [TEST_STEP][PASSED] - selectOptionByIndex: All options with index in [3] are selected on object 'Object Repository/DispensaryToCms/Page_Dispensary Store/select_--Select--Schedule 1Inj'

2018-05-24 19:30:00 - [MESSAGE][PASSED] - All options with index in [3] are selected on object 'Object Repository/DispensaryToCms/Page_Dispensary Store/select_--Select--Schedule 1Inj'

2018-05-24 19:30:00 - [TEST_STEP][PASSED] - selectOptionByIndex: All options with index in [24] are selected on object 'Object Repository/DispensaryToCms/Page_Dispensary Store/select_--Select--Adernaline 0.'

2018-05-24 19:30:00 - [MESSAGE][PASSED] - All options with index in [24] are selected on object 'Object Repository/DispensaryToCms/Page_Dispensary Store/select_--Select--Adernaline 0.'

2018-05-24 19:30:00 - [TEST_STEP][PASSED] - setText: Text '100' is set on object 'Object Repository/DispensaryToCms/Page_Dispensary Store/input_txttreat'

2018-05-24 19:30:00 - [MESSAGE][PASSED] - Text '100' is set on object 'Object Repository/DispensaryToCms/Page_Dispensary Store/input_txttreat'

2018-05-24 19:30:00 - [TEST_STEP][PASSED] - click: Object: 'Object Repository/DispensaryToCms/Page_Dispensary Store/button_Add' is clicked on

2018-05-24 19:30:01 - [MESSAGE][PASSED] - Object: 'Object Repository/DispensaryToCms/Page_Dispensary Store/button_Add' is clicked on

2018-05-24 19:30:01 - [TEST_STEP][PASSED] - selectOptionByIndex: All options with index in [3] are selected on object 'Object Repository/DispensaryToCms/Page_Dispensary Store/select_--Select--Schedule 1Inj'

2018-05-24 19:30:01 - [MESSAGE][PASSED] - All options with index in [3] are selected on object 'Object Repository/DispensaryToCms/Page_Dispensary Store/select_--Select--Schedule 1Inj'

2018-05-24 19:30:01 - [TEST_STEP][PASSED] - selectOptionByIndex: All options with index in [25] are selected on object 'Object Repository/DispensaryToCms/Page_Dispensary Store/select_--Select--Adernaline 0.'

2018-05-24 19:30:01 - [MESSAGE][PASSED] - All options with index in [25] are selected on object 'Object Repository/DispensaryToCms/Page_Dispensary Store/select_--Select--Adernaline 0.'

2018-05-24 19:30:01 - [TEST_STEP][PASSED] - setText: Text '100' is set on object 'Object Repository/DispensaryToCms/Page_Dispensary Store/input_txttreat'

2018-05-24 19:30:01 - [MESSAGE][PASSED] - Text '100' is set on object 'Object Repository/DispensaryToCms/Page_Dispensary Store/input_txttreat'

2018-05-24 19:30:01 - [TEST_STEP][PASSED] - click: Object: 'Object Repository/DispensaryToCms/Page_Dispensary Store/button_Add' is clicked on

2018-05-24 19:30:01 - [MESSAGE][PASSED] - Object: 'Object Repository/DispensaryToCms/Page_Dispensary Store/button_Add' is clicked on

2018-05-24 19:30:01 - [TEST_STEP][PASSED] - selectOptionByIndex: All options with index in [3] are selected on object 'Object Repository/DispensaryToCms/Page_Dispensary Store/select_--Select--Schedule 1Inj'

2018-05-24 19:30:01 - [MESSAGE][PASSED] - All options with index in [3] are selected on object 'Object Repository/DispensaryToCms/Page_Dispensary Store/select_--Select--Schedule 1Inj'

2018-05-24 19:30:01 - [TEST_STEP][PASSED] - selectOptionByIndex: All options with index in [26] are selected on object 'Object Repository/DispensaryToCms/Page_Dispensary Store/select_--Select--Adernaline 0.'

2018-05-24 19:30:02 - [MESSAGE][PASSED] - All options with index in [26] are selected on object 'Object Repository/DispensaryToCms/Page_Dispensary Store/select_--Select--Adernaline 0.'

2018-05-24 19:30:02 - [TEST_STEP][PASSED] - setText: Text '100' is set on object 'Object Repository/DispensaryToCms/Page_Dispensary Store/input_txttreat'

2018-05-24 19:30:02 - [MESSAGE][PASSED] - Text '100' is set on object 'Object Repository/DispensaryToCms/Page_Dispensary Store/input_txttreat'

2018-05-24 19:30:02 - [TEST_STEP][PASSED] - click: Object: 'Object Repository/DispensaryToCms/Page_Dispensary Store/button_Add' is clicked on

2018-05-24 19:30:02 - [MESSAGE][PASSED] - Object: 'Object Repository/DispensaryToCms/Page_Dispensary Store/button_Add' is clicked on

2018-05-24 19:30:02 - [TEST_STEP][PASSED] - selectOptionByIndex: All options with index in [3] are selected on object 'Object Repository/DispensaryToCms/Page_Dispensary Store/select_--Select--Schedule 1Inj'

2018-05-24 19:30:02 - [MESSAGE][PASSED] - All options with index in [3] are selected on object 'Object Repository/DispensaryToCms/Page_Dispensary Store/select_--Select--Schedule 1Inj'

2018-05-24 19:30:02 - [TEST_STEP][PASSED] - selectOptionByIndex: All options with index in [27] are selected on object 'Object Repository/DispensaryToCms/Page_Dispensary Store/select_--Select--Adernaline 0.'

2018-05-24 19:30:03 - [MESSAGE][PASSED] - All options with index in [27] are selected on object 'Object Repository/DispensaryToCms/Page_Dispensary Store/select_--Select--Adernaline 0.'

2018-05-24 19:30:03 - [TEST_STEP][PASSED] - setText: Text '100' is set on object 'Object Repository/DispensaryToCms/Page_Dispensary Store/input_txttreat'

2018-05-24 19:30:03 - [MESSAGE][PASSED] - Text '100' is set on object 'Object Repository/DispensaryToCms/Page_Dispensary Store/input_txttreat'

2018-05-24 19:30:03 - [TEST_STEP][PASSED] - click: Object: 'Object Repository/DispensaryToCms/Page_Dispensary Store/button_Add' is clicked on

2018-05-24 19:30:03 - [MESSAGE][PASSED] - Object: 'Object Repository/DispensaryToCms/Page_Dispensary Store/button_Add' is clicked on

2018-05-24 19:30:03 - [TEST_STEP][PASSED] - selectOptionByIndex: All options with index in [3] are selected on object 'Object Repository/DispensaryToCms/Page_Dispensary Store/select_--Select--Schedule 1Inj'

2018-05-24 19:30:03 - [MESSAGE][PASSED] - All options with index in [3] are selected on object 'Object Repository/DispensaryToCms/Page_Dispensary Store/select_--Select--Schedule 1Inj'

2018-05-24 19:30:03 - [TEST_STEP][PASSED] - selectOptionByIndex: All options with index in [28] are selected on object 'Object Repository/DispensaryToCms/Page_Dispensary Store/select_--Select--Adernaline 0.'

2018-05-24 19:30:03 - [MESSAGE][PASSED] - All options with index in [28] are selected on object 'Object Repository/DispensaryToCms/Page_Dispensary Store/select_--Select--Adernaline 0.'

2018-05-24 19:30:03 - [TEST_STEP][PASSED] - setText: Text '100' is set on object 'Object Repository/DispensaryToCms/Page_Dispensary Store/input_txttreat'

2018-05-24 19:30:03 - [MESSAGE][PASSED] - Text '100' is set on object 'Object Repository/DispensaryToCms/Page_Dispensary Store/input_txttreat'

2018-05-24 19:30:03 - [TEST_STEP][PASSED] - click: Object: 'Object Repository/DispensaryToCms/Page_Dispensary Store/button_Add' is clicked on

2018-05-24 19:30:04 - [MESSAGE][PASSED] - Object: 'Object Repository/DispensaryToCms/Page_Dispensary Store/button_Add' is clicked on

2018-05-24 19:30:04 - [TEST_STEP][PASSED] - selectOptionByIndex: All options with index in [3] are selected on object 'Object Repository/DispensaryToCms/Page_Dispensary Store/select_--Select--Schedule 1Inj'

2018-05-24 19:30:04 - [MESSAGE][PASSED] - All options with index in [3] are selected on object 'Object Repository/DispensaryToCms/Page_Dispensary Store/select_--Select--Schedule 1Inj'

2018-05-24 19:30:04 - [TEST_STEP][PASSED] - selectOptionByIndex: All options with index in [29] are selected on object 'Object Repository/DispensaryToCms/Page_Dispensary Store/select_--Select--Adernaline 0.'

2018-05-24 19:30:04 - [MESSAGE][PASSED] - All options with index in [29] are selected on object 'Object Repository/DispensaryToCms/Page_Dispensary Store/select_--Select--Adernaline 0.'

2018-05-24 19:30:04 - [TEST_STEP][PASSED] - setText: Text '100' is set on object 'Object Repository/DispensaryToCms/Page_Dispensary Store/input_txttreat'

2018-05-24 19:30:04 - [MESSAGE][PASSED] - Text '100' is set on object 'Object Repository/DispensaryToCms/Page_Dispensary Store/input_txttreat'

2018-05-24 19:30:04 - [TEST_STEP][PASSED] - click: Object: 'Object Repository/DispensaryToCms/Page_Dispensary Store/button_Add' is clicked on

2018-05-24 19:30:04 - [MESSAGE][PASSED] - Object: 'Object Repository/DispensaryToCms/Page_Dispensary Store/button_Add' is clicked on

2018-05-24 19:30:04 - [TEST_STEP][PASSED] - selectOptionByIndex: All options with index in [3] are selected on object 'Object Repository/DispensaryToCms/Page_Dispensary Store/select_--Select--Schedule 1Inj'

2018-05-24 19:30:05 - [MESSAGE][PASSED] - All options with index in [3] are selected on object 'Object Repository/DispensaryToCms/Page_Dispensary Store/select_--Select--Schedule 1Inj'

2018-05-24 19:30:05 - [TEST_STEP][PASSED] - selectOptionByIndex: All options with index in [30] are selected on object 'Object Repository/DispensaryToCms/Page_Dispensary Store/select_--Select--Adernaline 0.'

2018-05-24 19:30:05 - [MESSAGE][PASSED] - All options with index in [30] are selected on object 'Object Repository/DispensaryToCms/Page_Dispensary Store/select_--Select--Adernaline 0.'

2018-05-24 19:30:05 - [TEST_STEP][PASSED] - setText: Text '100' is set on object 'Object Repository/DispensaryToCms/Page_Dispensary Store/input_txttreat'

2018-05-24 19:30:05 - [MESSAGE][PASSED] - Text '100' is set on object 'Object Repository/DispensaryToCms/Page_Dispensary Store/input_txttreat'

2018-05-24 19:30:05 - [TEST_STEP][PASSED] - click: Object: 'Object Repository/DispensaryToCms/Page_Dispensary Store/button_Add' is clicked on

2018-05-24 19:30:05 - [MESSAGE][PASSED] - Object: 'Object Repository/DispensaryToCms/Page_Dispensary Store/button_Add' is clicked on

2018-05-24 19:30:05 - [TEST_STEP][PASSED] - selectOptionByIndex: All options with index in [3] are selected on object 'Object Repository/DispensaryToCms/Page_Dispensary Store/select_--Select--Schedule 1Inj'

2018-05-24 19:30:05 - [MESSAGE][PASSED] - All options with index in [3] are selected on object 'Object Repository/DispensaryToCms/Page_Dispensary Store/select_--Select--Schedule 1Inj'

2018-05-24 19:30:05 - [TEST_STEP][PASSED] - selectOptionByIndex: All options with index in [31] are selected on object 'Object Repository/DispensaryToCms/Page_Dispensary Store/select_--Select--Adernaline 0.'

2018-05-24 19:30:06 - [MESSAGE][PASSED] - All options with index in [31] are selected on object 'Object Repository/DispensaryToCms/Page_Dispensary Store/select_--Select--Adernaline 0.'

2018-05-24 19:30:06 - [TEST_STEP][PASSED] - setText: Text '100' is set on object 'Object Repository/DispensaryToCms/Page_Dispensary Store/input_txttreat'

2018-05-24 19:30:06 - [MESSAGE][PASSED] - Text '100' is set on object 'Object Repository/DispensaryToCms/Page_Dispensary Store/input_txttreat'

2018-05-24 19:30:06 - [TEST_STEP][PASSED] - click: Object: 'Object Repository/DispensaryToCms/Page_Dispensary Store/button_Add' is clicked on

2018-05-24 19:30:06 - [MESSAGE][PASSED] - Object: 'Object Repository/DispensaryToCms/Page_Dispensary Store/button_Add' is clicked on

2018-05-24 19:30:06 - [TEST_STEP][PASSED] - selectOptionByIndex: All options with index in [3] are selected on object 'Object Repository/DispensaryToCms/Page_Dispensary Store/select_--Select--Schedule 1Inj'

2018-05-24 19:30:06 - [MESSAGE][PASSED] - All options with index in [3] are selected on object 'Object Repository/DispensaryToCms/Page_Dispensary Store/select_--Select--Schedule 1Inj'

2018-05-24 19:30:06 - [TEST_STEP][PASSED] - selectOptionByIndex: All options with index in [32] are selected on object 'Object Repository/DispensaryToCms/Page_Dispensary Store/select_--Select--Adernaline 0.'

2018-05-24 19:30:07 - [MESSAGE][PASSED] - All options with index in [32] are selected on object 'Object Repository/DispensaryToCms/Page_Dispensary Store/select_--Select--Adernaline 0.'

2018-05-24 19:30:07 - [TEST_STEP][PASSED] - setText: Text '100' is set on object 'Object Repository/DispensaryToCms/Page_Dispensary Store/input_txttreat'

2018-05-24 19:30:07 - [MESSAGE][PASSED] - Text '100' is set on object 'Object Repository/DispensaryToCms/Page_Dispensary Store/input_txttreat'

2018-05-24 19:30:07 - [TEST_STEP][PASSED] - click: Object: 'Object Repository/DispensaryToCms/Page_Dispensary Store/button_Add' is clicked on

2018-05-24 19:30:07 - [MESSAGE][PASSED] - Object: 'Object Repository/DispensaryToCms/Page_Dispensary Store/button_Add' is clicked on

2018-05-24 19:30:07 - [TEST_STEP][PASSED] - selectOptionByIndex: All options with index in [3] are selected on object 'Object Repository/DispensaryToCms/Page_Dispensary Store/select_--Select--Schedule 1Inj'

2018-05-24 19:30:07 - [MESSAGE][PASSED] - All options with index in [3] are selected on object 'Object Repository/DispensaryToCms/Page_Dispensary Store/select_--Select--Schedule 1Inj'

2018-05-24 19:30:07 - [TEST_STEP][PASSED] - selectOptionByIndex: All options with index in [33] are selected on object 'Object Repository/DispensaryToCms/Page_Dispensary Store/select_--Select--Adernaline 0.'

2018-05-24 19:30:07 - [MESSAGE][PASSED] - All options with index in [33] are selected on object 'Object Repository/DispensaryToCms/Page_Dispensary Store/select_--Select--Adernaline 0.'

2018-05-24 19:30:07 - [TEST_STEP][PASSED] - setText: Text '100' is set on object 'Object Repository/DispensaryToCms/Page_Dispensary Store/input_txttreat'

2018-05-24 19:30:08 - [MESSAGE][PASSED] - Text '100' is set on object 'Object Repository/DispensaryToCms/Page_Dispensary Store/input_txttreat'

2018-05-24 19:30:08 - [TEST_STEP][PASSED] - click: Object: 'Object Repository/DispensaryToCms/Page_Dispensary Store/button_Add' is clicked on

2018-05-24 19:30:08 - [MESSAGE][PASSED] - Object: 'Object Repository/DispensaryToCms/Page_Dispensary Store/button_Add' is clicked on

2018-05-24 19:30:08 - [TEST_STEP][PASSED] - selectOptionByIndex: All options with index in [3] are selected on object 'Object Repository/DispensaryToCms/Page_Dispensary Store/select_--Select--Schedule 1Inj'

2018-05-24 19:30:08 - [MESSAGE][PASSED] - All options with index in [3] are selected on object 'Object Repository/DispensaryToCms/Page_Dispensary Store/select_--Select--Schedule 1Inj'

2018-05-24 19:30:08 - [TEST_STEP][PASSED] - selectOptionByIndex: All options with index in [34] are selected on object 'Object Repository/DispensaryToCms/Page_Dispensary Store/select_--Select--Adernaline 0.'

2018-05-24 19:30:08 - [MESSAGE][PASSED] - All options with index in [34] are selected on object 'Object Repository/DispensaryToCms/Page_Dispensary Store/select_--Select--Adernaline 0.'

2018-05-24 19:30:08 - [TEST_STEP][PASSED] - setText: Text '100' is set on object 'Object Repository/DispensaryToCms/Page_Dispensary Store/input_txttreat'

2018-05-24 19:30:08 - [MESSAGE][PASSED] - Text '100' is set on object 'Object Repository/DispensaryToCms/Page_Dispensary Store/input_txttreat'

2018-05-24 19:30:08 - [TEST_STEP][PASSED] - click: Object: 'Object Repository/DispensaryToCms/Page_Dispensary Store/button_Add' is clicked on

2018-05-24 19:30:08 - [MESSAGE][PASSED] - Object: 'Object Repository/DispensaryToCms/Page_Dispensary Store/button_Add' is clicked on

2018-05-24 19:30:08 - [TEST_STEP][PASSED] - selectOptionByIndex: All options with index in [3] are selected on object 'Object Repository/DispensaryToCms/Page_Dispensary Store/select_--Select--Schedule 1Inj'

2018-05-24 19:30:09 - [MESSAGE][PASSED] - All options with index in [3] are selected on object 'Object Repository/DispensaryToCms/Page_Dispensary Store/select_--Select--Schedule 1Inj'

2018-05-24 19:30:09 - [TEST_STEP][PASSED] - selectOptionByIndex: All options with index in [35] are selected on object 'Object Repository/DispensaryToCms/Page_Dispensary Store/select_--Select--Adernaline 0.'

2018-05-24 19:30:09 - [MESSAGE][PASSED] - All options with index in [35] are selected on object 'Object Repository/DispensaryToCms/Page_Dispensary Store/select_--Select--Adernaline 0.'

2018-05-24 19:30:09 - [TEST_STEP][PASSED] - setText: Text '100' is set on object 'Object Repository/DispensaryToCms/Page_Dispensary Store/input_txttreat'

2018-05-24 19:30:09 - [MESSAGE][PASSED] - Text '100' is set on object 'Object Repository/DispensaryToCms/Page_Dispensary Store/input_txttreat'

2018-05-24 19:30:09 - [TEST_STEP][PASSED] - click: Object: 'Object Repository/DispensaryToCms/Page_Dispensary Store/button_Add' is clicked on

2018-05-24 19:30:09 - [MESSAGE][PASSED] - Object: 'Object Repository/DispensaryToCms/Page_Dispensary Store/button_Add' is clicked on

2018-05-24 19:30:09 - [TEST_STEP][PASSED] - selectOptionByIndex: All options with index in [3] are selected on object 'Object Repository/DispensaryToCms/Page_Dispensary Store/select_--Select--Schedule 1Inj'

2018-05-24 19:30:09 - [MESSAGE][PASSED] - All options with index in [3] are selected on object 'Object Repository/DispensaryToCms/Page_Dispensary Store/select_--Select--Schedule 1Inj'

2018-05-24 19:30:09 - [TEST_STEP][PASSED] - selectOptionByIndex: All options with index in [36] are selected on object 'Object Repository/DispensaryToCms/Page_Dispensary Store/select_--Select--Adernaline 0.'

2018-05-24 19:30:10 - [MESSAGE][PASSED] - All options with index in [36] are selected on object 'Object Repository/DispensaryToCms/Page_Dispensary Store/select_--Select--Adernaline 0.'

2018-05-24 19:30:10 - [TEST_STEP][PASSED] - setText: Text '100' is set on object 'Object Repository/DispensaryToCms/Page_Dispensary Store/input_txttreat'

2018-05-24 19:30:10 - [MESSAGE][PASSED] - Text '100' is set on object 'Object Repository/DispensaryToCms/Page_Dispensary Store/input_txttreat'

2018-05-24 19:30:10 - [TEST_STEP][PASSED] - click: Object: 'Object Repository/DispensaryToCms/Page_Dispensary Store/button_Add' is clicked on

2018-05-24 19:30:10 - [MESSAGE][PASSED] - Object: 'Object Repository/DispensaryToCms/Page_Dispensary Store/button_Add' is clicked on

2018-05-24 19:30:10 - [TEST_STEP][PASSED] - scrollToElement: Scroll to object 'Object Repository/DispensaryToCms/Page_Dispensary Store/input_btnsave' successfully

2018-05-24 19:30:10 - [MESSAGE][PASSED] - Scroll to object 'Object Repository/DispensaryToCms/Page_Dispensary Store/input_btnsave' successfully

2018-05-24 19:30:10 - [TEST_STEP][PASSED] - click: Object: 'Object Repository/DispensaryToCms/Page_Dispensary Store/input_btnsave' is clicked on

2018-05-24 19:30:10 - [MESSAGE][PASSED] - Object: 'Object Repository/DispensaryToCms/Page_Dispensary Store/input_btnsave' is clicked on

2018-05-24 19:30:10 - [TEST_STEP][PASSED] - delay: Delayed 3 second(s)

2018-05-24 19:30:13 - [MESSAGE][PASSED] - Delayed 3 second(s)

2018-05-24 19:30:13 - [TEST_STEP][PASSED] - Statement - RN1 = com.kms.katalon.core.webui.keyword.WebUiBuiltInKeywords.getText(com.kms.katalon.core.testobject.ObjectRepository.findTestObject(DispensaryToCms/Page_Dispensary Store/font_PRNO18052018174)): Text of object 'Object Repository/DispensaryToCms/Page_Dispensary Store/font_PRNO18052018174' is: 'PRNO/24052018/376'

2018-05-24 19:30:13 - [MESSAGE][PASSED] - Text of object 'Object Repository/DispensaryToCms/Page_Dispensary Store/font_PRNO18052018174' is: 'PRNO/24052018/376'

2018-05-24 19:30:13 - [TEST_STEP][PASSED] - Statement - out.println(RN1): null

2018-05-24 19:30:13 - [TEST_STEP][PASSED] - Statement - RID = RN1.split("/")[2]: null

2018-05-24 19:30:13 - [TEST_STEP][PASSED] - click: Object: 'Object Repository/DispensaryToCms/Page_Dispensary Store/button_OK' is clicked on

2018-05-24 19:30:14 - [MESSAGE][PASSED] - Object: 'Object Repository/DispensaryToCms/Page_Dispensary Store/button_OK' is clicked on

2018-05-24 19:30:14 - [TEST_STEP][PASSED] - delay: Delayed 3 second(s)

2018-05-24 19:30:17 - [MESSAGE][PASSED] - Delayed 3 second(s)

2018-05-24 19:30:17 - [TEST_STEP][PASSED] - waitForElementPresent: Object 'Object Repository/DispensaryToStore/Page_Dispensary Store/a_dropdown-toggle' is present

2018-05-24 19:30:17 - [MESSAGE][PASSED] - Object 'Object Repository/DispensaryToStore/Page_Dispensary Store/a_dropdown-toggle' is present

2018-05-24 19:30:17 - [TEST_STEP][PASSED] - click: Object: 'Object Repository/DispensaryToCms/Page_Dispensary Store/a_dropdown-toggle' is clicked on

2018-05-24 19:30:17 - [MESSAGE][PASSED] - Object: 'Object Repository/DispensaryToCms/Page_Dispensary Store/a_dropdown-toggle' is clicked on

2018-05-24 19:30:17 - [TEST_STEP][PASSED] - click: Object: 'Object Repository/DispensaryToCms/Page_Dispensary Store/a_Sign out' is clicked on

2018-05-24 19:30:18 - [MESSAGE][PASSED] - Object: 'Object Repository/DispensaryToCms/Page_Dispensary Store/a_Sign out' is clicked on

2018-05-24 19:30:18 - [TEST_STEP][PASSED] - delay: Delayed 3 second(s)

2018-05-24 19:30:21 - [MESSAGE][PASSED] - Delayed 3 second(s)

2018-05-24 19:30:21 - [TEST_STEP][PASSED] - navigateToUrl: Navigate to 'http://192.168.137.1/multihospital_new/' successfully

2018-05-24 19:30:21 - [MESSAGE][PASSED] - Navigate to 'http://192.168.137.1/multihospital_new/' successfully

2018-05-24 19:30:21 - [TEST_STEP][PASSED] - click: Object: 'Object Repository/DispensaryToCms/Page_KDMC/a_CMO' is clicked on

2018-05-24 19:30:22 - [MESSAGE][PASSED] - Object: 'Object Repository/DispensaryToCms/Page_KDMC/a_CMO' is clicked on

2018-05-24 19:30:22 - [TEST_STEP][PASSED] - setText: Text 'guru' is set on object 'Object Repository/DispensaryToCms/Page_CMO login/input_txtusername'

2018-05-24 19:30:22 - [MESSAGE][PASSED] - Text 'guru' is set on object 'Object Repository/DispensaryToCms/Page_CMO login/input_txtusername'

2018-05-24 19:30:22 - [TEST_STEP][PASSED] - setText: Text '123' is set on object 'Object Repository/DispensaryToCms/Page_CMO login/input_txtpassword'

2018-05-24 19:30:22 - [MESSAGE][PASSED] - Text '123' is set on object 'Object Repository/DispensaryToCms/Page_CMO login/input_txtpassword'

2018-05-24 19:30:22 - [TEST_STEP][PASSED] - delay: Delayed 3 second(s)

2018-05-24 19:30:25 - [MESSAGE][PASSED] - Delayed 3 second(s)

2018-05-24 19:30:25 - [TEST_STEP][PASSED] - click: Object: 'Object Repository/DispensaryToCms/Page_CMO login/button_Sign in' is clicked on

2018-05-24 19:30:27 - [MESSAGE][PASSED] - Object: 'Object Repository/DispensaryToCms/Page_CMO login/button_Sign in' is clicked on

2018-05-24 19:30:27 - [TEST_STEP][PASSED] - delay: Delayed 3 second(s)

2018-05-24 19:30:30 - [MESSAGE][PASSED] - Delayed 3 second(s)

2018-05-24 19:30:30 - [TEST_STEP][PASSED] - click: Object: 'Object Repository/DispensaryToCms/Page_KDMC - CMO/a_CMS Request' is clicked on

2018-05-24 19:30:30 - [MESSAGE][PASSED] - Object: 'Object Repository/DispensaryToCms/Page_KDMC - CMO/a_CMS Request' is clicked on

2018-05-24 19:30:30 - [TEST_STEP][PASSED] - delay: Delayed 2 second(s)

2018-05-24 19:30:32 - [MESSAGE][PASSED] - Delayed 2 second(s)

2018-05-24 19:30:32 - [TEST_STEP][PASSED] - click: Object: 'Object Repository/DispensaryToCms/Page_KDMC - CMO/a_Dispensary Store Request' is clicked on

2018-05-24 19:30:33 - [MESSAGE][PASSED] - Object: 'Object Repository/DispensaryToCms/Page_KDMC - CMO/a_Dispensary Store Request' is clicked on

2018-05-24 19:30:33 - [TEST_STEP][PASSED] - selectOptionByIndex: All options with index in [1] are selected on object 'Object Repository/DispensaryToCms/Page_KDMC - CMO/select_--ALL--'

2018-05-24 19:30:33 - [MESSAGE][PASSED] - All options with index in [1] are selected on object 'Object Repository/DispensaryToCms/Page_KDMC - CMO/select_--ALL--'

2018-05-24 19:30:33 - [TEST_STEP][PASSED] - click: Object: 'Object Repository/DispensaryToCms/Page_KDMC - CMO/input_btnsearch' is clicked on

2018-05-24 19:30:33 - [MESSAGE][PASSED] - Object: 'Object Repository/DispensaryToCms/Page_KDMC - CMO/input_btnsearch' is clicked on

2018-05-24 19:30:33 - [TEST_STEP][PASSED] - Statement - ID = com.kms.katalon.core.webui.keyword.WebUiBuiltInKeywords.modifyObjectProperty(com.kms.katalon.core.testobject.ObjectRepository.findTestObject(lab/Page_KDMC - CMO/input_1), "xpath", "equals", "//*[@id=" + RID + "]", true): Modify property of object successfully

2018-05-24 19:30:33 - [MESSAGE][PASSED] - Modify property of object successfully

2018-05-24 19:30:33 - [TEST_STEP][PASSED] - click: Object: 'Object Repository/lab/Page_KDMC - CMO/input_1' is clicked on

2018-05-24 19:30:34 - [MESSAGE][PASSED] - Object: 'Object Repository/lab/Page_KDMC - CMO/input_1' is clicked on

2018-05-24 19:30:34 - [TEST_STEP][PASSED] - delay: Delayed 2 second(s)

2018-05-24 19:30:36 - [MESSAGE][PASSED] - Delayed 2 second(s)

2018-05-24 19:30:36 - [TEST_STEP][PASSED] - selectOptionByIndex: All options with index in [1] are selected on object 'Object Repository/DispensaryToCms/Page_KDMC - CMO/select_--Select--'

2018-05-24 19:30:36 - [MESSAGE][PASSED] - All options with index in [1] are selected on object 'Object Repository/DispensaryToCms/Page_KDMC - CMO/select_--Select--'

2018-05-24 19:30:36 - [TEST_STEP][PASSED] - click: Object: 'Object Repository/DispensaryToCms/Page_KDMC - CMO/input_btnupdate' is clicked on

2018-05-24 19:30:36 - [MESSAGE][PASSED] - Object: 'Object Repository/DispensaryToCms/Page_KDMC - CMO/input_btnupdate' is clicked on

2018-05-24 19:30:36 - [TEST_STEP][PASSED] - delay: Delayed 2 second(s)

2018-05-24 19:30:38 - [MESSAGE][PASSED] - Delayed 2 second(s)

2018-05-24 19:30:38 - [TEST_STEP][PASSED] - click: Object: 'Object Repository/DispensaryToCms/Page_KDMC - CMO/button_OK' is clicked on

2018-05-24 19:30:39 - [MESSAGE][PASSED] - Object: 'Object Repository/DispensaryToCms/Page_KDMC - CMO/button_OK' is clicked on

2018-05-24 19:30:39 - [TEST_STEP][PASSED] - delay: Delayed 3 second(s)

2018-05-24 19:30:42 - [MESSAGE][PASSED] - Delayed 3 second(s)

2018-05-24 19:30:42 - [TEST_STEP][PASSED] - waitForElementPresent: Object 'Object Repository/DispensaryToStore/Page_Dispensary Store/a_dropdown-toggle' is not present after 20 second(s)

2018-05-24 19:31:03 - [MESSAGE][WARNING] - Object 'Object Repository/DispensaryToStore/Page_Dispensary Store/a_dropdown-toggle' is not present after 20 second(s)

2018-05-24 19:31:03 - [TEST_STEP][PASSED] - click: Object: 'Object Repository/DispensaryToCms/Page_KDMC - CMO/a_dropdown-toggle' is clicked on

2018-05-24 19:31:03 - [MESSAGE][PASSED] - Object: 'Object Repository/DispensaryToCms/Page_KDMC - CMO/a_dropdown-toggle' is clicked on

2018-05-24 19:31:03 - [TEST_STEP][PASSED] - click: Object: 'Object Repository/DispensaryToCms/Page_KDMC - CMO/a_Sign out' is clicked on

2018-05-24 19:31:03 - [MESSAGE][PASSED] - Object: 'Object Repository/DispensaryToCms/Page_KDMC - CMO/a_Sign out' is clicked on

2018-05-24 19:31:03 - [TEST_STEP][PASSED] - delay: Delayed 3 second(s)

2018-05-24 19:31:06 - [MESSAGE][PASSED] - Delayed 3 second(s)

2018-05-24 19:31:06 - [TEST_STEP][PASSED] - click: Object: 'Object Repository/DispensaryToCms/Page_KDMC/a_CMS' is clicked on

2018-05-24 19:31:07 - [MESSAGE][PASSED] - Object: 'Object Repository/DispensaryToCms/Page_KDMC/a_CMS' is clicked on

2018-05-24 19:31:07 - [TEST_STEP][PASSED] - setText: Text 'bala' is set on object 'Object Repository/DispensaryToCms/Page_CMS login/input_txtusername'

2018-05-24 19:31:07 - [MESSAGE][PASSED] - Text 'bala' is set on object 'Object Repository/DispensaryToCms/Page_CMS login/input_txtusername'

2018-05-24 19:31:07 - [TEST_STEP][PASSED] - setText: Text '123' is set on object 'Object Repository/DispensaryToCms/Page_CMS login/input_txtpassword'

2018-05-24 19:31:07 - [MESSAGE][PASSED] - Text '123' is set on object 'Object Repository/DispensaryToCms/Page_CMS login/input_txtpassword'

2018-05-24 19:31:07 - [TEST_STEP][PASSED] - delay: Delayed 3 second(s)

2018-05-24 19:31:10 - [MESSAGE][PASSED] - Delayed 3 second(s)

2018-05-24 19:31:10 - [TEST_STEP][PASSED] - click: Object: 'Object Repository/DispensaryToCms/Page_CMS login/button_Sign in' is clicked on

2018-05-24 19:31:12 - [MESSAGE][PASSED] - Object: 'Object Repository/DispensaryToCms/Page_CMS login/button_Sign in' is clicked on

2018-05-24 19:31:12 - [TEST_STEP][PASSED] - delay: Delayed 3 second(s)

2018-05-24 19:31:15 - [MESSAGE][PASSED] - Delayed 3 second(s)

2018-05-24 19:31:15 - [TEST_STEP][PASSED] - click: Object: 'Object Repository/DispensaryToCms/Page_KDMC - CMS/a_Divisional Store' is clicked on

2018-05-24 19:31:15 - [MESSAGE][PASSED] - Object: 'Object Repository/DispensaryToCms/Page_KDMC - CMS/a_Divisional Store' is clicked on

2018-05-24 19:31:15 - [TEST_STEP][PASSED] - delay: Delayed 2 second(s)

2018-05-24 19:31:17 - [MESSAGE][PASSED] - Delayed 2 second(s)

2018-05-24 19:31:17 - [TEST_STEP][PASSED] - click: Object: 'Object Repository/DispensaryToCms/Page_KDMC - CMS/a_Dispatch Items' is clicked on

2018-05-24 19:31:17 - [MESSAGE][PASSED] - Object: 'Object Repository/DispensaryToCms/Page_KDMC - CMS/a_Dispatch Items' is clicked on

2018-05-24 19:31:17 - [TEST_STEP][PASSED] - delay: Delayed 2 second(s)

2018-05-24 19:31:19 - [MESSAGE][PASSED] - Delayed 2 second(s)

2018-05-24 19:31:19 - [TEST_STEP][PASSED] - setText: Text 'PRNO/24052018/376' is set on object 'Object Repository/DispensaryToCms/Page_KDMC - CMS/input'

2018-05-24 19:31:20 - [MESSAGE][PASSED] - Text 'PRNO/24052018/376' is set on object 'Object Repository/DispensaryToCms/Page_KDMC - CMS/input'

2018-05-24 19:31:20 - [TEST_STEP][PASSED] - click: Object: 'Object Repository/DispensaryToCms/Page_KDMC - CMS/input_PRNO18052018174' is clicked on

2018-05-24 19:31:20 - [MESSAGE][PASSED] - Object: 'Object Repository/DispensaryToCms/Page_KDMC - CMS/input_PRNO18052018174' is clicked on

2018-05-24 19:31:20 - [TEST_STEP][PASSED] - Statement - out.println("Length : " + medicineslength): null

2018-05-24 19:31:20 - [TEST_STEP][PASSED] - Statement - For ([row = 0, row < medicineslength - 1, (row++)]): null

2018-05-24 19:31:20 - [TEST_STEP][PASSED] - Statement - batchlength = new com.kms.katalon.core.testobject.TestObject(): null

2018-05-24 19:31:20 - [TEST_STEP][PASSED] - Statement - batchlength = com.kms.katalon.core.webui.keyword.WebUiBuiltInKeywords.modifyObjectProperty(batchlength, "xpath", "equals", "//*[@id = "fldvendor" + row + ""]", true): Modify property of object successfully

2018-05-24 19:31:20 - [MESSAGE][PASSED] - Modify property of object successfully

2018-05-24 19:31:20 - [TEST_STEP][PASSED] - Statement - batchsize = com.kms.katalon.core.webui.keyword.WebUiBuiltInKeywords.getNumberOfTotalOption(batchlength): 6 options of object '' counted

2018-05-24 19:31:21 - [MESSAGE][PASSED] - 6 options of object '' counted

2018-05-24 19:31:21 - [TEST_STEP][PASSED] - Statement - out.println("BatchSize : " + batchsize): null

2018-05-24 19:31:21 - [TEST_STEP][PASSED] - Statement - For ([n = 1, n <= batchsize - 1, (n++)]): null

2018-05-24 19:31:21 - [TEST_STEP][PASSED] - Statement - product = new com.kms.katalon.core.testobject.TestObject(): null

2018-05-24 19:31:21 - [TEST_STEP][PASSED] - Statement - product = com.kms.katalon.core.webui.keyword.WebUiBuiltInKeywords.modifyObjectProperty(product, "xpath", "equals", "//*[@id = "fldvendor" + row + ""]", true): Modify property of object successfully

2018-05-24 19:31:21 - [MESSAGE][PASSED] - Modify property of object successfully

2018-05-24 19:31:21 - [TEST_STEP][PASSED] - selectOptionByIndex: All options with index in [1] are selected on object ''

2018-05-24 19:31:21 - [MESSAGE][PASSED] - All options with index in [1] are selected on object ''

2018-05-24 19:31:21 - [TEST_STEP][PASSED] - Statement - batch = new com.kms.katalon.core.testobject.TestObject(): null

2018-05-24 19:31:21 - [TEST_STEP][PASSED] - Statement - batch = com.kms.katalon.core.webui.keyword.WebUiBuiltInKeywords.modifyObjectProperty(batch, "xpath", "equals", "//*[@id = "txtbthqty" + row + ""]", true): Modify property of object successfully

2018-05-24 19:31:21 - [MESSAGE][PASSED] - Modify property of object successfully

2018-05-24 19:31:21 - [TEST_STEP][PASSED] - Statement - batchqty = com.kms.katalon.core.webui.keyword.WebUiBuiltInKeywords.getAttribute(batch, "value").trim(): Attribute 'value' of object '' is: ''

2018-05-24 19:31:21 - [MESSAGE][PASSED] - Attribute 'value' of object '' is: ''

2018-05-24 19:31:21 - [TEST_STEP][PASSED] - Statement - Rqty = 100: null

2018-05-24 19:31:21 - [TEST_STEP][PASSED] - delay: Delayed 2 second(s)

2018-05-24 19:31:23 - [MESSAGE][PASSED] - Delayed 2 second(s)

2018-05-24 19:31:23 - [TEST_STEP][PASSED] - Statement - out.println("BatchQty : " + batchqty): null

2018-05-24 19:31:23 - [TEST_STEP][PASSED] - Statement - out.println("RQty : " + Rqty): null

2018-05-24 19:31:23 - [TEST_STEP][PASSED] - Statement - If (java.lang.Integer.valueOf(batchqty) >= java.lang.Integer.valueOf(Rqty)): null]]></system-out>
         <system-err><![CDATA[2018-05-24 19:29:29 - [TEST_CASE][ERROR] - Test Cases/DISPENSARY TEST CASES/TC_DP_015 Verify Schedule 3 Dispensary To CMS Request Are Working Successfully Or Not: Test Cases/DISPENSARY TEST CASES/TC_DP_015 Verify Schedule 3 Dispensary To CMS Request Are Working Successfully Or Not FAILED because (of) java.lang.NumberFormatException: For input string: ""]]></system-err>
      </testcase>
      <testcase name="Test Cases/DISPENSARY TEST CASES/TC_DP_016 Verify Schedule 4 Dispensary To CMS Request Are Working Successfully Or Not" classname="Test Cases/DISPENSARY TEST CASES/TC_DP_016 Verify Schedule 4 Dispensary To CMS Request Are Working Successfully Or Not" status="FAILED">
         <failure type="FAILED" message="Unable to select option by index '15' of object 'Object Repository/DispensaryToCms/Page_Dispensary Store/select_--Select--Adernaline 0.' (Root cause: org.openqa.selenium.NoSuchElementException: Cannot locate option with index: 15
For documentation on this error, please visit: http://seleniumhq.org/exceptions/no_such_element.html
Build info: version: '3.7.1', revision: '8a0099a', time: '2017-11-06T21:07:36.161Z'
System info: host: 'DESKTOP-BLFTK83', ip: '169.254.189.85', os.name: 'Windows 10', os.arch: 'amd64', os.version: '10.0', java.version: '1.8.0_102'
Driver info: driver.version: unknown)"/>
         <system-out><![CDATA[2018-05-24 19:31:23 - [TEST_CASE][FAILED] - Test Cases/DISPENSARY TEST CASES/TC_DP_016 Verify Schedule 4 Dispensary To CMS Request Are Working Successfully Or Not: Test Cases/DISPENSARY TEST CASES/TC_DP_016 Verify Schedule 4 Dispensary To CMS Request Are Working Successfully Or Not FAILED because (of) Unable to select option by index '15' of object 'Object Repository/DispensaryToCms/Page_Dispensary Store/select_--Select--Adernaline 0.' (Root cause: org.openqa.selenium.NoSuchElementException: Cannot locate option with index: 15
For documentation on this error, please visit: http://seleniumhq.org/exceptions/no_such_element.html
Build info: version: '3.7.1', revision: '8a0099a', time: '2017-11-06T21:07:36.161Z'
System info: host: 'DESKTOP-BLFTK83', ip: '169.254.189.85', os.name: 'Windows 10', os.arch: 'amd64', os.version: '10.0', java.version: '1.8.0_102'
Driver info: driver.version: unknown)

2018-05-24 19:31:24 - [TEST_STEP][PASSED] - openBrowser: Browser is opened with url: ''

2018-05-24 19:31:24 - [MESSAGE][WARNING] - A browser is already opened. Closing browser and opening a new one

2018-05-24 19:31:26 - [MESSAGE][PASSED] - Browser is opened with url: ''

2018-05-24 19:31:26 - [TEST_STEP][PASSED] - navigateToUrl: Navigate to 'http://192.168.137.1/multihospital_new/HDSplashscreen.aspx' successfully

2018-05-24 19:31:29 - [MESSAGE][PASSED] - Navigate to 'http://192.168.137.1/multihospital_new/HDSplashscreen.aspx' successfully

2018-05-24 19:31:29 - [TEST_STEP][PASSED] - maximizeWindow: Current window maximized

2018-05-24 19:31:30 - [MESSAGE][PASSED] - Current window maximized

2018-05-24 19:31:30 - [TEST_STEP][PASSED] - click: Object: 'Object Repository/DispensaryToCms/Page_KDMC/a_Dispensary Store' is clicked on

2018-05-24 19:31:31 - [MESSAGE][PASSED] - Object: 'Object Repository/DispensaryToCms/Page_KDMC/a_Dispensary Store' is clicked on

2018-05-24 19:31:31 - [TEST_STEP][PASSED] - setText: Text 'rajaram' is set on object 'Object Repository/DispensaryToCms/Page_Dispensary Store Login/input_txtusername'

2018-05-24 19:31:31 - [MESSAGE][PASSED] - Text 'rajaram' is set on object 'Object Repository/DispensaryToCms/Page_Dispensary Store Login/input_txtusername'

2018-05-24 19:31:31 - [TEST_STEP][PASSED] - setText: Text '123' is set on object 'Object Repository/DispensaryToCms/Page_Dispensary Store Login/input_txtpassword'

2018-05-24 19:31:31 - [MESSAGE][PASSED] - Text '123' is set on object 'Object Repository/DispensaryToCms/Page_Dispensary Store Login/input_txtpassword'

2018-05-24 19:31:31 - [TEST_STEP][PASSED] - delay: Delayed 3 second(s)

2018-05-24 19:31:34 - [MESSAGE][PASSED] - Delayed 3 second(s)

2018-05-24 19:31:34 - [TEST_STEP][PASSED] - click: Object: 'Object Repository/DispensaryToCms/Page_Dispensary Store Login/button_Sign in' is clicked on

2018-05-24 19:31:35 - [MESSAGE][PASSED] - Object: 'Object Repository/DispensaryToCms/Page_Dispensary Store Login/button_Sign in' is clicked on

2018-05-24 19:31:35 - [TEST_STEP][PASSED] - delay: Delayed 3 second(s)

2018-05-24 19:31:38 - [MESSAGE][PASSED] - Delayed 3 second(s)

2018-05-24 19:31:38 - [TEST_STEP][PASSED] - click: Object: 'Object Repository/DispensaryToCms/Page_Dispensary Store/a_CMS' is clicked on

2018-05-24 19:31:38 - [MESSAGE][PASSED] - Object: 'Object Repository/DispensaryToCms/Page_Dispensary Store/a_CMS' is clicked on

2018-05-24 19:31:38 - [TEST_STEP][PASSED] - click: Object: 'Object Repository/DispensaryToCms/Page_Dispensary Store/a_Request Send' is clicked on

2018-05-24 19:31:39 - [MESSAGE][PASSED] - Object: 'Object Repository/DispensaryToCms/Page_Dispensary Store/a_Request Send' is clicked on

2018-05-24 19:31:39 - [TEST_STEP][PASSED] - delay: Delayed 2 second(s)

2018-05-24 19:31:41 - [MESSAGE][PASSED] - Delayed 2 second(s)

2018-05-24 19:31:41 - [TEST_STEP][PASSED] - selectOptionByIndex: All options with index in [2] are selected on object 'Object Repository/DispensaryToCms/Page_Dispensary Store/select_--Select--'

2018-05-24 19:31:41 - [MESSAGE][PASSED] - All options with index in [2] are selected on object 'Object Repository/DispensaryToCms/Page_Dispensary Store/select_--Select--'

2018-05-24 19:31:41 - [TEST_STEP][PASSED] - selectOptionByIndex: All options with index in [4] are selected on object 'Object Repository/DispensaryToCms/Page_Dispensary Store/select_--Select--Schedule 1Inj'

2018-05-24 19:31:41 - [MESSAGE][PASSED] - All options with index in [4] are selected on object 'Object Repository/DispensaryToCms/Page_Dispensary Store/select_--Select--Schedule 1Inj'

2018-05-24 19:31:41 - [TEST_STEP][PASSED] - Statement - medicineslength = com.kms.katalon.core.webui.keyword.WebUiBuiltInKeywords.getNumberOfTotalOption(com.kms.katalon.core.testobject.ObjectRepository.findTestObject(DispensaryToCms/Page_Dispensary Store/select_--Select--Adernaline 0.)): 16 options of object 'Object Repository/DispensaryToCms/Page_Dispensary Store/select_--Select--Adernaline 0.' counted

2018-05-24 19:31:41 - [MESSAGE][PASSED] - 16 options of object 'Object Repository/DispensaryToCms/Page_Dispensary Store/select_--Select--Adernaline 0.' counted

2018-05-24 19:31:41 - [TEST_STEP][FAILED] - Statement - For ([e = 1, e <= medicineslength - 1, (e++)]): Unable to select option by index '15' of object 'Object Repository/DispensaryToCms/Page_Dispensary Store/select_--Select--Adernaline 0.' (Root cause: org.openqa.selenium.NoSuchElementException: Cannot locate option with index: 15
For documentation on this error, please visit: http://seleniumhq.org/exceptions/no_such_element.html
Build info: version: '3.7.1', revision: '8a0099a', time: '2017-11-06T21:07:36.161Z'
System info: host: 'DESKTOP-BLFTK83', ip: '169.254.189.85', os.name: 'Windows 10', os.arch: 'amd64', os.version: '10.0', java.version: '1.8.0_102'
Driver info: driver.version: unknown)

2018-05-24 19:31:41 - [TEST_STEP][PASSED] - selectOptionByIndex: All options with index in [4] are selected on object 'Object Repository/DispensaryToCms/Page_Dispensary Store/select_--Select--Schedule 1Inj'

2018-05-24 19:31:42 - [MESSAGE][PASSED] - All options with index in [4] are selected on object 'Object Repository/DispensaryToCms/Page_Dispensary Store/select_--Select--Schedule 1Inj'

2018-05-24 19:31:42 - [TEST_STEP][PASSED] - selectOptionByIndex: All options with index in [1] are selected on object 'Object Repository/DispensaryToCms/Page_Dispensary Store/select_--Select--Adernaline 0.'

2018-05-24 19:31:42 - [MESSAGE][PASSED] - All options with index in [1] are selected on object 'Object Repository/DispensaryToCms/Page_Dispensary Store/select_--Select--Adernaline 0.'

2018-05-24 19:31:42 - [TEST_STEP][PASSED] - setText: Text '100' is set on object 'Object Repository/DispensaryToCms/Page_Dispensary Store/input_txttreat'

2018-05-24 19:31:42 - [MESSAGE][PASSED] - Text '100' is set on object 'Object Repository/DispensaryToCms/Page_Dispensary Store/input_txttreat'

2018-05-24 19:31:42 - [TEST_STEP][PASSED] - click: Object: 'Object Repository/DispensaryToCms/Page_Dispensary Store/button_Add' is clicked on

2018-05-24 19:31:42 - [MESSAGE][PASSED] - Object: 'Object Repository/DispensaryToCms/Page_Dispensary Store/button_Add' is clicked on

2018-05-24 19:31:42 - [TEST_STEP][PASSED] - selectOptionByIndex: All options with index in [4] are selected on object 'Object Repository/DispensaryToCms/Page_Dispensary Store/select_--Select--Schedule 1Inj'

2018-05-24 19:31:42 - [MESSAGE][PASSED] - All options with index in [4] are selected on object 'Object Repository/DispensaryToCms/Page_Dispensary Store/select_--Select--Schedule 1Inj'

2018-05-24 19:31:42 - [TEST_STEP][PASSED] - selectOptionByIndex: All options with index in [2] are selected on object 'Object Repository/DispensaryToCms/Page_Dispensary Store/select_--Select--Adernaline 0.'

2018-05-24 19:31:42 - [MESSAGE][PASSED] - All options with index in [2] are selected on object 'Object Repository/DispensaryToCms/Page_Dispensary Store/select_--Select--Adernaline 0.'

2018-05-24 19:31:42 - [TEST_STEP][PASSED] - setText: Text '100' is set on object 'Object Repository/DispensaryToCms/Page_Dispensary Store/input_txttreat'

2018-05-24 19:31:42 - [MESSAGE][PASSED] - Text '100' is set on object 'Object Repository/DispensaryToCms/Page_Dispensary Store/input_txttreat'

2018-05-24 19:31:42 - [TEST_STEP][PASSED] - click: Object: 'Object Repository/DispensaryToCms/Page_Dispensary Store/button_Add' is clicked on

2018-05-24 19:31:42 - [MESSAGE][PASSED] - Object: 'Object Repository/DispensaryToCms/Page_Dispensary Store/button_Add' is clicked on

2018-05-24 19:31:42 - [TEST_STEP][PASSED] - selectOptionByIndex: All options with index in [4] are selected on object 'Object Repository/DispensaryToCms/Page_Dispensary Store/select_--Select--Schedule 1Inj'

2018-05-24 19:31:43 - [MESSAGE][PASSED] - All options with index in [4] are selected on object 'Object Repository/DispensaryToCms/Page_Dispensary Store/select_--Select--Schedule 1Inj'

2018-05-24 19:31:43 - [TEST_STEP][PASSED] - selectOptionByIndex: All options with index in [3] are selected on object 'Object Repository/DispensaryToCms/Page_Dispensary Store/select_--Select--Adernaline 0.'

2018-05-24 19:31:43 - [MESSAGE][PASSED] - All options with index in [3] are selected on object 'Object Repository/DispensaryToCms/Page_Dispensary Store/select_--Select--Adernaline 0.'

2018-05-24 19:31:43 - [TEST_STEP][PASSED] - setText: Text '100' is set on object 'Object Repository/DispensaryToCms/Page_Dispensary Store/input_txttreat'

2018-05-24 19:31:43 - [MESSAGE][PASSED] - Text '100' is set on object 'Object Repository/DispensaryToCms/Page_Dispensary Store/input_txttreat'

2018-05-24 19:31:43 - [TEST_STEP][PASSED] - click: Object: 'Object Repository/DispensaryToCms/Page_Dispensary Store/button_Add' is clicked on

2018-05-24 19:31:43 - [MESSAGE][PASSED] - Object: 'Object Repository/DispensaryToCms/Page_Dispensary Store/button_Add' is clicked on

2018-05-24 19:31:43 - [TEST_STEP][PASSED] - selectOptionByIndex: All options with index in [4] are selected on object 'Object Repository/DispensaryToCms/Page_Dispensary Store/select_--Select--Schedule 1Inj'

2018-05-24 19:31:43 - [MESSAGE][PASSED] - All options with index in [4] are selected on object 'Object Repository/DispensaryToCms/Page_Dispensary Store/select_--Select--Schedule 1Inj'

2018-05-24 19:31:43 - [TEST_STEP][PASSED] - selectOptionByIndex: All options with index in [4] are selected on object 'Object Repository/DispensaryToCms/Page_Dispensary Store/select_--Select--Adernaline 0.'

2018-05-24 19:31:43 - [MESSAGE][PASSED] - All options with index in [4] are selected on object 'Object Repository/DispensaryToCms/Page_Dispensary Store/select_--Select--Adernaline 0.'

2018-05-24 19:31:43 - [TEST_STEP][PASSED] - setText: Text '100' is set on object 'Object Repository/DispensaryToCms/Page_Dispensary Store/input_txttreat'

2018-05-24 19:31:43 - [MESSAGE][PASSED] - Text '100' is set on object 'Object Repository/DispensaryToCms/Page_Dispensary Store/input_txttreat'

2018-05-24 19:31:43 - [TEST_STEP][PASSED] - click: Object: 'Object Repository/DispensaryToCms/Page_Dispensary Store/button_Add' is clicked on

2018-05-24 19:31:43 - [MESSAGE][PASSED] - Object: 'Object Repository/DispensaryToCms/Page_Dispensary Store/button_Add' is clicked on

2018-05-24 19:31:43 - [TEST_STEP][PASSED] - selectOptionByIndex: All options with index in [4] are selected on object 'Object Repository/DispensaryToCms/Page_Dispensary Store/select_--Select--Schedule 1Inj'

2018-05-24 19:31:44 - [MESSAGE][PASSED] - All options with index in [4] are selected on object 'Object Repository/DispensaryToCms/Page_Dispensary Store/select_--Select--Schedule 1Inj'

2018-05-24 19:31:44 - [TEST_STEP][PASSED] - selectOptionByIndex: All options with index in [5] are selected on object 'Object Repository/DispensaryToCms/Page_Dispensary Store/select_--Select--Adernaline 0.'

2018-05-24 19:31:44 - [MESSAGE][PASSED] - All options with index in [5] are selected on object 'Object Repository/DispensaryToCms/Page_Dispensary Store/select_--Select--Adernaline 0.'

2018-05-24 19:31:44 - [TEST_STEP][PASSED] - setText: Text '100' is set on object 'Object Repository/DispensaryToCms/Page_Dispensary Store/input_txttreat'

2018-05-24 19:31:44 - [MESSAGE][PASSED] - Text '100' is set on object 'Object Repository/DispensaryToCms/Page_Dispensary Store/input_txttreat'

2018-05-24 19:31:44 - [TEST_STEP][PASSED] - click: Object: 'Object Repository/DispensaryToCms/Page_Dispensary Store/button_Add' is clicked on

2018-05-24 19:31:44 - [MESSAGE][PASSED] - Object: 'Object Repository/DispensaryToCms/Page_Dispensary Store/button_Add' is clicked on

2018-05-24 19:31:44 - [TEST_STEP][PASSED] - selectOptionByIndex: All options with index in [4] are selected on object 'Object Repository/DispensaryToCms/Page_Dispensary Store/select_--Select--Schedule 1Inj'

2018-05-24 19:31:44 - [MESSAGE][PASSED] - All options with index in [4] are selected on object 'Object Repository/DispensaryToCms/Page_Dispensary Store/select_--Select--Schedule 1Inj'

2018-05-24 19:31:44 - [TEST_STEP][PASSED] - selectOptionByIndex: All options with index in [6] are selected on object 'Object Repository/DispensaryToCms/Page_Dispensary Store/select_--Select--Adernaline 0.'

2018-05-24 19:31:44 - [MESSAGE][PASSED] - All options with index in [6] are selected on object 'Object Repository/DispensaryToCms/Page_Dispensary Store/select_--Select--Adernaline 0.'

2018-05-24 19:31:44 - [TEST_STEP][PASSED] - setText: Text '100' is set on object 'Object Repository/DispensaryToCms/Page_Dispensary Store/input_txttreat'

2018-05-24 19:31:44 - [MESSAGE][PASSED] - Text '100' is set on object 'Object Repository/DispensaryToCms/Page_Dispensary Store/input_txttreat'

2018-05-24 19:31:44 - [TEST_STEP][PASSED] - click: Object: 'Object Repository/DispensaryToCms/Page_Dispensary Store/button_Add' is clicked on

2018-05-24 19:31:44 - [MESSAGE][PASSED] - Object: 'Object Repository/DispensaryToCms/Page_Dispensary Store/button_Add' is clicked on

2018-05-24 19:31:44 - [TEST_STEP][PASSED] - selectOptionByIndex: All options with index in [4] are selected on object 'Object Repository/DispensaryToCms/Page_Dispensary Store/select_--Select--Schedule 1Inj'

2018-05-24 19:31:45 - [MESSAGE][PASSED] - All options with index in [4] are selected on object 'Object Repository/DispensaryToCms/Page_Dispensary Store/select_--Select--Schedule 1Inj'

2018-05-24 19:31:45 - [TEST_STEP][PASSED] - selectOptionByIndex: All options with index in [7] are selected on object 'Object Repository/DispensaryToCms/Page_Dispensary Store/select_--Select--Adernaline 0.'

2018-05-24 19:31:45 - [MESSAGE][PASSED] - All options with index in [7] are selected on object 'Object Repository/DispensaryToCms/Page_Dispensary Store/select_--Select--Adernaline 0.'

2018-05-24 19:31:45 - [TEST_STEP][PASSED] - setText: Text '100' is set on object 'Object Repository/DispensaryToCms/Page_Dispensary Store/input_txttreat'

2018-05-24 19:31:45 - [MESSAGE][PASSED] - Text '100' is set on object 'Object Repository/DispensaryToCms/Page_Dispensary Store/input_txttreat'

2018-05-24 19:31:45 - [TEST_STEP][PASSED] - click: Object: 'Object Repository/DispensaryToCms/Page_Dispensary Store/button_Add' is clicked on

2018-05-24 19:31:45 - [MESSAGE][PASSED] - Object: 'Object Repository/DispensaryToCms/Page_Dispensary Store/button_Add' is clicked on

2018-05-24 19:31:45 - [TEST_STEP][PASSED] - selectOptionByIndex: All options with index in [4] are selected on object 'Object Repository/DispensaryToCms/Page_Dispensary Store/select_--Select--Schedule 1Inj'

2018-05-24 19:31:45 - [MESSAGE][PASSED] - All options with index in [4] are selected on object 'Object Repository/DispensaryToCms/Page_Dispensary Store/select_--Select--Schedule 1Inj'

2018-05-24 19:31:45 - [TEST_STEP][PASSED] - selectOptionByIndex: All options with index in [8] are selected on object 'Object Repository/DispensaryToCms/Page_Dispensary Store/select_--Select--Adernaline 0.'

2018-05-24 19:31:45 - [MESSAGE][PASSED] - All options with index in [8] are selected on object 'Object Repository/DispensaryToCms/Page_Dispensary Store/select_--Select--Adernaline 0.'

2018-05-24 19:31:45 - [TEST_STEP][PASSED] - setText: Text '100' is set on object 'Object Repository/DispensaryToCms/Page_Dispensary Store/input_txttreat'

2018-05-24 19:31:45 - [MESSAGE][PASSED] - Text '100' is set on object 'Object Repository/DispensaryToCms/Page_Dispensary Store/input_txttreat'

2018-05-24 19:31:45 - [TEST_STEP][PASSED] - click: Object: 'Object Repository/DispensaryToCms/Page_Dispensary Store/button_Add' is clicked on

2018-05-24 19:31:46 - [MESSAGE][PASSED] - Object: 'Object Repository/DispensaryToCms/Page_Dispensary Store/button_Add' is clicked on

2018-05-24 19:31:46 - [TEST_STEP][PASSED] - selectOptionByIndex: All options with index in [4] are selected on object 'Object Repository/DispensaryToCms/Page_Dispensary Store/select_--Select--Schedule 1Inj'

2018-05-24 19:31:46 - [MESSAGE][PASSED] - All options with index in [4] are selected on object 'Object Repository/DispensaryToCms/Page_Dispensary Store/select_--Select--Schedule 1Inj'

2018-05-24 19:31:46 - [TEST_STEP][PASSED] - selectOptionByIndex: All options with index in [9] are selected on object 'Object Repository/DispensaryToCms/Page_Dispensary Store/select_--Select--Adernaline 0.'

2018-05-24 19:31:46 - [MESSAGE][PASSED] - All options with index in [9] are selected on object 'Object Repository/DispensaryToCms/Page_Dispensary Store/select_--Select--Adernaline 0.'

2018-05-24 19:31:46 - [TEST_STEP][PASSED] - setText: Text '100' is set on object 'Object Repository/DispensaryToCms/Page_Dispensary Store/input_txttreat'

2018-05-24 19:31:46 - [MESSAGE][PASSED] - Text '100' is set on object 'Object Repository/DispensaryToCms/Page_Dispensary Store/input_txttreat'

2018-05-24 19:31:46 - [TEST_STEP][PASSED] - click: Object: 'Object Repository/DispensaryToCms/Page_Dispensary Store/button_Add' is clicked on

2018-05-24 19:31:46 - [MESSAGE][PASSED] - Object: 'Object Repository/DispensaryToCms/Page_Dispensary Store/button_Add' is clicked on

2018-05-24 19:31:46 - [TEST_STEP][PASSED] - selectOptionByIndex: All options with index in [4] are selected on object 'Object Repository/DispensaryToCms/Page_Dispensary Store/select_--Select--Schedule 1Inj'

2018-05-24 19:31:46 - [MESSAGE][PASSED] - All options with index in [4] are selected on object 'Object Repository/DispensaryToCms/Page_Dispensary Store/select_--Select--Schedule 1Inj'

2018-05-24 19:31:46 - [TEST_STEP][PASSED] - selectOptionByIndex: All options with index in [10] are selected on object 'Object Repository/DispensaryToCms/Page_Dispensary Store/select_--Select--Adernaline 0.'

2018-05-24 19:31:46 - [MESSAGE][PASSED] - All options with index in [10] are selected on object 'Object Repository/DispensaryToCms/Page_Dispensary Store/select_--Select--Adernaline 0.'

2018-05-24 19:31:46 - [TEST_STEP][PASSED] - setText: Text '100' is set on object 'Object Repository/DispensaryToCms/Page_Dispensary Store/input_txttreat'

2018-05-24 19:31:47 - [MESSAGE][PASSED] - Text '100' is set on object 'Object Repository/DispensaryToCms/Page_Dispensary Store/input_txttreat'

2018-05-24 19:31:47 - [TEST_STEP][PASSED] - click: Object: 'Object Repository/DispensaryToCms/Page_Dispensary Store/button_Add' is clicked on

2018-05-24 19:31:47 - [MESSAGE][PASSED] - Object: 'Object Repository/DispensaryToCms/Page_Dispensary Store/button_Add' is clicked on

2018-05-24 19:31:47 - [TEST_STEP][PASSED] - selectOptionByIndex: All options with index in [4] are selected on object 'Object Repository/DispensaryToCms/Page_Dispensary Store/select_--Select--Schedule 1Inj'

2018-05-24 19:31:47 - [MESSAGE][PASSED] - All options with index in [4] are selected on object 'Object Repository/DispensaryToCms/Page_Dispensary Store/select_--Select--Schedule 1Inj'

2018-05-24 19:31:47 - [TEST_STEP][PASSED] - selectOptionByIndex: All options with index in [11] are selected on object 'Object Repository/DispensaryToCms/Page_Dispensary Store/select_--Select--Adernaline 0.'

2018-05-24 19:31:47 - [MESSAGE][PASSED] - All options with index in [11] are selected on object 'Object Repository/DispensaryToCms/Page_Dispensary Store/select_--Select--Adernaline 0.'

2018-05-24 19:31:47 - [TEST_STEP][PASSED] - setText: Text '100' is set on object 'Object Repository/DispensaryToCms/Page_Dispensary Store/input_txttreat'

2018-05-24 19:31:47 - [MESSAGE][PASSED] - Text '100' is set on object 'Object Repository/DispensaryToCms/Page_Dispensary Store/input_txttreat'

2018-05-24 19:31:47 - [TEST_STEP][PASSED] - click: Object: 'Object Repository/DispensaryToCms/Page_Dispensary Store/button_Add' is clicked on

2018-05-24 19:31:47 - [MESSAGE][PASSED] - Object: 'Object Repository/DispensaryToCms/Page_Dispensary Store/button_Add' is clicked on

2018-05-24 19:31:47 - [TEST_STEP][PASSED] - selectOptionByIndex: All options with index in [4] are selected on object 'Object Repository/DispensaryToCms/Page_Dispensary Store/select_--Select--Schedule 1Inj'

2018-05-24 19:31:47 - [MESSAGE][PASSED] - All options with index in [4] are selected on object 'Object Repository/DispensaryToCms/Page_Dispensary Store/select_--Select--Schedule 1Inj'

2018-05-24 19:31:47 - [TEST_STEP][PASSED] - selectOptionByIndex: All options with index in [12] are selected on object 'Object Repository/DispensaryToCms/Page_Dispensary Store/select_--Select--Adernaline 0.'

2018-05-24 19:31:48 - [MESSAGE][PASSED] - All options with index in [12] are selected on object 'Object Repository/DispensaryToCms/Page_Dispensary Store/select_--Select--Adernaline 0.'

2018-05-24 19:31:48 - [TEST_STEP][PASSED] - setText: Text '100' is set on object 'Object Repository/DispensaryToCms/Page_Dispensary Store/input_txttreat'

2018-05-24 19:31:48 - [MESSAGE][PASSED] - Text '100' is set on object 'Object Repository/DispensaryToCms/Page_Dispensary Store/input_txttreat'

2018-05-24 19:31:48 - [TEST_STEP][PASSED] - click: Object: 'Object Repository/DispensaryToCms/Page_Dispensary Store/button_Add' is clicked on

2018-05-24 19:31:48 - [MESSAGE][PASSED] - Object: 'Object Repository/DispensaryToCms/Page_Dispensary Store/button_Add' is clicked on

2018-05-24 19:31:48 - [TEST_STEP][PASSED] - selectOptionByIndex: All options with index in [4] are selected on object 'Object Repository/DispensaryToCms/Page_Dispensary Store/select_--Select--Schedule 1Inj'

2018-05-24 19:31:48 - [MESSAGE][PASSED] - All options with index in [4] are selected on object 'Object Repository/DispensaryToCms/Page_Dispensary Store/select_--Select--Schedule 1Inj'

2018-05-24 19:31:48 - [TEST_STEP][PASSED] - selectOptionByIndex: All options with index in [13] are selected on object 'Object Repository/DispensaryToCms/Page_Dispensary Store/select_--Select--Adernaline 0.'

2018-05-24 19:31:48 - [MESSAGE][PASSED] - All options with index in [13] are selected on object 'Object Repository/DispensaryToCms/Page_Dispensary Store/select_--Select--Adernaline 0.'

2018-05-24 19:31:48 - [TEST_STEP][PASSED] - setText: Text '100' is set on object 'Object Repository/DispensaryToCms/Page_Dispensary Store/input_txttreat'

2018-05-24 19:31:48 - [MESSAGE][PASSED] - Text '100' is set on object 'Object Repository/DispensaryToCms/Page_Dispensary Store/input_txttreat'

2018-05-24 19:31:48 - [TEST_STEP][PASSED] - click: Object: 'Object Repository/DispensaryToCms/Page_Dispensary Store/button_Add' is clicked on

2018-05-24 19:31:48 - [MESSAGE][PASSED] - Object: 'Object Repository/DispensaryToCms/Page_Dispensary Store/button_Add' is clicked on

2018-05-24 19:31:48 - [TEST_STEP][PASSED] - selectOptionByIndex: All options with index in [4] are selected on object 'Object Repository/DispensaryToCms/Page_Dispensary Store/select_--Select--Schedule 1Inj'

2018-05-24 19:31:48 - [MESSAGE][PASSED] - All options with index in [4] are selected on object 'Object Repository/DispensaryToCms/Page_Dispensary Store/select_--Select--Schedule 1Inj'

2018-05-24 19:31:48 - [TEST_STEP][PASSED] - selectOptionByIndex: All options with index in [14] are selected on object 'Object Repository/DispensaryToCms/Page_Dispensary Store/select_--Select--Adernaline 0.'

2018-05-24 19:31:49 - [MESSAGE][PASSED] - All options with index in [14] are selected on object 'Object Repository/DispensaryToCms/Page_Dispensary Store/select_--Select--Adernaline 0.'

2018-05-24 19:31:49 - [TEST_STEP][PASSED] - setText: Text '100' is set on object 'Object Repository/DispensaryToCms/Page_Dispensary Store/input_txttreat'

2018-05-24 19:31:49 - [MESSAGE][PASSED] - Text '100' is set on object 'Object Repository/DispensaryToCms/Page_Dispensary Store/input_txttreat'

2018-05-24 19:31:49 - [TEST_STEP][PASSED] - click: Object: 'Object Repository/DispensaryToCms/Page_Dispensary Store/button_Add' is clicked on

2018-05-24 19:31:49 - [MESSAGE][PASSED] - Object: 'Object Repository/DispensaryToCms/Page_Dispensary Store/button_Add' is clicked on

2018-05-24 19:31:49 - [TEST_STEP][PASSED] - selectOptionByIndex: All options with index in [4] are selected on object 'Object Repository/DispensaryToCms/Page_Dispensary Store/select_--Select--Schedule 1Inj'

2018-05-24 19:31:49 - [MESSAGE][PASSED] - All options with index in [4] are selected on object 'Object Repository/DispensaryToCms/Page_Dispensary Store/select_--Select--Schedule 1Inj'

2018-05-24 19:31:49 - [TEST_STEP][FAILED] - selectOptionByIndex: Unable to select option by index '15' of object 'Object Repository/DispensaryToCms/Page_Dispensary Store/select_--Select--Adernaline 0.' (Root cause: org.openqa.selenium.NoSuchElementException: Cannot locate option with index: 15
For documentation on this error, please visit: http://seleniumhq.org/exceptions/no_such_element.html
Build info: version: '3.7.1', revision: '8a0099a', time: '2017-11-06T21:07:36.161Z'
System info: host: 'DESKTOP-BLFTK83', ip: '169.254.189.85', os.name: 'Windows 10', os.arch: 'amd64', os.version: '10.0', java.version: '1.8.0_102'
Driver info: driver.version: unknown)

2018-05-24 19:31:49 - [MESSAGE][FAILED] - Unable to select option by index '15' of object 'Object Repository/DispensaryToCms/Page_Dispensary Store/select_--Select--Adernaline 0.' (Root cause: org.openqa.selenium.NoSuchElementException: Cannot locate option with index: 15
For documentation on this error, please visit: http://seleniumhq.org/exceptions/no_such_element.html
Build info: version: '3.7.1', revision: '8a0099a', time: '2017-11-06T21:07:36.161Z'
System info: host: 'DESKTOP-BLFTK83', ip: '169.254.189.85', os.name: 'Windows 10', os.arch: 'amd64', os.version: '10.0', java.version: '1.8.0_102'
Driver info: driver.version: unknown)
[[ATTACHMENT|C:\\Users\\Quality Analyst\\Katalon Studio\\ds\\Reports\\Dispensary_Cms_Suite\\20180524_192520\\1527170509652.png]]]]></system-out>
         <system-err><![CDATA[2018-05-24 19:31:23 - [TEST_CASE][FAILED] - Test Cases/DISPENSARY TEST CASES/TC_DP_016 Verify Schedule 4 Dispensary To CMS Request Are Working Successfully Or Not: Test Cases/DISPENSARY TEST CASES/TC_DP_016 Verify Schedule 4 Dispensary To CMS Request Are Working Successfully Or Not FAILED because (of) Unable to select option by index '15' of object 'Object Repository/DispensaryToCms/Page_Dispensary Store/select_--Select--Adernaline 0.' (Root cause: org.openqa.selenium.NoSuchElementException: Cannot locate option with index: 15
For documentation on this error, please visit: http://seleniumhq.org/exceptions/no_such_element.html
Build info: version: '3.7.1', revision: '8a0099a', time: '2017-11-06T21:07:36.161Z'
System info: host: 'DESKTOP-BLFTK83', ip: '169.254.189.85', os.name: 'Windows 10', os.arch: 'amd64', os.version: '10.0', java.version: '1.8.0_102'
Driver info: driver.version: unknown)]]></system-err>
      </testcase>
      <testcase name="Test Cases/DISPENSARY TEST CASES/TC_DP_017 Verify Schedule 5 Dispensary To CMS Request Are Working Successfully Or Not" classname="Test Cases/DISPENSARY TEST CASES/TC_DP_017 Verify Schedule 5 Dispensary To CMS Request Are Working Successfully Or Not" status="ERROR">
         <error type="ERROR" message="Test Cases/DISPENSARY TEST CASES/TC_DP_017 Verify Schedule 5 Dispensary To CMS Request Are Working Successfully Or Not FAILED because (of) java.lang.NumberFormatException: For input string: &quot;&quot;"/>
         <system-out><![CDATA[2018-05-24 19:31:49 - [TEST_CASE][ERROR] - Test Cases/DISPENSARY TEST CASES/TC_DP_017 Verify Schedule 5 Dispensary To CMS Request Are Working Successfully Or Not: Test Cases/DISPENSARY TEST CASES/TC_DP_017 Verify Schedule 5 Dispensary To CMS Request Are Working Successfully Or Not FAILED because (of) java.lang.NumberFormatException: For input string: ""

2018-05-24 19:31:50 - [TEST_STEP][PASSED] - openBrowser: Browser is opened with url: ''

2018-05-24 19:31:50 - [MESSAGE][WARNING] - A browser is already opened. Closing browser and opening a new one

2018-05-24 19:31:52 - [MESSAGE][PASSED] - Browser is opened with url: ''

2018-05-24 19:31:52 - [TEST_STEP][PASSED] - navigateToUrl: Navigate to 'http://192.168.137.1/multihospital_new/HDSplashscreen.aspx' successfully

2018-05-24 19:31:55 - [MESSAGE][PASSED] - Navigate to 'http://192.168.137.1/multihospital_new/HDSplashscreen.aspx' successfully

2018-05-24 19:31:55 - [TEST_STEP][PASSED] - maximizeWindow: Current window maximized

2018-05-24 19:31:56 - [MESSAGE][PASSED] - Current window maximized

2018-05-24 19:31:56 - [TEST_STEP][PASSED] - click: Object: 'Object Repository/DispensaryToCms/Page_KDMC/a_Dispensary Store' is clicked on

2018-05-24 19:31:57 - [MESSAGE][PASSED] - Object: 'Object Repository/DispensaryToCms/Page_KDMC/a_Dispensary Store' is clicked on

2018-05-24 19:31:57 - [TEST_STEP][PASSED] - setText: Text 'rajaram' is set on object 'Object Repository/DispensaryToCms/Page_Dispensary Store Login/input_txtusername'

2018-05-24 19:31:57 - [MESSAGE][PASSED] - Text 'rajaram' is set on object 'Object Repository/DispensaryToCms/Page_Dispensary Store Login/input_txtusername'

2018-05-24 19:31:57 - [TEST_STEP][PASSED] - setText: Text '123' is set on object 'Object Repository/DispensaryToCms/Page_Dispensary Store Login/input_txtpassword'

2018-05-24 19:31:57 - [MESSAGE][PASSED] - Text '123' is set on object 'Object Repository/DispensaryToCms/Page_Dispensary Store Login/input_txtpassword'

2018-05-24 19:31:57 - [TEST_STEP][PASSED] - delay: Delayed 3 second(s)

2018-05-24 19:32:00 - [MESSAGE][PASSED] - Delayed 3 second(s)

2018-05-24 19:32:00 - [TEST_STEP][PASSED] - click: Object: 'Object Repository/DispensaryToCms/Page_Dispensary Store Login/button_Sign in' is clicked on

2018-05-24 19:32:01 - [MESSAGE][PASSED] - Object: 'Object Repository/DispensaryToCms/Page_Dispensary Store Login/button_Sign in' is clicked on

2018-05-24 19:32:01 - [TEST_STEP][PASSED] - delay: Delayed 3 second(s)

2018-05-24 19:32:04 - [MESSAGE][PASSED] - Delayed 3 second(s)

2018-05-24 19:32:04 - [TEST_STEP][PASSED] - click: Object: 'Object Repository/DispensaryToCms/Page_Dispensary Store/a_CMS' is clicked on

2018-05-24 19:32:04 - [MESSAGE][PASSED] - Object: 'Object Repository/DispensaryToCms/Page_Dispensary Store/a_CMS' is clicked on

2018-05-24 19:32:04 - [TEST_STEP][PASSED] - click: Object: 'Object Repository/DispensaryToCms/Page_Dispensary Store/a_Request Send' is clicked on

2018-05-24 19:32:05 - [MESSAGE][PASSED] - Object: 'Object Repository/DispensaryToCms/Page_Dispensary Store/a_Request Send' is clicked on

2018-05-24 19:32:05 - [TEST_STEP][PASSED] - delay: Delayed 2 second(s)

2018-05-24 19:32:07 - [MESSAGE][PASSED] - Delayed 2 second(s)

2018-05-24 19:32:07 - [TEST_STEP][PASSED] - selectOptionByIndex: All options with index in [2] are selected on object 'Object Repository/DispensaryToCms/Page_Dispensary Store/select_--Select--'

2018-05-24 19:32:07 - [MESSAGE][PASSED] - All options with index in [2] are selected on object 'Object Repository/DispensaryToCms/Page_Dispensary Store/select_--Select--'

2018-05-24 19:32:07 - [TEST_STEP][PASSED] - selectOptionByIndex: All options with index in [5] are selected on object 'Object Repository/DispensaryToCms/Page_Dispensary Store/select_--Select--Schedule 1Inj'

2018-05-24 19:32:07 - [MESSAGE][PASSED] - All options with index in [5] are selected on object 'Object Repository/DispensaryToCms/Page_Dispensary Store/select_--Select--Schedule 1Inj'

2018-05-24 19:32:07 - [TEST_STEP][PASSED] - Statement - medicineslength = com.kms.katalon.core.webui.keyword.WebUiBuiltInKeywords.getNumberOfTotalOption(com.kms.katalon.core.testobject.ObjectRepository.findTestObject(DispensaryToCms/Page_Dispensary Store/select_--Select--Adernaline 0.)): 17 options of object 'Object Repository/DispensaryToCms/Page_Dispensary Store/select_--Select--Adernaline 0.' counted

2018-05-24 19:32:08 - [MESSAGE][PASSED] - 17 options of object 'Object Repository/DispensaryToCms/Page_Dispensary Store/select_--Select--Adernaline 0.' counted

2018-05-24 19:32:08 - [TEST_STEP][PASSED] - Statement - For ([e = 1, e <= medicineslength - 1, (e++)]): Object: 'Object Repository/DispensaryToCms/Page_Dispensary Store/button_Add' is clicked on

2018-05-24 19:32:08 - [TEST_STEP][PASSED] - selectOptionByIndex: All options with index in [5] are selected on object 'Object Repository/DispensaryToCms/Page_Dispensary Store/select_--Select--Schedule 1Inj'

2018-05-24 19:32:08 - [MESSAGE][PASSED] - All options with index in [5] are selected on object 'Object Repository/DispensaryToCms/Page_Dispensary Store/select_--Select--Schedule 1Inj'

2018-05-24 19:32:08 - [TEST_STEP][PASSED] - selectOptionByIndex: All options with index in [1] are selected on object 'Object Repository/DispensaryToCms/Page_Dispensary Store/select_--Select--Adernaline 0.'

2018-05-24 19:32:08 - [MESSAGE][PASSED] - All options with index in [1] are selected on object 'Object Repository/DispensaryToCms/Page_Dispensary Store/select_--Select--Adernaline 0.'

2018-05-24 19:32:08 - [TEST_STEP][PASSED] - setText: Text '100' is set on object 'Object Repository/DispensaryToCms/Page_Dispensary Store/input_txttreat'

2018-05-24 19:32:08 - [MESSAGE][PASSED] - Text '100' is set on object 'Object Repository/DispensaryToCms/Page_Dispensary Store/input_txttreat'

2018-05-24 19:32:08 - [TEST_STEP][PASSED] - click: Object: 'Object Repository/DispensaryToCms/Page_Dispensary Store/button_Add' is clicked on

2018-05-24 19:32:08 - [MESSAGE][PASSED] - Object: 'Object Repository/DispensaryToCms/Page_Dispensary Store/button_Add' is clicked on

2018-05-24 19:32:08 - [TEST_STEP][PASSED] - selectOptionByIndex: All options with index in [5] are selected on object 'Object Repository/DispensaryToCms/Page_Dispensary Store/select_--Select--Schedule 1Inj'

2018-05-24 19:32:08 - [MESSAGE][PASSED] - All options with index in [5] are selected on object 'Object Repository/DispensaryToCms/Page_Dispensary Store/select_--Select--Schedule 1Inj'

2018-05-24 19:32:08 - [TEST_STEP][PASSED] - selectOptionByIndex: All options with index in [2] are selected on object 'Object Repository/DispensaryToCms/Page_Dispensary Store/select_--Select--Adernaline 0.'

2018-05-24 19:32:08 - [MESSAGE][PASSED] - All options with index in [2] are selected on object 'Object Repository/DispensaryToCms/Page_Dispensary Store/select_--Select--Adernaline 0.'

2018-05-24 19:32:08 - [TEST_STEP][PASSED] - setText: Text '100' is set on object 'Object Repository/DispensaryToCms/Page_Dispensary Store/input_txttreat'

2018-05-24 19:32:08 - [MESSAGE][PASSED] - Text '100' is set on object 'Object Repository/DispensaryToCms/Page_Dispensary Store/input_txttreat'

2018-05-24 19:32:08 - [TEST_STEP][PASSED] - click: Object: 'Object Repository/DispensaryToCms/Page_Dispensary Store/button_Add' is clicked on

2018-05-24 19:32:08 - [MESSAGE][PASSED] - Object: 'Object Repository/DispensaryToCms/Page_Dispensary Store/button_Add' is clicked on

2018-05-24 19:32:08 - [TEST_STEP][PASSED] - selectOptionByIndex: All options with index in [5] are selected on object 'Object Repository/DispensaryToCms/Page_Dispensary Store/select_--Select--Schedule 1Inj'

2018-05-24 19:32:09 - [MESSAGE][PASSED] - All options with index in [5] are selected on object 'Object Repository/DispensaryToCms/Page_Dispensary Store/select_--Select--Schedule 1Inj'

2018-05-24 19:32:09 - [TEST_STEP][PASSED] - selectOptionByIndex: All options with index in [3] are selected on object 'Object Repository/DispensaryToCms/Page_Dispensary Store/select_--Select--Adernaline 0.'

2018-05-24 19:32:09 - [MESSAGE][PASSED] - All options with index in [3] are selected on object 'Object Repository/DispensaryToCms/Page_Dispensary Store/select_--Select--Adernaline 0.'

2018-05-24 19:32:09 - [TEST_STEP][PASSED] - setText: Text '100' is set on object 'Object Repository/DispensaryToCms/Page_Dispensary Store/input_txttreat'

2018-05-24 19:32:09 - [MESSAGE][PASSED] - Text '100' is set on object 'Object Repository/DispensaryToCms/Page_Dispensary Store/input_txttreat'

2018-05-24 19:32:09 - [TEST_STEP][PASSED] - click: Object: 'Object Repository/DispensaryToCms/Page_Dispensary Store/button_Add' is clicked on

2018-05-24 19:32:09 - [MESSAGE][PASSED] - Object: 'Object Repository/DispensaryToCms/Page_Dispensary Store/button_Add' is clicked on

2018-05-24 19:32:09 - [TEST_STEP][PASSED] - selectOptionByIndex: All options with index in [5] are selected on object 'Object Repository/DispensaryToCms/Page_Dispensary Store/select_--Select--Schedule 1Inj'

2018-05-24 19:32:09 - [MESSAGE][PASSED] - All options with index in [5] are selected on object 'Object Repository/DispensaryToCms/Page_Dispensary Store/select_--Select--Schedule 1Inj'

2018-05-24 19:32:09 - [TEST_STEP][PASSED] - selectOptionByIndex: All options with index in [4] are selected on object 'Object Repository/DispensaryToCms/Page_Dispensary Store/select_--Select--Adernaline 0.'

2018-05-24 19:32:09 - [MESSAGE][PASSED] - All options with index in [4] are selected on object 'Object Repository/DispensaryToCms/Page_Dispensary Store/select_--Select--Adernaline 0.'

2018-05-24 19:32:09 - [TEST_STEP][PASSED] - setText: Text '100' is set on object 'Object Repository/DispensaryToCms/Page_Dispensary Store/input_txttreat'

2018-05-24 19:32:09 - [MESSAGE][PASSED] - Text '100' is set on object 'Object Repository/DispensaryToCms/Page_Dispensary Store/input_txttreat'

2018-05-24 19:32:09 - [TEST_STEP][PASSED] - click: Object: 'Object Repository/DispensaryToCms/Page_Dispensary Store/button_Add' is clicked on

2018-05-24 19:32:09 - [MESSAGE][PASSED] - Object: 'Object Repository/DispensaryToCms/Page_Dispensary Store/button_Add' is clicked on

2018-05-24 19:32:09 - [TEST_STEP][PASSED] - selectOptionByIndex: All options with index in [5] are selected on object 'Object Repository/DispensaryToCms/Page_Dispensary Store/select_--Select--Schedule 1Inj'

2018-05-24 19:32:10 - [MESSAGE][PASSED] - All options with index in [5] are selected on object 'Object Repository/DispensaryToCms/Page_Dispensary Store/select_--Select--Schedule 1Inj'

2018-05-24 19:32:10 - [TEST_STEP][PASSED] - selectOptionByIndex: All options with index in [5] are selected on object 'Object Repository/DispensaryToCms/Page_Dispensary Store/select_--Select--Adernaline 0.'

2018-05-24 19:32:10 - [MESSAGE][PASSED] - All options with index in [5] are selected on object 'Object Repository/DispensaryToCms/Page_Dispensary Store/select_--Select--Adernaline 0.'

2018-05-24 19:32:10 - [TEST_STEP][PASSED] - setText: Text '100' is set on object 'Object Repository/DispensaryToCms/Page_Dispensary Store/input_txttreat'

2018-05-24 19:32:10 - [MESSAGE][PASSED] - Text '100' is set on object 'Object Repository/DispensaryToCms/Page_Dispensary Store/input_txttreat'

2018-05-24 19:32:10 - [TEST_STEP][PASSED] - click: Object: 'Object Repository/DispensaryToCms/Page_Dispensary Store/button_Add' is clicked on

2018-05-24 19:32:10 - [MESSAGE][PASSED] - Object: 'Object Repository/DispensaryToCms/Page_Dispensary Store/button_Add' is clicked on

2018-05-24 19:32:10 - [TEST_STEP][PASSED] - selectOptionByIndex: All options with index in [5] are selected on object 'Object Repository/DispensaryToCms/Page_Dispensary Store/select_--Select--Schedule 1Inj'

2018-05-24 19:32:10 - [MESSAGE][PASSED] - All options with index in [5] are selected on object 'Object Repository/DispensaryToCms/Page_Dispensary Store/select_--Select--Schedule 1Inj'

2018-05-24 19:32:10 - [TEST_STEP][PASSED] - selectOptionByIndex: All options with index in [6] are selected on object 'Object Repository/DispensaryToCms/Page_Dispensary Store/select_--Select--Adernaline 0.'

2018-05-24 19:32:10 - [MESSAGE][PASSED] - All options with index in [6] are selected on object 'Object Repository/DispensaryToCms/Page_Dispensary Store/select_--Select--Adernaline 0.'

2018-05-24 19:32:10 - [TEST_STEP][PASSED] - setText: Text '100' is set on object 'Object Repository/DispensaryToCms/Page_Dispensary Store/input_txttreat'

2018-05-24 19:32:10 - [MESSAGE][PASSED] - Text '100' is set on object 'Object Repository/DispensaryToCms/Page_Dispensary Store/input_txttreat'

2018-05-24 19:32:10 - [TEST_STEP][PASSED] - click: Object: 'Object Repository/DispensaryToCms/Page_Dispensary Store/button_Add' is clicked on

2018-05-24 19:32:11 - [MESSAGE][PASSED] - Object: 'Object Repository/DispensaryToCms/Page_Dispensary Store/button_Add' is clicked on

2018-05-24 19:32:11 - [TEST_STEP][PASSED] - selectOptionByIndex: All options with index in [5] are selected on object 'Object Repository/DispensaryToCms/Page_Dispensary Store/select_--Select--Schedule 1Inj'

2018-05-24 19:32:11 - [MESSAGE][PASSED] - All options with index in [5] are selected on object 'Object Repository/DispensaryToCms/Page_Dispensary Store/select_--Select--Schedule 1Inj'

2018-05-24 19:32:11 - [TEST_STEP][PASSED] - selectOptionByIndex: All options with index in [7] are selected on object 'Object Repository/DispensaryToCms/Page_Dispensary Store/select_--Select--Adernaline 0.'

2018-05-24 19:32:11 - [MESSAGE][PASSED] - All options with index in [7] are selected on object 'Object Repository/DispensaryToCms/Page_Dispensary Store/select_--Select--Adernaline 0.'

2018-05-24 19:32:11 - [TEST_STEP][PASSED] - setText: Text '100' is set on object 'Object Repository/DispensaryToCms/Page_Dispensary Store/input_txttreat'

2018-05-24 19:32:11 - [MESSAGE][PASSED] - Text '100' is set on object 'Object Repository/DispensaryToCms/Page_Dispensary Store/input_txttreat'

2018-05-24 19:32:11 - [TEST_STEP][PASSED] - click: Object: 'Object Repository/DispensaryToCms/Page_Dispensary Store/button_Add' is clicked on

2018-05-24 19:32:11 - [MESSAGE][PASSED] - Object: 'Object Repository/DispensaryToCms/Page_Dispensary Store/button_Add' is clicked on

2018-05-24 19:32:11 - [TEST_STEP][PASSED] - selectOptionByIndex: All options with index in [5] are selected on object 'Object Repository/DispensaryToCms/Page_Dispensary Store/select_--Select--Schedule 1Inj'

2018-05-24 19:32:11 - [MESSAGE][PASSED] - All options with index in [5] are selected on object 'Object Repository/DispensaryToCms/Page_Dispensary Store/select_--Select--Schedule 1Inj'

2018-05-24 19:32:11 - [TEST_STEP][PASSED] - selectOptionByIndex: All options with index in [8] are selected on object 'Object Repository/DispensaryToCms/Page_Dispensary Store/select_--Select--Adernaline 0.'

2018-05-24 19:32:11 - [MESSAGE][PASSED] - All options with index in [8] are selected on object 'Object Repository/DispensaryToCms/Page_Dispensary Store/select_--Select--Adernaline 0.'

2018-05-24 19:32:11 - [TEST_STEP][PASSED] - setText: Text '100' is set on object 'Object Repository/DispensaryToCms/Page_Dispensary Store/input_txttreat'

2018-05-24 19:32:12 - [MESSAGE][PASSED] - Text '100' is set on object 'Object Repository/DispensaryToCms/Page_Dispensary Store/input_txttreat'

2018-05-24 19:32:12 - [TEST_STEP][PASSED] - click: Object: 'Object Repository/DispensaryToCms/Page_Dispensary Store/button_Add' is clicked on

2018-05-24 19:32:12 - [MESSAGE][PASSED] - Object: 'Object Repository/DispensaryToCms/Page_Dispensary Store/button_Add' is clicked on

2018-05-24 19:32:12 - [TEST_STEP][PASSED] - selectOptionByIndex: All options with index in [5] are selected on object 'Object Repository/DispensaryToCms/Page_Dispensary Store/select_--Select--Schedule 1Inj'

2018-05-24 19:32:12 - [MESSAGE][PASSED] - All options with index in [5] are selected on object 'Object Repository/DispensaryToCms/Page_Dispensary Store/select_--Select--Schedule 1Inj'

2018-05-24 19:32:12 - [TEST_STEP][PASSED] - selectOptionByIndex: All options with index in [9] are selected on object 'Object Repository/DispensaryToCms/Page_Dispensary Store/select_--Select--Adernaline 0.'

2018-05-24 19:32:12 - [MESSAGE][PASSED] - All options with index in [9] are selected on object 'Object Repository/DispensaryToCms/Page_Dispensary Store/select_--Select--Adernaline 0.'

2018-05-24 19:32:12 - [TEST_STEP][PASSED] - setText: Text '100' is set on object 'Object Repository/DispensaryToCms/Page_Dispensary Store/input_txttreat'

2018-05-24 19:32:12 - [MESSAGE][PASSED] - Text '100' is set on object 'Object Repository/DispensaryToCms/Page_Dispensary Store/input_txttreat'

2018-05-24 19:32:12 - [TEST_STEP][PASSED] - click: Object: 'Object Repository/DispensaryToCms/Page_Dispensary Store/button_Add' is clicked on

2018-05-24 19:32:12 - [MESSAGE][PASSED] - Object: 'Object Repository/DispensaryToCms/Page_Dispensary Store/button_Add' is clicked on

2018-05-24 19:32:12 - [TEST_STEP][PASSED] - selectOptionByIndex: All options with index in [5] are selected on object 'Object Repository/DispensaryToCms/Page_Dispensary Store/select_--Select--Schedule 1Inj'

2018-05-24 19:32:12 - [MESSAGE][PASSED] - All options with index in [5] are selected on object 'Object Repository/DispensaryToCms/Page_Dispensary Store/select_--Select--Schedule 1Inj'

2018-05-24 19:32:12 - [TEST_STEP][PASSED] - selectOptionByIndex: All options with index in [10] are selected on object 'Object Repository/DispensaryToCms/Page_Dispensary Store/select_--Select--Adernaline 0.'

2018-05-24 19:32:13 - [MESSAGE][PASSED] - All options with index in [10] are selected on object 'Object Repository/DispensaryToCms/Page_Dispensary Store/select_--Select--Adernaline 0.'

2018-05-24 19:32:13 - [TEST_STEP][PASSED] - setText: Text '100' is set on object 'Object Repository/DispensaryToCms/Page_Dispensary Store/input_txttreat'

2018-05-24 19:32:13 - [MESSAGE][PASSED] - Text '100' is set on object 'Object Repository/DispensaryToCms/Page_Dispensary Store/input_txttreat'

2018-05-24 19:32:13 - [TEST_STEP][PASSED] - click: Object: 'Object Repository/DispensaryToCms/Page_Dispensary Store/button_Add' is clicked on

2018-05-24 19:32:13 - [MESSAGE][PASSED] - Object: 'Object Repository/DispensaryToCms/Page_Dispensary Store/button_Add' is clicked on

2018-05-24 19:32:13 - [TEST_STEP][PASSED] - selectOptionByIndex: All options with index in [5] are selected on object 'Object Repository/DispensaryToCms/Page_Dispensary Store/select_--Select--Schedule 1Inj'

2018-05-24 19:32:13 - [MESSAGE][PASSED] - All options with index in [5] are selected on object 'Object Repository/DispensaryToCms/Page_Dispensary Store/select_--Select--Schedule 1Inj'

2018-05-24 19:32:13 - [TEST_STEP][PASSED] - selectOptionByIndex: All options with index in [11] are selected on object 'Object Repository/DispensaryToCms/Page_Dispensary Store/select_--Select--Adernaline 0.'

2018-05-24 19:32:13 - [MESSAGE][PASSED] - All options with index in [11] are selected on object 'Object Repository/DispensaryToCms/Page_Dispensary Store/select_--Select--Adernaline 0.'

2018-05-24 19:32:13 - [TEST_STEP][PASSED] - setText: Text '100' is set on object 'Object Repository/DispensaryToCms/Page_Dispensary Store/input_txttreat'

2018-05-24 19:32:13 - [MESSAGE][PASSED] - Text '100' is set on object 'Object Repository/DispensaryToCms/Page_Dispensary Store/input_txttreat'

2018-05-24 19:32:13 - [TEST_STEP][PASSED] - click: Object: 'Object Repository/DispensaryToCms/Page_Dispensary Store/button_Add' is clicked on

2018-05-24 19:32:13 - [MESSAGE][PASSED] - Object: 'Object Repository/DispensaryToCms/Page_Dispensary Store/button_Add' is clicked on

2018-05-24 19:32:13 - [TEST_STEP][PASSED] - selectOptionByIndex: All options with index in [5] are selected on object 'Object Repository/DispensaryToCms/Page_Dispensary Store/select_--Select--Schedule 1Inj'

2018-05-24 19:32:13 - [MESSAGE][PASSED] - All options with index in [5] are selected on object 'Object Repository/DispensaryToCms/Page_Dispensary Store/select_--Select--Schedule 1Inj'

2018-05-24 19:32:13 - [TEST_STEP][PASSED] - selectOptionByIndex: All options with index in [12] are selected on object 'Object Repository/DispensaryToCms/Page_Dispensary Store/select_--Select--Adernaline 0.'

2018-05-24 19:32:14 - [MESSAGE][PASSED] - All options with index in [12] are selected on object 'Object Repository/DispensaryToCms/Page_Dispensary Store/select_--Select--Adernaline 0.'

2018-05-24 19:32:14 - [TEST_STEP][PASSED] - setText: Text '100' is set on object 'Object Repository/DispensaryToCms/Page_Dispensary Store/input_txttreat'

2018-05-24 19:32:14 - [MESSAGE][PASSED] - Text '100' is set on object 'Object Repository/DispensaryToCms/Page_Dispensary Store/input_txttreat'

2018-05-24 19:32:14 - [TEST_STEP][PASSED] - click: Object: 'Object Repository/DispensaryToCms/Page_Dispensary Store/button_Add' is clicked on

2018-05-24 19:32:14 - [MESSAGE][PASSED] - Object: 'Object Repository/DispensaryToCms/Page_Dispensary Store/button_Add' is clicked on

2018-05-24 19:32:14 - [TEST_STEP][PASSED] - selectOptionByIndex: All options with index in [5] are selected on object 'Object Repository/DispensaryToCms/Page_Dispensary Store/select_--Select--Schedule 1Inj'

2018-05-24 19:32:14 - [MESSAGE][PASSED] - All options with index in [5] are selected on object 'Object Repository/DispensaryToCms/Page_Dispensary Store/select_--Select--Schedule 1Inj'

2018-05-24 19:32:14 - [TEST_STEP][PASSED] - selectOptionByIndex: All options with index in [13] are selected on object 'Object Repository/DispensaryToCms/Page_Dispensary Store/select_--Select--Adernaline 0.'

2018-05-24 19:32:14 - [MESSAGE][PASSED] - All options with index in [13] are selected on object 'Object Repository/DispensaryToCms/Page_Dispensary Store/select_--Select--Adernaline 0.'

2018-05-24 19:32:14 - [TEST_STEP][PASSED] - setText: Text '100' is set on object 'Object Repository/DispensaryToCms/Page_Dispensary Store/input_txttreat'

2018-05-24 19:32:14 - [MESSAGE][PASSED] - Text '100' is set on object 'Object Repository/DispensaryToCms/Page_Dispensary Store/input_txttreat'

2018-05-24 19:32:14 - [TEST_STEP][PASSED] - click: Object: 'Object Repository/DispensaryToCms/Page_Dispensary Store/button_Add' is clicked on

2018-05-24 19:32:14 - [MESSAGE][PASSED] - Object: 'Object Repository/DispensaryToCms/Page_Dispensary Store/button_Add' is clicked on

2018-05-24 19:32:14 - [TEST_STEP][PASSED] - selectOptionByIndex: All options with index in [5] are selected on object 'Object Repository/DispensaryToCms/Page_Dispensary Store/select_--Select--Schedule 1Inj'

2018-05-24 19:32:15 - [MESSAGE][PASSED] - All options with index in [5] are selected on object 'Object Repository/DispensaryToCms/Page_Dispensary Store/select_--Select--Schedule 1Inj'

2018-05-24 19:32:15 - [TEST_STEP][PASSED] - selectOptionByIndex: All options with index in [14] are selected on object 'Object Repository/DispensaryToCms/Page_Dispensary Store/select_--Select--Adernaline 0.'

2018-05-24 19:32:15 - [MESSAGE][PASSED] - All options with index in [14] are selected on object 'Object Repository/DispensaryToCms/Page_Dispensary Store/select_--Select--Adernaline 0.'

2018-05-24 19:32:15 - [TEST_STEP][PASSED] - setText: Text '100' is set on object 'Object Repository/DispensaryToCms/Page_Dispensary Store/input_txttreat'

2018-05-24 19:32:15 - [MESSAGE][PASSED] - Text '100' is set on object 'Object Repository/DispensaryToCms/Page_Dispensary Store/input_txttreat'

2018-05-24 19:32:15 - [TEST_STEP][PASSED] - click: Object: 'Object Repository/DispensaryToCms/Page_Dispensary Store/button_Add' is clicked on

2018-05-24 19:32:15 - [MESSAGE][PASSED] - Object: 'Object Repository/DispensaryToCms/Page_Dispensary Store/button_Add' is clicked on

2018-05-24 19:32:15 - [TEST_STEP][PASSED] - selectOptionByIndex: All options with index in [5] are selected on object 'Object Repository/DispensaryToCms/Page_Dispensary Store/select_--Select--Schedule 1Inj'

2018-05-24 19:32:15 - [MESSAGE][PASSED] - All options with index in [5] are selected on object 'Object Repository/DispensaryToCms/Page_Dispensary Store/select_--Select--Schedule 1Inj'

2018-05-24 19:32:15 - [TEST_STEP][PASSED] - selectOptionByIndex: All options with index in [15] are selected on object 'Object Repository/DispensaryToCms/Page_Dispensary Store/select_--Select--Adernaline 0.'

2018-05-24 19:32:15 - [MESSAGE][PASSED] - All options with index in [15] are selected on object 'Object Repository/DispensaryToCms/Page_Dispensary Store/select_--Select--Adernaline 0.'

2018-05-24 19:32:15 - [TEST_STEP][PASSED] - setText: Text '100' is set on object 'Object Repository/DispensaryToCms/Page_Dispensary Store/input_txttreat'

2018-05-24 19:32:16 - [MESSAGE][PASSED] - Text '100' is set on object 'Object Repository/DispensaryToCms/Page_Dispensary Store/input_txttreat'

2018-05-24 19:32:16 - [TEST_STEP][PASSED] - click: Object: 'Object Repository/DispensaryToCms/Page_Dispensary Store/button_Add' is clicked on

2018-05-24 19:32:16 - [MESSAGE][PASSED] - Object: 'Object Repository/DispensaryToCms/Page_Dispensary Store/button_Add' is clicked on

2018-05-24 19:32:16 - [TEST_STEP][PASSED] - selectOptionByIndex: All options with index in [5] are selected on object 'Object Repository/DispensaryToCms/Page_Dispensary Store/select_--Select--Schedule 1Inj'

2018-05-24 19:32:16 - [MESSAGE][PASSED] - All options with index in [5] are selected on object 'Object Repository/DispensaryToCms/Page_Dispensary Store/select_--Select--Schedule 1Inj'

2018-05-24 19:32:16 - [TEST_STEP][PASSED] - selectOptionByIndex: All options with index in [16] are selected on object 'Object Repository/DispensaryToCms/Page_Dispensary Store/select_--Select--Adernaline 0.'

2018-05-24 19:32:16 - [MESSAGE][PASSED] - All options with index in [16] are selected on object 'Object Repository/DispensaryToCms/Page_Dispensary Store/select_--Select--Adernaline 0.'

2018-05-24 19:32:16 - [TEST_STEP][PASSED] - setText: Text '100' is set on object 'Object Repository/DispensaryToCms/Page_Dispensary Store/input_txttreat'

2018-05-24 19:32:16 - [MESSAGE][PASSED] - Text '100' is set on object 'Object Repository/DispensaryToCms/Page_Dispensary Store/input_txttreat'

2018-05-24 19:32:16 - [TEST_STEP][PASSED] - click: Object: 'Object Repository/DispensaryToCms/Page_Dispensary Store/button_Add' is clicked on

2018-05-24 19:32:16 - [MESSAGE][PASSED] - Object: 'Object Repository/DispensaryToCms/Page_Dispensary Store/button_Add' is clicked on

2018-05-24 19:32:16 - [TEST_STEP][PASSED] - scrollToElement: Scroll to object 'Object Repository/DispensaryToCms/Page_Dispensary Store/input_btnsave' successfully

2018-05-24 19:32:16 - [MESSAGE][PASSED] - Scroll to object 'Object Repository/DispensaryToCms/Page_Dispensary Store/input_btnsave' successfully

2018-05-24 19:32:16 - [TEST_STEP][PASSED] - click: Object: 'Object Repository/DispensaryToCms/Page_Dispensary Store/input_btnsave' is clicked on

2018-05-24 19:32:16 - [MESSAGE][PASSED] - Object: 'Object Repository/DispensaryToCms/Page_Dispensary Store/input_btnsave' is clicked on

2018-05-24 19:32:16 - [TEST_STEP][PASSED] - delay: Delayed 3 second(s)

2018-05-24 19:32:19 - [MESSAGE][PASSED] - Delayed 3 second(s)

2018-05-24 19:32:19 - [TEST_STEP][PASSED] - Statement - RN1 = com.kms.katalon.core.webui.keyword.WebUiBuiltInKeywords.getText(com.kms.katalon.core.testobject.ObjectRepository.findTestObject(DispensaryToCms/Page_Dispensary Store/font_PRNO18052018174)): Text of object 'Object Repository/DispensaryToCms/Page_Dispensary Store/font_PRNO18052018174' is: 'PRNO/24052018/377'

2018-05-24 19:32:19 - [MESSAGE][PASSED] - Text of object 'Object Repository/DispensaryToCms/Page_Dispensary Store/font_PRNO18052018174' is: 'PRNO/24052018/377'

2018-05-24 19:32:19 - [TEST_STEP][PASSED] - Statement - out.println(RN1): null

2018-05-24 19:32:19 - [TEST_STEP][PASSED] - Statement - RID = RN1.split("/")[2]: null

2018-05-24 19:32:19 - [TEST_STEP][PASSED] - click: Object: 'Object Repository/DispensaryToCms/Page_Dispensary Store/button_OK' is clicked on

2018-05-24 19:32:20 - [MESSAGE][PASSED] - Object: 'Object Repository/DispensaryToCms/Page_Dispensary Store/button_OK' is clicked on

2018-05-24 19:32:20 - [TEST_STEP][PASSED] - delay: Delayed 3 second(s)

2018-05-24 19:32:23 - [MESSAGE][PASSED] - Delayed 3 second(s)

2018-05-24 19:32:23 - [TEST_STEP][PASSED] - click: Object: 'Object Repository/DispensaryToCms/Page_Dispensary Store/a_dropdown-toggle' is clicked on

2018-05-24 19:32:23 - [MESSAGE][PASSED] - Object: 'Object Repository/DispensaryToCms/Page_Dispensary Store/a_dropdown-toggle' is clicked on

2018-05-24 19:32:23 - [TEST_STEP][PASSED] - click: Object: 'Object Repository/DispensaryToCms/Page_Dispensary Store/a_Sign out' is clicked on

2018-05-24 19:32:24 - [MESSAGE][PASSED] - Object: 'Object Repository/DispensaryToCms/Page_Dispensary Store/a_Sign out' is clicked on

2018-05-24 19:32:24 - [TEST_STEP][PASSED] - delay: Delayed 3 second(s)

2018-05-24 19:32:27 - [MESSAGE][PASSED] - Delayed 3 second(s)

2018-05-24 19:32:27 - [TEST_STEP][PASSED] - navigateToUrl: Navigate to 'http://192.168.137.1/multihospital_new/' successfully

2018-05-24 19:32:28 - [MESSAGE][PASSED] - Navigate to 'http://192.168.137.1/multihospital_new/' successfully

2018-05-24 19:32:28 - [TEST_STEP][PASSED] - click: Object: 'Object Repository/DispensaryToCms/Page_KDMC/a_CMO' is clicked on

2018-05-24 19:32:29 - [MESSAGE][PASSED] - Object: 'Object Repository/DispensaryToCms/Page_KDMC/a_CMO' is clicked on

2018-05-24 19:32:29 - [TEST_STEP][PASSED] - setText: Text 'guru' is set on object 'Object Repository/DispensaryToCms/Page_CMO login/input_txtusername'

2018-05-24 19:32:29 - [MESSAGE][PASSED] - Text 'guru' is set on object 'Object Repository/DispensaryToCms/Page_CMO login/input_txtusername'

2018-05-24 19:32:29 - [TEST_STEP][PASSED] - setText: Text '123' is set on object 'Object Repository/DispensaryToCms/Page_CMO login/input_txtpassword'

2018-05-24 19:32:29 - [MESSAGE][PASSED] - Text '123' is set on object 'Object Repository/DispensaryToCms/Page_CMO login/input_txtpassword'

2018-05-24 19:32:29 - [TEST_STEP][PASSED] - delay: Delayed 3 second(s)

2018-05-24 19:32:32 - [MESSAGE][PASSED] - Delayed 3 second(s)

2018-05-24 19:32:32 - [TEST_STEP][PASSED] - click: Object: 'Object Repository/DispensaryToCms/Page_CMO login/button_Sign in' is clicked on

2018-05-24 19:32:33 - [MESSAGE][PASSED] - Object: 'Object Repository/DispensaryToCms/Page_CMO login/button_Sign in' is clicked on

2018-05-24 19:32:33 - [TEST_STEP][PASSED] - delay: Delayed 3 second(s)

2018-05-24 19:32:36 - [MESSAGE][PASSED] - Delayed 3 second(s)

2018-05-24 19:32:36 - [TEST_STEP][PASSED] - click: Object: 'Object Repository/DispensaryToCms/Page_KDMC - CMO/a_CMS Request' is clicked on

2018-05-24 19:32:36 - [MESSAGE][PASSED] - Object: 'Object Repository/DispensaryToCms/Page_KDMC - CMO/a_CMS Request' is clicked on

2018-05-24 19:32:36 - [TEST_STEP][PASSED] - delay: Delayed 2 second(s)

2018-05-24 19:32:38 - [MESSAGE][PASSED] - Delayed 2 second(s)

2018-05-24 19:32:38 - [TEST_STEP][PASSED] - click: Object: 'Object Repository/DispensaryToCms/Page_KDMC - CMO/a_Dispensary Store Request' is clicked on

2018-05-24 19:32:40 - [MESSAGE][PASSED] - Object: 'Object Repository/DispensaryToCms/Page_KDMC - CMO/a_Dispensary Store Request' is clicked on

2018-05-24 19:32:40 - [TEST_STEP][PASSED] - selectOptionByIndex: All options with index in [1] are selected on object 'Object Repository/DispensaryToCms/Page_KDMC - CMO/select_--ALL--'

2018-05-24 19:32:40 - [MESSAGE][PASSED] - All options with index in [1] are selected on object 'Object Repository/DispensaryToCms/Page_KDMC - CMO/select_--ALL--'

2018-05-24 19:32:40 - [TEST_STEP][PASSED] - click: Object: 'Object Repository/DispensaryToCms/Page_KDMC - CMO/input_btnsearch' is clicked on

2018-05-24 19:32:40 - [MESSAGE][PASSED] - Object: 'Object Repository/DispensaryToCms/Page_KDMC - CMO/input_btnsearch' is clicked on

2018-05-24 19:32:40 - [TEST_STEP][PASSED] - Statement - ID = com.kms.katalon.core.webui.keyword.WebUiBuiltInKeywords.modifyObjectProperty(com.kms.katalon.core.testobject.ObjectRepository.findTestObject(lab/Page_KDMC - CMO/input_1), "xpath", "equals", "//*[@id=" + RID + "]", true): Modify property of object successfully

2018-05-24 19:32:40 - [MESSAGE][PASSED] - Modify property of object successfully

2018-05-24 19:32:40 - [TEST_STEP][PASSED] - click: Object: 'Object Repository/lab/Page_KDMC - CMO/input_1' is clicked on

2018-05-24 19:32:41 - [MESSAGE][PASSED] - Object: 'Object Repository/lab/Page_KDMC - CMO/input_1' is clicked on

2018-05-24 19:32:41 - [TEST_STEP][PASSED] - delay: Delayed 2 second(s)

2018-05-24 19:32:43 - [MESSAGE][PASSED] - Delayed 2 second(s)

2018-05-24 19:32:43 - [TEST_STEP][PASSED] - selectOptionByIndex: All options with index in [1] are selected on object 'Object Repository/DispensaryToCms/Page_KDMC - CMO/select_--Select--'

2018-05-24 19:32:43 - [MESSAGE][PASSED] - All options with index in [1] are selected on object 'Object Repository/DispensaryToCms/Page_KDMC - CMO/select_--Select--'

2018-05-24 19:32:43 - [TEST_STEP][PASSED] - click: Object: 'Object Repository/DispensaryToCms/Page_KDMC - CMO/input_btnupdate' is clicked on

2018-05-24 19:32:43 - [MESSAGE][PASSED] - Object: 'Object Repository/DispensaryToCms/Page_KDMC - CMO/input_btnupdate' is clicked on

2018-05-24 19:32:43 - [TEST_STEP][PASSED] - delay: Delayed 2 second(s)

2018-05-24 19:32:45 - [MESSAGE][PASSED] - Delayed 2 second(s)

2018-05-24 19:32:45 - [TEST_STEP][PASSED] - click: Object: 'Object Repository/DispensaryToCms/Page_KDMC - CMO/button_OK' is clicked on

2018-05-24 19:32:46 - [MESSAGE][PASSED] - Object: 'Object Repository/DispensaryToCms/Page_KDMC - CMO/button_OK' is clicked on

2018-05-24 19:32:46 - [TEST_STEP][PASSED] - delay: Delayed 3 second(s)

2018-05-24 19:32:49 - [MESSAGE][PASSED] - Delayed 3 second(s)

2018-05-24 19:32:49 - [TEST_STEP][PASSED] - click: Object: 'Object Repository/DispensaryToCms/Page_KDMC - CMO/a_dropdown-toggle' is clicked on

2018-05-24 19:32:49 - [MESSAGE][PASSED] - Object: 'Object Repository/DispensaryToCms/Page_KDMC - CMO/a_dropdown-toggle' is clicked on

2018-05-24 19:32:49 - [TEST_STEP][PASSED] - click: Object: 'Object Repository/DispensaryToCms/Page_KDMC - CMO/a_Sign out' is clicked on

2018-05-24 19:32:49 - [MESSAGE][PASSED] - Object: 'Object Repository/DispensaryToCms/Page_KDMC - CMO/a_Sign out' is clicked on

2018-05-24 19:32:49 - [TEST_STEP][PASSED] - delay: Delayed 3 second(s)

2018-05-24 19:32:52 - [MESSAGE][PASSED] - Delayed 3 second(s)

2018-05-24 19:32:52 - [TEST_STEP][PASSED] - click: Object: 'Object Repository/DispensaryToCms/Page_KDMC/a_CMS' is clicked on

2018-05-24 19:32:53 - [MESSAGE][PASSED] - Object: 'Object Repository/DispensaryToCms/Page_KDMC/a_CMS' is clicked on

2018-05-24 19:32:53 - [TEST_STEP][PASSED] - setText: Text 'bala' is set on object 'Object Repository/DispensaryToCms/Page_CMS login/input_txtusername'

2018-05-24 19:32:53 - [MESSAGE][PASSED] - Text 'bala' is set on object 'Object Repository/DispensaryToCms/Page_CMS login/input_txtusername'

2018-05-24 19:32:53 - [TEST_STEP][PASSED] - setText: Text '123' is set on object 'Object Repository/DispensaryToCms/Page_CMS login/input_txtpassword'

2018-05-24 19:32:53 - [MESSAGE][PASSED] - Text '123' is set on object 'Object Repository/DispensaryToCms/Page_CMS login/input_txtpassword'

2018-05-24 19:32:53 - [TEST_STEP][PASSED] - delay: Delayed 3 second(s)

2018-05-24 19:32:56 - [MESSAGE][PASSED] - Delayed 3 second(s)

2018-05-24 19:32:56 - [TEST_STEP][PASSED] - click: Object: 'Object Repository/DispensaryToCms/Page_CMS login/button_Sign in' is clicked on

2018-05-24 19:32:57 - [MESSAGE][PASSED] - Object: 'Object Repository/DispensaryToCms/Page_CMS login/button_Sign in' is clicked on

2018-05-24 19:32:57 - [TEST_STEP][PASSED] - delay: Delayed 3 second(s)

2018-05-24 19:33:00 - [MESSAGE][PASSED] - Delayed 3 second(s)

2018-05-24 19:33:00 - [TEST_STEP][PASSED] - click: Object: 'Object Repository/DispensaryToCms/Page_KDMC - CMS/a_Divisional Store' is clicked on

2018-05-24 19:33:00 - [MESSAGE][PASSED] - Object: 'Object Repository/DispensaryToCms/Page_KDMC - CMS/a_Divisional Store' is clicked on

2018-05-24 19:33:00 - [TEST_STEP][PASSED] - delay: Delayed 2 second(s)

2018-05-24 19:33:02 - [MESSAGE][PASSED] - Delayed 2 second(s)

2018-05-24 19:33:02 - [TEST_STEP][PASSED] - click: Object: 'Object Repository/DispensaryToCms/Page_KDMC - CMS/a_Dispatch Items' is clicked on

2018-05-24 19:33:03 - [MESSAGE][PASSED] - Object: 'Object Repository/DispensaryToCms/Page_KDMC - CMS/a_Dispatch Items' is clicked on

2018-05-24 19:33:03 - [TEST_STEP][PASSED] - delay: Delayed 2 second(s)

2018-05-24 19:33:05 - [MESSAGE][PASSED] - Delayed 2 second(s)

2018-05-24 19:33:05 - [TEST_STEP][PASSED] - setText: Text 'PRNO/24052018/377' is set on object 'Object Repository/DispensaryToCms/Page_KDMC - CMS/input'

2018-05-24 19:33:05 - [MESSAGE][PASSED] - Text 'PRNO/24052018/377' is set on object 'Object Repository/DispensaryToCms/Page_KDMC - CMS/input'

2018-05-24 19:33:05 - [TEST_STEP][PASSED] - click: Object: 'Object Repository/DispensaryToCms/Page_KDMC - CMS/input_PRNO18052018174' is clicked on

2018-05-24 19:33:05 - [MESSAGE][PASSED] - Object: 'Object Repository/DispensaryToCms/Page_KDMC - CMS/input_PRNO18052018174' is clicked on

2018-05-24 19:33:05 - [TEST_STEP][PASSED] - Statement - out.println("Length : " + medicineslength): null

2018-05-24 19:33:05 - [TEST_STEP][PASSED] - Statement - For ([row = 0, row < medicineslength - 1, (row++)]): null

2018-05-24 19:33:05 - [TEST_STEP][PASSED] - Statement - batchlength = new com.kms.katalon.core.testobject.TestObject(): null

2018-05-24 19:33:05 - [TEST_STEP][PASSED] - Statement - batchlength = com.kms.katalon.core.webui.keyword.WebUiBuiltInKeywords.modifyObjectProperty(batchlength, "xpath", "equals", "//*[@id = "fldvendor" + row + ""]", true): Modify property of object successfully

2018-05-24 19:33:05 - [MESSAGE][PASSED] - Modify property of object successfully

2018-05-24 19:33:05 - [TEST_STEP][PASSED] - Statement - batchsize = com.kms.katalon.core.webui.keyword.WebUiBuiltInKeywords.getNumberOfTotalOption(batchlength): 8 options of object '' counted

2018-05-24 19:33:06 - [MESSAGE][PASSED] - 8 options of object '' counted

2018-05-24 19:33:06 - [TEST_STEP][PASSED] - Statement - out.println("BatchSize : " + batchsize): null

2018-05-24 19:33:06 - [TEST_STEP][PASSED] - Statement - For ([n = 1, n <= batchsize - 1, (n++)]): null

2018-05-24 19:33:06 - [TEST_STEP][PASSED] - Statement - product = new com.kms.katalon.core.testobject.TestObject(): null

2018-05-24 19:33:06 - [TEST_STEP][PASSED] - Statement - product = com.kms.katalon.core.webui.keyword.WebUiBuiltInKeywords.modifyObjectProperty(product, "xpath", "equals", "//*[@id = "fldvendor" + row + ""]", true): Modify property of object successfully

2018-05-24 19:33:06 - [MESSAGE][PASSED] - Modify property of object successfully

2018-05-24 19:33:06 - [TEST_STEP][PASSED] - selectOptionByIndex: All options with index in [1] are selected on object ''

2018-05-24 19:33:06 - [MESSAGE][PASSED] - All options with index in [1] are selected on object ''

2018-05-24 19:33:06 - [TEST_STEP][PASSED] - Statement - batch = new com.kms.katalon.core.testobject.TestObject(): null

2018-05-24 19:33:06 - [TEST_STEP][PASSED] - Statement - batch = com.kms.katalon.core.webui.keyword.WebUiBuiltInKeywords.modifyObjectProperty(batch, "xpath", "equals", "//*[@id = "txtbthqty" + row + ""]", true): Modify property of object successfully

2018-05-24 19:33:06 - [MESSAGE][PASSED] - Modify property of object successfully

2018-05-24 19:33:06 - [TEST_STEP][PASSED] - Statement - batchqty = com.kms.katalon.core.webui.keyword.WebUiBuiltInKeywords.getAttribute(batch, "value").trim(): Attribute 'value' of object '' is: '1600'

2018-05-24 19:33:06 - [MESSAGE][PASSED] - Attribute 'value' of object '' is: '1600'

2018-05-24 19:33:06 - [TEST_STEP][PASSED] - Statement - Rqty = 100: null

2018-05-24 19:33:06 - [TEST_STEP][PASSED] - delay: Delayed 2 second(s)

2018-05-24 19:33:08 - [MESSAGE][PASSED] - Delayed 2 second(s)

2018-05-24 19:33:08 - [TEST_STEP][PASSED] - Statement - out.println("BatchQty : " + batchqty): null

2018-05-24 19:33:08 - [TEST_STEP][PASSED] - Statement - out.println("RQty : " + Rqty): null

2018-05-24 19:33:08 - [TEST_STEP][PASSED] - Statement - If (java.lang.Integer.valueOf(batchqty) >= java.lang.Integer.valueOf(Rqty)): null

2018-05-24 19:33:08 - [TEST_STEP][PASSED] - Statement - Break: null

2018-05-24 19:33:08 - [TEST_STEP][PASSED] - Statement - batchlength = new com.kms.katalon.core.testobject.TestObject(): null

2018-05-24 19:33:08 - [TEST_STEP][PASSED] - Statement - batchlength = com.kms.katalon.core.webui.keyword.WebUiBuiltInKeywords.modifyObjectProperty(batchlength, "xpath", "equals", "//*[@id = "fldvendor" + row + ""]", true): Modify property of object successfully

2018-05-24 19:33:08 - [MESSAGE][PASSED] - Modify property of object successfully

2018-05-24 19:33:08 - [TEST_STEP][PASSED] - Statement - batchsize = com.kms.katalon.core.webui.keyword.WebUiBuiltInKeywords.getNumberOfTotalOption(batchlength): 8 options of object '' counted

2018-05-24 19:33:08 - [MESSAGE][PASSED] - 8 options of object '' counted

2018-05-24 19:33:08 - [TEST_STEP][PASSED] - Statement - out.println("BatchSize : " + batchsize): null

2018-05-24 19:33:08 - [TEST_STEP][PASSED] - Statement - For ([n = 1, n <= batchsize - 1, (n++)]): null

2018-05-24 19:33:08 - [TEST_STEP][PASSED] - Statement - product = new com.kms.katalon.core.testobject.TestObject(): null

2018-05-24 19:33:08 - [TEST_STEP][PASSED] - Statement - product = com.kms.katalon.core.webui.keyword.WebUiBuiltInKeywords.modifyObjectProperty(product, "xpath", "equals", "//*[@id = "fldvendor" + row + ""]", true): Modify property of object successfully

2018-05-24 19:33:08 - [MESSAGE][PASSED] - Modify property of object successfully

2018-05-24 19:33:08 - [TEST_STEP][PASSED] - selectOptionByIndex: All options with index in [1] are selected on object ''

2018-05-24 19:33:08 - [MESSAGE][PASSED] - All options with index in [1] are selected on object ''

2018-05-24 19:33:08 - [TEST_STEP][PASSED] - Statement - batch = new com.kms.katalon.core.testobject.TestObject(): null

2018-05-24 19:33:08 - [TEST_STEP][PASSED] - Statement - batch = com.kms.katalon.core.webui.keyword.WebUiBuiltInKeywords.modifyObjectProperty(batch, "xpath", "equals", "//*[@id = "txtbthqty" + row + ""]", true): Modify property of object successfully

2018-05-24 19:33:08 - [MESSAGE][PASSED] - Modify property of object successfully

2018-05-24 19:33:08 - [TEST_STEP][PASSED] - Statement - batchqty = com.kms.katalon.core.webui.keyword.WebUiBuiltInKeywords.getAttribute(batch, "value").trim(): Attribute 'value' of object '' is: '38300'

2018-05-24 19:33:08 - [MESSAGE][PASSED] - Attribute 'value' of object '' is: '38300'

2018-05-24 19:33:08 - [TEST_STEP][PASSED] - Statement - Rqty = 100: null

2018-05-24 19:33:08 - [TEST_STEP][PASSED] - delay: Delayed 2 second(s)

2018-05-24 19:33:10 - [MESSAGE][PASSED] - Delayed 2 second(s)

2018-05-24 19:33:10 - [TEST_STEP][PASSED] - Statement - out.println("BatchQty : " + batchqty): null

2018-05-24 19:33:10 - [TEST_STEP][PASSED] - Statement - out.println("RQty : " + Rqty): null

2018-05-24 19:33:10 - [TEST_STEP][PASSED] - Statement - If (java.lang.Integer.valueOf(batchqty) >= java.lang.Integer.valueOf(Rqty)): null

2018-05-24 19:33:10 - [TEST_STEP][PASSED] - Statement - Break: null

2018-05-24 19:33:10 - [TEST_STEP][PASSED] - Statement - batchlength = new com.kms.katalon.core.testobject.TestObject(): null

2018-05-24 19:33:10 - [TEST_STEP][PASSED] - Statement - batchlength = com.kms.katalon.core.webui.keyword.WebUiBuiltInKeywords.modifyObjectProperty(batchlength, "xpath", "equals", "//*[@id = "fldvendor" + row + ""]", true): Modify property of object successfully

2018-05-24 19:33:10 - [MESSAGE][PASSED] - Modify property of object successfully

2018-05-24 19:33:10 - [TEST_STEP][PASSED] - Statement - batchsize = com.kms.katalon.core.webui.keyword.WebUiBuiltInKeywords.getNumberOfTotalOption(batchlength): 8 options of object '' counted

2018-05-24 19:33:10 - [MESSAGE][PASSED] - 8 options of object '' counted

2018-05-24 19:33:10 - [TEST_STEP][PASSED] - Statement - out.println("BatchSize : " + batchsize): null

2018-05-24 19:33:10 - [TEST_STEP][PASSED] - Statement - For ([n = 1, n <= batchsize - 1, (n++)]): null

2018-05-24 19:33:10 - [TEST_STEP][PASSED] - Statement - product = new com.kms.katalon.core.testobject.TestObject(): null

2018-05-24 19:33:10 - [TEST_STEP][PASSED] - Statement - product = com.kms.katalon.core.webui.keyword.WebUiBuiltInKeywords.modifyObjectProperty(product, "xpath", "equals", "//*[@id = "fldvendor" + row + ""]", true): Modify property of object successfully

2018-05-24 19:33:10 - [MESSAGE][PASSED] - Modify property of object successfully

2018-05-24 19:33:10 - [TEST_STEP][PASSED] - selectOptionByIndex: All options with index in [1] are selected on object ''

2018-05-24 19:33:10 - [MESSAGE][PASSED] - All options with index in [1] are selected on object ''

2018-05-24 19:33:10 - [TEST_STEP][PASSED] - Statement - batch = new com.kms.katalon.core.testobject.TestObject(): null

2018-05-24 19:33:10 - [TEST_STEP][PASSED] - Statement - batch = com.kms.katalon.core.webui.keyword.WebUiBuiltInKeywords.modifyObjectProperty(batch, "xpath", "equals", "//*[@id = "txtbthqty" + row + ""]", true): Modify property of object successfully

2018-05-24 19:33:10 - [MESSAGE][PASSED] - Modify property of object successfully

2018-05-24 19:33:10 - [TEST_STEP][PASSED] - Statement - batchqty = com.kms.katalon.core.webui.keyword.WebUiBuiltInKeywords.getAttribute(batch, "value").trim(): Attribute 'value' of object '' is: ''

2018-05-24 19:33:10 - [MESSAGE][PASSED] - Attribute 'value' of object '' is: ''

2018-05-24 19:33:10 - [TEST_STEP][PASSED] - Statement - Rqty = 100: null

2018-05-24 19:33:10 - [TEST_STEP][PASSED] - delay: Delayed 2 second(s)

2018-05-24 19:33:12 - [MESSAGE][PASSED] - Delayed 2 second(s)

2018-05-24 19:33:12 - [TEST_STEP][PASSED] - Statement - out.println("BatchQty : " + batchqty): null

2018-05-24 19:33:12 - [TEST_STEP][PASSED] - Statement - out.println("RQty : " + Rqty): null

2018-05-24 19:33:12 - [TEST_STEP][PASSED] - Statement - If (java.lang.Integer.valueOf(batchqty) >= java.lang.Integer.valueOf(Rqty)): null]]></system-out>
         <system-err><![CDATA[2018-05-24 19:31:49 - [TEST_CASE][ERROR] - Test Cases/DISPENSARY TEST CASES/TC_DP_017 Verify Schedule 5 Dispensary To CMS Request Are Working Successfully Or Not: Test Cases/DISPENSARY TEST CASES/TC_DP_017 Verify Schedule 5 Dispensary To CMS Request Are Working Successfully Or Not FAILED because (of) java.lang.NumberFormatException: For input string: ""]]></system-err>
      </testcase>
      <testcase name="Test Cases/DISPENSARY TEST CASES/TC_DP_018 Verify Schedule 6 Dispensary To CMS Request Are Working Successfully Or Not" classname="Test Cases/DISPENSARY TEST CASES/TC_DP_018 Verify Schedule 6 Dispensary To CMS Request Are Working Successfully Or Not" status="PASSED">
         <system-out><![CDATA[2018-05-24 19:33:12 - [TEST_CASE][PASSED] - Test Cases/DISPENSARY TEST CASES/TC_DP_018 Verify Schedule 6 Dispensary To CMS Request Are Working Successfully Or Not: Test Cases/DISPENSARY TEST CASES/TC_DP_018 Verify Schedule 6 Dispensary To CMS Request Are Working Successfully Or Not

2018-05-24 19:33:13 - [TEST_STEP][PASSED] - openBrowser: Browser is opened with url: ''

2018-05-24 19:33:13 - [MESSAGE][WARNING] - A browser is already opened. Closing browser and opening a new one

2018-05-24 19:33:16 - [MESSAGE][PASSED] - Browser is opened with url: ''

2018-05-24 19:33:16 - [TEST_STEP][PASSED] - navigateToUrl: Navigate to 'http://192.168.137.1/multihospital_new/HDSplashscreen.aspx' successfully

2018-05-24 19:33:19 - [MESSAGE][PASSED] - Navigate to 'http://192.168.137.1/multihospital_new/HDSplashscreen.aspx' successfully

2018-05-24 19:33:19 - [TEST_STEP][PASSED] - maximizeWindow: Current window maximized

2018-05-24 19:33:20 - [MESSAGE][PASSED] - Current window maximized

2018-05-24 19:33:20 - [TEST_STEP][PASSED] - click: Object: 'Object Repository/DispensaryToCms/Page_KDMC/a_Dispensary Store' is clicked on

2018-05-24 19:33:21 - [MESSAGE][PASSED] - Object: 'Object Repository/DispensaryToCms/Page_KDMC/a_Dispensary Store' is clicked on

2018-05-24 19:33:21 - [TEST_STEP][PASSED] - setText: Text 'rajaram' is set on object 'Object Repository/DispensaryToCms/Page_Dispensary Store Login/input_txtusername'

2018-05-24 19:33:21 - [MESSAGE][PASSED] - Text 'rajaram' is set on object 'Object Repository/DispensaryToCms/Page_Dispensary Store Login/input_txtusername'

2018-05-24 19:33:21 - [TEST_STEP][PASSED] - setText: Text '123' is set on object 'Object Repository/DispensaryToCms/Page_Dispensary Store Login/input_txtpassword'

2018-05-24 19:33:21 - [MESSAGE][PASSED] - Text '123' is set on object 'Object Repository/DispensaryToCms/Page_Dispensary Store Login/input_txtpassword'

2018-05-24 19:33:21 - [TEST_STEP][PASSED] - delay: Delayed 3 second(s)

2018-05-24 19:33:24 - [MESSAGE][PASSED] - Delayed 3 second(s)

2018-05-24 19:33:24 - [TEST_STEP][PASSED] - click: Object: 'Object Repository/DispensaryToCms/Page_Dispensary Store Login/button_Sign in' is clicked on

2018-05-24 19:33:25 - [MESSAGE][PASSED] - Object: 'Object Repository/DispensaryToCms/Page_Dispensary Store Login/button_Sign in' is clicked on

2018-05-24 19:33:25 - [TEST_STEP][PASSED] - delay: Delayed 3 second(s)

2018-05-24 19:33:28 - [MESSAGE][PASSED] - Delayed 3 second(s)

2018-05-24 19:33:28 - [TEST_STEP][PASSED] - click: Object: 'Object Repository/DispensaryToCms/Page_Dispensary Store/a_CMS' is clicked on

2018-05-24 19:33:28 - [MESSAGE][PASSED] - Object: 'Object Repository/DispensaryToCms/Page_Dispensary Store/a_CMS' is clicked on

2018-05-24 19:33:28 - [TEST_STEP][PASSED] - click: Object: 'Object Repository/DispensaryToCms/Page_Dispensary Store/a_Request Send' is clicked on

2018-05-24 19:33:29 - [MESSAGE][PASSED] - Object: 'Object Repository/DispensaryToCms/Page_Dispensary Store/a_Request Send' is clicked on

2018-05-24 19:33:29 - [TEST_STEP][PASSED] - delay: Delayed 2 second(s)

2018-05-24 19:33:31 - [MESSAGE][PASSED] - Delayed 2 second(s)

2018-05-24 19:33:31 - [TEST_STEP][PASSED] - selectOptionByIndex: All options with index in [2] are selected on object 'Object Repository/DispensaryToCms/Page_Dispensary Store/select_--Select--'

2018-05-24 19:33:31 - [MESSAGE][PASSED] - All options with index in [2] are selected on object 'Object Repository/DispensaryToCms/Page_Dispensary Store/select_--Select--'

2018-05-24 19:33:31 - [TEST_STEP][PASSED] - selectOptionByIndex: All options with index in [6] are selected on object 'Object Repository/DispensaryToCms/Page_Dispensary Store/select_--Select--Schedule 1Inj'

2018-05-24 19:33:31 - [MESSAGE][PASSED] - All options with index in [6] are selected on object 'Object Repository/DispensaryToCms/Page_Dispensary Store/select_--Select--Schedule 1Inj'

2018-05-24 19:33:31 - [TEST_STEP][PASSED] - Statement - medicineslength = com.kms.katalon.core.webui.keyword.WebUiBuiltInKeywords.getNumberOfTotalOption(com.kms.katalon.core.testobject.ObjectRepository.findTestObject(DispensaryToCms/Page_Dispensary Store/select_--Select--Adernaline 0.)): 14 options of object 'Object Repository/DispensaryToCms/Page_Dispensary Store/select_--Select--Adernaline 0.' counted

2018-05-24 19:33:31 - [MESSAGE][PASSED] - 14 options of object 'Object Repository/DispensaryToCms/Page_Dispensary Store/select_--Select--Adernaline 0.' counted

2018-05-24 19:33:31 - [TEST_STEP][PASSED] - Statement - For ([e = 1, e <= medicineslength - 1, (e++)]): Object: 'Object Repository/DispensaryToCms/Page_Dispensary Store/button_Add' is clicked on

2018-05-24 19:33:31 - [TEST_STEP][PASSED] - selectOptionByIndex: All options with index in [6] are selected on object 'Object Repository/DispensaryToCms/Page_Dispensary Store/select_--Select--Schedule 1Inj'

2018-05-24 19:33:31 - [MESSAGE][PASSED] - All options with index in [6] are selected on object 'Object Repository/DispensaryToCms/Page_Dispensary Store/select_--Select--Schedule 1Inj'

2018-05-24 19:33:31 - [TEST_STEP][PASSED] - selectOptionByIndex: All options with index in [1] are selected on object 'Object Repository/DispensaryToCms/Page_Dispensary Store/select_--Select--Adernaline 0.'

2018-05-24 19:33:31 - [MESSAGE][PASSED] - All options with index in [1] are selected on object 'Object Repository/DispensaryToCms/Page_Dispensary Store/select_--Select--Adernaline 0.'

2018-05-24 19:33:31 - [TEST_STEP][PASSED] - setText: Text '100' is set on object 'Object Repository/DispensaryToCms/Page_Dispensary Store/input_txttreat'

2018-05-24 19:33:32 - [MESSAGE][PASSED] - Text '100' is set on object 'Object Repository/DispensaryToCms/Page_Dispensary Store/input_txttreat'

2018-05-24 19:33:32 - [TEST_STEP][PASSED] - click: Object: 'Object Repository/DispensaryToCms/Page_Dispensary Store/button_Add' is clicked on

2018-05-24 19:33:32 - [MESSAGE][PASSED] - Object: 'Object Repository/DispensaryToCms/Page_Dispensary Store/button_Add' is clicked on

2018-05-24 19:33:32 - [TEST_STEP][PASSED] - selectOptionByIndex: All options with index in [6] are selected on object 'Object Repository/DispensaryToCms/Page_Dispensary Store/select_--Select--Schedule 1Inj'

2018-05-24 19:33:32 - [MESSAGE][PASSED] - All options with index in [6] are selected on object 'Object Repository/DispensaryToCms/Page_Dispensary Store/select_--Select--Schedule 1Inj'

2018-05-24 19:33:32 - [TEST_STEP][PASSED] - selectOptionByIndex: All options with index in [2] are selected on object 'Object Repository/DispensaryToCms/Page_Dispensary Store/select_--Select--Adernaline 0.'

2018-05-24 19:33:32 - [MESSAGE][PASSED] - All options with index in [2] are selected on object 'Object Repository/DispensaryToCms/Page_Dispensary Store/select_--Select--Adernaline 0.'

2018-05-24 19:33:32 - [TEST_STEP][PASSED] - setText: Text '100' is set on object 'Object Repository/DispensaryToCms/Page_Dispensary Store/input_txttreat'

2018-05-24 19:33:32 - [MESSAGE][PASSED] - Text '100' is set on object 'Object Repository/DispensaryToCms/Page_Dispensary Store/input_txttreat'

2018-05-24 19:33:32 - [TEST_STEP][PASSED] - click: Object: 'Object Repository/DispensaryToCms/Page_Dispensary Store/button_Add' is clicked on

2018-05-24 19:33:32 - [MESSAGE][PASSED] - Object: 'Object Repository/DispensaryToCms/Page_Dispensary Store/button_Add' is clicked on

2018-05-24 19:33:32 - [TEST_STEP][PASSED] - selectOptionByIndex: All options with index in [6] are selected on object 'Object Repository/DispensaryToCms/Page_Dispensary Store/select_--Select--Schedule 1Inj'

2018-05-24 19:33:32 - [MESSAGE][PASSED] - All options with index in [6] are selected on object 'Object Repository/DispensaryToCms/Page_Dispensary Store/select_--Select--Schedule 1Inj'

2018-05-24 19:33:32 - [TEST_STEP][PASSED] - selectOptionByIndex: All options with index in [3] are selected on object 'Object Repository/DispensaryToCms/Page_Dispensary Store/select_--Select--Adernaline 0.'

2018-05-24 19:33:33 - [MESSAGE][PASSED] - All options with index in [3] are selected on object 'Object Repository/DispensaryToCms/Page_Dispensary Store/select_--Select--Adernaline 0.'

2018-05-24 19:33:33 - [TEST_STEP][PASSED] - setText: Text '100' is set on object 'Object Repository/DispensaryToCms/Page_Dispensary Store/input_txttreat'

2018-05-24 19:33:33 - [MESSAGE][PASSED] - Text '100' is set on object 'Object Repository/DispensaryToCms/Page_Dispensary Store/input_txttreat'

2018-05-24 19:33:33 - [TEST_STEP][PASSED] - click: Object: 'Object Repository/DispensaryToCms/Page_Dispensary Store/button_Add' is clicked on

2018-05-24 19:33:33 - [MESSAGE][PASSED] - Object: 'Object Repository/DispensaryToCms/Page_Dispensary Store/button_Add' is clicked on

2018-05-24 19:33:33 - [TEST_STEP][PASSED] - selectOptionByIndex: All options with index in [6] are selected on object 'Object Repository/DispensaryToCms/Page_Dispensary Store/select_--Select--Schedule 1Inj'

2018-05-24 19:33:33 - [MESSAGE][PASSED] - All options with index in [6] are selected on object 'Object Repository/DispensaryToCms/Page_Dispensary Store/select_--Select--Schedule 1Inj'

2018-05-24 19:33:33 - [TEST_STEP][PASSED] - selectOptionByIndex: All options with index in [4] are selected on object 'Object Repository/DispensaryToCms/Page_Dispensary Store/select_--Select--Adernaline 0.'

2018-05-24 19:33:33 - [MESSAGE][PASSED] - All options with index in [4] are selected on object 'Object Repository/DispensaryToCms/Page_Dispensary Store/select_--Select--Adernaline 0.'

2018-05-24 19:33:33 - [TEST_STEP][PASSED] - setText: Text '100' is set on object 'Object Repository/DispensaryToCms/Page_Dispensary Store/input_txttreat'

2018-05-24 19:33:33 - [MESSAGE][PASSED] - Text '100' is set on object 'Object Repository/DispensaryToCms/Page_Dispensary Store/input_txttreat'

2018-05-24 19:33:33 - [TEST_STEP][PASSED] - click: Object: 'Object Repository/DispensaryToCms/Page_Dispensary Store/button_Add' is clicked on

2018-05-24 19:33:33 - [MESSAGE][PASSED] - Object: 'Object Repository/DispensaryToCms/Page_Dispensary Store/button_Add' is clicked on

2018-05-24 19:33:33 - [TEST_STEP][PASSED] - selectOptionByIndex: All options with index in [6] are selected on object 'Object Repository/DispensaryToCms/Page_Dispensary Store/select_--Select--Schedule 1Inj'

2018-05-24 19:33:33 - [MESSAGE][PASSED] - All options with index in [6] are selected on object 'Object Repository/DispensaryToCms/Page_Dispensary Store/select_--Select--Schedule 1Inj'

2018-05-24 19:33:33 - [TEST_STEP][PASSED] - selectOptionByIndex: All options with index in [5] are selected on object 'Object Repository/DispensaryToCms/Page_Dispensary Store/select_--Select--Adernaline 0.'

2018-05-24 19:33:34 - [MESSAGE][PASSED] - All options with index in [5] are selected on object 'Object Repository/DispensaryToCms/Page_Dispensary Store/select_--Select--Adernaline 0.'

2018-05-24 19:33:34 - [TEST_STEP][PASSED] - setText: Text '100' is set on object 'Object Repository/DispensaryToCms/Page_Dispensary Store/input_txttreat'

2018-05-24 19:33:34 - [MESSAGE][PASSED] - Text '100' is set on object 'Object Repository/DispensaryToCms/Page_Dispensary Store/input_txttreat'

2018-05-24 19:33:34 - [TEST_STEP][PASSED] - click: Object: 'Object Repository/DispensaryToCms/Page_Dispensary Store/button_Add' is clicked on

2018-05-24 19:33:34 - [MESSAGE][PASSED] - Object: 'Object Repository/DispensaryToCms/Page_Dispensary Store/button_Add' is clicked on

2018-05-24 19:33:34 - [TEST_STEP][PASSED] - selectOptionByIndex: All options with index in [6] are selected on object 'Object Repository/DispensaryToCms/Page_Dispensary Store/select_--Select--Schedule 1Inj'

2018-05-24 19:33:34 - [MESSAGE][PASSED] - All options with index in [6] are selected on object 'Object Repository/DispensaryToCms/Page_Dispensary Store/select_--Select--Schedule 1Inj'

2018-05-24 19:33:34 - [TEST_STEP][PASSED] - selectOptionByIndex: All options with index in [6] are selected on object 'Object Repository/DispensaryToCms/Page_Dispensary Store/select_--Select--Adernaline 0.'

2018-05-24 19:33:34 - [MESSAGE][PASSED] - All options with index in [6] are selected on object 'Object Repository/DispensaryToCms/Page_Dispensary Store/select_--Select--Adernaline 0.'

2018-05-24 19:33:34 - [TEST_STEP][PASSED] - setText: Text '100' is set on object 'Object Repository/DispensaryToCms/Page_Dispensary Store/input_txttreat'

2018-05-24 19:33:34 - [MESSAGE][PASSED] - Text '100' is set on object 'Object Repository/DispensaryToCms/Page_Dispensary Store/input_txttreat'

2018-05-24 19:33:34 - [TEST_STEP][PASSED] - click: Object: 'Object Repository/DispensaryToCms/Page_Dispensary Store/button_Add' is clicked on

2018-05-24 19:33:34 - [MESSAGE][PASSED] - Object: 'Object Repository/DispensaryToCms/Page_Dispensary Store/button_Add' is clicked on

2018-05-24 19:33:34 - [TEST_STEP][PASSED] - selectOptionByIndex: All options with index in [6] are selected on object 'Object Repository/DispensaryToCms/Page_Dispensary Store/select_--Select--Schedule 1Inj'

2018-05-24 19:33:35 - [MESSAGE][PASSED] - All options with index in [6] are selected on object 'Object Repository/DispensaryToCms/Page_Dispensary Store/select_--Select--Schedule 1Inj'

2018-05-24 19:33:35 - [TEST_STEP][PASSED] - selectOptionByIndex: All options with index in [7] are selected on object 'Object Repository/DispensaryToCms/Page_Dispensary Store/select_--Select--Adernaline 0.'

2018-05-24 19:33:35 - [MESSAGE][PASSED] - All options with index in [7] are selected on object 'Object Repository/DispensaryToCms/Page_Dispensary Store/select_--Select--Adernaline 0.'

2018-05-24 19:33:35 - [TEST_STEP][PASSED] - setText: Text '100' is set on object 'Object Repository/DispensaryToCms/Page_Dispensary Store/input_txttreat'

2018-05-24 19:33:35 - [MESSAGE][PASSED] - Text '100' is set on object 'Object Repository/DispensaryToCms/Page_Dispensary Store/input_txttreat'

2018-05-24 19:33:35 - [TEST_STEP][PASSED] - click: Object: 'Object Repository/DispensaryToCms/Page_Dispensary Store/button_Add' is clicked on

2018-05-24 19:33:35 - [MESSAGE][PASSED] - Object: 'Object Repository/DispensaryToCms/Page_Dispensary Store/button_Add' is clicked on

2018-05-24 19:33:35 - [TEST_STEP][PASSED] - selectOptionByIndex: All options with index in [6] are selected on object 'Object Repository/DispensaryToCms/Page_Dispensary Store/select_--Select--Schedule 1Inj'

2018-05-24 19:33:35 - [MESSAGE][PASSED] - All options with index in [6] are selected on object 'Object Repository/DispensaryToCms/Page_Dispensary Store/select_--Select--Schedule 1Inj'

2018-05-24 19:33:35 - [TEST_STEP][PASSED] - selectOptionByIndex: All options with index in [8] are selected on object 'Object Repository/DispensaryToCms/Page_Dispensary Store/select_--Select--Adernaline 0.'

2018-05-24 19:33:35 - [MESSAGE][PASSED] - All options with index in [8] are selected on object 'Object Repository/DispensaryToCms/Page_Dispensary Store/select_--Select--Adernaline 0.'

2018-05-24 19:33:35 - [TEST_STEP][PASSED] - setText: Text '100' is set on object 'Object Repository/DispensaryToCms/Page_Dispensary Store/input_txttreat'

2018-05-24 19:33:35 - [MESSAGE][PASSED] - Text '100' is set on object 'Object Repository/DispensaryToCms/Page_Dispensary Store/input_txttreat'

2018-05-24 19:33:35 - [TEST_STEP][PASSED] - click: Object: 'Object Repository/DispensaryToCms/Page_Dispensary Store/button_Add' is clicked on

2018-05-24 19:33:35 - [MESSAGE][PASSED] - Object: 'Object Repository/DispensaryToCms/Page_Dispensary Store/button_Add' is clicked on

2018-05-24 19:33:35 - [TEST_STEP][PASSED] - selectOptionByIndex: All options with index in [6] are selected on object 'Object Repository/DispensaryToCms/Page_Dispensary Store/select_--Select--Schedule 1Inj'

2018-05-24 19:33:36 - [MESSAGE][PASSED] - All options with index in [6] are selected on object 'Object Repository/DispensaryToCms/Page_Dispensary Store/select_--Select--Schedule 1Inj'

2018-05-24 19:33:36 - [TEST_STEP][PASSED] - selectOptionByIndex: All options with index in [9] are selected on object 'Object Repository/DispensaryToCms/Page_Dispensary Store/select_--Select--Adernaline 0.'

2018-05-24 19:33:36 - [MESSAGE][PASSED] - All options with index in [9] are selected on object 'Object Repository/DispensaryToCms/Page_Dispensary Store/select_--Select--Adernaline 0.'

2018-05-24 19:33:36 - [TEST_STEP][PASSED] - setText: Text '100' is set on object 'Object Repository/DispensaryToCms/Page_Dispensary Store/input_txttreat'

2018-05-24 19:33:36 - [MESSAGE][PASSED] - Text '100' is set on object 'Object Repository/DispensaryToCms/Page_Dispensary Store/input_txttreat'

2018-05-24 19:33:36 - [TEST_STEP][PASSED] - click: Object: 'Object Repository/DispensaryToCms/Page_Dispensary Store/button_Add' is clicked on

2018-05-24 19:33:36 - [MESSAGE][PASSED] - Object: 'Object Repository/DispensaryToCms/Page_Dispensary Store/button_Add' is clicked on

2018-05-24 19:33:36 - [TEST_STEP][PASSED] - selectOptionByIndex: All options with index in [6] are selected on object 'Object Repository/DispensaryToCms/Page_Dispensary Store/select_--Select--Schedule 1Inj'

2018-05-24 19:33:36 - [MESSAGE][PASSED] - All options with index in [6] are selected on object 'Object Repository/DispensaryToCms/Page_Dispensary Store/select_--Select--Schedule 1Inj'

2018-05-24 19:33:36 - [TEST_STEP][PASSED] - selectOptionByIndex: All options with index in [10] are selected on object 'Object Repository/DispensaryToCms/Page_Dispensary Store/select_--Select--Adernaline 0.'

2018-05-24 19:33:36 - [MESSAGE][PASSED] - All options with index in [10] are selected on object 'Object Repository/DispensaryToCms/Page_Dispensary Store/select_--Select--Adernaline 0.'

2018-05-24 19:33:36 - [TEST_STEP][PASSED] - setText: Text '100' is set on object 'Object Repository/DispensaryToCms/Page_Dispensary Store/input_txttreat'

2018-05-24 19:33:37 - [MESSAGE][PASSED] - Text '100' is set on object 'Object Repository/DispensaryToCms/Page_Dispensary Store/input_txttreat'

2018-05-24 19:33:37 - [TEST_STEP][PASSED] - click: Object: 'Object Repository/DispensaryToCms/Page_Dispensary Store/button_Add' is clicked on

2018-05-24 19:33:37 - [MESSAGE][PASSED] - Object: 'Object Repository/DispensaryToCms/Page_Dispensary Store/button_Add' is clicked on

2018-05-24 19:33:37 - [TEST_STEP][PASSED] - selectOptionByIndex: All options with index in [6] are selected on object 'Object Repository/DispensaryToCms/Page_Dispensary Store/select_--Select--Schedule 1Inj'

2018-05-24 19:33:37 - [MESSAGE][PASSED] - All options with index in [6] are selected on object 'Object Repository/DispensaryToCms/Page_Dispensary Store/select_--Select--Schedule 1Inj'

2018-05-24 19:33:37 - [TEST_STEP][PASSED] - selectOptionByIndex: All options with index in [11] are selected on object 'Object Repository/DispensaryToCms/Page_Dispensary Store/select_--Select--Adernaline 0.'

2018-05-24 19:33:37 - [MESSAGE][PASSED] - All options with index in [11] are selected on object 'Object Repository/DispensaryToCms/Page_Dispensary Store/select_--Select--Adernaline 0.'

2018-05-24 19:33:37 - [TEST_STEP][PASSED] - setText: Text '100' is set on object 'Object Repository/DispensaryToCms/Page_Dispensary Store/input_txttreat'

2018-05-24 19:33:37 - [MESSAGE][PASSED] - Text '100' is set on object 'Object Repository/DispensaryToCms/Page_Dispensary Store/input_txttreat'

2018-05-24 19:33:37 - [TEST_STEP][PASSED] - click: Object: 'Object Repository/DispensaryToCms/Page_Dispensary Store/button_Add' is clicked on

2018-05-24 19:33:37 - [MESSAGE][PASSED] - Object: 'Object Repository/DispensaryToCms/Page_Dispensary Store/button_Add' is clicked on

2018-05-24 19:33:37 - [TEST_STEP][PASSED] - selectOptionByIndex: All options with index in [6] are selected on object 'Object Repository/DispensaryToCms/Page_Dispensary Store/select_--Select--Schedule 1Inj'

2018-05-24 19:33:37 - [MESSAGE][PASSED] - All options with index in [6] are selected on object 'Object Repository/DispensaryToCms/Page_Dispensary Store/select_--Select--Schedule 1Inj'

2018-05-24 19:33:37 - [TEST_STEP][PASSED] - selectOptionByIndex: All options with index in [12] are selected on object 'Object Repository/DispensaryToCms/Page_Dispensary Store/select_--Select--Adernaline 0.'

2018-05-24 19:33:38 - [MESSAGE][PASSED] - All options with index in [12] are selected on object 'Object Repository/DispensaryToCms/Page_Dispensary Store/select_--Select--Adernaline 0.'

2018-05-24 19:33:38 - [TEST_STEP][PASSED] - setText: Text '100' is set on object 'Object Repository/DispensaryToCms/Page_Dispensary Store/input_txttreat'

2018-05-24 19:33:38 - [MESSAGE][PASSED] - Text '100' is set on object 'Object Repository/DispensaryToCms/Page_Dispensary Store/input_txttreat'

2018-05-24 19:33:38 - [TEST_STEP][PASSED] - click: Object: 'Object Repository/DispensaryToCms/Page_Dispensary Store/button_Add' is clicked on

2018-05-24 19:33:38 - [MESSAGE][PASSED] - Object: 'Object Repository/DispensaryToCms/Page_Dispensary Store/button_Add' is clicked on

2018-05-24 19:33:38 - [TEST_STEP][PASSED] - selectOptionByIndex: All options with index in [6] are selected on object 'Object Repository/DispensaryToCms/Page_Dispensary Store/select_--Select--Schedule 1Inj'

2018-05-24 19:33:38 - [MESSAGE][PASSED] - All options with index in [6] are selected on object 'Object Repository/DispensaryToCms/Page_Dispensary Store/select_--Select--Schedule 1Inj'

2018-05-24 19:33:38 - [TEST_STEP][PASSED] - selectOptionByIndex: All options with index in [13] are selected on object 'Object Repository/DispensaryToCms/Page_Dispensary Store/select_--Select--Adernaline 0.'

2018-05-24 19:33:38 - [MESSAGE][PASSED] - All options with index in [13] are selected on object 'Object Repository/DispensaryToCms/Page_Dispensary Store/select_--Select--Adernaline 0.'

2018-05-24 19:33:38 - [TEST_STEP][PASSED] - setText: Text '100' is set on object 'Object Repository/DispensaryToCms/Page_Dispensary Store/input_txttreat'

2018-05-24 19:33:38 - [MESSAGE][PASSED] - Text '100' is set on object 'Object Repository/DispensaryToCms/Page_Dispensary Store/input_txttreat'

2018-05-24 19:33:38 - [TEST_STEP][PASSED] - click: Object: 'Object Repository/DispensaryToCms/Page_Dispensary Store/button_Add' is clicked on

2018-05-24 19:33:38 - [MESSAGE][PASSED] - Object: 'Object Repository/DispensaryToCms/Page_Dispensary Store/button_Add' is clicked on

2018-05-24 19:33:38 - [TEST_STEP][PASSED] - scrollToElement: Scroll to object 'Object Repository/DispensaryToCms/Page_Dispensary Store/input_btnsave' successfully

2018-05-24 19:33:38 - [MESSAGE][PASSED] - Scroll to object 'Object Repository/DispensaryToCms/Page_Dispensary Store/input_btnsave' successfully

2018-05-24 19:33:38 - [TEST_STEP][PASSED] - click: Object: 'Object Repository/DispensaryToCms/Page_Dispensary Store/input_btnsave' is clicked on

2018-05-24 19:33:39 - [MESSAGE][PASSED] - Object: 'Object Repository/DispensaryToCms/Page_Dispensary Store/input_btnsave' is clicked on

2018-05-24 19:33:39 - [TEST_STEP][PASSED] - delay: Delayed 3 second(s)

2018-05-24 19:33:42 - [MESSAGE][PASSED] - Delayed 3 second(s)

2018-05-24 19:33:42 - [TEST_STEP][PASSED] - Statement - RN1 = com.kms.katalon.core.webui.keyword.WebUiBuiltInKeywords.getText(com.kms.katalon.core.testobject.ObjectRepository.findTestObject(DispensaryToCms/Page_Dispensary Store/font_PRNO18052018174)): Text of object 'Object Repository/DispensaryToCms/Page_Dispensary Store/font_PRNO18052018174' is: 'PRNO/24052018/378'

2018-05-24 19:33:42 - [MESSAGE][PASSED] - Text of object 'Object Repository/DispensaryToCms/Page_Dispensary Store/font_PRNO18052018174' is: 'PRNO/24052018/378'

2018-05-24 19:33:42 - [TEST_STEP][PASSED] - Statement - out.println(RN1): null

2018-05-24 19:33:42 - [TEST_STEP][PASSED] - Statement - RID = RN1.split("/")[2]: null

2018-05-24 19:33:42 - [TEST_STEP][PASSED] - click: Object: 'Object Repository/DispensaryToCms/Page_Dispensary Store/button_OK' is clicked on

2018-05-24 19:33:42 - [MESSAGE][PASSED] - Object: 'Object Repository/DispensaryToCms/Page_Dispensary Store/button_OK' is clicked on

2018-05-24 19:33:42 - [TEST_STEP][PASSED] - delay: Delayed 3 second(s)

2018-05-24 19:33:45 - [MESSAGE][PASSED] - Delayed 3 second(s)

2018-05-24 19:33:45 - [TEST_STEP][PASSED] - waitForElementPresent: Object 'Object Repository/DispensaryToCms/Page_Dispensary Store/a_dropdown-toggle' is present

2018-05-24 19:33:45 - [MESSAGE][PASSED] - Object 'Object Repository/DispensaryToCms/Page_Dispensary Store/a_dropdown-toggle' is present

2018-05-24 19:33:45 - [TEST_STEP][PASSED] - click: Object: 'Object Repository/DispensaryToCms/Page_Dispensary Store/a_dropdown-toggle' is clicked on

2018-05-24 19:33:45 - [MESSAGE][PASSED] - Object: 'Object Repository/DispensaryToCms/Page_Dispensary Store/a_dropdown-toggle' is clicked on

2018-05-24 19:33:45 - [TEST_STEP][PASSED] - click: Object: 'Object Repository/DispensaryToCms/Page_Dispensary Store/a_Sign out' is clicked on

2018-05-24 19:33:46 - [MESSAGE][PASSED] - Object: 'Object Repository/DispensaryToCms/Page_Dispensary Store/a_Sign out' is clicked on

2018-05-24 19:33:46 - [TEST_STEP][PASSED] - delay: Delayed 3 second(s)

2018-05-24 19:33:49 - [MESSAGE][PASSED] - Delayed 3 second(s)

2018-05-24 19:33:49 - [TEST_STEP][PASSED] - navigateToUrl: Navigate to 'http://192.168.137.1/multihospital_new/' successfully

2018-05-24 19:33:49 - [MESSAGE][PASSED] - Navigate to 'http://192.168.137.1/multihospital_new/' successfully

2018-05-24 19:33:49 - [TEST_STEP][PASSED] - click: Object: 'Object Repository/DispensaryToCms/Page_KDMC/a_CMO' is clicked on

2018-05-24 19:33:51 - [MESSAGE][PASSED] - Object: 'Object Repository/DispensaryToCms/Page_KDMC/a_CMO' is clicked on

2018-05-24 19:33:51 - [TEST_STEP][PASSED] - setText: Text 'guru' is set on object 'Object Repository/DispensaryToCms/Page_CMO login/input_txtusername'

2018-05-24 19:33:51 - [MESSAGE][PASSED] - Text 'guru' is set on object 'Object Repository/DispensaryToCms/Page_CMO login/input_txtusername'

2018-05-24 19:33:51 - [TEST_STEP][PASSED] - setText: Text '123' is set on object 'Object Repository/DispensaryToCms/Page_CMO login/input_txtpassword'

2018-05-24 19:33:51 - [MESSAGE][PASSED] - Text '123' is set on object 'Object Repository/DispensaryToCms/Page_CMO login/input_txtpassword'

2018-05-24 19:33:51 - [TEST_STEP][PASSED] - delay: Delayed 3 second(s)

2018-05-24 19:33:54 - [MESSAGE][PASSED] - Delayed 3 second(s)

2018-05-24 19:33:54 - [TEST_STEP][PASSED] - click: Object: 'Object Repository/DispensaryToCms/Page_CMO login/button_Sign in' is clicked on

2018-05-24 19:34:00 - [MESSAGE][PASSED] - Object: 'Object Repository/DispensaryToCms/Page_CMO login/button_Sign in' is clicked on

2018-05-24 19:34:00 - [TEST_STEP][PASSED] - delay: Delayed 3 second(s)

2018-05-24 19:34:03 - [MESSAGE][PASSED] - Delayed 3 second(s)

2018-05-24 19:34:03 - [TEST_STEP][PASSED] - click: Object: 'Object Repository/DispensaryToCms/Page_KDMC - CMO/a_CMS Request' is clicked on

2018-05-24 19:34:03 - [MESSAGE][PASSED] - Object: 'Object Repository/DispensaryToCms/Page_KDMC - CMO/a_CMS Request' is clicked on

2018-05-24 19:34:03 - [TEST_STEP][PASSED] - delay: Delayed 2 second(s)

2018-05-24 19:34:05 - [MESSAGE][PASSED] - Delayed 2 second(s)

2018-05-24 19:34:05 - [TEST_STEP][PASSED] - click: Object: 'Object Repository/DispensaryToCms/Page_KDMC - CMO/a_Dispensary Store Request' is clicked on

2018-05-24 19:34:05 - [MESSAGE][PASSED] - Object: 'Object Repository/DispensaryToCms/Page_KDMC - CMO/a_Dispensary Store Request' is clicked on

2018-05-24 19:34:05 - [TEST_STEP][PASSED] - selectOptionByIndex: All options with index in [1] are selected on object 'Object Repository/DispensaryToCms/Page_KDMC - CMO/select_--ALL--'

2018-05-24 19:34:06 - [MESSAGE][PASSED] - All options with index in [1] are selected on object 'Object Repository/DispensaryToCms/Page_KDMC - CMO/select_--ALL--'

2018-05-24 19:34:06 - [TEST_STEP][PASSED] - click: Object: 'Object Repository/DispensaryToCms/Page_KDMC - CMO/input_btnsearch' is clicked on

2018-05-24 19:34:06 - [MESSAGE][PASSED] - Object: 'Object Repository/DispensaryToCms/Page_KDMC - CMO/input_btnsearch' is clicked on

2018-05-24 19:34:06 - [TEST_STEP][PASSED] - Statement - ID = com.kms.katalon.core.webui.keyword.WebUiBuiltInKeywords.modifyObjectProperty(com.kms.katalon.core.testobject.ObjectRepository.findTestObject(lab/Page_KDMC - CMO/input_1), "xpath", "equals", "//*[@id=" + RID + "]", true): Modify property of object successfully

2018-05-24 19:34:06 - [MESSAGE][PASSED] - Modify property of object successfully

2018-05-24 19:34:06 - [TEST_STEP][PASSED] - click: Object: 'Object Repository/lab/Page_KDMC - CMO/input_1' is clicked on

2018-05-24 19:34:06 - [MESSAGE][PASSED] - Object: 'Object Repository/lab/Page_KDMC - CMO/input_1' is clicked on

2018-05-24 19:34:06 - [TEST_STEP][PASSED] - delay: Delayed 2 second(s)

2018-05-24 19:34:08 - [MESSAGE][PASSED] - Delayed 2 second(s)

2018-05-24 19:34:08 - [TEST_STEP][PASSED] - selectOptionByIndex: All options with index in [1] are selected on object 'Object Repository/DispensaryToCms/Page_KDMC - CMO/select_--Select--'

2018-05-24 19:34:08 - [MESSAGE][PASSED] - All options with index in [1] are selected on object 'Object Repository/DispensaryToCms/Page_KDMC - CMO/select_--Select--'

2018-05-24 19:34:08 - [TEST_STEP][PASSED] - click: Object: 'Object Repository/DispensaryToCms/Page_KDMC - CMO/input_btnupdate' is clicked on

2018-05-24 19:34:08 - [MESSAGE][PASSED] - Object: 'Object Repository/DispensaryToCms/Page_KDMC - CMO/input_btnupdate' is clicked on

2018-05-24 19:34:08 - [TEST_STEP][PASSED] - delay: Delayed 2 second(s)

2018-05-24 19:34:10 - [MESSAGE][PASSED] - Delayed 2 second(s)

2018-05-24 19:34:10 - [TEST_STEP][PASSED] - click: Object: 'Object Repository/DispensaryToCms/Page_KDMC - CMO/button_OK' is clicked on

2018-05-24 19:34:11 - [MESSAGE][PASSED] - Object: 'Object Repository/DispensaryToCms/Page_KDMC - CMO/button_OK' is clicked on

2018-05-24 19:34:11 - [TEST_STEP][PASSED] - delay: Delayed 3 second(s)

2018-05-24 19:34:14 - [MESSAGE][PASSED] - Delayed 3 second(s)

2018-05-24 19:34:14 - [TEST_STEP][PASSED] - click: Object: 'Object Repository/DispensaryToCms/Page_KDMC - CMO/a_dropdown-toggle' is clicked on

2018-05-24 19:34:14 - [MESSAGE][PASSED] - Object: 'Object Repository/DispensaryToCms/Page_KDMC - CMO/a_dropdown-toggle' is clicked on

2018-05-24 19:34:14 - [TEST_STEP][PASSED] - click: Object: 'Object Repository/DispensaryToCms/Page_KDMC - CMO/a_Sign out' is clicked on

2018-05-24 19:34:17 - [MESSAGE][PASSED] - Object: 'Object Repository/DispensaryToCms/Page_KDMC - CMO/a_Sign out' is clicked on

2018-05-24 19:34:17 - [TEST_STEP][PASSED] - delay: Delayed 3 second(s)

2018-05-24 19:34:20 - [MESSAGE][PASSED] - Delayed 3 second(s)

2018-05-24 19:34:20 - [TEST_STEP][PASSED] - click: Object: 'Object Repository/DispensaryToCms/Page_KDMC/a_CMS' is clicked on

2018-05-24 19:34:26 - [MESSAGE][PASSED] - Object: 'Object Repository/DispensaryToCms/Page_KDMC/a_CMS' is clicked on

2018-05-24 19:34:26 - [TEST_STEP][PASSED] - setText: Text 'bala' is set on object 'Object Repository/DispensaryToCms/Page_CMS login/input_txtusername'

2018-05-24 19:34:26 - [MESSAGE][PASSED] - Text 'bala' is set on object 'Object Repository/DispensaryToCms/Page_CMS login/input_txtusername'

2018-05-24 19:34:26 - [TEST_STEP][PASSED] - setText: Text '123' is set on object 'Object Repository/DispensaryToCms/Page_CMS login/input_txtpassword'

2018-05-24 19:34:26 - [MESSAGE][PASSED] - Text '123' is set on object 'Object Repository/DispensaryToCms/Page_CMS login/input_txtpassword'

2018-05-24 19:34:26 - [TEST_STEP][PASSED] - delay: Delayed 3 second(s)

2018-05-24 19:34:29 - [MESSAGE][PASSED] - Delayed 3 second(s)

2018-05-24 19:34:29 - [TEST_STEP][PASSED] - click: Object: 'Object Repository/DispensaryToCms/Page_CMS login/button_Sign in' is clicked on

2018-05-24 19:34:31 - [MESSAGE][PASSED] - Object: 'Object Repository/DispensaryToCms/Page_CMS login/button_Sign in' is clicked on

2018-05-24 19:34:31 - [TEST_STEP][PASSED] - delay: Delayed 3 second(s)

2018-05-24 19:34:34 - [MESSAGE][PASSED] - Delayed 3 second(s)

2018-05-24 19:34:34 - [TEST_STEP][PASSED] - click: Object: 'Object Repository/DispensaryToCms/Page_KDMC - CMS/a_Divisional Store' is clicked on

2018-05-24 19:34:34 - [MESSAGE][PASSED] - Object: 'Object Repository/DispensaryToCms/Page_KDMC - CMS/a_Divisional Store' is clicked on

2018-05-24 19:34:34 - [TEST_STEP][PASSED] - delay: Delayed 2 second(s)

2018-05-24 19:34:36 - [MESSAGE][PASSED] - Delayed 2 second(s)

2018-05-24 19:34:36 - [TEST_STEP][PASSED] - click: Object: 'Object Repository/DispensaryToCms/Page_KDMC - CMS/a_Dispatch Items' is clicked on

2018-05-24 19:34:36 - [MESSAGE][PASSED] - Object: 'Object Repository/DispensaryToCms/Page_KDMC - CMS/a_Dispatch Items' is clicked on

2018-05-24 19:34:36 - [TEST_STEP][PASSED] - delay: Delayed 2 second(s)

2018-05-24 19:34:38 - [MESSAGE][PASSED] - Delayed 2 second(s)

2018-05-24 19:34:38 - [TEST_STEP][PASSED] - setText: Text 'PRNO/24052018/378' is set on object 'Object Repository/DispensaryToCms/Page_KDMC - CMS/input'

2018-05-24 19:34:39 - [MESSAGE][PASSED] - Text 'PRNO/24052018/378' is set on object 'Object Repository/DispensaryToCms/Page_KDMC - CMS/input'

2018-05-24 19:34:39 - [TEST_STEP][PASSED] - delay: Delayed 1 second(s)

2018-05-24 19:34:40 - [MESSAGE][PASSED] - Delayed 1 second(s)

2018-05-24 19:34:40 - [TEST_STEP][PASSED] - click: Object: 'Object Repository/DispensaryToCms/Page_KDMC - CMS/input_PRNO18052018174' is clicked on

2018-05-24 19:34:40 - [MESSAGE][PASSED] - Object: 'Object Repository/DispensaryToCms/Page_KDMC - CMS/input_PRNO18052018174' is clicked on

2018-05-24 19:34:40 - [TEST_STEP][PASSED] - Statement - out.println("Length : " + medicineslength): null

2018-05-24 19:34:40 - [TEST_STEP][PASSED] - Statement - For ([row = 0, row < medicineslength - 1, (row++)]): null

2018-05-24 19:34:40 - [TEST_STEP][PASSED] - Statement - batchlength = new com.kms.katalon.core.testobject.TestObject(): null

2018-05-24 19:34:40 - [TEST_STEP][PASSED] - Statement - batchlength = com.kms.katalon.core.webui.keyword.WebUiBuiltInKeywords.modifyObjectProperty(batchlength, "xpath", "equals", "//*[@id = "fldvendor" + row + ""]", true): Modify property of object successfully

2018-05-24 19:34:40 - [MESSAGE][PASSED] - Modify property of object successfully

2018-05-24 19:34:40 - [TEST_STEP][PASSED] - Statement - batchsize = com.kms.katalon.core.webui.keyword.WebUiBuiltInKeywords.getNumberOfTotalOption(batchlength): 7 options of object '' counted

2018-05-24 19:34:40 - [MESSAGE][PASSED] - 7 options of object '' counted

2018-05-24 19:34:40 - [TEST_STEP][PASSED] - Statement - out.println("BatchSize : " + batchsize): null

2018-05-24 19:34:40 - [TEST_STEP][PASSED] - Statement - For ([n = 1, n <= batchsize - 1, (n++)]): null

2018-05-24 19:34:40 - [TEST_STEP][PASSED] - Statement - product = new com.kms.katalon.core.testobject.TestObject(): null

2018-05-24 19:34:40 - [TEST_STEP][PASSED] - Statement - product = com.kms.katalon.core.webui.keyword.WebUiBuiltInKeywords.modifyObjectProperty(product, "xpath", "equals", "//*[@id = "fldvendor" + row + ""]", true): Modify property of object successfully

2018-05-24 19:34:40 - [MESSAGE][PASSED] - Modify property of object successfully

2018-05-24 19:34:40 - [TEST_STEP][PASSED] - selectOptionByIndex: All options with index in [1] are selected on object ''

2018-05-24 19:34:40 - [MESSAGE][PASSED] - All options with index in [1] are selected on object ''

2018-05-24 19:34:40 - [TEST_STEP][PASSED] - Statement - batch = new com.kms.katalon.core.testobject.TestObject(): null

2018-05-24 19:34:40 - [TEST_STEP][PASSED] - Statement - batch = com.kms.katalon.core.webui.keyword.WebUiBuiltInKeywords.modifyObjectProperty(batch, "xpath", "equals", "//*[@id = "txtbthqty" + row + ""]", true): Modify property of object successfully

2018-05-24 19:34:40 - [MESSAGE][PASSED] - Modify property of object successfully

2018-05-24 19:34:40 - [TEST_STEP][PASSED] - Statement - batchqty = com.kms.katalon.core.webui.keyword.WebUiBuiltInKeywords.getAttribute(batch, "value").trim(): Attribute 'value' of object '' is: '38800'

2018-05-24 19:34:41 - [MESSAGE][PASSED] - Attribute 'value' of object '' is: '38800'

2018-05-24 19:34:41 - [TEST_STEP][PASSED] - Statement - Rqty = 100: null

2018-05-24 19:34:41 - [TEST_STEP][PASSED] - delay: Delayed 2 second(s)

2018-05-24 19:34:43 - [MESSAGE][PASSED] - Delayed 2 second(s)

2018-05-24 19:34:43 - [TEST_STEP][PASSED] - Statement - out.println("BatchQty : " + batchqty): null

2018-05-24 19:34:43 - [TEST_STEP][PASSED] - Statement - out.println("RQty : " + Rqty): null

2018-05-24 19:34:43 - [TEST_STEP][PASSED] - Statement - If (java.lang.Integer.valueOf(batchqty) >= java.lang.Integer.valueOf(Rqty)): null

2018-05-24 19:34:43 - [TEST_STEP][PASSED] - Statement - Break: null

2018-05-24 19:34:43 - [TEST_STEP][PASSED] - Statement - batchlength = new com.kms.katalon.core.testobject.TestObject(): null

2018-05-24 19:34:43 - [TEST_STEP][PASSED] - Statement - batchlength = com.kms.katalon.core.webui.keyword.WebUiBuiltInKeywords.modifyObjectProperty(batchlength, "xpath", "equals", "//*[@id = "fldvendor" + row + ""]", true): Modify property of object successfully

2018-05-24 19:34:43 - [MESSAGE][PASSED] - Modify property of object successfully

2018-05-24 19:34:43 - [TEST_STEP][PASSED] - Statement - batchsize = com.kms.katalon.core.webui.keyword.WebUiBuiltInKeywords.getNumberOfTotalOption(batchlength): 7 options of object '' counted

2018-05-24 19:34:43 - [MESSAGE][PASSED] - 7 options of object '' counted

2018-05-24 19:34:43 - [TEST_STEP][PASSED] - Statement - out.println("BatchSize : " + batchsize): null

2018-05-24 19:34:43 - [TEST_STEP][PASSED] - Statement - For ([n = 1, n <= batchsize - 1, (n++)]): null

2018-05-24 19:34:43 - [TEST_STEP][PASSED] - Statement - product = new com.kms.katalon.core.testobject.TestObject(): null

2018-05-24 19:34:43 - [TEST_STEP][PASSED] - Statement - product = com.kms.katalon.core.webui.keyword.WebUiBuiltInKeywords.modifyObjectProperty(product, "xpath", "equals", "//*[@id = "fldvendor" + row + ""]", true): Modify property of object successfully

2018-05-24 19:34:43 - [MESSAGE][PASSED] - Modify property of object successfully

2018-05-24 19:34:43 - [TEST_STEP][PASSED] - selectOptionByIndex: All options with index in [1] are selected on object ''

2018-05-24 19:34:43 - [MESSAGE][PASSED] - All options with index in [1] are selected on object ''

2018-05-24 19:34:43 - [TEST_STEP][PASSED] - Statement - batch = new com.kms.katalon.core.testobject.TestObject(): null

2018-05-24 19:34:43 - [TEST_STEP][PASSED] - Statement - batch = com.kms.katalon.core.webui.keyword.WebUiBuiltInKeywords.modifyObjectProperty(batch, "xpath", "equals", "//*[@id = "txtbthqty" + row + ""]", true): Modify property of object successfully

2018-05-24 19:34:43 - [MESSAGE][PASSED] - Modify property of object successfully

2018-05-24 19:34:43 - [TEST_STEP][PASSED] - Statement - batchqty = com.kms.katalon.core.webui.keyword.WebUiBuiltInKeywords.getAttribute(batch, "value").trim(): Attribute 'value' of object '' is: '3900'

2018-05-24 19:34:43 - [MESSAGE][PASSED] - Attribute 'value' of object '' is: '3900'

2018-05-24 19:34:43 - [TEST_STEP][PASSED] - Statement - Rqty = 100: null

2018-05-24 19:34:43 - [TEST_STEP][PASSED] - delay: Delayed 2 second(s)

2018-05-24 19:34:45 - [MESSAGE][PASSED] - Delayed 2 second(s)

2018-05-24 19:34:45 - [TEST_STEP][PASSED] - Statement - out.println("BatchQty : " + batchqty): null

2018-05-24 19:34:45 - [TEST_STEP][PASSED] - Statement - out.println("RQty : " + Rqty): null

2018-05-24 19:34:45 - [TEST_STEP][PASSED] - Statement - If (java.lang.Integer.valueOf(batchqty) >= java.lang.Integer.valueOf(Rqty)): null

2018-05-24 19:34:45 - [TEST_STEP][PASSED] - Statement - Break: null

2018-05-24 19:34:45 - [TEST_STEP][PASSED] - Statement - batchlength = new com.kms.katalon.core.testobject.TestObject(): null

2018-05-24 19:34:45 - [TEST_STEP][PASSED] - Statement - batchlength = com.kms.katalon.core.webui.keyword.WebUiBuiltInKeywords.modifyObjectProperty(batchlength, "xpath", "equals", "//*[@id = "fldvendor" + row + ""]", true): Modify property of object successfully

2018-05-24 19:34:45 - [MESSAGE][PASSED] - Modify property of object successfully

2018-05-24 19:34:45 - [TEST_STEP][PASSED] - Statement - batchsize = com.kms.katalon.core.webui.keyword.WebUiBuiltInKeywords.getNumberOfTotalOption(batchlength): 7 options of object '' counted

2018-05-24 19:34:45 - [MESSAGE][PASSED] - 7 options of object '' counted

2018-05-24 19:34:45 - [TEST_STEP][PASSED] - Statement - out.println("BatchSize : " + batchsize): null

2018-05-24 19:34:45 - [TEST_STEP][PASSED] - Statement - For ([n = 1, n <= batchsize - 1, (n++)]): null

2018-05-24 19:34:45 - [TEST_STEP][PASSED] - Statement - product = new com.kms.katalon.core.testobject.TestObject(): null

2018-05-24 19:34:45 - [TEST_STEP][PASSED] - Statement - product = com.kms.katalon.core.webui.keyword.WebUiBuiltInKeywords.modifyObjectProperty(product, "xpath", "equals", "//*[@id = "fldvendor" + row + ""]", true): Modify property of object successfully

2018-05-24 19:34:45 - [MESSAGE][PASSED] - Modify property of object successfully

2018-05-24 19:34:45 - [TEST_STEP][PASSED] - selectOptionByIndex: All options with index in [1] are selected on object ''

2018-05-24 19:34:45 - [MESSAGE][PASSED] - All options with index in [1] are selected on object ''

2018-05-24 19:34:45 - [TEST_STEP][PASSED] - Statement - batch = new com.kms.katalon.core.testobject.TestObject(): null

2018-05-24 19:34:45 - [TEST_STEP][PASSED] - Statement - batch = com.kms.katalon.core.webui.keyword.WebUiBuiltInKeywords.modifyObjectProperty(batch, "xpath", "equals", "//*[@id = "txtbthqty" + row + ""]", true): Modify property of object successfully

2018-05-24 19:34:45 - [MESSAGE][PASSED] - Modify property of object successfully

2018-05-24 19:34:45 - [TEST_STEP][PASSED] - Statement - batchqty = com.kms.katalon.core.webui.keyword.WebUiBuiltInKeywords.getAttribute(batch, "value").trim(): Attribute 'value' of object '' is: '3700'

2018-05-24 19:34:45 - [MESSAGE][PASSED] - Attribute 'value' of object '' is: '3700'

2018-05-24 19:34:45 - [TEST_STEP][PASSED] - Statement - Rqty = 100: null

2018-05-24 19:34:45 - [TEST_STEP][PASSED] - delay: Delayed 2 second(s)

2018-05-24 19:34:47 - [MESSAGE][PASSED] - Delayed 2 second(s)

2018-05-24 19:34:47 - [TEST_STEP][PASSED] - Statement - out.println("BatchQty : " + batchqty): null

2018-05-24 19:34:47 - [TEST_STEP][PASSED] - Statement - out.println("RQty : " + Rqty): null

2018-05-24 19:34:47 - [TEST_STEP][PASSED] - Statement - If (java.lang.Integer.valueOf(batchqty) >= java.lang.Integer.valueOf(Rqty)): null

2018-05-24 19:34:47 - [TEST_STEP][PASSED] - Statement - Break: null

2018-05-24 19:34:47 - [TEST_STEP][PASSED] - Statement - batchlength = new com.kms.katalon.core.testobject.TestObject(): null

2018-05-24 19:34:47 - [TEST_STEP][PASSED] - Statement - batchlength = com.kms.katalon.core.webui.keyword.WebUiBuiltInKeywords.modifyObjectProperty(batchlength, "xpath", "equals", "//*[@id = "fldvendor" + row + ""]", true): Modify property of object successfully

2018-05-24 19:34:47 - [MESSAGE][PASSED] - Modify property of object successfully

2018-05-24 19:34:47 - [TEST_STEP][PASSED] - Statement - batchsize = com.kms.katalon.core.webui.keyword.WebUiBuiltInKeywords.getNumberOfTotalOption(batchlength): 6 options of object '' counted

2018-05-24 19:34:47 - [MESSAGE][PASSED] - 6 options of object '' counted

2018-05-24 19:34:47 - [TEST_STEP][PASSED] - Statement - out.println("BatchSize : " + batchsize): null

2018-05-24 19:34:47 - [TEST_STEP][PASSED] - Statement - For ([n = 1, n <= batchsize - 1, (n++)]): null

2018-05-24 19:34:47 - [TEST_STEP][PASSED] - Statement - product = new com.kms.katalon.core.testobject.TestObject(): null

2018-05-24 19:34:47 - [TEST_STEP][PASSED] - Statement - product = com.kms.katalon.core.webui.keyword.WebUiBuiltInKeywords.modifyObjectProperty(product, "xpath", "equals", "//*[@id = "fldvendor" + row + ""]", true): Modify property of object successfully

2018-05-24 19:34:47 - [MESSAGE][PASSED] - Modify property of object successfully

2018-05-24 19:34:47 - [TEST_STEP][PASSED] - selectOptionByIndex: All options with index in [1] are selected on object ''

2018-05-24 19:34:47 - [MESSAGE][PASSED] - All options with index in [1] are selected on object ''

2018-05-24 19:34:47 - [TEST_STEP][PASSED] - Statement - batch = new com.kms.katalon.core.testobject.TestObject(): null

2018-05-24 19:34:47 - [TEST_STEP][PASSED] - Statement - batch = com.kms.katalon.core.webui.keyword.WebUiBuiltInKeywords.modifyObjectProperty(batch, "xpath", "equals", "//*[@id = "txtbthqty" + row + ""]", true): Modify property of object successfully

2018-05-24 19:34:47 - [MESSAGE][PASSED] - Modify property of object successfully

2018-05-24 19:34:47 - [TEST_STEP][PASSED] - Statement - batchqty = com.kms.katalon.core.webui.keyword.WebUiBuiltInKeywords.getAttribute(batch, "value").trim(): Attribute 'value' of object '' is: '3900'

2018-05-24 19:34:47 - [MESSAGE][PASSED] - Attribute 'value' of object '' is: '3900'

2018-05-24 19:34:47 - [TEST_STEP][PASSED] - Statement - Rqty = 100: null

2018-05-24 19:34:47 - [TEST_STEP][PASSED] - delay: Delayed 2 second(s)

2018-05-24 19:34:49 - [MESSAGE][PASSED] - Delayed 2 second(s)

2018-05-24 19:34:49 - [TEST_STEP][PASSED] - Statement - out.println("BatchQty : " + batchqty): null

2018-05-24 19:34:49 - [TEST_STEP][PASSED] - Statement - out.println("RQty : " + Rqty): null

2018-05-24 19:34:49 - [TEST_STEP][PASSED] - Statement - If (java.lang.Integer.valueOf(batchqty) >= java.lang.Integer.valueOf(Rqty)): null

2018-05-24 19:34:49 - [TEST_STEP][PASSED] - Statement - Break: null

2018-05-24 19:34:49 - [TEST_STEP][PASSED] - Statement - batchlength = new com.kms.katalon.core.testobject.TestObject(): null

2018-05-24 19:34:49 - [TEST_STEP][PASSED] - Statement - batchlength = com.kms.katalon.core.webui.keyword.WebUiBuiltInKeywords.modifyObjectProperty(batchlength, "xpath", "equals", "//*[@id = "fldvendor" + row + ""]", true): Modify property of object successfully

2018-05-24 19:34:49 - [MESSAGE][PASSED] - Modify property of object successfully

2018-05-24 19:34:49 - [TEST_STEP][PASSED] - Statement - batchsize = com.kms.katalon.core.webui.keyword.WebUiBuiltInKeywords.getNumberOfTotalOption(batchlength): 7 options of object '' counted

2018-05-24 19:34:49 - [MESSAGE][PASSED] - 7 options of object '' counted

2018-05-24 19:34:49 - [TEST_STEP][PASSED] - Statement - out.println("BatchSize : " + batchsize): null

2018-05-24 19:34:49 - [TEST_STEP][PASSED] - Statement - For ([n = 1, n <= batchsize - 1, (n++)]): null

2018-05-24 19:34:49 - [TEST_STEP][PASSED] - Statement - product = new com.kms.katalon.core.testobject.TestObject(): null

2018-05-24 19:34:49 - [TEST_STEP][PASSED] - Statement - product = com.kms.katalon.core.webui.keyword.WebUiBuiltInKeywords.modifyObjectProperty(product, "xpath", "equals", "//*[@id = "fldvendor" + row + ""]", true): Modify property of object successfully

2018-05-24 19:34:49 - [MESSAGE][PASSED] - Modify property of object successfully

2018-05-24 19:34:49 - [TEST_STEP][PASSED] - selectOptionByIndex: All options with index in [1] are selected on object ''

2018-05-24 19:34:50 - [MESSAGE][PASSED] - All options with index in [1] are selected on object ''

2018-05-24 19:34:50 - [TEST_STEP][PASSED] - Statement - batch = new com.kms.katalon.core.testobject.TestObject(): null

2018-05-24 19:34:50 - [TEST_STEP][PASSED] - Statement - batch = com.kms.katalon.core.webui.keyword.WebUiBuiltInKeywords.modifyObjectProperty(batch, "xpath", "equals", "//*[@id = "txtbthqty" + row + ""]", true): Modify property of object successfully

2018-05-24 19:34:50 - [MESSAGE][PASSED] - Modify property of object successfully

2018-05-24 19:34:50 - [TEST_STEP][PASSED] - Statement - batchqty = com.kms.katalon.core.webui.keyword.WebUiBuiltInKeywords.getAttribute(batch, "value").trim(): Attribute 'value' of object '' is: '3800'

2018-05-24 19:34:50 - [MESSAGE][PASSED] - Attribute 'value' of object '' is: '3800'

2018-05-24 19:34:50 - [TEST_STEP][PASSED] - Statement - Rqty = 100: null

2018-05-24 19:34:50 - [TEST_STEP][PASSED] - delay: Delayed 2 second(s)

2018-05-24 19:34:52 - [MESSAGE][PASSED] - Delayed 2 second(s)

2018-05-24 19:34:52 - [TEST_STEP][PASSED] - Statement - out.println("BatchQty : " + batchqty): null

2018-05-24 19:34:52 - [TEST_STEP][PASSED] - Statement - out.println("RQty : " + Rqty): null

2018-05-24 19:34:52 - [TEST_STEP][PASSED] - Statement - If (java.lang.Integer.valueOf(batchqty) >= java.lang.Integer.valueOf(Rqty)): null

2018-05-24 19:34:52 - [TEST_STEP][PASSED] - Statement - Break: null

2018-05-24 19:34:52 - [TEST_STEP][PASSED] - Statement - batchlength = new com.kms.katalon.core.testobject.TestObject(): null

2018-05-24 19:34:52 - [TEST_STEP][PASSED] - Statement - batchlength = com.kms.katalon.core.webui.keyword.WebUiBuiltInKeywords.modifyObjectProperty(batchlength, "xpath", "equals", "//*[@id = "fldvendor" + row + ""]", true): Modify property of object successfully

2018-05-24 19:34:52 - [MESSAGE][PASSED] - Modify property of object successfully

2018-05-24 19:34:52 - [TEST_STEP][PASSED] - Statement - batchsize = com.kms.katalon.core.webui.keyword.WebUiBuiltInKeywords.getNumberOfTotalOption(batchlength): 7 options of object '' counted

2018-05-24 19:34:52 - [MESSAGE][PASSED] - 7 options of object '' counted

2018-05-24 19:34:52 - [TEST_STEP][PASSED] - Statement - out.println("BatchSize : " + batchsize): null

2018-05-24 19:34:52 - [TEST_STEP][PASSED] - Statement - For ([n = 1, n <= batchsize - 1, (n++)]): null

2018-05-24 19:34:52 - [TEST_STEP][PASSED] - Statement - product = new com.kms.katalon.core.testobject.TestObject(): null

2018-05-24 19:34:52 - [TEST_STEP][PASSED] - Statement - product = com.kms.katalon.core.webui.keyword.WebUiBuiltInKeywords.modifyObjectProperty(product, "xpath", "equals", "//*[@id = "fldvendor" + row + ""]", true): Modify property of object successfully

2018-05-24 19:34:52 - [MESSAGE][PASSED] - Modify property of object successfully

2018-05-24 19:34:52 - [TEST_STEP][PASSED] - selectOptionByIndex: All options with index in [1] are selected on object ''

2018-05-24 19:34:52 - [MESSAGE][PASSED] - All options with index in [1] are selected on object ''

2018-05-24 19:34:52 - [TEST_STEP][PASSED] - Statement - batch = new com.kms.katalon.core.testobject.TestObject(): null

2018-05-24 19:34:52 - [TEST_STEP][PASSED] - Statement - batch = com.kms.katalon.core.webui.keyword.WebUiBuiltInKeywords.modifyObjectProperty(batch, "xpath", "equals", "//*[@id = "txtbthqty" + row + ""]", true): Modify property of object successfully

2018-05-24 19:34:52 - [MESSAGE][PASSED] - Modify property of object successfully

2018-05-24 19:34:52 - [TEST_STEP][PASSED] - Statement - batchqty = com.kms.katalon.core.webui.keyword.WebUiBuiltInKeywords.getAttribute(batch, "value").trim(): Attribute 'value' of object '' is: '3900'

2018-05-24 19:34:52 - [MESSAGE][PASSED] - Attribute 'value' of object '' is: '3900'

2018-05-24 19:34:52 - [TEST_STEP][PASSED] - Statement - Rqty = 100: null

2018-05-24 19:34:52 - [TEST_STEP][PASSED] - delay: Delayed 2 second(s)

2018-05-24 19:34:54 - [MESSAGE][PASSED] - Delayed 2 second(s)

2018-05-24 19:34:54 - [TEST_STEP][PASSED] - Statement - out.println("BatchQty : " + batchqty): null

2018-05-24 19:34:54 - [TEST_STEP][PASSED] - Statement - out.println("RQty : " + Rqty): null

2018-05-24 19:34:54 - [TEST_STEP][PASSED] - Statement - If (java.lang.Integer.valueOf(batchqty) >= java.lang.Integer.valueOf(Rqty)): null

2018-05-24 19:34:54 - [TEST_STEP][PASSED] - Statement - Break: null

2018-05-24 19:34:54 - [TEST_STEP][PASSED] - Statement - batchlength = new com.kms.katalon.core.testobject.TestObject(): null

2018-05-24 19:34:54 - [TEST_STEP][PASSED] - Statement - batchlength = com.kms.katalon.core.webui.keyword.WebUiBuiltInKeywords.modifyObjectProperty(batchlength, "xpath", "equals", "//*[@id = "fldvendor" + row + ""]", true): Modify property of object successfully

2018-05-24 19:34:54 - [MESSAGE][PASSED] - Modify property of object successfully

2018-05-24 19:34:54 - [TEST_STEP][PASSED] - Statement - batchsize = com.kms.katalon.core.webui.keyword.WebUiBuiltInKeywords.getNumberOfTotalOption(batchlength): 7 options of object '' counted

2018-05-24 19:34:54 - [MESSAGE][PASSED] - 7 options of object '' counted

2018-05-24 19:34:54 - [TEST_STEP][PASSED] - Statement - out.println("BatchSize : " + batchsize): null

2018-05-24 19:34:54 - [TEST_STEP][PASSED] - Statement - For ([n = 1, n <= batchsize - 1, (n++)]): null

2018-05-24 19:34:54 - [TEST_STEP][PASSED] - Statement - product = new com.kms.katalon.core.testobject.TestObject(): null

2018-05-24 19:34:54 - [TEST_STEP][PASSED] - Statement - product = com.kms.katalon.core.webui.keyword.WebUiBuiltInKeywords.modifyObjectProperty(product, "xpath", "equals", "//*[@id = "fldvendor" + row + ""]", true): Modify property of object successfully

2018-05-24 19:34:54 - [MESSAGE][PASSED] - Modify property of object successfully

2018-05-24 19:34:54 - [TEST_STEP][PASSED] - selectOptionByIndex: All options with index in [1] are selected on object ''

2018-05-24 19:34:54 - [MESSAGE][PASSED] - All options with index in [1] are selected on object ''

2018-05-24 19:34:54 - [TEST_STEP][PASSED] - Statement - batch = new com.kms.katalon.core.testobject.TestObject(): null

2018-05-24 19:34:54 - [TEST_STEP][PASSED] - Statement - batch = com.kms.katalon.core.webui.keyword.WebUiBuiltInKeywords.modifyObjectProperty(batch, "xpath", "equals", "//*[@id = "txtbthqty" + row + ""]", true): Modify property of object successfully

2018-05-24 19:34:54 - [MESSAGE][PASSED] - Modify property of object successfully

2018-05-24 19:34:54 - [TEST_STEP][PASSED] - Statement - batchqty = com.kms.katalon.core.webui.keyword.WebUiBuiltInKeywords.getAttribute(batch, "value").trim(): Attribute 'value' of object '' is: '3700'

2018-05-24 19:34:54 - [MESSAGE][PASSED] - Attribute 'value' of object '' is: '3700'

2018-05-24 19:34:54 - [TEST_STEP][PASSED] - Statement - Rqty = 100: null

2018-05-24 19:34:54 - [TEST_STEP][PASSED] - delay: Delayed 2 second(s)

2018-05-24 19:34:56 - [MESSAGE][PASSED] - Delayed 2 second(s)

2018-05-24 19:34:56 - [TEST_STEP][PASSED] - Statement - out.println("BatchQty : " + batchqty): null

2018-05-24 19:34:56 - [TEST_STEP][PASSED] - Statement - out.println("RQty : " + Rqty): null

2018-05-24 19:34:56 - [TEST_STEP][PASSED] - Statement - If (java.lang.Integer.valueOf(batchqty) >= java.lang.Integer.valueOf(Rqty)): null

2018-05-24 19:34:56 - [TEST_STEP][PASSED] - Statement - Break: null

2018-05-24 19:34:56 - [TEST_STEP][PASSED] - Statement - batchlength = new com.kms.katalon.core.testobject.TestObject(): null

2018-05-24 19:34:56 - [TEST_STEP][PASSED] - Statement - batchlength = com.kms.katalon.core.webui.keyword.WebUiBuiltInKeywords.modifyObjectProperty(batchlength, "xpath", "equals", "//*[@id = "fldvendor" + row + ""]", true): Modify property of object successfully

2018-05-24 19:34:56 - [MESSAGE][PASSED] - Modify property of object successfully

2018-05-24 19:34:56 - [TEST_STEP][PASSED] - Statement - batchsize = com.kms.katalon.core.webui.keyword.WebUiBuiltInKeywords.getNumberOfTotalOption(batchlength): 6 options of object '' counted

2018-05-24 19:34:56 - [MESSAGE][PASSED] - 6 options of object '' counted

2018-05-24 19:34:56 - [TEST_STEP][PASSED] - Statement - out.println("BatchSize : " + batchsize): null

2018-05-24 19:34:56 - [TEST_STEP][PASSED] - Statement - For ([n = 1, n <= batchsize - 1, (n++)]): null

2018-05-24 19:34:56 - [TEST_STEP][PASSED] - Statement - product = new com.kms.katalon.core.testobject.TestObject(): null

2018-05-24 19:34:56 - [TEST_STEP][PASSED] - Statement - product = com.kms.katalon.core.webui.keyword.WebUiBuiltInKeywords.modifyObjectProperty(product, "xpath", "equals", "//*[@id = "fldvendor" + row + ""]", true): Modify property of object successfully

2018-05-24 19:34:56 - [MESSAGE][PASSED] - Modify property of object successfully

2018-05-24 19:34:56 - [TEST_STEP][PASSED] - selectOptionByIndex: All options with index in [1] are selected on object ''

2018-05-24 19:34:56 - [MESSAGE][PASSED] - All options with index in [1] are selected on object ''

2018-05-24 19:34:56 - [TEST_STEP][PASSED] - Statement - batch = new com.kms.katalon.core.testobject.TestObject(): null

2018-05-24 19:34:56 - [TEST_STEP][PASSED] - Statement - batch = com.kms.katalon.core.webui.keyword.WebUiBuiltInKeywords.modifyObjectProperty(batch, "xpath", "equals", "//*[@id = "txtbthqty" + row + ""]", true): Modify property of object successfully

2018-05-24 19:34:56 - [MESSAGE][PASSED] - Modify property of object successfully

2018-05-24 19:34:56 - [TEST_STEP][PASSED] - Statement - batchqty = com.kms.katalon.core.webui.keyword.WebUiBuiltInKeywords.getAttribute(batch, "value").trim(): Attribute 'value' of object '' is: '3900'

2018-05-24 19:34:56 - [MESSAGE][PASSED] - Attribute 'value' of object '' is: '3900'

2018-05-24 19:34:56 - [TEST_STEP][PASSED] - Statement - Rqty = 100: null

2018-05-24 19:34:56 - [TEST_STEP][PASSED] - delay: Delayed 2 second(s)

2018-05-24 19:34:58 - [MESSAGE][PASSED] - Delayed 2 second(s)

2018-05-24 19:34:58 - [TEST_STEP][PASSED] - Statement - out.println("BatchQty : " + batchqty): null

2018-05-24 19:34:58 - [TEST_STEP][PASSED] - Statement - out.println("RQty : " + Rqty): null

2018-05-24 19:34:58 - [TEST_STEP][PASSED] - Statement - If (java.lang.Integer.valueOf(batchqty) >= java.lang.Integer.valueOf(Rqty)): null

2018-05-24 19:34:58 - [TEST_STEP][PASSED] - Statement - Break: null

2018-05-24 19:34:58 - [TEST_STEP][PASSED] - Statement - batchlength = new com.kms.katalon.core.testobject.TestObject(): null

2018-05-24 19:34:58 - [TEST_STEP][PASSED] - Statement - batchlength = com.kms.katalon.core.webui.keyword.WebUiBuiltInKeywords.modifyObjectProperty(batchlength, "xpath", "equals", "//*[@id = "fldvendor" + row + ""]", true): Modify property of object successfully

2018-05-24 19:34:58 - [MESSAGE][PASSED] - Modify property of object successfully

2018-05-24 19:34:58 - [TEST_STEP][PASSED] - Statement - batchsize = com.kms.katalon.core.webui.keyword.WebUiBuiltInKeywords.getNumberOfTotalOption(batchlength): 6 options of object '' counted

2018-05-24 19:34:58 - [MESSAGE][PASSED] - 6 options of object '' counted

2018-05-24 19:34:58 - [TEST_STEP][PASSED] - Statement - out.println("BatchSize : " + batchsize): null

2018-05-24 19:34:58 - [TEST_STEP][PASSED] - Statement - For ([n = 1, n <= batchsize - 1, (n++)]): null

2018-05-24 19:34:58 - [TEST_STEP][PASSED] - Statement - product = new com.kms.katalon.core.testobject.TestObject(): null

2018-05-24 19:34:58 - [TEST_STEP][PASSED] - Statement - product = com.kms.katalon.core.webui.keyword.WebUiBuiltInKeywords.modifyObjectProperty(product, "xpath", "equals", "//*[@id = "fldvendor" + row + ""]", true): Modify property of object successfully

2018-05-24 19:34:58 - [MESSAGE][PASSED] - Modify property of object successfully

2018-05-24 19:34:58 - [TEST_STEP][PASSED] - selectOptionByIndex: All options with index in [1] are selected on object ''

2018-05-24 19:34:59 - [MESSAGE][PASSED] - All options with index in [1] are selected on object ''

2018-05-24 19:34:59 - [TEST_STEP][PASSED] - Statement - batch = new com.kms.katalon.core.testobject.TestObject(): null

2018-05-24 19:34:59 - [TEST_STEP][PASSED] - Statement - batch = com.kms.katalon.core.webui.keyword.WebUiBuiltInKeywords.modifyObjectProperty(batch, "xpath", "equals", "//*[@id = "txtbthqty" + row + ""]", true): Modify property of object successfully

2018-05-24 19:34:59 - [MESSAGE][PASSED] - Modify property of object successfully

2018-05-24 19:34:59 - [TEST_STEP][PASSED] - Statement - batchqty = com.kms.katalon.core.webui.keyword.WebUiBuiltInKeywords.getAttribute(batch, "value").trim(): Attribute 'value' of object '' is: '38800'

2018-05-24 19:34:59 - [MESSAGE][PASSED] - Attribute 'value' of object '' is: '38800'

2018-05-24 19:34:59 - [TEST_STEP][PASSED] - Statement - Rqty = 100: null

2018-05-24 19:34:59 - [TEST_STEP][PASSED] - delay: Delayed 2 second(s)

2018-05-24 19:35:01 - [MESSAGE][PASSED] - Delayed 2 second(s)

2018-05-24 19:35:01 - [TEST_STEP][PASSED] - Statement - out.println("BatchQty : " + batchqty): null

2018-05-24 19:35:01 - [TEST_STEP][PASSED] - Statement - out.println("RQty : " + Rqty): null

2018-05-24 19:35:01 - [TEST_STEP][PASSED] - Statement - If (java.lang.Integer.valueOf(batchqty) >= java.lang.Integer.valueOf(Rqty)): null

2018-05-24 19:35:01 - [TEST_STEP][PASSED] - Statement - Break: null

2018-05-24 19:35:01 - [TEST_STEP][PASSED] - Statement - batchlength = new com.kms.katalon.core.testobject.TestObject(): null

2018-05-24 19:35:01 - [TEST_STEP][PASSED] - Statement - batchlength = com.kms.katalon.core.webui.keyword.WebUiBuiltInKeywords.modifyObjectProperty(batchlength, "xpath", "equals", "//*[@id = "fldvendor" + row + ""]", true): Modify property of object successfully

2018-05-24 19:35:01 - [MESSAGE][PASSED] - Modify property of object successfully

2018-05-24 19:35:01 - [TEST_STEP][PASSED] - Statement - batchsize = com.kms.katalon.core.webui.keyword.WebUiBuiltInKeywords.getNumberOfTotalOption(batchlength): 7 options of object '' counted

2018-05-24 19:35:01 - [MESSAGE][PASSED] - 7 options of object '' counted

2018-05-24 19:35:01 - [TEST_STEP][PASSED] - Statement - out.println("BatchSize : " + batchsize): null

2018-05-24 19:35:01 - [TEST_STEP][PASSED] - Statement - For ([n = 1, n <= batchsize - 1, (n++)]): null

2018-05-24 19:35:01 - [TEST_STEP][PASSED] - Statement - product = new com.kms.katalon.core.testobject.TestObject(): null

2018-05-24 19:35:01 - [TEST_STEP][PASSED] - Statement - product = com.kms.katalon.core.webui.keyword.WebUiBuiltInKeywords.modifyObjectProperty(product, "xpath", "equals", "//*[@id = "fldvendor" + row + ""]", true): Modify property of object successfully

2018-05-24 19:35:01 - [MESSAGE][PASSED] - Modify property of object successfully

2018-05-24 19:35:01 - [TEST_STEP][PASSED] - selectOptionByIndex: All options with index in [1] are selected on object ''

2018-05-24 19:35:01 - [MESSAGE][PASSED] - All options with index in [1] are selected on object ''

2018-05-24 19:35:01 - [TEST_STEP][PASSED] - Statement - batch = new com.kms.katalon.core.testobject.TestObject(): null

2018-05-24 19:35:01 - [TEST_STEP][PASSED] - Statement - batch = com.kms.katalon.core.webui.keyword.WebUiBuiltInKeywords.modifyObjectProperty(batch, "xpath", "equals", "//*[@id = "txtbthqty" + row + ""]", true): Modify property of object successfully

2018-05-24 19:35:01 - [MESSAGE][PASSED] - Modify property of object successfully

2018-05-24 19:35:01 - [TEST_STEP][PASSED] - Statement - batchqty = com.kms.katalon.core.webui.keyword.WebUiBuiltInKeywords.getAttribute(batch, "value").trim(): Attribute 'value' of object '' is: '3900'

2018-05-24 19:35:01 - [MESSAGE][PASSED] - Attribute 'value' of object '' is: '3900'

2018-05-24 19:35:01 - [TEST_STEP][PASSED] - Statement - Rqty = 100: null

2018-05-24 19:35:01 - [TEST_STEP][PASSED] - delay: Delayed 2 second(s)

2018-05-24 19:35:03 - [MESSAGE][PASSED] - Delayed 2 second(s)

2018-05-24 19:35:03 - [TEST_STEP][PASSED] - Statement - out.println("BatchQty : " + batchqty): null

2018-05-24 19:35:03 - [TEST_STEP][PASSED] - Statement - out.println("RQty : " + Rqty): null

2018-05-24 19:35:03 - [TEST_STEP][PASSED] - Statement - If (java.lang.Integer.valueOf(batchqty) >= java.lang.Integer.valueOf(Rqty)): null

2018-05-24 19:35:03 - [TEST_STEP][PASSED] - Statement - Break: null

2018-05-24 19:35:03 - [TEST_STEP][PASSED] - Statement - batchlength = new com.kms.katalon.core.testobject.TestObject(): null

2018-05-24 19:35:03 - [TEST_STEP][PASSED] - Statement - batchlength = com.kms.katalon.core.webui.keyword.WebUiBuiltInKeywords.modifyObjectProperty(batchlength, "xpath", "equals", "//*[@id = "fldvendor" + row + ""]", true): Modify property of object successfully

2018-05-24 19:35:03 - [MESSAGE][PASSED] - Modify property of object successfully

2018-05-24 19:35:03 - [TEST_STEP][PASSED] - Statement - batchsize = com.kms.katalon.core.webui.keyword.WebUiBuiltInKeywords.getNumberOfTotalOption(batchlength): 7 options of object '' counted

2018-05-24 19:35:03 - [MESSAGE][PASSED] - 7 options of object '' counted

2018-05-24 19:35:03 - [TEST_STEP][PASSED] - Statement - out.println("BatchSize : " + batchsize): null

2018-05-24 19:35:03 - [TEST_STEP][PASSED] - Statement - For ([n = 1, n <= batchsize - 1, (n++)]): null

2018-05-24 19:35:03 - [TEST_STEP][PASSED] - Statement - product = new com.kms.katalon.core.testobject.TestObject(): null

2018-05-24 19:35:03 - [TEST_STEP][PASSED] - Statement - product = com.kms.katalon.core.webui.keyword.WebUiBuiltInKeywords.modifyObjectProperty(product, "xpath", "equals", "//*[@id = "fldvendor" + row + ""]", true): Modify property of object successfully

2018-05-24 19:35:03 - [MESSAGE][PASSED] - Modify property of object successfully

2018-05-24 19:35:03 - [TEST_STEP][PASSED] - selectOptionByIndex: All options with index in [1] are selected on object ''

2018-05-24 19:35:03 - [MESSAGE][PASSED] - All options with index in [1] are selected on object ''

2018-05-24 19:35:03 - [TEST_STEP][PASSED] - Statement - batch = new com.kms.katalon.core.testobject.TestObject(): null

2018-05-24 19:35:03 - [TEST_STEP][PASSED] - Statement - batch = com.kms.katalon.core.webui.keyword.WebUiBuiltInKeywords.modifyObjectProperty(batch, "xpath", "equals", "//*[@id = "txtbthqty" + row + ""]", true): Modify property of object successfully

2018-05-24 19:35:03 - [MESSAGE][PASSED] - Modify property of object successfully

2018-05-24 19:35:03 - [TEST_STEP][PASSED] - Statement - batchqty = com.kms.katalon.core.webui.keyword.WebUiBuiltInKeywords.getAttribute(batch, "value").trim(): Attribute 'value' of object '' is: '3700'

2018-05-24 19:35:03 - [MESSAGE][PASSED] - Attribute 'value' of object '' is: '3700'

2018-05-24 19:35:03 - [TEST_STEP][PASSED] - Statement - Rqty = 100: null

2018-05-24 19:35:03 - [TEST_STEP][PASSED] - delay: Delayed 2 second(s)

2018-05-24 19:35:05 - [MESSAGE][PASSED] - Delayed 2 second(s)

2018-05-24 19:35:05 - [TEST_STEP][PASSED] - Statement - out.println("BatchQty : " + batchqty): null

2018-05-24 19:35:05 - [TEST_STEP][PASSED] - Statement - out.println("RQty : " + Rqty): null

2018-05-24 19:35:05 - [TEST_STEP][PASSED] - Statement - If (java.lang.Integer.valueOf(batchqty) >= java.lang.Integer.valueOf(Rqty)): null

2018-05-24 19:35:05 - [TEST_STEP][PASSED] - Statement - Break: null

2018-05-24 19:35:05 - [TEST_STEP][PASSED] - Statement - batchlength = new com.kms.katalon.core.testobject.TestObject(): null

2018-05-24 19:35:05 - [TEST_STEP][PASSED] - Statement - batchlength = com.kms.katalon.core.webui.keyword.WebUiBuiltInKeywords.modifyObjectProperty(batchlength, "xpath", "equals", "//*[@id = "fldvendor" + row + ""]", true): Modify property of object successfully

2018-05-24 19:35:05 - [MESSAGE][PASSED] - Modify property of object successfully

2018-05-24 19:35:05 - [TEST_STEP][PASSED] - Statement - batchsize = com.kms.katalon.core.webui.keyword.WebUiBuiltInKeywords.getNumberOfTotalOption(batchlength): 7 options of object '' counted

2018-05-24 19:35:05 - [MESSAGE][PASSED] - 7 options of object '' counted

2018-05-24 19:35:05 - [TEST_STEP][PASSED] - Statement - out.println("BatchSize : " + batchsize): null

2018-05-24 19:35:05 - [TEST_STEP][PASSED] - Statement - For ([n = 1, n <= batchsize - 1, (n++)]): null

2018-05-24 19:35:05 - [TEST_STEP][PASSED] - Statement - product = new com.kms.katalon.core.testobject.TestObject(): null

2018-05-24 19:35:05 - [TEST_STEP][PASSED] - Statement - product = com.kms.katalon.core.webui.keyword.WebUiBuiltInKeywords.modifyObjectProperty(product, "xpath", "equals", "//*[@id = "fldvendor" + row + ""]", true): Modify property of object successfully

2018-05-24 19:35:05 - [MESSAGE][PASSED] - Modify property of object successfully

2018-05-24 19:35:05 - [TEST_STEP][PASSED] - selectOptionByIndex: All options with index in [1] are selected on object ''

2018-05-24 19:35:05 - [MESSAGE][PASSED] - All options with index in [1] are selected on object ''

2018-05-24 19:35:05 - [TEST_STEP][PASSED] - Statement - batch = new com.kms.katalon.core.testobject.TestObject(): null

2018-05-24 19:35:05 - [TEST_STEP][PASSED] - Statement - batch = com.kms.katalon.core.webui.keyword.WebUiBuiltInKeywords.modifyObjectProperty(batch, "xpath", "equals", "//*[@id = "txtbthqty" + row + ""]", true): Modify property of object successfully

2018-05-24 19:35:05 - [MESSAGE][PASSED] - Modify property of object successfully

2018-05-24 19:35:05 - [TEST_STEP][PASSED] - Statement - batchqty = com.kms.katalon.core.webui.keyword.WebUiBuiltInKeywords.getAttribute(batch, "value").trim(): Attribute 'value' of object '' is: '3900'

2018-05-24 19:35:05 - [MESSAGE][PASSED] - Attribute 'value' of object '' is: '3900'

2018-05-24 19:35:05 - [TEST_STEP][PASSED] - Statement - Rqty = 100: null

2018-05-24 19:35:05 - [TEST_STEP][PASSED] - delay: Delayed 2 second(s)

2018-05-24 19:35:07 - [MESSAGE][PASSED] - Delayed 2 second(s)

2018-05-24 19:35:07 - [TEST_STEP][PASSED] - Statement - out.println("BatchQty : " + batchqty): null

2018-05-24 19:35:07 - [TEST_STEP][PASSED] - Statement - out.println("RQty : " + Rqty): null

2018-05-24 19:35:07 - [TEST_STEP][PASSED] - Statement - If (java.lang.Integer.valueOf(batchqty) >= java.lang.Integer.valueOf(Rqty)): null

2018-05-24 19:35:07 - [TEST_STEP][PASSED] - Statement - Break: null

2018-05-24 19:35:07 - [TEST_STEP][PASSED] - Statement - batchlength = new com.kms.katalon.core.testobject.TestObject(): null

2018-05-24 19:35:07 - [TEST_STEP][PASSED] - Statement - batchlength = com.kms.katalon.core.webui.keyword.WebUiBuiltInKeywords.modifyObjectProperty(batchlength, "xpath", "equals", "//*[@id = "fldvendor" + row + ""]", true): Modify property of object successfully

2018-05-24 19:35:07 - [MESSAGE][PASSED] - Modify property of object successfully

2018-05-24 19:35:07 - [TEST_STEP][PASSED] - Statement - batchsize = com.kms.katalon.core.webui.keyword.WebUiBuiltInKeywords.getNumberOfTotalOption(batchlength): 6 options of object '' counted

2018-05-24 19:35:07 - [MESSAGE][PASSED] - 6 options of object '' counted

2018-05-24 19:35:07 - [TEST_STEP][PASSED] - Statement - out.println("BatchSize : " + batchsize): null

2018-05-24 19:35:07 - [TEST_STEP][PASSED] - Statement - For ([n = 1, n <= batchsize - 1, (n++)]): null

2018-05-24 19:35:07 - [TEST_STEP][PASSED] - Statement - product = new com.kms.katalon.core.testobject.TestObject(): null

2018-05-24 19:35:07 - [TEST_STEP][PASSED] - Statement - product = com.kms.katalon.core.webui.keyword.WebUiBuiltInKeywords.modifyObjectProperty(product, "xpath", "equals", "//*[@id = "fldvendor" + row + ""]", true): Modify property of object successfully

2018-05-24 19:35:07 - [MESSAGE][PASSED] - Modify property of object successfully

2018-05-24 19:35:07 - [TEST_STEP][PASSED] - selectOptionByIndex: All options with index in [1] are selected on object ''

2018-05-24 19:35:08 - [MESSAGE][PASSED] - All options with index in [1] are selected on object ''

2018-05-24 19:35:08 - [TEST_STEP][PASSED] - Statement - batch = new com.kms.katalon.core.testobject.TestObject(): null

2018-05-24 19:35:08 - [TEST_STEP][PASSED] - Statement - batch = com.kms.katalon.core.webui.keyword.WebUiBuiltInKeywords.modifyObjectProperty(batch, "xpath", "equals", "//*[@id = "txtbthqty" + row + ""]", true): Modify property of object successfully

2018-05-24 19:35:08 - [MESSAGE][PASSED] - Modify property of object successfully

2018-05-24 19:35:08 - [TEST_STEP][PASSED] - Statement - batchqty = com.kms.katalon.core.webui.keyword.WebUiBuiltInKeywords.getAttribute(batch, "value").trim(): Attribute 'value' of object '' is: '38800'

2018-05-24 19:35:08 - [MESSAGE][PASSED] - Attribute 'value' of object '' is: '38800'

2018-05-24 19:35:08 - [TEST_STEP][PASSED] - Statement - Rqty = 100: null

2018-05-24 19:35:08 - [TEST_STEP][PASSED] - delay: Delayed 2 second(s)

2018-05-24 19:35:10 - [MESSAGE][PASSED] - Delayed 2 second(s)

2018-05-24 19:35:10 - [TEST_STEP][PASSED] - Statement - out.println("BatchQty : " + batchqty): null

2018-05-24 19:35:10 - [TEST_STEP][PASSED] - Statement - out.println("RQty : " + Rqty): null

2018-05-24 19:35:10 - [TEST_STEP][PASSED] - Statement - If (java.lang.Integer.valueOf(batchqty) >= java.lang.Integer.valueOf(Rqty)): null

2018-05-24 19:35:10 - [TEST_STEP][PASSED] - Statement - Break: null

2018-05-24 19:35:10 - [TEST_STEP][PASSED] - delay: Delayed 2 second(s)

2018-05-24 19:35:12 - [MESSAGE][PASSED] - Delayed 2 second(s)

2018-05-24 19:35:12 - [TEST_STEP][PASSED] - click: Object: 'Object Repository/DispensaryToCms/Page_KDMC - CMS/input_btndispatch' is clicked on

2018-05-24 19:35:12 - [MESSAGE][PASSED] - Object: 'Object Repository/DispensaryToCms/Page_KDMC - CMS/input_btndispatch' is clicked on

2018-05-24 19:35:12 - [TEST_STEP][PASSED] - delay: Delayed 3 second(s)

2018-05-24 19:35:15 - [MESSAGE][PASSED] - Delayed 3 second(s)

2018-05-24 19:35:15 - [TEST_STEP][PASSED] - click: Object: 'Object Repository/DispensaryToCms/Page_KDMC - CMS/button_OK' is clicked on

2018-05-24 19:35:15 - [MESSAGE][PASSED] - Object: 'Object Repository/DispensaryToCms/Page_KDMC - CMS/button_OK' is clicked on

2018-05-24 19:35:15 - [TEST_STEP][PASSED] - delay: Delayed 3 second(s)

2018-05-24 19:35:18 - [MESSAGE][PASSED] - Delayed 3 second(s)

2018-05-24 19:35:18 - [TEST_STEP][PASSED] - click: Object: 'Object Repository/DispensaryToCms/Page_KDMC - CMS/a_dropdown-toggle' is clicked on

2018-05-24 19:35:19 - [MESSAGE][PASSED] - Object: 'Object Repository/DispensaryToCms/Page_KDMC - CMS/a_dropdown-toggle' is clicked on

2018-05-24 19:35:19 - [TEST_STEP][PASSED] - click: Object: 'Object Repository/DispensaryToCms/Page_KDMC - CMS/a_Sign out' is clicked on

2018-05-24 19:35:19 - [MESSAGE][PASSED] - Object: 'Object Repository/DispensaryToCms/Page_KDMC - CMS/a_Sign out' is clicked on

2018-05-24 19:35:19 - [TEST_STEP][PASSED] - delay: Delayed 3 second(s)

2018-05-24 19:35:22 - [MESSAGE][PASSED] - Delayed 3 second(s)

2018-05-24 19:35:22 - [TEST_STEP][PASSED] - navigateToUrl: Navigate to 'http://192.168.137.1/multihospital_new/HDSplashscreen.aspx' successfully

2018-05-24 19:35:22 - [MESSAGE][PASSED] - Navigate to 'http://192.168.137.1/multihospital_new/HDSplashscreen.aspx' successfully

2018-05-24 19:35:22 - [TEST_STEP][PASSED] - click: Object: 'Object Repository/DispensaryToCms/Page_KDMC/a_Dispensary Store' is clicked on

2018-05-24 19:35:23 - [MESSAGE][PASSED] - Object: 'Object Repository/DispensaryToCms/Page_KDMC/a_Dispensary Store' is clicked on

2018-05-24 19:35:23 - [TEST_STEP][PASSED] - setText: Text 'rajaram' is set on object 'Object Repository/DispensaryToCms/Page_Dispensary Store Login/input_txtusername'

2018-05-24 19:35:23 - [MESSAGE][PASSED] - Text 'rajaram' is set on object 'Object Repository/DispensaryToCms/Page_Dispensary Store Login/input_txtusername'

2018-05-24 19:35:23 - [TEST_STEP][PASSED] - setText: Text '123' is set on object 'Object Repository/DispensaryToCms/Page_Dispensary Store Login/input_txtpassword'

2018-05-24 19:35:23 - [MESSAGE][PASSED] - Text '123' is set on object 'Object Repository/DispensaryToCms/Page_Dispensary Store Login/input_txtpassword'

2018-05-24 19:35:23 - [TEST_STEP][PASSED] - delay: Delayed 3 second(s)

2018-05-24 19:35:26 - [MESSAGE][PASSED] - Delayed 3 second(s)

2018-05-24 19:35:26 - [TEST_STEP][PASSED] - click: Object: 'Object Repository/DispensaryToCms/Page_Dispensary Store Login/button_Sign in' is clicked on

2018-05-24 19:35:27 - [MESSAGE][PASSED] - Object: 'Object Repository/DispensaryToCms/Page_Dispensary Store Login/button_Sign in' is clicked on

2018-05-24 19:35:27 - [TEST_STEP][PASSED] - delay: Delayed 3 second(s)

2018-05-24 19:35:30 - [MESSAGE][PASSED] - Delayed 3 second(s)

2018-05-24 19:35:30 - [TEST_STEP][PASSED] - click: Object: 'Object Repository/DispensaryToCms/Page_Dispensary Store/a_CMS' is clicked on

2018-05-24 19:35:30 - [MESSAGE][PASSED] - Object: 'Object Repository/DispensaryToCms/Page_Dispensary Store/a_CMS' is clicked on

2018-05-24 19:35:30 - [TEST_STEP][PASSED] - delay: Delayed 2 second(s)

2018-05-24 19:35:32 - [MESSAGE][PASSED] - Delayed 2 second(s)

2018-05-24 19:35:32 - [TEST_STEP][PASSED] - click: Object: 'Object Repository/DispensaryToCms/Page_Dispensary Store/a_Receiving Goods' is clicked on

2018-05-24 19:35:32 - [MESSAGE][PASSED] - Object: 'Object Repository/DispensaryToCms/Page_Dispensary Store/a_Receiving Goods' is clicked on

2018-05-24 19:35:32 - [TEST_STEP][PASSED] - setText: Text 'PRNO/24052018/378' is set on object 'Object Repository/DispensaryToCms/Page_Dispensary Store/input'

2018-05-24 19:35:33 - [MESSAGE][PASSED] - Text 'PRNO/24052018/378' is set on object 'Object Repository/DispensaryToCms/Page_Dispensary Store/input'

2018-05-24 19:35:33 - [TEST_STEP][PASSED] - click: Object: 'Object Repository/DispensaryToCms/Page_Dispensary Store/input_PRNO18052018174' is clicked on

2018-05-24 19:35:33 - [MESSAGE][PASSED] - Object: 'Object Repository/DispensaryToCms/Page_Dispensary Store/input_PRNO18052018174' is clicked on

2018-05-24 19:35:33 - [TEST_STEP][PASSED] - delay: Delayed 2 second(s)

2018-05-24 19:35:35 - [MESSAGE][PASSED] - Delayed 2 second(s)

2018-05-24 19:35:35 - [TEST_STEP][PASSED] - click: Object: 'Object Repository/DispensaryToCms/Page_Dispensary Store/input_chkrem' is clicked on

2018-05-24 19:35:35 - [MESSAGE][PASSED] - Object: 'Object Repository/DispensaryToCms/Page_Dispensary Store/input_chkrem' is clicked on

2018-05-24 19:35:35 - [TEST_STEP][PASSED] - scrollToElement: Scroll to object 'Object Repository/DispensaryToCms/Page_Dispensary Store/input_btchkroqadd' successfully

2018-05-24 19:35:35 - [MESSAGE][PASSED] - Scroll to object 'Object Repository/DispensaryToCms/Page_Dispensary Store/input_btchkroqadd' successfully

2018-05-24 19:35:35 - [TEST_STEP][PASSED] - click: Object: 'Object Repository/DispensaryToCms/Page_Dispensary Store/input_btchkroqadd' is clicked on

2018-05-24 19:35:35 - [MESSAGE][PASSED] - Object: 'Object Repository/DispensaryToCms/Page_Dispensary Store/input_btchkroqadd' is clicked on

2018-05-24 19:35:35 - [TEST_STEP][PASSED] - delay: Delayed 2 second(s)

2018-05-24 19:35:37 - [MESSAGE][PASSED] - Delayed 2 second(s)

2018-05-24 19:35:37 - [TEST_STEP][PASSED] - refresh: Refresh successfully

2018-05-24 19:35:38 - [MESSAGE][PASSED] - Refresh successfully

2018-05-24 19:35:38 - [TEST_STEP][PASSED] - delay: Delayed 3 second(s)

2018-05-24 19:35:41 - [MESSAGE][PASSED] - Delayed 3 second(s)

2018-05-24 19:35:41 - [TEST_STEP][PASSED] - waitForElementPresent: Object 'Object Repository/DispensaryToCms/Page_Dispensary Store/a_dropdown-toggle' is present

2018-05-24 19:35:41 - [MESSAGE][PASSED] - Object 'Object Repository/DispensaryToCms/Page_Dispensary Store/a_dropdown-toggle' is present

2018-05-24 19:35:41 - [TEST_STEP][PASSED] - click: Object: 'Object Repository/DispensaryToCms/Page_Dispensary Store/a_dropdown-toggle' is clicked on

2018-05-24 19:35:41 - [MESSAGE][PASSED] - Object: 'Object Repository/DispensaryToCms/Page_Dispensary Store/a_dropdown-toggle' is clicked on

2018-05-24 19:35:41 - [TEST_STEP][PASSED] - click: Object: 'Object Repository/DispensaryToCms/Page_Dispensary Store/a_Sign out' is clicked on

2018-05-24 19:35:42 - [MESSAGE][PASSED] - Object: 'Object Repository/DispensaryToCms/Page_Dispensary Store/a_Sign out' is clicked on

2018-05-24 19:35:42 - [TEST_STEP][PASSED] - closeBrowser: Browser is closed

2018-05-24 19:35:43 - [MESSAGE][PASSED] - Browser is closed]]></system-out>
         <system-err><![CDATA[]]></system-err>
      </testcase>
      <testcase name="Test Cases/DISPENSARY TEST CASES/TC_DP_019 Verify Schedule 7 Dispensary To CMS Request Are Working Successfully Or Not" classname="Test Cases/DISPENSARY TEST CASES/TC_DP_019 Verify Schedule 7 Dispensary To CMS Request Are Working Successfully Or Not" status="PASSED">
         <system-out><![CDATA[2018-05-24 19:35:43 - [TEST_CASE][PASSED] - Test Cases/DISPENSARY TEST CASES/TC_DP_019 Verify Schedule 7 Dispensary To CMS Request Are Working Successfully Or Not: Test Cases/DISPENSARY TEST CASES/TC_DP_019 Verify Schedule 7 Dispensary To CMS Request Are Working Successfully Or Not

2018-05-24 19:35:43 - [TEST_STEP][PASSED] - openBrowser: Browser is opened with url: ''

2018-05-24 19:35:45 - [MESSAGE][PASSED] - Browser is opened with url: ''

2018-05-24 19:35:45 - [TEST_STEP][PASSED] - navigateToUrl: Navigate to 'http://192.168.137.1/multihospital_new/HDSplashscreen.aspx' successfully

2018-05-24 19:35:48 - [MESSAGE][PASSED] - Navigate to 'http://192.168.137.1/multihospital_new/HDSplashscreen.aspx' successfully

2018-05-24 19:35:48 - [TEST_STEP][PASSED] - maximizeWindow: Current window maximized

2018-05-24 19:35:49 - [MESSAGE][PASSED] - Current window maximized

2018-05-24 19:35:49 - [TEST_STEP][PASSED] - click: Object: 'Object Repository/DispensaryToCms/Page_KDMC/a_Dispensary Store' is clicked on

2018-05-24 19:35:50 - [MESSAGE][PASSED] - Object: 'Object Repository/DispensaryToCms/Page_KDMC/a_Dispensary Store' is clicked on

2018-05-24 19:35:50 - [TEST_STEP][PASSED] - setText: Text 'rajaram' is set on object 'Object Repository/DispensaryToCms/Page_Dispensary Store Login/input_txtusername'

2018-05-24 19:35:50 - [MESSAGE][PASSED] - Text 'rajaram' is set on object 'Object Repository/DispensaryToCms/Page_Dispensary Store Login/input_txtusername'

2018-05-24 19:35:50 - [TEST_STEP][PASSED] - setText: Text '123' is set on object 'Object Repository/DispensaryToCms/Page_Dispensary Store Login/input_txtpassword'

2018-05-24 19:35:50 - [MESSAGE][PASSED] - Text '123' is set on object 'Object Repository/DispensaryToCms/Page_Dispensary Store Login/input_txtpassword'

2018-05-24 19:35:50 - [TEST_STEP][PASSED] - delay: Delayed 3 second(s)

2018-05-24 19:35:53 - [MESSAGE][PASSED] - Delayed 3 second(s)

2018-05-24 19:35:53 - [TEST_STEP][PASSED] - click: Object: 'Object Repository/DispensaryToCms/Page_Dispensary Store Login/button_Sign in' is clicked on

2018-05-24 19:35:54 - [MESSAGE][PASSED] - Object: 'Object Repository/DispensaryToCms/Page_Dispensary Store Login/button_Sign in' is clicked on

2018-05-24 19:35:54 - [TEST_STEP][PASSED] - delay: Delayed 3 second(s)

2018-05-24 19:35:57 - [MESSAGE][PASSED] - Delayed 3 second(s)

2018-05-24 19:35:57 - [TEST_STEP][PASSED] - click: Object: 'Object Repository/DispensaryToCms/Page_Dispensary Store/a_CMS' is clicked on

2018-05-24 19:35:57 - [MESSAGE][PASSED] - Object: 'Object Repository/DispensaryToCms/Page_Dispensary Store/a_CMS' is clicked on

2018-05-24 19:35:57 - [TEST_STEP][PASSED] - click: Object: 'Object Repository/DispensaryToCms/Page_Dispensary Store/a_Request Send' is clicked on

2018-05-24 19:35:57 - [MESSAGE][PASSED] - Object: 'Object Repository/DispensaryToCms/Page_Dispensary Store/a_Request Send' is clicked on

2018-05-24 19:35:57 - [TEST_STEP][PASSED] - delay: Delayed 2 second(s)

2018-05-24 19:35:59 - [MESSAGE][PASSED] - Delayed 2 second(s)

2018-05-24 19:35:59 - [TEST_STEP][PASSED] - selectOptionByIndex: All options with index in [2] are selected on object 'Object Repository/DispensaryToCms/Page_Dispensary Store/select_--Select--'

2018-05-24 19:35:59 - [MESSAGE][PASSED] - All options with index in [2] are selected on object 'Object Repository/DispensaryToCms/Page_Dispensary Store/select_--Select--'

2018-05-24 19:35:59 - [TEST_STEP][PASSED] - selectOptionByIndex: All options with index in [7] are selected on object 'Object Repository/DispensaryToCms/Page_Dispensary Store/select_--Select--Schedule 1Inj'

2018-05-24 19:36:00 - [MESSAGE][PASSED] - All options with index in [7] are selected on object 'Object Repository/DispensaryToCms/Page_Dispensary Store/select_--Select--Schedule 1Inj'

2018-05-24 19:36:00 - [TEST_STEP][PASSED] - Statement - medicineslength = com.kms.katalon.core.webui.keyword.WebUiBuiltInKeywords.getNumberOfTotalOption(com.kms.katalon.core.testobject.ObjectRepository.findTestObject(DispensaryToCms/Page_Dispensary Store/select_--Select--Adernaline 0.)): 24 options of object 'Object Repository/DispensaryToCms/Page_Dispensary Store/select_--Select--Adernaline 0.' counted

2018-05-24 19:36:00 - [MESSAGE][PASSED] - 24 options of object 'Object Repository/DispensaryToCms/Page_Dispensary Store/select_--Select--Adernaline 0.' counted

2018-05-24 19:36:00 - [TEST_STEP][PASSED] - Statement - For ([e = 1, e <= medicineslength - 1, (e++)]): Object: 'Object Repository/DispensaryToCms/Page_Dispensary Store/button_Add' is clicked on

2018-05-24 19:36:00 - [TEST_STEP][PASSED] - selectOptionByIndex: All options with index in [7] are selected on object 'Object Repository/DispensaryToCms/Page_Dispensary Store/select_--Select--Schedule 1Inj'

2018-05-24 19:36:00 - [MESSAGE][PASSED] - All options with index in [7] are selected on object 'Object Repository/DispensaryToCms/Page_Dispensary Store/select_--Select--Schedule 1Inj'

2018-05-24 19:36:00 - [TEST_STEP][PASSED] - selectOptionByIndex: All options with index in [1] are selected on object 'Object Repository/DispensaryToCms/Page_Dispensary Store/select_--Select--Adernaline 0.'

2018-05-24 19:36:00 - [MESSAGE][PASSED] - All options with index in [1] are selected on object 'Object Repository/DispensaryToCms/Page_Dispensary Store/select_--Select--Adernaline 0.'

2018-05-24 19:36:00 - [TEST_STEP][PASSED] - setText: Text '100' is set on object 'Object Repository/DispensaryToCms/Page_Dispensary Store/input_txttreat'

2018-05-24 19:36:00 - [MESSAGE][PASSED] - Text '100' is set on object 'Object Repository/DispensaryToCms/Page_Dispensary Store/input_txttreat'

2018-05-24 19:36:00 - [TEST_STEP][PASSED] - click: Object: 'Object Repository/DispensaryToCms/Page_Dispensary Store/button_Add' is clicked on

2018-05-24 19:36:00 - [MESSAGE][PASSED] - Object: 'Object Repository/DispensaryToCms/Page_Dispensary Store/button_Add' is clicked on

2018-05-24 19:36:00 - [TEST_STEP][PASSED] - selectOptionByIndex: All options with index in [7] are selected on object 'Object Repository/DispensaryToCms/Page_Dispensary Store/select_--Select--Schedule 1Inj'

2018-05-24 19:36:00 - [MESSAGE][PASSED] - All options with index in [7] are selected on object 'Object Repository/DispensaryToCms/Page_Dispensary Store/select_--Select--Schedule 1Inj'

2018-05-24 19:36:00 - [TEST_STEP][PASSED] - selectOptionByIndex: All options with index in [2] are selected on object 'Object Repository/DispensaryToCms/Page_Dispensary Store/select_--Select--Adernaline 0.'

2018-05-24 19:36:01 - [MESSAGE][PASSED] - All options with index in [2] are selected on object 'Object Repository/DispensaryToCms/Page_Dispensary Store/select_--Select--Adernaline 0.'

2018-05-24 19:36:01 - [TEST_STEP][PASSED] - setText: Text '100' is set on object 'Object Repository/DispensaryToCms/Page_Dispensary Store/input_txttreat'

2018-05-24 19:36:01 - [MESSAGE][PASSED] - Text '100' is set on object 'Object Repository/DispensaryToCms/Page_Dispensary Store/input_txttreat'

2018-05-24 19:36:01 - [TEST_STEP][PASSED] - click: Object: 'Object Repository/DispensaryToCms/Page_Dispensary Store/button_Add' is clicked on

2018-05-24 19:36:01 - [MESSAGE][PASSED] - Object: 'Object Repository/DispensaryToCms/Page_Dispensary Store/button_Add' is clicked on

2018-05-24 19:36:01 - [TEST_STEP][PASSED] - selectOptionByIndex: All options with index in [7] are selected on object 'Object Repository/DispensaryToCms/Page_Dispensary Store/select_--Select--Schedule 1Inj'

2018-05-24 19:36:01 - [MESSAGE][PASSED] - All options with index in [7] are selected on object 'Object Repository/DispensaryToCms/Page_Dispensary Store/select_--Select--Schedule 1Inj'

2018-05-24 19:36:01 - [TEST_STEP][PASSED] - selectOptionByIndex: All options with index in [3] are selected on object 'Object Repository/DispensaryToCms/Page_Dispensary Store/select_--Select--Adernaline 0.'

2018-05-24 19:36:01 - [MESSAGE][PASSED] - All options with index in [3] are selected on object 'Object Repository/DispensaryToCms/Page_Dispensary Store/select_--Select--Adernaline 0.'

2018-05-24 19:36:01 - [TEST_STEP][PASSED] - setText: Text '100' is set on object 'Object Repository/DispensaryToCms/Page_Dispensary Store/input_txttreat'

2018-05-24 19:36:01 - [MESSAGE][PASSED] - Text '100' is set on object 'Object Repository/DispensaryToCms/Page_Dispensary Store/input_txttreat'

2018-05-24 19:36:01 - [TEST_STEP][PASSED] - click: Object: 'Object Repository/DispensaryToCms/Page_Dispensary Store/button_Add' is clicked on

2018-05-24 19:36:01 - [MESSAGE][PASSED] - Object: 'Object Repository/DispensaryToCms/Page_Dispensary Store/button_Add' is clicked on

2018-05-24 19:36:01 - [TEST_STEP][PASSED] - selectOptionByIndex: All options with index in [7] are selected on object 'Object Repository/DispensaryToCms/Page_Dispensary Store/select_--Select--Schedule 1Inj'

2018-05-24 19:36:01 - [MESSAGE][PASSED] - All options with index in [7] are selected on object 'Object Repository/DispensaryToCms/Page_Dispensary Store/select_--Select--Schedule 1Inj'

2018-05-24 19:36:01 - [TEST_STEP][PASSED] - selectOptionByIndex: All options with index in [4] are selected on object 'Object Repository/DispensaryToCms/Page_Dispensary Store/select_--Select--Adernaline 0.'

2018-05-24 19:36:02 - [MESSAGE][PASSED] - All options with index in [4] are selected on object 'Object Repository/DispensaryToCms/Page_Dispensary Store/select_--Select--Adernaline 0.'

2018-05-24 19:36:02 - [TEST_STEP][PASSED] - setText: Text '100' is set on object 'Object Repository/DispensaryToCms/Page_Dispensary Store/input_txttreat'

2018-05-24 19:36:02 - [MESSAGE][PASSED] - Text '100' is set on object 'Object Repository/DispensaryToCms/Page_Dispensary Store/input_txttreat'

2018-05-24 19:36:02 - [TEST_STEP][PASSED] - click: Object: 'Object Repository/DispensaryToCms/Page_Dispensary Store/button_Add' is clicked on

2018-05-24 19:36:02 - [MESSAGE][PASSED] - Object: 'Object Repository/DispensaryToCms/Page_Dispensary Store/button_Add' is clicked on

2018-05-24 19:36:02 - [TEST_STEP][PASSED] - selectOptionByIndex: All options with index in [7] are selected on object 'Object Repository/DispensaryToCms/Page_Dispensary Store/select_--Select--Schedule 1Inj'

2018-05-24 19:36:02 - [MESSAGE][PASSED] - All options with index in [7] are selected on object 'Object Repository/DispensaryToCms/Page_Dispensary Store/select_--Select--Schedule 1Inj'

2018-05-24 19:36:02 - [TEST_STEP][PASSED] - selectOptionByIndex: All options with index in [5] are selected on object 'Object Repository/DispensaryToCms/Page_Dispensary Store/select_--Select--Adernaline 0.'

2018-05-24 19:36:02 - [MESSAGE][PASSED] - All options with index in [5] are selected on object 'Object Repository/DispensaryToCms/Page_Dispensary Store/select_--Select--Adernaline 0.'

2018-05-24 19:36:02 - [TEST_STEP][PASSED] - setText: Text '100' is set on object 'Object Repository/DispensaryToCms/Page_Dispensary Store/input_txttreat'

2018-05-24 19:36:02 - [MESSAGE][PASSED] - Text '100' is set on object 'Object Repository/DispensaryToCms/Page_Dispensary Store/input_txttreat'

2018-05-24 19:36:02 - [TEST_STEP][PASSED] - click: Object: 'Object Repository/DispensaryToCms/Page_Dispensary Store/button_Add' is clicked on

2018-05-24 19:36:02 - [MESSAGE][PASSED] - Object: 'Object Repository/DispensaryToCms/Page_Dispensary Store/button_Add' is clicked on

2018-05-24 19:36:02 - [TEST_STEP][PASSED] - selectOptionByIndex: All options with index in [7] are selected on object 'Object Repository/DispensaryToCms/Page_Dispensary Store/select_--Select--Schedule 1Inj'

2018-05-24 19:36:02 - [MESSAGE][PASSED] - All options with index in [7] are selected on object 'Object Repository/DispensaryToCms/Page_Dispensary Store/select_--Select--Schedule 1Inj'

2018-05-24 19:36:02 - [TEST_STEP][PASSED] - selectOptionByIndex: All options with index in [6] are selected on object 'Object Repository/DispensaryToCms/Page_Dispensary Store/select_--Select--Adernaline 0.'

2018-05-24 19:36:03 - [MESSAGE][PASSED] - All options with index in [6] are selected on object 'Object Repository/DispensaryToCms/Page_Dispensary Store/select_--Select--Adernaline 0.'

2018-05-24 19:36:03 - [TEST_STEP][PASSED] - setText: Text '100' is set on object 'Object Repository/DispensaryToCms/Page_Dispensary Store/input_txttreat'

2018-05-24 19:36:03 - [MESSAGE][PASSED] - Text '100' is set on object 'Object Repository/DispensaryToCms/Page_Dispensary Store/input_txttreat'

2018-05-24 19:36:03 - [TEST_STEP][PASSED] - click: Object: 'Object Repository/DispensaryToCms/Page_Dispensary Store/button_Add' is clicked on

2018-05-24 19:36:03 - [MESSAGE][PASSED] - Object: 'Object Repository/DispensaryToCms/Page_Dispensary Store/button_Add' is clicked on

2018-05-24 19:36:03 - [TEST_STEP][PASSED] - selectOptionByIndex: All options with index in [7] are selected on object 'Object Repository/DispensaryToCms/Page_Dispensary Store/select_--Select--Schedule 1Inj'

2018-05-24 19:36:03 - [MESSAGE][PASSED] - All options with index in [7] are selected on object 'Object Repository/DispensaryToCms/Page_Dispensary Store/select_--Select--Schedule 1Inj'

2018-05-24 19:36:03 - [TEST_STEP][PASSED] - selectOptionByIndex: All options with index in [7] are selected on object 'Object Repository/DispensaryToCms/Page_Dispensary Store/select_--Select--Adernaline 0.'

2018-05-24 19:36:03 - [MESSAGE][PASSED] - All options with index in [7] are selected on object 'Object Repository/DispensaryToCms/Page_Dispensary Store/select_--Select--Adernaline 0.'

2018-05-24 19:36:03 - [TEST_STEP][PASSED] - setText: Text '100' is set on object 'Object Repository/DispensaryToCms/Page_Dispensary Store/input_txttreat'

2018-05-24 19:36:03 - [MESSAGE][PASSED] - Text '100' is set on object 'Object Repository/DispensaryToCms/Page_Dispensary Store/input_txttreat'

2018-05-24 19:36:03 - [TEST_STEP][PASSED] - click: Object: 'Object Repository/DispensaryToCms/Page_Dispensary Store/button_Add' is clicked on

2018-05-24 19:36:03 - [MESSAGE][PASSED] - Object: 'Object Repository/DispensaryToCms/Page_Dispensary Store/button_Add' is clicked on

2018-05-24 19:36:03 - [TEST_STEP][PASSED] - selectOptionByIndex: All options with index in [7] are selected on object 'Object Repository/DispensaryToCms/Page_Dispensary Store/select_--Select--Schedule 1Inj'

2018-05-24 19:36:04 - [MESSAGE][PASSED] - All options with index in [7] are selected on object 'Object Repository/DispensaryToCms/Page_Dispensary Store/select_--Select--Schedule 1Inj'

2018-05-24 19:36:04 - [TEST_STEP][PASSED] - selectOptionByIndex: All options with index in [8] are selected on object 'Object Repository/DispensaryToCms/Page_Dispensary Store/select_--Select--Adernaline 0.'

2018-05-24 19:36:04 - [MESSAGE][PASSED] - All options with index in [8] are selected on object 'Object Repository/DispensaryToCms/Page_Dispensary Store/select_--Select--Adernaline 0.'

2018-05-24 19:36:04 - [TEST_STEP][PASSED] - setText: Text '100' is set on object 'Object Repository/DispensaryToCms/Page_Dispensary Store/input_txttreat'

2018-05-24 19:36:04 - [MESSAGE][PASSED] - Text '100' is set on object 'Object Repository/DispensaryToCms/Page_Dispensary Store/input_txttreat'

2018-05-24 19:36:04 - [TEST_STEP][PASSED] - click: Object: 'Object Repository/DispensaryToCms/Page_Dispensary Store/button_Add' is clicked on

2018-05-24 19:36:04 - [MESSAGE][PASSED] - Object: 'Object Repository/DispensaryToCms/Page_Dispensary Store/button_Add' is clicked on

2018-05-24 19:36:04 - [TEST_STEP][PASSED] - selectOptionByIndex: All options with index in [7] are selected on object 'Object Repository/DispensaryToCms/Page_Dispensary Store/select_--Select--Schedule 1Inj'

2018-05-24 19:36:04 - [MESSAGE][PASSED] - All options with index in [7] are selected on object 'Object Repository/DispensaryToCms/Page_Dispensary Store/select_--Select--Schedule 1Inj'

2018-05-24 19:36:04 - [TEST_STEP][PASSED] - selectOptionByIndex: All options with index in [9] are selected on object 'Object Repository/DispensaryToCms/Page_Dispensary Store/select_--Select--Adernaline 0.'

2018-05-24 19:36:04 - [MESSAGE][PASSED] - All options with index in [9] are selected on object 'Object Repository/DispensaryToCms/Page_Dispensary Store/select_--Select--Adernaline 0.'

2018-05-24 19:36:04 - [TEST_STEP][PASSED] - setText: Text '100' is set on object 'Object Repository/DispensaryToCms/Page_Dispensary Store/input_txttreat'

2018-05-24 19:36:04 - [MESSAGE][PASSED] - Text '100' is set on object 'Object Repository/DispensaryToCms/Page_Dispensary Store/input_txttreat'

2018-05-24 19:36:04 - [TEST_STEP][PASSED] - click: Object: 'Object Repository/DispensaryToCms/Page_Dispensary Store/button_Add' is clicked on

2018-05-24 19:36:04 - [MESSAGE][PASSED] - Object: 'Object Repository/DispensaryToCms/Page_Dispensary Store/button_Add' is clicked on

2018-05-24 19:36:04 - [TEST_STEP][PASSED] - selectOptionByIndex: All options with index in [7] are selected on object 'Object Repository/DispensaryToCms/Page_Dispensary Store/select_--Select--Schedule 1Inj'

2018-05-24 19:36:05 - [MESSAGE][PASSED] - All options with index in [7] are selected on object 'Object Repository/DispensaryToCms/Page_Dispensary Store/select_--Select--Schedule 1Inj'

2018-05-24 19:36:05 - [TEST_STEP][PASSED] - selectOptionByIndex: All options with index in [10] are selected on object 'Object Repository/DispensaryToCms/Page_Dispensary Store/select_--Select--Adernaline 0.'

2018-05-24 19:36:05 - [MESSAGE][PASSED] - All options with index in [10] are selected on object 'Object Repository/DispensaryToCms/Page_Dispensary Store/select_--Select--Adernaline 0.'

2018-05-24 19:36:05 - [TEST_STEP][PASSED] - setText: Text '100' is set on object 'Object Repository/DispensaryToCms/Page_Dispensary Store/input_txttreat'

2018-05-24 19:36:05 - [MESSAGE][PASSED] - Text '100' is set on object 'Object Repository/DispensaryToCms/Page_Dispensary Store/input_txttreat'

2018-05-24 19:36:05 - [TEST_STEP][PASSED] - click: Object: 'Object Repository/DispensaryToCms/Page_Dispensary Store/button_Add' is clicked on

2018-05-24 19:36:05 - [MESSAGE][PASSED] - Object: 'Object Repository/DispensaryToCms/Page_Dispensary Store/button_Add' is clicked on

2018-05-24 19:36:05 - [TEST_STEP][PASSED] - selectOptionByIndex: All options with index in [7] are selected on object 'Object Repository/DispensaryToCms/Page_Dispensary Store/select_--Select--Schedule 1Inj'

2018-05-24 19:36:05 - [MESSAGE][PASSED] - All options with index in [7] are selected on object 'Object Repository/DispensaryToCms/Page_Dispensary Store/select_--Select--Schedule 1Inj'

2018-05-24 19:36:05 - [TEST_STEP][PASSED] - selectOptionByIndex: All options with index in [11] are selected on object 'Object Repository/DispensaryToCms/Page_Dispensary Store/select_--Select--Adernaline 0.'

2018-05-24 19:36:06 - [MESSAGE][PASSED] - All options with index in [11] are selected on object 'Object Repository/DispensaryToCms/Page_Dispensary Store/select_--Select--Adernaline 0.'

2018-05-24 19:36:06 - [TEST_STEP][PASSED] - setText: Text '100' is set on object 'Object Repository/DispensaryToCms/Page_Dispensary Store/input_txttreat'

2018-05-24 19:36:06 - [MESSAGE][PASSED] - Text '100' is set on object 'Object Repository/DispensaryToCms/Page_Dispensary Store/input_txttreat'

2018-05-24 19:36:06 - [TEST_STEP][PASSED] - click: Object: 'Object Repository/DispensaryToCms/Page_Dispensary Store/button_Add' is clicked on

2018-05-24 19:36:06 - [MESSAGE][PASSED] - Object: 'Object Repository/DispensaryToCms/Page_Dispensary Store/button_Add' is clicked on

2018-05-24 19:36:06 - [TEST_STEP][PASSED] - selectOptionByIndex: All options with index in [7] are selected on object 'Object Repository/DispensaryToCms/Page_Dispensary Store/select_--Select--Schedule 1Inj'

2018-05-24 19:36:06 - [MESSAGE][PASSED] - All options with index in [7] are selected on object 'Object Repository/DispensaryToCms/Page_Dispensary Store/select_--Select--Schedule 1Inj'

2018-05-24 19:36:06 - [TEST_STEP][PASSED] - selectOptionByIndex: All options with index in [12] are selected on object 'Object Repository/DispensaryToCms/Page_Dispensary Store/select_--Select--Adernaline 0.'

2018-05-24 19:36:06 - [MESSAGE][PASSED] - All options with index in [12] are selected on object 'Object Repository/DispensaryToCms/Page_Dispensary Store/select_--Select--Adernaline 0.'

2018-05-24 19:36:06 - [TEST_STEP][PASSED] - setText: Text '100' is set on object 'Object Repository/DispensaryToCms/Page_Dispensary Store/input_txttreat'

2018-05-24 19:36:06 - [MESSAGE][PASSED] - Text '100' is set on object 'Object Repository/DispensaryToCms/Page_Dispensary Store/input_txttreat'

2018-05-24 19:36:06 - [TEST_STEP][PASSED] - click: Object: 'Object Repository/DispensaryToCms/Page_Dispensary Store/button_Add' is clicked on

2018-05-24 19:36:06 - [MESSAGE][PASSED] - Object: 'Object Repository/DispensaryToCms/Page_Dispensary Store/button_Add' is clicked on

2018-05-24 19:36:06 - [TEST_STEP][PASSED] - selectOptionByIndex: All options with index in [7] are selected on object 'Object Repository/DispensaryToCms/Page_Dispensary Store/select_--Select--Schedule 1Inj'

2018-05-24 19:36:06 - [MESSAGE][PASSED] - All options with index in [7] are selected on object 'Object Repository/DispensaryToCms/Page_Dispensary Store/select_--Select--Schedule 1Inj'

2018-05-24 19:36:06 - [TEST_STEP][PASSED] - selectOptionByIndex: All options with index in [13] are selected on object 'Object Repository/DispensaryToCms/Page_Dispensary Store/select_--Select--Adernaline 0.'

2018-05-24 19:36:07 - [MESSAGE][PASSED] - All options with index in [13] are selected on object 'Object Repository/DispensaryToCms/Page_Dispensary Store/select_--Select--Adernaline 0.'

2018-05-24 19:36:07 - [TEST_STEP][PASSED] - setText: Text '100' is set on object 'Object Repository/DispensaryToCms/Page_Dispensary Store/input_txttreat'

2018-05-24 19:36:07 - [MESSAGE][PASSED] - Text '100' is set on object 'Object Repository/DispensaryToCms/Page_Dispensary Store/input_txttreat'

2018-05-24 19:36:07 - [TEST_STEP][PASSED] - click: Object: 'Object Repository/DispensaryToCms/Page_Dispensary Store/button_Add' is clicked on

2018-05-24 19:36:07 - [MESSAGE][PASSED] - Object: 'Object Repository/DispensaryToCms/Page_Dispensary Store/button_Add' is clicked on

2018-05-24 19:36:07 - [TEST_STEP][PASSED] - selectOptionByIndex: All options with index in [7] are selected on object 'Object Repository/DispensaryToCms/Page_Dispensary Store/select_--Select--Schedule 1Inj'

2018-05-24 19:36:07 - [MESSAGE][PASSED] - All options with index in [7] are selected on object 'Object Repository/DispensaryToCms/Page_Dispensary Store/select_--Select--Schedule 1Inj'

2018-05-24 19:36:07 - [TEST_STEP][PASSED] - selectOptionByIndex: All options with index in [14] are selected on object 'Object Repository/DispensaryToCms/Page_Dispensary Store/select_--Select--Adernaline 0.'

2018-05-24 19:36:07 - [MESSAGE][PASSED] - All options with index in [14] are selected on object 'Object Repository/DispensaryToCms/Page_Dispensary Store/select_--Select--Adernaline 0.'

2018-05-24 19:36:07 - [TEST_STEP][PASSED] - setText: Text '100' is set on object 'Object Repository/DispensaryToCms/Page_Dispensary Store/input_txttreat'

2018-05-24 19:36:07 - [MESSAGE][PASSED] - Text '100' is set on object 'Object Repository/DispensaryToCms/Page_Dispensary Store/input_txttreat'

2018-05-24 19:36:07 - [TEST_STEP][PASSED] - click: Object: 'Object Repository/DispensaryToCms/Page_Dispensary Store/button_Add' is clicked on

2018-05-24 19:36:08 - [MESSAGE][PASSED] - Object: 'Object Repository/DispensaryToCms/Page_Dispensary Store/button_Add' is clicked on

2018-05-24 19:36:08 - [TEST_STEP][PASSED] - selectOptionByIndex: All options with index in [7] are selected on object 'Object Repository/DispensaryToCms/Page_Dispensary Store/select_--Select--Schedule 1Inj'

2018-05-24 19:36:08 - [MESSAGE][PASSED] - All options with index in [7] are selected on object 'Object Repository/DispensaryToCms/Page_Dispensary Store/select_--Select--Schedule 1Inj'

2018-05-24 19:36:08 - [TEST_STEP][PASSED] - selectOptionByIndex: All options with index in [15] are selected on object 'Object Repository/DispensaryToCms/Page_Dispensary Store/select_--Select--Adernaline 0.'

2018-05-24 19:36:08 - [MESSAGE][PASSED] - All options with index in [15] are selected on object 'Object Repository/DispensaryToCms/Page_Dispensary Store/select_--Select--Adernaline 0.'

2018-05-24 19:36:08 - [TEST_STEP][PASSED] - setText: Text '100' is set on object 'Object Repository/DispensaryToCms/Page_Dispensary Store/input_txttreat'

2018-05-24 19:36:08 - [MESSAGE][PASSED] - Text '100' is set on object 'Object Repository/DispensaryToCms/Page_Dispensary Store/input_txttreat'

2018-05-24 19:36:08 - [TEST_STEP][PASSED] - click: Object: 'Object Repository/DispensaryToCms/Page_Dispensary Store/button_Add' is clicked on

2018-05-24 19:36:08 - [MESSAGE][PASSED] - Object: 'Object Repository/DispensaryToCms/Page_Dispensary Store/button_Add' is clicked on

2018-05-24 19:36:08 - [TEST_STEP][PASSED] - selectOptionByIndex: All options with index in [7] are selected on object 'Object Repository/DispensaryToCms/Page_Dispensary Store/select_--Select--Schedule 1Inj'

2018-05-24 19:36:08 - [MESSAGE][PASSED] - All options with index in [7] are selected on object 'Object Repository/DispensaryToCms/Page_Dispensary Store/select_--Select--Schedule 1Inj'

2018-05-24 19:36:08 - [TEST_STEP][PASSED] - selectOptionByIndex: All options with index in [16] are selected on object 'Object Repository/DispensaryToCms/Page_Dispensary Store/select_--Select--Adernaline 0.'

2018-05-24 19:36:09 - [MESSAGE][PASSED] - All options with index in [16] are selected on object 'Object Repository/DispensaryToCms/Page_Dispensary Store/select_--Select--Adernaline 0.'

2018-05-24 19:36:09 - [TEST_STEP][PASSED] - setText: Text '100' is set on object 'Object Repository/DispensaryToCms/Page_Dispensary Store/input_txttreat'

2018-05-24 19:36:09 - [MESSAGE][PASSED] - Text '100' is set on object 'Object Repository/DispensaryToCms/Page_Dispensary Store/input_txttreat'

2018-05-24 19:36:09 - [TEST_STEP][PASSED] - click: Object: 'Object Repository/DispensaryToCms/Page_Dispensary Store/button_Add' is clicked on

2018-05-24 19:36:09 - [MESSAGE][PASSED] - Object: 'Object Repository/DispensaryToCms/Page_Dispensary Store/button_Add' is clicked on

2018-05-24 19:36:09 - [TEST_STEP][PASSED] - selectOptionByIndex: All options with index in [7] are selected on object 'Object Repository/DispensaryToCms/Page_Dispensary Store/select_--Select--Schedule 1Inj'

2018-05-24 19:36:09 - [MESSAGE][PASSED] - All options with index in [7] are selected on object 'Object Repository/DispensaryToCms/Page_Dispensary Store/select_--Select--Schedule 1Inj'

2018-05-24 19:36:09 - [TEST_STEP][PASSED] - selectOptionByIndex: All options with index in [17] are selected on object 'Object Repository/DispensaryToCms/Page_Dispensary Store/select_--Select--Adernaline 0.'

2018-05-24 19:36:09 - [MESSAGE][PASSED] - All options with index in [17] are selected on object 'Object Repository/DispensaryToCms/Page_Dispensary Store/select_--Select--Adernaline 0.'

2018-05-24 19:36:09 - [TEST_STEP][PASSED] - setText: Text '100' is set on object 'Object Repository/DispensaryToCms/Page_Dispensary Store/input_txttreat'

2018-05-24 19:36:09 - [MESSAGE][PASSED] - Text '100' is set on object 'Object Repository/DispensaryToCms/Page_Dispensary Store/input_txttreat'

2018-05-24 19:36:09 - [TEST_STEP][PASSED] - click: Object: 'Object Repository/DispensaryToCms/Page_Dispensary Store/button_Add' is clicked on

2018-05-24 19:36:09 - [MESSAGE][PASSED] - Object: 'Object Repository/DispensaryToCms/Page_Dispensary Store/button_Add' is clicked on

2018-05-24 19:36:09 - [TEST_STEP][PASSED] - selectOptionByIndex: All options with index in [7] are selected on object 'Object Repository/DispensaryToCms/Page_Dispensary Store/select_--Select--Schedule 1Inj'

2018-05-24 19:36:10 - [MESSAGE][PASSED] - All options with index in [7] are selected on object 'Object Repository/DispensaryToCms/Page_Dispensary Store/select_--Select--Schedule 1Inj'

2018-05-24 19:36:10 - [TEST_STEP][PASSED] - selectOptionByIndex: All options with index in [18] are selected on object 'Object Repository/DispensaryToCms/Page_Dispensary Store/select_--Select--Adernaline 0.'

2018-05-24 19:36:10 - [MESSAGE][PASSED] - All options with index in [18] are selected on object 'Object Repository/DispensaryToCms/Page_Dispensary Store/select_--Select--Adernaline 0.'

2018-05-24 19:36:10 - [TEST_STEP][PASSED] - setText: Text '100' is set on object 'Object Repository/DispensaryToCms/Page_Dispensary Store/input_txttreat'

2018-05-24 19:36:10 - [MESSAGE][PASSED] - Text '100' is set on object 'Object Repository/DispensaryToCms/Page_Dispensary Store/input_txttreat'

2018-05-24 19:36:10 - [TEST_STEP][PASSED] - click: Object: 'Object Repository/DispensaryToCms/Page_Dispensary Store/button_Add' is clicked on

2018-05-24 19:36:10 - [MESSAGE][PASSED] - Object: 'Object Repository/DispensaryToCms/Page_Dispensary Store/button_Add' is clicked on

2018-05-24 19:36:10 - [TEST_STEP][PASSED] - selectOptionByIndex: All options with index in [7] are selected on object 'Object Repository/DispensaryToCms/Page_Dispensary Store/select_--Select--Schedule 1Inj'

2018-05-24 19:36:10 - [MESSAGE][PASSED] - All options with index in [7] are selected on object 'Object Repository/DispensaryToCms/Page_Dispensary Store/select_--Select--Schedule 1Inj'

2018-05-24 19:36:10 - [TEST_STEP][PASSED] - selectOptionByIndex: All options with index in [19] are selected on object 'Object Repository/DispensaryToCms/Page_Dispensary Store/select_--Select--Adernaline 0.'

2018-05-24 19:36:11 - [MESSAGE][PASSED] - All options with index in [19] are selected on object 'Object Repository/DispensaryToCms/Page_Dispensary Store/select_--Select--Adernaline 0.'

2018-05-24 19:36:11 - [TEST_STEP][PASSED] - setText: Text '100' is set on object 'Object Repository/DispensaryToCms/Page_Dispensary Store/input_txttreat'

2018-05-24 19:36:11 - [MESSAGE][PASSED] - Text '100' is set on object 'Object Repository/DispensaryToCms/Page_Dispensary Store/input_txttreat'

2018-05-24 19:36:11 - [TEST_STEP][PASSED] - click: Object: 'Object Repository/DispensaryToCms/Page_Dispensary Store/button_Add' is clicked on

2018-05-24 19:36:11 - [MESSAGE][PASSED] - Object: 'Object Repository/DispensaryToCms/Page_Dispensary Store/button_Add' is clicked on

2018-05-24 19:36:11 - [TEST_STEP][PASSED] - selectOptionByIndex: All options with index in [7] are selected on object 'Object Repository/DispensaryToCms/Page_Dispensary Store/select_--Select--Schedule 1Inj'

2018-05-24 19:36:11 - [MESSAGE][PASSED] - All options with index in [7] are selected on object 'Object Repository/DispensaryToCms/Page_Dispensary Store/select_--Select--Schedule 1Inj'

2018-05-24 19:36:11 - [TEST_STEP][PASSED] - selectOptionByIndex: All options with index in [20] are selected on object 'Object Repository/DispensaryToCms/Page_Dispensary Store/select_--Select--Adernaline 0.'

2018-05-24 19:36:11 - [MESSAGE][PASSED] - All options with index in [20] are selected on object 'Object Repository/DispensaryToCms/Page_Dispensary Store/select_--Select--Adernaline 0.'

2018-05-24 19:36:11 - [TEST_STEP][PASSED] - setText: Text '100' is set on object 'Object Repository/DispensaryToCms/Page_Dispensary Store/input_txttreat'

2018-05-24 19:36:11 - [MESSAGE][PASSED] - Text '100' is set on object 'Object Repository/DispensaryToCms/Page_Dispensary Store/input_txttreat'

2018-05-24 19:36:11 - [TEST_STEP][PASSED] - click: Object: 'Object Repository/DispensaryToCms/Page_Dispensary Store/button_Add' is clicked on

2018-05-24 19:36:12 - [MESSAGE][PASSED] - Object: 'Object Repository/DispensaryToCms/Page_Dispensary Store/button_Add' is clicked on

2018-05-24 19:36:12 - [TEST_STEP][PASSED] - selectOptionByIndex: All options with index in [7] are selected on object 'Object Repository/DispensaryToCms/Page_Dispensary Store/select_--Select--Schedule 1Inj'

2018-05-24 19:36:12 - [MESSAGE][PASSED] - All options with index in [7] are selected on object 'Object Repository/DispensaryToCms/Page_Dispensary Store/select_--Select--Schedule 1Inj'

2018-05-24 19:36:12 - [TEST_STEP][PASSED] - selectOptionByIndex: All options with index in [21] are selected on object 'Object Repository/DispensaryToCms/Page_Dispensary Store/select_--Select--Adernaline 0.'

2018-05-24 19:36:12 - [MESSAGE][PASSED] - All options with index in [21] are selected on object 'Object Repository/DispensaryToCms/Page_Dispensary Store/select_--Select--Adernaline 0.'

2018-05-24 19:36:12 - [TEST_STEP][PASSED] - setText: Text '100' is set on object 'Object Repository/DispensaryToCms/Page_Dispensary Store/input_txttreat'

2018-05-24 19:36:12 - [MESSAGE][PASSED] - Text '100' is set on object 'Object Repository/DispensaryToCms/Page_Dispensary Store/input_txttreat'

2018-05-24 19:36:12 - [TEST_STEP][PASSED] - click: Object: 'Object Repository/DispensaryToCms/Page_Dispensary Store/button_Add' is clicked on

2018-05-24 19:36:12 - [MESSAGE][PASSED] - Object: 'Object Repository/DispensaryToCms/Page_Dispensary Store/button_Add' is clicked on

2018-05-24 19:36:12 - [TEST_STEP][PASSED] - selectOptionByIndex: All options with index in [7] are selected on object 'Object Repository/DispensaryToCms/Page_Dispensary Store/select_--Select--Schedule 1Inj'

2018-05-24 19:36:12 - [MESSAGE][PASSED] - All options with index in [7] are selected on object 'Object Repository/DispensaryToCms/Page_Dispensary Store/select_--Select--Schedule 1Inj'

2018-05-24 19:36:12 - [TEST_STEP][PASSED] - selectOptionByIndex: All options with index in [22] are selected on object 'Object Repository/DispensaryToCms/Page_Dispensary Store/select_--Select--Adernaline 0.'

2018-05-24 19:36:13 - [MESSAGE][PASSED] - All options with index in [22] are selected on object 'Object Repository/DispensaryToCms/Page_Dispensary Store/select_--Select--Adernaline 0.'

2018-05-24 19:36:13 - [TEST_STEP][PASSED] - setText: Text '100' is set on object 'Object Repository/DispensaryToCms/Page_Dispensary Store/input_txttreat'

2018-05-24 19:36:13 - [MESSAGE][PASSED] - Text '100' is set on object 'Object Repository/DispensaryToCms/Page_Dispensary Store/input_txttreat'

2018-05-24 19:36:13 - [TEST_STEP][PASSED] - click: Object: 'Object Repository/DispensaryToCms/Page_Dispensary Store/button_Add' is clicked on

2018-05-24 19:36:13 - [MESSAGE][PASSED] - Object: 'Object Repository/DispensaryToCms/Page_Dispensary Store/button_Add' is clicked on

2018-05-24 19:36:13 - [TEST_STEP][PASSED] - selectOptionByIndex: All options with index in [7] are selected on object 'Object Repository/DispensaryToCms/Page_Dispensary Store/select_--Select--Schedule 1Inj'

2018-05-24 19:36:13 - [MESSAGE][PASSED] - All options with index in [7] are selected on object 'Object Repository/DispensaryToCms/Page_Dispensary Store/select_--Select--Schedule 1Inj'

2018-05-24 19:36:13 - [TEST_STEP][PASSED] - selectOptionByIndex: All options with index in [23] are selected on object 'Object Repository/DispensaryToCms/Page_Dispensary Store/select_--Select--Adernaline 0.'

2018-05-24 19:36:13 - [MESSAGE][PASSED] - All options with index in [23] are selected on object 'Object Repository/DispensaryToCms/Page_Dispensary Store/select_--Select--Adernaline 0.'

2018-05-24 19:36:13 - [TEST_STEP][PASSED] - setText: Text '100' is set on object 'Object Repository/DispensaryToCms/Page_Dispensary Store/input_txttreat'

2018-05-24 19:36:14 - [MESSAGE][PASSED] - Text '100' is set on object 'Object Repository/DispensaryToCms/Page_Dispensary Store/input_txttreat'

2018-05-24 19:36:14 - [TEST_STEP][PASSED] - click: Object: 'Object Repository/DispensaryToCms/Page_Dispensary Store/button_Add' is clicked on

2018-05-24 19:36:14 - [MESSAGE][PASSED] - Object: 'Object Repository/DispensaryToCms/Page_Dispensary Store/button_Add' is clicked on

2018-05-24 19:36:14 - [TEST_STEP][PASSED] - scrollToElement: Scroll to object 'Object Repository/DispensaryToCms/Page_Dispensary Store/input_btnsave' successfully

2018-05-24 19:36:14 - [MESSAGE][PASSED] - Scroll to object 'Object Repository/DispensaryToCms/Page_Dispensary Store/input_btnsave' successfully

2018-05-24 19:36:14 - [TEST_STEP][PASSED] - click: Object: 'Object Repository/DispensaryToCms/Page_Dispensary Store/input_btnsave' is clicked on

2018-05-24 19:36:14 - [MESSAGE][PASSED] - Object: 'Object Repository/DispensaryToCms/Page_Dispensary Store/input_btnsave' is clicked on

2018-05-24 19:36:14 - [TEST_STEP][PASSED] - delay: Delayed 3 second(s)

2018-05-24 19:36:17 - [MESSAGE][PASSED] - Delayed 3 second(s)

2018-05-24 19:36:17 - [TEST_STEP][PASSED] - Statement - RN1 = com.kms.katalon.core.webui.keyword.WebUiBuiltInKeywords.getText(com.kms.katalon.core.testobject.ObjectRepository.findTestObject(DispensaryToCms/Page_Dispensary Store/font_PRNO18052018174)): Text of object 'Object Repository/DispensaryToCms/Page_Dispensary Store/font_PRNO18052018174' is: 'PRNO/24052018/380'

2018-05-24 19:36:17 - [MESSAGE][PASSED] - Text of object 'Object Repository/DispensaryToCms/Page_Dispensary Store/font_PRNO18052018174' is: 'PRNO/24052018/380'

2018-05-24 19:36:17 - [TEST_STEP][PASSED] - Statement - out.println(RN1): null

2018-05-24 19:36:17 - [TEST_STEP][PASSED] - Statement - RID = RN1.split("/")[2]: null

2018-05-24 19:36:17 - [TEST_STEP][PASSED] - click: Object: 'Object Repository/DispensaryToCms/Page_Dispensary Store/button_OK' is clicked on

2018-05-24 19:36:18 - [MESSAGE][PASSED] - Object: 'Object Repository/DispensaryToCms/Page_Dispensary Store/button_OK' is clicked on

2018-05-24 19:36:18 - [TEST_STEP][PASSED] - delay: Delayed 3 second(s)

2018-05-24 19:36:21 - [MESSAGE][PASSED] - Delayed 3 second(s)

2018-05-24 19:36:21 - [TEST_STEP][PASSED] - click: Object: 'Object Repository/DispensaryToCms/Page_Dispensary Store/a_dropdown-toggle' is clicked on

2018-05-24 19:36:21 - [MESSAGE][PASSED] - Object: 'Object Repository/DispensaryToCms/Page_Dispensary Store/a_dropdown-toggle' is clicked on

2018-05-24 19:36:21 - [TEST_STEP][PASSED] - click: Object: 'Object Repository/DispensaryToCms/Page_Dispensary Store/a_Sign out' is clicked on

2018-05-24 19:36:21 - [MESSAGE][PASSED] - Object: 'Object Repository/DispensaryToCms/Page_Dispensary Store/a_Sign out' is clicked on

2018-05-24 19:36:21 - [TEST_STEP][PASSED] - delay: Delayed 3 second(s)

2018-05-24 19:36:24 - [MESSAGE][PASSED] - Delayed 3 second(s)

2018-05-24 19:36:24 - [TEST_STEP][PASSED] - navigateToUrl: Navigate to 'http://192.168.137.1/multihospital_new/' successfully

2018-05-24 19:36:25 - [MESSAGE][PASSED] - Navigate to 'http://192.168.137.1/multihospital_new/' successfully

2018-05-24 19:36:25 - [TEST_STEP][PASSED] - click: Object: 'Object Repository/DispensaryToCms/Page_KDMC/a_CMO' is clicked on

2018-05-24 19:36:26 - [MESSAGE][PASSED] - Object: 'Object Repository/DispensaryToCms/Page_KDMC/a_CMO' is clicked on

2018-05-24 19:36:26 - [TEST_STEP][PASSED] - setText: Text 'guru' is set on object 'Object Repository/DispensaryToCms/Page_CMO login/input_txtusername'

2018-05-24 19:36:26 - [MESSAGE][PASSED] - Text 'guru' is set on object 'Object Repository/DispensaryToCms/Page_CMO login/input_txtusername'

2018-05-24 19:36:26 - [TEST_STEP][PASSED] - setText: Text '123' is set on object 'Object Repository/DispensaryToCms/Page_CMO login/input_txtpassword'

2018-05-24 19:36:26 - [MESSAGE][PASSED] - Text '123' is set on object 'Object Repository/DispensaryToCms/Page_CMO login/input_txtpassword'

2018-05-24 19:36:26 - [TEST_STEP][PASSED] - delay: Delayed 3 second(s)

2018-05-24 19:36:29 - [MESSAGE][PASSED] - Delayed 3 second(s)

2018-05-24 19:36:29 - [TEST_STEP][PASSED] - click: Object: 'Object Repository/DispensaryToCms/Page_CMO login/button_Sign in' is clicked on

2018-05-24 19:36:30 - [MESSAGE][PASSED] - Object: 'Object Repository/DispensaryToCms/Page_CMO login/button_Sign in' is clicked on

2018-05-24 19:36:30 - [TEST_STEP][PASSED] - delay: Delayed 3 second(s)

2018-05-24 19:36:33 - [MESSAGE][PASSED] - Delayed 3 second(s)

2018-05-24 19:36:33 - [TEST_STEP][PASSED] - click: Object: 'Object Repository/DispensaryToCms/Page_KDMC - CMO/a_CMS Request' is clicked on

2018-05-24 19:36:33 - [MESSAGE][PASSED] - Object: 'Object Repository/DispensaryToCms/Page_KDMC - CMO/a_CMS Request' is clicked on

2018-05-24 19:36:33 - [TEST_STEP][PASSED] - delay: Delayed 2 second(s)

2018-05-24 19:36:35 - [MESSAGE][PASSED] - Delayed 2 second(s)

2018-05-24 19:36:35 - [TEST_STEP][PASSED] - click: Object: 'Object Repository/DispensaryToCms/Page_KDMC - CMO/a_Dispensary Store Request' is clicked on

2018-05-24 19:36:36 - [MESSAGE][PASSED] - Object: 'Object Repository/DispensaryToCms/Page_KDMC - CMO/a_Dispensary Store Request' is clicked on

2018-05-24 19:36:36 - [TEST_STEP][PASSED] - selectOptionByIndex: All options with index in [1] are selected on object 'Object Repository/DispensaryToCms/Page_KDMC - CMO/select_--ALL--'

2018-05-24 19:36:36 - [MESSAGE][PASSED] - All options with index in [1] are selected on object 'Object Repository/DispensaryToCms/Page_KDMC - CMO/select_--ALL--'

2018-05-24 19:36:36 - [TEST_STEP][PASSED] - click: Object: 'Object Repository/DispensaryToCms/Page_KDMC - CMO/input_btnsearch' is clicked on

2018-05-24 19:36:36 - [MESSAGE][PASSED] - Object: 'Object Repository/DispensaryToCms/Page_KDMC - CMO/input_btnsearch' is clicked on

2018-05-24 19:36:36 - [TEST_STEP][PASSED] - Statement - ID = com.kms.katalon.core.webui.keyword.WebUiBuiltInKeywords.modifyObjectProperty(com.kms.katalon.core.testobject.ObjectRepository.findTestObject(lab/Page_KDMC - CMO/input_1), "xpath", "equals", "//*[@id=" + RID + "]", true): Modify property of object successfully

2018-05-24 19:36:36 - [MESSAGE][PASSED] - Modify property of object successfully

2018-05-24 19:36:36 - [TEST_STEP][PASSED] - click: Object: 'Object Repository/lab/Page_KDMC - CMO/input_1' is clicked on

2018-05-24 19:36:37 - [MESSAGE][PASSED] - Object: 'Object Repository/lab/Page_KDMC - CMO/input_1' is clicked on

2018-05-24 19:36:37 - [TEST_STEP][PASSED] - delay: Delayed 2 second(s)

2018-05-24 19:36:39 - [MESSAGE][PASSED] - Delayed 2 second(s)

2018-05-24 19:36:39 - [TEST_STEP][PASSED] - selectOptionByIndex: All options with index in [1] are selected on object 'Object Repository/DispensaryToCms/Page_KDMC - CMO/select_--Select--'

2018-05-24 19:36:39 - [MESSAGE][PASSED] - All options with index in [1] are selected on object 'Object Repository/DispensaryToCms/Page_KDMC - CMO/select_--Select--'

2018-05-24 19:36:39 - [TEST_STEP][PASSED] - click: Object: 'Object Repository/DispensaryToCms/Page_KDMC - CMO/input_btnupdate' is clicked on

2018-05-24 19:36:39 - [MESSAGE][PASSED] - Object: 'Object Repository/DispensaryToCms/Page_KDMC - CMO/input_btnupdate' is clicked on

2018-05-24 19:36:39 - [TEST_STEP][PASSED] - delay: Delayed 2 second(s)

2018-05-24 19:36:41 - [MESSAGE][PASSED] - Delayed 2 second(s)

2018-05-24 19:36:41 - [TEST_STEP][PASSED] - click: Object: 'Object Repository/DispensaryToCms/Page_KDMC - CMO/button_OK' is clicked on

2018-05-24 19:36:42 - [MESSAGE][PASSED] - Object: 'Object Repository/DispensaryToCms/Page_KDMC - CMO/button_OK' is clicked on

2018-05-24 19:36:42 - [TEST_STEP][PASSED] - delay: Delayed 3 second(s)

2018-05-24 19:36:45 - [MESSAGE][PASSED] - Delayed 3 second(s)

2018-05-24 19:36:45 - [TEST_STEP][PASSED] - click: Object: 'Object Repository/DispensaryToCms/Page_KDMC - CMO/a_dropdown-toggle' is clicked on

2018-05-24 19:36:45 - [MESSAGE][PASSED] - Object: 'Object Repository/DispensaryToCms/Page_KDMC - CMO/a_dropdown-toggle' is clicked on

2018-05-24 19:36:45 - [TEST_STEP][PASSED] - click: Object: 'Object Repository/DispensaryToCms/Page_KDMC - CMO/a_Sign out' is clicked on

2018-05-24 19:36:46 - [MESSAGE][PASSED] - Object: 'Object Repository/DispensaryToCms/Page_KDMC - CMO/a_Sign out' is clicked on

2018-05-24 19:36:46 - [TEST_STEP][PASSED] - delay: Delayed 3 second(s)

2018-05-24 19:36:49 - [MESSAGE][PASSED] - Delayed 3 second(s)

2018-05-24 19:36:49 - [TEST_STEP][PASSED] - click: Object: 'Object Repository/DispensaryToCms/Page_KDMC/a_CMS' is clicked on

2018-05-24 19:36:49 - [MESSAGE][PASSED] - Object: 'Object Repository/DispensaryToCms/Page_KDMC/a_CMS' is clicked on

2018-05-24 19:36:49 - [TEST_STEP][PASSED] - setText: Text 'bala' is set on object 'Object Repository/DispensaryToCms/Page_CMS login/input_txtusername'

2018-05-24 19:36:49 - [MESSAGE][PASSED] - Text 'bala' is set on object 'Object Repository/DispensaryToCms/Page_CMS login/input_txtusername'

2018-05-24 19:36:49 - [TEST_STEP][PASSED] - setText: Text '123' is set on object 'Object Repository/DispensaryToCms/Page_CMS login/input_txtpassword'

2018-05-24 19:36:49 - [MESSAGE][PASSED] - Text '123' is set on object 'Object Repository/DispensaryToCms/Page_CMS login/input_txtpassword'

2018-05-24 19:36:49 - [TEST_STEP][PASSED] - delay: Delayed 3 second(s)

2018-05-24 19:36:52 - [MESSAGE][PASSED] - Delayed 3 second(s)

2018-05-24 19:36:52 - [TEST_STEP][PASSED] - click: Object: 'Object Repository/DispensaryToCms/Page_CMS login/button_Sign in' is clicked on

2018-05-24 19:36:53 - [MESSAGE][PASSED] - Object: 'Object Repository/DispensaryToCms/Page_CMS login/button_Sign in' is clicked on

2018-05-24 19:36:53 - [TEST_STEP][PASSED] - delay: Delayed 3 second(s)

2018-05-24 19:36:56 - [MESSAGE][PASSED] - Delayed 3 second(s)

2018-05-24 19:36:56 - [TEST_STEP][PASSED] - click: Object: 'Object Repository/DispensaryToCms/Page_KDMC - CMS/a_Divisional Store' is clicked on

2018-05-24 19:36:56 - [MESSAGE][PASSED] - Object: 'Object Repository/DispensaryToCms/Page_KDMC - CMS/a_Divisional Store' is clicked on

2018-05-24 19:36:56 - [TEST_STEP][PASSED] - delay: Delayed 2 second(s)

2018-05-24 19:36:58 - [MESSAGE][PASSED] - Delayed 2 second(s)

2018-05-24 19:36:58 - [TEST_STEP][PASSED] - click: Object: 'Object Repository/DispensaryToCms/Page_KDMC - CMS/a_Dispatch Items' is clicked on

2018-05-24 19:36:59 - [MESSAGE][PASSED] - Object: 'Object Repository/DispensaryToCms/Page_KDMC - CMS/a_Dispatch Items' is clicked on

2018-05-24 19:36:59 - [TEST_STEP][PASSED] - delay: Delayed 2 second(s)

2018-05-24 19:37:01 - [MESSAGE][PASSED] - Delayed 2 second(s)

2018-05-24 19:37:01 - [TEST_STEP][PASSED] - setText: Text 'PRNO/24052018/380' is set on object 'Object Repository/DispensaryToCms/Page_KDMC - CMS/input'

2018-05-24 19:37:01 - [MESSAGE][PASSED] - Text 'PRNO/24052018/380' is set on object 'Object Repository/DispensaryToCms/Page_KDMC - CMS/input'

2018-05-24 19:37:01 - [TEST_STEP][PASSED] - click: Object: 'Object Repository/DispensaryToCms/Page_KDMC - CMS/input_PRNO18052018174' is clicked on

2018-05-24 19:37:01 - [MESSAGE][PASSED] - Object: 'Object Repository/DispensaryToCms/Page_KDMC - CMS/input_PRNO18052018174' is clicked on

2018-05-24 19:37:01 - [TEST_STEP][PASSED] - Statement - out.println("Length : " + medicineslength): null

2018-05-24 19:37:01 - [TEST_STEP][PASSED] - Statement - For ([row = 0, row < medicineslength - 1, (row++)]): null

2018-05-24 19:37:01 - [TEST_STEP][PASSED] - Statement - batchlength = new com.kms.katalon.core.testobject.TestObject(): null

2018-05-24 19:37:01 - [TEST_STEP][PASSED] - Statement - batchlength = com.kms.katalon.core.webui.keyword.WebUiBuiltInKeywords.modifyObjectProperty(batchlength, "xpath", "equals", "//*[@id = "fldvendor" + row + ""]", true): Modify property of object successfully

2018-05-24 19:37:01 - [MESSAGE][PASSED] - Modify property of object successfully

2018-05-24 19:37:01 - [TEST_STEP][PASSED] - Statement - batchsize = com.kms.katalon.core.webui.keyword.WebUiBuiltInKeywords.getNumberOfTotalOption(batchlength): 7 options of object '' counted

2018-05-24 19:37:02 - [MESSAGE][PASSED] - 7 options of object '' counted

2018-05-24 19:37:02 - [TEST_STEP][PASSED] - Statement - out.println("BatchSize : " + batchsize): null

2018-05-24 19:37:02 - [TEST_STEP][PASSED] - Statement - For ([n = 1, n <= batchsize - 1, (n++)]): null

2018-05-24 19:37:02 - [TEST_STEP][PASSED] - Statement - product = new com.kms.katalon.core.testobject.TestObject(): null

2018-05-24 19:37:02 - [TEST_STEP][PASSED] - Statement - product = com.kms.katalon.core.webui.keyword.WebUiBuiltInKeywords.modifyObjectProperty(product, "xpath", "equals", "//*[@id = "fldvendor" + row + ""]", true): Modify property of object successfully

2018-05-24 19:37:02 - [MESSAGE][PASSED] - Modify property of object successfully

2018-05-24 19:37:02 - [TEST_STEP][PASSED] - selectOptionByIndex: All options with index in [1] are selected on object ''

2018-05-24 19:37:02 - [MESSAGE][PASSED] - All options with index in [1] are selected on object ''

2018-05-24 19:37:02 - [TEST_STEP][PASSED] - Statement - batch = new com.kms.katalon.core.testobject.TestObject(): null

2018-05-24 19:37:02 - [TEST_STEP][PASSED] - Statement - batch = com.kms.katalon.core.webui.keyword.WebUiBuiltInKeywords.modifyObjectProperty(batch, "xpath", "equals", "//*[@id = "txtbthqty" + row + ""]", true): Modify property of object successfully

2018-05-24 19:37:02 - [MESSAGE][PASSED] - Modify property of object successfully

2018-05-24 19:37:02 - [TEST_STEP][PASSED] - Statement - batchqty = com.kms.katalon.core.webui.keyword.WebUiBuiltInKeywords.getAttribute(batch, "value").trim(): Attribute 'value' of object '' is: '3900'

2018-05-24 19:37:02 - [MESSAGE][PASSED] - Attribute 'value' of object '' is: '3900'

2018-05-24 19:37:02 - [TEST_STEP][PASSED] - Statement - Rqty = 100: null

2018-05-24 19:37:02 - [TEST_STEP][PASSED] - delay: Delayed 2 second(s)

2018-05-24 19:37:04 - [MESSAGE][PASSED] - Delayed 2 second(s)

2018-05-24 19:37:04 - [TEST_STEP][PASSED] - Statement - out.println("BatchQty : " + batchqty): null

2018-05-24 19:37:04 - [TEST_STEP][PASSED] - Statement - out.println("RQty : " + Rqty): null

2018-05-24 19:37:04 - [TEST_STEP][PASSED] - Statement - If (java.lang.Integer.valueOf(batchqty) >= java.lang.Integer.valueOf(Rqty)): null

2018-05-24 19:37:04 - [TEST_STEP][PASSED] - Statement - Break: null

2018-05-24 19:37:04 - [TEST_STEP][PASSED] - Statement - batchlength = new com.kms.katalon.core.testobject.TestObject(): null

2018-05-24 19:37:04 - [TEST_STEP][PASSED] - Statement - batchlength = com.kms.katalon.core.webui.keyword.WebUiBuiltInKeywords.modifyObjectProperty(batchlength, "xpath", "equals", "//*[@id = "fldvendor" + row + ""]", true): Modify property of object successfully

2018-05-24 19:37:04 - [MESSAGE][PASSED] - Modify property of object successfully

2018-05-24 19:37:04 - [TEST_STEP][PASSED] - Statement - batchsize = com.kms.katalon.core.webui.keyword.WebUiBuiltInKeywords.getNumberOfTotalOption(batchlength): 7 options of object '' counted

2018-05-24 19:37:05 - [MESSAGE][PASSED] - 7 options of object '' counted

2018-05-24 19:37:05 - [TEST_STEP][PASSED] - Statement - out.println("BatchSize : " + batchsize): null

2018-05-24 19:37:05 - [TEST_STEP][PASSED] - Statement - For ([n = 1, n <= batchsize - 1, (n++)]): null

2018-05-24 19:37:05 - [TEST_STEP][PASSED] - Statement - product = new com.kms.katalon.core.testobject.TestObject(): null

2018-05-24 19:37:05 - [TEST_STEP][PASSED] - Statement - product = com.kms.katalon.core.webui.keyword.WebUiBuiltInKeywords.modifyObjectProperty(product, "xpath", "equals", "//*[@id = "fldvendor" + row + ""]", true): Modify property of object successfully

2018-05-24 19:37:05 - [MESSAGE][PASSED] - Modify property of object successfully

2018-05-24 19:37:05 - [TEST_STEP][PASSED] - selectOptionByIndex: All options with index in [1] are selected on object ''

2018-05-24 19:37:05 - [MESSAGE][PASSED] - All options with index in [1] are selected on object ''

2018-05-24 19:37:05 - [TEST_STEP][PASSED] - Statement - batch = new com.kms.katalon.core.testobject.TestObject(): null

2018-05-24 19:37:05 - [TEST_STEP][PASSED] - Statement - batch = com.kms.katalon.core.webui.keyword.WebUiBuiltInKeywords.modifyObjectProperty(batch, "xpath", "equals", "//*[@id = "txtbthqty" + row + ""]", true): Modify property of object successfully

2018-05-24 19:37:05 - [MESSAGE][PASSED] - Modify property of object successfully

2018-05-24 19:37:05 - [TEST_STEP][PASSED] - Statement - batchqty = com.kms.katalon.core.webui.keyword.WebUiBuiltInKeywords.getAttribute(batch, "value").trim(): Attribute 'value' of object '' is: '3900'

2018-05-24 19:37:05 - [MESSAGE][PASSED] - Attribute 'value' of object '' is: '3900'

2018-05-24 19:37:05 - [TEST_STEP][PASSED] - Statement - Rqty = 100: null

2018-05-24 19:37:05 - [TEST_STEP][PASSED] - delay: Delayed 2 second(s)

2018-05-24 19:37:07 - [MESSAGE][PASSED] - Delayed 2 second(s)

2018-05-24 19:37:07 - [TEST_STEP][PASSED] - Statement - out.println("BatchQty : " + batchqty): null

2018-05-24 19:37:07 - [TEST_STEP][PASSED] - Statement - out.println("RQty : " + Rqty): null

2018-05-24 19:37:07 - [TEST_STEP][PASSED] - Statement - If (java.lang.Integer.valueOf(batchqty) >= java.lang.Integer.valueOf(Rqty)): null

2018-05-24 19:37:07 - [TEST_STEP][PASSED] - Statement - Break: null

2018-05-24 19:37:07 - [TEST_STEP][PASSED] - Statement - batchlength = new com.kms.katalon.core.testobject.TestObject(): null

2018-05-24 19:37:07 - [TEST_STEP][PASSED] - Statement - batchlength = com.kms.katalon.core.webui.keyword.WebUiBuiltInKeywords.modifyObjectProperty(batchlength, "xpath", "equals", "//*[@id = "fldvendor" + row + ""]", true): Modify property of object successfully

2018-05-24 19:37:07 - [MESSAGE][PASSED] - Modify property of object successfully

2018-05-24 19:37:07 - [TEST_STEP][PASSED] - Statement - batchsize = com.kms.katalon.core.webui.keyword.WebUiBuiltInKeywords.getNumberOfTotalOption(batchlength): 7 options of object '' counted

2018-05-24 19:37:07 - [MESSAGE][PASSED] - 7 options of object '' counted

2018-05-24 19:37:07 - [TEST_STEP][PASSED] - Statement - out.println("BatchSize : " + batchsize): null

2018-05-24 19:37:07 - [TEST_STEP][PASSED] - Statement - For ([n = 1, n <= batchsize - 1, (n++)]): null

2018-05-24 19:37:07 - [TEST_STEP][PASSED] - Statement - product = new com.kms.katalon.core.testobject.TestObject(): null

2018-05-24 19:37:07 - [TEST_STEP][PASSED] - Statement - product = com.kms.katalon.core.webui.keyword.WebUiBuiltInKeywords.modifyObjectProperty(product, "xpath", "equals", "//*[@id = "fldvendor" + row + ""]", true): Modify property of object successfully

2018-05-24 19:37:07 - [MESSAGE][PASSED] - Modify property of object successfully

2018-05-24 19:37:07 - [TEST_STEP][PASSED] - selectOptionByIndex: All options with index in [1] are selected on object ''

2018-05-24 19:37:07 - [MESSAGE][PASSED] - All options with index in [1] are selected on object ''

2018-05-24 19:37:07 - [TEST_STEP][PASSED] - Statement - batch = new com.kms.katalon.core.testobject.TestObject(): null

2018-05-24 19:37:07 - [TEST_STEP][PASSED] - Statement - batch = com.kms.katalon.core.webui.keyword.WebUiBuiltInKeywords.modifyObjectProperty(batch, "xpath", "equals", "//*[@id = "txtbthqty" + row + ""]", true): Modify property of object successfully

2018-05-24 19:37:07 - [MESSAGE][PASSED] - Modify property of object successfully

2018-05-24 19:37:07 - [TEST_STEP][PASSED] - Statement - batchqty = com.kms.katalon.core.webui.keyword.WebUiBuiltInKeywords.getAttribute(batch, "value").trim(): Attribute 'value' of object '' is: '38900'

2018-05-24 19:37:07 - [MESSAGE][PASSED] - Attribute 'value' of object '' is: '38900'

2018-05-24 19:37:07 - [TEST_STEP][PASSED] - Statement - Rqty = 100: null

2018-05-24 19:37:07 - [TEST_STEP][PASSED] - delay: Delayed 2 second(s)

2018-05-24 19:37:09 - [MESSAGE][PASSED] - Delayed 2 second(s)

2018-05-24 19:37:09 - [TEST_STEP][PASSED] - Statement - out.println("BatchQty : " + batchqty): null

2018-05-24 19:37:09 - [TEST_STEP][PASSED] - Statement - out.println("RQty : " + Rqty): null

2018-05-24 19:37:09 - [TEST_STEP][PASSED] - Statement - If (java.lang.Integer.valueOf(batchqty) >= java.lang.Integer.valueOf(Rqty)): null

2018-05-24 19:37:09 - [TEST_STEP][PASSED] - Statement - Break: null

2018-05-24 19:37:09 - [TEST_STEP][PASSED] - Statement - batchlength = new com.kms.katalon.core.testobject.TestObject(): null

2018-05-24 19:37:09 - [TEST_STEP][PASSED] - Statement - batchlength = com.kms.katalon.core.webui.keyword.WebUiBuiltInKeywords.modifyObjectProperty(batchlength, "xpath", "equals", "//*[@id = "fldvendor" + row + ""]", true): Modify property of object successfully

2018-05-24 19:37:09 - [MESSAGE][PASSED] - Modify property of object successfully

2018-05-24 19:37:09 - [TEST_STEP][PASSED] - Statement - batchsize = com.kms.katalon.core.webui.keyword.WebUiBuiltInKeywords.getNumberOfTotalOption(batchlength): 7 options of object '' counted

2018-05-24 19:37:09 - [MESSAGE][PASSED] - 7 options of object '' counted

2018-05-24 19:37:09 - [TEST_STEP][PASSED] - Statement - out.println("BatchSize : " + batchsize): null

2018-05-24 19:37:09 - [TEST_STEP][PASSED] - Statement - For ([n = 1, n <= batchsize - 1, (n++)]): null

2018-05-24 19:37:09 - [TEST_STEP][PASSED] - Statement - product = new com.kms.katalon.core.testobject.TestObject(): null

2018-05-24 19:37:09 - [TEST_STEP][PASSED] - Statement - product = com.kms.katalon.core.webui.keyword.WebUiBuiltInKeywords.modifyObjectProperty(product, "xpath", "equals", "//*[@id = "fldvendor" + row + ""]", true): Modify property of object successfully

2018-05-24 19:37:09 - [MESSAGE][PASSED] - Modify property of object successfully

2018-05-24 19:37:09 - [TEST_STEP][PASSED] - selectOptionByIndex: All options with index in [1] are selected on object ''

2018-05-24 19:37:09 - [MESSAGE][PASSED] - All options with index in [1] are selected on object ''

2018-05-24 19:37:09 - [TEST_STEP][PASSED] - Statement - batch = new com.kms.katalon.core.testobject.TestObject(): null

2018-05-24 19:37:09 - [TEST_STEP][PASSED] - Statement - batch = com.kms.katalon.core.webui.keyword.WebUiBuiltInKeywords.modifyObjectProperty(batch, "xpath", "equals", "//*[@id = "txtbthqty" + row + ""]", true): Modify property of object successfully

2018-05-24 19:37:09 - [MESSAGE][PASSED] - Modify property of object successfully

2018-05-24 19:37:09 - [TEST_STEP][PASSED] - Statement - batchqty = com.kms.katalon.core.webui.keyword.WebUiBuiltInKeywords.getAttribute(batch, "value").trim(): Attribute 'value' of object '' is: '38900'

2018-05-24 19:37:09 - [MESSAGE][PASSED] - Attribute 'value' of object '' is: '38900'

2018-05-24 19:37:09 - [TEST_STEP][PASSED] - Statement - Rqty = 100: null

2018-05-24 19:37:09 - [TEST_STEP][PASSED] - delay: Delayed 2 second(s)

2018-05-24 19:37:11 - [MESSAGE][PASSED] - Delayed 2 second(s)

2018-05-24 19:37:11 - [TEST_STEP][PASSED] - Statement - out.println("BatchQty : " + batchqty): null

2018-05-24 19:37:11 - [TEST_STEP][PASSED] - Statement - out.println("RQty : " + Rqty): null

2018-05-24 19:37:11 - [TEST_STEP][PASSED] - Statement - If (java.lang.Integer.valueOf(batchqty) >= java.lang.Integer.valueOf(Rqty)): null

2018-05-24 19:37:11 - [TEST_STEP][PASSED] - Statement - Break: null

2018-05-24 19:37:11 - [TEST_STEP][PASSED] - Statement - batchlength = new com.kms.katalon.core.testobject.TestObject(): null

2018-05-24 19:37:11 - [TEST_STEP][PASSED] - Statement - batchlength = com.kms.katalon.core.webui.keyword.WebUiBuiltInKeywords.modifyObjectProperty(batchlength, "xpath", "equals", "//*[@id = "fldvendor" + row + ""]", true): Modify property of object successfully

2018-05-24 19:37:11 - [MESSAGE][PASSED] - Modify property of object successfully

2018-05-24 19:37:11 - [TEST_STEP][PASSED] - Statement - batchsize = com.kms.katalon.core.webui.keyword.WebUiBuiltInKeywords.getNumberOfTotalOption(batchlength): 7 options of object '' counted

2018-05-24 19:37:11 - [MESSAGE][PASSED] - 7 options of object '' counted

2018-05-24 19:37:11 - [TEST_STEP][PASSED] - Statement - out.println("BatchSize : " + batchsize): null

2018-05-24 19:37:11 - [TEST_STEP][PASSED] - Statement - For ([n = 1, n <= batchsize - 1, (n++)]): null

2018-05-24 19:37:11 - [TEST_STEP][PASSED] - Statement - product = new com.kms.katalon.core.testobject.TestObject(): null

2018-05-24 19:37:11 - [TEST_STEP][PASSED] - Statement - product = com.kms.katalon.core.webui.keyword.WebUiBuiltInKeywords.modifyObjectProperty(product, "xpath", "equals", "//*[@id = "fldvendor" + row + ""]", true): Modify property of object successfully

2018-05-24 19:37:11 - [MESSAGE][PASSED] - Modify property of object successfully

2018-05-24 19:37:11 - [TEST_STEP][PASSED] - selectOptionByIndex: All options with index in [1] are selected on object ''

2018-05-24 19:37:11 - [MESSAGE][PASSED] - All options with index in [1] are selected on object ''

2018-05-24 19:37:11 - [TEST_STEP][PASSED] - Statement - batch = new com.kms.katalon.core.testobject.TestObject(): null

2018-05-24 19:37:11 - [TEST_STEP][PASSED] - Statement - batch = com.kms.katalon.core.webui.keyword.WebUiBuiltInKeywords.modifyObjectProperty(batch, "xpath", "equals", "//*[@id = "txtbthqty" + row + ""]", true): Modify property of object successfully

2018-05-24 19:37:11 - [MESSAGE][PASSED] - Modify property of object successfully

2018-05-24 19:37:11 - [TEST_STEP][PASSED] - Statement - batchqty = com.kms.katalon.core.webui.keyword.WebUiBuiltInKeywords.getAttribute(batch, "value").trim(): Attribute 'value' of object '' is: '4100'

2018-05-24 19:37:11 - [MESSAGE][PASSED] - Attribute 'value' of object '' is: '4100'

2018-05-24 19:37:11 - [TEST_STEP][PASSED] - Statement - Rqty = 100: null

2018-05-24 19:37:11 - [TEST_STEP][PASSED] - delay: Delayed 2 second(s)

2018-05-24 19:37:14 - [MESSAGE][PASSED] - Delayed 2 second(s)

2018-05-24 19:37:14 - [TEST_STEP][PASSED] - Statement - out.println("BatchQty : " + batchqty): null

2018-05-24 19:37:14 - [TEST_STEP][PASSED] - Statement - out.println("RQty : " + Rqty): null

2018-05-24 19:37:14 - [TEST_STEP][PASSED] - Statement - If (java.lang.Integer.valueOf(batchqty) >= java.lang.Integer.valueOf(Rqty)): null

2018-05-24 19:37:14 - [TEST_STEP][PASSED] - Statement - Break: null

2018-05-24 19:37:14 - [TEST_STEP][PASSED] - Statement - batchlength = new com.kms.katalon.core.testobject.TestObject(): null

2018-05-24 19:37:14 - [TEST_STEP][PASSED] - Statement - batchlength = com.kms.katalon.core.webui.keyword.WebUiBuiltInKeywords.modifyObjectProperty(batchlength, "xpath", "equals", "//*[@id = "fldvendor" + row + ""]", true): Modify property of object successfully

2018-05-24 19:37:14 - [MESSAGE][PASSED] - Modify property of object successfully

2018-05-24 19:37:14 - [TEST_STEP][PASSED] - Statement - batchsize = com.kms.katalon.core.webui.keyword.WebUiBuiltInKeywords.getNumberOfTotalOption(batchlength): 7 options of object '' counted

2018-05-24 19:37:14 - [MESSAGE][PASSED] - 7 options of object '' counted

2018-05-24 19:37:14 - [TEST_STEP][PASSED] - Statement - out.println("BatchSize : " + batchsize): null

2018-05-24 19:37:14 - [TEST_STEP][PASSED] - Statement - For ([n = 1, n <= batchsize - 1, (n++)]): null

2018-05-24 19:37:14 - [TEST_STEP][PASSED] - Statement - product = new com.kms.katalon.core.testobject.TestObject(): null

2018-05-24 19:37:14 - [TEST_STEP][PASSED] - Statement - product = com.kms.katalon.core.webui.keyword.WebUiBuiltInKeywords.modifyObjectProperty(product, "xpath", "equals", "//*[@id = "fldvendor" + row + ""]", true): Modify property of object successfully

2018-05-24 19:37:14 - [MESSAGE][PASSED] - Modify property of object successfully

2018-05-24 19:37:14 - [TEST_STEP][PASSED] - selectOptionByIndex: All options with index in [1] are selected on object ''

2018-05-24 19:37:14 - [MESSAGE][PASSED] - All options with index in [1] are selected on object ''

2018-05-24 19:37:14 - [TEST_STEP][PASSED] - Statement - batch = new com.kms.katalon.core.testobject.TestObject(): null

2018-05-24 19:37:14 - [TEST_STEP][PASSED] - Statement - batch = com.kms.katalon.core.webui.keyword.WebUiBuiltInKeywords.modifyObjectProperty(batch, "xpath", "equals", "//*[@id = "txtbthqty" + row + ""]", true): Modify property of object successfully

2018-05-24 19:37:14 - [MESSAGE][PASSED] - Modify property of object successfully

2018-05-24 19:37:14 - [TEST_STEP][PASSED] - Statement - batchqty = com.kms.katalon.core.webui.keyword.WebUiBuiltInKeywords.getAttribute(batch, "value").trim(): Attribute 'value' of object '' is: '38900'

2018-05-24 19:37:14 - [MESSAGE][PASSED] - Attribute 'value' of object '' is: '38900'

2018-05-24 19:37:14 - [TEST_STEP][PASSED] - Statement - Rqty = 100: null

2018-05-24 19:37:14 - [TEST_STEP][PASSED] - delay: Delayed 2 second(s)

2018-05-24 19:37:16 - [MESSAGE][PASSED] - Delayed 2 second(s)

2018-05-24 19:37:16 - [TEST_STEP][PASSED] - Statement - out.println("BatchQty : " + batchqty): null

2018-05-24 19:37:16 - [TEST_STEP][PASSED] - Statement - out.println("RQty : " + Rqty): null

2018-05-24 19:37:16 - [TEST_STEP][PASSED] - Statement - If (java.lang.Integer.valueOf(batchqty) >= java.lang.Integer.valueOf(Rqty)): null

2018-05-24 19:37:16 - [TEST_STEP][PASSED] - Statement - Break: null

2018-05-24 19:37:16 - [TEST_STEP][PASSED] - Statement - batchlength = new com.kms.katalon.core.testobject.TestObject(): null

2018-05-24 19:37:16 - [TEST_STEP][PASSED] - Statement - batchlength = com.kms.katalon.core.webui.keyword.WebUiBuiltInKeywords.modifyObjectProperty(batchlength, "xpath", "equals", "//*[@id = "fldvendor" + row + ""]", true): Modify property of object successfully

2018-05-24 19:37:16 - [MESSAGE][PASSED] - Modify property of object successfully

2018-05-24 19:37:16 - [TEST_STEP][PASSED] - Statement - batchsize = com.kms.katalon.core.webui.keyword.WebUiBuiltInKeywords.getNumberOfTotalOption(batchlength): 7 options of object '' counted

2018-05-24 19:37:16 - [MESSAGE][PASSED] - 7 options of object '' counted

2018-05-24 19:37:16 - [TEST_STEP][PASSED] - Statement - out.println("BatchSize : " + batchsize): null

2018-05-24 19:37:16 - [TEST_STEP][PASSED] - Statement - For ([n = 1, n <= batchsize - 1, (n++)]): null

2018-05-24 19:37:16 - [TEST_STEP][PASSED] - Statement - product = new com.kms.katalon.core.testobject.TestObject(): null

2018-05-24 19:37:16 - [TEST_STEP][PASSED] - Statement - product = com.kms.katalon.core.webui.keyword.WebUiBuiltInKeywords.modifyObjectProperty(product, "xpath", "equals", "//*[@id = "fldvendor" + row + ""]", true): Modify property of object successfully

2018-05-24 19:37:16 - [MESSAGE][PASSED] - Modify property of object successfully

2018-05-24 19:37:16 - [TEST_STEP][PASSED] - selectOptionByIndex: All options with index in [1] are selected on object ''

2018-05-24 19:37:16 - [MESSAGE][PASSED] - All options with index in [1] are selected on object ''

2018-05-24 19:37:16 - [TEST_STEP][PASSED] - Statement - batch = new com.kms.katalon.core.testobject.TestObject(): null

2018-05-24 19:37:16 - [TEST_STEP][PASSED] - Statement - batch = com.kms.katalon.core.webui.keyword.WebUiBuiltInKeywords.modifyObjectProperty(batch, "xpath", "equals", "//*[@id = "txtbthqty" + row + ""]", true): Modify property of object successfully

2018-05-24 19:37:16 - [MESSAGE][PASSED] - Modify property of object successfully

2018-05-24 19:37:16 - [TEST_STEP][PASSED] - Statement - batchqty = com.kms.katalon.core.webui.keyword.WebUiBuiltInKeywords.getAttribute(batch, "value").trim(): Attribute 'value' of object '' is: '38900'

2018-05-24 19:37:16 - [MESSAGE][PASSED] - Attribute 'value' of object '' is: '38900'

2018-05-24 19:37:16 - [TEST_STEP][PASSED] - Statement - Rqty = 100: null

2018-05-24 19:37:16 - [TEST_STEP][PASSED] - delay: Delayed 2 second(s)

2018-05-24 19:37:18 - [MESSAGE][PASSED] - Delayed 2 second(s)

2018-05-24 19:37:18 - [TEST_STEP][PASSED] - Statement - out.println("BatchQty : " + batchqty): null

2018-05-24 19:37:18 - [TEST_STEP][PASSED] - Statement - out.println("RQty : " + Rqty): null

2018-05-24 19:37:18 - [TEST_STEP][PASSED] - Statement - If (java.lang.Integer.valueOf(batchqty) >= java.lang.Integer.valueOf(Rqty)): null

2018-05-24 19:37:18 - [TEST_STEP][PASSED] - Statement - Break: null

2018-05-24 19:37:18 - [TEST_STEP][PASSED] - Statement - batchlength = new com.kms.katalon.core.testobject.TestObject(): null

2018-05-24 19:37:18 - [TEST_STEP][PASSED] - Statement - batchlength = com.kms.katalon.core.webui.keyword.WebUiBuiltInKeywords.modifyObjectProperty(batchlength, "xpath", "equals", "//*[@id = "fldvendor" + row + ""]", true): Modify property of object successfully

2018-05-24 19:37:18 - [MESSAGE][PASSED] - Modify property of object successfully

2018-05-24 19:37:18 - [TEST_STEP][PASSED] - Statement - batchsize = com.kms.katalon.core.webui.keyword.WebUiBuiltInKeywords.getNumberOfTotalOption(batchlength): 7 options of object '' counted

2018-05-24 19:37:18 - [MESSAGE][PASSED] - 7 options of object '' counted

2018-05-24 19:37:18 - [TEST_STEP][PASSED] - Statement - out.println("BatchSize : " + batchsize): null

2018-05-24 19:37:18 - [TEST_STEP][PASSED] - Statement - For ([n = 1, n <= batchsize - 1, (n++)]): null

2018-05-24 19:37:18 - [TEST_STEP][PASSED] - Statement - product = new com.kms.katalon.core.testobject.TestObject(): null

2018-05-24 19:37:18 - [TEST_STEP][PASSED] - Statement - product = com.kms.katalon.core.webui.keyword.WebUiBuiltInKeywords.modifyObjectProperty(product, "xpath", "equals", "//*[@id = "fldvendor" + row + ""]", true): Modify property of object successfully

2018-05-24 19:37:18 - [MESSAGE][PASSED] - Modify property of object successfully

2018-05-24 19:37:18 - [TEST_STEP][PASSED] - selectOptionByIndex: All options with index in [1] are selected on object ''

2018-05-24 19:37:18 - [MESSAGE][PASSED] - All options with index in [1] are selected on object ''

2018-05-24 19:37:18 - [TEST_STEP][PASSED] - Statement - batch = new com.kms.katalon.core.testobject.TestObject(): null

2018-05-24 19:37:18 - [TEST_STEP][PASSED] - Statement - batch = com.kms.katalon.core.webui.keyword.WebUiBuiltInKeywords.modifyObjectProperty(batch, "xpath", "equals", "//*[@id = "txtbthqty" + row + ""]", true): Modify property of object successfully

2018-05-24 19:37:18 - [MESSAGE][PASSED] - Modify property of object successfully

2018-05-24 19:37:18 - [TEST_STEP][PASSED] - Statement - batchqty = com.kms.katalon.core.webui.keyword.WebUiBuiltInKeywords.getAttribute(batch, "value").trim(): Attribute 'value' of object '' is: '38900'

2018-05-24 19:37:18 - [MESSAGE][PASSED] - Attribute 'value' of object '' is: '38900'

2018-05-24 19:37:18 - [TEST_STEP][PASSED] - Statement - Rqty = 100: null

2018-05-24 19:37:18 - [TEST_STEP][PASSED] - delay: Delayed 2 second(s)

2018-05-24 19:37:20 - [MESSAGE][PASSED] - Delayed 2 second(s)

2018-05-24 19:37:20 - [TEST_STEP][PASSED] - Statement - out.println("BatchQty : " + batchqty): null

2018-05-24 19:37:20 - [TEST_STEP][PASSED] - Statement - out.println("RQty : " + Rqty): null

2018-05-24 19:37:20 - [TEST_STEP][PASSED] - Statement - If (java.lang.Integer.valueOf(batchqty) >= java.lang.Integer.valueOf(Rqty)): null

2018-05-24 19:37:20 - [TEST_STEP][PASSED] - Statement - Break: null

2018-05-24 19:37:20 - [TEST_STEP][PASSED] - Statement - batchlength = new com.kms.katalon.core.testobject.TestObject(): null

2018-05-24 19:37:20 - [TEST_STEP][PASSED] - Statement - batchlength = com.kms.katalon.core.webui.keyword.WebUiBuiltInKeywords.modifyObjectProperty(batchlength, "xpath", "equals", "//*[@id = "fldvendor" + row + ""]", true): Modify property of object successfully

2018-05-24 19:37:20 - [MESSAGE][PASSED] - Modify property of object successfully

2018-05-24 19:37:20 - [TEST_STEP][PASSED] - Statement - batchsize = com.kms.katalon.core.webui.keyword.WebUiBuiltInKeywords.getNumberOfTotalOption(batchlength): 7 options of object '' counted

2018-05-24 19:37:20 - [MESSAGE][PASSED] - 7 options of object '' counted

2018-05-24 19:37:20 - [TEST_STEP][PASSED] - Statement - out.println("BatchSize : " + batchsize): null

2018-05-24 19:37:20 - [TEST_STEP][PASSED] - Statement - For ([n = 1, n <= batchsize - 1, (n++)]): null

2018-05-24 19:37:20 - [TEST_STEP][PASSED] - Statement - product = new com.kms.katalon.core.testobject.TestObject(): null

2018-05-24 19:37:20 - [TEST_STEP][PASSED] - Statement - product = com.kms.katalon.core.webui.keyword.WebUiBuiltInKeywords.modifyObjectProperty(product, "xpath", "equals", "//*[@id = "fldvendor" + row + ""]", true): Modify property of object successfully

2018-05-24 19:37:20 - [MESSAGE][PASSED] - Modify property of object successfully

2018-05-24 19:37:20 - [TEST_STEP][PASSED] - selectOptionByIndex: All options with index in [1] are selected on object ''

2018-05-24 19:37:21 - [MESSAGE][PASSED] - All options with index in [1] are selected on object ''

2018-05-24 19:37:21 - [TEST_STEP][PASSED] - Statement - batch = new com.kms.katalon.core.testobject.TestObject(): null

2018-05-24 19:37:21 - [TEST_STEP][PASSED] - Statement - batch = com.kms.katalon.core.webui.keyword.WebUiBuiltInKeywords.modifyObjectProperty(batch, "xpath", "equals", "//*[@id = "txtbthqty" + row + ""]", true): Modify property of object successfully

2018-05-24 19:37:21 - [MESSAGE][PASSED] - Modify property of object successfully

2018-05-24 19:37:21 - [TEST_STEP][PASSED] - Statement - batchqty = com.kms.katalon.core.webui.keyword.WebUiBuiltInKeywords.getAttribute(batch, "value").trim(): Attribute 'value' of object '' is: '38900'

2018-05-24 19:37:21 - [MESSAGE][PASSED] - Attribute 'value' of object '' is: '38900'

2018-05-24 19:37:21 - [TEST_STEP][PASSED] - Statement - Rqty = 100: null

2018-05-24 19:37:21 - [TEST_STEP][PASSED] - delay: Delayed 2 second(s)

2018-05-24 19:37:23 - [MESSAGE][PASSED] - Delayed 2 second(s)

2018-05-24 19:37:23 - [TEST_STEP][PASSED] - Statement - out.println("BatchQty : " + batchqty): null

2018-05-24 19:37:23 - [TEST_STEP][PASSED] - Statement - out.println("RQty : " + Rqty): null

2018-05-24 19:37:23 - [TEST_STEP][PASSED] - Statement - If (java.lang.Integer.valueOf(batchqty) >= java.lang.Integer.valueOf(Rqty)): null

2018-05-24 19:37:23 - [TEST_STEP][PASSED] - Statement - Break: null

2018-05-24 19:37:23 - [TEST_STEP][PASSED] - Statement - batchlength = new com.kms.katalon.core.testobject.TestObject(): null

2018-05-24 19:37:23 - [TEST_STEP][PASSED] - Statement - batchlength = com.kms.katalon.core.webui.keyword.WebUiBuiltInKeywords.modifyObjectProperty(batchlength, "xpath", "equals", "//*[@id = "fldvendor" + row + ""]", true): Modify property of object successfully

2018-05-24 19:37:23 - [MESSAGE][PASSED] - Modify property of object successfully

2018-05-24 19:37:23 - [TEST_STEP][PASSED] - Statement - batchsize = com.kms.katalon.core.webui.keyword.WebUiBuiltInKeywords.getNumberOfTotalOption(batchlength): 7 options of object '' counted

2018-05-24 19:37:23 - [MESSAGE][PASSED] - 7 options of object '' counted

2018-05-24 19:37:23 - [TEST_STEP][PASSED] - Statement - out.println("BatchSize : " + batchsize): null

2018-05-24 19:37:23 - [TEST_STEP][PASSED] - Statement - For ([n = 1, n <= batchsize - 1, (n++)]): null

2018-05-24 19:37:23 - [TEST_STEP][PASSED] - Statement - product = new com.kms.katalon.core.testobject.TestObject(): null

2018-05-24 19:37:23 - [TEST_STEP][PASSED] - Statement - product = com.kms.katalon.core.webui.keyword.WebUiBuiltInKeywords.modifyObjectProperty(product, "xpath", "equals", "//*[@id = "fldvendor" + row + ""]", true): Modify property of object successfully

2018-05-24 19:37:23 - [MESSAGE][PASSED] - Modify property of object successfully

2018-05-24 19:37:23 - [TEST_STEP][PASSED] - selectOptionByIndex: All options with index in [1] are selected on object ''

2018-05-24 19:37:23 - [MESSAGE][PASSED] - All options with index in [1] are selected on object ''

2018-05-24 19:37:23 - [TEST_STEP][PASSED] - Statement - batch = new com.kms.katalon.core.testobject.TestObject(): null

2018-05-24 19:37:23 - [TEST_STEP][PASSED] - Statement - batch = com.kms.katalon.core.webui.keyword.WebUiBuiltInKeywords.modifyObjectProperty(batch, "xpath", "equals", "//*[@id = "txtbthqty" + row + ""]", true): Modify property of object successfully

2018-05-24 19:37:23 - [MESSAGE][PASSED] - Modify property of object successfully

2018-05-24 19:37:23 - [TEST_STEP][PASSED] - Statement - batchqty = com.kms.katalon.core.webui.keyword.WebUiBuiltInKeywords.getAttribute(batch, "value").trim(): Attribute 'value' of object '' is: '4000'

2018-05-24 19:37:23 - [MESSAGE][PASSED] - Attribute 'value' of object '' is: '4000'

2018-05-24 19:37:23 - [TEST_STEP][PASSED] - Statement - Rqty = 100: null

2018-05-24 19:37:23 - [TEST_STEP][PASSED] - delay: Delayed 2 second(s)

2018-05-24 19:37:25 - [MESSAGE][PASSED] - Delayed 2 second(s)

2018-05-24 19:37:25 - [TEST_STEP][PASSED] - Statement - out.println("BatchQty : " + batchqty): null

2018-05-24 19:37:25 - [TEST_STEP][PASSED] - Statement - out.println("RQty : " + Rqty): null

2018-05-24 19:37:25 - [TEST_STEP][PASSED] - Statement - If (java.lang.Integer.valueOf(batchqty) >= java.lang.Integer.valueOf(Rqty)): null

2018-05-24 19:37:25 - [TEST_STEP][PASSED] - Statement - Break: null

2018-05-24 19:37:25 - [TEST_STEP][PASSED] - Statement - batchlength = new com.kms.katalon.core.testobject.TestObject(): null

2018-05-24 19:37:25 - [TEST_STEP][PASSED] - Statement - batchlength = com.kms.katalon.core.webui.keyword.WebUiBuiltInKeywords.modifyObjectProperty(batchlength, "xpath", "equals", "//*[@id = "fldvendor" + row + ""]", true): Modify property of object successfully

2018-05-24 19:37:25 - [MESSAGE][PASSED] - Modify property of object successfully

2018-05-24 19:37:25 - [TEST_STEP][PASSED] - Statement - batchsize = com.kms.katalon.core.webui.keyword.WebUiBuiltInKeywords.getNumberOfTotalOption(batchlength): 7 options of object '' counted

2018-05-24 19:37:25 - [MESSAGE][PASSED] - 7 options of object '' counted

2018-05-24 19:37:25 - [TEST_STEP][PASSED] - Statement - out.println("BatchSize : " + batchsize): null

2018-05-24 19:37:25 - [TEST_STEP][PASSED] - Statement - For ([n = 1, n <= batchsize - 1, (n++)]): null

2018-05-24 19:37:25 - [TEST_STEP][PASSED] - Statement - product = new com.kms.katalon.core.testobject.TestObject(): null

2018-05-24 19:37:25 - [TEST_STEP][PASSED] - Statement - product = com.kms.katalon.core.webui.keyword.WebUiBuiltInKeywords.modifyObjectProperty(product, "xpath", "equals", "//*[@id = "fldvendor" + row + ""]", true): Modify property of object successfully

2018-05-24 19:37:25 - [MESSAGE][PASSED] - Modify property of object successfully

2018-05-24 19:37:25 - [TEST_STEP][PASSED] - selectOptionByIndex: All options with index in [1] are selected on object ''

2018-05-24 19:37:25 - [MESSAGE][PASSED] - All options with index in [1] are selected on object ''

2018-05-24 19:37:25 - [TEST_STEP][PASSED] - Statement - batch = new com.kms.katalon.core.testobject.TestObject(): null

2018-05-24 19:37:25 - [TEST_STEP][PASSED] - Statement - batch = com.kms.katalon.core.webui.keyword.WebUiBuiltInKeywords.modifyObjectProperty(batch, "xpath", "equals", "//*[@id = "txtbthqty" + row + ""]", true): Modify property of object successfully

2018-05-24 19:37:25 - [MESSAGE][PASSED] - Modify property of object successfully

2018-05-24 19:37:25 - [TEST_STEP][PASSED] - Statement - batchqty = com.kms.katalon.core.webui.keyword.WebUiBuiltInKeywords.getAttribute(batch, "value").trim(): Attribute 'value' of object '' is: '3900'

2018-05-24 19:37:25 - [MESSAGE][PASSED] - Attribute 'value' of object '' is: '3900'

2018-05-24 19:37:25 - [TEST_STEP][PASSED] - Statement - Rqty = 100: null

2018-05-24 19:37:25 - [TEST_STEP][PASSED] - delay: Delayed 2 second(s)

2018-05-24 19:37:27 - [MESSAGE][PASSED] - Delayed 2 second(s)

2018-05-24 19:37:27 - [TEST_STEP][PASSED] - Statement - out.println("BatchQty : " + batchqty): null

2018-05-24 19:37:27 - [TEST_STEP][PASSED] - Statement - out.println("RQty : " + Rqty): null

2018-05-24 19:37:27 - [TEST_STEP][PASSED] - Statement - If (java.lang.Integer.valueOf(batchqty) >= java.lang.Integer.valueOf(Rqty)): null

2018-05-24 19:37:27 - [TEST_STEP][PASSED] - Statement - Break: null

2018-05-24 19:37:27 - [TEST_STEP][PASSED] - Statement - batchlength = new com.kms.katalon.core.testobject.TestObject(): null

2018-05-24 19:37:27 - [TEST_STEP][PASSED] - Statement - batchlength = com.kms.katalon.core.webui.keyword.WebUiBuiltInKeywords.modifyObjectProperty(batchlength, "xpath", "equals", "//*[@id = "fldvendor" + row + ""]", true): Modify property of object successfully

2018-05-24 19:37:27 - [MESSAGE][PASSED] - Modify property of object successfully

2018-05-24 19:37:27 - [TEST_STEP][PASSED] - Statement - batchsize = com.kms.katalon.core.webui.keyword.WebUiBuiltInKeywords.getNumberOfTotalOption(batchlength): 7 options of object '' counted

2018-05-24 19:37:27 - [MESSAGE][PASSED] - 7 options of object '' counted

2018-05-24 19:37:27 - [TEST_STEP][PASSED] - Statement - out.println("BatchSize : " + batchsize): null

2018-05-24 19:37:27 - [TEST_STEP][PASSED] - Statement - For ([n = 1, n <= batchsize - 1, (n++)]): null

2018-05-24 19:37:27 - [TEST_STEP][PASSED] - Statement - product = new com.kms.katalon.core.testobject.TestObject(): null

2018-05-24 19:37:27 - [TEST_STEP][PASSED] - Statement - product = com.kms.katalon.core.webui.keyword.WebUiBuiltInKeywords.modifyObjectProperty(product, "xpath", "equals", "//*[@id = "fldvendor" + row + ""]", true): Modify property of object successfully

2018-05-24 19:37:27 - [MESSAGE][PASSED] - Modify property of object successfully

2018-05-24 19:37:27 - [TEST_STEP][PASSED] - selectOptionByIndex: All options with index in [1] are selected on object ''

2018-05-24 19:37:27 - [MESSAGE][PASSED] - All options with index in [1] are selected on object ''

2018-05-24 19:37:27 - [TEST_STEP][PASSED] - Statement - batch = new com.kms.katalon.core.testobject.TestObject(): null

2018-05-24 19:37:27 - [TEST_STEP][PASSED] - Statement - batch = com.kms.katalon.core.webui.keyword.WebUiBuiltInKeywords.modifyObjectProperty(batch, "xpath", "equals", "//*[@id = "txtbthqty" + row + ""]", true): Modify property of object successfully

2018-05-24 19:37:27 - [MESSAGE][PASSED] - Modify property of object successfully

2018-05-24 19:37:27 - [TEST_STEP][PASSED] - Statement - batchqty = com.kms.katalon.core.webui.keyword.WebUiBuiltInKeywords.getAttribute(batch, "value").trim(): Attribute 'value' of object '' is: '3800'

2018-05-24 19:37:27 - [MESSAGE][PASSED] - Attribute 'value' of object '' is: '3800'

2018-05-24 19:37:27 - [TEST_STEP][PASSED] - Statement - Rqty = 100: null

2018-05-24 19:37:27 - [TEST_STEP][PASSED] - delay: Delayed 2 second(s)

2018-05-24 19:37:29 - [MESSAGE][PASSED] - Delayed 2 second(s)

2018-05-24 19:37:29 - [TEST_STEP][PASSED] - Statement - out.println("BatchQty : " + batchqty): null

2018-05-24 19:37:29 - [TEST_STEP][PASSED] - Statement - out.println("RQty : " + Rqty): null

2018-05-24 19:37:29 - [TEST_STEP][PASSED] - Statement - If (java.lang.Integer.valueOf(batchqty) >= java.lang.Integer.valueOf(Rqty)): null

2018-05-24 19:37:29 - [TEST_STEP][PASSED] - Statement - Break: null

2018-05-24 19:37:29 - [TEST_STEP][PASSED] - Statement - batchlength = new com.kms.katalon.core.testobject.TestObject(): null

2018-05-24 19:37:29 - [TEST_STEP][PASSED] - Statement - batchlength = com.kms.katalon.core.webui.keyword.WebUiBuiltInKeywords.modifyObjectProperty(batchlength, "xpath", "equals", "//*[@id = "fldvendor" + row + ""]", true): Modify property of object successfully

2018-05-24 19:37:29 - [MESSAGE][PASSED] - Modify property of object successfully

2018-05-24 19:37:29 - [TEST_STEP][PASSED] - Statement - batchsize = com.kms.katalon.core.webui.keyword.WebUiBuiltInKeywords.getNumberOfTotalOption(batchlength): 7 options of object '' counted

2018-05-24 19:37:29 - [MESSAGE][PASSED] - 7 options of object '' counted

2018-05-24 19:37:29 - [TEST_STEP][PASSED] - Statement - out.println("BatchSize : " + batchsize): null

2018-05-24 19:37:29 - [TEST_STEP][PASSED] - Statement - For ([n = 1, n <= batchsize - 1, (n++)]): null

2018-05-24 19:37:29 - [TEST_STEP][PASSED] - Statement - product = new com.kms.katalon.core.testobject.TestObject(): null

2018-05-24 19:37:29 - [TEST_STEP][PASSED] - Statement - product = com.kms.katalon.core.webui.keyword.WebUiBuiltInKeywords.modifyObjectProperty(product, "xpath", "equals", "//*[@id = "fldvendor" + row + ""]", true): Modify property of object successfully

2018-05-24 19:37:29 - [MESSAGE][PASSED] - Modify property of object successfully

2018-05-24 19:37:29 - [TEST_STEP][PASSED] - selectOptionByIndex: All options with index in [1] are selected on object ''

2018-05-24 19:37:30 - [MESSAGE][PASSED] - All options with index in [1] are selected on object ''

2018-05-24 19:37:30 - [TEST_STEP][PASSED] - Statement - batch = new com.kms.katalon.core.testobject.TestObject(): null

2018-05-24 19:37:30 - [TEST_STEP][PASSED] - Statement - batch = com.kms.katalon.core.webui.keyword.WebUiBuiltInKeywords.modifyObjectProperty(batch, "xpath", "equals", "//*[@id = "txtbthqty" + row + ""]", true): Modify property of object successfully

2018-05-24 19:37:30 - [MESSAGE][PASSED] - Modify property of object successfully

2018-05-24 19:37:30 - [TEST_STEP][PASSED] - Statement - batchqty = com.kms.katalon.core.webui.keyword.WebUiBuiltInKeywords.getAttribute(batch, "value").trim(): Attribute 'value' of object '' is: '4000'

2018-05-24 19:37:30 - [MESSAGE][PASSED] - Attribute 'value' of object '' is: '4000'

2018-05-24 19:37:30 - [TEST_STEP][PASSED] - Statement - Rqty = 100: null

2018-05-24 19:37:30 - [TEST_STEP][PASSED] - delay: Delayed 2 second(s)

2018-05-24 19:37:32 - [MESSAGE][PASSED] - Delayed 2 second(s)

2018-05-24 19:37:32 - [TEST_STEP][PASSED] - Statement - out.println("BatchQty : " + batchqty): null

2018-05-24 19:37:32 - [TEST_STEP][PASSED] - Statement - out.println("RQty : " + Rqty): null

2018-05-24 19:37:32 - [TEST_STEP][PASSED] - Statement - If (java.lang.Integer.valueOf(batchqty) >= java.lang.Integer.valueOf(Rqty)): null

2018-05-24 19:37:32 - [TEST_STEP][PASSED] - Statement - Break: null

2018-05-24 19:37:32 - [TEST_STEP][PASSED] - Statement - batchlength = new com.kms.katalon.core.testobject.TestObject(): null

2018-05-24 19:37:32 - [TEST_STEP][PASSED] - Statement - batchlength = com.kms.katalon.core.webui.keyword.WebUiBuiltInKeywords.modifyObjectProperty(batchlength, "xpath", "equals", "//*[@id = "fldvendor" + row + ""]", true): Modify property of object successfully

2018-05-24 19:37:32 - [MESSAGE][PASSED] - Modify property of object successfully

2018-05-24 19:37:32 - [TEST_STEP][PASSED] - Statement - batchsize = com.kms.katalon.core.webui.keyword.WebUiBuiltInKeywords.getNumberOfTotalOption(batchlength): 7 options of object '' counted

2018-05-24 19:37:32 - [MESSAGE][PASSED] - 7 options of object '' counted

2018-05-24 19:37:32 - [TEST_STEP][PASSED] - Statement - out.println("BatchSize : " + batchsize): null

2018-05-24 19:37:32 - [TEST_STEP][PASSED] - Statement - For ([n = 1, n <= batchsize - 1, (n++)]): null

2018-05-24 19:37:32 - [TEST_STEP][PASSED] - Statement - product = new com.kms.katalon.core.testobject.TestObject(): null

2018-05-24 19:37:32 - [TEST_STEP][PASSED] - Statement - product = com.kms.katalon.core.webui.keyword.WebUiBuiltInKeywords.modifyObjectProperty(product, "xpath", "equals", "//*[@id = "fldvendor" + row + ""]", true): Modify property of object successfully

2018-05-24 19:37:32 - [MESSAGE][PASSED] - Modify property of object successfully

2018-05-24 19:37:32 - [TEST_STEP][PASSED] - selectOptionByIndex: All options with index in [1] are selected on object ''

2018-05-24 19:37:32 - [MESSAGE][PASSED] - All options with index in [1] are selected on object ''

2018-05-24 19:37:32 - [TEST_STEP][PASSED] - Statement - batch = new com.kms.katalon.core.testobject.TestObject(): null

2018-05-24 19:37:32 - [TEST_STEP][PASSED] - Statement - batch = com.kms.katalon.core.webui.keyword.WebUiBuiltInKeywords.modifyObjectProperty(batch, "xpath", "equals", "//*[@id = "txtbthqty" + row + ""]", true): Modify property of object successfully

2018-05-24 19:37:32 - [MESSAGE][PASSED] - Modify property of object successfully

2018-05-24 19:37:32 - [TEST_STEP][PASSED] - Statement - batchqty = com.kms.katalon.core.webui.keyword.WebUiBuiltInKeywords.getAttribute(batch, "value").trim(): Attribute 'value' of object '' is: '3800'

2018-05-24 19:37:32 - [MESSAGE][PASSED] - Attribute 'value' of object '' is: '3800'

2018-05-24 19:37:32 - [TEST_STEP][PASSED] - Statement - Rqty = 100: null

2018-05-24 19:37:32 - [TEST_STEP][PASSED] - delay: Delayed 2 second(s)

2018-05-24 19:37:34 - [MESSAGE][PASSED] - Delayed 2 second(s)

2018-05-24 19:37:34 - [TEST_STEP][PASSED] - Statement - out.println("BatchQty : " + batchqty): null

2018-05-24 19:37:34 - [TEST_STEP][PASSED] - Statement - out.println("RQty : " + Rqty): null

2018-05-24 19:37:34 - [TEST_STEP][PASSED] - Statement - If (java.lang.Integer.valueOf(batchqty) >= java.lang.Integer.valueOf(Rqty)): null

2018-05-24 19:37:34 - [TEST_STEP][PASSED] - Statement - Break: null

2018-05-24 19:37:34 - [TEST_STEP][PASSED] - Statement - batchlength = new com.kms.katalon.core.testobject.TestObject(): null

2018-05-24 19:37:34 - [TEST_STEP][PASSED] - Statement - batchlength = com.kms.katalon.core.webui.keyword.WebUiBuiltInKeywords.modifyObjectProperty(batchlength, "xpath", "equals", "//*[@id = "fldvendor" + row + ""]", true): Modify property of object successfully

2018-05-24 19:37:34 - [MESSAGE][PASSED] - Modify property of object successfully

2018-05-24 19:37:34 - [TEST_STEP][PASSED] - Statement - batchsize = com.kms.katalon.core.webui.keyword.WebUiBuiltInKeywords.getNumberOfTotalOption(batchlength): 7 options of object '' counted

2018-05-24 19:37:34 - [MESSAGE][PASSED] - 7 options of object '' counted

2018-05-24 19:37:34 - [TEST_STEP][PASSED] - Statement - out.println("BatchSize : " + batchsize): null

2018-05-24 19:37:34 - [TEST_STEP][PASSED] - Statement - For ([n = 1, n <= batchsize - 1, (n++)]): null

2018-05-24 19:37:34 - [TEST_STEP][PASSED] - Statement - product = new com.kms.katalon.core.testobject.TestObject(): null

2018-05-24 19:37:34 - [TEST_STEP][PASSED] - Statement - product = com.kms.katalon.core.webui.keyword.WebUiBuiltInKeywords.modifyObjectProperty(product, "xpath", "equals", "//*[@id = "fldvendor" + row + ""]", true): Modify property of object successfully

2018-05-24 19:37:34 - [MESSAGE][PASSED] - Modify property of object successfully

2018-05-24 19:37:34 - [TEST_STEP][PASSED] - selectOptionByIndex: All options with index in [1] are selected on object ''

2018-05-24 19:37:34 - [MESSAGE][PASSED] - All options with index in [1] are selected on object ''

2018-05-24 19:37:34 - [TEST_STEP][PASSED] - Statement - batch = new com.kms.katalon.core.testobject.TestObject(): null

2018-05-24 19:37:34 - [TEST_STEP][PASSED] - Statement - batch = com.kms.katalon.core.webui.keyword.WebUiBuiltInKeywords.modifyObjectProperty(batch, "xpath", "equals", "//*[@id = "txtbthqty" + row + ""]", true): Modify property of object successfully

2018-05-24 19:37:34 - [MESSAGE][PASSED] - Modify property of object successfully

2018-05-24 19:37:34 - [TEST_STEP][PASSED] - Statement - batchqty = com.kms.katalon.core.webui.keyword.WebUiBuiltInKeywords.getAttribute(batch, "value").trim(): Attribute 'value' of object '' is: '3800'

2018-05-24 19:37:34 - [MESSAGE][PASSED] - Attribute 'value' of object '' is: '3800'

2018-05-24 19:37:34 - [TEST_STEP][PASSED] - Statement - Rqty = 100: null

2018-05-24 19:37:34 - [TEST_STEP][PASSED] - delay: Delayed 2 second(s)

2018-05-24 19:37:36 - [MESSAGE][PASSED] - Delayed 2 second(s)

2018-05-24 19:37:36 - [TEST_STEP][PASSED] - Statement - out.println("BatchQty : " + batchqty): null

2018-05-24 19:37:36 - [TEST_STEP][PASSED] - Statement - out.println("RQty : " + Rqty): null

2018-05-24 19:37:36 - [TEST_STEP][PASSED] - Statement - If (java.lang.Integer.valueOf(batchqty) >= java.lang.Integer.valueOf(Rqty)): null

2018-05-24 19:37:36 - [TEST_STEP][PASSED] - Statement - Break: null

2018-05-24 19:37:36 - [TEST_STEP][PASSED] - Statement - batchlength = new com.kms.katalon.core.testobject.TestObject(): null

2018-05-24 19:37:36 - [TEST_STEP][PASSED] - Statement - batchlength = com.kms.katalon.core.webui.keyword.WebUiBuiltInKeywords.modifyObjectProperty(batchlength, "xpath", "equals", "//*[@id = "fldvendor" + row + ""]", true): Modify property of object successfully

2018-05-24 19:37:36 - [MESSAGE][PASSED] - Modify property of object successfully

2018-05-24 19:37:36 - [TEST_STEP][PASSED] - Statement - batchsize = com.kms.katalon.core.webui.keyword.WebUiBuiltInKeywords.getNumberOfTotalOption(batchlength): 7 options of object '' counted

2018-05-24 19:37:36 - [MESSAGE][PASSED] - 7 options of object '' counted

2018-05-24 19:37:36 - [TEST_STEP][PASSED] - Statement - out.println("BatchSize : " + batchsize): null

2018-05-24 19:37:36 - [TEST_STEP][PASSED] - Statement - For ([n = 1, n <= batchsize - 1, (n++)]): null

2018-05-24 19:37:36 - [TEST_STEP][PASSED] - Statement - product = new com.kms.katalon.core.testobject.TestObject(): null

2018-05-24 19:37:36 - [TEST_STEP][PASSED] - Statement - product = com.kms.katalon.core.webui.keyword.WebUiBuiltInKeywords.modifyObjectProperty(product, "xpath", "equals", "//*[@id = "fldvendor" + row + ""]", true): Modify property of object successfully

2018-05-24 19:37:36 - [MESSAGE][PASSED] - Modify property of object successfully

2018-05-24 19:37:36 - [TEST_STEP][PASSED] - selectOptionByIndex: All options with index in [1] are selected on object ''

2018-05-24 19:37:36 - [MESSAGE][PASSED] - All options with index in [1] are selected on object ''

2018-05-24 19:37:36 - [TEST_STEP][PASSED] - Statement - batch = new com.kms.katalon.core.testobject.TestObject(): null

2018-05-24 19:37:36 - [TEST_STEP][PASSED] - Statement - batch = com.kms.katalon.core.webui.keyword.WebUiBuiltInKeywords.modifyObjectProperty(batch, "xpath", "equals", "//*[@id = "txtbthqty" + row + ""]", true): Modify property of object successfully

2018-05-24 19:37:36 - [MESSAGE][PASSED] - Modify property of object successfully

2018-05-24 19:37:36 - [TEST_STEP][PASSED] - Statement - batchqty = com.kms.katalon.core.webui.keyword.WebUiBuiltInKeywords.getAttribute(batch, "value").trim(): Attribute 'value' of object '' is: '4000'

2018-05-24 19:37:36 - [MESSAGE][PASSED] - Attribute 'value' of object '' is: '4000'

2018-05-24 19:37:36 - [TEST_STEP][PASSED] - Statement - Rqty = 100: null

2018-05-24 19:37:36 - [TEST_STEP][PASSED] - delay: Delayed 2 second(s)

2018-05-24 19:37:38 - [MESSAGE][PASSED] - Delayed 2 second(s)

2018-05-24 19:37:38 - [TEST_STEP][PASSED] - Statement - out.println("BatchQty : " + batchqty): null

2018-05-24 19:37:38 - [TEST_STEP][PASSED] - Statement - out.println("RQty : " + Rqty): null

2018-05-24 19:37:38 - [TEST_STEP][PASSED] - Statement - If (java.lang.Integer.valueOf(batchqty) >= java.lang.Integer.valueOf(Rqty)): null

2018-05-24 19:37:38 - [TEST_STEP][PASSED] - Statement - Break: null

2018-05-24 19:37:38 - [TEST_STEP][PASSED] - Statement - batchlength = new com.kms.katalon.core.testobject.TestObject(): null

2018-05-24 19:37:38 - [TEST_STEP][PASSED] - Statement - batchlength = com.kms.katalon.core.webui.keyword.WebUiBuiltInKeywords.modifyObjectProperty(batchlength, "xpath", "equals", "//*[@id = "fldvendor" + row + ""]", true): Modify property of object successfully

2018-05-24 19:37:38 - [MESSAGE][PASSED] - Modify property of object successfully

2018-05-24 19:37:38 - [TEST_STEP][PASSED] - Statement - batchsize = com.kms.katalon.core.webui.keyword.WebUiBuiltInKeywords.getNumberOfTotalOption(batchlength): 7 options of object '' counted

2018-05-24 19:37:38 - [MESSAGE][PASSED] - 7 options of object '' counted

2018-05-24 19:37:38 - [TEST_STEP][PASSED] - Statement - out.println("BatchSize : " + batchsize): null

2018-05-24 19:37:38 - [TEST_STEP][PASSED] - Statement - For ([n = 1, n <= batchsize - 1, (n++)]): null

2018-05-24 19:37:38 - [TEST_STEP][PASSED] - Statement - product = new com.kms.katalon.core.testobject.TestObject(): null

2018-05-24 19:37:38 - [TEST_STEP][PASSED] - Statement - product = com.kms.katalon.core.webui.keyword.WebUiBuiltInKeywords.modifyObjectProperty(product, "xpath", "equals", "//*[@id = "fldvendor" + row + ""]", true): Modify property of object successfully

2018-05-24 19:37:38 - [MESSAGE][PASSED] - Modify property of object successfully

2018-05-24 19:37:38 - [TEST_STEP][PASSED] - selectOptionByIndex: All options with index in [1] are selected on object ''

2018-05-24 19:37:39 - [MESSAGE][PASSED] - All options with index in [1] are selected on object ''

2018-05-24 19:37:39 - [TEST_STEP][PASSED] - Statement - batch = new com.kms.katalon.core.testobject.TestObject(): null

2018-05-24 19:37:39 - [TEST_STEP][PASSED] - Statement - batch = com.kms.katalon.core.webui.keyword.WebUiBuiltInKeywords.modifyObjectProperty(batch, "xpath", "equals", "//*[@id = "txtbthqty" + row + ""]", true): Modify property of object successfully

2018-05-24 19:37:39 - [MESSAGE][PASSED] - Modify property of object successfully

2018-05-24 19:37:39 - [TEST_STEP][PASSED] - Statement - batchqty = com.kms.katalon.core.webui.keyword.WebUiBuiltInKeywords.getAttribute(batch, "value").trim(): Attribute 'value' of object '' is: '38900'

2018-05-24 19:37:39 - [MESSAGE][PASSED] - Attribute 'value' of object '' is: '38900'

2018-05-24 19:37:39 - [TEST_STEP][PASSED] - Statement - Rqty = 100: null

2018-05-24 19:37:39 - [TEST_STEP][PASSED] - delay: Delayed 2 second(s)

2018-05-24 19:37:41 - [MESSAGE][PASSED] - Delayed 2 second(s)

2018-05-24 19:37:41 - [TEST_STEP][PASSED] - Statement - out.println("BatchQty : " + batchqty): null

2018-05-24 19:37:41 - [TEST_STEP][PASSED] - Statement - out.println("RQty : " + Rqty): null

2018-05-24 19:37:41 - [TEST_STEP][PASSED] - Statement - If (java.lang.Integer.valueOf(batchqty) >= java.lang.Integer.valueOf(Rqty)): null

2018-05-24 19:37:41 - [TEST_STEP][PASSED] - Statement - Break: null

2018-05-24 19:37:41 - [TEST_STEP][PASSED] - Statement - batchlength = new com.kms.katalon.core.testobject.TestObject(): null

2018-05-24 19:37:41 - [TEST_STEP][PASSED] - Statement - batchlength = com.kms.katalon.core.webui.keyword.WebUiBuiltInKeywords.modifyObjectProperty(batchlength, "xpath", "equals", "//*[@id = "fldvendor" + row + ""]", true): Modify property of object successfully

2018-05-24 19:37:41 - [MESSAGE][PASSED] - Modify property of object successfully

2018-05-24 19:37:41 - [TEST_STEP][PASSED] - Statement - batchsize = com.kms.katalon.core.webui.keyword.WebUiBuiltInKeywords.getNumberOfTotalOption(batchlength): 7 options of object '' counted

2018-05-24 19:37:41 - [MESSAGE][PASSED] - 7 options of object '' counted

2018-05-24 19:37:41 - [TEST_STEP][PASSED] - Statement - out.println("BatchSize : " + batchsize): null

2018-05-24 19:37:41 - [TEST_STEP][PASSED] - Statement - For ([n = 1, n <= batchsize - 1, (n++)]): null

2018-05-24 19:37:41 - [TEST_STEP][PASSED] - Statement - product = new com.kms.katalon.core.testobject.TestObject(): null

2018-05-24 19:37:41 - [TEST_STEP][PASSED] - Statement - product = com.kms.katalon.core.webui.keyword.WebUiBuiltInKeywords.modifyObjectProperty(product, "xpath", "equals", "//*[@id = "fldvendor" + row + ""]", true): Modify property of object successfully

2018-05-24 19:37:41 - [MESSAGE][PASSED] - Modify property of object successfully

2018-05-24 19:37:41 - [TEST_STEP][PASSED] - selectOptionByIndex: All options with index in [1] are selected on object ''

2018-05-24 19:37:41 - [MESSAGE][PASSED] - All options with index in [1] are selected on object ''

2018-05-24 19:37:41 - [TEST_STEP][PASSED] - Statement - batch = new com.kms.katalon.core.testobject.TestObject(): null

2018-05-24 19:37:41 - [TEST_STEP][PASSED] - Statement - batch = com.kms.katalon.core.webui.keyword.WebUiBuiltInKeywords.modifyObjectProperty(batch, "xpath", "equals", "//*[@id = "txtbthqty" + row + ""]", true): Modify property of object successfully

2018-05-24 19:37:41 - [MESSAGE][PASSED] - Modify property of object successfully

2018-05-24 19:37:41 - [TEST_STEP][PASSED] - Statement - batchqty = com.kms.katalon.core.webui.keyword.WebUiBuiltInKeywords.getAttribute(batch, "value").trim(): Attribute 'value' of object '' is: '4000'

2018-05-24 19:37:41 - [MESSAGE][PASSED] - Attribute 'value' of object '' is: '4000'

2018-05-24 19:37:41 - [TEST_STEP][PASSED] - Statement - Rqty = 100: null

2018-05-24 19:37:41 - [TEST_STEP][PASSED] - delay: Delayed 2 second(s)

2018-05-24 19:37:43 - [MESSAGE][PASSED] - Delayed 2 second(s)

2018-05-24 19:37:43 - [TEST_STEP][PASSED] - Statement - out.println("BatchQty : " + batchqty): null

2018-05-24 19:37:43 - [TEST_STEP][PASSED] - Statement - out.println("RQty : " + Rqty): null

2018-05-24 19:37:43 - [TEST_STEP][PASSED] - Statement - If (java.lang.Integer.valueOf(batchqty) >= java.lang.Integer.valueOf(Rqty)): null

2018-05-24 19:37:43 - [TEST_STEP][PASSED] - Statement - Break: null

2018-05-24 19:37:43 - [TEST_STEP][PASSED] - Statement - batchlength = new com.kms.katalon.core.testobject.TestObject(): null

2018-05-24 19:37:43 - [TEST_STEP][PASSED] - Statement - batchlength = com.kms.katalon.core.webui.keyword.WebUiBuiltInKeywords.modifyObjectProperty(batchlength, "xpath", "equals", "//*[@id = "fldvendor" + row + ""]", true): Modify property of object successfully

2018-05-24 19:37:43 - [MESSAGE][PASSED] - Modify property of object successfully

2018-05-24 19:37:43 - [TEST_STEP][PASSED] - Statement - batchsize = com.kms.katalon.core.webui.keyword.WebUiBuiltInKeywords.getNumberOfTotalOption(batchlength): 7 options of object '' counted

2018-05-24 19:37:43 - [MESSAGE][PASSED] - 7 options of object '' counted

2018-05-24 19:37:43 - [TEST_STEP][PASSED] - Statement - out.println("BatchSize : " + batchsize): null

2018-05-24 19:37:43 - [TEST_STEP][PASSED] - Statement - For ([n = 1, n <= batchsize - 1, (n++)]): null

2018-05-24 19:37:43 - [TEST_STEP][PASSED] - Statement - product = new com.kms.katalon.core.testobject.TestObject(): null

2018-05-24 19:37:43 - [TEST_STEP][PASSED] - Statement - product = com.kms.katalon.core.webui.keyword.WebUiBuiltInKeywords.modifyObjectProperty(product, "xpath", "equals", "//*[@id = "fldvendor" + row + ""]", true): Modify property of object successfully

2018-05-24 19:37:43 - [MESSAGE][PASSED] - Modify property of object successfully

2018-05-24 19:37:43 - [TEST_STEP][PASSED] - selectOptionByIndex: All options with index in [1] are selected on object ''

2018-05-24 19:37:43 - [MESSAGE][PASSED] - All options with index in [1] are selected on object ''

2018-05-24 19:37:43 - [TEST_STEP][PASSED] - Statement - batch = new com.kms.katalon.core.testobject.TestObject(): null

2018-05-24 19:37:43 - [TEST_STEP][PASSED] - Statement - batch = com.kms.katalon.core.webui.keyword.WebUiBuiltInKeywords.modifyObjectProperty(batch, "xpath", "equals", "//*[@id = "txtbthqty" + row + ""]", true): Modify property of object successfully

2018-05-24 19:37:43 - [MESSAGE][PASSED] - Modify property of object successfully

2018-05-24 19:37:43 - [TEST_STEP][PASSED] - Statement - batchqty = com.kms.katalon.core.webui.keyword.WebUiBuiltInKeywords.getAttribute(batch, "value").trim(): Attribute 'value' of object '' is: '4000'

2018-05-24 19:37:43 - [MESSAGE][PASSED] - Attribute 'value' of object '' is: '4000'

2018-05-24 19:37:43 - [TEST_STEP][PASSED] - Statement - Rqty = 100: null

2018-05-24 19:37:43 - [TEST_STEP][PASSED] - delay: Delayed 2 second(s)

2018-05-24 19:37:45 - [MESSAGE][PASSED] - Delayed 2 second(s)

2018-05-24 19:37:45 - [TEST_STEP][PASSED] - Statement - out.println("BatchQty : " + batchqty): null

2018-05-24 19:37:45 - [TEST_STEP][PASSED] - Statement - out.println("RQty : " + Rqty): null

2018-05-24 19:37:45 - [TEST_STEP][PASSED] - Statement - If (java.lang.Integer.valueOf(batchqty) >= java.lang.Integer.valueOf(Rqty)): null

2018-05-24 19:37:45 - [TEST_STEP][PASSED] - Statement - Break: null

2018-05-24 19:37:45 - [TEST_STEP][PASSED] - Statement - batchlength = new com.kms.katalon.core.testobject.TestObject(): null

2018-05-24 19:37:45 - [TEST_STEP][PASSED] - Statement - batchlength = com.kms.katalon.core.webui.keyword.WebUiBuiltInKeywords.modifyObjectProperty(batchlength, "xpath", "equals", "//*[@id = "fldvendor" + row + ""]", true): Modify property of object successfully

2018-05-24 19:37:45 - [MESSAGE][PASSED] - Modify property of object successfully

2018-05-24 19:37:45 - [TEST_STEP][PASSED] - Statement - batchsize = com.kms.katalon.core.webui.keyword.WebUiBuiltInKeywords.getNumberOfTotalOption(batchlength): 7 options of object '' counted

2018-05-24 19:37:45 - [MESSAGE][PASSED] - 7 options of object '' counted

2018-05-24 19:37:45 - [TEST_STEP][PASSED] - Statement - out.println("BatchSize : " + batchsize): null

2018-05-24 19:37:45 - [TEST_STEP][PASSED] - Statement - For ([n = 1, n <= batchsize - 1, (n++)]): null

2018-05-24 19:37:45 - [TEST_STEP][PASSED] - Statement - product = new com.kms.katalon.core.testobject.TestObject(): null

2018-05-24 19:37:45 - [TEST_STEP][PASSED] - Statement - product = com.kms.katalon.core.webui.keyword.WebUiBuiltInKeywords.modifyObjectProperty(product, "xpath", "equals", "//*[@id = "fldvendor" + row + ""]", true): Modify property of object successfully

2018-05-24 19:37:45 - [MESSAGE][PASSED] - Modify property of object successfully

2018-05-24 19:37:45 - [TEST_STEP][PASSED] - selectOptionByIndex: All options with index in [1] are selected on object ''

2018-05-24 19:37:45 - [MESSAGE][PASSED] - All options with index in [1] are selected on object ''

2018-05-24 19:37:45 - [TEST_STEP][PASSED] - Statement - batch = new com.kms.katalon.core.testobject.TestObject(): null

2018-05-24 19:37:45 - [TEST_STEP][PASSED] - Statement - batch = com.kms.katalon.core.webui.keyword.WebUiBuiltInKeywords.modifyObjectProperty(batch, "xpath", "equals", "//*[@id = "txtbthqty" + row + ""]", true): Modify property of object successfully

2018-05-24 19:37:45 - [MESSAGE][PASSED] - Modify property of object successfully

2018-05-24 19:37:45 - [TEST_STEP][PASSED] - Statement - batchqty = com.kms.katalon.core.webui.keyword.WebUiBuiltInKeywords.getAttribute(batch, "value").trim(): Attribute 'value' of object '' is: '38900'

2018-05-24 19:37:45 - [MESSAGE][PASSED] - Attribute 'value' of object '' is: '38900'

2018-05-24 19:37:45 - [TEST_STEP][PASSED] - Statement - Rqty = 100: null

2018-05-24 19:37:45 - [TEST_STEP][PASSED] - delay: Delayed 2 second(s)

2018-05-24 19:37:47 - [MESSAGE][PASSED] - Delayed 2 second(s)

2018-05-24 19:37:47 - [TEST_STEP][PASSED] - Statement - out.println("BatchQty : " + batchqty): null

2018-05-24 19:37:47 - [TEST_STEP][PASSED] - Statement - out.println("RQty : " + Rqty): null

2018-05-24 19:37:47 - [TEST_STEP][PASSED] - Statement - If (java.lang.Integer.valueOf(batchqty) >= java.lang.Integer.valueOf(Rqty)): null

2018-05-24 19:37:47 - [TEST_STEP][PASSED] - Statement - Break: null

2018-05-24 19:37:47 - [TEST_STEP][PASSED] - Statement - batchlength = new com.kms.katalon.core.testobject.TestObject(): null

2018-05-24 19:37:47 - [TEST_STEP][PASSED] - Statement - batchlength = com.kms.katalon.core.webui.keyword.WebUiBuiltInKeywords.modifyObjectProperty(batchlength, "xpath", "equals", "//*[@id = "fldvendor" + row + ""]", true): Modify property of object successfully

2018-05-24 19:37:47 - [MESSAGE][PASSED] - Modify property of object successfully

2018-05-24 19:37:47 - [TEST_STEP][PASSED] - Statement - batchsize = com.kms.katalon.core.webui.keyword.WebUiBuiltInKeywords.getNumberOfTotalOption(batchlength): 7 options of object '' counted

2018-05-24 19:37:48 - [MESSAGE][PASSED] - 7 options of object '' counted

2018-05-24 19:37:48 - [TEST_STEP][PASSED] - Statement - out.println("BatchSize : " + batchsize): null

2018-05-24 19:37:48 - [TEST_STEP][PASSED] - Statement - For ([n = 1, n <= batchsize - 1, (n++)]): null

2018-05-24 19:37:48 - [TEST_STEP][PASSED] - Statement - product = new com.kms.katalon.core.testobject.TestObject(): null

2018-05-24 19:37:48 - [TEST_STEP][PASSED] - Statement - product = com.kms.katalon.core.webui.keyword.WebUiBuiltInKeywords.modifyObjectProperty(product, "xpath", "equals", "//*[@id = "fldvendor" + row + ""]", true): Modify property of object successfully

2018-05-24 19:37:48 - [MESSAGE][PASSED] - Modify property of object successfully

2018-05-24 19:37:48 - [TEST_STEP][PASSED] - selectOptionByIndex: All options with index in [1] are selected on object ''

2018-05-24 19:37:48 - [MESSAGE][PASSED] - All options with index in [1] are selected on object ''

2018-05-24 19:37:48 - [TEST_STEP][PASSED] - Statement - batch = new com.kms.katalon.core.testobject.TestObject(): null

2018-05-24 19:37:48 - [TEST_STEP][PASSED] - Statement - batch = com.kms.katalon.core.webui.keyword.WebUiBuiltInKeywords.modifyObjectProperty(batch, "xpath", "equals", "//*[@id = "txtbthqty" + row + ""]", true): Modify property of object successfully

2018-05-24 19:37:48 - [MESSAGE][PASSED] - Modify property of object successfully

2018-05-24 19:37:48 - [TEST_STEP][PASSED] - Statement - batchqty = com.kms.katalon.core.webui.keyword.WebUiBuiltInKeywords.getAttribute(batch, "value").trim(): Attribute 'value' of object '' is: '38900'

2018-05-24 19:37:48 - [MESSAGE][PASSED] - Attribute 'value' of object '' is: '38900'

2018-05-24 19:37:48 - [TEST_STEP][PASSED] - Statement - Rqty = 100: null

2018-05-24 19:37:48 - [TEST_STEP][PASSED] - delay: Delayed 2 second(s)

2018-05-24 19:37:50 - [MESSAGE][PASSED] - Delayed 2 second(s)

2018-05-24 19:37:50 - [TEST_STEP][PASSED] - Statement - out.println("BatchQty : " + batchqty): null

2018-05-24 19:37:50 - [TEST_STEP][PASSED] - Statement - out.println("RQty : " + Rqty): null

2018-05-24 19:37:50 - [TEST_STEP][PASSED] - Statement - If (java.lang.Integer.valueOf(batchqty) >= java.lang.Integer.valueOf(Rqty)): null

2018-05-24 19:37:50 - [TEST_STEP][PASSED] - Statement - Break: null

2018-05-24 19:37:50 - [TEST_STEP][PASSED] - Statement - batchlength = new com.kms.katalon.core.testobject.TestObject(): null

2018-05-24 19:37:50 - [TEST_STEP][PASSED] - Statement - batchlength = com.kms.katalon.core.webui.keyword.WebUiBuiltInKeywords.modifyObjectProperty(batchlength, "xpath", "equals", "//*[@id = "fldvendor" + row + ""]", true): Modify property of object successfully

2018-05-24 19:37:50 - [MESSAGE][PASSED] - Modify property of object successfully

2018-05-24 19:37:50 - [TEST_STEP][PASSED] - Statement - batchsize = com.kms.katalon.core.webui.keyword.WebUiBuiltInKeywords.getNumberOfTotalOption(batchlength): 7 options of object '' counted

2018-05-24 19:37:50 - [MESSAGE][PASSED] - 7 options of object '' counted

2018-05-24 19:37:50 - [TEST_STEP][PASSED] - Statement - out.println("BatchSize : " + batchsize): null

2018-05-24 19:37:50 - [TEST_STEP][PASSED] - Statement - For ([n = 1, n <= batchsize - 1, (n++)]): null

2018-05-24 19:37:50 - [TEST_STEP][PASSED] - Statement - product = new com.kms.katalon.core.testobject.TestObject(): null

2018-05-24 19:37:50 - [TEST_STEP][PASSED] - Statement - product = com.kms.katalon.core.webui.keyword.WebUiBuiltInKeywords.modifyObjectProperty(product, "xpath", "equals", "//*[@id = "fldvendor" + row + ""]", true): Modify property of object successfully

2018-05-24 19:37:50 - [MESSAGE][PASSED] - Modify property of object successfully

2018-05-24 19:37:50 - [TEST_STEP][PASSED] - selectOptionByIndex: All options with index in [1] are selected on object ''

2018-05-24 19:37:50 - [MESSAGE][PASSED] - All options with index in [1] are selected on object ''

2018-05-24 19:37:50 - [TEST_STEP][PASSED] - Statement - batch = new com.kms.katalon.core.testobject.TestObject(): null

2018-05-24 19:37:50 - [TEST_STEP][PASSED] - Statement - batch = com.kms.katalon.core.webui.keyword.WebUiBuiltInKeywords.modifyObjectProperty(batch, "xpath", "equals", "//*[@id = "txtbthqty" + row + ""]", true): Modify property of object successfully

2018-05-24 19:37:50 - [MESSAGE][PASSED] - Modify property of object successfully

2018-05-24 19:37:50 - [TEST_STEP][PASSED] - Statement - batchqty = com.kms.katalon.core.webui.keyword.WebUiBuiltInKeywords.getAttribute(batch, "value").trim(): Attribute 'value' of object '' is: '38900'

2018-05-24 19:37:50 - [MESSAGE][PASSED] - Attribute 'value' of object '' is: '38900'

2018-05-24 19:37:50 - [TEST_STEP][PASSED] - Statement - Rqty = 100: null

2018-05-24 19:37:50 - [TEST_STEP][PASSED] - delay: Delayed 2 second(s)

2018-05-24 19:37:52 - [MESSAGE][PASSED] - Delayed 2 second(s)

2018-05-24 19:37:52 - [TEST_STEP][PASSED] - Statement - out.println("BatchQty : " + batchqty): null

2018-05-24 19:37:52 - [TEST_STEP][PASSED] - Statement - out.println("RQty : " + Rqty): null

2018-05-24 19:37:52 - [TEST_STEP][PASSED] - Statement - If (java.lang.Integer.valueOf(batchqty) >= java.lang.Integer.valueOf(Rqty)): null

2018-05-24 19:37:52 - [TEST_STEP][PASSED] - Statement - Break: null

2018-05-24 19:37:52 - [TEST_STEP][PASSED] - Statement - batchlength = new com.kms.katalon.core.testobject.TestObject(): null

2018-05-24 19:37:52 - [TEST_STEP][PASSED] - Statement - batchlength = com.kms.katalon.core.webui.keyword.WebUiBuiltInKeywords.modifyObjectProperty(batchlength, "xpath", "equals", "//*[@id = "fldvendor" + row + ""]", true): Modify property of object successfully

2018-05-24 19:37:52 - [MESSAGE][PASSED] - Modify property of object successfully

2018-05-24 19:37:52 - [TEST_STEP][PASSED] - Statement - batchsize = com.kms.katalon.core.webui.keyword.WebUiBuiltInKeywords.getNumberOfTotalOption(batchlength): 7 options of object '' counted

2018-05-24 19:37:52 - [MESSAGE][PASSED] - 7 options of object '' counted

2018-05-24 19:37:52 - [TEST_STEP][PASSED] - Statement - out.println("BatchSize : " + batchsize): null

2018-05-24 19:37:52 - [TEST_STEP][PASSED] - Statement - For ([n = 1, n <= batchsize - 1, (n++)]): null

2018-05-24 19:37:52 - [TEST_STEP][PASSED] - Statement - product = new com.kms.katalon.core.testobject.TestObject(): null

2018-05-24 19:37:52 - [TEST_STEP][PASSED] - Statement - product = com.kms.katalon.core.webui.keyword.WebUiBuiltInKeywords.modifyObjectProperty(product, "xpath", "equals", "//*[@id = "fldvendor" + row + ""]", true): Modify property of object successfully

2018-05-24 19:37:52 - [MESSAGE][PASSED] - Modify property of object successfully

2018-05-24 19:37:52 - [TEST_STEP][PASSED] - selectOptionByIndex: All options with index in [1] are selected on object ''

2018-05-24 19:37:52 - [MESSAGE][PASSED] - All options with index in [1] are selected on object ''

2018-05-24 19:37:52 - [TEST_STEP][PASSED] - Statement - batch = new com.kms.katalon.core.testobject.TestObject(): null

2018-05-24 19:37:52 - [TEST_STEP][PASSED] - Statement - batch = com.kms.katalon.core.webui.keyword.WebUiBuiltInKeywords.modifyObjectProperty(batch, "xpath", "equals", "//*[@id = "txtbthqty" + row + ""]", true): Modify property of object successfully

2018-05-24 19:37:52 - [MESSAGE][PASSED] - Modify property of object successfully

2018-05-24 19:37:52 - [TEST_STEP][PASSED] - Statement - batchqty = com.kms.katalon.core.webui.keyword.WebUiBuiltInKeywords.getAttribute(batch, "value").trim(): Attribute 'value' of object '' is: '3900'

2018-05-24 19:37:52 - [MESSAGE][PASSED] - Attribute 'value' of object '' is: '3900'

2018-05-24 19:37:52 - [TEST_STEP][PASSED] - Statement - Rqty = 100: null

2018-05-24 19:37:52 - [TEST_STEP][PASSED] - delay: Delayed 2 second(s)

2018-05-24 19:37:54 - [MESSAGE][PASSED] - Delayed 2 second(s)

2018-05-24 19:37:54 - [TEST_STEP][PASSED] - Statement - out.println("BatchQty : " + batchqty): null

2018-05-24 19:37:54 - [TEST_STEP][PASSED] - Statement - out.println("RQty : " + Rqty): null

2018-05-24 19:37:54 - [TEST_STEP][PASSED] - Statement - If (java.lang.Integer.valueOf(batchqty) >= java.lang.Integer.valueOf(Rqty)): null

2018-05-24 19:37:54 - [TEST_STEP][PASSED] - Statement - Break: null

2018-05-24 19:37:54 - [TEST_STEP][PASSED] - delay: Delayed 2 second(s)

2018-05-24 19:37:56 - [MESSAGE][PASSED] - Delayed 2 second(s)

2018-05-24 19:37:56 - [TEST_STEP][PASSED] - click: Object: 'Object Repository/DispensaryToCms/Page_KDMC - CMS/input_btndispatch' is clicked on

2018-05-24 19:37:56 - [MESSAGE][PASSED] - Object: 'Object Repository/DispensaryToCms/Page_KDMC - CMS/input_btndispatch' is clicked on

2018-05-24 19:37:56 - [TEST_STEP][PASSED] - delay: Delayed 3 second(s)

2018-05-24 19:37:59 - [MESSAGE][PASSED] - Delayed 3 second(s)

2018-05-24 19:37:59 - [TEST_STEP][PASSED] - click: Object: 'Object Repository/DispensaryToCms/Page_KDMC - CMS/button_OK' is clicked on

2018-05-24 19:38:00 - [MESSAGE][PASSED] - Object: 'Object Repository/DispensaryToCms/Page_KDMC - CMS/button_OK' is clicked on

2018-05-24 19:38:00 - [TEST_STEP][PASSED] - delay: Delayed 3 second(s)

2018-05-24 19:38:03 - [MESSAGE][PASSED] - Delayed 3 second(s)

2018-05-24 19:38:03 - [TEST_STEP][PASSED] - click: Object: 'Object Repository/DispensaryToCms/Page_KDMC - CMS/a_dropdown-toggle' is clicked on

2018-05-24 19:38:03 - [MESSAGE][PASSED] - Object: 'Object Repository/DispensaryToCms/Page_KDMC - CMS/a_dropdown-toggle' is clicked on

2018-05-24 19:38:03 - [TEST_STEP][PASSED] - click: Object: 'Object Repository/DispensaryToCms/Page_KDMC - CMS/a_Sign out' is clicked on

2018-05-24 19:38:04 - [MESSAGE][PASSED] - Object: 'Object Repository/DispensaryToCms/Page_KDMC - CMS/a_Sign out' is clicked on

2018-05-24 19:38:04 - [TEST_STEP][PASSED] - delay: Delayed 3 second(s)

2018-05-24 19:38:07 - [MESSAGE][PASSED] - Delayed 3 second(s)

2018-05-24 19:38:07 - [TEST_STEP][PASSED] - navigateToUrl: Navigate to 'http://192.168.137.1/multihospital_new/HDSplashscreen.aspx' successfully

2018-05-24 19:38:07 - [MESSAGE][PASSED] - Navigate to 'http://192.168.137.1/multihospital_new/HDSplashscreen.aspx' successfully

2018-05-24 19:38:07 - [TEST_STEP][PASSED] - click: Object: 'Object Repository/DispensaryToCms/Page_KDMC/a_Dispensary Store' is clicked on

2018-05-24 19:38:08 - [MESSAGE][PASSED] - Object: 'Object Repository/DispensaryToCms/Page_KDMC/a_Dispensary Store' is clicked on

2018-05-24 19:38:08 - [TEST_STEP][PASSED] - setText: Text 'rajaram' is set on object 'Object Repository/DispensaryToCms/Page_Dispensary Store Login/input_txtusername'

2018-05-24 19:38:08 - [MESSAGE][PASSED] - Text 'rajaram' is set on object 'Object Repository/DispensaryToCms/Page_Dispensary Store Login/input_txtusername'

2018-05-24 19:38:08 - [TEST_STEP][PASSED] - setText: Text '123' is set on object 'Object Repository/DispensaryToCms/Page_Dispensary Store Login/input_txtpassword'

2018-05-24 19:38:08 - [MESSAGE][PASSED] - Text '123' is set on object 'Object Repository/DispensaryToCms/Page_Dispensary Store Login/input_txtpassword'

2018-05-24 19:38:08 - [TEST_STEP][PASSED] - delay: Delayed 3 second(s)

2018-05-24 19:38:11 - [MESSAGE][PASSED] - Delayed 3 second(s)

2018-05-24 19:38:11 - [TEST_STEP][PASSED] - click: Object: 'Object Repository/DispensaryToCms/Page_Dispensary Store Login/button_Sign in' is clicked on

2018-05-24 19:38:12 - [MESSAGE][PASSED] - Object: 'Object Repository/DispensaryToCms/Page_Dispensary Store Login/button_Sign in' is clicked on

2018-05-24 19:38:12 - [TEST_STEP][PASSED] - delay: Delayed 3 second(s)

2018-05-24 19:38:15 - [MESSAGE][PASSED] - Delayed 3 second(s)

2018-05-24 19:38:15 - [TEST_STEP][PASSED] - click: Object: 'Object Repository/DispensaryToCms/Page_Dispensary Store/a_CMS' is clicked on

2018-05-24 19:38:15 - [MESSAGE][PASSED] - Object: 'Object Repository/DispensaryToCms/Page_Dispensary Store/a_CMS' is clicked on

2018-05-24 19:38:15 - [TEST_STEP][PASSED] - delay: Delayed 2 second(s)

2018-05-24 19:38:17 - [MESSAGE][PASSED] - Delayed 2 second(s)

2018-05-24 19:38:17 - [TEST_STEP][PASSED] - click: Object: 'Object Repository/DispensaryToCms/Page_Dispensary Store/a_Receiving Goods' is clicked on

2018-05-24 19:38:18 - [MESSAGE][PASSED] - Object: 'Object Repository/DispensaryToCms/Page_Dispensary Store/a_Receiving Goods' is clicked on

2018-05-24 19:38:18 - [TEST_STEP][PASSED] - setText: Text 'PRNO/24052018/380' is set on object 'Object Repository/DispensaryToCms/Page_Dispensary Store/input'

2018-05-24 19:38:18 - [MESSAGE][PASSED] - Text 'PRNO/24052018/380' is set on object 'Object Repository/DispensaryToCms/Page_Dispensary Store/input'

2018-05-24 19:38:18 - [TEST_STEP][PASSED] - click: Object: 'Object Repository/DispensaryToCms/Page_Dispensary Store/input_PRNO18052018174' is clicked on

2018-05-24 19:38:19 - [MESSAGE][PASSED] - Object: 'Object Repository/DispensaryToCms/Page_Dispensary Store/input_PRNO18052018174' is clicked on

2018-05-24 19:38:19 - [TEST_STEP][PASSED] - delay: Delayed 2 second(s)

2018-05-24 19:38:21 - [MESSAGE][PASSED] - Delayed 2 second(s)

2018-05-24 19:38:21 - [TEST_STEP][PASSED] - click: Object: 'Object Repository/DispensaryToCms/Page_Dispensary Store/input_chkrem' is clicked on

2018-05-24 19:38:21 - [MESSAGE][PASSED] - Object: 'Object Repository/DispensaryToCms/Page_Dispensary Store/input_chkrem' is clicked on

2018-05-24 19:38:21 - [TEST_STEP][PASSED] - scrollToElement: Scroll to object 'Object Repository/DispensaryToCms/Page_Dispensary Store/input_btchkroqadd' successfully

2018-05-24 19:38:21 - [MESSAGE][PASSED] - Scroll to object 'Object Repository/DispensaryToCms/Page_Dispensary Store/input_btchkroqadd' successfully

2018-05-24 19:38:21 - [TEST_STEP][PASSED] - click: Object: 'Object Repository/DispensaryToCms/Page_Dispensary Store/input_btchkroqadd' is clicked on

2018-05-24 19:38:21 - [MESSAGE][PASSED] - Object: 'Object Repository/DispensaryToCms/Page_Dispensary Store/input_btchkroqadd' is clicked on

2018-05-24 19:38:21 - [TEST_STEP][PASSED] - delay: Delayed 2 second(s)

2018-05-24 19:38:23 - [MESSAGE][PASSED] - Delayed 2 second(s)

2018-05-24 19:38:23 - [TEST_STEP][PASSED] - refresh: Refresh successfully

2018-05-24 19:38:23 - [MESSAGE][PASSED] - Refresh successfully

2018-05-24 19:38:23 - [TEST_STEP][PASSED] - delay: Delayed 3 second(s)

2018-05-24 19:38:26 - [MESSAGE][PASSED] - Delayed 3 second(s)

2018-05-24 19:38:26 - [TEST_STEP][PASSED] - click: Object: 'Object Repository/DispensaryToCms/Page_Dispensary Store/a_dropdown-toggle' is clicked on

2018-05-24 19:38:26 - [MESSAGE][PASSED] - Object: 'Object Repository/DispensaryToCms/Page_Dispensary Store/a_dropdown-toggle' is clicked on

2018-05-24 19:38:26 - [TEST_STEP][PASSED] - click: Object: 'Object Repository/DispensaryToCms/Page_Dispensary Store/a_Sign out' is clicked on

2018-05-24 19:38:29 - [MESSAGE][PASSED] - Object: 'Object Repository/DispensaryToCms/Page_Dispensary Store/a_Sign out' is clicked on

2018-05-24 19:38:29 - [TEST_STEP][PASSED] - closeBrowser: Browser is closed

2018-05-24 19:38:30 - [MESSAGE][PASSED] - Browser is closed]]></system-out>
         <system-err><![CDATA[]]></system-err>
      </testcase>
      <testcase name="Test Cases/DISPENSARY TEST CASES/TC_DP_020 Verify Schedule 8 Dispensary To CMS Request Are Working Successfully Or Not" classname="Test Cases/DISPENSARY TEST CASES/TC_DP_020 Verify Schedule 8 Dispensary To CMS Request Are Working Successfully Or Not" status="PASSED">
         <system-out><![CDATA[2018-05-24 19:38:30 - [TEST_CASE][PASSED] - Test Cases/DISPENSARY TEST CASES/TC_DP_020 Verify Schedule 8 Dispensary To CMS Request Are Working Successfully Or Not: Test Cases/DISPENSARY TEST CASES/TC_DP_020 Verify Schedule 8 Dispensary To CMS Request Are Working Successfully Or Not

2018-05-24 19:38:30 - [TEST_STEP][PASSED] - openBrowser: Browser is opened with url: ''

2018-05-24 19:38:32 - [MESSAGE][PASSED] - Browser is opened with url: ''

2018-05-24 19:38:32 - [TEST_STEP][PASSED] - navigateToUrl: Navigate to 'http://192.168.137.1/multihospital_new/HDSplashscreen.aspx' successfully

2018-05-24 19:38:35 - [MESSAGE][PASSED] - Navigate to 'http://192.168.137.1/multihospital_new/HDSplashscreen.aspx' successfully

2018-05-24 19:38:35 - [TEST_STEP][PASSED] - maximizeWindow: Current window maximized

2018-05-24 19:38:36 - [MESSAGE][PASSED] - Current window maximized

2018-05-24 19:38:36 - [TEST_STEP][PASSED] - click: Object: 'Object Repository/DispensaryToCms/Page_KDMC/a_Dispensary Store' is clicked on

2018-05-24 19:38:37 - [MESSAGE][PASSED] - Object: 'Object Repository/DispensaryToCms/Page_KDMC/a_Dispensary Store' is clicked on

2018-05-24 19:38:37 - [TEST_STEP][PASSED] - setText: Text 'rajaram' is set on object 'Object Repository/DispensaryToCms/Page_Dispensary Store Login/input_txtusername'

2018-05-24 19:38:37 - [MESSAGE][PASSED] - Text 'rajaram' is set on object 'Object Repository/DispensaryToCms/Page_Dispensary Store Login/input_txtusername'

2018-05-24 19:38:37 - [TEST_STEP][PASSED] - setText: Text '123' is set on object 'Object Repository/DispensaryToCms/Page_Dispensary Store Login/input_txtpassword'

2018-05-24 19:38:37 - [MESSAGE][PASSED] - Text '123' is set on object 'Object Repository/DispensaryToCms/Page_Dispensary Store Login/input_txtpassword'

2018-05-24 19:38:37 - [TEST_STEP][PASSED] - delay: Delayed 3 second(s)

2018-05-24 19:38:40 - [MESSAGE][PASSED] - Delayed 3 second(s)

2018-05-24 19:38:40 - [TEST_STEP][PASSED] - click: Object: 'Object Repository/DispensaryToCms/Page_Dispensary Store Login/button_Sign in' is clicked on

2018-05-24 19:38:41 - [MESSAGE][PASSED] - Object: 'Object Repository/DispensaryToCms/Page_Dispensary Store Login/button_Sign in' is clicked on

2018-05-24 19:38:41 - [TEST_STEP][PASSED] - delay: Delayed 3 second(s)

2018-05-24 19:38:44 - [MESSAGE][PASSED] - Delayed 3 second(s)

2018-05-24 19:38:44 - [TEST_STEP][PASSED] - click: Object: 'Object Repository/DispensaryToCms/Page_Dispensary Store/a_CMS' is clicked on

2018-05-24 19:38:44 - [MESSAGE][PASSED] - Object: 'Object Repository/DispensaryToCms/Page_Dispensary Store/a_CMS' is clicked on

2018-05-24 19:38:44 - [TEST_STEP][PASSED] - click: Object: 'Object Repository/DispensaryToCms/Page_Dispensary Store/a_Request Send' is clicked on

2018-05-24 19:38:45 - [MESSAGE][PASSED] - Object: 'Object Repository/DispensaryToCms/Page_Dispensary Store/a_Request Send' is clicked on

2018-05-24 19:38:45 - [TEST_STEP][PASSED] - delay: Delayed 2 second(s)

2018-05-24 19:38:47 - [MESSAGE][PASSED] - Delayed 2 second(s)

2018-05-24 19:38:47 - [TEST_STEP][PASSED] - selectOptionByIndex: All options with index in [2] are selected on object 'Object Repository/DispensaryToCms/Page_Dispensary Store/select_--Select--'

2018-05-24 19:38:47 - [MESSAGE][PASSED] - All options with index in [2] are selected on object 'Object Repository/DispensaryToCms/Page_Dispensary Store/select_--Select--'

2018-05-24 19:38:47 - [TEST_STEP][PASSED] - selectOptionByIndex: All options with index in [8] are selected on object 'Object Repository/DispensaryToCms/Page_Dispensary Store/select_--Select--Schedule 1Inj'

2018-05-24 19:38:47 - [MESSAGE][PASSED] - All options with index in [8] are selected on object 'Object Repository/DispensaryToCms/Page_Dispensary Store/select_--Select--Schedule 1Inj'

2018-05-24 19:38:47 - [TEST_STEP][PASSED] - Statement - medicineslength = com.kms.katalon.core.webui.keyword.WebUiBuiltInKeywords.getNumberOfTotalOption(com.kms.katalon.core.testobject.ObjectRepository.findTestObject(DispensaryToCms/Page_Dispensary Store/select_--Select--Adernaline 0.)): 18 options of object 'Object Repository/DispensaryToCms/Page_Dispensary Store/select_--Select--Adernaline 0.' counted

2018-05-24 19:38:47 - [MESSAGE][PASSED] - 18 options of object 'Object Repository/DispensaryToCms/Page_Dispensary Store/select_--Select--Adernaline 0.' counted

2018-05-24 19:38:47 - [TEST_STEP][PASSED] - Statement - For ([e = 1, e <= medicineslength - 1, (e++)]): Object: 'Object Repository/DispensaryToCms/Page_Dispensary Store/button_Add' is clicked on

2018-05-24 19:38:47 - [TEST_STEP][PASSED] - selectOptionByIndex: All options with index in [8] are selected on object 'Object Repository/DispensaryToCms/Page_Dispensary Store/select_--Select--Schedule 1Inj'

2018-05-24 19:38:47 - [MESSAGE][PASSED] - All options with index in [8] are selected on object 'Object Repository/DispensaryToCms/Page_Dispensary Store/select_--Select--Schedule 1Inj'

2018-05-24 19:38:47 - [TEST_STEP][PASSED] - selectOptionByIndex: All options with index in [1] are selected on object 'Object Repository/DispensaryToCms/Page_Dispensary Store/select_--Select--Adernaline 0.'

2018-05-24 19:38:47 - [MESSAGE][PASSED] - All options with index in [1] are selected on object 'Object Repository/DispensaryToCms/Page_Dispensary Store/select_--Select--Adernaline 0.'

2018-05-24 19:38:47 - [TEST_STEP][PASSED] - setText: Text '100' is set on object 'Object Repository/DispensaryToCms/Page_Dispensary Store/input_txttreat'

2018-05-24 19:38:48 - [MESSAGE][PASSED] - Text '100' is set on object 'Object Repository/DispensaryToCms/Page_Dispensary Store/input_txttreat'

2018-05-24 19:38:48 - [TEST_STEP][PASSED] - click: Object: 'Object Repository/DispensaryToCms/Page_Dispensary Store/button_Add' is clicked on

2018-05-24 19:38:48 - [MESSAGE][PASSED] - Object: 'Object Repository/DispensaryToCms/Page_Dispensary Store/button_Add' is clicked on

2018-05-24 19:38:48 - [TEST_STEP][PASSED] - selectOptionByIndex: All options with index in [8] are selected on object 'Object Repository/DispensaryToCms/Page_Dispensary Store/select_--Select--Schedule 1Inj'

2018-05-24 19:38:48 - [MESSAGE][PASSED] - All options with index in [8] are selected on object 'Object Repository/DispensaryToCms/Page_Dispensary Store/select_--Select--Schedule 1Inj'

2018-05-24 19:38:48 - [TEST_STEP][PASSED] - selectOptionByIndex: All options with index in [2] are selected on object 'Object Repository/DispensaryToCms/Page_Dispensary Store/select_--Select--Adernaline 0.'

2018-05-24 19:38:48 - [MESSAGE][PASSED] - All options with index in [2] are selected on object 'Object Repository/DispensaryToCms/Page_Dispensary Store/select_--Select--Adernaline 0.'

2018-05-24 19:38:48 - [TEST_STEP][PASSED] - setText: Text '100' is set on object 'Object Repository/DispensaryToCms/Page_Dispensary Store/input_txttreat'

2018-05-24 19:38:48 - [MESSAGE][PASSED] - Text '100' is set on object 'Object Repository/DispensaryToCms/Page_Dispensary Store/input_txttreat'

2018-05-24 19:38:48 - [TEST_STEP][PASSED] - click: Object: 'Object Repository/DispensaryToCms/Page_Dispensary Store/button_Add' is clicked on

2018-05-24 19:38:48 - [MESSAGE][PASSED] - Object: 'Object Repository/DispensaryToCms/Page_Dispensary Store/button_Add' is clicked on

2018-05-24 19:38:48 - [TEST_STEP][PASSED] - selectOptionByIndex: All options with index in [8] are selected on object 'Object Repository/DispensaryToCms/Page_Dispensary Store/select_--Select--Schedule 1Inj'

2018-05-24 19:38:48 - [MESSAGE][PASSED] - All options with index in [8] are selected on object 'Object Repository/DispensaryToCms/Page_Dispensary Store/select_--Select--Schedule 1Inj'

2018-05-24 19:38:48 - [TEST_STEP][PASSED] - selectOptionByIndex: All options with index in [3] are selected on object 'Object Repository/DispensaryToCms/Page_Dispensary Store/select_--Select--Adernaline 0.'

2018-05-24 19:38:48 - [MESSAGE][PASSED] - All options with index in [3] are selected on object 'Object Repository/DispensaryToCms/Page_Dispensary Store/select_--Select--Adernaline 0.'

2018-05-24 19:38:48 - [TEST_STEP][PASSED] - setText: Text '100' is set on object 'Object Repository/DispensaryToCms/Page_Dispensary Store/input_txttreat'

2018-05-24 19:38:49 - [MESSAGE][PASSED] - Text '100' is set on object 'Object Repository/DispensaryToCms/Page_Dispensary Store/input_txttreat'

2018-05-24 19:38:49 - [TEST_STEP][PASSED] - click: Object: 'Object Repository/DispensaryToCms/Page_Dispensary Store/button_Add' is clicked on

2018-05-24 19:38:49 - [MESSAGE][PASSED] - Object: 'Object Repository/DispensaryToCms/Page_Dispensary Store/button_Add' is clicked on

2018-05-24 19:38:49 - [TEST_STEP][PASSED] - selectOptionByIndex: All options with index in [8] are selected on object 'Object Repository/DispensaryToCms/Page_Dispensary Store/select_--Select--Schedule 1Inj'

2018-05-24 19:38:49 - [MESSAGE][PASSED] - All options with index in [8] are selected on object 'Object Repository/DispensaryToCms/Page_Dispensary Store/select_--Select--Schedule 1Inj'

2018-05-24 19:38:49 - [TEST_STEP][PASSED] - selectOptionByIndex: All options with index in [4] are selected on object 'Object Repository/DispensaryToCms/Page_Dispensary Store/select_--Select--Adernaline 0.'

2018-05-24 19:38:49 - [MESSAGE][PASSED] - All options with index in [4] are selected on object 'Object Repository/DispensaryToCms/Page_Dispensary Store/select_--Select--Adernaline 0.'

2018-05-24 19:38:49 - [TEST_STEP][PASSED] - setText: Text '100' is set on object 'Object Repository/DispensaryToCms/Page_Dispensary Store/input_txttreat'

2018-05-24 19:38:49 - [MESSAGE][PASSED] - Text '100' is set on object 'Object Repository/DispensaryToCms/Page_Dispensary Store/input_txttreat'

2018-05-24 19:38:49 - [TEST_STEP][PASSED] - click: Object: 'Object Repository/DispensaryToCms/Page_Dispensary Store/button_Add' is clicked on

2018-05-24 19:38:49 - [MESSAGE][PASSED] - Object: 'Object Repository/DispensaryToCms/Page_Dispensary Store/button_Add' is clicked on

2018-05-24 19:38:49 - [TEST_STEP][PASSED] - selectOptionByIndex: All options with index in [8] are selected on object 'Object Repository/DispensaryToCms/Page_Dispensary Store/select_--Select--Schedule 1Inj'

2018-05-24 19:38:49 - [MESSAGE][PASSED] - All options with index in [8] are selected on object 'Object Repository/DispensaryToCms/Page_Dispensary Store/select_--Select--Schedule 1Inj'

2018-05-24 19:38:49 - [TEST_STEP][PASSED] - selectOptionByIndex: All options with index in [5] are selected on object 'Object Repository/DispensaryToCms/Page_Dispensary Store/select_--Select--Adernaline 0.'

2018-05-24 19:38:49 - [MESSAGE][PASSED] - All options with index in [5] are selected on object 'Object Repository/DispensaryToCms/Page_Dispensary Store/select_--Select--Adernaline 0.'

2018-05-24 19:38:49 - [TEST_STEP][PASSED] - setText: Text '100' is set on object 'Object Repository/DispensaryToCms/Page_Dispensary Store/input_txttreat'

2018-05-24 19:38:50 - [MESSAGE][PASSED] - Text '100' is set on object 'Object Repository/DispensaryToCms/Page_Dispensary Store/input_txttreat'

2018-05-24 19:38:50 - [TEST_STEP][PASSED] - click: Object: 'Object Repository/DispensaryToCms/Page_Dispensary Store/button_Add' is clicked on

2018-05-24 19:38:50 - [MESSAGE][PASSED] - Object: 'Object Repository/DispensaryToCms/Page_Dispensary Store/button_Add' is clicked on

2018-05-24 19:38:50 - [TEST_STEP][PASSED] - selectOptionByIndex: All options with index in [8] are selected on object 'Object Repository/DispensaryToCms/Page_Dispensary Store/select_--Select--Schedule 1Inj'

2018-05-24 19:38:50 - [MESSAGE][PASSED] - All options with index in [8] are selected on object 'Object Repository/DispensaryToCms/Page_Dispensary Store/select_--Select--Schedule 1Inj'

2018-05-24 19:38:50 - [TEST_STEP][PASSED] - selectOptionByIndex: All options with index in [6] are selected on object 'Object Repository/DispensaryToCms/Page_Dispensary Store/select_--Select--Adernaline 0.'

2018-05-24 19:38:50 - [MESSAGE][PASSED] - All options with index in [6] are selected on object 'Object Repository/DispensaryToCms/Page_Dispensary Store/select_--Select--Adernaline 0.'

2018-05-24 19:38:50 - [TEST_STEP][PASSED] - setText: Text '100' is set on object 'Object Repository/DispensaryToCms/Page_Dispensary Store/input_txttreat'

2018-05-24 19:38:50 - [MESSAGE][PASSED] - Text '100' is set on object 'Object Repository/DispensaryToCms/Page_Dispensary Store/input_txttreat'

2018-05-24 19:38:50 - [TEST_STEP][PASSED] - click: Object: 'Object Repository/DispensaryToCms/Page_Dispensary Store/button_Add' is clicked on

2018-05-24 19:38:50 - [MESSAGE][PASSED] - Object: 'Object Repository/DispensaryToCms/Page_Dispensary Store/button_Add' is clicked on

2018-05-24 19:38:50 - [TEST_STEP][PASSED] - selectOptionByIndex: All options with index in [8] are selected on object 'Object Repository/DispensaryToCms/Page_Dispensary Store/select_--Select--Schedule 1Inj'

2018-05-24 19:38:50 - [MESSAGE][PASSED] - All options with index in [8] are selected on object 'Object Repository/DispensaryToCms/Page_Dispensary Store/select_--Select--Schedule 1Inj'

2018-05-24 19:38:50 - [TEST_STEP][PASSED] - selectOptionByIndex: All options with index in [7] are selected on object 'Object Repository/DispensaryToCms/Page_Dispensary Store/select_--Select--Adernaline 0.'

2018-05-24 19:38:51 - [MESSAGE][PASSED] - All options with index in [7] are selected on object 'Object Repository/DispensaryToCms/Page_Dispensary Store/select_--Select--Adernaline 0.'

2018-05-24 19:38:51 - [TEST_STEP][PASSED] - setText: Text '100' is set on object 'Object Repository/DispensaryToCms/Page_Dispensary Store/input_txttreat'

2018-05-24 19:38:51 - [MESSAGE][PASSED] - Text '100' is set on object 'Object Repository/DispensaryToCms/Page_Dispensary Store/input_txttreat'

2018-05-24 19:38:51 - [TEST_STEP][PASSED] - click: Object: 'Object Repository/DispensaryToCms/Page_Dispensary Store/button_Add' is clicked on

2018-05-24 19:38:51 - [MESSAGE][PASSED] - Object: 'Object Repository/DispensaryToCms/Page_Dispensary Store/button_Add' is clicked on

2018-05-24 19:38:51 - [TEST_STEP][PASSED] - selectOptionByIndex: All options with index in [8] are selected on object 'Object Repository/DispensaryToCms/Page_Dispensary Store/select_--Select--Schedule 1Inj'

2018-05-24 19:38:51 - [MESSAGE][PASSED] - All options with index in [8] are selected on object 'Object Repository/DispensaryToCms/Page_Dispensary Store/select_--Select--Schedule 1Inj'

2018-05-24 19:38:51 - [TEST_STEP][PASSED] - selectOptionByIndex: All options with index in [8] are selected on object 'Object Repository/DispensaryToCms/Page_Dispensary Store/select_--Select--Adernaline 0.'

2018-05-24 19:38:51 - [MESSAGE][PASSED] - All options with index in [8] are selected on object 'Object Repository/DispensaryToCms/Page_Dispensary Store/select_--Select--Adernaline 0.'

2018-05-24 19:38:51 - [TEST_STEP][PASSED] - setText: Text '100' is set on object 'Object Repository/DispensaryToCms/Page_Dispensary Store/input_txttreat'

2018-05-24 19:38:51 - [MESSAGE][PASSED] - Text '100' is set on object 'Object Repository/DispensaryToCms/Page_Dispensary Store/input_txttreat'

2018-05-24 19:38:51 - [TEST_STEP][PASSED] - click: Object: 'Object Repository/DispensaryToCms/Page_Dispensary Store/button_Add' is clicked on

2018-05-24 19:38:51 - [MESSAGE][PASSED] - Object: 'Object Repository/DispensaryToCms/Page_Dispensary Store/button_Add' is clicked on

2018-05-24 19:38:51 - [TEST_STEP][PASSED] - selectOptionByIndex: All options with index in [8] are selected on object 'Object Repository/DispensaryToCms/Page_Dispensary Store/select_--Select--Schedule 1Inj'

2018-05-24 19:38:51 - [MESSAGE][PASSED] - All options with index in [8] are selected on object 'Object Repository/DispensaryToCms/Page_Dispensary Store/select_--Select--Schedule 1Inj'

2018-05-24 19:38:51 - [TEST_STEP][PASSED] - selectOptionByIndex: All options with index in [9] are selected on object 'Object Repository/DispensaryToCms/Page_Dispensary Store/select_--Select--Adernaline 0.'

2018-05-24 19:38:52 - [MESSAGE][PASSED] - All options with index in [9] are selected on object 'Object Repository/DispensaryToCms/Page_Dispensary Store/select_--Select--Adernaline 0.'

2018-05-24 19:38:52 - [TEST_STEP][PASSED] - setText: Text '100' is set on object 'Object Repository/DispensaryToCms/Page_Dispensary Store/input_txttreat'

2018-05-24 19:38:52 - [MESSAGE][PASSED] - Text '100' is set on object 'Object Repository/DispensaryToCms/Page_Dispensary Store/input_txttreat'

2018-05-24 19:38:52 - [TEST_STEP][PASSED] - click: Object: 'Object Repository/DispensaryToCms/Page_Dispensary Store/button_Add' is clicked on

2018-05-24 19:38:52 - [MESSAGE][PASSED] - Object: 'Object Repository/DispensaryToCms/Page_Dispensary Store/button_Add' is clicked on

2018-05-24 19:38:52 - [TEST_STEP][PASSED] - selectOptionByIndex: All options with index in [8] are selected on object 'Object Repository/DispensaryToCms/Page_Dispensary Store/select_--Select--Schedule 1Inj'

2018-05-24 19:38:52 - [MESSAGE][PASSED] - All options with index in [8] are selected on object 'Object Repository/DispensaryToCms/Page_Dispensary Store/select_--Select--Schedule 1Inj'

2018-05-24 19:38:52 - [TEST_STEP][PASSED] - selectOptionByIndex: All options with index in [10] are selected on object 'Object Repository/DispensaryToCms/Page_Dispensary Store/select_--Select--Adernaline 0.'

2018-05-24 19:38:52 - [MESSAGE][PASSED] - All options with index in [10] are selected on object 'Object Repository/DispensaryToCms/Page_Dispensary Store/select_--Select--Adernaline 0.'

2018-05-24 19:38:52 - [TEST_STEP][PASSED] - setText: Text '100' is set on object 'Object Repository/DispensaryToCms/Page_Dispensary Store/input_txttreat'

2018-05-24 19:38:52 - [MESSAGE][PASSED] - Text '100' is set on object 'Object Repository/DispensaryToCms/Page_Dispensary Store/input_txttreat'

2018-05-24 19:38:52 - [TEST_STEP][PASSED] - click: Object: 'Object Repository/DispensaryToCms/Page_Dispensary Store/button_Add' is clicked on

2018-05-24 19:38:52 - [MESSAGE][PASSED] - Object: 'Object Repository/DispensaryToCms/Page_Dispensary Store/button_Add' is clicked on

2018-05-24 19:38:52 - [TEST_STEP][PASSED] - selectOptionByIndex: All options with index in [8] are selected on object 'Object Repository/DispensaryToCms/Page_Dispensary Store/select_--Select--Schedule 1Inj'

2018-05-24 19:38:53 - [MESSAGE][PASSED] - All options with index in [8] are selected on object 'Object Repository/DispensaryToCms/Page_Dispensary Store/select_--Select--Schedule 1Inj'

2018-05-24 19:38:53 - [TEST_STEP][PASSED] - selectOptionByIndex: All options with index in [11] are selected on object 'Object Repository/DispensaryToCms/Page_Dispensary Store/select_--Select--Adernaline 0.'

2018-05-24 19:38:53 - [MESSAGE][PASSED] - All options with index in [11] are selected on object 'Object Repository/DispensaryToCms/Page_Dispensary Store/select_--Select--Adernaline 0.'

2018-05-24 19:38:53 - [TEST_STEP][PASSED] - setText: Text '100' is set on object 'Object Repository/DispensaryToCms/Page_Dispensary Store/input_txttreat'

2018-05-24 19:38:53 - [MESSAGE][PASSED] - Text '100' is set on object 'Object Repository/DispensaryToCms/Page_Dispensary Store/input_txttreat'

2018-05-24 19:38:53 - [TEST_STEP][PASSED] - click: Object: 'Object Repository/DispensaryToCms/Page_Dispensary Store/button_Add' is clicked on

2018-05-24 19:38:53 - [MESSAGE][PASSED] - Object: 'Object Repository/DispensaryToCms/Page_Dispensary Store/button_Add' is clicked on

2018-05-24 19:38:53 - [TEST_STEP][PASSED] - selectOptionByIndex: All options with index in [8] are selected on object 'Object Repository/DispensaryToCms/Page_Dispensary Store/select_--Select--Schedule 1Inj'

2018-05-24 19:38:53 - [MESSAGE][PASSED] - All options with index in [8] are selected on object 'Object Repository/DispensaryToCms/Page_Dispensary Store/select_--Select--Schedule 1Inj'

2018-05-24 19:38:53 - [TEST_STEP][PASSED] - selectOptionByIndex: All options with index in [12] are selected on object 'Object Repository/DispensaryToCms/Page_Dispensary Store/select_--Select--Adernaline 0.'

2018-05-24 19:38:53 - [MESSAGE][PASSED] - All options with index in [12] are selected on object 'Object Repository/DispensaryToCms/Page_Dispensary Store/select_--Select--Adernaline 0.'

2018-05-24 19:38:53 - [TEST_STEP][PASSED] - setText: Text '100' is set on object 'Object Repository/DispensaryToCms/Page_Dispensary Store/input_txttreat'

2018-05-24 19:38:53 - [MESSAGE][PASSED] - Text '100' is set on object 'Object Repository/DispensaryToCms/Page_Dispensary Store/input_txttreat'

2018-05-24 19:38:53 - [TEST_STEP][PASSED] - click: Object: 'Object Repository/DispensaryToCms/Page_Dispensary Store/button_Add' is clicked on

2018-05-24 19:38:54 - [MESSAGE][PASSED] - Object: 'Object Repository/DispensaryToCms/Page_Dispensary Store/button_Add' is clicked on

2018-05-24 19:38:54 - [TEST_STEP][PASSED] - selectOptionByIndex: All options with index in [8] are selected on object 'Object Repository/DispensaryToCms/Page_Dispensary Store/select_--Select--Schedule 1Inj'

2018-05-24 19:38:54 - [MESSAGE][PASSED] - All options with index in [8] are selected on object 'Object Repository/DispensaryToCms/Page_Dispensary Store/select_--Select--Schedule 1Inj'

2018-05-24 19:38:54 - [TEST_STEP][PASSED] - selectOptionByIndex: All options with index in [13] are selected on object 'Object Repository/DispensaryToCms/Page_Dispensary Store/select_--Select--Adernaline 0.'

2018-05-24 19:38:54 - [MESSAGE][PASSED] - All options with index in [13] are selected on object 'Object Repository/DispensaryToCms/Page_Dispensary Store/select_--Select--Adernaline 0.'

2018-05-24 19:38:54 - [TEST_STEP][PASSED] - setText: Text '100' is set on object 'Object Repository/DispensaryToCms/Page_Dispensary Store/input_txttreat'

2018-05-24 19:38:54 - [MESSAGE][PASSED] - Text '100' is set on object 'Object Repository/DispensaryToCms/Page_Dispensary Store/input_txttreat'

2018-05-24 19:38:54 - [TEST_STEP][PASSED] - click: Object: 'Object Repository/DispensaryToCms/Page_Dispensary Store/button_Add' is clicked on

2018-05-24 19:38:54 - [MESSAGE][PASSED] - Object: 'Object Repository/DispensaryToCms/Page_Dispensary Store/button_Add' is clicked on

2018-05-24 19:38:54 - [TEST_STEP][PASSED] - selectOptionByIndex: All options with index in [8] are selected on object 'Object Repository/DispensaryToCms/Page_Dispensary Store/select_--Select--Schedule 1Inj'

2018-05-24 19:38:54 - [MESSAGE][PASSED] - All options with index in [8] are selected on object 'Object Repository/DispensaryToCms/Page_Dispensary Store/select_--Select--Schedule 1Inj'

2018-05-24 19:38:54 - [TEST_STEP][PASSED] - selectOptionByIndex: All options with index in [14] are selected on object 'Object Repository/DispensaryToCms/Page_Dispensary Store/select_--Select--Adernaline 0.'

2018-05-24 19:38:55 - [MESSAGE][PASSED] - All options with index in [14] are selected on object 'Object Repository/DispensaryToCms/Page_Dispensary Store/select_--Select--Adernaline 0.'

2018-05-24 19:38:55 - [TEST_STEP][PASSED] - setText: Text '100' is set on object 'Object Repository/DispensaryToCms/Page_Dispensary Store/input_txttreat'

2018-05-24 19:38:55 - [MESSAGE][PASSED] - Text '100' is set on object 'Object Repository/DispensaryToCms/Page_Dispensary Store/input_txttreat'

2018-05-24 19:38:55 - [TEST_STEP][PASSED] - click: Object: 'Object Repository/DispensaryToCms/Page_Dispensary Store/button_Add' is clicked on

2018-05-24 19:38:55 - [MESSAGE][PASSED] - Object: 'Object Repository/DispensaryToCms/Page_Dispensary Store/button_Add' is clicked on

2018-05-24 19:38:55 - [TEST_STEP][PASSED] - selectOptionByIndex: All options with index in [8] are selected on object 'Object Repository/DispensaryToCms/Page_Dispensary Store/select_--Select--Schedule 1Inj'

2018-05-24 19:38:55 - [MESSAGE][PASSED] - All options with index in [8] are selected on object 'Object Repository/DispensaryToCms/Page_Dispensary Store/select_--Select--Schedule 1Inj'

2018-05-24 19:38:55 - [TEST_STEP][PASSED] - selectOptionByIndex: All options with index in [15] are selected on object 'Object Repository/DispensaryToCms/Page_Dispensary Store/select_--Select--Adernaline 0.'

2018-05-24 19:38:55 - [MESSAGE][PASSED] - All options with index in [15] are selected on object 'Object Repository/DispensaryToCms/Page_Dispensary Store/select_--Select--Adernaline 0.'

2018-05-24 19:38:55 - [TEST_STEP][PASSED] - setText: Text '100' is set on object 'Object Repository/DispensaryToCms/Page_Dispensary Store/input_txttreat'

2018-05-24 19:38:55 - [MESSAGE][PASSED] - Text '100' is set on object 'Object Repository/DispensaryToCms/Page_Dispensary Store/input_txttreat'

2018-05-24 19:38:55 - [TEST_STEP][PASSED] - click: Object: 'Object Repository/DispensaryToCms/Page_Dispensary Store/button_Add' is clicked on

2018-05-24 19:38:55 - [MESSAGE][PASSED] - Object: 'Object Repository/DispensaryToCms/Page_Dispensary Store/button_Add' is clicked on

2018-05-24 19:38:55 - [TEST_STEP][PASSED] - selectOptionByIndex: All options with index in [8] are selected on object 'Object Repository/DispensaryToCms/Page_Dispensary Store/select_--Select--Schedule 1Inj'

2018-05-24 19:38:56 - [MESSAGE][PASSED] - All options with index in [8] are selected on object 'Object Repository/DispensaryToCms/Page_Dispensary Store/select_--Select--Schedule 1Inj'

2018-05-24 19:38:56 - [TEST_STEP][PASSED] - selectOptionByIndex: All options with index in [16] are selected on object 'Object Repository/DispensaryToCms/Page_Dispensary Store/select_--Select--Adernaline 0.'

2018-05-24 19:38:56 - [MESSAGE][PASSED] - All options with index in [16] are selected on object 'Object Repository/DispensaryToCms/Page_Dispensary Store/select_--Select--Adernaline 0.'

2018-05-24 19:38:56 - [TEST_STEP][PASSED] - setText: Text '100' is set on object 'Object Repository/DispensaryToCms/Page_Dispensary Store/input_txttreat'

2018-05-24 19:38:56 - [MESSAGE][PASSED] - Text '100' is set on object 'Object Repository/DispensaryToCms/Page_Dispensary Store/input_txttreat'

2018-05-24 19:38:56 - [TEST_STEP][PASSED] - click: Object: 'Object Repository/DispensaryToCms/Page_Dispensary Store/button_Add' is clicked on

2018-05-24 19:38:56 - [MESSAGE][PASSED] - Object: 'Object Repository/DispensaryToCms/Page_Dispensary Store/button_Add' is clicked on

2018-05-24 19:38:56 - [TEST_STEP][PASSED] - selectOptionByIndex: All options with index in [8] are selected on object 'Object Repository/DispensaryToCms/Page_Dispensary Store/select_--Select--Schedule 1Inj'

2018-05-24 19:38:56 - [MESSAGE][PASSED] - All options with index in [8] are selected on object 'Object Repository/DispensaryToCms/Page_Dispensary Store/select_--Select--Schedule 1Inj'

2018-05-24 19:38:56 - [TEST_STEP][PASSED] - selectOptionByIndex: All options with index in [17] are selected on object 'Object Repository/DispensaryToCms/Page_Dispensary Store/select_--Select--Adernaline 0.'

2018-05-24 19:38:56 - [MESSAGE][PASSED] - All options with index in [17] are selected on object 'Object Repository/DispensaryToCms/Page_Dispensary Store/select_--Select--Adernaline 0.'

2018-05-24 19:38:56 - [TEST_STEP][PASSED] - setText: Text '100' is set on object 'Object Repository/DispensaryToCms/Page_Dispensary Store/input_txttreat'

2018-05-24 19:38:57 - [MESSAGE][PASSED] - Text '100' is set on object 'Object Repository/DispensaryToCms/Page_Dispensary Store/input_txttreat'

2018-05-24 19:38:57 - [TEST_STEP][PASSED] - click: Object: 'Object Repository/DispensaryToCms/Page_Dispensary Store/button_Add' is clicked on

2018-05-24 19:38:57 - [MESSAGE][PASSED] - Object: 'Object Repository/DispensaryToCms/Page_Dispensary Store/button_Add' is clicked on

2018-05-24 19:38:57 - [TEST_STEP][PASSED] - scrollToElement: Scroll to object 'Object Repository/DispensaryToCms/Page_Dispensary Store/input_btnsave' successfully

2018-05-24 19:38:57 - [MESSAGE][PASSED] - Scroll to object 'Object Repository/DispensaryToCms/Page_Dispensary Store/input_btnsave' successfully

2018-05-24 19:38:57 - [TEST_STEP][PASSED] - click: Object: 'Object Repository/DispensaryToCms/Page_Dispensary Store/input_btnsave' is clicked on

2018-05-24 19:38:57 - [MESSAGE][PASSED] - Object: 'Object Repository/DispensaryToCms/Page_Dispensary Store/input_btnsave' is clicked on

2018-05-24 19:38:57 - [TEST_STEP][PASSED] - delay: Delayed 3 second(s)

2018-05-24 19:39:00 - [MESSAGE][PASSED] - Delayed 3 second(s)

2018-05-24 19:39:00 - [TEST_STEP][PASSED] - Statement - RN1 = com.kms.katalon.core.webui.keyword.WebUiBuiltInKeywords.getText(com.kms.katalon.core.testobject.ObjectRepository.findTestObject(DispensaryToCms/Page_Dispensary Store/font_PRNO18052018174)): Text of object 'Object Repository/DispensaryToCms/Page_Dispensary Store/font_PRNO18052018174' is: 'PRNO/24052018/381'

2018-05-24 19:39:00 - [MESSAGE][PASSED] - Text of object 'Object Repository/DispensaryToCms/Page_Dispensary Store/font_PRNO18052018174' is: 'PRNO/24052018/381'

2018-05-24 19:39:00 - [TEST_STEP][PASSED] - Statement - out.println(RN1): null

2018-05-24 19:39:00 - [TEST_STEP][PASSED] - Statement - RID = RN1.split("/")[2]: null

2018-05-24 19:39:00 - [TEST_STEP][PASSED] - click: Object: 'Object Repository/DispensaryToCms/Page_Dispensary Store/button_OK' is clicked on

2018-05-24 19:39:01 - [MESSAGE][PASSED] - Object: 'Object Repository/DispensaryToCms/Page_Dispensary Store/button_OK' is clicked on

2018-05-24 19:39:01 - [TEST_STEP][PASSED] - delay: Delayed 3 second(s)

2018-05-24 19:39:04 - [MESSAGE][PASSED] - Delayed 3 second(s)

2018-05-24 19:39:04 - [TEST_STEP][PASSED] - waitForElementPresent: Object 'Object Repository/DispensaryToStore/Page_Dispensary Store/a_dropdown-toggle' is present

2018-05-24 19:39:04 - [MESSAGE][PASSED] - Object 'Object Repository/DispensaryToStore/Page_Dispensary Store/a_dropdown-toggle' is present

2018-05-24 19:39:04 - [TEST_STEP][PASSED] - click: Object: 'Object Repository/DispensaryToCms/Page_Dispensary Store/a_dropdown-toggle' is clicked on

2018-05-24 19:39:04 - [MESSAGE][PASSED] - Object: 'Object Repository/DispensaryToCms/Page_Dispensary Store/a_dropdown-toggle' is clicked on

2018-05-24 19:39:04 - [TEST_STEP][PASSED] - click: Object: 'Object Repository/DispensaryToCms/Page_Dispensary Store/a_Sign out' is clicked on

2018-05-24 19:39:05 - [MESSAGE][PASSED] - Object: 'Object Repository/DispensaryToCms/Page_Dispensary Store/a_Sign out' is clicked on

2018-05-24 19:39:05 - [TEST_STEP][PASSED] - delay: Delayed 3 second(s)

2018-05-24 19:39:08 - [MESSAGE][PASSED] - Delayed 3 second(s)

2018-05-24 19:39:08 - [TEST_STEP][PASSED] - navigateToUrl: Navigate to 'http://192.168.137.1/multihospital_new/' successfully

2018-05-24 19:39:08 - [MESSAGE][PASSED] - Navigate to 'http://192.168.137.1/multihospital_new/' successfully

2018-05-24 19:39:08 - [TEST_STEP][PASSED] - click: Object: 'Object Repository/DispensaryToCms/Page_KDMC/a_CMO' is clicked on

2018-05-24 19:39:09 - [MESSAGE][PASSED] - Object: 'Object Repository/DispensaryToCms/Page_KDMC/a_CMO' is clicked on

2018-05-24 19:39:09 - [TEST_STEP][PASSED] - setText: Text 'guru' is set on object 'Object Repository/DispensaryToCms/Page_CMO login/input_txtusername'

2018-05-24 19:39:09 - [MESSAGE][PASSED] - Text 'guru' is set on object 'Object Repository/DispensaryToCms/Page_CMO login/input_txtusername'

2018-05-24 19:39:09 - [TEST_STEP][PASSED] - setText: Text '123' is set on object 'Object Repository/DispensaryToCms/Page_CMO login/input_txtpassword'

2018-05-24 19:39:09 - [MESSAGE][PASSED] - Text '123' is set on object 'Object Repository/DispensaryToCms/Page_CMO login/input_txtpassword'

2018-05-24 19:39:09 - [TEST_STEP][PASSED] - delay: Delayed 3 second(s)

2018-05-24 19:39:12 - [MESSAGE][PASSED] - Delayed 3 second(s)

2018-05-24 19:39:12 - [TEST_STEP][PASSED] - click: Object: 'Object Repository/DispensaryToCms/Page_CMO login/button_Sign in' is clicked on

2018-05-24 19:39:14 - [MESSAGE][PASSED] - Object: 'Object Repository/DispensaryToCms/Page_CMO login/button_Sign in' is clicked on

2018-05-24 19:39:14 - [TEST_STEP][PASSED] - delay: Delayed 3 second(s)

2018-05-24 19:39:17 - [MESSAGE][PASSED] - Delayed 3 second(s)

2018-05-24 19:39:17 - [TEST_STEP][PASSED] - click: Object: 'Object Repository/DispensaryToCms/Page_KDMC - CMO/a_CMS Request' is clicked on

2018-05-24 19:39:17 - [MESSAGE][PASSED] - Object: 'Object Repository/DispensaryToCms/Page_KDMC - CMO/a_CMS Request' is clicked on

2018-05-24 19:39:17 - [TEST_STEP][PASSED] - delay: Delayed 2 second(s)

2018-05-24 19:39:19 - [MESSAGE][PASSED] - Delayed 2 second(s)

2018-05-24 19:39:19 - [TEST_STEP][PASSED] - click: Object: 'Object Repository/DispensaryToCms/Page_KDMC - CMO/a_Dispensary Store Request' is clicked on

2018-05-24 19:39:20 - [MESSAGE][PASSED] - Object: 'Object Repository/DispensaryToCms/Page_KDMC - CMO/a_Dispensary Store Request' is clicked on

2018-05-24 19:39:20 - [TEST_STEP][PASSED] - selectOptionByIndex: All options with index in [1] are selected on object 'Object Repository/DispensaryToCms/Page_KDMC - CMO/select_--ALL--'

2018-05-24 19:39:20 - [MESSAGE][PASSED] - All options with index in [1] are selected on object 'Object Repository/DispensaryToCms/Page_KDMC - CMO/select_--ALL--'

2018-05-24 19:39:20 - [TEST_STEP][PASSED] - click: Object: 'Object Repository/DispensaryToCms/Page_KDMC - CMO/input_btnsearch' is clicked on

2018-05-24 19:39:21 - [MESSAGE][PASSED] - Object: 'Object Repository/DispensaryToCms/Page_KDMC - CMO/input_btnsearch' is clicked on

2018-05-24 19:39:21 - [TEST_STEP][PASSED] - Statement - ID = com.kms.katalon.core.webui.keyword.WebUiBuiltInKeywords.modifyObjectProperty(com.kms.katalon.core.testobject.ObjectRepository.findTestObject(lab/Page_KDMC - CMO/input_1), "xpath", "equals", "//*[@id=" + RID + "]", true): Modify property of object successfully

2018-05-24 19:39:21 - [MESSAGE][PASSED] - Modify property of object successfully

2018-05-24 19:39:21 - [TEST_STEP][PASSED] - click: Object: 'Object Repository/lab/Page_KDMC - CMO/input_1' is clicked on

2018-05-24 19:39:21 - [MESSAGE][PASSED] - Object: 'Object Repository/lab/Page_KDMC - CMO/input_1' is clicked on

2018-05-24 19:39:21 - [TEST_STEP][PASSED] - delay: Delayed 2 second(s)

2018-05-24 19:39:23 - [MESSAGE][PASSED] - Delayed 2 second(s)

2018-05-24 19:39:23 - [TEST_STEP][PASSED] - selectOptionByIndex: All options with index in [1] are selected on object 'Object Repository/DispensaryToCms/Page_KDMC - CMO/select_--Select--'

2018-05-24 19:39:23 - [MESSAGE][PASSED] - All options with index in [1] are selected on object 'Object Repository/DispensaryToCms/Page_KDMC - CMO/select_--Select--'

2018-05-24 19:39:23 - [TEST_STEP][PASSED] - click: Object: 'Object Repository/DispensaryToCms/Page_KDMC - CMO/input_btnupdate' is clicked on

2018-05-24 19:39:23 - [MESSAGE][PASSED] - Object: 'Object Repository/DispensaryToCms/Page_KDMC - CMO/input_btnupdate' is clicked on

2018-05-24 19:39:23 - [TEST_STEP][PASSED] - delay: Delayed 2 second(s)

2018-05-24 19:39:25 - [MESSAGE][PASSED] - Delayed 2 second(s)

2018-05-24 19:39:25 - [TEST_STEP][PASSED] - click: Object: 'Object Repository/DispensaryToCms/Page_KDMC - CMO/button_OK' is clicked on

2018-05-24 19:39:26 - [MESSAGE][PASSED] - Object: 'Object Repository/DispensaryToCms/Page_KDMC - CMO/button_OK' is clicked on

2018-05-24 19:39:26 - [TEST_STEP][PASSED] - delay: Delayed 3 second(s)

2018-05-24 19:39:29 - [MESSAGE][PASSED] - Delayed 3 second(s)

2018-05-24 19:39:29 - [TEST_STEP][PASSED] - waitForElementPresent: Object 'Object Repository/DispensaryToStore/Page_Dispensary Store/a_dropdown-toggle' is not present after 20 second(s)

2018-05-24 19:39:50 - [MESSAGE][WARNING] - Object 'Object Repository/DispensaryToStore/Page_Dispensary Store/a_dropdown-toggle' is not present after 20 second(s)

2018-05-24 19:39:50 - [TEST_STEP][PASSED] - click: Object: 'Object Repository/DispensaryToCms/Page_KDMC - CMO/a_dropdown-toggle' is clicked on

2018-05-24 19:39:50 - [MESSAGE][PASSED] - Object: 'Object Repository/DispensaryToCms/Page_KDMC - CMO/a_dropdown-toggle' is clicked on

2018-05-24 19:39:50 - [TEST_STEP][PASSED] - click: Object: 'Object Repository/DispensaryToCms/Page_KDMC - CMO/a_Sign out' is clicked on

2018-05-24 19:39:51 - [MESSAGE][PASSED] - Object: 'Object Repository/DispensaryToCms/Page_KDMC - CMO/a_Sign out' is clicked on

2018-05-24 19:39:51 - [TEST_STEP][PASSED] - delay: Delayed 3 second(s)

2018-05-24 19:39:54 - [MESSAGE][PASSED] - Delayed 3 second(s)

2018-05-24 19:39:54 - [TEST_STEP][PASSED] - click: Object: 'Object Repository/DispensaryToCms/Page_KDMC/a_CMS' is clicked on

2018-05-24 19:39:54 - [MESSAGE][PASSED] - Object: 'Object Repository/DispensaryToCms/Page_KDMC/a_CMS' is clicked on

2018-05-24 19:39:54 - [TEST_STEP][PASSED] - setText: Text 'bala' is set on object 'Object Repository/DispensaryToCms/Page_CMS login/input_txtusername'

2018-05-24 19:39:54 - [MESSAGE][PASSED] - Text 'bala' is set on object 'Object Repository/DispensaryToCms/Page_CMS login/input_txtusername'

2018-05-24 19:39:54 - [TEST_STEP][PASSED] - setText: Text '123' is set on object 'Object Repository/DispensaryToCms/Page_CMS login/input_txtpassword'

2018-05-24 19:39:54 - [MESSAGE][PASSED] - Text '123' is set on object 'Object Repository/DispensaryToCms/Page_CMS login/input_txtpassword'

2018-05-24 19:39:54 - [TEST_STEP][PASSED] - delay: Delayed 3 second(s)

2018-05-24 19:39:57 - [MESSAGE][PASSED] - Delayed 3 second(s)

2018-05-24 19:39:57 - [TEST_STEP][PASSED] - click: Object: 'Object Repository/DispensaryToCms/Page_CMS login/button_Sign in' is clicked on

2018-05-24 19:39:58 - [MESSAGE][PASSED] - Object: 'Object Repository/DispensaryToCms/Page_CMS login/button_Sign in' is clicked on

2018-05-24 19:39:58 - [TEST_STEP][PASSED] - delay: Delayed 3 second(s)

2018-05-24 19:40:01 - [MESSAGE][PASSED] - Delayed 3 second(s)

2018-05-24 19:40:01 - [TEST_STEP][PASSED] - click: Object: 'Object Repository/DispensaryToCms/Page_KDMC - CMS/a_Divisional Store' is clicked on

2018-05-24 19:40:01 - [MESSAGE][PASSED] - Object: 'Object Repository/DispensaryToCms/Page_KDMC - CMS/a_Divisional Store' is clicked on

2018-05-24 19:40:01 - [TEST_STEP][PASSED] - delay: Delayed 2 second(s)

2018-05-24 19:40:03 - [MESSAGE][PASSED] - Delayed 2 second(s)

2018-05-24 19:40:03 - [TEST_STEP][PASSED] - click: Object: 'Object Repository/DispensaryToCms/Page_KDMC - CMS/a_Dispatch Items' is clicked on

2018-05-24 19:40:04 - [MESSAGE][PASSED] - Object: 'Object Repository/DispensaryToCms/Page_KDMC - CMS/a_Dispatch Items' is clicked on

2018-05-24 19:40:04 - [TEST_STEP][PASSED] - delay: Delayed 2 second(s)

2018-05-24 19:40:06 - [MESSAGE][PASSED] - Delayed 2 second(s)

2018-05-24 19:40:06 - [TEST_STEP][PASSED] - setText: Text 'PRNO/24052018/381' is set on object 'Object Repository/DispensaryToCms/Page_KDMC - CMS/input'

2018-05-24 19:40:06 - [MESSAGE][PASSED] - Text 'PRNO/24052018/381' is set on object 'Object Repository/DispensaryToCms/Page_KDMC - CMS/input'

2018-05-24 19:40:06 - [TEST_STEP][PASSED] - click: Object: 'Object Repository/DispensaryToCms/Page_KDMC - CMS/input_PRNO18052018174' is clicked on

2018-05-24 19:40:06 - [MESSAGE][PASSED] - Object: 'Object Repository/DispensaryToCms/Page_KDMC - CMS/input_PRNO18052018174' is clicked on

2018-05-24 19:40:06 - [TEST_STEP][PASSED] - Statement - out.println("Length : " + medicineslength): null

2018-05-24 19:40:06 - [TEST_STEP][PASSED] - Statement - For ([row = 0, row < medicineslength - 1, (row++)]): null

2018-05-24 19:40:06 - [TEST_STEP][PASSED] - Statement - batchlength = new com.kms.katalon.core.testobject.TestObject(): null

2018-05-24 19:40:06 - [TEST_STEP][PASSED] - Statement - batchlength = com.kms.katalon.core.webui.keyword.WebUiBuiltInKeywords.modifyObjectProperty(batchlength, "xpath", "equals", "//*[@id = "fldvendor" + row + ""]", true): Modify property of object successfully

2018-05-24 19:40:06 - [MESSAGE][PASSED] - Modify property of object successfully

2018-05-24 19:40:06 - [TEST_STEP][PASSED] - Statement - batchsize = com.kms.katalon.core.webui.keyword.WebUiBuiltInKeywords.getNumberOfTotalOption(batchlength): 0 options of object '' counted

2018-05-24 19:40:07 - [MESSAGE][PASSED] - 0 options of object '' counted

2018-05-24 19:40:07 - [TEST_STEP][PASSED] - Statement - out.println("BatchSize : " + batchsize): null

2018-05-24 19:40:07 - [TEST_STEP][PASSED] - Statement - For ([n = 1, n <= batchsize - 1, (n++)]): null

2018-05-24 19:40:07 - [TEST_STEP][PASSED] - Statement - batchlength = new com.kms.katalon.core.testobject.TestObject(): null

2018-05-24 19:40:07 - [TEST_STEP][PASSED] - Statement - batchlength = com.kms.katalon.core.webui.keyword.WebUiBuiltInKeywords.modifyObjectProperty(batchlength, "xpath", "equals", "//*[@id = "fldvendor" + row + ""]", true): Modify property of object successfully

2018-05-24 19:40:07 - [MESSAGE][PASSED] - Modify property of object successfully

2018-05-24 19:40:07 - [TEST_STEP][PASSED] - Statement - batchsize = com.kms.katalon.core.webui.keyword.WebUiBuiltInKeywords.getNumberOfTotalOption(batchlength): 10 options of object '' counted

2018-05-24 19:40:07 - [MESSAGE][PASSED] - 10 options of object '' counted

2018-05-24 19:40:07 - [TEST_STEP][PASSED] - Statement - out.println("BatchSize : " + batchsize): null

2018-05-24 19:40:07 - [TEST_STEP][PASSED] - Statement - For ([n = 1, n <= batchsize - 1, (n++)]): null

2018-05-24 19:40:07 - [TEST_STEP][PASSED] - Statement - product = new com.kms.katalon.core.testobject.TestObject(): null

2018-05-24 19:40:07 - [TEST_STEP][PASSED] - Statement - product = com.kms.katalon.core.webui.keyword.WebUiBuiltInKeywords.modifyObjectProperty(product, "xpath", "equals", "//*[@id = "fldvendor" + row + ""]", true): Modify property of object successfully

2018-05-24 19:40:07 - [MESSAGE][PASSED] - Modify property of object successfully

2018-05-24 19:40:07 - [TEST_STEP][PASSED] - selectOptionByIndex: All options with index in [1] are selected on object ''

2018-05-24 19:40:07 - [MESSAGE][PASSED] - All options with index in [1] are selected on object ''

2018-05-24 19:40:07 - [TEST_STEP][PASSED] - Statement - batch = new com.kms.katalon.core.testobject.TestObject(): null

2018-05-24 19:40:07 - [TEST_STEP][PASSED] - Statement - batch = com.kms.katalon.core.webui.keyword.WebUiBuiltInKeywords.modifyObjectProperty(batch, "xpath", "equals", "//*[@id = "txtbthqty" + row + ""]", true): Modify property of object successfully

2018-05-24 19:40:07 - [MESSAGE][PASSED] - Modify property of object successfully

2018-05-24 19:40:07 - [TEST_STEP][PASSED] - Statement - batchqty = com.kms.katalon.core.webui.keyword.WebUiBuiltInKeywords.getAttribute(batch, "value").trim(): Attribute 'value' of object '' is: '4000'

2018-05-24 19:40:07 - [MESSAGE][PASSED] - Attribute 'value' of object '' is: '4000'

2018-05-24 19:40:07 - [TEST_STEP][PASSED] - Statement - Rqty = 100: null

2018-05-24 19:40:07 - [TEST_STEP][PASSED] - delay: Delayed 2 second(s)

2018-05-24 19:40:09 - [MESSAGE][PASSED] - Delayed 2 second(s)

2018-05-24 19:40:09 - [TEST_STEP][PASSED] - Statement - out.println("BatchQty : " + batchqty): null

2018-05-24 19:40:09 - [TEST_STEP][PASSED] - Statement - out.println("RQty : " + Rqty): null

2018-05-24 19:40:09 - [TEST_STEP][PASSED] - Statement - If (java.lang.Integer.valueOf(batchqty) >= java.lang.Integer.valueOf(Rqty)): null

2018-05-24 19:40:09 - [TEST_STEP][PASSED] - Statement - Break: null

2018-05-24 19:40:09 - [TEST_STEP][PASSED] - Statement - batchlength = new com.kms.katalon.core.testobject.TestObject(): null

2018-05-24 19:40:09 - [TEST_STEP][PASSED] - Statement - batchlength = com.kms.katalon.core.webui.keyword.WebUiBuiltInKeywords.modifyObjectProperty(batchlength, "xpath", "equals", "//*[@id = "fldvendor" + row + ""]", true): Modify property of object successfully

2018-05-24 19:40:09 - [MESSAGE][PASSED] - Modify property of object successfully

2018-05-24 19:40:09 - [TEST_STEP][PASSED] - Statement - batchsize = com.kms.katalon.core.webui.keyword.WebUiBuiltInKeywords.getNumberOfTotalOption(batchlength): 10 options of object '' counted

2018-05-24 19:40:09 - [MESSAGE][PASSED] - 10 options of object '' counted

2018-05-24 19:40:09 - [TEST_STEP][PASSED] - Statement - out.println("BatchSize : " + batchsize): null

2018-05-24 19:40:09 - [TEST_STEP][PASSED] - Statement - For ([n = 1, n <= batchsize - 1, (n++)]): null

2018-05-24 19:40:09 - [TEST_STEP][PASSED] - Statement - product = new com.kms.katalon.core.testobject.TestObject(): null

2018-05-24 19:40:09 - [TEST_STEP][PASSED] - Statement - product = com.kms.katalon.core.webui.keyword.WebUiBuiltInKeywords.modifyObjectProperty(product, "xpath", "equals", "//*[@id = "fldvendor" + row + ""]", true): Modify property of object successfully

2018-05-24 19:40:09 - [MESSAGE][PASSED] - Modify property of object successfully

2018-05-24 19:40:09 - [TEST_STEP][PASSED] - selectOptionByIndex: All options with index in [1] are selected on object ''

2018-05-24 19:40:10 - [MESSAGE][PASSED] - All options with index in [1] are selected on object ''

2018-05-24 19:40:10 - [TEST_STEP][PASSED] - Statement - batch = new com.kms.katalon.core.testobject.TestObject(): null

2018-05-24 19:40:10 - [TEST_STEP][PASSED] - Statement - batch = com.kms.katalon.core.webui.keyword.WebUiBuiltInKeywords.modifyObjectProperty(batch, "xpath", "equals", "//*[@id = "txtbthqty" + row + ""]", true): Modify property of object successfully

2018-05-24 19:40:10 - [MESSAGE][PASSED] - Modify property of object successfully

2018-05-24 19:40:10 - [TEST_STEP][PASSED] - Statement - batchqty = com.kms.katalon.core.webui.keyword.WebUiBuiltInKeywords.getAttribute(batch, "value").trim(): Attribute 'value' of object '' is: '3000'

2018-05-24 19:40:10 - [MESSAGE][PASSED] - Attribute 'value' of object '' is: '3000'

2018-05-24 19:40:10 - [TEST_STEP][PASSED] - Statement - Rqty = 100: null

2018-05-24 19:40:10 - [TEST_STEP][PASSED] - delay: Delayed 2 second(s)

2018-05-24 19:40:12 - [MESSAGE][PASSED] - Delayed 2 second(s)

2018-05-24 19:40:12 - [TEST_STEP][PASSED] - Statement - out.println("BatchQty : " + batchqty): null

2018-05-24 19:40:12 - [TEST_STEP][PASSED] - Statement - out.println("RQty : " + Rqty): null

2018-05-24 19:40:12 - [TEST_STEP][PASSED] - Statement - If (java.lang.Integer.valueOf(batchqty) >= java.lang.Integer.valueOf(Rqty)): null

2018-05-24 19:40:12 - [TEST_STEP][PASSED] - Statement - Break: null

2018-05-24 19:40:12 - [TEST_STEP][PASSED] - Statement - batchlength = new com.kms.katalon.core.testobject.TestObject(): null

2018-05-24 19:40:12 - [TEST_STEP][PASSED] - Statement - batchlength = com.kms.katalon.core.webui.keyword.WebUiBuiltInKeywords.modifyObjectProperty(batchlength, "xpath", "equals", "//*[@id = "fldvendor" + row + ""]", true): Modify property of object successfully

2018-05-24 19:40:12 - [MESSAGE][PASSED] - Modify property of object successfully

2018-05-24 19:40:12 - [TEST_STEP][PASSED] - Statement - batchsize = com.kms.katalon.core.webui.keyword.WebUiBuiltInKeywords.getNumberOfTotalOption(batchlength): 10 options of object '' counted

2018-05-24 19:40:12 - [MESSAGE][PASSED] - 10 options of object '' counted

2018-05-24 19:40:12 - [TEST_STEP][PASSED] - Statement - out.println("BatchSize : " + batchsize): null

2018-05-24 19:40:12 - [TEST_STEP][PASSED] - Statement - For ([n = 1, n <= batchsize - 1, (n++)]): null

2018-05-24 19:40:12 - [TEST_STEP][PASSED] - Statement - product = new com.kms.katalon.core.testobject.TestObject(): null

2018-05-24 19:40:12 - [TEST_STEP][PASSED] - Statement - product = com.kms.katalon.core.webui.keyword.WebUiBuiltInKeywords.modifyObjectProperty(product, "xpath", "equals", "//*[@id = "fldvendor" + row + ""]", true): Modify property of object successfully

2018-05-24 19:40:12 - [MESSAGE][PASSED] - Modify property of object successfully

2018-05-24 19:40:12 - [TEST_STEP][PASSED] - selectOptionByIndex: All options with index in [1] are selected on object ''

2018-05-24 19:40:12 - [MESSAGE][PASSED] - All options with index in [1] are selected on object ''

2018-05-24 19:40:12 - [TEST_STEP][PASSED] - Statement - batch = new com.kms.katalon.core.testobject.TestObject(): null

2018-05-24 19:40:12 - [TEST_STEP][PASSED] - Statement - batch = com.kms.katalon.core.webui.keyword.WebUiBuiltInKeywords.modifyObjectProperty(batch, "xpath", "equals", "//*[@id = "txtbthqty" + row + ""]", true): Modify property of object successfully

2018-05-24 19:40:12 - [MESSAGE][PASSED] - Modify property of object successfully

2018-05-24 19:40:12 - [TEST_STEP][PASSED] - Statement - batchqty = com.kms.katalon.core.webui.keyword.WebUiBuiltInKeywords.getAttribute(batch, "value").trim(): Attribute 'value' of object '' is: '4000'

2018-05-24 19:40:12 - [MESSAGE][PASSED] - Attribute 'value' of object '' is: '4000'

2018-05-24 19:40:12 - [TEST_STEP][PASSED] - Statement - Rqty = 100: null

2018-05-24 19:40:12 - [TEST_STEP][PASSED] - delay: Delayed 2 second(s)

2018-05-24 19:40:14 - [MESSAGE][PASSED] - Delayed 2 second(s)

2018-05-24 19:40:14 - [TEST_STEP][PASSED] - Statement - out.println("BatchQty : " + batchqty): null

2018-05-24 19:40:14 - [TEST_STEP][PASSED] - Statement - out.println("RQty : " + Rqty): null

2018-05-24 19:40:14 - [TEST_STEP][PASSED] - Statement - If (java.lang.Integer.valueOf(batchqty) >= java.lang.Integer.valueOf(Rqty)): null

2018-05-24 19:40:14 - [TEST_STEP][PASSED] - Statement - Break: null

2018-05-24 19:40:14 - [TEST_STEP][PASSED] - Statement - batchlength = new com.kms.katalon.core.testobject.TestObject(): null

2018-05-24 19:40:14 - [TEST_STEP][PASSED] - Statement - batchlength = com.kms.katalon.core.webui.keyword.WebUiBuiltInKeywords.modifyObjectProperty(batchlength, "xpath", "equals", "//*[@id = "fldvendor" + row + ""]", true): Modify property of object successfully

2018-05-24 19:40:14 - [MESSAGE][PASSED] - Modify property of object successfully

2018-05-24 19:40:14 - [TEST_STEP][PASSED] - Statement - batchsize = com.kms.katalon.core.webui.keyword.WebUiBuiltInKeywords.getNumberOfTotalOption(batchlength): 10 options of object '' counted

2018-05-24 19:40:14 - [MESSAGE][PASSED] - 10 options of object '' counted

2018-05-24 19:40:14 - [TEST_STEP][PASSED] - Statement - out.println("BatchSize : " + batchsize): null

2018-05-24 19:40:14 - [TEST_STEP][PASSED] - Statement - For ([n = 1, n <= batchsize - 1, (n++)]): null

2018-05-24 19:40:14 - [TEST_STEP][PASSED] - Statement - product = new com.kms.katalon.core.testobject.TestObject(): null

2018-05-24 19:40:14 - [TEST_STEP][PASSED] - Statement - product = com.kms.katalon.core.webui.keyword.WebUiBuiltInKeywords.modifyObjectProperty(product, "xpath", "equals", "//*[@id = "fldvendor" + row + ""]", true): Modify property of object successfully

2018-05-24 19:40:14 - [MESSAGE][PASSED] - Modify property of object successfully

2018-05-24 19:40:14 - [TEST_STEP][PASSED] - selectOptionByIndex: All options with index in [1] are selected on object ''

2018-05-24 19:40:14 - [MESSAGE][PASSED] - All options with index in [1] are selected on object ''

2018-05-24 19:40:14 - [TEST_STEP][PASSED] - Statement - batch = new com.kms.katalon.core.testobject.TestObject(): null

2018-05-24 19:40:14 - [TEST_STEP][PASSED] - Statement - batch = com.kms.katalon.core.webui.keyword.WebUiBuiltInKeywords.modifyObjectProperty(batch, "xpath", "equals", "//*[@id = "txtbthqty" + row + ""]", true): Modify property of object successfully

2018-05-24 19:40:14 - [MESSAGE][PASSED] - Modify property of object successfully

2018-05-24 19:40:14 - [TEST_STEP][PASSED] - Statement - batchqty = com.kms.katalon.core.webui.keyword.WebUiBuiltInKeywords.getAttribute(batch, "value").trim(): Attribute 'value' of object '' is: '4000'

2018-05-24 19:40:14 - [MESSAGE][PASSED] - Attribute 'value' of object '' is: '4000'

2018-05-24 19:40:14 - [TEST_STEP][PASSED] - Statement - Rqty = 100: null

2018-05-24 19:40:14 - [TEST_STEP][PASSED] - delay: Delayed 2 second(s)

2018-05-24 19:40:16 - [MESSAGE][PASSED] - Delayed 2 second(s)

2018-05-24 19:40:16 - [TEST_STEP][PASSED] - Statement - out.println("BatchQty : " + batchqty): null

2018-05-24 19:40:16 - [TEST_STEP][PASSED] - Statement - out.println("RQty : " + Rqty): null

2018-05-24 19:40:16 - [TEST_STEP][PASSED] - Statement - If (java.lang.Integer.valueOf(batchqty) >= java.lang.Integer.valueOf(Rqty)): null

2018-05-24 19:40:16 - [TEST_STEP][PASSED] - Statement - Break: null

2018-05-24 19:40:16 - [TEST_STEP][PASSED] - Statement - batchlength = new com.kms.katalon.core.testobject.TestObject(): null

2018-05-24 19:40:16 - [TEST_STEP][PASSED] - Statement - batchlength = com.kms.katalon.core.webui.keyword.WebUiBuiltInKeywords.modifyObjectProperty(batchlength, "xpath", "equals", "//*[@id = "fldvendor" + row + ""]", true): Modify property of object successfully

2018-05-24 19:40:16 - [MESSAGE][PASSED] - Modify property of object successfully

2018-05-24 19:40:16 - [TEST_STEP][PASSED] - Statement - batchsize = com.kms.katalon.core.webui.keyword.WebUiBuiltInKeywords.getNumberOfTotalOption(batchlength): 10 options of object '' counted

2018-05-24 19:40:16 - [MESSAGE][PASSED] - 10 options of object '' counted

2018-05-24 19:40:16 - [TEST_STEP][PASSED] - Statement - out.println("BatchSize : " + batchsize): null

2018-05-24 19:40:16 - [TEST_STEP][PASSED] - Statement - For ([n = 1, n <= batchsize - 1, (n++)]): null

2018-05-24 19:40:16 - [TEST_STEP][PASSED] - Statement - product = new com.kms.katalon.core.testobject.TestObject(): null

2018-05-24 19:40:16 - [TEST_STEP][PASSED] - Statement - product = com.kms.katalon.core.webui.keyword.WebUiBuiltInKeywords.modifyObjectProperty(product, "xpath", "equals", "//*[@id = "fldvendor" + row + ""]", true): Modify property of object successfully

2018-05-24 19:40:16 - [MESSAGE][PASSED] - Modify property of object successfully

2018-05-24 19:40:16 - [TEST_STEP][PASSED] - selectOptionByIndex: All options with index in [1] are selected on object ''

2018-05-24 19:40:16 - [MESSAGE][PASSED] - All options with index in [1] are selected on object ''

2018-05-24 19:40:16 - [TEST_STEP][PASSED] - Statement - batch = new com.kms.katalon.core.testobject.TestObject(): null

2018-05-24 19:40:16 - [TEST_STEP][PASSED] - Statement - batch = com.kms.katalon.core.webui.keyword.WebUiBuiltInKeywords.modifyObjectProperty(batch, "xpath", "equals", "//*[@id = "txtbthqty" + row + ""]", true): Modify property of object successfully

2018-05-24 19:40:16 - [MESSAGE][PASSED] - Modify property of object successfully

2018-05-24 19:40:16 - [TEST_STEP][PASSED] - Statement - batchqty = com.kms.katalon.core.webui.keyword.WebUiBuiltInKeywords.getAttribute(batch, "value").trim(): Attribute 'value' of object '' is: '4000'

2018-05-24 19:40:16 - [MESSAGE][PASSED] - Attribute 'value' of object '' is: '4000'

2018-05-24 19:40:16 - [TEST_STEP][PASSED] - Statement - Rqty = 100: null

2018-05-24 19:40:16 - [TEST_STEP][PASSED] - delay: Delayed 2 second(s)

2018-05-24 19:40:18 - [MESSAGE][PASSED] - Delayed 2 second(s)

2018-05-24 19:40:18 - [TEST_STEP][PASSED] - Statement - out.println("BatchQty : " + batchqty): null

2018-05-24 19:40:18 - [TEST_STEP][PASSED] - Statement - out.println("RQty : " + Rqty): null

2018-05-24 19:40:18 - [TEST_STEP][PASSED] - Statement - If (java.lang.Integer.valueOf(batchqty) >= java.lang.Integer.valueOf(Rqty)): null

2018-05-24 19:40:18 - [TEST_STEP][PASSED] - Statement - Break: null

2018-05-24 19:40:18 - [TEST_STEP][PASSED] - Statement - batchlength = new com.kms.katalon.core.testobject.TestObject(): null

2018-05-24 19:40:18 - [TEST_STEP][PASSED] - Statement - batchlength = com.kms.katalon.core.webui.keyword.WebUiBuiltInKeywords.modifyObjectProperty(batchlength, "xpath", "equals", "//*[@id = "fldvendor" + row + ""]", true): Modify property of object successfully

2018-05-24 19:40:18 - [MESSAGE][PASSED] - Modify property of object successfully

2018-05-24 19:40:18 - [TEST_STEP][PASSED] - Statement - batchsize = com.kms.katalon.core.webui.keyword.WebUiBuiltInKeywords.getNumberOfTotalOption(batchlength): 10 options of object '' counted

2018-05-24 19:40:18 - [MESSAGE][PASSED] - 10 options of object '' counted

2018-05-24 19:40:18 - [TEST_STEP][PASSED] - Statement - out.println("BatchSize : " + batchsize): null

2018-05-24 19:40:18 - [TEST_STEP][PASSED] - Statement - For ([n = 1, n <= batchsize - 1, (n++)]): null

2018-05-24 19:40:18 - [TEST_STEP][PASSED] - Statement - product = new com.kms.katalon.core.testobject.TestObject(): null

2018-05-24 19:40:18 - [TEST_STEP][PASSED] - Statement - product = com.kms.katalon.core.webui.keyword.WebUiBuiltInKeywords.modifyObjectProperty(product, "xpath", "equals", "//*[@id = "fldvendor" + row + ""]", true): Modify property of object successfully

2018-05-24 19:40:18 - [MESSAGE][PASSED] - Modify property of object successfully

2018-05-24 19:40:18 - [TEST_STEP][PASSED] - selectOptionByIndex: All options with index in [1] are selected on object ''

2018-05-24 19:40:19 - [MESSAGE][PASSED] - All options with index in [1] are selected on object ''

2018-05-24 19:40:19 - [TEST_STEP][PASSED] - Statement - batch = new com.kms.katalon.core.testobject.TestObject(): null

2018-05-24 19:40:19 - [TEST_STEP][PASSED] - Statement - batch = com.kms.katalon.core.webui.keyword.WebUiBuiltInKeywords.modifyObjectProperty(batch, "xpath", "equals", "//*[@id = "txtbthqty" + row + ""]", true): Modify property of object successfully

2018-05-24 19:40:19 - [MESSAGE][PASSED] - Modify property of object successfully

2018-05-24 19:40:19 - [TEST_STEP][PASSED] - Statement - batchqty = com.kms.katalon.core.webui.keyword.WebUiBuiltInKeywords.getAttribute(batch, "value").trim(): Attribute 'value' of object '' is: '27900'

2018-05-24 19:40:19 - [MESSAGE][PASSED] - Attribute 'value' of object '' is: '27900'

2018-05-24 19:40:19 - [TEST_STEP][PASSED] - Statement - Rqty = 100: null

2018-05-24 19:40:19 - [TEST_STEP][PASSED] - delay: Delayed 2 second(s)

2018-05-24 19:40:21 - [MESSAGE][PASSED] - Delayed 2 second(s)

2018-05-24 19:40:21 - [TEST_STEP][PASSED] - Statement - out.println("BatchQty : " + batchqty): null

2018-05-24 19:40:21 - [TEST_STEP][PASSED] - Statement - out.println("RQty : " + Rqty): null

2018-05-24 19:40:21 - [TEST_STEP][PASSED] - Statement - If (java.lang.Integer.valueOf(batchqty) >= java.lang.Integer.valueOf(Rqty)): null

2018-05-24 19:40:21 - [TEST_STEP][PASSED] - Statement - Break: null

2018-05-24 19:40:21 - [TEST_STEP][PASSED] - Statement - batchlength = new com.kms.katalon.core.testobject.TestObject(): null

2018-05-24 19:40:21 - [TEST_STEP][PASSED] - Statement - batchlength = com.kms.katalon.core.webui.keyword.WebUiBuiltInKeywords.modifyObjectProperty(batchlength, "xpath", "equals", "//*[@id = "fldvendor" + row + ""]", true): Modify property of object successfully

2018-05-24 19:40:21 - [MESSAGE][PASSED] - Modify property of object successfully

2018-05-24 19:40:21 - [TEST_STEP][PASSED] - Statement - batchsize = com.kms.katalon.core.webui.keyword.WebUiBuiltInKeywords.getNumberOfTotalOption(batchlength): 10 options of object '' counted

2018-05-24 19:40:21 - [MESSAGE][PASSED] - 10 options of object '' counted

2018-05-24 19:40:21 - [TEST_STEP][PASSED] - Statement - out.println("BatchSize : " + batchsize): null

2018-05-24 19:40:21 - [TEST_STEP][PASSED] - Statement - For ([n = 1, n <= batchsize - 1, (n++)]): null

2018-05-24 19:40:21 - [TEST_STEP][PASSED] - Statement - product = new com.kms.katalon.core.testobject.TestObject(): null

2018-05-24 19:40:21 - [TEST_STEP][PASSED] - Statement - product = com.kms.katalon.core.webui.keyword.WebUiBuiltInKeywords.modifyObjectProperty(product, "xpath", "equals", "//*[@id = "fldvendor" + row + ""]", true): Modify property of object successfully

2018-05-24 19:40:21 - [MESSAGE][PASSED] - Modify property of object successfully

2018-05-24 19:40:21 - [TEST_STEP][PASSED] - selectOptionByIndex: All options with index in [1] are selected on object ''

2018-05-24 19:40:21 - [MESSAGE][PASSED] - All options with index in [1] are selected on object ''

2018-05-24 19:40:21 - [TEST_STEP][PASSED] - Statement - batch = new com.kms.katalon.core.testobject.TestObject(): null

2018-05-24 19:40:21 - [TEST_STEP][PASSED] - Statement - batch = com.kms.katalon.core.webui.keyword.WebUiBuiltInKeywords.modifyObjectProperty(batch, "xpath", "equals", "//*[@id = "txtbthqty" + row + ""]", true): Modify property of object successfully

2018-05-24 19:40:21 - [MESSAGE][PASSED] - Modify property of object successfully

2018-05-24 19:40:21 - [TEST_STEP][PASSED] - Statement - batchqty = com.kms.katalon.core.webui.keyword.WebUiBuiltInKeywords.getAttribute(batch, "value").trim(): Attribute 'value' of object '' is: '3000'

2018-05-24 19:40:21 - [MESSAGE][PASSED] - Attribute 'value' of object '' is: '3000'

2018-05-24 19:40:21 - [TEST_STEP][PASSED] - Statement - Rqty = 100: null

2018-05-24 19:40:21 - [TEST_STEP][PASSED] - delay: Delayed 2 second(s)

2018-05-24 19:40:23 - [MESSAGE][PASSED] - Delayed 2 second(s)

2018-05-24 19:40:23 - [TEST_STEP][PASSED] - Statement - out.println("BatchQty : " + batchqty): null

2018-05-24 19:40:23 - [TEST_STEP][PASSED] - Statement - out.println("RQty : " + Rqty): null

2018-05-24 19:40:23 - [TEST_STEP][PASSED] - Statement - If (java.lang.Integer.valueOf(batchqty) >= java.lang.Integer.valueOf(Rqty)): null

2018-05-24 19:40:23 - [TEST_STEP][PASSED] - Statement - Break: null

2018-05-24 19:40:23 - [TEST_STEP][PASSED] - Statement - batchlength = new com.kms.katalon.core.testobject.TestObject(): null

2018-05-24 19:40:23 - [TEST_STEP][PASSED] - Statement - batchlength = com.kms.katalon.core.webui.keyword.WebUiBuiltInKeywords.modifyObjectProperty(batchlength, "xpath", "equals", "//*[@id = "fldvendor" + row + ""]", true): Modify property of object successfully

2018-05-24 19:40:23 - [MESSAGE][PASSED] - Modify property of object successfully

2018-05-24 19:40:23 - [TEST_STEP][PASSED] - Statement - batchsize = com.kms.katalon.core.webui.keyword.WebUiBuiltInKeywords.getNumberOfTotalOption(batchlength): 10 options of object '' counted

2018-05-24 19:40:23 - [MESSAGE][PASSED] - 10 options of object '' counted

2018-05-24 19:40:23 - [TEST_STEP][PASSED] - Statement - out.println("BatchSize : " + batchsize): null

2018-05-24 19:40:23 - [TEST_STEP][PASSED] - Statement - For ([n = 1, n <= batchsize - 1, (n++)]): null

2018-05-24 19:40:23 - [TEST_STEP][PASSED] - Statement - product = new com.kms.katalon.core.testobject.TestObject(): null

2018-05-24 19:40:23 - [TEST_STEP][PASSED] - Statement - product = com.kms.katalon.core.webui.keyword.WebUiBuiltInKeywords.modifyObjectProperty(product, "xpath", "equals", "//*[@id = "fldvendor" + row + ""]", true): Modify property of object successfully

2018-05-24 19:40:23 - [MESSAGE][PASSED] - Modify property of object successfully

2018-05-24 19:40:23 - [TEST_STEP][PASSED] - selectOptionByIndex: All options with index in [1] are selected on object ''

2018-05-24 19:40:23 - [MESSAGE][PASSED] - All options with index in [1] are selected on object ''

2018-05-24 19:40:23 - [TEST_STEP][PASSED] - Statement - batch = new com.kms.katalon.core.testobject.TestObject(): null

2018-05-24 19:40:23 - [TEST_STEP][PASSED] - Statement - batch = com.kms.katalon.core.webui.keyword.WebUiBuiltInKeywords.modifyObjectProperty(batch, "xpath", "equals", "//*[@id = "txtbthqty" + row + ""]", true): Modify property of object successfully

2018-05-24 19:40:23 - [MESSAGE][PASSED] - Modify property of object successfully

2018-05-24 19:40:23 - [TEST_STEP][PASSED] - Statement - batchqty = com.kms.katalon.core.webui.keyword.WebUiBuiltInKeywords.getAttribute(batch, "value").trim(): Attribute 'value' of object '' is: '4000'

2018-05-24 19:40:23 - [MESSAGE][PASSED] - Attribute 'value' of object '' is: '4000'

2018-05-24 19:40:23 - [TEST_STEP][PASSED] - Statement - Rqty = 100: null

2018-05-24 19:40:23 - [TEST_STEP][PASSED] - delay: Delayed 2 second(s)

2018-05-24 19:40:25 - [MESSAGE][PASSED] - Delayed 2 second(s)

2018-05-24 19:40:25 - [TEST_STEP][PASSED] - Statement - out.println("BatchQty : " + batchqty): null

2018-05-24 19:40:25 - [TEST_STEP][PASSED] - Statement - out.println("RQty : " + Rqty): null

2018-05-24 19:40:25 - [TEST_STEP][PASSED] - Statement - If (java.lang.Integer.valueOf(batchqty) >= java.lang.Integer.valueOf(Rqty)): null

2018-05-24 19:40:25 - [TEST_STEP][PASSED] - Statement - Break: null

2018-05-24 19:40:25 - [TEST_STEP][PASSED] - Statement - batchlength = new com.kms.katalon.core.testobject.TestObject(): null

2018-05-24 19:40:25 - [TEST_STEP][PASSED] - Statement - batchlength = com.kms.katalon.core.webui.keyword.WebUiBuiltInKeywords.modifyObjectProperty(batchlength, "xpath", "equals", "//*[@id = "fldvendor" + row + ""]", true): Modify property of object successfully

2018-05-24 19:40:25 - [MESSAGE][PASSED] - Modify property of object successfully

2018-05-24 19:40:25 - [TEST_STEP][PASSED] - Statement - batchsize = com.kms.katalon.core.webui.keyword.WebUiBuiltInKeywords.getNumberOfTotalOption(batchlength): 10 options of object '' counted

2018-05-24 19:40:25 - [MESSAGE][PASSED] - 10 options of object '' counted

2018-05-24 19:40:25 - [TEST_STEP][PASSED] - Statement - out.println("BatchSize : " + batchsize): null

2018-05-24 19:40:25 - [TEST_STEP][PASSED] - Statement - For ([n = 1, n <= batchsize - 1, (n++)]): null

2018-05-24 19:40:25 - [TEST_STEP][PASSED] - Statement - product = new com.kms.katalon.core.testobject.TestObject(): null

2018-05-24 19:40:25 - [TEST_STEP][PASSED] - Statement - product = com.kms.katalon.core.webui.keyword.WebUiBuiltInKeywords.modifyObjectProperty(product, "xpath", "equals", "//*[@id = "fldvendor" + row + ""]", true): Modify property of object successfully

2018-05-24 19:40:25 - [MESSAGE][PASSED] - Modify property of object successfully

2018-05-24 19:40:25 - [TEST_STEP][PASSED] - selectOptionByIndex: All options with index in [1] are selected on object ''

2018-05-24 19:40:25 - [MESSAGE][PASSED] - All options with index in [1] are selected on object ''

2018-05-24 19:40:25 - [TEST_STEP][PASSED] - Statement - batch = new com.kms.katalon.core.testobject.TestObject(): null

2018-05-24 19:40:25 - [TEST_STEP][PASSED] - Statement - batch = com.kms.katalon.core.webui.keyword.WebUiBuiltInKeywords.modifyObjectProperty(batch, "xpath", "equals", "//*[@id = "txtbthqty" + row + ""]", true): Modify property of object successfully

2018-05-24 19:40:25 - [MESSAGE][PASSED] - Modify property of object successfully

2018-05-24 19:40:25 - [TEST_STEP][PASSED] - Statement - batchqty = com.kms.katalon.core.webui.keyword.WebUiBuiltInKeywords.getAttribute(batch, "value").trim(): Attribute 'value' of object '' is: '27900'

2018-05-24 19:40:25 - [MESSAGE][PASSED] - Attribute 'value' of object '' is: '27900'

2018-05-24 19:40:25 - [TEST_STEP][PASSED] - Statement - Rqty = 100: null

2018-05-24 19:40:25 - [TEST_STEP][PASSED] - delay: Delayed 2 second(s)

2018-05-24 19:40:27 - [MESSAGE][PASSED] - Delayed 2 second(s)

2018-05-24 19:40:27 - [TEST_STEP][PASSED] - Statement - out.println("BatchQty : " + batchqty): null

2018-05-24 19:40:27 - [TEST_STEP][PASSED] - Statement - out.println("RQty : " + Rqty): null

2018-05-24 19:40:27 - [TEST_STEP][PASSED] - Statement - If (java.lang.Integer.valueOf(batchqty) >= java.lang.Integer.valueOf(Rqty)): null

2018-05-24 19:40:27 - [TEST_STEP][PASSED] - Statement - Break: null

2018-05-24 19:40:27 - [TEST_STEP][PASSED] - Statement - batchlength = new com.kms.katalon.core.testobject.TestObject(): null

2018-05-24 19:40:27 - [TEST_STEP][PASSED] - Statement - batchlength = com.kms.katalon.core.webui.keyword.WebUiBuiltInKeywords.modifyObjectProperty(batchlength, "xpath", "equals", "//*[@id = "fldvendor" + row + ""]", true): Modify property of object successfully

2018-05-24 19:40:27 - [MESSAGE][PASSED] - Modify property of object successfully

2018-05-24 19:40:27 - [TEST_STEP][PASSED] - Statement - batchsize = com.kms.katalon.core.webui.keyword.WebUiBuiltInKeywords.getNumberOfTotalOption(batchlength): 10 options of object '' counted

2018-05-24 19:40:27 - [MESSAGE][PASSED] - 10 options of object '' counted

2018-05-24 19:40:27 - [TEST_STEP][PASSED] - Statement - out.println("BatchSize : " + batchsize): null

2018-05-24 19:40:27 - [TEST_STEP][PASSED] - Statement - For ([n = 1, n <= batchsize - 1, (n++)]): null

2018-05-24 19:40:27 - [TEST_STEP][PASSED] - Statement - product = new com.kms.katalon.core.testobject.TestObject(): null

2018-05-24 19:40:27 - [TEST_STEP][PASSED] - Statement - product = com.kms.katalon.core.webui.keyword.WebUiBuiltInKeywords.modifyObjectProperty(product, "xpath", "equals", "//*[@id = "fldvendor" + row + ""]", true): Modify property of object successfully

2018-05-24 19:40:27 - [MESSAGE][PASSED] - Modify property of object successfully

2018-05-24 19:40:27 - [TEST_STEP][PASSED] - selectOptionByIndex: All options with index in [1] are selected on object ''

2018-05-24 19:40:28 - [MESSAGE][PASSED] - All options with index in [1] are selected on object ''

2018-05-24 19:40:28 - [TEST_STEP][PASSED] - Statement - batch = new com.kms.katalon.core.testobject.TestObject(): null

2018-05-24 19:40:28 - [TEST_STEP][PASSED] - Statement - batch = com.kms.katalon.core.webui.keyword.WebUiBuiltInKeywords.modifyObjectProperty(batch, "xpath", "equals", "//*[@id = "txtbthqty" + row + ""]", true): Modify property of object successfully

2018-05-24 19:40:28 - [MESSAGE][PASSED] - Modify property of object successfully

2018-05-24 19:40:28 - [TEST_STEP][PASSED] - Statement - batchqty = com.kms.katalon.core.webui.keyword.WebUiBuiltInKeywords.getAttribute(batch, "value").trim(): Attribute 'value' of object '' is: '4000'

2018-05-24 19:40:28 - [MESSAGE][PASSED] - Attribute 'value' of object '' is: '4000'

2018-05-24 19:40:28 - [TEST_STEP][PASSED] - Statement - Rqty = 100: null

2018-05-24 19:40:28 - [TEST_STEP][PASSED] - delay: Delayed 2 second(s)

2018-05-24 19:40:30 - [MESSAGE][PASSED] - Delayed 2 second(s)

2018-05-24 19:40:30 - [TEST_STEP][PASSED] - Statement - out.println("BatchQty : " + batchqty): null

2018-05-24 19:40:30 - [TEST_STEP][PASSED] - Statement - out.println("RQty : " + Rqty): null

2018-05-24 19:40:30 - [TEST_STEP][PASSED] - Statement - If (java.lang.Integer.valueOf(batchqty) >= java.lang.Integer.valueOf(Rqty)): null

2018-05-24 19:40:30 - [TEST_STEP][PASSED] - Statement - Break: null

2018-05-24 19:40:30 - [TEST_STEP][PASSED] - Statement - batchlength = new com.kms.katalon.core.testobject.TestObject(): null

2018-05-24 19:40:30 - [TEST_STEP][PASSED] - Statement - batchlength = com.kms.katalon.core.webui.keyword.WebUiBuiltInKeywords.modifyObjectProperty(batchlength, "xpath", "equals", "//*[@id = "fldvendor" + row + ""]", true): Modify property of object successfully

2018-05-24 19:40:30 - [MESSAGE][PASSED] - Modify property of object successfully

2018-05-24 19:40:30 - [TEST_STEP][PASSED] - Statement - batchsize = com.kms.katalon.core.webui.keyword.WebUiBuiltInKeywords.getNumberOfTotalOption(batchlength): 10 options of object '' counted

2018-05-24 19:40:30 - [MESSAGE][PASSED] - 10 options of object '' counted

2018-05-24 19:40:30 - [TEST_STEP][PASSED] - Statement - out.println("BatchSize : " + batchsize): null

2018-05-24 19:40:30 - [TEST_STEP][PASSED] - Statement - For ([n = 1, n <= batchsize - 1, (n++)]): null

2018-05-24 19:40:30 - [TEST_STEP][PASSED] - Statement - product = new com.kms.katalon.core.testobject.TestObject(): null

2018-05-24 19:40:30 - [TEST_STEP][PASSED] - Statement - product = com.kms.katalon.core.webui.keyword.WebUiBuiltInKeywords.modifyObjectProperty(product, "xpath", "equals", "//*[@id = "fldvendor" + row + ""]", true): Modify property of object successfully

2018-05-24 19:40:30 - [MESSAGE][PASSED] - Modify property of object successfully

2018-05-24 19:40:30 - [TEST_STEP][PASSED] - selectOptionByIndex: All options with index in [1] are selected on object ''

2018-05-24 19:40:30 - [MESSAGE][PASSED] - All options with index in [1] are selected on object ''

2018-05-24 19:40:30 - [TEST_STEP][PASSED] - Statement - batch = new com.kms.katalon.core.testobject.TestObject(): null

2018-05-24 19:40:30 - [TEST_STEP][PASSED] - Statement - batch = com.kms.katalon.core.webui.keyword.WebUiBuiltInKeywords.modifyObjectProperty(batch, "xpath", "equals", "//*[@id = "txtbthqty" + row + ""]", true): Modify property of object successfully

2018-05-24 19:40:30 - [MESSAGE][PASSED] - Modify property of object successfully

2018-05-24 19:40:30 - [TEST_STEP][PASSED] - Statement - batchqty = com.kms.katalon.core.webui.keyword.WebUiBuiltInKeywords.getAttribute(batch, "value").trim(): Attribute 'value' of object '' is: '27900'

2018-05-24 19:40:30 - [MESSAGE][PASSED] - Attribute 'value' of object '' is: '27900'

2018-05-24 19:40:30 - [TEST_STEP][PASSED] - Statement - Rqty = 100: null

2018-05-24 19:40:30 - [TEST_STEP][PASSED] - delay: Delayed 2 second(s)

2018-05-24 19:40:32 - [MESSAGE][PASSED] - Delayed 2 second(s)

2018-05-24 19:40:32 - [TEST_STEP][PASSED] - Statement - out.println("BatchQty : " + batchqty): null

2018-05-24 19:40:32 - [TEST_STEP][PASSED] - Statement - out.println("RQty : " + Rqty): null

2018-05-24 19:40:32 - [TEST_STEP][PASSED] - Statement - If (java.lang.Integer.valueOf(batchqty) >= java.lang.Integer.valueOf(Rqty)): null

2018-05-24 19:40:32 - [TEST_STEP][PASSED] - Statement - Break: null

2018-05-24 19:40:32 - [TEST_STEP][PASSED] - Statement - batchlength = new com.kms.katalon.core.testobject.TestObject(): null

2018-05-24 19:40:32 - [TEST_STEP][PASSED] - Statement - batchlength = com.kms.katalon.core.webui.keyword.WebUiBuiltInKeywords.modifyObjectProperty(batchlength, "xpath", "equals", "//*[@id = "fldvendor" + row + ""]", true): Modify property of object successfully

2018-05-24 19:40:32 - [MESSAGE][PASSED] - Modify property of object successfully

2018-05-24 19:40:32 - [TEST_STEP][PASSED] - Statement - batchsize = com.kms.katalon.core.webui.keyword.WebUiBuiltInKeywords.getNumberOfTotalOption(batchlength): 10 options of object '' counted

2018-05-24 19:40:32 - [MESSAGE][PASSED] - 10 options of object '' counted

2018-05-24 19:40:32 - [TEST_STEP][PASSED] - Statement - out.println("BatchSize : " + batchsize): null

2018-05-24 19:40:32 - [TEST_STEP][PASSED] - Statement - For ([n = 1, n <= batchsize - 1, (n++)]): null

2018-05-24 19:40:32 - [TEST_STEP][PASSED] - Statement - product = new com.kms.katalon.core.testobject.TestObject(): null

2018-05-24 19:40:32 - [TEST_STEP][PASSED] - Statement - product = com.kms.katalon.core.webui.keyword.WebUiBuiltInKeywords.modifyObjectProperty(product, "xpath", "equals", "//*[@id = "fldvendor" + row + ""]", true): Modify property of object successfully

2018-05-24 19:40:32 - [MESSAGE][PASSED] - Modify property of object successfully

2018-05-24 19:40:32 - [TEST_STEP][PASSED] - selectOptionByIndex: All options with index in [1] are selected on object ''

2018-05-24 19:40:32 - [MESSAGE][PASSED] - All options with index in [1] are selected on object ''

2018-05-24 19:40:32 - [TEST_STEP][PASSED] - Statement - batch = new com.kms.katalon.core.testobject.TestObject(): null

2018-05-24 19:40:32 - [TEST_STEP][PASSED] - Statement - batch = com.kms.katalon.core.webui.keyword.WebUiBuiltInKeywords.modifyObjectProperty(batch, "xpath", "equals", "//*[@id = "txtbthqty" + row + ""]", true): Modify property of object successfully

2018-05-24 19:40:32 - [MESSAGE][PASSED] - Modify property of object successfully

2018-05-24 19:40:32 - [TEST_STEP][PASSED] - Statement - batchqty = com.kms.katalon.core.webui.keyword.WebUiBuiltInKeywords.getAttribute(batch, "value").trim(): Attribute 'value' of object '' is: '4000'

2018-05-24 19:40:32 - [MESSAGE][PASSED] - Attribute 'value' of object '' is: '4000'

2018-05-24 19:40:32 - [TEST_STEP][PASSED] - Statement - Rqty = 100: null

2018-05-24 19:40:32 - [TEST_STEP][PASSED] - delay: Delayed 2 second(s)

2018-05-24 19:40:34 - [MESSAGE][PASSED] - Delayed 2 second(s)

2018-05-24 19:40:34 - [TEST_STEP][PASSED] - Statement - out.println("BatchQty : " + batchqty): null

2018-05-24 19:40:34 - [TEST_STEP][PASSED] - Statement - out.println("RQty : " + Rqty): null

2018-05-24 19:40:34 - [TEST_STEP][PASSED] - Statement - If (java.lang.Integer.valueOf(batchqty) >= java.lang.Integer.valueOf(Rqty)): null

2018-05-24 19:40:34 - [TEST_STEP][PASSED] - Statement - Break: null

2018-05-24 19:40:34 - [TEST_STEP][PASSED] - Statement - batchlength = new com.kms.katalon.core.testobject.TestObject(): null

2018-05-24 19:40:34 - [TEST_STEP][PASSED] - Statement - batchlength = com.kms.katalon.core.webui.keyword.WebUiBuiltInKeywords.modifyObjectProperty(batchlength, "xpath", "equals", "//*[@id = "fldvendor" + row + ""]", true): Modify property of object successfully

2018-05-24 19:40:34 - [MESSAGE][PASSED] - Modify property of object successfully

2018-05-24 19:40:34 - [TEST_STEP][PASSED] - Statement - batchsize = com.kms.katalon.core.webui.keyword.WebUiBuiltInKeywords.getNumberOfTotalOption(batchlength): 19 options of object '' counted

2018-05-24 19:40:34 - [MESSAGE][PASSED] - 19 options of object '' counted

2018-05-24 19:40:34 - [TEST_STEP][PASSED] - Statement - out.println("BatchSize : " + batchsize): null

2018-05-24 19:40:34 - [TEST_STEP][PASSED] - Statement - For ([n = 1, n <= batchsize - 1, (n++)]): null

2018-05-24 19:40:34 - [TEST_STEP][PASSED] - Statement - product = new com.kms.katalon.core.testobject.TestObject(): null

2018-05-24 19:40:34 - [TEST_STEP][PASSED] - Statement - product = com.kms.katalon.core.webui.keyword.WebUiBuiltInKeywords.modifyObjectProperty(product, "xpath", "equals", "//*[@id = "fldvendor" + row + ""]", true): Modify property of object successfully

2018-05-24 19:40:34 - [MESSAGE][PASSED] - Modify property of object successfully

2018-05-24 19:40:34 - [TEST_STEP][PASSED] - selectOptionByIndex: All options with index in [1] are selected on object ''

2018-05-24 19:40:34 - [MESSAGE][PASSED] - All options with index in [1] are selected on object ''

2018-05-24 19:40:34 - [TEST_STEP][PASSED] - Statement - batch = new com.kms.katalon.core.testobject.TestObject(): null

2018-05-24 19:40:34 - [TEST_STEP][PASSED] - Statement - batch = com.kms.katalon.core.webui.keyword.WebUiBuiltInKeywords.modifyObjectProperty(batch, "xpath", "equals", "//*[@id = "txtbthqty" + row + ""]", true): Modify property of object successfully

2018-05-24 19:40:34 - [MESSAGE][PASSED] - Modify property of object successfully

2018-05-24 19:40:34 - [TEST_STEP][PASSED] - Statement - batchqty = com.kms.katalon.core.webui.keyword.WebUiBuiltInKeywords.getAttribute(batch, "value").trim(): Attribute 'value' of object '' is: '6000'

2018-05-24 19:40:34 - [MESSAGE][PASSED] - Attribute 'value' of object '' is: '6000'

2018-05-24 19:40:34 - [TEST_STEP][PASSED] - Statement - Rqty = 100: null

2018-05-24 19:40:34 - [TEST_STEP][PASSED] - delay: Delayed 2 second(s)

2018-05-24 19:40:36 - [MESSAGE][PASSED] - Delayed 2 second(s)

2018-05-24 19:40:36 - [TEST_STEP][PASSED] - Statement - out.println("BatchQty : " + batchqty): null

2018-05-24 19:40:36 - [TEST_STEP][PASSED] - Statement - out.println("RQty : " + Rqty): null

2018-05-24 19:40:36 - [TEST_STEP][PASSED] - Statement - If (java.lang.Integer.valueOf(batchqty) >= java.lang.Integer.valueOf(Rqty)): null

2018-05-24 19:40:36 - [TEST_STEP][PASSED] - Statement - Break: null

2018-05-24 19:40:36 - [TEST_STEP][PASSED] - Statement - batchlength = new com.kms.katalon.core.testobject.TestObject(): null

2018-05-24 19:40:36 - [TEST_STEP][PASSED] - Statement - batchlength = com.kms.katalon.core.webui.keyword.WebUiBuiltInKeywords.modifyObjectProperty(batchlength, "xpath", "equals", "//*[@id = "fldvendor" + row + ""]", true): Modify property of object successfully

2018-05-24 19:40:36 - [MESSAGE][PASSED] - Modify property of object successfully

2018-05-24 19:40:36 - [TEST_STEP][PASSED] - Statement - batchsize = com.kms.katalon.core.webui.keyword.WebUiBuiltInKeywords.getNumberOfTotalOption(batchlength): 19 options of object '' counted

2018-05-24 19:40:36 - [MESSAGE][PASSED] - 19 options of object '' counted

2018-05-24 19:40:36 - [TEST_STEP][PASSED] - Statement - out.println("BatchSize : " + batchsize): null

2018-05-24 19:40:36 - [TEST_STEP][PASSED] - Statement - For ([n = 1, n <= batchsize - 1, (n++)]): null

2018-05-24 19:40:36 - [TEST_STEP][PASSED] - Statement - product = new com.kms.katalon.core.testobject.TestObject(): null

2018-05-24 19:40:36 - [TEST_STEP][PASSED] - Statement - product = com.kms.katalon.core.webui.keyword.WebUiBuiltInKeywords.modifyObjectProperty(product, "xpath", "equals", "//*[@id = "fldvendor" + row + ""]", true): Modify property of object successfully

2018-05-24 19:40:36 - [MESSAGE][PASSED] - Modify property of object successfully

2018-05-24 19:40:36 - [TEST_STEP][PASSED] - selectOptionByIndex: All options with index in [1] are selected on object ''

2018-05-24 19:40:37 - [MESSAGE][PASSED] - All options with index in [1] are selected on object ''

2018-05-24 19:40:37 - [TEST_STEP][PASSED] - Statement - batch = new com.kms.katalon.core.testobject.TestObject(): null

2018-05-24 19:40:37 - [TEST_STEP][PASSED] - Statement - batch = com.kms.katalon.core.webui.keyword.WebUiBuiltInKeywords.modifyObjectProperty(batch, "xpath", "equals", "//*[@id = "txtbthqty" + row + ""]", true): Modify property of object successfully

2018-05-24 19:40:37 - [MESSAGE][PASSED] - Modify property of object successfully

2018-05-24 19:40:37 - [TEST_STEP][PASSED] - Statement - batchqty = com.kms.katalon.core.webui.keyword.WebUiBuiltInKeywords.getAttribute(batch, "value").trim(): Attribute 'value' of object '' is: '6000'

2018-05-24 19:40:37 - [MESSAGE][PASSED] - Attribute 'value' of object '' is: '6000'

2018-05-24 19:40:37 - [TEST_STEP][PASSED] - Statement - Rqty = 100: null

2018-05-24 19:40:37 - [TEST_STEP][PASSED] - delay: Delayed 2 second(s)

2018-05-24 19:40:39 - [MESSAGE][PASSED] - Delayed 2 second(s)

2018-05-24 19:40:39 - [TEST_STEP][PASSED] - Statement - out.println("BatchQty : " + batchqty): null

2018-05-24 19:40:39 - [TEST_STEP][PASSED] - Statement - out.println("RQty : " + Rqty): null

2018-05-24 19:40:39 - [TEST_STEP][PASSED] - Statement - If (java.lang.Integer.valueOf(batchqty) >= java.lang.Integer.valueOf(Rqty)): null

2018-05-24 19:40:39 - [TEST_STEP][PASSED] - Statement - Break: null

2018-05-24 19:40:39 - [TEST_STEP][PASSED] - Statement - batchlength = new com.kms.katalon.core.testobject.TestObject(): null

2018-05-24 19:40:39 - [TEST_STEP][PASSED] - Statement - batchlength = com.kms.katalon.core.webui.keyword.WebUiBuiltInKeywords.modifyObjectProperty(batchlength, "xpath", "equals", "//*[@id = "fldvendor" + row + ""]", true): Modify property of object successfully

2018-05-24 19:40:39 - [MESSAGE][PASSED] - Modify property of object successfully

2018-05-24 19:40:39 - [TEST_STEP][PASSED] - Statement - batchsize = com.kms.katalon.core.webui.keyword.WebUiBuiltInKeywords.getNumberOfTotalOption(batchlength): 10 options of object '' counted

2018-05-24 19:40:39 - [MESSAGE][PASSED] - 10 options of object '' counted

2018-05-24 19:40:39 - [TEST_STEP][PASSED] - Statement - out.println("BatchSize : " + batchsize): null

2018-05-24 19:40:39 - [TEST_STEP][PASSED] - Statement - For ([n = 1, n <= batchsize - 1, (n++)]): null

2018-05-24 19:40:39 - [TEST_STEP][PASSED] - Statement - product = new com.kms.katalon.core.testobject.TestObject(): null

2018-05-24 19:40:39 - [TEST_STEP][PASSED] - Statement - product = com.kms.katalon.core.webui.keyword.WebUiBuiltInKeywords.modifyObjectProperty(product, "xpath", "equals", "//*[@id = "fldvendor" + row + ""]", true): Modify property of object successfully

2018-05-24 19:40:39 - [MESSAGE][PASSED] - Modify property of object successfully

2018-05-24 19:40:39 - [TEST_STEP][PASSED] - selectOptionByIndex: All options with index in [1] are selected on object ''

2018-05-24 19:40:39 - [MESSAGE][PASSED] - All options with index in [1] are selected on object ''

2018-05-24 19:40:39 - [TEST_STEP][PASSED] - Statement - batch = new com.kms.katalon.core.testobject.TestObject(): null

2018-05-24 19:40:39 - [TEST_STEP][PASSED] - Statement - batch = com.kms.katalon.core.webui.keyword.WebUiBuiltInKeywords.modifyObjectProperty(batch, "xpath", "equals", "//*[@id = "txtbthqty" + row + ""]", true): Modify property of object successfully

2018-05-24 19:40:39 - [MESSAGE][PASSED] - Modify property of object successfully

2018-05-24 19:40:39 - [TEST_STEP][PASSED] - Statement - batchqty = com.kms.katalon.core.webui.keyword.WebUiBuiltInKeywords.getAttribute(batch, "value").trim(): Attribute 'value' of object '' is: '4000'

2018-05-24 19:40:39 - [MESSAGE][PASSED] - Attribute 'value' of object '' is: '4000'

2018-05-24 19:40:39 - [TEST_STEP][PASSED] - Statement - Rqty = 100: null

2018-05-24 19:40:39 - [TEST_STEP][PASSED] - delay: Delayed 2 second(s)

2018-05-24 19:40:41 - [MESSAGE][PASSED] - Delayed 2 second(s)

2018-05-24 19:40:41 - [TEST_STEP][PASSED] - Statement - out.println("BatchQty : " + batchqty): null

2018-05-24 19:40:41 - [TEST_STEP][PASSED] - Statement - out.println("RQty : " + Rqty): null

2018-05-24 19:40:41 - [TEST_STEP][PASSED] - Statement - If (java.lang.Integer.valueOf(batchqty) >= java.lang.Integer.valueOf(Rqty)): null

2018-05-24 19:40:41 - [TEST_STEP][PASSED] - Statement - Break: null

2018-05-24 19:40:41 - [TEST_STEP][PASSED] - Statement - batchlength = new com.kms.katalon.core.testobject.TestObject(): null

2018-05-24 19:40:41 - [TEST_STEP][PASSED] - Statement - batchlength = com.kms.katalon.core.webui.keyword.WebUiBuiltInKeywords.modifyObjectProperty(batchlength, "xpath", "equals", "//*[@id = "fldvendor" + row + ""]", true): Modify property of object successfully

2018-05-24 19:40:41 - [MESSAGE][PASSED] - Modify property of object successfully

2018-05-24 19:40:41 - [TEST_STEP][PASSED] - Statement - batchsize = com.kms.katalon.core.webui.keyword.WebUiBuiltInKeywords.getNumberOfTotalOption(batchlength): 10 options of object '' counted

2018-05-24 19:40:41 - [MESSAGE][PASSED] - 10 options of object '' counted

2018-05-24 19:40:41 - [TEST_STEP][PASSED] - Statement - out.println("BatchSize : " + batchsize): null

2018-05-24 19:40:41 - [TEST_STEP][PASSED] - Statement - For ([n = 1, n <= batchsize - 1, (n++)]): null

2018-05-24 19:40:41 - [TEST_STEP][PASSED] - Statement - product = new com.kms.katalon.core.testobject.TestObject(): null

2018-05-24 19:40:41 - [TEST_STEP][PASSED] - Statement - product = com.kms.katalon.core.webui.keyword.WebUiBuiltInKeywords.modifyObjectProperty(product, "xpath", "equals", "//*[@id = "fldvendor" + row + ""]", true): Modify property of object successfully

2018-05-24 19:40:41 - [MESSAGE][PASSED] - Modify property of object successfully

2018-05-24 19:40:41 - [TEST_STEP][PASSED] - selectOptionByIndex: All options with index in [1] are selected on object ''

2018-05-24 19:40:41 - [MESSAGE][PASSED] - All options with index in [1] are selected on object ''

2018-05-24 19:40:41 - [TEST_STEP][PASSED] - Statement - batch = new com.kms.katalon.core.testobject.TestObject(): null

2018-05-24 19:40:41 - [TEST_STEP][PASSED] - Statement - batch = com.kms.katalon.core.webui.keyword.WebUiBuiltInKeywords.modifyObjectProperty(batch, "xpath", "equals", "//*[@id = "txtbthqty" + row + ""]", true): Modify property of object successfully

2018-05-24 19:40:41 - [MESSAGE][PASSED] - Modify property of object successfully

2018-05-24 19:40:41 - [TEST_STEP][PASSED] - Statement - batchqty = com.kms.katalon.core.webui.keyword.WebUiBuiltInKeywords.getAttribute(batch, "value").trim(): Attribute 'value' of object '' is: '27900'

2018-05-24 19:40:41 - [MESSAGE][PASSED] - Attribute 'value' of object '' is: '27900'

2018-05-24 19:40:41 - [TEST_STEP][PASSED] - Statement - Rqty = 100: null

2018-05-24 19:40:41 - [TEST_STEP][PASSED] - delay: Delayed 2 second(s)

2018-05-24 19:40:43 - [MESSAGE][PASSED] - Delayed 2 second(s)

2018-05-24 19:40:43 - [TEST_STEP][PASSED] - Statement - out.println("BatchQty : " + batchqty): null

2018-05-24 19:40:43 - [TEST_STEP][PASSED] - Statement - out.println("RQty : " + Rqty): null

2018-05-24 19:40:43 - [TEST_STEP][PASSED] - Statement - If (java.lang.Integer.valueOf(batchqty) >= java.lang.Integer.valueOf(Rqty)): null

2018-05-24 19:40:43 - [TEST_STEP][PASSED] - Statement - Break: null

2018-05-24 19:40:43 - [TEST_STEP][PASSED] - delay: Delayed 2 second(s)

2018-05-24 19:40:45 - [MESSAGE][PASSED] - Delayed 2 second(s)

2018-05-24 19:40:45 - [TEST_STEP][PASSED] - click: Object: 'Object Repository/DispensaryToCms/Page_KDMC - CMS/input_btndispatch' is clicked on

2018-05-24 19:40:45 - [MESSAGE][PASSED] - Object: 'Object Repository/DispensaryToCms/Page_KDMC - CMS/input_btndispatch' is clicked on

2018-05-24 19:40:45 - [TEST_STEP][PASSED] - delay: Delayed 3 second(s)

2018-05-24 19:40:48 - [MESSAGE][PASSED] - Delayed 3 second(s)

2018-05-24 19:40:48 - [TEST_STEP][PASSED] - click: Object: 'Object Repository/DispensaryToCms/Page_KDMC - CMS/button_OK' is clicked on

2018-05-24 19:40:49 - [MESSAGE][PASSED] - Object: 'Object Repository/DispensaryToCms/Page_KDMC - CMS/button_OK' is clicked on

2018-05-24 19:40:49 - [TEST_STEP][PASSED] - delay: Delayed 3 second(s)

2018-05-24 19:40:52 - [MESSAGE][PASSED] - Delayed 3 second(s)

2018-05-24 19:40:52 - [TEST_STEP][PASSED] - waitForElementPresent: Object 'Object Repository/DispensaryToStore/Page_Dispensary Store/a_dropdown-toggle' is not present after 20 second(s)

2018-05-24 19:41:13 - [MESSAGE][WARNING] - Object 'Object Repository/DispensaryToStore/Page_Dispensary Store/a_dropdown-toggle' is not present after 20 second(s)

2018-05-24 19:41:13 - [TEST_STEP][PASSED] - click: Object: 'Object Repository/DispensaryToCms/Page_KDMC - CMS/a_dropdown-toggle' is clicked on

2018-05-24 19:41:13 - [MESSAGE][PASSED] - Object: 'Object Repository/DispensaryToCms/Page_KDMC - CMS/a_dropdown-toggle' is clicked on

2018-05-24 19:41:13 - [TEST_STEP][PASSED] - click: Object: 'Object Repository/DispensaryToCms/Page_KDMC - CMS/a_Sign out' is clicked on

2018-05-24 19:41:14 - [MESSAGE][PASSED] - Object: 'Object Repository/DispensaryToCms/Page_KDMC - CMS/a_Sign out' is clicked on

2018-05-24 19:41:14 - [TEST_STEP][PASSED] - delay: Delayed 3 second(s)

2018-05-24 19:41:17 - [MESSAGE][PASSED] - Delayed 3 second(s)

2018-05-24 19:41:17 - [TEST_STEP][PASSED] - navigateToUrl: Navigate to 'http://192.168.137.1/multihospital_new/HDSplashscreen.aspx' successfully

2018-05-24 19:41:17 - [MESSAGE][PASSED] - Navigate to 'http://192.168.137.1/multihospital_new/HDSplashscreen.aspx' successfully

2018-05-24 19:41:17 - [TEST_STEP][PASSED] - click: Object: 'Object Repository/DispensaryToCms/Page_KDMC/a_Dispensary Store' is clicked on

2018-05-24 19:41:18 - [MESSAGE][PASSED] - Object: 'Object Repository/DispensaryToCms/Page_KDMC/a_Dispensary Store' is clicked on

2018-05-24 19:41:18 - [TEST_STEP][PASSED] - setText: Text 'rajaram' is set on object 'Object Repository/DispensaryToCms/Page_Dispensary Store Login/input_txtusername'

2018-05-24 19:41:18 - [MESSAGE][PASSED] - Text 'rajaram' is set on object 'Object Repository/DispensaryToCms/Page_Dispensary Store Login/input_txtusername'

2018-05-24 19:41:18 - [TEST_STEP][PASSED] - setText: Text '123' is set on object 'Object Repository/DispensaryToCms/Page_Dispensary Store Login/input_txtpassword'

2018-05-24 19:41:18 - [MESSAGE][PASSED] - Text '123' is set on object 'Object Repository/DispensaryToCms/Page_Dispensary Store Login/input_txtpassword'

2018-05-24 19:41:18 - [TEST_STEP][PASSED] - delay: Delayed 3 second(s)

2018-05-24 19:41:21 - [MESSAGE][PASSED] - Delayed 3 second(s)

2018-05-24 19:41:21 - [TEST_STEP][PASSED] - click: Object: 'Object Repository/DispensaryToCms/Page_Dispensary Store Login/button_Sign in' is clicked on

2018-05-24 19:41:22 - [MESSAGE][PASSED] - Object: 'Object Repository/DispensaryToCms/Page_Dispensary Store Login/button_Sign in' is clicked on

2018-05-24 19:41:22 - [TEST_STEP][PASSED] - delay: Delayed 3 second(s)

2018-05-24 19:41:25 - [MESSAGE][PASSED] - Delayed 3 second(s)

2018-05-24 19:41:25 - [TEST_STEP][PASSED] - click: Object: 'Object Repository/DispensaryToCms/Page_Dispensary Store/a_CMS' is clicked on

2018-05-24 19:41:25 - [MESSAGE][PASSED] - Object: 'Object Repository/DispensaryToCms/Page_Dispensary Store/a_CMS' is clicked on

2018-05-24 19:41:25 - [TEST_STEP][PASSED] - delay: Delayed 2 second(s)

2018-05-24 19:41:27 - [MESSAGE][PASSED] - Delayed 2 second(s)

2018-05-24 19:41:27 - [TEST_STEP][PASSED] - click: Object: 'Object Repository/DispensaryToCms/Page_Dispensary Store/a_Receiving Goods' is clicked on

2018-05-24 19:41:28 - [MESSAGE][PASSED] - Object: 'Object Repository/DispensaryToCms/Page_Dispensary Store/a_Receiving Goods' is clicked on

2018-05-24 19:41:28 - [TEST_STEP][PASSED] - setText: Text 'PRNO/24052018/381' is set on object 'Object Repository/DispensaryToCms/Page_Dispensary Store/input'

2018-05-24 19:41:28 - [MESSAGE][PASSED] - Text 'PRNO/24052018/381' is set on object 'Object Repository/DispensaryToCms/Page_Dispensary Store/input'

2018-05-24 19:41:28 - [TEST_STEP][PASSED] - click: Object: 'Object Repository/DispensaryToCms/Page_Dispensary Store/input_PRNO18052018174' is clicked on

2018-05-24 19:41:28 - [MESSAGE][PASSED] - Object: 'Object Repository/DispensaryToCms/Page_Dispensary Store/input_PRNO18052018174' is clicked on

2018-05-24 19:41:28 - [TEST_STEP][PASSED] - delay: Delayed 2 second(s)

2018-05-24 19:41:30 - [MESSAGE][PASSED] - Delayed 2 second(s)

2018-05-24 19:41:30 - [TEST_STEP][PASSED] - click: Object: 'Object Repository/DispensaryToCms/Page_Dispensary Store/input_chkrem' is clicked on

2018-05-24 19:41:30 - [MESSAGE][PASSED] - Object: 'Object Repository/DispensaryToCms/Page_Dispensary Store/input_chkrem' is clicked on

2018-05-24 19:41:30 - [TEST_STEP][PASSED] - scrollToElement: Scroll to object 'Object Repository/DispensaryToCms/Page_Dispensary Store/input_btchkroqadd' successfully

2018-05-24 19:41:31 - [MESSAGE][PASSED] - Scroll to object 'Object Repository/DispensaryToCms/Page_Dispensary Store/input_btchkroqadd' successfully

2018-05-24 19:41:31 - [TEST_STEP][PASSED] - click: Object: 'Object Repository/DispensaryToCms/Page_Dispensary Store/input_btchkroqadd' is clicked on

2018-05-24 19:41:31 - [MESSAGE][PASSED] - Object: 'Object Repository/DispensaryToCms/Page_Dispensary Store/input_btchkroqadd' is clicked on

2018-05-24 19:41:31 - [TEST_STEP][PASSED] - delay: Delayed 2 second(s)

2018-05-24 19:41:33 - [MESSAGE][PASSED] - Delayed 2 second(s)

2018-05-24 19:41:33 - [TEST_STEP][PASSED] - refresh: Refresh successfully

2018-05-24 19:41:33 - [MESSAGE][PASSED] - Refresh successfully

2018-05-24 19:41:33 - [TEST_STEP][PASSED] - delay: Delayed 3 second(s)

2018-05-24 19:41:36 - [MESSAGE][PASSED] - Delayed 3 second(s)

2018-05-24 19:41:36 - [TEST_STEP][PASSED] - waitForElementPresent: Object 'Object Repository/DispensaryToStore/Page_Dispensary Store/a_dropdown-toggle' is present

2018-05-24 19:41:36 - [MESSAGE][PASSED] - Object 'Object Repository/DispensaryToStore/Page_Dispensary Store/a_dropdown-toggle' is present

2018-05-24 19:41:36 - [TEST_STEP][PASSED] - click: Object: 'Object Repository/DispensaryToCms/Page_Dispensary Store/a_dropdown-toggle' is clicked on

2018-05-24 19:41:36 - [MESSAGE][PASSED] - Object: 'Object Repository/DispensaryToCms/Page_Dispensary Store/a_dropdown-toggle' is clicked on

2018-05-24 19:41:36 - [TEST_STEP][PASSED] - click: Object: 'Object Repository/DispensaryToCms/Page_Dispensary Store/a_Sign out' is clicked on

2018-05-24 19:41:37 - [MESSAGE][PASSED] - Object: 'Object Repository/DispensaryToCms/Page_Dispensary Store/a_Sign out' is clicked on

2018-05-24 19:41:37 - [TEST_STEP][PASSED] - closeBrowser: Browser is closed

2018-05-24 19:41:38 - [MESSAGE][PASSED] - Browser is closed]]></system-out>
         <system-err><![CDATA[]]></system-err>
      </testcase>
      <testcase name="Test Cases/DISPENSARY TEST CASES/TC_DP_021 Verify Schedule 9 Dispensary To CMS Request Are Working Successfully Or Not" classname="Test Cases/DISPENSARY TEST CASES/TC_DP_021 Verify Schedule 9 Dispensary To CMS Request Are Working Successfully Or Not" status="ERROR">
         <error type="ERROR" message="Test Cases/DISPENSARY TEST CASES/TC_DP_021 Verify Schedule 9 Dispensary To CMS Request Are Working Successfully Or Not FAILED because (of) java.lang.NumberFormatException: For input string: &quot;&quot;"/>
         <system-out><![CDATA[2018-05-24 19:41:38 - [TEST_CASE][ERROR] - Test Cases/DISPENSARY TEST CASES/TC_DP_021 Verify Schedule 9 Dispensary To CMS Request Are Working Successfully Or Not: Test Cases/DISPENSARY TEST CASES/TC_DP_021 Verify Schedule 9 Dispensary To CMS Request Are Working Successfully Or Not FAILED because (of) java.lang.NumberFormatException: For input string: ""

2018-05-24 19:41:38 - [TEST_STEP][PASSED] - openBrowser: Browser is opened with url: ''

2018-05-24 19:41:40 - [MESSAGE][PASSED] - Browser is opened with url: ''

2018-05-24 19:41:40 - [TEST_STEP][PASSED] - navigateToUrl: Navigate to 'http://192.168.137.1/multihospital_new/HDSplashscreen.aspx' successfully

2018-05-24 19:41:44 - [MESSAGE][PASSED] - Navigate to 'http://192.168.137.1/multihospital_new/HDSplashscreen.aspx' successfully

2018-05-24 19:41:44 - [TEST_STEP][PASSED] - maximizeWindow: Current window maximized

2018-05-24 19:41:45 - [MESSAGE][PASSED] - Current window maximized

2018-05-24 19:41:45 - [TEST_STEP][PASSED] - click: Object: 'Object Repository/DispensaryToCms/Page_KDMC/a_Dispensary Store' is clicked on

2018-05-24 19:41:46 - [MESSAGE][PASSED] - Object: 'Object Repository/DispensaryToCms/Page_KDMC/a_Dispensary Store' is clicked on

2018-05-24 19:41:46 - [TEST_STEP][PASSED] - setText: Text 'rajaram' is set on object 'Object Repository/DispensaryToCms/Page_Dispensary Store Login/input_txtusername'

2018-05-24 19:41:46 - [MESSAGE][PASSED] - Text 'rajaram' is set on object 'Object Repository/DispensaryToCms/Page_Dispensary Store Login/input_txtusername'

2018-05-24 19:41:46 - [TEST_STEP][PASSED] - setText: Text '123' is set on object 'Object Repository/DispensaryToCms/Page_Dispensary Store Login/input_txtpassword'

2018-05-24 19:41:46 - [MESSAGE][PASSED] - Text '123' is set on object 'Object Repository/DispensaryToCms/Page_Dispensary Store Login/input_txtpassword'

2018-05-24 19:41:46 - [TEST_STEP][PASSED] - delay: Delayed 3 second(s)

2018-05-24 19:41:49 - [MESSAGE][PASSED] - Delayed 3 second(s)

2018-05-24 19:41:49 - [TEST_STEP][PASSED] - click: Object: 'Object Repository/DispensaryToCms/Page_Dispensary Store Login/button_Sign in' is clicked on

2018-05-24 19:41:50 - [MESSAGE][PASSED] - Object: 'Object Repository/DispensaryToCms/Page_Dispensary Store Login/button_Sign in' is clicked on

2018-05-24 19:41:50 - [TEST_STEP][PASSED] - delay: Delayed 3 second(s)

2018-05-24 19:41:53 - [MESSAGE][PASSED] - Delayed 3 second(s)

2018-05-24 19:41:53 - [TEST_STEP][PASSED] - click: Object: 'Object Repository/DispensaryToCms/Page_Dispensary Store/a_CMS' is clicked on

2018-05-24 19:41:54 - [MESSAGE][PASSED] - Object: 'Object Repository/DispensaryToCms/Page_Dispensary Store/a_CMS' is clicked on

2018-05-24 19:41:54 - [TEST_STEP][PASSED] - click: Object: 'Object Repository/DispensaryToCms/Page_Dispensary Store/a_Request Send' is clicked on

2018-05-24 19:41:54 - [MESSAGE][PASSED] - Object: 'Object Repository/DispensaryToCms/Page_Dispensary Store/a_Request Send' is clicked on

2018-05-24 19:41:54 - [TEST_STEP][PASSED] - delay: Delayed 2 second(s)

2018-05-24 19:41:56 - [MESSAGE][PASSED] - Delayed 2 second(s)

2018-05-24 19:41:56 - [TEST_STEP][PASSED] - selectOptionByIndex: All options with index in [2] are selected on object 'Object Repository/DispensaryToCms/Page_Dispensary Store/select_--Select--'

2018-05-24 19:41:56 - [MESSAGE][PASSED] - All options with index in [2] are selected on object 'Object Repository/DispensaryToCms/Page_Dispensary Store/select_--Select--'

2018-05-24 19:41:56 - [TEST_STEP][PASSED] - selectOptionByIndex: All options with index in [9] are selected on object 'Object Repository/DispensaryToCms/Page_Dispensary Store/select_--Select--Schedule 1Inj'

2018-05-24 19:41:57 - [MESSAGE][PASSED] - All options with index in [9] are selected on object 'Object Repository/DispensaryToCms/Page_Dispensary Store/select_--Select--Schedule 1Inj'

2018-05-24 19:41:57 - [TEST_STEP][PASSED] - Statement - medicineslength = com.kms.katalon.core.webui.keyword.WebUiBuiltInKeywords.getNumberOfTotalOption(com.kms.katalon.core.testobject.ObjectRepository.findTestObject(DispensaryToCms/Page_Dispensary Store/select_--Select--Adernaline 0.)): 36 options of object 'Object Repository/DispensaryToCms/Page_Dispensary Store/select_--Select--Adernaline 0.' counted

2018-05-24 19:41:57 - [MESSAGE][PASSED] - 36 options of object 'Object Repository/DispensaryToCms/Page_Dispensary Store/select_--Select--Adernaline 0.' counted

2018-05-24 19:41:57 - [TEST_STEP][PASSED] - Statement - For ([e = 1, e <= medicineslength - 1, (e++)]): Object: 'Object Repository/DispensaryToCms/Page_Dispensary Store/button_Add' is clicked on

2018-05-24 19:41:57 - [TEST_STEP][PASSED] - selectOptionByIndex: All options with index in [9] are selected on object 'Object Repository/DispensaryToCms/Page_Dispensary Store/select_--Select--Schedule 1Inj'

2018-05-24 19:41:57 - [MESSAGE][PASSED] - All options with index in [9] are selected on object 'Object Repository/DispensaryToCms/Page_Dispensary Store/select_--Select--Schedule 1Inj'

2018-05-24 19:41:57 - [TEST_STEP][PASSED] - selectOptionByIndex: All options with index in [1] are selected on object 'Object Repository/DispensaryToCms/Page_Dispensary Store/select_--Select--Adernaline 0.'

2018-05-24 19:41:57 - [MESSAGE][PASSED] - All options with index in [1] are selected on object 'Object Repository/DispensaryToCms/Page_Dispensary Store/select_--Select--Adernaline 0.'

2018-05-24 19:41:57 - [TEST_STEP][PASSED] - setText: Text '100' is set on object 'Object Repository/DispensaryToCms/Page_Dispensary Store/input_txttreat'

2018-05-24 19:41:57 - [MESSAGE][PASSED] - Text '100' is set on object 'Object Repository/DispensaryToCms/Page_Dispensary Store/input_txttreat'

2018-05-24 19:41:57 - [TEST_STEP][PASSED] - click: Object: 'Object Repository/DispensaryToCms/Page_Dispensary Store/button_Add' is clicked on

2018-05-24 19:41:57 - [MESSAGE][PASSED] - Object: 'Object Repository/DispensaryToCms/Page_Dispensary Store/button_Add' is clicked on

2018-05-24 19:41:57 - [TEST_STEP][PASSED] - selectOptionByIndex: All options with index in [9] are selected on object 'Object Repository/DispensaryToCms/Page_Dispensary Store/select_--Select--Schedule 1Inj'

2018-05-24 19:41:57 - [MESSAGE][PASSED] - All options with index in [9] are selected on object 'Object Repository/DispensaryToCms/Page_Dispensary Store/select_--Select--Schedule 1Inj'

2018-05-24 19:41:57 - [TEST_STEP][PASSED] - selectOptionByIndex: All options with index in [2] are selected on object 'Object Repository/DispensaryToCms/Page_Dispensary Store/select_--Select--Adernaline 0.'

2018-05-24 19:41:57 - [MESSAGE][PASSED] - All options with index in [2] are selected on object 'Object Repository/DispensaryToCms/Page_Dispensary Store/select_--Select--Adernaline 0.'

2018-05-24 19:41:57 - [TEST_STEP][PASSED] - setText: Text '100' is set on object 'Object Repository/DispensaryToCms/Page_Dispensary Store/input_txttreat'

2018-05-24 19:41:58 - [MESSAGE][PASSED] - Text '100' is set on object 'Object Repository/DispensaryToCms/Page_Dispensary Store/input_txttreat'

2018-05-24 19:41:58 - [TEST_STEP][PASSED] - click: Object: 'Object Repository/DispensaryToCms/Page_Dispensary Store/button_Add' is clicked on

2018-05-24 19:41:58 - [MESSAGE][PASSED] - Object: 'Object Repository/DispensaryToCms/Page_Dispensary Store/button_Add' is clicked on

2018-05-24 19:41:58 - [TEST_STEP][PASSED] - selectOptionByIndex: All options with index in [9] are selected on object 'Object Repository/DispensaryToCms/Page_Dispensary Store/select_--Select--Schedule 1Inj'

2018-05-24 19:41:58 - [MESSAGE][PASSED] - All options with index in [9] are selected on object 'Object Repository/DispensaryToCms/Page_Dispensary Store/select_--Select--Schedule 1Inj'

2018-05-24 19:41:58 - [TEST_STEP][PASSED] - selectOptionByIndex: All options with index in [3] are selected on object 'Object Repository/DispensaryToCms/Page_Dispensary Store/select_--Select--Adernaline 0.'

2018-05-24 19:41:58 - [MESSAGE][PASSED] - All options with index in [3] are selected on object 'Object Repository/DispensaryToCms/Page_Dispensary Store/select_--Select--Adernaline 0.'

2018-05-24 19:41:58 - [TEST_STEP][PASSED] - setText: Text '100' is set on object 'Object Repository/DispensaryToCms/Page_Dispensary Store/input_txttreat'

2018-05-24 19:41:58 - [MESSAGE][PASSED] - Text '100' is set on object 'Object Repository/DispensaryToCms/Page_Dispensary Store/input_txttreat'

2018-05-24 19:41:58 - [TEST_STEP][PASSED] - click: Object: 'Object Repository/DispensaryToCms/Page_Dispensary Store/button_Add' is clicked on

2018-05-24 19:41:58 - [MESSAGE][PASSED] - Object: 'Object Repository/DispensaryToCms/Page_Dispensary Store/button_Add' is clicked on

2018-05-24 19:41:58 - [TEST_STEP][PASSED] - selectOptionByIndex: All options with index in [9] are selected on object 'Object Repository/DispensaryToCms/Page_Dispensary Store/select_--Select--Schedule 1Inj'

2018-05-24 19:41:58 - [MESSAGE][PASSED] - All options with index in [9] are selected on object 'Object Repository/DispensaryToCms/Page_Dispensary Store/select_--Select--Schedule 1Inj'

2018-05-24 19:41:58 - [TEST_STEP][PASSED] - selectOptionByIndex: All options with index in [4] are selected on object 'Object Repository/DispensaryToCms/Page_Dispensary Store/select_--Select--Adernaline 0.'

2018-05-24 19:41:59 - [MESSAGE][PASSED] - All options with index in [4] are selected on object 'Object Repository/DispensaryToCms/Page_Dispensary Store/select_--Select--Adernaline 0.'

2018-05-24 19:41:59 - [TEST_STEP][PASSED] - setText: Text '100' is set on object 'Object Repository/DispensaryToCms/Page_Dispensary Store/input_txttreat'

2018-05-24 19:41:59 - [MESSAGE][PASSED] - Text '100' is set on object 'Object Repository/DispensaryToCms/Page_Dispensary Store/input_txttreat'

2018-05-24 19:41:59 - [TEST_STEP][PASSED] - click: Object: 'Object Repository/DispensaryToCms/Page_Dispensary Store/button_Add' is clicked on

2018-05-24 19:41:59 - [MESSAGE][PASSED] - Object: 'Object Repository/DispensaryToCms/Page_Dispensary Store/button_Add' is clicked on

2018-05-24 19:41:59 - [TEST_STEP][PASSED] - selectOptionByIndex: All options with index in [9] are selected on object 'Object Repository/DispensaryToCms/Page_Dispensary Store/select_--Select--Schedule 1Inj'

2018-05-24 19:41:59 - [MESSAGE][PASSED] - All options with index in [9] are selected on object 'Object Repository/DispensaryToCms/Page_Dispensary Store/select_--Select--Schedule 1Inj'

2018-05-24 19:41:59 - [TEST_STEP][PASSED] - selectOptionByIndex: All options with index in [5] are selected on object 'Object Repository/DispensaryToCms/Page_Dispensary Store/select_--Select--Adernaline 0.'

2018-05-24 19:41:59 - [MESSAGE][PASSED] - All options with index in [5] are selected on object 'Object Repository/DispensaryToCms/Page_Dispensary Store/select_--Select--Adernaline 0.'

2018-05-24 19:41:59 - [TEST_STEP][PASSED] - setText: Text '100' is set on object 'Object Repository/DispensaryToCms/Page_Dispensary Store/input_txttreat'

2018-05-24 19:41:59 - [MESSAGE][PASSED] - Text '100' is set on object 'Object Repository/DispensaryToCms/Page_Dispensary Store/input_txttreat'

2018-05-24 19:41:59 - [TEST_STEP][PASSED] - click: Object: 'Object Repository/DispensaryToCms/Page_Dispensary Store/button_Add' is clicked on

2018-05-24 19:41:59 - [MESSAGE][PASSED] - Object: 'Object Repository/DispensaryToCms/Page_Dispensary Store/button_Add' is clicked on

2018-05-24 19:41:59 - [TEST_STEP][PASSED] - selectOptionByIndex: All options with index in [9] are selected on object 'Object Repository/DispensaryToCms/Page_Dispensary Store/select_--Select--Schedule 1Inj'

2018-05-24 19:41:59 - [MESSAGE][PASSED] - All options with index in [9] are selected on object 'Object Repository/DispensaryToCms/Page_Dispensary Store/select_--Select--Schedule 1Inj'

2018-05-24 19:41:59 - [TEST_STEP][PASSED] - selectOptionByIndex: All options with index in [6] are selected on object 'Object Repository/DispensaryToCms/Page_Dispensary Store/select_--Select--Adernaline 0.'

2018-05-24 19:42:00 - [MESSAGE][PASSED] - All options with index in [6] are selected on object 'Object Repository/DispensaryToCms/Page_Dispensary Store/select_--Select--Adernaline 0.'

2018-05-24 19:42:00 - [TEST_STEP][PASSED] - setText: Text '100' is set on object 'Object Repository/DispensaryToCms/Page_Dispensary Store/input_txttreat'

2018-05-24 19:42:00 - [MESSAGE][PASSED] - Text '100' is set on object 'Object Repository/DispensaryToCms/Page_Dispensary Store/input_txttreat'

2018-05-24 19:42:00 - [TEST_STEP][PASSED] - click: Object: 'Object Repository/DispensaryToCms/Page_Dispensary Store/button_Add' is clicked on

2018-05-24 19:42:00 - [MESSAGE][PASSED] - Object: 'Object Repository/DispensaryToCms/Page_Dispensary Store/button_Add' is clicked on

2018-05-24 19:42:00 - [TEST_STEP][PASSED] - selectOptionByIndex: All options with index in [9] are selected on object 'Object Repository/DispensaryToCms/Page_Dispensary Store/select_--Select--Schedule 1Inj'

2018-05-24 19:42:00 - [MESSAGE][PASSED] - All options with index in [9] are selected on object 'Object Repository/DispensaryToCms/Page_Dispensary Store/select_--Select--Schedule 1Inj'

2018-05-24 19:42:00 - [TEST_STEP][PASSED] - selectOptionByIndex: All options with index in [7] are selected on object 'Object Repository/DispensaryToCms/Page_Dispensary Store/select_--Select--Adernaline 0.'

2018-05-24 19:42:00 - [MESSAGE][PASSED] - All options with index in [7] are selected on object 'Object Repository/DispensaryToCms/Page_Dispensary Store/select_--Select--Adernaline 0.'

2018-05-24 19:42:00 - [TEST_STEP][PASSED] - setText: Text '100' is set on object 'Object Repository/DispensaryToCms/Page_Dispensary Store/input_txttreat'

2018-05-24 19:42:00 - [MESSAGE][PASSED] - Text '100' is set on object 'Object Repository/DispensaryToCms/Page_Dispensary Store/input_txttreat'

2018-05-24 19:42:00 - [TEST_STEP][PASSED] - click: Object: 'Object Repository/DispensaryToCms/Page_Dispensary Store/button_Add' is clicked on

2018-05-24 19:42:00 - [MESSAGE][PASSED] - Object: 'Object Repository/DispensaryToCms/Page_Dispensary Store/button_Add' is clicked on

2018-05-24 19:42:00 - [TEST_STEP][PASSED] - selectOptionByIndex: All options with index in [9] are selected on object 'Object Repository/DispensaryToCms/Page_Dispensary Store/select_--Select--Schedule 1Inj'

2018-05-24 19:42:01 - [MESSAGE][PASSED] - All options with index in [9] are selected on object 'Object Repository/DispensaryToCms/Page_Dispensary Store/select_--Select--Schedule 1Inj'

2018-05-24 19:42:01 - [TEST_STEP][PASSED] - selectOptionByIndex: All options with index in [8] are selected on object 'Object Repository/DispensaryToCms/Page_Dispensary Store/select_--Select--Adernaline 0.'

2018-05-24 19:42:01 - [MESSAGE][PASSED] - All options with index in [8] are selected on object 'Object Repository/DispensaryToCms/Page_Dispensary Store/select_--Select--Adernaline 0.'

2018-05-24 19:42:01 - [TEST_STEP][PASSED] - setText: Text '100' is set on object 'Object Repository/DispensaryToCms/Page_Dispensary Store/input_txttreat'

2018-05-24 19:42:01 - [MESSAGE][PASSED] - Text '100' is set on object 'Object Repository/DispensaryToCms/Page_Dispensary Store/input_txttreat'

2018-05-24 19:42:01 - [TEST_STEP][PASSED] - click: Object: 'Object Repository/DispensaryToCms/Page_Dispensary Store/button_Add' is clicked on

2018-05-24 19:42:01 - [MESSAGE][PASSED] - Object: 'Object Repository/DispensaryToCms/Page_Dispensary Store/button_Add' is clicked on

2018-05-24 19:42:01 - [TEST_STEP][PASSED] - selectOptionByIndex: All options with index in [9] are selected on object 'Object Repository/DispensaryToCms/Page_Dispensary Store/select_--Select--Schedule 1Inj'

2018-05-24 19:42:01 - [MESSAGE][PASSED] - All options with index in [9] are selected on object 'Object Repository/DispensaryToCms/Page_Dispensary Store/select_--Select--Schedule 1Inj'

2018-05-24 19:42:01 - [TEST_STEP][PASSED] - selectOptionByIndex: All options with index in [9] are selected on object 'Object Repository/DispensaryToCms/Page_Dispensary Store/select_--Select--Adernaline 0.'

2018-05-24 19:42:01 - [MESSAGE][PASSED] - All options with index in [9] are selected on object 'Object Repository/DispensaryToCms/Page_Dispensary Store/select_--Select--Adernaline 0.'

2018-05-24 19:42:01 - [TEST_STEP][PASSED] - setText: Text '100' is set on object 'Object Repository/DispensaryToCms/Page_Dispensary Store/input_txttreat'

2018-05-24 19:42:01 - [MESSAGE][PASSED] - Text '100' is set on object 'Object Repository/DispensaryToCms/Page_Dispensary Store/input_txttreat'

2018-05-24 19:42:01 - [TEST_STEP][PASSED] - click: Object: 'Object Repository/DispensaryToCms/Page_Dispensary Store/button_Add' is clicked on

2018-05-24 19:42:02 - [MESSAGE][PASSED] - Object: 'Object Repository/DispensaryToCms/Page_Dispensary Store/button_Add' is clicked on

2018-05-24 19:42:02 - [TEST_STEP][PASSED] - selectOptionByIndex: All options with index in [9] are selected on object 'Object Repository/DispensaryToCms/Page_Dispensary Store/select_--Select--Schedule 1Inj'

2018-05-24 19:42:02 - [MESSAGE][PASSED] - All options with index in [9] are selected on object 'Object Repository/DispensaryToCms/Page_Dispensary Store/select_--Select--Schedule 1Inj'

2018-05-24 19:42:02 - [TEST_STEP][PASSED] - selectOptionByIndex: All options with index in [10] are selected on object 'Object Repository/DispensaryToCms/Page_Dispensary Store/select_--Select--Adernaline 0.'

2018-05-24 19:42:02 - [MESSAGE][PASSED] - All options with index in [10] are selected on object 'Object Repository/DispensaryToCms/Page_Dispensary Store/select_--Select--Adernaline 0.'

2018-05-24 19:42:02 - [TEST_STEP][PASSED] - setText: Text '100' is set on object 'Object Repository/DispensaryToCms/Page_Dispensary Store/input_txttreat'

2018-05-24 19:42:02 - [MESSAGE][PASSED] - Text '100' is set on object 'Object Repository/DispensaryToCms/Page_Dispensary Store/input_txttreat'

2018-05-24 19:42:02 - [TEST_STEP][PASSED] - click: Object: 'Object Repository/DispensaryToCms/Page_Dispensary Store/button_Add' is clicked on

2018-05-24 19:42:02 - [MESSAGE][PASSED] - Object: 'Object Repository/DispensaryToCms/Page_Dispensary Store/button_Add' is clicked on

2018-05-24 19:42:02 - [TEST_STEP][PASSED] - selectOptionByIndex: All options with index in [9] are selected on object 'Object Repository/DispensaryToCms/Page_Dispensary Store/select_--Select--Schedule 1Inj'

2018-05-24 19:42:02 - [MESSAGE][PASSED] - All options with index in [9] are selected on object 'Object Repository/DispensaryToCms/Page_Dispensary Store/select_--Select--Schedule 1Inj'

2018-05-24 19:42:02 - [TEST_STEP][PASSED] - selectOptionByIndex: All options with index in [11] are selected on object 'Object Repository/DispensaryToCms/Page_Dispensary Store/select_--Select--Adernaline 0.'

2018-05-24 19:42:03 - [MESSAGE][PASSED] - All options with index in [11] are selected on object 'Object Repository/DispensaryToCms/Page_Dispensary Store/select_--Select--Adernaline 0.'

2018-05-24 19:42:03 - [TEST_STEP][PASSED] - setText: Text '100' is set on object 'Object Repository/DispensaryToCms/Page_Dispensary Store/input_txttreat'

2018-05-24 19:42:03 - [MESSAGE][PASSED] - Text '100' is set on object 'Object Repository/DispensaryToCms/Page_Dispensary Store/input_txttreat'

2018-05-24 19:42:03 - [TEST_STEP][PASSED] - click: Object: 'Object Repository/DispensaryToCms/Page_Dispensary Store/button_Add' is clicked on

2018-05-24 19:42:03 - [MESSAGE][PASSED] - Object: 'Object Repository/DispensaryToCms/Page_Dispensary Store/button_Add' is clicked on

2018-05-24 19:42:03 - [TEST_STEP][PASSED] - selectOptionByIndex: All options with index in [9] are selected on object 'Object Repository/DispensaryToCms/Page_Dispensary Store/select_--Select--Schedule 1Inj'

2018-05-24 19:42:03 - [MESSAGE][PASSED] - All options with index in [9] are selected on object 'Object Repository/DispensaryToCms/Page_Dispensary Store/select_--Select--Schedule 1Inj'

2018-05-24 19:42:03 - [TEST_STEP][PASSED] - selectOptionByIndex: All options with index in [12] are selected on object 'Object Repository/DispensaryToCms/Page_Dispensary Store/select_--Select--Adernaline 0.'

2018-05-24 19:42:03 - [MESSAGE][PASSED] - All options with index in [12] are selected on object 'Object Repository/DispensaryToCms/Page_Dispensary Store/select_--Select--Adernaline 0.'

2018-05-24 19:42:03 - [TEST_STEP][PASSED] - setText: Text '100' is set on object 'Object Repository/DispensaryToCms/Page_Dispensary Store/input_txttreat'

2018-05-24 19:42:03 - [MESSAGE][PASSED] - Text '100' is set on object 'Object Repository/DispensaryToCms/Page_Dispensary Store/input_txttreat'

2018-05-24 19:42:03 - [TEST_STEP][PASSED] - click: Object: 'Object Repository/DispensaryToCms/Page_Dispensary Store/button_Add' is clicked on

2018-05-24 19:42:03 - [MESSAGE][PASSED] - Object: 'Object Repository/DispensaryToCms/Page_Dispensary Store/button_Add' is clicked on

2018-05-24 19:42:03 - [TEST_STEP][PASSED] - selectOptionByIndex: All options with index in [9] are selected on object 'Object Repository/DispensaryToCms/Page_Dispensary Store/select_--Select--Schedule 1Inj'

2018-05-24 19:42:04 - [MESSAGE][PASSED] - All options with index in [9] are selected on object 'Object Repository/DispensaryToCms/Page_Dispensary Store/select_--Select--Schedule 1Inj'

2018-05-24 19:42:04 - [TEST_STEP][PASSED] - selectOptionByIndex: All options with index in [13] are selected on object 'Object Repository/DispensaryToCms/Page_Dispensary Store/select_--Select--Adernaline 0.'

2018-05-24 19:42:04 - [MESSAGE][PASSED] - All options with index in [13] are selected on object 'Object Repository/DispensaryToCms/Page_Dispensary Store/select_--Select--Adernaline 0.'

2018-05-24 19:42:04 - [TEST_STEP][PASSED] - setText: Text '100' is set on object 'Object Repository/DispensaryToCms/Page_Dispensary Store/input_txttreat'

2018-05-24 19:42:04 - [MESSAGE][PASSED] - Text '100' is set on object 'Object Repository/DispensaryToCms/Page_Dispensary Store/input_txttreat'

2018-05-24 19:42:04 - [TEST_STEP][PASSED] - click: Object: 'Object Repository/DispensaryToCms/Page_Dispensary Store/button_Add' is clicked on

2018-05-24 19:42:04 - [MESSAGE][PASSED] - Object: 'Object Repository/DispensaryToCms/Page_Dispensary Store/button_Add' is clicked on

2018-05-24 19:42:04 - [TEST_STEP][PASSED] - selectOptionByIndex: All options with index in [9] are selected on object 'Object Repository/DispensaryToCms/Page_Dispensary Store/select_--Select--Schedule 1Inj'

2018-05-24 19:42:04 - [MESSAGE][PASSED] - All options with index in [9] are selected on object 'Object Repository/DispensaryToCms/Page_Dispensary Store/select_--Select--Schedule 1Inj'

2018-05-24 19:42:04 - [TEST_STEP][PASSED] - selectOptionByIndex: All options with index in [14] are selected on object 'Object Repository/DispensaryToCms/Page_Dispensary Store/select_--Select--Adernaline 0.'

2018-05-24 19:42:05 - [MESSAGE][PASSED] - All options with index in [14] are selected on object 'Object Repository/DispensaryToCms/Page_Dispensary Store/select_--Select--Adernaline 0.'

2018-05-24 19:42:05 - [TEST_STEP][PASSED] - setText: Text '100' is set on object 'Object Repository/DispensaryToCms/Page_Dispensary Store/input_txttreat'

2018-05-24 19:42:05 - [MESSAGE][PASSED] - Text '100' is set on object 'Object Repository/DispensaryToCms/Page_Dispensary Store/input_txttreat'

2018-05-24 19:42:05 - [TEST_STEP][PASSED] - click: Object: 'Object Repository/DispensaryToCms/Page_Dispensary Store/button_Add' is clicked on

2018-05-24 19:42:05 - [MESSAGE][PASSED] - Object: 'Object Repository/DispensaryToCms/Page_Dispensary Store/button_Add' is clicked on

2018-05-24 19:42:05 - [TEST_STEP][PASSED] - selectOptionByIndex: All options with index in [9] are selected on object 'Object Repository/DispensaryToCms/Page_Dispensary Store/select_--Select--Schedule 1Inj'

2018-05-24 19:42:05 - [MESSAGE][PASSED] - All options with index in [9] are selected on object 'Object Repository/DispensaryToCms/Page_Dispensary Store/select_--Select--Schedule 1Inj'

2018-05-24 19:42:05 - [TEST_STEP][PASSED] - selectOptionByIndex: All options with index in [15] are selected on object 'Object Repository/DispensaryToCms/Page_Dispensary Store/select_--Select--Adernaline 0.'

2018-05-24 19:42:05 - [MESSAGE][PASSED] - All options with index in [15] are selected on object 'Object Repository/DispensaryToCms/Page_Dispensary Store/select_--Select--Adernaline 0.'

2018-05-24 19:42:05 - [TEST_STEP][PASSED] - setText: Text '100' is set on object 'Object Repository/DispensaryToCms/Page_Dispensary Store/input_txttreat'

2018-05-24 19:42:05 - [MESSAGE][PASSED] - Text '100' is set on object 'Object Repository/DispensaryToCms/Page_Dispensary Store/input_txttreat'

2018-05-24 19:42:05 - [TEST_STEP][PASSED] - click: Object: 'Object Repository/DispensaryToCms/Page_Dispensary Store/button_Add' is clicked on

2018-05-24 19:42:05 - [MESSAGE][PASSED] - Object: 'Object Repository/DispensaryToCms/Page_Dispensary Store/button_Add' is clicked on

2018-05-24 19:42:05 - [TEST_STEP][PASSED] - selectOptionByIndex: All options with index in [9] are selected on object 'Object Repository/DispensaryToCms/Page_Dispensary Store/select_--Select--Schedule 1Inj'

2018-05-24 19:42:06 - [MESSAGE][PASSED] - All options with index in [9] are selected on object 'Object Repository/DispensaryToCms/Page_Dispensary Store/select_--Select--Schedule 1Inj'

2018-05-24 19:42:06 - [TEST_STEP][PASSED] - selectOptionByIndex: All options with index in [16] are selected on object 'Object Repository/DispensaryToCms/Page_Dispensary Store/select_--Select--Adernaline 0.'

2018-05-24 19:42:06 - [MESSAGE][PASSED] - All options with index in [16] are selected on object 'Object Repository/DispensaryToCms/Page_Dispensary Store/select_--Select--Adernaline 0.'

2018-05-24 19:42:06 - [TEST_STEP][PASSED] - setText: Text '100' is set on object 'Object Repository/DispensaryToCms/Page_Dispensary Store/input_txttreat'

2018-05-24 19:42:06 - [MESSAGE][PASSED] - Text '100' is set on object 'Object Repository/DispensaryToCms/Page_Dispensary Store/input_txttreat'

2018-05-24 19:42:06 - [TEST_STEP][PASSED] - click: Object: 'Object Repository/DispensaryToCms/Page_Dispensary Store/button_Add' is clicked on

2018-05-24 19:42:06 - [MESSAGE][PASSED] - Object: 'Object Repository/DispensaryToCms/Page_Dispensary Store/button_Add' is clicked on

2018-05-24 19:42:06 - [TEST_STEP][PASSED] - selectOptionByIndex: All options with index in [9] are selected on object 'Object Repository/DispensaryToCms/Page_Dispensary Store/select_--Select--Schedule 1Inj'

2018-05-24 19:42:06 - [MESSAGE][PASSED] - All options with index in [9] are selected on object 'Object Repository/DispensaryToCms/Page_Dispensary Store/select_--Select--Schedule 1Inj'

2018-05-24 19:42:06 - [TEST_STEP][PASSED] - selectOptionByIndex: All options with index in [17] are selected on object 'Object Repository/DispensaryToCms/Page_Dispensary Store/select_--Select--Adernaline 0.'

2018-05-24 19:42:07 - [MESSAGE][PASSED] - All options with index in [17] are selected on object 'Object Repository/DispensaryToCms/Page_Dispensary Store/select_--Select--Adernaline 0.'

2018-05-24 19:42:07 - [TEST_STEP][PASSED] - setText: Text '100' is set on object 'Object Repository/DispensaryToCms/Page_Dispensary Store/input_txttreat'

2018-05-24 19:42:07 - [MESSAGE][PASSED] - Text '100' is set on object 'Object Repository/DispensaryToCms/Page_Dispensary Store/input_txttreat'

2018-05-24 19:42:07 - [TEST_STEP][PASSED] - click: Object: 'Object Repository/DispensaryToCms/Page_Dispensary Store/button_Add' is clicked on

2018-05-24 19:42:07 - [MESSAGE][PASSED] - Object: 'Object Repository/DispensaryToCms/Page_Dispensary Store/button_Add' is clicked on

2018-05-24 19:42:07 - [TEST_STEP][PASSED] - selectOptionByIndex: All options with index in [9] are selected on object 'Object Repository/DispensaryToCms/Page_Dispensary Store/select_--Select--Schedule 1Inj'

2018-05-24 19:42:07 - [MESSAGE][PASSED] - All options with index in [9] are selected on object 'Object Repository/DispensaryToCms/Page_Dispensary Store/select_--Select--Schedule 1Inj'

2018-05-24 19:42:07 - [TEST_STEP][PASSED] - selectOptionByIndex: All options with index in [18] are selected on object 'Object Repository/DispensaryToCms/Page_Dispensary Store/select_--Select--Adernaline 0.'

2018-05-24 19:42:07 - [MESSAGE][PASSED] - All options with index in [18] are selected on object 'Object Repository/DispensaryToCms/Page_Dispensary Store/select_--Select--Adernaline 0.'

2018-05-24 19:42:07 - [TEST_STEP][PASSED] - setText: Text '100' is set on object 'Object Repository/DispensaryToCms/Page_Dispensary Store/input_txttreat'

2018-05-24 19:42:07 - [MESSAGE][PASSED] - Text '100' is set on object 'Object Repository/DispensaryToCms/Page_Dispensary Store/input_txttreat'

2018-05-24 19:42:07 - [TEST_STEP][PASSED] - click: Object: 'Object Repository/DispensaryToCms/Page_Dispensary Store/button_Add' is clicked on

2018-05-24 19:42:07 - [MESSAGE][PASSED] - Object: 'Object Repository/DispensaryToCms/Page_Dispensary Store/button_Add' is clicked on

2018-05-24 19:42:07 - [TEST_STEP][PASSED] - selectOptionByIndex: All options with index in [9] are selected on object 'Object Repository/DispensaryToCms/Page_Dispensary Store/select_--Select--Schedule 1Inj'

2018-05-24 19:42:08 - [MESSAGE][PASSED] - All options with index in [9] are selected on object 'Object Repository/DispensaryToCms/Page_Dispensary Store/select_--Select--Schedule 1Inj'

2018-05-24 19:42:08 - [TEST_STEP][PASSED] - selectOptionByIndex: All options with index in [19] are selected on object 'Object Repository/DispensaryToCms/Page_Dispensary Store/select_--Select--Adernaline 0.'

2018-05-24 19:42:08 - [MESSAGE][PASSED] - All options with index in [19] are selected on object 'Object Repository/DispensaryToCms/Page_Dispensary Store/select_--Select--Adernaline 0.'

2018-05-24 19:42:08 - [TEST_STEP][PASSED] - setText: Text '100' is set on object 'Object Repository/DispensaryToCms/Page_Dispensary Store/input_txttreat'

2018-05-24 19:42:08 - [MESSAGE][PASSED] - Text '100' is set on object 'Object Repository/DispensaryToCms/Page_Dispensary Store/input_txttreat'

2018-05-24 19:42:08 - [TEST_STEP][PASSED] - click: Object: 'Object Repository/DispensaryToCms/Page_Dispensary Store/button_Add' is clicked on

2018-05-24 19:42:08 - [MESSAGE][PASSED] - Object: 'Object Repository/DispensaryToCms/Page_Dispensary Store/button_Add' is clicked on

2018-05-24 19:42:08 - [TEST_STEP][PASSED] - selectOptionByIndex: All options with index in [9] are selected on object 'Object Repository/DispensaryToCms/Page_Dispensary Store/select_--Select--Schedule 1Inj'

2018-05-24 19:42:08 - [MESSAGE][PASSED] - All options with index in [9] are selected on object 'Object Repository/DispensaryToCms/Page_Dispensary Store/select_--Select--Schedule 1Inj'

2018-05-24 19:42:08 - [TEST_STEP][PASSED] - selectOptionByIndex: All options with index in [20] are selected on object 'Object Repository/DispensaryToCms/Page_Dispensary Store/select_--Select--Adernaline 0.'

2018-05-24 19:42:09 - [MESSAGE][PASSED] - All options with index in [20] are selected on object 'Object Repository/DispensaryToCms/Page_Dispensary Store/select_--Select--Adernaline 0.'

2018-05-24 19:42:09 - [TEST_STEP][PASSED] - setText: Text '100' is set on object 'Object Repository/DispensaryToCms/Page_Dispensary Store/input_txttreat'

2018-05-24 19:42:09 - [MESSAGE][PASSED] - Text '100' is set on object 'Object Repository/DispensaryToCms/Page_Dispensary Store/input_txttreat'

2018-05-24 19:42:09 - [TEST_STEP][PASSED] - click: Object: 'Object Repository/DispensaryToCms/Page_Dispensary Store/button_Add' is clicked on

2018-05-24 19:42:09 - [MESSAGE][PASSED] - Object: 'Object Repository/DispensaryToCms/Page_Dispensary Store/button_Add' is clicked on

2018-05-24 19:42:09 - [TEST_STEP][PASSED] - selectOptionByIndex: All options with index in [9] are selected on object 'Object Repository/DispensaryToCms/Page_Dispensary Store/select_--Select--Schedule 1Inj'

2018-05-24 19:42:09 - [MESSAGE][PASSED] - All options with index in [9] are selected on object 'Object Repository/DispensaryToCms/Page_Dispensary Store/select_--Select--Schedule 1Inj'

2018-05-24 19:42:09 - [TEST_STEP][PASSED] - selectOptionByIndex: All options with index in [21] are selected on object 'Object Repository/DispensaryToCms/Page_Dispensary Store/select_--Select--Adernaline 0.'

2018-05-24 19:42:09 - [MESSAGE][PASSED] - All options with index in [21] are selected on object 'Object Repository/DispensaryToCms/Page_Dispensary Store/select_--Select--Adernaline 0.'

2018-05-24 19:42:09 - [TEST_STEP][PASSED] - setText: Text '100' is set on object 'Object Repository/DispensaryToCms/Page_Dispensary Store/input_txttreat'

2018-05-24 19:42:09 - [MESSAGE][PASSED] - Text '100' is set on object 'Object Repository/DispensaryToCms/Page_Dispensary Store/input_txttreat'

2018-05-24 19:42:09 - [TEST_STEP][PASSED] - click: Object: 'Object Repository/DispensaryToCms/Page_Dispensary Store/button_Add' is clicked on

2018-05-24 19:42:09 - [MESSAGE][PASSED] - Object: 'Object Repository/DispensaryToCms/Page_Dispensary Store/button_Add' is clicked on

2018-05-24 19:42:09 - [TEST_STEP][PASSED] - selectOptionByIndex: All options with index in [9] are selected on object 'Object Repository/DispensaryToCms/Page_Dispensary Store/select_--Select--Schedule 1Inj'

2018-05-24 19:42:10 - [MESSAGE][PASSED] - All options with index in [9] are selected on object 'Object Repository/DispensaryToCms/Page_Dispensary Store/select_--Select--Schedule 1Inj'

2018-05-24 19:42:10 - [TEST_STEP][PASSED] - selectOptionByIndex: All options with index in [22] are selected on object 'Object Repository/DispensaryToCms/Page_Dispensary Store/select_--Select--Adernaline 0.'

2018-05-24 19:42:10 - [MESSAGE][PASSED] - All options with index in [22] are selected on object 'Object Repository/DispensaryToCms/Page_Dispensary Store/select_--Select--Adernaline 0.'

2018-05-24 19:42:10 - [TEST_STEP][PASSED] - setText: Text '100' is set on object 'Object Repository/DispensaryToCms/Page_Dispensary Store/input_txttreat'

2018-05-24 19:42:10 - [MESSAGE][PASSED] - Text '100' is set on object 'Object Repository/DispensaryToCms/Page_Dispensary Store/input_txttreat'

2018-05-24 19:42:10 - [TEST_STEP][PASSED] - click: Object: 'Object Repository/DispensaryToCms/Page_Dispensary Store/button_Add' is clicked on

2018-05-24 19:42:10 - [MESSAGE][PASSED] - Object: 'Object Repository/DispensaryToCms/Page_Dispensary Store/button_Add' is clicked on

2018-05-24 19:42:10 - [TEST_STEP][PASSED] - selectOptionByIndex: All options with index in [9] are selected on object 'Object Repository/DispensaryToCms/Page_Dispensary Store/select_--Select--Schedule 1Inj'

2018-05-24 19:42:10 - [MESSAGE][PASSED] - All options with index in [9] are selected on object 'Object Repository/DispensaryToCms/Page_Dispensary Store/select_--Select--Schedule 1Inj'

2018-05-24 19:42:10 - [TEST_STEP][PASSED] - selectOptionByIndex: All options with index in [23] are selected on object 'Object Repository/DispensaryToCms/Page_Dispensary Store/select_--Select--Adernaline 0.'

2018-05-24 19:42:11 - [MESSAGE][PASSED] - All options with index in [23] are selected on object 'Object Repository/DispensaryToCms/Page_Dispensary Store/select_--Select--Adernaline 0.'

2018-05-24 19:42:11 - [TEST_STEP][PASSED] - setText: Text '100' is set on object 'Object Repository/DispensaryToCms/Page_Dispensary Store/input_txttreat'

2018-05-24 19:42:11 - [MESSAGE][PASSED] - Text '100' is set on object 'Object Repository/DispensaryToCms/Page_Dispensary Store/input_txttreat'

2018-05-24 19:42:11 - [TEST_STEP][PASSED] - click: Object: 'Object Repository/DispensaryToCms/Page_Dispensary Store/button_Add' is clicked on

2018-05-24 19:42:11 - [MESSAGE][PASSED] - Object: 'Object Repository/DispensaryToCms/Page_Dispensary Store/button_Add' is clicked on

2018-05-24 19:42:11 - [TEST_STEP][PASSED] - selectOptionByIndex: All options with index in [9] are selected on object 'Object Repository/DispensaryToCms/Page_Dispensary Store/select_--Select--Schedule 1Inj'

2018-05-24 19:42:11 - [MESSAGE][PASSED] - All options with index in [9] are selected on object 'Object Repository/DispensaryToCms/Page_Dispensary Store/select_--Select--Schedule 1Inj'

2018-05-24 19:42:11 - [TEST_STEP][PASSED] - selectOptionByIndex: All options with index in [24] are selected on object 'Object Repository/DispensaryToCms/Page_Dispensary Store/select_--Select--Adernaline 0.'

2018-05-24 19:42:11 - [MESSAGE][PASSED] - All options with index in [24] are selected on object 'Object Repository/DispensaryToCms/Page_Dispensary Store/select_--Select--Adernaline 0.'

2018-05-24 19:42:11 - [TEST_STEP][PASSED] - setText: Text '100' is set on object 'Object Repository/DispensaryToCms/Page_Dispensary Store/input_txttreat'

2018-05-24 19:42:11 - [MESSAGE][PASSED] - Text '100' is set on object 'Object Repository/DispensaryToCms/Page_Dispensary Store/input_txttreat'

2018-05-24 19:42:11 - [TEST_STEP][PASSED] - click: Object: 'Object Repository/DispensaryToCms/Page_Dispensary Store/button_Add' is clicked on

2018-05-24 19:42:12 - [MESSAGE][PASSED] - Object: 'Object Repository/DispensaryToCms/Page_Dispensary Store/button_Add' is clicked on

2018-05-24 19:42:12 - [TEST_STEP][PASSED] - selectOptionByIndex: All options with index in [9] are selected on object 'Object Repository/DispensaryToCms/Page_Dispensary Store/select_--Select--Schedule 1Inj'

2018-05-24 19:42:12 - [MESSAGE][PASSED] - All options with index in [9] are selected on object 'Object Repository/DispensaryToCms/Page_Dispensary Store/select_--Select--Schedule 1Inj'

2018-05-24 19:42:12 - [TEST_STEP][PASSED] - selectOptionByIndex: All options with index in [25] are selected on object 'Object Repository/DispensaryToCms/Page_Dispensary Store/select_--Select--Adernaline 0.'

2018-05-24 19:42:12 - [MESSAGE][PASSED] - All options with index in [25] are selected on object 'Object Repository/DispensaryToCms/Page_Dispensary Store/select_--Select--Adernaline 0.'

2018-05-24 19:42:12 - [TEST_STEP][PASSED] - setText: Text '100' is set on object 'Object Repository/DispensaryToCms/Page_Dispensary Store/input_txttreat'

2018-05-24 19:42:12 - [MESSAGE][PASSED] - Text '100' is set on object 'Object Repository/DispensaryToCms/Page_Dispensary Store/input_txttreat'

2018-05-24 19:42:12 - [TEST_STEP][PASSED] - click: Object: 'Object Repository/DispensaryToCms/Page_Dispensary Store/button_Add' is clicked on

2018-05-24 19:42:12 - [MESSAGE][PASSED] - Object: 'Object Repository/DispensaryToCms/Page_Dispensary Store/button_Add' is clicked on

2018-05-24 19:42:12 - [TEST_STEP][PASSED] - selectOptionByIndex: All options with index in [9] are selected on object 'Object Repository/DispensaryToCms/Page_Dispensary Store/select_--Select--Schedule 1Inj'

2018-05-24 19:42:13 - [MESSAGE][PASSED] - All options with index in [9] are selected on object 'Object Repository/DispensaryToCms/Page_Dispensary Store/select_--Select--Schedule 1Inj'

2018-05-24 19:42:13 - [TEST_STEP][PASSED] - selectOptionByIndex: All options with index in [26] are selected on object 'Object Repository/DispensaryToCms/Page_Dispensary Store/select_--Select--Adernaline 0.'

2018-05-24 19:42:13 - [MESSAGE][PASSED] - All options with index in [26] are selected on object 'Object Repository/DispensaryToCms/Page_Dispensary Store/select_--Select--Adernaline 0.'

2018-05-24 19:42:13 - [TEST_STEP][PASSED] - setText: Text '100' is set on object 'Object Repository/DispensaryToCms/Page_Dispensary Store/input_txttreat'

2018-05-24 19:42:13 - [MESSAGE][PASSED] - Text '100' is set on object 'Object Repository/DispensaryToCms/Page_Dispensary Store/input_txttreat'

2018-05-24 19:42:13 - [TEST_STEP][PASSED] - click: Object: 'Object Repository/DispensaryToCms/Page_Dispensary Store/button_Add' is clicked on

2018-05-24 19:42:13 - [MESSAGE][PASSED] - Object: 'Object Repository/DispensaryToCms/Page_Dispensary Store/button_Add' is clicked on

2018-05-24 19:42:13 - [TEST_STEP][PASSED] - selectOptionByIndex: All options with index in [9] are selected on object 'Object Repository/DispensaryToCms/Page_Dispensary Store/select_--Select--Schedule 1Inj'

2018-05-24 19:42:13 - [MESSAGE][PASSED] - All options with index in [9] are selected on object 'Object Repository/DispensaryToCms/Page_Dispensary Store/select_--Select--Schedule 1Inj'

2018-05-24 19:42:13 - [TEST_STEP][PASSED] - selectOptionByIndex: All options with index in [27] are selected on object 'Object Repository/DispensaryToCms/Page_Dispensary Store/select_--Select--Adernaline 0.'

2018-05-24 19:42:14 - [MESSAGE][PASSED] - All options with index in [27] are selected on object 'Object Repository/DispensaryToCms/Page_Dispensary Store/select_--Select--Adernaline 0.'

2018-05-24 19:42:14 - [TEST_STEP][PASSED] - setText: Text '100' is set on object 'Object Repository/DispensaryToCms/Page_Dispensary Store/input_txttreat'

2018-05-24 19:42:14 - [MESSAGE][PASSED] - Text '100' is set on object 'Object Repository/DispensaryToCms/Page_Dispensary Store/input_txttreat'

2018-05-24 19:42:14 - [TEST_STEP][PASSED] - click: Object: 'Object Repository/DispensaryToCms/Page_Dispensary Store/button_Add' is clicked on

2018-05-24 19:42:14 - [MESSAGE][PASSED] - Object: 'Object Repository/DispensaryToCms/Page_Dispensary Store/button_Add' is clicked on

2018-05-24 19:42:14 - [TEST_STEP][PASSED] - selectOptionByIndex: All options with index in [9] are selected on object 'Object Repository/DispensaryToCms/Page_Dispensary Store/select_--Select--Schedule 1Inj'

2018-05-24 19:42:14 - [MESSAGE][PASSED] - All options with index in [9] are selected on object 'Object Repository/DispensaryToCms/Page_Dispensary Store/select_--Select--Schedule 1Inj'

2018-05-24 19:42:14 - [TEST_STEP][PASSED] - selectOptionByIndex: All options with index in [28] are selected on object 'Object Repository/DispensaryToCms/Page_Dispensary Store/select_--Select--Adernaline 0.'

2018-05-24 19:42:14 - [MESSAGE][PASSED] - All options with index in [28] are selected on object 'Object Repository/DispensaryToCms/Page_Dispensary Store/select_--Select--Adernaline 0.'

2018-05-24 19:42:14 - [TEST_STEP][PASSED] - setText: Text '100' is set on object 'Object Repository/DispensaryToCms/Page_Dispensary Store/input_txttreat'

2018-05-24 19:42:14 - [MESSAGE][PASSED] - Text '100' is set on object 'Object Repository/DispensaryToCms/Page_Dispensary Store/input_txttreat'

2018-05-24 19:42:14 - [TEST_STEP][PASSED] - click: Object: 'Object Repository/DispensaryToCms/Page_Dispensary Store/button_Add' is clicked on

2018-05-24 19:42:15 - [MESSAGE][PASSED] - Object: 'Object Repository/DispensaryToCms/Page_Dispensary Store/button_Add' is clicked on

2018-05-24 19:42:15 - [TEST_STEP][PASSED] - selectOptionByIndex: All options with index in [9] are selected on object 'Object Repository/DispensaryToCms/Page_Dispensary Store/select_--Select--Schedule 1Inj'

2018-05-24 19:42:15 - [MESSAGE][PASSED] - All options with index in [9] are selected on object 'Object Repository/DispensaryToCms/Page_Dispensary Store/select_--Select--Schedule 1Inj'

2018-05-24 19:42:15 - [TEST_STEP][PASSED] - selectOptionByIndex: All options with index in [29] are selected on object 'Object Repository/DispensaryToCms/Page_Dispensary Store/select_--Select--Adernaline 0.'

2018-05-24 19:42:15 - [MESSAGE][PASSED] - All options with index in [29] are selected on object 'Object Repository/DispensaryToCms/Page_Dispensary Store/select_--Select--Adernaline 0.'

2018-05-24 19:42:15 - [TEST_STEP][PASSED] - setText: Text '100' is set on object 'Object Repository/DispensaryToCms/Page_Dispensary Store/input_txttreat'

2018-05-24 19:42:15 - [MESSAGE][PASSED] - Text '100' is set on object 'Object Repository/DispensaryToCms/Page_Dispensary Store/input_txttreat'

2018-05-24 19:42:15 - [TEST_STEP][PASSED] - click: Object: 'Object Repository/DispensaryToCms/Page_Dispensary Store/button_Add' is clicked on

2018-05-24 19:42:15 - [MESSAGE][PASSED] - Object: 'Object Repository/DispensaryToCms/Page_Dispensary Store/button_Add' is clicked on

2018-05-24 19:42:15 - [TEST_STEP][PASSED] - selectOptionByIndex: All options with index in [9] are selected on object 'Object Repository/DispensaryToCms/Page_Dispensary Store/select_--Select--Schedule 1Inj'

2018-05-24 19:42:16 - [MESSAGE][PASSED] - All options with index in [9] are selected on object 'Object Repository/DispensaryToCms/Page_Dispensary Store/select_--Select--Schedule 1Inj'

2018-05-24 19:42:16 - [TEST_STEP][PASSED] - selectOptionByIndex: All options with index in [30] are selected on object 'Object Repository/DispensaryToCms/Page_Dispensary Store/select_--Select--Adernaline 0.'

2018-05-24 19:42:16 - [MESSAGE][PASSED] - All options with index in [30] are selected on object 'Object Repository/DispensaryToCms/Page_Dispensary Store/select_--Select--Adernaline 0.'

2018-05-24 19:42:16 - [TEST_STEP][PASSED] - setText: Text '100' is set on object 'Object Repository/DispensaryToCms/Page_Dispensary Store/input_txttreat'

2018-05-24 19:42:16 - [MESSAGE][PASSED] - Text '100' is set on object 'Object Repository/DispensaryToCms/Page_Dispensary Store/input_txttreat'

2018-05-24 19:42:16 - [TEST_STEP][PASSED] - click: Object: 'Object Repository/DispensaryToCms/Page_Dispensary Store/button_Add' is clicked on

2018-05-24 19:42:16 - [MESSAGE][PASSED] - Object: 'Object Repository/DispensaryToCms/Page_Dispensary Store/button_Add' is clicked on

2018-05-24 19:42:16 - [TEST_STEP][PASSED] - selectOptionByIndex: All options with index in [9] are selected on object 'Object Repository/DispensaryToCms/Page_Dispensary Store/select_--Select--Schedule 1Inj'

2018-05-24 19:42:16 - [MESSAGE][PASSED] - All options with index in [9] are selected on object 'Object Repository/DispensaryToCms/Page_Dispensary Store/select_--Select--Schedule 1Inj'

2018-05-24 19:42:16 - [TEST_STEP][PASSED] - selectOptionByIndex: All options with index in [31] are selected on object 'Object Repository/DispensaryToCms/Page_Dispensary Store/select_--Select--Adernaline 0.'

2018-05-24 19:42:17 - [MESSAGE][PASSED] - All options with index in [31] are selected on object 'Object Repository/DispensaryToCms/Page_Dispensary Store/select_--Select--Adernaline 0.'

2018-05-24 19:42:17 - [TEST_STEP][PASSED] - setText: Text '100' is set on object 'Object Repository/DispensaryToCms/Page_Dispensary Store/input_txttreat'

2018-05-24 19:42:17 - [MESSAGE][PASSED] - Text '100' is set on object 'Object Repository/DispensaryToCms/Page_Dispensary Store/input_txttreat'

2018-05-24 19:42:17 - [TEST_STEP][PASSED] - click: Object: 'Object Repository/DispensaryToCms/Page_Dispensary Store/button_Add' is clicked on

2018-05-24 19:42:17 - [MESSAGE][PASSED] - Object: 'Object Repository/DispensaryToCms/Page_Dispensary Store/button_Add' is clicked on

2018-05-24 19:42:17 - [TEST_STEP][PASSED] - selectOptionByIndex: All options with index in [9] are selected on object 'Object Repository/DispensaryToCms/Page_Dispensary Store/select_--Select--Schedule 1Inj'

2018-05-24 19:42:17 - [MESSAGE][PASSED] - All options with index in [9] are selected on object 'Object Repository/DispensaryToCms/Page_Dispensary Store/select_--Select--Schedule 1Inj'

2018-05-24 19:42:17 - [TEST_STEP][PASSED] - selectOptionByIndex: All options with index in [32] are selected on object 'Object Repository/DispensaryToCms/Page_Dispensary Store/select_--Select--Adernaline 0.'

2018-05-24 19:42:18 - [MESSAGE][PASSED] - All options with index in [32] are selected on object 'Object Repository/DispensaryToCms/Page_Dispensary Store/select_--Select--Adernaline 0.'

2018-05-24 19:42:18 - [TEST_STEP][PASSED] - setText: Text '100' is set on object 'Object Repository/DispensaryToCms/Page_Dispensary Store/input_txttreat'

2018-05-24 19:42:18 - [MESSAGE][PASSED] - Text '100' is set on object 'Object Repository/DispensaryToCms/Page_Dispensary Store/input_txttreat'

2018-05-24 19:42:18 - [TEST_STEP][PASSED] - click: Object: 'Object Repository/DispensaryToCms/Page_Dispensary Store/button_Add' is clicked on

2018-05-24 19:42:18 - [MESSAGE][PASSED] - Object: 'Object Repository/DispensaryToCms/Page_Dispensary Store/button_Add' is clicked on

2018-05-24 19:42:18 - [TEST_STEP][PASSED] - selectOptionByIndex: All options with index in [9] are selected on object 'Object Repository/DispensaryToCms/Page_Dispensary Store/select_--Select--Schedule 1Inj'

2018-05-24 19:42:18 - [MESSAGE][PASSED] - All options with index in [9] are selected on object 'Object Repository/DispensaryToCms/Page_Dispensary Store/select_--Select--Schedule 1Inj'

2018-05-24 19:42:18 - [TEST_STEP][PASSED] - selectOptionByIndex: All options with index in [33] are selected on object 'Object Repository/DispensaryToCms/Page_Dispensary Store/select_--Select--Adernaline 0.'

2018-05-24 19:42:18 - [MESSAGE][PASSED] - All options with index in [33] are selected on object 'Object Repository/DispensaryToCms/Page_Dispensary Store/select_--Select--Adernaline 0.'

2018-05-24 19:42:18 - [TEST_STEP][PASSED] - setText: Text '100' is set on object 'Object Repository/DispensaryToCms/Page_Dispensary Store/input_txttreat'

2018-05-24 19:42:19 - [MESSAGE][PASSED] - Text '100' is set on object 'Object Repository/DispensaryToCms/Page_Dispensary Store/input_txttreat'

2018-05-24 19:42:19 - [TEST_STEP][PASSED] - click: Object: 'Object Repository/DispensaryToCms/Page_Dispensary Store/button_Add' is clicked on

2018-05-24 19:42:19 - [MESSAGE][PASSED] - Object: 'Object Repository/DispensaryToCms/Page_Dispensary Store/button_Add' is clicked on

2018-05-24 19:42:19 - [TEST_STEP][PASSED] - selectOptionByIndex: All options with index in [9] are selected on object 'Object Repository/DispensaryToCms/Page_Dispensary Store/select_--Select--Schedule 1Inj'

2018-05-24 19:42:19 - [MESSAGE][PASSED] - All options with index in [9] are selected on object 'Object Repository/DispensaryToCms/Page_Dispensary Store/select_--Select--Schedule 1Inj'

2018-05-24 19:42:19 - [TEST_STEP][PASSED] - selectOptionByIndex: All options with index in [34] are selected on object 'Object Repository/DispensaryToCms/Page_Dispensary Store/select_--Select--Adernaline 0.'

2018-05-24 19:42:19 - [MESSAGE][PASSED] - All options with index in [34] are selected on object 'Object Repository/DispensaryToCms/Page_Dispensary Store/select_--Select--Adernaline 0.'

2018-05-24 19:42:19 - [TEST_STEP][PASSED] - setText: Text '100' is set on object 'Object Repository/DispensaryToCms/Page_Dispensary Store/input_txttreat'

2018-05-24 19:42:19 - [MESSAGE][PASSED] - Text '100' is set on object 'Object Repository/DispensaryToCms/Page_Dispensary Store/input_txttreat'

2018-05-24 19:42:19 - [TEST_STEP][PASSED] - click: Object: 'Object Repository/DispensaryToCms/Page_Dispensary Store/button_Add' is clicked on

2018-05-24 19:42:19 - [MESSAGE][PASSED] - Object: 'Object Repository/DispensaryToCms/Page_Dispensary Store/button_Add' is clicked on

2018-05-24 19:42:19 - [TEST_STEP][PASSED] - selectOptionByIndex: All options with index in [9] are selected on object 'Object Repository/DispensaryToCms/Page_Dispensary Store/select_--Select--Schedule 1Inj'

2018-05-24 19:42:20 - [MESSAGE][PASSED] - All options with index in [9] are selected on object 'Object Repository/DispensaryToCms/Page_Dispensary Store/select_--Select--Schedule 1Inj'

2018-05-24 19:42:20 - [TEST_STEP][PASSED] - selectOptionByIndex: All options with index in [35] are selected on object 'Object Repository/DispensaryToCms/Page_Dispensary Store/select_--Select--Adernaline 0.'

2018-05-24 19:42:20 - [MESSAGE][PASSED] - All options with index in [35] are selected on object 'Object Repository/DispensaryToCms/Page_Dispensary Store/select_--Select--Adernaline 0.'

2018-05-24 19:42:20 - [TEST_STEP][PASSED] - setText: Text '100' is set on object 'Object Repository/DispensaryToCms/Page_Dispensary Store/input_txttreat'

2018-05-24 19:42:20 - [MESSAGE][PASSED] - Text '100' is set on object 'Object Repository/DispensaryToCms/Page_Dispensary Store/input_txttreat'

2018-05-24 19:42:20 - [TEST_STEP][PASSED] - click: Object: 'Object Repository/DispensaryToCms/Page_Dispensary Store/button_Add' is clicked on

2018-05-24 19:42:20 - [MESSAGE][PASSED] - Object: 'Object Repository/DispensaryToCms/Page_Dispensary Store/button_Add' is clicked on

2018-05-24 19:42:20 - [TEST_STEP][PASSED] - scrollToElement: Scroll to object 'Object Repository/DispensaryToCms/Page_Dispensary Store/input_btnsave' successfully

2018-05-24 19:42:20 - [MESSAGE][PASSED] - Scroll to object 'Object Repository/DispensaryToCms/Page_Dispensary Store/input_btnsave' successfully

2018-05-24 19:42:20 - [TEST_STEP][PASSED] - click: Object: 'Object Repository/DispensaryToCms/Page_Dispensary Store/input_btnsave' is clicked on

2018-05-24 19:42:20 - [MESSAGE][PASSED] - Object: 'Object Repository/DispensaryToCms/Page_Dispensary Store/input_btnsave' is clicked on

2018-05-24 19:42:20 - [TEST_STEP][PASSED] - delay: Delayed 3 second(s)

2018-05-24 19:42:23 - [MESSAGE][PASSED] - Delayed 3 second(s)

2018-05-24 19:42:23 - [TEST_STEP][PASSED] - Statement - RN1 = com.kms.katalon.core.webui.keyword.WebUiBuiltInKeywords.getText(com.kms.katalon.core.testobject.ObjectRepository.findTestObject(DispensaryToCms/Page_Dispensary Store/font_PRNO18052018174)): Text of object 'Object Repository/DispensaryToCms/Page_Dispensary Store/font_PRNO18052018174' is: 'PRNO/24052018/383'

2018-05-24 19:42:23 - [MESSAGE][PASSED] - Text of object 'Object Repository/DispensaryToCms/Page_Dispensary Store/font_PRNO18052018174' is: 'PRNO/24052018/383'

2018-05-24 19:42:23 - [TEST_STEP][PASSED] - Statement - out.println(RN1): null

2018-05-24 19:42:23 - [TEST_STEP][PASSED] - Statement - RID = RN1.split("/")[2]: null

2018-05-24 19:42:23 - [TEST_STEP][PASSED] - click: Object: 'Object Repository/DispensaryToCms/Page_Dispensary Store/button_OK' is clicked on

2018-05-24 19:42:25 - [MESSAGE][PASSED] - Object: 'Object Repository/DispensaryToCms/Page_Dispensary Store/button_OK' is clicked on

2018-05-24 19:42:25 - [TEST_STEP][PASSED] - delay: Delayed 3 second(s)

2018-05-24 19:42:28 - [MESSAGE][PASSED] - Delayed 3 second(s)

2018-05-24 19:42:28 - [TEST_STEP][PASSED] - waitForElementPresent: Object 'Object Repository/DispensaryToStore/Page_Dispensary Store/a_dropdown-toggle' is present

2018-05-24 19:42:28 - [MESSAGE][PASSED] - Object 'Object Repository/DispensaryToStore/Page_Dispensary Store/a_dropdown-toggle' is present

2018-05-24 19:42:28 - [TEST_STEP][PASSED] - click: Object: 'Object Repository/DispensaryToCms/Page_Dispensary Store/a_dropdown-toggle' is clicked on

2018-05-24 19:42:28 - [MESSAGE][PASSED] - Object: 'Object Repository/DispensaryToCms/Page_Dispensary Store/a_dropdown-toggle' is clicked on

2018-05-24 19:42:28 - [TEST_STEP][PASSED] - click: Object: 'Object Repository/DispensaryToCms/Page_Dispensary Store/a_Sign out' is clicked on

2018-05-24 19:42:29 - [MESSAGE][PASSED] - Object: 'Object Repository/DispensaryToCms/Page_Dispensary Store/a_Sign out' is clicked on

2018-05-24 19:42:29 - [TEST_STEP][PASSED] - delay: Delayed 3 second(s)

2018-05-24 19:42:32 - [MESSAGE][PASSED] - Delayed 3 second(s)

2018-05-24 19:42:32 - [TEST_STEP][PASSED] - navigateToUrl: Navigate to 'http://192.168.137.1/multihospital_new/' successfully

2018-05-24 19:42:32 - [MESSAGE][PASSED] - Navigate to 'http://192.168.137.1/multihospital_new/' successfully

2018-05-24 19:42:32 - [TEST_STEP][PASSED] - click: Object: 'Object Repository/DispensaryToCms/Page_KDMC/a_CMO' is clicked on

2018-05-24 19:42:34 - [MESSAGE][PASSED] - Object: 'Object Repository/DispensaryToCms/Page_KDMC/a_CMO' is clicked on

2018-05-24 19:42:34 - [TEST_STEP][PASSED] - setText: Text 'guru' is set on object 'Object Repository/DispensaryToCms/Page_CMO login/input_txtusername'

2018-05-24 19:42:34 - [MESSAGE][PASSED] - Text 'guru' is set on object 'Object Repository/DispensaryToCms/Page_CMO login/input_txtusername'

2018-05-24 19:42:34 - [TEST_STEP][PASSED] - setText: Text '123' is set on object 'Object Repository/DispensaryToCms/Page_CMO login/input_txtpassword'

2018-05-24 19:42:34 - [MESSAGE][PASSED] - Text '123' is set on object 'Object Repository/DispensaryToCms/Page_CMO login/input_txtpassword'

2018-05-24 19:42:34 - [TEST_STEP][PASSED] - delay: Delayed 3 second(s)

2018-05-24 19:42:37 - [MESSAGE][PASSED] - Delayed 3 second(s)

2018-05-24 19:42:37 - [TEST_STEP][PASSED] - click: Object: 'Object Repository/DispensaryToCms/Page_CMO login/button_Sign in' is clicked on

2018-05-24 19:42:40 - [MESSAGE][PASSED] - Object: 'Object Repository/DispensaryToCms/Page_CMO login/button_Sign in' is clicked on

2018-05-24 19:42:40 - [TEST_STEP][PASSED] - delay: Delayed 3 second(s)

2018-05-24 19:42:43 - [MESSAGE][PASSED] - Delayed 3 second(s)

2018-05-24 19:42:43 - [TEST_STEP][PASSED] - click: Object: 'Object Repository/DispensaryToCms/Page_KDMC - CMO/a_CMS Request' is clicked on

2018-05-24 19:42:43 - [MESSAGE][PASSED] - Object: 'Object Repository/DispensaryToCms/Page_KDMC - CMO/a_CMS Request' is clicked on

2018-05-24 19:42:43 - [TEST_STEP][PASSED] - delay: Delayed 2 second(s)

2018-05-24 19:42:45 - [MESSAGE][PASSED] - Delayed 2 second(s)

2018-05-24 19:42:45 - [TEST_STEP][PASSED] - click: Object: 'Object Repository/DispensaryToCms/Page_KDMC - CMO/a_Dispensary Store Request' is clicked on

2018-05-24 19:42:45 - [MESSAGE][PASSED] - Object: 'Object Repository/DispensaryToCms/Page_KDMC - CMO/a_Dispensary Store Request' is clicked on

2018-05-24 19:42:45 - [TEST_STEP][PASSED] - selectOptionByIndex: All options with index in [1] are selected on object 'Object Repository/DispensaryToCms/Page_KDMC - CMO/select_--ALL--'

2018-05-24 19:42:46 - [MESSAGE][PASSED] - All options with index in [1] are selected on object 'Object Repository/DispensaryToCms/Page_KDMC - CMO/select_--ALL--'

2018-05-24 19:42:46 - [TEST_STEP][PASSED] - click: Object: 'Object Repository/DispensaryToCms/Page_KDMC - CMO/input_btnsearch' is clicked on

2018-05-24 19:42:46 - [MESSAGE][PASSED] - Object: 'Object Repository/DispensaryToCms/Page_KDMC - CMO/input_btnsearch' is clicked on

2018-05-24 19:42:46 - [TEST_STEP][PASSED] - Statement - ID = com.kms.katalon.core.webui.keyword.WebUiBuiltInKeywords.modifyObjectProperty(com.kms.katalon.core.testobject.ObjectRepository.findTestObject(lab/Page_KDMC - CMO/input_1), "xpath", "equals", "//*[@id=" + RID + "]", true): Modify property of object successfully

2018-05-24 19:42:46 - [MESSAGE][PASSED] - Modify property of object successfully

2018-05-24 19:42:46 - [TEST_STEP][PASSED] - click: Object: 'Object Repository/lab/Page_KDMC - CMO/input_1' is clicked on

2018-05-24 19:42:47 - [MESSAGE][PASSED] - Object: 'Object Repository/lab/Page_KDMC - CMO/input_1' is clicked on

2018-05-24 19:42:47 - [TEST_STEP][PASSED] - delay: Delayed 2 second(s)

2018-05-24 19:42:49 - [MESSAGE][PASSED] - Delayed 2 second(s)

2018-05-24 19:42:49 - [TEST_STEP][PASSED] - selectOptionByIndex: All options with index in [1] are selected on object 'Object Repository/DispensaryToCms/Page_KDMC - CMO/select_--Select--'

2018-05-24 19:42:49 - [MESSAGE][PASSED] - All options with index in [1] are selected on object 'Object Repository/DispensaryToCms/Page_KDMC - CMO/select_--Select--'

2018-05-24 19:42:49 - [TEST_STEP][PASSED] - click: Object: 'Object Repository/DispensaryToCms/Page_KDMC - CMO/input_btnupdate' is clicked on

2018-05-24 19:42:49 - [MESSAGE][PASSED] - Object: 'Object Repository/DispensaryToCms/Page_KDMC - CMO/input_btnupdate' is clicked on

2018-05-24 19:42:49 - [TEST_STEP][PASSED] - delay: Delayed 2 second(s)

2018-05-24 19:42:51 - [MESSAGE][PASSED] - Delayed 2 second(s)

2018-05-24 19:42:51 - [TEST_STEP][PASSED] - click: Object: 'Object Repository/DispensaryToCms/Page_KDMC - CMO/button_OK' is clicked on

2018-05-24 19:42:51 - [MESSAGE][PASSED] - Object: 'Object Repository/DispensaryToCms/Page_KDMC - CMO/button_OK' is clicked on

2018-05-24 19:42:52 - [TEST_STEP][PASSED] - delay: Delayed 3 second(s)

2018-05-24 19:42:55 - [MESSAGE][PASSED] - Delayed 3 second(s)

2018-05-24 19:42:55 - [TEST_STEP][PASSED] - waitForElementPresent: Object 'Object Repository/DispensaryToStore/Page_Dispensary Store/a_dropdown-toggle' is not present after 20 second(s)

2018-05-24 19:43:15 - [MESSAGE][WARNING] - Object 'Object Repository/DispensaryToStore/Page_Dispensary Store/a_dropdown-toggle' is not present after 20 second(s)

2018-05-24 19:43:15 - [TEST_STEP][PASSED] - click: Object: 'Object Repository/DispensaryToCms/Page_KDMC - CMO/a_dropdown-toggle' is clicked on

2018-05-24 19:43:15 - [MESSAGE][PASSED] - Object: 'Object Repository/DispensaryToCms/Page_KDMC - CMO/a_dropdown-toggle' is clicked on

2018-05-24 19:43:15 - [TEST_STEP][PASSED] - click: Object: 'Object Repository/DispensaryToCms/Page_KDMC - CMO/a_Sign out' is clicked on

2018-05-24 19:43:16 - [MESSAGE][PASSED] - Object: 'Object Repository/DispensaryToCms/Page_KDMC - CMO/a_Sign out' is clicked on

2018-05-24 19:43:16 - [TEST_STEP][PASSED] - delay: Delayed 3 second(s)

2018-05-24 19:43:19 - [MESSAGE][PASSED] - Delayed 3 second(s)

2018-05-24 19:43:19 - [TEST_STEP][PASSED] - click: Object: 'Object Repository/DispensaryToCms/Page_KDMC/a_CMS' is clicked on

2018-05-24 19:43:19 - [MESSAGE][PASSED] - Object: 'Object Repository/DispensaryToCms/Page_KDMC/a_CMS' is clicked on

2018-05-24 19:43:19 - [TEST_STEP][PASSED] - setText: Text 'bala' is set on object 'Object Repository/DispensaryToCms/Page_CMS login/input_txtusername'

2018-05-24 19:43:19 - [MESSAGE][PASSED] - Text 'bala' is set on object 'Object Repository/DispensaryToCms/Page_CMS login/input_txtusername'

2018-05-24 19:43:19 - [TEST_STEP][PASSED] - setText: Text '123' is set on object 'Object Repository/DispensaryToCms/Page_CMS login/input_txtpassword'

2018-05-24 19:43:20 - [MESSAGE][PASSED] - Text '123' is set on object 'Object Repository/DispensaryToCms/Page_CMS login/input_txtpassword'

2018-05-24 19:43:20 - [TEST_STEP][PASSED] - delay: Delayed 3 second(s)

2018-05-24 19:43:23 - [MESSAGE][PASSED] - Delayed 3 second(s)

2018-05-24 19:43:23 - [TEST_STEP][PASSED] - click: Object: 'Object Repository/DispensaryToCms/Page_CMS login/button_Sign in' is clicked on

2018-05-24 19:43:23 - [MESSAGE][PASSED] - Object: 'Object Repository/DispensaryToCms/Page_CMS login/button_Sign in' is clicked on

2018-05-24 19:43:23 - [TEST_STEP][PASSED] - delay: Delayed 3 second(s)

2018-05-24 19:43:26 - [MESSAGE][PASSED] - Delayed 3 second(s)

2018-05-24 19:43:26 - [TEST_STEP][PASSED] - click: Object: 'Object Repository/DispensaryToCms/Page_KDMC - CMS/a_Divisional Store' is clicked on

2018-05-24 19:43:26 - [MESSAGE][PASSED] - Object: 'Object Repository/DispensaryToCms/Page_KDMC - CMS/a_Divisional Store' is clicked on

2018-05-24 19:43:26 - [TEST_STEP][PASSED] - delay: Delayed 2 second(s)

2018-05-24 19:43:28 - [MESSAGE][PASSED] - Delayed 2 second(s)

2018-05-24 19:43:28 - [TEST_STEP][PASSED] - click: Object: 'Object Repository/DispensaryToCms/Page_KDMC - CMS/a_Dispatch Items' is clicked on

2018-05-24 19:43:29 - [MESSAGE][PASSED] - Object: 'Object Repository/DispensaryToCms/Page_KDMC - CMS/a_Dispatch Items' is clicked on

2018-05-24 19:43:29 - [TEST_STEP][PASSED] - delay: Delayed 2 second(s)

2018-05-24 19:43:31 - [MESSAGE][PASSED] - Delayed 2 second(s)

2018-05-24 19:43:31 - [TEST_STEP][PASSED] - setText: Text 'PRNO/24052018/383' is set on object 'Object Repository/DispensaryToCms/Page_KDMC - CMS/input'

2018-05-24 19:43:31 - [MESSAGE][PASSED] - Text 'PRNO/24052018/383' is set on object 'Object Repository/DispensaryToCms/Page_KDMC - CMS/input'

2018-05-24 19:43:31 - [TEST_STEP][PASSED] - click: Object: 'Object Repository/DispensaryToCms/Page_KDMC - CMS/input_PRNO18052018174' is clicked on

2018-05-24 19:43:31 - [MESSAGE][PASSED] - Object: 'Object Repository/DispensaryToCms/Page_KDMC - CMS/input_PRNO18052018174' is clicked on

2018-05-24 19:43:31 - [TEST_STEP][PASSED] - Statement - out.println("Length : " + medicineslength): null

2018-05-24 19:43:31 - [TEST_STEP][PASSED] - Statement - For ([row = 0, row < medicineslength - 1, (row++)]): null

2018-05-24 19:43:31 - [TEST_STEP][PASSED] - Statement - batchlength = new com.kms.katalon.core.testobject.TestObject(): null

2018-05-24 19:43:31 - [TEST_STEP][PASSED] - Statement - batchlength = com.kms.katalon.core.webui.keyword.WebUiBuiltInKeywords.modifyObjectProperty(batchlength, "xpath", "equals", "//*[@id = "fldvendor" + row + ""]", true): Modify property of object successfully

2018-05-24 19:43:31 - [MESSAGE][PASSED] - Modify property of object successfully

2018-05-24 19:43:31 - [TEST_STEP][PASSED] - Statement - batchsize = com.kms.katalon.core.webui.keyword.WebUiBuiltInKeywords.getNumberOfTotalOption(batchlength): 9 options of object '' counted

2018-05-24 19:43:33 - [MESSAGE][PASSED] - 9 options of object '' counted

2018-05-24 19:43:33 - [TEST_STEP][PASSED] - Statement - out.println("BatchSize : " + batchsize): null

2018-05-24 19:43:33 - [TEST_STEP][PASSED] - Statement - For ([n = 1, n <= batchsize - 1, (n++)]): null

2018-05-24 19:43:33 - [TEST_STEP][PASSED] - Statement - product = new com.kms.katalon.core.testobject.TestObject(): null

2018-05-24 19:43:33 - [TEST_STEP][PASSED] - Statement - product = com.kms.katalon.core.webui.keyword.WebUiBuiltInKeywords.modifyObjectProperty(product, "xpath", "equals", "//*[@id = "fldvendor" + row + ""]", true): Modify property of object successfully

2018-05-24 19:43:33 - [MESSAGE][PASSED] - Modify property of object successfully

2018-05-24 19:43:33 - [TEST_STEP][PASSED] - selectOptionByIndex: All options with index in [1] are selected on object ''

2018-05-24 19:43:33 - [MESSAGE][PASSED] - All options with index in [1] are selected on object ''

2018-05-24 19:43:33 - [TEST_STEP][PASSED] - Statement - batch = new com.kms.katalon.core.testobject.TestObject(): null

2018-05-24 19:43:33 - [TEST_STEP][PASSED] - Statement - batch = com.kms.katalon.core.webui.keyword.WebUiBuiltInKeywords.modifyObjectProperty(batch, "xpath", "equals", "//*[@id = "txtbthqty" + row + ""]", true): Modify property of object successfully

2018-05-24 19:43:33 - [MESSAGE][PASSED] - Modify property of object successfully

2018-05-24 19:43:33 - [TEST_STEP][PASSED] - Statement - batchqty = com.kms.katalon.core.webui.keyword.WebUiBuiltInKeywords.getAttribute(batch, "value").trim(): Attribute 'value' of object '' is: ''

2018-05-24 19:43:33 - [MESSAGE][PASSED] - Attribute 'value' of object '' is: ''

2018-05-24 19:43:33 - [TEST_STEP][PASSED] - Statement - Rqty = 100: null

2018-05-24 19:43:33 - [TEST_STEP][PASSED] - delay: Delayed 2 second(s)

2018-05-24 19:43:35 - [MESSAGE][PASSED] - Delayed 2 second(s)

2018-05-24 19:43:35 - [TEST_STEP][PASSED] - Statement - out.println("BatchQty : " + batchqty): null

2018-05-24 19:43:35 - [TEST_STEP][PASSED] - Statement - out.println("RQty : " + Rqty): null

2018-05-24 19:43:35 - [TEST_STEP][PASSED] - Statement - If (java.lang.Integer.valueOf(batchqty) >= java.lang.Integer.valueOf(Rqty)): null]]></system-out>
         <system-err><![CDATA[2018-05-24 19:41:38 - [TEST_CASE][ERROR] - Test Cases/DISPENSARY TEST CASES/TC_DP_021 Verify Schedule 9 Dispensary To CMS Request Are Working Successfully Or Not: Test Cases/DISPENSARY TEST CASES/TC_DP_021 Verify Schedule 9 Dispensary To CMS Request Are Working Successfully Or Not FAILED because (of) java.lang.NumberFormatException: For input string: ""]]></system-err>
      </testcase>
      <testcase name="Test Cases/DISPENSARY TEST CASES/TC_DP_022 Verify Schedule 10 Dispensary To CMS Request Are Working Successfully Or Not" classname="Test Cases/DISPENSARY TEST CASES/TC_DP_022 Verify Schedule 10 Dispensary To CMS Request Are Working Successfully Or Not" status="PASSED">
         <system-out><![CDATA[2018-05-24 19:43:35 - [TEST_CASE][PASSED] - Test Cases/DISPENSARY TEST CASES/TC_DP_022 Verify Schedule 10 Dispensary To CMS Request Are Working Successfully Or Not: Test Cases/DISPENSARY TEST CASES/TC_DP_022 Verify Schedule 10 Dispensary To CMS Request Are Working Successfully Or Not

2018-05-24 19:43:35 - [TEST_STEP][PASSED] - openBrowser: Browser is opened with url: ''

2018-05-24 19:43:35 - [MESSAGE][WARNING] - A browser is already opened. Closing browser and opening a new one

2018-05-24 19:43:38 - [MESSAGE][PASSED] - Browser is opened with url: ''

2018-05-24 19:43:38 - [TEST_STEP][PASSED] - navigateToUrl: Navigate to 'http://192.168.137.1/multihospital_new/HDSplashscreen.aspx' successfully

2018-05-24 19:43:42 - [MESSAGE][PASSED] - Navigate to 'http://192.168.137.1/multihospital_new/HDSplashscreen.aspx' successfully

2018-05-24 19:43:42 - [TEST_STEP][PASSED] - maximizeWindow: Current window maximized

2018-05-24 19:43:43 - [MESSAGE][PASSED] - Current window maximized

2018-05-24 19:43:43 - [TEST_STEP][PASSED] - click: Object: 'Object Repository/DispensaryToCms/Page_KDMC/a_Dispensary Store' is clicked on

2018-05-24 19:43:44 - [MESSAGE][PASSED] - Object: 'Object Repository/DispensaryToCms/Page_KDMC/a_Dispensary Store' is clicked on

2018-05-24 19:43:44 - [TEST_STEP][PASSED] - setText: Text 'rajaram' is set on object 'Object Repository/DispensaryToCms/Page_Dispensary Store Login/input_txtusername'

2018-05-24 19:43:44 - [MESSAGE][PASSED] - Text 'rajaram' is set on object 'Object Repository/DispensaryToCms/Page_Dispensary Store Login/input_txtusername'

2018-05-24 19:43:44 - [TEST_STEP][PASSED] - setText: Text '123' is set on object 'Object Repository/DispensaryToCms/Page_Dispensary Store Login/input_txtpassword'

2018-05-24 19:43:45 - [MESSAGE][PASSED] - Text '123' is set on object 'Object Repository/DispensaryToCms/Page_Dispensary Store Login/input_txtpassword'

2018-05-24 19:43:45 - [TEST_STEP][PASSED] - delay: Delayed 3 second(s)

2018-05-24 19:43:48 - [MESSAGE][PASSED] - Delayed 3 second(s)

2018-05-24 19:43:48 - [TEST_STEP][PASSED] - click: Object: 'Object Repository/DispensaryToCms/Page_Dispensary Store Login/button_Sign in' is clicked on

2018-05-24 19:43:49 - [MESSAGE][PASSED] - Object: 'Object Repository/DispensaryToCms/Page_Dispensary Store Login/button_Sign in' is clicked on

2018-05-24 19:43:49 - [TEST_STEP][PASSED] - delay: Delayed 3 second(s)

2018-05-24 19:43:52 - [MESSAGE][PASSED] - Delayed 3 second(s)

2018-05-24 19:43:52 - [TEST_STEP][PASSED] - click: Object: 'Object Repository/DispensaryToCms/Page_Dispensary Store/a_CMS' is clicked on

2018-05-24 19:43:52 - [MESSAGE][PASSED] - Object: 'Object Repository/DispensaryToCms/Page_Dispensary Store/a_CMS' is clicked on

2018-05-24 19:43:52 - [TEST_STEP][PASSED] - click: Object: 'Object Repository/DispensaryToCms/Page_Dispensary Store/a_Request Send' is clicked on

2018-05-24 19:43:53 - [MESSAGE][PASSED] - Object: 'Object Repository/DispensaryToCms/Page_Dispensary Store/a_Request Send' is clicked on

2018-05-24 19:43:53 - [TEST_STEP][PASSED] - delay: Delayed 2 second(s)

2018-05-24 19:43:55 - [MESSAGE][PASSED] - Delayed 2 second(s)

2018-05-24 19:43:55 - [TEST_STEP][PASSED] - selectOptionByIndex: All options with index in [2] are selected on object 'Object Repository/DispensaryToCms/Page_Dispensary Store/select_--Select--'

2018-05-24 19:43:55 - [MESSAGE][PASSED] - All options with index in [2] are selected on object 'Object Repository/DispensaryToCms/Page_Dispensary Store/select_--Select--'

2018-05-24 19:43:55 - [TEST_STEP][PASSED] - selectOptionByIndex: All options with index in [10] are selected on object 'Object Repository/DispensaryToCms/Page_Dispensary Store/select_--Select--Schedule 1Inj'

2018-05-24 19:43:55 - [MESSAGE][PASSED] - All options with index in [10] are selected on object 'Object Repository/DispensaryToCms/Page_Dispensary Store/select_--Select--Schedule 1Inj'

2018-05-24 19:43:55 - [TEST_STEP][PASSED] - Statement - medicineslength = com.kms.katalon.core.webui.keyword.WebUiBuiltInKeywords.getNumberOfTotalOption(com.kms.katalon.core.testobject.ObjectRepository.findTestObject(DispensaryToCms/Page_Dispensary Store/select_--Select--Adernaline 0.)): 19 options of object 'Object Repository/DispensaryToCms/Page_Dispensary Store/select_--Select--Adernaline 0.' counted

2018-05-24 19:43:55 - [MESSAGE][PASSED] - 19 options of object 'Object Repository/DispensaryToCms/Page_Dispensary Store/select_--Select--Adernaline 0.' counted

2018-05-24 19:43:55 - [TEST_STEP][PASSED] - Statement - For ([e = 1, e <= medicineslength - 1, (e++)]): Object: 'Object Repository/DispensaryToCms/Page_Dispensary Store/button_Add' is clicked on

2018-05-24 19:43:55 - [TEST_STEP][PASSED] - selectOptionByIndex: All options with index in [10] are selected on object 'Object Repository/DispensaryToCms/Page_Dispensary Store/select_--Select--Schedule 1Inj'

2018-05-24 19:43:55 - [MESSAGE][PASSED] - All options with index in [10] are selected on object 'Object Repository/DispensaryToCms/Page_Dispensary Store/select_--Select--Schedule 1Inj'

2018-05-24 19:43:55 - [TEST_STEP][PASSED] - selectOptionByIndex: All options with index in [1] are selected on object 'Object Repository/DispensaryToCms/Page_Dispensary Store/select_--Select--Adernaline 0.'

2018-05-24 19:43:55 - [MESSAGE][PASSED] - All options with index in [1] are selected on object 'Object Repository/DispensaryToCms/Page_Dispensary Store/select_--Select--Adernaline 0.'

2018-05-24 19:43:55 - [TEST_STEP][PASSED] - setText: Text '100' is set on object 'Object Repository/DispensaryToCms/Page_Dispensary Store/input_txttreat'

2018-05-24 19:43:56 - [MESSAGE][PASSED] - Text '100' is set on object 'Object Repository/DispensaryToCms/Page_Dispensary Store/input_txttreat'

2018-05-24 19:43:56 - [TEST_STEP][PASSED] - click: Object: 'Object Repository/DispensaryToCms/Page_Dispensary Store/button_Add' is clicked on

2018-05-24 19:43:56 - [MESSAGE][PASSED] - Object: 'Object Repository/DispensaryToCms/Page_Dispensary Store/button_Add' is clicked on

2018-05-24 19:43:56 - [TEST_STEP][PASSED] - selectOptionByIndex: All options with index in [10] are selected on object 'Object Repository/DispensaryToCms/Page_Dispensary Store/select_--Select--Schedule 1Inj'

2018-05-24 19:43:56 - [MESSAGE][PASSED] - All options with index in [10] are selected on object 'Object Repository/DispensaryToCms/Page_Dispensary Store/select_--Select--Schedule 1Inj'

2018-05-24 19:43:56 - [TEST_STEP][PASSED] - selectOptionByIndex: All options with index in [2] are selected on object 'Object Repository/DispensaryToCms/Page_Dispensary Store/select_--Select--Adernaline 0.'

2018-05-24 19:43:56 - [MESSAGE][PASSED] - All options with index in [2] are selected on object 'Object Repository/DispensaryToCms/Page_Dispensary Store/select_--Select--Adernaline 0.'

2018-05-24 19:43:56 - [TEST_STEP][PASSED] - setText: Text '100' is set on object 'Object Repository/DispensaryToCms/Page_Dispensary Store/input_txttreat'

2018-05-24 19:43:56 - [MESSAGE][PASSED] - Text '100' is set on object 'Object Repository/DispensaryToCms/Page_Dispensary Store/input_txttreat'

2018-05-24 19:43:56 - [TEST_STEP][PASSED] - click: Object: 'Object Repository/DispensaryToCms/Page_Dispensary Store/button_Add' is clicked on

2018-05-24 19:43:56 - [MESSAGE][PASSED] - Object: 'Object Repository/DispensaryToCms/Page_Dispensary Store/button_Add' is clicked on

2018-05-24 19:43:56 - [TEST_STEP][PASSED] - selectOptionByIndex: All options with index in [10] are selected on object 'Object Repository/DispensaryToCms/Page_Dispensary Store/select_--Select--Schedule 1Inj'

2018-05-24 19:43:56 - [MESSAGE][PASSED] - All options with index in [10] are selected on object 'Object Repository/DispensaryToCms/Page_Dispensary Store/select_--Select--Schedule 1Inj'

2018-05-24 19:43:56 - [TEST_STEP][PASSED] - selectOptionByIndex: All options with index in [3] are selected on object 'Object Repository/DispensaryToCms/Page_Dispensary Store/select_--Select--Adernaline 0.'

2018-05-24 19:43:57 - [MESSAGE][PASSED] - All options with index in [3] are selected on object 'Object Repository/DispensaryToCms/Page_Dispensary Store/select_--Select--Adernaline 0.'

2018-05-24 19:43:57 - [TEST_STEP][PASSED] - setText: Text '100' is set on object 'Object Repository/DispensaryToCms/Page_Dispensary Store/input_txttreat'

2018-05-24 19:43:57 - [MESSAGE][PASSED] - Text '100' is set on object 'Object Repository/DispensaryToCms/Page_Dispensary Store/input_txttreat'

2018-05-24 19:43:57 - [TEST_STEP][PASSED] - click: Object: 'Object Repository/DispensaryToCms/Page_Dispensary Store/button_Add' is clicked on

2018-05-24 19:43:57 - [MESSAGE][PASSED] - Object: 'Object Repository/DispensaryToCms/Page_Dispensary Store/button_Add' is clicked on

2018-05-24 19:43:57 - [TEST_STEP][PASSED] - selectOptionByIndex: All options with index in [10] are selected on object 'Object Repository/DispensaryToCms/Page_Dispensary Store/select_--Select--Schedule 1Inj'

2018-05-24 19:43:57 - [MESSAGE][PASSED] - All options with index in [10] are selected on object 'Object Repository/DispensaryToCms/Page_Dispensary Store/select_--Select--Schedule 1Inj'

2018-05-24 19:43:57 - [TEST_STEP][PASSED] - selectOptionByIndex: All options with index in [4] are selected on object 'Object Repository/DispensaryToCms/Page_Dispensary Store/select_--Select--Adernaline 0.'

2018-05-24 19:43:57 - [MESSAGE][PASSED] - All options with index in [4] are selected on object 'Object Repository/DispensaryToCms/Page_Dispensary Store/select_--Select--Adernaline 0.'

2018-05-24 19:43:57 - [TEST_STEP][PASSED] - setText: Text '100' is set on object 'Object Repository/DispensaryToCms/Page_Dispensary Store/input_txttreat'

2018-05-24 19:43:57 - [MESSAGE][PASSED] - Text '100' is set on object 'Object Repository/DispensaryToCms/Page_Dispensary Store/input_txttreat'

2018-05-24 19:43:57 - [TEST_STEP][PASSED] - click: Object: 'Object Repository/DispensaryToCms/Page_Dispensary Store/button_Add' is clicked on

2018-05-24 19:43:57 - [MESSAGE][PASSED] - Object: 'Object Repository/DispensaryToCms/Page_Dispensary Store/button_Add' is clicked on

2018-05-24 19:43:57 - [TEST_STEP][PASSED] - selectOptionByIndex: All options with index in [10] are selected on object 'Object Repository/DispensaryToCms/Page_Dispensary Store/select_--Select--Schedule 1Inj'

2018-05-24 19:43:57 - [MESSAGE][PASSED] - All options with index in [10] are selected on object 'Object Repository/DispensaryToCms/Page_Dispensary Store/select_--Select--Schedule 1Inj'

2018-05-24 19:43:57 - [TEST_STEP][PASSED] - selectOptionByIndex: All options with index in [5] are selected on object 'Object Repository/DispensaryToCms/Page_Dispensary Store/select_--Select--Adernaline 0.'

2018-05-24 19:43:58 - [MESSAGE][PASSED] - All options with index in [5] are selected on object 'Object Repository/DispensaryToCms/Page_Dispensary Store/select_--Select--Adernaline 0.'

2018-05-24 19:43:58 - [TEST_STEP][PASSED] - setText: Text '100' is set on object 'Object Repository/DispensaryToCms/Page_Dispensary Store/input_txttreat'

2018-05-24 19:43:58 - [MESSAGE][PASSED] - Text '100' is set on object 'Object Repository/DispensaryToCms/Page_Dispensary Store/input_txttreat'

2018-05-24 19:43:58 - [TEST_STEP][PASSED] - click: Object: 'Object Repository/DispensaryToCms/Page_Dispensary Store/button_Add' is clicked on

2018-05-24 19:43:58 - [MESSAGE][PASSED] - Object: 'Object Repository/DispensaryToCms/Page_Dispensary Store/button_Add' is clicked on

2018-05-24 19:43:58 - [TEST_STEP][PASSED] - selectOptionByIndex: All options with index in [10] are selected on object 'Object Repository/DispensaryToCms/Page_Dispensary Store/select_--Select--Schedule 1Inj'

2018-05-24 19:43:58 - [MESSAGE][PASSED] - All options with index in [10] are selected on object 'Object Repository/DispensaryToCms/Page_Dispensary Store/select_--Select--Schedule 1Inj'

2018-05-24 19:43:58 - [TEST_STEP][PASSED] - selectOptionByIndex: All options with index in [6] are selected on object 'Object Repository/DispensaryToCms/Page_Dispensary Store/select_--Select--Adernaline 0.'

2018-05-24 19:43:58 - [MESSAGE][PASSED] - All options with index in [6] are selected on object 'Object Repository/DispensaryToCms/Page_Dispensary Store/select_--Select--Adernaline 0.'

2018-05-24 19:43:58 - [TEST_STEP][PASSED] - setText: Text '100' is set on object 'Object Repository/DispensaryToCms/Page_Dispensary Store/input_txttreat'

2018-05-24 19:43:58 - [MESSAGE][PASSED] - Text '100' is set on object 'Object Repository/DispensaryToCms/Page_Dispensary Store/input_txttreat'

2018-05-24 19:43:58 - [TEST_STEP][PASSED] - click: Object: 'Object Repository/DispensaryToCms/Page_Dispensary Store/button_Add' is clicked on

2018-05-24 19:43:58 - [MESSAGE][PASSED] - Object: 'Object Repository/DispensaryToCms/Page_Dispensary Store/button_Add' is clicked on

2018-05-24 19:43:58 - [TEST_STEP][PASSED] - selectOptionByIndex: All options with index in [10] are selected on object 'Object Repository/DispensaryToCms/Page_Dispensary Store/select_--Select--Schedule 1Inj'

2018-05-24 19:43:59 - [MESSAGE][PASSED] - All options with index in [10] are selected on object 'Object Repository/DispensaryToCms/Page_Dispensary Store/select_--Select--Schedule 1Inj'

2018-05-24 19:43:59 - [TEST_STEP][PASSED] - selectOptionByIndex: All options with index in [7] are selected on object 'Object Repository/DispensaryToCms/Page_Dispensary Store/select_--Select--Adernaline 0.'

2018-05-24 19:43:59 - [MESSAGE][PASSED] - All options with index in [7] are selected on object 'Object Repository/DispensaryToCms/Page_Dispensary Store/select_--Select--Adernaline 0.'

2018-05-24 19:43:59 - [TEST_STEP][PASSED] - setText: Text '100' is set on object 'Object Repository/DispensaryToCms/Page_Dispensary Store/input_txttreat'

2018-05-24 19:43:59 - [MESSAGE][PASSED] - Text '100' is set on object 'Object Repository/DispensaryToCms/Page_Dispensary Store/input_txttreat'

2018-05-24 19:43:59 - [TEST_STEP][PASSED] - click: Object: 'Object Repository/DispensaryToCms/Page_Dispensary Store/button_Add' is clicked on

2018-05-24 19:43:59 - [MESSAGE][PASSED] - Object: 'Object Repository/DispensaryToCms/Page_Dispensary Store/button_Add' is clicked on

2018-05-24 19:43:59 - [TEST_STEP][PASSED] - selectOptionByIndex: All options with index in [10] are selected on object 'Object Repository/DispensaryToCms/Page_Dispensary Store/select_--Select--Schedule 1Inj'

2018-05-24 19:43:59 - [MESSAGE][PASSED] - All options with index in [10] are selected on object 'Object Repository/DispensaryToCms/Page_Dispensary Store/select_--Select--Schedule 1Inj'

2018-05-24 19:43:59 - [TEST_STEP][PASSED] - selectOptionByIndex: All options with index in [8] are selected on object 'Object Repository/DispensaryToCms/Page_Dispensary Store/select_--Select--Adernaline 0.'

2018-05-24 19:43:59 - [MESSAGE][PASSED] - All options with index in [8] are selected on object 'Object Repository/DispensaryToCms/Page_Dispensary Store/select_--Select--Adernaline 0.'

2018-05-24 19:43:59 - [TEST_STEP][PASSED] - setText: Text '100' is set on object 'Object Repository/DispensaryToCms/Page_Dispensary Store/input_txttreat'

2018-05-24 19:43:59 - [MESSAGE][PASSED] - Text '100' is set on object 'Object Repository/DispensaryToCms/Page_Dispensary Store/input_txttreat'

2018-05-24 19:43:59 - [TEST_STEP][PASSED] - click: Object: 'Object Repository/DispensaryToCms/Page_Dispensary Store/button_Add' is clicked on

2018-05-24 19:43:59 - [MESSAGE][PASSED] - Object: 'Object Repository/DispensaryToCms/Page_Dispensary Store/button_Add' is clicked on

2018-05-24 19:43:59 - [TEST_STEP][PASSED] - selectOptionByIndex: All options with index in [10] are selected on object 'Object Repository/DispensaryToCms/Page_Dispensary Store/select_--Select--Schedule 1Inj'

2018-05-24 19:44:00 - [MESSAGE][PASSED] - All options with index in [10] are selected on object 'Object Repository/DispensaryToCms/Page_Dispensary Store/select_--Select--Schedule 1Inj'

2018-05-24 19:44:00 - [TEST_STEP][PASSED] - selectOptionByIndex: All options with index in [9] are selected on object 'Object Repository/DispensaryToCms/Page_Dispensary Store/select_--Select--Adernaline 0.'

2018-05-24 19:44:00 - [MESSAGE][PASSED] - All options with index in [9] are selected on object 'Object Repository/DispensaryToCms/Page_Dispensary Store/select_--Select--Adernaline 0.'

2018-05-24 19:44:00 - [TEST_STEP][PASSED] - setText: Text '100' is set on object 'Object Repository/DispensaryToCms/Page_Dispensary Store/input_txttreat'

2018-05-24 19:44:00 - [MESSAGE][PASSED] - Text '100' is set on object 'Object Repository/DispensaryToCms/Page_Dispensary Store/input_txttreat'

2018-05-24 19:44:00 - [TEST_STEP][PASSED] - click: Object: 'Object Repository/DispensaryToCms/Page_Dispensary Store/button_Add' is clicked on

2018-05-24 19:44:00 - [MESSAGE][PASSED] - Object: 'Object Repository/DispensaryToCms/Page_Dispensary Store/button_Add' is clicked on

2018-05-24 19:44:00 - [TEST_STEP][PASSED] - selectOptionByIndex: All options with index in [10] are selected on object 'Object Repository/DispensaryToCms/Page_Dispensary Store/select_--Select--Schedule 1Inj'

2018-05-24 19:44:00 - [MESSAGE][PASSED] - All options with index in [10] are selected on object 'Object Repository/DispensaryToCms/Page_Dispensary Store/select_--Select--Schedule 1Inj'

2018-05-24 19:44:00 - [TEST_STEP][PASSED] - selectOptionByIndex: All options with index in [10] are selected on object 'Object Repository/DispensaryToCms/Page_Dispensary Store/select_--Select--Adernaline 0.'

2018-05-24 19:44:00 - [MESSAGE][PASSED] - All options with index in [10] are selected on object 'Object Repository/DispensaryToCms/Page_Dispensary Store/select_--Select--Adernaline 0.'

2018-05-24 19:44:00 - [TEST_STEP][PASSED] - setText: Text '100' is set on object 'Object Repository/DispensaryToCms/Page_Dispensary Store/input_txttreat'

2018-05-24 19:44:01 - [MESSAGE][PASSED] - Text '100' is set on object 'Object Repository/DispensaryToCms/Page_Dispensary Store/input_txttreat'

2018-05-24 19:44:01 - [TEST_STEP][PASSED] - click: Object: 'Object Repository/DispensaryToCms/Page_Dispensary Store/button_Add' is clicked on

2018-05-24 19:44:01 - [MESSAGE][PASSED] - Object: 'Object Repository/DispensaryToCms/Page_Dispensary Store/button_Add' is clicked on

2018-05-24 19:44:01 - [TEST_STEP][PASSED] - selectOptionByIndex: All options with index in [10] are selected on object 'Object Repository/DispensaryToCms/Page_Dispensary Store/select_--Select--Schedule 1Inj'

2018-05-24 19:44:01 - [MESSAGE][PASSED] - All options with index in [10] are selected on object 'Object Repository/DispensaryToCms/Page_Dispensary Store/select_--Select--Schedule 1Inj'

2018-05-24 19:44:01 - [TEST_STEP][PASSED] - selectOptionByIndex: All options with index in [11] are selected on object 'Object Repository/DispensaryToCms/Page_Dispensary Store/select_--Select--Adernaline 0.'

2018-05-24 19:44:01 - [MESSAGE][PASSED] - All options with index in [11] are selected on object 'Object Repository/DispensaryToCms/Page_Dispensary Store/select_--Select--Adernaline 0.'

2018-05-24 19:44:01 - [TEST_STEP][PASSED] - setText: Text '100' is set on object 'Object Repository/DispensaryToCms/Page_Dispensary Store/input_txttreat'

2018-05-24 19:44:01 - [MESSAGE][PASSED] - Text '100' is set on object 'Object Repository/DispensaryToCms/Page_Dispensary Store/input_txttreat'

2018-05-24 19:44:01 - [TEST_STEP][PASSED] - click: Object: 'Object Repository/DispensaryToCms/Page_Dispensary Store/button_Add' is clicked on

2018-05-24 19:44:01 - [MESSAGE][PASSED] - Object: 'Object Repository/DispensaryToCms/Page_Dispensary Store/button_Add' is clicked on

2018-05-24 19:44:01 - [TEST_STEP][PASSED] - selectOptionByIndex: All options with index in [10] are selected on object 'Object Repository/DispensaryToCms/Page_Dispensary Store/select_--Select--Schedule 1Inj'

2018-05-24 19:44:01 - [MESSAGE][PASSED] - All options with index in [10] are selected on object 'Object Repository/DispensaryToCms/Page_Dispensary Store/select_--Select--Schedule 1Inj'

2018-05-24 19:44:01 - [TEST_STEP][PASSED] - selectOptionByIndex: All options with index in [12] are selected on object 'Object Repository/DispensaryToCms/Page_Dispensary Store/select_--Select--Adernaline 0.'

2018-05-24 19:44:02 - [MESSAGE][PASSED] - All options with index in [12] are selected on object 'Object Repository/DispensaryToCms/Page_Dispensary Store/select_--Select--Adernaline 0.'

2018-05-24 19:44:02 - [TEST_STEP][PASSED] - setText: Text '100' is set on object 'Object Repository/DispensaryToCms/Page_Dispensary Store/input_txttreat'

2018-05-24 19:44:02 - [MESSAGE][PASSED] - Text '100' is set on object 'Object Repository/DispensaryToCms/Page_Dispensary Store/input_txttreat'

2018-05-24 19:44:02 - [TEST_STEP][PASSED] - click: Object: 'Object Repository/DispensaryToCms/Page_Dispensary Store/button_Add' is clicked on

2018-05-24 19:44:02 - [MESSAGE][PASSED] - Object: 'Object Repository/DispensaryToCms/Page_Dispensary Store/button_Add' is clicked on

2018-05-24 19:44:02 - [TEST_STEP][PASSED] - selectOptionByIndex: All options with index in [10] are selected on object 'Object Repository/DispensaryToCms/Page_Dispensary Store/select_--Select--Schedule 1Inj'

2018-05-24 19:44:02 - [MESSAGE][PASSED] - All options with index in [10] are selected on object 'Object Repository/DispensaryToCms/Page_Dispensary Store/select_--Select--Schedule 1Inj'

2018-05-24 19:44:02 - [TEST_STEP][PASSED] - selectOptionByIndex: All options with index in [13] are selected on object 'Object Repository/DispensaryToCms/Page_Dispensary Store/select_--Select--Adernaline 0.'

2018-05-24 19:44:02 - [MESSAGE][PASSED] - All options with index in [13] are selected on object 'Object Repository/DispensaryToCms/Page_Dispensary Store/select_--Select--Adernaline 0.'

2018-05-24 19:44:02 - [TEST_STEP][PASSED] - setText: Text '100' is set on object 'Object Repository/DispensaryToCms/Page_Dispensary Store/input_txttreat'

2018-05-24 19:44:02 - [MESSAGE][PASSED] - Text '100' is set on object 'Object Repository/DispensaryToCms/Page_Dispensary Store/input_txttreat'

2018-05-24 19:44:02 - [TEST_STEP][PASSED] - click: Object: 'Object Repository/DispensaryToCms/Page_Dispensary Store/button_Add' is clicked on

2018-05-24 19:44:02 - [MESSAGE][PASSED] - Object: 'Object Repository/DispensaryToCms/Page_Dispensary Store/button_Add' is clicked on

2018-05-24 19:44:02 - [TEST_STEP][PASSED] - selectOptionByIndex: All options with index in [10] are selected on object 'Object Repository/DispensaryToCms/Page_Dispensary Store/select_--Select--Schedule 1Inj'

2018-05-24 19:44:03 - [MESSAGE][PASSED] - All options with index in [10] are selected on object 'Object Repository/DispensaryToCms/Page_Dispensary Store/select_--Select--Schedule 1Inj'

2018-05-24 19:44:03 - [TEST_STEP][PASSED] - selectOptionByIndex: All options with index in [14] are selected on object 'Object Repository/DispensaryToCms/Page_Dispensary Store/select_--Select--Adernaline 0.'

2018-05-24 19:44:03 - [MESSAGE][PASSED] - All options with index in [14] are selected on object 'Object Repository/DispensaryToCms/Page_Dispensary Store/select_--Select--Adernaline 0.'

2018-05-24 19:44:03 - [TEST_STEP][PASSED] - setText: Text '100' is set on object 'Object Repository/DispensaryToCms/Page_Dispensary Store/input_txttreat'

2018-05-24 19:44:03 - [MESSAGE][PASSED] - Text '100' is set on object 'Object Repository/DispensaryToCms/Page_Dispensary Store/input_txttreat'

2018-05-24 19:44:03 - [TEST_STEP][PASSED] - click: Object: 'Object Repository/DispensaryToCms/Page_Dispensary Store/button_Add' is clicked on

2018-05-24 19:44:03 - [MESSAGE][PASSED] - Object: 'Object Repository/DispensaryToCms/Page_Dispensary Store/button_Add' is clicked on

2018-05-24 19:44:03 - [TEST_STEP][PASSED] - selectOptionByIndex: All options with index in [10] are selected on object 'Object Repository/DispensaryToCms/Page_Dispensary Store/select_--Select--Schedule 1Inj'

2018-05-24 19:44:03 - [MESSAGE][PASSED] - All options with index in [10] are selected on object 'Object Repository/DispensaryToCms/Page_Dispensary Store/select_--Select--Schedule 1Inj'

2018-05-24 19:44:03 - [TEST_STEP][PASSED] - selectOptionByIndex: All options with index in [15] are selected on object 'Object Repository/DispensaryToCms/Page_Dispensary Store/select_--Select--Adernaline 0.'

2018-05-24 19:44:04 - [MESSAGE][PASSED] - All options with index in [15] are selected on object 'Object Repository/DispensaryToCms/Page_Dispensary Store/select_--Select--Adernaline 0.'

2018-05-24 19:44:04 - [TEST_STEP][PASSED] - setText: Text '100' is set on object 'Object Repository/DispensaryToCms/Page_Dispensary Store/input_txttreat'

2018-05-24 19:44:04 - [MESSAGE][PASSED] - Text '100' is set on object 'Object Repository/DispensaryToCms/Page_Dispensary Store/input_txttreat'

2018-05-24 19:44:04 - [TEST_STEP][PASSED] - click: Object: 'Object Repository/DispensaryToCms/Page_Dispensary Store/button_Add' is clicked on

2018-05-24 19:44:04 - [MESSAGE][PASSED] - Object: 'Object Repository/DispensaryToCms/Page_Dispensary Store/button_Add' is clicked on

2018-05-24 19:44:04 - [TEST_STEP][PASSED] - selectOptionByIndex: All options with index in [10] are selected on object 'Object Repository/DispensaryToCms/Page_Dispensary Store/select_--Select--Schedule 1Inj'

2018-05-24 19:44:04 - [MESSAGE][PASSED] - All options with index in [10] are selected on object 'Object Repository/DispensaryToCms/Page_Dispensary Store/select_--Select--Schedule 1Inj'

2018-05-24 19:44:04 - [TEST_STEP][PASSED] - selectOptionByIndex: All options with index in [16] are selected on object 'Object Repository/DispensaryToCms/Page_Dispensary Store/select_--Select--Adernaline 0.'

2018-05-24 19:44:04 - [MESSAGE][PASSED] - All options with index in [16] are selected on object 'Object Repository/DispensaryToCms/Page_Dispensary Store/select_--Select--Adernaline 0.'

2018-05-24 19:44:04 - [TEST_STEP][PASSED] - setText: Text '100' is set on object 'Object Repository/DispensaryToCms/Page_Dispensary Store/input_txttreat'

2018-05-24 19:44:04 - [MESSAGE][PASSED] - Text '100' is set on object 'Object Repository/DispensaryToCms/Page_Dispensary Store/input_txttreat'

2018-05-24 19:44:04 - [TEST_STEP][PASSED] - click: Object: 'Object Repository/DispensaryToCms/Page_Dispensary Store/button_Add' is clicked on

2018-05-24 19:44:04 - [MESSAGE][PASSED] - Object: 'Object Repository/DispensaryToCms/Page_Dispensary Store/button_Add' is clicked on

2018-05-24 19:44:04 - [TEST_STEP][PASSED] - selectOptionByIndex: All options with index in [10] are selected on object 'Object Repository/DispensaryToCms/Page_Dispensary Store/select_--Select--Schedule 1Inj'

2018-05-24 19:44:05 - [MESSAGE][PASSED] - All options with index in [10] are selected on object 'Object Repository/DispensaryToCms/Page_Dispensary Store/select_--Select--Schedule 1Inj'

2018-05-24 19:44:05 - [TEST_STEP][PASSED] - selectOptionByIndex: All options with index in [17] are selected on object 'Object Repository/DispensaryToCms/Page_Dispensary Store/select_--Select--Adernaline 0.'

2018-05-24 19:44:05 - [MESSAGE][PASSED] - All options with index in [17] are selected on object 'Object Repository/DispensaryToCms/Page_Dispensary Store/select_--Select--Adernaline 0.'

2018-05-24 19:44:05 - [TEST_STEP][PASSED] - setText: Text '100' is set on object 'Object Repository/DispensaryToCms/Page_Dispensary Store/input_txttreat'

2018-05-24 19:44:05 - [MESSAGE][PASSED] - Text '100' is set on object 'Object Repository/DispensaryToCms/Page_Dispensary Store/input_txttreat'

2018-05-24 19:44:05 - [TEST_STEP][PASSED] - click: Object: 'Object Repository/DispensaryToCms/Page_Dispensary Store/button_Add' is clicked on

2018-05-24 19:44:05 - [MESSAGE][PASSED] - Object: 'Object Repository/DispensaryToCms/Page_Dispensary Store/button_Add' is clicked on

2018-05-24 19:44:05 - [TEST_STEP][PASSED] - selectOptionByIndex: All options with index in [10] are selected on object 'Object Repository/DispensaryToCms/Page_Dispensary Store/select_--Select--Schedule 1Inj'

2018-05-24 19:44:05 - [MESSAGE][PASSED] - All options with index in [10] are selected on object 'Object Repository/DispensaryToCms/Page_Dispensary Store/select_--Select--Schedule 1Inj'

2018-05-24 19:44:05 - [TEST_STEP][PASSED] - selectOptionByIndex: All options with index in [18] are selected on object 'Object Repository/DispensaryToCms/Page_Dispensary Store/select_--Select--Adernaline 0.'

2018-05-24 19:44:06 - [MESSAGE][PASSED] - All options with index in [18] are selected on object 'Object Repository/DispensaryToCms/Page_Dispensary Store/select_--Select--Adernaline 0.'

2018-05-24 19:44:06 - [TEST_STEP][PASSED] - setText: Text '100' is set on object 'Object Repository/DispensaryToCms/Page_Dispensary Store/input_txttreat'

2018-05-24 19:44:06 - [MESSAGE][PASSED] - Text '100' is set on object 'Object Repository/DispensaryToCms/Page_Dispensary Store/input_txttreat'

2018-05-24 19:44:06 - [TEST_STEP][PASSED] - click: Object: 'Object Repository/DispensaryToCms/Page_Dispensary Store/button_Add' is clicked on

2018-05-24 19:44:06 - [MESSAGE][PASSED] - Object: 'Object Repository/DispensaryToCms/Page_Dispensary Store/button_Add' is clicked on

2018-05-24 19:44:06 - [TEST_STEP][PASSED] - scrollToElement: Scroll to object 'Object Repository/DispensaryToCms/Page_Dispensary Store/input_btnsave' successfully

2018-05-24 19:44:06 - [MESSAGE][PASSED] - Scroll to object 'Object Repository/DispensaryToCms/Page_Dispensary Store/input_btnsave' successfully

2018-05-24 19:44:06 - [TEST_STEP][PASSED] - click: Object: 'Object Repository/DispensaryToCms/Page_Dispensary Store/input_btnsave' is clicked on

2018-05-24 19:44:06 - [MESSAGE][PASSED] - Object: 'Object Repository/DispensaryToCms/Page_Dispensary Store/input_btnsave' is clicked on

2018-05-24 19:44:06 - [TEST_STEP][PASSED] - delay: Delayed 3 second(s)

2018-05-24 19:44:09 - [MESSAGE][PASSED] - Delayed 3 second(s)

2018-05-24 19:44:09 - [TEST_STEP][PASSED] - Statement - RN1 = com.kms.katalon.core.webui.keyword.WebUiBuiltInKeywords.getText(com.kms.katalon.core.testobject.ObjectRepository.findTestObject(DispensaryToCms/Page_Dispensary Store/font_PRNO18052018174)): Text of object 'Object Repository/DispensaryToCms/Page_Dispensary Store/font_PRNO18052018174' is: 'PRNO/24052018/385'

2018-05-24 19:44:09 - [MESSAGE][PASSED] - Text of object 'Object Repository/DispensaryToCms/Page_Dispensary Store/font_PRNO18052018174' is: 'PRNO/24052018/385'

2018-05-24 19:44:09 - [TEST_STEP][PASSED] - Statement - out.println(RN1): null

2018-05-24 19:44:09 - [TEST_STEP][PASSED] - Statement - RID = RN1.split("/")[2]: null

2018-05-24 19:44:09 - [TEST_STEP][PASSED] - click: Object: 'Object Repository/DispensaryToCms/Page_Dispensary Store/button_OK' is clicked on

2018-05-24 19:44:10 - [MESSAGE][PASSED] - Object: 'Object Repository/DispensaryToCms/Page_Dispensary Store/button_OK' is clicked on

2018-05-24 19:44:10 - [TEST_STEP][PASSED] - delay: Delayed 3 second(s)

2018-05-24 19:44:13 - [MESSAGE][PASSED] - Delayed 3 second(s)

2018-05-24 19:44:13 - [TEST_STEP][PASSED] - waitForElementPresent: Object 'Object Repository/DispensaryToCms/Page_KDMC - CMS/a_dropdown-toggle' is not present after 20 second(s)

2018-05-24 19:44:33 - [MESSAGE][WARNING] - Object 'Object Repository/DispensaryToCms/Page_KDMC - CMS/a_dropdown-toggle' is not present after 20 second(s)

2018-05-24 19:44:33 - [TEST_STEP][PASSED] - click: Object: 'Object Repository/DispensaryToCms/Page_Dispensary Store/a_dropdown-toggle' is clicked on

2018-05-24 19:44:34 - [MESSAGE][PASSED] - Object: 'Object Repository/DispensaryToCms/Page_Dispensary Store/a_dropdown-toggle' is clicked on

2018-05-24 19:44:34 - [TEST_STEP][PASSED] - click: Object: 'Object Repository/DispensaryToCms/Page_Dispensary Store/a_Sign out' is clicked on

2018-05-24 19:44:34 - [MESSAGE][PASSED] - Object: 'Object Repository/DispensaryToCms/Page_Dispensary Store/a_Sign out' is clicked on

2018-05-24 19:44:34 - [TEST_STEP][PASSED] - delay: Delayed 3 second(s)

2018-05-24 19:44:37 - [MESSAGE][PASSED] - Delayed 3 second(s)

2018-05-24 19:44:37 - [TEST_STEP][PASSED] - navigateToUrl: Navigate to 'http://192.168.137.1/multihospital_new/' successfully

2018-05-24 19:44:38 - [MESSAGE][PASSED] - Navigate to 'http://192.168.137.1/multihospital_new/' successfully

2018-05-24 19:44:38 - [TEST_STEP][PASSED] - click: Object: 'Object Repository/DispensaryToCms/Page_KDMC/a_CMO' is clicked on

2018-05-24 19:44:39 - [MESSAGE][PASSED] - Object: 'Object Repository/DispensaryToCms/Page_KDMC/a_CMO' is clicked on

2018-05-24 19:44:39 - [TEST_STEP][PASSED] - setText: Text 'guru' is set on object 'Object Repository/DispensaryToCms/Page_CMO login/input_txtusername'

2018-05-24 19:44:39 - [MESSAGE][PASSED] - Text 'guru' is set on object 'Object Repository/DispensaryToCms/Page_CMO login/input_txtusername'

2018-05-24 19:44:39 - [TEST_STEP][PASSED] - setText: Text '123' is set on object 'Object Repository/DispensaryToCms/Page_CMO login/input_txtpassword'

2018-05-24 19:44:39 - [MESSAGE][PASSED] - Text '123' is set on object 'Object Repository/DispensaryToCms/Page_CMO login/input_txtpassword'

2018-05-24 19:44:39 - [TEST_STEP][PASSED] - delay: Delayed 3 second(s)

2018-05-24 19:44:42 - [MESSAGE][PASSED] - Delayed 3 second(s)

2018-05-24 19:44:42 - [TEST_STEP][PASSED] - click: Object: 'Object Repository/DispensaryToCms/Page_CMO login/button_Sign in' is clicked on

2018-05-24 19:44:43 - [MESSAGE][PASSED] - Object: 'Object Repository/DispensaryToCms/Page_CMO login/button_Sign in' is clicked on

2018-05-24 19:44:43 - [TEST_STEP][PASSED] - delay: Delayed 3 second(s)

2018-05-24 19:44:46 - [MESSAGE][PASSED] - Delayed 3 second(s)

2018-05-24 19:44:46 - [TEST_STEP][PASSED] - click: Object: 'Object Repository/DispensaryToCms/Page_KDMC - CMO/a_CMS Request' is clicked on

2018-05-24 19:44:46 - [MESSAGE][PASSED] - Object: 'Object Repository/DispensaryToCms/Page_KDMC - CMO/a_CMS Request' is clicked on

2018-05-24 19:44:46 - [TEST_STEP][PASSED] - delay: Delayed 2 second(s)

2018-05-24 19:44:48 - [MESSAGE][PASSED] - Delayed 2 second(s)

2018-05-24 19:44:48 - [TEST_STEP][PASSED] - click: Object: 'Object Repository/DispensaryToCms/Page_KDMC - CMO/a_Dispensary Store Request' is clicked on

2018-05-24 19:44:49 - [MESSAGE][PASSED] - Object: 'Object Repository/DispensaryToCms/Page_KDMC - CMO/a_Dispensary Store Request' is clicked on

2018-05-24 19:44:49 - [TEST_STEP][PASSED] - selectOptionByIndex: All options with index in [1] are selected on object 'Object Repository/DispensaryToCms/Page_KDMC - CMO/select_--ALL--'

2018-05-24 19:44:49 - [MESSAGE][PASSED] - All options with index in [1] are selected on object 'Object Repository/DispensaryToCms/Page_KDMC - CMO/select_--ALL--'

2018-05-24 19:44:49 - [TEST_STEP][PASSED] - click: Object: 'Object Repository/DispensaryToCms/Page_KDMC - CMO/input_btnsearch' is clicked on

2018-05-24 19:44:49 - [MESSAGE][PASSED] - Object: 'Object Repository/DispensaryToCms/Page_KDMC - CMO/input_btnsearch' is clicked on

2018-05-24 19:44:49 - [TEST_STEP][PASSED] - Statement - ID = com.kms.katalon.core.webui.keyword.WebUiBuiltInKeywords.modifyObjectProperty(com.kms.katalon.core.testobject.ObjectRepository.findTestObject(lab/Page_KDMC - CMO/input_1), "xpath", "equals", "//*[@id=" + RID + "]", true): Modify property of object successfully

2018-05-24 19:44:49 - [MESSAGE][PASSED] - Modify property of object successfully

2018-05-24 19:44:49 - [TEST_STEP][PASSED] - click: Object: 'Object Repository/lab/Page_KDMC - CMO/input_1' is clicked on

2018-05-24 19:44:50 - [MESSAGE][PASSED] - Object: 'Object Repository/lab/Page_KDMC - CMO/input_1' is clicked on

2018-05-24 19:44:50 - [TEST_STEP][PASSED] - delay: Delayed 2 second(s)

2018-05-24 19:44:52 - [MESSAGE][PASSED] - Delayed 2 second(s)

2018-05-24 19:44:52 - [TEST_STEP][PASSED] - selectOptionByIndex: All options with index in [1] are selected on object 'Object Repository/DispensaryToCms/Page_KDMC - CMO/select_--Select--'

2018-05-24 19:44:52 - [MESSAGE][PASSED] - All options with index in [1] are selected on object 'Object Repository/DispensaryToCms/Page_KDMC - CMO/select_--Select--'

2018-05-24 19:44:52 - [TEST_STEP][PASSED] - click: Object: 'Object Repository/DispensaryToCms/Page_KDMC - CMO/input_btnupdate' is clicked on

2018-05-24 19:44:52 - [MESSAGE][PASSED] - Object: 'Object Repository/DispensaryToCms/Page_KDMC - CMO/input_btnupdate' is clicked on

2018-05-24 19:44:52 - [TEST_STEP][PASSED] - delay: Delayed 2 second(s)

2018-05-24 19:44:54 - [MESSAGE][PASSED] - Delayed 2 second(s)

2018-05-24 19:44:54 - [TEST_STEP][PASSED] - click: Object: 'Object Repository/DispensaryToCms/Page_KDMC - CMO/button_OK' is clicked on

2018-05-24 19:44:54 - [MESSAGE][PASSED] - Object: 'Object Repository/DispensaryToCms/Page_KDMC - CMO/button_OK' is clicked on

2018-05-24 19:44:54 - [TEST_STEP][PASSED] - delay: Delayed 3 second(s)

2018-05-24 19:44:57 - [MESSAGE][PASSED] - Delayed 3 second(s)

2018-05-24 19:44:57 - [TEST_STEP][PASSED] - click: Object: 'Object Repository/DispensaryToCms/Page_KDMC - CMO/a_dropdown-toggle' is clicked on

2018-05-24 19:44:57 - [MESSAGE][PASSED] - Object: 'Object Repository/DispensaryToCms/Page_KDMC - CMO/a_dropdown-toggle' is clicked on

2018-05-24 19:44:57 - [TEST_STEP][PASSED] - click: Object: 'Object Repository/DispensaryToCms/Page_KDMC - CMO/a_Sign out' is clicked on

2018-05-24 19:44:58 - [MESSAGE][PASSED] - Object: 'Object Repository/DispensaryToCms/Page_KDMC - CMO/a_Sign out' is clicked on

2018-05-24 19:44:58 - [TEST_STEP][PASSED] - delay: Delayed 3 second(s)

2018-05-24 19:45:01 - [MESSAGE][PASSED] - Delayed 3 second(s)

2018-05-24 19:45:01 - [TEST_STEP][PASSED] - click: Object: 'Object Repository/DispensaryToCms/Page_KDMC/a_CMS' is clicked on

2018-05-24 19:45:02 - [MESSAGE][PASSED] - Object: 'Object Repository/DispensaryToCms/Page_KDMC/a_CMS' is clicked on

2018-05-24 19:45:02 - [TEST_STEP][PASSED] - setText: Text 'bala' is set on object 'Object Repository/DispensaryToCms/Page_CMS login/input_txtusername'

2018-05-24 19:45:02 - [MESSAGE][PASSED] - Text 'bala' is set on object 'Object Repository/DispensaryToCms/Page_CMS login/input_txtusername'

2018-05-24 19:45:02 - [TEST_STEP][PASSED] - setText: Text '123' is set on object 'Object Repository/DispensaryToCms/Page_CMS login/input_txtpassword'

2018-05-24 19:45:02 - [MESSAGE][PASSED] - Text '123' is set on object 'Object Repository/DispensaryToCms/Page_CMS login/input_txtpassword'

2018-05-24 19:45:02 - [TEST_STEP][PASSED] - delay: Delayed 3 second(s)

2018-05-24 19:45:05 - [MESSAGE][PASSED] - Delayed 3 second(s)

2018-05-24 19:45:05 - [TEST_STEP][PASSED] - click: Object: 'Object Repository/DispensaryToCms/Page_CMS login/button_Sign in' is clicked on

2018-05-24 19:45:05 - [MESSAGE][PASSED] - Object: 'Object Repository/DispensaryToCms/Page_CMS login/button_Sign in' is clicked on

2018-05-24 19:45:05 - [TEST_STEP][PASSED] - delay: Delayed 3 second(s)

2018-05-24 19:45:08 - [MESSAGE][PASSED] - Delayed 3 second(s)

2018-05-24 19:45:08 - [TEST_STEP][PASSED] - click: Object: 'Object Repository/DispensaryToCms/Page_KDMC - CMS/a_Divisional Store' is clicked on

2018-05-24 19:45:08 - [MESSAGE][PASSED] - Object: 'Object Repository/DispensaryToCms/Page_KDMC - CMS/a_Divisional Store' is clicked on

2018-05-24 19:45:08 - [TEST_STEP][PASSED] - delay: Delayed 2 second(s)

2018-05-24 19:45:10 - [MESSAGE][PASSED] - Delayed 2 second(s)

2018-05-24 19:45:10 - [TEST_STEP][PASSED] - click: Object: 'Object Repository/DispensaryToCms/Page_KDMC - CMS/a_Dispatch Items' is clicked on

2018-05-24 19:45:12 - [MESSAGE][PASSED] - Object: 'Object Repository/DispensaryToCms/Page_KDMC - CMS/a_Dispatch Items' is clicked on

2018-05-24 19:45:12 - [TEST_STEP][PASSED] - delay: Delayed 2 second(s)

2018-05-24 19:45:14 - [MESSAGE][PASSED] - Delayed 2 second(s)

2018-05-24 19:45:14 - [TEST_STEP][PASSED] - setText: Text 'PRNO/24052018/385' is set on object 'Object Repository/DispensaryToCms/Page_KDMC - CMS/input'

2018-05-24 19:45:14 - [MESSAGE][PASSED] - Text 'PRNO/24052018/385' is set on object 'Object Repository/DispensaryToCms/Page_KDMC - CMS/input'

2018-05-24 19:45:14 - [TEST_STEP][PASSED] - click: Object: 'Object Repository/DispensaryToCms/Page_KDMC - CMS/input_PRNO18052018174' is clicked on

2018-05-24 19:45:14 - [MESSAGE][PASSED] - Object: 'Object Repository/DispensaryToCms/Page_KDMC - CMS/input_PRNO18052018174' is clicked on

2018-05-24 19:45:14 - [TEST_STEP][PASSED] - Statement - out.println("Length : " + medicineslength): null

2018-05-24 19:45:14 - [TEST_STEP][PASSED] - Statement - For ([row = 0, row < medicineslength - 1, (row++)]): null

2018-05-24 19:45:14 - [TEST_STEP][PASSED] - Statement - batchlength = new com.kms.katalon.core.testobject.TestObject(): null

2018-05-24 19:45:14 - [TEST_STEP][PASSED] - Statement - batchlength = com.kms.katalon.core.webui.keyword.WebUiBuiltInKeywords.modifyObjectProperty(batchlength, "xpath", "equals", "//*[@id = "fldvendor" + row + ""]", true): Modify property of object successfully

2018-05-24 19:45:14 - [MESSAGE][PASSED] - Modify property of object successfully

2018-05-24 19:45:14 - [TEST_STEP][PASSED] - Statement - batchsize = com.kms.katalon.core.webui.keyword.WebUiBuiltInKeywords.getNumberOfTotalOption(batchlength): 6 options of object '' counted

2018-05-24 19:45:15 - [MESSAGE][PASSED] - 6 options of object '' counted

2018-05-24 19:45:15 - [TEST_STEP][PASSED] - Statement - out.println("BatchSize : " + batchsize): null

2018-05-24 19:45:15 - [TEST_STEP][PASSED] - Statement - For ([n = 1, n <= batchsize - 1, (n++)]): null

2018-05-24 19:45:15 - [TEST_STEP][PASSED] - Statement - product = new com.kms.katalon.core.testobject.TestObject(): null

2018-05-24 19:45:15 - [TEST_STEP][PASSED] - Statement - product = com.kms.katalon.core.webui.keyword.WebUiBuiltInKeywords.modifyObjectProperty(product, "xpath", "equals", "//*[@id = "fldvendor" + row + ""]", true): Modify property of object successfully

2018-05-24 19:45:15 - [MESSAGE][PASSED] - Modify property of object successfully

2018-05-24 19:45:15 - [TEST_STEP][PASSED] - selectOptionByIndex: All options with index in [1] are selected on object ''

2018-05-24 19:45:15 - [MESSAGE][PASSED] - All options with index in [1] are selected on object ''

2018-05-24 19:45:15 - [TEST_STEP][PASSED] - Statement - batch = new com.kms.katalon.core.testobject.TestObject(): null

2018-05-24 19:45:15 - [TEST_STEP][PASSED] - Statement - batch = com.kms.katalon.core.webui.keyword.WebUiBuiltInKeywords.modifyObjectProperty(batch, "xpath", "equals", "//*[@id = "txtbthqty" + row + ""]", true): Modify property of object successfully

2018-05-24 19:45:15 - [MESSAGE][PASSED] - Modify property of object successfully

2018-05-24 19:45:15 - [TEST_STEP][PASSED] - Statement - batchqty = com.kms.katalon.core.webui.keyword.WebUiBuiltInKeywords.getAttribute(batch, "value").trim(): Attribute 'value' of object '' is: '49300'

2018-05-24 19:45:15 - [MESSAGE][PASSED] - Attribute 'value' of object '' is: '49300'

2018-05-24 19:45:15 - [TEST_STEP][PASSED] - Statement - Rqty = 100: null

2018-05-24 19:45:15 - [TEST_STEP][PASSED] - delay: Delayed 2 second(s)

2018-05-24 19:45:17 - [MESSAGE][PASSED] - Delayed 2 second(s)

2018-05-24 19:45:17 - [TEST_STEP][PASSED] - Statement - out.println("BatchQty : " + batchqty): null

2018-05-24 19:45:17 - [TEST_STEP][PASSED] - Statement - out.println("RQty : " + Rqty): null

2018-05-24 19:45:17 - [TEST_STEP][PASSED] - Statement - If (java.lang.Integer.valueOf(batchqty) >= java.lang.Integer.valueOf(Rqty)): null

2018-05-24 19:45:17 - [TEST_STEP][PASSED] - Statement - Break: null

2018-05-24 19:45:17 - [TEST_STEP][PASSED] - Statement - batchlength = new com.kms.katalon.core.testobject.TestObject(): null

2018-05-24 19:45:17 - [TEST_STEP][PASSED] - Statement - batchlength = com.kms.katalon.core.webui.keyword.WebUiBuiltInKeywords.modifyObjectProperty(batchlength, "xpath", "equals", "//*[@id = "fldvendor" + row + ""]", true): Modify property of object successfully

2018-05-24 19:45:17 - [MESSAGE][PASSED] - Modify property of object successfully

2018-05-24 19:45:17 - [TEST_STEP][PASSED] - Statement - batchsize = com.kms.katalon.core.webui.keyword.WebUiBuiltInKeywords.getNumberOfTotalOption(batchlength): 6 options of object '' counted

2018-05-24 19:45:17 - [MESSAGE][PASSED] - 6 options of object '' counted

2018-05-24 19:45:17 - [TEST_STEP][PASSED] - Statement - out.println("BatchSize : " + batchsize): null

2018-05-24 19:45:17 - [TEST_STEP][PASSED] - Statement - For ([n = 1, n <= batchsize - 1, (n++)]): null

2018-05-24 19:45:17 - [TEST_STEP][PASSED] - Statement - product = new com.kms.katalon.core.testobject.TestObject(): null

2018-05-24 19:45:17 - [TEST_STEP][PASSED] - Statement - product = com.kms.katalon.core.webui.keyword.WebUiBuiltInKeywords.modifyObjectProperty(product, "xpath", "equals", "//*[@id = "fldvendor" + row + ""]", true): Modify property of object successfully

2018-05-24 19:45:17 - [MESSAGE][PASSED] - Modify property of object successfully

2018-05-24 19:45:17 - [TEST_STEP][PASSED] - selectOptionByIndex: All options with index in [1] are selected on object ''

2018-05-24 19:45:17 - [MESSAGE][PASSED] - All options with index in [1] are selected on object ''

2018-05-24 19:45:17 - [TEST_STEP][PASSED] - Statement - batch = new com.kms.katalon.core.testobject.TestObject(): null

2018-05-24 19:45:17 - [TEST_STEP][PASSED] - Statement - batch = com.kms.katalon.core.webui.keyword.WebUiBuiltInKeywords.modifyObjectProperty(batch, "xpath", "equals", "//*[@id = "txtbthqty" + row + ""]", true): Modify property of object successfully

2018-05-24 19:45:17 - [MESSAGE][PASSED] - Modify property of object successfully

2018-05-24 19:45:17 - [TEST_STEP][PASSED] - Statement - batchqty = com.kms.katalon.core.webui.keyword.WebUiBuiltInKeywords.getAttribute(batch, "value").trim(): Attribute 'value' of object '' is: '4400'

2018-05-24 19:45:17 - [MESSAGE][PASSED] - Attribute 'value' of object '' is: '4400'

2018-05-24 19:45:17 - [TEST_STEP][PASSED] - Statement - Rqty = 100: null

2018-05-24 19:45:17 - [TEST_STEP][PASSED] - delay: Delayed 2 second(s)

2018-05-24 19:45:19 - [MESSAGE][PASSED] - Delayed 2 second(s)

2018-05-24 19:45:19 - [TEST_STEP][PASSED] - Statement - out.println("BatchQty : " + batchqty): null

2018-05-24 19:45:19 - [TEST_STEP][PASSED] - Statement - out.println("RQty : " + Rqty): null

2018-05-24 19:45:19 - [TEST_STEP][PASSED] - Statement - If (java.lang.Integer.valueOf(batchqty) >= java.lang.Integer.valueOf(Rqty)): null

2018-05-24 19:45:19 - [TEST_STEP][PASSED] - Statement - Break: null

2018-05-24 19:45:19 - [TEST_STEP][PASSED] - Statement - batchlength = new com.kms.katalon.core.testobject.TestObject(): null

2018-05-24 19:45:19 - [TEST_STEP][PASSED] - Statement - batchlength = com.kms.katalon.core.webui.keyword.WebUiBuiltInKeywords.modifyObjectProperty(batchlength, "xpath", "equals", "//*[@id = "fldvendor" + row + ""]", true): Modify property of object successfully

2018-05-24 19:45:19 - [MESSAGE][PASSED] - Modify property of object successfully

2018-05-24 19:45:19 - [TEST_STEP][PASSED] - Statement - batchsize = com.kms.katalon.core.webui.keyword.WebUiBuiltInKeywords.getNumberOfTotalOption(batchlength): 6 options of object '' counted

2018-05-24 19:45:19 - [MESSAGE][PASSED] - 6 options of object '' counted

2018-05-24 19:45:19 - [TEST_STEP][PASSED] - Statement - out.println("BatchSize : " + batchsize): null

2018-05-24 19:45:19 - [TEST_STEP][PASSED] - Statement - For ([n = 1, n <= batchsize - 1, (n++)]): null

2018-05-24 19:45:19 - [TEST_STEP][PASSED] - Statement - product = new com.kms.katalon.core.testobject.TestObject(): null

2018-05-24 19:45:19 - [TEST_STEP][PASSED] - Statement - product = com.kms.katalon.core.webui.keyword.WebUiBuiltInKeywords.modifyObjectProperty(product, "xpath", "equals", "//*[@id = "fldvendor" + row + ""]", true): Modify property of object successfully

2018-05-24 19:45:19 - [MESSAGE][PASSED] - Modify property of object successfully

2018-05-24 19:45:19 - [TEST_STEP][PASSED] - selectOptionByIndex: All options with index in [1] are selected on object ''

2018-05-24 19:45:19 - [MESSAGE][PASSED] - All options with index in [1] are selected on object ''

2018-05-24 19:45:19 - [TEST_STEP][PASSED] - Statement - batch = new com.kms.katalon.core.testobject.TestObject(): null

2018-05-24 19:45:19 - [TEST_STEP][PASSED] - Statement - batch = com.kms.katalon.core.webui.keyword.WebUiBuiltInKeywords.modifyObjectProperty(batch, "xpath", "equals", "//*[@id = "txtbthqty" + row + ""]", true): Modify property of object successfully

2018-05-24 19:45:19 - [MESSAGE][PASSED] - Modify property of object successfully

2018-05-24 19:45:19 - [TEST_STEP][PASSED] - Statement - batchqty = com.kms.katalon.core.webui.keyword.WebUiBuiltInKeywords.getAttribute(batch, "value").trim(): Attribute 'value' of object '' is: '4400'

2018-05-24 19:45:19 - [MESSAGE][PASSED] - Attribute 'value' of object '' is: '4400'

2018-05-24 19:45:19 - [TEST_STEP][PASSED] - Statement - Rqty = 100: null

2018-05-24 19:45:19 - [TEST_STEP][PASSED] - delay: Delayed 2 second(s)

2018-05-24 19:45:21 - [MESSAGE][PASSED] - Delayed 2 second(s)

2018-05-24 19:45:21 - [TEST_STEP][PASSED] - Statement - out.println("BatchQty : " + batchqty): null

2018-05-24 19:45:21 - [TEST_STEP][PASSED] - Statement - out.println("RQty : " + Rqty): null

2018-05-24 19:45:21 - [TEST_STEP][PASSED] - Statement - If (java.lang.Integer.valueOf(batchqty) >= java.lang.Integer.valueOf(Rqty)): null

2018-05-24 19:45:21 - [TEST_STEP][PASSED] - Statement - Break: null

2018-05-24 19:45:21 - [TEST_STEP][PASSED] - Statement - batchlength = new com.kms.katalon.core.testobject.TestObject(): null

2018-05-24 19:45:21 - [TEST_STEP][PASSED] - Statement - batchlength = com.kms.katalon.core.webui.keyword.WebUiBuiltInKeywords.modifyObjectProperty(batchlength, "xpath", "equals", "//*[@id = "fldvendor" + row + ""]", true): Modify property of object successfully

2018-05-24 19:45:21 - [MESSAGE][PASSED] - Modify property of object successfully

2018-05-24 19:45:21 - [TEST_STEP][PASSED] - Statement - batchsize = com.kms.katalon.core.webui.keyword.WebUiBuiltInKeywords.getNumberOfTotalOption(batchlength): 6 options of object '' counted

2018-05-24 19:45:21 - [MESSAGE][PASSED] - 6 options of object '' counted

2018-05-24 19:45:21 - [TEST_STEP][PASSED] - Statement - out.println("BatchSize : " + batchsize): null

2018-05-24 19:45:21 - [TEST_STEP][PASSED] - Statement - For ([n = 1, n <= batchsize - 1, (n++)]): null

2018-05-24 19:45:21 - [TEST_STEP][PASSED] - Statement - product = new com.kms.katalon.core.testobject.TestObject(): null

2018-05-24 19:45:21 - [TEST_STEP][PASSED] - Statement - product = com.kms.katalon.core.webui.keyword.WebUiBuiltInKeywords.modifyObjectProperty(product, "xpath", "equals", "//*[@id = "fldvendor" + row + ""]", true): Modify property of object successfully

2018-05-24 19:45:21 - [MESSAGE][PASSED] - Modify property of object successfully

2018-05-24 19:45:21 - [TEST_STEP][PASSED] - selectOptionByIndex: All options with index in [1] are selected on object ''

2018-05-24 19:45:22 - [MESSAGE][PASSED] - All options with index in [1] are selected on object ''

2018-05-24 19:45:22 - [TEST_STEP][PASSED] - Statement - batch = new com.kms.katalon.core.testobject.TestObject(): null

2018-05-24 19:45:22 - [TEST_STEP][PASSED] - Statement - batch = com.kms.katalon.core.webui.keyword.WebUiBuiltInKeywords.modifyObjectProperty(batch, "xpath", "equals", "//*[@id = "txtbthqty" + row + ""]", true): Modify property of object successfully

2018-05-24 19:45:22 - [MESSAGE][PASSED] - Modify property of object successfully

2018-05-24 19:45:22 - [TEST_STEP][PASSED] - Statement - batchqty = com.kms.katalon.core.webui.keyword.WebUiBuiltInKeywords.getAttribute(batch, "value").trim(): Attribute 'value' of object '' is: '49300'

2018-05-24 19:45:22 - [MESSAGE][PASSED] - Attribute 'value' of object '' is: '49300'

2018-05-24 19:45:22 - [TEST_STEP][PASSED] - Statement - Rqty = 100: null

2018-05-24 19:45:22 - [TEST_STEP][PASSED] - delay: Delayed 2 second(s)

2018-05-24 19:45:24 - [MESSAGE][PASSED] - Delayed 2 second(s)

2018-05-24 19:45:24 - [TEST_STEP][PASSED] - Statement - out.println("BatchQty : " + batchqty): null

2018-05-24 19:45:24 - [TEST_STEP][PASSED] - Statement - out.println("RQty : " + Rqty): null

2018-05-24 19:45:24 - [TEST_STEP][PASSED] - Statement - If (java.lang.Integer.valueOf(batchqty) >= java.lang.Integer.valueOf(Rqty)): null

2018-05-24 19:45:24 - [TEST_STEP][PASSED] - Statement - Break: null

2018-05-24 19:45:24 - [TEST_STEP][PASSED] - Statement - batchlength = new com.kms.katalon.core.testobject.TestObject(): null

2018-05-24 19:45:24 - [TEST_STEP][PASSED] - Statement - batchlength = com.kms.katalon.core.webui.keyword.WebUiBuiltInKeywords.modifyObjectProperty(batchlength, "xpath", "equals", "//*[@id = "fldvendor" + row + ""]", true): Modify property of object successfully

2018-05-24 19:45:24 - [MESSAGE][PASSED] - Modify property of object successfully

2018-05-24 19:45:24 - [TEST_STEP][PASSED] - Statement - batchsize = com.kms.katalon.core.webui.keyword.WebUiBuiltInKeywords.getNumberOfTotalOption(batchlength): 6 options of object '' counted

2018-05-24 19:45:24 - [MESSAGE][PASSED] - 6 options of object '' counted

2018-05-24 19:45:24 - [TEST_STEP][PASSED] - Statement - out.println("BatchSize : " + batchsize): null

2018-05-24 19:45:24 - [TEST_STEP][PASSED] - Statement - For ([n = 1, n <= batchsize - 1, (n++)]): null

2018-05-24 19:45:24 - [TEST_STEP][PASSED] - Statement - product = new com.kms.katalon.core.testobject.TestObject(): null

2018-05-24 19:45:24 - [TEST_STEP][PASSED] - Statement - product = com.kms.katalon.core.webui.keyword.WebUiBuiltInKeywords.modifyObjectProperty(product, "xpath", "equals", "//*[@id = "fldvendor" + row + ""]", true): Modify property of object successfully

2018-05-24 19:45:24 - [MESSAGE][PASSED] - Modify property of object successfully

2018-05-24 19:45:24 - [TEST_STEP][PASSED] - selectOptionByIndex: All options with index in [1] are selected on object ''

2018-05-24 19:45:24 - [MESSAGE][PASSED] - All options with index in [1] are selected on object ''

2018-05-24 19:45:24 - [TEST_STEP][PASSED] - Statement - batch = new com.kms.katalon.core.testobject.TestObject(): null

2018-05-24 19:45:24 - [TEST_STEP][PASSED] - Statement - batch = com.kms.katalon.core.webui.keyword.WebUiBuiltInKeywords.modifyObjectProperty(batch, "xpath", "equals", "//*[@id = "txtbthqty" + row + ""]", true): Modify property of object successfully

2018-05-24 19:45:24 - [MESSAGE][PASSED] - Modify property of object successfully

2018-05-24 19:45:24 - [TEST_STEP][PASSED] - Statement - batchqty = com.kms.katalon.core.webui.keyword.WebUiBuiltInKeywords.getAttribute(batch, "value").trim(): Attribute 'value' of object '' is: '3400'

2018-05-24 19:45:24 - [MESSAGE][PASSED] - Attribute 'value' of object '' is: '3400'

2018-05-24 19:45:24 - [TEST_STEP][PASSED] - Statement - Rqty = 100: null

2018-05-24 19:45:24 - [TEST_STEP][PASSED] - delay: Delayed 2 second(s)

2018-05-24 19:45:26 - [MESSAGE][PASSED] - Delayed 2 second(s)

2018-05-24 19:45:26 - [TEST_STEP][PASSED] - Statement - out.println("BatchQty : " + batchqty): null

2018-05-24 19:45:26 - [TEST_STEP][PASSED] - Statement - out.println("RQty : " + Rqty): null

2018-05-24 19:45:26 - [TEST_STEP][PASSED] - Statement - If (java.lang.Integer.valueOf(batchqty) >= java.lang.Integer.valueOf(Rqty)): null

2018-05-24 19:45:26 - [TEST_STEP][PASSED] - Statement - Break: null

2018-05-24 19:45:26 - [TEST_STEP][PASSED] - Statement - batchlength = new com.kms.katalon.core.testobject.TestObject(): null

2018-05-24 19:45:26 - [TEST_STEP][PASSED] - Statement - batchlength = com.kms.katalon.core.webui.keyword.WebUiBuiltInKeywords.modifyObjectProperty(batchlength, "xpath", "equals", "//*[@id = "fldvendor" + row + ""]", true): Modify property of object successfully

2018-05-24 19:45:26 - [MESSAGE][PASSED] - Modify property of object successfully

2018-05-24 19:45:26 - [TEST_STEP][PASSED] - Statement - batchsize = com.kms.katalon.core.webui.keyword.WebUiBuiltInKeywords.getNumberOfTotalOption(batchlength): 6 options of object '' counted

2018-05-24 19:45:26 - [MESSAGE][PASSED] - 6 options of object '' counted

2018-05-24 19:45:26 - [TEST_STEP][PASSED] - Statement - out.println("BatchSize : " + batchsize): null

2018-05-24 19:45:26 - [TEST_STEP][PASSED] - Statement - For ([n = 1, n <= batchsize - 1, (n++)]): null

2018-05-24 19:45:26 - [TEST_STEP][PASSED] - Statement - product = new com.kms.katalon.core.testobject.TestObject(): null

2018-05-24 19:45:26 - [TEST_STEP][PASSED] - Statement - product = com.kms.katalon.core.webui.keyword.WebUiBuiltInKeywords.modifyObjectProperty(product, "xpath", "equals", "//*[@id = "fldvendor" + row + ""]", true): Modify property of object successfully

2018-05-24 19:45:26 - [MESSAGE][PASSED] - Modify property of object successfully

2018-05-24 19:45:26 - [TEST_STEP][PASSED] - selectOptionByIndex: All options with index in [1] are selected on object ''

2018-05-24 19:45:26 - [MESSAGE][PASSED] - All options with index in [1] are selected on object ''

2018-05-24 19:45:26 - [TEST_STEP][PASSED] - Statement - batch = new com.kms.katalon.core.testobject.TestObject(): null

2018-05-24 19:45:26 - [TEST_STEP][PASSED] - Statement - batch = com.kms.katalon.core.webui.keyword.WebUiBuiltInKeywords.modifyObjectProperty(batch, "xpath", "equals", "//*[@id = "txtbthqty" + row + ""]", true): Modify property of object successfully

2018-05-24 19:45:26 - [MESSAGE][PASSED] - Modify property of object successfully

2018-05-24 19:45:26 - [TEST_STEP][PASSED] - Statement - batchqty = com.kms.katalon.core.webui.keyword.WebUiBuiltInKeywords.getAttribute(batch, "value").trim(): Attribute 'value' of object '' is: '3400'

2018-05-24 19:45:26 - [MESSAGE][PASSED] - Attribute 'value' of object '' is: '3400'

2018-05-24 19:45:26 - [TEST_STEP][PASSED] - Statement - Rqty = 100: null

2018-05-24 19:45:26 - [TEST_STEP][PASSED] - delay: Delayed 2 second(s)

2018-05-24 19:45:28 - [MESSAGE][PASSED] - Delayed 2 second(s)

2018-05-24 19:45:28 - [TEST_STEP][PASSED] - Statement - out.println("BatchQty : " + batchqty): null

2018-05-24 19:45:28 - [TEST_STEP][PASSED] - Statement - out.println("RQty : " + Rqty): null

2018-05-24 19:45:28 - [TEST_STEP][PASSED] - Statement - If (java.lang.Integer.valueOf(batchqty) >= java.lang.Integer.valueOf(Rqty)): null

2018-05-24 19:45:28 - [TEST_STEP][PASSED] - Statement - Break: null

2018-05-24 19:45:28 - [TEST_STEP][PASSED] - Statement - batchlength = new com.kms.katalon.core.testobject.TestObject(): null

2018-05-24 19:45:28 - [TEST_STEP][PASSED] - Statement - batchlength = com.kms.katalon.core.webui.keyword.WebUiBuiltInKeywords.modifyObjectProperty(batchlength, "xpath", "equals", "//*[@id = "fldvendor" + row + ""]", true): Modify property of object successfully

2018-05-24 19:45:28 - [MESSAGE][PASSED] - Modify property of object successfully

2018-05-24 19:45:28 - [TEST_STEP][PASSED] - Statement - batchsize = com.kms.katalon.core.webui.keyword.WebUiBuiltInKeywords.getNumberOfTotalOption(batchlength): 6 options of object '' counted

2018-05-24 19:45:28 - [MESSAGE][PASSED] - 6 options of object '' counted

2018-05-24 19:45:28 - [TEST_STEP][PASSED] - Statement - out.println("BatchSize : " + batchsize): null

2018-05-24 19:45:28 - [TEST_STEP][PASSED] - Statement - For ([n = 1, n <= batchsize - 1, (n++)]): null

2018-05-24 19:45:28 - [TEST_STEP][PASSED] - Statement - product = new com.kms.katalon.core.testobject.TestObject(): null

2018-05-24 19:45:28 - [TEST_STEP][PASSED] - Statement - product = com.kms.katalon.core.webui.keyword.WebUiBuiltInKeywords.modifyObjectProperty(product, "xpath", "equals", "//*[@id = "fldvendor" + row + ""]", true): Modify property of object successfully

2018-05-24 19:45:28 - [MESSAGE][PASSED] - Modify property of object successfully

2018-05-24 19:45:28 - [TEST_STEP][PASSED] - selectOptionByIndex: All options with index in [1] are selected on object ''

2018-05-24 19:45:28 - [MESSAGE][PASSED] - All options with index in [1] are selected on object ''

2018-05-24 19:45:28 - [TEST_STEP][PASSED] - Statement - batch = new com.kms.katalon.core.testobject.TestObject(): null

2018-05-24 19:45:28 - [TEST_STEP][PASSED] - Statement - batch = com.kms.katalon.core.webui.keyword.WebUiBuiltInKeywords.modifyObjectProperty(batch, "xpath", "equals", "//*[@id = "txtbthqty" + row + ""]", true): Modify property of object successfully

2018-05-24 19:45:28 - [MESSAGE][PASSED] - Modify property of object successfully

2018-05-24 19:45:28 - [TEST_STEP][PASSED] - Statement - batchqty = com.kms.katalon.core.webui.keyword.WebUiBuiltInKeywords.getAttribute(batch, "value").trim(): Attribute 'value' of object '' is: '49300'

2018-05-24 19:45:28 - [MESSAGE][PASSED] - Attribute 'value' of object '' is: '49300'

2018-05-24 19:45:28 - [TEST_STEP][PASSED] - Statement - Rqty = 100: null

2018-05-24 19:45:28 - [TEST_STEP][PASSED] - delay: Delayed 2 second(s)

2018-05-24 19:45:30 - [MESSAGE][PASSED] - Delayed 2 second(s)

2018-05-24 19:45:30 - [TEST_STEP][PASSED] - Statement - out.println("BatchQty : " + batchqty): null

2018-05-24 19:45:30 - [TEST_STEP][PASSED] - Statement - out.println("RQty : " + Rqty): null

2018-05-24 19:45:30 - [TEST_STEP][PASSED] - Statement - If (java.lang.Integer.valueOf(batchqty) >= java.lang.Integer.valueOf(Rqty)): null

2018-05-24 19:45:30 - [TEST_STEP][PASSED] - Statement - Break: null

2018-05-24 19:45:30 - [TEST_STEP][PASSED] - Statement - batchlength = new com.kms.katalon.core.testobject.TestObject(): null

2018-05-24 19:45:30 - [TEST_STEP][PASSED] - Statement - batchlength = com.kms.katalon.core.webui.keyword.WebUiBuiltInKeywords.modifyObjectProperty(batchlength, "xpath", "equals", "//*[@id = "fldvendor" + row + ""]", true): Modify property of object successfully

2018-05-24 19:45:30 - [MESSAGE][PASSED] - Modify property of object successfully

2018-05-24 19:45:30 - [TEST_STEP][PASSED] - Statement - batchsize = com.kms.katalon.core.webui.keyword.WebUiBuiltInKeywords.getNumberOfTotalOption(batchlength): 6 options of object '' counted

2018-05-24 19:45:30 - [MESSAGE][PASSED] - 6 options of object '' counted

2018-05-24 19:45:30 - [TEST_STEP][PASSED] - Statement - out.println("BatchSize : " + batchsize): null

2018-05-24 19:45:30 - [TEST_STEP][PASSED] - Statement - For ([n = 1, n <= batchsize - 1, (n++)]): null

2018-05-24 19:45:30 - [TEST_STEP][PASSED] - Statement - product = new com.kms.katalon.core.testobject.TestObject(): null

2018-05-24 19:45:30 - [TEST_STEP][PASSED] - Statement - product = com.kms.katalon.core.webui.keyword.WebUiBuiltInKeywords.modifyObjectProperty(product, "xpath", "equals", "//*[@id = "fldvendor" + row + ""]", true): Modify property of object successfully

2018-05-24 19:45:30 - [MESSAGE][PASSED] - Modify property of object successfully

2018-05-24 19:45:30 - [TEST_STEP][PASSED] - selectOptionByIndex: All options with index in [1] are selected on object ''

2018-05-24 19:45:31 - [MESSAGE][PASSED] - All options with index in [1] are selected on object ''

2018-05-24 19:45:31 - [TEST_STEP][PASSED] - Statement - batch = new com.kms.katalon.core.testobject.TestObject(): null

2018-05-24 19:45:31 - [TEST_STEP][PASSED] - Statement - batch = com.kms.katalon.core.webui.keyword.WebUiBuiltInKeywords.modifyObjectProperty(batch, "xpath", "equals", "//*[@id = "txtbthqty" + row + ""]", true): Modify property of object successfully

2018-05-24 19:45:31 - [MESSAGE][PASSED] - Modify property of object successfully

2018-05-24 19:45:31 - [TEST_STEP][PASSED] - Statement - batchqty = com.kms.katalon.core.webui.keyword.WebUiBuiltInKeywords.getAttribute(batch, "value").trim(): Attribute 'value' of object '' is: '49300'

2018-05-24 19:45:31 - [MESSAGE][PASSED] - Attribute 'value' of object '' is: '49300'

2018-05-24 19:45:31 - [TEST_STEP][PASSED] - Statement - Rqty = 100: null

2018-05-24 19:45:31 - [TEST_STEP][PASSED] - delay: Delayed 2 second(s)

2018-05-24 19:45:33 - [MESSAGE][PASSED] - Delayed 2 second(s)

2018-05-24 19:45:33 - [TEST_STEP][PASSED] - Statement - out.println("BatchQty : " + batchqty): null

2018-05-24 19:45:33 - [TEST_STEP][PASSED] - Statement - out.println("RQty : " + Rqty): null

2018-05-24 19:45:33 - [TEST_STEP][PASSED] - Statement - If (java.lang.Integer.valueOf(batchqty) >= java.lang.Integer.valueOf(Rqty)): null

2018-05-24 19:45:33 - [TEST_STEP][PASSED] - Statement - Break: null

2018-05-24 19:45:33 - [TEST_STEP][PASSED] - Statement - batchlength = new com.kms.katalon.core.testobject.TestObject(): null

2018-05-24 19:45:33 - [TEST_STEP][PASSED] - Statement - batchlength = com.kms.katalon.core.webui.keyword.WebUiBuiltInKeywords.modifyObjectProperty(batchlength, "xpath", "equals", "//*[@id = "fldvendor" + row + ""]", true): Modify property of object successfully

2018-05-24 19:45:33 - [MESSAGE][PASSED] - Modify property of object successfully

2018-05-24 19:45:33 - [TEST_STEP][PASSED] - Statement - batchsize = com.kms.katalon.core.webui.keyword.WebUiBuiltInKeywords.getNumberOfTotalOption(batchlength): 6 options of object '' counted

2018-05-24 19:45:33 - [MESSAGE][PASSED] - 6 options of object '' counted

2018-05-24 19:45:33 - [TEST_STEP][PASSED] - Statement - out.println("BatchSize : " + batchsize): null

2018-05-24 19:45:33 - [TEST_STEP][PASSED] - Statement - For ([n = 1, n <= batchsize - 1, (n++)]): null

2018-05-24 19:45:33 - [TEST_STEP][PASSED] - Statement - product = new com.kms.katalon.core.testobject.TestObject(): null

2018-05-24 19:45:33 - [TEST_STEP][PASSED] - Statement - product = com.kms.katalon.core.webui.keyword.WebUiBuiltInKeywords.modifyObjectProperty(product, "xpath", "equals", "//*[@id = "fldvendor" + row + ""]", true): Modify property of object successfully

2018-05-24 19:45:33 - [MESSAGE][PASSED] - Modify property of object successfully

2018-05-24 19:45:33 - [TEST_STEP][PASSED] - selectOptionByIndex: All options with index in [1] are selected on object ''

2018-05-24 19:45:33 - [MESSAGE][PASSED] - All options with index in [1] are selected on object ''

2018-05-24 19:45:33 - [TEST_STEP][PASSED] - Statement - batch = new com.kms.katalon.core.testobject.TestObject(): null

2018-05-24 19:45:33 - [TEST_STEP][PASSED] - Statement - batch = com.kms.katalon.core.webui.keyword.WebUiBuiltInKeywords.modifyObjectProperty(batch, "xpath", "equals", "//*[@id = "txtbthqty" + row + ""]", true): Modify property of object successfully

2018-05-24 19:45:33 - [MESSAGE][PASSED] - Modify property of object successfully

2018-05-24 19:45:33 - [TEST_STEP][PASSED] - Statement - batchqty = com.kms.katalon.core.webui.keyword.WebUiBuiltInKeywords.getAttribute(batch, "value").trim(): Attribute 'value' of object '' is: '4400'

2018-05-24 19:45:33 - [MESSAGE][PASSED] - Attribute 'value' of object '' is: '4400'

2018-05-24 19:45:33 - [TEST_STEP][PASSED] - Statement - Rqty = 100: null

2018-05-24 19:45:33 - [TEST_STEP][PASSED] - delay: Delayed 2 second(s)

2018-05-24 19:45:35 - [MESSAGE][PASSED] - Delayed 2 second(s)

2018-05-24 19:45:35 - [TEST_STEP][PASSED] - Statement - out.println("BatchQty : " + batchqty): null

2018-05-24 19:45:35 - [TEST_STEP][PASSED] - Statement - out.println("RQty : " + Rqty): null

2018-05-24 19:45:35 - [TEST_STEP][PASSED] - Statement - If (java.lang.Integer.valueOf(batchqty) >= java.lang.Integer.valueOf(Rqty)): null

2018-05-24 19:45:35 - [TEST_STEP][PASSED] - Statement - Break: null

2018-05-24 19:45:35 - [TEST_STEP][PASSED] - Statement - batchlength = new com.kms.katalon.core.testobject.TestObject(): null

2018-05-24 19:45:35 - [TEST_STEP][PASSED] - Statement - batchlength = com.kms.katalon.core.webui.keyword.WebUiBuiltInKeywords.modifyObjectProperty(batchlength, "xpath", "equals", "//*[@id = "fldvendor" + row + ""]", true): Modify property of object successfully

2018-05-24 19:45:35 - [MESSAGE][PASSED] - Modify property of object successfully

2018-05-24 19:45:35 - [TEST_STEP][PASSED] - Statement - batchsize = com.kms.katalon.core.webui.keyword.WebUiBuiltInKeywords.getNumberOfTotalOption(batchlength): 6 options of object '' counted

2018-05-24 19:45:35 - [MESSAGE][PASSED] - 6 options of object '' counted

2018-05-24 19:45:35 - [TEST_STEP][PASSED] - Statement - out.println("BatchSize : " + batchsize): null

2018-05-24 19:45:35 - [TEST_STEP][PASSED] - Statement - For ([n = 1, n <= batchsize - 1, (n++)]): null

2018-05-24 19:45:35 - [TEST_STEP][PASSED] - Statement - product = new com.kms.katalon.core.testobject.TestObject(): null

2018-05-24 19:45:35 - [TEST_STEP][PASSED] - Statement - product = com.kms.katalon.core.webui.keyword.WebUiBuiltInKeywords.modifyObjectProperty(product, "xpath", "equals", "//*[@id = "fldvendor" + row + ""]", true): Modify property of object successfully

2018-05-24 19:45:35 - [MESSAGE][PASSED] - Modify property of object successfully

2018-05-24 19:45:35 - [TEST_STEP][PASSED] - selectOptionByIndex: All options with index in [1] are selected on object ''

2018-05-24 19:45:35 - [MESSAGE][PASSED] - All options with index in [1] are selected on object ''

2018-05-24 19:45:35 - [TEST_STEP][PASSED] - Statement - batch = new com.kms.katalon.core.testobject.TestObject(): null

2018-05-24 19:45:35 - [TEST_STEP][PASSED] - Statement - batch = com.kms.katalon.core.webui.keyword.WebUiBuiltInKeywords.modifyObjectProperty(batch, "xpath", "equals", "//*[@id = "txtbthqty" + row + ""]", true): Modify property of object successfully

2018-05-24 19:45:35 - [MESSAGE][PASSED] - Modify property of object successfully

2018-05-24 19:45:35 - [TEST_STEP][PASSED] - Statement - batchqty = com.kms.katalon.core.webui.keyword.WebUiBuiltInKeywords.getAttribute(batch, "value").trim(): Attribute 'value' of object '' is: '49300'

2018-05-24 19:45:35 - [MESSAGE][PASSED] - Attribute 'value' of object '' is: '49300'

2018-05-24 19:45:35 - [TEST_STEP][PASSED] - Statement - Rqty = 100: null

2018-05-24 19:45:35 - [TEST_STEP][PASSED] - delay: Delayed 2 second(s)

2018-05-24 19:45:37 - [MESSAGE][PASSED] - Delayed 2 second(s)

2018-05-24 19:45:37 - [TEST_STEP][PASSED] - Statement - out.println("BatchQty : " + batchqty): null

2018-05-24 19:45:37 - [TEST_STEP][PASSED] - Statement - out.println("RQty : " + Rqty): null

2018-05-24 19:45:37 - [TEST_STEP][PASSED] - Statement - If (java.lang.Integer.valueOf(batchqty) >= java.lang.Integer.valueOf(Rqty)): null

2018-05-24 19:45:37 - [TEST_STEP][PASSED] - Statement - Break: null

2018-05-24 19:45:37 - [TEST_STEP][PASSED] - Statement - batchlength = new com.kms.katalon.core.testobject.TestObject(): null

2018-05-24 19:45:37 - [TEST_STEP][PASSED] - Statement - batchlength = com.kms.katalon.core.webui.keyword.WebUiBuiltInKeywords.modifyObjectProperty(batchlength, "xpath", "equals", "//*[@id = "fldvendor" + row + ""]", true): Modify property of object successfully

2018-05-24 19:45:37 - [MESSAGE][PASSED] - Modify property of object successfully

2018-05-24 19:45:37 - [TEST_STEP][PASSED] - Statement - batchsize = com.kms.katalon.core.webui.keyword.WebUiBuiltInKeywords.getNumberOfTotalOption(batchlength): 6 options of object '' counted

2018-05-24 19:45:37 - [MESSAGE][PASSED] - 6 options of object '' counted

2018-05-24 19:45:37 - [TEST_STEP][PASSED] - Statement - out.println("BatchSize : " + batchsize): null

2018-05-24 19:45:37 - [TEST_STEP][PASSED] - Statement - For ([n = 1, n <= batchsize - 1, (n++)]): null

2018-05-24 19:45:37 - [TEST_STEP][PASSED] - Statement - product = new com.kms.katalon.core.testobject.TestObject(): null

2018-05-24 19:45:37 - [TEST_STEP][PASSED] - Statement - product = com.kms.katalon.core.webui.keyword.WebUiBuiltInKeywords.modifyObjectProperty(product, "xpath", "equals", "//*[@id = "fldvendor" + row + ""]", true): Modify property of object successfully

2018-05-24 19:45:37 - [MESSAGE][PASSED] - Modify property of object successfully

2018-05-24 19:45:37 - [TEST_STEP][PASSED] - selectOptionByIndex: All options with index in [1] are selected on object ''

2018-05-24 19:45:37 - [MESSAGE][PASSED] - All options with index in [1] are selected on object ''

2018-05-24 19:45:37 - [TEST_STEP][PASSED] - Statement - batch = new com.kms.katalon.core.testobject.TestObject(): null

2018-05-24 19:45:37 - [TEST_STEP][PASSED] - Statement - batch = com.kms.katalon.core.webui.keyword.WebUiBuiltInKeywords.modifyObjectProperty(batch, "xpath", "equals", "//*[@id = "txtbthqty" + row + ""]", true): Modify property of object successfully

2018-05-24 19:45:37 - [MESSAGE][PASSED] - Modify property of object successfully

2018-05-24 19:45:37 - [TEST_STEP][PASSED] - Statement - batchqty = com.kms.katalon.core.webui.keyword.WebUiBuiltInKeywords.getAttribute(batch, "value").trim(): Attribute 'value' of object '' is: '4400'

2018-05-24 19:45:37 - [MESSAGE][PASSED] - Attribute 'value' of object '' is: '4400'

2018-05-24 19:45:37 - [TEST_STEP][PASSED] - Statement - Rqty = 100: null

2018-05-24 19:45:37 - [TEST_STEP][PASSED] - delay: Delayed 2 second(s)

2018-05-24 19:45:39 - [MESSAGE][PASSED] - Delayed 2 second(s)

2018-05-24 19:45:39 - [TEST_STEP][PASSED] - Statement - out.println("BatchQty : " + batchqty): null

2018-05-24 19:45:39 - [TEST_STEP][PASSED] - Statement - out.println("RQty : " + Rqty): null

2018-05-24 19:45:39 - [TEST_STEP][PASSED] - Statement - If (java.lang.Integer.valueOf(batchqty) >= java.lang.Integer.valueOf(Rqty)): null

2018-05-24 19:45:39 - [TEST_STEP][PASSED] - Statement - Break: null

2018-05-24 19:45:39 - [TEST_STEP][PASSED] - Statement - batchlength = new com.kms.katalon.core.testobject.TestObject(): null

2018-05-24 19:45:39 - [TEST_STEP][PASSED] - Statement - batchlength = com.kms.katalon.core.webui.keyword.WebUiBuiltInKeywords.modifyObjectProperty(batchlength, "xpath", "equals", "//*[@id = "fldvendor" + row + ""]", true): Modify property of object successfully

2018-05-24 19:45:39 - [MESSAGE][PASSED] - Modify property of object successfully

2018-05-24 19:45:39 - [TEST_STEP][PASSED] - Statement - batchsize = com.kms.katalon.core.webui.keyword.WebUiBuiltInKeywords.getNumberOfTotalOption(batchlength): 6 options of object '' counted

2018-05-24 19:45:40 - [MESSAGE][PASSED] - 6 options of object '' counted

2018-05-24 19:45:40 - [TEST_STEP][PASSED] - Statement - out.println("BatchSize : " + batchsize): null

2018-05-24 19:45:40 - [TEST_STEP][PASSED] - Statement - For ([n = 1, n <= batchsize - 1, (n++)]): null

2018-05-24 19:45:40 - [TEST_STEP][PASSED] - Statement - product = new com.kms.katalon.core.testobject.TestObject(): null

2018-05-24 19:45:40 - [TEST_STEP][PASSED] - Statement - product = com.kms.katalon.core.webui.keyword.WebUiBuiltInKeywords.modifyObjectProperty(product, "xpath", "equals", "//*[@id = "fldvendor" + row + ""]", true): Modify property of object successfully

2018-05-24 19:45:40 - [MESSAGE][PASSED] - Modify property of object successfully

2018-05-24 19:45:40 - [TEST_STEP][PASSED] - selectOptionByIndex: All options with index in [1] are selected on object ''

2018-05-24 19:45:40 - [MESSAGE][PASSED] - All options with index in [1] are selected on object ''

2018-05-24 19:45:40 - [TEST_STEP][PASSED] - Statement - batch = new com.kms.katalon.core.testobject.TestObject(): null

2018-05-24 19:45:40 - [TEST_STEP][PASSED] - Statement - batch = com.kms.katalon.core.webui.keyword.WebUiBuiltInKeywords.modifyObjectProperty(batch, "xpath", "equals", "//*[@id = "txtbthqty" + row + ""]", true): Modify property of object successfully

2018-05-24 19:45:40 - [MESSAGE][PASSED] - Modify property of object successfully

2018-05-24 19:45:40 - [TEST_STEP][PASSED] - Statement - batchqty = com.kms.katalon.core.webui.keyword.WebUiBuiltInKeywords.getAttribute(batch, "value").trim(): Attribute 'value' of object '' is: '4400'

2018-05-24 19:45:40 - [MESSAGE][PASSED] - Attribute 'value' of object '' is: '4400'

2018-05-24 19:45:40 - [TEST_STEP][PASSED] - Statement - Rqty = 100: null

2018-05-24 19:45:40 - [TEST_STEP][PASSED] - delay: Delayed 2 second(s)

2018-05-24 19:45:42 - [MESSAGE][PASSED] - Delayed 2 second(s)

2018-05-24 19:45:42 - [TEST_STEP][PASSED] - Statement - out.println("BatchQty : " + batchqty): null

2018-05-24 19:45:42 - [TEST_STEP][PASSED] - Statement - out.println("RQty : " + Rqty): null

2018-05-24 19:45:42 - [TEST_STEP][PASSED] - Statement - If (java.lang.Integer.valueOf(batchqty) >= java.lang.Integer.valueOf(Rqty)): null

2018-05-24 19:45:42 - [TEST_STEP][PASSED] - Statement - Break: null

2018-05-24 19:45:42 - [TEST_STEP][PASSED] - Statement - batchlength = new com.kms.katalon.core.testobject.TestObject(): null

2018-05-24 19:45:42 - [TEST_STEP][PASSED] - Statement - batchlength = com.kms.katalon.core.webui.keyword.WebUiBuiltInKeywords.modifyObjectProperty(batchlength, "xpath", "equals", "//*[@id = "fldvendor" + row + ""]", true): Modify property of object successfully

2018-05-24 19:45:42 - [MESSAGE][PASSED] - Modify property of object successfully

2018-05-24 19:45:42 - [TEST_STEP][PASSED] - Statement - batchsize = com.kms.katalon.core.webui.keyword.WebUiBuiltInKeywords.getNumberOfTotalOption(batchlength): 6 options of object '' counted

2018-05-24 19:45:42 - [MESSAGE][PASSED] - 6 options of object '' counted

2018-05-24 19:45:42 - [TEST_STEP][PASSED] - Statement - out.println("BatchSize : " + batchsize): null

2018-05-24 19:45:42 - [TEST_STEP][PASSED] - Statement - For ([n = 1, n <= batchsize - 1, (n++)]): null

2018-05-24 19:45:42 - [TEST_STEP][PASSED] - Statement - product = new com.kms.katalon.core.testobject.TestObject(): null

2018-05-24 19:45:42 - [TEST_STEP][PASSED] - Statement - product = com.kms.katalon.core.webui.keyword.WebUiBuiltInKeywords.modifyObjectProperty(product, "xpath", "equals", "//*[@id = "fldvendor" + row + ""]", true): Modify property of object successfully

2018-05-24 19:45:42 - [MESSAGE][PASSED] - Modify property of object successfully

2018-05-24 19:45:42 - [TEST_STEP][PASSED] - selectOptionByIndex: All options with index in [1] are selected on object ''

2018-05-24 19:45:42 - [MESSAGE][PASSED] - All options with index in [1] are selected on object ''

2018-05-24 19:45:42 - [TEST_STEP][PASSED] - Statement - batch = new com.kms.katalon.core.testobject.TestObject(): null

2018-05-24 19:45:42 - [TEST_STEP][PASSED] - Statement - batch = com.kms.katalon.core.webui.keyword.WebUiBuiltInKeywords.modifyObjectProperty(batch, "xpath", "equals", "//*[@id = "txtbthqty" + row + ""]", true): Modify property of object successfully

2018-05-24 19:45:42 - [MESSAGE][PASSED] - Modify property of object successfully

2018-05-24 19:45:42 - [TEST_STEP][PASSED] - Statement - batchqty = com.kms.katalon.core.webui.keyword.WebUiBuiltInKeywords.getAttribute(batch, "value").trim(): Attribute 'value' of object '' is: '3400'

2018-05-24 19:45:42 - [MESSAGE][PASSED] - Attribute 'value' of object '' is: '3400'

2018-05-24 19:45:42 - [TEST_STEP][PASSED] - Statement - Rqty = 100: null

2018-05-24 19:45:42 - [TEST_STEP][PASSED] - delay: Delayed 2 second(s)

2018-05-24 19:45:44 - [MESSAGE][PASSED] - Delayed 2 second(s)

2018-05-24 19:45:44 - [TEST_STEP][PASSED] - Statement - out.println("BatchQty : " + batchqty): null

2018-05-24 19:45:44 - [TEST_STEP][PASSED] - Statement - out.println("RQty : " + Rqty): null

2018-05-24 19:45:44 - [TEST_STEP][PASSED] - Statement - If (java.lang.Integer.valueOf(batchqty) >= java.lang.Integer.valueOf(Rqty)): null

2018-05-24 19:45:44 - [TEST_STEP][PASSED] - Statement - Break: null

2018-05-24 19:45:44 - [TEST_STEP][PASSED] - Statement - batchlength = new com.kms.katalon.core.testobject.TestObject(): null

2018-05-24 19:45:44 - [TEST_STEP][PASSED] - Statement - batchlength = com.kms.katalon.core.webui.keyword.WebUiBuiltInKeywords.modifyObjectProperty(batchlength, "xpath", "equals", "//*[@id = "fldvendor" + row + ""]", true): Modify property of object successfully

2018-05-24 19:45:44 - [MESSAGE][PASSED] - Modify property of object successfully

2018-05-24 19:45:44 - [TEST_STEP][PASSED] - Statement - batchsize = com.kms.katalon.core.webui.keyword.WebUiBuiltInKeywords.getNumberOfTotalOption(batchlength): 6 options of object '' counted

2018-05-24 19:45:44 - [MESSAGE][PASSED] - 6 options of object '' counted

2018-05-24 19:45:44 - [TEST_STEP][PASSED] - Statement - out.println("BatchSize : " + batchsize): null

2018-05-24 19:45:44 - [TEST_STEP][PASSED] - Statement - For ([n = 1, n <= batchsize - 1, (n++)]): null

2018-05-24 19:45:44 - [TEST_STEP][PASSED] - Statement - product = new com.kms.katalon.core.testobject.TestObject(): null

2018-05-24 19:45:44 - [TEST_STEP][PASSED] - Statement - product = com.kms.katalon.core.webui.keyword.WebUiBuiltInKeywords.modifyObjectProperty(product, "xpath", "equals", "//*[@id = "fldvendor" + row + ""]", true): Modify property of object successfully

2018-05-24 19:45:44 - [MESSAGE][PASSED] - Modify property of object successfully

2018-05-24 19:45:44 - [TEST_STEP][PASSED] - selectOptionByIndex: All options with index in [1] are selected on object ''

2018-05-24 19:45:44 - [MESSAGE][PASSED] - All options with index in [1] are selected on object ''

2018-05-24 19:45:44 - [TEST_STEP][PASSED] - Statement - batch = new com.kms.katalon.core.testobject.TestObject(): null

2018-05-24 19:45:44 - [TEST_STEP][PASSED] - Statement - batch = com.kms.katalon.core.webui.keyword.WebUiBuiltInKeywords.modifyObjectProperty(batch, "xpath", "equals", "//*[@id = "txtbthqty" + row + ""]", true): Modify property of object successfully

2018-05-24 19:45:44 - [MESSAGE][PASSED] - Modify property of object successfully

2018-05-24 19:45:44 - [TEST_STEP][PASSED] - Statement - batchqty = com.kms.katalon.core.webui.keyword.WebUiBuiltInKeywords.getAttribute(batch, "value").trim(): Attribute 'value' of object '' is: '4400'

2018-05-24 19:45:44 - [MESSAGE][PASSED] - Attribute 'value' of object '' is: '4400'

2018-05-24 19:45:44 - [TEST_STEP][PASSED] - Statement - Rqty = 100: null

2018-05-24 19:45:44 - [TEST_STEP][PASSED] - delay: Delayed 2 second(s)

2018-05-24 19:45:46 - [MESSAGE][PASSED] - Delayed 2 second(s)

2018-05-24 19:45:46 - [TEST_STEP][PASSED] - Statement - out.println("BatchQty : " + batchqty): null

2018-05-24 19:45:46 - [TEST_STEP][PASSED] - Statement - out.println("RQty : " + Rqty): null

2018-05-24 19:45:46 - [TEST_STEP][PASSED] - Statement - If (java.lang.Integer.valueOf(batchqty) >= java.lang.Integer.valueOf(Rqty)): null

2018-05-24 19:45:46 - [TEST_STEP][PASSED] - Statement - Break: null

2018-05-24 19:45:46 - [TEST_STEP][PASSED] - Statement - batchlength = new com.kms.katalon.core.testobject.TestObject(): null

2018-05-24 19:45:46 - [TEST_STEP][PASSED] - Statement - batchlength = com.kms.katalon.core.webui.keyword.WebUiBuiltInKeywords.modifyObjectProperty(batchlength, "xpath", "equals", "//*[@id = "fldvendor" + row + ""]", true): Modify property of object successfully

2018-05-24 19:45:46 - [MESSAGE][PASSED] - Modify property of object successfully

2018-05-24 19:45:46 - [TEST_STEP][PASSED] - Statement - batchsize = com.kms.katalon.core.webui.keyword.WebUiBuiltInKeywords.getNumberOfTotalOption(batchlength): 6 options of object '' counted

2018-05-24 19:45:46 - [MESSAGE][PASSED] - 6 options of object '' counted

2018-05-24 19:45:46 - [TEST_STEP][PASSED] - Statement - out.println("BatchSize : " + batchsize): null

2018-05-24 19:45:46 - [TEST_STEP][PASSED] - Statement - For ([n = 1, n <= batchsize - 1, (n++)]): null

2018-05-24 19:45:46 - [TEST_STEP][PASSED] - Statement - product = new com.kms.katalon.core.testobject.TestObject(): null

2018-05-24 19:45:46 - [TEST_STEP][PASSED] - Statement - product = com.kms.katalon.core.webui.keyword.WebUiBuiltInKeywords.modifyObjectProperty(product, "xpath", "equals", "//*[@id = "fldvendor" + row + ""]", true): Modify property of object successfully

2018-05-24 19:45:46 - [MESSAGE][PASSED] - Modify property of object successfully

2018-05-24 19:45:46 - [TEST_STEP][PASSED] - selectOptionByIndex: All options with index in [1] are selected on object ''

2018-05-24 19:45:46 - [MESSAGE][PASSED] - All options with index in [1] are selected on object ''

2018-05-24 19:45:46 - [TEST_STEP][PASSED] - Statement - batch = new com.kms.katalon.core.testobject.TestObject(): null

2018-05-24 19:45:46 - [TEST_STEP][PASSED] - Statement - batch = com.kms.katalon.core.webui.keyword.WebUiBuiltInKeywords.modifyObjectProperty(batch, "xpath", "equals", "//*[@id = "txtbthqty" + row + ""]", true): Modify property of object successfully

2018-05-24 19:45:46 - [MESSAGE][PASSED] - Modify property of object successfully

2018-05-24 19:45:46 - [TEST_STEP][PASSED] - Statement - batchqty = com.kms.katalon.core.webui.keyword.WebUiBuiltInKeywords.getAttribute(batch, "value").trim(): Attribute 'value' of object '' is: '4400'

2018-05-24 19:45:47 - [MESSAGE][PASSED] - Attribute 'value' of object '' is: '4400'

2018-05-24 19:45:47 - [TEST_STEP][PASSED] - Statement - Rqty = 100: null

2018-05-24 19:45:47 - [TEST_STEP][PASSED] - delay: Delayed 2 second(s)

2018-05-24 19:45:49 - [MESSAGE][PASSED] - Delayed 2 second(s)

2018-05-24 19:45:49 - [TEST_STEP][PASSED] - Statement - out.println("BatchQty : " + batchqty): null

2018-05-24 19:45:49 - [TEST_STEP][PASSED] - Statement - out.println("RQty : " + Rqty): null

2018-05-24 19:45:49 - [TEST_STEP][PASSED] - Statement - If (java.lang.Integer.valueOf(batchqty) >= java.lang.Integer.valueOf(Rqty)): null

2018-05-24 19:45:49 - [TEST_STEP][PASSED] - Statement - Break: null

2018-05-24 19:45:49 - [TEST_STEP][PASSED] - Statement - batchlength = new com.kms.katalon.core.testobject.TestObject(): null

2018-05-24 19:45:49 - [TEST_STEP][PASSED] - Statement - batchlength = com.kms.katalon.core.webui.keyword.WebUiBuiltInKeywords.modifyObjectProperty(batchlength, "xpath", "equals", "//*[@id = "fldvendor" + row + ""]", true): Modify property of object successfully

2018-05-24 19:45:49 - [MESSAGE][PASSED] - Modify property of object successfully

2018-05-24 19:45:49 - [TEST_STEP][PASSED] - Statement - batchsize = com.kms.katalon.core.webui.keyword.WebUiBuiltInKeywords.getNumberOfTotalOption(batchlength): 5 options of object '' counted

2018-05-24 19:45:49 - [MESSAGE][PASSED] - 5 options of object '' counted

2018-05-24 19:45:49 - [TEST_STEP][PASSED] - Statement - out.println("BatchSize : " + batchsize): null

2018-05-24 19:45:49 - [TEST_STEP][PASSED] - Statement - For ([n = 1, n <= batchsize - 1, (n++)]): null

2018-05-24 19:45:49 - [TEST_STEP][PASSED] - Statement - product = new com.kms.katalon.core.testobject.TestObject(): null

2018-05-24 19:45:49 - [TEST_STEP][PASSED] - Statement - product = com.kms.katalon.core.webui.keyword.WebUiBuiltInKeywords.modifyObjectProperty(product, "xpath", "equals", "//*[@id = "fldvendor" + row + ""]", true): Modify property of object successfully

2018-05-24 19:45:49 - [MESSAGE][PASSED] - Modify property of object successfully

2018-05-24 19:45:49 - [TEST_STEP][PASSED] - selectOptionByIndex: All options with index in [1] are selected on object ''

2018-05-24 19:45:49 - [MESSAGE][PASSED] - All options with index in [1] are selected on object ''

2018-05-24 19:45:49 - [TEST_STEP][PASSED] - Statement - batch = new com.kms.katalon.core.testobject.TestObject(): null

2018-05-24 19:45:49 - [TEST_STEP][PASSED] - Statement - batch = com.kms.katalon.core.webui.keyword.WebUiBuiltInKeywords.modifyObjectProperty(batch, "xpath", "equals", "//*[@id = "txtbthqty" + row + ""]", true): Modify property of object successfully

2018-05-24 19:45:49 - [MESSAGE][PASSED] - Modify property of object successfully

2018-05-24 19:45:49 - [TEST_STEP][PASSED] - Statement - batchqty = com.kms.katalon.core.webui.keyword.WebUiBuiltInKeywords.getAttribute(batch, "value").trim(): Attribute 'value' of object '' is: '49800'

2018-05-24 19:45:49 - [MESSAGE][PASSED] - Attribute 'value' of object '' is: '49800'

2018-05-24 19:45:49 - [TEST_STEP][PASSED] - Statement - Rqty = 100: null

2018-05-24 19:45:49 - [TEST_STEP][PASSED] - delay: Delayed 2 second(s)

2018-05-24 19:45:51 - [MESSAGE][PASSED] - Delayed 2 second(s)

2018-05-24 19:45:51 - [TEST_STEP][PASSED] - Statement - out.println("BatchQty : " + batchqty): null

2018-05-24 19:45:51 - [TEST_STEP][PASSED] - Statement - out.println("RQty : " + Rqty): null

2018-05-24 19:45:51 - [TEST_STEP][PASSED] - Statement - If (java.lang.Integer.valueOf(batchqty) >= java.lang.Integer.valueOf(Rqty)): null

2018-05-24 19:45:51 - [TEST_STEP][PASSED] - Statement - Break: null

2018-05-24 19:45:51 - [TEST_STEP][PASSED] - Statement - batchlength = new com.kms.katalon.core.testobject.TestObject(): null

2018-05-24 19:45:51 - [TEST_STEP][PASSED] - Statement - batchlength = com.kms.katalon.core.webui.keyword.WebUiBuiltInKeywords.modifyObjectProperty(batchlength, "xpath", "equals", "//*[@id = "fldvendor" + row + ""]", true): Modify property of object successfully

2018-05-24 19:45:51 - [MESSAGE][PASSED] - Modify property of object successfully

2018-05-24 19:45:51 - [TEST_STEP][PASSED] - Statement - batchsize = com.kms.katalon.core.webui.keyword.WebUiBuiltInKeywords.getNumberOfTotalOption(batchlength): 6 options of object '' counted

2018-05-24 19:45:51 - [MESSAGE][PASSED] - 6 options of object '' counted

2018-05-24 19:45:51 - [TEST_STEP][PASSED] - Statement - out.println("BatchSize : " + batchsize): null

2018-05-24 19:45:51 - [TEST_STEP][PASSED] - Statement - For ([n = 1, n <= batchsize - 1, (n++)]): null

2018-05-24 19:45:51 - [TEST_STEP][PASSED] - Statement - product = new com.kms.katalon.core.testobject.TestObject(): null

2018-05-24 19:45:51 - [TEST_STEP][PASSED] - Statement - product = com.kms.katalon.core.webui.keyword.WebUiBuiltInKeywords.modifyObjectProperty(product, "xpath", "equals", "//*[@id = "fldvendor" + row + ""]", true): Modify property of object successfully

2018-05-24 19:45:51 - [MESSAGE][PASSED] - Modify property of object successfully

2018-05-24 19:45:51 - [TEST_STEP][PASSED] - selectOptionByIndex: All options with index in [1] are selected on object ''

2018-05-24 19:45:51 - [MESSAGE][PASSED] - All options with index in [1] are selected on object ''

2018-05-24 19:45:51 - [TEST_STEP][PASSED] - Statement - batch = new com.kms.katalon.core.testobject.TestObject(): null

2018-05-24 19:45:51 - [TEST_STEP][PASSED] - Statement - batch = com.kms.katalon.core.webui.keyword.WebUiBuiltInKeywords.modifyObjectProperty(batch, "xpath", "equals", "//*[@id = "txtbthqty" + row + ""]", true): Modify property of object successfully

2018-05-24 19:45:51 - [MESSAGE][PASSED] - Modify property of object successfully

2018-05-24 19:45:51 - [TEST_STEP][PASSED] - Statement - batchqty = com.kms.katalon.core.webui.keyword.WebUiBuiltInKeywords.getAttribute(batch, "value").trim(): Attribute 'value' of object '' is: '3400'

2018-05-24 19:45:51 - [MESSAGE][PASSED] - Attribute 'value' of object '' is: '3400'

2018-05-24 19:45:51 - [TEST_STEP][PASSED] - Statement - Rqty = 100: null

2018-05-24 19:45:51 - [TEST_STEP][PASSED] - delay: Delayed 2 second(s)

2018-05-24 19:45:53 - [MESSAGE][PASSED] - Delayed 2 second(s)

2018-05-24 19:45:53 - [TEST_STEP][PASSED] - Statement - out.println("BatchQty : " + batchqty): null

2018-05-24 19:45:53 - [TEST_STEP][PASSED] - Statement - out.println("RQty : " + Rqty): null

2018-05-24 19:45:53 - [TEST_STEP][PASSED] - Statement - If (java.lang.Integer.valueOf(batchqty) >= java.lang.Integer.valueOf(Rqty)): null

2018-05-24 19:45:53 - [TEST_STEP][PASSED] - Statement - Break: null

2018-05-24 19:45:53 - [TEST_STEP][PASSED] - Statement - batchlength = new com.kms.katalon.core.testobject.TestObject(): null

2018-05-24 19:45:53 - [TEST_STEP][PASSED] - Statement - batchlength = com.kms.katalon.core.webui.keyword.WebUiBuiltInKeywords.modifyObjectProperty(batchlength, "xpath", "equals", "//*[@id = "fldvendor" + row + ""]", true): Modify property of object successfully

2018-05-24 19:45:53 - [MESSAGE][PASSED] - Modify property of object successfully

2018-05-24 19:45:53 - [TEST_STEP][PASSED] - Statement - batchsize = com.kms.katalon.core.webui.keyword.WebUiBuiltInKeywords.getNumberOfTotalOption(batchlength): 6 options of object '' counted

2018-05-24 19:45:53 - [MESSAGE][PASSED] - 6 options of object '' counted

2018-05-24 19:45:53 - [TEST_STEP][PASSED] - Statement - out.println("BatchSize : " + batchsize): null

2018-05-24 19:45:53 - [TEST_STEP][PASSED] - Statement - For ([n = 1, n <= batchsize - 1, (n++)]): null

2018-05-24 19:45:53 - [TEST_STEP][PASSED] - Statement - product = new com.kms.katalon.core.testobject.TestObject(): null

2018-05-24 19:45:53 - [TEST_STEP][PASSED] - Statement - product = com.kms.katalon.core.webui.keyword.WebUiBuiltInKeywords.modifyObjectProperty(product, "xpath", "equals", "//*[@id = "fldvendor" + row + ""]", true): Modify property of object successfully

2018-05-24 19:45:53 - [MESSAGE][PASSED] - Modify property of object successfully

2018-05-24 19:45:53 - [TEST_STEP][PASSED] - selectOptionByIndex: All options with index in [1] are selected on object ''

2018-05-24 19:45:53 - [MESSAGE][PASSED] - All options with index in [1] are selected on object ''

2018-05-24 19:45:53 - [TEST_STEP][PASSED] - Statement - batch = new com.kms.katalon.core.testobject.TestObject(): null

2018-05-24 19:45:53 - [TEST_STEP][PASSED] - Statement - batch = com.kms.katalon.core.webui.keyword.WebUiBuiltInKeywords.modifyObjectProperty(batch, "xpath", "equals", "//*[@id = "txtbthqty" + row + ""]", true): Modify property of object successfully

2018-05-24 19:45:53 - [MESSAGE][PASSED] - Modify property of object successfully

2018-05-24 19:45:53 - [TEST_STEP][PASSED] - Statement - batchqty = com.kms.katalon.core.webui.keyword.WebUiBuiltInKeywords.getAttribute(batch, "value").trim(): Attribute 'value' of object '' is: '4400'

2018-05-24 19:45:53 - [MESSAGE][PASSED] - Attribute 'value' of object '' is: '4400'

2018-05-24 19:45:53 - [TEST_STEP][PASSED] - Statement - Rqty = 100: null

2018-05-24 19:45:53 - [TEST_STEP][PASSED] - delay: Delayed 2 second(s)

2018-05-24 19:45:55 - [MESSAGE][PASSED] - Delayed 2 second(s)

2018-05-24 19:45:55 - [TEST_STEP][PASSED] - Statement - out.println("BatchQty : " + batchqty): null

2018-05-24 19:45:55 - [TEST_STEP][PASSED] - Statement - out.println("RQty : " + Rqty): null

2018-05-24 19:45:55 - [TEST_STEP][PASSED] - Statement - If (java.lang.Integer.valueOf(batchqty) >= java.lang.Integer.valueOf(Rqty)): null

2018-05-24 19:45:55 - [TEST_STEP][PASSED] - Statement - Break: null

2018-05-24 19:45:55 - [TEST_STEP][PASSED] - delay: Delayed 2 second(s)

2018-05-24 19:45:57 - [MESSAGE][PASSED] - Delayed 2 second(s)

2018-05-24 19:45:57 - [TEST_STEP][PASSED] - click: Object: 'Object Repository/DispensaryToCms/Page_KDMC - CMS/input_btndispatch' is clicked on

2018-05-24 19:45:57 - [MESSAGE][PASSED] - Object: 'Object Repository/DispensaryToCms/Page_KDMC - CMS/input_btndispatch' is clicked on

2018-05-24 19:45:57 - [TEST_STEP][PASSED] - delay: Delayed 3 second(s)

2018-05-24 19:46:00 - [MESSAGE][PASSED] - Delayed 3 second(s)

2018-05-24 19:46:00 - [TEST_STEP][PASSED] - click: Object: 'Object Repository/DispensaryToCms/Page_KDMC - CMS/button_OK' is clicked on

2018-05-24 19:46:01 - [MESSAGE][PASSED] - Object: 'Object Repository/DispensaryToCms/Page_KDMC - CMS/button_OK' is clicked on

2018-05-24 19:46:01 - [TEST_STEP][PASSED] - delay: Delayed 3 second(s)

2018-05-24 19:46:04 - [MESSAGE][PASSED] - Delayed 3 second(s)

2018-05-24 19:46:04 - [TEST_STEP][PASSED] - waitForElementPresent: Object 'Object Repository/DispensaryToCms/Page_KDMC - CMS/a_dropdown-toggle' is present

2018-05-24 19:46:04 - [MESSAGE][PASSED] - Object 'Object Repository/DispensaryToCms/Page_KDMC - CMS/a_dropdown-toggle' is present

2018-05-24 19:46:04 - [TEST_STEP][PASSED] - click: Object: 'Object Repository/DispensaryToCms/Page_KDMC - CMS/a_dropdown-toggle' is clicked on

2018-05-24 19:46:04 - [MESSAGE][PASSED] - Object: 'Object Repository/DispensaryToCms/Page_KDMC - CMS/a_dropdown-toggle' is clicked on

2018-05-24 19:46:04 - [TEST_STEP][PASSED] - click: Object: 'Object Repository/DispensaryToCms/Page_KDMC - CMS/a_Sign out' is clicked on

2018-05-24 19:46:05 - [MESSAGE][PASSED] - Object: 'Object Repository/DispensaryToCms/Page_KDMC - CMS/a_Sign out' is clicked on

2018-05-24 19:46:05 - [TEST_STEP][PASSED] - delay: Delayed 3 second(s)

2018-05-24 19:46:08 - [MESSAGE][PASSED] - Delayed 3 second(s)

2018-05-24 19:46:08 - [TEST_STEP][PASSED] - navigateToUrl: Navigate to 'http://192.168.137.1/multihospital_new/HDSplashscreen.aspx' successfully

2018-05-24 19:46:08 - [MESSAGE][PASSED] - Navigate to 'http://192.168.137.1/multihospital_new/HDSplashscreen.aspx' successfully

2018-05-24 19:46:08 - [TEST_STEP][PASSED] - click: Object: 'Object Repository/DispensaryToCms/Page_KDMC/a_Dispensary Store' is clicked on

2018-05-24 19:46:09 - [MESSAGE][PASSED] - Object: 'Object Repository/DispensaryToCms/Page_KDMC/a_Dispensary Store' is clicked on

2018-05-24 19:46:09 - [TEST_STEP][PASSED] - setText: Text 'rajaram' is set on object 'Object Repository/DispensaryToCms/Page_Dispensary Store Login/input_txtusername'

2018-05-24 19:46:09 - [MESSAGE][PASSED] - Text 'rajaram' is set on object 'Object Repository/DispensaryToCms/Page_Dispensary Store Login/input_txtusername'

2018-05-24 19:46:09 - [TEST_STEP][PASSED] - setText: Text '123' is set on object 'Object Repository/DispensaryToCms/Page_Dispensary Store Login/input_txtpassword'

2018-05-24 19:46:09 - [MESSAGE][PASSED] - Text '123' is set on object 'Object Repository/DispensaryToCms/Page_Dispensary Store Login/input_txtpassword'

2018-05-24 19:46:09 - [TEST_STEP][PASSED] - delay: Delayed 3 second(s)

2018-05-24 19:46:12 - [MESSAGE][PASSED] - Delayed 3 second(s)

2018-05-24 19:46:12 - [TEST_STEP][PASSED] - click: Object: 'Object Repository/DispensaryToCms/Page_Dispensary Store Login/button_Sign in' is clicked on

2018-05-24 19:46:13 - [MESSAGE][PASSED] - Object: 'Object Repository/DispensaryToCms/Page_Dispensary Store Login/button_Sign in' is clicked on

2018-05-24 19:46:13 - [TEST_STEP][PASSED] - delay: Delayed 3 second(s)

2018-05-24 19:46:16 - [MESSAGE][PASSED] - Delayed 3 second(s)

2018-05-24 19:46:16 - [TEST_STEP][PASSED] - click: Object: 'Object Repository/DispensaryToCms/Page_Dispensary Store/a_CMS' is clicked on

2018-05-24 19:46:16 - [MESSAGE][PASSED] - Object: 'Object Repository/DispensaryToCms/Page_Dispensary Store/a_CMS' is clicked on

2018-05-24 19:46:16 - [TEST_STEP][PASSED] - delay: Delayed 2 second(s)

2018-05-24 19:46:18 - [MESSAGE][PASSED] - Delayed 2 second(s)

2018-05-24 19:46:18 - [TEST_STEP][PASSED] - click: Object: 'Object Repository/DispensaryToCms/Page_Dispensary Store/a_Receiving Goods' is clicked on

2018-05-24 19:46:19 - [MESSAGE][PASSED] - Object: 'Object Repository/DispensaryToCms/Page_Dispensary Store/a_Receiving Goods' is clicked on

2018-05-24 19:46:19 - [TEST_STEP][PASSED] - setText: Text 'PRNO/24052018/385' is set on object 'Object Repository/DispensaryToCms/Page_Dispensary Store/input'

2018-05-24 19:46:19 - [MESSAGE][PASSED] - Text 'PRNO/24052018/385' is set on object 'Object Repository/DispensaryToCms/Page_Dispensary Store/input'

2018-05-24 19:46:19 - [TEST_STEP][PASSED] - click: Object: 'Object Repository/DispensaryToCms/Page_Dispensary Store/input_PRNO18052018174' is clicked on

2018-05-24 19:46:19 - [MESSAGE][PASSED] - Object: 'Object Repository/DispensaryToCms/Page_Dispensary Store/input_PRNO18052018174' is clicked on

2018-05-24 19:46:19 - [TEST_STEP][PASSED] - delay: Delayed 2 second(s)

2018-05-24 19:46:21 - [MESSAGE][PASSED] - Delayed 2 second(s)

2018-05-24 19:46:21 - [TEST_STEP][PASSED] - click: Object: 'Object Repository/DispensaryToCms/Page_Dispensary Store/input_chkrem' is clicked on

2018-05-24 19:46:21 - [MESSAGE][PASSED] - Object: 'Object Repository/DispensaryToCms/Page_Dispensary Store/input_chkrem' is clicked on

2018-05-24 19:46:21 - [TEST_STEP][PASSED] - scrollToElement: Scroll to object 'Object Repository/DispensaryToCms/Page_Dispensary Store/input_btchkroqadd' successfully

2018-05-24 19:46:21 - [MESSAGE][PASSED] - Scroll to object 'Object Repository/DispensaryToCms/Page_Dispensary Store/input_btchkroqadd' successfully

2018-05-24 19:46:21 - [TEST_STEP][PASSED] - click: Object: 'Object Repository/DispensaryToCms/Page_Dispensary Store/input_btchkroqadd' is clicked on

2018-05-24 19:46:22 - [MESSAGE][PASSED] - Object: 'Object Repository/DispensaryToCms/Page_Dispensary Store/input_btchkroqadd' is clicked on

2018-05-24 19:46:22 - [TEST_STEP][PASSED] - delay: Delayed 2 second(s)

2018-05-24 19:46:24 - [MESSAGE][PASSED] - Delayed 2 second(s)

2018-05-24 19:46:24 - [TEST_STEP][PASSED] - refresh: Refresh successfully

2018-05-24 19:46:26 - [MESSAGE][PASSED] - Refresh successfully

2018-05-24 19:46:26 - [TEST_STEP][PASSED] - delay: Delayed 3 second(s)

2018-05-24 19:46:29 - [MESSAGE][PASSED] - Delayed 3 second(s)

2018-05-24 19:46:29 - [TEST_STEP][PASSED] - waitForElementPresent: Object 'Object Repository/DispensaryToCms/Page_KDMC - CMS/a_dropdown-toggle' is not present after 20 second(s)

2018-05-24 19:46:50 - [MESSAGE][WARNING] - Object 'Object Repository/DispensaryToCms/Page_KDMC - CMS/a_dropdown-toggle' is not present after 20 second(s)

2018-05-24 19:46:50 - [TEST_STEP][PASSED] - click: Object: 'Object Repository/DispensaryToCms/Page_Dispensary Store/a_dropdown-toggle' is clicked on

2018-05-24 19:46:50 - [MESSAGE][PASSED] - Object: 'Object Repository/DispensaryToCms/Page_Dispensary Store/a_dropdown-toggle' is clicked on

2018-05-24 19:46:50 - [TEST_STEP][PASSED] - click: Object: 'Object Repository/DispensaryToCms/Page_Dispensary Store/a_Sign out' is clicked on

2018-05-24 19:46:50 - [MESSAGE][PASSED] - Object: 'Object Repository/DispensaryToCms/Page_Dispensary Store/a_Sign out' is clicked on

2018-05-24 19:46:50 - [TEST_STEP][PASSED] - closeBrowser: Browser is closed

2018-05-24 19:46:51 - [MESSAGE][PASSED] - Browser is closed]]></system-out>
         <system-err><![CDATA[]]></system-err>
      </testcase>
      <testcase name="Test Cases/DISPENSARY TEST CASES/TC_DP_023 Verify Schedule 11 Dispensary To CMS Request Are Working Successfully Or Not" classname="Test Cases/DISPENSARY TEST CASES/TC_DP_023 Verify Schedule 11 Dispensary To CMS Request Are Working Successfully Or Not" status="FAILED">
         <failure type="FAILED" message="Unable to select option by index '12' of object 'Object Repository/DispensaryToCms/Page_Dispensary Store/select_--Select--Adernaline 0.' (Root cause: org.openqa.selenium.NoSuchElementException: Cannot locate option with index: 12
For documentation on this error, please visit: http://seleniumhq.org/exceptions/no_such_element.html
Build info: version: '3.7.1', revision: '8a0099a', time: '2017-11-06T21:07:36.161Z'
System info: host: 'DESKTOP-BLFTK83', ip: '169.254.189.85', os.name: 'Windows 10', os.arch: 'amd64', os.version: '10.0', java.version: '1.8.0_102'
Driver info: driver.version: unknown)"/>
         <system-out><![CDATA[2018-05-24 19:46:51 - [TEST_CASE][FAILED] - Test Cases/DISPENSARY TEST CASES/TC_DP_023 Verify Schedule 11 Dispensary To CMS Request Are Working Successfully Or Not: Test Cases/DISPENSARY TEST CASES/TC_DP_023 Verify Schedule 11 Dispensary To CMS Request Are Working Successfully Or Not FAILED because (of) Unable to select option by index '12' of object 'Object Repository/DispensaryToCms/Page_Dispensary Store/select_--Select--Adernaline 0.' (Root cause: org.openqa.selenium.NoSuchElementException: Cannot locate option with index: 12
For documentation on this error, please visit: http://seleniumhq.org/exceptions/no_such_element.html
Build info: version: '3.7.1', revision: '8a0099a', time: '2017-11-06T21:07:36.161Z'
System info: host: 'DESKTOP-BLFTK83', ip: '169.254.189.85', os.name: 'Windows 10', os.arch: 'amd64', os.version: '10.0', java.version: '1.8.0_102'
Driver info: driver.version: unknown)

2018-05-24 19:46:51 - [TEST_STEP][PASSED] - openBrowser: Browser is opened with url: ''

2018-05-24 19:46:54 - [MESSAGE][PASSED] - Browser is opened with url: ''

2018-05-24 19:46:54 - [TEST_STEP][PASSED] - navigateToUrl: Navigate to 'http://192.168.137.1/multihospital_new/HDSplashscreen.aspx' successfully

2018-05-24 19:46:58 - [MESSAGE][PASSED] - Navigate to 'http://192.168.137.1/multihospital_new/HDSplashscreen.aspx' successfully

2018-05-24 19:46:58 - [TEST_STEP][PASSED] - maximizeWindow: Current window maximized

2018-05-24 19:46:59 - [MESSAGE][PASSED] - Current window maximized

2018-05-24 19:46:59 - [TEST_STEP][PASSED] - click: Object: 'Object Repository/DispensaryToCms/Page_KDMC/a_Dispensary Store' is clicked on

2018-05-24 19:47:00 - [MESSAGE][PASSED] - Object: 'Object Repository/DispensaryToCms/Page_KDMC/a_Dispensary Store' is clicked on

2018-05-24 19:47:00 - [TEST_STEP][PASSED] - setText: Text 'rajaram' is set on object 'Object Repository/DispensaryToCms/Page_Dispensary Store Login/input_txtusername'

2018-05-24 19:47:00 - [MESSAGE][PASSED] - Text 'rajaram' is set on object 'Object Repository/DispensaryToCms/Page_Dispensary Store Login/input_txtusername'

2018-05-24 19:47:00 - [TEST_STEP][PASSED] - setText: Text '123' is set on object 'Object Repository/DispensaryToCms/Page_Dispensary Store Login/input_txtpassword'

2018-05-24 19:47:00 - [MESSAGE][PASSED] - Text '123' is set on object 'Object Repository/DispensaryToCms/Page_Dispensary Store Login/input_txtpassword'

2018-05-24 19:47:00 - [TEST_STEP][PASSED] - delay: Delayed 3 second(s)

2018-05-24 19:47:03 - [MESSAGE][PASSED] - Delayed 3 second(s)

2018-05-24 19:47:03 - [TEST_STEP][PASSED] - click: Object: 'Object Repository/DispensaryToCms/Page_Dispensary Store Login/button_Sign in' is clicked on

2018-05-24 19:47:04 - [MESSAGE][PASSED] - Object: 'Object Repository/DispensaryToCms/Page_Dispensary Store Login/button_Sign in' is clicked on

2018-05-24 19:47:04 - [TEST_STEP][PASSED] - delay: Delayed 3 second(s)

2018-05-24 19:47:07 - [MESSAGE][PASSED] - Delayed 3 second(s)

2018-05-24 19:47:07 - [TEST_STEP][PASSED] - click: Object: 'Object Repository/DispensaryToCms/Page_Dispensary Store/a_CMS' is clicked on

2018-05-24 19:47:07 - [MESSAGE][PASSED] - Object: 'Object Repository/DispensaryToCms/Page_Dispensary Store/a_CMS' is clicked on

2018-05-24 19:47:07 - [TEST_STEP][PASSED] - click: Object: 'Object Repository/DispensaryToCms/Page_Dispensary Store/a_Request Send' is clicked on

2018-05-24 19:47:08 - [MESSAGE][PASSED] - Object: 'Object Repository/DispensaryToCms/Page_Dispensary Store/a_Request Send' is clicked on

2018-05-24 19:47:08 - [TEST_STEP][PASSED] - delay: Delayed 2 second(s)

2018-05-24 19:47:10 - [MESSAGE][PASSED] - Delayed 2 second(s)

2018-05-24 19:47:10 - [TEST_STEP][PASSED] - selectOptionByIndex: All options with index in [2] are selected on object 'Object Repository/DispensaryToCms/Page_Dispensary Store/select_--Select--'

2018-05-24 19:47:10 - [MESSAGE][PASSED] - All options with index in [2] are selected on object 'Object Repository/DispensaryToCms/Page_Dispensary Store/select_--Select--'

2018-05-24 19:47:10 - [TEST_STEP][PASSED] - selectOptionByIndex: All options with index in [11] are selected on object 'Object Repository/DispensaryToCms/Page_Dispensary Store/select_--Select--Schedule 1Inj'

2018-05-24 19:47:10 - [MESSAGE][PASSED] - All options with index in [11] are selected on object 'Object Repository/DispensaryToCms/Page_Dispensary Store/select_--Select--Schedule 1Inj'

2018-05-24 19:47:10 - [TEST_STEP][PASSED] - Statement - medicineslength = com.kms.katalon.core.webui.keyword.WebUiBuiltInKeywords.getNumberOfTotalOption(com.kms.katalon.core.testobject.ObjectRepository.findTestObject(DispensaryToCms/Page_Dispensary Store/select_--Select--Adernaline 0.)): 81 options of object 'Object Repository/DispensaryToCms/Page_Dispensary Store/select_--Select--Adernaline 0.' counted

2018-05-24 19:47:10 - [MESSAGE][PASSED] - 81 options of object 'Object Repository/DispensaryToCms/Page_Dispensary Store/select_--Select--Adernaline 0.' counted

2018-05-24 19:47:10 - [TEST_STEP][FAILED] - Statement - For ([e = 1, e <= medicineslength - 1, (e++)]): Unable to select option by index '12' of object 'Object Repository/DispensaryToCms/Page_Dispensary Store/select_--Select--Adernaline 0.' (Root cause: org.openqa.selenium.NoSuchElementException: Cannot locate option with index: 12
For documentation on this error, please visit: http://seleniumhq.org/exceptions/no_such_element.html
Build info: version: '3.7.1', revision: '8a0099a', time: '2017-11-06T21:07:36.161Z'
System info: host: 'DESKTOP-BLFTK83', ip: '169.254.189.85', os.name: 'Windows 10', os.arch: 'amd64', os.version: '10.0', java.version: '1.8.0_102'
Driver info: driver.version: unknown)

2018-05-24 19:47:10 - [TEST_STEP][PASSED] - selectOptionByIndex: All options with index in [11] are selected on object 'Object Repository/DispensaryToCms/Page_Dispensary Store/select_--Select--Schedule 1Inj'

2018-05-24 19:47:10 - [MESSAGE][PASSED] - All options with index in [11] are selected on object 'Object Repository/DispensaryToCms/Page_Dispensary Store/select_--Select--Schedule 1Inj'

2018-05-24 19:47:10 - [TEST_STEP][PASSED] - selectOptionByIndex: All options with index in [1] are selected on object 'Object Repository/DispensaryToCms/Page_Dispensary Store/select_--Select--Adernaline 0.'

2018-05-24 19:47:11 - [MESSAGE][PASSED] - All options with index in [1] are selected on object 'Object Repository/DispensaryToCms/Page_Dispensary Store/select_--Select--Adernaline 0.'

2018-05-24 19:47:11 - [TEST_STEP][PASSED] - setText: Text '100' is set on object 'Object Repository/DispensaryToCms/Page_Dispensary Store/input_txttreat'

2018-05-24 19:47:11 - [MESSAGE][PASSED] - Text '100' is set on object 'Object Repository/DispensaryToCms/Page_Dispensary Store/input_txttreat'

2018-05-24 19:47:11 - [TEST_STEP][PASSED] - click: Object: 'Object Repository/DispensaryToCms/Page_Dispensary Store/button_Add' is clicked on

2018-05-24 19:47:11 - [MESSAGE][PASSED] - Object: 'Object Repository/DispensaryToCms/Page_Dispensary Store/button_Add' is clicked on

2018-05-24 19:47:11 - [TEST_STEP][PASSED] - selectOptionByIndex: All options with index in [11] are selected on object 'Object Repository/DispensaryToCms/Page_Dispensary Store/select_--Select--Schedule 1Inj'

2018-05-24 19:47:11 - [MESSAGE][PASSED] - All options with index in [11] are selected on object 'Object Repository/DispensaryToCms/Page_Dispensary Store/select_--Select--Schedule 1Inj'

2018-05-24 19:47:11 - [TEST_STEP][PASSED] - selectOptionByIndex: All options with index in [2] are selected on object 'Object Repository/DispensaryToCms/Page_Dispensary Store/select_--Select--Adernaline 0.'

2018-05-24 19:47:11 - [MESSAGE][PASSED] - All options with index in [2] are selected on object 'Object Repository/DispensaryToCms/Page_Dispensary Store/select_--Select--Adernaline 0.'

2018-05-24 19:47:11 - [TEST_STEP][PASSED] - setText: Text '100' is set on object 'Object Repository/DispensaryToCms/Page_Dispensary Store/input_txttreat'

2018-05-24 19:47:11 - [MESSAGE][PASSED] - Text '100' is set on object 'Object Repository/DispensaryToCms/Page_Dispensary Store/input_txttreat'

2018-05-24 19:47:11 - [TEST_STEP][PASSED] - click: Object: 'Object Repository/DispensaryToCms/Page_Dispensary Store/button_Add' is clicked on

2018-05-24 19:47:11 - [MESSAGE][PASSED] - Object: 'Object Repository/DispensaryToCms/Page_Dispensary Store/button_Add' is clicked on

2018-05-24 19:47:11 - [TEST_STEP][PASSED] - selectOptionByIndex: All options with index in [11] are selected on object 'Object Repository/DispensaryToCms/Page_Dispensary Store/select_--Select--Schedule 1Inj'

2018-05-24 19:47:12 - [MESSAGE][PASSED] - All options with index in [11] are selected on object 'Object Repository/DispensaryToCms/Page_Dispensary Store/select_--Select--Schedule 1Inj'

2018-05-24 19:47:12 - [TEST_STEP][PASSED] - selectOptionByIndex: All options with index in [3] are selected on object 'Object Repository/DispensaryToCms/Page_Dispensary Store/select_--Select--Adernaline 0.'

2018-05-24 19:47:12 - [MESSAGE][PASSED] - All options with index in [3] are selected on object 'Object Repository/DispensaryToCms/Page_Dispensary Store/select_--Select--Adernaline 0.'

2018-05-24 19:47:12 - [TEST_STEP][PASSED] - setText: Text '100' is set on object 'Object Repository/DispensaryToCms/Page_Dispensary Store/input_txttreat'

2018-05-24 19:47:12 - [MESSAGE][PASSED] - Text '100' is set on object 'Object Repository/DispensaryToCms/Page_Dispensary Store/input_txttreat'

2018-05-24 19:47:12 - [TEST_STEP][PASSED] - click: Object: 'Object Repository/DispensaryToCms/Page_Dispensary Store/button_Add' is clicked on

2018-05-24 19:47:12 - [MESSAGE][PASSED] - Object: 'Object Repository/DispensaryToCms/Page_Dispensary Store/button_Add' is clicked on

2018-05-24 19:47:12 - [TEST_STEP][PASSED] - selectOptionByIndex: All options with index in [11] are selected on object 'Object Repository/DispensaryToCms/Page_Dispensary Store/select_--Select--Schedule 1Inj'

2018-05-24 19:47:12 - [MESSAGE][PASSED] - All options with index in [11] are selected on object 'Object Repository/DispensaryToCms/Page_Dispensary Store/select_--Select--Schedule 1Inj'

2018-05-24 19:47:12 - [TEST_STEP][PASSED] - selectOptionByIndex: All options with index in [4] are selected on object 'Object Repository/DispensaryToCms/Page_Dispensary Store/select_--Select--Adernaline 0.'

2018-05-24 19:47:12 - [MESSAGE][PASSED] - All options with index in [4] are selected on object 'Object Repository/DispensaryToCms/Page_Dispensary Store/select_--Select--Adernaline 0.'

2018-05-24 19:47:12 - [TEST_STEP][PASSED] - setText: Text '100' is set on object 'Object Repository/DispensaryToCms/Page_Dispensary Store/input_txttreat'

2018-05-24 19:47:12 - [MESSAGE][PASSED] - Text '100' is set on object 'Object Repository/DispensaryToCms/Page_Dispensary Store/input_txttreat'

2018-05-24 19:47:12 - [TEST_STEP][PASSED] - click: Object: 'Object Repository/DispensaryToCms/Page_Dispensary Store/button_Add' is clicked on

2018-05-24 19:47:13 - [MESSAGE][PASSED] - Object: 'Object Repository/DispensaryToCms/Page_Dispensary Store/button_Add' is clicked on

2018-05-24 19:47:13 - [TEST_STEP][PASSED] - selectOptionByIndex: All options with index in [11] are selected on object 'Object Repository/DispensaryToCms/Page_Dispensary Store/select_--Select--Schedule 1Inj'

2018-05-24 19:47:13 - [MESSAGE][PASSED] - All options with index in [11] are selected on object 'Object Repository/DispensaryToCms/Page_Dispensary Store/select_--Select--Schedule 1Inj'

2018-05-24 19:47:13 - [TEST_STEP][PASSED] - selectOptionByIndex: All options with index in [5] are selected on object 'Object Repository/DispensaryToCms/Page_Dispensary Store/select_--Select--Adernaline 0.'

2018-05-24 19:47:13 - [MESSAGE][PASSED] - All options with index in [5] are selected on object 'Object Repository/DispensaryToCms/Page_Dispensary Store/select_--Select--Adernaline 0.'

2018-05-24 19:47:13 - [TEST_STEP][PASSED] - setText: Text '100' is set on object 'Object Repository/DispensaryToCms/Page_Dispensary Store/input_txttreat'

2018-05-24 19:47:13 - [MESSAGE][PASSED] - Text '100' is set on object 'Object Repository/DispensaryToCms/Page_Dispensary Store/input_txttreat'

2018-05-24 19:47:13 - [TEST_STEP][PASSED] - click: Object: 'Object Repository/DispensaryToCms/Page_Dispensary Store/button_Add' is clicked on

2018-05-24 19:47:13 - [MESSAGE][PASSED] - Object: 'Object Repository/DispensaryToCms/Page_Dispensary Store/button_Add' is clicked on

2018-05-24 19:47:13 - [TEST_STEP][PASSED] - selectOptionByIndex: All options with index in [11] are selected on object 'Object Repository/DispensaryToCms/Page_Dispensary Store/select_--Select--Schedule 1Inj'

2018-05-24 19:47:13 - [MESSAGE][PASSED] - All options with index in [11] are selected on object 'Object Repository/DispensaryToCms/Page_Dispensary Store/select_--Select--Schedule 1Inj'

2018-05-24 19:47:13 - [TEST_STEP][PASSED] - selectOptionByIndex: All options with index in [6] are selected on object 'Object Repository/DispensaryToCms/Page_Dispensary Store/select_--Select--Adernaline 0.'

2018-05-24 19:47:14 - [MESSAGE][PASSED] - All options with index in [6] are selected on object 'Object Repository/DispensaryToCms/Page_Dispensary Store/select_--Select--Adernaline 0.'

2018-05-24 19:47:14 - [TEST_STEP][PASSED] - setText: Text '100' is set on object 'Object Repository/DispensaryToCms/Page_Dispensary Store/input_txttreat'

2018-05-24 19:47:14 - [MESSAGE][PASSED] - Text '100' is set on object 'Object Repository/DispensaryToCms/Page_Dispensary Store/input_txttreat'

2018-05-24 19:47:14 - [TEST_STEP][PASSED] - click: Object: 'Object Repository/DispensaryToCms/Page_Dispensary Store/button_Add' is clicked on

2018-05-24 19:47:14 - [MESSAGE][PASSED] - Object: 'Object Repository/DispensaryToCms/Page_Dispensary Store/button_Add' is clicked on

2018-05-24 19:47:14 - [TEST_STEP][PASSED] - selectOptionByIndex: All options with index in [11] are selected on object 'Object Repository/DispensaryToCms/Page_Dispensary Store/select_--Select--Schedule 1Inj'

2018-05-24 19:47:14 - [MESSAGE][PASSED] - All options with index in [11] are selected on object 'Object Repository/DispensaryToCms/Page_Dispensary Store/select_--Select--Schedule 1Inj'

2018-05-24 19:47:14 - [TEST_STEP][PASSED] - selectOptionByIndex: All options with index in [7] are selected on object 'Object Repository/DispensaryToCms/Page_Dispensary Store/select_--Select--Adernaline 0.'

2018-05-24 19:47:14 - [MESSAGE][PASSED] - All options with index in [7] are selected on object 'Object Repository/DispensaryToCms/Page_Dispensary Store/select_--Select--Adernaline 0.'

2018-05-24 19:47:14 - [TEST_STEP][PASSED] - setText: Text '100' is set on object 'Object Repository/DispensaryToCms/Page_Dispensary Store/input_txttreat'

2018-05-24 19:47:14 - [MESSAGE][PASSED] - Text '100' is set on object 'Object Repository/DispensaryToCms/Page_Dispensary Store/input_txttreat'

2018-05-24 19:47:14 - [TEST_STEP][PASSED] - click: Object: 'Object Repository/DispensaryToCms/Page_Dispensary Store/button_Add' is clicked on

2018-05-24 19:47:14 - [MESSAGE][PASSED] - Object: 'Object Repository/DispensaryToCms/Page_Dispensary Store/button_Add' is clicked on

2018-05-24 19:47:14 - [TEST_STEP][PASSED] - selectOptionByIndex: All options with index in [11] are selected on object 'Object Repository/DispensaryToCms/Page_Dispensary Store/select_--Select--Schedule 1Inj'

2018-05-24 19:47:15 - [MESSAGE][PASSED] - All options with index in [11] are selected on object 'Object Repository/DispensaryToCms/Page_Dispensary Store/select_--Select--Schedule 1Inj'

2018-05-24 19:47:15 - [TEST_STEP][PASSED] - selectOptionByIndex: All options with index in [8] are selected on object 'Object Repository/DispensaryToCms/Page_Dispensary Store/select_--Select--Adernaline 0.'

2018-05-24 19:47:15 - [MESSAGE][PASSED] - All options with index in [8] are selected on object 'Object Repository/DispensaryToCms/Page_Dispensary Store/select_--Select--Adernaline 0.'

2018-05-24 19:47:15 - [TEST_STEP][PASSED] - setText: Text '100' is set on object 'Object Repository/DispensaryToCms/Page_Dispensary Store/input_txttreat'

2018-05-24 19:47:15 - [MESSAGE][PASSED] - Text '100' is set on object 'Object Repository/DispensaryToCms/Page_Dispensary Store/input_txttreat'

2018-05-24 19:47:15 - [TEST_STEP][PASSED] - click: Object: 'Object Repository/DispensaryToCms/Page_Dispensary Store/button_Add' is clicked on

2018-05-24 19:47:15 - [MESSAGE][PASSED] - Object: 'Object Repository/DispensaryToCms/Page_Dispensary Store/button_Add' is clicked on

2018-05-24 19:47:15 - [TEST_STEP][PASSED] - selectOptionByIndex: All options with index in [11] are selected on object 'Object Repository/DispensaryToCms/Page_Dispensary Store/select_--Select--Schedule 1Inj'

2018-05-24 19:47:15 - [MESSAGE][PASSED] - All options with index in [11] are selected on object 'Object Repository/DispensaryToCms/Page_Dispensary Store/select_--Select--Schedule 1Inj'

2018-05-24 19:47:15 - [TEST_STEP][PASSED] - selectOptionByIndex: All options with index in [9] are selected on object 'Object Repository/DispensaryToCms/Page_Dispensary Store/select_--Select--Adernaline 0.'

2018-05-24 19:47:15 - [MESSAGE][PASSED] - All options with index in [9] are selected on object 'Object Repository/DispensaryToCms/Page_Dispensary Store/select_--Select--Adernaline 0.'

2018-05-24 19:47:15 - [TEST_STEP][PASSED] - setText: Text '100' is set on object 'Object Repository/DispensaryToCms/Page_Dispensary Store/input_txttreat'

2018-05-24 19:47:16 - [MESSAGE][PASSED] - Text '100' is set on object 'Object Repository/DispensaryToCms/Page_Dispensary Store/input_txttreat'

2018-05-24 19:47:16 - [TEST_STEP][PASSED] - click: Object: 'Object Repository/DispensaryToCms/Page_Dispensary Store/button_Add' is clicked on

2018-05-24 19:47:16 - [MESSAGE][PASSED] - Object: 'Object Repository/DispensaryToCms/Page_Dispensary Store/button_Add' is clicked on

2018-05-24 19:47:16 - [TEST_STEP][PASSED] - selectOptionByIndex: All options with index in [11] are selected on object 'Object Repository/DispensaryToCms/Page_Dispensary Store/select_--Select--Schedule 1Inj'

2018-05-24 19:47:16 - [MESSAGE][PASSED] - All options with index in [11] are selected on object 'Object Repository/DispensaryToCms/Page_Dispensary Store/select_--Select--Schedule 1Inj'

2018-05-24 19:47:16 - [TEST_STEP][PASSED] - selectOptionByIndex: All options with index in [10] are selected on object 'Object Repository/DispensaryToCms/Page_Dispensary Store/select_--Select--Adernaline 0.'

2018-05-24 19:47:16 - [MESSAGE][PASSED] - All options with index in [10] are selected on object 'Object Repository/DispensaryToCms/Page_Dispensary Store/select_--Select--Adernaline 0.'

2018-05-24 19:47:16 - [TEST_STEP][PASSED] - setText: Text '100' is set on object 'Object Repository/DispensaryToCms/Page_Dispensary Store/input_txttreat'

2018-05-24 19:47:16 - [MESSAGE][PASSED] - Text '100' is set on object 'Object Repository/DispensaryToCms/Page_Dispensary Store/input_txttreat'

2018-05-24 19:47:16 - [TEST_STEP][PASSED] - click: Object: 'Object Repository/DispensaryToCms/Page_Dispensary Store/button_Add' is clicked on

2018-05-24 19:47:16 - [MESSAGE][PASSED] - Object: 'Object Repository/DispensaryToCms/Page_Dispensary Store/button_Add' is clicked on

2018-05-24 19:47:16 - [TEST_STEP][PASSED] - selectOptionByIndex: All options with index in [11] are selected on object 'Object Repository/DispensaryToCms/Page_Dispensary Store/select_--Select--Schedule 1Inj'

2018-05-24 19:47:16 - [MESSAGE][PASSED] - All options with index in [11] are selected on object 'Object Repository/DispensaryToCms/Page_Dispensary Store/select_--Select--Schedule 1Inj'

2018-05-24 19:47:16 - [TEST_STEP][PASSED] - selectOptionByIndex: All options with index in [11] are selected on object 'Object Repository/DispensaryToCms/Page_Dispensary Store/select_--Select--Adernaline 0.'

2018-05-24 19:47:17 - [MESSAGE][PASSED] - All options with index in [11] are selected on object 'Object Repository/DispensaryToCms/Page_Dispensary Store/select_--Select--Adernaline 0.'

2018-05-24 19:47:17 - [TEST_STEP][PASSED] - setText: Text '100' is set on object 'Object Repository/DispensaryToCms/Page_Dispensary Store/input_txttreat'

2018-05-24 19:47:17 - [MESSAGE][PASSED] - Text '100' is set on object 'Object Repository/DispensaryToCms/Page_Dispensary Store/input_txttreat'

2018-05-24 19:47:17 - [TEST_STEP][PASSED] - click: Object: 'Object Repository/DispensaryToCms/Page_Dispensary Store/button_Add' is clicked on

2018-05-24 19:47:17 - [MESSAGE][PASSED] - Object: 'Object Repository/DispensaryToCms/Page_Dispensary Store/button_Add' is clicked on

2018-05-24 19:47:17 - [TEST_STEP][PASSED] - selectOptionByIndex: All options with index in [11] are selected on object 'Object Repository/DispensaryToCms/Page_Dispensary Store/select_--Select--Schedule 1Inj'

2018-05-24 19:47:17 - [MESSAGE][PASSED] - All options with index in [11] are selected on object 'Object Repository/DispensaryToCms/Page_Dispensary Store/select_--Select--Schedule 1Inj'

2018-05-24 19:47:17 - [TEST_STEP][FAILED] - selectOptionByIndex: Unable to select option by index '12' of object 'Object Repository/DispensaryToCms/Page_Dispensary Store/select_--Select--Adernaline 0.' (Root cause: org.openqa.selenium.NoSuchElementException: Cannot locate option with index: 12
For documentation on this error, please visit: http://seleniumhq.org/exceptions/no_such_element.html
Build info: version: '3.7.1', revision: '8a0099a', time: '2017-11-06T21:07:36.161Z'
System info: host: 'DESKTOP-BLFTK83', ip: '169.254.189.85', os.name: 'Windows 10', os.arch: 'amd64', os.version: '10.0', java.version: '1.8.0_102'
Driver info: driver.version: unknown)

2018-05-24 19:47:17 - [MESSAGE][FAILED] - Unable to select option by index '12' of object 'Object Repository/DispensaryToCms/Page_Dispensary Store/select_--Select--Adernaline 0.' (Root cause: org.openqa.selenium.NoSuchElementException: Cannot locate option with index: 12
For documentation on this error, please visit: http://seleniumhq.org/exceptions/no_such_element.html
Build info: version: '3.7.1', revision: '8a0099a', time: '2017-11-06T21:07:36.161Z'
System info: host: 'DESKTOP-BLFTK83', ip: '169.254.189.85', os.name: 'Windows 10', os.arch: 'amd64', os.version: '10.0', java.version: '1.8.0_102'
Driver info: driver.version: unknown)
[[ATTACHMENT|C:\\Users\\Quality Analyst\\Katalon Studio\\ds\\Reports\\Dispensary_Cms_Suite\\20180524_192520\\1527171437681.png]]]]></system-out>
         <system-err><![CDATA[2018-05-24 19:46:51 - [TEST_CASE][FAILED] - Test Cases/DISPENSARY TEST CASES/TC_DP_023 Verify Schedule 11 Dispensary To CMS Request Are Working Successfully Or Not: Test Cases/DISPENSARY TEST CASES/TC_DP_023 Verify Schedule 11 Dispensary To CMS Request Are Working Successfully Or Not FAILED because (of) Unable to select option by index '12' of object 'Object Repository/DispensaryToCms/Page_Dispensary Store/select_--Select--Adernaline 0.' (Root cause: org.openqa.selenium.NoSuchElementException: Cannot locate option with index: 12
For documentation on this error, please visit: http://seleniumhq.org/exceptions/no_such_element.html
Build info: version: '3.7.1', revision: '8a0099a', time: '2017-11-06T21:07:36.161Z'
System info: host: 'DESKTOP-BLFTK83', ip: '169.254.189.85', os.name: 'Windows 10', os.arch: 'amd64', os.version: '10.0', java.version: '1.8.0_102'
Driver info: driver.version: unknown)]]></system-err>
      </testcase>
      <testcase name="Test Cases/DISPENSARY TEST CASES/TC_DP_024 Verify Schedule 12 Dispensary To CMS Request Are Working Successfully Or Not" classname="Test Cases/DISPENSARY TEST CASES/TC_DP_024 Verify Schedule 12 Dispensary To CMS Request Are Working Successfully Or Not" status="PASSED">
         <system-out><![CDATA[2018-05-24 19:47:17 - [TEST_CASE][PASSED] - Test Cases/DISPENSARY TEST CASES/TC_DP_024 Verify Schedule 12 Dispensary To CMS Request Are Working Successfully Or Not: Test Cases/DISPENSARY TEST CASES/TC_DP_024 Verify Schedule 12 Dispensary To CMS Request Are Working Successfully Or Not

2018-05-24 19:47:18 - [TEST_STEP][PASSED] - openBrowser: Browser is opened with url: ''

2018-05-24 19:47:18 - [MESSAGE][WARNING] - A browser is already opened. Closing browser and opening a new one

2018-05-24 19:47:21 - [MESSAGE][PASSED] - Browser is opened with url: ''

2018-05-24 19:47:21 - [TEST_STEP][PASSED] - navigateToUrl: Navigate to 'http://192.168.137.1/multihospital_new/HDSplashscreen.aspx' successfully

2018-05-24 19:47:26 - [MESSAGE][PASSED] - Navigate to 'http://192.168.137.1/multihospital_new/HDSplashscreen.aspx' successfully

2018-05-24 19:47:26 - [TEST_STEP][PASSED] - maximizeWindow: Current window maximized

2018-05-24 19:47:27 - [MESSAGE][PASSED] - Current window maximized

2018-05-24 19:47:27 - [TEST_STEP][PASSED] - click: Object: 'Object Repository/DispensaryToCms/Page_KDMC/a_Dispensary Store' is clicked on

2018-05-24 19:47:28 - [MESSAGE][PASSED] - Object: 'Object Repository/DispensaryToCms/Page_KDMC/a_Dispensary Store' is clicked on

2018-05-24 19:47:28 - [TEST_STEP][PASSED] - setText: Text 'rajaram' is set on object 'Object Repository/DispensaryToCms/Page_Dispensary Store Login/input_txtusername'

2018-05-24 19:47:28 - [MESSAGE][PASSED] - Text 'rajaram' is set on object 'Object Repository/DispensaryToCms/Page_Dispensary Store Login/input_txtusername'

2018-05-24 19:47:28 - [TEST_STEP][PASSED] - setText: Text '123' is set on object 'Object Repository/DispensaryToCms/Page_Dispensary Store Login/input_txtpassword'

2018-05-24 19:47:28 - [MESSAGE][PASSED] - Text '123' is set on object 'Object Repository/DispensaryToCms/Page_Dispensary Store Login/input_txtpassword'

2018-05-24 19:47:28 - [TEST_STEP][PASSED] - delay: Delayed 3 second(s)

2018-05-24 19:47:31 - [MESSAGE][PASSED] - Delayed 3 second(s)

2018-05-24 19:47:31 - [TEST_STEP][PASSED] - click: Object: 'Object Repository/DispensaryToCms/Page_Dispensary Store Login/button_Sign in' is clicked on

2018-05-24 19:47:32 - [MESSAGE][PASSED] - Object: 'Object Repository/DispensaryToCms/Page_Dispensary Store Login/button_Sign in' is clicked on

2018-05-24 19:47:32 - [TEST_STEP][PASSED] - delay: Delayed 3 second(s)

2018-05-24 19:47:35 - [MESSAGE][PASSED] - Delayed 3 second(s)

2018-05-24 19:47:35 - [TEST_STEP][PASSED] - click: Object: 'Object Repository/DispensaryToCms/Page_Dispensary Store/a_CMS' is clicked on

2018-05-24 19:47:35 - [MESSAGE][PASSED] - Object: 'Object Repository/DispensaryToCms/Page_Dispensary Store/a_CMS' is clicked on

2018-05-24 19:47:35 - [TEST_STEP][PASSED] - click: Object: 'Object Repository/DispensaryToCms/Page_Dispensary Store/a_Request Send' is clicked on

2018-05-24 19:47:36 - [MESSAGE][PASSED] - Object: 'Object Repository/DispensaryToCms/Page_Dispensary Store/a_Request Send' is clicked on

2018-05-24 19:47:36 - [TEST_STEP][PASSED] - delay: Delayed 2 second(s)

2018-05-24 19:47:38 - [MESSAGE][PASSED] - Delayed 2 second(s)

2018-05-24 19:47:38 - [TEST_STEP][PASSED] - selectOptionByIndex: All options with index in [2] are selected on object 'Object Repository/DispensaryToCms/Page_Dispensary Store/select_--Select--'

2018-05-24 19:47:38 - [MESSAGE][PASSED] - All options with index in [2] are selected on object 'Object Repository/DispensaryToCms/Page_Dispensary Store/select_--Select--'

2018-05-24 19:47:38 - [TEST_STEP][PASSED] - selectOptionByIndex: All options with index in [12] are selected on object 'Object Repository/DispensaryToCms/Page_Dispensary Store/select_--Select--Schedule 1Inj'

2018-05-24 19:47:38 - [MESSAGE][PASSED] - All options with index in [12] are selected on object 'Object Repository/DispensaryToCms/Page_Dispensary Store/select_--Select--Schedule 1Inj'

2018-05-24 19:47:38 - [TEST_STEP][PASSED] - Statement - medicineslength = com.kms.katalon.core.webui.keyword.WebUiBuiltInKeywords.getNumberOfTotalOption(com.kms.katalon.core.testobject.ObjectRepository.findTestObject(DispensaryToCms/Page_Dispensary Store/select_--Select--Adernaline 0.)): 19 options of object 'Object Repository/DispensaryToCms/Page_Dispensary Store/select_--Select--Adernaline 0.' counted

2018-05-24 19:47:39 - [MESSAGE][PASSED] - 19 options of object 'Object Repository/DispensaryToCms/Page_Dispensary Store/select_--Select--Adernaline 0.' counted

2018-05-24 19:47:39 - [TEST_STEP][PASSED] - Statement - For ([e = 1, e <= medicineslength - 1, (e++)]): Object: 'Object Repository/DispensaryToCms/Page_Dispensary Store/button_Add' is clicked on

2018-05-24 19:47:39 - [TEST_STEP][PASSED] - selectOptionByIndex: All options with index in [12] are selected on object 'Object Repository/DispensaryToCms/Page_Dispensary Store/select_--Select--Schedule 1Inj'

2018-05-24 19:47:39 - [MESSAGE][PASSED] - All options with index in [12] are selected on object 'Object Repository/DispensaryToCms/Page_Dispensary Store/select_--Select--Schedule 1Inj'

2018-05-24 19:47:39 - [TEST_STEP][PASSED] - selectOptionByIndex: All options with index in [1] are selected on object 'Object Repository/DispensaryToCms/Page_Dispensary Store/select_--Select--Adernaline 0.'

2018-05-24 19:47:39 - [MESSAGE][PASSED] - All options with index in [1] are selected on object 'Object Repository/DispensaryToCms/Page_Dispensary Store/select_--Select--Adernaline 0.'

2018-05-24 19:47:39 - [TEST_STEP][PASSED] - setText: Text '100' is set on object 'Object Repository/DispensaryToCms/Page_Dispensary Store/input_txttreat'

2018-05-24 19:47:39 - [MESSAGE][PASSED] - Text '100' is set on object 'Object Repository/DispensaryToCms/Page_Dispensary Store/input_txttreat'

2018-05-24 19:47:39 - [TEST_STEP][PASSED] - click: Object: 'Object Repository/DispensaryToCms/Page_Dispensary Store/button_Add' is clicked on

2018-05-24 19:47:39 - [MESSAGE][PASSED] - Object: 'Object Repository/DispensaryToCms/Page_Dispensary Store/button_Add' is clicked on

2018-05-24 19:47:39 - [TEST_STEP][PASSED] - selectOptionByIndex: All options with index in [12] are selected on object 'Object Repository/DispensaryToCms/Page_Dispensary Store/select_--Select--Schedule 1Inj'

2018-05-24 19:47:39 - [MESSAGE][PASSED] - All options with index in [12] are selected on object 'Object Repository/DispensaryToCms/Page_Dispensary Store/select_--Select--Schedule 1Inj'

2018-05-24 19:47:39 - [TEST_STEP][PASSED] - selectOptionByIndex: All options with index in [2] are selected on object 'Object Repository/DispensaryToCms/Page_Dispensary Store/select_--Select--Adernaline 0.'

2018-05-24 19:47:39 - [MESSAGE][PASSED] - All options with index in [2] are selected on object 'Object Repository/DispensaryToCms/Page_Dispensary Store/select_--Select--Adernaline 0.'

2018-05-24 19:47:39 - [TEST_STEP][PASSED] - setText: Text '100' is set on object 'Object Repository/DispensaryToCms/Page_Dispensary Store/input_txttreat'

2018-05-24 19:47:40 - [MESSAGE][PASSED] - Text '100' is set on object 'Object Repository/DispensaryToCms/Page_Dispensary Store/input_txttreat'

2018-05-24 19:47:40 - [TEST_STEP][PASSED] - click: Object: 'Object Repository/DispensaryToCms/Page_Dispensary Store/button_Add' is clicked on

2018-05-24 19:47:40 - [MESSAGE][PASSED] - Object: 'Object Repository/DispensaryToCms/Page_Dispensary Store/button_Add' is clicked on

2018-05-24 19:47:40 - [TEST_STEP][PASSED] - selectOptionByIndex: All options with index in [12] are selected on object 'Object Repository/DispensaryToCms/Page_Dispensary Store/select_--Select--Schedule 1Inj'

2018-05-24 19:47:40 - [MESSAGE][PASSED] - All options with index in [12] are selected on object 'Object Repository/DispensaryToCms/Page_Dispensary Store/select_--Select--Schedule 1Inj'

2018-05-24 19:47:40 - [TEST_STEP][PASSED] - selectOptionByIndex: All options with index in [3] are selected on object 'Object Repository/DispensaryToCms/Page_Dispensary Store/select_--Select--Adernaline 0.'

2018-05-24 19:47:40 - [MESSAGE][PASSED] - All options with index in [3] are selected on object 'Object Repository/DispensaryToCms/Page_Dispensary Store/select_--Select--Adernaline 0.'

2018-05-24 19:47:40 - [TEST_STEP][PASSED] - setText: Text '100' is set on object 'Object Repository/DispensaryToCms/Page_Dispensary Store/input_txttreat'

2018-05-24 19:47:40 - [MESSAGE][PASSED] - Text '100' is set on object 'Object Repository/DispensaryToCms/Page_Dispensary Store/input_txttreat'

2018-05-24 19:47:40 - [TEST_STEP][PASSED] - click: Object: 'Object Repository/DispensaryToCms/Page_Dispensary Store/button_Add' is clicked on

2018-05-24 19:47:40 - [MESSAGE][PASSED] - Object: 'Object Repository/DispensaryToCms/Page_Dispensary Store/button_Add' is clicked on

2018-05-24 19:47:40 - [TEST_STEP][PASSED] - selectOptionByIndex: All options with index in [12] are selected on object 'Object Repository/DispensaryToCms/Page_Dispensary Store/select_--Select--Schedule 1Inj'

2018-05-24 19:47:40 - [MESSAGE][PASSED] - All options with index in [12] are selected on object 'Object Repository/DispensaryToCms/Page_Dispensary Store/select_--Select--Schedule 1Inj'

2018-05-24 19:47:40 - [TEST_STEP][PASSED] - selectOptionByIndex: All options with index in [4] are selected on object 'Object Repository/DispensaryToCms/Page_Dispensary Store/select_--Select--Adernaline 0.'

2018-05-24 19:47:41 - [MESSAGE][PASSED] - All options with index in [4] are selected on object 'Object Repository/DispensaryToCms/Page_Dispensary Store/select_--Select--Adernaline 0.'

2018-05-24 19:47:41 - [TEST_STEP][PASSED] - setText: Text '100' is set on object 'Object Repository/DispensaryToCms/Page_Dispensary Store/input_txttreat'

2018-05-24 19:47:41 - [MESSAGE][PASSED] - Text '100' is set on object 'Object Repository/DispensaryToCms/Page_Dispensary Store/input_txttreat'

2018-05-24 19:47:41 - [TEST_STEP][PASSED] - click: Object: 'Object Repository/DispensaryToCms/Page_Dispensary Store/button_Add' is clicked on

2018-05-24 19:47:41 - [MESSAGE][PASSED] - Object: 'Object Repository/DispensaryToCms/Page_Dispensary Store/button_Add' is clicked on

2018-05-24 19:47:41 - [TEST_STEP][PASSED] - selectOptionByIndex: All options with index in [12] are selected on object 'Object Repository/DispensaryToCms/Page_Dispensary Store/select_--Select--Schedule 1Inj'

2018-05-24 19:47:41 - [MESSAGE][PASSED] - All options with index in [12] are selected on object 'Object Repository/DispensaryToCms/Page_Dispensary Store/select_--Select--Schedule 1Inj'

2018-05-24 19:47:41 - [TEST_STEP][PASSED] - selectOptionByIndex: All options with index in [5] are selected on object 'Object Repository/DispensaryToCms/Page_Dispensary Store/select_--Select--Adernaline 0.'

2018-05-24 19:47:41 - [MESSAGE][PASSED] - All options with index in [5] are selected on object 'Object Repository/DispensaryToCms/Page_Dispensary Store/select_--Select--Adernaline 0.'

2018-05-24 19:47:41 - [TEST_STEP][PASSED] - setText: Text '100' is set on object 'Object Repository/DispensaryToCms/Page_Dispensary Store/input_txttreat'

2018-05-24 19:47:41 - [MESSAGE][PASSED] - Text '100' is set on object 'Object Repository/DispensaryToCms/Page_Dispensary Store/input_txttreat'

2018-05-24 19:47:41 - [TEST_STEP][PASSED] - click: Object: 'Object Repository/DispensaryToCms/Page_Dispensary Store/button_Add' is clicked on

2018-05-24 19:47:41 - [MESSAGE][PASSED] - Object: 'Object Repository/DispensaryToCms/Page_Dispensary Store/button_Add' is clicked on

2018-05-24 19:47:41 - [TEST_STEP][PASSED] - selectOptionByIndex: All options with index in [12] are selected on object 'Object Repository/DispensaryToCms/Page_Dispensary Store/select_--Select--Schedule 1Inj'

2018-05-24 19:47:42 - [MESSAGE][PASSED] - All options with index in [12] are selected on object 'Object Repository/DispensaryToCms/Page_Dispensary Store/select_--Select--Schedule 1Inj'

2018-05-24 19:47:42 - [TEST_STEP][PASSED] - selectOptionByIndex: All options with index in [6] are selected on object 'Object Repository/DispensaryToCms/Page_Dispensary Store/select_--Select--Adernaline 0.'

2018-05-24 19:47:42 - [MESSAGE][PASSED] - All options with index in [6] are selected on object 'Object Repository/DispensaryToCms/Page_Dispensary Store/select_--Select--Adernaline 0.'

2018-05-24 19:47:42 - [TEST_STEP][PASSED] - setText: Text '100' is set on object 'Object Repository/DispensaryToCms/Page_Dispensary Store/input_txttreat'

2018-05-24 19:47:42 - [MESSAGE][PASSED] - Text '100' is set on object 'Object Repository/DispensaryToCms/Page_Dispensary Store/input_txttreat'

2018-05-24 19:47:42 - [TEST_STEP][PASSED] - click: Object: 'Object Repository/DispensaryToCms/Page_Dispensary Store/button_Add' is clicked on

2018-05-24 19:47:42 - [MESSAGE][PASSED] - Object: 'Object Repository/DispensaryToCms/Page_Dispensary Store/button_Add' is clicked on

2018-05-24 19:47:42 - [TEST_STEP][PASSED] - selectOptionByIndex: All options with index in [12] are selected on object 'Object Repository/DispensaryToCms/Page_Dispensary Store/select_--Select--Schedule 1Inj'

2018-05-24 19:47:42 - [MESSAGE][PASSED] - All options with index in [12] are selected on object 'Object Repository/DispensaryToCms/Page_Dispensary Store/select_--Select--Schedule 1Inj'

2018-05-24 19:47:42 - [TEST_STEP][PASSED] - selectOptionByIndex: All options with index in [7] are selected on object 'Object Repository/DispensaryToCms/Page_Dispensary Store/select_--Select--Adernaline 0.'

2018-05-24 19:47:42 - [MESSAGE][PASSED] - All options with index in [7] are selected on object 'Object Repository/DispensaryToCms/Page_Dispensary Store/select_--Select--Adernaline 0.'

2018-05-24 19:47:42 - [TEST_STEP][PASSED] - setText: Text '100' is set on object 'Object Repository/DispensaryToCms/Page_Dispensary Store/input_txttreat'

2018-05-24 19:47:42 - [MESSAGE][PASSED] - Text '100' is set on object 'Object Repository/DispensaryToCms/Page_Dispensary Store/input_txttreat'

2018-05-24 19:47:42 - [TEST_STEP][PASSED] - click: Object: 'Object Repository/DispensaryToCms/Page_Dispensary Store/button_Add' is clicked on

2018-05-24 19:47:42 - [MESSAGE][PASSED] - Object: 'Object Repository/DispensaryToCms/Page_Dispensary Store/button_Add' is clicked on

2018-05-24 19:47:42 - [TEST_STEP][PASSED] - selectOptionByIndex: All options with index in [12] are selected on object 'Object Repository/DispensaryToCms/Page_Dispensary Store/select_--Select--Schedule 1Inj'

2018-05-24 19:47:43 - [MESSAGE][PASSED] - All options with index in [12] are selected on object 'Object Repository/DispensaryToCms/Page_Dispensary Store/select_--Select--Schedule 1Inj'

2018-05-24 19:47:43 - [TEST_STEP][PASSED] - selectOptionByIndex: All options with index in [8] are selected on object 'Object Repository/DispensaryToCms/Page_Dispensary Store/select_--Select--Adernaline 0.'

2018-05-24 19:47:43 - [MESSAGE][PASSED] - All options with index in [8] are selected on object 'Object Repository/DispensaryToCms/Page_Dispensary Store/select_--Select--Adernaline 0.'

2018-05-24 19:47:43 - [TEST_STEP][PASSED] - setText: Text '100' is set on object 'Object Repository/DispensaryToCms/Page_Dispensary Store/input_txttreat'

2018-05-24 19:47:43 - [MESSAGE][PASSED] - Text '100' is set on object 'Object Repository/DispensaryToCms/Page_Dispensary Store/input_txttreat'

2018-05-24 19:47:43 - [TEST_STEP][PASSED] - click: Object: 'Object Repository/DispensaryToCms/Page_Dispensary Store/button_Add' is clicked on

2018-05-24 19:47:43 - [MESSAGE][PASSED] - Object: 'Object Repository/DispensaryToCms/Page_Dispensary Store/button_Add' is clicked on

2018-05-24 19:47:43 - [TEST_STEP][PASSED] - selectOptionByIndex: All options with index in [12] are selected on object 'Object Repository/DispensaryToCms/Page_Dispensary Store/select_--Select--Schedule 1Inj'

2018-05-24 19:47:43 - [MESSAGE][PASSED] - All options with index in [12] are selected on object 'Object Repository/DispensaryToCms/Page_Dispensary Store/select_--Select--Schedule 1Inj'

2018-05-24 19:47:43 - [TEST_STEP][PASSED] - selectOptionByIndex: All options with index in [9] are selected on object 'Object Repository/DispensaryToCms/Page_Dispensary Store/select_--Select--Adernaline 0.'

2018-05-24 19:47:44 - [MESSAGE][PASSED] - All options with index in [9] are selected on object 'Object Repository/DispensaryToCms/Page_Dispensary Store/select_--Select--Adernaline 0.'

2018-05-24 19:47:44 - [TEST_STEP][PASSED] - setText: Text '100' is set on object 'Object Repository/DispensaryToCms/Page_Dispensary Store/input_txttreat'

2018-05-24 19:47:44 - [MESSAGE][PASSED] - Text '100' is set on object 'Object Repository/DispensaryToCms/Page_Dispensary Store/input_txttreat'

2018-05-24 19:47:44 - [TEST_STEP][PASSED] - click: Object: 'Object Repository/DispensaryToCms/Page_Dispensary Store/button_Add' is clicked on

2018-05-24 19:47:44 - [MESSAGE][PASSED] - Object: 'Object Repository/DispensaryToCms/Page_Dispensary Store/button_Add' is clicked on

2018-05-24 19:47:44 - [TEST_STEP][PASSED] - selectOptionByIndex: All options with index in [12] are selected on object 'Object Repository/DispensaryToCms/Page_Dispensary Store/select_--Select--Schedule 1Inj'

2018-05-24 19:47:44 - [MESSAGE][PASSED] - All options with index in [12] are selected on object 'Object Repository/DispensaryToCms/Page_Dispensary Store/select_--Select--Schedule 1Inj'

2018-05-24 19:47:44 - [TEST_STEP][PASSED] - selectOptionByIndex: All options with index in [10] are selected on object 'Object Repository/DispensaryToCms/Page_Dispensary Store/select_--Select--Adernaline 0.'

2018-05-24 19:47:44 - [MESSAGE][PASSED] - All options with index in [10] are selected on object 'Object Repository/DispensaryToCms/Page_Dispensary Store/select_--Select--Adernaline 0.'

2018-05-24 19:47:44 - [TEST_STEP][PASSED] - setText: Text '100' is set on object 'Object Repository/DispensaryToCms/Page_Dispensary Store/input_txttreat'

2018-05-24 19:47:44 - [MESSAGE][PASSED] - Text '100' is set on object 'Object Repository/DispensaryToCms/Page_Dispensary Store/input_txttreat'

2018-05-24 19:47:44 - [TEST_STEP][PASSED] - click: Object: 'Object Repository/DispensaryToCms/Page_Dispensary Store/button_Add' is clicked on

2018-05-24 19:47:44 - [MESSAGE][PASSED] - Object: 'Object Repository/DispensaryToCms/Page_Dispensary Store/button_Add' is clicked on

2018-05-24 19:47:44 - [TEST_STEP][PASSED] - selectOptionByIndex: All options with index in [12] are selected on object 'Object Repository/DispensaryToCms/Page_Dispensary Store/select_--Select--Schedule 1Inj'

2018-05-24 19:47:45 - [MESSAGE][PASSED] - All options with index in [12] are selected on object 'Object Repository/DispensaryToCms/Page_Dispensary Store/select_--Select--Schedule 1Inj'

2018-05-24 19:47:45 - [TEST_STEP][PASSED] - selectOptionByIndex: All options with index in [11] are selected on object 'Object Repository/DispensaryToCms/Page_Dispensary Store/select_--Select--Adernaline 0.'

2018-05-24 19:47:45 - [MESSAGE][PASSED] - All options with index in [11] are selected on object 'Object Repository/DispensaryToCms/Page_Dispensary Store/select_--Select--Adernaline 0.'

2018-05-24 19:47:45 - [TEST_STEP][PASSED] - setText: Text '100' is set on object 'Object Repository/DispensaryToCms/Page_Dispensary Store/input_txttreat'

2018-05-24 19:47:45 - [MESSAGE][PASSED] - Text '100' is set on object 'Object Repository/DispensaryToCms/Page_Dispensary Store/input_txttreat'

2018-05-24 19:47:45 - [TEST_STEP][PASSED] - click: Object: 'Object Repository/DispensaryToCms/Page_Dispensary Store/button_Add' is clicked on

2018-05-24 19:47:45 - [MESSAGE][PASSED] - Object: 'Object Repository/DispensaryToCms/Page_Dispensary Store/button_Add' is clicked on

2018-05-24 19:47:45 - [TEST_STEP][PASSED] - selectOptionByIndex: All options with index in [12] are selected on object 'Object Repository/DispensaryToCms/Page_Dispensary Store/select_--Select--Schedule 1Inj'

2018-05-24 19:47:45 - [MESSAGE][PASSED] - All options with index in [12] are selected on object 'Object Repository/DispensaryToCms/Page_Dispensary Store/select_--Select--Schedule 1Inj'

2018-05-24 19:47:45 - [TEST_STEP][PASSED] - selectOptionByIndex: All options with index in [12] are selected on object 'Object Repository/DispensaryToCms/Page_Dispensary Store/select_--Select--Adernaline 0.'

2018-05-24 19:47:45 - [MESSAGE][PASSED] - All options with index in [12] are selected on object 'Object Repository/DispensaryToCms/Page_Dispensary Store/select_--Select--Adernaline 0.'

2018-05-24 19:47:45 - [TEST_STEP][PASSED] - setText: Text '100' is set on object 'Object Repository/DispensaryToCms/Page_Dispensary Store/input_txttreat'

2018-05-24 19:47:46 - [MESSAGE][PASSED] - Text '100' is set on object 'Object Repository/DispensaryToCms/Page_Dispensary Store/input_txttreat'

2018-05-24 19:47:46 - [TEST_STEP][PASSED] - click: Object: 'Object Repository/DispensaryToCms/Page_Dispensary Store/button_Add' is clicked on

2018-05-24 19:47:46 - [MESSAGE][PASSED] - Object: 'Object Repository/DispensaryToCms/Page_Dispensary Store/button_Add' is clicked on

2018-05-24 19:47:46 - [TEST_STEP][PASSED] - selectOptionByIndex: All options with index in [12] are selected on object 'Object Repository/DispensaryToCms/Page_Dispensary Store/select_--Select--Schedule 1Inj'

2018-05-24 19:47:46 - [MESSAGE][PASSED] - All options with index in [12] are selected on object 'Object Repository/DispensaryToCms/Page_Dispensary Store/select_--Select--Schedule 1Inj'

2018-05-24 19:47:46 - [TEST_STEP][PASSED] - selectOptionByIndex: All options with index in [13] are selected on object 'Object Repository/DispensaryToCms/Page_Dispensary Store/select_--Select--Adernaline 0.'

2018-05-24 19:47:46 - [MESSAGE][PASSED] - All options with index in [13] are selected on object 'Object Repository/DispensaryToCms/Page_Dispensary Store/select_--Select--Adernaline 0.'

2018-05-24 19:47:46 - [TEST_STEP][PASSED] - setText: Text '100' is set on object 'Object Repository/DispensaryToCms/Page_Dispensary Store/input_txttreat'

2018-05-24 19:47:46 - [MESSAGE][PASSED] - Text '100' is set on object 'Object Repository/DispensaryToCms/Page_Dispensary Store/input_txttreat'

2018-05-24 19:47:46 - [TEST_STEP][PASSED] - click: Object: 'Object Repository/DispensaryToCms/Page_Dispensary Store/button_Add' is clicked on

2018-05-24 19:47:46 - [MESSAGE][PASSED] - Object: 'Object Repository/DispensaryToCms/Page_Dispensary Store/button_Add' is clicked on

2018-05-24 19:47:46 - [TEST_STEP][PASSED] - selectOptionByIndex: All options with index in [12] are selected on object 'Object Repository/DispensaryToCms/Page_Dispensary Store/select_--Select--Schedule 1Inj'

2018-05-24 19:47:46 - [MESSAGE][PASSED] - All options with index in [12] are selected on object 'Object Repository/DispensaryToCms/Page_Dispensary Store/select_--Select--Schedule 1Inj'

2018-05-24 19:47:46 - [TEST_STEP][PASSED] - selectOptionByIndex: All options with index in [14] are selected on object 'Object Repository/DispensaryToCms/Page_Dispensary Store/select_--Select--Adernaline 0.'

2018-05-24 19:47:47 - [MESSAGE][PASSED] - All options with index in [14] are selected on object 'Object Repository/DispensaryToCms/Page_Dispensary Store/select_--Select--Adernaline 0.'

2018-05-24 19:47:47 - [TEST_STEP][PASSED] - setText: Text '100' is set on object 'Object Repository/DispensaryToCms/Page_Dispensary Store/input_txttreat'

2018-05-24 19:47:47 - [MESSAGE][PASSED] - Text '100' is set on object 'Object Repository/DispensaryToCms/Page_Dispensary Store/input_txttreat'

2018-05-24 19:47:47 - [TEST_STEP][PASSED] - click: Object: 'Object Repository/DispensaryToCms/Page_Dispensary Store/button_Add' is clicked on

2018-05-24 19:47:47 - [MESSAGE][PASSED] - Object: 'Object Repository/DispensaryToCms/Page_Dispensary Store/button_Add' is clicked on

2018-05-24 19:47:47 - [TEST_STEP][PASSED] - selectOptionByIndex: All options with index in [12] are selected on object 'Object Repository/DispensaryToCms/Page_Dispensary Store/select_--Select--Schedule 1Inj'

2018-05-24 19:47:47 - [MESSAGE][PASSED] - All options with index in [12] are selected on object 'Object Repository/DispensaryToCms/Page_Dispensary Store/select_--Select--Schedule 1Inj'

2018-05-24 19:47:47 - [TEST_STEP][PASSED] - selectOptionByIndex: All options with index in [15] are selected on object 'Object Repository/DispensaryToCms/Page_Dispensary Store/select_--Select--Adernaline 0.'

2018-05-24 19:47:47 - [MESSAGE][PASSED] - All options with index in [15] are selected on object 'Object Repository/DispensaryToCms/Page_Dispensary Store/select_--Select--Adernaline 0.'

2018-05-24 19:47:47 - [TEST_STEP][PASSED] - setText: Text '100' is set on object 'Object Repository/DispensaryToCms/Page_Dispensary Store/input_txttreat'

2018-05-24 19:47:47 - [MESSAGE][PASSED] - Text '100' is set on object 'Object Repository/DispensaryToCms/Page_Dispensary Store/input_txttreat'

2018-05-24 19:47:47 - [TEST_STEP][PASSED] - click: Object: 'Object Repository/DispensaryToCms/Page_Dispensary Store/button_Add' is clicked on

2018-05-24 19:47:48 - [MESSAGE][PASSED] - Object: 'Object Repository/DispensaryToCms/Page_Dispensary Store/button_Add' is clicked on

2018-05-24 19:47:48 - [TEST_STEP][PASSED] - selectOptionByIndex: All options with index in [12] are selected on object 'Object Repository/DispensaryToCms/Page_Dispensary Store/select_--Select--Schedule 1Inj'

2018-05-24 19:47:48 - [MESSAGE][PASSED] - All options with index in [12] are selected on object 'Object Repository/DispensaryToCms/Page_Dispensary Store/select_--Select--Schedule 1Inj'

2018-05-24 19:47:48 - [TEST_STEP][PASSED] - selectOptionByIndex: All options with index in [16] are selected on object 'Object Repository/DispensaryToCms/Page_Dispensary Store/select_--Select--Adernaline 0.'

2018-05-24 19:47:48 - [MESSAGE][PASSED] - All options with index in [16] are selected on object 'Object Repository/DispensaryToCms/Page_Dispensary Store/select_--Select--Adernaline 0.'

2018-05-24 19:47:48 - [TEST_STEP][PASSED] - setText: Text '100' is set on object 'Object Repository/DispensaryToCms/Page_Dispensary Store/input_txttreat'

2018-05-24 19:47:48 - [MESSAGE][PASSED] - Text '100' is set on object 'Object Repository/DispensaryToCms/Page_Dispensary Store/input_txttreat'

2018-05-24 19:47:48 - [TEST_STEP][PASSED] - click: Object: 'Object Repository/DispensaryToCms/Page_Dispensary Store/button_Add' is clicked on

2018-05-24 19:47:48 - [MESSAGE][PASSED] - Object: 'Object Repository/DispensaryToCms/Page_Dispensary Store/button_Add' is clicked on

2018-05-24 19:47:48 - [TEST_STEP][PASSED] - selectOptionByIndex: All options with index in [12] are selected on object 'Object Repository/DispensaryToCms/Page_Dispensary Store/select_--Select--Schedule 1Inj'

2018-05-24 19:47:48 - [MESSAGE][PASSED] - All options with index in [12] are selected on object 'Object Repository/DispensaryToCms/Page_Dispensary Store/select_--Select--Schedule 1Inj'

2018-05-24 19:47:48 - [TEST_STEP][PASSED] - selectOptionByIndex: All options with index in [17] are selected on object 'Object Repository/DispensaryToCms/Page_Dispensary Store/select_--Select--Adernaline 0.'

2018-05-24 19:47:49 - [MESSAGE][PASSED] - All options with index in [17] are selected on object 'Object Repository/DispensaryToCms/Page_Dispensary Store/select_--Select--Adernaline 0.'

2018-05-24 19:47:49 - [TEST_STEP][PASSED] - setText: Text '100' is set on object 'Object Repository/DispensaryToCms/Page_Dispensary Store/input_txttreat'

2018-05-24 19:47:49 - [MESSAGE][PASSED] - Text '100' is set on object 'Object Repository/DispensaryToCms/Page_Dispensary Store/input_txttreat'

2018-05-24 19:47:49 - [TEST_STEP][PASSED] - click: Object: 'Object Repository/DispensaryToCms/Page_Dispensary Store/button_Add' is clicked on

2018-05-24 19:47:49 - [MESSAGE][PASSED] - Object: 'Object Repository/DispensaryToCms/Page_Dispensary Store/button_Add' is clicked on

2018-05-24 19:47:49 - [TEST_STEP][PASSED] - selectOptionByIndex: All options with index in [12] are selected on object 'Object Repository/DispensaryToCms/Page_Dispensary Store/select_--Select--Schedule 1Inj'

2018-05-24 19:47:49 - [MESSAGE][PASSED] - All options with index in [12] are selected on object 'Object Repository/DispensaryToCms/Page_Dispensary Store/select_--Select--Schedule 1Inj'

2018-05-24 19:47:49 - [TEST_STEP][PASSED] - selectOptionByIndex: All options with index in [18] are selected on object 'Object Repository/DispensaryToCms/Page_Dispensary Store/select_--Select--Adernaline 0.'

2018-05-24 19:47:49 - [MESSAGE][PASSED] - All options with index in [18] are selected on object 'Object Repository/DispensaryToCms/Page_Dispensary Store/select_--Select--Adernaline 0.'

2018-05-24 19:47:49 - [TEST_STEP][PASSED] - setText: Text '100' is set on object 'Object Repository/DispensaryToCms/Page_Dispensary Store/input_txttreat'

2018-05-24 19:47:50 - [MESSAGE][PASSED] - Text '100' is set on object 'Object Repository/DispensaryToCms/Page_Dispensary Store/input_txttreat'

2018-05-24 19:47:50 - [TEST_STEP][PASSED] - click: Object: 'Object Repository/DispensaryToCms/Page_Dispensary Store/button_Add' is clicked on

2018-05-24 19:47:50 - [MESSAGE][PASSED] - Object: 'Object Repository/DispensaryToCms/Page_Dispensary Store/button_Add' is clicked on

2018-05-24 19:47:50 - [TEST_STEP][PASSED] - scrollToElement: Scroll to object 'Object Repository/DispensaryToCms/Page_Dispensary Store/input_btnsave' successfully

2018-05-24 19:47:50 - [MESSAGE][PASSED] - Scroll to object 'Object Repository/DispensaryToCms/Page_Dispensary Store/input_btnsave' successfully

2018-05-24 19:47:50 - [TEST_STEP][PASSED] - click: Object: 'Object Repository/DispensaryToCms/Page_Dispensary Store/input_btnsave' is clicked on

2018-05-24 19:47:50 - [MESSAGE][PASSED] - Object: 'Object Repository/DispensaryToCms/Page_Dispensary Store/input_btnsave' is clicked on

2018-05-24 19:47:50 - [TEST_STEP][PASSED] - delay: Delayed 3 second(s)

2018-05-24 19:47:53 - [MESSAGE][PASSED] - Delayed 3 second(s)

2018-05-24 19:47:53 - [TEST_STEP][PASSED] - Statement - RN1 = com.kms.katalon.core.webui.keyword.WebUiBuiltInKeywords.getText(com.kms.katalon.core.testobject.ObjectRepository.findTestObject(DispensaryToCms/Page_Dispensary Store/font_PRNO18052018174)): Text of object 'Object Repository/DispensaryToCms/Page_Dispensary Store/font_PRNO18052018174' is: 'PRNO/24052018/386'

2018-05-24 19:47:53 - [MESSAGE][PASSED] - Text of object 'Object Repository/DispensaryToCms/Page_Dispensary Store/font_PRNO18052018174' is: 'PRNO/24052018/386'

2018-05-24 19:47:53 - [TEST_STEP][PASSED] - Statement - out.println(RN1): null

2018-05-24 19:47:53 - [TEST_STEP][PASSED] - Statement - RID = RN1.split("/")[2]: null

2018-05-24 19:47:53 - [TEST_STEP][PASSED] - click: Object: 'Object Repository/DispensaryToCms/Page_Dispensary Store/button_OK' is clicked on

2018-05-24 19:47:53 - [MESSAGE][PASSED] - Object: 'Object Repository/DispensaryToCms/Page_Dispensary Store/button_OK' is clicked on

2018-05-24 19:47:53 - [TEST_STEP][PASSED] - delay: Delayed 3 second(s)

2018-05-24 19:47:56 - [MESSAGE][PASSED] - Delayed 3 second(s)

2018-05-24 19:47:56 - [TEST_STEP][PASSED] - waitForElementPresent: Object 'Object Repository/DispensaryToStore/Page_Dispensary Store/a_dropdown-toggle' is present

2018-05-24 19:47:56 - [MESSAGE][PASSED] - Object 'Object Repository/DispensaryToStore/Page_Dispensary Store/a_dropdown-toggle' is present

2018-05-24 19:47:56 - [TEST_STEP][PASSED] - click: Object: 'Object Repository/DispensaryToCms/Page_Dispensary Store/a_dropdown-toggle' is clicked on

2018-05-24 19:47:56 - [MESSAGE][PASSED] - Object: 'Object Repository/DispensaryToCms/Page_Dispensary Store/a_dropdown-toggle' is clicked on

2018-05-24 19:47:56 - [TEST_STEP][PASSED] - click: Object: 'Object Repository/DispensaryToCms/Page_Dispensary Store/a_Sign out' is clicked on

2018-05-24 19:47:57 - [MESSAGE][PASSED] - Object: 'Object Repository/DispensaryToCms/Page_Dispensary Store/a_Sign out' is clicked on

2018-05-24 19:47:57 - [TEST_STEP][PASSED] - delay: Delayed 3 second(s)

2018-05-24 19:48:00 - [MESSAGE][PASSED] - Delayed 3 second(s)

2018-05-24 19:48:00 - [TEST_STEP][PASSED] - navigateToUrl: Navigate to 'http://192.168.137.1/multihospital_new/' successfully

2018-05-24 19:48:00 - [MESSAGE][PASSED] - Navigate to 'http://192.168.137.1/multihospital_new/' successfully

2018-05-24 19:48:00 - [TEST_STEP][PASSED] - click: Object: 'Object Repository/DispensaryToCms/Page_KDMC/a_CMO' is clicked on

2018-05-24 19:48:01 - [MESSAGE][PASSED] - Object: 'Object Repository/DispensaryToCms/Page_KDMC/a_CMO' is clicked on

2018-05-24 19:48:01 - [TEST_STEP][PASSED] - setText: Text 'guru' is set on object 'Object Repository/DispensaryToCms/Page_CMO login/input_txtusername'

2018-05-24 19:48:01 - [MESSAGE][PASSED] - Text 'guru' is set on object 'Object Repository/DispensaryToCms/Page_CMO login/input_txtusername'

2018-05-24 19:48:01 - [TEST_STEP][PASSED] - setText: Text '123' is set on object 'Object Repository/DispensaryToCms/Page_CMO login/input_txtpassword'

2018-05-24 19:48:01 - [MESSAGE][PASSED] - Text '123' is set on object 'Object Repository/DispensaryToCms/Page_CMO login/input_txtpassword'

2018-05-24 19:48:01 - [TEST_STEP][PASSED] - delay: Delayed 3 second(s)

2018-05-24 19:48:04 - [MESSAGE][PASSED] - Delayed 3 second(s)

2018-05-24 19:48:04 - [TEST_STEP][PASSED] - click: Object: 'Object Repository/DispensaryToCms/Page_CMO login/button_Sign in' is clicked on

2018-05-24 19:48:05 - [MESSAGE][PASSED] - Object: 'Object Repository/DispensaryToCms/Page_CMO login/button_Sign in' is clicked on

2018-05-24 19:48:05 - [TEST_STEP][PASSED] - delay: Delayed 3 second(s)

2018-05-24 19:48:08 - [MESSAGE][PASSED] - Delayed 3 second(s)

2018-05-24 19:48:08 - [TEST_STEP][PASSED] - click: Object: 'Object Repository/DispensaryToCms/Page_KDMC - CMO/a_CMS Request' is clicked on

2018-05-24 19:48:09 - [MESSAGE][PASSED] - Object: 'Object Repository/DispensaryToCms/Page_KDMC - CMO/a_CMS Request' is clicked on

2018-05-24 19:48:09 - [TEST_STEP][PASSED] - delay: Delayed 2 second(s)

2018-05-24 19:48:11 - [MESSAGE][PASSED] - Delayed 2 second(s)

2018-05-24 19:48:11 - [TEST_STEP][PASSED] - click: Object: 'Object Repository/DispensaryToCms/Page_KDMC - CMO/a_Dispensary Store Request' is clicked on

2018-05-24 19:48:11 - [MESSAGE][PASSED] - Object: 'Object Repository/DispensaryToCms/Page_KDMC - CMO/a_Dispensary Store Request' is clicked on

2018-05-24 19:48:11 - [TEST_STEP][PASSED] - selectOptionByIndex: All options with index in [1] are selected on object 'Object Repository/DispensaryToCms/Page_KDMC - CMO/select_--ALL--'

2018-05-24 19:48:11 - [MESSAGE][PASSED] - All options with index in [1] are selected on object 'Object Repository/DispensaryToCms/Page_KDMC - CMO/select_--ALL--'

2018-05-24 19:48:11 - [TEST_STEP][PASSED] - click: Object: 'Object Repository/DispensaryToCms/Page_KDMC - CMO/input_btnsearch' is clicked on

2018-05-24 19:48:12 - [MESSAGE][PASSED] - Object: 'Object Repository/DispensaryToCms/Page_KDMC - CMO/input_btnsearch' is clicked on

2018-05-24 19:48:12 - [TEST_STEP][PASSED] - Statement - ID = com.kms.katalon.core.webui.keyword.WebUiBuiltInKeywords.modifyObjectProperty(com.kms.katalon.core.testobject.ObjectRepository.findTestObject(lab/Page_KDMC - CMO/input_1), "xpath", "equals", "//*[@id=" + RID + "]", true): Modify property of object successfully

2018-05-24 19:48:12 - [MESSAGE][PASSED] - Modify property of object successfully

2018-05-24 19:48:12 - [TEST_STEP][PASSED] - click: Object: 'Object Repository/lab/Page_KDMC - CMO/input_1' is clicked on

2018-05-24 19:48:12 - [MESSAGE][PASSED] - Object: 'Object Repository/lab/Page_KDMC - CMO/input_1' is clicked on

2018-05-24 19:48:12 - [TEST_STEP][PASSED] - delay: Delayed 2 second(s)

2018-05-24 19:48:14 - [MESSAGE][PASSED] - Delayed 2 second(s)

2018-05-24 19:48:14 - [TEST_STEP][PASSED] - selectOptionByIndex: All options with index in [1] are selected on object 'Object Repository/DispensaryToCms/Page_KDMC - CMO/select_--Select--'

2018-05-24 19:48:15 - [MESSAGE][PASSED] - All options with index in [1] are selected on object 'Object Repository/DispensaryToCms/Page_KDMC - CMO/select_--Select--'

2018-05-24 19:48:15 - [TEST_STEP][PASSED] - click: Object: 'Object Repository/DispensaryToCms/Page_KDMC - CMO/input_btnupdate' is clicked on

2018-05-24 19:48:15 - [MESSAGE][PASSED] - Object: 'Object Repository/DispensaryToCms/Page_KDMC - CMO/input_btnupdate' is clicked on

2018-05-24 19:48:15 - [TEST_STEP][PASSED] - delay: Delayed 2 second(s)

2018-05-24 19:48:17 - [MESSAGE][PASSED] - Delayed 2 second(s)

2018-05-24 19:48:17 - [TEST_STEP][PASSED] - click: Object: 'Object Repository/DispensaryToCms/Page_KDMC - CMO/button_OK' is clicked on

2018-05-24 19:48:17 - [MESSAGE][PASSED] - Object: 'Object Repository/DispensaryToCms/Page_KDMC - CMO/button_OK' is clicked on

2018-05-24 19:48:17 - [TEST_STEP][PASSED] - delay: Delayed 3 second(s)

2018-05-24 19:48:20 - [MESSAGE][PASSED] - Delayed 3 second(s)

2018-05-24 19:48:20 - [TEST_STEP][PASSED] - waitForElementPresent: Object 'Object Repository/DispensaryToStore/Page_Dispensary Store/a_dropdown-toggle' is not present after 20 second(s)

2018-05-24 19:48:41 - [MESSAGE][WARNING] - Object 'Object Repository/DispensaryToStore/Page_Dispensary Store/a_dropdown-toggle' is not present after 20 second(s)

2018-05-24 19:48:41 - [TEST_STEP][PASSED] - click: Object: 'Object Repository/DispensaryToCms/Page_KDMC - CMO/a_dropdown-toggle' is clicked on

2018-05-24 19:48:41 - [MESSAGE][PASSED] - Object: 'Object Repository/DispensaryToCms/Page_KDMC - CMO/a_dropdown-toggle' is clicked on

2018-05-24 19:48:41 - [TEST_STEP][PASSED] - click: Object: 'Object Repository/DispensaryToCms/Page_KDMC - CMO/a_Sign out' is clicked on

2018-05-24 19:48:42 - [MESSAGE][PASSED] - Object: 'Object Repository/DispensaryToCms/Page_KDMC - CMO/a_Sign out' is clicked on

2018-05-24 19:48:42 - [TEST_STEP][PASSED] - delay: Delayed 3 second(s)

2018-05-24 19:48:45 - [MESSAGE][PASSED] - Delayed 3 second(s)

2018-05-24 19:48:45 - [TEST_STEP][PASSED] - click: Object: 'Object Repository/DispensaryToCms/Page_KDMC/a_CMS' is clicked on

2018-05-24 19:48:45 - [MESSAGE][PASSED] - Object: 'Object Repository/DispensaryToCms/Page_KDMC/a_CMS' is clicked on

2018-05-24 19:48:45 - [TEST_STEP][PASSED] - setText: Text 'bala' is set on object 'Object Repository/DispensaryToCms/Page_CMS login/input_txtusername'

2018-05-24 19:48:45 - [MESSAGE][PASSED] - Text 'bala' is set on object 'Object Repository/DispensaryToCms/Page_CMS login/input_txtusername'

2018-05-24 19:48:45 - [TEST_STEP][PASSED] - setText: Text '123' is set on object 'Object Repository/DispensaryToCms/Page_CMS login/input_txtpassword'

2018-05-24 19:48:45 - [MESSAGE][PASSED] - Text '123' is set on object 'Object Repository/DispensaryToCms/Page_CMS login/input_txtpassword'

2018-05-24 19:48:45 - [TEST_STEP][PASSED] - delay: Delayed 3 second(s)

2018-05-24 19:48:48 - [MESSAGE][PASSED] - Delayed 3 second(s)

2018-05-24 19:48:48 - [TEST_STEP][PASSED] - click: Object: 'Object Repository/DispensaryToCms/Page_CMS login/button_Sign in' is clicked on

2018-05-24 19:48:49 - [MESSAGE][PASSED] - Object: 'Object Repository/DispensaryToCms/Page_CMS login/button_Sign in' is clicked on

2018-05-24 19:48:49 - [TEST_STEP][PASSED] - delay: Delayed 3 second(s)

2018-05-24 19:48:52 - [MESSAGE][PASSED] - Delayed 3 second(s)

2018-05-24 19:48:52 - [TEST_STEP][PASSED] - click: Object: 'Object Repository/DispensaryToCms/Page_KDMC - CMS/a_Divisional Store' is clicked on

2018-05-24 19:48:52 - [MESSAGE][PASSED] - Object: 'Object Repository/DispensaryToCms/Page_KDMC - CMS/a_Divisional Store' is clicked on

2018-05-24 19:48:52 - [TEST_STEP][PASSED] - delay: Delayed 2 second(s)

2018-05-24 19:48:54 - [MESSAGE][PASSED] - Delayed 2 second(s)

2018-05-24 19:48:54 - [TEST_STEP][PASSED] - click: Object: 'Object Repository/DispensaryToCms/Page_KDMC - CMS/a_Dispatch Items' is clicked on

2018-05-24 19:48:55 - [MESSAGE][PASSED] - Object: 'Object Repository/DispensaryToCms/Page_KDMC - CMS/a_Dispatch Items' is clicked on

2018-05-24 19:48:55 - [TEST_STEP][PASSED] - delay: Delayed 2 second(s)

2018-05-24 19:48:57 - [MESSAGE][PASSED] - Delayed 2 second(s)

2018-05-24 19:48:57 - [TEST_STEP][PASSED] - setText: Text 'PRNO/24052018/386' is set on object 'Object Repository/DispensaryToCms/Page_KDMC - CMS/input'

2018-05-24 19:48:58 - [MESSAGE][PASSED] - Text 'PRNO/24052018/386' is set on object 'Object Repository/DispensaryToCms/Page_KDMC - CMS/input'

2018-05-24 19:48:58 - [TEST_STEP][PASSED] - click: Object: 'Object Repository/DispensaryToCms/Page_KDMC - CMS/input_PRNO18052018174' is clicked on

2018-05-24 19:48:58 - [MESSAGE][PASSED] - Object: 'Object Repository/DispensaryToCms/Page_KDMC - CMS/input_PRNO18052018174' is clicked on

2018-05-24 19:48:58 - [TEST_STEP][PASSED] - Statement - out.println("Length : " + medicineslength): null

2018-05-24 19:48:58 - [TEST_STEP][PASSED] - Statement - For ([row = 0, row < medicineslength - 1, (row++)]): null

2018-05-24 19:48:58 - [TEST_STEP][PASSED] - Statement - batchlength = new com.kms.katalon.core.testobject.TestObject(): null

2018-05-24 19:48:58 - [TEST_STEP][PASSED] - Statement - batchlength = com.kms.katalon.core.webui.keyword.WebUiBuiltInKeywords.modifyObjectProperty(batchlength, "xpath", "equals", "//*[@id = "fldvendor" + row + ""]", true): Modify property of object successfully

2018-05-24 19:48:58 - [MESSAGE][PASSED] - Modify property of object successfully

2018-05-24 19:48:58 - [TEST_STEP][PASSED] - Statement - batchsize = com.kms.katalon.core.webui.keyword.WebUiBuiltInKeywords.getNumberOfTotalOption(batchlength): 8 options of object '' counted

2018-05-24 19:48:58 - [MESSAGE][PASSED] - 8 options of object '' counted

2018-05-24 19:48:58 - [TEST_STEP][PASSED] - Statement - out.println("BatchSize : " + batchsize): null

2018-05-24 19:48:58 - [TEST_STEP][PASSED] - Statement - For ([n = 1, n <= batchsize - 1, (n++)]): null

2018-05-24 19:48:58 - [TEST_STEP][PASSED] - Statement - product = new com.kms.katalon.core.testobject.TestObject(): null

2018-05-24 19:48:58 - [TEST_STEP][PASSED] - Statement - product = com.kms.katalon.core.webui.keyword.WebUiBuiltInKeywords.modifyObjectProperty(product, "xpath", "equals", "//*[@id = "fldvendor" + row + ""]", true): Modify property of object successfully

2018-05-24 19:48:58 - [MESSAGE][PASSED] - Modify property of object successfully

2018-05-24 19:48:58 - [TEST_STEP][PASSED] - selectOptionByIndex: All options with index in [1] are selected on object ''

2018-05-24 19:48:58 - [MESSAGE][PASSED] - All options with index in [1] are selected on object ''

2018-05-24 19:48:58 - [TEST_STEP][PASSED] - Statement - batch = new com.kms.katalon.core.testobject.TestObject(): null

2018-05-24 19:48:58 - [TEST_STEP][PASSED] - Statement - batch = com.kms.katalon.core.webui.keyword.WebUiBuiltInKeywords.modifyObjectProperty(batch, "xpath", "equals", "//*[@id = "txtbthqty" + row + ""]", true): Modify property of object successfully

2018-05-24 19:48:58 - [MESSAGE][PASSED] - Modify property of object successfully

2018-05-24 19:48:58 - [TEST_STEP][PASSED] - Statement - batchqty = com.kms.katalon.core.webui.keyword.WebUiBuiltInKeywords.getAttribute(batch, "value").trim(): Attribute 'value' of object '' is: '39400'

2018-05-24 19:48:58 - [MESSAGE][PASSED] - Attribute 'value' of object '' is: '39400'

2018-05-24 19:48:58 - [TEST_STEP][PASSED] - Statement - Rqty = 100: null

2018-05-24 19:48:58 - [TEST_STEP][PASSED] - delay: Delayed 2 second(s)

2018-05-24 19:49:00 - [MESSAGE][PASSED] - Delayed 2 second(s)

2018-05-24 19:49:00 - [TEST_STEP][PASSED] - Statement - out.println("BatchQty : " + batchqty): null

2018-05-24 19:49:00 - [TEST_STEP][PASSED] - Statement - out.println("RQty : " + Rqty): null

2018-05-24 19:49:00 - [TEST_STEP][PASSED] - Statement - If (java.lang.Integer.valueOf(batchqty) >= java.lang.Integer.valueOf(Rqty)): null

2018-05-24 19:49:00 - [TEST_STEP][PASSED] - Statement - Break: null

2018-05-24 19:49:00 - [TEST_STEP][PASSED] - Statement - batchlength = new com.kms.katalon.core.testobject.TestObject(): null

2018-05-24 19:49:00 - [TEST_STEP][PASSED] - Statement - batchlength = com.kms.katalon.core.webui.keyword.WebUiBuiltInKeywords.modifyObjectProperty(batchlength, "xpath", "equals", "//*[@id = "fldvendor" + row + ""]", true): Modify property of object successfully

2018-05-24 19:49:00 - [MESSAGE][PASSED] - Modify property of object successfully

2018-05-24 19:49:00 - [TEST_STEP][PASSED] - Statement - batchsize = com.kms.katalon.core.webui.keyword.WebUiBuiltInKeywords.getNumberOfTotalOption(batchlength): 8 options of object '' counted

2018-05-24 19:49:01 - [MESSAGE][PASSED] - 8 options of object '' counted

2018-05-24 19:49:01 - [TEST_STEP][PASSED] - Statement - out.println("BatchSize : " + batchsize): null

2018-05-24 19:49:01 - [TEST_STEP][PASSED] - Statement - For ([n = 1, n <= batchsize - 1, (n++)]): null

2018-05-24 19:49:01 - [TEST_STEP][PASSED] - Statement - product = new com.kms.katalon.core.testobject.TestObject(): null

2018-05-24 19:49:01 - [TEST_STEP][PASSED] - Statement - product = com.kms.katalon.core.webui.keyword.WebUiBuiltInKeywords.modifyObjectProperty(product, "xpath", "equals", "//*[@id = "fldvendor" + row + ""]", true): Modify property of object successfully

2018-05-24 19:49:01 - [MESSAGE][PASSED] - Modify property of object successfully

2018-05-24 19:49:01 - [TEST_STEP][PASSED] - selectOptionByIndex: All options with index in [1] are selected on object ''

2018-05-24 19:49:01 - [MESSAGE][PASSED] - All options with index in [1] are selected on object ''

2018-05-24 19:49:01 - [TEST_STEP][PASSED] - Statement - batch = new com.kms.katalon.core.testobject.TestObject(): null

2018-05-24 19:49:01 - [TEST_STEP][PASSED] - Statement - batch = com.kms.katalon.core.webui.keyword.WebUiBuiltInKeywords.modifyObjectProperty(batch, "xpath", "equals", "//*[@id = "txtbthqty" + row + ""]", true): Modify property of object successfully

2018-05-24 19:49:01 - [MESSAGE][PASSED] - Modify property of object successfully

2018-05-24 19:49:01 - [TEST_STEP][PASSED] - Statement - batchqty = com.kms.katalon.core.webui.keyword.WebUiBuiltInKeywords.getAttribute(batch, "value").trim(): Attribute 'value' of object '' is: '38200'

2018-05-24 19:49:01 - [MESSAGE][PASSED] - Attribute 'value' of object '' is: '38200'

2018-05-24 19:49:01 - [TEST_STEP][PASSED] - Statement - Rqty = 100: null

2018-05-24 19:49:01 - [TEST_STEP][PASSED] - delay: Delayed 2 second(s)

2018-05-24 19:49:03 - [MESSAGE][PASSED] - Delayed 2 second(s)

2018-05-24 19:49:03 - [TEST_STEP][PASSED] - Statement - out.println("BatchQty : " + batchqty): null

2018-05-24 19:49:03 - [TEST_STEP][PASSED] - Statement - out.println("RQty : " + Rqty): null

2018-05-24 19:49:03 - [TEST_STEP][PASSED] - Statement - If (java.lang.Integer.valueOf(batchqty) >= java.lang.Integer.valueOf(Rqty)): null

2018-05-24 19:49:03 - [TEST_STEP][PASSED] - Statement - Break: null

2018-05-24 19:49:03 - [TEST_STEP][PASSED] - Statement - batchlength = new com.kms.katalon.core.testobject.TestObject(): null

2018-05-24 19:49:03 - [TEST_STEP][PASSED] - Statement - batchlength = com.kms.katalon.core.webui.keyword.WebUiBuiltInKeywords.modifyObjectProperty(batchlength, "xpath", "equals", "//*[@id = "fldvendor" + row + ""]", true): Modify property of object successfully

2018-05-24 19:49:03 - [MESSAGE][PASSED] - Modify property of object successfully

2018-05-24 19:49:03 - [TEST_STEP][PASSED] - Statement - batchsize = com.kms.katalon.core.webui.keyword.WebUiBuiltInKeywords.getNumberOfTotalOption(batchlength): 8 options of object '' counted

2018-05-24 19:49:03 - [MESSAGE][PASSED] - 8 options of object '' counted

2018-05-24 19:49:03 - [TEST_STEP][PASSED] - Statement - out.println("BatchSize : " + batchsize): null

2018-05-24 19:49:03 - [TEST_STEP][PASSED] - Statement - For ([n = 1, n <= batchsize - 1, (n++)]): null

2018-05-24 19:49:03 - [TEST_STEP][PASSED] - Statement - product = new com.kms.katalon.core.testobject.TestObject(): null

2018-05-24 19:49:03 - [TEST_STEP][PASSED] - Statement - product = com.kms.katalon.core.webui.keyword.WebUiBuiltInKeywords.modifyObjectProperty(product, "xpath", "equals", "//*[@id = "fldvendor" + row + ""]", true): Modify property of object successfully

2018-05-24 19:49:03 - [MESSAGE][PASSED] - Modify property of object successfully

2018-05-24 19:49:03 - [TEST_STEP][PASSED] - selectOptionByIndex: All options with index in [1] are selected on object ''

2018-05-24 19:49:03 - [MESSAGE][PASSED] - All options with index in [1] are selected on object ''

2018-05-24 19:49:03 - [TEST_STEP][PASSED] - Statement - batch = new com.kms.katalon.core.testobject.TestObject(): null

2018-05-24 19:49:03 - [TEST_STEP][PASSED] - Statement - batch = com.kms.katalon.core.webui.keyword.WebUiBuiltInKeywords.modifyObjectProperty(batch, "xpath", "equals", "//*[@id = "txtbthqty" + row + ""]", true): Modify property of object successfully

2018-05-24 19:49:03 - [MESSAGE][PASSED] - Modify property of object successfully

2018-05-24 19:49:03 - [TEST_STEP][PASSED] - Statement - batchqty = com.kms.katalon.core.webui.keyword.WebUiBuiltInKeywords.getAttribute(batch, "value").trim(): Attribute 'value' of object '' is: '49400'

2018-05-24 19:49:03 - [MESSAGE][PASSED] - Attribute 'value' of object '' is: '49400'

2018-05-24 19:49:03 - [TEST_STEP][PASSED] - Statement - Rqty = 100: null

2018-05-24 19:49:03 - [TEST_STEP][PASSED] - delay: Delayed 2 second(s)

2018-05-24 19:49:05 - [MESSAGE][PASSED] - Delayed 2 second(s)

2018-05-24 19:49:05 - [TEST_STEP][PASSED] - Statement - out.println("BatchQty : " + batchqty): null

2018-05-24 19:49:05 - [TEST_STEP][PASSED] - Statement - out.println("RQty : " + Rqty): null

2018-05-24 19:49:05 - [TEST_STEP][PASSED] - Statement - If (java.lang.Integer.valueOf(batchqty) >= java.lang.Integer.valueOf(Rqty)): null

2018-05-24 19:49:05 - [TEST_STEP][PASSED] - Statement - Break: null

2018-05-24 19:49:05 - [TEST_STEP][PASSED] - Statement - batchlength = new com.kms.katalon.core.testobject.TestObject(): null

2018-05-24 19:49:05 - [TEST_STEP][PASSED] - Statement - batchlength = com.kms.katalon.core.webui.keyword.WebUiBuiltInKeywords.modifyObjectProperty(batchlength, "xpath", "equals", "//*[@id = "fldvendor" + row + ""]", true): Modify property of object successfully

2018-05-24 19:49:05 - [MESSAGE][PASSED] - Modify property of object successfully

2018-05-24 19:49:05 - [TEST_STEP][PASSED] - Statement - batchsize = com.kms.katalon.core.webui.keyword.WebUiBuiltInKeywords.getNumberOfTotalOption(batchlength): 8 options of object '' counted

2018-05-24 19:49:05 - [MESSAGE][PASSED] - 8 options of object '' counted

2018-05-24 19:49:05 - [TEST_STEP][PASSED] - Statement - out.println("BatchSize : " + batchsize): null

2018-05-24 19:49:05 - [TEST_STEP][PASSED] - Statement - For ([n = 1, n <= batchsize - 1, (n++)]): null

2018-05-24 19:49:05 - [TEST_STEP][PASSED] - Statement - product = new com.kms.katalon.core.testobject.TestObject(): null

2018-05-24 19:49:05 - [TEST_STEP][PASSED] - Statement - product = com.kms.katalon.core.webui.keyword.WebUiBuiltInKeywords.modifyObjectProperty(product, "xpath", "equals", "//*[@id = "fldvendor" + row + ""]", true): Modify property of object successfully

2018-05-24 19:49:05 - [MESSAGE][PASSED] - Modify property of object successfully

2018-05-24 19:49:05 - [TEST_STEP][PASSED] - selectOptionByIndex: All options with index in [1] are selected on object ''

2018-05-24 19:49:05 - [MESSAGE][PASSED] - All options with index in [1] are selected on object ''

2018-05-24 19:49:05 - [TEST_STEP][PASSED] - Statement - batch = new com.kms.katalon.core.testobject.TestObject(): null

2018-05-24 19:49:05 - [TEST_STEP][PASSED] - Statement - batch = com.kms.katalon.core.webui.keyword.WebUiBuiltInKeywords.modifyObjectProperty(batch, "xpath", "equals", "//*[@id = "txtbthqty" + row + ""]", true): Modify property of object successfully

2018-05-24 19:49:05 - [MESSAGE][PASSED] - Modify property of object successfully

2018-05-24 19:49:05 - [TEST_STEP][PASSED] - Statement - batchqty = com.kms.katalon.core.webui.keyword.WebUiBuiltInKeywords.getAttribute(batch, "value").trim(): Attribute 'value' of object '' is: '49400'

2018-05-24 19:49:05 - [MESSAGE][PASSED] - Attribute 'value' of object '' is: '49400'

2018-05-24 19:49:05 - [TEST_STEP][PASSED] - Statement - Rqty = 100: null

2018-05-24 19:49:05 - [TEST_STEP][PASSED] - delay: Delayed 2 second(s)

2018-05-24 19:49:07 - [MESSAGE][PASSED] - Delayed 2 second(s)

2018-05-24 19:49:07 - [TEST_STEP][PASSED] - Statement - out.println("BatchQty : " + batchqty): null

2018-05-24 19:49:07 - [TEST_STEP][PASSED] - Statement - out.println("RQty : " + Rqty): null

2018-05-24 19:49:07 - [TEST_STEP][PASSED] - Statement - If (java.lang.Integer.valueOf(batchqty) >= java.lang.Integer.valueOf(Rqty)): null

2018-05-24 19:49:07 - [TEST_STEP][PASSED] - Statement - Break: null

2018-05-24 19:49:07 - [TEST_STEP][PASSED] - Statement - batchlength = new com.kms.katalon.core.testobject.TestObject(): null

2018-05-24 19:49:07 - [TEST_STEP][PASSED] - Statement - batchlength = com.kms.katalon.core.webui.keyword.WebUiBuiltInKeywords.modifyObjectProperty(batchlength, "xpath", "equals", "//*[@id = "fldvendor" + row + ""]", true): Modify property of object successfully

2018-05-24 19:49:07 - [MESSAGE][PASSED] - Modify property of object successfully

2018-05-24 19:49:07 - [TEST_STEP][PASSED] - Statement - batchsize = com.kms.katalon.core.webui.keyword.WebUiBuiltInKeywords.getNumberOfTotalOption(batchlength): 8 options of object '' counted

2018-05-24 19:49:07 - [MESSAGE][PASSED] - 8 options of object '' counted

2018-05-24 19:49:07 - [TEST_STEP][PASSED] - Statement - out.println("BatchSize : " + batchsize): null

2018-05-24 19:49:07 - [TEST_STEP][PASSED] - Statement - For ([n = 1, n <= batchsize - 1, (n++)]): null

2018-05-24 19:49:07 - [TEST_STEP][PASSED] - Statement - product = new com.kms.katalon.core.testobject.TestObject(): null

2018-05-24 19:49:07 - [TEST_STEP][PASSED] - Statement - product = com.kms.katalon.core.webui.keyword.WebUiBuiltInKeywords.modifyObjectProperty(product, "xpath", "equals", "//*[@id = "fldvendor" + row + ""]", true): Modify property of object successfully

2018-05-24 19:49:07 - [MESSAGE][PASSED] - Modify property of object successfully

2018-05-24 19:49:07 - [TEST_STEP][PASSED] - selectOptionByIndex: All options with index in [1] are selected on object ''

2018-05-24 19:49:07 - [MESSAGE][PASSED] - All options with index in [1] are selected on object ''

2018-05-24 19:49:07 - [TEST_STEP][PASSED] - Statement - batch = new com.kms.katalon.core.testobject.TestObject(): null

2018-05-24 19:49:07 - [TEST_STEP][PASSED] - Statement - batch = com.kms.katalon.core.webui.keyword.WebUiBuiltInKeywords.modifyObjectProperty(batch, "xpath", "equals", "//*[@id = "txtbthqty" + row + ""]", true): Modify property of object successfully

2018-05-24 19:49:07 - [MESSAGE][PASSED] - Modify property of object successfully

2018-05-24 19:49:07 - [TEST_STEP][PASSED] - Statement - batchqty = com.kms.katalon.core.webui.keyword.WebUiBuiltInKeywords.getAttribute(batch, "value").trim(): Attribute 'value' of object '' is: '49400'

2018-05-24 19:49:07 - [MESSAGE][PASSED] - Attribute 'value' of object '' is: '49400'

2018-05-24 19:49:07 - [TEST_STEP][PASSED] - Statement - Rqty = 100: null

2018-05-24 19:49:07 - [TEST_STEP][PASSED] - delay: Delayed 2 second(s)

2018-05-24 19:49:09 - [MESSAGE][PASSED] - Delayed 2 second(s)

2018-05-24 19:49:09 - [TEST_STEP][PASSED] - Statement - out.println("BatchQty : " + batchqty): null

2018-05-24 19:49:09 - [TEST_STEP][PASSED] - Statement - out.println("RQty : " + Rqty): null

2018-05-24 19:49:09 - [TEST_STEP][PASSED] - Statement - If (java.lang.Integer.valueOf(batchqty) >= java.lang.Integer.valueOf(Rqty)): null

2018-05-24 19:49:09 - [TEST_STEP][PASSED] - Statement - Break: null

2018-05-24 19:49:09 - [TEST_STEP][PASSED] - Statement - batchlength = new com.kms.katalon.core.testobject.TestObject(): null

2018-05-24 19:49:09 - [TEST_STEP][PASSED] - Statement - batchlength = com.kms.katalon.core.webui.keyword.WebUiBuiltInKeywords.modifyObjectProperty(batchlength, "xpath", "equals", "//*[@id = "fldvendor" + row + ""]", true): Modify property of object successfully

2018-05-24 19:49:09 - [MESSAGE][PASSED] - Modify property of object successfully

2018-05-24 19:49:09 - [TEST_STEP][PASSED] - Statement - batchsize = com.kms.katalon.core.webui.keyword.WebUiBuiltInKeywords.getNumberOfTotalOption(batchlength): 8 options of object '' counted

2018-05-24 19:49:10 - [MESSAGE][PASSED] - 8 options of object '' counted

2018-05-24 19:49:10 - [TEST_STEP][PASSED] - Statement - out.println("BatchSize : " + batchsize): null

2018-05-24 19:49:10 - [TEST_STEP][PASSED] - Statement - For ([n = 1, n <= batchsize - 1, (n++)]): null

2018-05-24 19:49:10 - [TEST_STEP][PASSED] - Statement - product = new com.kms.katalon.core.testobject.TestObject(): null

2018-05-24 19:49:10 - [TEST_STEP][PASSED] - Statement - product = com.kms.katalon.core.webui.keyword.WebUiBuiltInKeywords.modifyObjectProperty(product, "xpath", "equals", "//*[@id = "fldvendor" + row + ""]", true): Modify property of object successfully

2018-05-24 19:49:10 - [MESSAGE][PASSED] - Modify property of object successfully

2018-05-24 19:49:10 - [TEST_STEP][PASSED] - selectOptionByIndex: All options with index in [1] are selected on object ''

2018-05-24 19:49:10 - [MESSAGE][PASSED] - All options with index in [1] are selected on object ''

2018-05-24 19:49:10 - [TEST_STEP][PASSED] - Statement - batch = new com.kms.katalon.core.testobject.TestObject(): null

2018-05-24 19:49:10 - [TEST_STEP][PASSED] - Statement - batch = com.kms.katalon.core.webui.keyword.WebUiBuiltInKeywords.modifyObjectProperty(batch, "xpath", "equals", "//*[@id = "txtbthqty" + row + ""]", true): Modify property of object successfully

2018-05-24 19:49:10 - [MESSAGE][PASSED] - Modify property of object successfully

2018-05-24 19:49:10 - [TEST_STEP][PASSED] - Statement - batchqty = com.kms.katalon.core.webui.keyword.WebUiBuiltInKeywords.getAttribute(batch, "value").trim(): Attribute 'value' of object '' is: '49400'

2018-05-24 19:49:10 - [MESSAGE][PASSED] - Attribute 'value' of object '' is: '49400'

2018-05-24 19:49:10 - [TEST_STEP][PASSED] - Statement - Rqty = 100: null

2018-05-24 19:49:10 - [TEST_STEP][PASSED] - delay: Delayed 2 second(s)

2018-05-24 19:49:12 - [MESSAGE][PASSED] - Delayed 2 second(s)

2018-05-24 19:49:12 - [TEST_STEP][PASSED] - Statement - out.println("BatchQty : " + batchqty): null

2018-05-24 19:49:12 - [TEST_STEP][PASSED] - Statement - out.println("RQty : " + Rqty): null

2018-05-24 19:49:12 - [TEST_STEP][PASSED] - Statement - If (java.lang.Integer.valueOf(batchqty) >= java.lang.Integer.valueOf(Rqty)): null

2018-05-24 19:49:12 - [TEST_STEP][PASSED] - Statement - Break: null

2018-05-24 19:49:12 - [TEST_STEP][PASSED] - Statement - batchlength = new com.kms.katalon.core.testobject.TestObject(): null

2018-05-24 19:49:12 - [TEST_STEP][PASSED] - Statement - batchlength = com.kms.katalon.core.webui.keyword.WebUiBuiltInKeywords.modifyObjectProperty(batchlength, "xpath", "equals", "//*[@id = "fldvendor" + row + ""]", true): Modify property of object successfully

2018-05-24 19:49:12 - [MESSAGE][PASSED] - Modify property of object successfully

2018-05-24 19:49:12 - [TEST_STEP][PASSED] - Statement - batchsize = com.kms.katalon.core.webui.keyword.WebUiBuiltInKeywords.getNumberOfTotalOption(batchlength): 8 options of object '' counted

2018-05-24 19:49:12 - [MESSAGE][PASSED] - 8 options of object '' counted

2018-05-24 19:49:12 - [TEST_STEP][PASSED] - Statement - out.println("BatchSize : " + batchsize): null

2018-05-24 19:49:12 - [TEST_STEP][PASSED] - Statement - For ([n = 1, n <= batchsize - 1, (n++)]): null

2018-05-24 19:49:12 - [TEST_STEP][PASSED] - Statement - product = new com.kms.katalon.core.testobject.TestObject(): null

2018-05-24 19:49:12 - [TEST_STEP][PASSED] - Statement - product = com.kms.katalon.core.webui.keyword.WebUiBuiltInKeywords.modifyObjectProperty(product, "xpath", "equals", "//*[@id = "fldvendor" + row + ""]", true): Modify property of object successfully

2018-05-24 19:49:12 - [MESSAGE][PASSED] - Modify property of object successfully

2018-05-24 19:49:12 - [TEST_STEP][PASSED] - selectOptionByIndex: All options with index in [1] are selected on object ''

2018-05-24 19:49:12 - [MESSAGE][PASSED] - All options with index in [1] are selected on object ''

2018-05-24 19:49:12 - [TEST_STEP][PASSED] - Statement - batch = new com.kms.katalon.core.testobject.TestObject(): null

2018-05-24 19:49:12 - [TEST_STEP][PASSED] - Statement - batch = com.kms.katalon.core.webui.keyword.WebUiBuiltInKeywords.modifyObjectProperty(batch, "xpath", "equals", "//*[@id = "txtbthqty" + row + ""]", true): Modify property of object successfully

2018-05-24 19:49:12 - [MESSAGE][PASSED] - Modify property of object successfully

2018-05-24 19:49:12 - [TEST_STEP][PASSED] - Statement - batchqty = com.kms.katalon.core.webui.keyword.WebUiBuiltInKeywords.getAttribute(batch, "value").trim(): Attribute 'value' of object '' is: '49400'

2018-05-24 19:49:12 - [MESSAGE][PASSED] - Attribute 'value' of object '' is: '49400'

2018-05-24 19:49:12 - [TEST_STEP][PASSED] - Statement - Rqty = 100: null

2018-05-24 19:49:12 - [TEST_STEP][PASSED] - delay: Delayed 2 second(s)

2018-05-24 19:49:14 - [MESSAGE][PASSED] - Delayed 2 second(s)

2018-05-24 19:49:14 - [TEST_STEP][PASSED] - Statement - out.println("BatchQty : " + batchqty): null

2018-05-24 19:49:14 - [TEST_STEP][PASSED] - Statement - out.println("RQty : " + Rqty): null

2018-05-24 19:49:14 - [TEST_STEP][PASSED] - Statement - If (java.lang.Integer.valueOf(batchqty) >= java.lang.Integer.valueOf(Rqty)): null

2018-05-24 19:49:14 - [TEST_STEP][PASSED] - Statement - Break: null

2018-05-24 19:49:14 - [TEST_STEP][PASSED] - Statement - batchlength = new com.kms.katalon.core.testobject.TestObject(): null

2018-05-24 19:49:14 - [TEST_STEP][PASSED] - Statement - batchlength = com.kms.katalon.core.webui.keyword.WebUiBuiltInKeywords.modifyObjectProperty(batchlength, "xpath", "equals", "//*[@id = "fldvendor" + row + ""]", true): Modify property of object successfully

2018-05-24 19:49:14 - [MESSAGE][PASSED] - Modify property of object successfully

2018-05-24 19:49:14 - [TEST_STEP][PASSED] - Statement - batchsize = com.kms.katalon.core.webui.keyword.WebUiBuiltInKeywords.getNumberOfTotalOption(batchlength): 8 options of object '' counted

2018-05-24 19:49:14 - [MESSAGE][PASSED] - 8 options of object '' counted

2018-05-24 19:49:14 - [TEST_STEP][PASSED] - Statement - out.println("BatchSize : " + batchsize): null

2018-05-24 19:49:14 - [TEST_STEP][PASSED] - Statement - For ([n = 1, n <= batchsize - 1, (n++)]): null

2018-05-24 19:49:14 - [TEST_STEP][PASSED] - Statement - product = new com.kms.katalon.core.testobject.TestObject(): null

2018-05-24 19:49:14 - [TEST_STEP][PASSED] - Statement - product = com.kms.katalon.core.webui.keyword.WebUiBuiltInKeywords.modifyObjectProperty(product, "xpath", "equals", "//*[@id = "fldvendor" + row + ""]", true): Modify property of object successfully

2018-05-24 19:49:14 - [MESSAGE][PASSED] - Modify property of object successfully

2018-05-24 19:49:14 - [TEST_STEP][PASSED] - selectOptionByIndex: All options with index in [1] are selected on object ''

2018-05-24 19:49:14 - [MESSAGE][PASSED] - All options with index in [1] are selected on object ''

2018-05-24 19:49:14 - [TEST_STEP][PASSED] - Statement - batch = new com.kms.katalon.core.testobject.TestObject(): null

2018-05-24 19:49:14 - [TEST_STEP][PASSED] - Statement - batch = com.kms.katalon.core.webui.keyword.WebUiBuiltInKeywords.modifyObjectProperty(batch, "xpath", "equals", "//*[@id = "txtbthqty" + row + ""]", true): Modify property of object successfully

2018-05-24 19:49:14 - [MESSAGE][PASSED] - Modify property of object successfully

2018-05-24 19:49:14 - [TEST_STEP][PASSED] - Statement - batchqty = com.kms.katalon.core.webui.keyword.WebUiBuiltInKeywords.getAttribute(batch, "value").trim(): Attribute 'value' of object '' is: '38400'

2018-05-24 19:49:14 - [MESSAGE][PASSED] - Attribute 'value' of object '' is: '38400'

2018-05-24 19:49:14 - [TEST_STEP][PASSED] - Statement - Rqty = 100: null

2018-05-24 19:49:14 - [TEST_STEP][PASSED] - delay: Delayed 2 second(s)

2018-05-24 19:49:16 - [MESSAGE][PASSED] - Delayed 2 second(s)

2018-05-24 19:49:16 - [TEST_STEP][PASSED] - Statement - out.println("BatchQty : " + batchqty): null

2018-05-24 19:49:16 - [TEST_STEP][PASSED] - Statement - out.println("RQty : " + Rqty): null

2018-05-24 19:49:16 - [TEST_STEP][PASSED] - Statement - If (java.lang.Integer.valueOf(batchqty) >= java.lang.Integer.valueOf(Rqty)): null

2018-05-24 19:49:16 - [TEST_STEP][PASSED] - Statement - Break: null

2018-05-24 19:49:16 - [TEST_STEP][PASSED] - Statement - batchlength = new com.kms.katalon.core.testobject.TestObject(): null

2018-05-24 19:49:16 - [TEST_STEP][PASSED] - Statement - batchlength = com.kms.katalon.core.webui.keyword.WebUiBuiltInKeywords.modifyObjectProperty(batchlength, "xpath", "equals", "//*[@id = "fldvendor" + row + ""]", true): Modify property of object successfully

2018-05-24 19:49:16 - [MESSAGE][PASSED] - Modify property of object successfully

2018-05-24 19:49:16 - [TEST_STEP][PASSED] - Statement - batchsize = com.kms.katalon.core.webui.keyword.WebUiBuiltInKeywords.getNumberOfTotalOption(batchlength): 8 options of object '' counted

2018-05-24 19:49:16 - [MESSAGE][PASSED] - 8 options of object '' counted

2018-05-24 19:49:16 - [TEST_STEP][PASSED] - Statement - out.println("BatchSize : " + batchsize): null

2018-05-24 19:49:16 - [TEST_STEP][PASSED] - Statement - For ([n = 1, n <= batchsize - 1, (n++)]): null

2018-05-24 19:49:16 - [TEST_STEP][PASSED] - Statement - product = new com.kms.katalon.core.testobject.TestObject(): null

2018-05-24 19:49:16 - [TEST_STEP][PASSED] - Statement - product = com.kms.katalon.core.webui.keyword.WebUiBuiltInKeywords.modifyObjectProperty(product, "xpath", "equals", "//*[@id = "fldvendor" + row + ""]", true): Modify property of object successfully

2018-05-24 19:49:16 - [MESSAGE][PASSED] - Modify property of object successfully

2018-05-24 19:49:16 - [TEST_STEP][PASSED] - selectOptionByIndex: All options with index in [1] are selected on object ''

2018-05-24 19:49:17 - [MESSAGE][PASSED] - All options with index in [1] are selected on object ''

2018-05-24 19:49:17 - [TEST_STEP][PASSED] - Statement - batch = new com.kms.katalon.core.testobject.TestObject(): null

2018-05-24 19:49:17 - [TEST_STEP][PASSED] - Statement - batch = com.kms.katalon.core.webui.keyword.WebUiBuiltInKeywords.modifyObjectProperty(batch, "xpath", "equals", "//*[@id = "txtbthqty" + row + ""]", true): Modify property of object successfully

2018-05-24 19:49:17 - [MESSAGE][PASSED] - Modify property of object successfully

2018-05-24 19:49:17 - [TEST_STEP][PASSED] - Statement - batchqty = com.kms.katalon.core.webui.keyword.WebUiBuiltInKeywords.getAttribute(batch, "value").trim(): Attribute 'value' of object '' is: '49400'

2018-05-24 19:49:17 - [MESSAGE][PASSED] - Attribute 'value' of object '' is: '49400'

2018-05-24 19:49:17 - [TEST_STEP][PASSED] - Statement - Rqty = 100: null

2018-05-24 19:49:17 - [TEST_STEP][PASSED] - delay: Delayed 2 second(s)

2018-05-24 19:49:19 - [MESSAGE][PASSED] - Delayed 2 second(s)

2018-05-24 19:49:19 - [TEST_STEP][PASSED] - Statement - out.println("BatchQty : " + batchqty): null

2018-05-24 19:49:19 - [TEST_STEP][PASSED] - Statement - out.println("RQty : " + Rqty): null

2018-05-24 19:49:19 - [TEST_STEP][PASSED] - Statement - If (java.lang.Integer.valueOf(batchqty) >= java.lang.Integer.valueOf(Rqty)): null

2018-05-24 19:49:19 - [TEST_STEP][PASSED] - Statement - Break: null

2018-05-24 19:49:19 - [TEST_STEP][PASSED] - Statement - batchlength = new com.kms.katalon.core.testobject.TestObject(): null

2018-05-24 19:49:19 - [TEST_STEP][PASSED] - Statement - batchlength = com.kms.katalon.core.webui.keyword.WebUiBuiltInKeywords.modifyObjectProperty(batchlength, "xpath", "equals", "//*[@id = "fldvendor" + row + ""]", true): Modify property of object successfully

2018-05-24 19:49:19 - [MESSAGE][PASSED] - Modify property of object successfully

2018-05-24 19:49:19 - [TEST_STEP][PASSED] - Statement - batchsize = com.kms.katalon.core.webui.keyword.WebUiBuiltInKeywords.getNumberOfTotalOption(batchlength): 8 options of object '' counted

2018-05-24 19:49:19 - [MESSAGE][PASSED] - 8 options of object '' counted

2018-05-24 19:49:19 - [TEST_STEP][PASSED] - Statement - out.println("BatchSize : " + batchsize): null

2018-05-24 19:49:19 - [TEST_STEP][PASSED] - Statement - For ([n = 1, n <= batchsize - 1, (n++)]): null

2018-05-24 19:49:19 - [TEST_STEP][PASSED] - Statement - product = new com.kms.katalon.core.testobject.TestObject(): null

2018-05-24 19:49:19 - [TEST_STEP][PASSED] - Statement - product = com.kms.katalon.core.webui.keyword.WebUiBuiltInKeywords.modifyObjectProperty(product, "xpath", "equals", "//*[@id = "fldvendor" + row + ""]", true): Modify property of object successfully

2018-05-24 19:49:19 - [MESSAGE][PASSED] - Modify property of object successfully

2018-05-24 19:49:19 - [TEST_STEP][PASSED] - selectOptionByIndex: All options with index in [1] are selected on object ''

2018-05-24 19:49:19 - [MESSAGE][PASSED] - All options with index in [1] are selected on object ''

2018-05-24 19:49:19 - [TEST_STEP][PASSED] - Statement - batch = new com.kms.katalon.core.testobject.TestObject(): null

2018-05-24 19:49:19 - [TEST_STEP][PASSED] - Statement - batch = com.kms.katalon.core.webui.keyword.WebUiBuiltInKeywords.modifyObjectProperty(batch, "xpath", "equals", "//*[@id = "txtbthqty" + row + ""]", true): Modify property of object successfully

2018-05-24 19:49:19 - [MESSAGE][PASSED] - Modify property of object successfully

2018-05-24 19:49:19 - [TEST_STEP][PASSED] - Statement - batchqty = com.kms.katalon.core.webui.keyword.WebUiBuiltInKeywords.getAttribute(batch, "value").trim(): Attribute 'value' of object '' is: '38400'

2018-05-24 19:49:19 - [MESSAGE][PASSED] - Attribute 'value' of object '' is: '38400'

2018-05-24 19:49:19 - [TEST_STEP][PASSED] - Statement - Rqty = 100: null

2018-05-24 19:49:19 - [TEST_STEP][PASSED] - delay: Delayed 2 second(s)

2018-05-24 19:49:21 - [MESSAGE][PASSED] - Delayed 2 second(s)

2018-05-24 19:49:21 - [TEST_STEP][PASSED] - Statement - out.println("BatchQty : " + batchqty): null

2018-05-24 19:49:21 - [TEST_STEP][PASSED] - Statement - out.println("RQty : " + Rqty): null

2018-05-24 19:49:21 - [TEST_STEP][PASSED] - Statement - If (java.lang.Integer.valueOf(batchqty) >= java.lang.Integer.valueOf(Rqty)): null

2018-05-24 19:49:21 - [TEST_STEP][PASSED] - Statement - Break: null

2018-05-24 19:49:21 - [TEST_STEP][PASSED] - Statement - batchlength = new com.kms.katalon.core.testobject.TestObject(): null

2018-05-24 19:49:21 - [TEST_STEP][PASSED] - Statement - batchlength = com.kms.katalon.core.webui.keyword.WebUiBuiltInKeywords.modifyObjectProperty(batchlength, "xpath", "equals", "//*[@id = "fldvendor" + row + ""]", true): Modify property of object successfully

2018-05-24 19:49:21 - [MESSAGE][PASSED] - Modify property of object successfully

2018-05-24 19:49:21 - [TEST_STEP][PASSED] - Statement - batchsize = com.kms.katalon.core.webui.keyword.WebUiBuiltInKeywords.getNumberOfTotalOption(batchlength): 8 options of object '' counted

2018-05-24 19:49:21 - [MESSAGE][PASSED] - 8 options of object '' counted

2018-05-24 19:49:21 - [TEST_STEP][PASSED] - Statement - out.println("BatchSize : " + batchsize): null

2018-05-24 19:49:21 - [TEST_STEP][PASSED] - Statement - For ([n = 1, n <= batchsize - 1, (n++)]): null

2018-05-24 19:49:21 - [TEST_STEP][PASSED] - Statement - product = new com.kms.katalon.core.testobject.TestObject(): null

2018-05-24 19:49:21 - [TEST_STEP][PASSED] - Statement - product = com.kms.katalon.core.webui.keyword.WebUiBuiltInKeywords.modifyObjectProperty(product, "xpath", "equals", "//*[@id = "fldvendor" + row + ""]", true): Modify property of object successfully

2018-05-24 19:49:21 - [MESSAGE][PASSED] - Modify property of object successfully

2018-05-24 19:49:21 - [TEST_STEP][PASSED] - selectOptionByIndex: All options with index in [1] are selected on object ''

2018-05-24 19:49:21 - [MESSAGE][PASSED] - All options with index in [1] are selected on object ''

2018-05-24 19:49:21 - [TEST_STEP][PASSED] - Statement - batch = new com.kms.katalon.core.testobject.TestObject(): null

2018-05-24 19:49:21 - [TEST_STEP][PASSED] - Statement - batch = com.kms.katalon.core.webui.keyword.WebUiBuiltInKeywords.modifyObjectProperty(batch, "xpath", "equals", "//*[@id = "txtbthqty" + row + ""]", true): Modify property of object successfully

2018-05-24 19:49:21 - [MESSAGE][PASSED] - Modify property of object successfully

2018-05-24 19:49:21 - [TEST_STEP][PASSED] - Statement - batchqty = com.kms.katalon.core.webui.keyword.WebUiBuiltInKeywords.getAttribute(batch, "value").trim(): Attribute 'value' of object '' is: '49400'

2018-05-24 19:49:21 - [MESSAGE][PASSED] - Attribute 'value' of object '' is: '49400'

2018-05-24 19:49:21 - [TEST_STEP][PASSED] - Statement - Rqty = 100: null

2018-05-24 19:49:21 - [TEST_STEP][PASSED] - delay: Delayed 2 second(s)

2018-05-24 19:49:23 - [MESSAGE][PASSED] - Delayed 2 second(s)

2018-05-24 19:49:23 - [TEST_STEP][PASSED] - Statement - out.println("BatchQty : " + batchqty): null

2018-05-24 19:49:23 - [TEST_STEP][PASSED] - Statement - out.println("RQty : " + Rqty): null

2018-05-24 19:49:23 - [TEST_STEP][PASSED] - Statement - If (java.lang.Integer.valueOf(batchqty) >= java.lang.Integer.valueOf(Rqty)): null

2018-05-24 19:49:23 - [TEST_STEP][PASSED] - Statement - Break: null

2018-05-24 19:49:23 - [TEST_STEP][PASSED] - Statement - batchlength = new com.kms.katalon.core.testobject.TestObject(): null

2018-05-24 19:49:23 - [TEST_STEP][PASSED] - Statement - batchlength = com.kms.katalon.core.webui.keyword.WebUiBuiltInKeywords.modifyObjectProperty(batchlength, "xpath", "equals", "//*[@id = "fldvendor" + row + ""]", true): Modify property of object successfully

2018-05-24 19:49:23 - [MESSAGE][PASSED] - Modify property of object successfully

2018-05-24 19:49:23 - [TEST_STEP][PASSED] - Statement - batchsize = com.kms.katalon.core.webui.keyword.WebUiBuiltInKeywords.getNumberOfTotalOption(batchlength): 8 options of object '' counted

2018-05-24 19:49:23 - [MESSAGE][PASSED] - 8 options of object '' counted

2018-05-24 19:49:23 - [TEST_STEP][PASSED] - Statement - out.println("BatchSize : " + batchsize): null

2018-05-24 19:49:23 - [TEST_STEP][PASSED] - Statement - For ([n = 1, n <= batchsize - 1, (n++)]): null

2018-05-24 19:49:23 - [TEST_STEP][PASSED] - Statement - product = new com.kms.katalon.core.testobject.TestObject(): null

2018-05-24 19:49:23 - [TEST_STEP][PASSED] - Statement - product = com.kms.katalon.core.webui.keyword.WebUiBuiltInKeywords.modifyObjectProperty(product, "xpath", "equals", "//*[@id = "fldvendor" + row + ""]", true): Modify property of object successfully

2018-05-24 19:49:23 - [MESSAGE][PASSED] - Modify property of object successfully

2018-05-24 19:49:23 - [TEST_STEP][PASSED] - selectOptionByIndex: All options with index in [1] are selected on object ''

2018-05-24 19:49:23 - [MESSAGE][PASSED] - All options with index in [1] are selected on object ''

2018-05-24 19:49:23 - [TEST_STEP][PASSED] - Statement - batch = new com.kms.katalon.core.testobject.TestObject(): null

2018-05-24 19:49:23 - [TEST_STEP][PASSED] - Statement - batch = com.kms.katalon.core.webui.keyword.WebUiBuiltInKeywords.modifyObjectProperty(batch, "xpath", "equals", "//*[@id = "txtbthqty" + row + ""]", true): Modify property of object successfully

2018-05-24 19:49:23 - [MESSAGE][PASSED] - Modify property of object successfully

2018-05-24 19:49:23 - [TEST_STEP][PASSED] - Statement - batchqty = com.kms.katalon.core.webui.keyword.WebUiBuiltInKeywords.getAttribute(batch, "value").trim(): Attribute 'value' of object '' is: '49400'

2018-05-24 19:49:23 - [MESSAGE][PASSED] - Attribute 'value' of object '' is: '49400'

2018-05-24 19:49:23 - [TEST_STEP][PASSED] - Statement - Rqty = 100: null

2018-05-24 19:49:23 - [TEST_STEP][PASSED] - delay: Delayed 2 second(s)

2018-05-24 19:49:25 - [MESSAGE][PASSED] - Delayed 2 second(s)

2018-05-24 19:49:25 - [TEST_STEP][PASSED] - Statement - out.println("BatchQty : " + batchqty): null

2018-05-24 19:49:25 - [TEST_STEP][PASSED] - Statement - out.println("RQty : " + Rqty): null

2018-05-24 19:49:25 - [TEST_STEP][PASSED] - Statement - If (java.lang.Integer.valueOf(batchqty) >= java.lang.Integer.valueOf(Rqty)): null

2018-05-24 19:49:25 - [TEST_STEP][PASSED] - Statement - Break: null

2018-05-24 19:49:25 - [TEST_STEP][PASSED] - Statement - batchlength = new com.kms.katalon.core.testobject.TestObject(): null

2018-05-24 19:49:25 - [TEST_STEP][PASSED] - Statement - batchlength = com.kms.katalon.core.webui.keyword.WebUiBuiltInKeywords.modifyObjectProperty(batchlength, "xpath", "equals", "//*[@id = "fldvendor" + row + ""]", true): Modify property of object successfully

2018-05-24 19:49:25 - [MESSAGE][PASSED] - Modify property of object successfully

2018-05-24 19:49:25 - [TEST_STEP][PASSED] - Statement - batchsize = com.kms.katalon.core.webui.keyword.WebUiBuiltInKeywords.getNumberOfTotalOption(batchlength): 8 options of object '' counted

2018-05-24 19:49:25 - [MESSAGE][PASSED] - 8 options of object '' counted

2018-05-24 19:49:25 - [TEST_STEP][PASSED] - Statement - out.println("BatchSize : " + batchsize): null

2018-05-24 19:49:25 - [TEST_STEP][PASSED] - Statement - For ([n = 1, n <= batchsize - 1, (n++)]): null

2018-05-24 19:49:25 - [TEST_STEP][PASSED] - Statement - product = new com.kms.katalon.core.testobject.TestObject(): null

2018-05-24 19:49:25 - [TEST_STEP][PASSED] - Statement - product = com.kms.katalon.core.webui.keyword.WebUiBuiltInKeywords.modifyObjectProperty(product, "xpath", "equals", "//*[@id = "fldvendor" + row + ""]", true): Modify property of object successfully

2018-05-24 19:49:25 - [MESSAGE][PASSED] - Modify property of object successfully

2018-05-24 19:49:25 - [TEST_STEP][PASSED] - selectOptionByIndex: All options with index in [1] are selected on object ''

2018-05-24 19:49:26 - [MESSAGE][PASSED] - All options with index in [1] are selected on object ''

2018-05-24 19:49:26 - [TEST_STEP][PASSED] - Statement - batch = new com.kms.katalon.core.testobject.TestObject(): null

2018-05-24 19:49:26 - [TEST_STEP][PASSED] - Statement - batch = com.kms.katalon.core.webui.keyword.WebUiBuiltInKeywords.modifyObjectProperty(batch, "xpath", "equals", "//*[@id = "txtbthqty" + row + ""]", true): Modify property of object successfully

2018-05-24 19:49:26 - [MESSAGE][PASSED] - Modify property of object successfully

2018-05-24 19:49:26 - [TEST_STEP][PASSED] - Statement - batchqty = com.kms.katalon.core.webui.keyword.WebUiBuiltInKeywords.getAttribute(batch, "value").trim(): Attribute 'value' of object '' is: '49400'

2018-05-24 19:49:26 - [MESSAGE][PASSED] - Attribute 'value' of object '' is: '49400'

2018-05-24 19:49:26 - [TEST_STEP][PASSED] - Statement - Rqty = 100: null

2018-05-24 19:49:26 - [TEST_STEP][PASSED] - delay: Delayed 2 second(s)

2018-05-24 19:49:28 - [MESSAGE][PASSED] - Delayed 2 second(s)

2018-05-24 19:49:28 - [TEST_STEP][PASSED] - Statement - out.println("BatchQty : " + batchqty): null

2018-05-24 19:49:28 - [TEST_STEP][PASSED] - Statement - out.println("RQty : " + Rqty): null

2018-05-24 19:49:28 - [TEST_STEP][PASSED] - Statement - If (java.lang.Integer.valueOf(batchqty) >= java.lang.Integer.valueOf(Rqty)): null

2018-05-24 19:49:28 - [TEST_STEP][PASSED] - Statement - Break: null

2018-05-24 19:49:28 - [TEST_STEP][PASSED] - Statement - batchlength = new com.kms.katalon.core.testobject.TestObject(): null

2018-05-24 19:49:28 - [TEST_STEP][PASSED] - Statement - batchlength = com.kms.katalon.core.webui.keyword.WebUiBuiltInKeywords.modifyObjectProperty(batchlength, "xpath", "equals", "//*[@id = "fldvendor" + row + ""]", true): Modify property of object successfully

2018-05-24 19:49:28 - [MESSAGE][PASSED] - Modify property of object successfully

2018-05-24 19:49:28 - [TEST_STEP][PASSED] - Statement - batchsize = com.kms.katalon.core.webui.keyword.WebUiBuiltInKeywords.getNumberOfTotalOption(batchlength): 8 options of object '' counted

2018-05-24 19:49:28 - [MESSAGE][PASSED] - 8 options of object '' counted

2018-05-24 19:49:28 - [TEST_STEP][PASSED] - Statement - out.println("BatchSize : " + batchsize): null

2018-05-24 19:49:28 - [TEST_STEP][PASSED] - Statement - For ([n = 1, n <= batchsize - 1, (n++)]): null

2018-05-24 19:49:28 - [TEST_STEP][PASSED] - Statement - product = new com.kms.katalon.core.testobject.TestObject(): null

2018-05-24 19:49:28 - [TEST_STEP][PASSED] - Statement - product = com.kms.katalon.core.webui.keyword.WebUiBuiltInKeywords.modifyObjectProperty(product, "xpath", "equals", "//*[@id = "fldvendor" + row + ""]", true): Modify property of object successfully

2018-05-24 19:49:28 - [MESSAGE][PASSED] - Modify property of object successfully

2018-05-24 19:49:28 - [TEST_STEP][PASSED] - selectOptionByIndex: All options with index in [1] are selected on object ''

2018-05-24 19:49:28 - [MESSAGE][PASSED] - All options with index in [1] are selected on object ''

2018-05-24 19:49:28 - [TEST_STEP][PASSED] - Statement - batch = new com.kms.katalon.core.testobject.TestObject(): null

2018-05-24 19:49:28 - [TEST_STEP][PASSED] - Statement - batch = com.kms.katalon.core.webui.keyword.WebUiBuiltInKeywords.modifyObjectProperty(batch, "xpath", "equals", "//*[@id = "txtbthqty" + row + ""]", true): Modify property of object successfully

2018-05-24 19:49:28 - [MESSAGE][PASSED] - Modify property of object successfully

2018-05-24 19:49:28 - [TEST_STEP][PASSED] - Statement - batchqty = com.kms.katalon.core.webui.keyword.WebUiBuiltInKeywords.getAttribute(batch, "value").trim(): Attribute 'value' of object '' is: '39400'

2018-05-24 19:49:28 - [MESSAGE][PASSED] - Attribute 'value' of object '' is: '39400'

2018-05-24 19:49:28 - [TEST_STEP][PASSED] - Statement - Rqty = 100: null

2018-05-24 19:49:28 - [TEST_STEP][PASSED] - delay: Delayed 2 second(s)

2018-05-24 19:49:30 - [MESSAGE][PASSED] - Delayed 2 second(s)

2018-05-24 19:49:30 - [TEST_STEP][PASSED] - Statement - out.println("BatchQty : " + batchqty): null

2018-05-24 19:49:30 - [TEST_STEP][PASSED] - Statement - out.println("RQty : " + Rqty): null

2018-05-24 19:49:30 - [TEST_STEP][PASSED] - Statement - If (java.lang.Integer.valueOf(batchqty) >= java.lang.Integer.valueOf(Rqty)): null

2018-05-24 19:49:30 - [TEST_STEP][PASSED] - Statement - Break: null

2018-05-24 19:49:30 - [TEST_STEP][PASSED] - Statement - batchlength = new com.kms.katalon.core.testobject.TestObject(): null

2018-05-24 19:49:30 - [TEST_STEP][PASSED] - Statement - batchlength = com.kms.katalon.core.webui.keyword.WebUiBuiltInKeywords.modifyObjectProperty(batchlength, "xpath", "equals", "//*[@id = "fldvendor" + row + ""]", true): Modify property of object successfully

2018-05-24 19:49:30 - [MESSAGE][PASSED] - Modify property of object successfully

2018-05-24 19:49:30 - [TEST_STEP][PASSED] - Statement - batchsize = com.kms.katalon.core.webui.keyword.WebUiBuiltInKeywords.getNumberOfTotalOption(batchlength): 14 options of object '' counted

2018-05-24 19:49:30 - [MESSAGE][PASSED] - 14 options of object '' counted

2018-05-24 19:49:30 - [TEST_STEP][PASSED] - Statement - out.println("BatchSize : " + batchsize): null

2018-05-24 19:49:30 - [TEST_STEP][PASSED] - Statement - For ([n = 1, n <= batchsize - 1, (n++)]): null

2018-05-24 19:49:30 - [TEST_STEP][PASSED] - Statement - product = new com.kms.katalon.core.testobject.TestObject(): null

2018-05-24 19:49:30 - [TEST_STEP][PASSED] - Statement - product = com.kms.katalon.core.webui.keyword.WebUiBuiltInKeywords.modifyObjectProperty(product, "xpath", "equals", "//*[@id = "fldvendor" + row + ""]", true): Modify property of object successfully

2018-05-24 19:49:30 - [MESSAGE][PASSED] - Modify property of object successfully

2018-05-24 19:49:30 - [TEST_STEP][PASSED] - selectOptionByIndex: All options with index in [1] are selected on object ''

2018-05-24 19:49:30 - [MESSAGE][PASSED] - All options with index in [1] are selected on object ''

2018-05-24 19:49:30 - [TEST_STEP][PASSED] - Statement - batch = new com.kms.katalon.core.testobject.TestObject(): null

2018-05-24 19:49:30 - [TEST_STEP][PASSED] - Statement - batch = com.kms.katalon.core.webui.keyword.WebUiBuiltInKeywords.modifyObjectProperty(batch, "xpath", "equals", "//*[@id = "txtbthqty" + row + ""]", true): Modify property of object successfully

2018-05-24 19:49:30 - [MESSAGE][PASSED] - Modify property of object successfully

2018-05-24 19:49:30 - [TEST_STEP][PASSED] - Statement - batchqty = com.kms.katalon.core.webui.keyword.WebUiBuiltInKeywords.getAttribute(batch, "value").trim(): Attribute 'value' of object '' is: '27400'

2018-05-24 19:49:30 - [MESSAGE][PASSED] - Attribute 'value' of object '' is: '27400'

2018-05-24 19:49:30 - [TEST_STEP][PASSED] - Statement - Rqty = 100: null

2018-05-24 19:49:30 - [TEST_STEP][PASSED] - delay: Delayed 2 second(s)

2018-05-24 19:49:32 - [MESSAGE][PASSED] - Delayed 2 second(s)

2018-05-24 19:49:32 - [TEST_STEP][PASSED] - Statement - out.println("BatchQty : " + batchqty): null

2018-05-24 19:49:32 - [TEST_STEP][PASSED] - Statement - out.println("RQty : " + Rqty): null

2018-05-24 19:49:32 - [TEST_STEP][PASSED] - Statement - If (java.lang.Integer.valueOf(batchqty) >= java.lang.Integer.valueOf(Rqty)): null

2018-05-24 19:49:32 - [TEST_STEP][PASSED] - Statement - Break: null

2018-05-24 19:49:32 - [TEST_STEP][PASSED] - Statement - batchlength = new com.kms.katalon.core.testobject.TestObject(): null

2018-05-24 19:49:32 - [TEST_STEP][PASSED] - Statement - batchlength = com.kms.katalon.core.webui.keyword.WebUiBuiltInKeywords.modifyObjectProperty(batchlength, "xpath", "equals", "//*[@id = "fldvendor" + row + ""]", true): Modify property of object successfully

2018-05-24 19:49:32 - [MESSAGE][PASSED] - Modify property of object successfully

2018-05-24 19:49:32 - [TEST_STEP][PASSED] - Statement - batchsize = com.kms.katalon.core.webui.keyword.WebUiBuiltInKeywords.getNumberOfTotalOption(batchlength): 8 options of object '' counted

2018-05-24 19:49:32 - [MESSAGE][PASSED] - 8 options of object '' counted

2018-05-24 19:49:32 - [TEST_STEP][PASSED] - Statement - out.println("BatchSize : " + batchsize): null

2018-05-24 19:49:32 - [TEST_STEP][PASSED] - Statement - For ([n = 1, n <= batchsize - 1, (n++)]): null

2018-05-24 19:49:32 - [TEST_STEP][PASSED] - Statement - product = new com.kms.katalon.core.testobject.TestObject(): null

2018-05-24 19:49:32 - [TEST_STEP][PASSED] - Statement - product = com.kms.katalon.core.webui.keyword.WebUiBuiltInKeywords.modifyObjectProperty(product, "xpath", "equals", "//*[@id = "fldvendor" + row + ""]", true): Modify property of object successfully

2018-05-24 19:49:32 - [MESSAGE][PASSED] - Modify property of object successfully

2018-05-24 19:49:32 - [TEST_STEP][PASSED] - selectOptionByIndex: All options with index in [1] are selected on object ''

2018-05-24 19:49:32 - [MESSAGE][PASSED] - All options with index in [1] are selected on object ''

2018-05-24 19:49:32 - [TEST_STEP][PASSED] - Statement - batch = new com.kms.katalon.core.testobject.TestObject(): null

2018-05-24 19:49:32 - [TEST_STEP][PASSED] - Statement - batch = com.kms.katalon.core.webui.keyword.WebUiBuiltInKeywords.modifyObjectProperty(batch, "xpath", "equals", "//*[@id = "txtbthqty" + row + ""]", true): Modify property of object successfully

2018-05-24 19:49:32 - [MESSAGE][PASSED] - Modify property of object successfully

2018-05-24 19:49:32 - [TEST_STEP][PASSED] - Statement - batchqty = com.kms.katalon.core.webui.keyword.WebUiBuiltInKeywords.getAttribute(batch, "value").trim(): Attribute 'value' of object '' is: '49400'

2018-05-24 19:49:32 - [MESSAGE][PASSED] - Attribute 'value' of object '' is: '49400'

2018-05-24 19:49:32 - [TEST_STEP][PASSED] - Statement - Rqty = 100: null

2018-05-24 19:49:32 - [TEST_STEP][PASSED] - delay: Delayed 2 second(s)

2018-05-24 19:49:34 - [MESSAGE][PASSED] - Delayed 2 second(s)

2018-05-24 19:49:34 - [TEST_STEP][PASSED] - Statement - out.println("BatchQty : " + batchqty): null

2018-05-24 19:49:34 - [TEST_STEP][PASSED] - Statement - out.println("RQty : " + Rqty): null

2018-05-24 19:49:34 - [TEST_STEP][PASSED] - Statement - If (java.lang.Integer.valueOf(batchqty) >= java.lang.Integer.valueOf(Rqty)): null

2018-05-24 19:49:34 - [TEST_STEP][PASSED] - Statement - Break: null

2018-05-24 19:49:34 - [TEST_STEP][PASSED] - Statement - batchlength = new com.kms.katalon.core.testobject.TestObject(): null

2018-05-24 19:49:34 - [TEST_STEP][PASSED] - Statement - batchlength = com.kms.katalon.core.webui.keyword.WebUiBuiltInKeywords.modifyObjectProperty(batchlength, "xpath", "equals", "//*[@id = "fldvendor" + row + ""]", true): Modify property of object successfully

2018-05-24 19:49:34 - [MESSAGE][PASSED] - Modify property of object successfully

2018-05-24 19:49:34 - [TEST_STEP][PASSED] - Statement - batchsize = com.kms.katalon.core.webui.keyword.WebUiBuiltInKeywords.getNumberOfTotalOption(batchlength): 8 options of object '' counted

2018-05-24 19:49:34 - [MESSAGE][PASSED] - 8 options of object '' counted

2018-05-24 19:49:34 - [TEST_STEP][PASSED] - Statement - out.println("BatchSize : " + batchsize): null

2018-05-24 19:49:34 - [TEST_STEP][PASSED] - Statement - For ([n = 1, n <= batchsize - 1, (n++)]): null

2018-05-24 19:49:34 - [TEST_STEP][PASSED] - Statement - product = new com.kms.katalon.core.testobject.TestObject(): null

2018-05-24 19:49:34 - [TEST_STEP][PASSED] - Statement - product = com.kms.katalon.core.webui.keyword.WebUiBuiltInKeywords.modifyObjectProperty(product, "xpath", "equals", "//*[@id = "fldvendor" + row + ""]", true): Modify property of object successfully

2018-05-24 19:49:34 - [MESSAGE][PASSED] - Modify property of object successfully

2018-05-24 19:49:34 - [TEST_STEP][PASSED] - selectOptionByIndex: All options with index in [1] are selected on object ''

2018-05-24 19:49:35 - [MESSAGE][PASSED] - All options with index in [1] are selected on object ''

2018-05-24 19:49:35 - [TEST_STEP][PASSED] - Statement - batch = new com.kms.katalon.core.testobject.TestObject(): null

2018-05-24 19:49:35 - [TEST_STEP][PASSED] - Statement - batch = com.kms.katalon.core.webui.keyword.WebUiBuiltInKeywords.modifyObjectProperty(batch, "xpath", "equals", "//*[@id = "txtbthqty" + row + ""]", true): Modify property of object successfully

2018-05-24 19:49:35 - [MESSAGE][PASSED] - Modify property of object successfully

2018-05-24 19:49:35 - [TEST_STEP][PASSED] - Statement - batchqty = com.kms.katalon.core.webui.keyword.WebUiBuiltInKeywords.getAttribute(batch, "value").trim(): Attribute 'value' of object '' is: '38400'

2018-05-24 19:49:35 - [MESSAGE][PASSED] - Attribute 'value' of object '' is: '38400'

2018-05-24 19:49:35 - [TEST_STEP][PASSED] - Statement - Rqty = 100: null

2018-05-24 19:49:35 - [TEST_STEP][PASSED] - delay: Delayed 2 second(s)

2018-05-24 19:49:37 - [MESSAGE][PASSED] - Delayed 2 second(s)

2018-05-24 19:49:37 - [TEST_STEP][PASSED] - Statement - out.println("BatchQty : " + batchqty): null

2018-05-24 19:49:37 - [TEST_STEP][PASSED] - Statement - out.println("RQty : " + Rqty): null

2018-05-24 19:49:37 - [TEST_STEP][PASSED] - Statement - If (java.lang.Integer.valueOf(batchqty) >= java.lang.Integer.valueOf(Rqty)): null

2018-05-24 19:49:37 - [TEST_STEP][PASSED] - Statement - Break: null

2018-05-24 19:49:37 - [TEST_STEP][PASSED] - Statement - batchlength = new com.kms.katalon.core.testobject.TestObject(): null

2018-05-24 19:49:37 - [TEST_STEP][PASSED] - Statement - batchlength = com.kms.katalon.core.webui.keyword.WebUiBuiltInKeywords.modifyObjectProperty(batchlength, "xpath", "equals", "//*[@id = "fldvendor" + row + ""]", true): Modify property of object successfully

2018-05-24 19:49:37 - [MESSAGE][PASSED] - Modify property of object successfully

2018-05-24 19:49:37 - [TEST_STEP][PASSED] - Statement - batchsize = com.kms.katalon.core.webui.keyword.WebUiBuiltInKeywords.getNumberOfTotalOption(batchlength): 8 options of object '' counted

2018-05-24 19:49:37 - [MESSAGE][PASSED] - 8 options of object '' counted

2018-05-24 19:49:37 - [TEST_STEP][PASSED] - Statement - out.println("BatchSize : " + batchsize): null

2018-05-24 19:49:37 - [TEST_STEP][PASSED] - Statement - For ([n = 1, n <= batchsize - 1, (n++)]): null

2018-05-24 19:49:37 - [TEST_STEP][PASSED] - Statement - product = new com.kms.katalon.core.testobject.TestObject(): null

2018-05-24 19:49:37 - [TEST_STEP][PASSED] - Statement - product = com.kms.katalon.core.webui.keyword.WebUiBuiltInKeywords.modifyObjectProperty(product, "xpath", "equals", "//*[@id = "fldvendor" + row + ""]", true): Modify property of object successfully

2018-05-24 19:49:37 - [MESSAGE][PASSED] - Modify property of object successfully

2018-05-24 19:49:37 - [TEST_STEP][PASSED] - selectOptionByIndex: All options with index in [1] are selected on object ''

2018-05-24 19:49:37 - [MESSAGE][PASSED] - All options with index in [1] are selected on object ''

2018-05-24 19:49:37 - [TEST_STEP][PASSED] - Statement - batch = new com.kms.katalon.core.testobject.TestObject(): null

2018-05-24 19:49:37 - [TEST_STEP][PASSED] - Statement - batch = com.kms.katalon.core.webui.keyword.WebUiBuiltInKeywords.modifyObjectProperty(batch, "xpath", "equals", "//*[@id = "txtbthqty" + row + ""]", true): Modify property of object successfully

2018-05-24 19:49:37 - [MESSAGE][PASSED] - Modify property of object successfully

2018-05-24 19:49:37 - [TEST_STEP][PASSED] - Statement - batchqty = com.kms.katalon.core.webui.keyword.WebUiBuiltInKeywords.getAttribute(batch, "value").trim(): Attribute 'value' of object '' is: '39400'

2018-05-24 19:49:37 - [MESSAGE][PASSED] - Attribute 'value' of object '' is: '39400'

2018-05-24 19:49:37 - [TEST_STEP][PASSED] - Statement - Rqty = 100: null

2018-05-24 19:49:37 - [TEST_STEP][PASSED] - delay: Delayed 2 second(s)

2018-05-24 19:49:39 - [MESSAGE][PASSED] - Delayed 2 second(s)

2018-05-24 19:49:39 - [TEST_STEP][PASSED] - Statement - out.println("BatchQty : " + batchqty): null

2018-05-24 19:49:39 - [TEST_STEP][PASSED] - Statement - out.println("RQty : " + Rqty): null

2018-05-24 19:49:39 - [TEST_STEP][PASSED] - Statement - If (java.lang.Integer.valueOf(batchqty) >= java.lang.Integer.valueOf(Rqty)): null

2018-05-24 19:49:39 - [TEST_STEP][PASSED] - Statement - Break: null

2018-05-24 19:49:39 - [TEST_STEP][PASSED] - delay: Delayed 2 second(s)

2018-05-24 19:49:41 - [MESSAGE][PASSED] - Delayed 2 second(s)

2018-05-24 19:49:41 - [TEST_STEP][PASSED] - click: Object: 'Object Repository/DispensaryToCms/Page_KDMC - CMS/input_btndispatch' is clicked on

2018-05-24 19:49:41 - [MESSAGE][PASSED] - Object: 'Object Repository/DispensaryToCms/Page_KDMC - CMS/input_btndispatch' is clicked on

2018-05-24 19:49:41 - [TEST_STEP][PASSED] - delay: Delayed 3 second(s)

2018-05-24 19:49:44 - [MESSAGE][PASSED] - Delayed 3 second(s)

2018-05-24 19:49:44 - [TEST_STEP][PASSED] - click: Object: 'Object Repository/DispensaryToCms/Page_KDMC - CMS/button_OK' is clicked on

2018-05-24 19:49:45 - [MESSAGE][PASSED] - Object: 'Object Repository/DispensaryToCms/Page_KDMC - CMS/button_OK' is clicked on

2018-05-24 19:49:45 - [TEST_STEP][PASSED] - delay: Delayed 3 second(s)

2018-05-24 19:49:48 - [MESSAGE][PASSED] - Delayed 3 second(s)

2018-05-24 19:49:48 - [TEST_STEP][PASSED] - click: Object: 'Object Repository/DispensaryToCms/Page_KDMC - CMS/a_dropdown-toggle' is clicked on

2018-05-24 19:49:48 - [MESSAGE][PASSED] - Object: 'Object Repository/DispensaryToCms/Page_KDMC - CMS/a_dropdown-toggle' is clicked on

2018-05-24 19:49:48 - [TEST_STEP][PASSED] - click: Object: 'Object Repository/DispensaryToCms/Page_KDMC - CMS/a_Sign out' is clicked on

2018-05-24 19:49:48 - [MESSAGE][PASSED] - Object: 'Object Repository/DispensaryToCms/Page_KDMC - CMS/a_Sign out' is clicked on

2018-05-24 19:49:48 - [TEST_STEP][PASSED] - delay: Delayed 3 second(s)

2018-05-24 19:49:51 - [MESSAGE][PASSED] - Delayed 3 second(s)

2018-05-24 19:49:51 - [TEST_STEP][PASSED] - navigateToUrl: Navigate to 'http://192.168.137.1/multihospital_new/HDSplashscreen.aspx' successfully

2018-05-24 19:49:52 - [MESSAGE][PASSED] - Navigate to 'http://192.168.137.1/multihospital_new/HDSplashscreen.aspx' successfully

2018-05-24 19:49:52 - [TEST_STEP][PASSED] - click: Object: 'Object Repository/DispensaryToCms/Page_KDMC/a_Dispensary Store' is clicked on

2018-05-24 19:49:52 - [MESSAGE][PASSED] - Object: 'Object Repository/DispensaryToCms/Page_KDMC/a_Dispensary Store' is clicked on

2018-05-24 19:49:52 - [TEST_STEP][PASSED] - setText: Text 'rajaram' is set on object 'Object Repository/DispensaryToCms/Page_Dispensary Store Login/input_txtusername'

2018-05-24 19:49:52 - [MESSAGE][PASSED] - Text 'rajaram' is set on object 'Object Repository/DispensaryToCms/Page_Dispensary Store Login/input_txtusername'

2018-05-24 19:49:52 - [TEST_STEP][PASSED] - setText: Text '123' is set on object 'Object Repository/DispensaryToCms/Page_Dispensary Store Login/input_txtpassword'

2018-05-24 19:49:52 - [MESSAGE][PASSED] - Text '123' is set on object 'Object Repository/DispensaryToCms/Page_Dispensary Store Login/input_txtpassword'

2018-05-24 19:49:52 - [TEST_STEP][PASSED] - delay: Delayed 3 second(s)

2018-05-24 19:49:55 - [MESSAGE][PASSED] - Delayed 3 second(s)

2018-05-24 19:49:55 - [TEST_STEP][PASSED] - click: Object: 'Object Repository/DispensaryToCms/Page_Dispensary Store Login/button_Sign in' is clicked on

2018-05-24 19:49:56 - [MESSAGE][PASSED] - Object: 'Object Repository/DispensaryToCms/Page_Dispensary Store Login/button_Sign in' is clicked on

2018-05-24 19:49:56 - [TEST_STEP][PASSED] - delay: Delayed 3 second(s)

2018-05-24 19:49:59 - [MESSAGE][PASSED] - Delayed 3 second(s)

2018-05-24 19:49:59 - [TEST_STEP][PASSED] - click: Object: 'Object Repository/DispensaryToCms/Page_Dispensary Store/a_CMS' is clicked on

2018-05-24 19:50:00 - [MESSAGE][PASSED] - Object: 'Object Repository/DispensaryToCms/Page_Dispensary Store/a_CMS' is clicked on

2018-05-24 19:50:00 - [TEST_STEP][PASSED] - delay: Delayed 2 second(s)

2018-05-24 19:50:02 - [MESSAGE][PASSED] - Delayed 2 second(s)

2018-05-24 19:50:02 - [TEST_STEP][PASSED] - click: Object: 'Object Repository/DispensaryToCms/Page_Dispensary Store/a_Receiving Goods' is clicked on

2018-05-24 19:50:03 - [MESSAGE][PASSED] - Object: 'Object Repository/DispensaryToCms/Page_Dispensary Store/a_Receiving Goods' is clicked on

2018-05-24 19:50:03 - [TEST_STEP][PASSED] - setText: Text 'PRNO/24052018/386' is set on object 'Object Repository/DispensaryToCms/Page_Dispensary Store/input'

2018-05-24 19:50:03 - [MESSAGE][PASSED] - Text 'PRNO/24052018/386' is set on object 'Object Repository/DispensaryToCms/Page_Dispensary Store/input'

2018-05-24 19:50:03 - [TEST_STEP][PASSED] - click: Object: 'Object Repository/DispensaryToCms/Page_Dispensary Store/input_PRNO18052018174' is clicked on

2018-05-24 19:50:03 - [MESSAGE][PASSED] - Object: 'Object Repository/DispensaryToCms/Page_Dispensary Store/input_PRNO18052018174' is clicked on

2018-05-24 19:50:03 - [TEST_STEP][PASSED] - delay: Delayed 2 second(s)

2018-05-24 19:50:05 - [MESSAGE][PASSED] - Delayed 2 second(s)

2018-05-24 19:50:05 - [TEST_STEP][PASSED] - click: Object: 'Object Repository/DispensaryToCms/Page_Dispensary Store/input_chkrem' is clicked on

2018-05-24 19:50:05 - [MESSAGE][PASSED] - Object: 'Object Repository/DispensaryToCms/Page_Dispensary Store/input_chkrem' is clicked on

2018-05-24 19:50:05 - [TEST_STEP][PASSED] - scrollToElement: Scroll to object 'Object Repository/DispensaryToCms/Page_Dispensary Store/input_btchkroqadd' successfully

2018-05-24 19:50:05 - [MESSAGE][PASSED] - Scroll to object 'Object Repository/DispensaryToCms/Page_Dispensary Store/input_btchkroqadd' successfully

2018-05-24 19:50:05 - [TEST_STEP][PASSED] - click: Object: 'Object Repository/DispensaryToCms/Page_Dispensary Store/input_btchkroqadd' is clicked on

2018-05-24 19:50:05 - [MESSAGE][PASSED] - Object: 'Object Repository/DispensaryToCms/Page_Dispensary Store/input_btchkroqadd' is clicked on

2018-05-24 19:50:05 - [TEST_STEP][PASSED] - delay: Delayed 2 second(s)

2018-05-24 19:50:07 - [MESSAGE][PASSED] - Delayed 2 second(s)

2018-05-24 19:50:07 - [TEST_STEP][PASSED] - refresh: Refresh successfully

2018-05-24 19:50:08 - [MESSAGE][PASSED] - Refresh successfully

2018-05-24 19:50:08 - [TEST_STEP][PASSED] - delay: Delayed 3 second(s)

2018-05-24 19:50:11 - [MESSAGE][PASSED] - Delayed 3 second(s)

2018-05-24 19:50:11 - [TEST_STEP][PASSED] - waitForElementPresent: Object 'Object Repository/DispensaryToStore/Page_Dispensary Store/a_dropdown-toggle' is present

2018-05-24 19:50:11 - [MESSAGE][PASSED] - Object 'Object Repository/DispensaryToStore/Page_Dispensary Store/a_dropdown-toggle' is present

2018-05-24 19:50:11 - [TEST_STEP][PASSED] - click: Object: 'Object Repository/DispensaryToCms/Page_Dispensary Store/a_dropdown-toggle' is clicked on

2018-05-24 19:50:11 - [MESSAGE][PASSED] - Object: 'Object Repository/DispensaryToCms/Page_Dispensary Store/a_dropdown-toggle' is clicked on

2018-05-24 19:50:11 - [TEST_STEP][PASSED] - click: Object: 'Object Repository/DispensaryToCms/Page_Dispensary Store/a_Sign out' is clicked on

2018-05-24 19:50:11 - [MESSAGE][PASSED] - Object: 'Object Repository/DispensaryToCms/Page_Dispensary Store/a_Sign out' is clicked on

2018-05-24 19:50:11 - [TEST_STEP][PASSED] - closeBrowser: Browser is closed

2018-05-24 19:50:12 - [MESSAGE][PASSED] - Browser is closed]]></system-out>
         <system-err><![CDATA[]]></system-err>
      </testcase>
      <system-out><![CDATA[2018-05-24 19:26:54 - [TEST_SUITE][ERROR] - Dispensary_Cms_Suite: Test Cases/DISPENSARY TEST CASES/TC_DP_013 Verify Schedule 1 Dispensary To CMS Request Are Working Successfully Or Not FAILED because (of) java.lang.NumberFormatException: For input string: ""]]></system-out>
      <system-err><![CDATA[2018-05-24 19:26:54 - [TEST_SUITE][ERROR] - Dispensary_Cms_Suite: Test Cases/DISPENSARY TEST CASES/TC_DP_013 Verify Schedule 1 Dispensary To CMS Request Are Working Successfully Or Not FAILED because (of) java.lang.NumberFormatException: For input string: ""]]></system-err>
   </testsuite>
</testsuites>
