<?xml version="1.0" encoding="UTF-8"?>
<testsuites name="Dispensary_Cms_Suite" time="50625" tests="8" failures="2" errors="2">
   <testsuite name="Dispensary_Cms_Suite" tests="8" failures="2" errors="2" time="50625" timestamp="2018-05-22 19:32:20" hostname="Quality Analyst - DESKTOP-BLFTK83" id="Test Suites/Dispensary_Cms_Suite">
      <properties>
         <property name="deviceName" value=""/>
         <property name="devicePlatform" value=""/>
         <property name="logFolder" value="C:\\Users\\Quality Analyst\\Katalon Studio\\ds\\Reports\\Dispensary_Cms_Suite\\20180522_193041"/>
         <property name="logFiles" value="C:\\Users\\Quality Analyst\\Katalon Studio\\ds\\Reports\\Dispensary_Cms_Suite\\20180522_193041\\execution0.log, C:\\Users\\Quality Analyst\\Katalon Studio\\ds\\Reports\\Dispensary_Cms_Suite\\20180522_193041\\execution1.log"/>
         <property name="attachments" value="C:\\Users\\Quality Analyst\\Katalon Studio\\ds\\Reports\\Dispensary_Cms_Suite\\20180522_193041\\1527048180440.png"/>
         <property name="hostName" value="Quality Analyst - DESKTOP-BLFTK83"/>
         <property name="os" value="Windows 10 64bit"/>
         <property name="katalonVersion" value="5.4.1.1"/>
         <property name="browser" value="Chrome 66.0.3359.181"/>
         <property name="hostAddress" value="169.254.189.85"/>
         <property name="sessionId" value="7626c6c99ecbe554ec0d114e9cf9a26b"/>
         <property name="seleniumVersion" value="3.7.1"/>
         <property name="proxyInformation" value="ProxyInformation{proxyOption=NO_PROXY, proxyServerType=HTTP, password=, proxyServerAddress=, proxyServerPort=0}"/>
         <property name="platform" value="Windows 10"/>
      </properties>
      <testcase name="Test Cases/DISPENSARY TEST CASES/TC_DP_013 Verify Schedule 1 Dispensary To CMS Request Are Working Successfully Or Not" classname="Test Cases/DISPENSARY TEST CASES/TC_DP_013 Verify Schedule 1 Dispensary To CMS Request Are Working Successfully Or Not" status="PASSED">
         <system-out><![CDATA[2018-05-22 19:32:21 - [TEST_CASE][PASSED] - Test Cases/DISPENSARY TEST CASES/TC_DP_013 Verify Schedule 1 Dispensary To CMS Request Are Working Successfully Or Not: Test Cases/DISPENSARY TEST CASES/TC_DP_013 Verify Schedule 1 Dispensary To CMS Request Are Working Successfully Or Not

2018-05-22 19:32:21 - [TEST_STEP][PASSED] - openBrowser: Browser is opened with url: ''

2018-05-22 19:32:24 - [MESSAGE][PASSED] - Browser is opened with url: ''

2018-05-22 19:32:24 - [TEST_STEP][PASSED] - navigateToUrl: Navigate to 'http://192.168.137.1/multihospital_new/HDSplashscreen.aspx' successfully

2018-05-22 19:32:27 - [MESSAGE][PASSED] - Navigate to 'http://192.168.137.1/multihospital_new/HDSplashscreen.aspx' successfully

2018-05-22 19:32:27 - [TEST_STEP][PASSED] - maximizeWindow: Current window maximized

2018-05-22 19:32:28 - [MESSAGE][PASSED] - Current window maximized

2018-05-22 19:32:28 - [TEST_STEP][PASSED] - click: Object: 'Object Repository/DispensaryToCms/Page_KDMC/a_Dispensary Store' is clicked on

2018-05-22 19:32:30 - [MESSAGE][PASSED] - Object: 'Object Repository/DispensaryToCms/Page_KDMC/a_Dispensary Store' is clicked on

2018-05-22 19:32:30 - [TEST_STEP][PASSED] - setText: Text 'rajaram' is set on object 'Object Repository/DispensaryToCms/Page_Dispensary Store Login/input_txtusername'

2018-05-22 19:32:30 - [MESSAGE][PASSED] - Text 'rajaram' is set on object 'Object Repository/DispensaryToCms/Page_Dispensary Store Login/input_txtusername'

2018-05-22 19:32:30 - [TEST_STEP][PASSED] - setText: Text '123' is set on object 'Object Repository/DispensaryToCms/Page_Dispensary Store Login/input_txtpassword'

2018-05-22 19:32:30 - [MESSAGE][PASSED] - Text '123' is set on object 'Object Repository/DispensaryToCms/Page_Dispensary Store Login/input_txtpassword'

2018-05-22 19:32:30 - [TEST_STEP][PASSED] - delay: Delayed 3 second(s)

2018-05-22 19:32:33 - [MESSAGE][PASSED] - Delayed 3 second(s)

2018-05-22 19:32:33 - [TEST_STEP][PASSED] - click: Object: 'Object Repository/DispensaryToCms/Page_Dispensary Store Login/button_Sign in' is clicked on

2018-05-22 19:32:35 - [MESSAGE][PASSED] - Object: 'Object Repository/DispensaryToCms/Page_Dispensary Store Login/button_Sign in' is clicked on

2018-05-22 19:32:35 - [TEST_STEP][PASSED] - delay: Delayed 3 second(s)

2018-05-22 19:32:38 - [MESSAGE][PASSED] - Delayed 3 second(s)

2018-05-22 19:32:38 - [TEST_STEP][PASSED] - click: Object: 'Object Repository/DispensaryToCms/Page_Dispensary Store/a_CMS' is clicked on

2018-05-22 19:32:38 - [MESSAGE][PASSED] - Object: 'Object Repository/DispensaryToCms/Page_Dispensary Store/a_CMS' is clicked on

2018-05-22 19:32:38 - [TEST_STEP][PASSED] - click: Object: 'Object Repository/DispensaryToCms/Page_Dispensary Store/a_Request Send' is clicked on

2018-05-22 19:32:38 - [MESSAGE][PASSED] - Object: 'Object Repository/DispensaryToCms/Page_Dispensary Store/a_Request Send' is clicked on

2018-05-22 19:32:38 - [TEST_STEP][PASSED] - delay: Delayed 2 second(s)

2018-05-22 19:32:40 - [MESSAGE][PASSED] - Delayed 2 second(s)

2018-05-22 19:32:40 - [TEST_STEP][PASSED] - selectOptionByIndex: All options with index in [2] are selected on object 'Object Repository/DispensaryToCms/Page_Dispensary Store/select_--Select--'

2018-05-22 19:32:41 - [MESSAGE][PASSED] - All options with index in [2] are selected on object 'Object Repository/DispensaryToCms/Page_Dispensary Store/select_--Select--'

2018-05-22 19:32:41 - [TEST_STEP][PASSED] - selectOptionByIndex: All options with index in [5] are selected on object 'Object Repository/DispensaryToCms/Page_Dispensary Store/select_--Select--Schedule 1Inj'

2018-05-22 19:32:41 - [MESSAGE][PASSED] - All options with index in [5] are selected on object 'Object Repository/DispensaryToCms/Page_Dispensary Store/select_--Select--Schedule 1Inj'

2018-05-22 19:32:41 - [TEST_STEP][PASSED] - Statement - medicineslength = com.kms.katalon.core.webui.keyword.WebUiBuiltInKeywords.getNumberOfTotalOption(com.kms.katalon.core.testobject.ObjectRepository.findTestObject(DispensaryToCms/Page_Dispensary Store/select_--Select--Adernaline 0.)): 17 options of object 'Object Repository/DispensaryToCms/Page_Dispensary Store/select_--Select--Adernaline 0.' counted

2018-05-22 19:32:41 - [MESSAGE][PASSED] - 17 options of object 'Object Repository/DispensaryToCms/Page_Dispensary Store/select_--Select--Adernaline 0.' counted

2018-05-22 19:32:41 - [TEST_STEP][PASSED] - Statement - For ([e = 1, e <= medicineslength - 1, (e++)]): Object: 'Object Repository/DispensaryToCms/Page_Dispensary Store/button_Add' is clicked on

2018-05-22 19:32:41 - [TEST_STEP][PASSED] - selectOptionByIndex: All options with index in [5] are selected on object 'Object Repository/DispensaryToCms/Page_Dispensary Store/select_--Select--Schedule 1Inj'

2018-05-22 19:32:41 - [MESSAGE][PASSED] - All options with index in [5] are selected on object 'Object Repository/DispensaryToCms/Page_Dispensary Store/select_--Select--Schedule 1Inj'

2018-05-22 19:32:41 - [TEST_STEP][PASSED] - selectOptionByIndex: All options with index in [1] are selected on object 'Object Repository/DispensaryToCms/Page_Dispensary Store/select_--Select--Adernaline 0.'

2018-05-22 19:32:41 - [MESSAGE][PASSED] - All options with index in [1] are selected on object 'Object Repository/DispensaryToCms/Page_Dispensary Store/select_--Select--Adernaline 0.'

2018-05-22 19:32:41 - [TEST_STEP][PASSED] - setText: Text '100' is set on object 'Object Repository/DispensaryToCms/Page_Dispensary Store/input_txttreat'

2018-05-22 19:32:41 - [MESSAGE][PASSED] - Text '100' is set on object 'Object Repository/DispensaryToCms/Page_Dispensary Store/input_txttreat'

2018-05-22 19:32:41 - [TEST_STEP][PASSED] - click: Object: 'Object Repository/DispensaryToCms/Page_Dispensary Store/button_Add' is clicked on

2018-05-22 19:32:41 - [MESSAGE][PASSED] - Object: 'Object Repository/DispensaryToCms/Page_Dispensary Store/button_Add' is clicked on

2018-05-22 19:32:41 - [TEST_STEP][PASSED] - selectOptionByIndex: All options with index in [5] are selected on object 'Object Repository/DispensaryToCms/Page_Dispensary Store/select_--Select--Schedule 1Inj'

2018-05-22 19:32:42 - [MESSAGE][PASSED] - All options with index in [5] are selected on object 'Object Repository/DispensaryToCms/Page_Dispensary Store/select_--Select--Schedule 1Inj'

2018-05-22 19:32:42 - [TEST_STEP][PASSED] - selectOptionByIndex: All options with index in [2] are selected on object 'Object Repository/DispensaryToCms/Page_Dispensary Store/select_--Select--Adernaline 0.'

2018-05-22 19:32:42 - [MESSAGE][PASSED] - All options with index in [2] are selected on object 'Object Repository/DispensaryToCms/Page_Dispensary Store/select_--Select--Adernaline 0.'

2018-05-22 19:32:42 - [TEST_STEP][PASSED] - setText: Text '100' is set on object 'Object Repository/DispensaryToCms/Page_Dispensary Store/input_txttreat'

2018-05-22 19:32:42 - [MESSAGE][PASSED] - Text '100' is set on object 'Object Repository/DispensaryToCms/Page_Dispensary Store/input_txttreat'

2018-05-22 19:32:42 - [TEST_STEP][PASSED] - click: Object: 'Object Repository/DispensaryToCms/Page_Dispensary Store/button_Add' is clicked on

2018-05-22 19:32:42 - [MESSAGE][PASSED] - Object: 'Object Repository/DispensaryToCms/Page_Dispensary Store/button_Add' is clicked on

2018-05-22 19:32:42 - [TEST_STEP][PASSED] - selectOptionByIndex: All options with index in [5] are selected on object 'Object Repository/DispensaryToCms/Page_Dispensary Store/select_--Select--Schedule 1Inj'

2018-05-22 19:32:42 - [MESSAGE][PASSED] - All options with index in [5] are selected on object 'Object Repository/DispensaryToCms/Page_Dispensary Store/select_--Select--Schedule 1Inj'

2018-05-22 19:32:42 - [TEST_STEP][PASSED] - selectOptionByIndex: All options with index in [3] are selected on object 'Object Repository/DispensaryToCms/Page_Dispensary Store/select_--Select--Adernaline 0.'

2018-05-22 19:32:42 - [MESSAGE][PASSED] - All options with index in [3] are selected on object 'Object Repository/DispensaryToCms/Page_Dispensary Store/select_--Select--Adernaline 0.'

2018-05-22 19:32:42 - [TEST_STEP][PASSED] - setText: Text '100' is set on object 'Object Repository/DispensaryToCms/Page_Dispensary Store/input_txttreat'

2018-05-22 19:32:42 - [MESSAGE][PASSED] - Text '100' is set on object 'Object Repository/DispensaryToCms/Page_Dispensary Store/input_txttreat'

2018-05-22 19:32:42 - [TEST_STEP][PASSED] - click: Object: 'Object Repository/DispensaryToCms/Page_Dispensary Store/button_Add' is clicked on

2018-05-22 19:32:43 - [MESSAGE][PASSED] - Object: 'Object Repository/DispensaryToCms/Page_Dispensary Store/button_Add' is clicked on

2018-05-22 19:32:43 - [TEST_STEP][PASSED] - selectOptionByIndex: All options with index in [5] are selected on object 'Object Repository/DispensaryToCms/Page_Dispensary Store/select_--Select--Schedule 1Inj'

2018-05-22 19:32:43 - [MESSAGE][PASSED] - All options with index in [5] are selected on object 'Object Repository/DispensaryToCms/Page_Dispensary Store/select_--Select--Schedule 1Inj'

2018-05-22 19:32:43 - [TEST_STEP][PASSED] - selectOptionByIndex: All options with index in [4] are selected on object 'Object Repository/DispensaryToCms/Page_Dispensary Store/select_--Select--Adernaline 0.'

2018-05-22 19:32:43 - [MESSAGE][PASSED] - All options with index in [4] are selected on object 'Object Repository/DispensaryToCms/Page_Dispensary Store/select_--Select--Adernaline 0.'

2018-05-22 19:32:43 - [TEST_STEP][PASSED] - setText: Text '100' is set on object 'Object Repository/DispensaryToCms/Page_Dispensary Store/input_txttreat'

2018-05-22 19:32:43 - [MESSAGE][PASSED] - Text '100' is set on object 'Object Repository/DispensaryToCms/Page_Dispensary Store/input_txttreat'

2018-05-22 19:32:43 - [TEST_STEP][PASSED] - click: Object: 'Object Repository/DispensaryToCms/Page_Dispensary Store/button_Add' is clicked on

2018-05-22 19:32:43 - [MESSAGE][PASSED] - Object: 'Object Repository/DispensaryToCms/Page_Dispensary Store/button_Add' is clicked on

2018-05-22 19:32:43 - [TEST_STEP][PASSED] - selectOptionByIndex: All options with index in [5] are selected on object 'Object Repository/DispensaryToCms/Page_Dispensary Store/select_--Select--Schedule 1Inj'

2018-05-22 19:32:43 - [MESSAGE][PASSED] - All options with index in [5] are selected on object 'Object Repository/DispensaryToCms/Page_Dispensary Store/select_--Select--Schedule 1Inj'

2018-05-22 19:32:43 - [TEST_STEP][PASSED] - selectOptionByIndex: All options with index in [5] are selected on object 'Object Repository/DispensaryToCms/Page_Dispensary Store/select_--Select--Adernaline 0.'

2018-05-22 19:32:43 - [MESSAGE][PASSED] - All options with index in [5] are selected on object 'Object Repository/DispensaryToCms/Page_Dispensary Store/select_--Select--Adernaline 0.'

2018-05-22 19:32:43 - [TEST_STEP][PASSED] - setText: Text '100' is set on object 'Object Repository/DispensaryToCms/Page_Dispensary Store/input_txttreat'

2018-05-22 19:32:44 - [MESSAGE][PASSED] - Text '100' is set on object 'Object Repository/DispensaryToCms/Page_Dispensary Store/input_txttreat'

2018-05-22 19:32:44 - [TEST_STEP][PASSED] - click: Object: 'Object Repository/DispensaryToCms/Page_Dispensary Store/button_Add' is clicked on

2018-05-22 19:32:44 - [MESSAGE][PASSED] - Object: 'Object Repository/DispensaryToCms/Page_Dispensary Store/button_Add' is clicked on

2018-05-22 19:32:44 - [TEST_STEP][PASSED] - selectOptionByIndex: All options with index in [5] are selected on object 'Object Repository/DispensaryToCms/Page_Dispensary Store/select_--Select--Schedule 1Inj'

2018-05-22 19:32:44 - [MESSAGE][PASSED] - All options with index in [5] are selected on object 'Object Repository/DispensaryToCms/Page_Dispensary Store/select_--Select--Schedule 1Inj'

2018-05-22 19:32:44 - [TEST_STEP][PASSED] - selectOptionByIndex: All options with index in [6] are selected on object 'Object Repository/DispensaryToCms/Page_Dispensary Store/select_--Select--Adernaline 0.'

2018-05-22 19:32:44 - [MESSAGE][PASSED] - All options with index in [6] are selected on object 'Object Repository/DispensaryToCms/Page_Dispensary Store/select_--Select--Adernaline 0.'

2018-05-22 19:32:44 - [TEST_STEP][PASSED] - setText: Text '100' is set on object 'Object Repository/DispensaryToCms/Page_Dispensary Store/input_txttreat'

2018-05-22 19:32:44 - [MESSAGE][PASSED] - Text '100' is set on object 'Object Repository/DispensaryToCms/Page_Dispensary Store/input_txttreat'

2018-05-22 19:32:44 - [TEST_STEP][PASSED] - click: Object: 'Object Repository/DispensaryToCms/Page_Dispensary Store/button_Add' is clicked on

2018-05-22 19:32:44 - [MESSAGE][PASSED] - Object: 'Object Repository/DispensaryToCms/Page_Dispensary Store/button_Add' is clicked on

2018-05-22 19:32:44 - [TEST_STEP][PASSED] - selectOptionByIndex: All options with index in [5] are selected on object 'Object Repository/DispensaryToCms/Page_Dispensary Store/select_--Select--Schedule 1Inj'

2018-05-22 19:32:44 - [MESSAGE][PASSED] - All options with index in [5] are selected on object 'Object Repository/DispensaryToCms/Page_Dispensary Store/select_--Select--Schedule 1Inj'

2018-05-22 19:32:44 - [TEST_STEP][PASSED] - selectOptionByIndex: All options with index in [7] are selected on object 'Object Repository/DispensaryToCms/Page_Dispensary Store/select_--Select--Adernaline 0.'

2018-05-22 19:32:45 - [MESSAGE][PASSED] - All options with index in [7] are selected on object 'Object Repository/DispensaryToCms/Page_Dispensary Store/select_--Select--Adernaline 0.'

2018-05-22 19:32:45 - [TEST_STEP][PASSED] - setText: Text '100' is set on object 'Object Repository/DispensaryToCms/Page_Dispensary Store/input_txttreat'

2018-05-22 19:32:45 - [MESSAGE][PASSED] - Text '100' is set on object 'Object Repository/DispensaryToCms/Page_Dispensary Store/input_txttreat'

2018-05-22 19:32:45 - [TEST_STEP][PASSED] - click: Object: 'Object Repository/DispensaryToCms/Page_Dispensary Store/button_Add' is clicked on

2018-05-22 19:32:45 - [MESSAGE][PASSED] - Object: 'Object Repository/DispensaryToCms/Page_Dispensary Store/button_Add' is clicked on

2018-05-22 19:32:45 - [TEST_STEP][PASSED] - selectOptionByIndex: All options with index in [5] are selected on object 'Object Repository/DispensaryToCms/Page_Dispensary Store/select_--Select--Schedule 1Inj'

2018-05-22 19:32:45 - [MESSAGE][PASSED] - All options with index in [5] are selected on object 'Object Repository/DispensaryToCms/Page_Dispensary Store/select_--Select--Schedule 1Inj'

2018-05-22 19:32:45 - [TEST_STEP][PASSED] - selectOptionByIndex: All options with index in [8] are selected on object 'Object Repository/DispensaryToCms/Page_Dispensary Store/select_--Select--Adernaline 0.'

2018-05-22 19:32:45 - [MESSAGE][PASSED] - All options with index in [8] are selected on object 'Object Repository/DispensaryToCms/Page_Dispensary Store/select_--Select--Adernaline 0.'

2018-05-22 19:32:45 - [TEST_STEP][PASSED] - setText: Text '100' is set on object 'Object Repository/DispensaryToCms/Page_Dispensary Store/input_txttreat'

2018-05-22 19:32:45 - [MESSAGE][PASSED] - Text '100' is set on object 'Object Repository/DispensaryToCms/Page_Dispensary Store/input_txttreat'

2018-05-22 19:32:45 - [TEST_STEP][PASSED] - click: Object: 'Object Repository/DispensaryToCms/Page_Dispensary Store/button_Add' is clicked on

2018-05-22 19:32:45 - [MESSAGE][PASSED] - Object: 'Object Repository/DispensaryToCms/Page_Dispensary Store/button_Add' is clicked on

2018-05-22 19:32:45 - [TEST_STEP][PASSED] - selectOptionByIndex: All options with index in [5] are selected on object 'Object Repository/DispensaryToCms/Page_Dispensary Store/select_--Select--Schedule 1Inj'

2018-05-22 19:32:46 - [MESSAGE][PASSED] - All options with index in [5] are selected on object 'Object Repository/DispensaryToCms/Page_Dispensary Store/select_--Select--Schedule 1Inj'

2018-05-22 19:32:46 - [TEST_STEP][PASSED] - selectOptionByIndex: All options with index in [9] are selected on object 'Object Repository/DispensaryToCms/Page_Dispensary Store/select_--Select--Adernaline 0.'

2018-05-22 19:32:46 - [MESSAGE][PASSED] - All options with index in [9] are selected on object 'Object Repository/DispensaryToCms/Page_Dispensary Store/select_--Select--Adernaline 0.'

2018-05-22 19:32:46 - [TEST_STEP][PASSED] - setText: Text '100' is set on object 'Object Repository/DispensaryToCms/Page_Dispensary Store/input_txttreat'

2018-05-22 19:32:46 - [MESSAGE][PASSED] - Text '100' is set on object 'Object Repository/DispensaryToCms/Page_Dispensary Store/input_txttreat'

2018-05-22 19:32:46 - [TEST_STEP][PASSED] - click: Object: 'Object Repository/DispensaryToCms/Page_Dispensary Store/button_Add' is clicked on

2018-05-22 19:32:46 - [MESSAGE][PASSED] - Object: 'Object Repository/DispensaryToCms/Page_Dispensary Store/button_Add' is clicked on

2018-05-22 19:32:46 - [TEST_STEP][PASSED] - selectOptionByIndex: All options with index in [5] are selected on object 'Object Repository/DispensaryToCms/Page_Dispensary Store/select_--Select--Schedule 1Inj'

2018-05-22 19:32:46 - [MESSAGE][PASSED] - All options with index in [5] are selected on object 'Object Repository/DispensaryToCms/Page_Dispensary Store/select_--Select--Schedule 1Inj'

2018-05-22 19:32:46 - [TEST_STEP][PASSED] - selectOptionByIndex: All options with index in [10] are selected on object 'Object Repository/DispensaryToCms/Page_Dispensary Store/select_--Select--Adernaline 0.'

2018-05-22 19:32:46 - [MESSAGE][PASSED] - All options with index in [10] are selected on object 'Object Repository/DispensaryToCms/Page_Dispensary Store/select_--Select--Adernaline 0.'

2018-05-22 19:32:46 - [TEST_STEP][PASSED] - setText: Text '100' is set on object 'Object Repository/DispensaryToCms/Page_Dispensary Store/input_txttreat'

2018-05-22 19:32:47 - [MESSAGE][PASSED] - Text '100' is set on object 'Object Repository/DispensaryToCms/Page_Dispensary Store/input_txttreat'

2018-05-22 19:32:47 - [TEST_STEP][PASSED] - click: Object: 'Object Repository/DispensaryToCms/Page_Dispensary Store/button_Add' is clicked on

2018-05-22 19:32:47 - [MESSAGE][PASSED] - Object: 'Object Repository/DispensaryToCms/Page_Dispensary Store/button_Add' is clicked on

2018-05-22 19:32:47 - [TEST_STEP][PASSED] - selectOptionByIndex: All options with index in [5] are selected on object 'Object Repository/DispensaryToCms/Page_Dispensary Store/select_--Select--Schedule 1Inj'

2018-05-22 19:32:47 - [MESSAGE][PASSED] - All options with index in [5] are selected on object 'Object Repository/DispensaryToCms/Page_Dispensary Store/select_--Select--Schedule 1Inj'

2018-05-22 19:32:47 - [TEST_STEP][PASSED] - selectOptionByIndex: All options with index in [11] are selected on object 'Object Repository/DispensaryToCms/Page_Dispensary Store/select_--Select--Adernaline 0.'

2018-05-22 19:32:47 - [MESSAGE][PASSED] - All options with index in [11] are selected on object 'Object Repository/DispensaryToCms/Page_Dispensary Store/select_--Select--Adernaline 0.'

2018-05-22 19:32:47 - [TEST_STEP][PASSED] - setText: Text '100' is set on object 'Object Repository/DispensaryToCms/Page_Dispensary Store/input_txttreat'

2018-05-22 19:32:47 - [MESSAGE][PASSED] - Text '100' is set on object 'Object Repository/DispensaryToCms/Page_Dispensary Store/input_txttreat'

2018-05-22 19:32:47 - [TEST_STEP][PASSED] - click: Object: 'Object Repository/DispensaryToCms/Page_Dispensary Store/button_Add' is clicked on

2018-05-22 19:32:47 - [MESSAGE][PASSED] - Object: 'Object Repository/DispensaryToCms/Page_Dispensary Store/button_Add' is clicked on

2018-05-22 19:32:47 - [TEST_STEP][PASSED] - selectOptionByIndex: All options with index in [5] are selected on object 'Object Repository/DispensaryToCms/Page_Dispensary Store/select_--Select--Schedule 1Inj'

2018-05-22 19:32:47 - [MESSAGE][PASSED] - All options with index in [5] are selected on object 'Object Repository/DispensaryToCms/Page_Dispensary Store/select_--Select--Schedule 1Inj'

2018-05-22 19:32:47 - [TEST_STEP][PASSED] - selectOptionByIndex: All options with index in [12] are selected on object 'Object Repository/DispensaryToCms/Page_Dispensary Store/select_--Select--Adernaline 0.'

2018-05-22 19:32:48 - [MESSAGE][PASSED] - All options with index in [12] are selected on object 'Object Repository/DispensaryToCms/Page_Dispensary Store/select_--Select--Adernaline 0.'

2018-05-22 19:32:48 - [TEST_STEP][PASSED] - setText: Text '100' is set on object 'Object Repository/DispensaryToCms/Page_Dispensary Store/input_txttreat'

2018-05-22 19:32:48 - [MESSAGE][PASSED] - Text '100' is set on object 'Object Repository/DispensaryToCms/Page_Dispensary Store/input_txttreat'

2018-05-22 19:32:48 - [TEST_STEP][PASSED] - click: Object: 'Object Repository/DispensaryToCms/Page_Dispensary Store/button_Add' is clicked on

2018-05-22 19:32:48 - [MESSAGE][PASSED] - Object: 'Object Repository/DispensaryToCms/Page_Dispensary Store/button_Add' is clicked on

2018-05-22 19:32:48 - [TEST_STEP][PASSED] - selectOptionByIndex: All options with index in [5] are selected on object 'Object Repository/DispensaryToCms/Page_Dispensary Store/select_--Select--Schedule 1Inj'

2018-05-22 19:32:48 - [MESSAGE][PASSED] - All options with index in [5] are selected on object 'Object Repository/DispensaryToCms/Page_Dispensary Store/select_--Select--Schedule 1Inj'

2018-05-22 19:32:48 - [TEST_STEP][PASSED] - selectOptionByIndex: All options with index in [13] are selected on object 'Object Repository/DispensaryToCms/Page_Dispensary Store/select_--Select--Adernaline 0.'

2018-05-22 19:32:48 - [MESSAGE][PASSED] - All options with index in [13] are selected on object 'Object Repository/DispensaryToCms/Page_Dispensary Store/select_--Select--Adernaline 0.'

2018-05-22 19:32:48 - [TEST_STEP][PASSED] - setText: Text '100' is set on object 'Object Repository/DispensaryToCms/Page_Dispensary Store/input_txttreat'

2018-05-22 19:32:49 - [MESSAGE][PASSED] - Text '100' is set on object 'Object Repository/DispensaryToCms/Page_Dispensary Store/input_txttreat'

2018-05-22 19:32:49 - [TEST_STEP][PASSED] - click: Object: 'Object Repository/DispensaryToCms/Page_Dispensary Store/button_Add' is clicked on

2018-05-22 19:32:49 - [MESSAGE][PASSED] - Object: 'Object Repository/DispensaryToCms/Page_Dispensary Store/button_Add' is clicked on

2018-05-22 19:32:49 - [TEST_STEP][PASSED] - selectOptionByIndex: All options with index in [5] are selected on object 'Object Repository/DispensaryToCms/Page_Dispensary Store/select_--Select--Schedule 1Inj'

2018-05-22 19:32:49 - [MESSAGE][PASSED] - All options with index in [5] are selected on object 'Object Repository/DispensaryToCms/Page_Dispensary Store/select_--Select--Schedule 1Inj'

2018-05-22 19:32:49 - [TEST_STEP][PASSED] - selectOptionByIndex: All options with index in [14] are selected on object 'Object Repository/DispensaryToCms/Page_Dispensary Store/select_--Select--Adernaline 0.'

2018-05-22 19:32:49 - [MESSAGE][PASSED] - All options with index in [14] are selected on object 'Object Repository/DispensaryToCms/Page_Dispensary Store/select_--Select--Adernaline 0.'

2018-05-22 19:32:49 - [TEST_STEP][PASSED] - setText: Text '100' is set on object 'Object Repository/DispensaryToCms/Page_Dispensary Store/input_txttreat'

2018-05-22 19:32:49 - [MESSAGE][PASSED] - Text '100' is set on object 'Object Repository/DispensaryToCms/Page_Dispensary Store/input_txttreat'

2018-05-22 19:32:49 - [TEST_STEP][PASSED] - click: Object: 'Object Repository/DispensaryToCms/Page_Dispensary Store/button_Add' is clicked on

2018-05-22 19:32:49 - [MESSAGE][PASSED] - Object: 'Object Repository/DispensaryToCms/Page_Dispensary Store/button_Add' is clicked on

2018-05-22 19:32:49 - [TEST_STEP][PASSED] - selectOptionByIndex: All options with index in [5] are selected on object 'Object Repository/DispensaryToCms/Page_Dispensary Store/select_--Select--Schedule 1Inj'

2018-05-22 19:32:50 - [MESSAGE][PASSED] - All options with index in [5] are selected on object 'Object Repository/DispensaryToCms/Page_Dispensary Store/select_--Select--Schedule 1Inj'

2018-05-22 19:32:50 - [TEST_STEP][PASSED] - selectOptionByIndex: All options with index in [15] are selected on object 'Object Repository/DispensaryToCms/Page_Dispensary Store/select_--Select--Adernaline 0.'

2018-05-22 19:32:50 - [MESSAGE][PASSED] - All options with index in [15] are selected on object 'Object Repository/DispensaryToCms/Page_Dispensary Store/select_--Select--Adernaline 0.'

2018-05-22 19:32:50 - [TEST_STEP][PASSED] - setText: Text '100' is set on object 'Object Repository/DispensaryToCms/Page_Dispensary Store/input_txttreat'

2018-05-22 19:32:50 - [MESSAGE][PASSED] - Text '100' is set on object 'Object Repository/DispensaryToCms/Page_Dispensary Store/input_txttreat'

2018-05-22 19:32:50 - [TEST_STEP][PASSED] - click: Object: 'Object Repository/DispensaryToCms/Page_Dispensary Store/button_Add' is clicked on

2018-05-22 19:32:50 - [MESSAGE][PASSED] - Object: 'Object Repository/DispensaryToCms/Page_Dispensary Store/button_Add' is clicked on

2018-05-22 19:32:50 - [TEST_STEP][PASSED] - selectOptionByIndex: All options with index in [5] are selected on object 'Object Repository/DispensaryToCms/Page_Dispensary Store/select_--Select--Schedule 1Inj'

2018-05-22 19:32:50 - [MESSAGE][PASSED] - All options with index in [5] are selected on object 'Object Repository/DispensaryToCms/Page_Dispensary Store/select_--Select--Schedule 1Inj'

2018-05-22 19:32:50 - [TEST_STEP][PASSED] - selectOptionByIndex: All options with index in [16] are selected on object 'Object Repository/DispensaryToCms/Page_Dispensary Store/select_--Select--Adernaline 0.'

2018-05-22 19:32:51 - [MESSAGE][PASSED] - All options with index in [16] are selected on object 'Object Repository/DispensaryToCms/Page_Dispensary Store/select_--Select--Adernaline 0.'

2018-05-22 19:32:51 - [TEST_STEP][PASSED] - setText: Text '100' is set on object 'Object Repository/DispensaryToCms/Page_Dispensary Store/input_txttreat'

2018-05-22 19:32:51 - [MESSAGE][PASSED] - Text '100' is set on object 'Object Repository/DispensaryToCms/Page_Dispensary Store/input_txttreat'

2018-05-22 19:32:51 - [TEST_STEP][PASSED] - click: Object: 'Object Repository/DispensaryToCms/Page_Dispensary Store/button_Add' is clicked on

2018-05-22 19:32:51 - [MESSAGE][PASSED] - Object: 'Object Repository/DispensaryToCms/Page_Dispensary Store/button_Add' is clicked on

2018-05-22 19:32:51 - [TEST_STEP][PASSED] - scrollToElement: Scroll to object 'Object Repository/DispensaryToCms/Page_Dispensary Store/input_btnsave' successfully

2018-05-22 19:32:51 - [MESSAGE][PASSED] - Scroll to object 'Object Repository/DispensaryToCms/Page_Dispensary Store/input_btnsave' successfully

2018-05-22 19:32:51 - [TEST_STEP][PASSED] - click: Object: 'Object Repository/DispensaryToCms/Page_Dispensary Store/input_btnsave' is clicked on

2018-05-22 19:32:51 - [MESSAGE][PASSED] - Object: 'Object Repository/DispensaryToCms/Page_Dispensary Store/input_btnsave' is clicked on

2018-05-22 19:32:51 - [TEST_STEP][PASSED] - delay: Delayed 3 second(s)

2018-05-22 19:32:54 - [MESSAGE][PASSED] - Delayed 3 second(s)

2018-05-22 19:32:54 - [TEST_STEP][PASSED] - Statement - RN1 = com.kms.katalon.core.webui.keyword.WebUiBuiltInKeywords.getText(com.kms.katalon.core.testobject.ObjectRepository.findTestObject(DispensaryToCms/Page_Dispensary Store/font_PRNO18052018174)): Text of object 'Object Repository/DispensaryToCms/Page_Dispensary Store/font_PRNO18052018174' is: 'PRNO/22052018/340'

2018-05-22 19:32:54 - [MESSAGE][PASSED] - Text of object 'Object Repository/DispensaryToCms/Page_Dispensary Store/font_PRNO18052018174' is: 'PRNO/22052018/340'

2018-05-22 19:32:54 - [TEST_STEP][PASSED] - Statement - out.println(RN1): null

2018-05-22 19:32:54 - [TEST_STEP][PASSED] - Statement - RID = RN1.split("/")[2]: null

2018-05-22 19:32:54 - [TEST_STEP][PASSED] - click: Object: 'Object Repository/DispensaryToCms/Page_Dispensary Store/button_OK' is clicked on

2018-05-22 19:32:55 - [MESSAGE][PASSED] - Object: 'Object Repository/DispensaryToCms/Page_Dispensary Store/button_OK' is clicked on

2018-05-22 19:32:55 - [TEST_STEP][PASSED] - delay: Delayed 3 second(s)

2018-05-22 19:32:58 - [MESSAGE][PASSED] - Delayed 3 second(s)

2018-05-22 19:32:58 - [TEST_STEP][PASSED] - waitForElementPresent: Object 'Object Repository/DispensaryToStore/Page_Dispensary Store/a_dropdown-toggle' is present

2018-05-22 19:32:58 - [MESSAGE][PASSED] - Object 'Object Repository/DispensaryToStore/Page_Dispensary Store/a_dropdown-toggle' is present

2018-05-22 19:32:58 - [TEST_STEP][PASSED] - click: Object: 'Object Repository/DispensaryToCms/Page_Dispensary Store/a_dropdown-toggle' is clicked on

2018-05-22 19:32:58 - [MESSAGE][PASSED] - Object: 'Object Repository/DispensaryToCms/Page_Dispensary Store/a_dropdown-toggle' is clicked on

2018-05-22 19:32:58 - [TEST_STEP][PASSED] - click: Object: 'Object Repository/DispensaryToCms/Page_Dispensary Store/a_Sign out' is clicked on

2018-05-22 19:32:58 - [MESSAGE][PASSED] - Object: 'Object Repository/DispensaryToCms/Page_Dispensary Store/a_Sign out' is clicked on

2018-05-22 19:32:58 - [TEST_STEP][PASSED] - delay: Delayed 3 second(s)

2018-05-22 19:33:01 - [MESSAGE][PASSED] - Delayed 3 second(s)

2018-05-22 19:33:01 - [TEST_STEP][PASSED] - navigateToUrl: Navigate to 'http://192.168.137.1/multihospital_new/' successfully

2018-05-22 19:33:02 - [MESSAGE][PASSED] - Navigate to 'http://192.168.137.1/multihospital_new/' successfully

2018-05-22 19:33:02 - [TEST_STEP][PASSED] - click: Object: 'Object Repository/DispensaryToCms/Page_KDMC/a_CMO' is clicked on

2018-05-22 19:33:03 - [MESSAGE][PASSED] - Object: 'Object Repository/DispensaryToCms/Page_KDMC/a_CMO' is clicked on

2018-05-22 19:33:03 - [TEST_STEP][PASSED] - setText: Text 'guru' is set on object 'Object Repository/DispensaryToCms/Page_CMO login/input_txtusername'

2018-05-22 19:33:03 - [MESSAGE][PASSED] - Text 'guru' is set on object 'Object Repository/DispensaryToCms/Page_CMO login/input_txtusername'

2018-05-22 19:33:03 - [TEST_STEP][PASSED] - setText: Text '123' is set on object 'Object Repository/DispensaryToCms/Page_CMO login/input_txtpassword'

2018-05-22 19:33:03 - [MESSAGE][PASSED] - Text '123' is set on object 'Object Repository/DispensaryToCms/Page_CMO login/input_txtpassword'

2018-05-22 19:33:03 - [TEST_STEP][PASSED] - delay: Delayed 3 second(s)

2018-05-22 19:33:06 - [MESSAGE][PASSED] - Delayed 3 second(s)

2018-05-22 19:33:06 - [TEST_STEP][PASSED] - click: Object: 'Object Repository/DispensaryToCms/Page_CMO login/button_Sign in' is clicked on

2018-05-22 19:33:07 - [MESSAGE][PASSED] - Object: 'Object Repository/DispensaryToCms/Page_CMO login/button_Sign in' is clicked on

2018-05-22 19:33:07 - [TEST_STEP][PASSED] - delay: Delayed 3 second(s)

2018-05-22 19:33:10 - [MESSAGE][PASSED] - Delayed 3 second(s)

2018-05-22 19:33:10 - [TEST_STEP][PASSED] - click: Object: 'Object Repository/DispensaryToCms/Page_KDMC - CMO/a_CMS Request' is clicked on

2018-05-22 19:33:10 - [MESSAGE][PASSED] - Object: 'Object Repository/DispensaryToCms/Page_KDMC - CMO/a_CMS Request' is clicked on

2018-05-22 19:33:10 - [TEST_STEP][PASSED] - delay: Delayed 2 second(s)

2018-05-22 19:33:12 - [MESSAGE][PASSED] - Delayed 2 second(s)

2018-05-22 19:33:12 - [TEST_STEP][PASSED] - click: Object: 'Object Repository/DispensaryToCms/Page_KDMC - CMO/a_Dispensary Store Request' is clicked on

2018-05-22 19:33:12 - [MESSAGE][PASSED] - Object: 'Object Repository/DispensaryToCms/Page_KDMC - CMO/a_Dispensary Store Request' is clicked on

2018-05-22 19:33:12 - [TEST_STEP][PASSED] - selectOptionByIndex: All options with index in [1] are selected on object 'Object Repository/DispensaryToCms/Page_KDMC - CMO/select_--ALL--'

2018-05-22 19:33:13 - [MESSAGE][PASSED] - All options with index in [1] are selected on object 'Object Repository/DispensaryToCms/Page_KDMC - CMO/select_--ALL--'

2018-05-22 19:33:13 - [TEST_STEP][PASSED] - click: Object: 'Object Repository/DispensaryToCms/Page_KDMC - CMO/input_btnsearch' is clicked on

2018-05-22 19:33:13 - [MESSAGE][PASSED] - Object: 'Object Repository/DispensaryToCms/Page_KDMC - CMO/input_btnsearch' is clicked on

2018-05-22 19:33:13 - [TEST_STEP][PASSED] - Statement - ID = com.kms.katalon.core.webui.keyword.WebUiBuiltInKeywords.modifyObjectProperty(com.kms.katalon.core.testobject.ObjectRepository.findTestObject(lab/Page_KDMC - CMO/input_1), "xpath", "equals", "//*[@id=" + RID + "]", true): Modify property of object successfully

2018-05-22 19:33:13 - [MESSAGE][PASSED] - Modify property of object successfully

2018-05-22 19:33:13 - [TEST_STEP][PASSED] - click: Object: 'Object Repository/lab/Page_KDMC - CMO/input_1' is clicked on

2018-05-22 19:33:13 - [MESSAGE][PASSED] - Object: 'Object Repository/lab/Page_KDMC - CMO/input_1' is clicked on

2018-05-22 19:33:13 - [TEST_STEP][PASSED] - delay: Delayed 2 second(s)

2018-05-22 19:33:15 - [MESSAGE][PASSED] - Delayed 2 second(s)

2018-05-22 19:33:15 - [TEST_STEP][PASSED] - selectOptionByIndex: All options with index in [1] are selected on object 'Object Repository/DispensaryToCms/Page_KDMC - CMO/select_--Select--'

2018-05-22 19:33:16 - [MESSAGE][PASSED] - All options with index in [1] are selected on object 'Object Repository/DispensaryToCms/Page_KDMC - CMO/select_--Select--'

2018-05-22 19:33:16 - [TEST_STEP][PASSED] - click: Object: 'Object Repository/DispensaryToCms/Page_KDMC - CMO/input_btnupdate' is clicked on

2018-05-22 19:33:16 - [MESSAGE][PASSED] - Object: 'Object Repository/DispensaryToCms/Page_KDMC - CMO/input_btnupdate' is clicked on

2018-05-22 19:33:16 - [TEST_STEP][PASSED] - delay: Delayed 2 second(s)

2018-05-22 19:33:18 - [MESSAGE][PASSED] - Delayed 2 second(s)

2018-05-22 19:33:18 - [TEST_STEP][PASSED] - click: Object: 'Object Repository/DispensaryToCms/Page_KDMC - CMO/button_OK' is clicked on

2018-05-22 19:33:18 - [MESSAGE][PASSED] - Object: 'Object Repository/DispensaryToCms/Page_KDMC - CMO/button_OK' is clicked on

2018-05-22 19:33:18 - [TEST_STEP][PASSED] - delay: Delayed 3 second(s)

2018-05-22 19:33:21 - [MESSAGE][PASSED] - Delayed 3 second(s)

2018-05-22 19:33:21 - [TEST_STEP][PASSED] - waitForElementPresent: Object 'Object Repository/DispensaryToStore/Page_Dispensary Store/a_dropdown-toggle' is not present after 20 second(s)

2018-05-22 19:33:42 - [MESSAGE][WARNING] - Object 'Object Repository/DispensaryToStore/Page_Dispensary Store/a_dropdown-toggle' is not present after 20 second(s)

2018-05-22 19:33:42 - [TEST_STEP][PASSED] - click: Object: 'Object Repository/DispensaryToCms/Page_KDMC - CMO/a_dropdown-toggle' is clicked on

2018-05-22 19:33:42 - [MESSAGE][PASSED] - Object: 'Object Repository/DispensaryToCms/Page_KDMC - CMO/a_dropdown-toggle' is clicked on

2018-05-22 19:33:42 - [TEST_STEP][PASSED] - click: Object: 'Object Repository/DispensaryToCms/Page_KDMC - CMO/a_Sign out' is clicked on

2018-05-22 19:33:43 - [MESSAGE][PASSED] - Object: 'Object Repository/DispensaryToCms/Page_KDMC - CMO/a_Sign out' is clicked on

2018-05-22 19:33:43 - [TEST_STEP][PASSED] - delay: Delayed 3 second(s)

2018-05-22 19:33:46 - [MESSAGE][PASSED] - Delayed 3 second(s)

2018-05-22 19:33:46 - [TEST_STEP][PASSED] - click: Object: 'Object Repository/DispensaryToCms/Page_KDMC/a_CMS' is clicked on

2018-05-22 19:33:46 - [MESSAGE][PASSED] - Object: 'Object Repository/DispensaryToCms/Page_KDMC/a_CMS' is clicked on

2018-05-22 19:33:46 - [TEST_STEP][PASSED] - setText: Text 'bala' is set on object 'Object Repository/DispensaryToCms/Page_CMS login/input_txtusername'

2018-05-22 19:33:47 - [MESSAGE][PASSED] - Text 'bala' is set on object 'Object Repository/DispensaryToCms/Page_CMS login/input_txtusername'

2018-05-22 19:33:47 - [TEST_STEP][PASSED] - setText: Text '123' is set on object 'Object Repository/DispensaryToCms/Page_CMS login/input_txtpassword'

2018-05-22 19:33:47 - [MESSAGE][PASSED] - Text '123' is set on object 'Object Repository/DispensaryToCms/Page_CMS login/input_txtpassword'

2018-05-22 19:33:47 - [TEST_STEP][PASSED] - delay: Delayed 3 second(s)

2018-05-22 19:33:50 - [MESSAGE][PASSED] - Delayed 3 second(s)

2018-05-22 19:33:50 - [TEST_STEP][PASSED] - click: Object: 'Object Repository/DispensaryToCms/Page_CMS login/button_Sign in' is clicked on

2018-05-22 19:33:50 - [MESSAGE][PASSED] - Object: 'Object Repository/DispensaryToCms/Page_CMS login/button_Sign in' is clicked on

2018-05-22 19:33:50 - [TEST_STEP][PASSED] - delay: Delayed 3 second(s)

2018-05-22 19:33:53 - [MESSAGE][PASSED] - Delayed 3 second(s)

2018-05-22 19:33:53 - [TEST_STEP][PASSED] - click: Object: 'Object Repository/DispensaryToCms/Page_KDMC - CMS/a_Divisional Store' is clicked on

2018-05-22 19:33:53 - [MESSAGE][PASSED] - Object: 'Object Repository/DispensaryToCms/Page_KDMC - CMS/a_Divisional Store' is clicked on

2018-05-22 19:33:53 - [TEST_STEP][PASSED] - delay: Delayed 2 second(s)

2018-05-22 19:33:55 - [MESSAGE][PASSED] - Delayed 2 second(s)

2018-05-22 19:33:55 - [TEST_STEP][PASSED] - click: Object: 'Object Repository/DispensaryToCms/Page_KDMC - CMS/a_Dispatch Items' is clicked on

2018-05-22 19:33:56 - [MESSAGE][PASSED] - Object: 'Object Repository/DispensaryToCms/Page_KDMC - CMS/a_Dispatch Items' is clicked on

2018-05-22 19:33:56 - [TEST_STEP][PASSED] - delay: Delayed 2 second(s)

2018-05-22 19:33:58 - [MESSAGE][PASSED] - Delayed 2 second(s)

2018-05-22 19:33:58 - [TEST_STEP][PASSED] - setText: Text 'PRNO/22052018/340' is set on object 'Object Repository/DispensaryToCms/Page_KDMC - CMS/input'

2018-05-22 19:33:58 - [MESSAGE][PASSED] - Text 'PRNO/22052018/340' is set on object 'Object Repository/DispensaryToCms/Page_KDMC - CMS/input'

2018-05-22 19:33:58 - [TEST_STEP][PASSED] - click: Object: 'Object Repository/DispensaryToCms/Page_KDMC - CMS/input_PRNO18052018174' is clicked on

2018-05-22 19:33:58 - [MESSAGE][PASSED] - Object: 'Object Repository/DispensaryToCms/Page_KDMC - CMS/input_PRNO18052018174' is clicked on

2018-05-22 19:33:58 - [TEST_STEP][PASSED] - Statement - out.println("Length : " + medicineslength): null

2018-05-22 19:33:58 - [TEST_STEP][PASSED] - Statement - For ([row = 0, row < medicineslength - 1, (row++)]): null

2018-05-22 19:33:58 - [TEST_STEP][PASSED] - Statement - batchlength = new com.kms.katalon.core.testobject.TestObject(): null

2018-05-22 19:33:58 - [TEST_STEP][PASSED] - Statement - batchlength = com.kms.katalon.core.webui.keyword.WebUiBuiltInKeywords.modifyObjectProperty(batchlength, "xpath", "equals", "//*[@id = "fldvendor" + row + ""]", true): Modify property of object successfully

2018-05-22 19:33:58 - [MESSAGE][PASSED] - Modify property of object successfully

2018-05-22 19:33:58 - [TEST_STEP][PASSED] - Statement - batchsize = com.kms.katalon.core.webui.keyword.WebUiBuiltInKeywords.getNumberOfTotalOption(batchlength): 8 options of object '' counted

2018-05-22 19:33:59 - [MESSAGE][PASSED] - 8 options of object '' counted

2018-05-22 19:33:59 - [TEST_STEP][PASSED] - Statement - out.println("BatchSize : " + batchsize): null

2018-05-22 19:33:59 - [TEST_STEP][PASSED] - Statement - For ([n = 1, n <= batchsize - 1, (n++)]): null

2018-05-22 19:33:59 - [TEST_STEP][PASSED] - Statement - product = new com.kms.katalon.core.testobject.TestObject(): null

2018-05-22 19:33:59 - [TEST_STEP][PASSED] - Statement - product = com.kms.katalon.core.webui.keyword.WebUiBuiltInKeywords.modifyObjectProperty(product, "xpath", "equals", "//*[@id = "fldvendor" + row + ""]", true): Modify property of object successfully

2018-05-22 19:33:59 - [MESSAGE][PASSED] - Modify property of object successfully

2018-05-22 19:33:59 - [TEST_STEP][PASSED] - selectOptionByIndex: All options with index in [1] are selected on object ''

2018-05-22 19:33:59 - [MESSAGE][PASSED] - All options with index in [1] are selected on object ''

2018-05-22 19:33:59 - [TEST_STEP][PASSED] - Statement - batch = new com.kms.katalon.core.testobject.TestObject(): null

2018-05-22 19:33:59 - [TEST_STEP][PASSED] - Statement - batch = com.kms.katalon.core.webui.keyword.WebUiBuiltInKeywords.modifyObjectProperty(batch, "xpath", "equals", "//*[@id = "txtbthqty" + row + ""]", true): Modify property of object successfully

2018-05-22 19:33:59 - [MESSAGE][PASSED] - Modify property of object successfully

2018-05-22 19:33:59 - [TEST_STEP][PASSED] - Statement - batchqty = com.kms.katalon.core.webui.keyword.WebUiBuiltInKeywords.getAttribute(batch, "value").trim(): Attribute 'value' of object '' is: '2700'

2018-05-22 19:33:59 - [MESSAGE][PASSED] - Attribute 'value' of object '' is: '2700'

2018-05-22 19:33:59 - [TEST_STEP][PASSED] - Statement - Rqty = 100: null

2018-05-22 19:33:59 - [TEST_STEP][PASSED] - delay: Delayed 2 second(s)

2018-05-22 19:34:01 - [MESSAGE][PASSED] - Delayed 2 second(s)

2018-05-22 19:34:01 - [TEST_STEP][PASSED] - Statement - out.println("BatchQty : " + batchqty): null

2018-05-22 19:34:01 - [TEST_STEP][PASSED] - Statement - out.println("RQty : " + Rqty): null

2018-05-22 19:34:01 - [TEST_STEP][PASSED] - Statement - If (java.lang.Integer.valueOf(batchqty) >= java.lang.Integer.valueOf(Rqty)): null

2018-05-22 19:34:01 - [TEST_STEP][PASSED] - Statement - Break: null

2018-05-22 19:34:01 - [TEST_STEP][PASSED] - Statement - batchlength = new com.kms.katalon.core.testobject.TestObject(): null

2018-05-22 19:34:01 - [TEST_STEP][PASSED] - Statement - batchlength = com.kms.katalon.core.webui.keyword.WebUiBuiltInKeywords.modifyObjectProperty(batchlength, "xpath", "equals", "//*[@id = "fldvendor" + row + ""]", true): Modify property of object successfully

2018-05-22 19:34:01 - [MESSAGE][PASSED] - Modify property of object successfully

2018-05-22 19:34:01 - [TEST_STEP][PASSED] - Statement - batchsize = com.kms.katalon.core.webui.keyword.WebUiBuiltInKeywords.getNumberOfTotalOption(batchlength): 8 options of object '' counted

2018-05-22 19:34:01 - [MESSAGE][PASSED] - 8 options of object '' counted

2018-05-22 19:34:01 - [TEST_STEP][PASSED] - Statement - out.println("BatchSize : " + batchsize): null

2018-05-22 19:34:01 - [TEST_STEP][PASSED] - Statement - For ([n = 1, n <= batchsize - 1, (n++)]): null

2018-05-22 19:34:01 - [TEST_STEP][PASSED] - Statement - product = new com.kms.katalon.core.testobject.TestObject(): null

2018-05-22 19:34:01 - [TEST_STEP][PASSED] - Statement - product = com.kms.katalon.core.webui.keyword.WebUiBuiltInKeywords.modifyObjectProperty(product, "xpath", "equals", "//*[@id = "fldvendor" + row + ""]", true): Modify property of object successfully

2018-05-22 19:34:01 - [MESSAGE][PASSED] - Modify property of object successfully

2018-05-22 19:34:01 - [TEST_STEP][PASSED] - selectOptionByIndex: All options with index in [1] are selected on object ''

2018-05-22 19:34:01 - [MESSAGE][PASSED] - All options with index in [1] are selected on object ''

2018-05-22 19:34:01 - [TEST_STEP][PASSED] - Statement - batch = new com.kms.katalon.core.testobject.TestObject(): null

2018-05-22 19:34:01 - [TEST_STEP][PASSED] - Statement - batch = com.kms.katalon.core.webui.keyword.WebUiBuiltInKeywords.modifyObjectProperty(batch, "xpath", "equals", "//*[@id = "txtbthqty" + row + ""]", true): Modify property of object successfully

2018-05-22 19:34:01 - [MESSAGE][PASSED] - Modify property of object successfully

2018-05-22 19:34:01 - [TEST_STEP][PASSED] - Statement - batchqty = com.kms.katalon.core.webui.keyword.WebUiBuiltInKeywords.getAttribute(batch, "value").trim(): Attribute 'value' of object '' is: '39500'

2018-05-22 19:34:01 - [MESSAGE][PASSED] - Attribute 'value' of object '' is: '39500'

2018-05-22 19:34:01 - [TEST_STEP][PASSED] - Statement - Rqty = 100: null

2018-05-22 19:34:01 - [TEST_STEP][PASSED] - delay: Delayed 2 second(s)

2018-05-22 19:34:03 - [MESSAGE][PASSED] - Delayed 2 second(s)

2018-05-22 19:34:03 - [TEST_STEP][PASSED] - Statement - out.println("BatchQty : " + batchqty): null

2018-05-22 19:34:03 - [TEST_STEP][PASSED] - Statement - out.println("RQty : " + Rqty): null

2018-05-22 19:34:03 - [TEST_STEP][PASSED] - Statement - If (java.lang.Integer.valueOf(batchqty) >= java.lang.Integer.valueOf(Rqty)): null

2018-05-22 19:34:03 - [TEST_STEP][PASSED] - Statement - Break: null

2018-05-22 19:34:03 - [TEST_STEP][PASSED] - Statement - batchlength = new com.kms.katalon.core.testobject.TestObject(): null

2018-05-22 19:34:03 - [TEST_STEP][PASSED] - Statement - batchlength = com.kms.katalon.core.webui.keyword.WebUiBuiltInKeywords.modifyObjectProperty(batchlength, "xpath", "equals", "//*[@id = "fldvendor" + row + ""]", true): Modify property of object successfully

2018-05-22 19:34:03 - [MESSAGE][PASSED] - Modify property of object successfully

2018-05-22 19:34:03 - [TEST_STEP][PASSED] - Statement - batchsize = com.kms.katalon.core.webui.keyword.WebUiBuiltInKeywords.getNumberOfTotalOption(batchlength): 8 options of object '' counted

2018-05-22 19:34:04 - [MESSAGE][PASSED] - 8 options of object '' counted

2018-05-22 19:34:04 - [TEST_STEP][PASSED] - Statement - out.println("BatchSize : " + batchsize): null

2018-05-22 19:34:04 - [TEST_STEP][PASSED] - Statement - For ([n = 1, n <= batchsize - 1, (n++)]): null

2018-05-22 19:34:04 - [TEST_STEP][PASSED] - Statement - product = new com.kms.katalon.core.testobject.TestObject(): null

2018-05-22 19:34:04 - [TEST_STEP][PASSED] - Statement - product = com.kms.katalon.core.webui.keyword.WebUiBuiltInKeywords.modifyObjectProperty(product, "xpath", "equals", "//*[@id = "fldvendor" + row + ""]", true): Modify property of object successfully

2018-05-22 19:34:04 - [MESSAGE][PASSED] - Modify property of object successfully

2018-05-22 19:34:04 - [TEST_STEP][PASSED] - selectOptionByIndex: All options with index in [1] are selected on object ''

2018-05-22 19:34:04 - [MESSAGE][PASSED] - All options with index in [1] are selected on object ''

2018-05-22 19:34:04 - [TEST_STEP][PASSED] - Statement - batch = new com.kms.katalon.core.testobject.TestObject(): null

2018-05-22 19:34:04 - [TEST_STEP][PASSED] - Statement - batch = com.kms.katalon.core.webui.keyword.WebUiBuiltInKeywords.modifyObjectProperty(batch, "xpath", "equals", "//*[@id = "txtbthqty" + row + ""]", true): Modify property of object successfully

2018-05-22 19:34:04 - [MESSAGE][PASSED] - Modify property of object successfully

2018-05-22 19:34:04 - [TEST_STEP][PASSED] - Statement - batchqty = com.kms.katalon.core.webui.keyword.WebUiBuiltInKeywords.getAttribute(batch, "value").trim(): Attribute 'value' of object '' is: '4900'

2018-05-22 19:34:04 - [MESSAGE][PASSED] - Attribute 'value' of object '' is: '4900'

2018-05-22 19:34:04 - [TEST_STEP][PASSED] - Statement - Rqty = 100: null

2018-05-22 19:34:04 - [TEST_STEP][PASSED] - delay: Delayed 2 second(s)

2018-05-22 19:34:06 - [MESSAGE][PASSED] - Delayed 2 second(s)

2018-05-22 19:34:06 - [TEST_STEP][PASSED] - Statement - out.println("BatchQty : " + batchqty): null

2018-05-22 19:34:06 - [TEST_STEP][PASSED] - Statement - out.println("RQty : " + Rqty): null

2018-05-22 19:34:06 - [TEST_STEP][PASSED] - Statement - If (java.lang.Integer.valueOf(batchqty) >= java.lang.Integer.valueOf(Rqty)): null

2018-05-22 19:34:06 - [TEST_STEP][PASSED] - Statement - Break: null

2018-05-22 19:34:06 - [TEST_STEP][PASSED] - Statement - batchlength = new com.kms.katalon.core.testobject.TestObject(): null

2018-05-22 19:34:06 - [TEST_STEP][PASSED] - Statement - batchlength = com.kms.katalon.core.webui.keyword.WebUiBuiltInKeywords.modifyObjectProperty(batchlength, "xpath", "equals", "//*[@id = "fldvendor" + row + ""]", true): Modify property of object successfully

2018-05-22 19:34:06 - [MESSAGE][PASSED] - Modify property of object successfully

2018-05-22 19:34:06 - [TEST_STEP][PASSED] - Statement - batchsize = com.kms.katalon.core.webui.keyword.WebUiBuiltInKeywords.getNumberOfTotalOption(batchlength): 8 options of object '' counted

2018-05-22 19:34:06 - [MESSAGE][PASSED] - 8 options of object '' counted

2018-05-22 19:34:06 - [TEST_STEP][PASSED] - Statement - out.println("BatchSize : " + batchsize): null

2018-05-22 19:34:06 - [TEST_STEP][PASSED] - Statement - For ([n = 1, n <= batchsize - 1, (n++)]): null

2018-05-22 19:34:06 - [TEST_STEP][PASSED] - Statement - product = new com.kms.katalon.core.testobject.TestObject(): null

2018-05-22 19:34:06 - [TEST_STEP][PASSED] - Statement - product = com.kms.katalon.core.webui.keyword.WebUiBuiltInKeywords.modifyObjectProperty(product, "xpath", "equals", "//*[@id = "fldvendor" + row + ""]", true): Modify property of object successfully

2018-05-22 19:34:06 - [MESSAGE][PASSED] - Modify property of object successfully

2018-05-22 19:34:06 - [TEST_STEP][PASSED] - selectOptionByIndex: All options with index in [1] are selected on object ''

2018-05-22 19:34:06 - [MESSAGE][PASSED] - All options with index in [1] are selected on object ''

2018-05-22 19:34:06 - [TEST_STEP][PASSED] - Statement - batch = new com.kms.katalon.core.testobject.TestObject(): null

2018-05-22 19:34:06 - [TEST_STEP][PASSED] - Statement - batch = com.kms.katalon.core.webui.keyword.WebUiBuiltInKeywords.modifyObjectProperty(batch, "xpath", "equals", "//*[@id = "txtbthqty" + row + ""]", true): Modify property of object successfully

2018-05-22 19:34:06 - [MESSAGE][PASSED] - Modify property of object successfully

2018-05-22 19:34:06 - [TEST_STEP][PASSED] - Statement - batchqty = com.kms.katalon.core.webui.keyword.WebUiBuiltInKeywords.getAttribute(batch, "value").trim(): Attribute 'value' of object '' is: '2900'

2018-05-22 19:34:06 - [MESSAGE][PASSED] - Attribute 'value' of object '' is: '2900'

2018-05-22 19:34:06 - [TEST_STEP][PASSED] - Statement - Rqty = 100: null

2018-05-22 19:34:06 - [TEST_STEP][PASSED] - delay: Delayed 2 second(s)

2018-05-22 19:34:08 - [MESSAGE][PASSED] - Delayed 2 second(s)

2018-05-22 19:34:08 - [TEST_STEP][PASSED] - Statement - out.println("BatchQty : " + batchqty): null

2018-05-22 19:34:08 - [TEST_STEP][PASSED] - Statement - out.println("RQty : " + Rqty): null

2018-05-22 19:34:08 - [TEST_STEP][PASSED] - Statement - If (java.lang.Integer.valueOf(batchqty) >= java.lang.Integer.valueOf(Rqty)): null

2018-05-22 19:34:08 - [TEST_STEP][PASSED] - Statement - Break: null

2018-05-22 19:34:08 - [TEST_STEP][PASSED] - Statement - batchlength = new com.kms.katalon.core.testobject.TestObject(): null

2018-05-22 19:34:08 - [TEST_STEP][PASSED] - Statement - batchlength = com.kms.katalon.core.webui.keyword.WebUiBuiltInKeywords.modifyObjectProperty(batchlength, "xpath", "equals", "//*[@id = "fldvendor" + row + ""]", true): Modify property of object successfully

2018-05-22 19:34:08 - [MESSAGE][PASSED] - Modify property of object successfully

2018-05-22 19:34:08 - [TEST_STEP][PASSED] - Statement - batchsize = com.kms.katalon.core.webui.keyword.WebUiBuiltInKeywords.getNumberOfTotalOption(batchlength): 8 options of object '' counted

2018-05-22 19:34:08 - [MESSAGE][PASSED] - 8 options of object '' counted

2018-05-22 19:34:08 - [TEST_STEP][PASSED] - Statement - out.println("BatchSize : " + batchsize): null

2018-05-22 19:34:08 - [TEST_STEP][PASSED] - Statement - For ([n = 1, n <= batchsize - 1, (n++)]): null

2018-05-22 19:34:08 - [TEST_STEP][PASSED] - Statement - product = new com.kms.katalon.core.testobject.TestObject(): null

2018-05-22 19:34:08 - [TEST_STEP][PASSED] - Statement - product = com.kms.katalon.core.webui.keyword.WebUiBuiltInKeywords.modifyObjectProperty(product, "xpath", "equals", "//*[@id = "fldvendor" + row + ""]", true): Modify property of object successfully

2018-05-22 19:34:08 - [MESSAGE][PASSED] - Modify property of object successfully

2018-05-22 19:34:08 - [TEST_STEP][PASSED] - selectOptionByIndex: All options with index in [1] are selected on object ''

2018-05-22 19:34:08 - [MESSAGE][PASSED] - All options with index in [1] are selected on object ''

2018-05-22 19:34:08 - [TEST_STEP][PASSED] - Statement - batch = new com.kms.katalon.core.testobject.TestObject(): null

2018-05-22 19:34:08 - [TEST_STEP][PASSED] - Statement - batch = com.kms.katalon.core.webui.keyword.WebUiBuiltInKeywords.modifyObjectProperty(batch, "xpath", "equals", "//*[@id = "txtbthqty" + row + ""]", true): Modify property of object successfully

2018-05-22 19:34:08 - [MESSAGE][PASSED] - Modify property of object successfully

2018-05-22 19:34:08 - [TEST_STEP][PASSED] - Statement - batchqty = com.kms.katalon.core.webui.keyword.WebUiBuiltInKeywords.getAttribute(batch, "value").trim(): Attribute 'value' of object '' is: '2800'

2018-05-22 19:34:08 - [MESSAGE][PASSED] - Attribute 'value' of object '' is: '2800'

2018-05-22 19:34:08 - [TEST_STEP][PASSED] - Statement - Rqty = 100: null

2018-05-22 19:34:08 - [TEST_STEP][PASSED] - delay: Delayed 2 second(s)

2018-05-22 19:34:10 - [MESSAGE][PASSED] - Delayed 2 second(s)

2018-05-22 19:34:10 - [TEST_STEP][PASSED] - Statement - out.println("BatchQty : " + batchqty): null

2018-05-22 19:34:10 - [TEST_STEP][PASSED] - Statement - out.println("RQty : " + Rqty): null

2018-05-22 19:34:10 - [TEST_STEP][PASSED] - Statement - If (java.lang.Integer.valueOf(batchqty) >= java.lang.Integer.valueOf(Rqty)): null

2018-05-22 19:34:10 - [TEST_STEP][PASSED] - Statement - Break: null

2018-05-22 19:34:10 - [TEST_STEP][PASSED] - Statement - batchlength = new com.kms.katalon.core.testobject.TestObject(): null

2018-05-22 19:34:10 - [TEST_STEP][PASSED] - Statement - batchlength = com.kms.katalon.core.webui.keyword.WebUiBuiltInKeywords.modifyObjectProperty(batchlength, "xpath", "equals", "//*[@id = "fldvendor" + row + ""]", true): Modify property of object successfully

2018-05-22 19:34:10 - [MESSAGE][PASSED] - Modify property of object successfully

2018-05-22 19:34:10 - [TEST_STEP][PASSED] - Statement - batchsize = com.kms.katalon.core.webui.keyword.WebUiBuiltInKeywords.getNumberOfTotalOption(batchlength): 8 options of object '' counted

2018-05-22 19:34:10 - [MESSAGE][PASSED] - 8 options of object '' counted

2018-05-22 19:34:10 - [TEST_STEP][PASSED] - Statement - out.println("BatchSize : " + batchsize): null

2018-05-22 19:34:10 - [TEST_STEP][PASSED] - Statement - For ([n = 1, n <= batchsize - 1, (n++)]): null

2018-05-22 19:34:10 - [TEST_STEP][PASSED] - Statement - product = new com.kms.katalon.core.testobject.TestObject(): null

2018-05-22 19:34:10 - [TEST_STEP][PASSED] - Statement - product = com.kms.katalon.core.webui.keyword.WebUiBuiltInKeywords.modifyObjectProperty(product, "xpath", "equals", "//*[@id = "fldvendor" + row + ""]", true): Modify property of object successfully

2018-05-22 19:34:10 - [MESSAGE][PASSED] - Modify property of object successfully

2018-05-22 19:34:10 - [TEST_STEP][PASSED] - selectOptionByIndex: All options with index in [1] are selected on object ''

2018-05-22 19:34:10 - [MESSAGE][PASSED] - All options with index in [1] are selected on object ''

2018-05-22 19:34:10 - [TEST_STEP][PASSED] - Statement - batch = new com.kms.katalon.core.testobject.TestObject(): null

2018-05-22 19:34:10 - [TEST_STEP][PASSED] - Statement - batch = com.kms.katalon.core.webui.keyword.WebUiBuiltInKeywords.modifyObjectProperty(batch, "xpath", "equals", "//*[@id = "txtbthqty" + row + ""]", true): Modify property of object successfully

2018-05-22 19:34:10 - [MESSAGE][PASSED] - Modify property of object successfully

2018-05-22 19:34:10 - [TEST_STEP][PASSED] - Statement - batchqty = com.kms.katalon.core.webui.keyword.WebUiBuiltInKeywords.getAttribute(batch, "value").trim(): Attribute 'value' of object '' is: '2700'

2018-05-22 19:34:11 - [MESSAGE][PASSED] - Attribute 'value' of object '' is: '2700'

2018-05-22 19:34:11 - [TEST_STEP][PASSED] - Statement - Rqty = 100: null

2018-05-22 19:34:11 - [TEST_STEP][PASSED] - delay: Delayed 2 second(s)

2018-05-22 19:34:13 - [MESSAGE][PASSED] - Delayed 2 second(s)

2018-05-22 19:34:13 - [TEST_STEP][PASSED] - Statement - out.println("BatchQty : " + batchqty): null

2018-05-22 19:34:13 - [TEST_STEP][PASSED] - Statement - out.println("RQty : " + Rqty): null

2018-05-22 19:34:13 - [TEST_STEP][PASSED] - Statement - If (java.lang.Integer.valueOf(batchqty) >= java.lang.Integer.valueOf(Rqty)): null

2018-05-22 19:34:13 - [TEST_STEP][PASSED] - Statement - Break: null

2018-05-22 19:34:13 - [TEST_STEP][PASSED] - Statement - batchlength = new com.kms.katalon.core.testobject.TestObject(): null

2018-05-22 19:34:13 - [TEST_STEP][PASSED] - Statement - batchlength = com.kms.katalon.core.webui.keyword.WebUiBuiltInKeywords.modifyObjectProperty(batchlength, "xpath", "equals", "//*[@id = "fldvendor" + row + ""]", true): Modify property of object successfully

2018-05-22 19:34:13 - [MESSAGE][PASSED] - Modify property of object successfully

2018-05-22 19:34:13 - [TEST_STEP][PASSED] - Statement - batchsize = com.kms.katalon.core.webui.keyword.WebUiBuiltInKeywords.getNumberOfTotalOption(batchlength): 9 options of object '' counted

2018-05-22 19:34:13 - [MESSAGE][PASSED] - 9 options of object '' counted

2018-05-22 19:34:13 - [TEST_STEP][PASSED] - Statement - out.println("BatchSize : " + batchsize): null

2018-05-22 19:34:13 - [TEST_STEP][PASSED] - Statement - For ([n = 1, n <= batchsize - 1, (n++)]): null

2018-05-22 19:34:13 - [TEST_STEP][PASSED] - Statement - product = new com.kms.katalon.core.testobject.TestObject(): null

2018-05-22 19:34:13 - [TEST_STEP][PASSED] - Statement - product = com.kms.katalon.core.webui.keyword.WebUiBuiltInKeywords.modifyObjectProperty(product, "xpath", "equals", "//*[@id = "fldvendor" + row + ""]", true): Modify property of object successfully

2018-05-22 19:34:13 - [MESSAGE][PASSED] - Modify property of object successfully

2018-05-22 19:34:13 - [TEST_STEP][PASSED] - selectOptionByIndex: All options with index in [1] are selected on object ''

2018-05-22 19:34:13 - [MESSAGE][PASSED] - All options with index in [1] are selected on object ''

2018-05-22 19:34:13 - [TEST_STEP][PASSED] - Statement - batch = new com.kms.katalon.core.testobject.TestObject(): null

2018-05-22 19:34:13 - [TEST_STEP][PASSED] - Statement - batch = com.kms.katalon.core.webui.keyword.WebUiBuiltInKeywords.modifyObjectProperty(batch, "xpath", "equals", "//*[@id = "txtbthqty" + row + ""]", true): Modify property of object successfully

2018-05-22 19:34:13 - [MESSAGE][PASSED] - Modify property of object successfully

2018-05-22 19:34:13 - [TEST_STEP][PASSED] - Statement - batchqty = com.kms.katalon.core.webui.keyword.WebUiBuiltInKeywords.getAttribute(batch, "value").trim(): Attribute 'value' of object '' is: '50'

2018-05-22 19:34:13 - [MESSAGE][PASSED] - Attribute 'value' of object '' is: '50'

2018-05-22 19:34:13 - [TEST_STEP][PASSED] - Statement - Rqty = 100: null

2018-05-22 19:34:13 - [TEST_STEP][PASSED] - delay: Delayed 2 second(s)

2018-05-22 19:34:15 - [MESSAGE][PASSED] - Delayed 2 second(s)

2018-05-22 19:34:15 - [TEST_STEP][PASSED] - Statement - out.println("BatchQty : " + batchqty): null

2018-05-22 19:34:15 - [TEST_STEP][PASSED] - Statement - out.println("RQty : " + Rqty): null

2018-05-22 19:34:15 - [TEST_STEP][PASSED] - Statement - If (java.lang.Integer.valueOf(batchqty) >= java.lang.Integer.valueOf(Rqty)): null

2018-05-22 19:34:15 - [TEST_STEP][PASSED] - Statement - Else: null

2018-05-22 19:34:15 - [TEST_STEP][PASSED] - Statement - out.println("Batchqty Is Less Than Rqty"): null

2018-05-22 19:34:15 - [TEST_STEP][PASSED] - Statement - product = new com.kms.katalon.core.testobject.TestObject(): null

2018-05-22 19:34:15 - [TEST_STEP][PASSED] - Statement - product = com.kms.katalon.core.webui.keyword.WebUiBuiltInKeywords.modifyObjectProperty(product, "xpath", "equals", "//*[@id = "fldvendor" + row + ""]", true): Modify property of object successfully

2018-05-22 19:34:15 - [MESSAGE][PASSED] - Modify property of object successfully

2018-05-22 19:34:15 - [TEST_STEP][PASSED] - selectOptionByIndex: All options with index in [2] are selected on object ''

2018-05-22 19:34:15 - [MESSAGE][PASSED] - All options with index in [2] are selected on object ''

2018-05-22 19:34:15 - [TEST_STEP][PASSED] - Statement - batch = new com.kms.katalon.core.testobject.TestObject(): null

2018-05-22 19:34:15 - [TEST_STEP][PASSED] - Statement - batch = com.kms.katalon.core.webui.keyword.WebUiBuiltInKeywords.modifyObjectProperty(batch, "xpath", "equals", "//*[@id = "txtbthqty" + row + ""]", true): Modify property of object successfully

2018-05-22 19:34:15 - [MESSAGE][PASSED] - Modify property of object successfully

2018-05-22 19:34:15 - [TEST_STEP][PASSED] - Statement - batchqty = com.kms.katalon.core.webui.keyword.WebUiBuiltInKeywords.getAttribute(batch, "value").trim(): Attribute 'value' of object '' is: '2500'

2018-05-22 19:34:15 - [MESSAGE][PASSED] - Attribute 'value' of object '' is: '2500'

2018-05-22 19:34:15 - [TEST_STEP][PASSED] - Statement - Rqty = 100: null

2018-05-22 19:34:15 - [TEST_STEP][PASSED] - delay: Delayed 2 second(s)

2018-05-22 19:34:17 - [MESSAGE][PASSED] - Delayed 2 second(s)

2018-05-22 19:34:17 - [TEST_STEP][PASSED] - Statement - out.println("BatchQty : " + batchqty): null

2018-05-22 19:34:17 - [TEST_STEP][PASSED] - Statement - out.println("RQty : " + Rqty): null

2018-05-22 19:34:17 - [TEST_STEP][PASSED] - Statement - If (java.lang.Integer.valueOf(batchqty) >= java.lang.Integer.valueOf(Rqty)): null

2018-05-22 19:34:17 - [TEST_STEP][PASSED] - Statement - Break: null

2018-05-22 19:34:17 - [TEST_STEP][PASSED] - Statement - batchlength = new com.kms.katalon.core.testobject.TestObject(): null

2018-05-22 19:34:17 - [TEST_STEP][PASSED] - Statement - batchlength = com.kms.katalon.core.webui.keyword.WebUiBuiltInKeywords.modifyObjectProperty(batchlength, "xpath", "equals", "//*[@id = "fldvendor" + row + ""]", true): Modify property of object successfully

2018-05-22 19:34:17 - [MESSAGE][PASSED] - Modify property of object successfully

2018-05-22 19:34:17 - [TEST_STEP][PASSED] - Statement - batchsize = com.kms.katalon.core.webui.keyword.WebUiBuiltInKeywords.getNumberOfTotalOption(batchlength): 8 options of object '' counted

2018-05-22 19:34:17 - [MESSAGE][PASSED] - 8 options of object '' counted

2018-05-22 19:34:17 - [TEST_STEP][PASSED] - Statement - out.println("BatchSize : " + batchsize): null

2018-05-22 19:34:17 - [TEST_STEP][PASSED] - Statement - For ([n = 1, n <= batchsize - 1, (n++)]): null

2018-05-22 19:34:17 - [TEST_STEP][PASSED] - Statement - product = new com.kms.katalon.core.testobject.TestObject(): null

2018-05-22 19:34:17 - [TEST_STEP][PASSED] - Statement - product = com.kms.katalon.core.webui.keyword.WebUiBuiltInKeywords.modifyObjectProperty(product, "xpath", "equals", "//*[@id = "fldvendor" + row + ""]", true): Modify property of object successfully

2018-05-22 19:34:17 - [MESSAGE][PASSED] - Modify property of object successfully

2018-05-22 19:34:17 - [TEST_STEP][PASSED] - selectOptionByIndex: All options with index in [1] are selected on object ''

2018-05-22 19:34:17 - [MESSAGE][PASSED] - All options with index in [1] are selected on object ''

2018-05-22 19:34:17 - [TEST_STEP][PASSED] - Statement - batch = new com.kms.katalon.core.testobject.TestObject(): null

2018-05-22 19:34:17 - [TEST_STEP][PASSED] - Statement - batch = com.kms.katalon.core.webui.keyword.WebUiBuiltInKeywords.modifyObjectProperty(batch, "xpath", "equals", "//*[@id = "txtbthqty" + row + ""]", true): Modify property of object successfully

2018-05-22 19:34:17 - [MESSAGE][PASSED] - Modify property of object successfully

2018-05-22 19:34:17 - [TEST_STEP][PASSED] - Statement - batchqty = com.kms.katalon.core.webui.keyword.WebUiBuiltInKeywords.getAttribute(batch, "value").trim(): Attribute 'value' of object '' is: '2700'

2018-05-22 19:34:17 - [MESSAGE][PASSED] - Attribute 'value' of object '' is: '2700'

2018-05-22 19:34:17 - [TEST_STEP][PASSED] - Statement - Rqty = 100: null

2018-05-22 19:34:17 - [TEST_STEP][PASSED] - delay: Delayed 2 second(s)

2018-05-22 19:34:19 - [MESSAGE][PASSED] - Delayed 2 second(s)

2018-05-22 19:34:19 - [TEST_STEP][PASSED] - Statement - out.println("BatchQty : " + batchqty): null

2018-05-22 19:34:19 - [TEST_STEP][PASSED] - Statement - out.println("RQty : " + Rqty): null

2018-05-22 19:34:19 - [TEST_STEP][PASSED] - Statement - If (java.lang.Integer.valueOf(batchqty) >= java.lang.Integer.valueOf(Rqty)): null

2018-05-22 19:34:19 - [TEST_STEP][PASSED] - Statement - Break: null

2018-05-22 19:34:19 - [TEST_STEP][PASSED] - Statement - batchlength = new com.kms.katalon.core.testobject.TestObject(): null

2018-05-22 19:34:19 - [TEST_STEP][PASSED] - Statement - batchlength = com.kms.katalon.core.webui.keyword.WebUiBuiltInKeywords.modifyObjectProperty(batchlength, "xpath", "equals", "//*[@id = "fldvendor" + row + ""]", true): Modify property of object successfully

2018-05-22 19:34:19 - [MESSAGE][PASSED] - Modify property of object successfully

2018-05-22 19:34:19 - [TEST_STEP][PASSED] - Statement - batchsize = com.kms.katalon.core.webui.keyword.WebUiBuiltInKeywords.getNumberOfTotalOption(batchlength): 9 options of object '' counted

2018-05-22 19:34:19 - [MESSAGE][PASSED] - 9 options of object '' counted

2018-05-22 19:34:19 - [TEST_STEP][PASSED] - Statement - out.println("BatchSize : " + batchsize): null

2018-05-22 19:34:19 - [TEST_STEP][PASSED] - Statement - For ([n = 1, n <= batchsize - 1, (n++)]): null

2018-05-22 19:34:19 - [TEST_STEP][PASSED] - Statement - product = new com.kms.katalon.core.testobject.TestObject(): null

2018-05-22 19:34:19 - [TEST_STEP][PASSED] - Statement - product = com.kms.katalon.core.webui.keyword.WebUiBuiltInKeywords.modifyObjectProperty(product, "xpath", "equals", "//*[@id = "fldvendor" + row + ""]", true): Modify property of object successfully

2018-05-22 19:34:19 - [MESSAGE][PASSED] - Modify property of object successfully

2018-05-22 19:34:19 - [TEST_STEP][PASSED] - selectOptionByIndex: All options with index in [1] are selected on object ''

2018-05-22 19:34:19 - [MESSAGE][PASSED] - All options with index in [1] are selected on object ''

2018-05-22 19:34:19 - [TEST_STEP][PASSED] - Statement - batch = new com.kms.katalon.core.testobject.TestObject(): null

2018-05-22 19:34:19 - [TEST_STEP][PASSED] - Statement - batch = com.kms.katalon.core.webui.keyword.WebUiBuiltInKeywords.modifyObjectProperty(batch, "xpath", "equals", "//*[@id = "txtbthqty" + row + ""]", true): Modify property of object successfully

2018-05-22 19:34:19 - [MESSAGE][PASSED] - Modify property of object successfully

2018-05-22 19:34:19 - [TEST_STEP][PASSED] - Statement - batchqty = com.kms.katalon.core.webui.keyword.WebUiBuiltInKeywords.getAttribute(batch, "value").trim(): Attribute 'value' of object '' is: '50'

2018-05-22 19:34:20 - [MESSAGE][PASSED] - Attribute 'value' of object '' is: '50'

2018-05-22 19:34:20 - [TEST_STEP][PASSED] - Statement - Rqty = 100: null

2018-05-22 19:34:20 - [TEST_STEP][PASSED] - delay: Delayed 2 second(s)

2018-05-22 19:34:22 - [MESSAGE][PASSED] - Delayed 2 second(s)

2018-05-22 19:34:22 - [TEST_STEP][PASSED] - Statement - out.println("BatchQty : " + batchqty): null

2018-05-22 19:34:22 - [TEST_STEP][PASSED] - Statement - out.println("RQty : " + Rqty): null

2018-05-22 19:34:22 - [TEST_STEP][PASSED] - Statement - If (java.lang.Integer.valueOf(batchqty) >= java.lang.Integer.valueOf(Rqty)): null

2018-05-22 19:34:22 - [TEST_STEP][PASSED] - Statement - Else: null

2018-05-22 19:34:22 - [TEST_STEP][PASSED] - Statement - out.println("Batchqty Is Less Than Rqty"): null

2018-05-22 19:34:22 - [TEST_STEP][PASSED] - Statement - product = new com.kms.katalon.core.testobject.TestObject(): null

2018-05-22 19:34:22 - [TEST_STEP][PASSED] - Statement - product = com.kms.katalon.core.webui.keyword.WebUiBuiltInKeywords.modifyObjectProperty(product, "xpath", "equals", "//*[@id = "fldvendor" + row + ""]", true): Modify property of object successfully

2018-05-22 19:34:22 - [MESSAGE][PASSED] - Modify property of object successfully

2018-05-22 19:34:22 - [TEST_STEP][PASSED] - selectOptionByIndex: All options with index in [2] are selected on object ''

2018-05-22 19:34:22 - [MESSAGE][PASSED] - All options with index in [2] are selected on object ''

2018-05-22 19:34:22 - [TEST_STEP][PASSED] - Statement - batch = new com.kms.katalon.core.testobject.TestObject(): null

2018-05-22 19:34:22 - [TEST_STEP][PASSED] - Statement - batch = com.kms.katalon.core.webui.keyword.WebUiBuiltInKeywords.modifyObjectProperty(batch, "xpath", "equals", "//*[@id = "txtbthqty" + row + ""]", true): Modify property of object successfully

2018-05-22 19:34:22 - [MESSAGE][PASSED] - Modify property of object successfully

2018-05-22 19:34:22 - [TEST_STEP][PASSED] - Statement - batchqty = com.kms.katalon.core.webui.keyword.WebUiBuiltInKeywords.getAttribute(batch, "value").trim(): Attribute 'value' of object '' is: '2600'

2018-05-22 19:34:22 - [MESSAGE][PASSED] - Attribute 'value' of object '' is: '2600'

2018-05-22 19:34:22 - [TEST_STEP][PASSED] - Statement - Rqty = 100: null

2018-05-22 19:34:22 - [TEST_STEP][PASSED] - delay: Delayed 2 second(s)

2018-05-22 19:34:24 - [MESSAGE][PASSED] - Delayed 2 second(s)

2018-05-22 19:34:24 - [TEST_STEP][PASSED] - Statement - out.println("BatchQty : " + batchqty): null

2018-05-22 19:34:24 - [TEST_STEP][PASSED] - Statement - out.println("RQty : " + Rqty): null

2018-05-22 19:34:24 - [TEST_STEP][PASSED] - Statement - If (java.lang.Integer.valueOf(batchqty) >= java.lang.Integer.valueOf(Rqty)): null

2018-05-22 19:34:24 - [TEST_STEP][PASSED] - Statement - Break: null

2018-05-22 19:34:24 - [TEST_STEP][PASSED] - Statement - batchlength = new com.kms.katalon.core.testobject.TestObject(): null

2018-05-22 19:34:24 - [TEST_STEP][PASSED] - Statement - batchlength = com.kms.katalon.core.webui.keyword.WebUiBuiltInKeywords.modifyObjectProperty(batchlength, "xpath", "equals", "//*[@id = "fldvendor" + row + ""]", true): Modify property of object successfully

2018-05-22 19:34:24 - [MESSAGE][PASSED] - Modify property of object successfully

2018-05-22 19:34:24 - [TEST_STEP][PASSED] - Statement - batchsize = com.kms.katalon.core.webui.keyword.WebUiBuiltInKeywords.getNumberOfTotalOption(batchlength): 8 options of object '' counted

2018-05-22 19:34:24 - [MESSAGE][PASSED] - 8 options of object '' counted

2018-05-22 19:34:24 - [TEST_STEP][PASSED] - Statement - out.println("BatchSize : " + batchsize): null

2018-05-22 19:34:24 - [TEST_STEP][PASSED] - Statement - For ([n = 1, n <= batchsize - 1, (n++)]): null

2018-05-22 19:34:24 - [TEST_STEP][PASSED] - Statement - product = new com.kms.katalon.core.testobject.TestObject(): null

2018-05-22 19:34:24 - [TEST_STEP][PASSED] - Statement - product = com.kms.katalon.core.webui.keyword.WebUiBuiltInKeywords.modifyObjectProperty(product, "xpath", "equals", "//*[@id = "fldvendor" + row + ""]", true): Modify property of object successfully

2018-05-22 19:34:24 - [MESSAGE][PASSED] - Modify property of object successfully

2018-05-22 19:34:24 - [TEST_STEP][PASSED] - selectOptionByIndex: All options with index in [1] are selected on object ''

2018-05-22 19:34:24 - [MESSAGE][PASSED] - All options with index in [1] are selected on object ''

2018-05-22 19:34:24 - [TEST_STEP][PASSED] - Statement - batch = new com.kms.katalon.core.testobject.TestObject(): null

2018-05-22 19:34:24 - [TEST_STEP][PASSED] - Statement - batch = com.kms.katalon.core.webui.keyword.WebUiBuiltInKeywords.modifyObjectProperty(batch, "xpath", "equals", "//*[@id = "txtbthqty" + row + ""]", true): Modify property of object successfully

2018-05-22 19:34:24 - [MESSAGE][PASSED] - Modify property of object successfully

2018-05-22 19:34:24 - [TEST_STEP][PASSED] - Statement - batchqty = com.kms.katalon.core.webui.keyword.WebUiBuiltInKeywords.getAttribute(batch, "value").trim(): Attribute 'value' of object '' is: '2800'

2018-05-22 19:34:24 - [MESSAGE][PASSED] - Attribute 'value' of object '' is: '2800'

2018-05-22 19:34:24 - [TEST_STEP][PASSED] - Statement - Rqty = 100: null

2018-05-22 19:34:24 - [TEST_STEP][PASSED] - delay: Delayed 2 second(s)

2018-05-22 19:34:26 - [MESSAGE][PASSED] - Delayed 2 second(s)

2018-05-22 19:34:26 - [TEST_STEP][PASSED] - Statement - out.println("BatchQty : " + batchqty): null

2018-05-22 19:34:26 - [TEST_STEP][PASSED] - Statement - out.println("RQty : " + Rqty): null

2018-05-22 19:34:26 - [TEST_STEP][PASSED] - Statement - If (java.lang.Integer.valueOf(batchqty) >= java.lang.Integer.valueOf(Rqty)): null

2018-05-22 19:34:26 - [TEST_STEP][PASSED] - Statement - Break: null

2018-05-22 19:34:26 - [TEST_STEP][PASSED] - Statement - batchlength = new com.kms.katalon.core.testobject.TestObject(): null

2018-05-22 19:34:26 - [TEST_STEP][PASSED] - Statement - batchlength = com.kms.katalon.core.webui.keyword.WebUiBuiltInKeywords.modifyObjectProperty(batchlength, "xpath", "equals", "//*[@id = "fldvendor" + row + ""]", true): Modify property of object successfully

2018-05-22 19:34:26 - [MESSAGE][PASSED] - Modify property of object successfully

2018-05-22 19:34:26 - [TEST_STEP][PASSED] - Statement - batchsize = com.kms.katalon.core.webui.keyword.WebUiBuiltInKeywords.getNumberOfTotalOption(batchlength): 8 options of object '' counted

2018-05-22 19:34:26 - [MESSAGE][PASSED] - 8 options of object '' counted

2018-05-22 19:34:26 - [TEST_STEP][PASSED] - Statement - out.println("BatchSize : " + batchsize): null

2018-05-22 19:34:26 - [TEST_STEP][PASSED] - Statement - For ([n = 1, n <= batchsize - 1, (n++)]): null

2018-05-22 19:34:26 - [TEST_STEP][PASSED] - Statement - product = new com.kms.katalon.core.testobject.TestObject(): null

2018-05-22 19:34:26 - [TEST_STEP][PASSED] - Statement - product = com.kms.katalon.core.webui.keyword.WebUiBuiltInKeywords.modifyObjectProperty(product, "xpath", "equals", "//*[@id = "fldvendor" + row + ""]", true): Modify property of object successfully

2018-05-22 19:34:26 - [MESSAGE][PASSED] - Modify property of object successfully

2018-05-22 19:34:26 - [TEST_STEP][PASSED] - selectOptionByIndex: All options with index in [1] are selected on object ''

2018-05-22 19:34:26 - [MESSAGE][PASSED] - All options with index in [1] are selected on object ''

2018-05-22 19:34:26 - [TEST_STEP][PASSED] - Statement - batch = new com.kms.katalon.core.testobject.TestObject(): null

2018-05-22 19:34:26 - [TEST_STEP][PASSED] - Statement - batch = com.kms.katalon.core.webui.keyword.WebUiBuiltInKeywords.modifyObjectProperty(batch, "xpath", "equals", "//*[@id = "txtbthqty" + row + ""]", true): Modify property of object successfully

2018-05-22 19:34:26 - [MESSAGE][PASSED] - Modify property of object successfully

2018-05-22 19:34:26 - [TEST_STEP][PASSED] - Statement - batchqty = com.kms.katalon.core.webui.keyword.WebUiBuiltInKeywords.getAttribute(batch, "value").trim(): Attribute 'value' of object '' is: '37500'

2018-05-22 19:34:26 - [MESSAGE][PASSED] - Attribute 'value' of object '' is: '37500'

2018-05-22 19:34:26 - [TEST_STEP][PASSED] - Statement - Rqty = 100: null

2018-05-22 19:34:26 - [TEST_STEP][PASSED] - delay: Delayed 2 second(s)

2018-05-22 19:34:28 - [MESSAGE][PASSED] - Delayed 2 second(s)

2018-05-22 19:34:28 - [TEST_STEP][PASSED] - Statement - out.println("BatchQty : " + batchqty): null

2018-05-22 19:34:28 - [TEST_STEP][PASSED] - Statement - out.println("RQty : " + Rqty): null

2018-05-22 19:34:28 - [TEST_STEP][PASSED] - Statement - If (java.lang.Integer.valueOf(batchqty) >= java.lang.Integer.valueOf(Rqty)): null

2018-05-22 19:34:28 - [TEST_STEP][PASSED] - Statement - Break: null

2018-05-22 19:34:28 - [TEST_STEP][PASSED] - Statement - batchlength = new com.kms.katalon.core.testobject.TestObject(): null

2018-05-22 19:34:28 - [TEST_STEP][PASSED] - Statement - batchlength = com.kms.katalon.core.webui.keyword.WebUiBuiltInKeywords.modifyObjectProperty(batchlength, "xpath", "equals", "//*[@id = "fldvendor" + row + ""]", true): Modify property of object successfully

2018-05-22 19:34:28 - [MESSAGE][PASSED] - Modify property of object successfully

2018-05-22 19:34:28 - [TEST_STEP][PASSED] - Statement - batchsize = com.kms.katalon.core.webui.keyword.WebUiBuiltInKeywords.getNumberOfTotalOption(batchlength): 8 options of object '' counted

2018-05-22 19:34:28 - [MESSAGE][PASSED] - 8 options of object '' counted

2018-05-22 19:34:28 - [TEST_STEP][PASSED] - Statement - out.println("BatchSize : " + batchsize): null

2018-05-22 19:34:28 - [TEST_STEP][PASSED] - Statement - For ([n = 1, n <= batchsize - 1, (n++)]): null

2018-05-22 19:34:28 - [TEST_STEP][PASSED] - Statement - product = new com.kms.katalon.core.testobject.TestObject(): null

2018-05-22 19:34:28 - [TEST_STEP][PASSED] - Statement - product = com.kms.katalon.core.webui.keyword.WebUiBuiltInKeywords.modifyObjectProperty(product, "xpath", "equals", "//*[@id = "fldvendor" + row + ""]", true): Modify property of object successfully

2018-05-22 19:34:28 - [MESSAGE][PASSED] - Modify property of object successfully

2018-05-22 19:34:28 - [TEST_STEP][PASSED] - selectOptionByIndex: All options with index in [1] are selected on object ''

2018-05-22 19:34:28 - [MESSAGE][PASSED] - All options with index in [1] are selected on object ''

2018-05-22 19:34:28 - [TEST_STEP][PASSED] - Statement - batch = new com.kms.katalon.core.testobject.TestObject(): null

2018-05-22 19:34:28 - [TEST_STEP][PASSED] - Statement - batch = com.kms.katalon.core.webui.keyword.WebUiBuiltInKeywords.modifyObjectProperty(batch, "xpath", "equals", "//*[@id = "txtbthqty" + row + ""]", true): Modify property of object successfully

2018-05-22 19:34:28 - [MESSAGE][PASSED] - Modify property of object successfully

2018-05-22 19:34:28 - [TEST_STEP][PASSED] - Statement - batchqty = com.kms.katalon.core.webui.keyword.WebUiBuiltInKeywords.getAttribute(batch, "value").trim(): Attribute 'value' of object '' is: '4800'

2018-05-22 19:34:29 - [MESSAGE][PASSED] - Attribute 'value' of object '' is: '4800'

2018-05-22 19:34:29 - [TEST_STEP][PASSED] - Statement - Rqty = 100: null

2018-05-22 19:34:29 - [TEST_STEP][PASSED] - delay: Delayed 2 second(s)

2018-05-22 19:34:31 - [MESSAGE][PASSED] - Delayed 2 second(s)

2018-05-22 19:34:31 - [TEST_STEP][PASSED] - Statement - out.println("BatchQty : " + batchqty): null

2018-05-22 19:34:31 - [TEST_STEP][PASSED] - Statement - out.println("RQty : " + Rqty): null

2018-05-22 19:34:31 - [TEST_STEP][PASSED] - Statement - If (java.lang.Integer.valueOf(batchqty) >= java.lang.Integer.valueOf(Rqty)): null

2018-05-22 19:34:31 - [TEST_STEP][PASSED] - Statement - Break: null

2018-05-22 19:34:31 - [TEST_STEP][PASSED] - Statement - batchlength = new com.kms.katalon.core.testobject.TestObject(): null

2018-05-22 19:34:31 - [TEST_STEP][PASSED] - Statement - batchlength = com.kms.katalon.core.webui.keyword.WebUiBuiltInKeywords.modifyObjectProperty(batchlength, "xpath", "equals", "//*[@id = "fldvendor" + row + ""]", true): Modify property of object successfully

2018-05-22 19:34:31 - [MESSAGE][PASSED] - Modify property of object successfully

2018-05-22 19:34:31 - [TEST_STEP][PASSED] - Statement - batchsize = com.kms.katalon.core.webui.keyword.WebUiBuiltInKeywords.getNumberOfTotalOption(batchlength): 8 options of object '' counted

2018-05-22 19:34:31 - [MESSAGE][PASSED] - 8 options of object '' counted

2018-05-22 19:34:31 - [TEST_STEP][PASSED] - Statement - out.println("BatchSize : " + batchsize): null

2018-05-22 19:34:31 - [TEST_STEP][PASSED] - Statement - For ([n = 1, n <= batchsize - 1, (n++)]): null

2018-05-22 19:34:31 - [TEST_STEP][PASSED] - Statement - product = new com.kms.katalon.core.testobject.TestObject(): null

2018-05-22 19:34:31 - [TEST_STEP][PASSED] - Statement - product = com.kms.katalon.core.webui.keyword.WebUiBuiltInKeywords.modifyObjectProperty(product, "xpath", "equals", "//*[@id = "fldvendor" + row + ""]", true): Modify property of object successfully

2018-05-22 19:34:31 - [MESSAGE][PASSED] - Modify property of object successfully

2018-05-22 19:34:31 - [TEST_STEP][PASSED] - selectOptionByIndex: All options with index in [1] are selected on object ''

2018-05-22 19:34:31 - [MESSAGE][PASSED] - All options with index in [1] are selected on object ''

2018-05-22 19:34:31 - [TEST_STEP][PASSED] - Statement - batch = new com.kms.katalon.core.testobject.TestObject(): null

2018-05-22 19:34:31 - [TEST_STEP][PASSED] - Statement - batch = com.kms.katalon.core.webui.keyword.WebUiBuiltInKeywords.modifyObjectProperty(batch, "xpath", "equals", "//*[@id = "txtbthqty" + row + ""]", true): Modify property of object successfully

2018-05-22 19:34:31 - [MESSAGE][PASSED] - Modify property of object successfully

2018-05-22 19:34:31 - [TEST_STEP][PASSED] - Statement - batchqty = com.kms.katalon.core.webui.keyword.WebUiBuiltInKeywords.getAttribute(batch, "value").trim(): Attribute 'value' of object '' is: '4800'

2018-05-22 19:34:31 - [MESSAGE][PASSED] - Attribute 'value' of object '' is: '4800'

2018-05-22 19:34:31 - [TEST_STEP][PASSED] - Statement - Rqty = 100: null

2018-05-22 19:34:31 - [TEST_STEP][PASSED] - delay: Delayed 2 second(s)

2018-05-22 19:34:33 - [MESSAGE][PASSED] - Delayed 2 second(s)

2018-05-22 19:34:33 - [TEST_STEP][PASSED] - Statement - out.println("BatchQty : " + batchqty): null

2018-05-22 19:34:33 - [TEST_STEP][PASSED] - Statement - out.println("RQty : " + Rqty): null

2018-05-22 19:34:33 - [TEST_STEP][PASSED] - Statement - If (java.lang.Integer.valueOf(batchqty) >= java.lang.Integer.valueOf(Rqty)): null

2018-05-22 19:34:33 - [TEST_STEP][PASSED] - Statement - Break: null

2018-05-22 19:34:33 - [TEST_STEP][PASSED] - Statement - batchlength = new com.kms.katalon.core.testobject.TestObject(): null

2018-05-22 19:34:33 - [TEST_STEP][PASSED] - Statement - batchlength = com.kms.katalon.core.webui.keyword.WebUiBuiltInKeywords.modifyObjectProperty(batchlength, "xpath", "equals", "//*[@id = "fldvendor" + row + ""]", true): Modify property of object successfully

2018-05-22 19:34:33 - [MESSAGE][PASSED] - Modify property of object successfully

2018-05-22 19:34:33 - [TEST_STEP][PASSED] - Statement - batchsize = com.kms.katalon.core.webui.keyword.WebUiBuiltInKeywords.getNumberOfTotalOption(batchlength): 8 options of object '' counted

2018-05-22 19:34:33 - [MESSAGE][PASSED] - 8 options of object '' counted

2018-05-22 19:34:33 - [TEST_STEP][PASSED] - Statement - out.println("BatchSize : " + batchsize): null

2018-05-22 19:34:33 - [TEST_STEP][PASSED] - Statement - For ([n = 1, n <= batchsize - 1, (n++)]): null

2018-05-22 19:34:33 - [TEST_STEP][PASSED] - Statement - product = new com.kms.katalon.core.testobject.TestObject(): null

2018-05-22 19:34:33 - [TEST_STEP][PASSED] - Statement - product = com.kms.katalon.core.webui.keyword.WebUiBuiltInKeywords.modifyObjectProperty(product, "xpath", "equals", "//*[@id = "fldvendor" + row + ""]", true): Modify property of object successfully

2018-05-22 19:34:33 - [MESSAGE][PASSED] - Modify property of object successfully

2018-05-22 19:34:33 - [TEST_STEP][PASSED] - selectOptionByIndex: All options with index in [1] are selected on object ''

2018-05-22 19:34:33 - [MESSAGE][PASSED] - All options with index in [1] are selected on object ''

2018-05-22 19:34:33 - [TEST_STEP][PASSED] - Statement - batch = new com.kms.katalon.core.testobject.TestObject(): null

2018-05-22 19:34:33 - [TEST_STEP][PASSED] - Statement - batch = com.kms.katalon.core.webui.keyword.WebUiBuiltInKeywords.modifyObjectProperty(batch, "xpath", "equals", "//*[@id = "txtbthqty" + row + ""]", true): Modify property of object successfully

2018-05-22 19:34:33 - [MESSAGE][PASSED] - Modify property of object successfully

2018-05-22 19:34:33 - [TEST_STEP][PASSED] - Statement - batchqty = com.kms.katalon.core.webui.keyword.WebUiBuiltInKeywords.getAttribute(batch, "value").trim(): Attribute 'value' of object '' is: '2800'

2018-05-22 19:34:33 - [MESSAGE][PASSED] - Attribute 'value' of object '' is: '2800'

2018-05-22 19:34:33 - [TEST_STEP][PASSED] - Statement - Rqty = 100: null

2018-05-22 19:34:33 - [TEST_STEP][PASSED] - delay: Delayed 2 second(s)

2018-05-22 19:34:35 - [MESSAGE][PASSED] - Delayed 2 second(s)

2018-05-22 19:34:35 - [TEST_STEP][PASSED] - Statement - out.println("BatchQty : " + batchqty): null

2018-05-22 19:34:35 - [TEST_STEP][PASSED] - Statement - out.println("RQty : " + Rqty): null

2018-05-22 19:34:35 - [TEST_STEP][PASSED] - Statement - If (java.lang.Integer.valueOf(batchqty) >= java.lang.Integer.valueOf(Rqty)): null

2018-05-22 19:34:35 - [TEST_STEP][PASSED] - Statement - Break: null

2018-05-22 19:34:35 - [TEST_STEP][PASSED] - Statement - batchlength = new com.kms.katalon.core.testobject.TestObject(): null

2018-05-22 19:34:35 - [TEST_STEP][PASSED] - Statement - batchlength = com.kms.katalon.core.webui.keyword.WebUiBuiltInKeywords.modifyObjectProperty(batchlength, "xpath", "equals", "//*[@id = "fldvendor" + row + ""]", true): Modify property of object successfully

2018-05-22 19:34:35 - [MESSAGE][PASSED] - Modify property of object successfully

2018-05-22 19:34:35 - [TEST_STEP][PASSED] - Statement - batchsize = com.kms.katalon.core.webui.keyword.WebUiBuiltInKeywords.getNumberOfTotalOption(batchlength): 7 options of object '' counted

2018-05-22 19:34:35 - [MESSAGE][PASSED] - 7 options of object '' counted

2018-05-22 19:34:35 - [TEST_STEP][PASSED] - Statement - out.println("BatchSize : " + batchsize): null

2018-05-22 19:34:35 - [TEST_STEP][PASSED] - Statement - For ([n = 1, n <= batchsize - 1, (n++)]): null

2018-05-22 19:34:35 - [TEST_STEP][PASSED] - Statement - product = new com.kms.katalon.core.testobject.TestObject(): null

2018-05-22 19:34:35 - [TEST_STEP][PASSED] - Statement - product = com.kms.katalon.core.webui.keyword.WebUiBuiltInKeywords.modifyObjectProperty(product, "xpath", "equals", "//*[@id = "fldvendor" + row + ""]", true): Modify property of object successfully

2018-05-22 19:34:35 - [MESSAGE][PASSED] - Modify property of object successfully

2018-05-22 19:34:35 - [TEST_STEP][PASSED] - selectOptionByIndex: All options with index in [1] are selected on object ''

2018-05-22 19:34:35 - [MESSAGE][PASSED] - All options with index in [1] are selected on object ''

2018-05-22 19:34:35 - [TEST_STEP][PASSED] - Statement - batch = new com.kms.katalon.core.testobject.TestObject(): null

2018-05-22 19:34:35 - [TEST_STEP][PASSED] - Statement - batch = com.kms.katalon.core.webui.keyword.WebUiBuiltInKeywords.modifyObjectProperty(batch, "xpath", "equals", "//*[@id = "txtbthqty" + row + ""]", true): Modify property of object successfully

2018-05-22 19:34:35 - [MESSAGE][PASSED] - Modify property of object successfully

2018-05-22 19:34:35 - [TEST_STEP][PASSED] - Statement - batchqty = com.kms.katalon.core.webui.keyword.WebUiBuiltInKeywords.getAttribute(batch, "value").trim(): Attribute 'value' of object '' is: '2800'

2018-05-22 19:34:35 - [MESSAGE][PASSED] - Attribute 'value' of object '' is: '2800'

2018-05-22 19:34:35 - [TEST_STEP][PASSED] - Statement - Rqty = 100: null

2018-05-22 19:34:35 - [TEST_STEP][PASSED] - delay: Delayed 2 second(s)

2018-05-22 19:34:37 - [MESSAGE][PASSED] - Delayed 2 second(s)

2018-05-22 19:34:37 - [TEST_STEP][PASSED] - Statement - out.println("BatchQty : " + batchqty): null

2018-05-22 19:34:37 - [TEST_STEP][PASSED] - Statement - out.println("RQty : " + Rqty): null

2018-05-22 19:34:37 - [TEST_STEP][PASSED] - Statement - If (java.lang.Integer.valueOf(batchqty) >= java.lang.Integer.valueOf(Rqty)): null

2018-05-22 19:34:37 - [TEST_STEP][PASSED] - Statement - Break: null

2018-05-22 19:34:37 - [TEST_STEP][PASSED] - Statement - batchlength = new com.kms.katalon.core.testobject.TestObject(): null

2018-05-22 19:34:37 - [TEST_STEP][PASSED] - Statement - batchlength = com.kms.katalon.core.webui.keyword.WebUiBuiltInKeywords.modifyObjectProperty(batchlength, "xpath", "equals", "//*[@id = "fldvendor" + row + ""]", true): Modify property of object successfully

2018-05-22 19:34:37 - [MESSAGE][PASSED] - Modify property of object successfully

2018-05-22 19:34:37 - [TEST_STEP][PASSED] - Statement - batchsize = com.kms.katalon.core.webui.keyword.WebUiBuiltInKeywords.getNumberOfTotalOption(batchlength): 7 options of object '' counted

2018-05-22 19:34:37 - [MESSAGE][PASSED] - 7 options of object '' counted

2018-05-22 19:34:37 - [TEST_STEP][PASSED] - Statement - out.println("BatchSize : " + batchsize): null

2018-05-22 19:34:37 - [TEST_STEP][PASSED] - Statement - For ([n = 1, n <= batchsize - 1, (n++)]): null

2018-05-22 19:34:37 - [TEST_STEP][PASSED] - Statement - product = new com.kms.katalon.core.testobject.TestObject(): null

2018-05-22 19:34:37 - [TEST_STEP][PASSED] - Statement - product = com.kms.katalon.core.webui.keyword.WebUiBuiltInKeywords.modifyObjectProperty(product, "xpath", "equals", "//*[@id = "fldvendor" + row + ""]", true): Modify property of object successfully

2018-05-22 19:34:37 - [MESSAGE][PASSED] - Modify property of object successfully

2018-05-22 19:34:37 - [TEST_STEP][PASSED] - selectOptionByIndex: All options with index in [1] are selected on object ''

2018-05-22 19:34:38 - [MESSAGE][PASSED] - All options with index in [1] are selected on object ''

2018-05-22 19:34:38 - [TEST_STEP][PASSED] - Statement - batch = new com.kms.katalon.core.testobject.TestObject(): null

2018-05-22 19:34:38 - [TEST_STEP][PASSED] - Statement - batch = com.kms.katalon.core.webui.keyword.WebUiBuiltInKeywords.modifyObjectProperty(batch, "xpath", "equals", "//*[@id = "txtbthqty" + row + ""]", true): Modify property of object successfully

2018-05-22 19:34:38 - [MESSAGE][PASSED] - Modify property of object successfully

2018-05-22 19:34:38 - [TEST_STEP][PASSED] - Statement - batchqty = com.kms.katalon.core.webui.keyword.WebUiBuiltInKeywords.getAttribute(batch, "value").trim(): Attribute 'value' of object '' is: '39500'

2018-05-22 19:34:38 - [MESSAGE][PASSED] - Attribute 'value' of object '' is: '39500'

2018-05-22 19:34:38 - [TEST_STEP][PASSED] - Statement - Rqty = 100: null

2018-05-22 19:34:38 - [TEST_STEP][PASSED] - delay: Delayed 2 second(s)

2018-05-22 19:34:40 - [MESSAGE][PASSED] - Delayed 2 second(s)

2018-05-22 19:34:40 - [TEST_STEP][PASSED] - Statement - out.println("BatchQty : " + batchqty): null

2018-05-22 19:34:40 - [TEST_STEP][PASSED] - Statement - out.println("RQty : " + Rqty): null

2018-05-22 19:34:40 - [TEST_STEP][PASSED] - Statement - If (java.lang.Integer.valueOf(batchqty) >= java.lang.Integer.valueOf(Rqty)): null

2018-05-22 19:34:40 - [TEST_STEP][PASSED] - Statement - Break: null

2018-05-22 19:34:40 - [TEST_STEP][PASSED] - delay: Delayed 2 second(s)

2018-05-22 19:34:42 - [MESSAGE][PASSED] - Delayed 2 second(s)

2018-05-22 19:34:42 - [TEST_STEP][PASSED] - click: Object: 'Object Repository/DispensaryToCms/Page_KDMC - CMS/input_btndispatch' is clicked on

2018-05-22 19:34:42 - [MESSAGE][PASSED] - Object: 'Object Repository/DispensaryToCms/Page_KDMC - CMS/input_btndispatch' is clicked on

2018-05-22 19:34:42 - [TEST_STEP][PASSED] - delay: Delayed 3 second(s)

2018-05-22 19:34:45 - [MESSAGE][PASSED] - Delayed 3 second(s)

2018-05-22 19:34:45 - [TEST_STEP][PASSED] - click: Object: 'Object Repository/DispensaryToCms/Page_KDMC - CMS/button_OK' is clicked on

2018-05-22 19:34:45 - [MESSAGE][PASSED] - Object: 'Object Repository/DispensaryToCms/Page_KDMC - CMS/button_OK' is clicked on

2018-05-22 19:34:45 - [TEST_STEP][PASSED] - delay: Delayed 4 second(s)

2018-05-22 19:34:49 - [MESSAGE][PASSED] - Delayed 4 second(s)

2018-05-22 19:34:49 - [TEST_STEP][PASSED] - waitForElementPresent: Object 'Object Repository/DispensaryToStore/Page_Dispensary Store/a_dropdown-toggle' is not present after 20 second(s)

2018-05-22 19:35:10 - [MESSAGE][WARNING] - Object 'Object Repository/DispensaryToStore/Page_Dispensary Store/a_dropdown-toggle' is not present after 20 second(s)

2018-05-22 19:35:10 - [TEST_STEP][PASSED] - click: Object: 'Object Repository/DispensaryToCms/Page_KDMC - CMS/a_dropdown-toggle' is clicked on

2018-05-22 19:35:10 - [MESSAGE][PASSED] - Object: 'Object Repository/DispensaryToCms/Page_KDMC - CMS/a_dropdown-toggle' is clicked on

2018-05-22 19:35:10 - [TEST_STEP][PASSED] - click: Object: 'Object Repository/DispensaryToCms/Page_KDMC - CMS/a_Sign out' is clicked on

2018-05-22 19:35:11 - [MESSAGE][PASSED] - Object: 'Object Repository/DispensaryToCms/Page_KDMC - CMS/a_Sign out' is clicked on

2018-05-22 19:35:11 - [TEST_STEP][PASSED] - delay: Delayed 3 second(s)

2018-05-22 19:35:14 - [MESSAGE][PASSED] - Delayed 3 second(s)

2018-05-22 19:35:14 - [TEST_STEP][PASSED] - navigateToUrl: Navigate to 'http://192.168.137.1/multihospital_new/HDSplashscreen.aspx' successfully

2018-05-22 19:35:14 - [MESSAGE][PASSED] - Navigate to 'http://192.168.137.1/multihospital_new/HDSplashscreen.aspx' successfully

2018-05-22 19:35:14 - [TEST_STEP][PASSED] - click: Object: 'Object Repository/DispensaryToCms/Page_KDMC/a_Dispensary Store' is clicked on

2018-05-22 19:35:15 - [MESSAGE][PASSED] - Object: 'Object Repository/DispensaryToCms/Page_KDMC/a_Dispensary Store' is clicked on

2018-05-22 19:35:15 - [TEST_STEP][PASSED] - setText: Text 'rajaram' is set on object 'Object Repository/DispensaryToCms/Page_Dispensary Store Login/input_txtusername'

2018-05-22 19:35:15 - [MESSAGE][PASSED] - Text 'rajaram' is set on object 'Object Repository/DispensaryToCms/Page_Dispensary Store Login/input_txtusername'

2018-05-22 19:35:15 - [TEST_STEP][PASSED] - setText: Text '123' is set on object 'Object Repository/DispensaryToCms/Page_Dispensary Store Login/input_txtpassword'

2018-05-22 19:35:15 - [MESSAGE][PASSED] - Text '123' is set on object 'Object Repository/DispensaryToCms/Page_Dispensary Store Login/input_txtpassword'

2018-05-22 19:35:15 - [TEST_STEP][PASSED] - delay: Delayed 3 second(s)

2018-05-22 19:35:18 - [MESSAGE][PASSED] - Delayed 3 second(s)

2018-05-22 19:35:18 - [TEST_STEP][PASSED] - click: Object: 'Object Repository/DispensaryToCms/Page_Dispensary Store Login/button_Sign in' is clicked on

2018-05-22 19:35:19 - [MESSAGE][PASSED] - Object: 'Object Repository/DispensaryToCms/Page_Dispensary Store Login/button_Sign in' is clicked on

2018-05-22 19:35:19 - [TEST_STEP][PASSED] - delay: Delayed 3 second(s)

2018-05-22 19:35:22 - [MESSAGE][PASSED] - Delayed 3 second(s)

2018-05-22 19:35:22 - [TEST_STEP][PASSED] - click: Object: 'Object Repository/DispensaryToCms/Page_Dispensary Store/a_CMS' is clicked on

2018-05-22 19:35:22 - [MESSAGE][PASSED] - Object: 'Object Repository/DispensaryToCms/Page_Dispensary Store/a_CMS' is clicked on

2018-05-22 19:35:22 - [TEST_STEP][PASSED] - delay: Delayed 2 second(s)

2018-05-22 19:35:24 - [MESSAGE][PASSED] - Delayed 2 second(s)

2018-05-22 19:35:24 - [TEST_STEP][PASSED] - click: Object: 'Object Repository/DispensaryToCms/Page_Dispensary Store/a_Receiving Goods' is clicked on

2018-05-22 19:35:25 - [MESSAGE][PASSED] - Object: 'Object Repository/DispensaryToCms/Page_Dispensary Store/a_Receiving Goods' is clicked on

2018-05-22 19:35:25 - [TEST_STEP][PASSED] - setText: Text 'PRNO/22052018/340' is set on object 'Object Repository/DispensaryToCms/Page_Dispensary Store/input'

2018-05-22 19:35:25 - [MESSAGE][PASSED] - Text 'PRNO/22052018/340' is set on object 'Object Repository/DispensaryToCms/Page_Dispensary Store/input'

2018-05-22 19:35:25 - [TEST_STEP][PASSED] - click: Object: 'Object Repository/DispensaryToCms/Page_Dispensary Store/input_PRNO18052018174' is clicked on

2018-05-22 19:35:25 - [MESSAGE][PASSED] - Object: 'Object Repository/DispensaryToCms/Page_Dispensary Store/input_PRNO18052018174' is clicked on

2018-05-22 19:35:25 - [TEST_STEP][PASSED] - delay: Delayed 2 second(s)

2018-05-22 19:35:27 - [MESSAGE][PASSED] - Delayed 2 second(s)

2018-05-22 19:35:27 - [TEST_STEP][PASSED] - click: Object: 'Object Repository/DispensaryToCms/Page_Dispensary Store/input_chkrem' is clicked on

2018-05-22 19:35:27 - [MESSAGE][PASSED] - Object: 'Object Repository/DispensaryToCms/Page_Dispensary Store/input_chkrem' is clicked on

2018-05-22 19:35:27 - [TEST_STEP][PASSED] - scrollToElement: Scroll to object 'Object Repository/DispensaryToCms/Page_Dispensary Store/input_btchkroqadd' successfully

2018-05-22 19:35:27 - [MESSAGE][PASSED] - Scroll to object 'Object Repository/DispensaryToCms/Page_Dispensary Store/input_btchkroqadd' successfully

2018-05-22 19:35:27 - [TEST_STEP][PASSED] - click: Object: 'Object Repository/DispensaryToCms/Page_Dispensary Store/input_btchkroqadd' is clicked on

2018-05-22 19:35:27 - [MESSAGE][PASSED] - Object: 'Object Repository/DispensaryToCms/Page_Dispensary Store/input_btchkroqadd' is clicked on

2018-05-22 19:35:27 - [TEST_STEP][PASSED] - delay: Delayed 2 second(s)

2018-05-22 19:35:29 - [MESSAGE][PASSED] - Delayed 2 second(s)

2018-05-22 19:35:29 - [TEST_STEP][PASSED] - refresh: Refresh successfully

2018-05-22 19:35:30 - [MESSAGE][PASSED] - Refresh successfully

2018-05-22 19:35:30 - [TEST_STEP][PASSED] - delay: Delayed 3 second(s)

2018-05-22 19:35:33 - [MESSAGE][PASSED] - Delayed 3 second(s)

2018-05-22 19:35:33 - [TEST_STEP][PASSED] - waitForElementPresent: Object 'Object Repository/DispensaryToStore/Page_Dispensary Store/a_dropdown-toggle' is present

2018-05-22 19:35:33 - [MESSAGE][PASSED] - Object 'Object Repository/DispensaryToStore/Page_Dispensary Store/a_dropdown-toggle' is present

2018-05-22 19:35:33 - [TEST_STEP][PASSED] - click: Object: 'Object Repository/DispensaryToCms/Page_Dispensary Store/a_dropdown-toggle' is clicked on

2018-05-22 19:35:33 - [MESSAGE][PASSED] - Object: 'Object Repository/DispensaryToCms/Page_Dispensary Store/a_dropdown-toggle' is clicked on

2018-05-22 19:35:33 - [TEST_STEP][PASSED] - click: Object: 'Object Repository/DispensaryToCms/Page_Dispensary Store/a_Sign out' is clicked on

2018-05-22 19:35:33 - [MESSAGE][PASSED] - Object: 'Object Repository/DispensaryToCms/Page_Dispensary Store/a_Sign out' is clicked on

2018-05-22 19:35:33 - [TEST_STEP][PASSED] - closeBrowser: Browser is closed

2018-05-22 19:35:34 - [MESSAGE][PASSED] - Browser is closed]]></system-out>
         <system-err><![CDATA[]]></system-err>
      </testcase>
      <testcase name="Test Cases/DISPENSARY TEST CASES/TC_DP_014 Verify Schedule 2 Dispensary To CMS Request Are Working Successfully Or Not" classname="Test Cases/DISPENSARY TEST CASES/TC_DP_014 Verify Schedule 2 Dispensary To CMS Request Are Working Successfully Or Not" status="ERROR">
         <error type="ERROR" message="Test Cases/DISPENSARY TEST CASES/TC_DP_014 Verify Schedule 2 Dispensary To CMS Request Are Working Successfully Or Not FAILED because (of) java.lang.NumberFormatException: For input string: &quot;&quot;"/>
         <system-out><![CDATA[2018-05-22 19:35:34 - [TEST_CASE][ERROR] - Test Cases/DISPENSARY TEST CASES/TC_DP_014 Verify Schedule 2 Dispensary To CMS Request Are Working Successfully Or Not: Test Cases/DISPENSARY TEST CASES/TC_DP_014 Verify Schedule 2 Dispensary To CMS Request Are Working Successfully Or Not FAILED because (of) java.lang.NumberFormatException: For input string: ""

2018-05-22 19:35:34 - [TEST_STEP][PASSED] - openBrowser: Browser is opened with url: ''

2018-05-22 19:35:36 - [MESSAGE][PASSED] - Browser is opened with url: ''

2018-05-22 19:35:36 - [TEST_STEP][PASSED] - navigateToUrl: Navigate to 'http://192.168.137.1/multihospital_new/HDSplashscreen.aspx' successfully

2018-05-22 19:35:38 - [MESSAGE][PASSED] - Navigate to 'http://192.168.137.1/multihospital_new/HDSplashscreen.aspx' successfully

2018-05-22 19:35:38 - [TEST_STEP][PASSED] - maximizeWindow: Current window maximized

2018-05-22 19:35:40 - [MESSAGE][PASSED] - Current window maximized

2018-05-22 19:35:40 - [TEST_STEP][PASSED] - click: Object: 'Object Repository/DispensaryToCms/Page_KDMC/a_Dispensary Store' is clicked on

2018-05-22 19:35:41 - [MESSAGE][PASSED] - Object: 'Object Repository/DispensaryToCms/Page_KDMC/a_Dispensary Store' is clicked on

2018-05-22 19:35:41 - [TEST_STEP][PASSED] - setText: Text 'rajaram' is set on object 'Object Repository/DispensaryToCms/Page_Dispensary Store Login/input_txtusername'

2018-05-22 19:35:41 - [MESSAGE][PASSED] - Text 'rajaram' is set on object 'Object Repository/DispensaryToCms/Page_Dispensary Store Login/input_txtusername'

2018-05-22 19:35:41 - [TEST_STEP][PASSED] - setText: Text '123' is set on object 'Object Repository/DispensaryToCms/Page_Dispensary Store Login/input_txtpassword'

2018-05-22 19:35:41 - [MESSAGE][PASSED] - Text '123' is set on object 'Object Repository/DispensaryToCms/Page_Dispensary Store Login/input_txtpassword'

2018-05-22 19:35:41 - [TEST_STEP][PASSED] - delay: Delayed 3 second(s)

2018-05-22 19:35:44 - [MESSAGE][PASSED] - Delayed 3 second(s)

2018-05-22 19:35:44 - [TEST_STEP][PASSED] - click: Object: 'Object Repository/DispensaryToCms/Page_Dispensary Store Login/button_Sign in' is clicked on

2018-05-22 19:35:45 - [MESSAGE][PASSED] - Object: 'Object Repository/DispensaryToCms/Page_Dispensary Store Login/button_Sign in' is clicked on

2018-05-22 19:35:45 - [TEST_STEP][PASSED] - delay: Delayed 3 second(s)

2018-05-22 19:35:48 - [MESSAGE][PASSED] - Delayed 3 second(s)

2018-05-22 19:35:48 - [TEST_STEP][PASSED] - click: Object: 'Object Repository/DispensaryToCms/Page_Dispensary Store/a_CMS' is clicked on

2018-05-22 19:35:48 - [MESSAGE][PASSED] - Object: 'Object Repository/DispensaryToCms/Page_Dispensary Store/a_CMS' is clicked on

2018-05-22 19:35:48 - [TEST_STEP][PASSED] - click: Object: 'Object Repository/DispensaryToCms/Page_Dispensary Store/a_Request Send' is clicked on

2018-05-22 19:35:48 - [MESSAGE][PASSED] - Object: 'Object Repository/DispensaryToCms/Page_Dispensary Store/a_Request Send' is clicked on

2018-05-22 19:35:48 - [TEST_STEP][PASSED] - delay: Delayed 2 second(s)

2018-05-22 19:35:50 - [MESSAGE][PASSED] - Delayed 2 second(s)

2018-05-22 19:35:50 - [TEST_STEP][PASSED] - selectOptionByIndex: All options with index in [2] are selected on object 'Object Repository/DispensaryToCms/Page_Dispensary Store/select_--Select--'

2018-05-22 19:35:51 - [MESSAGE][PASSED] - All options with index in [2] are selected on object 'Object Repository/DispensaryToCms/Page_Dispensary Store/select_--Select--'

2018-05-22 19:35:51 - [TEST_STEP][PASSED] - selectOptionByIndex: All options with index in [2] are selected on object 'Object Repository/DispensaryToCms/Page_Dispensary Store/select_--Select--Schedule 1Inj'

2018-05-22 19:35:51 - [MESSAGE][PASSED] - All options with index in [2] are selected on object 'Object Repository/DispensaryToCms/Page_Dispensary Store/select_--Select--Schedule 1Inj'

2018-05-22 19:35:51 - [TEST_STEP][PASSED] - Statement - medicineslength = com.kms.katalon.core.webui.keyword.WebUiBuiltInKeywords.getNumberOfTotalOption(com.kms.katalon.core.testobject.ObjectRepository.findTestObject(DispensaryToCms/Page_Dispensary Store/select_--Select--Adernaline 0.)): 73 options of object 'Object Repository/DispensaryToCms/Page_Dispensary Store/select_--Select--Adernaline 0.' counted

2018-05-22 19:35:51 - [MESSAGE][PASSED] - 73 options of object 'Object Repository/DispensaryToCms/Page_Dispensary Store/select_--Select--Adernaline 0.' counted

2018-05-22 19:35:51 - [TEST_STEP][PASSED] - Statement - For ([e = 1, e <= medicineslength - 1, (e++)]): Object: 'Object Repository/DispensaryToCms/Page_Dispensary Store/button_Add' is clicked on

2018-05-22 19:35:51 - [TEST_STEP][PASSED] - selectOptionByIndex: All options with index in [2] are selected on object 'Object Repository/DispensaryToCms/Page_Dispensary Store/select_--Select--Schedule 1Inj'

2018-05-22 19:35:51 - [MESSAGE][PASSED] - All options with index in [2] are selected on object 'Object Repository/DispensaryToCms/Page_Dispensary Store/select_--Select--Schedule 1Inj'

2018-05-22 19:35:51 - [TEST_STEP][PASSED] - selectOptionByIndex: All options with index in [1] are selected on object 'Object Repository/DispensaryToCms/Page_Dispensary Store/select_--Select--Adernaline 0.'

2018-05-22 19:35:51 - [MESSAGE][PASSED] - All options with index in [1] are selected on object 'Object Repository/DispensaryToCms/Page_Dispensary Store/select_--Select--Adernaline 0.'

2018-05-22 19:35:51 - [TEST_STEP][PASSED] - setText: Text '100' is set on object 'Object Repository/DispensaryToCms/Page_Dispensary Store/input_txttreat'

2018-05-22 19:35:51 - [MESSAGE][PASSED] - Text '100' is set on object 'Object Repository/DispensaryToCms/Page_Dispensary Store/input_txttreat'

2018-05-22 19:35:51 - [TEST_STEP][PASSED] - click: Object: 'Object Repository/DispensaryToCms/Page_Dispensary Store/button_Add' is clicked on

2018-05-22 19:35:51 - [MESSAGE][PASSED] - Object: 'Object Repository/DispensaryToCms/Page_Dispensary Store/button_Add' is clicked on

2018-05-22 19:35:51 - [TEST_STEP][PASSED] - selectOptionByIndex: All options with index in [2] are selected on object 'Object Repository/DispensaryToCms/Page_Dispensary Store/select_--Select--Schedule 1Inj'

2018-05-22 19:35:52 - [MESSAGE][PASSED] - All options with index in [2] are selected on object 'Object Repository/DispensaryToCms/Page_Dispensary Store/select_--Select--Schedule 1Inj'

2018-05-22 19:35:52 - [TEST_STEP][PASSED] - selectOptionByIndex: All options with index in [2] are selected on object 'Object Repository/DispensaryToCms/Page_Dispensary Store/select_--Select--Adernaline 0.'

2018-05-22 19:35:52 - [MESSAGE][PASSED] - All options with index in [2] are selected on object 'Object Repository/DispensaryToCms/Page_Dispensary Store/select_--Select--Adernaline 0.'

2018-05-22 19:35:52 - [TEST_STEP][PASSED] - setText: Text '100' is set on object 'Object Repository/DispensaryToCms/Page_Dispensary Store/input_txttreat'

2018-05-22 19:35:52 - [MESSAGE][PASSED] - Text '100' is set on object 'Object Repository/DispensaryToCms/Page_Dispensary Store/input_txttreat'

2018-05-22 19:35:52 - [TEST_STEP][PASSED] - click: Object: 'Object Repository/DispensaryToCms/Page_Dispensary Store/button_Add' is clicked on

2018-05-22 19:35:52 - [MESSAGE][PASSED] - Object: 'Object Repository/DispensaryToCms/Page_Dispensary Store/button_Add' is clicked on

2018-05-22 19:35:52 - [TEST_STEP][PASSED] - selectOptionByIndex: All options with index in [2] are selected on object 'Object Repository/DispensaryToCms/Page_Dispensary Store/select_--Select--Schedule 1Inj'

2018-05-22 19:35:52 - [MESSAGE][PASSED] - All options with index in [2] are selected on object 'Object Repository/DispensaryToCms/Page_Dispensary Store/select_--Select--Schedule 1Inj'

2018-05-22 19:35:52 - [TEST_STEP][PASSED] - selectOptionByIndex: All options with index in [3] are selected on object 'Object Repository/DispensaryToCms/Page_Dispensary Store/select_--Select--Adernaline 0.'

2018-05-22 19:35:52 - [MESSAGE][PASSED] - All options with index in [3] are selected on object 'Object Repository/DispensaryToCms/Page_Dispensary Store/select_--Select--Adernaline 0.'

2018-05-22 19:35:52 - [TEST_STEP][PASSED] - setText: Text '100' is set on object 'Object Repository/DispensaryToCms/Page_Dispensary Store/input_txttreat'

2018-05-22 19:35:52 - [MESSAGE][PASSED] - Text '100' is set on object 'Object Repository/DispensaryToCms/Page_Dispensary Store/input_txttreat'

2018-05-22 19:35:52 - [TEST_STEP][PASSED] - click: Object: 'Object Repository/DispensaryToCms/Page_Dispensary Store/button_Add' is clicked on

2018-05-22 19:35:52 - [MESSAGE][PASSED] - Object: 'Object Repository/DispensaryToCms/Page_Dispensary Store/button_Add' is clicked on

2018-05-22 19:35:52 - [TEST_STEP][PASSED] - selectOptionByIndex: All options with index in [2] are selected on object 'Object Repository/DispensaryToCms/Page_Dispensary Store/select_--Select--Schedule 1Inj'

2018-05-22 19:35:52 - [MESSAGE][PASSED] - All options with index in [2] are selected on object 'Object Repository/DispensaryToCms/Page_Dispensary Store/select_--Select--Schedule 1Inj'

2018-05-22 19:35:52 - [TEST_STEP][PASSED] - selectOptionByIndex: All options with index in [4] are selected on object 'Object Repository/DispensaryToCms/Page_Dispensary Store/select_--Select--Adernaline 0.'

2018-05-22 19:35:53 - [MESSAGE][PASSED] - All options with index in [4] are selected on object 'Object Repository/DispensaryToCms/Page_Dispensary Store/select_--Select--Adernaline 0.'

2018-05-22 19:35:53 - [TEST_STEP][PASSED] - setText: Text '100' is set on object 'Object Repository/DispensaryToCms/Page_Dispensary Store/input_txttreat'

2018-05-22 19:35:53 - [MESSAGE][PASSED] - Text '100' is set on object 'Object Repository/DispensaryToCms/Page_Dispensary Store/input_txttreat'

2018-05-22 19:35:53 - [TEST_STEP][PASSED] - click: Object: 'Object Repository/DispensaryToCms/Page_Dispensary Store/button_Add' is clicked on

2018-05-22 19:35:53 - [MESSAGE][PASSED] - Object: 'Object Repository/DispensaryToCms/Page_Dispensary Store/button_Add' is clicked on

2018-05-22 19:35:53 - [TEST_STEP][PASSED] - selectOptionByIndex: All options with index in [2] are selected on object 'Object Repository/DispensaryToCms/Page_Dispensary Store/select_--Select--Schedule 1Inj'

2018-05-22 19:35:53 - [MESSAGE][PASSED] - All options with index in [2] are selected on object 'Object Repository/DispensaryToCms/Page_Dispensary Store/select_--Select--Schedule 1Inj'

2018-05-22 19:35:53 - [TEST_STEP][PASSED] - selectOptionByIndex: All options with index in [5] are selected on object 'Object Repository/DispensaryToCms/Page_Dispensary Store/select_--Select--Adernaline 0.'

2018-05-22 19:35:53 - [MESSAGE][PASSED] - All options with index in [5] are selected on object 'Object Repository/DispensaryToCms/Page_Dispensary Store/select_--Select--Adernaline 0.'

2018-05-22 19:35:53 - [TEST_STEP][PASSED] - setText: Text '100' is set on object 'Object Repository/DispensaryToCms/Page_Dispensary Store/input_txttreat'

2018-05-22 19:35:53 - [MESSAGE][PASSED] - Text '100' is set on object 'Object Repository/DispensaryToCms/Page_Dispensary Store/input_txttreat'

2018-05-22 19:35:53 - [TEST_STEP][PASSED] - click: Object: 'Object Repository/DispensaryToCms/Page_Dispensary Store/button_Add' is clicked on

2018-05-22 19:35:53 - [MESSAGE][PASSED] - Object: 'Object Repository/DispensaryToCms/Page_Dispensary Store/button_Add' is clicked on

2018-05-22 19:35:53 - [TEST_STEP][PASSED] - selectOptionByIndex: All options with index in [2] are selected on object 'Object Repository/DispensaryToCms/Page_Dispensary Store/select_--Select--Schedule 1Inj'

2018-05-22 19:35:53 - [MESSAGE][PASSED] - All options with index in [2] are selected on object 'Object Repository/DispensaryToCms/Page_Dispensary Store/select_--Select--Schedule 1Inj'

2018-05-22 19:35:53 - [TEST_STEP][PASSED] - selectOptionByIndex: All options with index in [6] are selected on object 'Object Repository/DispensaryToCms/Page_Dispensary Store/select_--Select--Adernaline 0.'

2018-05-22 19:35:54 - [MESSAGE][PASSED] - All options with index in [6] are selected on object 'Object Repository/DispensaryToCms/Page_Dispensary Store/select_--Select--Adernaline 0.'

2018-05-22 19:35:54 - [TEST_STEP][PASSED] - setText: Text '100' is set on object 'Object Repository/DispensaryToCms/Page_Dispensary Store/input_txttreat'

2018-05-22 19:35:54 - [MESSAGE][PASSED] - Text '100' is set on object 'Object Repository/DispensaryToCms/Page_Dispensary Store/input_txttreat'

2018-05-22 19:35:54 - [TEST_STEP][PASSED] - click: Object: 'Object Repository/DispensaryToCms/Page_Dispensary Store/button_Add' is clicked on

2018-05-22 19:35:54 - [MESSAGE][PASSED] - Object: 'Object Repository/DispensaryToCms/Page_Dispensary Store/button_Add' is clicked on

2018-05-22 19:35:54 - [TEST_STEP][PASSED] - selectOptionByIndex: All options with index in [2] are selected on object 'Object Repository/DispensaryToCms/Page_Dispensary Store/select_--Select--Schedule 1Inj'

2018-05-22 19:35:54 - [MESSAGE][PASSED] - All options with index in [2] are selected on object 'Object Repository/DispensaryToCms/Page_Dispensary Store/select_--Select--Schedule 1Inj'

2018-05-22 19:35:54 - [TEST_STEP][PASSED] - selectOptionByIndex: All options with index in [7] are selected on object 'Object Repository/DispensaryToCms/Page_Dispensary Store/select_--Select--Adernaline 0.'

2018-05-22 19:35:54 - [MESSAGE][PASSED] - All options with index in [7] are selected on object 'Object Repository/DispensaryToCms/Page_Dispensary Store/select_--Select--Adernaline 0.'

2018-05-22 19:35:54 - [TEST_STEP][PASSED] - setText: Text '100' is set on object 'Object Repository/DispensaryToCms/Page_Dispensary Store/input_txttreat'

2018-05-22 19:35:54 - [MESSAGE][PASSED] - Text '100' is set on object 'Object Repository/DispensaryToCms/Page_Dispensary Store/input_txttreat'

2018-05-22 19:35:54 - [TEST_STEP][PASSED] - click: Object: 'Object Repository/DispensaryToCms/Page_Dispensary Store/button_Add' is clicked on

2018-05-22 19:35:54 - [MESSAGE][PASSED] - Object: 'Object Repository/DispensaryToCms/Page_Dispensary Store/button_Add' is clicked on

2018-05-22 19:35:54 - [TEST_STEP][PASSED] - selectOptionByIndex: All options with index in [2] are selected on object 'Object Repository/DispensaryToCms/Page_Dispensary Store/select_--Select--Schedule 1Inj'

2018-05-22 19:35:54 - [MESSAGE][PASSED] - All options with index in [2] are selected on object 'Object Repository/DispensaryToCms/Page_Dispensary Store/select_--Select--Schedule 1Inj'

2018-05-22 19:35:54 - [TEST_STEP][PASSED] - selectOptionByIndex: All options with index in [8] are selected on object 'Object Repository/DispensaryToCms/Page_Dispensary Store/select_--Select--Adernaline 0.'

2018-05-22 19:35:55 - [MESSAGE][PASSED] - All options with index in [8] are selected on object 'Object Repository/DispensaryToCms/Page_Dispensary Store/select_--Select--Adernaline 0.'

2018-05-22 19:35:55 - [TEST_STEP][PASSED] - setText: Text '100' is set on object 'Object Repository/DispensaryToCms/Page_Dispensary Store/input_txttreat'

2018-05-22 19:35:55 - [MESSAGE][PASSED] - Text '100' is set on object 'Object Repository/DispensaryToCms/Page_Dispensary Store/input_txttreat'

2018-05-22 19:35:55 - [TEST_STEP][PASSED] - click: Object: 'Object Repository/DispensaryToCms/Page_Dispensary Store/button_Add' is clicked on

2018-05-22 19:35:55 - [MESSAGE][PASSED] - Object: 'Object Repository/DispensaryToCms/Page_Dispensary Store/button_Add' is clicked on

2018-05-22 19:35:55 - [TEST_STEP][PASSED] - selectOptionByIndex: All options with index in [2] are selected on object 'Object Repository/DispensaryToCms/Page_Dispensary Store/select_--Select--Schedule 1Inj'

2018-05-22 19:35:55 - [MESSAGE][PASSED] - All options with index in [2] are selected on object 'Object Repository/DispensaryToCms/Page_Dispensary Store/select_--Select--Schedule 1Inj'

2018-05-22 19:35:55 - [TEST_STEP][PASSED] - selectOptionByIndex: All options with index in [9] are selected on object 'Object Repository/DispensaryToCms/Page_Dispensary Store/select_--Select--Adernaline 0.'

2018-05-22 19:35:55 - [MESSAGE][PASSED] - All options with index in [9] are selected on object 'Object Repository/DispensaryToCms/Page_Dispensary Store/select_--Select--Adernaline 0.'

2018-05-22 19:35:55 - [TEST_STEP][PASSED] - setText: Text '100' is set on object 'Object Repository/DispensaryToCms/Page_Dispensary Store/input_txttreat'

2018-05-22 19:35:55 - [MESSAGE][PASSED] - Text '100' is set on object 'Object Repository/DispensaryToCms/Page_Dispensary Store/input_txttreat'

2018-05-22 19:35:55 - [TEST_STEP][PASSED] - click: Object: 'Object Repository/DispensaryToCms/Page_Dispensary Store/button_Add' is clicked on

2018-05-22 19:35:55 - [MESSAGE][PASSED] - Object: 'Object Repository/DispensaryToCms/Page_Dispensary Store/button_Add' is clicked on

2018-05-22 19:35:55 - [TEST_STEP][PASSED] - selectOptionByIndex: All options with index in [2] are selected on object 'Object Repository/DispensaryToCms/Page_Dispensary Store/select_--Select--Schedule 1Inj'

2018-05-22 19:35:55 - [MESSAGE][PASSED] - All options with index in [2] are selected on object 'Object Repository/DispensaryToCms/Page_Dispensary Store/select_--Select--Schedule 1Inj'

2018-05-22 19:35:55 - [TEST_STEP][PASSED] - selectOptionByIndex: All options with index in [10] are selected on object 'Object Repository/DispensaryToCms/Page_Dispensary Store/select_--Select--Adernaline 0.'

2018-05-22 19:35:56 - [MESSAGE][PASSED] - All options with index in [10] are selected on object 'Object Repository/DispensaryToCms/Page_Dispensary Store/select_--Select--Adernaline 0.'

2018-05-22 19:35:56 - [TEST_STEP][PASSED] - setText: Text '100' is set on object 'Object Repository/DispensaryToCms/Page_Dispensary Store/input_txttreat'

2018-05-22 19:35:56 - [MESSAGE][PASSED] - Text '100' is set on object 'Object Repository/DispensaryToCms/Page_Dispensary Store/input_txttreat'

2018-05-22 19:35:56 - [TEST_STEP][PASSED] - click: Object: 'Object Repository/DispensaryToCms/Page_Dispensary Store/button_Add' is clicked on

2018-05-22 19:35:56 - [MESSAGE][PASSED] - Object: 'Object Repository/DispensaryToCms/Page_Dispensary Store/button_Add' is clicked on

2018-05-22 19:35:56 - [TEST_STEP][PASSED] - selectOptionByIndex: All options with index in [2] are selected on object 'Object Repository/DispensaryToCms/Page_Dispensary Store/select_--Select--Schedule 1Inj'

2018-05-22 19:35:56 - [MESSAGE][PASSED] - All options with index in [2] are selected on object 'Object Repository/DispensaryToCms/Page_Dispensary Store/select_--Select--Schedule 1Inj'

2018-05-22 19:35:56 - [TEST_STEP][PASSED] - selectOptionByIndex: All options with index in [11] are selected on object 'Object Repository/DispensaryToCms/Page_Dispensary Store/select_--Select--Adernaline 0.'

2018-05-22 19:35:56 - [MESSAGE][PASSED] - All options with index in [11] are selected on object 'Object Repository/DispensaryToCms/Page_Dispensary Store/select_--Select--Adernaline 0.'

2018-05-22 19:35:56 - [TEST_STEP][PASSED] - setText: Text '100' is set on object 'Object Repository/DispensaryToCms/Page_Dispensary Store/input_txttreat'

2018-05-22 19:35:56 - [MESSAGE][PASSED] - Text '100' is set on object 'Object Repository/DispensaryToCms/Page_Dispensary Store/input_txttreat'

2018-05-22 19:35:56 - [TEST_STEP][PASSED] - click: Object: 'Object Repository/DispensaryToCms/Page_Dispensary Store/button_Add' is clicked on

2018-05-22 19:35:56 - [MESSAGE][PASSED] - Object: 'Object Repository/DispensaryToCms/Page_Dispensary Store/button_Add' is clicked on

2018-05-22 19:35:56 - [TEST_STEP][PASSED] - selectOptionByIndex: All options with index in [2] are selected on object 'Object Repository/DispensaryToCms/Page_Dispensary Store/select_--Select--Schedule 1Inj'

2018-05-22 19:35:56 - [MESSAGE][PASSED] - All options with index in [2] are selected on object 'Object Repository/DispensaryToCms/Page_Dispensary Store/select_--Select--Schedule 1Inj'

2018-05-22 19:35:56 - [TEST_STEP][PASSED] - selectOptionByIndex: All options with index in [12] are selected on object 'Object Repository/DispensaryToCms/Page_Dispensary Store/select_--Select--Adernaline 0.'

2018-05-22 19:35:57 - [MESSAGE][PASSED] - All options with index in [12] are selected on object 'Object Repository/DispensaryToCms/Page_Dispensary Store/select_--Select--Adernaline 0.'

2018-05-22 19:35:57 - [TEST_STEP][PASSED] - setText: Text '100' is set on object 'Object Repository/DispensaryToCms/Page_Dispensary Store/input_txttreat'

2018-05-22 19:35:57 - [MESSAGE][PASSED] - Text '100' is set on object 'Object Repository/DispensaryToCms/Page_Dispensary Store/input_txttreat'

2018-05-22 19:35:57 - [TEST_STEP][PASSED] - click: Object: 'Object Repository/DispensaryToCms/Page_Dispensary Store/button_Add' is clicked on

2018-05-22 19:35:57 - [MESSAGE][PASSED] - Object: 'Object Repository/DispensaryToCms/Page_Dispensary Store/button_Add' is clicked on

2018-05-22 19:35:57 - [TEST_STEP][PASSED] - selectOptionByIndex: All options with index in [2] are selected on object 'Object Repository/DispensaryToCms/Page_Dispensary Store/select_--Select--Schedule 1Inj'

2018-05-22 19:35:57 - [MESSAGE][PASSED] - All options with index in [2] are selected on object 'Object Repository/DispensaryToCms/Page_Dispensary Store/select_--Select--Schedule 1Inj'

2018-05-22 19:35:57 - [TEST_STEP][PASSED] - selectOptionByIndex: All options with index in [13] are selected on object 'Object Repository/DispensaryToCms/Page_Dispensary Store/select_--Select--Adernaline 0.'

2018-05-22 19:35:57 - [MESSAGE][PASSED] - All options with index in [13] are selected on object 'Object Repository/DispensaryToCms/Page_Dispensary Store/select_--Select--Adernaline 0.'

2018-05-22 19:35:57 - [TEST_STEP][PASSED] - setText: Text '100' is set on object 'Object Repository/DispensaryToCms/Page_Dispensary Store/input_txttreat'

2018-05-22 19:35:57 - [MESSAGE][PASSED] - Text '100' is set on object 'Object Repository/DispensaryToCms/Page_Dispensary Store/input_txttreat'

2018-05-22 19:35:57 - [TEST_STEP][PASSED] - click: Object: 'Object Repository/DispensaryToCms/Page_Dispensary Store/button_Add' is clicked on

2018-05-22 19:35:57 - [MESSAGE][PASSED] - Object: 'Object Repository/DispensaryToCms/Page_Dispensary Store/button_Add' is clicked on

2018-05-22 19:35:57 - [TEST_STEP][PASSED] - selectOptionByIndex: All options with index in [2] are selected on object 'Object Repository/DispensaryToCms/Page_Dispensary Store/select_--Select--Schedule 1Inj'

2018-05-22 19:35:58 - [MESSAGE][PASSED] - All options with index in [2] are selected on object 'Object Repository/DispensaryToCms/Page_Dispensary Store/select_--Select--Schedule 1Inj'

2018-05-22 19:35:58 - [TEST_STEP][PASSED] - selectOptionByIndex: All options with index in [14] are selected on object 'Object Repository/DispensaryToCms/Page_Dispensary Store/select_--Select--Adernaline 0.'

2018-05-22 19:35:58 - [MESSAGE][PASSED] - All options with index in [14] are selected on object 'Object Repository/DispensaryToCms/Page_Dispensary Store/select_--Select--Adernaline 0.'

2018-05-22 19:35:58 - [TEST_STEP][PASSED] - setText: Text '100' is set on object 'Object Repository/DispensaryToCms/Page_Dispensary Store/input_txttreat'

2018-05-22 19:35:58 - [MESSAGE][PASSED] - Text '100' is set on object 'Object Repository/DispensaryToCms/Page_Dispensary Store/input_txttreat'

2018-05-22 19:35:58 - [TEST_STEP][PASSED] - click: Object: 'Object Repository/DispensaryToCms/Page_Dispensary Store/button_Add' is clicked on

2018-05-22 19:35:58 - [MESSAGE][PASSED] - Object: 'Object Repository/DispensaryToCms/Page_Dispensary Store/button_Add' is clicked on

2018-05-22 19:35:58 - [TEST_STEP][PASSED] - selectOptionByIndex: All options with index in [2] are selected on object 'Object Repository/DispensaryToCms/Page_Dispensary Store/select_--Select--Schedule 1Inj'

2018-05-22 19:35:58 - [MESSAGE][PASSED] - All options with index in [2] are selected on object 'Object Repository/DispensaryToCms/Page_Dispensary Store/select_--Select--Schedule 1Inj'

2018-05-22 19:35:58 - [TEST_STEP][PASSED] - selectOptionByIndex: All options with index in [15] are selected on object 'Object Repository/DispensaryToCms/Page_Dispensary Store/select_--Select--Adernaline 0.'

2018-05-22 19:35:58 - [MESSAGE][PASSED] - All options with index in [15] are selected on object 'Object Repository/DispensaryToCms/Page_Dispensary Store/select_--Select--Adernaline 0.'

2018-05-22 19:35:58 - [TEST_STEP][PASSED] - setText: Text '100' is set on object 'Object Repository/DispensaryToCms/Page_Dispensary Store/input_txttreat'

2018-05-22 19:35:58 - [MESSAGE][PASSED] - Text '100' is set on object 'Object Repository/DispensaryToCms/Page_Dispensary Store/input_txttreat'

2018-05-22 19:35:58 - [TEST_STEP][PASSED] - click: Object: 'Object Repository/DispensaryToCms/Page_Dispensary Store/button_Add' is clicked on

2018-05-22 19:35:59 - [MESSAGE][PASSED] - Object: 'Object Repository/DispensaryToCms/Page_Dispensary Store/button_Add' is clicked on

2018-05-22 19:35:59 - [TEST_STEP][PASSED] - selectOptionByIndex: All options with index in [2] are selected on object 'Object Repository/DispensaryToCms/Page_Dispensary Store/select_--Select--Schedule 1Inj'

2018-05-22 19:35:59 - [MESSAGE][PASSED] - All options with index in [2] are selected on object 'Object Repository/DispensaryToCms/Page_Dispensary Store/select_--Select--Schedule 1Inj'

2018-05-22 19:35:59 - [TEST_STEP][PASSED] - selectOptionByIndex: All options with index in [16] are selected on object 'Object Repository/DispensaryToCms/Page_Dispensary Store/select_--Select--Adernaline 0.'

2018-05-22 19:35:59 - [MESSAGE][PASSED] - All options with index in [16] are selected on object 'Object Repository/DispensaryToCms/Page_Dispensary Store/select_--Select--Adernaline 0.'

2018-05-22 19:35:59 - [TEST_STEP][PASSED] - setText: Text '100' is set on object 'Object Repository/DispensaryToCms/Page_Dispensary Store/input_txttreat'

2018-05-22 19:35:59 - [MESSAGE][PASSED] - Text '100' is set on object 'Object Repository/DispensaryToCms/Page_Dispensary Store/input_txttreat'

2018-05-22 19:35:59 - [TEST_STEP][PASSED] - click: Object: 'Object Repository/DispensaryToCms/Page_Dispensary Store/button_Add' is clicked on

2018-05-22 19:35:59 - [MESSAGE][PASSED] - Object: 'Object Repository/DispensaryToCms/Page_Dispensary Store/button_Add' is clicked on

2018-05-22 19:35:59 - [TEST_STEP][PASSED] - selectOptionByIndex: All options with index in [2] are selected on object 'Object Repository/DispensaryToCms/Page_Dispensary Store/select_--Select--Schedule 1Inj'

2018-05-22 19:35:59 - [MESSAGE][PASSED] - All options with index in [2] are selected on object 'Object Repository/DispensaryToCms/Page_Dispensary Store/select_--Select--Schedule 1Inj'

2018-05-22 19:35:59 - [TEST_STEP][PASSED] - selectOptionByIndex: All options with index in [17] are selected on object 'Object Repository/DispensaryToCms/Page_Dispensary Store/select_--Select--Adernaline 0.'

2018-05-22 19:36:00 - [MESSAGE][PASSED] - All options with index in [17] are selected on object 'Object Repository/DispensaryToCms/Page_Dispensary Store/select_--Select--Adernaline 0.'

2018-05-22 19:36:00 - [TEST_STEP][PASSED] - setText: Text '100' is set on object 'Object Repository/DispensaryToCms/Page_Dispensary Store/input_txttreat'

2018-05-22 19:36:00 - [MESSAGE][PASSED] - Text '100' is set on object 'Object Repository/DispensaryToCms/Page_Dispensary Store/input_txttreat'

2018-05-22 19:36:00 - [TEST_STEP][PASSED] - click: Object: 'Object Repository/DispensaryToCms/Page_Dispensary Store/button_Add' is clicked on

2018-05-22 19:36:00 - [MESSAGE][PASSED] - Object: 'Object Repository/DispensaryToCms/Page_Dispensary Store/button_Add' is clicked on

2018-05-22 19:36:00 - [TEST_STEP][PASSED] - selectOptionByIndex: All options with index in [2] are selected on object 'Object Repository/DispensaryToCms/Page_Dispensary Store/select_--Select--Schedule 1Inj'

2018-05-22 19:36:00 - [MESSAGE][PASSED] - All options with index in [2] are selected on object 'Object Repository/DispensaryToCms/Page_Dispensary Store/select_--Select--Schedule 1Inj'

2018-05-22 19:36:00 - [TEST_STEP][PASSED] - selectOptionByIndex: All options with index in [18] are selected on object 'Object Repository/DispensaryToCms/Page_Dispensary Store/select_--Select--Adernaline 0.'

2018-05-22 19:36:00 - [MESSAGE][PASSED] - All options with index in [18] are selected on object 'Object Repository/DispensaryToCms/Page_Dispensary Store/select_--Select--Adernaline 0.'

2018-05-22 19:36:00 - [TEST_STEP][PASSED] - setText: Text '100' is set on object 'Object Repository/DispensaryToCms/Page_Dispensary Store/input_txttreat'

2018-05-22 19:36:00 - [MESSAGE][PASSED] - Text '100' is set on object 'Object Repository/DispensaryToCms/Page_Dispensary Store/input_txttreat'

2018-05-22 19:36:00 - [TEST_STEP][PASSED] - click: Object: 'Object Repository/DispensaryToCms/Page_Dispensary Store/button_Add' is clicked on

2018-05-22 19:36:00 - [MESSAGE][PASSED] - Object: 'Object Repository/DispensaryToCms/Page_Dispensary Store/button_Add' is clicked on

2018-05-22 19:36:00 - [TEST_STEP][PASSED] - selectOptionByIndex: All options with index in [2] are selected on object 'Object Repository/DispensaryToCms/Page_Dispensary Store/select_--Select--Schedule 1Inj'

2018-05-22 19:36:00 - [MESSAGE][PASSED] - All options with index in [2] are selected on object 'Object Repository/DispensaryToCms/Page_Dispensary Store/select_--Select--Schedule 1Inj'

2018-05-22 19:36:00 - [TEST_STEP][PASSED] - selectOptionByIndex: All options with index in [19] are selected on object 'Object Repository/DispensaryToCms/Page_Dispensary Store/select_--Select--Adernaline 0.'

2018-05-22 19:36:01 - [MESSAGE][PASSED] - All options with index in [19] are selected on object 'Object Repository/DispensaryToCms/Page_Dispensary Store/select_--Select--Adernaline 0.'

2018-05-22 19:36:01 - [TEST_STEP][PASSED] - setText: Text '100' is set on object 'Object Repository/DispensaryToCms/Page_Dispensary Store/input_txttreat'

2018-05-22 19:36:01 - [MESSAGE][PASSED] - Text '100' is set on object 'Object Repository/DispensaryToCms/Page_Dispensary Store/input_txttreat'

2018-05-22 19:36:01 - [TEST_STEP][PASSED] - click: Object: 'Object Repository/DispensaryToCms/Page_Dispensary Store/button_Add' is clicked on

2018-05-22 19:36:01 - [MESSAGE][PASSED] - Object: 'Object Repository/DispensaryToCms/Page_Dispensary Store/button_Add' is clicked on

2018-05-22 19:36:01 - [TEST_STEP][PASSED] - selectOptionByIndex: All options with index in [2] are selected on object 'Object Repository/DispensaryToCms/Page_Dispensary Store/select_--Select--Schedule 1Inj'

2018-05-22 19:36:01 - [MESSAGE][PASSED] - All options with index in [2] are selected on object 'Object Repository/DispensaryToCms/Page_Dispensary Store/select_--Select--Schedule 1Inj'

2018-05-22 19:36:01 - [TEST_STEP][PASSED] - selectOptionByIndex: All options with index in [20] are selected on object 'Object Repository/DispensaryToCms/Page_Dispensary Store/select_--Select--Adernaline 0.'

2018-05-22 19:36:01 - [MESSAGE][PASSED] - All options with index in [20] are selected on object 'Object Repository/DispensaryToCms/Page_Dispensary Store/select_--Select--Adernaline 0.'

2018-05-22 19:36:01 - [TEST_STEP][PASSED] - setText: Text '100' is set on object 'Object Repository/DispensaryToCms/Page_Dispensary Store/input_txttreat'

2018-05-22 19:36:02 - [MESSAGE][PASSED] - Text '100' is set on object 'Object Repository/DispensaryToCms/Page_Dispensary Store/input_txttreat'

2018-05-22 19:36:02 - [TEST_STEP][PASSED] - click: Object: 'Object Repository/DispensaryToCms/Page_Dispensary Store/button_Add' is clicked on

2018-05-22 19:36:02 - [MESSAGE][PASSED] - Object: 'Object Repository/DispensaryToCms/Page_Dispensary Store/button_Add' is clicked on

2018-05-22 19:36:02 - [TEST_STEP][PASSED] - selectOptionByIndex: All options with index in [2] are selected on object 'Object Repository/DispensaryToCms/Page_Dispensary Store/select_--Select--Schedule 1Inj'

2018-05-22 19:36:02 - [MESSAGE][PASSED] - All options with index in [2] are selected on object 'Object Repository/DispensaryToCms/Page_Dispensary Store/select_--Select--Schedule 1Inj'

2018-05-22 19:36:02 - [TEST_STEP][PASSED] - selectOptionByIndex: All options with index in [21] are selected on object 'Object Repository/DispensaryToCms/Page_Dispensary Store/select_--Select--Adernaline 0.'

2018-05-22 19:36:02 - [MESSAGE][PASSED] - All options with index in [21] are selected on object 'Object Repository/DispensaryToCms/Page_Dispensary Store/select_--Select--Adernaline 0.'

2018-05-22 19:36:02 - [TEST_STEP][PASSED] - setText: Text '100' is set on object 'Object Repository/DispensaryToCms/Page_Dispensary Store/input_txttreat'

2018-05-22 19:36:02 - [MESSAGE][PASSED] - Text '100' is set on object 'Object Repository/DispensaryToCms/Page_Dispensary Store/input_txttreat'

2018-05-22 19:36:02 - [TEST_STEP][PASSED] - click: Object: 'Object Repository/DispensaryToCms/Page_Dispensary Store/button_Add' is clicked on

2018-05-22 19:36:02 - [MESSAGE][PASSED] - Object: 'Object Repository/DispensaryToCms/Page_Dispensary Store/button_Add' is clicked on

2018-05-22 19:36:02 - [TEST_STEP][PASSED] - selectOptionByIndex: All options with index in [2] are selected on object 'Object Repository/DispensaryToCms/Page_Dispensary Store/select_--Select--Schedule 1Inj'

2018-05-22 19:36:02 - [MESSAGE][PASSED] - All options with index in [2] are selected on object 'Object Repository/DispensaryToCms/Page_Dispensary Store/select_--Select--Schedule 1Inj'

2018-05-22 19:36:02 - [TEST_STEP][PASSED] - selectOptionByIndex: All options with index in [22] are selected on object 'Object Repository/DispensaryToCms/Page_Dispensary Store/select_--Select--Adernaline 0.'

2018-05-22 19:36:03 - [MESSAGE][PASSED] - All options with index in [22] are selected on object 'Object Repository/DispensaryToCms/Page_Dispensary Store/select_--Select--Adernaline 0.'

2018-05-22 19:36:03 - [TEST_STEP][PASSED] - setText: Text '100' is set on object 'Object Repository/DispensaryToCms/Page_Dispensary Store/input_txttreat'

2018-05-22 19:36:03 - [MESSAGE][PASSED] - Text '100' is set on object 'Object Repository/DispensaryToCms/Page_Dispensary Store/input_txttreat'

2018-05-22 19:36:03 - [TEST_STEP][PASSED] - click: Object: 'Object Repository/DispensaryToCms/Page_Dispensary Store/button_Add' is clicked on

2018-05-22 19:36:03 - [MESSAGE][PASSED] - Object: 'Object Repository/DispensaryToCms/Page_Dispensary Store/button_Add' is clicked on

2018-05-22 19:36:03 - [TEST_STEP][PASSED] - selectOptionByIndex: All options with index in [2] are selected on object 'Object Repository/DispensaryToCms/Page_Dispensary Store/select_--Select--Schedule 1Inj'

2018-05-22 19:36:03 - [MESSAGE][PASSED] - All options with index in [2] are selected on object 'Object Repository/DispensaryToCms/Page_Dispensary Store/select_--Select--Schedule 1Inj'

2018-05-22 19:36:03 - [TEST_STEP][PASSED] - selectOptionByIndex: All options with index in [23] are selected on object 'Object Repository/DispensaryToCms/Page_Dispensary Store/select_--Select--Adernaline 0.'

2018-05-22 19:36:03 - [MESSAGE][PASSED] - All options with index in [23] are selected on object 'Object Repository/DispensaryToCms/Page_Dispensary Store/select_--Select--Adernaline 0.'

2018-05-22 19:36:03 - [TEST_STEP][PASSED] - setText: Text '100' is set on object 'Object Repository/DispensaryToCms/Page_Dispensary Store/input_txttreat'

2018-05-22 19:36:03 - [MESSAGE][PASSED] - Text '100' is set on object 'Object Repository/DispensaryToCms/Page_Dispensary Store/input_txttreat'

2018-05-22 19:36:03 - [TEST_STEP][PASSED] - click: Object: 'Object Repository/DispensaryToCms/Page_Dispensary Store/button_Add' is clicked on

2018-05-22 19:36:04 - [MESSAGE][PASSED] - Object: 'Object Repository/DispensaryToCms/Page_Dispensary Store/button_Add' is clicked on

2018-05-22 19:36:04 - [TEST_STEP][PASSED] - selectOptionByIndex: All options with index in [2] are selected on object 'Object Repository/DispensaryToCms/Page_Dispensary Store/select_--Select--Schedule 1Inj'

2018-05-22 19:36:04 - [MESSAGE][PASSED] - All options with index in [2] are selected on object 'Object Repository/DispensaryToCms/Page_Dispensary Store/select_--Select--Schedule 1Inj'

2018-05-22 19:36:04 - [TEST_STEP][PASSED] - selectOptionByIndex: All options with index in [24] are selected on object 'Object Repository/DispensaryToCms/Page_Dispensary Store/select_--Select--Adernaline 0.'

2018-05-22 19:36:04 - [MESSAGE][PASSED] - All options with index in [24] are selected on object 'Object Repository/DispensaryToCms/Page_Dispensary Store/select_--Select--Adernaline 0.'

2018-05-22 19:36:04 - [TEST_STEP][PASSED] - setText: Text '100' is set on object 'Object Repository/DispensaryToCms/Page_Dispensary Store/input_txttreat'

2018-05-22 19:36:04 - [MESSAGE][PASSED] - Text '100' is set on object 'Object Repository/DispensaryToCms/Page_Dispensary Store/input_txttreat'

2018-05-22 19:36:04 - [TEST_STEP][PASSED] - click: Object: 'Object Repository/DispensaryToCms/Page_Dispensary Store/button_Add' is clicked on

2018-05-22 19:36:04 - [MESSAGE][PASSED] - Object: 'Object Repository/DispensaryToCms/Page_Dispensary Store/button_Add' is clicked on

2018-05-22 19:36:04 - [TEST_STEP][PASSED] - selectOptionByIndex: All options with index in [2] are selected on object 'Object Repository/DispensaryToCms/Page_Dispensary Store/select_--Select--Schedule 1Inj'

2018-05-22 19:36:04 - [MESSAGE][PASSED] - All options with index in [2] are selected on object 'Object Repository/DispensaryToCms/Page_Dispensary Store/select_--Select--Schedule 1Inj'

2018-05-22 19:36:04 - [TEST_STEP][PASSED] - selectOptionByIndex: All options with index in [25] are selected on object 'Object Repository/DispensaryToCms/Page_Dispensary Store/select_--Select--Adernaline 0.'

2018-05-22 19:36:05 - [MESSAGE][PASSED] - All options with index in [25] are selected on object 'Object Repository/DispensaryToCms/Page_Dispensary Store/select_--Select--Adernaline 0.'

2018-05-22 19:36:05 - [TEST_STEP][PASSED] - setText: Text '100' is set on object 'Object Repository/DispensaryToCms/Page_Dispensary Store/input_txttreat'

2018-05-22 19:36:05 - [MESSAGE][PASSED] - Text '100' is set on object 'Object Repository/DispensaryToCms/Page_Dispensary Store/input_txttreat'

2018-05-22 19:36:05 - [TEST_STEP][PASSED] - click: Object: 'Object Repository/DispensaryToCms/Page_Dispensary Store/button_Add' is clicked on

2018-05-22 19:36:05 - [MESSAGE][PASSED] - Object: 'Object Repository/DispensaryToCms/Page_Dispensary Store/button_Add' is clicked on

2018-05-22 19:36:05 - [TEST_STEP][PASSED] - selectOptionByIndex: All options with index in [2] are selected on object 'Object Repository/DispensaryToCms/Page_Dispensary Store/select_--Select--Schedule 1Inj'

2018-05-22 19:36:05 - [MESSAGE][PASSED] - All options with index in [2] are selected on object 'Object Repository/DispensaryToCms/Page_Dispensary Store/select_--Select--Schedule 1Inj'

2018-05-22 19:36:05 - [TEST_STEP][PASSED] - selectOptionByIndex: All options with index in [26] are selected on object 'Object Repository/DispensaryToCms/Page_Dispensary Store/select_--Select--Adernaline 0.'

2018-05-22 19:36:05 - [MESSAGE][PASSED] - All options with index in [26] are selected on object 'Object Repository/DispensaryToCms/Page_Dispensary Store/select_--Select--Adernaline 0.'

2018-05-22 19:36:05 - [TEST_STEP][PASSED] - setText: Text '100' is set on object 'Object Repository/DispensaryToCms/Page_Dispensary Store/input_txttreat'

2018-05-22 19:36:06 - [MESSAGE][PASSED] - Text '100' is set on object 'Object Repository/DispensaryToCms/Page_Dispensary Store/input_txttreat'

2018-05-22 19:36:06 - [TEST_STEP][PASSED] - click: Object: 'Object Repository/DispensaryToCms/Page_Dispensary Store/button_Add' is clicked on

2018-05-22 19:36:06 - [MESSAGE][PASSED] - Object: 'Object Repository/DispensaryToCms/Page_Dispensary Store/button_Add' is clicked on

2018-05-22 19:36:06 - [TEST_STEP][PASSED] - selectOptionByIndex: All options with index in [2] are selected on object 'Object Repository/DispensaryToCms/Page_Dispensary Store/select_--Select--Schedule 1Inj'

2018-05-22 19:36:06 - [MESSAGE][PASSED] - All options with index in [2] are selected on object 'Object Repository/DispensaryToCms/Page_Dispensary Store/select_--Select--Schedule 1Inj'

2018-05-22 19:36:06 - [TEST_STEP][PASSED] - selectOptionByIndex: All options with index in [27] are selected on object 'Object Repository/DispensaryToCms/Page_Dispensary Store/select_--Select--Adernaline 0.'

2018-05-22 19:36:06 - [MESSAGE][PASSED] - All options with index in [27] are selected on object 'Object Repository/DispensaryToCms/Page_Dispensary Store/select_--Select--Adernaline 0.'

2018-05-22 19:36:06 - [TEST_STEP][PASSED] - setText: Text '100' is set on object 'Object Repository/DispensaryToCms/Page_Dispensary Store/input_txttreat'

2018-05-22 19:36:06 - [MESSAGE][PASSED] - Text '100' is set on object 'Object Repository/DispensaryToCms/Page_Dispensary Store/input_txttreat'

2018-05-22 19:36:06 - [TEST_STEP][PASSED] - click: Object: 'Object Repository/DispensaryToCms/Page_Dispensary Store/button_Add' is clicked on

2018-05-22 19:36:06 - [MESSAGE][PASSED] - Object: 'Object Repository/DispensaryToCms/Page_Dispensary Store/button_Add' is clicked on

2018-05-22 19:36:06 - [TEST_STEP][PASSED] - selectOptionByIndex: All options with index in [2] are selected on object 'Object Repository/DispensaryToCms/Page_Dispensary Store/select_--Select--Schedule 1Inj'

2018-05-22 19:36:07 - [MESSAGE][PASSED] - All options with index in [2] are selected on object 'Object Repository/DispensaryToCms/Page_Dispensary Store/select_--Select--Schedule 1Inj'

2018-05-22 19:36:07 - [TEST_STEP][PASSED] - selectOptionByIndex: All options with index in [28] are selected on object 'Object Repository/DispensaryToCms/Page_Dispensary Store/select_--Select--Adernaline 0.'

2018-05-22 19:36:07 - [MESSAGE][PASSED] - All options with index in [28] are selected on object 'Object Repository/DispensaryToCms/Page_Dispensary Store/select_--Select--Adernaline 0.'

2018-05-22 19:36:07 - [TEST_STEP][PASSED] - setText: Text '100' is set on object 'Object Repository/DispensaryToCms/Page_Dispensary Store/input_txttreat'

2018-05-22 19:36:07 - [MESSAGE][PASSED] - Text '100' is set on object 'Object Repository/DispensaryToCms/Page_Dispensary Store/input_txttreat'

2018-05-22 19:36:07 - [TEST_STEP][PASSED] - click: Object: 'Object Repository/DispensaryToCms/Page_Dispensary Store/button_Add' is clicked on

2018-05-22 19:36:07 - [MESSAGE][PASSED] - Object: 'Object Repository/DispensaryToCms/Page_Dispensary Store/button_Add' is clicked on

2018-05-22 19:36:07 - [TEST_STEP][PASSED] - selectOptionByIndex: All options with index in [2] are selected on object 'Object Repository/DispensaryToCms/Page_Dispensary Store/select_--Select--Schedule 1Inj'

2018-05-22 19:36:07 - [MESSAGE][PASSED] - All options with index in [2] are selected on object 'Object Repository/DispensaryToCms/Page_Dispensary Store/select_--Select--Schedule 1Inj'

2018-05-22 19:36:07 - [TEST_STEP][PASSED] - selectOptionByIndex: All options with index in [29] are selected on object 'Object Repository/DispensaryToCms/Page_Dispensary Store/select_--Select--Adernaline 0.'

2018-05-22 19:36:08 - [MESSAGE][PASSED] - All options with index in [29] are selected on object 'Object Repository/DispensaryToCms/Page_Dispensary Store/select_--Select--Adernaline 0.'

2018-05-22 19:36:08 - [TEST_STEP][PASSED] - setText: Text '100' is set on object 'Object Repository/DispensaryToCms/Page_Dispensary Store/input_txttreat'

2018-05-22 19:36:08 - [MESSAGE][PASSED] - Text '100' is set on object 'Object Repository/DispensaryToCms/Page_Dispensary Store/input_txttreat'

2018-05-22 19:36:08 - [TEST_STEP][PASSED] - click: Object: 'Object Repository/DispensaryToCms/Page_Dispensary Store/button_Add' is clicked on

2018-05-22 19:36:08 - [MESSAGE][PASSED] - Object: 'Object Repository/DispensaryToCms/Page_Dispensary Store/button_Add' is clicked on

2018-05-22 19:36:08 - [TEST_STEP][PASSED] - selectOptionByIndex: All options with index in [2] are selected on object 'Object Repository/DispensaryToCms/Page_Dispensary Store/select_--Select--Schedule 1Inj'

2018-05-22 19:36:08 - [MESSAGE][PASSED] - All options with index in [2] are selected on object 'Object Repository/DispensaryToCms/Page_Dispensary Store/select_--Select--Schedule 1Inj'

2018-05-22 19:36:08 - [TEST_STEP][PASSED] - selectOptionByIndex: All options with index in [30] are selected on object 'Object Repository/DispensaryToCms/Page_Dispensary Store/select_--Select--Adernaline 0.'

2018-05-22 19:36:09 - [MESSAGE][PASSED] - All options with index in [30] are selected on object 'Object Repository/DispensaryToCms/Page_Dispensary Store/select_--Select--Adernaline 0.'

2018-05-22 19:36:09 - [TEST_STEP][PASSED] - setText: Text '100' is set on object 'Object Repository/DispensaryToCms/Page_Dispensary Store/input_txttreat'

2018-05-22 19:36:09 - [MESSAGE][PASSED] - Text '100' is set on object 'Object Repository/DispensaryToCms/Page_Dispensary Store/input_txttreat'

2018-05-22 19:36:09 - [TEST_STEP][PASSED] - click: Object: 'Object Repository/DispensaryToCms/Page_Dispensary Store/button_Add' is clicked on

2018-05-22 19:36:09 - [MESSAGE][PASSED] - Object: 'Object Repository/DispensaryToCms/Page_Dispensary Store/button_Add' is clicked on

2018-05-22 19:36:09 - [TEST_STEP][PASSED] - selectOptionByIndex: All options with index in [2] are selected on object 'Object Repository/DispensaryToCms/Page_Dispensary Store/select_--Select--Schedule 1Inj'

2018-05-22 19:36:09 - [MESSAGE][PASSED] - All options with index in [2] are selected on object 'Object Repository/DispensaryToCms/Page_Dispensary Store/select_--Select--Schedule 1Inj'

2018-05-22 19:36:09 - [TEST_STEP][PASSED] - selectOptionByIndex: All options with index in [31] are selected on object 'Object Repository/DispensaryToCms/Page_Dispensary Store/select_--Select--Adernaline 0.'

2018-05-22 19:36:09 - [MESSAGE][PASSED] - All options with index in [31] are selected on object 'Object Repository/DispensaryToCms/Page_Dispensary Store/select_--Select--Adernaline 0.'

2018-05-22 19:36:09 - [TEST_STEP][PASSED] - setText: Text '100' is set on object 'Object Repository/DispensaryToCms/Page_Dispensary Store/input_txttreat'

2018-05-22 19:36:09 - [MESSAGE][PASSED] - Text '100' is set on object 'Object Repository/DispensaryToCms/Page_Dispensary Store/input_txttreat'

2018-05-22 19:36:09 - [TEST_STEP][PASSED] - click: Object: 'Object Repository/DispensaryToCms/Page_Dispensary Store/button_Add' is clicked on

2018-05-22 19:36:10 - [MESSAGE][PASSED] - Object: 'Object Repository/DispensaryToCms/Page_Dispensary Store/button_Add' is clicked on

2018-05-22 19:36:10 - [TEST_STEP][PASSED] - selectOptionByIndex: All options with index in [2] are selected on object 'Object Repository/DispensaryToCms/Page_Dispensary Store/select_--Select--Schedule 1Inj'

2018-05-22 19:36:10 - [MESSAGE][PASSED] - All options with index in [2] are selected on object 'Object Repository/DispensaryToCms/Page_Dispensary Store/select_--Select--Schedule 1Inj'

2018-05-22 19:36:10 - [TEST_STEP][PASSED] - selectOptionByIndex: All options with index in [32] are selected on object 'Object Repository/DispensaryToCms/Page_Dispensary Store/select_--Select--Adernaline 0.'

2018-05-22 19:36:10 - [MESSAGE][PASSED] - All options with index in [32] are selected on object 'Object Repository/DispensaryToCms/Page_Dispensary Store/select_--Select--Adernaline 0.'

2018-05-22 19:36:10 - [TEST_STEP][PASSED] - setText: Text '100' is set on object 'Object Repository/DispensaryToCms/Page_Dispensary Store/input_txttreat'

2018-05-22 19:36:10 - [MESSAGE][PASSED] - Text '100' is set on object 'Object Repository/DispensaryToCms/Page_Dispensary Store/input_txttreat'

2018-05-22 19:36:10 - [TEST_STEP][PASSED] - click: Object: 'Object Repository/DispensaryToCms/Page_Dispensary Store/button_Add' is clicked on

2018-05-22 19:36:10 - [MESSAGE][PASSED] - Object: 'Object Repository/DispensaryToCms/Page_Dispensary Store/button_Add' is clicked on

2018-05-22 19:36:10 - [TEST_STEP][PASSED] - selectOptionByIndex: All options with index in [2] are selected on object 'Object Repository/DispensaryToCms/Page_Dispensary Store/select_--Select--Schedule 1Inj'

2018-05-22 19:36:10 - [MESSAGE][PASSED] - All options with index in [2] are selected on object 'Object Repository/DispensaryToCms/Page_Dispensary Store/select_--Select--Schedule 1Inj'

2018-05-22 19:36:10 - [TEST_STEP][PASSED] - selectOptionByIndex: All options with index in [33] are selected on object 'Object Repository/DispensaryToCms/Page_Dispensary Store/select_--Select--Adernaline 0.'

2018-05-22 19:36:11 - [MESSAGE][PASSED] - All options with index in [33] are selected on object 'Object Repository/DispensaryToCms/Page_Dispensary Store/select_--Select--Adernaline 0.'

2018-05-22 19:36:11 - [TEST_STEP][PASSED] - setText: Text '100' is set on object 'Object Repository/DispensaryToCms/Page_Dispensary Store/input_txttreat'

2018-05-22 19:36:11 - [MESSAGE][PASSED] - Text '100' is set on object 'Object Repository/DispensaryToCms/Page_Dispensary Store/input_txttreat'

2018-05-22 19:36:11 - [TEST_STEP][PASSED] - click: Object: 'Object Repository/DispensaryToCms/Page_Dispensary Store/button_Add' is clicked on

2018-05-22 19:36:11 - [MESSAGE][PASSED] - Object: 'Object Repository/DispensaryToCms/Page_Dispensary Store/button_Add' is clicked on

2018-05-22 19:36:11 - [TEST_STEP][PASSED] - selectOptionByIndex: All options with index in [2] are selected on object 'Object Repository/DispensaryToCms/Page_Dispensary Store/select_--Select--Schedule 1Inj'

2018-05-22 19:36:11 - [MESSAGE][PASSED] - All options with index in [2] are selected on object 'Object Repository/DispensaryToCms/Page_Dispensary Store/select_--Select--Schedule 1Inj'

2018-05-22 19:36:11 - [TEST_STEP][PASSED] - selectOptionByIndex: All options with index in [34] are selected on object 'Object Repository/DispensaryToCms/Page_Dispensary Store/select_--Select--Adernaline 0.'

2018-05-22 19:36:12 - [MESSAGE][PASSED] - All options with index in [34] are selected on object 'Object Repository/DispensaryToCms/Page_Dispensary Store/select_--Select--Adernaline 0.'

2018-05-22 19:36:12 - [TEST_STEP][PASSED] - setText: Text '100' is set on object 'Object Repository/DispensaryToCms/Page_Dispensary Store/input_txttreat'

2018-05-22 19:36:12 - [MESSAGE][PASSED] - Text '100' is set on object 'Object Repository/DispensaryToCms/Page_Dispensary Store/input_txttreat'

2018-05-22 19:36:12 - [TEST_STEP][PASSED] - click: Object: 'Object Repository/DispensaryToCms/Page_Dispensary Store/button_Add' is clicked on

2018-05-22 19:36:12 - [MESSAGE][PASSED] - Object: 'Object Repository/DispensaryToCms/Page_Dispensary Store/button_Add' is clicked on

2018-05-22 19:36:12 - [TEST_STEP][PASSED] - selectOptionByIndex: All options with index in [2] are selected on object 'Object Repository/DispensaryToCms/Page_Dispensary Store/select_--Select--Schedule 1Inj'

2018-05-22 19:36:12 - [MESSAGE][PASSED] - All options with index in [2] are selected on object 'Object Repository/DispensaryToCms/Page_Dispensary Store/select_--Select--Schedule 1Inj'

2018-05-22 19:36:12 - [TEST_STEP][PASSED] - selectOptionByIndex: All options with index in [35] are selected on object 'Object Repository/DispensaryToCms/Page_Dispensary Store/select_--Select--Adernaline 0.'

2018-05-22 19:36:13 - [MESSAGE][PASSED] - All options with index in [35] are selected on object 'Object Repository/DispensaryToCms/Page_Dispensary Store/select_--Select--Adernaline 0.'

2018-05-22 19:36:13 - [TEST_STEP][PASSED] - setText: Text '100' is set on object 'Object Repository/DispensaryToCms/Page_Dispensary Store/input_txttreat'

2018-05-22 19:36:13 - [MESSAGE][PASSED] - Text '100' is set on object 'Object Repository/DispensaryToCms/Page_Dispensary Store/input_txttreat'

2018-05-22 19:36:13 - [TEST_STEP][PASSED] - click: Object: 'Object Repository/DispensaryToCms/Page_Dispensary Store/button_Add' is clicked on

2018-05-22 19:36:13 - [MESSAGE][PASSED] - Object: 'Object Repository/DispensaryToCms/Page_Dispensary Store/button_Add' is clicked on

2018-05-22 19:36:13 - [TEST_STEP][PASSED] - selectOptionByIndex: All options with index in [2] are selected on object 'Object Repository/DispensaryToCms/Page_Dispensary Store/select_--Select--Schedule 1Inj'

2018-05-22 19:36:13 - [MESSAGE][PASSED] - All options with index in [2] are selected on object 'Object Repository/DispensaryToCms/Page_Dispensary Store/select_--Select--Schedule 1Inj'

2018-05-22 19:36:13 - [TEST_STEP][PASSED] - selectOptionByIndex: All options with index in [36] are selected on object 'Object Repository/DispensaryToCms/Page_Dispensary Store/select_--Select--Adernaline 0.'

2018-05-22 19:36:13 - [MESSAGE][PASSED] - All options with index in [36] are selected on object 'Object Repository/DispensaryToCms/Page_Dispensary Store/select_--Select--Adernaline 0.'

2018-05-22 19:36:13 - [TEST_STEP][PASSED] - setText: Text '100' is set on object 'Object Repository/DispensaryToCms/Page_Dispensary Store/input_txttreat'

2018-05-22 19:36:13 - [MESSAGE][PASSED] - Text '100' is set on object 'Object Repository/DispensaryToCms/Page_Dispensary Store/input_txttreat'

2018-05-22 19:36:13 - [TEST_STEP][PASSED] - click: Object: 'Object Repository/DispensaryToCms/Page_Dispensary Store/button_Add' is clicked on

2018-05-22 19:36:13 - [MESSAGE][PASSED] - Object: 'Object Repository/DispensaryToCms/Page_Dispensary Store/button_Add' is clicked on

2018-05-22 19:36:13 - [TEST_STEP][PASSED] - selectOptionByIndex: All options with index in [2] are selected on object 'Object Repository/DispensaryToCms/Page_Dispensary Store/select_--Select--Schedule 1Inj'

2018-05-22 19:36:14 - [MESSAGE][PASSED] - All options with index in [2] are selected on object 'Object Repository/DispensaryToCms/Page_Dispensary Store/select_--Select--Schedule 1Inj'

2018-05-22 19:36:14 - [TEST_STEP][PASSED] - selectOptionByIndex: All options with index in [37] are selected on object 'Object Repository/DispensaryToCms/Page_Dispensary Store/select_--Select--Adernaline 0.'

2018-05-22 19:36:14 - [MESSAGE][PASSED] - All options with index in [37] are selected on object 'Object Repository/DispensaryToCms/Page_Dispensary Store/select_--Select--Adernaline 0.'

2018-05-22 19:36:14 - [TEST_STEP][PASSED] - setText: Text '100' is set on object 'Object Repository/DispensaryToCms/Page_Dispensary Store/input_txttreat'

2018-05-22 19:36:14 - [MESSAGE][PASSED] - Text '100' is set on object 'Object Repository/DispensaryToCms/Page_Dispensary Store/input_txttreat'

2018-05-22 19:36:14 - [TEST_STEP][PASSED] - click: Object: 'Object Repository/DispensaryToCms/Page_Dispensary Store/button_Add' is clicked on

2018-05-22 19:36:14 - [MESSAGE][PASSED] - Object: 'Object Repository/DispensaryToCms/Page_Dispensary Store/button_Add' is clicked on

2018-05-22 19:36:14 - [TEST_STEP][PASSED] - selectOptionByIndex: All options with index in [2] are selected on object 'Object Repository/DispensaryToCms/Page_Dispensary Store/select_--Select--Schedule 1Inj'

2018-05-22 19:36:14 - [MESSAGE][PASSED] - All options with index in [2] are selected on object 'Object Repository/DispensaryToCms/Page_Dispensary Store/select_--Select--Schedule 1Inj'

2018-05-22 19:36:14 - [TEST_STEP][PASSED] - selectOptionByIndex: All options with index in [38] are selected on object 'Object Repository/DispensaryToCms/Page_Dispensary Store/select_--Select--Adernaline 0.'

2018-05-22 19:36:15 - [MESSAGE][PASSED] - All options with index in [38] are selected on object 'Object Repository/DispensaryToCms/Page_Dispensary Store/select_--Select--Adernaline 0.'

2018-05-22 19:36:15 - [TEST_STEP][PASSED] - setText: Text '100' is set on object 'Object Repository/DispensaryToCms/Page_Dispensary Store/input_txttreat'

2018-05-22 19:36:15 - [MESSAGE][PASSED] - Text '100' is set on object 'Object Repository/DispensaryToCms/Page_Dispensary Store/input_txttreat'

2018-05-22 19:36:15 - [TEST_STEP][PASSED] - click: Object: 'Object Repository/DispensaryToCms/Page_Dispensary Store/button_Add' is clicked on

2018-05-22 19:36:15 - [MESSAGE][PASSED] - Object: 'Object Repository/DispensaryToCms/Page_Dispensary Store/button_Add' is clicked on

2018-05-22 19:36:15 - [TEST_STEP][PASSED] - selectOptionByIndex: All options with index in [2] are selected on object 'Object Repository/DispensaryToCms/Page_Dispensary Store/select_--Select--Schedule 1Inj'

2018-05-22 19:36:15 - [MESSAGE][PASSED] - All options with index in [2] are selected on object 'Object Repository/DispensaryToCms/Page_Dispensary Store/select_--Select--Schedule 1Inj'

2018-05-22 19:36:15 - [TEST_STEP][PASSED] - selectOptionByIndex: All options with index in [39] are selected on object 'Object Repository/DispensaryToCms/Page_Dispensary Store/select_--Select--Adernaline 0.'

2018-05-22 19:36:16 - [MESSAGE][PASSED] - All options with index in [39] are selected on object 'Object Repository/DispensaryToCms/Page_Dispensary Store/select_--Select--Adernaline 0.'

2018-05-22 19:36:16 - [TEST_STEP][PASSED] - setText: Text '100' is set on object 'Object Repository/DispensaryToCms/Page_Dispensary Store/input_txttreat'

2018-05-22 19:36:16 - [MESSAGE][PASSED] - Text '100' is set on object 'Object Repository/DispensaryToCms/Page_Dispensary Store/input_txttreat'

2018-05-22 19:36:16 - [TEST_STEP][PASSED] - click: Object: 'Object Repository/DispensaryToCms/Page_Dispensary Store/button_Add' is clicked on

2018-05-22 19:36:16 - [MESSAGE][PASSED] - Object: 'Object Repository/DispensaryToCms/Page_Dispensary Store/button_Add' is clicked on

2018-05-22 19:36:16 - [TEST_STEP][PASSED] - selectOptionByIndex: All options with index in [2] are selected on object 'Object Repository/DispensaryToCms/Page_Dispensary Store/select_--Select--Schedule 1Inj'

2018-05-22 19:36:16 - [MESSAGE][PASSED] - All options with index in [2] are selected on object 'Object Repository/DispensaryToCms/Page_Dispensary Store/select_--Select--Schedule 1Inj'

2018-05-22 19:36:16 - [TEST_STEP][PASSED] - selectOptionByIndex: All options with index in [40] are selected on object 'Object Repository/DispensaryToCms/Page_Dispensary Store/select_--Select--Adernaline 0.'

2018-05-22 19:36:17 - [MESSAGE][PASSED] - All options with index in [40] are selected on object 'Object Repository/DispensaryToCms/Page_Dispensary Store/select_--Select--Adernaline 0.'

2018-05-22 19:36:17 - [TEST_STEP][PASSED] - setText: Text '100' is set on object 'Object Repository/DispensaryToCms/Page_Dispensary Store/input_txttreat'

2018-05-22 19:36:17 - [MESSAGE][PASSED] - Text '100' is set on object 'Object Repository/DispensaryToCms/Page_Dispensary Store/input_txttreat'

2018-05-22 19:36:17 - [TEST_STEP][PASSED] - click: Object: 'Object Repository/DispensaryToCms/Page_Dispensary Store/button_Add' is clicked on

2018-05-22 19:36:17 - [MESSAGE][PASSED] - Object: 'Object Repository/DispensaryToCms/Page_Dispensary Store/button_Add' is clicked on

2018-05-22 19:36:17 - [TEST_STEP][PASSED] - selectOptionByIndex: All options with index in [2] are selected on object 'Object Repository/DispensaryToCms/Page_Dispensary Store/select_--Select--Schedule 1Inj'

2018-05-22 19:36:17 - [MESSAGE][PASSED] - All options with index in [2] are selected on object 'Object Repository/DispensaryToCms/Page_Dispensary Store/select_--Select--Schedule 1Inj'

2018-05-22 19:36:17 - [TEST_STEP][PASSED] - selectOptionByIndex: All options with index in [41] are selected on object 'Object Repository/DispensaryToCms/Page_Dispensary Store/select_--Select--Adernaline 0.'

2018-05-22 19:36:18 - [MESSAGE][PASSED] - All options with index in [41] are selected on object 'Object Repository/DispensaryToCms/Page_Dispensary Store/select_--Select--Adernaline 0.'

2018-05-22 19:36:18 - [TEST_STEP][PASSED] - setText: Text '100' is set on object 'Object Repository/DispensaryToCms/Page_Dispensary Store/input_txttreat'

2018-05-22 19:36:18 - [MESSAGE][PASSED] - Text '100' is set on object 'Object Repository/DispensaryToCms/Page_Dispensary Store/input_txttreat'

2018-05-22 19:36:18 - [TEST_STEP][PASSED] - click: Object: 'Object Repository/DispensaryToCms/Page_Dispensary Store/button_Add' is clicked on

2018-05-22 19:36:18 - [MESSAGE][PASSED] - Object: 'Object Repository/DispensaryToCms/Page_Dispensary Store/button_Add' is clicked on

2018-05-22 19:36:18 - [TEST_STEP][PASSED] - selectOptionByIndex: All options with index in [2] are selected on object 'Object Repository/DispensaryToCms/Page_Dispensary Store/select_--Select--Schedule 1Inj'

2018-05-22 19:36:18 - [MESSAGE][PASSED] - All options with index in [2] are selected on object 'Object Repository/DispensaryToCms/Page_Dispensary Store/select_--Select--Schedule 1Inj'

2018-05-22 19:36:18 - [TEST_STEP][PASSED] - selectOptionByIndex: All options with index in [42] are selected on object 'Object Repository/DispensaryToCms/Page_Dispensary Store/select_--Select--Adernaline 0.'

2018-05-22 19:36:19 - [MESSAGE][PASSED] - All options with index in [42] are selected on object 'Object Repository/DispensaryToCms/Page_Dispensary Store/select_--Select--Adernaline 0.'

2018-05-22 19:36:19 - [TEST_STEP][PASSED] - setText: Text '100' is set on object 'Object Repository/DispensaryToCms/Page_Dispensary Store/input_txttreat'

2018-05-22 19:36:19 - [MESSAGE][PASSED] - Text '100' is set on object 'Object Repository/DispensaryToCms/Page_Dispensary Store/input_txttreat'

2018-05-22 19:36:19 - [TEST_STEP][PASSED] - click: Object: 'Object Repository/DispensaryToCms/Page_Dispensary Store/button_Add' is clicked on

2018-05-22 19:36:19 - [MESSAGE][PASSED] - Object: 'Object Repository/DispensaryToCms/Page_Dispensary Store/button_Add' is clicked on

2018-05-22 19:36:19 - [TEST_STEP][PASSED] - selectOptionByIndex: All options with index in [2] are selected on object 'Object Repository/DispensaryToCms/Page_Dispensary Store/select_--Select--Schedule 1Inj'

2018-05-22 19:36:19 - [MESSAGE][PASSED] - All options with index in [2] are selected on object 'Object Repository/DispensaryToCms/Page_Dispensary Store/select_--Select--Schedule 1Inj'

2018-05-22 19:36:19 - [TEST_STEP][PASSED] - selectOptionByIndex: All options with index in [43] are selected on object 'Object Repository/DispensaryToCms/Page_Dispensary Store/select_--Select--Adernaline 0.'

2018-05-22 19:36:20 - [MESSAGE][PASSED] - All options with index in [43] are selected on object 'Object Repository/DispensaryToCms/Page_Dispensary Store/select_--Select--Adernaline 0.'

2018-05-22 19:36:20 - [TEST_STEP][PASSED] - setText: Text '100' is set on object 'Object Repository/DispensaryToCms/Page_Dispensary Store/input_txttreat'

2018-05-22 19:36:20 - [MESSAGE][PASSED] - Text '100' is set on object 'Object Repository/DispensaryToCms/Page_Dispensary Store/input_txttreat'

2018-05-22 19:36:20 - [TEST_STEP][PASSED] - click: Object: 'Object Repository/DispensaryToCms/Page_Dispensary Store/button_Add' is clicked on

2018-05-22 19:36:20 - [MESSAGE][PASSED] - Object: 'Object Repository/DispensaryToCms/Page_Dispensary Store/button_Add' is clicked on

2018-05-22 19:36:20 - [TEST_STEP][PASSED] - selectOptionByIndex: All options with index in [2] are selected on object 'Object Repository/DispensaryToCms/Page_Dispensary Store/select_--Select--Schedule 1Inj'

2018-05-22 19:36:20 - [MESSAGE][PASSED] - All options with index in [2] are selected on object 'Object Repository/DispensaryToCms/Page_Dispensary Store/select_--Select--Schedule 1Inj'

2018-05-22 19:36:20 - [TEST_STEP][PASSED] - selectOptionByIndex: All options with index in [44] are selected on object 'Object Repository/DispensaryToCms/Page_Dispensary Store/select_--Select--Adernaline 0.'

2018-05-22 19:36:21 - [MESSAGE][PASSED] - All options with index in [44] are selected on object 'Object Repository/DispensaryToCms/Page_Dispensary Store/select_--Select--Adernaline 0.'

2018-05-22 19:36:21 - [TEST_STEP][PASSED] - setText: Text '100' is set on object 'Object Repository/DispensaryToCms/Page_Dispensary Store/input_txttreat'

2018-05-22 19:36:21 - [MESSAGE][PASSED] - Text '100' is set on object 'Object Repository/DispensaryToCms/Page_Dispensary Store/input_txttreat'

2018-05-22 19:36:21 - [TEST_STEP][PASSED] - click: Object: 'Object Repository/DispensaryToCms/Page_Dispensary Store/button_Add' is clicked on

2018-05-22 19:36:21 - [MESSAGE][PASSED] - Object: 'Object Repository/DispensaryToCms/Page_Dispensary Store/button_Add' is clicked on

2018-05-22 19:36:21 - [TEST_STEP][PASSED] - selectOptionByIndex: All options with index in [2] are selected on object 'Object Repository/DispensaryToCms/Page_Dispensary Store/select_--Select--Schedule 1Inj'

2018-05-22 19:36:21 - [MESSAGE][PASSED] - All options with index in [2] are selected on object 'Object Repository/DispensaryToCms/Page_Dispensary Store/select_--Select--Schedule 1Inj'

2018-05-22 19:36:21 - [TEST_STEP][PASSED] - selectOptionByIndex: All options with index in [45] are selected on object 'Object Repository/DispensaryToCms/Page_Dispensary Store/select_--Select--Adernaline 0.'

2018-05-22 19:36:22 - [MESSAGE][PASSED] - All options with index in [45] are selected on object 'Object Repository/DispensaryToCms/Page_Dispensary Store/select_--Select--Adernaline 0.'

2018-05-22 19:36:22 - [TEST_STEP][PASSED] - setText: Text '100' is set on object 'Object Repository/DispensaryToCms/Page_Dispensary Store/input_txttreat'

2018-05-22 19:36:22 - [MESSAGE][PASSED] - Text '100' is set on object 'Object Repository/DispensaryToCms/Page_Dispensary Store/input_txttreat'

2018-05-22 19:36:22 - [TEST_STEP][PASSED] - click: Object: 'Object Repository/DispensaryToCms/Page_Dispensary Store/button_Add' is clicked on

2018-05-22 19:36:22 - [MESSAGE][PASSED] - Object: 'Object Repository/DispensaryToCms/Page_Dispensary Store/button_Add' is clicked on

2018-05-22 19:36:22 - [TEST_STEP][PASSED] - selectOptionByIndex: All options with index in [2] are selected on object 'Object Repository/DispensaryToCms/Page_Dispensary Store/select_--Select--Schedule 1Inj'

2018-05-22 19:36:22 - [MESSAGE][PASSED] - All options with index in [2] are selected on object 'Object Repository/DispensaryToCms/Page_Dispensary Store/select_--Select--Schedule 1Inj'

2018-05-22 19:36:22 - [TEST_STEP][PASSED] - selectOptionByIndex: All options with index in [46] are selected on object 'Object Repository/DispensaryToCms/Page_Dispensary Store/select_--Select--Adernaline 0.'

2018-05-22 19:36:23 - [MESSAGE][PASSED] - All options with index in [46] are selected on object 'Object Repository/DispensaryToCms/Page_Dispensary Store/select_--Select--Adernaline 0.'

2018-05-22 19:36:23 - [TEST_STEP][PASSED] - setText: Text '100' is set on object 'Object Repository/DispensaryToCms/Page_Dispensary Store/input_txttreat'

2018-05-22 19:36:23 - [MESSAGE][PASSED] - Text '100' is set on object 'Object Repository/DispensaryToCms/Page_Dispensary Store/input_txttreat'

2018-05-22 19:36:23 - [TEST_STEP][PASSED] - click: Object: 'Object Repository/DispensaryToCms/Page_Dispensary Store/button_Add' is clicked on

2018-05-22 19:36:23 - [MESSAGE][PASSED] - Object: 'Object Repository/DispensaryToCms/Page_Dispensary Store/button_Add' is clicked on

2018-05-22 19:36:23 - [TEST_STEP][PASSED] - selectOptionByIndex: All options with index in [2] are selected on object 'Object Repository/DispensaryToCms/Page_Dispensary Store/select_--Select--Schedule 1Inj'

2018-05-22 19:36:23 - [MESSAGE][PASSED] - All options with index in [2] are selected on object 'Object Repository/DispensaryToCms/Page_Dispensary Store/select_--Select--Schedule 1Inj'

2018-05-22 19:36:23 - [TEST_STEP][PASSED] - selectOptionByIndex: All options with index in [47] are selected on object 'Object Repository/DispensaryToCms/Page_Dispensary Store/select_--Select--Adernaline 0.'

2018-05-22 19:36:23 - [MESSAGE][PASSED] - All options with index in [47] are selected on object 'Object Repository/DispensaryToCms/Page_Dispensary Store/select_--Select--Adernaline 0.'

2018-05-22 19:36:23 - [TEST_STEP][PASSED] - setText: Text '100' is set on object 'Object Repository/DispensaryToCms/Page_Dispensary Store/input_txttreat'

2018-05-22 19:36:24 - [MESSAGE][PASSED] - Text '100' is set on object 'Object Repository/DispensaryToCms/Page_Dispensary Store/input_txttreat'

2018-05-22 19:36:24 - [TEST_STEP][PASSED] - click: Object: 'Object Repository/DispensaryToCms/Page_Dispensary Store/button_Add' is clicked on

2018-05-22 19:36:24 - [MESSAGE][PASSED] - Object: 'Object Repository/DispensaryToCms/Page_Dispensary Store/button_Add' is clicked on

2018-05-22 19:36:24 - [TEST_STEP][PASSED] - selectOptionByIndex: All options with index in [2] are selected on object 'Object Repository/DispensaryToCms/Page_Dispensary Store/select_--Select--Schedule 1Inj'

2018-05-22 19:36:24 - [MESSAGE][PASSED] - All options with index in [2] are selected on object 'Object Repository/DispensaryToCms/Page_Dispensary Store/select_--Select--Schedule 1Inj'

2018-05-22 19:36:24 - [TEST_STEP][PASSED] - selectOptionByIndex: All options with index in [48] are selected on object 'Object Repository/DispensaryToCms/Page_Dispensary Store/select_--Select--Adernaline 0.'

2018-05-22 19:36:24 - [MESSAGE][PASSED] - All options with index in [48] are selected on object 'Object Repository/DispensaryToCms/Page_Dispensary Store/select_--Select--Adernaline 0.'

2018-05-22 19:36:24 - [TEST_STEP][PASSED] - setText: Text '100' is set on object 'Object Repository/DispensaryToCms/Page_Dispensary Store/input_txttreat'

2018-05-22 19:36:24 - [MESSAGE][PASSED] - Text '100' is set on object 'Object Repository/DispensaryToCms/Page_Dispensary Store/input_txttreat'

2018-05-22 19:36:24 - [TEST_STEP][PASSED] - click: Object: 'Object Repository/DispensaryToCms/Page_Dispensary Store/button_Add' is clicked on

2018-05-22 19:36:25 - [MESSAGE][PASSED] - Object: 'Object Repository/DispensaryToCms/Page_Dispensary Store/button_Add' is clicked on

2018-05-22 19:36:25 - [TEST_STEP][PASSED] - selectOptionByIndex: All options with index in [2] are selected on object 'Object Repository/DispensaryToCms/Page_Dispensary Store/select_--Select--Schedule 1Inj'

2018-05-22 19:36:25 - [MESSAGE][PASSED] - All options with index in [2] are selected on object 'Object Repository/DispensaryToCms/Page_Dispensary Store/select_--Select--Schedule 1Inj'

2018-05-22 19:36:25 - [TEST_STEP][PASSED] - selectOptionByIndex: All options with index in [49] are selected on object 'Object Repository/DispensaryToCms/Page_Dispensary Store/select_--Select--Adernaline 0.'

2018-05-22 19:36:25 - [MESSAGE][PASSED] - All options with index in [49] are selected on object 'Object Repository/DispensaryToCms/Page_Dispensary Store/select_--Select--Adernaline 0.'

2018-05-22 19:36:25 - [TEST_STEP][PASSED] - setText: Text '100' is set on object 'Object Repository/DispensaryToCms/Page_Dispensary Store/input_txttreat'

2018-05-22 19:36:26 - [MESSAGE][PASSED] - Text '100' is set on object 'Object Repository/DispensaryToCms/Page_Dispensary Store/input_txttreat'

2018-05-22 19:36:26 - [TEST_STEP][PASSED] - click: Object: 'Object Repository/DispensaryToCms/Page_Dispensary Store/button_Add' is clicked on

2018-05-22 19:36:26 - [MESSAGE][PASSED] - Object: 'Object Repository/DispensaryToCms/Page_Dispensary Store/button_Add' is clicked on

2018-05-22 19:36:26 - [TEST_STEP][PASSED] - selectOptionByIndex: All options with index in [2] are selected on object 'Object Repository/DispensaryToCms/Page_Dispensary Store/select_--Select--Schedule 1Inj'

2018-05-22 19:36:26 - [MESSAGE][PASSED] - All options with index in [2] are selected on object 'Object Repository/DispensaryToCms/Page_Dispensary Store/select_--Select--Schedule 1Inj'

2018-05-22 19:36:26 - [TEST_STEP][PASSED] - selectOptionByIndex: All options with index in [50] are selected on object 'Object Repository/DispensaryToCms/Page_Dispensary Store/select_--Select--Adernaline 0.'

2018-05-22 19:36:26 - [MESSAGE][PASSED] - All options with index in [50] are selected on object 'Object Repository/DispensaryToCms/Page_Dispensary Store/select_--Select--Adernaline 0.'

2018-05-22 19:36:26 - [TEST_STEP][PASSED] - setText: Text '100' is set on object 'Object Repository/DispensaryToCms/Page_Dispensary Store/input_txttreat'

2018-05-22 19:36:26 - [MESSAGE][PASSED] - Text '100' is set on object 'Object Repository/DispensaryToCms/Page_Dispensary Store/input_txttreat'

2018-05-22 19:36:26 - [TEST_STEP][PASSED] - click: Object: 'Object Repository/DispensaryToCms/Page_Dispensary Store/button_Add' is clicked on

2018-05-22 19:36:27 - [MESSAGE][PASSED] - Object: 'Object Repository/DispensaryToCms/Page_Dispensary Store/button_Add' is clicked on

2018-05-22 19:36:27 - [TEST_STEP][PASSED] - selectOptionByIndex: All options with index in [2] are selected on object 'Object Repository/DispensaryToCms/Page_Dispensary Store/select_--Select--Schedule 1Inj'

2018-05-22 19:36:27 - [MESSAGE][PASSED] - All options with index in [2] are selected on object 'Object Repository/DispensaryToCms/Page_Dispensary Store/select_--Select--Schedule 1Inj'

2018-05-22 19:36:27 - [TEST_STEP][PASSED] - selectOptionByIndex: All options with index in [51] are selected on object 'Object Repository/DispensaryToCms/Page_Dispensary Store/select_--Select--Adernaline 0.'

2018-05-22 19:36:27 - [MESSAGE][PASSED] - All options with index in [51] are selected on object 'Object Repository/DispensaryToCms/Page_Dispensary Store/select_--Select--Adernaline 0.'

2018-05-22 19:36:27 - [TEST_STEP][PASSED] - setText: Text '100' is set on object 'Object Repository/DispensaryToCms/Page_Dispensary Store/input_txttreat'

2018-05-22 19:36:27 - [MESSAGE][PASSED] - Text '100' is set on object 'Object Repository/DispensaryToCms/Page_Dispensary Store/input_txttreat'

2018-05-22 19:36:27 - [TEST_STEP][PASSED] - click: Object: 'Object Repository/DispensaryToCms/Page_Dispensary Store/button_Add' is clicked on

2018-05-22 19:36:27 - [MESSAGE][PASSED] - Object: 'Object Repository/DispensaryToCms/Page_Dispensary Store/button_Add' is clicked on

2018-05-22 19:36:27 - [TEST_STEP][PASSED] - selectOptionByIndex: All options with index in [2] are selected on object 'Object Repository/DispensaryToCms/Page_Dispensary Store/select_--Select--Schedule 1Inj'

2018-05-22 19:36:28 - [MESSAGE][PASSED] - All options with index in [2] are selected on object 'Object Repository/DispensaryToCms/Page_Dispensary Store/select_--Select--Schedule 1Inj'

2018-05-22 19:36:28 - [TEST_STEP][PASSED] - selectOptionByIndex: All options with index in [52] are selected on object 'Object Repository/DispensaryToCms/Page_Dispensary Store/select_--Select--Adernaline 0.'

2018-05-22 19:36:28 - [MESSAGE][PASSED] - All options with index in [52] are selected on object 'Object Repository/DispensaryToCms/Page_Dispensary Store/select_--Select--Adernaline 0.'

2018-05-22 19:36:28 - [TEST_STEP][PASSED] - setText: Text '100' is set on object 'Object Repository/DispensaryToCms/Page_Dispensary Store/input_txttreat'

2018-05-22 19:36:28 - [MESSAGE][PASSED] - Text '100' is set on object 'Object Repository/DispensaryToCms/Page_Dispensary Store/input_txttreat'

2018-05-22 19:36:28 - [TEST_STEP][PASSED] - click: Object: 'Object Repository/DispensaryToCms/Page_Dispensary Store/button_Add' is clicked on

2018-05-22 19:36:28 - [MESSAGE][PASSED] - Object: 'Object Repository/DispensaryToCms/Page_Dispensary Store/button_Add' is clicked on

2018-05-22 19:36:28 - [TEST_STEP][PASSED] - selectOptionByIndex: All options with index in [2] are selected on object 'Object Repository/DispensaryToCms/Page_Dispensary Store/select_--Select--Schedule 1Inj'

2018-05-22 19:36:29 - [MESSAGE][PASSED] - All options with index in [2] are selected on object 'Object Repository/DispensaryToCms/Page_Dispensary Store/select_--Select--Schedule 1Inj'

2018-05-22 19:36:29 - [TEST_STEP][PASSED] - selectOptionByIndex: All options with index in [53] are selected on object 'Object Repository/DispensaryToCms/Page_Dispensary Store/select_--Select--Adernaline 0.'

2018-05-22 19:36:29 - [MESSAGE][PASSED] - All options with index in [53] are selected on object 'Object Repository/DispensaryToCms/Page_Dispensary Store/select_--Select--Adernaline 0.'

2018-05-22 19:36:29 - [TEST_STEP][PASSED] - setText: Text '100' is set on object 'Object Repository/DispensaryToCms/Page_Dispensary Store/input_txttreat'

2018-05-22 19:36:29 - [MESSAGE][PASSED] - Text '100' is set on object 'Object Repository/DispensaryToCms/Page_Dispensary Store/input_txttreat'

2018-05-22 19:36:29 - [TEST_STEP][PASSED] - click: Object: 'Object Repository/DispensaryToCms/Page_Dispensary Store/button_Add' is clicked on

2018-05-22 19:36:30 - [MESSAGE][PASSED] - Object: 'Object Repository/DispensaryToCms/Page_Dispensary Store/button_Add' is clicked on

2018-05-22 19:36:30 - [TEST_STEP][PASSED] - selectOptionByIndex: All options with index in [2] are selected on object 'Object Repository/DispensaryToCms/Page_Dispensary Store/select_--Select--Schedule 1Inj'

2018-05-22 19:36:30 - [MESSAGE][PASSED] - All options with index in [2] are selected on object 'Object Repository/DispensaryToCms/Page_Dispensary Store/select_--Select--Schedule 1Inj'

2018-05-22 19:36:30 - [TEST_STEP][PASSED] - selectOptionByIndex: All options with index in [54] are selected on object 'Object Repository/DispensaryToCms/Page_Dispensary Store/select_--Select--Adernaline 0.'

2018-05-22 19:36:30 - [MESSAGE][PASSED] - All options with index in [54] are selected on object 'Object Repository/DispensaryToCms/Page_Dispensary Store/select_--Select--Adernaline 0.'

2018-05-22 19:36:30 - [TEST_STEP][PASSED] - setText: Text '100' is set on object 'Object Repository/DispensaryToCms/Page_Dispensary Store/input_txttreat'

2018-05-22 19:36:30 - [MESSAGE][PASSED] - Text '100' is set on object 'Object Repository/DispensaryToCms/Page_Dispensary Store/input_txttreat'

2018-05-22 19:36:30 - [TEST_STEP][PASSED] - click: Object: 'Object Repository/DispensaryToCms/Page_Dispensary Store/button_Add' is clicked on

2018-05-22 19:36:31 - [MESSAGE][PASSED] - Object: 'Object Repository/DispensaryToCms/Page_Dispensary Store/button_Add' is clicked on

2018-05-22 19:36:31 - [TEST_STEP][PASSED] - selectOptionByIndex: All options with index in [2] are selected on object 'Object Repository/DispensaryToCms/Page_Dispensary Store/select_--Select--Schedule 1Inj'

2018-05-22 19:36:31 - [MESSAGE][PASSED] - All options with index in [2] are selected on object 'Object Repository/DispensaryToCms/Page_Dispensary Store/select_--Select--Schedule 1Inj'

2018-05-22 19:36:31 - [TEST_STEP][PASSED] - selectOptionByIndex: All options with index in [55] are selected on object 'Object Repository/DispensaryToCms/Page_Dispensary Store/select_--Select--Adernaline 0.'

2018-05-22 19:36:31 - [MESSAGE][PASSED] - All options with index in [55] are selected on object 'Object Repository/DispensaryToCms/Page_Dispensary Store/select_--Select--Adernaline 0.'

2018-05-22 19:36:31 - [TEST_STEP][PASSED] - setText: Text '100' is set on object 'Object Repository/DispensaryToCms/Page_Dispensary Store/input_txttreat'

2018-05-22 19:36:32 - [MESSAGE][PASSED] - Text '100' is set on object 'Object Repository/DispensaryToCms/Page_Dispensary Store/input_txttreat'

2018-05-22 19:36:32 - [TEST_STEP][PASSED] - click: Object: 'Object Repository/DispensaryToCms/Page_Dispensary Store/button_Add' is clicked on

2018-05-22 19:36:32 - [MESSAGE][PASSED] - Object: 'Object Repository/DispensaryToCms/Page_Dispensary Store/button_Add' is clicked on

2018-05-22 19:36:32 - [TEST_STEP][PASSED] - selectOptionByIndex: All options with index in [2] are selected on object 'Object Repository/DispensaryToCms/Page_Dispensary Store/select_--Select--Schedule 1Inj'

2018-05-22 19:36:32 - [MESSAGE][PASSED] - All options with index in [2] are selected on object 'Object Repository/DispensaryToCms/Page_Dispensary Store/select_--Select--Schedule 1Inj'

2018-05-22 19:36:32 - [TEST_STEP][PASSED] - selectOptionByIndex: All options with index in [56] are selected on object 'Object Repository/DispensaryToCms/Page_Dispensary Store/select_--Select--Adernaline 0.'

2018-05-22 19:36:33 - [MESSAGE][PASSED] - All options with index in [56] are selected on object 'Object Repository/DispensaryToCms/Page_Dispensary Store/select_--Select--Adernaline 0.'

2018-05-22 19:36:33 - [TEST_STEP][PASSED] - setText: Text '100' is set on object 'Object Repository/DispensaryToCms/Page_Dispensary Store/input_txttreat'

2018-05-22 19:36:33 - [MESSAGE][PASSED] - Text '100' is set on object 'Object Repository/DispensaryToCms/Page_Dispensary Store/input_txttreat'

2018-05-22 19:36:33 - [TEST_STEP][PASSED] - click: Object: 'Object Repository/DispensaryToCms/Page_Dispensary Store/button_Add' is clicked on

2018-05-22 19:36:33 - [MESSAGE][PASSED] - Object: 'Object Repository/DispensaryToCms/Page_Dispensary Store/button_Add' is clicked on

2018-05-22 19:36:33 - [TEST_STEP][PASSED] - selectOptionByIndex: All options with index in [2] are selected on object 'Object Repository/DispensaryToCms/Page_Dispensary Store/select_--Select--Schedule 1Inj'

2018-05-22 19:36:33 - [MESSAGE][PASSED] - All options with index in [2] are selected on object 'Object Repository/DispensaryToCms/Page_Dispensary Store/select_--Select--Schedule 1Inj'

2018-05-22 19:36:33 - [TEST_STEP][PASSED] - selectOptionByIndex: All options with index in [57] are selected on object 'Object Repository/DispensaryToCms/Page_Dispensary Store/select_--Select--Adernaline 0.'

2018-05-22 19:36:34 - [MESSAGE][PASSED] - All options with index in [57] are selected on object 'Object Repository/DispensaryToCms/Page_Dispensary Store/select_--Select--Adernaline 0.'

2018-05-22 19:36:34 - [TEST_STEP][PASSED] - setText: Text '100' is set on object 'Object Repository/DispensaryToCms/Page_Dispensary Store/input_txttreat'

2018-05-22 19:36:34 - [MESSAGE][PASSED] - Text '100' is set on object 'Object Repository/DispensaryToCms/Page_Dispensary Store/input_txttreat'

2018-05-22 19:36:34 - [TEST_STEP][PASSED] - click: Object: 'Object Repository/DispensaryToCms/Page_Dispensary Store/button_Add' is clicked on

2018-05-22 19:36:34 - [MESSAGE][PASSED] - Object: 'Object Repository/DispensaryToCms/Page_Dispensary Store/button_Add' is clicked on

2018-05-22 19:36:34 - [TEST_STEP][PASSED] - selectOptionByIndex: All options with index in [2] are selected on object 'Object Repository/DispensaryToCms/Page_Dispensary Store/select_--Select--Schedule 1Inj'

2018-05-22 19:36:34 - [MESSAGE][PASSED] - All options with index in [2] are selected on object 'Object Repository/DispensaryToCms/Page_Dispensary Store/select_--Select--Schedule 1Inj'

2018-05-22 19:36:34 - [TEST_STEP][PASSED] - selectOptionByIndex: All options with index in [58] are selected on object 'Object Repository/DispensaryToCms/Page_Dispensary Store/select_--Select--Adernaline 0.'

2018-05-22 19:36:35 - [MESSAGE][PASSED] - All options with index in [58] are selected on object 'Object Repository/DispensaryToCms/Page_Dispensary Store/select_--Select--Adernaline 0.'

2018-05-22 19:36:35 - [TEST_STEP][PASSED] - setText: Text '100' is set on object 'Object Repository/DispensaryToCms/Page_Dispensary Store/input_txttreat'

2018-05-22 19:36:35 - [MESSAGE][PASSED] - Text '100' is set on object 'Object Repository/DispensaryToCms/Page_Dispensary Store/input_txttreat'

2018-05-22 19:36:35 - [TEST_STEP][PASSED] - click: Object: 'Object Repository/DispensaryToCms/Page_Dispensary Store/button_Add' is clicked on

2018-05-22 19:36:35 - [MESSAGE][PASSED] - Object: 'Object Repository/DispensaryToCms/Page_Dispensary Store/button_Add' is clicked on

2018-05-22 19:36:35 - [TEST_STEP][PASSED] - selectOptionByIndex: All options with index in [2] are selected on object 'Object Repository/DispensaryToCms/Page_Dispensary Store/select_--Select--Schedule 1Inj'

2018-05-22 19:36:35 - [MESSAGE][PASSED] - All options with index in [2] are selected on object 'Object Repository/DispensaryToCms/Page_Dispensary Store/select_--Select--Schedule 1Inj'

2018-05-22 19:36:35 - [TEST_STEP][PASSED] - selectOptionByIndex: All options with index in [59] are selected on object 'Object Repository/DispensaryToCms/Page_Dispensary Store/select_--Select--Adernaline 0.'

2018-05-22 19:36:36 - [MESSAGE][PASSED] - All options with index in [59] are selected on object 'Object Repository/DispensaryToCms/Page_Dispensary Store/select_--Select--Adernaline 0.'

2018-05-22 19:36:36 - [TEST_STEP][PASSED] - setText: Text '100' is set on object 'Object Repository/DispensaryToCms/Page_Dispensary Store/input_txttreat'

2018-05-22 19:36:36 - [MESSAGE][PASSED] - Text '100' is set on object 'Object Repository/DispensaryToCms/Page_Dispensary Store/input_txttreat'

2018-05-22 19:36:36 - [TEST_STEP][PASSED] - click: Object: 'Object Repository/DispensaryToCms/Page_Dispensary Store/button_Add' is clicked on

2018-05-22 19:36:36 - [MESSAGE][PASSED] - Object: 'Object Repository/DispensaryToCms/Page_Dispensary Store/button_Add' is clicked on

2018-05-22 19:36:36 - [TEST_STEP][PASSED] - selectOptionByIndex: All options with index in [2] are selected on object 'Object Repository/DispensaryToCms/Page_Dispensary Store/select_--Select--Schedule 1Inj'

2018-05-22 19:36:36 - [MESSAGE][PASSED] - All options with index in [2] are selected on object 'Object Repository/DispensaryToCms/Page_Dispensary Store/select_--Select--Schedule 1Inj'

2018-05-22 19:36:36 - [TEST_STEP][PASSED] - selectOptionByIndex: All options with index in [60] are selected on object 'Object Repository/DispensaryToCms/Page_Dispensary Store/select_--Select--Adernaline 0.'

2018-05-22 19:36:37 - [MESSAGE][PASSED] - All options with index in [60] are selected on object 'Object Repository/DispensaryToCms/Page_Dispensary Store/select_--Select--Adernaline 0.'

2018-05-22 19:36:37 - [TEST_STEP][PASSED] - setText: Text '100' is set on object 'Object Repository/DispensaryToCms/Page_Dispensary Store/input_txttreat'

2018-05-22 19:36:37 - [MESSAGE][PASSED] - Text '100' is set on object 'Object Repository/DispensaryToCms/Page_Dispensary Store/input_txttreat'

2018-05-22 19:36:37 - [TEST_STEP][PASSED] - click: Object: 'Object Repository/DispensaryToCms/Page_Dispensary Store/button_Add' is clicked on

2018-05-22 19:36:37 - [MESSAGE][PASSED] - Object: 'Object Repository/DispensaryToCms/Page_Dispensary Store/button_Add' is clicked on

2018-05-22 19:36:37 - [TEST_STEP][PASSED] - selectOptionByIndex: All options with index in [2] are selected on object 'Object Repository/DispensaryToCms/Page_Dispensary Store/select_--Select--Schedule 1Inj'

2018-05-22 19:36:37 - [MESSAGE][PASSED] - All options with index in [2] are selected on object 'Object Repository/DispensaryToCms/Page_Dispensary Store/select_--Select--Schedule 1Inj'

2018-05-22 19:36:37 - [TEST_STEP][PASSED] - selectOptionByIndex: All options with index in [61] are selected on object 'Object Repository/DispensaryToCms/Page_Dispensary Store/select_--Select--Adernaline 0.'

2018-05-22 19:36:38 - [MESSAGE][PASSED] - All options with index in [61] are selected on object 'Object Repository/DispensaryToCms/Page_Dispensary Store/select_--Select--Adernaline 0.'

2018-05-22 19:36:38 - [TEST_STEP][PASSED] - setText: Text '100' is set on object 'Object Repository/DispensaryToCms/Page_Dispensary Store/input_txttreat'

2018-05-22 19:36:38 - [MESSAGE][PASSED] - Text '100' is set on object 'Object Repository/DispensaryToCms/Page_Dispensary Store/input_txttreat'

2018-05-22 19:36:38 - [TEST_STEP][PASSED] - click: Object: 'Object Repository/DispensaryToCms/Page_Dispensary Store/button_Add' is clicked on

2018-05-22 19:36:38 - [MESSAGE][PASSED] - Object: 'Object Repository/DispensaryToCms/Page_Dispensary Store/button_Add' is clicked on

2018-05-22 19:36:38 - [TEST_STEP][PASSED] - selectOptionByIndex: All options with index in [2] are selected on object 'Object Repository/DispensaryToCms/Page_Dispensary Store/select_--Select--Schedule 1Inj'

2018-05-22 19:36:38 - [MESSAGE][PASSED] - All options with index in [2] are selected on object 'Object Repository/DispensaryToCms/Page_Dispensary Store/select_--Select--Schedule 1Inj'

2018-05-22 19:36:38 - [TEST_STEP][PASSED] - selectOptionByIndex: All options with index in [62] are selected on object 'Object Repository/DispensaryToCms/Page_Dispensary Store/select_--Select--Adernaline 0.'

2018-05-22 19:36:39 - [MESSAGE][PASSED] - All options with index in [62] are selected on object 'Object Repository/DispensaryToCms/Page_Dispensary Store/select_--Select--Adernaline 0.'

2018-05-22 19:36:39 - [TEST_STEP][PASSED] - setText: Text '100' is set on object 'Object Repository/DispensaryToCms/Page_Dispensary Store/input_txttreat'

2018-05-22 19:36:39 - [MESSAGE][PASSED] - Text '100' is set on object 'Object Repository/DispensaryToCms/Page_Dispensary Store/input_txttreat'

2018-05-22 19:36:39 - [TEST_STEP][PASSED] - click: Object: 'Object Repository/DispensaryToCms/Page_Dispensary Store/button_Add' is clicked on

2018-05-22 19:36:39 - [MESSAGE][PASSED] - Object: 'Object Repository/DispensaryToCms/Page_Dispensary Store/button_Add' is clicked on

2018-05-22 19:36:39 - [TEST_STEP][PASSED] - selectOptionByIndex: All options with index in [2] are selected on object 'Object Repository/DispensaryToCms/Page_Dispensary Store/select_--Select--Schedule 1Inj'

2018-05-22 19:36:39 - [MESSAGE][PASSED] - All options with index in [2] are selected on object 'Object Repository/DispensaryToCms/Page_Dispensary Store/select_--Select--Schedule 1Inj'

2018-05-22 19:36:39 - [TEST_STEP][PASSED] - selectOptionByIndex: All options with index in [63] are selected on object 'Object Repository/DispensaryToCms/Page_Dispensary Store/select_--Select--Adernaline 0.'

2018-05-22 19:36:40 - [MESSAGE][PASSED] - All options with index in [63] are selected on object 'Object Repository/DispensaryToCms/Page_Dispensary Store/select_--Select--Adernaline 0.'

2018-05-22 19:36:40 - [TEST_STEP][PASSED] - setText: Text '100' is set on object 'Object Repository/DispensaryToCms/Page_Dispensary Store/input_txttreat'

2018-05-22 19:36:40 - [MESSAGE][PASSED] - Text '100' is set on object 'Object Repository/DispensaryToCms/Page_Dispensary Store/input_txttreat'

2018-05-22 19:36:40 - [TEST_STEP][PASSED] - click: Object: 'Object Repository/DispensaryToCms/Page_Dispensary Store/button_Add' is clicked on

2018-05-22 19:36:40 - [MESSAGE][PASSED] - Object: 'Object Repository/DispensaryToCms/Page_Dispensary Store/button_Add' is clicked on

2018-05-22 19:36:40 - [TEST_STEP][PASSED] - selectOptionByIndex: All options with index in [2] are selected on object 'Object Repository/DispensaryToCms/Page_Dispensary Store/select_--Select--Schedule 1Inj'

2018-05-22 19:36:40 - [MESSAGE][PASSED] - All options with index in [2] are selected on object 'Object Repository/DispensaryToCms/Page_Dispensary Store/select_--Select--Schedule 1Inj'

2018-05-22 19:36:40 - [TEST_STEP][PASSED] - selectOptionByIndex: All options with index in [64] are selected on object 'Object Repository/DispensaryToCms/Page_Dispensary Store/select_--Select--Adernaline 0.'

2018-05-22 19:36:41 - [MESSAGE][PASSED] - All options with index in [64] are selected on object 'Object Repository/DispensaryToCms/Page_Dispensary Store/select_--Select--Adernaline 0.'

2018-05-22 19:36:41 - [TEST_STEP][PASSED] - setText: Text '100' is set on object 'Object Repository/DispensaryToCms/Page_Dispensary Store/input_txttreat'

2018-05-22 19:36:41 - [MESSAGE][PASSED] - Text '100' is set on object 'Object Repository/DispensaryToCms/Page_Dispensary Store/input_txttreat'

2018-05-22 19:36:41 - [TEST_STEP][PASSED] - click: Object: 'Object Repository/DispensaryToCms/Page_Dispensary Store/button_Add' is clicked on

2018-05-22 19:36:41 - [MESSAGE][PASSED] - Object: 'Object Repository/DispensaryToCms/Page_Dispensary Store/button_Add' is clicked on

2018-05-22 19:36:41 - [TEST_STEP][PASSED] - selectOptionByIndex: All options with index in [2] are selected on object 'Object Repository/DispensaryToCms/Page_Dispensary Store/select_--Select--Schedule 1Inj'

2018-05-22 19:36:41 - [MESSAGE][PASSED] - All options with index in [2] are selected on object 'Object Repository/DispensaryToCms/Page_Dispensary Store/select_--Select--Schedule 1Inj'

2018-05-22 19:36:41 - [TEST_STEP][PASSED] - selectOptionByIndex: All options with index in [65] are selected on object 'Object Repository/DispensaryToCms/Page_Dispensary Store/select_--Select--Adernaline 0.'

2018-05-22 19:36:42 - [MESSAGE][PASSED] - All options with index in [65] are selected on object 'Object Repository/DispensaryToCms/Page_Dispensary Store/select_--Select--Adernaline 0.'

2018-05-22 19:36:42 - [TEST_STEP][PASSED] - setText: Text '100' is set on object 'Object Repository/DispensaryToCms/Page_Dispensary Store/input_txttreat'

2018-05-22 19:36:42 - [MESSAGE][PASSED] - Text '100' is set on object 'Object Repository/DispensaryToCms/Page_Dispensary Store/input_txttreat'

2018-05-22 19:36:42 - [TEST_STEP][PASSED] - click: Object: 'Object Repository/DispensaryToCms/Page_Dispensary Store/button_Add' is clicked on

2018-05-22 19:36:42 - [MESSAGE][PASSED] - Object: 'Object Repository/DispensaryToCms/Page_Dispensary Store/button_Add' is clicked on

2018-05-22 19:36:42 - [TEST_STEP][PASSED] - selectOptionByIndex: All options with index in [2] are selected on object 'Object Repository/DispensaryToCms/Page_Dispensary Store/select_--Select--Schedule 1Inj'

2018-05-22 19:36:43 - [MESSAGE][PASSED] - All options with index in [2] are selected on object 'Object Repository/DispensaryToCms/Page_Dispensary Store/select_--Select--Schedule 1Inj'

2018-05-22 19:36:43 - [TEST_STEP][PASSED] - selectOptionByIndex: All options with index in [66] are selected on object 'Object Repository/DispensaryToCms/Page_Dispensary Store/select_--Select--Adernaline 0.'

2018-05-22 19:36:43 - [MESSAGE][PASSED] - All options with index in [66] are selected on object 'Object Repository/DispensaryToCms/Page_Dispensary Store/select_--Select--Adernaline 0.'

2018-05-22 19:36:43 - [TEST_STEP][PASSED] - setText: Text '100' is set on object 'Object Repository/DispensaryToCms/Page_Dispensary Store/input_txttreat'

2018-05-22 19:36:43 - [MESSAGE][PASSED] - Text '100' is set on object 'Object Repository/DispensaryToCms/Page_Dispensary Store/input_txttreat'

2018-05-22 19:36:43 - [TEST_STEP][PASSED] - click: Object: 'Object Repository/DispensaryToCms/Page_Dispensary Store/button_Add' is clicked on

2018-05-22 19:36:43 - [MESSAGE][PASSED] - Object: 'Object Repository/DispensaryToCms/Page_Dispensary Store/button_Add' is clicked on

2018-05-22 19:36:43 - [TEST_STEP][PASSED] - selectOptionByIndex: All options with index in [2] are selected on object 'Object Repository/DispensaryToCms/Page_Dispensary Store/select_--Select--Schedule 1Inj'

2018-05-22 19:36:44 - [MESSAGE][PASSED] - All options with index in [2] are selected on object 'Object Repository/DispensaryToCms/Page_Dispensary Store/select_--Select--Schedule 1Inj'

2018-05-22 19:36:44 - [TEST_STEP][PASSED] - selectOptionByIndex: All options with index in [67] are selected on object 'Object Repository/DispensaryToCms/Page_Dispensary Store/select_--Select--Adernaline 0.'

2018-05-22 19:36:44 - [MESSAGE][PASSED] - All options with index in [67] are selected on object 'Object Repository/DispensaryToCms/Page_Dispensary Store/select_--Select--Adernaline 0.'

2018-05-22 19:36:44 - [TEST_STEP][PASSED] - setText: Text '100' is set on object 'Object Repository/DispensaryToCms/Page_Dispensary Store/input_txttreat'

2018-05-22 19:36:44 - [MESSAGE][PASSED] - Text '100' is set on object 'Object Repository/DispensaryToCms/Page_Dispensary Store/input_txttreat'

2018-05-22 19:36:44 - [TEST_STEP][PASSED] - click: Object: 'Object Repository/DispensaryToCms/Page_Dispensary Store/button_Add' is clicked on

2018-05-22 19:36:45 - [MESSAGE][PASSED] - Object: 'Object Repository/DispensaryToCms/Page_Dispensary Store/button_Add' is clicked on

2018-05-22 19:36:45 - [TEST_STEP][PASSED] - selectOptionByIndex: All options with index in [2] are selected on object 'Object Repository/DispensaryToCms/Page_Dispensary Store/select_--Select--Schedule 1Inj'

2018-05-22 19:36:45 - [MESSAGE][PASSED] - All options with index in [2] are selected on object 'Object Repository/DispensaryToCms/Page_Dispensary Store/select_--Select--Schedule 1Inj'

2018-05-22 19:36:45 - [TEST_STEP][PASSED] - selectOptionByIndex: All options with index in [68] are selected on object 'Object Repository/DispensaryToCms/Page_Dispensary Store/select_--Select--Adernaline 0.'

2018-05-22 19:36:46 - [MESSAGE][PASSED] - All options with index in [68] are selected on object 'Object Repository/DispensaryToCms/Page_Dispensary Store/select_--Select--Adernaline 0.'

2018-05-22 19:36:46 - [TEST_STEP][PASSED] - setText: Text '100' is set on object 'Object Repository/DispensaryToCms/Page_Dispensary Store/input_txttreat'

2018-05-22 19:36:46 - [MESSAGE][PASSED] - Text '100' is set on object 'Object Repository/DispensaryToCms/Page_Dispensary Store/input_txttreat'

2018-05-22 19:36:46 - [TEST_STEP][PASSED] - click: Object: 'Object Repository/DispensaryToCms/Page_Dispensary Store/button_Add' is clicked on

2018-05-22 19:36:46 - [MESSAGE][PASSED] - Object: 'Object Repository/DispensaryToCms/Page_Dispensary Store/button_Add' is clicked on

2018-05-22 19:36:46 - [TEST_STEP][PASSED] - selectOptionByIndex: All options with index in [2] are selected on object 'Object Repository/DispensaryToCms/Page_Dispensary Store/select_--Select--Schedule 1Inj'

2018-05-22 19:36:46 - [MESSAGE][PASSED] - All options with index in [2] are selected on object 'Object Repository/DispensaryToCms/Page_Dispensary Store/select_--Select--Schedule 1Inj'

2018-05-22 19:36:46 - [TEST_STEP][PASSED] - selectOptionByIndex: All options with index in [69] are selected on object 'Object Repository/DispensaryToCms/Page_Dispensary Store/select_--Select--Adernaline 0.'

2018-05-22 19:36:47 - [MESSAGE][PASSED] - All options with index in [69] are selected on object 'Object Repository/DispensaryToCms/Page_Dispensary Store/select_--Select--Adernaline 0.'

2018-05-22 19:36:47 - [TEST_STEP][PASSED] - setText: Text '100' is set on object 'Object Repository/DispensaryToCms/Page_Dispensary Store/input_txttreat'

2018-05-22 19:36:47 - [MESSAGE][PASSED] - Text '100' is set on object 'Object Repository/DispensaryToCms/Page_Dispensary Store/input_txttreat'

2018-05-22 19:36:47 - [TEST_STEP][PASSED] - click: Object: 'Object Repository/DispensaryToCms/Page_Dispensary Store/button_Add' is clicked on

2018-05-22 19:36:47 - [MESSAGE][PASSED] - Object: 'Object Repository/DispensaryToCms/Page_Dispensary Store/button_Add' is clicked on

2018-05-22 19:36:47 - [TEST_STEP][PASSED] - selectOptionByIndex: All options with index in [2] are selected on object 'Object Repository/DispensaryToCms/Page_Dispensary Store/select_--Select--Schedule 1Inj'

2018-05-22 19:36:47 - [MESSAGE][PASSED] - All options with index in [2] are selected on object 'Object Repository/DispensaryToCms/Page_Dispensary Store/select_--Select--Schedule 1Inj'

2018-05-22 19:36:47 - [TEST_STEP][PASSED] - selectOptionByIndex: All options with index in [70] are selected on object 'Object Repository/DispensaryToCms/Page_Dispensary Store/select_--Select--Adernaline 0.'

2018-05-22 19:36:48 - [MESSAGE][PASSED] - All options with index in [70] are selected on object 'Object Repository/DispensaryToCms/Page_Dispensary Store/select_--Select--Adernaline 0.'

2018-05-22 19:36:48 - [TEST_STEP][PASSED] - setText: Text '100' is set on object 'Object Repository/DispensaryToCms/Page_Dispensary Store/input_txttreat'

2018-05-22 19:36:48 - [MESSAGE][PASSED] - Text '100' is set on object 'Object Repository/DispensaryToCms/Page_Dispensary Store/input_txttreat'

2018-05-22 19:36:48 - [TEST_STEP][PASSED] - click: Object: 'Object Repository/DispensaryToCms/Page_Dispensary Store/button_Add' is clicked on

2018-05-22 19:36:48 - [MESSAGE][PASSED] - Object: 'Object Repository/DispensaryToCms/Page_Dispensary Store/button_Add' is clicked on

2018-05-22 19:36:48 - [TEST_STEP][PASSED] - selectOptionByIndex: All options with index in [2] are selected on object 'Object Repository/DispensaryToCms/Page_Dispensary Store/select_--Select--Schedule 1Inj'

2018-05-22 19:36:48 - [MESSAGE][PASSED] - All options with index in [2] are selected on object 'Object Repository/DispensaryToCms/Page_Dispensary Store/select_--Select--Schedule 1Inj'

2018-05-22 19:36:48 - [TEST_STEP][PASSED] - selectOptionByIndex: All options with index in [71] are selected on object 'Object Repository/DispensaryToCms/Page_Dispensary Store/select_--Select--Adernaline 0.'

2018-05-22 19:36:49 - [MESSAGE][PASSED] - All options with index in [71] are selected on object 'Object Repository/DispensaryToCms/Page_Dispensary Store/select_--Select--Adernaline 0.'

2018-05-22 19:36:49 - [TEST_STEP][PASSED] - setText: Text '100' is set on object 'Object Repository/DispensaryToCms/Page_Dispensary Store/input_txttreat'

2018-05-22 19:36:49 - [MESSAGE][PASSED] - Text '100' is set on object 'Object Repository/DispensaryToCms/Page_Dispensary Store/input_txttreat'

2018-05-22 19:36:49 - [TEST_STEP][PASSED] - click: Object: 'Object Repository/DispensaryToCms/Page_Dispensary Store/button_Add' is clicked on

2018-05-22 19:36:49 - [MESSAGE][PASSED] - Object: 'Object Repository/DispensaryToCms/Page_Dispensary Store/button_Add' is clicked on

2018-05-22 19:36:49 - [TEST_STEP][PASSED] - selectOptionByIndex: All options with index in [2] are selected on object 'Object Repository/DispensaryToCms/Page_Dispensary Store/select_--Select--Schedule 1Inj'

2018-05-22 19:36:50 - [MESSAGE][PASSED] - All options with index in [2] are selected on object 'Object Repository/DispensaryToCms/Page_Dispensary Store/select_--Select--Schedule 1Inj'

2018-05-22 19:36:50 - [TEST_STEP][PASSED] - selectOptionByIndex: All options with index in [72] are selected on object 'Object Repository/DispensaryToCms/Page_Dispensary Store/select_--Select--Adernaline 0.'

2018-05-22 19:36:51 - [MESSAGE][PASSED] - All options with index in [72] are selected on object 'Object Repository/DispensaryToCms/Page_Dispensary Store/select_--Select--Adernaline 0.'

2018-05-22 19:36:51 - [TEST_STEP][PASSED] - setText: Text '100' is set on object 'Object Repository/DispensaryToCms/Page_Dispensary Store/input_txttreat'

2018-05-22 19:36:51 - [MESSAGE][PASSED] - Text '100' is set on object 'Object Repository/DispensaryToCms/Page_Dispensary Store/input_txttreat'

2018-05-22 19:36:51 - [TEST_STEP][PASSED] - click: Object: 'Object Repository/DispensaryToCms/Page_Dispensary Store/button_Add' is clicked on

2018-05-22 19:36:51 - [MESSAGE][PASSED] - Object: 'Object Repository/DispensaryToCms/Page_Dispensary Store/button_Add' is clicked on

2018-05-22 19:36:51 - [TEST_STEP][PASSED] - scrollToElement: Scroll to object 'Object Repository/DispensaryToCms/Page_Dispensary Store/input_btnsave' successfully

2018-05-22 19:36:51 - [MESSAGE][PASSED] - Scroll to object 'Object Repository/DispensaryToCms/Page_Dispensary Store/input_btnsave' successfully

2018-05-22 19:36:51 - [TEST_STEP][PASSED] - click: Object: 'Object Repository/DispensaryToCms/Page_Dispensary Store/input_btnsave' is clicked on

2018-05-22 19:36:51 - [MESSAGE][PASSED] - Object: 'Object Repository/DispensaryToCms/Page_Dispensary Store/input_btnsave' is clicked on

2018-05-22 19:36:51 - [TEST_STEP][PASSED] - delay: Delayed 3 second(s)

2018-05-22 19:36:54 - [MESSAGE][PASSED] - Delayed 3 second(s)

2018-05-22 19:36:54 - [TEST_STEP][PASSED] - Statement - RN1 = com.kms.katalon.core.webui.keyword.WebUiBuiltInKeywords.getText(com.kms.katalon.core.testobject.ObjectRepository.findTestObject(DispensaryToCms/Page_Dispensary Store/font_PRNO18052018174)): Text of object 'Object Repository/DispensaryToCms/Page_Dispensary Store/font_PRNO18052018174' is: 'PRNO/22052018/341'

2018-05-22 19:36:54 - [MESSAGE][PASSED] - Text of object 'Object Repository/DispensaryToCms/Page_Dispensary Store/font_PRNO18052018174' is: 'PRNO/22052018/341'

2018-05-22 19:36:54 - [TEST_STEP][PASSED] - Statement - out.println(RN1): null

2018-05-22 19:36:54 - [TEST_STEP][PASSED] - Statement - RID = RN1.split("/")[2]: null

2018-05-22 19:36:54 - [TEST_STEP][PASSED] - click: Object: 'Object Repository/DispensaryToCms/Page_Dispensary Store/button_OK' is clicked on

2018-05-22 19:36:54 - [MESSAGE][PASSED] - Object: 'Object Repository/DispensaryToCms/Page_Dispensary Store/button_OK' is clicked on

2018-05-22 19:36:54 - [TEST_STEP][PASSED] - delay: Delayed 3 second(s)

2018-05-22 19:36:57 - [MESSAGE][PASSED] - Delayed 3 second(s)

2018-05-22 19:36:57 - [TEST_STEP][PASSED] - waitForElementPresent: Object 'Object Repository/DispensaryToStore/Page_Dispensary Store/a_dropdown-toggle' is present

2018-05-22 19:36:57 - [MESSAGE][PASSED] - Object 'Object Repository/DispensaryToStore/Page_Dispensary Store/a_dropdown-toggle' is present

2018-05-22 19:36:57 - [TEST_STEP][PASSED] - click: Object: 'Object Repository/DispensaryToCms/Page_Dispensary Store/a_dropdown-toggle' is clicked on

2018-05-22 19:36:58 - [MESSAGE][PASSED] - Object: 'Object Repository/DispensaryToCms/Page_Dispensary Store/a_dropdown-toggle' is clicked on

2018-05-22 19:36:58 - [TEST_STEP][PASSED] - click: Object: 'Object Repository/DispensaryToCms/Page_Dispensary Store/a_Sign out' is clicked on

2018-05-22 19:36:58 - [MESSAGE][PASSED] - Object: 'Object Repository/DispensaryToCms/Page_Dispensary Store/a_Sign out' is clicked on

2018-05-22 19:36:58 - [TEST_STEP][PASSED] - delay: Delayed 3 second(s)

2018-05-22 19:37:01 - [MESSAGE][PASSED] - Delayed 3 second(s)

2018-05-22 19:37:01 - [TEST_STEP][PASSED] - navigateToUrl: Navigate to 'http://192.168.137.1/multihospital_new/' successfully

2018-05-22 19:37:02 - [MESSAGE][PASSED] - Navigate to 'http://192.168.137.1/multihospital_new/' successfully

2018-05-22 19:37:02 - [TEST_STEP][PASSED] - click: Object: 'Object Repository/DispensaryToCms/Page_KDMC/a_CMO' is clicked on

2018-05-22 19:37:02 - [MESSAGE][PASSED] - Object: 'Object Repository/DispensaryToCms/Page_KDMC/a_CMO' is clicked on

2018-05-22 19:37:02 - [TEST_STEP][PASSED] - setText: Text 'guru' is set on object 'Object Repository/DispensaryToCms/Page_CMO login/input_txtusername'

2018-05-22 19:37:03 - [MESSAGE][PASSED] - Text 'guru' is set on object 'Object Repository/DispensaryToCms/Page_CMO login/input_txtusername'

2018-05-22 19:37:03 - [TEST_STEP][PASSED] - setText: Text '123' is set on object 'Object Repository/DispensaryToCms/Page_CMO login/input_txtpassword'

2018-05-22 19:37:03 - [MESSAGE][PASSED] - Text '123' is set on object 'Object Repository/DispensaryToCms/Page_CMO login/input_txtpassword'

2018-05-22 19:37:03 - [TEST_STEP][PASSED] - delay: Delayed 3 second(s)

2018-05-22 19:37:06 - [MESSAGE][PASSED] - Delayed 3 second(s)

2018-05-22 19:37:06 - [TEST_STEP][PASSED] - click: Object: 'Object Repository/DispensaryToCms/Page_CMO login/button_Sign in' is clicked on

2018-05-22 19:37:07 - [MESSAGE][PASSED] - Object: 'Object Repository/DispensaryToCms/Page_CMO login/button_Sign in' is clicked on

2018-05-22 19:37:07 - [TEST_STEP][PASSED] - delay: Delayed 3 second(s)

2018-05-22 19:37:10 - [MESSAGE][PASSED] - Delayed 3 second(s)

2018-05-22 19:37:10 - [TEST_STEP][PASSED] - click: Object: 'Object Repository/DispensaryToCms/Page_KDMC - CMO/a_CMS Request' is clicked on

2018-05-22 19:37:10 - [MESSAGE][PASSED] - Object: 'Object Repository/DispensaryToCms/Page_KDMC - CMO/a_CMS Request' is clicked on

2018-05-22 19:37:10 - [TEST_STEP][PASSED] - delay: Delayed 2 second(s)

2018-05-22 19:37:12 - [MESSAGE][PASSED] - Delayed 2 second(s)

2018-05-22 19:37:12 - [TEST_STEP][PASSED] - click: Object: 'Object Repository/DispensaryToCms/Page_KDMC - CMO/a_Dispensary Store Request' is clicked on

2018-05-22 19:37:12 - [MESSAGE][PASSED] - Object: 'Object Repository/DispensaryToCms/Page_KDMC - CMO/a_Dispensary Store Request' is clicked on

2018-05-22 19:37:12 - [TEST_STEP][PASSED] - selectOptionByIndex: All options with index in [1] are selected on object 'Object Repository/DispensaryToCms/Page_KDMC - CMO/select_--ALL--'

2018-05-22 19:37:13 - [MESSAGE][PASSED] - All options with index in [1] are selected on object 'Object Repository/DispensaryToCms/Page_KDMC - CMO/select_--ALL--'

2018-05-22 19:37:13 - [TEST_STEP][PASSED] - click: Object: 'Object Repository/DispensaryToCms/Page_KDMC - CMO/input_btnsearch' is clicked on

2018-05-22 19:37:13 - [MESSAGE][PASSED] - Object: 'Object Repository/DispensaryToCms/Page_KDMC - CMO/input_btnsearch' is clicked on

2018-05-22 19:37:13 - [TEST_STEP][PASSED] - Statement - ID = com.kms.katalon.core.webui.keyword.WebUiBuiltInKeywords.modifyObjectProperty(com.kms.katalon.core.testobject.ObjectRepository.findTestObject(lab/Page_KDMC - CMO/input_1), "xpath", "equals", "//*[@id=" + RID + "]", true): Modify property of object successfully

2018-05-22 19:37:13 - [MESSAGE][PASSED] - Modify property of object successfully

2018-05-22 19:37:13 - [TEST_STEP][PASSED] - click: Object: 'Object Repository/lab/Page_KDMC - CMO/input_1' is clicked on

2018-05-22 19:37:13 - [MESSAGE][PASSED] - Object: 'Object Repository/lab/Page_KDMC - CMO/input_1' is clicked on

2018-05-22 19:37:13 - [TEST_STEP][PASSED] - delay: Delayed 2 second(s)

2018-05-22 19:37:15 - [MESSAGE][PASSED] - Delayed 2 second(s)

2018-05-22 19:37:15 - [TEST_STEP][PASSED] - selectOptionByIndex: All options with index in [1] are selected on object 'Object Repository/DispensaryToCms/Page_KDMC - CMO/select_--Select--'

2018-05-22 19:37:16 - [MESSAGE][PASSED] - All options with index in [1] are selected on object 'Object Repository/DispensaryToCms/Page_KDMC - CMO/select_--Select--'

2018-05-22 19:37:16 - [TEST_STEP][PASSED] - click: Object: 'Object Repository/DispensaryToCms/Page_KDMC - CMO/input_btnupdate' is clicked on

2018-05-22 19:37:16 - [MESSAGE][PASSED] - Object: 'Object Repository/DispensaryToCms/Page_KDMC - CMO/input_btnupdate' is clicked on

2018-05-22 19:37:16 - [TEST_STEP][PASSED] - delay: Delayed 2 second(s)

2018-05-22 19:37:18 - [MESSAGE][PASSED] - Delayed 2 second(s)

2018-05-22 19:37:18 - [TEST_STEP][PASSED] - click: Object: 'Object Repository/DispensaryToCms/Page_KDMC - CMO/button_OK' is clicked on

2018-05-22 19:37:18 - [MESSAGE][PASSED] - Object: 'Object Repository/DispensaryToCms/Page_KDMC - CMO/button_OK' is clicked on

2018-05-22 19:37:18 - [TEST_STEP][PASSED] - delay: Delayed 3 second(s)

2018-05-22 19:37:21 - [MESSAGE][PASSED] - Delayed 3 second(s)

2018-05-22 19:37:21 - [TEST_STEP][PASSED] - waitForElementPresent: Object 'Object Repository/DispensaryToStore/Page_Dispensary Store/a_dropdown-toggle' is not present after 20 second(s)

2018-05-22 19:37:42 - [MESSAGE][WARNING] - Object 'Object Repository/DispensaryToStore/Page_Dispensary Store/a_dropdown-toggle' is not present after 20 second(s)

2018-05-22 19:37:42 - [TEST_STEP][PASSED] - click: Object: 'Object Repository/DispensaryToCms/Page_KDMC - CMO/a_dropdown-toggle' is clicked on

2018-05-22 19:37:42 - [MESSAGE][PASSED] - Object: 'Object Repository/DispensaryToCms/Page_KDMC - CMO/a_dropdown-toggle' is clicked on

2018-05-22 19:37:42 - [TEST_STEP][PASSED] - click: Object: 'Object Repository/DispensaryToCms/Page_KDMC - CMO/a_Sign out' is clicked on

2018-05-22 19:37:43 - [MESSAGE][PASSED] - Object: 'Object Repository/DispensaryToCms/Page_KDMC - CMO/a_Sign out' is clicked on

2018-05-22 19:37:43 - [TEST_STEP][PASSED] - delay: Delayed 3 second(s)

2018-05-22 19:37:46 - [MESSAGE][PASSED] - Delayed 3 second(s)

2018-05-22 19:37:46 - [TEST_STEP][PASSED] - click: Object: 'Object Repository/DispensaryToCms/Page_KDMC/a_CMS' is clicked on

2018-05-22 19:37:46 - [MESSAGE][PASSED] - Object: 'Object Repository/DispensaryToCms/Page_KDMC/a_CMS' is clicked on

2018-05-22 19:37:46 - [TEST_STEP][PASSED] - setText: Text 'bala' is set on object 'Object Repository/DispensaryToCms/Page_CMS login/input_txtusername'

2018-05-22 19:37:46 - [MESSAGE][PASSED] - Text 'bala' is set on object 'Object Repository/DispensaryToCms/Page_CMS login/input_txtusername'

2018-05-22 19:37:46 - [TEST_STEP][PASSED] - setText: Text '123' is set on object 'Object Repository/DispensaryToCms/Page_CMS login/input_txtpassword'

2018-05-22 19:37:46 - [MESSAGE][PASSED] - Text '123' is set on object 'Object Repository/DispensaryToCms/Page_CMS login/input_txtpassword'

2018-05-22 19:37:46 - [TEST_STEP][PASSED] - delay: Delayed 3 second(s)

2018-05-22 19:37:49 - [MESSAGE][PASSED] - Delayed 3 second(s)

2018-05-22 19:37:49 - [TEST_STEP][PASSED] - click: Object: 'Object Repository/DispensaryToCms/Page_CMS login/button_Sign in' is clicked on

2018-05-22 19:37:50 - [MESSAGE][PASSED] - Object: 'Object Repository/DispensaryToCms/Page_CMS login/button_Sign in' is clicked on

2018-05-22 19:37:50 - [TEST_STEP][PASSED] - delay: Delayed 3 second(s)

2018-05-22 19:37:53 - [MESSAGE][PASSED] - Delayed 3 second(s)

2018-05-22 19:37:53 - [TEST_STEP][PASSED] - click: Object: 'Object Repository/DispensaryToCms/Page_KDMC - CMS/a_Divisional Store' is clicked on

2018-05-22 19:37:53 - [MESSAGE][PASSED] - Object: 'Object Repository/DispensaryToCms/Page_KDMC - CMS/a_Divisional Store' is clicked on

2018-05-22 19:37:53 - [TEST_STEP][PASSED] - delay: Delayed 2 second(s)

2018-05-22 19:37:55 - [MESSAGE][PASSED] - Delayed 2 second(s)

2018-05-22 19:37:55 - [TEST_STEP][PASSED] - click: Object: 'Object Repository/DispensaryToCms/Page_KDMC - CMS/a_Dispatch Items' is clicked on

2018-05-22 19:37:55 - [MESSAGE][PASSED] - Object: 'Object Repository/DispensaryToCms/Page_KDMC - CMS/a_Dispatch Items' is clicked on

2018-05-22 19:37:55 - [TEST_STEP][PASSED] - delay: Delayed 2 second(s)

2018-05-22 19:37:57 - [MESSAGE][PASSED] - Delayed 2 second(s)

2018-05-22 19:37:57 - [TEST_STEP][PASSED] - setText: Text 'PRNO/22052018/341' is set on object 'Object Repository/DispensaryToCms/Page_KDMC - CMS/input'

2018-05-22 19:37:58 - [MESSAGE][PASSED] - Text 'PRNO/22052018/341' is set on object 'Object Repository/DispensaryToCms/Page_KDMC - CMS/input'

2018-05-22 19:37:58 - [TEST_STEP][PASSED] - click: Object: 'Object Repository/DispensaryToCms/Page_KDMC - CMS/input_PRNO18052018174' is clicked on

2018-05-22 19:37:58 - [MESSAGE][PASSED] - Object: 'Object Repository/DispensaryToCms/Page_KDMC - CMS/input_PRNO18052018174' is clicked on

2018-05-22 19:37:58 - [TEST_STEP][PASSED] - Statement - out.println("Length : " + medicineslength): null

2018-05-22 19:37:58 - [TEST_STEP][PASSED] - Statement - For ([row = 0, row < medicineslength - 1, (row++)]): null

2018-05-22 19:37:58 - [TEST_STEP][PASSED] - Statement - batchlength = new com.kms.katalon.core.testobject.TestObject(): null

2018-05-22 19:37:58 - [TEST_STEP][PASSED] - Statement - batchlength = com.kms.katalon.core.webui.keyword.WebUiBuiltInKeywords.modifyObjectProperty(batchlength, "xpath", "equals", "//*[@id = "fldvendor" + row + ""]", true): Modify property of object successfully

2018-05-22 19:37:58 - [MESSAGE][PASSED] - Modify property of object successfully

2018-05-22 19:37:58 - [TEST_STEP][PASSED] - Statement - batchsize = com.kms.katalon.core.webui.keyword.WebUiBuiltInKeywords.getNumberOfTotalOption(batchlength): 5 options of object '' counted

2018-05-22 19:37:59 - [MESSAGE][PASSED] - 5 options of object '' counted

2018-05-22 19:37:59 - [TEST_STEP][PASSED] - Statement - out.println("BatchSize : " + batchsize): null

2018-05-22 19:37:59 - [TEST_STEP][PASSED] - Statement - For ([n = 1, n <= batchsize - 1, (n++)]): null

2018-05-22 19:37:59 - [TEST_STEP][PASSED] - Statement - product = new com.kms.katalon.core.testobject.TestObject(): null

2018-05-22 19:37:59 - [TEST_STEP][PASSED] - Statement - product = com.kms.katalon.core.webui.keyword.WebUiBuiltInKeywords.modifyObjectProperty(product, "xpath", "equals", "//*[@id = "fldvendor" + row + ""]", true): Modify property of object successfully

2018-05-22 19:37:59 - [MESSAGE][PASSED] - Modify property of object successfully

2018-05-22 19:37:59 - [TEST_STEP][PASSED] - selectOptionByIndex: All options with index in [1] are selected on object ''

2018-05-22 19:38:00 - [MESSAGE][PASSED] - All options with index in [1] are selected on object ''

2018-05-22 19:38:00 - [TEST_STEP][PASSED] - Statement - batch = new com.kms.katalon.core.testobject.TestObject(): null

2018-05-22 19:38:00 - [TEST_STEP][PASSED] - Statement - batch = com.kms.katalon.core.webui.keyword.WebUiBuiltInKeywords.modifyObjectProperty(batch, "xpath", "equals", "//*[@id = "txtbthqty" + row + ""]", true): Modify property of object successfully

2018-05-22 19:38:00 - [MESSAGE][PASSED] - Modify property of object successfully

2018-05-22 19:38:00 - [TEST_STEP][PASSED] - Statement - batchqty = com.kms.katalon.core.webui.keyword.WebUiBuiltInKeywords.getAttribute(batch, "value").trim(): Attribute 'value' of object '' is: ''

2018-05-22 19:38:00 - [MESSAGE][PASSED] - Attribute 'value' of object '' is: ''

2018-05-22 19:38:00 - [TEST_STEP][PASSED] - Statement - Rqty = 100: null

2018-05-22 19:38:00 - [TEST_STEP][PASSED] - delay: Delayed 2 second(s)

2018-05-22 19:38:02 - [MESSAGE][PASSED] - Delayed 2 second(s)

2018-05-22 19:38:02 - [TEST_STEP][PASSED] - Statement - out.println("BatchQty : " + batchqty): null

2018-05-22 19:38:02 - [TEST_STEP][PASSED] - Statement - out.println("RQty : " + Rqty): null

2018-05-22 19:38:02 - [TEST_STEP][PASSED] - Statement - If (java.lang.Integer.valueOf(batchqty) >= java.lang.Integer.valueOf(Rqty)): null]]></system-out>
         <system-err><![CDATA[2018-05-22 19:35:34 - [TEST_CASE][ERROR] - Test Cases/DISPENSARY TEST CASES/TC_DP_014 Verify Schedule 2 Dispensary To CMS Request Are Working Successfully Or Not: Test Cases/DISPENSARY TEST CASES/TC_DP_014 Verify Schedule 2 Dispensary To CMS Request Are Working Successfully Or Not FAILED because (of) java.lang.NumberFormatException: For input string: ""]]></system-err>
      </testcase>
      <testcase name="Test Cases/DISPENSARY TEST CASES/TC_DP_015 Verify Schedule 3 Dispensary To CMS Request Are Working Successfully Or Not" classname="Test Cases/DISPENSARY TEST CASES/TC_DP_015 Verify Schedule 3 Dispensary To CMS Request Are Working Successfully Or Not" status="PASSED">
         <system-out><![CDATA[2018-05-22 19:38:02 - [TEST_CASE][PASSED] - Test Cases/DISPENSARY TEST CASES/TC_DP_015 Verify Schedule 3 Dispensary To CMS Request Are Working Successfully Or Not: Test Cases/DISPENSARY TEST CASES/TC_DP_015 Verify Schedule 3 Dispensary To CMS Request Are Working Successfully Or Not

2018-05-22 19:38:02 - [TEST_STEP][PASSED] - openBrowser: Browser is opened with url: ''

2018-05-22 19:38:02 - [MESSAGE][WARNING] - A browser is already opened. Closing browser and opening a new one

2018-05-22 19:38:05 - [MESSAGE][PASSED] - Browser is opened with url: ''

2018-05-22 19:38:05 - [TEST_STEP][PASSED] - navigateToUrl: Navigate to 'http://192.168.137.1/multihospital_new/HDSplashscreen.aspx' successfully

2018-05-22 19:38:06 - [MESSAGE][PASSED] - Navigate to 'http://192.168.137.1/multihospital_new/HDSplashscreen.aspx' successfully

2018-05-22 19:38:06 - [TEST_STEP][PASSED] - maximizeWindow: Current window maximized

2018-05-22 19:38:07 - [MESSAGE][PASSED] - Current window maximized

2018-05-22 19:38:07 - [TEST_STEP][PASSED] - click: Object: 'Object Repository/DispensaryToCms/Page_KDMC/a_Dispensary Store' is clicked on

2018-05-22 19:38:08 - [MESSAGE][PASSED] - Object: 'Object Repository/DispensaryToCms/Page_KDMC/a_Dispensary Store' is clicked on

2018-05-22 19:38:08 - [TEST_STEP][PASSED] - setText: Text 'rajaram' is set on object 'Object Repository/DispensaryToCms/Page_Dispensary Store Login/input_txtusername'

2018-05-22 19:38:08 - [MESSAGE][PASSED] - Text 'rajaram' is set on object 'Object Repository/DispensaryToCms/Page_Dispensary Store Login/input_txtusername'

2018-05-22 19:38:08 - [TEST_STEP][PASSED] - setText: Text '123' is set on object 'Object Repository/DispensaryToCms/Page_Dispensary Store Login/input_txtpassword'

2018-05-22 19:38:08 - [MESSAGE][PASSED] - Text '123' is set on object 'Object Repository/DispensaryToCms/Page_Dispensary Store Login/input_txtpassword'

2018-05-22 19:38:08 - [TEST_STEP][PASSED] - delay: Delayed 3 second(s)

2018-05-22 19:38:11 - [MESSAGE][PASSED] - Delayed 3 second(s)

2018-05-22 19:38:11 - [TEST_STEP][PASSED] - click: Object: 'Object Repository/DispensaryToCms/Page_Dispensary Store Login/button_Sign in' is clicked on

2018-05-22 19:38:12 - [MESSAGE][PASSED] - Object: 'Object Repository/DispensaryToCms/Page_Dispensary Store Login/button_Sign in' is clicked on

2018-05-22 19:38:12 - [TEST_STEP][PASSED] - delay: Delayed 3 second(s)

2018-05-22 19:38:15 - [MESSAGE][PASSED] - Delayed 3 second(s)

2018-05-22 19:38:15 - [TEST_STEP][PASSED] - click: Object: 'Object Repository/DispensaryToCms/Page_Dispensary Store/a_CMS' is clicked on

2018-05-22 19:38:15 - [MESSAGE][PASSED] - Object: 'Object Repository/DispensaryToCms/Page_Dispensary Store/a_CMS' is clicked on

2018-05-22 19:38:15 - [TEST_STEP][PASSED] - click: Object: 'Object Repository/DispensaryToCms/Page_Dispensary Store/a_Request Send' is clicked on

2018-05-22 19:38:16 - [MESSAGE][PASSED] - Object: 'Object Repository/DispensaryToCms/Page_Dispensary Store/a_Request Send' is clicked on

2018-05-22 19:38:16 - [TEST_STEP][PASSED] - delay: Delayed 2 second(s)

2018-05-22 19:38:18 - [MESSAGE][PASSED] - Delayed 2 second(s)

2018-05-22 19:38:18 - [TEST_STEP][PASSED] - selectOptionByIndex: All options with index in [2] are selected on object 'Object Repository/DispensaryToCms/Page_Dispensary Store/select_--Select--'

2018-05-22 19:38:18 - [MESSAGE][PASSED] - All options with index in [2] are selected on object 'Object Repository/DispensaryToCms/Page_Dispensary Store/select_--Select--'

2018-05-22 19:38:18 - [TEST_STEP][PASSED] - selectOptionByIndex: All options with index in [3] are selected on object 'Object Repository/DispensaryToCms/Page_Dispensary Store/select_--Select--Schedule 1Inj'

2018-05-22 19:38:18 - [MESSAGE][PASSED] - All options with index in [3] are selected on object 'Object Repository/DispensaryToCms/Page_Dispensary Store/select_--Select--Schedule 1Inj'

2018-05-22 19:38:18 - [TEST_STEP][PASSED] - Statement - medicineslength = com.kms.katalon.core.webui.keyword.WebUiBuiltInKeywords.getNumberOfTotalOption(com.kms.katalon.core.testobject.ObjectRepository.findTestObject(DispensaryToCms/Page_Dispensary Store/select_--Select--Adernaline 0.)): 37 options of object 'Object Repository/DispensaryToCms/Page_Dispensary Store/select_--Select--Adernaline 0.' counted

2018-05-22 19:38:18 - [MESSAGE][PASSED] - 37 options of object 'Object Repository/DispensaryToCms/Page_Dispensary Store/select_--Select--Adernaline 0.' counted

2018-05-22 19:38:18 - [TEST_STEP][PASSED] - Statement - For ([e = 1, e <= medicineslength - 1, (e++)]): Object: 'Object Repository/DispensaryToCms/Page_Dispensary Store/button_Add' is clicked on

2018-05-22 19:38:18 - [TEST_STEP][PASSED] - selectOptionByIndex: All options with index in [3] are selected on object 'Object Repository/DispensaryToCms/Page_Dispensary Store/select_--Select--Schedule 1Inj'

2018-05-22 19:38:18 - [MESSAGE][PASSED] - All options with index in [3] are selected on object 'Object Repository/DispensaryToCms/Page_Dispensary Store/select_--Select--Schedule 1Inj'

2018-05-22 19:38:18 - [TEST_STEP][PASSED] - selectOptionByIndex: All options with index in [1] are selected on object 'Object Repository/DispensaryToCms/Page_Dispensary Store/select_--Select--Adernaline 0.'

2018-05-22 19:38:18 - [MESSAGE][PASSED] - All options with index in [1] are selected on object 'Object Repository/DispensaryToCms/Page_Dispensary Store/select_--Select--Adernaline 0.'

2018-05-22 19:38:18 - [TEST_STEP][PASSED] - setText: Text '100' is set on object 'Object Repository/DispensaryToCms/Page_Dispensary Store/input_txttreat'

2018-05-22 19:38:19 - [MESSAGE][PASSED] - Text '100' is set on object 'Object Repository/DispensaryToCms/Page_Dispensary Store/input_txttreat'

2018-05-22 19:38:19 - [TEST_STEP][PASSED] - click: Object: 'Object Repository/DispensaryToCms/Page_Dispensary Store/button_Add' is clicked on

2018-05-22 19:38:19 - [MESSAGE][PASSED] - Object: 'Object Repository/DispensaryToCms/Page_Dispensary Store/button_Add' is clicked on

2018-05-22 19:38:19 - [TEST_STEP][PASSED] - selectOptionByIndex: All options with index in [3] are selected on object 'Object Repository/DispensaryToCms/Page_Dispensary Store/select_--Select--Schedule 1Inj'

2018-05-22 19:38:19 - [MESSAGE][PASSED] - All options with index in [3] are selected on object 'Object Repository/DispensaryToCms/Page_Dispensary Store/select_--Select--Schedule 1Inj'

2018-05-22 19:38:19 - [TEST_STEP][PASSED] - selectOptionByIndex: All options with index in [2] are selected on object 'Object Repository/DispensaryToCms/Page_Dispensary Store/select_--Select--Adernaline 0.'

2018-05-22 19:38:19 - [MESSAGE][PASSED] - All options with index in [2] are selected on object 'Object Repository/DispensaryToCms/Page_Dispensary Store/select_--Select--Adernaline 0.'

2018-05-22 19:38:19 - [TEST_STEP][PASSED] - setText: Text '100' is set on object 'Object Repository/DispensaryToCms/Page_Dispensary Store/input_txttreat'

2018-05-22 19:38:19 - [MESSAGE][PASSED] - Text '100' is set on object 'Object Repository/DispensaryToCms/Page_Dispensary Store/input_txttreat'

2018-05-22 19:38:19 - [TEST_STEP][PASSED] - click: Object: 'Object Repository/DispensaryToCms/Page_Dispensary Store/button_Add' is clicked on

2018-05-22 19:38:19 - [MESSAGE][PASSED] - Object: 'Object Repository/DispensaryToCms/Page_Dispensary Store/button_Add' is clicked on

2018-05-22 19:38:19 - [TEST_STEP][PASSED] - selectOptionByIndex: All options with index in [3] are selected on object 'Object Repository/DispensaryToCms/Page_Dispensary Store/select_--Select--Schedule 1Inj'

2018-05-22 19:38:19 - [MESSAGE][PASSED] - All options with index in [3] are selected on object 'Object Repository/DispensaryToCms/Page_Dispensary Store/select_--Select--Schedule 1Inj'

2018-05-22 19:38:19 - [TEST_STEP][PASSED] - selectOptionByIndex: All options with index in [3] are selected on object 'Object Repository/DispensaryToCms/Page_Dispensary Store/select_--Select--Adernaline 0.'

2018-05-22 19:38:19 - [MESSAGE][PASSED] - All options with index in [3] are selected on object 'Object Repository/DispensaryToCms/Page_Dispensary Store/select_--Select--Adernaline 0.'

2018-05-22 19:38:19 - [TEST_STEP][PASSED] - setText: Text '100' is set on object 'Object Repository/DispensaryToCms/Page_Dispensary Store/input_txttreat'

2018-05-22 19:38:20 - [MESSAGE][PASSED] - Text '100' is set on object 'Object Repository/DispensaryToCms/Page_Dispensary Store/input_txttreat'

2018-05-22 19:38:20 - [TEST_STEP][PASSED] - click: Object: 'Object Repository/DispensaryToCms/Page_Dispensary Store/button_Add' is clicked on

2018-05-22 19:38:20 - [MESSAGE][PASSED] - Object: 'Object Repository/DispensaryToCms/Page_Dispensary Store/button_Add' is clicked on

2018-05-22 19:38:20 - [TEST_STEP][PASSED] - selectOptionByIndex: All options with index in [3] are selected on object 'Object Repository/DispensaryToCms/Page_Dispensary Store/select_--Select--Schedule 1Inj'

2018-05-22 19:38:20 - [MESSAGE][PASSED] - All options with index in [3] are selected on object 'Object Repository/DispensaryToCms/Page_Dispensary Store/select_--Select--Schedule 1Inj'

2018-05-22 19:38:20 - [TEST_STEP][PASSED] - selectOptionByIndex: All options with index in [4] are selected on object 'Object Repository/DispensaryToCms/Page_Dispensary Store/select_--Select--Adernaline 0.'

2018-05-22 19:38:20 - [MESSAGE][PASSED] - All options with index in [4] are selected on object 'Object Repository/DispensaryToCms/Page_Dispensary Store/select_--Select--Adernaline 0.'

2018-05-22 19:38:20 - [TEST_STEP][PASSED] - setText: Text '100' is set on object 'Object Repository/DispensaryToCms/Page_Dispensary Store/input_txttreat'

2018-05-22 19:38:20 - [MESSAGE][PASSED] - Text '100' is set on object 'Object Repository/DispensaryToCms/Page_Dispensary Store/input_txttreat'

2018-05-22 19:38:20 - [TEST_STEP][PASSED] - click: Object: 'Object Repository/DispensaryToCms/Page_Dispensary Store/button_Add' is clicked on

2018-05-22 19:38:20 - [MESSAGE][PASSED] - Object: 'Object Repository/DispensaryToCms/Page_Dispensary Store/button_Add' is clicked on

2018-05-22 19:38:20 - [TEST_STEP][PASSED] - selectOptionByIndex: All options with index in [3] are selected on object 'Object Repository/DispensaryToCms/Page_Dispensary Store/select_--Select--Schedule 1Inj'

2018-05-22 19:38:20 - [MESSAGE][PASSED] - All options with index in [3] are selected on object 'Object Repository/DispensaryToCms/Page_Dispensary Store/select_--Select--Schedule 1Inj'

2018-05-22 19:38:20 - [TEST_STEP][PASSED] - selectOptionByIndex: All options with index in [5] are selected on object 'Object Repository/DispensaryToCms/Page_Dispensary Store/select_--Select--Adernaline 0.'

2018-05-22 19:38:20 - [MESSAGE][PASSED] - All options with index in [5] are selected on object 'Object Repository/DispensaryToCms/Page_Dispensary Store/select_--Select--Adernaline 0.'

2018-05-22 19:38:20 - [TEST_STEP][PASSED] - setText: Text '100' is set on object 'Object Repository/DispensaryToCms/Page_Dispensary Store/input_txttreat'

2018-05-22 19:38:20 - [MESSAGE][PASSED] - Text '100' is set on object 'Object Repository/DispensaryToCms/Page_Dispensary Store/input_txttreat'

2018-05-22 19:38:20 - [TEST_STEP][PASSED] - click: Object: 'Object Repository/DispensaryToCms/Page_Dispensary Store/button_Add' is clicked on

2018-05-22 19:38:20 - [MESSAGE][PASSED] - Object: 'Object Repository/DispensaryToCms/Page_Dispensary Store/button_Add' is clicked on

2018-05-22 19:38:20 - [TEST_STEP][PASSED] - selectOptionByIndex: All options with index in [3] are selected on object 'Object Repository/DispensaryToCms/Page_Dispensary Store/select_--Select--Schedule 1Inj'

2018-05-22 19:38:21 - [MESSAGE][PASSED] - All options with index in [3] are selected on object 'Object Repository/DispensaryToCms/Page_Dispensary Store/select_--Select--Schedule 1Inj'

2018-05-22 19:38:21 - [TEST_STEP][PASSED] - selectOptionByIndex: All options with index in [6] are selected on object 'Object Repository/DispensaryToCms/Page_Dispensary Store/select_--Select--Adernaline 0.'

2018-05-22 19:38:21 - [MESSAGE][PASSED] - All options with index in [6] are selected on object 'Object Repository/DispensaryToCms/Page_Dispensary Store/select_--Select--Adernaline 0.'

2018-05-22 19:38:21 - [TEST_STEP][PASSED] - setText: Text '100' is set on object 'Object Repository/DispensaryToCms/Page_Dispensary Store/input_txttreat'

2018-05-22 19:38:21 - [MESSAGE][PASSED] - Text '100' is set on object 'Object Repository/DispensaryToCms/Page_Dispensary Store/input_txttreat'

2018-05-22 19:38:21 - [TEST_STEP][PASSED] - click: Object: 'Object Repository/DispensaryToCms/Page_Dispensary Store/button_Add' is clicked on

2018-05-22 19:38:21 - [MESSAGE][PASSED] - Object: 'Object Repository/DispensaryToCms/Page_Dispensary Store/button_Add' is clicked on

2018-05-22 19:38:21 - [TEST_STEP][PASSED] - selectOptionByIndex: All options with index in [3] are selected on object 'Object Repository/DispensaryToCms/Page_Dispensary Store/select_--Select--Schedule 1Inj'

2018-05-22 19:38:21 - [MESSAGE][PASSED] - All options with index in [3] are selected on object 'Object Repository/DispensaryToCms/Page_Dispensary Store/select_--Select--Schedule 1Inj'

2018-05-22 19:38:21 - [TEST_STEP][PASSED] - selectOptionByIndex: All options with index in [7] are selected on object 'Object Repository/DispensaryToCms/Page_Dispensary Store/select_--Select--Adernaline 0.'

2018-05-22 19:38:21 - [MESSAGE][PASSED] - All options with index in [7] are selected on object 'Object Repository/DispensaryToCms/Page_Dispensary Store/select_--Select--Adernaline 0.'

2018-05-22 19:38:21 - [TEST_STEP][PASSED] - setText: Text '100' is set on object 'Object Repository/DispensaryToCms/Page_Dispensary Store/input_txttreat'

2018-05-22 19:38:21 - [MESSAGE][PASSED] - Text '100' is set on object 'Object Repository/DispensaryToCms/Page_Dispensary Store/input_txttreat'

2018-05-22 19:38:21 - [TEST_STEP][PASSED] - click: Object: 'Object Repository/DispensaryToCms/Page_Dispensary Store/button_Add' is clicked on

2018-05-22 19:38:21 - [MESSAGE][PASSED] - Object: 'Object Repository/DispensaryToCms/Page_Dispensary Store/button_Add' is clicked on

2018-05-22 19:38:21 - [TEST_STEP][PASSED] - selectOptionByIndex: All options with index in [3] are selected on object 'Object Repository/DispensaryToCms/Page_Dispensary Store/select_--Select--Schedule 1Inj'

2018-05-22 19:38:22 - [MESSAGE][PASSED] - All options with index in [3] are selected on object 'Object Repository/DispensaryToCms/Page_Dispensary Store/select_--Select--Schedule 1Inj'

2018-05-22 19:38:22 - [TEST_STEP][PASSED] - selectOptionByIndex: All options with index in [8] are selected on object 'Object Repository/DispensaryToCms/Page_Dispensary Store/select_--Select--Adernaline 0.'

2018-05-22 19:38:22 - [MESSAGE][PASSED] - All options with index in [8] are selected on object 'Object Repository/DispensaryToCms/Page_Dispensary Store/select_--Select--Adernaline 0.'

2018-05-22 19:38:22 - [TEST_STEP][PASSED] - setText: Text '100' is set on object 'Object Repository/DispensaryToCms/Page_Dispensary Store/input_txttreat'

2018-05-22 19:38:22 - [MESSAGE][PASSED] - Text '100' is set on object 'Object Repository/DispensaryToCms/Page_Dispensary Store/input_txttreat'

2018-05-22 19:38:22 - [TEST_STEP][PASSED] - click: Object: 'Object Repository/DispensaryToCms/Page_Dispensary Store/button_Add' is clicked on

2018-05-22 19:38:22 - [MESSAGE][PASSED] - Object: 'Object Repository/DispensaryToCms/Page_Dispensary Store/button_Add' is clicked on

2018-05-22 19:38:22 - [TEST_STEP][PASSED] - selectOptionByIndex: All options with index in [3] are selected on object 'Object Repository/DispensaryToCms/Page_Dispensary Store/select_--Select--Schedule 1Inj'

2018-05-22 19:38:22 - [MESSAGE][PASSED] - All options with index in [3] are selected on object 'Object Repository/DispensaryToCms/Page_Dispensary Store/select_--Select--Schedule 1Inj'

2018-05-22 19:38:22 - [TEST_STEP][PASSED] - selectOptionByIndex: All options with index in [9] are selected on object 'Object Repository/DispensaryToCms/Page_Dispensary Store/select_--Select--Adernaline 0.'

2018-05-22 19:38:22 - [MESSAGE][PASSED] - All options with index in [9] are selected on object 'Object Repository/DispensaryToCms/Page_Dispensary Store/select_--Select--Adernaline 0.'

2018-05-22 19:38:22 - [TEST_STEP][PASSED] - setText: Text '100' is set on object 'Object Repository/DispensaryToCms/Page_Dispensary Store/input_txttreat'

2018-05-22 19:38:22 - [MESSAGE][PASSED] - Text '100' is set on object 'Object Repository/DispensaryToCms/Page_Dispensary Store/input_txttreat'

2018-05-22 19:38:22 - [TEST_STEP][PASSED] - click: Object: 'Object Repository/DispensaryToCms/Page_Dispensary Store/button_Add' is clicked on

2018-05-22 19:38:22 - [MESSAGE][PASSED] - Object: 'Object Repository/DispensaryToCms/Page_Dispensary Store/button_Add' is clicked on

2018-05-22 19:38:22 - [TEST_STEP][PASSED] - selectOptionByIndex: All options with index in [3] are selected on object 'Object Repository/DispensaryToCms/Page_Dispensary Store/select_--Select--Schedule 1Inj'

2018-05-22 19:38:23 - [MESSAGE][PASSED] - All options with index in [3] are selected on object 'Object Repository/DispensaryToCms/Page_Dispensary Store/select_--Select--Schedule 1Inj'

2018-05-22 19:38:23 - [TEST_STEP][PASSED] - selectOptionByIndex: All options with index in [10] are selected on object 'Object Repository/DispensaryToCms/Page_Dispensary Store/select_--Select--Adernaline 0.'

2018-05-22 19:38:23 - [MESSAGE][PASSED] - All options with index in [10] are selected on object 'Object Repository/DispensaryToCms/Page_Dispensary Store/select_--Select--Adernaline 0.'

2018-05-22 19:38:23 - [TEST_STEP][PASSED] - setText: Text '100' is set on object 'Object Repository/DispensaryToCms/Page_Dispensary Store/input_txttreat'

2018-05-22 19:38:23 - [MESSAGE][PASSED] - Text '100' is set on object 'Object Repository/DispensaryToCms/Page_Dispensary Store/input_txttreat'

2018-05-22 19:38:23 - [TEST_STEP][PASSED] - click: Object: 'Object Repository/DispensaryToCms/Page_Dispensary Store/button_Add' is clicked on

2018-05-22 19:38:23 - [MESSAGE][PASSED] - Object: 'Object Repository/DispensaryToCms/Page_Dispensary Store/button_Add' is clicked on

2018-05-22 19:38:23 - [TEST_STEP][PASSED] - selectOptionByIndex: All options with index in [3] are selected on object 'Object Repository/DispensaryToCms/Page_Dispensary Store/select_--Select--Schedule 1Inj'

2018-05-22 19:38:23 - [MESSAGE][PASSED] - All options with index in [3] are selected on object 'Object Repository/DispensaryToCms/Page_Dispensary Store/select_--Select--Schedule 1Inj'

2018-05-22 19:38:23 - [TEST_STEP][PASSED] - selectOptionByIndex: All options with index in [11] are selected on object 'Object Repository/DispensaryToCms/Page_Dispensary Store/select_--Select--Adernaline 0.'

2018-05-22 19:38:23 - [MESSAGE][PASSED] - All options with index in [11] are selected on object 'Object Repository/DispensaryToCms/Page_Dispensary Store/select_--Select--Adernaline 0.'

2018-05-22 19:38:23 - [TEST_STEP][PASSED] - setText: Text '100' is set on object 'Object Repository/DispensaryToCms/Page_Dispensary Store/input_txttreat'

2018-05-22 19:38:23 - [MESSAGE][PASSED] - Text '100' is set on object 'Object Repository/DispensaryToCms/Page_Dispensary Store/input_txttreat'

2018-05-22 19:38:23 - [TEST_STEP][PASSED] - click: Object: 'Object Repository/DispensaryToCms/Page_Dispensary Store/button_Add' is clicked on

2018-05-22 19:38:23 - [MESSAGE][PASSED] - Object: 'Object Repository/DispensaryToCms/Page_Dispensary Store/button_Add' is clicked on

2018-05-22 19:38:23 - [TEST_STEP][PASSED] - selectOptionByIndex: All options with index in [3] are selected on object 'Object Repository/DispensaryToCms/Page_Dispensary Store/select_--Select--Schedule 1Inj'

2018-05-22 19:38:24 - [MESSAGE][PASSED] - All options with index in [3] are selected on object 'Object Repository/DispensaryToCms/Page_Dispensary Store/select_--Select--Schedule 1Inj'

2018-05-22 19:38:24 - [TEST_STEP][PASSED] - selectOptionByIndex: All options with index in [12] are selected on object 'Object Repository/DispensaryToCms/Page_Dispensary Store/select_--Select--Adernaline 0.'

2018-05-22 19:38:24 - [MESSAGE][PASSED] - All options with index in [12] are selected on object 'Object Repository/DispensaryToCms/Page_Dispensary Store/select_--Select--Adernaline 0.'

2018-05-22 19:38:24 - [TEST_STEP][PASSED] - setText: Text '100' is set on object 'Object Repository/DispensaryToCms/Page_Dispensary Store/input_txttreat'

2018-05-22 19:38:24 - [MESSAGE][PASSED] - Text '100' is set on object 'Object Repository/DispensaryToCms/Page_Dispensary Store/input_txttreat'

2018-05-22 19:38:24 - [TEST_STEP][PASSED] - click: Object: 'Object Repository/DispensaryToCms/Page_Dispensary Store/button_Add' is clicked on

2018-05-22 19:38:24 - [MESSAGE][PASSED] - Object: 'Object Repository/DispensaryToCms/Page_Dispensary Store/button_Add' is clicked on

2018-05-22 19:38:24 - [TEST_STEP][PASSED] - selectOptionByIndex: All options with index in [3] are selected on object 'Object Repository/DispensaryToCms/Page_Dispensary Store/select_--Select--Schedule 1Inj'

2018-05-22 19:38:24 - [MESSAGE][PASSED] - All options with index in [3] are selected on object 'Object Repository/DispensaryToCms/Page_Dispensary Store/select_--Select--Schedule 1Inj'

2018-05-22 19:38:24 - [TEST_STEP][PASSED] - selectOptionByIndex: All options with index in [13] are selected on object 'Object Repository/DispensaryToCms/Page_Dispensary Store/select_--Select--Adernaline 0.'

2018-05-22 19:38:24 - [MESSAGE][PASSED] - All options with index in [13] are selected on object 'Object Repository/DispensaryToCms/Page_Dispensary Store/select_--Select--Adernaline 0.'

2018-05-22 19:38:24 - [TEST_STEP][PASSED] - setText: Text '100' is set on object 'Object Repository/DispensaryToCms/Page_Dispensary Store/input_txttreat'

2018-05-22 19:38:24 - [MESSAGE][PASSED] - Text '100' is set on object 'Object Repository/DispensaryToCms/Page_Dispensary Store/input_txttreat'

2018-05-22 19:38:24 - [TEST_STEP][PASSED] - click: Object: 'Object Repository/DispensaryToCms/Page_Dispensary Store/button_Add' is clicked on

2018-05-22 19:38:24 - [MESSAGE][PASSED] - Object: 'Object Repository/DispensaryToCms/Page_Dispensary Store/button_Add' is clicked on

2018-05-22 19:38:24 - [TEST_STEP][PASSED] - selectOptionByIndex: All options with index in [3] are selected on object 'Object Repository/DispensaryToCms/Page_Dispensary Store/select_--Select--Schedule 1Inj'

2018-05-22 19:38:25 - [MESSAGE][PASSED] - All options with index in [3] are selected on object 'Object Repository/DispensaryToCms/Page_Dispensary Store/select_--Select--Schedule 1Inj'

2018-05-22 19:38:25 - [TEST_STEP][PASSED] - selectOptionByIndex: All options with index in [14] are selected on object 'Object Repository/DispensaryToCms/Page_Dispensary Store/select_--Select--Adernaline 0.'

2018-05-22 19:38:25 - [MESSAGE][PASSED] - All options with index in [14] are selected on object 'Object Repository/DispensaryToCms/Page_Dispensary Store/select_--Select--Adernaline 0.'

2018-05-22 19:38:25 - [TEST_STEP][PASSED] - setText: Text '100' is set on object 'Object Repository/DispensaryToCms/Page_Dispensary Store/input_txttreat'

2018-05-22 19:38:25 - [MESSAGE][PASSED] - Text '100' is set on object 'Object Repository/DispensaryToCms/Page_Dispensary Store/input_txttreat'

2018-05-22 19:38:25 - [TEST_STEP][PASSED] - click: Object: 'Object Repository/DispensaryToCms/Page_Dispensary Store/button_Add' is clicked on

2018-05-22 19:38:25 - [MESSAGE][PASSED] - Object: 'Object Repository/DispensaryToCms/Page_Dispensary Store/button_Add' is clicked on

2018-05-22 19:38:25 - [TEST_STEP][PASSED] - selectOptionByIndex: All options with index in [3] are selected on object 'Object Repository/DispensaryToCms/Page_Dispensary Store/select_--Select--Schedule 1Inj'

2018-05-22 19:38:25 - [MESSAGE][PASSED] - All options with index in [3] are selected on object 'Object Repository/DispensaryToCms/Page_Dispensary Store/select_--Select--Schedule 1Inj'

2018-05-22 19:38:25 - [TEST_STEP][PASSED] - selectOptionByIndex: All options with index in [15] are selected on object 'Object Repository/DispensaryToCms/Page_Dispensary Store/select_--Select--Adernaline 0.'

2018-05-22 19:38:26 - [MESSAGE][PASSED] - All options with index in [15] are selected on object 'Object Repository/DispensaryToCms/Page_Dispensary Store/select_--Select--Adernaline 0.'

2018-05-22 19:38:26 - [TEST_STEP][PASSED] - setText: Text '100' is set on object 'Object Repository/DispensaryToCms/Page_Dispensary Store/input_txttreat'

2018-05-22 19:38:26 - [MESSAGE][PASSED] - Text '100' is set on object 'Object Repository/DispensaryToCms/Page_Dispensary Store/input_txttreat'

2018-05-22 19:38:26 - [TEST_STEP][PASSED] - click: Object: 'Object Repository/DispensaryToCms/Page_Dispensary Store/button_Add' is clicked on

2018-05-22 19:38:26 - [MESSAGE][PASSED] - Object: 'Object Repository/DispensaryToCms/Page_Dispensary Store/button_Add' is clicked on

2018-05-22 19:38:26 - [TEST_STEP][PASSED] - selectOptionByIndex: All options with index in [3] are selected on object 'Object Repository/DispensaryToCms/Page_Dispensary Store/select_--Select--Schedule 1Inj'

2018-05-22 19:38:26 - [MESSAGE][PASSED] - All options with index in [3] are selected on object 'Object Repository/DispensaryToCms/Page_Dispensary Store/select_--Select--Schedule 1Inj'

2018-05-22 19:38:26 - [TEST_STEP][PASSED] - selectOptionByIndex: All options with index in [16] are selected on object 'Object Repository/DispensaryToCms/Page_Dispensary Store/select_--Select--Adernaline 0.'

2018-05-22 19:38:26 - [MESSAGE][PASSED] - All options with index in [16] are selected on object 'Object Repository/DispensaryToCms/Page_Dispensary Store/select_--Select--Adernaline 0.'

2018-05-22 19:38:26 - [TEST_STEP][PASSED] - setText: Text '100' is set on object 'Object Repository/DispensaryToCms/Page_Dispensary Store/input_txttreat'

2018-05-22 19:38:26 - [MESSAGE][PASSED] - Text '100' is set on object 'Object Repository/DispensaryToCms/Page_Dispensary Store/input_txttreat'

2018-05-22 19:38:26 - [TEST_STEP][PASSED] - click: Object: 'Object Repository/DispensaryToCms/Page_Dispensary Store/button_Add' is clicked on

2018-05-22 19:38:26 - [MESSAGE][PASSED] - Object: 'Object Repository/DispensaryToCms/Page_Dispensary Store/button_Add' is clicked on

2018-05-22 19:38:26 - [TEST_STEP][PASSED] - selectOptionByIndex: All options with index in [3] are selected on object 'Object Repository/DispensaryToCms/Page_Dispensary Store/select_--Select--Schedule 1Inj'

2018-05-22 19:38:26 - [MESSAGE][PASSED] - All options with index in [3] are selected on object 'Object Repository/DispensaryToCms/Page_Dispensary Store/select_--Select--Schedule 1Inj'

2018-05-22 19:38:26 - [TEST_STEP][PASSED] - selectOptionByIndex: All options with index in [17] are selected on object 'Object Repository/DispensaryToCms/Page_Dispensary Store/select_--Select--Adernaline 0.'

2018-05-22 19:38:27 - [MESSAGE][PASSED] - All options with index in [17] are selected on object 'Object Repository/DispensaryToCms/Page_Dispensary Store/select_--Select--Adernaline 0.'

2018-05-22 19:38:27 - [TEST_STEP][PASSED] - setText: Text '100' is set on object 'Object Repository/DispensaryToCms/Page_Dispensary Store/input_txttreat'

2018-05-22 19:38:27 - [MESSAGE][PASSED] - Text '100' is set on object 'Object Repository/DispensaryToCms/Page_Dispensary Store/input_txttreat'

2018-05-22 19:38:27 - [TEST_STEP][PASSED] - click: Object: 'Object Repository/DispensaryToCms/Page_Dispensary Store/button_Add' is clicked on

2018-05-22 19:38:27 - [MESSAGE][PASSED] - Object: 'Object Repository/DispensaryToCms/Page_Dispensary Store/button_Add' is clicked on

2018-05-22 19:38:27 - [TEST_STEP][PASSED] - selectOptionByIndex: All options with index in [3] are selected on object 'Object Repository/DispensaryToCms/Page_Dispensary Store/select_--Select--Schedule 1Inj'

2018-05-22 19:38:27 - [MESSAGE][PASSED] - All options with index in [3] are selected on object 'Object Repository/DispensaryToCms/Page_Dispensary Store/select_--Select--Schedule 1Inj'

2018-05-22 19:38:27 - [TEST_STEP][PASSED] - selectOptionByIndex: All options with index in [18] are selected on object 'Object Repository/DispensaryToCms/Page_Dispensary Store/select_--Select--Adernaline 0.'

2018-05-22 19:38:27 - [MESSAGE][PASSED] - All options with index in [18] are selected on object 'Object Repository/DispensaryToCms/Page_Dispensary Store/select_--Select--Adernaline 0.'

2018-05-22 19:38:27 - [TEST_STEP][PASSED] - setText: Text '100' is set on object 'Object Repository/DispensaryToCms/Page_Dispensary Store/input_txttreat'

2018-05-22 19:38:27 - [MESSAGE][PASSED] - Text '100' is set on object 'Object Repository/DispensaryToCms/Page_Dispensary Store/input_txttreat'

2018-05-22 19:38:27 - [TEST_STEP][PASSED] - click: Object: 'Object Repository/DispensaryToCms/Page_Dispensary Store/button_Add' is clicked on

2018-05-22 19:38:27 - [MESSAGE][PASSED] - Object: 'Object Repository/DispensaryToCms/Page_Dispensary Store/button_Add' is clicked on

2018-05-22 19:38:27 - [TEST_STEP][PASSED] - selectOptionByIndex: All options with index in [3] are selected on object 'Object Repository/DispensaryToCms/Page_Dispensary Store/select_--Select--Schedule 1Inj'

2018-05-22 19:38:28 - [MESSAGE][PASSED] - All options with index in [3] are selected on object 'Object Repository/DispensaryToCms/Page_Dispensary Store/select_--Select--Schedule 1Inj'

2018-05-22 19:38:28 - [TEST_STEP][PASSED] - selectOptionByIndex: All options with index in [19] are selected on object 'Object Repository/DispensaryToCms/Page_Dispensary Store/select_--Select--Adernaline 0.'

2018-05-22 19:38:28 - [MESSAGE][PASSED] - All options with index in [19] are selected on object 'Object Repository/DispensaryToCms/Page_Dispensary Store/select_--Select--Adernaline 0.'

2018-05-22 19:38:28 - [TEST_STEP][PASSED] - setText: Text '100' is set on object 'Object Repository/DispensaryToCms/Page_Dispensary Store/input_txttreat'

2018-05-22 19:38:28 - [MESSAGE][PASSED] - Text '100' is set on object 'Object Repository/DispensaryToCms/Page_Dispensary Store/input_txttreat'

2018-05-22 19:38:28 - [TEST_STEP][PASSED] - click: Object: 'Object Repository/DispensaryToCms/Page_Dispensary Store/button_Add' is clicked on

2018-05-22 19:38:28 - [MESSAGE][PASSED] - Object: 'Object Repository/DispensaryToCms/Page_Dispensary Store/button_Add' is clicked on

2018-05-22 19:38:28 - [TEST_STEP][PASSED] - selectOptionByIndex: All options with index in [3] are selected on object 'Object Repository/DispensaryToCms/Page_Dispensary Store/select_--Select--Schedule 1Inj'

2018-05-22 19:38:28 - [MESSAGE][PASSED] - All options with index in [3] are selected on object 'Object Repository/DispensaryToCms/Page_Dispensary Store/select_--Select--Schedule 1Inj'

2018-05-22 19:38:28 - [TEST_STEP][PASSED] - selectOptionByIndex: All options with index in [20] are selected on object 'Object Repository/DispensaryToCms/Page_Dispensary Store/select_--Select--Adernaline 0.'

2018-05-22 19:38:28 - [MESSAGE][PASSED] - All options with index in [20] are selected on object 'Object Repository/DispensaryToCms/Page_Dispensary Store/select_--Select--Adernaline 0.'

2018-05-22 19:38:28 - [TEST_STEP][PASSED] - setText: Text '100' is set on object 'Object Repository/DispensaryToCms/Page_Dispensary Store/input_txttreat'

2018-05-22 19:38:29 - [MESSAGE][PASSED] - Text '100' is set on object 'Object Repository/DispensaryToCms/Page_Dispensary Store/input_txttreat'

2018-05-22 19:38:29 - [TEST_STEP][PASSED] - click: Object: 'Object Repository/DispensaryToCms/Page_Dispensary Store/button_Add' is clicked on

2018-05-22 19:38:29 - [MESSAGE][PASSED] - Object: 'Object Repository/DispensaryToCms/Page_Dispensary Store/button_Add' is clicked on

2018-05-22 19:38:29 - [TEST_STEP][PASSED] - selectOptionByIndex: All options with index in [3] are selected on object 'Object Repository/DispensaryToCms/Page_Dispensary Store/select_--Select--Schedule 1Inj'

2018-05-22 19:38:29 - [MESSAGE][PASSED] - All options with index in [3] are selected on object 'Object Repository/DispensaryToCms/Page_Dispensary Store/select_--Select--Schedule 1Inj'

2018-05-22 19:38:29 - [TEST_STEP][PASSED] - selectOptionByIndex: All options with index in [21] are selected on object 'Object Repository/DispensaryToCms/Page_Dispensary Store/select_--Select--Adernaline 0.'

2018-05-22 19:38:29 - [MESSAGE][PASSED] - All options with index in [21] are selected on object 'Object Repository/DispensaryToCms/Page_Dispensary Store/select_--Select--Adernaline 0.'

2018-05-22 19:38:29 - [TEST_STEP][PASSED] - setText: Text '100' is set on object 'Object Repository/DispensaryToCms/Page_Dispensary Store/input_txttreat'

2018-05-22 19:38:29 - [MESSAGE][PASSED] - Text '100' is set on object 'Object Repository/DispensaryToCms/Page_Dispensary Store/input_txttreat'

2018-05-22 19:38:29 - [TEST_STEP][PASSED] - click: Object: 'Object Repository/DispensaryToCms/Page_Dispensary Store/button_Add' is clicked on

2018-05-22 19:38:29 - [MESSAGE][PASSED] - Object: 'Object Repository/DispensaryToCms/Page_Dispensary Store/button_Add' is clicked on

2018-05-22 19:38:29 - [TEST_STEP][PASSED] - selectOptionByIndex: All options with index in [3] are selected on object 'Object Repository/DispensaryToCms/Page_Dispensary Store/select_--Select--Schedule 1Inj'

2018-05-22 19:38:29 - [MESSAGE][PASSED] - All options with index in [3] are selected on object 'Object Repository/DispensaryToCms/Page_Dispensary Store/select_--Select--Schedule 1Inj'

2018-05-22 19:38:29 - [TEST_STEP][PASSED] - selectOptionByIndex: All options with index in [22] are selected on object 'Object Repository/DispensaryToCms/Page_Dispensary Store/select_--Select--Adernaline 0.'

2018-05-22 19:38:30 - [MESSAGE][PASSED] - All options with index in [22] are selected on object 'Object Repository/DispensaryToCms/Page_Dispensary Store/select_--Select--Adernaline 0.'

2018-05-22 19:38:30 - [TEST_STEP][PASSED] - setText: Text '100' is set on object 'Object Repository/DispensaryToCms/Page_Dispensary Store/input_txttreat'

2018-05-22 19:38:30 - [MESSAGE][PASSED] - Text '100' is set on object 'Object Repository/DispensaryToCms/Page_Dispensary Store/input_txttreat'

2018-05-22 19:38:30 - [TEST_STEP][PASSED] - click: Object: 'Object Repository/DispensaryToCms/Page_Dispensary Store/button_Add' is clicked on

2018-05-22 19:38:30 - [MESSAGE][PASSED] - Object: 'Object Repository/DispensaryToCms/Page_Dispensary Store/button_Add' is clicked on

2018-05-22 19:38:30 - [TEST_STEP][PASSED] - selectOptionByIndex: All options with index in [3] are selected on object 'Object Repository/DispensaryToCms/Page_Dispensary Store/select_--Select--Schedule 1Inj'

2018-05-22 19:38:30 - [MESSAGE][PASSED] - All options with index in [3] are selected on object 'Object Repository/DispensaryToCms/Page_Dispensary Store/select_--Select--Schedule 1Inj'

2018-05-22 19:38:30 - [TEST_STEP][PASSED] - selectOptionByIndex: All options with index in [23] are selected on object 'Object Repository/DispensaryToCms/Page_Dispensary Store/select_--Select--Adernaline 0.'

2018-05-22 19:38:30 - [MESSAGE][PASSED] - All options with index in [23] are selected on object 'Object Repository/DispensaryToCms/Page_Dispensary Store/select_--Select--Adernaline 0.'

2018-05-22 19:38:30 - [TEST_STEP][PASSED] - setText: Text '100' is set on object 'Object Repository/DispensaryToCms/Page_Dispensary Store/input_txttreat'

2018-05-22 19:38:30 - [MESSAGE][PASSED] - Text '100' is set on object 'Object Repository/DispensaryToCms/Page_Dispensary Store/input_txttreat'

2018-05-22 19:38:30 - [TEST_STEP][PASSED] - click: Object: 'Object Repository/DispensaryToCms/Page_Dispensary Store/button_Add' is clicked on

2018-05-22 19:38:31 - [MESSAGE][PASSED] - Object: 'Object Repository/DispensaryToCms/Page_Dispensary Store/button_Add' is clicked on

2018-05-22 19:38:31 - [TEST_STEP][PASSED] - selectOptionByIndex: All options with index in [3] are selected on object 'Object Repository/DispensaryToCms/Page_Dispensary Store/select_--Select--Schedule 1Inj'

2018-05-22 19:38:31 - [MESSAGE][PASSED] - All options with index in [3] are selected on object 'Object Repository/DispensaryToCms/Page_Dispensary Store/select_--Select--Schedule 1Inj'

2018-05-22 19:38:31 - [TEST_STEP][PASSED] - selectOptionByIndex: All options with index in [24] are selected on object 'Object Repository/DispensaryToCms/Page_Dispensary Store/select_--Select--Adernaline 0.'

2018-05-22 19:38:31 - [MESSAGE][PASSED] - All options with index in [24] are selected on object 'Object Repository/DispensaryToCms/Page_Dispensary Store/select_--Select--Adernaline 0.'

2018-05-22 19:38:31 - [TEST_STEP][PASSED] - setText: Text '100' is set on object 'Object Repository/DispensaryToCms/Page_Dispensary Store/input_txttreat'

2018-05-22 19:38:31 - [MESSAGE][PASSED] - Text '100' is set on object 'Object Repository/DispensaryToCms/Page_Dispensary Store/input_txttreat'

2018-05-22 19:38:31 - [TEST_STEP][PASSED] - click: Object: 'Object Repository/DispensaryToCms/Page_Dispensary Store/button_Add' is clicked on

2018-05-22 19:38:31 - [MESSAGE][PASSED] - Object: 'Object Repository/DispensaryToCms/Page_Dispensary Store/button_Add' is clicked on

2018-05-22 19:38:31 - [TEST_STEP][PASSED] - selectOptionByIndex: All options with index in [3] are selected on object 'Object Repository/DispensaryToCms/Page_Dispensary Store/select_--Select--Schedule 1Inj'

2018-05-22 19:38:31 - [MESSAGE][PASSED] - All options with index in [3] are selected on object 'Object Repository/DispensaryToCms/Page_Dispensary Store/select_--Select--Schedule 1Inj'

2018-05-22 19:38:31 - [TEST_STEP][PASSED] - selectOptionByIndex: All options with index in [25] are selected on object 'Object Repository/DispensaryToCms/Page_Dispensary Store/select_--Select--Adernaline 0.'

2018-05-22 19:38:32 - [MESSAGE][PASSED] - All options with index in [25] are selected on object 'Object Repository/DispensaryToCms/Page_Dispensary Store/select_--Select--Adernaline 0.'

2018-05-22 19:38:32 - [TEST_STEP][PASSED] - setText: Text '100' is set on object 'Object Repository/DispensaryToCms/Page_Dispensary Store/input_txttreat'

2018-05-22 19:38:32 - [MESSAGE][PASSED] - Text '100' is set on object 'Object Repository/DispensaryToCms/Page_Dispensary Store/input_txttreat'

2018-05-22 19:38:32 - [TEST_STEP][PASSED] - click: Object: 'Object Repository/DispensaryToCms/Page_Dispensary Store/button_Add' is clicked on

2018-05-22 19:38:32 - [MESSAGE][PASSED] - Object: 'Object Repository/DispensaryToCms/Page_Dispensary Store/button_Add' is clicked on

2018-05-22 19:38:32 - [TEST_STEP][PASSED] - selectOptionByIndex: All options with index in [3] are selected on object 'Object Repository/DispensaryToCms/Page_Dispensary Store/select_--Select--Schedule 1Inj'

2018-05-22 19:38:32 - [MESSAGE][PASSED] - All options with index in [3] are selected on object 'Object Repository/DispensaryToCms/Page_Dispensary Store/select_--Select--Schedule 1Inj'

2018-05-22 19:38:32 - [TEST_STEP][PASSED] - selectOptionByIndex: All options with index in [26] are selected on object 'Object Repository/DispensaryToCms/Page_Dispensary Store/select_--Select--Adernaline 0.'

2018-05-22 19:38:32 - [MESSAGE][PASSED] - All options with index in [26] are selected on object 'Object Repository/DispensaryToCms/Page_Dispensary Store/select_--Select--Adernaline 0.'

2018-05-22 19:38:32 - [TEST_STEP][PASSED] - setText: Text '100' is set on object 'Object Repository/DispensaryToCms/Page_Dispensary Store/input_txttreat'

2018-05-22 19:38:32 - [MESSAGE][PASSED] - Text '100' is set on object 'Object Repository/DispensaryToCms/Page_Dispensary Store/input_txttreat'

2018-05-22 19:38:32 - [TEST_STEP][PASSED] - click: Object: 'Object Repository/DispensaryToCms/Page_Dispensary Store/button_Add' is clicked on

2018-05-22 19:38:33 - [MESSAGE][PASSED] - Object: 'Object Repository/DispensaryToCms/Page_Dispensary Store/button_Add' is clicked on

2018-05-22 19:38:33 - [TEST_STEP][PASSED] - selectOptionByIndex: All options with index in [3] are selected on object 'Object Repository/DispensaryToCms/Page_Dispensary Store/select_--Select--Schedule 1Inj'

2018-05-22 19:38:33 - [MESSAGE][PASSED] - All options with index in [3] are selected on object 'Object Repository/DispensaryToCms/Page_Dispensary Store/select_--Select--Schedule 1Inj'

2018-05-22 19:38:33 - [TEST_STEP][PASSED] - selectOptionByIndex: All options with index in [27] are selected on object 'Object Repository/DispensaryToCms/Page_Dispensary Store/select_--Select--Adernaline 0.'

2018-05-22 19:38:33 - [MESSAGE][PASSED] - All options with index in [27] are selected on object 'Object Repository/DispensaryToCms/Page_Dispensary Store/select_--Select--Adernaline 0.'

2018-05-22 19:38:33 - [TEST_STEP][PASSED] - setText: Text '100' is set on object 'Object Repository/DispensaryToCms/Page_Dispensary Store/input_txttreat'

2018-05-22 19:38:33 - [MESSAGE][PASSED] - Text '100' is set on object 'Object Repository/DispensaryToCms/Page_Dispensary Store/input_txttreat'

2018-05-22 19:38:33 - [TEST_STEP][PASSED] - click: Object: 'Object Repository/DispensaryToCms/Page_Dispensary Store/button_Add' is clicked on

2018-05-22 19:38:33 - [MESSAGE][PASSED] - Object: 'Object Repository/DispensaryToCms/Page_Dispensary Store/button_Add' is clicked on

2018-05-22 19:38:33 - [TEST_STEP][PASSED] - selectOptionByIndex: All options with index in [3] are selected on object 'Object Repository/DispensaryToCms/Page_Dispensary Store/select_--Select--Schedule 1Inj'

2018-05-22 19:38:33 - [MESSAGE][PASSED] - All options with index in [3] are selected on object 'Object Repository/DispensaryToCms/Page_Dispensary Store/select_--Select--Schedule 1Inj'

2018-05-22 19:38:33 - [TEST_STEP][PASSED] - selectOptionByIndex: All options with index in [28] are selected on object 'Object Repository/DispensaryToCms/Page_Dispensary Store/select_--Select--Adernaline 0.'

2018-05-22 19:38:34 - [MESSAGE][PASSED] - All options with index in [28] are selected on object 'Object Repository/DispensaryToCms/Page_Dispensary Store/select_--Select--Adernaline 0.'

2018-05-22 19:38:34 - [TEST_STEP][PASSED] - setText: Text '100' is set on object 'Object Repository/DispensaryToCms/Page_Dispensary Store/input_txttreat'

2018-05-22 19:38:34 - [MESSAGE][PASSED] - Text '100' is set on object 'Object Repository/DispensaryToCms/Page_Dispensary Store/input_txttreat'

2018-05-22 19:38:34 - [TEST_STEP][PASSED] - click: Object: 'Object Repository/DispensaryToCms/Page_Dispensary Store/button_Add' is clicked on

2018-05-22 19:38:34 - [MESSAGE][PASSED] - Object: 'Object Repository/DispensaryToCms/Page_Dispensary Store/button_Add' is clicked on

2018-05-22 19:38:34 - [TEST_STEP][PASSED] - selectOptionByIndex: All options with index in [3] are selected on object 'Object Repository/DispensaryToCms/Page_Dispensary Store/select_--Select--Schedule 1Inj'

2018-05-22 19:38:34 - [MESSAGE][PASSED] - All options with index in [3] are selected on object 'Object Repository/DispensaryToCms/Page_Dispensary Store/select_--Select--Schedule 1Inj'

2018-05-22 19:38:34 - [TEST_STEP][PASSED] - selectOptionByIndex: All options with index in [29] are selected on object 'Object Repository/DispensaryToCms/Page_Dispensary Store/select_--Select--Adernaline 0.'

2018-05-22 19:38:34 - [MESSAGE][PASSED] - All options with index in [29] are selected on object 'Object Repository/DispensaryToCms/Page_Dispensary Store/select_--Select--Adernaline 0.'

2018-05-22 19:38:34 - [TEST_STEP][PASSED] - setText: Text '100' is set on object 'Object Repository/DispensaryToCms/Page_Dispensary Store/input_txttreat'

2018-05-22 19:38:34 - [MESSAGE][PASSED] - Text '100' is set on object 'Object Repository/DispensaryToCms/Page_Dispensary Store/input_txttreat'

2018-05-22 19:38:34 - [TEST_STEP][PASSED] - click: Object: 'Object Repository/DispensaryToCms/Page_Dispensary Store/button_Add' is clicked on

2018-05-22 19:38:35 - [MESSAGE][PASSED] - Object: 'Object Repository/DispensaryToCms/Page_Dispensary Store/button_Add' is clicked on

2018-05-22 19:38:35 - [TEST_STEP][PASSED] - selectOptionByIndex: All options with index in [3] are selected on object 'Object Repository/DispensaryToCms/Page_Dispensary Store/select_--Select--Schedule 1Inj'

2018-05-22 19:38:35 - [MESSAGE][PASSED] - All options with index in [3] are selected on object 'Object Repository/DispensaryToCms/Page_Dispensary Store/select_--Select--Schedule 1Inj'

2018-05-22 19:38:35 - [TEST_STEP][PASSED] - selectOptionByIndex: All options with index in [30] are selected on object 'Object Repository/DispensaryToCms/Page_Dispensary Store/select_--Select--Adernaline 0.'

2018-05-22 19:38:35 - [MESSAGE][PASSED] - All options with index in [30] are selected on object 'Object Repository/DispensaryToCms/Page_Dispensary Store/select_--Select--Adernaline 0.'

2018-05-22 19:38:35 - [TEST_STEP][PASSED] - setText: Text '100' is set on object 'Object Repository/DispensaryToCms/Page_Dispensary Store/input_txttreat'

2018-05-22 19:38:35 - [MESSAGE][PASSED] - Text '100' is set on object 'Object Repository/DispensaryToCms/Page_Dispensary Store/input_txttreat'

2018-05-22 19:38:35 - [TEST_STEP][PASSED] - click: Object: 'Object Repository/DispensaryToCms/Page_Dispensary Store/button_Add' is clicked on

2018-05-22 19:38:35 - [MESSAGE][PASSED] - Object: 'Object Repository/DispensaryToCms/Page_Dispensary Store/button_Add' is clicked on

2018-05-22 19:38:35 - [TEST_STEP][PASSED] - selectOptionByIndex: All options with index in [3] are selected on object 'Object Repository/DispensaryToCms/Page_Dispensary Store/select_--Select--Schedule 1Inj'

2018-05-22 19:38:35 - [MESSAGE][PASSED] - All options with index in [3] are selected on object 'Object Repository/DispensaryToCms/Page_Dispensary Store/select_--Select--Schedule 1Inj'

2018-05-22 19:38:35 - [TEST_STEP][PASSED] - selectOptionByIndex: All options with index in [31] are selected on object 'Object Repository/DispensaryToCms/Page_Dispensary Store/select_--Select--Adernaline 0.'

2018-05-22 19:38:36 - [MESSAGE][PASSED] - All options with index in [31] are selected on object 'Object Repository/DispensaryToCms/Page_Dispensary Store/select_--Select--Adernaline 0.'

2018-05-22 19:38:36 - [TEST_STEP][PASSED] - setText: Text '100' is set on object 'Object Repository/DispensaryToCms/Page_Dispensary Store/input_txttreat'

2018-05-22 19:38:36 - [MESSAGE][PASSED] - Text '100' is set on object 'Object Repository/DispensaryToCms/Page_Dispensary Store/input_txttreat'

2018-05-22 19:38:36 - [TEST_STEP][PASSED] - click: Object: 'Object Repository/DispensaryToCms/Page_Dispensary Store/button_Add' is clicked on

2018-05-22 19:38:36 - [MESSAGE][PASSED] - Object: 'Object Repository/DispensaryToCms/Page_Dispensary Store/button_Add' is clicked on

2018-05-22 19:38:36 - [TEST_STEP][PASSED] - selectOptionByIndex: All options with index in [3] are selected on object 'Object Repository/DispensaryToCms/Page_Dispensary Store/select_--Select--Schedule 1Inj'

2018-05-22 19:38:36 - [MESSAGE][PASSED] - All options with index in [3] are selected on object 'Object Repository/DispensaryToCms/Page_Dispensary Store/select_--Select--Schedule 1Inj'

2018-05-22 19:38:36 - [TEST_STEP][PASSED] - selectOptionByIndex: All options with index in [32] are selected on object 'Object Repository/DispensaryToCms/Page_Dispensary Store/select_--Select--Adernaline 0.'

2018-05-22 19:38:36 - [MESSAGE][PASSED] - All options with index in [32] are selected on object 'Object Repository/DispensaryToCms/Page_Dispensary Store/select_--Select--Adernaline 0.'

2018-05-22 19:38:36 - [TEST_STEP][PASSED] - setText: Text '100' is set on object 'Object Repository/DispensaryToCms/Page_Dispensary Store/input_txttreat'

2018-05-22 19:38:37 - [MESSAGE][PASSED] - Text '100' is set on object 'Object Repository/DispensaryToCms/Page_Dispensary Store/input_txttreat'

2018-05-22 19:38:37 - [TEST_STEP][PASSED] - click: Object: 'Object Repository/DispensaryToCms/Page_Dispensary Store/button_Add' is clicked on

2018-05-22 19:38:37 - [MESSAGE][PASSED] - Object: 'Object Repository/DispensaryToCms/Page_Dispensary Store/button_Add' is clicked on

2018-05-22 19:38:37 - [TEST_STEP][PASSED] - selectOptionByIndex: All options with index in [3] are selected on object 'Object Repository/DispensaryToCms/Page_Dispensary Store/select_--Select--Schedule 1Inj'

2018-05-22 19:38:37 - [MESSAGE][PASSED] - All options with index in [3] are selected on object 'Object Repository/DispensaryToCms/Page_Dispensary Store/select_--Select--Schedule 1Inj'

2018-05-22 19:38:37 - [TEST_STEP][PASSED] - selectOptionByIndex: All options with index in [33] are selected on object 'Object Repository/DispensaryToCms/Page_Dispensary Store/select_--Select--Adernaline 0.'

2018-05-22 19:38:37 - [MESSAGE][PASSED] - All options with index in [33] are selected on object 'Object Repository/DispensaryToCms/Page_Dispensary Store/select_--Select--Adernaline 0.'

2018-05-22 19:38:37 - [TEST_STEP][PASSED] - setText: Text '100' is set on object 'Object Repository/DispensaryToCms/Page_Dispensary Store/input_txttreat'

2018-05-22 19:38:37 - [MESSAGE][PASSED] - Text '100' is set on object 'Object Repository/DispensaryToCms/Page_Dispensary Store/input_txttreat'

2018-05-22 19:38:37 - [TEST_STEP][PASSED] - click: Object: 'Object Repository/DispensaryToCms/Page_Dispensary Store/button_Add' is clicked on

2018-05-22 19:38:37 - [MESSAGE][PASSED] - Object: 'Object Repository/DispensaryToCms/Page_Dispensary Store/button_Add' is clicked on

2018-05-22 19:38:37 - [TEST_STEP][PASSED] - selectOptionByIndex: All options with index in [3] are selected on object 'Object Repository/DispensaryToCms/Page_Dispensary Store/select_--Select--Schedule 1Inj'

2018-05-22 19:38:38 - [MESSAGE][PASSED] - All options with index in [3] are selected on object 'Object Repository/DispensaryToCms/Page_Dispensary Store/select_--Select--Schedule 1Inj'

2018-05-22 19:38:38 - [TEST_STEP][PASSED] - selectOptionByIndex: All options with index in [34] are selected on object 'Object Repository/DispensaryToCms/Page_Dispensary Store/select_--Select--Adernaline 0.'

2018-05-22 19:38:38 - [MESSAGE][PASSED] - All options with index in [34] are selected on object 'Object Repository/DispensaryToCms/Page_Dispensary Store/select_--Select--Adernaline 0.'

2018-05-22 19:38:38 - [TEST_STEP][PASSED] - setText: Text '100' is set on object 'Object Repository/DispensaryToCms/Page_Dispensary Store/input_txttreat'

2018-05-22 19:38:38 - [MESSAGE][PASSED] - Text '100' is set on object 'Object Repository/DispensaryToCms/Page_Dispensary Store/input_txttreat'

2018-05-22 19:38:38 - [TEST_STEP][PASSED] - click: Object: 'Object Repository/DispensaryToCms/Page_Dispensary Store/button_Add' is clicked on

2018-05-22 19:38:38 - [MESSAGE][PASSED] - Object: 'Object Repository/DispensaryToCms/Page_Dispensary Store/button_Add' is clicked on

2018-05-22 19:38:38 - [TEST_STEP][PASSED] - selectOptionByIndex: All options with index in [3] are selected on object 'Object Repository/DispensaryToCms/Page_Dispensary Store/select_--Select--Schedule 1Inj'

2018-05-22 19:38:38 - [MESSAGE][PASSED] - All options with index in [3] are selected on object 'Object Repository/DispensaryToCms/Page_Dispensary Store/select_--Select--Schedule 1Inj'

2018-05-22 19:38:38 - [TEST_STEP][PASSED] - selectOptionByIndex: All options with index in [35] are selected on object 'Object Repository/DispensaryToCms/Page_Dispensary Store/select_--Select--Adernaline 0.'

2018-05-22 19:38:39 - [MESSAGE][PASSED] - All options with index in [35] are selected on object 'Object Repository/DispensaryToCms/Page_Dispensary Store/select_--Select--Adernaline 0.'

2018-05-22 19:38:39 - [TEST_STEP][PASSED] - setText: Text '100' is set on object 'Object Repository/DispensaryToCms/Page_Dispensary Store/input_txttreat'

2018-05-22 19:38:39 - [MESSAGE][PASSED] - Text '100' is set on object 'Object Repository/DispensaryToCms/Page_Dispensary Store/input_txttreat'

2018-05-22 19:38:39 - [TEST_STEP][PASSED] - click: Object: 'Object Repository/DispensaryToCms/Page_Dispensary Store/button_Add' is clicked on

2018-05-22 19:38:39 - [MESSAGE][PASSED] - Object: 'Object Repository/DispensaryToCms/Page_Dispensary Store/button_Add' is clicked on

2018-05-22 19:38:39 - [TEST_STEP][PASSED] - selectOptionByIndex: All options with index in [3] are selected on object 'Object Repository/DispensaryToCms/Page_Dispensary Store/select_--Select--Schedule 1Inj'

2018-05-22 19:38:39 - [MESSAGE][PASSED] - All options with index in [3] are selected on object 'Object Repository/DispensaryToCms/Page_Dispensary Store/select_--Select--Schedule 1Inj'

2018-05-22 19:38:39 - [TEST_STEP][PASSED] - selectOptionByIndex: All options with index in [36] are selected on object 'Object Repository/DispensaryToCms/Page_Dispensary Store/select_--Select--Adernaline 0.'

2018-05-22 19:38:39 - [MESSAGE][PASSED] - All options with index in [36] are selected on object 'Object Repository/DispensaryToCms/Page_Dispensary Store/select_--Select--Adernaline 0.'

2018-05-22 19:38:39 - [TEST_STEP][PASSED] - setText: Text '100' is set on object 'Object Repository/DispensaryToCms/Page_Dispensary Store/input_txttreat'

2018-05-22 19:38:40 - [MESSAGE][PASSED] - Text '100' is set on object 'Object Repository/DispensaryToCms/Page_Dispensary Store/input_txttreat'

2018-05-22 19:38:40 - [TEST_STEP][PASSED] - click: Object: 'Object Repository/DispensaryToCms/Page_Dispensary Store/button_Add' is clicked on

2018-05-22 19:38:40 - [MESSAGE][PASSED] - Object: 'Object Repository/DispensaryToCms/Page_Dispensary Store/button_Add' is clicked on

2018-05-22 19:38:40 - [TEST_STEP][PASSED] - scrollToElement: Scroll to object 'Object Repository/DispensaryToCms/Page_Dispensary Store/input_btnsave' successfully

2018-05-22 19:38:40 - [MESSAGE][PASSED] - Scroll to object 'Object Repository/DispensaryToCms/Page_Dispensary Store/input_btnsave' successfully

2018-05-22 19:38:40 - [TEST_STEP][PASSED] - click: Object: 'Object Repository/DispensaryToCms/Page_Dispensary Store/input_btnsave' is clicked on

2018-05-22 19:38:40 - [MESSAGE][PASSED] - Object: 'Object Repository/DispensaryToCms/Page_Dispensary Store/input_btnsave' is clicked on

2018-05-22 19:38:40 - [TEST_STEP][PASSED] - delay: Delayed 3 second(s)

2018-05-22 19:38:43 - [MESSAGE][PASSED] - Delayed 3 second(s)

2018-05-22 19:38:43 - [TEST_STEP][PASSED] - Statement - RN1 = com.kms.katalon.core.webui.keyword.WebUiBuiltInKeywords.getText(com.kms.katalon.core.testobject.ObjectRepository.findTestObject(DispensaryToCms/Page_Dispensary Store/font_PRNO18052018174)): Text of object 'Object Repository/DispensaryToCms/Page_Dispensary Store/font_PRNO18052018174' is: 'PRNO/22052018/342'

2018-05-22 19:38:43 - [MESSAGE][PASSED] - Text of object 'Object Repository/DispensaryToCms/Page_Dispensary Store/font_PRNO18052018174' is: 'PRNO/22052018/342'

2018-05-22 19:38:43 - [TEST_STEP][PASSED] - Statement - out.println(RN1): null

2018-05-22 19:38:43 - [TEST_STEP][PASSED] - Statement - RID = RN1.split("/")[2]: null

2018-05-22 19:38:43 - [TEST_STEP][PASSED] - click: Object: 'Object Repository/DispensaryToCms/Page_Dispensary Store/button_OK' is clicked on

2018-05-22 19:38:43 - [MESSAGE][PASSED] - Object: 'Object Repository/DispensaryToCms/Page_Dispensary Store/button_OK' is clicked on

2018-05-22 19:38:43 - [TEST_STEP][PASSED] - delay: Delayed 3 second(s)

2018-05-22 19:38:46 - [MESSAGE][PASSED] - Delayed 3 second(s)

2018-05-22 19:38:46 - [TEST_STEP][PASSED] - waitForElementPresent: Object 'Object Repository/DispensaryToStore/Page_Dispensary Store/a_dropdown-toggle' is present

2018-05-22 19:38:46 - [MESSAGE][PASSED] - Object 'Object Repository/DispensaryToStore/Page_Dispensary Store/a_dropdown-toggle' is present

2018-05-22 19:38:46 - [TEST_STEP][PASSED] - click: Object: 'Object Repository/DispensaryToCms/Page_Dispensary Store/a_dropdown-toggle' is clicked on

2018-05-22 19:38:46 - [MESSAGE][PASSED] - Object: 'Object Repository/DispensaryToCms/Page_Dispensary Store/a_dropdown-toggle' is clicked on

2018-05-22 19:38:46 - [TEST_STEP][PASSED] - click: Object: 'Object Repository/DispensaryToCms/Page_Dispensary Store/a_Sign out' is clicked on

2018-05-22 19:38:47 - [MESSAGE][PASSED] - Object: 'Object Repository/DispensaryToCms/Page_Dispensary Store/a_Sign out' is clicked on

2018-05-22 19:38:47 - [TEST_STEP][PASSED] - delay: Delayed 3 second(s)

2018-05-22 19:38:50 - [MESSAGE][PASSED] - Delayed 3 second(s)

2018-05-22 19:38:50 - [TEST_STEP][PASSED] - navigateToUrl: Navigate to 'http://192.168.137.1/multihospital_new/' successfully

2018-05-22 19:38:51 - [MESSAGE][PASSED] - Navigate to 'http://192.168.137.1/multihospital_new/' successfully

2018-05-22 19:38:51 - [TEST_STEP][PASSED] - click: Object: 'Object Repository/DispensaryToCms/Page_KDMC/a_CMO' is clicked on

2018-05-22 19:38:51 - [MESSAGE][PASSED] - Object: 'Object Repository/DispensaryToCms/Page_KDMC/a_CMO' is clicked on

2018-05-22 19:38:51 - [TEST_STEP][PASSED] - setText: Text 'guru' is set on object 'Object Repository/DispensaryToCms/Page_CMO login/input_txtusername'

2018-05-22 19:38:51 - [MESSAGE][PASSED] - Text 'guru' is set on object 'Object Repository/DispensaryToCms/Page_CMO login/input_txtusername'

2018-05-22 19:38:51 - [TEST_STEP][PASSED] - setText: Text '123' is set on object 'Object Repository/DispensaryToCms/Page_CMO login/input_txtpassword'

2018-05-22 19:38:52 - [MESSAGE][PASSED] - Text '123' is set on object 'Object Repository/DispensaryToCms/Page_CMO login/input_txtpassword'

2018-05-22 19:38:52 - [TEST_STEP][PASSED] - delay: Delayed 3 second(s)

2018-05-22 19:38:55 - [MESSAGE][PASSED] - Delayed 3 second(s)

2018-05-22 19:38:55 - [TEST_STEP][PASSED] - click: Object: 'Object Repository/DispensaryToCms/Page_CMO login/button_Sign in' is clicked on

2018-05-22 19:38:55 - [MESSAGE][PASSED] - Object: 'Object Repository/DispensaryToCms/Page_CMO login/button_Sign in' is clicked on

2018-05-22 19:38:55 - [TEST_STEP][PASSED] - delay: Delayed 3 second(s)

2018-05-22 19:38:59 - [MESSAGE][PASSED] - Delayed 3 second(s)

2018-05-22 19:38:59 - [TEST_STEP][PASSED] - click: Object: 'Object Repository/DispensaryToCms/Page_KDMC - CMO/a_CMS Request' is clicked on

2018-05-22 19:38:59 - [MESSAGE][PASSED] - Object: 'Object Repository/DispensaryToCms/Page_KDMC - CMO/a_CMS Request' is clicked on

2018-05-22 19:38:59 - [TEST_STEP][PASSED] - delay: Delayed 2 second(s)

2018-05-22 19:39:01 - [MESSAGE][PASSED] - Delayed 2 second(s)

2018-05-22 19:39:01 - [TEST_STEP][PASSED] - click: Object: 'Object Repository/DispensaryToCms/Page_KDMC - CMO/a_Dispensary Store Request' is clicked on

2018-05-22 19:39:01 - [MESSAGE][PASSED] - Object: 'Object Repository/DispensaryToCms/Page_KDMC - CMO/a_Dispensary Store Request' is clicked on

2018-05-22 19:39:01 - [TEST_STEP][PASSED] - selectOptionByIndex: All options with index in [1] are selected on object 'Object Repository/DispensaryToCms/Page_KDMC - CMO/select_--ALL--'

2018-05-22 19:39:01 - [MESSAGE][PASSED] - All options with index in [1] are selected on object 'Object Repository/DispensaryToCms/Page_KDMC - CMO/select_--ALL--'

2018-05-22 19:39:01 - [TEST_STEP][PASSED] - click: Object: 'Object Repository/DispensaryToCms/Page_KDMC - CMO/input_btnsearch' is clicked on

2018-05-22 19:39:01 - [MESSAGE][PASSED] - Object: 'Object Repository/DispensaryToCms/Page_KDMC - CMO/input_btnsearch' is clicked on

2018-05-22 19:39:01 - [TEST_STEP][PASSED] - Statement - ID = com.kms.katalon.core.webui.keyword.WebUiBuiltInKeywords.modifyObjectProperty(com.kms.katalon.core.testobject.ObjectRepository.findTestObject(lab/Page_KDMC - CMO/input_1), "xpath", "equals", "//*[@id=" + RID + "]", true): Modify property of object successfully

2018-05-22 19:39:01 - [MESSAGE][PASSED] - Modify property of object successfully

2018-05-22 19:39:01 - [TEST_STEP][PASSED] - click: Object: 'Object Repository/lab/Page_KDMC - CMO/input_1' is clicked on

2018-05-22 19:39:02 - [MESSAGE][PASSED] - Object: 'Object Repository/lab/Page_KDMC - CMO/input_1' is clicked on

2018-05-22 19:39:02 - [TEST_STEP][PASSED] - delay: Delayed 2 second(s)

2018-05-22 19:39:04 - [MESSAGE][PASSED] - Delayed 2 second(s)

2018-05-22 19:39:04 - [TEST_STEP][PASSED] - selectOptionByIndex: All options with index in [1] are selected on object 'Object Repository/DispensaryToCms/Page_KDMC - CMO/select_--Select--'

2018-05-22 19:39:04 - [MESSAGE][PASSED] - All options with index in [1] are selected on object 'Object Repository/DispensaryToCms/Page_KDMC - CMO/select_--Select--'

2018-05-22 19:39:04 - [TEST_STEP][PASSED] - click: Object: 'Object Repository/DispensaryToCms/Page_KDMC - CMO/input_btnupdate' is clicked on

2018-05-22 19:39:04 - [MESSAGE][PASSED] - Object: 'Object Repository/DispensaryToCms/Page_KDMC - CMO/input_btnupdate' is clicked on

2018-05-22 19:39:04 - [TEST_STEP][PASSED] - delay: Delayed 2 second(s)

2018-05-22 19:39:06 - [MESSAGE][PASSED] - Delayed 2 second(s)

2018-05-22 19:39:06 - [TEST_STEP][PASSED] - click: Object: 'Object Repository/DispensaryToCms/Page_KDMC - CMO/button_OK' is clicked on

2018-05-22 19:39:07 - [MESSAGE][PASSED] - Object: 'Object Repository/DispensaryToCms/Page_KDMC - CMO/button_OK' is clicked on

2018-05-22 19:39:07 - [TEST_STEP][PASSED] - delay: Delayed 3 second(s)

2018-05-22 19:39:10 - [MESSAGE][PASSED] - Delayed 3 second(s)

2018-05-22 19:39:10 - [TEST_STEP][PASSED] - waitForElementPresent: Object 'Object Repository/DispensaryToStore/Page_Dispensary Store/a_dropdown-toggle' is not present after 20 second(s)

2018-05-22 19:39:31 - [MESSAGE][WARNING] - Object 'Object Repository/DispensaryToStore/Page_Dispensary Store/a_dropdown-toggle' is not present after 20 second(s)

2018-05-22 19:39:31 - [TEST_STEP][PASSED] - click: Object: 'Object Repository/DispensaryToCms/Page_KDMC - CMO/a_dropdown-toggle' is clicked on

2018-05-22 19:39:31 - [MESSAGE][PASSED] - Object: 'Object Repository/DispensaryToCms/Page_KDMC - CMO/a_dropdown-toggle' is clicked on

2018-05-22 19:39:31 - [TEST_STEP][PASSED] - click: Object: 'Object Repository/DispensaryToCms/Page_KDMC - CMO/a_Sign out' is clicked on

2018-05-22 19:39:31 - [MESSAGE][PASSED] - Object: 'Object Repository/DispensaryToCms/Page_KDMC - CMO/a_Sign out' is clicked on

2018-05-22 19:39:31 - [TEST_STEP][PASSED] - delay: Delayed 3 second(s)

2018-05-22 19:39:34 - [MESSAGE][PASSED] - Delayed 3 second(s)

2018-05-22 19:39:34 - [TEST_STEP][PASSED] - click: Object: 'Object Repository/DispensaryToCms/Page_KDMC/a_CMS' is clicked on

2018-05-22 19:39:35 - [MESSAGE][PASSED] - Object: 'Object Repository/DispensaryToCms/Page_KDMC/a_CMS' is clicked on

2018-05-22 19:39:35 - [TEST_STEP][PASSED] - setText: Text 'bala' is set on object 'Object Repository/DispensaryToCms/Page_CMS login/input_txtusername'

2018-05-22 19:39:36 - [MESSAGE][PASSED] - Text 'bala' is set on object 'Object Repository/DispensaryToCms/Page_CMS login/input_txtusername'

2018-05-22 19:39:36 - [TEST_STEP][PASSED] - setText: Text '123' is set on object 'Object Repository/DispensaryToCms/Page_CMS login/input_txtpassword'

2018-05-22 19:39:36 - [MESSAGE][PASSED] - Text '123' is set on object 'Object Repository/DispensaryToCms/Page_CMS login/input_txtpassword'

2018-05-22 19:39:36 - [TEST_STEP][PASSED] - delay: Delayed 3 second(s)

2018-05-22 19:39:39 - [MESSAGE][PASSED] - Delayed 3 second(s)

2018-05-22 19:39:39 - [TEST_STEP][PASSED] - click: Object: 'Object Repository/DispensaryToCms/Page_CMS login/button_Sign in' is clicked on

2018-05-22 19:39:39 - [MESSAGE][PASSED] - Object: 'Object Repository/DispensaryToCms/Page_CMS login/button_Sign in' is clicked on

2018-05-22 19:39:39 - [TEST_STEP][PASSED] - delay: Delayed 3 second(s)

2018-05-22 19:39:42 - [MESSAGE][PASSED] - Delayed 3 second(s)

2018-05-22 19:39:42 - [TEST_STEP][PASSED] - click: Object: 'Object Repository/DispensaryToCms/Page_KDMC - CMS/a_Divisional Store' is clicked on

2018-05-22 19:39:42 - [MESSAGE][PASSED] - Object: 'Object Repository/DispensaryToCms/Page_KDMC - CMS/a_Divisional Store' is clicked on

2018-05-22 19:39:42 - [TEST_STEP][PASSED] - delay: Delayed 2 second(s)

2018-05-22 19:39:44 - [MESSAGE][PASSED] - Delayed 2 second(s)

2018-05-22 19:39:44 - [TEST_STEP][PASSED] - click: Object: 'Object Repository/DispensaryToCms/Page_KDMC - CMS/a_Dispatch Items' is clicked on

2018-05-22 19:39:48 - [MESSAGE][PASSED] - Object: 'Object Repository/DispensaryToCms/Page_KDMC - CMS/a_Dispatch Items' is clicked on

2018-05-22 19:39:48 - [TEST_STEP][PASSED] - delay: Delayed 2 second(s)

2018-05-22 19:39:50 - [MESSAGE][PASSED] - Delayed 2 second(s)

2018-05-22 19:39:50 - [TEST_STEP][PASSED] - setText: Text 'PRNO/22052018/342' is set on object 'Object Repository/DispensaryToCms/Page_KDMC - CMS/input'

2018-05-22 19:39:50 - [MESSAGE][PASSED] - Text 'PRNO/22052018/342' is set on object 'Object Repository/DispensaryToCms/Page_KDMC - CMS/input'

2018-05-22 19:39:50 - [TEST_STEP][PASSED] - click: Object: 'Object Repository/DispensaryToCms/Page_KDMC - CMS/input_PRNO18052018174' is clicked on

2018-05-22 19:39:50 - [MESSAGE][PASSED] - Object: 'Object Repository/DispensaryToCms/Page_KDMC - CMS/input_PRNO18052018174' is clicked on

2018-05-22 19:39:50 - [TEST_STEP][PASSED] - Statement - out.println("Length : " + medicineslength): null

2018-05-22 19:39:50 - [TEST_STEP][PASSED] - Statement - For ([row = 0, row < medicineslength - 1, (row++)]): null

2018-05-22 19:39:50 - [TEST_STEP][PASSED] - Statement - batchlength = new com.kms.katalon.core.testobject.TestObject(): null

2018-05-22 19:39:50 - [TEST_STEP][PASSED] - Statement - batchlength = com.kms.katalon.core.webui.keyword.WebUiBuiltInKeywords.modifyObjectProperty(batchlength, "xpath", "equals", "//*[@id = "fldvendor" + row + ""]", true): Modify property of object successfully

2018-05-22 19:39:50 - [MESSAGE][PASSED] - Modify property of object successfully

2018-05-22 19:39:50 - [TEST_STEP][PASSED] - Statement - batchsize = com.kms.katalon.core.webui.keyword.WebUiBuiltInKeywords.getNumberOfTotalOption(batchlength): 6 options of object '' counted

2018-05-22 19:39:51 - [MESSAGE][PASSED] - 6 options of object '' counted

2018-05-22 19:39:51 - [TEST_STEP][PASSED] - Statement - out.println("BatchSize : " + batchsize): null

2018-05-22 19:39:51 - [TEST_STEP][PASSED] - Statement - For ([n = 1, n <= batchsize - 1, (n++)]): null

2018-05-22 19:39:51 - [TEST_STEP][PASSED] - Statement - product = new com.kms.katalon.core.testobject.TestObject(): null

2018-05-22 19:39:51 - [TEST_STEP][PASSED] - Statement - product = com.kms.katalon.core.webui.keyword.WebUiBuiltInKeywords.modifyObjectProperty(product, "xpath", "equals", "//*[@id = "fldvendor" + row + ""]", true): Modify property of object successfully

2018-05-22 19:39:51 - [MESSAGE][PASSED] - Modify property of object successfully

2018-05-22 19:39:51 - [TEST_STEP][PASSED] - selectOptionByIndex: All options with index in [1] are selected on object ''

2018-05-22 19:39:51 - [MESSAGE][PASSED] - All options with index in [1] are selected on object ''

2018-05-22 19:39:51 - [TEST_STEP][PASSED] - Statement - batch = new com.kms.katalon.core.testobject.TestObject(): null

2018-05-22 19:39:51 - [TEST_STEP][PASSED] - Statement - batch = com.kms.katalon.core.webui.keyword.WebUiBuiltInKeywords.modifyObjectProperty(batch, "xpath", "equals", "//*[@id = "txtbthqty" + row + ""]", true): Modify property of object successfully

2018-05-22 19:39:51 - [MESSAGE][PASSED] - Modify property of object successfully

2018-05-22 19:39:51 - [TEST_STEP][PASSED] - Statement - batchqty = com.kms.katalon.core.webui.keyword.WebUiBuiltInKeywords.getAttribute(batch, "value").trim(): Attribute 'value' of object '' is: '4700'

2018-05-22 19:39:51 - [MESSAGE][PASSED] - Attribute 'value' of object '' is: '4700'

2018-05-22 19:39:51 - [TEST_STEP][PASSED] - Statement - Rqty = 100: null

2018-05-22 19:39:51 - [TEST_STEP][PASSED] - delay: Delayed 2 second(s)

2018-05-22 19:39:53 - [MESSAGE][PASSED] - Delayed 2 second(s)

2018-05-22 19:39:53 - [TEST_STEP][PASSED] - Statement - out.println("BatchQty : " + batchqty): null

2018-05-22 19:39:53 - [TEST_STEP][PASSED] - Statement - out.println("RQty : " + Rqty): null

2018-05-22 19:39:53 - [TEST_STEP][PASSED] - Statement - If (java.lang.Integer.valueOf(batchqty) >= java.lang.Integer.valueOf(Rqty)): null

2018-05-22 19:39:53 - [TEST_STEP][PASSED] - Statement - Break: null

2018-05-22 19:39:53 - [TEST_STEP][PASSED] - Statement - batchlength = new com.kms.katalon.core.testobject.TestObject(): null

2018-05-22 19:39:53 - [TEST_STEP][PASSED] - Statement - batchlength = com.kms.katalon.core.webui.keyword.WebUiBuiltInKeywords.modifyObjectProperty(batchlength, "xpath", "equals", "//*[@id = "fldvendor" + row + ""]", true): Modify property of object successfully

2018-05-22 19:39:53 - [MESSAGE][PASSED] - Modify property of object successfully

2018-05-22 19:39:53 - [TEST_STEP][PASSED] - Statement - batchsize = com.kms.katalon.core.webui.keyword.WebUiBuiltInKeywords.getNumberOfTotalOption(batchlength): 6 options of object '' counted

2018-05-22 19:39:53 - [MESSAGE][PASSED] - 6 options of object '' counted

2018-05-22 19:39:53 - [TEST_STEP][PASSED] - Statement - out.println("BatchSize : " + batchsize): null

2018-05-22 19:39:53 - [TEST_STEP][PASSED] - Statement - For ([n = 1, n <= batchsize - 1, (n++)]): null

2018-05-22 19:39:53 - [TEST_STEP][PASSED] - Statement - product = new com.kms.katalon.core.testobject.TestObject(): null

2018-05-22 19:39:53 - [TEST_STEP][PASSED] - Statement - product = com.kms.katalon.core.webui.keyword.WebUiBuiltInKeywords.modifyObjectProperty(product, "xpath", "equals", "//*[@id = "fldvendor" + row + ""]", true): Modify property of object successfully

2018-05-22 19:39:53 - [MESSAGE][PASSED] - Modify property of object successfully

2018-05-22 19:39:53 - [TEST_STEP][PASSED] - selectOptionByIndex: All options with index in [1] are selected on object ''

2018-05-22 19:39:53 - [MESSAGE][PASSED] - All options with index in [1] are selected on object ''

2018-05-22 19:39:53 - [TEST_STEP][PASSED] - Statement - batch = new com.kms.katalon.core.testobject.TestObject(): null

2018-05-22 19:39:53 - [TEST_STEP][PASSED] - Statement - batch = com.kms.katalon.core.webui.keyword.WebUiBuiltInKeywords.modifyObjectProperty(batch, "xpath", "equals", "//*[@id = "txtbthqty" + row + ""]", true): Modify property of object successfully

2018-05-22 19:39:53 - [MESSAGE][PASSED] - Modify property of object successfully

2018-05-22 19:39:53 - [TEST_STEP][PASSED] - Statement - batchqty = com.kms.katalon.core.webui.keyword.WebUiBuiltInKeywords.getAttribute(batch, "value").trim(): Attribute 'value' of object '' is: '4685'

2018-05-22 19:39:53 - [MESSAGE][PASSED] - Attribute 'value' of object '' is: '4685'

2018-05-22 19:39:53 - [TEST_STEP][PASSED] - Statement - Rqty = 100: null

2018-05-22 19:39:53 - [TEST_STEP][PASSED] - delay: Delayed 2 second(s)

2018-05-22 19:39:55 - [MESSAGE][PASSED] - Delayed 2 second(s)

2018-05-22 19:39:55 - [TEST_STEP][PASSED] - Statement - out.println("BatchQty : " + batchqty): null

2018-05-22 19:39:55 - [TEST_STEP][PASSED] - Statement - out.println("RQty : " + Rqty): null

2018-05-22 19:39:55 - [TEST_STEP][PASSED] - Statement - If (java.lang.Integer.valueOf(batchqty) >= java.lang.Integer.valueOf(Rqty)): null

2018-05-22 19:39:55 - [TEST_STEP][PASSED] - Statement - Break: null

2018-05-22 19:39:55 - [TEST_STEP][PASSED] - Statement - batchlength = new com.kms.katalon.core.testobject.TestObject(): null

2018-05-22 19:39:55 - [TEST_STEP][PASSED] - Statement - batchlength = com.kms.katalon.core.webui.keyword.WebUiBuiltInKeywords.modifyObjectProperty(batchlength, "xpath", "equals", "//*[@id = "fldvendor" + row + ""]", true): Modify property of object successfully

2018-05-22 19:39:55 - [MESSAGE][PASSED] - Modify property of object successfully

2018-05-22 19:39:55 - [TEST_STEP][PASSED] - Statement - batchsize = com.kms.katalon.core.webui.keyword.WebUiBuiltInKeywords.getNumberOfTotalOption(batchlength): 6 options of object '' counted

2018-05-22 19:39:56 - [MESSAGE][PASSED] - 6 options of object '' counted

2018-05-22 19:39:56 - [TEST_STEP][PASSED] - Statement - out.println("BatchSize : " + batchsize): null

2018-05-22 19:39:56 - [TEST_STEP][PASSED] - Statement - For ([n = 1, n <= batchsize - 1, (n++)]): null

2018-05-22 19:39:56 - [TEST_STEP][PASSED] - Statement - product = new com.kms.katalon.core.testobject.TestObject(): null

2018-05-22 19:39:56 - [TEST_STEP][PASSED] - Statement - product = com.kms.katalon.core.webui.keyword.WebUiBuiltInKeywords.modifyObjectProperty(product, "xpath", "equals", "//*[@id = "fldvendor" + row + ""]", true): Modify property of object successfully

2018-05-22 19:39:56 - [MESSAGE][PASSED] - Modify property of object successfully

2018-05-22 19:39:56 - [TEST_STEP][PASSED] - selectOptionByIndex: All options with index in [1] are selected on object ''

2018-05-22 19:39:56 - [MESSAGE][PASSED] - All options with index in [1] are selected on object ''

2018-05-22 19:39:56 - [TEST_STEP][PASSED] - Statement - batch = new com.kms.katalon.core.testobject.TestObject(): null

2018-05-22 19:39:56 - [TEST_STEP][PASSED] - Statement - batch = com.kms.katalon.core.webui.keyword.WebUiBuiltInKeywords.modifyObjectProperty(batch, "xpath", "equals", "//*[@id = "txtbthqty" + row + ""]", true): Modify property of object successfully

2018-05-22 19:39:56 - [MESSAGE][PASSED] - Modify property of object successfully

2018-05-22 19:39:56 - [TEST_STEP][PASSED] - Statement - batchqty = com.kms.katalon.core.webui.keyword.WebUiBuiltInKeywords.getAttribute(batch, "value").trim(): Attribute 'value' of object '' is: '36600'

2018-05-22 19:39:56 - [MESSAGE][PASSED] - Attribute 'value' of object '' is: '36600'

2018-05-22 19:39:56 - [TEST_STEP][PASSED] - Statement - Rqty = 100: null

2018-05-22 19:39:56 - [TEST_STEP][PASSED] - delay: Delayed 2 second(s)

2018-05-22 19:39:58 - [MESSAGE][PASSED] - Delayed 2 second(s)

2018-05-22 19:39:58 - [TEST_STEP][PASSED] - Statement - out.println("BatchQty : " + batchqty): null

2018-05-22 19:39:58 - [TEST_STEP][PASSED] - Statement - out.println("RQty : " + Rqty): null

2018-05-22 19:39:58 - [TEST_STEP][PASSED] - Statement - If (java.lang.Integer.valueOf(batchqty) >= java.lang.Integer.valueOf(Rqty)): null

2018-05-22 19:39:58 - [TEST_STEP][PASSED] - Statement - Break: null

2018-05-22 19:39:58 - [TEST_STEP][PASSED] - Statement - batchlength = new com.kms.katalon.core.testobject.TestObject(): null

2018-05-22 19:39:58 - [TEST_STEP][PASSED] - Statement - batchlength = com.kms.katalon.core.webui.keyword.WebUiBuiltInKeywords.modifyObjectProperty(batchlength, "xpath", "equals", "//*[@id = "fldvendor" + row + ""]", true): Modify property of object successfully

2018-05-22 19:39:58 - [MESSAGE][PASSED] - Modify property of object successfully

2018-05-22 19:39:58 - [TEST_STEP][PASSED] - Statement - batchsize = com.kms.katalon.core.webui.keyword.WebUiBuiltInKeywords.getNumberOfTotalOption(batchlength): 6 options of object '' counted

2018-05-22 19:39:58 - [MESSAGE][PASSED] - 6 options of object '' counted

2018-05-22 19:39:58 - [TEST_STEP][PASSED] - Statement - out.println("BatchSize : " + batchsize): null

2018-05-22 19:39:58 - [TEST_STEP][PASSED] - Statement - For ([n = 1, n <= batchsize - 1, (n++)]): null

2018-05-22 19:39:58 - [TEST_STEP][PASSED] - Statement - product = new com.kms.katalon.core.testobject.TestObject(): null

2018-05-22 19:39:58 - [TEST_STEP][PASSED] - Statement - product = com.kms.katalon.core.webui.keyword.WebUiBuiltInKeywords.modifyObjectProperty(product, "xpath", "equals", "//*[@id = "fldvendor" + row + ""]", true): Modify property of object successfully

2018-05-22 19:39:58 - [MESSAGE][PASSED] - Modify property of object successfully

2018-05-22 19:39:58 - [TEST_STEP][PASSED] - selectOptionByIndex: All options with index in [1] are selected on object ''

2018-05-22 19:39:58 - [MESSAGE][PASSED] - All options with index in [1] are selected on object ''

2018-05-22 19:39:58 - [TEST_STEP][PASSED] - Statement - batch = new com.kms.katalon.core.testobject.TestObject(): null

2018-05-22 19:39:58 - [TEST_STEP][PASSED] - Statement - batch = com.kms.katalon.core.webui.keyword.WebUiBuiltInKeywords.modifyObjectProperty(batch, "xpath", "equals", "//*[@id = "txtbthqty" + row + ""]", true): Modify property of object successfully

2018-05-22 19:39:58 - [MESSAGE][PASSED] - Modify property of object successfully

2018-05-22 19:39:58 - [TEST_STEP][PASSED] - Statement - batchqty = com.kms.katalon.core.webui.keyword.WebUiBuiltInKeywords.getAttribute(batch, "value").trim(): Attribute 'value' of object '' is: '37600'

2018-05-22 19:39:58 - [MESSAGE][PASSED] - Attribute 'value' of object '' is: '37600'

2018-05-22 19:39:58 - [TEST_STEP][PASSED] - Statement - Rqty = 100: null

2018-05-22 19:39:58 - [TEST_STEP][PASSED] - delay: Delayed 2 second(s)

2018-05-22 19:40:00 - [MESSAGE][PASSED] - Delayed 2 second(s)

2018-05-22 19:40:00 - [TEST_STEP][PASSED] - Statement - out.println("BatchQty : " + batchqty): null

2018-05-22 19:40:00 - [TEST_STEP][PASSED] - Statement - out.println("RQty : " + Rqty): null

2018-05-22 19:40:00 - [TEST_STEP][PASSED] - Statement - If (java.lang.Integer.valueOf(batchqty) >= java.lang.Integer.valueOf(Rqty)): null

2018-05-22 19:40:00 - [TEST_STEP][PASSED] - Statement - Break: null

2018-05-22 19:40:00 - [TEST_STEP][PASSED] - Statement - batchlength = new com.kms.katalon.core.testobject.TestObject(): null

2018-05-22 19:40:00 - [TEST_STEP][PASSED] - Statement - batchlength = com.kms.katalon.core.webui.keyword.WebUiBuiltInKeywords.modifyObjectProperty(batchlength, "xpath", "equals", "//*[@id = "fldvendor" + row + ""]", true): Modify property of object successfully

2018-05-22 19:40:00 - [MESSAGE][PASSED] - Modify property of object successfully

2018-05-22 19:40:00 - [TEST_STEP][PASSED] - Statement - batchsize = com.kms.katalon.core.webui.keyword.WebUiBuiltInKeywords.getNumberOfTotalOption(batchlength): 6 options of object '' counted

2018-05-22 19:40:00 - [MESSAGE][PASSED] - 6 options of object '' counted

2018-05-22 19:40:00 - [TEST_STEP][PASSED] - Statement - out.println("BatchSize : " + batchsize): null

2018-05-22 19:40:00 - [TEST_STEP][PASSED] - Statement - For ([n = 1, n <= batchsize - 1, (n++)]): null

2018-05-22 19:40:00 - [TEST_STEP][PASSED] - Statement - product = new com.kms.katalon.core.testobject.TestObject(): null

2018-05-22 19:40:00 - [TEST_STEP][PASSED] - Statement - product = com.kms.katalon.core.webui.keyword.WebUiBuiltInKeywords.modifyObjectProperty(product, "xpath", "equals", "//*[@id = "fldvendor" + row + ""]", true): Modify property of object successfully

2018-05-22 19:40:00 - [MESSAGE][PASSED] - Modify property of object successfully

2018-05-22 19:40:00 - [TEST_STEP][PASSED] - selectOptionByIndex: All options with index in [1] are selected on object ''

2018-05-22 19:40:00 - [MESSAGE][PASSED] - All options with index in [1] are selected on object ''

2018-05-22 19:40:00 - [TEST_STEP][PASSED] - Statement - batch = new com.kms.katalon.core.testobject.TestObject(): null

2018-05-22 19:40:00 - [TEST_STEP][PASSED] - Statement - batch = com.kms.katalon.core.webui.keyword.WebUiBuiltInKeywords.modifyObjectProperty(batch, "xpath", "equals", "//*[@id = "txtbthqty" + row + ""]", true): Modify property of object successfully

2018-05-22 19:40:00 - [MESSAGE][PASSED] - Modify property of object successfully

2018-05-22 19:40:00 - [TEST_STEP][PASSED] - Statement - batchqty = com.kms.katalon.core.webui.keyword.WebUiBuiltInKeywords.getAttribute(batch, "value").trim(): Attribute 'value' of object '' is: '38600'

2018-05-22 19:40:00 - [MESSAGE][PASSED] - Attribute 'value' of object '' is: '38600'

2018-05-22 19:40:00 - [TEST_STEP][PASSED] - Statement - Rqty = 100: null

2018-05-22 19:40:00 - [TEST_STEP][PASSED] - delay: Delayed 2 second(s)

2018-05-22 19:40:02 - [MESSAGE][PASSED] - Delayed 2 second(s)

2018-05-22 19:40:02 - [TEST_STEP][PASSED] - Statement - out.println("BatchQty : " + batchqty): null

2018-05-22 19:40:02 - [TEST_STEP][PASSED] - Statement - out.println("RQty : " + Rqty): null

2018-05-22 19:40:02 - [TEST_STEP][PASSED] - Statement - If (java.lang.Integer.valueOf(batchqty) >= java.lang.Integer.valueOf(Rqty)): null

2018-05-22 19:40:02 - [TEST_STEP][PASSED] - Statement - Break: null

2018-05-22 19:40:02 - [TEST_STEP][PASSED] - Statement - batchlength = new com.kms.katalon.core.testobject.TestObject(): null

2018-05-22 19:40:02 - [TEST_STEP][PASSED] - Statement - batchlength = com.kms.katalon.core.webui.keyword.WebUiBuiltInKeywords.modifyObjectProperty(batchlength, "xpath", "equals", "//*[@id = "fldvendor" + row + ""]", true): Modify property of object successfully

2018-05-22 19:40:02 - [MESSAGE][PASSED] - Modify property of object successfully

2018-05-22 19:40:02 - [TEST_STEP][PASSED] - Statement - batchsize = com.kms.katalon.core.webui.keyword.WebUiBuiltInKeywords.getNumberOfTotalOption(batchlength): 6 options of object '' counted

2018-05-22 19:40:02 - [MESSAGE][PASSED] - 6 options of object '' counted

2018-05-22 19:40:02 - [TEST_STEP][PASSED] - Statement - out.println("BatchSize : " + batchsize): null

2018-05-22 19:40:02 - [TEST_STEP][PASSED] - Statement - For ([n = 1, n <= batchsize - 1, (n++)]): null

2018-05-22 19:40:02 - [TEST_STEP][PASSED] - Statement - product = new com.kms.katalon.core.testobject.TestObject(): null

2018-05-22 19:40:02 - [TEST_STEP][PASSED] - Statement - product = com.kms.katalon.core.webui.keyword.WebUiBuiltInKeywords.modifyObjectProperty(product, "xpath", "equals", "//*[@id = "fldvendor" + row + ""]", true): Modify property of object successfully

2018-05-22 19:40:02 - [MESSAGE][PASSED] - Modify property of object successfully

2018-05-22 19:40:02 - [TEST_STEP][PASSED] - selectOptionByIndex: All options with index in [1] are selected on object ''

2018-05-22 19:40:02 - [MESSAGE][PASSED] - All options with index in [1] are selected on object ''

2018-05-22 19:40:02 - [TEST_STEP][PASSED] - Statement - batch = new com.kms.katalon.core.testobject.TestObject(): null

2018-05-22 19:40:02 - [TEST_STEP][PASSED] - Statement - batch = com.kms.katalon.core.webui.keyword.WebUiBuiltInKeywords.modifyObjectProperty(batch, "xpath", "equals", "//*[@id = "txtbthqty" + row + ""]", true): Modify property of object successfully

2018-05-22 19:40:02 - [MESSAGE][PASSED] - Modify property of object successfully

2018-05-22 19:40:02 - [TEST_STEP][PASSED] - Statement - batchqty = com.kms.katalon.core.webui.keyword.WebUiBuiltInKeywords.getAttribute(batch, "value").trim(): Attribute 'value' of object '' is: '4700'

2018-05-22 19:40:03 - [MESSAGE][PASSED] - Attribute 'value' of object '' is: '4700'

2018-05-22 19:40:03 - [TEST_STEP][PASSED] - Statement - Rqty = 100: null

2018-05-22 19:40:03 - [TEST_STEP][PASSED] - delay: Delayed 2 second(s)

2018-05-22 19:40:05 - [MESSAGE][PASSED] - Delayed 2 second(s)

2018-05-22 19:40:05 - [TEST_STEP][PASSED] - Statement - out.println("BatchQty : " + batchqty): null

2018-05-22 19:40:05 - [TEST_STEP][PASSED] - Statement - out.println("RQty : " + Rqty): null

2018-05-22 19:40:05 - [TEST_STEP][PASSED] - Statement - If (java.lang.Integer.valueOf(batchqty) >= java.lang.Integer.valueOf(Rqty)): null

2018-05-22 19:40:05 - [TEST_STEP][PASSED] - Statement - Break: null

2018-05-22 19:40:05 - [TEST_STEP][PASSED] - Statement - batchlength = new com.kms.katalon.core.testobject.TestObject(): null

2018-05-22 19:40:05 - [TEST_STEP][PASSED] - Statement - batchlength = com.kms.katalon.core.webui.keyword.WebUiBuiltInKeywords.modifyObjectProperty(batchlength, "xpath", "equals", "//*[@id = "fldvendor" + row + ""]", true): Modify property of object successfully

2018-05-22 19:40:05 - [MESSAGE][PASSED] - Modify property of object successfully

2018-05-22 19:40:05 - [TEST_STEP][PASSED] - Statement - batchsize = com.kms.katalon.core.webui.keyword.WebUiBuiltInKeywords.getNumberOfTotalOption(batchlength): 6 options of object '' counted

2018-05-22 19:40:05 - [MESSAGE][PASSED] - 6 options of object '' counted

2018-05-22 19:40:05 - [TEST_STEP][PASSED] - Statement - out.println("BatchSize : " + batchsize): null

2018-05-22 19:40:05 - [TEST_STEP][PASSED] - Statement - For ([n = 1, n <= batchsize - 1, (n++)]): null

2018-05-22 19:40:05 - [TEST_STEP][PASSED] - Statement - product = new com.kms.katalon.core.testobject.TestObject(): null

2018-05-22 19:40:05 - [TEST_STEP][PASSED] - Statement - product = com.kms.katalon.core.webui.keyword.WebUiBuiltInKeywords.modifyObjectProperty(product, "xpath", "equals", "//*[@id = "fldvendor" + row + ""]", true): Modify property of object successfully

2018-05-22 19:40:05 - [MESSAGE][PASSED] - Modify property of object successfully

2018-05-22 19:40:05 - [TEST_STEP][PASSED] - selectOptionByIndex: All options with index in [1] are selected on object ''

2018-05-22 19:40:05 - [MESSAGE][PASSED] - All options with index in [1] are selected on object ''

2018-05-22 19:40:05 - [TEST_STEP][PASSED] - Statement - batch = new com.kms.katalon.core.testobject.TestObject(): null

2018-05-22 19:40:05 - [TEST_STEP][PASSED] - Statement - batch = com.kms.katalon.core.webui.keyword.WebUiBuiltInKeywords.modifyObjectProperty(batch, "xpath", "equals", "//*[@id = "txtbthqty" + row + ""]", true): Modify property of object successfully

2018-05-22 19:40:05 - [MESSAGE][PASSED] - Modify property of object successfully

2018-05-22 19:40:05 - [TEST_STEP][PASSED] - Statement - batchqty = com.kms.katalon.core.webui.keyword.WebUiBuiltInKeywords.getAttribute(batch, "value").trim(): Attribute 'value' of object '' is: '3700'

2018-05-22 19:40:05 - [MESSAGE][PASSED] - Attribute 'value' of object '' is: '3700'

2018-05-22 19:40:05 - [TEST_STEP][PASSED] - Statement - Rqty = 100: null

2018-05-22 19:40:05 - [TEST_STEP][PASSED] - delay: Delayed 2 second(s)

2018-05-22 19:40:07 - [MESSAGE][PASSED] - Delayed 2 second(s)

2018-05-22 19:40:07 - [TEST_STEP][PASSED] - Statement - out.println("BatchQty : " + batchqty): null

2018-05-22 19:40:07 - [TEST_STEP][PASSED] - Statement - out.println("RQty : " + Rqty): null

2018-05-22 19:40:07 - [TEST_STEP][PASSED] - Statement - If (java.lang.Integer.valueOf(batchqty) >= java.lang.Integer.valueOf(Rqty)): null

2018-05-22 19:40:07 - [TEST_STEP][PASSED] - Statement - Break: null

2018-05-22 19:40:07 - [TEST_STEP][PASSED] - Statement - batchlength = new com.kms.katalon.core.testobject.TestObject(): null

2018-05-22 19:40:07 - [TEST_STEP][PASSED] - Statement - batchlength = com.kms.katalon.core.webui.keyword.WebUiBuiltInKeywords.modifyObjectProperty(batchlength, "xpath", "equals", "//*[@id = "fldvendor" + row + ""]", true): Modify property of object successfully

2018-05-22 19:40:07 - [MESSAGE][PASSED] - Modify property of object successfully

2018-05-22 19:40:07 - [TEST_STEP][PASSED] - Statement - batchsize = com.kms.katalon.core.webui.keyword.WebUiBuiltInKeywords.getNumberOfTotalOption(batchlength): 6 options of object '' counted

2018-05-22 19:40:07 - [MESSAGE][PASSED] - 6 options of object '' counted

2018-05-22 19:40:07 - [TEST_STEP][PASSED] - Statement - out.println("BatchSize : " + batchsize): null

2018-05-22 19:40:07 - [TEST_STEP][PASSED] - Statement - For ([n = 1, n <= batchsize - 1, (n++)]): null

2018-05-22 19:40:07 - [TEST_STEP][PASSED] - Statement - product = new com.kms.katalon.core.testobject.TestObject(): null

2018-05-22 19:40:07 - [TEST_STEP][PASSED] - Statement - product = com.kms.katalon.core.webui.keyword.WebUiBuiltInKeywords.modifyObjectProperty(product, "xpath", "equals", "//*[@id = "fldvendor" + row + ""]", true): Modify property of object successfully

2018-05-22 19:40:07 - [MESSAGE][PASSED] - Modify property of object successfully

2018-05-22 19:40:07 - [TEST_STEP][PASSED] - selectOptionByIndex: All options with index in [1] are selected on object ''

2018-05-22 19:40:07 - [MESSAGE][PASSED] - All options with index in [1] are selected on object ''

2018-05-22 19:40:07 - [TEST_STEP][PASSED] - Statement - batch = new com.kms.katalon.core.testobject.TestObject(): null

2018-05-22 19:40:07 - [TEST_STEP][PASSED] - Statement - batch = com.kms.katalon.core.webui.keyword.WebUiBuiltInKeywords.modifyObjectProperty(batch, "xpath", "equals", "//*[@id = "txtbthqty" + row + ""]", true): Modify property of object successfully

2018-05-22 19:40:07 - [MESSAGE][PASSED] - Modify property of object successfully

2018-05-22 19:40:07 - [TEST_STEP][PASSED] - Statement - batchqty = com.kms.katalon.core.webui.keyword.WebUiBuiltInKeywords.getAttribute(batch, "value").trim(): Attribute 'value' of object '' is: '38600'

2018-05-22 19:40:07 - [MESSAGE][PASSED] - Attribute 'value' of object '' is: '38600'

2018-05-22 19:40:07 - [TEST_STEP][PASSED] - Statement - Rqty = 100: null

2018-05-22 19:40:07 - [TEST_STEP][PASSED] - delay: Delayed 2 second(s)

2018-05-22 19:40:09 - [MESSAGE][PASSED] - Delayed 2 second(s)

2018-05-22 19:40:09 - [TEST_STEP][PASSED] - Statement - out.println("BatchQty : " + batchqty): null

2018-05-22 19:40:09 - [TEST_STEP][PASSED] - Statement - out.println("RQty : " + Rqty): null

2018-05-22 19:40:09 - [TEST_STEP][PASSED] - Statement - If (java.lang.Integer.valueOf(batchqty) >= java.lang.Integer.valueOf(Rqty)): null

2018-05-22 19:40:09 - [TEST_STEP][PASSED] - Statement - Break: null

2018-05-22 19:40:09 - [TEST_STEP][PASSED] - Statement - batchlength = new com.kms.katalon.core.testobject.TestObject(): null

2018-05-22 19:40:09 - [TEST_STEP][PASSED] - Statement - batchlength = com.kms.katalon.core.webui.keyword.WebUiBuiltInKeywords.modifyObjectProperty(batchlength, "xpath", "equals", "//*[@id = "fldvendor" + row + ""]", true): Modify property of object successfully

2018-05-22 19:40:09 - [MESSAGE][PASSED] - Modify property of object successfully

2018-05-22 19:40:09 - [TEST_STEP][PASSED] - Statement - batchsize = com.kms.katalon.core.webui.keyword.WebUiBuiltInKeywords.getNumberOfTotalOption(batchlength): 6 options of object '' counted

2018-05-22 19:40:09 - [MESSAGE][PASSED] - 6 options of object '' counted

2018-05-22 19:40:09 - [TEST_STEP][PASSED] - Statement - out.println("BatchSize : " + batchsize): null

2018-05-22 19:40:09 - [TEST_STEP][PASSED] - Statement - For ([n = 1, n <= batchsize - 1, (n++)]): null

2018-05-22 19:40:09 - [TEST_STEP][PASSED] - Statement - product = new com.kms.katalon.core.testobject.TestObject(): null

2018-05-22 19:40:09 - [TEST_STEP][PASSED] - Statement - product = com.kms.katalon.core.webui.keyword.WebUiBuiltInKeywords.modifyObjectProperty(product, "xpath", "equals", "//*[@id = "fldvendor" + row + ""]", true): Modify property of object successfully

2018-05-22 19:40:09 - [MESSAGE][PASSED] - Modify property of object successfully

2018-05-22 19:40:09 - [TEST_STEP][PASSED] - selectOptionByIndex: All options with index in [1] are selected on object ''

2018-05-22 19:40:09 - [MESSAGE][PASSED] - All options with index in [1] are selected on object ''

2018-05-22 19:40:09 - [TEST_STEP][PASSED] - Statement - batch = new com.kms.katalon.core.testobject.TestObject(): null

2018-05-22 19:40:09 - [TEST_STEP][PASSED] - Statement - batch = com.kms.katalon.core.webui.keyword.WebUiBuiltInKeywords.modifyObjectProperty(batch, "xpath", "equals", "//*[@id = "txtbthqty" + row + ""]", true): Modify property of object successfully

2018-05-22 19:40:09 - [MESSAGE][PASSED] - Modify property of object successfully

2018-05-22 19:40:09 - [TEST_STEP][PASSED] - Statement - batchqty = com.kms.katalon.core.webui.keyword.WebUiBuiltInKeywords.getAttribute(batch, "value").trim(): Attribute 'value' of object '' is: '4700'

2018-05-22 19:40:09 - [MESSAGE][PASSED] - Attribute 'value' of object '' is: '4700'

2018-05-22 19:40:09 - [TEST_STEP][PASSED] - Statement - Rqty = 100: null

2018-05-22 19:40:09 - [TEST_STEP][PASSED] - delay: Delayed 2 second(s)

2018-05-22 19:40:11 - [MESSAGE][PASSED] - Delayed 2 second(s)

2018-05-22 19:40:11 - [TEST_STEP][PASSED] - Statement - out.println("BatchQty : " + batchqty): null

2018-05-22 19:40:11 - [TEST_STEP][PASSED] - Statement - out.println("RQty : " + Rqty): null

2018-05-22 19:40:11 - [TEST_STEP][PASSED] - Statement - If (java.lang.Integer.valueOf(batchqty) >= java.lang.Integer.valueOf(Rqty)): null

2018-05-22 19:40:11 - [TEST_STEP][PASSED] - Statement - Break: null

2018-05-22 19:40:11 - [TEST_STEP][PASSED] - Statement - batchlength = new com.kms.katalon.core.testobject.TestObject(): null

2018-05-22 19:40:11 - [TEST_STEP][PASSED] - Statement - batchlength = com.kms.katalon.core.webui.keyword.WebUiBuiltInKeywords.modifyObjectProperty(batchlength, "xpath", "equals", "//*[@id = "fldvendor" + row + ""]", true): Modify property of object successfully

2018-05-22 19:40:11 - [MESSAGE][PASSED] - Modify property of object successfully

2018-05-22 19:40:11 - [TEST_STEP][PASSED] - Statement - batchsize = com.kms.katalon.core.webui.keyword.WebUiBuiltInKeywords.getNumberOfTotalOption(batchlength): 6 options of object '' counted

2018-05-22 19:40:11 - [MESSAGE][PASSED] - 6 options of object '' counted

2018-05-22 19:40:11 - [TEST_STEP][PASSED] - Statement - out.println("BatchSize : " + batchsize): null

2018-05-22 19:40:11 - [TEST_STEP][PASSED] - Statement - For ([n = 1, n <= batchsize - 1, (n++)]): null

2018-05-22 19:40:11 - [TEST_STEP][PASSED] - Statement - product = new com.kms.katalon.core.testobject.TestObject(): null

2018-05-22 19:40:11 - [TEST_STEP][PASSED] - Statement - product = com.kms.katalon.core.webui.keyword.WebUiBuiltInKeywords.modifyObjectProperty(product, "xpath", "equals", "//*[@id = "fldvendor" + row + ""]", true): Modify property of object successfully

2018-05-22 19:40:11 - [MESSAGE][PASSED] - Modify property of object successfully

2018-05-22 19:40:11 - [TEST_STEP][PASSED] - selectOptionByIndex: All options with index in [1] are selected on object ''

2018-05-22 19:40:12 - [MESSAGE][PASSED] - All options with index in [1] are selected on object ''

2018-05-22 19:40:12 - [TEST_STEP][PASSED] - Statement - batch = new com.kms.katalon.core.testobject.TestObject(): null

2018-05-22 19:40:12 - [TEST_STEP][PASSED] - Statement - batch = com.kms.katalon.core.webui.keyword.WebUiBuiltInKeywords.modifyObjectProperty(batch, "xpath", "equals", "//*[@id = "txtbthqty" + row + ""]", true): Modify property of object successfully

2018-05-22 19:40:12 - [MESSAGE][PASSED] - Modify property of object successfully

2018-05-22 19:40:12 - [TEST_STEP][PASSED] - Statement - batchqty = com.kms.katalon.core.webui.keyword.WebUiBuiltInKeywords.getAttribute(batch, "value").trim(): Attribute 'value' of object '' is: '38600'

2018-05-22 19:40:12 - [MESSAGE][PASSED] - Attribute 'value' of object '' is: '38600'

2018-05-22 19:40:12 - [TEST_STEP][PASSED] - Statement - Rqty = 100: null

2018-05-22 19:40:12 - [TEST_STEP][PASSED] - delay: Delayed 2 second(s)

2018-05-22 19:40:14 - [MESSAGE][PASSED] - Delayed 2 second(s)

2018-05-22 19:40:14 - [TEST_STEP][PASSED] - Statement - out.println("BatchQty : " + batchqty): null

2018-05-22 19:40:14 - [TEST_STEP][PASSED] - Statement - out.println("RQty : " + Rqty): null

2018-05-22 19:40:14 - [TEST_STEP][PASSED] - Statement - If (java.lang.Integer.valueOf(batchqty) >= java.lang.Integer.valueOf(Rqty)): null

2018-05-22 19:40:14 - [TEST_STEP][PASSED] - Statement - Break: null

2018-05-22 19:40:14 - [TEST_STEP][PASSED] - Statement - batchlength = new com.kms.katalon.core.testobject.TestObject(): null

2018-05-22 19:40:14 - [TEST_STEP][PASSED] - Statement - batchlength = com.kms.katalon.core.webui.keyword.WebUiBuiltInKeywords.modifyObjectProperty(batchlength, "xpath", "equals", "//*[@id = "fldvendor" + row + ""]", true): Modify property of object successfully

2018-05-22 19:40:14 - [MESSAGE][PASSED] - Modify property of object successfully

2018-05-22 19:40:14 - [TEST_STEP][PASSED] - Statement - batchsize = com.kms.katalon.core.webui.keyword.WebUiBuiltInKeywords.getNumberOfTotalOption(batchlength): 6 options of object '' counted

2018-05-22 19:40:14 - [MESSAGE][PASSED] - 6 options of object '' counted

2018-05-22 19:40:14 - [TEST_STEP][PASSED] - Statement - out.println("BatchSize : " + batchsize): null

2018-05-22 19:40:14 - [TEST_STEP][PASSED] - Statement - For ([n = 1, n <= batchsize - 1, (n++)]): null

2018-05-22 19:40:14 - [TEST_STEP][PASSED] - Statement - product = new com.kms.katalon.core.testobject.TestObject(): null

2018-05-22 19:40:14 - [TEST_STEP][PASSED] - Statement - product = com.kms.katalon.core.webui.keyword.WebUiBuiltInKeywords.modifyObjectProperty(product, "xpath", "equals", "//*[@id = "fldvendor" + row + ""]", true): Modify property of object successfully

2018-05-22 19:40:14 - [MESSAGE][PASSED] - Modify property of object successfully

2018-05-22 19:40:14 - [TEST_STEP][PASSED] - selectOptionByIndex: All options with index in [1] are selected on object ''

2018-05-22 19:40:14 - [MESSAGE][PASSED] - All options with index in [1] are selected on object ''

2018-05-22 19:40:14 - [TEST_STEP][PASSED] - Statement - batch = new com.kms.katalon.core.testobject.TestObject(): null

2018-05-22 19:40:14 - [TEST_STEP][PASSED] - Statement - batch = com.kms.katalon.core.webui.keyword.WebUiBuiltInKeywords.modifyObjectProperty(batch, "xpath", "equals", "//*[@id = "txtbthqty" + row + ""]", true): Modify property of object successfully

2018-05-22 19:40:14 - [MESSAGE][PASSED] - Modify property of object successfully

2018-05-22 19:40:14 - [TEST_STEP][PASSED] - Statement - batchqty = com.kms.katalon.core.webui.keyword.WebUiBuiltInKeywords.getAttribute(batch, "value").trim(): Attribute 'value' of object '' is: '4700'

2018-05-22 19:40:14 - [MESSAGE][PASSED] - Attribute 'value' of object '' is: '4700'

2018-05-22 19:40:14 - [TEST_STEP][PASSED] - Statement - Rqty = 100: null

2018-05-22 19:40:14 - [TEST_STEP][PASSED] - delay: Delayed 2 second(s)

2018-05-22 19:40:16 - [MESSAGE][PASSED] - Delayed 2 second(s)

2018-05-22 19:40:16 - [TEST_STEP][PASSED] - Statement - out.println("BatchQty : " + batchqty): null

2018-05-22 19:40:16 - [TEST_STEP][PASSED] - Statement - out.println("RQty : " + Rqty): null

2018-05-22 19:40:16 - [TEST_STEP][PASSED] - Statement - If (java.lang.Integer.valueOf(batchqty) >= java.lang.Integer.valueOf(Rqty)): null

2018-05-22 19:40:16 - [TEST_STEP][PASSED] - Statement - Break: null

2018-05-22 19:40:16 - [TEST_STEP][PASSED] - Statement - batchlength = new com.kms.katalon.core.testobject.TestObject(): null

2018-05-22 19:40:16 - [TEST_STEP][PASSED] - Statement - batchlength = com.kms.katalon.core.webui.keyword.WebUiBuiltInKeywords.modifyObjectProperty(batchlength, "xpath", "equals", "//*[@id = "fldvendor" + row + ""]", true): Modify property of object successfully

2018-05-22 19:40:16 - [MESSAGE][PASSED] - Modify property of object successfully

2018-05-22 19:40:16 - [TEST_STEP][PASSED] - Statement - batchsize = com.kms.katalon.core.webui.keyword.WebUiBuiltInKeywords.getNumberOfTotalOption(batchlength): 6 options of object '' counted

2018-05-22 19:40:16 - [MESSAGE][PASSED] - 6 options of object '' counted

2018-05-22 19:40:16 - [TEST_STEP][PASSED] - Statement - out.println("BatchSize : " + batchsize): null

2018-05-22 19:40:16 - [TEST_STEP][PASSED] - Statement - For ([n = 1, n <= batchsize - 1, (n++)]): null

2018-05-22 19:40:16 - [TEST_STEP][PASSED] - Statement - product = new com.kms.katalon.core.testobject.TestObject(): null

2018-05-22 19:40:16 - [TEST_STEP][PASSED] - Statement - product = com.kms.katalon.core.webui.keyword.WebUiBuiltInKeywords.modifyObjectProperty(product, "xpath", "equals", "//*[@id = "fldvendor" + row + ""]", true): Modify property of object successfully

2018-05-22 19:40:16 - [MESSAGE][PASSED] - Modify property of object successfully

2018-05-22 19:40:16 - [TEST_STEP][PASSED] - selectOptionByIndex: All options with index in [1] are selected on object ''

2018-05-22 19:40:16 - [MESSAGE][PASSED] - All options with index in [1] are selected on object ''

2018-05-22 19:40:16 - [TEST_STEP][PASSED] - Statement - batch = new com.kms.katalon.core.testobject.TestObject(): null

2018-05-22 19:40:16 - [TEST_STEP][PASSED] - Statement - batch = com.kms.katalon.core.webui.keyword.WebUiBuiltInKeywords.modifyObjectProperty(batch, "xpath", "equals", "//*[@id = "txtbthqty" + row + ""]", true): Modify property of object successfully

2018-05-22 19:40:16 - [MESSAGE][PASSED] - Modify property of object successfully

2018-05-22 19:40:16 - [TEST_STEP][PASSED] - Statement - batchqty = com.kms.katalon.core.webui.keyword.WebUiBuiltInKeywords.getAttribute(batch, "value").trim(): Attribute 'value' of object '' is: '38600'

2018-05-22 19:40:16 - [MESSAGE][PASSED] - Attribute 'value' of object '' is: '38600'

2018-05-22 19:40:16 - [TEST_STEP][PASSED] - Statement - Rqty = 100: null

2018-05-22 19:40:16 - [TEST_STEP][PASSED] - delay: Delayed 2 second(s)

2018-05-22 19:40:18 - [MESSAGE][PASSED] - Delayed 2 second(s)

2018-05-22 19:40:18 - [TEST_STEP][PASSED] - Statement - out.println("BatchQty : " + batchqty): null

2018-05-22 19:40:18 - [TEST_STEP][PASSED] - Statement - out.println("RQty : " + Rqty): null

2018-05-22 19:40:18 - [TEST_STEP][PASSED] - Statement - If (java.lang.Integer.valueOf(batchqty) >= java.lang.Integer.valueOf(Rqty)): null

2018-05-22 19:40:18 - [TEST_STEP][PASSED] - Statement - Break: null

2018-05-22 19:40:18 - [TEST_STEP][PASSED] - Statement - batchlength = new com.kms.katalon.core.testobject.TestObject(): null

2018-05-22 19:40:18 - [TEST_STEP][PASSED] - Statement - batchlength = com.kms.katalon.core.webui.keyword.WebUiBuiltInKeywords.modifyObjectProperty(batchlength, "xpath", "equals", "//*[@id = "fldvendor" + row + ""]", true): Modify property of object successfully

2018-05-22 19:40:18 - [MESSAGE][PASSED] - Modify property of object successfully

2018-05-22 19:40:18 - [TEST_STEP][PASSED] - Statement - batchsize = com.kms.katalon.core.webui.keyword.WebUiBuiltInKeywords.getNumberOfTotalOption(batchlength): 6 options of object '' counted

2018-05-22 19:40:18 - [MESSAGE][PASSED] - 6 options of object '' counted

2018-05-22 19:40:18 - [TEST_STEP][PASSED] - Statement - out.println("BatchSize : " + batchsize): null

2018-05-22 19:40:18 - [TEST_STEP][PASSED] - Statement - For ([n = 1, n <= batchsize - 1, (n++)]): null

2018-05-22 19:40:18 - [TEST_STEP][PASSED] - Statement - product = new com.kms.katalon.core.testobject.TestObject(): null

2018-05-22 19:40:18 - [TEST_STEP][PASSED] - Statement - product = com.kms.katalon.core.webui.keyword.WebUiBuiltInKeywords.modifyObjectProperty(product, "xpath", "equals", "//*[@id = "fldvendor" + row + ""]", true): Modify property of object successfully

2018-05-22 19:40:18 - [MESSAGE][PASSED] - Modify property of object successfully

2018-05-22 19:40:18 - [TEST_STEP][PASSED] - selectOptionByIndex: All options with index in [1] are selected on object ''

2018-05-22 19:40:18 - [MESSAGE][PASSED] - All options with index in [1] are selected on object ''

2018-05-22 19:40:18 - [TEST_STEP][PASSED] - Statement - batch = new com.kms.katalon.core.testobject.TestObject(): null

2018-05-22 19:40:18 - [TEST_STEP][PASSED] - Statement - batch = com.kms.katalon.core.webui.keyword.WebUiBuiltInKeywords.modifyObjectProperty(batch, "xpath", "equals", "//*[@id = "txtbthqty" + row + ""]", true): Modify property of object successfully

2018-05-22 19:40:18 - [MESSAGE][PASSED] - Modify property of object successfully

2018-05-22 19:40:18 - [TEST_STEP][PASSED] - Statement - batchqty = com.kms.katalon.core.webui.keyword.WebUiBuiltInKeywords.getAttribute(batch, "value").trim(): Attribute 'value' of object '' is: '4700'

2018-05-22 19:40:18 - [MESSAGE][PASSED] - Attribute 'value' of object '' is: '4700'

2018-05-22 19:40:18 - [TEST_STEP][PASSED] - Statement - Rqty = 100: null

2018-05-22 19:40:18 - [TEST_STEP][PASSED] - delay: Delayed 2 second(s)

2018-05-22 19:40:20 - [MESSAGE][PASSED] - Delayed 2 second(s)

2018-05-22 19:40:20 - [TEST_STEP][PASSED] - Statement - out.println("BatchQty : " + batchqty): null

2018-05-22 19:40:20 - [TEST_STEP][PASSED] - Statement - out.println("RQty : " + Rqty): null

2018-05-22 19:40:20 - [TEST_STEP][PASSED] - Statement - If (java.lang.Integer.valueOf(batchqty) >= java.lang.Integer.valueOf(Rqty)): null

2018-05-22 19:40:20 - [TEST_STEP][PASSED] - Statement - Break: null

2018-05-22 19:40:20 - [TEST_STEP][PASSED] - Statement - batchlength = new com.kms.katalon.core.testobject.TestObject(): null

2018-05-22 19:40:20 - [TEST_STEP][PASSED] - Statement - batchlength = com.kms.katalon.core.webui.keyword.WebUiBuiltInKeywords.modifyObjectProperty(batchlength, "xpath", "equals", "//*[@id = "fldvendor" + row + ""]", true): Modify property of object successfully

2018-05-22 19:40:20 - [MESSAGE][PASSED] - Modify property of object successfully

2018-05-22 19:40:20 - [TEST_STEP][PASSED] - Statement - batchsize = com.kms.katalon.core.webui.keyword.WebUiBuiltInKeywords.getNumberOfTotalOption(batchlength): 6 options of object '' counted

2018-05-22 19:40:20 - [MESSAGE][PASSED] - 6 options of object '' counted

2018-05-22 19:40:20 - [TEST_STEP][PASSED] - Statement - out.println("BatchSize : " + batchsize): null

2018-05-22 19:40:20 - [TEST_STEP][PASSED] - Statement - For ([n = 1, n <= batchsize - 1, (n++)]): null

2018-05-22 19:40:20 - [TEST_STEP][PASSED] - Statement - product = new com.kms.katalon.core.testobject.TestObject(): null

2018-05-22 19:40:20 - [TEST_STEP][PASSED] - Statement - product = com.kms.katalon.core.webui.keyword.WebUiBuiltInKeywords.modifyObjectProperty(product, "xpath", "equals", "//*[@id = "fldvendor" + row + ""]", true): Modify property of object successfully

2018-05-22 19:40:20 - [MESSAGE][PASSED] - Modify property of object successfully

2018-05-22 19:40:20 - [TEST_STEP][PASSED] - selectOptionByIndex: All options with index in [1] are selected on object ''

2018-05-22 19:40:21 - [MESSAGE][PASSED] - All options with index in [1] are selected on object ''

2018-05-22 19:40:21 - [TEST_STEP][PASSED] - Statement - batch = new com.kms.katalon.core.testobject.TestObject(): null

2018-05-22 19:40:21 - [TEST_STEP][PASSED] - Statement - batch = com.kms.katalon.core.webui.keyword.WebUiBuiltInKeywords.modifyObjectProperty(batch, "xpath", "equals", "//*[@id = "txtbthqty" + row + ""]", true): Modify property of object successfully

2018-05-22 19:40:21 - [MESSAGE][PASSED] - Modify property of object successfully

2018-05-22 19:40:21 - [TEST_STEP][PASSED] - Statement - batchqty = com.kms.katalon.core.webui.keyword.WebUiBuiltInKeywords.getAttribute(batch, "value").trim(): Attribute 'value' of object '' is: '3700'

2018-05-22 19:40:21 - [MESSAGE][PASSED] - Attribute 'value' of object '' is: '3700'

2018-05-22 19:40:21 - [TEST_STEP][PASSED] - Statement - Rqty = 100: null

2018-05-22 19:40:21 - [TEST_STEP][PASSED] - delay: Delayed 2 second(s)

2018-05-22 19:40:23 - [MESSAGE][PASSED] - Delayed 2 second(s)

2018-05-22 19:40:23 - [TEST_STEP][PASSED] - Statement - out.println("BatchQty : " + batchqty): null

2018-05-22 19:40:23 - [TEST_STEP][PASSED] - Statement - out.println("RQty : " + Rqty): null

2018-05-22 19:40:23 - [TEST_STEP][PASSED] - Statement - If (java.lang.Integer.valueOf(batchqty) >= java.lang.Integer.valueOf(Rqty)): null

2018-05-22 19:40:23 - [TEST_STEP][PASSED] - Statement - Break: null

2018-05-22 19:40:23 - [TEST_STEP][PASSED] - Statement - batchlength = new com.kms.katalon.core.testobject.TestObject(): null

2018-05-22 19:40:23 - [TEST_STEP][PASSED] - Statement - batchlength = com.kms.katalon.core.webui.keyword.WebUiBuiltInKeywords.modifyObjectProperty(batchlength, "xpath", "equals", "//*[@id = "fldvendor" + row + ""]", true): Modify property of object successfully

2018-05-22 19:40:23 - [MESSAGE][PASSED] - Modify property of object successfully

2018-05-22 19:40:23 - [TEST_STEP][PASSED] - Statement - batchsize = com.kms.katalon.core.webui.keyword.WebUiBuiltInKeywords.getNumberOfTotalOption(batchlength): 6 options of object '' counted

2018-05-22 19:40:23 - [MESSAGE][PASSED] - 6 options of object '' counted

2018-05-22 19:40:23 - [TEST_STEP][PASSED] - Statement - out.println("BatchSize : " + batchsize): null

2018-05-22 19:40:23 - [TEST_STEP][PASSED] - Statement - For ([n = 1, n <= batchsize - 1, (n++)]): null

2018-05-22 19:40:23 - [TEST_STEP][PASSED] - Statement - product = new com.kms.katalon.core.testobject.TestObject(): null

2018-05-22 19:40:23 - [TEST_STEP][PASSED] - Statement - product = com.kms.katalon.core.webui.keyword.WebUiBuiltInKeywords.modifyObjectProperty(product, "xpath", "equals", "//*[@id = "fldvendor" + row + ""]", true): Modify property of object successfully

2018-05-22 19:40:23 - [MESSAGE][PASSED] - Modify property of object successfully

2018-05-22 19:40:23 - [TEST_STEP][PASSED] - selectOptionByIndex: All options with index in [1] are selected on object ''

2018-05-22 19:40:23 - [MESSAGE][PASSED] - All options with index in [1] are selected on object ''

2018-05-22 19:40:23 - [TEST_STEP][PASSED] - Statement - batch = new com.kms.katalon.core.testobject.TestObject(): null

2018-05-22 19:40:23 - [TEST_STEP][PASSED] - Statement - batch = com.kms.katalon.core.webui.keyword.WebUiBuiltInKeywords.modifyObjectProperty(batch, "xpath", "equals", "//*[@id = "txtbthqty" + row + ""]", true): Modify property of object successfully

2018-05-22 19:40:23 - [MESSAGE][PASSED] - Modify property of object successfully

2018-05-22 19:40:23 - [TEST_STEP][PASSED] - Statement - batchqty = com.kms.katalon.core.webui.keyword.WebUiBuiltInKeywords.getAttribute(batch, "value").trim(): Attribute 'value' of object '' is: '4700'

2018-05-22 19:40:23 - [MESSAGE][PASSED] - Attribute 'value' of object '' is: '4700'

2018-05-22 19:40:23 - [TEST_STEP][PASSED] - Statement - Rqty = 100: null

2018-05-22 19:40:23 - [TEST_STEP][PASSED] - delay: Delayed 2 second(s)

2018-05-22 19:40:25 - [MESSAGE][PASSED] - Delayed 2 second(s)

2018-05-22 19:40:25 - [TEST_STEP][PASSED] - Statement - out.println("BatchQty : " + batchqty): null

2018-05-22 19:40:25 - [TEST_STEP][PASSED] - Statement - out.println("RQty : " + Rqty): null

2018-05-22 19:40:25 - [TEST_STEP][PASSED] - Statement - If (java.lang.Integer.valueOf(batchqty) >= java.lang.Integer.valueOf(Rqty)): null

2018-05-22 19:40:25 - [TEST_STEP][PASSED] - Statement - Break: null

2018-05-22 19:40:25 - [TEST_STEP][PASSED] - Statement - batchlength = new com.kms.katalon.core.testobject.TestObject(): null

2018-05-22 19:40:25 - [TEST_STEP][PASSED] - Statement - batchlength = com.kms.katalon.core.webui.keyword.WebUiBuiltInKeywords.modifyObjectProperty(batchlength, "xpath", "equals", "//*[@id = "fldvendor" + row + ""]", true): Modify property of object successfully

2018-05-22 19:40:25 - [MESSAGE][PASSED] - Modify property of object successfully

2018-05-22 19:40:25 - [TEST_STEP][PASSED] - Statement - batchsize = com.kms.katalon.core.webui.keyword.WebUiBuiltInKeywords.getNumberOfTotalOption(batchlength): 6 options of object '' counted

2018-05-22 19:40:25 - [MESSAGE][PASSED] - 6 options of object '' counted

2018-05-22 19:40:25 - [TEST_STEP][PASSED] - Statement - out.println("BatchSize : " + batchsize): null

2018-05-22 19:40:25 - [TEST_STEP][PASSED] - Statement - For ([n = 1, n <= batchsize - 1, (n++)]): null

2018-05-22 19:40:25 - [TEST_STEP][PASSED] - Statement - product = new com.kms.katalon.core.testobject.TestObject(): null

2018-05-22 19:40:25 - [TEST_STEP][PASSED] - Statement - product = com.kms.katalon.core.webui.keyword.WebUiBuiltInKeywords.modifyObjectProperty(product, "xpath", "equals", "//*[@id = "fldvendor" + row + ""]", true): Modify property of object successfully

2018-05-22 19:40:25 - [MESSAGE][PASSED] - Modify property of object successfully

2018-05-22 19:40:25 - [TEST_STEP][PASSED] - selectOptionByIndex: All options with index in [1] are selected on object ''

2018-05-22 19:40:25 - [MESSAGE][PASSED] - All options with index in [1] are selected on object ''

2018-05-22 19:40:25 - [TEST_STEP][PASSED] - Statement - batch = new com.kms.katalon.core.testobject.TestObject(): null

2018-05-22 19:40:25 - [TEST_STEP][PASSED] - Statement - batch = com.kms.katalon.core.webui.keyword.WebUiBuiltInKeywords.modifyObjectProperty(batch, "xpath", "equals", "//*[@id = "txtbthqty" + row + ""]", true): Modify property of object successfully

2018-05-22 19:40:25 - [MESSAGE][PASSED] - Modify property of object successfully

2018-05-22 19:40:25 - [TEST_STEP][PASSED] - Statement - batchqty = com.kms.katalon.core.webui.keyword.WebUiBuiltInKeywords.getAttribute(batch, "value").trim(): Attribute 'value' of object '' is: '38450'

2018-05-22 19:40:25 - [MESSAGE][PASSED] - Attribute 'value' of object '' is: '38450'

2018-05-22 19:40:25 - [TEST_STEP][PASSED] - Statement - Rqty = 100: null

2018-05-22 19:40:25 - [TEST_STEP][PASSED] - delay: Delayed 2 second(s)

2018-05-22 19:40:27 - [MESSAGE][PASSED] - Delayed 2 second(s)

2018-05-22 19:40:27 - [TEST_STEP][PASSED] - Statement - out.println("BatchQty : " + batchqty): null

2018-05-22 19:40:27 - [TEST_STEP][PASSED] - Statement - out.println("RQty : " + Rqty): null

2018-05-22 19:40:27 - [TEST_STEP][PASSED] - Statement - If (java.lang.Integer.valueOf(batchqty) >= java.lang.Integer.valueOf(Rqty)): null

2018-05-22 19:40:27 - [TEST_STEP][PASSED] - Statement - Break: null

2018-05-22 19:40:27 - [TEST_STEP][PASSED] - Statement - batchlength = new com.kms.katalon.core.testobject.TestObject(): null

2018-05-22 19:40:27 - [TEST_STEP][PASSED] - Statement - batchlength = com.kms.katalon.core.webui.keyword.WebUiBuiltInKeywords.modifyObjectProperty(batchlength, "xpath", "equals", "//*[@id = "fldvendor" + row + ""]", true): Modify property of object successfully

2018-05-22 19:40:27 - [MESSAGE][PASSED] - Modify property of object successfully

2018-05-22 19:40:27 - [TEST_STEP][PASSED] - Statement - batchsize = com.kms.katalon.core.webui.keyword.WebUiBuiltInKeywords.getNumberOfTotalOption(batchlength): 6 options of object '' counted

2018-05-22 19:40:27 - [MESSAGE][PASSED] - 6 options of object '' counted

2018-05-22 19:40:27 - [TEST_STEP][PASSED] - Statement - out.println("BatchSize : " + batchsize): null

2018-05-22 19:40:27 - [TEST_STEP][PASSED] - Statement - For ([n = 1, n <= batchsize - 1, (n++)]): null

2018-05-22 19:40:27 - [TEST_STEP][PASSED] - Statement - product = new com.kms.katalon.core.testobject.TestObject(): null

2018-05-22 19:40:27 - [TEST_STEP][PASSED] - Statement - product = com.kms.katalon.core.webui.keyword.WebUiBuiltInKeywords.modifyObjectProperty(product, "xpath", "equals", "//*[@id = "fldvendor" + row + ""]", true): Modify property of object successfully

2018-05-22 19:40:27 - [MESSAGE][PASSED] - Modify property of object successfully

2018-05-22 19:40:27 - [TEST_STEP][PASSED] - selectOptionByIndex: All options with index in [1] are selected on object ''

2018-05-22 19:40:27 - [MESSAGE][PASSED] - All options with index in [1] are selected on object ''

2018-05-22 19:40:27 - [TEST_STEP][PASSED] - Statement - batch = new com.kms.katalon.core.testobject.TestObject(): null

2018-05-22 19:40:27 - [TEST_STEP][PASSED] - Statement - batch = com.kms.katalon.core.webui.keyword.WebUiBuiltInKeywords.modifyObjectProperty(batch, "xpath", "equals", "//*[@id = "txtbthqty" + row + ""]", true): Modify property of object successfully

2018-05-22 19:40:27 - [MESSAGE][PASSED] - Modify property of object successfully

2018-05-22 19:40:27 - [TEST_STEP][PASSED] - Statement - batchqty = com.kms.katalon.core.webui.keyword.WebUiBuiltInKeywords.getAttribute(batch, "value").trim(): Attribute 'value' of object '' is: '4700'

2018-05-22 19:40:27 - [MESSAGE][PASSED] - Attribute 'value' of object '' is: '4700'

2018-05-22 19:40:27 - [TEST_STEP][PASSED] - Statement - Rqty = 100: null

2018-05-22 19:40:27 - [TEST_STEP][PASSED] - delay: Delayed 2 second(s)

2018-05-22 19:40:29 - [MESSAGE][PASSED] - Delayed 2 second(s)

2018-05-22 19:40:29 - [TEST_STEP][PASSED] - Statement - out.println("BatchQty : " + batchqty): null

2018-05-22 19:40:29 - [TEST_STEP][PASSED] - Statement - out.println("RQty : " + Rqty): null

2018-05-22 19:40:29 - [TEST_STEP][PASSED] - Statement - If (java.lang.Integer.valueOf(batchqty) >= java.lang.Integer.valueOf(Rqty)): null

2018-05-22 19:40:29 - [TEST_STEP][PASSED] - Statement - Break: null

2018-05-22 19:40:29 - [TEST_STEP][PASSED] - Statement - batchlength = new com.kms.katalon.core.testobject.TestObject(): null

2018-05-22 19:40:29 - [TEST_STEP][PASSED] - Statement - batchlength = com.kms.katalon.core.webui.keyword.WebUiBuiltInKeywords.modifyObjectProperty(batchlength, "xpath", "equals", "//*[@id = "fldvendor" + row + ""]", true): Modify property of object successfully

2018-05-22 19:40:29 - [MESSAGE][PASSED] - Modify property of object successfully

2018-05-22 19:40:29 - [TEST_STEP][PASSED] - Statement - batchsize = com.kms.katalon.core.webui.keyword.WebUiBuiltInKeywords.getNumberOfTotalOption(batchlength): 6 options of object '' counted

2018-05-22 19:40:30 - [MESSAGE][PASSED] - 6 options of object '' counted

2018-05-22 19:40:30 - [TEST_STEP][PASSED] - Statement - out.println("BatchSize : " + batchsize): null

2018-05-22 19:40:30 - [TEST_STEP][PASSED] - Statement - For ([n = 1, n <= batchsize - 1, (n++)]): null

2018-05-22 19:40:30 - [TEST_STEP][PASSED] - Statement - product = new com.kms.katalon.core.testobject.TestObject(): null

2018-05-22 19:40:30 - [TEST_STEP][PASSED] - Statement - product = com.kms.katalon.core.webui.keyword.WebUiBuiltInKeywords.modifyObjectProperty(product, "xpath", "equals", "//*[@id = "fldvendor" + row + ""]", true): Modify property of object successfully

2018-05-22 19:40:30 - [MESSAGE][PASSED] - Modify property of object successfully

2018-05-22 19:40:30 - [TEST_STEP][PASSED] - selectOptionByIndex: All options with index in [1] are selected on object ''

2018-05-22 19:40:30 - [MESSAGE][PASSED] - All options with index in [1] are selected on object ''

2018-05-22 19:40:30 - [TEST_STEP][PASSED] - Statement - batch = new com.kms.katalon.core.testobject.TestObject(): null

2018-05-22 19:40:30 - [TEST_STEP][PASSED] - Statement - batch = com.kms.katalon.core.webui.keyword.WebUiBuiltInKeywords.modifyObjectProperty(batch, "xpath", "equals", "//*[@id = "txtbthqty" + row + ""]", true): Modify property of object successfully

2018-05-22 19:40:30 - [MESSAGE][PASSED] - Modify property of object successfully

2018-05-22 19:40:30 - [TEST_STEP][PASSED] - Statement - batchqty = com.kms.katalon.core.webui.keyword.WebUiBuiltInKeywords.getAttribute(batch, "value").trim(): Attribute 'value' of object '' is: '4700'

2018-05-22 19:40:30 - [MESSAGE][PASSED] - Attribute 'value' of object '' is: '4700'

2018-05-22 19:40:30 - [TEST_STEP][PASSED] - Statement - Rqty = 100: null

2018-05-22 19:40:30 - [TEST_STEP][PASSED] - delay: Delayed 2 second(s)

2018-05-22 19:40:32 - [MESSAGE][PASSED] - Delayed 2 second(s)

2018-05-22 19:40:32 - [TEST_STEP][PASSED] - Statement - out.println("BatchQty : " + batchqty): null

2018-05-22 19:40:32 - [TEST_STEP][PASSED] - Statement - out.println("RQty : " + Rqty): null

2018-05-22 19:40:32 - [TEST_STEP][PASSED] - Statement - If (java.lang.Integer.valueOf(batchqty) >= java.lang.Integer.valueOf(Rqty)): null

2018-05-22 19:40:32 - [TEST_STEP][PASSED] - Statement - Break: null

2018-05-22 19:40:32 - [TEST_STEP][PASSED] - Statement - batchlength = new com.kms.katalon.core.testobject.TestObject(): null

2018-05-22 19:40:32 - [TEST_STEP][PASSED] - Statement - batchlength = com.kms.katalon.core.webui.keyword.WebUiBuiltInKeywords.modifyObjectProperty(batchlength, "xpath", "equals", "//*[@id = "fldvendor" + row + ""]", true): Modify property of object successfully

2018-05-22 19:40:32 - [MESSAGE][PASSED] - Modify property of object successfully

2018-05-22 19:40:32 - [TEST_STEP][PASSED] - Statement - batchsize = com.kms.katalon.core.webui.keyword.WebUiBuiltInKeywords.getNumberOfTotalOption(batchlength): 6 options of object '' counted

2018-05-22 19:40:32 - [MESSAGE][PASSED] - 6 options of object '' counted

2018-05-22 19:40:32 - [TEST_STEP][PASSED] - Statement - out.println("BatchSize : " + batchsize): null

2018-05-22 19:40:32 - [TEST_STEP][PASSED] - Statement - For ([n = 1, n <= batchsize - 1, (n++)]): null

2018-05-22 19:40:32 - [TEST_STEP][PASSED] - Statement - product = new com.kms.katalon.core.testobject.TestObject(): null

2018-05-22 19:40:32 - [TEST_STEP][PASSED] - Statement - product = com.kms.katalon.core.webui.keyword.WebUiBuiltInKeywords.modifyObjectProperty(product, "xpath", "equals", "//*[@id = "fldvendor" + row + ""]", true): Modify property of object successfully

2018-05-22 19:40:32 - [MESSAGE][PASSED] - Modify property of object successfully

2018-05-22 19:40:32 - [TEST_STEP][PASSED] - selectOptionByIndex: All options with index in [1] are selected on object ''

2018-05-22 19:40:32 - [MESSAGE][PASSED] - All options with index in [1] are selected on object ''

2018-05-22 19:40:32 - [TEST_STEP][PASSED] - Statement - batch = new com.kms.katalon.core.testobject.TestObject(): null

2018-05-22 19:40:32 - [TEST_STEP][PASSED] - Statement - batch = com.kms.katalon.core.webui.keyword.WebUiBuiltInKeywords.modifyObjectProperty(batch, "xpath", "equals", "//*[@id = "txtbthqty" + row + ""]", true): Modify property of object successfully

2018-05-22 19:40:32 - [MESSAGE][PASSED] - Modify property of object successfully

2018-05-22 19:40:32 - [TEST_STEP][PASSED] - Statement - batchqty = com.kms.katalon.core.webui.keyword.WebUiBuiltInKeywords.getAttribute(batch, "value").trim(): Attribute 'value' of object '' is: '4700'

2018-05-22 19:40:32 - [MESSAGE][PASSED] - Attribute 'value' of object '' is: '4700'

2018-05-22 19:40:32 - [TEST_STEP][PASSED] - Statement - Rqty = 100: null

2018-05-22 19:40:32 - [TEST_STEP][PASSED] - delay: Delayed 2 second(s)

2018-05-22 19:40:34 - [MESSAGE][PASSED] - Delayed 2 second(s)

2018-05-22 19:40:34 - [TEST_STEP][PASSED] - Statement - out.println("BatchQty : " + batchqty): null

2018-05-22 19:40:34 - [TEST_STEP][PASSED] - Statement - out.println("RQty : " + Rqty): null

2018-05-22 19:40:34 - [TEST_STEP][PASSED] - Statement - If (java.lang.Integer.valueOf(batchqty) >= java.lang.Integer.valueOf(Rqty)): null

2018-05-22 19:40:34 - [TEST_STEP][PASSED] - Statement - Break: null

2018-05-22 19:40:34 - [TEST_STEP][PASSED] - Statement - batchlength = new com.kms.katalon.core.testobject.TestObject(): null

2018-05-22 19:40:34 - [TEST_STEP][PASSED] - Statement - batchlength = com.kms.katalon.core.webui.keyword.WebUiBuiltInKeywords.modifyObjectProperty(batchlength, "xpath", "equals", "//*[@id = "fldvendor" + row + ""]", true): Modify property of object successfully

2018-05-22 19:40:34 - [MESSAGE][PASSED] - Modify property of object successfully

2018-05-22 19:40:34 - [TEST_STEP][PASSED] - Statement - batchsize = com.kms.katalon.core.webui.keyword.WebUiBuiltInKeywords.getNumberOfTotalOption(batchlength): 6 options of object '' counted

2018-05-22 19:40:34 - [MESSAGE][PASSED] - 6 options of object '' counted

2018-05-22 19:40:34 - [TEST_STEP][PASSED] - Statement - out.println("BatchSize : " + batchsize): null

2018-05-22 19:40:34 - [TEST_STEP][PASSED] - Statement - For ([n = 1, n <= batchsize - 1, (n++)]): null

2018-05-22 19:40:34 - [TEST_STEP][PASSED] - Statement - product = new com.kms.katalon.core.testobject.TestObject(): null

2018-05-22 19:40:34 - [TEST_STEP][PASSED] - Statement - product = com.kms.katalon.core.webui.keyword.WebUiBuiltInKeywords.modifyObjectProperty(product, "xpath", "equals", "//*[@id = "fldvendor" + row + ""]", true): Modify property of object successfully

2018-05-22 19:40:34 - [MESSAGE][PASSED] - Modify property of object successfully

2018-05-22 19:40:34 - [TEST_STEP][PASSED] - selectOptionByIndex: All options with index in [1] are selected on object ''

2018-05-22 19:40:34 - [MESSAGE][PASSED] - All options with index in [1] are selected on object ''

2018-05-22 19:40:34 - [TEST_STEP][PASSED] - Statement - batch = new com.kms.katalon.core.testobject.TestObject(): null

2018-05-22 19:40:34 - [TEST_STEP][PASSED] - Statement - batch = com.kms.katalon.core.webui.keyword.WebUiBuiltInKeywords.modifyObjectProperty(batch, "xpath", "equals", "//*[@id = "txtbthqty" + row + ""]", true): Modify property of object successfully

2018-05-22 19:40:34 - [MESSAGE][PASSED] - Modify property of object successfully

2018-05-22 19:40:34 - [TEST_STEP][PASSED] - Statement - batchqty = com.kms.katalon.core.webui.keyword.WebUiBuiltInKeywords.getAttribute(batch, "value").trim(): Attribute 'value' of object '' is: '38600'

2018-05-22 19:40:34 - [MESSAGE][PASSED] - Attribute 'value' of object '' is: '38600'

2018-05-22 19:40:34 - [TEST_STEP][PASSED] - Statement - Rqty = 100: null

2018-05-22 19:40:34 - [TEST_STEP][PASSED] - delay: Delayed 2 second(s)

2018-05-22 19:40:36 - [MESSAGE][PASSED] - Delayed 2 second(s)

2018-05-22 19:40:36 - [TEST_STEP][PASSED] - Statement - out.println("BatchQty : " + batchqty): null

2018-05-22 19:40:36 - [TEST_STEP][PASSED] - Statement - out.println("RQty : " + Rqty): null

2018-05-22 19:40:36 - [TEST_STEP][PASSED] - Statement - If (java.lang.Integer.valueOf(batchqty) >= java.lang.Integer.valueOf(Rqty)): null

2018-05-22 19:40:36 - [TEST_STEP][PASSED] - Statement - Break: null

2018-05-22 19:40:36 - [TEST_STEP][PASSED] - Statement - batchlength = new com.kms.katalon.core.testobject.TestObject(): null

2018-05-22 19:40:36 - [TEST_STEP][PASSED] - Statement - batchlength = com.kms.katalon.core.webui.keyword.WebUiBuiltInKeywords.modifyObjectProperty(batchlength, "xpath", "equals", "//*[@id = "fldvendor" + row + ""]", true): Modify property of object successfully

2018-05-22 19:40:36 - [MESSAGE][PASSED] - Modify property of object successfully

2018-05-22 19:40:36 - [TEST_STEP][PASSED] - Statement - batchsize = com.kms.katalon.core.webui.keyword.WebUiBuiltInKeywords.getNumberOfTotalOption(batchlength): 6 options of object '' counted

2018-05-22 19:40:36 - [MESSAGE][PASSED] - 6 options of object '' counted

2018-05-22 19:40:36 - [TEST_STEP][PASSED] - Statement - out.println("BatchSize : " + batchsize): null

2018-05-22 19:40:36 - [TEST_STEP][PASSED] - Statement - For ([n = 1, n <= batchsize - 1, (n++)]): null

2018-05-22 19:40:36 - [TEST_STEP][PASSED] - Statement - product = new com.kms.katalon.core.testobject.TestObject(): null

2018-05-22 19:40:36 - [TEST_STEP][PASSED] - Statement - product = com.kms.katalon.core.webui.keyword.WebUiBuiltInKeywords.modifyObjectProperty(product, "xpath", "equals", "//*[@id = "fldvendor" + row + ""]", true): Modify property of object successfully

2018-05-22 19:40:36 - [MESSAGE][PASSED] - Modify property of object successfully

2018-05-22 19:40:36 - [TEST_STEP][PASSED] - selectOptionByIndex: All options with index in [1] are selected on object ''

2018-05-22 19:40:37 - [MESSAGE][PASSED] - All options with index in [1] are selected on object ''

2018-05-22 19:40:37 - [TEST_STEP][PASSED] - Statement - batch = new com.kms.katalon.core.testobject.TestObject(): null

2018-05-22 19:40:37 - [TEST_STEP][PASSED] - Statement - batch = com.kms.katalon.core.webui.keyword.WebUiBuiltInKeywords.modifyObjectProperty(batch, "xpath", "equals", "//*[@id = "txtbthqty" + row + ""]", true): Modify property of object successfully

2018-05-22 19:40:37 - [MESSAGE][PASSED] - Modify property of object successfully

2018-05-22 19:40:37 - [TEST_STEP][PASSED] - Statement - batchqty = com.kms.katalon.core.webui.keyword.WebUiBuiltInKeywords.getAttribute(batch, "value").trim(): Attribute 'value' of object '' is: '4700'

2018-05-22 19:40:37 - [MESSAGE][PASSED] - Attribute 'value' of object '' is: '4700'

2018-05-22 19:40:37 - [TEST_STEP][PASSED] - Statement - Rqty = 100: null

2018-05-22 19:40:37 - [TEST_STEP][PASSED] - delay: Delayed 2 second(s)

2018-05-22 19:40:39 - [MESSAGE][PASSED] - Delayed 2 second(s)

2018-05-22 19:40:39 - [TEST_STEP][PASSED] - Statement - out.println("BatchQty : " + batchqty): null

2018-05-22 19:40:39 - [TEST_STEP][PASSED] - Statement - out.println("RQty : " + Rqty): null

2018-05-22 19:40:39 - [TEST_STEP][PASSED] - Statement - If (java.lang.Integer.valueOf(batchqty) >= java.lang.Integer.valueOf(Rqty)): null

2018-05-22 19:40:39 - [TEST_STEP][PASSED] - Statement - Break: null

2018-05-22 19:40:39 - [TEST_STEP][PASSED] - Statement - batchlength = new com.kms.katalon.core.testobject.TestObject(): null

2018-05-22 19:40:39 - [TEST_STEP][PASSED] - Statement - batchlength = com.kms.katalon.core.webui.keyword.WebUiBuiltInKeywords.modifyObjectProperty(batchlength, "xpath", "equals", "//*[@id = "fldvendor" + row + ""]", true): Modify property of object successfully

2018-05-22 19:40:39 - [MESSAGE][PASSED] - Modify property of object successfully

2018-05-22 19:40:39 - [TEST_STEP][PASSED] - Statement - batchsize = com.kms.katalon.core.webui.keyword.WebUiBuiltInKeywords.getNumberOfTotalOption(batchlength): 6 options of object '' counted

2018-05-22 19:40:39 - [MESSAGE][PASSED] - 6 options of object '' counted

2018-05-22 19:40:39 - [TEST_STEP][PASSED] - Statement - out.println("BatchSize : " + batchsize): null

2018-05-22 19:40:39 - [TEST_STEP][PASSED] - Statement - For ([n = 1, n <= batchsize - 1, (n++)]): null

2018-05-22 19:40:39 - [TEST_STEP][PASSED] - Statement - product = new com.kms.katalon.core.testobject.TestObject(): null

2018-05-22 19:40:39 - [TEST_STEP][PASSED] - Statement - product = com.kms.katalon.core.webui.keyword.WebUiBuiltInKeywords.modifyObjectProperty(product, "xpath", "equals", "//*[@id = "fldvendor" + row + ""]", true): Modify property of object successfully

2018-05-22 19:40:39 - [MESSAGE][PASSED] - Modify property of object successfully

2018-05-22 19:40:39 - [TEST_STEP][PASSED] - selectOptionByIndex: All options with index in [1] are selected on object ''

2018-05-22 19:40:39 - [MESSAGE][PASSED] - All options with index in [1] are selected on object ''

2018-05-22 19:40:39 - [TEST_STEP][PASSED] - Statement - batch = new com.kms.katalon.core.testobject.TestObject(): null

2018-05-22 19:40:39 - [TEST_STEP][PASSED] - Statement - batch = com.kms.katalon.core.webui.keyword.WebUiBuiltInKeywords.modifyObjectProperty(batch, "xpath", "equals", "//*[@id = "txtbthqty" + row + ""]", true): Modify property of object successfully

2018-05-22 19:40:39 - [MESSAGE][PASSED] - Modify property of object successfully

2018-05-22 19:40:39 - [TEST_STEP][PASSED] - Statement - batchqty = com.kms.katalon.core.webui.keyword.WebUiBuiltInKeywords.getAttribute(batch, "value").trim(): Attribute 'value' of object '' is: '4700'

2018-05-22 19:40:39 - [MESSAGE][PASSED] - Attribute 'value' of object '' is: '4700'

2018-05-22 19:40:39 - [TEST_STEP][PASSED] - Statement - Rqty = 100: null

2018-05-22 19:40:39 - [TEST_STEP][PASSED] - delay: Delayed 2 second(s)

2018-05-22 19:40:41 - [MESSAGE][PASSED] - Delayed 2 second(s)

2018-05-22 19:40:41 - [TEST_STEP][PASSED] - Statement - out.println("BatchQty : " + batchqty): null

2018-05-22 19:40:41 - [TEST_STEP][PASSED] - Statement - out.println("RQty : " + Rqty): null

2018-05-22 19:40:41 - [TEST_STEP][PASSED] - Statement - If (java.lang.Integer.valueOf(batchqty) >= java.lang.Integer.valueOf(Rqty)): null

2018-05-22 19:40:41 - [TEST_STEP][PASSED] - Statement - Break: null

2018-05-22 19:40:41 - [TEST_STEP][PASSED] - Statement - batchlength = new com.kms.katalon.core.testobject.TestObject(): null

2018-05-22 19:40:41 - [TEST_STEP][PASSED] - Statement - batchlength = com.kms.katalon.core.webui.keyword.WebUiBuiltInKeywords.modifyObjectProperty(batchlength, "xpath", "equals", "//*[@id = "fldvendor" + row + ""]", true): Modify property of object successfully

2018-05-22 19:40:41 - [MESSAGE][PASSED] - Modify property of object successfully

2018-05-22 19:40:41 - [TEST_STEP][PASSED] - Statement - batchsize = com.kms.katalon.core.webui.keyword.WebUiBuiltInKeywords.getNumberOfTotalOption(batchlength): 6 options of object '' counted

2018-05-22 19:40:41 - [MESSAGE][PASSED] - 6 options of object '' counted

2018-05-22 19:40:41 - [TEST_STEP][PASSED] - Statement - out.println("BatchSize : " + batchsize): null

2018-05-22 19:40:41 - [TEST_STEP][PASSED] - Statement - For ([n = 1, n <= batchsize - 1, (n++)]): null

2018-05-22 19:40:41 - [TEST_STEP][PASSED] - Statement - product = new com.kms.katalon.core.testobject.TestObject(): null

2018-05-22 19:40:41 - [TEST_STEP][PASSED] - Statement - product = com.kms.katalon.core.webui.keyword.WebUiBuiltInKeywords.modifyObjectProperty(product, "xpath", "equals", "//*[@id = "fldvendor" + row + ""]", true): Modify property of object successfully

2018-05-22 19:40:41 - [MESSAGE][PASSED] - Modify property of object successfully

2018-05-22 19:40:41 - [TEST_STEP][PASSED] - selectOptionByIndex: All options with index in [1] are selected on object ''

2018-05-22 19:40:41 - [MESSAGE][PASSED] - All options with index in [1] are selected on object ''

2018-05-22 19:40:41 - [TEST_STEP][PASSED] - Statement - batch = new com.kms.katalon.core.testobject.TestObject(): null

2018-05-22 19:40:41 - [TEST_STEP][PASSED] - Statement - batch = com.kms.katalon.core.webui.keyword.WebUiBuiltInKeywords.modifyObjectProperty(batch, "xpath", "equals", "//*[@id = "txtbthqty" + row + ""]", true): Modify property of object successfully

2018-05-22 19:40:41 - [MESSAGE][PASSED] - Modify property of object successfully

2018-05-22 19:40:41 - [TEST_STEP][PASSED] - Statement - batchqty = com.kms.katalon.core.webui.keyword.WebUiBuiltInKeywords.getAttribute(batch, "value").trim(): Attribute 'value' of object '' is: '3700'

2018-05-22 19:40:41 - [MESSAGE][PASSED] - Attribute 'value' of object '' is: '3700'

2018-05-22 19:40:41 - [TEST_STEP][PASSED] - Statement - Rqty = 100: null

2018-05-22 19:40:41 - [TEST_STEP][PASSED] - delay: Delayed 2 second(s)

2018-05-22 19:40:43 - [MESSAGE][PASSED] - Delayed 2 second(s)

2018-05-22 19:40:43 - [TEST_STEP][PASSED] - Statement - out.println("BatchQty : " + batchqty): null

2018-05-22 19:40:43 - [TEST_STEP][PASSED] - Statement - out.println("RQty : " + Rqty): null

2018-05-22 19:40:43 - [TEST_STEP][PASSED] - Statement - If (java.lang.Integer.valueOf(batchqty) >= java.lang.Integer.valueOf(Rqty)): null

2018-05-22 19:40:43 - [TEST_STEP][PASSED] - Statement - Break: null

2018-05-22 19:40:43 - [TEST_STEP][PASSED] - Statement - batchlength = new com.kms.katalon.core.testobject.TestObject(): null

2018-05-22 19:40:43 - [TEST_STEP][PASSED] - Statement - batchlength = com.kms.katalon.core.webui.keyword.WebUiBuiltInKeywords.modifyObjectProperty(batchlength, "xpath", "equals", "//*[@id = "fldvendor" + row + ""]", true): Modify property of object successfully

2018-05-22 19:40:43 - [MESSAGE][PASSED] - Modify property of object successfully

2018-05-22 19:40:43 - [TEST_STEP][PASSED] - Statement - batchsize = com.kms.katalon.core.webui.keyword.WebUiBuiltInKeywords.getNumberOfTotalOption(batchlength): 6 options of object '' counted

2018-05-22 19:40:43 - [MESSAGE][PASSED] - 6 options of object '' counted

2018-05-22 19:40:43 - [TEST_STEP][PASSED] - Statement - out.println("BatchSize : " + batchsize): null

2018-05-22 19:40:43 - [TEST_STEP][PASSED] - Statement - For ([n = 1, n <= batchsize - 1, (n++)]): null

2018-05-22 19:40:43 - [TEST_STEP][PASSED] - Statement - product = new com.kms.katalon.core.testobject.TestObject(): null

2018-05-22 19:40:43 - [TEST_STEP][PASSED] - Statement - product = com.kms.katalon.core.webui.keyword.WebUiBuiltInKeywords.modifyObjectProperty(product, "xpath", "equals", "//*[@id = "fldvendor" + row + ""]", true): Modify property of object successfully

2018-05-22 19:40:43 - [MESSAGE][PASSED] - Modify property of object successfully

2018-05-22 19:40:43 - [TEST_STEP][PASSED] - selectOptionByIndex: All options with index in [1] are selected on object ''

2018-05-22 19:40:43 - [MESSAGE][PASSED] - All options with index in [1] are selected on object ''

2018-05-22 19:40:43 - [TEST_STEP][PASSED] - Statement - batch = new com.kms.katalon.core.testobject.TestObject(): null

2018-05-22 19:40:43 - [TEST_STEP][PASSED] - Statement - batch = com.kms.katalon.core.webui.keyword.WebUiBuiltInKeywords.modifyObjectProperty(batch, "xpath", "equals", "//*[@id = "txtbthqty" + row + ""]", true): Modify property of object successfully

2018-05-22 19:40:43 - [MESSAGE][PASSED] - Modify property of object successfully

2018-05-22 19:40:43 - [TEST_STEP][PASSED] - Statement - batchqty = com.kms.katalon.core.webui.keyword.WebUiBuiltInKeywords.getAttribute(batch, "value").trim(): Attribute 'value' of object '' is: '4700'

2018-05-22 19:40:43 - [MESSAGE][PASSED] - Attribute 'value' of object '' is: '4700'

2018-05-22 19:40:43 - [TEST_STEP][PASSED] - Statement - Rqty = 100: null

2018-05-22 19:40:43 - [TEST_STEP][PASSED] - delay: Delayed 2 second(s)

2018-05-22 19:40:45 - [MESSAGE][PASSED] - Delayed 2 second(s)

2018-05-22 19:40:45 - [TEST_STEP][PASSED] - Statement - out.println("BatchQty : " + batchqty): null

2018-05-22 19:40:45 - [TEST_STEP][PASSED] - Statement - out.println("RQty : " + Rqty): null

2018-05-22 19:40:45 - [TEST_STEP][PASSED] - Statement - If (java.lang.Integer.valueOf(batchqty) >= java.lang.Integer.valueOf(Rqty)): null

2018-05-22 19:40:45 - [TEST_STEP][PASSED] - Statement - Break: null

2018-05-22 19:40:45 - [TEST_STEP][PASSED] - Statement - batchlength = new com.kms.katalon.core.testobject.TestObject(): null

2018-05-22 19:40:45 - [TEST_STEP][PASSED] - Statement - batchlength = com.kms.katalon.core.webui.keyword.WebUiBuiltInKeywords.modifyObjectProperty(batchlength, "xpath", "equals", "//*[@id = "fldvendor" + row + ""]", true): Modify property of object successfully

2018-05-22 19:40:45 - [MESSAGE][PASSED] - Modify property of object successfully

2018-05-22 19:40:45 - [TEST_STEP][PASSED] - Statement - batchsize = com.kms.katalon.core.webui.keyword.WebUiBuiltInKeywords.getNumberOfTotalOption(batchlength): 6 options of object '' counted

2018-05-22 19:40:45 - [MESSAGE][PASSED] - 6 options of object '' counted

2018-05-22 19:40:45 - [TEST_STEP][PASSED] - Statement - out.println("BatchSize : " + batchsize): null

2018-05-22 19:40:45 - [TEST_STEP][PASSED] - Statement - For ([n = 1, n <= batchsize - 1, (n++)]): null

2018-05-22 19:40:45 - [TEST_STEP][PASSED] - Statement - product = new com.kms.katalon.core.testobject.TestObject(): null

2018-05-22 19:40:45 - [TEST_STEP][PASSED] - Statement - product = com.kms.katalon.core.webui.keyword.WebUiBuiltInKeywords.modifyObjectProperty(product, "xpath", "equals", "//*[@id = "fldvendor" + row + ""]", true): Modify property of object successfully

2018-05-22 19:40:45 - [MESSAGE][PASSED] - Modify property of object successfully

2018-05-22 19:40:45 - [TEST_STEP][PASSED] - selectOptionByIndex: All options with index in [1] are selected on object ''

2018-05-22 19:40:46 - [MESSAGE][PASSED] - All options with index in [1] are selected on object ''

2018-05-22 19:40:46 - [TEST_STEP][PASSED] - Statement - batch = new com.kms.katalon.core.testobject.TestObject(): null

2018-05-22 19:40:46 - [TEST_STEP][PASSED] - Statement - batch = com.kms.katalon.core.webui.keyword.WebUiBuiltInKeywords.modifyObjectProperty(batch, "xpath", "equals", "//*[@id = "txtbthqty" + row + ""]", true): Modify property of object successfully

2018-05-22 19:40:46 - [MESSAGE][PASSED] - Modify property of object successfully

2018-05-22 19:40:46 - [TEST_STEP][PASSED] - Statement - batchqty = com.kms.katalon.core.webui.keyword.WebUiBuiltInKeywords.getAttribute(batch, "value").trim(): Attribute 'value' of object '' is: '4700'

2018-05-22 19:40:46 - [MESSAGE][PASSED] - Attribute 'value' of object '' is: '4700'

2018-05-22 19:40:46 - [TEST_STEP][PASSED] - Statement - Rqty = 100: null

2018-05-22 19:40:46 - [TEST_STEP][PASSED] - delay: Delayed 2 second(s)

2018-05-22 19:40:48 - [MESSAGE][PASSED] - Delayed 2 second(s)

2018-05-22 19:40:48 - [TEST_STEP][PASSED] - Statement - out.println("BatchQty : " + batchqty): null

2018-05-22 19:40:48 - [TEST_STEP][PASSED] - Statement - out.println("RQty : " + Rqty): null

2018-05-22 19:40:48 - [TEST_STEP][PASSED] - Statement - If (java.lang.Integer.valueOf(batchqty) >= java.lang.Integer.valueOf(Rqty)): null

2018-05-22 19:40:48 - [TEST_STEP][PASSED] - Statement - Break: null

2018-05-22 19:40:48 - [TEST_STEP][PASSED] - Statement - batchlength = new com.kms.katalon.core.testobject.TestObject(): null

2018-05-22 19:40:48 - [TEST_STEP][PASSED] - Statement - batchlength = com.kms.katalon.core.webui.keyword.WebUiBuiltInKeywords.modifyObjectProperty(batchlength, "xpath", "equals", "//*[@id = "fldvendor" + row + ""]", true): Modify property of object successfully

2018-05-22 19:40:48 - [MESSAGE][PASSED] - Modify property of object successfully

2018-05-22 19:40:48 - [TEST_STEP][PASSED] - Statement - batchsize = com.kms.katalon.core.webui.keyword.WebUiBuiltInKeywords.getNumberOfTotalOption(batchlength): 6 options of object '' counted

2018-05-22 19:40:48 - [MESSAGE][PASSED] - 6 options of object '' counted

2018-05-22 19:40:48 - [TEST_STEP][PASSED] - Statement - out.println("BatchSize : " + batchsize): null

2018-05-22 19:40:48 - [TEST_STEP][PASSED] - Statement - For ([n = 1, n <= batchsize - 1, (n++)]): null

2018-05-22 19:40:48 - [TEST_STEP][PASSED] - Statement - product = new com.kms.katalon.core.testobject.TestObject(): null

2018-05-22 19:40:48 - [TEST_STEP][PASSED] - Statement - product = com.kms.katalon.core.webui.keyword.WebUiBuiltInKeywords.modifyObjectProperty(product, "xpath", "equals", "//*[@id = "fldvendor" + row + ""]", true): Modify property of object successfully

2018-05-22 19:40:48 - [MESSAGE][PASSED] - Modify property of object successfully

2018-05-22 19:40:48 - [TEST_STEP][PASSED] - selectOptionByIndex: All options with index in [1] are selected on object ''

2018-05-22 19:40:48 - [MESSAGE][PASSED] - All options with index in [1] are selected on object ''

2018-05-22 19:40:48 - [TEST_STEP][PASSED] - Statement - batch = new com.kms.katalon.core.testobject.TestObject(): null

2018-05-22 19:40:48 - [TEST_STEP][PASSED] - Statement - batch = com.kms.katalon.core.webui.keyword.WebUiBuiltInKeywords.modifyObjectProperty(batch, "xpath", "equals", "//*[@id = "txtbthqty" + row + ""]", true): Modify property of object successfully

2018-05-22 19:40:48 - [MESSAGE][PASSED] - Modify property of object successfully

2018-05-22 19:40:48 - [TEST_STEP][PASSED] - Statement - batchqty = com.kms.katalon.core.webui.keyword.WebUiBuiltInKeywords.getAttribute(batch, "value").trim(): Attribute 'value' of object '' is: '3700'

2018-05-22 19:40:48 - [MESSAGE][PASSED] - Attribute 'value' of object '' is: '3700'

2018-05-22 19:40:48 - [TEST_STEP][PASSED] - Statement - Rqty = 100: null

2018-05-22 19:40:48 - [TEST_STEP][PASSED] - delay: Delayed 2 second(s)

2018-05-22 19:40:50 - [MESSAGE][PASSED] - Delayed 2 second(s)

2018-05-22 19:40:50 - [TEST_STEP][PASSED] - Statement - out.println("BatchQty : " + batchqty): null

2018-05-22 19:40:50 - [TEST_STEP][PASSED] - Statement - out.println("RQty : " + Rqty): null

2018-05-22 19:40:50 - [TEST_STEP][PASSED] - Statement - If (java.lang.Integer.valueOf(batchqty) >= java.lang.Integer.valueOf(Rqty)): null

2018-05-22 19:40:50 - [TEST_STEP][PASSED] - Statement - Break: null

2018-05-22 19:40:50 - [TEST_STEP][PASSED] - Statement - batchlength = new com.kms.katalon.core.testobject.TestObject(): null

2018-05-22 19:40:50 - [TEST_STEP][PASSED] - Statement - batchlength = com.kms.katalon.core.webui.keyword.WebUiBuiltInKeywords.modifyObjectProperty(batchlength, "xpath", "equals", "//*[@id = "fldvendor" + row + ""]", true): Modify property of object successfully

2018-05-22 19:40:50 - [MESSAGE][PASSED] - Modify property of object successfully

2018-05-22 19:40:50 - [TEST_STEP][PASSED] - Statement - batchsize = com.kms.katalon.core.webui.keyword.WebUiBuiltInKeywords.getNumberOfTotalOption(batchlength): 6 options of object '' counted

2018-05-22 19:40:50 - [MESSAGE][PASSED] - 6 options of object '' counted

2018-05-22 19:40:50 - [TEST_STEP][PASSED] - Statement - out.println("BatchSize : " + batchsize): null

2018-05-22 19:40:50 - [TEST_STEP][PASSED] - Statement - For ([n = 1, n <= batchsize - 1, (n++)]): null

2018-05-22 19:40:50 - [TEST_STEP][PASSED] - Statement - product = new com.kms.katalon.core.testobject.TestObject(): null

2018-05-22 19:40:50 - [TEST_STEP][PASSED] - Statement - product = com.kms.katalon.core.webui.keyword.WebUiBuiltInKeywords.modifyObjectProperty(product, "xpath", "equals", "//*[@id = "fldvendor" + row + ""]", true): Modify property of object successfully

2018-05-22 19:40:50 - [MESSAGE][PASSED] - Modify property of object successfully

2018-05-22 19:40:50 - [TEST_STEP][PASSED] - selectOptionByIndex: All options with index in [1] are selected on object ''

2018-05-22 19:40:50 - [MESSAGE][PASSED] - All options with index in [1] are selected on object ''

2018-05-22 19:40:50 - [TEST_STEP][PASSED] - Statement - batch = new com.kms.katalon.core.testobject.TestObject(): null

2018-05-22 19:40:50 - [TEST_STEP][PASSED] - Statement - batch = com.kms.katalon.core.webui.keyword.WebUiBuiltInKeywords.modifyObjectProperty(batch, "xpath", "equals", "//*[@id = "txtbthqty" + row + ""]", true): Modify property of object successfully

2018-05-22 19:40:50 - [MESSAGE][PASSED] - Modify property of object successfully

2018-05-22 19:40:50 - [TEST_STEP][PASSED] - Statement - batchqty = com.kms.katalon.core.webui.keyword.WebUiBuiltInKeywords.getAttribute(batch, "value").trim(): Attribute 'value' of object '' is: '4700'

2018-05-22 19:40:50 - [MESSAGE][PASSED] - Attribute 'value' of object '' is: '4700'

2018-05-22 19:40:50 - [TEST_STEP][PASSED] - Statement - Rqty = 100: null

2018-05-22 19:40:50 - [TEST_STEP][PASSED] - delay: Delayed 2 second(s)

2018-05-22 19:40:52 - [MESSAGE][PASSED] - Delayed 2 second(s)

2018-05-22 19:40:52 - [TEST_STEP][PASSED] - Statement - out.println("BatchQty : " + batchqty): null

2018-05-22 19:40:52 - [TEST_STEP][PASSED] - Statement - out.println("RQty : " + Rqty): null

2018-05-22 19:40:52 - [TEST_STEP][PASSED] - Statement - If (java.lang.Integer.valueOf(batchqty) >= java.lang.Integer.valueOf(Rqty)): null

2018-05-22 19:40:52 - [TEST_STEP][PASSED] - Statement - Break: null

2018-05-22 19:40:52 - [TEST_STEP][PASSED] - Statement - batchlength = new com.kms.katalon.core.testobject.TestObject(): null

2018-05-22 19:40:52 - [TEST_STEP][PASSED] - Statement - batchlength = com.kms.katalon.core.webui.keyword.WebUiBuiltInKeywords.modifyObjectProperty(batchlength, "xpath", "equals", "//*[@id = "fldvendor" + row + ""]", true): Modify property of object successfully

2018-05-22 19:40:52 - [MESSAGE][PASSED] - Modify property of object successfully

2018-05-22 19:40:52 - [TEST_STEP][PASSED] - Statement - batchsize = com.kms.katalon.core.webui.keyword.WebUiBuiltInKeywords.getNumberOfTotalOption(batchlength): 6 options of object '' counted

2018-05-22 19:40:52 - [MESSAGE][PASSED] - 6 options of object '' counted

2018-05-22 19:40:52 - [TEST_STEP][PASSED] - Statement - out.println("BatchSize : " + batchsize): null

2018-05-22 19:40:52 - [TEST_STEP][PASSED] - Statement - For ([n = 1, n <= batchsize - 1, (n++)]): null

2018-05-22 19:40:52 - [TEST_STEP][PASSED] - Statement - product = new com.kms.katalon.core.testobject.TestObject(): null

2018-05-22 19:40:52 - [TEST_STEP][PASSED] - Statement - product = com.kms.katalon.core.webui.keyword.WebUiBuiltInKeywords.modifyObjectProperty(product, "xpath", "equals", "//*[@id = "fldvendor" + row + ""]", true): Modify property of object successfully

2018-05-22 19:40:52 - [MESSAGE][PASSED] - Modify property of object successfully

2018-05-22 19:40:52 - [TEST_STEP][PASSED] - selectOptionByIndex: All options with index in [1] are selected on object ''

2018-05-22 19:40:52 - [MESSAGE][PASSED] - All options with index in [1] are selected on object ''

2018-05-22 19:40:52 - [TEST_STEP][PASSED] - Statement - batch = new com.kms.katalon.core.testobject.TestObject(): null

2018-05-22 19:40:52 - [TEST_STEP][PASSED] - Statement - batch = com.kms.katalon.core.webui.keyword.WebUiBuiltInKeywords.modifyObjectProperty(batch, "xpath", "equals", "//*[@id = "txtbthqty" + row + ""]", true): Modify property of object successfully

2018-05-22 19:40:52 - [MESSAGE][PASSED] - Modify property of object successfully

2018-05-22 19:40:52 - [TEST_STEP][PASSED] - Statement - batchqty = com.kms.katalon.core.webui.keyword.WebUiBuiltInKeywords.getAttribute(batch, "value").trim(): Attribute 'value' of object '' is: '4700'

2018-05-22 19:40:52 - [MESSAGE][PASSED] - Attribute 'value' of object '' is: '4700'

2018-05-22 19:40:52 - [TEST_STEP][PASSED] - Statement - Rqty = 100: null

2018-05-22 19:40:52 - [TEST_STEP][PASSED] - delay: Delayed 2 second(s)

2018-05-22 19:40:54 - [MESSAGE][PASSED] - Delayed 2 second(s)

2018-05-22 19:40:54 - [TEST_STEP][PASSED] - Statement - out.println("BatchQty : " + batchqty): null

2018-05-22 19:40:54 - [TEST_STEP][PASSED] - Statement - out.println("RQty : " + Rqty): null

2018-05-22 19:40:54 - [TEST_STEP][PASSED] - Statement - If (java.lang.Integer.valueOf(batchqty) >= java.lang.Integer.valueOf(Rqty)): null

2018-05-22 19:40:54 - [TEST_STEP][PASSED] - Statement - Break: null

2018-05-22 19:40:54 - [TEST_STEP][PASSED] - Statement - batchlength = new com.kms.katalon.core.testobject.TestObject(): null

2018-05-22 19:40:54 - [TEST_STEP][PASSED] - Statement - batchlength = com.kms.katalon.core.webui.keyword.WebUiBuiltInKeywords.modifyObjectProperty(batchlength, "xpath", "equals", "//*[@id = "fldvendor" + row + ""]", true): Modify property of object successfully

2018-05-22 19:40:54 - [MESSAGE][PASSED] - Modify property of object successfully

2018-05-22 19:40:54 - [TEST_STEP][PASSED] - Statement - batchsize = com.kms.katalon.core.webui.keyword.WebUiBuiltInKeywords.getNumberOfTotalOption(batchlength): 6 options of object '' counted

2018-05-22 19:40:54 - [MESSAGE][PASSED] - 6 options of object '' counted

2018-05-22 19:40:54 - [TEST_STEP][PASSED] - Statement - out.println("BatchSize : " + batchsize): null

2018-05-22 19:40:54 - [TEST_STEP][PASSED] - Statement - For ([n = 1, n <= batchsize - 1, (n++)]): null

2018-05-22 19:40:54 - [TEST_STEP][PASSED] - Statement - product = new com.kms.katalon.core.testobject.TestObject(): null

2018-05-22 19:40:54 - [TEST_STEP][PASSED] - Statement - product = com.kms.katalon.core.webui.keyword.WebUiBuiltInKeywords.modifyObjectProperty(product, "xpath", "equals", "//*[@id = "fldvendor" + row + ""]", true): Modify property of object successfully

2018-05-22 19:40:55 - [MESSAGE][PASSED] - Modify property of object successfully

2018-05-22 19:40:55 - [TEST_STEP][PASSED] - selectOptionByIndex: All options with index in [1] are selected on object ''

2018-05-22 19:40:55 - [MESSAGE][PASSED] - All options with index in [1] are selected on object ''

2018-05-22 19:40:55 - [TEST_STEP][PASSED] - Statement - batch = new com.kms.katalon.core.testobject.TestObject(): null

2018-05-22 19:40:55 - [TEST_STEP][PASSED] - Statement - batch = com.kms.katalon.core.webui.keyword.WebUiBuiltInKeywords.modifyObjectProperty(batch, "xpath", "equals", "//*[@id = "txtbthqty" + row + ""]", true): Modify property of object successfully

2018-05-22 19:40:55 - [MESSAGE][PASSED] - Modify property of object successfully

2018-05-22 19:40:55 - [TEST_STEP][PASSED] - Statement - batchqty = com.kms.katalon.core.webui.keyword.WebUiBuiltInKeywords.getAttribute(batch, "value").trim(): Attribute 'value' of object '' is: '38600'

2018-05-22 19:40:55 - [MESSAGE][PASSED] - Attribute 'value' of object '' is: '38600'

2018-05-22 19:40:55 - [TEST_STEP][PASSED] - Statement - Rqty = 100: null

2018-05-22 19:40:55 - [TEST_STEP][PASSED] - delay: Delayed 2 second(s)

2018-05-22 19:40:57 - [MESSAGE][PASSED] - Delayed 2 second(s)

2018-05-22 19:40:57 - [TEST_STEP][PASSED] - Statement - out.println("BatchQty : " + batchqty): null

2018-05-22 19:40:57 - [TEST_STEP][PASSED] - Statement - out.println("RQty : " + Rqty): null

2018-05-22 19:40:57 - [TEST_STEP][PASSED] - Statement - If (java.lang.Integer.valueOf(batchqty) >= java.lang.Integer.valueOf(Rqty)): null

2018-05-22 19:40:57 - [TEST_STEP][PASSED] - Statement - Break: null

2018-05-22 19:40:57 - [TEST_STEP][PASSED] - Statement - batchlength = new com.kms.katalon.core.testobject.TestObject(): null

2018-05-22 19:40:57 - [TEST_STEP][PASSED] - Statement - batchlength = com.kms.katalon.core.webui.keyword.WebUiBuiltInKeywords.modifyObjectProperty(batchlength, "xpath", "equals", "//*[@id = "fldvendor" + row + ""]", true): Modify property of object successfully

2018-05-22 19:40:57 - [MESSAGE][PASSED] - Modify property of object successfully

2018-05-22 19:40:57 - [TEST_STEP][PASSED] - Statement - batchsize = com.kms.katalon.core.webui.keyword.WebUiBuiltInKeywords.getNumberOfTotalOption(batchlength): 6 options of object '' counted

2018-05-22 19:40:57 - [MESSAGE][PASSED] - 6 options of object '' counted

2018-05-22 19:40:57 - [TEST_STEP][PASSED] - Statement - out.println("BatchSize : " + batchsize): null

2018-05-22 19:40:57 - [TEST_STEP][PASSED] - Statement - For ([n = 1, n <= batchsize - 1, (n++)]): null

2018-05-22 19:40:57 - [TEST_STEP][PASSED] - Statement - product = new com.kms.katalon.core.testobject.TestObject(): null

2018-05-22 19:40:57 - [TEST_STEP][PASSED] - Statement - product = com.kms.katalon.core.webui.keyword.WebUiBuiltInKeywords.modifyObjectProperty(product, "xpath", "equals", "//*[@id = "fldvendor" + row + ""]", true): Modify property of object successfully

2018-05-22 19:40:57 - [MESSAGE][PASSED] - Modify property of object successfully

2018-05-22 19:40:57 - [TEST_STEP][PASSED] - selectOptionByIndex: All options with index in [1] are selected on object ''

2018-05-22 19:40:57 - [MESSAGE][PASSED] - All options with index in [1] are selected on object ''

2018-05-22 19:40:57 - [TEST_STEP][PASSED] - Statement - batch = new com.kms.katalon.core.testobject.TestObject(): null

2018-05-22 19:40:57 - [TEST_STEP][PASSED] - Statement - batch = com.kms.katalon.core.webui.keyword.WebUiBuiltInKeywords.modifyObjectProperty(batch, "xpath", "equals", "//*[@id = "txtbthqty" + row + ""]", true): Modify property of object successfully

2018-05-22 19:40:57 - [MESSAGE][PASSED] - Modify property of object successfully

2018-05-22 19:40:57 - [TEST_STEP][PASSED] - Statement - batchqty = com.kms.katalon.core.webui.keyword.WebUiBuiltInKeywords.getAttribute(batch, "value").trim(): Attribute 'value' of object '' is: '4700'

2018-05-22 19:40:57 - [MESSAGE][PASSED] - Attribute 'value' of object '' is: '4700'

2018-05-22 19:40:57 - [TEST_STEP][PASSED] - Statement - Rqty = 100: null

2018-05-22 19:40:57 - [TEST_STEP][PASSED] - delay: Delayed 2 second(s)

2018-05-22 19:40:59 - [MESSAGE][PASSED] - Delayed 2 second(s)

2018-05-22 19:40:59 - [TEST_STEP][PASSED] - Statement - out.println("BatchQty : " + batchqty): null

2018-05-22 19:40:59 - [TEST_STEP][PASSED] - Statement - out.println("RQty : " + Rqty): null

2018-05-22 19:40:59 - [TEST_STEP][PASSED] - Statement - If (java.lang.Integer.valueOf(batchqty) >= java.lang.Integer.valueOf(Rqty)): null

2018-05-22 19:40:59 - [TEST_STEP][PASSED] - Statement - Break: null

2018-05-22 19:40:59 - [TEST_STEP][PASSED] - Statement - batchlength = new com.kms.katalon.core.testobject.TestObject(): null

2018-05-22 19:40:59 - [TEST_STEP][PASSED] - Statement - batchlength = com.kms.katalon.core.webui.keyword.WebUiBuiltInKeywords.modifyObjectProperty(batchlength, "xpath", "equals", "//*[@id = "fldvendor" + row + ""]", true): Modify property of object successfully

2018-05-22 19:40:59 - [MESSAGE][PASSED] - Modify property of object successfully

2018-05-22 19:40:59 - [TEST_STEP][PASSED] - Statement - batchsize = com.kms.katalon.core.webui.keyword.WebUiBuiltInKeywords.getNumberOfTotalOption(batchlength): 6 options of object '' counted

2018-05-22 19:40:59 - [MESSAGE][PASSED] - 6 options of object '' counted

2018-05-22 19:40:59 - [TEST_STEP][PASSED] - Statement - out.println("BatchSize : " + batchsize): null

2018-05-22 19:40:59 - [TEST_STEP][PASSED] - Statement - For ([n = 1, n <= batchsize - 1, (n++)]): null

2018-05-22 19:40:59 - [TEST_STEP][PASSED] - Statement - product = new com.kms.katalon.core.testobject.TestObject(): null

2018-05-22 19:40:59 - [TEST_STEP][PASSED] - Statement - product = com.kms.katalon.core.webui.keyword.WebUiBuiltInKeywords.modifyObjectProperty(product, "xpath", "equals", "//*[@id = "fldvendor" + row + ""]", true): Modify property of object successfully

2018-05-22 19:40:59 - [MESSAGE][PASSED] - Modify property of object successfully

2018-05-22 19:40:59 - [TEST_STEP][PASSED] - selectOptionByIndex: All options with index in [1] are selected on object ''

2018-05-22 19:40:59 - [MESSAGE][PASSED] - All options with index in [1] are selected on object ''

2018-05-22 19:40:59 - [TEST_STEP][PASSED] - Statement - batch = new com.kms.katalon.core.testobject.TestObject(): null

2018-05-22 19:40:59 - [TEST_STEP][PASSED] - Statement - batch = com.kms.katalon.core.webui.keyword.WebUiBuiltInKeywords.modifyObjectProperty(batch, "xpath", "equals", "//*[@id = "txtbthqty" + row + ""]", true): Modify property of object successfully

2018-05-22 19:40:59 - [MESSAGE][PASSED] - Modify property of object successfully

2018-05-22 19:40:59 - [TEST_STEP][PASSED] - Statement - batchqty = com.kms.katalon.core.webui.keyword.WebUiBuiltInKeywords.getAttribute(batch, "value").trim(): Attribute 'value' of object '' is: '4700'

2018-05-22 19:40:59 - [MESSAGE][PASSED] - Attribute 'value' of object '' is: '4700'

2018-05-22 19:40:59 - [TEST_STEP][PASSED] - Statement - Rqty = 100: null

2018-05-22 19:40:59 - [TEST_STEP][PASSED] - delay: Delayed 2 second(s)

2018-05-22 19:41:01 - [MESSAGE][PASSED] - Delayed 2 second(s)

2018-05-22 19:41:01 - [TEST_STEP][PASSED] - Statement - out.println("BatchQty : " + batchqty): null

2018-05-22 19:41:01 - [TEST_STEP][PASSED] - Statement - out.println("RQty : " + Rqty): null

2018-05-22 19:41:01 - [TEST_STEP][PASSED] - Statement - If (java.lang.Integer.valueOf(batchqty) >= java.lang.Integer.valueOf(Rqty)): null

2018-05-22 19:41:01 - [TEST_STEP][PASSED] - Statement - Break: null

2018-05-22 19:41:01 - [TEST_STEP][PASSED] - Statement - batchlength = new com.kms.katalon.core.testobject.TestObject(): null

2018-05-22 19:41:01 - [TEST_STEP][PASSED] - Statement - batchlength = com.kms.katalon.core.webui.keyword.WebUiBuiltInKeywords.modifyObjectProperty(batchlength, "xpath", "equals", "//*[@id = "fldvendor" + row + ""]", true): Modify property of object successfully

2018-05-22 19:41:01 - [MESSAGE][PASSED] - Modify property of object successfully

2018-05-22 19:41:01 - [TEST_STEP][PASSED] - Statement - batchsize = com.kms.katalon.core.webui.keyword.WebUiBuiltInKeywords.getNumberOfTotalOption(batchlength): 6 options of object '' counted

2018-05-22 19:41:01 - [MESSAGE][PASSED] - 6 options of object '' counted

2018-05-22 19:41:01 - [TEST_STEP][PASSED] - Statement - out.println("BatchSize : " + batchsize): null

2018-05-22 19:41:01 - [TEST_STEP][PASSED] - Statement - For ([n = 1, n <= batchsize - 1, (n++)]): null

2018-05-22 19:41:01 - [TEST_STEP][PASSED] - Statement - product = new com.kms.katalon.core.testobject.TestObject(): null

2018-05-22 19:41:01 - [TEST_STEP][PASSED] - Statement - product = com.kms.katalon.core.webui.keyword.WebUiBuiltInKeywords.modifyObjectProperty(product, "xpath", "equals", "//*[@id = "fldvendor" + row + ""]", true): Modify property of object successfully

2018-05-22 19:41:01 - [MESSAGE][PASSED] - Modify property of object successfully

2018-05-22 19:41:01 - [TEST_STEP][PASSED] - selectOptionByIndex: All options with index in [1] are selected on object ''

2018-05-22 19:41:01 - [MESSAGE][PASSED] - All options with index in [1] are selected on object ''

2018-05-22 19:41:01 - [TEST_STEP][PASSED] - Statement - batch = new com.kms.katalon.core.testobject.TestObject(): null

2018-05-22 19:41:01 - [TEST_STEP][PASSED] - Statement - batch = com.kms.katalon.core.webui.keyword.WebUiBuiltInKeywords.modifyObjectProperty(batch, "xpath", "equals", "//*[@id = "txtbthqty" + row + ""]", true): Modify property of object successfully

2018-05-22 19:41:01 - [MESSAGE][PASSED] - Modify property of object successfully

2018-05-22 19:41:01 - [TEST_STEP][PASSED] - Statement - batchqty = com.kms.katalon.core.webui.keyword.WebUiBuiltInKeywords.getAttribute(batch, "value").trim(): Attribute 'value' of object '' is: '38600'

2018-05-22 19:41:01 - [MESSAGE][PASSED] - Attribute 'value' of object '' is: '38600'

2018-05-22 19:41:01 - [TEST_STEP][PASSED] - Statement - Rqty = 100: null

2018-05-22 19:41:01 - [TEST_STEP][PASSED] - delay: Delayed 2 second(s)

2018-05-22 19:41:03 - [MESSAGE][PASSED] - Delayed 2 second(s)

2018-05-22 19:41:03 - [TEST_STEP][PASSED] - Statement - out.println("BatchQty : " + batchqty): null

2018-05-22 19:41:03 - [TEST_STEP][PASSED] - Statement - out.println("RQty : " + Rqty): null

2018-05-22 19:41:03 - [TEST_STEP][PASSED] - Statement - If (java.lang.Integer.valueOf(batchqty) >= java.lang.Integer.valueOf(Rqty)): null

2018-05-22 19:41:03 - [TEST_STEP][PASSED] - Statement - Break: null

2018-05-22 19:41:03 - [TEST_STEP][PASSED] - Statement - batchlength = new com.kms.katalon.core.testobject.TestObject(): null

2018-05-22 19:41:03 - [TEST_STEP][PASSED] - Statement - batchlength = com.kms.katalon.core.webui.keyword.WebUiBuiltInKeywords.modifyObjectProperty(batchlength, "xpath", "equals", "//*[@id = "fldvendor" + row + ""]", true): Modify property of object successfully

2018-05-22 19:41:03 - [MESSAGE][PASSED] - Modify property of object successfully

2018-05-22 19:41:03 - [TEST_STEP][PASSED] - Statement - batchsize = com.kms.katalon.core.webui.keyword.WebUiBuiltInKeywords.getNumberOfTotalOption(batchlength): 6 options of object '' counted

2018-05-22 19:41:04 - [MESSAGE][PASSED] - 6 options of object '' counted

2018-05-22 19:41:04 - [TEST_STEP][PASSED] - Statement - out.println("BatchSize : " + batchsize): null

2018-05-22 19:41:04 - [TEST_STEP][PASSED] - Statement - For ([n = 1, n <= batchsize - 1, (n++)]): null

2018-05-22 19:41:04 - [TEST_STEP][PASSED] - Statement - product = new com.kms.katalon.core.testobject.TestObject(): null

2018-05-22 19:41:04 - [TEST_STEP][PASSED] - Statement - product = com.kms.katalon.core.webui.keyword.WebUiBuiltInKeywords.modifyObjectProperty(product, "xpath", "equals", "//*[@id = "fldvendor" + row + ""]", true): Modify property of object successfully

2018-05-22 19:41:04 - [MESSAGE][PASSED] - Modify property of object successfully

2018-05-22 19:41:04 - [TEST_STEP][PASSED] - selectOptionByIndex: All options with index in [1] are selected on object ''

2018-05-22 19:41:04 - [MESSAGE][PASSED] - All options with index in [1] are selected on object ''

2018-05-22 19:41:04 - [TEST_STEP][PASSED] - Statement - batch = new com.kms.katalon.core.testobject.TestObject(): null

2018-05-22 19:41:04 - [TEST_STEP][PASSED] - Statement - batch = com.kms.katalon.core.webui.keyword.WebUiBuiltInKeywords.modifyObjectProperty(batch, "xpath", "equals", "//*[@id = "txtbthqty" + row + ""]", true): Modify property of object successfully

2018-05-22 19:41:04 - [MESSAGE][PASSED] - Modify property of object successfully

2018-05-22 19:41:04 - [TEST_STEP][PASSED] - Statement - batchqty = com.kms.katalon.core.webui.keyword.WebUiBuiltInKeywords.getAttribute(batch, "value").trim(): Attribute 'value' of object '' is: '3700'

2018-05-22 19:41:04 - [MESSAGE][PASSED] - Attribute 'value' of object '' is: '3700'

2018-05-22 19:41:04 - [TEST_STEP][PASSED] - Statement - Rqty = 100: null

2018-05-22 19:41:04 - [TEST_STEP][PASSED] - delay: Delayed 2 second(s)

2018-05-22 19:41:06 - [MESSAGE][PASSED] - Delayed 2 second(s)

2018-05-22 19:41:06 - [TEST_STEP][PASSED] - Statement - out.println("BatchQty : " + batchqty): null

2018-05-22 19:41:06 - [TEST_STEP][PASSED] - Statement - out.println("RQty : " + Rqty): null

2018-05-22 19:41:06 - [TEST_STEP][PASSED] - Statement - If (java.lang.Integer.valueOf(batchqty) >= java.lang.Integer.valueOf(Rqty)): null

2018-05-22 19:41:06 - [TEST_STEP][PASSED] - Statement - Break: null

2018-05-22 19:41:06 - [TEST_STEP][PASSED] - Statement - batchlength = new com.kms.katalon.core.testobject.TestObject(): null

2018-05-22 19:41:06 - [TEST_STEP][PASSED] - Statement - batchlength = com.kms.katalon.core.webui.keyword.WebUiBuiltInKeywords.modifyObjectProperty(batchlength, "xpath", "equals", "//*[@id = "fldvendor" + row + ""]", true): Modify property of object successfully

2018-05-22 19:41:06 - [MESSAGE][PASSED] - Modify property of object successfully

2018-05-22 19:41:06 - [TEST_STEP][PASSED] - Statement - batchsize = com.kms.katalon.core.webui.keyword.WebUiBuiltInKeywords.getNumberOfTotalOption(batchlength): 6 options of object '' counted

2018-05-22 19:41:06 - [MESSAGE][PASSED] - 6 options of object '' counted

2018-05-22 19:41:06 - [TEST_STEP][PASSED] - Statement - out.println("BatchSize : " + batchsize): null

2018-05-22 19:41:06 - [TEST_STEP][PASSED] - Statement - For ([n = 1, n <= batchsize - 1, (n++)]): null

2018-05-22 19:41:06 - [TEST_STEP][PASSED] - Statement - product = new com.kms.katalon.core.testobject.TestObject(): null

2018-05-22 19:41:06 - [TEST_STEP][PASSED] - Statement - product = com.kms.katalon.core.webui.keyword.WebUiBuiltInKeywords.modifyObjectProperty(product, "xpath", "equals", "//*[@id = "fldvendor" + row + ""]", true): Modify property of object successfully

2018-05-22 19:41:06 - [MESSAGE][PASSED] - Modify property of object successfully

2018-05-22 19:41:06 - [TEST_STEP][PASSED] - selectOptionByIndex: All options with index in [1] are selected on object ''

2018-05-22 19:41:06 - [MESSAGE][PASSED] - All options with index in [1] are selected on object ''

2018-05-22 19:41:06 - [TEST_STEP][PASSED] - Statement - batch = new com.kms.katalon.core.testobject.TestObject(): null

2018-05-22 19:41:06 - [TEST_STEP][PASSED] - Statement - batch = com.kms.katalon.core.webui.keyword.WebUiBuiltInKeywords.modifyObjectProperty(batch, "xpath", "equals", "//*[@id = "txtbthqty" + row + ""]", true): Modify property of object successfully

2018-05-22 19:41:06 - [MESSAGE][PASSED] - Modify property of object successfully

2018-05-22 19:41:06 - [TEST_STEP][PASSED] - Statement - batchqty = com.kms.katalon.core.webui.keyword.WebUiBuiltInKeywords.getAttribute(batch, "value").trim(): Attribute 'value' of object '' is: '4700'

2018-05-22 19:41:06 - [MESSAGE][PASSED] - Attribute 'value' of object '' is: '4700'

2018-05-22 19:41:06 - [TEST_STEP][PASSED] - Statement - Rqty = 100: null

2018-05-22 19:41:06 - [TEST_STEP][PASSED] - delay: Delayed 2 second(s)

2018-05-22 19:41:08 - [MESSAGE][PASSED] - Delayed 2 second(s)

2018-05-22 19:41:08 - [TEST_STEP][PASSED] - Statement - out.println("BatchQty : " + batchqty): null

2018-05-22 19:41:08 - [TEST_STEP][PASSED] - Statement - out.println("RQty : " + Rqty): null

2018-05-22 19:41:08 - [TEST_STEP][PASSED] - Statement - If (java.lang.Integer.valueOf(batchqty) >= java.lang.Integer.valueOf(Rqty)): null

2018-05-22 19:41:08 - [TEST_STEP][PASSED] - Statement - Break: null

2018-05-22 19:41:08 - [TEST_STEP][PASSED] - Statement - batchlength = new com.kms.katalon.core.testobject.TestObject(): null

2018-05-22 19:41:08 - [TEST_STEP][PASSED] - Statement - batchlength = com.kms.katalon.core.webui.keyword.WebUiBuiltInKeywords.modifyObjectProperty(batchlength, "xpath", "equals", "//*[@id = "fldvendor" + row + ""]", true): Modify property of object successfully

2018-05-22 19:41:08 - [MESSAGE][PASSED] - Modify property of object successfully

2018-05-22 19:41:08 - [TEST_STEP][PASSED] - Statement - batchsize = com.kms.katalon.core.webui.keyword.WebUiBuiltInKeywords.getNumberOfTotalOption(batchlength): 6 options of object '' counted

2018-05-22 19:41:08 - [MESSAGE][PASSED] - 6 options of object '' counted

2018-05-22 19:41:08 - [TEST_STEP][PASSED] - Statement - out.println("BatchSize : " + batchsize): null

2018-05-22 19:41:08 - [TEST_STEP][PASSED] - Statement - For ([n = 1, n <= batchsize - 1, (n++)]): null

2018-05-22 19:41:08 - [TEST_STEP][PASSED] - Statement - product = new com.kms.katalon.core.testobject.TestObject(): null

2018-05-22 19:41:08 - [TEST_STEP][PASSED] - Statement - product = com.kms.katalon.core.webui.keyword.WebUiBuiltInKeywords.modifyObjectProperty(product, "xpath", "equals", "//*[@id = "fldvendor" + row + ""]", true): Modify property of object successfully

2018-05-22 19:41:08 - [MESSAGE][PASSED] - Modify property of object successfully

2018-05-22 19:41:08 - [TEST_STEP][PASSED] - selectOptionByIndex: All options with index in [1] are selected on object ''

2018-05-22 19:41:08 - [MESSAGE][PASSED] - All options with index in [1] are selected on object ''

2018-05-22 19:41:08 - [TEST_STEP][PASSED] - Statement - batch = new com.kms.katalon.core.testobject.TestObject(): null

2018-05-22 19:41:08 - [TEST_STEP][PASSED] - Statement - batch = com.kms.katalon.core.webui.keyword.WebUiBuiltInKeywords.modifyObjectProperty(batch, "xpath", "equals", "//*[@id = "txtbthqty" + row + ""]", true): Modify property of object successfully

2018-05-22 19:41:08 - [MESSAGE][PASSED] - Modify property of object successfully

2018-05-22 19:41:08 - [TEST_STEP][PASSED] - Statement - batchqty = com.kms.katalon.core.webui.keyword.WebUiBuiltInKeywords.getAttribute(batch, "value").trim(): Attribute 'value' of object '' is: '4700'

2018-05-22 19:41:08 - [MESSAGE][PASSED] - Attribute 'value' of object '' is: '4700'

2018-05-22 19:41:08 - [TEST_STEP][PASSED] - Statement - Rqty = 100: null

2018-05-22 19:41:08 - [TEST_STEP][PASSED] - delay: Delayed 2 second(s)

2018-05-22 19:41:10 - [MESSAGE][PASSED] - Delayed 2 second(s)

2018-05-22 19:41:10 - [TEST_STEP][PASSED] - Statement - out.println("BatchQty : " + batchqty): null

2018-05-22 19:41:10 - [TEST_STEP][PASSED] - Statement - out.println("RQty : " + Rqty): null

2018-05-22 19:41:10 - [TEST_STEP][PASSED] - Statement - If (java.lang.Integer.valueOf(batchqty) >= java.lang.Integer.valueOf(Rqty)): null

2018-05-22 19:41:10 - [TEST_STEP][PASSED] - Statement - Break: null

2018-05-22 19:41:10 - [TEST_STEP][PASSED] - Statement - batchlength = new com.kms.katalon.core.testobject.TestObject(): null

2018-05-22 19:41:10 - [TEST_STEP][PASSED] - Statement - batchlength = com.kms.katalon.core.webui.keyword.WebUiBuiltInKeywords.modifyObjectProperty(batchlength, "xpath", "equals", "//*[@id = "fldvendor" + row + ""]", true): Modify property of object successfully

2018-05-22 19:41:10 - [MESSAGE][PASSED] - Modify property of object successfully

2018-05-22 19:41:10 - [TEST_STEP][PASSED] - Statement - batchsize = com.kms.katalon.core.webui.keyword.WebUiBuiltInKeywords.getNumberOfTotalOption(batchlength): 6 options of object '' counted

2018-05-22 19:41:10 - [MESSAGE][PASSED] - 6 options of object '' counted

2018-05-22 19:41:10 - [TEST_STEP][PASSED] - Statement - out.println("BatchSize : " + batchsize): null

2018-05-22 19:41:10 - [TEST_STEP][PASSED] - Statement - For ([n = 1, n <= batchsize - 1, (n++)]): null

2018-05-22 19:41:10 - [TEST_STEP][PASSED] - Statement - product = new com.kms.katalon.core.testobject.TestObject(): null

2018-05-22 19:41:10 - [TEST_STEP][PASSED] - Statement - product = com.kms.katalon.core.webui.keyword.WebUiBuiltInKeywords.modifyObjectProperty(product, "xpath", "equals", "//*[@id = "fldvendor" + row + ""]", true): Modify property of object successfully

2018-05-22 19:41:10 - [MESSAGE][PASSED] - Modify property of object successfully

2018-05-22 19:41:10 - [TEST_STEP][PASSED] - selectOptionByIndex: All options with index in [1] are selected on object ''

2018-05-22 19:41:10 - [MESSAGE][PASSED] - All options with index in [1] are selected on object ''

2018-05-22 19:41:10 - [TEST_STEP][PASSED] - Statement - batch = new com.kms.katalon.core.testobject.TestObject(): null

2018-05-22 19:41:10 - [TEST_STEP][PASSED] - Statement - batch = com.kms.katalon.core.webui.keyword.WebUiBuiltInKeywords.modifyObjectProperty(batch, "xpath", "equals", "//*[@id = "txtbthqty" + row + ""]", true): Modify property of object successfully

2018-05-22 19:41:10 - [MESSAGE][PASSED] - Modify property of object successfully

2018-05-22 19:41:10 - [TEST_STEP][PASSED] - Statement - batchqty = com.kms.katalon.core.webui.keyword.WebUiBuiltInKeywords.getAttribute(batch, "value").trim(): Attribute 'value' of object '' is: '38600'

2018-05-22 19:41:10 - [MESSAGE][PASSED] - Attribute 'value' of object '' is: '38600'

2018-05-22 19:41:10 - [TEST_STEP][PASSED] - Statement - Rqty = 100: null

2018-05-22 19:41:10 - [TEST_STEP][PASSED] - delay: Delayed 2 second(s)

2018-05-22 19:41:12 - [MESSAGE][PASSED] - Delayed 2 second(s)

2018-05-22 19:41:12 - [TEST_STEP][PASSED] - Statement - out.println("BatchQty : " + batchqty): null

2018-05-22 19:41:12 - [TEST_STEP][PASSED] - Statement - out.println("RQty : " + Rqty): null

2018-05-22 19:41:12 - [TEST_STEP][PASSED] - Statement - If (java.lang.Integer.valueOf(batchqty) >= java.lang.Integer.valueOf(Rqty)): null

2018-05-22 19:41:12 - [TEST_STEP][PASSED] - Statement - Break: null

2018-05-22 19:41:12 - [TEST_STEP][PASSED] - delay: Delayed 2 second(s)

2018-05-22 19:41:14 - [MESSAGE][PASSED] - Delayed 2 second(s)

2018-05-22 19:41:14 - [TEST_STEP][PASSED] - click: Object: 'Object Repository/DispensaryToCms/Page_KDMC - CMS/input_btndispatch' is clicked on

2018-05-22 19:41:15 - [MESSAGE][PASSED] - Object: 'Object Repository/DispensaryToCms/Page_KDMC - CMS/input_btndispatch' is clicked on

2018-05-22 19:41:15 - [TEST_STEP][PASSED] - delay: Delayed 3 second(s)

2018-05-22 19:41:18 - [MESSAGE][PASSED] - Delayed 3 second(s)

2018-05-22 19:41:18 - [TEST_STEP][PASSED] - click: Object: 'Object Repository/DispensaryToCms/Page_KDMC - CMS/button_OK' is clicked on

2018-05-22 19:41:18 - [MESSAGE][PASSED] - Object: 'Object Repository/DispensaryToCms/Page_KDMC - CMS/button_OK' is clicked on

2018-05-22 19:41:18 - [TEST_STEP][PASSED] - delay: Delayed 3 second(s)

2018-05-22 19:41:21 - [MESSAGE][PASSED] - Delayed 3 second(s)

2018-05-22 19:41:21 - [TEST_STEP][PASSED] - waitForElementPresent: Object 'Object Repository/DispensaryToStore/Page_Dispensary Store/a_dropdown-toggle' is not present after 20 second(s)

2018-05-22 19:41:42 - [MESSAGE][WARNING] - Object 'Object Repository/DispensaryToStore/Page_Dispensary Store/a_dropdown-toggle' is not present after 20 second(s)

2018-05-22 19:41:42 - [TEST_STEP][PASSED] - click: Object: 'Object Repository/DispensaryToCms/Page_KDMC - CMS/a_dropdown-toggle' is clicked on

2018-05-22 19:41:42 - [MESSAGE][PASSED] - Object: 'Object Repository/DispensaryToCms/Page_KDMC - CMS/a_dropdown-toggle' is clicked on

2018-05-22 19:41:42 - [TEST_STEP][PASSED] - click: Object: 'Object Repository/DispensaryToCms/Page_KDMC - CMS/a_Sign out' is clicked on

2018-05-22 19:41:43 - [MESSAGE][PASSED] - Object: 'Object Repository/DispensaryToCms/Page_KDMC - CMS/a_Sign out' is clicked on

2018-05-22 19:41:43 - [TEST_STEP][PASSED] - delay: Delayed 3 second(s)

2018-05-22 19:41:46 - [MESSAGE][PASSED] - Delayed 3 second(s)

2018-05-22 19:41:46 - [TEST_STEP][PASSED] - navigateToUrl: Navigate to 'http://192.168.137.1/multihospital_new/HDSplashscreen.aspx' successfully

2018-05-22 19:41:46 - [MESSAGE][PASSED] - Navigate to 'http://192.168.137.1/multihospital_new/HDSplashscreen.aspx' successfully

2018-05-22 19:41:46 - [TEST_STEP][PASSED] - click: Object: 'Object Repository/DispensaryToCms/Page_KDMC/a_Dispensary Store' is clicked on

2018-05-22 19:41:47 - [MESSAGE][PASSED] - Object: 'Object Repository/DispensaryToCms/Page_KDMC/a_Dispensary Store' is clicked on

2018-05-22 19:41:47 - [TEST_STEP][PASSED] - setText: Text 'rajaram' is set on object 'Object Repository/DispensaryToCms/Page_Dispensary Store Login/input_txtusername'

2018-05-22 19:41:47 - [MESSAGE][PASSED] - Text 'rajaram' is set on object 'Object Repository/DispensaryToCms/Page_Dispensary Store Login/input_txtusername'

2018-05-22 19:41:47 - [TEST_STEP][PASSED] - setText: Text '123' is set on object 'Object Repository/DispensaryToCms/Page_Dispensary Store Login/input_txtpassword'

2018-05-22 19:41:47 - [MESSAGE][PASSED] - Text '123' is set on object 'Object Repository/DispensaryToCms/Page_Dispensary Store Login/input_txtpassword'

2018-05-22 19:41:47 - [TEST_STEP][PASSED] - delay: Delayed 3 second(s)

2018-05-22 19:41:50 - [MESSAGE][PASSED] - Delayed 3 second(s)

2018-05-22 19:41:50 - [TEST_STEP][PASSED] - click: Object: 'Object Repository/DispensaryToCms/Page_Dispensary Store Login/button_Sign in' is clicked on

2018-05-22 19:41:51 - [MESSAGE][PASSED] - Object: 'Object Repository/DispensaryToCms/Page_Dispensary Store Login/button_Sign in' is clicked on

2018-05-22 19:41:51 - [TEST_STEP][PASSED] - delay: Delayed 3 second(s)

2018-05-22 19:41:54 - [MESSAGE][PASSED] - Delayed 3 second(s)

2018-05-22 19:41:54 - [TEST_STEP][PASSED] - click: Object: 'Object Repository/DispensaryToCms/Page_Dispensary Store/a_CMS' is clicked on

2018-05-22 19:41:54 - [MESSAGE][PASSED] - Object: 'Object Repository/DispensaryToCms/Page_Dispensary Store/a_CMS' is clicked on

2018-05-22 19:41:54 - [TEST_STEP][PASSED] - delay: Delayed 2 second(s)

2018-05-22 19:41:56 - [MESSAGE][PASSED] - Delayed 2 second(s)

2018-05-22 19:41:56 - [TEST_STEP][PASSED] - click: Object: 'Object Repository/DispensaryToCms/Page_Dispensary Store/a_Receiving Goods' is clicked on

2018-05-22 19:41:57 - [MESSAGE][PASSED] - Object: 'Object Repository/DispensaryToCms/Page_Dispensary Store/a_Receiving Goods' is clicked on

2018-05-22 19:41:57 - [TEST_STEP][PASSED] - setText: Text 'PRNO/22052018/342' is set on object 'Object Repository/DispensaryToCms/Page_Dispensary Store/input'

2018-05-22 19:41:57 - [MESSAGE][PASSED] - Text 'PRNO/22052018/342' is set on object 'Object Repository/DispensaryToCms/Page_Dispensary Store/input'

2018-05-22 19:41:57 - [TEST_STEP][PASSED] - click: Object: 'Object Repository/DispensaryToCms/Page_Dispensary Store/input_PRNO18052018174' is clicked on

2018-05-22 19:41:57 - [MESSAGE][PASSED] - Object: 'Object Repository/DispensaryToCms/Page_Dispensary Store/input_PRNO18052018174' is clicked on

2018-05-22 19:41:57 - [TEST_STEP][PASSED] - delay: Delayed 2 second(s)

2018-05-22 19:41:59 - [MESSAGE][PASSED] - Delayed 2 second(s)

2018-05-22 19:41:59 - [TEST_STEP][PASSED] - click: Object: 'Object Repository/DispensaryToCms/Page_Dispensary Store/input_chkrem' is clicked on

2018-05-22 19:41:59 - [MESSAGE][PASSED] - Object: 'Object Repository/DispensaryToCms/Page_Dispensary Store/input_chkrem' is clicked on

2018-05-22 19:41:59 - [TEST_STEP][PASSED] - scrollToElement: Scroll to object 'Object Repository/DispensaryToCms/Page_Dispensary Store/input_btchkroqadd' successfully

2018-05-22 19:41:59 - [MESSAGE][PASSED] - Scroll to object 'Object Repository/DispensaryToCms/Page_Dispensary Store/input_btchkroqadd' successfully

2018-05-22 19:41:59 - [TEST_STEP][PASSED] - click: Object: 'Object Repository/DispensaryToCms/Page_Dispensary Store/input_btchkroqadd' is clicked on

2018-05-22 19:41:59 - [MESSAGE][PASSED] - Object: 'Object Repository/DispensaryToCms/Page_Dispensary Store/input_btchkroqadd' is clicked on

2018-05-22 19:41:59 - [TEST_STEP][PASSED] - delay: Delayed 2 second(s)

2018-05-22 19:42:01 - [MESSAGE][PASSED] - Delayed 2 second(s)

2018-05-22 19:42:01 - [TEST_STEP][PASSED] - refresh: Refresh successfully

2018-05-22 19:42:02 - [MESSAGE][PASSED] - Refresh successfully

2018-05-22 19:42:02 - [TEST_STEP][PASSED] - delay: Delayed 3 second(s)

2018-05-22 19:42:05 - [MESSAGE][PASSED] - Delayed 3 second(s)

2018-05-22 19:42:05 - [TEST_STEP][PASSED] - waitForElementPresent: Object 'Object Repository/DispensaryToStore/Page_Dispensary Store/a_dropdown-toggle' is present

2018-05-22 19:42:05 - [MESSAGE][PASSED] - Object 'Object Repository/DispensaryToStore/Page_Dispensary Store/a_dropdown-toggle' is present

2018-05-22 19:42:05 - [TEST_STEP][PASSED] - click: Object: 'Object Repository/DispensaryToCms/Page_Dispensary Store/a_dropdown-toggle' is clicked on

2018-05-22 19:42:05 - [MESSAGE][PASSED] - Object: 'Object Repository/DispensaryToCms/Page_Dispensary Store/a_dropdown-toggle' is clicked on

2018-05-22 19:42:05 - [TEST_STEP][PASSED] - click: Object: 'Object Repository/DispensaryToCms/Page_Dispensary Store/a_Sign out' is clicked on

2018-05-22 19:42:06 - [MESSAGE][PASSED] - Object: 'Object Repository/DispensaryToCms/Page_Dispensary Store/a_Sign out' is clicked on

2018-05-22 19:42:06 - [TEST_STEP][PASSED] - closeBrowser: Browser is closed

2018-05-22 19:42:06 - [MESSAGE][PASSED] - Browser is closed]]></system-out>
         <system-err><![CDATA[]]></system-err>
      </testcase>
      <testcase name="Test Cases/DISPENSARY TEST CASES/TC_DP_016 Verify Schedule 4 Dispensary To CMS Request Are Working Successfully Or Not" classname="Test Cases/DISPENSARY TEST CASES/TC_DP_016 Verify Schedule 4 Dispensary To CMS Request Are Working Successfully Or Not" status="PASSED">
         <system-out><![CDATA[2018-05-22 19:42:06 - [TEST_CASE][PASSED] - Test Cases/DISPENSARY TEST CASES/TC_DP_016 Verify Schedule 4 Dispensary To CMS Request Are Working Successfully Or Not: Test Cases/DISPENSARY TEST CASES/TC_DP_016 Verify Schedule 4 Dispensary To CMS Request Are Working Successfully Or Not

2018-05-22 19:42:06 - [TEST_STEP][PASSED] - openBrowser: Browser is opened with url: ''

2018-05-22 19:42:09 - [MESSAGE][PASSED] - Browser is opened with url: ''

2018-05-22 19:42:09 - [TEST_STEP][PASSED] - navigateToUrl: Navigate to 'http://192.168.137.1/multihospital_new/HDSplashscreen.aspx' successfully

2018-05-22 19:42:11 - [MESSAGE][PASSED] - Navigate to 'http://192.168.137.1/multihospital_new/HDSplashscreen.aspx' successfully

2018-05-22 19:42:11 - [TEST_STEP][PASSED] - maximizeWindow: Current window maximized

2018-05-22 19:42:12 - [MESSAGE][PASSED] - Current window maximized

2018-05-22 19:42:12 - [TEST_STEP][PASSED] - click: Object: 'Object Repository/DispensaryToCms/Page_KDMC/a_Dispensary Store' is clicked on

2018-05-22 19:42:13 - [MESSAGE][PASSED] - Object: 'Object Repository/DispensaryToCms/Page_KDMC/a_Dispensary Store' is clicked on

2018-05-22 19:42:13 - [TEST_STEP][PASSED] - setText: Text 'rajaram' is set on object 'Object Repository/DispensaryToCms/Page_Dispensary Store Login/input_txtusername'

2018-05-22 19:42:13 - [MESSAGE][PASSED] - Text 'rajaram' is set on object 'Object Repository/DispensaryToCms/Page_Dispensary Store Login/input_txtusername'

2018-05-22 19:42:13 - [TEST_STEP][PASSED] - setText: Text '123' is set on object 'Object Repository/DispensaryToCms/Page_Dispensary Store Login/input_txtpassword'

2018-05-22 19:42:13 - [MESSAGE][PASSED] - Text '123' is set on object 'Object Repository/DispensaryToCms/Page_Dispensary Store Login/input_txtpassword'

2018-05-22 19:42:13 - [TEST_STEP][PASSED] - delay: Delayed 3 second(s)

2018-05-22 19:42:16 - [MESSAGE][PASSED] - Delayed 3 second(s)

2018-05-22 19:42:16 - [TEST_STEP][PASSED] - click: Object: 'Object Repository/DispensaryToCms/Page_Dispensary Store Login/button_Sign in' is clicked on

2018-05-22 19:42:17 - [MESSAGE][PASSED] - Object: 'Object Repository/DispensaryToCms/Page_Dispensary Store Login/button_Sign in' is clicked on

2018-05-22 19:42:17 - [TEST_STEP][PASSED] - delay: Delayed 3 second(s)

2018-05-22 19:42:20 - [MESSAGE][PASSED] - Delayed 3 second(s)

2018-05-22 19:42:20 - [TEST_STEP][PASSED] - click: Object: 'Object Repository/DispensaryToCms/Page_Dispensary Store/a_CMS' is clicked on

2018-05-22 19:42:20 - [MESSAGE][PASSED] - Object: 'Object Repository/DispensaryToCms/Page_Dispensary Store/a_CMS' is clicked on

2018-05-22 19:42:20 - [TEST_STEP][PASSED] - click: Object: 'Object Repository/DispensaryToCms/Page_Dispensary Store/a_Request Send' is clicked on

2018-05-22 19:42:20 - [MESSAGE][PASSED] - Object: 'Object Repository/DispensaryToCms/Page_Dispensary Store/a_Request Send' is clicked on

2018-05-22 19:42:20 - [TEST_STEP][PASSED] - delay: Delayed 2 second(s)

2018-05-22 19:42:22 - [MESSAGE][PASSED] - Delayed 2 second(s)

2018-05-22 19:42:22 - [TEST_STEP][PASSED] - selectOptionByIndex: All options with index in [2] are selected on object 'Object Repository/DispensaryToCms/Page_Dispensary Store/select_--Select--'

2018-05-22 19:42:22 - [MESSAGE][PASSED] - All options with index in [2] are selected on object 'Object Repository/DispensaryToCms/Page_Dispensary Store/select_--Select--'

2018-05-22 19:42:22 - [TEST_STEP][PASSED] - selectOptionByIndex: All options with index in [4] are selected on object 'Object Repository/DispensaryToCms/Page_Dispensary Store/select_--Select--Schedule 1Inj'

2018-05-22 19:42:23 - [MESSAGE][PASSED] - All options with index in [4] are selected on object 'Object Repository/DispensaryToCms/Page_Dispensary Store/select_--Select--Schedule 1Inj'

2018-05-22 19:42:23 - [TEST_STEP][PASSED] - Statement - medicineslength = com.kms.katalon.core.webui.keyword.WebUiBuiltInKeywords.getNumberOfTotalOption(com.kms.katalon.core.testobject.ObjectRepository.findTestObject(DispensaryToCms/Page_Dispensary Store/select_--Select--Adernaline 0.)): 16 options of object 'Object Repository/DispensaryToCms/Page_Dispensary Store/select_--Select--Adernaline 0.' counted

2018-05-22 19:42:23 - [MESSAGE][PASSED] - 16 options of object 'Object Repository/DispensaryToCms/Page_Dispensary Store/select_--Select--Adernaline 0.' counted

2018-05-22 19:42:23 - [TEST_STEP][PASSED] - Statement - For ([e = 1, e <= medicineslength - 1, (e++)]): Object: 'Object Repository/DispensaryToCms/Page_Dispensary Store/button_Add' is clicked on

2018-05-22 19:42:23 - [TEST_STEP][PASSED] - selectOptionByIndex: All options with index in [4] are selected on object 'Object Repository/DispensaryToCms/Page_Dispensary Store/select_--Select--Schedule 1Inj'

2018-05-22 19:42:23 - [MESSAGE][PASSED] - All options with index in [4] are selected on object 'Object Repository/DispensaryToCms/Page_Dispensary Store/select_--Select--Schedule 1Inj'

2018-05-22 19:42:23 - [TEST_STEP][PASSED] - selectOptionByIndex: All options with index in [1] are selected on object 'Object Repository/DispensaryToCms/Page_Dispensary Store/select_--Select--Adernaline 0.'

2018-05-22 19:42:23 - [MESSAGE][PASSED] - All options with index in [1] are selected on object 'Object Repository/DispensaryToCms/Page_Dispensary Store/select_--Select--Adernaline 0.'

2018-05-22 19:42:23 - [TEST_STEP][PASSED] - setText: Text '100' is set on object 'Object Repository/DispensaryToCms/Page_Dispensary Store/input_txttreat'

2018-05-22 19:42:23 - [MESSAGE][PASSED] - Text '100' is set on object 'Object Repository/DispensaryToCms/Page_Dispensary Store/input_txttreat'

2018-05-22 19:42:23 - [TEST_STEP][PASSED] - click: Object: 'Object Repository/DispensaryToCms/Page_Dispensary Store/button_Add' is clicked on

2018-05-22 19:42:23 - [MESSAGE][PASSED] - Object: 'Object Repository/DispensaryToCms/Page_Dispensary Store/button_Add' is clicked on

2018-05-22 19:42:23 - [TEST_STEP][PASSED] - selectOptionByIndex: All options with index in [4] are selected on object 'Object Repository/DispensaryToCms/Page_Dispensary Store/select_--Select--Schedule 1Inj'

2018-05-22 19:42:23 - [MESSAGE][PASSED] - All options with index in [4] are selected on object 'Object Repository/DispensaryToCms/Page_Dispensary Store/select_--Select--Schedule 1Inj'

2018-05-22 19:42:23 - [TEST_STEP][PASSED] - selectOptionByIndex: All options with index in [2] are selected on object 'Object Repository/DispensaryToCms/Page_Dispensary Store/select_--Select--Adernaline 0.'

2018-05-22 19:42:23 - [MESSAGE][PASSED] - All options with index in [2] are selected on object 'Object Repository/DispensaryToCms/Page_Dispensary Store/select_--Select--Adernaline 0.'

2018-05-22 19:42:23 - [TEST_STEP][PASSED] - setText: Text '100' is set on object 'Object Repository/DispensaryToCms/Page_Dispensary Store/input_txttreat'

2018-05-22 19:42:23 - [MESSAGE][PASSED] - Text '100' is set on object 'Object Repository/DispensaryToCms/Page_Dispensary Store/input_txttreat'

2018-05-22 19:42:23 - [TEST_STEP][PASSED] - click: Object: 'Object Repository/DispensaryToCms/Page_Dispensary Store/button_Add' is clicked on

2018-05-22 19:42:24 - [MESSAGE][PASSED] - Object: 'Object Repository/DispensaryToCms/Page_Dispensary Store/button_Add' is clicked on

2018-05-22 19:42:24 - [TEST_STEP][PASSED] - selectOptionByIndex: All options with index in [4] are selected on object 'Object Repository/DispensaryToCms/Page_Dispensary Store/select_--Select--Schedule 1Inj'

2018-05-22 19:42:24 - [MESSAGE][PASSED] - All options with index in [4] are selected on object 'Object Repository/DispensaryToCms/Page_Dispensary Store/select_--Select--Schedule 1Inj'

2018-05-22 19:42:24 - [TEST_STEP][PASSED] - selectOptionByIndex: All options with index in [3] are selected on object 'Object Repository/DispensaryToCms/Page_Dispensary Store/select_--Select--Adernaline 0.'

2018-05-22 19:42:24 - [MESSAGE][PASSED] - All options with index in [3] are selected on object 'Object Repository/DispensaryToCms/Page_Dispensary Store/select_--Select--Adernaline 0.'

2018-05-22 19:42:24 - [TEST_STEP][PASSED] - setText: Text '100' is set on object 'Object Repository/DispensaryToCms/Page_Dispensary Store/input_txttreat'

2018-05-22 19:42:24 - [MESSAGE][PASSED] - Text '100' is set on object 'Object Repository/DispensaryToCms/Page_Dispensary Store/input_txttreat'

2018-05-22 19:42:24 - [TEST_STEP][PASSED] - click: Object: 'Object Repository/DispensaryToCms/Page_Dispensary Store/button_Add' is clicked on

2018-05-22 19:42:24 - [MESSAGE][PASSED] - Object: 'Object Repository/DispensaryToCms/Page_Dispensary Store/button_Add' is clicked on

2018-05-22 19:42:24 - [TEST_STEP][PASSED] - selectOptionByIndex: All options with index in [4] are selected on object 'Object Repository/DispensaryToCms/Page_Dispensary Store/select_--Select--Schedule 1Inj'

2018-05-22 19:42:24 - [MESSAGE][PASSED] - All options with index in [4] are selected on object 'Object Repository/DispensaryToCms/Page_Dispensary Store/select_--Select--Schedule 1Inj'

2018-05-22 19:42:24 - [TEST_STEP][PASSED] - selectOptionByIndex: All options with index in [4] are selected on object 'Object Repository/DispensaryToCms/Page_Dispensary Store/select_--Select--Adernaline 0.'

2018-05-22 19:42:24 - [MESSAGE][PASSED] - All options with index in [4] are selected on object 'Object Repository/DispensaryToCms/Page_Dispensary Store/select_--Select--Adernaline 0.'

2018-05-22 19:42:24 - [TEST_STEP][PASSED] - setText: Text '100' is set on object 'Object Repository/DispensaryToCms/Page_Dispensary Store/input_txttreat'

2018-05-22 19:42:24 - [MESSAGE][PASSED] - Text '100' is set on object 'Object Repository/DispensaryToCms/Page_Dispensary Store/input_txttreat'

2018-05-22 19:42:24 - [TEST_STEP][PASSED] - click: Object: 'Object Repository/DispensaryToCms/Page_Dispensary Store/button_Add' is clicked on

2018-05-22 19:42:25 - [MESSAGE][PASSED] - Object: 'Object Repository/DispensaryToCms/Page_Dispensary Store/button_Add' is clicked on

2018-05-22 19:42:25 - [TEST_STEP][PASSED] - selectOptionByIndex: All options with index in [4] are selected on object 'Object Repository/DispensaryToCms/Page_Dispensary Store/select_--Select--Schedule 1Inj'

2018-05-22 19:42:25 - [MESSAGE][PASSED] - All options with index in [4] are selected on object 'Object Repository/DispensaryToCms/Page_Dispensary Store/select_--Select--Schedule 1Inj'

2018-05-22 19:42:25 - [TEST_STEP][PASSED] - selectOptionByIndex: All options with index in [5] are selected on object 'Object Repository/DispensaryToCms/Page_Dispensary Store/select_--Select--Adernaline 0.'

2018-05-22 19:42:25 - [MESSAGE][PASSED] - All options with index in [5] are selected on object 'Object Repository/DispensaryToCms/Page_Dispensary Store/select_--Select--Adernaline 0.'

2018-05-22 19:42:25 - [TEST_STEP][PASSED] - setText: Text '100' is set on object 'Object Repository/DispensaryToCms/Page_Dispensary Store/input_txttreat'

2018-05-22 19:42:25 - [MESSAGE][PASSED] - Text '100' is set on object 'Object Repository/DispensaryToCms/Page_Dispensary Store/input_txttreat'

2018-05-22 19:42:25 - [TEST_STEP][PASSED] - click: Object: 'Object Repository/DispensaryToCms/Page_Dispensary Store/button_Add' is clicked on

2018-05-22 19:42:25 - [MESSAGE][PASSED] - Object: 'Object Repository/DispensaryToCms/Page_Dispensary Store/button_Add' is clicked on

2018-05-22 19:42:25 - [TEST_STEP][PASSED] - selectOptionByIndex: All options with index in [4] are selected on object 'Object Repository/DispensaryToCms/Page_Dispensary Store/select_--Select--Schedule 1Inj'

2018-05-22 19:42:25 - [MESSAGE][PASSED] - All options with index in [4] are selected on object 'Object Repository/DispensaryToCms/Page_Dispensary Store/select_--Select--Schedule 1Inj'

2018-05-22 19:42:25 - [TEST_STEP][PASSED] - selectOptionByIndex: All options with index in [6] are selected on object 'Object Repository/DispensaryToCms/Page_Dispensary Store/select_--Select--Adernaline 0.'

2018-05-22 19:42:25 - [MESSAGE][PASSED] - All options with index in [6] are selected on object 'Object Repository/DispensaryToCms/Page_Dispensary Store/select_--Select--Adernaline 0.'

2018-05-22 19:42:25 - [TEST_STEP][PASSED] - setText: Text '100' is set on object 'Object Repository/DispensaryToCms/Page_Dispensary Store/input_txttreat'

2018-05-22 19:42:26 - [MESSAGE][PASSED] - Text '100' is set on object 'Object Repository/DispensaryToCms/Page_Dispensary Store/input_txttreat'

2018-05-22 19:42:26 - [TEST_STEP][PASSED] - click: Object: 'Object Repository/DispensaryToCms/Page_Dispensary Store/button_Add' is clicked on

2018-05-22 19:42:27 - [MESSAGE][PASSED] - Object: 'Object Repository/DispensaryToCms/Page_Dispensary Store/button_Add' is clicked on

2018-05-22 19:42:27 - [TEST_STEP][PASSED] - selectOptionByIndex: All options with index in [4] are selected on object 'Object Repository/DispensaryToCms/Page_Dispensary Store/select_--Select--Schedule 1Inj'

2018-05-22 19:42:27 - [MESSAGE][PASSED] - All options with index in [4] are selected on object 'Object Repository/DispensaryToCms/Page_Dispensary Store/select_--Select--Schedule 1Inj'

2018-05-22 19:42:27 - [TEST_STEP][PASSED] - selectOptionByIndex: All options with index in [7] are selected on object 'Object Repository/DispensaryToCms/Page_Dispensary Store/select_--Select--Adernaline 0.'

2018-05-22 19:42:28 - [MESSAGE][PASSED] - All options with index in [7] are selected on object 'Object Repository/DispensaryToCms/Page_Dispensary Store/select_--Select--Adernaline 0.'

2018-05-22 19:42:28 - [TEST_STEP][PASSED] - setText: Text '100' is set on object 'Object Repository/DispensaryToCms/Page_Dispensary Store/input_txttreat'

2018-05-22 19:42:28 - [MESSAGE][PASSED] - Text '100' is set on object 'Object Repository/DispensaryToCms/Page_Dispensary Store/input_txttreat'

2018-05-22 19:42:28 - [TEST_STEP][PASSED] - click: Object: 'Object Repository/DispensaryToCms/Page_Dispensary Store/button_Add' is clicked on

2018-05-22 19:42:28 - [MESSAGE][PASSED] - Object: 'Object Repository/DispensaryToCms/Page_Dispensary Store/button_Add' is clicked on

2018-05-22 19:42:28 - [TEST_STEP][PASSED] - selectOptionByIndex: All options with index in [4] are selected on object 'Object Repository/DispensaryToCms/Page_Dispensary Store/select_--Select--Schedule 1Inj'

2018-05-22 19:42:28 - [MESSAGE][PASSED] - All options with index in [4] are selected on object 'Object Repository/DispensaryToCms/Page_Dispensary Store/select_--Select--Schedule 1Inj'

2018-05-22 19:42:28 - [TEST_STEP][PASSED] - selectOptionByIndex: All options with index in [8] are selected on object 'Object Repository/DispensaryToCms/Page_Dispensary Store/select_--Select--Adernaline 0.'

2018-05-22 19:42:28 - [MESSAGE][PASSED] - All options with index in [8] are selected on object 'Object Repository/DispensaryToCms/Page_Dispensary Store/select_--Select--Adernaline 0.'

2018-05-22 19:42:28 - [TEST_STEP][PASSED] - setText: Text '100' is set on object 'Object Repository/DispensaryToCms/Page_Dispensary Store/input_txttreat'

2018-05-22 19:42:28 - [MESSAGE][PASSED] - Text '100' is set on object 'Object Repository/DispensaryToCms/Page_Dispensary Store/input_txttreat'

2018-05-22 19:42:28 - [TEST_STEP][PASSED] - click: Object: 'Object Repository/DispensaryToCms/Page_Dispensary Store/button_Add' is clicked on

2018-05-22 19:42:28 - [MESSAGE][PASSED] - Object: 'Object Repository/DispensaryToCms/Page_Dispensary Store/button_Add' is clicked on

2018-05-22 19:42:28 - [TEST_STEP][PASSED] - selectOptionByIndex: All options with index in [4] are selected on object 'Object Repository/DispensaryToCms/Page_Dispensary Store/select_--Select--Schedule 1Inj'

2018-05-22 19:42:29 - [MESSAGE][PASSED] - All options with index in [4] are selected on object 'Object Repository/DispensaryToCms/Page_Dispensary Store/select_--Select--Schedule 1Inj'

2018-05-22 19:42:29 - [TEST_STEP][PASSED] - selectOptionByIndex: All options with index in [9] are selected on object 'Object Repository/DispensaryToCms/Page_Dispensary Store/select_--Select--Adernaline 0.'

2018-05-22 19:42:29 - [MESSAGE][PASSED] - All options with index in [9] are selected on object 'Object Repository/DispensaryToCms/Page_Dispensary Store/select_--Select--Adernaline 0.'

2018-05-22 19:42:29 - [TEST_STEP][PASSED] - setText: Text '100' is set on object 'Object Repository/DispensaryToCms/Page_Dispensary Store/input_txttreat'

2018-05-22 19:42:29 - [MESSAGE][PASSED] - Text '100' is set on object 'Object Repository/DispensaryToCms/Page_Dispensary Store/input_txttreat'

2018-05-22 19:42:29 - [TEST_STEP][PASSED] - click: Object: 'Object Repository/DispensaryToCms/Page_Dispensary Store/button_Add' is clicked on

2018-05-22 19:42:29 - [MESSAGE][PASSED] - Object: 'Object Repository/DispensaryToCms/Page_Dispensary Store/button_Add' is clicked on

2018-05-22 19:42:29 - [TEST_STEP][PASSED] - selectOptionByIndex: All options with index in [4] are selected on object 'Object Repository/DispensaryToCms/Page_Dispensary Store/select_--Select--Schedule 1Inj'

2018-05-22 19:42:29 - [MESSAGE][PASSED] - All options with index in [4] are selected on object 'Object Repository/DispensaryToCms/Page_Dispensary Store/select_--Select--Schedule 1Inj'

2018-05-22 19:42:29 - [TEST_STEP][PASSED] - selectOptionByIndex: All options with index in [10] are selected on object 'Object Repository/DispensaryToCms/Page_Dispensary Store/select_--Select--Adernaline 0.'

2018-05-22 19:42:29 - [MESSAGE][PASSED] - All options with index in [10] are selected on object 'Object Repository/DispensaryToCms/Page_Dispensary Store/select_--Select--Adernaline 0.'

2018-05-22 19:42:29 - [TEST_STEP][PASSED] - setText: Text '100' is set on object 'Object Repository/DispensaryToCms/Page_Dispensary Store/input_txttreat'

2018-05-22 19:42:29 - [MESSAGE][PASSED] - Text '100' is set on object 'Object Repository/DispensaryToCms/Page_Dispensary Store/input_txttreat'

2018-05-22 19:42:29 - [TEST_STEP][PASSED] - click: Object: 'Object Repository/DispensaryToCms/Page_Dispensary Store/button_Add' is clicked on

2018-05-22 19:42:29 - [MESSAGE][PASSED] - Object: 'Object Repository/DispensaryToCms/Page_Dispensary Store/button_Add' is clicked on

2018-05-22 19:42:29 - [TEST_STEP][PASSED] - selectOptionByIndex: All options with index in [4] are selected on object 'Object Repository/DispensaryToCms/Page_Dispensary Store/select_--Select--Schedule 1Inj'

2018-05-22 19:42:30 - [MESSAGE][PASSED] - All options with index in [4] are selected on object 'Object Repository/DispensaryToCms/Page_Dispensary Store/select_--Select--Schedule 1Inj'

2018-05-22 19:42:30 - [TEST_STEP][PASSED] - selectOptionByIndex: All options with index in [11] are selected on object 'Object Repository/DispensaryToCms/Page_Dispensary Store/select_--Select--Adernaline 0.'

2018-05-22 19:42:30 - [MESSAGE][PASSED] - All options with index in [11] are selected on object 'Object Repository/DispensaryToCms/Page_Dispensary Store/select_--Select--Adernaline 0.'

2018-05-22 19:42:30 - [TEST_STEP][PASSED] - setText: Text '100' is set on object 'Object Repository/DispensaryToCms/Page_Dispensary Store/input_txttreat'

2018-05-22 19:42:30 - [MESSAGE][PASSED] - Text '100' is set on object 'Object Repository/DispensaryToCms/Page_Dispensary Store/input_txttreat'

2018-05-22 19:42:30 - [TEST_STEP][PASSED] - click: Object: 'Object Repository/DispensaryToCms/Page_Dispensary Store/button_Add' is clicked on

2018-05-22 19:42:30 - [MESSAGE][PASSED] - Object: 'Object Repository/DispensaryToCms/Page_Dispensary Store/button_Add' is clicked on

2018-05-22 19:42:30 - [TEST_STEP][PASSED] - selectOptionByIndex: All options with index in [4] are selected on object 'Object Repository/DispensaryToCms/Page_Dispensary Store/select_--Select--Schedule 1Inj'

2018-05-22 19:42:30 - [MESSAGE][PASSED] - All options with index in [4] are selected on object 'Object Repository/DispensaryToCms/Page_Dispensary Store/select_--Select--Schedule 1Inj'

2018-05-22 19:42:30 - [TEST_STEP][PASSED] - selectOptionByIndex: All options with index in [12] are selected on object 'Object Repository/DispensaryToCms/Page_Dispensary Store/select_--Select--Adernaline 0.'

2018-05-22 19:42:30 - [MESSAGE][PASSED] - All options with index in [12] are selected on object 'Object Repository/DispensaryToCms/Page_Dispensary Store/select_--Select--Adernaline 0.'

2018-05-22 19:42:30 - [TEST_STEP][PASSED] - setText: Text '100' is set on object 'Object Repository/DispensaryToCms/Page_Dispensary Store/input_txttreat'

2018-05-22 19:42:30 - [MESSAGE][PASSED] - Text '100' is set on object 'Object Repository/DispensaryToCms/Page_Dispensary Store/input_txttreat'

2018-05-22 19:42:30 - [TEST_STEP][PASSED] - click: Object: 'Object Repository/DispensaryToCms/Page_Dispensary Store/button_Add' is clicked on

2018-05-22 19:42:31 - [MESSAGE][PASSED] - Object: 'Object Repository/DispensaryToCms/Page_Dispensary Store/button_Add' is clicked on

2018-05-22 19:42:31 - [TEST_STEP][PASSED] - selectOptionByIndex: All options with index in [4] are selected on object 'Object Repository/DispensaryToCms/Page_Dispensary Store/select_--Select--Schedule 1Inj'

2018-05-22 19:42:31 - [MESSAGE][PASSED] - All options with index in [4] are selected on object 'Object Repository/DispensaryToCms/Page_Dispensary Store/select_--Select--Schedule 1Inj'

2018-05-22 19:42:31 - [TEST_STEP][PASSED] - selectOptionByIndex: All options with index in [13] are selected on object 'Object Repository/DispensaryToCms/Page_Dispensary Store/select_--Select--Adernaline 0.'

2018-05-22 19:42:31 - [MESSAGE][PASSED] - All options with index in [13] are selected on object 'Object Repository/DispensaryToCms/Page_Dispensary Store/select_--Select--Adernaline 0.'

2018-05-22 19:42:31 - [TEST_STEP][PASSED] - setText: Text '100' is set on object 'Object Repository/DispensaryToCms/Page_Dispensary Store/input_txttreat'

2018-05-22 19:42:31 - [MESSAGE][PASSED] - Text '100' is set on object 'Object Repository/DispensaryToCms/Page_Dispensary Store/input_txttreat'

2018-05-22 19:42:31 - [TEST_STEP][PASSED] - click: Object: 'Object Repository/DispensaryToCms/Page_Dispensary Store/button_Add' is clicked on

2018-05-22 19:42:31 - [MESSAGE][PASSED] - Object: 'Object Repository/DispensaryToCms/Page_Dispensary Store/button_Add' is clicked on

2018-05-22 19:42:31 - [TEST_STEP][PASSED] - selectOptionByIndex: All options with index in [4] are selected on object 'Object Repository/DispensaryToCms/Page_Dispensary Store/select_--Select--Schedule 1Inj'

2018-05-22 19:42:31 - [MESSAGE][PASSED] - All options with index in [4] are selected on object 'Object Repository/DispensaryToCms/Page_Dispensary Store/select_--Select--Schedule 1Inj'

2018-05-22 19:42:31 - [TEST_STEP][PASSED] - selectOptionByIndex: All options with index in [14] are selected on object 'Object Repository/DispensaryToCms/Page_Dispensary Store/select_--Select--Adernaline 0.'

2018-05-22 19:42:32 - [MESSAGE][PASSED] - All options with index in [14] are selected on object 'Object Repository/DispensaryToCms/Page_Dispensary Store/select_--Select--Adernaline 0.'

2018-05-22 19:42:32 - [TEST_STEP][PASSED] - setText: Text '100' is set on object 'Object Repository/DispensaryToCms/Page_Dispensary Store/input_txttreat'

2018-05-22 19:42:32 - [MESSAGE][PASSED] - Text '100' is set on object 'Object Repository/DispensaryToCms/Page_Dispensary Store/input_txttreat'

2018-05-22 19:42:32 - [TEST_STEP][PASSED] - click: Object: 'Object Repository/DispensaryToCms/Page_Dispensary Store/button_Add' is clicked on

2018-05-22 19:42:32 - [MESSAGE][PASSED] - Object: 'Object Repository/DispensaryToCms/Page_Dispensary Store/button_Add' is clicked on

2018-05-22 19:42:32 - [TEST_STEP][PASSED] - selectOptionByIndex: All options with index in [4] are selected on object 'Object Repository/DispensaryToCms/Page_Dispensary Store/select_--Select--Schedule 1Inj'

2018-05-22 19:42:32 - [MESSAGE][PASSED] - All options with index in [4] are selected on object 'Object Repository/DispensaryToCms/Page_Dispensary Store/select_--Select--Schedule 1Inj'

2018-05-22 19:42:32 - [TEST_STEP][PASSED] - selectOptionByIndex: All options with index in [15] are selected on object 'Object Repository/DispensaryToCms/Page_Dispensary Store/select_--Select--Adernaline 0.'

2018-05-22 19:42:32 - [MESSAGE][PASSED] - All options with index in [15] are selected on object 'Object Repository/DispensaryToCms/Page_Dispensary Store/select_--Select--Adernaline 0.'

2018-05-22 19:42:32 - [TEST_STEP][PASSED] - setText: Text '100' is set on object 'Object Repository/DispensaryToCms/Page_Dispensary Store/input_txttreat'

2018-05-22 19:42:32 - [MESSAGE][PASSED] - Text '100' is set on object 'Object Repository/DispensaryToCms/Page_Dispensary Store/input_txttreat'

2018-05-22 19:42:32 - [TEST_STEP][PASSED] - click: Object: 'Object Repository/DispensaryToCms/Page_Dispensary Store/button_Add' is clicked on

2018-05-22 19:42:32 - [MESSAGE][PASSED] - Object: 'Object Repository/DispensaryToCms/Page_Dispensary Store/button_Add' is clicked on

2018-05-22 19:42:32 - [TEST_STEP][PASSED] - scrollToElement: Scroll to object 'Object Repository/DispensaryToCms/Page_Dispensary Store/input_btnsave' successfully

2018-05-22 19:42:32 - [MESSAGE][PASSED] - Scroll to object 'Object Repository/DispensaryToCms/Page_Dispensary Store/input_btnsave' successfully

2018-05-22 19:42:32 - [TEST_STEP][PASSED] - click: Object: 'Object Repository/DispensaryToCms/Page_Dispensary Store/input_btnsave' is clicked on

2018-05-22 19:42:32 - [MESSAGE][PASSED] - Object: 'Object Repository/DispensaryToCms/Page_Dispensary Store/input_btnsave' is clicked on

2018-05-22 19:42:32 - [TEST_STEP][PASSED] - delay: Delayed 3 second(s)

2018-05-22 19:42:35 - [MESSAGE][PASSED] - Delayed 3 second(s)

2018-05-22 19:42:35 - [TEST_STEP][PASSED] - Statement - RN1 = com.kms.katalon.core.webui.keyword.WebUiBuiltInKeywords.getText(com.kms.katalon.core.testobject.ObjectRepository.findTestObject(DispensaryToCms/Page_Dispensary Store/font_PRNO18052018174)): Text of object 'Object Repository/DispensaryToCms/Page_Dispensary Store/font_PRNO18052018174' is: 'PRNO/22052018/343'

2018-05-22 19:42:35 - [MESSAGE][PASSED] - Text of object 'Object Repository/DispensaryToCms/Page_Dispensary Store/font_PRNO18052018174' is: 'PRNO/22052018/343'

2018-05-22 19:42:35 - [TEST_STEP][PASSED] - Statement - out.println(RN1): null

2018-05-22 19:42:35 - [TEST_STEP][PASSED] - Statement - RID = RN1.split("/")[2]: null

2018-05-22 19:42:35 - [TEST_STEP][PASSED] - click: Object: 'Object Repository/DispensaryToCms/Page_Dispensary Store/button_OK' is clicked on

2018-05-22 19:42:36 - [MESSAGE][PASSED] - Object: 'Object Repository/DispensaryToCms/Page_Dispensary Store/button_OK' is clicked on

2018-05-22 19:42:36 - [TEST_STEP][PASSED] - delay: Delayed 3 second(s)

2018-05-22 19:42:39 - [MESSAGE][PASSED] - Delayed 3 second(s)

2018-05-22 19:42:39 - [TEST_STEP][PASSED] - click: Object: 'Object Repository/DispensaryToCms/Page_Dispensary Store/a_dropdown-toggle' is clicked on

2018-05-22 19:42:39 - [MESSAGE][PASSED] - Object: 'Object Repository/DispensaryToCms/Page_Dispensary Store/a_dropdown-toggle' is clicked on

2018-05-22 19:42:39 - [TEST_STEP][PASSED] - click: Object: 'Object Repository/DispensaryToCms/Page_Dispensary Store/a_Sign out' is clicked on

2018-05-22 19:42:40 - [MESSAGE][PASSED] - Object: 'Object Repository/DispensaryToCms/Page_Dispensary Store/a_Sign out' is clicked on

2018-05-22 19:42:40 - [TEST_STEP][PASSED] - delay: Delayed 3 second(s)

2018-05-22 19:42:43 - [MESSAGE][PASSED] - Delayed 3 second(s)

2018-05-22 19:42:43 - [TEST_STEP][PASSED] - navigateToUrl: Navigate to 'http://192.168.137.1/multihospital_new/' successfully

2018-05-22 19:42:43 - [MESSAGE][PASSED] - Navigate to 'http://192.168.137.1/multihospital_new/' successfully

2018-05-22 19:42:43 - [TEST_STEP][PASSED] - click: Object: 'Object Repository/DispensaryToCms/Page_KDMC/a_CMO' is clicked on

2018-05-22 19:42:44 - [MESSAGE][PASSED] - Object: 'Object Repository/DispensaryToCms/Page_KDMC/a_CMO' is clicked on

2018-05-22 19:42:44 - [TEST_STEP][PASSED] - setText: Text 'guru' is set on object 'Object Repository/DispensaryToCms/Page_CMO login/input_txtusername'

2018-05-22 19:42:44 - [MESSAGE][PASSED] - Text 'guru' is set on object 'Object Repository/DispensaryToCms/Page_CMO login/input_txtusername'

2018-05-22 19:42:44 - [TEST_STEP][PASSED] - setText: Text '123' is set on object 'Object Repository/DispensaryToCms/Page_CMO login/input_txtpassword'

2018-05-22 19:42:44 - [MESSAGE][PASSED] - Text '123' is set on object 'Object Repository/DispensaryToCms/Page_CMO login/input_txtpassword'

2018-05-22 19:42:44 - [TEST_STEP][PASSED] - delay: Delayed 3 second(s)

2018-05-22 19:42:47 - [MESSAGE][PASSED] - Delayed 3 second(s)

2018-05-22 19:42:47 - [TEST_STEP][PASSED] - click: Object: 'Object Repository/DispensaryToCms/Page_CMO login/button_Sign in' is clicked on

2018-05-22 19:42:48 - [MESSAGE][PASSED] - Object: 'Object Repository/DispensaryToCms/Page_CMO login/button_Sign in' is clicked on

2018-05-22 19:42:48 - [TEST_STEP][PASSED] - delay: Delayed 3 second(s)

2018-05-22 19:42:51 - [MESSAGE][PASSED] - Delayed 3 second(s)

2018-05-22 19:42:51 - [TEST_STEP][PASSED] - click: Object: 'Object Repository/DispensaryToCms/Page_KDMC - CMO/a_CMS Request' is clicked on

2018-05-22 19:42:51 - [MESSAGE][PASSED] - Object: 'Object Repository/DispensaryToCms/Page_KDMC - CMO/a_CMS Request' is clicked on

2018-05-22 19:42:51 - [TEST_STEP][PASSED] - delay: Delayed 2 second(s)

2018-05-22 19:42:53 - [MESSAGE][PASSED] - Delayed 2 second(s)

2018-05-22 19:42:53 - [TEST_STEP][PASSED] - click: Object: 'Object Repository/DispensaryToCms/Page_KDMC - CMO/a_Dispensary Store Request' is clicked on

2018-05-22 19:42:54 - [MESSAGE][PASSED] - Object: 'Object Repository/DispensaryToCms/Page_KDMC - CMO/a_Dispensary Store Request' is clicked on

2018-05-22 19:42:54 - [TEST_STEP][PASSED] - selectOptionByIndex: All options with index in [1] are selected on object 'Object Repository/DispensaryToCms/Page_KDMC - CMO/select_--ALL--'

2018-05-22 19:42:55 - [MESSAGE][PASSED] - All options with index in [1] are selected on object 'Object Repository/DispensaryToCms/Page_KDMC - CMO/select_--ALL--'

2018-05-22 19:42:55 - [TEST_STEP][PASSED] - click: Object: 'Object Repository/DispensaryToCms/Page_KDMC - CMO/input_btnsearch' is clicked on

2018-05-22 19:42:55 - [MESSAGE][PASSED] - Object: 'Object Repository/DispensaryToCms/Page_KDMC - CMO/input_btnsearch' is clicked on

2018-05-22 19:42:55 - [TEST_STEP][PASSED] - Statement - ID = com.kms.katalon.core.webui.keyword.WebUiBuiltInKeywords.modifyObjectProperty(com.kms.katalon.core.testobject.ObjectRepository.findTestObject(lab/Page_KDMC - CMO/input_1), "xpath", "equals", "//*[@id=" + RID + "]", true): Modify property of object successfully

2018-05-22 19:42:55 - [MESSAGE][PASSED] - Modify property of object successfully

2018-05-22 19:42:55 - [TEST_STEP][PASSED] - click: Object: 'Object Repository/lab/Page_KDMC - CMO/input_1' is clicked on

2018-05-22 19:42:55 - [MESSAGE][PASSED] - Object: 'Object Repository/lab/Page_KDMC - CMO/input_1' is clicked on

2018-05-22 19:42:55 - [TEST_STEP][PASSED] - delay: Delayed 2 second(s)

2018-05-22 19:42:57 - [MESSAGE][PASSED] - Delayed 2 second(s)

2018-05-22 19:42:57 - [TEST_STEP][PASSED] - selectOptionByIndex: All options with index in [1] are selected on object 'Object Repository/DispensaryToCms/Page_KDMC - CMO/select_--Select--'

2018-05-22 19:42:57 - [MESSAGE][PASSED] - All options with index in [1] are selected on object 'Object Repository/DispensaryToCms/Page_KDMC - CMO/select_--Select--'

2018-05-22 19:42:57 - [TEST_STEP][PASSED] - click: Object: 'Object Repository/DispensaryToCms/Page_KDMC - CMO/input_btnupdate' is clicked on

2018-05-22 19:42:57 - [MESSAGE][PASSED] - Object: 'Object Repository/DispensaryToCms/Page_KDMC - CMO/input_btnupdate' is clicked on

2018-05-22 19:42:57 - [TEST_STEP][PASSED] - delay: Delayed 2 second(s)

2018-05-22 19:42:59 - [MESSAGE][PASSED] - Delayed 2 second(s)

2018-05-22 19:42:59 - [TEST_STEP][PASSED] - click: Object: 'Object Repository/DispensaryToCms/Page_KDMC - CMO/button_OK' is clicked on

2018-05-22 19:43:00 - [MESSAGE][PASSED] - Object: 'Object Repository/DispensaryToCms/Page_KDMC - CMO/button_OK' is clicked on

2018-05-22 19:43:00 - [TEST_STEP][PASSED] - delay: Delayed 3 second(s)

2018-05-22 19:43:03 - [MESSAGE][PASSED] - Delayed 3 second(s)

2018-05-22 19:43:03 - [TEST_STEP][PASSED] - click: Object: 'Object Repository/DispensaryToCms/Page_KDMC - CMO/a_dropdown-toggle' is clicked on

2018-05-22 19:43:03 - [MESSAGE][PASSED] - Object: 'Object Repository/DispensaryToCms/Page_KDMC - CMO/a_dropdown-toggle' is clicked on

2018-05-22 19:43:03 - [TEST_STEP][PASSED] - click: Object: 'Object Repository/DispensaryToCms/Page_KDMC - CMO/a_Sign out' is clicked on

2018-05-22 19:43:07 - [MESSAGE][PASSED] - Object: 'Object Repository/DispensaryToCms/Page_KDMC - CMO/a_Sign out' is clicked on

2018-05-22 19:43:07 - [TEST_STEP][PASSED] - delay: Delayed 3 second(s)

2018-05-22 19:43:10 - [MESSAGE][PASSED] - Delayed 3 second(s)

2018-05-22 19:43:10 - [TEST_STEP][PASSED] - click: Object: 'Object Repository/DispensaryToCms/Page_KDMC/a_CMS' is clicked on

2018-05-22 19:43:14 - [MESSAGE][PASSED] - Object: 'Object Repository/DispensaryToCms/Page_KDMC/a_CMS' is clicked on

2018-05-22 19:43:14 - [TEST_STEP][PASSED] - setText: Text 'bala' is set on object 'Object Repository/DispensaryToCms/Page_CMS login/input_txtusername'

2018-05-22 19:43:15 - [MESSAGE][PASSED] - Text 'bala' is set on object 'Object Repository/DispensaryToCms/Page_CMS login/input_txtusername'

2018-05-22 19:43:15 - [TEST_STEP][PASSED] - setText: Text '123' is set on object 'Object Repository/DispensaryToCms/Page_CMS login/input_txtpassword'

2018-05-22 19:43:15 - [MESSAGE][PASSED] - Text '123' is set on object 'Object Repository/DispensaryToCms/Page_CMS login/input_txtpassword'

2018-05-22 19:43:15 - [TEST_STEP][PASSED] - delay: Delayed 3 second(s)

2018-05-22 19:43:18 - [MESSAGE][PASSED] - Delayed 3 second(s)

2018-05-22 19:43:18 - [TEST_STEP][PASSED] - click: Object: 'Object Repository/DispensaryToCms/Page_CMS login/button_Sign in' is clicked on

2018-05-22 19:43:22 - [MESSAGE][PASSED] - Object: 'Object Repository/DispensaryToCms/Page_CMS login/button_Sign in' is clicked on

2018-05-22 19:43:22 - [TEST_STEP][PASSED] - delay: Delayed 3 second(s)

2018-05-22 19:43:25 - [MESSAGE][PASSED] - Delayed 3 second(s)

2018-05-22 19:43:25 - [TEST_STEP][PASSED] - click: Object: 'Object Repository/DispensaryToCms/Page_KDMC - CMS/a_Divisional Store' is clicked on

2018-05-22 19:43:26 - [MESSAGE][PASSED] - Object: 'Object Repository/DispensaryToCms/Page_KDMC - CMS/a_Divisional Store' is clicked on

2018-05-22 19:43:26 - [TEST_STEP][PASSED] - delay: Delayed 2 second(s)

2018-05-22 19:43:28 - [MESSAGE][PASSED] - Delayed 2 second(s)

2018-05-22 19:43:28 - [TEST_STEP][PASSED] - click: Object: 'Object Repository/DispensaryToCms/Page_KDMC - CMS/a_Dispatch Items' is clicked on

2018-05-22 19:43:31 - [MESSAGE][PASSED] - Object: 'Object Repository/DispensaryToCms/Page_KDMC - CMS/a_Dispatch Items' is clicked on

2018-05-22 19:43:31 - [TEST_STEP][PASSED] - delay: Delayed 2 second(s)

2018-05-22 19:43:33 - [MESSAGE][PASSED] - Delayed 2 second(s)

2018-05-22 19:43:33 - [TEST_STEP][PASSED] - setText: Text 'PRNO/22052018/343' is set on object 'Object Repository/DispensaryToCms/Page_KDMC - CMS/input'

2018-05-22 19:43:34 - [MESSAGE][PASSED] - Text 'PRNO/22052018/343' is set on object 'Object Repository/DispensaryToCms/Page_KDMC - CMS/input'

2018-05-22 19:43:34 - [TEST_STEP][PASSED] - click: Object: 'Object Repository/DispensaryToCms/Page_KDMC - CMS/input_PRNO18052018174' is clicked on

2018-05-22 19:43:34 - [MESSAGE][PASSED] - Object: 'Object Repository/DispensaryToCms/Page_KDMC - CMS/input_PRNO18052018174' is clicked on

2018-05-22 19:43:34 - [TEST_STEP][PASSED] - Statement - out.println("Length : " + medicineslength): null

2018-05-22 19:43:34 - [TEST_STEP][PASSED] - Statement - For ([row = 0, row < medicineslength - 1, (row++)]): null

2018-05-22 19:43:34 - [TEST_STEP][PASSED] - Statement - batchlength = new com.kms.katalon.core.testobject.TestObject(): null

2018-05-22 19:43:34 - [TEST_STEP][PASSED] - Statement - batchlength = com.kms.katalon.core.webui.keyword.WebUiBuiltInKeywords.modifyObjectProperty(batchlength, "xpath", "equals", "//*[@id = "fldvendor" + row + ""]", true): Modify property of object successfully

2018-05-22 19:43:34 - [MESSAGE][PASSED] - Modify property of object successfully

2018-05-22 19:43:34 - [TEST_STEP][PASSED] - Statement - batchsize = com.kms.katalon.core.webui.keyword.WebUiBuiltInKeywords.getNumberOfTotalOption(batchlength): 8 options of object '' counted

2018-05-22 19:43:35 - [MESSAGE][PASSED] - 8 options of object '' counted

2018-05-22 19:43:35 - [TEST_STEP][PASSED] - Statement - out.println("BatchSize : " + batchsize): null

2018-05-22 19:43:35 - [TEST_STEP][PASSED] - Statement - For ([n = 1, n <= batchsize - 1, (n++)]): null

2018-05-22 19:43:35 - [TEST_STEP][PASSED] - Statement - product = new com.kms.katalon.core.testobject.TestObject(): null

2018-05-22 19:43:35 - [TEST_STEP][PASSED] - Statement - product = com.kms.katalon.core.webui.keyword.WebUiBuiltInKeywords.modifyObjectProperty(product, "xpath", "equals", "//*[@id = "fldvendor" + row + ""]", true): Modify property of object successfully

2018-05-22 19:43:35 - [MESSAGE][PASSED] - Modify property of object successfully

2018-05-22 19:43:35 - [TEST_STEP][PASSED] - selectOptionByIndex: All options with index in [1] are selected on object ''

2018-05-22 19:43:35 - [MESSAGE][PASSED] - All options with index in [1] are selected on object ''

2018-05-22 19:43:35 - [TEST_STEP][PASSED] - Statement - batch = new com.kms.katalon.core.testobject.TestObject(): null

2018-05-22 19:43:35 - [TEST_STEP][PASSED] - Statement - batch = com.kms.katalon.core.webui.keyword.WebUiBuiltInKeywords.modifyObjectProperty(batch, "xpath", "equals", "//*[@id = "txtbthqty" + row + ""]", true): Modify property of object successfully

2018-05-22 19:43:35 - [MESSAGE][PASSED] - Modify property of object successfully

2018-05-22 19:43:35 - [TEST_STEP][PASSED] - Statement - batchqty = com.kms.katalon.core.webui.keyword.WebUiBuiltInKeywords.getAttribute(batch, "value").trim(): Attribute 'value' of object '' is: '4200'

2018-05-22 19:43:35 - [MESSAGE][PASSED] - Attribute 'value' of object '' is: '4200'

2018-05-22 19:43:35 - [TEST_STEP][PASSED] - Statement - Rqty = 100: null

2018-05-22 19:43:35 - [TEST_STEP][PASSED] - delay: Delayed 2 second(s)

2018-05-22 19:43:37 - [MESSAGE][PASSED] - Delayed 2 second(s)

2018-05-22 19:43:37 - [TEST_STEP][PASSED] - Statement - out.println("BatchQty : " + batchqty): null

2018-05-22 19:43:37 - [TEST_STEP][PASSED] - Statement - out.println("RQty : " + Rqty): null

2018-05-22 19:43:37 - [TEST_STEP][PASSED] - Statement - If (java.lang.Integer.valueOf(batchqty) >= java.lang.Integer.valueOf(Rqty)): null

2018-05-22 19:43:37 - [TEST_STEP][PASSED] - Statement - Break: null

2018-05-22 19:43:37 - [TEST_STEP][PASSED] - Statement - batchlength = new com.kms.katalon.core.testobject.TestObject(): null

2018-05-22 19:43:37 - [TEST_STEP][PASSED] - Statement - batchlength = com.kms.katalon.core.webui.keyword.WebUiBuiltInKeywords.modifyObjectProperty(batchlength, "xpath", "equals", "//*[@id = "fldvendor" + row + ""]", true): Modify property of object successfully

2018-05-22 19:43:37 - [MESSAGE][PASSED] - Modify property of object successfully

2018-05-22 19:43:37 - [TEST_STEP][PASSED] - Statement - batchsize = com.kms.katalon.core.webui.keyword.WebUiBuiltInKeywords.getNumberOfTotalOption(batchlength): 7 options of object '' counted

2018-05-22 19:43:37 - [MESSAGE][PASSED] - 7 options of object '' counted

2018-05-22 19:43:37 - [TEST_STEP][PASSED] - Statement - out.println("BatchSize : " + batchsize): null

2018-05-22 19:43:37 - [TEST_STEP][PASSED] - Statement - For ([n = 1, n <= batchsize - 1, (n++)]): null

2018-05-22 19:43:37 - [TEST_STEP][PASSED] - Statement - product = new com.kms.katalon.core.testobject.TestObject(): null

2018-05-22 19:43:37 - [TEST_STEP][PASSED] - Statement - product = com.kms.katalon.core.webui.keyword.WebUiBuiltInKeywords.modifyObjectProperty(product, "xpath", "equals", "//*[@id = "fldvendor" + row + ""]", true): Modify property of object successfully

2018-05-22 19:43:37 - [MESSAGE][PASSED] - Modify property of object successfully

2018-05-22 19:43:37 - [TEST_STEP][PASSED] - selectOptionByIndex: All options with index in [1] are selected on object ''

2018-05-22 19:43:37 - [MESSAGE][PASSED] - All options with index in [1] are selected on object ''

2018-05-22 19:43:37 - [TEST_STEP][PASSED] - Statement - batch = new com.kms.katalon.core.testobject.TestObject(): null

2018-05-22 19:43:37 - [TEST_STEP][PASSED] - Statement - batch = com.kms.katalon.core.webui.keyword.WebUiBuiltInKeywords.modifyObjectProperty(batch, "xpath", "equals", "//*[@id = "txtbthqty" + row + ""]", true): Modify property of object successfully

2018-05-22 19:43:37 - [MESSAGE][PASSED] - Modify property of object successfully

2018-05-22 19:43:37 - [TEST_STEP][PASSED] - Statement - batchqty = com.kms.katalon.core.webui.keyword.WebUiBuiltInKeywords.getAttribute(batch, "value").trim(): Attribute 'value' of object '' is: '4500'

2018-05-22 19:43:37 - [MESSAGE][PASSED] - Attribute 'value' of object '' is: '4500'

2018-05-22 19:43:37 - [TEST_STEP][PASSED] - Statement - Rqty = 100: null

2018-05-22 19:43:37 - [TEST_STEP][PASSED] - delay: Delayed 2 second(s)

2018-05-22 19:43:39 - [MESSAGE][PASSED] - Delayed 2 second(s)

2018-05-22 19:43:39 - [TEST_STEP][PASSED] - Statement - out.println("BatchQty : " + batchqty): null

2018-05-22 19:43:39 - [TEST_STEP][PASSED] - Statement - out.println("RQty : " + Rqty): null

2018-05-22 19:43:39 - [TEST_STEP][PASSED] - Statement - If (java.lang.Integer.valueOf(batchqty) >= java.lang.Integer.valueOf(Rqty)): null

2018-05-22 19:43:39 - [TEST_STEP][PASSED] - Statement - Break: null

2018-05-22 19:43:39 - [TEST_STEP][PASSED] - Statement - batchlength = new com.kms.katalon.core.testobject.TestObject(): null

2018-05-22 19:43:39 - [TEST_STEP][PASSED] - Statement - batchlength = com.kms.katalon.core.webui.keyword.WebUiBuiltInKeywords.modifyObjectProperty(batchlength, "xpath", "equals", "//*[@id = "fldvendor" + row + ""]", true): Modify property of object successfully

2018-05-22 19:43:39 - [MESSAGE][PASSED] - Modify property of object successfully

2018-05-22 19:43:39 - [TEST_STEP][PASSED] - Statement - batchsize = com.kms.katalon.core.webui.keyword.WebUiBuiltInKeywords.getNumberOfTotalOption(batchlength): 7 options of object '' counted

2018-05-22 19:43:40 - [MESSAGE][PASSED] - 7 options of object '' counted

2018-05-22 19:43:40 - [TEST_STEP][PASSED] - Statement - out.println("BatchSize : " + batchsize): null

2018-05-22 19:43:40 - [TEST_STEP][PASSED] - Statement - For ([n = 1, n <= batchsize - 1, (n++)]): null

2018-05-22 19:43:40 - [TEST_STEP][PASSED] - Statement - product = new com.kms.katalon.core.testobject.TestObject(): null

2018-05-22 19:43:40 - [TEST_STEP][PASSED] - Statement - product = com.kms.katalon.core.webui.keyword.WebUiBuiltInKeywords.modifyObjectProperty(product, "xpath", "equals", "//*[@id = "fldvendor" + row + ""]", true): Modify property of object successfully

2018-05-22 19:43:40 - [MESSAGE][PASSED] - Modify property of object successfully

2018-05-22 19:43:40 - [TEST_STEP][PASSED] - selectOptionByIndex: All options with index in [1] are selected on object ''

2018-05-22 19:43:40 - [MESSAGE][PASSED] - All options with index in [1] are selected on object ''

2018-05-22 19:43:40 - [TEST_STEP][PASSED] - Statement - batch = new com.kms.katalon.core.testobject.TestObject(): null

2018-05-22 19:43:40 - [TEST_STEP][PASSED] - Statement - batch = com.kms.katalon.core.webui.keyword.WebUiBuiltInKeywords.modifyObjectProperty(batch, "xpath", "equals", "//*[@id = "txtbthqty" + row + ""]", true): Modify property of object successfully

2018-05-22 19:43:40 - [MESSAGE][PASSED] - Modify property of object successfully

2018-05-22 19:43:40 - [TEST_STEP][PASSED] - Statement - batchqty = com.kms.katalon.core.webui.keyword.WebUiBuiltInKeywords.getAttribute(batch, "value").trim(): Attribute 'value' of object '' is: '4200'

2018-05-22 19:43:40 - [MESSAGE][PASSED] - Attribute 'value' of object '' is: '4200'

2018-05-22 19:43:40 - [TEST_STEP][PASSED] - Statement - Rqty = 100: null

2018-05-22 19:43:40 - [TEST_STEP][PASSED] - delay: Delayed 2 second(s)

2018-05-22 19:43:42 - [MESSAGE][PASSED] - Delayed 2 second(s)

2018-05-22 19:43:42 - [TEST_STEP][PASSED] - Statement - out.println("BatchQty : " + batchqty): null

2018-05-22 19:43:42 - [TEST_STEP][PASSED] - Statement - out.println("RQty : " + Rqty): null

2018-05-22 19:43:42 - [TEST_STEP][PASSED] - Statement - If (java.lang.Integer.valueOf(batchqty) >= java.lang.Integer.valueOf(Rqty)): null

2018-05-22 19:43:42 - [TEST_STEP][PASSED] - Statement - Break: null

2018-05-22 19:43:42 - [TEST_STEP][PASSED] - Statement - batchlength = new com.kms.katalon.core.testobject.TestObject(): null

2018-05-22 19:43:42 - [TEST_STEP][PASSED] - Statement - batchlength = com.kms.katalon.core.webui.keyword.WebUiBuiltInKeywords.modifyObjectProperty(batchlength, "xpath", "equals", "//*[@id = "fldvendor" + row + ""]", true): Modify property of object successfully

2018-05-22 19:43:42 - [MESSAGE][PASSED] - Modify property of object successfully

2018-05-22 19:43:42 - [TEST_STEP][PASSED] - Statement - batchsize = com.kms.katalon.core.webui.keyword.WebUiBuiltInKeywords.getNumberOfTotalOption(batchlength): 6 options of object '' counted

2018-05-22 19:43:42 - [MESSAGE][PASSED] - 6 options of object '' counted

2018-05-22 19:43:42 - [TEST_STEP][PASSED] - Statement - out.println("BatchSize : " + batchsize): null

2018-05-22 19:43:42 - [TEST_STEP][PASSED] - Statement - For ([n = 1, n <= batchsize - 1, (n++)]): null

2018-05-22 19:43:42 - [TEST_STEP][PASSED] - Statement - product = new com.kms.katalon.core.testobject.TestObject(): null

2018-05-22 19:43:42 - [TEST_STEP][PASSED] - Statement - product = com.kms.katalon.core.webui.keyword.WebUiBuiltInKeywords.modifyObjectProperty(product, "xpath", "equals", "//*[@id = "fldvendor" + row + ""]", true): Modify property of object successfully

2018-05-22 19:43:42 - [MESSAGE][PASSED] - Modify property of object successfully

2018-05-22 19:43:42 - [TEST_STEP][PASSED] - selectOptionByIndex: All options with index in [1] are selected on object ''

2018-05-22 19:43:42 - [MESSAGE][PASSED] - All options with index in [1] are selected on object ''

2018-05-22 19:43:42 - [TEST_STEP][PASSED] - Statement - batch = new com.kms.katalon.core.testobject.TestObject(): null

2018-05-22 19:43:42 - [TEST_STEP][PASSED] - Statement - batch = com.kms.katalon.core.webui.keyword.WebUiBuiltInKeywords.modifyObjectProperty(batch, "xpath", "equals", "//*[@id = "txtbthqty" + row + ""]", true): Modify property of object successfully

2018-05-22 19:43:42 - [MESSAGE][PASSED] - Modify property of object successfully

2018-05-22 19:43:42 - [TEST_STEP][PASSED] - Statement - batchqty = com.kms.katalon.core.webui.keyword.WebUiBuiltInKeywords.getAttribute(batch, "value").trim(): Attribute 'value' of object '' is: '50'

2018-05-22 19:43:42 - [MESSAGE][PASSED] - Attribute 'value' of object '' is: '50'

2018-05-22 19:43:42 - [TEST_STEP][PASSED] - Statement - Rqty = 100: null

2018-05-22 19:43:42 - [TEST_STEP][PASSED] - delay: Delayed 2 second(s)

2018-05-22 19:43:44 - [MESSAGE][PASSED] - Delayed 2 second(s)

2018-05-22 19:43:44 - [TEST_STEP][PASSED] - Statement - out.println("BatchQty : " + batchqty): null

2018-05-22 19:43:44 - [TEST_STEP][PASSED] - Statement - out.println("RQty : " + Rqty): null

2018-05-22 19:43:44 - [TEST_STEP][PASSED] - Statement - If (java.lang.Integer.valueOf(batchqty) >= java.lang.Integer.valueOf(Rqty)): null

2018-05-22 19:43:44 - [TEST_STEP][PASSED] - Statement - Else: null

2018-05-22 19:43:44 - [TEST_STEP][PASSED] - Statement - out.println("Batchqty Is Less Than Rqty"): null

2018-05-22 19:43:44 - [TEST_STEP][PASSED] - Statement - product = new com.kms.katalon.core.testobject.TestObject(): null

2018-05-22 19:43:44 - [TEST_STEP][PASSED] - Statement - product = com.kms.katalon.core.webui.keyword.WebUiBuiltInKeywords.modifyObjectProperty(product, "xpath", "equals", "//*[@id = "fldvendor" + row + ""]", true): Modify property of object successfully

2018-05-22 19:43:44 - [MESSAGE][PASSED] - Modify property of object successfully

2018-05-22 19:43:44 - [TEST_STEP][PASSED] - selectOptionByIndex: All options with index in [2] are selected on object ''

2018-05-22 19:43:44 - [MESSAGE][PASSED] - All options with index in [2] are selected on object ''

2018-05-22 19:43:44 - [TEST_STEP][PASSED] - Statement - batch = new com.kms.katalon.core.testobject.TestObject(): null

2018-05-22 19:43:44 - [TEST_STEP][PASSED] - Statement - batch = com.kms.katalon.core.webui.keyword.WebUiBuiltInKeywords.modifyObjectProperty(batch, "xpath", "equals", "//*[@id = "txtbthqty" + row + ""]", true): Modify property of object successfully

2018-05-22 19:43:44 - [MESSAGE][PASSED] - Modify property of object successfully

2018-05-22 19:43:44 - [TEST_STEP][PASSED] - Statement - batchqty = com.kms.katalon.core.webui.keyword.WebUiBuiltInKeywords.getAttribute(batch, "value").trim(): Attribute 'value' of object '' is: '38900'

2018-05-22 19:43:44 - [MESSAGE][PASSED] - Attribute 'value' of object '' is: '38900'

2018-05-22 19:43:44 - [TEST_STEP][PASSED] - Statement - Rqty = 100: null

2018-05-22 19:43:44 - [TEST_STEP][PASSED] - delay: Delayed 2 second(s)

2018-05-22 19:43:46 - [MESSAGE][PASSED] - Delayed 2 second(s)

2018-05-22 19:43:46 - [TEST_STEP][PASSED] - Statement - out.println("BatchQty : " + batchqty): null

2018-05-22 19:43:46 - [TEST_STEP][PASSED] - Statement - out.println("RQty : " + Rqty): null

2018-05-22 19:43:46 - [TEST_STEP][PASSED] - Statement - If (java.lang.Integer.valueOf(batchqty) >= java.lang.Integer.valueOf(Rqty)): null

2018-05-22 19:43:46 - [TEST_STEP][PASSED] - Statement - Break: null

2018-05-22 19:43:46 - [TEST_STEP][PASSED] - Statement - batchlength = new com.kms.katalon.core.testobject.TestObject(): null

2018-05-22 19:43:46 - [TEST_STEP][PASSED] - Statement - batchlength = com.kms.katalon.core.webui.keyword.WebUiBuiltInKeywords.modifyObjectProperty(batchlength, "xpath", "equals", "//*[@id = "fldvendor" + row + ""]", true): Modify property of object successfully

2018-05-22 19:43:46 - [MESSAGE][PASSED] - Modify property of object successfully

2018-05-22 19:43:46 - [TEST_STEP][PASSED] - Statement - batchsize = com.kms.katalon.core.webui.keyword.WebUiBuiltInKeywords.getNumberOfTotalOption(batchlength): 7 options of object '' counted

2018-05-22 19:43:46 - [MESSAGE][PASSED] - 7 options of object '' counted

2018-05-22 19:43:46 - [TEST_STEP][PASSED] - Statement - out.println("BatchSize : " + batchsize): null

2018-05-22 19:43:46 - [TEST_STEP][PASSED] - Statement - For ([n = 1, n <= batchsize - 1, (n++)]): null

2018-05-22 19:43:46 - [TEST_STEP][PASSED] - Statement - product = new com.kms.katalon.core.testobject.TestObject(): null

2018-05-22 19:43:46 - [TEST_STEP][PASSED] - Statement - product = com.kms.katalon.core.webui.keyword.WebUiBuiltInKeywords.modifyObjectProperty(product, "xpath", "equals", "//*[@id = "fldvendor" + row + ""]", true): Modify property of object successfully

2018-05-22 19:43:46 - [MESSAGE][PASSED] - Modify property of object successfully

2018-05-22 19:43:46 - [TEST_STEP][PASSED] - selectOptionByIndex: All options with index in [1] are selected on object ''

2018-05-22 19:43:46 - [MESSAGE][PASSED] - All options with index in [1] are selected on object ''

2018-05-22 19:43:46 - [TEST_STEP][PASSED] - Statement - batch = new com.kms.katalon.core.testobject.TestObject(): null

2018-05-22 19:43:46 - [TEST_STEP][PASSED] - Statement - batch = com.kms.katalon.core.webui.keyword.WebUiBuiltInKeywords.modifyObjectProperty(batch, "xpath", "equals", "//*[@id = "txtbthqty" + row + ""]", true): Modify property of object successfully

2018-05-22 19:43:46 - [MESSAGE][PASSED] - Modify property of object successfully

2018-05-22 19:43:46 - [TEST_STEP][PASSED] - Statement - batchqty = com.kms.katalon.core.webui.keyword.WebUiBuiltInKeywords.getAttribute(batch, "value").trim(): Attribute 'value' of object '' is: '3200'

2018-05-22 19:43:47 - [MESSAGE][PASSED] - Attribute 'value' of object '' is: '3200'

2018-05-22 19:43:47 - [TEST_STEP][PASSED] - Statement - Rqty = 100: null

2018-05-22 19:43:47 - [TEST_STEP][PASSED] - delay: Delayed 2 second(s)

2018-05-22 19:43:49 - [MESSAGE][PASSED] - Delayed 2 second(s)

2018-05-22 19:43:49 - [TEST_STEP][PASSED] - Statement - out.println("BatchQty : " + batchqty): null

2018-05-22 19:43:49 - [TEST_STEP][PASSED] - Statement - out.println("RQty : " + Rqty): null

2018-05-22 19:43:49 - [TEST_STEP][PASSED] - Statement - If (java.lang.Integer.valueOf(batchqty) >= java.lang.Integer.valueOf(Rqty)): null

2018-05-22 19:43:49 - [TEST_STEP][PASSED] - Statement - Break: null

2018-05-22 19:43:49 - [TEST_STEP][PASSED] - Statement - batchlength = new com.kms.katalon.core.testobject.TestObject(): null

2018-05-22 19:43:49 - [TEST_STEP][PASSED] - Statement - batchlength = com.kms.katalon.core.webui.keyword.WebUiBuiltInKeywords.modifyObjectProperty(batchlength, "xpath", "equals", "//*[@id = "fldvendor" + row + ""]", true): Modify property of object successfully

2018-05-22 19:43:49 - [MESSAGE][PASSED] - Modify property of object successfully

2018-05-22 19:43:49 - [TEST_STEP][PASSED] - Statement - batchsize = com.kms.katalon.core.webui.keyword.WebUiBuiltInKeywords.getNumberOfTotalOption(batchlength): 7 options of object '' counted

2018-05-22 19:43:49 - [MESSAGE][PASSED] - 7 options of object '' counted

2018-05-22 19:43:49 - [TEST_STEP][PASSED] - Statement - out.println("BatchSize : " + batchsize): null

2018-05-22 19:43:49 - [TEST_STEP][PASSED] - Statement - For ([n = 1, n <= batchsize - 1, (n++)]): null

2018-05-22 19:43:49 - [TEST_STEP][PASSED] - Statement - product = new com.kms.katalon.core.testobject.TestObject(): null

2018-05-22 19:43:49 - [TEST_STEP][PASSED] - Statement - product = com.kms.katalon.core.webui.keyword.WebUiBuiltInKeywords.modifyObjectProperty(product, "xpath", "equals", "//*[@id = "fldvendor" + row + ""]", true): Modify property of object successfully

2018-05-22 19:43:49 - [MESSAGE][PASSED] - Modify property of object successfully

2018-05-22 19:43:49 - [TEST_STEP][PASSED] - selectOptionByIndex: All options with index in [1] are selected on object ''

2018-05-22 19:43:49 - [MESSAGE][PASSED] - All options with index in [1] are selected on object ''

2018-05-22 19:43:49 - [TEST_STEP][PASSED] - Statement - batch = new com.kms.katalon.core.testobject.TestObject(): null

2018-05-22 19:43:49 - [TEST_STEP][PASSED] - Statement - batch = com.kms.katalon.core.webui.keyword.WebUiBuiltInKeywords.modifyObjectProperty(batch, "xpath", "equals", "//*[@id = "txtbthqty" + row + ""]", true): Modify property of object successfully

2018-05-22 19:43:49 - [MESSAGE][PASSED] - Modify property of object successfully

2018-05-22 19:43:49 - [TEST_STEP][PASSED] - Statement - batchqty = com.kms.katalon.core.webui.keyword.WebUiBuiltInKeywords.getAttribute(batch, "value").trim(): Attribute 'value' of object '' is: '38100'

2018-05-22 19:43:49 - [MESSAGE][PASSED] - Attribute 'value' of object '' is: '38100'

2018-05-22 19:43:49 - [TEST_STEP][PASSED] - Statement - Rqty = 100: null

2018-05-22 19:43:49 - [TEST_STEP][PASSED] - delay: Delayed 2 second(s)

2018-05-22 19:43:51 - [MESSAGE][PASSED] - Delayed 2 second(s)

2018-05-22 19:43:51 - [TEST_STEP][PASSED] - Statement - out.println("BatchQty : " + batchqty): null

2018-05-22 19:43:51 - [TEST_STEP][PASSED] - Statement - out.println("RQty : " + Rqty): null

2018-05-22 19:43:51 - [TEST_STEP][PASSED] - Statement - If (java.lang.Integer.valueOf(batchqty) >= java.lang.Integer.valueOf(Rqty)): null

2018-05-22 19:43:51 - [TEST_STEP][PASSED] - Statement - Break: null

2018-05-22 19:43:51 - [TEST_STEP][PASSED] - Statement - batchlength = new com.kms.katalon.core.testobject.TestObject(): null

2018-05-22 19:43:51 - [TEST_STEP][PASSED] - Statement - batchlength = com.kms.katalon.core.webui.keyword.WebUiBuiltInKeywords.modifyObjectProperty(batchlength, "xpath", "equals", "//*[@id = "fldvendor" + row + ""]", true): Modify property of object successfully

2018-05-22 19:43:51 - [MESSAGE][PASSED] - Modify property of object successfully

2018-05-22 19:43:51 - [TEST_STEP][PASSED] - Statement - batchsize = com.kms.katalon.core.webui.keyword.WebUiBuiltInKeywords.getNumberOfTotalOption(batchlength): 7 options of object '' counted

2018-05-22 19:43:51 - [MESSAGE][PASSED] - 7 options of object '' counted

2018-05-22 19:43:51 - [TEST_STEP][PASSED] - Statement - out.println("BatchSize : " + batchsize): null

2018-05-22 19:43:51 - [TEST_STEP][PASSED] - Statement - For ([n = 1, n <= batchsize - 1, (n++)]): null

2018-05-22 19:43:51 - [TEST_STEP][PASSED] - Statement - product = new com.kms.katalon.core.testobject.TestObject(): null

2018-05-22 19:43:51 - [TEST_STEP][PASSED] - Statement - product = com.kms.katalon.core.webui.keyword.WebUiBuiltInKeywords.modifyObjectProperty(product, "xpath", "equals", "//*[@id = "fldvendor" + row + ""]", true): Modify property of object successfully

2018-05-22 19:43:51 - [MESSAGE][PASSED] - Modify property of object successfully

2018-05-22 19:43:51 - [TEST_STEP][PASSED] - selectOptionByIndex: All options with index in [1] are selected on object ''

2018-05-22 19:43:51 - [MESSAGE][PASSED] - All options with index in [1] are selected on object ''

2018-05-22 19:43:51 - [TEST_STEP][PASSED] - Statement - batch = new com.kms.katalon.core.testobject.TestObject(): null

2018-05-22 19:43:51 - [TEST_STEP][PASSED] - Statement - batch = com.kms.katalon.core.webui.keyword.WebUiBuiltInKeywords.modifyObjectProperty(batch, "xpath", "equals", "//*[@id = "txtbthqty" + row + ""]", true): Modify property of object successfully

2018-05-22 19:43:51 - [MESSAGE][PASSED] - Modify property of object successfully

2018-05-22 19:43:51 - [TEST_STEP][PASSED] - Statement - batchqty = com.kms.katalon.core.webui.keyword.WebUiBuiltInKeywords.getAttribute(batch, "value").trim(): Attribute 'value' of object '' is: '3200'

2018-05-22 19:43:51 - [MESSAGE][PASSED] - Attribute 'value' of object '' is: '3200'

2018-05-22 19:43:51 - [TEST_STEP][PASSED] - Statement - Rqty = 100: null

2018-05-22 19:43:51 - [TEST_STEP][PASSED] - delay: Delayed 2 second(s)

2018-05-22 19:43:53 - [MESSAGE][PASSED] - Delayed 2 second(s)

2018-05-22 19:43:53 - [TEST_STEP][PASSED] - Statement - out.println("BatchQty : " + batchqty): null

2018-05-22 19:43:53 - [TEST_STEP][PASSED] - Statement - out.println("RQty : " + Rqty): null

2018-05-22 19:43:53 - [TEST_STEP][PASSED] - Statement - If (java.lang.Integer.valueOf(batchqty) >= java.lang.Integer.valueOf(Rqty)): null

2018-05-22 19:43:53 - [TEST_STEP][PASSED] - Statement - Break: null

2018-05-22 19:43:53 - [TEST_STEP][PASSED] - Statement - batchlength = new com.kms.katalon.core.testobject.TestObject(): null

2018-05-22 19:43:53 - [TEST_STEP][PASSED] - Statement - batchlength = com.kms.katalon.core.webui.keyword.WebUiBuiltInKeywords.modifyObjectProperty(batchlength, "xpath", "equals", "//*[@id = "fldvendor" + row + ""]", true): Modify property of object successfully

2018-05-22 19:43:53 - [MESSAGE][PASSED] - Modify property of object successfully

2018-05-22 19:43:53 - [TEST_STEP][PASSED] - Statement - batchsize = com.kms.katalon.core.webui.keyword.WebUiBuiltInKeywords.getNumberOfTotalOption(batchlength): 7 options of object '' counted

2018-05-22 19:43:53 - [MESSAGE][PASSED] - 7 options of object '' counted

2018-05-22 19:43:53 - [TEST_STEP][PASSED] - Statement - out.println("BatchSize : " + batchsize): null

2018-05-22 19:43:53 - [TEST_STEP][PASSED] - Statement - For ([n = 1, n <= batchsize - 1, (n++)]): null

2018-05-22 19:43:53 - [TEST_STEP][PASSED] - Statement - product = new com.kms.katalon.core.testobject.TestObject(): null

2018-05-22 19:43:53 - [TEST_STEP][PASSED] - Statement - product = com.kms.katalon.core.webui.keyword.WebUiBuiltInKeywords.modifyObjectProperty(product, "xpath", "equals", "//*[@id = "fldvendor" + row + ""]", true): Modify property of object successfully

2018-05-22 19:43:53 - [MESSAGE][PASSED] - Modify property of object successfully

2018-05-22 19:43:53 - [TEST_STEP][PASSED] - selectOptionByIndex: All options with index in [1] are selected on object ''

2018-05-22 19:43:53 - [MESSAGE][PASSED] - All options with index in [1] are selected on object ''

2018-05-22 19:43:53 - [TEST_STEP][PASSED] - Statement - batch = new com.kms.katalon.core.testobject.TestObject(): null

2018-05-22 19:43:53 - [TEST_STEP][PASSED] - Statement - batch = com.kms.katalon.core.webui.keyword.WebUiBuiltInKeywords.modifyObjectProperty(batch, "xpath", "equals", "//*[@id = "txtbthqty" + row + ""]", true): Modify property of object successfully

2018-05-22 19:43:53 - [MESSAGE][PASSED] - Modify property of object successfully

2018-05-22 19:43:53 - [TEST_STEP][PASSED] - Statement - batchqty = com.kms.katalon.core.webui.keyword.WebUiBuiltInKeywords.getAttribute(batch, "value").trim(): Attribute 'value' of object '' is: '38100'

2018-05-22 19:43:53 - [MESSAGE][PASSED] - Attribute 'value' of object '' is: '38100'

2018-05-22 19:43:53 - [TEST_STEP][PASSED] - Statement - Rqty = 100: null

2018-05-22 19:43:53 - [TEST_STEP][PASSED] - delay: Delayed 2 second(s)

2018-05-22 19:43:55 - [MESSAGE][PASSED] - Delayed 2 second(s)

2018-05-22 19:43:55 - [TEST_STEP][PASSED] - Statement - out.println("BatchQty : " + batchqty): null

2018-05-22 19:43:55 - [TEST_STEP][PASSED] - Statement - out.println("RQty : " + Rqty): null

2018-05-22 19:43:55 - [TEST_STEP][PASSED] - Statement - If (java.lang.Integer.valueOf(batchqty) >= java.lang.Integer.valueOf(Rqty)): null

2018-05-22 19:43:55 - [TEST_STEP][PASSED] - Statement - Break: null

2018-05-22 19:43:55 - [TEST_STEP][PASSED] - Statement - batchlength = new com.kms.katalon.core.testobject.TestObject(): null

2018-05-22 19:43:55 - [TEST_STEP][PASSED] - Statement - batchlength = com.kms.katalon.core.webui.keyword.WebUiBuiltInKeywords.modifyObjectProperty(batchlength, "xpath", "equals", "//*[@id = "fldvendor" + row + ""]", true): Modify property of object successfully

2018-05-22 19:43:55 - [MESSAGE][PASSED] - Modify property of object successfully

2018-05-22 19:43:55 - [TEST_STEP][PASSED] - Statement - batchsize = com.kms.katalon.core.webui.keyword.WebUiBuiltInKeywords.getNumberOfTotalOption(batchlength): 7 options of object '' counted

2018-05-22 19:43:55 - [MESSAGE][PASSED] - 7 options of object '' counted

2018-05-22 19:43:55 - [TEST_STEP][PASSED] - Statement - out.println("BatchSize : " + batchsize): null

2018-05-22 19:43:55 - [TEST_STEP][PASSED] - Statement - For ([n = 1, n <= batchsize - 1, (n++)]): null

2018-05-22 19:43:55 - [TEST_STEP][PASSED] - Statement - product = new com.kms.katalon.core.testobject.TestObject(): null

2018-05-22 19:43:55 - [TEST_STEP][PASSED] - Statement - product = com.kms.katalon.core.webui.keyword.WebUiBuiltInKeywords.modifyObjectProperty(product, "xpath", "equals", "//*[@id = "fldvendor" + row + ""]", true): Modify property of object successfully

2018-05-22 19:43:55 - [MESSAGE][PASSED] - Modify property of object successfully

2018-05-22 19:43:55 - [TEST_STEP][PASSED] - selectOptionByIndex: All options with index in [1] are selected on object ''

2018-05-22 19:43:56 - [MESSAGE][PASSED] - All options with index in [1] are selected on object ''

2018-05-22 19:43:56 - [TEST_STEP][PASSED] - Statement - batch = new com.kms.katalon.core.testobject.TestObject(): null

2018-05-22 19:43:56 - [TEST_STEP][PASSED] - Statement - batch = com.kms.katalon.core.webui.keyword.WebUiBuiltInKeywords.modifyObjectProperty(batch, "xpath", "equals", "//*[@id = "txtbthqty" + row + ""]", true): Modify property of object successfully

2018-05-22 19:43:56 - [MESSAGE][PASSED] - Modify property of object successfully

2018-05-22 19:43:56 - [TEST_STEP][PASSED] - Statement - batchqty = com.kms.katalon.core.webui.keyword.WebUiBuiltInKeywords.getAttribute(batch, "value").trim(): Attribute 'value' of object '' is: '3200'

2018-05-22 19:43:56 - [MESSAGE][PASSED] - Attribute 'value' of object '' is: '3200'

2018-05-22 19:43:56 - [TEST_STEP][PASSED] - Statement - Rqty = 100: null

2018-05-22 19:43:56 - [TEST_STEP][PASSED] - delay: Delayed 2 second(s)

2018-05-22 19:43:58 - [MESSAGE][PASSED] - Delayed 2 second(s)

2018-05-22 19:43:58 - [TEST_STEP][PASSED] - Statement - out.println("BatchQty : " + batchqty): null

2018-05-22 19:43:58 - [TEST_STEP][PASSED] - Statement - out.println("RQty : " + Rqty): null

2018-05-22 19:43:58 - [TEST_STEP][PASSED] - Statement - If (java.lang.Integer.valueOf(batchqty) >= java.lang.Integer.valueOf(Rqty)): null

2018-05-22 19:43:58 - [TEST_STEP][PASSED] - Statement - Break: null

2018-05-22 19:43:58 - [TEST_STEP][PASSED] - Statement - batchlength = new com.kms.katalon.core.testobject.TestObject(): null

2018-05-22 19:43:58 - [TEST_STEP][PASSED] - Statement - batchlength = com.kms.katalon.core.webui.keyword.WebUiBuiltInKeywords.modifyObjectProperty(batchlength, "xpath", "equals", "//*[@id = "fldvendor" + row + ""]", true): Modify property of object successfully

2018-05-22 19:43:58 - [MESSAGE][PASSED] - Modify property of object successfully

2018-05-22 19:43:58 - [TEST_STEP][PASSED] - Statement - batchsize = com.kms.katalon.core.webui.keyword.WebUiBuiltInKeywords.getNumberOfTotalOption(batchlength): 6 options of object '' counted

2018-05-22 19:43:58 - [MESSAGE][PASSED] - 6 options of object '' counted

2018-05-22 19:43:58 - [TEST_STEP][PASSED] - Statement - out.println("BatchSize : " + batchsize): null

2018-05-22 19:43:58 - [TEST_STEP][PASSED] - Statement - For ([n = 1, n <= batchsize - 1, (n++)]): null

2018-05-22 19:43:58 - [TEST_STEP][PASSED] - Statement - product = new com.kms.katalon.core.testobject.TestObject(): null

2018-05-22 19:43:58 - [TEST_STEP][PASSED] - Statement - product = com.kms.katalon.core.webui.keyword.WebUiBuiltInKeywords.modifyObjectProperty(product, "xpath", "equals", "//*[@id = "fldvendor" + row + ""]", true): Modify property of object successfully

2018-05-22 19:43:58 - [MESSAGE][PASSED] - Modify property of object successfully

2018-05-22 19:43:58 - [TEST_STEP][PASSED] - selectOptionByIndex: All options with index in [1] are selected on object ''

2018-05-22 19:43:58 - [MESSAGE][PASSED] - All options with index in [1] are selected on object ''

2018-05-22 19:43:58 - [TEST_STEP][PASSED] - Statement - batch = new com.kms.katalon.core.testobject.TestObject(): null

2018-05-22 19:43:58 - [TEST_STEP][PASSED] - Statement - batch = com.kms.katalon.core.webui.keyword.WebUiBuiltInKeywords.modifyObjectProperty(batch, "xpath", "equals", "//*[@id = "txtbthqty" + row + ""]", true): Modify property of object successfully

2018-05-22 19:43:58 - [MESSAGE][PASSED] - Modify property of object successfully

2018-05-22 19:43:58 - [TEST_STEP][PASSED] - Statement - batchqty = com.kms.katalon.core.webui.keyword.WebUiBuiltInKeywords.getAttribute(batch, "value").trim(): Attribute 'value' of object '' is: '3500'

2018-05-22 19:43:58 - [MESSAGE][PASSED] - Attribute 'value' of object '' is: '3500'

2018-05-22 19:43:58 - [TEST_STEP][PASSED] - Statement - Rqty = 100: null

2018-05-22 19:43:58 - [TEST_STEP][PASSED] - delay: Delayed 2 second(s)

2018-05-22 19:44:00 - [MESSAGE][PASSED] - Delayed 2 second(s)

2018-05-22 19:44:00 - [TEST_STEP][PASSED] - Statement - out.println("BatchQty : " + batchqty): null

2018-05-22 19:44:00 - [TEST_STEP][PASSED] - Statement - out.println("RQty : " + Rqty): null

2018-05-22 19:44:00 - [TEST_STEP][PASSED] - Statement - If (java.lang.Integer.valueOf(batchqty) >= java.lang.Integer.valueOf(Rqty)): null

2018-05-22 19:44:00 - [TEST_STEP][PASSED] - Statement - Break: null

2018-05-22 19:44:00 - [TEST_STEP][PASSED] - Statement - batchlength = new com.kms.katalon.core.testobject.TestObject(): null

2018-05-22 19:44:00 - [TEST_STEP][PASSED] - Statement - batchlength = com.kms.katalon.core.webui.keyword.WebUiBuiltInKeywords.modifyObjectProperty(batchlength, "xpath", "equals", "//*[@id = "fldvendor" + row + ""]", true): Modify property of object successfully

2018-05-22 19:44:00 - [MESSAGE][PASSED] - Modify property of object successfully

2018-05-22 19:44:00 - [TEST_STEP][PASSED] - Statement - batchsize = com.kms.katalon.core.webui.keyword.WebUiBuiltInKeywords.getNumberOfTotalOption(batchlength): 6 options of object '' counted

2018-05-22 19:44:00 - [MESSAGE][PASSED] - 6 options of object '' counted

2018-05-22 19:44:00 - [TEST_STEP][PASSED] - Statement - out.println("BatchSize : " + batchsize): null

2018-05-22 19:44:00 - [TEST_STEP][PASSED] - Statement - For ([n = 1, n <= batchsize - 1, (n++)]): null

2018-05-22 19:44:00 - [TEST_STEP][PASSED] - Statement - product = new com.kms.katalon.core.testobject.TestObject(): null

2018-05-22 19:44:00 - [TEST_STEP][PASSED] - Statement - product = com.kms.katalon.core.webui.keyword.WebUiBuiltInKeywords.modifyObjectProperty(product, "xpath", "equals", "//*[@id = "fldvendor" + row + ""]", true): Modify property of object successfully

2018-05-22 19:44:00 - [MESSAGE][PASSED] - Modify property of object successfully

2018-05-22 19:44:00 - [TEST_STEP][PASSED] - selectOptionByIndex: All options with index in [1] are selected on object ''

2018-05-22 19:44:00 - [MESSAGE][PASSED] - All options with index in [1] are selected on object ''

2018-05-22 19:44:00 - [TEST_STEP][PASSED] - Statement - batch = new com.kms.katalon.core.testobject.TestObject(): null

2018-05-22 19:44:00 - [TEST_STEP][PASSED] - Statement - batch = com.kms.katalon.core.webui.keyword.WebUiBuiltInKeywords.modifyObjectProperty(batch, "xpath", "equals", "//*[@id = "txtbthqty" + row + ""]", true): Modify property of object successfully

2018-05-22 19:44:00 - [MESSAGE][PASSED] - Modify property of object successfully

2018-05-22 19:44:00 - [TEST_STEP][PASSED] - Statement - batchqty = com.kms.katalon.core.webui.keyword.WebUiBuiltInKeywords.getAttribute(batch, "value").trim(): Attribute 'value' of object '' is: '4500'

2018-05-22 19:44:00 - [MESSAGE][PASSED] - Attribute 'value' of object '' is: '4500'

2018-05-22 19:44:00 - [TEST_STEP][PASSED] - Statement - Rqty = 100: null

2018-05-22 19:44:00 - [TEST_STEP][PASSED] - delay: Delayed 2 second(s)

2018-05-22 19:44:02 - [MESSAGE][PASSED] - Delayed 2 second(s)

2018-05-22 19:44:02 - [TEST_STEP][PASSED] - Statement - out.println("BatchQty : " + batchqty): null

2018-05-22 19:44:02 - [TEST_STEP][PASSED] - Statement - out.println("RQty : " + Rqty): null

2018-05-22 19:44:02 - [TEST_STEP][PASSED] - Statement - If (java.lang.Integer.valueOf(batchqty) >= java.lang.Integer.valueOf(Rqty)): null

2018-05-22 19:44:02 - [TEST_STEP][PASSED] - Statement - Break: null

2018-05-22 19:44:02 - [TEST_STEP][PASSED] - Statement - batchlength = new com.kms.katalon.core.testobject.TestObject(): null

2018-05-22 19:44:02 - [TEST_STEP][PASSED] - Statement - batchlength = com.kms.katalon.core.webui.keyword.WebUiBuiltInKeywords.modifyObjectProperty(batchlength, "xpath", "equals", "//*[@id = "fldvendor" + row + ""]", true): Modify property of object successfully

2018-05-22 19:44:02 - [MESSAGE][PASSED] - Modify property of object successfully

2018-05-22 19:44:02 - [TEST_STEP][PASSED] - Statement - batchsize = com.kms.katalon.core.webui.keyword.WebUiBuiltInKeywords.getNumberOfTotalOption(batchlength): 6 options of object '' counted

2018-05-22 19:44:02 - [MESSAGE][PASSED] - 6 options of object '' counted

2018-05-22 19:44:02 - [TEST_STEP][PASSED] - Statement - out.println("BatchSize : " + batchsize): null

2018-05-22 19:44:02 - [TEST_STEP][PASSED] - Statement - For ([n = 1, n <= batchsize - 1, (n++)]): null

2018-05-22 19:44:02 - [TEST_STEP][PASSED] - Statement - product = new com.kms.katalon.core.testobject.TestObject(): null

2018-05-22 19:44:02 - [TEST_STEP][PASSED] - Statement - product = com.kms.katalon.core.webui.keyword.WebUiBuiltInKeywords.modifyObjectProperty(product, "xpath", "equals", "//*[@id = "fldvendor" + row + ""]", true): Modify property of object successfully

2018-05-22 19:44:02 - [MESSAGE][PASSED] - Modify property of object successfully

2018-05-22 19:44:02 - [TEST_STEP][PASSED] - selectOptionByIndex: All options with index in [1] are selected on object ''

2018-05-22 19:44:03 - [MESSAGE][PASSED] - All options with index in [1] are selected on object ''

2018-05-22 19:44:03 - [TEST_STEP][PASSED] - Statement - batch = new com.kms.katalon.core.testobject.TestObject(): null

2018-05-22 19:44:03 - [TEST_STEP][PASSED] - Statement - batch = com.kms.katalon.core.webui.keyword.WebUiBuiltInKeywords.modifyObjectProperty(batch, "xpath", "equals", "//*[@id = "txtbthqty" + row + ""]", true): Modify property of object successfully

2018-05-22 19:44:03 - [MESSAGE][PASSED] - Modify property of object successfully

2018-05-22 19:44:03 - [TEST_STEP][PASSED] - Statement - batchqty = com.kms.katalon.core.webui.keyword.WebUiBuiltInKeywords.getAttribute(batch, "value").trim(): Attribute 'value' of object '' is: '38400'

2018-05-22 19:44:03 - [MESSAGE][PASSED] - Attribute 'value' of object '' is: '38400'

2018-05-22 19:44:03 - [TEST_STEP][PASSED] - Statement - Rqty = 100: null

2018-05-22 19:44:03 - [TEST_STEP][PASSED] - delay: Delayed 2 second(s)

2018-05-22 19:44:05 - [MESSAGE][PASSED] - Delayed 2 second(s)

2018-05-22 19:44:05 - [TEST_STEP][PASSED] - Statement - out.println("BatchQty : " + batchqty): null

2018-05-22 19:44:05 - [TEST_STEP][PASSED] - Statement - out.println("RQty : " + Rqty): null

2018-05-22 19:44:05 - [TEST_STEP][PASSED] - Statement - If (java.lang.Integer.valueOf(batchqty) >= java.lang.Integer.valueOf(Rqty)): null

2018-05-22 19:44:05 - [TEST_STEP][PASSED] - Statement - Break: null

2018-05-22 19:44:05 - [TEST_STEP][PASSED] - Statement - batchlength = new com.kms.katalon.core.testobject.TestObject(): null

2018-05-22 19:44:05 - [TEST_STEP][PASSED] - Statement - batchlength = com.kms.katalon.core.webui.keyword.WebUiBuiltInKeywords.modifyObjectProperty(batchlength, "xpath", "equals", "//*[@id = "fldvendor" + row + ""]", true): Modify property of object successfully

2018-05-22 19:44:05 - [MESSAGE][PASSED] - Modify property of object successfully

2018-05-22 19:44:05 - [TEST_STEP][PASSED] - Statement - batchsize = com.kms.katalon.core.webui.keyword.WebUiBuiltInKeywords.getNumberOfTotalOption(batchlength): 7 options of object '' counted

2018-05-22 19:44:05 - [MESSAGE][PASSED] - 7 options of object '' counted

2018-05-22 19:44:05 - [TEST_STEP][PASSED] - Statement - out.println("BatchSize : " + batchsize): null

2018-05-22 19:44:05 - [TEST_STEP][PASSED] - Statement - For ([n = 1, n <= batchsize - 1, (n++)]): null

2018-05-22 19:44:05 - [TEST_STEP][PASSED] - Statement - product = new com.kms.katalon.core.testobject.TestObject(): null

2018-05-22 19:44:05 - [TEST_STEP][PASSED] - Statement - product = com.kms.katalon.core.webui.keyword.WebUiBuiltInKeywords.modifyObjectProperty(product, "xpath", "equals", "//*[@id = "fldvendor" + row + ""]", true): Modify property of object successfully

2018-05-22 19:44:05 - [MESSAGE][PASSED] - Modify property of object successfully

2018-05-22 19:44:05 - [TEST_STEP][PASSED] - selectOptionByIndex: All options with index in [1] are selected on object ''

2018-05-22 19:44:05 - [MESSAGE][PASSED] - All options with index in [1] are selected on object ''

2018-05-22 19:44:05 - [TEST_STEP][PASSED] - Statement - batch = new com.kms.katalon.core.testobject.TestObject(): null

2018-05-22 19:44:05 - [TEST_STEP][PASSED] - Statement - batch = com.kms.katalon.core.webui.keyword.WebUiBuiltInKeywords.modifyObjectProperty(batch, "xpath", "equals", "//*[@id = "txtbthqty" + row + ""]", true): Modify property of object successfully

2018-05-22 19:44:05 - [MESSAGE][PASSED] - Modify property of object successfully

2018-05-22 19:44:05 - [TEST_STEP][PASSED] - Statement - batchqty = com.kms.katalon.core.webui.keyword.WebUiBuiltInKeywords.getAttribute(batch, "value").trim(): Attribute 'value' of object '' is: '3200'

2018-05-22 19:44:05 - [MESSAGE][PASSED] - Attribute 'value' of object '' is: '3200'

2018-05-22 19:44:05 - [TEST_STEP][PASSED] - Statement - Rqty = 100: null

2018-05-22 19:44:05 - [TEST_STEP][PASSED] - delay: Delayed 2 second(s)

2018-05-22 19:44:07 - [MESSAGE][PASSED] - Delayed 2 second(s)

2018-05-22 19:44:07 - [TEST_STEP][PASSED] - Statement - out.println("BatchQty : " + batchqty): null

2018-05-22 19:44:07 - [TEST_STEP][PASSED] - Statement - out.println("RQty : " + Rqty): null

2018-05-22 19:44:07 - [TEST_STEP][PASSED] - Statement - If (java.lang.Integer.valueOf(batchqty) >= java.lang.Integer.valueOf(Rqty)): null

2018-05-22 19:44:07 - [TEST_STEP][PASSED] - Statement - Break: null

2018-05-22 19:44:07 - [TEST_STEP][PASSED] - Statement - batchlength = new com.kms.katalon.core.testobject.TestObject(): null

2018-05-22 19:44:07 - [TEST_STEP][PASSED] - Statement - batchlength = com.kms.katalon.core.webui.keyword.WebUiBuiltInKeywords.modifyObjectProperty(batchlength, "xpath", "equals", "//*[@id = "fldvendor" + row + ""]", true): Modify property of object successfully

2018-05-22 19:44:07 - [MESSAGE][PASSED] - Modify property of object successfully

2018-05-22 19:44:07 - [TEST_STEP][PASSED] - Statement - batchsize = com.kms.katalon.core.webui.keyword.WebUiBuiltInKeywords.getNumberOfTotalOption(batchlength): 7 options of object '' counted

2018-05-22 19:44:07 - [MESSAGE][PASSED] - 7 options of object '' counted

2018-05-22 19:44:07 - [TEST_STEP][PASSED] - Statement - out.println("BatchSize : " + batchsize): null

2018-05-22 19:44:07 - [TEST_STEP][PASSED] - Statement - For ([n = 1, n <= batchsize - 1, (n++)]): null

2018-05-22 19:44:07 - [TEST_STEP][PASSED] - Statement - product = new com.kms.katalon.core.testobject.TestObject(): null

2018-05-22 19:44:07 - [TEST_STEP][PASSED] - Statement - product = com.kms.katalon.core.webui.keyword.WebUiBuiltInKeywords.modifyObjectProperty(product, "xpath", "equals", "//*[@id = "fldvendor" + row + ""]", true): Modify property of object successfully

2018-05-22 19:44:07 - [MESSAGE][PASSED] - Modify property of object successfully

2018-05-22 19:44:07 - [TEST_STEP][PASSED] - selectOptionByIndex: All options with index in [1] are selected on object ''

2018-05-22 19:44:07 - [MESSAGE][PASSED] - All options with index in [1] are selected on object ''

2018-05-22 19:44:07 - [TEST_STEP][PASSED] - Statement - batch = new com.kms.katalon.core.testobject.TestObject(): null

2018-05-22 19:44:07 - [TEST_STEP][PASSED] - Statement - batch = com.kms.katalon.core.webui.keyword.WebUiBuiltInKeywords.modifyObjectProperty(batch, "xpath", "equals", "//*[@id = "txtbthqty" + row + ""]", true): Modify property of object successfully

2018-05-22 19:44:07 - [MESSAGE][PASSED] - Modify property of object successfully

2018-05-22 19:44:07 - [TEST_STEP][PASSED] - Statement - batchqty = com.kms.katalon.core.webui.keyword.WebUiBuiltInKeywords.getAttribute(batch, "value").trim(): Attribute 'value' of object '' is: '3200'

2018-05-22 19:44:07 - [MESSAGE][PASSED] - Attribute 'value' of object '' is: '3200'

2018-05-22 19:44:07 - [TEST_STEP][PASSED] - Statement - Rqty = 100: null

2018-05-22 19:44:07 - [TEST_STEP][PASSED] - delay: Delayed 2 second(s)

2018-05-22 19:44:09 - [MESSAGE][PASSED] - Delayed 2 second(s)

2018-05-22 19:44:09 - [TEST_STEP][PASSED] - Statement - out.println("BatchQty : " + batchqty): null

2018-05-22 19:44:09 - [TEST_STEP][PASSED] - Statement - out.println("RQty : " + Rqty): null

2018-05-22 19:44:09 - [TEST_STEP][PASSED] - Statement - If (java.lang.Integer.valueOf(batchqty) >= java.lang.Integer.valueOf(Rqty)): null

2018-05-22 19:44:09 - [TEST_STEP][PASSED] - Statement - Break: null

2018-05-22 19:44:09 - [TEST_STEP][PASSED] - Statement - batchlength = new com.kms.katalon.core.testobject.TestObject(): null

2018-05-22 19:44:09 - [TEST_STEP][PASSED] - Statement - batchlength = com.kms.katalon.core.webui.keyword.WebUiBuiltInKeywords.modifyObjectProperty(batchlength, "xpath", "equals", "//*[@id = "fldvendor" + row + ""]", true): Modify property of object successfully

2018-05-22 19:44:09 - [MESSAGE][PASSED] - Modify property of object successfully

2018-05-22 19:44:09 - [TEST_STEP][PASSED] - Statement - batchsize = com.kms.katalon.core.webui.keyword.WebUiBuiltInKeywords.getNumberOfTotalOption(batchlength): 7 options of object '' counted

2018-05-22 19:44:09 - [MESSAGE][PASSED] - 7 options of object '' counted

2018-05-22 19:44:09 - [TEST_STEP][PASSED] - Statement - out.println("BatchSize : " + batchsize): null

2018-05-22 19:44:09 - [TEST_STEP][PASSED] - Statement - For ([n = 1, n <= batchsize - 1, (n++)]): null

2018-05-22 19:44:09 - [TEST_STEP][PASSED] - Statement - product = new com.kms.katalon.core.testobject.TestObject(): null

2018-05-22 19:44:09 - [TEST_STEP][PASSED] - Statement - product = com.kms.katalon.core.webui.keyword.WebUiBuiltInKeywords.modifyObjectProperty(product, "xpath", "equals", "//*[@id = "fldvendor" + row + ""]", true): Modify property of object successfully

2018-05-22 19:44:10 - [MESSAGE][PASSED] - Modify property of object successfully

2018-05-22 19:44:10 - [TEST_STEP][PASSED] - selectOptionByIndex: All options with index in [1] are selected on object ''

2018-05-22 19:44:10 - [MESSAGE][PASSED] - All options with index in [1] are selected on object ''

2018-05-22 19:44:10 - [TEST_STEP][PASSED] - Statement - batch = new com.kms.katalon.core.testobject.TestObject(): null

2018-05-22 19:44:10 - [TEST_STEP][PASSED] - Statement - batch = com.kms.katalon.core.webui.keyword.WebUiBuiltInKeywords.modifyObjectProperty(batch, "xpath", "equals", "//*[@id = "txtbthqty" + row + ""]", true): Modify property of object successfully

2018-05-22 19:44:10 - [MESSAGE][PASSED] - Modify property of object successfully

2018-05-22 19:44:10 - [TEST_STEP][PASSED] - Statement - batchqty = com.kms.katalon.core.webui.keyword.WebUiBuiltInKeywords.getAttribute(batch, "value").trim(): Attribute 'value' of object '' is: '4200'

2018-05-22 19:44:10 - [MESSAGE][PASSED] - Attribute 'value' of object '' is: '4200'

2018-05-22 19:44:10 - [TEST_STEP][PASSED] - Statement - Rqty = 100: null

2018-05-22 19:44:10 - [TEST_STEP][PASSED] - delay: Delayed 2 second(s)

2018-05-22 19:44:12 - [MESSAGE][PASSED] - Delayed 2 second(s)

2018-05-22 19:44:12 - [TEST_STEP][PASSED] - Statement - out.println("BatchQty : " + batchqty): null

2018-05-22 19:44:12 - [TEST_STEP][PASSED] - Statement - out.println("RQty : " + Rqty): null

2018-05-22 19:44:12 - [TEST_STEP][PASSED] - Statement - If (java.lang.Integer.valueOf(batchqty) >= java.lang.Integer.valueOf(Rqty)): null

2018-05-22 19:44:12 - [TEST_STEP][PASSED] - Statement - Break: null

2018-05-22 19:44:12 - [TEST_STEP][PASSED] - delay: Delayed 2 second(s)

2018-05-22 19:44:14 - [MESSAGE][PASSED] - Delayed 2 second(s)

2018-05-22 19:44:14 - [TEST_STEP][PASSED] - click: Object: 'Object Repository/DispensaryToCms/Page_KDMC - CMS/input_btndispatch' is clicked on

2018-05-22 19:44:15 - [MESSAGE][PASSED] - Object: 'Object Repository/DispensaryToCms/Page_KDMC - CMS/input_btndispatch' is clicked on

2018-05-22 19:44:15 - [TEST_STEP][PASSED] - delay: Delayed 3 second(s)

2018-05-22 19:44:18 - [MESSAGE][PASSED] - Delayed 3 second(s)

2018-05-22 19:44:18 - [TEST_STEP][PASSED] - click: Object: 'Object Repository/DispensaryToCms/Page_KDMC - CMS/button_OK' is clicked on

2018-05-22 19:44:20 - [MESSAGE][PASSED] - Object: 'Object Repository/DispensaryToCms/Page_KDMC - CMS/button_OK' is clicked on

2018-05-22 19:44:20 - [TEST_STEP][PASSED] - delay: Delayed 3 second(s)

2018-05-22 19:44:23 - [MESSAGE][PASSED] - Delayed 3 second(s)

2018-05-22 19:44:23 - [TEST_STEP][PASSED] - click: Object: 'Object Repository/DispensaryToCms/Page_KDMC - CMS/a_dropdown-toggle' is clicked on

2018-05-22 19:44:24 - [MESSAGE][PASSED] - Object: 'Object Repository/DispensaryToCms/Page_KDMC - CMS/a_dropdown-toggle' is clicked on

2018-05-22 19:44:24 - [TEST_STEP][PASSED] - click: Object: 'Object Repository/DispensaryToCms/Page_KDMC - CMS/a_Sign out' is clicked on

2018-05-22 19:44:28 - [MESSAGE][PASSED] - Object: 'Object Repository/DispensaryToCms/Page_KDMC - CMS/a_Sign out' is clicked on

2018-05-22 19:44:28 - [TEST_STEP][PASSED] - delay: Delayed 3 second(s)

2018-05-22 19:44:31 - [MESSAGE][PASSED] - Delayed 3 second(s)

2018-05-22 19:44:31 - [TEST_STEP][PASSED] - navigateToUrl: Navigate to 'http://192.168.137.1/multihospital_new/HDSplashscreen.aspx' successfully

2018-05-22 19:44:33 - [MESSAGE][PASSED] - Navigate to 'http://192.168.137.1/multihospital_new/HDSplashscreen.aspx' successfully

2018-05-22 19:44:33 - [TEST_STEP][PASSED] - click: Object: 'Object Repository/DispensaryToCms/Page_KDMC/a_Dispensary Store' is clicked on

2018-05-22 19:44:38 - [MESSAGE][PASSED] - Object: 'Object Repository/DispensaryToCms/Page_KDMC/a_Dispensary Store' is clicked on

2018-05-22 19:44:38 - [TEST_STEP][PASSED] - setText: Text 'rajaram' is set on object 'Object Repository/DispensaryToCms/Page_Dispensary Store Login/input_txtusername'

2018-05-22 19:44:39 - [MESSAGE][PASSED] - Text 'rajaram' is set on object 'Object Repository/DispensaryToCms/Page_Dispensary Store Login/input_txtusername'

2018-05-22 19:44:39 - [TEST_STEP][PASSED] - setText: Text '123' is set on object 'Object Repository/DispensaryToCms/Page_Dispensary Store Login/input_txtpassword'

2018-05-22 19:44:40 - [MESSAGE][PASSED] - Text '123' is set on object 'Object Repository/DispensaryToCms/Page_Dispensary Store Login/input_txtpassword'

2018-05-22 19:44:40 - [TEST_STEP][PASSED] - delay: Delayed 3 second(s)

2018-05-22 19:44:43 - [MESSAGE][PASSED] - Delayed 3 second(s)

2018-05-22 19:44:43 - [TEST_STEP][PASSED] - click: Object: 'Object Repository/DispensaryToCms/Page_Dispensary Store Login/button_Sign in' is clicked on

2018-05-22 19:44:47 - [MESSAGE][PASSED] - Object: 'Object Repository/DispensaryToCms/Page_Dispensary Store Login/button_Sign in' is clicked on

2018-05-22 19:44:47 - [TEST_STEP][PASSED] - delay: Delayed 3 second(s)

2018-05-22 19:44:50 - [MESSAGE][PASSED] - Delayed 3 second(s)

2018-05-22 19:44:50 - [TEST_STEP][PASSED] - click: Object: 'Object Repository/DispensaryToCms/Page_Dispensary Store/a_CMS' is clicked on

2018-05-22 19:44:50 - [MESSAGE][PASSED] - Object: 'Object Repository/DispensaryToCms/Page_Dispensary Store/a_CMS' is clicked on

2018-05-22 19:44:50 - [TEST_STEP][PASSED] - delay: Delayed 2 second(s)

2018-05-22 19:44:52 - [MESSAGE][PASSED] - Delayed 2 second(s)

2018-05-22 19:44:52 - [TEST_STEP][PASSED] - click: Object: 'Object Repository/DispensaryToCms/Page_Dispensary Store/a_Receiving Goods' is clicked on

2018-05-22 19:44:55 - [MESSAGE][PASSED] - Object: 'Object Repository/DispensaryToCms/Page_Dispensary Store/a_Receiving Goods' is clicked on

2018-05-22 19:44:55 - [TEST_STEP][PASSED] - setText: Text 'PRNO/22052018/343' is set on object 'Object Repository/DispensaryToCms/Page_Dispensary Store/input'

2018-05-22 19:44:56 - [MESSAGE][PASSED] - Text 'PRNO/22052018/343' is set on object 'Object Repository/DispensaryToCms/Page_Dispensary Store/input'

2018-05-22 19:44:56 - [TEST_STEP][PASSED] - click: Object: 'Object Repository/DispensaryToCms/Page_Dispensary Store/input_PRNO18052018174' is clicked on

2018-05-22 19:44:57 - [MESSAGE][PASSED] - Object: 'Object Repository/DispensaryToCms/Page_Dispensary Store/input_PRNO18052018174' is clicked on

2018-05-22 19:44:57 - [TEST_STEP][PASSED] - delay: Delayed 2 second(s)

2018-05-22 19:44:59 - [MESSAGE][PASSED] - Delayed 2 second(s)

2018-05-22 19:44:59 - [TEST_STEP][PASSED] - click: Object: 'Object Repository/DispensaryToCms/Page_Dispensary Store/input_chkrem' is clicked on

2018-05-22 19:44:59 - [MESSAGE][PASSED] - Object: 'Object Repository/DispensaryToCms/Page_Dispensary Store/input_chkrem' is clicked on

2018-05-22 19:44:59 - [TEST_STEP][PASSED] - scrollToElement: Scroll to object 'Object Repository/DispensaryToCms/Page_Dispensary Store/input_btchkroqadd' successfully

2018-05-22 19:45:00 - [MESSAGE][PASSED] - Scroll to object 'Object Repository/DispensaryToCms/Page_Dispensary Store/input_btchkroqadd' successfully

2018-05-22 19:45:00 - [TEST_STEP][PASSED] - click: Object: 'Object Repository/DispensaryToCms/Page_Dispensary Store/input_btchkroqadd' is clicked on

2018-05-22 19:45:00 - [MESSAGE][PASSED] - Object: 'Object Repository/DispensaryToCms/Page_Dispensary Store/input_btchkroqadd' is clicked on

2018-05-22 19:45:00 - [TEST_STEP][PASSED] - delay: Delayed 2 second(s)

2018-05-22 19:45:02 - [MESSAGE][PASSED] - Delayed 2 second(s)

2018-05-22 19:45:02 - [TEST_STEP][PASSED] - refresh: Refresh successfully

2018-05-22 19:45:04 - [MESSAGE][PASSED] - Refresh successfully

2018-05-22 19:45:04 - [TEST_STEP][PASSED] - delay: Delayed 3 second(s)

2018-05-22 19:45:07 - [MESSAGE][PASSED] - Delayed 3 second(s)

2018-05-22 19:45:07 - [TEST_STEP][PASSED] - click: Object: 'Object Repository/DispensaryToCms/Page_Dispensary Store/a_dropdown-toggle' is clicked on

2018-05-22 19:45:08 - [MESSAGE][PASSED] - Object: 'Object Repository/DispensaryToCms/Page_Dispensary Store/a_dropdown-toggle' is clicked on

2018-05-22 19:45:08 - [TEST_STEP][PASSED] - click: Object: 'Object Repository/DispensaryToCms/Page_Dispensary Store/a_Sign out' is clicked on

2018-05-22 19:45:10 - [MESSAGE][PASSED] - Object: 'Object Repository/DispensaryToCms/Page_Dispensary Store/a_Sign out' is clicked on

2018-05-22 19:45:10 - [TEST_STEP][PASSED] - closeBrowser: Browser is closed

2018-05-22 19:45:10 - [MESSAGE][PASSED] - Browser is closed]]></system-out>
         <system-err><![CDATA[]]></system-err>
      </testcase>
      <testcase name="Test Cases/DISPENSARY TEST CASES/TC_DP_017 Verify Schedule 5 Dispensary To CMS Request Are Working Successfully Or Not" classname="Test Cases/DISPENSARY TEST CASES/TC_DP_017 Verify Schedule 5 Dispensary To CMS Request Are Working Successfully Or Not" status="ERROR">
         <error type="ERROR" message="Test Cases/DISPENSARY TEST CASES/TC_DP_017 Verify Schedule 5 Dispensary To CMS Request Are Working Successfully Or Not FAILED because (of) java.lang.NumberFormatException: For input string: &quot;&quot;"/>
         <system-out><![CDATA[2018-05-22 19:45:11 - [TEST_CASE][ERROR] - Test Cases/DISPENSARY TEST CASES/TC_DP_017 Verify Schedule 5 Dispensary To CMS Request Are Working Successfully Or Not: Test Cases/DISPENSARY TEST CASES/TC_DP_017 Verify Schedule 5 Dispensary To CMS Request Are Working Successfully Or Not FAILED because (of) java.lang.NumberFormatException: For input string: ""

2018-05-22 19:45:11 - [TEST_STEP][PASSED] - openBrowser: Browser is opened with url: ''

2018-05-22 19:45:13 - [MESSAGE][PASSED] - Browser is opened with url: ''

2018-05-22 19:45:13 - [TEST_STEP][PASSED] - navigateToUrl: Navigate to 'http://192.168.137.1/multihospital_new/HDSplashscreen.aspx' successfully

2018-05-22 19:45:17 - [MESSAGE][PASSED] - Navigate to 'http://192.168.137.1/multihospital_new/HDSplashscreen.aspx' successfully

2018-05-22 19:45:17 - [TEST_STEP][PASSED] - maximizeWindow: Current window maximized

2018-05-22 19:45:18 - [MESSAGE][PASSED] - Current window maximized

2018-05-22 19:45:18 - [TEST_STEP][PASSED] - click: Object: 'Object Repository/DispensaryToCms/Page_KDMC/a_Dispensary Store' is clicked on

2018-05-22 19:45:19 - [MESSAGE][PASSED] - Object: 'Object Repository/DispensaryToCms/Page_KDMC/a_Dispensary Store' is clicked on

2018-05-22 19:45:19 - [TEST_STEP][PASSED] - setText: Text 'rajaram' is set on object 'Object Repository/DispensaryToCms/Page_Dispensary Store Login/input_txtusername'

2018-05-22 19:45:19 - [MESSAGE][PASSED] - Text 'rajaram' is set on object 'Object Repository/DispensaryToCms/Page_Dispensary Store Login/input_txtusername'

2018-05-22 19:45:19 - [TEST_STEP][PASSED] - setText: Text '123' is set on object 'Object Repository/DispensaryToCms/Page_Dispensary Store Login/input_txtpassword'

2018-05-22 19:45:19 - [MESSAGE][PASSED] - Text '123' is set on object 'Object Repository/DispensaryToCms/Page_Dispensary Store Login/input_txtpassword'

2018-05-22 19:45:19 - [TEST_STEP][PASSED] - delay: Delayed 3 second(s)

2018-05-22 19:45:22 - [MESSAGE][PASSED] - Delayed 3 second(s)

2018-05-22 19:45:22 - [TEST_STEP][PASSED] - click: Object: 'Object Repository/DispensaryToCms/Page_Dispensary Store Login/button_Sign in' is clicked on

2018-05-22 19:45:23 - [MESSAGE][PASSED] - Object: 'Object Repository/DispensaryToCms/Page_Dispensary Store Login/button_Sign in' is clicked on

2018-05-22 19:45:23 - [TEST_STEP][PASSED] - delay: Delayed 3 second(s)

2018-05-22 19:45:26 - [MESSAGE][PASSED] - Delayed 3 second(s)

2018-05-22 19:45:26 - [TEST_STEP][PASSED] - click: Object: 'Object Repository/DispensaryToCms/Page_Dispensary Store/a_CMS' is clicked on

2018-05-22 19:45:27 - [MESSAGE][PASSED] - Object: 'Object Repository/DispensaryToCms/Page_Dispensary Store/a_CMS' is clicked on

2018-05-22 19:45:27 - [TEST_STEP][PASSED] - click: Object: 'Object Repository/DispensaryToCms/Page_Dispensary Store/a_Request Send' is clicked on

2018-05-22 19:45:27 - [MESSAGE][PASSED] - Object: 'Object Repository/DispensaryToCms/Page_Dispensary Store/a_Request Send' is clicked on

2018-05-22 19:45:27 - [TEST_STEP][PASSED] - delay: Delayed 2 second(s)

2018-05-22 19:45:29 - [MESSAGE][PASSED] - Delayed 2 second(s)

2018-05-22 19:45:29 - [TEST_STEP][PASSED] - selectOptionByIndex: All options with index in [2] are selected on object 'Object Repository/DispensaryToCms/Page_Dispensary Store/select_--Select--'

2018-05-22 19:45:30 - [MESSAGE][PASSED] - All options with index in [2] are selected on object 'Object Repository/DispensaryToCms/Page_Dispensary Store/select_--Select--'

2018-05-22 19:45:30 - [TEST_STEP][PASSED] - selectOptionByIndex: All options with index in [5] are selected on object 'Object Repository/DispensaryToCms/Page_Dispensary Store/select_--Select--Schedule 1Inj'

2018-05-22 19:45:30 - [MESSAGE][PASSED] - All options with index in [5] are selected on object 'Object Repository/DispensaryToCms/Page_Dispensary Store/select_--Select--Schedule 1Inj'

2018-05-22 19:45:30 - [TEST_STEP][PASSED] - Statement - medicineslength = com.kms.katalon.core.webui.keyword.WebUiBuiltInKeywords.getNumberOfTotalOption(com.kms.katalon.core.testobject.ObjectRepository.findTestObject(DispensaryToCms/Page_Dispensary Store/select_--Select--Adernaline 0.)): 17 options of object 'Object Repository/DispensaryToCms/Page_Dispensary Store/select_--Select--Adernaline 0.' counted

2018-05-22 19:45:30 - [MESSAGE][PASSED] - 17 options of object 'Object Repository/DispensaryToCms/Page_Dispensary Store/select_--Select--Adernaline 0.' counted

2018-05-22 19:45:30 - [TEST_STEP][PASSED] - Statement - For ([e = 1, e <= medicineslength - 1, (e++)]): Object: 'Object Repository/DispensaryToCms/Page_Dispensary Store/button_Add' is clicked on

2018-05-22 19:45:30 - [TEST_STEP][PASSED] - selectOptionByIndex: All options with index in [5] are selected on object 'Object Repository/DispensaryToCms/Page_Dispensary Store/select_--Select--Schedule 1Inj'

2018-05-22 19:45:32 - [MESSAGE][PASSED] - All options with index in [5] are selected on object 'Object Repository/DispensaryToCms/Page_Dispensary Store/select_--Select--Schedule 1Inj'

2018-05-22 19:45:32 - [TEST_STEP][PASSED] - selectOptionByIndex: All options with index in [1] are selected on object 'Object Repository/DispensaryToCms/Page_Dispensary Store/select_--Select--Adernaline 0.'

2018-05-22 19:45:32 - [MESSAGE][PASSED] - All options with index in [1] are selected on object 'Object Repository/DispensaryToCms/Page_Dispensary Store/select_--Select--Adernaline 0.'

2018-05-22 19:45:32 - [TEST_STEP][PASSED] - setText: Text '100' is set on object 'Object Repository/DispensaryToCms/Page_Dispensary Store/input_txttreat'

2018-05-22 19:45:32 - [MESSAGE][PASSED] - Text '100' is set on object 'Object Repository/DispensaryToCms/Page_Dispensary Store/input_txttreat'

2018-05-22 19:45:32 - [TEST_STEP][PASSED] - click: Object: 'Object Repository/DispensaryToCms/Page_Dispensary Store/button_Add' is clicked on

2018-05-22 19:45:32 - [MESSAGE][PASSED] - Object: 'Object Repository/DispensaryToCms/Page_Dispensary Store/button_Add' is clicked on

2018-05-22 19:45:32 - [TEST_STEP][PASSED] - selectOptionByIndex: All options with index in [5] are selected on object 'Object Repository/DispensaryToCms/Page_Dispensary Store/select_--Select--Schedule 1Inj'

2018-05-22 19:45:32 - [MESSAGE][PASSED] - All options with index in [5] are selected on object 'Object Repository/DispensaryToCms/Page_Dispensary Store/select_--Select--Schedule 1Inj'

2018-05-22 19:45:32 - [TEST_STEP][PASSED] - selectOptionByIndex: All options with index in [2] are selected on object 'Object Repository/DispensaryToCms/Page_Dispensary Store/select_--Select--Adernaline 0.'

2018-05-22 19:45:32 - [MESSAGE][PASSED] - All options with index in [2] are selected on object 'Object Repository/DispensaryToCms/Page_Dispensary Store/select_--Select--Adernaline 0.'

2018-05-22 19:45:32 - [TEST_STEP][PASSED] - setText: Text '100' is set on object 'Object Repository/DispensaryToCms/Page_Dispensary Store/input_txttreat'

2018-05-22 19:45:32 - [MESSAGE][PASSED] - Text '100' is set on object 'Object Repository/DispensaryToCms/Page_Dispensary Store/input_txttreat'

2018-05-22 19:45:32 - [TEST_STEP][PASSED] - click: Object: 'Object Repository/DispensaryToCms/Page_Dispensary Store/button_Add' is clicked on

2018-05-22 19:45:33 - [MESSAGE][PASSED] - Object: 'Object Repository/DispensaryToCms/Page_Dispensary Store/button_Add' is clicked on

2018-05-22 19:45:33 - [TEST_STEP][PASSED] - selectOptionByIndex: All options with index in [5] are selected on object 'Object Repository/DispensaryToCms/Page_Dispensary Store/select_--Select--Schedule 1Inj'

2018-05-22 19:45:33 - [MESSAGE][PASSED] - All options with index in [5] are selected on object 'Object Repository/DispensaryToCms/Page_Dispensary Store/select_--Select--Schedule 1Inj'

2018-05-22 19:45:33 - [TEST_STEP][PASSED] - selectOptionByIndex: All options with index in [3] are selected on object 'Object Repository/DispensaryToCms/Page_Dispensary Store/select_--Select--Adernaline 0.'

2018-05-22 19:45:33 - [MESSAGE][PASSED] - All options with index in [3] are selected on object 'Object Repository/DispensaryToCms/Page_Dispensary Store/select_--Select--Adernaline 0.'

2018-05-22 19:45:33 - [TEST_STEP][PASSED] - setText: Text '100' is set on object 'Object Repository/DispensaryToCms/Page_Dispensary Store/input_txttreat'

2018-05-22 19:45:33 - [MESSAGE][PASSED] - Text '100' is set on object 'Object Repository/DispensaryToCms/Page_Dispensary Store/input_txttreat'

2018-05-22 19:45:33 - [TEST_STEP][PASSED] - click: Object: 'Object Repository/DispensaryToCms/Page_Dispensary Store/button_Add' is clicked on

2018-05-22 19:45:33 - [MESSAGE][PASSED] - Object: 'Object Repository/DispensaryToCms/Page_Dispensary Store/button_Add' is clicked on

2018-05-22 19:45:33 - [TEST_STEP][PASSED] - selectOptionByIndex: All options with index in [5] are selected on object 'Object Repository/DispensaryToCms/Page_Dispensary Store/select_--Select--Schedule 1Inj'

2018-05-22 19:45:33 - [MESSAGE][PASSED] - All options with index in [5] are selected on object 'Object Repository/DispensaryToCms/Page_Dispensary Store/select_--Select--Schedule 1Inj'

2018-05-22 19:45:33 - [TEST_STEP][PASSED] - selectOptionByIndex: All options with index in [4] are selected on object 'Object Repository/DispensaryToCms/Page_Dispensary Store/select_--Select--Adernaline 0.'

2018-05-22 19:45:33 - [MESSAGE][PASSED] - All options with index in [4] are selected on object 'Object Repository/DispensaryToCms/Page_Dispensary Store/select_--Select--Adernaline 0.'

2018-05-22 19:45:33 - [TEST_STEP][PASSED] - setText: Text '100' is set on object 'Object Repository/DispensaryToCms/Page_Dispensary Store/input_txttreat'

2018-05-22 19:45:34 - [MESSAGE][PASSED] - Text '100' is set on object 'Object Repository/DispensaryToCms/Page_Dispensary Store/input_txttreat'

2018-05-22 19:45:34 - [TEST_STEP][PASSED] - click: Object: 'Object Repository/DispensaryToCms/Page_Dispensary Store/button_Add' is clicked on

2018-05-22 19:45:34 - [MESSAGE][PASSED] - Object: 'Object Repository/DispensaryToCms/Page_Dispensary Store/button_Add' is clicked on

2018-05-22 19:45:34 - [TEST_STEP][PASSED] - selectOptionByIndex: All options with index in [5] are selected on object 'Object Repository/DispensaryToCms/Page_Dispensary Store/select_--Select--Schedule 1Inj'

2018-05-22 19:45:34 - [MESSAGE][PASSED] - All options with index in [5] are selected on object 'Object Repository/DispensaryToCms/Page_Dispensary Store/select_--Select--Schedule 1Inj'

2018-05-22 19:45:34 - [TEST_STEP][PASSED] - selectOptionByIndex: All options with index in [5] are selected on object 'Object Repository/DispensaryToCms/Page_Dispensary Store/select_--Select--Adernaline 0.'

2018-05-22 19:45:34 - [MESSAGE][PASSED] - All options with index in [5] are selected on object 'Object Repository/DispensaryToCms/Page_Dispensary Store/select_--Select--Adernaline 0.'

2018-05-22 19:45:34 - [TEST_STEP][PASSED] - setText: Text '100' is set on object 'Object Repository/DispensaryToCms/Page_Dispensary Store/input_txttreat'

2018-05-22 19:45:34 - [MESSAGE][PASSED] - Text '100' is set on object 'Object Repository/DispensaryToCms/Page_Dispensary Store/input_txttreat'

2018-05-22 19:45:34 - [TEST_STEP][PASSED] - click: Object: 'Object Repository/DispensaryToCms/Page_Dispensary Store/button_Add' is clicked on

2018-05-22 19:45:34 - [MESSAGE][PASSED] - Object: 'Object Repository/DispensaryToCms/Page_Dispensary Store/button_Add' is clicked on

2018-05-22 19:45:34 - [TEST_STEP][PASSED] - selectOptionByIndex: All options with index in [5] are selected on object 'Object Repository/DispensaryToCms/Page_Dispensary Store/select_--Select--Schedule 1Inj'

2018-05-22 19:45:34 - [MESSAGE][PASSED] - All options with index in [5] are selected on object 'Object Repository/DispensaryToCms/Page_Dispensary Store/select_--Select--Schedule 1Inj'

2018-05-22 19:45:34 - [TEST_STEP][PASSED] - selectOptionByIndex: All options with index in [6] are selected on object 'Object Repository/DispensaryToCms/Page_Dispensary Store/select_--Select--Adernaline 0.'

2018-05-22 19:45:34 - [MESSAGE][PASSED] - All options with index in [6] are selected on object 'Object Repository/DispensaryToCms/Page_Dispensary Store/select_--Select--Adernaline 0.'

2018-05-22 19:45:34 - [TEST_STEP][PASSED] - setText: Text '100' is set on object 'Object Repository/DispensaryToCms/Page_Dispensary Store/input_txttreat'

2018-05-22 19:45:35 - [MESSAGE][PASSED] - Text '100' is set on object 'Object Repository/DispensaryToCms/Page_Dispensary Store/input_txttreat'

2018-05-22 19:45:35 - [TEST_STEP][PASSED] - click: Object: 'Object Repository/DispensaryToCms/Page_Dispensary Store/button_Add' is clicked on

2018-05-22 19:45:35 - [MESSAGE][PASSED] - Object: 'Object Repository/DispensaryToCms/Page_Dispensary Store/button_Add' is clicked on

2018-05-22 19:45:35 - [TEST_STEP][PASSED] - selectOptionByIndex: All options with index in [5] are selected on object 'Object Repository/DispensaryToCms/Page_Dispensary Store/select_--Select--Schedule 1Inj'

2018-05-22 19:45:35 - [MESSAGE][PASSED] - All options with index in [5] are selected on object 'Object Repository/DispensaryToCms/Page_Dispensary Store/select_--Select--Schedule 1Inj'

2018-05-22 19:45:35 - [TEST_STEP][PASSED] - selectOptionByIndex: All options with index in [7] are selected on object 'Object Repository/DispensaryToCms/Page_Dispensary Store/select_--Select--Adernaline 0.'

2018-05-22 19:45:35 - [MESSAGE][PASSED] - All options with index in [7] are selected on object 'Object Repository/DispensaryToCms/Page_Dispensary Store/select_--Select--Adernaline 0.'

2018-05-22 19:45:35 - [TEST_STEP][PASSED] - setText: Text '100' is set on object 'Object Repository/DispensaryToCms/Page_Dispensary Store/input_txttreat'

2018-05-22 19:45:35 - [MESSAGE][PASSED] - Text '100' is set on object 'Object Repository/DispensaryToCms/Page_Dispensary Store/input_txttreat'

2018-05-22 19:45:35 - [TEST_STEP][PASSED] - click: Object: 'Object Repository/DispensaryToCms/Page_Dispensary Store/button_Add' is clicked on

2018-05-22 19:45:35 - [MESSAGE][PASSED] - Object: 'Object Repository/DispensaryToCms/Page_Dispensary Store/button_Add' is clicked on

2018-05-22 19:45:35 - [TEST_STEP][PASSED] - selectOptionByIndex: All options with index in [5] are selected on object 'Object Repository/DispensaryToCms/Page_Dispensary Store/select_--Select--Schedule 1Inj'

2018-05-22 19:45:35 - [MESSAGE][PASSED] - All options with index in [5] are selected on object 'Object Repository/DispensaryToCms/Page_Dispensary Store/select_--Select--Schedule 1Inj'

2018-05-22 19:45:35 - [TEST_STEP][PASSED] - selectOptionByIndex: All options with index in [8] are selected on object 'Object Repository/DispensaryToCms/Page_Dispensary Store/select_--Select--Adernaline 0.'

2018-05-22 19:45:36 - [MESSAGE][PASSED] - All options with index in [8] are selected on object 'Object Repository/DispensaryToCms/Page_Dispensary Store/select_--Select--Adernaline 0.'

2018-05-22 19:45:36 - [TEST_STEP][PASSED] - setText: Text '100' is set on object 'Object Repository/DispensaryToCms/Page_Dispensary Store/input_txttreat'

2018-05-22 19:45:36 - [MESSAGE][PASSED] - Text '100' is set on object 'Object Repository/DispensaryToCms/Page_Dispensary Store/input_txttreat'

2018-05-22 19:45:36 - [TEST_STEP][PASSED] - click: Object: 'Object Repository/DispensaryToCms/Page_Dispensary Store/button_Add' is clicked on

2018-05-22 19:45:36 - [MESSAGE][PASSED] - Object: 'Object Repository/DispensaryToCms/Page_Dispensary Store/button_Add' is clicked on

2018-05-22 19:45:36 - [TEST_STEP][PASSED] - selectOptionByIndex: All options with index in [5] are selected on object 'Object Repository/DispensaryToCms/Page_Dispensary Store/select_--Select--Schedule 1Inj'

2018-05-22 19:45:36 - [MESSAGE][PASSED] - All options with index in [5] are selected on object 'Object Repository/DispensaryToCms/Page_Dispensary Store/select_--Select--Schedule 1Inj'

2018-05-22 19:45:36 - [TEST_STEP][PASSED] - selectOptionByIndex: All options with index in [9] are selected on object 'Object Repository/DispensaryToCms/Page_Dispensary Store/select_--Select--Adernaline 0.'

2018-05-22 19:45:36 - [MESSAGE][PASSED] - All options with index in [9] are selected on object 'Object Repository/DispensaryToCms/Page_Dispensary Store/select_--Select--Adernaline 0.'

2018-05-22 19:45:36 - [TEST_STEP][PASSED] - setText: Text '100' is set on object 'Object Repository/DispensaryToCms/Page_Dispensary Store/input_txttreat'

2018-05-22 19:45:36 - [MESSAGE][PASSED] - Text '100' is set on object 'Object Repository/DispensaryToCms/Page_Dispensary Store/input_txttreat'

2018-05-22 19:45:36 - [TEST_STEP][PASSED] - click: Object: 'Object Repository/DispensaryToCms/Page_Dispensary Store/button_Add' is clicked on

2018-05-22 19:45:36 - [MESSAGE][PASSED] - Object: 'Object Repository/DispensaryToCms/Page_Dispensary Store/button_Add' is clicked on

2018-05-22 19:45:36 - [TEST_STEP][PASSED] - selectOptionByIndex: All options with index in [5] are selected on object 'Object Repository/DispensaryToCms/Page_Dispensary Store/select_--Select--Schedule 1Inj'

2018-05-22 19:45:36 - [MESSAGE][PASSED] - All options with index in [5] are selected on object 'Object Repository/DispensaryToCms/Page_Dispensary Store/select_--Select--Schedule 1Inj'

2018-05-22 19:45:36 - [TEST_STEP][PASSED] - selectOptionByIndex: All options with index in [10] are selected on object 'Object Repository/DispensaryToCms/Page_Dispensary Store/select_--Select--Adernaline 0.'

2018-05-22 19:45:37 - [MESSAGE][PASSED] - All options with index in [10] are selected on object 'Object Repository/DispensaryToCms/Page_Dispensary Store/select_--Select--Adernaline 0.'

2018-05-22 19:45:37 - [TEST_STEP][PASSED] - setText: Text '100' is set on object 'Object Repository/DispensaryToCms/Page_Dispensary Store/input_txttreat'

2018-05-22 19:45:37 - [MESSAGE][PASSED] - Text '100' is set on object 'Object Repository/DispensaryToCms/Page_Dispensary Store/input_txttreat'

2018-05-22 19:45:37 - [TEST_STEP][PASSED] - click: Object: 'Object Repository/DispensaryToCms/Page_Dispensary Store/button_Add' is clicked on

2018-05-22 19:45:37 - [MESSAGE][PASSED] - Object: 'Object Repository/DispensaryToCms/Page_Dispensary Store/button_Add' is clicked on

2018-05-22 19:45:37 - [TEST_STEP][PASSED] - selectOptionByIndex: All options with index in [5] are selected on object 'Object Repository/DispensaryToCms/Page_Dispensary Store/select_--Select--Schedule 1Inj'

2018-05-22 19:45:37 - [MESSAGE][PASSED] - All options with index in [5] are selected on object 'Object Repository/DispensaryToCms/Page_Dispensary Store/select_--Select--Schedule 1Inj'

2018-05-22 19:45:37 - [TEST_STEP][PASSED] - selectOptionByIndex: All options with index in [11] are selected on object 'Object Repository/DispensaryToCms/Page_Dispensary Store/select_--Select--Adernaline 0.'

2018-05-22 19:45:37 - [MESSAGE][PASSED] - All options with index in [11] are selected on object 'Object Repository/DispensaryToCms/Page_Dispensary Store/select_--Select--Adernaline 0.'

2018-05-22 19:45:37 - [TEST_STEP][PASSED] - setText: Text '100' is set on object 'Object Repository/DispensaryToCms/Page_Dispensary Store/input_txttreat'

2018-05-22 19:45:37 - [MESSAGE][PASSED] - Text '100' is set on object 'Object Repository/DispensaryToCms/Page_Dispensary Store/input_txttreat'

2018-05-22 19:45:37 - [TEST_STEP][PASSED] - click: Object: 'Object Repository/DispensaryToCms/Page_Dispensary Store/button_Add' is clicked on

2018-05-22 19:45:37 - [MESSAGE][PASSED] - Object: 'Object Repository/DispensaryToCms/Page_Dispensary Store/button_Add' is clicked on

2018-05-22 19:45:37 - [TEST_STEP][PASSED] - selectOptionByIndex: All options with index in [5] are selected on object 'Object Repository/DispensaryToCms/Page_Dispensary Store/select_--Select--Schedule 1Inj'

2018-05-22 19:45:37 - [MESSAGE][PASSED] - All options with index in [5] are selected on object 'Object Repository/DispensaryToCms/Page_Dispensary Store/select_--Select--Schedule 1Inj'

2018-05-22 19:45:37 - [TEST_STEP][PASSED] - selectOptionByIndex: All options with index in [12] are selected on object 'Object Repository/DispensaryToCms/Page_Dispensary Store/select_--Select--Adernaline 0.'

2018-05-22 19:45:38 - [MESSAGE][PASSED] - All options with index in [12] are selected on object 'Object Repository/DispensaryToCms/Page_Dispensary Store/select_--Select--Adernaline 0.'

2018-05-22 19:45:38 - [TEST_STEP][PASSED] - setText: Text '100' is set on object 'Object Repository/DispensaryToCms/Page_Dispensary Store/input_txttreat'

2018-05-22 19:45:38 - [MESSAGE][PASSED] - Text '100' is set on object 'Object Repository/DispensaryToCms/Page_Dispensary Store/input_txttreat'

2018-05-22 19:45:38 - [TEST_STEP][PASSED] - click: Object: 'Object Repository/DispensaryToCms/Page_Dispensary Store/button_Add' is clicked on

2018-05-22 19:45:38 - [MESSAGE][PASSED] - Object: 'Object Repository/DispensaryToCms/Page_Dispensary Store/button_Add' is clicked on

2018-05-22 19:45:38 - [TEST_STEP][PASSED] - selectOptionByIndex: All options with index in [5] are selected on object 'Object Repository/DispensaryToCms/Page_Dispensary Store/select_--Select--Schedule 1Inj'

2018-05-22 19:45:38 - [MESSAGE][PASSED] - All options with index in [5] are selected on object 'Object Repository/DispensaryToCms/Page_Dispensary Store/select_--Select--Schedule 1Inj'

2018-05-22 19:45:38 - [TEST_STEP][PASSED] - selectOptionByIndex: All options with index in [13] are selected on object 'Object Repository/DispensaryToCms/Page_Dispensary Store/select_--Select--Adernaline 0.'

2018-05-22 19:45:38 - [MESSAGE][PASSED] - All options with index in [13] are selected on object 'Object Repository/DispensaryToCms/Page_Dispensary Store/select_--Select--Adernaline 0.'

2018-05-22 19:45:38 - [TEST_STEP][PASSED] - setText: Text '100' is set on object 'Object Repository/DispensaryToCms/Page_Dispensary Store/input_txttreat'

2018-05-22 19:45:38 - [MESSAGE][PASSED] - Text '100' is set on object 'Object Repository/DispensaryToCms/Page_Dispensary Store/input_txttreat'

2018-05-22 19:45:38 - [TEST_STEP][PASSED] - click: Object: 'Object Repository/DispensaryToCms/Page_Dispensary Store/button_Add' is clicked on

2018-05-22 19:45:38 - [MESSAGE][PASSED] - Object: 'Object Repository/DispensaryToCms/Page_Dispensary Store/button_Add' is clicked on

2018-05-22 19:45:38 - [TEST_STEP][PASSED] - selectOptionByIndex: All options with index in [5] are selected on object 'Object Repository/DispensaryToCms/Page_Dispensary Store/select_--Select--Schedule 1Inj'

2018-05-22 19:45:39 - [MESSAGE][PASSED] - All options with index in [5] are selected on object 'Object Repository/DispensaryToCms/Page_Dispensary Store/select_--Select--Schedule 1Inj'

2018-05-22 19:45:39 - [TEST_STEP][PASSED] - selectOptionByIndex: All options with index in [14] are selected on object 'Object Repository/DispensaryToCms/Page_Dispensary Store/select_--Select--Adernaline 0.'

2018-05-22 19:45:39 - [MESSAGE][PASSED] - All options with index in [14] are selected on object 'Object Repository/DispensaryToCms/Page_Dispensary Store/select_--Select--Adernaline 0.'

2018-05-22 19:45:39 - [TEST_STEP][PASSED] - setText: Text '100' is set on object 'Object Repository/DispensaryToCms/Page_Dispensary Store/input_txttreat'

2018-05-22 19:45:39 - [MESSAGE][PASSED] - Text '100' is set on object 'Object Repository/DispensaryToCms/Page_Dispensary Store/input_txttreat'

2018-05-22 19:45:39 - [TEST_STEP][PASSED] - click: Object: 'Object Repository/DispensaryToCms/Page_Dispensary Store/button_Add' is clicked on

2018-05-22 19:45:39 - [MESSAGE][PASSED] - Object: 'Object Repository/DispensaryToCms/Page_Dispensary Store/button_Add' is clicked on

2018-05-22 19:45:39 - [TEST_STEP][PASSED] - selectOptionByIndex: All options with index in [5] are selected on object 'Object Repository/DispensaryToCms/Page_Dispensary Store/select_--Select--Schedule 1Inj'

2018-05-22 19:45:39 - [MESSAGE][PASSED] - All options with index in [5] are selected on object 'Object Repository/DispensaryToCms/Page_Dispensary Store/select_--Select--Schedule 1Inj'

2018-05-22 19:45:39 - [TEST_STEP][PASSED] - selectOptionByIndex: All options with index in [15] are selected on object 'Object Repository/DispensaryToCms/Page_Dispensary Store/select_--Select--Adernaline 0.'

2018-05-22 19:45:39 - [MESSAGE][PASSED] - All options with index in [15] are selected on object 'Object Repository/DispensaryToCms/Page_Dispensary Store/select_--Select--Adernaline 0.'

2018-05-22 19:45:39 - [TEST_STEP][PASSED] - setText: Text '100' is set on object 'Object Repository/DispensaryToCms/Page_Dispensary Store/input_txttreat'

2018-05-22 19:45:40 - [MESSAGE][PASSED] - Text '100' is set on object 'Object Repository/DispensaryToCms/Page_Dispensary Store/input_txttreat'

2018-05-22 19:45:40 - [TEST_STEP][PASSED] - click: Object: 'Object Repository/DispensaryToCms/Page_Dispensary Store/button_Add' is clicked on

2018-05-22 19:45:40 - [MESSAGE][PASSED] - Object: 'Object Repository/DispensaryToCms/Page_Dispensary Store/button_Add' is clicked on

2018-05-22 19:45:40 - [TEST_STEP][PASSED] - selectOptionByIndex: All options with index in [5] are selected on object 'Object Repository/DispensaryToCms/Page_Dispensary Store/select_--Select--Schedule 1Inj'

2018-05-22 19:45:40 - [MESSAGE][PASSED] - All options with index in [5] are selected on object 'Object Repository/DispensaryToCms/Page_Dispensary Store/select_--Select--Schedule 1Inj'

2018-05-22 19:45:40 - [TEST_STEP][PASSED] - selectOptionByIndex: All options with index in [16] are selected on object 'Object Repository/DispensaryToCms/Page_Dispensary Store/select_--Select--Adernaline 0.'

2018-05-22 19:45:40 - [MESSAGE][PASSED] - All options with index in [16] are selected on object 'Object Repository/DispensaryToCms/Page_Dispensary Store/select_--Select--Adernaline 0.'

2018-05-22 19:45:40 - [TEST_STEP][PASSED] - setText: Text '100' is set on object 'Object Repository/DispensaryToCms/Page_Dispensary Store/input_txttreat'

2018-05-22 19:45:40 - [MESSAGE][PASSED] - Text '100' is set on object 'Object Repository/DispensaryToCms/Page_Dispensary Store/input_txttreat'

2018-05-22 19:45:40 - [TEST_STEP][PASSED] - click: Object: 'Object Repository/DispensaryToCms/Page_Dispensary Store/button_Add' is clicked on

2018-05-22 19:45:40 - [MESSAGE][PASSED] - Object: 'Object Repository/DispensaryToCms/Page_Dispensary Store/button_Add' is clicked on

2018-05-22 19:45:40 - [TEST_STEP][PASSED] - scrollToElement: Scroll to object 'Object Repository/DispensaryToCms/Page_Dispensary Store/input_btnsave' successfully

2018-05-22 19:45:40 - [MESSAGE][PASSED] - Scroll to object 'Object Repository/DispensaryToCms/Page_Dispensary Store/input_btnsave' successfully

2018-05-22 19:45:40 - [TEST_STEP][PASSED] - click: Object: 'Object Repository/DispensaryToCms/Page_Dispensary Store/input_btnsave' is clicked on

2018-05-22 19:45:40 - [MESSAGE][PASSED] - Object: 'Object Repository/DispensaryToCms/Page_Dispensary Store/input_btnsave' is clicked on

2018-05-22 19:45:40 - [TEST_STEP][PASSED] - delay: Delayed 3 second(s)

2018-05-22 19:45:43 - [MESSAGE][PASSED] - Delayed 3 second(s)

2018-05-22 19:45:43 - [TEST_STEP][PASSED] - Statement - RN1 = com.kms.katalon.core.webui.keyword.WebUiBuiltInKeywords.getText(com.kms.katalon.core.testobject.ObjectRepository.findTestObject(DispensaryToCms/Page_Dispensary Store/font_PRNO18052018174)): Text of object 'Object Repository/DispensaryToCms/Page_Dispensary Store/font_PRNO18052018174' is: 'PRNO/22052018/344'

2018-05-22 19:45:43 - [MESSAGE][PASSED] - Text of object 'Object Repository/DispensaryToCms/Page_Dispensary Store/font_PRNO18052018174' is: 'PRNO/22052018/344'

2018-05-22 19:45:43 - [TEST_STEP][PASSED] - Statement - out.println(RN1): null

2018-05-22 19:45:43 - [TEST_STEP][PASSED] - Statement - RID = RN1.split("/")[2]: null

2018-05-22 19:45:43 - [TEST_STEP][PASSED] - click: Object: 'Object Repository/DispensaryToCms/Page_Dispensary Store/button_OK' is clicked on

2018-05-22 19:45:44 - [MESSAGE][PASSED] - Object: 'Object Repository/DispensaryToCms/Page_Dispensary Store/button_OK' is clicked on

2018-05-22 19:45:44 - [TEST_STEP][PASSED] - delay: Delayed 3 second(s)

2018-05-22 19:45:47 - [MESSAGE][PASSED] - Delayed 3 second(s)

2018-05-22 19:45:47 - [TEST_STEP][PASSED] - click: Object: 'Object Repository/DispensaryToCms/Page_Dispensary Store/a_dropdown-toggle' is clicked on

2018-05-22 19:45:47 - [MESSAGE][PASSED] - Object: 'Object Repository/DispensaryToCms/Page_Dispensary Store/a_dropdown-toggle' is clicked on

2018-05-22 19:45:47 - [TEST_STEP][PASSED] - click: Object: 'Object Repository/DispensaryToCms/Page_Dispensary Store/a_Sign out' is clicked on

2018-05-22 19:45:48 - [MESSAGE][PASSED] - Object: 'Object Repository/DispensaryToCms/Page_Dispensary Store/a_Sign out' is clicked on

2018-05-22 19:45:48 - [TEST_STEP][PASSED] - delay: Delayed 3 second(s)

2018-05-22 19:45:51 - [MESSAGE][PASSED] - Delayed 3 second(s)

2018-05-22 19:45:51 - [TEST_STEP][PASSED] - navigateToUrl: Navigate to 'http://192.168.137.1/multihospital_new/' successfully

2018-05-22 19:45:51 - [MESSAGE][PASSED] - Navigate to 'http://192.168.137.1/multihospital_new/' successfully

2018-05-22 19:45:51 - [TEST_STEP][PASSED] - click: Object: 'Object Repository/DispensaryToCms/Page_KDMC/a_CMO' is clicked on

2018-05-22 19:45:52 - [MESSAGE][PASSED] - Object: 'Object Repository/DispensaryToCms/Page_KDMC/a_CMO' is clicked on

2018-05-22 19:45:52 - [TEST_STEP][PASSED] - setText: Text 'guru' is set on object 'Object Repository/DispensaryToCms/Page_CMO login/input_txtusername'

2018-05-22 19:45:52 - [MESSAGE][PASSED] - Text 'guru' is set on object 'Object Repository/DispensaryToCms/Page_CMO login/input_txtusername'

2018-05-22 19:45:52 - [TEST_STEP][PASSED] - setText: Text '123' is set on object 'Object Repository/DispensaryToCms/Page_CMO login/input_txtpassword'

2018-05-22 19:45:52 - [MESSAGE][PASSED] - Text '123' is set on object 'Object Repository/DispensaryToCms/Page_CMO login/input_txtpassword'

2018-05-22 19:45:52 - [TEST_STEP][PASSED] - delay: Delayed 3 second(s)

2018-05-22 19:45:55 - [MESSAGE][PASSED] - Delayed 3 second(s)

2018-05-22 19:45:55 - [TEST_STEP][PASSED] - click: Object: 'Object Repository/DispensaryToCms/Page_CMO login/button_Sign in' is clicked on

2018-05-22 19:45:57 - [MESSAGE][PASSED] - Object: 'Object Repository/DispensaryToCms/Page_CMO login/button_Sign in' is clicked on

2018-05-22 19:45:57 - [TEST_STEP][PASSED] - delay: Delayed 3 second(s)

2018-05-22 19:46:00 - [MESSAGE][PASSED] - Delayed 3 second(s)

2018-05-22 19:46:00 - [TEST_STEP][PASSED] - click: Object: 'Object Repository/DispensaryToCms/Page_KDMC - CMO/a_CMS Request' is clicked on

2018-05-22 19:46:00 - [MESSAGE][PASSED] - Object: 'Object Repository/DispensaryToCms/Page_KDMC - CMO/a_CMS Request' is clicked on

2018-05-22 19:46:00 - [TEST_STEP][PASSED] - delay: Delayed 2 second(s)

2018-05-22 19:46:02 - [MESSAGE][PASSED] - Delayed 2 second(s)

2018-05-22 19:46:02 - [TEST_STEP][PASSED] - click: Object: 'Object Repository/DispensaryToCms/Page_KDMC - CMO/a_Dispensary Store Request' is clicked on

2018-05-22 19:46:03 - [MESSAGE][PASSED] - Object: 'Object Repository/DispensaryToCms/Page_KDMC - CMO/a_Dispensary Store Request' is clicked on

2018-05-22 19:46:03 - [TEST_STEP][PASSED] - selectOptionByIndex: All options with index in [1] are selected on object 'Object Repository/DispensaryToCms/Page_KDMC - CMO/select_--ALL--'

2018-05-22 19:46:03 - [MESSAGE][PASSED] - All options with index in [1] are selected on object 'Object Repository/DispensaryToCms/Page_KDMC - CMO/select_--ALL--'

2018-05-22 19:46:03 - [TEST_STEP][PASSED] - click: Object: 'Object Repository/DispensaryToCms/Page_KDMC - CMO/input_btnsearch' is clicked on

2018-05-22 19:46:03 - [MESSAGE][PASSED] - Object: 'Object Repository/DispensaryToCms/Page_KDMC - CMO/input_btnsearch' is clicked on

2018-05-22 19:46:03 - [TEST_STEP][PASSED] - Statement - ID = com.kms.katalon.core.webui.keyword.WebUiBuiltInKeywords.modifyObjectProperty(com.kms.katalon.core.testobject.ObjectRepository.findTestObject(lab/Page_KDMC - CMO/input_1), "xpath", "equals", "//*[@id=" + RID + "]", true): Modify property of object successfully

2018-05-22 19:46:03 - [MESSAGE][PASSED] - Modify property of object successfully

2018-05-22 19:46:03 - [TEST_STEP][PASSED] - click: Object: 'Object Repository/lab/Page_KDMC - CMO/input_1' is clicked on

2018-05-22 19:46:04 - [MESSAGE][PASSED] - Object: 'Object Repository/lab/Page_KDMC - CMO/input_1' is clicked on

2018-05-22 19:46:04 - [TEST_STEP][PASSED] - delay: Delayed 2 second(s)

2018-05-22 19:46:06 - [MESSAGE][PASSED] - Delayed 2 second(s)

2018-05-22 19:46:06 - [TEST_STEP][PASSED] - selectOptionByIndex: All options with index in [1] are selected on object 'Object Repository/DispensaryToCms/Page_KDMC - CMO/select_--Select--'

2018-05-22 19:46:06 - [MESSAGE][PASSED] - All options with index in [1] are selected on object 'Object Repository/DispensaryToCms/Page_KDMC - CMO/select_--Select--'

2018-05-22 19:46:06 - [TEST_STEP][PASSED] - click: Object: 'Object Repository/DispensaryToCms/Page_KDMC - CMO/input_btnupdate' is clicked on

2018-05-22 19:46:06 - [MESSAGE][PASSED] - Object: 'Object Repository/DispensaryToCms/Page_KDMC - CMO/input_btnupdate' is clicked on

2018-05-22 19:46:06 - [TEST_STEP][PASSED] - delay: Delayed 2 second(s)

2018-05-22 19:46:08 - [MESSAGE][PASSED] - Delayed 2 second(s)

2018-05-22 19:46:08 - [TEST_STEP][PASSED] - click: Object: 'Object Repository/DispensaryToCms/Page_KDMC - CMO/button_OK' is clicked on

2018-05-22 19:46:09 - [MESSAGE][PASSED] - Object: 'Object Repository/DispensaryToCms/Page_KDMC - CMO/button_OK' is clicked on

2018-05-22 19:46:09 - [TEST_STEP][PASSED] - delay: Delayed 3 second(s)

2018-05-22 19:46:12 - [MESSAGE][PASSED] - Delayed 3 second(s)

2018-05-22 19:46:12 - [TEST_STEP][PASSED] - click: Object: 'Object Repository/DispensaryToCms/Page_KDMC - CMO/a_dropdown-toggle' is clicked on

2018-05-22 19:46:12 - [MESSAGE][PASSED] - Object: 'Object Repository/DispensaryToCms/Page_KDMC - CMO/a_dropdown-toggle' is clicked on

2018-05-22 19:46:12 - [TEST_STEP][PASSED] - click: Object: 'Object Repository/DispensaryToCms/Page_KDMC - CMO/a_Sign out' is clicked on

2018-05-22 19:46:13 - [MESSAGE][PASSED] - Object: 'Object Repository/DispensaryToCms/Page_KDMC - CMO/a_Sign out' is clicked on

2018-05-22 19:46:13 - [TEST_STEP][PASSED] - delay: Delayed 3 second(s)

2018-05-22 19:46:16 - [MESSAGE][PASSED] - Delayed 3 second(s)

2018-05-22 19:46:16 - [TEST_STEP][PASSED] - click: Object: 'Object Repository/DispensaryToCms/Page_KDMC/a_CMS' is clicked on

2018-05-22 19:46:17 - [MESSAGE][PASSED] - Object: 'Object Repository/DispensaryToCms/Page_KDMC/a_CMS' is clicked on

2018-05-22 19:46:17 - [TEST_STEP][PASSED] - setText: Text 'bala' is set on object 'Object Repository/DispensaryToCms/Page_CMS login/input_txtusername'

2018-05-22 19:46:17 - [MESSAGE][PASSED] - Text 'bala' is set on object 'Object Repository/DispensaryToCms/Page_CMS login/input_txtusername'

2018-05-22 19:46:17 - [TEST_STEP][PASSED] - setText: Text '123' is set on object 'Object Repository/DispensaryToCms/Page_CMS login/input_txtpassword'

2018-05-22 19:46:17 - [MESSAGE][PASSED] - Text '123' is set on object 'Object Repository/DispensaryToCms/Page_CMS login/input_txtpassword'

2018-05-22 19:46:17 - [TEST_STEP][PASSED] - delay: Delayed 3 second(s)

2018-05-22 19:46:20 - [MESSAGE][PASSED] - Delayed 3 second(s)

2018-05-22 19:46:20 - [TEST_STEP][PASSED] - click: Object: 'Object Repository/DispensaryToCms/Page_CMS login/button_Sign in' is clicked on

2018-05-22 19:46:20 - [MESSAGE][PASSED] - Object: 'Object Repository/DispensaryToCms/Page_CMS login/button_Sign in' is clicked on

2018-05-22 19:46:20 - [TEST_STEP][PASSED] - delay: Delayed 3 second(s)

2018-05-22 19:46:23 - [MESSAGE][PASSED] - Delayed 3 second(s)

2018-05-22 19:46:23 - [TEST_STEP][PASSED] - click: Object: 'Object Repository/DispensaryToCms/Page_KDMC - CMS/a_Divisional Store' is clicked on

2018-05-22 19:46:24 - [MESSAGE][PASSED] - Object: 'Object Repository/DispensaryToCms/Page_KDMC - CMS/a_Divisional Store' is clicked on

2018-05-22 19:46:24 - [TEST_STEP][PASSED] - delay: Delayed 2 second(s)

2018-05-22 19:46:26 - [MESSAGE][PASSED] - Delayed 2 second(s)

2018-05-22 19:46:26 - [TEST_STEP][PASSED] - click: Object: 'Object Repository/DispensaryToCms/Page_KDMC - CMS/a_Dispatch Items' is clicked on

2018-05-22 19:46:28 - [MESSAGE][PASSED] - Object: 'Object Repository/DispensaryToCms/Page_KDMC - CMS/a_Dispatch Items' is clicked on

2018-05-22 19:46:28 - [TEST_STEP][PASSED] - delay: Delayed 2 second(s)

2018-05-22 19:46:30 - [MESSAGE][PASSED] - Delayed 2 second(s)

2018-05-22 19:46:30 - [TEST_STEP][PASSED] - setText: Text 'PRNO/22052018/344' is set on object 'Object Repository/DispensaryToCms/Page_KDMC - CMS/input'

2018-05-22 19:46:30 - [MESSAGE][PASSED] - Text 'PRNO/22052018/344' is set on object 'Object Repository/DispensaryToCms/Page_KDMC - CMS/input'

2018-05-22 19:46:30 - [TEST_STEP][PASSED] - click: Object: 'Object Repository/DispensaryToCms/Page_KDMC - CMS/input_PRNO18052018174' is clicked on

2018-05-22 19:46:30 - [MESSAGE][PASSED] - Object: 'Object Repository/DispensaryToCms/Page_KDMC - CMS/input_PRNO18052018174' is clicked on

2018-05-22 19:46:30 - [TEST_STEP][PASSED] - Statement - out.println("Length : " + medicineslength): null

2018-05-22 19:46:30 - [TEST_STEP][PASSED] - Statement - For ([row = 0, row < medicineslength - 1, (row++)]): null

2018-05-22 19:46:30 - [TEST_STEP][PASSED] - Statement - batchlength = new com.kms.katalon.core.testobject.TestObject(): null

2018-05-22 19:46:30 - [TEST_STEP][PASSED] - Statement - batchlength = com.kms.katalon.core.webui.keyword.WebUiBuiltInKeywords.modifyObjectProperty(batchlength, "xpath", "equals", "//*[@id = "fldvendor" + row + ""]", true): Modify property of object successfully

2018-05-22 19:46:30 - [MESSAGE][PASSED] - Modify property of object successfully

2018-05-22 19:46:30 - [TEST_STEP][PASSED] - Statement - batchsize = com.kms.katalon.core.webui.keyword.WebUiBuiltInKeywords.getNumberOfTotalOption(batchlength): 8 options of object '' counted

2018-05-22 19:46:31 - [MESSAGE][PASSED] - 8 options of object '' counted

2018-05-22 19:46:31 - [TEST_STEP][PASSED] - Statement - out.println("BatchSize : " + batchsize): null

2018-05-22 19:46:31 - [TEST_STEP][PASSED] - Statement - For ([n = 1, n <= batchsize - 1, (n++)]): null

2018-05-22 19:46:31 - [TEST_STEP][PASSED] - Statement - product = new com.kms.katalon.core.testobject.TestObject(): null

2018-05-22 19:46:31 - [TEST_STEP][PASSED] - Statement - product = com.kms.katalon.core.webui.keyword.WebUiBuiltInKeywords.modifyObjectProperty(product, "xpath", "equals", "//*[@id = "fldvendor" + row + ""]", true): Modify property of object successfully

2018-05-22 19:46:31 - [MESSAGE][PASSED] - Modify property of object successfully

2018-05-22 19:46:31 - [TEST_STEP][PASSED] - selectOptionByIndex: All options with index in [1] are selected on object ''

2018-05-22 19:46:31 - [MESSAGE][PASSED] - All options with index in [1] are selected on object ''

2018-05-22 19:46:31 - [TEST_STEP][PASSED] - Statement - batch = new com.kms.katalon.core.testobject.TestObject(): null

2018-05-22 19:46:31 - [TEST_STEP][PASSED] - Statement - batch = com.kms.katalon.core.webui.keyword.WebUiBuiltInKeywords.modifyObjectProperty(batch, "xpath", "equals", "//*[@id = "txtbthqty" + row + ""]", true): Modify property of object successfully

2018-05-22 19:46:31 - [MESSAGE][PASSED] - Modify property of object successfully

2018-05-22 19:46:31 - [TEST_STEP][PASSED] - Statement - batchqty = com.kms.katalon.core.webui.keyword.WebUiBuiltInKeywords.getAttribute(batch, "value").trim(): Attribute 'value' of object '' is: '2600'

2018-05-22 19:46:31 - [MESSAGE][PASSED] - Attribute 'value' of object '' is: '2600'

2018-05-22 19:46:31 - [TEST_STEP][PASSED] - Statement - Rqty = 100: null

2018-05-22 19:46:31 - [TEST_STEP][PASSED] - delay: Delayed 2 second(s)

2018-05-22 19:46:33 - [MESSAGE][PASSED] - Delayed 2 second(s)

2018-05-22 19:46:33 - [TEST_STEP][PASSED] - Statement - out.println("BatchQty : " + batchqty): null

2018-05-22 19:46:33 - [TEST_STEP][PASSED] - Statement - out.println("RQty : " + Rqty): null

2018-05-22 19:46:33 - [TEST_STEP][PASSED] - Statement - If (java.lang.Integer.valueOf(batchqty) >= java.lang.Integer.valueOf(Rqty)): null

2018-05-22 19:46:33 - [TEST_STEP][PASSED] - Statement - Break: null

2018-05-22 19:46:33 - [TEST_STEP][PASSED] - Statement - batchlength = new com.kms.katalon.core.testobject.TestObject(): null

2018-05-22 19:46:33 - [TEST_STEP][PASSED] - Statement - batchlength = com.kms.katalon.core.webui.keyword.WebUiBuiltInKeywords.modifyObjectProperty(batchlength, "xpath", "equals", "//*[@id = "fldvendor" + row + ""]", true): Modify property of object successfully

2018-05-22 19:46:33 - [MESSAGE][PASSED] - Modify property of object successfully

2018-05-22 19:46:33 - [TEST_STEP][PASSED] - Statement - batchsize = com.kms.katalon.core.webui.keyword.WebUiBuiltInKeywords.getNumberOfTotalOption(batchlength): 8 options of object '' counted

2018-05-22 19:46:33 - [MESSAGE][PASSED] - 8 options of object '' counted

2018-05-22 19:46:33 - [TEST_STEP][PASSED] - Statement - out.println("BatchSize : " + batchsize): null

2018-05-22 19:46:33 - [TEST_STEP][PASSED] - Statement - For ([n = 1, n <= batchsize - 1, (n++)]): null

2018-05-22 19:46:33 - [TEST_STEP][PASSED] - Statement - product = new com.kms.katalon.core.testobject.TestObject(): null

2018-05-22 19:46:33 - [TEST_STEP][PASSED] - Statement - product = com.kms.katalon.core.webui.keyword.WebUiBuiltInKeywords.modifyObjectProperty(product, "xpath", "equals", "//*[@id = "fldvendor" + row + ""]", true): Modify property of object successfully

2018-05-22 19:46:33 - [MESSAGE][PASSED] - Modify property of object successfully

2018-05-22 19:46:33 - [TEST_STEP][PASSED] - selectOptionByIndex: All options with index in [1] are selected on object ''

2018-05-22 19:46:33 - [MESSAGE][PASSED] - All options with index in [1] are selected on object ''

2018-05-22 19:46:33 - [TEST_STEP][PASSED] - Statement - batch = new com.kms.katalon.core.testobject.TestObject(): null

2018-05-22 19:46:33 - [TEST_STEP][PASSED] - Statement - batch = com.kms.katalon.core.webui.keyword.WebUiBuiltInKeywords.modifyObjectProperty(batch, "xpath", "equals", "//*[@id = "txtbthqty" + row + ""]", true): Modify property of object successfully

2018-05-22 19:46:33 - [MESSAGE][PASSED] - Modify property of object successfully

2018-05-22 19:46:33 - [TEST_STEP][PASSED] - Statement - batchqty = com.kms.katalon.core.webui.keyword.WebUiBuiltInKeywords.getAttribute(batch, "value").trim(): Attribute 'value' of object '' is: '39400'

2018-05-22 19:46:33 - [MESSAGE][PASSED] - Attribute 'value' of object '' is: '39400'

2018-05-22 19:46:33 - [TEST_STEP][PASSED] - Statement - Rqty = 100: null

2018-05-22 19:46:33 - [TEST_STEP][PASSED] - delay: Delayed 2 second(s)

2018-05-22 19:46:35 - [MESSAGE][PASSED] - Delayed 2 second(s)

2018-05-22 19:46:35 - [TEST_STEP][PASSED] - Statement - out.println("BatchQty : " + batchqty): null

2018-05-22 19:46:35 - [TEST_STEP][PASSED] - Statement - out.println("RQty : " + Rqty): null

2018-05-22 19:46:35 - [TEST_STEP][PASSED] - Statement - If (java.lang.Integer.valueOf(batchqty) >= java.lang.Integer.valueOf(Rqty)): null

2018-05-22 19:46:35 - [TEST_STEP][PASSED] - Statement - Break: null

2018-05-22 19:46:35 - [TEST_STEP][PASSED] - Statement - batchlength = new com.kms.katalon.core.testobject.TestObject(): null

2018-05-22 19:46:35 - [TEST_STEP][PASSED] - Statement - batchlength = com.kms.katalon.core.webui.keyword.WebUiBuiltInKeywords.modifyObjectProperty(batchlength, "xpath", "equals", "//*[@id = "fldvendor" + row + ""]", true): Modify property of object successfully

2018-05-22 19:46:35 - [MESSAGE][PASSED] - Modify property of object successfully

2018-05-22 19:46:35 - [TEST_STEP][PASSED] - Statement - batchsize = com.kms.katalon.core.webui.keyword.WebUiBuiltInKeywords.getNumberOfTotalOption(batchlength): 8 options of object '' counted

2018-05-22 19:46:35 - [MESSAGE][PASSED] - 8 options of object '' counted

2018-05-22 19:46:35 - [TEST_STEP][PASSED] - Statement - out.println("BatchSize : " + batchsize): null

2018-05-22 19:46:35 - [TEST_STEP][PASSED] - Statement - For ([n = 1, n <= batchsize - 1, (n++)]): null

2018-05-22 19:46:35 - [TEST_STEP][PASSED] - Statement - product = new com.kms.katalon.core.testobject.TestObject(): null

2018-05-22 19:46:35 - [TEST_STEP][PASSED] - Statement - product = com.kms.katalon.core.webui.keyword.WebUiBuiltInKeywords.modifyObjectProperty(product, "xpath", "equals", "//*[@id = "fldvendor" + row + ""]", true): Modify property of object successfully

2018-05-22 19:46:35 - [MESSAGE][PASSED] - Modify property of object successfully

2018-05-22 19:46:35 - [TEST_STEP][PASSED] - selectOptionByIndex: All options with index in [1] are selected on object ''

2018-05-22 19:46:36 - [MESSAGE][PASSED] - All options with index in [1] are selected on object ''

2018-05-22 19:46:36 - [TEST_STEP][PASSED] - Statement - batch = new com.kms.katalon.core.testobject.TestObject(): null

2018-05-22 19:46:36 - [TEST_STEP][PASSED] - Statement - batch = com.kms.katalon.core.webui.keyword.WebUiBuiltInKeywords.modifyObjectProperty(batch, "xpath", "equals", "//*[@id = "txtbthqty" + row + ""]", true): Modify property of object successfully

2018-05-22 19:46:36 - [MESSAGE][PASSED] - Modify property of object successfully

2018-05-22 19:46:36 - [TEST_STEP][PASSED] - Statement - batchqty = com.kms.katalon.core.webui.keyword.WebUiBuiltInKeywords.getAttribute(batch, "value").trim(): Attribute 'value' of object '' is: '4800'

2018-05-22 19:46:36 - [MESSAGE][PASSED] - Attribute 'value' of object '' is: '4800'

2018-05-22 19:46:36 - [TEST_STEP][PASSED] - Statement - Rqty = 100: null

2018-05-22 19:46:36 - [TEST_STEP][PASSED] - delay: Delayed 2 second(s)

2018-05-22 19:46:38 - [MESSAGE][PASSED] - Delayed 2 second(s)

2018-05-22 19:46:38 - [TEST_STEP][PASSED] - Statement - out.println("BatchQty : " + batchqty): null

2018-05-22 19:46:38 - [TEST_STEP][PASSED] - Statement - out.println("RQty : " + Rqty): null

2018-05-22 19:46:38 - [TEST_STEP][PASSED] - Statement - If (java.lang.Integer.valueOf(batchqty) >= java.lang.Integer.valueOf(Rqty)): null

2018-05-22 19:46:38 - [TEST_STEP][PASSED] - Statement - Break: null

2018-05-22 19:46:38 - [TEST_STEP][PASSED] - Statement - batchlength = new com.kms.katalon.core.testobject.TestObject(): null

2018-05-22 19:46:38 - [TEST_STEP][PASSED] - Statement - batchlength = com.kms.katalon.core.webui.keyword.WebUiBuiltInKeywords.modifyObjectProperty(batchlength, "xpath", "equals", "//*[@id = "fldvendor" + row + ""]", true): Modify property of object successfully

2018-05-22 19:46:38 - [MESSAGE][PASSED] - Modify property of object successfully

2018-05-22 19:46:38 - [TEST_STEP][PASSED] - Statement - batchsize = com.kms.katalon.core.webui.keyword.WebUiBuiltInKeywords.getNumberOfTotalOption(batchlength): 8 options of object '' counted

2018-05-22 19:46:38 - [MESSAGE][PASSED] - 8 options of object '' counted

2018-05-22 19:46:38 - [TEST_STEP][PASSED] - Statement - out.println("BatchSize : " + batchsize): null

2018-05-22 19:46:38 - [TEST_STEP][PASSED] - Statement - For ([n = 1, n <= batchsize - 1, (n++)]): null

2018-05-22 19:46:38 - [TEST_STEP][PASSED] - Statement - product = new com.kms.katalon.core.testobject.TestObject(): null

2018-05-22 19:46:38 - [TEST_STEP][PASSED] - Statement - product = com.kms.katalon.core.webui.keyword.WebUiBuiltInKeywords.modifyObjectProperty(product, "xpath", "equals", "//*[@id = "fldvendor" + row + ""]", true): Modify property of object successfully

2018-05-22 19:46:38 - [MESSAGE][PASSED] - Modify property of object successfully

2018-05-22 19:46:38 - [TEST_STEP][PASSED] - selectOptionByIndex: All options with index in [1] are selected on object ''

2018-05-22 19:46:38 - [MESSAGE][PASSED] - All options with index in [1] are selected on object ''

2018-05-22 19:46:38 - [TEST_STEP][PASSED] - Statement - batch = new com.kms.katalon.core.testobject.TestObject(): null

2018-05-22 19:46:38 - [TEST_STEP][PASSED] - Statement - batch = com.kms.katalon.core.webui.keyword.WebUiBuiltInKeywords.modifyObjectProperty(batch, "xpath", "equals", "//*[@id = "txtbthqty" + row + ""]", true): Modify property of object successfully

2018-05-22 19:46:38 - [MESSAGE][PASSED] - Modify property of object successfully

2018-05-22 19:46:38 - [TEST_STEP][PASSED] - Statement - batchqty = com.kms.katalon.core.webui.keyword.WebUiBuiltInKeywords.getAttribute(batch, "value").trim(): Attribute 'value' of object '' is: '2800'

2018-05-22 19:46:38 - [MESSAGE][PASSED] - Attribute 'value' of object '' is: '2800'

2018-05-22 19:46:38 - [TEST_STEP][PASSED] - Statement - Rqty = 100: null

2018-05-22 19:46:38 - [TEST_STEP][PASSED] - delay: Delayed 2 second(s)

2018-05-22 19:46:40 - [MESSAGE][PASSED] - Delayed 2 second(s)

2018-05-22 19:46:40 - [TEST_STEP][PASSED] - Statement - out.println("BatchQty : " + batchqty): null

2018-05-22 19:46:40 - [TEST_STEP][PASSED] - Statement - out.println("RQty : " + Rqty): null

2018-05-22 19:46:40 - [TEST_STEP][PASSED] - Statement - If (java.lang.Integer.valueOf(batchqty) >= java.lang.Integer.valueOf(Rqty)): null

2018-05-22 19:46:40 - [TEST_STEP][PASSED] - Statement - Break: null

2018-05-22 19:46:40 - [TEST_STEP][PASSED] - Statement - batchlength = new com.kms.katalon.core.testobject.TestObject(): null

2018-05-22 19:46:40 - [TEST_STEP][PASSED] - Statement - batchlength = com.kms.katalon.core.webui.keyword.WebUiBuiltInKeywords.modifyObjectProperty(batchlength, "xpath", "equals", "//*[@id = "fldvendor" + row + ""]", true): Modify property of object successfully

2018-05-22 19:46:40 - [MESSAGE][PASSED] - Modify property of object successfully

2018-05-22 19:46:40 - [TEST_STEP][PASSED] - Statement - batchsize = com.kms.katalon.core.webui.keyword.WebUiBuiltInKeywords.getNumberOfTotalOption(batchlength): 8 options of object '' counted

2018-05-22 19:46:40 - [MESSAGE][PASSED] - 8 options of object '' counted

2018-05-22 19:46:40 - [TEST_STEP][PASSED] - Statement - out.println("BatchSize : " + batchsize): null

2018-05-22 19:46:40 - [TEST_STEP][PASSED] - Statement - For ([n = 1, n <= batchsize - 1, (n++)]): null

2018-05-22 19:46:40 - [TEST_STEP][PASSED] - Statement - product = new com.kms.katalon.core.testobject.TestObject(): null

2018-05-22 19:46:40 - [TEST_STEP][PASSED] - Statement - product = com.kms.katalon.core.webui.keyword.WebUiBuiltInKeywords.modifyObjectProperty(product, "xpath", "equals", "//*[@id = "fldvendor" + row + ""]", true): Modify property of object successfully

2018-05-22 19:46:40 - [MESSAGE][PASSED] - Modify property of object successfully

2018-05-22 19:46:40 - [TEST_STEP][PASSED] - selectOptionByIndex: All options with index in [1] are selected on object ''

2018-05-22 19:46:40 - [MESSAGE][PASSED] - All options with index in [1] are selected on object ''

2018-05-22 19:46:40 - [TEST_STEP][PASSED] - Statement - batch = new com.kms.katalon.core.testobject.TestObject(): null

2018-05-22 19:46:40 - [TEST_STEP][PASSED] - Statement - batch = com.kms.katalon.core.webui.keyword.WebUiBuiltInKeywords.modifyObjectProperty(batch, "xpath", "equals", "//*[@id = "txtbthqty" + row + ""]", true): Modify property of object successfully

2018-05-22 19:46:40 - [MESSAGE][PASSED] - Modify property of object successfully

2018-05-22 19:46:40 - [TEST_STEP][PASSED] - Statement - batchqty = com.kms.katalon.core.webui.keyword.WebUiBuiltInKeywords.getAttribute(batch, "value").trim(): Attribute 'value' of object '' is: '2700'

2018-05-22 19:46:40 - [MESSAGE][PASSED] - Attribute 'value' of object '' is: '2700'

2018-05-22 19:46:40 - [TEST_STEP][PASSED] - Statement - Rqty = 100: null

2018-05-22 19:46:40 - [TEST_STEP][PASSED] - delay: Delayed 2 second(s)

2018-05-22 19:46:42 - [MESSAGE][PASSED] - Delayed 2 second(s)

2018-05-22 19:46:42 - [TEST_STEP][PASSED] - Statement - out.println("BatchQty : " + batchqty): null

2018-05-22 19:46:42 - [TEST_STEP][PASSED] - Statement - out.println("RQty : " + Rqty): null

2018-05-22 19:46:42 - [TEST_STEP][PASSED] - Statement - If (java.lang.Integer.valueOf(batchqty) >= java.lang.Integer.valueOf(Rqty)): null

2018-05-22 19:46:42 - [TEST_STEP][PASSED] - Statement - Break: null

2018-05-22 19:46:42 - [TEST_STEP][PASSED] - Statement - batchlength = new com.kms.katalon.core.testobject.TestObject(): null

2018-05-22 19:46:42 - [TEST_STEP][PASSED] - Statement - batchlength = com.kms.katalon.core.webui.keyword.WebUiBuiltInKeywords.modifyObjectProperty(batchlength, "xpath", "equals", "//*[@id = "fldvendor" + row + ""]", true): Modify property of object successfully

2018-05-22 19:46:42 - [MESSAGE][PASSED] - Modify property of object successfully

2018-05-22 19:46:42 - [TEST_STEP][PASSED] - Statement - batchsize = com.kms.katalon.core.webui.keyword.WebUiBuiltInKeywords.getNumberOfTotalOption(batchlength): 8 options of object '' counted

2018-05-22 19:46:42 - [MESSAGE][PASSED] - 8 options of object '' counted

2018-05-22 19:46:42 - [TEST_STEP][PASSED] - Statement - out.println("BatchSize : " + batchsize): null

2018-05-22 19:46:42 - [TEST_STEP][PASSED] - Statement - For ([n = 1, n <= batchsize - 1, (n++)]): null

2018-05-22 19:46:42 - [TEST_STEP][PASSED] - Statement - product = new com.kms.katalon.core.testobject.TestObject(): null

2018-05-22 19:46:42 - [TEST_STEP][PASSED] - Statement - product = com.kms.katalon.core.webui.keyword.WebUiBuiltInKeywords.modifyObjectProperty(product, "xpath", "equals", "//*[@id = "fldvendor" + row + ""]", true): Modify property of object successfully

2018-05-22 19:46:42 - [MESSAGE][PASSED] - Modify property of object successfully

2018-05-22 19:46:42 - [TEST_STEP][PASSED] - selectOptionByIndex: All options with index in [1] are selected on object ''

2018-05-22 19:46:42 - [MESSAGE][PASSED] - All options with index in [1] are selected on object ''

2018-05-22 19:46:42 - [TEST_STEP][PASSED] - Statement - batch = new com.kms.katalon.core.testobject.TestObject(): null

2018-05-22 19:46:42 - [TEST_STEP][PASSED] - Statement - batch = com.kms.katalon.core.webui.keyword.WebUiBuiltInKeywords.modifyObjectProperty(batch, "xpath", "equals", "//*[@id = "txtbthqty" + row + ""]", true): Modify property of object successfully

2018-05-22 19:46:42 - [MESSAGE][PASSED] - Modify property of object successfully

2018-05-22 19:46:42 - [TEST_STEP][PASSED] - Statement - batchqty = com.kms.katalon.core.webui.keyword.WebUiBuiltInKeywords.getAttribute(batch, "value").trim(): Attribute 'value' of object '' is: '2600'

2018-05-22 19:46:42 - [MESSAGE][PASSED] - Attribute 'value' of object '' is: '2600'

2018-05-22 19:46:42 - [TEST_STEP][PASSED] - Statement - Rqty = 100: null

2018-05-22 19:46:42 - [TEST_STEP][PASSED] - delay: Delayed 2 second(s)

2018-05-22 19:46:44 - [MESSAGE][PASSED] - Delayed 2 second(s)

2018-05-22 19:46:45 - [TEST_STEP][PASSED] - Statement - out.println("BatchQty : " + batchqty): null

2018-05-22 19:46:45 - [TEST_STEP][PASSED] - Statement - out.println("RQty : " + Rqty): null

2018-05-22 19:46:45 - [TEST_STEP][PASSED] - Statement - If (java.lang.Integer.valueOf(batchqty) >= java.lang.Integer.valueOf(Rqty)): null

2018-05-22 19:46:45 - [TEST_STEP][PASSED] - Statement - Break: null

2018-05-22 19:46:45 - [TEST_STEP][PASSED] - Statement - batchlength = new com.kms.katalon.core.testobject.TestObject(): null

2018-05-22 19:46:45 - [TEST_STEP][PASSED] - Statement - batchlength = com.kms.katalon.core.webui.keyword.WebUiBuiltInKeywords.modifyObjectProperty(batchlength, "xpath", "equals", "//*[@id = "fldvendor" + row + ""]", true): Modify property of object successfully

2018-05-22 19:46:45 - [MESSAGE][PASSED] - Modify property of object successfully

2018-05-22 19:46:45 - [TEST_STEP][PASSED] - Statement - batchsize = com.kms.katalon.core.webui.keyword.WebUiBuiltInKeywords.getNumberOfTotalOption(batchlength): 9 options of object '' counted

2018-05-22 19:46:45 - [MESSAGE][PASSED] - 9 options of object '' counted

2018-05-22 19:46:45 - [TEST_STEP][PASSED] - Statement - out.println("BatchSize : " + batchsize): null

2018-05-22 19:46:45 - [TEST_STEP][PASSED] - Statement - For ([n = 1, n <= batchsize - 1, (n++)]): null

2018-05-22 19:46:45 - [TEST_STEP][PASSED] - Statement - product = new com.kms.katalon.core.testobject.TestObject(): null

2018-05-22 19:46:45 - [TEST_STEP][PASSED] - Statement - product = com.kms.katalon.core.webui.keyword.WebUiBuiltInKeywords.modifyObjectProperty(product, "xpath", "equals", "//*[@id = "fldvendor" + row + ""]", true): Modify property of object successfully

2018-05-22 19:46:45 - [MESSAGE][PASSED] - Modify property of object successfully

2018-05-22 19:46:45 - [TEST_STEP][PASSED] - selectOptionByIndex: All options with index in [1] are selected on object ''

2018-05-22 19:46:45 - [MESSAGE][PASSED] - All options with index in [1] are selected on object ''

2018-05-22 19:46:45 - [TEST_STEP][PASSED] - Statement - batch = new com.kms.katalon.core.testobject.TestObject(): null

2018-05-22 19:46:45 - [TEST_STEP][PASSED] - Statement - batch = com.kms.katalon.core.webui.keyword.WebUiBuiltInKeywords.modifyObjectProperty(batch, "xpath", "equals", "//*[@id = "txtbthqty" + row + ""]", true): Modify property of object successfully

2018-05-22 19:46:45 - [MESSAGE][PASSED] - Modify property of object successfully

2018-05-22 19:46:45 - [TEST_STEP][PASSED] - Statement - batchqty = com.kms.katalon.core.webui.keyword.WebUiBuiltInKeywords.getAttribute(batch, "value").trim(): Attribute 'value' of object '' is: '50'

2018-05-22 19:46:45 - [MESSAGE][PASSED] - Attribute 'value' of object '' is: '50'

2018-05-22 19:46:45 - [TEST_STEP][PASSED] - Statement - Rqty = 100: null

2018-05-22 19:46:45 - [TEST_STEP][PASSED] - delay: Delayed 2 second(s)

2018-05-22 19:46:47 - [MESSAGE][PASSED] - Delayed 2 second(s)

2018-05-22 19:46:47 - [TEST_STEP][PASSED] - Statement - out.println("BatchQty : " + batchqty): null

2018-05-22 19:46:47 - [TEST_STEP][PASSED] - Statement - out.println("RQty : " + Rqty): null

2018-05-22 19:46:48 - [TEST_STEP][PASSED] - Statement - If (java.lang.Integer.valueOf(batchqty) >= java.lang.Integer.valueOf(Rqty)): null

2018-05-22 19:46:48 - [TEST_STEP][PASSED] - Statement - Else: null

2018-05-22 19:46:48 - [TEST_STEP][PASSED] - Statement - out.println("Batchqty Is Less Than Rqty"): null

2018-05-22 19:46:48 - [TEST_STEP][PASSED] - Statement - product = new com.kms.katalon.core.testobject.TestObject(): null

2018-05-22 19:46:48 - [TEST_STEP][PASSED] - Statement - product = com.kms.katalon.core.webui.keyword.WebUiBuiltInKeywords.modifyObjectProperty(product, "xpath", "equals", "//*[@id = "fldvendor" + row + ""]", true): Modify property of object successfully

2018-05-22 19:46:48 - [MESSAGE][PASSED] - Modify property of object successfully

2018-05-22 19:46:48 - [TEST_STEP][PASSED] - selectOptionByIndex: All options with index in [2] are selected on object ''

2018-05-22 19:46:48 - [MESSAGE][PASSED] - All options with index in [2] are selected on object ''

2018-05-22 19:46:48 - [TEST_STEP][PASSED] - Statement - batch = new com.kms.katalon.core.testobject.TestObject(): null

2018-05-22 19:46:48 - [TEST_STEP][PASSED] - Statement - batch = com.kms.katalon.core.webui.keyword.WebUiBuiltInKeywords.modifyObjectProperty(batch, "xpath", "equals", "//*[@id = "txtbthqty" + row + ""]", true): Modify property of object successfully

2018-05-22 19:46:48 - [MESSAGE][PASSED] - Modify property of object successfully

2018-05-22 19:46:48 - [TEST_STEP][PASSED] - Statement - batchqty = com.kms.katalon.core.webui.keyword.WebUiBuiltInKeywords.getAttribute(batch, "value").trim(): Attribute 'value' of object '' is: '2400'

2018-05-22 19:46:48 - [MESSAGE][PASSED] - Attribute 'value' of object '' is: '2400'

2018-05-22 19:46:48 - [TEST_STEP][PASSED] - Statement - Rqty = 100: null

2018-05-22 19:46:48 - [TEST_STEP][PASSED] - delay: Delayed 2 second(s)

2018-05-22 19:46:50 - [MESSAGE][PASSED] - Delayed 2 second(s)

2018-05-22 19:46:50 - [TEST_STEP][PASSED] - Statement - out.println("BatchQty : " + batchqty): null

2018-05-22 19:46:50 - [TEST_STEP][PASSED] - Statement - out.println("RQty : " + Rqty): null

2018-05-22 19:46:50 - [TEST_STEP][PASSED] - Statement - If (java.lang.Integer.valueOf(batchqty) >= java.lang.Integer.valueOf(Rqty)): null

2018-05-22 19:46:50 - [TEST_STEP][PASSED] - Statement - Break: null

2018-05-22 19:46:50 - [TEST_STEP][PASSED] - Statement - batchlength = new com.kms.katalon.core.testobject.TestObject(): null

2018-05-22 19:46:50 - [TEST_STEP][PASSED] - Statement - batchlength = com.kms.katalon.core.webui.keyword.WebUiBuiltInKeywords.modifyObjectProperty(batchlength, "xpath", "equals", "//*[@id = "fldvendor" + row + ""]", true): Modify property of object successfully

2018-05-22 19:46:50 - [MESSAGE][PASSED] - Modify property of object successfully

2018-05-22 19:46:50 - [TEST_STEP][PASSED] - Statement - batchsize = com.kms.katalon.core.webui.keyword.WebUiBuiltInKeywords.getNumberOfTotalOption(batchlength): 8 options of object '' counted

2018-05-22 19:46:50 - [MESSAGE][PASSED] - 8 options of object '' counted

2018-05-22 19:46:50 - [TEST_STEP][PASSED] - Statement - out.println("BatchSize : " + batchsize): null

2018-05-22 19:46:50 - [TEST_STEP][PASSED] - Statement - For ([n = 1, n <= batchsize - 1, (n++)]): null

2018-05-22 19:46:50 - [TEST_STEP][PASSED] - Statement - product = new com.kms.katalon.core.testobject.TestObject(): null

2018-05-22 19:46:50 - [TEST_STEP][PASSED] - Statement - product = com.kms.katalon.core.webui.keyword.WebUiBuiltInKeywords.modifyObjectProperty(product, "xpath", "equals", "//*[@id = "fldvendor" + row + ""]", true): Modify property of object successfully

2018-05-22 19:46:50 - [MESSAGE][PASSED] - Modify property of object successfully

2018-05-22 19:46:50 - [TEST_STEP][PASSED] - selectOptionByIndex: All options with index in [1] are selected on object ''

2018-05-22 19:46:50 - [MESSAGE][PASSED] - All options with index in [1] are selected on object ''

2018-05-22 19:46:50 - [TEST_STEP][PASSED] - Statement - batch = new com.kms.katalon.core.testobject.TestObject(): null

2018-05-22 19:46:50 - [TEST_STEP][PASSED] - Statement - batch = com.kms.katalon.core.webui.keyword.WebUiBuiltInKeywords.modifyObjectProperty(batch, "xpath", "equals", "//*[@id = "txtbthqty" + row + ""]", true): Modify property of object successfully

2018-05-22 19:46:50 - [MESSAGE][PASSED] - Modify property of object successfully

2018-05-22 19:46:50 - [TEST_STEP][PASSED] - Statement - batchqty = com.kms.katalon.core.webui.keyword.WebUiBuiltInKeywords.getAttribute(batch, "value").trim(): Attribute 'value' of object '' is: '2600'

2018-05-22 19:46:50 - [MESSAGE][PASSED] - Attribute 'value' of object '' is: '2600'

2018-05-22 19:46:50 - [TEST_STEP][PASSED] - Statement - Rqty = 100: null

2018-05-22 19:46:50 - [TEST_STEP][PASSED] - delay: Delayed 2 second(s)

2018-05-22 19:46:52 - [MESSAGE][PASSED] - Delayed 2 second(s)

2018-05-22 19:46:52 - [TEST_STEP][PASSED] - Statement - out.println("BatchQty : " + batchqty): null

2018-05-22 19:46:52 - [TEST_STEP][PASSED] - Statement - out.println("RQty : " + Rqty): null

2018-05-22 19:46:52 - [TEST_STEP][PASSED] - Statement - If (java.lang.Integer.valueOf(batchqty) >= java.lang.Integer.valueOf(Rqty)): null

2018-05-22 19:46:52 - [TEST_STEP][PASSED] - Statement - Break: null

2018-05-22 19:46:52 - [TEST_STEP][PASSED] - Statement - batchlength = new com.kms.katalon.core.testobject.TestObject(): null

2018-05-22 19:46:52 - [TEST_STEP][PASSED] - Statement - batchlength = com.kms.katalon.core.webui.keyword.WebUiBuiltInKeywords.modifyObjectProperty(batchlength, "xpath", "equals", "//*[@id = "fldvendor" + row + ""]", true): Modify property of object successfully

2018-05-22 19:46:52 - [MESSAGE][PASSED] - Modify property of object successfully

2018-05-22 19:46:52 - [TEST_STEP][PASSED] - Statement - batchsize = com.kms.katalon.core.webui.keyword.WebUiBuiltInKeywords.getNumberOfTotalOption(batchlength): 9 options of object '' counted

2018-05-22 19:46:52 - [MESSAGE][PASSED] - 9 options of object '' counted

2018-05-22 19:46:52 - [TEST_STEP][PASSED] - Statement - out.println("BatchSize : " + batchsize): null

2018-05-22 19:46:52 - [TEST_STEP][PASSED] - Statement - For ([n = 1, n <= batchsize - 1, (n++)]): null

2018-05-22 19:46:52 - [TEST_STEP][PASSED] - Statement - product = new com.kms.katalon.core.testobject.TestObject(): null

2018-05-22 19:46:52 - [TEST_STEP][PASSED] - Statement - product = com.kms.katalon.core.webui.keyword.WebUiBuiltInKeywords.modifyObjectProperty(product, "xpath", "equals", "//*[@id = "fldvendor" + row + ""]", true): Modify property of object successfully

2018-05-22 19:46:52 - [MESSAGE][PASSED] - Modify property of object successfully

2018-05-22 19:46:52 - [TEST_STEP][PASSED] - selectOptionByIndex: All options with index in [1] are selected on object ''

2018-05-22 19:46:52 - [MESSAGE][PASSED] - All options with index in [1] are selected on object ''

2018-05-22 19:46:52 - [TEST_STEP][PASSED] - Statement - batch = new com.kms.katalon.core.testobject.TestObject(): null

2018-05-22 19:46:52 - [TEST_STEP][PASSED] - Statement - batch = com.kms.katalon.core.webui.keyword.WebUiBuiltInKeywords.modifyObjectProperty(batch, "xpath", "equals", "//*[@id = "txtbthqty" + row + ""]", true): Modify property of object successfully

2018-05-22 19:46:52 - [MESSAGE][PASSED] - Modify property of object successfully

2018-05-22 19:46:52 - [TEST_STEP][PASSED] - Statement - batchqty = com.kms.katalon.core.webui.keyword.WebUiBuiltInKeywords.getAttribute(batch, "value").trim(): Attribute 'value' of object '' is: '50'

2018-05-22 19:46:52 - [MESSAGE][PASSED] - Attribute 'value' of object '' is: '50'

2018-05-22 19:46:52 - [TEST_STEP][PASSED] - Statement - Rqty = 100: null

2018-05-22 19:46:52 - [TEST_STEP][PASSED] - delay: Delayed 2 second(s)

2018-05-22 19:46:54 - [MESSAGE][PASSED] - Delayed 2 second(s)

2018-05-22 19:46:54 - [TEST_STEP][PASSED] - Statement - out.println("BatchQty : " + batchqty): null

2018-05-22 19:46:54 - [TEST_STEP][PASSED] - Statement - out.println("RQty : " + Rqty): null

2018-05-22 19:46:54 - [TEST_STEP][PASSED] - Statement - If (java.lang.Integer.valueOf(batchqty) >= java.lang.Integer.valueOf(Rqty)): null

2018-05-22 19:46:54 - [TEST_STEP][PASSED] - Statement - Else: null

2018-05-22 19:46:54 - [TEST_STEP][PASSED] - Statement - out.println("Batchqty Is Less Than Rqty"): null

2018-05-22 19:46:54 - [TEST_STEP][PASSED] - Statement - product = new com.kms.katalon.core.testobject.TestObject(): null

2018-05-22 19:46:54 - [TEST_STEP][PASSED] - Statement - product = com.kms.katalon.core.webui.keyword.WebUiBuiltInKeywords.modifyObjectProperty(product, "xpath", "equals", "//*[@id = "fldvendor" + row + ""]", true): Modify property of object successfully

2018-05-22 19:46:54 - [MESSAGE][PASSED] - Modify property of object successfully

2018-05-22 19:46:54 - [TEST_STEP][PASSED] - selectOptionByIndex: All options with index in [2] are selected on object ''

2018-05-22 19:46:55 - [MESSAGE][PASSED] - All options with index in [2] are selected on object ''

2018-05-22 19:46:55 - [TEST_STEP][PASSED] - Statement - batch = new com.kms.katalon.core.testobject.TestObject(): null

2018-05-22 19:46:55 - [TEST_STEP][PASSED] - Statement - batch = com.kms.katalon.core.webui.keyword.WebUiBuiltInKeywords.modifyObjectProperty(batch, "xpath", "equals", "//*[@id = "txtbthqty" + row + ""]", true): Modify property of object successfully

2018-05-22 19:46:55 - [MESSAGE][PASSED] - Modify property of object successfully

2018-05-22 19:46:55 - [TEST_STEP][PASSED] - Statement - batchqty = com.kms.katalon.core.webui.keyword.WebUiBuiltInKeywords.getAttribute(batch, "value").trim(): Attribute 'value' of object '' is: '2500'

2018-05-22 19:46:55 - [MESSAGE][PASSED] - Attribute 'value' of object '' is: '2500'

2018-05-22 19:46:55 - [TEST_STEP][PASSED] - Statement - Rqty = 100: null

2018-05-22 19:46:55 - [TEST_STEP][PASSED] - delay: Delayed 2 second(s)

2018-05-22 19:46:57 - [MESSAGE][PASSED] - Delayed 2 second(s)

2018-05-22 19:46:57 - [TEST_STEP][PASSED] - Statement - out.println("BatchQty : " + batchqty): null

2018-05-22 19:46:57 - [TEST_STEP][PASSED] - Statement - out.println("RQty : " + Rqty): null

2018-05-22 19:46:57 - [TEST_STEP][PASSED] - Statement - If (java.lang.Integer.valueOf(batchqty) >= java.lang.Integer.valueOf(Rqty)): null

2018-05-22 19:46:57 - [TEST_STEP][PASSED] - Statement - Break: null

2018-05-22 19:46:57 - [TEST_STEP][PASSED] - Statement - batchlength = new com.kms.katalon.core.testobject.TestObject(): null

2018-05-22 19:46:57 - [TEST_STEP][PASSED] - Statement - batchlength = com.kms.katalon.core.webui.keyword.WebUiBuiltInKeywords.modifyObjectProperty(batchlength, "xpath", "equals", "//*[@id = "fldvendor" + row + ""]", true): Modify property of object successfully

2018-05-22 19:46:57 - [MESSAGE][PASSED] - Modify property of object successfully

2018-05-22 19:46:57 - [TEST_STEP][PASSED] - Statement - batchsize = com.kms.katalon.core.webui.keyword.WebUiBuiltInKeywords.getNumberOfTotalOption(batchlength): 8 options of object '' counted

2018-05-22 19:46:57 - [MESSAGE][PASSED] - 8 options of object '' counted

2018-05-22 19:46:57 - [TEST_STEP][PASSED] - Statement - out.println("BatchSize : " + batchsize): null

2018-05-22 19:46:57 - [TEST_STEP][PASSED] - Statement - For ([n = 1, n <= batchsize - 1, (n++)]): null

2018-05-22 19:46:57 - [TEST_STEP][PASSED] - Statement - product = new com.kms.katalon.core.testobject.TestObject(): null

2018-05-22 19:46:57 - [TEST_STEP][PASSED] - Statement - product = com.kms.katalon.core.webui.keyword.WebUiBuiltInKeywords.modifyObjectProperty(product, "xpath", "equals", "//*[@id = "fldvendor" + row + ""]", true): Modify property of object successfully

2018-05-22 19:46:57 - [MESSAGE][PASSED] - Modify property of object successfully

2018-05-22 19:46:57 - [TEST_STEP][PASSED] - selectOptionByIndex: All options with index in [1] are selected on object ''

2018-05-22 19:46:57 - [MESSAGE][PASSED] - All options with index in [1] are selected on object ''

2018-05-22 19:46:57 - [TEST_STEP][PASSED] - Statement - batch = new com.kms.katalon.core.testobject.TestObject(): null

2018-05-22 19:46:57 - [TEST_STEP][PASSED] - Statement - batch = com.kms.katalon.core.webui.keyword.WebUiBuiltInKeywords.modifyObjectProperty(batch, "xpath", "equals", "//*[@id = "txtbthqty" + row + ""]", true): Modify property of object successfully

2018-05-22 19:46:57 - [MESSAGE][PASSED] - Modify property of object successfully

2018-05-22 19:46:57 - [TEST_STEP][PASSED] - Statement - batchqty = com.kms.katalon.core.webui.keyword.WebUiBuiltInKeywords.getAttribute(batch, "value").trim(): Attribute 'value' of object '' is: '2700'

2018-05-22 19:46:57 - [MESSAGE][PASSED] - Attribute 'value' of object '' is: '2700'

2018-05-22 19:46:57 - [TEST_STEP][PASSED] - Statement - Rqty = 100: null

2018-05-22 19:46:57 - [TEST_STEP][PASSED] - delay: Delayed 2 second(s)

2018-05-22 19:46:59 - [MESSAGE][PASSED] - Delayed 2 second(s)

2018-05-22 19:46:59 - [TEST_STEP][PASSED] - Statement - out.println("BatchQty : " + batchqty): null

2018-05-22 19:46:59 - [TEST_STEP][PASSED] - Statement - out.println("RQty : " + Rqty): null

2018-05-22 19:46:59 - [TEST_STEP][PASSED] - Statement - If (java.lang.Integer.valueOf(batchqty) >= java.lang.Integer.valueOf(Rqty)): null

2018-05-22 19:46:59 - [TEST_STEP][PASSED] - Statement - Break: null

2018-05-22 19:46:59 - [TEST_STEP][PASSED] - Statement - batchlength = new com.kms.katalon.core.testobject.TestObject(): null

2018-05-22 19:46:59 - [TEST_STEP][PASSED] - Statement - batchlength = com.kms.katalon.core.webui.keyword.WebUiBuiltInKeywords.modifyObjectProperty(batchlength, "xpath", "equals", "//*[@id = "fldvendor" + row + ""]", true): Modify property of object successfully

2018-05-22 19:46:59 - [MESSAGE][PASSED] - Modify property of object successfully

2018-05-22 19:46:59 - [TEST_STEP][PASSED] - Statement - batchsize = com.kms.katalon.core.webui.keyword.WebUiBuiltInKeywords.getNumberOfTotalOption(batchlength): 8 options of object '' counted

2018-05-22 19:46:59 - [MESSAGE][PASSED] - 8 options of object '' counted

2018-05-22 19:46:59 - [TEST_STEP][PASSED] - Statement - out.println("BatchSize : " + batchsize): null

2018-05-22 19:46:59 - [TEST_STEP][PASSED] - Statement - For ([n = 1, n <= batchsize - 1, (n++)]): null

2018-05-22 19:46:59 - [TEST_STEP][PASSED] - Statement - product = new com.kms.katalon.core.testobject.TestObject(): null

2018-05-22 19:46:59 - [TEST_STEP][PASSED] - Statement - product = com.kms.katalon.core.webui.keyword.WebUiBuiltInKeywords.modifyObjectProperty(product, "xpath", "equals", "//*[@id = "fldvendor" + row + ""]", true): Modify property of object successfully

2018-05-22 19:46:59 - [MESSAGE][PASSED] - Modify property of object successfully

2018-05-22 19:46:59 - [TEST_STEP][PASSED] - selectOptionByIndex: All options with index in [1] are selected on object ''

2018-05-22 19:46:59 - [MESSAGE][PASSED] - All options with index in [1] are selected on object ''

2018-05-22 19:46:59 - [TEST_STEP][PASSED] - Statement - batch = new com.kms.katalon.core.testobject.TestObject(): null

2018-05-22 19:46:59 - [TEST_STEP][PASSED] - Statement - batch = com.kms.katalon.core.webui.keyword.WebUiBuiltInKeywords.modifyObjectProperty(batch, "xpath", "equals", "//*[@id = "txtbthqty" + row + ""]", true): Modify property of object successfully

2018-05-22 19:46:59 - [MESSAGE][PASSED] - Modify property of object successfully

2018-05-22 19:46:59 - [TEST_STEP][PASSED] - Statement - batchqty = com.kms.katalon.core.webui.keyword.WebUiBuiltInKeywords.getAttribute(batch, "value").trim(): Attribute 'value' of object '' is: '37400'

2018-05-22 19:46:59 - [MESSAGE][PASSED] - Attribute 'value' of object '' is: '37400'

2018-05-22 19:46:59 - [TEST_STEP][PASSED] - Statement - Rqty = 100: null

2018-05-22 19:46:59 - [TEST_STEP][PASSED] - delay: Delayed 2 second(s)

2018-05-22 19:47:01 - [MESSAGE][PASSED] - Delayed 2 second(s)

2018-05-22 19:47:01 - [TEST_STEP][PASSED] - Statement - out.println("BatchQty : " + batchqty): null

2018-05-22 19:47:01 - [TEST_STEP][PASSED] - Statement - out.println("RQty : " + Rqty): null

2018-05-22 19:47:01 - [TEST_STEP][PASSED] - Statement - If (java.lang.Integer.valueOf(batchqty) >= java.lang.Integer.valueOf(Rqty)): null

2018-05-22 19:47:01 - [TEST_STEP][PASSED] - Statement - Break: null

2018-05-22 19:47:01 - [TEST_STEP][PASSED] - Statement - batchlength = new com.kms.katalon.core.testobject.TestObject(): null

2018-05-22 19:47:01 - [TEST_STEP][PASSED] - Statement - batchlength = com.kms.katalon.core.webui.keyword.WebUiBuiltInKeywords.modifyObjectProperty(batchlength, "xpath", "equals", "//*[@id = "fldvendor" + row + ""]", true): Modify property of object successfully

2018-05-22 19:47:01 - [MESSAGE][PASSED] - Modify property of object successfully

2018-05-22 19:47:01 - [TEST_STEP][PASSED] - Statement - batchsize = com.kms.katalon.core.webui.keyword.WebUiBuiltInKeywords.getNumberOfTotalOption(batchlength): 8 options of object '' counted

2018-05-22 19:47:01 - [MESSAGE][PASSED] - 8 options of object '' counted

2018-05-22 19:47:01 - [TEST_STEP][PASSED] - Statement - out.println("BatchSize : " + batchsize): null

2018-05-22 19:47:01 - [TEST_STEP][PASSED] - Statement - For ([n = 1, n <= batchsize - 1, (n++)]): null

2018-05-22 19:47:01 - [TEST_STEP][PASSED] - Statement - product = new com.kms.katalon.core.testobject.TestObject(): null

2018-05-22 19:47:01 - [TEST_STEP][PASSED] - Statement - product = com.kms.katalon.core.webui.keyword.WebUiBuiltInKeywords.modifyObjectProperty(product, "xpath", "equals", "//*[@id = "fldvendor" + row + ""]", true): Modify property of object successfully

2018-05-22 19:47:01 - [MESSAGE][PASSED] - Modify property of object successfully

2018-05-22 19:47:01 - [TEST_STEP][PASSED] - selectOptionByIndex: All options with index in [1] are selected on object ''

2018-05-22 19:47:01 - [MESSAGE][PASSED] - All options with index in [1] are selected on object ''

2018-05-22 19:47:01 - [TEST_STEP][PASSED] - Statement - batch = new com.kms.katalon.core.testobject.TestObject(): null

2018-05-22 19:47:01 - [TEST_STEP][PASSED] - Statement - batch = com.kms.katalon.core.webui.keyword.WebUiBuiltInKeywords.modifyObjectProperty(batch, "xpath", "equals", "//*[@id = "txtbthqty" + row + ""]", true): Modify property of object successfully

2018-05-22 19:47:01 - [MESSAGE][PASSED] - Modify property of object successfully

2018-05-22 19:47:01 - [TEST_STEP][PASSED] - Statement - batchqty = com.kms.katalon.core.webui.keyword.WebUiBuiltInKeywords.getAttribute(batch, "value").trim(): Attribute 'value' of object '' is: ''

2018-05-22 19:47:01 - [MESSAGE][PASSED] - Attribute 'value' of object '' is: ''

2018-05-22 19:47:01 - [TEST_STEP][PASSED] - Statement - Rqty = 100: null

2018-05-22 19:47:01 - [TEST_STEP][PASSED] - delay: Delayed 2 second(s)

2018-05-22 19:47:03 - [MESSAGE][PASSED] - Delayed 2 second(s)

2018-05-22 19:47:03 - [TEST_STEP][PASSED] - Statement - out.println("BatchQty : " + batchqty): null

2018-05-22 19:47:03 - [TEST_STEP][PASSED] - Statement - out.println("RQty : " + Rqty): null

2018-05-22 19:47:03 - [TEST_STEP][PASSED] - Statement - If (java.lang.Integer.valueOf(batchqty) >= java.lang.Integer.valueOf(Rqty)): null]]></system-out>
         <system-err><![CDATA[2018-05-22 19:45:11 - [TEST_CASE][ERROR] - Test Cases/DISPENSARY TEST CASES/TC_DP_017 Verify Schedule 5 Dispensary To CMS Request Are Working Successfully Or Not: Test Cases/DISPENSARY TEST CASES/TC_DP_017 Verify Schedule 5 Dispensary To CMS Request Are Working Successfully Or Not FAILED because (of) java.lang.NumberFormatException: For input string: ""]]></system-err>
      </testcase>
      <testcase name="Test Cases/DISPENSARY TEST CASES/TC_DP_018 Verify Schedule 6 Dispensary To CMS Request Are Working Successfully Or Not" classname="Test Cases/DISPENSARY TEST CASES/TC_DP_018 Verify Schedule 6 Dispensary To CMS Request Are Working Successfully Or Not" status="PASSED">
         <system-out><![CDATA[2018-05-22 19:47:03 - [TEST_CASE][PASSED] - Test Cases/DISPENSARY TEST CASES/TC_DP_018 Verify Schedule 6 Dispensary To CMS Request Are Working Successfully Or Not: Test Cases/DISPENSARY TEST CASES/TC_DP_018 Verify Schedule 6 Dispensary To CMS Request Are Working Successfully Or Not

2018-05-22 19:47:03 - [TEST_STEP][PASSED] - openBrowser: Browser is opened with url: ''

2018-05-22 19:47:03 - [MESSAGE][WARNING] - A browser is already opened. Closing browser and opening a new one

2018-05-22 19:47:06 - [MESSAGE][PASSED] - Browser is opened with url: ''

2018-05-22 19:47:06 - [TEST_STEP][PASSED] - navigateToUrl: Navigate to 'http://192.168.137.1/multihospital_new/HDSplashscreen.aspx' successfully

2018-05-22 19:47:10 - [MESSAGE][PASSED] - Navigate to 'http://192.168.137.1/multihospital_new/HDSplashscreen.aspx' successfully

2018-05-22 19:47:10 - [TEST_STEP][PASSED] - maximizeWindow: Current window maximized

2018-05-22 19:47:11 - [MESSAGE][PASSED] - Current window maximized

2018-05-22 19:47:11 - [TEST_STEP][PASSED] - click: Object: 'Object Repository/DispensaryToCms/Page_KDMC/a_Dispensary Store' is clicked on

2018-05-22 19:47:11 - [MESSAGE][PASSED] - Object: 'Object Repository/DispensaryToCms/Page_KDMC/a_Dispensary Store' is clicked on

2018-05-22 19:47:11 - [TEST_STEP][PASSED] - setText: Text 'rajaram' is set on object 'Object Repository/DispensaryToCms/Page_Dispensary Store Login/input_txtusername'

2018-05-22 19:47:12 - [MESSAGE][PASSED] - Text 'rajaram' is set on object 'Object Repository/DispensaryToCms/Page_Dispensary Store Login/input_txtusername'

2018-05-22 19:47:12 - [TEST_STEP][PASSED] - setText: Text '123' is set on object 'Object Repository/DispensaryToCms/Page_Dispensary Store Login/input_txtpassword'

2018-05-22 19:47:12 - [MESSAGE][PASSED] - Text '123' is set on object 'Object Repository/DispensaryToCms/Page_Dispensary Store Login/input_txtpassword'

2018-05-22 19:47:12 - [TEST_STEP][PASSED] - delay: Delayed 3 second(s)

2018-05-22 19:47:15 - [MESSAGE][PASSED] - Delayed 3 second(s)

2018-05-22 19:47:15 - [TEST_STEP][PASSED] - click: Object: 'Object Repository/DispensaryToCms/Page_Dispensary Store Login/button_Sign in' is clicked on

2018-05-22 19:47:16 - [MESSAGE][PASSED] - Object: 'Object Repository/DispensaryToCms/Page_Dispensary Store Login/button_Sign in' is clicked on

2018-05-22 19:47:16 - [TEST_STEP][PASSED] - delay: Delayed 3 second(s)

2018-05-22 19:47:19 - [MESSAGE][PASSED] - Delayed 3 second(s)

2018-05-22 19:47:19 - [TEST_STEP][PASSED] - click: Object: 'Object Repository/DispensaryToCms/Page_Dispensary Store/a_CMS' is clicked on

2018-05-22 19:47:19 - [MESSAGE][PASSED] - Object: 'Object Repository/DispensaryToCms/Page_Dispensary Store/a_CMS' is clicked on

2018-05-22 19:47:19 - [TEST_STEP][PASSED] - click: Object: 'Object Repository/DispensaryToCms/Page_Dispensary Store/a_Request Send' is clicked on

2018-05-22 19:47:21 - [MESSAGE][PASSED] - Object: 'Object Repository/DispensaryToCms/Page_Dispensary Store/a_Request Send' is clicked on

2018-05-22 19:47:21 - [TEST_STEP][PASSED] - delay: Delayed 2 second(s)

2018-05-22 19:47:23 - [MESSAGE][PASSED] - Delayed 2 second(s)

2018-05-22 19:47:23 - [TEST_STEP][PASSED] - selectOptionByIndex: All options with index in [2] are selected on object 'Object Repository/DispensaryToCms/Page_Dispensary Store/select_--Select--'

2018-05-22 19:47:23 - [MESSAGE][PASSED] - All options with index in [2] are selected on object 'Object Repository/DispensaryToCms/Page_Dispensary Store/select_--Select--'

2018-05-22 19:47:23 - [TEST_STEP][PASSED] - selectOptionByIndex: All options with index in [6] are selected on object 'Object Repository/DispensaryToCms/Page_Dispensary Store/select_--Select--Schedule 1Inj'

2018-05-22 19:47:23 - [MESSAGE][PASSED] - All options with index in [6] are selected on object 'Object Repository/DispensaryToCms/Page_Dispensary Store/select_--Select--Schedule 1Inj'

2018-05-22 19:47:23 - [TEST_STEP][PASSED] - Statement - medicineslength = com.kms.katalon.core.webui.keyword.WebUiBuiltInKeywords.getNumberOfTotalOption(com.kms.katalon.core.testobject.ObjectRepository.findTestObject(DispensaryToCms/Page_Dispensary Store/select_--Select--Adernaline 0.)): 14 options of object 'Object Repository/DispensaryToCms/Page_Dispensary Store/select_--Select--Adernaline 0.' counted

2018-05-22 19:47:23 - [MESSAGE][PASSED] - 14 options of object 'Object Repository/DispensaryToCms/Page_Dispensary Store/select_--Select--Adernaline 0.' counted

2018-05-22 19:47:23 - [TEST_STEP][PASSED] - Statement - For ([e = 1, e <= medicineslength - 1, (e++)]): Object: 'Object Repository/DispensaryToCms/Page_Dispensary Store/button_Add' is clicked on

2018-05-22 19:47:23 - [TEST_STEP][PASSED] - selectOptionByIndex: All options with index in [6] are selected on object 'Object Repository/DispensaryToCms/Page_Dispensary Store/select_--Select--Schedule 1Inj'

2018-05-22 19:47:23 - [MESSAGE][PASSED] - All options with index in [6] are selected on object 'Object Repository/DispensaryToCms/Page_Dispensary Store/select_--Select--Schedule 1Inj'

2018-05-22 19:47:23 - [TEST_STEP][PASSED] - selectOptionByIndex: All options with index in [1] are selected on object 'Object Repository/DispensaryToCms/Page_Dispensary Store/select_--Select--Adernaline 0.'

2018-05-22 19:47:23 - [MESSAGE][PASSED] - All options with index in [1] are selected on object 'Object Repository/DispensaryToCms/Page_Dispensary Store/select_--Select--Adernaline 0.'

2018-05-22 19:47:23 - [TEST_STEP][PASSED] - setText: Text '100' is set on object 'Object Repository/DispensaryToCms/Page_Dispensary Store/input_txttreat'

2018-05-22 19:47:23 - [MESSAGE][PASSED] - Text '100' is set on object 'Object Repository/DispensaryToCms/Page_Dispensary Store/input_txttreat'

2018-05-22 19:47:23 - [TEST_STEP][PASSED] - click: Object: 'Object Repository/DispensaryToCms/Page_Dispensary Store/button_Add' is clicked on

2018-05-22 19:47:23 - [MESSAGE][PASSED] - Object: 'Object Repository/DispensaryToCms/Page_Dispensary Store/button_Add' is clicked on

2018-05-22 19:47:23 - [TEST_STEP][PASSED] - selectOptionByIndex: All options with index in [6] are selected on object 'Object Repository/DispensaryToCms/Page_Dispensary Store/select_--Select--Schedule 1Inj'

2018-05-22 19:47:24 - [MESSAGE][PASSED] - All options with index in [6] are selected on object 'Object Repository/DispensaryToCms/Page_Dispensary Store/select_--Select--Schedule 1Inj'

2018-05-22 19:47:24 - [TEST_STEP][PASSED] - selectOptionByIndex: All options with index in [2] are selected on object 'Object Repository/DispensaryToCms/Page_Dispensary Store/select_--Select--Adernaline 0.'

2018-05-22 19:47:24 - [MESSAGE][PASSED] - All options with index in [2] are selected on object 'Object Repository/DispensaryToCms/Page_Dispensary Store/select_--Select--Adernaline 0.'

2018-05-22 19:47:24 - [TEST_STEP][PASSED] - setText: Text '100' is set on object 'Object Repository/DispensaryToCms/Page_Dispensary Store/input_txttreat'

2018-05-22 19:47:24 - [MESSAGE][PASSED] - Text '100' is set on object 'Object Repository/DispensaryToCms/Page_Dispensary Store/input_txttreat'

2018-05-22 19:47:24 - [TEST_STEP][PASSED] - click: Object: 'Object Repository/DispensaryToCms/Page_Dispensary Store/button_Add' is clicked on

2018-05-22 19:47:24 - [MESSAGE][PASSED] - Object: 'Object Repository/DispensaryToCms/Page_Dispensary Store/button_Add' is clicked on

2018-05-22 19:47:24 - [TEST_STEP][PASSED] - selectOptionByIndex: All options with index in [6] are selected on object 'Object Repository/DispensaryToCms/Page_Dispensary Store/select_--Select--Schedule 1Inj'

2018-05-22 19:47:24 - [MESSAGE][PASSED] - All options with index in [6] are selected on object 'Object Repository/DispensaryToCms/Page_Dispensary Store/select_--Select--Schedule 1Inj'

2018-05-22 19:47:24 - [TEST_STEP][PASSED] - selectOptionByIndex: All options with index in [3] are selected on object 'Object Repository/DispensaryToCms/Page_Dispensary Store/select_--Select--Adernaline 0.'

2018-05-22 19:47:24 - [MESSAGE][PASSED] - All options with index in [3] are selected on object 'Object Repository/DispensaryToCms/Page_Dispensary Store/select_--Select--Adernaline 0.'

2018-05-22 19:47:24 - [TEST_STEP][PASSED] - setText: Text '100' is set on object 'Object Repository/DispensaryToCms/Page_Dispensary Store/input_txttreat'

2018-05-22 19:47:24 - [MESSAGE][PASSED] - Text '100' is set on object 'Object Repository/DispensaryToCms/Page_Dispensary Store/input_txttreat'

2018-05-22 19:47:24 - [TEST_STEP][PASSED] - click: Object: 'Object Repository/DispensaryToCms/Page_Dispensary Store/button_Add' is clicked on

2018-05-22 19:47:24 - [MESSAGE][PASSED] - Object: 'Object Repository/DispensaryToCms/Page_Dispensary Store/button_Add' is clicked on

2018-05-22 19:47:24 - [TEST_STEP][PASSED] - selectOptionByIndex: All options with index in [6] are selected on object 'Object Repository/DispensaryToCms/Page_Dispensary Store/select_--Select--Schedule 1Inj'

2018-05-22 19:47:25 - [MESSAGE][PASSED] - All options with index in [6] are selected on object 'Object Repository/DispensaryToCms/Page_Dispensary Store/select_--Select--Schedule 1Inj'

2018-05-22 19:47:25 - [TEST_STEP][PASSED] - selectOptionByIndex: All options with index in [4] are selected on object 'Object Repository/DispensaryToCms/Page_Dispensary Store/select_--Select--Adernaline 0.'

2018-05-22 19:47:25 - [MESSAGE][PASSED] - All options with index in [4] are selected on object 'Object Repository/DispensaryToCms/Page_Dispensary Store/select_--Select--Adernaline 0.'

2018-05-22 19:47:25 - [TEST_STEP][PASSED] - setText: Text '100' is set on object 'Object Repository/DispensaryToCms/Page_Dispensary Store/input_txttreat'

2018-05-22 19:47:25 - [MESSAGE][PASSED] - Text '100' is set on object 'Object Repository/DispensaryToCms/Page_Dispensary Store/input_txttreat'

2018-05-22 19:47:25 - [TEST_STEP][PASSED] - click: Object: 'Object Repository/DispensaryToCms/Page_Dispensary Store/button_Add' is clicked on

2018-05-22 19:47:26 - [MESSAGE][PASSED] - Object: 'Object Repository/DispensaryToCms/Page_Dispensary Store/button_Add' is clicked on

2018-05-22 19:47:26 - [TEST_STEP][PASSED] - selectOptionByIndex: All options with index in [6] are selected on object 'Object Repository/DispensaryToCms/Page_Dispensary Store/select_--Select--Schedule 1Inj'

2018-05-22 19:47:27 - [MESSAGE][PASSED] - All options with index in [6] are selected on object 'Object Repository/DispensaryToCms/Page_Dispensary Store/select_--Select--Schedule 1Inj'

2018-05-22 19:47:27 - [TEST_STEP][PASSED] - selectOptionByIndex: All options with index in [5] are selected on object 'Object Repository/DispensaryToCms/Page_Dispensary Store/select_--Select--Adernaline 0.'

2018-05-22 19:47:27 - [MESSAGE][PASSED] - All options with index in [5] are selected on object 'Object Repository/DispensaryToCms/Page_Dispensary Store/select_--Select--Adernaline 0.'

2018-05-22 19:47:27 - [TEST_STEP][PASSED] - setText: Text '100' is set on object 'Object Repository/DispensaryToCms/Page_Dispensary Store/input_txttreat'

2018-05-22 19:47:27 - [MESSAGE][PASSED] - Text '100' is set on object 'Object Repository/DispensaryToCms/Page_Dispensary Store/input_txttreat'

2018-05-22 19:47:27 - [TEST_STEP][PASSED] - click: Object: 'Object Repository/DispensaryToCms/Page_Dispensary Store/button_Add' is clicked on

2018-05-22 19:47:27 - [MESSAGE][PASSED] - Object: 'Object Repository/DispensaryToCms/Page_Dispensary Store/button_Add' is clicked on

2018-05-22 19:47:27 - [TEST_STEP][PASSED] - selectOptionByIndex: All options with index in [6] are selected on object 'Object Repository/DispensaryToCms/Page_Dispensary Store/select_--Select--Schedule 1Inj'

2018-05-22 19:47:27 - [MESSAGE][PASSED] - All options with index in [6] are selected on object 'Object Repository/DispensaryToCms/Page_Dispensary Store/select_--Select--Schedule 1Inj'

2018-05-22 19:47:27 - [TEST_STEP][PASSED] - selectOptionByIndex: All options with index in [6] are selected on object 'Object Repository/DispensaryToCms/Page_Dispensary Store/select_--Select--Adernaline 0.'

2018-05-22 19:47:27 - [MESSAGE][PASSED] - All options with index in [6] are selected on object 'Object Repository/DispensaryToCms/Page_Dispensary Store/select_--Select--Adernaline 0.'

2018-05-22 19:47:27 - [TEST_STEP][PASSED] - setText: Text '100' is set on object 'Object Repository/DispensaryToCms/Page_Dispensary Store/input_txttreat'

2018-05-22 19:47:27 - [MESSAGE][PASSED] - Text '100' is set on object 'Object Repository/DispensaryToCms/Page_Dispensary Store/input_txttreat'

2018-05-22 19:47:27 - [TEST_STEP][PASSED] - click: Object: 'Object Repository/DispensaryToCms/Page_Dispensary Store/button_Add' is clicked on

2018-05-22 19:47:27 - [MESSAGE][PASSED] - Object: 'Object Repository/DispensaryToCms/Page_Dispensary Store/button_Add' is clicked on

2018-05-22 19:47:27 - [TEST_STEP][PASSED] - selectOptionByIndex: All options with index in [6] are selected on object 'Object Repository/DispensaryToCms/Page_Dispensary Store/select_--Select--Schedule 1Inj'

2018-05-22 19:47:28 - [MESSAGE][PASSED] - All options with index in [6] are selected on object 'Object Repository/DispensaryToCms/Page_Dispensary Store/select_--Select--Schedule 1Inj'

2018-05-22 19:47:28 - [TEST_STEP][PASSED] - selectOptionByIndex: All options with index in [7] are selected on object 'Object Repository/DispensaryToCms/Page_Dispensary Store/select_--Select--Adernaline 0.'

2018-05-22 19:47:28 - [MESSAGE][PASSED] - All options with index in [7] are selected on object 'Object Repository/DispensaryToCms/Page_Dispensary Store/select_--Select--Adernaline 0.'

2018-05-22 19:47:28 - [TEST_STEP][PASSED] - setText: Text '100' is set on object 'Object Repository/DispensaryToCms/Page_Dispensary Store/input_txttreat'

2018-05-22 19:47:28 - [MESSAGE][PASSED] - Text '100' is set on object 'Object Repository/DispensaryToCms/Page_Dispensary Store/input_txttreat'

2018-05-22 19:47:28 - [TEST_STEP][PASSED] - click: Object: 'Object Repository/DispensaryToCms/Page_Dispensary Store/button_Add' is clicked on

2018-05-22 19:47:28 - [MESSAGE][PASSED] - Object: 'Object Repository/DispensaryToCms/Page_Dispensary Store/button_Add' is clicked on

2018-05-22 19:47:28 - [TEST_STEP][PASSED] - selectOptionByIndex: All options with index in [6] are selected on object 'Object Repository/DispensaryToCms/Page_Dispensary Store/select_--Select--Schedule 1Inj'

2018-05-22 19:47:28 - [MESSAGE][PASSED] - All options with index in [6] are selected on object 'Object Repository/DispensaryToCms/Page_Dispensary Store/select_--Select--Schedule 1Inj'

2018-05-22 19:47:28 - [TEST_STEP][PASSED] - selectOptionByIndex: All options with index in [8] are selected on object 'Object Repository/DispensaryToCms/Page_Dispensary Store/select_--Select--Adernaline 0.'

2018-05-22 19:47:28 - [MESSAGE][PASSED] - All options with index in [8] are selected on object 'Object Repository/DispensaryToCms/Page_Dispensary Store/select_--Select--Adernaline 0.'

2018-05-22 19:47:28 - [TEST_STEP][PASSED] - setText: Text '100' is set on object 'Object Repository/DispensaryToCms/Page_Dispensary Store/input_txttreat'

2018-05-22 19:47:28 - [MESSAGE][PASSED] - Text '100' is set on object 'Object Repository/DispensaryToCms/Page_Dispensary Store/input_txttreat'

2018-05-22 19:47:28 - [TEST_STEP][PASSED] - click: Object: 'Object Repository/DispensaryToCms/Page_Dispensary Store/button_Add' is clicked on

2018-05-22 19:47:28 - [MESSAGE][PASSED] - Object: 'Object Repository/DispensaryToCms/Page_Dispensary Store/button_Add' is clicked on

2018-05-22 19:47:28 - [TEST_STEP][PASSED] - selectOptionByIndex: All options with index in [6] are selected on object 'Object Repository/DispensaryToCms/Page_Dispensary Store/select_--Select--Schedule 1Inj'

2018-05-22 19:47:29 - [MESSAGE][PASSED] - All options with index in [6] are selected on object 'Object Repository/DispensaryToCms/Page_Dispensary Store/select_--Select--Schedule 1Inj'

2018-05-22 19:47:29 - [TEST_STEP][PASSED] - selectOptionByIndex: All options with index in [9] are selected on object 'Object Repository/DispensaryToCms/Page_Dispensary Store/select_--Select--Adernaline 0.'

2018-05-22 19:47:29 - [MESSAGE][PASSED] - All options with index in [9] are selected on object 'Object Repository/DispensaryToCms/Page_Dispensary Store/select_--Select--Adernaline 0.'

2018-05-22 19:47:29 - [TEST_STEP][PASSED] - setText: Text '100' is set on object 'Object Repository/DispensaryToCms/Page_Dispensary Store/input_txttreat'

2018-05-22 19:47:29 - [MESSAGE][PASSED] - Text '100' is set on object 'Object Repository/DispensaryToCms/Page_Dispensary Store/input_txttreat'

2018-05-22 19:47:29 - [TEST_STEP][PASSED] - click: Object: 'Object Repository/DispensaryToCms/Page_Dispensary Store/button_Add' is clicked on

2018-05-22 19:47:29 - [MESSAGE][PASSED] - Object: 'Object Repository/DispensaryToCms/Page_Dispensary Store/button_Add' is clicked on

2018-05-22 19:47:29 - [TEST_STEP][PASSED] - selectOptionByIndex: All options with index in [6] are selected on object 'Object Repository/DispensaryToCms/Page_Dispensary Store/select_--Select--Schedule 1Inj'

2018-05-22 19:47:29 - [MESSAGE][PASSED] - All options with index in [6] are selected on object 'Object Repository/DispensaryToCms/Page_Dispensary Store/select_--Select--Schedule 1Inj'

2018-05-22 19:47:29 - [TEST_STEP][PASSED] - selectOptionByIndex: All options with index in [10] are selected on object 'Object Repository/DispensaryToCms/Page_Dispensary Store/select_--Select--Adernaline 0.'

2018-05-22 19:47:29 - [MESSAGE][PASSED] - All options with index in [10] are selected on object 'Object Repository/DispensaryToCms/Page_Dispensary Store/select_--Select--Adernaline 0.'

2018-05-22 19:47:29 - [TEST_STEP][PASSED] - setText: Text '100' is set on object 'Object Repository/DispensaryToCms/Page_Dispensary Store/input_txttreat'

2018-05-22 19:47:29 - [MESSAGE][PASSED] - Text '100' is set on object 'Object Repository/DispensaryToCms/Page_Dispensary Store/input_txttreat'

2018-05-22 19:47:29 - [TEST_STEP][PASSED] - click: Object: 'Object Repository/DispensaryToCms/Page_Dispensary Store/button_Add' is clicked on

2018-05-22 19:47:29 - [MESSAGE][PASSED] - Object: 'Object Repository/DispensaryToCms/Page_Dispensary Store/button_Add' is clicked on

2018-05-22 19:47:29 - [TEST_STEP][PASSED] - selectOptionByIndex: All options with index in [6] are selected on object 'Object Repository/DispensaryToCms/Page_Dispensary Store/select_--Select--Schedule 1Inj'

2018-05-22 19:47:30 - [MESSAGE][PASSED] - All options with index in [6] are selected on object 'Object Repository/DispensaryToCms/Page_Dispensary Store/select_--Select--Schedule 1Inj'

2018-05-22 19:47:30 - [TEST_STEP][PASSED] - selectOptionByIndex: All options with index in [11] are selected on object 'Object Repository/DispensaryToCms/Page_Dispensary Store/select_--Select--Adernaline 0.'

2018-05-22 19:47:30 - [MESSAGE][PASSED] - All options with index in [11] are selected on object 'Object Repository/DispensaryToCms/Page_Dispensary Store/select_--Select--Adernaline 0.'

2018-05-22 19:47:30 - [TEST_STEP][PASSED] - setText: Text '100' is set on object 'Object Repository/DispensaryToCms/Page_Dispensary Store/input_txttreat'

2018-05-22 19:47:30 - [MESSAGE][PASSED] - Text '100' is set on object 'Object Repository/DispensaryToCms/Page_Dispensary Store/input_txttreat'

2018-05-22 19:47:30 - [TEST_STEP][PASSED] - click: Object: 'Object Repository/DispensaryToCms/Page_Dispensary Store/button_Add' is clicked on

2018-05-22 19:47:30 - [MESSAGE][PASSED] - Object: 'Object Repository/DispensaryToCms/Page_Dispensary Store/button_Add' is clicked on

2018-05-22 19:47:30 - [TEST_STEP][PASSED] - selectOptionByIndex: All options with index in [6] are selected on object 'Object Repository/DispensaryToCms/Page_Dispensary Store/select_--Select--Schedule 1Inj'

2018-05-22 19:47:30 - [MESSAGE][PASSED] - All options with index in [6] are selected on object 'Object Repository/DispensaryToCms/Page_Dispensary Store/select_--Select--Schedule 1Inj'

2018-05-22 19:47:30 - [TEST_STEP][PASSED] - selectOptionByIndex: All options with index in [12] are selected on object 'Object Repository/DispensaryToCms/Page_Dispensary Store/select_--Select--Adernaline 0.'

2018-05-22 19:47:30 - [MESSAGE][PASSED] - All options with index in [12] are selected on object 'Object Repository/DispensaryToCms/Page_Dispensary Store/select_--Select--Adernaline 0.'

2018-05-22 19:47:30 - [TEST_STEP][PASSED] - setText: Text '100' is set on object 'Object Repository/DispensaryToCms/Page_Dispensary Store/input_txttreat'

2018-05-22 19:47:31 - [MESSAGE][PASSED] - Text '100' is set on object 'Object Repository/DispensaryToCms/Page_Dispensary Store/input_txttreat'

2018-05-22 19:47:31 - [TEST_STEP][PASSED] - click: Object: 'Object Repository/DispensaryToCms/Page_Dispensary Store/button_Add' is clicked on

2018-05-22 19:47:31 - [MESSAGE][PASSED] - Object: 'Object Repository/DispensaryToCms/Page_Dispensary Store/button_Add' is clicked on

2018-05-22 19:47:31 - [TEST_STEP][PASSED] - selectOptionByIndex: All options with index in [6] are selected on object 'Object Repository/DispensaryToCms/Page_Dispensary Store/select_--Select--Schedule 1Inj'

2018-05-22 19:47:31 - [MESSAGE][PASSED] - All options with index in [6] are selected on object 'Object Repository/DispensaryToCms/Page_Dispensary Store/select_--Select--Schedule 1Inj'

2018-05-22 19:47:31 - [TEST_STEP][PASSED] - selectOptionByIndex: All options with index in [13] are selected on object 'Object Repository/DispensaryToCms/Page_Dispensary Store/select_--Select--Adernaline 0.'

2018-05-22 19:47:31 - [MESSAGE][PASSED] - All options with index in [13] are selected on object 'Object Repository/DispensaryToCms/Page_Dispensary Store/select_--Select--Adernaline 0.'

2018-05-22 19:47:31 - [TEST_STEP][PASSED] - setText: Text '100' is set on object 'Object Repository/DispensaryToCms/Page_Dispensary Store/input_txttreat'

2018-05-22 19:47:31 - [MESSAGE][PASSED] - Text '100' is set on object 'Object Repository/DispensaryToCms/Page_Dispensary Store/input_txttreat'

2018-05-22 19:47:31 - [TEST_STEP][PASSED] - click: Object: 'Object Repository/DispensaryToCms/Page_Dispensary Store/button_Add' is clicked on

2018-05-22 19:47:31 - [MESSAGE][PASSED] - Object: 'Object Repository/DispensaryToCms/Page_Dispensary Store/button_Add' is clicked on

2018-05-22 19:47:31 - [TEST_STEP][PASSED] - scrollToElement: Scroll to object 'Object Repository/DispensaryToCms/Page_Dispensary Store/input_btnsave' successfully

2018-05-22 19:47:31 - [MESSAGE][PASSED] - Scroll to object 'Object Repository/DispensaryToCms/Page_Dispensary Store/input_btnsave' successfully

2018-05-22 19:47:31 - [TEST_STEP][PASSED] - click: Object: 'Object Repository/DispensaryToCms/Page_Dispensary Store/input_btnsave' is clicked on

2018-05-22 19:47:31 - [MESSAGE][PASSED] - Object: 'Object Repository/DispensaryToCms/Page_Dispensary Store/input_btnsave' is clicked on

2018-05-22 19:47:31 - [TEST_STEP][PASSED] - delay: Delayed 3 second(s)

2018-05-22 19:47:34 - [MESSAGE][PASSED] - Delayed 3 second(s)

2018-05-22 19:47:34 - [TEST_STEP][PASSED] - Statement - RN1 = com.kms.katalon.core.webui.keyword.WebUiBuiltInKeywords.getText(com.kms.katalon.core.testobject.ObjectRepository.findTestObject(DispensaryToCms/Page_Dispensary Store/font_PRNO18052018174)): Text of object 'Object Repository/DispensaryToCms/Page_Dispensary Store/font_PRNO18052018174' is: 'PRNO/22052018/345'

2018-05-22 19:47:34 - [MESSAGE][PASSED] - Text of object 'Object Repository/DispensaryToCms/Page_Dispensary Store/font_PRNO18052018174' is: 'PRNO/22052018/345'

2018-05-22 19:47:34 - [TEST_STEP][PASSED] - Statement - out.println(RN1): null

2018-05-22 19:47:34 - [TEST_STEP][PASSED] - Statement - RID = RN1.split("/")[2]: null

2018-05-22 19:47:34 - [TEST_STEP][PASSED] - click: Object: 'Object Repository/DispensaryToCms/Page_Dispensary Store/button_OK' is clicked on

2018-05-22 19:47:36 - [MESSAGE][PASSED] - Object: 'Object Repository/DispensaryToCms/Page_Dispensary Store/button_OK' is clicked on

2018-05-22 19:47:36 - [TEST_STEP][PASSED] - delay: Delayed 3 second(s)

2018-05-22 19:47:39 - [MESSAGE][PASSED] - Delayed 3 second(s)

2018-05-22 19:47:39 - [TEST_STEP][PASSED] - waitForElementPresent: Object 'Object Repository/DispensaryToCms/Page_Dispensary Store/a_dropdown-toggle' is present

2018-05-22 19:47:39 - [MESSAGE][PASSED] - Object 'Object Repository/DispensaryToCms/Page_Dispensary Store/a_dropdown-toggle' is present

2018-05-22 19:47:39 - [TEST_STEP][PASSED] - click: Object: 'Object Repository/DispensaryToCms/Page_Dispensary Store/a_dropdown-toggle' is clicked on

2018-05-22 19:47:39 - [MESSAGE][PASSED] - Object: 'Object Repository/DispensaryToCms/Page_Dispensary Store/a_dropdown-toggle' is clicked on

2018-05-22 19:47:39 - [TEST_STEP][PASSED] - click: Object: 'Object Repository/DispensaryToCms/Page_Dispensary Store/a_Sign out' is clicked on

2018-05-22 19:47:40 - [MESSAGE][PASSED] - Object: 'Object Repository/DispensaryToCms/Page_Dispensary Store/a_Sign out' is clicked on

2018-05-22 19:47:40 - [TEST_STEP][PASSED] - delay: Delayed 3 second(s)

2018-05-22 19:47:43 - [MESSAGE][PASSED] - Delayed 3 second(s)

2018-05-22 19:47:43 - [TEST_STEP][PASSED] - navigateToUrl: Navigate to 'http://192.168.137.1/multihospital_new/' successfully

2018-05-22 19:47:44 - [MESSAGE][PASSED] - Navigate to 'http://192.168.137.1/multihospital_new/' successfully

2018-05-22 19:47:44 - [TEST_STEP][PASSED] - click: Object: 'Object Repository/DispensaryToCms/Page_KDMC/a_CMO' is clicked on

2018-05-22 19:47:44 - [MESSAGE][PASSED] - Object: 'Object Repository/DispensaryToCms/Page_KDMC/a_CMO' is clicked on

2018-05-22 19:47:44 - [TEST_STEP][PASSED] - setText: Text 'guru' is set on object 'Object Repository/DispensaryToCms/Page_CMO login/input_txtusername'

2018-05-22 19:47:44 - [MESSAGE][PASSED] - Text 'guru' is set on object 'Object Repository/DispensaryToCms/Page_CMO login/input_txtusername'

2018-05-22 19:47:44 - [TEST_STEP][PASSED] - setText: Text '123' is set on object 'Object Repository/DispensaryToCms/Page_CMO login/input_txtpassword'

2018-05-22 19:47:45 - [MESSAGE][PASSED] - Text '123' is set on object 'Object Repository/DispensaryToCms/Page_CMO login/input_txtpassword'

2018-05-22 19:47:45 - [TEST_STEP][PASSED] - delay: Delayed 3 second(s)

2018-05-22 19:47:48 - [MESSAGE][PASSED] - Delayed 3 second(s)

2018-05-22 19:47:48 - [TEST_STEP][PASSED] - click: Object: 'Object Repository/DispensaryToCms/Page_CMO login/button_Sign in' is clicked on

2018-05-22 19:47:49 - [MESSAGE][PASSED] - Object: 'Object Repository/DispensaryToCms/Page_CMO login/button_Sign in' is clicked on

2018-05-22 19:47:49 - [TEST_STEP][PASSED] - delay: Delayed 3 second(s)

2018-05-22 19:47:52 - [MESSAGE][PASSED] - Delayed 3 second(s)

2018-05-22 19:47:52 - [TEST_STEP][PASSED] - click: Object: 'Object Repository/DispensaryToCms/Page_KDMC - CMO/a_CMS Request' is clicked on

2018-05-22 19:47:52 - [MESSAGE][PASSED] - Object: 'Object Repository/DispensaryToCms/Page_KDMC - CMO/a_CMS Request' is clicked on

2018-05-22 19:47:52 - [TEST_STEP][PASSED] - delay: Delayed 2 second(s)

2018-05-22 19:47:54 - [MESSAGE][PASSED] - Delayed 2 second(s)

2018-05-22 19:47:54 - [TEST_STEP][PASSED] - click: Object: 'Object Repository/DispensaryToCms/Page_KDMC - CMO/a_Dispensary Store Request' is clicked on

2018-05-22 19:47:54 - [MESSAGE][PASSED] - Object: 'Object Repository/DispensaryToCms/Page_KDMC - CMO/a_Dispensary Store Request' is clicked on

2018-05-22 19:47:54 - [TEST_STEP][PASSED] - selectOptionByIndex: All options with index in [1] are selected on object 'Object Repository/DispensaryToCms/Page_KDMC - CMO/select_--ALL--'

2018-05-22 19:47:54 - [MESSAGE][PASSED] - All options with index in [1] are selected on object 'Object Repository/DispensaryToCms/Page_KDMC - CMO/select_--ALL--'

2018-05-22 19:47:54 - [TEST_STEP][PASSED] - click: Object: 'Object Repository/DispensaryToCms/Page_KDMC - CMO/input_btnsearch' is clicked on

2018-05-22 19:47:55 - [MESSAGE][PASSED] - Object: 'Object Repository/DispensaryToCms/Page_KDMC - CMO/input_btnsearch' is clicked on

2018-05-22 19:47:55 - [TEST_STEP][PASSED] - Statement - ID = com.kms.katalon.core.webui.keyword.WebUiBuiltInKeywords.modifyObjectProperty(com.kms.katalon.core.testobject.ObjectRepository.findTestObject(lab/Page_KDMC - CMO/input_1), "xpath", "equals", "//*[@id=" + RID + "]", true): Modify property of object successfully

2018-05-22 19:47:55 - [MESSAGE][PASSED] - Modify property of object successfully

2018-05-22 19:47:55 - [TEST_STEP][PASSED] - click: Object: 'Object Repository/lab/Page_KDMC - CMO/input_1' is clicked on

2018-05-22 19:47:55 - [MESSAGE][PASSED] - Object: 'Object Repository/lab/Page_KDMC - CMO/input_1' is clicked on

2018-05-22 19:47:55 - [TEST_STEP][PASSED] - delay: Delayed 2 second(s)

2018-05-22 19:47:57 - [MESSAGE][PASSED] - Delayed 2 second(s)

2018-05-22 19:47:57 - [TEST_STEP][PASSED] - selectOptionByIndex: All options with index in [1] are selected on object 'Object Repository/DispensaryToCms/Page_KDMC - CMO/select_--Select--'

2018-05-22 19:47:57 - [MESSAGE][PASSED] - All options with index in [1] are selected on object 'Object Repository/DispensaryToCms/Page_KDMC - CMO/select_--Select--'

2018-05-22 19:47:57 - [TEST_STEP][PASSED] - click: Object: 'Object Repository/DispensaryToCms/Page_KDMC - CMO/input_btnupdate' is clicked on

2018-05-22 19:47:57 - [MESSAGE][PASSED] - Object: 'Object Repository/DispensaryToCms/Page_KDMC - CMO/input_btnupdate' is clicked on

2018-05-22 19:47:57 - [TEST_STEP][PASSED] - delay: Delayed 2 second(s)

2018-05-22 19:47:59 - [MESSAGE][PASSED] - Delayed 2 second(s)

2018-05-22 19:47:59 - [TEST_STEP][PASSED] - click: Object: 'Object Repository/DispensaryToCms/Page_KDMC - CMO/button_OK' is clicked on

2018-05-22 19:48:00 - [MESSAGE][PASSED] - Object: 'Object Repository/DispensaryToCms/Page_KDMC - CMO/button_OK' is clicked on

2018-05-22 19:48:00 - [TEST_STEP][PASSED] - delay: Delayed 3 second(s)

2018-05-22 19:48:03 - [MESSAGE][PASSED] - Delayed 3 second(s)

2018-05-22 19:48:03 - [TEST_STEP][PASSED] - click: Object: 'Object Repository/DispensaryToCms/Page_KDMC - CMO/a_dropdown-toggle' is clicked on

2018-05-22 19:48:03 - [MESSAGE][PASSED] - Object: 'Object Repository/DispensaryToCms/Page_KDMC - CMO/a_dropdown-toggle' is clicked on

2018-05-22 19:48:03 - [TEST_STEP][PASSED] - click: Object: 'Object Repository/DispensaryToCms/Page_KDMC - CMO/a_Sign out' is clicked on

2018-05-22 19:48:03 - [MESSAGE][PASSED] - Object: 'Object Repository/DispensaryToCms/Page_KDMC - CMO/a_Sign out' is clicked on

2018-05-22 19:48:03 - [TEST_STEP][PASSED] - delay: Delayed 3 second(s)

2018-05-22 19:48:06 - [MESSAGE][PASSED] - Delayed 3 second(s)

2018-05-22 19:48:06 - [TEST_STEP][PASSED] - click: Object: 'Object Repository/DispensaryToCms/Page_KDMC/a_CMS' is clicked on

2018-05-22 19:48:07 - [MESSAGE][PASSED] - Object: 'Object Repository/DispensaryToCms/Page_KDMC/a_CMS' is clicked on

2018-05-22 19:48:07 - [TEST_STEP][PASSED] - setText: Text 'bala' is set on object 'Object Repository/DispensaryToCms/Page_CMS login/input_txtusername'

2018-05-22 19:48:07 - [MESSAGE][PASSED] - Text 'bala' is set on object 'Object Repository/DispensaryToCms/Page_CMS login/input_txtusername'

2018-05-22 19:48:07 - [TEST_STEP][PASSED] - setText: Text '123' is set on object 'Object Repository/DispensaryToCms/Page_CMS login/input_txtpassword'

2018-05-22 19:48:07 - [MESSAGE][PASSED] - Text '123' is set on object 'Object Repository/DispensaryToCms/Page_CMS login/input_txtpassword'

2018-05-22 19:48:07 - [TEST_STEP][PASSED] - delay: Delayed 3 second(s)

2018-05-22 19:48:10 - [MESSAGE][PASSED] - Delayed 3 second(s)

2018-05-22 19:48:10 - [TEST_STEP][PASSED] - click: Object: 'Object Repository/DispensaryToCms/Page_CMS login/button_Sign in' is clicked on

2018-05-22 19:48:11 - [MESSAGE][PASSED] - Object: 'Object Repository/DispensaryToCms/Page_CMS login/button_Sign in' is clicked on

2018-05-22 19:48:11 - [TEST_STEP][PASSED] - delay: Delayed 3 second(s)

2018-05-22 19:48:14 - [MESSAGE][PASSED] - Delayed 3 second(s)

2018-05-22 19:48:14 - [TEST_STEP][PASSED] - click: Object: 'Object Repository/DispensaryToCms/Page_KDMC - CMS/a_Divisional Store' is clicked on

2018-05-22 19:48:14 - [MESSAGE][PASSED] - Object: 'Object Repository/DispensaryToCms/Page_KDMC - CMS/a_Divisional Store' is clicked on

2018-05-22 19:48:14 - [TEST_STEP][PASSED] - delay: Delayed 2 second(s)

2018-05-22 19:48:16 - [MESSAGE][PASSED] - Delayed 2 second(s)

2018-05-22 19:48:16 - [TEST_STEP][PASSED] - click: Object: 'Object Repository/DispensaryToCms/Page_KDMC - CMS/a_Dispatch Items' is clicked on

2018-05-22 19:48:17 - [MESSAGE][PASSED] - Object: 'Object Repository/DispensaryToCms/Page_KDMC - CMS/a_Dispatch Items' is clicked on

2018-05-22 19:48:17 - [TEST_STEP][PASSED] - delay: Delayed 2 second(s)

2018-05-22 19:48:19 - [MESSAGE][PASSED] - Delayed 2 second(s)

2018-05-22 19:48:19 - [TEST_STEP][PASSED] - setText: Text 'PRNO/22052018/345' is set on object 'Object Repository/DispensaryToCms/Page_KDMC - CMS/input'

2018-05-22 19:48:19 - [MESSAGE][PASSED] - Text 'PRNO/22052018/345' is set on object 'Object Repository/DispensaryToCms/Page_KDMC - CMS/input'

2018-05-22 19:48:19 - [TEST_STEP][PASSED] - delay: Delayed 1 second(s)

2018-05-22 19:48:20 - [MESSAGE][PASSED] - Delayed 1 second(s)

2018-05-22 19:48:20 - [TEST_STEP][PASSED] - click: Object: 'Object Repository/DispensaryToCms/Page_KDMC - CMS/input_PRNO18052018174' is clicked on

2018-05-22 19:48:20 - [MESSAGE][PASSED] - Object: 'Object Repository/DispensaryToCms/Page_KDMC - CMS/input_PRNO18052018174' is clicked on

2018-05-22 19:48:20 - [TEST_STEP][PASSED] - Statement - out.println("Length : " + medicineslength): null

2018-05-22 19:48:20 - [TEST_STEP][PASSED] - Statement - For ([row = 0, row < medicineslength - 1, (row++)]): null

2018-05-22 19:48:20 - [TEST_STEP][PASSED] - Statement - batchlength = new com.kms.katalon.core.testobject.TestObject(): null

2018-05-22 19:48:20 - [TEST_STEP][PASSED] - Statement - batchlength = com.kms.katalon.core.webui.keyword.WebUiBuiltInKeywords.modifyObjectProperty(batchlength, "xpath", "equals", "//*[@id = "fldvendor" + row + ""]", true): Modify property of object successfully

2018-05-22 19:48:20 - [MESSAGE][PASSED] - Modify property of object successfully

2018-05-22 19:48:20 - [TEST_STEP][PASSED] - Statement - batchsize = com.kms.katalon.core.webui.keyword.WebUiBuiltInKeywords.getNumberOfTotalOption(batchlength): 7 options of object '' counted

2018-05-22 19:48:21 - [MESSAGE][PASSED] - 7 options of object '' counted

2018-05-22 19:48:21 - [TEST_STEP][PASSED] - Statement - out.println("BatchSize : " + batchsize): null

2018-05-22 19:48:21 - [TEST_STEP][PASSED] - Statement - For ([n = 1, n <= batchsize - 1, (n++)]): null

2018-05-22 19:48:21 - [TEST_STEP][PASSED] - Statement - product = new com.kms.katalon.core.testobject.TestObject(): null

2018-05-22 19:48:21 - [TEST_STEP][PASSED] - Statement - product = com.kms.katalon.core.webui.keyword.WebUiBuiltInKeywords.modifyObjectProperty(product, "xpath", "equals", "//*[@id = "fldvendor" + row + ""]", true): Modify property of object successfully

2018-05-22 19:48:21 - [MESSAGE][PASSED] - Modify property of object successfully

2018-05-22 19:48:21 - [TEST_STEP][PASSED] - selectOptionByIndex: All options with index in [1] are selected on object ''

2018-05-22 19:48:21 - [MESSAGE][PASSED] - All options with index in [1] are selected on object ''

2018-05-22 19:48:21 - [TEST_STEP][PASSED] - Statement - batch = new com.kms.katalon.core.testobject.TestObject(): null

2018-05-22 19:48:21 - [TEST_STEP][PASSED] - Statement - batch = com.kms.katalon.core.webui.keyword.WebUiBuiltInKeywords.modifyObjectProperty(batch, "xpath", "equals", "//*[@id = "txtbthqty" + row + ""]", true): Modify property of object successfully

2018-05-22 19:48:21 - [MESSAGE][PASSED] - Modify property of object successfully

2018-05-22 19:48:21 - [TEST_STEP][PASSED] - Statement - batchqty = com.kms.katalon.core.webui.keyword.WebUiBuiltInKeywords.getAttribute(batch, "value").trim(): Attribute 'value' of object '' is: '39100'

2018-05-22 19:48:21 - [MESSAGE][PASSED] - Attribute 'value' of object '' is: '39100'

2018-05-22 19:48:21 - [TEST_STEP][PASSED] - Statement - Rqty = 100: null

2018-05-22 19:48:21 - [TEST_STEP][PASSED] - delay: Delayed 2 second(s)

2018-05-22 19:48:23 - [MESSAGE][PASSED] - Delayed 2 second(s)

2018-05-22 19:48:23 - [TEST_STEP][PASSED] - Statement - out.println("BatchQty : " + batchqty): null

2018-05-22 19:48:23 - [TEST_STEP][PASSED] - Statement - out.println("RQty : " + Rqty): null

2018-05-22 19:48:23 - [TEST_STEP][PASSED] - Statement - If (java.lang.Integer.valueOf(batchqty) >= java.lang.Integer.valueOf(Rqty)): null

2018-05-22 19:48:23 - [TEST_STEP][PASSED] - Statement - Break: null

2018-05-22 19:48:23 - [TEST_STEP][PASSED] - Statement - batchlength = new com.kms.katalon.core.testobject.TestObject(): null

2018-05-22 19:48:23 - [TEST_STEP][PASSED] - Statement - batchlength = com.kms.katalon.core.webui.keyword.WebUiBuiltInKeywords.modifyObjectProperty(batchlength, "xpath", "equals", "//*[@id = "fldvendor" + row + ""]", true): Modify property of object successfully

2018-05-22 19:48:23 - [MESSAGE][PASSED] - Modify property of object successfully

2018-05-22 19:48:23 - [TEST_STEP][PASSED] - Statement - batchsize = com.kms.katalon.core.webui.keyword.WebUiBuiltInKeywords.getNumberOfTotalOption(batchlength): 7 options of object '' counted

2018-05-22 19:48:23 - [MESSAGE][PASSED] - 7 options of object '' counted

2018-05-22 19:48:23 - [TEST_STEP][PASSED] - Statement - out.println("BatchSize : " + batchsize): null

2018-05-22 19:48:23 - [TEST_STEP][PASSED] - Statement - For ([n = 1, n <= batchsize - 1, (n++)]): null

2018-05-22 19:48:23 - [TEST_STEP][PASSED] - Statement - product = new com.kms.katalon.core.testobject.TestObject(): null

2018-05-22 19:48:23 - [TEST_STEP][PASSED] - Statement - product = com.kms.katalon.core.webui.keyword.WebUiBuiltInKeywords.modifyObjectProperty(product, "xpath", "equals", "//*[@id = "fldvendor" + row + ""]", true): Modify property of object successfully

2018-05-22 19:48:23 - [MESSAGE][PASSED] - Modify property of object successfully

2018-05-22 19:48:23 - [TEST_STEP][PASSED] - selectOptionByIndex: All options with index in [1] are selected on object ''

2018-05-22 19:48:23 - [MESSAGE][PASSED] - All options with index in [1] are selected on object ''

2018-05-22 19:48:23 - [TEST_STEP][PASSED] - Statement - batch = new com.kms.katalon.core.testobject.TestObject(): null

2018-05-22 19:48:23 - [TEST_STEP][PASSED] - Statement - batch = com.kms.katalon.core.webui.keyword.WebUiBuiltInKeywords.modifyObjectProperty(batch, "xpath", "equals", "//*[@id = "txtbthqty" + row + ""]", true): Modify property of object successfully

2018-05-22 19:48:23 - [MESSAGE][PASSED] - Modify property of object successfully

2018-05-22 19:48:23 - [TEST_STEP][PASSED] - Statement - batchqty = com.kms.katalon.core.webui.keyword.WebUiBuiltInKeywords.getAttribute(batch, "value").trim(): Attribute 'value' of object '' is: '4200'

2018-05-22 19:48:23 - [MESSAGE][PASSED] - Attribute 'value' of object '' is: '4200'

2018-05-22 19:48:23 - [TEST_STEP][PASSED] - Statement - Rqty = 100: null

2018-05-22 19:48:23 - [TEST_STEP][PASSED] - delay: Delayed 2 second(s)

2018-05-22 19:48:25 - [MESSAGE][PASSED] - Delayed 2 second(s)

2018-05-22 19:48:25 - [TEST_STEP][PASSED] - Statement - out.println("BatchQty : " + batchqty): null

2018-05-22 19:48:25 - [TEST_STEP][PASSED] - Statement - out.println("RQty : " + Rqty): null

2018-05-22 19:48:25 - [TEST_STEP][PASSED] - Statement - If (java.lang.Integer.valueOf(batchqty) >= java.lang.Integer.valueOf(Rqty)): null

2018-05-22 19:48:25 - [TEST_STEP][PASSED] - Statement - Break: null

2018-05-22 19:48:25 - [TEST_STEP][PASSED] - Statement - batchlength = new com.kms.katalon.core.testobject.TestObject(): null

2018-05-22 19:48:25 - [TEST_STEP][PASSED] - Statement - batchlength = com.kms.katalon.core.webui.keyword.WebUiBuiltInKeywords.modifyObjectProperty(batchlength, "xpath", "equals", "//*[@id = "fldvendor" + row + ""]", true): Modify property of object successfully

2018-05-22 19:48:25 - [MESSAGE][PASSED] - Modify property of object successfully

2018-05-22 19:48:25 - [TEST_STEP][PASSED] - Statement - batchsize = com.kms.katalon.core.webui.keyword.WebUiBuiltInKeywords.getNumberOfTotalOption(batchlength): 7 options of object '' counted

2018-05-22 19:48:26 - [MESSAGE][PASSED] - 7 options of object '' counted

2018-05-22 19:48:26 - [TEST_STEP][PASSED] - Statement - out.println("BatchSize : " + batchsize): null

2018-05-22 19:48:26 - [TEST_STEP][PASSED] - Statement - For ([n = 1, n <= batchsize - 1, (n++)]): null

2018-05-22 19:48:26 - [TEST_STEP][PASSED] - Statement - product = new com.kms.katalon.core.testobject.TestObject(): null

2018-05-22 19:48:26 - [TEST_STEP][PASSED] - Statement - product = com.kms.katalon.core.webui.keyword.WebUiBuiltInKeywords.modifyObjectProperty(product, "xpath", "equals", "//*[@id = "fldvendor" + row + ""]", true): Modify property of object successfully

2018-05-22 19:48:26 - [MESSAGE][PASSED] - Modify property of object successfully

2018-05-22 19:48:26 - [TEST_STEP][PASSED] - selectOptionByIndex: All options with index in [1] are selected on object ''

2018-05-22 19:48:26 - [MESSAGE][PASSED] - All options with index in [1] are selected on object ''

2018-05-22 19:48:26 - [TEST_STEP][PASSED] - Statement - batch = new com.kms.katalon.core.testobject.TestObject(): null

2018-05-22 19:48:26 - [TEST_STEP][PASSED] - Statement - batch = com.kms.katalon.core.webui.keyword.WebUiBuiltInKeywords.modifyObjectProperty(batch, "xpath", "equals", "//*[@id = "txtbthqty" + row + ""]", true): Modify property of object successfully

2018-05-22 19:48:26 - [MESSAGE][PASSED] - Modify property of object successfully

2018-05-22 19:48:26 - [TEST_STEP][PASSED] - Statement - batchqty = com.kms.katalon.core.webui.keyword.WebUiBuiltInKeywords.getAttribute(batch, "value").trim(): Attribute 'value' of object '' is: '4000'

2018-05-22 19:48:26 - [MESSAGE][PASSED] - Attribute 'value' of object '' is: '4000'

2018-05-22 19:48:26 - [TEST_STEP][PASSED] - Statement - Rqty = 100: null

2018-05-22 19:48:26 - [TEST_STEP][PASSED] - delay: Delayed 2 second(s)

2018-05-22 19:48:28 - [MESSAGE][PASSED] - Delayed 2 second(s)

2018-05-22 19:48:28 - [TEST_STEP][PASSED] - Statement - out.println("BatchQty : " + batchqty): null

2018-05-22 19:48:28 - [TEST_STEP][PASSED] - Statement - out.println("RQty : " + Rqty): null

2018-05-22 19:48:28 - [TEST_STEP][PASSED] - Statement - If (java.lang.Integer.valueOf(batchqty) >= java.lang.Integer.valueOf(Rqty)): null

2018-05-22 19:48:28 - [TEST_STEP][PASSED] - Statement - Break: null

2018-05-22 19:48:28 - [TEST_STEP][PASSED] - Statement - batchlength = new com.kms.katalon.core.testobject.TestObject(): null

2018-05-22 19:48:28 - [TEST_STEP][PASSED] - Statement - batchlength = com.kms.katalon.core.webui.keyword.WebUiBuiltInKeywords.modifyObjectProperty(batchlength, "xpath", "equals", "//*[@id = "fldvendor" + row + ""]", true): Modify property of object successfully

2018-05-22 19:48:28 - [MESSAGE][PASSED] - Modify property of object successfully

2018-05-22 19:48:28 - [TEST_STEP][PASSED] - Statement - batchsize = com.kms.katalon.core.webui.keyword.WebUiBuiltInKeywords.getNumberOfTotalOption(batchlength): 6 options of object '' counted

2018-05-22 19:48:28 - [MESSAGE][PASSED] - 6 options of object '' counted

2018-05-22 19:48:28 - [TEST_STEP][PASSED] - Statement - out.println("BatchSize : " + batchsize): null

2018-05-22 19:48:28 - [TEST_STEP][PASSED] - Statement - For ([n = 1, n <= batchsize - 1, (n++)]): null

2018-05-22 19:48:28 - [TEST_STEP][PASSED] - Statement - product = new com.kms.katalon.core.testobject.TestObject(): null

2018-05-22 19:48:28 - [TEST_STEP][PASSED] - Statement - product = com.kms.katalon.core.webui.keyword.WebUiBuiltInKeywords.modifyObjectProperty(product, "xpath", "equals", "//*[@id = "fldvendor" + row + ""]", true): Modify property of object successfully

2018-05-22 19:48:28 - [MESSAGE][PASSED] - Modify property of object successfully

2018-05-22 19:48:28 - [TEST_STEP][PASSED] - selectOptionByIndex: All options with index in [1] are selected on object ''

2018-05-22 19:48:28 - [MESSAGE][PASSED] - All options with index in [1] are selected on object ''

2018-05-22 19:48:28 - [TEST_STEP][PASSED] - Statement - batch = new com.kms.katalon.core.testobject.TestObject(): null

2018-05-22 19:48:28 - [TEST_STEP][PASSED] - Statement - batch = com.kms.katalon.core.webui.keyword.WebUiBuiltInKeywords.modifyObjectProperty(batch, "xpath", "equals", "//*[@id = "txtbthqty" + row + ""]", true): Modify property of object successfully

2018-05-22 19:48:28 - [MESSAGE][PASSED] - Modify property of object successfully

2018-05-22 19:48:28 - [TEST_STEP][PASSED] - Statement - batchqty = com.kms.katalon.core.webui.keyword.WebUiBuiltInKeywords.getAttribute(batch, "value").trim(): Attribute 'value' of object '' is: '4200'

2018-05-22 19:48:28 - [MESSAGE][PASSED] - Attribute 'value' of object '' is: '4200'

2018-05-22 19:48:28 - [TEST_STEP][PASSED] - Statement - Rqty = 100: null

2018-05-22 19:48:28 - [TEST_STEP][PASSED] - delay: Delayed 2 second(s)

2018-05-22 19:48:30 - [MESSAGE][PASSED] - Delayed 2 second(s)

2018-05-22 19:48:30 - [TEST_STEP][PASSED] - Statement - out.println("BatchQty : " + batchqty): null

2018-05-22 19:48:30 - [TEST_STEP][PASSED] - Statement - out.println("RQty : " + Rqty): null

2018-05-22 19:48:30 - [TEST_STEP][PASSED] - Statement - If (java.lang.Integer.valueOf(batchqty) >= java.lang.Integer.valueOf(Rqty)): null

2018-05-22 19:48:30 - [TEST_STEP][PASSED] - Statement - Break: null

2018-05-22 19:48:30 - [TEST_STEP][PASSED] - Statement - batchlength = new com.kms.katalon.core.testobject.TestObject(): null

2018-05-22 19:48:30 - [TEST_STEP][PASSED] - Statement - batchlength = com.kms.katalon.core.webui.keyword.WebUiBuiltInKeywords.modifyObjectProperty(batchlength, "xpath", "equals", "//*[@id = "fldvendor" + row + ""]", true): Modify property of object successfully

2018-05-22 19:48:30 - [MESSAGE][PASSED] - Modify property of object successfully

2018-05-22 19:48:30 - [TEST_STEP][PASSED] - Statement - batchsize = com.kms.katalon.core.webui.keyword.WebUiBuiltInKeywords.getNumberOfTotalOption(batchlength): 7 options of object '' counted

2018-05-22 19:48:30 - [MESSAGE][PASSED] - 7 options of object '' counted

2018-05-22 19:48:30 - [TEST_STEP][PASSED] - Statement - out.println("BatchSize : " + batchsize): null

2018-05-22 19:48:30 - [TEST_STEP][PASSED] - Statement - For ([n = 1, n <= batchsize - 1, (n++)]): null

2018-05-22 19:48:30 - [TEST_STEP][PASSED] - Statement - product = new com.kms.katalon.core.testobject.TestObject(): null

2018-05-22 19:48:30 - [TEST_STEP][PASSED] - Statement - product = com.kms.katalon.core.webui.keyword.WebUiBuiltInKeywords.modifyObjectProperty(product, "xpath", "equals", "//*[@id = "fldvendor" + row + ""]", true): Modify property of object successfully

2018-05-22 19:48:30 - [MESSAGE][PASSED] - Modify property of object successfully

2018-05-22 19:48:30 - [TEST_STEP][PASSED] - selectOptionByIndex: All options with index in [1] are selected on object ''

2018-05-22 19:48:30 - [MESSAGE][PASSED] - All options with index in [1] are selected on object ''

2018-05-22 19:48:30 - [TEST_STEP][PASSED] - Statement - batch = new com.kms.katalon.core.testobject.TestObject(): null

2018-05-22 19:48:30 - [TEST_STEP][PASSED] - Statement - batch = com.kms.katalon.core.webui.keyword.WebUiBuiltInKeywords.modifyObjectProperty(batch, "xpath", "equals", "//*[@id = "txtbthqty" + row + ""]", true): Modify property of object successfully

2018-05-22 19:48:30 - [MESSAGE][PASSED] - Modify property of object successfully

2018-05-22 19:48:30 - [TEST_STEP][PASSED] - Statement - batchqty = com.kms.katalon.core.webui.keyword.WebUiBuiltInKeywords.getAttribute(batch, "value").trim(): Attribute 'value' of object '' is: '4100'

2018-05-22 19:48:30 - [MESSAGE][PASSED] - Attribute 'value' of object '' is: '4100'

2018-05-22 19:48:30 - [TEST_STEP][PASSED] - Statement - Rqty = 100: null

2018-05-22 19:48:30 - [TEST_STEP][PASSED] - delay: Delayed 2 second(s)

2018-05-22 19:48:32 - [MESSAGE][PASSED] - Delayed 2 second(s)

2018-05-22 19:48:32 - [TEST_STEP][PASSED] - Statement - out.println("BatchQty : " + batchqty): null

2018-05-22 19:48:32 - [TEST_STEP][PASSED] - Statement - out.println("RQty : " + Rqty): null

2018-05-22 19:48:32 - [TEST_STEP][PASSED] - Statement - If (java.lang.Integer.valueOf(batchqty) >= java.lang.Integer.valueOf(Rqty)): null

2018-05-22 19:48:32 - [TEST_STEP][PASSED] - Statement - Break: null

2018-05-22 19:48:32 - [TEST_STEP][PASSED] - Statement - batchlength = new com.kms.katalon.core.testobject.TestObject(): null

2018-05-22 19:48:32 - [TEST_STEP][PASSED] - Statement - batchlength = com.kms.katalon.core.webui.keyword.WebUiBuiltInKeywords.modifyObjectProperty(batchlength, "xpath", "equals", "//*[@id = "fldvendor" + row + ""]", true): Modify property of object successfully

2018-05-22 19:48:32 - [MESSAGE][PASSED] - Modify property of object successfully

2018-05-22 19:48:32 - [TEST_STEP][PASSED] - Statement - batchsize = com.kms.katalon.core.webui.keyword.WebUiBuiltInKeywords.getNumberOfTotalOption(batchlength): 7 options of object '' counted

2018-05-22 19:48:32 - [MESSAGE][PASSED] - 7 options of object '' counted

2018-05-22 19:48:32 - [TEST_STEP][PASSED] - Statement - out.println("BatchSize : " + batchsize): null

2018-05-22 19:48:32 - [TEST_STEP][PASSED] - Statement - For ([n = 1, n <= batchsize - 1, (n++)]): null

2018-05-22 19:48:32 - [TEST_STEP][PASSED] - Statement - product = new com.kms.katalon.core.testobject.TestObject(): null

2018-05-22 19:48:32 - [TEST_STEP][PASSED] - Statement - product = com.kms.katalon.core.webui.keyword.WebUiBuiltInKeywords.modifyObjectProperty(product, "xpath", "equals", "//*[@id = "fldvendor" + row + ""]", true): Modify property of object successfully

2018-05-22 19:48:32 - [MESSAGE][PASSED] - Modify property of object successfully

2018-05-22 19:48:32 - [TEST_STEP][PASSED] - selectOptionByIndex: All options with index in [1] are selected on object ''

2018-05-22 19:48:32 - [MESSAGE][PASSED] - All options with index in [1] are selected on object ''

2018-05-22 19:48:32 - [TEST_STEP][PASSED] - Statement - batch = new com.kms.katalon.core.testobject.TestObject(): null

2018-05-22 19:48:32 - [TEST_STEP][PASSED] - Statement - batch = com.kms.katalon.core.webui.keyword.WebUiBuiltInKeywords.modifyObjectProperty(batch, "xpath", "equals", "//*[@id = "txtbthqty" + row + ""]", true): Modify property of object successfully

2018-05-22 19:48:32 - [MESSAGE][PASSED] - Modify property of object successfully

2018-05-22 19:48:32 - [TEST_STEP][PASSED] - Statement - batchqty = com.kms.katalon.core.webui.keyword.WebUiBuiltInKeywords.getAttribute(batch, "value").trim(): Attribute 'value' of object '' is: '4200'

2018-05-22 19:48:32 - [MESSAGE][PASSED] - Attribute 'value' of object '' is: '4200'

2018-05-22 19:48:32 - [TEST_STEP][PASSED] - Statement - Rqty = 100: null

2018-05-22 19:48:32 - [TEST_STEP][PASSED] - delay: Delayed 2 second(s)

2018-05-22 19:48:34 - [MESSAGE][PASSED] - Delayed 2 second(s)

2018-05-22 19:48:34 - [TEST_STEP][PASSED] - Statement - out.println("BatchQty : " + batchqty): null

2018-05-22 19:48:34 - [TEST_STEP][PASSED] - Statement - out.println("RQty : " + Rqty): null

2018-05-22 19:48:34 - [TEST_STEP][PASSED] - Statement - If (java.lang.Integer.valueOf(batchqty) >= java.lang.Integer.valueOf(Rqty)): null

2018-05-22 19:48:34 - [TEST_STEP][PASSED] - Statement - Break: null

2018-05-22 19:48:34 - [TEST_STEP][PASSED] - Statement - batchlength = new com.kms.katalon.core.testobject.TestObject(): null

2018-05-22 19:48:34 - [TEST_STEP][PASSED] - Statement - batchlength = com.kms.katalon.core.webui.keyword.WebUiBuiltInKeywords.modifyObjectProperty(batchlength, "xpath", "equals", "//*[@id = "fldvendor" + row + ""]", true): Modify property of object successfully

2018-05-22 19:48:34 - [MESSAGE][PASSED] - Modify property of object successfully

2018-05-22 19:48:34 - [TEST_STEP][PASSED] - Statement - batchsize = com.kms.katalon.core.webui.keyword.WebUiBuiltInKeywords.getNumberOfTotalOption(batchlength): 7 options of object '' counted

2018-05-22 19:48:34 - [MESSAGE][PASSED] - 7 options of object '' counted

2018-05-22 19:48:34 - [TEST_STEP][PASSED] - Statement - out.println("BatchSize : " + batchsize): null

2018-05-22 19:48:34 - [TEST_STEP][PASSED] - Statement - For ([n = 1, n <= batchsize - 1, (n++)]): null

2018-05-22 19:48:34 - [TEST_STEP][PASSED] - Statement - product = new com.kms.katalon.core.testobject.TestObject(): null

2018-05-22 19:48:34 - [TEST_STEP][PASSED] - Statement - product = com.kms.katalon.core.webui.keyword.WebUiBuiltInKeywords.modifyObjectProperty(product, "xpath", "equals", "//*[@id = "fldvendor" + row + ""]", true): Modify property of object successfully

2018-05-22 19:48:34 - [MESSAGE][PASSED] - Modify property of object successfully

2018-05-22 19:48:34 - [TEST_STEP][PASSED] - selectOptionByIndex: All options with index in [1] are selected on object ''

2018-05-22 19:48:35 - [MESSAGE][PASSED] - All options with index in [1] are selected on object ''

2018-05-22 19:48:35 - [TEST_STEP][PASSED] - Statement - batch = new com.kms.katalon.core.testobject.TestObject(): null

2018-05-22 19:48:35 - [TEST_STEP][PASSED] - Statement - batch = com.kms.katalon.core.webui.keyword.WebUiBuiltInKeywords.modifyObjectProperty(batch, "xpath", "equals", "//*[@id = "txtbthqty" + row + ""]", true): Modify property of object successfully

2018-05-22 19:48:35 - [MESSAGE][PASSED] - Modify property of object successfully

2018-05-22 19:48:35 - [TEST_STEP][PASSED] - Statement - batchqty = com.kms.katalon.core.webui.keyword.WebUiBuiltInKeywords.getAttribute(batch, "value").trim(): Attribute 'value' of object '' is: '4000'

2018-05-22 19:48:35 - [MESSAGE][PASSED] - Attribute 'value' of object '' is: '4000'

2018-05-22 19:48:35 - [TEST_STEP][PASSED] - Statement - Rqty = 100: null

2018-05-22 19:48:35 - [TEST_STEP][PASSED] - delay: Delayed 2 second(s)

2018-05-22 19:48:37 - [MESSAGE][PASSED] - Delayed 2 second(s)

2018-05-22 19:48:37 - [TEST_STEP][PASSED] - Statement - out.println("BatchQty : " + batchqty): null

2018-05-22 19:48:37 - [TEST_STEP][PASSED] - Statement - out.println("RQty : " + Rqty): null

2018-05-22 19:48:37 - [TEST_STEP][PASSED] - Statement - If (java.lang.Integer.valueOf(batchqty) >= java.lang.Integer.valueOf(Rqty)): null

2018-05-22 19:48:37 - [TEST_STEP][PASSED] - Statement - Break: null

2018-05-22 19:48:37 - [TEST_STEP][PASSED] - Statement - batchlength = new com.kms.katalon.core.testobject.TestObject(): null

2018-05-22 19:48:37 - [TEST_STEP][PASSED] - Statement - batchlength = com.kms.katalon.core.webui.keyword.WebUiBuiltInKeywords.modifyObjectProperty(batchlength, "xpath", "equals", "//*[@id = "fldvendor" + row + ""]", true): Modify property of object successfully

2018-05-22 19:48:37 - [MESSAGE][PASSED] - Modify property of object successfully

2018-05-22 19:48:37 - [TEST_STEP][PASSED] - Statement - batchsize = com.kms.katalon.core.webui.keyword.WebUiBuiltInKeywords.getNumberOfTotalOption(batchlength): 6 options of object '' counted

2018-05-22 19:48:37 - [MESSAGE][PASSED] - 6 options of object '' counted

2018-05-22 19:48:37 - [TEST_STEP][PASSED] - Statement - out.println("BatchSize : " + batchsize): null

2018-05-22 19:48:37 - [TEST_STEP][PASSED] - Statement - For ([n = 1, n <= batchsize - 1, (n++)]): null

2018-05-22 19:48:37 - [TEST_STEP][PASSED] - Statement - product = new com.kms.katalon.core.testobject.TestObject(): null

2018-05-22 19:48:37 - [TEST_STEP][PASSED] - Statement - product = com.kms.katalon.core.webui.keyword.WebUiBuiltInKeywords.modifyObjectProperty(product, "xpath", "equals", "//*[@id = "fldvendor" + row + ""]", true): Modify property of object successfully

2018-05-22 19:48:37 - [MESSAGE][PASSED] - Modify property of object successfully

2018-05-22 19:48:37 - [TEST_STEP][PASSED] - selectOptionByIndex: All options with index in [1] are selected on object ''

2018-05-22 19:48:37 - [MESSAGE][PASSED] - All options with index in [1] are selected on object ''

2018-05-22 19:48:37 - [TEST_STEP][PASSED] - Statement - batch = new com.kms.katalon.core.testobject.TestObject(): null

2018-05-22 19:48:37 - [TEST_STEP][PASSED] - Statement - batch = com.kms.katalon.core.webui.keyword.WebUiBuiltInKeywords.modifyObjectProperty(batch, "xpath", "equals", "//*[@id = "txtbthqty" + row + ""]", true): Modify property of object successfully

2018-05-22 19:48:37 - [MESSAGE][PASSED] - Modify property of object successfully

2018-05-22 19:48:37 - [TEST_STEP][PASSED] - Statement - batchqty = com.kms.katalon.core.webui.keyword.WebUiBuiltInKeywords.getAttribute(batch, "value").trim(): Attribute 'value' of object '' is: '4200'

2018-05-22 19:48:37 - [MESSAGE][PASSED] - Attribute 'value' of object '' is: '4200'

2018-05-22 19:48:37 - [TEST_STEP][PASSED] - Statement - Rqty = 100: null

2018-05-22 19:48:37 - [TEST_STEP][PASSED] - delay: Delayed 2 second(s)

2018-05-22 19:48:39 - [MESSAGE][PASSED] - Delayed 2 second(s)

2018-05-22 19:48:39 - [TEST_STEP][PASSED] - Statement - out.println("BatchQty : " + batchqty): null

2018-05-22 19:48:39 - [TEST_STEP][PASSED] - Statement - out.println("RQty : " + Rqty): null

2018-05-22 19:48:39 - [TEST_STEP][PASSED] - Statement - If (java.lang.Integer.valueOf(batchqty) >= java.lang.Integer.valueOf(Rqty)): null

2018-05-22 19:48:39 - [TEST_STEP][PASSED] - Statement - Break: null

2018-05-22 19:48:39 - [TEST_STEP][PASSED] - Statement - batchlength = new com.kms.katalon.core.testobject.TestObject(): null

2018-05-22 19:48:39 - [TEST_STEP][PASSED] - Statement - batchlength = com.kms.katalon.core.webui.keyword.WebUiBuiltInKeywords.modifyObjectProperty(batchlength, "xpath", "equals", "//*[@id = "fldvendor" + row + ""]", true): Modify property of object successfully

2018-05-22 19:48:39 - [MESSAGE][PASSED] - Modify property of object successfully

2018-05-22 19:48:39 - [TEST_STEP][PASSED] - Statement - batchsize = com.kms.katalon.core.webui.keyword.WebUiBuiltInKeywords.getNumberOfTotalOption(batchlength): 6 options of object '' counted

2018-05-22 19:48:39 - [MESSAGE][PASSED] - 6 options of object '' counted

2018-05-22 19:48:39 - [TEST_STEP][PASSED] - Statement - out.println("BatchSize : " + batchsize): null

2018-05-22 19:48:39 - [TEST_STEP][PASSED] - Statement - For ([n = 1, n <= batchsize - 1, (n++)]): null

2018-05-22 19:48:39 - [TEST_STEP][PASSED] - Statement - product = new com.kms.katalon.core.testobject.TestObject(): null

2018-05-22 19:48:39 - [TEST_STEP][PASSED] - Statement - product = com.kms.katalon.core.webui.keyword.WebUiBuiltInKeywords.modifyObjectProperty(product, "xpath", "equals", "//*[@id = "fldvendor" + row + ""]", true): Modify property of object successfully

2018-05-22 19:48:39 - [MESSAGE][PASSED] - Modify property of object successfully

2018-05-22 19:48:39 - [TEST_STEP][PASSED] - selectOptionByIndex: All options with index in [1] are selected on object ''

2018-05-22 19:48:39 - [MESSAGE][PASSED] - All options with index in [1] are selected on object ''

2018-05-22 19:48:39 - [TEST_STEP][PASSED] - Statement - batch = new com.kms.katalon.core.testobject.TestObject(): null

2018-05-22 19:48:39 - [TEST_STEP][PASSED] - Statement - batch = com.kms.katalon.core.webui.keyword.WebUiBuiltInKeywords.modifyObjectProperty(batch, "xpath", "equals", "//*[@id = "txtbthqty" + row + ""]", true): Modify property of object successfully

2018-05-22 19:48:39 - [MESSAGE][PASSED] - Modify property of object successfully

2018-05-22 19:48:39 - [TEST_STEP][PASSED] - Statement - batchqty = com.kms.katalon.core.webui.keyword.WebUiBuiltInKeywords.getAttribute(batch, "value").trim(): Attribute 'value' of object '' is: '39100'

2018-05-22 19:48:39 - [MESSAGE][PASSED] - Attribute 'value' of object '' is: '39100'

2018-05-22 19:48:39 - [TEST_STEP][PASSED] - Statement - Rqty = 100: null

2018-05-22 19:48:39 - [TEST_STEP][PASSED] - delay: Delayed 2 second(s)

2018-05-22 19:48:41 - [MESSAGE][PASSED] - Delayed 2 second(s)

2018-05-22 19:48:41 - [TEST_STEP][PASSED] - Statement - out.println("BatchQty : " + batchqty): null

2018-05-22 19:48:41 - [TEST_STEP][PASSED] - Statement - out.println("RQty : " + Rqty): null

2018-05-22 19:48:41 - [TEST_STEP][PASSED] - Statement - If (java.lang.Integer.valueOf(batchqty) >= java.lang.Integer.valueOf(Rqty)): null

2018-05-22 19:48:41 - [TEST_STEP][PASSED] - Statement - Break: null

2018-05-22 19:48:41 - [TEST_STEP][PASSED] - Statement - batchlength = new com.kms.katalon.core.testobject.TestObject(): null

2018-05-22 19:48:41 - [TEST_STEP][PASSED] - Statement - batchlength = com.kms.katalon.core.webui.keyword.WebUiBuiltInKeywords.modifyObjectProperty(batchlength, "xpath", "equals", "//*[@id = "fldvendor" + row + ""]", true): Modify property of object successfully

2018-05-22 19:48:41 - [MESSAGE][PASSED] - Modify property of object successfully

2018-05-22 19:48:41 - [TEST_STEP][PASSED] - Statement - batchsize = com.kms.katalon.core.webui.keyword.WebUiBuiltInKeywords.getNumberOfTotalOption(batchlength): 7 options of object '' counted

2018-05-22 19:48:41 - [MESSAGE][PASSED] - 7 options of object '' counted

2018-05-22 19:48:41 - [TEST_STEP][PASSED] - Statement - out.println("BatchSize : " + batchsize): null

2018-05-22 19:48:41 - [TEST_STEP][PASSED] - Statement - For ([n = 1, n <= batchsize - 1, (n++)]): null

2018-05-22 19:48:41 - [TEST_STEP][PASSED] - Statement - product = new com.kms.katalon.core.testobject.TestObject(): null

2018-05-22 19:48:41 - [TEST_STEP][PASSED] - Statement - product = com.kms.katalon.core.webui.keyword.WebUiBuiltInKeywords.modifyObjectProperty(product, "xpath", "equals", "//*[@id = "fldvendor" + row + ""]", true): Modify property of object successfully

2018-05-22 19:48:41 - [MESSAGE][PASSED] - Modify property of object successfully

2018-05-22 19:48:41 - [TEST_STEP][PASSED] - selectOptionByIndex: All options with index in [1] are selected on object ''

2018-05-22 19:48:41 - [MESSAGE][PASSED] - All options with index in [1] are selected on object ''

2018-05-22 19:48:41 - [TEST_STEP][PASSED] - Statement - batch = new com.kms.katalon.core.testobject.TestObject(): null

2018-05-22 19:48:41 - [TEST_STEP][PASSED] - Statement - batch = com.kms.katalon.core.webui.keyword.WebUiBuiltInKeywords.modifyObjectProperty(batch, "xpath", "equals", "//*[@id = "txtbthqty" + row + ""]", true): Modify property of object successfully

2018-05-22 19:48:41 - [MESSAGE][PASSED] - Modify property of object successfully

2018-05-22 19:48:41 - [TEST_STEP][PASSED] - Statement - batchqty = com.kms.katalon.core.webui.keyword.WebUiBuiltInKeywords.getAttribute(batch, "value").trim(): Attribute 'value' of object '' is: '4200'

2018-05-22 19:48:41 - [MESSAGE][PASSED] - Attribute 'value' of object '' is: '4200'

2018-05-22 19:48:41 - [TEST_STEP][PASSED] - Statement - Rqty = 100: null

2018-05-22 19:48:41 - [TEST_STEP][PASSED] - delay: Delayed 2 second(s)

2018-05-22 19:48:43 - [MESSAGE][PASSED] - Delayed 2 second(s)

2018-05-22 19:48:43 - [TEST_STEP][PASSED] - Statement - out.println("BatchQty : " + batchqty): null

2018-05-22 19:48:43 - [TEST_STEP][PASSED] - Statement - out.println("RQty : " + Rqty): null

2018-05-22 19:48:43 - [TEST_STEP][PASSED] - Statement - If (java.lang.Integer.valueOf(batchqty) >= java.lang.Integer.valueOf(Rqty)): null

2018-05-22 19:48:43 - [TEST_STEP][PASSED] - Statement - Break: null

2018-05-22 19:48:43 - [TEST_STEP][PASSED] - Statement - batchlength = new com.kms.katalon.core.testobject.TestObject(): null

2018-05-22 19:48:43 - [TEST_STEP][PASSED] - Statement - batchlength = com.kms.katalon.core.webui.keyword.WebUiBuiltInKeywords.modifyObjectProperty(batchlength, "xpath", "equals", "//*[@id = "fldvendor" + row + ""]", true): Modify property of object successfully

2018-05-22 19:48:43 - [MESSAGE][PASSED] - Modify property of object successfully

2018-05-22 19:48:43 - [TEST_STEP][PASSED] - Statement - batchsize = com.kms.katalon.core.webui.keyword.WebUiBuiltInKeywords.getNumberOfTotalOption(batchlength): 7 options of object '' counted

2018-05-22 19:48:43 - [MESSAGE][PASSED] - 7 options of object '' counted

2018-05-22 19:48:43 - [TEST_STEP][PASSED] - Statement - out.println("BatchSize : " + batchsize): null

2018-05-22 19:48:43 - [TEST_STEP][PASSED] - Statement - For ([n = 1, n <= batchsize - 1, (n++)]): null

2018-05-22 19:48:43 - [TEST_STEP][PASSED] - Statement - product = new com.kms.katalon.core.testobject.TestObject(): null

2018-05-22 19:48:43 - [TEST_STEP][PASSED] - Statement - product = com.kms.katalon.core.webui.keyword.WebUiBuiltInKeywords.modifyObjectProperty(product, "xpath", "equals", "//*[@id = "fldvendor" + row + ""]", true): Modify property of object successfully

2018-05-22 19:48:43 - [MESSAGE][PASSED] - Modify property of object successfully

2018-05-22 19:48:43 - [TEST_STEP][PASSED] - selectOptionByIndex: All options with index in [1] are selected on object ''

2018-05-22 19:48:44 - [MESSAGE][PASSED] - All options with index in [1] are selected on object ''

2018-05-22 19:48:44 - [TEST_STEP][PASSED] - Statement - batch = new com.kms.katalon.core.testobject.TestObject(): null

2018-05-22 19:48:44 - [TEST_STEP][PASSED] - Statement - batch = com.kms.katalon.core.webui.keyword.WebUiBuiltInKeywords.modifyObjectProperty(batch, "xpath", "equals", "//*[@id = "txtbthqty" + row + ""]", true): Modify property of object successfully

2018-05-22 19:48:44 - [MESSAGE][PASSED] - Modify property of object successfully

2018-05-22 19:48:44 - [TEST_STEP][PASSED] - Statement - batchqty = com.kms.katalon.core.webui.keyword.WebUiBuiltInKeywords.getAttribute(batch, "value").trim(): Attribute 'value' of object '' is: '4000'

2018-05-22 19:48:44 - [MESSAGE][PASSED] - Attribute 'value' of object '' is: '4000'

2018-05-22 19:48:44 - [TEST_STEP][PASSED] - Statement - Rqty = 100: null

2018-05-22 19:48:44 - [TEST_STEP][PASSED] - delay: Delayed 2 second(s)

2018-05-22 19:48:46 - [MESSAGE][PASSED] - Delayed 2 second(s)

2018-05-22 19:48:46 - [TEST_STEP][PASSED] - Statement - out.println("BatchQty : " + batchqty): null

2018-05-22 19:48:46 - [TEST_STEP][PASSED] - Statement - out.println("RQty : " + Rqty): null

2018-05-22 19:48:46 - [TEST_STEP][PASSED] - Statement - If (java.lang.Integer.valueOf(batchqty) >= java.lang.Integer.valueOf(Rqty)): null

2018-05-22 19:48:46 - [TEST_STEP][PASSED] - Statement - Break: null

2018-05-22 19:48:46 - [TEST_STEP][PASSED] - Statement - batchlength = new com.kms.katalon.core.testobject.TestObject(): null

2018-05-22 19:48:46 - [TEST_STEP][PASSED] - Statement - batchlength = com.kms.katalon.core.webui.keyword.WebUiBuiltInKeywords.modifyObjectProperty(batchlength, "xpath", "equals", "//*[@id = "fldvendor" + row + ""]", true): Modify property of object successfully

2018-05-22 19:48:46 - [MESSAGE][PASSED] - Modify property of object successfully

2018-05-22 19:48:46 - [TEST_STEP][PASSED] - Statement - batchsize = com.kms.katalon.core.webui.keyword.WebUiBuiltInKeywords.getNumberOfTotalOption(batchlength): 7 options of object '' counted

2018-05-22 19:48:46 - [MESSAGE][PASSED] - 7 options of object '' counted

2018-05-22 19:48:46 - [TEST_STEP][PASSED] - Statement - out.println("BatchSize : " + batchsize): null

2018-05-22 19:48:46 - [TEST_STEP][PASSED] - Statement - For ([n = 1, n <= batchsize - 1, (n++)]): null

2018-05-22 19:48:46 - [TEST_STEP][PASSED] - Statement - product = new com.kms.katalon.core.testobject.TestObject(): null

2018-05-22 19:48:46 - [TEST_STEP][PASSED] - Statement - product = com.kms.katalon.core.webui.keyword.WebUiBuiltInKeywords.modifyObjectProperty(product, "xpath", "equals", "//*[@id = "fldvendor" + row + ""]", true): Modify property of object successfully

2018-05-22 19:48:46 - [MESSAGE][PASSED] - Modify property of object successfully

2018-05-22 19:48:46 - [TEST_STEP][PASSED] - selectOptionByIndex: All options with index in [1] are selected on object ''

2018-05-22 19:48:46 - [MESSAGE][PASSED] - All options with index in [1] are selected on object ''

2018-05-22 19:48:46 - [TEST_STEP][PASSED] - Statement - batch = new com.kms.katalon.core.testobject.TestObject(): null

2018-05-22 19:48:46 - [TEST_STEP][PASSED] - Statement - batch = com.kms.katalon.core.webui.keyword.WebUiBuiltInKeywords.modifyObjectProperty(batch, "xpath", "equals", "//*[@id = "txtbthqty" + row + ""]", true): Modify property of object successfully

2018-05-22 19:48:46 - [MESSAGE][PASSED] - Modify property of object successfully

2018-05-22 19:48:46 - [TEST_STEP][PASSED] - Statement - batchqty = com.kms.katalon.core.webui.keyword.WebUiBuiltInKeywords.getAttribute(batch, "value").trim(): Attribute 'value' of object '' is: '4200'

2018-05-22 19:48:46 - [MESSAGE][PASSED] - Attribute 'value' of object '' is: '4200'

2018-05-22 19:48:46 - [TEST_STEP][PASSED] - Statement - Rqty = 100: null

2018-05-22 19:48:46 - [TEST_STEP][PASSED] - delay: Delayed 2 second(s)

2018-05-22 19:48:48 - [MESSAGE][PASSED] - Delayed 2 second(s)

2018-05-22 19:48:48 - [TEST_STEP][PASSED] - Statement - out.println("BatchQty : " + batchqty): null

2018-05-22 19:48:48 - [TEST_STEP][PASSED] - Statement - out.println("RQty : " + Rqty): null

2018-05-22 19:48:48 - [TEST_STEP][PASSED] - Statement - If (java.lang.Integer.valueOf(batchqty) >= java.lang.Integer.valueOf(Rqty)): null

2018-05-22 19:48:48 - [TEST_STEP][PASSED] - Statement - Break: null

2018-05-22 19:48:48 - [TEST_STEP][PASSED] - Statement - batchlength = new com.kms.katalon.core.testobject.TestObject(): null

2018-05-22 19:48:48 - [TEST_STEP][PASSED] - Statement - batchlength = com.kms.katalon.core.webui.keyword.WebUiBuiltInKeywords.modifyObjectProperty(batchlength, "xpath", "equals", "//*[@id = "fldvendor" + row + ""]", true): Modify property of object successfully

2018-05-22 19:48:48 - [MESSAGE][PASSED] - Modify property of object successfully

2018-05-22 19:48:48 - [TEST_STEP][PASSED] - Statement - batchsize = com.kms.katalon.core.webui.keyword.WebUiBuiltInKeywords.getNumberOfTotalOption(batchlength): 6 options of object '' counted

2018-05-22 19:48:48 - [MESSAGE][PASSED] - 6 options of object '' counted

2018-05-22 19:48:48 - [TEST_STEP][PASSED] - Statement - out.println("BatchSize : " + batchsize): null

2018-05-22 19:48:48 - [TEST_STEP][PASSED] - Statement - For ([n = 1, n <= batchsize - 1, (n++)]): null

2018-05-22 19:48:48 - [TEST_STEP][PASSED] - Statement - product = new com.kms.katalon.core.testobject.TestObject(): null

2018-05-22 19:48:48 - [TEST_STEP][PASSED] - Statement - product = com.kms.katalon.core.webui.keyword.WebUiBuiltInKeywords.modifyObjectProperty(product, "xpath", "equals", "//*[@id = "fldvendor" + row + ""]", true): Modify property of object successfully

2018-05-22 19:48:48 - [MESSAGE][PASSED] - Modify property of object successfully

2018-05-22 19:48:48 - [TEST_STEP][PASSED] - selectOptionByIndex: All options with index in [1] are selected on object ''

2018-05-22 19:48:48 - [MESSAGE][PASSED] - All options with index in [1] are selected on object ''

2018-05-22 19:48:48 - [TEST_STEP][PASSED] - Statement - batch = new com.kms.katalon.core.testobject.TestObject(): null

2018-05-22 19:48:48 - [TEST_STEP][PASSED] - Statement - batch = com.kms.katalon.core.webui.keyword.WebUiBuiltInKeywords.modifyObjectProperty(batch, "xpath", "equals", "//*[@id = "txtbthqty" + row + ""]", true): Modify property of object successfully

2018-05-22 19:48:48 - [MESSAGE][PASSED] - Modify property of object successfully

2018-05-22 19:48:48 - [TEST_STEP][PASSED] - Statement - batchqty = com.kms.katalon.core.webui.keyword.WebUiBuiltInKeywords.getAttribute(batch, "value").trim(): Attribute 'value' of object '' is: '39100'

2018-05-22 19:48:48 - [MESSAGE][PASSED] - Attribute 'value' of object '' is: '39100'

2018-05-22 19:48:48 - [TEST_STEP][PASSED] - Statement - Rqty = 100: null

2018-05-22 19:48:48 - [TEST_STEP][PASSED] - delay: Delayed 2 second(s)

2018-05-22 19:48:50 - [MESSAGE][PASSED] - Delayed 2 second(s)

2018-05-22 19:48:50 - [TEST_STEP][PASSED] - Statement - out.println("BatchQty : " + batchqty): null

2018-05-22 19:48:50 - [TEST_STEP][PASSED] - Statement - out.println("RQty : " + Rqty): null

2018-05-22 19:48:50 - [TEST_STEP][PASSED] - Statement - If (java.lang.Integer.valueOf(batchqty) >= java.lang.Integer.valueOf(Rqty)): null

2018-05-22 19:48:50 - [TEST_STEP][PASSED] - Statement - Break: null

2018-05-22 19:48:50 - [TEST_STEP][PASSED] - delay: Delayed 2 second(s)

2018-05-22 19:48:52 - [MESSAGE][PASSED] - Delayed 2 second(s)

2018-05-22 19:48:52 - [TEST_STEP][PASSED] - click: Object: 'Object Repository/DispensaryToCms/Page_KDMC - CMS/input_btndispatch' is clicked on

2018-05-22 19:48:52 - [MESSAGE][PASSED] - Object: 'Object Repository/DispensaryToCms/Page_KDMC - CMS/input_btndispatch' is clicked on

2018-05-22 19:48:52 - [TEST_STEP][PASSED] - delay: Delayed 3 second(s)

2018-05-22 19:48:55 - [MESSAGE][PASSED] - Delayed 3 second(s)

2018-05-22 19:48:55 - [TEST_STEP][PASSED] - click: Object: 'Object Repository/DispensaryToCms/Page_KDMC - CMS/button_OK' is clicked on

2018-05-22 19:48:56 - [MESSAGE][PASSED] - Object: 'Object Repository/DispensaryToCms/Page_KDMC - CMS/button_OK' is clicked on

2018-05-22 19:48:56 - [TEST_STEP][PASSED] - delay: Delayed 3 second(s)

2018-05-22 19:48:59 - [MESSAGE][PASSED] - Delayed 3 second(s)

2018-05-22 19:48:59 - [TEST_STEP][PASSED] - click: Object: 'Object Repository/DispensaryToCms/Page_KDMC - CMS/a_dropdown-toggle' is clicked on

2018-05-22 19:48:59 - [MESSAGE][PASSED] - Object: 'Object Repository/DispensaryToCms/Page_KDMC - CMS/a_dropdown-toggle' is clicked on

2018-05-22 19:48:59 - [TEST_STEP][PASSED] - click: Object: 'Object Repository/DispensaryToCms/Page_KDMC - CMS/a_Sign out' is clicked on

2018-05-22 19:49:00 - [MESSAGE][PASSED] - Object: 'Object Repository/DispensaryToCms/Page_KDMC - CMS/a_Sign out' is clicked on

2018-05-22 19:49:00 - [TEST_STEP][PASSED] - delay: Delayed 3 second(s)

2018-05-22 19:49:03 - [MESSAGE][PASSED] - Delayed 3 second(s)

2018-05-22 19:49:03 - [TEST_STEP][PASSED] - navigateToUrl: Navigate to 'http://192.168.137.1/multihospital_new/HDSplashscreen.aspx' successfully

2018-05-22 19:49:03 - [MESSAGE][PASSED] - Navigate to 'http://192.168.137.1/multihospital_new/HDSplashscreen.aspx' successfully

2018-05-22 19:49:03 - [TEST_STEP][PASSED] - click: Object: 'Object Repository/DispensaryToCms/Page_KDMC/a_Dispensary Store' is clicked on

2018-05-22 19:49:04 - [MESSAGE][PASSED] - Object: 'Object Repository/DispensaryToCms/Page_KDMC/a_Dispensary Store' is clicked on

2018-05-22 19:49:04 - [TEST_STEP][PASSED] - setText: Text 'rajaram' is set on object 'Object Repository/DispensaryToCms/Page_Dispensary Store Login/input_txtusername'

2018-05-22 19:49:04 - [MESSAGE][PASSED] - Text 'rajaram' is set on object 'Object Repository/DispensaryToCms/Page_Dispensary Store Login/input_txtusername'

2018-05-22 19:49:04 - [TEST_STEP][PASSED] - setText: Text '123' is set on object 'Object Repository/DispensaryToCms/Page_Dispensary Store Login/input_txtpassword'

2018-05-22 19:49:04 - [MESSAGE][PASSED] - Text '123' is set on object 'Object Repository/DispensaryToCms/Page_Dispensary Store Login/input_txtpassword'

2018-05-22 19:49:04 - [TEST_STEP][PASSED] - delay: Delayed 3 second(s)

2018-05-22 19:49:07 - [MESSAGE][PASSED] - Delayed 3 second(s)

2018-05-22 19:49:07 - [TEST_STEP][PASSED] - click: Object: 'Object Repository/DispensaryToCms/Page_Dispensary Store Login/button_Sign in' is clicked on

2018-05-22 19:49:07 - [MESSAGE][PASSED] - Object: 'Object Repository/DispensaryToCms/Page_Dispensary Store Login/button_Sign in' is clicked on

2018-05-22 19:49:07 - [TEST_STEP][PASSED] - delay: Delayed 3 second(s)

2018-05-22 19:49:10 - [MESSAGE][PASSED] - Delayed 3 second(s)

2018-05-22 19:49:10 - [TEST_STEP][PASSED] - click: Object: 'Object Repository/DispensaryToCms/Page_Dispensary Store/a_CMS' is clicked on

2018-05-22 19:49:11 - [MESSAGE][PASSED] - Object: 'Object Repository/DispensaryToCms/Page_Dispensary Store/a_CMS' is clicked on

2018-05-22 19:49:11 - [TEST_STEP][PASSED] - delay: Delayed 2 second(s)

2018-05-22 19:49:13 - [MESSAGE][PASSED] - Delayed 2 second(s)

2018-05-22 19:49:13 - [TEST_STEP][PASSED] - click: Object: 'Object Repository/DispensaryToCms/Page_Dispensary Store/a_Receiving Goods' is clicked on

2018-05-22 19:49:13 - [MESSAGE][PASSED] - Object: 'Object Repository/DispensaryToCms/Page_Dispensary Store/a_Receiving Goods' is clicked on

2018-05-22 19:49:13 - [TEST_STEP][PASSED] - setText: Text 'PRNO/22052018/345' is set on object 'Object Repository/DispensaryToCms/Page_Dispensary Store/input'

2018-05-22 19:49:13 - [MESSAGE][PASSED] - Text 'PRNO/22052018/345' is set on object 'Object Repository/DispensaryToCms/Page_Dispensary Store/input'

2018-05-22 19:49:13 - [TEST_STEP][PASSED] - click: Object: 'Object Repository/DispensaryToCms/Page_Dispensary Store/input_PRNO18052018174' is clicked on

2018-05-22 19:49:14 - [MESSAGE][PASSED] - Object: 'Object Repository/DispensaryToCms/Page_Dispensary Store/input_PRNO18052018174' is clicked on

2018-05-22 19:49:14 - [TEST_STEP][PASSED] - delay: Delayed 2 second(s)

2018-05-22 19:49:16 - [MESSAGE][PASSED] - Delayed 2 second(s)

2018-05-22 19:49:16 - [TEST_STEP][PASSED] - click: Object: 'Object Repository/DispensaryToCms/Page_Dispensary Store/input_chkrem' is clicked on

2018-05-22 19:49:16 - [MESSAGE][PASSED] - Object: 'Object Repository/DispensaryToCms/Page_Dispensary Store/input_chkrem' is clicked on

2018-05-22 19:49:16 - [TEST_STEP][PASSED] - scrollToElement: Scroll to object 'Object Repository/DispensaryToCms/Page_Dispensary Store/input_btchkroqadd' successfully

2018-05-22 19:49:16 - [MESSAGE][PASSED] - Scroll to object 'Object Repository/DispensaryToCms/Page_Dispensary Store/input_btchkroqadd' successfully

2018-05-22 19:49:16 - [TEST_STEP][PASSED] - click: Object: 'Object Repository/DispensaryToCms/Page_Dispensary Store/input_btchkroqadd' is clicked on

2018-05-22 19:49:16 - [MESSAGE][PASSED] - Object: 'Object Repository/DispensaryToCms/Page_Dispensary Store/input_btchkroqadd' is clicked on

2018-05-22 19:49:16 - [TEST_STEP][PASSED] - delay: Delayed 2 second(s)

2018-05-22 19:49:18 - [MESSAGE][PASSED] - Delayed 2 second(s)

2018-05-22 19:49:18 - [TEST_STEP][PASSED] - refresh: Refresh successfully

2018-05-22 19:49:18 - [MESSAGE][PASSED] - Refresh successfully

2018-05-22 19:49:18 - [TEST_STEP][PASSED] - delay: Delayed 3 second(s)

2018-05-22 19:49:21 - [MESSAGE][PASSED] - Delayed 3 second(s)

2018-05-22 19:49:21 - [TEST_STEP][PASSED] - waitForElementPresent: Object 'Object Repository/DispensaryToCms/Page_Dispensary Store/a_dropdown-toggle' is present

2018-05-22 19:49:21 - [MESSAGE][PASSED] - Object 'Object Repository/DispensaryToCms/Page_Dispensary Store/a_dropdown-toggle' is present

2018-05-22 19:49:21 - [TEST_STEP][PASSED] - click: Object: 'Object Repository/DispensaryToCms/Page_Dispensary Store/a_dropdown-toggle' is clicked on

2018-05-22 19:49:21 - [MESSAGE][PASSED] - Object: 'Object Repository/DispensaryToCms/Page_Dispensary Store/a_dropdown-toggle' is clicked on

2018-05-22 19:49:21 - [TEST_STEP][PASSED] - click: Object: 'Object Repository/DispensaryToCms/Page_Dispensary Store/a_Sign out' is clicked on

2018-05-22 19:49:22 - [MESSAGE][PASSED] - Object: 'Object Repository/DispensaryToCms/Page_Dispensary Store/a_Sign out' is clicked on

2018-05-22 19:49:22 - [TEST_STEP][PASSED] - closeBrowser: Browser is closed

2018-05-22 19:49:23 - [MESSAGE][PASSED] - Browser is closed]]></system-out>
         <system-err><![CDATA[]]></system-err>
      </testcase>
      <testcase name="Test Cases/DISPENSARY TEST CASES/TC_DP_019 Verify Schedule 7 Dispensary To CMS Request Are Working Successfully Or Not" classname="Test Cases/DISPENSARY TEST CASES/TC_DP_019 Verify Schedule 7 Dispensary To CMS Request Are Working Successfully Or Not" status="PASSED">
         <system-out><![CDATA[2018-05-22 19:49:23 - [TEST_CASE][PASSED] - Test Cases/DISPENSARY TEST CASES/TC_DP_019 Verify Schedule 7 Dispensary To CMS Request Are Working Successfully Or Not: Test Cases/DISPENSARY TEST CASES/TC_DP_019 Verify Schedule 7 Dispensary To CMS Request Are Working Successfully Or Not

2018-05-22 19:49:23 - [TEST_STEP][PASSED] - openBrowser: Browser is opened with url: ''

2018-05-22 19:49:26 - [MESSAGE][PASSED] - Browser is opened with url: ''

2018-05-22 19:49:26 - [TEST_STEP][PASSED] - navigateToUrl: Navigate to 'http://192.168.137.1/multihospital_new/HDSplashscreen.aspx' successfully

2018-05-22 19:49:31 - [MESSAGE][PASSED] - Navigate to 'http://192.168.137.1/multihospital_new/HDSplashscreen.aspx' successfully

2018-05-22 19:49:31 - [TEST_STEP][PASSED] - maximizeWindow: Current window maximized

2018-05-22 19:49:32 - [MESSAGE][PASSED] - Current window maximized

2018-05-22 19:49:32 - [TEST_STEP][PASSED] - click: Object: 'Object Repository/DispensaryToCms/Page_KDMC/a_Dispensary Store' is clicked on

2018-05-22 19:49:35 - [MESSAGE][PASSED] - Object: 'Object Repository/DispensaryToCms/Page_KDMC/a_Dispensary Store' is clicked on

2018-05-22 19:49:35 - [TEST_STEP][PASSED] - setText: Text 'rajaram' is set on object 'Object Repository/DispensaryToCms/Page_Dispensary Store Login/input_txtusername'

2018-05-22 19:49:35 - [MESSAGE][PASSED] - Text 'rajaram' is set on object 'Object Repository/DispensaryToCms/Page_Dispensary Store Login/input_txtusername'

2018-05-22 19:49:35 - [TEST_STEP][PASSED] - setText: Text '123' is set on object 'Object Repository/DispensaryToCms/Page_Dispensary Store Login/input_txtpassword'

2018-05-22 19:49:35 - [MESSAGE][PASSED] - Text '123' is set on object 'Object Repository/DispensaryToCms/Page_Dispensary Store Login/input_txtpassword'

2018-05-22 19:49:35 - [TEST_STEP][PASSED] - delay: Delayed 3 second(s)

2018-05-22 19:49:38 - [MESSAGE][PASSED] - Delayed 3 second(s)

2018-05-22 19:49:38 - [TEST_STEP][PASSED] - click: Object: 'Object Repository/DispensaryToCms/Page_Dispensary Store Login/button_Sign in' is clicked on

2018-05-22 19:49:39 - [MESSAGE][PASSED] - Object: 'Object Repository/DispensaryToCms/Page_Dispensary Store Login/button_Sign in' is clicked on

2018-05-22 19:49:39 - [TEST_STEP][PASSED] - delay: Delayed 3 second(s)

2018-05-22 19:49:42 - [MESSAGE][PASSED] - Delayed 3 second(s)

2018-05-22 19:49:42 - [TEST_STEP][PASSED] - click: Object: 'Object Repository/DispensaryToCms/Page_Dispensary Store/a_CMS' is clicked on

2018-05-22 19:49:42 - [MESSAGE][PASSED] - Object: 'Object Repository/DispensaryToCms/Page_Dispensary Store/a_CMS' is clicked on

2018-05-22 19:49:42 - [TEST_STEP][PASSED] - click: Object: 'Object Repository/DispensaryToCms/Page_Dispensary Store/a_Request Send' is clicked on

2018-05-22 19:49:43 - [MESSAGE][PASSED] - Object: 'Object Repository/DispensaryToCms/Page_Dispensary Store/a_Request Send' is clicked on

2018-05-22 19:49:43 - [TEST_STEP][PASSED] - delay: Delayed 2 second(s)

2018-05-22 19:49:45 - [MESSAGE][PASSED] - Delayed 2 second(s)

2018-05-22 19:49:45 - [TEST_STEP][PASSED] - selectOptionByIndex: All options with index in [2] are selected on object 'Object Repository/DispensaryToCms/Page_Dispensary Store/select_--Select--'

2018-05-22 19:49:45 - [MESSAGE][PASSED] - All options with index in [2] are selected on object 'Object Repository/DispensaryToCms/Page_Dispensary Store/select_--Select--'

2018-05-22 19:49:45 - [TEST_STEP][PASSED] - selectOptionByIndex: All options with index in [7] are selected on object 'Object Repository/DispensaryToCms/Page_Dispensary Store/select_--Select--Schedule 1Inj'

2018-05-22 19:49:45 - [MESSAGE][PASSED] - All options with index in [7] are selected on object 'Object Repository/DispensaryToCms/Page_Dispensary Store/select_--Select--Schedule 1Inj'

2018-05-22 19:49:45 - [TEST_STEP][PASSED] - Statement - medicineslength = com.kms.katalon.core.webui.keyword.WebUiBuiltInKeywords.getNumberOfTotalOption(com.kms.katalon.core.testobject.ObjectRepository.findTestObject(DispensaryToCms/Page_Dispensary Store/select_--Select--Adernaline 0.)): 24 options of object 'Object Repository/DispensaryToCms/Page_Dispensary Store/select_--Select--Adernaline 0.' counted

2018-05-22 19:49:45 - [MESSAGE][PASSED] - 24 options of object 'Object Repository/DispensaryToCms/Page_Dispensary Store/select_--Select--Adernaline 0.' counted

2018-05-22 19:49:45 - [TEST_STEP][PASSED] - Statement - For ([e = 1, e <= medicineslength - 1, (e++)]): Object: 'Object Repository/DispensaryToCms/Page_Dispensary Store/button_Add' is clicked on

2018-05-22 19:49:45 - [TEST_STEP][PASSED] - selectOptionByIndex: All options with index in [7] are selected on object 'Object Repository/DispensaryToCms/Page_Dispensary Store/select_--Select--Schedule 1Inj'

2018-05-22 19:49:46 - [MESSAGE][PASSED] - All options with index in [7] are selected on object 'Object Repository/DispensaryToCms/Page_Dispensary Store/select_--Select--Schedule 1Inj'

2018-05-22 19:49:46 - [TEST_STEP][PASSED] - selectOptionByIndex: All options with index in [1] are selected on object 'Object Repository/DispensaryToCms/Page_Dispensary Store/select_--Select--Adernaline 0.'

2018-05-22 19:49:46 - [MESSAGE][PASSED] - All options with index in [1] are selected on object 'Object Repository/DispensaryToCms/Page_Dispensary Store/select_--Select--Adernaline 0.'

2018-05-22 19:49:46 - [TEST_STEP][PASSED] - setText: Text '100' is set on object 'Object Repository/DispensaryToCms/Page_Dispensary Store/input_txttreat'

2018-05-22 19:49:46 - [MESSAGE][PASSED] - Text '100' is set on object 'Object Repository/DispensaryToCms/Page_Dispensary Store/input_txttreat'

2018-05-22 19:49:46 - [TEST_STEP][PASSED] - click: Object: 'Object Repository/DispensaryToCms/Page_Dispensary Store/button_Add' is clicked on

2018-05-22 19:49:46 - [MESSAGE][PASSED] - Object: 'Object Repository/DispensaryToCms/Page_Dispensary Store/button_Add' is clicked on

2018-05-22 19:49:46 - [TEST_STEP][PASSED] - selectOptionByIndex: All options with index in [7] are selected on object 'Object Repository/DispensaryToCms/Page_Dispensary Store/select_--Select--Schedule 1Inj'

2018-05-22 19:49:46 - [MESSAGE][PASSED] - All options with index in [7] are selected on object 'Object Repository/DispensaryToCms/Page_Dispensary Store/select_--Select--Schedule 1Inj'

2018-05-22 19:49:46 - [TEST_STEP][PASSED] - selectOptionByIndex: All options with index in [2] are selected on object 'Object Repository/DispensaryToCms/Page_Dispensary Store/select_--Select--Adernaline 0.'

2018-05-22 19:49:46 - [MESSAGE][PASSED] - All options with index in [2] are selected on object 'Object Repository/DispensaryToCms/Page_Dispensary Store/select_--Select--Adernaline 0.'

2018-05-22 19:49:46 - [TEST_STEP][PASSED] - setText: Text '100' is set on object 'Object Repository/DispensaryToCms/Page_Dispensary Store/input_txttreat'

2018-05-22 19:49:46 - [MESSAGE][PASSED] - Text '100' is set on object 'Object Repository/DispensaryToCms/Page_Dispensary Store/input_txttreat'

2018-05-22 19:49:46 - [TEST_STEP][PASSED] - click: Object: 'Object Repository/DispensaryToCms/Page_Dispensary Store/button_Add' is clicked on

2018-05-22 19:49:46 - [MESSAGE][PASSED] - Object: 'Object Repository/DispensaryToCms/Page_Dispensary Store/button_Add' is clicked on

2018-05-22 19:49:46 - [TEST_STEP][PASSED] - selectOptionByIndex: All options with index in [7] are selected on object 'Object Repository/DispensaryToCms/Page_Dispensary Store/select_--Select--Schedule 1Inj'

2018-05-22 19:49:47 - [MESSAGE][PASSED] - All options with index in [7] are selected on object 'Object Repository/DispensaryToCms/Page_Dispensary Store/select_--Select--Schedule 1Inj'

2018-05-22 19:49:47 - [TEST_STEP][PASSED] - selectOptionByIndex: All options with index in [3] are selected on object 'Object Repository/DispensaryToCms/Page_Dispensary Store/select_--Select--Adernaline 0.'

2018-05-22 19:49:47 - [MESSAGE][PASSED] - All options with index in [3] are selected on object 'Object Repository/DispensaryToCms/Page_Dispensary Store/select_--Select--Adernaline 0.'

2018-05-22 19:49:47 - [TEST_STEP][PASSED] - setText: Text '100' is set on object 'Object Repository/DispensaryToCms/Page_Dispensary Store/input_txttreat'

2018-05-22 19:49:47 - [MESSAGE][PASSED] - Text '100' is set on object 'Object Repository/DispensaryToCms/Page_Dispensary Store/input_txttreat'

2018-05-22 19:49:47 - [TEST_STEP][PASSED] - click: Object: 'Object Repository/DispensaryToCms/Page_Dispensary Store/button_Add' is clicked on

2018-05-22 19:49:47 - [MESSAGE][PASSED] - Object: 'Object Repository/DispensaryToCms/Page_Dispensary Store/button_Add' is clicked on

2018-05-22 19:49:47 - [TEST_STEP][PASSED] - selectOptionByIndex: All options with index in [7] are selected on object 'Object Repository/DispensaryToCms/Page_Dispensary Store/select_--Select--Schedule 1Inj'

2018-05-22 19:49:47 - [MESSAGE][PASSED] - All options with index in [7] are selected on object 'Object Repository/DispensaryToCms/Page_Dispensary Store/select_--Select--Schedule 1Inj'

2018-05-22 19:49:47 - [TEST_STEP][PASSED] - selectOptionByIndex: All options with index in [4] are selected on object 'Object Repository/DispensaryToCms/Page_Dispensary Store/select_--Select--Adernaline 0.'

2018-05-22 19:49:47 - [MESSAGE][PASSED] - All options with index in [4] are selected on object 'Object Repository/DispensaryToCms/Page_Dispensary Store/select_--Select--Adernaline 0.'

2018-05-22 19:49:47 - [TEST_STEP][PASSED] - setText: Text '100' is set on object 'Object Repository/DispensaryToCms/Page_Dispensary Store/input_txttreat'

2018-05-22 19:49:47 - [MESSAGE][PASSED] - Text '100' is set on object 'Object Repository/DispensaryToCms/Page_Dispensary Store/input_txttreat'

2018-05-22 19:49:47 - [TEST_STEP][PASSED] - click: Object: 'Object Repository/DispensaryToCms/Page_Dispensary Store/button_Add' is clicked on

2018-05-22 19:49:47 - [MESSAGE][PASSED] - Object: 'Object Repository/DispensaryToCms/Page_Dispensary Store/button_Add' is clicked on

2018-05-22 19:49:47 - [TEST_STEP][PASSED] - selectOptionByIndex: All options with index in [7] are selected on object 'Object Repository/DispensaryToCms/Page_Dispensary Store/select_--Select--Schedule 1Inj'

2018-05-22 19:49:48 - [MESSAGE][PASSED] - All options with index in [7] are selected on object 'Object Repository/DispensaryToCms/Page_Dispensary Store/select_--Select--Schedule 1Inj'

2018-05-22 19:49:48 - [TEST_STEP][PASSED] - selectOptionByIndex: All options with index in [5] are selected on object 'Object Repository/DispensaryToCms/Page_Dispensary Store/select_--Select--Adernaline 0.'

2018-05-22 19:49:48 - [MESSAGE][PASSED] - All options with index in [5] are selected on object 'Object Repository/DispensaryToCms/Page_Dispensary Store/select_--Select--Adernaline 0.'

2018-05-22 19:49:48 - [TEST_STEP][PASSED] - setText: Text '100' is set on object 'Object Repository/DispensaryToCms/Page_Dispensary Store/input_txttreat'

2018-05-22 19:49:48 - [MESSAGE][PASSED] - Text '100' is set on object 'Object Repository/DispensaryToCms/Page_Dispensary Store/input_txttreat'

2018-05-22 19:49:48 - [TEST_STEP][PASSED] - click: Object: 'Object Repository/DispensaryToCms/Page_Dispensary Store/button_Add' is clicked on

2018-05-22 19:49:48 - [MESSAGE][PASSED] - Object: 'Object Repository/DispensaryToCms/Page_Dispensary Store/button_Add' is clicked on

2018-05-22 19:49:48 - [TEST_STEP][PASSED] - selectOptionByIndex: All options with index in [7] are selected on object 'Object Repository/DispensaryToCms/Page_Dispensary Store/select_--Select--Schedule 1Inj'

2018-05-22 19:49:48 - [MESSAGE][PASSED] - All options with index in [7] are selected on object 'Object Repository/DispensaryToCms/Page_Dispensary Store/select_--Select--Schedule 1Inj'

2018-05-22 19:49:48 - [TEST_STEP][PASSED] - selectOptionByIndex: All options with index in [6] are selected on object 'Object Repository/DispensaryToCms/Page_Dispensary Store/select_--Select--Adernaline 0.'

2018-05-22 19:49:48 - [MESSAGE][PASSED] - All options with index in [6] are selected on object 'Object Repository/DispensaryToCms/Page_Dispensary Store/select_--Select--Adernaline 0.'

2018-05-22 19:49:48 - [TEST_STEP][PASSED] - setText: Text '100' is set on object 'Object Repository/DispensaryToCms/Page_Dispensary Store/input_txttreat'

2018-05-22 19:49:49 - [MESSAGE][PASSED] - Text '100' is set on object 'Object Repository/DispensaryToCms/Page_Dispensary Store/input_txttreat'

2018-05-22 19:49:49 - [TEST_STEP][PASSED] - click: Object: 'Object Repository/DispensaryToCms/Page_Dispensary Store/button_Add' is clicked on

2018-05-22 19:49:49 - [MESSAGE][PASSED] - Object: 'Object Repository/DispensaryToCms/Page_Dispensary Store/button_Add' is clicked on

2018-05-22 19:49:49 - [TEST_STEP][PASSED] - selectOptionByIndex: All options with index in [7] are selected on object 'Object Repository/DispensaryToCms/Page_Dispensary Store/select_--Select--Schedule 1Inj'

2018-05-22 19:49:49 - [MESSAGE][PASSED] - All options with index in [7] are selected on object 'Object Repository/DispensaryToCms/Page_Dispensary Store/select_--Select--Schedule 1Inj'

2018-05-22 19:49:49 - [TEST_STEP][PASSED] - selectOptionByIndex: All options with index in [7] are selected on object 'Object Repository/DispensaryToCms/Page_Dispensary Store/select_--Select--Adernaline 0.'

2018-05-22 19:49:49 - [MESSAGE][PASSED] - All options with index in [7] are selected on object 'Object Repository/DispensaryToCms/Page_Dispensary Store/select_--Select--Adernaline 0.'

2018-05-22 19:49:49 - [TEST_STEP][PASSED] - setText: Text '100' is set on object 'Object Repository/DispensaryToCms/Page_Dispensary Store/input_txttreat'

2018-05-22 19:49:49 - [MESSAGE][PASSED] - Text '100' is set on object 'Object Repository/DispensaryToCms/Page_Dispensary Store/input_txttreat'

2018-05-22 19:49:49 - [TEST_STEP][PASSED] - click: Object: 'Object Repository/DispensaryToCms/Page_Dispensary Store/button_Add' is clicked on

2018-05-22 19:49:49 - [MESSAGE][PASSED] - Object: 'Object Repository/DispensaryToCms/Page_Dispensary Store/button_Add' is clicked on

2018-05-22 19:49:49 - [TEST_STEP][PASSED] - selectOptionByIndex: All options with index in [7] are selected on object 'Object Repository/DispensaryToCms/Page_Dispensary Store/select_--Select--Schedule 1Inj'

2018-05-22 19:49:49 - [MESSAGE][PASSED] - All options with index in [7] are selected on object 'Object Repository/DispensaryToCms/Page_Dispensary Store/select_--Select--Schedule 1Inj'

2018-05-22 19:49:49 - [TEST_STEP][PASSED] - selectOptionByIndex: All options with index in [8] are selected on object 'Object Repository/DispensaryToCms/Page_Dispensary Store/select_--Select--Adernaline 0.'

2018-05-22 19:49:51 - [MESSAGE][PASSED] - All options with index in [8] are selected on object 'Object Repository/DispensaryToCms/Page_Dispensary Store/select_--Select--Adernaline 0.'

2018-05-22 19:49:51 - [TEST_STEP][PASSED] - setText: Text '100' is set on object 'Object Repository/DispensaryToCms/Page_Dispensary Store/input_txttreat'

2018-05-22 19:49:51 - [MESSAGE][PASSED] - Text '100' is set on object 'Object Repository/DispensaryToCms/Page_Dispensary Store/input_txttreat'

2018-05-22 19:49:51 - [TEST_STEP][PASSED] - click: Object: 'Object Repository/DispensaryToCms/Page_Dispensary Store/button_Add' is clicked on

2018-05-22 19:49:51 - [MESSAGE][PASSED] - Object: 'Object Repository/DispensaryToCms/Page_Dispensary Store/button_Add' is clicked on

2018-05-22 19:49:51 - [TEST_STEP][PASSED] - selectOptionByIndex: All options with index in [7] are selected on object 'Object Repository/DispensaryToCms/Page_Dispensary Store/select_--Select--Schedule 1Inj'

2018-05-22 19:49:51 - [MESSAGE][PASSED] - All options with index in [7] are selected on object 'Object Repository/DispensaryToCms/Page_Dispensary Store/select_--Select--Schedule 1Inj'

2018-05-22 19:49:51 - [TEST_STEP][PASSED] - selectOptionByIndex: All options with index in [9] are selected on object 'Object Repository/DispensaryToCms/Page_Dispensary Store/select_--Select--Adernaline 0.'

2018-05-22 19:49:51 - [MESSAGE][PASSED] - All options with index in [9] are selected on object 'Object Repository/DispensaryToCms/Page_Dispensary Store/select_--Select--Adernaline 0.'

2018-05-22 19:49:51 - [TEST_STEP][PASSED] - setText: Text '100' is set on object 'Object Repository/DispensaryToCms/Page_Dispensary Store/input_txttreat'

2018-05-22 19:49:52 - [MESSAGE][PASSED] - Text '100' is set on object 'Object Repository/DispensaryToCms/Page_Dispensary Store/input_txttreat'

2018-05-22 19:49:52 - [TEST_STEP][PASSED] - click: Object: 'Object Repository/DispensaryToCms/Page_Dispensary Store/button_Add' is clicked on

2018-05-22 19:49:52 - [MESSAGE][PASSED] - Object: 'Object Repository/DispensaryToCms/Page_Dispensary Store/button_Add' is clicked on

2018-05-22 19:49:52 - [TEST_STEP][PASSED] - selectOptionByIndex: All options with index in [7] are selected on object 'Object Repository/DispensaryToCms/Page_Dispensary Store/select_--Select--Schedule 1Inj'

2018-05-22 19:49:52 - [MESSAGE][PASSED] - All options with index in [7] are selected on object 'Object Repository/DispensaryToCms/Page_Dispensary Store/select_--Select--Schedule 1Inj'

2018-05-22 19:49:52 - [TEST_STEP][PASSED] - selectOptionByIndex: All options with index in [10] are selected on object 'Object Repository/DispensaryToCms/Page_Dispensary Store/select_--Select--Adernaline 0.'

2018-05-22 19:49:52 - [MESSAGE][PASSED] - All options with index in [10] are selected on object 'Object Repository/DispensaryToCms/Page_Dispensary Store/select_--Select--Adernaline 0.'

2018-05-22 19:49:52 - [TEST_STEP][PASSED] - setText: Text '100' is set on object 'Object Repository/DispensaryToCms/Page_Dispensary Store/input_txttreat'

2018-05-22 19:49:52 - [MESSAGE][PASSED] - Text '100' is set on object 'Object Repository/DispensaryToCms/Page_Dispensary Store/input_txttreat'

2018-05-22 19:49:52 - [TEST_STEP][PASSED] - click: Object: 'Object Repository/DispensaryToCms/Page_Dispensary Store/button_Add' is clicked on

2018-05-22 19:49:52 - [MESSAGE][PASSED] - Object: 'Object Repository/DispensaryToCms/Page_Dispensary Store/button_Add' is clicked on

2018-05-22 19:49:52 - [TEST_STEP][PASSED] - selectOptionByIndex: All options with index in [7] are selected on object 'Object Repository/DispensaryToCms/Page_Dispensary Store/select_--Select--Schedule 1Inj'

2018-05-22 19:49:52 - [MESSAGE][PASSED] - All options with index in [7] are selected on object 'Object Repository/DispensaryToCms/Page_Dispensary Store/select_--Select--Schedule 1Inj'

2018-05-22 19:49:52 - [TEST_STEP][PASSED] - selectOptionByIndex: All options with index in [11] are selected on object 'Object Repository/DispensaryToCms/Page_Dispensary Store/select_--Select--Adernaline 0.'

2018-05-22 19:49:53 - [MESSAGE][PASSED] - All options with index in [11] are selected on object 'Object Repository/DispensaryToCms/Page_Dispensary Store/select_--Select--Adernaline 0.'

2018-05-22 19:49:53 - [TEST_STEP][PASSED] - setText: Text '100' is set on object 'Object Repository/DispensaryToCms/Page_Dispensary Store/input_txttreat'

2018-05-22 19:49:53 - [MESSAGE][PASSED] - Text '100' is set on object 'Object Repository/DispensaryToCms/Page_Dispensary Store/input_txttreat'

2018-05-22 19:49:53 - [TEST_STEP][PASSED] - click: Object: 'Object Repository/DispensaryToCms/Page_Dispensary Store/button_Add' is clicked on

2018-05-22 19:49:53 - [MESSAGE][PASSED] - Object: 'Object Repository/DispensaryToCms/Page_Dispensary Store/button_Add' is clicked on

2018-05-22 19:49:53 - [TEST_STEP][PASSED] - selectOptionByIndex: All options with index in [7] are selected on object 'Object Repository/DispensaryToCms/Page_Dispensary Store/select_--Select--Schedule 1Inj'

2018-05-22 19:49:53 - [MESSAGE][PASSED] - All options with index in [7] are selected on object 'Object Repository/DispensaryToCms/Page_Dispensary Store/select_--Select--Schedule 1Inj'

2018-05-22 19:49:53 - [TEST_STEP][PASSED] - selectOptionByIndex: All options with index in [12] are selected on object 'Object Repository/DispensaryToCms/Page_Dispensary Store/select_--Select--Adernaline 0.'

2018-05-22 19:49:53 - [MESSAGE][PASSED] - All options with index in [12] are selected on object 'Object Repository/DispensaryToCms/Page_Dispensary Store/select_--Select--Adernaline 0.'

2018-05-22 19:49:53 - [TEST_STEP][PASSED] - setText: Text '100' is set on object 'Object Repository/DispensaryToCms/Page_Dispensary Store/input_txttreat'

2018-05-22 19:49:53 - [MESSAGE][PASSED] - Text '100' is set on object 'Object Repository/DispensaryToCms/Page_Dispensary Store/input_txttreat'

2018-05-22 19:49:53 - [TEST_STEP][PASSED] - click: Object: 'Object Repository/DispensaryToCms/Page_Dispensary Store/button_Add' is clicked on

2018-05-22 19:49:53 - [MESSAGE][PASSED] - Object: 'Object Repository/DispensaryToCms/Page_Dispensary Store/button_Add' is clicked on

2018-05-22 19:49:53 - [TEST_STEP][PASSED] - selectOptionByIndex: All options with index in [7] are selected on object 'Object Repository/DispensaryToCms/Page_Dispensary Store/select_--Select--Schedule 1Inj'

2018-05-22 19:49:53 - [MESSAGE][PASSED] - All options with index in [7] are selected on object 'Object Repository/DispensaryToCms/Page_Dispensary Store/select_--Select--Schedule 1Inj'

2018-05-22 19:49:53 - [TEST_STEP][PASSED] - selectOptionByIndex: All options with index in [13] are selected on object 'Object Repository/DispensaryToCms/Page_Dispensary Store/select_--Select--Adernaline 0.'

2018-05-22 19:49:54 - [MESSAGE][PASSED] - All options with index in [13] are selected on object 'Object Repository/DispensaryToCms/Page_Dispensary Store/select_--Select--Adernaline 0.'

2018-05-22 19:49:54 - [TEST_STEP][PASSED] - setText: Text '100' is set on object 'Object Repository/DispensaryToCms/Page_Dispensary Store/input_txttreat'

2018-05-22 19:49:54 - [MESSAGE][PASSED] - Text '100' is set on object 'Object Repository/DispensaryToCms/Page_Dispensary Store/input_txttreat'

2018-05-22 19:49:54 - [TEST_STEP][PASSED] - click: Object: 'Object Repository/DispensaryToCms/Page_Dispensary Store/button_Add' is clicked on

2018-05-22 19:49:54 - [MESSAGE][PASSED] - Object: 'Object Repository/DispensaryToCms/Page_Dispensary Store/button_Add' is clicked on

2018-05-22 19:49:54 - [TEST_STEP][PASSED] - selectOptionByIndex: All options with index in [7] are selected on object 'Object Repository/DispensaryToCms/Page_Dispensary Store/select_--Select--Schedule 1Inj'

2018-05-22 19:49:54 - [MESSAGE][PASSED] - All options with index in [7] are selected on object 'Object Repository/DispensaryToCms/Page_Dispensary Store/select_--Select--Schedule 1Inj'

2018-05-22 19:49:54 - [TEST_STEP][PASSED] - selectOptionByIndex: All options with index in [14] are selected on object 'Object Repository/DispensaryToCms/Page_Dispensary Store/select_--Select--Adernaline 0.'

2018-05-22 19:49:54 - [MESSAGE][PASSED] - All options with index in [14] are selected on object 'Object Repository/DispensaryToCms/Page_Dispensary Store/select_--Select--Adernaline 0.'

2018-05-22 19:49:54 - [TEST_STEP][PASSED] - setText: Text '100' is set on object 'Object Repository/DispensaryToCms/Page_Dispensary Store/input_txttreat'

2018-05-22 19:49:54 - [MESSAGE][PASSED] - Text '100' is set on object 'Object Repository/DispensaryToCms/Page_Dispensary Store/input_txttreat'

2018-05-22 19:49:54 - [TEST_STEP][PASSED] - click: Object: 'Object Repository/DispensaryToCms/Page_Dispensary Store/button_Add' is clicked on

2018-05-22 19:49:55 - [MESSAGE][PASSED] - Object: 'Object Repository/DispensaryToCms/Page_Dispensary Store/button_Add' is clicked on

2018-05-22 19:49:55 - [TEST_STEP][PASSED] - selectOptionByIndex: All options with index in [7] are selected on object 'Object Repository/DispensaryToCms/Page_Dispensary Store/select_--Select--Schedule 1Inj'

2018-05-22 19:49:55 - [MESSAGE][PASSED] - All options with index in [7] are selected on object 'Object Repository/DispensaryToCms/Page_Dispensary Store/select_--Select--Schedule 1Inj'

2018-05-22 19:49:55 - [TEST_STEP][PASSED] - selectOptionByIndex: All options with index in [15] are selected on object 'Object Repository/DispensaryToCms/Page_Dispensary Store/select_--Select--Adernaline 0.'

2018-05-22 19:49:55 - [MESSAGE][PASSED] - All options with index in [15] are selected on object 'Object Repository/DispensaryToCms/Page_Dispensary Store/select_--Select--Adernaline 0.'

2018-05-22 19:49:55 - [TEST_STEP][PASSED] - setText: Text '100' is set on object 'Object Repository/DispensaryToCms/Page_Dispensary Store/input_txttreat'

2018-05-22 19:49:55 - [MESSAGE][PASSED] - Text '100' is set on object 'Object Repository/DispensaryToCms/Page_Dispensary Store/input_txttreat'

2018-05-22 19:49:55 - [TEST_STEP][PASSED] - click: Object: 'Object Repository/DispensaryToCms/Page_Dispensary Store/button_Add' is clicked on

2018-05-22 19:49:55 - [MESSAGE][PASSED] - Object: 'Object Repository/DispensaryToCms/Page_Dispensary Store/button_Add' is clicked on

2018-05-22 19:49:55 - [TEST_STEP][PASSED] - selectOptionByIndex: All options with index in [7] are selected on object 'Object Repository/DispensaryToCms/Page_Dispensary Store/select_--Select--Schedule 1Inj'

2018-05-22 19:49:55 - [MESSAGE][PASSED] - All options with index in [7] are selected on object 'Object Repository/DispensaryToCms/Page_Dispensary Store/select_--Select--Schedule 1Inj'

2018-05-22 19:49:55 - [TEST_STEP][PASSED] - selectOptionByIndex: All options with index in [16] are selected on object 'Object Repository/DispensaryToCms/Page_Dispensary Store/select_--Select--Adernaline 0.'

2018-05-22 19:49:56 - [MESSAGE][PASSED] - All options with index in [16] are selected on object 'Object Repository/DispensaryToCms/Page_Dispensary Store/select_--Select--Adernaline 0.'

2018-05-22 19:49:56 - [TEST_STEP][PASSED] - setText: Text '100' is set on object 'Object Repository/DispensaryToCms/Page_Dispensary Store/input_txttreat'

2018-05-22 19:49:56 - [MESSAGE][PASSED] - Text '100' is set on object 'Object Repository/DispensaryToCms/Page_Dispensary Store/input_txttreat'

2018-05-22 19:49:56 - [TEST_STEP][PASSED] - click: Object: 'Object Repository/DispensaryToCms/Page_Dispensary Store/button_Add' is clicked on

2018-05-22 19:49:56 - [MESSAGE][PASSED] - Object: 'Object Repository/DispensaryToCms/Page_Dispensary Store/button_Add' is clicked on

2018-05-22 19:49:56 - [TEST_STEP][PASSED] - selectOptionByIndex: All options with index in [7] are selected on object 'Object Repository/DispensaryToCms/Page_Dispensary Store/select_--Select--Schedule 1Inj'

2018-05-22 19:49:56 - [MESSAGE][PASSED] - All options with index in [7] are selected on object 'Object Repository/DispensaryToCms/Page_Dispensary Store/select_--Select--Schedule 1Inj'

2018-05-22 19:49:56 - [TEST_STEP][PASSED] - selectOptionByIndex: All options with index in [17] are selected on object 'Object Repository/DispensaryToCms/Page_Dispensary Store/select_--Select--Adernaline 0.'

2018-05-22 19:49:56 - [MESSAGE][PASSED] - All options with index in [17] are selected on object 'Object Repository/DispensaryToCms/Page_Dispensary Store/select_--Select--Adernaline 0.'

2018-05-22 19:49:56 - [TEST_STEP][PASSED] - setText: Text '100' is set on object 'Object Repository/DispensaryToCms/Page_Dispensary Store/input_txttreat'

2018-05-22 19:49:56 - [MESSAGE][PASSED] - Text '100' is set on object 'Object Repository/DispensaryToCms/Page_Dispensary Store/input_txttreat'

2018-05-22 19:49:56 - [TEST_STEP][PASSED] - click: Object: 'Object Repository/DispensaryToCms/Page_Dispensary Store/button_Add' is clicked on

2018-05-22 19:49:56 - [MESSAGE][PASSED] - Object: 'Object Repository/DispensaryToCms/Page_Dispensary Store/button_Add' is clicked on

2018-05-22 19:49:56 - [TEST_STEP][PASSED] - selectOptionByIndex: All options with index in [7] are selected on object 'Object Repository/DispensaryToCms/Page_Dispensary Store/select_--Select--Schedule 1Inj'

2018-05-22 19:49:57 - [MESSAGE][PASSED] - All options with index in [7] are selected on object 'Object Repository/DispensaryToCms/Page_Dispensary Store/select_--Select--Schedule 1Inj'

2018-05-22 19:49:57 - [TEST_STEP][PASSED] - selectOptionByIndex: All options with index in [18] are selected on object 'Object Repository/DispensaryToCms/Page_Dispensary Store/select_--Select--Adernaline 0.'

2018-05-22 19:49:57 - [MESSAGE][PASSED] - All options with index in [18] are selected on object 'Object Repository/DispensaryToCms/Page_Dispensary Store/select_--Select--Adernaline 0.'

2018-05-22 19:49:57 - [TEST_STEP][PASSED] - setText: Text '100' is set on object 'Object Repository/DispensaryToCms/Page_Dispensary Store/input_txttreat'

2018-05-22 19:49:57 - [MESSAGE][PASSED] - Text '100' is set on object 'Object Repository/DispensaryToCms/Page_Dispensary Store/input_txttreat'

2018-05-22 19:49:57 - [TEST_STEP][PASSED] - click: Object: 'Object Repository/DispensaryToCms/Page_Dispensary Store/button_Add' is clicked on

2018-05-22 19:49:57 - [MESSAGE][PASSED] - Object: 'Object Repository/DispensaryToCms/Page_Dispensary Store/button_Add' is clicked on

2018-05-22 19:49:57 - [TEST_STEP][PASSED] - selectOptionByIndex: All options with index in [7] are selected on object 'Object Repository/DispensaryToCms/Page_Dispensary Store/select_--Select--Schedule 1Inj'

2018-05-22 19:49:57 - [MESSAGE][PASSED] - All options with index in [7] are selected on object 'Object Repository/DispensaryToCms/Page_Dispensary Store/select_--Select--Schedule 1Inj'

2018-05-22 19:49:57 - [TEST_STEP][PASSED] - selectOptionByIndex: All options with index in [19] are selected on object 'Object Repository/DispensaryToCms/Page_Dispensary Store/select_--Select--Adernaline 0.'

2018-05-22 19:49:58 - [MESSAGE][PASSED] - All options with index in [19] are selected on object 'Object Repository/DispensaryToCms/Page_Dispensary Store/select_--Select--Adernaline 0.'

2018-05-22 19:49:58 - [TEST_STEP][PASSED] - setText: Text '100' is set on object 'Object Repository/DispensaryToCms/Page_Dispensary Store/input_txttreat'

2018-05-22 19:49:58 - [MESSAGE][PASSED] - Text '100' is set on object 'Object Repository/DispensaryToCms/Page_Dispensary Store/input_txttreat'

2018-05-22 19:49:58 - [TEST_STEP][PASSED] - click: Object: 'Object Repository/DispensaryToCms/Page_Dispensary Store/button_Add' is clicked on

2018-05-22 19:49:58 - [MESSAGE][PASSED] - Object: 'Object Repository/DispensaryToCms/Page_Dispensary Store/button_Add' is clicked on

2018-05-22 19:49:58 - [TEST_STEP][PASSED] - selectOptionByIndex: All options with index in [7] are selected on object 'Object Repository/DispensaryToCms/Page_Dispensary Store/select_--Select--Schedule 1Inj'

2018-05-22 19:49:58 - [MESSAGE][PASSED] - All options with index in [7] are selected on object 'Object Repository/DispensaryToCms/Page_Dispensary Store/select_--Select--Schedule 1Inj'

2018-05-22 19:49:58 - [TEST_STEP][PASSED] - selectOptionByIndex: All options with index in [20] are selected on object 'Object Repository/DispensaryToCms/Page_Dispensary Store/select_--Select--Adernaline 0.'

2018-05-22 19:49:58 - [MESSAGE][PASSED] - All options with index in [20] are selected on object 'Object Repository/DispensaryToCms/Page_Dispensary Store/select_--Select--Adernaline 0.'

2018-05-22 19:49:58 - [TEST_STEP][PASSED] - setText: Text '100' is set on object 'Object Repository/DispensaryToCms/Page_Dispensary Store/input_txttreat'

2018-05-22 19:49:58 - [MESSAGE][PASSED] - Text '100' is set on object 'Object Repository/DispensaryToCms/Page_Dispensary Store/input_txttreat'

2018-05-22 19:49:58 - [TEST_STEP][PASSED] - click: Object: 'Object Repository/DispensaryToCms/Page_Dispensary Store/button_Add' is clicked on

2018-05-22 19:49:59 - [MESSAGE][PASSED] - Object: 'Object Repository/DispensaryToCms/Page_Dispensary Store/button_Add' is clicked on

2018-05-22 19:49:59 - [TEST_STEP][PASSED] - selectOptionByIndex: All options with index in [7] are selected on object 'Object Repository/DispensaryToCms/Page_Dispensary Store/select_--Select--Schedule 1Inj'

2018-05-22 19:49:59 - [MESSAGE][PASSED] - All options with index in [7] are selected on object 'Object Repository/DispensaryToCms/Page_Dispensary Store/select_--Select--Schedule 1Inj'

2018-05-22 19:49:59 - [TEST_STEP][PASSED] - selectOptionByIndex: All options with index in [21] are selected on object 'Object Repository/DispensaryToCms/Page_Dispensary Store/select_--Select--Adernaline 0.'

2018-05-22 19:49:59 - [MESSAGE][PASSED] - All options with index in [21] are selected on object 'Object Repository/DispensaryToCms/Page_Dispensary Store/select_--Select--Adernaline 0.'

2018-05-22 19:49:59 - [TEST_STEP][PASSED] - setText: Text '100' is set on object 'Object Repository/DispensaryToCms/Page_Dispensary Store/input_txttreat'

2018-05-22 19:49:59 - [MESSAGE][PASSED] - Text '100' is set on object 'Object Repository/DispensaryToCms/Page_Dispensary Store/input_txttreat'

2018-05-22 19:49:59 - [TEST_STEP][PASSED] - click: Object: 'Object Repository/DispensaryToCms/Page_Dispensary Store/button_Add' is clicked on

2018-05-22 19:49:59 - [MESSAGE][PASSED] - Object: 'Object Repository/DispensaryToCms/Page_Dispensary Store/button_Add' is clicked on

2018-05-22 19:49:59 - [TEST_STEP][PASSED] - selectOptionByIndex: All options with index in [7] are selected on object 'Object Repository/DispensaryToCms/Page_Dispensary Store/select_--Select--Schedule 1Inj'

2018-05-22 19:49:59 - [MESSAGE][PASSED] - All options with index in [7] are selected on object 'Object Repository/DispensaryToCms/Page_Dispensary Store/select_--Select--Schedule 1Inj'

2018-05-22 19:49:59 - [TEST_STEP][PASSED] - selectOptionByIndex: All options with index in [22] are selected on object 'Object Repository/DispensaryToCms/Page_Dispensary Store/select_--Select--Adernaline 0.'

2018-05-22 19:50:00 - [MESSAGE][PASSED] - All options with index in [22] are selected on object 'Object Repository/DispensaryToCms/Page_Dispensary Store/select_--Select--Adernaline 0.'

2018-05-22 19:50:00 - [TEST_STEP][PASSED] - setText: Text '100' is set on object 'Object Repository/DispensaryToCms/Page_Dispensary Store/input_txttreat'

2018-05-22 19:50:00 - [MESSAGE][PASSED] - Text '100' is set on object 'Object Repository/DispensaryToCms/Page_Dispensary Store/input_txttreat'

2018-05-22 19:50:00 - [TEST_STEP][PASSED] - click: Object: 'Object Repository/DispensaryToCms/Page_Dispensary Store/button_Add' is clicked on

2018-05-22 19:50:00 - [MESSAGE][PASSED] - Object: 'Object Repository/DispensaryToCms/Page_Dispensary Store/button_Add' is clicked on

2018-05-22 19:50:00 - [TEST_STEP][PASSED] - selectOptionByIndex: All options with index in [7] are selected on object 'Object Repository/DispensaryToCms/Page_Dispensary Store/select_--Select--Schedule 1Inj'

2018-05-22 19:50:00 - [MESSAGE][PASSED] - All options with index in [7] are selected on object 'Object Repository/DispensaryToCms/Page_Dispensary Store/select_--Select--Schedule 1Inj'

2018-05-22 19:50:00 - [TEST_STEP][PASSED] - selectOptionByIndex: All options with index in [23] are selected on object 'Object Repository/DispensaryToCms/Page_Dispensary Store/select_--Select--Adernaline 0.'

2018-05-22 19:50:00 - [MESSAGE][PASSED] - All options with index in [23] are selected on object 'Object Repository/DispensaryToCms/Page_Dispensary Store/select_--Select--Adernaline 0.'

2018-05-22 19:50:00 - [TEST_STEP][PASSED] - setText: Text '100' is set on object 'Object Repository/DispensaryToCms/Page_Dispensary Store/input_txttreat'

2018-05-22 19:50:01 - [MESSAGE][PASSED] - Text '100' is set on object 'Object Repository/DispensaryToCms/Page_Dispensary Store/input_txttreat'

2018-05-22 19:50:01 - [TEST_STEP][PASSED] - click: Object: 'Object Repository/DispensaryToCms/Page_Dispensary Store/button_Add' is clicked on

2018-05-22 19:50:01 - [MESSAGE][PASSED] - Object: 'Object Repository/DispensaryToCms/Page_Dispensary Store/button_Add' is clicked on

2018-05-22 19:50:01 - [TEST_STEP][PASSED] - scrollToElement: Scroll to object 'Object Repository/DispensaryToCms/Page_Dispensary Store/input_btnsave' successfully

2018-05-22 19:50:01 - [MESSAGE][PASSED] - Scroll to object 'Object Repository/DispensaryToCms/Page_Dispensary Store/input_btnsave' successfully

2018-05-22 19:50:01 - [TEST_STEP][PASSED] - click: Object: 'Object Repository/DispensaryToCms/Page_Dispensary Store/input_btnsave' is clicked on

2018-05-22 19:50:01 - [MESSAGE][PASSED] - Object: 'Object Repository/DispensaryToCms/Page_Dispensary Store/input_btnsave' is clicked on

2018-05-22 19:50:01 - [TEST_STEP][PASSED] - delay: Delayed 3 second(s)

2018-05-22 19:50:04 - [MESSAGE][PASSED] - Delayed 3 second(s)

2018-05-22 19:50:04 - [TEST_STEP][PASSED] - Statement - RN1 = com.kms.katalon.core.webui.keyword.WebUiBuiltInKeywords.getText(com.kms.katalon.core.testobject.ObjectRepository.findTestObject(DispensaryToCms/Page_Dispensary Store/font_PRNO18052018174)): Text of object 'Object Repository/DispensaryToCms/Page_Dispensary Store/font_PRNO18052018174' is: 'PRNO/22052018/346'

2018-05-22 19:50:04 - [MESSAGE][PASSED] - Text of object 'Object Repository/DispensaryToCms/Page_Dispensary Store/font_PRNO18052018174' is: 'PRNO/22052018/346'

2018-05-22 19:50:04 - [TEST_STEP][PASSED] - Statement - out.println(RN1): null

2018-05-22 19:50:04 - [TEST_STEP][PASSED] - Statement - RID = RN1.split("/")[2]: null

2018-05-22 19:50:04 - [TEST_STEP][PASSED] - click: Object: 'Object Repository/DispensaryToCms/Page_Dispensary Store/button_OK' is clicked on

2018-05-22 19:50:04 - [MESSAGE][PASSED] - Object: 'Object Repository/DispensaryToCms/Page_Dispensary Store/button_OK' is clicked on

2018-05-22 19:50:04 - [TEST_STEP][PASSED] - delay: Delayed 3 second(s)

2018-05-22 19:50:07 - [MESSAGE][PASSED] - Delayed 3 second(s)

2018-05-22 19:50:07 - [TEST_STEP][PASSED] - click: Object: 'Object Repository/DispensaryToCms/Page_Dispensary Store/a_dropdown-toggle' is clicked on

2018-05-22 19:50:08 - [MESSAGE][PASSED] - Object: 'Object Repository/DispensaryToCms/Page_Dispensary Store/a_dropdown-toggle' is clicked on

2018-05-22 19:50:08 - [TEST_STEP][PASSED] - click: Object: 'Object Repository/DispensaryToCms/Page_Dispensary Store/a_Sign out' is clicked on

2018-05-22 19:50:08 - [MESSAGE][PASSED] - Object: 'Object Repository/DispensaryToCms/Page_Dispensary Store/a_Sign out' is clicked on

2018-05-22 19:50:08 - [TEST_STEP][PASSED] - delay: Delayed 3 second(s)

2018-05-22 19:50:11 - [MESSAGE][PASSED] - Delayed 3 second(s)

2018-05-22 19:50:11 - [TEST_STEP][PASSED] - navigateToUrl: Navigate to 'http://192.168.137.1/multihospital_new/' successfully

2018-05-22 19:50:12 - [MESSAGE][PASSED] - Navigate to 'http://192.168.137.1/multihospital_new/' successfully

2018-05-22 19:50:12 - [TEST_STEP][PASSED] - click: Object: 'Object Repository/DispensaryToCms/Page_KDMC/a_CMO' is clicked on

2018-05-22 19:50:12 - [MESSAGE][PASSED] - Object: 'Object Repository/DispensaryToCms/Page_KDMC/a_CMO' is clicked on

2018-05-22 19:50:12 - [TEST_STEP][PASSED] - setText: Text 'guru' is set on object 'Object Repository/DispensaryToCms/Page_CMO login/input_txtusername'

2018-05-22 19:50:12 - [MESSAGE][PASSED] - Text 'guru' is set on object 'Object Repository/DispensaryToCms/Page_CMO login/input_txtusername'

2018-05-22 19:50:12 - [TEST_STEP][PASSED] - setText: Text '123' is set on object 'Object Repository/DispensaryToCms/Page_CMO login/input_txtpassword'

2018-05-22 19:50:12 - [MESSAGE][PASSED] - Text '123' is set on object 'Object Repository/DispensaryToCms/Page_CMO login/input_txtpassword'

2018-05-22 19:50:12 - [TEST_STEP][PASSED] - delay: Delayed 3 second(s)

2018-05-22 19:50:15 - [MESSAGE][PASSED] - Delayed 3 second(s)

2018-05-22 19:50:15 - [TEST_STEP][PASSED] - click: Object: 'Object Repository/DispensaryToCms/Page_CMO login/button_Sign in' is clicked on

2018-05-22 19:50:17 - [MESSAGE][PASSED] - Object: 'Object Repository/DispensaryToCms/Page_CMO login/button_Sign in' is clicked on

2018-05-22 19:50:17 - [TEST_STEP][PASSED] - delay: Delayed 3 second(s)

2018-05-22 19:50:20 - [MESSAGE][PASSED] - Delayed 3 second(s)

2018-05-22 19:50:20 - [TEST_STEP][PASSED] - click: Object: 'Object Repository/DispensaryToCms/Page_KDMC - CMO/a_CMS Request' is clicked on

2018-05-22 19:50:20 - [MESSAGE][PASSED] - Object: 'Object Repository/DispensaryToCms/Page_KDMC - CMO/a_CMS Request' is clicked on

2018-05-22 19:50:20 - [TEST_STEP][PASSED] - delay: Delayed 2 second(s)

2018-05-22 19:50:22 - [MESSAGE][PASSED] - Delayed 2 second(s)

2018-05-22 19:50:22 - [TEST_STEP][PASSED] - click: Object: 'Object Repository/DispensaryToCms/Page_KDMC - CMO/a_Dispensary Store Request' is clicked on

2018-05-22 19:50:24 - [MESSAGE][PASSED] - Object: 'Object Repository/DispensaryToCms/Page_KDMC - CMO/a_Dispensary Store Request' is clicked on

2018-05-22 19:50:24 - [TEST_STEP][PASSED] - selectOptionByIndex: All options with index in [1] are selected on object 'Object Repository/DispensaryToCms/Page_KDMC - CMO/select_--ALL--'

2018-05-22 19:50:24 - [MESSAGE][PASSED] - All options with index in [1] are selected on object 'Object Repository/DispensaryToCms/Page_KDMC - CMO/select_--ALL--'

2018-05-22 19:50:24 - [TEST_STEP][PASSED] - click: Object: 'Object Repository/DispensaryToCms/Page_KDMC - CMO/input_btnsearch' is clicked on

2018-05-22 19:50:24 - [MESSAGE][PASSED] - Object: 'Object Repository/DispensaryToCms/Page_KDMC - CMO/input_btnsearch' is clicked on

2018-05-22 19:50:24 - [TEST_STEP][PASSED] - Statement - ID = com.kms.katalon.core.webui.keyword.WebUiBuiltInKeywords.modifyObjectProperty(com.kms.katalon.core.testobject.ObjectRepository.findTestObject(lab/Page_KDMC - CMO/input_1), "xpath", "equals", "//*[@id=" + RID + "]", true): Modify property of object successfully

2018-05-22 19:50:24 - [MESSAGE][PASSED] - Modify property of object successfully

2018-05-22 19:50:24 - [TEST_STEP][PASSED] - click: Object: 'Object Repository/lab/Page_KDMC - CMO/input_1' is clicked on

2018-05-22 19:50:25 - [MESSAGE][PASSED] - Object: 'Object Repository/lab/Page_KDMC - CMO/input_1' is clicked on

2018-05-22 19:50:25 - [TEST_STEP][PASSED] - delay: Delayed 2 second(s)

2018-05-22 19:50:27 - [MESSAGE][PASSED] - Delayed 2 second(s)

2018-05-22 19:50:27 - [TEST_STEP][PASSED] - selectOptionByIndex: All options with index in [1] are selected on object 'Object Repository/DispensaryToCms/Page_KDMC - CMO/select_--Select--'

2018-05-22 19:50:27 - [MESSAGE][PASSED] - All options with index in [1] are selected on object 'Object Repository/DispensaryToCms/Page_KDMC - CMO/select_--Select--'

2018-05-22 19:50:27 - [TEST_STEP][PASSED] - click: Object: 'Object Repository/DispensaryToCms/Page_KDMC - CMO/input_btnupdate' is clicked on

2018-05-22 19:50:27 - [MESSAGE][PASSED] - Object: 'Object Repository/DispensaryToCms/Page_KDMC - CMO/input_btnupdate' is clicked on

2018-05-22 19:50:27 - [TEST_STEP][PASSED] - delay: Delayed 2 second(s)

2018-05-22 19:50:29 - [MESSAGE][PASSED] - Delayed 2 second(s)

2018-05-22 19:50:29 - [TEST_STEP][PASSED] - click: Object: 'Object Repository/DispensaryToCms/Page_KDMC - CMO/button_OK' is clicked on

2018-05-22 19:50:30 - [MESSAGE][PASSED] - Object: 'Object Repository/DispensaryToCms/Page_KDMC - CMO/button_OK' is clicked on

2018-05-22 19:50:30 - [TEST_STEP][PASSED] - delay: Delayed 3 second(s)

2018-05-22 19:50:33 - [MESSAGE][PASSED] - Delayed 3 second(s)

2018-05-22 19:50:34 - [TEST_STEP][PASSED] - click: Object: 'Object Repository/DispensaryToCms/Page_KDMC - CMO/a_dropdown-toggle' is clicked on

2018-05-22 19:50:34 - [MESSAGE][PASSED] - Object: 'Object Repository/DispensaryToCms/Page_KDMC - CMO/a_dropdown-toggle' is clicked on

2018-05-22 19:50:34 - [TEST_STEP][PASSED] - click: Object: 'Object Repository/DispensaryToCms/Page_KDMC - CMO/a_Sign out' is clicked on

2018-05-22 19:50:35 - [MESSAGE][PASSED] - Object: 'Object Repository/DispensaryToCms/Page_KDMC - CMO/a_Sign out' is clicked on

2018-05-22 19:50:35 - [TEST_STEP][PASSED] - delay: Delayed 3 second(s)

2018-05-22 19:50:38 - [MESSAGE][PASSED] - Delayed 3 second(s)

2018-05-22 19:50:38 - [TEST_STEP][PASSED] - click: Object: 'Object Repository/DispensaryToCms/Page_KDMC/a_CMS' is clicked on

2018-05-22 19:50:39 - [MESSAGE][PASSED] - Object: 'Object Repository/DispensaryToCms/Page_KDMC/a_CMS' is clicked on

2018-05-22 19:50:39 - [TEST_STEP][PASSED] - setText: Text 'bala' is set on object 'Object Repository/DispensaryToCms/Page_CMS login/input_txtusername'

2018-05-22 19:50:39 - [MESSAGE][PASSED] - Text 'bala' is set on object 'Object Repository/DispensaryToCms/Page_CMS login/input_txtusername'

2018-05-22 19:50:39 - [TEST_STEP][PASSED] - setText: Text '123' is set on object 'Object Repository/DispensaryToCms/Page_CMS login/input_txtpassword'

2018-05-22 19:50:39 - [MESSAGE][PASSED] - Text '123' is set on object 'Object Repository/DispensaryToCms/Page_CMS login/input_txtpassword'

2018-05-22 19:50:39 - [TEST_STEP][PASSED] - delay: Delayed 3 second(s)

2018-05-22 19:50:42 - [MESSAGE][PASSED] - Delayed 3 second(s)

2018-05-22 19:50:42 - [TEST_STEP][PASSED] - click: Object: 'Object Repository/DispensaryToCms/Page_CMS login/button_Sign in' is clicked on

2018-05-22 19:50:43 - [MESSAGE][PASSED] - Object: 'Object Repository/DispensaryToCms/Page_CMS login/button_Sign in' is clicked on

2018-05-22 19:50:43 - [TEST_STEP][PASSED] - delay: Delayed 3 second(s)

2018-05-22 19:50:46 - [MESSAGE][PASSED] - Delayed 3 second(s)

2018-05-22 19:50:46 - [TEST_STEP][PASSED] - click: Object: 'Object Repository/DispensaryToCms/Page_KDMC - CMS/a_Divisional Store' is clicked on

2018-05-22 19:50:46 - [MESSAGE][PASSED] - Object: 'Object Repository/DispensaryToCms/Page_KDMC - CMS/a_Divisional Store' is clicked on

2018-05-22 19:50:46 - [TEST_STEP][PASSED] - delay: Delayed 2 second(s)

2018-05-22 19:50:48 - [MESSAGE][PASSED] - Delayed 2 second(s)

2018-05-22 19:50:48 - [TEST_STEP][PASSED] - click: Object: 'Object Repository/DispensaryToCms/Page_KDMC - CMS/a_Dispatch Items' is clicked on

2018-05-22 19:50:49 - [MESSAGE][PASSED] - Object: 'Object Repository/DispensaryToCms/Page_KDMC - CMS/a_Dispatch Items' is clicked on

2018-05-22 19:50:49 - [TEST_STEP][PASSED] - delay: Delayed 2 second(s)

2018-05-22 19:50:51 - [MESSAGE][PASSED] - Delayed 2 second(s)

2018-05-22 19:50:51 - [TEST_STEP][PASSED] - setText: Text 'PRNO/22052018/346' is set on object 'Object Repository/DispensaryToCms/Page_KDMC - CMS/input'

2018-05-22 19:50:51 - [MESSAGE][PASSED] - Text 'PRNO/22052018/346' is set on object 'Object Repository/DispensaryToCms/Page_KDMC - CMS/input'

2018-05-22 19:50:51 - [TEST_STEP][PASSED] - click: Object: 'Object Repository/DispensaryToCms/Page_KDMC - CMS/input_PRNO18052018174' is clicked on

2018-05-22 19:50:51 - [MESSAGE][PASSED] - Object: 'Object Repository/DispensaryToCms/Page_KDMC - CMS/input_PRNO18052018174' is clicked on

2018-05-22 19:50:51 - [TEST_STEP][PASSED] - Statement - out.println("Length : " + medicineslength): null

2018-05-22 19:50:51 - [TEST_STEP][PASSED] - Statement - For ([row = 0, row < medicineslength - 1, (row++)]): null

2018-05-22 19:50:51 - [TEST_STEP][PASSED] - Statement - batchlength = new com.kms.katalon.core.testobject.TestObject(): null

2018-05-22 19:50:51 - [TEST_STEP][PASSED] - Statement - batchlength = com.kms.katalon.core.webui.keyword.WebUiBuiltInKeywords.modifyObjectProperty(batchlength, "xpath", "equals", "//*[@id = "fldvendor" + row + ""]", true): Modify property of object successfully

2018-05-22 19:50:51 - [MESSAGE][PASSED] - Modify property of object successfully

2018-05-22 19:50:51 - [TEST_STEP][PASSED] - Statement - batchsize = com.kms.katalon.core.webui.keyword.WebUiBuiltInKeywords.getNumberOfTotalOption(batchlength): 7 options of object '' counted

2018-05-22 19:50:52 - [MESSAGE][PASSED] - 7 options of object '' counted

2018-05-22 19:50:52 - [TEST_STEP][PASSED] - Statement - out.println("BatchSize : " + batchsize): null

2018-05-22 19:50:52 - [TEST_STEP][PASSED] - Statement - For ([n = 1, n <= batchsize - 1, (n++)]): null

2018-05-22 19:50:52 - [TEST_STEP][PASSED] - Statement - product = new com.kms.katalon.core.testobject.TestObject(): null

2018-05-22 19:50:52 - [TEST_STEP][PASSED] - Statement - product = com.kms.katalon.core.webui.keyword.WebUiBuiltInKeywords.modifyObjectProperty(product, "xpath", "equals", "//*[@id = "fldvendor" + row + ""]", true): Modify property of object successfully

2018-05-22 19:50:52 - [MESSAGE][PASSED] - Modify property of object successfully

2018-05-22 19:50:52 - [TEST_STEP][PASSED] - selectOptionByIndex: All options with index in [1] are selected on object ''

2018-05-22 19:50:52 - [MESSAGE][PASSED] - All options with index in [1] are selected on object ''

2018-05-22 19:50:52 - [TEST_STEP][PASSED] - Statement - batch = new com.kms.katalon.core.testobject.TestObject(): null

2018-05-22 19:50:52 - [TEST_STEP][PASSED] - Statement - batch = com.kms.katalon.core.webui.keyword.WebUiBuiltInKeywords.modifyObjectProperty(batch, "xpath", "equals", "//*[@id = "txtbthqty" + row + ""]", true): Modify property of object successfully

2018-05-22 19:50:52 - [MESSAGE][PASSED] - Modify property of object successfully

2018-05-22 19:50:52 - [TEST_STEP][PASSED] - Statement - batchqty = com.kms.katalon.core.webui.keyword.WebUiBuiltInKeywords.getAttribute(batch, "value").trim(): Attribute 'value' of object '' is: '4000'

2018-05-22 19:50:52 - [MESSAGE][PASSED] - Attribute 'value' of object '' is: '4000'

2018-05-22 19:50:52 - [TEST_STEP][PASSED] - Statement - Rqty = 100: null

2018-05-22 19:50:52 - [TEST_STEP][PASSED] - delay: Delayed 2 second(s)

2018-05-22 19:50:54 - [MESSAGE][PASSED] - Delayed 2 second(s)

2018-05-22 19:50:54 - [TEST_STEP][PASSED] - Statement - out.println("BatchQty : " + batchqty): null

2018-05-22 19:50:54 - [TEST_STEP][PASSED] - Statement - out.println("RQty : " + Rqty): null

2018-05-22 19:50:54 - [TEST_STEP][PASSED] - Statement - If (java.lang.Integer.valueOf(batchqty) >= java.lang.Integer.valueOf(Rqty)): null

2018-05-22 19:50:54 - [TEST_STEP][PASSED] - Statement - Break: null

2018-05-22 19:50:54 - [TEST_STEP][PASSED] - Statement - batchlength = new com.kms.katalon.core.testobject.TestObject(): null

2018-05-22 19:50:54 - [TEST_STEP][PASSED] - Statement - batchlength = com.kms.katalon.core.webui.keyword.WebUiBuiltInKeywords.modifyObjectProperty(batchlength, "xpath", "equals", "//*[@id = "fldvendor" + row + ""]", true): Modify property of object successfully

2018-05-22 19:50:54 - [MESSAGE][PASSED] - Modify property of object successfully

2018-05-22 19:50:54 - [TEST_STEP][PASSED] - Statement - batchsize = com.kms.katalon.core.webui.keyword.WebUiBuiltInKeywords.getNumberOfTotalOption(batchlength): 7 options of object '' counted

2018-05-22 19:50:54 - [MESSAGE][PASSED] - 7 options of object '' counted

2018-05-22 19:50:54 - [TEST_STEP][PASSED] - Statement - out.println("BatchSize : " + batchsize): null

2018-05-22 19:50:54 - [TEST_STEP][PASSED] - Statement - For ([n = 1, n <= batchsize - 1, (n++)]): null

2018-05-22 19:50:54 - [TEST_STEP][PASSED] - Statement - product = new com.kms.katalon.core.testobject.TestObject(): null

2018-05-22 19:50:54 - [TEST_STEP][PASSED] - Statement - product = com.kms.katalon.core.webui.keyword.WebUiBuiltInKeywords.modifyObjectProperty(product, "xpath", "equals", "//*[@id = "fldvendor" + row + ""]", true): Modify property of object successfully

2018-05-22 19:50:54 - [MESSAGE][PASSED] - Modify property of object successfully

2018-05-22 19:50:54 - [TEST_STEP][PASSED] - selectOptionByIndex: All options with index in [1] are selected on object ''

2018-05-22 19:50:54 - [MESSAGE][PASSED] - All options with index in [1] are selected on object ''

2018-05-22 19:50:54 - [TEST_STEP][PASSED] - Statement - batch = new com.kms.katalon.core.testobject.TestObject(): null

2018-05-22 19:50:54 - [TEST_STEP][PASSED] - Statement - batch = com.kms.katalon.core.webui.keyword.WebUiBuiltInKeywords.modifyObjectProperty(batch, "xpath", "equals", "//*[@id = "txtbthqty" + row + ""]", true): Modify property of object successfully

2018-05-22 19:50:54 - [MESSAGE][PASSED] - Modify property of object successfully

2018-05-22 19:50:54 - [TEST_STEP][PASSED] - Statement - batchqty = com.kms.katalon.core.webui.keyword.WebUiBuiltInKeywords.getAttribute(batch, "value").trim(): Attribute 'value' of object '' is: '4000'

2018-05-22 19:50:54 - [MESSAGE][PASSED] - Attribute 'value' of object '' is: '4000'

2018-05-22 19:50:54 - [TEST_STEP][PASSED] - Statement - Rqty = 100: null

2018-05-22 19:50:54 - [TEST_STEP][PASSED] - delay: Delayed 2 second(s)

2018-05-22 19:50:56 - [MESSAGE][PASSED] - Delayed 2 second(s)

2018-05-22 19:50:56 - [TEST_STEP][PASSED] - Statement - out.println("BatchQty : " + batchqty): null

2018-05-22 19:50:56 - [TEST_STEP][PASSED] - Statement - out.println("RQty : " + Rqty): null

2018-05-22 19:50:56 - [TEST_STEP][PASSED] - Statement - If (java.lang.Integer.valueOf(batchqty) >= java.lang.Integer.valueOf(Rqty)): null

2018-05-22 19:50:56 - [TEST_STEP][PASSED] - Statement - Break: null

2018-05-22 19:50:56 - [TEST_STEP][PASSED] - Statement - batchlength = new com.kms.katalon.core.testobject.TestObject(): null

2018-05-22 19:50:56 - [TEST_STEP][PASSED] - Statement - batchlength = com.kms.katalon.core.webui.keyword.WebUiBuiltInKeywords.modifyObjectProperty(batchlength, "xpath", "equals", "//*[@id = "fldvendor" + row + ""]", true): Modify property of object successfully

2018-05-22 19:50:56 - [MESSAGE][PASSED] - Modify property of object successfully

2018-05-22 19:50:56 - [TEST_STEP][PASSED] - Statement - batchsize = com.kms.katalon.core.webui.keyword.WebUiBuiltInKeywords.getNumberOfTotalOption(batchlength): 7 options of object '' counted

2018-05-22 19:50:56 - [MESSAGE][PASSED] - 7 options of object '' counted

2018-05-22 19:50:56 - [TEST_STEP][PASSED] - Statement - out.println("BatchSize : " + batchsize): null

2018-05-22 19:50:56 - [TEST_STEP][PASSED] - Statement - For ([n = 1, n <= batchsize - 1, (n++)]): null

2018-05-22 19:50:56 - [TEST_STEP][PASSED] - Statement - product = new com.kms.katalon.core.testobject.TestObject(): null

2018-05-22 19:50:56 - [TEST_STEP][PASSED] - Statement - product = com.kms.katalon.core.webui.keyword.WebUiBuiltInKeywords.modifyObjectProperty(product, "xpath", "equals", "//*[@id = "fldvendor" + row + ""]", true): Modify property of object successfully

2018-05-22 19:50:56 - [MESSAGE][PASSED] - Modify property of object successfully

2018-05-22 19:50:56 - [TEST_STEP][PASSED] - selectOptionByIndex: All options with index in [1] are selected on object ''

2018-05-22 19:50:56 - [MESSAGE][PASSED] - All options with index in [1] are selected on object ''

2018-05-22 19:50:56 - [TEST_STEP][PASSED] - Statement - batch = new com.kms.katalon.core.testobject.TestObject(): null

2018-05-22 19:50:56 - [TEST_STEP][PASSED] - Statement - batch = com.kms.katalon.core.webui.keyword.WebUiBuiltInKeywords.modifyObjectProperty(batch, "xpath", "equals", "//*[@id = "txtbthqty" + row + ""]", true): Modify property of object successfully

2018-05-22 19:50:56 - [MESSAGE][PASSED] - Modify property of object successfully

2018-05-22 19:50:56 - [TEST_STEP][PASSED] - Statement - batchqty = com.kms.katalon.core.webui.keyword.WebUiBuiltInKeywords.getAttribute(batch, "value").trim(): Attribute 'value' of object '' is: '39000'

2018-05-22 19:50:56 - [MESSAGE][PASSED] - Attribute 'value' of object '' is: '39000'

2018-05-22 19:50:56 - [TEST_STEP][PASSED] - Statement - Rqty = 100: null

2018-05-22 19:50:56 - [TEST_STEP][PASSED] - delay: Delayed 2 second(s)

2018-05-22 19:50:58 - [MESSAGE][PASSED] - Delayed 2 second(s)

2018-05-22 19:50:58 - [TEST_STEP][PASSED] - Statement - out.println("BatchQty : " + batchqty): null

2018-05-22 19:50:58 - [TEST_STEP][PASSED] - Statement - out.println("RQty : " + Rqty): null

2018-05-22 19:50:58 - [TEST_STEP][PASSED] - Statement - If (java.lang.Integer.valueOf(batchqty) >= java.lang.Integer.valueOf(Rqty)): null

2018-05-22 19:50:58 - [TEST_STEP][PASSED] - Statement - Break: null

2018-05-22 19:50:58 - [TEST_STEP][PASSED] - Statement - batchlength = new com.kms.katalon.core.testobject.TestObject(): null

2018-05-22 19:50:58 - [TEST_STEP][PASSED] - Statement - batchlength = com.kms.katalon.core.webui.keyword.WebUiBuiltInKeywords.modifyObjectProperty(batchlength, "xpath", "equals", "//*[@id = "fldvendor" + row + ""]", true): Modify property of object successfully

2018-05-22 19:50:58 - [MESSAGE][PASSED] - Modify property of object successfully

2018-05-22 19:50:58 - [TEST_STEP][PASSED] - Statement - batchsize = com.kms.katalon.core.webui.keyword.WebUiBuiltInKeywords.getNumberOfTotalOption(batchlength): 7 options of object '' counted

2018-05-22 19:50:59 - [MESSAGE][PASSED] - 7 options of object '' counted

2018-05-22 19:50:59 - [TEST_STEP][PASSED] - Statement - out.println("BatchSize : " + batchsize): null

2018-05-22 19:50:59 - [TEST_STEP][PASSED] - Statement - For ([n = 1, n <= batchsize - 1, (n++)]): null

2018-05-22 19:50:59 - [TEST_STEP][PASSED] - Statement - product = new com.kms.katalon.core.testobject.TestObject(): null

2018-05-22 19:50:59 - [TEST_STEP][PASSED] - Statement - product = com.kms.katalon.core.webui.keyword.WebUiBuiltInKeywords.modifyObjectProperty(product, "xpath", "equals", "//*[@id = "fldvendor" + row + ""]", true): Modify property of object successfully

2018-05-22 19:50:59 - [MESSAGE][PASSED] - Modify property of object successfully

2018-05-22 19:50:59 - [TEST_STEP][PASSED] - selectOptionByIndex: All options with index in [1] are selected on object ''

2018-05-22 19:50:59 - [MESSAGE][PASSED] - All options with index in [1] are selected on object ''

2018-05-22 19:50:59 - [TEST_STEP][PASSED] - Statement - batch = new com.kms.katalon.core.testobject.TestObject(): null

2018-05-22 19:50:59 - [TEST_STEP][PASSED] - Statement - batch = com.kms.katalon.core.webui.keyword.WebUiBuiltInKeywords.modifyObjectProperty(batch, "xpath", "equals", "//*[@id = "txtbthqty" + row + ""]", true): Modify property of object successfully

2018-05-22 19:50:59 - [MESSAGE][PASSED] - Modify property of object successfully

2018-05-22 19:50:59 - [TEST_STEP][PASSED] - Statement - batchqty = com.kms.katalon.core.webui.keyword.WebUiBuiltInKeywords.getAttribute(batch, "value").trim(): Attribute 'value' of object '' is: '39000'

2018-05-22 19:50:59 - [MESSAGE][PASSED] - Attribute 'value' of object '' is: '39000'

2018-05-22 19:50:59 - [TEST_STEP][PASSED] - Statement - Rqty = 100: null

2018-05-22 19:50:59 - [TEST_STEP][PASSED] - delay: Delayed 2 second(s)

2018-05-22 19:51:01 - [MESSAGE][PASSED] - Delayed 2 second(s)

2018-05-22 19:51:01 - [TEST_STEP][PASSED] - Statement - out.println("BatchQty : " + batchqty): null

2018-05-22 19:51:01 - [TEST_STEP][PASSED] - Statement - out.println("RQty : " + Rqty): null

2018-05-22 19:51:01 - [TEST_STEP][PASSED] - Statement - If (java.lang.Integer.valueOf(batchqty) >= java.lang.Integer.valueOf(Rqty)): null

2018-05-22 19:51:01 - [TEST_STEP][PASSED] - Statement - Break: null

2018-05-22 19:51:01 - [TEST_STEP][PASSED] - Statement - batchlength = new com.kms.katalon.core.testobject.TestObject(): null

2018-05-22 19:51:01 - [TEST_STEP][PASSED] - Statement - batchlength = com.kms.katalon.core.webui.keyword.WebUiBuiltInKeywords.modifyObjectProperty(batchlength, "xpath", "equals", "//*[@id = "fldvendor" + row + ""]", true): Modify property of object successfully

2018-05-22 19:51:01 - [MESSAGE][PASSED] - Modify property of object successfully

2018-05-22 19:51:01 - [TEST_STEP][PASSED] - Statement - batchsize = com.kms.katalon.core.webui.keyword.WebUiBuiltInKeywords.getNumberOfTotalOption(batchlength): 7 options of object '' counted

2018-05-22 19:51:01 - [MESSAGE][PASSED] - 7 options of object '' counted

2018-05-22 19:51:01 - [TEST_STEP][PASSED] - Statement - out.println("BatchSize : " + batchsize): null

2018-05-22 19:51:01 - [TEST_STEP][PASSED] - Statement - For ([n = 1, n <= batchsize - 1, (n++)]): null

2018-05-22 19:51:01 - [TEST_STEP][PASSED] - Statement - product = new com.kms.katalon.core.testobject.TestObject(): null

2018-05-22 19:51:01 - [TEST_STEP][PASSED] - Statement - product = com.kms.katalon.core.webui.keyword.WebUiBuiltInKeywords.modifyObjectProperty(product, "xpath", "equals", "//*[@id = "fldvendor" + row + ""]", true): Modify property of object successfully

2018-05-22 19:51:01 - [MESSAGE][PASSED] - Modify property of object successfully

2018-05-22 19:51:01 - [TEST_STEP][PASSED] - selectOptionByIndex: All options with index in [1] are selected on object ''

2018-05-22 19:51:01 - [MESSAGE][PASSED] - All options with index in [1] are selected on object ''

2018-05-22 19:51:01 - [TEST_STEP][PASSED] - Statement - batch = new com.kms.katalon.core.testobject.TestObject(): null

2018-05-22 19:51:01 - [TEST_STEP][PASSED] - Statement - batch = com.kms.katalon.core.webui.keyword.WebUiBuiltInKeywords.modifyObjectProperty(batch, "xpath", "equals", "//*[@id = "txtbthqty" + row + ""]", true): Modify property of object successfully

2018-05-22 19:51:01 - [MESSAGE][PASSED] - Modify property of object successfully

2018-05-22 19:51:01 - [TEST_STEP][PASSED] - Statement - batchqty = com.kms.katalon.core.webui.keyword.WebUiBuiltInKeywords.getAttribute(batch, "value").trim(): Attribute 'value' of object '' is: '4200'

2018-05-22 19:51:01 - [MESSAGE][PASSED] - Attribute 'value' of object '' is: '4200'

2018-05-22 19:51:01 - [TEST_STEP][PASSED] - Statement - Rqty = 100: null

2018-05-22 19:51:01 - [TEST_STEP][PASSED] - delay: Delayed 2 second(s)

2018-05-22 19:51:03 - [MESSAGE][PASSED] - Delayed 2 second(s)

2018-05-22 19:51:03 - [TEST_STEP][PASSED] - Statement - out.println("BatchQty : " + batchqty): null

2018-05-22 19:51:03 - [TEST_STEP][PASSED] - Statement - out.println("RQty : " + Rqty): null

2018-05-22 19:51:03 - [TEST_STEP][PASSED] - Statement - If (java.lang.Integer.valueOf(batchqty) >= java.lang.Integer.valueOf(Rqty)): null

2018-05-22 19:51:03 - [TEST_STEP][PASSED] - Statement - Break: null

2018-05-22 19:51:03 - [TEST_STEP][PASSED] - Statement - batchlength = new com.kms.katalon.core.testobject.TestObject(): null

2018-05-22 19:51:03 - [TEST_STEP][PASSED] - Statement - batchlength = com.kms.katalon.core.webui.keyword.WebUiBuiltInKeywords.modifyObjectProperty(batchlength, "xpath", "equals", "//*[@id = "fldvendor" + row + ""]", true): Modify property of object successfully

2018-05-22 19:51:03 - [MESSAGE][PASSED] - Modify property of object successfully

2018-05-22 19:51:03 - [TEST_STEP][PASSED] - Statement - batchsize = com.kms.katalon.core.webui.keyword.WebUiBuiltInKeywords.getNumberOfTotalOption(batchlength): 7 options of object '' counted

2018-05-22 19:51:03 - [MESSAGE][PASSED] - 7 options of object '' counted

2018-05-22 19:51:03 - [TEST_STEP][PASSED] - Statement - out.println("BatchSize : " + batchsize): null

2018-05-22 19:51:03 - [TEST_STEP][PASSED] - Statement - For ([n = 1, n <= batchsize - 1, (n++)]): null

2018-05-22 19:51:03 - [TEST_STEP][PASSED] - Statement - product = new com.kms.katalon.core.testobject.TestObject(): null

2018-05-22 19:51:03 - [TEST_STEP][PASSED] - Statement - product = com.kms.katalon.core.webui.keyword.WebUiBuiltInKeywords.modifyObjectProperty(product, "xpath", "equals", "//*[@id = "fldvendor" + row + ""]", true): Modify property of object successfully

2018-05-22 19:51:03 - [MESSAGE][PASSED] - Modify property of object successfully

2018-05-22 19:51:03 - [TEST_STEP][PASSED] - selectOptionByIndex: All options with index in [1] are selected on object ''

2018-05-22 19:51:03 - [MESSAGE][PASSED] - All options with index in [1] are selected on object ''

2018-05-22 19:51:03 - [TEST_STEP][PASSED] - Statement - batch = new com.kms.katalon.core.testobject.TestObject(): null

2018-05-22 19:51:03 - [TEST_STEP][PASSED] - Statement - batch = com.kms.katalon.core.webui.keyword.WebUiBuiltInKeywords.modifyObjectProperty(batch, "xpath", "equals", "//*[@id = "txtbthqty" + row + ""]", true): Modify property of object successfully

2018-05-22 19:51:03 - [MESSAGE][PASSED] - Modify property of object successfully

2018-05-22 19:51:03 - [TEST_STEP][PASSED] - Statement - batchqty = com.kms.katalon.core.webui.keyword.WebUiBuiltInKeywords.getAttribute(batch, "value").trim(): Attribute 'value' of object '' is: '39000'

2018-05-22 19:51:03 - [MESSAGE][PASSED] - Attribute 'value' of object '' is: '39000'

2018-05-22 19:51:03 - [TEST_STEP][PASSED] - Statement - Rqty = 100: null

2018-05-22 19:51:03 - [TEST_STEP][PASSED] - delay: Delayed 2 second(s)

2018-05-22 19:51:05 - [MESSAGE][PASSED] - Delayed 2 second(s)

2018-05-22 19:51:05 - [TEST_STEP][PASSED] - Statement - out.println("BatchQty : " + batchqty): null

2018-05-22 19:51:05 - [TEST_STEP][PASSED] - Statement - out.println("RQty : " + Rqty): null

2018-05-22 19:51:05 - [TEST_STEP][PASSED] - Statement - If (java.lang.Integer.valueOf(batchqty) >= java.lang.Integer.valueOf(Rqty)): null

2018-05-22 19:51:05 - [TEST_STEP][PASSED] - Statement - Break: null

2018-05-22 19:51:05 - [TEST_STEP][PASSED] - Statement - batchlength = new com.kms.katalon.core.testobject.TestObject(): null

2018-05-22 19:51:05 - [TEST_STEP][PASSED] - Statement - batchlength = com.kms.katalon.core.webui.keyword.WebUiBuiltInKeywords.modifyObjectProperty(batchlength, "xpath", "equals", "//*[@id = "fldvendor" + row + ""]", true): Modify property of object successfully

2018-05-22 19:51:05 - [MESSAGE][PASSED] - Modify property of object successfully

2018-05-22 19:51:05 - [TEST_STEP][PASSED] - Statement - batchsize = com.kms.katalon.core.webui.keyword.WebUiBuiltInKeywords.getNumberOfTotalOption(batchlength): 7 options of object '' counted

2018-05-22 19:51:05 - [MESSAGE][PASSED] - 7 options of object '' counted

2018-05-22 19:51:05 - [TEST_STEP][PASSED] - Statement - out.println("BatchSize : " + batchsize): null

2018-05-22 19:51:05 - [TEST_STEP][PASSED] - Statement - For ([n = 1, n <= batchsize - 1, (n++)]): null

2018-05-22 19:51:05 - [TEST_STEP][PASSED] - Statement - product = new com.kms.katalon.core.testobject.TestObject(): null

2018-05-22 19:51:05 - [TEST_STEP][PASSED] - Statement - product = com.kms.katalon.core.webui.keyword.WebUiBuiltInKeywords.modifyObjectProperty(product, "xpath", "equals", "//*[@id = "fldvendor" + row + ""]", true): Modify property of object successfully

2018-05-22 19:51:05 - [MESSAGE][PASSED] - Modify property of object successfully

2018-05-22 19:51:05 - [TEST_STEP][PASSED] - selectOptionByIndex: All options with index in [1] are selected on object ''

2018-05-22 19:51:05 - [MESSAGE][PASSED] - All options with index in [1] are selected on object ''

2018-05-22 19:51:05 - [TEST_STEP][PASSED] - Statement - batch = new com.kms.katalon.core.testobject.TestObject(): null

2018-05-22 19:51:05 - [TEST_STEP][PASSED] - Statement - batch = com.kms.katalon.core.webui.keyword.WebUiBuiltInKeywords.modifyObjectProperty(batch, "xpath", "equals", "//*[@id = "txtbthqty" + row + ""]", true): Modify property of object successfully

2018-05-22 19:51:05 - [MESSAGE][PASSED] - Modify property of object successfully

2018-05-22 19:51:05 - [TEST_STEP][PASSED] - Statement - batchqty = com.kms.katalon.core.webui.keyword.WebUiBuiltInKeywords.getAttribute(batch, "value").trim(): Attribute 'value' of object '' is: '39000'

2018-05-22 19:51:05 - [MESSAGE][PASSED] - Attribute 'value' of object '' is: '39000'

2018-05-22 19:51:05 - [TEST_STEP][PASSED] - Statement - Rqty = 100: null

2018-05-22 19:51:05 - [TEST_STEP][PASSED] - delay: Delayed 2 second(s)

2018-05-22 19:51:07 - [MESSAGE][PASSED] - Delayed 2 second(s)

2018-05-22 19:51:07 - [TEST_STEP][PASSED] - Statement - out.println("BatchQty : " + batchqty): null

2018-05-22 19:51:07 - [TEST_STEP][PASSED] - Statement - out.println("RQty : " + Rqty): null

2018-05-22 19:51:08 - [TEST_STEP][PASSED] - Statement - If (java.lang.Integer.valueOf(batchqty) >= java.lang.Integer.valueOf(Rqty)): null

2018-05-22 19:51:08 - [TEST_STEP][PASSED] - Statement - Break: null

2018-05-22 19:51:08 - [TEST_STEP][PASSED] - Statement - batchlength = new com.kms.katalon.core.testobject.TestObject(): null

2018-05-22 19:51:08 - [TEST_STEP][PASSED] - Statement - batchlength = com.kms.katalon.core.webui.keyword.WebUiBuiltInKeywords.modifyObjectProperty(batchlength, "xpath", "equals", "//*[@id = "fldvendor" + row + ""]", true): Modify property of object successfully

2018-05-22 19:51:08 - [MESSAGE][PASSED] - Modify property of object successfully

2018-05-22 19:51:08 - [TEST_STEP][PASSED] - Statement - batchsize = com.kms.katalon.core.webui.keyword.WebUiBuiltInKeywords.getNumberOfTotalOption(batchlength): 7 options of object '' counted

2018-05-22 19:51:08 - [MESSAGE][PASSED] - 7 options of object '' counted

2018-05-22 19:51:08 - [TEST_STEP][PASSED] - Statement - out.println("BatchSize : " + batchsize): null

2018-05-22 19:51:08 - [TEST_STEP][PASSED] - Statement - For ([n = 1, n <= batchsize - 1, (n++)]): null

2018-05-22 19:51:08 - [TEST_STEP][PASSED] - Statement - product = new com.kms.katalon.core.testobject.TestObject(): null

2018-05-22 19:51:08 - [TEST_STEP][PASSED] - Statement - product = com.kms.katalon.core.webui.keyword.WebUiBuiltInKeywords.modifyObjectProperty(product, "xpath", "equals", "//*[@id = "fldvendor" + row + ""]", true): Modify property of object successfully

2018-05-22 19:51:08 - [MESSAGE][PASSED] - Modify property of object successfully

2018-05-22 19:51:08 - [TEST_STEP][PASSED] - selectOptionByIndex: All options with index in [1] are selected on object ''

2018-05-22 19:51:08 - [MESSAGE][PASSED] - All options with index in [1] are selected on object ''

2018-05-22 19:51:08 - [TEST_STEP][PASSED] - Statement - batch = new com.kms.katalon.core.testobject.TestObject(): null

2018-05-22 19:51:08 - [TEST_STEP][PASSED] - Statement - batch = com.kms.katalon.core.webui.keyword.WebUiBuiltInKeywords.modifyObjectProperty(batch, "xpath", "equals", "//*[@id = "txtbthqty" + row + ""]", true): Modify property of object successfully

2018-05-22 19:51:08 - [MESSAGE][PASSED] - Modify property of object successfully

2018-05-22 19:51:08 - [TEST_STEP][PASSED] - Statement - batchqty = com.kms.katalon.core.webui.keyword.WebUiBuiltInKeywords.getAttribute(batch, "value").trim(): Attribute 'value' of object '' is: '39000'

2018-05-22 19:51:08 - [MESSAGE][PASSED] - Attribute 'value' of object '' is: '39000'

2018-05-22 19:51:08 - [TEST_STEP][PASSED] - Statement - Rqty = 100: null

2018-05-22 19:51:08 - [TEST_STEP][PASSED] - delay: Delayed 2 second(s)

2018-05-22 19:51:10 - [MESSAGE][PASSED] - Delayed 2 second(s)

2018-05-22 19:51:10 - [TEST_STEP][PASSED] - Statement - out.println("BatchQty : " + batchqty): null

2018-05-22 19:51:10 - [TEST_STEP][PASSED] - Statement - out.println("RQty : " + Rqty): null

2018-05-22 19:51:10 - [TEST_STEP][PASSED] - Statement - If (java.lang.Integer.valueOf(batchqty) >= java.lang.Integer.valueOf(Rqty)): null

2018-05-22 19:51:10 - [TEST_STEP][PASSED] - Statement - Break: null

2018-05-22 19:51:10 - [TEST_STEP][PASSED] - Statement - batchlength = new com.kms.katalon.core.testobject.TestObject(): null

2018-05-22 19:51:10 - [TEST_STEP][PASSED] - Statement - batchlength = com.kms.katalon.core.webui.keyword.WebUiBuiltInKeywords.modifyObjectProperty(batchlength, "xpath", "equals", "//*[@id = "fldvendor" + row + ""]", true): Modify property of object successfully

2018-05-22 19:51:10 - [MESSAGE][PASSED] - Modify property of object successfully

2018-05-22 19:51:10 - [TEST_STEP][PASSED] - Statement - batchsize = com.kms.katalon.core.webui.keyword.WebUiBuiltInKeywords.getNumberOfTotalOption(batchlength): 7 options of object '' counted

2018-05-22 19:51:10 - [MESSAGE][PASSED] - 7 options of object '' counted

2018-05-22 19:51:10 - [TEST_STEP][PASSED] - Statement - out.println("BatchSize : " + batchsize): null

2018-05-22 19:51:10 - [TEST_STEP][PASSED] - Statement - For ([n = 1, n <= batchsize - 1, (n++)]): null

2018-05-22 19:51:10 - [TEST_STEP][PASSED] - Statement - product = new com.kms.katalon.core.testobject.TestObject(): null

2018-05-22 19:51:10 - [TEST_STEP][PASSED] - Statement - product = com.kms.katalon.core.webui.keyword.WebUiBuiltInKeywords.modifyObjectProperty(product, "xpath", "equals", "//*[@id = "fldvendor" + row + ""]", true): Modify property of object successfully

2018-05-22 19:51:10 - [MESSAGE][PASSED] - Modify property of object successfully

2018-05-22 19:51:10 - [TEST_STEP][PASSED] - selectOptionByIndex: All options with index in [1] are selected on object ''

2018-05-22 19:51:10 - [MESSAGE][PASSED] - All options with index in [1] are selected on object ''

2018-05-22 19:51:10 - [TEST_STEP][PASSED] - Statement - batch = new com.kms.katalon.core.testobject.TestObject(): null

2018-05-22 19:51:10 - [TEST_STEP][PASSED] - Statement - batch = com.kms.katalon.core.webui.keyword.WebUiBuiltInKeywords.modifyObjectProperty(batch, "xpath", "equals", "//*[@id = "txtbthqty" + row + ""]", true): Modify property of object successfully

2018-05-22 19:51:10 - [MESSAGE][PASSED] - Modify property of object successfully

2018-05-22 19:51:10 - [TEST_STEP][PASSED] - Statement - batchqty = com.kms.katalon.core.webui.keyword.WebUiBuiltInKeywords.getAttribute(batch, "value").trim(): Attribute 'value' of object '' is: '39000'

2018-05-22 19:51:10 - [MESSAGE][PASSED] - Attribute 'value' of object '' is: '39000'

2018-05-22 19:51:10 - [TEST_STEP][PASSED] - Statement - Rqty = 100: null

2018-05-22 19:51:10 - [TEST_STEP][PASSED] - delay: Delayed 2 second(s)

2018-05-22 19:51:12 - [MESSAGE][PASSED] - Delayed 2 second(s)

2018-05-22 19:51:12 - [TEST_STEP][PASSED] - Statement - out.println("BatchQty : " + batchqty): null

2018-05-22 19:51:12 - [TEST_STEP][PASSED] - Statement - out.println("RQty : " + Rqty): null

2018-05-22 19:51:12 - [TEST_STEP][PASSED] - Statement - If (java.lang.Integer.valueOf(batchqty) >= java.lang.Integer.valueOf(Rqty)): null

2018-05-22 19:51:12 - [TEST_STEP][PASSED] - Statement - Break: null

2018-05-22 19:51:12 - [TEST_STEP][PASSED] - Statement - batchlength = new com.kms.katalon.core.testobject.TestObject(): null

2018-05-22 19:51:12 - [TEST_STEP][PASSED] - Statement - batchlength = com.kms.katalon.core.webui.keyword.WebUiBuiltInKeywords.modifyObjectProperty(batchlength, "xpath", "equals", "//*[@id = "fldvendor" + row + ""]", true): Modify property of object successfully

2018-05-22 19:51:12 - [MESSAGE][PASSED] - Modify property of object successfully

2018-05-22 19:51:12 - [TEST_STEP][PASSED] - Statement - batchsize = com.kms.katalon.core.webui.keyword.WebUiBuiltInKeywords.getNumberOfTotalOption(batchlength): 7 options of object '' counted

2018-05-22 19:51:12 - [MESSAGE][PASSED] - 7 options of object '' counted

2018-05-22 19:51:12 - [TEST_STEP][PASSED] - Statement - out.println("BatchSize : " + batchsize): null

2018-05-22 19:51:12 - [TEST_STEP][PASSED] - Statement - For ([n = 1, n <= batchsize - 1, (n++)]): null

2018-05-22 19:51:12 - [TEST_STEP][PASSED] - Statement - product = new com.kms.katalon.core.testobject.TestObject(): null

2018-05-22 19:51:12 - [TEST_STEP][PASSED] - Statement - product = com.kms.katalon.core.webui.keyword.WebUiBuiltInKeywords.modifyObjectProperty(product, "xpath", "equals", "//*[@id = "fldvendor" + row + ""]", true): Modify property of object successfully

2018-05-22 19:51:12 - [MESSAGE][PASSED] - Modify property of object successfully

2018-05-22 19:51:12 - [TEST_STEP][PASSED] - selectOptionByIndex: All options with index in [1] are selected on object ''

2018-05-22 19:51:12 - [MESSAGE][PASSED] - All options with index in [1] are selected on object ''

2018-05-22 19:51:12 - [TEST_STEP][PASSED] - Statement - batch = new com.kms.katalon.core.testobject.TestObject(): null

2018-05-22 19:51:12 - [TEST_STEP][PASSED] - Statement - batch = com.kms.katalon.core.webui.keyword.WebUiBuiltInKeywords.modifyObjectProperty(batch, "xpath", "equals", "//*[@id = "txtbthqty" + row + ""]", true): Modify property of object successfully

2018-05-22 19:51:12 - [MESSAGE][PASSED] - Modify property of object successfully

2018-05-22 19:51:12 - [TEST_STEP][PASSED] - Statement - batchqty = com.kms.katalon.core.webui.keyword.WebUiBuiltInKeywords.getAttribute(batch, "value").trim(): Attribute 'value' of object '' is: '4100'

2018-05-22 19:51:12 - [MESSAGE][PASSED] - Attribute 'value' of object '' is: '4100'

2018-05-22 19:51:12 - [TEST_STEP][PASSED] - Statement - Rqty = 100: null

2018-05-22 19:51:12 - [TEST_STEP][PASSED] - delay: Delayed 2 second(s)

2018-05-22 19:51:14 - [MESSAGE][PASSED] - Delayed 2 second(s)

2018-05-22 19:51:14 - [TEST_STEP][PASSED] - Statement - out.println("BatchQty : " + batchqty): null

2018-05-22 19:51:14 - [TEST_STEP][PASSED] - Statement - out.println("RQty : " + Rqty): null

2018-05-22 19:51:14 - [TEST_STEP][PASSED] - Statement - If (java.lang.Integer.valueOf(batchqty) >= java.lang.Integer.valueOf(Rqty)): null

2018-05-22 19:51:14 - [TEST_STEP][PASSED] - Statement - Break: null

2018-05-22 19:51:14 - [TEST_STEP][PASSED] - Statement - batchlength = new com.kms.katalon.core.testobject.TestObject(): null

2018-05-22 19:51:14 - [TEST_STEP][PASSED] - Statement - batchlength = com.kms.katalon.core.webui.keyword.WebUiBuiltInKeywords.modifyObjectProperty(batchlength, "xpath", "equals", "//*[@id = "fldvendor" + row + ""]", true): Modify property of object successfully

2018-05-22 19:51:14 - [MESSAGE][PASSED] - Modify property of object successfully

2018-05-22 19:51:14 - [TEST_STEP][PASSED] - Statement - batchsize = com.kms.katalon.core.webui.keyword.WebUiBuiltInKeywords.getNumberOfTotalOption(batchlength): 7 options of object '' counted

2018-05-22 19:51:14 - [MESSAGE][PASSED] - 7 options of object '' counted

2018-05-22 19:51:14 - [TEST_STEP][PASSED] - Statement - out.println("BatchSize : " + batchsize): null

2018-05-22 19:51:14 - [TEST_STEP][PASSED] - Statement - For ([n = 1, n <= batchsize - 1, (n++)]): null

2018-05-22 19:51:14 - [TEST_STEP][PASSED] - Statement - product = new com.kms.katalon.core.testobject.TestObject(): null

2018-05-22 19:51:14 - [TEST_STEP][PASSED] - Statement - product = com.kms.katalon.core.webui.keyword.WebUiBuiltInKeywords.modifyObjectProperty(product, "xpath", "equals", "//*[@id = "fldvendor" + row + ""]", true): Modify property of object successfully

2018-05-22 19:51:14 - [MESSAGE][PASSED] - Modify property of object successfully

2018-05-22 19:51:14 - [TEST_STEP][PASSED] - selectOptionByIndex: All options with index in [1] are selected on object ''

2018-05-22 19:51:14 - [MESSAGE][PASSED] - All options with index in [1] are selected on object ''

2018-05-22 19:51:14 - [TEST_STEP][PASSED] - Statement - batch = new com.kms.katalon.core.testobject.TestObject(): null

2018-05-22 19:51:14 - [TEST_STEP][PASSED] - Statement - batch = com.kms.katalon.core.webui.keyword.WebUiBuiltInKeywords.modifyObjectProperty(batch, "xpath", "equals", "//*[@id = "txtbthqty" + row + ""]", true): Modify property of object successfully

2018-05-22 19:51:14 - [MESSAGE][PASSED] - Modify property of object successfully

2018-05-22 19:51:14 - [TEST_STEP][PASSED] - Statement - batchqty = com.kms.katalon.core.webui.keyword.WebUiBuiltInKeywords.getAttribute(batch, "value").trim(): Attribute 'value' of object '' is: '4000'

2018-05-22 19:51:14 - [MESSAGE][PASSED] - Attribute 'value' of object '' is: '4000'

2018-05-22 19:51:14 - [TEST_STEP][PASSED] - Statement - Rqty = 100: null

2018-05-22 19:51:14 - [TEST_STEP][PASSED] - delay: Delayed 2 second(s)

2018-05-22 19:51:16 - [MESSAGE][PASSED] - Delayed 2 second(s)

2018-05-22 19:51:16 - [TEST_STEP][PASSED] - Statement - out.println("BatchQty : " + batchqty): null

2018-05-22 19:51:16 - [TEST_STEP][PASSED] - Statement - out.println("RQty : " + Rqty): null

2018-05-22 19:51:16 - [TEST_STEP][PASSED] - Statement - If (java.lang.Integer.valueOf(batchqty) >= java.lang.Integer.valueOf(Rqty)): null

2018-05-22 19:51:16 - [TEST_STEP][PASSED] - Statement - Break: null

2018-05-22 19:51:16 - [TEST_STEP][PASSED] - Statement - batchlength = new com.kms.katalon.core.testobject.TestObject(): null

2018-05-22 19:51:16 - [TEST_STEP][PASSED] - Statement - batchlength = com.kms.katalon.core.webui.keyword.WebUiBuiltInKeywords.modifyObjectProperty(batchlength, "xpath", "equals", "//*[@id = "fldvendor" + row + ""]", true): Modify property of object successfully

2018-05-22 19:51:16 - [MESSAGE][PASSED] - Modify property of object successfully

2018-05-22 19:51:16 - [TEST_STEP][PASSED] - Statement - batchsize = com.kms.katalon.core.webui.keyword.WebUiBuiltInKeywords.getNumberOfTotalOption(batchlength): 7 options of object '' counted

2018-05-22 19:51:17 - [MESSAGE][PASSED] - 7 options of object '' counted

2018-05-22 19:51:17 - [TEST_STEP][PASSED] - Statement - out.println("BatchSize : " + batchsize): null

2018-05-22 19:51:17 - [TEST_STEP][PASSED] - Statement - For ([n = 1, n <= batchsize - 1, (n++)]): null

2018-05-22 19:51:17 - [TEST_STEP][PASSED] - Statement - product = new com.kms.katalon.core.testobject.TestObject(): null

2018-05-22 19:51:17 - [TEST_STEP][PASSED] - Statement - product = com.kms.katalon.core.webui.keyword.WebUiBuiltInKeywords.modifyObjectProperty(product, "xpath", "equals", "//*[@id = "fldvendor" + row + ""]", true): Modify property of object successfully

2018-05-22 19:51:17 - [MESSAGE][PASSED] - Modify property of object successfully

2018-05-22 19:51:17 - [TEST_STEP][PASSED] - selectOptionByIndex: All options with index in [1] are selected on object ''

2018-05-22 19:51:17 - [MESSAGE][PASSED] - All options with index in [1] are selected on object ''

2018-05-22 19:51:17 - [TEST_STEP][PASSED] - Statement - batch = new com.kms.katalon.core.testobject.TestObject(): null

2018-05-22 19:51:17 - [TEST_STEP][PASSED] - Statement - batch = com.kms.katalon.core.webui.keyword.WebUiBuiltInKeywords.modifyObjectProperty(batch, "xpath", "equals", "//*[@id = "txtbthqty" + row + ""]", true): Modify property of object successfully

2018-05-22 19:51:17 - [MESSAGE][PASSED] - Modify property of object successfully

2018-05-22 19:51:17 - [TEST_STEP][PASSED] - Statement - batchqty = com.kms.katalon.core.webui.keyword.WebUiBuiltInKeywords.getAttribute(batch, "value").trim(): Attribute 'value' of object '' is: '3900'

2018-05-22 19:51:17 - [MESSAGE][PASSED] - Attribute 'value' of object '' is: '3900'

2018-05-22 19:51:17 - [TEST_STEP][PASSED] - Statement - Rqty = 100: null

2018-05-22 19:51:17 - [TEST_STEP][PASSED] - delay: Delayed 2 second(s)

2018-05-22 19:51:19 - [MESSAGE][PASSED] - Delayed 2 second(s)

2018-05-22 19:51:19 - [TEST_STEP][PASSED] - Statement - out.println("BatchQty : " + batchqty): null

2018-05-22 19:51:19 - [TEST_STEP][PASSED] - Statement - out.println("RQty : " + Rqty): null

2018-05-22 19:51:19 - [TEST_STEP][PASSED] - Statement - If (java.lang.Integer.valueOf(batchqty) >= java.lang.Integer.valueOf(Rqty)): null

2018-05-22 19:51:19 - [TEST_STEP][PASSED] - Statement - Break: null

2018-05-22 19:51:19 - [TEST_STEP][PASSED] - Statement - batchlength = new com.kms.katalon.core.testobject.TestObject(): null

2018-05-22 19:51:19 - [TEST_STEP][PASSED] - Statement - batchlength = com.kms.katalon.core.webui.keyword.WebUiBuiltInKeywords.modifyObjectProperty(batchlength, "xpath", "equals", "//*[@id = "fldvendor" + row + ""]", true): Modify property of object successfully

2018-05-22 19:51:19 - [MESSAGE][PASSED] - Modify property of object successfully

2018-05-22 19:51:19 - [TEST_STEP][PASSED] - Statement - batchsize = com.kms.katalon.core.webui.keyword.WebUiBuiltInKeywords.getNumberOfTotalOption(batchlength): 7 options of object '' counted

2018-05-22 19:51:19 - [MESSAGE][PASSED] - 7 options of object '' counted

2018-05-22 19:51:19 - [TEST_STEP][PASSED] - Statement - out.println("BatchSize : " + batchsize): null

2018-05-22 19:51:19 - [TEST_STEP][PASSED] - Statement - For ([n = 1, n <= batchsize - 1, (n++)]): null

2018-05-22 19:51:19 - [TEST_STEP][PASSED] - Statement - product = new com.kms.katalon.core.testobject.TestObject(): null

2018-05-22 19:51:19 - [TEST_STEP][PASSED] - Statement - product = com.kms.katalon.core.webui.keyword.WebUiBuiltInKeywords.modifyObjectProperty(product, "xpath", "equals", "//*[@id = "fldvendor" + row + ""]", true): Modify property of object successfully

2018-05-22 19:51:19 - [MESSAGE][PASSED] - Modify property of object successfully

2018-05-22 19:51:19 - [TEST_STEP][PASSED] - selectOptionByIndex: All options with index in [1] are selected on object ''

2018-05-22 19:51:19 - [MESSAGE][PASSED] - All options with index in [1] are selected on object ''

2018-05-22 19:51:19 - [TEST_STEP][PASSED] - Statement - batch = new com.kms.katalon.core.testobject.TestObject(): null

2018-05-22 19:51:19 - [TEST_STEP][PASSED] - Statement - batch = com.kms.katalon.core.webui.keyword.WebUiBuiltInKeywords.modifyObjectProperty(batch, "xpath", "equals", "//*[@id = "txtbthqty" + row + ""]", true): Modify property of object successfully

2018-05-22 19:51:19 - [MESSAGE][PASSED] - Modify property of object successfully

2018-05-22 19:51:19 - [TEST_STEP][PASSED] - Statement - batchqty = com.kms.katalon.core.webui.keyword.WebUiBuiltInKeywords.getAttribute(batch, "value").trim(): Attribute 'value' of object '' is: '4100'

2018-05-22 19:51:19 - [MESSAGE][PASSED] - Attribute 'value' of object '' is: '4100'

2018-05-22 19:51:19 - [TEST_STEP][PASSED] - Statement - Rqty = 100: null

2018-05-22 19:51:19 - [TEST_STEP][PASSED] - delay: Delayed 2 second(s)

2018-05-22 19:51:21 - [MESSAGE][PASSED] - Delayed 2 second(s)

2018-05-22 19:51:21 - [TEST_STEP][PASSED] - Statement - out.println("BatchQty : " + batchqty): null

2018-05-22 19:51:21 - [TEST_STEP][PASSED] - Statement - out.println("RQty : " + Rqty): null

2018-05-22 19:51:21 - [TEST_STEP][PASSED] - Statement - If (java.lang.Integer.valueOf(batchqty) >= java.lang.Integer.valueOf(Rqty)): null

2018-05-22 19:51:21 - [TEST_STEP][PASSED] - Statement - Break: null

2018-05-22 19:51:21 - [TEST_STEP][PASSED] - Statement - batchlength = new com.kms.katalon.core.testobject.TestObject(): null

2018-05-22 19:51:21 - [TEST_STEP][PASSED] - Statement - batchlength = com.kms.katalon.core.webui.keyword.WebUiBuiltInKeywords.modifyObjectProperty(batchlength, "xpath", "equals", "//*[@id = "fldvendor" + row + ""]", true): Modify property of object successfully

2018-05-22 19:51:21 - [MESSAGE][PASSED] - Modify property of object successfully

2018-05-22 19:51:21 - [TEST_STEP][PASSED] - Statement - batchsize = com.kms.katalon.core.webui.keyword.WebUiBuiltInKeywords.getNumberOfTotalOption(batchlength): 7 options of object '' counted

2018-05-22 19:51:21 - [MESSAGE][PASSED] - 7 options of object '' counted

2018-05-22 19:51:21 - [TEST_STEP][PASSED] - Statement - out.println("BatchSize : " + batchsize): null

2018-05-22 19:51:21 - [TEST_STEP][PASSED] - Statement - For ([n = 1, n <= batchsize - 1, (n++)]): null

2018-05-22 19:51:21 - [TEST_STEP][PASSED] - Statement - product = new com.kms.katalon.core.testobject.TestObject(): null

2018-05-22 19:51:21 - [TEST_STEP][PASSED] - Statement - product = com.kms.katalon.core.webui.keyword.WebUiBuiltInKeywords.modifyObjectProperty(product, "xpath", "equals", "//*[@id = "fldvendor" + row + ""]", true): Modify property of object successfully

2018-05-22 19:51:21 - [MESSAGE][PASSED] - Modify property of object successfully

2018-05-22 19:51:21 - [TEST_STEP][PASSED] - selectOptionByIndex: All options with index in [1] are selected on object ''

2018-05-22 19:51:21 - [MESSAGE][PASSED] - All options with index in [1] are selected on object ''

2018-05-22 19:51:21 - [TEST_STEP][PASSED] - Statement - batch = new com.kms.katalon.core.testobject.TestObject(): null

2018-05-22 19:51:21 - [TEST_STEP][PASSED] - Statement - batch = com.kms.katalon.core.webui.keyword.WebUiBuiltInKeywords.modifyObjectProperty(batch, "xpath", "equals", "//*[@id = "txtbthqty" + row + ""]", true): Modify property of object successfully

2018-05-22 19:51:21 - [MESSAGE][PASSED] - Modify property of object successfully

2018-05-22 19:51:21 - [TEST_STEP][PASSED] - Statement - batchqty = com.kms.katalon.core.webui.keyword.WebUiBuiltInKeywords.getAttribute(batch, "value").trim(): Attribute 'value' of object '' is: '3900'

2018-05-22 19:51:21 - [MESSAGE][PASSED] - Attribute 'value' of object '' is: '3900'

2018-05-22 19:51:21 - [TEST_STEP][PASSED] - Statement - Rqty = 100: null

2018-05-22 19:51:21 - [TEST_STEP][PASSED] - delay: Delayed 2 second(s)

2018-05-22 19:51:23 - [MESSAGE][PASSED] - Delayed 2 second(s)

2018-05-22 19:51:23 - [TEST_STEP][PASSED] - Statement - out.println("BatchQty : " + batchqty): null

2018-05-22 19:51:23 - [TEST_STEP][PASSED] - Statement - out.println("RQty : " + Rqty): null

2018-05-22 19:51:23 - [TEST_STEP][PASSED] - Statement - If (java.lang.Integer.valueOf(batchqty) >= java.lang.Integer.valueOf(Rqty)): null

2018-05-22 19:51:23 - [TEST_STEP][PASSED] - Statement - Break: null

2018-05-22 19:51:23 - [TEST_STEP][PASSED] - Statement - batchlength = new com.kms.katalon.core.testobject.TestObject(): null

2018-05-22 19:51:23 - [TEST_STEP][PASSED] - Statement - batchlength = com.kms.katalon.core.webui.keyword.WebUiBuiltInKeywords.modifyObjectProperty(batchlength, "xpath", "equals", "//*[@id = "fldvendor" + row + ""]", true): Modify property of object successfully

2018-05-22 19:51:23 - [MESSAGE][PASSED] - Modify property of object successfully

2018-05-22 19:51:23 - [TEST_STEP][PASSED] - Statement - batchsize = com.kms.katalon.core.webui.keyword.WebUiBuiltInKeywords.getNumberOfTotalOption(batchlength): 7 options of object '' counted

2018-05-22 19:51:24 - [MESSAGE][PASSED] - 7 options of object '' counted

2018-05-22 19:51:24 - [TEST_STEP][PASSED] - Statement - out.println("BatchSize : " + batchsize): null

2018-05-22 19:51:24 - [TEST_STEP][PASSED] - Statement - For ([n = 1, n <= batchsize - 1, (n++)]): null

2018-05-22 19:51:24 - [TEST_STEP][PASSED] - Statement - product = new com.kms.katalon.core.testobject.TestObject(): null

2018-05-22 19:51:24 - [TEST_STEP][PASSED] - Statement - product = com.kms.katalon.core.webui.keyword.WebUiBuiltInKeywords.modifyObjectProperty(product, "xpath", "equals", "//*[@id = "fldvendor" + row + ""]", true): Modify property of object successfully

2018-05-22 19:51:24 - [MESSAGE][PASSED] - Modify property of object successfully

2018-05-22 19:51:24 - [TEST_STEP][PASSED] - selectOptionByIndex: All options with index in [1] are selected on object ''

2018-05-22 19:51:24 - [MESSAGE][PASSED] - All options with index in [1] are selected on object ''

2018-05-22 19:51:24 - [TEST_STEP][PASSED] - Statement - batch = new com.kms.katalon.core.testobject.TestObject(): null

2018-05-22 19:51:24 - [TEST_STEP][PASSED] - Statement - batch = com.kms.katalon.core.webui.keyword.WebUiBuiltInKeywords.modifyObjectProperty(batch, "xpath", "equals", "//*[@id = "txtbthqty" + row + ""]", true): Modify property of object successfully

2018-05-22 19:51:24 - [MESSAGE][PASSED] - Modify property of object successfully

2018-05-22 19:51:24 - [TEST_STEP][PASSED] - Statement - batchqty = com.kms.katalon.core.webui.keyword.WebUiBuiltInKeywords.getAttribute(batch, "value").trim(): Attribute 'value' of object '' is: '3900'

2018-05-22 19:51:24 - [MESSAGE][PASSED] - Attribute 'value' of object '' is: '3900'

2018-05-22 19:51:24 - [TEST_STEP][PASSED] - Statement - Rqty = 100: null

2018-05-22 19:51:24 - [TEST_STEP][PASSED] - delay: Delayed 2 second(s)

2018-05-22 19:51:26 - [MESSAGE][PASSED] - Delayed 2 second(s)

2018-05-22 19:51:26 - [TEST_STEP][PASSED] - Statement - out.println("BatchQty : " + batchqty): null

2018-05-22 19:51:26 - [TEST_STEP][PASSED] - Statement - out.println("RQty : " + Rqty): null

2018-05-22 19:51:26 - [TEST_STEP][PASSED] - Statement - If (java.lang.Integer.valueOf(batchqty) >= java.lang.Integer.valueOf(Rqty)): null

2018-05-22 19:51:26 - [TEST_STEP][PASSED] - Statement - Break: null

2018-05-22 19:51:26 - [TEST_STEP][PASSED] - Statement - batchlength = new com.kms.katalon.core.testobject.TestObject(): null

2018-05-22 19:51:26 - [TEST_STEP][PASSED] - Statement - batchlength = com.kms.katalon.core.webui.keyword.WebUiBuiltInKeywords.modifyObjectProperty(batchlength, "xpath", "equals", "//*[@id = "fldvendor" + row + ""]", true): Modify property of object successfully

2018-05-22 19:51:26 - [MESSAGE][PASSED] - Modify property of object successfully

2018-05-22 19:51:26 - [TEST_STEP][PASSED] - Statement - batchsize = com.kms.katalon.core.webui.keyword.WebUiBuiltInKeywords.getNumberOfTotalOption(batchlength): 7 options of object '' counted

2018-05-22 19:51:26 - [MESSAGE][PASSED] - 7 options of object '' counted

2018-05-22 19:51:26 - [TEST_STEP][PASSED] - Statement - out.println("BatchSize : " + batchsize): null

2018-05-22 19:51:26 - [TEST_STEP][PASSED] - Statement - For ([n = 1, n <= batchsize - 1, (n++)]): null

2018-05-22 19:51:26 - [TEST_STEP][PASSED] - Statement - product = new com.kms.katalon.core.testobject.TestObject(): null

2018-05-22 19:51:26 - [TEST_STEP][PASSED] - Statement - product = com.kms.katalon.core.webui.keyword.WebUiBuiltInKeywords.modifyObjectProperty(product, "xpath", "equals", "//*[@id = "fldvendor" + row + ""]", true): Modify property of object successfully

2018-05-22 19:51:26 - [MESSAGE][PASSED] - Modify property of object successfully

2018-05-22 19:51:26 - [TEST_STEP][PASSED] - selectOptionByIndex: All options with index in [1] are selected on object ''

2018-05-22 19:51:26 - [MESSAGE][PASSED] - All options with index in [1] are selected on object ''

2018-05-22 19:51:26 - [TEST_STEP][PASSED] - Statement - batch = new com.kms.katalon.core.testobject.TestObject(): null

2018-05-22 19:51:26 - [TEST_STEP][PASSED] - Statement - batch = com.kms.katalon.core.webui.keyword.WebUiBuiltInKeywords.modifyObjectProperty(batch, "xpath", "equals", "//*[@id = "txtbthqty" + row + ""]", true): Modify property of object successfully

2018-05-22 19:51:26 - [MESSAGE][PASSED] - Modify property of object successfully

2018-05-22 19:51:26 - [TEST_STEP][PASSED] - Statement - batchqty = com.kms.katalon.core.webui.keyword.WebUiBuiltInKeywords.getAttribute(batch, "value").trim(): Attribute 'value' of object '' is: '4100'

2018-05-22 19:51:26 - [MESSAGE][PASSED] - Attribute 'value' of object '' is: '4100'

2018-05-22 19:51:26 - [TEST_STEP][PASSED] - Statement - Rqty = 100: null

2018-05-22 19:51:26 - [TEST_STEP][PASSED] - delay: Delayed 2 second(s)

2018-05-22 19:51:28 - [MESSAGE][PASSED] - Delayed 2 second(s)

2018-05-22 19:51:28 - [TEST_STEP][PASSED] - Statement - out.println("BatchQty : " + batchqty): null

2018-05-22 19:51:28 - [TEST_STEP][PASSED] - Statement - out.println("RQty : " + Rqty): null

2018-05-22 19:51:28 - [TEST_STEP][PASSED] - Statement - If (java.lang.Integer.valueOf(batchqty) >= java.lang.Integer.valueOf(Rqty)): null

2018-05-22 19:51:28 - [TEST_STEP][PASSED] - Statement - Break: null

2018-05-22 19:51:28 - [TEST_STEP][PASSED] - Statement - batchlength = new com.kms.katalon.core.testobject.TestObject(): null

2018-05-22 19:51:28 - [TEST_STEP][PASSED] - Statement - batchlength = com.kms.katalon.core.webui.keyword.WebUiBuiltInKeywords.modifyObjectProperty(batchlength, "xpath", "equals", "//*[@id = "fldvendor" + row + ""]", true): Modify property of object successfully

2018-05-22 19:51:28 - [MESSAGE][PASSED] - Modify property of object successfully

2018-05-22 19:51:28 - [TEST_STEP][PASSED] - Statement - batchsize = com.kms.katalon.core.webui.keyword.WebUiBuiltInKeywords.getNumberOfTotalOption(batchlength): 7 options of object '' counted

2018-05-22 19:51:28 - [MESSAGE][PASSED] - 7 options of object '' counted

2018-05-22 19:51:28 - [TEST_STEP][PASSED] - Statement - out.println("BatchSize : " + batchsize): null

2018-05-22 19:51:28 - [TEST_STEP][PASSED] - Statement - For ([n = 1, n <= batchsize - 1, (n++)]): null

2018-05-22 19:51:28 - [TEST_STEP][PASSED] - Statement - product = new com.kms.katalon.core.testobject.TestObject(): null

2018-05-22 19:51:28 - [TEST_STEP][PASSED] - Statement - product = com.kms.katalon.core.webui.keyword.WebUiBuiltInKeywords.modifyObjectProperty(product, "xpath", "equals", "//*[@id = "fldvendor" + row + ""]", true): Modify property of object successfully

2018-05-22 19:51:28 - [MESSAGE][PASSED] - Modify property of object successfully

2018-05-22 19:51:28 - [TEST_STEP][PASSED] - selectOptionByIndex: All options with index in [1] are selected on object ''

2018-05-22 19:51:28 - [MESSAGE][PASSED] - All options with index in [1] are selected on object ''

2018-05-22 19:51:28 - [TEST_STEP][PASSED] - Statement - batch = new com.kms.katalon.core.testobject.TestObject(): null

2018-05-22 19:51:28 - [TEST_STEP][PASSED] - Statement - batch = com.kms.katalon.core.webui.keyword.WebUiBuiltInKeywords.modifyObjectProperty(batch, "xpath", "equals", "//*[@id = "txtbthqty" + row + ""]", true): Modify property of object successfully

2018-05-22 19:51:28 - [MESSAGE][PASSED] - Modify property of object successfully

2018-05-22 19:51:28 - [TEST_STEP][PASSED] - Statement - batchqty = com.kms.katalon.core.webui.keyword.WebUiBuiltInKeywords.getAttribute(batch, "value").trim(): Attribute 'value' of object '' is: '39000'

2018-05-22 19:51:29 - [MESSAGE][PASSED] - Attribute 'value' of object '' is: '39000'

2018-05-22 19:51:29 - [TEST_STEP][PASSED] - Statement - Rqty = 100: null

2018-05-22 19:51:29 - [TEST_STEP][PASSED] - delay: Delayed 2 second(s)

2018-05-22 19:51:31 - [MESSAGE][PASSED] - Delayed 2 second(s)

2018-05-22 19:51:31 - [TEST_STEP][PASSED] - Statement - out.println("BatchQty : " + batchqty): null

2018-05-22 19:51:31 - [TEST_STEP][PASSED] - Statement - out.println("RQty : " + Rqty): null

2018-05-22 19:51:31 - [TEST_STEP][PASSED] - Statement - If (java.lang.Integer.valueOf(batchqty) >= java.lang.Integer.valueOf(Rqty)): null

2018-05-22 19:51:31 - [TEST_STEP][PASSED] - Statement - Break: null

2018-05-22 19:51:31 - [TEST_STEP][PASSED] - Statement - batchlength = new com.kms.katalon.core.testobject.TestObject(): null

2018-05-22 19:51:31 - [TEST_STEP][PASSED] - Statement - batchlength = com.kms.katalon.core.webui.keyword.WebUiBuiltInKeywords.modifyObjectProperty(batchlength, "xpath", "equals", "//*[@id = "fldvendor" + row + ""]", true): Modify property of object successfully

2018-05-22 19:51:31 - [MESSAGE][PASSED] - Modify property of object successfully

2018-05-22 19:51:31 - [TEST_STEP][PASSED] - Statement - batchsize = com.kms.katalon.core.webui.keyword.WebUiBuiltInKeywords.getNumberOfTotalOption(batchlength): 7 options of object '' counted

2018-05-22 19:51:31 - [MESSAGE][PASSED] - 7 options of object '' counted

2018-05-22 19:51:31 - [TEST_STEP][PASSED] - Statement - out.println("BatchSize : " + batchsize): null

2018-05-22 19:51:31 - [TEST_STEP][PASSED] - Statement - For ([n = 1, n <= batchsize - 1, (n++)]): null

2018-05-22 19:51:31 - [TEST_STEP][PASSED] - Statement - product = new com.kms.katalon.core.testobject.TestObject(): null

2018-05-22 19:51:31 - [TEST_STEP][PASSED] - Statement - product = com.kms.katalon.core.webui.keyword.WebUiBuiltInKeywords.modifyObjectProperty(product, "xpath", "equals", "//*[@id = "fldvendor" + row + ""]", true): Modify property of object successfully

2018-05-22 19:51:31 - [MESSAGE][PASSED] - Modify property of object successfully

2018-05-22 19:51:31 - [TEST_STEP][PASSED] - selectOptionByIndex: All options with index in [1] are selected on object ''

2018-05-22 19:51:31 - [MESSAGE][PASSED] - All options with index in [1] are selected on object ''

2018-05-22 19:51:31 - [TEST_STEP][PASSED] - Statement - batch = new com.kms.katalon.core.testobject.TestObject(): null

2018-05-22 19:51:31 - [TEST_STEP][PASSED] - Statement - batch = com.kms.katalon.core.webui.keyword.WebUiBuiltInKeywords.modifyObjectProperty(batch, "xpath", "equals", "//*[@id = "txtbthqty" + row + ""]", true): Modify property of object successfully

2018-05-22 19:51:31 - [MESSAGE][PASSED] - Modify property of object successfully

2018-05-22 19:51:31 - [TEST_STEP][PASSED] - Statement - batchqty = com.kms.katalon.core.webui.keyword.WebUiBuiltInKeywords.getAttribute(batch, "value").trim(): Attribute 'value' of object '' is: '4100'

2018-05-22 19:51:31 - [MESSAGE][PASSED] - Attribute 'value' of object '' is: '4100'

2018-05-22 19:51:31 - [TEST_STEP][PASSED] - Statement - Rqty = 100: null

2018-05-22 19:51:31 - [TEST_STEP][PASSED] - delay: Delayed 2 second(s)

2018-05-22 19:51:33 - [MESSAGE][PASSED] - Delayed 2 second(s)

2018-05-22 19:51:33 - [TEST_STEP][PASSED] - Statement - out.println("BatchQty : " + batchqty): null

2018-05-22 19:51:33 - [TEST_STEP][PASSED] - Statement - out.println("RQty : " + Rqty): null

2018-05-22 19:51:33 - [TEST_STEP][PASSED] - Statement - If (java.lang.Integer.valueOf(batchqty) >= java.lang.Integer.valueOf(Rqty)): null

2018-05-22 19:51:33 - [TEST_STEP][PASSED] - Statement - Break: null

2018-05-22 19:51:33 - [TEST_STEP][PASSED] - Statement - batchlength = new com.kms.katalon.core.testobject.TestObject(): null

2018-05-22 19:51:33 - [TEST_STEP][PASSED] - Statement - batchlength = com.kms.katalon.core.webui.keyword.WebUiBuiltInKeywords.modifyObjectProperty(batchlength, "xpath", "equals", "//*[@id = "fldvendor" + row + ""]", true): Modify property of object successfully

2018-05-22 19:51:33 - [MESSAGE][PASSED] - Modify property of object successfully

2018-05-22 19:51:33 - [TEST_STEP][PASSED] - Statement - batchsize = com.kms.katalon.core.webui.keyword.WebUiBuiltInKeywords.getNumberOfTotalOption(batchlength): 7 options of object '' counted

2018-05-22 19:51:33 - [MESSAGE][PASSED] - 7 options of object '' counted

2018-05-22 19:51:33 - [TEST_STEP][PASSED] - Statement - out.println("BatchSize : " + batchsize): null

2018-05-22 19:51:33 - [TEST_STEP][PASSED] - Statement - For ([n = 1, n <= batchsize - 1, (n++)]): null

2018-05-22 19:51:33 - [TEST_STEP][PASSED] - Statement - product = new com.kms.katalon.core.testobject.TestObject(): null

2018-05-22 19:51:33 - [TEST_STEP][PASSED] - Statement - product = com.kms.katalon.core.webui.keyword.WebUiBuiltInKeywords.modifyObjectProperty(product, "xpath", "equals", "//*[@id = "fldvendor" + row + ""]", true): Modify property of object successfully

2018-05-22 19:51:33 - [MESSAGE][PASSED] - Modify property of object successfully

2018-05-22 19:51:33 - [TEST_STEP][PASSED] - selectOptionByIndex: All options with index in [1] are selected on object ''

2018-05-22 19:51:33 - [MESSAGE][PASSED] - All options with index in [1] are selected on object ''

2018-05-22 19:51:33 - [TEST_STEP][PASSED] - Statement - batch = new com.kms.katalon.core.testobject.TestObject(): null

2018-05-22 19:51:33 - [TEST_STEP][PASSED] - Statement - batch = com.kms.katalon.core.webui.keyword.WebUiBuiltInKeywords.modifyObjectProperty(batch, "xpath", "equals", "//*[@id = "txtbthqty" + row + ""]", true): Modify property of object successfully

2018-05-22 19:51:33 - [MESSAGE][PASSED] - Modify property of object successfully

2018-05-22 19:51:33 - [TEST_STEP][PASSED] - Statement - batchqty = com.kms.katalon.core.webui.keyword.WebUiBuiltInKeywords.getAttribute(batch, "value").trim(): Attribute 'value' of object '' is: '4100'

2018-05-22 19:51:33 - [MESSAGE][PASSED] - Attribute 'value' of object '' is: '4100'

2018-05-22 19:51:33 - [TEST_STEP][PASSED] - Statement - Rqty = 100: null

2018-05-22 19:51:33 - [TEST_STEP][PASSED] - delay: Delayed 2 second(s)

2018-05-22 19:51:35 - [MESSAGE][PASSED] - Delayed 2 second(s)

2018-05-22 19:51:35 - [TEST_STEP][PASSED] - Statement - out.println("BatchQty : " + batchqty): null

2018-05-22 19:51:35 - [TEST_STEP][PASSED] - Statement - out.println("RQty : " + Rqty): null

2018-05-22 19:51:35 - [TEST_STEP][PASSED] - Statement - If (java.lang.Integer.valueOf(batchqty) >= java.lang.Integer.valueOf(Rqty)): null

2018-05-22 19:51:35 - [TEST_STEP][PASSED] - Statement - Break: null

2018-05-22 19:51:35 - [TEST_STEP][PASSED] - Statement - batchlength = new com.kms.katalon.core.testobject.TestObject(): null

2018-05-22 19:51:35 - [TEST_STEP][PASSED] - Statement - batchlength = com.kms.katalon.core.webui.keyword.WebUiBuiltInKeywords.modifyObjectProperty(batchlength, "xpath", "equals", "//*[@id = "fldvendor" + row + ""]", true): Modify property of object successfully

2018-05-22 19:51:35 - [MESSAGE][PASSED] - Modify property of object successfully

2018-05-22 19:51:35 - [TEST_STEP][PASSED] - Statement - batchsize = com.kms.katalon.core.webui.keyword.WebUiBuiltInKeywords.getNumberOfTotalOption(batchlength): 7 options of object '' counted

2018-05-22 19:51:35 - [MESSAGE][PASSED] - 7 options of object '' counted

2018-05-22 19:51:35 - [TEST_STEP][PASSED] - Statement - out.println("BatchSize : " + batchsize): null

2018-05-22 19:51:35 - [TEST_STEP][PASSED] - Statement - For ([n = 1, n <= batchsize - 1, (n++)]): null

2018-05-22 19:51:35 - [TEST_STEP][PASSED] - Statement - product = new com.kms.katalon.core.testobject.TestObject(): null

2018-05-22 19:51:35 - [TEST_STEP][PASSED] - Statement - product = com.kms.katalon.core.webui.keyword.WebUiBuiltInKeywords.modifyObjectProperty(product, "xpath", "equals", "//*[@id = "fldvendor" + row + ""]", true): Modify property of object successfully

2018-05-22 19:51:35 - [MESSAGE][PASSED] - Modify property of object successfully

2018-05-22 19:51:35 - [TEST_STEP][PASSED] - selectOptionByIndex: All options with index in [1] are selected on object ''

2018-05-22 19:51:35 - [MESSAGE][PASSED] - All options with index in [1] are selected on object ''

2018-05-22 19:51:35 - [TEST_STEP][PASSED] - Statement - batch = new com.kms.katalon.core.testobject.TestObject(): null

2018-05-22 19:51:35 - [TEST_STEP][PASSED] - Statement - batch = com.kms.katalon.core.webui.keyword.WebUiBuiltInKeywords.modifyObjectProperty(batch, "xpath", "equals", "//*[@id = "txtbthqty" + row + ""]", true): Modify property of object successfully

2018-05-22 19:51:35 - [MESSAGE][PASSED] - Modify property of object successfully

2018-05-22 19:51:35 - [TEST_STEP][PASSED] - Statement - batchqty = com.kms.katalon.core.webui.keyword.WebUiBuiltInKeywords.getAttribute(batch, "value").trim(): Attribute 'value' of object '' is: '39000'

2018-05-22 19:51:35 - [MESSAGE][PASSED] - Attribute 'value' of object '' is: '39000'

2018-05-22 19:51:35 - [TEST_STEP][PASSED] - Statement - Rqty = 100: null

2018-05-22 19:51:35 - [TEST_STEP][PASSED] - delay: Delayed 2 second(s)

2018-05-22 19:51:37 - [MESSAGE][PASSED] - Delayed 2 second(s)

2018-05-22 19:51:37 - [TEST_STEP][PASSED] - Statement - out.println("BatchQty : " + batchqty): null

2018-05-22 19:51:37 - [TEST_STEP][PASSED] - Statement - out.println("RQty : " + Rqty): null

2018-05-22 19:51:37 - [TEST_STEP][PASSED] - Statement - If (java.lang.Integer.valueOf(batchqty) >= java.lang.Integer.valueOf(Rqty)): null

2018-05-22 19:51:37 - [TEST_STEP][PASSED] - Statement - Break: null

2018-05-22 19:51:37 - [TEST_STEP][PASSED] - Statement - batchlength = new com.kms.katalon.core.testobject.TestObject(): null

2018-05-22 19:51:37 - [TEST_STEP][PASSED] - Statement - batchlength = com.kms.katalon.core.webui.keyword.WebUiBuiltInKeywords.modifyObjectProperty(batchlength, "xpath", "equals", "//*[@id = "fldvendor" + row + ""]", true): Modify property of object successfully

2018-05-22 19:51:37 - [MESSAGE][PASSED] - Modify property of object successfully

2018-05-22 19:51:37 - [TEST_STEP][PASSED] - Statement - batchsize = com.kms.katalon.core.webui.keyword.WebUiBuiltInKeywords.getNumberOfTotalOption(batchlength): 7 options of object '' counted

2018-05-22 19:51:37 - [MESSAGE][PASSED] - 7 options of object '' counted

2018-05-22 19:51:37 - [TEST_STEP][PASSED] - Statement - out.println("BatchSize : " + batchsize): null

2018-05-22 19:51:37 - [TEST_STEP][PASSED] - Statement - For ([n = 1, n <= batchsize - 1, (n++)]): null

2018-05-22 19:51:37 - [TEST_STEP][PASSED] - Statement - product = new com.kms.katalon.core.testobject.TestObject(): null

2018-05-22 19:51:37 - [TEST_STEP][PASSED] - Statement - product = com.kms.katalon.core.webui.keyword.WebUiBuiltInKeywords.modifyObjectProperty(product, "xpath", "equals", "//*[@id = "fldvendor" + row + ""]", true): Modify property of object successfully

2018-05-22 19:51:37 - [MESSAGE][PASSED] - Modify property of object successfully

2018-05-22 19:51:37 - [TEST_STEP][PASSED] - selectOptionByIndex: All options with index in [1] are selected on object ''

2018-05-22 19:51:37 - [MESSAGE][PASSED] - All options with index in [1] are selected on object ''

2018-05-22 19:51:37 - [TEST_STEP][PASSED] - Statement - batch = new com.kms.katalon.core.testobject.TestObject(): null

2018-05-22 19:51:37 - [TEST_STEP][PASSED] - Statement - batch = com.kms.katalon.core.webui.keyword.WebUiBuiltInKeywords.modifyObjectProperty(batch, "xpath", "equals", "//*[@id = "txtbthqty" + row + ""]", true): Modify property of object successfully

2018-05-22 19:51:37 - [MESSAGE][PASSED] - Modify property of object successfully

2018-05-22 19:51:37 - [TEST_STEP][PASSED] - Statement - batchqty = com.kms.katalon.core.webui.keyword.WebUiBuiltInKeywords.getAttribute(batch, "value").trim(): Attribute 'value' of object '' is: '39000'

2018-05-22 19:51:38 - [MESSAGE][PASSED] - Attribute 'value' of object '' is: '39000'

2018-05-22 19:51:38 - [TEST_STEP][PASSED] - Statement - Rqty = 100: null

2018-05-22 19:51:38 - [TEST_STEP][PASSED] - delay: Delayed 2 second(s)

2018-05-22 19:51:40 - [MESSAGE][PASSED] - Delayed 2 second(s)

2018-05-22 19:51:40 - [TEST_STEP][PASSED] - Statement - out.println("BatchQty : " + batchqty): null

2018-05-22 19:51:40 - [TEST_STEP][PASSED] - Statement - out.println("RQty : " + Rqty): null

2018-05-22 19:51:40 - [TEST_STEP][PASSED] - Statement - If (java.lang.Integer.valueOf(batchqty) >= java.lang.Integer.valueOf(Rqty)): null

2018-05-22 19:51:40 - [TEST_STEP][PASSED] - Statement - Break: null

2018-05-22 19:51:40 - [TEST_STEP][PASSED] - Statement - batchlength = new com.kms.katalon.core.testobject.TestObject(): null

2018-05-22 19:51:40 - [TEST_STEP][PASSED] - Statement - batchlength = com.kms.katalon.core.webui.keyword.WebUiBuiltInKeywords.modifyObjectProperty(batchlength, "xpath", "equals", "//*[@id = "fldvendor" + row + ""]", true): Modify property of object successfully

2018-05-22 19:51:40 - [MESSAGE][PASSED] - Modify property of object successfully

2018-05-22 19:51:40 - [TEST_STEP][PASSED] - Statement - batchsize = com.kms.katalon.core.webui.keyword.WebUiBuiltInKeywords.getNumberOfTotalOption(batchlength): 7 options of object '' counted

2018-05-22 19:51:40 - [MESSAGE][PASSED] - 7 options of object '' counted

2018-05-22 19:51:40 - [TEST_STEP][PASSED] - Statement - out.println("BatchSize : " + batchsize): null

2018-05-22 19:51:40 - [TEST_STEP][PASSED] - Statement - For ([n = 1, n <= batchsize - 1, (n++)]): null

2018-05-22 19:51:40 - [TEST_STEP][PASSED] - Statement - product = new com.kms.katalon.core.testobject.TestObject(): null

2018-05-22 19:51:40 - [TEST_STEP][PASSED] - Statement - product = com.kms.katalon.core.webui.keyword.WebUiBuiltInKeywords.modifyObjectProperty(product, "xpath", "equals", "//*[@id = "fldvendor" + row + ""]", true): Modify property of object successfully

2018-05-22 19:51:40 - [MESSAGE][PASSED] - Modify property of object successfully

2018-05-22 19:51:40 - [TEST_STEP][PASSED] - selectOptionByIndex: All options with index in [1] are selected on object ''

2018-05-22 19:51:40 - [MESSAGE][PASSED] - All options with index in [1] are selected on object ''

2018-05-22 19:51:40 - [TEST_STEP][PASSED] - Statement - batch = new com.kms.katalon.core.testobject.TestObject(): null

2018-05-22 19:51:40 - [TEST_STEP][PASSED] - Statement - batch = com.kms.katalon.core.webui.keyword.WebUiBuiltInKeywords.modifyObjectProperty(batch, "xpath", "equals", "//*[@id = "txtbthqty" + row + ""]", true): Modify property of object successfully

2018-05-22 19:51:40 - [MESSAGE][PASSED] - Modify property of object successfully

2018-05-22 19:51:40 - [TEST_STEP][PASSED] - Statement - batchqty = com.kms.katalon.core.webui.keyword.WebUiBuiltInKeywords.getAttribute(batch, "value").trim(): Attribute 'value' of object '' is: '39000'

2018-05-22 19:51:40 - [MESSAGE][PASSED] - Attribute 'value' of object '' is: '39000'

2018-05-22 19:51:40 - [TEST_STEP][PASSED] - Statement - Rqty = 100: null

2018-05-22 19:51:40 - [TEST_STEP][PASSED] - delay: Delayed 2 second(s)

2018-05-22 19:51:42 - [MESSAGE][PASSED] - Delayed 2 second(s)

2018-05-22 19:51:42 - [TEST_STEP][PASSED] - Statement - out.println("BatchQty : " + batchqty): null

2018-05-22 19:51:42 - [TEST_STEP][PASSED] - Statement - out.println("RQty : " + Rqty): null

2018-05-22 19:51:42 - [TEST_STEP][PASSED] - Statement - If (java.lang.Integer.valueOf(batchqty) >= java.lang.Integer.valueOf(Rqty)): null

2018-05-22 19:51:42 - [TEST_STEP][PASSED] - Statement - Break: null

2018-05-22 19:51:42 - [TEST_STEP][PASSED] - Statement - batchlength = new com.kms.katalon.core.testobject.TestObject(): null

2018-05-22 19:51:42 - [TEST_STEP][PASSED] - Statement - batchlength = com.kms.katalon.core.webui.keyword.WebUiBuiltInKeywords.modifyObjectProperty(batchlength, "xpath", "equals", "//*[@id = "fldvendor" + row + ""]", true): Modify property of object successfully

2018-05-22 19:51:42 - [MESSAGE][PASSED] - Modify property of object successfully

2018-05-22 19:51:42 - [TEST_STEP][PASSED] - Statement - batchsize = com.kms.katalon.core.webui.keyword.WebUiBuiltInKeywords.getNumberOfTotalOption(batchlength): 7 options of object '' counted

2018-05-22 19:51:42 - [MESSAGE][PASSED] - 7 options of object '' counted

2018-05-22 19:51:42 - [TEST_STEP][PASSED] - Statement - out.println("BatchSize : " + batchsize): null

2018-05-22 19:51:42 - [TEST_STEP][PASSED] - Statement - For ([n = 1, n <= batchsize - 1, (n++)]): null

2018-05-22 19:51:42 - [TEST_STEP][PASSED] - Statement - product = new com.kms.katalon.core.testobject.TestObject(): null

2018-05-22 19:51:42 - [TEST_STEP][PASSED] - Statement - product = com.kms.katalon.core.webui.keyword.WebUiBuiltInKeywords.modifyObjectProperty(product, "xpath", "equals", "//*[@id = "fldvendor" + row + ""]", true): Modify property of object successfully

2018-05-22 19:51:42 - [MESSAGE][PASSED] - Modify property of object successfully

2018-05-22 19:51:42 - [TEST_STEP][PASSED] - selectOptionByIndex: All options with index in [1] are selected on object ''

2018-05-22 19:51:42 - [MESSAGE][PASSED] - All options with index in [1] are selected on object ''

2018-05-22 19:51:42 - [TEST_STEP][PASSED] - Statement - batch = new com.kms.katalon.core.testobject.TestObject(): null

2018-05-22 19:51:42 - [TEST_STEP][PASSED] - Statement - batch = com.kms.katalon.core.webui.keyword.WebUiBuiltInKeywords.modifyObjectProperty(batch, "xpath", "equals", "//*[@id = "txtbthqty" + row + ""]", true): Modify property of object successfully

2018-05-22 19:51:42 - [MESSAGE][PASSED] - Modify property of object successfully

2018-05-22 19:51:42 - [TEST_STEP][PASSED] - Statement - batchqty = com.kms.katalon.core.webui.keyword.WebUiBuiltInKeywords.getAttribute(batch, "value").trim(): Attribute 'value' of object '' is: '4000'

2018-05-22 19:51:42 - [MESSAGE][PASSED] - Attribute 'value' of object '' is: '4000'

2018-05-22 19:51:42 - [TEST_STEP][PASSED] - Statement - Rqty = 100: null

2018-05-22 19:51:42 - [TEST_STEP][PASSED] - delay: Delayed 2 second(s)

2018-05-22 19:51:44 - [MESSAGE][PASSED] - Delayed 2 second(s)

2018-05-22 19:51:44 - [TEST_STEP][PASSED] - Statement - out.println("BatchQty : " + batchqty): null

2018-05-22 19:51:44 - [TEST_STEP][PASSED] - Statement - out.println("RQty : " + Rqty): null

2018-05-22 19:51:44 - [TEST_STEP][PASSED] - Statement - If (java.lang.Integer.valueOf(batchqty) >= java.lang.Integer.valueOf(Rqty)): null

2018-05-22 19:51:44 - [TEST_STEP][PASSED] - Statement - Break: null

2018-05-22 19:51:44 - [TEST_STEP][PASSED] - delay: Delayed 2 second(s)

2018-05-22 19:51:46 - [MESSAGE][PASSED] - Delayed 2 second(s)

2018-05-22 19:51:46 - [TEST_STEP][PASSED] - click: Object: 'Object Repository/DispensaryToCms/Page_KDMC - CMS/input_btndispatch' is clicked on

2018-05-22 19:51:46 - [MESSAGE][PASSED] - Object: 'Object Repository/DispensaryToCms/Page_KDMC - CMS/input_btndispatch' is clicked on

2018-05-22 19:51:46 - [TEST_STEP][PASSED] - delay: Delayed 3 second(s)

2018-05-22 19:51:49 - [MESSAGE][PASSED] - Delayed 3 second(s)

2018-05-22 19:51:49 - [TEST_STEP][PASSED] - click: Object: 'Object Repository/DispensaryToCms/Page_KDMC - CMS/button_OK' is clicked on

2018-05-22 19:51:52 - [MESSAGE][PASSED] - Object: 'Object Repository/DispensaryToCms/Page_KDMC - CMS/button_OK' is clicked on

2018-05-22 19:51:52 - [TEST_STEP][PASSED] - delay: Delayed 3 second(s)

2018-05-22 19:51:55 - [MESSAGE][PASSED] - Delayed 3 second(s)

2018-05-22 19:51:55 - [TEST_STEP][PASSED] - click: Object: 'Object Repository/DispensaryToCms/Page_KDMC - CMS/a_dropdown-toggle' is clicked on

2018-05-22 19:51:55 - [MESSAGE][PASSED] - Object: 'Object Repository/DispensaryToCms/Page_KDMC - CMS/a_dropdown-toggle' is clicked on

2018-05-22 19:51:55 - [TEST_STEP][PASSED] - click: Object: 'Object Repository/DispensaryToCms/Page_KDMC - CMS/a_Sign out' is clicked on

2018-05-22 19:51:55 - [MESSAGE][PASSED] - Object: 'Object Repository/DispensaryToCms/Page_KDMC - CMS/a_Sign out' is clicked on

2018-05-22 19:51:55 - [TEST_STEP][PASSED] - delay: Delayed 3 second(s)

2018-05-22 19:52:00 - [MESSAGE][PASSED] - Delayed 3 second(s)

2018-05-22 19:52:00 - [TEST_STEP][PASSED] - navigateToUrl: Navigate to 'http://192.168.137.1/multihospital_new/HDSplashscreen.aspx' successfully

2018-05-22 19:52:00 - [MESSAGE][PASSED] - Navigate to 'http://192.168.137.1/multihospital_new/HDSplashscreen.aspx' successfully

2018-05-22 19:52:00 - [TEST_STEP][PASSED] - click: Object: 'Object Repository/DispensaryToCms/Page_KDMC/a_Dispensary Store' is clicked on

2018-05-22 19:52:00 - [MESSAGE][PASSED] - Object: 'Object Repository/DispensaryToCms/Page_KDMC/a_Dispensary Store' is clicked on

2018-05-22 19:52:00 - [TEST_STEP][PASSED] - setText: Text 'rajaram' is set on object 'Object Repository/DispensaryToCms/Page_Dispensary Store Login/input_txtusername'

2018-05-22 19:52:01 - [MESSAGE][PASSED] - Text 'rajaram' is set on object 'Object Repository/DispensaryToCms/Page_Dispensary Store Login/input_txtusername'

2018-05-22 19:52:01 - [TEST_STEP][PASSED] - setText: Text '123' is set on object 'Object Repository/DispensaryToCms/Page_Dispensary Store Login/input_txtpassword'

2018-05-22 19:52:01 - [MESSAGE][PASSED] - Text '123' is set on object 'Object Repository/DispensaryToCms/Page_Dispensary Store Login/input_txtpassword'

2018-05-22 19:52:01 - [TEST_STEP][PASSED] - delay: Delayed 3 second(s)

2018-05-22 19:52:04 - [MESSAGE][PASSED] - Delayed 3 second(s)

2018-05-22 19:52:04 - [TEST_STEP][PASSED] - click: Object: 'Object Repository/DispensaryToCms/Page_Dispensary Store Login/button_Sign in' is clicked on

2018-05-22 19:52:04 - [MESSAGE][PASSED] - Object: 'Object Repository/DispensaryToCms/Page_Dispensary Store Login/button_Sign in' is clicked on

2018-05-22 19:52:04 - [TEST_STEP][PASSED] - delay: Delayed 3 second(s)

2018-05-22 19:52:07 - [MESSAGE][PASSED] - Delayed 3 second(s)

2018-05-22 19:52:07 - [TEST_STEP][PASSED] - click: Object: 'Object Repository/DispensaryToCms/Page_Dispensary Store/a_CMS' is clicked on

2018-05-22 19:52:07 - [MESSAGE][PASSED] - Object: 'Object Repository/DispensaryToCms/Page_Dispensary Store/a_CMS' is clicked on

2018-05-22 19:52:07 - [TEST_STEP][PASSED] - delay: Delayed 2 second(s)

2018-05-22 19:52:09 - [MESSAGE][PASSED] - Delayed 2 second(s)

2018-05-22 19:52:09 - [TEST_STEP][PASSED] - click: Object: 'Object Repository/DispensaryToCms/Page_Dispensary Store/a_Receiving Goods' is clicked on

2018-05-22 19:52:10 - [MESSAGE][PASSED] - Object: 'Object Repository/DispensaryToCms/Page_Dispensary Store/a_Receiving Goods' is clicked on

2018-05-22 19:52:10 - [TEST_STEP][PASSED] - setText: Text 'PRNO/22052018/346' is set on object 'Object Repository/DispensaryToCms/Page_Dispensary Store/input'

2018-05-22 19:52:10 - [MESSAGE][PASSED] - Text 'PRNO/22052018/346' is set on object 'Object Repository/DispensaryToCms/Page_Dispensary Store/input'

2018-05-22 19:52:10 - [TEST_STEP][PASSED] - click: Object: 'Object Repository/DispensaryToCms/Page_Dispensary Store/input_PRNO18052018174' is clicked on

2018-05-22 19:52:10 - [MESSAGE][PASSED] - Object: 'Object Repository/DispensaryToCms/Page_Dispensary Store/input_PRNO18052018174' is clicked on

2018-05-22 19:52:10 - [TEST_STEP][PASSED] - delay: Delayed 2 second(s)

2018-05-22 19:52:12 - [MESSAGE][PASSED] - Delayed 2 second(s)

2018-05-22 19:52:12 - [TEST_STEP][PASSED] - click: Object: 'Object Repository/DispensaryToCms/Page_Dispensary Store/input_chkrem' is clicked on

2018-05-22 19:52:12 - [MESSAGE][PASSED] - Object: 'Object Repository/DispensaryToCms/Page_Dispensary Store/input_chkrem' is clicked on

2018-05-22 19:52:12 - [TEST_STEP][PASSED] - scrollToElement: Scroll to object 'Object Repository/DispensaryToCms/Page_Dispensary Store/input_btchkroqadd' successfully

2018-05-22 19:52:12 - [MESSAGE][PASSED] - Scroll to object 'Object Repository/DispensaryToCms/Page_Dispensary Store/input_btchkroqadd' successfully

2018-05-22 19:52:12 - [TEST_STEP][PASSED] - click: Object: 'Object Repository/DispensaryToCms/Page_Dispensary Store/input_btchkroqadd' is clicked on

2018-05-22 19:52:12 - [MESSAGE][PASSED] - Object: 'Object Repository/DispensaryToCms/Page_Dispensary Store/input_btchkroqadd' is clicked on

2018-05-22 19:52:12 - [TEST_STEP][PASSED] - delay: Delayed 2 second(s)

2018-05-22 19:52:14 - [MESSAGE][PASSED] - Delayed 2 second(s)

2018-05-22 19:52:14 - [TEST_STEP][PASSED] - refresh: Refresh successfully

2018-05-22 19:52:15 - [MESSAGE][PASSED] - Refresh successfully

2018-05-22 19:52:15 - [TEST_STEP][PASSED] - delay: Delayed 3 second(s)

2018-05-22 19:52:18 - [MESSAGE][PASSED] - Delayed 3 second(s)

2018-05-22 19:52:18 - [TEST_STEP][PASSED] - click: Object: 'Object Repository/DispensaryToCms/Page_Dispensary Store/a_dropdown-toggle' is clicked on

2018-05-22 19:52:18 - [MESSAGE][PASSED] - Object: 'Object Repository/DispensaryToCms/Page_Dispensary Store/a_dropdown-toggle' is clicked on

2018-05-22 19:52:18 - [TEST_STEP][PASSED] - click: Object: 'Object Repository/DispensaryToCms/Page_Dispensary Store/a_Sign out' is clicked on

2018-05-22 19:52:18 - [MESSAGE][PASSED] - Object: 'Object Repository/DispensaryToCms/Page_Dispensary Store/a_Sign out' is clicked on

2018-05-22 19:52:18 - [TEST_STEP][PASSED] - closeBrowser: Browser is closed

2018-05-22 19:52:19 - [MESSAGE][PASSED] - Browser is closed]]></system-out>
         <system-err><![CDATA[]]></system-err>
      </testcase>
      <testcase name="Test Cases/DISPENSARY TEST CASES/TC_DP_020 Verify Schedule 8 Dispensary To CMS Request Are Working Successfully Or Not" classname="Test Cases/DISPENSARY TEST CASES/TC_DP_020 Verify Schedule 8 Dispensary To CMS Request Are Working Successfully Or Not" status="PASSED">
         <system-out><![CDATA[2018-05-22 19:52:19 - [TEST_CASE][PASSED] - Test Cases/DISPENSARY TEST CASES/TC_DP_020 Verify Schedule 8 Dispensary To CMS Request Are Working Successfully Or Not: Test Cases/DISPENSARY TEST CASES/TC_DP_020 Verify Schedule 8 Dispensary To CMS Request Are Working Successfully Or Not

2018-05-22 19:52:20 - [TEST_STEP][PASSED] - openBrowser: Browser is opened with url: ''

2018-05-22 19:52:22 - [MESSAGE][PASSED] - Browser is opened with url: ''

2018-05-22 19:52:22 - [TEST_STEP][PASSED] - navigateToUrl: Navigate to 'http://192.168.137.1/multihospital_new/HDSplashscreen.aspx' successfully

2018-05-22 19:52:27 - [MESSAGE][PASSED] - Navigate to 'http://192.168.137.1/multihospital_new/HDSplashscreen.aspx' successfully

2018-05-22 19:52:27 - [TEST_STEP][PASSED] - maximizeWindow: Current window maximized

2018-05-22 19:52:28 - [MESSAGE][PASSED] - Current window maximized

2018-05-22 19:52:28 - [TEST_STEP][PASSED] - click: Object: 'Object Repository/DispensaryToCms/Page_KDMC/a_Dispensary Store' is clicked on

2018-05-22 19:52:29 - [MESSAGE][PASSED] - Object: 'Object Repository/DispensaryToCms/Page_KDMC/a_Dispensary Store' is clicked on

2018-05-22 19:52:29 - [TEST_STEP][PASSED] - setText: Text 'rajaram' is set on object 'Object Repository/DispensaryToCms/Page_Dispensary Store Login/input_txtusername'

2018-05-22 19:52:29 - [MESSAGE][PASSED] - Text 'rajaram' is set on object 'Object Repository/DispensaryToCms/Page_Dispensary Store Login/input_txtusername'

2018-05-22 19:52:29 - [TEST_STEP][PASSED] - setText: Text '123' is set on object 'Object Repository/DispensaryToCms/Page_Dispensary Store Login/input_txtpassword'

2018-05-22 19:52:29 - [MESSAGE][PASSED] - Text '123' is set on object 'Object Repository/DispensaryToCms/Page_Dispensary Store Login/input_txtpassword'

2018-05-22 19:52:29 - [TEST_STEP][PASSED] - delay: Delayed 3 second(s)

2018-05-22 19:52:32 - [MESSAGE][PASSED] - Delayed 3 second(s)

2018-05-22 19:52:32 - [TEST_STEP][PASSED] - click: Object: 'Object Repository/DispensaryToCms/Page_Dispensary Store Login/button_Sign in' is clicked on

2018-05-22 19:52:33 - [MESSAGE][PASSED] - Object: 'Object Repository/DispensaryToCms/Page_Dispensary Store Login/button_Sign in' is clicked on

2018-05-22 19:52:33 - [TEST_STEP][PASSED] - delay: Delayed 3 second(s)

2018-05-22 19:52:36 - [MESSAGE][PASSED] - Delayed 3 second(s)

2018-05-22 19:52:36 - [TEST_STEP][PASSED] - click: Object: 'Object Repository/DispensaryToCms/Page_Dispensary Store/a_CMS' is clicked on

2018-05-22 19:52:36 - [MESSAGE][PASSED] - Object: 'Object Repository/DispensaryToCms/Page_Dispensary Store/a_CMS' is clicked on

2018-05-22 19:52:36 - [TEST_STEP][PASSED] - click: Object: 'Object Repository/DispensaryToCms/Page_Dispensary Store/a_Request Send' is clicked on

2018-05-22 19:52:37 - [MESSAGE][PASSED] - Object: 'Object Repository/DispensaryToCms/Page_Dispensary Store/a_Request Send' is clicked on

2018-05-22 19:52:37 - [TEST_STEP][PASSED] - delay: Delayed 2 second(s)

2018-05-22 19:52:39 - [MESSAGE][PASSED] - Delayed 2 second(s)

2018-05-22 19:52:39 - [TEST_STEP][PASSED] - selectOptionByIndex: All options with index in [2] are selected on object 'Object Repository/DispensaryToCms/Page_Dispensary Store/select_--Select--'

2018-05-22 19:52:39 - [MESSAGE][PASSED] - All options with index in [2] are selected on object 'Object Repository/DispensaryToCms/Page_Dispensary Store/select_--Select--'

2018-05-22 19:52:39 - [TEST_STEP][PASSED] - selectOptionByIndex: All options with index in [8] are selected on object 'Object Repository/DispensaryToCms/Page_Dispensary Store/select_--Select--Schedule 1Inj'

2018-05-22 19:52:40 - [MESSAGE][PASSED] - All options with index in [8] are selected on object 'Object Repository/DispensaryToCms/Page_Dispensary Store/select_--Select--Schedule 1Inj'

2018-05-22 19:52:40 - [TEST_STEP][PASSED] - Statement - medicineslength = com.kms.katalon.core.webui.keyword.WebUiBuiltInKeywords.getNumberOfTotalOption(com.kms.katalon.core.testobject.ObjectRepository.findTestObject(DispensaryToCms/Page_Dispensary Store/select_--Select--Adernaline 0.)): 18 options of object 'Object Repository/DispensaryToCms/Page_Dispensary Store/select_--Select--Adernaline 0.' counted

2018-05-22 19:52:40 - [MESSAGE][PASSED] - 18 options of object 'Object Repository/DispensaryToCms/Page_Dispensary Store/select_--Select--Adernaline 0.' counted

2018-05-22 19:52:40 - [TEST_STEP][PASSED] - Statement - For ([e = 1, e <= medicineslength - 1, (e++)]): Object: 'Object Repository/DispensaryToCms/Page_Dispensary Store/button_Add' is clicked on

2018-05-22 19:52:40 - [TEST_STEP][PASSED] - selectOptionByIndex: All options with index in [8] are selected on object 'Object Repository/DispensaryToCms/Page_Dispensary Store/select_--Select--Schedule 1Inj'

2018-05-22 19:52:40 - [MESSAGE][PASSED] - All options with index in [8] are selected on object 'Object Repository/DispensaryToCms/Page_Dispensary Store/select_--Select--Schedule 1Inj'

2018-05-22 19:52:40 - [TEST_STEP][PASSED] - selectOptionByIndex: All options with index in [1] are selected on object 'Object Repository/DispensaryToCms/Page_Dispensary Store/select_--Select--Adernaline 0.'

2018-05-22 19:52:40 - [MESSAGE][PASSED] - All options with index in [1] are selected on object 'Object Repository/DispensaryToCms/Page_Dispensary Store/select_--Select--Adernaline 0.'

2018-05-22 19:52:40 - [TEST_STEP][PASSED] - setText: Text '100' is set on object 'Object Repository/DispensaryToCms/Page_Dispensary Store/input_txttreat'

2018-05-22 19:52:40 - [MESSAGE][PASSED] - Text '100' is set on object 'Object Repository/DispensaryToCms/Page_Dispensary Store/input_txttreat'

2018-05-22 19:52:40 - [TEST_STEP][PASSED] - click: Object: 'Object Repository/DispensaryToCms/Page_Dispensary Store/button_Add' is clicked on

2018-05-22 19:52:40 - [MESSAGE][PASSED] - Object: 'Object Repository/DispensaryToCms/Page_Dispensary Store/button_Add' is clicked on

2018-05-22 19:52:40 - [TEST_STEP][PASSED] - selectOptionByIndex: All options with index in [8] are selected on object 'Object Repository/DispensaryToCms/Page_Dispensary Store/select_--Select--Schedule 1Inj'

2018-05-22 19:52:40 - [MESSAGE][PASSED] - All options with index in [8] are selected on object 'Object Repository/DispensaryToCms/Page_Dispensary Store/select_--Select--Schedule 1Inj'

2018-05-22 19:52:40 - [TEST_STEP][PASSED] - selectOptionByIndex: All options with index in [2] are selected on object 'Object Repository/DispensaryToCms/Page_Dispensary Store/select_--Select--Adernaline 0.'

2018-05-22 19:52:40 - [MESSAGE][PASSED] - All options with index in [2] are selected on object 'Object Repository/DispensaryToCms/Page_Dispensary Store/select_--Select--Adernaline 0.'

2018-05-22 19:52:40 - [TEST_STEP][PASSED] - setText: Text '100' is set on object 'Object Repository/DispensaryToCms/Page_Dispensary Store/input_txttreat'

2018-05-22 19:52:41 - [MESSAGE][PASSED] - Text '100' is set on object 'Object Repository/DispensaryToCms/Page_Dispensary Store/input_txttreat'

2018-05-22 19:52:41 - [TEST_STEP][PASSED] - click: Object: 'Object Repository/DispensaryToCms/Page_Dispensary Store/button_Add' is clicked on

2018-05-22 19:52:41 - [MESSAGE][PASSED] - Object: 'Object Repository/DispensaryToCms/Page_Dispensary Store/button_Add' is clicked on

2018-05-22 19:52:41 - [TEST_STEP][PASSED] - selectOptionByIndex: All options with index in [8] are selected on object 'Object Repository/DispensaryToCms/Page_Dispensary Store/select_--Select--Schedule 1Inj'

2018-05-22 19:52:41 - [MESSAGE][PASSED] - All options with index in [8] are selected on object 'Object Repository/DispensaryToCms/Page_Dispensary Store/select_--Select--Schedule 1Inj'

2018-05-22 19:52:41 - [TEST_STEP][PASSED] - selectOptionByIndex: All options with index in [3] are selected on object 'Object Repository/DispensaryToCms/Page_Dispensary Store/select_--Select--Adernaline 0.'

2018-05-22 19:52:41 - [MESSAGE][PASSED] - All options with index in [3] are selected on object 'Object Repository/DispensaryToCms/Page_Dispensary Store/select_--Select--Adernaline 0.'

2018-05-22 19:52:41 - [TEST_STEP][PASSED] - setText: Text '100' is set on object 'Object Repository/DispensaryToCms/Page_Dispensary Store/input_txttreat'

2018-05-22 19:52:41 - [MESSAGE][PASSED] - Text '100' is set on object 'Object Repository/DispensaryToCms/Page_Dispensary Store/input_txttreat'

2018-05-22 19:52:41 - [TEST_STEP][PASSED] - click: Object: 'Object Repository/DispensaryToCms/Page_Dispensary Store/button_Add' is clicked on

2018-05-22 19:52:41 - [MESSAGE][PASSED] - Object: 'Object Repository/DispensaryToCms/Page_Dispensary Store/button_Add' is clicked on

2018-05-22 19:52:41 - [TEST_STEP][PASSED] - selectOptionByIndex: All options with index in [8] are selected on object 'Object Repository/DispensaryToCms/Page_Dispensary Store/select_--Select--Schedule 1Inj'

2018-05-22 19:52:41 - [MESSAGE][PASSED] - All options with index in [8] are selected on object 'Object Repository/DispensaryToCms/Page_Dispensary Store/select_--Select--Schedule 1Inj'

2018-05-22 19:52:41 - [TEST_STEP][PASSED] - selectOptionByIndex: All options with index in [4] are selected on object 'Object Repository/DispensaryToCms/Page_Dispensary Store/select_--Select--Adernaline 0.'

2018-05-22 19:52:42 - [MESSAGE][PASSED] - All options with index in [4] are selected on object 'Object Repository/DispensaryToCms/Page_Dispensary Store/select_--Select--Adernaline 0.'

2018-05-22 19:52:42 - [TEST_STEP][PASSED] - setText: Text '100' is set on object 'Object Repository/DispensaryToCms/Page_Dispensary Store/input_txttreat'

2018-05-22 19:52:42 - [MESSAGE][PASSED] - Text '100' is set on object 'Object Repository/DispensaryToCms/Page_Dispensary Store/input_txttreat'

2018-05-22 19:52:42 - [TEST_STEP][PASSED] - click: Object: 'Object Repository/DispensaryToCms/Page_Dispensary Store/button_Add' is clicked on

2018-05-22 19:52:42 - [MESSAGE][PASSED] - Object: 'Object Repository/DispensaryToCms/Page_Dispensary Store/button_Add' is clicked on

2018-05-22 19:52:42 - [TEST_STEP][PASSED] - selectOptionByIndex: All options with index in [8] are selected on object 'Object Repository/DispensaryToCms/Page_Dispensary Store/select_--Select--Schedule 1Inj'

2018-05-22 19:52:42 - [MESSAGE][PASSED] - All options with index in [8] are selected on object 'Object Repository/DispensaryToCms/Page_Dispensary Store/select_--Select--Schedule 1Inj'

2018-05-22 19:52:42 - [TEST_STEP][PASSED] - selectOptionByIndex: All options with index in [5] are selected on object 'Object Repository/DispensaryToCms/Page_Dispensary Store/select_--Select--Adernaline 0.'

2018-05-22 19:52:42 - [MESSAGE][PASSED] - All options with index in [5] are selected on object 'Object Repository/DispensaryToCms/Page_Dispensary Store/select_--Select--Adernaline 0.'

2018-05-22 19:52:42 - [TEST_STEP][PASSED] - setText: Text '100' is set on object 'Object Repository/DispensaryToCms/Page_Dispensary Store/input_txttreat'

2018-05-22 19:52:42 - [MESSAGE][PASSED] - Text '100' is set on object 'Object Repository/DispensaryToCms/Page_Dispensary Store/input_txttreat'

2018-05-22 19:52:42 - [TEST_STEP][PASSED] - click: Object: 'Object Repository/DispensaryToCms/Page_Dispensary Store/button_Add' is clicked on

2018-05-22 19:52:43 - [MESSAGE][PASSED] - Object: 'Object Repository/DispensaryToCms/Page_Dispensary Store/button_Add' is clicked on

2018-05-22 19:52:43 - [TEST_STEP][PASSED] - selectOptionByIndex: All options with index in [8] are selected on object 'Object Repository/DispensaryToCms/Page_Dispensary Store/select_--Select--Schedule 1Inj'

2018-05-22 19:52:43 - [MESSAGE][PASSED] - All options with index in [8] are selected on object 'Object Repository/DispensaryToCms/Page_Dispensary Store/select_--Select--Schedule 1Inj'

2018-05-22 19:52:43 - [TEST_STEP][PASSED] - selectOptionByIndex: All options with index in [6] are selected on object 'Object Repository/DispensaryToCms/Page_Dispensary Store/select_--Select--Adernaline 0.'

2018-05-22 19:52:43 - [MESSAGE][PASSED] - All options with index in [6] are selected on object 'Object Repository/DispensaryToCms/Page_Dispensary Store/select_--Select--Adernaline 0.'

2018-05-22 19:52:43 - [TEST_STEP][PASSED] - setText: Text '100' is set on object 'Object Repository/DispensaryToCms/Page_Dispensary Store/input_txttreat'

2018-05-22 19:52:43 - [MESSAGE][PASSED] - Text '100' is set on object 'Object Repository/DispensaryToCms/Page_Dispensary Store/input_txttreat'

2018-05-22 19:52:43 - [TEST_STEP][PASSED] - click: Object: 'Object Repository/DispensaryToCms/Page_Dispensary Store/button_Add' is clicked on

2018-05-22 19:52:43 - [MESSAGE][PASSED] - Object: 'Object Repository/DispensaryToCms/Page_Dispensary Store/button_Add' is clicked on

2018-05-22 19:52:43 - [TEST_STEP][PASSED] - selectOptionByIndex: All options with index in [8] are selected on object 'Object Repository/DispensaryToCms/Page_Dispensary Store/select_--Select--Schedule 1Inj'

2018-05-22 19:52:43 - [MESSAGE][PASSED] - All options with index in [8] are selected on object 'Object Repository/DispensaryToCms/Page_Dispensary Store/select_--Select--Schedule 1Inj'

2018-05-22 19:52:43 - [TEST_STEP][PASSED] - selectOptionByIndex: All options with index in [7] are selected on object 'Object Repository/DispensaryToCms/Page_Dispensary Store/select_--Select--Adernaline 0.'

2018-05-22 19:52:44 - [MESSAGE][PASSED] - All options with index in [7] are selected on object 'Object Repository/DispensaryToCms/Page_Dispensary Store/select_--Select--Adernaline 0.'

2018-05-22 19:52:44 - [TEST_STEP][PASSED] - setText: Text '100' is set on object 'Object Repository/DispensaryToCms/Page_Dispensary Store/input_txttreat'

2018-05-22 19:52:44 - [MESSAGE][PASSED] - Text '100' is set on object 'Object Repository/DispensaryToCms/Page_Dispensary Store/input_txttreat'

2018-05-22 19:52:44 - [TEST_STEP][PASSED] - click: Object: 'Object Repository/DispensaryToCms/Page_Dispensary Store/button_Add' is clicked on

2018-05-22 19:52:44 - [MESSAGE][PASSED] - Object: 'Object Repository/DispensaryToCms/Page_Dispensary Store/button_Add' is clicked on

2018-05-22 19:52:44 - [TEST_STEP][PASSED] - selectOptionByIndex: All options with index in [8] are selected on object 'Object Repository/DispensaryToCms/Page_Dispensary Store/select_--Select--Schedule 1Inj'

2018-05-22 19:52:44 - [MESSAGE][PASSED] - All options with index in [8] are selected on object 'Object Repository/DispensaryToCms/Page_Dispensary Store/select_--Select--Schedule 1Inj'

2018-05-22 19:52:44 - [TEST_STEP][PASSED] - selectOptionByIndex: All options with index in [8] are selected on object 'Object Repository/DispensaryToCms/Page_Dispensary Store/select_--Select--Adernaline 0.'

2018-05-22 19:52:44 - [MESSAGE][PASSED] - All options with index in [8] are selected on object 'Object Repository/DispensaryToCms/Page_Dispensary Store/select_--Select--Adernaline 0.'

2018-05-22 19:52:44 - [TEST_STEP][PASSED] - setText: Text '100' is set on object 'Object Repository/DispensaryToCms/Page_Dispensary Store/input_txttreat'

2018-05-22 19:52:44 - [MESSAGE][PASSED] - Text '100' is set on object 'Object Repository/DispensaryToCms/Page_Dispensary Store/input_txttreat'

2018-05-22 19:52:46 - [TEST_STEP][PASSED] - click: Object: 'Object Repository/DispensaryToCms/Page_Dispensary Store/button_Add' is clicked on

2018-05-22 19:52:46 - [MESSAGE][PASSED] - Object: 'Object Repository/DispensaryToCms/Page_Dispensary Store/button_Add' is clicked on

2018-05-22 19:52:46 - [TEST_STEP][PASSED] - selectOptionByIndex: All options with index in [8] are selected on object 'Object Repository/DispensaryToCms/Page_Dispensary Store/select_--Select--Schedule 1Inj'

2018-05-22 19:52:46 - [MESSAGE][PASSED] - All options with index in [8] are selected on object 'Object Repository/DispensaryToCms/Page_Dispensary Store/select_--Select--Schedule 1Inj'

2018-05-22 19:52:46 - [TEST_STEP][PASSED] - selectOptionByIndex: All options with index in [9] are selected on object 'Object Repository/DispensaryToCms/Page_Dispensary Store/select_--Select--Adernaline 0.'

2018-05-22 19:52:46 - [MESSAGE][PASSED] - All options with index in [9] are selected on object 'Object Repository/DispensaryToCms/Page_Dispensary Store/select_--Select--Adernaline 0.'

2018-05-22 19:52:46 - [TEST_STEP][PASSED] - setText: Text '100' is set on object 'Object Repository/DispensaryToCms/Page_Dispensary Store/input_txttreat'

2018-05-22 19:52:46 - [MESSAGE][PASSED] - Text '100' is set on object 'Object Repository/DispensaryToCms/Page_Dispensary Store/input_txttreat'

2018-05-22 19:52:46 - [TEST_STEP][PASSED] - click: Object: 'Object Repository/DispensaryToCms/Page_Dispensary Store/button_Add' is clicked on

2018-05-22 19:52:46 - [MESSAGE][PASSED] - Object: 'Object Repository/DispensaryToCms/Page_Dispensary Store/button_Add' is clicked on

2018-05-22 19:52:46 - [TEST_STEP][PASSED] - selectOptionByIndex: All options with index in [8] are selected on object 'Object Repository/DispensaryToCms/Page_Dispensary Store/select_--Select--Schedule 1Inj'

2018-05-22 19:52:46 - [MESSAGE][PASSED] - All options with index in [8] are selected on object 'Object Repository/DispensaryToCms/Page_Dispensary Store/select_--Select--Schedule 1Inj'

2018-05-22 19:52:46 - [TEST_STEP][PASSED] - selectOptionByIndex: All options with index in [10] are selected on object 'Object Repository/DispensaryToCms/Page_Dispensary Store/select_--Select--Adernaline 0.'

2018-05-22 19:52:47 - [MESSAGE][PASSED] - All options with index in [10] are selected on object 'Object Repository/DispensaryToCms/Page_Dispensary Store/select_--Select--Adernaline 0.'

2018-05-22 19:52:47 - [TEST_STEP][PASSED] - setText: Text '100' is set on object 'Object Repository/DispensaryToCms/Page_Dispensary Store/input_txttreat'

2018-05-22 19:52:47 - [MESSAGE][PASSED] - Text '100' is set on object 'Object Repository/DispensaryToCms/Page_Dispensary Store/input_txttreat'

2018-05-22 19:52:47 - [TEST_STEP][PASSED] - click: Object: 'Object Repository/DispensaryToCms/Page_Dispensary Store/button_Add' is clicked on

2018-05-22 19:52:47 - [MESSAGE][PASSED] - Object: 'Object Repository/DispensaryToCms/Page_Dispensary Store/button_Add' is clicked on

2018-05-22 19:52:47 - [TEST_STEP][PASSED] - selectOptionByIndex: All options with index in [8] are selected on object 'Object Repository/DispensaryToCms/Page_Dispensary Store/select_--Select--Schedule 1Inj'

2018-05-22 19:52:47 - [MESSAGE][PASSED] - All options with index in [8] are selected on object 'Object Repository/DispensaryToCms/Page_Dispensary Store/select_--Select--Schedule 1Inj'

2018-05-22 19:52:47 - [TEST_STEP][PASSED] - selectOptionByIndex: All options with index in [11] are selected on object 'Object Repository/DispensaryToCms/Page_Dispensary Store/select_--Select--Adernaline 0.'

2018-05-22 19:52:47 - [MESSAGE][PASSED] - All options with index in [11] are selected on object 'Object Repository/DispensaryToCms/Page_Dispensary Store/select_--Select--Adernaline 0.'

2018-05-22 19:52:47 - [TEST_STEP][PASSED] - setText: Text '100' is set on object 'Object Repository/DispensaryToCms/Page_Dispensary Store/input_txttreat'

2018-05-22 19:52:47 - [MESSAGE][PASSED] - Text '100' is set on object 'Object Repository/DispensaryToCms/Page_Dispensary Store/input_txttreat'

2018-05-22 19:52:47 - [TEST_STEP][PASSED] - click: Object: 'Object Repository/DispensaryToCms/Page_Dispensary Store/button_Add' is clicked on

2018-05-22 19:52:47 - [MESSAGE][PASSED] - Object: 'Object Repository/DispensaryToCms/Page_Dispensary Store/button_Add' is clicked on

2018-05-22 19:52:47 - [TEST_STEP][PASSED] - selectOptionByIndex: All options with index in [8] are selected on object 'Object Repository/DispensaryToCms/Page_Dispensary Store/select_--Select--Schedule 1Inj'

2018-05-22 19:52:48 - [MESSAGE][PASSED] - All options with index in [8] are selected on object 'Object Repository/DispensaryToCms/Page_Dispensary Store/select_--Select--Schedule 1Inj'

2018-05-22 19:52:48 - [TEST_STEP][PASSED] - selectOptionByIndex: All options with index in [12] are selected on object 'Object Repository/DispensaryToCms/Page_Dispensary Store/select_--Select--Adernaline 0.'

2018-05-22 19:52:48 - [MESSAGE][PASSED] - All options with index in [12] are selected on object 'Object Repository/DispensaryToCms/Page_Dispensary Store/select_--Select--Adernaline 0.'

2018-05-22 19:52:48 - [TEST_STEP][PASSED] - setText: Text '100' is set on object 'Object Repository/DispensaryToCms/Page_Dispensary Store/input_txttreat'

2018-05-22 19:52:48 - [MESSAGE][PASSED] - Text '100' is set on object 'Object Repository/DispensaryToCms/Page_Dispensary Store/input_txttreat'

2018-05-22 19:52:48 - [TEST_STEP][PASSED] - click: Object: 'Object Repository/DispensaryToCms/Page_Dispensary Store/button_Add' is clicked on

2018-05-22 19:52:48 - [MESSAGE][PASSED] - Object: 'Object Repository/DispensaryToCms/Page_Dispensary Store/button_Add' is clicked on

2018-05-22 19:52:48 - [TEST_STEP][PASSED] - selectOptionByIndex: All options with index in [8] are selected on object 'Object Repository/DispensaryToCms/Page_Dispensary Store/select_--Select--Schedule 1Inj'

2018-05-22 19:52:48 - [MESSAGE][PASSED] - All options with index in [8] are selected on object 'Object Repository/DispensaryToCms/Page_Dispensary Store/select_--Select--Schedule 1Inj'

2018-05-22 19:52:48 - [TEST_STEP][PASSED] - selectOptionByIndex: All options with index in [13] are selected on object 'Object Repository/DispensaryToCms/Page_Dispensary Store/select_--Select--Adernaline 0.'

2018-05-22 19:52:48 - [MESSAGE][PASSED] - All options with index in [13] are selected on object 'Object Repository/DispensaryToCms/Page_Dispensary Store/select_--Select--Adernaline 0.'

2018-05-22 19:52:48 - [TEST_STEP][PASSED] - setText: Text '100' is set on object 'Object Repository/DispensaryToCms/Page_Dispensary Store/input_txttreat'

2018-05-22 19:52:49 - [MESSAGE][PASSED] - Text '100' is set on object 'Object Repository/DispensaryToCms/Page_Dispensary Store/input_txttreat'

2018-05-22 19:52:49 - [TEST_STEP][PASSED] - click: Object: 'Object Repository/DispensaryToCms/Page_Dispensary Store/button_Add' is clicked on

2018-05-22 19:52:49 - [MESSAGE][PASSED] - Object: 'Object Repository/DispensaryToCms/Page_Dispensary Store/button_Add' is clicked on

2018-05-22 19:52:49 - [TEST_STEP][PASSED] - selectOptionByIndex: All options with index in [8] are selected on object 'Object Repository/DispensaryToCms/Page_Dispensary Store/select_--Select--Schedule 1Inj'

2018-05-22 19:52:49 - [MESSAGE][PASSED] - All options with index in [8] are selected on object 'Object Repository/DispensaryToCms/Page_Dispensary Store/select_--Select--Schedule 1Inj'

2018-05-22 19:52:49 - [TEST_STEP][PASSED] - selectOptionByIndex: All options with index in [14] are selected on object 'Object Repository/DispensaryToCms/Page_Dispensary Store/select_--Select--Adernaline 0.'

2018-05-22 19:52:49 - [MESSAGE][PASSED] - All options with index in [14] are selected on object 'Object Repository/DispensaryToCms/Page_Dispensary Store/select_--Select--Adernaline 0.'

2018-05-22 19:52:49 - [TEST_STEP][PASSED] - setText: Text '100' is set on object 'Object Repository/DispensaryToCms/Page_Dispensary Store/input_txttreat'

2018-05-22 19:52:49 - [MESSAGE][PASSED] - Text '100' is set on object 'Object Repository/DispensaryToCms/Page_Dispensary Store/input_txttreat'

2018-05-22 19:52:49 - [TEST_STEP][PASSED] - click: Object: 'Object Repository/DispensaryToCms/Page_Dispensary Store/button_Add' is clicked on

2018-05-22 19:52:49 - [MESSAGE][PASSED] - Object: 'Object Repository/DispensaryToCms/Page_Dispensary Store/button_Add' is clicked on

2018-05-22 19:52:49 - [TEST_STEP][PASSED] - selectOptionByIndex: All options with index in [8] are selected on object 'Object Repository/DispensaryToCms/Page_Dispensary Store/select_--Select--Schedule 1Inj'

2018-05-22 19:52:49 - [MESSAGE][PASSED] - All options with index in [8] are selected on object 'Object Repository/DispensaryToCms/Page_Dispensary Store/select_--Select--Schedule 1Inj'

2018-05-22 19:52:49 - [TEST_STEP][PASSED] - selectOptionByIndex: All options with index in [15] are selected on object 'Object Repository/DispensaryToCms/Page_Dispensary Store/select_--Select--Adernaline 0.'

2018-05-22 19:52:50 - [MESSAGE][PASSED] - All options with index in [15] are selected on object 'Object Repository/DispensaryToCms/Page_Dispensary Store/select_--Select--Adernaline 0.'

2018-05-22 19:52:50 - [TEST_STEP][PASSED] - setText: Text '100' is set on object 'Object Repository/DispensaryToCms/Page_Dispensary Store/input_txttreat'

2018-05-22 19:52:50 - [MESSAGE][PASSED] - Text '100' is set on object 'Object Repository/DispensaryToCms/Page_Dispensary Store/input_txttreat'

2018-05-22 19:52:50 - [TEST_STEP][PASSED] - click: Object: 'Object Repository/DispensaryToCms/Page_Dispensary Store/button_Add' is clicked on

2018-05-22 19:52:50 - [MESSAGE][PASSED] - Object: 'Object Repository/DispensaryToCms/Page_Dispensary Store/button_Add' is clicked on

2018-05-22 19:52:50 - [TEST_STEP][PASSED] - selectOptionByIndex: All options with index in [8] are selected on object 'Object Repository/DispensaryToCms/Page_Dispensary Store/select_--Select--Schedule 1Inj'

2018-05-22 19:52:50 - [MESSAGE][PASSED] - All options with index in [8] are selected on object 'Object Repository/DispensaryToCms/Page_Dispensary Store/select_--Select--Schedule 1Inj'

2018-05-22 19:52:50 - [TEST_STEP][PASSED] - selectOptionByIndex: All options with index in [16] are selected on object 'Object Repository/DispensaryToCms/Page_Dispensary Store/select_--Select--Adernaline 0.'

2018-05-22 19:52:50 - [MESSAGE][PASSED] - All options with index in [16] are selected on object 'Object Repository/DispensaryToCms/Page_Dispensary Store/select_--Select--Adernaline 0.'

2018-05-22 19:52:50 - [TEST_STEP][PASSED] - setText: Text '100' is set on object 'Object Repository/DispensaryToCms/Page_Dispensary Store/input_txttreat'

2018-05-22 19:52:50 - [MESSAGE][PASSED] - Text '100' is set on object 'Object Repository/DispensaryToCms/Page_Dispensary Store/input_txttreat'

2018-05-22 19:52:50 - [TEST_STEP][PASSED] - click: Object: 'Object Repository/DispensaryToCms/Page_Dispensary Store/button_Add' is clicked on

2018-05-22 19:52:50 - [MESSAGE][PASSED] - Object: 'Object Repository/DispensaryToCms/Page_Dispensary Store/button_Add' is clicked on

2018-05-22 19:52:50 - [TEST_STEP][PASSED] - selectOptionByIndex: All options with index in [8] are selected on object 'Object Repository/DispensaryToCms/Page_Dispensary Store/select_--Select--Schedule 1Inj'

2018-05-22 19:52:51 - [MESSAGE][PASSED] - All options with index in [8] are selected on object 'Object Repository/DispensaryToCms/Page_Dispensary Store/select_--Select--Schedule 1Inj'

2018-05-22 19:52:51 - [TEST_STEP][PASSED] - selectOptionByIndex: All options with index in [17] are selected on object 'Object Repository/DispensaryToCms/Page_Dispensary Store/select_--Select--Adernaline 0.'

2018-05-22 19:52:51 - [MESSAGE][PASSED] - All options with index in [17] are selected on object 'Object Repository/DispensaryToCms/Page_Dispensary Store/select_--Select--Adernaline 0.'

2018-05-22 19:52:51 - [TEST_STEP][PASSED] - setText: Text '100' is set on object 'Object Repository/DispensaryToCms/Page_Dispensary Store/input_txttreat'

2018-05-22 19:52:51 - [MESSAGE][PASSED] - Text '100' is set on object 'Object Repository/DispensaryToCms/Page_Dispensary Store/input_txttreat'

2018-05-22 19:52:51 - [TEST_STEP][PASSED] - click: Object: 'Object Repository/DispensaryToCms/Page_Dispensary Store/button_Add' is clicked on

2018-05-22 19:52:51 - [MESSAGE][PASSED] - Object: 'Object Repository/DispensaryToCms/Page_Dispensary Store/button_Add' is clicked on

2018-05-22 19:52:51 - [TEST_STEP][PASSED] - scrollToElement: Scroll to object 'Object Repository/DispensaryToCms/Page_Dispensary Store/input_btnsave' successfully

2018-05-22 19:52:51 - [MESSAGE][PASSED] - Scroll to object 'Object Repository/DispensaryToCms/Page_Dispensary Store/input_btnsave' successfully

2018-05-22 19:52:51 - [TEST_STEP][PASSED] - click: Object: 'Object Repository/DispensaryToCms/Page_Dispensary Store/input_btnsave' is clicked on

2018-05-22 19:52:51 - [MESSAGE][PASSED] - Object: 'Object Repository/DispensaryToCms/Page_Dispensary Store/input_btnsave' is clicked on

2018-05-22 19:52:51 - [TEST_STEP][PASSED] - delay: Delayed 3 second(s)

2018-05-22 19:52:54 - [MESSAGE][PASSED] - Delayed 3 second(s)

2018-05-22 19:52:54 - [TEST_STEP][PASSED] - Statement - RN1 = com.kms.katalon.core.webui.keyword.WebUiBuiltInKeywords.getText(com.kms.katalon.core.testobject.ObjectRepository.findTestObject(DispensaryToCms/Page_Dispensary Store/font_PRNO18052018174)): Text of object 'Object Repository/DispensaryToCms/Page_Dispensary Store/font_PRNO18052018174' is: 'PRNO/22052018/347'

2018-05-22 19:52:54 - [MESSAGE][PASSED] - Text of object 'Object Repository/DispensaryToCms/Page_Dispensary Store/font_PRNO18052018174' is: 'PRNO/22052018/347'

2018-05-22 19:52:54 - [TEST_STEP][PASSED] - Statement - out.println(RN1): null

2018-05-22 19:52:54 - [TEST_STEP][PASSED] - Statement - RID = RN1.split("/")[2]: null

2018-05-22 19:52:54 - [TEST_STEP][PASSED] - click: Object: 'Object Repository/DispensaryToCms/Page_Dispensary Store/button_OK' is clicked on

2018-05-22 19:52:55 - [MESSAGE][PASSED] - Object: 'Object Repository/DispensaryToCms/Page_Dispensary Store/button_OK' is clicked on

2018-05-22 19:52:55 - [TEST_STEP][PASSED] - delay: Delayed 3 second(s)

2018-05-22 19:52:58 - [MESSAGE][PASSED] - Delayed 3 second(s)

2018-05-22 19:52:58 - [TEST_STEP][PASSED] - waitForElementPresent: Object 'Object Repository/DispensaryToStore/Page_Dispensary Store/a_dropdown-toggle' is present

2018-05-22 19:52:58 - [MESSAGE][PASSED] - Object 'Object Repository/DispensaryToStore/Page_Dispensary Store/a_dropdown-toggle' is present

2018-05-22 19:52:58 - [TEST_STEP][PASSED] - click: Object: 'Object Repository/DispensaryToCms/Page_Dispensary Store/a_dropdown-toggle' is clicked on

2018-05-22 19:52:58 - [MESSAGE][PASSED] - Object: 'Object Repository/DispensaryToCms/Page_Dispensary Store/a_dropdown-toggle' is clicked on

2018-05-22 19:52:58 - [TEST_STEP][PASSED] - click: Object: 'Object Repository/DispensaryToCms/Page_Dispensary Store/a_Sign out' is clicked on

2018-05-22 19:53:00 - [MESSAGE][PASSED] - Object: 'Object Repository/DispensaryToCms/Page_Dispensary Store/a_Sign out' is clicked on

2018-05-22 19:53:00 - [TEST_STEP][PASSED] - delay: Delayed 3 second(s)

2018-05-22 19:53:03 - [MESSAGE][PASSED] - Delayed 3 second(s)

2018-05-22 19:53:03 - [TEST_STEP][PASSED] - navigateToUrl: Navigate to 'http://192.168.137.1/multihospital_new/' successfully

2018-05-22 19:53:03 - [MESSAGE][PASSED] - Navigate to 'http://192.168.137.1/multihospital_new/' successfully

2018-05-22 19:53:03 - [TEST_STEP][PASSED] - click: Object: 'Object Repository/DispensaryToCms/Page_KDMC/a_CMO' is clicked on

2018-05-22 19:53:04 - [MESSAGE][PASSED] - Object: 'Object Repository/DispensaryToCms/Page_KDMC/a_CMO' is clicked on

2018-05-22 19:53:04 - [TEST_STEP][PASSED] - setText: Text 'guru' is set on object 'Object Repository/DispensaryToCms/Page_CMO login/input_txtusername'

2018-05-22 19:53:04 - [MESSAGE][PASSED] - Text 'guru' is set on object 'Object Repository/DispensaryToCms/Page_CMO login/input_txtusername'

2018-05-22 19:53:04 - [TEST_STEP][PASSED] - setText: Text '123' is set on object 'Object Repository/DispensaryToCms/Page_CMO login/input_txtpassword'

2018-05-22 19:53:04 - [MESSAGE][PASSED] - Text '123' is set on object 'Object Repository/DispensaryToCms/Page_CMO login/input_txtpassword'

2018-05-22 19:53:04 - [TEST_STEP][PASSED] - delay: Delayed 3 second(s)

2018-05-22 19:53:07 - [MESSAGE][PASSED] - Delayed 3 second(s)

2018-05-22 19:53:07 - [TEST_STEP][PASSED] - click: Object: 'Object Repository/DispensaryToCms/Page_CMO login/button_Sign in' is clicked on

2018-05-22 19:53:09 - [MESSAGE][PASSED] - Object: 'Object Repository/DispensaryToCms/Page_CMO login/button_Sign in' is clicked on

2018-05-22 19:53:09 - [TEST_STEP][PASSED] - delay: Delayed 3 second(s)

2018-05-22 19:53:12 - [MESSAGE][PASSED] - Delayed 3 second(s)

2018-05-22 19:53:12 - [TEST_STEP][PASSED] - click: Object: 'Object Repository/DispensaryToCms/Page_KDMC - CMO/a_CMS Request' is clicked on

2018-05-22 19:53:12 - [MESSAGE][PASSED] - Object: 'Object Repository/DispensaryToCms/Page_KDMC - CMO/a_CMS Request' is clicked on

2018-05-22 19:53:12 - [TEST_STEP][PASSED] - delay: Delayed 2 second(s)

2018-05-22 19:53:14 - [MESSAGE][PASSED] - Delayed 2 second(s)

2018-05-22 19:53:14 - [TEST_STEP][PASSED] - click: Object: 'Object Repository/DispensaryToCms/Page_KDMC - CMO/a_Dispensary Store Request' is clicked on

2018-05-22 19:53:16 - [MESSAGE][PASSED] - Object: 'Object Repository/DispensaryToCms/Page_KDMC - CMO/a_Dispensary Store Request' is clicked on

2018-05-22 19:53:16 - [TEST_STEP][PASSED] - selectOptionByIndex: All options with index in [1] are selected on object 'Object Repository/DispensaryToCms/Page_KDMC - CMO/select_--ALL--'

2018-05-22 19:53:16 - [MESSAGE][PASSED] - All options with index in [1] are selected on object 'Object Repository/DispensaryToCms/Page_KDMC - CMO/select_--ALL--'

2018-05-22 19:53:16 - [TEST_STEP][PASSED] - click: Object: 'Object Repository/DispensaryToCms/Page_KDMC - CMO/input_btnsearch' is clicked on

2018-05-22 19:53:16 - [MESSAGE][PASSED] - Object: 'Object Repository/DispensaryToCms/Page_KDMC - CMO/input_btnsearch' is clicked on

2018-05-22 19:53:16 - [TEST_STEP][PASSED] - Statement - ID = com.kms.katalon.core.webui.keyword.WebUiBuiltInKeywords.modifyObjectProperty(com.kms.katalon.core.testobject.ObjectRepository.findTestObject(lab/Page_KDMC - CMO/input_1), "xpath", "equals", "//*[@id=" + RID + "]", true): Modify property of object successfully

2018-05-22 19:53:16 - [MESSAGE][PASSED] - Modify property of object successfully

2018-05-22 19:53:16 - [TEST_STEP][PASSED] - click: Object: 'Object Repository/lab/Page_KDMC - CMO/input_1' is clicked on

2018-05-22 19:53:17 - [MESSAGE][PASSED] - Object: 'Object Repository/lab/Page_KDMC - CMO/input_1' is clicked on

2018-05-22 19:53:17 - [TEST_STEP][PASSED] - delay: Delayed 2 second(s)

2018-05-22 19:53:19 - [MESSAGE][PASSED] - Delayed 2 second(s)

2018-05-22 19:53:19 - [TEST_STEP][PASSED] - selectOptionByIndex: All options with index in [1] are selected on object 'Object Repository/DispensaryToCms/Page_KDMC - CMO/select_--Select--'

2018-05-22 19:53:19 - [MESSAGE][PASSED] - All options with index in [1] are selected on object 'Object Repository/DispensaryToCms/Page_KDMC - CMO/select_--Select--'

2018-05-22 19:53:19 - [TEST_STEP][PASSED] - click: Object: 'Object Repository/DispensaryToCms/Page_KDMC - CMO/input_btnupdate' is clicked on

2018-05-22 19:53:19 - [MESSAGE][PASSED] - Object: 'Object Repository/DispensaryToCms/Page_KDMC - CMO/input_btnupdate' is clicked on

2018-05-22 19:53:19 - [TEST_STEP][PASSED] - delay: Delayed 2 second(s)

2018-05-22 19:53:21 - [MESSAGE][PASSED] - Delayed 2 second(s)

2018-05-22 19:53:21 - [TEST_STEP][PASSED] - click: Object: 'Object Repository/DispensaryToCms/Page_KDMC - CMO/button_OK' is clicked on

2018-05-22 19:53:22 - [MESSAGE][PASSED] - Object: 'Object Repository/DispensaryToCms/Page_KDMC - CMO/button_OK' is clicked on

2018-05-22 19:53:22 - [TEST_STEP][PASSED] - delay: Delayed 3 second(s)

2018-05-22 19:53:25 - [MESSAGE][PASSED] - Delayed 3 second(s)

2018-05-22 19:53:25 - [TEST_STEP][PASSED] - waitForElementPresent: Object 'Object Repository/DispensaryToStore/Page_Dispensary Store/a_dropdown-toggle' is not present after 20 second(s)

2018-05-22 19:53:46 - [MESSAGE][WARNING] - Object 'Object Repository/DispensaryToStore/Page_Dispensary Store/a_dropdown-toggle' is not present after 20 second(s)

2018-05-22 19:53:46 - [TEST_STEP][PASSED] - click: Object: 'Object Repository/DispensaryToCms/Page_KDMC - CMO/a_dropdown-toggle' is clicked on

2018-05-22 19:53:46 - [MESSAGE][PASSED] - Object: 'Object Repository/DispensaryToCms/Page_KDMC - CMO/a_dropdown-toggle' is clicked on

2018-05-22 19:53:46 - [TEST_STEP][PASSED] - click: Object: 'Object Repository/DispensaryToCms/Page_KDMC - CMO/a_Sign out' is clicked on

2018-05-22 19:53:46 - [MESSAGE][PASSED] - Object: 'Object Repository/DispensaryToCms/Page_KDMC - CMO/a_Sign out' is clicked on

2018-05-22 19:53:46 - [TEST_STEP][PASSED] - delay: Delayed 3 second(s)

2018-05-22 19:53:49 - [MESSAGE][PASSED] - Delayed 3 second(s)

2018-05-22 19:53:49 - [TEST_STEP][PASSED] - click: Object: 'Object Repository/DispensaryToCms/Page_KDMC/a_CMS' is clicked on

2018-05-22 19:53:52 - [MESSAGE][PASSED] - Object: 'Object Repository/DispensaryToCms/Page_KDMC/a_CMS' is clicked on

2018-05-22 19:53:52 - [TEST_STEP][PASSED] - setText: Text 'bala' is set on object 'Object Repository/DispensaryToCms/Page_CMS login/input_txtusername'

2018-05-22 19:53:52 - [MESSAGE][PASSED] - Text 'bala' is set on object 'Object Repository/DispensaryToCms/Page_CMS login/input_txtusername'

2018-05-22 19:53:52 - [TEST_STEP][PASSED] - setText: Text '123' is set on object 'Object Repository/DispensaryToCms/Page_CMS login/input_txtpassword'

2018-05-22 19:53:52 - [MESSAGE][PASSED] - Text '123' is set on object 'Object Repository/DispensaryToCms/Page_CMS login/input_txtpassword'

2018-05-22 19:53:52 - [TEST_STEP][PASSED] - delay: Delayed 3 second(s)

2018-05-22 19:53:55 - [MESSAGE][PASSED] - Delayed 3 second(s)

2018-05-22 19:53:55 - [TEST_STEP][PASSED] - click: Object: 'Object Repository/DispensaryToCms/Page_CMS login/button_Sign in' is clicked on

2018-05-22 19:53:56 - [MESSAGE][PASSED] - Object: 'Object Repository/DispensaryToCms/Page_CMS login/button_Sign in' is clicked on

2018-05-22 19:53:56 - [TEST_STEP][PASSED] - delay: Delayed 3 second(s)

2018-05-22 19:53:59 - [MESSAGE][PASSED] - Delayed 3 second(s)

2018-05-22 19:53:59 - [TEST_STEP][PASSED] - click: Object: 'Object Repository/DispensaryToCms/Page_KDMC - CMS/a_Divisional Store' is clicked on

2018-05-22 19:53:59 - [MESSAGE][PASSED] - Object: 'Object Repository/DispensaryToCms/Page_KDMC - CMS/a_Divisional Store' is clicked on

2018-05-22 19:53:59 - [TEST_STEP][PASSED] - delay: Delayed 2 second(s)

2018-05-22 19:54:01 - [MESSAGE][PASSED] - Delayed 2 second(s)

2018-05-22 19:54:01 - [TEST_STEP][PASSED] - click: Object: 'Object Repository/DispensaryToCms/Page_KDMC - CMS/a_Dispatch Items' is clicked on

2018-05-22 19:54:02 - [MESSAGE][PASSED] - Object: 'Object Repository/DispensaryToCms/Page_KDMC - CMS/a_Dispatch Items' is clicked on

2018-05-22 19:54:02 - [TEST_STEP][PASSED] - delay: Delayed 2 second(s)

2018-05-22 19:54:04 - [MESSAGE][PASSED] - Delayed 2 second(s)

2018-05-22 19:54:04 - [TEST_STEP][PASSED] - setText: Text 'PRNO/22052018/347' is set on object 'Object Repository/DispensaryToCms/Page_KDMC - CMS/input'

2018-05-22 19:54:04 - [MESSAGE][PASSED] - Text 'PRNO/22052018/347' is set on object 'Object Repository/DispensaryToCms/Page_KDMC - CMS/input'

2018-05-22 19:54:04 - [TEST_STEP][PASSED] - click: Object: 'Object Repository/DispensaryToCms/Page_KDMC - CMS/input_PRNO18052018174' is clicked on

2018-05-22 19:54:04 - [MESSAGE][PASSED] - Object: 'Object Repository/DispensaryToCms/Page_KDMC - CMS/input_PRNO18052018174' is clicked on

2018-05-22 19:54:04 - [TEST_STEP][PASSED] - Statement - out.println("Length : " + medicineslength): null

2018-05-22 19:54:04 - [TEST_STEP][PASSED] - Statement - For ([row = 0, row < medicineslength - 1, (row++)]): null

2018-05-22 19:54:04 - [TEST_STEP][PASSED] - Statement - batchlength = new com.kms.katalon.core.testobject.TestObject(): null

2018-05-22 19:54:04 - [TEST_STEP][PASSED] - Statement - batchlength = com.kms.katalon.core.webui.keyword.WebUiBuiltInKeywords.modifyObjectProperty(batchlength, "xpath", "equals", "//*[@id = "fldvendor" + row + ""]", true): Modify property of object successfully

2018-05-22 19:54:04 - [MESSAGE][PASSED] - Modify property of object successfully

2018-05-22 19:54:04 - [TEST_STEP][PASSED] - Statement - batchsize = com.kms.katalon.core.webui.keyword.WebUiBuiltInKeywords.getNumberOfTotalOption(batchlength): 9 options of object '' counted

2018-05-22 19:54:05 - [MESSAGE][PASSED] - 9 options of object '' counted

2018-05-22 19:54:05 - [TEST_STEP][PASSED] - Statement - out.println("BatchSize : " + batchsize): null

2018-05-22 19:54:05 - [TEST_STEP][PASSED] - Statement - For ([n = 1, n <= batchsize - 1, (n++)]): null

2018-05-22 19:54:05 - [TEST_STEP][PASSED] - Statement - product = new com.kms.katalon.core.testobject.TestObject(): null

2018-05-22 19:54:05 - [TEST_STEP][PASSED] - Statement - product = com.kms.katalon.core.webui.keyword.WebUiBuiltInKeywords.modifyObjectProperty(product, "xpath", "equals", "//*[@id = "fldvendor" + row + ""]", true): Modify property of object successfully

2018-05-22 19:54:05 - [MESSAGE][PASSED] - Modify property of object successfully

2018-05-22 19:54:05 - [TEST_STEP][PASSED] - selectOptionByIndex: All options with index in [1] are selected on object ''

2018-05-22 19:54:05 - [MESSAGE][PASSED] - All options with index in [1] are selected on object ''

2018-05-22 19:54:05 - [TEST_STEP][PASSED] - Statement - batch = new com.kms.katalon.core.testobject.TestObject(): null

2018-05-22 19:54:05 - [TEST_STEP][PASSED] - Statement - batch = com.kms.katalon.core.webui.keyword.WebUiBuiltInKeywords.modifyObjectProperty(batch, "xpath", "equals", "//*[@id = "txtbthqty" + row + ""]", true): Modify property of object successfully

2018-05-22 19:54:05 - [MESSAGE][PASSED] - Modify property of object successfully

2018-05-22 19:54:05 - [TEST_STEP][PASSED] - Statement - batchqty = com.kms.katalon.core.webui.keyword.WebUiBuiltInKeywords.getAttribute(batch, "value").trim(): Attribute 'value' of object '' is: '28000'

2018-05-22 19:54:05 - [MESSAGE][PASSED] - Attribute 'value' of object '' is: '28000'

2018-05-22 19:54:05 - [TEST_STEP][PASSED] - Statement - Rqty = 100: null

2018-05-22 19:54:05 - [TEST_STEP][PASSED] - delay: Delayed 2 second(s)

2018-05-22 19:54:07 - [MESSAGE][PASSED] - Delayed 2 second(s)

2018-05-22 19:54:07 - [TEST_STEP][PASSED] - Statement - out.println("BatchQty : " + batchqty): null

2018-05-22 19:54:07 - [TEST_STEP][PASSED] - Statement - out.println("RQty : " + Rqty): null

2018-05-22 19:54:07 - [TEST_STEP][PASSED] - Statement - If (java.lang.Integer.valueOf(batchqty) >= java.lang.Integer.valueOf(Rqty)): null

2018-05-22 19:54:07 - [TEST_STEP][PASSED] - Statement - Break: null

2018-05-22 19:54:07 - [TEST_STEP][PASSED] - Statement - batchlength = new com.kms.katalon.core.testobject.TestObject(): null

2018-05-22 19:54:07 - [TEST_STEP][PASSED] - Statement - batchlength = com.kms.katalon.core.webui.keyword.WebUiBuiltInKeywords.modifyObjectProperty(batchlength, "xpath", "equals", "//*[@id = "fldvendor" + row + ""]", true): Modify property of object successfully

2018-05-22 19:54:07 - [MESSAGE][PASSED] - Modify property of object successfully

2018-05-22 19:54:07 - [TEST_STEP][PASSED] - Statement - batchsize = com.kms.katalon.core.webui.keyword.WebUiBuiltInKeywords.getNumberOfTotalOption(batchlength): 10 options of object '' counted

2018-05-22 19:54:07 - [MESSAGE][PASSED] - 10 options of object '' counted

2018-05-22 19:54:07 - [TEST_STEP][PASSED] - Statement - out.println("BatchSize : " + batchsize): null

2018-05-22 19:54:07 - [TEST_STEP][PASSED] - Statement - For ([n = 1, n <= batchsize - 1, (n++)]): null

2018-05-22 19:54:07 - [TEST_STEP][PASSED] - Statement - product = new com.kms.katalon.core.testobject.TestObject(): null

2018-05-22 19:54:07 - [TEST_STEP][PASSED] - Statement - product = com.kms.katalon.core.webui.keyword.WebUiBuiltInKeywords.modifyObjectProperty(product, "xpath", "equals", "//*[@id = "fldvendor" + row + ""]", true): Modify property of object successfully

2018-05-22 19:54:07 - [MESSAGE][PASSED] - Modify property of object successfully

2018-05-22 19:54:07 - [TEST_STEP][PASSED] - selectOptionByIndex: All options with index in [1] are selected on object ''

2018-05-22 19:54:07 - [MESSAGE][PASSED] - All options with index in [1] are selected on object ''

2018-05-22 19:54:07 - [TEST_STEP][PASSED] - Statement - batch = new com.kms.katalon.core.testobject.TestObject(): null

2018-05-22 19:54:07 - [TEST_STEP][PASSED] - Statement - batch = com.kms.katalon.core.webui.keyword.WebUiBuiltInKeywords.modifyObjectProperty(batch, "xpath", "equals", "//*[@id = "txtbthqty" + row + ""]", true): Modify property of object successfully

2018-05-22 19:54:07 - [MESSAGE][PASSED] - Modify property of object successfully

2018-05-22 19:54:07 - [TEST_STEP][PASSED] - Statement - batchqty = com.kms.katalon.core.webui.keyword.WebUiBuiltInKeywords.getAttribute(batch, "value").trim(): Attribute 'value' of object '' is: '4100'

2018-05-22 19:54:07 - [MESSAGE][PASSED] - Attribute 'value' of object '' is: '4100'

2018-05-22 19:54:07 - [TEST_STEP][PASSED] - Statement - Rqty = 100: null

2018-05-22 19:54:07 - [TEST_STEP][PASSED] - delay: Delayed 2 second(s)

2018-05-22 19:54:09 - [MESSAGE][PASSED] - Delayed 2 second(s)

2018-05-22 19:54:10 - [TEST_STEP][PASSED] - Statement - out.println("BatchQty : " + batchqty): null

2018-05-22 19:54:10 - [TEST_STEP][PASSED] - Statement - out.println("RQty : " + Rqty): null

2018-05-22 19:54:10 - [TEST_STEP][PASSED] - Statement - If (java.lang.Integer.valueOf(batchqty) >= java.lang.Integer.valueOf(Rqty)): null

2018-05-22 19:54:10 - [TEST_STEP][PASSED] - Statement - Break: null

2018-05-22 19:54:10 - [TEST_STEP][PASSED] - Statement - batchlength = new com.kms.katalon.core.testobject.TestObject(): null

2018-05-22 19:54:10 - [TEST_STEP][PASSED] - Statement - batchlength = com.kms.katalon.core.webui.keyword.WebUiBuiltInKeywords.modifyObjectProperty(batchlength, "xpath", "equals", "//*[@id = "fldvendor" + row + ""]", true): Modify property of object successfully

2018-05-22 19:54:10 - [MESSAGE][PASSED] - Modify property of object successfully

2018-05-22 19:54:10 - [TEST_STEP][PASSED] - Statement - batchsize = com.kms.katalon.core.webui.keyword.WebUiBuiltInKeywords.getNumberOfTotalOption(batchlength): 10 options of object '' counted

2018-05-22 19:54:10 - [MESSAGE][PASSED] - 10 options of object '' counted

2018-05-22 19:54:10 - [TEST_STEP][PASSED] - Statement - out.println("BatchSize : " + batchsize): null

2018-05-22 19:54:10 - [TEST_STEP][PASSED] - Statement - For ([n = 1, n <= batchsize - 1, (n++)]): null

2018-05-22 19:54:10 - [TEST_STEP][PASSED] - Statement - product = new com.kms.katalon.core.testobject.TestObject(): null

2018-05-22 19:54:10 - [TEST_STEP][PASSED] - Statement - product = com.kms.katalon.core.webui.keyword.WebUiBuiltInKeywords.modifyObjectProperty(product, "xpath", "equals", "//*[@id = "fldvendor" + row + ""]", true): Modify property of object successfully

2018-05-22 19:54:10 - [MESSAGE][PASSED] - Modify property of object successfully

2018-05-22 19:54:10 - [TEST_STEP][PASSED] - selectOptionByIndex: All options with index in [1] are selected on object ''

2018-05-22 19:54:10 - [MESSAGE][PASSED] - All options with index in [1] are selected on object ''

2018-05-22 19:54:10 - [TEST_STEP][PASSED] - Statement - batch = new com.kms.katalon.core.testobject.TestObject(): null

2018-05-22 19:54:10 - [TEST_STEP][PASSED] - Statement - batch = com.kms.katalon.core.webui.keyword.WebUiBuiltInKeywords.modifyObjectProperty(batch, "xpath", "equals", "//*[@id = "txtbthqty" + row + ""]", true): Modify property of object successfully

2018-05-22 19:54:10 - [MESSAGE][PASSED] - Modify property of object successfully

2018-05-22 19:54:10 - [TEST_STEP][PASSED] - Statement - batchqty = com.kms.katalon.core.webui.keyword.WebUiBuiltInKeywords.getAttribute(batch, "value").trim(): Attribute 'value' of object '' is: '3100'

2018-05-22 19:54:10 - [MESSAGE][PASSED] - Attribute 'value' of object '' is: '3100'

2018-05-22 19:54:10 - [TEST_STEP][PASSED] - Statement - Rqty = 100: null

2018-05-22 19:54:10 - [TEST_STEP][PASSED] - delay: Delayed 2 second(s)

2018-05-22 19:54:12 - [MESSAGE][PASSED] - Delayed 2 second(s)

2018-05-22 19:54:12 - [TEST_STEP][PASSED] - Statement - out.println("BatchQty : " + batchqty): null

2018-05-22 19:54:12 - [TEST_STEP][PASSED] - Statement - out.println("RQty : " + Rqty): null

2018-05-22 19:54:12 - [TEST_STEP][PASSED] - Statement - If (java.lang.Integer.valueOf(batchqty) >= java.lang.Integer.valueOf(Rqty)): null

2018-05-22 19:54:12 - [TEST_STEP][PASSED] - Statement - Break: null

2018-05-22 19:54:12 - [TEST_STEP][PASSED] - Statement - batchlength = new com.kms.katalon.core.testobject.TestObject(): null

2018-05-22 19:54:12 - [TEST_STEP][PASSED] - Statement - batchlength = com.kms.katalon.core.webui.keyword.WebUiBuiltInKeywords.modifyObjectProperty(batchlength, "xpath", "equals", "//*[@id = "fldvendor" + row + ""]", true): Modify property of object successfully

2018-05-22 19:54:12 - [MESSAGE][PASSED] - Modify property of object successfully

2018-05-22 19:54:12 - [TEST_STEP][PASSED] - Statement - batchsize = com.kms.katalon.core.webui.keyword.WebUiBuiltInKeywords.getNumberOfTotalOption(batchlength): 10 options of object '' counted

2018-05-22 19:54:12 - [MESSAGE][PASSED] - 10 options of object '' counted

2018-05-22 19:54:12 - [TEST_STEP][PASSED] - Statement - out.println("BatchSize : " + batchsize): null

2018-05-22 19:54:12 - [TEST_STEP][PASSED] - Statement - For ([n = 1, n <= batchsize - 1, (n++)]): null

2018-05-22 19:54:12 - [TEST_STEP][PASSED] - Statement - product = new com.kms.katalon.core.testobject.TestObject(): null

2018-05-22 19:54:12 - [TEST_STEP][PASSED] - Statement - product = com.kms.katalon.core.webui.keyword.WebUiBuiltInKeywords.modifyObjectProperty(product, "xpath", "equals", "//*[@id = "fldvendor" + row + ""]", true): Modify property of object successfully

2018-05-22 19:54:12 - [MESSAGE][PASSED] - Modify property of object successfully

2018-05-22 19:54:12 - [TEST_STEP][PASSED] - selectOptionByIndex: All options with index in [1] are selected on object ''

2018-05-22 19:54:12 - [MESSAGE][PASSED] - All options with index in [1] are selected on object ''

2018-05-22 19:54:12 - [TEST_STEP][PASSED] - Statement - batch = new com.kms.katalon.core.testobject.TestObject(): null

2018-05-22 19:54:12 - [TEST_STEP][PASSED] - Statement - batch = com.kms.katalon.core.webui.keyword.WebUiBuiltInKeywords.modifyObjectProperty(batch, "xpath", "equals", "//*[@id = "txtbthqty" + row + ""]", true): Modify property of object successfully

2018-05-22 19:54:12 - [MESSAGE][PASSED] - Modify property of object successfully

2018-05-22 19:54:12 - [TEST_STEP][PASSED] - Statement - batchqty = com.kms.katalon.core.webui.keyword.WebUiBuiltInKeywords.getAttribute(batch, "value").trim(): Attribute 'value' of object '' is: '4100'

2018-05-22 19:54:12 - [MESSAGE][PASSED] - Attribute 'value' of object '' is: '4100'

2018-05-22 19:54:12 - [TEST_STEP][PASSED] - Statement - Rqty = 100: null

2018-05-22 19:54:12 - [TEST_STEP][PASSED] - delay: Delayed 2 second(s)

2018-05-22 19:54:14 - [MESSAGE][PASSED] - Delayed 2 second(s)

2018-05-22 19:54:14 - [TEST_STEP][PASSED] - Statement - out.println("BatchQty : " + batchqty): null

2018-05-22 19:54:14 - [TEST_STEP][PASSED] - Statement - out.println("RQty : " + Rqty): null

2018-05-22 19:54:14 - [TEST_STEP][PASSED] - Statement - If (java.lang.Integer.valueOf(batchqty) >= java.lang.Integer.valueOf(Rqty)): null

2018-05-22 19:54:14 - [TEST_STEP][PASSED] - Statement - Break: null

2018-05-22 19:54:14 - [TEST_STEP][PASSED] - Statement - batchlength = new com.kms.katalon.core.testobject.TestObject(): null

2018-05-22 19:54:14 - [TEST_STEP][PASSED] - Statement - batchlength = com.kms.katalon.core.webui.keyword.WebUiBuiltInKeywords.modifyObjectProperty(batchlength, "xpath", "equals", "//*[@id = "fldvendor" + row + ""]", true): Modify property of object successfully

2018-05-22 19:54:14 - [MESSAGE][PASSED] - Modify property of object successfully

2018-05-22 19:54:14 - [TEST_STEP][PASSED] - Statement - batchsize = com.kms.katalon.core.webui.keyword.WebUiBuiltInKeywords.getNumberOfTotalOption(batchlength): 10 options of object '' counted

2018-05-22 19:54:14 - [MESSAGE][PASSED] - 10 options of object '' counted

2018-05-22 19:54:14 - [TEST_STEP][PASSED] - Statement - out.println("BatchSize : " + batchsize): null

2018-05-22 19:54:14 - [TEST_STEP][PASSED] - Statement - For ([n = 1, n <= batchsize - 1, (n++)]): null

2018-05-22 19:54:14 - [TEST_STEP][PASSED] - Statement - product = new com.kms.katalon.core.testobject.TestObject(): null

2018-05-22 19:54:14 - [TEST_STEP][PASSED] - Statement - product = com.kms.katalon.core.webui.keyword.WebUiBuiltInKeywords.modifyObjectProperty(product, "xpath", "equals", "//*[@id = "fldvendor" + row + ""]", true): Modify property of object successfully

2018-05-22 19:54:14 - [MESSAGE][PASSED] - Modify property of object successfully

2018-05-22 19:54:14 - [TEST_STEP][PASSED] - selectOptionByIndex: All options with index in [1] are selected on object ''

2018-05-22 19:54:14 - [MESSAGE][PASSED] - All options with index in [1] are selected on object ''

2018-05-22 19:54:14 - [TEST_STEP][PASSED] - Statement - batch = new com.kms.katalon.core.testobject.TestObject(): null

2018-05-22 19:54:14 - [TEST_STEP][PASSED] - Statement - batch = com.kms.katalon.core.webui.keyword.WebUiBuiltInKeywords.modifyObjectProperty(batch, "xpath", "equals", "//*[@id = "txtbthqty" + row + ""]", true): Modify property of object successfully

2018-05-22 19:54:14 - [MESSAGE][PASSED] - Modify property of object successfully

2018-05-22 19:54:14 - [TEST_STEP][PASSED] - Statement - batchqty = com.kms.katalon.core.webui.keyword.WebUiBuiltInKeywords.getAttribute(batch, "value").trim(): Attribute 'value' of object '' is: '4100'

2018-05-22 19:54:14 - [MESSAGE][PASSED] - Attribute 'value' of object '' is: '4100'

2018-05-22 19:54:14 - [TEST_STEP][PASSED] - Statement - Rqty = 100: null

2018-05-22 19:54:14 - [TEST_STEP][PASSED] - delay: Delayed 2 second(s)

2018-05-22 19:54:16 - [MESSAGE][PASSED] - Delayed 2 second(s)

2018-05-22 19:54:16 - [TEST_STEP][PASSED] - Statement - out.println("BatchQty : " + batchqty): null

2018-05-22 19:54:16 - [TEST_STEP][PASSED] - Statement - out.println("RQty : " + Rqty): null

2018-05-22 19:54:16 - [TEST_STEP][PASSED] - Statement - If (java.lang.Integer.valueOf(batchqty) >= java.lang.Integer.valueOf(Rqty)): null

2018-05-22 19:54:16 - [TEST_STEP][PASSED] - Statement - Break: null

2018-05-22 19:54:16 - [TEST_STEP][PASSED] - Statement - batchlength = new com.kms.katalon.core.testobject.TestObject(): null

2018-05-22 19:54:16 - [TEST_STEP][PASSED] - Statement - batchlength = com.kms.katalon.core.webui.keyword.WebUiBuiltInKeywords.modifyObjectProperty(batchlength, "xpath", "equals", "//*[@id = "fldvendor" + row + ""]", true): Modify property of object successfully

2018-05-22 19:54:16 - [MESSAGE][PASSED] - Modify property of object successfully

2018-05-22 19:54:16 - [TEST_STEP][PASSED] - Statement - batchsize = com.kms.katalon.core.webui.keyword.WebUiBuiltInKeywords.getNumberOfTotalOption(batchlength): 10 options of object '' counted

2018-05-22 19:54:16 - [MESSAGE][PASSED] - 10 options of object '' counted

2018-05-22 19:54:16 - [TEST_STEP][PASSED] - Statement - out.println("BatchSize : " + batchsize): null

2018-05-22 19:54:16 - [TEST_STEP][PASSED] - Statement - For ([n = 1, n <= batchsize - 1, (n++)]): null

2018-05-22 19:54:16 - [TEST_STEP][PASSED] - Statement - product = new com.kms.katalon.core.testobject.TestObject(): null

2018-05-22 19:54:16 - [TEST_STEP][PASSED] - Statement - product = com.kms.katalon.core.webui.keyword.WebUiBuiltInKeywords.modifyObjectProperty(product, "xpath", "equals", "//*[@id = "fldvendor" + row + ""]", true): Modify property of object successfully

2018-05-22 19:54:16 - [MESSAGE][PASSED] - Modify property of object successfully

2018-05-22 19:54:16 - [TEST_STEP][PASSED] - selectOptionByIndex: All options with index in [1] are selected on object ''

2018-05-22 19:54:17 - [MESSAGE][PASSED] - All options with index in [1] are selected on object ''

2018-05-22 19:54:17 - [TEST_STEP][PASSED] - Statement - batch = new com.kms.katalon.core.testobject.TestObject(): null

2018-05-22 19:54:17 - [TEST_STEP][PASSED] - Statement - batch = com.kms.katalon.core.webui.keyword.WebUiBuiltInKeywords.modifyObjectProperty(batch, "xpath", "equals", "//*[@id = "txtbthqty" + row + ""]", true): Modify property of object successfully

2018-05-22 19:54:17 - [MESSAGE][PASSED] - Modify property of object successfully

2018-05-22 19:54:17 - [TEST_STEP][PASSED] - Statement - batchqty = com.kms.katalon.core.webui.keyword.WebUiBuiltInKeywords.getAttribute(batch, "value").trim(): Attribute 'value' of object '' is: '4100'

2018-05-22 19:54:17 - [MESSAGE][PASSED] - Attribute 'value' of object '' is: '4100'

2018-05-22 19:54:17 - [TEST_STEP][PASSED] - Statement - Rqty = 100: null

2018-05-22 19:54:17 - [TEST_STEP][PASSED] - delay: Delayed 2 second(s)

2018-05-22 19:54:19 - [MESSAGE][PASSED] - Delayed 2 second(s)

2018-05-22 19:54:19 - [TEST_STEP][PASSED] - Statement - out.println("BatchQty : " + batchqty): null

2018-05-22 19:54:19 - [TEST_STEP][PASSED] - Statement - out.println("RQty : " + Rqty): null

2018-05-22 19:54:19 - [TEST_STEP][PASSED] - Statement - If (java.lang.Integer.valueOf(batchqty) >= java.lang.Integer.valueOf(Rqty)): null

2018-05-22 19:54:19 - [TEST_STEP][PASSED] - Statement - Break: null

2018-05-22 19:54:19 - [TEST_STEP][PASSED] - Statement - batchlength = new com.kms.katalon.core.testobject.TestObject(): null

2018-05-22 19:54:19 - [TEST_STEP][PASSED] - Statement - batchlength = com.kms.katalon.core.webui.keyword.WebUiBuiltInKeywords.modifyObjectProperty(batchlength, "xpath", "equals", "//*[@id = "fldvendor" + row + ""]", true): Modify property of object successfully

2018-05-22 19:54:19 - [MESSAGE][PASSED] - Modify property of object successfully

2018-05-22 19:54:19 - [TEST_STEP][PASSED] - Statement - batchsize = com.kms.katalon.core.webui.keyword.WebUiBuiltInKeywords.getNumberOfTotalOption(batchlength): 10 options of object '' counted

2018-05-22 19:54:19 - [MESSAGE][PASSED] - 10 options of object '' counted

2018-05-22 19:54:19 - [TEST_STEP][PASSED] - Statement - out.println("BatchSize : " + batchsize): null

2018-05-22 19:54:19 - [TEST_STEP][PASSED] - Statement - For ([n = 1, n <= batchsize - 1, (n++)]): null

2018-05-22 19:54:19 - [TEST_STEP][PASSED] - Statement - product = new com.kms.katalon.core.testobject.TestObject(): null

2018-05-22 19:54:19 - [TEST_STEP][PASSED] - Statement - product = com.kms.katalon.core.webui.keyword.WebUiBuiltInKeywords.modifyObjectProperty(product, "xpath", "equals", "//*[@id = "fldvendor" + row + ""]", true): Modify property of object successfully

2018-05-22 19:54:19 - [MESSAGE][PASSED] - Modify property of object successfully

2018-05-22 19:54:19 - [TEST_STEP][PASSED] - selectOptionByIndex: All options with index in [1] are selected on object ''

2018-05-22 19:54:19 - [MESSAGE][PASSED] - All options with index in [1] are selected on object ''

2018-05-22 19:54:19 - [TEST_STEP][PASSED] - Statement - batch = new com.kms.katalon.core.testobject.TestObject(): null

2018-05-22 19:54:19 - [TEST_STEP][PASSED] - Statement - batch = com.kms.katalon.core.webui.keyword.WebUiBuiltInKeywords.modifyObjectProperty(batch, "xpath", "equals", "//*[@id = "txtbthqty" + row + ""]", true): Modify property of object successfully

2018-05-22 19:54:19 - [MESSAGE][PASSED] - Modify property of object successfully

2018-05-22 19:54:19 - [TEST_STEP][PASSED] - Statement - batchqty = com.kms.katalon.core.webui.keyword.WebUiBuiltInKeywords.getAttribute(batch, "value").trim(): Attribute 'value' of object '' is: '28000'

2018-05-22 19:54:19 - [MESSAGE][PASSED] - Attribute 'value' of object '' is: '28000'

2018-05-22 19:54:19 - [TEST_STEP][PASSED] - Statement - Rqty = 100: null

2018-05-22 19:54:19 - [TEST_STEP][PASSED] - delay: Delayed 2 second(s)

2018-05-22 19:54:21 - [MESSAGE][PASSED] - Delayed 2 second(s)

2018-05-22 19:54:21 - [TEST_STEP][PASSED] - Statement - out.println("BatchQty : " + batchqty): null

2018-05-22 19:54:21 - [TEST_STEP][PASSED] - Statement - out.println("RQty : " + Rqty): null

2018-05-22 19:54:21 - [TEST_STEP][PASSED] - Statement - If (java.lang.Integer.valueOf(batchqty) >= java.lang.Integer.valueOf(Rqty)): null

2018-05-22 19:54:21 - [TEST_STEP][PASSED] - Statement - Break: null

2018-05-22 19:54:21 - [TEST_STEP][PASSED] - Statement - batchlength = new com.kms.katalon.core.testobject.TestObject(): null

2018-05-22 19:54:21 - [TEST_STEP][PASSED] - Statement - batchlength = com.kms.katalon.core.webui.keyword.WebUiBuiltInKeywords.modifyObjectProperty(batchlength, "xpath", "equals", "//*[@id = "fldvendor" + row + ""]", true): Modify property of object successfully

2018-05-22 19:54:21 - [MESSAGE][PASSED] - Modify property of object successfully

2018-05-22 19:54:21 - [TEST_STEP][PASSED] - Statement - batchsize = com.kms.katalon.core.webui.keyword.WebUiBuiltInKeywords.getNumberOfTotalOption(batchlength): 10 options of object '' counted

2018-05-22 19:54:21 - [MESSAGE][PASSED] - 10 options of object '' counted

2018-05-22 19:54:21 - [TEST_STEP][PASSED] - Statement - out.println("BatchSize : " + batchsize): null

2018-05-22 19:54:21 - [TEST_STEP][PASSED] - Statement - For ([n = 1, n <= batchsize - 1, (n++)]): null

2018-05-22 19:54:21 - [TEST_STEP][PASSED] - Statement - product = new com.kms.katalon.core.testobject.TestObject(): null

2018-05-22 19:54:21 - [TEST_STEP][PASSED] - Statement - product = com.kms.katalon.core.webui.keyword.WebUiBuiltInKeywords.modifyObjectProperty(product, "xpath", "equals", "//*[@id = "fldvendor" + row + ""]", true): Modify property of object successfully

2018-05-22 19:54:21 - [MESSAGE][PASSED] - Modify property of object successfully

2018-05-22 19:54:21 - [TEST_STEP][PASSED] - selectOptionByIndex: All options with index in [1] are selected on object ''

2018-05-22 19:54:21 - [MESSAGE][PASSED] - All options with index in [1] are selected on object ''

2018-05-22 19:54:21 - [TEST_STEP][PASSED] - Statement - batch = new com.kms.katalon.core.testobject.TestObject(): null

2018-05-22 19:54:21 - [TEST_STEP][PASSED] - Statement - batch = com.kms.katalon.core.webui.keyword.WebUiBuiltInKeywords.modifyObjectProperty(batch, "xpath", "equals", "//*[@id = "txtbthqty" + row + ""]", true): Modify property of object successfully

2018-05-22 19:54:21 - [MESSAGE][PASSED] - Modify property of object successfully

2018-05-22 19:54:21 - [TEST_STEP][PASSED] - Statement - batchqty = com.kms.katalon.core.webui.keyword.WebUiBuiltInKeywords.getAttribute(batch, "value").trim(): Attribute 'value' of object '' is: '3100'

2018-05-22 19:54:21 - [MESSAGE][PASSED] - Attribute 'value' of object '' is: '3100'

2018-05-22 19:54:21 - [TEST_STEP][PASSED] - Statement - Rqty = 100: null

2018-05-22 19:54:21 - [TEST_STEP][PASSED] - delay: Delayed 2 second(s)

2018-05-22 19:54:23 - [MESSAGE][PASSED] - Delayed 2 second(s)

2018-05-22 19:54:23 - [TEST_STEP][PASSED] - Statement - out.println("BatchQty : " + batchqty): null

2018-05-22 19:54:23 - [TEST_STEP][PASSED] - Statement - out.println("RQty : " + Rqty): null

2018-05-22 19:54:23 - [TEST_STEP][PASSED] - Statement - If (java.lang.Integer.valueOf(batchqty) >= java.lang.Integer.valueOf(Rqty)): null

2018-05-22 19:54:23 - [TEST_STEP][PASSED] - Statement - Break: null

2018-05-22 19:54:23 - [TEST_STEP][PASSED] - Statement - batchlength = new com.kms.katalon.core.testobject.TestObject(): null

2018-05-22 19:54:23 - [TEST_STEP][PASSED] - Statement - batchlength = com.kms.katalon.core.webui.keyword.WebUiBuiltInKeywords.modifyObjectProperty(batchlength, "xpath", "equals", "//*[@id = "fldvendor" + row + ""]", true): Modify property of object successfully

2018-05-22 19:54:23 - [MESSAGE][PASSED] - Modify property of object successfully

2018-05-22 19:54:23 - [TEST_STEP][PASSED] - Statement - batchsize = com.kms.katalon.core.webui.keyword.WebUiBuiltInKeywords.getNumberOfTotalOption(batchlength): 10 options of object '' counted

2018-05-22 19:54:23 - [MESSAGE][PASSED] - 10 options of object '' counted

2018-05-22 19:54:23 - [TEST_STEP][PASSED] - Statement - out.println("BatchSize : " + batchsize): null

2018-05-22 19:54:23 - [TEST_STEP][PASSED] - Statement - For ([n = 1, n <= batchsize - 1, (n++)]): null

2018-05-22 19:54:23 - [TEST_STEP][PASSED] - Statement - product = new com.kms.katalon.core.testobject.TestObject(): null

2018-05-22 19:54:23 - [TEST_STEP][PASSED] - Statement - product = com.kms.katalon.core.webui.keyword.WebUiBuiltInKeywords.modifyObjectProperty(product, "xpath", "equals", "//*[@id = "fldvendor" + row + ""]", true): Modify property of object successfully

2018-05-22 19:54:23 - [MESSAGE][PASSED] - Modify property of object successfully

2018-05-22 19:54:23 - [TEST_STEP][PASSED] - selectOptionByIndex: All options with index in [1] are selected on object ''

2018-05-22 19:54:23 - [MESSAGE][PASSED] - All options with index in [1] are selected on object ''

2018-05-22 19:54:23 - [TEST_STEP][PASSED] - Statement - batch = new com.kms.katalon.core.testobject.TestObject(): null

2018-05-22 19:54:23 - [TEST_STEP][PASSED] - Statement - batch = com.kms.katalon.core.webui.keyword.WebUiBuiltInKeywords.modifyObjectProperty(batch, "xpath", "equals", "//*[@id = "txtbthqty" + row + ""]", true): Modify property of object successfully

2018-05-22 19:54:23 - [MESSAGE][PASSED] - Modify property of object successfully

2018-05-22 19:54:23 - [TEST_STEP][PASSED] - Statement - batchqty = com.kms.katalon.core.webui.keyword.WebUiBuiltInKeywords.getAttribute(batch, "value").trim(): Attribute 'value' of object '' is: '4100'

2018-05-22 19:54:23 - [MESSAGE][PASSED] - Attribute 'value' of object '' is: '4100'

2018-05-22 19:54:23 - [TEST_STEP][PASSED] - Statement - Rqty = 100: null

2018-05-22 19:54:23 - [TEST_STEP][PASSED] - delay: Delayed 2 second(s)

2018-05-22 19:54:25 - [MESSAGE][PASSED] - Delayed 2 second(s)

2018-05-22 19:54:25 - [TEST_STEP][PASSED] - Statement - out.println("BatchQty : " + batchqty): null

2018-05-22 19:54:25 - [TEST_STEP][PASSED] - Statement - out.println("RQty : " + Rqty): null

2018-05-22 19:54:25 - [TEST_STEP][PASSED] - Statement - If (java.lang.Integer.valueOf(batchqty) >= java.lang.Integer.valueOf(Rqty)): null

2018-05-22 19:54:25 - [TEST_STEP][PASSED] - Statement - Break: null

2018-05-22 19:54:25 - [TEST_STEP][PASSED] - Statement - batchlength = new com.kms.katalon.core.testobject.TestObject(): null

2018-05-22 19:54:25 - [TEST_STEP][PASSED] - Statement - batchlength = com.kms.katalon.core.webui.keyword.WebUiBuiltInKeywords.modifyObjectProperty(batchlength, "xpath", "equals", "//*[@id = "fldvendor" + row + ""]", true): Modify property of object successfully

2018-05-22 19:54:25 - [MESSAGE][PASSED] - Modify property of object successfully

2018-05-22 19:54:25 - [TEST_STEP][PASSED] - Statement - batchsize = com.kms.katalon.core.webui.keyword.WebUiBuiltInKeywords.getNumberOfTotalOption(batchlength): 10 options of object '' counted

2018-05-22 19:54:25 - [MESSAGE][PASSED] - 10 options of object '' counted

2018-05-22 19:54:25 - [TEST_STEP][PASSED] - Statement - out.println("BatchSize : " + batchsize): null

2018-05-22 19:54:25 - [TEST_STEP][PASSED] - Statement - For ([n = 1, n <= batchsize - 1, (n++)]): null

2018-05-22 19:54:25 - [TEST_STEP][PASSED] - Statement - product = new com.kms.katalon.core.testobject.TestObject(): null

2018-05-22 19:54:25 - [TEST_STEP][PASSED] - Statement - product = com.kms.katalon.core.webui.keyword.WebUiBuiltInKeywords.modifyObjectProperty(product, "xpath", "equals", "//*[@id = "fldvendor" + row + ""]", true): Modify property of object successfully

2018-05-22 19:54:25 - [MESSAGE][PASSED] - Modify property of object successfully

2018-05-22 19:54:25 - [TEST_STEP][PASSED] - selectOptionByIndex: All options with index in [1] are selected on object ''

2018-05-22 19:54:26 - [MESSAGE][PASSED] - All options with index in [1] are selected on object ''

2018-05-22 19:54:26 - [TEST_STEP][PASSED] - Statement - batch = new com.kms.katalon.core.testobject.TestObject(): null

2018-05-22 19:54:26 - [TEST_STEP][PASSED] - Statement - batch = com.kms.katalon.core.webui.keyword.WebUiBuiltInKeywords.modifyObjectProperty(batch, "xpath", "equals", "//*[@id = "txtbthqty" + row + ""]", true): Modify property of object successfully

2018-05-22 19:54:26 - [MESSAGE][PASSED] - Modify property of object successfully

2018-05-22 19:54:26 - [TEST_STEP][PASSED] - Statement - batchqty = com.kms.katalon.core.webui.keyword.WebUiBuiltInKeywords.getAttribute(batch, "value").trim(): Attribute 'value' of object '' is: '28000'

2018-05-22 19:54:26 - [MESSAGE][PASSED] - Attribute 'value' of object '' is: '28000'

2018-05-22 19:54:26 - [TEST_STEP][PASSED] - Statement - Rqty = 100: null

2018-05-22 19:54:26 - [TEST_STEP][PASSED] - delay: Delayed 2 second(s)

2018-05-22 19:54:28 - [MESSAGE][PASSED] - Delayed 2 second(s)

2018-05-22 19:54:28 - [TEST_STEP][PASSED] - Statement - out.println("BatchQty : " + batchqty): null

2018-05-22 19:54:28 - [TEST_STEP][PASSED] - Statement - out.println("RQty : " + Rqty): null

2018-05-22 19:54:28 - [TEST_STEP][PASSED] - Statement - If (java.lang.Integer.valueOf(batchqty) >= java.lang.Integer.valueOf(Rqty)): null

2018-05-22 19:54:28 - [TEST_STEP][PASSED] - Statement - Break: null

2018-05-22 19:54:28 - [TEST_STEP][PASSED] - Statement - batchlength = new com.kms.katalon.core.testobject.TestObject(): null

2018-05-22 19:54:28 - [TEST_STEP][PASSED] - Statement - batchlength = com.kms.katalon.core.webui.keyword.WebUiBuiltInKeywords.modifyObjectProperty(batchlength, "xpath", "equals", "//*[@id = "fldvendor" + row + ""]", true): Modify property of object successfully

2018-05-22 19:54:28 - [MESSAGE][PASSED] - Modify property of object successfully

2018-05-22 19:54:28 - [TEST_STEP][PASSED] - Statement - batchsize = com.kms.katalon.core.webui.keyword.WebUiBuiltInKeywords.getNumberOfTotalOption(batchlength): 10 options of object '' counted

2018-05-22 19:54:28 - [MESSAGE][PASSED] - 10 options of object '' counted

2018-05-22 19:54:28 - [TEST_STEP][PASSED] - Statement - out.println("BatchSize : " + batchsize): null

2018-05-22 19:54:28 - [TEST_STEP][PASSED] - Statement - For ([n = 1, n <= batchsize - 1, (n++)]): null

2018-05-22 19:54:28 - [TEST_STEP][PASSED] - Statement - product = new com.kms.katalon.core.testobject.TestObject(): null

2018-05-22 19:54:28 - [TEST_STEP][PASSED] - Statement - product = com.kms.katalon.core.webui.keyword.WebUiBuiltInKeywords.modifyObjectProperty(product, "xpath", "equals", "//*[@id = "fldvendor" + row + ""]", true): Modify property of object successfully

2018-05-22 19:54:28 - [MESSAGE][PASSED] - Modify property of object successfully

2018-05-22 19:54:28 - [TEST_STEP][PASSED] - selectOptionByIndex: All options with index in [1] are selected on object ''

2018-05-22 19:54:28 - [MESSAGE][PASSED] - All options with index in [1] are selected on object ''

2018-05-22 19:54:28 - [TEST_STEP][PASSED] - Statement - batch = new com.kms.katalon.core.testobject.TestObject(): null

2018-05-22 19:54:28 - [TEST_STEP][PASSED] - Statement - batch = com.kms.katalon.core.webui.keyword.WebUiBuiltInKeywords.modifyObjectProperty(batch, "xpath", "equals", "//*[@id = "txtbthqty" + row + ""]", true): Modify property of object successfully

2018-05-22 19:54:28 - [MESSAGE][PASSED] - Modify property of object successfully

2018-05-22 19:54:28 - [TEST_STEP][PASSED] - Statement - batchqty = com.kms.katalon.core.webui.keyword.WebUiBuiltInKeywords.getAttribute(batch, "value").trim(): Attribute 'value' of object '' is: '4100'

2018-05-22 19:54:28 - [MESSAGE][PASSED] - Attribute 'value' of object '' is: '4100'

2018-05-22 19:54:28 - [TEST_STEP][PASSED] - Statement - Rqty = 100: null

2018-05-22 19:54:28 - [TEST_STEP][PASSED] - delay: Delayed 2 second(s)

2018-05-22 19:54:30 - [MESSAGE][PASSED] - Delayed 2 second(s)

2018-05-22 19:54:30 - [TEST_STEP][PASSED] - Statement - out.println("BatchQty : " + batchqty): null

2018-05-22 19:54:30 - [TEST_STEP][PASSED] - Statement - out.println("RQty : " + Rqty): null

2018-05-22 19:54:30 - [TEST_STEP][PASSED] - Statement - If (java.lang.Integer.valueOf(batchqty) >= java.lang.Integer.valueOf(Rqty)): null

2018-05-22 19:54:30 - [TEST_STEP][PASSED] - Statement - Break: null

2018-05-22 19:54:30 - [TEST_STEP][PASSED] - Statement - batchlength = new com.kms.katalon.core.testobject.TestObject(): null

2018-05-22 19:54:30 - [TEST_STEP][PASSED] - Statement - batchlength = com.kms.katalon.core.webui.keyword.WebUiBuiltInKeywords.modifyObjectProperty(batchlength, "xpath", "equals", "//*[@id = "fldvendor" + row + ""]", true): Modify property of object successfully

2018-05-22 19:54:30 - [MESSAGE][PASSED] - Modify property of object successfully

2018-05-22 19:54:30 - [TEST_STEP][PASSED] - Statement - batchsize = com.kms.katalon.core.webui.keyword.WebUiBuiltInKeywords.getNumberOfTotalOption(batchlength): 10 options of object '' counted

2018-05-22 19:54:30 - [MESSAGE][PASSED] - 10 options of object '' counted

2018-05-22 19:54:30 - [TEST_STEP][PASSED] - Statement - out.println("BatchSize : " + batchsize): null

2018-05-22 19:54:30 - [TEST_STEP][PASSED] - Statement - For ([n = 1, n <= batchsize - 1, (n++)]): null

2018-05-22 19:54:30 - [TEST_STEP][PASSED] - Statement - product = new com.kms.katalon.core.testobject.TestObject(): null

2018-05-22 19:54:30 - [TEST_STEP][PASSED] - Statement - product = com.kms.katalon.core.webui.keyword.WebUiBuiltInKeywords.modifyObjectProperty(product, "xpath", "equals", "//*[@id = "fldvendor" + row + ""]", true): Modify property of object successfully

2018-05-22 19:54:30 - [MESSAGE][PASSED] - Modify property of object successfully

2018-05-22 19:54:30 - [TEST_STEP][PASSED] - selectOptionByIndex: All options with index in [1] are selected on object ''

2018-05-22 19:54:30 - [MESSAGE][PASSED] - All options with index in [1] are selected on object ''

2018-05-22 19:54:30 - [TEST_STEP][PASSED] - Statement - batch = new com.kms.katalon.core.testobject.TestObject(): null

2018-05-22 19:54:30 - [TEST_STEP][PASSED] - Statement - batch = com.kms.katalon.core.webui.keyword.WebUiBuiltInKeywords.modifyObjectProperty(batch, "xpath", "equals", "//*[@id = "txtbthqty" + row + ""]", true): Modify property of object successfully

2018-05-22 19:54:30 - [MESSAGE][PASSED] - Modify property of object successfully

2018-05-22 19:54:30 - [TEST_STEP][PASSED] - Statement - batchqty = com.kms.katalon.core.webui.keyword.WebUiBuiltInKeywords.getAttribute(batch, "value").trim(): Attribute 'value' of object '' is: '28000'

2018-05-22 19:54:30 - [MESSAGE][PASSED] - Attribute 'value' of object '' is: '28000'

2018-05-22 19:54:30 - [TEST_STEP][PASSED] - Statement - Rqty = 100: null

2018-05-22 19:54:30 - [TEST_STEP][PASSED] - delay: Delayed 2 second(s)

2018-05-22 19:54:32 - [MESSAGE][PASSED] - Delayed 2 second(s)

2018-05-22 19:54:32 - [TEST_STEP][PASSED] - Statement - out.println("BatchQty : " + batchqty): null

2018-05-22 19:54:32 - [TEST_STEP][PASSED] - Statement - out.println("RQty : " + Rqty): null

2018-05-22 19:54:32 - [TEST_STEP][PASSED] - Statement - If (java.lang.Integer.valueOf(batchqty) >= java.lang.Integer.valueOf(Rqty)): null

2018-05-22 19:54:32 - [TEST_STEP][PASSED] - Statement - Break: null

2018-05-22 19:54:32 - [TEST_STEP][PASSED] - Statement - batchlength = new com.kms.katalon.core.testobject.TestObject(): null

2018-05-22 19:54:32 - [TEST_STEP][PASSED] - Statement - batchlength = com.kms.katalon.core.webui.keyword.WebUiBuiltInKeywords.modifyObjectProperty(batchlength, "xpath", "equals", "//*[@id = "fldvendor" + row + ""]", true): Modify property of object successfully

2018-05-22 19:54:32 - [MESSAGE][PASSED] - Modify property of object successfully

2018-05-22 19:54:32 - [TEST_STEP][PASSED] - Statement - batchsize = com.kms.katalon.core.webui.keyword.WebUiBuiltInKeywords.getNumberOfTotalOption(batchlength): 10 options of object '' counted

2018-05-22 19:54:32 - [MESSAGE][PASSED] - 10 options of object '' counted

2018-05-22 19:54:32 - [TEST_STEP][PASSED] - Statement - out.println("BatchSize : " + batchsize): null

2018-05-22 19:54:32 - [TEST_STEP][PASSED] - Statement - For ([n = 1, n <= batchsize - 1, (n++)]): null

2018-05-22 19:54:32 - [TEST_STEP][PASSED] - Statement - product = new com.kms.katalon.core.testobject.TestObject(): null

2018-05-22 19:54:32 - [TEST_STEP][PASSED] - Statement - product = com.kms.katalon.core.webui.keyword.WebUiBuiltInKeywords.modifyObjectProperty(product, "xpath", "equals", "//*[@id = "fldvendor" + row + ""]", true): Modify property of object successfully

2018-05-22 19:54:32 - [MESSAGE][PASSED] - Modify property of object successfully

2018-05-22 19:54:32 - [TEST_STEP][PASSED] - selectOptionByIndex: All options with index in [1] are selected on object ''

2018-05-22 19:54:32 - [MESSAGE][PASSED] - All options with index in [1] are selected on object ''

2018-05-22 19:54:32 - [TEST_STEP][PASSED] - Statement - batch = new com.kms.katalon.core.testobject.TestObject(): null

2018-05-22 19:54:32 - [TEST_STEP][PASSED] - Statement - batch = com.kms.katalon.core.webui.keyword.WebUiBuiltInKeywords.modifyObjectProperty(batch, "xpath", "equals", "//*[@id = "txtbthqty" + row + ""]", true): Modify property of object successfully

2018-05-22 19:54:32 - [MESSAGE][PASSED] - Modify property of object successfully

2018-05-22 19:54:32 - [TEST_STEP][PASSED] - Statement - batchqty = com.kms.katalon.core.webui.keyword.WebUiBuiltInKeywords.getAttribute(batch, "value").trim(): Attribute 'value' of object '' is: '4100'

2018-05-22 19:54:32 - [MESSAGE][PASSED] - Attribute 'value' of object '' is: '4100'

2018-05-22 19:54:32 - [TEST_STEP][PASSED] - Statement - Rqty = 100: null

2018-05-22 19:54:32 - [TEST_STEP][PASSED] - delay: Delayed 2 second(s)

2018-05-22 19:54:34 - [MESSAGE][PASSED] - Delayed 2 second(s)

2018-05-22 19:54:34 - [TEST_STEP][PASSED] - Statement - out.println("BatchQty : " + batchqty): null

2018-05-22 19:54:34 - [TEST_STEP][PASSED] - Statement - out.println("RQty : " + Rqty): null

2018-05-22 19:54:34 - [TEST_STEP][PASSED] - Statement - If (java.lang.Integer.valueOf(batchqty) >= java.lang.Integer.valueOf(Rqty)): null

2018-05-22 19:54:34 - [TEST_STEP][PASSED] - Statement - Break: null

2018-05-22 19:54:34 - [TEST_STEP][PASSED] - Statement - batchlength = new com.kms.katalon.core.testobject.TestObject(): null

2018-05-22 19:54:34 - [TEST_STEP][PASSED] - Statement - batchlength = com.kms.katalon.core.webui.keyword.WebUiBuiltInKeywords.modifyObjectProperty(batchlength, "xpath", "equals", "//*[@id = "fldvendor" + row + ""]", true): Modify property of object successfully

2018-05-22 19:54:34 - [MESSAGE][PASSED] - Modify property of object successfully

2018-05-22 19:54:34 - [TEST_STEP][PASSED] - Statement - batchsize = com.kms.katalon.core.webui.keyword.WebUiBuiltInKeywords.getNumberOfTotalOption(batchlength): 19 options of object '' counted

2018-05-22 19:54:35 - [MESSAGE][PASSED] - 19 options of object '' counted

2018-05-22 19:54:35 - [TEST_STEP][PASSED] - Statement - out.println("BatchSize : " + batchsize): null

2018-05-22 19:54:35 - [TEST_STEP][PASSED] - Statement - For ([n = 1, n <= batchsize - 1, (n++)]): null

2018-05-22 19:54:35 - [TEST_STEP][PASSED] - Statement - product = new com.kms.katalon.core.testobject.TestObject(): null

2018-05-22 19:54:35 - [TEST_STEP][PASSED] - Statement - product = com.kms.katalon.core.webui.keyword.WebUiBuiltInKeywords.modifyObjectProperty(product, "xpath", "equals", "//*[@id = "fldvendor" + row + ""]", true): Modify property of object successfully

2018-05-22 19:54:35 - [MESSAGE][PASSED] - Modify property of object successfully

2018-05-22 19:54:35 - [TEST_STEP][PASSED] - selectOptionByIndex: All options with index in [1] are selected on object ''

2018-05-22 19:54:35 - [MESSAGE][PASSED] - All options with index in [1] are selected on object ''

2018-05-22 19:54:35 - [TEST_STEP][PASSED] - Statement - batch = new com.kms.katalon.core.testobject.TestObject(): null

2018-05-22 19:54:35 - [TEST_STEP][PASSED] - Statement - batch = com.kms.katalon.core.webui.keyword.WebUiBuiltInKeywords.modifyObjectProperty(batch, "xpath", "equals", "//*[@id = "txtbthqty" + row + ""]", true): Modify property of object successfully

2018-05-22 19:54:35 - [MESSAGE][PASSED] - Modify property of object successfully

2018-05-22 19:54:35 - [TEST_STEP][PASSED] - Statement - batchqty = com.kms.katalon.core.webui.keyword.WebUiBuiltInKeywords.getAttribute(batch, "value").trim(): Attribute 'value' of object '' is: '6200'

2018-05-22 19:54:35 - [MESSAGE][PASSED] - Attribute 'value' of object '' is: '6200'

2018-05-22 19:54:35 - [TEST_STEP][PASSED] - Statement - Rqty = 100: null

2018-05-22 19:54:35 - [TEST_STEP][PASSED] - delay: Delayed 2 second(s)

2018-05-22 19:54:37 - [MESSAGE][PASSED] - Delayed 2 second(s)

2018-05-22 19:54:37 - [TEST_STEP][PASSED] - Statement - out.println("BatchQty : " + batchqty): null

2018-05-22 19:54:37 - [TEST_STEP][PASSED] - Statement - out.println("RQty : " + Rqty): null

2018-05-22 19:54:37 - [TEST_STEP][PASSED] - Statement - If (java.lang.Integer.valueOf(batchqty) >= java.lang.Integer.valueOf(Rqty)): null

2018-05-22 19:54:37 - [TEST_STEP][PASSED] - Statement - Break: null

2018-05-22 19:54:37 - [TEST_STEP][PASSED] - Statement - batchlength = new com.kms.katalon.core.testobject.TestObject(): null

2018-05-22 19:54:37 - [TEST_STEP][PASSED] - Statement - batchlength = com.kms.katalon.core.webui.keyword.WebUiBuiltInKeywords.modifyObjectProperty(batchlength, "xpath", "equals", "//*[@id = "fldvendor" + row + ""]", true): Modify property of object successfully

2018-05-22 19:54:37 - [MESSAGE][PASSED] - Modify property of object successfully

2018-05-22 19:54:37 - [TEST_STEP][PASSED] - Statement - batchsize = com.kms.katalon.core.webui.keyword.WebUiBuiltInKeywords.getNumberOfTotalOption(batchlength): 19 options of object '' counted

2018-05-22 19:54:37 - [MESSAGE][PASSED] - 19 options of object '' counted

2018-05-22 19:54:37 - [TEST_STEP][PASSED] - Statement - out.println("BatchSize : " + batchsize): null

2018-05-22 19:54:37 - [TEST_STEP][PASSED] - Statement - For ([n = 1, n <= batchsize - 1, (n++)]): null

2018-05-22 19:54:37 - [TEST_STEP][PASSED] - Statement - product = new com.kms.katalon.core.testobject.TestObject(): null

2018-05-22 19:54:37 - [TEST_STEP][PASSED] - Statement - product = com.kms.katalon.core.webui.keyword.WebUiBuiltInKeywords.modifyObjectProperty(product, "xpath", "equals", "//*[@id = "fldvendor" + row + ""]", true): Modify property of object successfully

2018-05-22 19:54:37 - [MESSAGE][PASSED] - Modify property of object successfully

2018-05-22 19:54:37 - [TEST_STEP][PASSED] - selectOptionByIndex: All options with index in [1] are selected on object ''

2018-05-22 19:54:37 - [MESSAGE][PASSED] - All options with index in [1] are selected on object ''

2018-05-22 19:54:37 - [TEST_STEP][PASSED] - Statement - batch = new com.kms.katalon.core.testobject.TestObject(): null

2018-05-22 19:54:37 - [TEST_STEP][PASSED] - Statement - batch = com.kms.katalon.core.webui.keyword.WebUiBuiltInKeywords.modifyObjectProperty(batch, "xpath", "equals", "//*[@id = "txtbthqty" + row + ""]", true): Modify property of object successfully

2018-05-22 19:54:37 - [MESSAGE][PASSED] - Modify property of object successfully

2018-05-22 19:54:37 - [TEST_STEP][PASSED] - Statement - batchqty = com.kms.katalon.core.webui.keyword.WebUiBuiltInKeywords.getAttribute(batch, "value").trim(): Attribute 'value' of object '' is: '6200'

2018-05-22 19:54:37 - [MESSAGE][PASSED] - Attribute 'value' of object '' is: '6200'

2018-05-22 19:54:37 - [TEST_STEP][PASSED] - Statement - Rqty = 100: null

2018-05-22 19:54:37 - [TEST_STEP][PASSED] - delay: Delayed 2 second(s)

2018-05-22 19:54:39 - [MESSAGE][PASSED] - Delayed 2 second(s)

2018-05-22 19:54:39 - [TEST_STEP][PASSED] - Statement - out.println("BatchQty : " + batchqty): null

2018-05-22 19:54:39 - [TEST_STEP][PASSED] - Statement - out.println("RQty : " + Rqty): null

2018-05-22 19:54:39 - [TEST_STEP][PASSED] - Statement - If (java.lang.Integer.valueOf(batchqty) >= java.lang.Integer.valueOf(Rqty)): null

2018-05-22 19:54:39 - [TEST_STEP][PASSED] - Statement - Break: null

2018-05-22 19:54:39 - [TEST_STEP][PASSED] - Statement - batchlength = new com.kms.katalon.core.testobject.TestObject(): null

2018-05-22 19:54:39 - [TEST_STEP][PASSED] - Statement - batchlength = com.kms.katalon.core.webui.keyword.WebUiBuiltInKeywords.modifyObjectProperty(batchlength, "xpath", "equals", "//*[@id = "fldvendor" + row + ""]", true): Modify property of object successfully

2018-05-22 19:54:39 - [MESSAGE][PASSED] - Modify property of object successfully

2018-05-22 19:54:39 - [TEST_STEP][PASSED] - Statement - batchsize = com.kms.katalon.core.webui.keyword.WebUiBuiltInKeywords.getNumberOfTotalOption(batchlength): 10 options of object '' counted

2018-05-22 19:54:39 - [MESSAGE][PASSED] - 10 options of object '' counted

2018-05-22 19:54:39 - [TEST_STEP][PASSED] - Statement - out.println("BatchSize : " + batchsize): null

2018-05-22 19:54:39 - [TEST_STEP][PASSED] - Statement - For ([n = 1, n <= batchsize - 1, (n++)]): null

2018-05-22 19:54:39 - [TEST_STEP][PASSED] - Statement - product = new com.kms.katalon.core.testobject.TestObject(): null

2018-05-22 19:54:39 - [TEST_STEP][PASSED] - Statement - product = com.kms.katalon.core.webui.keyword.WebUiBuiltInKeywords.modifyObjectProperty(product, "xpath", "equals", "//*[@id = "fldvendor" + row + ""]", true): Modify property of object successfully

2018-05-22 19:54:39 - [MESSAGE][PASSED] - Modify property of object successfully

2018-05-22 19:54:39 - [TEST_STEP][PASSED] - selectOptionByIndex: All options with index in [1] are selected on object ''

2018-05-22 19:54:39 - [MESSAGE][PASSED] - All options with index in [1] are selected on object ''

2018-05-22 19:54:39 - [TEST_STEP][PASSED] - Statement - batch = new com.kms.katalon.core.testobject.TestObject(): null

2018-05-22 19:54:39 - [TEST_STEP][PASSED] - Statement - batch = com.kms.katalon.core.webui.keyword.WebUiBuiltInKeywords.modifyObjectProperty(batch, "xpath", "equals", "//*[@id = "txtbthqty" + row + ""]", true): Modify property of object successfully

2018-05-22 19:54:39 - [MESSAGE][PASSED] - Modify property of object successfully

2018-05-22 19:54:39 - [TEST_STEP][PASSED] - Statement - batchqty = com.kms.katalon.core.webui.keyword.WebUiBuiltInKeywords.getAttribute(batch, "value").trim(): Attribute 'value' of object '' is: '4100'

2018-05-22 19:54:39 - [MESSAGE][PASSED] - Attribute 'value' of object '' is: '4100'

2018-05-22 19:54:39 - [TEST_STEP][PASSED] - Statement - Rqty = 100: null

2018-05-22 19:54:39 - [TEST_STEP][PASSED] - delay: Delayed 2 second(s)

2018-05-22 19:54:41 - [MESSAGE][PASSED] - Delayed 2 second(s)

2018-05-22 19:54:41 - [TEST_STEP][PASSED] - Statement - out.println("BatchQty : " + batchqty): null

2018-05-22 19:54:41 - [TEST_STEP][PASSED] - Statement - out.println("RQty : " + Rqty): null

2018-05-22 19:54:41 - [TEST_STEP][PASSED] - Statement - If (java.lang.Integer.valueOf(batchqty) >= java.lang.Integer.valueOf(Rqty)): null

2018-05-22 19:54:41 - [TEST_STEP][PASSED] - Statement - Break: null

2018-05-22 19:54:41 - [TEST_STEP][PASSED] - Statement - batchlength = new com.kms.katalon.core.testobject.TestObject(): null

2018-05-22 19:54:41 - [TEST_STEP][PASSED] - Statement - batchlength = com.kms.katalon.core.webui.keyword.WebUiBuiltInKeywords.modifyObjectProperty(batchlength, "xpath", "equals", "//*[@id = "fldvendor" + row + ""]", true): Modify property of object successfully

2018-05-22 19:54:41 - [MESSAGE][PASSED] - Modify property of object successfully

2018-05-22 19:54:41 - [TEST_STEP][PASSED] - Statement - batchsize = com.kms.katalon.core.webui.keyword.WebUiBuiltInKeywords.getNumberOfTotalOption(batchlength): 10 options of object '' counted

2018-05-22 19:54:42 - [MESSAGE][PASSED] - 10 options of object '' counted

2018-05-22 19:54:42 - [TEST_STEP][PASSED] - Statement - out.println("BatchSize : " + batchsize): null

2018-05-22 19:54:42 - [TEST_STEP][PASSED] - Statement - For ([n = 1, n <= batchsize - 1, (n++)]): null

2018-05-22 19:54:42 - [TEST_STEP][PASSED] - Statement - product = new com.kms.katalon.core.testobject.TestObject(): null

2018-05-22 19:54:42 - [TEST_STEP][PASSED] - Statement - product = com.kms.katalon.core.webui.keyword.WebUiBuiltInKeywords.modifyObjectProperty(product, "xpath", "equals", "//*[@id = "fldvendor" + row + ""]", true): Modify property of object successfully

2018-05-22 19:54:42 - [MESSAGE][PASSED] - Modify property of object successfully

2018-05-22 19:54:42 - [TEST_STEP][PASSED] - selectOptionByIndex: All options with index in [1] are selected on object ''

2018-05-22 19:54:42 - [MESSAGE][PASSED] - All options with index in [1] are selected on object ''

2018-05-22 19:54:42 - [TEST_STEP][PASSED] - Statement - batch = new com.kms.katalon.core.testobject.TestObject(): null

2018-05-22 19:54:42 - [TEST_STEP][PASSED] - Statement - batch = com.kms.katalon.core.webui.keyword.WebUiBuiltInKeywords.modifyObjectProperty(batch, "xpath", "equals", "//*[@id = "txtbthqty" + row + ""]", true): Modify property of object successfully

2018-05-22 19:54:42 - [MESSAGE][PASSED] - Modify property of object successfully

2018-05-22 19:54:42 - [TEST_STEP][PASSED] - Statement - batchqty = com.kms.katalon.core.webui.keyword.WebUiBuiltInKeywords.getAttribute(batch, "value").trim(): Attribute 'value' of object '' is: '28000'

2018-05-22 19:54:42 - [MESSAGE][PASSED] - Attribute 'value' of object '' is: '28000'

2018-05-22 19:54:42 - [TEST_STEP][PASSED] - Statement - Rqty = 100: null

2018-05-22 19:54:42 - [TEST_STEP][PASSED] - delay: Delayed 2 second(s)

2018-05-22 19:54:44 - [MESSAGE][PASSED] - Delayed 2 second(s)

2018-05-22 19:54:44 - [TEST_STEP][PASSED] - Statement - out.println("BatchQty : " + batchqty): null

2018-05-22 19:54:44 - [TEST_STEP][PASSED] - Statement - out.println("RQty : " + Rqty): null

2018-05-22 19:54:44 - [TEST_STEP][PASSED] - Statement - If (java.lang.Integer.valueOf(batchqty) >= java.lang.Integer.valueOf(Rqty)): null

2018-05-22 19:54:44 - [TEST_STEP][PASSED] - Statement - Break: null

2018-05-22 19:54:44 - [TEST_STEP][PASSED] - delay: Delayed 2 second(s)

2018-05-22 19:54:46 - [MESSAGE][PASSED] - Delayed 2 second(s)

2018-05-22 19:54:46 - [TEST_STEP][PASSED] - click: Object: 'Object Repository/DispensaryToCms/Page_KDMC - CMS/input_btndispatch' is clicked on

2018-05-22 19:54:46 - [MESSAGE][PASSED] - Object: 'Object Repository/DispensaryToCms/Page_KDMC - CMS/input_btndispatch' is clicked on

2018-05-22 19:54:46 - [TEST_STEP][PASSED] - delay: Delayed 3 second(s)

2018-05-22 19:54:49 - [MESSAGE][PASSED] - Delayed 3 second(s)

2018-05-22 19:54:49 - [TEST_STEP][PASSED] - click: Object: 'Object Repository/DispensaryToCms/Page_KDMC - CMS/button_OK' is clicked on

2018-05-22 19:54:50 - [MESSAGE][PASSED] - Object: 'Object Repository/DispensaryToCms/Page_KDMC - CMS/button_OK' is clicked on

2018-05-22 19:54:50 - [TEST_STEP][PASSED] - delay: Delayed 3 second(s)

2018-05-22 19:54:53 - [MESSAGE][PASSED] - Delayed 3 second(s)

2018-05-22 19:54:53 - [TEST_STEP][PASSED] - waitForElementPresent: Object 'Object Repository/DispensaryToStore/Page_Dispensary Store/a_dropdown-toggle' is not present after 20 second(s)

2018-05-22 19:55:13 - [MESSAGE][WARNING] - Object 'Object Repository/DispensaryToStore/Page_Dispensary Store/a_dropdown-toggle' is not present after 20 second(s)

2018-05-22 19:55:13 - [TEST_STEP][PASSED] - click: Object: 'Object Repository/DispensaryToCms/Page_KDMC - CMS/a_dropdown-toggle' is clicked on

2018-05-22 19:55:14 - [MESSAGE][PASSED] - Object: 'Object Repository/DispensaryToCms/Page_KDMC - CMS/a_dropdown-toggle' is clicked on

2018-05-22 19:55:14 - [TEST_STEP][PASSED] - click: Object: 'Object Repository/DispensaryToCms/Page_KDMC - CMS/a_Sign out' is clicked on

2018-05-22 19:55:14 - [MESSAGE][PASSED] - Object: 'Object Repository/DispensaryToCms/Page_KDMC - CMS/a_Sign out' is clicked on

2018-05-22 19:55:14 - [TEST_STEP][PASSED] - delay: Delayed 3 second(s)

2018-05-22 19:55:17 - [MESSAGE][PASSED] - Delayed 3 second(s)

2018-05-22 19:55:17 - [TEST_STEP][PASSED] - navigateToUrl: Navigate to 'http://192.168.137.1/multihospital_new/HDSplashscreen.aspx' successfully

2018-05-22 19:55:18 - [MESSAGE][PASSED] - Navigate to 'http://192.168.137.1/multihospital_new/HDSplashscreen.aspx' successfully

2018-05-22 19:55:18 - [TEST_STEP][PASSED] - click: Object: 'Object Repository/DispensaryToCms/Page_KDMC/a_Dispensary Store' is clicked on

2018-05-22 19:55:18 - [MESSAGE][PASSED] - Object: 'Object Repository/DispensaryToCms/Page_KDMC/a_Dispensary Store' is clicked on

2018-05-22 19:55:18 - [TEST_STEP][PASSED] - setText: Text 'rajaram' is set on object 'Object Repository/DispensaryToCms/Page_Dispensary Store Login/input_txtusername'

2018-05-22 19:55:18 - [MESSAGE][PASSED] - Text 'rajaram' is set on object 'Object Repository/DispensaryToCms/Page_Dispensary Store Login/input_txtusername'

2018-05-22 19:55:18 - [TEST_STEP][PASSED] - setText: Text '123' is set on object 'Object Repository/DispensaryToCms/Page_Dispensary Store Login/input_txtpassword'

2018-05-22 19:55:18 - [MESSAGE][PASSED] - Text '123' is set on object 'Object Repository/DispensaryToCms/Page_Dispensary Store Login/input_txtpassword'

2018-05-22 19:55:18 - [TEST_STEP][PASSED] - delay: Delayed 3 second(s)

2018-05-22 19:55:21 - [MESSAGE][PASSED] - Delayed 3 second(s)

2018-05-22 19:55:21 - [TEST_STEP][PASSED] - click: Object: 'Object Repository/DispensaryToCms/Page_Dispensary Store Login/button_Sign in' is clicked on

2018-05-22 19:55:22 - [MESSAGE][PASSED] - Object: 'Object Repository/DispensaryToCms/Page_Dispensary Store Login/button_Sign in' is clicked on

2018-05-22 19:55:22 - [TEST_STEP][PASSED] - delay: Delayed 3 second(s)

2018-05-22 19:55:25 - [MESSAGE][PASSED] - Delayed 3 second(s)

2018-05-22 19:55:25 - [TEST_STEP][PASSED] - click: Object: 'Object Repository/DispensaryToCms/Page_Dispensary Store/a_CMS' is clicked on

2018-05-22 19:55:26 - [MESSAGE][PASSED] - Object: 'Object Repository/DispensaryToCms/Page_Dispensary Store/a_CMS' is clicked on

2018-05-22 19:55:26 - [TEST_STEP][PASSED] - delay: Delayed 2 second(s)

2018-05-22 19:55:28 - [MESSAGE][PASSED] - Delayed 2 second(s)

2018-05-22 19:55:28 - [TEST_STEP][PASSED] - click: Object: 'Object Repository/DispensaryToCms/Page_Dispensary Store/a_Receiving Goods' is clicked on

2018-05-22 19:55:28 - [MESSAGE][PASSED] - Object: 'Object Repository/DispensaryToCms/Page_Dispensary Store/a_Receiving Goods' is clicked on

2018-05-22 19:55:28 - [TEST_STEP][PASSED] - setText: Text 'PRNO/22052018/347' is set on object 'Object Repository/DispensaryToCms/Page_Dispensary Store/input'

2018-05-22 19:55:29 - [MESSAGE][PASSED] - Text 'PRNO/22052018/347' is set on object 'Object Repository/DispensaryToCms/Page_Dispensary Store/input'

2018-05-22 19:55:29 - [TEST_STEP][PASSED] - click: Object: 'Object Repository/DispensaryToCms/Page_Dispensary Store/input_PRNO18052018174' is clicked on

2018-05-22 19:55:29 - [MESSAGE][PASSED] - Object: 'Object Repository/DispensaryToCms/Page_Dispensary Store/input_PRNO18052018174' is clicked on

2018-05-22 19:55:29 - [TEST_STEP][PASSED] - delay: Delayed 2 second(s)

2018-05-22 19:55:31 - [MESSAGE][PASSED] - Delayed 2 second(s)

2018-05-22 19:55:31 - [TEST_STEP][PASSED] - click: Object: 'Object Repository/DispensaryToCms/Page_Dispensary Store/input_chkrem' is clicked on

2018-05-22 19:55:31 - [MESSAGE][PASSED] - Object: 'Object Repository/DispensaryToCms/Page_Dispensary Store/input_chkrem' is clicked on

2018-05-22 19:55:31 - [TEST_STEP][PASSED] - scrollToElement: Scroll to object 'Object Repository/DispensaryToCms/Page_Dispensary Store/input_btchkroqadd' successfully

2018-05-22 19:55:31 - [MESSAGE][PASSED] - Scroll to object 'Object Repository/DispensaryToCms/Page_Dispensary Store/input_btchkroqadd' successfully

2018-05-22 19:55:31 - [TEST_STEP][PASSED] - click: Object: 'Object Repository/DispensaryToCms/Page_Dispensary Store/input_btchkroqadd' is clicked on

2018-05-22 19:55:31 - [MESSAGE][PASSED] - Object: 'Object Repository/DispensaryToCms/Page_Dispensary Store/input_btchkroqadd' is clicked on

2018-05-22 19:55:31 - [TEST_STEP][PASSED] - delay: Delayed 2 second(s)

2018-05-22 19:55:33 - [MESSAGE][PASSED] - Delayed 2 second(s)

2018-05-22 19:55:33 - [TEST_STEP][PASSED] - refresh: Refresh successfully

2018-05-22 19:55:34 - [MESSAGE][PASSED] - Refresh successfully

2018-05-22 19:55:34 - [TEST_STEP][PASSED] - delay: Delayed 3 second(s)

2018-05-22 19:55:37 - [MESSAGE][PASSED] - Delayed 3 second(s)

2018-05-22 19:55:37 - [TEST_STEP][PASSED] - waitForElementPresent: Object 'Object Repository/DispensaryToStore/Page_Dispensary Store/a_dropdown-toggle' is present

2018-05-22 19:55:37 - [MESSAGE][PASSED] - Object 'Object Repository/DispensaryToStore/Page_Dispensary Store/a_dropdown-toggle' is present

2018-05-22 19:55:37 - [TEST_STEP][PASSED] - click: Object: 'Object Repository/DispensaryToCms/Page_Dispensary Store/a_dropdown-toggle' is clicked on

2018-05-22 19:55:37 - [MESSAGE][PASSED] - Object: 'Object Repository/DispensaryToCms/Page_Dispensary Store/a_dropdown-toggle' is clicked on

2018-05-22 19:55:37 - [TEST_STEP][PASSED] - click: Object: 'Object Repository/DispensaryToCms/Page_Dispensary Store/a_Sign out' is clicked on

2018-05-22 19:55:37 - [MESSAGE][PASSED] - Object: 'Object Repository/DispensaryToCms/Page_Dispensary Store/a_Sign out' is clicked on

2018-05-22 19:55:37 - [TEST_STEP][PASSED] - closeBrowser: Browser is closed

2018-05-22 19:55:38 - [MESSAGE][PASSED] - Browser is closed]]></system-out>
         <system-err><![CDATA[]]></system-err>
      </testcase>
      <testcase name="Test Cases/DISPENSARY TEST CASES/TC_DP_021 Verify Schedule 9 Dispensary To CMS Request Are Working Successfully Or Not" classname="Test Cases/DISPENSARY TEST CASES/TC_DP_021 Verify Schedule 9 Dispensary To CMS Request Are Working Successfully Or Not" status="PASSED">
         <system-out><![CDATA[2018-05-22 19:55:38 - [TEST_CASE][PASSED] - Test Cases/DISPENSARY TEST CASES/TC_DP_021 Verify Schedule 9 Dispensary To CMS Request Are Working Successfully Or Not: Test Cases/DISPENSARY TEST CASES/TC_DP_021 Verify Schedule 9 Dispensary To CMS Request Are Working Successfully Or Not

2018-05-22 19:55:38 - [TEST_STEP][PASSED] - openBrowser: Browser is opened with url: ''

2018-05-22 19:55:41 - [MESSAGE][PASSED] - Browser is opened with url: ''

2018-05-22 19:55:41 - [TEST_STEP][PASSED] - navigateToUrl: Navigate to 'http://192.168.137.1/multihospital_new/HDSplashscreen.aspx' successfully

2018-05-22 19:55:44 - [MESSAGE][PASSED] - Navigate to 'http://192.168.137.1/multihospital_new/HDSplashscreen.aspx' successfully

2018-05-22 19:55:44 - [TEST_STEP][PASSED] - maximizeWindow: Current window maximized

2018-05-22 19:55:45 - [MESSAGE][PASSED] - Current window maximized

2018-05-22 19:55:45 - [TEST_STEP][PASSED] - click: Object: 'Object Repository/DispensaryToCms/Page_KDMC/a_Dispensary Store' is clicked on

2018-05-22 19:55:47 - [MESSAGE][PASSED] - Object: 'Object Repository/DispensaryToCms/Page_KDMC/a_Dispensary Store' is clicked on

2018-05-22 19:55:47 - [TEST_STEP][PASSED] - setText: Text 'rajaram' is set on object 'Object Repository/DispensaryToCms/Page_Dispensary Store Login/input_txtusername'

2018-05-22 19:55:47 - [MESSAGE][PASSED] - Text 'rajaram' is set on object 'Object Repository/DispensaryToCms/Page_Dispensary Store Login/input_txtusername'

2018-05-22 19:55:47 - [TEST_STEP][PASSED] - setText: Text '123' is set on object 'Object Repository/DispensaryToCms/Page_Dispensary Store Login/input_txtpassword'

2018-05-22 19:55:47 - [MESSAGE][PASSED] - Text '123' is set on object 'Object Repository/DispensaryToCms/Page_Dispensary Store Login/input_txtpassword'

2018-05-22 19:55:47 - [TEST_STEP][PASSED] - delay: Delayed 3 second(s)

2018-05-22 19:55:50 - [MESSAGE][PASSED] - Delayed 3 second(s)

2018-05-22 19:55:50 - [TEST_STEP][PASSED] - click: Object: 'Object Repository/DispensaryToCms/Page_Dispensary Store Login/button_Sign in' is clicked on

2018-05-22 19:55:52 - [MESSAGE][PASSED] - Object: 'Object Repository/DispensaryToCms/Page_Dispensary Store Login/button_Sign in' is clicked on

2018-05-22 19:55:52 - [TEST_STEP][PASSED] - delay: Delayed 3 second(s)

2018-05-22 19:55:55 - [MESSAGE][PASSED] - Delayed 3 second(s)

2018-05-22 19:55:55 - [TEST_STEP][PASSED] - click: Object: 'Object Repository/DispensaryToCms/Page_Dispensary Store/a_CMS' is clicked on

2018-05-22 19:55:55 - [MESSAGE][PASSED] - Object: 'Object Repository/DispensaryToCms/Page_Dispensary Store/a_CMS' is clicked on

2018-05-22 19:55:55 - [TEST_STEP][PASSED] - click: Object: 'Object Repository/DispensaryToCms/Page_Dispensary Store/a_Request Send' is clicked on

2018-05-22 19:55:56 - [MESSAGE][PASSED] - Object: 'Object Repository/DispensaryToCms/Page_Dispensary Store/a_Request Send' is clicked on

2018-05-22 19:55:56 - [TEST_STEP][PASSED] - delay: Delayed 2 second(s)

2018-05-22 19:55:58 - [MESSAGE][PASSED] - Delayed 2 second(s)

2018-05-22 19:55:58 - [TEST_STEP][PASSED] - selectOptionByIndex: All options with index in [2] are selected on object 'Object Repository/DispensaryToCms/Page_Dispensary Store/select_--Select--'

2018-05-22 19:55:58 - [MESSAGE][PASSED] - All options with index in [2] are selected on object 'Object Repository/DispensaryToCms/Page_Dispensary Store/select_--Select--'

2018-05-22 19:55:58 - [TEST_STEP][PASSED] - selectOptionByIndex: All options with index in [9] are selected on object 'Object Repository/DispensaryToCms/Page_Dispensary Store/select_--Select--Schedule 1Inj'

2018-05-22 19:55:59 - [MESSAGE][PASSED] - All options with index in [9] are selected on object 'Object Repository/DispensaryToCms/Page_Dispensary Store/select_--Select--Schedule 1Inj'

2018-05-22 19:55:59 - [TEST_STEP][PASSED] - Statement - medicineslength = com.kms.katalon.core.webui.keyword.WebUiBuiltInKeywords.getNumberOfTotalOption(com.kms.katalon.core.testobject.ObjectRepository.findTestObject(DispensaryToCms/Page_Dispensary Store/select_--Select--Adernaline 0.)): 36 options of object 'Object Repository/DispensaryToCms/Page_Dispensary Store/select_--Select--Adernaline 0.' counted

2018-05-22 19:55:59 - [MESSAGE][PASSED] - 36 options of object 'Object Repository/DispensaryToCms/Page_Dispensary Store/select_--Select--Adernaline 0.' counted

2018-05-22 19:55:59 - [TEST_STEP][PASSED] - Statement - For ([e = 1, e <= medicineslength - 1, (e++)]): Object: 'Object Repository/DispensaryToCms/Page_Dispensary Store/button_Add' is clicked on

2018-05-22 19:55:59 - [TEST_STEP][PASSED] - selectOptionByIndex: All options with index in [9] are selected on object 'Object Repository/DispensaryToCms/Page_Dispensary Store/select_--Select--Schedule 1Inj'

2018-05-22 19:55:59 - [MESSAGE][PASSED] - All options with index in [9] are selected on object 'Object Repository/DispensaryToCms/Page_Dispensary Store/select_--Select--Schedule 1Inj'

2018-05-22 19:55:59 - [TEST_STEP][PASSED] - selectOptionByIndex: All options with index in [1] are selected on object 'Object Repository/DispensaryToCms/Page_Dispensary Store/select_--Select--Adernaline 0.'

2018-05-22 19:55:59 - [MESSAGE][PASSED] - All options with index in [1] are selected on object 'Object Repository/DispensaryToCms/Page_Dispensary Store/select_--Select--Adernaline 0.'

2018-05-22 19:55:59 - [TEST_STEP][PASSED] - setText: Text '100' is set on object 'Object Repository/DispensaryToCms/Page_Dispensary Store/input_txttreat'

2018-05-22 19:55:59 - [MESSAGE][PASSED] - Text '100' is set on object 'Object Repository/DispensaryToCms/Page_Dispensary Store/input_txttreat'

2018-05-22 19:55:59 - [TEST_STEP][PASSED] - click: Object: 'Object Repository/DispensaryToCms/Page_Dispensary Store/button_Add' is clicked on

2018-05-22 19:55:59 - [MESSAGE][PASSED] - Object: 'Object Repository/DispensaryToCms/Page_Dispensary Store/button_Add' is clicked on

2018-05-22 19:55:59 - [TEST_STEP][PASSED] - selectOptionByIndex: All options with index in [9] are selected on object 'Object Repository/DispensaryToCms/Page_Dispensary Store/select_--Select--Schedule 1Inj'

2018-05-22 19:55:59 - [MESSAGE][PASSED] - All options with index in [9] are selected on object 'Object Repository/DispensaryToCms/Page_Dispensary Store/select_--Select--Schedule 1Inj'

2018-05-22 19:55:59 - [TEST_STEP][PASSED] - selectOptionByIndex: All options with index in [2] are selected on object 'Object Repository/DispensaryToCms/Page_Dispensary Store/select_--Select--Adernaline 0.'

2018-05-22 19:55:59 - [MESSAGE][PASSED] - All options with index in [2] are selected on object 'Object Repository/DispensaryToCms/Page_Dispensary Store/select_--Select--Adernaline 0.'

2018-05-22 19:55:59 - [TEST_STEP][PASSED] - setText: Text '100' is set on object 'Object Repository/DispensaryToCms/Page_Dispensary Store/input_txttreat'

2018-05-22 19:56:00 - [MESSAGE][PASSED] - Text '100' is set on object 'Object Repository/DispensaryToCms/Page_Dispensary Store/input_txttreat'

2018-05-22 19:56:00 - [TEST_STEP][PASSED] - click: Object: 'Object Repository/DispensaryToCms/Page_Dispensary Store/button_Add' is clicked on

2018-05-22 19:56:00 - [MESSAGE][PASSED] - Object: 'Object Repository/DispensaryToCms/Page_Dispensary Store/button_Add' is clicked on

2018-05-22 19:56:00 - [TEST_STEP][PASSED] - selectOptionByIndex: All options with index in [9] are selected on object 'Object Repository/DispensaryToCms/Page_Dispensary Store/select_--Select--Schedule 1Inj'

2018-05-22 19:56:00 - [MESSAGE][PASSED] - All options with index in [9] are selected on object 'Object Repository/DispensaryToCms/Page_Dispensary Store/select_--Select--Schedule 1Inj'

2018-05-22 19:56:00 - [TEST_STEP][PASSED] - selectOptionByIndex: All options with index in [3] are selected on object 'Object Repository/DispensaryToCms/Page_Dispensary Store/select_--Select--Adernaline 0.'

2018-05-22 19:56:00 - [MESSAGE][PASSED] - All options with index in [3] are selected on object 'Object Repository/DispensaryToCms/Page_Dispensary Store/select_--Select--Adernaline 0.'

2018-05-22 19:56:00 - [TEST_STEP][PASSED] - setText: Text '100' is set on object 'Object Repository/DispensaryToCms/Page_Dispensary Store/input_txttreat'

2018-05-22 19:56:00 - [MESSAGE][PASSED] - Text '100' is set on object 'Object Repository/DispensaryToCms/Page_Dispensary Store/input_txttreat'

2018-05-22 19:56:00 - [TEST_STEP][PASSED] - click: Object: 'Object Repository/DispensaryToCms/Page_Dispensary Store/button_Add' is clicked on

2018-05-22 19:56:00 - [MESSAGE][PASSED] - Object: 'Object Repository/DispensaryToCms/Page_Dispensary Store/button_Add' is clicked on

2018-05-22 19:56:00 - [TEST_STEP][PASSED] - selectOptionByIndex: All options with index in [9] are selected on object 'Object Repository/DispensaryToCms/Page_Dispensary Store/select_--Select--Schedule 1Inj'

2018-05-22 19:56:00 - [MESSAGE][PASSED] - All options with index in [9] are selected on object 'Object Repository/DispensaryToCms/Page_Dispensary Store/select_--Select--Schedule 1Inj'

2018-05-22 19:56:00 - [TEST_STEP][PASSED] - selectOptionByIndex: All options with index in [4] are selected on object 'Object Repository/DispensaryToCms/Page_Dispensary Store/select_--Select--Adernaline 0.'

2018-05-22 19:56:00 - [MESSAGE][PASSED] - All options with index in [4] are selected on object 'Object Repository/DispensaryToCms/Page_Dispensary Store/select_--Select--Adernaline 0.'

2018-05-22 19:56:00 - [TEST_STEP][PASSED] - setText: Text '100' is set on object 'Object Repository/DispensaryToCms/Page_Dispensary Store/input_txttreat'

2018-05-22 19:56:01 - [MESSAGE][PASSED] - Text '100' is set on object 'Object Repository/DispensaryToCms/Page_Dispensary Store/input_txttreat'

2018-05-22 19:56:01 - [TEST_STEP][PASSED] - click: Object: 'Object Repository/DispensaryToCms/Page_Dispensary Store/button_Add' is clicked on

2018-05-22 19:56:01 - [MESSAGE][PASSED] - Object: 'Object Repository/DispensaryToCms/Page_Dispensary Store/button_Add' is clicked on

2018-05-22 19:56:01 - [TEST_STEP][PASSED] - selectOptionByIndex: All options with index in [9] are selected on object 'Object Repository/DispensaryToCms/Page_Dispensary Store/select_--Select--Schedule 1Inj'

2018-05-22 19:56:01 - [MESSAGE][PASSED] - All options with index in [9] are selected on object 'Object Repository/DispensaryToCms/Page_Dispensary Store/select_--Select--Schedule 1Inj'

2018-05-22 19:56:01 - [TEST_STEP][PASSED] - selectOptionByIndex: All options with index in [5] are selected on object 'Object Repository/DispensaryToCms/Page_Dispensary Store/select_--Select--Adernaline 0.'

2018-05-22 19:56:01 - [MESSAGE][PASSED] - All options with index in [5] are selected on object 'Object Repository/DispensaryToCms/Page_Dispensary Store/select_--Select--Adernaline 0.'

2018-05-22 19:56:01 - [TEST_STEP][PASSED] - setText: Text '100' is set on object 'Object Repository/DispensaryToCms/Page_Dispensary Store/input_txttreat'

2018-05-22 19:56:01 - [MESSAGE][PASSED] - Text '100' is set on object 'Object Repository/DispensaryToCms/Page_Dispensary Store/input_txttreat'

2018-05-22 19:56:01 - [TEST_STEP][PASSED] - click: Object: 'Object Repository/DispensaryToCms/Page_Dispensary Store/button_Add' is clicked on

2018-05-22 19:56:01 - [MESSAGE][PASSED] - Object: 'Object Repository/DispensaryToCms/Page_Dispensary Store/button_Add' is clicked on

2018-05-22 19:56:01 - [TEST_STEP][PASSED] - selectOptionByIndex: All options with index in [9] are selected on object 'Object Repository/DispensaryToCms/Page_Dispensary Store/select_--Select--Schedule 1Inj'

2018-05-22 19:56:02 - [MESSAGE][PASSED] - All options with index in [9] are selected on object 'Object Repository/DispensaryToCms/Page_Dispensary Store/select_--Select--Schedule 1Inj'

2018-05-22 19:56:02 - [TEST_STEP][PASSED] - selectOptionByIndex: All options with index in [6] are selected on object 'Object Repository/DispensaryToCms/Page_Dispensary Store/select_--Select--Adernaline 0.'

2018-05-22 19:56:02 - [MESSAGE][PASSED] - All options with index in [6] are selected on object 'Object Repository/DispensaryToCms/Page_Dispensary Store/select_--Select--Adernaline 0.'

2018-05-22 19:56:02 - [TEST_STEP][PASSED] - setText: Text '100' is set on object 'Object Repository/DispensaryToCms/Page_Dispensary Store/input_txttreat'

2018-05-22 19:56:02 - [MESSAGE][PASSED] - Text '100' is set on object 'Object Repository/DispensaryToCms/Page_Dispensary Store/input_txttreat'

2018-05-22 19:56:02 - [TEST_STEP][PASSED] - click: Object: 'Object Repository/DispensaryToCms/Page_Dispensary Store/button_Add' is clicked on

2018-05-22 19:56:02 - [MESSAGE][PASSED] - Object: 'Object Repository/DispensaryToCms/Page_Dispensary Store/button_Add' is clicked on

2018-05-22 19:56:02 - [TEST_STEP][PASSED] - selectOptionByIndex: All options with index in [9] are selected on object 'Object Repository/DispensaryToCms/Page_Dispensary Store/select_--Select--Schedule 1Inj'

2018-05-22 19:56:02 - [MESSAGE][PASSED] - All options with index in [9] are selected on object 'Object Repository/DispensaryToCms/Page_Dispensary Store/select_--Select--Schedule 1Inj'

2018-05-22 19:56:02 - [TEST_STEP][PASSED] - selectOptionByIndex: All options with index in [7] are selected on object 'Object Repository/DispensaryToCms/Page_Dispensary Store/select_--Select--Adernaline 0.'

2018-05-22 19:56:02 - [MESSAGE][PASSED] - All options with index in [7] are selected on object 'Object Repository/DispensaryToCms/Page_Dispensary Store/select_--Select--Adernaline 0.'

2018-05-22 19:56:02 - [TEST_STEP][PASSED] - setText: Text '100' is set on object 'Object Repository/DispensaryToCms/Page_Dispensary Store/input_txttreat'

2018-05-22 19:56:02 - [MESSAGE][PASSED] - Text '100' is set on object 'Object Repository/DispensaryToCms/Page_Dispensary Store/input_txttreat'

2018-05-22 19:56:02 - [TEST_STEP][PASSED] - click: Object: 'Object Repository/DispensaryToCms/Page_Dispensary Store/button_Add' is clicked on

2018-05-22 19:56:02 - [MESSAGE][PASSED] - Object: 'Object Repository/DispensaryToCms/Page_Dispensary Store/button_Add' is clicked on

2018-05-22 19:56:02 - [TEST_STEP][PASSED] - selectOptionByIndex: All options with index in [9] are selected on object 'Object Repository/DispensaryToCms/Page_Dispensary Store/select_--Select--Schedule 1Inj'

2018-05-22 19:56:03 - [MESSAGE][PASSED] - All options with index in [9] are selected on object 'Object Repository/DispensaryToCms/Page_Dispensary Store/select_--Select--Schedule 1Inj'

2018-05-22 19:56:03 - [TEST_STEP][PASSED] - selectOptionByIndex: All options with index in [8] are selected on object 'Object Repository/DispensaryToCms/Page_Dispensary Store/select_--Select--Adernaline 0.'

2018-05-22 19:56:03 - [MESSAGE][PASSED] - All options with index in [8] are selected on object 'Object Repository/DispensaryToCms/Page_Dispensary Store/select_--Select--Adernaline 0.'

2018-05-22 19:56:03 - [TEST_STEP][PASSED] - setText: Text '100' is set on object 'Object Repository/DispensaryToCms/Page_Dispensary Store/input_txttreat'

2018-05-22 19:56:03 - [MESSAGE][PASSED] - Text '100' is set on object 'Object Repository/DispensaryToCms/Page_Dispensary Store/input_txttreat'

2018-05-22 19:56:03 - [TEST_STEP][PASSED] - click: Object: 'Object Repository/DispensaryToCms/Page_Dispensary Store/button_Add' is clicked on

2018-05-22 19:56:03 - [MESSAGE][PASSED] - Object: 'Object Repository/DispensaryToCms/Page_Dispensary Store/button_Add' is clicked on

2018-05-22 19:56:03 - [TEST_STEP][PASSED] - selectOptionByIndex: All options with index in [9] are selected on object 'Object Repository/DispensaryToCms/Page_Dispensary Store/select_--Select--Schedule 1Inj'

2018-05-22 19:56:03 - [MESSAGE][PASSED] - All options with index in [9] are selected on object 'Object Repository/DispensaryToCms/Page_Dispensary Store/select_--Select--Schedule 1Inj'

2018-05-22 19:56:03 - [TEST_STEP][PASSED] - selectOptionByIndex: All options with index in [9] are selected on object 'Object Repository/DispensaryToCms/Page_Dispensary Store/select_--Select--Adernaline 0.'

2018-05-22 19:56:03 - [MESSAGE][PASSED] - All options with index in [9] are selected on object 'Object Repository/DispensaryToCms/Page_Dispensary Store/select_--Select--Adernaline 0.'

2018-05-22 19:56:03 - [TEST_STEP][PASSED] - setText: Text '100' is set on object 'Object Repository/DispensaryToCms/Page_Dispensary Store/input_txttreat'

2018-05-22 19:56:04 - [MESSAGE][PASSED] - Text '100' is set on object 'Object Repository/DispensaryToCms/Page_Dispensary Store/input_txttreat'

2018-05-22 19:56:04 - [TEST_STEP][PASSED] - click: Object: 'Object Repository/DispensaryToCms/Page_Dispensary Store/button_Add' is clicked on

2018-05-22 19:56:04 - [MESSAGE][PASSED] - Object: 'Object Repository/DispensaryToCms/Page_Dispensary Store/button_Add' is clicked on

2018-05-22 19:56:04 - [TEST_STEP][PASSED] - selectOptionByIndex: All options with index in [9] are selected on object 'Object Repository/DispensaryToCms/Page_Dispensary Store/select_--Select--Schedule 1Inj'

2018-05-22 19:56:04 - [MESSAGE][PASSED] - All options with index in [9] are selected on object 'Object Repository/DispensaryToCms/Page_Dispensary Store/select_--Select--Schedule 1Inj'

2018-05-22 19:56:04 - [TEST_STEP][PASSED] - selectOptionByIndex: All options with index in [10] are selected on object 'Object Repository/DispensaryToCms/Page_Dispensary Store/select_--Select--Adernaline 0.'

2018-05-22 19:56:04 - [MESSAGE][PASSED] - All options with index in [10] are selected on object 'Object Repository/DispensaryToCms/Page_Dispensary Store/select_--Select--Adernaline 0.'

2018-05-22 19:56:04 - [TEST_STEP][PASSED] - setText: Text '100' is set on object 'Object Repository/DispensaryToCms/Page_Dispensary Store/input_txttreat'

2018-05-22 19:56:04 - [MESSAGE][PASSED] - Text '100' is set on object 'Object Repository/DispensaryToCms/Page_Dispensary Store/input_txttreat'

2018-05-22 19:56:04 - [TEST_STEP][PASSED] - click: Object: 'Object Repository/DispensaryToCms/Page_Dispensary Store/button_Add' is clicked on

2018-05-22 19:56:04 - [MESSAGE][PASSED] - Object: 'Object Repository/DispensaryToCms/Page_Dispensary Store/button_Add' is clicked on

2018-05-22 19:56:04 - [TEST_STEP][PASSED] - selectOptionByIndex: All options with index in [9] are selected on object 'Object Repository/DispensaryToCms/Page_Dispensary Store/select_--Select--Schedule 1Inj'

2018-05-22 19:56:04 - [MESSAGE][PASSED] - All options with index in [9] are selected on object 'Object Repository/DispensaryToCms/Page_Dispensary Store/select_--Select--Schedule 1Inj'

2018-05-22 19:56:04 - [TEST_STEP][PASSED] - selectOptionByIndex: All options with index in [11] are selected on object 'Object Repository/DispensaryToCms/Page_Dispensary Store/select_--Select--Adernaline 0.'

2018-05-22 19:56:05 - [MESSAGE][PASSED] - All options with index in [11] are selected on object 'Object Repository/DispensaryToCms/Page_Dispensary Store/select_--Select--Adernaline 0.'

2018-05-22 19:56:05 - [TEST_STEP][PASSED] - setText: Text '100' is set on object 'Object Repository/DispensaryToCms/Page_Dispensary Store/input_txttreat'

2018-05-22 19:56:05 - [MESSAGE][PASSED] - Text '100' is set on object 'Object Repository/DispensaryToCms/Page_Dispensary Store/input_txttreat'

2018-05-22 19:56:05 - [TEST_STEP][PASSED] - click: Object: 'Object Repository/DispensaryToCms/Page_Dispensary Store/button_Add' is clicked on

2018-05-22 19:56:05 - [MESSAGE][PASSED] - Object: 'Object Repository/DispensaryToCms/Page_Dispensary Store/button_Add' is clicked on

2018-05-22 19:56:05 - [TEST_STEP][PASSED] - selectOptionByIndex: All options with index in [9] are selected on object 'Object Repository/DispensaryToCms/Page_Dispensary Store/select_--Select--Schedule 1Inj'

2018-05-22 19:56:05 - [MESSAGE][PASSED] - All options with index in [9] are selected on object 'Object Repository/DispensaryToCms/Page_Dispensary Store/select_--Select--Schedule 1Inj'

2018-05-22 19:56:05 - [TEST_STEP][PASSED] - selectOptionByIndex: All options with index in [12] are selected on object 'Object Repository/DispensaryToCms/Page_Dispensary Store/select_--Select--Adernaline 0.'

2018-05-22 19:56:05 - [MESSAGE][PASSED] - All options with index in [12] are selected on object 'Object Repository/DispensaryToCms/Page_Dispensary Store/select_--Select--Adernaline 0.'

2018-05-22 19:56:05 - [TEST_STEP][PASSED] - setText: Text '100' is set on object 'Object Repository/DispensaryToCms/Page_Dispensary Store/input_txttreat'

2018-05-22 19:56:05 - [MESSAGE][PASSED] - Text '100' is set on object 'Object Repository/DispensaryToCms/Page_Dispensary Store/input_txttreat'

2018-05-22 19:56:05 - [TEST_STEP][PASSED] - click: Object: 'Object Repository/DispensaryToCms/Page_Dispensary Store/button_Add' is clicked on

2018-05-22 19:56:05 - [MESSAGE][PASSED] - Object: 'Object Repository/DispensaryToCms/Page_Dispensary Store/button_Add' is clicked on

2018-05-22 19:56:05 - [TEST_STEP][PASSED] - selectOptionByIndex: All options with index in [9] are selected on object 'Object Repository/DispensaryToCms/Page_Dispensary Store/select_--Select--Schedule 1Inj'

2018-05-22 19:56:05 - [MESSAGE][PASSED] - All options with index in [9] are selected on object 'Object Repository/DispensaryToCms/Page_Dispensary Store/select_--Select--Schedule 1Inj'

2018-05-22 19:56:05 - [TEST_STEP][PASSED] - selectOptionByIndex: All options with index in [13] are selected on object 'Object Repository/DispensaryToCms/Page_Dispensary Store/select_--Select--Adernaline 0.'

2018-05-22 19:56:06 - [MESSAGE][PASSED] - All options with index in [13] are selected on object 'Object Repository/DispensaryToCms/Page_Dispensary Store/select_--Select--Adernaline 0.'

2018-05-22 19:56:06 - [TEST_STEP][PASSED] - setText: Text '100' is set on object 'Object Repository/DispensaryToCms/Page_Dispensary Store/input_txttreat'

2018-05-22 19:56:06 - [MESSAGE][PASSED] - Text '100' is set on object 'Object Repository/DispensaryToCms/Page_Dispensary Store/input_txttreat'

2018-05-22 19:56:06 - [TEST_STEP][PASSED] - click: Object: 'Object Repository/DispensaryToCms/Page_Dispensary Store/button_Add' is clicked on

2018-05-22 19:56:06 - [MESSAGE][PASSED] - Object: 'Object Repository/DispensaryToCms/Page_Dispensary Store/button_Add' is clicked on

2018-05-22 19:56:06 - [TEST_STEP][PASSED] - selectOptionByIndex: All options with index in [9] are selected on object 'Object Repository/DispensaryToCms/Page_Dispensary Store/select_--Select--Schedule 1Inj'

2018-05-22 19:56:06 - [MESSAGE][PASSED] - All options with index in [9] are selected on object 'Object Repository/DispensaryToCms/Page_Dispensary Store/select_--Select--Schedule 1Inj'

2018-05-22 19:56:06 - [TEST_STEP][PASSED] - selectOptionByIndex: All options with index in [14] are selected on object 'Object Repository/DispensaryToCms/Page_Dispensary Store/select_--Select--Adernaline 0.'

2018-05-22 19:56:06 - [MESSAGE][PASSED] - All options with index in [14] are selected on object 'Object Repository/DispensaryToCms/Page_Dispensary Store/select_--Select--Adernaline 0.'

2018-05-22 19:56:06 - [TEST_STEP][PASSED] - setText: Text '100' is set on object 'Object Repository/DispensaryToCms/Page_Dispensary Store/input_txttreat'

2018-05-22 19:56:06 - [MESSAGE][PASSED] - Text '100' is set on object 'Object Repository/DispensaryToCms/Page_Dispensary Store/input_txttreat'

2018-05-22 19:56:06 - [TEST_STEP][PASSED] - click: Object: 'Object Repository/DispensaryToCms/Page_Dispensary Store/button_Add' is clicked on

2018-05-22 19:56:06 - [MESSAGE][PASSED] - Object: 'Object Repository/DispensaryToCms/Page_Dispensary Store/button_Add' is clicked on

2018-05-22 19:56:06 - [TEST_STEP][PASSED] - selectOptionByIndex: All options with index in [9] are selected on object 'Object Repository/DispensaryToCms/Page_Dispensary Store/select_--Select--Schedule 1Inj'

2018-05-22 19:56:07 - [MESSAGE][PASSED] - All options with index in [9] are selected on object 'Object Repository/DispensaryToCms/Page_Dispensary Store/select_--Select--Schedule 1Inj'

2018-05-22 19:56:07 - [TEST_STEP][PASSED] - selectOptionByIndex: All options with index in [15] are selected on object 'Object Repository/DispensaryToCms/Page_Dispensary Store/select_--Select--Adernaline 0.'

2018-05-22 19:56:07 - [MESSAGE][PASSED] - All options with index in [15] are selected on object 'Object Repository/DispensaryToCms/Page_Dispensary Store/select_--Select--Adernaline 0.'

2018-05-22 19:56:07 - [TEST_STEP][PASSED] - setText: Text '100' is set on object 'Object Repository/DispensaryToCms/Page_Dispensary Store/input_txttreat'

2018-05-22 19:56:07 - [MESSAGE][PASSED] - Text '100' is set on object 'Object Repository/DispensaryToCms/Page_Dispensary Store/input_txttreat'

2018-05-22 19:56:07 - [TEST_STEP][PASSED] - click: Object: 'Object Repository/DispensaryToCms/Page_Dispensary Store/button_Add' is clicked on

2018-05-22 19:56:07 - [MESSAGE][PASSED] - Object: 'Object Repository/DispensaryToCms/Page_Dispensary Store/button_Add' is clicked on

2018-05-22 19:56:07 - [TEST_STEP][PASSED] - selectOptionByIndex: All options with index in [9] are selected on object 'Object Repository/DispensaryToCms/Page_Dispensary Store/select_--Select--Schedule 1Inj'

2018-05-22 19:56:07 - [MESSAGE][PASSED] - All options with index in [9] are selected on object 'Object Repository/DispensaryToCms/Page_Dispensary Store/select_--Select--Schedule 1Inj'

2018-05-22 19:56:07 - [TEST_STEP][PASSED] - selectOptionByIndex: All options with index in [16] are selected on object 'Object Repository/DispensaryToCms/Page_Dispensary Store/select_--Select--Adernaline 0.'

2018-05-22 19:56:08 - [MESSAGE][PASSED] - All options with index in [16] are selected on object 'Object Repository/DispensaryToCms/Page_Dispensary Store/select_--Select--Adernaline 0.'

2018-05-22 19:56:08 - [TEST_STEP][PASSED] - setText: Text '100' is set on object 'Object Repository/DispensaryToCms/Page_Dispensary Store/input_txttreat'

2018-05-22 19:56:08 - [MESSAGE][PASSED] - Text '100' is set on object 'Object Repository/DispensaryToCms/Page_Dispensary Store/input_txttreat'

2018-05-22 19:56:08 - [TEST_STEP][PASSED] - click: Object: 'Object Repository/DispensaryToCms/Page_Dispensary Store/button_Add' is clicked on

2018-05-22 19:56:08 - [MESSAGE][PASSED] - Object: 'Object Repository/DispensaryToCms/Page_Dispensary Store/button_Add' is clicked on

2018-05-22 19:56:08 - [TEST_STEP][PASSED] - selectOptionByIndex: All options with index in [9] are selected on object 'Object Repository/DispensaryToCms/Page_Dispensary Store/select_--Select--Schedule 1Inj'

2018-05-22 19:56:08 - [MESSAGE][PASSED] - All options with index in [9] are selected on object 'Object Repository/DispensaryToCms/Page_Dispensary Store/select_--Select--Schedule 1Inj'

2018-05-22 19:56:08 - [TEST_STEP][PASSED] - selectOptionByIndex: All options with index in [17] are selected on object 'Object Repository/DispensaryToCms/Page_Dispensary Store/select_--Select--Adernaline 0.'

2018-05-22 19:56:08 - [MESSAGE][PASSED] - All options with index in [17] are selected on object 'Object Repository/DispensaryToCms/Page_Dispensary Store/select_--Select--Adernaline 0.'

2018-05-22 19:56:08 - [TEST_STEP][PASSED] - setText: Text '100' is set on object 'Object Repository/DispensaryToCms/Page_Dispensary Store/input_txttreat'

2018-05-22 19:56:08 - [MESSAGE][PASSED] - Text '100' is set on object 'Object Repository/DispensaryToCms/Page_Dispensary Store/input_txttreat'

2018-05-22 19:56:08 - [TEST_STEP][PASSED] - click: Object: 'Object Repository/DispensaryToCms/Page_Dispensary Store/button_Add' is clicked on

2018-05-22 19:56:08 - [MESSAGE][PASSED] - Object: 'Object Repository/DispensaryToCms/Page_Dispensary Store/button_Add' is clicked on

2018-05-22 19:56:08 - [TEST_STEP][PASSED] - selectOptionByIndex: All options with index in [9] are selected on object 'Object Repository/DispensaryToCms/Page_Dispensary Store/select_--Select--Schedule 1Inj'

2018-05-22 19:56:09 - [MESSAGE][PASSED] - All options with index in [9] are selected on object 'Object Repository/DispensaryToCms/Page_Dispensary Store/select_--Select--Schedule 1Inj'

2018-05-22 19:56:09 - [TEST_STEP][PASSED] - selectOptionByIndex: All options with index in [18] are selected on object 'Object Repository/DispensaryToCms/Page_Dispensary Store/select_--Select--Adernaline 0.'

2018-05-22 19:56:09 - [MESSAGE][PASSED] - All options with index in [18] are selected on object 'Object Repository/DispensaryToCms/Page_Dispensary Store/select_--Select--Adernaline 0.'

2018-05-22 19:56:09 - [TEST_STEP][PASSED] - setText: Text '100' is set on object 'Object Repository/DispensaryToCms/Page_Dispensary Store/input_txttreat'

2018-05-22 19:56:09 - [MESSAGE][PASSED] - Text '100' is set on object 'Object Repository/DispensaryToCms/Page_Dispensary Store/input_txttreat'

2018-05-22 19:56:09 - [TEST_STEP][PASSED] - click: Object: 'Object Repository/DispensaryToCms/Page_Dispensary Store/button_Add' is clicked on

2018-05-22 19:56:09 - [MESSAGE][PASSED] - Object: 'Object Repository/DispensaryToCms/Page_Dispensary Store/button_Add' is clicked on

2018-05-22 19:56:09 - [TEST_STEP][PASSED] - selectOptionByIndex: All options with index in [9] are selected on object 'Object Repository/DispensaryToCms/Page_Dispensary Store/select_--Select--Schedule 1Inj'

2018-05-22 19:56:09 - [MESSAGE][PASSED] - All options with index in [9] are selected on object 'Object Repository/DispensaryToCms/Page_Dispensary Store/select_--Select--Schedule 1Inj'

2018-05-22 19:56:09 - [TEST_STEP][PASSED] - selectOptionByIndex: All options with index in [19] are selected on object 'Object Repository/DispensaryToCms/Page_Dispensary Store/select_--Select--Adernaline 0.'

2018-05-22 19:56:09 - [MESSAGE][PASSED] - All options with index in [19] are selected on object 'Object Repository/DispensaryToCms/Page_Dispensary Store/select_--Select--Adernaline 0.'

2018-05-22 19:56:09 - [TEST_STEP][PASSED] - setText: Text '100' is set on object 'Object Repository/DispensaryToCms/Page_Dispensary Store/input_txttreat'

2018-05-22 19:56:10 - [MESSAGE][PASSED] - Text '100' is set on object 'Object Repository/DispensaryToCms/Page_Dispensary Store/input_txttreat'

2018-05-22 19:56:10 - [TEST_STEP][PASSED] - click: Object: 'Object Repository/DispensaryToCms/Page_Dispensary Store/button_Add' is clicked on

2018-05-22 19:56:10 - [MESSAGE][PASSED] - Object: 'Object Repository/DispensaryToCms/Page_Dispensary Store/button_Add' is clicked on

2018-05-22 19:56:10 - [TEST_STEP][PASSED] - selectOptionByIndex: All options with index in [9] are selected on object 'Object Repository/DispensaryToCms/Page_Dispensary Store/select_--Select--Schedule 1Inj'

2018-05-22 19:56:10 - [MESSAGE][PASSED] - All options with index in [9] are selected on object 'Object Repository/DispensaryToCms/Page_Dispensary Store/select_--Select--Schedule 1Inj'

2018-05-22 19:56:10 - [TEST_STEP][PASSED] - selectOptionByIndex: All options with index in [20] are selected on object 'Object Repository/DispensaryToCms/Page_Dispensary Store/select_--Select--Adernaline 0.'

2018-05-22 19:56:10 - [MESSAGE][PASSED] - All options with index in [20] are selected on object 'Object Repository/DispensaryToCms/Page_Dispensary Store/select_--Select--Adernaline 0.'

2018-05-22 19:56:10 - [TEST_STEP][PASSED] - setText: Text '100' is set on object 'Object Repository/DispensaryToCms/Page_Dispensary Store/input_txttreat'

2018-05-22 19:56:10 - [MESSAGE][PASSED] - Text '100' is set on object 'Object Repository/DispensaryToCms/Page_Dispensary Store/input_txttreat'

2018-05-22 19:56:10 - [TEST_STEP][PASSED] - click: Object: 'Object Repository/DispensaryToCms/Page_Dispensary Store/button_Add' is clicked on

2018-05-22 19:56:10 - [MESSAGE][PASSED] - Object: 'Object Repository/DispensaryToCms/Page_Dispensary Store/button_Add' is clicked on

2018-05-22 19:56:10 - [TEST_STEP][PASSED] - selectOptionByIndex: All options with index in [9] are selected on object 'Object Repository/DispensaryToCms/Page_Dispensary Store/select_--Select--Schedule 1Inj'

2018-05-22 19:56:10 - [MESSAGE][PASSED] - All options with index in [9] are selected on object 'Object Repository/DispensaryToCms/Page_Dispensary Store/select_--Select--Schedule 1Inj'

2018-05-22 19:56:10 - [TEST_STEP][PASSED] - selectOptionByIndex: All options with index in [21] are selected on object 'Object Repository/DispensaryToCms/Page_Dispensary Store/select_--Select--Adernaline 0.'

2018-05-22 19:56:11 - [MESSAGE][PASSED] - All options with index in [21] are selected on object 'Object Repository/DispensaryToCms/Page_Dispensary Store/select_--Select--Adernaline 0.'

2018-05-22 19:56:11 - [TEST_STEP][PASSED] - setText: Text '100' is set on object 'Object Repository/DispensaryToCms/Page_Dispensary Store/input_txttreat'

2018-05-22 19:56:11 - [MESSAGE][PASSED] - Text '100' is set on object 'Object Repository/DispensaryToCms/Page_Dispensary Store/input_txttreat'

2018-05-22 19:56:11 - [TEST_STEP][PASSED] - click: Object: 'Object Repository/DispensaryToCms/Page_Dispensary Store/button_Add' is clicked on

2018-05-22 19:56:11 - [MESSAGE][PASSED] - Object: 'Object Repository/DispensaryToCms/Page_Dispensary Store/button_Add' is clicked on

2018-05-22 19:56:11 - [TEST_STEP][PASSED] - selectOptionByIndex: All options with index in [9] are selected on object 'Object Repository/DispensaryToCms/Page_Dispensary Store/select_--Select--Schedule 1Inj'

2018-05-22 19:56:11 - [MESSAGE][PASSED] - All options with index in [9] are selected on object 'Object Repository/DispensaryToCms/Page_Dispensary Store/select_--Select--Schedule 1Inj'

2018-05-22 19:56:11 - [TEST_STEP][PASSED] - selectOptionByIndex: All options with index in [22] are selected on object 'Object Repository/DispensaryToCms/Page_Dispensary Store/select_--Select--Adernaline 0.'

2018-05-22 19:56:11 - [MESSAGE][PASSED] - All options with index in [22] are selected on object 'Object Repository/DispensaryToCms/Page_Dispensary Store/select_--Select--Adernaline 0.'

2018-05-22 19:56:11 - [TEST_STEP][PASSED] - setText: Text '100' is set on object 'Object Repository/DispensaryToCms/Page_Dispensary Store/input_txttreat'

2018-05-22 19:56:12 - [MESSAGE][PASSED] - Text '100' is set on object 'Object Repository/DispensaryToCms/Page_Dispensary Store/input_txttreat'

2018-05-22 19:56:12 - [TEST_STEP][PASSED] - click: Object: 'Object Repository/DispensaryToCms/Page_Dispensary Store/button_Add' is clicked on

2018-05-22 19:56:12 - [MESSAGE][PASSED] - Object: 'Object Repository/DispensaryToCms/Page_Dispensary Store/button_Add' is clicked on

2018-05-22 19:56:12 - [TEST_STEP][PASSED] - selectOptionByIndex: All options with index in [9] are selected on object 'Object Repository/DispensaryToCms/Page_Dispensary Store/select_--Select--Schedule 1Inj'

2018-05-22 19:56:12 - [MESSAGE][PASSED] - All options with index in [9] are selected on object 'Object Repository/DispensaryToCms/Page_Dispensary Store/select_--Select--Schedule 1Inj'

2018-05-22 19:56:12 - [TEST_STEP][PASSED] - selectOptionByIndex: All options with index in [23] are selected on object 'Object Repository/DispensaryToCms/Page_Dispensary Store/select_--Select--Adernaline 0.'

2018-05-22 19:56:12 - [MESSAGE][PASSED] - All options with index in [23] are selected on object 'Object Repository/DispensaryToCms/Page_Dispensary Store/select_--Select--Adernaline 0.'

2018-05-22 19:56:12 - [TEST_STEP][PASSED] - setText: Text '100' is set on object 'Object Repository/DispensaryToCms/Page_Dispensary Store/input_txttreat'

2018-05-22 19:56:12 - [MESSAGE][PASSED] - Text '100' is set on object 'Object Repository/DispensaryToCms/Page_Dispensary Store/input_txttreat'

2018-05-22 19:56:12 - [TEST_STEP][PASSED] - click: Object: 'Object Repository/DispensaryToCms/Page_Dispensary Store/button_Add' is clicked on

2018-05-22 19:56:12 - [MESSAGE][PASSED] - Object: 'Object Repository/DispensaryToCms/Page_Dispensary Store/button_Add' is clicked on

2018-05-22 19:56:12 - [TEST_STEP][PASSED] - selectOptionByIndex: All options with index in [9] are selected on object 'Object Repository/DispensaryToCms/Page_Dispensary Store/select_--Select--Schedule 1Inj'

2018-05-22 19:56:12 - [MESSAGE][PASSED] - All options with index in [9] are selected on object 'Object Repository/DispensaryToCms/Page_Dispensary Store/select_--Select--Schedule 1Inj'

2018-05-22 19:56:12 - [TEST_STEP][PASSED] - selectOptionByIndex: All options with index in [24] are selected on object 'Object Repository/DispensaryToCms/Page_Dispensary Store/select_--Select--Adernaline 0.'

2018-05-22 19:56:13 - [MESSAGE][PASSED] - All options with index in [24] are selected on object 'Object Repository/DispensaryToCms/Page_Dispensary Store/select_--Select--Adernaline 0.'

2018-05-22 19:56:13 - [TEST_STEP][PASSED] - setText: Text '100' is set on object 'Object Repository/DispensaryToCms/Page_Dispensary Store/input_txttreat'

2018-05-22 19:56:13 - [MESSAGE][PASSED] - Text '100' is set on object 'Object Repository/DispensaryToCms/Page_Dispensary Store/input_txttreat'

2018-05-22 19:56:13 - [TEST_STEP][PASSED] - click: Object: 'Object Repository/DispensaryToCms/Page_Dispensary Store/button_Add' is clicked on

2018-05-22 19:56:13 - [MESSAGE][PASSED] - Object: 'Object Repository/DispensaryToCms/Page_Dispensary Store/button_Add' is clicked on

2018-05-22 19:56:13 - [TEST_STEP][PASSED] - selectOptionByIndex: All options with index in [9] are selected on object 'Object Repository/DispensaryToCms/Page_Dispensary Store/select_--Select--Schedule 1Inj'

2018-05-22 19:56:13 - [MESSAGE][PASSED] - All options with index in [9] are selected on object 'Object Repository/DispensaryToCms/Page_Dispensary Store/select_--Select--Schedule 1Inj'

2018-05-22 19:56:13 - [TEST_STEP][PASSED] - selectOptionByIndex: All options with index in [25] are selected on object 'Object Repository/DispensaryToCms/Page_Dispensary Store/select_--Select--Adernaline 0.'

2018-05-22 19:56:14 - [MESSAGE][PASSED] - All options with index in [25] are selected on object 'Object Repository/DispensaryToCms/Page_Dispensary Store/select_--Select--Adernaline 0.'

2018-05-22 19:56:14 - [TEST_STEP][PASSED] - setText: Text '100' is set on object 'Object Repository/DispensaryToCms/Page_Dispensary Store/input_txttreat'

2018-05-22 19:56:14 - [MESSAGE][PASSED] - Text '100' is set on object 'Object Repository/DispensaryToCms/Page_Dispensary Store/input_txttreat'

2018-05-22 19:56:14 - [TEST_STEP][PASSED] - click: Object: 'Object Repository/DispensaryToCms/Page_Dispensary Store/button_Add' is clicked on

2018-05-22 19:56:14 - [MESSAGE][PASSED] - Object: 'Object Repository/DispensaryToCms/Page_Dispensary Store/button_Add' is clicked on

2018-05-22 19:56:14 - [TEST_STEP][PASSED] - selectOptionByIndex: All options with index in [9] are selected on object 'Object Repository/DispensaryToCms/Page_Dispensary Store/select_--Select--Schedule 1Inj'

2018-05-22 19:56:14 - [MESSAGE][PASSED] - All options with index in [9] are selected on object 'Object Repository/DispensaryToCms/Page_Dispensary Store/select_--Select--Schedule 1Inj'

2018-05-22 19:56:14 - [TEST_STEP][PASSED] - selectOptionByIndex: All options with index in [26] are selected on object 'Object Repository/DispensaryToCms/Page_Dispensary Store/select_--Select--Adernaline 0.'

2018-05-22 19:56:14 - [MESSAGE][PASSED] - All options with index in [26] are selected on object 'Object Repository/DispensaryToCms/Page_Dispensary Store/select_--Select--Adernaline 0.'

2018-05-22 19:56:14 - [TEST_STEP][PASSED] - setText: Text '100' is set on object 'Object Repository/DispensaryToCms/Page_Dispensary Store/input_txttreat'

2018-05-22 19:56:14 - [MESSAGE][PASSED] - Text '100' is set on object 'Object Repository/DispensaryToCms/Page_Dispensary Store/input_txttreat'

2018-05-22 19:56:14 - [TEST_STEP][PASSED] - click: Object: 'Object Repository/DispensaryToCms/Page_Dispensary Store/button_Add' is clicked on

2018-05-22 19:56:14 - [MESSAGE][PASSED] - Object: 'Object Repository/DispensaryToCms/Page_Dispensary Store/button_Add' is clicked on

2018-05-22 19:56:14 - [TEST_STEP][PASSED] - selectOptionByIndex: All options with index in [9] are selected on object 'Object Repository/DispensaryToCms/Page_Dispensary Store/select_--Select--Schedule 1Inj'

2018-05-22 19:56:15 - [MESSAGE][PASSED] - All options with index in [9] are selected on object 'Object Repository/DispensaryToCms/Page_Dispensary Store/select_--Select--Schedule 1Inj'

2018-05-22 19:56:15 - [TEST_STEP][PASSED] - selectOptionByIndex: All options with index in [27] are selected on object 'Object Repository/DispensaryToCms/Page_Dispensary Store/select_--Select--Adernaline 0.'

2018-05-22 19:56:15 - [MESSAGE][PASSED] - All options with index in [27] are selected on object 'Object Repository/DispensaryToCms/Page_Dispensary Store/select_--Select--Adernaline 0.'

2018-05-22 19:56:15 - [TEST_STEP][PASSED] - setText: Text '100' is set on object 'Object Repository/DispensaryToCms/Page_Dispensary Store/input_txttreat'

2018-05-22 19:56:15 - [MESSAGE][PASSED] - Text '100' is set on object 'Object Repository/DispensaryToCms/Page_Dispensary Store/input_txttreat'

2018-05-22 19:56:15 - [TEST_STEP][PASSED] - click: Object: 'Object Repository/DispensaryToCms/Page_Dispensary Store/button_Add' is clicked on

2018-05-22 19:56:15 - [MESSAGE][PASSED] - Object: 'Object Repository/DispensaryToCms/Page_Dispensary Store/button_Add' is clicked on

2018-05-22 19:56:15 - [TEST_STEP][PASSED] - selectOptionByIndex: All options with index in [9] are selected on object 'Object Repository/DispensaryToCms/Page_Dispensary Store/select_--Select--Schedule 1Inj'

2018-05-22 19:56:15 - [MESSAGE][PASSED] - All options with index in [9] are selected on object 'Object Repository/DispensaryToCms/Page_Dispensary Store/select_--Select--Schedule 1Inj'

2018-05-22 19:56:15 - [TEST_STEP][PASSED] - selectOptionByIndex: All options with index in [28] are selected on object 'Object Repository/DispensaryToCms/Page_Dispensary Store/select_--Select--Adernaline 0.'

2018-05-22 19:56:16 - [MESSAGE][PASSED] - All options with index in [28] are selected on object 'Object Repository/DispensaryToCms/Page_Dispensary Store/select_--Select--Adernaline 0.'

2018-05-22 19:56:16 - [TEST_STEP][PASSED] - setText: Text '100' is set on object 'Object Repository/DispensaryToCms/Page_Dispensary Store/input_txttreat'

2018-05-22 19:56:16 - [MESSAGE][PASSED] - Text '100' is set on object 'Object Repository/DispensaryToCms/Page_Dispensary Store/input_txttreat'

2018-05-22 19:56:16 - [TEST_STEP][PASSED] - click: Object: 'Object Repository/DispensaryToCms/Page_Dispensary Store/button_Add' is clicked on

2018-05-22 19:56:16 - [MESSAGE][PASSED] - Object: 'Object Repository/DispensaryToCms/Page_Dispensary Store/button_Add' is clicked on

2018-05-22 19:56:16 - [TEST_STEP][PASSED] - selectOptionByIndex: All options with index in [9] are selected on object 'Object Repository/DispensaryToCms/Page_Dispensary Store/select_--Select--Schedule 1Inj'

2018-05-22 19:56:16 - [MESSAGE][PASSED] - All options with index in [9] are selected on object 'Object Repository/DispensaryToCms/Page_Dispensary Store/select_--Select--Schedule 1Inj'

2018-05-22 19:56:16 - [TEST_STEP][PASSED] - selectOptionByIndex: All options with index in [29] are selected on object 'Object Repository/DispensaryToCms/Page_Dispensary Store/select_--Select--Adernaline 0.'

2018-05-22 19:56:17 - [MESSAGE][PASSED] - All options with index in [29] are selected on object 'Object Repository/DispensaryToCms/Page_Dispensary Store/select_--Select--Adernaline 0.'

2018-05-22 19:56:17 - [TEST_STEP][PASSED] - setText: Text '100' is set on object 'Object Repository/DispensaryToCms/Page_Dispensary Store/input_txttreat'

2018-05-22 19:56:17 - [MESSAGE][PASSED] - Text '100' is set on object 'Object Repository/DispensaryToCms/Page_Dispensary Store/input_txttreat'

2018-05-22 19:56:17 - [TEST_STEP][PASSED] - click: Object: 'Object Repository/DispensaryToCms/Page_Dispensary Store/button_Add' is clicked on

2018-05-22 19:56:17 - [MESSAGE][PASSED] - Object: 'Object Repository/DispensaryToCms/Page_Dispensary Store/button_Add' is clicked on

2018-05-22 19:56:17 - [TEST_STEP][PASSED] - selectOptionByIndex: All options with index in [9] are selected on object 'Object Repository/DispensaryToCms/Page_Dispensary Store/select_--Select--Schedule 1Inj'

2018-05-22 19:56:17 - [MESSAGE][PASSED] - All options with index in [9] are selected on object 'Object Repository/DispensaryToCms/Page_Dispensary Store/select_--Select--Schedule 1Inj'

2018-05-22 19:56:17 - [TEST_STEP][PASSED] - selectOptionByIndex: All options with index in [30] are selected on object 'Object Repository/DispensaryToCms/Page_Dispensary Store/select_--Select--Adernaline 0.'

2018-05-22 19:56:18 - [MESSAGE][PASSED] - All options with index in [30] are selected on object 'Object Repository/DispensaryToCms/Page_Dispensary Store/select_--Select--Adernaline 0.'

2018-05-22 19:56:18 - [TEST_STEP][PASSED] - setText: Text '100' is set on object 'Object Repository/DispensaryToCms/Page_Dispensary Store/input_txttreat'

2018-05-22 19:56:18 - [MESSAGE][PASSED] - Text '100' is set on object 'Object Repository/DispensaryToCms/Page_Dispensary Store/input_txttreat'

2018-05-22 19:56:18 - [TEST_STEP][PASSED] - click: Object: 'Object Repository/DispensaryToCms/Page_Dispensary Store/button_Add' is clicked on

2018-05-22 19:56:18 - [MESSAGE][PASSED] - Object: 'Object Repository/DispensaryToCms/Page_Dispensary Store/button_Add' is clicked on

2018-05-22 19:56:18 - [TEST_STEP][PASSED] - selectOptionByIndex: All options with index in [9] are selected on object 'Object Repository/DispensaryToCms/Page_Dispensary Store/select_--Select--Schedule 1Inj'

2018-05-22 19:56:18 - [MESSAGE][PASSED] - All options with index in [9] are selected on object 'Object Repository/DispensaryToCms/Page_Dispensary Store/select_--Select--Schedule 1Inj'

2018-05-22 19:56:18 - [TEST_STEP][PASSED] - selectOptionByIndex: All options with index in [31] are selected on object 'Object Repository/DispensaryToCms/Page_Dispensary Store/select_--Select--Adernaline 0.'

2018-05-22 19:56:18 - [MESSAGE][PASSED] - All options with index in [31] are selected on object 'Object Repository/DispensaryToCms/Page_Dispensary Store/select_--Select--Adernaline 0.'

2018-05-22 19:56:18 - [TEST_STEP][PASSED] - setText: Text '100' is set on object 'Object Repository/DispensaryToCms/Page_Dispensary Store/input_txttreat'

2018-05-22 19:56:19 - [MESSAGE][PASSED] - Text '100' is set on object 'Object Repository/DispensaryToCms/Page_Dispensary Store/input_txttreat'

2018-05-22 19:56:19 - [TEST_STEP][PASSED] - click: Object: 'Object Repository/DispensaryToCms/Page_Dispensary Store/button_Add' is clicked on

2018-05-22 19:56:19 - [MESSAGE][PASSED] - Object: 'Object Repository/DispensaryToCms/Page_Dispensary Store/button_Add' is clicked on

2018-05-22 19:56:19 - [TEST_STEP][PASSED] - selectOptionByIndex: All options with index in [9] are selected on object 'Object Repository/DispensaryToCms/Page_Dispensary Store/select_--Select--Schedule 1Inj'

2018-05-22 19:56:19 - [MESSAGE][PASSED] - All options with index in [9] are selected on object 'Object Repository/DispensaryToCms/Page_Dispensary Store/select_--Select--Schedule 1Inj'

2018-05-22 19:56:19 - [TEST_STEP][PASSED] - selectOptionByIndex: All options with index in [32] are selected on object 'Object Repository/DispensaryToCms/Page_Dispensary Store/select_--Select--Adernaline 0.'

2018-05-22 19:56:19 - [MESSAGE][PASSED] - All options with index in [32] are selected on object 'Object Repository/DispensaryToCms/Page_Dispensary Store/select_--Select--Adernaline 0.'

2018-05-22 19:56:19 - [TEST_STEP][PASSED] - setText: Text '100' is set on object 'Object Repository/DispensaryToCms/Page_Dispensary Store/input_txttreat'

2018-05-22 19:56:19 - [MESSAGE][PASSED] - Text '100' is set on object 'Object Repository/DispensaryToCms/Page_Dispensary Store/input_txttreat'

2018-05-22 19:56:19 - [TEST_STEP][PASSED] - click: Object: 'Object Repository/DispensaryToCms/Page_Dispensary Store/button_Add' is clicked on

2018-05-22 19:56:19 - [MESSAGE][PASSED] - Object: 'Object Repository/DispensaryToCms/Page_Dispensary Store/button_Add' is clicked on

2018-05-22 19:56:19 - [TEST_STEP][PASSED] - selectOptionByIndex: All options with index in [9] are selected on object 'Object Repository/DispensaryToCms/Page_Dispensary Store/select_--Select--Schedule 1Inj'

2018-05-22 19:56:20 - [MESSAGE][PASSED] - All options with index in [9] are selected on object 'Object Repository/DispensaryToCms/Page_Dispensary Store/select_--Select--Schedule 1Inj'

2018-05-22 19:56:20 - [TEST_STEP][PASSED] - selectOptionByIndex: All options with index in [33] are selected on object 'Object Repository/DispensaryToCms/Page_Dispensary Store/select_--Select--Adernaline 0.'

2018-05-22 19:56:20 - [MESSAGE][PASSED] - All options with index in [33] are selected on object 'Object Repository/DispensaryToCms/Page_Dispensary Store/select_--Select--Adernaline 0.'

2018-05-22 19:56:20 - [TEST_STEP][PASSED] - setText: Text '100' is set on object 'Object Repository/DispensaryToCms/Page_Dispensary Store/input_txttreat'

2018-05-22 19:56:20 - [MESSAGE][PASSED] - Text '100' is set on object 'Object Repository/DispensaryToCms/Page_Dispensary Store/input_txttreat'

2018-05-22 19:56:20 - [TEST_STEP][PASSED] - click: Object: 'Object Repository/DispensaryToCms/Page_Dispensary Store/button_Add' is clicked on

2018-05-22 19:56:20 - [MESSAGE][PASSED] - Object: 'Object Repository/DispensaryToCms/Page_Dispensary Store/button_Add' is clicked on

2018-05-22 19:56:20 - [TEST_STEP][PASSED] - selectOptionByIndex: All options with index in [9] are selected on object 'Object Repository/DispensaryToCms/Page_Dispensary Store/select_--Select--Schedule 1Inj'

2018-05-22 19:56:20 - [MESSAGE][PASSED] - All options with index in [9] are selected on object 'Object Repository/DispensaryToCms/Page_Dispensary Store/select_--Select--Schedule 1Inj'

2018-05-22 19:56:20 - [TEST_STEP][PASSED] - selectOptionByIndex: All options with index in [34] are selected on object 'Object Repository/DispensaryToCms/Page_Dispensary Store/select_--Select--Adernaline 0.'

2018-05-22 19:56:21 - [MESSAGE][PASSED] - All options with index in [34] are selected on object 'Object Repository/DispensaryToCms/Page_Dispensary Store/select_--Select--Adernaline 0.'

2018-05-22 19:56:21 - [TEST_STEP][PASSED] - setText: Text '100' is set on object 'Object Repository/DispensaryToCms/Page_Dispensary Store/input_txttreat'

2018-05-22 19:56:21 - [MESSAGE][PASSED] - Text '100' is set on object 'Object Repository/DispensaryToCms/Page_Dispensary Store/input_txttreat'

2018-05-22 19:56:21 - [TEST_STEP][PASSED] - click: Object: 'Object Repository/DispensaryToCms/Page_Dispensary Store/button_Add' is clicked on

2018-05-22 19:56:21 - [MESSAGE][PASSED] - Object: 'Object Repository/DispensaryToCms/Page_Dispensary Store/button_Add' is clicked on

2018-05-22 19:56:21 - [TEST_STEP][PASSED] - selectOptionByIndex: All options with index in [9] are selected on object 'Object Repository/DispensaryToCms/Page_Dispensary Store/select_--Select--Schedule 1Inj'

2018-05-22 19:56:21 - [MESSAGE][PASSED] - All options with index in [9] are selected on object 'Object Repository/DispensaryToCms/Page_Dispensary Store/select_--Select--Schedule 1Inj'

2018-05-22 19:56:21 - [TEST_STEP][PASSED] - selectOptionByIndex: All options with index in [35] are selected on object 'Object Repository/DispensaryToCms/Page_Dispensary Store/select_--Select--Adernaline 0.'

2018-05-22 19:56:22 - [MESSAGE][PASSED] - All options with index in [35] are selected on object 'Object Repository/DispensaryToCms/Page_Dispensary Store/select_--Select--Adernaline 0.'

2018-05-22 19:56:22 - [TEST_STEP][PASSED] - setText: Text '100' is set on object 'Object Repository/DispensaryToCms/Page_Dispensary Store/input_txttreat'

2018-05-22 19:56:22 - [MESSAGE][PASSED] - Text '100' is set on object 'Object Repository/DispensaryToCms/Page_Dispensary Store/input_txttreat'

2018-05-22 19:56:22 - [TEST_STEP][PASSED] - click: Object: 'Object Repository/DispensaryToCms/Page_Dispensary Store/button_Add' is clicked on

2018-05-22 19:56:22 - [MESSAGE][PASSED] - Object: 'Object Repository/DispensaryToCms/Page_Dispensary Store/button_Add' is clicked on

2018-05-22 19:56:22 - [TEST_STEP][PASSED] - scrollToElement: Scroll to object 'Object Repository/DispensaryToCms/Page_Dispensary Store/input_btnsave' successfully

2018-05-22 19:56:22 - [MESSAGE][PASSED] - Scroll to object 'Object Repository/DispensaryToCms/Page_Dispensary Store/input_btnsave' successfully

2018-05-22 19:56:22 - [TEST_STEP][PASSED] - click: Object: 'Object Repository/DispensaryToCms/Page_Dispensary Store/input_btnsave' is clicked on

2018-05-22 19:56:22 - [MESSAGE][PASSED] - Object: 'Object Repository/DispensaryToCms/Page_Dispensary Store/input_btnsave' is clicked on

2018-05-22 19:56:22 - [TEST_STEP][PASSED] - delay: Delayed 3 second(s)

2018-05-22 19:56:25 - [MESSAGE][PASSED] - Delayed 3 second(s)

2018-05-22 19:56:25 - [TEST_STEP][PASSED] - Statement - RN1 = com.kms.katalon.core.webui.keyword.WebUiBuiltInKeywords.getText(com.kms.katalon.core.testobject.ObjectRepository.findTestObject(DispensaryToCms/Page_Dispensary Store/font_PRNO18052018174)): Text of object 'Object Repository/DispensaryToCms/Page_Dispensary Store/font_PRNO18052018174' is: 'PRNO/22052018/348'

2018-05-22 19:56:25 - [MESSAGE][PASSED] - Text of object 'Object Repository/DispensaryToCms/Page_Dispensary Store/font_PRNO18052018174' is: 'PRNO/22052018/348'

2018-05-22 19:56:25 - [TEST_STEP][PASSED] - Statement - out.println(RN1): null

2018-05-22 19:56:25 - [TEST_STEP][PASSED] - Statement - RID = RN1.split("/")[2]: null

2018-05-22 19:56:25 - [TEST_STEP][PASSED] - click: Object: 'Object Repository/DispensaryToCms/Page_Dispensary Store/button_OK' is clicked on

2018-05-22 19:56:28 - [MESSAGE][PASSED] - Object: 'Object Repository/DispensaryToCms/Page_Dispensary Store/button_OK' is clicked on

2018-05-22 19:56:28 - [TEST_STEP][PASSED] - delay: Delayed 3 second(s)

2018-05-22 19:56:31 - [MESSAGE][PASSED] - Delayed 3 second(s)

2018-05-22 19:56:31 - [TEST_STEP][PASSED] - waitForElementPresent: Object 'Object Repository/DispensaryToStore/Page_Dispensary Store/a_dropdown-toggle' is present

2018-05-22 19:56:31 - [MESSAGE][PASSED] - Object 'Object Repository/DispensaryToStore/Page_Dispensary Store/a_dropdown-toggle' is present

2018-05-22 19:56:31 - [TEST_STEP][PASSED] - click: Object: 'Object Repository/DispensaryToCms/Page_Dispensary Store/a_dropdown-toggle' is clicked on

2018-05-22 19:56:31 - [MESSAGE][PASSED] - Object: 'Object Repository/DispensaryToCms/Page_Dispensary Store/a_dropdown-toggle' is clicked on

2018-05-22 19:56:31 - [TEST_STEP][PASSED] - click: Object: 'Object Repository/DispensaryToCms/Page_Dispensary Store/a_Sign out' is clicked on

2018-05-22 19:56:32 - [MESSAGE][PASSED] - Object: 'Object Repository/DispensaryToCms/Page_Dispensary Store/a_Sign out' is clicked on

2018-05-22 19:56:32 - [TEST_STEP][PASSED] - delay: Delayed 3 second(s)

2018-05-22 19:56:35 - [MESSAGE][PASSED] - Delayed 3 second(s)

2018-05-22 19:56:35 - [TEST_STEP][PASSED] - navigateToUrl: Navigate to 'http://192.168.137.1/multihospital_new/' successfully

2018-05-22 19:56:37 - [MESSAGE][PASSED] - Navigate to 'http://192.168.137.1/multihospital_new/' successfully

2018-05-22 19:56:37 - [TEST_STEP][PASSED] - click: Object: 'Object Repository/DispensaryToCms/Page_KDMC/a_CMO' is clicked on

2018-05-22 19:56:38 - [MESSAGE][PASSED] - Object: 'Object Repository/DispensaryToCms/Page_KDMC/a_CMO' is clicked on

2018-05-22 19:56:38 - [TEST_STEP][PASSED] - setText: Text 'guru' is set on object 'Object Repository/DispensaryToCms/Page_CMO login/input_txtusername'

2018-05-22 19:56:38 - [MESSAGE][PASSED] - Text 'guru' is set on object 'Object Repository/DispensaryToCms/Page_CMO login/input_txtusername'

2018-05-22 19:56:38 - [TEST_STEP][PASSED] - setText: Text '123' is set on object 'Object Repository/DispensaryToCms/Page_CMO login/input_txtpassword'

2018-05-22 19:56:38 - [MESSAGE][PASSED] - Text '123' is set on object 'Object Repository/DispensaryToCms/Page_CMO login/input_txtpassword'

2018-05-22 19:56:38 - [TEST_STEP][PASSED] - delay: Delayed 3 second(s)

2018-05-22 19:56:41 - [MESSAGE][PASSED] - Delayed 3 second(s)

2018-05-22 19:56:41 - [TEST_STEP][PASSED] - click: Object: 'Object Repository/DispensaryToCms/Page_CMO login/button_Sign in' is clicked on

2018-05-22 19:56:44 - [MESSAGE][PASSED] - Object: 'Object Repository/DispensaryToCms/Page_CMO login/button_Sign in' is clicked on

2018-05-22 19:56:44 - [TEST_STEP][PASSED] - delay: Delayed 3 second(s)

2018-05-22 19:56:47 - [MESSAGE][PASSED] - Delayed 3 second(s)

2018-05-22 19:56:47 - [TEST_STEP][PASSED] - click: Object: 'Object Repository/DispensaryToCms/Page_KDMC - CMO/a_CMS Request' is clicked on

2018-05-22 19:56:47 - [MESSAGE][PASSED] - Object: 'Object Repository/DispensaryToCms/Page_KDMC - CMO/a_CMS Request' is clicked on

2018-05-22 19:56:47 - [TEST_STEP][PASSED] - delay: Delayed 2 second(s)

2018-05-22 19:56:49 - [MESSAGE][PASSED] - Delayed 2 second(s)

2018-05-22 19:56:49 - [TEST_STEP][PASSED] - click: Object: 'Object Repository/DispensaryToCms/Page_KDMC - CMO/a_Dispensary Store Request' is clicked on

2018-05-22 19:56:50 - [MESSAGE][PASSED] - Object: 'Object Repository/DispensaryToCms/Page_KDMC - CMO/a_Dispensary Store Request' is clicked on

2018-05-22 19:56:50 - [TEST_STEP][PASSED] - selectOptionByIndex: All options with index in [1] are selected on object 'Object Repository/DispensaryToCms/Page_KDMC - CMO/select_--ALL--'

2018-05-22 19:56:50 - [MESSAGE][PASSED] - All options with index in [1] are selected on object 'Object Repository/DispensaryToCms/Page_KDMC - CMO/select_--ALL--'

2018-05-22 19:56:50 - [TEST_STEP][PASSED] - click: Object: 'Object Repository/DispensaryToCms/Page_KDMC - CMO/input_btnsearch' is clicked on

2018-05-22 19:56:50 - [MESSAGE][PASSED] - Object: 'Object Repository/DispensaryToCms/Page_KDMC - CMO/input_btnsearch' is clicked on

2018-05-22 19:56:50 - [TEST_STEP][PASSED] - Statement - ID = com.kms.katalon.core.webui.keyword.WebUiBuiltInKeywords.modifyObjectProperty(com.kms.katalon.core.testobject.ObjectRepository.findTestObject(lab/Page_KDMC - CMO/input_1), "xpath", "equals", "//*[@id=" + RID + "]", true): Modify property of object successfully

2018-05-22 19:56:50 - [MESSAGE][PASSED] - Modify property of object successfully

2018-05-22 19:56:50 - [TEST_STEP][PASSED] - click: Object: 'Object Repository/lab/Page_KDMC - CMO/input_1' is clicked on

2018-05-22 19:56:51 - [MESSAGE][PASSED] - Object: 'Object Repository/lab/Page_KDMC - CMO/input_1' is clicked on

2018-05-22 19:56:51 - [TEST_STEP][PASSED] - delay: Delayed 2 second(s)

2018-05-22 19:56:53 - [MESSAGE][PASSED] - Delayed 2 second(s)

2018-05-22 19:56:53 - [TEST_STEP][PASSED] - selectOptionByIndex: All options with index in [1] are selected on object 'Object Repository/DispensaryToCms/Page_KDMC - CMO/select_--Select--'

2018-05-22 19:56:55 - [MESSAGE][PASSED] - All options with index in [1] are selected on object 'Object Repository/DispensaryToCms/Page_KDMC - CMO/select_--Select--'

2018-05-22 19:56:55 - [TEST_STEP][PASSED] - click: Object: 'Object Repository/DispensaryToCms/Page_KDMC - CMO/input_btnupdate' is clicked on

2018-05-22 19:56:55 - [MESSAGE][PASSED] - Object: 'Object Repository/DispensaryToCms/Page_KDMC - CMO/input_btnupdate' is clicked on

2018-05-22 19:56:55 - [TEST_STEP][PASSED] - delay: Delayed 2 second(s)

2018-05-22 19:56:57 - [MESSAGE][PASSED] - Delayed 2 second(s)

2018-05-22 19:56:57 - [TEST_STEP][PASSED] - click: Object: 'Object Repository/DispensaryToCms/Page_KDMC - CMO/button_OK' is clicked on

2018-05-22 19:56:58 - [MESSAGE][PASSED] - Object: 'Object Repository/DispensaryToCms/Page_KDMC - CMO/button_OK' is clicked on

2018-05-22 19:56:58 - [TEST_STEP][PASSED] - delay: Delayed 3 second(s)

2018-05-22 19:57:01 - [MESSAGE][PASSED] - Delayed 3 second(s)

2018-05-22 19:57:01 - [TEST_STEP][PASSED] - waitForElementPresent: Object 'Object Repository/DispensaryToStore/Page_Dispensary Store/a_dropdown-toggle' is not present after 20 second(s)

2018-05-22 19:57:21 - [MESSAGE][WARNING] - Object 'Object Repository/DispensaryToStore/Page_Dispensary Store/a_dropdown-toggle' is not present after 20 second(s)

2018-05-22 19:57:21 - [TEST_STEP][PASSED] - click: Object: 'Object Repository/DispensaryToCms/Page_KDMC - CMO/a_dropdown-toggle' is clicked on

2018-05-22 19:57:22 - [MESSAGE][PASSED] - Object: 'Object Repository/DispensaryToCms/Page_KDMC - CMO/a_dropdown-toggle' is clicked on

2018-05-22 19:57:22 - [TEST_STEP][PASSED] - click: Object: 'Object Repository/DispensaryToCms/Page_KDMC - CMO/a_Sign out' is clicked on

2018-05-22 19:57:22 - [MESSAGE][PASSED] - Object: 'Object Repository/DispensaryToCms/Page_KDMC - CMO/a_Sign out' is clicked on

2018-05-22 19:57:22 - [TEST_STEP][PASSED] - delay: Delayed 3 second(s)

2018-05-22 19:57:25 - [MESSAGE][PASSED] - Delayed 3 second(s)

2018-05-22 19:57:25 - [TEST_STEP][PASSED] - click: Object: 'Object Repository/DispensaryToCms/Page_KDMC/a_CMS' is clicked on

2018-05-22 19:57:25 - [MESSAGE][PASSED] - Object: 'Object Repository/DispensaryToCms/Page_KDMC/a_CMS' is clicked on

2018-05-22 19:57:25 - [TEST_STEP][PASSED] - setText: Text 'bala' is set on object 'Object Repository/DispensaryToCms/Page_CMS login/input_txtusername'

2018-05-22 19:57:26 - [MESSAGE][PASSED] - Text 'bala' is set on object 'Object Repository/DispensaryToCms/Page_CMS login/input_txtusername'

2018-05-22 19:57:26 - [TEST_STEP][PASSED] - setText: Text '123' is set on object 'Object Repository/DispensaryToCms/Page_CMS login/input_txtpassword'

2018-05-22 19:57:26 - [MESSAGE][PASSED] - Text '123' is set on object 'Object Repository/DispensaryToCms/Page_CMS login/input_txtpassword'

2018-05-22 19:57:26 - [TEST_STEP][PASSED] - delay: Delayed 3 second(s)

2018-05-22 19:57:29 - [MESSAGE][PASSED] - Delayed 3 second(s)

2018-05-22 19:57:29 - [TEST_STEP][PASSED] - click: Object: 'Object Repository/DispensaryToCms/Page_CMS login/button_Sign in' is clicked on

2018-05-22 19:57:29 - [MESSAGE][PASSED] - Object: 'Object Repository/DispensaryToCms/Page_CMS login/button_Sign in' is clicked on

2018-05-22 19:57:29 - [TEST_STEP][PASSED] - delay: Delayed 3 second(s)

2018-05-22 19:57:32 - [MESSAGE][PASSED] - Delayed 3 second(s)

2018-05-22 19:57:32 - [TEST_STEP][PASSED] - click: Object: 'Object Repository/DispensaryToCms/Page_KDMC - CMS/a_Divisional Store' is clicked on

2018-05-22 19:57:32 - [MESSAGE][PASSED] - Object: 'Object Repository/DispensaryToCms/Page_KDMC - CMS/a_Divisional Store' is clicked on

2018-05-22 19:57:32 - [TEST_STEP][PASSED] - delay: Delayed 2 second(s)

2018-05-22 19:57:34 - [MESSAGE][PASSED] - Delayed 2 second(s)

2018-05-22 19:57:34 - [TEST_STEP][PASSED] - click: Object: 'Object Repository/DispensaryToCms/Page_KDMC - CMS/a_Dispatch Items' is clicked on

2018-05-22 19:57:35 - [MESSAGE][PASSED] - Object: 'Object Repository/DispensaryToCms/Page_KDMC - CMS/a_Dispatch Items' is clicked on

2018-05-22 19:57:35 - [TEST_STEP][PASSED] - delay: Delayed 2 second(s)

2018-05-22 19:57:37 - [MESSAGE][PASSED] - Delayed 2 second(s)

2018-05-22 19:57:37 - [TEST_STEP][PASSED] - setText: Text 'PRNO/22052018/348' is set on object 'Object Repository/DispensaryToCms/Page_KDMC - CMS/input'

2018-05-22 19:57:37 - [MESSAGE][PASSED] - Text 'PRNO/22052018/348' is set on object 'Object Repository/DispensaryToCms/Page_KDMC - CMS/input'

2018-05-22 19:57:37 - [TEST_STEP][PASSED] - click: Object: 'Object Repository/DispensaryToCms/Page_KDMC - CMS/input_PRNO18052018174' is clicked on

2018-05-22 19:57:38 - [MESSAGE][PASSED] - Object: 'Object Repository/DispensaryToCms/Page_KDMC - CMS/input_PRNO18052018174' is clicked on

2018-05-22 19:57:38 - [TEST_STEP][PASSED] - Statement - out.println("Length : " + medicineslength): null

2018-05-22 19:57:38 - [TEST_STEP][PASSED] - Statement - For ([row = 0, row < medicineslength - 1, (row++)]): null

2018-05-22 19:57:38 - [TEST_STEP][PASSED] - Statement - batchlength = new com.kms.katalon.core.testobject.TestObject(): null

2018-05-22 19:57:38 - [TEST_STEP][PASSED] - Statement - batchlength = com.kms.katalon.core.webui.keyword.WebUiBuiltInKeywords.modifyObjectProperty(batchlength, "xpath", "equals", "//*[@id = "fldvendor" + row + ""]", true): Modify property of object successfully

2018-05-22 19:57:38 - [MESSAGE][PASSED] - Modify property of object successfully

2018-05-22 19:57:38 - [TEST_STEP][PASSED] - Statement - batchsize = com.kms.katalon.core.webui.keyword.WebUiBuiltInKeywords.getNumberOfTotalOption(batchlength): 9 options of object '' counted

2018-05-22 19:57:39 - [MESSAGE][PASSED] - 9 options of object '' counted

2018-05-22 19:57:39 - [TEST_STEP][PASSED] - Statement - out.println("BatchSize : " + batchsize): null

2018-05-22 19:57:39 - [TEST_STEP][PASSED] - Statement - For ([n = 1, n <= batchsize - 1, (n++)]): null

2018-05-22 19:57:39 - [TEST_STEP][PASSED] - Statement - product = new com.kms.katalon.core.testobject.TestObject(): null

2018-05-22 19:57:39 - [TEST_STEP][PASSED] - Statement - product = com.kms.katalon.core.webui.keyword.WebUiBuiltInKeywords.modifyObjectProperty(product, "xpath", "equals", "//*[@id = "fldvendor" + row + ""]", true): Modify property of object successfully

2018-05-22 19:57:39 - [MESSAGE][PASSED] - Modify property of object successfully

2018-05-22 19:57:39 - [TEST_STEP][PASSED] - selectOptionByIndex: All options with index in [1] are selected on object ''

2018-05-22 19:57:39 - [MESSAGE][PASSED] - All options with index in [1] are selected on object ''

2018-05-22 19:57:39 - [TEST_STEP][PASSED] - Statement - batch = new com.kms.katalon.core.testobject.TestObject(): null

2018-05-22 19:57:39 - [TEST_STEP][PASSED] - Statement - batch = com.kms.katalon.core.webui.keyword.WebUiBuiltInKeywords.modifyObjectProperty(batch, "xpath", "equals", "//*[@id = "txtbthqty" + row + ""]", true): Modify property of object successfully

2018-05-22 19:57:39 - [MESSAGE][PASSED] - Modify property of object successfully

2018-05-22 19:57:39 - [TEST_STEP][PASSED] - Statement - batchqty = com.kms.katalon.core.webui.keyword.WebUiBuiltInKeywords.getAttribute(batch, "value").trim(): Attribute 'value' of object '' is: '4300'

2018-05-22 19:57:39 - [MESSAGE][PASSED] - Attribute 'value' of object '' is: '4300'

2018-05-22 19:57:39 - [TEST_STEP][PASSED] - Statement - Rqty = 100: null

2018-05-22 19:57:39 - [TEST_STEP][PASSED] - delay: Delayed 2 second(s)

2018-05-22 19:57:41 - [MESSAGE][PASSED] - Delayed 2 second(s)

2018-05-22 19:57:41 - [TEST_STEP][PASSED] - Statement - out.println("BatchQty : " + batchqty): null

2018-05-22 19:57:41 - [TEST_STEP][PASSED] - Statement - out.println("RQty : " + Rqty): null

2018-05-22 19:57:41 - [TEST_STEP][PASSED] - Statement - If (java.lang.Integer.valueOf(batchqty) >= java.lang.Integer.valueOf(Rqty)): null

2018-05-22 19:57:41 - [TEST_STEP][PASSED] - Statement - Break: null

2018-05-22 19:57:41 - [TEST_STEP][PASSED] - Statement - batchlength = new com.kms.katalon.core.testobject.TestObject(): null

2018-05-22 19:57:41 - [TEST_STEP][PASSED] - Statement - batchlength = com.kms.katalon.core.webui.keyword.WebUiBuiltInKeywords.modifyObjectProperty(batchlength, "xpath", "equals", "//*[@id = "fldvendor" + row + ""]", true): Modify property of object successfully

2018-05-22 19:57:41 - [MESSAGE][PASSED] - Modify property of object successfully

2018-05-22 19:57:41 - [TEST_STEP][PASSED] - Statement - batchsize = com.kms.katalon.core.webui.keyword.WebUiBuiltInKeywords.getNumberOfTotalOption(batchlength): 9 options of object '' counted

2018-05-22 19:57:41 - [MESSAGE][PASSED] - 9 options of object '' counted

2018-05-22 19:57:41 - [TEST_STEP][PASSED] - Statement - out.println("BatchSize : " + batchsize): null

2018-05-22 19:57:41 - [TEST_STEP][PASSED] - Statement - For ([n = 1, n <= batchsize - 1, (n++)]): null

2018-05-22 19:57:41 - [TEST_STEP][PASSED] - Statement - product = new com.kms.katalon.core.testobject.TestObject(): null

2018-05-22 19:57:41 - [TEST_STEP][PASSED] - Statement - product = com.kms.katalon.core.webui.keyword.WebUiBuiltInKeywords.modifyObjectProperty(product, "xpath", "equals", "//*[@id = "fldvendor" + row + ""]", true): Modify property of object successfully

2018-05-22 19:57:41 - [MESSAGE][PASSED] - Modify property of object successfully

2018-05-22 19:57:41 - [TEST_STEP][PASSED] - selectOptionByIndex: All options with index in [1] are selected on object ''

2018-05-22 19:57:41 - [MESSAGE][PASSED] - All options with index in [1] are selected on object ''

2018-05-22 19:57:41 - [TEST_STEP][PASSED] - Statement - batch = new com.kms.katalon.core.testobject.TestObject(): null

2018-05-22 19:57:41 - [TEST_STEP][PASSED] - Statement - batch = com.kms.katalon.core.webui.keyword.WebUiBuiltInKeywords.modifyObjectProperty(batch, "xpath", "equals", "//*[@id = "txtbthqty" + row + ""]", true): Modify property of object successfully

2018-05-22 19:57:41 - [MESSAGE][PASSED] - Modify property of object successfully

2018-05-22 19:57:41 - [TEST_STEP][PASSED] - Statement - batchqty = com.kms.katalon.core.webui.keyword.WebUiBuiltInKeywords.getAttribute(batch, "value").trim(): Attribute 'value' of object '' is: '4300'

2018-05-22 19:57:41 - [MESSAGE][PASSED] - Attribute 'value' of object '' is: '4300'

2018-05-22 19:57:41 - [TEST_STEP][PASSED] - Statement - Rqty = 100: null

2018-05-22 19:57:41 - [TEST_STEP][PASSED] - delay: Delayed 2 second(s)

2018-05-22 19:57:43 - [MESSAGE][PASSED] - Delayed 2 second(s)

2018-05-22 19:57:43 - [TEST_STEP][PASSED] - Statement - out.println("BatchQty : " + batchqty): null

2018-05-22 19:57:43 - [TEST_STEP][PASSED] - Statement - out.println("RQty : " + Rqty): null

2018-05-22 19:57:43 - [TEST_STEP][PASSED] - Statement - If (java.lang.Integer.valueOf(batchqty) >= java.lang.Integer.valueOf(Rqty)): null

2018-05-22 19:57:43 - [TEST_STEP][PASSED] - Statement - Break: null

2018-05-22 19:57:43 - [TEST_STEP][PASSED] - Statement - batchlength = new com.kms.katalon.core.testobject.TestObject(): null

2018-05-22 19:57:43 - [TEST_STEP][PASSED] - Statement - batchlength = com.kms.katalon.core.webui.keyword.WebUiBuiltInKeywords.modifyObjectProperty(batchlength, "xpath", "equals", "//*[@id = "fldvendor" + row + ""]", true): Modify property of object successfully

2018-05-22 19:57:43 - [MESSAGE][PASSED] - Modify property of object successfully

2018-05-22 19:57:43 - [TEST_STEP][PASSED] - Statement - batchsize = com.kms.katalon.core.webui.keyword.WebUiBuiltInKeywords.getNumberOfTotalOption(batchlength): 9 options of object '' counted

2018-05-22 19:57:43 - [MESSAGE][PASSED] - 9 options of object '' counted

2018-05-22 19:57:43 - [TEST_STEP][PASSED] - Statement - out.println("BatchSize : " + batchsize): null

2018-05-22 19:57:43 - [TEST_STEP][PASSED] - Statement - For ([n = 1, n <= batchsize - 1, (n++)]): null

2018-05-22 19:57:43 - [TEST_STEP][PASSED] - Statement - product = new com.kms.katalon.core.testobject.TestObject(): null

2018-05-22 19:57:43 - [TEST_STEP][PASSED] - Statement - product = com.kms.katalon.core.webui.keyword.WebUiBuiltInKeywords.modifyObjectProperty(product, "xpath", "equals", "//*[@id = "fldvendor" + row + ""]", true): Modify property of object successfully

2018-05-22 19:57:43 - [MESSAGE][PASSED] - Modify property of object successfully

2018-05-22 19:57:43 - [TEST_STEP][PASSED] - selectOptionByIndex: All options with index in [1] are selected on object ''

2018-05-22 19:57:43 - [MESSAGE][PASSED] - All options with index in [1] are selected on object ''

2018-05-22 19:57:43 - [TEST_STEP][PASSED] - Statement - batch = new com.kms.katalon.core.testobject.TestObject(): null

2018-05-22 19:57:43 - [TEST_STEP][PASSED] - Statement - batch = com.kms.katalon.core.webui.keyword.WebUiBuiltInKeywords.modifyObjectProperty(batch, "xpath", "equals", "//*[@id = "txtbthqty" + row + ""]", true): Modify property of object successfully

2018-05-22 19:57:43 - [MESSAGE][PASSED] - Modify property of object successfully

2018-05-22 19:57:43 - [TEST_STEP][PASSED] - Statement - batchqty = com.kms.katalon.core.webui.keyword.WebUiBuiltInKeywords.getAttribute(batch, "value").trim(): Attribute 'value' of object '' is: '32100'

2018-05-22 19:57:43 - [MESSAGE][PASSED] - Attribute 'value' of object '' is: '32100'

2018-05-22 19:57:43 - [TEST_STEP][PASSED] - Statement - Rqty = 100: null

2018-05-22 19:57:43 - [TEST_STEP][PASSED] - delay: Delayed 2 second(s)

2018-05-22 19:57:45 - [MESSAGE][PASSED] - Delayed 2 second(s)

2018-05-22 19:57:45 - [TEST_STEP][PASSED] - Statement - out.println("BatchQty : " + batchqty): null

2018-05-22 19:57:45 - [TEST_STEP][PASSED] - Statement - out.println("RQty : " + Rqty): null

2018-05-22 19:57:45 - [TEST_STEP][PASSED] - Statement - If (java.lang.Integer.valueOf(batchqty) >= java.lang.Integer.valueOf(Rqty)): null

2018-05-22 19:57:45 - [TEST_STEP][PASSED] - Statement - Break: null

2018-05-22 19:57:45 - [TEST_STEP][PASSED] - Statement - batchlength = new com.kms.katalon.core.testobject.TestObject(): null

2018-05-22 19:57:45 - [TEST_STEP][PASSED] - Statement - batchlength = com.kms.katalon.core.webui.keyword.WebUiBuiltInKeywords.modifyObjectProperty(batchlength, "xpath", "equals", "//*[@id = "fldvendor" + row + ""]", true): Modify property of object successfully

2018-05-22 19:57:45 - [MESSAGE][PASSED] - Modify property of object successfully

2018-05-22 19:57:45 - [TEST_STEP][PASSED] - Statement - batchsize = com.kms.katalon.core.webui.keyword.WebUiBuiltInKeywords.getNumberOfTotalOption(batchlength): 9 options of object '' counted

2018-05-22 19:57:45 - [MESSAGE][PASSED] - 9 options of object '' counted

2018-05-22 19:57:45 - [TEST_STEP][PASSED] - Statement - out.println("BatchSize : " + batchsize): null

2018-05-22 19:57:45 - [TEST_STEP][PASSED] - Statement - For ([n = 1, n <= batchsize - 1, (n++)]): null

2018-05-22 19:57:45 - [TEST_STEP][PASSED] - Statement - product = new com.kms.katalon.core.testobject.TestObject(): null

2018-05-22 19:57:45 - [TEST_STEP][PASSED] - Statement - product = com.kms.katalon.core.webui.keyword.WebUiBuiltInKeywords.modifyObjectProperty(product, "xpath", "equals", "//*[@id = "fldvendor" + row + ""]", true): Modify property of object successfully

2018-05-22 19:57:45 - [MESSAGE][PASSED] - Modify property of object successfully

2018-05-22 19:57:45 - [TEST_STEP][PASSED] - selectOptionByIndex: All options with index in [1] are selected on object ''

2018-05-22 19:57:46 - [MESSAGE][PASSED] - All options with index in [1] are selected on object ''

2018-05-22 19:57:46 - [TEST_STEP][PASSED] - Statement - batch = new com.kms.katalon.core.testobject.TestObject(): null

2018-05-22 19:57:46 - [TEST_STEP][PASSED] - Statement - batch = com.kms.katalon.core.webui.keyword.WebUiBuiltInKeywords.modifyObjectProperty(batch, "xpath", "equals", "//*[@id = "txtbthqty" + row + ""]", true): Modify property of object successfully

2018-05-22 19:57:46 - [MESSAGE][PASSED] - Modify property of object successfully

2018-05-22 19:57:46 - [TEST_STEP][PASSED] - Statement - batchqty = com.kms.katalon.core.webui.keyword.WebUiBuiltInKeywords.getAttribute(batch, "value").trim(): Attribute 'value' of object '' is: '31100'

2018-05-22 19:57:46 - [MESSAGE][PASSED] - Attribute 'value' of object '' is: '31100'

2018-05-22 19:57:46 - [TEST_STEP][PASSED] - Statement - Rqty = 100: null

2018-05-22 19:57:46 - [TEST_STEP][PASSED] - delay: Delayed 2 second(s)

2018-05-22 19:57:48 - [MESSAGE][PASSED] - Delayed 2 second(s)

2018-05-22 19:57:48 - [TEST_STEP][PASSED] - Statement - out.println("BatchQty : " + batchqty): null

2018-05-22 19:57:48 - [TEST_STEP][PASSED] - Statement - out.println("RQty : " + Rqty): null

2018-05-22 19:57:48 - [TEST_STEP][PASSED] - Statement - If (java.lang.Integer.valueOf(batchqty) >= java.lang.Integer.valueOf(Rqty)): null

2018-05-22 19:57:48 - [TEST_STEP][PASSED] - Statement - Break: null

2018-05-22 19:57:48 - [TEST_STEP][PASSED] - Statement - batchlength = new com.kms.katalon.core.testobject.TestObject(): null

2018-05-22 19:57:48 - [TEST_STEP][PASSED] - Statement - batchlength = com.kms.katalon.core.webui.keyword.WebUiBuiltInKeywords.modifyObjectProperty(batchlength, "xpath", "equals", "//*[@id = "fldvendor" + row + ""]", true): Modify property of object successfully

2018-05-22 19:57:48 - [MESSAGE][PASSED] - Modify property of object successfully

2018-05-22 19:57:48 - [TEST_STEP][PASSED] - Statement - batchsize = com.kms.katalon.core.webui.keyword.WebUiBuiltInKeywords.getNumberOfTotalOption(batchlength): 9 options of object '' counted

2018-05-22 19:57:48 - [MESSAGE][PASSED] - 9 options of object '' counted

2018-05-22 19:57:48 - [TEST_STEP][PASSED] - Statement - out.println("BatchSize : " + batchsize): null

2018-05-22 19:57:48 - [TEST_STEP][PASSED] - Statement - For ([n = 1, n <= batchsize - 1, (n++)]): null

2018-05-22 19:57:48 - [TEST_STEP][PASSED] - Statement - product = new com.kms.katalon.core.testobject.TestObject(): null

2018-05-22 19:57:48 - [TEST_STEP][PASSED] - Statement - product = com.kms.katalon.core.webui.keyword.WebUiBuiltInKeywords.modifyObjectProperty(product, "xpath", "equals", "//*[@id = "fldvendor" + row + ""]", true): Modify property of object successfully

2018-05-22 19:57:48 - [MESSAGE][PASSED] - Modify property of object successfully

2018-05-22 19:57:48 - [TEST_STEP][PASSED] - selectOptionByIndex: All options with index in [1] are selected on object ''

2018-05-22 19:57:48 - [MESSAGE][PASSED] - All options with index in [1] are selected on object ''

2018-05-22 19:57:48 - [TEST_STEP][PASSED] - Statement - batch = new com.kms.katalon.core.testobject.TestObject(): null

2018-05-22 19:57:48 - [TEST_STEP][PASSED] - Statement - batch = com.kms.katalon.core.webui.keyword.WebUiBuiltInKeywords.modifyObjectProperty(batch, "xpath", "equals", "//*[@id = "txtbthqty" + row + ""]", true): Modify property of object successfully

2018-05-22 19:57:48 - [MESSAGE][PASSED] - Modify property of object successfully

2018-05-22 19:57:48 - [TEST_STEP][PASSED] - Statement - batchqty = com.kms.katalon.core.webui.keyword.WebUiBuiltInKeywords.getAttribute(batch, "value").trim(): Attribute 'value' of object '' is: '4300'

2018-05-22 19:57:48 - [MESSAGE][PASSED] - Attribute 'value' of object '' is: '4300'

2018-05-22 19:57:48 - [TEST_STEP][PASSED] - Statement - Rqty = 100: null

2018-05-22 19:57:48 - [TEST_STEP][PASSED] - delay: Delayed 2 second(s)

2018-05-22 19:57:50 - [MESSAGE][PASSED] - Delayed 2 second(s)

2018-05-22 19:57:50 - [TEST_STEP][PASSED] - Statement - out.println("BatchQty : " + batchqty): null

2018-05-22 19:57:50 - [TEST_STEP][PASSED] - Statement - out.println("RQty : " + Rqty): null

2018-05-22 19:57:50 - [TEST_STEP][PASSED] - Statement - If (java.lang.Integer.valueOf(batchqty) >= java.lang.Integer.valueOf(Rqty)): null

2018-05-22 19:57:50 - [TEST_STEP][PASSED] - Statement - Break: null

2018-05-22 19:57:50 - [TEST_STEP][PASSED] - Statement - batchlength = new com.kms.katalon.core.testobject.TestObject(): null

2018-05-22 19:57:50 - [TEST_STEP][PASSED] - Statement - batchlength = com.kms.katalon.core.webui.keyword.WebUiBuiltInKeywords.modifyObjectProperty(batchlength, "xpath", "equals", "//*[@id = "fldvendor" + row + ""]", true): Modify property of object successfully

2018-05-22 19:57:50 - [MESSAGE][PASSED] - Modify property of object successfully

2018-05-22 19:57:50 - [TEST_STEP][PASSED] - Statement - batchsize = com.kms.katalon.core.webui.keyword.WebUiBuiltInKeywords.getNumberOfTotalOption(batchlength): 9 options of object '' counted

2018-05-22 19:57:50 - [MESSAGE][PASSED] - 9 options of object '' counted

2018-05-22 19:57:50 - [TEST_STEP][PASSED] - Statement - out.println("BatchSize : " + batchsize): null

2018-05-22 19:57:50 - [TEST_STEP][PASSED] - Statement - For ([n = 1, n <= batchsize - 1, (n++)]): null

2018-05-22 19:57:50 - [TEST_STEP][PASSED] - Statement - product = new com.kms.katalon.core.testobject.TestObject(): null

2018-05-22 19:57:50 - [TEST_STEP][PASSED] - Statement - product = com.kms.katalon.core.webui.keyword.WebUiBuiltInKeywords.modifyObjectProperty(product, "xpath", "equals", "//*[@id = "fldvendor" + row + ""]", true): Modify property of object successfully

2018-05-22 19:57:50 - [MESSAGE][PASSED] - Modify property of object successfully

2018-05-22 19:57:50 - [TEST_STEP][PASSED] - selectOptionByIndex: All options with index in [1] are selected on object ''

2018-05-22 19:57:50 - [MESSAGE][PASSED] - All options with index in [1] are selected on object ''

2018-05-22 19:57:50 - [TEST_STEP][PASSED] - Statement - batch = new com.kms.katalon.core.testobject.TestObject(): null

2018-05-22 19:57:50 - [TEST_STEP][PASSED] - Statement - batch = com.kms.katalon.core.webui.keyword.WebUiBuiltInKeywords.modifyObjectProperty(batch, "xpath", "equals", "//*[@id = "txtbthqty" + row + ""]", true): Modify property of object successfully

2018-05-22 19:57:50 - [MESSAGE][PASSED] - Modify property of object successfully

2018-05-22 19:57:50 - [TEST_STEP][PASSED] - Statement - batchqty = com.kms.katalon.core.webui.keyword.WebUiBuiltInKeywords.getAttribute(batch, "value").trim(): Attribute 'value' of object '' is: '38300'

2018-05-22 19:57:50 - [MESSAGE][PASSED] - Attribute 'value' of object '' is: '38300'

2018-05-22 19:57:50 - [TEST_STEP][PASSED] - Statement - Rqty = 100: null

2018-05-22 19:57:50 - [TEST_STEP][PASSED] - delay: Delayed 2 second(s)

2018-05-22 19:57:52 - [MESSAGE][PASSED] - Delayed 2 second(s)

2018-05-22 19:57:52 - [TEST_STEP][PASSED] - Statement - out.println("BatchQty : " + batchqty): null

2018-05-22 19:57:52 - [TEST_STEP][PASSED] - Statement - out.println("RQty : " + Rqty): null

2018-05-22 19:57:52 - [TEST_STEP][PASSED] - Statement - If (java.lang.Integer.valueOf(batchqty) >= java.lang.Integer.valueOf(Rqty)): null

2018-05-22 19:57:52 - [TEST_STEP][PASSED] - Statement - Break: null

2018-05-22 19:57:52 - [TEST_STEP][PASSED] - Statement - batchlength = new com.kms.katalon.core.testobject.TestObject(): null

2018-05-22 19:57:52 - [TEST_STEP][PASSED] - Statement - batchlength = com.kms.katalon.core.webui.keyword.WebUiBuiltInKeywords.modifyObjectProperty(batchlength, "xpath", "equals", "//*[@id = "fldvendor" + row + ""]", true): Modify property of object successfully

2018-05-22 19:57:52 - [MESSAGE][PASSED] - Modify property of object successfully

2018-05-22 19:57:52 - [TEST_STEP][PASSED] - Statement - batchsize = com.kms.katalon.core.webui.keyword.WebUiBuiltInKeywords.getNumberOfTotalOption(batchlength): 9 options of object '' counted

2018-05-22 19:57:52 - [MESSAGE][PASSED] - 9 options of object '' counted

2018-05-22 19:57:52 - [TEST_STEP][PASSED] - Statement - out.println("BatchSize : " + batchsize): null

2018-05-22 19:57:52 - [TEST_STEP][PASSED] - Statement - For ([n = 1, n <= batchsize - 1, (n++)]): null

2018-05-22 19:57:52 - [TEST_STEP][PASSED] - Statement - product = new com.kms.katalon.core.testobject.TestObject(): null

2018-05-22 19:57:52 - [TEST_STEP][PASSED] - Statement - product = com.kms.katalon.core.webui.keyword.WebUiBuiltInKeywords.modifyObjectProperty(product, "xpath", "equals", "//*[@id = "fldvendor" + row + ""]", true): Modify property of object successfully

2018-05-22 19:57:52 - [MESSAGE][PASSED] - Modify property of object successfully

2018-05-22 19:57:52 - [TEST_STEP][PASSED] - selectOptionByIndex: All options with index in [1] are selected on object ''

2018-05-22 19:57:52 - [MESSAGE][PASSED] - All options with index in [1] are selected on object ''

2018-05-22 19:57:52 - [TEST_STEP][PASSED] - Statement - batch = new com.kms.katalon.core.testobject.TestObject(): null

2018-05-22 19:57:52 - [TEST_STEP][PASSED] - Statement - batch = com.kms.katalon.core.webui.keyword.WebUiBuiltInKeywords.modifyObjectProperty(batch, "xpath", "equals", "//*[@id = "txtbthqty" + row + ""]", true): Modify property of object successfully

2018-05-22 19:57:52 - [MESSAGE][PASSED] - Modify property of object successfully

2018-05-22 19:57:52 - [TEST_STEP][PASSED] - Statement - batchqty = com.kms.katalon.core.webui.keyword.WebUiBuiltInKeywords.getAttribute(batch, "value").trim(): Attribute 'value' of object '' is: '4300'

2018-05-22 19:57:52 - [MESSAGE][PASSED] - Attribute 'value' of object '' is: '4300'

2018-05-22 19:57:52 - [TEST_STEP][PASSED] - Statement - Rqty = 100: null

2018-05-22 19:57:52 - [TEST_STEP][PASSED] - delay: Delayed 2 second(s)

2018-05-22 19:57:54 - [MESSAGE][PASSED] - Delayed 2 second(s)

2018-05-22 19:57:54 - [TEST_STEP][PASSED] - Statement - out.println("BatchQty : " + batchqty): null

2018-05-22 19:57:54 - [TEST_STEP][PASSED] - Statement - out.println("RQty : " + Rqty): null

2018-05-22 19:57:54 - [TEST_STEP][PASSED] - Statement - If (java.lang.Integer.valueOf(batchqty) >= java.lang.Integer.valueOf(Rqty)): null

2018-05-22 19:57:54 - [TEST_STEP][PASSED] - Statement - Break: null

2018-05-22 19:57:54 - [TEST_STEP][PASSED] - Statement - batchlength = new com.kms.katalon.core.testobject.TestObject(): null

2018-05-22 19:57:54 - [TEST_STEP][PASSED] - Statement - batchlength = com.kms.katalon.core.webui.keyword.WebUiBuiltInKeywords.modifyObjectProperty(batchlength, "xpath", "equals", "//*[@id = "fldvendor" + row + ""]", true): Modify property of object successfully

2018-05-22 19:57:54 - [MESSAGE][PASSED] - Modify property of object successfully

2018-05-22 19:57:54 - [TEST_STEP][PASSED] - Statement - batchsize = com.kms.katalon.core.webui.keyword.WebUiBuiltInKeywords.getNumberOfTotalOption(batchlength): 9 options of object '' counted

2018-05-22 19:57:54 - [MESSAGE][PASSED] - 9 options of object '' counted

2018-05-22 19:57:54 - [TEST_STEP][PASSED] - Statement - out.println("BatchSize : " + batchsize): null

2018-05-22 19:57:54 - [TEST_STEP][PASSED] - Statement - For ([n = 1, n <= batchsize - 1, (n++)]): null

2018-05-22 19:57:54 - [TEST_STEP][PASSED] - Statement - product = new com.kms.katalon.core.testobject.TestObject(): null

2018-05-22 19:57:54 - [TEST_STEP][PASSED] - Statement - product = com.kms.katalon.core.webui.keyword.WebUiBuiltInKeywords.modifyObjectProperty(product, "xpath", "equals", "//*[@id = "fldvendor" + row + ""]", true): Modify property of object successfully

2018-05-22 19:57:54 - [MESSAGE][PASSED] - Modify property of object successfully

2018-05-22 19:57:54 - [TEST_STEP][PASSED] - selectOptionByIndex: All options with index in [1] are selected on object ''

2018-05-22 19:57:55 - [MESSAGE][PASSED] - All options with index in [1] are selected on object ''

2018-05-22 19:57:55 - [TEST_STEP][PASSED] - Statement - batch = new com.kms.katalon.core.testobject.TestObject(): null

2018-05-22 19:57:55 - [TEST_STEP][PASSED] - Statement - batch = com.kms.katalon.core.webui.keyword.WebUiBuiltInKeywords.modifyObjectProperty(batch, "xpath", "equals", "//*[@id = "txtbthqty" + row + ""]", true): Modify property of object successfully

2018-05-22 19:57:55 - [MESSAGE][PASSED] - Modify property of object successfully

2018-05-22 19:57:55 - [TEST_STEP][PASSED] - Statement - batchqty = com.kms.katalon.core.webui.keyword.WebUiBuiltInKeywords.getAttribute(batch, "value").trim(): Attribute 'value' of object '' is: '3300'

2018-05-22 19:57:55 - [MESSAGE][PASSED] - Attribute 'value' of object '' is: '3300'

2018-05-22 19:57:55 - [TEST_STEP][PASSED] - Statement - Rqty = 100: null

2018-05-22 19:57:55 - [TEST_STEP][PASSED] - delay: Delayed 2 second(s)

2018-05-22 19:57:57 - [MESSAGE][PASSED] - Delayed 2 second(s)

2018-05-22 19:57:57 - [TEST_STEP][PASSED] - Statement - out.println("BatchQty : " + batchqty): null

2018-05-22 19:57:57 - [TEST_STEP][PASSED] - Statement - out.println("RQty : " + Rqty): null

2018-05-22 19:57:57 - [TEST_STEP][PASSED] - Statement - If (java.lang.Integer.valueOf(batchqty) >= java.lang.Integer.valueOf(Rqty)): null

2018-05-22 19:57:57 - [TEST_STEP][PASSED] - Statement - Break: null

2018-05-22 19:57:57 - [TEST_STEP][PASSED] - Statement - batchlength = new com.kms.katalon.core.testobject.TestObject(): null

2018-05-22 19:57:57 - [TEST_STEP][PASSED] - Statement - batchlength = com.kms.katalon.core.webui.keyword.WebUiBuiltInKeywords.modifyObjectProperty(batchlength, "xpath", "equals", "//*[@id = "fldvendor" + row + ""]", true): Modify property of object successfully

2018-05-22 19:57:57 - [MESSAGE][PASSED] - Modify property of object successfully

2018-05-22 19:57:57 - [TEST_STEP][PASSED] - Statement - batchsize = com.kms.katalon.core.webui.keyword.WebUiBuiltInKeywords.getNumberOfTotalOption(batchlength): 9 options of object '' counted

2018-05-22 19:57:57 - [MESSAGE][PASSED] - 9 options of object '' counted

2018-05-22 19:57:57 - [TEST_STEP][PASSED] - Statement - out.println("BatchSize : " + batchsize): null

2018-05-22 19:57:57 - [TEST_STEP][PASSED] - Statement - For ([n = 1, n <= batchsize - 1, (n++)]): null

2018-05-22 19:57:57 - [TEST_STEP][PASSED] - Statement - product = new com.kms.katalon.core.testobject.TestObject(): null

2018-05-22 19:57:57 - [TEST_STEP][PASSED] - Statement - product = com.kms.katalon.core.webui.keyword.WebUiBuiltInKeywords.modifyObjectProperty(product, "xpath", "equals", "//*[@id = "fldvendor" + row + ""]", true): Modify property of object successfully

2018-05-22 19:57:57 - [MESSAGE][PASSED] - Modify property of object successfully

2018-05-22 19:57:57 - [TEST_STEP][PASSED] - selectOptionByIndex: All options with index in [1] are selected on object ''

2018-05-22 19:57:57 - [MESSAGE][PASSED] - All options with index in [1] are selected on object ''

2018-05-22 19:57:57 - [TEST_STEP][PASSED] - Statement - batch = new com.kms.katalon.core.testobject.TestObject(): null

2018-05-22 19:57:57 - [TEST_STEP][PASSED] - Statement - batch = com.kms.katalon.core.webui.keyword.WebUiBuiltInKeywords.modifyObjectProperty(batch, "xpath", "equals", "//*[@id = "txtbthqty" + row + ""]", true): Modify property of object successfully

2018-05-22 19:57:57 - [MESSAGE][PASSED] - Modify property of object successfully

2018-05-22 19:57:57 - [TEST_STEP][PASSED] - Statement - batchqty = com.kms.katalon.core.webui.keyword.WebUiBuiltInKeywords.getAttribute(batch, "value").trim(): Attribute 'value' of object '' is: '4300'

2018-05-22 19:57:57 - [MESSAGE][PASSED] - Attribute 'value' of object '' is: '4300'

2018-05-22 19:57:57 - [TEST_STEP][PASSED] - Statement - Rqty = 100: null

2018-05-22 19:57:57 - [TEST_STEP][PASSED] - delay: Delayed 2 second(s)

2018-05-22 19:57:59 - [MESSAGE][PASSED] - Delayed 2 second(s)

2018-05-22 19:57:59 - [TEST_STEP][PASSED] - Statement - out.println("BatchQty : " + batchqty): null

2018-05-22 19:57:59 - [TEST_STEP][PASSED] - Statement - out.println("RQty : " + Rqty): null

2018-05-22 19:57:59 - [TEST_STEP][PASSED] - Statement - If (java.lang.Integer.valueOf(batchqty) >= java.lang.Integer.valueOf(Rqty)): null

2018-05-22 19:57:59 - [TEST_STEP][PASSED] - Statement - Break: null

2018-05-22 19:57:59 - [TEST_STEP][PASSED] - Statement - batchlength = new com.kms.katalon.core.testobject.TestObject(): null

2018-05-22 19:57:59 - [TEST_STEP][PASSED] - Statement - batchlength = com.kms.katalon.core.webui.keyword.WebUiBuiltInKeywords.modifyObjectProperty(batchlength, "xpath", "equals", "//*[@id = "fldvendor" + row + ""]", true): Modify property of object successfully

2018-05-22 19:57:59 - [MESSAGE][PASSED] - Modify property of object successfully

2018-05-22 19:57:59 - [TEST_STEP][PASSED] - Statement - batchsize = com.kms.katalon.core.webui.keyword.WebUiBuiltInKeywords.getNumberOfTotalOption(batchlength): 9 options of object '' counted

2018-05-22 19:57:59 - [MESSAGE][PASSED] - 9 options of object '' counted

2018-05-22 19:57:59 - [TEST_STEP][PASSED] - Statement - out.println("BatchSize : " + batchsize): null

2018-05-22 19:57:59 - [TEST_STEP][PASSED] - Statement - For ([n = 1, n <= batchsize - 1, (n++)]): null

2018-05-22 19:57:59 - [TEST_STEP][PASSED] - Statement - product = new com.kms.katalon.core.testobject.TestObject(): null

2018-05-22 19:57:59 - [TEST_STEP][PASSED] - Statement - product = com.kms.katalon.core.webui.keyword.WebUiBuiltInKeywords.modifyObjectProperty(product, "xpath", "equals", "//*[@id = "fldvendor" + row + ""]", true): Modify property of object successfully

2018-05-22 19:57:59 - [MESSAGE][PASSED] - Modify property of object successfully

2018-05-22 19:57:59 - [TEST_STEP][PASSED] - selectOptionByIndex: All options with index in [1] are selected on object ''

2018-05-22 19:57:59 - [MESSAGE][PASSED] - All options with index in [1] are selected on object ''

2018-05-22 19:57:59 - [TEST_STEP][PASSED] - Statement - batch = new com.kms.katalon.core.testobject.TestObject(): null

2018-05-22 19:57:59 - [TEST_STEP][PASSED] - Statement - batch = com.kms.katalon.core.webui.keyword.WebUiBuiltInKeywords.modifyObjectProperty(batch, "xpath", "equals", "//*[@id = "txtbthqty" + row + ""]", true): Modify property of object successfully

2018-05-22 19:57:59 - [MESSAGE][PASSED] - Modify property of object successfully

2018-05-22 19:57:59 - [TEST_STEP][PASSED] - Statement - batchqty = com.kms.katalon.core.webui.keyword.WebUiBuiltInKeywords.getAttribute(batch, "value").trim(): Attribute 'value' of object '' is: '4300'

2018-05-22 19:57:59 - [MESSAGE][PASSED] - Attribute 'value' of object '' is: '4300'

2018-05-22 19:57:59 - [TEST_STEP][PASSED] - Statement - Rqty = 100: null

2018-05-22 19:57:59 - [TEST_STEP][PASSED] - delay: Delayed 2 second(s)

2018-05-22 19:58:01 - [MESSAGE][PASSED] - Delayed 2 second(s)

2018-05-22 19:58:01 - [TEST_STEP][PASSED] - Statement - out.println("BatchQty : " + batchqty): null

2018-05-22 19:58:01 - [TEST_STEP][PASSED] - Statement - out.println("RQty : " + Rqty): null

2018-05-22 19:58:01 - [TEST_STEP][PASSED] - Statement - If (java.lang.Integer.valueOf(batchqty) >= java.lang.Integer.valueOf(Rqty)): null

2018-05-22 19:58:01 - [TEST_STEP][PASSED] - Statement - Break: null

2018-05-22 19:58:01 - [TEST_STEP][PASSED] - Statement - batchlength = new com.kms.katalon.core.testobject.TestObject(): null

2018-05-22 19:58:01 - [TEST_STEP][PASSED] - Statement - batchlength = com.kms.katalon.core.webui.keyword.WebUiBuiltInKeywords.modifyObjectProperty(batchlength, "xpath", "equals", "//*[@id = "fldvendor" + row + ""]", true): Modify property of object successfully

2018-05-22 19:58:01 - [MESSAGE][PASSED] - Modify property of object successfully

2018-05-22 19:58:01 - [TEST_STEP][PASSED] - Statement - batchsize = com.kms.katalon.core.webui.keyword.WebUiBuiltInKeywords.getNumberOfTotalOption(batchlength): 9 options of object '' counted

2018-05-22 19:58:01 - [MESSAGE][PASSED] - 9 options of object '' counted

2018-05-22 19:58:01 - [TEST_STEP][PASSED] - Statement - out.println("BatchSize : " + batchsize): null

2018-05-22 19:58:01 - [TEST_STEP][PASSED] - Statement - For ([n = 1, n <= batchsize - 1, (n++)]): null

2018-05-22 19:58:01 - [TEST_STEP][PASSED] - Statement - product = new com.kms.katalon.core.testobject.TestObject(): null

2018-05-22 19:58:01 - [TEST_STEP][PASSED] - Statement - product = com.kms.katalon.core.webui.keyword.WebUiBuiltInKeywords.modifyObjectProperty(product, "xpath", "equals", "//*[@id = "fldvendor" + row + ""]", true): Modify property of object successfully

2018-05-22 19:58:01 - [MESSAGE][PASSED] - Modify property of object successfully

2018-05-22 19:58:01 - [TEST_STEP][PASSED] - selectOptionByIndex: All options with index in [1] are selected on object ''

2018-05-22 19:58:01 - [MESSAGE][PASSED] - All options with index in [1] are selected on object ''

2018-05-22 19:58:01 - [TEST_STEP][PASSED] - Statement - batch = new com.kms.katalon.core.testobject.TestObject(): null

2018-05-22 19:58:01 - [TEST_STEP][PASSED] - Statement - batch = com.kms.katalon.core.webui.keyword.WebUiBuiltInKeywords.modifyObjectProperty(batch, "xpath", "equals", "//*[@id = "txtbthqty" + row + ""]", true): Modify property of object successfully

2018-05-22 19:58:01 - [MESSAGE][PASSED] - Modify property of object successfully

2018-05-22 19:58:01 - [TEST_STEP][PASSED] - Statement - batchqty = com.kms.katalon.core.webui.keyword.WebUiBuiltInKeywords.getAttribute(batch, "value").trim(): Attribute 'value' of object '' is: '3300'

2018-05-22 19:58:01 - [MESSAGE][PASSED] - Attribute 'value' of object '' is: '3300'

2018-05-22 19:58:01 - [TEST_STEP][PASSED] - Statement - Rqty = 100: null

2018-05-22 19:58:01 - [TEST_STEP][PASSED] - delay: Delayed 2 second(s)

2018-05-22 19:58:03 - [MESSAGE][PASSED] - Delayed 2 second(s)

2018-05-22 19:58:03 - [TEST_STEP][PASSED] - Statement - out.println("BatchQty : " + batchqty): null

2018-05-22 19:58:03 - [TEST_STEP][PASSED] - Statement - out.println("RQty : " + Rqty): null

2018-05-22 19:58:03 - [TEST_STEP][PASSED] - Statement - If (java.lang.Integer.valueOf(batchqty) >= java.lang.Integer.valueOf(Rqty)): null

2018-05-22 19:58:03 - [TEST_STEP][PASSED] - Statement - Break: null

2018-05-22 19:58:03 - [TEST_STEP][PASSED] - Statement - batchlength = new com.kms.katalon.core.testobject.TestObject(): null

2018-05-22 19:58:03 - [TEST_STEP][PASSED] - Statement - batchlength = com.kms.katalon.core.webui.keyword.WebUiBuiltInKeywords.modifyObjectProperty(batchlength, "xpath", "equals", "//*[@id = "fldvendor" + row + ""]", true): Modify property of object successfully

2018-05-22 19:58:03 - [MESSAGE][PASSED] - Modify property of object successfully

2018-05-22 19:58:03 - [TEST_STEP][PASSED] - Statement - batchsize = com.kms.katalon.core.webui.keyword.WebUiBuiltInKeywords.getNumberOfTotalOption(batchlength): 9 options of object '' counted

2018-05-22 19:58:03 - [MESSAGE][PASSED] - 9 options of object '' counted

2018-05-22 19:58:03 - [TEST_STEP][PASSED] - Statement - out.println("BatchSize : " + batchsize): null

2018-05-22 19:58:03 - [TEST_STEP][PASSED] - Statement - For ([n = 1, n <= batchsize - 1, (n++)]): null

2018-05-22 19:58:03 - [TEST_STEP][PASSED] - Statement - product = new com.kms.katalon.core.testobject.TestObject(): null

2018-05-22 19:58:03 - [TEST_STEP][PASSED] - Statement - product = com.kms.katalon.core.webui.keyword.WebUiBuiltInKeywords.modifyObjectProperty(product, "xpath", "equals", "//*[@id = "fldvendor" + row + ""]", true): Modify property of object successfully

2018-05-22 19:58:03 - [MESSAGE][PASSED] - Modify property of object successfully

2018-05-22 19:58:03 - [TEST_STEP][PASSED] - selectOptionByIndex: All options with index in [1] are selected on object ''

2018-05-22 19:58:04 - [MESSAGE][PASSED] - All options with index in [1] are selected on object ''

2018-05-22 19:58:04 - [TEST_STEP][PASSED] - Statement - batch = new com.kms.katalon.core.testobject.TestObject(): null

2018-05-22 19:58:04 - [TEST_STEP][PASSED] - Statement - batch = com.kms.katalon.core.webui.keyword.WebUiBuiltInKeywords.modifyObjectProperty(batch, "xpath", "equals", "//*[@id = "txtbthqty" + row + ""]", true): Modify property of object successfully

2018-05-22 19:58:04 - [MESSAGE][PASSED] - Modify property of object successfully

2018-05-22 19:58:04 - [TEST_STEP][PASSED] - Statement - batchqty = com.kms.katalon.core.webui.keyword.WebUiBuiltInKeywords.getAttribute(batch, "value").trim(): Attribute 'value' of object '' is: '39300'

2018-05-22 19:58:04 - [MESSAGE][PASSED] - Attribute 'value' of object '' is: '39300'

2018-05-22 19:58:04 - [TEST_STEP][PASSED] - Statement - Rqty = 100: null

2018-05-22 19:58:04 - [TEST_STEP][PASSED] - delay: Delayed 2 second(s)

2018-05-22 19:58:06 - [MESSAGE][PASSED] - Delayed 2 second(s)

2018-05-22 19:58:06 - [TEST_STEP][PASSED] - Statement - out.println("BatchQty : " + batchqty): null

2018-05-22 19:58:06 - [TEST_STEP][PASSED] - Statement - out.println("RQty : " + Rqty): null

2018-05-22 19:58:06 - [TEST_STEP][PASSED] - Statement - If (java.lang.Integer.valueOf(batchqty) >= java.lang.Integer.valueOf(Rqty)): null

2018-05-22 19:58:06 - [TEST_STEP][PASSED] - Statement - Break: null

2018-05-22 19:58:06 - [TEST_STEP][PASSED] - Statement - batchlength = new com.kms.katalon.core.testobject.TestObject(): null

2018-05-22 19:58:06 - [TEST_STEP][PASSED] - Statement - batchlength = com.kms.katalon.core.webui.keyword.WebUiBuiltInKeywords.modifyObjectProperty(batchlength, "xpath", "equals", "//*[@id = "fldvendor" + row + ""]", true): Modify property of object successfully

2018-05-22 19:58:06 - [MESSAGE][PASSED] - Modify property of object successfully

2018-05-22 19:58:06 - [TEST_STEP][PASSED] - Statement - batchsize = com.kms.katalon.core.webui.keyword.WebUiBuiltInKeywords.getNumberOfTotalOption(batchlength): 9 options of object '' counted

2018-05-22 19:58:06 - [MESSAGE][PASSED] - 9 options of object '' counted

2018-05-22 19:58:06 - [TEST_STEP][PASSED] - Statement - out.println("BatchSize : " + batchsize): null

2018-05-22 19:58:06 - [TEST_STEP][PASSED] - Statement - For ([n = 1, n <= batchsize - 1, (n++)]): null

2018-05-22 19:58:06 - [TEST_STEP][PASSED] - Statement - product = new com.kms.katalon.core.testobject.TestObject(): null

2018-05-22 19:58:06 - [TEST_STEP][PASSED] - Statement - product = com.kms.katalon.core.webui.keyword.WebUiBuiltInKeywords.modifyObjectProperty(product, "xpath", "equals", "//*[@id = "fldvendor" + row + ""]", true): Modify property of object successfully

2018-05-22 19:58:06 - [MESSAGE][PASSED] - Modify property of object successfully

2018-05-22 19:58:06 - [TEST_STEP][PASSED] - selectOptionByIndex: All options with index in [1] are selected on object ''

2018-05-22 19:58:06 - [MESSAGE][PASSED] - All options with index in [1] are selected on object ''

2018-05-22 19:58:06 - [TEST_STEP][PASSED] - Statement - batch = new com.kms.katalon.core.testobject.TestObject(): null

2018-05-22 19:58:06 - [TEST_STEP][PASSED] - Statement - batch = com.kms.katalon.core.webui.keyword.WebUiBuiltInKeywords.modifyObjectProperty(batch, "xpath", "equals", "//*[@id = "txtbthqty" + row + ""]", true): Modify property of object successfully

2018-05-22 19:58:06 - [MESSAGE][PASSED] - Modify property of object successfully

2018-05-22 19:58:06 - [TEST_STEP][PASSED] - Statement - batchqty = com.kms.katalon.core.webui.keyword.WebUiBuiltInKeywords.getAttribute(batch, "value").trim(): Attribute 'value' of object '' is: '3300'

2018-05-22 19:58:06 - [MESSAGE][PASSED] - Attribute 'value' of object '' is: '3300'

2018-05-22 19:58:06 - [TEST_STEP][PASSED] - Statement - Rqty = 100: null

2018-05-22 19:58:06 - [TEST_STEP][PASSED] - delay: Delayed 2 second(s)

2018-05-22 19:58:08 - [MESSAGE][PASSED] - Delayed 2 second(s)

2018-05-22 19:58:08 - [TEST_STEP][PASSED] - Statement - out.println("BatchQty : " + batchqty): null

2018-05-22 19:58:08 - [TEST_STEP][PASSED] - Statement - out.println("RQty : " + Rqty): null

2018-05-22 19:58:08 - [TEST_STEP][PASSED] - Statement - If (java.lang.Integer.valueOf(batchqty) >= java.lang.Integer.valueOf(Rqty)): null

2018-05-22 19:58:08 - [TEST_STEP][PASSED] - Statement - Break: null

2018-05-22 19:58:08 - [TEST_STEP][PASSED] - Statement - batchlength = new com.kms.katalon.core.testobject.TestObject(): null

2018-05-22 19:58:08 - [TEST_STEP][PASSED] - Statement - batchlength = com.kms.katalon.core.webui.keyword.WebUiBuiltInKeywords.modifyObjectProperty(batchlength, "xpath", "equals", "//*[@id = "fldvendor" + row + ""]", true): Modify property of object successfully

2018-05-22 19:58:08 - [MESSAGE][PASSED] - Modify property of object successfully

2018-05-22 19:58:08 - [TEST_STEP][PASSED] - Statement - batchsize = com.kms.katalon.core.webui.keyword.WebUiBuiltInKeywords.getNumberOfTotalOption(batchlength): 9 options of object '' counted

2018-05-22 19:58:08 - [MESSAGE][PASSED] - 9 options of object '' counted

2018-05-22 19:58:08 - [TEST_STEP][PASSED] - Statement - out.println("BatchSize : " + batchsize): null

2018-05-22 19:58:08 - [TEST_STEP][PASSED] - Statement - For ([n = 1, n <= batchsize - 1, (n++)]): null

2018-05-22 19:58:08 - [TEST_STEP][PASSED] - Statement - product = new com.kms.katalon.core.testobject.TestObject(): null

2018-05-22 19:58:08 - [TEST_STEP][PASSED] - Statement - product = com.kms.katalon.core.webui.keyword.WebUiBuiltInKeywords.modifyObjectProperty(product, "xpath", "equals", "//*[@id = "fldvendor" + row + ""]", true): Modify property of object successfully

2018-05-22 19:58:08 - [MESSAGE][PASSED] - Modify property of object successfully

2018-05-22 19:58:08 - [TEST_STEP][PASSED] - selectOptionByIndex: All options with index in [1] are selected on object ''

2018-05-22 19:58:08 - [MESSAGE][PASSED] - All options with index in [1] are selected on object ''

2018-05-22 19:58:08 - [TEST_STEP][PASSED] - Statement - batch = new com.kms.katalon.core.testobject.TestObject(): null

2018-05-22 19:58:08 - [TEST_STEP][PASSED] - Statement - batch = com.kms.katalon.core.webui.keyword.WebUiBuiltInKeywords.modifyObjectProperty(batch, "xpath", "equals", "//*[@id = "txtbthqty" + row + ""]", true): Modify property of object successfully

2018-05-22 19:58:08 - [MESSAGE][PASSED] - Modify property of object successfully

2018-05-22 19:58:08 - [TEST_STEP][PASSED] - Statement - batchqty = com.kms.katalon.core.webui.keyword.WebUiBuiltInKeywords.getAttribute(batch, "value").trim(): Attribute 'value' of object '' is: '4300'

2018-05-22 19:58:08 - [MESSAGE][PASSED] - Attribute 'value' of object '' is: '4300'

2018-05-22 19:58:08 - [TEST_STEP][PASSED] - Statement - Rqty = 100: null

2018-05-22 19:58:08 - [TEST_STEP][PASSED] - delay: Delayed 2 second(s)

2018-05-22 19:58:10 - [MESSAGE][PASSED] - Delayed 2 second(s)

2018-05-22 19:58:10 - [TEST_STEP][PASSED] - Statement - out.println("BatchQty : " + batchqty): null

2018-05-22 19:58:10 - [TEST_STEP][PASSED] - Statement - out.println("RQty : " + Rqty): null

2018-05-22 19:58:10 - [TEST_STEP][PASSED] - Statement - If (java.lang.Integer.valueOf(batchqty) >= java.lang.Integer.valueOf(Rqty)): null

2018-05-22 19:58:10 - [TEST_STEP][PASSED] - Statement - Break: null

2018-05-22 19:58:10 - [TEST_STEP][PASSED] - Statement - batchlength = new com.kms.katalon.core.testobject.TestObject(): null

2018-05-22 19:58:10 - [TEST_STEP][PASSED] - Statement - batchlength = com.kms.katalon.core.webui.keyword.WebUiBuiltInKeywords.modifyObjectProperty(batchlength, "xpath", "equals", "//*[@id = "fldvendor" + row + ""]", true): Modify property of object successfully

2018-05-22 19:58:10 - [MESSAGE][PASSED] - Modify property of object successfully

2018-05-22 19:58:10 - [TEST_STEP][PASSED] - Statement - batchsize = com.kms.katalon.core.webui.keyword.WebUiBuiltInKeywords.getNumberOfTotalOption(batchlength): 9 options of object '' counted

2018-05-22 19:58:10 - [MESSAGE][PASSED] - 9 options of object '' counted

2018-05-22 19:58:10 - [TEST_STEP][PASSED] - Statement - out.println("BatchSize : " + batchsize): null

2018-05-22 19:58:10 - [TEST_STEP][PASSED] - Statement - For ([n = 1, n <= batchsize - 1, (n++)]): null

2018-05-22 19:58:11 - [TEST_STEP][PASSED] - Statement - product = new com.kms.katalon.core.testobject.TestObject(): null

2018-05-22 19:58:11 - [TEST_STEP][PASSED] - Statement - product = com.kms.katalon.core.webui.keyword.WebUiBuiltInKeywords.modifyObjectProperty(product, "xpath", "equals", "//*[@id = "fldvendor" + row + ""]", true): Modify property of object successfully

2018-05-22 19:58:11 - [MESSAGE][PASSED] - Modify property of object successfully

2018-05-22 19:58:11 - [TEST_STEP][PASSED] - selectOptionByIndex: All options with index in [1] are selected on object ''

2018-05-22 19:58:11 - [MESSAGE][PASSED] - All options with index in [1] are selected on object ''

2018-05-22 19:58:11 - [TEST_STEP][PASSED] - Statement - batch = new com.kms.katalon.core.testobject.TestObject(): null

2018-05-22 19:58:11 - [TEST_STEP][PASSED] - Statement - batch = com.kms.katalon.core.webui.keyword.WebUiBuiltInKeywords.modifyObjectProperty(batch, "xpath", "equals", "//*[@id = "txtbthqty" + row + ""]", true): Modify property of object successfully

2018-05-22 19:58:11 - [MESSAGE][PASSED] - Modify property of object successfully

2018-05-22 19:58:11 - [TEST_STEP][PASSED] - Statement - batchqty = com.kms.katalon.core.webui.keyword.WebUiBuiltInKeywords.getAttribute(batch, "value").trim(): Attribute 'value' of object '' is: '3300'

2018-05-22 19:58:11 - [MESSAGE][PASSED] - Attribute 'value' of object '' is: '3300'

2018-05-22 19:58:11 - [TEST_STEP][PASSED] - Statement - Rqty = 100: null

2018-05-22 19:58:11 - [TEST_STEP][PASSED] - delay: Delayed 2 second(s)

2018-05-22 19:58:13 - [MESSAGE][PASSED] - Delayed 2 second(s)

2018-05-22 19:58:13 - [TEST_STEP][PASSED] - Statement - out.println("BatchQty : " + batchqty): null

2018-05-22 19:58:13 - [TEST_STEP][PASSED] - Statement - out.println("RQty : " + Rqty): null

2018-05-22 19:58:13 - [TEST_STEP][PASSED] - Statement - If (java.lang.Integer.valueOf(batchqty) >= java.lang.Integer.valueOf(Rqty)): null

2018-05-22 19:58:13 - [TEST_STEP][PASSED] - Statement - Break: null

2018-05-22 19:58:13 - [TEST_STEP][PASSED] - Statement - batchlength = new com.kms.katalon.core.testobject.TestObject(): null

2018-05-22 19:58:13 - [TEST_STEP][PASSED] - Statement - batchlength = com.kms.katalon.core.webui.keyword.WebUiBuiltInKeywords.modifyObjectProperty(batchlength, "xpath", "equals", "//*[@id = "fldvendor" + row + ""]", true): Modify property of object successfully

2018-05-22 19:58:13 - [MESSAGE][PASSED] - Modify property of object successfully

2018-05-22 19:58:13 - [TEST_STEP][PASSED] - Statement - batchsize = com.kms.katalon.core.webui.keyword.WebUiBuiltInKeywords.getNumberOfTotalOption(batchlength): 9 options of object '' counted

2018-05-22 19:58:13 - [MESSAGE][PASSED] - 9 options of object '' counted

2018-05-22 19:58:13 - [TEST_STEP][PASSED] - Statement - out.println("BatchSize : " + batchsize): null

2018-05-22 19:58:13 - [TEST_STEP][PASSED] - Statement - For ([n = 1, n <= batchsize - 1, (n++)]): null

2018-05-22 19:58:13 - [TEST_STEP][PASSED] - Statement - product = new com.kms.katalon.core.testobject.TestObject(): null

2018-05-22 19:58:13 - [TEST_STEP][PASSED] - Statement - product = com.kms.katalon.core.webui.keyword.WebUiBuiltInKeywords.modifyObjectProperty(product, "xpath", "equals", "//*[@id = "fldvendor" + row + ""]", true): Modify property of object successfully

2018-05-22 19:58:13 - [MESSAGE][PASSED] - Modify property of object successfully

2018-05-22 19:58:13 - [TEST_STEP][PASSED] - selectOptionByIndex: All options with index in [1] are selected on object ''

2018-05-22 19:58:13 - [MESSAGE][PASSED] - All options with index in [1] are selected on object ''

2018-05-22 19:58:13 - [TEST_STEP][PASSED] - Statement - batch = new com.kms.katalon.core.testobject.TestObject(): null

2018-05-22 19:58:13 - [TEST_STEP][PASSED] - Statement - batch = com.kms.katalon.core.webui.keyword.WebUiBuiltInKeywords.modifyObjectProperty(batch, "xpath", "equals", "//*[@id = "txtbthqty" + row + ""]", true): Modify property of object successfully

2018-05-22 19:58:13 - [MESSAGE][PASSED] - Modify property of object successfully

2018-05-22 19:58:13 - [TEST_STEP][PASSED] - Statement - batchqty = com.kms.katalon.core.webui.keyword.WebUiBuiltInKeywords.getAttribute(batch, "value").trim(): Attribute 'value' of object '' is: '4300'

2018-05-22 19:58:13 - [MESSAGE][PASSED] - Attribute 'value' of object '' is: '4300'

2018-05-22 19:58:13 - [TEST_STEP][PASSED] - Statement - Rqty = 100: null

2018-05-22 19:58:13 - [TEST_STEP][PASSED] - delay: Delayed 2 second(s)

2018-05-22 19:58:15 - [MESSAGE][PASSED] - Delayed 2 second(s)

2018-05-22 19:58:15 - [TEST_STEP][PASSED] - Statement - out.println("BatchQty : " + batchqty): null

2018-05-22 19:58:15 - [TEST_STEP][PASSED] - Statement - out.println("RQty : " + Rqty): null

2018-05-22 19:58:15 - [TEST_STEP][PASSED] - Statement - If (java.lang.Integer.valueOf(batchqty) >= java.lang.Integer.valueOf(Rqty)): null

2018-05-22 19:58:15 - [TEST_STEP][PASSED] - Statement - Break: null

2018-05-22 19:58:15 - [TEST_STEP][PASSED] - Statement - batchlength = new com.kms.katalon.core.testobject.TestObject(): null

2018-05-22 19:58:15 - [TEST_STEP][PASSED] - Statement - batchlength = com.kms.katalon.core.webui.keyword.WebUiBuiltInKeywords.modifyObjectProperty(batchlength, "xpath", "equals", "//*[@id = "fldvendor" + row + ""]", true): Modify property of object successfully

2018-05-22 19:58:15 - [MESSAGE][PASSED] - Modify property of object successfully

2018-05-22 19:58:15 - [TEST_STEP][PASSED] - Statement - batchsize = com.kms.katalon.core.webui.keyword.WebUiBuiltInKeywords.getNumberOfTotalOption(batchlength): 9 options of object '' counted

2018-05-22 19:58:15 - [MESSAGE][PASSED] - 9 options of object '' counted

2018-05-22 19:58:15 - [TEST_STEP][PASSED] - Statement - out.println("BatchSize : " + batchsize): null

2018-05-22 19:58:15 - [TEST_STEP][PASSED] - Statement - For ([n = 1, n <= batchsize - 1, (n++)]): null

2018-05-22 19:58:15 - [TEST_STEP][PASSED] - Statement - product = new com.kms.katalon.core.testobject.TestObject(): null

2018-05-22 19:58:15 - [TEST_STEP][PASSED] - Statement - product = com.kms.katalon.core.webui.keyword.WebUiBuiltInKeywords.modifyObjectProperty(product, "xpath", "equals", "//*[@id = "fldvendor" + row + ""]", true): Modify property of object successfully

2018-05-22 19:58:15 - [MESSAGE][PASSED] - Modify property of object successfully

2018-05-22 19:58:15 - [TEST_STEP][PASSED] - selectOptionByIndex: All options with index in [1] are selected on object ''

2018-05-22 19:58:15 - [MESSAGE][PASSED] - All options with index in [1] are selected on object ''

2018-05-22 19:58:15 - [TEST_STEP][PASSED] - Statement - batch = new com.kms.katalon.core.testobject.TestObject(): null

2018-05-22 19:58:15 - [TEST_STEP][PASSED] - Statement - batch = com.kms.katalon.core.webui.keyword.WebUiBuiltInKeywords.modifyObjectProperty(batch, "xpath", "equals", "//*[@id = "txtbthqty" + row + ""]", true): Modify property of object successfully

2018-05-22 19:58:15 - [MESSAGE][PASSED] - Modify property of object successfully

2018-05-22 19:58:15 - [TEST_STEP][PASSED] - Statement - batchqty = com.kms.katalon.core.webui.keyword.WebUiBuiltInKeywords.getAttribute(batch, "value").trim(): Attribute 'value' of object '' is: '3300'

2018-05-22 19:58:15 - [MESSAGE][PASSED] - Attribute 'value' of object '' is: '3300'

2018-05-22 19:58:15 - [TEST_STEP][PASSED] - Statement - Rqty = 100: null

2018-05-22 19:58:15 - [TEST_STEP][PASSED] - delay: Delayed 2 second(s)

2018-05-22 19:58:17 - [MESSAGE][PASSED] - Delayed 2 second(s)

2018-05-22 19:58:17 - [TEST_STEP][PASSED] - Statement - out.println("BatchQty : " + batchqty): null

2018-05-22 19:58:17 - [TEST_STEP][PASSED] - Statement - out.println("RQty : " + Rqty): null

2018-05-22 19:58:17 - [TEST_STEP][PASSED] - Statement - If (java.lang.Integer.valueOf(batchqty) >= java.lang.Integer.valueOf(Rqty)): null

2018-05-22 19:58:17 - [TEST_STEP][PASSED] - Statement - Break: null

2018-05-22 19:58:17 - [TEST_STEP][PASSED] - Statement - batchlength = new com.kms.katalon.core.testobject.TestObject(): null

2018-05-22 19:58:17 - [TEST_STEP][PASSED] - Statement - batchlength = com.kms.katalon.core.webui.keyword.WebUiBuiltInKeywords.modifyObjectProperty(batchlength, "xpath", "equals", "//*[@id = "fldvendor" + row + ""]", true): Modify property of object successfully

2018-05-22 19:58:17 - [MESSAGE][PASSED] - Modify property of object successfully

2018-05-22 19:58:17 - [TEST_STEP][PASSED] - Statement - batchsize = com.kms.katalon.core.webui.keyword.WebUiBuiltInKeywords.getNumberOfTotalOption(batchlength): 9 options of object '' counted

2018-05-22 19:58:17 - [MESSAGE][PASSED] - 9 options of object '' counted

2018-05-22 19:58:17 - [TEST_STEP][PASSED] - Statement - out.println("BatchSize : " + batchsize): null

2018-05-22 19:58:17 - [TEST_STEP][PASSED] - Statement - For ([n = 1, n <= batchsize - 1, (n++)]): null

2018-05-22 19:58:17 - [TEST_STEP][PASSED] - Statement - product = new com.kms.katalon.core.testobject.TestObject(): null

2018-05-22 19:58:17 - [TEST_STEP][PASSED] - Statement - product = com.kms.katalon.core.webui.keyword.WebUiBuiltInKeywords.modifyObjectProperty(product, "xpath", "equals", "//*[@id = "fldvendor" + row + ""]", true): Modify property of object successfully

2018-05-22 19:58:17 - [MESSAGE][PASSED] - Modify property of object successfully

2018-05-22 19:58:17 - [TEST_STEP][PASSED] - selectOptionByIndex: All options with index in [1] are selected on object ''

2018-05-22 19:58:17 - [MESSAGE][PASSED] - All options with index in [1] are selected on object ''

2018-05-22 19:58:17 - [TEST_STEP][PASSED] - Statement - batch = new com.kms.katalon.core.testobject.TestObject(): null

2018-05-22 19:58:17 - [TEST_STEP][PASSED] - Statement - batch = com.kms.katalon.core.webui.keyword.WebUiBuiltInKeywords.modifyObjectProperty(batch, "xpath", "equals", "//*[@id = "txtbthqty" + row + ""]", true): Modify property of object successfully

2018-05-22 19:58:17 - [MESSAGE][PASSED] - Modify property of object successfully

2018-05-22 19:58:17 - [TEST_STEP][PASSED] - Statement - batchqty = com.kms.katalon.core.webui.keyword.WebUiBuiltInKeywords.getAttribute(batch, "value").trim(): Attribute 'value' of object '' is: '39300'

2018-05-22 19:58:18 - [MESSAGE][PASSED] - Attribute 'value' of object '' is: '39300'

2018-05-22 19:58:18 - [TEST_STEP][PASSED] - Statement - Rqty = 100: null

2018-05-22 19:58:18 - [TEST_STEP][PASSED] - delay: Delayed 2 second(s)

2018-05-22 19:58:20 - [MESSAGE][PASSED] - Delayed 2 second(s)

2018-05-22 19:58:20 - [TEST_STEP][PASSED] - Statement - out.println("BatchQty : " + batchqty): null

2018-05-22 19:58:20 - [TEST_STEP][PASSED] - Statement - out.println("RQty : " + Rqty): null

2018-05-22 19:58:20 - [TEST_STEP][PASSED] - Statement - If (java.lang.Integer.valueOf(batchqty) >= java.lang.Integer.valueOf(Rqty)): null

2018-05-22 19:58:20 - [TEST_STEP][PASSED] - Statement - Break: null

2018-05-22 19:58:20 - [TEST_STEP][PASSED] - Statement - batchlength = new com.kms.katalon.core.testobject.TestObject(): null

2018-05-22 19:58:20 - [TEST_STEP][PASSED] - Statement - batchlength = com.kms.katalon.core.webui.keyword.WebUiBuiltInKeywords.modifyObjectProperty(batchlength, "xpath", "equals", "//*[@id = "fldvendor" + row + ""]", true): Modify property of object successfully

2018-05-22 19:58:20 - [MESSAGE][PASSED] - Modify property of object successfully

2018-05-22 19:58:20 - [TEST_STEP][PASSED] - Statement - batchsize = com.kms.katalon.core.webui.keyword.WebUiBuiltInKeywords.getNumberOfTotalOption(batchlength): 10 options of object '' counted

2018-05-22 19:58:20 - [MESSAGE][PASSED] - 10 options of object '' counted

2018-05-22 19:58:20 - [TEST_STEP][PASSED] - Statement - out.println("BatchSize : " + batchsize): null

2018-05-22 19:58:20 - [TEST_STEP][PASSED] - Statement - For ([n = 1, n <= batchsize - 1, (n++)]): null

2018-05-22 19:58:20 - [TEST_STEP][PASSED] - Statement - product = new com.kms.katalon.core.testobject.TestObject(): null

2018-05-22 19:58:20 - [TEST_STEP][PASSED] - Statement - product = com.kms.katalon.core.webui.keyword.WebUiBuiltInKeywords.modifyObjectProperty(product, "xpath", "equals", "//*[@id = "fldvendor" + row + ""]", true): Modify property of object successfully

2018-05-22 19:58:20 - [MESSAGE][PASSED] - Modify property of object successfully

2018-05-22 19:58:20 - [TEST_STEP][PASSED] - selectOptionByIndex: All options with index in [1] are selected on object ''

2018-05-22 19:58:20 - [MESSAGE][PASSED] - All options with index in [1] are selected on object ''

2018-05-22 19:58:20 - [TEST_STEP][PASSED] - Statement - batch = new com.kms.katalon.core.testobject.TestObject(): null

2018-05-22 19:58:20 - [TEST_STEP][PASSED] - Statement - batch = com.kms.katalon.core.webui.keyword.WebUiBuiltInKeywords.modifyObjectProperty(batch, "xpath", "equals", "//*[@id = "txtbthqty" + row + ""]", true): Modify property of object successfully

2018-05-22 19:58:20 - [MESSAGE][PASSED] - Modify property of object successfully

2018-05-22 19:58:20 - [TEST_STEP][PASSED] - Statement - batchqty = com.kms.katalon.core.webui.keyword.WebUiBuiltInKeywords.getAttribute(batch, "value").trim(): Attribute 'value' of object '' is: '4300'

2018-05-22 19:58:20 - [MESSAGE][PASSED] - Attribute 'value' of object '' is: '4300'

2018-05-22 19:58:20 - [TEST_STEP][PASSED] - Statement - Rqty = 100: null

2018-05-22 19:58:20 - [TEST_STEP][PASSED] - delay: Delayed 2 second(s)

2018-05-22 19:58:22 - [MESSAGE][PASSED] - Delayed 2 second(s)

2018-05-22 19:58:22 - [TEST_STEP][PASSED] - Statement - out.println("BatchQty : " + batchqty): null

2018-05-22 19:58:22 - [TEST_STEP][PASSED] - Statement - out.println("RQty : " + Rqty): null

2018-05-22 19:58:22 - [TEST_STEP][PASSED] - Statement - If (java.lang.Integer.valueOf(batchqty) >= java.lang.Integer.valueOf(Rqty)): null

2018-05-22 19:58:22 - [TEST_STEP][PASSED] - Statement - Break: null

2018-05-22 19:58:22 - [TEST_STEP][PASSED] - Statement - batchlength = new com.kms.katalon.core.testobject.TestObject(): null

2018-05-22 19:58:22 - [TEST_STEP][PASSED] - Statement - batchlength = com.kms.katalon.core.webui.keyword.WebUiBuiltInKeywords.modifyObjectProperty(batchlength, "xpath", "equals", "//*[@id = "fldvendor" + row + ""]", true): Modify property of object successfully

2018-05-22 19:58:22 - [MESSAGE][PASSED] - Modify property of object successfully

2018-05-22 19:58:22 - [TEST_STEP][PASSED] - Statement - batchsize = com.kms.katalon.core.webui.keyword.WebUiBuiltInKeywords.getNumberOfTotalOption(batchlength): 9 options of object '' counted

2018-05-22 19:58:22 - [MESSAGE][PASSED] - 9 options of object '' counted

2018-05-22 19:58:22 - [TEST_STEP][PASSED] - Statement - out.println("BatchSize : " + batchsize): null

2018-05-22 19:58:22 - [TEST_STEP][PASSED] - Statement - For ([n = 1, n <= batchsize - 1, (n++)]): null

2018-05-22 19:58:22 - [TEST_STEP][PASSED] - Statement - product = new com.kms.katalon.core.testobject.TestObject(): null

2018-05-22 19:58:22 - [TEST_STEP][PASSED] - Statement - product = com.kms.katalon.core.webui.keyword.WebUiBuiltInKeywords.modifyObjectProperty(product, "xpath", "equals", "//*[@id = "fldvendor" + row + ""]", true): Modify property of object successfully

2018-05-22 19:58:22 - [MESSAGE][PASSED] - Modify property of object successfully

2018-05-22 19:58:22 - [TEST_STEP][PASSED] - selectOptionByIndex: All options with index in [1] are selected on object ''

2018-05-22 19:58:22 - [MESSAGE][PASSED] - All options with index in [1] are selected on object ''

2018-05-22 19:58:22 - [TEST_STEP][PASSED] - Statement - batch = new com.kms.katalon.core.testobject.TestObject(): null

2018-05-22 19:58:22 - [TEST_STEP][PASSED] - Statement - batch = com.kms.katalon.core.webui.keyword.WebUiBuiltInKeywords.modifyObjectProperty(batch, "xpath", "equals", "//*[@id = "txtbthqty" + row + ""]", true): Modify property of object successfully

2018-05-22 19:58:22 - [MESSAGE][PASSED] - Modify property of object successfully

2018-05-22 19:58:22 - [TEST_STEP][PASSED] - Statement - batchqty = com.kms.katalon.core.webui.keyword.WebUiBuiltInKeywords.getAttribute(batch, "value").trim(): Attribute 'value' of object '' is: '38300'

2018-05-22 19:58:22 - [MESSAGE][PASSED] - Attribute 'value' of object '' is: '38300'

2018-05-22 19:58:22 - [TEST_STEP][PASSED] - Statement - Rqty = 100: null

2018-05-22 19:58:22 - [TEST_STEP][PASSED] - delay: Delayed 2 second(s)

2018-05-22 19:58:24 - [MESSAGE][PASSED] - Delayed 2 second(s)

2018-05-22 19:58:24 - [TEST_STEP][PASSED] - Statement - out.println("BatchQty : " + batchqty): null

2018-05-22 19:58:24 - [TEST_STEP][PASSED] - Statement - out.println("RQty : " + Rqty): null

2018-05-22 19:58:24 - [TEST_STEP][PASSED] - Statement - If (java.lang.Integer.valueOf(batchqty) >= java.lang.Integer.valueOf(Rqty)): null

2018-05-22 19:58:24 - [TEST_STEP][PASSED] - Statement - Break: null

2018-05-22 19:58:24 - [TEST_STEP][PASSED] - Statement - batchlength = new com.kms.katalon.core.testobject.TestObject(): null

2018-05-22 19:58:24 - [TEST_STEP][PASSED] - Statement - batchlength = com.kms.katalon.core.webui.keyword.WebUiBuiltInKeywords.modifyObjectProperty(batchlength, "xpath", "equals", "//*[@id = "fldvendor" + row + ""]", true): Modify property of object successfully

2018-05-22 19:58:24 - [MESSAGE][PASSED] - Modify property of object successfully

2018-05-22 19:58:24 - [TEST_STEP][PASSED] - Statement - batchsize = com.kms.katalon.core.webui.keyword.WebUiBuiltInKeywords.getNumberOfTotalOption(batchlength): 9 options of object '' counted

2018-05-22 19:58:24 - [MESSAGE][PASSED] - 9 options of object '' counted

2018-05-22 19:58:24 - [TEST_STEP][PASSED] - Statement - out.println("BatchSize : " + batchsize): null

2018-05-22 19:58:24 - [TEST_STEP][PASSED] - Statement - For ([n = 1, n <= batchsize - 1, (n++)]): null

2018-05-22 19:58:24 - [TEST_STEP][PASSED] - Statement - product = new com.kms.katalon.core.testobject.TestObject(): null

2018-05-22 19:58:24 - [TEST_STEP][PASSED] - Statement - product = com.kms.katalon.core.webui.keyword.WebUiBuiltInKeywords.modifyObjectProperty(product, "xpath", "equals", "//*[@id = "fldvendor" + row + ""]", true): Modify property of object successfully

2018-05-22 19:58:24 - [MESSAGE][PASSED] - Modify property of object successfully

2018-05-22 19:58:24 - [TEST_STEP][PASSED] - selectOptionByIndex: All options with index in [1] are selected on object ''

2018-05-22 19:58:24 - [MESSAGE][PASSED] - All options with index in [1] are selected on object ''

2018-05-22 19:58:24 - [TEST_STEP][PASSED] - Statement - batch = new com.kms.katalon.core.testobject.TestObject(): null

2018-05-22 19:58:24 - [TEST_STEP][PASSED] - Statement - batch = com.kms.katalon.core.webui.keyword.WebUiBuiltInKeywords.modifyObjectProperty(batch, "xpath", "equals", "//*[@id = "txtbthqty" + row + ""]", true): Modify property of object successfully

2018-05-22 19:58:24 - [MESSAGE][PASSED] - Modify property of object successfully

2018-05-22 19:58:24 - [TEST_STEP][PASSED] - Statement - batchqty = com.kms.katalon.core.webui.keyword.WebUiBuiltInKeywords.getAttribute(batch, "value").trim(): Attribute 'value' of object '' is: '38300'

2018-05-22 19:58:24 - [MESSAGE][PASSED] - Attribute 'value' of object '' is: '38300'

2018-05-22 19:58:24 - [TEST_STEP][PASSED] - Statement - Rqty = 100: null

2018-05-22 19:58:24 - [TEST_STEP][PASSED] - delay: Delayed 2 second(s)

2018-05-22 19:58:26 - [MESSAGE][PASSED] - Delayed 2 second(s)

2018-05-22 19:58:26 - [TEST_STEP][PASSED] - Statement - out.println("BatchQty : " + batchqty): null

2018-05-22 19:58:26 - [TEST_STEP][PASSED] - Statement - out.println("RQty : " + Rqty): null

2018-05-22 19:58:26 - [TEST_STEP][PASSED] - Statement - If (java.lang.Integer.valueOf(batchqty) >= java.lang.Integer.valueOf(Rqty)): null

2018-05-22 19:58:26 - [TEST_STEP][PASSED] - Statement - Break: null

2018-05-22 19:58:26 - [TEST_STEP][PASSED] - Statement - batchlength = new com.kms.katalon.core.testobject.TestObject(): null

2018-05-22 19:58:26 - [TEST_STEP][PASSED] - Statement - batchlength = com.kms.katalon.core.webui.keyword.WebUiBuiltInKeywords.modifyObjectProperty(batchlength, "xpath", "equals", "//*[@id = "fldvendor" + row + ""]", true): Modify property of object successfully

2018-05-22 19:58:26 - [MESSAGE][PASSED] - Modify property of object successfully

2018-05-22 19:58:26 - [TEST_STEP][PASSED] - Statement - batchsize = com.kms.katalon.core.webui.keyword.WebUiBuiltInKeywords.getNumberOfTotalOption(batchlength): 9 options of object '' counted

2018-05-22 19:58:26 - [MESSAGE][PASSED] - 9 options of object '' counted

2018-05-22 19:58:26 - [TEST_STEP][PASSED] - Statement - out.println("BatchSize : " + batchsize): null

2018-05-22 19:58:26 - [TEST_STEP][PASSED] - Statement - For ([n = 1, n <= batchsize - 1, (n++)]): null

2018-05-22 19:58:26 - [TEST_STEP][PASSED] - Statement - product = new com.kms.katalon.core.testobject.TestObject(): null

2018-05-22 19:58:26 - [TEST_STEP][PASSED] - Statement - product = com.kms.katalon.core.webui.keyword.WebUiBuiltInKeywords.modifyObjectProperty(product, "xpath", "equals", "//*[@id = "fldvendor" + row + ""]", true): Modify property of object successfully

2018-05-22 19:58:26 - [MESSAGE][PASSED] - Modify property of object successfully

2018-05-22 19:58:26 - [TEST_STEP][PASSED] - selectOptionByIndex: All options with index in [1] are selected on object ''

2018-05-22 19:58:26 - [MESSAGE][PASSED] - All options with index in [1] are selected on object ''

2018-05-22 19:58:26 - [TEST_STEP][PASSED] - Statement - batch = new com.kms.katalon.core.testobject.TestObject(): null

2018-05-22 19:58:26 - [TEST_STEP][PASSED] - Statement - batch = com.kms.katalon.core.webui.keyword.WebUiBuiltInKeywords.modifyObjectProperty(batch, "xpath", "equals", "//*[@id = "txtbthqty" + row + ""]", true): Modify property of object successfully

2018-05-22 19:58:26 - [MESSAGE][PASSED] - Modify property of object successfully

2018-05-22 19:58:26 - [TEST_STEP][PASSED] - Statement - batchqty = com.kms.katalon.core.webui.keyword.WebUiBuiltInKeywords.getAttribute(batch, "value").trim(): Attribute 'value' of object '' is: '39300'

2018-05-22 19:58:27 - [MESSAGE][PASSED] - Attribute 'value' of object '' is: '39300'

2018-05-22 19:58:27 - [TEST_STEP][PASSED] - Statement - Rqty = 100: null

2018-05-22 19:58:27 - [TEST_STEP][PASSED] - delay: Delayed 2 second(s)

2018-05-22 19:58:29 - [MESSAGE][PASSED] - Delayed 2 second(s)

2018-05-22 19:58:29 - [TEST_STEP][PASSED] - Statement - out.println("BatchQty : " + batchqty): null

2018-05-22 19:58:29 - [TEST_STEP][PASSED] - Statement - out.println("RQty : " + Rqty): null

2018-05-22 19:58:29 - [TEST_STEP][PASSED] - Statement - If (java.lang.Integer.valueOf(batchqty) >= java.lang.Integer.valueOf(Rqty)): null

2018-05-22 19:58:29 - [TEST_STEP][PASSED] - Statement - Break: null

2018-05-22 19:58:29 - [TEST_STEP][PASSED] - Statement - batchlength = new com.kms.katalon.core.testobject.TestObject(): null

2018-05-22 19:58:29 - [TEST_STEP][PASSED] - Statement - batchlength = com.kms.katalon.core.webui.keyword.WebUiBuiltInKeywords.modifyObjectProperty(batchlength, "xpath", "equals", "//*[@id = "fldvendor" + row + ""]", true): Modify property of object successfully

2018-05-22 19:58:29 - [MESSAGE][PASSED] - Modify property of object successfully

2018-05-22 19:58:29 - [TEST_STEP][PASSED] - Statement - batchsize = com.kms.katalon.core.webui.keyword.WebUiBuiltInKeywords.getNumberOfTotalOption(batchlength): 9 options of object '' counted

2018-05-22 19:58:29 - [MESSAGE][PASSED] - 9 options of object '' counted

2018-05-22 19:58:29 - [TEST_STEP][PASSED] - Statement - out.println("BatchSize : " + batchsize): null

2018-05-22 19:58:29 - [TEST_STEP][PASSED] - Statement - For ([n = 1, n <= batchsize - 1, (n++)]): null

2018-05-22 19:58:29 - [TEST_STEP][PASSED] - Statement - product = new com.kms.katalon.core.testobject.TestObject(): null

2018-05-22 19:58:29 - [TEST_STEP][PASSED] - Statement - product = com.kms.katalon.core.webui.keyword.WebUiBuiltInKeywords.modifyObjectProperty(product, "xpath", "equals", "//*[@id = "fldvendor" + row + ""]", true): Modify property of object successfully

2018-05-22 19:58:29 - [MESSAGE][PASSED] - Modify property of object successfully

2018-05-22 19:58:29 - [TEST_STEP][PASSED] - selectOptionByIndex: All options with index in [1] are selected on object ''

2018-05-22 19:58:29 - [MESSAGE][PASSED] - All options with index in [1] are selected on object ''

2018-05-22 19:58:29 - [TEST_STEP][PASSED] - Statement - batch = new com.kms.katalon.core.testobject.TestObject(): null

2018-05-22 19:58:29 - [TEST_STEP][PASSED] - Statement - batch = com.kms.katalon.core.webui.keyword.WebUiBuiltInKeywords.modifyObjectProperty(batch, "xpath", "equals", "//*[@id = "txtbthqty" + row + ""]", true): Modify property of object successfully

2018-05-22 19:58:29 - [MESSAGE][PASSED] - Modify property of object successfully

2018-05-22 19:58:29 - [TEST_STEP][PASSED] - Statement - batchqty = com.kms.katalon.core.webui.keyword.WebUiBuiltInKeywords.getAttribute(batch, "value").trim(): Attribute 'value' of object '' is: '3300'

2018-05-22 19:58:29 - [MESSAGE][PASSED] - Attribute 'value' of object '' is: '3300'

2018-05-22 19:58:29 - [TEST_STEP][PASSED] - Statement - Rqty = 100: null

2018-05-22 19:58:29 - [TEST_STEP][PASSED] - delay: Delayed 2 second(s)

2018-05-22 19:58:31 - [MESSAGE][PASSED] - Delayed 2 second(s)

2018-05-22 19:58:31 - [TEST_STEP][PASSED] - Statement - out.println("BatchQty : " + batchqty): null

2018-05-22 19:58:31 - [TEST_STEP][PASSED] - Statement - out.println("RQty : " + Rqty): null

2018-05-22 19:58:31 - [TEST_STEP][PASSED] - Statement - If (java.lang.Integer.valueOf(batchqty) >= java.lang.Integer.valueOf(Rqty)): null

2018-05-22 19:58:31 - [TEST_STEP][PASSED] - Statement - Break: null

2018-05-22 19:58:31 - [TEST_STEP][PASSED] - Statement - batchlength = new com.kms.katalon.core.testobject.TestObject(): null

2018-05-22 19:58:31 - [TEST_STEP][PASSED] - Statement - batchlength = com.kms.katalon.core.webui.keyword.WebUiBuiltInKeywords.modifyObjectProperty(batchlength, "xpath", "equals", "//*[@id = "fldvendor" + row + ""]", true): Modify property of object successfully

2018-05-22 19:58:31 - [MESSAGE][PASSED] - Modify property of object successfully

2018-05-22 19:58:31 - [TEST_STEP][PASSED] - Statement - batchsize = com.kms.katalon.core.webui.keyword.WebUiBuiltInKeywords.getNumberOfTotalOption(batchlength): 9 options of object '' counted

2018-05-22 19:58:31 - [MESSAGE][PASSED] - 9 options of object '' counted

2018-05-22 19:58:31 - [TEST_STEP][PASSED] - Statement - out.println("BatchSize : " + batchsize): null

2018-05-22 19:58:31 - [TEST_STEP][PASSED] - Statement - For ([n = 1, n <= batchsize - 1, (n++)]): null

2018-05-22 19:58:31 - [TEST_STEP][PASSED] - Statement - product = new com.kms.katalon.core.testobject.TestObject(): null

2018-05-22 19:58:31 - [TEST_STEP][PASSED] - Statement - product = com.kms.katalon.core.webui.keyword.WebUiBuiltInKeywords.modifyObjectProperty(product, "xpath", "equals", "//*[@id = "fldvendor" + row + ""]", true): Modify property of object successfully

2018-05-22 19:58:31 - [MESSAGE][PASSED] - Modify property of object successfully

2018-05-22 19:58:31 - [TEST_STEP][PASSED] - selectOptionByIndex: All options with index in [1] are selected on object ''

2018-05-22 19:58:31 - [MESSAGE][PASSED] - All options with index in [1] are selected on object ''

2018-05-22 19:58:31 - [TEST_STEP][PASSED] - Statement - batch = new com.kms.katalon.core.testobject.TestObject(): null

2018-05-22 19:58:31 - [TEST_STEP][PASSED] - Statement - batch = com.kms.katalon.core.webui.keyword.WebUiBuiltInKeywords.modifyObjectProperty(batch, "xpath", "equals", "//*[@id = "txtbthqty" + row + ""]", true): Modify property of object successfully

2018-05-22 19:58:31 - [MESSAGE][PASSED] - Modify property of object successfully

2018-05-22 19:58:31 - [TEST_STEP][PASSED] - Statement - batchqty = com.kms.katalon.core.webui.keyword.WebUiBuiltInKeywords.getAttribute(batch, "value").trim(): Attribute 'value' of object '' is: '4300'

2018-05-22 19:58:31 - [MESSAGE][PASSED] - Attribute 'value' of object '' is: '4300'

2018-05-22 19:58:31 - [TEST_STEP][PASSED] - Statement - Rqty = 100: null

2018-05-22 19:58:31 - [TEST_STEP][PASSED] - delay: Delayed 2 second(s)

2018-05-22 19:58:33 - [MESSAGE][PASSED] - Delayed 2 second(s)

2018-05-22 19:58:33 - [TEST_STEP][PASSED] - Statement - out.println("BatchQty : " + batchqty): null

2018-05-22 19:58:33 - [TEST_STEP][PASSED] - Statement - out.println("RQty : " + Rqty): null

2018-05-22 19:58:33 - [TEST_STEP][PASSED] - Statement - If (java.lang.Integer.valueOf(batchqty) >= java.lang.Integer.valueOf(Rqty)): null

2018-05-22 19:58:33 - [TEST_STEP][PASSED] - Statement - Break: null

2018-05-22 19:58:33 - [TEST_STEP][PASSED] - Statement - batchlength = new com.kms.katalon.core.testobject.TestObject(): null

2018-05-22 19:58:33 - [TEST_STEP][PASSED] - Statement - batchlength = com.kms.katalon.core.webui.keyword.WebUiBuiltInKeywords.modifyObjectProperty(batchlength, "xpath", "equals", "//*[@id = "fldvendor" + row + ""]", true): Modify property of object successfully

2018-05-22 19:58:33 - [MESSAGE][PASSED] - Modify property of object successfully

2018-05-22 19:58:33 - [TEST_STEP][PASSED] - Statement - batchsize = com.kms.katalon.core.webui.keyword.WebUiBuiltInKeywords.getNumberOfTotalOption(batchlength): 9 options of object '' counted

2018-05-22 19:58:33 - [MESSAGE][PASSED] - 9 options of object '' counted

2018-05-22 19:58:33 - [TEST_STEP][PASSED] - Statement - out.println("BatchSize : " + batchsize): null

2018-05-22 19:58:33 - [TEST_STEP][PASSED] - Statement - For ([n = 1, n <= batchsize - 1, (n++)]): null

2018-05-22 19:58:33 - [TEST_STEP][PASSED] - Statement - product = new com.kms.katalon.core.testobject.TestObject(): null

2018-05-22 19:58:33 - [TEST_STEP][PASSED] - Statement - product = com.kms.katalon.core.webui.keyword.WebUiBuiltInKeywords.modifyObjectProperty(product, "xpath", "equals", "//*[@id = "fldvendor" + row + ""]", true): Modify property of object successfully

2018-05-22 19:58:33 - [MESSAGE][PASSED] - Modify property of object successfully

2018-05-22 19:58:33 - [TEST_STEP][PASSED] - selectOptionByIndex: All options with index in [1] are selected on object ''

2018-05-22 19:58:33 - [MESSAGE][PASSED] - All options with index in [1] are selected on object ''

2018-05-22 19:58:33 - [TEST_STEP][PASSED] - Statement - batch = new com.kms.katalon.core.testobject.TestObject(): null

2018-05-22 19:58:33 - [TEST_STEP][PASSED] - Statement - batch = com.kms.katalon.core.webui.keyword.WebUiBuiltInKeywords.modifyObjectProperty(batch, "xpath", "equals", "//*[@id = "txtbthqty" + row + ""]", true): Modify property of object successfully

2018-05-22 19:58:33 - [MESSAGE][PASSED] - Modify property of object successfully

2018-05-22 19:58:33 - [TEST_STEP][PASSED] - Statement - batchqty = com.kms.katalon.core.webui.keyword.WebUiBuiltInKeywords.getAttribute(batch, "value").trim(): Attribute 'value' of object '' is: '3300'

2018-05-22 19:58:33 - [MESSAGE][PASSED] - Attribute 'value' of object '' is: '3300'

2018-05-22 19:58:33 - [TEST_STEP][PASSED] - Statement - Rqty = 100: null

2018-05-22 19:58:33 - [TEST_STEP][PASSED] - delay: Delayed 2 second(s)

2018-05-22 19:58:35 - [MESSAGE][PASSED] - Delayed 2 second(s)

2018-05-22 19:58:35 - [TEST_STEP][PASSED] - Statement - out.println("BatchQty : " + batchqty): null

2018-05-22 19:58:35 - [TEST_STEP][PASSED] - Statement - out.println("RQty : " + Rqty): null

2018-05-22 19:58:35 - [TEST_STEP][PASSED] - Statement - If (java.lang.Integer.valueOf(batchqty) >= java.lang.Integer.valueOf(Rqty)): null

2018-05-22 19:58:35 - [TEST_STEP][PASSED] - Statement - Break: null

2018-05-22 19:58:35 - [TEST_STEP][PASSED] - Statement - batchlength = new com.kms.katalon.core.testobject.TestObject(): null

2018-05-22 19:58:35 - [TEST_STEP][PASSED] - Statement - batchlength = com.kms.katalon.core.webui.keyword.WebUiBuiltInKeywords.modifyObjectProperty(batchlength, "xpath", "equals", "//*[@id = "fldvendor" + row + ""]", true): Modify property of object successfully

2018-05-22 19:58:35 - [MESSAGE][PASSED] - Modify property of object successfully

2018-05-22 19:58:35 - [TEST_STEP][PASSED] - Statement - batchsize = com.kms.katalon.core.webui.keyword.WebUiBuiltInKeywords.getNumberOfTotalOption(batchlength): 9 options of object '' counted

2018-05-22 19:58:35 - [MESSAGE][PASSED] - 9 options of object '' counted

2018-05-22 19:58:35 - [TEST_STEP][PASSED] - Statement - out.println("BatchSize : " + batchsize): null

2018-05-22 19:58:35 - [TEST_STEP][PASSED] - Statement - For ([n = 1, n <= batchsize - 1, (n++)]): null

2018-05-22 19:58:35 - [TEST_STEP][PASSED] - Statement - product = new com.kms.katalon.core.testobject.TestObject(): null

2018-05-22 19:58:35 - [TEST_STEP][PASSED] - Statement - product = com.kms.katalon.core.webui.keyword.WebUiBuiltInKeywords.modifyObjectProperty(product, "xpath", "equals", "//*[@id = "fldvendor" + row + ""]", true): Modify property of object successfully

2018-05-22 19:58:35 - [MESSAGE][PASSED] - Modify property of object successfully

2018-05-22 19:58:35 - [TEST_STEP][PASSED] - selectOptionByIndex: All options with index in [1] are selected on object ''

2018-05-22 19:58:36 - [MESSAGE][PASSED] - All options with index in [1] are selected on object ''

2018-05-22 19:58:36 - [TEST_STEP][PASSED] - Statement - batch = new com.kms.katalon.core.testobject.TestObject(): null

2018-05-22 19:58:36 - [TEST_STEP][PASSED] - Statement - batch = com.kms.katalon.core.webui.keyword.WebUiBuiltInKeywords.modifyObjectProperty(batch, "xpath", "equals", "//*[@id = "txtbthqty" + row + ""]", true): Modify property of object successfully

2018-05-22 19:58:36 - [MESSAGE][PASSED] - Modify property of object successfully

2018-05-22 19:58:36 - [TEST_STEP][PASSED] - Statement - batchqty = com.kms.katalon.core.webui.keyword.WebUiBuiltInKeywords.getAttribute(batch, "value").trim(): Attribute 'value' of object '' is: '4300'

2018-05-22 19:58:36 - [MESSAGE][PASSED] - Attribute 'value' of object '' is: '4300'

2018-05-22 19:58:36 - [TEST_STEP][PASSED] - Statement - Rqty = 100: null

2018-05-22 19:58:36 - [TEST_STEP][PASSED] - delay: Delayed 2 second(s)

2018-05-22 19:58:38 - [MESSAGE][PASSED] - Delayed 2 second(s)

2018-05-22 19:58:38 - [TEST_STEP][PASSED] - Statement - out.println("BatchQty : " + batchqty): null

2018-05-22 19:58:38 - [TEST_STEP][PASSED] - Statement - out.println("RQty : " + Rqty): null

2018-05-22 19:58:38 - [TEST_STEP][PASSED] - Statement - If (java.lang.Integer.valueOf(batchqty) >= java.lang.Integer.valueOf(Rqty)): null

2018-05-22 19:58:38 - [TEST_STEP][PASSED] - Statement - Break: null

2018-05-22 19:58:38 - [TEST_STEP][PASSED] - Statement - batchlength = new com.kms.katalon.core.testobject.TestObject(): null

2018-05-22 19:58:38 - [TEST_STEP][PASSED] - Statement - batchlength = com.kms.katalon.core.webui.keyword.WebUiBuiltInKeywords.modifyObjectProperty(batchlength, "xpath", "equals", "//*[@id = "fldvendor" + row + ""]", true): Modify property of object successfully

2018-05-22 19:58:38 - [MESSAGE][PASSED] - Modify property of object successfully

2018-05-22 19:58:38 - [TEST_STEP][PASSED] - Statement - batchsize = com.kms.katalon.core.webui.keyword.WebUiBuiltInKeywords.getNumberOfTotalOption(batchlength): 9 options of object '' counted

2018-05-22 19:58:38 - [MESSAGE][PASSED] - 9 options of object '' counted

2018-05-22 19:58:38 - [TEST_STEP][PASSED] - Statement - out.println("BatchSize : " + batchsize): null

2018-05-22 19:58:38 - [TEST_STEP][PASSED] - Statement - For ([n = 1, n <= batchsize - 1, (n++)]): null

2018-05-22 19:58:38 - [TEST_STEP][PASSED] - Statement - product = new com.kms.katalon.core.testobject.TestObject(): null

2018-05-22 19:58:38 - [TEST_STEP][PASSED] - Statement - product = com.kms.katalon.core.webui.keyword.WebUiBuiltInKeywords.modifyObjectProperty(product, "xpath", "equals", "//*[@id = "fldvendor" + row + ""]", true): Modify property of object successfully

2018-05-22 19:58:38 - [MESSAGE][PASSED] - Modify property of object successfully

2018-05-22 19:58:38 - [TEST_STEP][PASSED] - selectOptionByIndex: All options with index in [1] are selected on object ''

2018-05-22 19:58:38 - [MESSAGE][PASSED] - All options with index in [1] are selected on object ''

2018-05-22 19:58:38 - [TEST_STEP][PASSED] - Statement - batch = new com.kms.katalon.core.testobject.TestObject(): null

2018-05-22 19:58:38 - [TEST_STEP][PASSED] - Statement - batch = com.kms.katalon.core.webui.keyword.WebUiBuiltInKeywords.modifyObjectProperty(batch, "xpath", "equals", "//*[@id = "txtbthqty" + row + ""]", true): Modify property of object successfully

2018-05-22 19:58:38 - [MESSAGE][PASSED] - Modify property of object successfully

2018-05-22 19:58:38 - [TEST_STEP][PASSED] - Statement - batchqty = com.kms.katalon.core.webui.keyword.WebUiBuiltInKeywords.getAttribute(batch, "value").trim(): Attribute 'value' of object '' is: '4300'

2018-05-22 19:58:38 - [MESSAGE][PASSED] - Attribute 'value' of object '' is: '4300'

2018-05-22 19:58:38 - [TEST_STEP][PASSED] - Statement - Rqty = 100: null

2018-05-22 19:58:38 - [TEST_STEP][PASSED] - delay: Delayed 2 second(s)

2018-05-22 19:58:40 - [MESSAGE][PASSED] - Delayed 2 second(s)

2018-05-22 19:58:40 - [TEST_STEP][PASSED] - Statement - out.println("BatchQty : " + batchqty): null

2018-05-22 19:58:40 - [TEST_STEP][PASSED] - Statement - out.println("RQty : " + Rqty): null

2018-05-22 19:58:40 - [TEST_STEP][PASSED] - Statement - If (java.lang.Integer.valueOf(batchqty) >= java.lang.Integer.valueOf(Rqty)): null

2018-05-22 19:58:40 - [TEST_STEP][PASSED] - Statement - Break: null

2018-05-22 19:58:40 - [TEST_STEP][PASSED] - Statement - batchlength = new com.kms.katalon.core.testobject.TestObject(): null

2018-05-22 19:58:40 - [TEST_STEP][PASSED] - Statement - batchlength = com.kms.katalon.core.webui.keyword.WebUiBuiltInKeywords.modifyObjectProperty(batchlength, "xpath", "equals", "//*[@id = "fldvendor" + row + ""]", true): Modify property of object successfully

2018-05-22 19:58:40 - [MESSAGE][PASSED] - Modify property of object successfully

2018-05-22 19:58:40 - [TEST_STEP][PASSED] - Statement - batchsize = com.kms.katalon.core.webui.keyword.WebUiBuiltInKeywords.getNumberOfTotalOption(batchlength): 9 options of object '' counted

2018-05-22 19:58:40 - [MESSAGE][PASSED] - 9 options of object '' counted

2018-05-22 19:58:40 - [TEST_STEP][PASSED] - Statement - out.println("BatchSize : " + batchsize): null

2018-05-22 19:58:40 - [TEST_STEP][PASSED] - Statement - For ([n = 1, n <= batchsize - 1, (n++)]): null

2018-05-22 19:58:40 - [TEST_STEP][PASSED] - Statement - product = new com.kms.katalon.core.testobject.TestObject(): null

2018-05-22 19:58:40 - [TEST_STEP][PASSED] - Statement - product = com.kms.katalon.core.webui.keyword.WebUiBuiltInKeywords.modifyObjectProperty(product, "xpath", "equals", "//*[@id = "fldvendor" + row + ""]", true): Modify property of object successfully

2018-05-22 19:58:40 - [MESSAGE][PASSED] - Modify property of object successfully

2018-05-22 19:58:40 - [TEST_STEP][PASSED] - selectOptionByIndex: All options with index in [1] are selected on object ''

2018-05-22 19:58:40 - [MESSAGE][PASSED] - All options with index in [1] are selected on object ''

2018-05-22 19:58:40 - [TEST_STEP][PASSED] - Statement - batch = new com.kms.katalon.core.testobject.TestObject(): null

2018-05-22 19:58:40 - [TEST_STEP][PASSED] - Statement - batch = com.kms.katalon.core.webui.keyword.WebUiBuiltInKeywords.modifyObjectProperty(batch, "xpath", "equals", "//*[@id = "txtbthqty" + row + ""]", true): Modify property of object successfully

2018-05-22 19:58:40 - [MESSAGE][PASSED] - Modify property of object successfully

2018-05-22 19:58:40 - [TEST_STEP][PASSED] - Statement - batchqty = com.kms.katalon.core.webui.keyword.WebUiBuiltInKeywords.getAttribute(batch, "value").trim(): Attribute 'value' of object '' is: '4300'

2018-05-22 19:58:40 - [MESSAGE][PASSED] - Attribute 'value' of object '' is: '4300'

2018-05-22 19:58:40 - [TEST_STEP][PASSED] - Statement - Rqty = 100: null

2018-05-22 19:58:40 - [TEST_STEP][PASSED] - delay: Delayed 2 second(s)

2018-05-22 19:58:42 - [MESSAGE][PASSED] - Delayed 2 second(s)

2018-05-22 19:58:42 - [TEST_STEP][PASSED] - Statement - out.println("BatchQty : " + batchqty): null

2018-05-22 19:58:42 - [TEST_STEP][PASSED] - Statement - out.println("RQty : " + Rqty): null

2018-05-22 19:58:42 - [TEST_STEP][PASSED] - Statement - If (java.lang.Integer.valueOf(batchqty) >= java.lang.Integer.valueOf(Rqty)): null

2018-05-22 19:58:42 - [TEST_STEP][PASSED] - Statement - Break: null

2018-05-22 19:58:42 - [TEST_STEP][PASSED] - Statement - batchlength = new com.kms.katalon.core.testobject.TestObject(): null

2018-05-22 19:58:42 - [TEST_STEP][PASSED] - Statement - batchlength = com.kms.katalon.core.webui.keyword.WebUiBuiltInKeywords.modifyObjectProperty(batchlength, "xpath", "equals", "//*[@id = "fldvendor" + row + ""]", true): Modify property of object successfully

2018-05-22 19:58:42 - [MESSAGE][PASSED] - Modify property of object successfully

2018-05-22 19:58:42 - [TEST_STEP][PASSED] - Statement - batchsize = com.kms.katalon.core.webui.keyword.WebUiBuiltInKeywords.getNumberOfTotalOption(batchlength): 9 options of object '' counted

2018-05-22 19:58:42 - [MESSAGE][PASSED] - 9 options of object '' counted

2018-05-22 19:58:42 - [TEST_STEP][PASSED] - Statement - out.println("BatchSize : " + batchsize): null

2018-05-22 19:58:42 - [TEST_STEP][PASSED] - Statement - For ([n = 1, n <= batchsize - 1, (n++)]): null

2018-05-22 19:58:42 - [TEST_STEP][PASSED] - Statement - product = new com.kms.katalon.core.testobject.TestObject(): null

2018-05-22 19:58:42 - [TEST_STEP][PASSED] - Statement - product = com.kms.katalon.core.webui.keyword.WebUiBuiltInKeywords.modifyObjectProperty(product, "xpath", "equals", "//*[@id = "fldvendor" + row + ""]", true): Modify property of object successfully

2018-05-22 19:58:42 - [MESSAGE][PASSED] - Modify property of object successfully

2018-05-22 19:58:42 - [TEST_STEP][PASSED] - selectOptionByIndex: All options with index in [1] are selected on object ''

2018-05-22 19:58:42 - [MESSAGE][PASSED] - All options with index in [1] are selected on object ''

2018-05-22 19:58:42 - [TEST_STEP][PASSED] - Statement - batch = new com.kms.katalon.core.testobject.TestObject(): null

2018-05-22 19:58:42 - [TEST_STEP][PASSED] - Statement - batch = com.kms.katalon.core.webui.keyword.WebUiBuiltInKeywords.modifyObjectProperty(batch, "xpath", "equals", "//*[@id = "txtbthqty" + row + ""]", true): Modify property of object successfully

2018-05-22 19:58:42 - [MESSAGE][PASSED] - Modify property of object successfully

2018-05-22 19:58:42 - [TEST_STEP][PASSED] - Statement - batchqty = com.kms.katalon.core.webui.keyword.WebUiBuiltInKeywords.getAttribute(batch, "value").trim(): Attribute 'value' of object '' is: '39300'

2018-05-22 19:58:42 - [MESSAGE][PASSED] - Attribute 'value' of object '' is: '39300'

2018-05-22 19:58:42 - [TEST_STEP][PASSED] - Statement - Rqty = 100: null

2018-05-22 19:58:42 - [TEST_STEP][PASSED] - delay: Delayed 2 second(s)

2018-05-22 19:58:44 - [MESSAGE][PASSED] - Delayed 2 second(s)

2018-05-22 19:58:44 - [TEST_STEP][PASSED] - Statement - out.println("BatchQty : " + batchqty): null

2018-05-22 19:58:44 - [TEST_STEP][PASSED] - Statement - out.println("RQty : " + Rqty): null

2018-05-22 19:58:44 - [TEST_STEP][PASSED] - Statement - If (java.lang.Integer.valueOf(batchqty) >= java.lang.Integer.valueOf(Rqty)): null

2018-05-22 19:58:44 - [TEST_STEP][PASSED] - Statement - Break: null

2018-05-22 19:58:44 - [TEST_STEP][PASSED] - Statement - batchlength = new com.kms.katalon.core.testobject.TestObject(): null

2018-05-22 19:58:44 - [TEST_STEP][PASSED] - Statement - batchlength = com.kms.katalon.core.webui.keyword.WebUiBuiltInKeywords.modifyObjectProperty(batchlength, "xpath", "equals", "//*[@id = "fldvendor" + row + ""]", true): Modify property of object successfully

2018-05-22 19:58:44 - [MESSAGE][PASSED] - Modify property of object successfully

2018-05-22 19:58:44 - [TEST_STEP][PASSED] - Statement - batchsize = com.kms.katalon.core.webui.keyword.WebUiBuiltInKeywords.getNumberOfTotalOption(batchlength): 9 options of object '' counted

2018-05-22 19:58:44 - [MESSAGE][PASSED] - 9 options of object '' counted

2018-05-22 19:58:44 - [TEST_STEP][PASSED] - Statement - out.println("BatchSize : " + batchsize): null

2018-05-22 19:58:44 - [TEST_STEP][PASSED] - Statement - For ([n = 1, n <= batchsize - 1, (n++)]): null

2018-05-22 19:58:44 - [TEST_STEP][PASSED] - Statement - product = new com.kms.katalon.core.testobject.TestObject(): null

2018-05-22 19:58:44 - [TEST_STEP][PASSED] - Statement - product = com.kms.katalon.core.webui.keyword.WebUiBuiltInKeywords.modifyObjectProperty(product, "xpath", "equals", "//*[@id = "fldvendor" + row + ""]", true): Modify property of object successfully

2018-05-22 19:58:44 - [MESSAGE][PASSED] - Modify property of object successfully

2018-05-22 19:58:44 - [TEST_STEP][PASSED] - selectOptionByIndex: All options with index in [1] are selected on object ''

2018-05-22 19:58:45 - [MESSAGE][PASSED] - All options with index in [1] are selected on object ''

2018-05-22 19:58:45 - [TEST_STEP][PASSED] - Statement - batch = new com.kms.katalon.core.testobject.TestObject(): null

2018-05-22 19:58:45 - [TEST_STEP][PASSED] - Statement - batch = com.kms.katalon.core.webui.keyword.WebUiBuiltInKeywords.modifyObjectProperty(batch, "xpath", "equals", "//*[@id = "txtbthqty" + row + ""]", true): Modify property of object successfully

2018-05-22 19:58:45 - [MESSAGE][PASSED] - Modify property of object successfully

2018-05-22 19:58:45 - [TEST_STEP][PASSED] - Statement - batchqty = com.kms.katalon.core.webui.keyword.WebUiBuiltInKeywords.getAttribute(batch, "value").trim(): Attribute 'value' of object '' is: '3300'

2018-05-22 19:58:45 - [MESSAGE][PASSED] - Attribute 'value' of object '' is: '3300'

2018-05-22 19:58:45 - [TEST_STEP][PASSED] - Statement - Rqty = 100: null

2018-05-22 19:58:45 - [TEST_STEP][PASSED] - delay: Delayed 2 second(s)

2018-05-22 19:58:47 - [MESSAGE][PASSED] - Delayed 2 second(s)

2018-05-22 19:58:47 - [TEST_STEP][PASSED] - Statement - out.println("BatchQty : " + batchqty): null

2018-05-22 19:58:47 - [TEST_STEP][PASSED] - Statement - out.println("RQty : " + Rqty): null

2018-05-22 19:58:47 - [TEST_STEP][PASSED] - Statement - If (java.lang.Integer.valueOf(batchqty) >= java.lang.Integer.valueOf(Rqty)): null

2018-05-22 19:58:47 - [TEST_STEP][PASSED] - Statement - Break: null

2018-05-22 19:58:47 - [TEST_STEP][PASSED] - Statement - batchlength = new com.kms.katalon.core.testobject.TestObject(): null

2018-05-22 19:58:47 - [TEST_STEP][PASSED] - Statement - batchlength = com.kms.katalon.core.webui.keyword.WebUiBuiltInKeywords.modifyObjectProperty(batchlength, "xpath", "equals", "//*[@id = "fldvendor" + row + ""]", true): Modify property of object successfully

2018-05-22 19:58:47 - [MESSAGE][PASSED] - Modify property of object successfully

2018-05-22 19:58:47 - [TEST_STEP][PASSED] - Statement - batchsize = com.kms.katalon.core.webui.keyword.WebUiBuiltInKeywords.getNumberOfTotalOption(batchlength): 9 options of object '' counted

2018-05-22 19:58:47 - [MESSAGE][PASSED] - 9 options of object '' counted

2018-05-22 19:58:47 - [TEST_STEP][PASSED] - Statement - out.println("BatchSize : " + batchsize): null

2018-05-22 19:58:47 - [TEST_STEP][PASSED] - Statement - For ([n = 1, n <= batchsize - 1, (n++)]): null

2018-05-22 19:58:47 - [TEST_STEP][PASSED] - Statement - product = new com.kms.katalon.core.testobject.TestObject(): null

2018-05-22 19:58:47 - [TEST_STEP][PASSED] - Statement - product = com.kms.katalon.core.webui.keyword.WebUiBuiltInKeywords.modifyObjectProperty(product, "xpath", "equals", "//*[@id = "fldvendor" + row + ""]", true): Modify property of object successfully

2018-05-22 19:58:47 - [MESSAGE][PASSED] - Modify property of object successfully

2018-05-22 19:58:47 - [TEST_STEP][PASSED] - selectOptionByIndex: All options with index in [1] are selected on object ''

2018-05-22 19:58:47 - [MESSAGE][PASSED] - All options with index in [1] are selected on object ''

2018-05-22 19:58:47 - [TEST_STEP][PASSED] - Statement - batch = new com.kms.katalon.core.testobject.TestObject(): null

2018-05-22 19:58:47 - [TEST_STEP][PASSED] - Statement - batch = com.kms.katalon.core.webui.keyword.WebUiBuiltInKeywords.modifyObjectProperty(batch, "xpath", "equals", "//*[@id = "txtbthqty" + row + ""]", true): Modify property of object successfully

2018-05-22 19:58:47 - [MESSAGE][PASSED] - Modify property of object successfully

2018-05-22 19:58:47 - [TEST_STEP][PASSED] - Statement - batchqty = com.kms.katalon.core.webui.keyword.WebUiBuiltInKeywords.getAttribute(batch, "value").trim(): Attribute 'value' of object '' is: '3300'

2018-05-22 19:58:47 - [MESSAGE][PASSED] - Attribute 'value' of object '' is: '3300'

2018-05-22 19:58:47 - [TEST_STEP][PASSED] - Statement - Rqty = 100: null

2018-05-22 19:58:47 - [TEST_STEP][PASSED] - delay: Delayed 2 second(s)

2018-05-22 19:58:49 - [MESSAGE][PASSED] - Delayed 2 second(s)

2018-05-22 19:58:49 - [TEST_STEP][PASSED] - Statement - out.println("BatchQty : " + batchqty): null

2018-05-22 19:58:49 - [TEST_STEP][PASSED] - Statement - out.println("RQty : " + Rqty): null

2018-05-22 19:58:49 - [TEST_STEP][PASSED] - Statement - If (java.lang.Integer.valueOf(batchqty) >= java.lang.Integer.valueOf(Rqty)): null

2018-05-22 19:58:49 - [TEST_STEP][PASSED] - Statement - Break: null

2018-05-22 19:58:49 - [TEST_STEP][PASSED] - Statement - batchlength = new com.kms.katalon.core.testobject.TestObject(): null

2018-05-22 19:58:49 - [TEST_STEP][PASSED] - Statement - batchlength = com.kms.katalon.core.webui.keyword.WebUiBuiltInKeywords.modifyObjectProperty(batchlength, "xpath", "equals", "//*[@id = "fldvendor" + row + ""]", true): Modify property of object successfully

2018-05-22 19:58:49 - [MESSAGE][PASSED] - Modify property of object successfully

2018-05-22 19:58:49 - [TEST_STEP][PASSED] - Statement - batchsize = com.kms.katalon.core.webui.keyword.WebUiBuiltInKeywords.getNumberOfTotalOption(batchlength): 9 options of object '' counted

2018-05-22 19:58:49 - [MESSAGE][PASSED] - 9 options of object '' counted

2018-05-22 19:58:49 - [TEST_STEP][PASSED] - Statement - out.println("BatchSize : " + batchsize): null

2018-05-22 19:58:49 - [TEST_STEP][PASSED] - Statement - For ([n = 1, n <= batchsize - 1, (n++)]): null

2018-05-22 19:58:49 - [TEST_STEP][PASSED] - Statement - product = new com.kms.katalon.core.testobject.TestObject(): null

2018-05-22 19:58:49 - [TEST_STEP][PASSED] - Statement - product = com.kms.katalon.core.webui.keyword.WebUiBuiltInKeywords.modifyObjectProperty(product, "xpath", "equals", "//*[@id = "fldvendor" + row + ""]", true): Modify property of object successfully

2018-05-22 19:58:49 - [MESSAGE][PASSED] - Modify property of object successfully

2018-05-22 19:58:49 - [TEST_STEP][PASSED] - selectOptionByIndex: All options with index in [1] are selected on object ''

2018-05-22 19:58:49 - [MESSAGE][PASSED] - All options with index in [1] are selected on object ''

2018-05-22 19:58:49 - [TEST_STEP][PASSED] - Statement - batch = new com.kms.katalon.core.testobject.TestObject(): null

2018-05-22 19:58:49 - [TEST_STEP][PASSED] - Statement - batch = com.kms.katalon.core.webui.keyword.WebUiBuiltInKeywords.modifyObjectProperty(batch, "xpath", "equals", "//*[@id = "txtbthqty" + row + ""]", true): Modify property of object successfully

2018-05-22 19:58:49 - [MESSAGE][PASSED] - Modify property of object successfully

2018-05-22 19:58:49 - [TEST_STEP][PASSED] - Statement - batchqty = com.kms.katalon.core.webui.keyword.WebUiBuiltInKeywords.getAttribute(batch, "value").trim(): Attribute 'value' of object '' is: '3300'

2018-05-22 19:58:49 - [MESSAGE][PASSED] - Attribute 'value' of object '' is: '3300'

2018-05-22 19:58:49 - [TEST_STEP][PASSED] - Statement - Rqty = 100: null

2018-05-22 19:58:49 - [TEST_STEP][PASSED] - delay: Delayed 2 second(s)

2018-05-22 19:58:51 - [MESSAGE][PASSED] - Delayed 2 second(s)

2018-05-22 19:58:51 - [TEST_STEP][PASSED] - Statement - out.println("BatchQty : " + batchqty): null

2018-05-22 19:58:51 - [TEST_STEP][PASSED] - Statement - out.println("RQty : " + Rqty): null

2018-05-22 19:58:51 - [TEST_STEP][PASSED] - Statement - If (java.lang.Integer.valueOf(batchqty) >= java.lang.Integer.valueOf(Rqty)): null

2018-05-22 19:58:51 - [TEST_STEP][PASSED] - Statement - Break: null

2018-05-22 19:58:51 - [TEST_STEP][PASSED] - Statement - batchlength = new com.kms.katalon.core.testobject.TestObject(): null

2018-05-22 19:58:51 - [TEST_STEP][PASSED] - Statement - batchlength = com.kms.katalon.core.webui.keyword.WebUiBuiltInKeywords.modifyObjectProperty(batchlength, "xpath", "equals", "//*[@id = "fldvendor" + row + ""]", true): Modify property of object successfully

2018-05-22 19:58:51 - [MESSAGE][PASSED] - Modify property of object successfully

2018-05-22 19:58:51 - [TEST_STEP][PASSED] - Statement - batchsize = com.kms.katalon.core.webui.keyword.WebUiBuiltInKeywords.getNumberOfTotalOption(batchlength): 9 options of object '' counted

2018-05-22 19:58:51 - [MESSAGE][PASSED] - 9 options of object '' counted

2018-05-22 19:58:51 - [TEST_STEP][PASSED] - Statement - out.println("BatchSize : " + batchsize): null

2018-05-22 19:58:51 - [TEST_STEP][PASSED] - Statement - For ([n = 1, n <= batchsize - 1, (n++)]): null

2018-05-22 19:58:51 - [TEST_STEP][PASSED] - Statement - product = new com.kms.katalon.core.testobject.TestObject(): null

2018-05-22 19:58:51 - [TEST_STEP][PASSED] - Statement - product = com.kms.katalon.core.webui.keyword.WebUiBuiltInKeywords.modifyObjectProperty(product, "xpath", "equals", "//*[@id = "fldvendor" + row + ""]", true): Modify property of object successfully

2018-05-22 19:58:51 - [MESSAGE][PASSED] - Modify property of object successfully

2018-05-22 19:58:51 - [TEST_STEP][PASSED] - selectOptionByIndex: All options with index in [1] are selected on object ''

2018-05-22 19:58:51 - [MESSAGE][PASSED] - All options with index in [1] are selected on object ''

2018-05-22 19:58:51 - [TEST_STEP][PASSED] - Statement - batch = new com.kms.katalon.core.testobject.TestObject(): null

2018-05-22 19:58:51 - [TEST_STEP][PASSED] - Statement - batch = com.kms.katalon.core.webui.keyword.WebUiBuiltInKeywords.modifyObjectProperty(batch, "xpath", "equals", "//*[@id = "txtbthqty" + row + ""]", true): Modify property of object successfully

2018-05-22 19:58:51 - [MESSAGE][PASSED] - Modify property of object successfully

2018-05-22 19:58:51 - [TEST_STEP][PASSED] - Statement - batchqty = com.kms.katalon.core.webui.keyword.WebUiBuiltInKeywords.getAttribute(batch, "value").trim(): Attribute 'value' of object '' is: '3300'

2018-05-22 19:58:51 - [MESSAGE][PASSED] - Attribute 'value' of object '' is: '3300'

2018-05-22 19:58:51 - [TEST_STEP][PASSED] - Statement - Rqty = 100: null

2018-05-22 19:58:51 - [TEST_STEP][PASSED] - delay: Delayed 2 second(s)

2018-05-22 19:58:53 - [MESSAGE][PASSED] - Delayed 2 second(s)

2018-05-22 19:58:53 - [TEST_STEP][PASSED] - Statement - out.println("BatchQty : " + batchqty): null

2018-05-22 19:58:53 - [TEST_STEP][PASSED] - Statement - out.println("RQty : " + Rqty): null

2018-05-22 19:58:53 - [TEST_STEP][PASSED] - Statement - If (java.lang.Integer.valueOf(batchqty) >= java.lang.Integer.valueOf(Rqty)): null

2018-05-22 19:58:53 - [TEST_STEP][PASSED] - Statement - Break: null

2018-05-22 19:58:53 - [TEST_STEP][PASSED] - Statement - batchlength = new com.kms.katalon.core.testobject.TestObject(): null

2018-05-22 19:58:53 - [TEST_STEP][PASSED] - Statement - batchlength = com.kms.katalon.core.webui.keyword.WebUiBuiltInKeywords.modifyObjectProperty(batchlength, "xpath", "equals", "//*[@id = "fldvendor" + row + ""]", true): Modify property of object successfully

2018-05-22 19:58:53 - [MESSAGE][PASSED] - Modify property of object successfully

2018-05-22 19:58:53 - [TEST_STEP][PASSED] - Statement - batchsize = com.kms.katalon.core.webui.keyword.WebUiBuiltInKeywords.getNumberOfTotalOption(batchlength): 9 options of object '' counted

2018-05-22 19:58:54 - [MESSAGE][PASSED] - 9 options of object '' counted

2018-05-22 19:58:54 - [TEST_STEP][PASSED] - Statement - out.println("BatchSize : " + batchsize): null

2018-05-22 19:58:54 - [TEST_STEP][PASSED] - Statement - For ([n = 1, n <= batchsize - 1, (n++)]): null

2018-05-22 19:58:54 - [TEST_STEP][PASSED] - Statement - product = new com.kms.katalon.core.testobject.TestObject(): null

2018-05-22 19:58:54 - [TEST_STEP][PASSED] - Statement - product = com.kms.katalon.core.webui.keyword.WebUiBuiltInKeywords.modifyObjectProperty(product, "xpath", "equals", "//*[@id = "fldvendor" + row + ""]", true): Modify property of object successfully

2018-05-22 19:58:54 - [MESSAGE][PASSED] - Modify property of object successfully

2018-05-22 19:58:54 - [TEST_STEP][PASSED] - selectOptionByIndex: All options with index in [1] are selected on object ''

2018-05-22 19:58:54 - [MESSAGE][PASSED] - All options with index in [1] are selected on object ''

2018-05-22 19:58:54 - [TEST_STEP][PASSED] - Statement - batch = new com.kms.katalon.core.testobject.TestObject(): null

2018-05-22 19:58:54 - [TEST_STEP][PASSED] - Statement - batch = com.kms.katalon.core.webui.keyword.WebUiBuiltInKeywords.modifyObjectProperty(batch, "xpath", "equals", "//*[@id = "txtbthqty" + row + ""]", true): Modify property of object successfully

2018-05-22 19:58:54 - [MESSAGE][PASSED] - Modify property of object successfully

2018-05-22 19:58:54 - [TEST_STEP][PASSED] - Statement - batchqty = com.kms.katalon.core.webui.keyword.WebUiBuiltInKeywords.getAttribute(batch, "value").trim(): Attribute 'value' of object '' is: '4300'

2018-05-22 19:58:54 - [MESSAGE][PASSED] - Attribute 'value' of object '' is: '4300'

2018-05-22 19:58:54 - [TEST_STEP][PASSED] - Statement - Rqty = 100: null

2018-05-22 19:58:54 - [TEST_STEP][PASSED] - delay: Delayed 2 second(s)

2018-05-22 19:58:56 - [MESSAGE][PASSED] - Delayed 2 second(s)

2018-05-22 19:58:56 - [TEST_STEP][PASSED] - Statement - out.println("BatchQty : " + batchqty): null

2018-05-22 19:58:56 - [TEST_STEP][PASSED] - Statement - out.println("RQty : " + Rqty): null

2018-05-22 19:58:56 - [TEST_STEP][PASSED] - Statement - If (java.lang.Integer.valueOf(batchqty) >= java.lang.Integer.valueOf(Rqty)): null

2018-05-22 19:58:56 - [TEST_STEP][PASSED] - Statement - Break: null

2018-05-22 19:58:56 - [TEST_STEP][PASSED] - Statement - batchlength = new com.kms.katalon.core.testobject.TestObject(): null

2018-05-22 19:58:56 - [TEST_STEP][PASSED] - Statement - batchlength = com.kms.katalon.core.webui.keyword.WebUiBuiltInKeywords.modifyObjectProperty(batchlength, "xpath", "equals", "//*[@id = "fldvendor" + row + ""]", true): Modify property of object successfully

2018-05-22 19:58:56 - [MESSAGE][PASSED] - Modify property of object successfully

2018-05-22 19:58:56 - [TEST_STEP][PASSED] - Statement - batchsize = com.kms.katalon.core.webui.keyword.WebUiBuiltInKeywords.getNumberOfTotalOption(batchlength): 9 options of object '' counted

2018-05-22 19:58:56 - [MESSAGE][PASSED] - 9 options of object '' counted

2018-05-22 19:58:56 - [TEST_STEP][PASSED] - Statement - out.println("BatchSize : " + batchsize): null

2018-05-22 19:58:56 - [TEST_STEP][PASSED] - Statement - For ([n = 1, n <= batchsize - 1, (n++)]): null

2018-05-22 19:58:56 - [TEST_STEP][PASSED] - Statement - product = new com.kms.katalon.core.testobject.TestObject(): null

2018-05-22 19:58:56 - [TEST_STEP][PASSED] - Statement - product = com.kms.katalon.core.webui.keyword.WebUiBuiltInKeywords.modifyObjectProperty(product, "xpath", "equals", "//*[@id = "fldvendor" + row + ""]", true): Modify property of object successfully

2018-05-22 19:58:56 - [MESSAGE][PASSED] - Modify property of object successfully

2018-05-22 19:58:56 - [TEST_STEP][PASSED] - selectOptionByIndex: All options with index in [1] are selected on object ''

2018-05-22 19:58:56 - [MESSAGE][PASSED] - All options with index in [1] are selected on object ''

2018-05-22 19:58:56 - [TEST_STEP][PASSED] - Statement - batch = new com.kms.katalon.core.testobject.TestObject(): null

2018-05-22 19:58:56 - [TEST_STEP][PASSED] - Statement - batch = com.kms.katalon.core.webui.keyword.WebUiBuiltInKeywords.modifyObjectProperty(batch, "xpath", "equals", "//*[@id = "txtbthqty" + row + ""]", true): Modify property of object successfully

2018-05-22 19:58:56 - [MESSAGE][PASSED] - Modify property of object successfully

2018-05-22 19:58:56 - [TEST_STEP][PASSED] - Statement - batchqty = com.kms.katalon.core.webui.keyword.WebUiBuiltInKeywords.getAttribute(batch, "value").trim(): Attribute 'value' of object '' is: '38300'

2018-05-22 19:58:56 - [MESSAGE][PASSED] - Attribute 'value' of object '' is: '38300'

2018-05-22 19:58:56 - [TEST_STEP][PASSED] - Statement - Rqty = 100: null

2018-05-22 19:58:56 - [TEST_STEP][PASSED] - delay: Delayed 2 second(s)

2018-05-22 19:58:58 - [MESSAGE][PASSED] - Delayed 2 second(s)

2018-05-22 19:58:58 - [TEST_STEP][PASSED] - Statement - out.println("BatchQty : " + batchqty): null

2018-05-22 19:58:58 - [TEST_STEP][PASSED] - Statement - out.println("RQty : " + Rqty): null

2018-05-22 19:58:58 - [TEST_STEP][PASSED] - Statement - If (java.lang.Integer.valueOf(batchqty) >= java.lang.Integer.valueOf(Rqty)): null

2018-05-22 19:58:58 - [TEST_STEP][PASSED] - Statement - Break: null

2018-05-22 19:58:58 - [TEST_STEP][PASSED] - delay: Delayed 2 second(s)

2018-05-22 19:59:00 - [MESSAGE][PASSED] - Delayed 2 second(s)

2018-05-22 19:59:00 - [TEST_STEP][PASSED] - click: Object: 'Object Repository/DispensaryToCms/Page_KDMC - CMS/input_btndispatch' is clicked on

2018-05-22 19:59:00 - [MESSAGE][PASSED] - Object: 'Object Repository/DispensaryToCms/Page_KDMC - CMS/input_btndispatch' is clicked on

2018-05-22 19:59:00 - [TEST_STEP][PASSED] - delay: Delayed 3 second(s)

2018-05-22 19:59:03 - [MESSAGE][PASSED] - Delayed 3 second(s)

2018-05-22 19:59:03 - [TEST_STEP][PASSED] - click: Object: 'Object Repository/DispensaryToCms/Page_KDMC - CMS/button_OK' is clicked on

2018-05-22 19:59:04 - [MESSAGE][PASSED] - Object: 'Object Repository/DispensaryToCms/Page_KDMC - CMS/button_OK' is clicked on

2018-05-22 19:59:04 - [TEST_STEP][PASSED] - delay: Delayed 3 second(s)

2018-05-22 19:59:07 - [MESSAGE][PASSED] - Delayed 3 second(s)

2018-05-22 19:59:07 - [TEST_STEP][PASSED] - waitForElementPresent: Object 'Object Repository/DispensaryToStore/Page_Dispensary Store/a_dropdown-toggle' is not present after 20 second(s)

2018-05-22 19:59:28 - [MESSAGE][WARNING] - Object 'Object Repository/DispensaryToStore/Page_Dispensary Store/a_dropdown-toggle' is not present after 20 second(s)

2018-05-22 19:59:28 - [TEST_STEP][PASSED] - click: Object: 'Object Repository/DispensaryToCms/Page_KDMC - CMS/a_dropdown-toggle' is clicked on

2018-05-22 19:59:28 - [MESSAGE][PASSED] - Object: 'Object Repository/DispensaryToCms/Page_KDMC - CMS/a_dropdown-toggle' is clicked on

2018-05-22 19:59:28 - [TEST_STEP][PASSED] - click: Object: 'Object Repository/DispensaryToCms/Page_KDMC - CMS/a_Sign out' is clicked on

2018-05-22 19:59:28 - [MESSAGE][PASSED] - Object: 'Object Repository/DispensaryToCms/Page_KDMC - CMS/a_Sign out' is clicked on

2018-05-22 19:59:28 - [TEST_STEP][PASSED] - delay: Delayed 3 second(s)

2018-05-22 19:59:31 - [MESSAGE][PASSED] - Delayed 3 second(s)

2018-05-22 19:59:31 - [TEST_STEP][PASSED] - navigateToUrl: Navigate to 'http://192.168.137.1/multihospital_new/HDSplashscreen.aspx' successfully

2018-05-22 19:59:32 - [MESSAGE][PASSED] - Navigate to 'http://192.168.137.1/multihospital_new/HDSplashscreen.aspx' successfully

2018-05-22 19:59:32 - [TEST_STEP][PASSED] - click: Object: 'Object Repository/DispensaryToCms/Page_KDMC/a_Dispensary Store' is clicked on

2018-05-22 19:59:32 - [MESSAGE][PASSED] - Object: 'Object Repository/DispensaryToCms/Page_KDMC/a_Dispensary Store' is clicked on

2018-05-22 19:59:32 - [TEST_STEP][PASSED] - setText: Text 'rajaram' is set on object 'Object Repository/DispensaryToCms/Page_Dispensary Store Login/input_txtusername'

2018-05-22 19:59:32 - [MESSAGE][PASSED] - Text 'rajaram' is set on object 'Object Repository/DispensaryToCms/Page_Dispensary Store Login/input_txtusername'

2018-05-22 19:59:32 - [TEST_STEP][PASSED] - setText: Text '123' is set on object 'Object Repository/DispensaryToCms/Page_Dispensary Store Login/input_txtpassword'

2018-05-22 19:59:32 - [MESSAGE][PASSED] - Text '123' is set on object 'Object Repository/DispensaryToCms/Page_Dispensary Store Login/input_txtpassword'

2018-05-22 19:59:32 - [TEST_STEP][PASSED] - delay: Delayed 3 second(s)

2018-05-22 19:59:35 - [MESSAGE][PASSED] - Delayed 3 second(s)

2018-05-22 19:59:35 - [TEST_STEP][PASSED] - click: Object: 'Object Repository/DispensaryToCms/Page_Dispensary Store Login/button_Sign in' is clicked on

2018-05-22 19:59:36 - [MESSAGE][PASSED] - Object: 'Object Repository/DispensaryToCms/Page_Dispensary Store Login/button_Sign in' is clicked on

2018-05-22 19:59:36 - [TEST_STEP][PASSED] - delay: Delayed 3 second(s)

2018-05-22 19:59:39 - [MESSAGE][PASSED] - Delayed 3 second(s)

2018-05-22 19:59:39 - [TEST_STEP][PASSED] - click: Object: 'Object Repository/DispensaryToCms/Page_Dispensary Store/a_CMS' is clicked on

2018-05-22 19:59:39 - [MESSAGE][PASSED] - Object: 'Object Repository/DispensaryToCms/Page_Dispensary Store/a_CMS' is clicked on

2018-05-22 19:59:39 - [TEST_STEP][PASSED] - delay: Delayed 2 second(s)

2018-05-22 19:59:41 - [MESSAGE][PASSED] - Delayed 2 second(s)

2018-05-22 19:59:41 - [TEST_STEP][PASSED] - click: Object: 'Object Repository/DispensaryToCms/Page_Dispensary Store/a_Receiving Goods' is clicked on

2018-05-22 19:59:41 - [MESSAGE][PASSED] - Object: 'Object Repository/DispensaryToCms/Page_Dispensary Store/a_Receiving Goods' is clicked on

2018-05-22 19:59:41 - [TEST_STEP][PASSED] - setText: Text 'PRNO/22052018/348' is set on object 'Object Repository/DispensaryToCms/Page_Dispensary Store/input'

2018-05-22 19:59:42 - [MESSAGE][PASSED] - Text 'PRNO/22052018/348' is set on object 'Object Repository/DispensaryToCms/Page_Dispensary Store/input'

2018-05-22 19:59:42 - [TEST_STEP][PASSED] - click: Object: 'Object Repository/DispensaryToCms/Page_Dispensary Store/input_PRNO18052018174' is clicked on

2018-05-22 19:59:42 - [MESSAGE][PASSED] - Object: 'Object Repository/DispensaryToCms/Page_Dispensary Store/input_PRNO18052018174' is clicked on

2018-05-22 19:59:42 - [TEST_STEP][PASSED] - delay: Delayed 2 second(s)

2018-05-22 19:59:44 - [MESSAGE][PASSED] - Delayed 2 second(s)

2018-05-22 19:59:44 - [TEST_STEP][PASSED] - click: Object: 'Object Repository/DispensaryToCms/Page_Dispensary Store/input_chkrem' is clicked on

2018-05-22 19:59:44 - [MESSAGE][PASSED] - Object: 'Object Repository/DispensaryToCms/Page_Dispensary Store/input_chkrem' is clicked on

2018-05-22 19:59:44 - [TEST_STEP][PASSED] - scrollToElement: Scroll to object 'Object Repository/DispensaryToCms/Page_Dispensary Store/input_btchkroqadd' successfully

2018-05-22 19:59:44 - [MESSAGE][PASSED] - Scroll to object 'Object Repository/DispensaryToCms/Page_Dispensary Store/input_btchkroqadd' successfully

2018-05-22 19:59:44 - [TEST_STEP][PASSED] - click: Object: 'Object Repository/DispensaryToCms/Page_Dispensary Store/input_btchkroqadd' is clicked on

2018-05-22 19:59:44 - [MESSAGE][PASSED] - Object: 'Object Repository/DispensaryToCms/Page_Dispensary Store/input_btchkroqadd' is clicked on

2018-05-22 19:59:44 - [TEST_STEP][PASSED] - delay: Delayed 2 second(s)

2018-05-22 19:59:46 - [MESSAGE][PASSED] - Delayed 2 second(s)

2018-05-22 19:59:46 - [TEST_STEP][PASSED] - refresh: Refresh successfully

2018-05-22 19:59:46 - [MESSAGE][PASSED] - Refresh successfully

2018-05-22 19:59:46 - [TEST_STEP][PASSED] - delay: Delayed 3 second(s)

2018-05-22 19:59:49 - [MESSAGE][PASSED] - Delayed 3 second(s)

2018-05-22 19:59:49 - [TEST_STEP][PASSED] - waitForElementPresent: Object 'Object Repository/DispensaryToStore/Page_Dispensary Store/a_dropdown-toggle' is present

2018-05-22 19:59:50 - [MESSAGE][PASSED] - Object 'Object Repository/DispensaryToStore/Page_Dispensary Store/a_dropdown-toggle' is present

2018-05-22 19:59:50 - [TEST_STEP][PASSED] - click: Object: 'Object Repository/DispensaryToCms/Page_Dispensary Store/a_dropdown-toggle' is clicked on

2018-05-22 19:59:50 - [MESSAGE][PASSED] - Object: 'Object Repository/DispensaryToCms/Page_Dispensary Store/a_dropdown-toggle' is clicked on

2018-05-22 19:59:50 - [TEST_STEP][PASSED] - click: Object: 'Object Repository/DispensaryToCms/Page_Dispensary Store/a_Sign out' is clicked on

2018-05-22 19:59:50 - [MESSAGE][PASSED] - Object: 'Object Repository/DispensaryToCms/Page_Dispensary Store/a_Sign out' is clicked on

2018-05-22 19:59:50 - [TEST_STEP][PASSED] - closeBrowser: Browser is closed

2018-05-22 19:59:51 - [MESSAGE][PASSED] - Browser is closed]]></system-out>
         <system-err><![CDATA[]]></system-err>
      </testcase>
      <testcase name="Test Cases/DISPENSARY TEST CASES/TC_DP_022 Verify Schedule 10 Dispensary To CMS Request Are Working Successfully Or Not" classname="Test Cases/DISPENSARY TEST CASES/TC_DP_022 Verify Schedule 10 Dispensary To CMS Request Are Working Successfully Or Not" status="FAILED">
         <failure type="FAILED" message="Unable to get attribute 'value' of object '' (Root cause: org.openqa.selenium.UnhandledAlertException: unexpected alert open: {Alert text : function Error() { [native code] }}
  (Session info: chrome=66.0.3359.181)
  (Driver info: chromedriver=2.35.528161 (5b82f2d2aae0ca24b877009200ced9065a772e73),platform=Windows NT 10.0.17134 x86_64) (WARNING: The server did not provide any stacktrace information)
Command duration or timeout: 0 milliseconds: null
Build info: version: '3.7.1', revision: '8a0099a', time: '2017-11-06T21:07:36.161Z'
System info: host: 'DESKTOP-BLFTK83', ip: '169.254.189.85', os.name: 'Windows 10', os.arch: 'amd64', os.version: '10.0', java.version: '1.8.0_102'
Driver info: com.kms.katalon.selenium.driver.CChromeDriver
Capabilities {acceptInsecureCerts: false, acceptSslCerts: false, applicationCacheEnabled: false, browserConnectionEnabled: false, browserName: chrome, chrome: {chromedriverVersion: 2.35.528161 (5b82f2d2aae0ca..., userDataDir: C:\Users\QUALIT~1\AppData\L...}, cssSelectorsEnabled: true, databaseEnabled: false, handlesAlerts: true, hasTouchScreen: false, javascriptEnabled: true, locationContextEnabled: true, mobileEmulationEnabled: false, nativeEvents: true, networkConnectionEnabled: false, pageLoadStrategy: normal, platform: XP, platformName: XP, rotatable: false, setWindowRect: true, takesHeapSnapshot: true, takesScreenshot: true, unexpectedAlertBehaviour: , unhandledPromptBehavior: , version: 66.0.3359.181, webStorageEnabled: true}
Session ID: f93ba49619c572c923e7f0509ce582a1
*** Element info: {Using=xpath, value=//*[@id = &quot;txtbthqty12&quot;]})"/>
         <system-out><![CDATA[2018-05-22 19:59:51 - [TEST_CASE][FAILED] - Test Cases/DISPENSARY TEST CASES/TC_DP_022 Verify Schedule 10 Dispensary To CMS Request Are Working Successfully Or Not: Test Cases/DISPENSARY TEST CASES/TC_DP_022 Verify Schedule 10 Dispensary To CMS Request Are Working Successfully Or Not FAILED because (of) Unable to get attribute 'value' of object '' (Root cause: org.openqa.selenium.UnhandledAlertException: unexpected alert open: {Alert text : function Error() { [native code] }}
  (Session info: chrome=66.0.3359.181)
  (Driver info: chromedriver=2.35.528161 (5b82f2d2aae0ca24b877009200ced9065a772e73),platform=Windows NT 10.0.17134 x86_64) (WARNING: The server did not provide any stacktrace information)
Command duration or timeout: 0 milliseconds: null
Build info: version: '3.7.1', revision: '8a0099a', time: '2017-11-06T21:07:36.161Z'
System info: host: 'DESKTOP-BLFTK83', ip: '169.254.189.85', os.name: 'Windows 10', os.arch: 'amd64', os.version: '10.0', java.version: '1.8.0_102'
Driver info: com.kms.katalon.selenium.driver.CChromeDriver
Capabilities {acceptInsecureCerts: false, acceptSslCerts: false, applicationCacheEnabled: false, browserConnectionEnabled: false, browserName: chrome, chrome: {chromedriverVersion: 2.35.528161 (5b82f2d2aae0ca..., userDataDir: C:\Users\QUALIT~1\AppData\L...}, cssSelectorsEnabled: true, databaseEnabled: false, handlesAlerts: true, hasTouchScreen: false, javascriptEnabled: true, locationContextEnabled: true, mobileEmulationEnabled: false, nativeEvents: true, networkConnectionEnabled: false, pageLoadStrategy: normal, platform: XP, platformName: XP, rotatable: false, setWindowRect: true, takesHeapSnapshot: true, takesScreenshot: true, unexpectedAlertBehaviour: , unhandledPromptBehavior: , version: 66.0.3359.181, webStorageEnabled: true}
Session ID: f93ba49619c572c923e7f0509ce582a1
*** Element info: {Using=xpath, value=//*[@id = "txtbthqty12"]})

2018-05-22 19:59:51 - [TEST_STEP][PASSED] - openBrowser: Browser is opened with url: ''

2018-05-22 19:59:53 - [MESSAGE][PASSED] - Browser is opened with url: ''

2018-05-22 19:59:53 - [TEST_STEP][PASSED] - navigateToUrl: Navigate to 'http://192.168.137.1/multihospital_new/HDSplashscreen.aspx' successfully

2018-05-22 19:59:56 - [MESSAGE][PASSED] - Navigate to 'http://192.168.137.1/multihospital_new/HDSplashscreen.aspx' successfully

2018-05-22 19:59:56 - [TEST_STEP][PASSED] - maximizeWindow: Current window maximized

2018-05-22 19:59:58 - [MESSAGE][PASSED] - Current window maximized

2018-05-22 19:59:58 - [TEST_STEP][PASSED] - click: Object: 'Object Repository/DispensaryToCms/Page_KDMC/a_Dispensary Store' is clicked on

2018-05-22 19:59:59 - [MESSAGE][PASSED] - Object: 'Object Repository/DispensaryToCms/Page_KDMC/a_Dispensary Store' is clicked on

2018-05-22 19:59:59 - [TEST_STEP][PASSED] - setText: Text 'rajaram' is set on object 'Object Repository/DispensaryToCms/Page_Dispensary Store Login/input_txtusername'

2018-05-22 19:59:59 - [MESSAGE][PASSED] - Text 'rajaram' is set on object 'Object Repository/DispensaryToCms/Page_Dispensary Store Login/input_txtusername'

2018-05-22 19:59:59 - [TEST_STEP][PASSED] - setText: Text '123' is set on object 'Object Repository/DispensaryToCms/Page_Dispensary Store Login/input_txtpassword'

2018-05-22 19:59:59 - [MESSAGE][PASSED] - Text '123' is set on object 'Object Repository/DispensaryToCms/Page_Dispensary Store Login/input_txtpassword'

2018-05-22 19:59:59 - [TEST_STEP][PASSED] - delay: Delayed 3 second(s)

2018-05-22 20:00:02 - [MESSAGE][PASSED] - Delayed 3 second(s)

2018-05-22 20:00:02 - [TEST_STEP][PASSED] - click: Object: 'Object Repository/DispensaryToCms/Page_Dispensary Store Login/button_Sign in' is clicked on

2018-05-22 20:00:05 - [MESSAGE][PASSED] - Object: 'Object Repository/DispensaryToCms/Page_Dispensary Store Login/button_Sign in' is clicked on

2018-05-22 20:00:05 - [TEST_STEP][PASSED] - delay: Delayed 3 second(s)

2018-05-22 20:00:08 - [MESSAGE][PASSED] - Delayed 3 second(s)

2018-05-22 20:00:08 - [TEST_STEP][PASSED] - click: Object: 'Object Repository/DispensaryToCms/Page_Dispensary Store/a_CMS' is clicked on

2018-05-22 20:00:08 - [MESSAGE][PASSED] - Object: 'Object Repository/DispensaryToCms/Page_Dispensary Store/a_CMS' is clicked on

2018-05-22 20:00:08 - [TEST_STEP][PASSED] - click: Object: 'Object Repository/DispensaryToCms/Page_Dispensary Store/a_Request Send' is clicked on

2018-05-22 20:00:08 - [MESSAGE][PASSED] - Object: 'Object Repository/DispensaryToCms/Page_Dispensary Store/a_Request Send' is clicked on

2018-05-22 20:00:08 - [TEST_STEP][PASSED] - delay: Delayed 2 second(s)

2018-05-22 20:00:10 - [MESSAGE][PASSED] - Delayed 2 second(s)

2018-05-22 20:00:10 - [TEST_STEP][PASSED] - selectOptionByIndex: All options with index in [2] are selected on object 'Object Repository/DispensaryToCms/Page_Dispensary Store/select_--Select--'

2018-05-22 20:00:11 - [MESSAGE][PASSED] - All options with index in [2] are selected on object 'Object Repository/DispensaryToCms/Page_Dispensary Store/select_--Select--'

2018-05-22 20:00:11 - [TEST_STEP][PASSED] - selectOptionByIndex: All options with index in [10] are selected on object 'Object Repository/DispensaryToCms/Page_Dispensary Store/select_--Select--Schedule 1Inj'

2018-05-22 20:00:11 - [MESSAGE][PASSED] - All options with index in [10] are selected on object 'Object Repository/DispensaryToCms/Page_Dispensary Store/select_--Select--Schedule 1Inj'

2018-05-22 20:00:11 - [TEST_STEP][PASSED] - Statement - medicineslength = com.kms.katalon.core.webui.keyword.WebUiBuiltInKeywords.getNumberOfTotalOption(com.kms.katalon.core.testobject.ObjectRepository.findTestObject(DispensaryToCms/Page_Dispensary Store/select_--Select--Adernaline 0.)): 19 options of object 'Object Repository/DispensaryToCms/Page_Dispensary Store/select_--Select--Adernaline 0.' counted

2018-05-22 20:00:11 - [MESSAGE][PASSED] - 19 options of object 'Object Repository/DispensaryToCms/Page_Dispensary Store/select_--Select--Adernaline 0.' counted

2018-05-22 20:00:11 - [TEST_STEP][PASSED] - Statement - For ([e = 1, e <= medicineslength - 1, (e++)]): Object: 'Object Repository/DispensaryToCms/Page_Dispensary Store/button_Add' is clicked on

2018-05-22 20:00:11 - [TEST_STEP][PASSED] - selectOptionByIndex: All options with index in [10] are selected on object 'Object Repository/DispensaryToCms/Page_Dispensary Store/select_--Select--Schedule 1Inj'

2018-05-22 20:00:11 - [MESSAGE][PASSED] - All options with index in [10] are selected on object 'Object Repository/DispensaryToCms/Page_Dispensary Store/select_--Select--Schedule 1Inj'

2018-05-22 20:00:11 - [TEST_STEP][PASSED] - selectOptionByIndex: All options with index in [1] are selected on object 'Object Repository/DispensaryToCms/Page_Dispensary Store/select_--Select--Adernaline 0.'

2018-05-22 20:00:11 - [MESSAGE][PASSED] - All options with index in [1] are selected on object 'Object Repository/DispensaryToCms/Page_Dispensary Store/select_--Select--Adernaline 0.'

2018-05-22 20:00:11 - [TEST_STEP][PASSED] - setText: Text '100' is set on object 'Object Repository/DispensaryToCms/Page_Dispensary Store/input_txttreat'

2018-05-22 20:00:11 - [MESSAGE][PASSED] - Text '100' is set on object 'Object Repository/DispensaryToCms/Page_Dispensary Store/input_txttreat'

2018-05-22 20:00:11 - [TEST_STEP][PASSED] - click: Object: 'Object Repository/DispensaryToCms/Page_Dispensary Store/button_Add' is clicked on

2018-05-22 20:00:11 - [MESSAGE][PASSED] - Object: 'Object Repository/DispensaryToCms/Page_Dispensary Store/button_Add' is clicked on

2018-05-22 20:00:11 - [TEST_STEP][PASSED] - selectOptionByIndex: All options with index in [10] are selected on object 'Object Repository/DispensaryToCms/Page_Dispensary Store/select_--Select--Schedule 1Inj'

2018-05-22 20:00:12 - [MESSAGE][PASSED] - All options with index in [10] are selected on object 'Object Repository/DispensaryToCms/Page_Dispensary Store/select_--Select--Schedule 1Inj'

2018-05-22 20:00:12 - [TEST_STEP][PASSED] - selectOptionByIndex: All options with index in [2] are selected on object 'Object Repository/DispensaryToCms/Page_Dispensary Store/select_--Select--Adernaline 0.'

2018-05-22 20:00:12 - [MESSAGE][PASSED] - All options with index in [2] are selected on object 'Object Repository/DispensaryToCms/Page_Dispensary Store/select_--Select--Adernaline 0.'

2018-05-22 20:00:12 - [TEST_STEP][PASSED] - setText: Text '100' is set on object 'Object Repository/DispensaryToCms/Page_Dispensary Store/input_txttreat'

2018-05-22 20:00:12 - [MESSAGE][PASSED] - Text '100' is set on object 'Object Repository/DispensaryToCms/Page_Dispensary Store/input_txttreat'

2018-05-22 20:00:12 - [TEST_STEP][PASSED] - click: Object: 'Object Repository/DispensaryToCms/Page_Dispensary Store/button_Add' is clicked on

2018-05-22 20:00:12 - [MESSAGE][PASSED] - Object: 'Object Repository/DispensaryToCms/Page_Dispensary Store/button_Add' is clicked on

2018-05-22 20:00:12 - [TEST_STEP][PASSED] - selectOptionByIndex: All options with index in [10] are selected on object 'Object Repository/DispensaryToCms/Page_Dispensary Store/select_--Select--Schedule 1Inj'

2018-05-22 20:00:12 - [MESSAGE][PASSED] - All options with index in [10] are selected on object 'Object Repository/DispensaryToCms/Page_Dispensary Store/select_--Select--Schedule 1Inj'

2018-05-22 20:00:12 - [TEST_STEP][PASSED] - selectOptionByIndex: All options with index in [3] are selected on object 'Object Repository/DispensaryToCms/Page_Dispensary Store/select_--Select--Adernaline 0.'

2018-05-22 20:00:12 - [MESSAGE][PASSED] - All options with index in [3] are selected on object 'Object Repository/DispensaryToCms/Page_Dispensary Store/select_--Select--Adernaline 0.'

2018-05-22 20:00:12 - [TEST_STEP][PASSED] - setText: Text '100' is set on object 'Object Repository/DispensaryToCms/Page_Dispensary Store/input_txttreat'

2018-05-22 20:00:12 - [MESSAGE][PASSED] - Text '100' is set on object 'Object Repository/DispensaryToCms/Page_Dispensary Store/input_txttreat'

2018-05-22 20:00:12 - [TEST_STEP][PASSED] - click: Object: 'Object Repository/DispensaryToCms/Page_Dispensary Store/button_Add' is clicked on

2018-05-22 20:00:12 - [MESSAGE][PASSED] - Object: 'Object Repository/DispensaryToCms/Page_Dispensary Store/button_Add' is clicked on

2018-05-22 20:00:12 - [TEST_STEP][PASSED] - selectOptionByIndex: All options with index in [10] are selected on object 'Object Repository/DispensaryToCms/Page_Dispensary Store/select_--Select--Schedule 1Inj'

2018-05-22 20:00:13 - [MESSAGE][PASSED] - All options with index in [10] are selected on object 'Object Repository/DispensaryToCms/Page_Dispensary Store/select_--Select--Schedule 1Inj'

2018-05-22 20:00:13 - [TEST_STEP][PASSED] - selectOptionByIndex: All options with index in [4] are selected on object 'Object Repository/DispensaryToCms/Page_Dispensary Store/select_--Select--Adernaline 0.'

2018-05-22 20:00:13 - [MESSAGE][PASSED] - All options with index in [4] are selected on object 'Object Repository/DispensaryToCms/Page_Dispensary Store/select_--Select--Adernaline 0.'

2018-05-22 20:00:13 - [TEST_STEP][PASSED] - setText: Text '100' is set on object 'Object Repository/DispensaryToCms/Page_Dispensary Store/input_txttreat'

2018-05-22 20:00:13 - [MESSAGE][PASSED] - Text '100' is set on object 'Object Repository/DispensaryToCms/Page_Dispensary Store/input_txttreat'

2018-05-22 20:00:13 - [TEST_STEP][PASSED] - click: Object: 'Object Repository/DispensaryToCms/Page_Dispensary Store/button_Add' is clicked on

2018-05-22 20:00:13 - [MESSAGE][PASSED] - Object: 'Object Repository/DispensaryToCms/Page_Dispensary Store/button_Add' is clicked on

2018-05-22 20:00:13 - [TEST_STEP][PASSED] - selectOptionByIndex: All options with index in [10] are selected on object 'Object Repository/DispensaryToCms/Page_Dispensary Store/select_--Select--Schedule 1Inj'

2018-05-22 20:00:13 - [MESSAGE][PASSED] - All options with index in [10] are selected on object 'Object Repository/DispensaryToCms/Page_Dispensary Store/select_--Select--Schedule 1Inj'

2018-05-22 20:00:13 - [TEST_STEP][PASSED] - selectOptionByIndex: All options with index in [5] are selected on object 'Object Repository/DispensaryToCms/Page_Dispensary Store/select_--Select--Adernaline 0.'

2018-05-22 20:00:13 - [MESSAGE][PASSED] - All options with index in [5] are selected on object 'Object Repository/DispensaryToCms/Page_Dispensary Store/select_--Select--Adernaline 0.'

2018-05-22 20:00:13 - [TEST_STEP][PASSED] - setText: Text '100' is set on object 'Object Repository/DispensaryToCms/Page_Dispensary Store/input_txttreat'

2018-05-22 20:00:13 - [MESSAGE][PASSED] - Text '100' is set on object 'Object Repository/DispensaryToCms/Page_Dispensary Store/input_txttreat'

2018-05-22 20:00:13 - [TEST_STEP][PASSED] - click: Object: 'Object Repository/DispensaryToCms/Page_Dispensary Store/button_Add' is clicked on

2018-05-22 20:00:13 - [MESSAGE][PASSED] - Object: 'Object Repository/DispensaryToCms/Page_Dispensary Store/button_Add' is clicked on

2018-05-22 20:00:13 - [TEST_STEP][PASSED] - selectOptionByIndex: All options with index in [10] are selected on object 'Object Repository/DispensaryToCms/Page_Dispensary Store/select_--Select--Schedule 1Inj'

2018-05-22 20:00:14 - [MESSAGE][PASSED] - All options with index in [10] are selected on object 'Object Repository/DispensaryToCms/Page_Dispensary Store/select_--Select--Schedule 1Inj'

2018-05-22 20:00:14 - [TEST_STEP][PASSED] - selectOptionByIndex: All options with index in [6] are selected on object 'Object Repository/DispensaryToCms/Page_Dispensary Store/select_--Select--Adernaline 0.'

2018-05-22 20:00:14 - [MESSAGE][PASSED] - All options with index in [6] are selected on object 'Object Repository/DispensaryToCms/Page_Dispensary Store/select_--Select--Adernaline 0.'

2018-05-22 20:00:14 - [TEST_STEP][PASSED] - setText: Text '100' is set on object 'Object Repository/DispensaryToCms/Page_Dispensary Store/input_txttreat'

2018-05-22 20:00:14 - [MESSAGE][PASSED] - Text '100' is set on object 'Object Repository/DispensaryToCms/Page_Dispensary Store/input_txttreat'

2018-05-22 20:00:14 - [TEST_STEP][PASSED] - click: Object: 'Object Repository/DispensaryToCms/Page_Dispensary Store/button_Add' is clicked on

2018-05-22 20:00:14 - [MESSAGE][PASSED] - Object: 'Object Repository/DispensaryToCms/Page_Dispensary Store/button_Add' is clicked on

2018-05-22 20:00:14 - [TEST_STEP][PASSED] - selectOptionByIndex: All options with index in [10] are selected on object 'Object Repository/DispensaryToCms/Page_Dispensary Store/select_--Select--Schedule 1Inj'

2018-05-22 20:00:14 - [MESSAGE][PASSED] - All options with index in [10] are selected on object 'Object Repository/DispensaryToCms/Page_Dispensary Store/select_--Select--Schedule 1Inj'

2018-05-22 20:00:14 - [TEST_STEP][PASSED] - selectOptionByIndex: All options with index in [7] are selected on object 'Object Repository/DispensaryToCms/Page_Dispensary Store/select_--Select--Adernaline 0.'

2018-05-22 20:00:15 - [MESSAGE][PASSED] - All options with index in [7] are selected on object 'Object Repository/DispensaryToCms/Page_Dispensary Store/select_--Select--Adernaline 0.'

2018-05-22 20:00:15 - [TEST_STEP][PASSED] - setText: Text '100' is set on object 'Object Repository/DispensaryToCms/Page_Dispensary Store/input_txttreat'

2018-05-22 20:00:15 - [MESSAGE][PASSED] - Text '100' is set on object 'Object Repository/DispensaryToCms/Page_Dispensary Store/input_txttreat'

2018-05-22 20:00:15 - [TEST_STEP][PASSED] - click: Object: 'Object Repository/DispensaryToCms/Page_Dispensary Store/button_Add' is clicked on

2018-05-22 20:00:15 - [MESSAGE][PASSED] - Object: 'Object Repository/DispensaryToCms/Page_Dispensary Store/button_Add' is clicked on

2018-05-22 20:00:15 - [TEST_STEP][PASSED] - selectOptionByIndex: All options with index in [10] are selected on object 'Object Repository/DispensaryToCms/Page_Dispensary Store/select_--Select--Schedule 1Inj'

2018-05-22 20:00:15 - [MESSAGE][PASSED] - All options with index in [10] are selected on object 'Object Repository/DispensaryToCms/Page_Dispensary Store/select_--Select--Schedule 1Inj'

2018-05-22 20:00:15 - [TEST_STEP][PASSED] - selectOptionByIndex: All options with index in [8] are selected on object 'Object Repository/DispensaryToCms/Page_Dispensary Store/select_--Select--Adernaline 0.'

2018-05-22 20:00:15 - [MESSAGE][PASSED] - All options with index in [8] are selected on object 'Object Repository/DispensaryToCms/Page_Dispensary Store/select_--Select--Adernaline 0.'

2018-05-22 20:00:15 - [TEST_STEP][PASSED] - setText: Text '100' is set on object 'Object Repository/DispensaryToCms/Page_Dispensary Store/input_txttreat'

2018-05-22 20:00:15 - [MESSAGE][PASSED] - Text '100' is set on object 'Object Repository/DispensaryToCms/Page_Dispensary Store/input_txttreat'

2018-05-22 20:00:15 - [TEST_STEP][PASSED] - click: Object: 'Object Repository/DispensaryToCms/Page_Dispensary Store/button_Add' is clicked on

2018-05-22 20:00:15 - [MESSAGE][PASSED] - Object: 'Object Repository/DispensaryToCms/Page_Dispensary Store/button_Add' is clicked on

2018-05-22 20:00:15 - [TEST_STEP][PASSED] - selectOptionByIndex: All options with index in [10] are selected on object 'Object Repository/DispensaryToCms/Page_Dispensary Store/select_--Select--Schedule 1Inj'

2018-05-22 20:00:16 - [MESSAGE][PASSED] - All options with index in [10] are selected on object 'Object Repository/DispensaryToCms/Page_Dispensary Store/select_--Select--Schedule 1Inj'

2018-05-22 20:00:16 - [TEST_STEP][PASSED] - selectOptionByIndex: All options with index in [9] are selected on object 'Object Repository/DispensaryToCms/Page_Dispensary Store/select_--Select--Adernaline 0.'

2018-05-22 20:00:16 - [MESSAGE][PASSED] - All options with index in [9] are selected on object 'Object Repository/DispensaryToCms/Page_Dispensary Store/select_--Select--Adernaline 0.'

2018-05-22 20:00:16 - [TEST_STEP][PASSED] - setText: Text '100' is set on object 'Object Repository/DispensaryToCms/Page_Dispensary Store/input_txttreat'

2018-05-22 20:00:16 - [MESSAGE][PASSED] - Text '100' is set on object 'Object Repository/DispensaryToCms/Page_Dispensary Store/input_txttreat'

2018-05-22 20:00:16 - [TEST_STEP][PASSED] - click: Object: 'Object Repository/DispensaryToCms/Page_Dispensary Store/button_Add' is clicked on

2018-05-22 20:00:16 - [MESSAGE][PASSED] - Object: 'Object Repository/DispensaryToCms/Page_Dispensary Store/button_Add' is clicked on

2018-05-22 20:00:16 - [TEST_STEP][PASSED] - selectOptionByIndex: All options with index in [10] are selected on object 'Object Repository/DispensaryToCms/Page_Dispensary Store/select_--Select--Schedule 1Inj'

2018-05-22 20:00:16 - [MESSAGE][PASSED] - All options with index in [10] are selected on object 'Object Repository/DispensaryToCms/Page_Dispensary Store/select_--Select--Schedule 1Inj'

2018-05-22 20:00:16 - [TEST_STEP][PASSED] - selectOptionByIndex: All options with index in [10] are selected on object 'Object Repository/DispensaryToCms/Page_Dispensary Store/select_--Select--Adernaline 0.'

2018-05-22 20:00:16 - [MESSAGE][PASSED] - All options with index in [10] are selected on object 'Object Repository/DispensaryToCms/Page_Dispensary Store/select_--Select--Adernaline 0.'

2018-05-22 20:00:16 - [TEST_STEP][PASSED] - setText: Text '100' is set on object 'Object Repository/DispensaryToCms/Page_Dispensary Store/input_txttreat'

2018-05-22 20:00:17 - [MESSAGE][PASSED] - Text '100' is set on object 'Object Repository/DispensaryToCms/Page_Dispensary Store/input_txttreat'

2018-05-22 20:00:17 - [TEST_STEP][PASSED] - click: Object: 'Object Repository/DispensaryToCms/Page_Dispensary Store/button_Add' is clicked on

2018-05-22 20:00:17 - [MESSAGE][PASSED] - Object: 'Object Repository/DispensaryToCms/Page_Dispensary Store/button_Add' is clicked on

2018-05-22 20:00:17 - [TEST_STEP][PASSED] - selectOptionByIndex: All options with index in [10] are selected on object 'Object Repository/DispensaryToCms/Page_Dispensary Store/select_--Select--Schedule 1Inj'

2018-05-22 20:00:17 - [MESSAGE][PASSED] - All options with index in [10] are selected on object 'Object Repository/DispensaryToCms/Page_Dispensary Store/select_--Select--Schedule 1Inj'

2018-05-22 20:00:17 - [TEST_STEP][PASSED] - selectOptionByIndex: All options with index in [11] are selected on object 'Object Repository/DispensaryToCms/Page_Dispensary Store/select_--Select--Adernaline 0.'

2018-05-22 20:00:17 - [MESSAGE][PASSED] - All options with index in [11] are selected on object 'Object Repository/DispensaryToCms/Page_Dispensary Store/select_--Select--Adernaline 0.'

2018-05-22 20:00:17 - [TEST_STEP][PASSED] - setText: Text '100' is set on object 'Object Repository/DispensaryToCms/Page_Dispensary Store/input_txttreat'

2018-05-22 20:00:17 - [MESSAGE][PASSED] - Text '100' is set on object 'Object Repository/DispensaryToCms/Page_Dispensary Store/input_txttreat'

2018-05-22 20:00:17 - [TEST_STEP][PASSED] - click: Object: 'Object Repository/DispensaryToCms/Page_Dispensary Store/button_Add' is clicked on

2018-05-22 20:00:17 - [MESSAGE][PASSED] - Object: 'Object Repository/DispensaryToCms/Page_Dispensary Store/button_Add' is clicked on

2018-05-22 20:00:17 - [TEST_STEP][PASSED] - selectOptionByIndex: All options with index in [10] are selected on object 'Object Repository/DispensaryToCms/Page_Dispensary Store/select_--Select--Schedule 1Inj'

2018-05-22 20:00:17 - [MESSAGE][PASSED] - All options with index in [10] are selected on object 'Object Repository/DispensaryToCms/Page_Dispensary Store/select_--Select--Schedule 1Inj'

2018-05-22 20:00:17 - [TEST_STEP][PASSED] - selectOptionByIndex: All options with index in [12] are selected on object 'Object Repository/DispensaryToCms/Page_Dispensary Store/select_--Select--Adernaline 0.'

2018-05-22 20:00:18 - [MESSAGE][PASSED] - All options with index in [12] are selected on object 'Object Repository/DispensaryToCms/Page_Dispensary Store/select_--Select--Adernaline 0.'

2018-05-22 20:00:18 - [TEST_STEP][PASSED] - setText: Text '100' is set on object 'Object Repository/DispensaryToCms/Page_Dispensary Store/input_txttreat'

2018-05-22 20:00:18 - [MESSAGE][PASSED] - Text '100' is set on object 'Object Repository/DispensaryToCms/Page_Dispensary Store/input_txttreat'

2018-05-22 20:00:18 - [TEST_STEP][PASSED] - click: Object: 'Object Repository/DispensaryToCms/Page_Dispensary Store/button_Add' is clicked on

2018-05-22 20:00:18 - [MESSAGE][PASSED] - Object: 'Object Repository/DispensaryToCms/Page_Dispensary Store/button_Add' is clicked on

2018-05-22 20:00:18 - [TEST_STEP][PASSED] - selectOptionByIndex: All options with index in [10] are selected on object 'Object Repository/DispensaryToCms/Page_Dispensary Store/select_--Select--Schedule 1Inj'

2018-05-22 20:00:18 - [MESSAGE][PASSED] - All options with index in [10] are selected on object 'Object Repository/DispensaryToCms/Page_Dispensary Store/select_--Select--Schedule 1Inj'

2018-05-22 20:00:18 - [TEST_STEP][PASSED] - selectOptionByIndex: All options with index in [13] are selected on object 'Object Repository/DispensaryToCms/Page_Dispensary Store/select_--Select--Adernaline 0.'

2018-05-22 20:00:18 - [MESSAGE][PASSED] - All options with index in [13] are selected on object 'Object Repository/DispensaryToCms/Page_Dispensary Store/select_--Select--Adernaline 0.'

2018-05-22 20:00:18 - [TEST_STEP][PASSED] - setText: Text '100' is set on object 'Object Repository/DispensaryToCms/Page_Dispensary Store/input_txttreat'

2018-05-22 20:00:18 - [MESSAGE][PASSED] - Text '100' is set on object 'Object Repository/DispensaryToCms/Page_Dispensary Store/input_txttreat'

2018-05-22 20:00:18 - [TEST_STEP][PASSED] - click: Object: 'Object Repository/DispensaryToCms/Page_Dispensary Store/button_Add' is clicked on

2018-05-22 20:00:18 - [MESSAGE][PASSED] - Object: 'Object Repository/DispensaryToCms/Page_Dispensary Store/button_Add' is clicked on

2018-05-22 20:00:18 - [TEST_STEP][PASSED] - selectOptionByIndex: All options with index in [10] are selected on object 'Object Repository/DispensaryToCms/Page_Dispensary Store/select_--Select--Schedule 1Inj'

2018-05-22 20:00:19 - [MESSAGE][PASSED] - All options with index in [10] are selected on object 'Object Repository/DispensaryToCms/Page_Dispensary Store/select_--Select--Schedule 1Inj'

2018-05-22 20:00:19 - [TEST_STEP][PASSED] - selectOptionByIndex: All options with index in [14] are selected on object 'Object Repository/DispensaryToCms/Page_Dispensary Store/select_--Select--Adernaline 0.'

2018-05-22 20:00:19 - [MESSAGE][PASSED] - All options with index in [14] are selected on object 'Object Repository/DispensaryToCms/Page_Dispensary Store/select_--Select--Adernaline 0.'

2018-05-22 20:00:19 - [TEST_STEP][PASSED] - setText: Text '100' is set on object 'Object Repository/DispensaryToCms/Page_Dispensary Store/input_txttreat'

2018-05-22 20:00:19 - [MESSAGE][PASSED] - Text '100' is set on object 'Object Repository/DispensaryToCms/Page_Dispensary Store/input_txttreat'

2018-05-22 20:00:19 - [TEST_STEP][PASSED] - click: Object: 'Object Repository/DispensaryToCms/Page_Dispensary Store/button_Add' is clicked on

2018-05-22 20:00:19 - [MESSAGE][PASSED] - Object: 'Object Repository/DispensaryToCms/Page_Dispensary Store/button_Add' is clicked on

2018-05-22 20:00:19 - [TEST_STEP][PASSED] - selectOptionByIndex: All options with index in [10] are selected on object 'Object Repository/DispensaryToCms/Page_Dispensary Store/select_--Select--Schedule 1Inj'

2018-05-22 20:00:19 - [MESSAGE][PASSED] - All options with index in [10] are selected on object 'Object Repository/DispensaryToCms/Page_Dispensary Store/select_--Select--Schedule 1Inj'

2018-05-22 20:00:19 - [TEST_STEP][PASSED] - selectOptionByIndex: All options with index in [15] are selected on object 'Object Repository/DispensaryToCms/Page_Dispensary Store/select_--Select--Adernaline 0.'

2018-05-22 20:00:20 - [MESSAGE][PASSED] - All options with index in [15] are selected on object 'Object Repository/DispensaryToCms/Page_Dispensary Store/select_--Select--Adernaline 0.'

2018-05-22 20:00:20 - [TEST_STEP][PASSED] - setText: Text '100' is set on object 'Object Repository/DispensaryToCms/Page_Dispensary Store/input_txttreat'

2018-05-22 20:00:20 - [MESSAGE][PASSED] - Text '100' is set on object 'Object Repository/DispensaryToCms/Page_Dispensary Store/input_txttreat'

2018-05-22 20:00:20 - [TEST_STEP][PASSED] - click: Object: 'Object Repository/DispensaryToCms/Page_Dispensary Store/button_Add' is clicked on

2018-05-22 20:00:20 - [MESSAGE][PASSED] - Object: 'Object Repository/DispensaryToCms/Page_Dispensary Store/button_Add' is clicked on

2018-05-22 20:00:20 - [TEST_STEP][PASSED] - selectOptionByIndex: All options with index in [10] are selected on object 'Object Repository/DispensaryToCms/Page_Dispensary Store/select_--Select--Schedule 1Inj'

2018-05-22 20:00:20 - [MESSAGE][PASSED] - All options with index in [10] are selected on object 'Object Repository/DispensaryToCms/Page_Dispensary Store/select_--Select--Schedule 1Inj'

2018-05-22 20:00:20 - [TEST_STEP][PASSED] - selectOptionByIndex: All options with index in [16] are selected on object 'Object Repository/DispensaryToCms/Page_Dispensary Store/select_--Select--Adernaline 0.'

2018-05-22 20:00:20 - [MESSAGE][PASSED] - All options with index in [16] are selected on object 'Object Repository/DispensaryToCms/Page_Dispensary Store/select_--Select--Adernaline 0.'

2018-05-22 20:00:20 - [TEST_STEP][PASSED] - setText: Text '100' is set on object 'Object Repository/DispensaryToCms/Page_Dispensary Store/input_txttreat'

2018-05-22 20:00:20 - [MESSAGE][PASSED] - Text '100' is set on object 'Object Repository/DispensaryToCms/Page_Dispensary Store/input_txttreat'

2018-05-22 20:00:20 - [TEST_STEP][PASSED] - click: Object: 'Object Repository/DispensaryToCms/Page_Dispensary Store/button_Add' is clicked on

2018-05-22 20:00:20 - [MESSAGE][PASSED] - Object: 'Object Repository/DispensaryToCms/Page_Dispensary Store/button_Add' is clicked on

2018-05-22 20:00:20 - [TEST_STEP][PASSED] - selectOptionByIndex: All options with index in [10] are selected on object 'Object Repository/DispensaryToCms/Page_Dispensary Store/select_--Select--Schedule 1Inj'

2018-05-22 20:00:21 - [MESSAGE][PASSED] - All options with index in [10] are selected on object 'Object Repository/DispensaryToCms/Page_Dispensary Store/select_--Select--Schedule 1Inj'

2018-05-22 20:00:21 - [TEST_STEP][PASSED] - selectOptionByIndex: All options with index in [17] are selected on object 'Object Repository/DispensaryToCms/Page_Dispensary Store/select_--Select--Adernaline 0.'

2018-05-22 20:00:21 - [MESSAGE][PASSED] - All options with index in [17] are selected on object 'Object Repository/DispensaryToCms/Page_Dispensary Store/select_--Select--Adernaline 0.'

2018-05-22 20:00:21 - [TEST_STEP][PASSED] - setText: Text '100' is set on object 'Object Repository/DispensaryToCms/Page_Dispensary Store/input_txttreat'

2018-05-22 20:00:21 - [MESSAGE][PASSED] - Text '100' is set on object 'Object Repository/DispensaryToCms/Page_Dispensary Store/input_txttreat'

2018-05-22 20:00:21 - [TEST_STEP][PASSED] - click: Object: 'Object Repository/DispensaryToCms/Page_Dispensary Store/button_Add' is clicked on

2018-05-22 20:00:21 - [MESSAGE][PASSED] - Object: 'Object Repository/DispensaryToCms/Page_Dispensary Store/button_Add' is clicked on

2018-05-22 20:00:21 - [TEST_STEP][PASSED] - selectOptionByIndex: All options with index in [10] are selected on object 'Object Repository/DispensaryToCms/Page_Dispensary Store/select_--Select--Schedule 1Inj'

2018-05-22 20:00:21 - [MESSAGE][PASSED] - All options with index in [10] are selected on object 'Object Repository/DispensaryToCms/Page_Dispensary Store/select_--Select--Schedule 1Inj'

2018-05-22 20:00:21 - [TEST_STEP][PASSED] - selectOptionByIndex: All options with index in [18] are selected on object 'Object Repository/DispensaryToCms/Page_Dispensary Store/select_--Select--Adernaline 0.'

2018-05-22 20:00:22 - [MESSAGE][PASSED] - All options with index in [18] are selected on object 'Object Repository/DispensaryToCms/Page_Dispensary Store/select_--Select--Adernaline 0.'

2018-05-22 20:00:22 - [TEST_STEP][PASSED] - setText: Text '100' is set on object 'Object Repository/DispensaryToCms/Page_Dispensary Store/input_txttreat'

2018-05-22 20:00:22 - [MESSAGE][PASSED] - Text '100' is set on object 'Object Repository/DispensaryToCms/Page_Dispensary Store/input_txttreat'

2018-05-22 20:00:22 - [TEST_STEP][PASSED] - click: Object: 'Object Repository/DispensaryToCms/Page_Dispensary Store/button_Add' is clicked on

2018-05-22 20:00:22 - [MESSAGE][PASSED] - Object: 'Object Repository/DispensaryToCms/Page_Dispensary Store/button_Add' is clicked on

2018-05-22 20:00:22 - [TEST_STEP][PASSED] - scrollToElement: Scroll to object 'Object Repository/DispensaryToCms/Page_Dispensary Store/input_btnsave' successfully

2018-05-22 20:00:22 - [MESSAGE][PASSED] - Scroll to object 'Object Repository/DispensaryToCms/Page_Dispensary Store/input_btnsave' successfully

2018-05-22 20:00:22 - [TEST_STEP][PASSED] - click: Object: 'Object Repository/DispensaryToCms/Page_Dispensary Store/input_btnsave' is clicked on

2018-05-22 20:00:22 - [MESSAGE][PASSED] - Object: 'Object Repository/DispensaryToCms/Page_Dispensary Store/input_btnsave' is clicked on

2018-05-22 20:00:22 - [TEST_STEP][PASSED] - delay: Delayed 3 second(s)

2018-05-22 20:00:25 - [MESSAGE][PASSED] - Delayed 3 second(s)

2018-05-22 20:00:25 - [TEST_STEP][PASSED] - Statement - RN1 = com.kms.katalon.core.webui.keyword.WebUiBuiltInKeywords.getText(com.kms.katalon.core.testobject.ObjectRepository.findTestObject(DispensaryToCms/Page_Dispensary Store/font_PRNO18052018174)): Text of object 'Object Repository/DispensaryToCms/Page_Dispensary Store/font_PRNO18052018174' is: 'PRNO/22052018/349'

2018-05-22 20:00:25 - [MESSAGE][PASSED] - Text of object 'Object Repository/DispensaryToCms/Page_Dispensary Store/font_PRNO18052018174' is: 'PRNO/22052018/349'

2018-05-22 20:00:25 - [TEST_STEP][PASSED] - Statement - out.println(RN1): null

2018-05-22 20:00:25 - [TEST_STEP][PASSED] - Statement - RID = RN1.split("/")[2]: null

2018-05-22 20:00:25 - [TEST_STEP][PASSED] - click: Object: 'Object Repository/DispensaryToCms/Page_Dispensary Store/button_OK' is clicked on

2018-05-22 20:00:25 - [MESSAGE][PASSED] - Object: 'Object Repository/DispensaryToCms/Page_Dispensary Store/button_OK' is clicked on

2018-05-22 20:00:25 - [TEST_STEP][PASSED] - delay: Delayed 3 second(s)

2018-05-22 20:00:28 - [MESSAGE][PASSED] - Delayed 3 second(s)

2018-05-22 20:00:28 - [TEST_STEP][PASSED] - waitForElementPresent: Object 'Object Repository/DispensaryToCms/Page_KDMC - CMS/a_dropdown-toggle' is not present after 20 second(s)

2018-05-22 20:00:49 - [MESSAGE][WARNING] - Object 'Object Repository/DispensaryToCms/Page_KDMC - CMS/a_dropdown-toggle' is not present after 20 second(s)

2018-05-22 20:00:49 - [TEST_STEP][PASSED] - click: Object: 'Object Repository/DispensaryToCms/Page_Dispensary Store/a_dropdown-toggle' is clicked on

2018-05-22 20:00:49 - [MESSAGE][PASSED] - Object: 'Object Repository/DispensaryToCms/Page_Dispensary Store/a_dropdown-toggle' is clicked on

2018-05-22 20:00:49 - [TEST_STEP][PASSED] - click: Object: 'Object Repository/DispensaryToCms/Page_Dispensary Store/a_Sign out' is clicked on

2018-05-22 20:00:50 - [MESSAGE][PASSED] - Object: 'Object Repository/DispensaryToCms/Page_Dispensary Store/a_Sign out' is clicked on

2018-05-22 20:00:50 - [TEST_STEP][PASSED] - delay: Delayed 3 second(s)

2018-05-22 20:00:53 - [MESSAGE][PASSED] - Delayed 3 second(s)

2018-05-22 20:00:53 - [TEST_STEP][PASSED] - navigateToUrl: Navigate to 'http://192.168.137.1/multihospital_new/' successfully

2018-05-22 20:00:53 - [MESSAGE][PASSED] - Navigate to 'http://192.168.137.1/multihospital_new/' successfully

2018-05-22 20:00:53 - [TEST_STEP][PASSED] - click: Object: 'Object Repository/DispensaryToCms/Page_KDMC/a_CMO' is clicked on

2018-05-22 20:00:54 - [MESSAGE][PASSED] - Object: 'Object Repository/DispensaryToCms/Page_KDMC/a_CMO' is clicked on

2018-05-22 20:00:54 - [TEST_STEP][PASSED] - setText: Text 'guru' is set on object 'Object Repository/DispensaryToCms/Page_CMO login/input_txtusername'

2018-05-22 20:00:54 - [MESSAGE][PASSED] - Text 'guru' is set on object 'Object Repository/DispensaryToCms/Page_CMO login/input_txtusername'

2018-05-22 20:00:54 - [TEST_STEP][PASSED] - setText: Text '123' is set on object 'Object Repository/DispensaryToCms/Page_CMO login/input_txtpassword'

2018-05-22 20:00:54 - [MESSAGE][PASSED] - Text '123' is set on object 'Object Repository/DispensaryToCms/Page_CMO login/input_txtpassword'

2018-05-22 20:00:54 - [TEST_STEP][PASSED] - delay: Delayed 3 second(s)

2018-05-22 20:00:57 - [MESSAGE][PASSED] - Delayed 3 second(s)

2018-05-22 20:00:57 - [TEST_STEP][PASSED] - click: Object: 'Object Repository/DispensaryToCms/Page_CMO login/button_Sign in' is clicked on

2018-05-22 20:00:58 - [MESSAGE][PASSED] - Object: 'Object Repository/DispensaryToCms/Page_CMO login/button_Sign in' is clicked on

2018-05-22 20:00:58 - [TEST_STEP][PASSED] - delay: Delayed 3 second(s)

2018-05-22 20:01:01 - [MESSAGE][PASSED] - Delayed 3 second(s)

2018-05-22 20:01:01 - [TEST_STEP][PASSED] - click: Object: 'Object Repository/DispensaryToCms/Page_KDMC - CMO/a_CMS Request' is clicked on

2018-05-22 20:01:01 - [MESSAGE][PASSED] - Object: 'Object Repository/DispensaryToCms/Page_KDMC - CMO/a_CMS Request' is clicked on

2018-05-22 20:01:01 - [TEST_STEP][PASSED] - delay: Delayed 2 second(s)

2018-05-22 20:01:03 - [MESSAGE][PASSED] - Delayed 2 second(s)

2018-05-22 20:01:03 - [TEST_STEP][PASSED] - click: Object: 'Object Repository/DispensaryToCms/Page_KDMC - CMO/a_Dispensary Store Request' is clicked on

2018-05-22 20:01:04 - [MESSAGE][PASSED] - Object: 'Object Repository/DispensaryToCms/Page_KDMC - CMO/a_Dispensary Store Request' is clicked on

2018-05-22 20:01:04 - [TEST_STEP][PASSED] - selectOptionByIndex: All options with index in [1] are selected on object 'Object Repository/DispensaryToCms/Page_KDMC - CMO/select_--ALL--'

2018-05-22 20:01:04 - [MESSAGE][PASSED] - All options with index in [1] are selected on object 'Object Repository/DispensaryToCms/Page_KDMC - CMO/select_--ALL--'

2018-05-22 20:01:04 - [TEST_STEP][PASSED] - click: Object: 'Object Repository/DispensaryToCms/Page_KDMC - CMO/input_btnsearch' is clicked on

2018-05-22 20:01:04 - [MESSAGE][PASSED] - Object: 'Object Repository/DispensaryToCms/Page_KDMC - CMO/input_btnsearch' is clicked on

2018-05-22 20:01:04 - [TEST_STEP][PASSED] - Statement - ID = com.kms.katalon.core.webui.keyword.WebUiBuiltInKeywords.modifyObjectProperty(com.kms.katalon.core.testobject.ObjectRepository.findTestObject(lab/Page_KDMC - CMO/input_1), "xpath", "equals", "//*[@id=" + RID + "]", true): Modify property of object successfully

2018-05-22 20:01:04 - [MESSAGE][PASSED] - Modify property of object successfully

2018-05-22 20:01:04 - [TEST_STEP][PASSED] - click: Object: 'Object Repository/lab/Page_KDMC - CMO/input_1' is clicked on

2018-05-22 20:01:05 - [MESSAGE][PASSED] - Object: 'Object Repository/lab/Page_KDMC - CMO/input_1' is clicked on

2018-05-22 20:01:05 - [TEST_STEP][PASSED] - delay: Delayed 2 second(s)

2018-05-22 20:01:07 - [MESSAGE][PASSED] - Delayed 2 second(s)

2018-05-22 20:01:07 - [TEST_STEP][PASSED] - selectOptionByIndex: All options with index in [1] are selected on object 'Object Repository/DispensaryToCms/Page_KDMC - CMO/select_--Select--'

2018-05-22 20:01:07 - [MESSAGE][PASSED] - All options with index in [1] are selected on object 'Object Repository/DispensaryToCms/Page_KDMC - CMO/select_--Select--'

2018-05-22 20:01:07 - [TEST_STEP][PASSED] - click: Object: 'Object Repository/DispensaryToCms/Page_KDMC - CMO/input_btnupdate' is clicked on

2018-05-22 20:01:07 - [MESSAGE][PASSED] - Object: 'Object Repository/DispensaryToCms/Page_KDMC - CMO/input_btnupdate' is clicked on

2018-05-22 20:01:07 - [TEST_STEP][PASSED] - delay: Delayed 2 second(s)

2018-05-22 20:01:09 - [MESSAGE][PASSED] - Delayed 2 second(s)

2018-05-22 20:01:09 - [TEST_STEP][PASSED] - click: Object: 'Object Repository/DispensaryToCms/Page_KDMC - CMO/button_OK' is clicked on

2018-05-22 20:01:10 - [MESSAGE][PASSED] - Object: 'Object Repository/DispensaryToCms/Page_KDMC - CMO/button_OK' is clicked on

2018-05-22 20:01:10 - [TEST_STEP][PASSED] - delay: Delayed 3 second(s)

2018-05-22 20:01:13 - [MESSAGE][PASSED] - Delayed 3 second(s)

2018-05-22 20:01:13 - [TEST_STEP][PASSED] - click: Object: 'Object Repository/DispensaryToCms/Page_KDMC - CMO/a_dropdown-toggle' is clicked on

2018-05-22 20:01:13 - [MESSAGE][PASSED] - Object: 'Object Repository/DispensaryToCms/Page_KDMC - CMO/a_dropdown-toggle' is clicked on

2018-05-22 20:01:13 - [TEST_STEP][PASSED] - click: Object: 'Object Repository/DispensaryToCms/Page_KDMC - CMO/a_Sign out' is clicked on

2018-05-22 20:01:13 - [MESSAGE][PASSED] - Object: 'Object Repository/DispensaryToCms/Page_KDMC - CMO/a_Sign out' is clicked on

2018-05-22 20:01:13 - [TEST_STEP][PASSED] - delay: Delayed 3 second(s)

2018-05-22 20:01:16 - [MESSAGE][PASSED] - Delayed 3 second(s)

2018-05-22 20:01:16 - [TEST_STEP][PASSED] - click: Object: 'Object Repository/DispensaryToCms/Page_KDMC/a_CMS' is clicked on

2018-05-22 20:01:17 - [MESSAGE][PASSED] - Object: 'Object Repository/DispensaryToCms/Page_KDMC/a_CMS' is clicked on

2018-05-22 20:01:17 - [TEST_STEP][PASSED] - setText: Text 'bala' is set on object 'Object Repository/DispensaryToCms/Page_CMS login/input_txtusername'

2018-05-22 20:01:17 - [MESSAGE][PASSED] - Text 'bala' is set on object 'Object Repository/DispensaryToCms/Page_CMS login/input_txtusername'

2018-05-22 20:01:17 - [TEST_STEP][PASSED] - setText: Text '123' is set on object 'Object Repository/DispensaryToCms/Page_CMS login/input_txtpassword'

2018-05-22 20:01:17 - [MESSAGE][PASSED] - Text '123' is set on object 'Object Repository/DispensaryToCms/Page_CMS login/input_txtpassword'

2018-05-22 20:01:17 - [TEST_STEP][PASSED] - delay: Delayed 3 second(s)

2018-05-22 20:01:20 - [MESSAGE][PASSED] - Delayed 3 second(s)

2018-05-22 20:01:20 - [TEST_STEP][PASSED] - click: Object: 'Object Repository/DispensaryToCms/Page_CMS login/button_Sign in' is clicked on

2018-05-22 20:01:20 - [MESSAGE][PASSED] - Object: 'Object Repository/DispensaryToCms/Page_CMS login/button_Sign in' is clicked on

2018-05-22 20:01:20 - [TEST_STEP][PASSED] - delay: Delayed 3 second(s)

2018-05-22 20:01:23 - [MESSAGE][PASSED] - Delayed 3 second(s)

2018-05-22 20:01:23 - [TEST_STEP][PASSED] - click: Object: 'Object Repository/DispensaryToCms/Page_KDMC - CMS/a_Divisional Store' is clicked on

2018-05-22 20:01:24 - [MESSAGE][PASSED] - Object: 'Object Repository/DispensaryToCms/Page_KDMC - CMS/a_Divisional Store' is clicked on

2018-05-22 20:01:24 - [TEST_STEP][PASSED] - delay: Delayed 2 second(s)

2018-05-22 20:01:26 - [MESSAGE][PASSED] - Delayed 2 second(s)

2018-05-22 20:01:26 - [TEST_STEP][PASSED] - click: Object: 'Object Repository/DispensaryToCms/Page_KDMC - CMS/a_Dispatch Items' is clicked on

2018-05-22 20:01:26 - [MESSAGE][PASSED] - Object: 'Object Repository/DispensaryToCms/Page_KDMC - CMS/a_Dispatch Items' is clicked on

2018-05-22 20:01:26 - [TEST_STEP][PASSED] - delay: Delayed 2 second(s)

2018-05-22 20:01:28 - [MESSAGE][PASSED] - Delayed 2 second(s)

2018-05-22 20:01:28 - [TEST_STEP][PASSED] - setText: Text 'PRNO/22052018/349' is set on object 'Object Repository/DispensaryToCms/Page_KDMC - CMS/input'

2018-05-22 20:01:29 - [MESSAGE][PASSED] - Text 'PRNO/22052018/349' is set on object 'Object Repository/DispensaryToCms/Page_KDMC - CMS/input'

2018-05-22 20:01:29 - [TEST_STEP][PASSED] - click: Object: 'Object Repository/DispensaryToCms/Page_KDMC - CMS/input_PRNO18052018174' is clicked on

2018-05-22 20:01:29 - [MESSAGE][PASSED] - Object: 'Object Repository/DispensaryToCms/Page_KDMC - CMS/input_PRNO18052018174' is clicked on

2018-05-22 20:01:29 - [TEST_STEP][PASSED] - Statement - out.println("Length : " + medicineslength): null

2018-05-22 20:01:29 - [TEST_STEP][FAILED] - Statement - For ([row = 0, row < medicineslength - 1, (row++)]): Unable to get attribute 'value' of object '' (Root cause: org.openqa.selenium.UnhandledAlertException: unexpected alert open: {Alert text : function Error() { [native code] }}
  (Session info: chrome=66.0.3359.181)
  (Driver info: chromedriver=2.35.528161 (5b82f2d2aae0ca24b877009200ced9065a772e73),platform=Windows NT 10.0.17134 x86_64) (WARNING: The server did not provide any stacktrace information)
Command duration or timeout: 0 milliseconds: null
Build info: version: '3.7.1', revision: '8a0099a', time: '2017-11-06T21:07:36.161Z'
System info: host: 'DESKTOP-BLFTK83', ip: '169.254.189.85', os.name: 'Windows 10', os.arch: 'amd64', os.version: '10.0', java.version: '1.8.0_102'
Driver info: com.kms.katalon.selenium.driver.CChromeDriver
Capabilities {acceptInsecureCerts: false, acceptSslCerts: false, applicationCacheEnabled: false, browserConnectionEnabled: false, browserName: chrome, chrome: {chromedriverVersion: 2.35.528161 (5b82f2d2aae0ca..., userDataDir: C:\Users\QUALIT~1\AppData\L...}, cssSelectorsEnabled: true, databaseEnabled: false, handlesAlerts: true, hasTouchScreen: false, javascriptEnabled: true, locationContextEnabled: true, mobileEmulationEnabled: false, nativeEvents: true, networkConnectionEnabled: false, pageLoadStrategy: normal, platform: XP, platformName: XP, rotatable: false, setWindowRect: true, takesHeapSnapshot: true, takesScreenshot: true, unexpectedAlertBehaviour: , unhandledPromptBehavior: , version: 66.0.3359.181, webStorageEnabled: true}
Session ID: f93ba49619c572c923e7f0509ce582a1
*** Element info: {Using=xpath, value=//*[@id = "txtbthqty12"]})

2018-05-22 20:01:29 - [TEST_STEP][PASSED] - Statement - batchlength = new com.kms.katalon.core.testobject.TestObject(): null

2018-05-22 20:01:29 - [TEST_STEP][PASSED] - Statement - batchlength = com.kms.katalon.core.webui.keyword.WebUiBuiltInKeywords.modifyObjectProperty(batchlength, "xpath", "equals", "//*[@id = "fldvendor" + row + ""]", true): Modify property of object successfully

2018-05-22 20:01:29 - [MESSAGE][PASSED] - Modify property of object successfully

2018-05-22 20:01:29 - [TEST_STEP][PASSED] - Statement - batchsize = com.kms.katalon.core.webui.keyword.WebUiBuiltInKeywords.getNumberOfTotalOption(batchlength): 6 options of object '' counted

2018-05-22 20:01:29 - [MESSAGE][PASSED] - 6 options of object '' counted

2018-05-22 20:01:29 - [TEST_STEP][PASSED] - Statement - out.println("BatchSize : " + batchsize): null

2018-05-22 20:01:29 - [TEST_STEP][PASSED] - Statement - For ([n = 1, n <= batchsize - 1, (n++)]): null

2018-05-22 20:01:29 - [TEST_STEP][PASSED] - Statement - product = new com.kms.katalon.core.testobject.TestObject(): null

2018-05-22 20:01:29 - [TEST_STEP][PASSED] - Statement - product = com.kms.katalon.core.webui.keyword.WebUiBuiltInKeywords.modifyObjectProperty(product, "xpath", "equals", "//*[@id = "fldvendor" + row + ""]", true): Modify property of object successfully

2018-05-22 20:01:29 - [MESSAGE][PASSED] - Modify property of object successfully

2018-05-22 20:01:29 - [TEST_STEP][PASSED] - selectOptionByIndex: All options with index in [1] are selected on object ''

2018-05-22 20:01:29 - [MESSAGE][PASSED] - All options with index in [1] are selected on object ''

2018-05-22 20:01:29 - [TEST_STEP][PASSED] - Statement - batch = new com.kms.katalon.core.testobject.TestObject(): null

2018-05-22 20:01:29 - [TEST_STEP][PASSED] - Statement - batch = com.kms.katalon.core.webui.keyword.WebUiBuiltInKeywords.modifyObjectProperty(batch, "xpath", "equals", "//*[@id = "txtbthqty" + row + ""]", true): Modify property of object successfully

2018-05-22 20:01:29 - [MESSAGE][PASSED] - Modify property of object successfully

2018-05-22 20:01:29 - [TEST_STEP][PASSED] - Statement - batchqty = com.kms.katalon.core.webui.keyword.WebUiBuiltInKeywords.getAttribute(batch, "value").trim(): Attribute 'value' of object '' is: '49300'

2018-05-22 20:01:29 - [MESSAGE][PASSED] - Attribute 'value' of object '' is: '49300'

2018-05-22 20:01:29 - [TEST_STEP][PASSED] - Statement - Rqty = 100: null

2018-05-22 20:01:29 - [TEST_STEP][PASSED] - delay: Delayed 2 second(s)

2018-05-22 20:01:31 - [MESSAGE][PASSED] - Delayed 2 second(s)

2018-05-22 20:01:31 - [TEST_STEP][PASSED] - Statement - out.println("BatchQty : " + batchqty): null

2018-05-22 20:01:31 - [TEST_STEP][PASSED] - Statement - out.println("RQty : " + Rqty): null

2018-05-22 20:01:31 - [TEST_STEP][PASSED] - Statement - If (java.lang.Integer.valueOf(batchqty) >= java.lang.Integer.valueOf(Rqty)): null

2018-05-22 20:01:31 - [TEST_STEP][PASSED] - Statement - Break: null

2018-05-22 20:01:31 - [TEST_STEP][PASSED] - Statement - batchlength = new com.kms.katalon.core.testobject.TestObject(): null

2018-05-22 20:01:31 - [TEST_STEP][PASSED] - Statement - batchlength = com.kms.katalon.core.webui.keyword.WebUiBuiltInKeywords.modifyObjectProperty(batchlength, "xpath", "equals", "//*[@id = "fldvendor" + row + ""]", true): Modify property of object successfully

2018-05-22 20:01:31 - [MESSAGE][PASSED] - Modify property of object successfully

2018-05-22 20:01:31 - [TEST_STEP][PASSED] - Statement - batchsize = com.kms.katalon.core.webui.keyword.WebUiBuiltInKeywords.getNumberOfTotalOption(batchlength): 6 options of object '' counted

2018-05-22 20:01:32 - [MESSAGE][PASSED] - 6 options of object '' counted

2018-05-22 20:01:32 - [TEST_STEP][PASSED] - Statement - out.println("BatchSize : " + batchsize): null

2018-05-22 20:01:32 - [TEST_STEP][PASSED] - Statement - For ([n = 1, n <= batchsize - 1, (n++)]): null

2018-05-22 20:01:32 - [TEST_STEP][PASSED] - Statement - product = new com.kms.katalon.core.testobject.TestObject(): null

2018-05-22 20:01:32 - [TEST_STEP][PASSED] - Statement - product = com.kms.katalon.core.webui.keyword.WebUiBuiltInKeywords.modifyObjectProperty(product, "xpath", "equals", "//*[@id = "fldvendor" + row + ""]", true): Modify property of object successfully

2018-05-22 20:01:32 - [MESSAGE][PASSED] - Modify property of object successfully

2018-05-22 20:01:32 - [TEST_STEP][PASSED] - selectOptionByIndex: All options with index in [1] are selected on object ''

2018-05-22 20:01:32 - [MESSAGE][PASSED] - All options with index in [1] are selected on object ''

2018-05-22 20:01:32 - [TEST_STEP][PASSED] - Statement - batch = new com.kms.katalon.core.testobject.TestObject(): null

2018-05-22 20:01:32 - [TEST_STEP][PASSED] - Statement - batch = com.kms.katalon.core.webui.keyword.WebUiBuiltInKeywords.modifyObjectProperty(batch, "xpath", "equals", "//*[@id = "txtbthqty" + row + ""]", true): Modify property of object successfully

2018-05-22 20:01:32 - [MESSAGE][PASSED] - Modify property of object successfully

2018-05-22 20:01:32 - [TEST_STEP][PASSED] - Statement - batchqty = com.kms.katalon.core.webui.keyword.WebUiBuiltInKeywords.getAttribute(batch, "value").trim(): Attribute 'value' of object '' is: '4400'

2018-05-22 20:01:32 - [MESSAGE][PASSED] - Attribute 'value' of object '' is: '4400'

2018-05-22 20:01:32 - [TEST_STEP][PASSED] - Statement - Rqty = 100: null

2018-05-22 20:01:32 - [TEST_STEP][PASSED] - delay: Delayed 2 second(s)

2018-05-22 20:01:34 - [MESSAGE][PASSED] - Delayed 2 second(s)

2018-05-22 20:01:34 - [TEST_STEP][PASSED] - Statement - out.println("BatchQty : " + batchqty): null

2018-05-22 20:01:34 - [TEST_STEP][PASSED] - Statement - out.println("RQty : " + Rqty): null

2018-05-22 20:01:34 - [TEST_STEP][PASSED] - Statement - If (java.lang.Integer.valueOf(batchqty) >= java.lang.Integer.valueOf(Rqty)): null

2018-05-22 20:01:34 - [TEST_STEP][PASSED] - Statement - Break: null

2018-05-22 20:01:34 - [TEST_STEP][PASSED] - Statement - batchlength = new com.kms.katalon.core.testobject.TestObject(): null

2018-05-22 20:01:34 - [TEST_STEP][PASSED] - Statement - batchlength = com.kms.katalon.core.webui.keyword.WebUiBuiltInKeywords.modifyObjectProperty(batchlength, "xpath", "equals", "//*[@id = "fldvendor" + row + ""]", true): Modify property of object successfully

2018-05-22 20:01:34 - [MESSAGE][PASSED] - Modify property of object successfully

2018-05-22 20:01:34 - [TEST_STEP][PASSED] - Statement - batchsize = com.kms.katalon.core.webui.keyword.WebUiBuiltInKeywords.getNumberOfTotalOption(batchlength): 6 options of object '' counted

2018-05-22 20:01:34 - [MESSAGE][PASSED] - 6 options of object '' counted

2018-05-22 20:01:34 - [TEST_STEP][PASSED] - Statement - out.println("BatchSize : " + batchsize): null

2018-05-22 20:01:34 - [TEST_STEP][PASSED] - Statement - For ([n = 1, n <= batchsize - 1, (n++)]): null

2018-05-22 20:01:34 - [TEST_STEP][PASSED] - Statement - product = new com.kms.katalon.core.testobject.TestObject(): null

2018-05-22 20:01:34 - [TEST_STEP][PASSED] - Statement - product = com.kms.katalon.core.webui.keyword.WebUiBuiltInKeywords.modifyObjectProperty(product, "xpath", "equals", "//*[@id = "fldvendor" + row + ""]", true): Modify property of object successfully

2018-05-22 20:01:34 - [MESSAGE][PASSED] - Modify property of object successfully

2018-05-22 20:01:34 - [TEST_STEP][PASSED] - selectOptionByIndex: All options with index in [1] are selected on object ''

2018-05-22 20:01:34 - [MESSAGE][PASSED] - All options with index in [1] are selected on object ''

2018-05-22 20:01:34 - [TEST_STEP][PASSED] - Statement - batch = new com.kms.katalon.core.testobject.TestObject(): null

2018-05-22 20:01:34 - [TEST_STEP][PASSED] - Statement - batch = com.kms.katalon.core.webui.keyword.WebUiBuiltInKeywords.modifyObjectProperty(batch, "xpath", "equals", "//*[@id = "txtbthqty" + row + ""]", true): Modify property of object successfully

2018-05-22 20:01:34 - [MESSAGE][PASSED] - Modify property of object successfully

2018-05-22 20:01:34 - [TEST_STEP][PASSED] - Statement - batchqty = com.kms.katalon.core.webui.keyword.WebUiBuiltInKeywords.getAttribute(batch, "value").trim(): Attribute 'value' of object '' is: '4400'

2018-05-22 20:01:34 - [MESSAGE][PASSED] - Attribute 'value' of object '' is: '4400'

2018-05-22 20:01:34 - [TEST_STEP][PASSED] - Statement - Rqty = 100: null

2018-05-22 20:01:34 - [TEST_STEP][PASSED] - delay: Delayed 2 second(s)

2018-05-22 20:01:36 - [MESSAGE][PASSED] - Delayed 2 second(s)

2018-05-22 20:01:36 - [TEST_STEP][PASSED] - Statement - out.println("BatchQty : " + batchqty): null

2018-05-22 20:01:36 - [TEST_STEP][PASSED] - Statement - out.println("RQty : " + Rqty): null

2018-05-22 20:01:36 - [TEST_STEP][PASSED] - Statement - If (java.lang.Integer.valueOf(batchqty) >= java.lang.Integer.valueOf(Rqty)): null

2018-05-22 20:01:36 - [TEST_STEP][PASSED] - Statement - Break: null

2018-05-22 20:01:36 - [TEST_STEP][PASSED] - Statement - batchlength = new com.kms.katalon.core.testobject.TestObject(): null

2018-05-22 20:01:36 - [TEST_STEP][PASSED] - Statement - batchlength = com.kms.katalon.core.webui.keyword.WebUiBuiltInKeywords.modifyObjectProperty(batchlength, "xpath", "equals", "//*[@id = "fldvendor" + row + ""]", true): Modify property of object successfully

2018-05-22 20:01:36 - [MESSAGE][PASSED] - Modify property of object successfully

2018-05-22 20:01:36 - [TEST_STEP][PASSED] - Statement - batchsize = com.kms.katalon.core.webui.keyword.WebUiBuiltInKeywords.getNumberOfTotalOption(batchlength): 6 options of object '' counted

2018-05-22 20:01:36 - [MESSAGE][PASSED] - 6 options of object '' counted

2018-05-22 20:01:36 - [TEST_STEP][PASSED] - Statement - out.println("BatchSize : " + batchsize): null

2018-05-22 20:01:36 - [TEST_STEP][PASSED] - Statement - For ([n = 1, n <= batchsize - 1, (n++)]): null

2018-05-22 20:01:36 - [TEST_STEP][PASSED] - Statement - product = new com.kms.katalon.core.testobject.TestObject(): null

2018-05-22 20:01:36 - [TEST_STEP][PASSED] - Statement - product = com.kms.katalon.core.webui.keyword.WebUiBuiltInKeywords.modifyObjectProperty(product, "xpath", "equals", "//*[@id = "fldvendor" + row + ""]", true): Modify property of object successfully

2018-05-22 20:01:36 - [MESSAGE][PASSED] - Modify property of object successfully

2018-05-22 20:01:36 - [TEST_STEP][PASSED] - selectOptionByIndex: All options with index in [1] are selected on object ''

2018-05-22 20:01:36 - [MESSAGE][PASSED] - All options with index in [1] are selected on object ''

2018-05-22 20:01:36 - [TEST_STEP][PASSED] - Statement - batch = new com.kms.katalon.core.testobject.TestObject(): null

2018-05-22 20:01:36 - [TEST_STEP][PASSED] - Statement - batch = com.kms.katalon.core.webui.keyword.WebUiBuiltInKeywords.modifyObjectProperty(batch, "xpath", "equals", "//*[@id = "txtbthqty" + row + ""]", true): Modify property of object successfully

2018-05-22 20:01:36 - [MESSAGE][PASSED] - Modify property of object successfully

2018-05-22 20:01:36 - [TEST_STEP][PASSED] - Statement - batchqty = com.kms.katalon.core.webui.keyword.WebUiBuiltInKeywords.getAttribute(batch, "value").trim(): Attribute 'value' of object '' is: '49300'

2018-05-22 20:01:36 - [MESSAGE][PASSED] - Attribute 'value' of object '' is: '49300'

2018-05-22 20:01:36 - [TEST_STEP][PASSED] - Statement - Rqty = 100: null

2018-05-22 20:01:36 - [TEST_STEP][PASSED] - delay: Delayed 2 second(s)

2018-05-22 20:01:38 - [MESSAGE][PASSED] - Delayed 2 second(s)

2018-05-22 20:01:38 - [TEST_STEP][PASSED] - Statement - out.println("BatchQty : " + batchqty): null

2018-05-22 20:01:38 - [TEST_STEP][PASSED] - Statement - out.println("RQty : " + Rqty): null

2018-05-22 20:01:38 - [TEST_STEP][PASSED] - Statement - If (java.lang.Integer.valueOf(batchqty) >= java.lang.Integer.valueOf(Rqty)): null

2018-05-22 20:01:38 - [TEST_STEP][PASSED] - Statement - Break: null

2018-05-22 20:01:38 - [TEST_STEP][PASSED] - Statement - batchlength = new com.kms.katalon.core.testobject.TestObject(): null

2018-05-22 20:01:38 - [TEST_STEP][PASSED] - Statement - batchlength = com.kms.katalon.core.webui.keyword.WebUiBuiltInKeywords.modifyObjectProperty(batchlength, "xpath", "equals", "//*[@id = "fldvendor" + row + ""]", true): Modify property of object successfully

2018-05-22 20:01:38 - [MESSAGE][PASSED] - Modify property of object successfully

2018-05-22 20:01:38 - [TEST_STEP][PASSED] - Statement - batchsize = com.kms.katalon.core.webui.keyword.WebUiBuiltInKeywords.getNumberOfTotalOption(batchlength): 6 options of object '' counted

2018-05-22 20:01:38 - [MESSAGE][PASSED] - 6 options of object '' counted

2018-05-22 20:01:38 - [TEST_STEP][PASSED] - Statement - out.println("BatchSize : " + batchsize): null

2018-05-22 20:01:38 - [TEST_STEP][PASSED] - Statement - For ([n = 1, n <= batchsize - 1, (n++)]): null

2018-05-22 20:01:38 - [TEST_STEP][PASSED] - Statement - product = new com.kms.katalon.core.testobject.TestObject(): null

2018-05-22 20:01:38 - [TEST_STEP][PASSED] - Statement - product = com.kms.katalon.core.webui.keyword.WebUiBuiltInKeywords.modifyObjectProperty(product, "xpath", "equals", "//*[@id = "fldvendor" + row + ""]", true): Modify property of object successfully

2018-05-22 20:01:38 - [MESSAGE][PASSED] - Modify property of object successfully

2018-05-22 20:01:38 - [TEST_STEP][PASSED] - selectOptionByIndex: All options with index in [1] are selected on object ''

2018-05-22 20:01:38 - [MESSAGE][PASSED] - All options with index in [1] are selected on object ''

2018-05-22 20:01:38 - [TEST_STEP][PASSED] - Statement - batch = new com.kms.katalon.core.testobject.TestObject(): null

2018-05-22 20:01:38 - [TEST_STEP][PASSED] - Statement - batch = com.kms.katalon.core.webui.keyword.WebUiBuiltInKeywords.modifyObjectProperty(batch, "xpath", "equals", "//*[@id = "txtbthqty" + row + ""]", true): Modify property of object successfully

2018-05-22 20:01:38 - [MESSAGE][PASSED] - Modify property of object successfully

2018-05-22 20:01:38 - [TEST_STEP][PASSED] - Statement - batchqty = com.kms.katalon.core.webui.keyword.WebUiBuiltInKeywords.getAttribute(batch, "value").trim(): Attribute 'value' of object '' is: '3400'

2018-05-22 20:01:38 - [MESSAGE][PASSED] - Attribute 'value' of object '' is: '3400'

2018-05-22 20:01:38 - [TEST_STEP][PASSED] - Statement - Rqty = 100: null

2018-05-22 20:01:38 - [TEST_STEP][PASSED] - delay: Delayed 2 second(s)

2018-05-22 20:01:40 - [MESSAGE][PASSED] - Delayed 2 second(s)

2018-05-22 20:01:40 - [TEST_STEP][PASSED] - Statement - out.println("BatchQty : " + batchqty): null

2018-05-22 20:01:40 - [TEST_STEP][PASSED] - Statement - out.println("RQty : " + Rqty): null

2018-05-22 20:01:40 - [TEST_STEP][PASSED] - Statement - If (java.lang.Integer.valueOf(batchqty) >= java.lang.Integer.valueOf(Rqty)): null

2018-05-22 20:01:40 - [TEST_STEP][PASSED] - Statement - Break: null

2018-05-22 20:01:40 - [TEST_STEP][PASSED] - Statement - batchlength = new com.kms.katalon.core.testobject.TestObject(): null

2018-05-22 20:01:40 - [TEST_STEP][PASSED] - Statement - batchlength = com.kms.katalon.core.webui.keyword.WebUiBuiltInKeywords.modifyObjectProperty(batchlength, "xpath", "equals", "//*[@id = "fldvendor" + row + ""]", true): Modify property of object successfully

2018-05-22 20:01:40 - [MESSAGE][PASSED] - Modify property of object successfully

2018-05-22 20:01:40 - [TEST_STEP][PASSED] - Statement - batchsize = com.kms.katalon.core.webui.keyword.WebUiBuiltInKeywords.getNumberOfTotalOption(batchlength): 6 options of object '' counted

2018-05-22 20:01:40 - [MESSAGE][PASSED] - 6 options of object '' counted

2018-05-22 20:01:40 - [TEST_STEP][PASSED] - Statement - out.println("BatchSize : " + batchsize): null

2018-05-22 20:01:40 - [TEST_STEP][PASSED] - Statement - For ([n = 1, n <= batchsize - 1, (n++)]): null

2018-05-22 20:01:40 - [TEST_STEP][PASSED] - Statement - product = new com.kms.katalon.core.testobject.TestObject(): null

2018-05-22 20:01:40 - [TEST_STEP][PASSED] - Statement - product = com.kms.katalon.core.webui.keyword.WebUiBuiltInKeywords.modifyObjectProperty(product, "xpath", "equals", "//*[@id = "fldvendor" + row + ""]", true): Modify property of object successfully

2018-05-22 20:01:40 - [MESSAGE][PASSED] - Modify property of object successfully

2018-05-22 20:01:40 - [TEST_STEP][PASSED] - selectOptionByIndex: All options with index in [1] are selected on object ''

2018-05-22 20:01:41 - [MESSAGE][PASSED] - All options with index in [1] are selected on object ''

2018-05-22 20:01:41 - [TEST_STEP][PASSED] - Statement - batch = new com.kms.katalon.core.testobject.TestObject(): null

2018-05-22 20:01:41 - [TEST_STEP][PASSED] - Statement - batch = com.kms.katalon.core.webui.keyword.WebUiBuiltInKeywords.modifyObjectProperty(batch, "xpath", "equals", "//*[@id = "txtbthqty" + row + ""]", true): Modify property of object successfully

2018-05-22 20:01:41 - [MESSAGE][PASSED] - Modify property of object successfully

2018-05-22 20:01:41 - [TEST_STEP][PASSED] - Statement - batchqty = com.kms.katalon.core.webui.keyword.WebUiBuiltInKeywords.getAttribute(batch, "value").trim(): Attribute 'value' of object '' is: '3400'

2018-05-22 20:01:41 - [MESSAGE][PASSED] - Attribute 'value' of object '' is: '3400'

2018-05-22 20:01:41 - [TEST_STEP][PASSED] - Statement - Rqty = 100: null

2018-05-22 20:01:41 - [TEST_STEP][PASSED] - delay: Delayed 2 second(s)

2018-05-22 20:01:43 - [MESSAGE][PASSED] - Delayed 2 second(s)

2018-05-22 20:01:43 - [TEST_STEP][PASSED] - Statement - out.println("BatchQty : " + batchqty): null

2018-05-22 20:01:43 - [TEST_STEP][PASSED] - Statement - out.println("RQty : " + Rqty): null

2018-05-22 20:01:43 - [TEST_STEP][PASSED] - Statement - If (java.lang.Integer.valueOf(batchqty) >= java.lang.Integer.valueOf(Rqty)): null

2018-05-22 20:01:43 - [TEST_STEP][PASSED] - Statement - Break: null

2018-05-22 20:01:43 - [TEST_STEP][PASSED] - Statement - batchlength = new com.kms.katalon.core.testobject.TestObject(): null

2018-05-22 20:01:43 - [TEST_STEP][PASSED] - Statement - batchlength = com.kms.katalon.core.webui.keyword.WebUiBuiltInKeywords.modifyObjectProperty(batchlength, "xpath", "equals", "//*[@id = "fldvendor" + row + ""]", true): Modify property of object successfully

2018-05-22 20:01:43 - [MESSAGE][PASSED] - Modify property of object successfully

2018-05-22 20:01:43 - [TEST_STEP][PASSED] - Statement - batchsize = com.kms.katalon.core.webui.keyword.WebUiBuiltInKeywords.getNumberOfTotalOption(batchlength): 6 options of object '' counted

2018-05-22 20:01:43 - [MESSAGE][PASSED] - 6 options of object '' counted

2018-05-22 20:01:43 - [TEST_STEP][PASSED] - Statement - out.println("BatchSize : " + batchsize): null

2018-05-22 20:01:43 - [TEST_STEP][PASSED] - Statement - For ([n = 1, n <= batchsize - 1, (n++)]): null

2018-05-22 20:01:43 - [TEST_STEP][PASSED] - Statement - product = new com.kms.katalon.core.testobject.TestObject(): null

2018-05-22 20:01:43 - [TEST_STEP][PASSED] - Statement - product = com.kms.katalon.core.webui.keyword.WebUiBuiltInKeywords.modifyObjectProperty(product, "xpath", "equals", "//*[@id = "fldvendor" + row + ""]", true): Modify property of object successfully

2018-05-22 20:01:43 - [MESSAGE][PASSED] - Modify property of object successfully

2018-05-22 20:01:43 - [TEST_STEP][PASSED] - selectOptionByIndex: All options with index in [1] are selected on object ''

2018-05-22 20:01:43 - [MESSAGE][PASSED] - All options with index in [1] are selected on object ''

2018-05-22 20:01:43 - [TEST_STEP][PASSED] - Statement - batch = new com.kms.katalon.core.testobject.TestObject(): null

2018-05-22 20:01:43 - [TEST_STEP][PASSED] - Statement - batch = com.kms.katalon.core.webui.keyword.WebUiBuiltInKeywords.modifyObjectProperty(batch, "xpath", "equals", "//*[@id = "txtbthqty" + row + ""]", true): Modify property of object successfully

2018-05-22 20:01:43 - [MESSAGE][PASSED] - Modify property of object successfully

2018-05-22 20:01:43 - [TEST_STEP][PASSED] - Statement - batchqty = com.kms.katalon.core.webui.keyword.WebUiBuiltInKeywords.getAttribute(batch, "value").trim(): Attribute 'value' of object '' is: '49300'

2018-05-22 20:01:43 - [MESSAGE][PASSED] - Attribute 'value' of object '' is: '49300'

2018-05-22 20:01:43 - [TEST_STEP][PASSED] - Statement - Rqty = 100: null

2018-05-22 20:01:43 - [TEST_STEP][PASSED] - delay: Delayed 2 second(s)

2018-05-22 20:01:45 - [MESSAGE][PASSED] - Delayed 2 second(s)

2018-05-22 20:01:45 - [TEST_STEP][PASSED] - Statement - out.println("BatchQty : " + batchqty): null

2018-05-22 20:01:45 - [TEST_STEP][PASSED] - Statement - out.println("RQty : " + Rqty): null

2018-05-22 20:01:45 - [TEST_STEP][PASSED] - Statement - If (java.lang.Integer.valueOf(batchqty) >= java.lang.Integer.valueOf(Rqty)): null

2018-05-22 20:01:45 - [TEST_STEP][PASSED] - Statement - Break: null

2018-05-22 20:01:45 - [TEST_STEP][PASSED] - Statement - batchlength = new com.kms.katalon.core.testobject.TestObject(): null

2018-05-22 20:01:45 - [TEST_STEP][PASSED] - Statement - batchlength = com.kms.katalon.core.webui.keyword.WebUiBuiltInKeywords.modifyObjectProperty(batchlength, "xpath", "equals", "//*[@id = "fldvendor" + row + ""]", true): Modify property of object successfully

2018-05-22 20:01:45 - [MESSAGE][PASSED] - Modify property of object successfully

2018-05-22 20:01:45 - [TEST_STEP][PASSED] - Statement - batchsize = com.kms.katalon.core.webui.keyword.WebUiBuiltInKeywords.getNumberOfTotalOption(batchlength): 6 options of object '' counted

2018-05-22 20:01:45 - [MESSAGE][PASSED] - 6 options of object '' counted

2018-05-22 20:01:45 - [TEST_STEP][PASSED] - Statement - out.println("BatchSize : " + batchsize): null

2018-05-22 20:01:45 - [TEST_STEP][PASSED] - Statement - For ([n = 1, n <= batchsize - 1, (n++)]): null

2018-05-22 20:01:45 - [TEST_STEP][PASSED] - Statement - product = new com.kms.katalon.core.testobject.TestObject(): null

2018-05-22 20:01:45 - [TEST_STEP][PASSED] - Statement - product = com.kms.katalon.core.webui.keyword.WebUiBuiltInKeywords.modifyObjectProperty(product, "xpath", "equals", "//*[@id = "fldvendor" + row + ""]", true): Modify property of object successfully

2018-05-22 20:01:45 - [MESSAGE][PASSED] - Modify property of object successfully

2018-05-22 20:01:45 - [TEST_STEP][PASSED] - selectOptionByIndex: All options with index in [1] are selected on object ''

2018-05-22 20:01:45 - [MESSAGE][PASSED] - All options with index in [1] are selected on object ''

2018-05-22 20:01:45 - [TEST_STEP][PASSED] - Statement - batch = new com.kms.katalon.core.testobject.TestObject(): null

2018-05-22 20:01:45 - [TEST_STEP][PASSED] - Statement - batch = com.kms.katalon.core.webui.keyword.WebUiBuiltInKeywords.modifyObjectProperty(batch, "xpath", "equals", "//*[@id = "txtbthqty" + row + ""]", true): Modify property of object successfully

2018-05-22 20:01:45 - [MESSAGE][PASSED] - Modify property of object successfully

2018-05-22 20:01:45 - [TEST_STEP][PASSED] - Statement - batchqty = com.kms.katalon.core.webui.keyword.WebUiBuiltInKeywords.getAttribute(batch, "value").trim(): Attribute 'value' of object '' is: '49300'

2018-05-22 20:01:45 - [MESSAGE][PASSED] - Attribute 'value' of object '' is: '49300'

2018-05-22 20:01:45 - [TEST_STEP][PASSED] - Statement - Rqty = 100: null

2018-05-22 20:01:45 - [TEST_STEP][PASSED] - delay: Delayed 2 second(s)

2018-05-22 20:01:47 - [MESSAGE][PASSED] - Delayed 2 second(s)

2018-05-22 20:01:47 - [TEST_STEP][PASSED] - Statement - out.println("BatchQty : " + batchqty): null

2018-05-22 20:01:47 - [TEST_STEP][PASSED] - Statement - out.println("RQty : " + Rqty): null

2018-05-22 20:01:47 - [TEST_STEP][PASSED] - Statement - If (java.lang.Integer.valueOf(batchqty) >= java.lang.Integer.valueOf(Rqty)): null

2018-05-22 20:01:47 - [TEST_STEP][PASSED] - Statement - Break: null

2018-05-22 20:01:47 - [TEST_STEP][PASSED] - Statement - batchlength = new com.kms.katalon.core.testobject.TestObject(): null

2018-05-22 20:01:47 - [TEST_STEP][PASSED] - Statement - batchlength = com.kms.katalon.core.webui.keyword.WebUiBuiltInKeywords.modifyObjectProperty(batchlength, "xpath", "equals", "//*[@id = "fldvendor" + row + ""]", true): Modify property of object successfully

2018-05-22 20:01:47 - [MESSAGE][PASSED] - Modify property of object successfully

2018-05-22 20:01:47 - [TEST_STEP][PASSED] - Statement - batchsize = com.kms.katalon.core.webui.keyword.WebUiBuiltInKeywords.getNumberOfTotalOption(batchlength): 6 options of object '' counted

2018-05-22 20:01:47 - [MESSAGE][PASSED] - 6 options of object '' counted

2018-05-22 20:01:47 - [TEST_STEP][PASSED] - Statement - out.println("BatchSize : " + batchsize): null

2018-05-22 20:01:47 - [TEST_STEP][PASSED] - Statement - For ([n = 1, n <= batchsize - 1, (n++)]): null

2018-05-22 20:01:47 - [TEST_STEP][PASSED] - Statement - product = new com.kms.katalon.core.testobject.TestObject(): null

2018-05-22 20:01:47 - [TEST_STEP][PASSED] - Statement - product = com.kms.katalon.core.webui.keyword.WebUiBuiltInKeywords.modifyObjectProperty(product, "xpath", "equals", "//*[@id = "fldvendor" + row + ""]", true): Modify property of object successfully

2018-05-22 20:01:47 - [MESSAGE][PASSED] - Modify property of object successfully

2018-05-22 20:01:47 - [TEST_STEP][PASSED] - selectOptionByIndex: All options with index in [1] are selected on object ''

2018-05-22 20:01:47 - [MESSAGE][PASSED] - All options with index in [1] are selected on object ''

2018-05-22 20:01:47 - [TEST_STEP][PASSED] - Statement - batch = new com.kms.katalon.core.testobject.TestObject(): null

2018-05-22 20:01:47 - [TEST_STEP][PASSED] - Statement - batch = com.kms.katalon.core.webui.keyword.WebUiBuiltInKeywords.modifyObjectProperty(batch, "xpath", "equals", "//*[@id = "txtbthqty" + row + ""]", true): Modify property of object successfully

2018-05-22 20:01:47 - [MESSAGE][PASSED] - Modify property of object successfully

2018-05-22 20:01:47 - [TEST_STEP][PASSED] - Statement - batchqty = com.kms.katalon.core.webui.keyword.WebUiBuiltInKeywords.getAttribute(batch, "value").trim(): Attribute 'value' of object '' is: '4400'

2018-05-22 20:01:47 - [MESSAGE][PASSED] - Attribute 'value' of object '' is: '4400'

2018-05-22 20:01:47 - [TEST_STEP][PASSED] - Statement - Rqty = 100: null

2018-05-22 20:01:47 - [TEST_STEP][PASSED] - delay: Delayed 2 second(s)

2018-05-22 20:01:49 - [MESSAGE][PASSED] - Delayed 2 second(s)

2018-05-22 20:01:49 - [TEST_STEP][PASSED] - Statement - out.println("BatchQty : " + batchqty): null

2018-05-22 20:01:49 - [TEST_STEP][PASSED] - Statement - out.println("RQty : " + Rqty): null

2018-05-22 20:01:49 - [TEST_STEP][PASSED] - Statement - If (java.lang.Integer.valueOf(batchqty) >= java.lang.Integer.valueOf(Rqty)): null

2018-05-22 20:01:49 - [TEST_STEP][PASSED] - Statement - Break: null

2018-05-22 20:01:49 - [TEST_STEP][PASSED] - Statement - batchlength = new com.kms.katalon.core.testobject.TestObject(): null

2018-05-22 20:01:49 - [TEST_STEP][PASSED] - Statement - batchlength = com.kms.katalon.core.webui.keyword.WebUiBuiltInKeywords.modifyObjectProperty(batchlength, "xpath", "equals", "//*[@id = "fldvendor" + row + ""]", true): Modify property of object successfully

2018-05-22 20:01:49 - [MESSAGE][PASSED] - Modify property of object successfully

2018-05-22 20:01:49 - [TEST_STEP][PASSED] - Statement - batchsize = com.kms.katalon.core.webui.keyword.WebUiBuiltInKeywords.getNumberOfTotalOption(batchlength): 6 options of object '' counted

2018-05-22 20:01:49 - [MESSAGE][PASSED] - 6 options of object '' counted

2018-05-22 20:01:49 - [TEST_STEP][PASSED] - Statement - out.println("BatchSize : " + batchsize): null

2018-05-22 20:01:49 - [TEST_STEP][PASSED] - Statement - For ([n = 1, n <= batchsize - 1, (n++)]): null

2018-05-22 20:01:49 - [TEST_STEP][PASSED] - Statement - product = new com.kms.katalon.core.testobject.TestObject(): null

2018-05-22 20:01:49 - [TEST_STEP][PASSED] - Statement - product = com.kms.katalon.core.webui.keyword.WebUiBuiltInKeywords.modifyObjectProperty(product, "xpath", "equals", "//*[@id = "fldvendor" + row + ""]", true): Modify property of object successfully

2018-05-22 20:01:49 - [MESSAGE][PASSED] - Modify property of object successfully

2018-05-22 20:01:49 - [TEST_STEP][PASSED] - selectOptionByIndex: All options with index in [1] are selected on object ''

2018-05-22 20:01:50 - [MESSAGE][PASSED] - All options with index in [1] are selected on object ''

2018-05-22 20:01:50 - [TEST_STEP][PASSED] - Statement - batch = new com.kms.katalon.core.testobject.TestObject(): null

2018-05-22 20:01:50 - [TEST_STEP][PASSED] - Statement - batch = com.kms.katalon.core.webui.keyword.WebUiBuiltInKeywords.modifyObjectProperty(batch, "xpath", "equals", "//*[@id = "txtbthqty" + row + ""]", true): Modify property of object successfully

2018-05-22 20:01:50 - [MESSAGE][PASSED] - Modify property of object successfully

2018-05-22 20:01:50 - [TEST_STEP][PASSED] - Statement - batchqty = com.kms.katalon.core.webui.keyword.WebUiBuiltInKeywords.getAttribute(batch, "value").trim(): Attribute 'value' of object '' is: '49300'

2018-05-22 20:01:50 - [MESSAGE][PASSED] - Attribute 'value' of object '' is: '49300'

2018-05-22 20:01:50 - [TEST_STEP][PASSED] - Statement - Rqty = 100: null

2018-05-22 20:01:50 - [TEST_STEP][PASSED] - delay: Delayed 2 second(s)

2018-05-22 20:01:52 - [MESSAGE][PASSED] - Delayed 2 second(s)

2018-05-22 20:01:52 - [TEST_STEP][PASSED] - Statement - out.println("BatchQty : " + batchqty): null

2018-05-22 20:01:52 - [TEST_STEP][PASSED] - Statement - out.println("RQty : " + Rqty): null

2018-05-22 20:01:52 - [TEST_STEP][PASSED] - Statement - If (java.lang.Integer.valueOf(batchqty) >= java.lang.Integer.valueOf(Rqty)): null

2018-05-22 20:01:52 - [TEST_STEP][PASSED] - Statement - Break: null

2018-05-22 20:01:52 - [TEST_STEP][PASSED] - Statement - batchlength = new com.kms.katalon.core.testobject.TestObject(): null

2018-05-22 20:01:52 - [TEST_STEP][PASSED] - Statement - batchlength = com.kms.katalon.core.webui.keyword.WebUiBuiltInKeywords.modifyObjectProperty(batchlength, "xpath", "equals", "//*[@id = "fldvendor" + row + ""]", true): Modify property of object successfully

2018-05-22 20:01:52 - [MESSAGE][PASSED] - Modify property of object successfully

2018-05-22 20:01:52 - [TEST_STEP][PASSED] - Statement - batchsize = com.kms.katalon.core.webui.keyword.WebUiBuiltInKeywords.getNumberOfTotalOption(batchlength): 6 options of object '' counted

2018-05-22 20:01:52 - [MESSAGE][PASSED] - 6 options of object '' counted

2018-05-22 20:01:52 - [TEST_STEP][PASSED] - Statement - out.println("BatchSize : " + batchsize): null

2018-05-22 20:01:52 - [TEST_STEP][PASSED] - Statement - For ([n = 1, n <= batchsize - 1, (n++)]): null

2018-05-22 20:01:52 - [TEST_STEP][PASSED] - Statement - product = new com.kms.katalon.core.testobject.TestObject(): null

2018-05-22 20:01:52 - [TEST_STEP][PASSED] - Statement - product = com.kms.katalon.core.webui.keyword.WebUiBuiltInKeywords.modifyObjectProperty(product, "xpath", "equals", "//*[@id = "fldvendor" + row + ""]", true): Modify property of object successfully

2018-05-22 20:01:52 - [MESSAGE][PASSED] - Modify property of object successfully

2018-05-22 20:01:52 - [TEST_STEP][PASSED] - selectOptionByIndex: All options with index in [1] are selected on object ''

2018-05-22 20:01:52 - [MESSAGE][PASSED] - All options with index in [1] are selected on object ''

2018-05-22 20:01:52 - [TEST_STEP][PASSED] - Statement - batch = new com.kms.katalon.core.testobject.TestObject(): null

2018-05-22 20:01:52 - [TEST_STEP][PASSED] - Statement - batch = com.kms.katalon.core.webui.keyword.WebUiBuiltInKeywords.modifyObjectProperty(batch, "xpath", "equals", "//*[@id = "txtbthqty" + row + ""]", true): Modify property of object successfully

2018-05-22 20:01:52 - [MESSAGE][PASSED] - Modify property of object successfully

2018-05-22 20:01:52 - [TEST_STEP][PASSED] - Statement - batchqty = com.kms.katalon.core.webui.keyword.WebUiBuiltInKeywords.getAttribute(batch, "value").trim(): Attribute 'value' of object '' is: '4400'

2018-05-22 20:01:52 - [MESSAGE][PASSED] - Attribute 'value' of object '' is: '4400'

2018-05-22 20:01:52 - [TEST_STEP][PASSED] - Statement - Rqty = 100: null

2018-05-22 20:01:52 - [TEST_STEP][PASSED] - delay: Delayed 2 second(s)

2018-05-22 20:01:54 - [MESSAGE][PASSED] - Delayed 2 second(s)

2018-05-22 20:01:54 - [TEST_STEP][PASSED] - Statement - out.println("BatchQty : " + batchqty): null

2018-05-22 20:01:54 - [TEST_STEP][PASSED] - Statement - out.println("RQty : " + Rqty): null

2018-05-22 20:01:54 - [TEST_STEP][PASSED] - Statement - If (java.lang.Integer.valueOf(batchqty) >= java.lang.Integer.valueOf(Rqty)): null

2018-05-22 20:01:54 - [TEST_STEP][PASSED] - Statement - Break: null

2018-05-22 20:01:54 - [TEST_STEP][PASSED] - Statement - batchlength = new com.kms.katalon.core.testobject.TestObject(): null

2018-05-22 20:01:54 - [TEST_STEP][PASSED] - Statement - batchlength = com.kms.katalon.core.webui.keyword.WebUiBuiltInKeywords.modifyObjectProperty(batchlength, "xpath", "equals", "//*[@id = "fldvendor" + row + ""]", true): Modify property of object successfully

2018-05-22 20:01:54 - [MESSAGE][PASSED] - Modify property of object successfully

2018-05-22 20:01:54 - [TEST_STEP][PASSED] - Statement - batchsize = com.kms.katalon.core.webui.keyword.WebUiBuiltInKeywords.getNumberOfTotalOption(batchlength): 6 options of object '' counted

2018-05-22 20:01:54 - [MESSAGE][PASSED] - 6 options of object '' counted

2018-05-22 20:01:54 - [TEST_STEP][PASSED] - Statement - out.println("BatchSize : " + batchsize): null

2018-05-22 20:01:54 - [TEST_STEP][PASSED] - Statement - For ([n = 1, n <= batchsize - 1, (n++)]): null

2018-05-22 20:01:54 - [TEST_STEP][PASSED] - Statement - product = new com.kms.katalon.core.testobject.TestObject(): null

2018-05-22 20:01:54 - [TEST_STEP][PASSED] - Statement - product = com.kms.katalon.core.webui.keyword.WebUiBuiltInKeywords.modifyObjectProperty(product, "xpath", "equals", "//*[@id = "fldvendor" + row + ""]", true): Modify property of object successfully

2018-05-22 20:01:54 - [MESSAGE][PASSED] - Modify property of object successfully

2018-05-22 20:01:54 - [TEST_STEP][PASSED] - selectOptionByIndex: All options with index in [1] are selected on object ''

2018-05-22 20:01:54 - [MESSAGE][PASSED] - All options with index in [1] are selected on object ''

2018-05-22 20:01:54 - [TEST_STEP][PASSED] - Statement - batch = new com.kms.katalon.core.testobject.TestObject(): null

2018-05-22 20:01:54 - [TEST_STEP][PASSED] - Statement - batch = com.kms.katalon.core.webui.keyword.WebUiBuiltInKeywords.modifyObjectProperty(batch, "xpath", "equals", "//*[@id = "txtbthqty" + row + ""]", true): Modify property of object successfully

2018-05-22 20:01:54 - [MESSAGE][PASSED] - Modify property of object successfully

2018-05-22 20:01:54 - [TEST_STEP][PASSED] - Statement - batchqty = com.kms.katalon.core.webui.keyword.WebUiBuiltInKeywords.getAttribute(batch, "value").trim(): Attribute 'value' of object '' is: '4400'

2018-05-22 20:01:54 - [MESSAGE][PASSED] - Attribute 'value' of object '' is: '4400'

2018-05-22 20:01:54 - [TEST_STEP][PASSED] - Statement - Rqty = 100: null

2018-05-22 20:01:54 - [TEST_STEP][PASSED] - delay: Delayed 2 second(s)

2018-05-22 20:01:56 - [MESSAGE][PASSED] - Delayed 2 second(s)

2018-05-22 20:01:56 - [TEST_STEP][PASSED] - Statement - out.println("BatchQty : " + batchqty): null

2018-05-22 20:01:56 - [TEST_STEP][PASSED] - Statement - out.println("RQty : " + Rqty): null

2018-05-22 20:01:56 - [TEST_STEP][PASSED] - Statement - If (java.lang.Integer.valueOf(batchqty) >= java.lang.Integer.valueOf(Rqty)): null

2018-05-22 20:01:56 - [TEST_STEP][PASSED] - Statement - Break: null

2018-05-22 20:01:56 - [TEST_STEP][PASSED] - Statement - batchlength = new com.kms.katalon.core.testobject.TestObject(): null

2018-05-22 20:01:56 - [TEST_STEP][PASSED] - Statement - batchlength = com.kms.katalon.core.webui.keyword.WebUiBuiltInKeywords.modifyObjectProperty(batchlength, "xpath", "equals", "//*[@id = "fldvendor" + row + ""]", true): Modify property of object successfully

2018-05-22 20:01:56 - [MESSAGE][PASSED] - Modify property of object successfully

2018-05-22 20:01:56 - [TEST_STEP][PASSED] - Statement - batchsize = com.kms.katalon.core.webui.keyword.WebUiBuiltInKeywords.getNumberOfTotalOption(batchlength): 6 options of object '' counted

2018-05-22 20:01:56 - [MESSAGE][PASSED] - 6 options of object '' counted

2018-05-22 20:01:56 - [TEST_STEP][PASSED] - Statement - out.println("BatchSize : " + batchsize): null

2018-05-22 20:01:56 - [TEST_STEP][FAILED] - Statement - For ([n = 1, n <= batchsize - 1, (n++)]): Unable to get attribute 'value' of object '' (Root cause: org.openqa.selenium.UnhandledAlertException: unexpected alert open: {Alert text : function Error() { [native code] }}
  (Session info: chrome=66.0.3359.181)
  (Driver info: chromedriver=2.35.528161 (5b82f2d2aae0ca24b877009200ced9065a772e73),platform=Windows NT 10.0.17134 x86_64) (WARNING: The server did not provide any stacktrace information)
Command duration or timeout: 0 milliseconds: null
Build info: version: '3.7.1', revision: '8a0099a', time: '2017-11-06T21:07:36.161Z'
System info: host: 'DESKTOP-BLFTK83', ip: '169.254.189.85', os.name: 'Windows 10', os.arch: 'amd64', os.version: '10.0', java.version: '1.8.0_102'
Driver info: com.kms.katalon.selenium.driver.CChromeDriver
Capabilities {acceptInsecureCerts: false, acceptSslCerts: false, applicationCacheEnabled: false, browserConnectionEnabled: false, browserName: chrome, chrome: {chromedriverVersion: 2.35.528161 (5b82f2d2aae0ca..., userDataDir: C:\Users\QUALIT~1\AppData\L...}, cssSelectorsEnabled: true, databaseEnabled: false, handlesAlerts: true, hasTouchScreen: false, javascriptEnabled: true, locationContextEnabled: true, mobileEmulationEnabled: false, nativeEvents: true, networkConnectionEnabled: false, pageLoadStrategy: normal, platform: XP, platformName: XP, rotatable: false, setWindowRect: true, takesHeapSnapshot: true, takesScreenshot: true, unexpectedAlertBehaviour: , unhandledPromptBehavior: , version: 66.0.3359.181, webStorageEnabled: true}
Session ID: f93ba49619c572c923e7f0509ce582a1
*** Element info: {Using=xpath, value=//*[@id = "txtbthqty12"]})

2018-05-22 20:01:56 - [TEST_STEP][PASSED] - Statement - product = new com.kms.katalon.core.testobject.TestObject(): null

2018-05-22 20:01:56 - [TEST_STEP][PASSED] - Statement - product = com.kms.katalon.core.webui.keyword.WebUiBuiltInKeywords.modifyObjectProperty(product, "xpath", "equals", "//*[@id = "fldvendor" + row + ""]", true): Modify property of object successfully

2018-05-22 20:01:56 - [MESSAGE][PASSED] - Modify property of object successfully

2018-05-22 20:01:56 - [TEST_STEP][PASSED] - selectOptionByIndex: All options with index in [1] are selected on object ''

2018-05-22 20:01:56 - [MESSAGE][PASSED] - All options with index in [1] are selected on object ''

2018-05-22 20:01:56 - [TEST_STEP][PASSED] - Statement - batch = new com.kms.katalon.core.testobject.TestObject(): null

2018-05-22 20:01:56 - [TEST_STEP][PASSED] - Statement - batch = com.kms.katalon.core.webui.keyword.WebUiBuiltInKeywords.modifyObjectProperty(batch, "xpath", "equals", "//*[@id = "txtbthqty" + row + ""]", true): Modify property of object successfully

2018-05-22 20:01:56 - [MESSAGE][PASSED] - Modify property of object successfully

2018-05-22 20:01:56 - [TEST_STEP][FAILED] - Statement - batchqty = com.kms.katalon.core.webui.keyword.WebUiBuiltInKeywords.getAttribute(batch, "value").trim(): Unable to get attribute 'value' of object '' (Root cause: org.openqa.selenium.UnhandledAlertException: unexpected alert open: {Alert text : function Error() { [native code] }}
  (Session info: chrome=66.0.3359.181)
  (Driver info: chromedriver=2.35.528161 (5b82f2d2aae0ca24b877009200ced9065a772e73),platform=Windows NT 10.0.17134 x86_64) (WARNING: The server did not provide any stacktrace information)
Command duration or timeout: 0 milliseconds: null
Build info: version: '3.7.1', revision: '8a0099a', time: '2017-11-06T21:07:36.161Z'
System info: host: 'DESKTOP-BLFTK83', ip: '169.254.189.85', os.name: 'Windows 10', os.arch: 'amd64', os.version: '10.0', java.version: '1.8.0_102'
Driver info: com.kms.katalon.selenium.driver.CChromeDriver
Capabilities {acceptInsecureCerts: false, acceptSslCerts: false, applicationCacheEnabled: false, browserConnectionEnabled: false, browserName: chrome, chrome: {chromedriverVersion: 2.35.528161 (5b82f2d2aae0ca..., userDataDir: C:\Users\QUALIT~1\AppData\L...}, cssSelectorsEnabled: true, databaseEnabled: false, handlesAlerts: true, hasTouchScreen: false, javascriptEnabled: true, locationContextEnabled: true, mobileEmulationEnabled: false, nativeEvents: true, networkConnectionEnabled: false, pageLoadStrategy: normal, platform: XP, platformName: XP, rotatable: false, setWindowRect: true, takesHeapSnapshot: true, takesScreenshot: true, unexpectedAlertBehaviour: , unhandledPromptBehavior: , version: 66.0.3359.181, webStorageEnabled: true}
Session ID: f93ba49619c572c923e7f0509ce582a1
*** Element info: {Using=xpath, value=//*[@id = "txtbthqty12"]})

2018-05-22 20:01:56 - [MESSAGE][WARNING] - Cannot take screenshot

2018-05-22 20:01:56 - [MESSAGE][FAILED] - Unable to get attribute 'value' of object '' (Root cause: org.openqa.selenium.UnhandledAlertException: unexpected alert open: {Alert text : function Error() { [native code] }}
  (Session info: chrome=66.0.3359.181)
  (Driver info: chromedriver=2.35.528161 (5b82f2d2aae0ca24b877009200ced9065a772e73),platform=Windows NT 10.0.17134 x86_64) (WARNING: The server did not provide any stacktrace information)
Command duration or timeout: 0 milliseconds: null
Build info: version: '3.7.1', revision: '8a0099a', time: '2017-11-06T21:07:36.161Z'
System info: host: 'DESKTOP-BLFTK83', ip: '169.254.189.85', os.name: 'Windows 10', os.arch: 'amd64', os.version: '10.0', java.version: '1.8.0_102'
Driver info: com.kms.katalon.selenium.driver.CChromeDriver
Capabilities {acceptInsecureCerts: false, acceptSslCerts: false, applicationCacheEnabled: false, browserConnectionEnabled: false, browserName: chrome, chrome: {chromedriverVersion: 2.35.528161 (5b82f2d2aae0ca..., userDataDir: C:\Users\QUALIT~1\AppData\L...}, cssSelectorsEnabled: true, databaseEnabled: false, handlesAlerts: true, hasTouchScreen: false, javascriptEnabled: true, locationContextEnabled: true, mobileEmulationEnabled: false, nativeEvents: true, networkConnectionEnabled: false, pageLoadStrategy: normal, platform: XP, platformName: XP, rotatable: false, setWindowRect: true, takesHeapSnapshot: true, takesScreenshot: true, unexpectedAlertBehaviour: , unhandledPromptBehavior: , version: 66.0.3359.181, webStorageEnabled: true}
Session ID: f93ba49619c572c923e7f0509ce582a1
*** Element info: {Using=xpath, value=//*[@id = "txtbthqty12"]})]]></system-out>
         <system-err><![CDATA[2018-05-22 19:59:51 - [TEST_CASE][FAILED] - Test Cases/DISPENSARY TEST CASES/TC_DP_022 Verify Schedule 10 Dispensary To CMS Request Are Working Successfully Or Not: Test Cases/DISPENSARY TEST CASES/TC_DP_022 Verify Schedule 10 Dispensary To CMS Request Are Working Successfully Or Not FAILED because (of) Unable to get attribute 'value' of object '' (Root cause: org.openqa.selenium.UnhandledAlertException: unexpected alert open: {Alert text : function Error() { [native code] }}
  (Session info: chrome=66.0.3359.181)
  (Driver info: chromedriver=2.35.528161 (5b82f2d2aae0ca24b877009200ced9065a772e73),platform=Windows NT 10.0.17134 x86_64) (WARNING: The server did not provide any stacktrace information)
Command duration or timeout: 0 milliseconds: null
Build info: version: '3.7.1', revision: '8a0099a', time: '2017-11-06T21:07:36.161Z'
System info: host: 'DESKTOP-BLFTK83', ip: '169.254.189.85', os.name: 'Windows 10', os.arch: 'amd64', os.version: '10.0', java.version: '1.8.0_102'
Driver info: com.kms.katalon.selenium.driver.CChromeDriver
Capabilities {acceptInsecureCerts: false, acceptSslCerts: false, applicationCacheEnabled: false, browserConnectionEnabled: false, browserName: chrome, chrome: {chromedriverVersion: 2.35.528161 (5b82f2d2aae0ca..., userDataDir: C:\Users\QUALIT~1\AppData\L...}, cssSelectorsEnabled: true, databaseEnabled: false, handlesAlerts: true, hasTouchScreen: false, javascriptEnabled: true, locationContextEnabled: true, mobileEmulationEnabled: false, nativeEvents: true, networkConnectionEnabled: false, pageLoadStrategy: normal, platform: XP, platformName: XP, rotatable: false, setWindowRect: true, takesHeapSnapshot: true, takesScreenshot: true, unexpectedAlertBehaviour: , unhandledPromptBehavior: , version: 66.0.3359.181, webStorageEnabled: true}
Session ID: f93ba49619c572c923e7f0509ce582a1
*** Element info: {Using=xpath, value=//*[@id = "txtbthqty12"]})]]></system-err>
      </testcase>
      <testcase name="Test Cases/DISPENSARY TEST CASES/TC_DP_023 Verify Schedule 11 Dispensary To CMS Request Are Working Successfully Or Not" classname="Test Cases/DISPENSARY TEST CASES/TC_DP_023 Verify Schedule 11 Dispensary To CMS Request Are Working Successfully Or Not" status="FAILED">
         <failure type="FAILED" message="Unable to navigate to 'http://192.168.137.1/multihospital_new/HDSplashscreen.aspx' (Root cause: org.openqa.selenium.TimeoutException: timeout
  (Session info: chrome=66.0.3359.181)
  (Driver info: chromedriver=2.35.528161 (5b82f2d2aae0ca24b877009200ced9065a772e73),platform=Windows NT 10.0.17134 x86_64) (WARNING: The server did not provide any stacktrace information)
Command duration or timeout: 0 milliseconds
Build info: version: '3.7.1', revision: '8a0099a', time: '2017-11-06T21:07:36.161Z'
System info: host: 'DESKTOP-BLFTK83', ip: '169.254.189.85', os.name: 'Windows 10', os.arch: 'amd64', os.version: '10.0', java.version: '1.8.0_102'
Driver info: com.kms.katalon.selenium.driver.CChromeDriver
Capabilities {acceptInsecureCerts: false, acceptSslCerts: false, applicationCacheEnabled: false, browserConnectionEnabled: false, browserName: chrome, chrome: {chromedriverVersion: 2.35.528161 (5b82f2d2aae0ca..., userDataDir: C:\Users\QUALIT~1\AppData\L...}, cssSelectorsEnabled: true, databaseEnabled: false, handlesAlerts: true, hasTouchScreen: false, javascriptEnabled: true, locationContextEnabled: true, mobileEmulationEnabled: false, nativeEvents: true, networkConnectionEnabled: false, pageLoadStrategy: normal, platform: XP, platformName: XP, rotatable: false, setWindowRect: true, takesHeapSnapshot: true, takesScreenshot: true, unexpectedAlertBehaviour: , unhandledPromptBehavior: , version: 66.0.3359.181, webStorageEnabled: true}
Session ID: 19a43a7105cb332926c14666f597e535)"/>
         <system-out><![CDATA[2018-05-22 20:01:56 - [TEST_CASE][FAILED] - Test Cases/DISPENSARY TEST CASES/TC_DP_023 Verify Schedule 11 Dispensary To CMS Request Are Working Successfully Or Not: Test Cases/DISPENSARY TEST CASES/TC_DP_023 Verify Schedule 11 Dispensary To CMS Request Are Working Successfully Or Not FAILED because (of) Unable to navigate to 'http://192.168.137.1/multihospital_new/HDSplashscreen.aspx' (Root cause: org.openqa.selenium.TimeoutException: timeout
  (Session info: chrome=66.0.3359.181)
  (Driver info: chromedriver=2.35.528161 (5b82f2d2aae0ca24b877009200ced9065a772e73),platform=Windows NT 10.0.17134 x86_64) (WARNING: The server did not provide any stacktrace information)
Command duration or timeout: 0 milliseconds
Build info: version: '3.7.1', revision: '8a0099a', time: '2017-11-06T21:07:36.161Z'
System info: host: 'DESKTOP-BLFTK83', ip: '169.254.189.85', os.name: 'Windows 10', os.arch: 'amd64', os.version: '10.0', java.version: '1.8.0_102'
Driver info: com.kms.katalon.selenium.driver.CChromeDriver
Capabilities {acceptInsecureCerts: false, acceptSslCerts: false, applicationCacheEnabled: false, browserConnectionEnabled: false, browserName: chrome, chrome: {chromedriverVersion: 2.35.528161 (5b82f2d2aae0ca..., userDataDir: C:\Users\QUALIT~1\AppData\L...}, cssSelectorsEnabled: true, databaseEnabled: false, handlesAlerts: true, hasTouchScreen: false, javascriptEnabled: true, locationContextEnabled: true, mobileEmulationEnabled: false, nativeEvents: true, networkConnectionEnabled: false, pageLoadStrategy: normal, platform: XP, platformName: XP, rotatable: false, setWindowRect: true, takesHeapSnapshot: true, takesScreenshot: true, unexpectedAlertBehaviour: , unhandledPromptBehavior: , version: 66.0.3359.181, webStorageEnabled: true}
Session ID: 19a43a7105cb332926c14666f597e535)

2018-05-22 20:01:57 - [TEST_STEP][PASSED] - openBrowser: Browser is opened with url: ''

2018-05-22 20:01:57 - [MESSAGE][WARNING] - A browser is already opened. Closing browser and opening a new one

2018-05-22 20:01:59 - [MESSAGE][PASSED] - Browser is opened with url: ''

2018-05-22 20:01:59 - [TEST_STEP][FAILED] - navigateToUrl: Unable to navigate to 'http://192.168.137.1/multihospital_new/HDSplashscreen.aspx' (Root cause: org.openqa.selenium.TimeoutException: timeout
  (Session info: chrome=66.0.3359.181)
  (Driver info: chromedriver=2.35.528161 (5b82f2d2aae0ca24b877009200ced9065a772e73),platform=Windows NT 10.0.17134 x86_64) (WARNING: The server did not provide any stacktrace information)
Command duration or timeout: 0 milliseconds
Build info: version: '3.7.1', revision: '8a0099a', time: '2017-11-06T21:07:36.161Z'
System info: host: 'DESKTOP-BLFTK83', ip: '169.254.189.85', os.name: 'Windows 10', os.arch: 'amd64', os.version: '10.0', java.version: '1.8.0_102'
Driver info: com.kms.katalon.selenium.driver.CChromeDriver
Capabilities {acceptInsecureCerts: false, acceptSslCerts: false, applicationCacheEnabled: false, browserConnectionEnabled: false, browserName: chrome, chrome: {chromedriverVersion: 2.35.528161 (5b82f2d2aae0ca..., userDataDir: C:\Users\QUALIT~1\AppData\L...}, cssSelectorsEnabled: true, databaseEnabled: false, handlesAlerts: true, hasTouchScreen: false, javascriptEnabled: true, locationContextEnabled: true, mobileEmulationEnabled: false, nativeEvents: true, networkConnectionEnabled: false, pageLoadStrategy: normal, platform: XP, platformName: XP, rotatable: false, setWindowRect: true, takesHeapSnapshot: true, takesScreenshot: true, unexpectedAlertBehaviour: , unhandledPromptBehavior: , version: 66.0.3359.181, webStorageEnabled: true}
Session ID: 19a43a7105cb332926c14666f597e535)

2018-05-23 09:33:01 - [MESSAGE][FAILED] - Unable to navigate to 'http://192.168.137.1/multihospital_new/HDSplashscreen.aspx' (Root cause: org.openqa.selenium.TimeoutException: timeout
  (Session info: chrome=66.0.3359.181)
  (Driver info: chromedriver=2.35.528161 (5b82f2d2aae0ca24b877009200ced9065a772e73),platform=Windows NT 10.0.17134 x86_64) (WARNING: The server did not provide any stacktrace information)
Command duration or timeout: 0 milliseconds
Build info: version: '3.7.1', revision: '8a0099a', time: '2017-11-06T21:07:36.161Z'
System info: host: 'DESKTOP-BLFTK83', ip: '169.254.189.85', os.name: 'Windows 10', os.arch: 'amd64', os.version: '10.0', java.version: '1.8.0_102'
Driver info: com.kms.katalon.selenium.driver.CChromeDriver
Capabilities {acceptInsecureCerts: false, acceptSslCerts: false, applicationCacheEnabled: false, browserConnectionEnabled: false, browserName: chrome, chrome: {chromedriverVersion: 2.35.528161 (5b82f2d2aae0ca..., userDataDir: C:\Users\QUALIT~1\AppData\L...}, cssSelectorsEnabled: true, databaseEnabled: false, handlesAlerts: true, hasTouchScreen: false, javascriptEnabled: true, locationContextEnabled: true, mobileEmulationEnabled: false, nativeEvents: true, networkConnectionEnabled: false, pageLoadStrategy: normal, platform: XP, platformName: XP, rotatable: false, setWindowRect: true, takesHeapSnapshot: true, takesScreenshot: true, unexpectedAlertBehaviour: , unhandledPromptBehavior: , version: 66.0.3359.181, webStorageEnabled: true}
Session ID: 19a43a7105cb332926c14666f597e535)
[[ATTACHMENT|C:\\Users\\Quality Analyst\\Katalon Studio\\ds\\Reports\\Dispensary_Cms_Suite\\20180522_193041\\1527048180440.png]]]]></system-out>
         <system-err><![CDATA[2018-05-22 20:01:56 - [TEST_CASE][FAILED] - Test Cases/DISPENSARY TEST CASES/TC_DP_023 Verify Schedule 11 Dispensary To CMS Request Are Working Successfully Or Not: Test Cases/DISPENSARY TEST CASES/TC_DP_023 Verify Schedule 11 Dispensary To CMS Request Are Working Successfully Or Not FAILED because (of) Unable to navigate to 'http://192.168.137.1/multihospital_new/HDSplashscreen.aspx' (Root cause: org.openqa.selenium.TimeoutException: timeout
  (Session info: chrome=66.0.3359.181)
  (Driver info: chromedriver=2.35.528161 (5b82f2d2aae0ca24b877009200ced9065a772e73),platform=Windows NT 10.0.17134 x86_64) (WARNING: The server did not provide any stacktrace information)
Command duration or timeout: 0 milliseconds
Build info: version: '3.7.1', revision: '8a0099a', time: '2017-11-06T21:07:36.161Z'
System info: host: 'DESKTOP-BLFTK83', ip: '169.254.189.85', os.name: 'Windows 10', os.arch: 'amd64', os.version: '10.0', java.version: '1.8.0_102'
Driver info: com.kms.katalon.selenium.driver.CChromeDriver
Capabilities {acceptInsecureCerts: false, acceptSslCerts: false, applicationCacheEnabled: false, browserConnectionEnabled: false, browserName: chrome, chrome: {chromedriverVersion: 2.35.528161 (5b82f2d2aae0ca..., userDataDir: C:\Users\QUALIT~1\AppData\L...}, cssSelectorsEnabled: true, databaseEnabled: false, handlesAlerts: true, hasTouchScreen: false, javascriptEnabled: true, locationContextEnabled: true, mobileEmulationEnabled: false, nativeEvents: true, networkConnectionEnabled: false, pageLoadStrategy: normal, platform: XP, platformName: XP, rotatable: false, setWindowRect: true, takesHeapSnapshot: true, takesScreenshot: true, unexpectedAlertBehaviour: , unhandledPromptBehavior: , version: 66.0.3359.181, webStorageEnabled: true}
Session ID: 19a43a7105cb332926c14666f597e535)]]></system-err>
      </testcase>
      <testcase name="Test Cases/DISPENSARY TEST CASES/TC_DP_024 Verify Schedule 12 Dispensary To CMS Request Are Working Successfully Or Not" classname="Test Cases/DISPENSARY TEST CASES/TC_DP_024 Verify Schedule 12 Dispensary To CMS Request Are Working Successfully Or Not" status="PASSED">
         <system-out><![CDATA[2018-05-23 09:33:01 - [TEST_CASE][PASSED] - Test Cases/DISPENSARY TEST CASES/TC_DP_024 Verify Schedule 12 Dispensary To CMS Request Are Working Successfully Or Not: Test Cases/DISPENSARY TEST CASES/TC_DP_024 Verify Schedule 12 Dispensary To CMS Request Are Working Successfully Or Not

2018-05-23 09:33:01 - [TEST_STEP][PASSED] - openBrowser: Browser is opened with url: ''

2018-05-23 09:33:01 - [MESSAGE][WARNING] - A browser is already opened. Closing browser and opening a new one

2018-05-23 09:33:04 - [MESSAGE][PASSED] - Browser is opened with url: ''

2018-05-23 09:33:04 - [TEST_STEP][PASSED] - navigateToUrl: Navigate to 'http://192.168.137.1/multihospital_new/HDSplashscreen.aspx' successfully

2018-05-23 09:33:20 - [MESSAGE][PASSED] - Navigate to 'http://192.168.137.1/multihospital_new/HDSplashscreen.aspx' successfully

2018-05-23 09:33:22 - [TEST_STEP][PASSED] - maximizeWindow: Current window maximized

2018-05-23 09:33:23 - [MESSAGE][PASSED] - Current window maximized

2018-05-23 09:33:23 - [TEST_STEP][PASSED] - click: Object: 'Object Repository/DispensaryToCms/Page_KDMC/a_Dispensary Store' is clicked on

2018-05-23 09:33:25 - [MESSAGE][PASSED] - Object: 'Object Repository/DispensaryToCms/Page_KDMC/a_Dispensary Store' is clicked on

2018-05-23 09:33:25 - [TEST_STEP][PASSED] - setText: Text 'rajaram' is set on object 'Object Repository/DispensaryToCms/Page_Dispensary Store Login/input_txtusername'

2018-05-23 09:33:25 - [MESSAGE][PASSED] - Text 'rajaram' is set on object 'Object Repository/DispensaryToCms/Page_Dispensary Store Login/input_txtusername'

2018-05-23 09:33:25 - [TEST_STEP][PASSED] - setText: Text '123' is set on object 'Object Repository/DispensaryToCms/Page_Dispensary Store Login/input_txtpassword'

2018-05-23 09:33:25 - [MESSAGE][PASSED] - Text '123' is set on object 'Object Repository/DispensaryToCms/Page_Dispensary Store Login/input_txtpassword'

2018-05-23 09:33:25 - [TEST_STEP][PASSED] - delay: Delayed 3 second(s)

2018-05-23 09:33:28 - [MESSAGE][PASSED] - Delayed 3 second(s)

2018-05-23 09:33:28 - [TEST_STEP][PASSED] - click: Object: 'Object Repository/DispensaryToCms/Page_Dispensary Store Login/button_Sign in' is clicked on

2018-05-23 09:33:29 - [MESSAGE][PASSED] - Object: 'Object Repository/DispensaryToCms/Page_Dispensary Store Login/button_Sign in' is clicked on

2018-05-23 09:33:29 - [TEST_STEP][PASSED] - delay: Delayed 3 second(s)

2018-05-23 09:33:32 - [MESSAGE][PASSED] - Delayed 3 second(s)

2018-05-23 09:33:32 - [TEST_STEP][PASSED] - click: Object: 'Object Repository/DispensaryToCms/Page_Dispensary Store/a_CMS' is clicked on

2018-05-23 09:33:32 - [MESSAGE][PASSED] - Object: 'Object Repository/DispensaryToCms/Page_Dispensary Store/a_CMS' is clicked on

2018-05-23 09:33:32 - [TEST_STEP][PASSED] - click: Object: 'Object Repository/DispensaryToCms/Page_Dispensary Store/a_Request Send' is clicked on

2018-05-23 09:33:33 - [MESSAGE][PASSED] - Object: 'Object Repository/DispensaryToCms/Page_Dispensary Store/a_Request Send' is clicked on

2018-05-23 09:33:33 - [TEST_STEP][PASSED] - delay: Delayed 2 second(s)

2018-05-23 09:33:35 - [MESSAGE][PASSED] - Delayed 2 second(s)

2018-05-23 09:33:35 - [TEST_STEP][PASSED] - selectOptionByIndex: All options with index in [2] are selected on object 'Object Repository/DispensaryToCms/Page_Dispensary Store/select_--Select--'

2018-05-23 09:33:35 - [MESSAGE][PASSED] - All options with index in [2] are selected on object 'Object Repository/DispensaryToCms/Page_Dispensary Store/select_--Select--'

2018-05-23 09:33:35 - [TEST_STEP][PASSED] - selectOptionByIndex: All options with index in [12] are selected on object 'Object Repository/DispensaryToCms/Page_Dispensary Store/select_--Select--Schedule 1Inj'

2018-05-23 09:33:35 - [MESSAGE][PASSED] - All options with index in [12] are selected on object 'Object Repository/DispensaryToCms/Page_Dispensary Store/select_--Select--Schedule 1Inj'

2018-05-23 09:33:35 - [TEST_STEP][PASSED] - Statement - medicineslength = com.kms.katalon.core.webui.keyword.WebUiBuiltInKeywords.getNumberOfTotalOption(com.kms.katalon.core.testobject.ObjectRepository.findTestObject(DispensaryToCms/Page_Dispensary Store/select_--Select--Adernaline 0.)): 19 options of object 'Object Repository/DispensaryToCms/Page_Dispensary Store/select_--Select--Adernaline 0.' counted

2018-05-23 09:33:35 - [MESSAGE][PASSED] - 19 options of object 'Object Repository/DispensaryToCms/Page_Dispensary Store/select_--Select--Adernaline 0.' counted

2018-05-23 09:33:35 - [TEST_STEP][PASSED] - Statement - For ([e = 1, e <= medicineslength - 1, (e++)]): Object: 'Object Repository/DispensaryToCms/Page_Dispensary Store/button_Add' is clicked on

2018-05-23 09:33:35 - [TEST_STEP][PASSED] - selectOptionByIndex: All options with index in [12] are selected on object 'Object Repository/DispensaryToCms/Page_Dispensary Store/select_--Select--Schedule 1Inj'

2018-05-23 09:33:36 - [MESSAGE][PASSED] - All options with index in [12] are selected on object 'Object Repository/DispensaryToCms/Page_Dispensary Store/select_--Select--Schedule 1Inj'

2018-05-23 09:33:36 - [TEST_STEP][PASSED] - selectOptionByIndex: All options with index in [1] are selected on object 'Object Repository/DispensaryToCms/Page_Dispensary Store/select_--Select--Adernaline 0.'

2018-05-23 09:33:36 - [MESSAGE][PASSED] - All options with index in [1] are selected on object 'Object Repository/DispensaryToCms/Page_Dispensary Store/select_--Select--Adernaline 0.'

2018-05-23 09:33:36 - [TEST_STEP][PASSED] - setText: Text '100' is set on object 'Object Repository/DispensaryToCms/Page_Dispensary Store/input_txttreat'

2018-05-23 09:33:36 - [MESSAGE][PASSED] - Text '100' is set on object 'Object Repository/DispensaryToCms/Page_Dispensary Store/input_txttreat'

2018-05-23 09:33:36 - [TEST_STEP][PASSED] - click: Object: 'Object Repository/DispensaryToCms/Page_Dispensary Store/button_Add' is clicked on

2018-05-23 09:33:36 - [MESSAGE][PASSED] - Object: 'Object Repository/DispensaryToCms/Page_Dispensary Store/button_Add' is clicked on

2018-05-23 09:33:36 - [TEST_STEP][PASSED] - selectOptionByIndex: All options with index in [12] are selected on object 'Object Repository/DispensaryToCms/Page_Dispensary Store/select_--Select--Schedule 1Inj'

2018-05-23 09:33:36 - [MESSAGE][PASSED] - All options with index in [12] are selected on object 'Object Repository/DispensaryToCms/Page_Dispensary Store/select_--Select--Schedule 1Inj'

2018-05-23 09:33:36 - [TEST_STEP][PASSED] - selectOptionByIndex: All options with index in [2] are selected on object 'Object Repository/DispensaryToCms/Page_Dispensary Store/select_--Select--Adernaline 0.'

2018-05-23 09:33:36 - [MESSAGE][PASSED] - All options with index in [2] are selected on object 'Object Repository/DispensaryToCms/Page_Dispensary Store/select_--Select--Adernaline 0.'

2018-05-23 09:33:36 - [TEST_STEP][PASSED] - setText: Text '100' is set on object 'Object Repository/DispensaryToCms/Page_Dispensary Store/input_txttreat'

2018-05-23 09:33:36 - [MESSAGE][PASSED] - Text '100' is set on object 'Object Repository/DispensaryToCms/Page_Dispensary Store/input_txttreat'

2018-05-23 09:33:36 - [TEST_STEP][PASSED] - click: Object: 'Object Repository/DispensaryToCms/Page_Dispensary Store/button_Add' is clicked on

2018-05-23 09:33:37 - [MESSAGE][PASSED] - Object: 'Object Repository/DispensaryToCms/Page_Dispensary Store/button_Add' is clicked on

2018-05-23 09:33:37 - [TEST_STEP][PASSED] - selectOptionByIndex: All options with index in [12] are selected on object 'Object Repository/DispensaryToCms/Page_Dispensary Store/select_--Select--Schedule 1Inj'

2018-05-23 09:33:37 - [MESSAGE][PASSED] - All options with index in [12] are selected on object 'Object Repository/DispensaryToCms/Page_Dispensary Store/select_--Select--Schedule 1Inj'

2018-05-23 09:33:37 - [TEST_STEP][PASSED] - selectOptionByIndex: All options with index in [3] are selected on object 'Object Repository/DispensaryToCms/Page_Dispensary Store/select_--Select--Adernaline 0.'

2018-05-23 09:33:37 - [MESSAGE][PASSED] - All options with index in [3] are selected on object 'Object Repository/DispensaryToCms/Page_Dispensary Store/select_--Select--Adernaline 0.'

2018-05-23 09:33:37 - [TEST_STEP][PASSED] - setText: Text '100' is set on object 'Object Repository/DispensaryToCms/Page_Dispensary Store/input_txttreat'

2018-05-23 09:33:37 - [MESSAGE][PASSED] - Text '100' is set on object 'Object Repository/DispensaryToCms/Page_Dispensary Store/input_txttreat'

2018-05-23 09:33:37 - [TEST_STEP][PASSED] - click: Object: 'Object Repository/DispensaryToCms/Page_Dispensary Store/button_Add' is clicked on

2018-05-23 09:33:37 - [MESSAGE][PASSED] - Object: 'Object Repository/DispensaryToCms/Page_Dispensary Store/button_Add' is clicked on

2018-05-23 09:33:37 - [TEST_STEP][PASSED] - selectOptionByIndex: All options with index in [12] are selected on object 'Object Repository/DispensaryToCms/Page_Dispensary Store/select_--Select--Schedule 1Inj'

2018-05-23 09:33:37 - [MESSAGE][PASSED] - All options with index in [12] are selected on object 'Object Repository/DispensaryToCms/Page_Dispensary Store/select_--Select--Schedule 1Inj'

2018-05-23 09:33:37 - [TEST_STEP][PASSED] - selectOptionByIndex: All options with index in [4] are selected on object 'Object Repository/DispensaryToCms/Page_Dispensary Store/select_--Select--Adernaline 0.'

2018-05-23 09:33:37 - [MESSAGE][PASSED] - All options with index in [4] are selected on object 'Object Repository/DispensaryToCms/Page_Dispensary Store/select_--Select--Adernaline 0.'

2018-05-23 09:33:37 - [TEST_STEP][PASSED] - setText: Text '100' is set on object 'Object Repository/DispensaryToCms/Page_Dispensary Store/input_txttreat'

2018-05-23 09:33:37 - [MESSAGE][PASSED] - Text '100' is set on object 'Object Repository/DispensaryToCms/Page_Dispensary Store/input_txttreat'

2018-05-23 09:33:37 - [TEST_STEP][PASSED] - click: Object: 'Object Repository/DispensaryToCms/Page_Dispensary Store/button_Add' is clicked on

2018-05-23 09:33:38 - [MESSAGE][PASSED] - Object: 'Object Repository/DispensaryToCms/Page_Dispensary Store/button_Add' is clicked on

2018-05-23 09:33:38 - [TEST_STEP][PASSED] - selectOptionByIndex: All options with index in [12] are selected on object 'Object Repository/DispensaryToCms/Page_Dispensary Store/select_--Select--Schedule 1Inj'

2018-05-23 09:33:38 - [MESSAGE][PASSED] - All options with index in [12] are selected on object 'Object Repository/DispensaryToCms/Page_Dispensary Store/select_--Select--Schedule 1Inj'

2018-05-23 09:33:38 - [TEST_STEP][PASSED] - selectOptionByIndex: All options with index in [5] are selected on object 'Object Repository/DispensaryToCms/Page_Dispensary Store/select_--Select--Adernaline 0.'

2018-05-23 09:33:38 - [MESSAGE][PASSED] - All options with index in [5] are selected on object 'Object Repository/DispensaryToCms/Page_Dispensary Store/select_--Select--Adernaline 0.'

2018-05-23 09:33:38 - [TEST_STEP][PASSED] - setText: Text '100' is set on object 'Object Repository/DispensaryToCms/Page_Dispensary Store/input_txttreat'

2018-05-23 09:33:38 - [MESSAGE][PASSED] - Text '100' is set on object 'Object Repository/DispensaryToCms/Page_Dispensary Store/input_txttreat'

2018-05-23 09:33:38 - [TEST_STEP][PASSED] - click: Object: 'Object Repository/DispensaryToCms/Page_Dispensary Store/button_Add' is clicked on

2018-05-23 09:33:38 - [MESSAGE][PASSED] - Object: 'Object Repository/DispensaryToCms/Page_Dispensary Store/button_Add' is clicked on

2018-05-23 09:33:38 - [TEST_STEP][PASSED] - selectOptionByIndex: All options with index in [12] are selected on object 'Object Repository/DispensaryToCms/Page_Dispensary Store/select_--Select--Schedule 1Inj'

2018-05-23 09:33:38 - [MESSAGE][PASSED] - All options with index in [12] are selected on object 'Object Repository/DispensaryToCms/Page_Dispensary Store/select_--Select--Schedule 1Inj'

2018-05-23 09:33:38 - [TEST_STEP][PASSED] - selectOptionByIndex: All options with index in [6] are selected on object 'Object Repository/DispensaryToCms/Page_Dispensary Store/select_--Select--Adernaline 0.'

2018-05-23 09:33:39 - [MESSAGE][PASSED] - All options with index in [6] are selected on object 'Object Repository/DispensaryToCms/Page_Dispensary Store/select_--Select--Adernaline 0.'

2018-05-23 09:33:39 - [TEST_STEP][PASSED] - setText: Text '100' is set on object 'Object Repository/DispensaryToCms/Page_Dispensary Store/input_txttreat'

2018-05-23 09:33:39 - [MESSAGE][PASSED] - Text '100' is set on object 'Object Repository/DispensaryToCms/Page_Dispensary Store/input_txttreat'

2018-05-23 09:33:39 - [TEST_STEP][PASSED] - click: Object: 'Object Repository/DispensaryToCms/Page_Dispensary Store/button_Add' is clicked on

2018-05-23 09:33:39 - [MESSAGE][PASSED] - Object: 'Object Repository/DispensaryToCms/Page_Dispensary Store/button_Add' is clicked on

2018-05-23 09:33:39 - [TEST_STEP][PASSED] - selectOptionByIndex: All options with index in [12] are selected on object 'Object Repository/DispensaryToCms/Page_Dispensary Store/select_--Select--Schedule 1Inj'

2018-05-23 09:33:39 - [MESSAGE][PASSED] - All options with index in [12] are selected on object 'Object Repository/DispensaryToCms/Page_Dispensary Store/select_--Select--Schedule 1Inj'

2018-05-23 09:33:39 - [TEST_STEP][PASSED] - selectOptionByIndex: All options with index in [7] are selected on object 'Object Repository/DispensaryToCms/Page_Dispensary Store/select_--Select--Adernaline 0.'

2018-05-23 09:33:39 - [MESSAGE][PASSED] - All options with index in [7] are selected on object 'Object Repository/DispensaryToCms/Page_Dispensary Store/select_--Select--Adernaline 0.'

2018-05-23 09:33:39 - [TEST_STEP][PASSED] - setText: Text '100' is set on object 'Object Repository/DispensaryToCms/Page_Dispensary Store/input_txttreat'

2018-05-23 09:33:39 - [MESSAGE][PASSED] - Text '100' is set on object 'Object Repository/DispensaryToCms/Page_Dispensary Store/input_txttreat'

2018-05-23 09:33:39 - [TEST_STEP][PASSED] - click: Object: 'Object Repository/DispensaryToCms/Page_Dispensary Store/button_Add' is clicked on

2018-05-23 09:33:39 - [MESSAGE][PASSED] - Object: 'Object Repository/DispensaryToCms/Page_Dispensary Store/button_Add' is clicked on

2018-05-23 09:33:39 - [TEST_STEP][PASSED] - selectOptionByIndex: All options with index in [12] are selected on object 'Object Repository/DispensaryToCms/Page_Dispensary Store/select_--Select--Schedule 1Inj'

2018-05-23 09:33:39 - [MESSAGE][PASSED] - All options with index in [12] are selected on object 'Object Repository/DispensaryToCms/Page_Dispensary Store/select_--Select--Schedule 1Inj'

2018-05-23 09:33:39 - [TEST_STEP][PASSED] - selectOptionByIndex: All options with index in [8] are selected on object 'Object Repository/DispensaryToCms/Page_Dispensary Store/select_--Select--Adernaline 0.'

2018-05-23 09:33:40 - [MESSAGE][PASSED] - All options with index in [8] are selected on object 'Object Repository/DispensaryToCms/Page_Dispensary Store/select_--Select--Adernaline 0.'

2018-05-23 09:33:40 - [TEST_STEP][PASSED] - setText: Text '100' is set on object 'Object Repository/DispensaryToCms/Page_Dispensary Store/input_txttreat'

2018-05-23 09:33:40 - [MESSAGE][PASSED] - Text '100' is set on object 'Object Repository/DispensaryToCms/Page_Dispensary Store/input_txttreat'

2018-05-23 09:33:40 - [TEST_STEP][PASSED] - click: Object: 'Object Repository/DispensaryToCms/Page_Dispensary Store/button_Add' is clicked on

2018-05-23 09:33:40 - [MESSAGE][PASSED] - Object: 'Object Repository/DispensaryToCms/Page_Dispensary Store/button_Add' is clicked on

2018-05-23 09:33:40 - [TEST_STEP][PASSED] - selectOptionByIndex: All options with index in [12] are selected on object 'Object Repository/DispensaryToCms/Page_Dispensary Store/select_--Select--Schedule 1Inj'

2018-05-23 09:33:40 - [MESSAGE][PASSED] - All options with index in [12] are selected on object 'Object Repository/DispensaryToCms/Page_Dispensary Store/select_--Select--Schedule 1Inj'

2018-05-23 09:33:40 - [TEST_STEP][PASSED] - selectOptionByIndex: All options with index in [9] are selected on object 'Object Repository/DispensaryToCms/Page_Dispensary Store/select_--Select--Adernaline 0.'

2018-05-23 09:33:40 - [MESSAGE][PASSED] - All options with index in [9] are selected on object 'Object Repository/DispensaryToCms/Page_Dispensary Store/select_--Select--Adernaline 0.'

2018-05-23 09:33:40 - [TEST_STEP][PASSED] - setText: Text '100' is set on object 'Object Repository/DispensaryToCms/Page_Dispensary Store/input_txttreat'

2018-05-23 09:33:40 - [MESSAGE][PASSED] - Text '100' is set on object 'Object Repository/DispensaryToCms/Page_Dispensary Store/input_txttreat'

2018-05-23 09:33:40 - [TEST_STEP][PASSED] - click: Object: 'Object Repository/DispensaryToCms/Page_Dispensary Store/button_Add' is clicked on

2018-05-23 09:33:40 - [MESSAGE][PASSED] - Object: 'Object Repository/DispensaryToCms/Page_Dispensary Store/button_Add' is clicked on

2018-05-23 09:33:40 - [TEST_STEP][PASSED] - selectOptionByIndex: All options with index in [12] are selected on object 'Object Repository/DispensaryToCms/Page_Dispensary Store/select_--Select--Schedule 1Inj'

2018-05-23 09:33:41 - [MESSAGE][PASSED] - All options with index in [12] are selected on object 'Object Repository/DispensaryToCms/Page_Dispensary Store/select_--Select--Schedule 1Inj'

2018-05-23 09:33:41 - [TEST_STEP][PASSED] - selectOptionByIndex: All options with index in [10] are selected on object 'Object Repository/DispensaryToCms/Page_Dispensary Store/select_--Select--Adernaline 0.'

2018-05-23 09:33:41 - [MESSAGE][PASSED] - All options with index in [10] are selected on object 'Object Repository/DispensaryToCms/Page_Dispensary Store/select_--Select--Adernaline 0.'

2018-05-23 09:33:41 - [TEST_STEP][PASSED] - setText: Text '100' is set on object 'Object Repository/DispensaryToCms/Page_Dispensary Store/input_txttreat'

2018-05-23 09:33:41 - [MESSAGE][PASSED] - Text '100' is set on object 'Object Repository/DispensaryToCms/Page_Dispensary Store/input_txttreat'

2018-05-23 09:33:41 - [TEST_STEP][PASSED] - click: Object: 'Object Repository/DispensaryToCms/Page_Dispensary Store/button_Add' is clicked on

2018-05-23 09:33:41 - [MESSAGE][PASSED] - Object: 'Object Repository/DispensaryToCms/Page_Dispensary Store/button_Add' is clicked on

2018-05-23 09:33:41 - [TEST_STEP][PASSED] - selectOptionByIndex: All options with index in [12] are selected on object 'Object Repository/DispensaryToCms/Page_Dispensary Store/select_--Select--Schedule 1Inj'

2018-05-23 09:33:41 - [MESSAGE][PASSED] - All options with index in [12] are selected on object 'Object Repository/DispensaryToCms/Page_Dispensary Store/select_--Select--Schedule 1Inj'

2018-05-23 09:33:41 - [TEST_STEP][PASSED] - selectOptionByIndex: All options with index in [11] are selected on object 'Object Repository/DispensaryToCms/Page_Dispensary Store/select_--Select--Adernaline 0.'

2018-05-23 09:33:41 - [MESSAGE][PASSED] - All options with index in [11] are selected on object 'Object Repository/DispensaryToCms/Page_Dispensary Store/select_--Select--Adernaline 0.'

2018-05-23 09:33:41 - [TEST_STEP][PASSED] - setText: Text '100' is set on object 'Object Repository/DispensaryToCms/Page_Dispensary Store/input_txttreat'

2018-05-23 09:33:41 - [MESSAGE][PASSED] - Text '100' is set on object 'Object Repository/DispensaryToCms/Page_Dispensary Store/input_txttreat'

2018-05-23 09:33:41 - [TEST_STEP][PASSED] - click: Object: 'Object Repository/DispensaryToCms/Page_Dispensary Store/button_Add' is clicked on

2018-05-23 09:33:42 - [MESSAGE][PASSED] - Object: 'Object Repository/DispensaryToCms/Page_Dispensary Store/button_Add' is clicked on

2018-05-23 09:33:42 - [TEST_STEP][PASSED] - selectOptionByIndex: All options with index in [12] are selected on object 'Object Repository/DispensaryToCms/Page_Dispensary Store/select_--Select--Schedule 1Inj'

2018-05-23 09:33:42 - [MESSAGE][PASSED] - All options with index in [12] are selected on object 'Object Repository/DispensaryToCms/Page_Dispensary Store/select_--Select--Schedule 1Inj'

2018-05-23 09:33:42 - [TEST_STEP][PASSED] - selectOptionByIndex: All options with index in [12] are selected on object 'Object Repository/DispensaryToCms/Page_Dispensary Store/select_--Select--Adernaline 0.'

2018-05-23 09:33:42 - [MESSAGE][PASSED] - All options with index in [12] are selected on object 'Object Repository/DispensaryToCms/Page_Dispensary Store/select_--Select--Adernaline 0.'

2018-05-23 09:33:42 - [TEST_STEP][PASSED] - setText: Text '100' is set on object 'Object Repository/DispensaryToCms/Page_Dispensary Store/input_txttreat'

2018-05-23 09:33:42 - [MESSAGE][PASSED] - Text '100' is set on object 'Object Repository/DispensaryToCms/Page_Dispensary Store/input_txttreat'

2018-05-23 09:33:42 - [TEST_STEP][PASSED] - click: Object: 'Object Repository/DispensaryToCms/Page_Dispensary Store/button_Add' is clicked on

2018-05-23 09:33:42 - [MESSAGE][PASSED] - Object: 'Object Repository/DispensaryToCms/Page_Dispensary Store/button_Add' is clicked on

2018-05-23 09:33:42 - [TEST_STEP][PASSED] - selectOptionByIndex: All options with index in [12] are selected on object 'Object Repository/DispensaryToCms/Page_Dispensary Store/select_--Select--Schedule 1Inj'

2018-05-23 09:33:42 - [MESSAGE][PASSED] - All options with index in [12] are selected on object 'Object Repository/DispensaryToCms/Page_Dispensary Store/select_--Select--Schedule 1Inj'

2018-05-23 09:33:42 - [TEST_STEP][PASSED] - selectOptionByIndex: All options with index in [13] are selected on object 'Object Repository/DispensaryToCms/Page_Dispensary Store/select_--Select--Adernaline 0.'

2018-05-23 09:33:43 - [MESSAGE][PASSED] - All options with index in [13] are selected on object 'Object Repository/DispensaryToCms/Page_Dispensary Store/select_--Select--Adernaline 0.'

2018-05-23 09:33:43 - [TEST_STEP][PASSED] - setText: Text '100' is set on object 'Object Repository/DispensaryToCms/Page_Dispensary Store/input_txttreat'

2018-05-23 09:33:43 - [MESSAGE][PASSED] - Text '100' is set on object 'Object Repository/DispensaryToCms/Page_Dispensary Store/input_txttreat'

2018-05-23 09:33:43 - [TEST_STEP][PASSED] - click: Object: 'Object Repository/DispensaryToCms/Page_Dispensary Store/button_Add' is clicked on

2018-05-23 09:33:43 - [MESSAGE][PASSED] - Object: 'Object Repository/DispensaryToCms/Page_Dispensary Store/button_Add' is clicked on

2018-05-23 09:33:43 - [TEST_STEP][PASSED] - selectOptionByIndex: All options with index in [12] are selected on object 'Object Repository/DispensaryToCms/Page_Dispensary Store/select_--Select--Schedule 1Inj'

2018-05-23 09:33:43 - [MESSAGE][PASSED] - All options with index in [12] are selected on object 'Object Repository/DispensaryToCms/Page_Dispensary Store/select_--Select--Schedule 1Inj'

2018-05-23 09:33:43 - [TEST_STEP][PASSED] - selectOptionByIndex: All options with index in [14] are selected on object 'Object Repository/DispensaryToCms/Page_Dispensary Store/select_--Select--Adernaline 0.'

2018-05-23 09:33:43 - [MESSAGE][PASSED] - All options with index in [14] are selected on object 'Object Repository/DispensaryToCms/Page_Dispensary Store/select_--Select--Adernaline 0.'

2018-05-23 09:33:43 - [TEST_STEP][PASSED] - setText: Text '100' is set on object 'Object Repository/DispensaryToCms/Page_Dispensary Store/input_txttreat'

2018-05-23 09:33:43 - [MESSAGE][PASSED] - Text '100' is set on object 'Object Repository/DispensaryToCms/Page_Dispensary Store/input_txttreat'

2018-05-23 09:33:43 - [TEST_STEP][PASSED] - click: Object: 'Object Repository/DispensaryToCms/Page_Dispensary Store/button_Add' is clicked on

2018-05-23 09:33:43 - [MESSAGE][PASSED] - Object: 'Object Repository/DispensaryToCms/Page_Dispensary Store/button_Add' is clicked on

2018-05-23 09:33:43 - [TEST_STEP][PASSED] - selectOptionByIndex: All options with index in [12] are selected on object 'Object Repository/DispensaryToCms/Page_Dispensary Store/select_--Select--Schedule 1Inj'

2018-05-23 09:33:44 - [MESSAGE][PASSED] - All options with index in [12] are selected on object 'Object Repository/DispensaryToCms/Page_Dispensary Store/select_--Select--Schedule 1Inj'

2018-05-23 09:33:44 - [TEST_STEP][PASSED] - selectOptionByIndex: All options with index in [15] are selected on object 'Object Repository/DispensaryToCms/Page_Dispensary Store/select_--Select--Adernaline 0.'

2018-05-23 09:33:44 - [MESSAGE][PASSED] - All options with index in [15] are selected on object 'Object Repository/DispensaryToCms/Page_Dispensary Store/select_--Select--Adernaline 0.'

2018-05-23 09:33:44 - [TEST_STEP][PASSED] - setText: Text '100' is set on object 'Object Repository/DispensaryToCms/Page_Dispensary Store/input_txttreat'

2018-05-23 09:33:44 - [MESSAGE][PASSED] - Text '100' is set on object 'Object Repository/DispensaryToCms/Page_Dispensary Store/input_txttreat'

2018-05-23 09:33:44 - [TEST_STEP][PASSED] - click: Object: 'Object Repository/DispensaryToCms/Page_Dispensary Store/button_Add' is clicked on

2018-05-23 09:33:44 - [MESSAGE][PASSED] - Object: 'Object Repository/DispensaryToCms/Page_Dispensary Store/button_Add' is clicked on

2018-05-23 09:33:44 - [TEST_STEP][PASSED] - selectOptionByIndex: All options with index in [12] are selected on object 'Object Repository/DispensaryToCms/Page_Dispensary Store/select_--Select--Schedule 1Inj'

2018-05-23 09:33:44 - [MESSAGE][PASSED] - All options with index in [12] are selected on object 'Object Repository/DispensaryToCms/Page_Dispensary Store/select_--Select--Schedule 1Inj'

2018-05-23 09:33:44 - [TEST_STEP][PASSED] - selectOptionByIndex: All options with index in [16] are selected on object 'Object Repository/DispensaryToCms/Page_Dispensary Store/select_--Select--Adernaline 0.'

2018-05-23 09:33:45 - [MESSAGE][PASSED] - All options with index in [16] are selected on object 'Object Repository/DispensaryToCms/Page_Dispensary Store/select_--Select--Adernaline 0.'

2018-05-23 09:33:45 - [TEST_STEP][PASSED] - setText: Text '100' is set on object 'Object Repository/DispensaryToCms/Page_Dispensary Store/input_txttreat'

2018-05-23 09:33:45 - [MESSAGE][PASSED] - Text '100' is set on object 'Object Repository/DispensaryToCms/Page_Dispensary Store/input_txttreat'

2018-05-23 09:33:45 - [TEST_STEP][PASSED] - click: Object: 'Object Repository/DispensaryToCms/Page_Dispensary Store/button_Add' is clicked on

2018-05-23 09:33:45 - [MESSAGE][PASSED] - Object: 'Object Repository/DispensaryToCms/Page_Dispensary Store/button_Add' is clicked on

2018-05-23 09:33:45 - [TEST_STEP][PASSED] - selectOptionByIndex: All options with index in [12] are selected on object 'Object Repository/DispensaryToCms/Page_Dispensary Store/select_--Select--Schedule 1Inj'

2018-05-23 09:33:45 - [MESSAGE][PASSED] - All options with index in [12] are selected on object 'Object Repository/DispensaryToCms/Page_Dispensary Store/select_--Select--Schedule 1Inj'

2018-05-23 09:33:45 - [TEST_STEP][PASSED] - selectOptionByIndex: All options with index in [17] are selected on object 'Object Repository/DispensaryToCms/Page_Dispensary Store/select_--Select--Adernaline 0.'

2018-05-23 09:33:45 - [MESSAGE][PASSED] - All options with index in [17] are selected on object 'Object Repository/DispensaryToCms/Page_Dispensary Store/select_--Select--Adernaline 0.'

2018-05-23 09:33:45 - [TEST_STEP][PASSED] - setText: Text '100' is set on object 'Object Repository/DispensaryToCms/Page_Dispensary Store/input_txttreat'

2018-05-23 09:33:45 - [MESSAGE][PASSED] - Text '100' is set on object 'Object Repository/DispensaryToCms/Page_Dispensary Store/input_txttreat'

2018-05-23 09:33:45 - [TEST_STEP][PASSED] - click: Object: 'Object Repository/DispensaryToCms/Page_Dispensary Store/button_Add' is clicked on

2018-05-23 09:33:45 - [MESSAGE][PASSED] - Object: 'Object Repository/DispensaryToCms/Page_Dispensary Store/button_Add' is clicked on

2018-05-23 09:33:45 - [TEST_STEP][PASSED] - selectOptionByIndex: All options with index in [12] are selected on object 'Object Repository/DispensaryToCms/Page_Dispensary Store/select_--Select--Schedule 1Inj'

2018-05-23 09:33:46 - [MESSAGE][PASSED] - All options with index in [12] are selected on object 'Object Repository/DispensaryToCms/Page_Dispensary Store/select_--Select--Schedule 1Inj'

2018-05-23 09:33:46 - [TEST_STEP][PASSED] - selectOptionByIndex: All options with index in [18] are selected on object 'Object Repository/DispensaryToCms/Page_Dispensary Store/select_--Select--Adernaline 0.'

2018-05-23 09:33:46 - [MESSAGE][PASSED] - All options with index in [18] are selected on object 'Object Repository/DispensaryToCms/Page_Dispensary Store/select_--Select--Adernaline 0.'

2018-05-23 09:33:46 - [TEST_STEP][PASSED] - setText: Text '100' is set on object 'Object Repository/DispensaryToCms/Page_Dispensary Store/input_txttreat'

2018-05-23 09:33:46 - [MESSAGE][PASSED] - Text '100' is set on object 'Object Repository/DispensaryToCms/Page_Dispensary Store/input_txttreat'

2018-05-23 09:33:46 - [TEST_STEP][PASSED] - click: Object: 'Object Repository/DispensaryToCms/Page_Dispensary Store/button_Add' is clicked on

2018-05-23 09:33:46 - [MESSAGE][PASSED] - Object: 'Object Repository/DispensaryToCms/Page_Dispensary Store/button_Add' is clicked on

2018-05-23 09:33:46 - [TEST_STEP][PASSED] - scrollToElement: Scroll to object 'Object Repository/DispensaryToCms/Page_Dispensary Store/input_btnsave' successfully

2018-05-23 09:33:46 - [MESSAGE][PASSED] - Scroll to object 'Object Repository/DispensaryToCms/Page_Dispensary Store/input_btnsave' successfully

2018-05-23 09:33:46 - [TEST_STEP][PASSED] - click: Object: 'Object Repository/DispensaryToCms/Page_Dispensary Store/input_btnsave' is clicked on

2018-05-23 09:33:46 - [MESSAGE][PASSED] - Object: 'Object Repository/DispensaryToCms/Page_Dispensary Store/input_btnsave' is clicked on

2018-05-23 09:33:46 - [TEST_STEP][PASSED] - delay: Delayed 3 second(s)

2018-05-23 09:33:49 - [MESSAGE][PASSED] - Delayed 3 second(s)

2018-05-23 09:33:49 - [TEST_STEP][PASSED] - Statement - RN1 = com.kms.katalon.core.webui.keyword.WebUiBuiltInKeywords.getText(com.kms.katalon.core.testobject.ObjectRepository.findTestObject(DispensaryToCms/Page_Dispensary Store/font_PRNO18052018174)): Text of object 'Object Repository/DispensaryToCms/Page_Dispensary Store/font_PRNO18052018174' is: 'PRNO/23052018/350'

2018-05-23 09:33:49 - [MESSAGE][PASSED] - Text of object 'Object Repository/DispensaryToCms/Page_Dispensary Store/font_PRNO18052018174' is: 'PRNO/23052018/350'

2018-05-23 09:33:49 - [TEST_STEP][PASSED] - Statement - out.println(RN1): null

2018-05-23 09:33:49 - [TEST_STEP][PASSED] - Statement - RID = RN1.split("/")[2]: null

2018-05-23 09:33:49 - [TEST_STEP][PASSED] - click: Object: 'Object Repository/DispensaryToCms/Page_Dispensary Store/button_OK' is clicked on

2018-05-23 09:33:50 - [MESSAGE][PASSED] - Object: 'Object Repository/DispensaryToCms/Page_Dispensary Store/button_OK' is clicked on

2018-05-23 09:33:50 - [TEST_STEP][PASSED] - delay: Delayed 3 second(s)

2018-05-23 09:33:53 - [MESSAGE][PASSED] - Delayed 3 second(s)

2018-05-23 09:33:53 - [TEST_STEP][PASSED] - waitForElementPresent: Object 'Object Repository/DispensaryToStore/Page_Dispensary Store/a_dropdown-toggle' is present

2018-05-23 09:33:53 - [MESSAGE][PASSED] - Object 'Object Repository/DispensaryToStore/Page_Dispensary Store/a_dropdown-toggle' is present

2018-05-23 09:33:53 - [TEST_STEP][PASSED] - click: Object: 'Object Repository/DispensaryToCms/Page_Dispensary Store/a_dropdown-toggle' is clicked on

2018-05-23 09:33:53 - [MESSAGE][PASSED] - Object: 'Object Repository/DispensaryToCms/Page_Dispensary Store/a_dropdown-toggle' is clicked on

2018-05-23 09:33:53 - [TEST_STEP][PASSED] - click: Object: 'Object Repository/DispensaryToCms/Page_Dispensary Store/a_Sign out' is clicked on

2018-05-23 09:33:53 - [MESSAGE][PASSED] - Object: 'Object Repository/DispensaryToCms/Page_Dispensary Store/a_Sign out' is clicked on

2018-05-23 09:33:53 - [TEST_STEP][PASSED] - delay: Delayed 3 second(s)

2018-05-23 09:33:56 - [MESSAGE][PASSED] - Delayed 3 second(s)

2018-05-23 09:33:56 - [TEST_STEP][PASSED] - navigateToUrl: Navigate to 'http://192.168.137.1/multihospital_new/' successfully

2018-05-23 09:33:57 - [MESSAGE][PASSED] - Navigate to 'http://192.168.137.1/multihospital_new/' successfully

2018-05-23 09:33:57 - [TEST_STEP][PASSED] - click: Object: 'Object Repository/DispensaryToCms/Page_KDMC/a_CMO' is clicked on

2018-05-23 09:33:57 - [MESSAGE][PASSED] - Object: 'Object Repository/DispensaryToCms/Page_KDMC/a_CMO' is clicked on

2018-05-23 09:33:57 - [TEST_STEP][PASSED] - setText: Text 'guru' is set on object 'Object Repository/DispensaryToCms/Page_CMO login/input_txtusername'

2018-05-23 09:33:58 - [MESSAGE][PASSED] - Text 'guru' is set on object 'Object Repository/DispensaryToCms/Page_CMO login/input_txtusername'

2018-05-23 09:33:58 - [TEST_STEP][PASSED] - setText: Text '123' is set on object 'Object Repository/DispensaryToCms/Page_CMO login/input_txtpassword'

2018-05-23 09:33:58 - [MESSAGE][PASSED] - Text '123' is set on object 'Object Repository/DispensaryToCms/Page_CMO login/input_txtpassword'

2018-05-23 09:33:58 - [TEST_STEP][PASSED] - delay: Delayed 3 second(s)

2018-05-23 09:34:01 - [MESSAGE][PASSED] - Delayed 3 second(s)

2018-05-23 09:34:01 - [TEST_STEP][PASSED] - click: Object: 'Object Repository/DispensaryToCms/Page_CMO login/button_Sign in' is clicked on

2018-05-23 09:34:01 - [MESSAGE][PASSED] - Object: 'Object Repository/DispensaryToCms/Page_CMO login/button_Sign in' is clicked on

2018-05-23 09:34:01 - [TEST_STEP][PASSED] - delay: Delayed 3 second(s)

2018-05-23 09:34:04 - [MESSAGE][PASSED] - Delayed 3 second(s)

2018-05-23 09:34:04 - [TEST_STEP][PASSED] - click: Object: 'Object Repository/DispensaryToCms/Page_KDMC - CMO/a_CMS Request' is clicked on

2018-05-23 09:34:04 - [MESSAGE][PASSED] - Object: 'Object Repository/DispensaryToCms/Page_KDMC - CMO/a_CMS Request' is clicked on

2018-05-23 09:34:05 - [TEST_STEP][PASSED] - delay: Delayed 2 second(s)

2018-05-23 09:34:07 - [MESSAGE][PASSED] - Delayed 2 second(s)

2018-05-23 09:34:07 - [TEST_STEP][PASSED] - click: Object: 'Object Repository/DispensaryToCms/Page_KDMC - CMO/a_Dispensary Store Request' is clicked on

2018-05-23 09:34:07 - [MESSAGE][PASSED] - Object: 'Object Repository/DispensaryToCms/Page_KDMC - CMO/a_Dispensary Store Request' is clicked on

2018-05-23 09:34:07 - [TEST_STEP][PASSED] - selectOptionByIndex: All options with index in [1] are selected on object 'Object Repository/DispensaryToCms/Page_KDMC - CMO/select_--ALL--'

2018-05-23 09:34:07 - [MESSAGE][PASSED] - All options with index in [1] are selected on object 'Object Repository/DispensaryToCms/Page_KDMC - CMO/select_--ALL--'

2018-05-23 09:34:07 - [TEST_STEP][PASSED] - click: Object: 'Object Repository/DispensaryToCms/Page_KDMC - CMO/input_btnsearch' is clicked on

2018-05-23 09:34:07 - [MESSAGE][PASSED] - Object: 'Object Repository/DispensaryToCms/Page_KDMC - CMO/input_btnsearch' is clicked on

2018-05-23 09:34:07 - [TEST_STEP][PASSED] - Statement - ID = com.kms.katalon.core.webui.keyword.WebUiBuiltInKeywords.modifyObjectProperty(com.kms.katalon.core.testobject.ObjectRepository.findTestObject(lab/Page_KDMC - CMO/input_1), "xpath", "equals", "//*[@id=" + RID + "]", true): Modify property of object successfully

2018-05-23 09:34:07 - [MESSAGE][PASSED] - Modify property of object successfully

2018-05-23 09:34:07 - [TEST_STEP][PASSED] - click: Object: 'Object Repository/lab/Page_KDMC - CMO/input_1' is clicked on

2018-05-23 09:34:08 - [MESSAGE][PASSED] - Object: 'Object Repository/lab/Page_KDMC - CMO/input_1' is clicked on

2018-05-23 09:34:08 - [TEST_STEP][PASSED] - delay: Delayed 2 second(s)

2018-05-23 09:34:10 - [MESSAGE][PASSED] - Delayed 2 second(s)

2018-05-23 09:34:10 - [TEST_STEP][PASSED] - selectOptionByIndex: All options with index in [1] are selected on object 'Object Repository/DispensaryToCms/Page_KDMC - CMO/select_--Select--'

2018-05-23 09:34:10 - [MESSAGE][PASSED] - All options with index in [1] are selected on object 'Object Repository/DispensaryToCms/Page_KDMC - CMO/select_--Select--'

2018-05-23 09:34:10 - [TEST_STEP][PASSED] - click: Object: 'Object Repository/DispensaryToCms/Page_KDMC - CMO/input_btnupdate' is clicked on

2018-05-23 09:34:10 - [MESSAGE][PASSED] - Object: 'Object Repository/DispensaryToCms/Page_KDMC - CMO/input_btnupdate' is clicked on

2018-05-23 09:34:10 - [TEST_STEP][PASSED] - delay: Delayed 2 second(s)

2018-05-23 09:34:12 - [MESSAGE][PASSED] - Delayed 2 second(s)

2018-05-23 09:34:12 - [TEST_STEP][PASSED] - click: Object: 'Object Repository/DispensaryToCms/Page_KDMC - CMO/button_OK' is clicked on

2018-05-23 09:34:13 - [MESSAGE][PASSED] - Object: 'Object Repository/DispensaryToCms/Page_KDMC - CMO/button_OK' is clicked on

2018-05-23 09:34:13 - [TEST_STEP][PASSED] - delay: Delayed 3 second(s)

2018-05-23 09:34:16 - [MESSAGE][PASSED] - Delayed 3 second(s)

2018-05-23 09:34:16 - [TEST_STEP][PASSED] - waitForElementPresent: Object 'Object Repository/DispensaryToStore/Page_Dispensary Store/a_dropdown-toggle' is not present after 20 second(s)

2018-05-23 09:34:36 - [MESSAGE][WARNING] - Object 'Object Repository/DispensaryToStore/Page_Dispensary Store/a_dropdown-toggle' is not present after 20 second(s)

2018-05-23 09:34:36 - [TEST_STEP][PASSED] - click: Object: 'Object Repository/DispensaryToCms/Page_KDMC - CMO/a_dropdown-toggle' is clicked on

2018-05-23 09:34:37 - [MESSAGE][PASSED] - Object: 'Object Repository/DispensaryToCms/Page_KDMC - CMO/a_dropdown-toggle' is clicked on

2018-05-23 09:34:37 - [TEST_STEP][PASSED] - click: Object: 'Object Repository/DispensaryToCms/Page_KDMC - CMO/a_Sign out' is clicked on

2018-05-23 09:34:37 - [MESSAGE][PASSED] - Object: 'Object Repository/DispensaryToCms/Page_KDMC - CMO/a_Sign out' is clicked on

2018-05-23 09:34:37 - [TEST_STEP][PASSED] - delay: Delayed 3 second(s)

2018-05-23 09:34:40 - [MESSAGE][PASSED] - Delayed 3 second(s)

2018-05-23 09:34:40 - [TEST_STEP][PASSED] - click: Object: 'Object Repository/DispensaryToCms/Page_KDMC/a_CMS' is clicked on

2018-05-23 09:34:41 - [MESSAGE][PASSED] - Object: 'Object Repository/DispensaryToCms/Page_KDMC/a_CMS' is clicked on

2018-05-23 09:34:41 - [TEST_STEP][PASSED] - setText: Text 'bala' is set on object 'Object Repository/DispensaryToCms/Page_CMS login/input_txtusername'

2018-05-23 09:34:41 - [MESSAGE][PASSED] - Text 'bala' is set on object 'Object Repository/DispensaryToCms/Page_CMS login/input_txtusername'

2018-05-23 09:34:41 - [TEST_STEP][PASSED] - setText: Text '123' is set on object 'Object Repository/DispensaryToCms/Page_CMS login/input_txtpassword'

2018-05-23 09:34:41 - [MESSAGE][PASSED] - Text '123' is set on object 'Object Repository/DispensaryToCms/Page_CMS login/input_txtpassword'

2018-05-23 09:34:41 - [TEST_STEP][PASSED] - delay: Delayed 3 second(s)

2018-05-23 09:34:44 - [MESSAGE][PASSED] - Delayed 3 second(s)

2018-05-23 09:34:44 - [TEST_STEP][PASSED] - click: Object: 'Object Repository/DispensaryToCms/Page_CMS login/button_Sign in' is clicked on

2018-05-23 09:34:45 - [MESSAGE][PASSED] - Object: 'Object Repository/DispensaryToCms/Page_CMS login/button_Sign in' is clicked on

2018-05-23 09:34:45 - [TEST_STEP][PASSED] - delay: Delayed 3 second(s)

2018-05-23 09:34:48 - [MESSAGE][PASSED] - Delayed 3 second(s)

2018-05-23 09:34:48 - [TEST_STEP][PASSED] - click: Object: 'Object Repository/DispensaryToCms/Page_KDMC - CMS/a_Divisional Store' is clicked on

2018-05-23 09:34:48 - [MESSAGE][PASSED] - Object: 'Object Repository/DispensaryToCms/Page_KDMC - CMS/a_Divisional Store' is clicked on

2018-05-23 09:34:48 - [TEST_STEP][PASSED] - delay: Delayed 2 second(s)

2018-05-23 09:34:50 - [MESSAGE][PASSED] - Delayed 2 second(s)

2018-05-23 09:34:50 - [TEST_STEP][PASSED] - click: Object: 'Object Repository/DispensaryToCms/Page_KDMC - CMS/a_Dispatch Items' is clicked on

2018-05-23 09:34:50 - [MESSAGE][PASSED] - Object: 'Object Repository/DispensaryToCms/Page_KDMC - CMS/a_Dispatch Items' is clicked on

2018-05-23 09:34:50 - [TEST_STEP][PASSED] - delay: Delayed 2 second(s)

2018-05-23 09:34:52 - [MESSAGE][PASSED] - Delayed 2 second(s)

2018-05-23 09:34:52 - [TEST_STEP][PASSED] - setText: Text 'PRNO/23052018/350' is set on object 'Object Repository/DispensaryToCms/Page_KDMC - CMS/input'

2018-05-23 09:34:53 - [MESSAGE][PASSED] - Text 'PRNO/23052018/350' is set on object 'Object Repository/DispensaryToCms/Page_KDMC - CMS/input'

2018-05-23 09:34:53 - [TEST_STEP][PASSED] - click: Object: 'Object Repository/DispensaryToCms/Page_KDMC - CMS/input_PRNO18052018174' is clicked on

2018-05-23 09:34:53 - [MESSAGE][PASSED] - Object: 'Object Repository/DispensaryToCms/Page_KDMC - CMS/input_PRNO18052018174' is clicked on

2018-05-23 09:34:53 - [TEST_STEP][PASSED] - Statement - out.println("Length : " + medicineslength): null

2018-05-23 09:34:53 - [TEST_STEP][PASSED] - Statement - For ([row = 0, row < medicineslength - 1, (row++)]): null

2018-05-23 09:34:53 - [TEST_STEP][PASSED] - Statement - batchlength = new com.kms.katalon.core.testobject.TestObject(): null

2018-05-23 09:34:53 - [TEST_STEP][PASSED] - Statement - batchlength = com.kms.katalon.core.webui.keyword.WebUiBuiltInKeywords.modifyObjectProperty(batchlength, "xpath", "equals", "//*[@id = "fldvendor" + row + ""]", true): Modify property of object successfully

2018-05-23 09:34:53 - [MESSAGE][PASSED] - Modify property of object successfully

2018-05-23 09:34:53 - [TEST_STEP][PASSED] - Statement - batchsize = com.kms.katalon.core.webui.keyword.WebUiBuiltInKeywords.getNumberOfTotalOption(batchlength): 8 options of object '' counted

2018-05-23 09:34:53 - [MESSAGE][PASSED] - 8 options of object '' counted

2018-05-23 09:34:53 - [TEST_STEP][PASSED] - Statement - out.println("BatchSize : " + batchsize): null

2018-05-23 09:34:53 - [TEST_STEP][PASSED] - Statement - For ([n = 1, n <= batchsize - 1, (n++)]): null

2018-05-23 09:34:53 - [TEST_STEP][PASSED] - Statement - product = new com.kms.katalon.core.testobject.TestObject(): null

2018-05-23 09:34:53 - [TEST_STEP][PASSED] - Statement - product = com.kms.katalon.core.webui.keyword.WebUiBuiltInKeywords.modifyObjectProperty(product, "xpath", "equals", "//*[@id = "fldvendor" + row + ""]", true): Modify property of object successfully

2018-05-23 09:34:53 - [MESSAGE][PASSED] - Modify property of object successfully

2018-05-23 09:34:53 - [TEST_STEP][PASSED] - selectOptionByIndex: All options with index in [1] are selected on object ''

2018-05-23 09:34:53 - [MESSAGE][PASSED] - All options with index in [1] are selected on object ''

2018-05-23 09:34:53 - [TEST_STEP][PASSED] - Statement - batch = new com.kms.katalon.core.testobject.TestObject(): null

2018-05-23 09:34:53 - [TEST_STEP][PASSED] - Statement - batch = com.kms.katalon.core.webui.keyword.WebUiBuiltInKeywords.modifyObjectProperty(batch, "xpath", "equals", "//*[@id = "txtbthqty" + row + ""]", true): Modify property of object successfully

2018-05-23 09:34:53 - [MESSAGE][PASSED] - Modify property of object successfully

2018-05-23 09:34:53 - [TEST_STEP][PASSED] - Statement - batchqty = com.kms.katalon.core.webui.keyword.WebUiBuiltInKeywords.getAttribute(batch, "value").trim(): Attribute 'value' of object '' is: '39500'

2018-05-23 09:34:53 - [MESSAGE][PASSED] - Attribute 'value' of object '' is: '39500'

2018-05-23 09:34:53 - [TEST_STEP][PASSED] - Statement - Rqty = 100: null

2018-05-23 09:34:53 - [TEST_STEP][PASSED] - delay: Delayed 2 second(s)

2018-05-23 09:34:55 - [MESSAGE][PASSED] - Delayed 2 second(s)

2018-05-23 09:34:55 - [TEST_STEP][PASSED] - Statement - out.println("BatchQty : " + batchqty): null

2018-05-23 09:34:55 - [TEST_STEP][PASSED] - Statement - out.println("RQty : " + Rqty): null

2018-05-23 09:34:55 - [TEST_STEP][PASSED] - Statement - If (java.lang.Integer.valueOf(batchqty) >= java.lang.Integer.valueOf(Rqty)): null

2018-05-23 09:34:55 - [TEST_STEP][PASSED] - Statement - Break: null

2018-05-23 09:34:55 - [TEST_STEP][PASSED] - Statement - batchlength = new com.kms.katalon.core.testobject.TestObject(): null

2018-05-23 09:34:55 - [TEST_STEP][PASSED] - Statement - batchlength = com.kms.katalon.core.webui.keyword.WebUiBuiltInKeywords.modifyObjectProperty(batchlength, "xpath", "equals", "//*[@id = "fldvendor" + row + ""]", true): Modify property of object successfully

2018-05-23 09:34:55 - [MESSAGE][PASSED] - Modify property of object successfully

2018-05-23 09:34:55 - [TEST_STEP][PASSED] - Statement - batchsize = com.kms.katalon.core.webui.keyword.WebUiBuiltInKeywords.getNumberOfTotalOption(batchlength): 8 options of object '' counted

2018-05-23 09:34:55 - [MESSAGE][PASSED] - 8 options of object '' counted

2018-05-23 09:34:55 - [TEST_STEP][PASSED] - Statement - out.println("BatchSize : " + batchsize): null

2018-05-23 09:34:55 - [TEST_STEP][PASSED] - Statement - For ([n = 1, n <= batchsize - 1, (n++)]): null

2018-05-23 09:34:55 - [TEST_STEP][PASSED] - Statement - product = new com.kms.katalon.core.testobject.TestObject(): null

2018-05-23 09:34:55 - [TEST_STEP][PASSED] - Statement - product = com.kms.katalon.core.webui.keyword.WebUiBuiltInKeywords.modifyObjectProperty(product, "xpath", "equals", "//*[@id = "fldvendor" + row + ""]", true): Modify property of object successfully

2018-05-23 09:34:55 - [MESSAGE][PASSED] - Modify property of object successfully

2018-05-23 09:34:55 - [TEST_STEP][PASSED] - selectOptionByIndex: All options with index in [1] are selected on object ''

2018-05-23 09:34:56 - [MESSAGE][PASSED] - All options with index in [1] are selected on object ''

2018-05-23 09:34:56 - [TEST_STEP][PASSED] - Statement - batch = new com.kms.katalon.core.testobject.TestObject(): null

2018-05-23 09:34:56 - [TEST_STEP][PASSED] - Statement - batch = com.kms.katalon.core.webui.keyword.WebUiBuiltInKeywords.modifyObjectProperty(batch, "xpath", "equals", "//*[@id = "txtbthqty" + row + ""]", true): Modify property of object successfully

2018-05-23 09:34:56 - [MESSAGE][PASSED] - Modify property of object successfully

2018-05-23 09:34:56 - [TEST_STEP][PASSED] - Statement - batchqty = com.kms.katalon.core.webui.keyword.WebUiBuiltInKeywords.getAttribute(batch, "value").trim(): Attribute 'value' of object '' is: '38300'

2018-05-23 09:34:56 - [MESSAGE][PASSED] - Attribute 'value' of object '' is: '38300'

2018-05-23 09:34:56 - [TEST_STEP][PASSED] - Statement - Rqty = 100: null

2018-05-23 09:34:56 - [TEST_STEP][PASSED] - delay: Delayed 2 second(s)

2018-05-23 09:34:58 - [MESSAGE][PASSED] - Delayed 2 second(s)

2018-05-23 09:34:58 - [TEST_STEP][PASSED] - Statement - out.println("BatchQty : " + batchqty): null

2018-05-23 09:34:58 - [TEST_STEP][PASSED] - Statement - out.println("RQty : " + Rqty): null

2018-05-23 09:34:58 - [TEST_STEP][PASSED] - Statement - If (java.lang.Integer.valueOf(batchqty) >= java.lang.Integer.valueOf(Rqty)): null

2018-05-23 09:34:58 - [TEST_STEP][PASSED] - Statement - Break: null

2018-05-23 09:34:58 - [TEST_STEP][PASSED] - Statement - batchlength = new com.kms.katalon.core.testobject.TestObject(): null

2018-05-23 09:34:58 - [TEST_STEP][PASSED] - Statement - batchlength = com.kms.katalon.core.webui.keyword.WebUiBuiltInKeywords.modifyObjectProperty(batchlength, "xpath", "equals", "//*[@id = "fldvendor" + row + ""]", true): Modify property of object successfully

2018-05-23 09:34:58 - [MESSAGE][PASSED] - Modify property of object successfully

2018-05-23 09:34:58 - [TEST_STEP][PASSED] - Statement - batchsize = com.kms.katalon.core.webui.keyword.WebUiBuiltInKeywords.getNumberOfTotalOption(batchlength): 8 options of object '' counted

2018-05-23 09:34:58 - [MESSAGE][PASSED] - 8 options of object '' counted

2018-05-23 09:34:58 - [TEST_STEP][PASSED] - Statement - out.println("BatchSize : " + batchsize): null

2018-05-23 09:34:58 - [TEST_STEP][PASSED] - Statement - For ([n = 1, n <= batchsize - 1, (n++)]): null

2018-05-23 09:34:58 - [TEST_STEP][PASSED] - Statement - product = new com.kms.katalon.core.testobject.TestObject(): null

2018-05-23 09:34:58 - [TEST_STEP][PASSED] - Statement - product = com.kms.katalon.core.webui.keyword.WebUiBuiltInKeywords.modifyObjectProperty(product, "xpath", "equals", "//*[@id = "fldvendor" + row + ""]", true): Modify property of object successfully

2018-05-23 09:34:58 - [MESSAGE][PASSED] - Modify property of object successfully

2018-05-23 09:34:58 - [TEST_STEP][PASSED] - selectOptionByIndex: All options with index in [1] are selected on object ''

2018-05-23 09:34:58 - [MESSAGE][PASSED] - All options with index in [1] are selected on object ''

2018-05-23 09:34:58 - [TEST_STEP][PASSED] - Statement - batch = new com.kms.katalon.core.testobject.TestObject(): null

2018-05-23 09:34:58 - [TEST_STEP][PASSED] - Statement - batch = com.kms.katalon.core.webui.keyword.WebUiBuiltInKeywords.modifyObjectProperty(batch, "xpath", "equals", "//*[@id = "txtbthqty" + row + ""]", true): Modify property of object successfully

2018-05-23 09:34:58 - [MESSAGE][PASSED] - Modify property of object successfully

2018-05-23 09:34:58 - [TEST_STEP][PASSED] - Statement - batchqty = com.kms.katalon.core.webui.keyword.WebUiBuiltInKeywords.getAttribute(batch, "value").trim(): Attribute 'value' of object '' is: '49500'

2018-05-23 09:34:58 - [MESSAGE][PASSED] - Attribute 'value' of object '' is: '49500'

2018-05-23 09:34:58 - [TEST_STEP][PASSED] - Statement - Rqty = 100: null

2018-05-23 09:34:58 - [TEST_STEP][PASSED] - delay: Delayed 2 second(s)

2018-05-23 09:35:00 - [MESSAGE][PASSED] - Delayed 2 second(s)

2018-05-23 09:35:00 - [TEST_STEP][PASSED] - Statement - out.println("BatchQty : " + batchqty): null

2018-05-23 09:35:00 - [TEST_STEP][PASSED] - Statement - out.println("RQty : " + Rqty): null

2018-05-23 09:35:00 - [TEST_STEP][PASSED] - Statement - If (java.lang.Integer.valueOf(batchqty) >= java.lang.Integer.valueOf(Rqty)): null

2018-05-23 09:35:00 - [TEST_STEP][PASSED] - Statement - Break: null

2018-05-23 09:35:00 - [TEST_STEP][PASSED] - Statement - batchlength = new com.kms.katalon.core.testobject.TestObject(): null

2018-05-23 09:35:00 - [TEST_STEP][PASSED] - Statement - batchlength = com.kms.katalon.core.webui.keyword.WebUiBuiltInKeywords.modifyObjectProperty(batchlength, "xpath", "equals", "//*[@id = "fldvendor" + row + ""]", true): Modify property of object successfully

2018-05-23 09:35:00 - [MESSAGE][PASSED] - Modify property of object successfully

2018-05-23 09:35:00 - [TEST_STEP][PASSED] - Statement - batchsize = com.kms.katalon.core.webui.keyword.WebUiBuiltInKeywords.getNumberOfTotalOption(batchlength): 8 options of object '' counted

2018-05-23 09:35:00 - [MESSAGE][PASSED] - 8 options of object '' counted

2018-05-23 09:35:00 - [TEST_STEP][PASSED] - Statement - out.println("BatchSize : " + batchsize): null

2018-05-23 09:35:00 - [TEST_STEP][PASSED] - Statement - For ([n = 1, n <= batchsize - 1, (n++)]): null

2018-05-23 09:35:00 - [TEST_STEP][PASSED] - Statement - product = new com.kms.katalon.core.testobject.TestObject(): null

2018-05-23 09:35:00 - [TEST_STEP][PASSED] - Statement - product = com.kms.katalon.core.webui.keyword.WebUiBuiltInKeywords.modifyObjectProperty(product, "xpath", "equals", "//*[@id = "fldvendor" + row + ""]", true): Modify property of object successfully

2018-05-23 09:35:00 - [MESSAGE][PASSED] - Modify property of object successfully

2018-05-23 09:35:00 - [TEST_STEP][PASSED] - selectOptionByIndex: All options with index in [1] are selected on object ''

2018-05-23 09:35:00 - [MESSAGE][PASSED] - All options with index in [1] are selected on object ''

2018-05-23 09:35:00 - [TEST_STEP][PASSED] - Statement - batch = new com.kms.katalon.core.testobject.TestObject(): null

2018-05-23 09:35:00 - [TEST_STEP][PASSED] - Statement - batch = com.kms.katalon.core.webui.keyword.WebUiBuiltInKeywords.modifyObjectProperty(batch, "xpath", "equals", "//*[@id = "txtbthqty" + row + ""]", true): Modify property of object successfully

2018-05-23 09:35:00 - [MESSAGE][PASSED] - Modify property of object successfully

2018-05-23 09:35:00 - [TEST_STEP][PASSED] - Statement - batchqty = com.kms.katalon.core.webui.keyword.WebUiBuiltInKeywords.getAttribute(batch, "value").trim(): Attribute 'value' of object '' is: '49500'

2018-05-23 09:35:00 - [MESSAGE][PASSED] - Attribute 'value' of object '' is: '49500'

2018-05-23 09:35:00 - [TEST_STEP][PASSED] - Statement - Rqty = 100: null

2018-05-23 09:35:00 - [TEST_STEP][PASSED] - delay: Delayed 2 second(s)

2018-05-23 09:35:02 - [MESSAGE][PASSED] - Delayed 2 second(s)

2018-05-23 09:35:02 - [TEST_STEP][PASSED] - Statement - out.println("BatchQty : " + batchqty): null

2018-05-23 09:35:02 - [TEST_STEP][PASSED] - Statement - out.println("RQty : " + Rqty): null

2018-05-23 09:35:02 - [TEST_STEP][PASSED] - Statement - If (java.lang.Integer.valueOf(batchqty) >= java.lang.Integer.valueOf(Rqty)): null

2018-05-23 09:35:02 - [TEST_STEP][PASSED] - Statement - Break: null

2018-05-23 09:35:02 - [TEST_STEP][PASSED] - Statement - batchlength = new com.kms.katalon.core.testobject.TestObject(): null

2018-05-23 09:35:02 - [TEST_STEP][PASSED] - Statement - batchlength = com.kms.katalon.core.webui.keyword.WebUiBuiltInKeywords.modifyObjectProperty(batchlength, "xpath", "equals", "//*[@id = "fldvendor" + row + ""]", true): Modify property of object successfully

2018-05-23 09:35:02 - [MESSAGE][PASSED] - Modify property of object successfully

2018-05-23 09:35:02 - [TEST_STEP][PASSED] - Statement - batchsize = com.kms.katalon.core.webui.keyword.WebUiBuiltInKeywords.getNumberOfTotalOption(batchlength): 8 options of object '' counted

2018-05-23 09:35:02 - [MESSAGE][PASSED] - 8 options of object '' counted

2018-05-23 09:35:02 - [TEST_STEP][PASSED] - Statement - out.println("BatchSize : " + batchsize): null

2018-05-23 09:35:02 - [TEST_STEP][PASSED] - Statement - For ([n = 1, n <= batchsize - 1, (n++)]): null

2018-05-23 09:35:02 - [TEST_STEP][PASSED] - Statement - product = new com.kms.katalon.core.testobject.TestObject(): null

2018-05-23 09:35:02 - [TEST_STEP][PASSED] - Statement - product = com.kms.katalon.core.webui.keyword.WebUiBuiltInKeywords.modifyObjectProperty(product, "xpath", "equals", "//*[@id = "fldvendor" + row + ""]", true): Modify property of object successfully

2018-05-23 09:35:02 - [MESSAGE][PASSED] - Modify property of object successfully

2018-05-23 09:35:02 - [TEST_STEP][PASSED] - selectOptionByIndex: All options with index in [1] are selected on object ''

2018-05-23 09:35:02 - [MESSAGE][PASSED] - All options with index in [1] are selected on object ''

2018-05-23 09:35:02 - [TEST_STEP][PASSED] - Statement - batch = new com.kms.katalon.core.testobject.TestObject(): null

2018-05-23 09:35:02 - [TEST_STEP][PASSED] - Statement - batch = com.kms.katalon.core.webui.keyword.WebUiBuiltInKeywords.modifyObjectProperty(batch, "xpath", "equals", "//*[@id = "txtbthqty" + row + ""]", true): Modify property of object successfully

2018-05-23 09:35:02 - [MESSAGE][PASSED] - Modify property of object successfully

2018-05-23 09:35:02 - [TEST_STEP][PASSED] - Statement - batchqty = com.kms.katalon.core.webui.keyword.WebUiBuiltInKeywords.getAttribute(batch, "value").trim(): Attribute 'value' of object '' is: '49500'

2018-05-23 09:35:02 - [MESSAGE][PASSED] - Attribute 'value' of object '' is: '49500'

2018-05-23 09:35:02 - [TEST_STEP][PASSED] - Statement - Rqty = 100: null

2018-05-23 09:35:02 - [TEST_STEP][PASSED] - delay: Delayed 2 second(s)

2018-05-23 09:35:04 - [MESSAGE][PASSED] - Delayed 2 second(s)

2018-05-23 09:35:04 - [TEST_STEP][PASSED] - Statement - out.println("BatchQty : " + batchqty): null

2018-05-23 09:35:04 - [TEST_STEP][PASSED] - Statement - out.println("RQty : " + Rqty): null

2018-05-23 09:35:04 - [TEST_STEP][PASSED] - Statement - If (java.lang.Integer.valueOf(batchqty) >= java.lang.Integer.valueOf(Rqty)): null

2018-05-23 09:35:04 - [TEST_STEP][PASSED] - Statement - Break: null

2018-05-23 09:35:04 - [TEST_STEP][PASSED] - Statement - batchlength = new com.kms.katalon.core.testobject.TestObject(): null

2018-05-23 09:35:04 - [TEST_STEP][PASSED] - Statement - batchlength = com.kms.katalon.core.webui.keyword.WebUiBuiltInKeywords.modifyObjectProperty(batchlength, "xpath", "equals", "//*[@id = "fldvendor" + row + ""]", true): Modify property of object successfully

2018-05-23 09:35:04 - [MESSAGE][PASSED] - Modify property of object successfully

2018-05-23 09:35:04 - [TEST_STEP][PASSED] - Statement - batchsize = com.kms.katalon.core.webui.keyword.WebUiBuiltInKeywords.getNumberOfTotalOption(batchlength): 8 options of object '' counted

2018-05-23 09:35:05 - [MESSAGE][PASSED] - 8 options of object '' counted

2018-05-23 09:35:05 - [TEST_STEP][PASSED] - Statement - out.println("BatchSize : " + batchsize): null

2018-05-23 09:35:05 - [TEST_STEP][PASSED] - Statement - For ([n = 1, n <= batchsize - 1, (n++)]): null

2018-05-23 09:35:05 - [TEST_STEP][PASSED] - Statement - product = new com.kms.katalon.core.testobject.TestObject(): null

2018-05-23 09:35:05 - [TEST_STEP][PASSED] - Statement - product = com.kms.katalon.core.webui.keyword.WebUiBuiltInKeywords.modifyObjectProperty(product, "xpath", "equals", "//*[@id = "fldvendor" + row + ""]", true): Modify property of object successfully

2018-05-23 09:35:05 - [MESSAGE][PASSED] - Modify property of object successfully

2018-05-23 09:35:05 - [TEST_STEP][PASSED] - selectOptionByIndex: All options with index in [1] are selected on object ''

2018-05-23 09:35:05 - [MESSAGE][PASSED] - All options with index in [1] are selected on object ''

2018-05-23 09:35:05 - [TEST_STEP][PASSED] - Statement - batch = new com.kms.katalon.core.testobject.TestObject(): null

2018-05-23 09:35:05 - [TEST_STEP][PASSED] - Statement - batch = com.kms.katalon.core.webui.keyword.WebUiBuiltInKeywords.modifyObjectProperty(batch, "xpath", "equals", "//*[@id = "txtbthqty" + row + ""]", true): Modify property of object successfully

2018-05-23 09:35:05 - [MESSAGE][PASSED] - Modify property of object successfully

2018-05-23 09:35:05 - [TEST_STEP][PASSED] - Statement - batchqty = com.kms.katalon.core.webui.keyword.WebUiBuiltInKeywords.getAttribute(batch, "value").trim(): Attribute 'value' of object '' is: '49500'

2018-05-23 09:35:05 - [MESSAGE][PASSED] - Attribute 'value' of object '' is: '49500'

2018-05-23 09:35:05 - [TEST_STEP][PASSED] - Statement - Rqty = 100: null

2018-05-23 09:35:05 - [TEST_STEP][PASSED] - delay: Delayed 2 second(s)

2018-05-23 09:35:07 - [MESSAGE][PASSED] - Delayed 2 second(s)

2018-05-23 09:35:07 - [TEST_STEP][PASSED] - Statement - out.println("BatchQty : " + batchqty): null

2018-05-23 09:35:07 - [TEST_STEP][PASSED] - Statement - out.println("RQty : " + Rqty): null

2018-05-23 09:35:07 - [TEST_STEP][PASSED] - Statement - If (java.lang.Integer.valueOf(batchqty) >= java.lang.Integer.valueOf(Rqty)): null

2018-05-23 09:35:07 - [TEST_STEP][PASSED] - Statement - Break: null

2018-05-23 09:35:07 - [TEST_STEP][PASSED] - Statement - batchlength = new com.kms.katalon.core.testobject.TestObject(): null

2018-05-23 09:35:07 - [TEST_STEP][PASSED] - Statement - batchlength = com.kms.katalon.core.webui.keyword.WebUiBuiltInKeywords.modifyObjectProperty(batchlength, "xpath", "equals", "//*[@id = "fldvendor" + row + ""]", true): Modify property of object successfully

2018-05-23 09:35:07 - [MESSAGE][PASSED] - Modify property of object successfully

2018-05-23 09:35:07 - [TEST_STEP][PASSED] - Statement - batchsize = com.kms.katalon.core.webui.keyword.WebUiBuiltInKeywords.getNumberOfTotalOption(batchlength): 8 options of object '' counted

2018-05-23 09:35:07 - [MESSAGE][PASSED] - 8 options of object '' counted

2018-05-23 09:35:07 - [TEST_STEP][PASSED] - Statement - out.println("BatchSize : " + batchsize): null

2018-05-23 09:35:07 - [TEST_STEP][PASSED] - Statement - For ([n = 1, n <= batchsize - 1, (n++)]): null

2018-05-23 09:35:07 - [TEST_STEP][PASSED] - Statement - product = new com.kms.katalon.core.testobject.TestObject(): null

2018-05-23 09:35:07 - [TEST_STEP][PASSED] - Statement - product = com.kms.katalon.core.webui.keyword.WebUiBuiltInKeywords.modifyObjectProperty(product, "xpath", "equals", "//*[@id = "fldvendor" + row + ""]", true): Modify property of object successfully

2018-05-23 09:35:07 - [MESSAGE][PASSED] - Modify property of object successfully

2018-05-23 09:35:07 - [TEST_STEP][PASSED] - selectOptionByIndex: All options with index in [1] are selected on object ''

2018-05-23 09:35:07 - [MESSAGE][PASSED] - All options with index in [1] are selected on object ''

2018-05-23 09:35:07 - [TEST_STEP][PASSED] - Statement - batch = new com.kms.katalon.core.testobject.TestObject(): null

2018-05-23 09:35:07 - [TEST_STEP][PASSED] - Statement - batch = com.kms.katalon.core.webui.keyword.WebUiBuiltInKeywords.modifyObjectProperty(batch, "xpath", "equals", "//*[@id = "txtbthqty" + row + ""]", true): Modify property of object successfully

2018-05-23 09:35:07 - [MESSAGE][PASSED] - Modify property of object successfully

2018-05-23 09:35:07 - [TEST_STEP][PASSED] - Statement - batchqty = com.kms.katalon.core.webui.keyword.WebUiBuiltInKeywords.getAttribute(batch, "value").trim(): Attribute 'value' of object '' is: '49500'

2018-05-23 09:35:07 - [MESSAGE][PASSED] - Attribute 'value' of object '' is: '49500'

2018-05-23 09:35:07 - [TEST_STEP][PASSED] - Statement - Rqty = 100: null

2018-05-23 09:35:07 - [TEST_STEP][PASSED] - delay: Delayed 2 second(s)

2018-05-23 09:35:09 - [MESSAGE][PASSED] - Delayed 2 second(s)

2018-05-23 09:35:09 - [TEST_STEP][PASSED] - Statement - out.println("BatchQty : " + batchqty): null

2018-05-23 09:35:09 - [TEST_STEP][PASSED] - Statement - out.println("RQty : " + Rqty): null

2018-05-23 09:35:09 - [TEST_STEP][PASSED] - Statement - If (java.lang.Integer.valueOf(batchqty) >= java.lang.Integer.valueOf(Rqty)): null

2018-05-23 09:35:09 - [TEST_STEP][PASSED] - Statement - Break: null

2018-05-23 09:35:09 - [TEST_STEP][PASSED] - Statement - batchlength = new com.kms.katalon.core.testobject.TestObject(): null

2018-05-23 09:35:09 - [TEST_STEP][PASSED] - Statement - batchlength = com.kms.katalon.core.webui.keyword.WebUiBuiltInKeywords.modifyObjectProperty(batchlength, "xpath", "equals", "//*[@id = "fldvendor" + row + ""]", true): Modify property of object successfully

2018-05-23 09:35:09 - [MESSAGE][PASSED] - Modify property of object successfully

2018-05-23 09:35:09 - [TEST_STEP][PASSED] - Statement - batchsize = com.kms.katalon.core.webui.keyword.WebUiBuiltInKeywords.getNumberOfTotalOption(batchlength): 8 options of object '' counted

2018-05-23 09:35:09 - [MESSAGE][PASSED] - 8 options of object '' counted

2018-05-23 09:35:09 - [TEST_STEP][PASSED] - Statement - out.println("BatchSize : " + batchsize): null

2018-05-23 09:35:09 - [TEST_STEP][PASSED] - Statement - For ([n = 1, n <= batchsize - 1, (n++)]): null

2018-05-23 09:35:09 - [TEST_STEP][PASSED] - Statement - product = new com.kms.katalon.core.testobject.TestObject(): null

2018-05-23 09:35:09 - [TEST_STEP][PASSED] - Statement - product = com.kms.katalon.core.webui.keyword.WebUiBuiltInKeywords.modifyObjectProperty(product, "xpath", "equals", "//*[@id = "fldvendor" + row + ""]", true): Modify property of object successfully

2018-05-23 09:35:09 - [MESSAGE][PASSED] - Modify property of object successfully

2018-05-23 09:35:09 - [TEST_STEP][PASSED] - selectOptionByIndex: All options with index in [1] are selected on object ''

2018-05-23 09:35:09 - [MESSAGE][PASSED] - All options with index in [1] are selected on object ''

2018-05-23 09:35:09 - [TEST_STEP][PASSED] - Statement - batch = new com.kms.katalon.core.testobject.TestObject(): null

2018-05-23 09:35:09 - [TEST_STEP][PASSED] - Statement - batch = com.kms.katalon.core.webui.keyword.WebUiBuiltInKeywords.modifyObjectProperty(batch, "xpath", "equals", "//*[@id = "txtbthqty" + row + ""]", true): Modify property of object successfully

2018-05-23 09:35:09 - [MESSAGE][PASSED] - Modify property of object successfully

2018-05-23 09:35:09 - [TEST_STEP][PASSED] - Statement - batchqty = com.kms.katalon.core.webui.keyword.WebUiBuiltInKeywords.getAttribute(batch, "value").trim(): Attribute 'value' of object '' is: '38500'

2018-05-23 09:35:09 - [MESSAGE][PASSED] - Attribute 'value' of object '' is: '38500'

2018-05-23 09:35:09 - [TEST_STEP][PASSED] - Statement - Rqty = 100: null

2018-05-23 09:35:09 - [TEST_STEP][PASSED] - delay: Delayed 2 second(s)

2018-05-23 09:35:11 - [MESSAGE][PASSED] - Delayed 2 second(s)

2018-05-23 09:35:11 - [TEST_STEP][PASSED] - Statement - out.println("BatchQty : " + batchqty): null

2018-05-23 09:35:11 - [TEST_STEP][PASSED] - Statement - out.println("RQty : " + Rqty): null

2018-05-23 09:35:11 - [TEST_STEP][PASSED] - Statement - If (java.lang.Integer.valueOf(batchqty) >= java.lang.Integer.valueOf(Rqty)): null

2018-05-23 09:35:11 - [TEST_STEP][PASSED] - Statement - Break: null

2018-05-23 09:35:11 - [TEST_STEP][PASSED] - Statement - batchlength = new com.kms.katalon.core.testobject.TestObject(): null

2018-05-23 09:35:11 - [TEST_STEP][PASSED] - Statement - batchlength = com.kms.katalon.core.webui.keyword.WebUiBuiltInKeywords.modifyObjectProperty(batchlength, "xpath", "equals", "//*[@id = "fldvendor" + row + ""]", true): Modify property of object successfully

2018-05-23 09:35:11 - [MESSAGE][PASSED] - Modify property of object successfully

2018-05-23 09:35:11 - [TEST_STEP][PASSED] - Statement - batchsize = com.kms.katalon.core.webui.keyword.WebUiBuiltInKeywords.getNumberOfTotalOption(batchlength): 8 options of object '' counted

2018-05-23 09:35:11 - [MESSAGE][PASSED] - 8 options of object '' counted

2018-05-23 09:35:11 - [TEST_STEP][PASSED] - Statement - out.println("BatchSize : " + batchsize): null

2018-05-23 09:35:11 - [TEST_STEP][PASSED] - Statement - For ([n = 1, n <= batchsize - 1, (n++)]): null

2018-05-23 09:35:11 - [TEST_STEP][PASSED] - Statement - product = new com.kms.katalon.core.testobject.TestObject(): null

2018-05-23 09:35:11 - [TEST_STEP][PASSED] - Statement - product = com.kms.katalon.core.webui.keyword.WebUiBuiltInKeywords.modifyObjectProperty(product, "xpath", "equals", "//*[@id = "fldvendor" + row + ""]", true): Modify property of object successfully

2018-05-23 09:35:11 - [MESSAGE][PASSED] - Modify property of object successfully

2018-05-23 09:35:11 - [TEST_STEP][PASSED] - selectOptionByIndex: All options with index in [1] are selected on object ''

2018-05-23 09:35:11 - [MESSAGE][PASSED] - All options with index in [1] are selected on object ''

2018-05-23 09:35:11 - [TEST_STEP][PASSED] - Statement - batch = new com.kms.katalon.core.testobject.TestObject(): null

2018-05-23 09:35:11 - [TEST_STEP][PASSED] - Statement - batch = com.kms.katalon.core.webui.keyword.WebUiBuiltInKeywords.modifyObjectProperty(batch, "xpath", "equals", "//*[@id = "txtbthqty" + row + ""]", true): Modify property of object successfully

2018-05-23 09:35:11 - [MESSAGE][PASSED] - Modify property of object successfully

2018-05-23 09:35:11 - [TEST_STEP][PASSED] - Statement - batchqty = com.kms.katalon.core.webui.keyword.WebUiBuiltInKeywords.getAttribute(batch, "value").trim(): Attribute 'value' of object '' is: '49500'

2018-05-23 09:35:11 - [MESSAGE][PASSED] - Attribute 'value' of object '' is: '49500'

2018-05-23 09:35:11 - [TEST_STEP][PASSED] - Statement - Rqty = 100: null

2018-05-23 09:35:11 - [TEST_STEP][PASSED] - delay: Delayed 2 second(s)

2018-05-23 09:35:13 - [MESSAGE][PASSED] - Delayed 2 second(s)

2018-05-23 09:35:13 - [TEST_STEP][PASSED] - Statement - out.println("BatchQty : " + batchqty): null

2018-05-23 09:35:13 - [TEST_STEP][PASSED] - Statement - out.println("RQty : " + Rqty): null

2018-05-23 09:35:13 - [TEST_STEP][PASSED] - Statement - If (java.lang.Integer.valueOf(batchqty) >= java.lang.Integer.valueOf(Rqty)): null

2018-05-23 09:35:13 - [TEST_STEP][PASSED] - Statement - Break: null

2018-05-23 09:35:13 - [TEST_STEP][PASSED] - Statement - batchlength = new com.kms.katalon.core.testobject.TestObject(): null

2018-05-23 09:35:13 - [TEST_STEP][PASSED] - Statement - batchlength = com.kms.katalon.core.webui.keyword.WebUiBuiltInKeywords.modifyObjectProperty(batchlength, "xpath", "equals", "//*[@id = "fldvendor" + row + ""]", true): Modify property of object successfully

2018-05-23 09:35:13 - [MESSAGE][PASSED] - Modify property of object successfully

2018-05-23 09:35:13 - [TEST_STEP][PASSED] - Statement - batchsize = com.kms.katalon.core.webui.keyword.WebUiBuiltInKeywords.getNumberOfTotalOption(batchlength): 8 options of object '' counted

2018-05-23 09:35:14 - [MESSAGE][PASSED] - 8 options of object '' counted

2018-05-23 09:35:14 - [TEST_STEP][PASSED] - Statement - out.println("BatchSize : " + batchsize): null

2018-05-23 09:35:14 - [TEST_STEP][PASSED] - Statement - For ([n = 1, n <= batchsize - 1, (n++)]): null

2018-05-23 09:35:14 - [TEST_STEP][PASSED] - Statement - product = new com.kms.katalon.core.testobject.TestObject(): null

2018-05-23 09:35:14 - [TEST_STEP][PASSED] - Statement - product = com.kms.katalon.core.webui.keyword.WebUiBuiltInKeywords.modifyObjectProperty(product, "xpath", "equals", "//*[@id = "fldvendor" + row + ""]", true): Modify property of object successfully

2018-05-23 09:35:14 - [MESSAGE][PASSED] - Modify property of object successfully

2018-05-23 09:35:14 - [TEST_STEP][PASSED] - selectOptionByIndex: All options with index in [1] are selected on object ''

2018-05-23 09:35:14 - [MESSAGE][PASSED] - All options with index in [1] are selected on object ''

2018-05-23 09:35:14 - [TEST_STEP][PASSED] - Statement - batch = new com.kms.katalon.core.testobject.TestObject(): null

2018-05-23 09:35:14 - [TEST_STEP][PASSED] - Statement - batch = com.kms.katalon.core.webui.keyword.WebUiBuiltInKeywords.modifyObjectProperty(batch, "xpath", "equals", "//*[@id = "txtbthqty" + row + ""]", true): Modify property of object successfully

2018-05-23 09:35:14 - [MESSAGE][PASSED] - Modify property of object successfully

2018-05-23 09:35:14 - [TEST_STEP][PASSED] - Statement - batchqty = com.kms.katalon.core.webui.keyword.WebUiBuiltInKeywords.getAttribute(batch, "value").trim(): Attribute 'value' of object '' is: '38500'

2018-05-23 09:35:14 - [MESSAGE][PASSED] - Attribute 'value' of object '' is: '38500'

2018-05-23 09:35:14 - [TEST_STEP][PASSED] - Statement - Rqty = 100: null

2018-05-23 09:35:14 - [TEST_STEP][PASSED] - delay: Delayed 2 second(s)

2018-05-23 09:35:16 - [MESSAGE][PASSED] - Delayed 2 second(s)

2018-05-23 09:35:16 - [TEST_STEP][PASSED] - Statement - out.println("BatchQty : " + batchqty): null

2018-05-23 09:35:16 - [TEST_STEP][PASSED] - Statement - out.println("RQty : " + Rqty): null

2018-05-23 09:35:16 - [TEST_STEP][PASSED] - Statement - If (java.lang.Integer.valueOf(batchqty) >= java.lang.Integer.valueOf(Rqty)): null

2018-05-23 09:35:16 - [TEST_STEP][PASSED] - Statement - Break: null

2018-05-23 09:35:16 - [TEST_STEP][PASSED] - Statement - batchlength = new com.kms.katalon.core.testobject.TestObject(): null

2018-05-23 09:35:16 - [TEST_STEP][PASSED] - Statement - batchlength = com.kms.katalon.core.webui.keyword.WebUiBuiltInKeywords.modifyObjectProperty(batchlength, "xpath", "equals", "//*[@id = "fldvendor" + row + ""]", true): Modify property of object successfully

2018-05-23 09:35:16 - [MESSAGE][PASSED] - Modify property of object successfully

2018-05-23 09:35:16 - [TEST_STEP][PASSED] - Statement - batchsize = com.kms.katalon.core.webui.keyword.WebUiBuiltInKeywords.getNumberOfTotalOption(batchlength): 8 options of object '' counted

2018-05-23 09:35:16 - [MESSAGE][PASSED] - 8 options of object '' counted

2018-05-23 09:35:16 - [TEST_STEP][PASSED] - Statement - out.println("BatchSize : " + batchsize): null

2018-05-23 09:35:16 - [TEST_STEP][PASSED] - Statement - For ([n = 1, n <= batchsize - 1, (n++)]): null

2018-05-23 09:35:16 - [TEST_STEP][PASSED] - Statement - product = new com.kms.katalon.core.testobject.TestObject(): null

2018-05-23 09:35:16 - [TEST_STEP][PASSED] - Statement - product = com.kms.katalon.core.webui.keyword.WebUiBuiltInKeywords.modifyObjectProperty(product, "xpath", "equals", "//*[@id = "fldvendor" + row + ""]", true): Modify property of object successfully

2018-05-23 09:35:16 - [MESSAGE][PASSED] - Modify property of object successfully

2018-05-23 09:35:16 - [TEST_STEP][PASSED] - selectOptionByIndex: All options with index in [1] are selected on object ''

2018-05-23 09:35:16 - [MESSAGE][PASSED] - All options with index in [1] are selected on object ''

2018-05-23 09:35:16 - [TEST_STEP][PASSED] - Statement - batch = new com.kms.katalon.core.testobject.TestObject(): null

2018-05-23 09:35:16 - [TEST_STEP][PASSED] - Statement - batch = com.kms.katalon.core.webui.keyword.WebUiBuiltInKeywords.modifyObjectProperty(batch, "xpath", "equals", "//*[@id = "txtbthqty" + row + ""]", true): Modify property of object successfully

2018-05-23 09:35:16 - [MESSAGE][PASSED] - Modify property of object successfully

2018-05-23 09:35:16 - [TEST_STEP][PASSED] - Statement - batchqty = com.kms.katalon.core.webui.keyword.WebUiBuiltInKeywords.getAttribute(batch, "value").trim(): Attribute 'value' of object '' is: '49500'

2018-05-23 09:35:16 - [MESSAGE][PASSED] - Attribute 'value' of object '' is: '49500'

2018-05-23 09:35:16 - [TEST_STEP][PASSED] - Statement - Rqty = 100: null

2018-05-23 09:35:16 - [TEST_STEP][PASSED] - delay: Delayed 2 second(s)

2018-05-23 09:35:18 - [MESSAGE][PASSED] - Delayed 2 second(s)

2018-05-23 09:35:18 - [TEST_STEP][PASSED] - Statement - out.println("BatchQty : " + batchqty): null

2018-05-23 09:35:18 - [TEST_STEP][PASSED] - Statement - out.println("RQty : " + Rqty): null

2018-05-23 09:35:18 - [TEST_STEP][PASSED] - Statement - If (java.lang.Integer.valueOf(batchqty) >= java.lang.Integer.valueOf(Rqty)): null

2018-05-23 09:35:18 - [TEST_STEP][PASSED] - Statement - Break: null

2018-05-23 09:35:18 - [TEST_STEP][PASSED] - Statement - batchlength = new com.kms.katalon.core.testobject.TestObject(): null

2018-05-23 09:35:18 - [TEST_STEP][PASSED] - Statement - batchlength = com.kms.katalon.core.webui.keyword.WebUiBuiltInKeywords.modifyObjectProperty(batchlength, "xpath", "equals", "//*[@id = "fldvendor" + row + ""]", true): Modify property of object successfully

2018-05-23 09:35:18 - [MESSAGE][PASSED] - Modify property of object successfully

2018-05-23 09:35:18 - [TEST_STEP][PASSED] - Statement - batchsize = com.kms.katalon.core.webui.keyword.WebUiBuiltInKeywords.getNumberOfTotalOption(batchlength): 8 options of object '' counted

2018-05-23 09:35:18 - [MESSAGE][PASSED] - 8 options of object '' counted

2018-05-23 09:35:18 - [TEST_STEP][PASSED] - Statement - out.println("BatchSize : " + batchsize): null

2018-05-23 09:35:18 - [TEST_STEP][PASSED] - Statement - For ([n = 1, n <= batchsize - 1, (n++)]): null

2018-05-23 09:35:18 - [TEST_STEP][PASSED] - Statement - product = new com.kms.katalon.core.testobject.TestObject(): null

2018-05-23 09:35:18 - [TEST_STEP][PASSED] - Statement - product = com.kms.katalon.core.webui.keyword.WebUiBuiltInKeywords.modifyObjectProperty(product, "xpath", "equals", "//*[@id = "fldvendor" + row + ""]", true): Modify property of object successfully

2018-05-23 09:35:18 - [MESSAGE][PASSED] - Modify property of object successfully

2018-05-23 09:35:18 - [TEST_STEP][PASSED] - selectOptionByIndex: All options with index in [1] are selected on object ''

2018-05-23 09:35:18 - [MESSAGE][PASSED] - All options with index in [1] are selected on object ''

2018-05-23 09:35:18 - [TEST_STEP][PASSED] - Statement - batch = new com.kms.katalon.core.testobject.TestObject(): null

2018-05-23 09:35:18 - [TEST_STEP][PASSED] - Statement - batch = com.kms.katalon.core.webui.keyword.WebUiBuiltInKeywords.modifyObjectProperty(batch, "xpath", "equals", "//*[@id = "txtbthqty" + row + ""]", true): Modify property of object successfully

2018-05-23 09:35:18 - [MESSAGE][PASSED] - Modify property of object successfully

2018-05-23 09:35:18 - [TEST_STEP][PASSED] - Statement - batchqty = com.kms.katalon.core.webui.keyword.WebUiBuiltInKeywords.getAttribute(batch, "value").trim(): Attribute 'value' of object '' is: '49500'

2018-05-23 09:35:18 - [MESSAGE][PASSED] - Attribute 'value' of object '' is: '49500'

2018-05-23 09:35:18 - [TEST_STEP][PASSED] - Statement - Rqty = 100: null

2018-05-23 09:35:18 - [TEST_STEP][PASSED] - delay: Delayed 2 second(s)

2018-05-23 09:35:20 - [MESSAGE][PASSED] - Delayed 2 second(s)

2018-05-23 09:35:20 - [TEST_STEP][PASSED] - Statement - out.println("BatchQty : " + batchqty): null

2018-05-23 09:35:20 - [TEST_STEP][PASSED] - Statement - out.println("RQty : " + Rqty): null

2018-05-23 09:35:20 - [TEST_STEP][PASSED] - Statement - If (java.lang.Integer.valueOf(batchqty) >= java.lang.Integer.valueOf(Rqty)): null

2018-05-23 09:35:20 - [TEST_STEP][PASSED] - Statement - Break: null

2018-05-23 09:35:20 - [TEST_STEP][PASSED] - Statement - batchlength = new com.kms.katalon.core.testobject.TestObject(): null

2018-05-23 09:35:20 - [TEST_STEP][PASSED] - Statement - batchlength = com.kms.katalon.core.webui.keyword.WebUiBuiltInKeywords.modifyObjectProperty(batchlength, "xpath", "equals", "//*[@id = "fldvendor" + row + ""]", true): Modify property of object successfully

2018-05-23 09:35:20 - [MESSAGE][PASSED] - Modify property of object successfully

2018-05-23 09:35:20 - [TEST_STEP][PASSED] - Statement - batchsize = com.kms.katalon.core.webui.keyword.WebUiBuiltInKeywords.getNumberOfTotalOption(batchlength): 8 options of object '' counted

2018-05-23 09:35:20 - [MESSAGE][PASSED] - 8 options of object '' counted

2018-05-23 09:35:20 - [TEST_STEP][PASSED] - Statement - out.println("BatchSize : " + batchsize): null

2018-05-23 09:35:20 - [TEST_STEP][PASSED] - Statement - For ([n = 1, n <= batchsize - 1, (n++)]): null

2018-05-23 09:35:20 - [TEST_STEP][PASSED] - Statement - product = new com.kms.katalon.core.testobject.TestObject(): null

2018-05-23 09:35:20 - [TEST_STEP][PASSED] - Statement - product = com.kms.katalon.core.webui.keyword.WebUiBuiltInKeywords.modifyObjectProperty(product, "xpath", "equals", "//*[@id = "fldvendor" + row + ""]", true): Modify property of object successfully

2018-05-23 09:35:20 - [MESSAGE][PASSED] - Modify property of object successfully

2018-05-23 09:35:20 - [TEST_STEP][PASSED] - selectOptionByIndex: All options with index in [1] are selected on object ''

2018-05-23 09:35:20 - [MESSAGE][PASSED] - All options with index in [1] are selected on object ''

2018-05-23 09:35:20 - [TEST_STEP][PASSED] - Statement - batch = new com.kms.katalon.core.testobject.TestObject(): null

2018-05-23 09:35:20 - [TEST_STEP][PASSED] - Statement - batch = com.kms.katalon.core.webui.keyword.WebUiBuiltInKeywords.modifyObjectProperty(batch, "xpath", "equals", "//*[@id = "txtbthqty" + row + ""]", true): Modify property of object successfully

2018-05-23 09:35:20 - [MESSAGE][PASSED] - Modify property of object successfully

2018-05-23 09:35:20 - [TEST_STEP][PASSED] - Statement - batchqty = com.kms.katalon.core.webui.keyword.WebUiBuiltInKeywords.getAttribute(batch, "value").trim(): Attribute 'value' of object '' is: '49500'

2018-05-23 09:35:20 - [MESSAGE][PASSED] - Attribute 'value' of object '' is: '49500'

2018-05-23 09:35:20 - [TEST_STEP][PASSED] - Statement - Rqty = 100: null

2018-05-23 09:35:20 - [TEST_STEP][PASSED] - delay: Delayed 2 second(s)

2018-05-23 09:35:22 - [MESSAGE][PASSED] - Delayed 2 second(s)

2018-05-23 09:35:22 - [TEST_STEP][PASSED] - Statement - out.println("BatchQty : " + batchqty): null

2018-05-23 09:35:22 - [TEST_STEP][PASSED] - Statement - out.println("RQty : " + Rqty): null

2018-05-23 09:35:22 - [TEST_STEP][PASSED] - Statement - If (java.lang.Integer.valueOf(batchqty) >= java.lang.Integer.valueOf(Rqty)): null

2018-05-23 09:35:22 - [TEST_STEP][PASSED] - Statement - Break: null

2018-05-23 09:35:22 - [TEST_STEP][PASSED] - Statement - batchlength = new com.kms.katalon.core.testobject.TestObject(): null

2018-05-23 09:35:22 - [TEST_STEP][PASSED] - Statement - batchlength = com.kms.katalon.core.webui.keyword.WebUiBuiltInKeywords.modifyObjectProperty(batchlength, "xpath", "equals", "//*[@id = "fldvendor" + row + ""]", true): Modify property of object successfully

2018-05-23 09:35:22 - [MESSAGE][PASSED] - Modify property of object successfully

2018-05-23 09:35:22 - [TEST_STEP][PASSED] - Statement - batchsize = com.kms.katalon.core.webui.keyword.WebUiBuiltInKeywords.getNumberOfTotalOption(batchlength): 8 options of object '' counted

2018-05-23 09:35:23 - [MESSAGE][PASSED] - 8 options of object '' counted

2018-05-23 09:35:23 - [TEST_STEP][PASSED] - Statement - out.println("BatchSize : " + batchsize): null

2018-05-23 09:35:23 - [TEST_STEP][PASSED] - Statement - For ([n = 1, n <= batchsize - 1, (n++)]): null

2018-05-23 09:35:23 - [TEST_STEP][PASSED] - Statement - product = new com.kms.katalon.core.testobject.TestObject(): null

2018-05-23 09:35:23 - [TEST_STEP][PASSED] - Statement - product = com.kms.katalon.core.webui.keyword.WebUiBuiltInKeywords.modifyObjectProperty(product, "xpath", "equals", "//*[@id = "fldvendor" + row + ""]", true): Modify property of object successfully

2018-05-23 09:35:23 - [MESSAGE][PASSED] - Modify property of object successfully

2018-05-23 09:35:23 - [TEST_STEP][PASSED] - selectOptionByIndex: All options with index in [1] are selected on object ''

2018-05-23 09:35:23 - [MESSAGE][PASSED] - All options with index in [1] are selected on object ''

2018-05-23 09:35:23 - [TEST_STEP][PASSED] - Statement - batch = new com.kms.katalon.core.testobject.TestObject(): null

2018-05-23 09:35:23 - [TEST_STEP][PASSED] - Statement - batch = com.kms.katalon.core.webui.keyword.WebUiBuiltInKeywords.modifyObjectProperty(batch, "xpath", "equals", "//*[@id = "txtbthqty" + row + ""]", true): Modify property of object successfully

2018-05-23 09:35:23 - [MESSAGE][PASSED] - Modify property of object successfully

2018-05-23 09:35:23 - [TEST_STEP][PASSED] - Statement - batchqty = com.kms.katalon.core.webui.keyword.WebUiBuiltInKeywords.getAttribute(batch, "value").trim(): Attribute 'value' of object '' is: '39500'

2018-05-23 09:35:23 - [MESSAGE][PASSED] - Attribute 'value' of object '' is: '39500'

2018-05-23 09:35:23 - [TEST_STEP][PASSED] - Statement - Rqty = 100: null

2018-05-23 09:35:23 - [TEST_STEP][PASSED] - delay: Delayed 2 second(s)

2018-05-23 09:35:25 - [MESSAGE][PASSED] - Delayed 2 second(s)

2018-05-23 09:35:25 - [TEST_STEP][PASSED] - Statement - out.println("BatchQty : " + batchqty): null

2018-05-23 09:35:25 - [TEST_STEP][PASSED] - Statement - out.println("RQty : " + Rqty): null

2018-05-23 09:35:25 - [TEST_STEP][PASSED] - Statement - If (java.lang.Integer.valueOf(batchqty) >= java.lang.Integer.valueOf(Rqty)): null

2018-05-23 09:35:25 - [TEST_STEP][PASSED] - Statement - Break: null

2018-05-23 09:35:25 - [TEST_STEP][PASSED] - Statement - batchlength = new com.kms.katalon.core.testobject.TestObject(): null

2018-05-23 09:35:25 - [TEST_STEP][PASSED] - Statement - batchlength = com.kms.katalon.core.webui.keyword.WebUiBuiltInKeywords.modifyObjectProperty(batchlength, "xpath", "equals", "//*[@id = "fldvendor" + row + ""]", true): Modify property of object successfully

2018-05-23 09:35:25 - [MESSAGE][PASSED] - Modify property of object successfully

2018-05-23 09:35:25 - [TEST_STEP][PASSED] - Statement - batchsize = com.kms.katalon.core.webui.keyword.WebUiBuiltInKeywords.getNumberOfTotalOption(batchlength): 14 options of object '' counted

2018-05-23 09:35:25 - [MESSAGE][PASSED] - 14 options of object '' counted

2018-05-23 09:35:25 - [TEST_STEP][PASSED] - Statement - out.println("BatchSize : " + batchsize): null

2018-05-23 09:35:25 - [TEST_STEP][PASSED] - Statement - For ([n = 1, n <= batchsize - 1, (n++)]): null

2018-05-23 09:35:25 - [TEST_STEP][PASSED] - Statement - product = new com.kms.katalon.core.testobject.TestObject(): null

2018-05-23 09:35:25 - [TEST_STEP][PASSED] - Statement - product = com.kms.katalon.core.webui.keyword.WebUiBuiltInKeywords.modifyObjectProperty(product, "xpath", "equals", "//*[@id = "fldvendor" + row + ""]", true): Modify property of object successfully

2018-05-23 09:35:25 - [MESSAGE][PASSED] - Modify property of object successfully

2018-05-23 09:35:25 - [TEST_STEP][PASSED] - selectOptionByIndex: All options with index in [1] are selected on object ''

2018-05-23 09:35:25 - [MESSAGE][PASSED] - All options with index in [1] are selected on object ''

2018-05-23 09:35:25 - [TEST_STEP][PASSED] - Statement - batch = new com.kms.katalon.core.testobject.TestObject(): null

2018-05-23 09:35:25 - [TEST_STEP][PASSED] - Statement - batch = com.kms.katalon.core.webui.keyword.WebUiBuiltInKeywords.modifyObjectProperty(batch, "xpath", "equals", "//*[@id = "txtbthqty" + row + ""]", true): Modify property of object successfully

2018-05-23 09:35:25 - [MESSAGE][PASSED] - Modify property of object successfully

2018-05-23 09:35:25 - [TEST_STEP][PASSED] - Statement - batchqty = com.kms.katalon.core.webui.keyword.WebUiBuiltInKeywords.getAttribute(batch, "value").trim(): Attribute 'value' of object '' is: '27500'

2018-05-23 09:35:25 - [MESSAGE][PASSED] - Attribute 'value' of object '' is: '27500'

2018-05-23 09:35:25 - [TEST_STEP][PASSED] - Statement - Rqty = 100: null

2018-05-23 09:35:25 - [TEST_STEP][PASSED] - delay: Delayed 2 second(s)

2018-05-23 09:35:27 - [MESSAGE][PASSED] - Delayed 2 second(s)

2018-05-23 09:35:27 - [TEST_STEP][PASSED] - Statement - out.println("BatchQty : " + batchqty): null

2018-05-23 09:35:27 - [TEST_STEP][PASSED] - Statement - out.println("RQty : " + Rqty): null

2018-05-23 09:35:27 - [TEST_STEP][PASSED] - Statement - If (java.lang.Integer.valueOf(batchqty) >= java.lang.Integer.valueOf(Rqty)): null

2018-05-23 09:35:27 - [TEST_STEP][PASSED] - Statement - Break: null

2018-05-23 09:35:27 - [TEST_STEP][PASSED] - Statement - batchlength = new com.kms.katalon.core.testobject.TestObject(): null

2018-05-23 09:35:27 - [TEST_STEP][PASSED] - Statement - batchlength = com.kms.katalon.core.webui.keyword.WebUiBuiltInKeywords.modifyObjectProperty(batchlength, "xpath", "equals", "//*[@id = "fldvendor" + row + ""]", true): Modify property of object successfully

2018-05-23 09:35:27 - [MESSAGE][PASSED] - Modify property of object successfully

2018-05-23 09:35:27 - [TEST_STEP][PASSED] - Statement - batchsize = com.kms.katalon.core.webui.keyword.WebUiBuiltInKeywords.getNumberOfTotalOption(batchlength): 8 options of object '' counted

2018-05-23 09:35:27 - [MESSAGE][PASSED] - 8 options of object '' counted

2018-05-23 09:35:27 - [TEST_STEP][PASSED] - Statement - out.println("BatchSize : " + batchsize): null

2018-05-23 09:35:27 - [TEST_STEP][PASSED] - Statement - For ([n = 1, n <= batchsize - 1, (n++)]): null

2018-05-23 09:35:27 - [TEST_STEP][PASSED] - Statement - product = new com.kms.katalon.core.testobject.TestObject(): null

2018-05-23 09:35:27 - [TEST_STEP][PASSED] - Statement - product = com.kms.katalon.core.webui.keyword.WebUiBuiltInKeywords.modifyObjectProperty(product, "xpath", "equals", "//*[@id = "fldvendor" + row + ""]", true): Modify property of object successfully

2018-05-23 09:35:27 - [MESSAGE][PASSED] - Modify property of object successfully

2018-05-23 09:35:27 - [TEST_STEP][PASSED] - selectOptionByIndex: All options with index in [1] are selected on object ''

2018-05-23 09:35:27 - [MESSAGE][PASSED] - All options with index in [1] are selected on object ''

2018-05-23 09:35:27 - [TEST_STEP][PASSED] - Statement - batch = new com.kms.katalon.core.testobject.TestObject(): null

2018-05-23 09:35:27 - [TEST_STEP][PASSED] - Statement - batch = com.kms.katalon.core.webui.keyword.WebUiBuiltInKeywords.modifyObjectProperty(batch, "xpath", "equals", "//*[@id = "txtbthqty" + row + ""]", true): Modify property of object successfully

2018-05-23 09:35:27 - [MESSAGE][PASSED] - Modify property of object successfully

2018-05-23 09:35:27 - [TEST_STEP][PASSED] - Statement - batchqty = com.kms.katalon.core.webui.keyword.WebUiBuiltInKeywords.getAttribute(batch, "value").trim(): Attribute 'value' of object '' is: '49500'

2018-05-23 09:35:27 - [MESSAGE][PASSED] - Attribute 'value' of object '' is: '49500'

2018-05-23 09:35:27 - [TEST_STEP][PASSED] - Statement - Rqty = 100: null

2018-05-23 09:35:27 - [TEST_STEP][PASSED] - delay: Delayed 2 second(s)

2018-05-23 09:35:29 - [MESSAGE][PASSED] - Delayed 2 second(s)

2018-05-23 09:35:29 - [TEST_STEP][PASSED] - Statement - out.println("BatchQty : " + batchqty): null

2018-05-23 09:35:29 - [TEST_STEP][PASSED] - Statement - out.println("RQty : " + Rqty): null

2018-05-23 09:35:29 - [TEST_STEP][PASSED] - Statement - If (java.lang.Integer.valueOf(batchqty) >= java.lang.Integer.valueOf(Rqty)): null

2018-05-23 09:35:29 - [TEST_STEP][PASSED] - Statement - Break: null

2018-05-23 09:35:29 - [TEST_STEP][PASSED] - Statement - batchlength = new com.kms.katalon.core.testobject.TestObject(): null

2018-05-23 09:35:29 - [TEST_STEP][PASSED] - Statement - batchlength = com.kms.katalon.core.webui.keyword.WebUiBuiltInKeywords.modifyObjectProperty(batchlength, "xpath", "equals", "//*[@id = "fldvendor" + row + ""]", true): Modify property of object successfully

2018-05-23 09:35:29 - [MESSAGE][PASSED] - Modify property of object successfully

2018-05-23 09:35:29 - [TEST_STEP][PASSED] - Statement - batchsize = com.kms.katalon.core.webui.keyword.WebUiBuiltInKeywords.getNumberOfTotalOption(batchlength): 8 options of object '' counted

2018-05-23 09:35:29 - [MESSAGE][PASSED] - 8 options of object '' counted

2018-05-23 09:35:29 - [TEST_STEP][PASSED] - Statement - out.println("BatchSize : " + batchsize): null

2018-05-23 09:35:29 - [TEST_STEP][PASSED] - Statement - For ([n = 1, n <= batchsize - 1, (n++)]): null

2018-05-23 09:35:29 - [TEST_STEP][PASSED] - Statement - product = new com.kms.katalon.core.testobject.TestObject(): null

2018-05-23 09:35:29 - [TEST_STEP][PASSED] - Statement - product = com.kms.katalon.core.webui.keyword.WebUiBuiltInKeywords.modifyObjectProperty(product, "xpath", "equals", "//*[@id = "fldvendor" + row + ""]", true): Modify property of object successfully

2018-05-23 09:35:29 - [MESSAGE][PASSED] - Modify property of object successfully

2018-05-23 09:35:29 - [TEST_STEP][PASSED] - selectOptionByIndex: All options with index in [1] are selected on object ''

2018-05-23 09:35:29 - [MESSAGE][PASSED] - All options with index in [1] are selected on object ''

2018-05-23 09:35:29 - [TEST_STEP][PASSED] - Statement - batch = new com.kms.katalon.core.testobject.TestObject(): null

2018-05-23 09:35:29 - [TEST_STEP][PASSED] - Statement - batch = com.kms.katalon.core.webui.keyword.WebUiBuiltInKeywords.modifyObjectProperty(batch, "xpath", "equals", "//*[@id = "txtbthqty" + row + ""]", true): Modify property of object successfully

2018-05-23 09:35:29 - [MESSAGE][PASSED] - Modify property of object successfully

2018-05-23 09:35:29 - [TEST_STEP][PASSED] - Statement - batchqty = com.kms.katalon.core.webui.keyword.WebUiBuiltInKeywords.getAttribute(batch, "value").trim(): Attribute 'value' of object '' is: '38500'

2018-05-23 09:35:29 - [MESSAGE][PASSED] - Attribute 'value' of object '' is: '38500'

2018-05-23 09:35:29 - [TEST_STEP][PASSED] - Statement - Rqty = 100: null

2018-05-23 09:35:29 - [TEST_STEP][PASSED] - delay: Delayed 2 second(s)

2018-05-23 09:35:31 - [MESSAGE][PASSED] - Delayed 2 second(s)

2018-05-23 09:35:31 - [TEST_STEP][PASSED] - Statement - out.println("BatchQty : " + batchqty): null

2018-05-23 09:35:31 - [TEST_STEP][PASSED] - Statement - out.println("RQty : " + Rqty): null

2018-05-23 09:35:31 - [TEST_STEP][PASSED] - Statement - If (java.lang.Integer.valueOf(batchqty) >= java.lang.Integer.valueOf(Rqty)): null

2018-05-23 09:35:31 - [TEST_STEP][PASSED] - Statement - Break: null

2018-05-23 09:35:31 - [TEST_STEP][PASSED] - Statement - batchlength = new com.kms.katalon.core.testobject.TestObject(): null

2018-05-23 09:35:31 - [TEST_STEP][PASSED] - Statement - batchlength = com.kms.katalon.core.webui.keyword.WebUiBuiltInKeywords.modifyObjectProperty(batchlength, "xpath", "equals", "//*[@id = "fldvendor" + row + ""]", true): Modify property of object successfully

2018-05-23 09:35:31 - [MESSAGE][PASSED] - Modify property of object successfully

2018-05-23 09:35:31 - [TEST_STEP][PASSED] - Statement - batchsize = com.kms.katalon.core.webui.keyword.WebUiBuiltInKeywords.getNumberOfTotalOption(batchlength): 8 options of object '' counted

2018-05-23 09:35:32 - [MESSAGE][PASSED] - 8 options of object '' counted

2018-05-23 09:35:32 - [TEST_STEP][PASSED] - Statement - out.println("BatchSize : " + batchsize): null

2018-05-23 09:35:32 - [TEST_STEP][PASSED] - Statement - For ([n = 1, n <= batchsize - 1, (n++)]): null

2018-05-23 09:35:32 - [TEST_STEP][PASSED] - Statement - product = new com.kms.katalon.core.testobject.TestObject(): null

2018-05-23 09:35:32 - [TEST_STEP][PASSED] - Statement - product = com.kms.katalon.core.webui.keyword.WebUiBuiltInKeywords.modifyObjectProperty(product, "xpath", "equals", "//*[@id = "fldvendor" + row + ""]", true): Modify property of object successfully

2018-05-23 09:35:32 - [MESSAGE][PASSED] - Modify property of object successfully

2018-05-23 09:35:32 - [TEST_STEP][PASSED] - selectOptionByIndex: All options with index in [1] are selected on object ''

2018-05-23 09:35:32 - [MESSAGE][PASSED] - All options with index in [1] are selected on object ''

2018-05-23 09:35:32 - [TEST_STEP][PASSED] - Statement - batch = new com.kms.katalon.core.testobject.TestObject(): null

2018-05-23 09:35:32 - [TEST_STEP][PASSED] - Statement - batch = com.kms.katalon.core.webui.keyword.WebUiBuiltInKeywords.modifyObjectProperty(batch, "xpath", "equals", "//*[@id = "txtbthqty" + row + ""]", true): Modify property of object successfully

2018-05-23 09:35:32 - [MESSAGE][PASSED] - Modify property of object successfully

2018-05-23 09:35:32 - [TEST_STEP][PASSED] - Statement - batchqty = com.kms.katalon.core.webui.keyword.WebUiBuiltInKeywords.getAttribute(batch, "value").trim(): Attribute 'value' of object '' is: '39500'

2018-05-23 09:35:32 - [MESSAGE][PASSED] - Attribute 'value' of object '' is: '39500'

2018-05-23 09:35:32 - [TEST_STEP][PASSED] - Statement - Rqty = 100: null

2018-05-23 09:35:32 - [TEST_STEP][PASSED] - delay: Delayed 2 second(s)

2018-05-23 09:35:34 - [MESSAGE][PASSED] - Delayed 2 second(s)

2018-05-23 09:35:34 - [TEST_STEP][PASSED] - Statement - out.println("BatchQty : " + batchqty): null

2018-05-23 09:35:34 - [TEST_STEP][PASSED] - Statement - out.println("RQty : " + Rqty): null

2018-05-23 09:35:34 - [TEST_STEP][PASSED] - Statement - If (java.lang.Integer.valueOf(batchqty) >= java.lang.Integer.valueOf(Rqty)): null

2018-05-23 09:35:34 - [TEST_STEP][PASSED] - Statement - Break: null

2018-05-23 09:35:34 - [TEST_STEP][PASSED] - delay: Delayed 2 second(s)

2018-05-23 09:35:36 - [MESSAGE][PASSED] - Delayed 2 second(s)

2018-05-23 09:35:36 - [TEST_STEP][PASSED] - click: Object: 'Object Repository/DispensaryToCms/Page_KDMC - CMS/input_btndispatch' is clicked on

2018-05-23 09:35:36 - [MESSAGE][PASSED] - Object: 'Object Repository/DispensaryToCms/Page_KDMC - CMS/input_btndispatch' is clicked on

2018-05-23 09:35:36 - [TEST_STEP][PASSED] - delay: Delayed 3 second(s)

2018-05-23 09:35:39 - [MESSAGE][PASSED] - Delayed 3 second(s)

2018-05-23 09:35:39 - [TEST_STEP][PASSED] - click: Object: 'Object Repository/DispensaryToCms/Page_KDMC - CMS/button_OK' is clicked on

2018-05-23 09:35:39 - [MESSAGE][PASSED] - Object: 'Object Repository/DispensaryToCms/Page_KDMC - CMS/button_OK' is clicked on

2018-05-23 09:35:39 - [TEST_STEP][PASSED] - delay: Delayed 3 second(s)

2018-05-23 09:35:42 - [MESSAGE][PASSED] - Delayed 3 second(s)

2018-05-23 09:35:42 - [TEST_STEP][PASSED] - click: Object: 'Object Repository/DispensaryToCms/Page_KDMC - CMS/a_dropdown-toggle' is clicked on

2018-05-23 09:35:43 - [MESSAGE][PASSED] - Object: 'Object Repository/DispensaryToCms/Page_KDMC - CMS/a_dropdown-toggle' is clicked on

2018-05-23 09:35:43 - [TEST_STEP][PASSED] - click: Object: 'Object Repository/DispensaryToCms/Page_KDMC - CMS/a_Sign out' is clicked on

2018-05-23 09:35:43 - [MESSAGE][PASSED] - Object: 'Object Repository/DispensaryToCms/Page_KDMC - CMS/a_Sign out' is clicked on

2018-05-23 09:35:43 - [TEST_STEP][PASSED] - delay: Delayed 3 second(s)

2018-05-23 09:35:46 - [MESSAGE][PASSED] - Delayed 3 second(s)

2018-05-23 09:35:46 - [TEST_STEP][PASSED] - navigateToUrl: Navigate to 'http://192.168.137.1/multihospital_new/HDSplashscreen.aspx' successfully

2018-05-23 09:35:46 - [MESSAGE][PASSED] - Navigate to 'http://192.168.137.1/multihospital_new/HDSplashscreen.aspx' successfully

2018-05-23 09:35:46 - [TEST_STEP][PASSED] - click: Object: 'Object Repository/DispensaryToCms/Page_KDMC/a_Dispensary Store' is clicked on

2018-05-23 09:35:47 - [MESSAGE][PASSED] - Object: 'Object Repository/DispensaryToCms/Page_KDMC/a_Dispensary Store' is clicked on

2018-05-23 09:35:47 - [TEST_STEP][PASSED] - setText: Text 'rajaram' is set on object 'Object Repository/DispensaryToCms/Page_Dispensary Store Login/input_txtusername'

2018-05-23 09:35:47 - [MESSAGE][PASSED] - Text 'rajaram' is set on object 'Object Repository/DispensaryToCms/Page_Dispensary Store Login/input_txtusername'

2018-05-23 09:35:47 - [TEST_STEP][PASSED] - setText: Text '123' is set on object 'Object Repository/DispensaryToCms/Page_Dispensary Store Login/input_txtpassword'

2018-05-23 09:35:47 - [MESSAGE][PASSED] - Text '123' is set on object 'Object Repository/DispensaryToCms/Page_Dispensary Store Login/input_txtpassword'

2018-05-23 09:35:47 - [TEST_STEP][PASSED] - delay: Delayed 3 second(s)

2018-05-23 09:35:50 - [MESSAGE][PASSED] - Delayed 3 second(s)

2018-05-23 09:35:50 - [TEST_STEP][PASSED] - click: Object: 'Object Repository/DispensaryToCms/Page_Dispensary Store Login/button_Sign in' is clicked on

2018-05-23 09:35:51 - [MESSAGE][PASSED] - Object: 'Object Repository/DispensaryToCms/Page_Dispensary Store Login/button_Sign in' is clicked on

2018-05-23 09:35:51 - [TEST_STEP][PASSED] - delay: Delayed 3 second(s)

2018-05-23 09:35:54 - [MESSAGE][PASSED] - Delayed 3 second(s)

2018-05-23 09:35:54 - [TEST_STEP][PASSED] - click: Object: 'Object Repository/DispensaryToCms/Page_Dispensary Store/a_CMS' is clicked on

2018-05-23 09:35:54 - [MESSAGE][PASSED] - Object: 'Object Repository/DispensaryToCms/Page_Dispensary Store/a_CMS' is clicked on

2018-05-23 09:35:54 - [TEST_STEP][PASSED] - delay: Delayed 2 second(s)

2018-05-23 09:35:56 - [MESSAGE][PASSED] - Delayed 2 second(s)

2018-05-23 09:35:56 - [TEST_STEP][PASSED] - click: Object: 'Object Repository/DispensaryToCms/Page_Dispensary Store/a_Receiving Goods' is clicked on

2018-05-23 09:35:56 - [MESSAGE][PASSED] - Object: 'Object Repository/DispensaryToCms/Page_Dispensary Store/a_Receiving Goods' is clicked on

2018-05-23 09:35:56 - [TEST_STEP][PASSED] - setText: Text 'PRNO/23052018/350' is set on object 'Object Repository/DispensaryToCms/Page_Dispensary Store/input'

2018-05-23 09:35:56 - [MESSAGE][PASSED] - Text 'PRNO/23052018/350' is set on object 'Object Repository/DispensaryToCms/Page_Dispensary Store/input'

2018-05-23 09:35:56 - [TEST_STEP][PASSED] - click: Object: 'Object Repository/DispensaryToCms/Page_Dispensary Store/input_PRNO18052018174' is clicked on

2018-05-23 09:35:57 - [MESSAGE][PASSED] - Object: 'Object Repository/DispensaryToCms/Page_Dispensary Store/input_PRNO18052018174' is clicked on

2018-05-23 09:35:57 - [TEST_STEP][PASSED] - delay: Delayed 2 second(s)

2018-05-23 09:35:59 - [MESSAGE][PASSED] - Delayed 2 second(s)

2018-05-23 09:35:59 - [TEST_STEP][PASSED] - click: Object: 'Object Repository/DispensaryToCms/Page_Dispensary Store/input_chkrem' is clicked on

2018-05-23 09:35:59 - [MESSAGE][PASSED] - Object: 'Object Repository/DispensaryToCms/Page_Dispensary Store/input_chkrem' is clicked on

2018-05-23 09:35:59 - [TEST_STEP][PASSED] - scrollToElement: Scroll to object 'Object Repository/DispensaryToCms/Page_Dispensary Store/input_btchkroqadd' successfully

2018-05-23 09:35:59 - [MESSAGE][PASSED] - Scroll to object 'Object Repository/DispensaryToCms/Page_Dispensary Store/input_btchkroqadd' successfully

2018-05-23 09:35:59 - [TEST_STEP][PASSED] - click: Object: 'Object Repository/DispensaryToCms/Page_Dispensary Store/input_btchkroqadd' is clicked on

2018-05-23 09:35:59 - [MESSAGE][PASSED] - Object: 'Object Repository/DispensaryToCms/Page_Dispensary Store/input_btchkroqadd' is clicked on

2018-05-23 09:35:59 - [TEST_STEP][PASSED] - delay: Delayed 2 second(s)

2018-05-23 09:36:01 - [MESSAGE][PASSED] - Delayed 2 second(s)

2018-05-23 09:36:01 - [TEST_STEP][PASSED] - refresh: Refresh successfully

2018-05-23 09:36:01 - [MESSAGE][PASSED] - Refresh successfully

2018-05-23 09:36:01 - [TEST_STEP][PASSED] - delay: Delayed 3 second(s)

2018-05-23 09:36:04 - [MESSAGE][PASSED] - Delayed 3 second(s)

2018-05-23 09:36:04 - [TEST_STEP][PASSED] - waitForElementPresent: Object 'Object Repository/DispensaryToStore/Page_Dispensary Store/a_dropdown-toggle' is present

2018-05-23 09:36:04 - [MESSAGE][PASSED] - Object 'Object Repository/DispensaryToStore/Page_Dispensary Store/a_dropdown-toggle' is present

2018-05-23 09:36:04 - [TEST_STEP][PASSED] - click: Object: 'Object Repository/DispensaryToCms/Page_Dispensary Store/a_dropdown-toggle' is clicked on

2018-05-23 09:36:04 - [MESSAGE][PASSED] - Object: 'Object Repository/DispensaryToCms/Page_Dispensary Store/a_dropdown-toggle' is clicked on

2018-05-23 09:36:04 - [TEST_STEP][PASSED] - click: Object: 'Object Repository/DispensaryToCms/Page_Dispensary Store/a_Sign out' is clicked on

2018-05-23 09:36:05 - [MESSAGE][PASSED] - Object: 'Object Repository/DispensaryToCms/Page_Dispensary Store/a_Sign out' is clicked on

2018-05-23 09:36:05 - [TEST_STEP][PASSED] - closeBrowser: Browser is closed

2018-05-23 09:36:05 - [MESSAGE][PASSED] - Browser is closed]]></system-out>
         <system-err><![CDATA[]]></system-err>
      </testcase>
      <system-out><![CDATA[2018-05-22 19:32:20 - [TEST_SUITE][ERROR] - Dispensary_Cms_Suite: Test Cases/DISPENSARY TEST CASES/TC_DP_014 Verify Schedule 2 Dispensary To CMS Request Are Working Successfully Or Not FAILED because (of) java.lang.NumberFormatException: For input string: ""]]></system-out>
      <system-err><![CDATA[2018-05-22 19:32:20 - [TEST_SUITE][ERROR] - Dispensary_Cms_Suite: Test Cases/DISPENSARY TEST CASES/TC_DP_014 Verify Schedule 2 Dispensary To CMS Request Are Working Successfully Or Not FAILED because (of) java.lang.NumberFormatException: For input string: ""]]></system-err>
   </testsuite>
</testsuites>
