<?xml version="1.0" encoding="UTF-8"?>
<testsuites name="Dispensary_Store_Suite" time="2146" tests="8" failures="3" errors="1">
   <testsuite name="Dispensary_Store_Suite" tests="8" failures="3" errors="1" time="2146" timestamp="2018-06-09 15:51:36" hostname="Quality Analyst - DESKTOP-BLFTK83" id="Test Suites/Dispensary_Store_Suite">
      <properties>
         <property name="deviceName" value=""/>
         <property name="devicePlatform" value=""/>
         <property name="logFolder" value="C:\\Users\\Quality Analyst\\Katalon Studio\\ds\\Reports\\Dispensary_Store_Suite\\20180609_155125"/>
         <property name="logFiles" value="C:\\Users\\Quality Analyst\\Katalon Studio\\ds\\Reports\\Dispensary_Store_Suite\\20180609_155125\\execution0.log, C:\\Users\\Quality Analyst\\Katalon Studio\\ds\\Reports\\Dispensary_Store_Suite\\20180609_155125\\execution1.log"/>
         <property name="attachments" value="C:\\Users\\Quality Analyst\\Katalon Studio\\ds\\Reports\\Dispensary_Store_Suite\\20180609_155125\\1528539744897.png, C:\\Users\\Quality Analyst\\Katalon Studio\\ds\\Reports\\Dispensary_Store_Suite\\20180609_155125\\1528540710047.png, C:\\Users\\Quality Analyst\\Katalon Studio\\ds\\Reports\\Dispensary_Store_Suite\\20180609_155125\\1528541134962.png, C:\\Users\\Quality Analyst\\Katalon Studio\\ds\\Reports\\Dispensary_Store_Suite\\20180609_155125\\1528541676834.png"/>
         <property name="hostName" value="Quality Analyst - DESKTOP-BLFTK83"/>
         <property name="os" value="Windows 10 64bit"/>
         <property name="katalonVersion" value="5.4.2.1"/>
         <property name="browser" value="Chrome 66.0.3359.181"/>
         <property name="hostAddress" value="169.254.189.85"/>
         <property name="sessionId" value="5e3f3e9f425b90219452a5ed8e25e1a6"/>
         <property name="seleniumVersion" value="3.7.1"/>
         <property name="proxyInformation" value="ProxyInformation{proxyOption=NO_PROXY, proxyServerType=HTTP, password=, proxyServerAddress=, proxyServerPort=0}"/>
         <property name="platform" value="Windows 10"/>
      </properties>
      <testcase name="Test Cases/DISPENSARY TEST CASES/TC_DP_001 Verify Schedule 1 Dispensary Request Are Working Successfully Or Not" classname="Test Cases/DISPENSARY TEST CASES/TC_DP_001 Verify Schedule 1 Dispensary Request Are Working Successfully Or Not" status="FAILED">
         <failure type="FAILED" message="Unable to select option by index '1' of object 'Object Repository/DispensaryToStore/Page_Dispensary Store/select_--Select--Schedule 1Inj' (Root cause: org.openqa.selenium.StaleElementReferenceException: stale element reference: element is not attached to the page document
  (Session info: chrome=66.0.3359.181)
  (Driver info: chromedriver=2.35.528161 (5b82f2d2aae0ca24b877009200ced9065a772e73),platform=Windows NT 10.0.17134 x86_64) (WARNING: The server did not provide any stacktrace information)
Command duration or timeout: 0 milliseconds
For documentation on this error, please visit: http://seleniumhq.org/exceptions/stale_element_reference.html
Build info: version: '3.7.1', revision: '8a0099a', time: '2017-11-06T21:07:36.161Z'
System info: host: 'DESKTOP-BLFTK83', ip: '169.254.189.85', os.name: 'Windows 10', os.arch: 'amd64', os.version: '10.0', java.version: '1.8.0_102'
Driver info: com.kms.katalon.selenium.driver.CChromeDriver
Capabilities {acceptInsecureCerts: false, acceptSslCerts: false, applicationCacheEnabled: false, browserConnectionEnabled: false, browserName: chrome, chrome: {chromedriverVersion: 2.35.528161 (5b82f2d2aae0ca..., userDataDir: C:\Users\QUALIT~1\AppData\L...}, cssSelectorsEnabled: true, databaseEnabled: false, handlesAlerts: true, hasTouchScreen: false, javascriptEnabled: true, locationContextEnabled: true, mobileEmulationEnabled: false, nativeEvents: true, networkConnectionEnabled: false, pageLoadStrategy: normal, platform: XP, platformName: XP, rotatable: false, setWindowRect: true, takesHeapSnapshot: true, takesScreenshot: true, unexpectedAlertBehaviour: , unhandledPromptBehavior: , version: 66.0.3359.181, webStorageEnabled: true}
Session ID: 82a31d2668cfb50f58a6fe6247cb861c)"/>
         <system-out><![CDATA[2018-06-09 15:51:37 - [TEST_CASE][FAILED] - Test Cases/DISPENSARY TEST CASES/TC_DP_001 Verify Schedule 1 Dispensary Request Are Working Successfully Or Not: Test Cases/DISPENSARY TEST CASES/TC_DP_001 Verify Schedule 1 Dispensary Request Are Working Successfully Or Not FAILED because (of) Unable to select option by index '1' of object 'Object Repository/DispensaryToStore/Page_Dispensary Store/select_--Select--Schedule 1Inj' (Root cause: org.openqa.selenium.StaleElementReferenceException: stale element reference: element is not attached to the page document
  (Session info: chrome=66.0.3359.181)
  (Driver info: chromedriver=2.35.528161 (5b82f2d2aae0ca24b877009200ced9065a772e73),platform=Windows NT 10.0.17134 x86_64) (WARNING: The server did not provide any stacktrace information)
Command duration or timeout: 0 milliseconds
For documentation on this error, please visit: http://seleniumhq.org/exceptions/stale_element_reference.html
Build info: version: '3.7.1', revision: '8a0099a', time: '2017-11-06T21:07:36.161Z'
System info: host: 'DESKTOP-BLFTK83', ip: '169.254.189.85', os.name: 'Windows 10', os.arch: 'amd64', os.version: '10.0', java.version: '1.8.0_102'
Driver info: com.kms.katalon.selenium.driver.CChromeDriver
Capabilities {acceptInsecureCerts: false, acceptSslCerts: false, applicationCacheEnabled: false, browserConnectionEnabled: false, browserName: chrome, chrome: {chromedriverVersion: 2.35.528161 (5b82f2d2aae0ca..., userDataDir: C:\Users\QUALIT~1\AppData\L...}, cssSelectorsEnabled: true, databaseEnabled: false, handlesAlerts: true, hasTouchScreen: false, javascriptEnabled: true, locationContextEnabled: true, mobileEmulationEnabled: false, nativeEvents: true, networkConnectionEnabled: false, pageLoadStrategy: normal, platform: XP, platformName: XP, rotatable: false, setWindowRect: true, takesHeapSnapshot: true, takesScreenshot: true, unexpectedAlertBehaviour: , unhandledPromptBehavior: , version: 66.0.3359.181, webStorageEnabled: true}
Session ID: 82a31d2668cfb50f58a6fe6247cb861c)

2018-06-09 15:51:37 - [TEST_STEP][PASSED] - openBrowser: Browser is opened with url: ''

2018-06-09 15:51:41 - [MESSAGE][PASSED] - Browser is opened with url: ''

2018-06-09 15:51:41 - [TEST_STEP][PASSED] - navigateToUrl: Navigate to 'http://192.168.137.1/multihospital_new/HDSplashscreen.aspx' successfully

2018-06-09 15:51:43 - [MESSAGE][PASSED] - Navigate to 'http://192.168.137.1/multihospital_new/HDSplashscreen.aspx' successfully

2018-06-09 15:51:43 - [TEST_STEP][PASSED] - maximizeWindow: Current window maximized

2018-06-09 15:51:44 - [MESSAGE][PASSED] - Current window maximized

2018-06-09 15:51:44 - [TEST_STEP][PASSED] - click: Object: 'Object Repository/DispensaryToStore/Page_KDMC/a_Dispensary Store' is clicked on

2018-06-09 15:51:48 - [MESSAGE][PASSED] - Object: 'Object Repository/DispensaryToStore/Page_KDMC/a_Dispensary Store' is clicked on

2018-06-09 15:51:48 - [TEST_STEP][PASSED] - setText: Text 'rajaram' is set on object 'Object Repository/DispensaryToStore/Page_Dispensary Store Login/input_txtusername'

2018-06-09 15:51:49 - [MESSAGE][PASSED] - Text 'rajaram' is set on object 'Object Repository/DispensaryToStore/Page_Dispensary Store Login/input_txtusername'

2018-06-09 15:51:49 - [TEST_STEP][PASSED] - setText: Text '123' is set on object 'Object Repository/DispensaryToStore/Page_Dispensary Store Login/input_txtpassword'

2018-06-09 15:51:49 - [MESSAGE][PASSED] - Text '123' is set on object 'Object Repository/DispensaryToStore/Page_Dispensary Store Login/input_txtpassword'

2018-06-09 15:51:49 - [TEST_STEP][PASSED] - delay: Delayed 3 second(s)

2018-06-09 15:51:52 - [MESSAGE][PASSED] - Delayed 3 second(s)

2018-06-09 15:51:52 - [TEST_STEP][PASSED] - sendKeys: Keys 'ENTER + ' sent to object: 'Object Repository/DispensaryToStore/Page_Dispensary Store Login/input_txtpassword'

2018-06-09 15:51:53 - [MESSAGE][PASSED] - Keys 'ENTER + ' sent to object: 'Object Repository/DispensaryToStore/Page_Dispensary Store Login/input_txtpassword'

2018-06-09 15:51:53 - [TEST_STEP][PASSED] - delay: Delayed 3 second(s)

2018-06-09 15:51:56 - [MESSAGE][PASSED] - Delayed 3 second(s)

2018-06-09 15:51:56 - [TEST_STEP][PASSED] - doubleClick: Object: 'Object Repository/DispensaryToStore/Page_Dispensary Store/a_Request to Store' is double clicked on

2018-06-09 15:51:56 - [MESSAGE][PASSED] - Object: 'Object Repository/DispensaryToStore/Page_Dispensary Store/a_Request to Store' is double clicked on

2018-06-09 15:51:56 - [TEST_STEP][PASSED] - doubleClick: Object: 'Object Repository/DispensaryToStore/Page_Dispensary Store/a_Medicine Request' is double clicked on

2018-06-09 15:51:57 - [MESSAGE][PASSED] - Object: 'Object Repository/DispensaryToStore/Page_Dispensary Store/a_Medicine Request' is double clicked on

2018-06-09 15:51:57 - [TEST_STEP][PASSED] - selectOptionByIndex: All options with index in [1] are selected on object 'Object Repository/DispensaryToStore/Page_Dispensary Store/select_--Select--Schedule 1Inj'

2018-06-09 15:51:58 - [MESSAGE][PASSED] - All options with index in [1] are selected on object 'Object Repository/DispensaryToStore/Page_Dispensary Store/select_--Select--Schedule 1Inj'

2018-06-09 15:51:58 - [TEST_STEP][PASSED] - Statement - medicineslength = com.kms.katalon.core.webui.keyword.WebUiBuiltInKeywords.getNumberOfTotalOption(com.kms.katalon.core.testobject.ObjectRepository.findTestObject(DispensaryToStore/Page_Dispensary Store/select_--Select--Adernaline 0.)): 63 options of object 'Object Repository/DispensaryToStore/Page_Dispensary Store/select_--Select--Adernaline 0.' counted

2018-06-09 15:51:58 - [MESSAGE][PASSED] - 63 options of object 'Object Repository/DispensaryToStore/Page_Dispensary Store/select_--Select--Adernaline 0.' counted

2018-06-09 15:51:58 - [TEST_STEP][FAILED] - Statement - For ([e = 1, e <= medicineslength - 1, (e++)]): Unable to select option by index '1' of object 'Object Repository/DispensaryToStore/Page_Dispensary Store/select_--Select--Schedule 1Inj' (Root cause: org.openqa.selenium.StaleElementReferenceException: stale element reference: element is not attached to the page document
  (Session info: chrome=66.0.3359.181)
  (Driver info: chromedriver=2.35.528161 (5b82f2d2aae0ca24b877009200ced9065a772e73),platform=Windows NT 10.0.17134 x86_64) (WARNING: The server did not provide any stacktrace information)
Command duration or timeout: 0 milliseconds
For documentation on this error, please visit: http://seleniumhq.org/exceptions/stale_element_reference.html
Build info: version: '3.7.1', revision: '8a0099a', time: '2017-11-06T21:07:36.161Z'
System info: host: 'DESKTOP-BLFTK83', ip: '169.254.189.85', os.name: 'Windows 10', os.arch: 'amd64', os.version: '10.0', java.version: '1.8.0_102'
Driver info: com.kms.katalon.selenium.driver.CChromeDriver
Capabilities {acceptInsecureCerts: false, acceptSslCerts: false, applicationCacheEnabled: false, browserConnectionEnabled: false, browserName: chrome, chrome: {chromedriverVersion: 2.35.528161 (5b82f2d2aae0ca..., userDataDir: C:\Users\QUALIT~1\AppData\L...}, cssSelectorsEnabled: true, databaseEnabled: false, handlesAlerts: true, hasTouchScreen: false, javascriptEnabled: true, locationContextEnabled: true, mobileEmulationEnabled: false, nativeEvents: true, networkConnectionEnabled: false, pageLoadStrategy: normal, platform: XP, platformName: XP, rotatable: false, setWindowRect: true, takesHeapSnapshot: true, takesScreenshot: true, unexpectedAlertBehaviour: , unhandledPromptBehavior: , version: 66.0.3359.181, webStorageEnabled: true}
Session ID: 82a31d2668cfb50f58a6fe6247cb861c)

2018-06-09 15:51:58 - [TEST_STEP][PASSED] - selectOptionByIndex: All options with index in [1] are selected on object 'Object Repository/DispensaryToStore/Page_Dispensary Store/select_--Select--Schedule 1Inj'

2018-06-09 15:51:58 - [MESSAGE][PASSED] - All options with index in [1] are selected on object 'Object Repository/DispensaryToStore/Page_Dispensary Store/select_--Select--Schedule 1Inj'

2018-06-09 15:51:58 - [TEST_STEP][PASSED] - selectOptionByIndex: All options with index in [1] are selected on object 'Object Repository/DispensaryToStore/Page_Dispensary Store/select_--Select--Adernaline 0.'

2018-06-09 15:51:58 - [MESSAGE][PASSED] - All options with index in [1] are selected on object 'Object Repository/DispensaryToStore/Page_Dispensary Store/select_--Select--Adernaline 0.'

2018-06-09 15:51:58 - [TEST_STEP][PASSED] - setText: Text '10' is set on object 'Object Repository/DispensaryToStore/Page_Dispensary Store/input_txttreat'

2018-06-09 15:51:59 - [MESSAGE][PASSED] - Text '10' is set on object 'Object Repository/DispensaryToStore/Page_Dispensary Store/input_txttreat'

2018-06-09 15:51:59 - [TEST_STEP][PASSED] - doubleClick: Object: 'Object Repository/DispensaryToStore/Page_Dispensary Store/button_Add' is double clicked on

2018-06-09 15:51:59 - [MESSAGE][PASSED] - Object: 'Object Repository/DispensaryToStore/Page_Dispensary Store/button_Add' is double clicked on

2018-06-09 15:51:59 - [TEST_STEP][PASSED] - selectOptionByIndex: All options with index in [1] are selected on object 'Object Repository/DispensaryToStore/Page_Dispensary Store/select_--Select--Schedule 1Inj'

2018-06-09 15:51:59 - [MESSAGE][PASSED] - All options with index in [1] are selected on object 'Object Repository/DispensaryToStore/Page_Dispensary Store/select_--Select--Schedule 1Inj'

2018-06-09 15:51:59 - [TEST_STEP][PASSED] - selectOptionByIndex: All options with index in [2] are selected on object 'Object Repository/DispensaryToStore/Page_Dispensary Store/select_--Select--Adernaline 0.'

2018-06-09 15:51:59 - [MESSAGE][PASSED] - All options with index in [2] are selected on object 'Object Repository/DispensaryToStore/Page_Dispensary Store/select_--Select--Adernaline 0.'

2018-06-09 15:51:59 - [TEST_STEP][PASSED] - setText: Text '10' is set on object 'Object Repository/DispensaryToStore/Page_Dispensary Store/input_txttreat'

2018-06-09 15:51:59 - [MESSAGE][PASSED] - Text '10' is set on object 'Object Repository/DispensaryToStore/Page_Dispensary Store/input_txttreat'

2018-06-09 15:51:59 - [TEST_STEP][PASSED] - doubleClick: Object: 'Object Repository/DispensaryToStore/Page_Dispensary Store/button_Add' is double clicked on

2018-06-09 15:52:00 - [MESSAGE][PASSED] - Object: 'Object Repository/DispensaryToStore/Page_Dispensary Store/button_Add' is double clicked on

2018-06-09 15:52:00 - [TEST_STEP][PASSED] - selectOptionByIndex: All options with index in [1] are selected on object 'Object Repository/DispensaryToStore/Page_Dispensary Store/select_--Select--Schedule 1Inj'

2018-06-09 15:52:00 - [MESSAGE][PASSED] - All options with index in [1] are selected on object 'Object Repository/DispensaryToStore/Page_Dispensary Store/select_--Select--Schedule 1Inj'

2018-06-09 15:52:00 - [TEST_STEP][PASSED] - selectOptionByIndex: All options with index in [3] are selected on object 'Object Repository/DispensaryToStore/Page_Dispensary Store/select_--Select--Adernaline 0.'

2018-06-09 15:52:00 - [MESSAGE][PASSED] - All options with index in [3] are selected on object 'Object Repository/DispensaryToStore/Page_Dispensary Store/select_--Select--Adernaline 0.'

2018-06-09 15:52:00 - [TEST_STEP][PASSED] - setText: Text '10' is set on object 'Object Repository/DispensaryToStore/Page_Dispensary Store/input_txttreat'

2018-06-09 15:52:00 - [MESSAGE][PASSED] - Text '10' is set on object 'Object Repository/DispensaryToStore/Page_Dispensary Store/input_txttreat'

2018-06-09 15:52:00 - [TEST_STEP][PASSED] - doubleClick: Object: 'Object Repository/DispensaryToStore/Page_Dispensary Store/button_Add' is double clicked on

2018-06-09 15:52:00 - [MESSAGE][PASSED] - Object: 'Object Repository/DispensaryToStore/Page_Dispensary Store/button_Add' is double clicked on

2018-06-09 15:52:00 - [TEST_STEP][PASSED] - selectOptionByIndex: All options with index in [1] are selected on object 'Object Repository/DispensaryToStore/Page_Dispensary Store/select_--Select--Schedule 1Inj'

2018-06-09 15:52:00 - [MESSAGE][PASSED] - All options with index in [1] are selected on object 'Object Repository/DispensaryToStore/Page_Dispensary Store/select_--Select--Schedule 1Inj'

2018-06-09 15:52:00 - [TEST_STEP][PASSED] - selectOptionByIndex: All options with index in [4] are selected on object 'Object Repository/DispensaryToStore/Page_Dispensary Store/select_--Select--Adernaline 0.'

2018-06-09 15:52:01 - [MESSAGE][PASSED] - All options with index in [4] are selected on object 'Object Repository/DispensaryToStore/Page_Dispensary Store/select_--Select--Adernaline 0.'

2018-06-09 15:52:01 - [TEST_STEP][PASSED] - setText: Text '10' is set on object 'Object Repository/DispensaryToStore/Page_Dispensary Store/input_txttreat'

2018-06-09 15:52:01 - [MESSAGE][PASSED] - Text '10' is set on object 'Object Repository/DispensaryToStore/Page_Dispensary Store/input_txttreat'

2018-06-09 15:52:01 - [TEST_STEP][PASSED] - doubleClick: Object: 'Object Repository/DispensaryToStore/Page_Dispensary Store/button_Add' is double clicked on

2018-06-09 15:52:01 - [MESSAGE][PASSED] - Object: 'Object Repository/DispensaryToStore/Page_Dispensary Store/button_Add' is double clicked on

2018-06-09 15:52:01 - [TEST_STEP][PASSED] - selectOptionByIndex: All options with index in [1] are selected on object 'Object Repository/DispensaryToStore/Page_Dispensary Store/select_--Select--Schedule 1Inj'

2018-06-09 15:52:01 - [MESSAGE][PASSED] - All options with index in [1] are selected on object 'Object Repository/DispensaryToStore/Page_Dispensary Store/select_--Select--Schedule 1Inj'

2018-06-09 15:52:01 - [TEST_STEP][PASSED] - selectOptionByIndex: All options with index in [5] are selected on object 'Object Repository/DispensaryToStore/Page_Dispensary Store/select_--Select--Adernaline 0.'

2018-06-09 15:52:01 - [MESSAGE][PASSED] - All options with index in [5] are selected on object 'Object Repository/DispensaryToStore/Page_Dispensary Store/select_--Select--Adernaline 0.'

2018-06-09 15:52:01 - [TEST_STEP][PASSED] - setText: Text '10' is set on object 'Object Repository/DispensaryToStore/Page_Dispensary Store/input_txttreat'

2018-06-09 15:52:02 - [MESSAGE][PASSED] - Text '10' is set on object 'Object Repository/DispensaryToStore/Page_Dispensary Store/input_txttreat'

2018-06-09 15:52:02 - [TEST_STEP][PASSED] - doubleClick: Object: 'Object Repository/DispensaryToStore/Page_Dispensary Store/button_Add' is double clicked on

2018-06-09 15:52:02 - [MESSAGE][PASSED] - Object: 'Object Repository/DispensaryToStore/Page_Dispensary Store/button_Add' is double clicked on

2018-06-09 15:52:02 - [TEST_STEP][PASSED] - selectOptionByIndex: All options with index in [1] are selected on object 'Object Repository/DispensaryToStore/Page_Dispensary Store/select_--Select--Schedule 1Inj'

2018-06-09 15:52:02 - [MESSAGE][PASSED] - All options with index in [1] are selected on object 'Object Repository/DispensaryToStore/Page_Dispensary Store/select_--Select--Schedule 1Inj'

2018-06-09 15:52:02 - [TEST_STEP][PASSED] - selectOptionByIndex: All options with index in [6] are selected on object 'Object Repository/DispensaryToStore/Page_Dispensary Store/select_--Select--Adernaline 0.'

2018-06-09 15:52:02 - [MESSAGE][PASSED] - All options with index in [6] are selected on object 'Object Repository/DispensaryToStore/Page_Dispensary Store/select_--Select--Adernaline 0.'

2018-06-09 15:52:02 - [TEST_STEP][PASSED] - setText: Text '10' is set on object 'Object Repository/DispensaryToStore/Page_Dispensary Store/input_txttreat'

2018-06-09 15:52:02 - [MESSAGE][PASSED] - Text '10' is set on object 'Object Repository/DispensaryToStore/Page_Dispensary Store/input_txttreat'

2018-06-09 15:52:02 - [TEST_STEP][PASSED] - doubleClick: Object: 'Object Repository/DispensaryToStore/Page_Dispensary Store/button_Add' is double clicked on

2018-06-09 15:52:02 - [MESSAGE][PASSED] - Object: 'Object Repository/DispensaryToStore/Page_Dispensary Store/button_Add' is double clicked on

2018-06-09 15:52:02 - [TEST_STEP][PASSED] - selectOptionByIndex: All options with index in [1] are selected on object 'Object Repository/DispensaryToStore/Page_Dispensary Store/select_--Select--Schedule 1Inj'

2018-06-09 15:52:03 - [MESSAGE][PASSED] - All options with index in [1] are selected on object 'Object Repository/DispensaryToStore/Page_Dispensary Store/select_--Select--Schedule 1Inj'

2018-06-09 15:52:03 - [TEST_STEP][PASSED] - selectOptionByIndex: All options with index in [7] are selected on object 'Object Repository/DispensaryToStore/Page_Dispensary Store/select_--Select--Adernaline 0.'

2018-06-09 15:52:03 - [MESSAGE][PASSED] - All options with index in [7] are selected on object 'Object Repository/DispensaryToStore/Page_Dispensary Store/select_--Select--Adernaline 0.'

2018-06-09 15:52:03 - [TEST_STEP][PASSED] - setText: Text '10' is set on object 'Object Repository/DispensaryToStore/Page_Dispensary Store/input_txttreat'

2018-06-09 15:52:03 - [MESSAGE][PASSED] - Text '10' is set on object 'Object Repository/DispensaryToStore/Page_Dispensary Store/input_txttreat'

2018-06-09 15:52:03 - [TEST_STEP][PASSED] - doubleClick: Object: 'Object Repository/DispensaryToStore/Page_Dispensary Store/button_Add' is double clicked on

2018-06-09 15:52:03 - [MESSAGE][PASSED] - Object: 'Object Repository/DispensaryToStore/Page_Dispensary Store/button_Add' is double clicked on

2018-06-09 15:52:03 - [TEST_STEP][PASSED] - selectOptionByIndex: All options with index in [1] are selected on object 'Object Repository/DispensaryToStore/Page_Dispensary Store/select_--Select--Schedule 1Inj'

2018-06-09 15:52:03 - [MESSAGE][PASSED] - All options with index in [1] are selected on object 'Object Repository/DispensaryToStore/Page_Dispensary Store/select_--Select--Schedule 1Inj'

2018-06-09 15:52:03 - [TEST_STEP][PASSED] - selectOptionByIndex: All options with index in [8] are selected on object 'Object Repository/DispensaryToStore/Page_Dispensary Store/select_--Select--Adernaline 0.'

2018-06-09 15:52:04 - [MESSAGE][PASSED] - All options with index in [8] are selected on object 'Object Repository/DispensaryToStore/Page_Dispensary Store/select_--Select--Adernaline 0.'

2018-06-09 15:52:04 - [TEST_STEP][PASSED] - setText: Text '10' is set on object 'Object Repository/DispensaryToStore/Page_Dispensary Store/input_txttreat'

2018-06-09 15:52:04 - [MESSAGE][PASSED] - Text '10' is set on object 'Object Repository/DispensaryToStore/Page_Dispensary Store/input_txttreat'

2018-06-09 15:52:04 - [TEST_STEP][PASSED] - doubleClick: Object: 'Object Repository/DispensaryToStore/Page_Dispensary Store/button_Add' is double clicked on

2018-06-09 15:52:04 - [MESSAGE][PASSED] - Object: 'Object Repository/DispensaryToStore/Page_Dispensary Store/button_Add' is double clicked on

2018-06-09 15:52:04 - [TEST_STEP][PASSED] - selectOptionByIndex: All options with index in [1] are selected on object 'Object Repository/DispensaryToStore/Page_Dispensary Store/select_--Select--Schedule 1Inj'

2018-06-09 15:52:04 - [MESSAGE][PASSED] - All options with index in [1] are selected on object 'Object Repository/DispensaryToStore/Page_Dispensary Store/select_--Select--Schedule 1Inj'

2018-06-09 15:52:04 - [TEST_STEP][PASSED] - selectOptionByIndex: All options with index in [9] are selected on object 'Object Repository/DispensaryToStore/Page_Dispensary Store/select_--Select--Adernaline 0.'

2018-06-09 15:52:04 - [MESSAGE][PASSED] - All options with index in [9] are selected on object 'Object Repository/DispensaryToStore/Page_Dispensary Store/select_--Select--Adernaline 0.'

2018-06-09 15:52:04 - [TEST_STEP][PASSED] - setText: Text '10' is set on object 'Object Repository/DispensaryToStore/Page_Dispensary Store/input_txttreat'

2018-06-09 15:52:04 - [MESSAGE][PASSED] - Text '10' is set on object 'Object Repository/DispensaryToStore/Page_Dispensary Store/input_txttreat'

2018-06-09 15:52:04 - [TEST_STEP][PASSED] - doubleClick: Object: 'Object Repository/DispensaryToStore/Page_Dispensary Store/button_Add' is double clicked on

2018-06-09 15:52:05 - [MESSAGE][PASSED] - Object: 'Object Repository/DispensaryToStore/Page_Dispensary Store/button_Add' is double clicked on

2018-06-09 15:52:05 - [TEST_STEP][PASSED] - selectOptionByIndex: All options with index in [1] are selected on object 'Object Repository/DispensaryToStore/Page_Dispensary Store/select_--Select--Schedule 1Inj'

2018-06-09 15:52:05 - [MESSAGE][PASSED] - All options with index in [1] are selected on object 'Object Repository/DispensaryToStore/Page_Dispensary Store/select_--Select--Schedule 1Inj'

2018-06-09 15:52:05 - [TEST_STEP][PASSED] - selectOptionByIndex: All options with index in [10] are selected on object 'Object Repository/DispensaryToStore/Page_Dispensary Store/select_--Select--Adernaline 0.'

2018-06-09 15:52:05 - [MESSAGE][PASSED] - All options with index in [10] are selected on object 'Object Repository/DispensaryToStore/Page_Dispensary Store/select_--Select--Adernaline 0.'

2018-06-09 15:52:05 - [TEST_STEP][PASSED] - setText: Text '10' is set on object 'Object Repository/DispensaryToStore/Page_Dispensary Store/input_txttreat'

2018-06-09 15:52:05 - [MESSAGE][PASSED] - Text '10' is set on object 'Object Repository/DispensaryToStore/Page_Dispensary Store/input_txttreat'

2018-06-09 15:52:05 - [TEST_STEP][PASSED] - doubleClick: Object: 'Object Repository/DispensaryToStore/Page_Dispensary Store/button_Add' is double clicked on

2018-06-09 15:52:05 - [MESSAGE][PASSED] - Object: 'Object Repository/DispensaryToStore/Page_Dispensary Store/button_Add' is double clicked on

2018-06-09 15:52:05 - [TEST_STEP][PASSED] - selectOptionByIndex: All options with index in [1] are selected on object 'Object Repository/DispensaryToStore/Page_Dispensary Store/select_--Select--Schedule 1Inj'

2018-06-09 15:52:06 - [MESSAGE][PASSED] - All options with index in [1] are selected on object 'Object Repository/DispensaryToStore/Page_Dispensary Store/select_--Select--Schedule 1Inj'

2018-06-09 15:52:06 - [TEST_STEP][PASSED] - selectOptionByIndex: All options with index in [11] are selected on object 'Object Repository/DispensaryToStore/Page_Dispensary Store/select_--Select--Adernaline 0.'

2018-06-09 15:52:06 - [MESSAGE][PASSED] - All options with index in [11] are selected on object 'Object Repository/DispensaryToStore/Page_Dispensary Store/select_--Select--Adernaline 0.'

2018-06-09 15:52:06 - [TEST_STEP][PASSED] - setText: Text '10' is set on object 'Object Repository/DispensaryToStore/Page_Dispensary Store/input_txttreat'

2018-06-09 15:52:06 - [MESSAGE][PASSED] - Text '10' is set on object 'Object Repository/DispensaryToStore/Page_Dispensary Store/input_txttreat'

2018-06-09 15:52:06 - [TEST_STEP][PASSED] - doubleClick: Object: 'Object Repository/DispensaryToStore/Page_Dispensary Store/button_Add' is double clicked on

2018-06-09 15:52:06 - [MESSAGE][PASSED] - Object: 'Object Repository/DispensaryToStore/Page_Dispensary Store/button_Add' is double clicked on

2018-06-09 15:52:06 - [TEST_STEP][PASSED] - selectOptionByIndex: All options with index in [1] are selected on object 'Object Repository/DispensaryToStore/Page_Dispensary Store/select_--Select--Schedule 1Inj'

2018-06-09 15:52:06 - [MESSAGE][PASSED] - All options with index in [1] are selected on object 'Object Repository/DispensaryToStore/Page_Dispensary Store/select_--Select--Schedule 1Inj'

2018-06-09 15:52:06 - [TEST_STEP][PASSED] - selectOptionByIndex: All options with index in [12] are selected on object 'Object Repository/DispensaryToStore/Page_Dispensary Store/select_--Select--Adernaline 0.'

2018-06-09 15:52:07 - [MESSAGE][PASSED] - All options with index in [12] are selected on object 'Object Repository/DispensaryToStore/Page_Dispensary Store/select_--Select--Adernaline 0.'

2018-06-09 15:52:07 - [TEST_STEP][PASSED] - setText: Text '10' is set on object 'Object Repository/DispensaryToStore/Page_Dispensary Store/input_txttreat'

2018-06-09 15:52:07 - [MESSAGE][PASSED] - Text '10' is set on object 'Object Repository/DispensaryToStore/Page_Dispensary Store/input_txttreat'

2018-06-09 15:52:07 - [TEST_STEP][PASSED] - doubleClick: Object: 'Object Repository/DispensaryToStore/Page_Dispensary Store/button_Add' is double clicked on

2018-06-09 15:52:07 - [MESSAGE][PASSED] - Object: 'Object Repository/DispensaryToStore/Page_Dispensary Store/button_Add' is double clicked on

2018-06-09 15:52:07 - [TEST_STEP][PASSED] - selectOptionByIndex: All options with index in [1] are selected on object 'Object Repository/DispensaryToStore/Page_Dispensary Store/select_--Select--Schedule 1Inj'

2018-06-09 15:52:07 - [MESSAGE][PASSED] - All options with index in [1] are selected on object 'Object Repository/DispensaryToStore/Page_Dispensary Store/select_--Select--Schedule 1Inj'

2018-06-09 15:52:07 - [TEST_STEP][PASSED] - selectOptionByIndex: All options with index in [13] are selected on object 'Object Repository/DispensaryToStore/Page_Dispensary Store/select_--Select--Adernaline 0.'

2018-06-09 15:52:07 - [MESSAGE][PASSED] - All options with index in [13] are selected on object 'Object Repository/DispensaryToStore/Page_Dispensary Store/select_--Select--Adernaline 0.'

2018-06-09 15:52:07 - [TEST_STEP][PASSED] - setText: Text '10' is set on object 'Object Repository/DispensaryToStore/Page_Dispensary Store/input_txttreat'

2018-06-09 15:52:08 - [MESSAGE][PASSED] - Text '10' is set on object 'Object Repository/DispensaryToStore/Page_Dispensary Store/input_txttreat'

2018-06-09 15:52:08 - [TEST_STEP][PASSED] - doubleClick: Object: 'Object Repository/DispensaryToStore/Page_Dispensary Store/button_Add' is double clicked on

2018-06-09 15:52:08 - [MESSAGE][PASSED] - Object: 'Object Repository/DispensaryToStore/Page_Dispensary Store/button_Add' is double clicked on

2018-06-09 15:52:08 - [TEST_STEP][PASSED] - selectOptionByIndex: All options with index in [1] are selected on object 'Object Repository/DispensaryToStore/Page_Dispensary Store/select_--Select--Schedule 1Inj'

2018-06-09 15:52:08 - [MESSAGE][PASSED] - All options with index in [1] are selected on object 'Object Repository/DispensaryToStore/Page_Dispensary Store/select_--Select--Schedule 1Inj'

2018-06-09 15:52:08 - [TEST_STEP][PASSED] - selectOptionByIndex: All options with index in [14] are selected on object 'Object Repository/DispensaryToStore/Page_Dispensary Store/select_--Select--Adernaline 0.'

2018-06-09 15:52:08 - [MESSAGE][PASSED] - All options with index in [14] are selected on object 'Object Repository/DispensaryToStore/Page_Dispensary Store/select_--Select--Adernaline 0.'

2018-06-09 15:52:08 - [TEST_STEP][PASSED] - setText: Text '10' is set on object 'Object Repository/DispensaryToStore/Page_Dispensary Store/input_txttreat'

2018-06-09 15:52:08 - [MESSAGE][PASSED] - Text '10' is set on object 'Object Repository/DispensaryToStore/Page_Dispensary Store/input_txttreat'

2018-06-09 15:52:08 - [TEST_STEP][PASSED] - doubleClick: Object: 'Object Repository/DispensaryToStore/Page_Dispensary Store/button_Add' is double clicked on

2018-06-09 15:52:08 - [MESSAGE][PASSED] - Object: 'Object Repository/DispensaryToStore/Page_Dispensary Store/button_Add' is double clicked on

2018-06-09 15:52:08 - [TEST_STEP][PASSED] - selectOptionByIndex: All options with index in [1] are selected on object 'Object Repository/DispensaryToStore/Page_Dispensary Store/select_--Select--Schedule 1Inj'

2018-06-09 15:52:09 - [MESSAGE][PASSED] - All options with index in [1] are selected on object 'Object Repository/DispensaryToStore/Page_Dispensary Store/select_--Select--Schedule 1Inj'

2018-06-09 15:52:09 - [TEST_STEP][PASSED] - selectOptionByIndex: All options with index in [15] are selected on object 'Object Repository/DispensaryToStore/Page_Dispensary Store/select_--Select--Adernaline 0.'

2018-06-09 15:52:09 - [MESSAGE][PASSED] - All options with index in [15] are selected on object 'Object Repository/DispensaryToStore/Page_Dispensary Store/select_--Select--Adernaline 0.'

2018-06-09 15:52:09 - [TEST_STEP][PASSED] - setText: Text '10' is set on object 'Object Repository/DispensaryToStore/Page_Dispensary Store/input_txttreat'

2018-06-09 15:52:09 - [MESSAGE][PASSED] - Text '10' is set on object 'Object Repository/DispensaryToStore/Page_Dispensary Store/input_txttreat'

2018-06-09 15:52:09 - [TEST_STEP][PASSED] - doubleClick: Object: 'Object Repository/DispensaryToStore/Page_Dispensary Store/button_Add' is double clicked on

2018-06-09 15:52:09 - [MESSAGE][PASSED] - Object: 'Object Repository/DispensaryToStore/Page_Dispensary Store/button_Add' is double clicked on

2018-06-09 15:52:09 - [TEST_STEP][PASSED] - selectOptionByIndex: All options with index in [1] are selected on object 'Object Repository/DispensaryToStore/Page_Dispensary Store/select_--Select--Schedule 1Inj'

2018-06-09 15:52:09 - [MESSAGE][PASSED] - All options with index in [1] are selected on object 'Object Repository/DispensaryToStore/Page_Dispensary Store/select_--Select--Schedule 1Inj'

2018-06-09 15:52:09 - [TEST_STEP][PASSED] - selectOptionByIndex: All options with index in [16] are selected on object 'Object Repository/DispensaryToStore/Page_Dispensary Store/select_--Select--Adernaline 0.'

2018-06-09 15:52:10 - [MESSAGE][PASSED] - All options with index in [16] are selected on object 'Object Repository/DispensaryToStore/Page_Dispensary Store/select_--Select--Adernaline 0.'

2018-06-09 15:52:10 - [TEST_STEP][PASSED] - setText: Text '10' is set on object 'Object Repository/DispensaryToStore/Page_Dispensary Store/input_txttreat'

2018-06-09 15:52:10 - [MESSAGE][PASSED] - Text '10' is set on object 'Object Repository/DispensaryToStore/Page_Dispensary Store/input_txttreat'

2018-06-09 15:52:10 - [TEST_STEP][PASSED] - doubleClick: Object: 'Object Repository/DispensaryToStore/Page_Dispensary Store/button_Add' is double clicked on

2018-06-09 15:52:10 - [MESSAGE][PASSED] - Object: 'Object Repository/DispensaryToStore/Page_Dispensary Store/button_Add' is double clicked on

2018-06-09 15:52:10 - [TEST_STEP][PASSED] - selectOptionByIndex: All options with index in [1] are selected on object 'Object Repository/DispensaryToStore/Page_Dispensary Store/select_--Select--Schedule 1Inj'

2018-06-09 15:52:10 - [MESSAGE][PASSED] - All options with index in [1] are selected on object 'Object Repository/DispensaryToStore/Page_Dispensary Store/select_--Select--Schedule 1Inj'

2018-06-09 15:52:10 - [TEST_STEP][PASSED] - selectOptionByIndex: All options with index in [17] are selected on object 'Object Repository/DispensaryToStore/Page_Dispensary Store/select_--Select--Adernaline 0.'

2018-06-09 15:52:11 - [MESSAGE][PASSED] - All options with index in [17] are selected on object 'Object Repository/DispensaryToStore/Page_Dispensary Store/select_--Select--Adernaline 0.'

2018-06-09 15:52:11 - [TEST_STEP][PASSED] - setText: Text '10' is set on object 'Object Repository/DispensaryToStore/Page_Dispensary Store/input_txttreat'

2018-06-09 15:52:11 - [MESSAGE][PASSED] - Text '10' is set on object 'Object Repository/DispensaryToStore/Page_Dispensary Store/input_txttreat'

2018-06-09 15:52:11 - [TEST_STEP][PASSED] - doubleClick: Object: 'Object Repository/DispensaryToStore/Page_Dispensary Store/button_Add' is double clicked on

2018-06-09 15:52:11 - [MESSAGE][PASSED] - Object: 'Object Repository/DispensaryToStore/Page_Dispensary Store/button_Add' is double clicked on

2018-06-09 15:52:11 - [TEST_STEP][PASSED] - selectOptionByIndex: All options with index in [1] are selected on object 'Object Repository/DispensaryToStore/Page_Dispensary Store/select_--Select--Schedule 1Inj'

2018-06-09 15:52:11 - [MESSAGE][PASSED] - All options with index in [1] are selected on object 'Object Repository/DispensaryToStore/Page_Dispensary Store/select_--Select--Schedule 1Inj'

2018-06-09 15:52:11 - [TEST_STEP][PASSED] - selectOptionByIndex: All options with index in [18] are selected on object 'Object Repository/DispensaryToStore/Page_Dispensary Store/select_--Select--Adernaline 0.'

2018-06-09 15:52:11 - [MESSAGE][PASSED] - All options with index in [18] are selected on object 'Object Repository/DispensaryToStore/Page_Dispensary Store/select_--Select--Adernaline 0.'

2018-06-09 15:52:11 - [TEST_STEP][PASSED] - setText: Text '10' is set on object 'Object Repository/DispensaryToStore/Page_Dispensary Store/input_txttreat'

2018-06-09 15:52:12 - [MESSAGE][PASSED] - Text '10' is set on object 'Object Repository/DispensaryToStore/Page_Dispensary Store/input_txttreat'

2018-06-09 15:52:12 - [TEST_STEP][PASSED] - doubleClick: Object: 'Object Repository/DispensaryToStore/Page_Dispensary Store/button_Add' is double clicked on

2018-06-09 15:52:12 - [MESSAGE][PASSED] - Object: 'Object Repository/DispensaryToStore/Page_Dispensary Store/button_Add' is double clicked on

2018-06-09 15:52:12 - [TEST_STEP][PASSED] - selectOptionByIndex: All options with index in [1] are selected on object 'Object Repository/DispensaryToStore/Page_Dispensary Store/select_--Select--Schedule 1Inj'

2018-06-09 15:52:12 - [MESSAGE][PASSED] - All options with index in [1] are selected on object 'Object Repository/DispensaryToStore/Page_Dispensary Store/select_--Select--Schedule 1Inj'

2018-06-09 15:52:12 - [TEST_STEP][PASSED] - selectOptionByIndex: All options with index in [19] are selected on object 'Object Repository/DispensaryToStore/Page_Dispensary Store/select_--Select--Adernaline 0.'

2018-06-09 15:52:12 - [MESSAGE][PASSED] - All options with index in [19] are selected on object 'Object Repository/DispensaryToStore/Page_Dispensary Store/select_--Select--Adernaline 0.'

2018-06-09 15:52:12 - [TEST_STEP][PASSED] - setText: Text '10' is set on object 'Object Repository/DispensaryToStore/Page_Dispensary Store/input_txttreat'

2018-06-09 15:52:12 - [MESSAGE][PASSED] - Text '10' is set on object 'Object Repository/DispensaryToStore/Page_Dispensary Store/input_txttreat'

2018-06-09 15:52:12 - [TEST_STEP][PASSED] - doubleClick: Object: 'Object Repository/DispensaryToStore/Page_Dispensary Store/button_Add' is double clicked on

2018-06-09 15:52:12 - [MESSAGE][PASSED] - Object: 'Object Repository/DispensaryToStore/Page_Dispensary Store/button_Add' is double clicked on

2018-06-09 15:52:12 - [TEST_STEP][PASSED] - selectOptionByIndex: All options with index in [1] are selected on object 'Object Repository/DispensaryToStore/Page_Dispensary Store/select_--Select--Schedule 1Inj'

2018-06-09 15:52:13 - [MESSAGE][PASSED] - All options with index in [1] are selected on object 'Object Repository/DispensaryToStore/Page_Dispensary Store/select_--Select--Schedule 1Inj'

2018-06-09 15:52:13 - [TEST_STEP][PASSED] - selectOptionByIndex: All options with index in [20] are selected on object 'Object Repository/DispensaryToStore/Page_Dispensary Store/select_--Select--Adernaline 0.'

2018-06-09 15:52:13 - [MESSAGE][PASSED] - All options with index in [20] are selected on object 'Object Repository/DispensaryToStore/Page_Dispensary Store/select_--Select--Adernaline 0.'

2018-06-09 15:52:13 - [TEST_STEP][PASSED] - setText: Text '10' is set on object 'Object Repository/DispensaryToStore/Page_Dispensary Store/input_txttreat'

2018-06-09 15:52:13 - [MESSAGE][PASSED] - Text '10' is set on object 'Object Repository/DispensaryToStore/Page_Dispensary Store/input_txttreat'

2018-06-09 15:52:13 - [TEST_STEP][PASSED] - doubleClick: Object: 'Object Repository/DispensaryToStore/Page_Dispensary Store/button_Add' is double clicked on

2018-06-09 15:52:13 - [MESSAGE][PASSED] - Object: 'Object Repository/DispensaryToStore/Page_Dispensary Store/button_Add' is double clicked on

2018-06-09 15:52:13 - [TEST_STEP][PASSED] - selectOptionByIndex: All options with index in [1] are selected on object 'Object Repository/DispensaryToStore/Page_Dispensary Store/select_--Select--Schedule 1Inj'

2018-06-09 15:52:13 - [MESSAGE][PASSED] - All options with index in [1] are selected on object 'Object Repository/DispensaryToStore/Page_Dispensary Store/select_--Select--Schedule 1Inj'

2018-06-09 15:52:13 - [TEST_STEP][PASSED] - selectOptionByIndex: All options with index in [21] are selected on object 'Object Repository/DispensaryToStore/Page_Dispensary Store/select_--Select--Adernaline 0.'

2018-06-09 15:52:14 - [MESSAGE][PASSED] - All options with index in [21] are selected on object 'Object Repository/DispensaryToStore/Page_Dispensary Store/select_--Select--Adernaline 0.'

2018-06-09 15:52:14 - [TEST_STEP][PASSED] - setText: Text '10' is set on object 'Object Repository/DispensaryToStore/Page_Dispensary Store/input_txttreat'

2018-06-09 15:52:14 - [MESSAGE][PASSED] - Text '10' is set on object 'Object Repository/DispensaryToStore/Page_Dispensary Store/input_txttreat'

2018-06-09 15:52:14 - [TEST_STEP][PASSED] - doubleClick: Object: 'Object Repository/DispensaryToStore/Page_Dispensary Store/button_Add' is double clicked on

2018-06-09 15:52:14 - [MESSAGE][PASSED] - Object: 'Object Repository/DispensaryToStore/Page_Dispensary Store/button_Add' is double clicked on

2018-06-09 15:52:14 - [TEST_STEP][PASSED] - selectOptionByIndex: All options with index in [1] are selected on object 'Object Repository/DispensaryToStore/Page_Dispensary Store/select_--Select--Schedule 1Inj'

2018-06-09 15:52:14 - [MESSAGE][PASSED] - All options with index in [1] are selected on object 'Object Repository/DispensaryToStore/Page_Dispensary Store/select_--Select--Schedule 1Inj'

2018-06-09 15:52:14 - [TEST_STEP][PASSED] - selectOptionByIndex: All options with index in [22] are selected on object 'Object Repository/DispensaryToStore/Page_Dispensary Store/select_--Select--Adernaline 0.'

2018-06-09 15:52:15 - [MESSAGE][PASSED] - All options with index in [22] are selected on object 'Object Repository/DispensaryToStore/Page_Dispensary Store/select_--Select--Adernaline 0.'

2018-06-09 15:52:15 - [TEST_STEP][PASSED] - setText: Text '10' is set on object 'Object Repository/DispensaryToStore/Page_Dispensary Store/input_txttreat'

2018-06-09 15:52:15 - [MESSAGE][PASSED] - Text '10' is set on object 'Object Repository/DispensaryToStore/Page_Dispensary Store/input_txttreat'

2018-06-09 15:52:15 - [TEST_STEP][PASSED] - doubleClick: Object: 'Object Repository/DispensaryToStore/Page_Dispensary Store/button_Add' is double clicked on

2018-06-09 15:52:15 - [MESSAGE][PASSED] - Object: 'Object Repository/DispensaryToStore/Page_Dispensary Store/button_Add' is double clicked on

2018-06-09 15:52:15 - [TEST_STEP][PASSED] - selectOptionByIndex: All options with index in [1] are selected on object 'Object Repository/DispensaryToStore/Page_Dispensary Store/select_--Select--Schedule 1Inj'

2018-06-09 15:52:15 - [MESSAGE][PASSED] - All options with index in [1] are selected on object 'Object Repository/DispensaryToStore/Page_Dispensary Store/select_--Select--Schedule 1Inj'

2018-06-09 15:52:15 - [TEST_STEP][PASSED] - selectOptionByIndex: All options with index in [23] are selected on object 'Object Repository/DispensaryToStore/Page_Dispensary Store/select_--Select--Adernaline 0.'

2018-06-09 15:52:16 - [MESSAGE][PASSED] - All options with index in [23] are selected on object 'Object Repository/DispensaryToStore/Page_Dispensary Store/select_--Select--Adernaline 0.'

2018-06-09 15:52:16 - [TEST_STEP][PASSED] - setText: Text '10' is set on object 'Object Repository/DispensaryToStore/Page_Dispensary Store/input_txttreat'

2018-06-09 15:52:16 - [MESSAGE][PASSED] - Text '10' is set on object 'Object Repository/DispensaryToStore/Page_Dispensary Store/input_txttreat'

2018-06-09 15:52:16 - [TEST_STEP][PASSED] - doubleClick: Object: 'Object Repository/DispensaryToStore/Page_Dispensary Store/button_Add' is double clicked on

2018-06-09 15:52:16 - [MESSAGE][PASSED] - Object: 'Object Repository/DispensaryToStore/Page_Dispensary Store/button_Add' is double clicked on

2018-06-09 15:52:16 - [TEST_STEP][PASSED] - selectOptionByIndex: All options with index in [1] are selected on object 'Object Repository/DispensaryToStore/Page_Dispensary Store/select_--Select--Schedule 1Inj'

2018-06-09 15:52:16 - [MESSAGE][PASSED] - All options with index in [1] are selected on object 'Object Repository/DispensaryToStore/Page_Dispensary Store/select_--Select--Schedule 1Inj'

2018-06-09 15:52:16 - [TEST_STEP][PASSED] - selectOptionByIndex: All options with index in [24] are selected on object 'Object Repository/DispensaryToStore/Page_Dispensary Store/select_--Select--Adernaline 0.'

2018-06-09 15:52:17 - [MESSAGE][PASSED] - All options with index in [24] are selected on object 'Object Repository/DispensaryToStore/Page_Dispensary Store/select_--Select--Adernaline 0.'

2018-06-09 15:52:17 - [TEST_STEP][PASSED] - setText: Text '10' is set on object 'Object Repository/DispensaryToStore/Page_Dispensary Store/input_txttreat'

2018-06-09 15:52:17 - [MESSAGE][PASSED] - Text '10' is set on object 'Object Repository/DispensaryToStore/Page_Dispensary Store/input_txttreat'

2018-06-09 15:52:17 - [TEST_STEP][PASSED] - doubleClick: Object: 'Object Repository/DispensaryToStore/Page_Dispensary Store/button_Add' is double clicked on

2018-06-09 15:52:17 - [MESSAGE][PASSED] - Object: 'Object Repository/DispensaryToStore/Page_Dispensary Store/button_Add' is double clicked on

2018-06-09 15:52:17 - [TEST_STEP][PASSED] - selectOptionByIndex: All options with index in [1] are selected on object 'Object Repository/DispensaryToStore/Page_Dispensary Store/select_--Select--Schedule 1Inj'

2018-06-09 15:52:17 - [MESSAGE][PASSED] - All options with index in [1] are selected on object 'Object Repository/DispensaryToStore/Page_Dispensary Store/select_--Select--Schedule 1Inj'

2018-06-09 15:52:17 - [TEST_STEP][PASSED] - selectOptionByIndex: All options with index in [25] are selected on object 'Object Repository/DispensaryToStore/Page_Dispensary Store/select_--Select--Adernaline 0.'

2018-06-09 15:52:17 - [MESSAGE][PASSED] - All options with index in [25] are selected on object 'Object Repository/DispensaryToStore/Page_Dispensary Store/select_--Select--Adernaline 0.'

2018-06-09 15:52:17 - [TEST_STEP][PASSED] - setText: Text '10' is set on object 'Object Repository/DispensaryToStore/Page_Dispensary Store/input_txttreat'

2018-06-09 15:52:18 - [MESSAGE][PASSED] - Text '10' is set on object 'Object Repository/DispensaryToStore/Page_Dispensary Store/input_txttreat'

2018-06-09 15:52:18 - [TEST_STEP][PASSED] - doubleClick: Object: 'Object Repository/DispensaryToStore/Page_Dispensary Store/button_Add' is double clicked on

2018-06-09 15:52:18 - [MESSAGE][PASSED] - Object: 'Object Repository/DispensaryToStore/Page_Dispensary Store/button_Add' is double clicked on

2018-06-09 15:52:18 - [TEST_STEP][PASSED] - selectOptionByIndex: All options with index in [1] are selected on object 'Object Repository/DispensaryToStore/Page_Dispensary Store/select_--Select--Schedule 1Inj'

2018-06-09 15:52:18 - [MESSAGE][PASSED] - All options with index in [1] are selected on object 'Object Repository/DispensaryToStore/Page_Dispensary Store/select_--Select--Schedule 1Inj'

2018-06-09 15:52:18 - [TEST_STEP][PASSED] - selectOptionByIndex: All options with index in [26] are selected on object 'Object Repository/DispensaryToStore/Page_Dispensary Store/select_--Select--Adernaline 0.'

2018-06-09 15:52:18 - [MESSAGE][PASSED] - All options with index in [26] are selected on object 'Object Repository/DispensaryToStore/Page_Dispensary Store/select_--Select--Adernaline 0.'

2018-06-09 15:52:18 - [TEST_STEP][PASSED] - setText: Text '10' is set on object 'Object Repository/DispensaryToStore/Page_Dispensary Store/input_txttreat'

2018-06-09 15:52:19 - [MESSAGE][PASSED] - Text '10' is set on object 'Object Repository/DispensaryToStore/Page_Dispensary Store/input_txttreat'

2018-06-09 15:52:19 - [TEST_STEP][PASSED] - doubleClick: Object: 'Object Repository/DispensaryToStore/Page_Dispensary Store/button_Add' is double clicked on

2018-06-09 15:52:19 - [MESSAGE][PASSED] - Object: 'Object Repository/DispensaryToStore/Page_Dispensary Store/button_Add' is double clicked on

2018-06-09 15:52:19 - [TEST_STEP][PASSED] - selectOptionByIndex: All options with index in [1] are selected on object 'Object Repository/DispensaryToStore/Page_Dispensary Store/select_--Select--Schedule 1Inj'

2018-06-09 15:52:19 - [MESSAGE][PASSED] - All options with index in [1] are selected on object 'Object Repository/DispensaryToStore/Page_Dispensary Store/select_--Select--Schedule 1Inj'

2018-06-09 15:52:19 - [TEST_STEP][PASSED] - selectOptionByIndex: All options with index in [27] are selected on object 'Object Repository/DispensaryToStore/Page_Dispensary Store/select_--Select--Adernaline 0.'

2018-06-09 15:52:19 - [MESSAGE][PASSED] - All options with index in [27] are selected on object 'Object Repository/DispensaryToStore/Page_Dispensary Store/select_--Select--Adernaline 0.'

2018-06-09 15:52:19 - [TEST_STEP][PASSED] - setText: Text '10' is set on object 'Object Repository/DispensaryToStore/Page_Dispensary Store/input_txttreat'

2018-06-09 15:52:19 - [MESSAGE][PASSED] - Text '10' is set on object 'Object Repository/DispensaryToStore/Page_Dispensary Store/input_txttreat'

2018-06-09 15:52:19 - [TEST_STEP][PASSED] - doubleClick: Object: 'Object Repository/DispensaryToStore/Page_Dispensary Store/button_Add' is double clicked on

2018-06-09 15:52:20 - [MESSAGE][PASSED] - Object: 'Object Repository/DispensaryToStore/Page_Dispensary Store/button_Add' is double clicked on

2018-06-09 15:52:20 - [TEST_STEP][PASSED] - selectOptionByIndex: All options with index in [1] are selected on object 'Object Repository/DispensaryToStore/Page_Dispensary Store/select_--Select--Schedule 1Inj'

2018-06-09 15:52:20 - [MESSAGE][PASSED] - All options with index in [1] are selected on object 'Object Repository/DispensaryToStore/Page_Dispensary Store/select_--Select--Schedule 1Inj'

2018-06-09 15:52:20 - [TEST_STEP][PASSED] - selectOptionByIndex: All options with index in [28] are selected on object 'Object Repository/DispensaryToStore/Page_Dispensary Store/select_--Select--Adernaline 0.'

2018-06-09 15:52:20 - [MESSAGE][PASSED] - All options with index in [28] are selected on object 'Object Repository/DispensaryToStore/Page_Dispensary Store/select_--Select--Adernaline 0.'

2018-06-09 15:52:20 - [TEST_STEP][PASSED] - setText: Text '10' is set on object 'Object Repository/DispensaryToStore/Page_Dispensary Store/input_txttreat'

2018-06-09 15:52:20 - [MESSAGE][PASSED] - Text '10' is set on object 'Object Repository/DispensaryToStore/Page_Dispensary Store/input_txttreat'

2018-06-09 15:52:20 - [TEST_STEP][PASSED] - doubleClick: Object: 'Object Repository/DispensaryToStore/Page_Dispensary Store/button_Add' is double clicked on

2018-06-09 15:52:21 - [MESSAGE][PASSED] - Object: 'Object Repository/DispensaryToStore/Page_Dispensary Store/button_Add' is double clicked on

2018-06-09 15:52:21 - [TEST_STEP][PASSED] - selectOptionByIndex: All options with index in [1] are selected on object 'Object Repository/DispensaryToStore/Page_Dispensary Store/select_--Select--Schedule 1Inj'

2018-06-09 15:52:21 - [MESSAGE][PASSED] - All options with index in [1] are selected on object 'Object Repository/DispensaryToStore/Page_Dispensary Store/select_--Select--Schedule 1Inj'

2018-06-09 15:52:21 - [TEST_STEP][PASSED] - selectOptionByIndex: All options with index in [29] are selected on object 'Object Repository/DispensaryToStore/Page_Dispensary Store/select_--Select--Adernaline 0.'

2018-06-09 15:52:21 - [MESSAGE][PASSED] - All options with index in [29] are selected on object 'Object Repository/DispensaryToStore/Page_Dispensary Store/select_--Select--Adernaline 0.'

2018-06-09 15:52:21 - [TEST_STEP][PASSED] - setText: Text '10' is set on object 'Object Repository/DispensaryToStore/Page_Dispensary Store/input_txttreat'

2018-06-09 15:52:21 - [MESSAGE][PASSED] - Text '10' is set on object 'Object Repository/DispensaryToStore/Page_Dispensary Store/input_txttreat'

2018-06-09 15:52:21 - [TEST_STEP][PASSED] - doubleClick: Object: 'Object Repository/DispensaryToStore/Page_Dispensary Store/button_Add' is double clicked on

2018-06-09 15:52:21 - [MESSAGE][PASSED] - Object: 'Object Repository/DispensaryToStore/Page_Dispensary Store/button_Add' is double clicked on

2018-06-09 15:52:21 - [TEST_STEP][PASSED] - selectOptionByIndex: All options with index in [1] are selected on object 'Object Repository/DispensaryToStore/Page_Dispensary Store/select_--Select--Schedule 1Inj'

2018-06-09 15:52:22 - [MESSAGE][PASSED] - All options with index in [1] are selected on object 'Object Repository/DispensaryToStore/Page_Dispensary Store/select_--Select--Schedule 1Inj'

2018-06-09 15:52:22 - [TEST_STEP][PASSED] - selectOptionByIndex: All options with index in [30] are selected on object 'Object Repository/DispensaryToStore/Page_Dispensary Store/select_--Select--Adernaline 0.'

2018-06-09 15:52:22 - [MESSAGE][PASSED] - All options with index in [30] are selected on object 'Object Repository/DispensaryToStore/Page_Dispensary Store/select_--Select--Adernaline 0.'

2018-06-09 15:52:22 - [TEST_STEP][PASSED] - setText: Text '10' is set on object 'Object Repository/DispensaryToStore/Page_Dispensary Store/input_txttreat'

2018-06-09 15:52:22 - [MESSAGE][PASSED] - Text '10' is set on object 'Object Repository/DispensaryToStore/Page_Dispensary Store/input_txttreat'

2018-06-09 15:52:22 - [TEST_STEP][PASSED] - doubleClick: Object: 'Object Repository/DispensaryToStore/Page_Dispensary Store/button_Add' is double clicked on

2018-06-09 15:52:22 - [MESSAGE][PASSED] - Object: 'Object Repository/DispensaryToStore/Page_Dispensary Store/button_Add' is double clicked on

2018-06-09 15:52:22 - [TEST_STEP][PASSED] - selectOptionByIndex: All options with index in [1] are selected on object 'Object Repository/DispensaryToStore/Page_Dispensary Store/select_--Select--Schedule 1Inj'

2018-06-09 15:52:23 - [MESSAGE][PASSED] - All options with index in [1] are selected on object 'Object Repository/DispensaryToStore/Page_Dispensary Store/select_--Select--Schedule 1Inj'

2018-06-09 15:52:23 - [TEST_STEP][PASSED] - selectOptionByIndex: All options with index in [31] are selected on object 'Object Repository/DispensaryToStore/Page_Dispensary Store/select_--Select--Adernaline 0.'

2018-06-09 15:52:23 - [MESSAGE][PASSED] - All options with index in [31] are selected on object 'Object Repository/DispensaryToStore/Page_Dispensary Store/select_--Select--Adernaline 0.'

2018-06-09 15:52:23 - [TEST_STEP][PASSED] - setText: Text '10' is set on object 'Object Repository/DispensaryToStore/Page_Dispensary Store/input_txttreat'

2018-06-09 15:52:23 - [MESSAGE][PASSED] - Text '10' is set on object 'Object Repository/DispensaryToStore/Page_Dispensary Store/input_txttreat'

2018-06-09 15:52:23 - [TEST_STEP][PASSED] - doubleClick: Object: 'Object Repository/DispensaryToStore/Page_Dispensary Store/button_Add' is double clicked on

2018-06-09 15:52:23 - [MESSAGE][PASSED] - Object: 'Object Repository/DispensaryToStore/Page_Dispensary Store/button_Add' is double clicked on

2018-06-09 15:52:23 - [TEST_STEP][PASSED] - selectOptionByIndex: All options with index in [1] are selected on object 'Object Repository/DispensaryToStore/Page_Dispensary Store/select_--Select--Schedule 1Inj'

2018-06-09 15:52:23 - [MESSAGE][PASSED] - All options with index in [1] are selected on object 'Object Repository/DispensaryToStore/Page_Dispensary Store/select_--Select--Schedule 1Inj'

2018-06-09 15:52:23 - [TEST_STEP][PASSED] - selectOptionByIndex: All options with index in [32] are selected on object 'Object Repository/DispensaryToStore/Page_Dispensary Store/select_--Select--Adernaline 0.'

2018-06-09 15:52:24 - [MESSAGE][PASSED] - All options with index in [32] are selected on object 'Object Repository/DispensaryToStore/Page_Dispensary Store/select_--Select--Adernaline 0.'

2018-06-09 15:52:24 - [TEST_STEP][PASSED] - setText: Text '10' is set on object 'Object Repository/DispensaryToStore/Page_Dispensary Store/input_txttreat'

2018-06-09 15:52:24 - [MESSAGE][PASSED] - Text '10' is set on object 'Object Repository/DispensaryToStore/Page_Dispensary Store/input_txttreat'

2018-06-09 15:52:24 - [TEST_STEP][PASSED] - doubleClick: Object: 'Object Repository/DispensaryToStore/Page_Dispensary Store/button_Add' is double clicked on

2018-06-09 15:52:24 - [MESSAGE][PASSED] - Object: 'Object Repository/DispensaryToStore/Page_Dispensary Store/button_Add' is double clicked on

2018-06-09 15:52:24 - [TEST_STEP][FAILED] - selectOptionByIndex: Unable to select option by index '1' of object 'Object Repository/DispensaryToStore/Page_Dispensary Store/select_--Select--Schedule 1Inj' (Root cause: org.openqa.selenium.StaleElementReferenceException: stale element reference: element is not attached to the page document
  (Session info: chrome=66.0.3359.181)
  (Driver info: chromedriver=2.35.528161 (5b82f2d2aae0ca24b877009200ced9065a772e73),platform=Windows NT 10.0.17134 x86_64) (WARNING: The server did not provide any stacktrace information)
Command duration or timeout: 0 milliseconds
For documentation on this error, please visit: http://seleniumhq.org/exceptions/stale_element_reference.html
Build info: version: '3.7.1', revision: '8a0099a', time: '2017-11-06T21:07:36.161Z'
System info: host: 'DESKTOP-BLFTK83', ip: '169.254.189.85', os.name: 'Windows 10', os.arch: 'amd64', os.version: '10.0', java.version: '1.8.0_102'
Driver info: com.kms.katalon.selenium.driver.CChromeDriver
Capabilities {acceptInsecureCerts: false, acceptSslCerts: false, applicationCacheEnabled: false, browserConnectionEnabled: false, browserName: chrome, chrome: {chromedriverVersion: 2.35.528161 (5b82f2d2aae0ca..., userDataDir: C:\Users\QUALIT~1\AppData\L...}, cssSelectorsEnabled: true, databaseEnabled: false, handlesAlerts: true, hasTouchScreen: false, javascriptEnabled: true, locationContextEnabled: true, mobileEmulationEnabled: false, nativeEvents: true, networkConnectionEnabled: false, pageLoadStrategy: normal, platform: XP, platformName: XP, rotatable: false, setWindowRect: true, takesHeapSnapshot: true, takesScreenshot: true, unexpectedAlertBehaviour: , unhandledPromptBehavior: , version: 66.0.3359.181, webStorageEnabled: true}
Session ID: 82a31d2668cfb50f58a6fe6247cb861c)

2018-06-09 15:52:25 - [MESSAGE][FAILED] - Unable to select option by index '1' of object 'Object Repository/DispensaryToStore/Page_Dispensary Store/select_--Select--Schedule 1Inj' (Root cause: org.openqa.selenium.StaleElementReferenceException: stale element reference: element is not attached to the page document
  (Session info: chrome=66.0.3359.181)
  (Driver info: chromedriver=2.35.528161 (5b82f2d2aae0ca24b877009200ced9065a772e73),platform=Windows NT 10.0.17134 x86_64) (WARNING: The server did not provide any stacktrace information)
Command duration or timeout: 0 milliseconds
For documentation on this error, please visit: http://seleniumhq.org/exceptions/stale_element_reference.html
Build info: version: '3.7.1', revision: '8a0099a', time: '2017-11-06T21:07:36.161Z'
System info: host: 'DESKTOP-BLFTK83', ip: '169.254.189.85', os.name: 'Windows 10', os.arch: 'amd64', os.version: '10.0', java.version: '1.8.0_102'
Driver info: com.kms.katalon.selenium.driver.CChromeDriver
Capabilities {acceptInsecureCerts: false, acceptSslCerts: false, applicationCacheEnabled: false, browserConnectionEnabled: false, browserName: chrome, chrome: {chromedriverVersion: 2.35.528161 (5b82f2d2aae0ca..., userDataDir: C:\Users\QUALIT~1\AppData\L...}, cssSelectorsEnabled: true, databaseEnabled: false, handlesAlerts: true, hasTouchScreen: false, javascriptEnabled: true, locationContextEnabled: true, mobileEmulationEnabled: false, nativeEvents: true, networkConnectionEnabled: false, pageLoadStrategy: normal, platform: XP, platformName: XP, rotatable: false, setWindowRect: true, takesHeapSnapshot: true, takesScreenshot: true, unexpectedAlertBehaviour: , unhandledPromptBehavior: , version: 66.0.3359.181, webStorageEnabled: true}
Session ID: 82a31d2668cfb50f58a6fe6247cb861c)
[[ATTACHMENT|C:\\Users\\Quality Analyst\\Katalon Studio\\ds\\Reports\\Dispensary_Store_Suite\\20180609_155125\\1528539744897.png]]]]></system-out>
         <system-err><![CDATA[2018-06-09 15:51:37 - [TEST_CASE][FAILED] - Test Cases/DISPENSARY TEST CASES/TC_DP_001 Verify Schedule 1 Dispensary Request Are Working Successfully Or Not: Test Cases/DISPENSARY TEST CASES/TC_DP_001 Verify Schedule 1 Dispensary Request Are Working Successfully Or Not FAILED because (of) Unable to select option by index '1' of object 'Object Repository/DispensaryToStore/Page_Dispensary Store/select_--Select--Schedule 1Inj' (Root cause: org.openqa.selenium.StaleElementReferenceException: stale element reference: element is not attached to the page document
  (Session info: chrome=66.0.3359.181)
  (Driver info: chromedriver=2.35.528161 (5b82f2d2aae0ca24b877009200ced9065a772e73),platform=Windows NT 10.0.17134 x86_64) (WARNING: The server did not provide any stacktrace information)
Command duration or timeout: 0 milliseconds
For documentation on this error, please visit: http://seleniumhq.org/exceptions/stale_element_reference.html
Build info: version: '3.7.1', revision: '8a0099a', time: '2017-11-06T21:07:36.161Z'
System info: host: 'DESKTOP-BLFTK83', ip: '169.254.189.85', os.name: 'Windows 10', os.arch: 'amd64', os.version: '10.0', java.version: '1.8.0_102'
Driver info: com.kms.katalon.selenium.driver.CChromeDriver
Capabilities {acceptInsecureCerts: false, acceptSslCerts: false, applicationCacheEnabled: false, browserConnectionEnabled: false, browserName: chrome, chrome: {chromedriverVersion: 2.35.528161 (5b82f2d2aae0ca..., userDataDir: C:\Users\QUALIT~1\AppData\L...}, cssSelectorsEnabled: true, databaseEnabled: false, handlesAlerts: true, hasTouchScreen: false, javascriptEnabled: true, locationContextEnabled: true, mobileEmulationEnabled: false, nativeEvents: true, networkConnectionEnabled: false, pageLoadStrategy: normal, platform: XP, platformName: XP, rotatable: false, setWindowRect: true, takesHeapSnapshot: true, takesScreenshot: true, unexpectedAlertBehaviour: , unhandledPromptBehavior: , version: 66.0.3359.181, webStorageEnabled: true}
Session ID: 82a31d2668cfb50f58a6fe6247cb861c)]]></system-err>
      </testcase>
      <testcase name="Test Cases/DISPENSARY TEST CASES/TC_DP_002 Verify Schedule 2 Dispensary Request Are Working Successfully Or Not" classname="Test Cases/DISPENSARY TEST CASES/TC_DP_002 Verify Schedule 2 Dispensary Request Are Working Successfully Or Not" status="ERROR">
         <error type="ERROR" message="Test Cases/DISPENSARY TEST CASES/TC_DP_002 Verify Schedule 2 Dispensary Request Are Working Successfully Or Not FAILED because (of) java.lang.ArrayIndexOutOfBoundsException: 2"/>
         <system-out><![CDATA[2018-06-09 15:52:25 - [TEST_CASE][ERROR] - Test Cases/DISPENSARY TEST CASES/TC_DP_002 Verify Schedule 2 Dispensary Request Are Working Successfully Or Not: Test Cases/DISPENSARY TEST CASES/TC_DP_002 Verify Schedule 2 Dispensary Request Are Working Successfully Or Not FAILED because (of) java.lang.ArrayIndexOutOfBoundsException: 2

2018-06-09 15:52:25 - [TEST_STEP][PASSED] - openBrowser: Browser is opened with url: ''

2018-06-09 15:52:25 - [MESSAGE][WARNING] - A browser is already opened. Closing browser and opening a new one

2018-06-09 15:52:28 - [MESSAGE][PASSED] - Browser is opened with url: ''

2018-06-09 15:52:28 - [TEST_STEP][PASSED] - navigateToUrl: Navigate to 'http://192.168.137.1/multihospital_new/HDSplashscreen.aspx' successfully

2018-06-09 15:52:30 - [MESSAGE][PASSED] - Navigate to 'http://192.168.137.1/multihospital_new/HDSplashscreen.aspx' successfully

2018-06-09 15:52:30 - [TEST_STEP][PASSED] - maximizeWindow: Current window maximized

2018-06-09 15:52:32 - [MESSAGE][PASSED] - Current window maximized

2018-06-09 15:52:32 - [TEST_STEP][PASSED] - click: Object: 'Object Repository/DispensaryToStore/Page_KDMC/a_Dispensary Store' is clicked on

2018-06-09 15:52:32 - [MESSAGE][PASSED] - Object: 'Object Repository/DispensaryToStore/Page_KDMC/a_Dispensary Store' is clicked on

2018-06-09 15:52:32 - [TEST_STEP][PASSED] - setText: Text 'rajaram' is set on object 'Object Repository/DispensaryToStore/Page_Dispensary Store Login/input_txtusername'

2018-06-09 15:52:33 - [MESSAGE][PASSED] - Text 'rajaram' is set on object 'Object Repository/DispensaryToStore/Page_Dispensary Store Login/input_txtusername'

2018-06-09 15:52:33 - [TEST_STEP][PASSED] - setText: Text '123' is set on object 'Object Repository/DispensaryToStore/Page_Dispensary Store Login/input_txtpassword'

2018-06-09 15:52:33 - [MESSAGE][PASSED] - Text '123' is set on object 'Object Repository/DispensaryToStore/Page_Dispensary Store Login/input_txtpassword'

2018-06-09 15:52:33 - [TEST_STEP][PASSED] - delay: Delayed 3 second(s)

2018-06-09 15:52:36 - [MESSAGE][PASSED] - Delayed 3 second(s)

2018-06-09 15:52:36 - [TEST_STEP][PASSED] - sendKeys: Keys 'ENTER + ' sent to object: 'Object Repository/DispensaryToStore/Page_Dispensary Store Login/input_txtpassword'

2018-06-09 15:52:37 - [MESSAGE][PASSED] - Keys 'ENTER + ' sent to object: 'Object Repository/DispensaryToStore/Page_Dispensary Store Login/input_txtpassword'

2018-06-09 15:52:37 - [TEST_STEP][PASSED] - delay: Delayed 3 second(s)

2018-06-09 15:52:40 - [MESSAGE][PASSED] - Delayed 3 second(s)

2018-06-09 15:52:40 - [TEST_STEP][PASSED] - click: Object: 'Object Repository/DispensaryToStore/Page_Dispensary Store/a_Request to Store' is clicked on

2018-06-09 15:52:40 - [MESSAGE][PASSED] - Object: 'Object Repository/DispensaryToStore/Page_Dispensary Store/a_Request to Store' is clicked on

2018-06-09 15:52:40 - [TEST_STEP][PASSED] - click: Object: 'Object Repository/DispensaryToStore/Page_Dispensary Store/a_Medicine Request' is clicked on

2018-06-09 15:52:40 - [MESSAGE][PASSED] - Object: 'Object Repository/DispensaryToStore/Page_Dispensary Store/a_Medicine Request' is clicked on

2018-06-09 15:52:40 - [TEST_STEP][PASSED] - selectOptionByIndex: All options with index in [2] are selected on object 'Object Repository/DispensaryToStore/Page_Dispensary Store/select_--Select--Schedule 1Inj'

2018-06-09 15:52:41 - [MESSAGE][PASSED] - All options with index in [2] are selected on object 'Object Repository/DispensaryToStore/Page_Dispensary Store/select_--Select--Schedule 1Inj'

2018-06-09 15:52:41 - [TEST_STEP][PASSED] - Statement - medicineslength = com.kms.katalon.core.webui.keyword.WebUiBuiltInKeywords.getNumberOfTotalOption(com.kms.katalon.core.testobject.ObjectRepository.findTestObject(DispensaryToStore/Page_Dispensary Store/select_--Select--Adernaline 0.)): 73 options of object 'Object Repository/DispensaryToStore/Page_Dispensary Store/select_--Select--Adernaline 0.' counted

2018-06-09 15:52:41 - [MESSAGE][PASSED] - 73 options of object 'Object Repository/DispensaryToStore/Page_Dispensary Store/select_--Select--Adernaline 0.' counted

2018-06-09 15:52:41 - [TEST_STEP][PASSED] - Statement - For ([e = 1, e <= medicineslength - 1, (e++)]): Object: 'Object Repository/DispensaryToStore/Page_Dispensary Store/button_Add' is clicked on

2018-06-09 15:52:41 - [TEST_STEP][PASSED] - selectOptionByIndex: All options with index in [2] are selected on object 'Object Repository/DispensaryToStore/Page_Dispensary Store/select_--Select--Schedule 1Inj'

2018-06-09 15:52:41 - [MESSAGE][PASSED] - All options with index in [2] are selected on object 'Object Repository/DispensaryToStore/Page_Dispensary Store/select_--Select--Schedule 1Inj'

2018-06-09 15:52:41 - [TEST_STEP][PASSED] - delay: Delayed 1 second(s)

2018-06-09 15:52:42 - [MESSAGE][PASSED] - Delayed 1 second(s)

2018-06-09 15:52:42 - [TEST_STEP][PASSED] - selectOptionByIndex: All options with index in [1] are selected on object 'Object Repository/DispensaryToStore/Page_Dispensary Store/select_--Select--Adernaline 0.'

2018-06-09 15:52:42 - [MESSAGE][PASSED] - All options with index in [1] are selected on object 'Object Repository/DispensaryToStore/Page_Dispensary Store/select_--Select--Adernaline 0.'

2018-06-09 15:52:42 - [TEST_STEP][PASSED] - delay: Delayed 1 second(s)

2018-06-09 15:52:43 - [MESSAGE][PASSED] - Delayed 1 second(s)

2018-06-09 15:52:43 - [TEST_STEP][PASSED] - setText: Text '10' is set on object 'Object Repository/DispensaryToStore/Page_Dispensary Store/input_txttreat'

2018-06-09 15:52:43 - [MESSAGE][PASSED] - Text '10' is set on object 'Object Repository/DispensaryToStore/Page_Dispensary Store/input_txttreat'

2018-06-09 15:52:44 - [TEST_STEP][PASSED] - click: Object: 'Object Repository/DispensaryToStore/Page_Dispensary Store/button_Add' is clicked on

2018-06-09 15:52:44 - [MESSAGE][PASSED] - Object: 'Object Repository/DispensaryToStore/Page_Dispensary Store/button_Add' is clicked on

2018-06-09 15:52:44 - [TEST_STEP][PASSED] - selectOptionByIndex: All options with index in [2] are selected on object 'Object Repository/DispensaryToStore/Page_Dispensary Store/select_--Select--Schedule 1Inj'

2018-06-09 15:52:44 - [MESSAGE][PASSED] - All options with index in [2] are selected on object 'Object Repository/DispensaryToStore/Page_Dispensary Store/select_--Select--Schedule 1Inj'

2018-06-09 15:52:44 - [TEST_STEP][PASSED] - delay: Delayed 1 second(s)

2018-06-09 15:52:45 - [MESSAGE][PASSED] - Delayed 1 second(s)

2018-06-09 15:52:45 - [TEST_STEP][PASSED] - selectOptionByIndex: All options with index in [2] are selected on object 'Object Repository/DispensaryToStore/Page_Dispensary Store/select_--Select--Adernaline 0.'

2018-06-09 15:52:45 - [MESSAGE][PASSED] - All options with index in [2] are selected on object 'Object Repository/DispensaryToStore/Page_Dispensary Store/select_--Select--Adernaline 0.'

2018-06-09 15:52:45 - [TEST_STEP][PASSED] - delay: Delayed 1 second(s)

2018-06-09 15:52:46 - [MESSAGE][PASSED] - Delayed 1 second(s)

2018-06-09 15:52:46 - [TEST_STEP][PASSED] - setText: Text '10' is set on object 'Object Repository/DispensaryToStore/Page_Dispensary Store/input_txttreat'

2018-06-09 15:52:46 - [MESSAGE][PASSED] - Text '10' is set on object 'Object Repository/DispensaryToStore/Page_Dispensary Store/input_txttreat'

2018-06-09 15:52:46 - [TEST_STEP][PASSED] - click: Object: 'Object Repository/DispensaryToStore/Page_Dispensary Store/button_Add' is clicked on

2018-06-09 15:52:46 - [MESSAGE][PASSED] - Object: 'Object Repository/DispensaryToStore/Page_Dispensary Store/button_Add' is clicked on

2018-06-09 15:52:46 - [TEST_STEP][PASSED] - selectOptionByIndex: All options with index in [2] are selected on object 'Object Repository/DispensaryToStore/Page_Dispensary Store/select_--Select--Schedule 1Inj'

2018-06-09 15:52:46 - [MESSAGE][PASSED] - All options with index in [2] are selected on object 'Object Repository/DispensaryToStore/Page_Dispensary Store/select_--Select--Schedule 1Inj'

2018-06-09 15:52:46 - [TEST_STEP][PASSED] - delay: Delayed 1 second(s)

2018-06-09 15:52:47 - [MESSAGE][PASSED] - Delayed 1 second(s)

2018-06-09 15:52:47 - [TEST_STEP][PASSED] - selectOptionByIndex: All options with index in [3] are selected on object 'Object Repository/DispensaryToStore/Page_Dispensary Store/select_--Select--Adernaline 0.'

2018-06-09 15:52:48 - [MESSAGE][PASSED] - All options with index in [3] are selected on object 'Object Repository/DispensaryToStore/Page_Dispensary Store/select_--Select--Adernaline 0.'

2018-06-09 15:52:48 - [TEST_STEP][PASSED] - delay: Delayed 1 second(s)

2018-06-09 15:52:49 - [MESSAGE][PASSED] - Delayed 1 second(s)

2018-06-09 15:52:49 - [TEST_STEP][PASSED] - setText: Text '10' is set on object 'Object Repository/DispensaryToStore/Page_Dispensary Store/input_txttreat'

2018-06-09 15:52:49 - [MESSAGE][PASSED] - Text '10' is set on object 'Object Repository/DispensaryToStore/Page_Dispensary Store/input_txttreat'

2018-06-09 15:52:49 - [TEST_STEP][PASSED] - click: Object: 'Object Repository/DispensaryToStore/Page_Dispensary Store/button_Add' is clicked on

2018-06-09 15:52:49 - [MESSAGE][PASSED] - Object: 'Object Repository/DispensaryToStore/Page_Dispensary Store/button_Add' is clicked on

2018-06-09 15:52:49 - [TEST_STEP][PASSED] - selectOptionByIndex: All options with index in [2] are selected on object 'Object Repository/DispensaryToStore/Page_Dispensary Store/select_--Select--Schedule 1Inj'

2018-06-09 15:52:49 - [MESSAGE][PASSED] - All options with index in [2] are selected on object 'Object Repository/DispensaryToStore/Page_Dispensary Store/select_--Select--Schedule 1Inj'

2018-06-09 15:52:49 - [TEST_STEP][PASSED] - delay: Delayed 1 second(s)

2018-06-09 15:52:50 - [MESSAGE][PASSED] - Delayed 1 second(s)

2018-06-09 15:52:50 - [TEST_STEP][PASSED] - selectOptionByIndex: All options with index in [4] are selected on object 'Object Repository/DispensaryToStore/Page_Dispensary Store/select_--Select--Adernaline 0.'

2018-06-09 15:52:50 - [MESSAGE][PASSED] - All options with index in [4] are selected on object 'Object Repository/DispensaryToStore/Page_Dispensary Store/select_--Select--Adernaline 0.'

2018-06-09 15:52:50 - [TEST_STEP][PASSED] - delay: Delayed 1 second(s)

2018-06-09 15:52:51 - [MESSAGE][PASSED] - Delayed 1 second(s)

2018-06-09 15:52:51 - [TEST_STEP][PASSED] - setText: Text '10' is set on object 'Object Repository/DispensaryToStore/Page_Dispensary Store/input_txttreat'

2018-06-09 15:52:51 - [MESSAGE][PASSED] - Text '10' is set on object 'Object Repository/DispensaryToStore/Page_Dispensary Store/input_txttreat'

2018-06-09 15:52:51 - [TEST_STEP][PASSED] - click: Object: 'Object Repository/DispensaryToStore/Page_Dispensary Store/button_Add' is clicked on

2018-06-09 15:52:52 - [MESSAGE][PASSED] - Object: 'Object Repository/DispensaryToStore/Page_Dispensary Store/button_Add' is clicked on

2018-06-09 15:52:52 - [TEST_STEP][PASSED] - selectOptionByIndex: All options with index in [2] are selected on object 'Object Repository/DispensaryToStore/Page_Dispensary Store/select_--Select--Schedule 1Inj'

2018-06-09 15:52:52 - [MESSAGE][PASSED] - All options with index in [2] are selected on object 'Object Repository/DispensaryToStore/Page_Dispensary Store/select_--Select--Schedule 1Inj'

2018-06-09 15:52:52 - [TEST_STEP][PASSED] - delay: Delayed 1 second(s)

2018-06-09 15:52:53 - [MESSAGE][PASSED] - Delayed 1 second(s)

2018-06-09 15:52:53 - [TEST_STEP][PASSED] - selectOptionByIndex: All options with index in [5] are selected on object 'Object Repository/DispensaryToStore/Page_Dispensary Store/select_--Select--Adernaline 0.'

2018-06-09 15:52:53 - [MESSAGE][PASSED] - All options with index in [5] are selected on object 'Object Repository/DispensaryToStore/Page_Dispensary Store/select_--Select--Adernaline 0.'

2018-06-09 15:52:53 - [TEST_STEP][PASSED] - delay: Delayed 1 second(s)

2018-06-09 15:52:54 - [MESSAGE][PASSED] - Delayed 1 second(s)

2018-06-09 15:52:54 - [TEST_STEP][PASSED] - setText: Text '10' is set on object 'Object Repository/DispensaryToStore/Page_Dispensary Store/input_txttreat'

2018-06-09 15:52:54 - [MESSAGE][PASSED] - Text '10' is set on object 'Object Repository/DispensaryToStore/Page_Dispensary Store/input_txttreat'

2018-06-09 15:52:54 - [TEST_STEP][PASSED] - click: Object: 'Object Repository/DispensaryToStore/Page_Dispensary Store/button_Add' is clicked on

2018-06-09 15:52:54 - [MESSAGE][PASSED] - Object: 'Object Repository/DispensaryToStore/Page_Dispensary Store/button_Add' is clicked on

2018-06-09 15:52:54 - [TEST_STEP][PASSED] - selectOptionByIndex: All options with index in [2] are selected on object 'Object Repository/DispensaryToStore/Page_Dispensary Store/select_--Select--Schedule 1Inj'

2018-06-09 15:52:54 - [MESSAGE][PASSED] - All options with index in [2] are selected on object 'Object Repository/DispensaryToStore/Page_Dispensary Store/select_--Select--Schedule 1Inj'

2018-06-09 15:52:54 - [TEST_STEP][PASSED] - delay: Delayed 1 second(s)

2018-06-09 15:52:55 - [MESSAGE][PASSED] - Delayed 1 second(s)

2018-06-09 15:52:55 - [TEST_STEP][PASSED] - selectOptionByIndex: All options with index in [6] are selected on object 'Object Repository/DispensaryToStore/Page_Dispensary Store/select_--Select--Adernaline 0.'

2018-06-09 15:52:56 - [MESSAGE][PASSED] - All options with index in [6] are selected on object 'Object Repository/DispensaryToStore/Page_Dispensary Store/select_--Select--Adernaline 0.'

2018-06-09 15:52:56 - [TEST_STEP][PASSED] - delay: Delayed 1 second(s)

2018-06-09 15:52:57 - [MESSAGE][PASSED] - Delayed 1 second(s)

2018-06-09 15:52:57 - [TEST_STEP][PASSED] - setText: Text '10' is set on object 'Object Repository/DispensaryToStore/Page_Dispensary Store/input_txttreat'

2018-06-09 15:52:57 - [MESSAGE][PASSED] - Text '10' is set on object 'Object Repository/DispensaryToStore/Page_Dispensary Store/input_txttreat'

2018-06-09 15:52:57 - [TEST_STEP][PASSED] - click: Object: 'Object Repository/DispensaryToStore/Page_Dispensary Store/button_Add' is clicked on

2018-06-09 15:52:57 - [MESSAGE][PASSED] - Object: 'Object Repository/DispensaryToStore/Page_Dispensary Store/button_Add' is clicked on

2018-06-09 15:52:57 - [TEST_STEP][PASSED] - selectOptionByIndex: All options with index in [2] are selected on object 'Object Repository/DispensaryToStore/Page_Dispensary Store/select_--Select--Schedule 1Inj'

2018-06-09 15:52:57 - [MESSAGE][PASSED] - All options with index in [2] are selected on object 'Object Repository/DispensaryToStore/Page_Dispensary Store/select_--Select--Schedule 1Inj'

2018-06-09 15:52:57 - [TEST_STEP][PASSED] - delay: Delayed 1 second(s)

2018-06-09 15:52:58 - [MESSAGE][PASSED] - Delayed 1 second(s)

2018-06-09 15:52:58 - [TEST_STEP][PASSED] - selectOptionByIndex: All options with index in [7] are selected on object 'Object Repository/DispensaryToStore/Page_Dispensary Store/select_--Select--Adernaline 0.'

2018-06-09 15:52:58 - [MESSAGE][PASSED] - All options with index in [7] are selected on object 'Object Repository/DispensaryToStore/Page_Dispensary Store/select_--Select--Adernaline 0.'

2018-06-09 15:52:58 - [TEST_STEP][PASSED] - delay: Delayed 1 second(s)

2018-06-09 15:52:59 - [MESSAGE][PASSED] - Delayed 1 second(s)

2018-06-09 15:52:59 - [TEST_STEP][PASSED] - setText: Text '10' is set on object 'Object Repository/DispensaryToStore/Page_Dispensary Store/input_txttreat'

2018-06-09 15:52:59 - [MESSAGE][PASSED] - Text '10' is set on object 'Object Repository/DispensaryToStore/Page_Dispensary Store/input_txttreat'

2018-06-09 15:52:59 - [TEST_STEP][PASSED] - click: Object: 'Object Repository/DispensaryToStore/Page_Dispensary Store/button_Add' is clicked on

2018-06-09 15:52:59 - [MESSAGE][PASSED] - Object: 'Object Repository/DispensaryToStore/Page_Dispensary Store/button_Add' is clicked on

2018-06-09 15:52:59 - [TEST_STEP][PASSED] - selectOptionByIndex: All options with index in [2] are selected on object 'Object Repository/DispensaryToStore/Page_Dispensary Store/select_--Select--Schedule 1Inj'

2018-06-09 15:53:00 - [MESSAGE][PASSED] - All options with index in [2] are selected on object 'Object Repository/DispensaryToStore/Page_Dispensary Store/select_--Select--Schedule 1Inj'

2018-06-09 15:53:00 - [TEST_STEP][PASSED] - delay: Delayed 1 second(s)

2018-06-09 15:53:01 - [MESSAGE][PASSED] - Delayed 1 second(s)

2018-06-09 15:53:01 - [TEST_STEP][PASSED] - selectOptionByIndex: All options with index in [8] are selected on object 'Object Repository/DispensaryToStore/Page_Dispensary Store/select_--Select--Adernaline 0.'

2018-06-09 15:53:01 - [MESSAGE][PASSED] - All options with index in [8] are selected on object 'Object Repository/DispensaryToStore/Page_Dispensary Store/select_--Select--Adernaline 0.'

2018-06-09 15:53:01 - [TEST_STEP][PASSED] - delay: Delayed 1 second(s)

2018-06-09 15:53:02 - [MESSAGE][PASSED] - Delayed 1 second(s)

2018-06-09 15:53:02 - [TEST_STEP][PASSED] - setText: Text '10' is set on object 'Object Repository/DispensaryToStore/Page_Dispensary Store/input_txttreat'

2018-06-09 15:53:02 - [MESSAGE][PASSED] - Text '10' is set on object 'Object Repository/DispensaryToStore/Page_Dispensary Store/input_txttreat'

2018-06-09 15:53:02 - [TEST_STEP][PASSED] - click: Object: 'Object Repository/DispensaryToStore/Page_Dispensary Store/button_Add' is clicked on

2018-06-09 15:53:02 - [MESSAGE][PASSED] - Object: 'Object Repository/DispensaryToStore/Page_Dispensary Store/button_Add' is clicked on

2018-06-09 15:53:02 - [TEST_STEP][PASSED] - selectOptionByIndex: All options with index in [2] are selected on object 'Object Repository/DispensaryToStore/Page_Dispensary Store/select_--Select--Schedule 1Inj'

2018-06-09 15:53:02 - [MESSAGE][PASSED] - All options with index in [2] are selected on object 'Object Repository/DispensaryToStore/Page_Dispensary Store/select_--Select--Schedule 1Inj'

2018-06-09 15:53:02 - [TEST_STEP][PASSED] - delay: Delayed 1 second(s)

2018-06-09 15:53:03 - [MESSAGE][PASSED] - Delayed 1 second(s)

2018-06-09 15:53:03 - [TEST_STEP][PASSED] - selectOptionByIndex: All options with index in [9] are selected on object 'Object Repository/DispensaryToStore/Page_Dispensary Store/select_--Select--Adernaline 0.'

2018-06-09 15:53:04 - [MESSAGE][PASSED] - All options with index in [9] are selected on object 'Object Repository/DispensaryToStore/Page_Dispensary Store/select_--Select--Adernaline 0.'

2018-06-09 15:53:04 - [TEST_STEP][PASSED] - delay: Delayed 1 second(s)

2018-06-09 15:53:05 - [MESSAGE][PASSED] - Delayed 1 second(s)

2018-06-09 15:53:05 - [TEST_STEP][PASSED] - setText: Text '10' is set on object 'Object Repository/DispensaryToStore/Page_Dispensary Store/input_txttreat'

2018-06-09 15:53:05 - [MESSAGE][PASSED] - Text '10' is set on object 'Object Repository/DispensaryToStore/Page_Dispensary Store/input_txttreat'

2018-06-09 15:53:05 - [TEST_STEP][PASSED] - click: Object: 'Object Repository/DispensaryToStore/Page_Dispensary Store/button_Add' is clicked on

2018-06-09 15:53:05 - [MESSAGE][PASSED] - Object: 'Object Repository/DispensaryToStore/Page_Dispensary Store/button_Add' is clicked on

2018-06-09 15:53:05 - [TEST_STEP][PASSED] - selectOptionByIndex: All options with index in [2] are selected on object 'Object Repository/DispensaryToStore/Page_Dispensary Store/select_--Select--Schedule 1Inj'

2018-06-09 15:53:05 - [MESSAGE][PASSED] - All options with index in [2] are selected on object 'Object Repository/DispensaryToStore/Page_Dispensary Store/select_--Select--Schedule 1Inj'

2018-06-09 15:53:05 - [TEST_STEP][PASSED] - delay: Delayed 1 second(s)

2018-06-09 15:53:06 - [MESSAGE][PASSED] - Delayed 1 second(s)

2018-06-09 15:53:06 - [TEST_STEP][PASSED] - selectOptionByIndex: All options with index in [10] are selected on object 'Object Repository/DispensaryToStore/Page_Dispensary Store/select_--Select--Adernaline 0.'

2018-06-09 15:53:06 - [MESSAGE][PASSED] - All options with index in [10] are selected on object 'Object Repository/DispensaryToStore/Page_Dispensary Store/select_--Select--Adernaline 0.'

2018-06-09 15:53:06 - [TEST_STEP][PASSED] - delay: Delayed 1 second(s)

2018-06-09 15:53:07 - [MESSAGE][PASSED] - Delayed 1 second(s)

2018-06-09 15:53:07 - [TEST_STEP][PASSED] - setText: Text '10' is set on object 'Object Repository/DispensaryToStore/Page_Dispensary Store/input_txttreat'

2018-06-09 15:53:07 - [MESSAGE][PASSED] - Text '10' is set on object 'Object Repository/DispensaryToStore/Page_Dispensary Store/input_txttreat'

2018-06-09 15:53:07 - [TEST_STEP][PASSED] - click: Object: 'Object Repository/DispensaryToStore/Page_Dispensary Store/button_Add' is clicked on

2018-06-09 15:53:07 - [MESSAGE][PASSED] - Object: 'Object Repository/DispensaryToStore/Page_Dispensary Store/button_Add' is clicked on

2018-06-09 15:53:07 - [TEST_STEP][PASSED] - selectOptionByIndex: All options with index in [2] are selected on object 'Object Repository/DispensaryToStore/Page_Dispensary Store/select_--Select--Schedule 1Inj'

2018-06-09 15:53:08 - [MESSAGE][PASSED] - All options with index in [2] are selected on object 'Object Repository/DispensaryToStore/Page_Dispensary Store/select_--Select--Schedule 1Inj'

2018-06-09 15:53:08 - [TEST_STEP][PASSED] - delay: Delayed 1 second(s)

2018-06-09 15:53:09 - [MESSAGE][PASSED] - Delayed 1 second(s)

2018-06-09 15:53:09 - [TEST_STEP][PASSED] - selectOptionByIndex: All options with index in [11] are selected on object 'Object Repository/DispensaryToStore/Page_Dispensary Store/select_--Select--Adernaline 0.'

2018-06-09 15:53:09 - [MESSAGE][PASSED] - All options with index in [11] are selected on object 'Object Repository/DispensaryToStore/Page_Dispensary Store/select_--Select--Adernaline 0.'

2018-06-09 15:53:09 - [TEST_STEP][PASSED] - delay: Delayed 1 second(s)

2018-06-09 15:53:10 - [MESSAGE][PASSED] - Delayed 1 second(s)

2018-06-09 15:53:10 - [TEST_STEP][PASSED] - setText: Text '10' is set on object 'Object Repository/DispensaryToStore/Page_Dispensary Store/input_txttreat'

2018-06-09 15:53:10 - [MESSAGE][PASSED] - Text '10' is set on object 'Object Repository/DispensaryToStore/Page_Dispensary Store/input_txttreat'

2018-06-09 15:53:10 - [TEST_STEP][PASSED] - click: Object: 'Object Repository/DispensaryToStore/Page_Dispensary Store/button_Add' is clicked on

2018-06-09 15:53:10 - [MESSAGE][PASSED] - Object: 'Object Repository/DispensaryToStore/Page_Dispensary Store/button_Add' is clicked on

2018-06-09 15:53:10 - [TEST_STEP][PASSED] - selectOptionByIndex: All options with index in [2] are selected on object 'Object Repository/DispensaryToStore/Page_Dispensary Store/select_--Select--Schedule 1Inj'

2018-06-09 15:53:10 - [MESSAGE][PASSED] - All options with index in [2] are selected on object 'Object Repository/DispensaryToStore/Page_Dispensary Store/select_--Select--Schedule 1Inj'

2018-06-09 15:53:10 - [TEST_STEP][PASSED] - delay: Delayed 1 second(s)

2018-06-09 15:53:11 - [MESSAGE][PASSED] - Delayed 1 second(s)

2018-06-09 15:53:11 - [TEST_STEP][PASSED] - selectOptionByIndex: All options with index in [12] are selected on object 'Object Repository/DispensaryToStore/Page_Dispensary Store/select_--Select--Adernaline 0.'

2018-06-09 15:53:12 - [MESSAGE][PASSED] - All options with index in [12] are selected on object 'Object Repository/DispensaryToStore/Page_Dispensary Store/select_--Select--Adernaline 0.'

2018-06-09 15:53:12 - [TEST_STEP][PASSED] - delay: Delayed 1 second(s)

2018-06-09 15:53:13 - [MESSAGE][PASSED] - Delayed 1 second(s)

2018-06-09 15:53:13 - [TEST_STEP][PASSED] - setText: Text '10' is set on object 'Object Repository/DispensaryToStore/Page_Dispensary Store/input_txttreat'

2018-06-09 15:53:13 - [MESSAGE][PASSED] - Text '10' is set on object 'Object Repository/DispensaryToStore/Page_Dispensary Store/input_txttreat'

2018-06-09 15:53:13 - [TEST_STEP][PASSED] - click: Object: 'Object Repository/DispensaryToStore/Page_Dispensary Store/button_Add' is clicked on

2018-06-09 15:53:13 - [MESSAGE][PASSED] - Object: 'Object Repository/DispensaryToStore/Page_Dispensary Store/button_Add' is clicked on

2018-06-09 15:53:13 - [TEST_STEP][PASSED] - selectOptionByIndex: All options with index in [2] are selected on object 'Object Repository/DispensaryToStore/Page_Dispensary Store/select_--Select--Schedule 1Inj'

2018-06-09 15:53:13 - [MESSAGE][PASSED] - All options with index in [2] are selected on object 'Object Repository/DispensaryToStore/Page_Dispensary Store/select_--Select--Schedule 1Inj'

2018-06-09 15:53:13 - [TEST_STEP][PASSED] - delay: Delayed 1 second(s)

2018-06-09 15:53:14 - [MESSAGE][PASSED] - Delayed 1 second(s)

2018-06-09 15:53:14 - [TEST_STEP][PASSED] - selectOptionByIndex: All options with index in [13] are selected on object 'Object Repository/DispensaryToStore/Page_Dispensary Store/select_--Select--Adernaline 0.'

2018-06-09 15:53:14 - [MESSAGE][PASSED] - All options with index in [13] are selected on object 'Object Repository/DispensaryToStore/Page_Dispensary Store/select_--Select--Adernaline 0.'

2018-06-09 15:53:14 - [TEST_STEP][PASSED] - delay: Delayed 1 second(s)

2018-06-09 15:53:15 - [MESSAGE][PASSED] - Delayed 1 second(s)

2018-06-09 15:53:15 - [TEST_STEP][PASSED] - setText: Text '10' is set on object 'Object Repository/DispensaryToStore/Page_Dispensary Store/input_txttreat'

2018-06-09 15:53:15 - [MESSAGE][PASSED] - Text '10' is set on object 'Object Repository/DispensaryToStore/Page_Dispensary Store/input_txttreat'

2018-06-09 15:53:15 - [TEST_STEP][PASSED] - click: Object: 'Object Repository/DispensaryToStore/Page_Dispensary Store/button_Add' is clicked on

2018-06-09 15:53:15 - [MESSAGE][PASSED] - Object: 'Object Repository/DispensaryToStore/Page_Dispensary Store/button_Add' is clicked on

2018-06-09 15:53:15 - [TEST_STEP][PASSED] - selectOptionByIndex: All options with index in [2] are selected on object 'Object Repository/DispensaryToStore/Page_Dispensary Store/select_--Select--Schedule 1Inj'

2018-06-09 15:53:16 - [MESSAGE][PASSED] - All options with index in [2] are selected on object 'Object Repository/DispensaryToStore/Page_Dispensary Store/select_--Select--Schedule 1Inj'

2018-06-09 15:53:16 - [TEST_STEP][PASSED] - delay: Delayed 1 second(s)

2018-06-09 15:53:17 - [MESSAGE][PASSED] - Delayed 1 second(s)

2018-06-09 15:53:17 - [TEST_STEP][PASSED] - selectOptionByIndex: All options with index in [14] are selected on object 'Object Repository/DispensaryToStore/Page_Dispensary Store/select_--Select--Adernaline 0.'

2018-06-09 15:53:17 - [MESSAGE][PASSED] - All options with index in [14] are selected on object 'Object Repository/DispensaryToStore/Page_Dispensary Store/select_--Select--Adernaline 0.'

2018-06-09 15:53:17 - [TEST_STEP][PASSED] - delay: Delayed 1 second(s)

2018-06-09 15:53:18 - [MESSAGE][PASSED] - Delayed 1 second(s)

2018-06-09 15:53:18 - [TEST_STEP][PASSED] - setText: Text '10' is set on object 'Object Repository/DispensaryToStore/Page_Dispensary Store/input_txttreat'

2018-06-09 15:53:18 - [MESSAGE][PASSED] - Text '10' is set on object 'Object Repository/DispensaryToStore/Page_Dispensary Store/input_txttreat'

2018-06-09 15:53:18 - [TEST_STEP][PASSED] - click: Object: 'Object Repository/DispensaryToStore/Page_Dispensary Store/button_Add' is clicked on

2018-06-09 15:53:18 - [MESSAGE][PASSED] - Object: 'Object Repository/DispensaryToStore/Page_Dispensary Store/button_Add' is clicked on

2018-06-09 15:53:18 - [TEST_STEP][PASSED] - selectOptionByIndex: All options with index in [2] are selected on object 'Object Repository/DispensaryToStore/Page_Dispensary Store/select_--Select--Schedule 1Inj'

2018-06-09 15:53:18 - [MESSAGE][PASSED] - All options with index in [2] are selected on object 'Object Repository/DispensaryToStore/Page_Dispensary Store/select_--Select--Schedule 1Inj'

2018-06-09 15:53:18 - [TEST_STEP][PASSED] - delay: Delayed 1 second(s)

2018-06-09 15:53:19 - [MESSAGE][PASSED] - Delayed 1 second(s)

2018-06-09 15:53:19 - [TEST_STEP][PASSED] - selectOptionByIndex: All options with index in [15] are selected on object 'Object Repository/DispensaryToStore/Page_Dispensary Store/select_--Select--Adernaline 0.'

2018-06-09 15:53:20 - [MESSAGE][PASSED] - All options with index in [15] are selected on object 'Object Repository/DispensaryToStore/Page_Dispensary Store/select_--Select--Adernaline 0.'

2018-06-09 15:53:20 - [TEST_STEP][PASSED] - delay: Delayed 1 second(s)

2018-06-09 15:53:21 - [MESSAGE][PASSED] - Delayed 1 second(s)

2018-06-09 15:53:21 - [TEST_STEP][PASSED] - setText: Text '10' is set on object 'Object Repository/DispensaryToStore/Page_Dispensary Store/input_txttreat'

2018-06-09 15:53:21 - [MESSAGE][PASSED] - Text '10' is set on object 'Object Repository/DispensaryToStore/Page_Dispensary Store/input_txttreat'

2018-06-09 15:53:21 - [TEST_STEP][PASSED] - click: Object: 'Object Repository/DispensaryToStore/Page_Dispensary Store/button_Add' is clicked on

2018-06-09 15:53:21 - [MESSAGE][PASSED] - Object: 'Object Repository/DispensaryToStore/Page_Dispensary Store/button_Add' is clicked on

2018-06-09 15:53:21 - [TEST_STEP][PASSED] - selectOptionByIndex: All options with index in [2] are selected on object 'Object Repository/DispensaryToStore/Page_Dispensary Store/select_--Select--Schedule 1Inj'

2018-06-09 15:53:21 - [MESSAGE][PASSED] - All options with index in [2] are selected on object 'Object Repository/DispensaryToStore/Page_Dispensary Store/select_--Select--Schedule 1Inj'

2018-06-09 15:53:21 - [TEST_STEP][PASSED] - delay: Delayed 1 second(s)

2018-06-09 15:53:22 - [MESSAGE][PASSED] - Delayed 1 second(s)

2018-06-09 15:53:22 - [TEST_STEP][PASSED] - selectOptionByIndex: All options with index in [16] are selected on object 'Object Repository/DispensaryToStore/Page_Dispensary Store/select_--Select--Adernaline 0.'

2018-06-09 15:53:23 - [MESSAGE][PASSED] - All options with index in [16] are selected on object 'Object Repository/DispensaryToStore/Page_Dispensary Store/select_--Select--Adernaline 0.'

2018-06-09 15:53:23 - [TEST_STEP][PASSED] - delay: Delayed 1 second(s)

2018-06-09 15:53:24 - [MESSAGE][PASSED] - Delayed 1 second(s)

2018-06-09 15:53:24 - [TEST_STEP][PASSED] - setText: Text '10' is set on object 'Object Repository/DispensaryToStore/Page_Dispensary Store/input_txttreat'

2018-06-09 15:53:24 - [MESSAGE][PASSED] - Text '10' is set on object 'Object Repository/DispensaryToStore/Page_Dispensary Store/input_txttreat'

2018-06-09 15:53:24 - [TEST_STEP][PASSED] - click: Object: 'Object Repository/DispensaryToStore/Page_Dispensary Store/button_Add' is clicked on

2018-06-09 15:53:24 - [MESSAGE][PASSED] - Object: 'Object Repository/DispensaryToStore/Page_Dispensary Store/button_Add' is clicked on

2018-06-09 15:53:24 - [TEST_STEP][PASSED] - selectOptionByIndex: All options with index in [2] are selected on object 'Object Repository/DispensaryToStore/Page_Dispensary Store/select_--Select--Schedule 1Inj'

2018-06-09 15:53:24 - [MESSAGE][PASSED] - All options with index in [2] are selected on object 'Object Repository/DispensaryToStore/Page_Dispensary Store/select_--Select--Schedule 1Inj'

2018-06-09 15:53:24 - [TEST_STEP][PASSED] - delay: Delayed 1 second(s)

2018-06-09 15:53:25 - [MESSAGE][PASSED] - Delayed 1 second(s)

2018-06-09 15:53:25 - [TEST_STEP][PASSED] - selectOptionByIndex: All options with index in [17] are selected on object 'Object Repository/DispensaryToStore/Page_Dispensary Store/select_--Select--Adernaline 0.'

2018-06-09 15:53:25 - [MESSAGE][PASSED] - All options with index in [17] are selected on object 'Object Repository/DispensaryToStore/Page_Dispensary Store/select_--Select--Adernaline 0.'

2018-06-09 15:53:25 - [TEST_STEP][PASSED] - delay: Delayed 1 second(s)

2018-06-09 15:53:26 - [MESSAGE][PASSED] - Delayed 1 second(s)

2018-06-09 15:53:26 - [TEST_STEP][PASSED] - setText: Text '10' is set on object 'Object Repository/DispensaryToStore/Page_Dispensary Store/input_txttreat'

2018-06-09 15:53:26 - [MESSAGE][PASSED] - Text '10' is set on object 'Object Repository/DispensaryToStore/Page_Dispensary Store/input_txttreat'

2018-06-09 15:53:26 - [TEST_STEP][PASSED] - click: Object: 'Object Repository/DispensaryToStore/Page_Dispensary Store/button_Add' is clicked on

2018-06-09 15:53:26 - [MESSAGE][PASSED] - Object: 'Object Repository/DispensaryToStore/Page_Dispensary Store/button_Add' is clicked on

2018-06-09 15:53:26 - [TEST_STEP][PASSED] - selectOptionByIndex: All options with index in [2] are selected on object 'Object Repository/DispensaryToStore/Page_Dispensary Store/select_--Select--Schedule 1Inj'

2018-06-09 15:53:27 - [MESSAGE][PASSED] - All options with index in [2] are selected on object 'Object Repository/DispensaryToStore/Page_Dispensary Store/select_--Select--Schedule 1Inj'

2018-06-09 15:53:27 - [TEST_STEP][PASSED] - delay: Delayed 1 second(s)

2018-06-09 15:53:28 - [MESSAGE][PASSED] - Delayed 1 second(s)

2018-06-09 15:53:28 - [TEST_STEP][PASSED] - selectOptionByIndex: All options with index in [18] are selected on object 'Object Repository/DispensaryToStore/Page_Dispensary Store/select_--Select--Adernaline 0.'

2018-06-09 15:53:28 - [MESSAGE][PASSED] - All options with index in [18] are selected on object 'Object Repository/DispensaryToStore/Page_Dispensary Store/select_--Select--Adernaline 0.'

2018-06-09 15:53:28 - [TEST_STEP][PASSED] - delay: Delayed 1 second(s)

2018-06-09 15:53:29 - [MESSAGE][PASSED] - Delayed 1 second(s)

2018-06-09 15:53:29 - [TEST_STEP][PASSED] - setText: Text '10' is set on object 'Object Repository/DispensaryToStore/Page_Dispensary Store/input_txttreat'

2018-06-09 15:53:29 - [MESSAGE][PASSED] - Text '10' is set on object 'Object Repository/DispensaryToStore/Page_Dispensary Store/input_txttreat'

2018-06-09 15:53:29 - [TEST_STEP][PASSED] - click: Object: 'Object Repository/DispensaryToStore/Page_Dispensary Store/button_Add' is clicked on

2018-06-09 15:53:29 - [MESSAGE][PASSED] - Object: 'Object Repository/DispensaryToStore/Page_Dispensary Store/button_Add' is clicked on

2018-06-09 15:53:29 - [TEST_STEP][PASSED] - selectOptionByIndex: All options with index in [2] are selected on object 'Object Repository/DispensaryToStore/Page_Dispensary Store/select_--Select--Schedule 1Inj'

2018-06-09 15:53:29 - [MESSAGE][PASSED] - All options with index in [2] are selected on object 'Object Repository/DispensaryToStore/Page_Dispensary Store/select_--Select--Schedule 1Inj'

2018-06-09 15:53:29 - [TEST_STEP][PASSED] - delay: Delayed 1 second(s)

2018-06-09 15:53:30 - [MESSAGE][PASSED] - Delayed 1 second(s)

2018-06-09 15:53:30 - [TEST_STEP][PASSED] - selectOptionByIndex: All options with index in [19] are selected on object 'Object Repository/DispensaryToStore/Page_Dispensary Store/select_--Select--Adernaline 0.'

2018-06-09 15:53:31 - [MESSAGE][PASSED] - All options with index in [19] are selected on object 'Object Repository/DispensaryToStore/Page_Dispensary Store/select_--Select--Adernaline 0.'

2018-06-09 15:53:31 - [TEST_STEP][PASSED] - delay: Delayed 1 second(s)

2018-06-09 15:53:32 - [MESSAGE][PASSED] - Delayed 1 second(s)

2018-06-09 15:53:32 - [TEST_STEP][PASSED] - setText: Text '10' is set on object 'Object Repository/DispensaryToStore/Page_Dispensary Store/input_txttreat'

2018-06-09 15:53:32 - [MESSAGE][PASSED] - Text '10' is set on object 'Object Repository/DispensaryToStore/Page_Dispensary Store/input_txttreat'

2018-06-09 15:53:32 - [TEST_STEP][PASSED] - click: Object: 'Object Repository/DispensaryToStore/Page_Dispensary Store/button_Add' is clicked on

2018-06-09 15:53:32 - [MESSAGE][PASSED] - Object: 'Object Repository/DispensaryToStore/Page_Dispensary Store/button_Add' is clicked on

2018-06-09 15:53:32 - [TEST_STEP][PASSED] - selectOptionByIndex: All options with index in [2] are selected on object 'Object Repository/DispensaryToStore/Page_Dispensary Store/select_--Select--Schedule 1Inj'

2018-06-09 15:53:32 - [MESSAGE][PASSED] - All options with index in [2] are selected on object 'Object Repository/DispensaryToStore/Page_Dispensary Store/select_--Select--Schedule 1Inj'

2018-06-09 15:53:32 - [TEST_STEP][PASSED] - delay: Delayed 1 second(s)

2018-06-09 15:53:33 - [MESSAGE][PASSED] - Delayed 1 second(s)

2018-06-09 15:53:33 - [TEST_STEP][PASSED] - selectOptionByIndex: All options with index in [20] are selected on object 'Object Repository/DispensaryToStore/Page_Dispensary Store/select_--Select--Adernaline 0.'

2018-06-09 15:53:34 - [MESSAGE][PASSED] - All options with index in [20] are selected on object 'Object Repository/DispensaryToStore/Page_Dispensary Store/select_--Select--Adernaline 0.'

2018-06-09 15:53:34 - [TEST_STEP][PASSED] - delay: Delayed 1 second(s)

2018-06-09 15:53:35 - [MESSAGE][PASSED] - Delayed 1 second(s)

2018-06-09 15:53:35 - [TEST_STEP][PASSED] - setText: Text '10' is set on object 'Object Repository/DispensaryToStore/Page_Dispensary Store/input_txttreat'

2018-06-09 15:53:35 - [MESSAGE][PASSED] - Text '10' is set on object 'Object Repository/DispensaryToStore/Page_Dispensary Store/input_txttreat'

2018-06-09 15:53:35 - [TEST_STEP][PASSED] - click: Object: 'Object Repository/DispensaryToStore/Page_Dispensary Store/button_Add' is clicked on

2018-06-09 15:53:35 - [MESSAGE][PASSED] - Object: 'Object Repository/DispensaryToStore/Page_Dispensary Store/button_Add' is clicked on

2018-06-09 15:53:35 - [TEST_STEP][PASSED] - selectOptionByIndex: All options with index in [2] are selected on object 'Object Repository/DispensaryToStore/Page_Dispensary Store/select_--Select--Schedule 1Inj'

2018-06-09 15:53:35 - [MESSAGE][PASSED] - All options with index in [2] are selected on object 'Object Repository/DispensaryToStore/Page_Dispensary Store/select_--Select--Schedule 1Inj'

2018-06-09 15:53:35 - [TEST_STEP][PASSED] - delay: Delayed 1 second(s)

2018-06-09 15:53:36 - [MESSAGE][PASSED] - Delayed 1 second(s)

2018-06-09 15:53:36 - [TEST_STEP][PASSED] - selectOptionByIndex: All options with index in [21] are selected on object 'Object Repository/DispensaryToStore/Page_Dispensary Store/select_--Select--Adernaline 0.'

2018-06-09 15:53:36 - [MESSAGE][PASSED] - All options with index in [21] are selected on object 'Object Repository/DispensaryToStore/Page_Dispensary Store/select_--Select--Adernaline 0.'

2018-06-09 15:53:36 - [TEST_STEP][PASSED] - delay: Delayed 1 second(s)

2018-06-09 15:53:37 - [MESSAGE][PASSED] - Delayed 1 second(s)

2018-06-09 15:53:37 - [TEST_STEP][PASSED] - setText: Text '10' is set on object 'Object Repository/DispensaryToStore/Page_Dispensary Store/input_txttreat'

2018-06-09 15:53:37 - [MESSAGE][PASSED] - Text '10' is set on object 'Object Repository/DispensaryToStore/Page_Dispensary Store/input_txttreat'

2018-06-09 15:53:37 - [TEST_STEP][PASSED] - click: Object: 'Object Repository/DispensaryToStore/Page_Dispensary Store/button_Add' is clicked on

2018-06-09 15:53:37 - [MESSAGE][PASSED] - Object: 'Object Repository/DispensaryToStore/Page_Dispensary Store/button_Add' is clicked on

2018-06-09 15:53:37 - [TEST_STEP][PASSED] - selectOptionByIndex: All options with index in [2] are selected on object 'Object Repository/DispensaryToStore/Page_Dispensary Store/select_--Select--Schedule 1Inj'

2018-06-09 15:53:38 - [MESSAGE][PASSED] - All options with index in [2] are selected on object 'Object Repository/DispensaryToStore/Page_Dispensary Store/select_--Select--Schedule 1Inj'

2018-06-09 15:53:38 - [TEST_STEP][PASSED] - delay: Delayed 1 second(s)

2018-06-09 15:53:39 - [MESSAGE][PASSED] - Delayed 1 second(s)

2018-06-09 15:53:39 - [TEST_STEP][PASSED] - selectOptionByIndex: All options with index in [22] are selected on object 'Object Repository/DispensaryToStore/Page_Dispensary Store/select_--Select--Adernaline 0.'

2018-06-09 15:53:39 - [MESSAGE][PASSED] - All options with index in [22] are selected on object 'Object Repository/DispensaryToStore/Page_Dispensary Store/select_--Select--Adernaline 0.'

2018-06-09 15:53:39 - [TEST_STEP][PASSED] - delay: Delayed 1 second(s)

2018-06-09 15:53:40 - [MESSAGE][PASSED] - Delayed 1 second(s)

2018-06-09 15:53:40 - [TEST_STEP][PASSED] - setText: Text '10' is set on object 'Object Repository/DispensaryToStore/Page_Dispensary Store/input_txttreat'

2018-06-09 15:53:40 - [MESSAGE][PASSED] - Text '10' is set on object 'Object Repository/DispensaryToStore/Page_Dispensary Store/input_txttreat'

2018-06-09 15:53:40 - [TEST_STEP][PASSED] - click: Object: 'Object Repository/DispensaryToStore/Page_Dispensary Store/button_Add' is clicked on

2018-06-09 15:53:40 - [MESSAGE][PASSED] - Object: 'Object Repository/DispensaryToStore/Page_Dispensary Store/button_Add' is clicked on

2018-06-09 15:53:40 - [TEST_STEP][PASSED] - selectOptionByIndex: All options with index in [2] are selected on object 'Object Repository/DispensaryToStore/Page_Dispensary Store/select_--Select--Schedule 1Inj'

2018-06-09 15:53:40 - [MESSAGE][PASSED] - All options with index in [2] are selected on object 'Object Repository/DispensaryToStore/Page_Dispensary Store/select_--Select--Schedule 1Inj'

2018-06-09 15:53:40 - [TEST_STEP][PASSED] - delay: Delayed 1 second(s)

2018-06-09 15:53:41 - [MESSAGE][PASSED] - Delayed 1 second(s)

2018-06-09 15:53:41 - [TEST_STEP][PASSED] - selectOptionByIndex: All options with index in [23] are selected on object 'Object Repository/DispensaryToStore/Page_Dispensary Store/select_--Select--Adernaline 0.'

2018-06-09 15:53:42 - [MESSAGE][PASSED] - All options with index in [23] are selected on object 'Object Repository/DispensaryToStore/Page_Dispensary Store/select_--Select--Adernaline 0.'

2018-06-09 15:53:42 - [TEST_STEP][PASSED] - delay: Delayed 1 second(s)

2018-06-09 15:53:43 - [MESSAGE][PASSED] - Delayed 1 second(s)

2018-06-09 15:53:43 - [TEST_STEP][PASSED] - setText: Text '10' is set on object 'Object Repository/DispensaryToStore/Page_Dispensary Store/input_txttreat'

2018-06-09 15:53:43 - [MESSAGE][PASSED] - Text '10' is set on object 'Object Repository/DispensaryToStore/Page_Dispensary Store/input_txttreat'

2018-06-09 15:53:43 - [TEST_STEP][PASSED] - click: Object: 'Object Repository/DispensaryToStore/Page_Dispensary Store/button_Add' is clicked on

2018-06-09 15:53:43 - [MESSAGE][PASSED] - Object: 'Object Repository/DispensaryToStore/Page_Dispensary Store/button_Add' is clicked on

2018-06-09 15:53:43 - [TEST_STEP][PASSED] - selectOptionByIndex: All options with index in [2] are selected on object 'Object Repository/DispensaryToStore/Page_Dispensary Store/select_--Select--Schedule 1Inj'

2018-06-09 15:53:43 - [MESSAGE][PASSED] - All options with index in [2] are selected on object 'Object Repository/DispensaryToStore/Page_Dispensary Store/select_--Select--Schedule 1Inj'

2018-06-09 15:53:43 - [TEST_STEP][PASSED] - delay: Delayed 1 second(s)

2018-06-09 15:53:44 - [MESSAGE][PASSED] - Delayed 1 second(s)

2018-06-09 15:53:44 - [TEST_STEP][PASSED] - selectOptionByIndex: All options with index in [24] are selected on object 'Object Repository/DispensaryToStore/Page_Dispensary Store/select_--Select--Adernaline 0.'

2018-06-09 15:53:45 - [MESSAGE][PASSED] - All options with index in [24] are selected on object 'Object Repository/DispensaryToStore/Page_Dispensary Store/select_--Select--Adernaline 0.'

2018-06-09 15:53:45 - [TEST_STEP][PASSED] - delay: Delayed 1 second(s)

2018-06-09 15:53:46 - [MESSAGE][PASSED] - Delayed 1 second(s)

2018-06-09 15:53:46 - [TEST_STEP][PASSED] - setText: Text '10' is set on object 'Object Repository/DispensaryToStore/Page_Dispensary Store/input_txttreat'

2018-06-09 15:53:46 - [MESSAGE][PASSED] - Text '10' is set on object 'Object Repository/DispensaryToStore/Page_Dispensary Store/input_txttreat'

2018-06-09 15:53:46 - [TEST_STEP][PASSED] - click: Object: 'Object Repository/DispensaryToStore/Page_Dispensary Store/button_Add' is clicked on

2018-06-09 15:53:46 - [MESSAGE][PASSED] - Object: 'Object Repository/DispensaryToStore/Page_Dispensary Store/button_Add' is clicked on

2018-06-09 15:53:46 - [TEST_STEP][PASSED] - selectOptionByIndex: All options with index in [2] are selected on object 'Object Repository/DispensaryToStore/Page_Dispensary Store/select_--Select--Schedule 1Inj'

2018-06-09 15:53:46 - [MESSAGE][PASSED] - All options with index in [2] are selected on object 'Object Repository/DispensaryToStore/Page_Dispensary Store/select_--Select--Schedule 1Inj'

2018-06-09 15:53:46 - [TEST_STEP][PASSED] - delay: Delayed 1 second(s)

2018-06-09 15:53:47 - [MESSAGE][PASSED] - Delayed 1 second(s)

2018-06-09 15:53:47 - [TEST_STEP][PASSED] - selectOptionByIndex: All options with index in [25] are selected on object 'Object Repository/DispensaryToStore/Page_Dispensary Store/select_--Select--Adernaline 0.'

2018-06-09 15:53:48 - [MESSAGE][PASSED] - All options with index in [25] are selected on object 'Object Repository/DispensaryToStore/Page_Dispensary Store/select_--Select--Adernaline 0.'

2018-06-09 15:53:48 - [TEST_STEP][PASSED] - delay: Delayed 1 second(s)

2018-06-09 15:53:49 - [MESSAGE][PASSED] - Delayed 1 second(s)

2018-06-09 15:53:49 - [TEST_STEP][PASSED] - setText: Text '10' is set on object 'Object Repository/DispensaryToStore/Page_Dispensary Store/input_txttreat'

2018-06-09 15:53:49 - [MESSAGE][PASSED] - Text '10' is set on object 'Object Repository/DispensaryToStore/Page_Dispensary Store/input_txttreat'

2018-06-09 15:53:49 - [TEST_STEP][PASSED] - click: Object: 'Object Repository/DispensaryToStore/Page_Dispensary Store/button_Add' is clicked on

2018-06-09 15:53:49 - [MESSAGE][PASSED] - Object: 'Object Repository/DispensaryToStore/Page_Dispensary Store/button_Add' is clicked on

2018-06-09 15:53:49 - [TEST_STEP][PASSED] - selectOptionByIndex: All options with index in [2] are selected on object 'Object Repository/DispensaryToStore/Page_Dispensary Store/select_--Select--Schedule 1Inj'

2018-06-09 15:53:49 - [MESSAGE][PASSED] - All options with index in [2] are selected on object 'Object Repository/DispensaryToStore/Page_Dispensary Store/select_--Select--Schedule 1Inj'

2018-06-09 15:53:49 - [TEST_STEP][PASSED] - delay: Delayed 1 second(s)

2018-06-09 15:53:50 - [MESSAGE][PASSED] - Delayed 1 second(s)

2018-06-09 15:53:50 - [TEST_STEP][PASSED] - selectOptionByIndex: All options with index in [26] are selected on object 'Object Repository/DispensaryToStore/Page_Dispensary Store/select_--Select--Adernaline 0.'

2018-06-09 15:53:50 - [MESSAGE][PASSED] - All options with index in [26] are selected on object 'Object Repository/DispensaryToStore/Page_Dispensary Store/select_--Select--Adernaline 0.'

2018-06-09 15:53:50 - [TEST_STEP][PASSED] - delay: Delayed 1 second(s)

2018-06-09 15:53:51 - [MESSAGE][PASSED] - Delayed 1 second(s)

2018-06-09 15:53:51 - [TEST_STEP][PASSED] - setText: Text '10' is set on object 'Object Repository/DispensaryToStore/Page_Dispensary Store/input_txttreat'

2018-06-09 15:53:52 - [MESSAGE][PASSED] - Text '10' is set on object 'Object Repository/DispensaryToStore/Page_Dispensary Store/input_txttreat'

2018-06-09 15:53:52 - [TEST_STEP][PASSED] - click: Object: 'Object Repository/DispensaryToStore/Page_Dispensary Store/button_Add' is clicked on

2018-06-09 15:53:52 - [MESSAGE][PASSED] - Object: 'Object Repository/DispensaryToStore/Page_Dispensary Store/button_Add' is clicked on

2018-06-09 15:53:52 - [TEST_STEP][PASSED] - selectOptionByIndex: All options with index in [2] are selected on object 'Object Repository/DispensaryToStore/Page_Dispensary Store/select_--Select--Schedule 1Inj'

2018-06-09 15:53:52 - [MESSAGE][PASSED] - All options with index in [2] are selected on object 'Object Repository/DispensaryToStore/Page_Dispensary Store/select_--Select--Schedule 1Inj'

2018-06-09 15:53:52 - [TEST_STEP][PASSED] - delay: Delayed 1 second(s)

2018-06-09 15:53:53 - [MESSAGE][PASSED] - Delayed 1 second(s)

2018-06-09 15:53:53 - [TEST_STEP][PASSED] - selectOptionByIndex: All options with index in [27] are selected on object 'Object Repository/DispensaryToStore/Page_Dispensary Store/select_--Select--Adernaline 0.'

2018-06-09 15:53:53 - [MESSAGE][PASSED] - All options with index in [27] are selected on object 'Object Repository/DispensaryToStore/Page_Dispensary Store/select_--Select--Adernaline 0.'

2018-06-09 15:53:53 - [TEST_STEP][PASSED] - delay: Delayed 1 second(s)

2018-06-09 15:53:54 - [MESSAGE][PASSED] - Delayed 1 second(s)

2018-06-09 15:53:54 - [TEST_STEP][PASSED] - setText: Text '10' is set on object 'Object Repository/DispensaryToStore/Page_Dispensary Store/input_txttreat'

2018-06-09 15:53:54 - [MESSAGE][PASSED] - Text '10' is set on object 'Object Repository/DispensaryToStore/Page_Dispensary Store/input_txttreat'

2018-06-09 15:53:54 - [TEST_STEP][PASSED] - click: Object: 'Object Repository/DispensaryToStore/Page_Dispensary Store/button_Add' is clicked on

2018-06-09 15:53:55 - [MESSAGE][PASSED] - Object: 'Object Repository/DispensaryToStore/Page_Dispensary Store/button_Add' is clicked on

2018-06-09 15:53:55 - [TEST_STEP][PASSED] - selectOptionByIndex: All options with index in [2] are selected on object 'Object Repository/DispensaryToStore/Page_Dispensary Store/select_--Select--Schedule 1Inj'

2018-06-09 15:53:55 - [MESSAGE][PASSED] - All options with index in [2] are selected on object 'Object Repository/DispensaryToStore/Page_Dispensary Store/select_--Select--Schedule 1Inj'

2018-06-09 15:53:55 - [TEST_STEP][PASSED] - delay: Delayed 1 second(s)

2018-06-09 15:53:56 - [MESSAGE][PASSED] - Delayed 1 second(s)

2018-06-09 15:53:56 - [TEST_STEP][PASSED] - selectOptionByIndex: All options with index in [28] are selected on object 'Object Repository/DispensaryToStore/Page_Dispensary Store/select_--Select--Adernaline 0.'

2018-06-09 15:53:56 - [MESSAGE][PASSED] - All options with index in [28] are selected on object 'Object Repository/DispensaryToStore/Page_Dispensary Store/select_--Select--Adernaline 0.'

2018-06-09 15:53:56 - [TEST_STEP][PASSED] - delay: Delayed 1 second(s)

2018-06-09 15:53:57 - [MESSAGE][PASSED] - Delayed 1 second(s)

2018-06-09 15:53:57 - [TEST_STEP][PASSED] - setText: Text '10' is set on object 'Object Repository/DispensaryToStore/Page_Dispensary Store/input_txttreat'

2018-06-09 15:53:57 - [MESSAGE][PASSED] - Text '10' is set on object 'Object Repository/DispensaryToStore/Page_Dispensary Store/input_txttreat'

2018-06-09 15:53:57 - [TEST_STEP][PASSED] - click: Object: 'Object Repository/DispensaryToStore/Page_Dispensary Store/button_Add' is clicked on

2018-06-09 15:53:57 - [MESSAGE][PASSED] - Object: 'Object Repository/DispensaryToStore/Page_Dispensary Store/button_Add' is clicked on

2018-06-09 15:53:57 - [TEST_STEP][PASSED] - selectOptionByIndex: All options with index in [2] are selected on object 'Object Repository/DispensaryToStore/Page_Dispensary Store/select_--Select--Schedule 1Inj'

2018-06-09 15:53:58 - [MESSAGE][PASSED] - All options with index in [2] are selected on object 'Object Repository/DispensaryToStore/Page_Dispensary Store/select_--Select--Schedule 1Inj'

2018-06-09 15:53:58 - [TEST_STEP][PASSED] - delay: Delayed 1 second(s)

2018-06-09 15:53:59 - [MESSAGE][PASSED] - Delayed 1 second(s)

2018-06-09 15:53:59 - [TEST_STEP][PASSED] - selectOptionByIndex: All options with index in [29] are selected on object 'Object Repository/DispensaryToStore/Page_Dispensary Store/select_--Select--Adernaline 0.'

2018-06-09 15:53:59 - [MESSAGE][PASSED] - All options with index in [29] are selected on object 'Object Repository/DispensaryToStore/Page_Dispensary Store/select_--Select--Adernaline 0.'

2018-06-09 15:53:59 - [TEST_STEP][PASSED] - delay: Delayed 1 second(s)

2018-06-09 15:54:00 - [MESSAGE][PASSED] - Delayed 1 second(s)

2018-06-09 15:54:00 - [TEST_STEP][PASSED] - setText: Text '10' is set on object 'Object Repository/DispensaryToStore/Page_Dispensary Store/input_txttreat'

2018-06-09 15:54:00 - [MESSAGE][PASSED] - Text '10' is set on object 'Object Repository/DispensaryToStore/Page_Dispensary Store/input_txttreat'

2018-06-09 15:54:00 - [TEST_STEP][PASSED] - click: Object: 'Object Repository/DispensaryToStore/Page_Dispensary Store/button_Add' is clicked on

2018-06-09 15:54:00 - [MESSAGE][PASSED] - Object: 'Object Repository/DispensaryToStore/Page_Dispensary Store/button_Add' is clicked on

2018-06-09 15:54:00 - [TEST_STEP][PASSED] - selectOptionByIndex: All options with index in [2] are selected on object 'Object Repository/DispensaryToStore/Page_Dispensary Store/select_--Select--Schedule 1Inj'

2018-06-09 15:54:01 - [MESSAGE][PASSED] - All options with index in [2] are selected on object 'Object Repository/DispensaryToStore/Page_Dispensary Store/select_--Select--Schedule 1Inj'

2018-06-09 15:54:01 - [TEST_STEP][PASSED] - delay: Delayed 1 second(s)

2018-06-09 15:54:02 - [MESSAGE][PASSED] - Delayed 1 second(s)

2018-06-09 15:54:02 - [TEST_STEP][PASSED] - selectOptionByIndex: All options with index in [30] are selected on object 'Object Repository/DispensaryToStore/Page_Dispensary Store/select_--Select--Adernaline 0.'

2018-06-09 15:54:02 - [MESSAGE][PASSED] - All options with index in [30] are selected on object 'Object Repository/DispensaryToStore/Page_Dispensary Store/select_--Select--Adernaline 0.'

2018-06-09 15:54:02 - [TEST_STEP][PASSED] - delay: Delayed 1 second(s)

2018-06-09 15:54:03 - [MESSAGE][PASSED] - Delayed 1 second(s)

2018-06-09 15:54:03 - [TEST_STEP][PASSED] - setText: Text '10' is set on object 'Object Repository/DispensaryToStore/Page_Dispensary Store/input_txttreat'

2018-06-09 15:54:03 - [MESSAGE][PASSED] - Text '10' is set on object 'Object Repository/DispensaryToStore/Page_Dispensary Store/input_txttreat'

2018-06-09 15:54:03 - [TEST_STEP][PASSED] - click: Object: 'Object Repository/DispensaryToStore/Page_Dispensary Store/button_Add' is clicked on

2018-06-09 15:54:03 - [MESSAGE][PASSED] - Object: 'Object Repository/DispensaryToStore/Page_Dispensary Store/button_Add' is clicked on

2018-06-09 15:54:03 - [TEST_STEP][PASSED] - selectOptionByIndex: All options with index in [2] are selected on object 'Object Repository/DispensaryToStore/Page_Dispensary Store/select_--Select--Schedule 1Inj'

2018-06-09 15:54:03 - [MESSAGE][PASSED] - All options with index in [2] are selected on object 'Object Repository/DispensaryToStore/Page_Dispensary Store/select_--Select--Schedule 1Inj'

2018-06-09 15:54:03 - [TEST_STEP][PASSED] - delay: Delayed 1 second(s)

2018-06-09 15:54:04 - [MESSAGE][PASSED] - Delayed 1 second(s)

2018-06-09 15:54:04 - [TEST_STEP][PASSED] - selectOptionByIndex: All options with index in [31] are selected on object 'Object Repository/DispensaryToStore/Page_Dispensary Store/select_--Select--Adernaline 0.'

2018-06-09 15:54:05 - [MESSAGE][PASSED] - All options with index in [31] are selected on object 'Object Repository/DispensaryToStore/Page_Dispensary Store/select_--Select--Adernaline 0.'

2018-06-09 15:54:05 - [TEST_STEP][PASSED] - delay: Delayed 1 second(s)

2018-06-09 15:54:06 - [MESSAGE][PASSED] - Delayed 1 second(s)

2018-06-09 15:54:06 - [TEST_STEP][PASSED] - setText: Text '10' is set on object 'Object Repository/DispensaryToStore/Page_Dispensary Store/input_txttreat'

2018-06-09 15:54:06 - [MESSAGE][PASSED] - Text '10' is set on object 'Object Repository/DispensaryToStore/Page_Dispensary Store/input_txttreat'

2018-06-09 15:54:06 - [TEST_STEP][PASSED] - click: Object: 'Object Repository/DispensaryToStore/Page_Dispensary Store/button_Add' is clicked on

2018-06-09 15:54:06 - [MESSAGE][PASSED] - Object: 'Object Repository/DispensaryToStore/Page_Dispensary Store/button_Add' is clicked on

2018-06-09 15:54:06 - [TEST_STEP][PASSED] - selectOptionByIndex: All options with index in [2] are selected on object 'Object Repository/DispensaryToStore/Page_Dispensary Store/select_--Select--Schedule 1Inj'

2018-06-09 15:54:06 - [MESSAGE][PASSED] - All options with index in [2] are selected on object 'Object Repository/DispensaryToStore/Page_Dispensary Store/select_--Select--Schedule 1Inj'

2018-06-09 15:54:06 - [TEST_STEP][PASSED] - delay: Delayed 1 second(s)

2018-06-09 15:54:07 - [MESSAGE][PASSED] - Delayed 1 second(s)

2018-06-09 15:54:07 - [TEST_STEP][PASSED] - selectOptionByIndex: All options with index in [32] are selected on object 'Object Repository/DispensaryToStore/Page_Dispensary Store/select_--Select--Adernaline 0.'

2018-06-09 15:54:08 - [MESSAGE][PASSED] - All options with index in [32] are selected on object 'Object Repository/DispensaryToStore/Page_Dispensary Store/select_--Select--Adernaline 0.'

2018-06-09 15:54:08 - [TEST_STEP][PASSED] - delay: Delayed 1 second(s)

2018-06-09 15:54:09 - [MESSAGE][PASSED] - Delayed 1 second(s)

2018-06-09 15:54:09 - [TEST_STEP][PASSED] - setText: Text '10' is set on object 'Object Repository/DispensaryToStore/Page_Dispensary Store/input_txttreat'

2018-06-09 15:54:09 - [MESSAGE][PASSED] - Text '10' is set on object 'Object Repository/DispensaryToStore/Page_Dispensary Store/input_txttreat'

2018-06-09 15:54:09 - [TEST_STEP][PASSED] - click: Object: 'Object Repository/DispensaryToStore/Page_Dispensary Store/button_Add' is clicked on

2018-06-09 15:54:09 - [MESSAGE][PASSED] - Object: 'Object Repository/DispensaryToStore/Page_Dispensary Store/button_Add' is clicked on

2018-06-09 15:54:09 - [TEST_STEP][PASSED] - selectOptionByIndex: All options with index in [2] are selected on object 'Object Repository/DispensaryToStore/Page_Dispensary Store/select_--Select--Schedule 1Inj'

2018-06-09 15:54:09 - [MESSAGE][PASSED] - All options with index in [2] are selected on object 'Object Repository/DispensaryToStore/Page_Dispensary Store/select_--Select--Schedule 1Inj'

2018-06-09 15:54:09 - [TEST_STEP][PASSED] - delay: Delayed 1 second(s)

2018-06-09 15:54:10 - [MESSAGE][PASSED] - Delayed 1 second(s)

2018-06-09 15:54:10 - [TEST_STEP][PASSED] - selectOptionByIndex: All options with index in [33] are selected on object 'Object Repository/DispensaryToStore/Page_Dispensary Store/select_--Select--Adernaline 0.'

2018-06-09 15:54:11 - [MESSAGE][PASSED] - All options with index in [33] are selected on object 'Object Repository/DispensaryToStore/Page_Dispensary Store/select_--Select--Adernaline 0.'

2018-06-09 15:54:11 - [TEST_STEP][PASSED] - delay: Delayed 1 second(s)

2018-06-09 15:54:12 - [MESSAGE][PASSED] - Delayed 1 second(s)

2018-06-09 15:54:12 - [TEST_STEP][PASSED] - setText: Text '10' is set on object 'Object Repository/DispensaryToStore/Page_Dispensary Store/input_txttreat'

2018-06-09 15:54:12 - [MESSAGE][PASSED] - Text '10' is set on object 'Object Repository/DispensaryToStore/Page_Dispensary Store/input_txttreat'

2018-06-09 15:54:12 - [TEST_STEP][PASSED] - click: Object: 'Object Repository/DispensaryToStore/Page_Dispensary Store/button_Add' is clicked on

2018-06-09 15:54:12 - [MESSAGE][PASSED] - Object: 'Object Repository/DispensaryToStore/Page_Dispensary Store/button_Add' is clicked on

2018-06-09 15:54:12 - [TEST_STEP][PASSED] - selectOptionByIndex: All options with index in [2] are selected on object 'Object Repository/DispensaryToStore/Page_Dispensary Store/select_--Select--Schedule 1Inj'

2018-06-09 15:54:12 - [MESSAGE][PASSED] - All options with index in [2] are selected on object 'Object Repository/DispensaryToStore/Page_Dispensary Store/select_--Select--Schedule 1Inj'

2018-06-09 15:54:12 - [TEST_STEP][PASSED] - delay: Delayed 1 second(s)

2018-06-09 15:54:13 - [MESSAGE][PASSED] - Delayed 1 second(s)

2018-06-09 15:54:13 - [TEST_STEP][PASSED] - selectOptionByIndex: All options with index in [34] are selected on object 'Object Repository/DispensaryToStore/Page_Dispensary Store/select_--Select--Adernaline 0.'

2018-06-09 15:54:14 - [MESSAGE][PASSED] - All options with index in [34] are selected on object 'Object Repository/DispensaryToStore/Page_Dispensary Store/select_--Select--Adernaline 0.'

2018-06-09 15:54:14 - [TEST_STEP][PASSED] - delay: Delayed 1 second(s)

2018-06-09 15:54:15 - [MESSAGE][PASSED] - Delayed 1 second(s)

2018-06-09 15:54:15 - [TEST_STEP][PASSED] - setText: Text '10' is set on object 'Object Repository/DispensaryToStore/Page_Dispensary Store/input_txttreat'

2018-06-09 15:54:15 - [MESSAGE][PASSED] - Text '10' is set on object 'Object Repository/DispensaryToStore/Page_Dispensary Store/input_txttreat'

2018-06-09 15:54:15 - [TEST_STEP][PASSED] - click: Object: 'Object Repository/DispensaryToStore/Page_Dispensary Store/button_Add' is clicked on

2018-06-09 15:54:15 - [MESSAGE][PASSED] - Object: 'Object Repository/DispensaryToStore/Page_Dispensary Store/button_Add' is clicked on

2018-06-09 15:54:15 - [TEST_STEP][PASSED] - selectOptionByIndex: All options with index in [2] are selected on object 'Object Repository/DispensaryToStore/Page_Dispensary Store/select_--Select--Schedule 1Inj'

2018-06-09 15:54:15 - [MESSAGE][PASSED] - All options with index in [2] are selected on object 'Object Repository/DispensaryToStore/Page_Dispensary Store/select_--Select--Schedule 1Inj'

2018-06-09 15:54:15 - [TEST_STEP][PASSED] - delay: Delayed 1 second(s)

2018-06-09 15:54:16 - [MESSAGE][PASSED] - Delayed 1 second(s)

2018-06-09 15:54:16 - [TEST_STEP][PASSED] - selectOptionByIndex: All options with index in [35] are selected on object 'Object Repository/DispensaryToStore/Page_Dispensary Store/select_--Select--Adernaline 0.'

2018-06-09 15:54:16 - [MESSAGE][PASSED] - All options with index in [35] are selected on object 'Object Repository/DispensaryToStore/Page_Dispensary Store/select_--Select--Adernaline 0.'

2018-06-09 15:54:16 - [TEST_STEP][PASSED] - delay: Delayed 1 second(s)

2018-06-09 15:54:17 - [MESSAGE][PASSED] - Delayed 1 second(s)

2018-06-09 15:54:17 - [TEST_STEP][PASSED] - setText: Text '10' is set on object 'Object Repository/DispensaryToStore/Page_Dispensary Store/input_txttreat'

2018-06-09 15:54:17 - [MESSAGE][PASSED] - Text '10' is set on object 'Object Repository/DispensaryToStore/Page_Dispensary Store/input_txttreat'

2018-06-09 15:54:17 - [TEST_STEP][PASSED] - click: Object: 'Object Repository/DispensaryToStore/Page_Dispensary Store/button_Add' is clicked on

2018-06-09 15:54:18 - [MESSAGE][PASSED] - Object: 'Object Repository/DispensaryToStore/Page_Dispensary Store/button_Add' is clicked on

2018-06-09 15:54:18 - [TEST_STEP][PASSED] - selectOptionByIndex: All options with index in [2] are selected on object 'Object Repository/DispensaryToStore/Page_Dispensary Store/select_--Select--Schedule 1Inj'

2018-06-09 15:54:18 - [MESSAGE][PASSED] - All options with index in [2] are selected on object 'Object Repository/DispensaryToStore/Page_Dispensary Store/select_--Select--Schedule 1Inj'

2018-06-09 15:54:18 - [TEST_STEP][PASSED] - delay: Delayed 1 second(s)

2018-06-09 15:54:19 - [MESSAGE][PASSED] - Delayed 1 second(s)

2018-06-09 15:54:19 - [TEST_STEP][PASSED] - selectOptionByIndex: All options with index in [36] are selected on object 'Object Repository/DispensaryToStore/Page_Dispensary Store/select_--Select--Adernaline 0.'

2018-06-09 15:54:19 - [MESSAGE][PASSED] - All options with index in [36] are selected on object 'Object Repository/DispensaryToStore/Page_Dispensary Store/select_--Select--Adernaline 0.'

2018-06-09 15:54:19 - [TEST_STEP][PASSED] - delay: Delayed 1 second(s)

2018-06-09 15:54:20 - [MESSAGE][PASSED] - Delayed 1 second(s)

2018-06-09 15:54:20 - [TEST_STEP][PASSED] - setText: Text '10' is set on object 'Object Repository/DispensaryToStore/Page_Dispensary Store/input_txttreat'

2018-06-09 15:54:20 - [MESSAGE][PASSED] - Text '10' is set on object 'Object Repository/DispensaryToStore/Page_Dispensary Store/input_txttreat'

2018-06-09 15:54:20 - [TEST_STEP][PASSED] - click: Object: 'Object Repository/DispensaryToStore/Page_Dispensary Store/button_Add' is clicked on

2018-06-09 15:54:20 - [MESSAGE][PASSED] - Object: 'Object Repository/DispensaryToStore/Page_Dispensary Store/button_Add' is clicked on

2018-06-09 15:54:20 - [TEST_STEP][PASSED] - selectOptionByIndex: All options with index in [2] are selected on object 'Object Repository/DispensaryToStore/Page_Dispensary Store/select_--Select--Schedule 1Inj'

2018-06-09 15:54:21 - [MESSAGE][PASSED] - All options with index in [2] are selected on object 'Object Repository/DispensaryToStore/Page_Dispensary Store/select_--Select--Schedule 1Inj'

2018-06-09 15:54:21 - [TEST_STEP][PASSED] - delay: Delayed 1 second(s)

2018-06-09 15:54:22 - [MESSAGE][PASSED] - Delayed 1 second(s)

2018-06-09 15:54:22 - [TEST_STEP][PASSED] - selectOptionByIndex: All options with index in [37] are selected on object 'Object Repository/DispensaryToStore/Page_Dispensary Store/select_--Select--Adernaline 0.'

2018-06-09 15:54:22 - [MESSAGE][PASSED] - All options with index in [37] are selected on object 'Object Repository/DispensaryToStore/Page_Dispensary Store/select_--Select--Adernaline 0.'

2018-06-09 15:54:22 - [TEST_STEP][PASSED] - delay: Delayed 1 second(s)

2018-06-09 15:54:23 - [MESSAGE][PASSED] - Delayed 1 second(s)

2018-06-09 15:54:23 - [TEST_STEP][PASSED] - setText: Text '10' is set on object 'Object Repository/DispensaryToStore/Page_Dispensary Store/input_txttreat'

2018-06-09 15:54:23 - [MESSAGE][PASSED] - Text '10' is set on object 'Object Repository/DispensaryToStore/Page_Dispensary Store/input_txttreat'

2018-06-09 15:54:23 - [TEST_STEP][PASSED] - click: Object: 'Object Repository/DispensaryToStore/Page_Dispensary Store/button_Add' is clicked on

2018-06-09 15:54:23 - [MESSAGE][PASSED] - Object: 'Object Repository/DispensaryToStore/Page_Dispensary Store/button_Add' is clicked on

2018-06-09 15:54:23 - [TEST_STEP][PASSED] - selectOptionByIndex: All options with index in [2] are selected on object 'Object Repository/DispensaryToStore/Page_Dispensary Store/select_--Select--Schedule 1Inj'

2018-06-09 15:54:23 - [MESSAGE][PASSED] - All options with index in [2] are selected on object 'Object Repository/DispensaryToStore/Page_Dispensary Store/select_--Select--Schedule 1Inj'

2018-06-09 15:54:23 - [TEST_STEP][PASSED] - delay: Delayed 1 second(s)

2018-06-09 15:54:24 - [MESSAGE][PASSED] - Delayed 1 second(s)

2018-06-09 15:54:24 - [TEST_STEP][PASSED] - selectOptionByIndex: All options with index in [38] are selected on object 'Object Repository/DispensaryToStore/Page_Dispensary Store/select_--Select--Adernaline 0.'

2018-06-09 15:54:25 - [MESSAGE][PASSED] - All options with index in [38] are selected on object 'Object Repository/DispensaryToStore/Page_Dispensary Store/select_--Select--Adernaline 0.'

2018-06-09 15:54:25 - [TEST_STEP][PASSED] - delay: Delayed 1 second(s)

2018-06-09 15:54:26 - [MESSAGE][PASSED] - Delayed 1 second(s)

2018-06-09 15:54:26 - [TEST_STEP][PASSED] - setText: Text '10' is set on object 'Object Repository/DispensaryToStore/Page_Dispensary Store/input_txttreat'

2018-06-09 15:54:26 - [MESSAGE][PASSED] - Text '10' is set on object 'Object Repository/DispensaryToStore/Page_Dispensary Store/input_txttreat'

2018-06-09 15:54:26 - [TEST_STEP][PASSED] - click: Object: 'Object Repository/DispensaryToStore/Page_Dispensary Store/button_Add' is clicked on

2018-06-09 15:54:26 - [MESSAGE][PASSED] - Object: 'Object Repository/DispensaryToStore/Page_Dispensary Store/button_Add' is clicked on

2018-06-09 15:54:26 - [TEST_STEP][PASSED] - selectOptionByIndex: All options with index in [2] are selected on object 'Object Repository/DispensaryToStore/Page_Dispensary Store/select_--Select--Schedule 1Inj'

2018-06-09 15:54:26 - [MESSAGE][PASSED] - All options with index in [2] are selected on object 'Object Repository/DispensaryToStore/Page_Dispensary Store/select_--Select--Schedule 1Inj'

2018-06-09 15:54:26 - [TEST_STEP][PASSED] - delay: Delayed 1 second(s)

2018-06-09 15:54:27 - [MESSAGE][PASSED] - Delayed 1 second(s)

2018-06-09 15:54:27 - [TEST_STEP][PASSED] - selectOptionByIndex: All options with index in [39] are selected on object 'Object Repository/DispensaryToStore/Page_Dispensary Store/select_--Select--Adernaline 0.'

2018-06-09 15:54:28 - [MESSAGE][PASSED] - All options with index in [39] are selected on object 'Object Repository/DispensaryToStore/Page_Dispensary Store/select_--Select--Adernaline 0.'

2018-06-09 15:54:28 - [TEST_STEP][PASSED] - delay: Delayed 1 second(s)

2018-06-09 15:54:29 - [MESSAGE][PASSED] - Delayed 1 second(s)

2018-06-09 15:54:29 - [TEST_STEP][PASSED] - setText: Text '10' is set on object 'Object Repository/DispensaryToStore/Page_Dispensary Store/input_txttreat'

2018-06-09 15:54:29 - [MESSAGE][PASSED] - Text '10' is set on object 'Object Repository/DispensaryToStore/Page_Dispensary Store/input_txttreat'

2018-06-09 15:54:29 - [TEST_STEP][PASSED] - click: Object: 'Object Repository/DispensaryToStore/Page_Dispensary Store/button_Add' is clicked on

2018-06-09 15:54:29 - [MESSAGE][PASSED] - Object: 'Object Repository/DispensaryToStore/Page_Dispensary Store/button_Add' is clicked on

2018-06-09 15:54:29 - [TEST_STEP][PASSED] - selectOptionByIndex: All options with index in [2] are selected on object 'Object Repository/DispensaryToStore/Page_Dispensary Store/select_--Select--Schedule 1Inj'

2018-06-09 15:54:29 - [MESSAGE][PASSED] - All options with index in [2] are selected on object 'Object Repository/DispensaryToStore/Page_Dispensary Store/select_--Select--Schedule 1Inj'

2018-06-09 15:54:29 - [TEST_STEP][PASSED] - delay: Delayed 1 second(s)

2018-06-09 15:54:30 - [MESSAGE][PASSED] - Delayed 1 second(s)

2018-06-09 15:54:30 - [TEST_STEP][PASSED] - selectOptionByIndex: All options with index in [40] are selected on object 'Object Repository/DispensaryToStore/Page_Dispensary Store/select_--Select--Adernaline 0.'

2018-06-09 15:54:31 - [MESSAGE][PASSED] - All options with index in [40] are selected on object 'Object Repository/DispensaryToStore/Page_Dispensary Store/select_--Select--Adernaline 0.'

2018-06-09 15:54:31 - [TEST_STEP][PASSED] - delay: Delayed 1 second(s)

2018-06-09 15:54:32 - [MESSAGE][PASSED] - Delayed 1 second(s)

2018-06-09 15:54:32 - [TEST_STEP][PASSED] - setText: Text '10' is set on object 'Object Repository/DispensaryToStore/Page_Dispensary Store/input_txttreat'

2018-06-09 15:54:32 - [MESSAGE][PASSED] - Text '10' is set on object 'Object Repository/DispensaryToStore/Page_Dispensary Store/input_txttreat'

2018-06-09 15:54:32 - [TEST_STEP][PASSED] - click: Object: 'Object Repository/DispensaryToStore/Page_Dispensary Store/button_Add' is clicked on

2018-06-09 15:54:32 - [MESSAGE][PASSED] - Object: 'Object Repository/DispensaryToStore/Page_Dispensary Store/button_Add' is clicked on

2018-06-09 15:54:32 - [TEST_STEP][PASSED] - selectOptionByIndex: All options with index in [2] are selected on object 'Object Repository/DispensaryToStore/Page_Dispensary Store/select_--Select--Schedule 1Inj'

2018-06-09 15:54:32 - [MESSAGE][PASSED] - All options with index in [2] are selected on object 'Object Repository/DispensaryToStore/Page_Dispensary Store/select_--Select--Schedule 1Inj'

2018-06-09 15:54:32 - [TEST_STEP][PASSED] - delay: Delayed 1 second(s)

2018-06-09 15:54:33 - [MESSAGE][PASSED] - Delayed 1 second(s)

2018-06-09 15:54:33 - [TEST_STEP][PASSED] - selectOptionByIndex: All options with index in [41] are selected on object 'Object Repository/DispensaryToStore/Page_Dispensary Store/select_--Select--Adernaline 0.'

2018-06-09 15:54:34 - [MESSAGE][PASSED] - All options with index in [41] are selected on object 'Object Repository/DispensaryToStore/Page_Dispensary Store/select_--Select--Adernaline 0.'

2018-06-09 15:54:34 - [TEST_STEP][PASSED] - delay: Delayed 1 second(s)

2018-06-09 15:54:35 - [MESSAGE][PASSED] - Delayed 1 second(s)

2018-06-09 15:54:35 - [TEST_STEP][PASSED] - setText: Text '10' is set on object 'Object Repository/DispensaryToStore/Page_Dispensary Store/input_txttreat'

2018-06-09 15:54:35 - [MESSAGE][PASSED] - Text '10' is set on object 'Object Repository/DispensaryToStore/Page_Dispensary Store/input_txttreat'

2018-06-09 15:54:35 - [TEST_STEP][PASSED] - click: Object: 'Object Repository/DispensaryToStore/Page_Dispensary Store/button_Add' is clicked on

2018-06-09 15:54:35 - [MESSAGE][PASSED] - Object: 'Object Repository/DispensaryToStore/Page_Dispensary Store/button_Add' is clicked on

2018-06-09 15:54:35 - [TEST_STEP][PASSED] - selectOptionByIndex: All options with index in [2] are selected on object 'Object Repository/DispensaryToStore/Page_Dispensary Store/select_--Select--Schedule 1Inj'

2018-06-09 15:54:35 - [MESSAGE][PASSED] - All options with index in [2] are selected on object 'Object Repository/DispensaryToStore/Page_Dispensary Store/select_--Select--Schedule 1Inj'

2018-06-09 15:54:35 - [TEST_STEP][PASSED] - delay: Delayed 1 second(s)

2018-06-09 15:54:36 - [MESSAGE][PASSED] - Delayed 1 second(s)

2018-06-09 15:54:36 - [TEST_STEP][PASSED] - selectOptionByIndex: All options with index in [42] are selected on object 'Object Repository/DispensaryToStore/Page_Dispensary Store/select_--Select--Adernaline 0.'

2018-06-09 15:54:37 - [MESSAGE][PASSED] - All options with index in [42] are selected on object 'Object Repository/DispensaryToStore/Page_Dispensary Store/select_--Select--Adernaline 0.'

2018-06-09 15:54:37 - [TEST_STEP][PASSED] - delay: Delayed 1 second(s)

2018-06-09 15:54:38 - [MESSAGE][PASSED] - Delayed 1 second(s)

2018-06-09 15:54:38 - [TEST_STEP][PASSED] - setText: Text '10' is set on object 'Object Repository/DispensaryToStore/Page_Dispensary Store/input_txttreat'

2018-06-09 15:54:38 - [MESSAGE][PASSED] - Text '10' is set on object 'Object Repository/DispensaryToStore/Page_Dispensary Store/input_txttreat'

2018-06-09 15:54:38 - [TEST_STEP][PASSED] - click: Object: 'Object Repository/DispensaryToStore/Page_Dispensary Store/button_Add' is clicked on

2018-06-09 15:54:38 - [MESSAGE][PASSED] - Object: 'Object Repository/DispensaryToStore/Page_Dispensary Store/button_Add' is clicked on

2018-06-09 15:54:38 - [TEST_STEP][PASSED] - selectOptionByIndex: All options with index in [2] are selected on object 'Object Repository/DispensaryToStore/Page_Dispensary Store/select_--Select--Schedule 1Inj'

2018-06-09 15:54:38 - [MESSAGE][PASSED] - All options with index in [2] are selected on object 'Object Repository/DispensaryToStore/Page_Dispensary Store/select_--Select--Schedule 1Inj'

2018-06-09 15:54:38 - [TEST_STEP][PASSED] - delay: Delayed 1 second(s)

2018-06-09 15:54:39 - [MESSAGE][PASSED] - Delayed 1 second(s)

2018-06-09 15:54:39 - [TEST_STEP][PASSED] - selectOptionByIndex: All options with index in [43] are selected on object 'Object Repository/DispensaryToStore/Page_Dispensary Store/select_--Select--Adernaline 0.'

2018-06-09 15:54:40 - [MESSAGE][PASSED] - All options with index in [43] are selected on object 'Object Repository/DispensaryToStore/Page_Dispensary Store/select_--Select--Adernaline 0.'

2018-06-09 15:54:40 - [TEST_STEP][PASSED] - delay: Delayed 1 second(s)

2018-06-09 15:54:41 - [MESSAGE][PASSED] - Delayed 1 second(s)

2018-06-09 15:54:41 - [TEST_STEP][PASSED] - setText: Text '10' is set on object 'Object Repository/DispensaryToStore/Page_Dispensary Store/input_txttreat'

2018-06-09 15:54:41 - [MESSAGE][PASSED] - Text '10' is set on object 'Object Repository/DispensaryToStore/Page_Dispensary Store/input_txttreat'

2018-06-09 15:54:41 - [TEST_STEP][PASSED] - click: Object: 'Object Repository/DispensaryToStore/Page_Dispensary Store/button_Add' is clicked on

2018-06-09 15:54:41 - [MESSAGE][PASSED] - Object: 'Object Repository/DispensaryToStore/Page_Dispensary Store/button_Add' is clicked on

2018-06-09 15:54:41 - [TEST_STEP][PASSED] - selectOptionByIndex: All options with index in [2] are selected on object 'Object Repository/DispensaryToStore/Page_Dispensary Store/select_--Select--Schedule 1Inj'

2018-06-09 15:54:41 - [MESSAGE][PASSED] - All options with index in [2] are selected on object 'Object Repository/DispensaryToStore/Page_Dispensary Store/select_--Select--Schedule 1Inj'

2018-06-09 15:54:41 - [TEST_STEP][PASSED] - delay: Delayed 1 second(s)

2018-06-09 15:54:42 - [MESSAGE][PASSED] - Delayed 1 second(s)

2018-06-09 15:54:42 - [TEST_STEP][PASSED] - selectOptionByIndex: All options with index in [44] are selected on object 'Object Repository/DispensaryToStore/Page_Dispensary Store/select_--Select--Adernaline 0.'

2018-06-09 15:54:43 - [MESSAGE][PASSED] - All options with index in [44] are selected on object 'Object Repository/DispensaryToStore/Page_Dispensary Store/select_--Select--Adernaline 0.'

2018-06-09 15:54:43 - [TEST_STEP][PASSED] - delay: Delayed 1 second(s)

2018-06-09 15:54:44 - [MESSAGE][PASSED] - Delayed 1 second(s)

2018-06-09 15:54:44 - [TEST_STEP][PASSED] - setText: Text '10' is set on object 'Object Repository/DispensaryToStore/Page_Dispensary Store/input_txttreat'

2018-06-09 15:54:44 - [MESSAGE][PASSED] - Text '10' is set on object 'Object Repository/DispensaryToStore/Page_Dispensary Store/input_txttreat'

2018-06-09 15:54:44 - [TEST_STEP][PASSED] - click: Object: 'Object Repository/DispensaryToStore/Page_Dispensary Store/button_Add' is clicked on

2018-06-09 15:54:44 - [MESSAGE][PASSED] - Object: 'Object Repository/DispensaryToStore/Page_Dispensary Store/button_Add' is clicked on

2018-06-09 15:54:44 - [TEST_STEP][PASSED] - selectOptionByIndex: All options with index in [2] are selected on object 'Object Repository/DispensaryToStore/Page_Dispensary Store/select_--Select--Schedule 1Inj'

2018-06-09 15:54:44 - [MESSAGE][PASSED] - All options with index in [2] are selected on object 'Object Repository/DispensaryToStore/Page_Dispensary Store/select_--Select--Schedule 1Inj'

2018-06-09 15:54:44 - [TEST_STEP][PASSED] - delay: Delayed 1 second(s)

2018-06-09 15:54:45 - [MESSAGE][PASSED] - Delayed 1 second(s)

2018-06-09 15:54:45 - [TEST_STEP][PASSED] - selectOptionByIndex: All options with index in [45] are selected on object 'Object Repository/DispensaryToStore/Page_Dispensary Store/select_--Select--Adernaline 0.'

2018-06-09 15:54:46 - [MESSAGE][PASSED] - All options with index in [45] are selected on object 'Object Repository/DispensaryToStore/Page_Dispensary Store/select_--Select--Adernaline 0.'

2018-06-09 15:54:46 - [TEST_STEP][PASSED] - delay: Delayed 1 second(s)

2018-06-09 15:54:47 - [MESSAGE][PASSED] - Delayed 1 second(s)

2018-06-09 15:54:47 - [TEST_STEP][PASSED] - setText: Text '10' is set on object 'Object Repository/DispensaryToStore/Page_Dispensary Store/input_txttreat'

2018-06-09 15:54:47 - [MESSAGE][PASSED] - Text '10' is set on object 'Object Repository/DispensaryToStore/Page_Dispensary Store/input_txttreat'

2018-06-09 15:54:47 - [TEST_STEP][PASSED] - click: Object: 'Object Repository/DispensaryToStore/Page_Dispensary Store/button_Add' is clicked on

2018-06-09 15:54:47 - [MESSAGE][PASSED] - Object: 'Object Repository/DispensaryToStore/Page_Dispensary Store/button_Add' is clicked on

2018-06-09 15:54:47 - [TEST_STEP][PASSED] - selectOptionByIndex: All options with index in [2] are selected on object 'Object Repository/DispensaryToStore/Page_Dispensary Store/select_--Select--Schedule 1Inj'

2018-06-09 15:54:47 - [MESSAGE][PASSED] - All options with index in [2] are selected on object 'Object Repository/DispensaryToStore/Page_Dispensary Store/select_--Select--Schedule 1Inj'

2018-06-09 15:54:47 - [TEST_STEP][PASSED] - delay: Delayed 1 second(s)

2018-06-09 15:54:48 - [MESSAGE][PASSED] - Delayed 1 second(s)

2018-06-09 15:54:48 - [TEST_STEP][PASSED] - selectOptionByIndex: All options with index in [46] are selected on object 'Object Repository/DispensaryToStore/Page_Dispensary Store/select_--Select--Adernaline 0.'

2018-06-09 15:54:49 - [MESSAGE][PASSED] - All options with index in [46] are selected on object 'Object Repository/DispensaryToStore/Page_Dispensary Store/select_--Select--Adernaline 0.'

2018-06-09 15:54:49 - [TEST_STEP][PASSED] - delay: Delayed 1 second(s)

2018-06-09 15:54:50 - [MESSAGE][PASSED] - Delayed 1 second(s)

2018-06-09 15:54:50 - [TEST_STEP][PASSED] - setText: Text '10' is set on object 'Object Repository/DispensaryToStore/Page_Dispensary Store/input_txttreat'

2018-06-09 15:54:50 - [MESSAGE][PASSED] - Text '10' is set on object 'Object Repository/DispensaryToStore/Page_Dispensary Store/input_txttreat'

2018-06-09 15:54:50 - [TEST_STEP][PASSED] - click: Object: 'Object Repository/DispensaryToStore/Page_Dispensary Store/button_Add' is clicked on

2018-06-09 15:54:50 - [MESSAGE][PASSED] - Object: 'Object Repository/DispensaryToStore/Page_Dispensary Store/button_Add' is clicked on

2018-06-09 15:54:50 - [TEST_STEP][PASSED] - selectOptionByIndex: All options with index in [2] are selected on object 'Object Repository/DispensaryToStore/Page_Dispensary Store/select_--Select--Schedule 1Inj'

2018-06-09 15:54:50 - [MESSAGE][PASSED] - All options with index in [2] are selected on object 'Object Repository/DispensaryToStore/Page_Dispensary Store/select_--Select--Schedule 1Inj'

2018-06-09 15:54:50 - [TEST_STEP][PASSED] - delay: Delayed 1 second(s)

2018-06-09 15:54:51 - [MESSAGE][PASSED] - Delayed 1 second(s)

2018-06-09 15:54:51 - [TEST_STEP][PASSED] - selectOptionByIndex: All options with index in [47] are selected on object 'Object Repository/DispensaryToStore/Page_Dispensary Store/select_--Select--Adernaline 0.'

2018-06-09 15:54:52 - [MESSAGE][PASSED] - All options with index in [47] are selected on object 'Object Repository/DispensaryToStore/Page_Dispensary Store/select_--Select--Adernaline 0.'

2018-06-09 15:54:52 - [TEST_STEP][PASSED] - delay: Delayed 1 second(s)

2018-06-09 15:54:53 - [MESSAGE][PASSED] - Delayed 1 second(s)

2018-06-09 15:54:53 - [TEST_STEP][PASSED] - setText: Text '10' is set on object 'Object Repository/DispensaryToStore/Page_Dispensary Store/input_txttreat'

2018-06-09 15:54:53 - [MESSAGE][PASSED] - Text '10' is set on object 'Object Repository/DispensaryToStore/Page_Dispensary Store/input_txttreat'

2018-06-09 15:54:53 - [TEST_STEP][PASSED] - click: Object: 'Object Repository/DispensaryToStore/Page_Dispensary Store/button_Add' is clicked on

2018-06-09 15:54:53 - [MESSAGE][PASSED] - Object: 'Object Repository/DispensaryToStore/Page_Dispensary Store/button_Add' is clicked on

2018-06-09 15:54:53 - [TEST_STEP][PASSED] - selectOptionByIndex: All options with index in [2] are selected on object 'Object Repository/DispensaryToStore/Page_Dispensary Store/select_--Select--Schedule 1Inj'

2018-06-09 15:54:53 - [MESSAGE][PASSED] - All options with index in [2] are selected on object 'Object Repository/DispensaryToStore/Page_Dispensary Store/select_--Select--Schedule 1Inj'

2018-06-09 15:54:53 - [TEST_STEP][PASSED] - delay: Delayed 1 second(s)

2018-06-09 15:54:54 - [MESSAGE][PASSED] - Delayed 1 second(s)

2018-06-09 15:54:54 - [TEST_STEP][PASSED] - selectOptionByIndex: All options with index in [48] are selected on object 'Object Repository/DispensaryToStore/Page_Dispensary Store/select_--Select--Adernaline 0.'

2018-06-09 15:54:55 - [MESSAGE][PASSED] - All options with index in [48] are selected on object 'Object Repository/DispensaryToStore/Page_Dispensary Store/select_--Select--Adernaline 0.'

2018-06-09 15:54:55 - [TEST_STEP][PASSED] - delay: Delayed 1 second(s)

2018-06-09 15:54:56 - [MESSAGE][PASSED] - Delayed 1 second(s)

2018-06-09 15:54:56 - [TEST_STEP][PASSED] - setText: Text '10' is set on object 'Object Repository/DispensaryToStore/Page_Dispensary Store/input_txttreat'

2018-06-09 15:54:56 - [MESSAGE][PASSED] - Text '10' is set on object 'Object Repository/DispensaryToStore/Page_Dispensary Store/input_txttreat'

2018-06-09 15:54:56 - [TEST_STEP][PASSED] - click: Object: 'Object Repository/DispensaryToStore/Page_Dispensary Store/button_Add' is clicked on

2018-06-09 15:54:56 - [MESSAGE][PASSED] - Object: 'Object Repository/DispensaryToStore/Page_Dispensary Store/button_Add' is clicked on

2018-06-09 15:54:56 - [TEST_STEP][PASSED] - selectOptionByIndex: All options with index in [2] are selected on object 'Object Repository/DispensaryToStore/Page_Dispensary Store/select_--Select--Schedule 1Inj'

2018-06-09 15:54:56 - [MESSAGE][PASSED] - All options with index in [2] are selected on object 'Object Repository/DispensaryToStore/Page_Dispensary Store/select_--Select--Schedule 1Inj'

2018-06-09 15:54:56 - [TEST_STEP][PASSED] - delay: Delayed 1 second(s)

2018-06-09 15:54:57 - [MESSAGE][PASSED] - Delayed 1 second(s)

2018-06-09 15:54:57 - [TEST_STEP][PASSED] - selectOptionByIndex: All options with index in [49] are selected on object 'Object Repository/DispensaryToStore/Page_Dispensary Store/select_--Select--Adernaline 0.'

2018-06-09 15:54:58 - [MESSAGE][PASSED] - All options with index in [49] are selected on object 'Object Repository/DispensaryToStore/Page_Dispensary Store/select_--Select--Adernaline 0.'

2018-06-09 15:54:58 - [TEST_STEP][PASSED] - delay: Delayed 1 second(s)

2018-06-09 15:54:59 - [MESSAGE][PASSED] - Delayed 1 second(s)

2018-06-09 15:54:59 - [TEST_STEP][PASSED] - setText: Text '10' is set on object 'Object Repository/DispensaryToStore/Page_Dispensary Store/input_txttreat'

2018-06-09 15:54:59 - [MESSAGE][PASSED] - Text '10' is set on object 'Object Repository/DispensaryToStore/Page_Dispensary Store/input_txttreat'

2018-06-09 15:54:59 - [TEST_STEP][PASSED] - click: Object: 'Object Repository/DispensaryToStore/Page_Dispensary Store/button_Add' is clicked on

2018-06-09 15:54:59 - [MESSAGE][PASSED] - Object: 'Object Repository/DispensaryToStore/Page_Dispensary Store/button_Add' is clicked on

2018-06-09 15:54:59 - [TEST_STEP][PASSED] - selectOptionByIndex: All options with index in [2] are selected on object 'Object Repository/DispensaryToStore/Page_Dispensary Store/select_--Select--Schedule 1Inj'

2018-06-09 15:54:59 - [MESSAGE][PASSED] - All options with index in [2] are selected on object 'Object Repository/DispensaryToStore/Page_Dispensary Store/select_--Select--Schedule 1Inj'

2018-06-09 15:54:59 - [TEST_STEP][PASSED] - delay: Delayed 1 second(s)

2018-06-09 15:55:00 - [MESSAGE][PASSED] - Delayed 1 second(s)

2018-06-09 15:55:00 - [TEST_STEP][PASSED] - selectOptionByIndex: All options with index in [50] are selected on object 'Object Repository/DispensaryToStore/Page_Dispensary Store/select_--Select--Adernaline 0.'

2018-06-09 15:55:01 - [MESSAGE][PASSED] - All options with index in [50] are selected on object 'Object Repository/DispensaryToStore/Page_Dispensary Store/select_--Select--Adernaline 0.'

2018-06-09 15:55:01 - [TEST_STEP][PASSED] - delay: Delayed 1 second(s)

2018-06-09 15:55:02 - [MESSAGE][PASSED] - Delayed 1 second(s)

2018-06-09 15:55:02 - [TEST_STEP][PASSED] - setText: Text '10' is set on object 'Object Repository/DispensaryToStore/Page_Dispensary Store/input_txttreat'

2018-06-09 15:55:02 - [MESSAGE][PASSED] - Text '10' is set on object 'Object Repository/DispensaryToStore/Page_Dispensary Store/input_txttreat'

2018-06-09 15:55:02 - [TEST_STEP][PASSED] - click: Object: 'Object Repository/DispensaryToStore/Page_Dispensary Store/button_Add' is clicked on

2018-06-09 15:55:02 - [MESSAGE][PASSED] - Object: 'Object Repository/DispensaryToStore/Page_Dispensary Store/button_Add' is clicked on

2018-06-09 15:55:02 - [TEST_STEP][PASSED] - selectOptionByIndex: All options with index in [2] are selected on object 'Object Repository/DispensaryToStore/Page_Dispensary Store/select_--Select--Schedule 1Inj'

2018-06-09 15:55:02 - [MESSAGE][PASSED] - All options with index in [2] are selected on object 'Object Repository/DispensaryToStore/Page_Dispensary Store/select_--Select--Schedule 1Inj'

2018-06-09 15:55:02 - [TEST_STEP][PASSED] - delay: Delayed 1 second(s)

2018-06-09 15:55:03 - [MESSAGE][PASSED] - Delayed 1 second(s)

2018-06-09 15:55:03 - [TEST_STEP][PASSED] - selectOptionByIndex: All options with index in [51] are selected on object 'Object Repository/DispensaryToStore/Page_Dispensary Store/select_--Select--Adernaline 0.'

2018-06-09 15:55:04 - [MESSAGE][PASSED] - All options with index in [51] are selected on object 'Object Repository/DispensaryToStore/Page_Dispensary Store/select_--Select--Adernaline 0.'

2018-06-09 15:55:04 - [TEST_STEP][PASSED] - delay: Delayed 1 second(s)

2018-06-09 15:55:05 - [MESSAGE][PASSED] - Delayed 1 second(s)

2018-06-09 15:55:05 - [TEST_STEP][PASSED] - setText: Text '10' is set on object 'Object Repository/DispensaryToStore/Page_Dispensary Store/input_txttreat'

2018-06-09 15:55:05 - [MESSAGE][PASSED] - Text '10' is set on object 'Object Repository/DispensaryToStore/Page_Dispensary Store/input_txttreat'

2018-06-09 15:55:05 - [TEST_STEP][PASSED] - click: Object: 'Object Repository/DispensaryToStore/Page_Dispensary Store/button_Add' is clicked on

2018-06-09 15:55:05 - [MESSAGE][PASSED] - Object: 'Object Repository/DispensaryToStore/Page_Dispensary Store/button_Add' is clicked on

2018-06-09 15:55:05 - [TEST_STEP][PASSED] - selectOptionByIndex: All options with index in [2] are selected on object 'Object Repository/DispensaryToStore/Page_Dispensary Store/select_--Select--Schedule 1Inj'

2018-06-09 15:55:05 - [MESSAGE][PASSED] - All options with index in [2] are selected on object 'Object Repository/DispensaryToStore/Page_Dispensary Store/select_--Select--Schedule 1Inj'

2018-06-09 15:55:05 - [TEST_STEP][PASSED] - delay: Delayed 1 second(s)

2018-06-09 15:55:06 - [MESSAGE][PASSED] - Delayed 1 second(s)

2018-06-09 15:55:06 - [TEST_STEP][PASSED] - selectOptionByIndex: All options with index in [52] are selected on object 'Object Repository/DispensaryToStore/Page_Dispensary Store/select_--Select--Adernaline 0.'

2018-06-09 15:55:07 - [MESSAGE][PASSED] - All options with index in [52] are selected on object 'Object Repository/DispensaryToStore/Page_Dispensary Store/select_--Select--Adernaline 0.'

2018-06-09 15:55:07 - [TEST_STEP][PASSED] - delay: Delayed 1 second(s)

2018-06-09 15:55:08 - [MESSAGE][PASSED] - Delayed 1 second(s)

2018-06-09 15:55:08 - [TEST_STEP][PASSED] - setText: Text '10' is set on object 'Object Repository/DispensaryToStore/Page_Dispensary Store/input_txttreat'

2018-06-09 15:55:08 - [MESSAGE][PASSED] - Text '10' is set on object 'Object Repository/DispensaryToStore/Page_Dispensary Store/input_txttreat'

2018-06-09 15:55:08 - [TEST_STEP][PASSED] - click: Object: 'Object Repository/DispensaryToStore/Page_Dispensary Store/button_Add' is clicked on

2018-06-09 15:55:08 - [MESSAGE][PASSED] - Object: 'Object Repository/DispensaryToStore/Page_Dispensary Store/button_Add' is clicked on

2018-06-09 15:55:08 - [TEST_STEP][PASSED] - selectOptionByIndex: All options with index in [2] are selected on object 'Object Repository/DispensaryToStore/Page_Dispensary Store/select_--Select--Schedule 1Inj'

2018-06-09 15:55:08 - [MESSAGE][PASSED] - All options with index in [2] are selected on object 'Object Repository/DispensaryToStore/Page_Dispensary Store/select_--Select--Schedule 1Inj'

2018-06-09 15:55:08 - [TEST_STEP][PASSED] - delay: Delayed 1 second(s)

2018-06-09 15:55:09 - [MESSAGE][PASSED] - Delayed 1 second(s)

2018-06-09 15:55:09 - [TEST_STEP][PASSED] - selectOptionByIndex: All options with index in [53] are selected on object 'Object Repository/DispensaryToStore/Page_Dispensary Store/select_--Select--Adernaline 0.'

2018-06-09 15:55:10 - [MESSAGE][PASSED] - All options with index in [53] are selected on object 'Object Repository/DispensaryToStore/Page_Dispensary Store/select_--Select--Adernaline 0.'

2018-06-09 15:55:10 - [TEST_STEP][PASSED] - delay: Delayed 1 second(s)

2018-06-09 15:55:11 - [MESSAGE][PASSED] - Delayed 1 second(s)

2018-06-09 15:55:11 - [TEST_STEP][PASSED] - setText: Text '10' is set on object 'Object Repository/DispensaryToStore/Page_Dispensary Store/input_txttreat'

2018-06-09 15:55:11 - [MESSAGE][PASSED] - Text '10' is set on object 'Object Repository/DispensaryToStore/Page_Dispensary Store/input_txttreat'

2018-06-09 15:55:11 - [TEST_STEP][PASSED] - click: Object: 'Object Repository/DispensaryToStore/Page_Dispensary Store/button_Add' is clicked on

2018-06-09 15:55:16 - [MESSAGE][PASSED] - Object: 'Object Repository/DispensaryToStore/Page_Dispensary Store/button_Add' is clicked on

2018-06-09 15:55:16 - [TEST_STEP][PASSED] - selectOptionByIndex: All options with index in [2] are selected on object 'Object Repository/DispensaryToStore/Page_Dispensary Store/select_--Select--Schedule 1Inj'

2018-06-09 15:55:16 - [MESSAGE][PASSED] - All options with index in [2] are selected on object 'Object Repository/DispensaryToStore/Page_Dispensary Store/select_--Select--Schedule 1Inj'

2018-06-09 15:55:16 - [TEST_STEP][PASSED] - delay: Delayed 1 second(s)

2018-06-09 15:55:17 - [MESSAGE][PASSED] - Delayed 1 second(s)

2018-06-09 15:55:17 - [TEST_STEP][PASSED] - selectOptionByIndex: All options with index in [54] are selected on object 'Object Repository/DispensaryToStore/Page_Dispensary Store/select_--Select--Adernaline 0.'

2018-06-09 15:55:18 - [MESSAGE][PASSED] - All options with index in [54] are selected on object 'Object Repository/DispensaryToStore/Page_Dispensary Store/select_--Select--Adernaline 0.'

2018-06-09 15:55:18 - [TEST_STEP][PASSED] - delay: Delayed 1 second(s)

2018-06-09 15:55:19 - [MESSAGE][PASSED] - Delayed 1 second(s)

2018-06-09 15:55:19 - [TEST_STEP][PASSED] - setText: Text '10' is set on object 'Object Repository/DispensaryToStore/Page_Dispensary Store/input_txttreat'

2018-06-09 15:55:19 - [MESSAGE][PASSED] - Text '10' is set on object 'Object Repository/DispensaryToStore/Page_Dispensary Store/input_txttreat'

2018-06-09 15:55:19 - [TEST_STEP][PASSED] - click: Object: 'Object Repository/DispensaryToStore/Page_Dispensary Store/button_Add' is clicked on

2018-06-09 15:55:24 - [MESSAGE][PASSED] - Object: 'Object Repository/DispensaryToStore/Page_Dispensary Store/button_Add' is clicked on

2018-06-09 15:55:24 - [TEST_STEP][PASSED] - selectOptionByIndex: All options with index in [2] are selected on object 'Object Repository/DispensaryToStore/Page_Dispensary Store/select_--Select--Schedule 1Inj'

2018-06-09 15:55:24 - [MESSAGE][PASSED] - All options with index in [2] are selected on object 'Object Repository/DispensaryToStore/Page_Dispensary Store/select_--Select--Schedule 1Inj'

2018-06-09 15:55:24 - [TEST_STEP][PASSED] - delay: Delayed 1 second(s)

2018-06-09 15:55:25 - [MESSAGE][PASSED] - Delayed 1 second(s)

2018-06-09 15:55:25 - [TEST_STEP][PASSED] - selectOptionByIndex: All options with index in [55] are selected on object 'Object Repository/DispensaryToStore/Page_Dispensary Store/select_--Select--Adernaline 0.'

2018-06-09 15:55:26 - [MESSAGE][PASSED] - All options with index in [55] are selected on object 'Object Repository/DispensaryToStore/Page_Dispensary Store/select_--Select--Adernaline 0.'

2018-06-09 15:55:26 - [TEST_STEP][PASSED] - delay: Delayed 1 second(s)

2018-06-09 15:55:27 - [MESSAGE][PASSED] - Delayed 1 second(s)

2018-06-09 15:55:27 - [TEST_STEP][PASSED] - setText: Text '10' is set on object 'Object Repository/DispensaryToStore/Page_Dispensary Store/input_txttreat'

2018-06-09 15:55:27 - [MESSAGE][PASSED] - Text '10' is set on object 'Object Repository/DispensaryToStore/Page_Dispensary Store/input_txttreat'

2018-06-09 15:55:27 - [TEST_STEP][PASSED] - click: Object: 'Object Repository/DispensaryToStore/Page_Dispensary Store/button_Add' is clicked on

2018-06-09 15:55:32 - [MESSAGE][PASSED] - Object: 'Object Repository/DispensaryToStore/Page_Dispensary Store/button_Add' is clicked on

2018-06-09 15:55:32 - [TEST_STEP][PASSED] - selectOptionByIndex: All options with index in [2] are selected on object 'Object Repository/DispensaryToStore/Page_Dispensary Store/select_--Select--Schedule 1Inj'

2018-06-09 15:55:33 - [MESSAGE][PASSED] - All options with index in [2] are selected on object 'Object Repository/DispensaryToStore/Page_Dispensary Store/select_--Select--Schedule 1Inj'

2018-06-09 15:55:33 - [TEST_STEP][PASSED] - delay: Delayed 1 second(s)

2018-06-09 15:55:34 - [MESSAGE][PASSED] - Delayed 1 second(s)

2018-06-09 15:55:34 - [TEST_STEP][PASSED] - selectOptionByIndex: All options with index in [56] are selected on object 'Object Repository/DispensaryToStore/Page_Dispensary Store/select_--Select--Adernaline 0.'

2018-06-09 15:55:34 - [MESSAGE][PASSED] - All options with index in [56] are selected on object 'Object Repository/DispensaryToStore/Page_Dispensary Store/select_--Select--Adernaline 0.'

2018-06-09 15:55:34 - [TEST_STEP][PASSED] - delay: Delayed 1 second(s)

2018-06-09 15:55:35 - [MESSAGE][PASSED] - Delayed 1 second(s)

2018-06-09 15:55:35 - [TEST_STEP][PASSED] - setText: Text '10' is set on object 'Object Repository/DispensaryToStore/Page_Dispensary Store/input_txttreat'

2018-06-09 15:55:35 - [MESSAGE][PASSED] - Text '10' is set on object 'Object Repository/DispensaryToStore/Page_Dispensary Store/input_txttreat'

2018-06-09 15:55:35 - [TEST_STEP][PASSED] - click: Object: 'Object Repository/DispensaryToStore/Page_Dispensary Store/button_Add' is clicked on

2018-06-09 15:55:41 - [MESSAGE][PASSED] - Object: 'Object Repository/DispensaryToStore/Page_Dispensary Store/button_Add' is clicked on

2018-06-09 15:55:41 - [TEST_STEP][PASSED] - selectOptionByIndex: All options with index in [2] are selected on object 'Object Repository/DispensaryToStore/Page_Dispensary Store/select_--Select--Schedule 1Inj'

2018-06-09 15:55:41 - [MESSAGE][PASSED] - All options with index in [2] are selected on object 'Object Repository/DispensaryToStore/Page_Dispensary Store/select_--Select--Schedule 1Inj'

2018-06-09 15:55:41 - [TEST_STEP][PASSED] - delay: Delayed 1 second(s)

2018-06-09 15:55:42 - [MESSAGE][PASSED] - Delayed 1 second(s)

2018-06-09 15:55:42 - [TEST_STEP][PASSED] - selectOptionByIndex: All options with index in [57] are selected on object 'Object Repository/DispensaryToStore/Page_Dispensary Store/select_--Select--Adernaline 0.'

2018-06-09 15:55:43 - [MESSAGE][PASSED] - All options with index in [57] are selected on object 'Object Repository/DispensaryToStore/Page_Dispensary Store/select_--Select--Adernaline 0.'

2018-06-09 15:55:43 - [TEST_STEP][PASSED] - delay: Delayed 1 second(s)

2018-06-09 15:55:44 - [MESSAGE][PASSED] - Delayed 1 second(s)

2018-06-09 15:55:44 - [TEST_STEP][PASSED] - setText: Text '10' is set on object 'Object Repository/DispensaryToStore/Page_Dispensary Store/input_txttreat'

2018-06-09 15:55:44 - [MESSAGE][PASSED] - Text '10' is set on object 'Object Repository/DispensaryToStore/Page_Dispensary Store/input_txttreat'

2018-06-09 15:55:44 - [TEST_STEP][PASSED] - click: Object: 'Object Repository/DispensaryToStore/Page_Dispensary Store/button_Add' is clicked on

2018-06-09 15:55:49 - [MESSAGE][PASSED] - Object: 'Object Repository/DispensaryToStore/Page_Dispensary Store/button_Add' is clicked on

2018-06-09 15:55:49 - [TEST_STEP][PASSED] - selectOptionByIndex: All options with index in [2] are selected on object 'Object Repository/DispensaryToStore/Page_Dispensary Store/select_--Select--Schedule 1Inj'

2018-06-09 15:55:49 - [MESSAGE][PASSED] - All options with index in [2] are selected on object 'Object Repository/DispensaryToStore/Page_Dispensary Store/select_--Select--Schedule 1Inj'

2018-06-09 15:55:49 - [TEST_STEP][PASSED] - delay: Delayed 1 second(s)

2018-06-09 15:55:50 - [MESSAGE][PASSED] - Delayed 1 second(s)

2018-06-09 15:55:50 - [TEST_STEP][PASSED] - selectOptionByIndex: All options with index in [58] are selected on object 'Object Repository/DispensaryToStore/Page_Dispensary Store/select_--Select--Adernaline 0.'

2018-06-09 15:55:51 - [MESSAGE][PASSED] - All options with index in [58] are selected on object 'Object Repository/DispensaryToStore/Page_Dispensary Store/select_--Select--Adernaline 0.'

2018-06-09 15:55:51 - [TEST_STEP][PASSED] - delay: Delayed 1 second(s)

2018-06-09 15:55:52 - [MESSAGE][PASSED] - Delayed 1 second(s)

2018-06-09 15:55:52 - [TEST_STEP][PASSED] - setText: Text '10' is set on object 'Object Repository/DispensaryToStore/Page_Dispensary Store/input_txttreat'

2018-06-09 15:55:52 - [MESSAGE][PASSED] - Text '10' is set on object 'Object Repository/DispensaryToStore/Page_Dispensary Store/input_txttreat'

2018-06-09 15:55:52 - [TEST_STEP][PASSED] - click: Object: 'Object Repository/DispensaryToStore/Page_Dispensary Store/button_Add' is clicked on

2018-06-09 15:55:57 - [MESSAGE][PASSED] - Object: 'Object Repository/DispensaryToStore/Page_Dispensary Store/button_Add' is clicked on

2018-06-09 15:55:57 - [TEST_STEP][PASSED] - selectOptionByIndex: All options with index in [2] are selected on object 'Object Repository/DispensaryToStore/Page_Dispensary Store/select_--Select--Schedule 1Inj'

2018-06-09 15:55:57 - [MESSAGE][PASSED] - All options with index in [2] are selected on object 'Object Repository/DispensaryToStore/Page_Dispensary Store/select_--Select--Schedule 1Inj'

2018-06-09 15:55:57 - [TEST_STEP][PASSED] - delay: Delayed 1 second(s)

2018-06-09 15:55:58 - [MESSAGE][PASSED] - Delayed 1 second(s)

2018-06-09 15:55:58 - [TEST_STEP][PASSED] - selectOptionByIndex: All options with index in [59] are selected on object 'Object Repository/DispensaryToStore/Page_Dispensary Store/select_--Select--Adernaline 0.'

2018-06-09 15:55:59 - [MESSAGE][PASSED] - All options with index in [59] are selected on object 'Object Repository/DispensaryToStore/Page_Dispensary Store/select_--Select--Adernaline 0.'

2018-06-09 15:55:59 - [TEST_STEP][PASSED] - delay: Delayed 1 second(s)

2018-06-09 15:56:00 - [MESSAGE][PASSED] - Delayed 1 second(s)

2018-06-09 15:56:00 - [TEST_STEP][PASSED] - setText: Text '10' is set on object 'Object Repository/DispensaryToStore/Page_Dispensary Store/input_txttreat'

2018-06-09 15:56:00 - [MESSAGE][PASSED] - Text '10' is set on object 'Object Repository/DispensaryToStore/Page_Dispensary Store/input_txttreat'

2018-06-09 15:56:00 - [TEST_STEP][PASSED] - click: Object: 'Object Repository/DispensaryToStore/Page_Dispensary Store/button_Add' is clicked on

2018-06-09 15:56:05 - [MESSAGE][PASSED] - Object: 'Object Repository/DispensaryToStore/Page_Dispensary Store/button_Add' is clicked on

2018-06-09 15:56:05 - [TEST_STEP][PASSED] - selectOptionByIndex: All options with index in [2] are selected on object 'Object Repository/DispensaryToStore/Page_Dispensary Store/select_--Select--Schedule 1Inj'

2018-06-09 15:56:05 - [MESSAGE][PASSED] - All options with index in [2] are selected on object 'Object Repository/DispensaryToStore/Page_Dispensary Store/select_--Select--Schedule 1Inj'

2018-06-09 15:56:05 - [TEST_STEP][PASSED] - delay: Delayed 1 second(s)

2018-06-09 15:56:06 - [MESSAGE][PASSED] - Delayed 1 second(s)

2018-06-09 15:56:06 - [TEST_STEP][PASSED] - selectOptionByIndex: All options with index in [60] are selected on object 'Object Repository/DispensaryToStore/Page_Dispensary Store/select_--Select--Adernaline 0.'

2018-06-09 15:56:07 - [MESSAGE][PASSED] - All options with index in [60] are selected on object 'Object Repository/DispensaryToStore/Page_Dispensary Store/select_--Select--Adernaline 0.'

2018-06-09 15:56:07 - [TEST_STEP][PASSED] - delay: Delayed 1 second(s)

2018-06-09 15:56:08 - [MESSAGE][PASSED] - Delayed 1 second(s)

2018-06-09 15:56:08 - [TEST_STEP][PASSED] - setText: Text '10' is set on object 'Object Repository/DispensaryToStore/Page_Dispensary Store/input_txttreat'

2018-06-09 15:56:08 - [MESSAGE][PASSED] - Text '10' is set on object 'Object Repository/DispensaryToStore/Page_Dispensary Store/input_txttreat'

2018-06-09 15:56:08 - [TEST_STEP][PASSED] - click: Object: 'Object Repository/DispensaryToStore/Page_Dispensary Store/button_Add' is clicked on

2018-06-09 15:56:13 - [MESSAGE][PASSED] - Object: 'Object Repository/DispensaryToStore/Page_Dispensary Store/button_Add' is clicked on

2018-06-09 15:56:13 - [TEST_STEP][PASSED] - selectOptionByIndex: All options with index in [2] are selected on object 'Object Repository/DispensaryToStore/Page_Dispensary Store/select_--Select--Schedule 1Inj'

2018-06-09 15:56:13 - [MESSAGE][PASSED] - All options with index in [2] are selected on object 'Object Repository/DispensaryToStore/Page_Dispensary Store/select_--Select--Schedule 1Inj'

2018-06-09 15:56:13 - [TEST_STEP][PASSED] - delay: Delayed 1 second(s)

2018-06-09 15:56:14 - [MESSAGE][PASSED] - Delayed 1 second(s)

2018-06-09 15:56:14 - [TEST_STEP][PASSED] - selectOptionByIndex: All options with index in [61] are selected on object 'Object Repository/DispensaryToStore/Page_Dispensary Store/select_--Select--Adernaline 0.'

2018-06-09 15:56:15 - [MESSAGE][PASSED] - All options with index in [61] are selected on object 'Object Repository/DispensaryToStore/Page_Dispensary Store/select_--Select--Adernaline 0.'

2018-06-09 15:56:15 - [TEST_STEP][PASSED] - delay: Delayed 1 second(s)

2018-06-09 15:56:16 - [MESSAGE][PASSED] - Delayed 1 second(s)

2018-06-09 15:56:16 - [TEST_STEP][PASSED] - setText: Text '10' is set on object 'Object Repository/DispensaryToStore/Page_Dispensary Store/input_txttreat'

2018-06-09 15:56:16 - [MESSAGE][PASSED] - Text '10' is set on object 'Object Repository/DispensaryToStore/Page_Dispensary Store/input_txttreat'

2018-06-09 15:56:16 - [TEST_STEP][PASSED] - click: Object: 'Object Repository/DispensaryToStore/Page_Dispensary Store/button_Add' is clicked on

2018-06-09 15:56:21 - [MESSAGE][PASSED] - Object: 'Object Repository/DispensaryToStore/Page_Dispensary Store/button_Add' is clicked on

2018-06-09 15:56:21 - [TEST_STEP][PASSED] - selectOptionByIndex: All options with index in [2] are selected on object 'Object Repository/DispensaryToStore/Page_Dispensary Store/select_--Select--Schedule 1Inj'

2018-06-09 15:56:21 - [MESSAGE][PASSED] - All options with index in [2] are selected on object 'Object Repository/DispensaryToStore/Page_Dispensary Store/select_--Select--Schedule 1Inj'

2018-06-09 15:56:21 - [TEST_STEP][PASSED] - delay: Delayed 1 second(s)

2018-06-09 15:56:22 - [MESSAGE][PASSED] - Delayed 1 second(s)

2018-06-09 15:56:22 - [TEST_STEP][PASSED] - selectOptionByIndex: All options with index in [62] are selected on object 'Object Repository/DispensaryToStore/Page_Dispensary Store/select_--Select--Adernaline 0.'

2018-06-09 15:56:23 - [MESSAGE][PASSED] - All options with index in [62] are selected on object 'Object Repository/DispensaryToStore/Page_Dispensary Store/select_--Select--Adernaline 0.'

2018-06-09 15:56:23 - [TEST_STEP][PASSED] - delay: Delayed 1 second(s)

2018-06-09 15:56:24 - [MESSAGE][PASSED] - Delayed 1 second(s)

2018-06-09 15:56:24 - [TEST_STEP][PASSED] - setText: Text '10' is set on object 'Object Repository/DispensaryToStore/Page_Dispensary Store/input_txttreat'

2018-06-09 15:56:24 - [MESSAGE][PASSED] - Text '10' is set on object 'Object Repository/DispensaryToStore/Page_Dispensary Store/input_txttreat'

2018-06-09 15:56:24 - [TEST_STEP][PASSED] - click: Object: 'Object Repository/DispensaryToStore/Page_Dispensary Store/button_Add' is clicked on

2018-06-09 15:56:30 - [MESSAGE][PASSED] - Object: 'Object Repository/DispensaryToStore/Page_Dispensary Store/button_Add' is clicked on

2018-06-09 15:56:30 - [TEST_STEP][PASSED] - selectOptionByIndex: All options with index in [2] are selected on object 'Object Repository/DispensaryToStore/Page_Dispensary Store/select_--Select--Schedule 1Inj'

2018-06-09 15:56:30 - [MESSAGE][PASSED] - All options with index in [2] are selected on object 'Object Repository/DispensaryToStore/Page_Dispensary Store/select_--Select--Schedule 1Inj'

2018-06-09 15:56:30 - [TEST_STEP][PASSED] - delay: Delayed 1 second(s)

2018-06-09 15:56:31 - [MESSAGE][PASSED] - Delayed 1 second(s)

2018-06-09 15:56:31 - [TEST_STEP][PASSED] - selectOptionByIndex: All options with index in [63] are selected on object 'Object Repository/DispensaryToStore/Page_Dispensary Store/select_--Select--Adernaline 0.'

2018-06-09 15:56:32 - [MESSAGE][PASSED] - All options with index in [63] are selected on object 'Object Repository/DispensaryToStore/Page_Dispensary Store/select_--Select--Adernaline 0.'

2018-06-09 15:56:32 - [TEST_STEP][PASSED] - delay: Delayed 1 second(s)

2018-06-09 15:56:33 - [MESSAGE][PASSED] - Delayed 1 second(s)

2018-06-09 15:56:33 - [TEST_STEP][PASSED] - setText: Text '10' is set on object 'Object Repository/DispensaryToStore/Page_Dispensary Store/input_txttreat'

2018-06-09 15:56:33 - [MESSAGE][PASSED] - Text '10' is set on object 'Object Repository/DispensaryToStore/Page_Dispensary Store/input_txttreat'

2018-06-09 15:56:33 - [TEST_STEP][PASSED] - click: Object: 'Object Repository/DispensaryToStore/Page_Dispensary Store/button_Add' is clicked on

2018-06-09 15:56:38 - [MESSAGE][PASSED] - Object: 'Object Repository/DispensaryToStore/Page_Dispensary Store/button_Add' is clicked on

2018-06-09 15:56:38 - [TEST_STEP][PASSED] - selectOptionByIndex: All options with index in [2] are selected on object 'Object Repository/DispensaryToStore/Page_Dispensary Store/select_--Select--Schedule 1Inj'

2018-06-09 15:56:38 - [MESSAGE][PASSED] - All options with index in [2] are selected on object 'Object Repository/DispensaryToStore/Page_Dispensary Store/select_--Select--Schedule 1Inj'

2018-06-09 15:56:38 - [TEST_STEP][PASSED] - delay: Delayed 1 second(s)

2018-06-09 15:56:39 - [MESSAGE][PASSED] - Delayed 1 second(s)

2018-06-09 15:56:39 - [TEST_STEP][PASSED] - selectOptionByIndex: All options with index in [64] are selected on object 'Object Repository/DispensaryToStore/Page_Dispensary Store/select_--Select--Adernaline 0.'

2018-06-09 15:56:40 - [MESSAGE][PASSED] - All options with index in [64] are selected on object 'Object Repository/DispensaryToStore/Page_Dispensary Store/select_--Select--Adernaline 0.'

2018-06-09 15:56:40 - [TEST_STEP][PASSED] - delay: Delayed 1 second(s)

2018-06-09 15:56:41 - [MESSAGE][PASSED] - Delayed 1 second(s)

2018-06-09 15:56:41 - [TEST_STEP][PASSED] - setText: Text '10' is set on object 'Object Repository/DispensaryToStore/Page_Dispensary Store/input_txttreat'

2018-06-09 15:56:41 - [MESSAGE][PASSED] - Text '10' is set on object 'Object Repository/DispensaryToStore/Page_Dispensary Store/input_txttreat'

2018-06-09 15:56:41 - [TEST_STEP][PASSED] - click: Object: 'Object Repository/DispensaryToStore/Page_Dispensary Store/button_Add' is clicked on

2018-06-09 15:56:46 - [MESSAGE][PASSED] - Object: 'Object Repository/DispensaryToStore/Page_Dispensary Store/button_Add' is clicked on

2018-06-09 15:56:46 - [TEST_STEP][PASSED] - selectOptionByIndex: All options with index in [2] are selected on object 'Object Repository/DispensaryToStore/Page_Dispensary Store/select_--Select--Schedule 1Inj'

2018-06-09 15:56:46 - [MESSAGE][PASSED] - All options with index in [2] are selected on object 'Object Repository/DispensaryToStore/Page_Dispensary Store/select_--Select--Schedule 1Inj'

2018-06-09 15:56:46 - [TEST_STEP][PASSED] - delay: Delayed 1 second(s)

2018-06-09 15:56:47 - [MESSAGE][PASSED] - Delayed 1 second(s)

2018-06-09 15:56:47 - [TEST_STEP][PASSED] - selectOptionByIndex: All options with index in [65] are selected on object 'Object Repository/DispensaryToStore/Page_Dispensary Store/select_--Select--Adernaline 0.'

2018-06-09 15:56:48 - [MESSAGE][PASSED] - All options with index in [65] are selected on object 'Object Repository/DispensaryToStore/Page_Dispensary Store/select_--Select--Adernaline 0.'

2018-06-09 15:56:48 - [TEST_STEP][PASSED] - delay: Delayed 1 second(s)

2018-06-09 15:56:49 - [MESSAGE][PASSED] - Delayed 1 second(s)

2018-06-09 15:56:49 - [TEST_STEP][PASSED] - setText: Text '10' is set on object 'Object Repository/DispensaryToStore/Page_Dispensary Store/input_txttreat'

2018-06-09 15:56:49 - [MESSAGE][PASSED] - Text '10' is set on object 'Object Repository/DispensaryToStore/Page_Dispensary Store/input_txttreat'

2018-06-09 15:56:49 - [TEST_STEP][PASSED] - click: Object: 'Object Repository/DispensaryToStore/Page_Dispensary Store/button_Add' is clicked on

2018-06-09 15:56:54 - [MESSAGE][PASSED] - Object: 'Object Repository/DispensaryToStore/Page_Dispensary Store/button_Add' is clicked on

2018-06-09 15:56:54 - [TEST_STEP][PASSED] - selectOptionByIndex: All options with index in [2] are selected on object 'Object Repository/DispensaryToStore/Page_Dispensary Store/select_--Select--Schedule 1Inj'

2018-06-09 15:56:54 - [MESSAGE][PASSED] - All options with index in [2] are selected on object 'Object Repository/DispensaryToStore/Page_Dispensary Store/select_--Select--Schedule 1Inj'

2018-06-09 15:56:54 - [TEST_STEP][PASSED] - delay: Delayed 1 second(s)

2018-06-09 15:56:55 - [MESSAGE][PASSED] - Delayed 1 second(s)

2018-06-09 15:56:55 - [TEST_STEP][PASSED] - selectOptionByIndex: All options with index in [66] are selected on object 'Object Repository/DispensaryToStore/Page_Dispensary Store/select_--Select--Adernaline 0.'

2018-06-09 15:56:56 - [MESSAGE][PASSED] - All options with index in [66] are selected on object 'Object Repository/DispensaryToStore/Page_Dispensary Store/select_--Select--Adernaline 0.'

2018-06-09 15:56:56 - [TEST_STEP][PASSED] - delay: Delayed 1 second(s)

2018-06-09 15:56:57 - [MESSAGE][PASSED] - Delayed 1 second(s)

2018-06-09 15:56:57 - [TEST_STEP][PASSED] - setText: Text '10' is set on object 'Object Repository/DispensaryToStore/Page_Dispensary Store/input_txttreat'

2018-06-09 15:56:57 - [MESSAGE][PASSED] - Text '10' is set on object 'Object Repository/DispensaryToStore/Page_Dispensary Store/input_txttreat'

2018-06-09 15:56:57 - [TEST_STEP][PASSED] - click: Object: 'Object Repository/DispensaryToStore/Page_Dispensary Store/button_Add' is clicked on

2018-06-09 15:57:02 - [MESSAGE][PASSED] - Object: 'Object Repository/DispensaryToStore/Page_Dispensary Store/button_Add' is clicked on

2018-06-09 15:57:02 - [TEST_STEP][PASSED] - selectOptionByIndex: All options with index in [2] are selected on object 'Object Repository/DispensaryToStore/Page_Dispensary Store/select_--Select--Schedule 1Inj'

2018-06-09 15:57:03 - [MESSAGE][PASSED] - All options with index in [2] are selected on object 'Object Repository/DispensaryToStore/Page_Dispensary Store/select_--Select--Schedule 1Inj'

2018-06-09 15:57:03 - [TEST_STEP][PASSED] - delay: Delayed 1 second(s)

2018-06-09 15:57:04 - [MESSAGE][PASSED] - Delayed 1 second(s)

2018-06-09 15:57:04 - [TEST_STEP][PASSED] - selectOptionByIndex: All options with index in [67] are selected on object 'Object Repository/DispensaryToStore/Page_Dispensary Store/select_--Select--Adernaline 0.'

2018-06-09 15:57:04 - [MESSAGE][PASSED] - All options with index in [67] are selected on object 'Object Repository/DispensaryToStore/Page_Dispensary Store/select_--Select--Adernaline 0.'

2018-06-09 15:57:04 - [TEST_STEP][PASSED] - delay: Delayed 1 second(s)

2018-06-09 15:57:05 - [MESSAGE][PASSED] - Delayed 1 second(s)

2018-06-09 15:57:05 - [TEST_STEP][PASSED] - setText: Text '10' is set on object 'Object Repository/DispensaryToStore/Page_Dispensary Store/input_txttreat'

2018-06-09 15:57:06 - [MESSAGE][PASSED] - Text '10' is set on object 'Object Repository/DispensaryToStore/Page_Dispensary Store/input_txttreat'

2018-06-09 15:57:06 - [TEST_STEP][PASSED] - click: Object: 'Object Repository/DispensaryToStore/Page_Dispensary Store/button_Add' is clicked on

2018-06-09 15:57:11 - [MESSAGE][PASSED] - Object: 'Object Repository/DispensaryToStore/Page_Dispensary Store/button_Add' is clicked on

2018-06-09 15:57:11 - [TEST_STEP][PASSED] - selectOptionByIndex: All options with index in [2] are selected on object 'Object Repository/DispensaryToStore/Page_Dispensary Store/select_--Select--Schedule 1Inj'

2018-06-09 15:57:11 - [MESSAGE][PASSED] - All options with index in [2] are selected on object 'Object Repository/DispensaryToStore/Page_Dispensary Store/select_--Select--Schedule 1Inj'

2018-06-09 15:57:11 - [TEST_STEP][PASSED] - delay: Delayed 1 second(s)

2018-06-09 15:57:12 - [MESSAGE][PASSED] - Delayed 1 second(s)

2018-06-09 15:57:12 - [TEST_STEP][PASSED] - selectOptionByIndex: All options with index in [68] are selected on object 'Object Repository/DispensaryToStore/Page_Dispensary Store/select_--Select--Adernaline 0.'

2018-06-09 15:57:13 - [MESSAGE][PASSED] - All options with index in [68] are selected on object 'Object Repository/DispensaryToStore/Page_Dispensary Store/select_--Select--Adernaline 0.'

2018-06-09 15:57:13 - [TEST_STEP][PASSED] - delay: Delayed 1 second(s)

2018-06-09 15:57:14 - [MESSAGE][PASSED] - Delayed 1 second(s)

2018-06-09 15:57:14 - [TEST_STEP][PASSED] - setText: Text '10' is set on object 'Object Repository/DispensaryToStore/Page_Dispensary Store/input_txttreat'

2018-06-09 15:57:14 - [MESSAGE][PASSED] - Text '10' is set on object 'Object Repository/DispensaryToStore/Page_Dispensary Store/input_txttreat'

2018-06-09 15:57:14 - [TEST_STEP][PASSED] - click: Object: 'Object Repository/DispensaryToStore/Page_Dispensary Store/button_Add' is clicked on

2018-06-09 15:57:19 - [MESSAGE][PASSED] - Object: 'Object Repository/DispensaryToStore/Page_Dispensary Store/button_Add' is clicked on

2018-06-09 15:57:19 - [TEST_STEP][PASSED] - selectOptionByIndex: All options with index in [2] are selected on object 'Object Repository/DispensaryToStore/Page_Dispensary Store/select_--Select--Schedule 1Inj'

2018-06-09 15:57:19 - [MESSAGE][PASSED] - All options with index in [2] are selected on object 'Object Repository/DispensaryToStore/Page_Dispensary Store/select_--Select--Schedule 1Inj'

2018-06-09 15:57:19 - [TEST_STEP][PASSED] - delay: Delayed 1 second(s)

2018-06-09 15:57:20 - [MESSAGE][PASSED] - Delayed 1 second(s)

2018-06-09 15:57:20 - [TEST_STEP][PASSED] - selectOptionByIndex: All options with index in [69] are selected on object 'Object Repository/DispensaryToStore/Page_Dispensary Store/select_--Select--Adernaline 0.'

2018-06-09 15:57:21 - [MESSAGE][PASSED] - All options with index in [69] are selected on object 'Object Repository/DispensaryToStore/Page_Dispensary Store/select_--Select--Adernaline 0.'

2018-06-09 15:57:21 - [TEST_STEP][PASSED] - delay: Delayed 1 second(s)

2018-06-09 15:57:22 - [MESSAGE][PASSED] - Delayed 1 second(s)

2018-06-09 15:57:22 - [TEST_STEP][PASSED] - setText: Text '10' is set on object 'Object Repository/DispensaryToStore/Page_Dispensary Store/input_txttreat'

2018-06-09 15:57:22 - [MESSAGE][PASSED] - Text '10' is set on object 'Object Repository/DispensaryToStore/Page_Dispensary Store/input_txttreat'

2018-06-09 15:57:22 - [TEST_STEP][PASSED] - click: Object: 'Object Repository/DispensaryToStore/Page_Dispensary Store/button_Add' is clicked on

2018-06-09 15:57:27 - [MESSAGE][PASSED] - Object: 'Object Repository/DispensaryToStore/Page_Dispensary Store/button_Add' is clicked on

2018-06-09 15:57:27 - [TEST_STEP][PASSED] - selectOptionByIndex: All options with index in [2] are selected on object 'Object Repository/DispensaryToStore/Page_Dispensary Store/select_--Select--Schedule 1Inj'

2018-06-09 15:57:27 - [MESSAGE][PASSED] - All options with index in [2] are selected on object 'Object Repository/DispensaryToStore/Page_Dispensary Store/select_--Select--Schedule 1Inj'

2018-06-09 15:57:27 - [TEST_STEP][PASSED] - delay: Delayed 1 second(s)

2018-06-09 15:57:28 - [MESSAGE][PASSED] - Delayed 1 second(s)

2018-06-09 15:57:28 - [TEST_STEP][PASSED] - selectOptionByIndex: All options with index in [70] are selected on object 'Object Repository/DispensaryToStore/Page_Dispensary Store/select_--Select--Adernaline 0.'

2018-06-09 15:57:29 - [MESSAGE][PASSED] - All options with index in [70] are selected on object 'Object Repository/DispensaryToStore/Page_Dispensary Store/select_--Select--Adernaline 0.'

2018-06-09 15:57:29 - [TEST_STEP][PASSED] - delay: Delayed 1 second(s)

2018-06-09 15:57:30 - [MESSAGE][PASSED] - Delayed 1 second(s)

2018-06-09 15:57:30 - [TEST_STEP][PASSED] - setText: Text '10' is set on object 'Object Repository/DispensaryToStore/Page_Dispensary Store/input_txttreat'

2018-06-09 15:57:30 - [MESSAGE][PASSED] - Text '10' is set on object 'Object Repository/DispensaryToStore/Page_Dispensary Store/input_txttreat'

2018-06-09 15:57:30 - [TEST_STEP][PASSED] - click: Object: 'Object Repository/DispensaryToStore/Page_Dispensary Store/button_Add' is clicked on

2018-06-09 15:57:36 - [MESSAGE][PASSED] - Object: 'Object Repository/DispensaryToStore/Page_Dispensary Store/button_Add' is clicked on

2018-06-09 15:57:36 - [TEST_STEP][PASSED] - selectOptionByIndex: All options with index in [2] are selected on object 'Object Repository/DispensaryToStore/Page_Dispensary Store/select_--Select--Schedule 1Inj'

2018-06-09 15:57:36 - [MESSAGE][PASSED] - All options with index in [2] are selected on object 'Object Repository/DispensaryToStore/Page_Dispensary Store/select_--Select--Schedule 1Inj'

2018-06-09 15:57:36 - [TEST_STEP][PASSED] - delay: Delayed 1 second(s)

2018-06-09 15:57:37 - [MESSAGE][PASSED] - Delayed 1 second(s)

2018-06-09 15:57:37 - [TEST_STEP][PASSED] - selectOptionByIndex: All options with index in [71] are selected on object 'Object Repository/DispensaryToStore/Page_Dispensary Store/select_--Select--Adernaline 0.'

2018-06-09 15:57:38 - [MESSAGE][PASSED] - All options with index in [71] are selected on object 'Object Repository/DispensaryToStore/Page_Dispensary Store/select_--Select--Adernaline 0.'

2018-06-09 15:57:38 - [TEST_STEP][PASSED] - delay: Delayed 1 second(s)

2018-06-09 15:57:39 - [MESSAGE][PASSED] - Delayed 1 second(s)

2018-06-09 15:57:39 - [TEST_STEP][PASSED] - setText: Text '10' is set on object 'Object Repository/DispensaryToStore/Page_Dispensary Store/input_txttreat'

2018-06-09 15:57:39 - [MESSAGE][PASSED] - Text '10' is set on object 'Object Repository/DispensaryToStore/Page_Dispensary Store/input_txttreat'

2018-06-09 15:57:39 - [TEST_STEP][PASSED] - click: Object: 'Object Repository/DispensaryToStore/Page_Dispensary Store/button_Add' is clicked on

2018-06-09 15:57:44 - [MESSAGE][PASSED] - Object: 'Object Repository/DispensaryToStore/Page_Dispensary Store/button_Add' is clicked on

2018-06-09 15:57:44 - [TEST_STEP][PASSED] - selectOptionByIndex: All options with index in [2] are selected on object 'Object Repository/DispensaryToStore/Page_Dispensary Store/select_--Select--Schedule 1Inj'

2018-06-09 15:57:44 - [MESSAGE][PASSED] - All options with index in [2] are selected on object 'Object Repository/DispensaryToStore/Page_Dispensary Store/select_--Select--Schedule 1Inj'

2018-06-09 15:57:44 - [TEST_STEP][PASSED] - delay: Delayed 1 second(s)

2018-06-09 15:57:45 - [MESSAGE][PASSED] - Delayed 1 second(s)

2018-06-09 15:57:45 - [TEST_STEP][PASSED] - selectOptionByIndex: All options with index in [72] are selected on object 'Object Repository/DispensaryToStore/Page_Dispensary Store/select_--Select--Adernaline 0.'

2018-06-09 15:57:46 - [MESSAGE][PASSED] - All options with index in [72] are selected on object 'Object Repository/DispensaryToStore/Page_Dispensary Store/select_--Select--Adernaline 0.'

2018-06-09 15:57:46 - [TEST_STEP][PASSED] - delay: Delayed 1 second(s)

2018-06-09 15:57:47 - [MESSAGE][PASSED] - Delayed 1 second(s)

2018-06-09 15:57:47 - [TEST_STEP][PASSED] - setText: Text '10' is set on object 'Object Repository/DispensaryToStore/Page_Dispensary Store/input_txttreat'

2018-06-09 15:57:47 - [MESSAGE][PASSED] - Text '10' is set on object 'Object Repository/DispensaryToStore/Page_Dispensary Store/input_txttreat'

2018-06-09 15:57:47 - [TEST_STEP][PASSED] - click: Object: 'Object Repository/DispensaryToStore/Page_Dispensary Store/button_Add' is clicked on

2018-06-09 15:57:52 - [MESSAGE][PASSED] - Object: 'Object Repository/DispensaryToStore/Page_Dispensary Store/button_Add' is clicked on

2018-06-09 15:57:52 - [TEST_STEP][PASSED] - scrollToElement: Scroll to object 'Object Repository/DispensaryToStore/Page_Dispensary Store/input_btnsave' successfully

2018-06-09 15:57:52 - [MESSAGE][PASSED] - Scroll to object 'Object Repository/DispensaryToStore/Page_Dispensary Store/input_btnsave' successfully

2018-06-09 15:57:52 - [TEST_STEP][PASSED] - click: Object: 'Object Repository/DispensaryToStore/Page_Dispensary Store/input_btnsave' is clicked on

2018-06-09 15:57:57 - [MESSAGE][PASSED] - Object: 'Object Repository/DispensaryToStore/Page_Dispensary Store/input_btnsave' is clicked on

2018-06-09 15:57:57 - [TEST_STEP][PASSED] - delay: Delayed 3 second(s)

2018-06-09 15:58:00 - [MESSAGE][PASSED] - Delayed 3 second(s)

2018-06-09 15:58:00 - [TEST_STEP][PASSED] - Statement - RN1 = com.kms.katalon.core.webui.keyword.WebUiBuiltInKeywords.getText(com.kms.katalon.core.testobject.ObjectRepository.findTestObject(DispensaryToStore/Page_Dispensary Store/font_HPRNO180520187)): Text of object 'Object Repository/DispensaryToStore/Page_Dispensary Store/font_HPRNO180520187' is: ''

2018-06-09 15:58:00 - [MESSAGE][PASSED] - Text of object 'Object Repository/DispensaryToStore/Page_Dispensary Store/font_HPRNO180520187' is: ''

2018-06-09 15:58:00 - [TEST_STEP][PASSED] - Statement - out.println(RN1): null

2018-06-09 15:58:00 - [TEST_STEP][PASSED] - Statement - RID = RN1.split("/")[2]: null]]></system-out>
         <system-err><![CDATA[2018-06-09 15:52:25 - [TEST_CASE][ERROR] - Test Cases/DISPENSARY TEST CASES/TC_DP_002 Verify Schedule 2 Dispensary Request Are Working Successfully Or Not: Test Cases/DISPENSARY TEST CASES/TC_DP_002 Verify Schedule 2 Dispensary Request Are Working Successfully Or Not FAILED because (of) java.lang.ArrayIndexOutOfBoundsException: 2]]></system-err>
      </testcase>
      <testcase name="Test Cases/DISPENSARY TEST CASES/TC_DP_003 Verify Schedule 3 Dispensary Request Are Working Successfully Or Not" classname="Test Cases/DISPENSARY TEST CASES/TC_DP_003 Verify Schedule 3 Dispensary Request Are Working Successfully Or Not" status="PASSED">
         <system-out><![CDATA[2018-06-09 15:58:00 - [TEST_CASE][PASSED] - Test Cases/DISPENSARY TEST CASES/TC_DP_003 Verify Schedule 3 Dispensary Request Are Working Successfully Or Not: Test Cases/DISPENSARY TEST CASES/TC_DP_003 Verify Schedule 3 Dispensary Request Are Working Successfully Or Not

2018-06-09 15:58:01 - [TEST_STEP][PASSED] - openBrowser: Browser is opened with url: ''

2018-06-09 15:58:01 - [MESSAGE][WARNING] - A browser is already opened. Closing browser and opening a new one

2018-06-09 15:58:03 - [MESSAGE][PASSED] - Browser is opened with url: ''

2018-06-09 15:58:03 - [TEST_STEP][PASSED] - navigateToUrl: Navigate to 'http://192.168.137.1/multihospital_new/HDSplashscreen.aspx' successfully

2018-06-09 15:58:05 - [MESSAGE][PASSED] - Navigate to 'http://192.168.137.1/multihospital_new/HDSplashscreen.aspx' successfully

2018-06-09 15:58:05 - [TEST_STEP][PASSED] - maximizeWindow: Current window maximized

2018-06-09 15:58:06 - [MESSAGE][PASSED] - Current window maximized

2018-06-09 15:58:06 - [TEST_STEP][PASSED] - click: Object: 'Object Repository/DispensaryToStore/Page_KDMC/a_Dispensary Store' is clicked on

2018-06-09 15:58:07 - [MESSAGE][PASSED] - Object: 'Object Repository/DispensaryToStore/Page_KDMC/a_Dispensary Store' is clicked on

2018-06-09 15:58:07 - [TEST_STEP][PASSED] - setText: Text 'rajaram' is set on object 'Object Repository/DispensaryToStore/Page_Dispensary Store Login/input_txtusername'

2018-06-09 15:58:07 - [MESSAGE][PASSED] - Text 'rajaram' is set on object 'Object Repository/DispensaryToStore/Page_Dispensary Store Login/input_txtusername'

2018-06-09 15:58:07 - [TEST_STEP][PASSED] - setText: Text '123' is set on object 'Object Repository/DispensaryToStore/Page_Dispensary Store Login/input_txtpassword'

2018-06-09 15:58:07 - [MESSAGE][PASSED] - Text '123' is set on object 'Object Repository/DispensaryToStore/Page_Dispensary Store Login/input_txtpassword'

2018-06-09 15:58:07 - [TEST_STEP][PASSED] - delay: Delayed 3 second(s)

2018-06-09 15:58:10 - [MESSAGE][PASSED] - Delayed 3 second(s)

2018-06-09 15:58:10 - [TEST_STEP][PASSED] - sendKeys: Keys 'ENTER + ' sent to object: 'Object Repository/DispensaryToStore/Page_Dispensary Store Login/input_txtpassword'

2018-06-09 15:58:11 - [MESSAGE][PASSED] - Keys 'ENTER + ' sent to object: 'Object Repository/DispensaryToStore/Page_Dispensary Store Login/input_txtpassword'

2018-06-09 15:58:11 - [TEST_STEP][PASSED] - delay: Delayed 3 second(s)

2018-06-09 15:58:14 - [MESSAGE][PASSED] - Delayed 3 second(s)

2018-06-09 15:58:14 - [TEST_STEP][PASSED] - click: Object: 'Object Repository/DispensaryToStore/Page_Dispensary Store/a_Request to Store' is clicked on

2018-06-09 15:58:14 - [MESSAGE][PASSED] - Object: 'Object Repository/DispensaryToStore/Page_Dispensary Store/a_Request to Store' is clicked on

2018-06-09 15:58:14 - [TEST_STEP][PASSED] - click: Object: 'Object Repository/DispensaryToStore/Page_Dispensary Store/a_Medicine Request' is clicked on

2018-06-09 15:58:15 - [MESSAGE][PASSED] - Object: 'Object Repository/DispensaryToStore/Page_Dispensary Store/a_Medicine Request' is clicked on

2018-06-09 15:58:15 - [TEST_STEP][PASSED] - selectOptionByIndex: All options with index in [3] are selected on object 'Object Repository/DispensaryToStore/Page_Dispensary Store/select_--Select--Schedule 1Inj'

2018-06-09 15:58:15 - [MESSAGE][PASSED] - All options with index in [3] are selected on object 'Object Repository/DispensaryToStore/Page_Dispensary Store/select_--Select--Schedule 1Inj'

2018-06-09 15:58:15 - [TEST_STEP][PASSED] - Statement - medicineslength = com.kms.katalon.core.webui.keyword.WebUiBuiltInKeywords.getNumberOfTotalOption(com.kms.katalon.core.testobject.ObjectRepository.findTestObject(DispensaryToStore/Page_Dispensary Store/select_--Select--Adernaline 0.)): 37 options of object 'Object Repository/DispensaryToStore/Page_Dispensary Store/select_--Select--Adernaline 0.' counted

2018-06-09 15:58:15 - [MESSAGE][PASSED] - 37 options of object 'Object Repository/DispensaryToStore/Page_Dispensary Store/select_--Select--Adernaline 0.' counted

2018-06-09 15:58:15 - [TEST_STEP][PASSED] - Statement - For ([e = 1, e <= medicineslength - 1, (e++)]): Object: 'Object Repository/DispensaryToStore/Page_Dispensary Store/button_Add' is clicked on

2018-06-09 15:58:15 - [TEST_STEP][PASSED] - selectOptionByIndex: All options with index in [3] are selected on object 'Object Repository/DispensaryToStore/Page_Dispensary Store/select_--Select--Schedule 1Inj'

2018-06-09 15:58:15 - [MESSAGE][PASSED] - All options with index in [3] are selected on object 'Object Repository/DispensaryToStore/Page_Dispensary Store/select_--Select--Schedule 1Inj'

2018-06-09 15:58:15 - [TEST_STEP][PASSED] - selectOptionByIndex: All options with index in [1] are selected on object 'Object Repository/DispensaryToStore/Page_Dispensary Store/select_--Select--Adernaline 0.'

2018-06-09 15:58:15 - [MESSAGE][PASSED] - All options with index in [1] are selected on object 'Object Repository/DispensaryToStore/Page_Dispensary Store/select_--Select--Adernaline 0.'

2018-06-09 15:58:15 - [TEST_STEP][PASSED] - setText: Text '10' is set on object 'Object Repository/DispensaryToStore/Page_Dispensary Store/input_txttreat'

2018-06-09 15:58:16 - [MESSAGE][PASSED] - Text '10' is set on object 'Object Repository/DispensaryToStore/Page_Dispensary Store/input_txttreat'

2018-06-09 15:58:16 - [TEST_STEP][PASSED] - click: Object: 'Object Repository/DispensaryToStore/Page_Dispensary Store/button_Add' is clicked on

2018-06-09 15:58:16 - [MESSAGE][PASSED] - Object: 'Object Repository/DispensaryToStore/Page_Dispensary Store/button_Add' is clicked on

2018-06-09 15:58:16 - [TEST_STEP][PASSED] - selectOptionByIndex: All options with index in [3] are selected on object 'Object Repository/DispensaryToStore/Page_Dispensary Store/select_--Select--Schedule 1Inj'

2018-06-09 15:58:16 - [MESSAGE][PASSED] - All options with index in [3] are selected on object 'Object Repository/DispensaryToStore/Page_Dispensary Store/select_--Select--Schedule 1Inj'

2018-06-09 15:58:16 - [TEST_STEP][PASSED] - selectOptionByIndex: All options with index in [2] are selected on object 'Object Repository/DispensaryToStore/Page_Dispensary Store/select_--Select--Adernaline 0.'

2018-06-09 15:58:16 - [MESSAGE][PASSED] - All options with index in [2] are selected on object 'Object Repository/DispensaryToStore/Page_Dispensary Store/select_--Select--Adernaline 0.'

2018-06-09 15:58:16 - [TEST_STEP][PASSED] - setText: Text '10' is set on object 'Object Repository/DispensaryToStore/Page_Dispensary Store/input_txttreat'

2018-06-09 15:58:16 - [MESSAGE][PASSED] - Text '10' is set on object 'Object Repository/DispensaryToStore/Page_Dispensary Store/input_txttreat'

2018-06-09 15:58:16 - [TEST_STEP][PASSED] - click: Object: 'Object Repository/DispensaryToStore/Page_Dispensary Store/button_Add' is clicked on

2018-06-09 15:58:16 - [MESSAGE][PASSED] - Object: 'Object Repository/DispensaryToStore/Page_Dispensary Store/button_Add' is clicked on

2018-06-09 15:58:16 - [TEST_STEP][PASSED] - selectOptionByIndex: All options with index in [3] are selected on object 'Object Repository/DispensaryToStore/Page_Dispensary Store/select_--Select--Schedule 1Inj'

2018-06-09 15:58:16 - [MESSAGE][PASSED] - All options with index in [3] are selected on object 'Object Repository/DispensaryToStore/Page_Dispensary Store/select_--Select--Schedule 1Inj'

2018-06-09 15:58:16 - [TEST_STEP][PASSED] - selectOptionByIndex: All options with index in [3] are selected on object 'Object Repository/DispensaryToStore/Page_Dispensary Store/select_--Select--Adernaline 0.'

2018-06-09 15:58:17 - [MESSAGE][PASSED] - All options with index in [3] are selected on object 'Object Repository/DispensaryToStore/Page_Dispensary Store/select_--Select--Adernaline 0.'

2018-06-09 15:58:17 - [TEST_STEP][PASSED] - setText: Text '10' is set on object 'Object Repository/DispensaryToStore/Page_Dispensary Store/input_txttreat'

2018-06-09 15:58:17 - [MESSAGE][PASSED] - Text '10' is set on object 'Object Repository/DispensaryToStore/Page_Dispensary Store/input_txttreat'

2018-06-09 15:58:17 - [TEST_STEP][PASSED] - click: Object: 'Object Repository/DispensaryToStore/Page_Dispensary Store/button_Add' is clicked on

2018-06-09 15:58:17 - [MESSAGE][PASSED] - Object: 'Object Repository/DispensaryToStore/Page_Dispensary Store/button_Add' is clicked on

2018-06-09 15:58:17 - [TEST_STEP][PASSED] - selectOptionByIndex: All options with index in [3] are selected on object 'Object Repository/DispensaryToStore/Page_Dispensary Store/select_--Select--Schedule 1Inj'

2018-06-09 15:58:17 - [MESSAGE][PASSED] - All options with index in [3] are selected on object 'Object Repository/DispensaryToStore/Page_Dispensary Store/select_--Select--Schedule 1Inj'

2018-06-09 15:58:17 - [TEST_STEP][PASSED] - selectOptionByIndex: All options with index in [4] are selected on object 'Object Repository/DispensaryToStore/Page_Dispensary Store/select_--Select--Adernaline 0.'

2018-06-09 15:58:17 - [MESSAGE][PASSED] - All options with index in [4] are selected on object 'Object Repository/DispensaryToStore/Page_Dispensary Store/select_--Select--Adernaline 0.'

2018-06-09 15:58:17 - [TEST_STEP][PASSED] - setText: Text '10' is set on object 'Object Repository/DispensaryToStore/Page_Dispensary Store/input_txttreat'

2018-06-09 15:58:17 - [MESSAGE][PASSED] - Text '10' is set on object 'Object Repository/DispensaryToStore/Page_Dispensary Store/input_txttreat'

2018-06-09 15:58:17 - [TEST_STEP][PASSED] - click: Object: 'Object Repository/DispensaryToStore/Page_Dispensary Store/button_Add' is clicked on

2018-06-09 15:58:17 - [MESSAGE][PASSED] - Object: 'Object Repository/DispensaryToStore/Page_Dispensary Store/button_Add' is clicked on

2018-06-09 15:58:17 - [TEST_STEP][PASSED] - selectOptionByIndex: All options with index in [3] are selected on object 'Object Repository/DispensaryToStore/Page_Dispensary Store/select_--Select--Schedule 1Inj'

2018-06-09 15:58:18 - [MESSAGE][PASSED] - All options with index in [3] are selected on object 'Object Repository/DispensaryToStore/Page_Dispensary Store/select_--Select--Schedule 1Inj'

2018-06-09 15:58:18 - [TEST_STEP][PASSED] - selectOptionByIndex: All options with index in [5] are selected on object 'Object Repository/DispensaryToStore/Page_Dispensary Store/select_--Select--Adernaline 0.'

2018-06-09 15:58:18 - [MESSAGE][PASSED] - All options with index in [5] are selected on object 'Object Repository/DispensaryToStore/Page_Dispensary Store/select_--Select--Adernaline 0.'

2018-06-09 15:58:18 - [TEST_STEP][PASSED] - setText: Text '10' is set on object 'Object Repository/DispensaryToStore/Page_Dispensary Store/input_txttreat'

2018-06-09 15:58:18 - [MESSAGE][PASSED] - Text '10' is set on object 'Object Repository/DispensaryToStore/Page_Dispensary Store/input_txttreat'

2018-06-09 15:58:18 - [TEST_STEP][PASSED] - click: Object: 'Object Repository/DispensaryToStore/Page_Dispensary Store/button_Add' is clicked on

2018-06-09 15:58:18 - [MESSAGE][PASSED] - Object: 'Object Repository/DispensaryToStore/Page_Dispensary Store/button_Add' is clicked on

2018-06-09 15:58:18 - [TEST_STEP][PASSED] - selectOptionByIndex: All options with index in [3] are selected on object 'Object Repository/DispensaryToStore/Page_Dispensary Store/select_--Select--Schedule 1Inj'

2018-06-09 15:58:18 - [MESSAGE][PASSED] - All options with index in [3] are selected on object 'Object Repository/DispensaryToStore/Page_Dispensary Store/select_--Select--Schedule 1Inj'

2018-06-09 15:58:18 - [TEST_STEP][PASSED] - selectOptionByIndex: All options with index in [6] are selected on object 'Object Repository/DispensaryToStore/Page_Dispensary Store/select_--Select--Adernaline 0.'

2018-06-09 15:58:18 - [MESSAGE][PASSED] - All options with index in [6] are selected on object 'Object Repository/DispensaryToStore/Page_Dispensary Store/select_--Select--Adernaline 0.'

2018-06-09 15:58:18 - [TEST_STEP][PASSED] - setText: Text '10' is set on object 'Object Repository/DispensaryToStore/Page_Dispensary Store/input_txttreat'

2018-06-09 15:58:18 - [MESSAGE][PASSED] - Text '10' is set on object 'Object Repository/DispensaryToStore/Page_Dispensary Store/input_txttreat'

2018-06-09 15:58:18 - [TEST_STEP][PASSED] - click: Object: 'Object Repository/DispensaryToStore/Page_Dispensary Store/button_Add' is clicked on

2018-06-09 15:58:19 - [MESSAGE][PASSED] - Object: 'Object Repository/DispensaryToStore/Page_Dispensary Store/button_Add' is clicked on

2018-06-09 15:58:19 - [TEST_STEP][PASSED] - selectOptionByIndex: All options with index in [3] are selected on object 'Object Repository/DispensaryToStore/Page_Dispensary Store/select_--Select--Schedule 1Inj'

2018-06-09 15:58:19 - [MESSAGE][PASSED] - All options with index in [3] are selected on object 'Object Repository/DispensaryToStore/Page_Dispensary Store/select_--Select--Schedule 1Inj'

2018-06-09 15:58:19 - [TEST_STEP][PASSED] - selectOptionByIndex: All options with index in [7] are selected on object 'Object Repository/DispensaryToStore/Page_Dispensary Store/select_--Select--Adernaline 0.'

2018-06-09 15:58:19 - [MESSAGE][PASSED] - All options with index in [7] are selected on object 'Object Repository/DispensaryToStore/Page_Dispensary Store/select_--Select--Adernaline 0.'

2018-06-09 15:58:19 - [TEST_STEP][PASSED] - setText: Text '10' is set on object 'Object Repository/DispensaryToStore/Page_Dispensary Store/input_txttreat'

2018-06-09 15:58:19 - [MESSAGE][PASSED] - Text '10' is set on object 'Object Repository/DispensaryToStore/Page_Dispensary Store/input_txttreat'

2018-06-09 15:58:19 - [TEST_STEP][PASSED] - click: Object: 'Object Repository/DispensaryToStore/Page_Dispensary Store/button_Add' is clicked on

2018-06-09 15:58:19 - [MESSAGE][PASSED] - Object: 'Object Repository/DispensaryToStore/Page_Dispensary Store/button_Add' is clicked on

2018-06-09 15:58:19 - [TEST_STEP][PASSED] - selectOptionByIndex: All options with index in [3] are selected on object 'Object Repository/DispensaryToStore/Page_Dispensary Store/select_--Select--Schedule 1Inj'

2018-06-09 15:58:19 - [MESSAGE][PASSED] - All options with index in [3] are selected on object 'Object Repository/DispensaryToStore/Page_Dispensary Store/select_--Select--Schedule 1Inj'

2018-06-09 15:58:19 - [TEST_STEP][PASSED] - selectOptionByIndex: All options with index in [8] are selected on object 'Object Repository/DispensaryToStore/Page_Dispensary Store/select_--Select--Adernaline 0.'

2018-06-09 15:58:20 - [MESSAGE][PASSED] - All options with index in [8] are selected on object 'Object Repository/DispensaryToStore/Page_Dispensary Store/select_--Select--Adernaline 0.'

2018-06-09 15:58:20 - [TEST_STEP][PASSED] - setText: Text '10' is set on object 'Object Repository/DispensaryToStore/Page_Dispensary Store/input_txttreat'

2018-06-09 15:58:20 - [MESSAGE][PASSED] - Text '10' is set on object 'Object Repository/DispensaryToStore/Page_Dispensary Store/input_txttreat'

2018-06-09 15:58:20 - [TEST_STEP][PASSED] - click: Object: 'Object Repository/DispensaryToStore/Page_Dispensary Store/button_Add' is clicked on

2018-06-09 15:58:20 - [MESSAGE][PASSED] - Object: 'Object Repository/DispensaryToStore/Page_Dispensary Store/button_Add' is clicked on

2018-06-09 15:58:20 - [TEST_STEP][PASSED] - selectOptionByIndex: All options with index in [3] are selected on object 'Object Repository/DispensaryToStore/Page_Dispensary Store/select_--Select--Schedule 1Inj'

2018-06-09 15:58:20 - [MESSAGE][PASSED] - All options with index in [3] are selected on object 'Object Repository/DispensaryToStore/Page_Dispensary Store/select_--Select--Schedule 1Inj'

2018-06-09 15:58:20 - [TEST_STEP][PASSED] - selectOptionByIndex: All options with index in [9] are selected on object 'Object Repository/DispensaryToStore/Page_Dispensary Store/select_--Select--Adernaline 0.'

2018-06-09 15:58:20 - [MESSAGE][PASSED] - All options with index in [9] are selected on object 'Object Repository/DispensaryToStore/Page_Dispensary Store/select_--Select--Adernaline 0.'

2018-06-09 15:58:20 - [TEST_STEP][PASSED] - setText: Text '10' is set on object 'Object Repository/DispensaryToStore/Page_Dispensary Store/input_txttreat'

2018-06-09 15:58:20 - [MESSAGE][PASSED] - Text '10' is set on object 'Object Repository/DispensaryToStore/Page_Dispensary Store/input_txttreat'

2018-06-09 15:58:20 - [TEST_STEP][PASSED] - click: Object: 'Object Repository/DispensaryToStore/Page_Dispensary Store/button_Add' is clicked on

2018-06-09 15:58:20 - [MESSAGE][PASSED] - Object: 'Object Repository/DispensaryToStore/Page_Dispensary Store/button_Add' is clicked on

2018-06-09 15:58:20 - [TEST_STEP][PASSED] - selectOptionByIndex: All options with index in [3] are selected on object 'Object Repository/DispensaryToStore/Page_Dispensary Store/select_--Select--Schedule 1Inj'

2018-06-09 15:58:20 - [MESSAGE][PASSED] - All options with index in [3] are selected on object 'Object Repository/DispensaryToStore/Page_Dispensary Store/select_--Select--Schedule 1Inj'

2018-06-09 15:58:20 - [TEST_STEP][PASSED] - selectOptionByIndex: All options with index in [10] are selected on object 'Object Repository/DispensaryToStore/Page_Dispensary Store/select_--Select--Adernaline 0.'

2018-06-09 15:58:21 - [MESSAGE][PASSED] - All options with index in [10] are selected on object 'Object Repository/DispensaryToStore/Page_Dispensary Store/select_--Select--Adernaline 0.'

2018-06-09 15:58:21 - [TEST_STEP][PASSED] - setText: Text '10' is set on object 'Object Repository/DispensaryToStore/Page_Dispensary Store/input_txttreat'

2018-06-09 15:58:21 - [MESSAGE][PASSED] - Text '10' is set on object 'Object Repository/DispensaryToStore/Page_Dispensary Store/input_txttreat'

2018-06-09 15:58:21 - [TEST_STEP][PASSED] - click: Object: 'Object Repository/DispensaryToStore/Page_Dispensary Store/button_Add' is clicked on

2018-06-09 15:58:21 - [MESSAGE][PASSED] - Object: 'Object Repository/DispensaryToStore/Page_Dispensary Store/button_Add' is clicked on

2018-06-09 15:58:21 - [TEST_STEP][PASSED] - selectOptionByIndex: All options with index in [3] are selected on object 'Object Repository/DispensaryToStore/Page_Dispensary Store/select_--Select--Schedule 1Inj'

2018-06-09 15:58:21 - [MESSAGE][PASSED] - All options with index in [3] are selected on object 'Object Repository/DispensaryToStore/Page_Dispensary Store/select_--Select--Schedule 1Inj'

2018-06-09 15:58:21 - [TEST_STEP][PASSED] - selectOptionByIndex: All options with index in [11] are selected on object 'Object Repository/DispensaryToStore/Page_Dispensary Store/select_--Select--Adernaline 0.'

2018-06-09 15:58:21 - [MESSAGE][PASSED] - All options with index in [11] are selected on object 'Object Repository/DispensaryToStore/Page_Dispensary Store/select_--Select--Adernaline 0.'

2018-06-09 15:58:21 - [TEST_STEP][PASSED] - setText: Text '10' is set on object 'Object Repository/DispensaryToStore/Page_Dispensary Store/input_txttreat'

2018-06-09 15:58:22 - [MESSAGE][PASSED] - Text '10' is set on object 'Object Repository/DispensaryToStore/Page_Dispensary Store/input_txttreat'

2018-06-09 15:58:22 - [TEST_STEP][PASSED] - click: Object: 'Object Repository/DispensaryToStore/Page_Dispensary Store/button_Add' is clicked on

2018-06-09 15:58:22 - [MESSAGE][PASSED] - Object: 'Object Repository/DispensaryToStore/Page_Dispensary Store/button_Add' is clicked on

2018-06-09 15:58:22 - [TEST_STEP][PASSED] - selectOptionByIndex: All options with index in [3] are selected on object 'Object Repository/DispensaryToStore/Page_Dispensary Store/select_--Select--Schedule 1Inj'

2018-06-09 15:58:22 - [MESSAGE][PASSED] - All options with index in [3] are selected on object 'Object Repository/DispensaryToStore/Page_Dispensary Store/select_--Select--Schedule 1Inj'

2018-06-09 15:58:22 - [TEST_STEP][PASSED] - selectOptionByIndex: All options with index in [12] are selected on object 'Object Repository/DispensaryToStore/Page_Dispensary Store/select_--Select--Adernaline 0.'

2018-06-09 15:58:22 - [MESSAGE][PASSED] - All options with index in [12] are selected on object 'Object Repository/DispensaryToStore/Page_Dispensary Store/select_--Select--Adernaline 0.'

2018-06-09 15:58:22 - [TEST_STEP][PASSED] - setText: Text '10' is set on object 'Object Repository/DispensaryToStore/Page_Dispensary Store/input_txttreat'

2018-06-09 15:58:22 - [MESSAGE][PASSED] - Text '10' is set on object 'Object Repository/DispensaryToStore/Page_Dispensary Store/input_txttreat'

2018-06-09 15:58:22 - [TEST_STEP][PASSED] - click: Object: 'Object Repository/DispensaryToStore/Page_Dispensary Store/button_Add' is clicked on

2018-06-09 15:58:22 - [MESSAGE][PASSED] - Object: 'Object Repository/DispensaryToStore/Page_Dispensary Store/button_Add' is clicked on

2018-06-09 15:58:22 - [TEST_STEP][PASSED] - selectOptionByIndex: All options with index in [3] are selected on object 'Object Repository/DispensaryToStore/Page_Dispensary Store/select_--Select--Schedule 1Inj'

2018-06-09 15:58:22 - [MESSAGE][PASSED] - All options with index in [3] are selected on object 'Object Repository/DispensaryToStore/Page_Dispensary Store/select_--Select--Schedule 1Inj'

2018-06-09 15:58:22 - [TEST_STEP][PASSED] - selectOptionByIndex: All options with index in [13] are selected on object 'Object Repository/DispensaryToStore/Page_Dispensary Store/select_--Select--Adernaline 0.'

2018-06-09 15:58:23 - [MESSAGE][PASSED] - All options with index in [13] are selected on object 'Object Repository/DispensaryToStore/Page_Dispensary Store/select_--Select--Adernaline 0.'

2018-06-09 15:58:23 - [TEST_STEP][PASSED] - setText: Text '10' is set on object 'Object Repository/DispensaryToStore/Page_Dispensary Store/input_txttreat'

2018-06-09 15:58:23 - [MESSAGE][PASSED] - Text '10' is set on object 'Object Repository/DispensaryToStore/Page_Dispensary Store/input_txttreat'

2018-06-09 15:58:23 - [TEST_STEP][PASSED] - click: Object: 'Object Repository/DispensaryToStore/Page_Dispensary Store/button_Add' is clicked on

2018-06-09 15:58:23 - [MESSAGE][PASSED] - Object: 'Object Repository/DispensaryToStore/Page_Dispensary Store/button_Add' is clicked on

2018-06-09 15:58:23 - [TEST_STEP][PASSED] - selectOptionByIndex: All options with index in [3] are selected on object 'Object Repository/DispensaryToStore/Page_Dispensary Store/select_--Select--Schedule 1Inj'

2018-06-09 15:58:23 - [MESSAGE][PASSED] - All options with index in [3] are selected on object 'Object Repository/DispensaryToStore/Page_Dispensary Store/select_--Select--Schedule 1Inj'

2018-06-09 15:58:23 - [TEST_STEP][PASSED] - selectOptionByIndex: All options with index in [14] are selected on object 'Object Repository/DispensaryToStore/Page_Dispensary Store/select_--Select--Adernaline 0.'

2018-06-09 15:58:23 - [MESSAGE][PASSED] - All options with index in [14] are selected on object 'Object Repository/DispensaryToStore/Page_Dispensary Store/select_--Select--Adernaline 0.'

2018-06-09 15:58:23 - [TEST_STEP][PASSED] - setText: Text '10' is set on object 'Object Repository/DispensaryToStore/Page_Dispensary Store/input_txttreat'

2018-06-09 15:58:23 - [MESSAGE][PASSED] - Text '10' is set on object 'Object Repository/DispensaryToStore/Page_Dispensary Store/input_txttreat'

2018-06-09 15:58:23 - [TEST_STEP][PASSED] - click: Object: 'Object Repository/DispensaryToStore/Page_Dispensary Store/button_Add' is clicked on

2018-06-09 15:58:24 - [MESSAGE][PASSED] - Object: 'Object Repository/DispensaryToStore/Page_Dispensary Store/button_Add' is clicked on

2018-06-09 15:58:24 - [TEST_STEP][PASSED] - selectOptionByIndex: All options with index in [3] are selected on object 'Object Repository/DispensaryToStore/Page_Dispensary Store/select_--Select--Schedule 1Inj'

2018-06-09 15:58:24 - [MESSAGE][PASSED] - All options with index in [3] are selected on object 'Object Repository/DispensaryToStore/Page_Dispensary Store/select_--Select--Schedule 1Inj'

2018-06-09 15:58:24 - [TEST_STEP][PASSED] - selectOptionByIndex: All options with index in [15] are selected on object 'Object Repository/DispensaryToStore/Page_Dispensary Store/select_--Select--Adernaline 0.'

2018-06-09 15:58:24 - [MESSAGE][PASSED] - All options with index in [15] are selected on object 'Object Repository/DispensaryToStore/Page_Dispensary Store/select_--Select--Adernaline 0.'

2018-06-09 15:58:24 - [TEST_STEP][PASSED] - setText: Text '10' is set on object 'Object Repository/DispensaryToStore/Page_Dispensary Store/input_txttreat'

2018-06-09 15:58:24 - [MESSAGE][PASSED] - Text '10' is set on object 'Object Repository/DispensaryToStore/Page_Dispensary Store/input_txttreat'

2018-06-09 15:58:24 - [TEST_STEP][PASSED] - click: Object: 'Object Repository/DispensaryToStore/Page_Dispensary Store/button_Add' is clicked on

2018-06-09 15:58:24 - [MESSAGE][PASSED] - Object: 'Object Repository/DispensaryToStore/Page_Dispensary Store/button_Add' is clicked on

2018-06-09 15:58:24 - [TEST_STEP][PASSED] - selectOptionByIndex: All options with index in [3] are selected on object 'Object Repository/DispensaryToStore/Page_Dispensary Store/select_--Select--Schedule 1Inj'

2018-06-09 15:58:24 - [MESSAGE][PASSED] - All options with index in [3] are selected on object 'Object Repository/DispensaryToStore/Page_Dispensary Store/select_--Select--Schedule 1Inj'

2018-06-09 15:58:24 - [TEST_STEP][PASSED] - selectOptionByIndex: All options with index in [16] are selected on object 'Object Repository/DispensaryToStore/Page_Dispensary Store/select_--Select--Adernaline 0.'

2018-06-09 15:58:25 - [MESSAGE][PASSED] - All options with index in [16] are selected on object 'Object Repository/DispensaryToStore/Page_Dispensary Store/select_--Select--Adernaline 0.'

2018-06-09 15:58:25 - [TEST_STEP][PASSED] - setText: Text '10' is set on object 'Object Repository/DispensaryToStore/Page_Dispensary Store/input_txttreat'

2018-06-09 15:58:25 - [MESSAGE][PASSED] - Text '10' is set on object 'Object Repository/DispensaryToStore/Page_Dispensary Store/input_txttreat'

2018-06-09 15:58:25 - [TEST_STEP][PASSED] - click: Object: 'Object Repository/DispensaryToStore/Page_Dispensary Store/button_Add' is clicked on

2018-06-09 15:58:25 - [MESSAGE][PASSED] - Object: 'Object Repository/DispensaryToStore/Page_Dispensary Store/button_Add' is clicked on

2018-06-09 15:58:25 - [TEST_STEP][PASSED] - selectOptionByIndex: All options with index in [3] are selected on object 'Object Repository/DispensaryToStore/Page_Dispensary Store/select_--Select--Schedule 1Inj'

2018-06-09 15:58:25 - [MESSAGE][PASSED] - All options with index in [3] are selected on object 'Object Repository/DispensaryToStore/Page_Dispensary Store/select_--Select--Schedule 1Inj'

2018-06-09 15:58:25 - [TEST_STEP][PASSED] - selectOptionByIndex: All options with index in [17] are selected on object 'Object Repository/DispensaryToStore/Page_Dispensary Store/select_--Select--Adernaline 0.'

2018-06-09 15:58:25 - [MESSAGE][PASSED] - All options with index in [17] are selected on object 'Object Repository/DispensaryToStore/Page_Dispensary Store/select_--Select--Adernaline 0.'

2018-06-09 15:58:25 - [TEST_STEP][PASSED] - setText: Text '10' is set on object 'Object Repository/DispensaryToStore/Page_Dispensary Store/input_txttreat'

2018-06-09 15:58:26 - [MESSAGE][PASSED] - Text '10' is set on object 'Object Repository/DispensaryToStore/Page_Dispensary Store/input_txttreat'

2018-06-09 15:58:26 - [TEST_STEP][PASSED] - click: Object: 'Object Repository/DispensaryToStore/Page_Dispensary Store/button_Add' is clicked on

2018-06-09 15:58:26 - [MESSAGE][PASSED] - Object: 'Object Repository/DispensaryToStore/Page_Dispensary Store/button_Add' is clicked on

2018-06-09 15:58:26 - [TEST_STEP][PASSED] - selectOptionByIndex: All options with index in [3] are selected on object 'Object Repository/DispensaryToStore/Page_Dispensary Store/select_--Select--Schedule 1Inj'

2018-06-09 15:58:26 - [MESSAGE][PASSED] - All options with index in [3] are selected on object 'Object Repository/DispensaryToStore/Page_Dispensary Store/select_--Select--Schedule 1Inj'

2018-06-09 15:58:26 - [TEST_STEP][PASSED] - selectOptionByIndex: All options with index in [18] are selected on object 'Object Repository/DispensaryToStore/Page_Dispensary Store/select_--Select--Adernaline 0.'

2018-06-09 15:58:26 - [MESSAGE][PASSED] - All options with index in [18] are selected on object 'Object Repository/DispensaryToStore/Page_Dispensary Store/select_--Select--Adernaline 0.'

2018-06-09 15:58:26 - [TEST_STEP][PASSED] - setText: Text '10' is set on object 'Object Repository/DispensaryToStore/Page_Dispensary Store/input_txttreat'

2018-06-09 15:58:26 - [MESSAGE][PASSED] - Text '10' is set on object 'Object Repository/DispensaryToStore/Page_Dispensary Store/input_txttreat'

2018-06-09 15:58:26 - [TEST_STEP][PASSED] - click: Object: 'Object Repository/DispensaryToStore/Page_Dispensary Store/button_Add' is clicked on

2018-06-09 15:58:26 - [MESSAGE][PASSED] - Object: 'Object Repository/DispensaryToStore/Page_Dispensary Store/button_Add' is clicked on

2018-06-09 15:58:26 - [TEST_STEP][PASSED] - selectOptionByIndex: All options with index in [3] are selected on object 'Object Repository/DispensaryToStore/Page_Dispensary Store/select_--Select--Schedule 1Inj'

2018-06-09 15:58:26 - [MESSAGE][PASSED] - All options with index in [3] are selected on object 'Object Repository/DispensaryToStore/Page_Dispensary Store/select_--Select--Schedule 1Inj'

2018-06-09 15:58:26 - [TEST_STEP][PASSED] - selectOptionByIndex: All options with index in [19] are selected on object 'Object Repository/DispensaryToStore/Page_Dispensary Store/select_--Select--Adernaline 0.'

2018-06-09 15:58:27 - [MESSAGE][PASSED] - All options with index in [19] are selected on object 'Object Repository/DispensaryToStore/Page_Dispensary Store/select_--Select--Adernaline 0.'

2018-06-09 15:58:27 - [TEST_STEP][PASSED] - setText: Text '10' is set on object 'Object Repository/DispensaryToStore/Page_Dispensary Store/input_txttreat'

2018-06-09 15:58:27 - [MESSAGE][PASSED] - Text '10' is set on object 'Object Repository/DispensaryToStore/Page_Dispensary Store/input_txttreat'

2018-06-09 15:58:27 - [TEST_STEP][PASSED] - click: Object: 'Object Repository/DispensaryToStore/Page_Dispensary Store/button_Add' is clicked on

2018-06-09 15:58:27 - [MESSAGE][PASSED] - Object: 'Object Repository/DispensaryToStore/Page_Dispensary Store/button_Add' is clicked on

2018-06-09 15:58:27 - [TEST_STEP][PASSED] - selectOptionByIndex: All options with index in [3] are selected on object 'Object Repository/DispensaryToStore/Page_Dispensary Store/select_--Select--Schedule 1Inj'

2018-06-09 15:58:27 - [MESSAGE][PASSED] - All options with index in [3] are selected on object 'Object Repository/DispensaryToStore/Page_Dispensary Store/select_--Select--Schedule 1Inj'

2018-06-09 15:58:27 - [TEST_STEP][PASSED] - selectOptionByIndex: All options with index in [20] are selected on object 'Object Repository/DispensaryToStore/Page_Dispensary Store/select_--Select--Adernaline 0.'

2018-06-09 15:58:28 - [MESSAGE][PASSED] - All options with index in [20] are selected on object 'Object Repository/DispensaryToStore/Page_Dispensary Store/select_--Select--Adernaline 0.'

2018-06-09 15:58:28 - [TEST_STEP][PASSED] - setText: Text '10' is set on object 'Object Repository/DispensaryToStore/Page_Dispensary Store/input_txttreat'

2018-06-09 15:58:28 - [MESSAGE][PASSED] - Text '10' is set on object 'Object Repository/DispensaryToStore/Page_Dispensary Store/input_txttreat'

2018-06-09 15:58:28 - [TEST_STEP][PASSED] - click: Object: 'Object Repository/DispensaryToStore/Page_Dispensary Store/button_Add' is clicked on

2018-06-09 15:58:28 - [MESSAGE][PASSED] - Object: 'Object Repository/DispensaryToStore/Page_Dispensary Store/button_Add' is clicked on

2018-06-09 15:58:28 - [TEST_STEP][PASSED] - selectOptionByIndex: All options with index in [3] are selected on object 'Object Repository/DispensaryToStore/Page_Dispensary Store/select_--Select--Schedule 1Inj'

2018-06-09 15:58:28 - [MESSAGE][PASSED] - All options with index in [3] are selected on object 'Object Repository/DispensaryToStore/Page_Dispensary Store/select_--Select--Schedule 1Inj'

2018-06-09 15:58:28 - [TEST_STEP][PASSED] - selectOptionByIndex: All options with index in [21] are selected on object 'Object Repository/DispensaryToStore/Page_Dispensary Store/select_--Select--Adernaline 0.'

2018-06-09 15:58:28 - [MESSAGE][PASSED] - All options with index in [21] are selected on object 'Object Repository/DispensaryToStore/Page_Dispensary Store/select_--Select--Adernaline 0.'

2018-06-09 15:58:28 - [TEST_STEP][PASSED] - setText: Text '10' is set on object 'Object Repository/DispensaryToStore/Page_Dispensary Store/input_txttreat'

2018-06-09 15:58:28 - [MESSAGE][PASSED] - Text '10' is set on object 'Object Repository/DispensaryToStore/Page_Dispensary Store/input_txttreat'

2018-06-09 15:58:28 - [TEST_STEP][PASSED] - click: Object: 'Object Repository/DispensaryToStore/Page_Dispensary Store/button_Add' is clicked on

2018-06-09 15:58:28 - [MESSAGE][PASSED] - Object: 'Object Repository/DispensaryToStore/Page_Dispensary Store/button_Add' is clicked on

2018-06-09 15:58:28 - [TEST_STEP][PASSED] - selectOptionByIndex: All options with index in [3] are selected on object 'Object Repository/DispensaryToStore/Page_Dispensary Store/select_--Select--Schedule 1Inj'

2018-06-09 15:58:29 - [MESSAGE][PASSED] - All options with index in [3] are selected on object 'Object Repository/DispensaryToStore/Page_Dispensary Store/select_--Select--Schedule 1Inj'

2018-06-09 15:58:29 - [TEST_STEP][PASSED] - selectOptionByIndex: All options with index in [22] are selected on object 'Object Repository/DispensaryToStore/Page_Dispensary Store/select_--Select--Adernaline 0.'

2018-06-09 15:58:29 - [MESSAGE][PASSED] - All options with index in [22] are selected on object 'Object Repository/DispensaryToStore/Page_Dispensary Store/select_--Select--Adernaline 0.'

2018-06-09 15:58:29 - [TEST_STEP][PASSED] - setText: Text '10' is set on object 'Object Repository/DispensaryToStore/Page_Dispensary Store/input_txttreat'

2018-06-09 15:58:29 - [MESSAGE][PASSED] - Text '10' is set on object 'Object Repository/DispensaryToStore/Page_Dispensary Store/input_txttreat'

2018-06-09 15:58:29 - [TEST_STEP][PASSED] - click: Object: 'Object Repository/DispensaryToStore/Page_Dispensary Store/button_Add' is clicked on

2018-06-09 15:58:29 - [MESSAGE][PASSED] - Object: 'Object Repository/DispensaryToStore/Page_Dispensary Store/button_Add' is clicked on

2018-06-09 15:58:29 - [TEST_STEP][PASSED] - selectOptionByIndex: All options with index in [3] are selected on object 'Object Repository/DispensaryToStore/Page_Dispensary Store/select_--Select--Schedule 1Inj'

2018-06-09 15:58:29 - [MESSAGE][PASSED] - All options with index in [3] are selected on object 'Object Repository/DispensaryToStore/Page_Dispensary Store/select_--Select--Schedule 1Inj'

2018-06-09 15:58:29 - [TEST_STEP][PASSED] - selectOptionByIndex: All options with index in [23] are selected on object 'Object Repository/DispensaryToStore/Page_Dispensary Store/select_--Select--Adernaline 0.'

2018-06-09 15:58:30 - [MESSAGE][PASSED] - All options with index in [23] are selected on object 'Object Repository/DispensaryToStore/Page_Dispensary Store/select_--Select--Adernaline 0.'

2018-06-09 15:58:30 - [TEST_STEP][PASSED] - setText: Text '10' is set on object 'Object Repository/DispensaryToStore/Page_Dispensary Store/input_txttreat'

2018-06-09 15:58:30 - [MESSAGE][PASSED] - Text '10' is set on object 'Object Repository/DispensaryToStore/Page_Dispensary Store/input_txttreat'

2018-06-09 15:58:30 - [TEST_STEP][PASSED] - click: Object: 'Object Repository/DispensaryToStore/Page_Dispensary Store/button_Add' is clicked on

2018-06-09 15:58:30 - [MESSAGE][PASSED] - Object: 'Object Repository/DispensaryToStore/Page_Dispensary Store/button_Add' is clicked on

2018-06-09 15:58:30 - [TEST_STEP][PASSED] - selectOptionByIndex: All options with index in [3] are selected on object 'Object Repository/DispensaryToStore/Page_Dispensary Store/select_--Select--Schedule 1Inj'

2018-06-09 15:58:30 - [MESSAGE][PASSED] - All options with index in [3] are selected on object 'Object Repository/DispensaryToStore/Page_Dispensary Store/select_--Select--Schedule 1Inj'

2018-06-09 15:58:30 - [TEST_STEP][PASSED] - selectOptionByIndex: All options with index in [24] are selected on object 'Object Repository/DispensaryToStore/Page_Dispensary Store/select_--Select--Adernaline 0.'

2018-06-09 15:58:31 - [MESSAGE][PASSED] - All options with index in [24] are selected on object 'Object Repository/DispensaryToStore/Page_Dispensary Store/select_--Select--Adernaline 0.'

2018-06-09 15:58:31 - [TEST_STEP][PASSED] - setText: Text '10' is set on object 'Object Repository/DispensaryToStore/Page_Dispensary Store/input_txttreat'

2018-06-09 15:58:31 - [MESSAGE][PASSED] - Text '10' is set on object 'Object Repository/DispensaryToStore/Page_Dispensary Store/input_txttreat'

2018-06-09 15:58:31 - [TEST_STEP][PASSED] - click: Object: 'Object Repository/DispensaryToStore/Page_Dispensary Store/button_Add' is clicked on

2018-06-09 15:58:31 - [MESSAGE][PASSED] - Object: 'Object Repository/DispensaryToStore/Page_Dispensary Store/button_Add' is clicked on

2018-06-09 15:58:31 - [TEST_STEP][PASSED] - selectOptionByIndex: All options with index in [3] are selected on object 'Object Repository/DispensaryToStore/Page_Dispensary Store/select_--Select--Schedule 1Inj'

2018-06-09 15:58:31 - [MESSAGE][PASSED] - All options with index in [3] are selected on object 'Object Repository/DispensaryToStore/Page_Dispensary Store/select_--Select--Schedule 1Inj'

2018-06-09 15:58:31 - [TEST_STEP][PASSED] - selectOptionByIndex: All options with index in [25] are selected on object 'Object Repository/DispensaryToStore/Page_Dispensary Store/select_--Select--Adernaline 0.'

2018-06-09 15:58:31 - [MESSAGE][PASSED] - All options with index in [25] are selected on object 'Object Repository/DispensaryToStore/Page_Dispensary Store/select_--Select--Adernaline 0.'

2018-06-09 15:58:31 - [TEST_STEP][PASSED] - setText: Text '10' is set on object 'Object Repository/DispensaryToStore/Page_Dispensary Store/input_txttreat'

2018-06-09 15:58:31 - [MESSAGE][PASSED] - Text '10' is set on object 'Object Repository/DispensaryToStore/Page_Dispensary Store/input_txttreat'

2018-06-09 15:58:31 - [TEST_STEP][PASSED] - click: Object: 'Object Repository/DispensaryToStore/Page_Dispensary Store/button_Add' is clicked on

2018-06-09 15:58:32 - [MESSAGE][PASSED] - Object: 'Object Repository/DispensaryToStore/Page_Dispensary Store/button_Add' is clicked on

2018-06-09 15:58:32 - [TEST_STEP][PASSED] - selectOptionByIndex: All options with index in [3] are selected on object 'Object Repository/DispensaryToStore/Page_Dispensary Store/select_--Select--Schedule 1Inj'

2018-06-09 15:58:32 - [MESSAGE][PASSED] - All options with index in [3] are selected on object 'Object Repository/DispensaryToStore/Page_Dispensary Store/select_--Select--Schedule 1Inj'

2018-06-09 15:58:32 - [TEST_STEP][PASSED] - selectOptionByIndex: All options with index in [26] are selected on object 'Object Repository/DispensaryToStore/Page_Dispensary Store/select_--Select--Adernaline 0.'

2018-06-09 15:58:32 - [MESSAGE][PASSED] - All options with index in [26] are selected on object 'Object Repository/DispensaryToStore/Page_Dispensary Store/select_--Select--Adernaline 0.'

2018-06-09 15:58:32 - [TEST_STEP][PASSED] - setText: Text '10' is set on object 'Object Repository/DispensaryToStore/Page_Dispensary Store/input_txttreat'

2018-06-09 15:58:32 - [MESSAGE][PASSED] - Text '10' is set on object 'Object Repository/DispensaryToStore/Page_Dispensary Store/input_txttreat'

2018-06-09 15:58:32 - [TEST_STEP][PASSED] - click: Object: 'Object Repository/DispensaryToStore/Page_Dispensary Store/button_Add' is clicked on

2018-06-09 15:58:32 - [MESSAGE][PASSED] - Object: 'Object Repository/DispensaryToStore/Page_Dispensary Store/button_Add' is clicked on

2018-06-09 15:58:32 - [TEST_STEP][PASSED] - selectOptionByIndex: All options with index in [3] are selected on object 'Object Repository/DispensaryToStore/Page_Dispensary Store/select_--Select--Schedule 1Inj'

2018-06-09 15:58:32 - [MESSAGE][PASSED] - All options with index in [3] are selected on object 'Object Repository/DispensaryToStore/Page_Dispensary Store/select_--Select--Schedule 1Inj'

2018-06-09 15:58:32 - [TEST_STEP][PASSED] - selectOptionByIndex: All options with index in [27] are selected on object 'Object Repository/DispensaryToStore/Page_Dispensary Store/select_--Select--Adernaline 0.'

2018-06-09 15:58:33 - [MESSAGE][PASSED] - All options with index in [27] are selected on object 'Object Repository/DispensaryToStore/Page_Dispensary Store/select_--Select--Adernaline 0.'

2018-06-09 15:58:33 - [TEST_STEP][PASSED] - setText: Text '10' is set on object 'Object Repository/DispensaryToStore/Page_Dispensary Store/input_txttreat'

2018-06-09 15:58:33 - [MESSAGE][PASSED] - Text '10' is set on object 'Object Repository/DispensaryToStore/Page_Dispensary Store/input_txttreat'

2018-06-09 15:58:33 - [TEST_STEP][PASSED] - click: Object: 'Object Repository/DispensaryToStore/Page_Dispensary Store/button_Add' is clicked on

2018-06-09 15:58:33 - [MESSAGE][PASSED] - Object: 'Object Repository/DispensaryToStore/Page_Dispensary Store/button_Add' is clicked on

2018-06-09 15:58:33 - [TEST_STEP][PASSED] - selectOptionByIndex: All options with index in [3] are selected on object 'Object Repository/DispensaryToStore/Page_Dispensary Store/select_--Select--Schedule 1Inj'

2018-06-09 15:58:33 - [MESSAGE][PASSED] - All options with index in [3] are selected on object 'Object Repository/DispensaryToStore/Page_Dispensary Store/select_--Select--Schedule 1Inj'

2018-06-09 15:58:33 - [TEST_STEP][PASSED] - selectOptionByIndex: All options with index in [28] are selected on object 'Object Repository/DispensaryToStore/Page_Dispensary Store/select_--Select--Adernaline 0.'

2018-06-09 15:58:34 - [MESSAGE][PASSED] - All options with index in [28] are selected on object 'Object Repository/DispensaryToStore/Page_Dispensary Store/select_--Select--Adernaline 0.'

2018-06-09 15:58:34 - [TEST_STEP][PASSED] - setText: Text '10' is set on object 'Object Repository/DispensaryToStore/Page_Dispensary Store/input_txttreat'

2018-06-09 15:58:34 - [MESSAGE][PASSED] - Text '10' is set on object 'Object Repository/DispensaryToStore/Page_Dispensary Store/input_txttreat'

2018-06-09 15:58:34 - [TEST_STEP][PASSED] - click: Object: 'Object Repository/DispensaryToStore/Page_Dispensary Store/button_Add' is clicked on

2018-06-09 15:58:34 - [MESSAGE][PASSED] - Object: 'Object Repository/DispensaryToStore/Page_Dispensary Store/button_Add' is clicked on

2018-06-09 15:58:34 - [TEST_STEP][PASSED] - selectOptionByIndex: All options with index in [3] are selected on object 'Object Repository/DispensaryToStore/Page_Dispensary Store/select_--Select--Schedule 1Inj'

2018-06-09 15:58:34 - [MESSAGE][PASSED] - All options with index in [3] are selected on object 'Object Repository/DispensaryToStore/Page_Dispensary Store/select_--Select--Schedule 1Inj'

2018-06-09 15:58:34 - [TEST_STEP][PASSED] - selectOptionByIndex: All options with index in [29] are selected on object 'Object Repository/DispensaryToStore/Page_Dispensary Store/select_--Select--Adernaline 0.'

2018-06-09 15:58:35 - [MESSAGE][PASSED] - All options with index in [29] are selected on object 'Object Repository/DispensaryToStore/Page_Dispensary Store/select_--Select--Adernaline 0.'

2018-06-09 15:58:35 - [TEST_STEP][PASSED] - setText: Text '10' is set on object 'Object Repository/DispensaryToStore/Page_Dispensary Store/input_txttreat'

2018-06-09 15:58:35 - [MESSAGE][PASSED] - Text '10' is set on object 'Object Repository/DispensaryToStore/Page_Dispensary Store/input_txttreat'

2018-06-09 15:58:35 - [TEST_STEP][PASSED] - click: Object: 'Object Repository/DispensaryToStore/Page_Dispensary Store/button_Add' is clicked on

2018-06-09 15:58:35 - [MESSAGE][PASSED] - Object: 'Object Repository/DispensaryToStore/Page_Dispensary Store/button_Add' is clicked on

2018-06-09 15:58:35 - [TEST_STEP][PASSED] - selectOptionByIndex: All options with index in [3] are selected on object 'Object Repository/DispensaryToStore/Page_Dispensary Store/select_--Select--Schedule 1Inj'

2018-06-09 15:58:35 - [MESSAGE][PASSED] - All options with index in [3] are selected on object 'Object Repository/DispensaryToStore/Page_Dispensary Store/select_--Select--Schedule 1Inj'

2018-06-09 15:58:35 - [TEST_STEP][PASSED] - selectOptionByIndex: All options with index in [30] are selected on object 'Object Repository/DispensaryToStore/Page_Dispensary Store/select_--Select--Adernaline 0.'

2018-06-09 15:58:35 - [MESSAGE][PASSED] - All options with index in [30] are selected on object 'Object Repository/DispensaryToStore/Page_Dispensary Store/select_--Select--Adernaline 0.'

2018-06-09 15:58:35 - [TEST_STEP][PASSED] - setText: Text '10' is set on object 'Object Repository/DispensaryToStore/Page_Dispensary Store/input_txttreat'

2018-06-09 15:58:35 - [MESSAGE][PASSED] - Text '10' is set on object 'Object Repository/DispensaryToStore/Page_Dispensary Store/input_txttreat'

2018-06-09 15:58:35 - [TEST_STEP][PASSED] - click: Object: 'Object Repository/DispensaryToStore/Page_Dispensary Store/button_Add' is clicked on

2018-06-09 15:58:36 - [MESSAGE][PASSED] - Object: 'Object Repository/DispensaryToStore/Page_Dispensary Store/button_Add' is clicked on

2018-06-09 15:58:36 - [TEST_STEP][PASSED] - selectOptionByIndex: All options with index in [3] are selected on object 'Object Repository/DispensaryToStore/Page_Dispensary Store/select_--Select--Schedule 1Inj'

2018-06-09 15:58:36 - [MESSAGE][PASSED] - All options with index in [3] are selected on object 'Object Repository/DispensaryToStore/Page_Dispensary Store/select_--Select--Schedule 1Inj'

2018-06-09 15:58:36 - [TEST_STEP][PASSED] - selectOptionByIndex: All options with index in [31] are selected on object 'Object Repository/DispensaryToStore/Page_Dispensary Store/select_--Select--Adernaline 0.'

2018-06-09 15:58:36 - [MESSAGE][PASSED] - All options with index in [31] are selected on object 'Object Repository/DispensaryToStore/Page_Dispensary Store/select_--Select--Adernaline 0.'

2018-06-09 15:58:36 - [TEST_STEP][PASSED] - setText: Text '10' is set on object 'Object Repository/DispensaryToStore/Page_Dispensary Store/input_txttreat'

2018-06-09 15:58:36 - [MESSAGE][PASSED] - Text '10' is set on object 'Object Repository/DispensaryToStore/Page_Dispensary Store/input_txttreat'

2018-06-09 15:58:36 - [TEST_STEP][PASSED] - click: Object: 'Object Repository/DispensaryToStore/Page_Dispensary Store/button_Add' is clicked on

2018-06-09 15:58:36 - [MESSAGE][PASSED] - Object: 'Object Repository/DispensaryToStore/Page_Dispensary Store/button_Add' is clicked on

2018-06-09 15:58:36 - [TEST_STEP][PASSED] - selectOptionByIndex: All options with index in [3] are selected on object 'Object Repository/DispensaryToStore/Page_Dispensary Store/select_--Select--Schedule 1Inj'

2018-06-09 15:58:37 - [MESSAGE][PASSED] - All options with index in [3] are selected on object 'Object Repository/DispensaryToStore/Page_Dispensary Store/select_--Select--Schedule 1Inj'

2018-06-09 15:58:37 - [TEST_STEP][PASSED] - selectOptionByIndex: All options with index in [32] are selected on object 'Object Repository/DispensaryToStore/Page_Dispensary Store/select_--Select--Adernaline 0.'

2018-06-09 15:58:37 - [MESSAGE][PASSED] - All options with index in [32] are selected on object 'Object Repository/DispensaryToStore/Page_Dispensary Store/select_--Select--Adernaline 0.'

2018-06-09 15:58:37 - [TEST_STEP][PASSED] - setText: Text '10' is set on object 'Object Repository/DispensaryToStore/Page_Dispensary Store/input_txttreat'

2018-06-09 15:58:37 - [MESSAGE][PASSED] - Text '10' is set on object 'Object Repository/DispensaryToStore/Page_Dispensary Store/input_txttreat'

2018-06-09 15:58:37 - [TEST_STEP][PASSED] - click: Object: 'Object Repository/DispensaryToStore/Page_Dispensary Store/button_Add' is clicked on

2018-06-09 15:58:37 - [MESSAGE][PASSED] - Object: 'Object Repository/DispensaryToStore/Page_Dispensary Store/button_Add' is clicked on

2018-06-09 15:58:37 - [TEST_STEP][PASSED] - selectOptionByIndex: All options with index in [3] are selected on object 'Object Repository/DispensaryToStore/Page_Dispensary Store/select_--Select--Schedule 1Inj'

2018-06-09 15:58:37 - [MESSAGE][PASSED] - All options with index in [3] are selected on object 'Object Repository/DispensaryToStore/Page_Dispensary Store/select_--Select--Schedule 1Inj'

2018-06-09 15:58:37 - [TEST_STEP][PASSED] - selectOptionByIndex: All options with index in [33] are selected on object 'Object Repository/DispensaryToStore/Page_Dispensary Store/select_--Select--Adernaline 0.'

2018-06-09 15:58:38 - [MESSAGE][PASSED] - All options with index in [33] are selected on object 'Object Repository/DispensaryToStore/Page_Dispensary Store/select_--Select--Adernaline 0.'

2018-06-09 15:58:38 - [TEST_STEP][PASSED] - setText: Text '10' is set on object 'Object Repository/DispensaryToStore/Page_Dispensary Store/input_txttreat'

2018-06-09 15:58:38 - [MESSAGE][PASSED] - Text '10' is set on object 'Object Repository/DispensaryToStore/Page_Dispensary Store/input_txttreat'

2018-06-09 15:58:38 - [TEST_STEP][PASSED] - click: Object: 'Object Repository/DispensaryToStore/Page_Dispensary Store/button_Add' is clicked on

2018-06-09 15:58:38 - [MESSAGE][PASSED] - Object: 'Object Repository/DispensaryToStore/Page_Dispensary Store/button_Add' is clicked on

2018-06-09 15:58:38 - [TEST_STEP][PASSED] - selectOptionByIndex: All options with index in [3] are selected on object 'Object Repository/DispensaryToStore/Page_Dispensary Store/select_--Select--Schedule 1Inj'

2018-06-09 15:58:38 - [MESSAGE][PASSED] - All options with index in [3] are selected on object 'Object Repository/DispensaryToStore/Page_Dispensary Store/select_--Select--Schedule 1Inj'

2018-06-09 15:58:38 - [TEST_STEP][PASSED] - selectOptionByIndex: All options with index in [34] are selected on object 'Object Repository/DispensaryToStore/Page_Dispensary Store/select_--Select--Adernaline 0.'

2018-06-09 15:58:39 - [MESSAGE][PASSED] - All options with index in [34] are selected on object 'Object Repository/DispensaryToStore/Page_Dispensary Store/select_--Select--Adernaline 0.'

2018-06-09 15:58:39 - [TEST_STEP][PASSED] - setText: Text '10' is set on object 'Object Repository/DispensaryToStore/Page_Dispensary Store/input_txttreat'

2018-06-09 15:58:39 - [MESSAGE][PASSED] - Text '10' is set on object 'Object Repository/DispensaryToStore/Page_Dispensary Store/input_txttreat'

2018-06-09 15:58:39 - [TEST_STEP][PASSED] - click: Object: 'Object Repository/DispensaryToStore/Page_Dispensary Store/button_Add' is clicked on

2018-06-09 15:58:39 - [MESSAGE][PASSED] - Object: 'Object Repository/DispensaryToStore/Page_Dispensary Store/button_Add' is clicked on

2018-06-09 15:58:39 - [TEST_STEP][PASSED] - selectOptionByIndex: All options with index in [3] are selected on object 'Object Repository/DispensaryToStore/Page_Dispensary Store/select_--Select--Schedule 1Inj'

2018-06-09 15:58:39 - [MESSAGE][PASSED] - All options with index in [3] are selected on object 'Object Repository/DispensaryToStore/Page_Dispensary Store/select_--Select--Schedule 1Inj'

2018-06-09 15:58:39 - [TEST_STEP][PASSED] - selectOptionByIndex: All options with index in [35] are selected on object 'Object Repository/DispensaryToStore/Page_Dispensary Store/select_--Select--Adernaline 0.'

2018-06-09 15:58:40 - [MESSAGE][PASSED] - All options with index in [35] are selected on object 'Object Repository/DispensaryToStore/Page_Dispensary Store/select_--Select--Adernaline 0.'

2018-06-09 15:58:40 - [TEST_STEP][PASSED] - setText: Text '10' is set on object 'Object Repository/DispensaryToStore/Page_Dispensary Store/input_txttreat'

2018-06-09 15:58:40 - [MESSAGE][PASSED] - Text '10' is set on object 'Object Repository/DispensaryToStore/Page_Dispensary Store/input_txttreat'

2018-06-09 15:58:40 - [TEST_STEP][PASSED] - click: Object: 'Object Repository/DispensaryToStore/Page_Dispensary Store/button_Add' is clicked on

2018-06-09 15:58:40 - [MESSAGE][PASSED] - Object: 'Object Repository/DispensaryToStore/Page_Dispensary Store/button_Add' is clicked on

2018-06-09 15:58:40 - [TEST_STEP][PASSED] - selectOptionByIndex: All options with index in [3] are selected on object 'Object Repository/DispensaryToStore/Page_Dispensary Store/select_--Select--Schedule 1Inj'

2018-06-09 15:58:40 - [MESSAGE][PASSED] - All options with index in [3] are selected on object 'Object Repository/DispensaryToStore/Page_Dispensary Store/select_--Select--Schedule 1Inj'

2018-06-09 15:58:40 - [TEST_STEP][PASSED] - selectOptionByIndex: All options with index in [36] are selected on object 'Object Repository/DispensaryToStore/Page_Dispensary Store/select_--Select--Adernaline 0.'

2018-06-09 15:58:41 - [MESSAGE][PASSED] - All options with index in [36] are selected on object 'Object Repository/DispensaryToStore/Page_Dispensary Store/select_--Select--Adernaline 0.'

2018-06-09 15:58:41 - [TEST_STEP][PASSED] - setText: Text '10' is set on object 'Object Repository/DispensaryToStore/Page_Dispensary Store/input_txttreat'

2018-06-09 15:58:41 - [MESSAGE][PASSED] - Text '10' is set on object 'Object Repository/DispensaryToStore/Page_Dispensary Store/input_txttreat'

2018-06-09 15:58:41 - [TEST_STEP][PASSED] - click: Object: 'Object Repository/DispensaryToStore/Page_Dispensary Store/button_Add' is clicked on

2018-06-09 15:58:41 - [MESSAGE][PASSED] - Object: 'Object Repository/DispensaryToStore/Page_Dispensary Store/button_Add' is clicked on

2018-06-09 15:58:41 - [TEST_STEP][PASSED] - scrollToElement: Scroll to object 'Object Repository/DispensaryToStore/Page_Dispensary Store/input_btnsave' successfully

2018-06-09 15:58:41 - [MESSAGE][PASSED] - Scroll to object 'Object Repository/DispensaryToStore/Page_Dispensary Store/input_btnsave' successfully

2018-06-09 15:58:41 - [TEST_STEP][PASSED] - click: Object: 'Object Repository/DispensaryToStore/Page_Dispensary Store/input_btnsave' is clicked on

2018-06-09 15:58:41 - [MESSAGE][PASSED] - Object: 'Object Repository/DispensaryToStore/Page_Dispensary Store/input_btnsave' is clicked on

2018-06-09 15:58:41 - [TEST_STEP][PASSED] - delay: Delayed 3 second(s)

2018-06-09 15:58:44 - [MESSAGE][PASSED] - Delayed 3 second(s)

2018-06-09 15:58:44 - [TEST_STEP][PASSED] - Statement - RN1 = com.kms.katalon.core.webui.keyword.WebUiBuiltInKeywords.getText(com.kms.katalon.core.testobject.ObjectRepository.findTestObject(DispensaryToStore/Page_Dispensary Store/font_HPRNO180520187)): Text of object 'Object Repository/DispensaryToStore/Page_Dispensary Store/font_HPRNO180520187' is: 'DPRNO/09062018/200'

2018-06-09 15:58:44 - [MESSAGE][PASSED] - Text of object 'Object Repository/DispensaryToStore/Page_Dispensary Store/font_HPRNO180520187' is: 'DPRNO/09062018/200'

2018-06-09 15:58:44 - [TEST_STEP][PASSED] - Statement - out.println(RN1): null

2018-06-09 15:58:44 - [TEST_STEP][PASSED] - Statement - RID = RN1.split("/")[2]: null

2018-06-09 15:58:44 - [TEST_STEP][PASSED] - click: Object: 'Object Repository/DispensaryToStore/Page_Dispensary Store/button_OK' is clicked on

2018-06-09 15:58:45 - [MESSAGE][PASSED] - Object: 'Object Repository/DispensaryToStore/Page_Dispensary Store/button_OK' is clicked on

2018-06-09 15:58:45 - [TEST_STEP][PASSED] - delay: Delayed 3 second(s)

2018-06-09 15:58:48 - [MESSAGE][PASSED] - Delayed 3 second(s)

2018-06-09 15:58:48 - [TEST_STEP][PASSED] - waitForElementPresent: Object 'Object Repository/DispensaryToStore/Page_Dispensary Store/a_dropdown-toggle' is present

2018-06-09 15:58:48 - [MESSAGE][PASSED] - Object 'Object Repository/DispensaryToStore/Page_Dispensary Store/a_dropdown-toggle' is present

2018-06-09 15:58:48 - [TEST_STEP][PASSED] - click: Object: 'Object Repository/DispensaryToStore/Page_Dispensary Store/a_dropdown-toggle' is clicked on

2018-06-09 15:58:48 - [MESSAGE][PASSED] - Object: 'Object Repository/DispensaryToStore/Page_Dispensary Store/a_dropdown-toggle' is clicked on

2018-06-09 15:58:48 - [TEST_STEP][PASSED] - click: Object: 'Object Repository/DispensaryToStore/Page_Dispensary Store/a_Sign out' is clicked on

2018-06-09 15:58:49 - [MESSAGE][PASSED] - Object: 'Object Repository/DispensaryToStore/Page_Dispensary Store/a_Sign out' is clicked on

2018-06-09 15:58:49 - [TEST_STEP][PASSED] - delay: Delayed 3 second(s)

2018-06-09 15:58:52 - [MESSAGE][PASSED] - Delayed 3 second(s)

2018-06-09 15:58:52 - [TEST_STEP][PASSED] - navigateToUrl: Navigate to 'http://192.168.137.1/multihospital_new/' successfully

2018-06-09 15:58:52 - [MESSAGE][PASSED] - Navigate to 'http://192.168.137.1/multihospital_new/' successfully

2018-06-09 15:58:52 - [TEST_STEP][PASSED] - click: Object: 'Object Repository/DispensaryToStore/Page_KDMC/a_CMO' is clicked on

2018-06-09 15:58:53 - [MESSAGE][PASSED] - Object: 'Object Repository/DispensaryToStore/Page_KDMC/a_CMO' is clicked on

2018-06-09 15:58:53 - [TEST_STEP][PASSED] - setText: Text 'guru' is set on object 'Object Repository/DispensaryToStore/Page_CMO login/input_txtusername'

2018-06-09 15:58:53 - [MESSAGE][PASSED] - Text 'guru' is set on object 'Object Repository/DispensaryToStore/Page_CMO login/input_txtusername'

2018-06-09 15:58:53 - [TEST_STEP][PASSED] - setText: Text '123' is set on object 'Object Repository/DispensaryToStore/Page_CMO login/input_txtpassword'

2018-06-09 15:58:53 - [MESSAGE][PASSED] - Text '123' is set on object 'Object Repository/DispensaryToStore/Page_CMO login/input_txtpassword'

2018-06-09 15:58:53 - [TEST_STEP][PASSED] - delay: Delayed 3 second(s)

2018-06-09 15:58:56 - [MESSAGE][PASSED] - Delayed 3 second(s)

2018-06-09 15:58:56 - [TEST_STEP][PASSED] - click: Object: 'Object Repository/DispensaryToStore/Page_CMO login/button_Sign in' is clicked on

2018-06-09 15:58:57 - [MESSAGE][PASSED] - Object: 'Object Repository/DispensaryToStore/Page_CMO login/button_Sign in' is clicked on

2018-06-09 15:58:57 - [TEST_STEP][PASSED] - click: Object: 'Object Repository/DispensaryToStore/Page_KDMC - CMO/a_Department Wise Request' is clicked on

2018-06-09 15:58:59 - [MESSAGE][PASSED] - Object: 'Object Repository/DispensaryToStore/Page_KDMC - CMO/a_Department Wise Request' is clicked on

2018-06-09 15:58:59 - [TEST_STEP][PASSED] - delay: Delayed 2 second(s)

2018-06-09 15:59:01 - [MESSAGE][PASSED] - Delayed 2 second(s)

2018-06-09 15:59:01 - [TEST_STEP][PASSED] - selectOptionByIndex: All options with index in [6] are selected on object 'Object Repository/DispensaryToStore/Page_KDMC - CMO/select_--ALL--'

2018-06-09 15:59:02 - [MESSAGE][PASSED] - All options with index in [6] are selected on object 'Object Repository/DispensaryToStore/Page_KDMC - CMO/select_--ALL--'

2018-06-09 15:59:02 - [TEST_STEP][PASSED] - click: Object: 'Object Repository/DispensaryToStore/Page_KDMC - CMO/input_btnsearch' is clicked on

2018-06-09 15:59:02 - [MESSAGE][PASSED] - Object: 'Object Repository/DispensaryToStore/Page_KDMC - CMO/input_btnsearch' is clicked on

2018-06-09 15:59:02 - [TEST_STEP][PASSED] - selectOptionByIndex: All options with index in [1] are selected on object 'Object Repository/DispensaryToStore/Page_KDMC - CMO/select_--ALL--                _1'

2018-06-09 15:59:02 - [MESSAGE][PASSED] - All options with index in [1] are selected on object 'Object Repository/DispensaryToStore/Page_KDMC - CMO/select_--ALL--                _1'

2018-06-09 15:59:02 - [TEST_STEP][PASSED] - click: Object: 'Object Repository/DispensaryToStore/Page_KDMC - CMO/input_btnsearch' is clicked on

2018-06-09 15:59:02 - [MESSAGE][PASSED] - Object: 'Object Repository/DispensaryToStore/Page_KDMC - CMO/input_btnsearch' is clicked on

2018-06-09 15:59:02 - [TEST_STEP][PASSED] - Statement - ID = com.kms.katalon.core.webui.keyword.WebUiBuiltInKeywords.modifyObjectProperty(com.kms.katalon.core.testobject.ObjectRepository.findTestObject(lab/Page_KDMC - CMO/input_1), "xpath", "equals", "//*[@id=" + RID + "]", true): Modify property of object successfully

2018-06-09 15:59:02 - [MESSAGE][PASSED] - Modify property of object successfully

2018-06-09 15:59:02 - [TEST_STEP][PASSED] - click: Object: 'Object Repository/lab/Page_KDMC - CMO/input_1' is clicked on

2018-06-09 15:59:02 - [MESSAGE][PASSED] - Object: 'Object Repository/lab/Page_KDMC - CMO/input_1' is clicked on

2018-06-09 15:59:02 - [TEST_STEP][PASSED] - delay: Delayed 2 second(s)

2018-06-09 15:59:04 - [MESSAGE][PASSED] - Delayed 2 second(s)

2018-06-09 15:59:04 - [TEST_STEP][PASSED] - selectOptionByIndex: All options with index in [1] are selected on object 'Object Repository/DispensaryToStore/Page_KDMC - CMO/select_--Select--'

2018-06-09 15:59:04 - [MESSAGE][PASSED] - All options with index in [1] are selected on object 'Object Repository/DispensaryToStore/Page_KDMC - CMO/select_--Select--'

2018-06-09 15:59:04 - [TEST_STEP][PASSED] - click: Object: 'Object Repository/DispensaryToStore/Page_KDMC - CMO/input_btnupdate' is clicked on

2018-06-09 15:59:04 - [MESSAGE][PASSED] - Object: 'Object Repository/DispensaryToStore/Page_KDMC - CMO/input_btnupdate' is clicked on

2018-06-09 15:59:04 - [TEST_STEP][PASSED] - delay: Delayed 2 second(s)

2018-06-09 15:59:06 - [MESSAGE][PASSED] - Delayed 2 second(s)

2018-06-09 15:59:06 - [TEST_STEP][PASSED] - click: Object: 'Object Repository/DispensaryToStore/Page_KDMC - CMO/button_OK' is clicked on

2018-06-09 15:59:07 - [MESSAGE][PASSED] - Object: 'Object Repository/DispensaryToStore/Page_KDMC - CMO/button_OK' is clicked on

2018-06-09 15:59:07 - [TEST_STEP][PASSED] - delay: Delayed 2 second(s)

2018-06-09 15:59:09 - [MESSAGE][PASSED] - Delayed 2 second(s)

2018-06-09 15:59:09 - [TEST_STEP][PASSED] - waitForElementPresent: Object 'Object Repository/DispensaryToStore/Page_Dispensary Store/a_dropdown-toggle' is not present after 20 second(s)

2018-06-09 15:59:30 - [MESSAGE][WARNING] - Object 'Object Repository/DispensaryToStore/Page_Dispensary Store/a_dropdown-toggle' is not present after 20 second(s)

2018-06-09 15:59:30 - [TEST_STEP][PASSED] - click: Object: 'Object Repository/DispensaryToStore/Page_KDMC - CMO/a_dropdown-toggle' is clicked on

2018-06-09 15:59:30 - [MESSAGE][PASSED] - Object: 'Object Repository/DispensaryToStore/Page_KDMC - CMO/a_dropdown-toggle' is clicked on

2018-06-09 15:59:30 - [TEST_STEP][PASSED] - click: Object: 'Object Repository/DispensaryToStore/Page_KDMC - CMO/a_Sign out' is clicked on

2018-06-09 15:59:30 - [MESSAGE][PASSED] - Object: 'Object Repository/DispensaryToStore/Page_KDMC - CMO/a_Sign out' is clicked on

2018-06-09 15:59:30 - [TEST_STEP][PASSED] - delay: Delayed 3 second(s)

2018-06-09 15:59:33 - [MESSAGE][PASSED] - Delayed 3 second(s)

2018-06-09 15:59:33 - [TEST_STEP][PASSED] - click: Object: 'Object Repository/DispensaryToStore/Page_KDMC/a_Divisional Store' is clicked on

2018-06-09 15:59:38 - [MESSAGE][PASSED] - Object: 'Object Repository/DispensaryToStore/Page_KDMC/a_Divisional Store' is clicked on

2018-06-09 15:59:38 - [TEST_STEP][PASSED] - setText: Text 'ragu' is set on object 'Object Repository/DispensaryToStore/Page_Divisonal Store Login/input_txtusername'

2018-06-09 15:59:38 - [MESSAGE][PASSED] - Text 'ragu' is set on object 'Object Repository/DispensaryToStore/Page_Divisonal Store Login/input_txtusername'

2018-06-09 15:59:38 - [TEST_STEP][PASSED] - setText: Text '123' is set on object 'Object Repository/DispensaryToStore/Page_Divisonal Store Login/input_txtpassword'

2018-06-09 15:59:38 - [MESSAGE][PASSED] - Text '123' is set on object 'Object Repository/DispensaryToStore/Page_Divisonal Store Login/input_txtpassword'

2018-06-09 15:59:38 - [TEST_STEP][PASSED] - delay: Delayed 3 second(s)

2018-06-09 15:59:41 - [MESSAGE][PASSED] - Delayed 3 second(s)

2018-06-09 15:59:41 - [TEST_STEP][PASSED] - click: Object: 'Object Repository/DispensaryToStore/Page_Divisonal Store Login/button_Sign in' is clicked on

2018-06-09 15:59:43 - [MESSAGE][PASSED] - Object: 'Object Repository/DispensaryToStore/Page_Divisonal Store Login/button_Sign in' is clicked on

2018-06-09 15:59:43 - [TEST_STEP][PASSED] - delay: Delayed 3 second(s)

2018-06-09 15:59:46 - [MESSAGE][PASSED] - Delayed 3 second(s)

2018-06-09 15:59:46 - [TEST_STEP][PASSED] - scrollToPosition: Browser is scrolled to position x = 100, y = 100

2018-06-09 15:59:46 - [MESSAGE][PASSED] - Browser is scrolled to position x = 100, y = 100

2018-06-09 15:59:46 - [TEST_STEP][PASSED] - click: Object: 'Object Repository/DispensaryToStore/Page_Store/a_Dispensary Request' is clicked on

2018-06-09 15:59:47 - [MESSAGE][PASSED] - Object: 'Object Repository/DispensaryToStore/Page_Store/a_Dispensary Request' is clicked on

2018-06-09 15:59:47 - [TEST_STEP][PASSED] - delay: Delayed 2 second(s)

2018-06-09 15:59:49 - [MESSAGE][PASSED] - Delayed 2 second(s)

2018-06-09 15:59:49 - [TEST_STEP][PASSED] - click: Object: 'Object Repository/DispensaryToStore/Page_Store/a_Request Item Dispensary' is clicked on

2018-06-09 15:59:50 - [MESSAGE][PASSED] - Object: 'Object Repository/DispensaryToStore/Page_Store/a_Request Item Dispensary' is clicked on

2018-06-09 15:59:50 - [TEST_STEP][PASSED] - Statement - ChooseRequest = com.kms.katalon.core.webui.keyword.WebUiBuiltInKeywords.modifyObjectProperty(com.kms.katalon.core.testobject.ObjectRepository.findTestObject(lab/Page_Store/input_1), "xpath", "equals", "//*[@id=" + RID + "]", true): Modify property of object successfully

2018-06-09 15:59:50 - [MESSAGE][PASSED] - Modify property of object successfully

2018-06-09 15:59:50 - [TEST_STEP][PASSED] - click: Object: 'Object Repository/lab/Page_Store/input_1' is clicked on

2018-06-09 15:59:51 - [MESSAGE][PASSED] - Object: 'Object Repository/lab/Page_Store/input_1' is clicked on

2018-06-09 15:59:51 - [TEST_STEP][PASSED] - Statement - selectedoptions = com.kms.katalon.core.webui.keyword.WebUiBuiltInKeywords.getNumberOfTotalOption(com.kms.katalon.core.testobject.ObjectRepository.findTestObject(DispensaryToStore/Page_Store/select_--Select--Adernaline 0.)): 37 options of object 'Object Repository/DispensaryToStore/Page_Store/select_--Select--Adernaline 0.' counted

2018-06-09 15:59:51 - [MESSAGE][PASSED] - 37 options of object 'Object Repository/DispensaryToStore/Page_Store/select_--Select--Adernaline 0.' counted

2018-06-09 15:59:51 - [TEST_STEP][PASSED] - Statement - For ([a = 1, a <= selectedoptions - 1, (a++)]): null

2018-06-09 15:59:51 - [TEST_STEP][PASSED] - selectOptionByIndex: All options with index in [1] are selected on object 'Object Repository/DispensaryToStore/Page_Store/select_--Select--Adernaline 0.'

2018-06-09 15:59:51 - [MESSAGE][PASSED] - All options with index in [1] are selected on object 'Object Repository/DispensaryToStore/Page_Store/select_--Select--Adernaline 0.'

2018-06-09 15:59:51 - [TEST_STEP][PASSED] - delay: Delayed 2 second(s)

2018-06-09 15:59:53 - [MESSAGE][PASSED] - Delayed 2 second(s)

2018-06-09 15:59:53 - [TEST_STEP][PASSED] - Statement - RequestedQty = com.kms.katalon.core.webui.keyword.WebUiBuiltInKeywords.getAttribute(com.kms.katalon.core.testobject.ObjectRepository.findTestObject(DispensaryToStore/Page_Store/input_txttotal), "value"): Attribute 'value' of object 'Object Repository/DispensaryToStore/Page_Store/input_txttotal' is: '10'

2018-06-09 15:59:53 - [MESSAGE][PASSED] - Attribute 'value' of object 'Object Repository/DispensaryToStore/Page_Store/input_txttotal' is: '10'

2018-06-09 15:59:53 - [TEST_STEP][PASSED] - Statement - out.println("Requested QTY : " + RequestedQty): null

2018-06-09 15:59:53 - [TEST_STEP][PASSED] - Statement - BatchNumber = com.kms.katalon.core.webui.keyword.WebUiBuiltInKeywords.getNumberOfTotalOption(com.kms.katalon.core.testobject.ObjectRepository.findTestObject(DispensaryToStore/Page_Store/select_--Select--BA1170BA2376B)): 5 options of object 'Object Repository/DispensaryToStore/Page_Store/select_--Select--BA1170BA2376B' counted

2018-06-09 15:59:53 - [MESSAGE][PASSED] - 5 options of object 'Object Repository/DispensaryToStore/Page_Store/select_--Select--BA1170BA2376B' counted

2018-06-09 15:59:53 - [TEST_STEP][PASSED] - Statement - For ([g = 1, g <= BatchNumber - 1, (g++)]): null

2018-06-09 15:59:53 - [TEST_STEP][PASSED] - selectOptionByIndex: All options with index in [1] are selected on object 'Object Repository/DispensaryToStore/Page_Store/select_--Select--BA1170BA2376B'

2018-06-09 15:59:54 - [MESSAGE][PASSED] - All options with index in [1] are selected on object 'Object Repository/DispensaryToStore/Page_Store/select_--Select--BA1170BA2376B'

2018-06-09 15:59:54 - [TEST_STEP][PASSED] - Statement - Try: null

2018-06-09 15:59:54 - [TEST_STEP][PASSED] - Statement - StockQty = com.kms.katalon.core.webui.keyword.WebUiBuiltInKeywords.getAttribute(com.kms.katalon.core.testobject.ObjectRepository.findTestObject(DispensaryToStore/Page_Store/input_txtprice), "value"): Attribute 'value' of object 'Object Repository/DispensaryToStore/Page_Store/input_txtprice' is: '340'

2018-06-09 15:59:54 - [MESSAGE][PASSED] - Attribute 'value' of object 'Object Repository/DispensaryToStore/Page_Store/input_txtprice' is: '340'

2018-06-09 15:59:54 - [TEST_STEP][PASSED] - Statement - out.println("Stock QTY : " + StockQty): null

2018-06-09 15:59:54 - [TEST_STEP][PASSED] - delay: Delayed 2 second(s)

2018-06-09 15:59:56 - [MESSAGE][PASSED] - Delayed 2 second(s)

2018-06-09 15:59:56 - [TEST_STEP][PASSED] - Statement - If (java.lang.String.valueOf(StockQty) >= java.lang.String.valueOf(RequestedQty)): null

2018-06-09 15:59:56 - [TEST_STEP][PASSED] - setText: Text '10' is set on object 'Object Repository/DispensaryToStore/Page_Store/input_txtqty'

2018-06-09 15:59:56 - [MESSAGE][PASSED] - Text '10' is set on object 'Object Repository/DispensaryToStore/Page_Store/input_txtqty'

2018-06-09 15:59:56 - [TEST_STEP][PASSED] - click: Object: 'Object Repository/DispensaryToStore/Page_Store/button_Add' is clicked on

2018-06-09 15:59:56 - [MESSAGE][PASSED] - Object: 'Object Repository/DispensaryToStore/Page_Store/button_Add' is clicked on

2018-06-09 15:59:56 - [TEST_STEP][PASSED] - Statement - Break: null

2018-06-09 15:59:56 - [TEST_STEP][PASSED] - selectOptionByIndex: All options with index in [2] are selected on object 'Object Repository/DispensaryToStore/Page_Store/select_--Select--Adernaline 0.'

2018-06-09 15:59:56 - [MESSAGE][PASSED] - All options with index in [2] are selected on object 'Object Repository/DispensaryToStore/Page_Store/select_--Select--Adernaline 0.'

2018-06-09 15:59:56 - [TEST_STEP][PASSED] - delay: Delayed 2 second(s)

2018-06-09 15:59:58 - [MESSAGE][PASSED] - Delayed 2 second(s)

2018-06-09 15:59:58 - [TEST_STEP][PASSED] - Statement - RequestedQty = com.kms.katalon.core.webui.keyword.WebUiBuiltInKeywords.getAttribute(com.kms.katalon.core.testobject.ObjectRepository.findTestObject(DispensaryToStore/Page_Store/input_txttotal), "value"): Attribute 'value' of object 'Object Repository/DispensaryToStore/Page_Store/input_txttotal' is: '10'

2018-06-09 15:59:58 - [MESSAGE][PASSED] - Attribute 'value' of object 'Object Repository/DispensaryToStore/Page_Store/input_txttotal' is: '10'

2018-06-09 15:59:58 - [TEST_STEP][PASSED] - Statement - out.println("Requested QTY : " + RequestedQty): null

2018-06-09 15:59:58 - [TEST_STEP][PASSED] - Statement - BatchNumber = com.kms.katalon.core.webui.keyword.WebUiBuiltInKeywords.getNumberOfTotalOption(com.kms.katalon.core.testobject.ObjectRepository.findTestObject(DispensaryToStore/Page_Store/select_--Select--BA1170BA2376B)): 5 options of object 'Object Repository/DispensaryToStore/Page_Store/select_--Select--BA1170BA2376B' counted

2018-06-09 15:59:58 - [MESSAGE][PASSED] - 5 options of object 'Object Repository/DispensaryToStore/Page_Store/select_--Select--BA1170BA2376B' counted

2018-06-09 15:59:58 - [TEST_STEP][PASSED] - Statement - For ([g = 1, g <= BatchNumber - 1, (g++)]): null

2018-06-09 15:59:58 - [TEST_STEP][PASSED] - selectOptionByIndex: All options with index in [1] are selected on object 'Object Repository/DispensaryToStore/Page_Store/select_--Select--BA1170BA2376B'

2018-06-09 15:59:58 - [MESSAGE][PASSED] - All options with index in [1] are selected on object 'Object Repository/DispensaryToStore/Page_Store/select_--Select--BA1170BA2376B'

2018-06-09 15:59:58 - [TEST_STEP][PASSED] - Statement - Try: null

2018-06-09 15:59:58 - [TEST_STEP][PASSED] - Statement - StockQty = com.kms.katalon.core.webui.keyword.WebUiBuiltInKeywords.getAttribute(com.kms.katalon.core.testobject.ObjectRepository.findTestObject(DispensaryToStore/Page_Store/input_txtprice), "value"): Attribute 'value' of object 'Object Repository/DispensaryToStore/Page_Store/input_txtprice' is: '340'

2018-06-09 15:59:58 - [MESSAGE][PASSED] - Attribute 'value' of object 'Object Repository/DispensaryToStore/Page_Store/input_txtprice' is: '340'

2018-06-09 15:59:58 - [TEST_STEP][PASSED] - Statement - out.println("Stock QTY : " + StockQty): null

2018-06-09 15:59:58 - [TEST_STEP][PASSED] - delay: Delayed 2 second(s)

2018-06-09 16:00:00 - [MESSAGE][PASSED] - Delayed 2 second(s)

2018-06-09 16:00:00 - [TEST_STEP][PASSED] - Statement - If (java.lang.String.valueOf(StockQty) >= java.lang.String.valueOf(RequestedQty)): null

2018-06-09 16:00:00 - [TEST_STEP][PASSED] - setText: Text '10' is set on object 'Object Repository/DispensaryToStore/Page_Store/input_txtqty'

2018-06-09 16:00:00 - [MESSAGE][PASSED] - Text '10' is set on object 'Object Repository/DispensaryToStore/Page_Store/input_txtqty'

2018-06-09 16:00:00 - [TEST_STEP][PASSED] - click: Object: 'Object Repository/DispensaryToStore/Page_Store/button_Add' is clicked on

2018-06-09 16:00:01 - [MESSAGE][PASSED] - Object: 'Object Repository/DispensaryToStore/Page_Store/button_Add' is clicked on

2018-06-09 16:00:01 - [TEST_STEP][PASSED] - Statement - Break: null

2018-06-09 16:00:01 - [TEST_STEP][PASSED] - selectOptionByIndex: All options with index in [3] are selected on object 'Object Repository/DispensaryToStore/Page_Store/select_--Select--Adernaline 0.'

2018-06-09 16:00:01 - [MESSAGE][PASSED] - All options with index in [3] are selected on object 'Object Repository/DispensaryToStore/Page_Store/select_--Select--Adernaline 0.'

2018-06-09 16:00:01 - [TEST_STEP][PASSED] - delay: Delayed 2 second(s)

2018-06-09 16:00:03 - [MESSAGE][PASSED] - Delayed 2 second(s)

2018-06-09 16:00:03 - [TEST_STEP][PASSED] - Statement - RequestedQty = com.kms.katalon.core.webui.keyword.WebUiBuiltInKeywords.getAttribute(com.kms.katalon.core.testobject.ObjectRepository.findTestObject(DispensaryToStore/Page_Store/input_txttotal), "value"): Attribute 'value' of object 'Object Repository/DispensaryToStore/Page_Store/input_txttotal' is: '10'

2018-06-09 16:00:03 - [MESSAGE][PASSED] - Attribute 'value' of object 'Object Repository/DispensaryToStore/Page_Store/input_txttotal' is: '10'

2018-06-09 16:00:03 - [TEST_STEP][PASSED] - Statement - out.println("Requested QTY : " + RequestedQty): null

2018-06-09 16:00:03 - [TEST_STEP][PASSED] - Statement - BatchNumber = com.kms.katalon.core.webui.keyword.WebUiBuiltInKeywords.getNumberOfTotalOption(com.kms.katalon.core.testobject.ObjectRepository.findTestObject(DispensaryToStore/Page_Store/select_--Select--BA1170BA2376B)): 2 options of object 'Object Repository/DispensaryToStore/Page_Store/select_--Select--BA1170BA2376B' counted

2018-06-09 16:00:03 - [MESSAGE][PASSED] - 2 options of object 'Object Repository/DispensaryToStore/Page_Store/select_--Select--BA1170BA2376B' counted

2018-06-09 16:00:03 - [TEST_STEP][PASSED] - Statement - For ([g = 1, g <= BatchNumber - 1, (g++)]): null

2018-06-09 16:00:03 - [TEST_STEP][PASSED] - selectOptionByIndex: All options with index in [1] are selected on object 'Object Repository/DispensaryToStore/Page_Store/select_--Select--BA1170BA2376B'

2018-06-09 16:00:03 - [MESSAGE][PASSED] - All options with index in [1] are selected on object 'Object Repository/DispensaryToStore/Page_Store/select_--Select--BA1170BA2376B'

2018-06-09 16:00:03 - [TEST_STEP][PASSED] - Statement - Try: null

2018-06-09 16:00:03 - [TEST_STEP][PASSED] - Statement - StockQty = com.kms.katalon.core.webui.keyword.WebUiBuiltInKeywords.getAttribute(com.kms.katalon.core.testobject.ObjectRepository.findTestObject(DispensaryToStore/Page_Store/input_txtprice), "value"): Attribute 'value' of object 'Object Repository/DispensaryToStore/Page_Store/input_txtprice' is: '1840'

2018-06-09 16:00:03 - [MESSAGE][PASSED] - Attribute 'value' of object 'Object Repository/DispensaryToStore/Page_Store/input_txtprice' is: '1840'

2018-06-09 16:00:03 - [TEST_STEP][PASSED] - Statement - out.println("Stock QTY : " + StockQty): null

2018-06-09 16:00:03 - [TEST_STEP][PASSED] - delay: Delayed 2 second(s)

2018-06-09 16:00:05 - [MESSAGE][PASSED] - Delayed 2 second(s)

2018-06-09 16:00:05 - [TEST_STEP][PASSED] - Statement - If (java.lang.String.valueOf(StockQty) >= java.lang.String.valueOf(RequestedQty)): null

2018-06-09 16:00:05 - [TEST_STEP][PASSED] - setText: Text '10' is set on object 'Object Repository/DispensaryToStore/Page_Store/input_txtqty'

2018-06-09 16:00:05 - [MESSAGE][PASSED] - Text '10' is set on object 'Object Repository/DispensaryToStore/Page_Store/input_txtqty'

2018-06-09 16:00:05 - [TEST_STEP][PASSED] - click: Object: 'Object Repository/DispensaryToStore/Page_Store/button_Add' is clicked on

2018-06-09 16:00:05 - [MESSAGE][PASSED] - Object: 'Object Repository/DispensaryToStore/Page_Store/button_Add' is clicked on

2018-06-09 16:00:05 - [TEST_STEP][PASSED] - Statement - Break: null

2018-06-09 16:00:05 - [TEST_STEP][PASSED] - selectOptionByIndex: All options with index in [4] are selected on object 'Object Repository/DispensaryToStore/Page_Store/select_--Select--Adernaline 0.'

2018-06-09 16:00:05 - [MESSAGE][PASSED] - All options with index in [4] are selected on object 'Object Repository/DispensaryToStore/Page_Store/select_--Select--Adernaline 0.'

2018-06-09 16:00:05 - [TEST_STEP][PASSED] - delay: Delayed 2 second(s)

2018-06-09 16:00:07 - [MESSAGE][PASSED] - Delayed 2 second(s)

2018-06-09 16:00:07 - [TEST_STEP][PASSED] - Statement - RequestedQty = com.kms.katalon.core.webui.keyword.WebUiBuiltInKeywords.getAttribute(com.kms.katalon.core.testobject.ObjectRepository.findTestObject(DispensaryToStore/Page_Store/input_txttotal), "value"): Attribute 'value' of object 'Object Repository/DispensaryToStore/Page_Store/input_txttotal' is: '10'

2018-06-09 16:00:07 - [MESSAGE][PASSED] - Attribute 'value' of object 'Object Repository/DispensaryToStore/Page_Store/input_txttotal' is: '10'

2018-06-09 16:00:07 - [TEST_STEP][PASSED] - Statement - out.println("Requested QTY : " + RequestedQty): null

2018-06-09 16:00:07 - [TEST_STEP][PASSED] - Statement - BatchNumber = com.kms.katalon.core.webui.keyword.WebUiBuiltInKeywords.getNumberOfTotalOption(com.kms.katalon.core.testobject.ObjectRepository.findTestObject(DispensaryToStore/Page_Store/select_--Select--BA1170BA2376B)): 4 options of object 'Object Repository/DispensaryToStore/Page_Store/select_--Select--BA1170BA2376B' counted

2018-06-09 16:00:08 - [MESSAGE][PASSED] - 4 options of object 'Object Repository/DispensaryToStore/Page_Store/select_--Select--BA1170BA2376B' counted

2018-06-09 16:00:08 - [TEST_STEP][PASSED] - Statement - For ([g = 1, g <= BatchNumber - 1, (g++)]): null

2018-06-09 16:00:08 - [TEST_STEP][PASSED] - selectOptionByIndex: All options with index in [1] are selected on object 'Object Repository/DispensaryToStore/Page_Store/select_--Select--BA1170BA2376B'

2018-06-09 16:00:08 - [MESSAGE][PASSED] - All options with index in [1] are selected on object 'Object Repository/DispensaryToStore/Page_Store/select_--Select--BA1170BA2376B'

2018-06-09 16:00:08 - [TEST_STEP][PASSED] - Statement - Try: null

2018-06-09 16:00:08 - [TEST_STEP][PASSED] - Statement - StockQty = com.kms.katalon.core.webui.keyword.WebUiBuiltInKeywords.getAttribute(com.kms.katalon.core.testobject.ObjectRepository.findTestObject(DispensaryToStore/Page_Store/input_txtprice), "value"): Attribute 'value' of object 'Object Repository/DispensaryToStore/Page_Store/input_txtprice' is: '150'

2018-06-09 16:00:08 - [MESSAGE][PASSED] - Attribute 'value' of object 'Object Repository/DispensaryToStore/Page_Store/input_txtprice' is: '150'

2018-06-09 16:00:08 - [TEST_STEP][PASSED] - Statement - out.println("Stock QTY : " + StockQty): null

2018-06-09 16:00:08 - [TEST_STEP][PASSED] - delay: Delayed 2 second(s)

2018-06-09 16:00:10 - [MESSAGE][PASSED] - Delayed 2 second(s)

2018-06-09 16:00:10 - [TEST_STEP][PASSED] - Statement - If (java.lang.String.valueOf(StockQty) >= java.lang.String.valueOf(RequestedQty)): null

2018-06-09 16:00:10 - [TEST_STEP][PASSED] - setText: Text '10' is set on object 'Object Repository/DispensaryToStore/Page_Store/input_txtqty'

2018-06-09 16:00:10 - [MESSAGE][PASSED] - Text '10' is set on object 'Object Repository/DispensaryToStore/Page_Store/input_txtqty'

2018-06-09 16:00:10 - [TEST_STEP][PASSED] - click: Object: 'Object Repository/DispensaryToStore/Page_Store/button_Add' is clicked on

2018-06-09 16:00:10 - [MESSAGE][PASSED] - Object: 'Object Repository/DispensaryToStore/Page_Store/button_Add' is clicked on

2018-06-09 16:00:10 - [TEST_STEP][PASSED] - Statement - Break: null

2018-06-09 16:00:10 - [TEST_STEP][PASSED] - selectOptionByIndex: All options with index in [5] are selected on object 'Object Repository/DispensaryToStore/Page_Store/select_--Select--Adernaline 0.'

2018-06-09 16:00:10 - [MESSAGE][PASSED] - All options with index in [5] are selected on object 'Object Repository/DispensaryToStore/Page_Store/select_--Select--Adernaline 0.'

2018-06-09 16:00:10 - [TEST_STEP][PASSED] - delay: Delayed 2 second(s)

2018-06-09 16:00:12 - [MESSAGE][PASSED] - Delayed 2 second(s)

2018-06-09 16:00:12 - [TEST_STEP][PASSED] - Statement - RequestedQty = com.kms.katalon.core.webui.keyword.WebUiBuiltInKeywords.getAttribute(com.kms.katalon.core.testobject.ObjectRepository.findTestObject(DispensaryToStore/Page_Store/input_txttotal), "value"): Attribute 'value' of object 'Object Repository/DispensaryToStore/Page_Store/input_txttotal' is: '10'

2018-06-09 16:00:12 - [MESSAGE][PASSED] - Attribute 'value' of object 'Object Repository/DispensaryToStore/Page_Store/input_txttotal' is: '10'

2018-06-09 16:00:12 - [TEST_STEP][PASSED] - Statement - out.println("Requested QTY : " + RequestedQty): null

2018-06-09 16:00:12 - [TEST_STEP][PASSED] - Statement - BatchNumber = com.kms.katalon.core.webui.keyword.WebUiBuiltInKeywords.getNumberOfTotalOption(com.kms.katalon.core.testobject.ObjectRepository.findTestObject(DispensaryToStore/Page_Store/select_--Select--BA1170BA2376B)): 2 options of object 'Object Repository/DispensaryToStore/Page_Store/select_--Select--BA1170BA2376B' counted

2018-06-09 16:00:12 - [MESSAGE][PASSED] - 2 options of object 'Object Repository/DispensaryToStore/Page_Store/select_--Select--BA1170BA2376B' counted

2018-06-09 16:00:12 - [TEST_STEP][PASSED] - Statement - For ([g = 1, g <= BatchNumber - 1, (g++)]): null

2018-06-09 16:00:12 - [TEST_STEP][PASSED] - selectOptionByIndex: All options with index in [1] are selected on object 'Object Repository/DispensaryToStore/Page_Store/select_--Select--BA1170BA2376B'

2018-06-09 16:00:12 - [MESSAGE][PASSED] - All options with index in [1] are selected on object 'Object Repository/DispensaryToStore/Page_Store/select_--Select--BA1170BA2376B'

2018-06-09 16:00:12 - [TEST_STEP][PASSED] - Statement - Try: null

2018-06-09 16:00:12 - [TEST_STEP][PASSED] - Statement - StockQty = com.kms.katalon.core.webui.keyword.WebUiBuiltInKeywords.getAttribute(com.kms.katalon.core.testobject.ObjectRepository.findTestObject(DispensaryToStore/Page_Store/input_txtprice), "value"): Attribute 'value' of object 'Object Repository/DispensaryToStore/Page_Store/input_txtprice' is: '1900'

2018-06-09 16:00:12 - [MESSAGE][PASSED] - Attribute 'value' of object 'Object Repository/DispensaryToStore/Page_Store/input_txtprice' is: '1900'

2018-06-09 16:00:12 - [TEST_STEP][PASSED] - Statement - out.println("Stock QTY : " + StockQty): null

2018-06-09 16:00:12 - [TEST_STEP][PASSED] - delay: Delayed 2 second(s)

2018-06-09 16:00:14 - [MESSAGE][PASSED] - Delayed 2 second(s)

2018-06-09 16:00:14 - [TEST_STEP][PASSED] - Statement - If (java.lang.String.valueOf(StockQty) >= java.lang.String.valueOf(RequestedQty)): null

2018-06-09 16:00:14 - [TEST_STEP][PASSED] - setText: Text '10' is set on object 'Object Repository/DispensaryToStore/Page_Store/input_txtqty'

2018-06-09 16:00:14 - [MESSAGE][PASSED] - Text '10' is set on object 'Object Repository/DispensaryToStore/Page_Store/input_txtqty'

2018-06-09 16:00:14 - [TEST_STEP][PASSED] - click: Object: 'Object Repository/DispensaryToStore/Page_Store/button_Add' is clicked on

2018-06-09 16:00:14 - [MESSAGE][PASSED] - Object: 'Object Repository/DispensaryToStore/Page_Store/button_Add' is clicked on

2018-06-09 16:00:14 - [TEST_STEP][PASSED] - Statement - Break: null

2018-06-09 16:00:14 - [TEST_STEP][PASSED] - selectOptionByIndex: All options with index in [6] are selected on object 'Object Repository/DispensaryToStore/Page_Store/select_--Select--Adernaline 0.'

2018-06-09 16:00:15 - [MESSAGE][PASSED] - All options with index in [6] are selected on object 'Object Repository/DispensaryToStore/Page_Store/select_--Select--Adernaline 0.'

2018-06-09 16:00:15 - [TEST_STEP][PASSED] - delay: Delayed 2 second(s)

2018-06-09 16:00:17 - [MESSAGE][PASSED] - Delayed 2 second(s)

2018-06-09 16:00:17 - [TEST_STEP][PASSED] - Statement - RequestedQty = com.kms.katalon.core.webui.keyword.WebUiBuiltInKeywords.getAttribute(com.kms.katalon.core.testobject.ObjectRepository.findTestObject(DispensaryToStore/Page_Store/input_txttotal), "value"): Attribute 'value' of object 'Object Repository/DispensaryToStore/Page_Store/input_txttotal' is: '10'

2018-06-09 16:00:17 - [MESSAGE][PASSED] - Attribute 'value' of object 'Object Repository/DispensaryToStore/Page_Store/input_txttotal' is: '10'

2018-06-09 16:00:17 - [TEST_STEP][PASSED] - Statement - out.println("Requested QTY : " + RequestedQty): null

2018-06-09 16:00:17 - [TEST_STEP][PASSED] - Statement - BatchNumber = com.kms.katalon.core.webui.keyword.WebUiBuiltInKeywords.getNumberOfTotalOption(com.kms.katalon.core.testobject.ObjectRepository.findTestObject(DispensaryToStore/Page_Store/select_--Select--BA1170BA2376B)): 4 options of object 'Object Repository/DispensaryToStore/Page_Store/select_--Select--BA1170BA2376B' counted

2018-06-09 16:00:17 - [MESSAGE][PASSED] - 4 options of object 'Object Repository/DispensaryToStore/Page_Store/select_--Select--BA1170BA2376B' counted

2018-06-09 16:00:17 - [TEST_STEP][PASSED] - Statement - For ([g = 1, g <= BatchNumber - 1, (g++)]): null

2018-06-09 16:00:17 - [TEST_STEP][PASSED] - selectOptionByIndex: All options with index in [1] are selected on object 'Object Repository/DispensaryToStore/Page_Store/select_--Select--BA1170BA2376B'

2018-06-09 16:00:17 - [MESSAGE][PASSED] - All options with index in [1] are selected on object 'Object Repository/DispensaryToStore/Page_Store/select_--Select--BA1170BA2376B'

2018-06-09 16:00:17 - [TEST_STEP][PASSED] - Statement - Try: null

2018-06-09 16:00:17 - [TEST_STEP][PASSED] - Statement - StockQty = com.kms.katalon.core.webui.keyword.WebUiBuiltInKeywords.getAttribute(com.kms.katalon.core.testobject.ObjectRepository.findTestObject(DispensaryToStore/Page_Store/input_txtprice), "value"): Attribute 'value' of object 'Object Repository/DispensaryToStore/Page_Store/input_txtprice' is: '880'

2018-06-09 16:00:17 - [MESSAGE][PASSED] - Attribute 'value' of object 'Object Repository/DispensaryToStore/Page_Store/input_txtprice' is: '880'

2018-06-09 16:00:17 - [TEST_STEP][PASSED] - Statement - out.println("Stock QTY : " + StockQty): null

2018-06-09 16:00:17 - [TEST_STEP][PASSED] - delay: Delayed 2 second(s)

2018-06-09 16:00:19 - [MESSAGE][PASSED] - Delayed 2 second(s)

2018-06-09 16:00:19 - [TEST_STEP][PASSED] - Statement - If (java.lang.String.valueOf(StockQty) >= java.lang.String.valueOf(RequestedQty)): null

2018-06-09 16:00:19 - [TEST_STEP][PASSED] - setText: Text '10' is set on object 'Object Repository/DispensaryToStore/Page_Store/input_txtqty'

2018-06-09 16:00:19 - [MESSAGE][PASSED] - Text '10' is set on object 'Object Repository/DispensaryToStore/Page_Store/input_txtqty'

2018-06-09 16:00:19 - [TEST_STEP][PASSED] - click: Object: 'Object Repository/DispensaryToStore/Page_Store/button_Add' is clicked on

2018-06-09 16:00:19 - [MESSAGE][PASSED] - Object: 'Object Repository/DispensaryToStore/Page_Store/button_Add' is clicked on

2018-06-09 16:00:19 - [TEST_STEP][PASSED] - Statement - Break: null

2018-06-09 16:00:19 - [TEST_STEP][PASSED] - selectOptionByIndex: All options with index in [7] are selected on object 'Object Repository/DispensaryToStore/Page_Store/select_--Select--Adernaline 0.'

2018-06-09 16:00:19 - [MESSAGE][PASSED] - All options with index in [7] are selected on object 'Object Repository/DispensaryToStore/Page_Store/select_--Select--Adernaline 0.'

2018-06-09 16:00:19 - [TEST_STEP][PASSED] - delay: Delayed 2 second(s)

2018-06-09 16:00:21 - [MESSAGE][PASSED] - Delayed 2 second(s)

2018-06-09 16:00:21 - [TEST_STEP][PASSED] - Statement - RequestedQty = com.kms.katalon.core.webui.keyword.WebUiBuiltInKeywords.getAttribute(com.kms.katalon.core.testobject.ObjectRepository.findTestObject(DispensaryToStore/Page_Store/input_txttotal), "value"): Attribute 'value' of object 'Object Repository/DispensaryToStore/Page_Store/input_txttotal' is: '10'

2018-06-09 16:00:21 - [MESSAGE][PASSED] - Attribute 'value' of object 'Object Repository/DispensaryToStore/Page_Store/input_txttotal' is: '10'

2018-06-09 16:00:21 - [TEST_STEP][PASSED] - Statement - out.println("Requested QTY : " + RequestedQty): null

2018-06-09 16:00:21 - [TEST_STEP][PASSED] - Statement - BatchNumber = com.kms.katalon.core.webui.keyword.WebUiBuiltInKeywords.getNumberOfTotalOption(com.kms.katalon.core.testobject.ObjectRepository.findTestObject(DispensaryToStore/Page_Store/select_--Select--BA1170BA2376B)): 3 options of object 'Object Repository/DispensaryToStore/Page_Store/select_--Select--BA1170BA2376B' counted

2018-06-09 16:00:21 - [MESSAGE][PASSED] - 3 options of object 'Object Repository/DispensaryToStore/Page_Store/select_--Select--BA1170BA2376B' counted

2018-06-09 16:00:21 - [TEST_STEP][PASSED] - Statement - For ([g = 1, g <= BatchNumber - 1, (g++)]): null

2018-06-09 16:00:21 - [TEST_STEP][PASSED] - selectOptionByIndex: All options with index in [1] are selected on object 'Object Repository/DispensaryToStore/Page_Store/select_--Select--BA1170BA2376B'

2018-06-09 16:00:22 - [MESSAGE][PASSED] - All options with index in [1] are selected on object 'Object Repository/DispensaryToStore/Page_Store/select_--Select--BA1170BA2376B'

2018-06-09 16:00:22 - [TEST_STEP][PASSED] - Statement - Try: null

2018-06-09 16:00:22 - [TEST_STEP][PASSED] - Statement - StockQty = com.kms.katalon.core.webui.keyword.WebUiBuiltInKeywords.getAttribute(com.kms.katalon.core.testobject.ObjectRepository.findTestObject(DispensaryToStore/Page_Store/input_txtprice), "value"): Attribute 'value' of object 'Object Repository/DispensaryToStore/Page_Store/input_txtprice' is: '1800'

2018-06-09 16:00:22 - [MESSAGE][PASSED] - Attribute 'value' of object 'Object Repository/DispensaryToStore/Page_Store/input_txtprice' is: '1800'

2018-06-09 16:00:22 - [TEST_STEP][PASSED] - Statement - out.println("Stock QTY : " + StockQty): null

2018-06-09 16:00:22 - [TEST_STEP][PASSED] - delay: Delayed 2 second(s)

2018-06-09 16:00:24 - [MESSAGE][PASSED] - Delayed 2 second(s)

2018-06-09 16:00:24 - [TEST_STEP][PASSED] - Statement - If (java.lang.String.valueOf(StockQty) >= java.lang.String.valueOf(RequestedQty)): null

2018-06-09 16:00:24 - [TEST_STEP][PASSED] - setText: Text '10' is set on object 'Object Repository/DispensaryToStore/Page_Store/input_txtqty'

2018-06-09 16:00:24 - [MESSAGE][PASSED] - Text '10' is set on object 'Object Repository/DispensaryToStore/Page_Store/input_txtqty'

2018-06-09 16:00:24 - [TEST_STEP][PASSED] - click: Object: 'Object Repository/DispensaryToStore/Page_Store/button_Add' is clicked on

2018-06-09 16:00:24 - [MESSAGE][PASSED] - Object: 'Object Repository/DispensaryToStore/Page_Store/button_Add' is clicked on

2018-06-09 16:00:24 - [TEST_STEP][PASSED] - Statement - Break: null

2018-06-09 16:00:24 - [TEST_STEP][PASSED] - selectOptionByIndex: All options with index in [8] are selected on object 'Object Repository/DispensaryToStore/Page_Store/select_--Select--Adernaline 0.'

2018-06-09 16:00:24 - [MESSAGE][PASSED] - All options with index in [8] are selected on object 'Object Repository/DispensaryToStore/Page_Store/select_--Select--Adernaline 0.'

2018-06-09 16:00:24 - [TEST_STEP][PASSED] - delay: Delayed 2 second(s)

2018-06-09 16:00:26 - [MESSAGE][PASSED] - Delayed 2 second(s)

2018-06-09 16:00:26 - [TEST_STEP][PASSED] - Statement - RequestedQty = com.kms.katalon.core.webui.keyword.WebUiBuiltInKeywords.getAttribute(com.kms.katalon.core.testobject.ObjectRepository.findTestObject(DispensaryToStore/Page_Store/input_txttotal), "value"): Attribute 'value' of object 'Object Repository/DispensaryToStore/Page_Store/input_txttotal' is: '10'

2018-06-09 16:00:26 - [MESSAGE][PASSED] - Attribute 'value' of object 'Object Repository/DispensaryToStore/Page_Store/input_txttotal' is: '10'

2018-06-09 16:00:26 - [TEST_STEP][PASSED] - Statement - out.println("Requested QTY : " + RequestedQty): null

2018-06-09 16:00:26 - [TEST_STEP][PASSED] - Statement - BatchNumber = com.kms.katalon.core.webui.keyword.WebUiBuiltInKeywords.getNumberOfTotalOption(com.kms.katalon.core.testobject.ObjectRepository.findTestObject(DispensaryToStore/Page_Store/select_--Select--BA1170BA2376B)): 2 options of object 'Object Repository/DispensaryToStore/Page_Store/select_--Select--BA1170BA2376B' counted

2018-06-09 16:00:26 - [MESSAGE][PASSED] - 2 options of object 'Object Repository/DispensaryToStore/Page_Store/select_--Select--BA1170BA2376B' counted

2018-06-09 16:00:26 - [TEST_STEP][PASSED] - Statement - For ([g = 1, g <= BatchNumber - 1, (g++)]): null

2018-06-09 16:00:26 - [TEST_STEP][PASSED] - selectOptionByIndex: All options with index in [1] are selected on object 'Object Repository/DispensaryToStore/Page_Store/select_--Select--BA1170BA2376B'

2018-06-09 16:00:26 - [MESSAGE][PASSED] - All options with index in [1] are selected on object 'Object Repository/DispensaryToStore/Page_Store/select_--Select--BA1170BA2376B'

2018-06-09 16:00:26 - [TEST_STEP][PASSED] - Statement - Try: null

2018-06-09 16:00:26 - [TEST_STEP][PASSED] - Statement - StockQty = com.kms.katalon.core.webui.keyword.WebUiBuiltInKeywords.getAttribute(com.kms.katalon.core.testobject.ObjectRepository.findTestObject(DispensaryToStore/Page_Store/input_txtprice), "value"): Attribute 'value' of object 'Object Repository/DispensaryToStore/Page_Store/input_txtprice' is: '1900'

2018-06-09 16:00:26 - [MESSAGE][PASSED] - Attribute 'value' of object 'Object Repository/DispensaryToStore/Page_Store/input_txtprice' is: '1900'

2018-06-09 16:00:26 - [TEST_STEP][PASSED] - Statement - out.println("Stock QTY : " + StockQty): null

2018-06-09 16:00:26 - [TEST_STEP][PASSED] - delay: Delayed 2 second(s)

2018-06-09 16:00:28 - [MESSAGE][PASSED] - Delayed 2 second(s)

2018-06-09 16:00:28 - [TEST_STEP][PASSED] - Statement - If (java.lang.String.valueOf(StockQty) >= java.lang.String.valueOf(RequestedQty)): null

2018-06-09 16:00:28 - [TEST_STEP][PASSED] - setText: Text '10' is set on object 'Object Repository/DispensaryToStore/Page_Store/input_txtqty'

2018-06-09 16:00:28 - [MESSAGE][PASSED] - Text '10' is set on object 'Object Repository/DispensaryToStore/Page_Store/input_txtqty'

2018-06-09 16:00:28 - [TEST_STEP][PASSED] - click: Object: 'Object Repository/DispensaryToStore/Page_Store/button_Add' is clicked on

2018-06-09 16:00:28 - [MESSAGE][PASSED] - Object: 'Object Repository/DispensaryToStore/Page_Store/button_Add' is clicked on

2018-06-09 16:00:28 - [TEST_STEP][PASSED] - Statement - Break: null

2018-06-09 16:00:28 - [TEST_STEP][PASSED] - selectOptionByIndex: All options with index in [9] are selected on object 'Object Repository/DispensaryToStore/Page_Store/select_--Select--Adernaline 0.'

2018-06-09 16:00:29 - [MESSAGE][PASSED] - All options with index in [9] are selected on object 'Object Repository/DispensaryToStore/Page_Store/select_--Select--Adernaline 0.'

2018-06-09 16:00:29 - [TEST_STEP][PASSED] - delay: Delayed 2 second(s)

2018-06-09 16:00:31 - [MESSAGE][PASSED] - Delayed 2 second(s)

2018-06-09 16:00:31 - [TEST_STEP][PASSED] - Statement - RequestedQty = com.kms.katalon.core.webui.keyword.WebUiBuiltInKeywords.getAttribute(com.kms.katalon.core.testobject.ObjectRepository.findTestObject(DispensaryToStore/Page_Store/input_txttotal), "value"): Attribute 'value' of object 'Object Repository/DispensaryToStore/Page_Store/input_txttotal' is: '10'

2018-06-09 16:00:31 - [MESSAGE][PASSED] - Attribute 'value' of object 'Object Repository/DispensaryToStore/Page_Store/input_txttotal' is: '10'

2018-06-09 16:00:31 - [TEST_STEP][PASSED] - Statement - out.println("Requested QTY : " + RequestedQty): null

2018-06-09 16:00:31 - [TEST_STEP][PASSED] - Statement - BatchNumber = com.kms.katalon.core.webui.keyword.WebUiBuiltInKeywords.getNumberOfTotalOption(com.kms.katalon.core.testobject.ObjectRepository.findTestObject(DispensaryToStore/Page_Store/select_--Select--BA1170BA2376B)): 4 options of object 'Object Repository/DispensaryToStore/Page_Store/select_--Select--BA1170BA2376B' counted

2018-06-09 16:00:31 - [MESSAGE][PASSED] - 4 options of object 'Object Repository/DispensaryToStore/Page_Store/select_--Select--BA1170BA2376B' counted

2018-06-09 16:00:31 - [TEST_STEP][PASSED] - Statement - For ([g = 1, g <= BatchNumber - 1, (g++)]): null

2018-06-09 16:00:31 - [TEST_STEP][PASSED] - selectOptionByIndex: All options with index in [1] are selected on object 'Object Repository/DispensaryToStore/Page_Store/select_--Select--BA1170BA2376B'

2018-06-09 16:00:31 - [MESSAGE][PASSED] - All options with index in [1] are selected on object 'Object Repository/DispensaryToStore/Page_Store/select_--Select--BA1170BA2376B'

2018-06-09 16:00:31 - [TEST_STEP][PASSED] - Statement - Try: null

2018-06-09 16:00:31 - [TEST_STEP][PASSED] - Statement - StockQty = com.kms.katalon.core.webui.keyword.WebUiBuiltInKeywords.getAttribute(com.kms.katalon.core.testobject.ObjectRepository.findTestObject(DispensaryToStore/Page_Store/input_txtprice), "value"): Attribute 'value' of object 'Object Repository/DispensaryToStore/Page_Store/input_txtprice' is: '880'

2018-06-09 16:00:31 - [MESSAGE][PASSED] - Attribute 'value' of object 'Object Repository/DispensaryToStore/Page_Store/input_txtprice' is: '880'

2018-06-09 16:00:31 - [TEST_STEP][PASSED] - Statement - out.println("Stock QTY : " + StockQty): null

2018-06-09 16:00:31 - [TEST_STEP][PASSED] - delay: Delayed 2 second(s)

2018-06-09 16:00:33 - [MESSAGE][PASSED] - Delayed 2 second(s)

2018-06-09 16:00:33 - [TEST_STEP][PASSED] - Statement - If (java.lang.String.valueOf(StockQty) >= java.lang.String.valueOf(RequestedQty)): null

2018-06-09 16:00:33 - [TEST_STEP][PASSED] - setText: Text '10' is set on object 'Object Repository/DispensaryToStore/Page_Store/input_txtqty'

2018-06-09 16:00:33 - [MESSAGE][PASSED] - Text '10' is set on object 'Object Repository/DispensaryToStore/Page_Store/input_txtqty'

2018-06-09 16:00:33 - [TEST_STEP][PASSED] - click: Object: 'Object Repository/DispensaryToStore/Page_Store/button_Add' is clicked on

2018-06-09 16:00:33 - [MESSAGE][PASSED] - Object: 'Object Repository/DispensaryToStore/Page_Store/button_Add' is clicked on

2018-06-09 16:00:33 - [TEST_STEP][PASSED] - Statement - Break: null

2018-06-09 16:00:33 - [TEST_STEP][PASSED] - selectOptionByIndex: All options with index in [10] are selected on object 'Object Repository/DispensaryToStore/Page_Store/select_--Select--Adernaline 0.'

2018-06-09 16:00:33 - [MESSAGE][PASSED] - All options with index in [10] are selected on object 'Object Repository/DispensaryToStore/Page_Store/select_--Select--Adernaline 0.'

2018-06-09 16:00:33 - [TEST_STEP][PASSED] - delay: Delayed 2 second(s)

2018-06-09 16:00:35 - [MESSAGE][PASSED] - Delayed 2 second(s)

2018-06-09 16:00:35 - [TEST_STEP][PASSED] - Statement - RequestedQty = com.kms.katalon.core.webui.keyword.WebUiBuiltInKeywords.getAttribute(com.kms.katalon.core.testobject.ObjectRepository.findTestObject(DispensaryToStore/Page_Store/input_txttotal), "value"): Attribute 'value' of object 'Object Repository/DispensaryToStore/Page_Store/input_txttotal' is: '10'

2018-06-09 16:00:35 - [MESSAGE][PASSED] - Attribute 'value' of object 'Object Repository/DispensaryToStore/Page_Store/input_txttotal' is: '10'

2018-06-09 16:00:35 - [TEST_STEP][PASSED] - Statement - out.println("Requested QTY : " + RequestedQty): null

2018-06-09 16:00:35 - [TEST_STEP][PASSED] - Statement - BatchNumber = com.kms.katalon.core.webui.keyword.WebUiBuiltInKeywords.getNumberOfTotalOption(com.kms.katalon.core.testobject.ObjectRepository.findTestObject(DispensaryToStore/Page_Store/select_--Select--BA1170BA2376B)): 3 options of object 'Object Repository/DispensaryToStore/Page_Store/select_--Select--BA1170BA2376B' counted

2018-06-09 16:00:35 - [MESSAGE][PASSED] - 3 options of object 'Object Repository/DispensaryToStore/Page_Store/select_--Select--BA1170BA2376B' counted

2018-06-09 16:00:35 - [TEST_STEP][PASSED] - Statement - For ([g = 1, g <= BatchNumber - 1, (g++)]): null

2018-06-09 16:00:35 - [TEST_STEP][PASSED] - selectOptionByIndex: All options with index in [1] are selected on object 'Object Repository/DispensaryToStore/Page_Store/select_--Select--BA1170BA2376B'

2018-06-09 16:00:36 - [MESSAGE][PASSED] - All options with index in [1] are selected on object 'Object Repository/DispensaryToStore/Page_Store/select_--Select--BA1170BA2376B'

2018-06-09 16:00:36 - [TEST_STEP][PASSED] - Statement - Try: null

2018-06-09 16:00:36 - [TEST_STEP][PASSED] - Statement - StockQty = com.kms.katalon.core.webui.keyword.WebUiBuiltInKeywords.getAttribute(com.kms.katalon.core.testobject.ObjectRepository.findTestObject(DispensaryToStore/Page_Store/input_txtprice), "value"): Attribute 'value' of object 'Object Repository/DispensaryToStore/Page_Store/input_txtprice' is: '340'

2018-06-09 16:00:36 - [MESSAGE][PASSED] - Attribute 'value' of object 'Object Repository/DispensaryToStore/Page_Store/input_txtprice' is: '340'

2018-06-09 16:00:36 - [TEST_STEP][PASSED] - Statement - out.println("Stock QTY : " + StockQty): null

2018-06-09 16:00:36 - [TEST_STEP][PASSED] - delay: Delayed 2 second(s)

2018-06-09 16:00:38 - [MESSAGE][PASSED] - Delayed 2 second(s)

2018-06-09 16:00:38 - [TEST_STEP][PASSED] - Statement - If (java.lang.String.valueOf(StockQty) >= java.lang.String.valueOf(RequestedQty)): null

2018-06-09 16:00:38 - [TEST_STEP][PASSED] - setText: Text '10' is set on object 'Object Repository/DispensaryToStore/Page_Store/input_txtqty'

2018-06-09 16:00:38 - [MESSAGE][PASSED] - Text '10' is set on object 'Object Repository/DispensaryToStore/Page_Store/input_txtqty'

2018-06-09 16:00:38 - [TEST_STEP][PASSED] - click: Object: 'Object Repository/DispensaryToStore/Page_Store/button_Add' is clicked on

2018-06-09 16:00:38 - [MESSAGE][PASSED] - Object: 'Object Repository/DispensaryToStore/Page_Store/button_Add' is clicked on

2018-06-09 16:00:38 - [TEST_STEP][PASSED] - Statement - Break: null

2018-06-09 16:00:38 - [TEST_STEP][PASSED] - selectOptionByIndex: All options with index in [11] are selected on object 'Object Repository/DispensaryToStore/Page_Store/select_--Select--Adernaline 0.'

2018-06-09 16:00:38 - [MESSAGE][PASSED] - All options with index in [11] are selected on object 'Object Repository/DispensaryToStore/Page_Store/select_--Select--Adernaline 0.'

2018-06-09 16:00:38 - [TEST_STEP][PASSED] - delay: Delayed 2 second(s)

2018-06-09 16:00:40 - [MESSAGE][PASSED] - Delayed 2 second(s)

2018-06-09 16:00:40 - [TEST_STEP][PASSED] - Statement - RequestedQty = com.kms.katalon.core.webui.keyword.WebUiBuiltInKeywords.getAttribute(com.kms.katalon.core.testobject.ObjectRepository.findTestObject(DispensaryToStore/Page_Store/input_txttotal), "value"): Attribute 'value' of object 'Object Repository/DispensaryToStore/Page_Store/input_txttotal' is: '10'

2018-06-09 16:00:40 - [MESSAGE][PASSED] - Attribute 'value' of object 'Object Repository/DispensaryToStore/Page_Store/input_txttotal' is: '10'

2018-06-09 16:00:40 - [TEST_STEP][PASSED] - Statement - out.println("Requested QTY : " + RequestedQty): null

2018-06-09 16:00:40 - [TEST_STEP][PASSED] - Statement - BatchNumber = com.kms.katalon.core.webui.keyword.WebUiBuiltInKeywords.getNumberOfTotalOption(com.kms.katalon.core.testobject.ObjectRepository.findTestObject(DispensaryToStore/Page_Store/select_--Select--BA1170BA2376B)): 4 options of object 'Object Repository/DispensaryToStore/Page_Store/select_--Select--BA1170BA2376B' counted

2018-06-09 16:00:40 - [MESSAGE][PASSED] - 4 options of object 'Object Repository/DispensaryToStore/Page_Store/select_--Select--BA1170BA2376B' counted

2018-06-09 16:00:40 - [TEST_STEP][PASSED] - Statement - For ([g = 1, g <= BatchNumber - 1, (g++)]): null

2018-06-09 16:00:40 - [TEST_STEP][PASSED] - selectOptionByIndex: All options with index in [1] are selected on object 'Object Repository/DispensaryToStore/Page_Store/select_--Select--BA1170BA2376B'

2018-06-09 16:00:40 - [MESSAGE][PASSED] - All options with index in [1] are selected on object 'Object Repository/DispensaryToStore/Page_Store/select_--Select--BA1170BA2376B'

2018-06-09 16:00:40 - [TEST_STEP][PASSED] - Statement - Try: null

2018-06-09 16:00:40 - [TEST_STEP][PASSED] - Statement - StockQty = com.kms.katalon.core.webui.keyword.WebUiBuiltInKeywords.getAttribute(com.kms.katalon.core.testobject.ObjectRepository.findTestObject(DispensaryToStore/Page_Store/input_txtprice), "value"): Attribute 'value' of object 'Object Repository/DispensaryToStore/Page_Store/input_txtprice' is: '340'

2018-06-09 16:00:40 - [MESSAGE][PASSED] - Attribute 'value' of object 'Object Repository/DispensaryToStore/Page_Store/input_txtprice' is: '340'

2018-06-09 16:00:40 - [TEST_STEP][PASSED] - Statement - out.println("Stock QTY : " + StockQty): null

2018-06-09 16:00:40 - [TEST_STEP][PASSED] - delay: Delayed 2 second(s)

2018-06-09 16:00:42 - [MESSAGE][PASSED] - Delayed 2 second(s)

2018-06-09 16:00:42 - [TEST_STEP][PASSED] - Statement - If (java.lang.String.valueOf(StockQty) >= java.lang.String.valueOf(RequestedQty)): null

2018-06-09 16:00:42 - [TEST_STEP][PASSED] - setText: Text '10' is set on object 'Object Repository/DispensaryToStore/Page_Store/input_txtqty'

2018-06-09 16:00:42 - [MESSAGE][PASSED] - Text '10' is set on object 'Object Repository/DispensaryToStore/Page_Store/input_txtqty'

2018-06-09 16:00:42 - [TEST_STEP][PASSED] - click: Object: 'Object Repository/DispensaryToStore/Page_Store/button_Add' is clicked on

2018-06-09 16:00:43 - [MESSAGE][PASSED] - Object: 'Object Repository/DispensaryToStore/Page_Store/button_Add' is clicked on

2018-06-09 16:00:43 - [TEST_STEP][PASSED] - Statement - Break: null

2018-06-09 16:00:43 - [TEST_STEP][PASSED] - selectOptionByIndex: All options with index in [12] are selected on object 'Object Repository/DispensaryToStore/Page_Store/select_--Select--Adernaline 0.'

2018-06-09 16:00:43 - [MESSAGE][PASSED] - All options with index in [12] are selected on object 'Object Repository/DispensaryToStore/Page_Store/select_--Select--Adernaline 0.'

2018-06-09 16:00:43 - [TEST_STEP][PASSED] - delay: Delayed 2 second(s)

2018-06-09 16:00:45 - [MESSAGE][PASSED] - Delayed 2 second(s)

2018-06-09 16:00:45 - [TEST_STEP][PASSED] - Statement - RequestedQty = com.kms.katalon.core.webui.keyword.WebUiBuiltInKeywords.getAttribute(com.kms.katalon.core.testobject.ObjectRepository.findTestObject(DispensaryToStore/Page_Store/input_txttotal), "value"): Attribute 'value' of object 'Object Repository/DispensaryToStore/Page_Store/input_txttotal' is: '10'

2018-06-09 16:00:45 - [MESSAGE][PASSED] - Attribute 'value' of object 'Object Repository/DispensaryToStore/Page_Store/input_txttotal' is: '10'

2018-06-09 16:00:45 - [TEST_STEP][PASSED] - Statement - out.println("Requested QTY : " + RequestedQty): null

2018-06-09 16:00:45 - [TEST_STEP][PASSED] - Statement - BatchNumber = com.kms.katalon.core.webui.keyword.WebUiBuiltInKeywords.getNumberOfTotalOption(com.kms.katalon.core.testobject.ObjectRepository.findTestObject(DispensaryToStore/Page_Store/select_--Select--BA1170BA2376B)): 2 options of object 'Object Repository/DispensaryToStore/Page_Store/select_--Select--BA1170BA2376B' counted

2018-06-09 16:00:45 - [MESSAGE][PASSED] - 2 options of object 'Object Repository/DispensaryToStore/Page_Store/select_--Select--BA1170BA2376B' counted

2018-06-09 16:00:45 - [TEST_STEP][PASSED] - Statement - For ([g = 1, g <= BatchNumber - 1, (g++)]): null

2018-06-09 16:00:45 - [TEST_STEP][PASSED] - selectOptionByIndex: All options with index in [1] are selected on object 'Object Repository/DispensaryToStore/Page_Store/select_--Select--BA1170BA2376B'

2018-06-09 16:00:45 - [MESSAGE][PASSED] - All options with index in [1] are selected on object 'Object Repository/DispensaryToStore/Page_Store/select_--Select--BA1170BA2376B'

2018-06-09 16:00:45 - [TEST_STEP][PASSED] - Statement - Try: null

2018-06-09 16:00:45 - [TEST_STEP][PASSED] - Statement - StockQty = com.kms.katalon.core.webui.keyword.WebUiBuiltInKeywords.getAttribute(com.kms.katalon.core.testobject.ObjectRepository.findTestObject(DispensaryToStore/Page_Store/input_txtprice), "value"): Attribute 'value' of object 'Object Repository/DispensaryToStore/Page_Store/input_txtprice' is: '1900'

2018-06-09 16:00:45 - [MESSAGE][PASSED] - Attribute 'value' of object 'Object Repository/DispensaryToStore/Page_Store/input_txtprice' is: '1900'

2018-06-09 16:00:45 - [TEST_STEP][PASSED] - Statement - out.println("Stock QTY : " + StockQty): null

2018-06-09 16:00:45 - [TEST_STEP][PASSED] - delay: Delayed 2 second(s)

2018-06-09 16:00:47 - [MESSAGE][PASSED] - Delayed 2 second(s)

2018-06-09 16:00:47 - [TEST_STEP][PASSED] - Statement - If (java.lang.String.valueOf(StockQty) >= java.lang.String.valueOf(RequestedQty)): null

2018-06-09 16:00:47 - [TEST_STEP][PASSED] - setText: Text '10' is set on object 'Object Repository/DispensaryToStore/Page_Store/input_txtqty'

2018-06-09 16:00:47 - [MESSAGE][PASSED] - Text '10' is set on object 'Object Repository/DispensaryToStore/Page_Store/input_txtqty'

2018-06-09 16:00:47 - [TEST_STEP][PASSED] - click: Object: 'Object Repository/DispensaryToStore/Page_Store/button_Add' is clicked on

2018-06-09 16:00:47 - [MESSAGE][PASSED] - Object: 'Object Repository/DispensaryToStore/Page_Store/button_Add' is clicked on

2018-06-09 16:00:47 - [TEST_STEP][PASSED] - Statement - Break: null

2018-06-09 16:00:47 - [TEST_STEP][PASSED] - selectOptionByIndex: All options with index in [13] are selected on object 'Object Repository/DispensaryToStore/Page_Store/select_--Select--Adernaline 0.'

2018-06-09 16:00:47 - [MESSAGE][PASSED] - All options with index in [13] are selected on object 'Object Repository/DispensaryToStore/Page_Store/select_--Select--Adernaline 0.'

2018-06-09 16:00:47 - [TEST_STEP][PASSED] - delay: Delayed 2 second(s)

2018-06-09 16:00:49 - [MESSAGE][PASSED] - Delayed 2 second(s)

2018-06-09 16:00:49 - [TEST_STEP][PASSED] - Statement - RequestedQty = com.kms.katalon.core.webui.keyword.WebUiBuiltInKeywords.getAttribute(com.kms.katalon.core.testobject.ObjectRepository.findTestObject(DispensaryToStore/Page_Store/input_txttotal), "value"): Attribute 'value' of object 'Object Repository/DispensaryToStore/Page_Store/input_txttotal' is: '10'

2018-06-09 16:00:50 - [MESSAGE][PASSED] - Attribute 'value' of object 'Object Repository/DispensaryToStore/Page_Store/input_txttotal' is: '10'

2018-06-09 16:00:50 - [TEST_STEP][PASSED] - Statement - out.println("Requested QTY : " + RequestedQty): null

2018-06-09 16:00:50 - [TEST_STEP][PASSED] - Statement - BatchNumber = com.kms.katalon.core.webui.keyword.WebUiBuiltInKeywords.getNumberOfTotalOption(com.kms.katalon.core.testobject.ObjectRepository.findTestObject(DispensaryToStore/Page_Store/select_--Select--BA1170BA2376B)): 3 options of object 'Object Repository/DispensaryToStore/Page_Store/select_--Select--BA1170BA2376B' counted

2018-06-09 16:00:50 - [MESSAGE][PASSED] - 3 options of object 'Object Repository/DispensaryToStore/Page_Store/select_--Select--BA1170BA2376B' counted

2018-06-09 16:00:50 - [TEST_STEP][PASSED] - Statement - For ([g = 1, g <= BatchNumber - 1, (g++)]): null

2018-06-09 16:00:50 - [TEST_STEP][PASSED] - selectOptionByIndex: All options with index in [1] are selected on object 'Object Repository/DispensaryToStore/Page_Store/select_--Select--BA1170BA2376B'

2018-06-09 16:00:50 - [MESSAGE][PASSED] - All options with index in [1] are selected on object 'Object Repository/DispensaryToStore/Page_Store/select_--Select--BA1170BA2376B'

2018-06-09 16:00:50 - [TEST_STEP][PASSED] - Statement - Try: null

2018-06-09 16:00:50 - [TEST_STEP][PASSED] - Statement - StockQty = com.kms.katalon.core.webui.keyword.WebUiBuiltInKeywords.getAttribute(com.kms.katalon.core.testobject.ObjectRepository.findTestObject(DispensaryToStore/Page_Store/input_txtprice), "value"): Attribute 'value' of object 'Object Repository/DispensaryToStore/Page_Store/input_txtprice' is: '880'

2018-06-09 16:00:50 - [MESSAGE][PASSED] - Attribute 'value' of object 'Object Repository/DispensaryToStore/Page_Store/input_txtprice' is: '880'

2018-06-09 16:00:50 - [TEST_STEP][PASSED] - Statement - out.println("Stock QTY : " + StockQty): null

2018-06-09 16:00:50 - [TEST_STEP][PASSED] - delay: Delayed 2 second(s)

2018-06-09 16:00:52 - [MESSAGE][PASSED] - Delayed 2 second(s)

2018-06-09 16:00:52 - [TEST_STEP][PASSED] - Statement - If (java.lang.String.valueOf(StockQty) >= java.lang.String.valueOf(RequestedQty)): null

2018-06-09 16:00:52 - [TEST_STEP][PASSED] - setText: Text '10' is set on object 'Object Repository/DispensaryToStore/Page_Store/input_txtqty'

2018-06-09 16:00:52 - [MESSAGE][PASSED] - Text '10' is set on object 'Object Repository/DispensaryToStore/Page_Store/input_txtqty'

2018-06-09 16:00:52 - [TEST_STEP][PASSED] - click: Object: 'Object Repository/DispensaryToStore/Page_Store/button_Add' is clicked on

2018-06-09 16:00:52 - [MESSAGE][PASSED] - Object: 'Object Repository/DispensaryToStore/Page_Store/button_Add' is clicked on

2018-06-09 16:00:52 - [TEST_STEP][PASSED] - Statement - Break: null

2018-06-09 16:00:52 - [TEST_STEP][PASSED] - selectOptionByIndex: All options with index in [14] are selected on object 'Object Repository/DispensaryToStore/Page_Store/select_--Select--Adernaline 0.'

2018-06-09 16:00:52 - [MESSAGE][PASSED] - All options with index in [14] are selected on object 'Object Repository/DispensaryToStore/Page_Store/select_--Select--Adernaline 0.'

2018-06-09 16:00:52 - [TEST_STEP][PASSED] - delay: Delayed 2 second(s)

2018-06-09 16:00:54 - [MESSAGE][PASSED] - Delayed 2 second(s)

2018-06-09 16:00:54 - [TEST_STEP][PASSED] - Statement - RequestedQty = com.kms.katalon.core.webui.keyword.WebUiBuiltInKeywords.getAttribute(com.kms.katalon.core.testobject.ObjectRepository.findTestObject(DispensaryToStore/Page_Store/input_txttotal), "value"): Attribute 'value' of object 'Object Repository/DispensaryToStore/Page_Store/input_txttotal' is: '10'

2018-06-09 16:00:54 - [MESSAGE][PASSED] - Attribute 'value' of object 'Object Repository/DispensaryToStore/Page_Store/input_txttotal' is: '10'

2018-06-09 16:00:54 - [TEST_STEP][PASSED] - Statement - out.println("Requested QTY : " + RequestedQty): null

2018-06-09 16:00:54 - [TEST_STEP][PASSED] - Statement - BatchNumber = com.kms.katalon.core.webui.keyword.WebUiBuiltInKeywords.getNumberOfTotalOption(com.kms.katalon.core.testobject.ObjectRepository.findTestObject(DispensaryToStore/Page_Store/select_--Select--BA1170BA2376B)): 3 options of object 'Object Repository/DispensaryToStore/Page_Store/select_--Select--BA1170BA2376B' counted

2018-06-09 16:00:54 - [MESSAGE][PASSED] - 3 options of object 'Object Repository/DispensaryToStore/Page_Store/select_--Select--BA1170BA2376B' counted

2018-06-09 16:00:54 - [TEST_STEP][PASSED] - Statement - For ([g = 1, g <= BatchNumber - 1, (g++)]): null

2018-06-09 16:00:54 - [TEST_STEP][PASSED] - selectOptionByIndex: All options with index in [1] are selected on object 'Object Repository/DispensaryToStore/Page_Store/select_--Select--BA1170BA2376B'

2018-06-09 16:00:54 - [MESSAGE][PASSED] - All options with index in [1] are selected on object 'Object Repository/DispensaryToStore/Page_Store/select_--Select--BA1170BA2376B'

2018-06-09 16:00:54 - [TEST_STEP][PASSED] - Statement - Try: null

2018-06-09 16:00:54 - [TEST_STEP][PASSED] - Statement - StockQty = com.kms.katalon.core.webui.keyword.WebUiBuiltInKeywords.getAttribute(com.kms.katalon.core.testobject.ObjectRepository.findTestObject(DispensaryToStore/Page_Store/input_txtprice), "value"): Attribute 'value' of object 'Object Repository/DispensaryToStore/Page_Store/input_txtprice' is: '1800'

2018-06-09 16:00:55 - [MESSAGE][PASSED] - Attribute 'value' of object 'Object Repository/DispensaryToStore/Page_Store/input_txtprice' is: '1800'

2018-06-09 16:00:55 - [TEST_STEP][PASSED] - Statement - out.println("Stock QTY : " + StockQty): null

2018-06-09 16:00:55 - [TEST_STEP][PASSED] - delay: Delayed 2 second(s)

2018-06-09 16:00:57 - [MESSAGE][PASSED] - Delayed 2 second(s)

2018-06-09 16:00:57 - [TEST_STEP][PASSED] - Statement - If (java.lang.String.valueOf(StockQty) >= java.lang.String.valueOf(RequestedQty)): null

2018-06-09 16:00:57 - [TEST_STEP][PASSED] - setText: Text '10' is set on object 'Object Repository/DispensaryToStore/Page_Store/input_txtqty'

2018-06-09 16:00:57 - [MESSAGE][PASSED] - Text '10' is set on object 'Object Repository/DispensaryToStore/Page_Store/input_txtqty'

2018-06-09 16:00:57 - [TEST_STEP][PASSED] - click: Object: 'Object Repository/DispensaryToStore/Page_Store/button_Add' is clicked on

2018-06-09 16:00:57 - [MESSAGE][PASSED] - Object: 'Object Repository/DispensaryToStore/Page_Store/button_Add' is clicked on

2018-06-09 16:00:57 - [TEST_STEP][PASSED] - Statement - Break: null

2018-06-09 16:00:57 - [TEST_STEP][PASSED] - selectOptionByIndex: All options with index in [15] are selected on object 'Object Repository/DispensaryToStore/Page_Store/select_--Select--Adernaline 0.'

2018-06-09 16:00:57 - [MESSAGE][PASSED] - All options with index in [15] are selected on object 'Object Repository/DispensaryToStore/Page_Store/select_--Select--Adernaline 0.'

2018-06-09 16:00:57 - [TEST_STEP][PASSED] - delay: Delayed 2 second(s)

2018-06-09 16:00:59 - [MESSAGE][PASSED] - Delayed 2 second(s)

2018-06-09 16:00:59 - [TEST_STEP][PASSED] - Statement - RequestedQty = com.kms.katalon.core.webui.keyword.WebUiBuiltInKeywords.getAttribute(com.kms.katalon.core.testobject.ObjectRepository.findTestObject(DispensaryToStore/Page_Store/input_txttotal), "value"): Attribute 'value' of object 'Object Repository/DispensaryToStore/Page_Store/input_txttotal' is: '10'

2018-06-09 16:00:59 - [MESSAGE][PASSED] - Attribute 'value' of object 'Object Repository/DispensaryToStore/Page_Store/input_txttotal' is: '10'

2018-06-09 16:00:59 - [TEST_STEP][PASSED] - Statement - out.println("Requested QTY : " + RequestedQty): null

2018-06-09 16:00:59 - [TEST_STEP][PASSED] - Statement - BatchNumber = com.kms.katalon.core.webui.keyword.WebUiBuiltInKeywords.getNumberOfTotalOption(com.kms.katalon.core.testobject.ObjectRepository.findTestObject(DispensaryToStore/Page_Store/select_--Select--BA1170BA2376B)): 4 options of object 'Object Repository/DispensaryToStore/Page_Store/select_--Select--BA1170BA2376B' counted

2018-06-09 16:00:59 - [MESSAGE][PASSED] - 4 options of object 'Object Repository/DispensaryToStore/Page_Store/select_--Select--BA1170BA2376B' counted

2018-06-09 16:00:59 - [TEST_STEP][PASSED] - Statement - For ([g = 1, g <= BatchNumber - 1, (g++)]): null

2018-06-09 16:00:59 - [TEST_STEP][PASSED] - selectOptionByIndex: All options with index in [1] are selected on object 'Object Repository/DispensaryToStore/Page_Store/select_--Select--BA1170BA2376B'

2018-06-09 16:00:59 - [MESSAGE][PASSED] - All options with index in [1] are selected on object 'Object Repository/DispensaryToStore/Page_Store/select_--Select--BA1170BA2376B'

2018-06-09 16:00:59 - [TEST_STEP][PASSED] - Statement - Try: null

2018-06-09 16:00:59 - [TEST_STEP][PASSED] - Statement - StockQty = com.kms.katalon.core.webui.keyword.WebUiBuiltInKeywords.getAttribute(com.kms.katalon.core.testobject.ObjectRepository.findTestObject(DispensaryToStore/Page_Store/input_txtprice), "value"): Attribute 'value' of object 'Object Repository/DispensaryToStore/Page_Store/input_txtprice' is: ''

2018-06-09 16:00:59 - [MESSAGE][PASSED] - Attribute 'value' of object 'Object Repository/DispensaryToStore/Page_Store/input_txtprice' is: ''

2018-06-09 16:00:59 - [TEST_STEP][PASSED] - Statement - out.println("Stock QTY : " + StockQty): null

2018-06-09 16:00:59 - [TEST_STEP][PASSED] - delay: Delayed 2 second(s)

2018-06-09 16:01:01 - [MESSAGE][PASSED] - Delayed 2 second(s)

2018-06-09 16:01:01 - [TEST_STEP][PASSED] - Statement - If (java.lang.String.valueOf(StockQty) >= java.lang.String.valueOf(RequestedQty)): null

2018-06-09 16:01:01 - [TEST_STEP][PASSED] - Statement - Else: null

2018-06-09 16:01:01 - [TEST_STEP][PASSED] - Statement - out.println("Stock Is Less Than Requested Qty"): null

2018-06-09 16:01:01 - [TEST_STEP][PASSED] - selectOptionByIndex: All options with index in [2] are selected on object 'Object Repository/DispensaryToStore/Page_Store/select_--Select--BA1170BA2376B'

2018-06-09 16:01:01 - [MESSAGE][PASSED] - All options with index in [2] are selected on object 'Object Repository/DispensaryToStore/Page_Store/select_--Select--BA1170BA2376B'

2018-06-09 16:01:01 - [TEST_STEP][PASSED] - Statement - Try: null

2018-06-09 16:01:01 - [TEST_STEP][PASSED] - Statement - StockQty = com.kms.katalon.core.webui.keyword.WebUiBuiltInKeywords.getAttribute(com.kms.katalon.core.testobject.ObjectRepository.findTestObject(DispensaryToStore/Page_Store/input_txtprice), "value"): Attribute 'value' of object 'Object Repository/DispensaryToStore/Page_Store/input_txtprice' is: '920'

2018-06-09 16:01:02 - [MESSAGE][PASSED] - Attribute 'value' of object 'Object Repository/DispensaryToStore/Page_Store/input_txtprice' is: '920'

2018-06-09 16:01:02 - [TEST_STEP][PASSED] - Statement - out.println("Stock QTY : " + StockQty): null

2018-06-09 16:01:02 - [TEST_STEP][PASSED] - delay: Delayed 2 second(s)

2018-06-09 16:01:04 - [MESSAGE][PASSED] - Delayed 2 second(s)

2018-06-09 16:01:04 - [TEST_STEP][PASSED] - Statement - If (java.lang.String.valueOf(StockQty) >= java.lang.String.valueOf(RequestedQty)): null

2018-06-09 16:01:04 - [TEST_STEP][PASSED] - setText: Text '10' is set on object 'Object Repository/DispensaryToStore/Page_Store/input_txtqty'

2018-06-09 16:01:04 - [MESSAGE][PASSED] - Text '10' is set on object 'Object Repository/DispensaryToStore/Page_Store/input_txtqty'

2018-06-09 16:01:04 - [TEST_STEP][PASSED] - click: Object: 'Object Repository/DispensaryToStore/Page_Store/button_Add' is clicked on

2018-06-09 16:01:04 - [MESSAGE][PASSED] - Object: 'Object Repository/DispensaryToStore/Page_Store/button_Add' is clicked on

2018-06-09 16:01:04 - [TEST_STEP][PASSED] - Statement - Break: null

2018-06-09 16:01:04 - [TEST_STEP][PASSED] - selectOptionByIndex: All options with index in [16] are selected on object 'Object Repository/DispensaryToStore/Page_Store/select_--Select--Adernaline 0.'

2018-06-09 16:01:04 - [MESSAGE][PASSED] - All options with index in [16] are selected on object 'Object Repository/DispensaryToStore/Page_Store/select_--Select--Adernaline 0.'

2018-06-09 16:01:04 - [TEST_STEP][PASSED] - delay: Delayed 2 second(s)

2018-06-09 16:01:06 - [MESSAGE][PASSED] - Delayed 2 second(s)

2018-06-09 16:01:06 - [TEST_STEP][PASSED] - Statement - RequestedQty = com.kms.katalon.core.webui.keyword.WebUiBuiltInKeywords.getAttribute(com.kms.katalon.core.testobject.ObjectRepository.findTestObject(DispensaryToStore/Page_Store/input_txttotal), "value"): Attribute 'value' of object 'Object Repository/DispensaryToStore/Page_Store/input_txttotal' is: '10'

2018-06-09 16:01:06 - [MESSAGE][PASSED] - Attribute 'value' of object 'Object Repository/DispensaryToStore/Page_Store/input_txttotal' is: '10'

2018-06-09 16:01:06 - [TEST_STEP][PASSED] - Statement - out.println("Requested QTY : " + RequestedQty): null

2018-06-09 16:01:06 - [TEST_STEP][PASSED] - Statement - BatchNumber = com.kms.katalon.core.webui.keyword.WebUiBuiltInKeywords.getNumberOfTotalOption(com.kms.katalon.core.testobject.ObjectRepository.findTestObject(DispensaryToStore/Page_Store/select_--Select--BA1170BA2376B)): 4 options of object 'Object Repository/DispensaryToStore/Page_Store/select_--Select--BA1170BA2376B' counted

2018-06-09 16:01:06 - [MESSAGE][PASSED] - 4 options of object 'Object Repository/DispensaryToStore/Page_Store/select_--Select--BA1170BA2376B' counted

2018-06-09 16:01:06 - [TEST_STEP][PASSED] - Statement - For ([g = 1, g <= BatchNumber - 1, (g++)]): null

2018-06-09 16:01:06 - [TEST_STEP][PASSED] - selectOptionByIndex: All options with index in [1] are selected on object 'Object Repository/DispensaryToStore/Page_Store/select_--Select--BA1170BA2376B'

2018-06-09 16:01:06 - [MESSAGE][PASSED] - All options with index in [1] are selected on object 'Object Repository/DispensaryToStore/Page_Store/select_--Select--BA1170BA2376B'

2018-06-09 16:01:06 - [TEST_STEP][PASSED] - Statement - Try: null

2018-06-09 16:01:06 - [TEST_STEP][PASSED] - Statement - StockQty = com.kms.katalon.core.webui.keyword.WebUiBuiltInKeywords.getAttribute(com.kms.katalon.core.testobject.ObjectRepository.findTestObject(DispensaryToStore/Page_Store/input_txtprice), "value"): Attribute 'value' of object 'Object Repository/DispensaryToStore/Page_Store/input_txtprice' is: '150'

2018-06-09 16:01:06 - [MESSAGE][PASSED] - Attribute 'value' of object 'Object Repository/DispensaryToStore/Page_Store/input_txtprice' is: '150'

2018-06-09 16:01:06 - [TEST_STEP][PASSED] - Statement - out.println("Stock QTY : " + StockQty): null

2018-06-09 16:01:06 - [TEST_STEP][PASSED] - delay: Delayed 2 second(s)

2018-06-09 16:01:08 - [MESSAGE][PASSED] - Delayed 2 second(s)

2018-06-09 16:01:08 - [TEST_STEP][PASSED] - Statement - If (java.lang.String.valueOf(StockQty) >= java.lang.String.valueOf(RequestedQty)): null

2018-06-09 16:01:08 - [TEST_STEP][PASSED] - setText: Text '10' is set on object 'Object Repository/DispensaryToStore/Page_Store/input_txtqty'

2018-06-09 16:01:08 - [MESSAGE][PASSED] - Text '10' is set on object 'Object Repository/DispensaryToStore/Page_Store/input_txtqty'

2018-06-09 16:01:08 - [TEST_STEP][PASSED] - click: Object: 'Object Repository/DispensaryToStore/Page_Store/button_Add' is clicked on

2018-06-09 16:01:08 - [MESSAGE][PASSED] - Object: 'Object Repository/DispensaryToStore/Page_Store/button_Add' is clicked on

2018-06-09 16:01:08 - [TEST_STEP][PASSED] - Statement - Break: null

2018-06-09 16:01:08 - [TEST_STEP][PASSED] - selectOptionByIndex: All options with index in [17] are selected on object 'Object Repository/DispensaryToStore/Page_Store/select_--Select--Adernaline 0.'

2018-06-09 16:01:09 - [MESSAGE][PASSED] - All options with index in [17] are selected on object 'Object Repository/DispensaryToStore/Page_Store/select_--Select--Adernaline 0.'

2018-06-09 16:01:09 - [TEST_STEP][PASSED] - delay: Delayed 2 second(s)

2018-06-09 16:01:11 - [MESSAGE][PASSED] - Delayed 2 second(s)

2018-06-09 16:01:11 - [TEST_STEP][PASSED] - Statement - RequestedQty = com.kms.katalon.core.webui.keyword.WebUiBuiltInKeywords.getAttribute(com.kms.katalon.core.testobject.ObjectRepository.findTestObject(DispensaryToStore/Page_Store/input_txttotal), "value"): Attribute 'value' of object 'Object Repository/DispensaryToStore/Page_Store/input_txttotal' is: '10'

2018-06-09 16:01:11 - [MESSAGE][PASSED] - Attribute 'value' of object 'Object Repository/DispensaryToStore/Page_Store/input_txttotal' is: '10'

2018-06-09 16:01:11 - [TEST_STEP][PASSED] - Statement - out.println("Requested QTY : " + RequestedQty): null

2018-06-09 16:01:11 - [TEST_STEP][PASSED] - Statement - BatchNumber = com.kms.katalon.core.webui.keyword.WebUiBuiltInKeywords.getNumberOfTotalOption(com.kms.katalon.core.testobject.ObjectRepository.findTestObject(DispensaryToStore/Page_Store/select_--Select--BA1170BA2376B)): 3 options of object 'Object Repository/DispensaryToStore/Page_Store/select_--Select--BA1170BA2376B' counted

2018-06-09 16:01:11 - [MESSAGE][PASSED] - 3 options of object 'Object Repository/DispensaryToStore/Page_Store/select_--Select--BA1170BA2376B' counted

2018-06-09 16:01:11 - [TEST_STEP][PASSED] - Statement - For ([g = 1, g <= BatchNumber - 1, (g++)]): null

2018-06-09 16:01:11 - [TEST_STEP][PASSED] - selectOptionByIndex: All options with index in [1] are selected on object 'Object Repository/DispensaryToStore/Page_Store/select_--Select--BA1170BA2376B'

2018-06-09 16:01:11 - [MESSAGE][PASSED] - All options with index in [1] are selected on object 'Object Repository/DispensaryToStore/Page_Store/select_--Select--BA1170BA2376B'

2018-06-09 16:01:11 - [TEST_STEP][PASSED] - Statement - Try: null

2018-06-09 16:01:11 - [TEST_STEP][PASSED] - Statement - StockQty = com.kms.katalon.core.webui.keyword.WebUiBuiltInKeywords.getAttribute(com.kms.katalon.core.testobject.ObjectRepository.findTestObject(DispensaryToStore/Page_Store/input_txtprice), "value"): Attribute 'value' of object 'Object Repository/DispensaryToStore/Page_Store/input_txtprice' is: '880'

2018-06-09 16:01:11 - [MESSAGE][PASSED] - Attribute 'value' of object 'Object Repository/DispensaryToStore/Page_Store/input_txtprice' is: '880'

2018-06-09 16:01:11 - [TEST_STEP][PASSED] - Statement - out.println("Stock QTY : " + StockQty): null

2018-06-09 16:01:11 - [TEST_STEP][PASSED] - delay: Delayed 2 second(s)

2018-06-09 16:01:13 - [MESSAGE][PASSED] - Delayed 2 second(s)

2018-06-09 16:01:13 - [TEST_STEP][PASSED] - Statement - If (java.lang.String.valueOf(StockQty) >= java.lang.String.valueOf(RequestedQty)): null

2018-06-09 16:01:13 - [TEST_STEP][PASSED] - setText: Text '10' is set on object 'Object Repository/DispensaryToStore/Page_Store/input_txtqty'

2018-06-09 16:01:13 - [MESSAGE][PASSED] - Text '10' is set on object 'Object Repository/DispensaryToStore/Page_Store/input_txtqty'

2018-06-09 16:01:13 - [TEST_STEP][PASSED] - click: Object: 'Object Repository/DispensaryToStore/Page_Store/button_Add' is clicked on

2018-06-09 16:01:13 - [MESSAGE][PASSED] - Object: 'Object Repository/DispensaryToStore/Page_Store/button_Add' is clicked on

2018-06-09 16:01:13 - [TEST_STEP][PASSED] - Statement - Break: null

2018-06-09 16:01:13 - [TEST_STEP][PASSED] - selectOptionByIndex: All options with index in [18] are selected on object 'Object Repository/DispensaryToStore/Page_Store/select_--Select--Adernaline 0.'

2018-06-09 16:01:13 - [MESSAGE][PASSED] - All options with index in [18] are selected on object 'Object Repository/DispensaryToStore/Page_Store/select_--Select--Adernaline 0.'

2018-06-09 16:01:13 - [TEST_STEP][PASSED] - delay: Delayed 2 second(s)

2018-06-09 16:01:15 - [MESSAGE][PASSED] - Delayed 2 second(s)

2018-06-09 16:01:15 - [TEST_STEP][PASSED] - Statement - RequestedQty = com.kms.katalon.core.webui.keyword.WebUiBuiltInKeywords.getAttribute(com.kms.katalon.core.testobject.ObjectRepository.findTestObject(DispensaryToStore/Page_Store/input_txttotal), "value"): Attribute 'value' of object 'Object Repository/DispensaryToStore/Page_Store/input_txttotal' is: '10'

2018-06-09 16:01:15 - [MESSAGE][PASSED] - Attribute 'value' of object 'Object Repository/DispensaryToStore/Page_Store/input_txttotal' is: '10'

2018-06-09 16:01:15 - [TEST_STEP][PASSED] - Statement - out.println("Requested QTY : " + RequestedQty): null

2018-06-09 16:01:15 - [TEST_STEP][PASSED] - Statement - BatchNumber = com.kms.katalon.core.webui.keyword.WebUiBuiltInKeywords.getNumberOfTotalOption(com.kms.katalon.core.testobject.ObjectRepository.findTestObject(DispensaryToStore/Page_Store/select_--Select--BA1170BA2376B)): 4 options of object 'Object Repository/DispensaryToStore/Page_Store/select_--Select--BA1170BA2376B' counted

2018-06-09 16:01:16 - [MESSAGE][PASSED] - 4 options of object 'Object Repository/DispensaryToStore/Page_Store/select_--Select--BA1170BA2376B' counted

2018-06-09 16:01:16 - [TEST_STEP][PASSED] - Statement - For ([g = 1, g <= BatchNumber - 1, (g++)]): null

2018-06-09 16:01:16 - [TEST_STEP][PASSED] - selectOptionByIndex: All options with index in [1] are selected on object 'Object Repository/DispensaryToStore/Page_Store/select_--Select--BA1170BA2376B'

2018-06-09 16:01:16 - [MESSAGE][PASSED] - All options with index in [1] are selected on object 'Object Repository/DispensaryToStore/Page_Store/select_--Select--BA1170BA2376B'

2018-06-09 16:01:16 - [TEST_STEP][PASSED] - Statement - Try: null

2018-06-09 16:01:16 - [TEST_STEP][PASSED] - Statement - StockQty = com.kms.katalon.core.webui.keyword.WebUiBuiltInKeywords.getAttribute(com.kms.katalon.core.testobject.ObjectRepository.findTestObject(DispensaryToStore/Page_Store/input_txtprice), "value"): Attribute 'value' of object 'Object Repository/DispensaryToStore/Page_Store/input_txtprice' is: '150'

2018-06-09 16:01:16 - [MESSAGE][PASSED] - Attribute 'value' of object 'Object Repository/DispensaryToStore/Page_Store/input_txtprice' is: '150'

2018-06-09 16:01:16 - [TEST_STEP][PASSED] - Statement - out.println("Stock QTY : " + StockQty): null

2018-06-09 16:01:16 - [TEST_STEP][PASSED] - delay: Delayed 2 second(s)

2018-06-09 16:01:18 - [MESSAGE][PASSED] - Delayed 2 second(s)

2018-06-09 16:01:18 - [TEST_STEP][PASSED] - Statement - If (java.lang.String.valueOf(StockQty) >= java.lang.String.valueOf(RequestedQty)): null

2018-06-09 16:01:18 - [TEST_STEP][PASSED] - setText: Text '10' is set on object 'Object Repository/DispensaryToStore/Page_Store/input_txtqty'

2018-06-09 16:01:18 - [MESSAGE][PASSED] - Text '10' is set on object 'Object Repository/DispensaryToStore/Page_Store/input_txtqty'

2018-06-09 16:01:18 - [TEST_STEP][PASSED] - click: Object: 'Object Repository/DispensaryToStore/Page_Store/button_Add' is clicked on

2018-06-09 16:01:18 - [MESSAGE][PASSED] - Object: 'Object Repository/DispensaryToStore/Page_Store/button_Add' is clicked on

2018-06-09 16:01:18 - [TEST_STEP][PASSED] - Statement - Break: null

2018-06-09 16:01:18 - [TEST_STEP][PASSED] - selectOptionByIndex: All options with index in [19] are selected on object 'Object Repository/DispensaryToStore/Page_Store/select_--Select--Adernaline 0.'

2018-06-09 16:01:18 - [MESSAGE][PASSED] - All options with index in [19] are selected on object 'Object Repository/DispensaryToStore/Page_Store/select_--Select--Adernaline 0.'

2018-06-09 16:01:18 - [TEST_STEP][PASSED] - delay: Delayed 2 second(s)

2018-06-09 16:01:20 - [MESSAGE][PASSED] - Delayed 2 second(s)

2018-06-09 16:01:20 - [TEST_STEP][PASSED] - Statement - RequestedQty = com.kms.katalon.core.webui.keyword.WebUiBuiltInKeywords.getAttribute(com.kms.katalon.core.testobject.ObjectRepository.findTestObject(DispensaryToStore/Page_Store/input_txttotal), "value"): Attribute 'value' of object 'Object Repository/DispensaryToStore/Page_Store/input_txttotal' is: '10'

2018-06-09 16:01:20 - [MESSAGE][PASSED] - Attribute 'value' of object 'Object Repository/DispensaryToStore/Page_Store/input_txttotal' is: '10'

2018-06-09 16:01:20 - [TEST_STEP][PASSED] - Statement - out.println("Requested QTY : " + RequestedQty): null

2018-06-09 16:01:20 - [TEST_STEP][PASSED] - Statement - BatchNumber = com.kms.katalon.core.webui.keyword.WebUiBuiltInKeywords.getNumberOfTotalOption(com.kms.katalon.core.testobject.ObjectRepository.findTestObject(DispensaryToStore/Page_Store/select_--Select--BA1170BA2376B)): 5 options of object 'Object Repository/DispensaryToStore/Page_Store/select_--Select--BA1170BA2376B' counted

2018-06-09 16:01:20 - [MESSAGE][PASSED] - 5 options of object 'Object Repository/DispensaryToStore/Page_Store/select_--Select--BA1170BA2376B' counted

2018-06-09 16:01:20 - [TEST_STEP][PASSED] - Statement - For ([g = 1, g <= BatchNumber - 1, (g++)]): null

2018-06-09 16:01:20 - [TEST_STEP][PASSED] - selectOptionByIndex: All options with index in [1] are selected on object 'Object Repository/DispensaryToStore/Page_Store/select_--Select--BA1170BA2376B'

2018-06-09 16:01:20 - [MESSAGE][PASSED] - All options with index in [1] are selected on object 'Object Repository/DispensaryToStore/Page_Store/select_--Select--BA1170BA2376B'

2018-06-09 16:01:20 - [TEST_STEP][PASSED] - Statement - Try: null

2018-06-09 16:01:20 - [TEST_STEP][PASSED] - Statement - StockQty = com.kms.katalon.core.webui.keyword.WebUiBuiltInKeywords.getAttribute(com.kms.katalon.core.testobject.ObjectRepository.findTestObject(DispensaryToStore/Page_Store/input_txtprice), "value"): Attribute 'value' of object 'Object Repository/DispensaryToStore/Page_Store/input_txtprice' is: '150'

2018-06-09 16:01:21 - [MESSAGE][PASSED] - Attribute 'value' of object 'Object Repository/DispensaryToStore/Page_Store/input_txtprice' is: '150'

2018-06-09 16:01:21 - [TEST_STEP][PASSED] - Statement - out.println("Stock QTY : " + StockQty): null

2018-06-09 16:01:21 - [TEST_STEP][PASSED] - delay: Delayed 2 second(s)

2018-06-09 16:01:23 - [MESSAGE][PASSED] - Delayed 2 second(s)

2018-06-09 16:01:23 - [TEST_STEP][PASSED] - Statement - If (java.lang.String.valueOf(StockQty) >= java.lang.String.valueOf(RequestedQty)): null

2018-06-09 16:01:23 - [TEST_STEP][PASSED] - setText: Text '10' is set on object 'Object Repository/DispensaryToStore/Page_Store/input_txtqty'

2018-06-09 16:01:23 - [MESSAGE][PASSED] - Text '10' is set on object 'Object Repository/DispensaryToStore/Page_Store/input_txtqty'

2018-06-09 16:01:23 - [TEST_STEP][PASSED] - click: Object: 'Object Repository/DispensaryToStore/Page_Store/button_Add' is clicked on

2018-06-09 16:01:23 - [MESSAGE][PASSED] - Object: 'Object Repository/DispensaryToStore/Page_Store/button_Add' is clicked on

2018-06-09 16:01:23 - [TEST_STEP][PASSED] - Statement - Break: null

2018-06-09 16:01:23 - [TEST_STEP][PASSED] - selectOptionByIndex: All options with index in [20] are selected on object 'Object Repository/DispensaryToStore/Page_Store/select_--Select--Adernaline 0.'

2018-06-09 16:01:23 - [MESSAGE][PASSED] - All options with index in [20] are selected on object 'Object Repository/DispensaryToStore/Page_Store/select_--Select--Adernaline 0.'

2018-06-09 16:01:23 - [TEST_STEP][PASSED] - delay: Delayed 2 second(s)

2018-06-09 16:01:25 - [MESSAGE][PASSED] - Delayed 2 second(s)

2018-06-09 16:01:25 - [TEST_STEP][PASSED] - Statement - RequestedQty = com.kms.katalon.core.webui.keyword.WebUiBuiltInKeywords.getAttribute(com.kms.katalon.core.testobject.ObjectRepository.findTestObject(DispensaryToStore/Page_Store/input_txttotal), "value"): Attribute 'value' of object 'Object Repository/DispensaryToStore/Page_Store/input_txttotal' is: '10'

2018-06-09 16:01:25 - [MESSAGE][PASSED] - Attribute 'value' of object 'Object Repository/DispensaryToStore/Page_Store/input_txttotal' is: '10'

2018-06-09 16:01:25 - [TEST_STEP][PASSED] - Statement - out.println("Requested QTY : " + RequestedQty): null

2018-06-09 16:01:25 - [TEST_STEP][PASSED] - Statement - BatchNumber = com.kms.katalon.core.webui.keyword.WebUiBuiltInKeywords.getNumberOfTotalOption(com.kms.katalon.core.testobject.ObjectRepository.findTestObject(DispensaryToStore/Page_Store/select_--Select--BA1170BA2376B)): 3 options of object 'Object Repository/DispensaryToStore/Page_Store/select_--Select--BA1170BA2376B' counted

2018-06-09 16:01:25 - [MESSAGE][PASSED] - 3 options of object 'Object Repository/DispensaryToStore/Page_Store/select_--Select--BA1170BA2376B' counted

2018-06-09 16:01:25 - [TEST_STEP][PASSED] - Statement - For ([g = 1, g <= BatchNumber - 1, (g++)]): null

2018-06-09 16:01:25 - [TEST_STEP][PASSED] - selectOptionByIndex: All options with index in [1] are selected on object 'Object Repository/DispensaryToStore/Page_Store/select_--Select--BA1170BA2376B'

2018-06-09 16:01:25 - [MESSAGE][PASSED] - All options with index in [1] are selected on object 'Object Repository/DispensaryToStore/Page_Store/select_--Select--BA1170BA2376B'

2018-06-09 16:01:25 - [TEST_STEP][PASSED] - Statement - Try: null

2018-06-09 16:01:25 - [TEST_STEP][PASSED] - Statement - StockQty = com.kms.katalon.core.webui.keyword.WebUiBuiltInKeywords.getAttribute(com.kms.katalon.core.testobject.ObjectRepository.findTestObject(DispensaryToStore/Page_Store/input_txtprice), "value"): Attribute 'value' of object 'Object Repository/DispensaryToStore/Page_Store/input_txtprice' is: '150'

2018-06-09 16:01:25 - [MESSAGE][PASSED] - Attribute 'value' of object 'Object Repository/DispensaryToStore/Page_Store/input_txtprice' is: '150'

2018-06-09 16:01:25 - [TEST_STEP][PASSED] - Statement - out.println("Stock QTY : " + StockQty): null

2018-06-09 16:01:25 - [TEST_STEP][PASSED] - delay: Delayed 2 second(s)

2018-06-09 16:01:27 - [MESSAGE][PASSED] - Delayed 2 second(s)

2018-06-09 16:01:27 - [TEST_STEP][PASSED] - Statement - If (java.lang.String.valueOf(StockQty) >= java.lang.String.valueOf(RequestedQty)): null

2018-06-09 16:01:27 - [TEST_STEP][PASSED] - setText: Text '10' is set on object 'Object Repository/DispensaryToStore/Page_Store/input_txtqty'

2018-06-09 16:01:27 - [MESSAGE][PASSED] - Text '10' is set on object 'Object Repository/DispensaryToStore/Page_Store/input_txtqty'

2018-06-09 16:01:27 - [TEST_STEP][PASSED] - click: Object: 'Object Repository/DispensaryToStore/Page_Store/button_Add' is clicked on

2018-06-09 16:01:27 - [MESSAGE][PASSED] - Object: 'Object Repository/DispensaryToStore/Page_Store/button_Add' is clicked on

2018-06-09 16:01:27 - [TEST_STEP][PASSED] - Statement - Break: null

2018-06-09 16:01:27 - [TEST_STEP][PASSED] - selectOptionByIndex: All options with index in [21] are selected on object 'Object Repository/DispensaryToStore/Page_Store/select_--Select--Adernaline 0.'

2018-06-09 16:01:28 - [MESSAGE][PASSED] - All options with index in [21] are selected on object 'Object Repository/DispensaryToStore/Page_Store/select_--Select--Adernaline 0.'

2018-06-09 16:01:28 - [TEST_STEP][PASSED] - delay: Delayed 2 second(s)

2018-06-09 16:01:30 - [MESSAGE][PASSED] - Delayed 2 second(s)

2018-06-09 16:01:30 - [TEST_STEP][PASSED] - Statement - RequestedQty = com.kms.katalon.core.webui.keyword.WebUiBuiltInKeywords.getAttribute(com.kms.katalon.core.testobject.ObjectRepository.findTestObject(DispensaryToStore/Page_Store/input_txttotal), "value"): Attribute 'value' of object 'Object Repository/DispensaryToStore/Page_Store/input_txttotal' is: '10'

2018-06-09 16:01:30 - [MESSAGE][PASSED] - Attribute 'value' of object 'Object Repository/DispensaryToStore/Page_Store/input_txttotal' is: '10'

2018-06-09 16:01:30 - [TEST_STEP][PASSED] - Statement - out.println("Requested QTY : " + RequestedQty): null

2018-06-09 16:01:30 - [TEST_STEP][PASSED] - Statement - BatchNumber = com.kms.katalon.core.webui.keyword.WebUiBuiltInKeywords.getNumberOfTotalOption(com.kms.katalon.core.testobject.ObjectRepository.findTestObject(DispensaryToStore/Page_Store/select_--Select--BA1170BA2376B)): 5 options of object 'Object Repository/DispensaryToStore/Page_Store/select_--Select--BA1170BA2376B' counted

2018-06-09 16:01:30 - [MESSAGE][PASSED] - 5 options of object 'Object Repository/DispensaryToStore/Page_Store/select_--Select--BA1170BA2376B' counted

2018-06-09 16:01:30 - [TEST_STEP][PASSED] - Statement - For ([g = 1, g <= BatchNumber - 1, (g++)]): null

2018-06-09 16:01:30 - [TEST_STEP][PASSED] - selectOptionByIndex: All options with index in [1] are selected on object 'Object Repository/DispensaryToStore/Page_Store/select_--Select--BA1170BA2376B'

2018-06-09 16:01:30 - [MESSAGE][PASSED] - All options with index in [1] are selected on object 'Object Repository/DispensaryToStore/Page_Store/select_--Select--BA1170BA2376B'

2018-06-09 16:01:30 - [TEST_STEP][PASSED] - Statement - Try: null

2018-06-09 16:01:30 - [TEST_STEP][PASSED] - Statement - StockQty = com.kms.katalon.core.webui.keyword.WebUiBuiltInKeywords.getAttribute(com.kms.katalon.core.testobject.ObjectRepository.findTestObject(DispensaryToStore/Page_Store/input_txtprice), "value"): Attribute 'value' of object 'Object Repository/DispensaryToStore/Page_Store/input_txtprice' is: '420'

2018-06-09 16:01:30 - [MESSAGE][PASSED] - Attribute 'value' of object 'Object Repository/DispensaryToStore/Page_Store/input_txtprice' is: '420'

2018-06-09 16:01:30 - [TEST_STEP][PASSED] - Statement - out.println("Stock QTY : " + StockQty): null

2018-06-09 16:01:30 - [TEST_STEP][PASSED] - delay: Delayed 2 second(s)

2018-06-09 16:01:32 - [MESSAGE][PASSED] - Delayed 2 second(s)

2018-06-09 16:01:32 - [TEST_STEP][PASSED] - Statement - If (java.lang.String.valueOf(StockQty) >= java.lang.String.valueOf(RequestedQty)): null

2018-06-09 16:01:32 - [TEST_STEP][PASSED] - setText: Text '10' is set on object 'Object Repository/DispensaryToStore/Page_Store/input_txtqty'

2018-06-09 16:01:32 - [MESSAGE][PASSED] - Text '10' is set on object 'Object Repository/DispensaryToStore/Page_Store/input_txtqty'

2018-06-09 16:01:32 - [TEST_STEP][PASSED] - click: Object: 'Object Repository/DispensaryToStore/Page_Store/button_Add' is clicked on

2018-06-09 16:01:32 - [MESSAGE][PASSED] - Object: 'Object Repository/DispensaryToStore/Page_Store/button_Add' is clicked on

2018-06-09 16:01:32 - [TEST_STEP][PASSED] - Statement - Break: null

2018-06-09 16:01:32 - [TEST_STEP][PASSED] - selectOptionByIndex: All options with index in [22] are selected on object 'Object Repository/DispensaryToStore/Page_Store/select_--Select--Adernaline 0.'

2018-06-09 16:01:33 - [MESSAGE][PASSED] - All options with index in [22] are selected on object 'Object Repository/DispensaryToStore/Page_Store/select_--Select--Adernaline 0.'

2018-06-09 16:01:33 - [TEST_STEP][PASSED] - delay: Delayed 2 second(s)

2018-06-09 16:01:35 - [MESSAGE][PASSED] - Delayed 2 second(s)

2018-06-09 16:01:35 - [TEST_STEP][PASSED] - Statement - RequestedQty = com.kms.katalon.core.webui.keyword.WebUiBuiltInKeywords.getAttribute(com.kms.katalon.core.testobject.ObjectRepository.findTestObject(DispensaryToStore/Page_Store/input_txttotal), "value"): Attribute 'value' of object 'Object Repository/DispensaryToStore/Page_Store/input_txttotal' is: '10'

2018-06-09 16:01:35 - [MESSAGE][PASSED] - Attribute 'value' of object 'Object Repository/DispensaryToStore/Page_Store/input_txttotal' is: '10'

2018-06-09 16:01:35 - [TEST_STEP][PASSED] - Statement - out.println("Requested QTY : " + RequestedQty): null

2018-06-09 16:01:35 - [TEST_STEP][PASSED] - Statement - BatchNumber = com.kms.katalon.core.webui.keyword.WebUiBuiltInKeywords.getNumberOfTotalOption(com.kms.katalon.core.testobject.ObjectRepository.findTestObject(DispensaryToStore/Page_Store/select_--Select--BA1170BA2376B)): 5 options of object 'Object Repository/DispensaryToStore/Page_Store/select_--Select--BA1170BA2376B' counted

2018-06-09 16:01:35 - [MESSAGE][PASSED] - 5 options of object 'Object Repository/DispensaryToStore/Page_Store/select_--Select--BA1170BA2376B' counted

2018-06-09 16:01:35 - [TEST_STEP][PASSED] - Statement - For ([g = 1, g <= BatchNumber - 1, (g++)]): null

2018-06-09 16:01:35 - [TEST_STEP][PASSED] - selectOptionByIndex: All options with index in [1] are selected on object 'Object Repository/DispensaryToStore/Page_Store/select_--Select--BA1170BA2376B'

2018-06-09 16:01:35 - [MESSAGE][PASSED] - All options with index in [1] are selected on object 'Object Repository/DispensaryToStore/Page_Store/select_--Select--BA1170BA2376B'

2018-06-09 16:01:35 - [TEST_STEP][PASSED] - Statement - Try: null

2018-06-09 16:01:35 - [TEST_STEP][PASSED] - Statement - StockQty = com.kms.katalon.core.webui.keyword.WebUiBuiltInKeywords.getAttribute(com.kms.katalon.core.testobject.ObjectRepository.findTestObject(DispensaryToStore/Page_Store/input_txtprice), "value"): Attribute 'value' of object 'Object Repository/DispensaryToStore/Page_Store/input_txtprice' is: '420'

2018-06-09 16:01:35 - [MESSAGE][PASSED] - Attribute 'value' of object 'Object Repository/DispensaryToStore/Page_Store/input_txtprice' is: '420'

2018-06-09 16:01:35 - [TEST_STEP][PASSED] - Statement - out.println("Stock QTY : " + StockQty): null

2018-06-09 16:01:35 - [TEST_STEP][PASSED] - delay: Delayed 2 second(s)

2018-06-09 16:01:37 - [MESSAGE][PASSED] - Delayed 2 second(s)

2018-06-09 16:01:37 - [TEST_STEP][PASSED] - Statement - If (java.lang.String.valueOf(StockQty) >= java.lang.String.valueOf(RequestedQty)): null

2018-06-09 16:01:37 - [TEST_STEP][PASSED] - setText: Text '10' is set on object 'Object Repository/DispensaryToStore/Page_Store/input_txtqty'

2018-06-09 16:01:37 - [MESSAGE][PASSED] - Text '10' is set on object 'Object Repository/DispensaryToStore/Page_Store/input_txtqty'

2018-06-09 16:01:37 - [TEST_STEP][PASSED] - click: Object: 'Object Repository/DispensaryToStore/Page_Store/button_Add' is clicked on

2018-06-09 16:01:37 - [MESSAGE][PASSED] - Object: 'Object Repository/DispensaryToStore/Page_Store/button_Add' is clicked on

2018-06-09 16:01:37 - [TEST_STEP][PASSED] - Statement - Break: null

2018-06-09 16:01:37 - [TEST_STEP][PASSED] - selectOptionByIndex: All options with index in [23] are selected on object 'Object Repository/DispensaryToStore/Page_Store/select_--Select--Adernaline 0.'

2018-06-09 16:01:37 - [MESSAGE][PASSED] - All options with index in [23] are selected on object 'Object Repository/DispensaryToStore/Page_Store/select_--Select--Adernaline 0.'

2018-06-09 16:01:37 - [TEST_STEP][PASSED] - delay: Delayed 2 second(s)

2018-06-09 16:01:39 - [MESSAGE][PASSED] - Delayed 2 second(s)

2018-06-09 16:01:39 - [TEST_STEP][PASSED] - Statement - RequestedQty = com.kms.katalon.core.webui.keyword.WebUiBuiltInKeywords.getAttribute(com.kms.katalon.core.testobject.ObjectRepository.findTestObject(DispensaryToStore/Page_Store/input_txttotal), "value"): Attribute 'value' of object 'Object Repository/DispensaryToStore/Page_Store/input_txttotal' is: '10'

2018-06-09 16:01:39 - [MESSAGE][PASSED] - Attribute 'value' of object 'Object Repository/DispensaryToStore/Page_Store/input_txttotal' is: '10'

2018-06-09 16:01:39 - [TEST_STEP][PASSED] - Statement - out.println("Requested QTY : " + RequestedQty): null

2018-06-09 16:01:39 - [TEST_STEP][PASSED] - Statement - BatchNumber = com.kms.katalon.core.webui.keyword.WebUiBuiltInKeywords.getNumberOfTotalOption(com.kms.katalon.core.testobject.ObjectRepository.findTestObject(DispensaryToStore/Page_Store/select_--Select--BA1170BA2376B)): 3 options of object 'Object Repository/DispensaryToStore/Page_Store/select_--Select--BA1170BA2376B' counted

2018-06-09 16:01:40 - [MESSAGE][PASSED] - 3 options of object 'Object Repository/DispensaryToStore/Page_Store/select_--Select--BA1170BA2376B' counted

2018-06-09 16:01:40 - [TEST_STEP][PASSED] - Statement - For ([g = 1, g <= BatchNumber - 1, (g++)]): null

2018-06-09 16:01:40 - [TEST_STEP][PASSED] - selectOptionByIndex: All options with index in [1] are selected on object 'Object Repository/DispensaryToStore/Page_Store/select_--Select--BA1170BA2376B'

2018-06-09 16:01:40 - [MESSAGE][PASSED] - All options with index in [1] are selected on object 'Object Repository/DispensaryToStore/Page_Store/select_--Select--BA1170BA2376B'

2018-06-09 16:01:40 - [TEST_STEP][PASSED] - Statement - Try: null

2018-06-09 16:01:40 - [TEST_STEP][PASSED] - Statement - StockQty = com.kms.katalon.core.webui.keyword.WebUiBuiltInKeywords.getAttribute(com.kms.katalon.core.testobject.ObjectRepository.findTestObject(DispensaryToStore/Page_Store/input_txtprice), "value"): Attribute 'value' of object 'Object Repository/DispensaryToStore/Page_Store/input_txtprice' is: '1800'

2018-06-09 16:01:40 - [MESSAGE][PASSED] - Attribute 'value' of object 'Object Repository/DispensaryToStore/Page_Store/input_txtprice' is: '1800'

2018-06-09 16:01:40 - [TEST_STEP][PASSED] - Statement - out.println("Stock QTY : " + StockQty): null

2018-06-09 16:01:40 - [TEST_STEP][PASSED] - delay: Delayed 2 second(s)

2018-06-09 16:01:42 - [MESSAGE][PASSED] - Delayed 2 second(s)

2018-06-09 16:01:42 - [TEST_STEP][PASSED] - Statement - If (java.lang.String.valueOf(StockQty) >= java.lang.String.valueOf(RequestedQty)): null

2018-06-09 16:01:42 - [TEST_STEP][PASSED] - setText: Text '10' is set on object 'Object Repository/DispensaryToStore/Page_Store/input_txtqty'

2018-06-09 16:01:42 - [MESSAGE][PASSED] - Text '10' is set on object 'Object Repository/DispensaryToStore/Page_Store/input_txtqty'

2018-06-09 16:01:42 - [TEST_STEP][PASSED] - click: Object: 'Object Repository/DispensaryToStore/Page_Store/button_Add' is clicked on

2018-06-09 16:01:42 - [MESSAGE][PASSED] - Object: 'Object Repository/DispensaryToStore/Page_Store/button_Add' is clicked on

2018-06-09 16:01:42 - [TEST_STEP][PASSED] - Statement - Break: null

2018-06-09 16:01:42 - [TEST_STEP][PASSED] - selectOptionByIndex: All options with index in [24] are selected on object 'Object Repository/DispensaryToStore/Page_Store/select_--Select--Adernaline 0.'

2018-06-09 16:01:42 - [MESSAGE][PASSED] - All options with index in [24] are selected on object 'Object Repository/DispensaryToStore/Page_Store/select_--Select--Adernaline 0.'

2018-06-09 16:01:42 - [TEST_STEP][PASSED] - delay: Delayed 2 second(s)

2018-06-09 16:01:44 - [MESSAGE][PASSED] - Delayed 2 second(s)

2018-06-09 16:01:44 - [TEST_STEP][PASSED] - Statement - RequestedQty = com.kms.katalon.core.webui.keyword.WebUiBuiltInKeywords.getAttribute(com.kms.katalon.core.testobject.ObjectRepository.findTestObject(DispensaryToStore/Page_Store/input_txttotal), "value"): Attribute 'value' of object 'Object Repository/DispensaryToStore/Page_Store/input_txttotal' is: '10'

2018-06-09 16:01:44 - [MESSAGE][PASSED] - Attribute 'value' of object 'Object Repository/DispensaryToStore/Page_Store/input_txttotal' is: '10'

2018-06-09 16:01:44 - [TEST_STEP][PASSED] - Statement - out.println("Requested QTY : " + RequestedQty): null

2018-06-09 16:01:44 - [TEST_STEP][PASSED] - Statement - BatchNumber = com.kms.katalon.core.webui.keyword.WebUiBuiltInKeywords.getNumberOfTotalOption(com.kms.katalon.core.testobject.ObjectRepository.findTestObject(DispensaryToStore/Page_Store/select_--Select--BA1170BA2376B)): 4 options of object 'Object Repository/DispensaryToStore/Page_Store/select_--Select--BA1170BA2376B' counted

2018-06-09 16:01:44 - [MESSAGE][PASSED] - 4 options of object 'Object Repository/DispensaryToStore/Page_Store/select_--Select--BA1170BA2376B' counted

2018-06-09 16:01:44 - [TEST_STEP][PASSED] - Statement - For ([g = 1, g <= BatchNumber - 1, (g++)]): null

2018-06-09 16:01:44 - [TEST_STEP][PASSED] - selectOptionByIndex: All options with index in [1] are selected on object 'Object Repository/DispensaryToStore/Page_Store/select_--Select--BA1170BA2376B'

2018-06-09 16:01:44 - [MESSAGE][PASSED] - All options with index in [1] are selected on object 'Object Repository/DispensaryToStore/Page_Store/select_--Select--BA1170BA2376B'

2018-06-09 16:01:44 - [TEST_STEP][PASSED] - Statement - Try: null

2018-06-09 16:01:44 - [TEST_STEP][PASSED] - Statement - StockQty = com.kms.katalon.core.webui.keyword.WebUiBuiltInKeywords.getAttribute(com.kms.katalon.core.testobject.ObjectRepository.findTestObject(DispensaryToStore/Page_Store/input_txtprice), "value"): Attribute 'value' of object 'Object Repository/DispensaryToStore/Page_Store/input_txtprice' is: '880'

2018-06-09 16:01:45 - [MESSAGE][PASSED] - Attribute 'value' of object 'Object Repository/DispensaryToStore/Page_Store/input_txtprice' is: '880'

2018-06-09 16:01:45 - [TEST_STEP][PASSED] - Statement - out.println("Stock QTY : " + StockQty): null

2018-06-09 16:01:45 - [TEST_STEP][PASSED] - delay: Delayed 2 second(s)

2018-06-09 16:01:47 - [MESSAGE][PASSED] - Delayed 2 second(s)

2018-06-09 16:01:47 - [TEST_STEP][PASSED] - Statement - If (java.lang.String.valueOf(StockQty) >= java.lang.String.valueOf(RequestedQty)): null

2018-06-09 16:01:47 - [TEST_STEP][PASSED] - setText: Text '10' is set on object 'Object Repository/DispensaryToStore/Page_Store/input_txtqty'

2018-06-09 16:01:47 - [MESSAGE][PASSED] - Text '10' is set on object 'Object Repository/DispensaryToStore/Page_Store/input_txtqty'

2018-06-09 16:01:47 - [TEST_STEP][PASSED] - click: Object: 'Object Repository/DispensaryToStore/Page_Store/button_Add' is clicked on

2018-06-09 16:01:47 - [MESSAGE][PASSED] - Object: 'Object Repository/DispensaryToStore/Page_Store/button_Add' is clicked on

2018-06-09 16:01:47 - [TEST_STEP][PASSED] - Statement - Break: null

2018-06-09 16:01:47 - [TEST_STEP][PASSED] - selectOptionByIndex: All options with index in [25] are selected on object 'Object Repository/DispensaryToStore/Page_Store/select_--Select--Adernaline 0.'

2018-06-09 16:01:47 - [MESSAGE][PASSED] - All options with index in [25] are selected on object 'Object Repository/DispensaryToStore/Page_Store/select_--Select--Adernaline 0.'

2018-06-09 16:01:47 - [TEST_STEP][PASSED] - delay: Delayed 2 second(s)

2018-06-09 16:01:49 - [MESSAGE][PASSED] - Delayed 2 second(s)

2018-06-09 16:01:49 - [TEST_STEP][PASSED] - Statement - RequestedQty = com.kms.katalon.core.webui.keyword.WebUiBuiltInKeywords.getAttribute(com.kms.katalon.core.testobject.ObjectRepository.findTestObject(DispensaryToStore/Page_Store/input_txttotal), "value"): Attribute 'value' of object 'Object Repository/DispensaryToStore/Page_Store/input_txttotal' is: '10'

2018-06-09 16:01:49 - [MESSAGE][PASSED] - Attribute 'value' of object 'Object Repository/DispensaryToStore/Page_Store/input_txttotal' is: '10'

2018-06-09 16:01:49 - [TEST_STEP][PASSED] - Statement - out.println("Requested QTY : " + RequestedQty): null

2018-06-09 16:01:49 - [TEST_STEP][PASSED] - Statement - BatchNumber = com.kms.katalon.core.webui.keyword.WebUiBuiltInKeywords.getNumberOfTotalOption(com.kms.katalon.core.testobject.ObjectRepository.findTestObject(DispensaryToStore/Page_Store/select_--Select--BA1170BA2376B)): 4 options of object 'Object Repository/DispensaryToStore/Page_Store/select_--Select--BA1170BA2376B' counted

2018-06-09 16:01:49 - [MESSAGE][PASSED] - 4 options of object 'Object Repository/DispensaryToStore/Page_Store/select_--Select--BA1170BA2376B' counted

2018-06-09 16:01:49 - [TEST_STEP][PASSED] - Statement - For ([g = 1, g <= BatchNumber - 1, (g++)]): null

2018-06-09 16:01:49 - [TEST_STEP][PASSED] - selectOptionByIndex: All options with index in [1] are selected on object 'Object Repository/DispensaryToStore/Page_Store/select_--Select--BA1170BA2376B'

2018-06-09 16:01:49 - [MESSAGE][PASSED] - All options with index in [1] are selected on object 'Object Repository/DispensaryToStore/Page_Store/select_--Select--BA1170BA2376B'

2018-06-09 16:01:49 - [TEST_STEP][PASSED] - Statement - Try: null

2018-06-09 16:01:49 - [TEST_STEP][PASSED] - Statement - StockQty = com.kms.katalon.core.webui.keyword.WebUiBuiltInKeywords.getAttribute(com.kms.katalon.core.testobject.ObjectRepository.findTestObject(DispensaryToStore/Page_Store/input_txtprice), "value"): Attribute 'value' of object 'Object Repository/DispensaryToStore/Page_Store/input_txtprice' is: '150'

2018-06-09 16:01:49 - [MESSAGE][PASSED] - Attribute 'value' of object 'Object Repository/DispensaryToStore/Page_Store/input_txtprice' is: '150'

2018-06-09 16:01:49 - [TEST_STEP][PASSED] - Statement - out.println("Stock QTY : " + StockQty): null

2018-06-09 16:01:49 - [TEST_STEP][PASSED] - delay: Delayed 2 second(s)

2018-06-09 16:01:51 - [MESSAGE][PASSED] - Delayed 2 second(s)

2018-06-09 16:01:51 - [TEST_STEP][PASSED] - Statement - If (java.lang.String.valueOf(StockQty) >= java.lang.String.valueOf(RequestedQty)): null

2018-06-09 16:01:51 - [TEST_STEP][PASSED] - setText: Text '10' is set on object 'Object Repository/DispensaryToStore/Page_Store/input_txtqty'

2018-06-09 16:01:52 - [MESSAGE][PASSED] - Text '10' is set on object 'Object Repository/DispensaryToStore/Page_Store/input_txtqty'

2018-06-09 16:01:52 - [TEST_STEP][PASSED] - click: Object: 'Object Repository/DispensaryToStore/Page_Store/button_Add' is clicked on

2018-06-09 16:01:52 - [MESSAGE][PASSED] - Object: 'Object Repository/DispensaryToStore/Page_Store/button_Add' is clicked on

2018-06-09 16:01:52 - [TEST_STEP][PASSED] - Statement - Break: null

2018-06-09 16:01:52 - [TEST_STEP][PASSED] - selectOptionByIndex: All options with index in [26] are selected on object 'Object Repository/DispensaryToStore/Page_Store/select_--Select--Adernaline 0.'

2018-06-09 16:01:52 - [MESSAGE][PASSED] - All options with index in [26] are selected on object 'Object Repository/DispensaryToStore/Page_Store/select_--Select--Adernaline 0.'

2018-06-09 16:01:52 - [TEST_STEP][PASSED] - delay: Delayed 2 second(s)

2018-06-09 16:01:54 - [MESSAGE][PASSED] - Delayed 2 second(s)

2018-06-09 16:01:54 - [TEST_STEP][PASSED] - Statement - RequestedQty = com.kms.katalon.core.webui.keyword.WebUiBuiltInKeywords.getAttribute(com.kms.katalon.core.testobject.ObjectRepository.findTestObject(DispensaryToStore/Page_Store/input_txttotal), "value"): Attribute 'value' of object 'Object Repository/DispensaryToStore/Page_Store/input_txttotal' is: '10'

2018-06-09 16:01:54 - [MESSAGE][PASSED] - Attribute 'value' of object 'Object Repository/DispensaryToStore/Page_Store/input_txttotal' is: '10'

2018-06-09 16:01:54 - [TEST_STEP][PASSED] - Statement - out.println("Requested QTY : " + RequestedQty): null

2018-06-09 16:01:54 - [TEST_STEP][PASSED] - Statement - BatchNumber = com.kms.katalon.core.webui.keyword.WebUiBuiltInKeywords.getNumberOfTotalOption(com.kms.katalon.core.testobject.ObjectRepository.findTestObject(DispensaryToStore/Page_Store/select_--Select--BA1170BA2376B)): 3 options of object 'Object Repository/DispensaryToStore/Page_Store/select_--Select--BA1170BA2376B' counted

2018-06-09 16:01:54 - [MESSAGE][PASSED] - 3 options of object 'Object Repository/DispensaryToStore/Page_Store/select_--Select--BA1170BA2376B' counted

2018-06-09 16:01:54 - [TEST_STEP][PASSED] - Statement - For ([g = 1, g <= BatchNumber - 1, (g++)]): null

2018-06-09 16:01:54 - [TEST_STEP][PASSED] - selectOptionByIndex: All options with index in [1] are selected on object 'Object Repository/DispensaryToStore/Page_Store/select_--Select--BA1170BA2376B'

2018-06-09 16:01:54 - [MESSAGE][PASSED] - All options with index in [1] are selected on object 'Object Repository/DispensaryToStore/Page_Store/select_--Select--BA1170BA2376B'

2018-06-09 16:01:54 - [TEST_STEP][PASSED] - Statement - Try: null

2018-06-09 16:01:54 - [TEST_STEP][PASSED] - Statement - StockQty = com.kms.katalon.core.webui.keyword.WebUiBuiltInKeywords.getAttribute(com.kms.katalon.core.testobject.ObjectRepository.findTestObject(DispensaryToStore/Page_Store/input_txtprice), "value"): Attribute 'value' of object 'Object Repository/DispensaryToStore/Page_Store/input_txtprice' is: '1800'

2018-06-09 16:01:54 - [MESSAGE][PASSED] - Attribute 'value' of object 'Object Repository/DispensaryToStore/Page_Store/input_txtprice' is: '1800'

2018-06-09 16:01:54 - [TEST_STEP][PASSED] - Statement - out.println("Stock QTY : " + StockQty): null

2018-06-09 16:01:54 - [TEST_STEP][PASSED] - delay: Delayed 2 second(s)

2018-06-09 16:01:56 - [MESSAGE][PASSED] - Delayed 2 second(s)

2018-06-09 16:01:56 - [TEST_STEP][PASSED] - Statement - If (java.lang.String.valueOf(StockQty) >= java.lang.String.valueOf(RequestedQty)): null

2018-06-09 16:01:56 - [TEST_STEP][PASSED] - setText: Text '10' is set on object 'Object Repository/DispensaryToStore/Page_Store/input_txtqty'

2018-06-09 16:01:56 - [MESSAGE][PASSED] - Text '10' is set on object 'Object Repository/DispensaryToStore/Page_Store/input_txtqty'

2018-06-09 16:01:56 - [TEST_STEP][PASSED] - click: Object: 'Object Repository/DispensaryToStore/Page_Store/button_Add' is clicked on

2018-06-09 16:01:57 - [MESSAGE][PASSED] - Object: 'Object Repository/DispensaryToStore/Page_Store/button_Add' is clicked on

2018-06-09 16:01:57 - [TEST_STEP][PASSED] - Statement - Break: null

2018-06-09 16:01:57 - [TEST_STEP][PASSED] - selectOptionByIndex: All options with index in [27] are selected on object 'Object Repository/DispensaryToStore/Page_Store/select_--Select--Adernaline 0.'

2018-06-09 16:01:57 - [MESSAGE][PASSED] - All options with index in [27] are selected on object 'Object Repository/DispensaryToStore/Page_Store/select_--Select--Adernaline 0.'

2018-06-09 16:01:57 - [TEST_STEP][PASSED] - delay: Delayed 2 second(s)

2018-06-09 16:01:59 - [MESSAGE][PASSED] - Delayed 2 second(s)

2018-06-09 16:01:59 - [TEST_STEP][PASSED] - Statement - RequestedQty = com.kms.katalon.core.webui.keyword.WebUiBuiltInKeywords.getAttribute(com.kms.katalon.core.testobject.ObjectRepository.findTestObject(DispensaryToStore/Page_Store/input_txttotal), "value"): Attribute 'value' of object 'Object Repository/DispensaryToStore/Page_Store/input_txttotal' is: '10'

2018-06-09 16:01:59 - [MESSAGE][PASSED] - Attribute 'value' of object 'Object Repository/DispensaryToStore/Page_Store/input_txttotal' is: '10'

2018-06-09 16:01:59 - [TEST_STEP][PASSED] - Statement - out.println("Requested QTY : " + RequestedQty): null

2018-06-09 16:01:59 - [TEST_STEP][PASSED] - Statement - BatchNumber = com.kms.katalon.core.webui.keyword.WebUiBuiltInKeywords.getNumberOfTotalOption(com.kms.katalon.core.testobject.ObjectRepository.findTestObject(DispensaryToStore/Page_Store/select_--Select--BA1170BA2376B)): 4 options of object 'Object Repository/DispensaryToStore/Page_Store/select_--Select--BA1170BA2376B' counted

2018-06-09 16:01:59 - [MESSAGE][PASSED] - 4 options of object 'Object Repository/DispensaryToStore/Page_Store/select_--Select--BA1170BA2376B' counted

2018-06-09 16:01:59 - [TEST_STEP][PASSED] - Statement - For ([g = 1, g <= BatchNumber - 1, (g++)]): null

2018-06-09 16:01:59 - [TEST_STEP][PASSED] - selectOptionByIndex: All options with index in [1] are selected on object 'Object Repository/DispensaryToStore/Page_Store/select_--Select--BA1170BA2376B'

2018-06-09 16:01:59 - [MESSAGE][PASSED] - All options with index in [1] are selected on object 'Object Repository/DispensaryToStore/Page_Store/select_--Select--BA1170BA2376B'

2018-06-09 16:01:59 - [TEST_STEP][PASSED] - Statement - Try: null

2018-06-09 16:01:59 - [TEST_STEP][PASSED] - Statement - StockQty = com.kms.katalon.core.webui.keyword.WebUiBuiltInKeywords.getAttribute(com.kms.katalon.core.testobject.ObjectRepository.findTestObject(DispensaryToStore/Page_Store/input_txtprice), "value"): Attribute 'value' of object 'Object Repository/DispensaryToStore/Page_Store/input_txtprice' is: '880'

2018-06-09 16:01:59 - [MESSAGE][PASSED] - Attribute 'value' of object 'Object Repository/DispensaryToStore/Page_Store/input_txtprice' is: '880'

2018-06-09 16:01:59 - [TEST_STEP][PASSED] - Statement - out.println("Stock QTY : " + StockQty): null

2018-06-09 16:01:59 - [TEST_STEP][PASSED] - delay: Delayed 2 second(s)

2018-06-09 16:02:01 - [MESSAGE][PASSED] - Delayed 2 second(s)

2018-06-09 16:02:01 - [TEST_STEP][PASSED] - Statement - If (java.lang.String.valueOf(StockQty) >= java.lang.String.valueOf(RequestedQty)): null

2018-06-09 16:02:01 - [TEST_STEP][PASSED] - setText: Text '10' is set on object 'Object Repository/DispensaryToStore/Page_Store/input_txtqty'

2018-06-09 16:02:01 - [MESSAGE][PASSED] - Text '10' is set on object 'Object Repository/DispensaryToStore/Page_Store/input_txtqty'

2018-06-09 16:02:01 - [TEST_STEP][PASSED] - click: Object: 'Object Repository/DispensaryToStore/Page_Store/button_Add' is clicked on

2018-06-09 16:02:01 - [MESSAGE][PASSED] - Object: 'Object Repository/DispensaryToStore/Page_Store/button_Add' is clicked on

2018-06-09 16:02:01 - [TEST_STEP][PASSED] - Statement - Break: null

2018-06-09 16:02:01 - [TEST_STEP][PASSED] - selectOptionByIndex: All options with index in [28] are selected on object 'Object Repository/DispensaryToStore/Page_Store/select_--Select--Adernaline 0.'

2018-06-09 16:02:02 - [MESSAGE][PASSED] - All options with index in [28] are selected on object 'Object Repository/DispensaryToStore/Page_Store/select_--Select--Adernaline 0.'

2018-06-09 16:02:02 - [TEST_STEP][PASSED] - delay: Delayed 2 second(s)

2018-06-09 16:02:04 - [MESSAGE][PASSED] - Delayed 2 second(s)

2018-06-09 16:02:04 - [TEST_STEP][PASSED] - Statement - RequestedQty = com.kms.katalon.core.webui.keyword.WebUiBuiltInKeywords.getAttribute(com.kms.katalon.core.testobject.ObjectRepository.findTestObject(DispensaryToStore/Page_Store/input_txttotal), "value"): Attribute 'value' of object 'Object Repository/DispensaryToStore/Page_Store/input_txttotal' is: '10'

2018-06-09 16:02:04 - [MESSAGE][PASSED] - Attribute 'value' of object 'Object Repository/DispensaryToStore/Page_Store/input_txttotal' is: '10'

2018-06-09 16:02:04 - [TEST_STEP][PASSED] - Statement - out.println("Requested QTY : " + RequestedQty): null

2018-06-09 16:02:04 - [TEST_STEP][PASSED] - Statement - BatchNumber = com.kms.katalon.core.webui.keyword.WebUiBuiltInKeywords.getNumberOfTotalOption(com.kms.katalon.core.testobject.ObjectRepository.findTestObject(DispensaryToStore/Page_Store/select_--Select--BA1170BA2376B)): 5 options of object 'Object Repository/DispensaryToStore/Page_Store/select_--Select--BA1170BA2376B' counted

2018-06-09 16:02:04 - [MESSAGE][PASSED] - 5 options of object 'Object Repository/DispensaryToStore/Page_Store/select_--Select--BA1170BA2376B' counted

2018-06-09 16:02:04 - [TEST_STEP][PASSED] - Statement - For ([g = 1, g <= BatchNumber - 1, (g++)]): null

2018-06-09 16:02:04 - [TEST_STEP][PASSED] - selectOptionByIndex: All options with index in [1] are selected on object 'Object Repository/DispensaryToStore/Page_Store/select_--Select--BA1170BA2376B'

2018-06-09 16:02:04 - [MESSAGE][PASSED] - All options with index in [1] are selected on object 'Object Repository/DispensaryToStore/Page_Store/select_--Select--BA1170BA2376B'

2018-06-09 16:02:04 - [TEST_STEP][PASSED] - Statement - Try: null

2018-06-09 16:02:04 - [TEST_STEP][PASSED] - Statement - StockQty = com.kms.katalon.core.webui.keyword.WebUiBuiltInKeywords.getAttribute(com.kms.katalon.core.testobject.ObjectRepository.findTestObject(DispensaryToStore/Page_Store/input_txtprice), "value"): Attribute 'value' of object 'Object Repository/DispensaryToStore/Page_Store/input_txtprice' is: '420'

2018-06-09 16:02:04 - [MESSAGE][PASSED] - Attribute 'value' of object 'Object Repository/DispensaryToStore/Page_Store/input_txtprice' is: '420'

2018-06-09 16:02:04 - [TEST_STEP][PASSED] - Statement - out.println("Stock QTY : " + StockQty): null

2018-06-09 16:02:04 - [TEST_STEP][PASSED] - delay: Delayed 2 second(s)

2018-06-09 16:02:06 - [MESSAGE][PASSED] - Delayed 2 second(s)

2018-06-09 16:02:06 - [TEST_STEP][PASSED] - Statement - If (java.lang.String.valueOf(StockQty) >= java.lang.String.valueOf(RequestedQty)): null

2018-06-09 16:02:06 - [TEST_STEP][PASSED] - setText: Text '10' is set on object 'Object Repository/DispensaryToStore/Page_Store/input_txtqty'

2018-06-09 16:02:06 - [MESSAGE][PASSED] - Text '10' is set on object 'Object Repository/DispensaryToStore/Page_Store/input_txtqty'

2018-06-09 16:02:06 - [TEST_STEP][PASSED] - click: Object: 'Object Repository/DispensaryToStore/Page_Store/button_Add' is clicked on

2018-06-09 16:02:06 - [MESSAGE][PASSED] - Object: 'Object Repository/DispensaryToStore/Page_Store/button_Add' is clicked on

2018-06-09 16:02:06 - [TEST_STEP][PASSED] - Statement - Break: null

2018-06-09 16:02:06 - [TEST_STEP][PASSED] - selectOptionByIndex: All options with index in [29] are selected on object 'Object Repository/DispensaryToStore/Page_Store/select_--Select--Adernaline 0.'

2018-06-09 16:02:07 - [MESSAGE][PASSED] - All options with index in [29] are selected on object 'Object Repository/DispensaryToStore/Page_Store/select_--Select--Adernaline 0.'

2018-06-09 16:02:07 - [TEST_STEP][PASSED] - delay: Delayed 2 second(s)

2018-06-09 16:02:09 - [MESSAGE][PASSED] - Delayed 2 second(s)

2018-06-09 16:02:09 - [TEST_STEP][PASSED] - Statement - RequestedQty = com.kms.katalon.core.webui.keyword.WebUiBuiltInKeywords.getAttribute(com.kms.katalon.core.testobject.ObjectRepository.findTestObject(DispensaryToStore/Page_Store/input_txttotal), "value"): Attribute 'value' of object 'Object Repository/DispensaryToStore/Page_Store/input_txttotal' is: '10'

2018-06-09 16:02:09 - [MESSAGE][PASSED] - Attribute 'value' of object 'Object Repository/DispensaryToStore/Page_Store/input_txttotal' is: '10'

2018-06-09 16:02:09 - [TEST_STEP][PASSED] - Statement - out.println("Requested QTY : " + RequestedQty): null

2018-06-09 16:02:09 - [TEST_STEP][PASSED] - Statement - BatchNumber = com.kms.katalon.core.webui.keyword.WebUiBuiltInKeywords.getNumberOfTotalOption(com.kms.katalon.core.testobject.ObjectRepository.findTestObject(DispensaryToStore/Page_Store/select_--Select--BA1170BA2376B)): 3 options of object 'Object Repository/DispensaryToStore/Page_Store/select_--Select--BA1170BA2376B' counted

2018-06-09 16:02:09 - [MESSAGE][PASSED] - 3 options of object 'Object Repository/DispensaryToStore/Page_Store/select_--Select--BA1170BA2376B' counted

2018-06-09 16:02:09 - [TEST_STEP][PASSED] - Statement - For ([g = 1, g <= BatchNumber - 1, (g++)]): null

2018-06-09 16:02:09 - [TEST_STEP][PASSED] - selectOptionByIndex: All options with index in [1] are selected on object 'Object Repository/DispensaryToStore/Page_Store/select_--Select--BA1170BA2376B'

2018-06-09 16:02:09 - [MESSAGE][PASSED] - All options with index in [1] are selected on object 'Object Repository/DispensaryToStore/Page_Store/select_--Select--BA1170BA2376B'

2018-06-09 16:02:09 - [TEST_STEP][PASSED] - Statement - Try: null

2018-06-09 16:02:09 - [TEST_STEP][PASSED] - Statement - StockQty = com.kms.katalon.core.webui.keyword.WebUiBuiltInKeywords.getAttribute(com.kms.katalon.core.testobject.ObjectRepository.findTestObject(DispensaryToStore/Page_Store/input_txtprice), "value"): Attribute 'value' of object 'Object Repository/DispensaryToStore/Page_Store/input_txtprice' is: '340'

2018-06-09 16:02:09 - [MESSAGE][PASSED] - Attribute 'value' of object 'Object Repository/DispensaryToStore/Page_Store/input_txtprice' is: '340'

2018-06-09 16:02:09 - [TEST_STEP][PASSED] - Statement - out.println("Stock QTY : " + StockQty): null

2018-06-09 16:02:09 - [TEST_STEP][PASSED] - delay: Delayed 2 second(s)

2018-06-09 16:02:11 - [MESSAGE][PASSED] - Delayed 2 second(s)

2018-06-09 16:02:11 - [TEST_STEP][PASSED] - Statement - If (java.lang.String.valueOf(StockQty) >= java.lang.String.valueOf(RequestedQty)): null

2018-06-09 16:02:11 - [TEST_STEP][PASSED] - setText: Text '10' is set on object 'Object Repository/DispensaryToStore/Page_Store/input_txtqty'

2018-06-09 16:02:11 - [MESSAGE][PASSED] - Text '10' is set on object 'Object Repository/DispensaryToStore/Page_Store/input_txtqty'

2018-06-09 16:02:11 - [TEST_STEP][PASSED] - click: Object: 'Object Repository/DispensaryToStore/Page_Store/button_Add' is clicked on

2018-06-09 16:02:11 - [MESSAGE][PASSED] - Object: 'Object Repository/DispensaryToStore/Page_Store/button_Add' is clicked on

2018-06-09 16:02:11 - [TEST_STEP][PASSED] - Statement - Break: null

2018-06-09 16:02:11 - [TEST_STEP][PASSED] - selectOptionByIndex: All options with index in [30] are selected on object 'Object Repository/DispensaryToStore/Page_Store/select_--Select--Adernaline 0.'

2018-06-09 16:02:12 - [MESSAGE][PASSED] - All options with index in [30] are selected on object 'Object Repository/DispensaryToStore/Page_Store/select_--Select--Adernaline 0.'

2018-06-09 16:02:12 - [TEST_STEP][PASSED] - delay: Delayed 2 second(s)

2018-06-09 16:02:14 - [MESSAGE][PASSED] - Delayed 2 second(s)

2018-06-09 16:02:14 - [TEST_STEP][PASSED] - Statement - RequestedQty = com.kms.katalon.core.webui.keyword.WebUiBuiltInKeywords.getAttribute(com.kms.katalon.core.testobject.ObjectRepository.findTestObject(DispensaryToStore/Page_Store/input_txttotal), "value"): Attribute 'value' of object 'Object Repository/DispensaryToStore/Page_Store/input_txttotal' is: '10'

2018-06-09 16:02:14 - [MESSAGE][PASSED] - Attribute 'value' of object 'Object Repository/DispensaryToStore/Page_Store/input_txttotal' is: '10'

2018-06-09 16:02:14 - [TEST_STEP][PASSED] - Statement - out.println("Requested QTY : " + RequestedQty): null

2018-06-09 16:02:14 - [TEST_STEP][PASSED] - Statement - BatchNumber = com.kms.katalon.core.webui.keyword.WebUiBuiltInKeywords.getNumberOfTotalOption(com.kms.katalon.core.testobject.ObjectRepository.findTestObject(DispensaryToStore/Page_Store/select_--Select--BA1170BA2376B)): 4 options of object 'Object Repository/DispensaryToStore/Page_Store/select_--Select--BA1170BA2376B' counted

2018-06-09 16:02:14 - [MESSAGE][PASSED] - 4 options of object 'Object Repository/DispensaryToStore/Page_Store/select_--Select--BA1170BA2376B' counted

2018-06-09 16:02:14 - [TEST_STEP][PASSED] - Statement - For ([g = 1, g <= BatchNumber - 1, (g++)]): null

2018-06-09 16:02:14 - [TEST_STEP][PASSED] - selectOptionByIndex: All options with index in [1] are selected on object 'Object Repository/DispensaryToStore/Page_Store/select_--Select--BA1170BA2376B'

2018-06-09 16:02:14 - [MESSAGE][PASSED] - All options with index in [1] are selected on object 'Object Repository/DispensaryToStore/Page_Store/select_--Select--BA1170BA2376B'

2018-06-09 16:02:14 - [TEST_STEP][PASSED] - Statement - Try: null

2018-06-09 16:02:14 - [TEST_STEP][PASSED] - Statement - StockQty = com.kms.katalon.core.webui.keyword.WebUiBuiltInKeywords.getAttribute(com.kms.katalon.core.testobject.ObjectRepository.findTestObject(DispensaryToStore/Page_Store/input_txtprice), "value"): Attribute 'value' of object 'Object Repository/DispensaryToStore/Page_Store/input_txtprice' is: '880'

2018-06-09 16:02:14 - [MESSAGE][PASSED] - Attribute 'value' of object 'Object Repository/DispensaryToStore/Page_Store/input_txtprice' is: '880'

2018-06-09 16:02:14 - [TEST_STEP][PASSED] - Statement - out.println("Stock QTY : " + StockQty): null

2018-06-09 16:02:14 - [TEST_STEP][PASSED] - delay: Delayed 2 second(s)

2018-06-09 16:02:16 - [MESSAGE][PASSED] - Delayed 2 second(s)

2018-06-09 16:02:16 - [TEST_STEP][PASSED] - Statement - If (java.lang.String.valueOf(StockQty) >= java.lang.String.valueOf(RequestedQty)): null

2018-06-09 16:02:16 - [TEST_STEP][PASSED] - setText: Text '10' is set on object 'Object Repository/DispensaryToStore/Page_Store/input_txtqty'

2018-06-09 16:02:16 - [MESSAGE][PASSED] - Text '10' is set on object 'Object Repository/DispensaryToStore/Page_Store/input_txtqty'

2018-06-09 16:02:16 - [TEST_STEP][PASSED] - click: Object: 'Object Repository/DispensaryToStore/Page_Store/button_Add' is clicked on

2018-06-09 16:02:16 - [MESSAGE][PASSED] - Object: 'Object Repository/DispensaryToStore/Page_Store/button_Add' is clicked on

2018-06-09 16:02:16 - [TEST_STEP][PASSED] - Statement - Break: null

2018-06-09 16:02:16 - [TEST_STEP][PASSED] - selectOptionByIndex: All options with index in [31] are selected on object 'Object Repository/DispensaryToStore/Page_Store/select_--Select--Adernaline 0.'

2018-06-09 16:02:16 - [MESSAGE][PASSED] - All options with index in [31] are selected on object 'Object Repository/DispensaryToStore/Page_Store/select_--Select--Adernaline 0.'

2018-06-09 16:02:16 - [TEST_STEP][PASSED] - delay: Delayed 2 second(s)

2018-06-09 16:02:18 - [MESSAGE][PASSED] - Delayed 2 second(s)

2018-06-09 16:02:18 - [TEST_STEP][PASSED] - Statement - RequestedQty = com.kms.katalon.core.webui.keyword.WebUiBuiltInKeywords.getAttribute(com.kms.katalon.core.testobject.ObjectRepository.findTestObject(DispensaryToStore/Page_Store/input_txttotal), "value"): Attribute 'value' of object 'Object Repository/DispensaryToStore/Page_Store/input_txttotal' is: '10'

2018-06-09 16:02:19 - [MESSAGE][PASSED] - Attribute 'value' of object 'Object Repository/DispensaryToStore/Page_Store/input_txttotal' is: '10'

2018-06-09 16:02:19 - [TEST_STEP][PASSED] - Statement - out.println("Requested QTY : " + RequestedQty): null

2018-06-09 16:02:19 - [TEST_STEP][PASSED] - Statement - BatchNumber = com.kms.katalon.core.webui.keyword.WebUiBuiltInKeywords.getNumberOfTotalOption(com.kms.katalon.core.testobject.ObjectRepository.findTestObject(DispensaryToStore/Page_Store/select_--Select--BA1170BA2376B)): 5 options of object 'Object Repository/DispensaryToStore/Page_Store/select_--Select--BA1170BA2376B' counted

2018-06-09 16:02:19 - [MESSAGE][PASSED] - 5 options of object 'Object Repository/DispensaryToStore/Page_Store/select_--Select--BA1170BA2376B' counted

2018-06-09 16:02:19 - [TEST_STEP][PASSED] - Statement - For ([g = 1, g <= BatchNumber - 1, (g++)]): null

2018-06-09 16:02:19 - [TEST_STEP][PASSED] - selectOptionByIndex: All options with index in [1] are selected on object 'Object Repository/DispensaryToStore/Page_Store/select_--Select--BA1170BA2376B'

2018-06-09 16:02:19 - [MESSAGE][PASSED] - All options with index in [1] are selected on object 'Object Repository/DispensaryToStore/Page_Store/select_--Select--BA1170BA2376B'

2018-06-09 16:02:19 - [TEST_STEP][PASSED] - Statement - Try: null

2018-06-09 16:02:19 - [TEST_STEP][PASSED] - Statement - StockQty = com.kms.katalon.core.webui.keyword.WebUiBuiltInKeywords.getAttribute(com.kms.katalon.core.testobject.ObjectRepository.findTestObject(DispensaryToStore/Page_Store/input_txtprice), "value"): Attribute 'value' of object 'Object Repository/DispensaryToStore/Page_Store/input_txtprice' is: '340'

2018-06-09 16:02:19 - [MESSAGE][PASSED] - Attribute 'value' of object 'Object Repository/DispensaryToStore/Page_Store/input_txtprice' is: '340'

2018-06-09 16:02:19 - [TEST_STEP][PASSED] - Statement - out.println("Stock QTY : " + StockQty): null

2018-06-09 16:02:19 - [TEST_STEP][PASSED] - delay: Delayed 2 second(s)

2018-06-09 16:02:21 - [MESSAGE][PASSED] - Delayed 2 second(s)

2018-06-09 16:02:21 - [TEST_STEP][PASSED] - Statement - If (java.lang.String.valueOf(StockQty) >= java.lang.String.valueOf(RequestedQty)): null

2018-06-09 16:02:21 - [TEST_STEP][PASSED] - setText: Text '10' is set on object 'Object Repository/DispensaryToStore/Page_Store/input_txtqty'

2018-06-09 16:02:21 - [MESSAGE][PASSED] - Text '10' is set on object 'Object Repository/DispensaryToStore/Page_Store/input_txtqty'

2018-06-09 16:02:21 - [TEST_STEP][PASSED] - click: Object: 'Object Repository/DispensaryToStore/Page_Store/button_Add' is clicked on

2018-06-09 16:02:21 - [MESSAGE][PASSED] - Object: 'Object Repository/DispensaryToStore/Page_Store/button_Add' is clicked on

2018-06-09 16:02:21 - [TEST_STEP][PASSED] - Statement - Break: null

2018-06-09 16:02:21 - [TEST_STEP][PASSED] - selectOptionByIndex: All options with index in [32] are selected on object 'Object Repository/DispensaryToStore/Page_Store/select_--Select--Adernaline 0.'

2018-06-09 16:02:21 - [MESSAGE][PASSED] - All options with index in [32] are selected on object 'Object Repository/DispensaryToStore/Page_Store/select_--Select--Adernaline 0.'

2018-06-09 16:02:21 - [TEST_STEP][PASSED] - delay: Delayed 2 second(s)

2018-06-09 16:02:23 - [MESSAGE][PASSED] - Delayed 2 second(s)

2018-06-09 16:02:23 - [TEST_STEP][PASSED] - Statement - RequestedQty = com.kms.katalon.core.webui.keyword.WebUiBuiltInKeywords.getAttribute(com.kms.katalon.core.testobject.ObjectRepository.findTestObject(DispensaryToStore/Page_Store/input_txttotal), "value"): Attribute 'value' of object 'Object Repository/DispensaryToStore/Page_Store/input_txttotal' is: '10'

2018-06-09 16:02:23 - [MESSAGE][PASSED] - Attribute 'value' of object 'Object Repository/DispensaryToStore/Page_Store/input_txttotal' is: '10'

2018-06-09 16:02:23 - [TEST_STEP][PASSED] - Statement - out.println("Requested QTY : " + RequestedQty): null

2018-06-09 16:02:23 - [TEST_STEP][PASSED] - Statement - BatchNumber = com.kms.katalon.core.webui.keyword.WebUiBuiltInKeywords.getNumberOfTotalOption(com.kms.katalon.core.testobject.ObjectRepository.findTestObject(DispensaryToStore/Page_Store/select_--Select--BA1170BA2376B)): 2 options of object 'Object Repository/DispensaryToStore/Page_Store/select_--Select--BA1170BA2376B' counted

2018-06-09 16:02:24 - [MESSAGE][PASSED] - 2 options of object 'Object Repository/DispensaryToStore/Page_Store/select_--Select--BA1170BA2376B' counted

2018-06-09 16:02:24 - [TEST_STEP][PASSED] - Statement - For ([g = 1, g <= BatchNumber - 1, (g++)]): null

2018-06-09 16:02:24 - [TEST_STEP][PASSED] - selectOptionByIndex: All options with index in [1] are selected on object 'Object Repository/DispensaryToStore/Page_Store/select_--Select--BA1170BA2376B'

2018-06-09 16:02:24 - [MESSAGE][PASSED] - All options with index in [1] are selected on object 'Object Repository/DispensaryToStore/Page_Store/select_--Select--BA1170BA2376B'

2018-06-09 16:02:24 - [TEST_STEP][PASSED] - Statement - Try: null

2018-06-09 16:02:24 - [TEST_STEP][PASSED] - Statement - StockQty = com.kms.katalon.core.webui.keyword.WebUiBuiltInKeywords.getAttribute(com.kms.katalon.core.testobject.ObjectRepository.findTestObject(DispensaryToStore/Page_Store/input_txtprice), "value"): Attribute 'value' of object 'Object Repository/DispensaryToStore/Page_Store/input_txtprice' is: '1900'

2018-06-09 16:02:24 - [MESSAGE][PASSED] - Attribute 'value' of object 'Object Repository/DispensaryToStore/Page_Store/input_txtprice' is: '1900'

2018-06-09 16:02:24 - [TEST_STEP][PASSED] - Statement - out.println("Stock QTY : " + StockQty): null

2018-06-09 16:02:24 - [TEST_STEP][PASSED] - delay: Delayed 2 second(s)

2018-06-09 16:02:26 - [MESSAGE][PASSED] - Delayed 2 second(s)

2018-06-09 16:02:26 - [TEST_STEP][PASSED] - Statement - If (java.lang.String.valueOf(StockQty) >= java.lang.String.valueOf(RequestedQty)): null

2018-06-09 16:02:26 - [TEST_STEP][PASSED] - setText: Text '10' is set on object 'Object Repository/DispensaryToStore/Page_Store/input_txtqty'

2018-06-09 16:02:26 - [MESSAGE][PASSED] - Text '10' is set on object 'Object Repository/DispensaryToStore/Page_Store/input_txtqty'

2018-06-09 16:02:26 - [TEST_STEP][PASSED] - click: Object: 'Object Repository/DispensaryToStore/Page_Store/button_Add' is clicked on

2018-06-09 16:02:26 - [MESSAGE][PASSED] - Object: 'Object Repository/DispensaryToStore/Page_Store/button_Add' is clicked on

2018-06-09 16:02:26 - [TEST_STEP][PASSED] - Statement - Break: null

2018-06-09 16:02:26 - [TEST_STEP][PASSED] - selectOptionByIndex: All options with index in [33] are selected on object 'Object Repository/DispensaryToStore/Page_Store/select_--Select--Adernaline 0.'

2018-06-09 16:02:26 - [MESSAGE][PASSED] - All options with index in [33] are selected on object 'Object Repository/DispensaryToStore/Page_Store/select_--Select--Adernaline 0.'

2018-06-09 16:02:26 - [TEST_STEP][PASSED] - delay: Delayed 2 second(s)

2018-06-09 16:02:28 - [MESSAGE][PASSED] - Delayed 2 second(s)

2018-06-09 16:02:28 - [TEST_STEP][PASSED] - Statement - RequestedQty = com.kms.katalon.core.webui.keyword.WebUiBuiltInKeywords.getAttribute(com.kms.katalon.core.testobject.ObjectRepository.findTestObject(DispensaryToStore/Page_Store/input_txttotal), "value"): Attribute 'value' of object 'Object Repository/DispensaryToStore/Page_Store/input_txttotal' is: '10'

2018-06-09 16:02:28 - [MESSAGE][PASSED] - Attribute 'value' of object 'Object Repository/DispensaryToStore/Page_Store/input_txttotal' is: '10'

2018-06-09 16:02:28 - [TEST_STEP][PASSED] - Statement - out.println("Requested QTY : " + RequestedQty): null

2018-06-09 16:02:28 - [TEST_STEP][PASSED] - Statement - BatchNumber = com.kms.katalon.core.webui.keyword.WebUiBuiltInKeywords.getNumberOfTotalOption(com.kms.katalon.core.testobject.ObjectRepository.findTestObject(DispensaryToStore/Page_Store/select_--Select--BA1170BA2376B)): 3 options of object 'Object Repository/DispensaryToStore/Page_Store/select_--Select--BA1170BA2376B' counted

2018-06-09 16:02:29 - [MESSAGE][PASSED] - 3 options of object 'Object Repository/DispensaryToStore/Page_Store/select_--Select--BA1170BA2376B' counted

2018-06-09 16:02:29 - [TEST_STEP][PASSED] - Statement - For ([g = 1, g <= BatchNumber - 1, (g++)]): null

2018-06-09 16:02:29 - [TEST_STEP][PASSED] - selectOptionByIndex: All options with index in [1] are selected on object 'Object Repository/DispensaryToStore/Page_Store/select_--Select--BA1170BA2376B'

2018-06-09 16:02:29 - [MESSAGE][PASSED] - All options with index in [1] are selected on object 'Object Repository/DispensaryToStore/Page_Store/select_--Select--BA1170BA2376B'

2018-06-09 16:02:29 - [TEST_STEP][PASSED] - Statement - Try: null

2018-06-09 16:02:29 - [TEST_STEP][PASSED] - Statement - StockQty = com.kms.katalon.core.webui.keyword.WebUiBuiltInKeywords.getAttribute(com.kms.katalon.core.testobject.ObjectRepository.findTestObject(DispensaryToStore/Page_Store/input_txtprice), "value"): Attribute 'value' of object 'Object Repository/DispensaryToStore/Page_Store/input_txtprice' is: '1800'

2018-06-09 16:02:29 - [MESSAGE][PASSED] - Attribute 'value' of object 'Object Repository/DispensaryToStore/Page_Store/input_txtprice' is: '1800'

2018-06-09 16:02:29 - [TEST_STEP][PASSED] - Statement - out.println("Stock QTY : " + StockQty): null

2018-06-09 16:02:29 - [TEST_STEP][PASSED] - delay: Delayed 2 second(s)

2018-06-09 16:02:31 - [MESSAGE][PASSED] - Delayed 2 second(s)

2018-06-09 16:02:31 - [TEST_STEP][PASSED] - Statement - If (java.lang.String.valueOf(StockQty) >= java.lang.String.valueOf(RequestedQty)): null

2018-06-09 16:02:31 - [TEST_STEP][PASSED] - setText: Text '10' is set on object 'Object Repository/DispensaryToStore/Page_Store/input_txtqty'

2018-06-09 16:02:31 - [MESSAGE][PASSED] - Text '10' is set on object 'Object Repository/DispensaryToStore/Page_Store/input_txtqty'

2018-06-09 16:02:31 - [TEST_STEP][PASSED] - click: Object: 'Object Repository/DispensaryToStore/Page_Store/button_Add' is clicked on

2018-06-09 16:02:31 - [MESSAGE][PASSED] - Object: 'Object Repository/DispensaryToStore/Page_Store/button_Add' is clicked on

2018-06-09 16:02:31 - [TEST_STEP][PASSED] - Statement - Break: null

2018-06-09 16:02:31 - [TEST_STEP][PASSED] - selectOptionByIndex: All options with index in [34] are selected on object 'Object Repository/DispensaryToStore/Page_Store/select_--Select--Adernaline 0.'

2018-06-09 16:02:32 - [MESSAGE][PASSED] - All options with index in [34] are selected on object 'Object Repository/DispensaryToStore/Page_Store/select_--Select--Adernaline 0.'

2018-06-09 16:02:32 - [TEST_STEP][PASSED] - delay: Delayed 2 second(s)

2018-06-09 16:02:34 - [MESSAGE][PASSED] - Delayed 2 second(s)

2018-06-09 16:02:34 - [TEST_STEP][PASSED] - Statement - RequestedQty = com.kms.katalon.core.webui.keyword.WebUiBuiltInKeywords.getAttribute(com.kms.katalon.core.testobject.ObjectRepository.findTestObject(DispensaryToStore/Page_Store/input_txttotal), "value"): Attribute 'value' of object 'Object Repository/DispensaryToStore/Page_Store/input_txttotal' is: '10'

2018-06-09 16:02:34 - [MESSAGE][PASSED] - Attribute 'value' of object 'Object Repository/DispensaryToStore/Page_Store/input_txttotal' is: '10'

2018-06-09 16:02:34 - [TEST_STEP][PASSED] - Statement - out.println("Requested QTY : " + RequestedQty): null

2018-06-09 16:02:34 - [TEST_STEP][PASSED] - Statement - BatchNumber = com.kms.katalon.core.webui.keyword.WebUiBuiltInKeywords.getNumberOfTotalOption(com.kms.katalon.core.testobject.ObjectRepository.findTestObject(DispensaryToStore/Page_Store/select_--Select--BA1170BA2376B)): 3 options of object 'Object Repository/DispensaryToStore/Page_Store/select_--Select--BA1170BA2376B' counted

2018-06-09 16:02:34 - [MESSAGE][PASSED] - 3 options of object 'Object Repository/DispensaryToStore/Page_Store/select_--Select--BA1170BA2376B' counted

2018-06-09 16:02:34 - [TEST_STEP][PASSED] - Statement - For ([g = 1, g <= BatchNumber - 1, (g++)]): null

2018-06-09 16:02:34 - [TEST_STEP][PASSED] - selectOptionByIndex: All options with index in [1] are selected on object 'Object Repository/DispensaryToStore/Page_Store/select_--Select--BA1170BA2376B'

2018-06-09 16:02:34 - [MESSAGE][PASSED] - All options with index in [1] are selected on object 'Object Repository/DispensaryToStore/Page_Store/select_--Select--BA1170BA2376B'

2018-06-09 16:02:34 - [TEST_STEP][PASSED] - Statement - Try: null

2018-06-09 16:02:34 - [TEST_STEP][PASSED] - Statement - StockQty = com.kms.katalon.core.webui.keyword.WebUiBuiltInKeywords.getAttribute(com.kms.katalon.core.testobject.ObjectRepository.findTestObject(DispensaryToStore/Page_Store/input_txtprice), "value"): Attribute 'value' of object 'Object Repository/DispensaryToStore/Page_Store/input_txtprice' is: '880'

2018-06-09 16:02:34 - [MESSAGE][PASSED] - Attribute 'value' of object 'Object Repository/DispensaryToStore/Page_Store/input_txtprice' is: '880'

2018-06-09 16:02:34 - [TEST_STEP][PASSED] - Statement - out.println("Stock QTY : " + StockQty): null

2018-06-09 16:02:34 - [TEST_STEP][PASSED] - delay: Delayed 2 second(s)

2018-06-09 16:02:36 - [MESSAGE][PASSED] - Delayed 2 second(s)

2018-06-09 16:02:36 - [TEST_STEP][PASSED] - Statement - If (java.lang.String.valueOf(StockQty) >= java.lang.String.valueOf(RequestedQty)): null

2018-06-09 16:02:36 - [TEST_STEP][PASSED] - setText: Text '10' is set on object 'Object Repository/DispensaryToStore/Page_Store/input_txtqty'

2018-06-09 16:02:36 - [MESSAGE][PASSED] - Text '10' is set on object 'Object Repository/DispensaryToStore/Page_Store/input_txtqty'

2018-06-09 16:02:36 - [TEST_STEP][PASSED] - click: Object: 'Object Repository/DispensaryToStore/Page_Store/button_Add' is clicked on

2018-06-09 16:02:36 - [MESSAGE][PASSED] - Object: 'Object Repository/DispensaryToStore/Page_Store/button_Add' is clicked on

2018-06-09 16:02:36 - [TEST_STEP][PASSED] - Statement - Break: null

2018-06-09 16:02:36 - [TEST_STEP][PASSED] - selectOptionByIndex: All options with index in [35] are selected on object 'Object Repository/DispensaryToStore/Page_Store/select_--Select--Adernaline 0.'

2018-06-09 16:02:37 - [MESSAGE][PASSED] - All options with index in [35] are selected on object 'Object Repository/DispensaryToStore/Page_Store/select_--Select--Adernaline 0.'

2018-06-09 16:02:37 - [TEST_STEP][PASSED] - delay: Delayed 2 second(s)

2018-06-09 16:02:39 - [MESSAGE][PASSED] - Delayed 2 second(s)

2018-06-09 16:02:39 - [TEST_STEP][PASSED] - Statement - RequestedQty = com.kms.katalon.core.webui.keyword.WebUiBuiltInKeywords.getAttribute(com.kms.katalon.core.testobject.ObjectRepository.findTestObject(DispensaryToStore/Page_Store/input_txttotal), "value"): Attribute 'value' of object 'Object Repository/DispensaryToStore/Page_Store/input_txttotal' is: '10'

2018-06-09 16:02:39 - [MESSAGE][PASSED] - Attribute 'value' of object 'Object Repository/DispensaryToStore/Page_Store/input_txttotal' is: '10'

2018-06-09 16:02:39 - [TEST_STEP][PASSED] - Statement - out.println("Requested QTY : " + RequestedQty): null

2018-06-09 16:02:39 - [TEST_STEP][PASSED] - Statement - BatchNumber = com.kms.katalon.core.webui.keyword.WebUiBuiltInKeywords.getNumberOfTotalOption(com.kms.katalon.core.testobject.ObjectRepository.findTestObject(DispensaryToStore/Page_Store/select_--Select--BA1170BA2376B)): 4 options of object 'Object Repository/DispensaryToStore/Page_Store/select_--Select--BA1170BA2376B' counted

2018-06-09 16:02:39 - [MESSAGE][PASSED] - 4 options of object 'Object Repository/DispensaryToStore/Page_Store/select_--Select--BA1170BA2376B' counted

2018-06-09 16:02:39 - [TEST_STEP][PASSED] - Statement - For ([g = 1, g <= BatchNumber - 1, (g++)]): null

2018-06-09 16:02:39 - [TEST_STEP][PASSED] - selectOptionByIndex: All options with index in [1] are selected on object 'Object Repository/DispensaryToStore/Page_Store/select_--Select--BA1170BA2376B'

2018-06-09 16:02:39 - [MESSAGE][PASSED] - All options with index in [1] are selected on object 'Object Repository/DispensaryToStore/Page_Store/select_--Select--BA1170BA2376B'

2018-06-09 16:02:39 - [TEST_STEP][PASSED] - Statement - Try: null

2018-06-09 16:02:39 - [TEST_STEP][PASSED] - Statement - StockQty = com.kms.katalon.core.webui.keyword.WebUiBuiltInKeywords.getAttribute(com.kms.katalon.core.testobject.ObjectRepository.findTestObject(DispensaryToStore/Page_Store/input_txtprice), "value"): Attribute 'value' of object 'Object Repository/DispensaryToStore/Page_Store/input_txtprice' is: '880'

2018-06-09 16:02:39 - [MESSAGE][PASSED] - Attribute 'value' of object 'Object Repository/DispensaryToStore/Page_Store/input_txtprice' is: '880'

2018-06-09 16:02:39 - [TEST_STEP][PASSED] - Statement - out.println("Stock QTY : " + StockQty): null

2018-06-09 16:02:39 - [TEST_STEP][PASSED] - delay: Delayed 2 second(s)

2018-06-09 16:02:41 - [MESSAGE][PASSED] - Delayed 2 second(s)

2018-06-09 16:02:41 - [TEST_STEP][PASSED] - Statement - If (java.lang.String.valueOf(StockQty) >= java.lang.String.valueOf(RequestedQty)): null

2018-06-09 16:02:41 - [TEST_STEP][PASSED] - setText: Text '10' is set on object 'Object Repository/DispensaryToStore/Page_Store/input_txtqty'

2018-06-09 16:02:41 - [MESSAGE][PASSED] - Text '10' is set on object 'Object Repository/DispensaryToStore/Page_Store/input_txtqty'

2018-06-09 16:02:41 - [TEST_STEP][PASSED] - click: Object: 'Object Repository/DispensaryToStore/Page_Store/button_Add' is clicked on

2018-06-09 16:02:41 - [MESSAGE][PASSED] - Object: 'Object Repository/DispensaryToStore/Page_Store/button_Add' is clicked on

2018-06-09 16:02:41 - [TEST_STEP][PASSED] - Statement - Break: null

2018-06-09 16:02:41 - [TEST_STEP][PASSED] - selectOptionByIndex: All options with index in [36] are selected on object 'Object Repository/DispensaryToStore/Page_Store/select_--Select--Adernaline 0.'

2018-06-09 16:02:42 - [MESSAGE][PASSED] - All options with index in [36] are selected on object 'Object Repository/DispensaryToStore/Page_Store/select_--Select--Adernaline 0.'

2018-06-09 16:02:42 - [TEST_STEP][PASSED] - delay: Delayed 2 second(s)

2018-06-09 16:02:44 - [MESSAGE][PASSED] - Delayed 2 second(s)

2018-06-09 16:02:44 - [TEST_STEP][PASSED] - Statement - RequestedQty = com.kms.katalon.core.webui.keyword.WebUiBuiltInKeywords.getAttribute(com.kms.katalon.core.testobject.ObjectRepository.findTestObject(DispensaryToStore/Page_Store/input_txttotal), "value"): Attribute 'value' of object 'Object Repository/DispensaryToStore/Page_Store/input_txttotal' is: '10'

2018-06-09 16:02:44 - [MESSAGE][PASSED] - Attribute 'value' of object 'Object Repository/DispensaryToStore/Page_Store/input_txttotal' is: '10'

2018-06-09 16:02:44 - [TEST_STEP][PASSED] - Statement - out.println("Requested QTY : " + RequestedQty): null

2018-06-09 16:02:44 - [TEST_STEP][PASSED] - Statement - BatchNumber = com.kms.katalon.core.webui.keyword.WebUiBuiltInKeywords.getNumberOfTotalOption(com.kms.katalon.core.testobject.ObjectRepository.findTestObject(DispensaryToStore/Page_Store/select_--Select--BA1170BA2376B)): 2 options of object 'Object Repository/DispensaryToStore/Page_Store/select_--Select--BA1170BA2376B' counted

2018-06-09 16:02:44 - [MESSAGE][PASSED] - 2 options of object 'Object Repository/DispensaryToStore/Page_Store/select_--Select--BA1170BA2376B' counted

2018-06-09 16:02:44 - [TEST_STEP][PASSED] - Statement - For ([g = 1, g <= BatchNumber - 1, (g++)]): null

2018-06-09 16:02:44 - [TEST_STEP][PASSED] - selectOptionByIndex: All options with index in [1] are selected on object 'Object Repository/DispensaryToStore/Page_Store/select_--Select--BA1170BA2376B'

2018-06-09 16:02:44 - [MESSAGE][PASSED] - All options with index in [1] are selected on object 'Object Repository/DispensaryToStore/Page_Store/select_--Select--BA1170BA2376B'

2018-06-09 16:02:44 - [TEST_STEP][PASSED] - Statement - Try: null

2018-06-09 16:02:44 - [TEST_STEP][PASSED] - Statement - StockQty = com.kms.katalon.core.webui.keyword.WebUiBuiltInKeywords.getAttribute(com.kms.katalon.core.testobject.ObjectRepository.findTestObject(DispensaryToStore/Page_Store/input_txtprice), "value"): Attribute 'value' of object 'Object Repository/DispensaryToStore/Page_Store/input_txtprice' is: '1960'

2018-06-09 16:02:44 - [MESSAGE][PASSED] - Attribute 'value' of object 'Object Repository/DispensaryToStore/Page_Store/input_txtprice' is: '1960'

2018-06-09 16:02:44 - [TEST_STEP][PASSED] - Statement - out.println("Stock QTY : " + StockQty): null

2018-06-09 16:02:44 - [TEST_STEP][PASSED] - delay: Delayed 2 second(s)

2018-06-09 16:02:46 - [MESSAGE][PASSED] - Delayed 2 second(s)

2018-06-09 16:02:46 - [TEST_STEP][PASSED] - Statement - If (java.lang.String.valueOf(StockQty) >= java.lang.String.valueOf(RequestedQty)): null

2018-06-09 16:02:46 - [TEST_STEP][PASSED] - setText: Text '10' is set on object 'Object Repository/DispensaryToStore/Page_Store/input_txtqty'

2018-06-09 16:02:46 - [MESSAGE][PASSED] - Text '10' is set on object 'Object Repository/DispensaryToStore/Page_Store/input_txtqty'

2018-06-09 16:02:46 - [TEST_STEP][PASSED] - click: Object: 'Object Repository/DispensaryToStore/Page_Store/button_Add' is clicked on

2018-06-09 16:02:46 - [MESSAGE][PASSED] - Object: 'Object Repository/DispensaryToStore/Page_Store/button_Add' is clicked on

2018-06-09 16:02:46 - [TEST_STEP][PASSED] - Statement - Break: null

2018-06-09 16:02:46 - [TEST_STEP][PASSED] - scrollToElement: Scroll to object 'Object Repository/DispensaryToStore/Page_Store/input_btnSubmit' successfully

2018-06-09 16:02:46 - [MESSAGE][PASSED] - Scroll to object 'Object Repository/DispensaryToStore/Page_Store/input_btnSubmit' successfully

2018-06-09 16:02:46 - [TEST_STEP][PASSED] - click: Object: 'Object Repository/DispensaryToStore/Page_Store/input_btnSubmit' is clicked on

2018-06-09 16:02:46 - [MESSAGE][PASSED] - Object: 'Object Repository/DispensaryToStore/Page_Store/input_btnSubmit' is clicked on

2018-06-09 16:02:46 - [TEST_STEP][PASSED] - delay: Delayed 3 second(s)

2018-06-09 16:02:49 - [MESSAGE][PASSED] - Delayed 3 second(s)

2018-06-09 16:02:49 - [TEST_STEP][PASSED] - click: Object: 'Object Repository/DispensaryToStore/Page_Store/button_OK' is clicked on

2018-06-09 16:02:52 - [MESSAGE][PASSED] - Object: 'Object Repository/DispensaryToStore/Page_Store/button_OK' is clicked on

2018-06-09 16:02:52 - [TEST_STEP][PASSED] - delay: Delayed 3 second(s)

2018-06-09 16:02:55 - [MESSAGE][PASSED] - Delayed 3 second(s)

2018-06-09 16:02:55 - [TEST_STEP][PASSED] - waitForElementPresent: Object 'Object Repository/DispensaryToStore/Page_Dispensary Store/a_dropdown-toggle' is present

2018-06-09 16:02:55 - [MESSAGE][PASSED] - Object 'Object Repository/DispensaryToStore/Page_Dispensary Store/a_dropdown-toggle' is present

2018-06-09 16:02:55 - [TEST_STEP][PASSED] - click: Object: 'Object Repository/DispensaryToStore/Page_Store/a_dropdown-toggle' is clicked on

2018-06-09 16:02:55 - [MESSAGE][PASSED] - Object: 'Object Repository/DispensaryToStore/Page_Store/a_dropdown-toggle' is clicked on

2018-06-09 16:02:55 - [TEST_STEP][PASSED] - click: Object: 'Object Repository/DispensaryToStore/Page_Store/a_Sign out' is clicked on

2018-06-09 16:02:56 - [MESSAGE][PASSED] - Object: 'Object Repository/DispensaryToStore/Page_Store/a_Sign out' is clicked on

2018-06-09 16:02:56 - [TEST_STEP][PASSED] - closeBrowser: Browser is closed

2018-06-09 16:02:57 - [MESSAGE][PASSED] - Browser is closed]]></system-out>
         <system-err><![CDATA[]]></system-err>
      </testcase>
      <testcase name="Test Cases/DISPENSARY TEST CASES/TC_DP_004 Verify Schedule 4 Dispensary Request Are Working Successfully Or Not" classname="Test Cases/DISPENSARY TEST CASES/TC_DP_004 Verify Schedule 4 Dispensary Request Are Working Successfully Or Not" status="PASSED">
         <system-out><![CDATA[2018-06-09 16:02:57 - [TEST_CASE][PASSED] - Test Cases/DISPENSARY TEST CASES/TC_DP_004 Verify Schedule 4 Dispensary Request Are Working Successfully Or Not: Test Cases/DISPENSARY TEST CASES/TC_DP_004 Verify Schedule 4 Dispensary Request Are Working Successfully Or Not

2018-06-09 16:02:57 - [TEST_STEP][PASSED] - openBrowser: Browser is opened with url: ''

2018-06-09 16:02:59 - [MESSAGE][PASSED] - Browser is opened with url: ''

2018-06-09 16:02:59 - [TEST_STEP][PASSED] - navigateToUrl: Navigate to 'http://192.168.137.1/multihospital_new/HDSplashscreen.aspx' successfully

2018-06-09 16:03:01 - [MESSAGE][PASSED] - Navigate to 'http://192.168.137.1/multihospital_new/HDSplashscreen.aspx' successfully

2018-06-09 16:03:01 - [TEST_STEP][PASSED] - maximizeWindow: Current window maximized

2018-06-09 16:03:02 - [MESSAGE][PASSED] - Current window maximized

2018-06-09 16:03:02 - [TEST_STEP][PASSED] - click: Object: 'Object Repository/DispensaryToStore/Page_KDMC/a_Dispensary Store' is clicked on

2018-06-09 16:03:03 - [MESSAGE][PASSED] - Object: 'Object Repository/DispensaryToStore/Page_KDMC/a_Dispensary Store' is clicked on

2018-06-09 16:03:03 - [TEST_STEP][PASSED] - setText: Text 'rajaram' is set on object 'Object Repository/DispensaryToStore/Page_Dispensary Store Login/input_txtusername'

2018-06-09 16:03:03 - [MESSAGE][PASSED] - Text 'rajaram' is set on object 'Object Repository/DispensaryToStore/Page_Dispensary Store Login/input_txtusername'

2018-06-09 16:03:03 - [TEST_STEP][PASSED] - setText: Text '123' is set on object 'Object Repository/DispensaryToStore/Page_Dispensary Store Login/input_txtpassword'

2018-06-09 16:03:03 - [MESSAGE][PASSED] - Text '123' is set on object 'Object Repository/DispensaryToStore/Page_Dispensary Store Login/input_txtpassword'

2018-06-09 16:03:03 - [TEST_STEP][PASSED] - delay: Delayed 3 second(s)

2018-06-09 16:03:06 - [MESSAGE][PASSED] - Delayed 3 second(s)

2018-06-09 16:03:06 - [TEST_STEP][PASSED] - sendKeys: Keys 'ENTER + ' sent to object: 'Object Repository/DispensaryToStore/Page_Dispensary Store Login/input_txtpassword'

2018-06-09 16:03:07 - [MESSAGE][PASSED] - Keys 'ENTER + ' sent to object: 'Object Repository/DispensaryToStore/Page_Dispensary Store Login/input_txtpassword'

2018-06-09 16:03:07 - [TEST_STEP][PASSED] - delay: Delayed 3 second(s)

2018-06-09 16:03:10 - [MESSAGE][PASSED] - Delayed 3 second(s)

2018-06-09 16:03:10 - [TEST_STEP][PASSED] - click: Object: 'Object Repository/DispensaryToStore/Page_Dispensary Store/a_Request to Store' is clicked on

2018-06-09 16:03:10 - [MESSAGE][PASSED] - Object: 'Object Repository/DispensaryToStore/Page_Dispensary Store/a_Request to Store' is clicked on

2018-06-09 16:03:10 - [TEST_STEP][PASSED] - click: Object: 'Object Repository/DispensaryToStore/Page_Dispensary Store/a_Medicine Request' is clicked on

2018-06-09 16:03:11 - [MESSAGE][PASSED] - Object: 'Object Repository/DispensaryToStore/Page_Dispensary Store/a_Medicine Request' is clicked on

2018-06-09 16:03:11 - [TEST_STEP][PASSED] - selectOptionByIndex: All options with index in [4] are selected on object 'Object Repository/DispensaryToStore/Page_Dispensary Store/select_--Select--Schedule 1Inj'

2018-06-09 16:03:11 - [MESSAGE][PASSED] - All options with index in [4] are selected on object 'Object Repository/DispensaryToStore/Page_Dispensary Store/select_--Select--Schedule 1Inj'

2018-06-09 16:03:11 - [TEST_STEP][PASSED] - Statement - medicineslength = com.kms.katalon.core.webui.keyword.WebUiBuiltInKeywords.getNumberOfTotalOption(com.kms.katalon.core.testobject.ObjectRepository.findTestObject(DispensaryToStore/Page_Dispensary Store/select_--Select--Adernaline 0.)): 16 options of object 'Object Repository/DispensaryToStore/Page_Dispensary Store/select_--Select--Adernaline 0.' counted

2018-06-09 16:03:11 - [MESSAGE][PASSED] - 16 options of object 'Object Repository/DispensaryToStore/Page_Dispensary Store/select_--Select--Adernaline 0.' counted

2018-06-09 16:03:11 - [TEST_STEP][PASSED] - Statement - For ([e = 1, e <= medicineslength - 1, (e++)]): Object: 'Object Repository/DispensaryToStore/Page_Dispensary Store/button_Add' is clicked on

2018-06-09 16:03:11 - [TEST_STEP][PASSED] - selectOptionByIndex: All options with index in [4] are selected on object 'Object Repository/DispensaryToStore/Page_Dispensary Store/select_--Select--Schedule 1Inj'

2018-06-09 16:03:11 - [MESSAGE][PASSED] - All options with index in [4] are selected on object 'Object Repository/DispensaryToStore/Page_Dispensary Store/select_--Select--Schedule 1Inj'

2018-06-09 16:03:11 - [TEST_STEP][PASSED] - delay: Delayed 1 second(s)

2018-06-09 16:03:12 - [MESSAGE][PASSED] - Delayed 1 second(s)

2018-06-09 16:03:12 - [TEST_STEP][PASSED] - selectOptionByIndex: All options with index in [1] are selected on object 'Object Repository/DispensaryToStore/Page_Dispensary Store/select_--Select--Adernaline 0.'

2018-06-09 16:03:12 - [MESSAGE][PASSED] - All options with index in [1] are selected on object 'Object Repository/DispensaryToStore/Page_Dispensary Store/select_--Select--Adernaline 0.'

2018-06-09 16:03:12 - [TEST_STEP][PASSED] - delay: Delayed 1 second(s)

2018-06-09 16:03:13 - [MESSAGE][PASSED] - Delayed 1 second(s)

2018-06-09 16:03:13 - [TEST_STEP][PASSED] - setText: Text '10' is set on object 'Object Repository/DispensaryToStore/Page_Dispensary Store/input_txttreat'

2018-06-09 16:03:14 - [MESSAGE][PASSED] - Text '10' is set on object 'Object Repository/DispensaryToStore/Page_Dispensary Store/input_txttreat'

2018-06-09 16:03:14 - [TEST_STEP][PASSED] - click: Object: 'Object Repository/DispensaryToStore/Page_Dispensary Store/button_Add' is clicked on

2018-06-09 16:03:14 - [MESSAGE][PASSED] - Object: 'Object Repository/DispensaryToStore/Page_Dispensary Store/button_Add' is clicked on

2018-06-09 16:03:14 - [TEST_STEP][PASSED] - selectOptionByIndex: All options with index in [4] are selected on object 'Object Repository/DispensaryToStore/Page_Dispensary Store/select_--Select--Schedule 1Inj'

2018-06-09 16:03:14 - [MESSAGE][PASSED] - All options with index in [4] are selected on object 'Object Repository/DispensaryToStore/Page_Dispensary Store/select_--Select--Schedule 1Inj'

2018-06-09 16:03:14 - [TEST_STEP][PASSED] - delay: Delayed 1 second(s)

2018-06-09 16:03:15 - [MESSAGE][PASSED] - Delayed 1 second(s)

2018-06-09 16:03:15 - [TEST_STEP][PASSED] - selectOptionByIndex: All options with index in [2] are selected on object 'Object Repository/DispensaryToStore/Page_Dispensary Store/select_--Select--Adernaline 0.'

2018-06-09 16:03:15 - [MESSAGE][PASSED] - All options with index in [2] are selected on object 'Object Repository/DispensaryToStore/Page_Dispensary Store/select_--Select--Adernaline 0.'

2018-06-09 16:03:15 - [TEST_STEP][PASSED] - delay: Delayed 1 second(s)

2018-06-09 16:03:16 - [MESSAGE][PASSED] - Delayed 1 second(s)

2018-06-09 16:03:16 - [TEST_STEP][PASSED] - setText: Text '10' is set on object 'Object Repository/DispensaryToStore/Page_Dispensary Store/input_txttreat'

2018-06-09 16:03:16 - [MESSAGE][PASSED] - Text '10' is set on object 'Object Repository/DispensaryToStore/Page_Dispensary Store/input_txttreat'

2018-06-09 16:03:16 - [TEST_STEP][PASSED] - click: Object: 'Object Repository/DispensaryToStore/Page_Dispensary Store/button_Add' is clicked on

2018-06-09 16:03:16 - [MESSAGE][PASSED] - Object: 'Object Repository/DispensaryToStore/Page_Dispensary Store/button_Add' is clicked on

2018-06-09 16:03:16 - [TEST_STEP][PASSED] - selectOptionByIndex: All options with index in [4] are selected on object 'Object Repository/DispensaryToStore/Page_Dispensary Store/select_--Select--Schedule 1Inj'

2018-06-09 16:03:16 - [MESSAGE][PASSED] - All options with index in [4] are selected on object 'Object Repository/DispensaryToStore/Page_Dispensary Store/select_--Select--Schedule 1Inj'

2018-06-09 16:03:16 - [TEST_STEP][PASSED] - delay: Delayed 1 second(s)

2018-06-09 16:03:17 - [MESSAGE][PASSED] - Delayed 1 second(s)

2018-06-09 16:03:17 - [TEST_STEP][PASSED] - selectOptionByIndex: All options with index in [3] are selected on object 'Object Repository/DispensaryToStore/Page_Dispensary Store/select_--Select--Adernaline 0.'

2018-06-09 16:03:18 - [MESSAGE][PASSED] - All options with index in [3] are selected on object 'Object Repository/DispensaryToStore/Page_Dispensary Store/select_--Select--Adernaline 0.'

2018-06-09 16:03:18 - [TEST_STEP][PASSED] - delay: Delayed 1 second(s)

2018-06-09 16:03:19 - [MESSAGE][PASSED] - Delayed 1 second(s)

2018-06-09 16:03:19 - [TEST_STEP][PASSED] - setText: Text '10' is set on object 'Object Repository/DispensaryToStore/Page_Dispensary Store/input_txttreat'

2018-06-09 16:03:19 - [MESSAGE][PASSED] - Text '10' is set on object 'Object Repository/DispensaryToStore/Page_Dispensary Store/input_txttreat'

2018-06-09 16:03:19 - [TEST_STEP][PASSED] - click: Object: 'Object Repository/DispensaryToStore/Page_Dispensary Store/button_Add' is clicked on

2018-06-09 16:03:19 - [MESSAGE][PASSED] - Object: 'Object Repository/DispensaryToStore/Page_Dispensary Store/button_Add' is clicked on

2018-06-09 16:03:19 - [TEST_STEP][PASSED] - selectOptionByIndex: All options with index in [4] are selected on object 'Object Repository/DispensaryToStore/Page_Dispensary Store/select_--Select--Schedule 1Inj'

2018-06-09 16:03:19 - [MESSAGE][PASSED] - All options with index in [4] are selected on object 'Object Repository/DispensaryToStore/Page_Dispensary Store/select_--Select--Schedule 1Inj'

2018-06-09 16:03:19 - [TEST_STEP][PASSED] - delay: Delayed 1 second(s)

2018-06-09 16:03:20 - [MESSAGE][PASSED] - Delayed 1 second(s)

2018-06-09 16:03:20 - [TEST_STEP][PASSED] - selectOptionByIndex: All options with index in [4] are selected on object 'Object Repository/DispensaryToStore/Page_Dispensary Store/select_--Select--Adernaline 0.'

2018-06-09 16:03:20 - [MESSAGE][PASSED] - All options with index in [4] are selected on object 'Object Repository/DispensaryToStore/Page_Dispensary Store/select_--Select--Adernaline 0.'

2018-06-09 16:03:20 - [TEST_STEP][PASSED] - delay: Delayed 1 second(s)

2018-06-09 16:03:21 - [MESSAGE][PASSED] - Delayed 1 second(s)

2018-06-09 16:03:21 - [TEST_STEP][PASSED] - setText: Text '10' is set on object 'Object Repository/DispensaryToStore/Page_Dispensary Store/input_txttreat'

2018-06-09 16:03:21 - [MESSAGE][PASSED] - Text '10' is set on object 'Object Repository/DispensaryToStore/Page_Dispensary Store/input_txttreat'

2018-06-09 16:03:21 - [TEST_STEP][PASSED] - click: Object: 'Object Repository/DispensaryToStore/Page_Dispensary Store/button_Add' is clicked on

2018-06-09 16:03:21 - [MESSAGE][PASSED] - Object: 'Object Repository/DispensaryToStore/Page_Dispensary Store/button_Add' is clicked on

2018-06-09 16:03:21 - [TEST_STEP][PASSED] - selectOptionByIndex: All options with index in [4] are selected on object 'Object Repository/DispensaryToStore/Page_Dispensary Store/select_--Select--Schedule 1Inj'

2018-06-09 16:03:22 - [MESSAGE][PASSED] - All options with index in [4] are selected on object 'Object Repository/DispensaryToStore/Page_Dispensary Store/select_--Select--Schedule 1Inj'

2018-06-09 16:03:22 - [TEST_STEP][PASSED] - delay: Delayed 1 second(s)

2018-06-09 16:03:23 - [MESSAGE][PASSED] - Delayed 1 second(s)

2018-06-09 16:03:23 - [TEST_STEP][PASSED] - selectOptionByIndex: All options with index in [5] are selected on object 'Object Repository/DispensaryToStore/Page_Dispensary Store/select_--Select--Adernaline 0.'

2018-06-09 16:03:23 - [MESSAGE][PASSED] - All options with index in [5] are selected on object 'Object Repository/DispensaryToStore/Page_Dispensary Store/select_--Select--Adernaline 0.'

2018-06-09 16:03:23 - [TEST_STEP][PASSED] - delay: Delayed 1 second(s)

2018-06-09 16:03:24 - [MESSAGE][PASSED] - Delayed 1 second(s)

2018-06-09 16:03:24 - [TEST_STEP][PASSED] - setText: Text '10' is set on object 'Object Repository/DispensaryToStore/Page_Dispensary Store/input_txttreat'

2018-06-09 16:03:24 - [MESSAGE][PASSED] - Text '10' is set on object 'Object Repository/DispensaryToStore/Page_Dispensary Store/input_txttreat'

2018-06-09 16:03:24 - [TEST_STEP][PASSED] - click: Object: 'Object Repository/DispensaryToStore/Page_Dispensary Store/button_Add' is clicked on

2018-06-09 16:03:24 - [MESSAGE][PASSED] - Object: 'Object Repository/DispensaryToStore/Page_Dispensary Store/button_Add' is clicked on

2018-06-09 16:03:24 - [TEST_STEP][PASSED] - selectOptionByIndex: All options with index in [4] are selected on object 'Object Repository/DispensaryToStore/Page_Dispensary Store/select_--Select--Schedule 1Inj'

2018-06-09 16:03:24 - [MESSAGE][PASSED] - All options with index in [4] are selected on object 'Object Repository/DispensaryToStore/Page_Dispensary Store/select_--Select--Schedule 1Inj'

2018-06-09 16:03:24 - [TEST_STEP][PASSED] - delay: Delayed 1 second(s)

2018-06-09 16:03:25 - [MESSAGE][PASSED] - Delayed 1 second(s)

2018-06-09 16:03:25 - [TEST_STEP][PASSED] - selectOptionByIndex: All options with index in [6] are selected on object 'Object Repository/DispensaryToStore/Page_Dispensary Store/select_--Select--Adernaline 0.'

2018-06-09 16:03:25 - [MESSAGE][PASSED] - All options with index in [6] are selected on object 'Object Repository/DispensaryToStore/Page_Dispensary Store/select_--Select--Adernaline 0.'

2018-06-09 16:03:25 - [TEST_STEP][PASSED] - delay: Delayed 1 second(s)

2018-06-09 16:03:26 - [MESSAGE][PASSED] - Delayed 1 second(s)

2018-06-09 16:03:26 - [TEST_STEP][PASSED] - setText: Text '10' is set on object 'Object Repository/DispensaryToStore/Page_Dispensary Store/input_txttreat'

2018-06-09 16:03:26 - [MESSAGE][PASSED] - Text '10' is set on object 'Object Repository/DispensaryToStore/Page_Dispensary Store/input_txttreat'

2018-06-09 16:03:26 - [TEST_STEP][PASSED] - click: Object: 'Object Repository/DispensaryToStore/Page_Dispensary Store/button_Add' is clicked on

2018-06-09 16:03:26 - [MESSAGE][PASSED] - Object: 'Object Repository/DispensaryToStore/Page_Dispensary Store/button_Add' is clicked on

2018-06-09 16:03:26 - [TEST_STEP][PASSED] - selectOptionByIndex: All options with index in [4] are selected on object 'Object Repository/DispensaryToStore/Page_Dispensary Store/select_--Select--Schedule 1Inj'

2018-06-09 16:03:27 - [MESSAGE][PASSED] - All options with index in [4] are selected on object 'Object Repository/DispensaryToStore/Page_Dispensary Store/select_--Select--Schedule 1Inj'

2018-06-09 16:03:27 - [TEST_STEP][PASSED] - delay: Delayed 1 second(s)

2018-06-09 16:03:28 - [MESSAGE][PASSED] - Delayed 1 second(s)

2018-06-09 16:03:28 - [TEST_STEP][PASSED] - selectOptionByIndex: All options with index in [7] are selected on object 'Object Repository/DispensaryToStore/Page_Dispensary Store/select_--Select--Adernaline 0.'

2018-06-09 16:03:28 - [MESSAGE][PASSED] - All options with index in [7] are selected on object 'Object Repository/DispensaryToStore/Page_Dispensary Store/select_--Select--Adernaline 0.'

2018-06-09 16:03:28 - [TEST_STEP][PASSED] - delay: Delayed 1 second(s)

2018-06-09 16:03:29 - [MESSAGE][PASSED] - Delayed 1 second(s)

2018-06-09 16:03:29 - [TEST_STEP][PASSED] - setText: Text '10' is set on object 'Object Repository/DispensaryToStore/Page_Dispensary Store/input_txttreat'

2018-06-09 16:03:29 - [MESSAGE][PASSED] - Text '10' is set on object 'Object Repository/DispensaryToStore/Page_Dispensary Store/input_txttreat'

2018-06-09 16:03:29 - [TEST_STEP][PASSED] - click: Object: 'Object Repository/DispensaryToStore/Page_Dispensary Store/button_Add' is clicked on

2018-06-09 16:03:29 - [MESSAGE][PASSED] - Object: 'Object Repository/DispensaryToStore/Page_Dispensary Store/button_Add' is clicked on

2018-06-09 16:03:29 - [TEST_STEP][PASSED] - selectOptionByIndex: All options with index in [4] are selected on object 'Object Repository/DispensaryToStore/Page_Dispensary Store/select_--Select--Schedule 1Inj'

2018-06-09 16:03:29 - [MESSAGE][PASSED] - All options with index in [4] are selected on object 'Object Repository/DispensaryToStore/Page_Dispensary Store/select_--Select--Schedule 1Inj'

2018-06-09 16:03:29 - [TEST_STEP][PASSED] - delay: Delayed 1 second(s)

2018-06-09 16:03:30 - [MESSAGE][PASSED] - Delayed 1 second(s)

2018-06-09 16:03:30 - [TEST_STEP][PASSED] - selectOptionByIndex: All options with index in [8] are selected on object 'Object Repository/DispensaryToStore/Page_Dispensary Store/select_--Select--Adernaline 0.'

2018-06-09 16:03:30 - [MESSAGE][PASSED] - All options with index in [8] are selected on object 'Object Repository/DispensaryToStore/Page_Dispensary Store/select_--Select--Adernaline 0.'

2018-06-09 16:03:30 - [TEST_STEP][PASSED] - delay: Delayed 1 second(s)

2018-06-09 16:03:31 - [MESSAGE][PASSED] - Delayed 1 second(s)

2018-06-09 16:03:31 - [TEST_STEP][PASSED] - setText: Text '10' is set on object 'Object Repository/DispensaryToStore/Page_Dispensary Store/input_txttreat'

2018-06-09 16:03:32 - [MESSAGE][PASSED] - Text '10' is set on object 'Object Repository/DispensaryToStore/Page_Dispensary Store/input_txttreat'

2018-06-09 16:03:32 - [TEST_STEP][PASSED] - click: Object: 'Object Repository/DispensaryToStore/Page_Dispensary Store/button_Add' is clicked on

2018-06-09 16:03:32 - [MESSAGE][PASSED] - Object: 'Object Repository/DispensaryToStore/Page_Dispensary Store/button_Add' is clicked on

2018-06-09 16:03:32 - [TEST_STEP][PASSED] - selectOptionByIndex: All options with index in [4] are selected on object 'Object Repository/DispensaryToStore/Page_Dispensary Store/select_--Select--Schedule 1Inj'

2018-06-09 16:03:32 - [MESSAGE][PASSED] - All options with index in [4] are selected on object 'Object Repository/DispensaryToStore/Page_Dispensary Store/select_--Select--Schedule 1Inj'

2018-06-09 16:03:32 - [TEST_STEP][PASSED] - delay: Delayed 1 second(s)

2018-06-09 16:03:33 - [MESSAGE][PASSED] - Delayed 1 second(s)

2018-06-09 16:03:33 - [TEST_STEP][PASSED] - selectOptionByIndex: All options with index in [9] are selected on object 'Object Repository/DispensaryToStore/Page_Dispensary Store/select_--Select--Adernaline 0.'

2018-06-09 16:03:33 - [MESSAGE][PASSED] - All options with index in [9] are selected on object 'Object Repository/DispensaryToStore/Page_Dispensary Store/select_--Select--Adernaline 0.'

2018-06-09 16:03:33 - [TEST_STEP][PASSED] - delay: Delayed 1 second(s)

2018-06-09 16:03:34 - [MESSAGE][PASSED] - Delayed 1 second(s)

2018-06-09 16:03:34 - [TEST_STEP][PASSED] - setText: Text '10' is set on object 'Object Repository/DispensaryToStore/Page_Dispensary Store/input_txttreat'

2018-06-09 16:03:34 - [MESSAGE][PASSED] - Text '10' is set on object 'Object Repository/DispensaryToStore/Page_Dispensary Store/input_txttreat'

2018-06-09 16:03:34 - [TEST_STEP][PASSED] - click: Object: 'Object Repository/DispensaryToStore/Page_Dispensary Store/button_Add' is clicked on

2018-06-09 16:03:34 - [MESSAGE][PASSED] - Object: 'Object Repository/DispensaryToStore/Page_Dispensary Store/button_Add' is clicked on

2018-06-09 16:03:34 - [TEST_STEP][PASSED] - selectOptionByIndex: All options with index in [4] are selected on object 'Object Repository/DispensaryToStore/Page_Dispensary Store/select_--Select--Schedule 1Inj'

2018-06-09 16:03:34 - [MESSAGE][PASSED] - All options with index in [4] are selected on object 'Object Repository/DispensaryToStore/Page_Dispensary Store/select_--Select--Schedule 1Inj'

2018-06-09 16:03:34 - [TEST_STEP][PASSED] - delay: Delayed 1 second(s)

2018-06-09 16:03:35 - [MESSAGE][PASSED] - Delayed 1 second(s)

2018-06-09 16:03:35 - [TEST_STEP][PASSED] - selectOptionByIndex: All options with index in [10] are selected on object 'Object Repository/DispensaryToStore/Page_Dispensary Store/select_--Select--Adernaline 0.'

2018-06-09 16:03:36 - [MESSAGE][PASSED] - All options with index in [10] are selected on object 'Object Repository/DispensaryToStore/Page_Dispensary Store/select_--Select--Adernaline 0.'

2018-06-09 16:03:36 - [TEST_STEP][PASSED] - delay: Delayed 1 second(s)

2018-06-09 16:03:37 - [MESSAGE][PASSED] - Delayed 1 second(s)

2018-06-09 16:03:37 - [TEST_STEP][PASSED] - setText: Text '10' is set on object 'Object Repository/DispensaryToStore/Page_Dispensary Store/input_txttreat'

2018-06-09 16:03:37 - [MESSAGE][PASSED] - Text '10' is set on object 'Object Repository/DispensaryToStore/Page_Dispensary Store/input_txttreat'

2018-06-09 16:03:37 - [TEST_STEP][PASSED] - click: Object: 'Object Repository/DispensaryToStore/Page_Dispensary Store/button_Add' is clicked on

2018-06-09 16:03:37 - [MESSAGE][PASSED] - Object: 'Object Repository/DispensaryToStore/Page_Dispensary Store/button_Add' is clicked on

2018-06-09 16:03:37 - [TEST_STEP][PASSED] - selectOptionByIndex: All options with index in [4] are selected on object 'Object Repository/DispensaryToStore/Page_Dispensary Store/select_--Select--Schedule 1Inj'

2018-06-09 16:03:37 - [MESSAGE][PASSED] - All options with index in [4] are selected on object 'Object Repository/DispensaryToStore/Page_Dispensary Store/select_--Select--Schedule 1Inj'

2018-06-09 16:03:37 - [TEST_STEP][PASSED] - delay: Delayed 1 second(s)

2018-06-09 16:03:38 - [MESSAGE][PASSED] - Delayed 1 second(s)

2018-06-09 16:03:38 - [TEST_STEP][PASSED] - selectOptionByIndex: All options with index in [11] are selected on object 'Object Repository/DispensaryToStore/Page_Dispensary Store/select_--Select--Adernaline 0.'

2018-06-09 16:03:38 - [MESSAGE][PASSED] - All options with index in [11] are selected on object 'Object Repository/DispensaryToStore/Page_Dispensary Store/select_--Select--Adernaline 0.'

2018-06-09 16:03:38 - [TEST_STEP][PASSED] - delay: Delayed 1 second(s)

2018-06-09 16:03:39 - [MESSAGE][PASSED] - Delayed 1 second(s)

2018-06-09 16:03:39 - [TEST_STEP][PASSED] - setText: Text '10' is set on object 'Object Repository/DispensaryToStore/Page_Dispensary Store/input_txttreat'

2018-06-09 16:03:39 - [MESSAGE][PASSED] - Text '10' is set on object 'Object Repository/DispensaryToStore/Page_Dispensary Store/input_txttreat'

2018-06-09 16:03:39 - [TEST_STEP][PASSED] - click: Object: 'Object Repository/DispensaryToStore/Page_Dispensary Store/button_Add' is clicked on

2018-06-09 16:03:40 - [MESSAGE][PASSED] - Object: 'Object Repository/DispensaryToStore/Page_Dispensary Store/button_Add' is clicked on

2018-06-09 16:03:40 - [TEST_STEP][PASSED] - selectOptionByIndex: All options with index in [4] are selected on object 'Object Repository/DispensaryToStore/Page_Dispensary Store/select_--Select--Schedule 1Inj'

2018-06-09 16:03:40 - [MESSAGE][PASSED] - All options with index in [4] are selected on object 'Object Repository/DispensaryToStore/Page_Dispensary Store/select_--Select--Schedule 1Inj'

2018-06-09 16:03:40 - [TEST_STEP][PASSED] - delay: Delayed 1 second(s)

2018-06-09 16:03:41 - [MESSAGE][PASSED] - Delayed 1 second(s)

2018-06-09 16:03:41 - [TEST_STEP][PASSED] - selectOptionByIndex: All options with index in [12] are selected on object 'Object Repository/DispensaryToStore/Page_Dispensary Store/select_--Select--Adernaline 0.'

2018-06-09 16:03:41 - [MESSAGE][PASSED] - All options with index in [12] are selected on object 'Object Repository/DispensaryToStore/Page_Dispensary Store/select_--Select--Adernaline 0.'

2018-06-09 16:03:41 - [TEST_STEP][PASSED] - delay: Delayed 1 second(s)

2018-06-09 16:03:42 - [MESSAGE][PASSED] - Delayed 1 second(s)

2018-06-09 16:03:42 - [TEST_STEP][PASSED] - setText: Text '10' is set on object 'Object Repository/DispensaryToStore/Page_Dispensary Store/input_txttreat'

2018-06-09 16:03:42 - [MESSAGE][PASSED] - Text '10' is set on object 'Object Repository/DispensaryToStore/Page_Dispensary Store/input_txttreat'

2018-06-09 16:03:42 - [TEST_STEP][PASSED] - click: Object: 'Object Repository/DispensaryToStore/Page_Dispensary Store/button_Add' is clicked on

2018-06-09 16:03:42 - [MESSAGE][PASSED] - Object: 'Object Repository/DispensaryToStore/Page_Dispensary Store/button_Add' is clicked on

2018-06-09 16:03:42 - [TEST_STEP][PASSED] - selectOptionByIndex: All options with index in [4] are selected on object 'Object Repository/DispensaryToStore/Page_Dispensary Store/select_--Select--Schedule 1Inj'

2018-06-09 16:03:42 - [MESSAGE][PASSED] - All options with index in [4] are selected on object 'Object Repository/DispensaryToStore/Page_Dispensary Store/select_--Select--Schedule 1Inj'

2018-06-09 16:03:42 - [TEST_STEP][PASSED] - delay: Delayed 1 second(s)

2018-06-09 16:03:43 - [MESSAGE][PASSED] - Delayed 1 second(s)

2018-06-09 16:03:43 - [TEST_STEP][PASSED] - selectOptionByIndex: All options with index in [13] are selected on object 'Object Repository/DispensaryToStore/Page_Dispensary Store/select_--Select--Adernaline 0.'

2018-06-09 16:03:44 - [MESSAGE][PASSED] - All options with index in [13] are selected on object 'Object Repository/DispensaryToStore/Page_Dispensary Store/select_--Select--Adernaline 0.'

2018-06-09 16:03:44 - [TEST_STEP][PASSED] - delay: Delayed 1 second(s)

2018-06-09 16:03:45 - [MESSAGE][PASSED] - Delayed 1 second(s)

2018-06-09 16:03:45 - [TEST_STEP][PASSED] - setText: Text '10' is set on object 'Object Repository/DispensaryToStore/Page_Dispensary Store/input_txttreat'

2018-06-09 16:03:45 - [MESSAGE][PASSED] - Text '10' is set on object 'Object Repository/DispensaryToStore/Page_Dispensary Store/input_txttreat'

2018-06-09 16:03:45 - [TEST_STEP][PASSED] - click: Object: 'Object Repository/DispensaryToStore/Page_Dispensary Store/button_Add' is clicked on

2018-06-09 16:03:45 - [MESSAGE][PASSED] - Object: 'Object Repository/DispensaryToStore/Page_Dispensary Store/button_Add' is clicked on

2018-06-09 16:03:45 - [TEST_STEP][PASSED] - selectOptionByIndex: All options with index in [4] are selected on object 'Object Repository/DispensaryToStore/Page_Dispensary Store/select_--Select--Schedule 1Inj'

2018-06-09 16:03:45 - [MESSAGE][PASSED] - All options with index in [4] are selected on object 'Object Repository/DispensaryToStore/Page_Dispensary Store/select_--Select--Schedule 1Inj'

2018-06-09 16:03:45 - [TEST_STEP][PASSED] - delay: Delayed 1 second(s)

2018-06-09 16:03:46 - [MESSAGE][PASSED] - Delayed 1 second(s)

2018-06-09 16:03:46 - [TEST_STEP][PASSED] - selectOptionByIndex: All options with index in [14] are selected on object 'Object Repository/DispensaryToStore/Page_Dispensary Store/select_--Select--Adernaline 0.'

2018-06-09 16:03:46 - [MESSAGE][PASSED] - All options with index in [14] are selected on object 'Object Repository/DispensaryToStore/Page_Dispensary Store/select_--Select--Adernaline 0.'

2018-06-09 16:03:46 - [TEST_STEP][PASSED] - delay: Delayed 1 second(s)

2018-06-09 16:03:47 - [MESSAGE][PASSED] - Delayed 1 second(s)

2018-06-09 16:03:47 - [TEST_STEP][PASSED] - setText: Text '10' is set on object 'Object Repository/DispensaryToStore/Page_Dispensary Store/input_txttreat'

2018-06-09 16:03:47 - [MESSAGE][PASSED] - Text '10' is set on object 'Object Repository/DispensaryToStore/Page_Dispensary Store/input_txttreat'

2018-06-09 16:03:47 - [TEST_STEP][PASSED] - click: Object: 'Object Repository/DispensaryToStore/Page_Dispensary Store/button_Add' is clicked on

2018-06-09 16:03:47 - [MESSAGE][PASSED] - Object: 'Object Repository/DispensaryToStore/Page_Dispensary Store/button_Add' is clicked on

2018-06-09 16:03:47 - [TEST_STEP][PASSED] - selectOptionByIndex: All options with index in [4] are selected on object 'Object Repository/DispensaryToStore/Page_Dispensary Store/select_--Select--Schedule 1Inj'

2018-06-09 16:03:48 - [MESSAGE][PASSED] - All options with index in [4] are selected on object 'Object Repository/DispensaryToStore/Page_Dispensary Store/select_--Select--Schedule 1Inj'

2018-06-09 16:03:48 - [TEST_STEP][PASSED] - delay: Delayed 1 second(s)

2018-06-09 16:03:49 - [MESSAGE][PASSED] - Delayed 1 second(s)

2018-06-09 16:03:49 - [TEST_STEP][PASSED] - selectOptionByIndex: All options with index in [15] are selected on object 'Object Repository/DispensaryToStore/Page_Dispensary Store/select_--Select--Adernaline 0.'

2018-06-09 16:03:49 - [MESSAGE][PASSED] - All options with index in [15] are selected on object 'Object Repository/DispensaryToStore/Page_Dispensary Store/select_--Select--Adernaline 0.'

2018-06-09 16:03:49 - [TEST_STEP][PASSED] - delay: Delayed 1 second(s)

2018-06-09 16:03:50 - [MESSAGE][PASSED] - Delayed 1 second(s)

2018-06-09 16:03:50 - [TEST_STEP][PASSED] - setText: Text '10' is set on object 'Object Repository/DispensaryToStore/Page_Dispensary Store/input_txttreat'

2018-06-09 16:03:50 - [MESSAGE][PASSED] - Text '10' is set on object 'Object Repository/DispensaryToStore/Page_Dispensary Store/input_txttreat'

2018-06-09 16:03:50 - [TEST_STEP][PASSED] - click: Object: 'Object Repository/DispensaryToStore/Page_Dispensary Store/button_Add' is clicked on

2018-06-09 16:03:50 - [MESSAGE][PASSED] - Object: 'Object Repository/DispensaryToStore/Page_Dispensary Store/button_Add' is clicked on

2018-06-09 16:03:50 - [TEST_STEP][PASSED] - scrollToElement: Scroll to object 'Object Repository/DispensaryToStore/Page_Dispensary Store/input_btnsave' successfully

2018-06-09 16:03:50 - [MESSAGE][PASSED] - Scroll to object 'Object Repository/DispensaryToStore/Page_Dispensary Store/input_btnsave' successfully

2018-06-09 16:03:50 - [TEST_STEP][PASSED] - click: Object: 'Object Repository/DispensaryToStore/Page_Dispensary Store/input_btnsave' is clicked on

2018-06-09 16:03:50 - [MESSAGE][PASSED] - Object: 'Object Repository/DispensaryToStore/Page_Dispensary Store/input_btnsave' is clicked on

2018-06-09 16:03:50 - [TEST_STEP][PASSED] - delay: Delayed 3 second(s)

2018-06-09 16:03:53 - [MESSAGE][PASSED] - Delayed 3 second(s)

2018-06-09 16:03:53 - [TEST_STEP][PASSED] - Statement - RN1 = com.kms.katalon.core.webui.keyword.WebUiBuiltInKeywords.getText(com.kms.katalon.core.testobject.ObjectRepository.findTestObject(DispensaryToStore/Page_Dispensary Store/font_HPRNO180520187)): Text of object 'Object Repository/DispensaryToStore/Page_Dispensary Store/font_HPRNO180520187' is: 'DPRNO/09062018/201'

2018-06-09 16:03:53 - [MESSAGE][PASSED] - Text of object 'Object Repository/DispensaryToStore/Page_Dispensary Store/font_HPRNO180520187' is: 'DPRNO/09062018/201'

2018-06-09 16:03:53 - [TEST_STEP][PASSED] - Statement - out.println(RN1): null

2018-06-09 16:03:53 - [TEST_STEP][PASSED] - Statement - RID = RN1.split("/")[2]: null

2018-06-09 16:03:53 - [TEST_STEP][PASSED] - click: Object: 'Object Repository/DispensaryToStore/Page_Dispensary Store/button_OK' is clicked on

2018-06-09 16:03:54 - [MESSAGE][PASSED] - Object: 'Object Repository/DispensaryToStore/Page_Dispensary Store/button_OK' is clicked on

2018-06-09 16:03:54 - [TEST_STEP][PASSED] - delay: Delayed 3 second(s)

2018-06-09 16:03:57 - [MESSAGE][PASSED] - Delayed 3 second(s)

2018-06-09 16:03:57 - [TEST_STEP][PASSED] - waitForElementPresent: Object 'Object Repository/DispensaryToStore/Page_Dispensary Store/a_dropdown-toggle' is present

2018-06-09 16:03:57 - [MESSAGE][PASSED] - Object 'Object Repository/DispensaryToStore/Page_Dispensary Store/a_dropdown-toggle' is present

2018-06-09 16:03:57 - [TEST_STEP][PASSED] - click: Object: 'Object Repository/DispensaryToStore/Page_Dispensary Store/a_dropdown-toggle' is clicked on

2018-06-09 16:03:57 - [MESSAGE][PASSED] - Object: 'Object Repository/DispensaryToStore/Page_Dispensary Store/a_dropdown-toggle' is clicked on

2018-06-09 16:03:57 - [TEST_STEP][PASSED] - click: Object: 'Object Repository/DispensaryToStore/Page_Dispensary Store/a_Sign out' is clicked on

2018-06-09 16:03:58 - [MESSAGE][PASSED] - Object: 'Object Repository/DispensaryToStore/Page_Dispensary Store/a_Sign out' is clicked on

2018-06-09 16:03:58 - [TEST_STEP][PASSED] - delay: Delayed 3 second(s)

2018-06-09 16:04:01 - [MESSAGE][PASSED] - Delayed 3 second(s)

2018-06-09 16:04:01 - [TEST_STEP][PASSED] - navigateToUrl: Navigate to 'http://192.168.137.1/multihospital_new/' successfully

2018-06-09 16:04:01 - [MESSAGE][PASSED] - Navigate to 'http://192.168.137.1/multihospital_new/' successfully

2018-06-09 16:04:01 - [TEST_STEP][PASSED] - click: Object: 'Object Repository/DispensaryToStore/Page_KDMC/a_CMO' is clicked on

2018-06-09 16:04:02 - [MESSAGE][PASSED] - Object: 'Object Repository/DispensaryToStore/Page_KDMC/a_CMO' is clicked on

2018-06-09 16:04:02 - [TEST_STEP][PASSED] - setText: Text 'guru' is set on object 'Object Repository/DispensaryToStore/Page_CMO login/input_txtusername'

2018-06-09 16:04:02 - [MESSAGE][PASSED] - Text 'guru' is set on object 'Object Repository/DispensaryToStore/Page_CMO login/input_txtusername'

2018-06-09 16:04:02 - [TEST_STEP][PASSED] - setText: Text '123' is set on object 'Object Repository/DispensaryToStore/Page_CMO login/input_txtpassword'

2018-06-09 16:04:02 - [MESSAGE][PASSED] - Text '123' is set on object 'Object Repository/DispensaryToStore/Page_CMO login/input_txtpassword'

2018-06-09 16:04:02 - [TEST_STEP][PASSED] - delay: Delayed 3 second(s)

2018-06-09 16:04:05 - [MESSAGE][PASSED] - Delayed 3 second(s)

2018-06-09 16:04:05 - [TEST_STEP][PASSED] - click: Object: 'Object Repository/DispensaryToStore/Page_CMO login/button_Sign in' is clicked on

2018-06-09 16:04:07 - [MESSAGE][PASSED] - Object: 'Object Repository/DispensaryToStore/Page_CMO login/button_Sign in' is clicked on

2018-06-09 16:04:07 - [TEST_STEP][PASSED] - click: Object: 'Object Repository/DispensaryToStore/Page_KDMC - CMO/a_Department Wise Request' is clicked on

2018-06-09 16:04:09 - [MESSAGE][PASSED] - Object: 'Object Repository/DispensaryToStore/Page_KDMC - CMO/a_Department Wise Request' is clicked on

2018-06-09 16:04:09 - [TEST_STEP][PASSED] - delay: Delayed 2 second(s)

2018-06-09 16:04:11 - [MESSAGE][PASSED] - Delayed 2 second(s)

2018-06-09 16:04:11 - [TEST_STEP][PASSED] - selectOptionByIndex: All options with index in [6] are selected on object 'Object Repository/DispensaryToStore/Page_KDMC - CMO/select_--ALL--'

2018-06-09 16:04:11 - [MESSAGE][PASSED] - All options with index in [6] are selected on object 'Object Repository/DispensaryToStore/Page_KDMC - CMO/select_--ALL--'

2018-06-09 16:04:11 - [TEST_STEP][PASSED] - click: Object: 'Object Repository/DispensaryToStore/Page_KDMC - CMO/input_btnsearch' is clicked on

2018-06-09 16:04:11 - [MESSAGE][PASSED] - Object: 'Object Repository/DispensaryToStore/Page_KDMC - CMO/input_btnsearch' is clicked on

2018-06-09 16:04:11 - [TEST_STEP][PASSED] - selectOptionByIndex: All options with index in [1] are selected on object 'Object Repository/DispensaryToStore/Page_KDMC - CMO/select_--ALL--                _1'

2018-06-09 16:04:11 - [MESSAGE][PASSED] - All options with index in [1] are selected on object 'Object Repository/DispensaryToStore/Page_KDMC - CMO/select_--ALL--                _1'

2018-06-09 16:04:11 - [TEST_STEP][PASSED] - click: Object: 'Object Repository/DispensaryToStore/Page_KDMC - CMO/input_btnsearch' is clicked on

2018-06-09 16:04:11 - [MESSAGE][PASSED] - Object: 'Object Repository/DispensaryToStore/Page_KDMC - CMO/input_btnsearch' is clicked on

2018-06-09 16:04:11 - [TEST_STEP][PASSED] - Statement - ID = com.kms.katalon.core.webui.keyword.WebUiBuiltInKeywords.modifyObjectProperty(com.kms.katalon.core.testobject.ObjectRepository.findTestObject(lab/Page_KDMC - CMO/input_1), "xpath", "equals", "//*[@id=" + RID + "]", true): Modify property of object successfully

2018-06-09 16:04:11 - [MESSAGE][PASSED] - Modify property of object successfully

2018-06-09 16:04:11 - [TEST_STEP][PASSED] - click: Object: 'Object Repository/lab/Page_KDMC - CMO/input_1' is clicked on

2018-06-09 16:04:12 - [MESSAGE][PASSED] - Object: 'Object Repository/lab/Page_KDMC - CMO/input_1' is clicked on

2018-06-09 16:04:12 - [TEST_STEP][PASSED] - delay: Delayed 2 second(s)

2018-06-09 16:04:14 - [MESSAGE][PASSED] - Delayed 2 second(s)

2018-06-09 16:04:14 - [TEST_STEP][PASSED] - selectOptionByIndex: All options with index in [1] are selected on object 'Object Repository/DispensaryToStore/Page_KDMC - CMO/select_--Select--'

2018-06-09 16:04:14 - [MESSAGE][PASSED] - All options with index in [1] are selected on object 'Object Repository/DispensaryToStore/Page_KDMC - CMO/select_--Select--'

2018-06-09 16:04:14 - [TEST_STEP][PASSED] - click: Object: 'Object Repository/DispensaryToStore/Page_KDMC - CMO/input_btnupdate' is clicked on

2018-06-09 16:04:14 - [MESSAGE][PASSED] - Object: 'Object Repository/DispensaryToStore/Page_KDMC - CMO/input_btnupdate' is clicked on

2018-06-09 16:04:14 - [TEST_STEP][PASSED] - delay: Delayed 2 second(s)

2018-06-09 16:04:16 - [MESSAGE][PASSED] - Delayed 2 second(s)

2018-06-09 16:04:16 - [TEST_STEP][PASSED] - click: Object: 'Object Repository/DispensaryToStore/Page_KDMC - CMO/button_OK' is clicked on

2018-06-09 16:04:17 - [MESSAGE][PASSED] - Object: 'Object Repository/DispensaryToStore/Page_KDMC - CMO/button_OK' is clicked on

2018-06-09 16:04:17 - [TEST_STEP][PASSED] - delay: Delayed 2 second(s)

2018-06-09 16:04:19 - [MESSAGE][PASSED] - Delayed 2 second(s)

2018-06-09 16:04:19 - [TEST_STEP][PASSED] - waitForElementPresent: Object 'Object Repository/DispensaryToStore/Page_Dispensary Store/a_dropdown-toggle' is not present after 20 second(s)

2018-06-09 16:04:39 - [MESSAGE][WARNING] - Object 'Object Repository/DispensaryToStore/Page_Dispensary Store/a_dropdown-toggle' is not present after 20 second(s)

2018-06-09 16:04:39 - [TEST_STEP][PASSED] - click: Object: 'Object Repository/DispensaryToStore/Page_KDMC - CMO/a_dropdown-toggle' is clicked on

2018-06-09 16:04:39 - [MESSAGE][PASSED] - Object: 'Object Repository/DispensaryToStore/Page_KDMC - CMO/a_dropdown-toggle' is clicked on

2018-06-09 16:04:39 - [TEST_STEP][PASSED] - click: Object: 'Object Repository/DispensaryToStore/Page_KDMC - CMO/a_Sign out' is clicked on

2018-06-09 16:04:40 - [MESSAGE][PASSED] - Object: 'Object Repository/DispensaryToStore/Page_KDMC - CMO/a_Sign out' is clicked on

2018-06-09 16:04:40 - [TEST_STEP][PASSED] - delay: Delayed 3 second(s)

2018-06-09 16:04:43 - [MESSAGE][PASSED] - Delayed 3 second(s)

2018-06-09 16:04:43 - [TEST_STEP][PASSED] - click: Object: 'Object Repository/DispensaryToStore/Page_KDMC/a_Divisional Store' is clicked on

2018-06-09 16:04:44 - [MESSAGE][PASSED] - Object: 'Object Repository/DispensaryToStore/Page_KDMC/a_Divisional Store' is clicked on

2018-06-09 16:04:44 - [TEST_STEP][PASSED] - setText: Text 'ragu' is set on object 'Object Repository/DispensaryToStore/Page_Divisonal Store Login/input_txtusername'

2018-06-09 16:04:44 - [MESSAGE][PASSED] - Text 'ragu' is set on object 'Object Repository/DispensaryToStore/Page_Divisonal Store Login/input_txtusername'

2018-06-09 16:04:44 - [TEST_STEP][PASSED] - setText: Text '123' is set on object 'Object Repository/DispensaryToStore/Page_Divisonal Store Login/input_txtpassword'

2018-06-09 16:04:44 - [MESSAGE][PASSED] - Text '123' is set on object 'Object Repository/DispensaryToStore/Page_Divisonal Store Login/input_txtpassword'

2018-06-09 16:04:44 - [TEST_STEP][PASSED] - delay: Delayed 3 second(s)

2018-06-09 16:04:47 - [MESSAGE][PASSED] - Delayed 3 second(s)

2018-06-09 16:04:47 - [TEST_STEP][PASSED] - click: Object: 'Object Repository/DispensaryToStore/Page_Divisonal Store Login/button_Sign in' is clicked on

2018-06-09 16:04:49 - [MESSAGE][PASSED] - Object: 'Object Repository/DispensaryToStore/Page_Divisonal Store Login/button_Sign in' is clicked on

2018-06-09 16:04:49 - [TEST_STEP][PASSED] - delay: Delayed 3 second(s)

2018-06-09 16:04:52 - [MESSAGE][PASSED] - Delayed 3 second(s)

2018-06-09 16:04:52 - [TEST_STEP][PASSED] - scrollToPosition: Browser is scrolled to position x = 100, y = 100

2018-06-09 16:04:52 - [MESSAGE][PASSED] - Browser is scrolled to position x = 100, y = 100

2018-06-09 16:04:52 - [TEST_STEP][PASSED] - click: Object: 'Object Repository/DispensaryToStore/Page_Store/a_Dispensary Request' is clicked on

2018-06-09 16:04:52 - [MESSAGE][PASSED] - Object: 'Object Repository/DispensaryToStore/Page_Store/a_Dispensary Request' is clicked on

2018-06-09 16:04:52 - [TEST_STEP][PASSED] - delay: Delayed 2 second(s)

2018-06-09 16:04:54 - [MESSAGE][PASSED] - Delayed 2 second(s)

2018-06-09 16:04:54 - [TEST_STEP][PASSED] - click: Object: 'Object Repository/DispensaryToStore/Page_Store/a_Request Item Dispensary' is clicked on

2018-06-09 16:04:55 - [MESSAGE][PASSED] - Object: 'Object Repository/DispensaryToStore/Page_Store/a_Request Item Dispensary' is clicked on

2018-06-09 16:04:55 - [TEST_STEP][PASSED] - Statement - ChooseRequest = com.kms.katalon.core.webui.keyword.WebUiBuiltInKeywords.modifyObjectProperty(com.kms.katalon.core.testobject.ObjectRepository.findTestObject(lab/Page_Store/input_1), "xpath", "equals", "//*[@id=" + RID + "]", true): Modify property of object successfully

2018-06-09 16:04:55 - [MESSAGE][PASSED] - Modify property of object successfully

2018-06-09 16:04:55 - [TEST_STEP][PASSED] - click: Object: 'Object Repository/lab/Page_Store/input_1' is clicked on

2018-06-09 16:04:57 - [MESSAGE][PASSED] - Object: 'Object Repository/lab/Page_Store/input_1' is clicked on

2018-06-09 16:04:57 - [TEST_STEP][PASSED] - Statement - selectedoptions = com.kms.katalon.core.webui.keyword.WebUiBuiltInKeywords.getNumberOfTotalOption(com.kms.katalon.core.testobject.ObjectRepository.findTestObject(DispensaryToStore/Page_Store/select_--Select--Adernaline 0.)): 16 options of object 'Object Repository/DispensaryToStore/Page_Store/select_--Select--Adernaline 0.' counted

2018-06-09 16:04:57 - [MESSAGE][PASSED] - 16 options of object 'Object Repository/DispensaryToStore/Page_Store/select_--Select--Adernaline 0.' counted

2018-06-09 16:04:57 - [TEST_STEP][PASSED] - Statement - For ([a = 1, a <= selectedoptions - 1, (a++)]): null

2018-06-09 16:04:57 - [TEST_STEP][PASSED] - selectOptionByIndex: All options with index in [1] are selected on object 'Object Repository/DispensaryToStore/Page_Store/select_--Select--Adernaline 0.'

2018-06-09 16:04:57 - [MESSAGE][PASSED] - All options with index in [1] are selected on object 'Object Repository/DispensaryToStore/Page_Store/select_--Select--Adernaline 0.'

2018-06-09 16:04:57 - [TEST_STEP][PASSED] - delay: Delayed 2 second(s)

2018-06-09 16:04:59 - [MESSAGE][PASSED] - Delayed 2 second(s)

2018-06-09 16:04:59 - [TEST_STEP][PASSED] - Statement - RequestedQty = com.kms.katalon.core.webui.keyword.WebUiBuiltInKeywords.getAttribute(com.kms.katalon.core.testobject.ObjectRepository.findTestObject(DispensaryToStore/Page_Store/input_txttotal), "value"): Attribute 'value' of object 'Object Repository/DispensaryToStore/Page_Store/input_txttotal' is: '10'

2018-06-09 16:04:59 - [MESSAGE][PASSED] - Attribute 'value' of object 'Object Repository/DispensaryToStore/Page_Store/input_txttotal' is: '10'

2018-06-09 16:04:59 - [TEST_STEP][PASSED] - Statement - out.println("Requested QTY : " + RequestedQty): null

2018-06-09 16:04:59 - [TEST_STEP][PASSED] - Statement - BatchNumber = com.kms.katalon.core.webui.keyword.WebUiBuiltInKeywords.getNumberOfTotalOption(com.kms.katalon.core.testobject.ObjectRepository.findTestObject(DispensaryToStore/Page_Store/select_--Select--BA1170BA2376B)): 6 options of object 'Object Repository/DispensaryToStore/Page_Store/select_--Select--BA1170BA2376B' counted

2018-06-09 16:04:59 - [MESSAGE][PASSED] - 6 options of object 'Object Repository/DispensaryToStore/Page_Store/select_--Select--BA1170BA2376B' counted

2018-06-09 16:04:59 - [TEST_STEP][PASSED] - Statement - For ([g = 1, g <= BatchNumber - 1, (g++)]): null

2018-06-09 16:04:59 - [TEST_STEP][PASSED] - selectOptionByIndex: All options with index in [1] are selected on object 'Object Repository/DispensaryToStore/Page_Store/select_--Select--BA1170BA2376B'

2018-06-09 16:04:59 - [MESSAGE][PASSED] - All options with index in [1] are selected on object 'Object Repository/DispensaryToStore/Page_Store/select_--Select--BA1170BA2376B'

2018-06-09 16:04:59 - [TEST_STEP][PASSED] - Statement - Try: null

2018-06-09 16:04:59 - [TEST_STEP][PASSED] - Statement - StockQty = com.kms.katalon.core.webui.keyword.WebUiBuiltInKeywords.getAttribute(com.kms.katalon.core.testobject.ObjectRepository.findTestObject(DispensaryToStore/Page_Store/input_txtprice), "value"): Attribute 'value' of object 'Object Repository/DispensaryToStore/Page_Store/input_txtprice' is: '520'

2018-06-09 16:04:59 - [MESSAGE][PASSED] - Attribute 'value' of object 'Object Repository/DispensaryToStore/Page_Store/input_txtprice' is: '520'

2018-06-09 16:04:59 - [TEST_STEP][PASSED] - Statement - out.println("Stock QTY : " + StockQty): null

2018-06-09 16:04:59 - [TEST_STEP][PASSED] - delay: Delayed 2 second(s)

2018-06-09 16:05:01 - [MESSAGE][PASSED] - Delayed 2 second(s)

2018-06-09 16:05:01 - [TEST_STEP][PASSED] - Statement - If (java.lang.String.valueOf(StockQty) >= java.lang.String.valueOf(RequestedQty)): null

2018-06-09 16:05:01 - [TEST_STEP][PASSED] - setText: Text '10' is set on object 'Object Repository/DispensaryToStore/Page_Store/input_txtqty'

2018-06-09 16:05:01 - [MESSAGE][PASSED] - Text '10' is set on object 'Object Repository/DispensaryToStore/Page_Store/input_txtqty'

2018-06-09 16:05:01 - [TEST_STEP][PASSED] - click: Object: 'Object Repository/DispensaryToStore/Page_Store/button_Add' is clicked on

2018-06-09 16:05:01 - [MESSAGE][PASSED] - Object: 'Object Repository/DispensaryToStore/Page_Store/button_Add' is clicked on

2018-06-09 16:05:01 - [TEST_STEP][PASSED] - Statement - Break: null

2018-06-09 16:05:01 - [TEST_STEP][PASSED] - selectOptionByIndex: All options with index in [2] are selected on object 'Object Repository/DispensaryToStore/Page_Store/select_--Select--Adernaline 0.'

2018-06-09 16:05:02 - [MESSAGE][PASSED] - All options with index in [2] are selected on object 'Object Repository/DispensaryToStore/Page_Store/select_--Select--Adernaline 0.'

2018-06-09 16:05:02 - [TEST_STEP][PASSED] - delay: Delayed 2 second(s)

2018-06-09 16:05:04 - [MESSAGE][PASSED] - Delayed 2 second(s)

2018-06-09 16:05:04 - [TEST_STEP][PASSED] - Statement - RequestedQty = com.kms.katalon.core.webui.keyword.WebUiBuiltInKeywords.getAttribute(com.kms.katalon.core.testobject.ObjectRepository.findTestObject(DispensaryToStore/Page_Store/input_txttotal), "value"): Attribute 'value' of object 'Object Repository/DispensaryToStore/Page_Store/input_txttotal' is: '10'

2018-06-09 16:05:04 - [MESSAGE][PASSED] - Attribute 'value' of object 'Object Repository/DispensaryToStore/Page_Store/input_txttotal' is: '10'

2018-06-09 16:05:04 - [TEST_STEP][PASSED] - Statement - out.println("Requested QTY : " + RequestedQty): null

2018-06-09 16:05:04 - [TEST_STEP][PASSED] - Statement - BatchNumber = com.kms.katalon.core.webui.keyword.WebUiBuiltInKeywords.getNumberOfTotalOption(com.kms.katalon.core.testobject.ObjectRepository.findTestObject(DispensaryToStore/Page_Store/select_--Select--BA1170BA2376B)): 5 options of object 'Object Repository/DispensaryToStore/Page_Store/select_--Select--BA1170BA2376B' counted

2018-06-09 16:05:04 - [MESSAGE][PASSED] - 5 options of object 'Object Repository/DispensaryToStore/Page_Store/select_--Select--BA1170BA2376B' counted

2018-06-09 16:05:04 - [TEST_STEP][PASSED] - Statement - For ([g = 1, g <= BatchNumber - 1, (g++)]): null

2018-06-09 16:05:04 - [TEST_STEP][PASSED] - selectOptionByIndex: All options with index in [1] are selected on object 'Object Repository/DispensaryToStore/Page_Store/select_--Select--BA1170BA2376B'

2018-06-09 16:05:04 - [MESSAGE][PASSED] - All options with index in [1] are selected on object 'Object Repository/DispensaryToStore/Page_Store/select_--Select--BA1170BA2376B'

2018-06-09 16:05:04 - [TEST_STEP][PASSED] - Statement - Try: null

2018-06-09 16:05:04 - [TEST_STEP][PASSED] - Statement - StockQty = com.kms.katalon.core.webui.keyword.WebUiBuiltInKeywords.getAttribute(com.kms.katalon.core.testobject.ObjectRepository.findTestObject(DispensaryToStore/Page_Store/input_txtprice), "value"): Attribute 'value' of object 'Object Repository/DispensaryToStore/Page_Store/input_txtprice' is: '160'

2018-06-09 16:05:04 - [MESSAGE][PASSED] - Attribute 'value' of object 'Object Repository/DispensaryToStore/Page_Store/input_txtprice' is: '160'

2018-06-09 16:05:04 - [TEST_STEP][PASSED] - Statement - out.println("Stock QTY : " + StockQty): null

2018-06-09 16:05:04 - [TEST_STEP][PASSED] - delay: Delayed 2 second(s)

2018-06-09 16:05:06 - [MESSAGE][PASSED] - Delayed 2 second(s)

2018-06-09 16:05:06 - [TEST_STEP][PASSED] - Statement - If (java.lang.String.valueOf(StockQty) >= java.lang.String.valueOf(RequestedQty)): null

2018-06-09 16:05:06 - [TEST_STEP][PASSED] - setText: Text '10' is set on object 'Object Repository/DispensaryToStore/Page_Store/input_txtqty'

2018-06-09 16:05:06 - [MESSAGE][PASSED] - Text '10' is set on object 'Object Repository/DispensaryToStore/Page_Store/input_txtqty'

2018-06-09 16:05:06 - [TEST_STEP][PASSED] - click: Object: 'Object Repository/DispensaryToStore/Page_Store/button_Add' is clicked on

2018-06-09 16:05:06 - [MESSAGE][PASSED] - Object: 'Object Repository/DispensaryToStore/Page_Store/button_Add' is clicked on

2018-06-09 16:05:06 - [TEST_STEP][PASSED] - Statement - Break: null

2018-06-09 16:05:06 - [TEST_STEP][PASSED] - selectOptionByIndex: All options with index in [3] are selected on object 'Object Repository/DispensaryToStore/Page_Store/select_--Select--Adernaline 0.'

2018-06-09 16:05:06 - [MESSAGE][PASSED] - All options with index in [3] are selected on object 'Object Repository/DispensaryToStore/Page_Store/select_--Select--Adernaline 0.'

2018-06-09 16:05:06 - [TEST_STEP][PASSED] - delay: Delayed 2 second(s)

2018-06-09 16:05:08 - [MESSAGE][PASSED] - Delayed 2 second(s)

2018-06-09 16:05:08 - [TEST_STEP][PASSED] - Statement - RequestedQty = com.kms.katalon.core.webui.keyword.WebUiBuiltInKeywords.getAttribute(com.kms.katalon.core.testobject.ObjectRepository.findTestObject(DispensaryToStore/Page_Store/input_txttotal), "value"): Attribute 'value' of object 'Object Repository/DispensaryToStore/Page_Store/input_txttotal' is: '10'

2018-06-09 16:05:08 - [MESSAGE][PASSED] - Attribute 'value' of object 'Object Repository/DispensaryToStore/Page_Store/input_txttotal' is: '10'

2018-06-09 16:05:08 - [TEST_STEP][PASSED] - Statement - out.println("Requested QTY : " + RequestedQty): null

2018-06-09 16:05:08 - [TEST_STEP][PASSED] - Statement - BatchNumber = com.kms.katalon.core.webui.keyword.WebUiBuiltInKeywords.getNumberOfTotalOption(com.kms.katalon.core.testobject.ObjectRepository.findTestObject(DispensaryToStore/Page_Store/select_--Select--BA1170BA2376B)): 5 options of object 'Object Repository/DispensaryToStore/Page_Store/select_--Select--BA1170BA2376B' counted

2018-06-09 16:05:08 - [MESSAGE][PASSED] - 5 options of object 'Object Repository/DispensaryToStore/Page_Store/select_--Select--BA1170BA2376B' counted

2018-06-09 16:05:08 - [TEST_STEP][PASSED] - Statement - For ([g = 1, g <= BatchNumber - 1, (g++)]): null

2018-06-09 16:05:08 - [TEST_STEP][PASSED] - selectOptionByIndex: All options with index in [1] are selected on object 'Object Repository/DispensaryToStore/Page_Store/select_--Select--BA1170BA2376B'

2018-06-09 16:05:08 - [MESSAGE][PASSED] - All options with index in [1] are selected on object 'Object Repository/DispensaryToStore/Page_Store/select_--Select--BA1170BA2376B'

2018-06-09 16:05:08 - [TEST_STEP][PASSED] - Statement - Try: null

2018-06-09 16:05:08 - [TEST_STEP][PASSED] - Statement - StockQty = com.kms.katalon.core.webui.keyword.WebUiBuiltInKeywords.getAttribute(com.kms.katalon.core.testobject.ObjectRepository.findTestObject(DispensaryToStore/Page_Store/input_txtprice), "value"): Attribute 'value' of object 'Object Repository/DispensaryToStore/Page_Store/input_txtprice' is: '520'

2018-06-09 16:05:08 - [MESSAGE][PASSED] - Attribute 'value' of object 'Object Repository/DispensaryToStore/Page_Store/input_txtprice' is: '520'

2018-06-09 16:05:08 - [TEST_STEP][PASSED] - Statement - out.println("Stock QTY : " + StockQty): null

2018-06-09 16:05:08 - [TEST_STEP][PASSED] - delay: Delayed 2 second(s)

2018-06-09 16:05:10 - [MESSAGE][PASSED] - Delayed 2 second(s)

2018-06-09 16:05:10 - [TEST_STEP][PASSED] - Statement - If (java.lang.String.valueOf(StockQty) >= java.lang.String.valueOf(RequestedQty)): null

2018-06-09 16:05:10 - [TEST_STEP][PASSED] - setText: Text '10' is set on object 'Object Repository/DispensaryToStore/Page_Store/input_txtqty'

2018-06-09 16:05:11 - [MESSAGE][PASSED] - Text '10' is set on object 'Object Repository/DispensaryToStore/Page_Store/input_txtqty'

2018-06-09 16:05:11 - [TEST_STEP][PASSED] - click: Object: 'Object Repository/DispensaryToStore/Page_Store/button_Add' is clicked on

2018-06-09 16:05:11 - [MESSAGE][PASSED] - Object: 'Object Repository/DispensaryToStore/Page_Store/button_Add' is clicked on

2018-06-09 16:05:11 - [TEST_STEP][PASSED] - Statement - Break: null

2018-06-09 16:05:11 - [TEST_STEP][PASSED] - selectOptionByIndex: All options with index in [4] are selected on object 'Object Repository/DispensaryToStore/Page_Store/select_--Select--Adernaline 0.'

2018-06-09 16:05:11 - [MESSAGE][PASSED] - All options with index in [4] are selected on object 'Object Repository/DispensaryToStore/Page_Store/select_--Select--Adernaline 0.'

2018-06-09 16:05:11 - [TEST_STEP][PASSED] - delay: Delayed 2 second(s)

2018-06-09 16:05:13 - [MESSAGE][PASSED] - Delayed 2 second(s)

2018-06-09 16:05:13 - [TEST_STEP][PASSED] - Statement - RequestedQty = com.kms.katalon.core.webui.keyword.WebUiBuiltInKeywords.getAttribute(com.kms.katalon.core.testobject.ObjectRepository.findTestObject(DispensaryToStore/Page_Store/input_txttotal), "value"): Attribute 'value' of object 'Object Repository/DispensaryToStore/Page_Store/input_txttotal' is: '10'

2018-06-09 16:05:13 - [MESSAGE][PASSED] - Attribute 'value' of object 'Object Repository/DispensaryToStore/Page_Store/input_txttotal' is: '10'

2018-06-09 16:05:13 - [TEST_STEP][PASSED] - Statement - out.println("Requested QTY : " + RequestedQty): null

2018-06-09 16:05:13 - [TEST_STEP][PASSED] - Statement - BatchNumber = com.kms.katalon.core.webui.keyword.WebUiBuiltInKeywords.getNumberOfTotalOption(com.kms.katalon.core.testobject.ObjectRepository.findTestObject(DispensaryToStore/Page_Store/select_--Select--BA1170BA2376B)): 5 options of object 'Object Repository/DispensaryToStore/Page_Store/select_--Select--BA1170BA2376B' counted

2018-06-09 16:05:13 - [MESSAGE][PASSED] - 5 options of object 'Object Repository/DispensaryToStore/Page_Store/select_--Select--BA1170BA2376B' counted

2018-06-09 16:05:13 - [TEST_STEP][PASSED] - Statement - For ([g = 1, g <= BatchNumber - 1, (g++)]): null

2018-06-09 16:05:13 - [TEST_STEP][PASSED] - selectOptionByIndex: All options with index in [1] are selected on object 'Object Repository/DispensaryToStore/Page_Store/select_--Select--BA1170BA2376B'

2018-06-09 16:05:13 - [MESSAGE][PASSED] - All options with index in [1] are selected on object 'Object Repository/DispensaryToStore/Page_Store/select_--Select--BA1170BA2376B'

2018-06-09 16:05:13 - [TEST_STEP][PASSED] - Statement - Try: null

2018-06-09 16:05:13 - [TEST_STEP][PASSED] - Statement - StockQty = com.kms.katalon.core.webui.keyword.WebUiBuiltInKeywords.getAttribute(com.kms.katalon.core.testobject.ObjectRepository.findTestObject(DispensaryToStore/Page_Store/input_txtprice), "value"): Attribute 'value' of object 'Object Repository/DispensaryToStore/Page_Store/input_txtprice' is: '160'

2018-06-09 16:05:13 - [MESSAGE][PASSED] - Attribute 'value' of object 'Object Repository/DispensaryToStore/Page_Store/input_txtprice' is: '160'

2018-06-09 16:05:13 - [TEST_STEP][PASSED] - Statement - out.println("Stock QTY : " + StockQty): null

2018-06-09 16:05:13 - [TEST_STEP][PASSED] - delay: Delayed 2 second(s)

2018-06-09 16:05:15 - [MESSAGE][PASSED] - Delayed 2 second(s)

2018-06-09 16:05:15 - [TEST_STEP][PASSED] - Statement - If (java.lang.String.valueOf(StockQty) >= java.lang.String.valueOf(RequestedQty)): null

2018-06-09 16:05:15 - [TEST_STEP][PASSED] - setText: Text '10' is set on object 'Object Repository/DispensaryToStore/Page_Store/input_txtqty'

2018-06-09 16:05:15 - [MESSAGE][PASSED] - Text '10' is set on object 'Object Repository/DispensaryToStore/Page_Store/input_txtqty'

2018-06-09 16:05:15 - [TEST_STEP][PASSED] - click: Object: 'Object Repository/DispensaryToStore/Page_Store/button_Add' is clicked on

2018-06-09 16:05:15 - [MESSAGE][PASSED] - Object: 'Object Repository/DispensaryToStore/Page_Store/button_Add' is clicked on

2018-06-09 16:05:15 - [TEST_STEP][PASSED] - Statement - Break: null

2018-06-09 16:05:15 - [TEST_STEP][PASSED] - selectOptionByIndex: All options with index in [5] are selected on object 'Object Repository/DispensaryToStore/Page_Store/select_--Select--Adernaline 0.'

2018-06-09 16:05:15 - [MESSAGE][PASSED] - All options with index in [5] are selected on object 'Object Repository/DispensaryToStore/Page_Store/select_--Select--Adernaline 0.'

2018-06-09 16:05:15 - [TEST_STEP][PASSED] - delay: Delayed 2 second(s)

2018-06-09 16:05:17 - [MESSAGE][PASSED] - Delayed 2 second(s)

2018-06-09 16:05:17 - [TEST_STEP][PASSED] - Statement - RequestedQty = com.kms.katalon.core.webui.keyword.WebUiBuiltInKeywords.getAttribute(com.kms.katalon.core.testobject.ObjectRepository.findTestObject(DispensaryToStore/Page_Store/input_txttotal), "value"): Attribute 'value' of object 'Object Repository/DispensaryToStore/Page_Store/input_txttotal' is: '10'

2018-06-09 16:05:18 - [MESSAGE][PASSED] - Attribute 'value' of object 'Object Repository/DispensaryToStore/Page_Store/input_txttotal' is: '10'

2018-06-09 16:05:18 - [TEST_STEP][PASSED] - Statement - out.println("Requested QTY : " + RequestedQty): null

2018-06-09 16:05:18 - [TEST_STEP][PASSED] - Statement - BatchNumber = com.kms.katalon.core.webui.keyword.WebUiBuiltInKeywords.getNumberOfTotalOption(com.kms.katalon.core.testobject.ObjectRepository.findTestObject(DispensaryToStore/Page_Store/select_--Select--BA1170BA2376B)): 2 options of object 'Object Repository/DispensaryToStore/Page_Store/select_--Select--BA1170BA2376B' counted

2018-06-09 16:05:18 - [MESSAGE][PASSED] - 2 options of object 'Object Repository/DispensaryToStore/Page_Store/select_--Select--BA1170BA2376B' counted

2018-06-09 16:05:18 - [TEST_STEP][PASSED] - Statement - For ([g = 1, g <= BatchNumber - 1, (g++)]): null

2018-06-09 16:05:18 - [TEST_STEP][PASSED] - selectOptionByIndex: All options with index in [1] are selected on object 'Object Repository/DispensaryToStore/Page_Store/select_--Select--BA1170BA2376B'

2018-06-09 16:05:18 - [MESSAGE][PASSED] - All options with index in [1] are selected on object 'Object Repository/DispensaryToStore/Page_Store/select_--Select--BA1170BA2376B'

2018-06-09 16:05:18 - [TEST_STEP][PASSED] - Statement - Try: null

2018-06-09 16:05:18 - [TEST_STEP][PASSED] - Statement - StockQty = com.kms.katalon.core.webui.keyword.WebUiBuiltInKeywords.getAttribute(com.kms.katalon.core.testobject.ObjectRepository.findTestObject(DispensaryToStore/Page_Store/input_txtprice), "value"): Attribute 'value' of object 'Object Repository/DispensaryToStore/Page_Store/input_txtprice' is: '2540'

2018-06-09 16:05:18 - [MESSAGE][PASSED] - Attribute 'value' of object 'Object Repository/DispensaryToStore/Page_Store/input_txtprice' is: '2540'

2018-06-09 16:05:18 - [TEST_STEP][PASSED] - Statement - out.println("Stock QTY : " + StockQty): null

2018-06-09 16:05:18 - [TEST_STEP][PASSED] - delay: Delayed 2 second(s)

2018-06-09 16:05:20 - [MESSAGE][PASSED] - Delayed 2 second(s)

2018-06-09 16:05:20 - [TEST_STEP][PASSED] - Statement - If (java.lang.String.valueOf(StockQty) >= java.lang.String.valueOf(RequestedQty)): null

2018-06-09 16:05:20 - [TEST_STEP][PASSED] - setText: Text '10' is set on object 'Object Repository/DispensaryToStore/Page_Store/input_txtqty'

2018-06-09 16:05:20 - [MESSAGE][PASSED] - Text '10' is set on object 'Object Repository/DispensaryToStore/Page_Store/input_txtqty'

2018-06-09 16:05:20 - [TEST_STEP][PASSED] - click: Object: 'Object Repository/DispensaryToStore/Page_Store/button_Add' is clicked on

2018-06-09 16:05:20 - [MESSAGE][PASSED] - Object: 'Object Repository/DispensaryToStore/Page_Store/button_Add' is clicked on

2018-06-09 16:05:20 - [TEST_STEP][PASSED] - Statement - Break: null

2018-06-09 16:05:20 - [TEST_STEP][PASSED] - selectOptionByIndex: All options with index in [6] are selected on object 'Object Repository/DispensaryToStore/Page_Store/select_--Select--Adernaline 0.'

2018-06-09 16:05:20 - [MESSAGE][PASSED] - All options with index in [6] are selected on object 'Object Repository/DispensaryToStore/Page_Store/select_--Select--Adernaline 0.'

2018-06-09 16:05:20 - [TEST_STEP][PASSED] - delay: Delayed 2 second(s)

2018-06-09 16:05:22 - [MESSAGE][PASSED] - Delayed 2 second(s)

2018-06-09 16:05:22 - [TEST_STEP][PASSED] - Statement - RequestedQty = com.kms.katalon.core.webui.keyword.WebUiBuiltInKeywords.getAttribute(com.kms.katalon.core.testobject.ObjectRepository.findTestObject(DispensaryToStore/Page_Store/input_txttotal), "value"): Attribute 'value' of object 'Object Repository/DispensaryToStore/Page_Store/input_txttotal' is: '10'

2018-06-09 16:05:22 - [MESSAGE][PASSED] - Attribute 'value' of object 'Object Repository/DispensaryToStore/Page_Store/input_txttotal' is: '10'

2018-06-09 16:05:22 - [TEST_STEP][PASSED] - Statement - out.println("Requested QTY : " + RequestedQty): null

2018-06-09 16:05:22 - [TEST_STEP][PASSED] - Statement - BatchNumber = com.kms.katalon.core.webui.keyword.WebUiBuiltInKeywords.getNumberOfTotalOption(com.kms.katalon.core.testobject.ObjectRepository.findTestObject(DispensaryToStore/Page_Store/select_--Select--BA1170BA2376B)): 3 options of object 'Object Repository/DispensaryToStore/Page_Store/select_--Select--BA1170BA2376B' counted

2018-06-09 16:05:22 - [MESSAGE][PASSED] - 3 options of object 'Object Repository/DispensaryToStore/Page_Store/select_--Select--BA1170BA2376B' counted

2018-06-09 16:05:22 - [TEST_STEP][PASSED] - Statement - For ([g = 1, g <= BatchNumber - 1, (g++)]): null

2018-06-09 16:05:22 - [TEST_STEP][PASSED] - selectOptionByIndex: All options with index in [1] are selected on object 'Object Repository/DispensaryToStore/Page_Store/select_--Select--BA1170BA2376B'

2018-06-09 16:05:22 - [MESSAGE][PASSED] - All options with index in [1] are selected on object 'Object Repository/DispensaryToStore/Page_Store/select_--Select--BA1170BA2376B'

2018-06-09 16:05:22 - [TEST_STEP][PASSED] - Statement - Try: null

2018-06-09 16:05:22 - [TEST_STEP][PASSED] - Statement - StockQty = com.kms.katalon.core.webui.keyword.WebUiBuiltInKeywords.getAttribute(com.kms.katalon.core.testobject.ObjectRepository.findTestObject(DispensaryToStore/Page_Store/input_txtprice), "value"): Attribute 'value' of object 'Object Repository/DispensaryToStore/Page_Store/input_txtprice' is: '1550'

2018-06-09 16:05:22 - [MESSAGE][PASSED] - Attribute 'value' of object 'Object Repository/DispensaryToStore/Page_Store/input_txtprice' is: '1550'

2018-06-09 16:05:22 - [TEST_STEP][PASSED] - Statement - out.println("Stock QTY : " + StockQty): null

2018-06-09 16:05:22 - [TEST_STEP][PASSED] - delay: Delayed 2 second(s)

2018-06-09 16:05:24 - [MESSAGE][PASSED] - Delayed 2 second(s)

2018-06-09 16:05:24 - [TEST_STEP][PASSED] - Statement - If (java.lang.String.valueOf(StockQty) >= java.lang.String.valueOf(RequestedQty)): null

2018-06-09 16:05:24 - [TEST_STEP][PASSED] - setText: Text '10' is set on object 'Object Repository/DispensaryToStore/Page_Store/input_txtqty'

2018-06-09 16:05:25 - [MESSAGE][PASSED] - Text '10' is set on object 'Object Repository/DispensaryToStore/Page_Store/input_txtqty'

2018-06-09 16:05:25 - [TEST_STEP][PASSED] - click: Object: 'Object Repository/DispensaryToStore/Page_Store/button_Add' is clicked on

2018-06-09 16:05:25 - [MESSAGE][PASSED] - Object: 'Object Repository/DispensaryToStore/Page_Store/button_Add' is clicked on

2018-06-09 16:05:25 - [TEST_STEP][PASSED] - Statement - Break: null

2018-06-09 16:05:25 - [TEST_STEP][PASSED] - selectOptionByIndex: All options with index in [7] are selected on object 'Object Repository/DispensaryToStore/Page_Store/select_--Select--Adernaline 0.'

2018-06-09 16:05:25 - [MESSAGE][PASSED] - All options with index in [7] are selected on object 'Object Repository/DispensaryToStore/Page_Store/select_--Select--Adernaline 0.'

2018-06-09 16:05:25 - [TEST_STEP][PASSED] - delay: Delayed 2 second(s)

2018-06-09 16:05:27 - [MESSAGE][PASSED] - Delayed 2 second(s)

2018-06-09 16:05:27 - [TEST_STEP][PASSED] - Statement - RequestedQty = com.kms.katalon.core.webui.keyword.WebUiBuiltInKeywords.getAttribute(com.kms.katalon.core.testobject.ObjectRepository.findTestObject(DispensaryToStore/Page_Store/input_txttotal), "value"): Attribute 'value' of object 'Object Repository/DispensaryToStore/Page_Store/input_txttotal' is: '10'

2018-06-09 16:05:27 - [MESSAGE][PASSED] - Attribute 'value' of object 'Object Repository/DispensaryToStore/Page_Store/input_txttotal' is: '10'

2018-06-09 16:05:27 - [TEST_STEP][PASSED] - Statement - out.println("Requested QTY : " + RequestedQty): null

2018-06-09 16:05:27 - [TEST_STEP][PASSED] - Statement - BatchNumber = com.kms.katalon.core.webui.keyword.WebUiBuiltInKeywords.getNumberOfTotalOption(com.kms.katalon.core.testobject.ObjectRepository.findTestObject(DispensaryToStore/Page_Store/select_--Select--BA1170BA2376B)): 3 options of object 'Object Repository/DispensaryToStore/Page_Store/select_--Select--BA1170BA2376B' counted

2018-06-09 16:05:27 - [MESSAGE][PASSED] - 3 options of object 'Object Repository/DispensaryToStore/Page_Store/select_--Select--BA1170BA2376B' counted

2018-06-09 16:05:27 - [TEST_STEP][PASSED] - Statement - For ([g = 1, g <= BatchNumber - 1, (g++)]): null

2018-06-09 16:05:27 - [TEST_STEP][PASSED] - selectOptionByIndex: All options with index in [1] are selected on object 'Object Repository/DispensaryToStore/Page_Store/select_--Select--BA1170BA2376B'

2018-06-09 16:05:27 - [MESSAGE][PASSED] - All options with index in [1] are selected on object 'Object Repository/DispensaryToStore/Page_Store/select_--Select--BA1170BA2376B'

2018-06-09 16:05:27 - [TEST_STEP][PASSED] - Statement - Try: null

2018-06-09 16:05:27 - [TEST_STEP][PASSED] - Statement - StockQty = com.kms.katalon.core.webui.keyword.WebUiBuiltInKeywords.getAttribute(com.kms.katalon.core.testobject.ObjectRepository.findTestObject(DispensaryToStore/Page_Store/input_txtprice), "value"): Attribute 'value' of object 'Object Repository/DispensaryToStore/Page_Store/input_txtprice' is: '1450'

2018-06-09 16:05:27 - [MESSAGE][PASSED] - Attribute 'value' of object 'Object Repository/DispensaryToStore/Page_Store/input_txtprice' is: '1450'

2018-06-09 16:05:27 - [TEST_STEP][PASSED] - Statement - out.println("Stock QTY : " + StockQty): null

2018-06-09 16:05:27 - [TEST_STEP][PASSED] - delay: Delayed 2 second(s)

2018-06-09 16:05:29 - [MESSAGE][PASSED] - Delayed 2 second(s)

2018-06-09 16:05:29 - [TEST_STEP][PASSED] - Statement - If (java.lang.String.valueOf(StockQty) >= java.lang.String.valueOf(RequestedQty)): null

2018-06-09 16:05:29 - [TEST_STEP][PASSED] - setText: Text '10' is set on object 'Object Repository/DispensaryToStore/Page_Store/input_txtqty'

2018-06-09 16:05:29 - [MESSAGE][PASSED] - Text '10' is set on object 'Object Repository/DispensaryToStore/Page_Store/input_txtqty'

2018-06-09 16:05:29 - [TEST_STEP][PASSED] - click: Object: 'Object Repository/DispensaryToStore/Page_Store/button_Add' is clicked on

2018-06-09 16:05:29 - [MESSAGE][PASSED] - Object: 'Object Repository/DispensaryToStore/Page_Store/button_Add' is clicked on

2018-06-09 16:05:29 - [TEST_STEP][PASSED] - Statement - Break: null

2018-06-09 16:05:29 - [TEST_STEP][PASSED] - selectOptionByIndex: All options with index in [8] are selected on object 'Object Repository/DispensaryToStore/Page_Store/select_--Select--Adernaline 0.'

2018-06-09 16:05:30 - [MESSAGE][PASSED] - All options with index in [8] are selected on object 'Object Repository/DispensaryToStore/Page_Store/select_--Select--Adernaline 0.'

2018-06-09 16:05:30 - [TEST_STEP][PASSED] - delay: Delayed 2 second(s)

2018-06-09 16:05:32 - [MESSAGE][PASSED] - Delayed 2 second(s)

2018-06-09 16:05:32 - [TEST_STEP][PASSED] - Statement - RequestedQty = com.kms.katalon.core.webui.keyword.WebUiBuiltInKeywords.getAttribute(com.kms.katalon.core.testobject.ObjectRepository.findTestObject(DispensaryToStore/Page_Store/input_txttotal), "value"): Attribute 'value' of object 'Object Repository/DispensaryToStore/Page_Store/input_txttotal' is: '10'

2018-06-09 16:05:32 - [MESSAGE][PASSED] - Attribute 'value' of object 'Object Repository/DispensaryToStore/Page_Store/input_txttotal' is: '10'

2018-06-09 16:05:32 - [TEST_STEP][PASSED] - Statement - out.println("Requested QTY : " + RequestedQty): null

2018-06-09 16:05:32 - [TEST_STEP][PASSED] - Statement - BatchNumber = com.kms.katalon.core.webui.keyword.WebUiBuiltInKeywords.getNumberOfTotalOption(com.kms.katalon.core.testobject.ObjectRepository.findTestObject(DispensaryToStore/Page_Store/select_--Select--BA1170BA2376B)): 2 options of object 'Object Repository/DispensaryToStore/Page_Store/select_--Select--BA1170BA2376B' counted

2018-06-09 16:05:32 - [MESSAGE][PASSED] - 2 options of object 'Object Repository/DispensaryToStore/Page_Store/select_--Select--BA1170BA2376B' counted

2018-06-09 16:05:32 - [TEST_STEP][PASSED] - Statement - For ([g = 1, g <= BatchNumber - 1, (g++)]): null

2018-06-09 16:05:32 - [TEST_STEP][PASSED] - selectOptionByIndex: All options with index in [1] are selected on object 'Object Repository/DispensaryToStore/Page_Store/select_--Select--BA1170BA2376B'

2018-06-09 16:05:32 - [MESSAGE][PASSED] - All options with index in [1] are selected on object 'Object Repository/DispensaryToStore/Page_Store/select_--Select--BA1170BA2376B'

2018-06-09 16:05:32 - [TEST_STEP][PASSED] - Statement - Try: null

2018-06-09 16:05:32 - [TEST_STEP][PASSED] - Statement - StockQty = com.kms.katalon.core.webui.keyword.WebUiBuiltInKeywords.getAttribute(com.kms.katalon.core.testobject.ObjectRepository.findTestObject(DispensaryToStore/Page_Store/input_txtprice), "value"): Attribute 'value' of object 'Object Repository/DispensaryToStore/Page_Store/input_txtprice' is: '1550'

2018-06-09 16:05:32 - [MESSAGE][PASSED] - Attribute 'value' of object 'Object Repository/DispensaryToStore/Page_Store/input_txtprice' is: '1550'

2018-06-09 16:05:32 - [TEST_STEP][PASSED] - Statement - out.println("Stock QTY : " + StockQty): null

2018-06-09 16:05:32 - [TEST_STEP][PASSED] - delay: Delayed 2 second(s)

2018-06-09 16:05:34 - [MESSAGE][PASSED] - Delayed 2 second(s)

2018-06-09 16:05:34 - [TEST_STEP][PASSED] - Statement - If (java.lang.String.valueOf(StockQty) >= java.lang.String.valueOf(RequestedQty)): null

2018-06-09 16:05:34 - [TEST_STEP][PASSED] - setText: Text '10' is set on object 'Object Repository/DispensaryToStore/Page_Store/input_txtqty'

2018-06-09 16:05:34 - [MESSAGE][PASSED] - Text '10' is set on object 'Object Repository/DispensaryToStore/Page_Store/input_txtqty'

2018-06-09 16:05:34 - [TEST_STEP][PASSED] - click: Object: 'Object Repository/DispensaryToStore/Page_Store/button_Add' is clicked on

2018-06-09 16:05:34 - [MESSAGE][PASSED] - Object: 'Object Repository/DispensaryToStore/Page_Store/button_Add' is clicked on

2018-06-09 16:05:34 - [TEST_STEP][PASSED] - Statement - Break: null

2018-06-09 16:05:34 - [TEST_STEP][PASSED] - selectOptionByIndex: All options with index in [9] are selected on object 'Object Repository/DispensaryToStore/Page_Store/select_--Select--Adernaline 0.'

2018-06-09 16:05:34 - [MESSAGE][PASSED] - All options with index in [9] are selected on object 'Object Repository/DispensaryToStore/Page_Store/select_--Select--Adernaline 0.'

2018-06-09 16:05:34 - [TEST_STEP][PASSED] - delay: Delayed 2 second(s)

2018-06-09 16:05:36 - [MESSAGE][PASSED] - Delayed 2 second(s)

2018-06-09 16:05:36 - [TEST_STEP][PASSED] - Statement - RequestedQty = com.kms.katalon.core.webui.keyword.WebUiBuiltInKeywords.getAttribute(com.kms.katalon.core.testobject.ObjectRepository.findTestObject(DispensaryToStore/Page_Store/input_txttotal), "value"): Attribute 'value' of object 'Object Repository/DispensaryToStore/Page_Store/input_txttotal' is: '10'

2018-06-09 16:05:36 - [MESSAGE][PASSED] - Attribute 'value' of object 'Object Repository/DispensaryToStore/Page_Store/input_txttotal' is: '10'

2018-06-09 16:05:36 - [TEST_STEP][PASSED] - Statement - out.println("Requested QTY : " + RequestedQty): null

2018-06-09 16:05:36 - [TEST_STEP][PASSED] - Statement - BatchNumber = com.kms.katalon.core.webui.keyword.WebUiBuiltInKeywords.getNumberOfTotalOption(com.kms.katalon.core.testobject.ObjectRepository.findTestObject(DispensaryToStore/Page_Store/select_--Select--BA1170BA2376B)): 5 options of object 'Object Repository/DispensaryToStore/Page_Store/select_--Select--BA1170BA2376B' counted

2018-06-09 16:05:36 - [MESSAGE][PASSED] - 5 options of object 'Object Repository/DispensaryToStore/Page_Store/select_--Select--BA1170BA2376B' counted

2018-06-09 16:05:36 - [TEST_STEP][PASSED] - Statement - For ([g = 1, g <= BatchNumber - 1, (g++)]): null

2018-06-09 16:05:36 - [TEST_STEP][PASSED] - selectOptionByIndex: All options with index in [1] are selected on object 'Object Repository/DispensaryToStore/Page_Store/select_--Select--BA1170BA2376B'

2018-06-09 16:05:36 - [MESSAGE][PASSED] - All options with index in [1] are selected on object 'Object Repository/DispensaryToStore/Page_Store/select_--Select--BA1170BA2376B'

2018-06-09 16:05:36 - [TEST_STEP][PASSED] - Statement - Try: null

2018-06-09 16:05:36 - [TEST_STEP][PASSED] - Statement - StockQty = com.kms.katalon.core.webui.keyword.WebUiBuiltInKeywords.getAttribute(com.kms.katalon.core.testobject.ObjectRepository.findTestObject(DispensaryToStore/Page_Store/input_txtprice), "value"): Attribute 'value' of object 'Object Repository/DispensaryToStore/Page_Store/input_txtprice' is: ''

2018-06-09 16:05:36 - [MESSAGE][PASSED] - Attribute 'value' of object 'Object Repository/DispensaryToStore/Page_Store/input_txtprice' is: ''

2018-06-09 16:05:36 - [TEST_STEP][PASSED] - Statement - out.println("Stock QTY : " + StockQty): null

2018-06-09 16:05:36 - [TEST_STEP][PASSED] - delay: Delayed 2 second(s)

2018-06-09 16:05:38 - [MESSAGE][PASSED] - Delayed 2 second(s)

2018-06-09 16:05:38 - [TEST_STEP][PASSED] - Statement - If (java.lang.String.valueOf(StockQty) >= java.lang.String.valueOf(RequestedQty)): null

2018-06-09 16:05:38 - [TEST_STEP][PASSED] - Statement - Else: null

2018-06-09 16:05:38 - [TEST_STEP][PASSED] - Statement - out.println("Stock Is Less Than Requested Qty"): null

2018-06-09 16:05:38 - [TEST_STEP][PASSED] - selectOptionByIndex: All options with index in [2] are selected on object 'Object Repository/DispensaryToStore/Page_Store/select_--Select--BA1170BA2376B'

2018-06-09 16:05:39 - [MESSAGE][PASSED] - All options with index in [2] are selected on object 'Object Repository/DispensaryToStore/Page_Store/select_--Select--BA1170BA2376B'

2018-06-09 16:05:39 - [TEST_STEP][PASSED] - Statement - Try: null

2018-06-09 16:05:39 - [TEST_STEP][PASSED] - Statement - StockQty = com.kms.katalon.core.webui.keyword.WebUiBuiltInKeywords.getAttribute(com.kms.katalon.core.testobject.ObjectRepository.findTestObject(DispensaryToStore/Page_Store/input_txtprice), "value"): Attribute 'value' of object 'Object Repository/DispensaryToStore/Page_Store/input_txtprice' is: '160'

2018-06-09 16:05:39 - [MESSAGE][PASSED] - Attribute 'value' of object 'Object Repository/DispensaryToStore/Page_Store/input_txtprice' is: '160'

2018-06-09 16:05:39 - [TEST_STEP][PASSED] - Statement - out.println("Stock QTY : " + StockQty): null

2018-06-09 16:05:39 - [TEST_STEP][PASSED] - delay: Delayed 2 second(s)

2018-06-09 16:05:41 - [MESSAGE][PASSED] - Delayed 2 second(s)

2018-06-09 16:05:41 - [TEST_STEP][PASSED] - Statement - If (java.lang.String.valueOf(StockQty) >= java.lang.String.valueOf(RequestedQty)): null

2018-06-09 16:05:41 - [TEST_STEP][PASSED] - setText: Text '10' is set on object 'Object Repository/DispensaryToStore/Page_Store/input_txtqty'

2018-06-09 16:05:41 - [MESSAGE][PASSED] - Text '10' is set on object 'Object Repository/DispensaryToStore/Page_Store/input_txtqty'

2018-06-09 16:05:41 - [TEST_STEP][PASSED] - click: Object: 'Object Repository/DispensaryToStore/Page_Store/button_Add' is clicked on

2018-06-09 16:05:41 - [MESSAGE][PASSED] - Object: 'Object Repository/DispensaryToStore/Page_Store/button_Add' is clicked on

2018-06-09 16:05:41 - [TEST_STEP][PASSED] - Statement - Break: null

2018-06-09 16:05:41 - [TEST_STEP][PASSED] - selectOptionByIndex: All options with index in [10] are selected on object 'Object Repository/DispensaryToStore/Page_Store/select_--Select--Adernaline 0.'

2018-06-09 16:05:41 - [MESSAGE][PASSED] - All options with index in [10] are selected on object 'Object Repository/DispensaryToStore/Page_Store/select_--Select--Adernaline 0.'

2018-06-09 16:05:41 - [TEST_STEP][PASSED] - delay: Delayed 2 second(s)

2018-06-09 16:05:43 - [MESSAGE][PASSED] - Delayed 2 second(s)

2018-06-09 16:05:43 - [TEST_STEP][PASSED] - Statement - RequestedQty = com.kms.katalon.core.webui.keyword.WebUiBuiltInKeywords.getAttribute(com.kms.katalon.core.testobject.ObjectRepository.findTestObject(DispensaryToStore/Page_Store/input_txttotal), "value"): Attribute 'value' of object 'Object Repository/DispensaryToStore/Page_Store/input_txttotal' is: '10'

2018-06-09 16:05:43 - [MESSAGE][PASSED] - Attribute 'value' of object 'Object Repository/DispensaryToStore/Page_Store/input_txttotal' is: '10'

2018-06-09 16:05:43 - [TEST_STEP][PASSED] - Statement - out.println("Requested QTY : " + RequestedQty): null

2018-06-09 16:05:43 - [TEST_STEP][PASSED] - Statement - BatchNumber = com.kms.katalon.core.webui.keyword.WebUiBuiltInKeywords.getNumberOfTotalOption(com.kms.katalon.core.testobject.ObjectRepository.findTestObject(DispensaryToStore/Page_Store/select_--Select--BA1170BA2376B)): 4 options of object 'Object Repository/DispensaryToStore/Page_Store/select_--Select--BA1170BA2376B' counted

2018-06-09 16:05:43 - [MESSAGE][PASSED] - 4 options of object 'Object Repository/DispensaryToStore/Page_Store/select_--Select--BA1170BA2376B' counted

2018-06-09 16:05:43 - [TEST_STEP][PASSED] - Statement - For ([g = 1, g <= BatchNumber - 1, (g++)]): null

2018-06-09 16:05:43 - [TEST_STEP][PASSED] - selectOptionByIndex: All options with index in [1] are selected on object 'Object Repository/DispensaryToStore/Page_Store/select_--Select--BA1170BA2376B'

2018-06-09 16:05:43 - [MESSAGE][PASSED] - All options with index in [1] are selected on object 'Object Repository/DispensaryToStore/Page_Store/select_--Select--BA1170BA2376B'

2018-06-09 16:05:43 - [TEST_STEP][PASSED] - Statement - Try: null

2018-06-09 16:05:43 - [TEST_STEP][PASSED] - Statement - StockQty = com.kms.katalon.core.webui.keyword.WebUiBuiltInKeywords.getAttribute(com.kms.katalon.core.testobject.ObjectRepository.findTestObject(DispensaryToStore/Page_Store/input_txtprice), "value"): Attribute 'value' of object 'Object Repository/DispensaryToStore/Page_Store/input_txtprice' is: ''

2018-06-09 16:05:43 - [MESSAGE][PASSED] - Attribute 'value' of object 'Object Repository/DispensaryToStore/Page_Store/input_txtprice' is: ''

2018-06-09 16:05:43 - [TEST_STEP][PASSED] - Statement - out.println("Stock QTY : " + StockQty): null

2018-06-09 16:05:43 - [TEST_STEP][PASSED] - delay: Delayed 2 second(s)

2018-06-09 16:05:45 - [MESSAGE][PASSED] - Delayed 2 second(s)

2018-06-09 16:05:45 - [TEST_STEP][PASSED] - Statement - If (java.lang.String.valueOf(StockQty) >= java.lang.String.valueOf(RequestedQty)): null

2018-06-09 16:05:45 - [TEST_STEP][PASSED] - Statement - Else: null

2018-06-09 16:05:45 - [TEST_STEP][PASSED] - Statement - out.println("Stock Is Less Than Requested Qty"): null

2018-06-09 16:05:45 - [TEST_STEP][PASSED] - selectOptionByIndex: All options with index in [2] are selected on object 'Object Repository/DispensaryToStore/Page_Store/select_--Select--BA1170BA2376B'

2018-06-09 16:05:45 - [MESSAGE][PASSED] - All options with index in [2] are selected on object 'Object Repository/DispensaryToStore/Page_Store/select_--Select--BA1170BA2376B'

2018-06-09 16:05:45 - [TEST_STEP][PASSED] - Statement - Try: null

2018-06-09 16:05:45 - [TEST_STEP][PASSED] - Statement - StockQty = com.kms.katalon.core.webui.keyword.WebUiBuiltInKeywords.getAttribute(com.kms.katalon.core.testobject.ObjectRepository.findTestObject(DispensaryToStore/Page_Store/input_txtprice), "value"): Attribute 'value' of object 'Object Repository/DispensaryToStore/Page_Store/input_txtprice' is: '1390'

2018-06-09 16:05:46 - [MESSAGE][PASSED] - Attribute 'value' of object 'Object Repository/DispensaryToStore/Page_Store/input_txtprice' is: '1390'

2018-06-09 16:05:46 - [TEST_STEP][PASSED] - Statement - out.println("Stock QTY : " + StockQty): null

2018-06-09 16:05:46 - [TEST_STEP][PASSED] - delay: Delayed 2 second(s)

2018-06-09 16:05:48 - [MESSAGE][PASSED] - Delayed 2 second(s)

2018-06-09 16:05:48 - [TEST_STEP][PASSED] - Statement - If (java.lang.String.valueOf(StockQty) >= java.lang.String.valueOf(RequestedQty)): null

2018-06-09 16:05:48 - [TEST_STEP][PASSED] - setText: Text '10' is set on object 'Object Repository/DispensaryToStore/Page_Store/input_txtqty'

2018-06-09 16:05:48 - [MESSAGE][PASSED] - Text '10' is set on object 'Object Repository/DispensaryToStore/Page_Store/input_txtqty'

2018-06-09 16:05:48 - [TEST_STEP][PASSED] - click: Object: 'Object Repository/DispensaryToStore/Page_Store/button_Add' is clicked on

2018-06-09 16:05:48 - [MESSAGE][PASSED] - Object: 'Object Repository/DispensaryToStore/Page_Store/button_Add' is clicked on

2018-06-09 16:05:48 - [TEST_STEP][PASSED] - Statement - Break: null

2018-06-09 16:05:48 - [TEST_STEP][PASSED] - selectOptionByIndex: All options with index in [11] are selected on object 'Object Repository/DispensaryToStore/Page_Store/select_--Select--Adernaline 0.'

2018-06-09 16:05:48 - [MESSAGE][PASSED] - All options with index in [11] are selected on object 'Object Repository/DispensaryToStore/Page_Store/select_--Select--Adernaline 0.'

2018-06-09 16:05:48 - [TEST_STEP][PASSED] - delay: Delayed 2 second(s)

2018-06-09 16:05:50 - [MESSAGE][PASSED] - Delayed 2 second(s)

2018-06-09 16:05:50 - [TEST_STEP][PASSED] - Statement - RequestedQty = com.kms.katalon.core.webui.keyword.WebUiBuiltInKeywords.getAttribute(com.kms.katalon.core.testobject.ObjectRepository.findTestObject(DispensaryToStore/Page_Store/input_txttotal), "value"): Attribute 'value' of object 'Object Repository/DispensaryToStore/Page_Store/input_txttotal' is: '10'

2018-06-09 16:05:50 - [MESSAGE][PASSED] - Attribute 'value' of object 'Object Repository/DispensaryToStore/Page_Store/input_txttotal' is: '10'

2018-06-09 16:05:50 - [TEST_STEP][PASSED] - Statement - out.println("Requested QTY : " + RequestedQty): null

2018-06-09 16:05:50 - [TEST_STEP][PASSED] - Statement - BatchNumber = com.kms.katalon.core.webui.keyword.WebUiBuiltInKeywords.getNumberOfTotalOption(com.kms.katalon.core.testobject.ObjectRepository.findTestObject(DispensaryToStore/Page_Store/select_--Select--BA1170BA2376B)): 3 options of object 'Object Repository/DispensaryToStore/Page_Store/select_--Select--BA1170BA2376B' counted

2018-06-09 16:05:50 - [MESSAGE][PASSED] - 3 options of object 'Object Repository/DispensaryToStore/Page_Store/select_--Select--BA1170BA2376B' counted

2018-06-09 16:05:50 - [TEST_STEP][PASSED] - Statement - For ([g = 1, g <= BatchNumber - 1, (g++)]): null

2018-06-09 16:05:50 - [TEST_STEP][PASSED] - selectOptionByIndex: All options with index in [1] are selected on object 'Object Repository/DispensaryToStore/Page_Store/select_--Select--BA1170BA2376B'

2018-06-09 16:05:50 - [MESSAGE][PASSED] - All options with index in [1] are selected on object 'Object Repository/DispensaryToStore/Page_Store/select_--Select--BA1170BA2376B'

2018-06-09 16:05:50 - [TEST_STEP][PASSED] - Statement - Try: null

2018-06-09 16:05:50 - [TEST_STEP][PASSED] - Statement - StockQty = com.kms.katalon.core.webui.keyword.WebUiBuiltInKeywords.getAttribute(com.kms.katalon.core.testobject.ObjectRepository.findTestObject(DispensaryToStore/Page_Store/input_txtprice), "value"): Attribute 'value' of object 'Object Repository/DispensaryToStore/Page_Store/input_txtprice' is: '560'

2018-06-09 16:05:50 - [MESSAGE][PASSED] - Attribute 'value' of object 'Object Repository/DispensaryToStore/Page_Store/input_txtprice' is: '560'

2018-06-09 16:05:50 - [TEST_STEP][PASSED] - Statement - out.println("Stock QTY : " + StockQty): null

2018-06-09 16:05:50 - [TEST_STEP][PASSED] - delay: Delayed 2 second(s)

2018-06-09 16:05:52 - [MESSAGE][PASSED] - Delayed 2 second(s)

2018-06-09 16:05:52 - [TEST_STEP][PASSED] - Statement - If (java.lang.String.valueOf(StockQty) >= java.lang.String.valueOf(RequestedQty)): null

2018-06-09 16:05:52 - [TEST_STEP][PASSED] - setText: Text '10' is set on object 'Object Repository/DispensaryToStore/Page_Store/input_txtqty'

2018-06-09 16:05:52 - [MESSAGE][PASSED] - Text '10' is set on object 'Object Repository/DispensaryToStore/Page_Store/input_txtqty'

2018-06-09 16:05:52 - [TEST_STEP][PASSED] - click: Object: 'Object Repository/DispensaryToStore/Page_Store/button_Add' is clicked on

2018-06-09 16:05:52 - [MESSAGE][PASSED] - Object: 'Object Repository/DispensaryToStore/Page_Store/button_Add' is clicked on

2018-06-09 16:05:52 - [TEST_STEP][PASSED] - Statement - Break: null

2018-06-09 16:05:52 - [TEST_STEP][PASSED] - selectOptionByIndex: All options with index in [12] are selected on object 'Object Repository/DispensaryToStore/Page_Store/select_--Select--Adernaline 0.'

2018-06-09 16:05:53 - [MESSAGE][PASSED] - All options with index in [12] are selected on object 'Object Repository/DispensaryToStore/Page_Store/select_--Select--Adernaline 0.'

2018-06-09 16:05:53 - [TEST_STEP][PASSED] - delay: Delayed 2 second(s)

2018-06-09 16:05:55 - [MESSAGE][PASSED] - Delayed 2 second(s)

2018-06-09 16:05:55 - [TEST_STEP][PASSED] - Statement - RequestedQty = com.kms.katalon.core.webui.keyword.WebUiBuiltInKeywords.getAttribute(com.kms.katalon.core.testobject.ObjectRepository.findTestObject(DispensaryToStore/Page_Store/input_txttotal), "value"): Attribute 'value' of object 'Object Repository/DispensaryToStore/Page_Store/input_txttotal' is: '10'

2018-06-09 16:05:55 - [MESSAGE][PASSED] - Attribute 'value' of object 'Object Repository/DispensaryToStore/Page_Store/input_txttotal' is: '10'

2018-06-09 16:05:55 - [TEST_STEP][PASSED] - Statement - out.println("Requested QTY : " + RequestedQty): null

2018-06-09 16:05:55 - [TEST_STEP][PASSED] - Statement - BatchNumber = com.kms.katalon.core.webui.keyword.WebUiBuiltInKeywords.getNumberOfTotalOption(com.kms.katalon.core.testobject.ObjectRepository.findTestObject(DispensaryToStore/Page_Store/select_--Select--BA1170BA2376B)): 3 options of object 'Object Repository/DispensaryToStore/Page_Store/select_--Select--BA1170BA2376B' counted

2018-06-09 16:05:55 - [MESSAGE][PASSED] - 3 options of object 'Object Repository/DispensaryToStore/Page_Store/select_--Select--BA1170BA2376B' counted

2018-06-09 16:05:55 - [TEST_STEP][PASSED] - Statement - For ([g = 1, g <= BatchNumber - 1, (g++)]): null

2018-06-09 16:05:55 - [TEST_STEP][PASSED] - selectOptionByIndex: All options with index in [1] are selected on object 'Object Repository/DispensaryToStore/Page_Store/select_--Select--BA1170BA2376B'

2018-06-09 16:05:55 - [MESSAGE][PASSED] - All options with index in [1] are selected on object 'Object Repository/DispensaryToStore/Page_Store/select_--Select--BA1170BA2376B'

2018-06-09 16:05:55 - [TEST_STEP][PASSED] - Statement - Try: null

2018-06-09 16:05:55 - [TEST_STEP][PASSED] - Statement - StockQty = com.kms.katalon.core.webui.keyword.WebUiBuiltInKeywords.getAttribute(com.kms.katalon.core.testobject.ObjectRepository.findTestObject(DispensaryToStore/Page_Store/input_txtprice), "value"): Attribute 'value' of object 'Object Repository/DispensaryToStore/Page_Store/input_txtprice' is: '160'

2018-06-09 16:05:55 - [MESSAGE][PASSED] - Attribute 'value' of object 'Object Repository/DispensaryToStore/Page_Store/input_txtprice' is: '160'

2018-06-09 16:05:55 - [TEST_STEP][PASSED] - Statement - out.println("Stock QTY : " + StockQty): null

2018-06-09 16:05:55 - [TEST_STEP][PASSED] - delay: Delayed 2 second(s)

2018-06-09 16:05:57 - [MESSAGE][PASSED] - Delayed 2 second(s)

2018-06-09 16:05:57 - [TEST_STEP][PASSED] - Statement - If (java.lang.String.valueOf(StockQty) >= java.lang.String.valueOf(RequestedQty)): null

2018-06-09 16:05:57 - [TEST_STEP][PASSED] - setText: Text '10' is set on object 'Object Repository/DispensaryToStore/Page_Store/input_txtqty'

2018-06-09 16:05:57 - [MESSAGE][PASSED] - Text '10' is set on object 'Object Repository/DispensaryToStore/Page_Store/input_txtqty'

2018-06-09 16:05:57 - [TEST_STEP][PASSED] - click: Object: 'Object Repository/DispensaryToStore/Page_Store/button_Add' is clicked on

2018-06-09 16:05:57 - [MESSAGE][PASSED] - Object: 'Object Repository/DispensaryToStore/Page_Store/button_Add' is clicked on

2018-06-09 16:05:57 - [TEST_STEP][PASSED] - Statement - Break: null

2018-06-09 16:05:57 - [TEST_STEP][PASSED] - selectOptionByIndex: All options with index in [13] are selected on object 'Object Repository/DispensaryToStore/Page_Store/select_--Select--Adernaline 0.'

2018-06-09 16:05:57 - [MESSAGE][PASSED] - All options with index in [13] are selected on object 'Object Repository/DispensaryToStore/Page_Store/select_--Select--Adernaline 0.'

2018-06-09 16:05:57 - [TEST_STEP][PASSED] - delay: Delayed 2 second(s)

2018-06-09 16:05:59 - [MESSAGE][PASSED] - Delayed 2 second(s)

2018-06-09 16:05:59 - [TEST_STEP][PASSED] - Statement - RequestedQty = com.kms.katalon.core.webui.keyword.WebUiBuiltInKeywords.getAttribute(com.kms.katalon.core.testobject.ObjectRepository.findTestObject(DispensaryToStore/Page_Store/input_txttotal), "value"): Attribute 'value' of object 'Object Repository/DispensaryToStore/Page_Store/input_txttotal' is: '10'

2018-06-09 16:05:59 - [MESSAGE][PASSED] - Attribute 'value' of object 'Object Repository/DispensaryToStore/Page_Store/input_txttotal' is: '10'

2018-06-09 16:05:59 - [TEST_STEP][PASSED] - Statement - out.println("Requested QTY : " + RequestedQty): null

2018-06-09 16:05:59 - [TEST_STEP][PASSED] - Statement - BatchNumber = com.kms.katalon.core.webui.keyword.WebUiBuiltInKeywords.getNumberOfTotalOption(com.kms.katalon.core.testobject.ObjectRepository.findTestObject(DispensaryToStore/Page_Store/select_--Select--BA1170BA2376B)): 3 options of object 'Object Repository/DispensaryToStore/Page_Store/select_--Select--BA1170BA2376B' counted

2018-06-09 16:05:59 - [MESSAGE][PASSED] - 3 options of object 'Object Repository/DispensaryToStore/Page_Store/select_--Select--BA1170BA2376B' counted

2018-06-09 16:05:59 - [TEST_STEP][PASSED] - Statement - For ([g = 1, g <= BatchNumber - 1, (g++)]): null

2018-06-09 16:05:59 - [TEST_STEP][PASSED] - selectOptionByIndex: All options with index in [1] are selected on object 'Object Repository/DispensaryToStore/Page_Store/select_--Select--BA1170BA2376B'

2018-06-09 16:06:00 - [MESSAGE][PASSED] - All options with index in [1] are selected on object 'Object Repository/DispensaryToStore/Page_Store/select_--Select--BA1170BA2376B'

2018-06-09 16:06:00 - [TEST_STEP][PASSED] - Statement - Try: null

2018-06-09 16:06:00 - [TEST_STEP][PASSED] - Statement - StockQty = com.kms.katalon.core.webui.keyword.WebUiBuiltInKeywords.getAttribute(com.kms.katalon.core.testobject.ObjectRepository.findTestObject(DispensaryToStore/Page_Store/input_txtprice), "value"): Attribute 'value' of object 'Object Repository/DispensaryToStore/Page_Store/input_txtprice' is: '1450'

2018-06-09 16:06:00 - [MESSAGE][PASSED] - Attribute 'value' of object 'Object Repository/DispensaryToStore/Page_Store/input_txtprice' is: '1450'

2018-06-09 16:06:00 - [TEST_STEP][PASSED] - Statement - out.println("Stock QTY : " + StockQty): null

2018-06-09 16:06:00 - [TEST_STEP][PASSED] - delay: Delayed 2 second(s)

2018-06-09 16:06:02 - [MESSAGE][PASSED] - Delayed 2 second(s)

2018-06-09 16:06:02 - [TEST_STEP][PASSED] - Statement - If (java.lang.String.valueOf(StockQty) >= java.lang.String.valueOf(RequestedQty)): null

2018-06-09 16:06:02 - [TEST_STEP][PASSED] - setText: Text '10' is set on object 'Object Repository/DispensaryToStore/Page_Store/input_txtqty'

2018-06-09 16:06:02 - [MESSAGE][PASSED] - Text '10' is set on object 'Object Repository/DispensaryToStore/Page_Store/input_txtqty'

2018-06-09 16:06:02 - [TEST_STEP][PASSED] - click: Object: 'Object Repository/DispensaryToStore/Page_Store/button_Add' is clicked on

2018-06-09 16:06:02 - [MESSAGE][PASSED] - Object: 'Object Repository/DispensaryToStore/Page_Store/button_Add' is clicked on

2018-06-09 16:06:02 - [TEST_STEP][PASSED] - Statement - Break: null

2018-06-09 16:06:02 - [TEST_STEP][PASSED] - selectOptionByIndex: All options with index in [14] are selected on object 'Object Repository/DispensaryToStore/Page_Store/select_--Select--Adernaline 0.'

2018-06-09 16:06:02 - [MESSAGE][PASSED] - All options with index in [14] are selected on object 'Object Repository/DispensaryToStore/Page_Store/select_--Select--Adernaline 0.'

2018-06-09 16:06:02 - [TEST_STEP][PASSED] - delay: Delayed 2 second(s)

2018-06-09 16:06:04 - [MESSAGE][PASSED] - Delayed 2 second(s)

2018-06-09 16:06:04 - [TEST_STEP][PASSED] - Statement - RequestedQty = com.kms.katalon.core.webui.keyword.WebUiBuiltInKeywords.getAttribute(com.kms.katalon.core.testobject.ObjectRepository.findTestObject(DispensaryToStore/Page_Store/input_txttotal), "value"): Attribute 'value' of object 'Object Repository/DispensaryToStore/Page_Store/input_txttotal' is: '10'

2018-06-09 16:06:04 - [MESSAGE][PASSED] - Attribute 'value' of object 'Object Repository/DispensaryToStore/Page_Store/input_txttotal' is: '10'

2018-06-09 16:06:04 - [TEST_STEP][PASSED] - Statement - out.println("Requested QTY : " + RequestedQty): null

2018-06-09 16:06:04 - [TEST_STEP][PASSED] - Statement - BatchNumber = com.kms.katalon.core.webui.keyword.WebUiBuiltInKeywords.getNumberOfTotalOption(com.kms.katalon.core.testobject.ObjectRepository.findTestObject(DispensaryToStore/Page_Store/select_--Select--BA1170BA2376B)): 4 options of object 'Object Repository/DispensaryToStore/Page_Store/select_--Select--BA1170BA2376B' counted

2018-06-09 16:06:04 - [MESSAGE][PASSED] - 4 options of object 'Object Repository/DispensaryToStore/Page_Store/select_--Select--BA1170BA2376B' counted

2018-06-09 16:06:04 - [TEST_STEP][PASSED] - Statement - For ([g = 1, g <= BatchNumber - 1, (g++)]): null

2018-06-09 16:06:04 - [TEST_STEP][PASSED] - selectOptionByIndex: All options with index in [1] are selected on object 'Object Repository/DispensaryToStore/Page_Store/select_--Select--BA1170BA2376B'

2018-06-09 16:06:04 - [MESSAGE][PASSED] - All options with index in [1] are selected on object 'Object Repository/DispensaryToStore/Page_Store/select_--Select--BA1170BA2376B'

2018-06-09 16:06:04 - [TEST_STEP][PASSED] - Statement - Try: null

2018-06-09 16:06:04 - [TEST_STEP][PASSED] - Statement - StockQty = com.kms.katalon.core.webui.keyword.WebUiBuiltInKeywords.getAttribute(com.kms.katalon.core.testobject.ObjectRepository.findTestObject(DispensaryToStore/Page_Store/input_txtprice), "value"): Attribute 'value' of object 'Object Repository/DispensaryToStore/Page_Store/input_txtprice' is: '210'

2018-06-09 16:06:05 - [MESSAGE][PASSED] - Attribute 'value' of object 'Object Repository/DispensaryToStore/Page_Store/input_txtprice' is: '210'

2018-06-09 16:06:05 - [TEST_STEP][PASSED] - Statement - out.println("Stock QTY : " + StockQty): null

2018-06-09 16:06:05 - [TEST_STEP][PASSED] - delay: Delayed 2 second(s)

2018-06-09 16:06:07 - [MESSAGE][PASSED] - Delayed 2 second(s)

2018-06-09 16:06:07 - [TEST_STEP][PASSED] - Statement - If (java.lang.String.valueOf(StockQty) >= java.lang.String.valueOf(RequestedQty)): null

2018-06-09 16:06:07 - [TEST_STEP][PASSED] - setText: Text '10' is set on object 'Object Repository/DispensaryToStore/Page_Store/input_txtqty'

2018-06-09 16:06:07 - [MESSAGE][PASSED] - Text '10' is set on object 'Object Repository/DispensaryToStore/Page_Store/input_txtqty'

2018-06-09 16:06:07 - [TEST_STEP][PASSED] - click: Object: 'Object Repository/DispensaryToStore/Page_Store/button_Add' is clicked on

2018-06-09 16:06:07 - [MESSAGE][PASSED] - Object: 'Object Repository/DispensaryToStore/Page_Store/button_Add' is clicked on

2018-06-09 16:06:07 - [TEST_STEP][PASSED] - Statement - Break: null

2018-06-09 16:06:07 - [TEST_STEP][PASSED] - selectOptionByIndex: All options with index in [15] are selected on object 'Object Repository/DispensaryToStore/Page_Store/select_--Select--Adernaline 0.'

2018-06-09 16:06:07 - [MESSAGE][PASSED] - All options with index in [15] are selected on object 'Object Repository/DispensaryToStore/Page_Store/select_--Select--Adernaline 0.'

2018-06-09 16:06:07 - [TEST_STEP][PASSED] - delay: Delayed 2 second(s)

2018-06-09 16:06:09 - [MESSAGE][PASSED] - Delayed 2 second(s)

2018-06-09 16:06:09 - [TEST_STEP][PASSED] - Statement - RequestedQty = com.kms.katalon.core.webui.keyword.WebUiBuiltInKeywords.getAttribute(com.kms.katalon.core.testobject.ObjectRepository.findTestObject(DispensaryToStore/Page_Store/input_txttotal), "value"): Attribute 'value' of object 'Object Repository/DispensaryToStore/Page_Store/input_txttotal' is: '10'

2018-06-09 16:06:09 - [MESSAGE][PASSED] - Attribute 'value' of object 'Object Repository/DispensaryToStore/Page_Store/input_txttotal' is: '10'

2018-06-09 16:06:09 - [TEST_STEP][PASSED] - Statement - out.println("Requested QTY : " + RequestedQty): null

2018-06-09 16:06:09 - [TEST_STEP][PASSED] - Statement - BatchNumber = com.kms.katalon.core.webui.keyword.WebUiBuiltInKeywords.getNumberOfTotalOption(com.kms.katalon.core.testobject.ObjectRepository.findTestObject(DispensaryToStore/Page_Store/select_--Select--BA1170BA2376B)): 5 options of object 'Object Repository/DispensaryToStore/Page_Store/select_--Select--BA1170BA2376B' counted

2018-06-09 16:06:09 - [MESSAGE][PASSED] - 5 options of object 'Object Repository/DispensaryToStore/Page_Store/select_--Select--BA1170BA2376B' counted

2018-06-09 16:06:09 - [TEST_STEP][PASSED] - Statement - For ([g = 1, g <= BatchNumber - 1, (g++)]): null

2018-06-09 16:06:09 - [TEST_STEP][PASSED] - selectOptionByIndex: All options with index in [1] are selected on object 'Object Repository/DispensaryToStore/Page_Store/select_--Select--BA1170BA2376B'

2018-06-09 16:06:09 - [MESSAGE][PASSED] - All options with index in [1] are selected on object 'Object Repository/DispensaryToStore/Page_Store/select_--Select--BA1170BA2376B'

2018-06-09 16:06:09 - [TEST_STEP][PASSED] - Statement - Try: null

2018-06-09 16:06:09 - [TEST_STEP][PASSED] - Statement - StockQty = com.kms.katalon.core.webui.keyword.WebUiBuiltInKeywords.getAttribute(com.kms.katalon.core.testobject.ObjectRepository.findTestObject(DispensaryToStore/Page_Store/input_txtprice), "value"): Attribute 'value' of object 'Object Repository/DispensaryToStore/Page_Store/input_txtprice' is: '530'

2018-06-09 16:06:09 - [MESSAGE][PASSED] - Attribute 'value' of object 'Object Repository/DispensaryToStore/Page_Store/input_txtprice' is: '530'

2018-06-09 16:06:09 - [TEST_STEP][PASSED] - Statement - out.println("Stock QTY : " + StockQty): null

2018-06-09 16:06:09 - [TEST_STEP][PASSED] - delay: Delayed 2 second(s)

2018-06-09 16:06:11 - [MESSAGE][PASSED] - Delayed 2 second(s)

2018-06-09 16:06:11 - [TEST_STEP][PASSED] - Statement - If (java.lang.String.valueOf(StockQty) >= java.lang.String.valueOf(RequestedQty)): null

2018-06-09 16:06:11 - [TEST_STEP][PASSED] - setText: Text '10' is set on object 'Object Repository/DispensaryToStore/Page_Store/input_txtqty'

2018-06-09 16:06:11 - [MESSAGE][PASSED] - Text '10' is set on object 'Object Repository/DispensaryToStore/Page_Store/input_txtqty'

2018-06-09 16:06:11 - [TEST_STEP][PASSED] - click: Object: 'Object Repository/DispensaryToStore/Page_Store/button_Add' is clicked on

2018-06-09 16:06:11 - [MESSAGE][PASSED] - Object: 'Object Repository/DispensaryToStore/Page_Store/button_Add' is clicked on

2018-06-09 16:06:11 - [TEST_STEP][PASSED] - Statement - Break: null

2018-06-09 16:06:11 - [TEST_STEP][PASSED] - scrollToElement: Scroll to object 'Object Repository/DispensaryToStore/Page_Store/input_btnSubmit' successfully

2018-06-09 16:06:11 - [MESSAGE][PASSED] - Scroll to object 'Object Repository/DispensaryToStore/Page_Store/input_btnSubmit' successfully

2018-06-09 16:06:11 - [TEST_STEP][PASSED] - click: Object: 'Object Repository/DispensaryToStore/Page_Store/input_btnSubmit' is clicked on

2018-06-09 16:06:12 - [MESSAGE][PASSED] - Object: 'Object Repository/DispensaryToStore/Page_Store/input_btnSubmit' is clicked on

2018-06-09 16:06:12 - [TEST_STEP][PASSED] - delay: Delayed 3 second(s)

2018-06-09 16:06:15 - [MESSAGE][PASSED] - Delayed 3 second(s)

2018-06-09 16:06:15 - [TEST_STEP][PASSED] - click: Object: 'Object Repository/DispensaryToStore/Page_Store/button_OK' is clicked on

2018-06-09 16:06:15 - [MESSAGE][PASSED] - Object: 'Object Repository/DispensaryToStore/Page_Store/button_OK' is clicked on

2018-06-09 16:06:15 - [TEST_STEP][PASSED] - delay: Delayed 3 second(s)

2018-06-09 16:06:18 - [MESSAGE][PASSED] - Delayed 3 second(s)

2018-06-09 16:06:18 - [TEST_STEP][PASSED] - waitForElementPresent: Object 'Object Repository/DispensaryToStore/Page_Dispensary Store/a_dropdown-toggle' is present

2018-06-09 16:06:18 - [MESSAGE][PASSED] - Object 'Object Repository/DispensaryToStore/Page_Dispensary Store/a_dropdown-toggle' is present

2018-06-09 16:06:18 - [TEST_STEP][PASSED] - click: Object: 'Object Repository/DispensaryToStore/Page_Store/a_dropdown-toggle' is clicked on

2018-06-09 16:06:19 - [MESSAGE][PASSED] - Object: 'Object Repository/DispensaryToStore/Page_Store/a_dropdown-toggle' is clicked on

2018-06-09 16:06:19 - [TEST_STEP][PASSED] - click: Object: 'Object Repository/DispensaryToStore/Page_Store/a_Sign out' is clicked on

2018-06-09 16:06:19 - [MESSAGE][PASSED] - Object: 'Object Repository/DispensaryToStore/Page_Store/a_Sign out' is clicked on

2018-06-09 16:06:19 - [TEST_STEP][PASSED] - closeBrowser: Browser is closed

2018-06-09 16:06:20 - [MESSAGE][PASSED] - Browser is closed]]></system-out>
         <system-err><![CDATA[]]></system-err>
      </testcase>
      <testcase name="Test Cases/DISPENSARY TEST CASES/TC_DP_005 Verify Schedule 5 Dispensary Request Are Working Successfully Or Not" classname="Test Cases/DISPENSARY TEST CASES/TC_DP_005 Verify Schedule 5 Dispensary Request Are Working Successfully Or Not" status="PASSED">
         <system-out><![CDATA[2018-06-09 16:06:20 - [TEST_CASE][PASSED] - Test Cases/DISPENSARY TEST CASES/TC_DP_005 Verify Schedule 5 Dispensary Request Are Working Successfully Or Not: Test Cases/DISPENSARY TEST CASES/TC_DP_005 Verify Schedule 5 Dispensary Request Are Working Successfully Or Not

2018-06-09 16:06:20 - [TEST_STEP][PASSED] - openBrowser: Browser is opened with url: ''

2018-06-09 16:06:22 - [MESSAGE][PASSED] - Browser is opened with url: ''

2018-06-09 16:06:22 - [TEST_STEP][PASSED] - navigateToUrl: Navigate to 'http://192.168.137.1/multihospital_new/HDSplashscreen.aspx' successfully

2018-06-09 16:06:24 - [MESSAGE][PASSED] - Navigate to 'http://192.168.137.1/multihospital_new/HDSplashscreen.aspx' successfully

2018-06-09 16:06:24 - [TEST_STEP][PASSED] - maximizeWindow: Current window maximized

2018-06-09 16:06:25 - [MESSAGE][PASSED] - Current window maximized

2018-06-09 16:06:25 - [TEST_STEP][PASSED] - click: Object: 'Object Repository/DispensaryToStore/Page_KDMC/a_Dispensary Store' is clicked on

2018-06-09 16:06:26 - [MESSAGE][PASSED] - Object: 'Object Repository/DispensaryToStore/Page_KDMC/a_Dispensary Store' is clicked on

2018-06-09 16:06:26 - [TEST_STEP][PASSED] - setText: Text 'rajaram' is set on object 'Object Repository/DispensaryToStore/Page_Dispensary Store Login/input_txtusername'

2018-06-09 16:06:26 - [MESSAGE][PASSED] - Text 'rajaram' is set on object 'Object Repository/DispensaryToStore/Page_Dispensary Store Login/input_txtusername'

2018-06-09 16:06:26 - [TEST_STEP][PASSED] - setText: Text '123' is set on object 'Object Repository/DispensaryToStore/Page_Dispensary Store Login/input_txtpassword'

2018-06-09 16:06:26 - [MESSAGE][PASSED] - Text '123' is set on object 'Object Repository/DispensaryToStore/Page_Dispensary Store Login/input_txtpassword'

2018-06-09 16:06:26 - [TEST_STEP][PASSED] - delay: Delayed 3 second(s)

2018-06-09 16:06:29 - [MESSAGE][PASSED] - Delayed 3 second(s)

2018-06-09 16:06:29 - [TEST_STEP][PASSED] - sendKeys: Keys 'ENTER + ' sent to object: 'Object Repository/DispensaryToStore/Page_Dispensary Store Login/input_txtpassword'

2018-06-09 16:06:30 - [MESSAGE][PASSED] - Keys 'ENTER + ' sent to object: 'Object Repository/DispensaryToStore/Page_Dispensary Store Login/input_txtpassword'

2018-06-09 16:06:30 - [TEST_STEP][PASSED] - delay: Delayed 3 second(s)

2018-06-09 16:06:33 - [MESSAGE][PASSED] - Delayed 3 second(s)

2018-06-09 16:06:33 - [TEST_STEP][PASSED] - click: Object: 'Object Repository/DispensaryToStore/Page_Dispensary Store/a_Request to Store' is clicked on

2018-06-09 16:06:33 - [MESSAGE][PASSED] - Object: 'Object Repository/DispensaryToStore/Page_Dispensary Store/a_Request to Store' is clicked on

2018-06-09 16:06:33 - [TEST_STEP][PASSED] - click: Object: 'Object Repository/DispensaryToStore/Page_Dispensary Store/a_Medicine Request' is clicked on

2018-06-09 16:06:34 - [MESSAGE][PASSED] - Object: 'Object Repository/DispensaryToStore/Page_Dispensary Store/a_Medicine Request' is clicked on

2018-06-09 16:06:34 - [TEST_STEP][PASSED] - selectOptionByIndex: All options with index in [5] are selected on object 'Object Repository/DispensaryToStore/Page_Dispensary Store/select_--Select--Schedule 1Inj'

2018-06-09 16:06:34 - [MESSAGE][PASSED] - All options with index in [5] are selected on object 'Object Repository/DispensaryToStore/Page_Dispensary Store/select_--Select--Schedule 1Inj'

2018-06-09 16:06:34 - [TEST_STEP][PASSED] - Statement - medicineslength = com.kms.katalon.core.webui.keyword.WebUiBuiltInKeywords.getNumberOfTotalOption(com.kms.katalon.core.testobject.ObjectRepository.findTestObject(DispensaryToStore/Page_Dispensary Store/select_--Select--Adernaline 0.)): 17 options of object 'Object Repository/DispensaryToStore/Page_Dispensary Store/select_--Select--Adernaline 0.' counted

2018-06-09 16:06:34 - [MESSAGE][PASSED] - 17 options of object 'Object Repository/DispensaryToStore/Page_Dispensary Store/select_--Select--Adernaline 0.' counted

2018-06-09 16:06:34 - [TEST_STEP][PASSED] - Statement - For ([e = 1, e <= medicineslength - 1, (e++)]): Object: 'Object Repository/DispensaryToStore/Page_Dispensary Store/button_Add' is clicked on

2018-06-09 16:06:34 - [TEST_STEP][PASSED] - selectOptionByIndex: All options with index in [5] are selected on object 'Object Repository/DispensaryToStore/Page_Dispensary Store/select_--Select--Schedule 1Inj'

2018-06-09 16:06:34 - [MESSAGE][PASSED] - All options with index in [5] are selected on object 'Object Repository/DispensaryToStore/Page_Dispensary Store/select_--Select--Schedule 1Inj'

2018-06-09 16:06:34 - [TEST_STEP][PASSED] - selectOptionByIndex: All options with index in [1] are selected on object 'Object Repository/DispensaryToStore/Page_Dispensary Store/select_--Select--Adernaline 0.'

2018-06-09 16:06:34 - [MESSAGE][PASSED] - All options with index in [1] are selected on object 'Object Repository/DispensaryToStore/Page_Dispensary Store/select_--Select--Adernaline 0.'

2018-06-09 16:06:34 - [TEST_STEP][PASSED] - setText: Text '10' is set on object 'Object Repository/DispensaryToStore/Page_Dispensary Store/input_txttreat'

2018-06-09 16:06:35 - [MESSAGE][PASSED] - Text '10' is set on object 'Object Repository/DispensaryToStore/Page_Dispensary Store/input_txttreat'

2018-06-09 16:06:35 - [TEST_STEP][PASSED] - click: Object: 'Object Repository/DispensaryToStore/Page_Dispensary Store/button_Add' is clicked on

2018-06-09 16:06:35 - [MESSAGE][PASSED] - Object: 'Object Repository/DispensaryToStore/Page_Dispensary Store/button_Add' is clicked on

2018-06-09 16:06:35 - [TEST_STEP][PASSED] - selectOptionByIndex: All options with index in [5] are selected on object 'Object Repository/DispensaryToStore/Page_Dispensary Store/select_--Select--Schedule 1Inj'

2018-06-09 16:06:35 - [MESSAGE][PASSED] - All options with index in [5] are selected on object 'Object Repository/DispensaryToStore/Page_Dispensary Store/select_--Select--Schedule 1Inj'

2018-06-09 16:06:35 - [TEST_STEP][PASSED] - selectOptionByIndex: All options with index in [2] are selected on object 'Object Repository/DispensaryToStore/Page_Dispensary Store/select_--Select--Adernaline 0.'

2018-06-09 16:06:35 - [MESSAGE][PASSED] - All options with index in [2] are selected on object 'Object Repository/DispensaryToStore/Page_Dispensary Store/select_--Select--Adernaline 0.'

2018-06-09 16:06:35 - [TEST_STEP][PASSED] - setText: Text '10' is set on object 'Object Repository/DispensaryToStore/Page_Dispensary Store/input_txttreat'

2018-06-09 16:06:35 - [MESSAGE][PASSED] - Text '10' is set on object 'Object Repository/DispensaryToStore/Page_Dispensary Store/input_txttreat'

2018-06-09 16:06:35 - [TEST_STEP][PASSED] - click: Object: 'Object Repository/DispensaryToStore/Page_Dispensary Store/button_Add' is clicked on

2018-06-09 16:06:35 - [MESSAGE][PASSED] - Object: 'Object Repository/DispensaryToStore/Page_Dispensary Store/button_Add' is clicked on

2018-06-09 16:06:35 - [TEST_STEP][PASSED] - selectOptionByIndex: All options with index in [5] are selected on object 'Object Repository/DispensaryToStore/Page_Dispensary Store/select_--Select--Schedule 1Inj'

2018-06-09 16:06:35 - [MESSAGE][PASSED] - All options with index in [5] are selected on object 'Object Repository/DispensaryToStore/Page_Dispensary Store/select_--Select--Schedule 1Inj'

2018-06-09 16:06:35 - [TEST_STEP][PASSED] - selectOptionByIndex: All options with index in [3] are selected on object 'Object Repository/DispensaryToStore/Page_Dispensary Store/select_--Select--Adernaline 0.'

2018-06-09 16:06:36 - [MESSAGE][PASSED] - All options with index in [3] are selected on object 'Object Repository/DispensaryToStore/Page_Dispensary Store/select_--Select--Adernaline 0.'

2018-06-09 16:06:36 - [TEST_STEP][PASSED] - setText: Text '10' is set on object 'Object Repository/DispensaryToStore/Page_Dispensary Store/input_txttreat'

2018-06-09 16:06:36 - [MESSAGE][PASSED] - Text '10' is set on object 'Object Repository/DispensaryToStore/Page_Dispensary Store/input_txttreat'

2018-06-09 16:06:36 - [TEST_STEP][PASSED] - click: Object: 'Object Repository/DispensaryToStore/Page_Dispensary Store/button_Add' is clicked on

2018-06-09 16:06:36 - [MESSAGE][PASSED] - Object: 'Object Repository/DispensaryToStore/Page_Dispensary Store/button_Add' is clicked on

2018-06-09 16:06:36 - [TEST_STEP][PASSED] - selectOptionByIndex: All options with index in [5] are selected on object 'Object Repository/DispensaryToStore/Page_Dispensary Store/select_--Select--Schedule 1Inj'

2018-06-09 16:06:36 - [MESSAGE][PASSED] - All options with index in [5] are selected on object 'Object Repository/DispensaryToStore/Page_Dispensary Store/select_--Select--Schedule 1Inj'

2018-06-09 16:06:36 - [TEST_STEP][PASSED] - selectOptionByIndex: All options with index in [4] are selected on object 'Object Repository/DispensaryToStore/Page_Dispensary Store/select_--Select--Adernaline 0.'

2018-06-09 16:06:36 - [MESSAGE][PASSED] - All options with index in [4] are selected on object 'Object Repository/DispensaryToStore/Page_Dispensary Store/select_--Select--Adernaline 0.'

2018-06-09 16:06:36 - [TEST_STEP][PASSED] - setText: Text '10' is set on object 'Object Repository/DispensaryToStore/Page_Dispensary Store/input_txttreat'

2018-06-09 16:06:36 - [MESSAGE][PASSED] - Text '10' is set on object 'Object Repository/DispensaryToStore/Page_Dispensary Store/input_txttreat'

2018-06-09 16:06:36 - [TEST_STEP][PASSED] - click: Object: 'Object Repository/DispensaryToStore/Page_Dispensary Store/button_Add' is clicked on

2018-06-09 16:06:36 - [MESSAGE][PASSED] - Object: 'Object Repository/DispensaryToStore/Page_Dispensary Store/button_Add' is clicked on

2018-06-09 16:06:36 - [TEST_STEP][PASSED] - selectOptionByIndex: All options with index in [5] are selected on object 'Object Repository/DispensaryToStore/Page_Dispensary Store/select_--Select--Schedule 1Inj'

2018-06-09 16:06:37 - [MESSAGE][PASSED] - All options with index in [5] are selected on object 'Object Repository/DispensaryToStore/Page_Dispensary Store/select_--Select--Schedule 1Inj'

2018-06-09 16:06:37 - [TEST_STEP][PASSED] - selectOptionByIndex: All options with index in [5] are selected on object 'Object Repository/DispensaryToStore/Page_Dispensary Store/select_--Select--Adernaline 0.'

2018-06-09 16:06:37 - [MESSAGE][PASSED] - All options with index in [5] are selected on object 'Object Repository/DispensaryToStore/Page_Dispensary Store/select_--Select--Adernaline 0.'

2018-06-09 16:06:37 - [TEST_STEP][PASSED] - setText: Text '10' is set on object 'Object Repository/DispensaryToStore/Page_Dispensary Store/input_txttreat'

2018-06-09 16:06:37 - [MESSAGE][PASSED] - Text '10' is set on object 'Object Repository/DispensaryToStore/Page_Dispensary Store/input_txttreat'

2018-06-09 16:06:37 - [TEST_STEP][PASSED] - click: Object: 'Object Repository/DispensaryToStore/Page_Dispensary Store/button_Add' is clicked on

2018-06-09 16:06:37 - [MESSAGE][PASSED] - Object: 'Object Repository/DispensaryToStore/Page_Dispensary Store/button_Add' is clicked on

2018-06-09 16:06:37 - [TEST_STEP][PASSED] - selectOptionByIndex: All options with index in [5] are selected on object 'Object Repository/DispensaryToStore/Page_Dispensary Store/select_--Select--Schedule 1Inj'

2018-06-09 16:06:37 - [MESSAGE][PASSED] - All options with index in [5] are selected on object 'Object Repository/DispensaryToStore/Page_Dispensary Store/select_--Select--Schedule 1Inj'

2018-06-09 16:06:37 - [TEST_STEP][PASSED] - selectOptionByIndex: All options with index in [6] are selected on object 'Object Repository/DispensaryToStore/Page_Dispensary Store/select_--Select--Adernaline 0.'

2018-06-09 16:06:37 - [MESSAGE][PASSED] - All options with index in [6] are selected on object 'Object Repository/DispensaryToStore/Page_Dispensary Store/select_--Select--Adernaline 0.'

2018-06-09 16:06:37 - [TEST_STEP][PASSED] - setText: Text '10' is set on object 'Object Repository/DispensaryToStore/Page_Dispensary Store/input_txttreat'

2018-06-09 16:06:37 - [MESSAGE][PASSED] - Text '10' is set on object 'Object Repository/DispensaryToStore/Page_Dispensary Store/input_txttreat'

2018-06-09 16:06:37 - [TEST_STEP][PASSED] - click: Object: 'Object Repository/DispensaryToStore/Page_Dispensary Store/button_Add' is clicked on

2018-06-09 16:06:37 - [MESSAGE][PASSED] - Object: 'Object Repository/DispensaryToStore/Page_Dispensary Store/button_Add' is clicked on

2018-06-09 16:06:37 - [TEST_STEP][PASSED] - selectOptionByIndex: All options with index in [5] are selected on object 'Object Repository/DispensaryToStore/Page_Dispensary Store/select_--Select--Schedule 1Inj'

2018-06-09 16:06:38 - [MESSAGE][PASSED] - All options with index in [5] are selected on object 'Object Repository/DispensaryToStore/Page_Dispensary Store/select_--Select--Schedule 1Inj'

2018-06-09 16:06:38 - [TEST_STEP][PASSED] - selectOptionByIndex: All options with index in [7] are selected on object 'Object Repository/DispensaryToStore/Page_Dispensary Store/select_--Select--Adernaline 0.'

2018-06-09 16:06:38 - [MESSAGE][PASSED] - All options with index in [7] are selected on object 'Object Repository/DispensaryToStore/Page_Dispensary Store/select_--Select--Adernaline 0.'

2018-06-09 16:06:38 - [TEST_STEP][PASSED] - setText: Text '10' is set on object 'Object Repository/DispensaryToStore/Page_Dispensary Store/input_txttreat'

2018-06-09 16:06:38 - [MESSAGE][PASSED] - Text '10' is set on object 'Object Repository/DispensaryToStore/Page_Dispensary Store/input_txttreat'

2018-06-09 16:06:38 - [TEST_STEP][PASSED] - click: Object: 'Object Repository/DispensaryToStore/Page_Dispensary Store/button_Add' is clicked on

2018-06-09 16:06:38 - [MESSAGE][PASSED] - Object: 'Object Repository/DispensaryToStore/Page_Dispensary Store/button_Add' is clicked on

2018-06-09 16:06:38 - [TEST_STEP][PASSED] - selectOptionByIndex: All options with index in [5] are selected on object 'Object Repository/DispensaryToStore/Page_Dispensary Store/select_--Select--Schedule 1Inj'

2018-06-09 16:06:38 - [MESSAGE][PASSED] - All options with index in [5] are selected on object 'Object Repository/DispensaryToStore/Page_Dispensary Store/select_--Select--Schedule 1Inj'

2018-06-09 16:06:38 - [TEST_STEP][PASSED] - selectOptionByIndex: All options with index in [8] are selected on object 'Object Repository/DispensaryToStore/Page_Dispensary Store/select_--Select--Adernaline 0.'

2018-06-09 16:06:39 - [MESSAGE][PASSED] - All options with index in [8] are selected on object 'Object Repository/DispensaryToStore/Page_Dispensary Store/select_--Select--Adernaline 0.'

2018-06-09 16:06:39 - [TEST_STEP][PASSED] - setText: Text '10' is set on object 'Object Repository/DispensaryToStore/Page_Dispensary Store/input_txttreat'

2018-06-09 16:06:39 - [MESSAGE][PASSED] - Text '10' is set on object 'Object Repository/DispensaryToStore/Page_Dispensary Store/input_txttreat'

2018-06-09 16:06:39 - [TEST_STEP][PASSED] - click: Object: 'Object Repository/DispensaryToStore/Page_Dispensary Store/button_Add' is clicked on

2018-06-09 16:06:39 - [MESSAGE][PASSED] - Object: 'Object Repository/DispensaryToStore/Page_Dispensary Store/button_Add' is clicked on

2018-06-09 16:06:39 - [TEST_STEP][PASSED] - selectOptionByIndex: All options with index in [5] are selected on object 'Object Repository/DispensaryToStore/Page_Dispensary Store/select_--Select--Schedule 1Inj'

2018-06-09 16:06:39 - [MESSAGE][PASSED] - All options with index in [5] are selected on object 'Object Repository/DispensaryToStore/Page_Dispensary Store/select_--Select--Schedule 1Inj'

2018-06-09 16:06:39 - [TEST_STEP][PASSED] - selectOptionByIndex: All options with index in [9] are selected on object 'Object Repository/DispensaryToStore/Page_Dispensary Store/select_--Select--Adernaline 0.'

2018-06-09 16:06:39 - [MESSAGE][PASSED] - All options with index in [9] are selected on object 'Object Repository/DispensaryToStore/Page_Dispensary Store/select_--Select--Adernaline 0.'

2018-06-09 16:06:39 - [TEST_STEP][PASSED] - setText: Text '10' is set on object 'Object Repository/DispensaryToStore/Page_Dispensary Store/input_txttreat'

2018-06-09 16:06:39 - [MESSAGE][PASSED] - Text '10' is set on object 'Object Repository/DispensaryToStore/Page_Dispensary Store/input_txttreat'

2018-06-09 16:06:39 - [TEST_STEP][PASSED] - click: Object: 'Object Repository/DispensaryToStore/Page_Dispensary Store/button_Add' is clicked on

2018-06-09 16:06:39 - [MESSAGE][PASSED] - Object: 'Object Repository/DispensaryToStore/Page_Dispensary Store/button_Add' is clicked on

2018-06-09 16:06:39 - [TEST_STEP][PASSED] - selectOptionByIndex: All options with index in [5] are selected on object 'Object Repository/DispensaryToStore/Page_Dispensary Store/select_--Select--Schedule 1Inj'

2018-06-09 16:06:40 - [MESSAGE][PASSED] - All options with index in [5] are selected on object 'Object Repository/DispensaryToStore/Page_Dispensary Store/select_--Select--Schedule 1Inj'

2018-06-09 16:06:40 - [TEST_STEP][PASSED] - selectOptionByIndex: All options with index in [10] are selected on object 'Object Repository/DispensaryToStore/Page_Dispensary Store/select_--Select--Adernaline 0.'

2018-06-09 16:06:40 - [MESSAGE][PASSED] - All options with index in [10] are selected on object 'Object Repository/DispensaryToStore/Page_Dispensary Store/select_--Select--Adernaline 0.'

2018-06-09 16:06:40 - [TEST_STEP][PASSED] - setText: Text '10' is set on object 'Object Repository/DispensaryToStore/Page_Dispensary Store/input_txttreat'

2018-06-09 16:06:40 - [MESSAGE][PASSED] - Text '10' is set on object 'Object Repository/DispensaryToStore/Page_Dispensary Store/input_txttreat'

2018-06-09 16:06:40 - [TEST_STEP][PASSED] - click: Object: 'Object Repository/DispensaryToStore/Page_Dispensary Store/button_Add' is clicked on

2018-06-09 16:06:40 - [MESSAGE][PASSED] - Object: 'Object Repository/DispensaryToStore/Page_Dispensary Store/button_Add' is clicked on

2018-06-09 16:06:40 - [TEST_STEP][PASSED] - selectOptionByIndex: All options with index in [5] are selected on object 'Object Repository/DispensaryToStore/Page_Dispensary Store/select_--Select--Schedule 1Inj'

2018-06-09 16:06:40 - [MESSAGE][PASSED] - All options with index in [5] are selected on object 'Object Repository/DispensaryToStore/Page_Dispensary Store/select_--Select--Schedule 1Inj'

2018-06-09 16:06:40 - [TEST_STEP][PASSED] - selectOptionByIndex: All options with index in [11] are selected on object 'Object Repository/DispensaryToStore/Page_Dispensary Store/select_--Select--Adernaline 0.'

2018-06-09 16:06:40 - [MESSAGE][PASSED] - All options with index in [11] are selected on object 'Object Repository/DispensaryToStore/Page_Dispensary Store/select_--Select--Adernaline 0.'

2018-06-09 16:06:40 - [TEST_STEP][PASSED] - setText: Text '10' is set on object 'Object Repository/DispensaryToStore/Page_Dispensary Store/input_txttreat'

2018-06-09 16:06:41 - [MESSAGE][PASSED] - Text '10' is set on object 'Object Repository/DispensaryToStore/Page_Dispensary Store/input_txttreat'

2018-06-09 16:06:41 - [TEST_STEP][PASSED] - click: Object: 'Object Repository/DispensaryToStore/Page_Dispensary Store/button_Add' is clicked on

2018-06-09 16:06:41 - [MESSAGE][PASSED] - Object: 'Object Repository/DispensaryToStore/Page_Dispensary Store/button_Add' is clicked on

2018-06-09 16:06:41 - [TEST_STEP][PASSED] - selectOptionByIndex: All options with index in [5] are selected on object 'Object Repository/DispensaryToStore/Page_Dispensary Store/select_--Select--Schedule 1Inj'

2018-06-09 16:06:41 - [MESSAGE][PASSED] - All options with index in [5] are selected on object 'Object Repository/DispensaryToStore/Page_Dispensary Store/select_--Select--Schedule 1Inj'

2018-06-09 16:06:41 - [TEST_STEP][PASSED] - selectOptionByIndex: All options with index in [12] are selected on object 'Object Repository/DispensaryToStore/Page_Dispensary Store/select_--Select--Adernaline 0.'

2018-06-09 16:06:41 - [MESSAGE][PASSED] - All options with index in [12] are selected on object 'Object Repository/DispensaryToStore/Page_Dispensary Store/select_--Select--Adernaline 0.'

2018-06-09 16:06:41 - [TEST_STEP][PASSED] - setText: Text '10' is set on object 'Object Repository/DispensaryToStore/Page_Dispensary Store/input_txttreat'

2018-06-09 16:06:41 - [MESSAGE][PASSED] - Text '10' is set on object 'Object Repository/DispensaryToStore/Page_Dispensary Store/input_txttreat'

2018-06-09 16:06:41 - [TEST_STEP][PASSED] - click: Object: 'Object Repository/DispensaryToStore/Page_Dispensary Store/button_Add' is clicked on

2018-06-09 16:06:41 - [MESSAGE][PASSED] - Object: 'Object Repository/DispensaryToStore/Page_Dispensary Store/button_Add' is clicked on

2018-06-09 16:06:41 - [TEST_STEP][PASSED] - selectOptionByIndex: All options with index in [5] are selected on object 'Object Repository/DispensaryToStore/Page_Dispensary Store/select_--Select--Schedule 1Inj'

2018-06-09 16:06:42 - [MESSAGE][PASSED] - All options with index in [5] are selected on object 'Object Repository/DispensaryToStore/Page_Dispensary Store/select_--Select--Schedule 1Inj'

2018-06-09 16:06:42 - [TEST_STEP][PASSED] - selectOptionByIndex: All options with index in [13] are selected on object 'Object Repository/DispensaryToStore/Page_Dispensary Store/select_--Select--Adernaline 0.'

2018-06-09 16:06:42 - [MESSAGE][PASSED] - All options with index in [13] are selected on object 'Object Repository/DispensaryToStore/Page_Dispensary Store/select_--Select--Adernaline 0.'

2018-06-09 16:06:42 - [TEST_STEP][PASSED] - setText: Text '10' is set on object 'Object Repository/DispensaryToStore/Page_Dispensary Store/input_txttreat'

2018-06-09 16:06:42 - [MESSAGE][PASSED] - Text '10' is set on object 'Object Repository/DispensaryToStore/Page_Dispensary Store/input_txttreat'

2018-06-09 16:06:42 - [TEST_STEP][PASSED] - click: Object: 'Object Repository/DispensaryToStore/Page_Dispensary Store/button_Add' is clicked on

2018-06-09 16:06:42 - [MESSAGE][PASSED] - Object: 'Object Repository/DispensaryToStore/Page_Dispensary Store/button_Add' is clicked on

2018-06-09 16:06:42 - [TEST_STEP][PASSED] - selectOptionByIndex: All options with index in [5] are selected on object 'Object Repository/DispensaryToStore/Page_Dispensary Store/select_--Select--Schedule 1Inj'

2018-06-09 16:06:42 - [MESSAGE][PASSED] - All options with index in [5] are selected on object 'Object Repository/DispensaryToStore/Page_Dispensary Store/select_--Select--Schedule 1Inj'

2018-06-09 16:06:42 - [TEST_STEP][PASSED] - selectOptionByIndex: All options with index in [14] are selected on object 'Object Repository/DispensaryToStore/Page_Dispensary Store/select_--Select--Adernaline 0.'

2018-06-09 16:06:42 - [MESSAGE][PASSED] - All options with index in [14] are selected on object 'Object Repository/DispensaryToStore/Page_Dispensary Store/select_--Select--Adernaline 0.'

2018-06-09 16:06:42 - [TEST_STEP][PASSED] - setText: Text '10' is set on object 'Object Repository/DispensaryToStore/Page_Dispensary Store/input_txttreat'

2018-06-09 16:06:43 - [MESSAGE][PASSED] - Text '10' is set on object 'Object Repository/DispensaryToStore/Page_Dispensary Store/input_txttreat'

2018-06-09 16:06:43 - [TEST_STEP][PASSED] - click: Object: 'Object Repository/DispensaryToStore/Page_Dispensary Store/button_Add' is clicked on

2018-06-09 16:06:43 - [MESSAGE][PASSED] - Object: 'Object Repository/DispensaryToStore/Page_Dispensary Store/button_Add' is clicked on

2018-06-09 16:06:43 - [TEST_STEP][PASSED] - selectOptionByIndex: All options with index in [5] are selected on object 'Object Repository/DispensaryToStore/Page_Dispensary Store/select_--Select--Schedule 1Inj'

2018-06-09 16:06:43 - [MESSAGE][PASSED] - All options with index in [5] are selected on object 'Object Repository/DispensaryToStore/Page_Dispensary Store/select_--Select--Schedule 1Inj'

2018-06-09 16:06:43 - [TEST_STEP][PASSED] - selectOptionByIndex: All options with index in [15] are selected on object 'Object Repository/DispensaryToStore/Page_Dispensary Store/select_--Select--Adernaline 0.'

2018-06-09 16:06:43 - [MESSAGE][PASSED] - All options with index in [15] are selected on object 'Object Repository/DispensaryToStore/Page_Dispensary Store/select_--Select--Adernaline 0.'

2018-06-09 16:06:43 - [TEST_STEP][PASSED] - setText: Text '10' is set on object 'Object Repository/DispensaryToStore/Page_Dispensary Store/input_txttreat'

2018-06-09 16:06:43 - [MESSAGE][PASSED] - Text '10' is set on object 'Object Repository/DispensaryToStore/Page_Dispensary Store/input_txttreat'

2018-06-09 16:06:43 - [TEST_STEP][PASSED] - click: Object: 'Object Repository/DispensaryToStore/Page_Dispensary Store/button_Add' is clicked on

2018-06-09 16:06:43 - [MESSAGE][PASSED] - Object: 'Object Repository/DispensaryToStore/Page_Dispensary Store/button_Add' is clicked on

2018-06-09 16:06:43 - [TEST_STEP][PASSED] - selectOptionByIndex: All options with index in [5] are selected on object 'Object Repository/DispensaryToStore/Page_Dispensary Store/select_--Select--Schedule 1Inj'

2018-06-09 16:06:44 - [MESSAGE][PASSED] - All options with index in [5] are selected on object 'Object Repository/DispensaryToStore/Page_Dispensary Store/select_--Select--Schedule 1Inj'

2018-06-09 16:06:44 - [TEST_STEP][PASSED] - selectOptionByIndex: All options with index in [16] are selected on object 'Object Repository/DispensaryToStore/Page_Dispensary Store/select_--Select--Adernaline 0.'

2018-06-09 16:06:44 - [MESSAGE][PASSED] - All options with index in [16] are selected on object 'Object Repository/DispensaryToStore/Page_Dispensary Store/select_--Select--Adernaline 0.'

2018-06-09 16:06:44 - [TEST_STEP][PASSED] - setText: Text '10' is set on object 'Object Repository/DispensaryToStore/Page_Dispensary Store/input_txttreat'

2018-06-09 16:06:44 - [MESSAGE][PASSED] - Text '10' is set on object 'Object Repository/DispensaryToStore/Page_Dispensary Store/input_txttreat'

2018-06-09 16:06:44 - [TEST_STEP][PASSED] - click: Object: 'Object Repository/DispensaryToStore/Page_Dispensary Store/button_Add' is clicked on

2018-06-09 16:06:44 - [MESSAGE][PASSED] - Object: 'Object Repository/DispensaryToStore/Page_Dispensary Store/button_Add' is clicked on

2018-06-09 16:06:44 - [TEST_STEP][PASSED] - scrollToElement: Scroll to object 'Object Repository/DispensaryToStore/Page_Dispensary Store/input_btnsave' successfully

2018-06-09 16:06:44 - [MESSAGE][PASSED] - Scroll to object 'Object Repository/DispensaryToStore/Page_Dispensary Store/input_btnsave' successfully

2018-06-09 16:06:44 - [TEST_STEP][PASSED] - click: Object: 'Object Repository/DispensaryToStore/Page_Dispensary Store/input_btnsave' is clicked on

2018-06-09 16:06:44 - [MESSAGE][PASSED] - Object: 'Object Repository/DispensaryToStore/Page_Dispensary Store/input_btnsave' is clicked on

2018-06-09 16:06:44 - [TEST_STEP][PASSED] - delay: Delayed 3 second(s)

2018-06-09 16:06:47 - [MESSAGE][PASSED] - Delayed 3 second(s)

2018-06-09 16:06:47 - [TEST_STEP][PASSED] - Statement - RN1 = com.kms.katalon.core.webui.keyword.WebUiBuiltInKeywords.getText(com.kms.katalon.core.testobject.ObjectRepository.findTestObject(DispensaryToStore/Page_Dispensary Store/font_HPRNO180520187)): Text of object 'Object Repository/DispensaryToStore/Page_Dispensary Store/font_HPRNO180520187' is: 'DPRNO/09062018/202'

2018-06-09 16:06:47 - [MESSAGE][PASSED] - Text of object 'Object Repository/DispensaryToStore/Page_Dispensary Store/font_HPRNO180520187' is: 'DPRNO/09062018/202'

2018-06-09 16:06:47 - [TEST_STEP][PASSED] - Statement - out.println(RN1): null

2018-06-09 16:06:47 - [TEST_STEP][PASSED] - Statement - RID = RN1.split("/")[2]: null

2018-06-09 16:06:47 - [TEST_STEP][PASSED] - click: Object: 'Object Repository/DispensaryToStore/Page_Dispensary Store/button_OK' is clicked on

2018-06-09 16:06:48 - [MESSAGE][PASSED] - Object: 'Object Repository/DispensaryToStore/Page_Dispensary Store/button_OK' is clicked on

2018-06-09 16:06:48 - [TEST_STEP][PASSED] - delay: Delayed 3 second(s)

2018-06-09 16:06:51 - [MESSAGE][PASSED] - Delayed 3 second(s)

2018-06-09 16:06:51 - [TEST_STEP][PASSED] - waitForElementPresent: Object 'Object Repository/DispensaryToStore/Page_Dispensary Store/a_dropdown-toggle' is present

2018-06-09 16:06:51 - [MESSAGE][PASSED] - Object 'Object Repository/DispensaryToStore/Page_Dispensary Store/a_dropdown-toggle' is present

2018-06-09 16:06:51 - [TEST_STEP][PASSED] - click: Object: 'Object Repository/DispensaryToStore/Page_Dispensary Store/a_dropdown-toggle' is clicked on

2018-06-09 16:06:51 - [MESSAGE][PASSED] - Object: 'Object Repository/DispensaryToStore/Page_Dispensary Store/a_dropdown-toggle' is clicked on

2018-06-09 16:06:51 - [TEST_STEP][PASSED] - click: Object: 'Object Repository/DispensaryToStore/Page_Dispensary Store/a_Sign out' is clicked on

2018-06-09 16:06:52 - [MESSAGE][PASSED] - Object: 'Object Repository/DispensaryToStore/Page_Dispensary Store/a_Sign out' is clicked on

2018-06-09 16:06:52 - [TEST_STEP][PASSED] - delay: Delayed 3 second(s)

2018-06-09 16:06:55 - [MESSAGE][PASSED] - Delayed 3 second(s)

2018-06-09 16:06:55 - [TEST_STEP][PASSED] - navigateToUrl: Navigate to 'http://192.168.137.1/multihospital_new/' successfully

2018-06-09 16:06:55 - [MESSAGE][PASSED] - Navigate to 'http://192.168.137.1/multihospital_new/' successfully

2018-06-09 16:06:55 - [TEST_STEP][PASSED] - click: Object: 'Object Repository/DispensaryToStore/Page_KDMC/a_CMO' is clicked on

2018-06-09 16:06:56 - [MESSAGE][PASSED] - Object: 'Object Repository/DispensaryToStore/Page_KDMC/a_CMO' is clicked on

2018-06-09 16:06:56 - [TEST_STEP][PASSED] - setText: Text 'guru' is set on object 'Object Repository/DispensaryToStore/Page_CMO login/input_txtusername'

2018-06-09 16:06:56 - [MESSAGE][PASSED] - Text 'guru' is set on object 'Object Repository/DispensaryToStore/Page_CMO login/input_txtusername'

2018-06-09 16:06:56 - [TEST_STEP][PASSED] - setText: Text '123' is set on object 'Object Repository/DispensaryToStore/Page_CMO login/input_txtpassword'

2018-06-09 16:06:56 - [MESSAGE][PASSED] - Text '123' is set on object 'Object Repository/DispensaryToStore/Page_CMO login/input_txtpassword'

2018-06-09 16:06:56 - [TEST_STEP][PASSED] - delay: Delayed 3 second(s)

2018-06-09 16:06:59 - [MESSAGE][PASSED] - Delayed 3 second(s)

2018-06-09 16:06:59 - [TEST_STEP][PASSED] - click: Object: 'Object Repository/DispensaryToStore/Page_CMO login/button_Sign in' is clicked on

2018-06-09 16:07:00 - [MESSAGE][PASSED] - Object: 'Object Repository/DispensaryToStore/Page_CMO login/button_Sign in' is clicked on

2018-06-09 16:07:00 - [TEST_STEP][PASSED] - click: Object: 'Object Repository/DispensaryToStore/Page_KDMC - CMO/a_Department Wise Request' is clicked on

2018-06-09 16:07:02 - [MESSAGE][PASSED] - Object: 'Object Repository/DispensaryToStore/Page_KDMC - CMO/a_Department Wise Request' is clicked on

2018-06-09 16:07:02 - [TEST_STEP][PASSED] - delay: Delayed 2 second(s)

2018-06-09 16:07:04 - [MESSAGE][PASSED] - Delayed 2 second(s)

2018-06-09 16:07:04 - [TEST_STEP][PASSED] - selectOptionByIndex: All options with index in [6] are selected on object 'Object Repository/DispensaryToStore/Page_KDMC - CMO/select_--ALL--'

2018-06-09 16:07:05 - [MESSAGE][PASSED] - All options with index in [6] are selected on object 'Object Repository/DispensaryToStore/Page_KDMC - CMO/select_--ALL--'

2018-06-09 16:07:05 - [TEST_STEP][PASSED] - click: Object: 'Object Repository/DispensaryToStore/Page_KDMC - CMO/input_btnsearch' is clicked on

2018-06-09 16:07:05 - [MESSAGE][PASSED] - Object: 'Object Repository/DispensaryToStore/Page_KDMC - CMO/input_btnsearch' is clicked on

2018-06-09 16:07:05 - [TEST_STEP][PASSED] - selectOptionByIndex: All options with index in [1] are selected on object 'Object Repository/DispensaryToStore/Page_KDMC - CMO/select_--ALL--                _1'

2018-06-09 16:07:05 - [MESSAGE][PASSED] - All options with index in [1] are selected on object 'Object Repository/DispensaryToStore/Page_KDMC - CMO/select_--ALL--                _1'

2018-06-09 16:07:05 - [TEST_STEP][PASSED] - click: Object: 'Object Repository/DispensaryToStore/Page_KDMC - CMO/input_btnsearch' is clicked on

2018-06-09 16:07:05 - [MESSAGE][PASSED] - Object: 'Object Repository/DispensaryToStore/Page_KDMC - CMO/input_btnsearch' is clicked on

2018-06-09 16:07:05 - [TEST_STEP][PASSED] - Statement - ID = com.kms.katalon.core.webui.keyword.WebUiBuiltInKeywords.modifyObjectProperty(com.kms.katalon.core.testobject.ObjectRepository.findTestObject(lab/Page_KDMC - CMO/input_1), "xpath", "equals", "//*[@id=" + RID + "]", true): Modify property of object successfully

2018-06-09 16:07:05 - [MESSAGE][PASSED] - Modify property of object successfully

2018-06-09 16:07:05 - [TEST_STEP][PASSED] - scrollToElement: Scroll to object 'Object Repository/lab/Page_KDMC - CMO/input_1' successfully

2018-06-09 16:07:06 - [MESSAGE][PASSED] - Scroll to object 'Object Repository/lab/Page_KDMC - CMO/input_1' successfully

2018-06-09 16:07:06 - [TEST_STEP][PASSED] - click: Object: 'Object Repository/lab/Page_KDMC - CMO/input_1' is clicked on

2018-06-09 16:07:06 - [MESSAGE][PASSED] - Object: 'Object Repository/lab/Page_KDMC - CMO/input_1' is clicked on

2018-06-09 16:07:06 - [TEST_STEP][PASSED] - delay: Delayed 2 second(s)

2018-06-09 16:07:08 - [MESSAGE][PASSED] - Delayed 2 second(s)

2018-06-09 16:07:08 - [TEST_STEP][PASSED] - selectOptionByIndex: All options with index in [1] are selected on object 'Object Repository/DispensaryToStore/Page_KDMC - CMO/select_--Select--'

2018-06-09 16:07:08 - [MESSAGE][PASSED] - All options with index in [1] are selected on object 'Object Repository/DispensaryToStore/Page_KDMC - CMO/select_--Select--'

2018-06-09 16:07:08 - [TEST_STEP][PASSED] - click: Object: 'Object Repository/DispensaryToStore/Page_KDMC - CMO/input_btnupdate' is clicked on

2018-06-09 16:07:08 - [MESSAGE][PASSED] - Object: 'Object Repository/DispensaryToStore/Page_KDMC - CMO/input_btnupdate' is clicked on

2018-06-09 16:07:08 - [TEST_STEP][PASSED] - delay: Delayed 2 second(s)

2018-06-09 16:07:10 - [MESSAGE][PASSED] - Delayed 2 second(s)

2018-06-09 16:07:10 - [TEST_STEP][PASSED] - click: Object: 'Object Repository/DispensaryToStore/Page_KDMC - CMO/button_OK' is clicked on

2018-06-09 16:07:10 - [MESSAGE][PASSED] - Object: 'Object Repository/DispensaryToStore/Page_KDMC - CMO/button_OK' is clicked on

2018-06-09 16:07:10 - [TEST_STEP][PASSED] - delay: Delayed 2 second(s)

2018-06-09 16:07:12 - [MESSAGE][PASSED] - Delayed 2 second(s)

2018-06-09 16:07:12 - [TEST_STEP][PASSED] - waitForElementPresent: Object 'Object Repository/DispensaryToStore/Page_Dispensary Store/a_dropdown-toggle' is not present after 20 second(s)

2018-06-09 16:07:33 - [MESSAGE][WARNING] - Object 'Object Repository/DispensaryToStore/Page_Dispensary Store/a_dropdown-toggle' is not present after 20 second(s)

2018-06-09 16:07:33 - [TEST_STEP][PASSED] - click: Object: 'Object Repository/DispensaryToStore/Page_KDMC - CMO/a_dropdown-toggle' is clicked on

2018-06-09 16:07:33 - [MESSAGE][PASSED] - Object: 'Object Repository/DispensaryToStore/Page_KDMC - CMO/a_dropdown-toggle' is clicked on

2018-06-09 16:07:33 - [TEST_STEP][PASSED] - click: Object: 'Object Repository/DispensaryToStore/Page_KDMC - CMO/a_Sign out' is clicked on

2018-06-09 16:07:34 - [MESSAGE][PASSED] - Object: 'Object Repository/DispensaryToStore/Page_KDMC - CMO/a_Sign out' is clicked on

2018-06-09 16:07:34 - [TEST_STEP][PASSED] - delay: Delayed 3 second(s)

2018-06-09 16:07:37 - [MESSAGE][PASSED] - Delayed 3 second(s)

2018-06-09 16:07:37 - [TEST_STEP][PASSED] - click: Object: 'Object Repository/DispensaryToStore/Page_KDMC/a_Divisional Store' is clicked on

2018-06-09 16:07:38 - [MESSAGE][PASSED] - Object: 'Object Repository/DispensaryToStore/Page_KDMC/a_Divisional Store' is clicked on

2018-06-09 16:07:38 - [TEST_STEP][PASSED] - setText: Text 'ragu' is set on object 'Object Repository/DispensaryToStore/Page_Divisonal Store Login/input_txtusername'

2018-06-09 16:07:38 - [MESSAGE][PASSED] - Text 'ragu' is set on object 'Object Repository/DispensaryToStore/Page_Divisonal Store Login/input_txtusername'

2018-06-09 16:07:38 - [TEST_STEP][PASSED] - setText: Text '123' is set on object 'Object Repository/DispensaryToStore/Page_Divisonal Store Login/input_txtpassword'

2018-06-09 16:07:38 - [MESSAGE][PASSED] - Text '123' is set on object 'Object Repository/DispensaryToStore/Page_Divisonal Store Login/input_txtpassword'

2018-06-09 16:07:38 - [TEST_STEP][PASSED] - delay: Delayed 3 second(s)

2018-06-09 16:07:41 - [MESSAGE][PASSED] - Delayed 3 second(s)

2018-06-09 16:07:41 - [TEST_STEP][PASSED] - click: Object: 'Object Repository/DispensaryToStore/Page_Divisonal Store Login/button_Sign in' is clicked on

2018-06-09 16:07:43 - [MESSAGE][PASSED] - Object: 'Object Repository/DispensaryToStore/Page_Divisonal Store Login/button_Sign in' is clicked on

2018-06-09 16:07:43 - [TEST_STEP][PASSED] - delay: Delayed 3 second(s)

2018-06-09 16:07:46 - [MESSAGE][PASSED] - Delayed 3 second(s)

2018-06-09 16:07:46 - [TEST_STEP][PASSED] - scrollToPosition: Browser is scrolled to position x = 100, y = 100

2018-06-09 16:07:46 - [MESSAGE][PASSED] - Browser is scrolled to position x = 100, y = 100

2018-06-09 16:07:46 - [TEST_STEP][PASSED] - click: Object: 'Object Repository/DispensaryToStore/Page_Store/a_Dispensary Request' is clicked on

2018-06-09 16:07:46 - [MESSAGE][PASSED] - Object: 'Object Repository/DispensaryToStore/Page_Store/a_Dispensary Request' is clicked on

2018-06-09 16:07:46 - [TEST_STEP][PASSED] - delay: Delayed 2 second(s)

2018-06-09 16:07:48 - [MESSAGE][PASSED] - Delayed 2 second(s)

2018-06-09 16:07:48 - [TEST_STEP][PASSED] - click: Object: 'Object Repository/DispensaryToStore/Page_Store/a_Request Item Dispensary' is clicked on

2018-06-09 16:07:49 - [MESSAGE][PASSED] - Object: 'Object Repository/DispensaryToStore/Page_Store/a_Request Item Dispensary' is clicked on

2018-06-09 16:07:49 - [TEST_STEP][PASSED] - Statement - ChooseRequest = com.kms.katalon.core.webui.keyword.WebUiBuiltInKeywords.modifyObjectProperty(com.kms.katalon.core.testobject.ObjectRepository.findTestObject(lab/Page_Store/input_1), "xpath", "equals", "//*[@id=" + RID + "]", true): Modify property of object successfully

2018-06-09 16:07:49 - [MESSAGE][PASSED] - Modify property of object successfully

2018-06-09 16:07:49 - [TEST_STEP][PASSED] - click: Object: 'Object Repository/lab/Page_Store/input_1' is clicked on

2018-06-09 16:07:50 - [MESSAGE][PASSED] - Object: 'Object Repository/lab/Page_Store/input_1' is clicked on

2018-06-09 16:07:50 - [TEST_STEP][PASSED] - Statement - selectedoptions = com.kms.katalon.core.webui.keyword.WebUiBuiltInKeywords.getNumberOfTotalOption(com.kms.katalon.core.testobject.ObjectRepository.findTestObject(DispensaryToStore/Page_Store/select_--Select--Adernaline 0.)): 17 options of object 'Object Repository/DispensaryToStore/Page_Store/select_--Select--Adernaline 0.' counted

2018-06-09 16:07:50 - [MESSAGE][PASSED] - 17 options of object 'Object Repository/DispensaryToStore/Page_Store/select_--Select--Adernaline 0.' counted

2018-06-09 16:07:50 - [TEST_STEP][FAILED] - Statement - For ([a = 1, a <= selectedoptions - 1, (a++)]): null

2018-06-09 16:07:50 - [TEST_STEP][PASSED] - selectOptionByIndex: All options with index in [1] are selected on object 'Object Repository/DispensaryToStore/Page_Store/select_--Select--Adernaline 0.'

2018-06-09 16:07:50 - [MESSAGE][PASSED] - All options with index in [1] are selected on object 'Object Repository/DispensaryToStore/Page_Store/select_--Select--Adernaline 0.'

2018-06-09 16:07:50 - [TEST_STEP][PASSED] - delay: Delayed 2 second(s)

2018-06-09 16:07:52 - [MESSAGE][PASSED] - Delayed 2 second(s)

2018-06-09 16:07:52 - [TEST_STEP][PASSED] - Statement - RequestedQty = com.kms.katalon.core.webui.keyword.WebUiBuiltInKeywords.getAttribute(com.kms.katalon.core.testobject.ObjectRepository.findTestObject(DispensaryToStore/Page_Store/input_txttotal), "value"): Attribute 'value' of object 'Object Repository/DispensaryToStore/Page_Store/input_txttotal' is: '10'

2018-06-09 16:07:52 - [MESSAGE][PASSED] - Attribute 'value' of object 'Object Repository/DispensaryToStore/Page_Store/input_txttotal' is: '10'

2018-06-09 16:07:52 - [TEST_STEP][PASSED] - Statement - out.println("Requested QTY : " + RequestedQty): null

2018-06-09 16:07:52 - [TEST_STEP][PASSED] - Statement - BatchNumber = com.kms.katalon.core.webui.keyword.WebUiBuiltInKeywords.getNumberOfTotalOption(com.kms.katalon.core.testobject.ObjectRepository.findTestObject(DispensaryToStore/Page_Store/select_--Select--BA1170BA2376B)): 4 options of object 'Object Repository/DispensaryToStore/Page_Store/select_--Select--BA1170BA2376B' counted

2018-06-09 16:07:53 - [MESSAGE][PASSED] - 4 options of object 'Object Repository/DispensaryToStore/Page_Store/select_--Select--BA1170BA2376B' counted

2018-06-09 16:07:53 - [TEST_STEP][PASSED] - Statement - For ([g = 1, g <= BatchNumber - 1, (g++)]): null

2018-06-09 16:07:53 - [TEST_STEP][PASSED] - selectOptionByIndex: All options with index in [1] are selected on object 'Object Repository/DispensaryToStore/Page_Store/select_--Select--BA1170BA2376B'

2018-06-09 16:07:53 - [MESSAGE][PASSED] - All options with index in [1] are selected on object 'Object Repository/DispensaryToStore/Page_Store/select_--Select--BA1170BA2376B'

2018-06-09 16:07:53 - [TEST_STEP][PASSED] - Statement - Try: null

2018-06-09 16:07:53 - [TEST_STEP][PASSED] - Statement - StockQty = com.kms.katalon.core.webui.keyword.WebUiBuiltInKeywords.getAttribute(com.kms.katalon.core.testobject.ObjectRepository.findTestObject(DispensaryToStore/Page_Store/input_txtprice), "value"): Attribute 'value' of object 'Object Repository/DispensaryToStore/Page_Store/input_txtprice' is: '1730'

2018-06-09 16:07:53 - [MESSAGE][PASSED] - Attribute 'value' of object 'Object Repository/DispensaryToStore/Page_Store/input_txtprice' is: '1730'

2018-06-09 16:07:53 - [TEST_STEP][PASSED] - Statement - out.println("Stock QTY : " + StockQty): null

2018-06-09 16:07:53 - [TEST_STEP][PASSED] - delay: Delayed 2 second(s)

2018-06-09 16:07:55 - [MESSAGE][PASSED] - Delayed 2 second(s)

2018-06-09 16:07:55 - [TEST_STEP][PASSED] - Statement - If (java.lang.String.valueOf(StockQty) >= java.lang.String.valueOf(RequestedQty)): null

2018-06-09 16:07:55 - [TEST_STEP][PASSED] - setText: Text '10' is set on object 'Object Repository/DispensaryToStore/Page_Store/input_txtqty'

2018-06-09 16:07:55 - [MESSAGE][PASSED] - Text '10' is set on object 'Object Repository/DispensaryToStore/Page_Store/input_txtqty'

2018-06-09 16:07:55 - [TEST_STEP][PASSED] - click: Object: 'Object Repository/DispensaryToStore/Page_Store/button_Add' is clicked on

2018-06-09 16:07:55 - [MESSAGE][PASSED] - Object: 'Object Repository/DispensaryToStore/Page_Store/button_Add' is clicked on

2018-06-09 16:07:55 - [TEST_STEP][PASSED] - Statement - Break: null

2018-06-09 16:07:55 - [TEST_STEP][PASSED] - selectOptionByIndex: All options with index in [2] are selected on object 'Object Repository/DispensaryToStore/Page_Store/select_--Select--Adernaline 0.'

2018-06-09 16:07:55 - [MESSAGE][PASSED] - All options with index in [2] are selected on object 'Object Repository/DispensaryToStore/Page_Store/select_--Select--Adernaline 0.'

2018-06-09 16:07:55 - [TEST_STEP][PASSED] - delay: Delayed 2 second(s)

2018-06-09 16:07:57 - [MESSAGE][PASSED] - Delayed 2 second(s)

2018-06-09 16:07:57 - [TEST_STEP][PASSED] - Statement - RequestedQty = com.kms.katalon.core.webui.keyword.WebUiBuiltInKeywords.getAttribute(com.kms.katalon.core.testobject.ObjectRepository.findTestObject(DispensaryToStore/Page_Store/input_txttotal), "value"): Attribute 'value' of object 'Object Repository/DispensaryToStore/Page_Store/input_txttotal' is: '10'

2018-06-09 16:07:57 - [MESSAGE][PASSED] - Attribute 'value' of object 'Object Repository/DispensaryToStore/Page_Store/input_txttotal' is: '10'

2018-06-09 16:07:57 - [TEST_STEP][PASSED] - Statement - out.println("Requested QTY : " + RequestedQty): null

2018-06-09 16:07:57 - [TEST_STEP][PASSED] - Statement - BatchNumber = com.kms.katalon.core.webui.keyword.WebUiBuiltInKeywords.getNumberOfTotalOption(com.kms.katalon.core.testobject.ObjectRepository.findTestObject(DispensaryToStore/Page_Store/select_--Select--BA1170BA2376B)): 3 options of object 'Object Repository/DispensaryToStore/Page_Store/select_--Select--BA1170BA2376B' counted

2018-06-09 16:07:57 - [MESSAGE][PASSED] - 3 options of object 'Object Repository/DispensaryToStore/Page_Store/select_--Select--BA1170BA2376B' counted

2018-06-09 16:07:57 - [TEST_STEP][PASSED] - Statement - For ([g = 1, g <= BatchNumber - 1, (g++)]): null

2018-06-09 16:07:57 - [TEST_STEP][PASSED] - selectOptionByIndex: All options with index in [1] are selected on object 'Object Repository/DispensaryToStore/Page_Store/select_--Select--BA1170BA2376B'

2018-06-09 16:07:57 - [MESSAGE][PASSED] - All options with index in [1] are selected on object 'Object Repository/DispensaryToStore/Page_Store/select_--Select--BA1170BA2376B'

2018-06-09 16:07:57 - [TEST_STEP][PASSED] - Statement - Try: null

2018-06-09 16:07:57 - [TEST_STEP][PASSED] - Statement - StockQty = com.kms.katalon.core.webui.keyword.WebUiBuiltInKeywords.getAttribute(com.kms.katalon.core.testobject.ObjectRepository.findTestObject(DispensaryToStore/Page_Store/input_txtprice), "value"): Attribute 'value' of object 'Object Repository/DispensaryToStore/Page_Store/input_txtprice' is: '1463'

2018-06-09 16:07:57 - [MESSAGE][PASSED] - Attribute 'value' of object 'Object Repository/DispensaryToStore/Page_Store/input_txtprice' is: '1463'

2018-06-09 16:07:57 - [TEST_STEP][PASSED] - Statement - out.println("Stock QTY : " + StockQty): null

2018-06-09 16:07:57 - [TEST_STEP][PASSED] - delay: Delayed 2 second(s)

2018-06-09 16:07:59 - [MESSAGE][PASSED] - Delayed 2 second(s)

2018-06-09 16:07:59 - [TEST_STEP][PASSED] - Statement - If (java.lang.String.valueOf(StockQty) >= java.lang.String.valueOf(RequestedQty)): null

2018-06-09 16:07:59 - [TEST_STEP][PASSED] - setText: Text '10' is set on object 'Object Repository/DispensaryToStore/Page_Store/input_txtqty'

2018-06-09 16:08:00 - [MESSAGE][PASSED] - Text '10' is set on object 'Object Repository/DispensaryToStore/Page_Store/input_txtqty'

2018-06-09 16:08:00 - [TEST_STEP][PASSED] - click: Object: 'Object Repository/DispensaryToStore/Page_Store/button_Add' is clicked on

2018-06-09 16:08:00 - [MESSAGE][PASSED] - Object: 'Object Repository/DispensaryToStore/Page_Store/button_Add' is clicked on

2018-06-09 16:08:00 - [TEST_STEP][PASSED] - Statement - Break: null

2018-06-09 16:08:00 - [TEST_STEP][PASSED] - selectOptionByIndex: All options with index in [3] are selected on object 'Object Repository/DispensaryToStore/Page_Store/select_--Select--Adernaline 0.'

2018-06-09 16:08:00 - [MESSAGE][PASSED] - All options with index in [3] are selected on object 'Object Repository/DispensaryToStore/Page_Store/select_--Select--Adernaline 0.'

2018-06-09 16:08:00 - [TEST_STEP][PASSED] - delay: Delayed 2 second(s)

2018-06-09 16:08:02 - [MESSAGE][PASSED] - Delayed 2 second(s)

2018-06-09 16:08:02 - [TEST_STEP][PASSED] - Statement - RequestedQty = com.kms.katalon.core.webui.keyword.WebUiBuiltInKeywords.getAttribute(com.kms.katalon.core.testobject.ObjectRepository.findTestObject(DispensaryToStore/Page_Store/input_txttotal), "value"): Attribute 'value' of object 'Object Repository/DispensaryToStore/Page_Store/input_txttotal' is: '10'

2018-06-09 16:08:02 - [MESSAGE][PASSED] - Attribute 'value' of object 'Object Repository/DispensaryToStore/Page_Store/input_txttotal' is: '10'

2018-06-09 16:08:02 - [TEST_STEP][PASSED] - Statement - out.println("Requested QTY : " + RequestedQty): null

2018-06-09 16:08:02 - [TEST_STEP][PASSED] - Statement - BatchNumber = com.kms.katalon.core.webui.keyword.WebUiBuiltInKeywords.getNumberOfTotalOption(com.kms.katalon.core.testobject.ObjectRepository.findTestObject(DispensaryToStore/Page_Store/select_--Select--BA1170BA2376B)): 3 options of object 'Object Repository/DispensaryToStore/Page_Store/select_--Select--BA1170BA2376B' counted

2018-06-09 16:08:02 - [MESSAGE][PASSED] - 3 options of object 'Object Repository/DispensaryToStore/Page_Store/select_--Select--BA1170BA2376B' counted

2018-06-09 16:08:02 - [TEST_STEP][PASSED] - Statement - For ([g = 1, g <= BatchNumber - 1, (g++)]): null

2018-06-09 16:08:02 - [TEST_STEP][PASSED] - selectOptionByIndex: All options with index in [1] are selected on object 'Object Repository/DispensaryToStore/Page_Store/select_--Select--BA1170BA2376B'

2018-06-09 16:08:02 - [MESSAGE][PASSED] - All options with index in [1] are selected on object 'Object Repository/DispensaryToStore/Page_Store/select_--Select--BA1170BA2376B'

2018-06-09 16:08:02 - [TEST_STEP][PASSED] - Statement - Try: null

2018-06-09 16:08:02 - [TEST_STEP][PASSED] - Statement - StockQty = com.kms.katalon.core.webui.keyword.WebUiBuiltInKeywords.getAttribute(com.kms.katalon.core.testobject.ObjectRepository.findTestObject(DispensaryToStore/Page_Store/input_txtprice), "value"): Attribute 'value' of object 'Object Repository/DispensaryToStore/Page_Store/input_txtprice' is: '1645'

2018-06-09 16:08:02 - [MESSAGE][PASSED] - Attribute 'value' of object 'Object Repository/DispensaryToStore/Page_Store/input_txtprice' is: '1645'

2018-06-09 16:08:02 - [TEST_STEP][PASSED] - Statement - out.println("Stock QTY : " + StockQty): null

2018-06-09 16:08:02 - [TEST_STEP][PASSED] - delay: Delayed 2 second(s)

2018-06-09 16:08:04 - [MESSAGE][PASSED] - Delayed 2 second(s)

2018-06-09 16:08:04 - [TEST_STEP][PASSED] - Statement - If (java.lang.String.valueOf(StockQty) >= java.lang.String.valueOf(RequestedQty)): null

2018-06-09 16:08:04 - [TEST_STEP][PASSED] - setText: Text '10' is set on object 'Object Repository/DispensaryToStore/Page_Store/input_txtqty'

2018-06-09 16:08:04 - [MESSAGE][PASSED] - Text '10' is set on object 'Object Repository/DispensaryToStore/Page_Store/input_txtqty'

2018-06-09 16:08:04 - [TEST_STEP][PASSED] - click: Object: 'Object Repository/DispensaryToStore/Page_Store/button_Add' is clicked on

2018-06-09 16:08:04 - [MESSAGE][PASSED] - Object: 'Object Repository/DispensaryToStore/Page_Store/button_Add' is clicked on

2018-06-09 16:08:04 - [TEST_STEP][PASSED] - Statement - Break: null

2018-06-09 16:08:04 - [TEST_STEP][PASSED] - selectOptionByIndex: All options with index in [4] are selected on object 'Object Repository/DispensaryToStore/Page_Store/select_--Select--Adernaline 0.'

2018-06-09 16:08:04 - [MESSAGE][PASSED] - All options with index in [4] are selected on object 'Object Repository/DispensaryToStore/Page_Store/select_--Select--Adernaline 0.'

2018-06-09 16:08:04 - [TEST_STEP][PASSED] - delay: Delayed 2 second(s)

2018-06-09 16:08:06 - [MESSAGE][PASSED] - Delayed 2 second(s)

2018-06-09 16:08:06 - [TEST_STEP][PASSED] - Statement - RequestedQty = com.kms.katalon.core.webui.keyword.WebUiBuiltInKeywords.getAttribute(com.kms.katalon.core.testobject.ObjectRepository.findTestObject(DispensaryToStore/Page_Store/input_txttotal), "value"): Attribute 'value' of object 'Object Repository/DispensaryToStore/Page_Store/input_txttotal' is: '10'

2018-06-09 16:08:06 - [MESSAGE][PASSED] - Attribute 'value' of object 'Object Repository/DispensaryToStore/Page_Store/input_txttotal' is: '10'

2018-06-09 16:08:06 - [TEST_STEP][PASSED] - Statement - out.println("Requested QTY : " + RequestedQty): null

2018-06-09 16:08:06 - [TEST_STEP][PASSED] - Statement - BatchNumber = com.kms.katalon.core.webui.keyword.WebUiBuiltInKeywords.getNumberOfTotalOption(com.kms.katalon.core.testobject.ObjectRepository.findTestObject(DispensaryToStore/Page_Store/select_--Select--BA1170BA2376B)): 3 options of object 'Object Repository/DispensaryToStore/Page_Store/select_--Select--BA1170BA2376B' counted

2018-06-09 16:08:07 - [MESSAGE][PASSED] - 3 options of object 'Object Repository/DispensaryToStore/Page_Store/select_--Select--BA1170BA2376B' counted

2018-06-09 16:08:07 - [TEST_STEP][PASSED] - Statement - For ([g = 1, g <= BatchNumber - 1, (g++)]): null

2018-06-09 16:08:07 - [TEST_STEP][PASSED] - selectOptionByIndex: All options with index in [1] are selected on object 'Object Repository/DispensaryToStore/Page_Store/select_--Select--BA1170BA2376B'

2018-06-09 16:08:07 - [MESSAGE][PASSED] - All options with index in [1] are selected on object 'Object Repository/DispensaryToStore/Page_Store/select_--Select--BA1170BA2376B'

2018-06-09 16:08:07 - [TEST_STEP][PASSED] - Statement - Try: null

2018-06-09 16:08:07 - [TEST_STEP][PASSED] - Statement - StockQty = com.kms.katalon.core.webui.keyword.WebUiBuiltInKeywords.getAttribute(com.kms.katalon.core.testobject.ObjectRepository.findTestObject(DispensaryToStore/Page_Store/input_txtprice), "value"): Attribute 'value' of object 'Object Repository/DispensaryToStore/Page_Store/input_txtprice' is: '1645'

2018-06-09 16:08:07 - [MESSAGE][PASSED] - Attribute 'value' of object 'Object Repository/DispensaryToStore/Page_Store/input_txtprice' is: '1645'

2018-06-09 16:08:07 - [TEST_STEP][PASSED] - Statement - out.println("Stock QTY : " + StockQty): null

2018-06-09 16:08:07 - [TEST_STEP][PASSED] - delay: Delayed 2 second(s)

2018-06-09 16:08:09 - [MESSAGE][PASSED] - Delayed 2 second(s)

2018-06-09 16:08:09 - [TEST_STEP][PASSED] - Statement - If (java.lang.String.valueOf(StockQty) >= java.lang.String.valueOf(RequestedQty)): null

2018-06-09 16:08:09 - [TEST_STEP][PASSED] - setText: Text '10' is set on object 'Object Repository/DispensaryToStore/Page_Store/input_txtqty'

2018-06-09 16:08:09 - [MESSAGE][PASSED] - Text '10' is set on object 'Object Repository/DispensaryToStore/Page_Store/input_txtqty'

2018-06-09 16:08:09 - [TEST_STEP][PASSED] - click: Object: 'Object Repository/DispensaryToStore/Page_Store/button_Add' is clicked on

2018-06-09 16:08:09 - [MESSAGE][PASSED] - Object: 'Object Repository/DispensaryToStore/Page_Store/button_Add' is clicked on

2018-06-09 16:08:09 - [TEST_STEP][PASSED] - Statement - Break: null

2018-06-09 16:08:09 - [TEST_STEP][PASSED] - selectOptionByIndex: All options with index in [5] are selected on object 'Object Repository/DispensaryToStore/Page_Store/select_--Select--Adernaline 0.'

2018-06-09 16:08:09 - [MESSAGE][PASSED] - All options with index in [5] are selected on object 'Object Repository/DispensaryToStore/Page_Store/select_--Select--Adernaline 0.'

2018-06-09 16:08:09 - [TEST_STEP][PASSED] - delay: Delayed 2 second(s)

2018-06-09 16:08:11 - [MESSAGE][PASSED] - Delayed 2 second(s)

2018-06-09 16:08:11 - [TEST_STEP][PASSED] - Statement - RequestedQty = com.kms.katalon.core.webui.keyword.WebUiBuiltInKeywords.getAttribute(com.kms.katalon.core.testobject.ObjectRepository.findTestObject(DispensaryToStore/Page_Store/input_txttotal), "value"): Attribute 'value' of object 'Object Repository/DispensaryToStore/Page_Store/input_txttotal' is: '10'

2018-06-09 16:08:11 - [MESSAGE][PASSED] - Attribute 'value' of object 'Object Repository/DispensaryToStore/Page_Store/input_txttotal' is: '10'

2018-06-09 16:08:11 - [TEST_STEP][PASSED] - Statement - out.println("Requested QTY : " + RequestedQty): null

2018-06-09 16:08:11 - [TEST_STEP][PASSED] - Statement - BatchNumber = com.kms.katalon.core.webui.keyword.WebUiBuiltInKeywords.getNumberOfTotalOption(com.kms.katalon.core.testobject.ObjectRepository.findTestObject(DispensaryToStore/Page_Store/select_--Select--BA1170BA2376B)): 3 options of object 'Object Repository/DispensaryToStore/Page_Store/select_--Select--BA1170BA2376B' counted

2018-06-09 16:08:11 - [MESSAGE][PASSED] - 3 options of object 'Object Repository/DispensaryToStore/Page_Store/select_--Select--BA1170BA2376B' counted

2018-06-09 16:08:11 - [TEST_STEP][PASSED] - Statement - For ([g = 1, g <= BatchNumber - 1, (g++)]): null

2018-06-09 16:08:11 - [TEST_STEP][PASSED] - selectOptionByIndex: All options with index in [1] are selected on object 'Object Repository/DispensaryToStore/Page_Store/select_--Select--BA1170BA2376B'

2018-06-09 16:08:11 - [MESSAGE][PASSED] - All options with index in [1] are selected on object 'Object Repository/DispensaryToStore/Page_Store/select_--Select--BA1170BA2376B'

2018-06-09 16:08:11 - [TEST_STEP][PASSED] - Statement - Try: null

2018-06-09 16:08:11 - [TEST_STEP][PASSED] - Statement - StockQty = com.kms.katalon.core.webui.keyword.WebUiBuiltInKeywords.getAttribute(com.kms.katalon.core.testobject.ObjectRepository.findTestObject(DispensaryToStore/Page_Store/input_txtprice), "value"): Attribute 'value' of object 'Object Repository/DispensaryToStore/Page_Store/input_txtprice' is: ''

2018-06-09 16:08:11 - [MESSAGE][PASSED] - Attribute 'value' of object 'Object Repository/DispensaryToStore/Page_Store/input_txtprice' is: ''

2018-06-09 16:08:11 - [TEST_STEP][PASSED] - Statement - out.println("Stock QTY : " + StockQty): null

2018-06-09 16:08:11 - [TEST_STEP][PASSED] - delay: Delayed 2 second(s)

2018-06-09 16:08:13 - [MESSAGE][PASSED] - Delayed 2 second(s)

2018-06-09 16:08:13 - [TEST_STEP][PASSED] - Statement - If (java.lang.String.valueOf(StockQty) >= java.lang.String.valueOf(RequestedQty)): null

2018-06-09 16:08:13 - [TEST_STEP][PASSED] - Statement - Else: null

2018-06-09 16:08:13 - [TEST_STEP][PASSED] - Statement - out.println("Stock Is Less Than Requested Qty"): null

2018-06-09 16:08:13 - [TEST_STEP][PASSED] - selectOptionByIndex: All options with index in [2] are selected on object 'Object Repository/DispensaryToStore/Page_Store/select_--Select--BA1170BA2376B'

2018-06-09 16:08:13 - [MESSAGE][PASSED] - All options with index in [2] are selected on object 'Object Repository/DispensaryToStore/Page_Store/select_--Select--BA1170BA2376B'

2018-06-09 16:08:13 - [TEST_STEP][PASSED] - Statement - Try: null

2018-06-09 16:08:13 - [TEST_STEP][PASSED] - Statement - StockQty = com.kms.katalon.core.webui.keyword.WebUiBuiltInKeywords.getAttribute(com.kms.katalon.core.testobject.ObjectRepository.findTestObject(DispensaryToStore/Page_Store/input_txtprice), "value"): Attribute 'value' of object 'Object Repository/DispensaryToStore/Page_Store/input_txtprice' is: '880'

2018-06-09 16:08:13 - [MESSAGE][PASSED] - Attribute 'value' of object 'Object Repository/DispensaryToStore/Page_Store/input_txtprice' is: '880'

2018-06-09 16:08:13 - [TEST_STEP][PASSED] - Statement - out.println("Stock QTY : " + StockQty): null

2018-06-09 16:08:13 - [TEST_STEP][PASSED] - delay: Delayed 2 second(s)

2018-06-09 16:08:15 - [MESSAGE][PASSED] - Delayed 2 second(s)

2018-06-09 16:08:15 - [TEST_STEP][PASSED] - Statement - If (java.lang.String.valueOf(StockQty) >= java.lang.String.valueOf(RequestedQty)): null

2018-06-09 16:08:15 - [TEST_STEP][PASSED] - setText: Text '10' is set on object 'Object Repository/DispensaryToStore/Page_Store/input_txtqty'

2018-06-09 16:08:16 - [MESSAGE][PASSED] - Text '10' is set on object 'Object Repository/DispensaryToStore/Page_Store/input_txtqty'

2018-06-09 16:08:16 - [TEST_STEP][PASSED] - click: Object: 'Object Repository/DispensaryToStore/Page_Store/button_Add' is clicked on

2018-06-09 16:08:16 - [MESSAGE][PASSED] - Object: 'Object Repository/DispensaryToStore/Page_Store/button_Add' is clicked on

2018-06-09 16:08:16 - [TEST_STEP][PASSED] - Statement - Break: null

2018-06-09 16:08:16 - [TEST_STEP][PASSED] - selectOptionByIndex: All options with index in [6] are selected on object 'Object Repository/DispensaryToStore/Page_Store/select_--Select--Adernaline 0.'

2018-06-09 16:08:16 - [MESSAGE][PASSED] - All options with index in [6] are selected on object 'Object Repository/DispensaryToStore/Page_Store/select_--Select--Adernaline 0.'

2018-06-09 16:08:16 - [TEST_STEP][PASSED] - delay: Delayed 2 second(s)

2018-06-09 16:08:18 - [MESSAGE][PASSED] - Delayed 2 second(s)

2018-06-09 16:08:18 - [TEST_STEP][PASSED] - Statement - RequestedQty = com.kms.katalon.core.webui.keyword.WebUiBuiltInKeywords.getAttribute(com.kms.katalon.core.testobject.ObjectRepository.findTestObject(DispensaryToStore/Page_Store/input_txttotal), "value"): Attribute 'value' of object 'Object Repository/DispensaryToStore/Page_Store/input_txttotal' is: '10'

2018-06-09 16:08:18 - [MESSAGE][PASSED] - Attribute 'value' of object 'Object Repository/DispensaryToStore/Page_Store/input_txttotal' is: '10'

2018-06-09 16:08:18 - [TEST_STEP][PASSED] - Statement - out.println("Requested QTY : " + RequestedQty): null

2018-06-09 16:08:18 - [TEST_STEP][PASSED] - Statement - BatchNumber = com.kms.katalon.core.webui.keyword.WebUiBuiltInKeywords.getNumberOfTotalOption(com.kms.katalon.core.testobject.ObjectRepository.findTestObject(DispensaryToStore/Page_Store/select_--Select--BA1170BA2376B)): 3 options of object 'Object Repository/DispensaryToStore/Page_Store/select_--Select--BA1170BA2376B' counted

2018-06-09 16:08:18 - [MESSAGE][PASSED] - 3 options of object 'Object Repository/DispensaryToStore/Page_Store/select_--Select--BA1170BA2376B' counted

2018-06-09 16:08:18 - [TEST_STEP][PASSED] - Statement - For ([g = 1, g <= BatchNumber - 1, (g++)]): null

2018-06-09 16:08:18 - [TEST_STEP][PASSED] - selectOptionByIndex: All options with index in [1] are selected on object 'Object Repository/DispensaryToStore/Page_Store/select_--Select--BA1170BA2376B'

2018-06-09 16:08:18 - [MESSAGE][PASSED] - All options with index in [1] are selected on object 'Object Repository/DispensaryToStore/Page_Store/select_--Select--BA1170BA2376B'

2018-06-09 16:08:18 - [TEST_STEP][PASSED] - Statement - Try: null

2018-06-09 16:08:18 - [TEST_STEP][PASSED] - Statement - StockQty = com.kms.katalon.core.webui.keyword.WebUiBuiltInKeywords.getAttribute(com.kms.katalon.core.testobject.ObjectRepository.findTestObject(DispensaryToStore/Page_Store/input_txtprice), "value"): Attribute 'value' of object 'Object Repository/DispensaryToStore/Page_Store/input_txtprice' is: '1320'

2018-06-09 16:08:18 - [MESSAGE][PASSED] - Attribute 'value' of object 'Object Repository/DispensaryToStore/Page_Store/input_txtprice' is: '1320'

2018-06-09 16:08:18 - [TEST_STEP][PASSED] - Statement - out.println("Stock QTY : " + StockQty): null

2018-06-09 16:08:18 - [TEST_STEP][PASSED] - delay: Delayed 2 second(s)

2018-06-09 16:08:20 - [MESSAGE][PASSED] - Delayed 2 second(s)

2018-06-09 16:08:20 - [TEST_STEP][PASSED] - Statement - If (java.lang.String.valueOf(StockQty) >= java.lang.String.valueOf(RequestedQty)): null

2018-06-09 16:08:20 - [TEST_STEP][PASSED] - setText: Text '10' is set on object 'Object Repository/DispensaryToStore/Page_Store/input_txtqty'

2018-06-09 16:08:20 - [MESSAGE][PASSED] - Text '10' is set on object 'Object Repository/DispensaryToStore/Page_Store/input_txtqty'

2018-06-09 16:08:20 - [TEST_STEP][PASSED] - click: Object: 'Object Repository/DispensaryToStore/Page_Store/button_Add' is clicked on

2018-06-09 16:08:20 - [MESSAGE][PASSED] - Object: 'Object Repository/DispensaryToStore/Page_Store/button_Add' is clicked on

2018-06-09 16:08:20 - [TEST_STEP][PASSED] - Statement - Break: null

2018-06-09 16:08:20 - [TEST_STEP][PASSED] - selectOptionByIndex: All options with index in [7] are selected on object 'Object Repository/DispensaryToStore/Page_Store/select_--Select--Adernaline 0.'

2018-06-09 16:08:21 - [MESSAGE][PASSED] - All options with index in [7] are selected on object 'Object Repository/DispensaryToStore/Page_Store/select_--Select--Adernaline 0.'

2018-06-09 16:08:21 - [TEST_STEP][PASSED] - delay: Delayed 2 second(s)

2018-06-09 16:08:23 - [MESSAGE][PASSED] - Delayed 2 second(s)

2018-06-09 16:08:23 - [TEST_STEP][PASSED] - Statement - RequestedQty = com.kms.katalon.core.webui.keyword.WebUiBuiltInKeywords.getAttribute(com.kms.katalon.core.testobject.ObjectRepository.findTestObject(DispensaryToStore/Page_Store/input_txttotal), "value"): Attribute 'value' of object 'Object Repository/DispensaryToStore/Page_Store/input_txttotal' is: '10'

2018-06-09 16:08:23 - [MESSAGE][PASSED] - Attribute 'value' of object 'Object Repository/DispensaryToStore/Page_Store/input_txttotal' is: '10'

2018-06-09 16:08:23 - [TEST_STEP][PASSED] - Statement - out.println("Requested QTY : " + RequestedQty): null

2018-06-09 16:08:23 - [TEST_STEP][PASSED] - Statement - BatchNumber = com.kms.katalon.core.webui.keyword.WebUiBuiltInKeywords.getNumberOfTotalOption(com.kms.katalon.core.testobject.ObjectRepository.findTestObject(DispensaryToStore/Page_Store/select_--Select--BA1170BA2376B)): 5 options of object 'Object Repository/DispensaryToStore/Page_Store/select_--Select--BA1170BA2376B' counted

2018-06-09 16:08:23 - [MESSAGE][PASSED] - 5 options of object 'Object Repository/DispensaryToStore/Page_Store/select_--Select--BA1170BA2376B' counted

2018-06-09 16:08:23 - [TEST_STEP][PASSED] - Statement - For ([g = 1, g <= BatchNumber - 1, (g++)]): null

2018-06-09 16:08:23 - [TEST_STEP][PASSED] - selectOptionByIndex: All options with index in [1] are selected on object 'Object Repository/DispensaryToStore/Page_Store/select_--Select--BA1170BA2376B'

2018-06-09 16:08:23 - [MESSAGE][PASSED] - All options with index in [1] are selected on object 'Object Repository/DispensaryToStore/Page_Store/select_--Select--BA1170BA2376B'

2018-06-09 16:08:23 - [TEST_STEP][PASSED] - Statement - Try: null

2018-06-09 16:08:23 - [TEST_STEP][PASSED] - Statement - StockQty = com.kms.katalon.core.webui.keyword.WebUiBuiltInKeywords.getAttribute(com.kms.katalon.core.testobject.ObjectRepository.findTestObject(DispensaryToStore/Page_Store/input_txtprice), "value"): Attribute 'value' of object 'Object Repository/DispensaryToStore/Page_Store/input_txtprice' is: '4'

2018-06-09 16:08:23 - [MESSAGE][PASSED] - Attribute 'value' of object 'Object Repository/DispensaryToStore/Page_Store/input_txtprice' is: '4'

2018-06-09 16:08:23 - [TEST_STEP][PASSED] - Statement - out.println("Stock QTY : " + StockQty): null

2018-06-09 16:08:23 - [TEST_STEP][PASSED] - delay: Delayed 2 second(s)

2018-06-09 16:08:25 - [MESSAGE][PASSED] - Delayed 2 second(s)

2018-06-09 16:08:25 - [TEST_STEP][PASSED] - Statement - If (java.lang.String.valueOf(StockQty) >= java.lang.String.valueOf(RequestedQty)): null

2018-06-09 16:08:25 - [TEST_STEP][PASSED] - setText: Text '10' is set on object 'Object Repository/DispensaryToStore/Page_Store/input_txtqty'

2018-06-09 16:08:25 - [MESSAGE][PASSED] - Text '10' is set on object 'Object Repository/DispensaryToStore/Page_Store/input_txtqty'

2018-06-09 16:08:25 - [TEST_STEP][PASSED] - click: Object: 'Object Repository/DispensaryToStore/Page_Store/button_Add' is clicked on

2018-06-09 16:08:25 - [MESSAGE][PASSED] - Object: 'Object Repository/DispensaryToStore/Page_Store/button_Add' is clicked on

2018-06-09 16:08:25 - [TEST_STEP][PASSED] - Statement - Break: null

2018-06-09 16:08:25 - [TEST_STEP][PASSED] - selectOptionByIndex: All options with index in [8] are selected on object 'Object Repository/DispensaryToStore/Page_Store/select_--Select--Adernaline 0.'

2018-06-09 16:08:25 - [MESSAGE][PASSED] - All options with index in [8] are selected on object 'Object Repository/DispensaryToStore/Page_Store/select_--Select--Adernaline 0.'

2018-06-09 16:08:25 - [TEST_STEP][PASSED] - delay: Delayed 2 second(s)

2018-06-09 16:08:27 - [MESSAGE][PASSED] - Delayed 2 second(s)

2018-06-09 16:08:27 - [TEST_STEP][PASSED] - Statement - RequestedQty = com.kms.katalon.core.webui.keyword.WebUiBuiltInKeywords.getAttribute(com.kms.katalon.core.testobject.ObjectRepository.findTestObject(DispensaryToStore/Page_Store/input_txttotal), "value"): Attribute 'value' of object 'Object Repository/DispensaryToStore/Page_Store/input_txttotal' is: '10'

2018-06-09 16:08:27 - [MESSAGE][PASSED] - Attribute 'value' of object 'Object Repository/DispensaryToStore/Page_Store/input_txttotal' is: '10'

2018-06-09 16:08:27 - [TEST_STEP][PASSED] - Statement - out.println("Requested QTY : " + RequestedQty): null

2018-06-09 16:08:27 - [TEST_STEP][PASSED] - Statement - BatchNumber = com.kms.katalon.core.webui.keyword.WebUiBuiltInKeywords.getNumberOfTotalOption(com.kms.katalon.core.testobject.ObjectRepository.findTestObject(DispensaryToStore/Page_Store/select_--Select--BA1170BA2376B)): 3 options of object 'Object Repository/DispensaryToStore/Page_Store/select_--Select--BA1170BA2376B' counted

2018-06-09 16:08:27 - [MESSAGE][PASSED] - 3 options of object 'Object Repository/DispensaryToStore/Page_Store/select_--Select--BA1170BA2376B' counted

2018-06-09 16:08:27 - [TEST_STEP][FAILED] - Statement - For ([g = 1, g <= BatchNumber - 1, (g++)]): null

2018-06-09 16:08:27 - [TEST_STEP][PASSED] - selectOptionByIndex: All options with index in [1] are selected on object 'Object Repository/DispensaryToStore/Page_Store/select_--Select--BA1170BA2376B'

2018-06-09 16:08:27 - [MESSAGE][PASSED] - All options with index in [1] are selected on object 'Object Repository/DispensaryToStore/Page_Store/select_--Select--BA1170BA2376B'

2018-06-09 16:08:27 - [TEST_STEP][FAILED] - Statement - Try: Unable to set text '10' of object 'Object Repository/DispensaryToStore/Page_Store/input_txtqty' (Root cause: org.openqa.selenium.WebDriverException: unknown error: cannot focus element
  (Session info: chrome=66.0.3359.181)
  (Driver info: chromedriver=2.35.528161 (5b82f2d2aae0ca24b877009200ced9065a772e73),platform=Windows NT 10.0.17134 x86_64) (WARNING: The server did not provide any stacktrace information)
Command duration or timeout: 0 milliseconds
Build info: version: '3.7.1', revision: '8a0099a', time: '2017-11-06T21:07:36.161Z'
System info: host: 'DESKTOP-BLFTK83', ip: '169.254.189.85', os.name: 'Windows 10', os.arch: 'amd64', os.version: '10.0', java.version: '1.8.0_102'
Driver info: com.kms.katalon.selenium.driver.CChromeDriver
Capabilities {acceptInsecureCerts: false, acceptSslCerts: false, applicationCacheEnabled: false, browserConnectionEnabled: false, browserName: chrome, chrome: {chromedriverVersion: 2.35.528161 (5b82f2d2aae0ca..., userDataDir: C:\Users\QUALIT~1\AppData\L...}, cssSelectorsEnabled: true, databaseEnabled: false, handlesAlerts: true, hasTouchScreen: false, javascriptEnabled: true, locationContextEnabled: true, mobileEmulationEnabled: false, nativeEvents: true, networkConnectionEnabled: false, pageLoadStrategy: normal, platform: XP, platformName: XP, rotatable: false, setWindowRect: true, takesHeapSnapshot: true, takesScreenshot: true, unexpectedAlertBehaviour: , unhandledPromptBehavior: , version: 66.0.3359.181, webStorageEnabled: true}
Session ID: edd0593b026073f87e832d79752ad818)

2018-06-09 16:08:27 - [TEST_STEP][PASSED] - Statement - StockQty = com.kms.katalon.core.webui.keyword.WebUiBuiltInKeywords.getAttribute(com.kms.katalon.core.testobject.ObjectRepository.findTestObject(DispensaryToStore/Page_Store/input_txtprice), "value"): Attribute 'value' of object 'Object Repository/DispensaryToStore/Page_Store/input_txtprice' is: '1414'

2018-06-09 16:08:27 - [MESSAGE][PASSED] - Attribute 'value' of object 'Object Repository/DispensaryToStore/Page_Store/input_txtprice' is: '1414'

2018-06-09 16:08:27 - [TEST_STEP][PASSED] - Statement - out.println("Stock QTY : " + StockQty): null

2018-06-09 16:08:27 - [TEST_STEP][PASSED] - delay: Delayed 2 second(s)

2018-06-09 16:08:29 - [MESSAGE][PASSED] - Delayed 2 second(s)

2018-06-09 16:08:29 - [TEST_STEP][FAILED] - Statement - If (java.lang.String.valueOf(StockQty) >= java.lang.String.valueOf(RequestedQty)): Unable to set text '10' of object 'Object Repository/DispensaryToStore/Page_Store/input_txtqty' (Root cause: org.openqa.selenium.WebDriverException: unknown error: cannot focus element
  (Session info: chrome=66.0.3359.181)
  (Driver info: chromedriver=2.35.528161 (5b82f2d2aae0ca24b877009200ced9065a772e73),platform=Windows NT 10.0.17134 x86_64) (WARNING: The server did not provide any stacktrace information)
Command duration or timeout: 0 milliseconds
Build info: version: '3.7.1', revision: '8a0099a', time: '2017-11-06T21:07:36.161Z'
System info: host: 'DESKTOP-BLFTK83', ip: '169.254.189.85', os.name: 'Windows 10', os.arch: 'amd64', os.version: '10.0', java.version: '1.8.0_102'
Driver info: com.kms.katalon.selenium.driver.CChromeDriver
Capabilities {acceptInsecureCerts: false, acceptSslCerts: false, applicationCacheEnabled: false, browserConnectionEnabled: false, browserName: chrome, chrome: {chromedriverVersion: 2.35.528161 (5b82f2d2aae0ca..., userDataDir: C:\Users\QUALIT~1\AppData\L...}, cssSelectorsEnabled: true, databaseEnabled: false, handlesAlerts: true, hasTouchScreen: false, javascriptEnabled: true, locationContextEnabled: true, mobileEmulationEnabled: false, nativeEvents: true, networkConnectionEnabled: false, pageLoadStrategy: normal, platform: XP, platformName: XP, rotatable: false, setWindowRect: true, takesHeapSnapshot: true, takesScreenshot: true, unexpectedAlertBehaviour: , unhandledPromptBehavior: , version: 66.0.3359.181, webStorageEnabled: true}
Session ID: edd0593b026073f87e832d79752ad818)

2018-06-09 16:08:29 - [TEST_STEP][FAILED] - setText: Unable to set text '10' of object 'Object Repository/DispensaryToStore/Page_Store/input_txtqty' (Root cause: org.openqa.selenium.WebDriverException: unknown error: cannot focus element
  (Session info: chrome=66.0.3359.181)
  (Driver info: chromedriver=2.35.528161 (5b82f2d2aae0ca24b877009200ced9065a772e73),platform=Windows NT 10.0.17134 x86_64) (WARNING: The server did not provide any stacktrace information)
Command duration or timeout: 0 milliseconds
Build info: version: '3.7.1', revision: '8a0099a', time: '2017-11-06T21:07:36.161Z'
System info: host: 'DESKTOP-BLFTK83', ip: '169.254.189.85', os.name: 'Windows 10', os.arch: 'amd64', os.version: '10.0', java.version: '1.8.0_102'
Driver info: com.kms.katalon.selenium.driver.CChromeDriver
Capabilities {acceptInsecureCerts: false, acceptSslCerts: false, applicationCacheEnabled: false, browserConnectionEnabled: false, browserName: chrome, chrome: {chromedriverVersion: 2.35.528161 (5b82f2d2aae0ca..., userDataDir: C:\Users\QUALIT~1\AppData\L...}, cssSelectorsEnabled: true, databaseEnabled: false, handlesAlerts: true, hasTouchScreen: false, javascriptEnabled: true, locationContextEnabled: true, mobileEmulationEnabled: false, nativeEvents: true, networkConnectionEnabled: false, pageLoadStrategy: normal, platform: XP, platformName: XP, rotatable: false, setWindowRect: true, takesHeapSnapshot: true, takesScreenshot: true, unexpectedAlertBehaviour: , unhandledPromptBehavior: , version: 66.0.3359.181, webStorageEnabled: true}
Session ID: edd0593b026073f87e832d79752ad818)

2018-06-09 16:08:30 - [MESSAGE][FAILED] - Unable to set text '10' of object 'Object Repository/DispensaryToStore/Page_Store/input_txtqty' (Root cause: org.openqa.selenium.WebDriverException: unknown error: cannot focus element
  (Session info: chrome=66.0.3359.181)
  (Driver info: chromedriver=2.35.528161 (5b82f2d2aae0ca24b877009200ced9065a772e73),platform=Windows NT 10.0.17134 x86_64) (WARNING: The server did not provide any stacktrace information)
Command duration or timeout: 0 milliseconds
Build info: version: '3.7.1', revision: '8a0099a', time: '2017-11-06T21:07:36.161Z'
System info: host: 'DESKTOP-BLFTK83', ip: '169.254.189.85', os.name: 'Windows 10', os.arch: 'amd64', os.version: '10.0', java.version: '1.8.0_102'
Driver info: com.kms.katalon.selenium.driver.CChromeDriver
Capabilities {acceptInsecureCerts: false, acceptSslCerts: false, applicationCacheEnabled: false, browserConnectionEnabled: false, browserName: chrome, chrome: {chromedriverVersion: 2.35.528161 (5b82f2d2aae0ca..., userDataDir: C:\Users\QUALIT~1\AppData\L...}, cssSelectorsEnabled: true, databaseEnabled: false, handlesAlerts: true, hasTouchScreen: false, javascriptEnabled: true, locationContextEnabled: true, mobileEmulationEnabled: false, nativeEvents: true, networkConnectionEnabled: false, pageLoadStrategy: normal, platform: XP, platformName: XP, rotatable: false, setWindowRect: true, takesHeapSnapshot: true, takesScreenshot: true, unexpectedAlertBehaviour: , unhandledPromptBehavior: , version: 66.0.3359.181, webStorageEnabled: true}
Session ID: edd0593b026073f87e832d79752ad818)
[[ATTACHMENT|C:\\Users\\Quality Analyst\\Katalon Studio\\ds\\Reports\\Dispensary_Store_Suite\\20180609_155125\\1528540710047.png]]

2018-06-09 16:08:30 - [TEST_STEP][PASSED] - Statement - Catch (Exception e): null

2018-06-09 16:08:30 - [TEST_STEP][PASSED] - click: Object: 'Object Repository/DispensaryToStore/Page_Store/button_OK' is clicked on

2018-06-09 16:08:30 - [MESSAGE][PASSED] - Object: 'Object Repository/DispensaryToStore/Page_Store/button_OK' is clicked on

2018-06-09 16:08:30 - [TEST_STEP][PASSED] - Statement - <not implemented yet for class: org.codehaus.groovy.ast.stmt.ContinueStatement>: null

2018-06-09 16:08:30 - [TEST_STEP][PASSED] - selectOptionByIndex: All options with index in [2] are selected on object 'Object Repository/DispensaryToStore/Page_Store/select_--Select--BA1170BA2376B'

2018-06-09 16:08:30 - [MESSAGE][PASSED] - All options with index in [2] are selected on object 'Object Repository/DispensaryToStore/Page_Store/select_--Select--BA1170BA2376B'

2018-06-09 16:08:30 - [TEST_STEP][PASSED] - Statement - Try: null

2018-06-09 16:08:30 - [TEST_STEP][PASSED] - Statement - StockQty = com.kms.katalon.core.webui.keyword.WebUiBuiltInKeywords.getAttribute(com.kms.katalon.core.testobject.ObjectRepository.findTestObject(DispensaryToStore/Page_Store/input_txtprice), "value"): Attribute 'value' of object 'Object Repository/DispensaryToStore/Page_Store/input_txtprice' is: '359'

2018-06-09 16:08:30 - [MESSAGE][PASSED] - Attribute 'value' of object 'Object Repository/DispensaryToStore/Page_Store/input_txtprice' is: '359'

2018-06-09 16:08:30 - [TEST_STEP][PASSED] - Statement - out.println("Stock QTY : " + StockQty): null

2018-06-09 16:08:30 - [TEST_STEP][PASSED] - delay: Delayed 2 second(s)

2018-06-09 16:08:32 - [MESSAGE][PASSED] - Delayed 2 second(s)

2018-06-09 16:08:32 - [TEST_STEP][PASSED] - Statement - If (java.lang.String.valueOf(StockQty) >= java.lang.String.valueOf(RequestedQty)): null

2018-06-09 16:08:32 - [TEST_STEP][PASSED] - setText: Text '10' is set on object 'Object Repository/DispensaryToStore/Page_Store/input_txtqty'

2018-06-09 16:08:32 - [MESSAGE][PASSED] - Text '10' is set on object 'Object Repository/DispensaryToStore/Page_Store/input_txtqty'

2018-06-09 16:08:32 - [TEST_STEP][PASSED] - click: Object: 'Object Repository/DispensaryToStore/Page_Store/button_Add' is clicked on

2018-06-09 16:08:32 - [MESSAGE][PASSED] - Object: 'Object Repository/DispensaryToStore/Page_Store/button_Add' is clicked on

2018-06-09 16:08:32 - [TEST_STEP][PASSED] - Statement - Break: null

2018-06-09 16:08:32 - [TEST_STEP][PASSED] - selectOptionByIndex: All options with index in [9] are selected on object 'Object Repository/DispensaryToStore/Page_Store/select_--Select--Adernaline 0.'

2018-06-09 16:08:33 - [MESSAGE][PASSED] - All options with index in [9] are selected on object 'Object Repository/DispensaryToStore/Page_Store/select_--Select--Adernaline 0.'

2018-06-09 16:08:33 - [TEST_STEP][PASSED] - delay: Delayed 2 second(s)

2018-06-09 16:08:35 - [MESSAGE][PASSED] - Delayed 2 second(s)

2018-06-09 16:08:35 - [TEST_STEP][PASSED] - Statement - RequestedQty = com.kms.katalon.core.webui.keyword.WebUiBuiltInKeywords.getAttribute(com.kms.katalon.core.testobject.ObjectRepository.findTestObject(DispensaryToStore/Page_Store/input_txttotal), "value"): Attribute 'value' of object 'Object Repository/DispensaryToStore/Page_Store/input_txttotal' is: '10'

2018-06-09 16:08:35 - [MESSAGE][PASSED] - Attribute 'value' of object 'Object Repository/DispensaryToStore/Page_Store/input_txttotal' is: '10'

2018-06-09 16:08:35 - [TEST_STEP][PASSED] - Statement - out.println("Requested QTY : " + RequestedQty): null

2018-06-09 16:08:35 - [TEST_STEP][PASSED] - Statement - BatchNumber = com.kms.katalon.core.webui.keyword.WebUiBuiltInKeywords.getNumberOfTotalOption(com.kms.katalon.core.testobject.ObjectRepository.findTestObject(DispensaryToStore/Page_Store/select_--Select--BA1170BA2376B)): 3 options of object 'Object Repository/DispensaryToStore/Page_Store/select_--Select--BA1170BA2376B' counted

2018-06-09 16:08:35 - [MESSAGE][PASSED] - 3 options of object 'Object Repository/DispensaryToStore/Page_Store/select_--Select--BA1170BA2376B' counted

2018-06-09 16:08:35 - [TEST_STEP][PASSED] - Statement - For ([g = 1, g <= BatchNumber - 1, (g++)]): null

2018-06-09 16:08:35 - [TEST_STEP][PASSED] - selectOptionByIndex: All options with index in [1] are selected on object 'Object Repository/DispensaryToStore/Page_Store/select_--Select--BA1170BA2376B'

2018-06-09 16:08:35 - [MESSAGE][PASSED] - All options with index in [1] are selected on object 'Object Repository/DispensaryToStore/Page_Store/select_--Select--BA1170BA2376B'

2018-06-09 16:08:35 - [TEST_STEP][PASSED] - Statement - Try: null

2018-06-09 16:08:35 - [TEST_STEP][PASSED] - Statement - StockQty = com.kms.katalon.core.webui.keyword.WebUiBuiltInKeywords.getAttribute(com.kms.katalon.core.testobject.ObjectRepository.findTestObject(DispensaryToStore/Page_Store/input_txtprice), "value"): Attribute 'value' of object 'Object Repository/DispensaryToStore/Page_Store/input_txtprice' is: '979'

2018-06-09 16:08:35 - [MESSAGE][PASSED] - Attribute 'value' of object 'Object Repository/DispensaryToStore/Page_Store/input_txtprice' is: '979'

2018-06-09 16:08:35 - [TEST_STEP][PASSED] - Statement - out.println("Stock QTY : " + StockQty): null

2018-06-09 16:08:35 - [TEST_STEP][PASSED] - delay: Delayed 2 second(s)

2018-06-09 16:08:37 - [MESSAGE][PASSED] - Delayed 2 second(s)

2018-06-09 16:08:37 - [TEST_STEP][PASSED] - Statement - If (java.lang.String.valueOf(StockQty) >= java.lang.String.valueOf(RequestedQty)): null

2018-06-09 16:08:37 - [TEST_STEP][PASSED] - setText: Text '10' is set on object 'Object Repository/DispensaryToStore/Page_Store/input_txtqty'

2018-06-09 16:08:37 - [MESSAGE][PASSED] - Text '10' is set on object 'Object Repository/DispensaryToStore/Page_Store/input_txtqty'

2018-06-09 16:08:37 - [TEST_STEP][PASSED] - click: Object: 'Object Repository/DispensaryToStore/Page_Store/button_Add' is clicked on

2018-06-09 16:08:37 - [MESSAGE][PASSED] - Object: 'Object Repository/DispensaryToStore/Page_Store/button_Add' is clicked on

2018-06-09 16:08:37 - [TEST_STEP][PASSED] - Statement - Break: null

2018-06-09 16:08:37 - [TEST_STEP][PASSED] - selectOptionByIndex: All options with index in [10] are selected on object 'Object Repository/DispensaryToStore/Page_Store/select_--Select--Adernaline 0.'

2018-06-09 16:08:37 - [MESSAGE][PASSED] - All options with index in [10] are selected on object 'Object Repository/DispensaryToStore/Page_Store/select_--Select--Adernaline 0.'

2018-06-09 16:08:37 - [TEST_STEP][PASSED] - delay: Delayed 2 second(s)

2018-06-09 16:08:39 - [MESSAGE][PASSED] - Delayed 2 second(s)

2018-06-09 16:08:39 - [TEST_STEP][PASSED] - Statement - RequestedQty = com.kms.katalon.core.webui.keyword.WebUiBuiltInKeywords.getAttribute(com.kms.katalon.core.testobject.ObjectRepository.findTestObject(DispensaryToStore/Page_Store/input_txttotal), "value"): Attribute 'value' of object 'Object Repository/DispensaryToStore/Page_Store/input_txttotal' is: '10'

2018-06-09 16:08:39 - [MESSAGE][PASSED] - Attribute 'value' of object 'Object Repository/DispensaryToStore/Page_Store/input_txttotal' is: '10'

2018-06-09 16:08:39 - [TEST_STEP][PASSED] - Statement - out.println("Requested QTY : " + RequestedQty): null

2018-06-09 16:08:39 - [TEST_STEP][PASSED] - Statement - BatchNumber = com.kms.katalon.core.webui.keyword.WebUiBuiltInKeywords.getNumberOfTotalOption(com.kms.katalon.core.testobject.ObjectRepository.findTestObject(DispensaryToStore/Page_Store/select_--Select--BA1170BA2376B)): 3 options of object 'Object Repository/DispensaryToStore/Page_Store/select_--Select--BA1170BA2376B' counted

2018-06-09 16:08:39 - [MESSAGE][PASSED] - 3 options of object 'Object Repository/DispensaryToStore/Page_Store/select_--Select--BA1170BA2376B' counted

2018-06-09 16:08:39 - [TEST_STEP][PASSED] - Statement - For ([g = 1, g <= BatchNumber - 1, (g++)]): null

2018-06-09 16:08:39 - [TEST_STEP][PASSED] - selectOptionByIndex: All options with index in [1] are selected on object 'Object Repository/DispensaryToStore/Page_Store/select_--Select--BA1170BA2376B'

2018-06-09 16:08:39 - [MESSAGE][PASSED] - All options with index in [1] are selected on object 'Object Repository/DispensaryToStore/Page_Store/select_--Select--BA1170BA2376B'

2018-06-09 16:08:39 - [TEST_STEP][PASSED] - Statement - Try: null

2018-06-09 16:08:39 - [TEST_STEP][PASSED] - Statement - StockQty = com.kms.katalon.core.webui.keyword.WebUiBuiltInKeywords.getAttribute(com.kms.katalon.core.testobject.ObjectRepository.findTestObject(DispensaryToStore/Page_Store/input_txtprice), "value"): Attribute 'value' of object 'Object Repository/DispensaryToStore/Page_Store/input_txtprice' is: '1645'

2018-06-09 16:08:39 - [MESSAGE][PASSED] - Attribute 'value' of object 'Object Repository/DispensaryToStore/Page_Store/input_txtprice' is: '1645'

2018-06-09 16:08:39 - [TEST_STEP][PASSED] - Statement - out.println("Stock QTY : " + StockQty): null

2018-06-09 16:08:39 - [TEST_STEP][PASSED] - delay: Delayed 2 second(s)

2018-06-09 16:08:41 - [MESSAGE][PASSED] - Delayed 2 second(s)

2018-06-09 16:08:41 - [TEST_STEP][PASSED] - Statement - If (java.lang.String.valueOf(StockQty) >= java.lang.String.valueOf(RequestedQty)): null

2018-06-09 16:08:41 - [TEST_STEP][PASSED] - setText: Text '10' is set on object 'Object Repository/DispensaryToStore/Page_Store/input_txtqty'

2018-06-09 16:08:42 - [MESSAGE][PASSED] - Text '10' is set on object 'Object Repository/DispensaryToStore/Page_Store/input_txtqty'

2018-06-09 16:08:42 - [TEST_STEP][PASSED] - click: Object: 'Object Repository/DispensaryToStore/Page_Store/button_Add' is clicked on

2018-06-09 16:08:42 - [MESSAGE][PASSED] - Object: 'Object Repository/DispensaryToStore/Page_Store/button_Add' is clicked on

2018-06-09 16:08:42 - [TEST_STEP][PASSED] - Statement - Break: null

2018-06-09 16:08:42 - [TEST_STEP][PASSED] - selectOptionByIndex: All options with index in [11] are selected on object 'Object Repository/DispensaryToStore/Page_Store/select_--Select--Adernaline 0.'

2018-06-09 16:08:42 - [MESSAGE][PASSED] - All options with index in [11] are selected on object 'Object Repository/DispensaryToStore/Page_Store/select_--Select--Adernaline 0.'

2018-06-09 16:08:42 - [TEST_STEP][PASSED] - delay: Delayed 2 second(s)

2018-06-09 16:08:44 - [MESSAGE][PASSED] - Delayed 2 second(s)

2018-06-09 16:08:44 - [TEST_STEP][PASSED] - Statement - RequestedQty = com.kms.katalon.core.webui.keyword.WebUiBuiltInKeywords.getAttribute(com.kms.katalon.core.testobject.ObjectRepository.findTestObject(DispensaryToStore/Page_Store/input_txttotal), "value"): Attribute 'value' of object 'Object Repository/DispensaryToStore/Page_Store/input_txttotal' is: '10'

2018-06-09 16:08:44 - [MESSAGE][PASSED] - Attribute 'value' of object 'Object Repository/DispensaryToStore/Page_Store/input_txttotal' is: '10'

2018-06-09 16:08:44 - [TEST_STEP][PASSED] - Statement - out.println("Requested QTY : " + RequestedQty): null

2018-06-09 16:08:44 - [TEST_STEP][PASSED] - Statement - BatchNumber = com.kms.katalon.core.webui.keyword.WebUiBuiltInKeywords.getNumberOfTotalOption(com.kms.katalon.core.testobject.ObjectRepository.findTestObject(DispensaryToStore/Page_Store/select_--Select--BA1170BA2376B)): 3 options of object 'Object Repository/DispensaryToStore/Page_Store/select_--Select--BA1170BA2376B' counted

2018-06-09 16:08:44 - [MESSAGE][PASSED] - 3 options of object 'Object Repository/DispensaryToStore/Page_Store/select_--Select--BA1170BA2376B' counted

2018-06-09 16:08:44 - [TEST_STEP][PASSED] - Statement - For ([g = 1, g <= BatchNumber - 1, (g++)]): null

2018-06-09 16:08:44 - [TEST_STEP][PASSED] - selectOptionByIndex: All options with index in [1] are selected on object 'Object Repository/DispensaryToStore/Page_Store/select_--Select--BA1170BA2376B'

2018-06-09 16:08:44 - [MESSAGE][PASSED] - All options with index in [1] are selected on object 'Object Repository/DispensaryToStore/Page_Store/select_--Select--BA1170BA2376B'

2018-06-09 16:08:44 - [TEST_STEP][PASSED] - Statement - Try: null

2018-06-09 16:08:44 - [TEST_STEP][PASSED] - Statement - StockQty = com.kms.katalon.core.webui.keyword.WebUiBuiltInKeywords.getAttribute(com.kms.katalon.core.testobject.ObjectRepository.findTestObject(DispensaryToStore/Page_Store/input_txtprice), "value"): Attribute 'value' of object 'Object Repository/DispensaryToStore/Page_Store/input_txtprice' is: '1461'

2018-06-09 16:08:44 - [MESSAGE][PASSED] - Attribute 'value' of object 'Object Repository/DispensaryToStore/Page_Store/input_txtprice' is: '1461'

2018-06-09 16:08:44 - [TEST_STEP][PASSED] - Statement - out.println("Stock QTY : " + StockQty): null

2018-06-09 16:08:44 - [TEST_STEP][PASSED] - delay: Delayed 2 second(s)

2018-06-09 16:08:46 - [MESSAGE][PASSED] - Delayed 2 second(s)

2018-06-09 16:08:46 - [TEST_STEP][PASSED] - Statement - If (java.lang.String.valueOf(StockQty) >= java.lang.String.valueOf(RequestedQty)): null

2018-06-09 16:08:46 - [TEST_STEP][PASSED] - setText: Text '10' is set on object 'Object Repository/DispensaryToStore/Page_Store/input_txtqty'

2018-06-09 16:08:46 - [MESSAGE][PASSED] - Text '10' is set on object 'Object Repository/DispensaryToStore/Page_Store/input_txtqty'

2018-06-09 16:08:46 - [TEST_STEP][PASSED] - click: Object: 'Object Repository/DispensaryToStore/Page_Store/button_Add' is clicked on

2018-06-09 16:08:46 - [MESSAGE][PASSED] - Object: 'Object Repository/DispensaryToStore/Page_Store/button_Add' is clicked on

2018-06-09 16:08:46 - [TEST_STEP][PASSED] - Statement - Break: null

2018-06-09 16:08:46 - [TEST_STEP][PASSED] - selectOptionByIndex: All options with index in [12] are selected on object 'Object Repository/DispensaryToStore/Page_Store/select_--Select--Adernaline 0.'

2018-06-09 16:08:47 - [MESSAGE][PASSED] - All options with index in [12] are selected on object 'Object Repository/DispensaryToStore/Page_Store/select_--Select--Adernaline 0.'

2018-06-09 16:08:47 - [TEST_STEP][PASSED] - delay: Delayed 2 second(s)

2018-06-09 16:08:49 - [MESSAGE][PASSED] - Delayed 2 second(s)

2018-06-09 16:08:49 - [TEST_STEP][PASSED] - Statement - RequestedQty = com.kms.katalon.core.webui.keyword.WebUiBuiltInKeywords.getAttribute(com.kms.katalon.core.testobject.ObjectRepository.findTestObject(DispensaryToStore/Page_Store/input_txttotal), "value"): Attribute 'value' of object 'Object Repository/DispensaryToStore/Page_Store/input_txttotal' is: '10'

2018-06-09 16:08:49 - [MESSAGE][PASSED] - Attribute 'value' of object 'Object Repository/DispensaryToStore/Page_Store/input_txttotal' is: '10'

2018-06-09 16:08:49 - [TEST_STEP][PASSED] - Statement - out.println("Requested QTY : " + RequestedQty): null

2018-06-09 16:08:49 - [TEST_STEP][PASSED] - Statement - BatchNumber = com.kms.katalon.core.webui.keyword.WebUiBuiltInKeywords.getNumberOfTotalOption(com.kms.katalon.core.testobject.ObjectRepository.findTestObject(DispensaryToStore/Page_Store/select_--Select--BA1170BA2376B)): 3 options of object 'Object Repository/DispensaryToStore/Page_Store/select_--Select--BA1170BA2376B' counted

2018-06-09 16:08:49 - [MESSAGE][PASSED] - 3 options of object 'Object Repository/DispensaryToStore/Page_Store/select_--Select--BA1170BA2376B' counted

2018-06-09 16:08:49 - [TEST_STEP][PASSED] - Statement - For ([g = 1, g <= BatchNumber - 1, (g++)]): null

2018-06-09 16:08:49 - [TEST_STEP][PASSED] - selectOptionByIndex: All options with index in [1] are selected on object 'Object Repository/DispensaryToStore/Page_Store/select_--Select--BA1170BA2376B'

2018-06-09 16:08:49 - [MESSAGE][PASSED] - All options with index in [1] are selected on object 'Object Repository/DispensaryToStore/Page_Store/select_--Select--BA1170BA2376B'

2018-06-09 16:08:49 - [TEST_STEP][PASSED] - Statement - Try: null

2018-06-09 16:08:49 - [TEST_STEP][PASSED] - Statement - StockQty = com.kms.katalon.core.webui.keyword.WebUiBuiltInKeywords.getAttribute(com.kms.katalon.core.testobject.ObjectRepository.findTestObject(DispensaryToStore/Page_Store/input_txtprice), "value"): Attribute 'value' of object 'Object Repository/DispensaryToStore/Page_Store/input_txtprice' is: ''

2018-06-09 16:08:49 - [MESSAGE][PASSED] - Attribute 'value' of object 'Object Repository/DispensaryToStore/Page_Store/input_txtprice' is: ''

2018-06-09 16:08:49 - [TEST_STEP][PASSED] - Statement - out.println("Stock QTY : " + StockQty): null

2018-06-09 16:08:49 - [TEST_STEP][PASSED] - delay: Delayed 2 second(s)

2018-06-09 16:08:51 - [MESSAGE][PASSED] - Delayed 2 second(s)

2018-06-09 16:08:51 - [TEST_STEP][PASSED] - Statement - If (java.lang.String.valueOf(StockQty) >= java.lang.String.valueOf(RequestedQty)): null

2018-06-09 16:08:51 - [TEST_STEP][PASSED] - Statement - Else: null

2018-06-09 16:08:51 - [TEST_STEP][PASSED] - Statement - out.println("Stock Is Less Than Requested Qty"): null

2018-06-09 16:08:51 - [TEST_STEP][PASSED] - selectOptionByIndex: All options with index in [2] are selected on object 'Object Repository/DispensaryToStore/Page_Store/select_--Select--BA1170BA2376B'

2018-06-09 16:08:51 - [MESSAGE][PASSED] - All options with index in [2] are selected on object 'Object Repository/DispensaryToStore/Page_Store/select_--Select--BA1170BA2376B'

2018-06-09 16:08:51 - [TEST_STEP][PASSED] - Statement - Try: null

2018-06-09 16:08:51 - [TEST_STEP][PASSED] - Statement - StockQty = com.kms.katalon.core.webui.keyword.WebUiBuiltInKeywords.getAttribute(com.kms.katalon.core.testobject.ObjectRepository.findTestObject(DispensaryToStore/Page_Store/input_txtprice), "value"): Attribute 'value' of object 'Object Repository/DispensaryToStore/Page_Store/input_txtprice' is: '900'

2018-06-09 16:08:51 - [MESSAGE][PASSED] - Attribute 'value' of object 'Object Repository/DispensaryToStore/Page_Store/input_txtprice' is: '900'

2018-06-09 16:08:51 - [TEST_STEP][PASSED] - Statement - out.println("Stock QTY : " + StockQty): null

2018-06-09 16:08:51 - [TEST_STEP][PASSED] - delay: Delayed 2 second(s)

2018-06-09 16:08:53 - [MESSAGE][PASSED] - Delayed 2 second(s)

2018-06-09 16:08:53 - [TEST_STEP][PASSED] - Statement - If (java.lang.String.valueOf(StockQty) >= java.lang.String.valueOf(RequestedQty)): null

2018-06-09 16:08:53 - [TEST_STEP][PASSED] - setText: Text '10' is set on object 'Object Repository/DispensaryToStore/Page_Store/input_txtqty'

2018-06-09 16:08:53 - [MESSAGE][PASSED] - Text '10' is set on object 'Object Repository/DispensaryToStore/Page_Store/input_txtqty'

2018-06-09 16:08:53 - [TEST_STEP][PASSED] - click: Object: 'Object Repository/DispensaryToStore/Page_Store/button_Add' is clicked on

2018-06-09 16:08:53 - [MESSAGE][PASSED] - Object: 'Object Repository/DispensaryToStore/Page_Store/button_Add' is clicked on

2018-06-09 16:08:53 - [TEST_STEP][PASSED] - Statement - Break: null

2018-06-09 16:08:53 - [TEST_STEP][PASSED] - selectOptionByIndex: All options with index in [13] are selected on object 'Object Repository/DispensaryToStore/Page_Store/select_--Select--Adernaline 0.'

2018-06-09 16:08:54 - [MESSAGE][PASSED] - All options with index in [13] are selected on object 'Object Repository/DispensaryToStore/Page_Store/select_--Select--Adernaline 0.'

2018-06-09 16:08:54 - [TEST_STEP][PASSED] - delay: Delayed 2 second(s)

2018-06-09 16:08:56 - [MESSAGE][PASSED] - Delayed 2 second(s)

2018-06-09 16:08:56 - [TEST_STEP][PASSED] - Statement - RequestedQty = com.kms.katalon.core.webui.keyword.WebUiBuiltInKeywords.getAttribute(com.kms.katalon.core.testobject.ObjectRepository.findTestObject(DispensaryToStore/Page_Store/input_txttotal), "value"): Attribute 'value' of object 'Object Repository/DispensaryToStore/Page_Store/input_txttotal' is: '10'

2018-06-09 16:08:56 - [MESSAGE][PASSED] - Attribute 'value' of object 'Object Repository/DispensaryToStore/Page_Store/input_txttotal' is: '10'

2018-06-09 16:08:56 - [TEST_STEP][PASSED] - Statement - out.println("Requested QTY : " + RequestedQty): null

2018-06-09 16:08:56 - [TEST_STEP][PASSED] - Statement - BatchNumber = com.kms.katalon.core.webui.keyword.WebUiBuiltInKeywords.getNumberOfTotalOption(com.kms.katalon.core.testobject.ObjectRepository.findTestObject(DispensaryToStore/Page_Store/select_--Select--BA1170BA2376B)): 3 options of object 'Object Repository/DispensaryToStore/Page_Store/select_--Select--BA1170BA2376B' counted

2018-06-09 16:08:56 - [MESSAGE][PASSED] - 3 options of object 'Object Repository/DispensaryToStore/Page_Store/select_--Select--BA1170BA2376B' counted

2018-06-09 16:08:56 - [TEST_STEP][PASSED] - Statement - For ([g = 1, g <= BatchNumber - 1, (g++)]): null

2018-06-09 16:08:56 - [TEST_STEP][PASSED] - selectOptionByIndex: All options with index in [1] are selected on object 'Object Repository/DispensaryToStore/Page_Store/select_--Select--BA1170BA2376B'

2018-06-09 16:08:56 - [MESSAGE][PASSED] - All options with index in [1] are selected on object 'Object Repository/DispensaryToStore/Page_Store/select_--Select--BA1170BA2376B'

2018-06-09 16:08:56 - [TEST_STEP][PASSED] - Statement - Try: null

2018-06-09 16:08:56 - [TEST_STEP][PASSED] - Statement - StockQty = com.kms.katalon.core.webui.keyword.WebUiBuiltInKeywords.getAttribute(com.kms.katalon.core.testobject.ObjectRepository.findTestObject(DispensaryToStore/Page_Store/input_txtprice), "value"): Attribute 'value' of object 'Object Repository/DispensaryToStore/Page_Store/input_txtprice' is: '580'

2018-06-09 16:08:56 - [MESSAGE][PASSED] - Attribute 'value' of object 'Object Repository/DispensaryToStore/Page_Store/input_txtprice' is: '580'

2018-06-09 16:08:56 - [TEST_STEP][PASSED] - Statement - out.println("Stock QTY : " + StockQty): null

2018-06-09 16:08:56 - [TEST_STEP][PASSED] - delay: Delayed 2 second(s)

2018-06-09 16:08:58 - [MESSAGE][PASSED] - Delayed 2 second(s)

2018-06-09 16:08:58 - [TEST_STEP][PASSED] - Statement - If (java.lang.String.valueOf(StockQty) >= java.lang.String.valueOf(RequestedQty)): null

2018-06-09 16:08:58 - [TEST_STEP][PASSED] - setText: Text '10' is set on object 'Object Repository/DispensaryToStore/Page_Store/input_txtqty'

2018-06-09 16:08:58 - [MESSAGE][PASSED] - Text '10' is set on object 'Object Repository/DispensaryToStore/Page_Store/input_txtqty'

2018-06-09 16:08:58 - [TEST_STEP][PASSED] - click: Object: 'Object Repository/DispensaryToStore/Page_Store/button_Add' is clicked on

2018-06-09 16:08:58 - [MESSAGE][PASSED] - Object: 'Object Repository/DispensaryToStore/Page_Store/button_Add' is clicked on

2018-06-09 16:08:58 - [TEST_STEP][PASSED] - Statement - Break: null

2018-06-09 16:08:58 - [TEST_STEP][PASSED] - selectOptionByIndex: All options with index in [14] are selected on object 'Object Repository/DispensaryToStore/Page_Store/select_--Select--Adernaline 0.'

2018-06-09 16:08:58 - [MESSAGE][PASSED] - All options with index in [14] are selected on object 'Object Repository/DispensaryToStore/Page_Store/select_--Select--Adernaline 0.'

2018-06-09 16:08:58 - [TEST_STEP][PASSED] - delay: Delayed 2 second(s)

2018-06-09 16:09:00 - [MESSAGE][PASSED] - Delayed 2 second(s)

2018-06-09 16:09:00 - [TEST_STEP][PASSED] - Statement - RequestedQty = com.kms.katalon.core.webui.keyword.WebUiBuiltInKeywords.getAttribute(com.kms.katalon.core.testobject.ObjectRepository.findTestObject(DispensaryToStore/Page_Store/input_txttotal), "value"): Attribute 'value' of object 'Object Repository/DispensaryToStore/Page_Store/input_txttotal' is: '10'

2018-06-09 16:09:00 - [MESSAGE][PASSED] - Attribute 'value' of object 'Object Repository/DispensaryToStore/Page_Store/input_txttotal' is: '10'

2018-06-09 16:09:00 - [TEST_STEP][PASSED] - Statement - out.println("Requested QTY : " + RequestedQty): null

2018-06-09 16:09:00 - [TEST_STEP][PASSED] - Statement - BatchNumber = com.kms.katalon.core.webui.keyword.WebUiBuiltInKeywords.getNumberOfTotalOption(com.kms.katalon.core.testobject.ObjectRepository.findTestObject(DispensaryToStore/Page_Store/select_--Select--BA1170BA2376B)): 3 options of object 'Object Repository/DispensaryToStore/Page_Store/select_--Select--BA1170BA2376B' counted

2018-06-09 16:09:00 - [MESSAGE][PASSED] - 3 options of object 'Object Repository/DispensaryToStore/Page_Store/select_--Select--BA1170BA2376B' counted

2018-06-09 16:09:00 - [TEST_STEP][PASSED] - Statement - For ([g = 1, g <= BatchNumber - 1, (g++)]): null

2018-06-09 16:09:00 - [TEST_STEP][PASSED] - selectOptionByIndex: All options with index in [1] are selected on object 'Object Repository/DispensaryToStore/Page_Store/select_--Select--BA1170BA2376B'

2018-06-09 16:09:01 - [MESSAGE][PASSED] - All options with index in [1] are selected on object 'Object Repository/DispensaryToStore/Page_Store/select_--Select--BA1170BA2376B'

2018-06-09 16:09:01 - [TEST_STEP][PASSED] - Statement - Try: null

2018-06-09 16:09:01 - [TEST_STEP][PASSED] - Statement - StockQty = com.kms.katalon.core.webui.keyword.WebUiBuiltInKeywords.getAttribute(com.kms.katalon.core.testobject.ObjectRepository.findTestObject(DispensaryToStore/Page_Store/input_txtprice), "value"): Attribute 'value' of object 'Object Repository/DispensaryToStore/Page_Store/input_txtprice' is: '1645'

2018-06-09 16:09:01 - [MESSAGE][PASSED] - Attribute 'value' of object 'Object Repository/DispensaryToStore/Page_Store/input_txtprice' is: '1645'

2018-06-09 16:09:01 - [TEST_STEP][PASSED] - Statement - out.println("Stock QTY : " + StockQty): null

2018-06-09 16:09:01 - [TEST_STEP][PASSED] - delay: Delayed 2 second(s)

2018-06-09 16:09:03 - [MESSAGE][PASSED] - Delayed 2 second(s)

2018-06-09 16:09:03 - [TEST_STEP][PASSED] - Statement - If (java.lang.String.valueOf(StockQty) >= java.lang.String.valueOf(RequestedQty)): null

2018-06-09 16:09:03 - [TEST_STEP][PASSED] - setText: Text '10' is set on object 'Object Repository/DispensaryToStore/Page_Store/input_txtqty'

2018-06-09 16:09:03 - [MESSAGE][PASSED] - Text '10' is set on object 'Object Repository/DispensaryToStore/Page_Store/input_txtqty'

2018-06-09 16:09:03 - [TEST_STEP][PASSED] - click: Object: 'Object Repository/DispensaryToStore/Page_Store/button_Add' is clicked on

2018-06-09 16:09:03 - [MESSAGE][PASSED] - Object: 'Object Repository/DispensaryToStore/Page_Store/button_Add' is clicked on

2018-06-09 16:09:03 - [TEST_STEP][PASSED] - Statement - Break: null

2018-06-09 16:09:03 - [TEST_STEP][PASSED] - selectOptionByIndex: All options with index in [15] are selected on object 'Object Repository/DispensaryToStore/Page_Store/select_--Select--Adernaline 0.'

2018-06-09 16:09:03 - [MESSAGE][PASSED] - All options with index in [15] are selected on object 'Object Repository/DispensaryToStore/Page_Store/select_--Select--Adernaline 0.'

2018-06-09 16:09:03 - [TEST_STEP][PASSED] - delay: Delayed 2 second(s)

2018-06-09 16:09:05 - [MESSAGE][PASSED] - Delayed 2 second(s)

2018-06-09 16:09:05 - [TEST_STEP][PASSED] - Statement - RequestedQty = com.kms.katalon.core.webui.keyword.WebUiBuiltInKeywords.getAttribute(com.kms.katalon.core.testobject.ObjectRepository.findTestObject(DispensaryToStore/Page_Store/input_txttotal), "value"): Attribute 'value' of object 'Object Repository/DispensaryToStore/Page_Store/input_txttotal' is: '10'

2018-06-09 16:09:05 - [MESSAGE][PASSED] - Attribute 'value' of object 'Object Repository/DispensaryToStore/Page_Store/input_txttotal' is: '10'

2018-06-09 16:09:05 - [TEST_STEP][PASSED] - Statement - out.println("Requested QTY : " + RequestedQty): null

2018-06-09 16:09:05 - [TEST_STEP][PASSED] - Statement - BatchNumber = com.kms.katalon.core.webui.keyword.WebUiBuiltInKeywords.getNumberOfTotalOption(com.kms.katalon.core.testobject.ObjectRepository.findTestObject(DispensaryToStore/Page_Store/select_--Select--BA1170BA2376B)): 3 options of object 'Object Repository/DispensaryToStore/Page_Store/select_--Select--BA1170BA2376B' counted

2018-06-09 16:09:05 - [MESSAGE][PASSED] - 3 options of object 'Object Repository/DispensaryToStore/Page_Store/select_--Select--BA1170BA2376B' counted

2018-06-09 16:09:05 - [TEST_STEP][PASSED] - Statement - For ([g = 1, g <= BatchNumber - 1, (g++)]): null

2018-06-09 16:09:05 - [TEST_STEP][PASSED] - selectOptionByIndex: All options with index in [1] are selected on object 'Object Repository/DispensaryToStore/Page_Store/select_--Select--BA1170BA2376B'

2018-06-09 16:09:05 - [MESSAGE][PASSED] - All options with index in [1] are selected on object 'Object Repository/DispensaryToStore/Page_Store/select_--Select--BA1170BA2376B'

2018-06-09 16:09:05 - [TEST_STEP][PASSED] - Statement - Try: null

2018-06-09 16:09:05 - [TEST_STEP][PASSED] - Statement - StockQty = com.kms.katalon.core.webui.keyword.WebUiBuiltInKeywords.getAttribute(com.kms.katalon.core.testobject.ObjectRepository.findTestObject(DispensaryToStore/Page_Store/input_txtprice), "value"): Attribute 'value' of object 'Object Repository/DispensaryToStore/Page_Store/input_txtprice' is: '1635'

2018-06-09 16:09:05 - [MESSAGE][PASSED] - Attribute 'value' of object 'Object Repository/DispensaryToStore/Page_Store/input_txtprice' is: '1635'

2018-06-09 16:09:05 - [TEST_STEP][PASSED] - Statement - out.println("Stock QTY : " + StockQty): null

2018-06-09 16:09:05 - [TEST_STEP][PASSED] - delay: Delayed 2 second(s)

2018-06-09 16:09:07 - [MESSAGE][PASSED] - Delayed 2 second(s)

2018-06-09 16:09:07 - [TEST_STEP][PASSED] - Statement - If (java.lang.String.valueOf(StockQty) >= java.lang.String.valueOf(RequestedQty)): null

2018-06-09 16:09:07 - [TEST_STEP][PASSED] - setText: Text '10' is set on object 'Object Repository/DispensaryToStore/Page_Store/input_txtqty'

2018-06-09 16:09:07 - [MESSAGE][PASSED] - Text '10' is set on object 'Object Repository/DispensaryToStore/Page_Store/input_txtqty'

2018-06-09 16:09:07 - [TEST_STEP][PASSED] - click: Object: 'Object Repository/DispensaryToStore/Page_Store/button_Add' is clicked on

2018-06-09 16:09:07 - [MESSAGE][PASSED] - Object: 'Object Repository/DispensaryToStore/Page_Store/button_Add' is clicked on

2018-06-09 16:09:07 - [TEST_STEP][PASSED] - Statement - Break: null

2018-06-09 16:09:07 - [TEST_STEP][PASSED] - selectOptionByIndex: All options with index in [16] are selected on object 'Object Repository/DispensaryToStore/Page_Store/select_--Select--Adernaline 0.'

2018-06-09 16:09:08 - [MESSAGE][PASSED] - All options with index in [16] are selected on object 'Object Repository/DispensaryToStore/Page_Store/select_--Select--Adernaline 0.'

2018-06-09 16:09:08 - [TEST_STEP][PASSED] - delay: Delayed 2 second(s)

2018-06-09 16:09:10 - [MESSAGE][PASSED] - Delayed 2 second(s)

2018-06-09 16:09:10 - [TEST_STEP][PASSED] - Statement - RequestedQty = com.kms.katalon.core.webui.keyword.WebUiBuiltInKeywords.getAttribute(com.kms.katalon.core.testobject.ObjectRepository.findTestObject(DispensaryToStore/Page_Store/input_txttotal), "value"): Attribute 'value' of object 'Object Repository/DispensaryToStore/Page_Store/input_txttotal' is: '10'

2018-06-09 16:09:10 - [MESSAGE][PASSED] - Attribute 'value' of object 'Object Repository/DispensaryToStore/Page_Store/input_txttotal' is: '10'

2018-06-09 16:09:10 - [TEST_STEP][PASSED] - Statement - out.println("Requested QTY : " + RequestedQty): null

2018-06-09 16:09:10 - [TEST_STEP][PASSED] - Statement - BatchNumber = com.kms.katalon.core.webui.keyword.WebUiBuiltInKeywords.getNumberOfTotalOption(com.kms.katalon.core.testobject.ObjectRepository.findTestObject(DispensaryToStore/Page_Store/select_--Select--BA1170BA2376B)): 2 options of object 'Object Repository/DispensaryToStore/Page_Store/select_--Select--BA1170BA2376B' counted

2018-06-09 16:09:10 - [MESSAGE][PASSED] - 2 options of object 'Object Repository/DispensaryToStore/Page_Store/select_--Select--BA1170BA2376B' counted

2018-06-09 16:09:10 - [TEST_STEP][PASSED] - Statement - For ([g = 1, g <= BatchNumber - 1, (g++)]): null

2018-06-09 16:09:10 - [TEST_STEP][PASSED] - selectOptionByIndex: All options with index in [1] are selected on object 'Object Repository/DispensaryToStore/Page_Store/select_--Select--BA1170BA2376B'

2018-06-09 16:09:10 - [MESSAGE][PASSED] - All options with index in [1] are selected on object 'Object Repository/DispensaryToStore/Page_Store/select_--Select--BA1170BA2376B'

2018-06-09 16:09:10 - [TEST_STEP][PASSED] - Statement - Try: null

2018-06-09 16:09:10 - [TEST_STEP][PASSED] - Statement - StockQty = com.kms.katalon.core.webui.keyword.WebUiBuiltInKeywords.getAttribute(com.kms.katalon.core.testobject.ObjectRepository.findTestObject(DispensaryToStore/Page_Store/input_txtprice), "value"): Attribute 'value' of object 'Object Repository/DispensaryToStore/Page_Store/input_txtprice' is: ''

2018-06-09 16:09:10 - [MESSAGE][PASSED] - Attribute 'value' of object 'Object Repository/DispensaryToStore/Page_Store/input_txtprice' is: ''

2018-06-09 16:09:10 - [TEST_STEP][PASSED] - Statement - out.println("Stock QTY : " + StockQty): null

2018-06-09 16:09:10 - [TEST_STEP][PASSED] - delay: Delayed 2 second(s)

2018-06-09 16:09:12 - [MESSAGE][PASSED] - Delayed 2 second(s)

2018-06-09 16:09:12 - [TEST_STEP][PASSED] - Statement - If (java.lang.String.valueOf(StockQty) >= java.lang.String.valueOf(RequestedQty)): null

2018-06-09 16:09:12 - [TEST_STEP][PASSED] - Statement - Else: null

2018-06-09 16:09:12 - [TEST_STEP][PASSED] - Statement - out.println("Stock Is Less Than Requested Qty"): null

2018-06-09 16:09:12 - [TEST_STEP][PASSED] - scrollToElement: Scroll to object 'Object Repository/DispensaryToStore/Page_Store/input_btnSubmit' successfully

2018-06-09 16:09:12 - [MESSAGE][PASSED] - Scroll to object 'Object Repository/DispensaryToStore/Page_Store/input_btnSubmit' successfully

2018-06-09 16:09:12 - [TEST_STEP][PASSED] - click: Object: 'Object Repository/DispensaryToStore/Page_Store/input_btnSubmit' is clicked on

2018-06-09 16:09:12 - [MESSAGE][PASSED] - Object: 'Object Repository/DispensaryToStore/Page_Store/input_btnSubmit' is clicked on

2018-06-09 16:09:12 - [TEST_STEP][PASSED] - delay: Delayed 3 second(s)

2018-06-09 16:09:15 - [MESSAGE][PASSED] - Delayed 3 second(s)

2018-06-09 16:09:15 - [TEST_STEP][PASSED] - click: Object: 'Object Repository/DispensaryToStore/Page_Store/button_OK' is clicked on

2018-06-09 16:09:16 - [MESSAGE][PASSED] - Object: 'Object Repository/DispensaryToStore/Page_Store/button_OK' is clicked on

2018-06-09 16:09:16 - [TEST_STEP][PASSED] - delay: Delayed 3 second(s)

2018-06-09 16:09:19 - [MESSAGE][PASSED] - Delayed 3 second(s)

2018-06-09 16:09:19 - [TEST_STEP][PASSED] - waitForElementPresent: Object 'Object Repository/DispensaryToStore/Page_Dispensary Store/a_dropdown-toggle' is present

2018-06-09 16:09:19 - [MESSAGE][PASSED] - Object 'Object Repository/DispensaryToStore/Page_Dispensary Store/a_dropdown-toggle' is present

2018-06-09 16:09:19 - [TEST_STEP][PASSED] - click: Object: 'Object Repository/DispensaryToStore/Page_Store/a_dropdown-toggle' is clicked on

2018-06-09 16:09:19 - [MESSAGE][PASSED] - Object: 'Object Repository/DispensaryToStore/Page_Store/a_dropdown-toggle' is clicked on

2018-06-09 16:09:19 - [TEST_STEP][PASSED] - click: Object: 'Object Repository/DispensaryToStore/Page_Store/a_Sign out' is clicked on

2018-06-09 16:09:20 - [MESSAGE][PASSED] - Object: 'Object Repository/DispensaryToStore/Page_Store/a_Sign out' is clicked on

2018-06-09 16:09:20 - [TEST_STEP][PASSED] - closeBrowser: Browser is closed

2018-06-09 16:09:21 - [MESSAGE][PASSED] - Browser is closed]]></system-out>
         <system-err><![CDATA[]]></system-err>
      </testcase>
      <testcase name="Test Cases/DISPENSARY TEST CASES/TC_DP_006 Verify Schedule 6 Dispensary Request Are Working Successfully Or Not" classname="Test Cases/DISPENSARY TEST CASES/TC_DP_006 Verify Schedule 6 Dispensary Request Are Working Successfully Or Not" status="PASSED">
         <system-out><![CDATA[2018-06-09 16:09:21 - [TEST_CASE][PASSED] - Test Cases/DISPENSARY TEST CASES/TC_DP_006 Verify Schedule 6 Dispensary Request Are Working Successfully Or Not: Test Cases/DISPENSARY TEST CASES/TC_DP_006 Verify Schedule 6 Dispensary Request Are Working Successfully Or Not

2018-06-09 16:09:21 - [TEST_STEP][PASSED] - openBrowser: Browser is opened with url: ''

2018-06-09 16:09:23 - [MESSAGE][PASSED] - Browser is opened with url: ''

2018-06-09 16:09:23 - [TEST_STEP][PASSED] - navigateToUrl: Navigate to 'http://192.168.137.1/multihospital_new/HDSplashscreen.aspx' successfully

2018-06-09 16:09:25 - [MESSAGE][PASSED] - Navigate to 'http://192.168.137.1/multihospital_new/HDSplashscreen.aspx' successfully

2018-06-09 16:09:25 - [TEST_STEP][PASSED] - maximizeWindow: Current window maximized

2018-06-09 16:09:26 - [MESSAGE][PASSED] - Current window maximized

2018-06-09 16:09:26 - [TEST_STEP][PASSED] - click: Object: 'Object Repository/DispensaryToStore/Page_KDMC/a_Dispensary Store' is clicked on

2018-06-09 16:09:27 - [MESSAGE][PASSED] - Object: 'Object Repository/DispensaryToStore/Page_KDMC/a_Dispensary Store' is clicked on

2018-06-09 16:09:27 - [TEST_STEP][PASSED] - setText: Text 'rajaram' is set on object 'Object Repository/DispensaryToStore/Page_Dispensary Store Login/input_txtusername'

2018-06-09 16:09:27 - [MESSAGE][PASSED] - Text 'rajaram' is set on object 'Object Repository/DispensaryToStore/Page_Dispensary Store Login/input_txtusername'

2018-06-09 16:09:27 - [TEST_STEP][PASSED] - setText: Text '123' is set on object 'Object Repository/DispensaryToStore/Page_Dispensary Store Login/input_txtpassword'

2018-06-09 16:09:27 - [MESSAGE][PASSED] - Text '123' is set on object 'Object Repository/DispensaryToStore/Page_Dispensary Store Login/input_txtpassword'

2018-06-09 16:09:27 - [TEST_STEP][PASSED] - delay: Delayed 3 second(s)

2018-06-09 16:09:30 - [MESSAGE][PASSED] - Delayed 3 second(s)

2018-06-09 16:09:30 - [TEST_STEP][PASSED] - sendKeys: Keys 'ENTER + ' sent to object: 'Object Repository/DispensaryToStore/Page_Dispensary Store Login/input_txtpassword'

2018-06-09 16:09:31 - [MESSAGE][PASSED] - Keys 'ENTER + ' sent to object: 'Object Repository/DispensaryToStore/Page_Dispensary Store Login/input_txtpassword'

2018-06-09 16:09:31 - [TEST_STEP][PASSED] - delay: Delayed 3 second(s)

2018-06-09 16:09:34 - [MESSAGE][PASSED] - Delayed 3 second(s)

2018-06-09 16:09:34 - [TEST_STEP][PASSED] - click: Object: 'Object Repository/DispensaryToStore/Page_Dispensary Store/a_Request to Store' is clicked on

2018-06-09 16:09:34 - [MESSAGE][PASSED] - Object: 'Object Repository/DispensaryToStore/Page_Dispensary Store/a_Request to Store' is clicked on

2018-06-09 16:09:34 - [TEST_STEP][PASSED] - click: Object: 'Object Repository/DispensaryToStore/Page_Dispensary Store/a_Medicine Request' is clicked on

2018-06-09 16:09:34 - [MESSAGE][PASSED] - Object: 'Object Repository/DispensaryToStore/Page_Dispensary Store/a_Medicine Request' is clicked on

2018-06-09 16:09:34 - [TEST_STEP][PASSED] - selectOptionByIndex: All options with index in [6] are selected on object 'Object Repository/DispensaryToStore/Page_Dispensary Store/select_--Select--Schedule 1Inj'

2018-06-09 16:09:35 - [MESSAGE][PASSED] - All options with index in [6] are selected on object 'Object Repository/DispensaryToStore/Page_Dispensary Store/select_--Select--Schedule 1Inj'

2018-06-09 16:09:35 - [TEST_STEP][PASSED] - Statement - medicineslength = com.kms.katalon.core.webui.keyword.WebUiBuiltInKeywords.getNumberOfTotalOption(com.kms.katalon.core.testobject.ObjectRepository.findTestObject(DispensaryToStore/Page_Dispensary Store/select_--Select--Adernaline 0.)): 14 options of object 'Object Repository/DispensaryToStore/Page_Dispensary Store/select_--Select--Adernaline 0.' counted

2018-06-09 16:09:35 - [MESSAGE][PASSED] - 14 options of object 'Object Repository/DispensaryToStore/Page_Dispensary Store/select_--Select--Adernaline 0.' counted

2018-06-09 16:09:35 - [TEST_STEP][PASSED] - Statement - For ([e = 1, e <= medicineslength - 1, (e++)]): Object: 'Object Repository/DispensaryToStore/Page_Dispensary Store/button_Add' is clicked on

2018-06-09 16:09:35 - [TEST_STEP][PASSED] - selectOptionByIndex: All options with index in [6] are selected on object 'Object Repository/DispensaryToStore/Page_Dispensary Store/select_--Select--Schedule 1Inj'

2018-06-09 16:09:35 - [MESSAGE][PASSED] - All options with index in [6] are selected on object 'Object Repository/DispensaryToStore/Page_Dispensary Store/select_--Select--Schedule 1Inj'

2018-06-09 16:09:35 - [TEST_STEP][PASSED] - selectOptionByIndex: All options with index in [1] are selected on object 'Object Repository/DispensaryToStore/Page_Dispensary Store/select_--Select--Adernaline 0.'

2018-06-09 16:09:35 - [MESSAGE][PASSED] - All options with index in [1] are selected on object 'Object Repository/DispensaryToStore/Page_Dispensary Store/select_--Select--Adernaline 0.'

2018-06-09 16:09:35 - [TEST_STEP][PASSED] - setText: Text '10' is set on object 'Object Repository/DispensaryToStore/Page_Dispensary Store/input_txttreat'

2018-06-09 16:09:35 - [MESSAGE][PASSED] - Text '10' is set on object 'Object Repository/DispensaryToStore/Page_Dispensary Store/input_txttreat'

2018-06-09 16:09:35 - [TEST_STEP][PASSED] - click: Object: 'Object Repository/DispensaryToStore/Page_Dispensary Store/button_Add' is clicked on

2018-06-09 16:09:36 - [MESSAGE][PASSED] - Object: 'Object Repository/DispensaryToStore/Page_Dispensary Store/button_Add' is clicked on

2018-06-09 16:09:36 - [TEST_STEP][PASSED] - selectOptionByIndex: All options with index in [6] are selected on object 'Object Repository/DispensaryToStore/Page_Dispensary Store/select_--Select--Schedule 1Inj'

2018-06-09 16:09:36 - [MESSAGE][PASSED] - All options with index in [6] are selected on object 'Object Repository/DispensaryToStore/Page_Dispensary Store/select_--Select--Schedule 1Inj'

2018-06-09 16:09:36 - [TEST_STEP][PASSED] - selectOptionByIndex: All options with index in [2] are selected on object 'Object Repository/DispensaryToStore/Page_Dispensary Store/select_--Select--Adernaline 0.'

2018-06-09 16:09:36 - [MESSAGE][PASSED] - All options with index in [2] are selected on object 'Object Repository/DispensaryToStore/Page_Dispensary Store/select_--Select--Adernaline 0.'

2018-06-09 16:09:36 - [TEST_STEP][PASSED] - setText: Text '10' is set on object 'Object Repository/DispensaryToStore/Page_Dispensary Store/input_txttreat'

2018-06-09 16:09:36 - [MESSAGE][PASSED] - Text '10' is set on object 'Object Repository/DispensaryToStore/Page_Dispensary Store/input_txttreat'

2018-06-09 16:09:36 - [TEST_STEP][PASSED] - click: Object: 'Object Repository/DispensaryToStore/Page_Dispensary Store/button_Add' is clicked on

2018-06-09 16:09:36 - [MESSAGE][PASSED] - Object: 'Object Repository/DispensaryToStore/Page_Dispensary Store/button_Add' is clicked on

2018-06-09 16:09:36 - [TEST_STEP][PASSED] - selectOptionByIndex: All options with index in [6] are selected on object 'Object Repository/DispensaryToStore/Page_Dispensary Store/select_--Select--Schedule 1Inj'

2018-06-09 16:09:36 - [MESSAGE][PASSED] - All options with index in [6] are selected on object 'Object Repository/DispensaryToStore/Page_Dispensary Store/select_--Select--Schedule 1Inj'

2018-06-09 16:09:36 - [TEST_STEP][PASSED] - selectOptionByIndex: All options with index in [3] are selected on object 'Object Repository/DispensaryToStore/Page_Dispensary Store/select_--Select--Adernaline 0.'

2018-06-09 16:09:37 - [MESSAGE][PASSED] - All options with index in [3] are selected on object 'Object Repository/DispensaryToStore/Page_Dispensary Store/select_--Select--Adernaline 0.'

2018-06-09 16:09:37 - [TEST_STEP][PASSED] - setText: Text '10' is set on object 'Object Repository/DispensaryToStore/Page_Dispensary Store/input_txttreat'

2018-06-09 16:09:37 - [MESSAGE][PASSED] - Text '10' is set on object 'Object Repository/DispensaryToStore/Page_Dispensary Store/input_txttreat'

2018-06-09 16:09:37 - [TEST_STEP][PASSED] - click: Object: 'Object Repository/DispensaryToStore/Page_Dispensary Store/button_Add' is clicked on

2018-06-09 16:09:37 - [MESSAGE][PASSED] - Object: 'Object Repository/DispensaryToStore/Page_Dispensary Store/button_Add' is clicked on

2018-06-09 16:09:37 - [TEST_STEP][PASSED] - selectOptionByIndex: All options with index in [6] are selected on object 'Object Repository/DispensaryToStore/Page_Dispensary Store/select_--Select--Schedule 1Inj'

2018-06-09 16:09:37 - [MESSAGE][PASSED] - All options with index in [6] are selected on object 'Object Repository/DispensaryToStore/Page_Dispensary Store/select_--Select--Schedule 1Inj'

2018-06-09 16:09:37 - [TEST_STEP][PASSED] - selectOptionByIndex: All options with index in [4] are selected on object 'Object Repository/DispensaryToStore/Page_Dispensary Store/select_--Select--Adernaline 0.'

2018-06-09 16:09:37 - [MESSAGE][PASSED] - All options with index in [4] are selected on object 'Object Repository/DispensaryToStore/Page_Dispensary Store/select_--Select--Adernaline 0.'

2018-06-09 16:09:37 - [TEST_STEP][PASSED] - setText: Text '10' is set on object 'Object Repository/DispensaryToStore/Page_Dispensary Store/input_txttreat'

2018-06-09 16:09:37 - [MESSAGE][PASSED] - Text '10' is set on object 'Object Repository/DispensaryToStore/Page_Dispensary Store/input_txttreat'

2018-06-09 16:09:37 - [TEST_STEP][PASSED] - click: Object: 'Object Repository/DispensaryToStore/Page_Dispensary Store/button_Add' is clicked on

2018-06-09 16:09:37 - [MESSAGE][PASSED] - Object: 'Object Repository/DispensaryToStore/Page_Dispensary Store/button_Add' is clicked on

2018-06-09 16:09:37 - [TEST_STEP][PASSED] - selectOptionByIndex: All options with index in [6] are selected on object 'Object Repository/DispensaryToStore/Page_Dispensary Store/select_--Select--Schedule 1Inj'

2018-06-09 16:09:37 - [MESSAGE][PASSED] - All options with index in [6] are selected on object 'Object Repository/DispensaryToStore/Page_Dispensary Store/select_--Select--Schedule 1Inj'

2018-06-09 16:09:37 - [TEST_STEP][PASSED] - selectOptionByIndex: All options with index in [5] are selected on object 'Object Repository/DispensaryToStore/Page_Dispensary Store/select_--Select--Adernaline 0.'

2018-06-09 16:09:38 - [MESSAGE][PASSED] - All options with index in [5] are selected on object 'Object Repository/DispensaryToStore/Page_Dispensary Store/select_--Select--Adernaline 0.'

2018-06-09 16:09:38 - [TEST_STEP][PASSED] - setText: Text '10' is set on object 'Object Repository/DispensaryToStore/Page_Dispensary Store/input_txttreat'

2018-06-09 16:09:38 - [MESSAGE][PASSED] - Text '10' is set on object 'Object Repository/DispensaryToStore/Page_Dispensary Store/input_txttreat'

2018-06-09 16:09:38 - [TEST_STEP][PASSED] - click: Object: 'Object Repository/DispensaryToStore/Page_Dispensary Store/button_Add' is clicked on

2018-06-09 16:09:38 - [MESSAGE][PASSED] - Object: 'Object Repository/DispensaryToStore/Page_Dispensary Store/button_Add' is clicked on

2018-06-09 16:09:38 - [TEST_STEP][PASSED] - selectOptionByIndex: All options with index in [6] are selected on object 'Object Repository/DispensaryToStore/Page_Dispensary Store/select_--Select--Schedule 1Inj'

2018-06-09 16:09:38 - [MESSAGE][PASSED] - All options with index in [6] are selected on object 'Object Repository/DispensaryToStore/Page_Dispensary Store/select_--Select--Schedule 1Inj'

2018-06-09 16:09:38 - [TEST_STEP][PASSED] - selectOptionByIndex: All options with index in [6] are selected on object 'Object Repository/DispensaryToStore/Page_Dispensary Store/select_--Select--Adernaline 0.'

2018-06-09 16:09:38 - [MESSAGE][PASSED] - All options with index in [6] are selected on object 'Object Repository/DispensaryToStore/Page_Dispensary Store/select_--Select--Adernaline 0.'

2018-06-09 16:09:38 - [TEST_STEP][PASSED] - setText: Text '10' is set on object 'Object Repository/DispensaryToStore/Page_Dispensary Store/input_txttreat'

2018-06-09 16:09:38 - [MESSAGE][PASSED] - Text '10' is set on object 'Object Repository/DispensaryToStore/Page_Dispensary Store/input_txttreat'

2018-06-09 16:09:38 - [TEST_STEP][PASSED] - click: Object: 'Object Repository/DispensaryToStore/Page_Dispensary Store/button_Add' is clicked on

2018-06-09 16:09:38 - [MESSAGE][PASSED] - Object: 'Object Repository/DispensaryToStore/Page_Dispensary Store/button_Add' is clicked on

2018-06-09 16:09:38 - [TEST_STEP][PASSED] - selectOptionByIndex: All options with index in [6] are selected on object 'Object Repository/DispensaryToStore/Page_Dispensary Store/select_--Select--Schedule 1Inj'

2018-06-09 16:09:39 - [MESSAGE][PASSED] - All options with index in [6] are selected on object 'Object Repository/DispensaryToStore/Page_Dispensary Store/select_--Select--Schedule 1Inj'

2018-06-09 16:09:39 - [TEST_STEP][PASSED] - selectOptionByIndex: All options with index in [7] are selected on object 'Object Repository/DispensaryToStore/Page_Dispensary Store/select_--Select--Adernaline 0.'

2018-06-09 16:09:39 - [MESSAGE][PASSED] - All options with index in [7] are selected on object 'Object Repository/DispensaryToStore/Page_Dispensary Store/select_--Select--Adernaline 0.'

2018-06-09 16:09:39 - [TEST_STEP][PASSED] - setText: Text '10' is set on object 'Object Repository/DispensaryToStore/Page_Dispensary Store/input_txttreat'

2018-06-09 16:09:39 - [MESSAGE][PASSED] - Text '10' is set on object 'Object Repository/DispensaryToStore/Page_Dispensary Store/input_txttreat'

2018-06-09 16:09:39 - [TEST_STEP][PASSED] - click: Object: 'Object Repository/DispensaryToStore/Page_Dispensary Store/button_Add' is clicked on

2018-06-09 16:09:39 - [MESSAGE][PASSED] - Object: 'Object Repository/DispensaryToStore/Page_Dispensary Store/button_Add' is clicked on

2018-06-09 16:09:39 - [TEST_STEP][PASSED] - selectOptionByIndex: All options with index in [6] are selected on object 'Object Repository/DispensaryToStore/Page_Dispensary Store/select_--Select--Schedule 1Inj'

2018-06-09 16:09:39 - [MESSAGE][PASSED] - All options with index in [6] are selected on object 'Object Repository/DispensaryToStore/Page_Dispensary Store/select_--Select--Schedule 1Inj'

2018-06-09 16:09:39 - [TEST_STEP][PASSED] - selectOptionByIndex: All options with index in [8] are selected on object 'Object Repository/DispensaryToStore/Page_Dispensary Store/select_--Select--Adernaline 0.'

2018-06-09 16:09:40 - [MESSAGE][PASSED] - All options with index in [8] are selected on object 'Object Repository/DispensaryToStore/Page_Dispensary Store/select_--Select--Adernaline 0.'

2018-06-09 16:09:40 - [TEST_STEP][PASSED] - setText: Text '10' is set on object 'Object Repository/DispensaryToStore/Page_Dispensary Store/input_txttreat'

2018-06-09 16:09:40 - [MESSAGE][PASSED] - Text '10' is set on object 'Object Repository/DispensaryToStore/Page_Dispensary Store/input_txttreat'

2018-06-09 16:09:40 - [TEST_STEP][PASSED] - click: Object: 'Object Repository/DispensaryToStore/Page_Dispensary Store/button_Add' is clicked on

2018-06-09 16:09:40 - [MESSAGE][PASSED] - Object: 'Object Repository/DispensaryToStore/Page_Dispensary Store/button_Add' is clicked on

2018-06-09 16:09:40 - [TEST_STEP][PASSED] - selectOptionByIndex: All options with index in [6] are selected on object 'Object Repository/DispensaryToStore/Page_Dispensary Store/select_--Select--Schedule 1Inj'

2018-06-09 16:09:40 - [MESSAGE][PASSED] - All options with index in [6] are selected on object 'Object Repository/DispensaryToStore/Page_Dispensary Store/select_--Select--Schedule 1Inj'

2018-06-09 16:09:40 - [TEST_STEP][PASSED] - selectOptionByIndex: All options with index in [9] are selected on object 'Object Repository/DispensaryToStore/Page_Dispensary Store/select_--Select--Adernaline 0.'

2018-06-09 16:09:40 - [MESSAGE][PASSED] - All options with index in [9] are selected on object 'Object Repository/DispensaryToStore/Page_Dispensary Store/select_--Select--Adernaline 0.'

2018-06-09 16:09:40 - [TEST_STEP][PASSED] - setText: Text '10' is set on object 'Object Repository/DispensaryToStore/Page_Dispensary Store/input_txttreat'

2018-06-09 16:09:40 - [MESSAGE][PASSED] - Text '10' is set on object 'Object Repository/DispensaryToStore/Page_Dispensary Store/input_txttreat'

2018-06-09 16:09:40 - [TEST_STEP][PASSED] - click: Object: 'Object Repository/DispensaryToStore/Page_Dispensary Store/button_Add' is clicked on

2018-06-09 16:09:40 - [MESSAGE][PASSED] - Object: 'Object Repository/DispensaryToStore/Page_Dispensary Store/button_Add' is clicked on

2018-06-09 16:09:40 - [TEST_STEP][PASSED] - selectOptionByIndex: All options with index in [6] are selected on object 'Object Repository/DispensaryToStore/Page_Dispensary Store/select_--Select--Schedule 1Inj'

2018-06-09 16:09:41 - [MESSAGE][PASSED] - All options with index in [6] are selected on object 'Object Repository/DispensaryToStore/Page_Dispensary Store/select_--Select--Schedule 1Inj'

2018-06-09 16:09:41 - [TEST_STEP][PASSED] - selectOptionByIndex: All options with index in [10] are selected on object 'Object Repository/DispensaryToStore/Page_Dispensary Store/select_--Select--Adernaline 0.'

2018-06-09 16:09:41 - [MESSAGE][PASSED] - All options with index in [10] are selected on object 'Object Repository/DispensaryToStore/Page_Dispensary Store/select_--Select--Adernaline 0.'

2018-06-09 16:09:41 - [TEST_STEP][PASSED] - setText: Text '10' is set on object 'Object Repository/DispensaryToStore/Page_Dispensary Store/input_txttreat'

2018-06-09 16:09:41 - [MESSAGE][PASSED] - Text '10' is set on object 'Object Repository/DispensaryToStore/Page_Dispensary Store/input_txttreat'

2018-06-09 16:09:41 - [TEST_STEP][PASSED] - click: Object: 'Object Repository/DispensaryToStore/Page_Dispensary Store/button_Add' is clicked on

2018-06-09 16:09:41 - [MESSAGE][PASSED] - Object: 'Object Repository/DispensaryToStore/Page_Dispensary Store/button_Add' is clicked on

2018-06-09 16:09:41 - [TEST_STEP][PASSED] - selectOptionByIndex: All options with index in [6] are selected on object 'Object Repository/DispensaryToStore/Page_Dispensary Store/select_--Select--Schedule 1Inj'

2018-06-09 16:09:41 - [MESSAGE][PASSED] - All options with index in [6] are selected on object 'Object Repository/DispensaryToStore/Page_Dispensary Store/select_--Select--Schedule 1Inj'

2018-06-09 16:09:41 - [TEST_STEP][PASSED] - selectOptionByIndex: All options with index in [11] are selected on object 'Object Repository/DispensaryToStore/Page_Dispensary Store/select_--Select--Adernaline 0.'

2018-06-09 16:09:41 - [MESSAGE][PASSED] - All options with index in [11] are selected on object 'Object Repository/DispensaryToStore/Page_Dispensary Store/select_--Select--Adernaline 0.'

2018-06-09 16:09:41 - [TEST_STEP][PASSED] - setText: Text '10' is set on object 'Object Repository/DispensaryToStore/Page_Dispensary Store/input_txttreat'

2018-06-09 16:09:42 - [MESSAGE][PASSED] - Text '10' is set on object 'Object Repository/DispensaryToStore/Page_Dispensary Store/input_txttreat'

2018-06-09 16:09:42 - [TEST_STEP][PASSED] - click: Object: 'Object Repository/DispensaryToStore/Page_Dispensary Store/button_Add' is clicked on

2018-06-09 16:09:42 - [MESSAGE][PASSED] - Object: 'Object Repository/DispensaryToStore/Page_Dispensary Store/button_Add' is clicked on

2018-06-09 16:09:42 - [TEST_STEP][PASSED] - selectOptionByIndex: All options with index in [6] are selected on object 'Object Repository/DispensaryToStore/Page_Dispensary Store/select_--Select--Schedule 1Inj'

2018-06-09 16:09:42 - [MESSAGE][PASSED] - All options with index in [6] are selected on object 'Object Repository/DispensaryToStore/Page_Dispensary Store/select_--Select--Schedule 1Inj'

2018-06-09 16:09:42 - [TEST_STEP][PASSED] - selectOptionByIndex: All options with index in [12] are selected on object 'Object Repository/DispensaryToStore/Page_Dispensary Store/select_--Select--Adernaline 0.'

2018-06-09 16:09:42 - [MESSAGE][PASSED] - All options with index in [12] are selected on object 'Object Repository/DispensaryToStore/Page_Dispensary Store/select_--Select--Adernaline 0.'

2018-06-09 16:09:42 - [TEST_STEP][PASSED] - setText: Text '10' is set on object 'Object Repository/DispensaryToStore/Page_Dispensary Store/input_txttreat'

2018-06-09 16:09:42 - [MESSAGE][PASSED] - Text '10' is set on object 'Object Repository/DispensaryToStore/Page_Dispensary Store/input_txttreat'

2018-06-09 16:09:42 - [TEST_STEP][PASSED] - click: Object: 'Object Repository/DispensaryToStore/Page_Dispensary Store/button_Add' is clicked on

2018-06-09 16:09:42 - [MESSAGE][PASSED] - Object: 'Object Repository/DispensaryToStore/Page_Dispensary Store/button_Add' is clicked on

2018-06-09 16:09:42 - [TEST_STEP][PASSED] - selectOptionByIndex: All options with index in [6] are selected on object 'Object Repository/DispensaryToStore/Page_Dispensary Store/select_--Select--Schedule 1Inj'

2018-06-09 16:09:43 - [MESSAGE][PASSED] - All options with index in [6] are selected on object 'Object Repository/DispensaryToStore/Page_Dispensary Store/select_--Select--Schedule 1Inj'

2018-06-09 16:09:43 - [TEST_STEP][PASSED] - selectOptionByIndex: All options with index in [13] are selected on object 'Object Repository/DispensaryToStore/Page_Dispensary Store/select_--Select--Adernaline 0.'

2018-06-09 16:09:43 - [MESSAGE][PASSED] - All options with index in [13] are selected on object 'Object Repository/DispensaryToStore/Page_Dispensary Store/select_--Select--Adernaline 0.'

2018-06-09 16:09:43 - [TEST_STEP][PASSED] - setText: Text '10' is set on object 'Object Repository/DispensaryToStore/Page_Dispensary Store/input_txttreat'

2018-06-09 16:09:43 - [MESSAGE][PASSED] - Text '10' is set on object 'Object Repository/DispensaryToStore/Page_Dispensary Store/input_txttreat'

2018-06-09 16:09:43 - [TEST_STEP][PASSED] - click: Object: 'Object Repository/DispensaryToStore/Page_Dispensary Store/button_Add' is clicked on

2018-06-09 16:09:43 - [MESSAGE][PASSED] - Object: 'Object Repository/DispensaryToStore/Page_Dispensary Store/button_Add' is clicked on

2018-06-09 16:09:43 - [TEST_STEP][PASSED] - scrollToElement: Scroll to object 'Object Repository/DispensaryToStore/Page_Dispensary Store/input_btnsave' successfully

2018-06-09 16:09:43 - [MESSAGE][PASSED] - Scroll to object 'Object Repository/DispensaryToStore/Page_Dispensary Store/input_btnsave' successfully

2018-06-09 16:09:43 - [TEST_STEP][PASSED] - click: Object: 'Object Repository/DispensaryToStore/Page_Dispensary Store/input_btnsave' is clicked on

2018-06-09 16:09:43 - [MESSAGE][PASSED] - Object: 'Object Repository/DispensaryToStore/Page_Dispensary Store/input_btnsave' is clicked on

2018-06-09 16:09:43 - [TEST_STEP][PASSED] - delay: Delayed 3 second(s)

2018-06-09 16:09:46 - [MESSAGE][PASSED] - Delayed 3 second(s)

2018-06-09 16:09:46 - [TEST_STEP][PASSED] - Statement - RN1 = com.kms.katalon.core.webui.keyword.WebUiBuiltInKeywords.getText(com.kms.katalon.core.testobject.ObjectRepository.findTestObject(DispensaryToStore/Page_Dispensary Store/font_HPRNO180520187)): Text of object 'Object Repository/DispensaryToStore/Page_Dispensary Store/font_HPRNO180520187' is: 'DPRNO/09062018/203'

2018-06-09 16:09:46 - [MESSAGE][PASSED] - Text of object 'Object Repository/DispensaryToStore/Page_Dispensary Store/font_HPRNO180520187' is: 'DPRNO/09062018/203'

2018-06-09 16:09:46 - [TEST_STEP][PASSED] - Statement - out.println(RN1): null

2018-06-09 16:09:46 - [TEST_STEP][PASSED] - Statement - RID = RN1.split("/")[2]: null

2018-06-09 16:09:46 - [TEST_STEP][PASSED] - click: Object: 'Object Repository/DispensaryToStore/Page_Dispensary Store/button_OK' is clicked on

2018-06-09 16:09:47 - [MESSAGE][PASSED] - Object: 'Object Repository/DispensaryToStore/Page_Dispensary Store/button_OK' is clicked on

2018-06-09 16:09:47 - [TEST_STEP][PASSED] - delay: Delayed 3 second(s)

2018-06-09 16:09:50 - [MESSAGE][PASSED] - Delayed 3 second(s)

2018-06-09 16:09:50 - [TEST_STEP][PASSED] - waitForElementPresent: Object 'Object Repository/DispensaryToStore/Page_Dispensary Store/a_dropdown-toggle' is present

2018-06-09 16:09:50 - [MESSAGE][PASSED] - Object 'Object Repository/DispensaryToStore/Page_Dispensary Store/a_dropdown-toggle' is present

2018-06-09 16:09:50 - [TEST_STEP][PASSED] - click: Object: 'Object Repository/DispensaryToStore/Page_Dispensary Store/a_dropdown-toggle' is clicked on

2018-06-09 16:09:50 - [MESSAGE][PASSED] - Object: 'Object Repository/DispensaryToStore/Page_Dispensary Store/a_dropdown-toggle' is clicked on

2018-06-09 16:09:50 - [TEST_STEP][PASSED] - click: Object: 'Object Repository/DispensaryToStore/Page_Dispensary Store/a_Sign out' is clicked on

2018-06-09 16:09:51 - [MESSAGE][PASSED] - Object: 'Object Repository/DispensaryToStore/Page_Dispensary Store/a_Sign out' is clicked on

2018-06-09 16:09:51 - [TEST_STEP][PASSED] - delay: Delayed 3 second(s)

2018-06-09 16:09:54 - [MESSAGE][PASSED] - Delayed 3 second(s)

2018-06-09 16:09:54 - [TEST_STEP][PASSED] - navigateToUrl: Navigate to 'http://192.168.137.1/multihospital_new/' successfully

2018-06-09 16:09:54 - [MESSAGE][PASSED] - Navigate to 'http://192.168.137.1/multihospital_new/' successfully

2018-06-09 16:09:54 - [TEST_STEP][PASSED] - click: Object: 'Object Repository/DispensaryToStore/Page_KDMC/a_CMO' is clicked on

2018-06-09 16:09:55 - [MESSAGE][PASSED] - Object: 'Object Repository/DispensaryToStore/Page_KDMC/a_CMO' is clicked on

2018-06-09 16:09:55 - [TEST_STEP][PASSED] - setText: Text 'guru' is set on object 'Object Repository/DispensaryToStore/Page_CMO login/input_txtusername'

2018-06-09 16:09:55 - [MESSAGE][PASSED] - Text 'guru' is set on object 'Object Repository/DispensaryToStore/Page_CMO login/input_txtusername'

2018-06-09 16:09:55 - [TEST_STEP][PASSED] - setText: Text '123' is set on object 'Object Repository/DispensaryToStore/Page_CMO login/input_txtpassword'

2018-06-09 16:09:55 - [MESSAGE][PASSED] - Text '123' is set on object 'Object Repository/DispensaryToStore/Page_CMO login/input_txtpassword'

2018-06-09 16:09:55 - [TEST_STEP][PASSED] - delay: Delayed 3 second(s)

2018-06-09 16:09:58 - [MESSAGE][PASSED] - Delayed 3 second(s)

2018-06-09 16:09:58 - [TEST_STEP][PASSED] - click: Object: 'Object Repository/DispensaryToStore/Page_CMO login/button_Sign in' is clicked on

2018-06-09 16:10:00 - [MESSAGE][PASSED] - Object: 'Object Repository/DispensaryToStore/Page_CMO login/button_Sign in' is clicked on

2018-06-09 16:10:00 - [TEST_STEP][PASSED] - click: Object: 'Object Repository/DispensaryToStore/Page_KDMC - CMO/a_Department Wise Request' is clicked on

2018-06-09 16:10:02 - [MESSAGE][PASSED] - Object: 'Object Repository/DispensaryToStore/Page_KDMC - CMO/a_Department Wise Request' is clicked on

2018-06-09 16:10:02 - [TEST_STEP][PASSED] - delay: Delayed 2 second(s)

2018-06-09 16:10:04 - [MESSAGE][PASSED] - Delayed 2 second(s)

2018-06-09 16:10:04 - [TEST_STEP][PASSED] - selectOptionByIndex: All options with index in [6] are selected on object 'Object Repository/DispensaryToStore/Page_KDMC - CMO/select_--ALL--'

2018-06-09 16:10:04 - [MESSAGE][PASSED] - All options with index in [6] are selected on object 'Object Repository/DispensaryToStore/Page_KDMC - CMO/select_--ALL--'

2018-06-09 16:10:04 - [TEST_STEP][PASSED] - click: Object: 'Object Repository/DispensaryToStore/Page_KDMC - CMO/input_btnsearch' is clicked on

2018-06-09 16:10:04 - [MESSAGE][PASSED] - Object: 'Object Repository/DispensaryToStore/Page_KDMC - CMO/input_btnsearch' is clicked on

2018-06-09 16:10:04 - [TEST_STEP][PASSED] - selectOptionByIndex: All options with index in [1] are selected on object 'Object Repository/DispensaryToStore/Page_KDMC - CMO/select_--ALL--                _1'

2018-06-09 16:10:04 - [MESSAGE][PASSED] - All options with index in [1] are selected on object 'Object Repository/DispensaryToStore/Page_KDMC - CMO/select_--ALL--                _1'

2018-06-09 16:10:04 - [TEST_STEP][PASSED] - click: Object: 'Object Repository/DispensaryToStore/Page_KDMC - CMO/input_btnsearch' is clicked on

2018-06-09 16:10:04 - [MESSAGE][PASSED] - Object: 'Object Repository/DispensaryToStore/Page_KDMC - CMO/input_btnsearch' is clicked on

2018-06-09 16:10:04 - [TEST_STEP][PASSED] - Statement - ID = com.kms.katalon.core.webui.keyword.WebUiBuiltInKeywords.modifyObjectProperty(com.kms.katalon.core.testobject.ObjectRepository.findTestObject(lab/Page_KDMC - CMO/input_1), "xpath", "equals", "//*[@id=" + RID + "]", true): Modify property of object successfully

2018-06-09 16:10:04 - [MESSAGE][PASSED] - Modify property of object successfully

2018-06-09 16:10:04 - [TEST_STEP][PASSED] - click: Object: 'Object Repository/lab/Page_KDMC - CMO/input_1' is clicked on

2018-06-09 16:10:05 - [MESSAGE][PASSED] - Object: 'Object Repository/lab/Page_KDMC - CMO/input_1' is clicked on

2018-06-09 16:10:05 - [TEST_STEP][PASSED] - delay: Delayed 2 second(s)

2018-06-09 16:10:07 - [MESSAGE][PASSED] - Delayed 2 second(s)

2018-06-09 16:10:07 - [TEST_STEP][PASSED] - selectOptionByIndex: All options with index in [1] are selected on object 'Object Repository/DispensaryToStore/Page_KDMC - CMO/select_--Select--'

2018-06-09 16:10:07 - [MESSAGE][PASSED] - All options with index in [1] are selected on object 'Object Repository/DispensaryToStore/Page_KDMC - CMO/select_--Select--'

2018-06-09 16:10:07 - [TEST_STEP][PASSED] - click: Object: 'Object Repository/DispensaryToStore/Page_KDMC - CMO/input_btnupdate' is clicked on

2018-06-09 16:10:07 - [MESSAGE][PASSED] - Object: 'Object Repository/DispensaryToStore/Page_KDMC - CMO/input_btnupdate' is clicked on

2018-06-09 16:10:07 - [TEST_STEP][PASSED] - delay: Delayed 2 second(s)

2018-06-09 16:10:09 - [MESSAGE][PASSED] - Delayed 2 second(s)

2018-06-09 16:10:09 - [TEST_STEP][PASSED] - click: Object: 'Object Repository/DispensaryToStore/Page_KDMC - CMO/button_OK' is clicked on

2018-06-09 16:10:10 - [MESSAGE][PASSED] - Object: 'Object Repository/DispensaryToStore/Page_KDMC - CMO/button_OK' is clicked on

2018-06-09 16:10:10 - [TEST_STEP][PASSED] - delay: Delayed 2 second(s)

2018-06-09 16:10:12 - [MESSAGE][PASSED] - Delayed 2 second(s)

2018-06-09 16:10:12 - [TEST_STEP][PASSED] - waitForElementPresent: Object 'Object Repository/DispensaryToStore/Page_Dispensary Store/a_dropdown-toggle' is not present after 20 second(s)

2018-06-09 16:10:32 - [MESSAGE][WARNING] - Object 'Object Repository/DispensaryToStore/Page_Dispensary Store/a_dropdown-toggle' is not present after 20 second(s)

2018-06-09 16:10:32 - [TEST_STEP][PASSED] - click: Object: 'Object Repository/DispensaryToStore/Page_KDMC - CMO/a_dropdown-toggle' is clicked on

2018-06-09 16:10:33 - [MESSAGE][PASSED] - Object: 'Object Repository/DispensaryToStore/Page_KDMC - CMO/a_dropdown-toggle' is clicked on

2018-06-09 16:10:33 - [TEST_STEP][PASSED] - click: Object: 'Object Repository/DispensaryToStore/Page_KDMC - CMO/a_Sign out' is clicked on

2018-06-09 16:10:33 - [MESSAGE][PASSED] - Object: 'Object Repository/DispensaryToStore/Page_KDMC - CMO/a_Sign out' is clicked on

2018-06-09 16:10:33 - [TEST_STEP][PASSED] - delay: Delayed 3 second(s)

2018-06-09 16:10:36 - [MESSAGE][PASSED] - Delayed 3 second(s)

2018-06-09 16:10:36 - [TEST_STEP][PASSED] - click: Object: 'Object Repository/DispensaryToStore/Page_KDMC/a_Divisional Store' is clicked on

2018-06-09 16:10:37 - [MESSAGE][PASSED] - Object: 'Object Repository/DispensaryToStore/Page_KDMC/a_Divisional Store' is clicked on

2018-06-09 16:10:37 - [TEST_STEP][PASSED] - setText: Text 'ragu' is set on object 'Object Repository/DispensaryToStore/Page_Divisonal Store Login/input_txtusername'

2018-06-09 16:10:37 - [MESSAGE][PASSED] - Text 'ragu' is set on object 'Object Repository/DispensaryToStore/Page_Divisonal Store Login/input_txtusername'

2018-06-09 16:10:37 - [TEST_STEP][PASSED] - setText: Text '123' is set on object 'Object Repository/DispensaryToStore/Page_Divisonal Store Login/input_txtpassword'

2018-06-09 16:10:37 - [MESSAGE][PASSED] - Text '123' is set on object 'Object Repository/DispensaryToStore/Page_Divisonal Store Login/input_txtpassword'

2018-06-09 16:10:37 - [TEST_STEP][PASSED] - delay: Delayed 3 second(s)

2018-06-09 16:10:40 - [MESSAGE][PASSED] - Delayed 3 second(s)

2018-06-09 16:10:40 - [TEST_STEP][PASSED] - click: Object: 'Object Repository/DispensaryToStore/Page_Divisonal Store Login/button_Sign in' is clicked on

2018-06-09 16:10:42 - [MESSAGE][PASSED] - Object: 'Object Repository/DispensaryToStore/Page_Divisonal Store Login/button_Sign in' is clicked on

2018-06-09 16:10:42 - [TEST_STEP][PASSED] - delay: Delayed 3 second(s)

2018-06-09 16:10:45 - [MESSAGE][PASSED] - Delayed 3 second(s)

2018-06-09 16:10:45 - [TEST_STEP][PASSED] - scrollToPosition: Browser is scrolled to position x = 100, y = 100

2018-06-09 16:10:45 - [MESSAGE][PASSED] - Browser is scrolled to position x = 100, y = 100

2018-06-09 16:10:45 - [TEST_STEP][PASSED] - click: Object: 'Object Repository/DispensaryToStore/Page_Store/a_Dispensary Request' is clicked on

2018-06-09 16:10:45 - [MESSAGE][PASSED] - Object: 'Object Repository/DispensaryToStore/Page_Store/a_Dispensary Request' is clicked on

2018-06-09 16:10:45 - [TEST_STEP][PASSED] - delay: Delayed 2 second(s)

2018-06-09 16:10:47 - [MESSAGE][PASSED] - Delayed 2 second(s)

2018-06-09 16:10:47 - [TEST_STEP][PASSED] - click: Object: 'Object Repository/DispensaryToStore/Page_Store/a_Request Item Dispensary' is clicked on

2018-06-09 16:10:48 - [MESSAGE][PASSED] - Object: 'Object Repository/DispensaryToStore/Page_Store/a_Request Item Dispensary' is clicked on

2018-06-09 16:10:48 - [TEST_STEP][PASSED] - Statement - ChooseRequest = com.kms.katalon.core.webui.keyword.WebUiBuiltInKeywords.modifyObjectProperty(com.kms.katalon.core.testobject.ObjectRepository.findTestObject(lab/Page_Store/input_1), "xpath", "equals", "//*[@id=" + RID + "]", true): Modify property of object successfully

2018-06-09 16:10:48 - [MESSAGE][PASSED] - Modify property of object successfully

2018-06-09 16:10:48 - [TEST_STEP][PASSED] - click: Object: 'Object Repository/lab/Page_Store/input_1' is clicked on

2018-06-09 16:10:49 - [MESSAGE][PASSED] - Object: 'Object Repository/lab/Page_Store/input_1' is clicked on

2018-06-09 16:10:49 - [TEST_STEP][PASSED] - Statement - selectedoptions = com.kms.katalon.core.webui.keyword.WebUiBuiltInKeywords.getNumberOfTotalOption(com.kms.katalon.core.testobject.ObjectRepository.findTestObject(DispensaryToStore/Page_Store/select_--Select--Adernaline 0.)): 14 options of object 'Object Repository/DispensaryToStore/Page_Store/select_--Select--Adernaline 0.' counted

2018-06-09 16:10:49 - [MESSAGE][PASSED] - 14 options of object 'Object Repository/DispensaryToStore/Page_Store/select_--Select--Adernaline 0.' counted

2018-06-09 16:10:49 - [TEST_STEP][PASSED] - Statement - For ([a = 1, a <= selectedoptions - 1, (a++)]): null

2018-06-09 16:10:49 - [TEST_STEP][PASSED] - selectOptionByIndex: All options with index in [1] are selected on object 'Object Repository/DispensaryToStore/Page_Store/select_--Select--Adernaline 0.'

2018-06-09 16:10:49 - [MESSAGE][PASSED] - All options with index in [1] are selected on object 'Object Repository/DispensaryToStore/Page_Store/select_--Select--Adernaline 0.'

2018-06-09 16:10:49 - [TEST_STEP][PASSED] - delay: Delayed 2 second(s)

2018-06-09 16:10:51 - [MESSAGE][PASSED] - Delayed 2 second(s)

2018-06-09 16:10:51 - [TEST_STEP][PASSED] - Statement - RequestedQty = com.kms.katalon.core.webui.keyword.WebUiBuiltInKeywords.getAttribute(com.kms.katalon.core.testobject.ObjectRepository.findTestObject(DispensaryToStore/Page_Store/input_txttotal), "value"): Attribute 'value' of object 'Object Repository/DispensaryToStore/Page_Store/input_txttotal' is: '10'

2018-06-09 16:10:51 - [MESSAGE][PASSED] - Attribute 'value' of object 'Object Repository/DispensaryToStore/Page_Store/input_txttotal' is: '10'

2018-06-09 16:10:51 - [TEST_STEP][PASSED] - Statement - out.println("Requested QTY : " + RequestedQty): null

2018-06-09 16:10:51 - [TEST_STEP][PASSED] - Statement - BatchNumber = com.kms.katalon.core.webui.keyword.WebUiBuiltInKeywords.getNumberOfTotalOption(com.kms.katalon.core.testobject.ObjectRepository.findTestObject(DispensaryToStore/Page_Store/select_--Select--BA1170BA2376B)): 3 options of object 'Object Repository/DispensaryToStore/Page_Store/select_--Select--BA1170BA2376B' counted

2018-06-09 16:10:51 - [MESSAGE][PASSED] - 3 options of object 'Object Repository/DispensaryToStore/Page_Store/select_--Select--BA1170BA2376B' counted

2018-06-09 16:10:51 - [TEST_STEP][PASSED] - Statement - For ([g = 1, g <= BatchNumber - 1, (g++)]): null

2018-06-09 16:10:51 - [TEST_STEP][PASSED] - selectOptionByIndex: All options with index in [1] are selected on object 'Object Repository/DispensaryToStore/Page_Store/select_--Select--BA1170BA2376B'

2018-06-09 16:10:52 - [MESSAGE][PASSED] - All options with index in [1] are selected on object 'Object Repository/DispensaryToStore/Page_Store/select_--Select--BA1170BA2376B'

2018-06-09 16:10:52 - [TEST_STEP][PASSED] - Statement - Try: null

2018-06-09 16:10:52 - [TEST_STEP][PASSED] - Statement - StockQty = com.kms.katalon.core.webui.keyword.WebUiBuiltInKeywords.getAttribute(com.kms.katalon.core.testobject.ObjectRepository.findTestObject(DispensaryToStore/Page_Store/input_txtprice), "value"): Attribute 'value' of object 'Object Repository/DispensaryToStore/Page_Store/input_txtprice' is: '850'

2018-06-09 16:10:52 - [MESSAGE][PASSED] - Attribute 'value' of object 'Object Repository/DispensaryToStore/Page_Store/input_txtprice' is: '850'

2018-06-09 16:10:52 - [TEST_STEP][PASSED] - Statement - out.println("Stock QTY : " + StockQty): null

2018-06-09 16:10:52 - [TEST_STEP][PASSED] - delay: Delayed 2 second(s)

2018-06-09 16:10:54 - [MESSAGE][PASSED] - Delayed 2 second(s)

2018-06-09 16:10:54 - [TEST_STEP][PASSED] - Statement - If (java.lang.String.valueOf(StockQty) >= java.lang.String.valueOf(RequestedQty)): null

2018-06-09 16:10:54 - [TEST_STEP][PASSED] - setText: Text '10' is set on object 'Object Repository/DispensaryToStore/Page_Store/input_txtqty'

2018-06-09 16:10:54 - [MESSAGE][PASSED] - Text '10' is set on object 'Object Repository/DispensaryToStore/Page_Store/input_txtqty'

2018-06-09 16:10:54 - [TEST_STEP][PASSED] - click: Object: 'Object Repository/DispensaryToStore/Page_Store/button_Add' is clicked on

2018-06-09 16:10:54 - [MESSAGE][PASSED] - Object: 'Object Repository/DispensaryToStore/Page_Store/button_Add' is clicked on

2018-06-09 16:10:54 - [TEST_STEP][PASSED] - Statement - Break: null

2018-06-09 16:10:54 - [TEST_STEP][PASSED] - selectOptionByIndex: All options with index in [2] are selected on object 'Object Repository/DispensaryToStore/Page_Store/select_--Select--Adernaline 0.'

2018-06-09 16:10:54 - [MESSAGE][PASSED] - All options with index in [2] are selected on object 'Object Repository/DispensaryToStore/Page_Store/select_--Select--Adernaline 0.'

2018-06-09 16:10:54 - [TEST_STEP][PASSED] - delay: Delayed 2 second(s)

2018-06-09 16:10:56 - [MESSAGE][PASSED] - Delayed 2 second(s)

2018-06-09 16:10:56 - [TEST_STEP][PASSED] - Statement - RequestedQty = com.kms.katalon.core.webui.keyword.WebUiBuiltInKeywords.getAttribute(com.kms.katalon.core.testobject.ObjectRepository.findTestObject(DispensaryToStore/Page_Store/input_txttotal), "value"): Attribute 'value' of object 'Object Repository/DispensaryToStore/Page_Store/input_txttotal' is: '10'

2018-06-09 16:10:56 - [MESSAGE][PASSED] - Attribute 'value' of object 'Object Repository/DispensaryToStore/Page_Store/input_txttotal' is: '10'

2018-06-09 16:10:56 - [TEST_STEP][PASSED] - Statement - out.println("Requested QTY : " + RequestedQty): null

2018-06-09 16:10:56 - [TEST_STEP][PASSED] - Statement - BatchNumber = com.kms.katalon.core.webui.keyword.WebUiBuiltInKeywords.getNumberOfTotalOption(com.kms.katalon.core.testobject.ObjectRepository.findTestObject(DispensaryToStore/Page_Store/select_--Select--BA1170BA2376B)): 5 options of object 'Object Repository/DispensaryToStore/Page_Store/select_--Select--BA1170BA2376B' counted

2018-06-09 16:10:56 - [MESSAGE][PASSED] - 5 options of object 'Object Repository/DispensaryToStore/Page_Store/select_--Select--BA1170BA2376B' counted

2018-06-09 16:10:56 - [TEST_STEP][PASSED] - Statement - For ([g = 1, g <= BatchNumber - 1, (g++)]): null

2018-06-09 16:10:56 - [TEST_STEP][PASSED] - selectOptionByIndex: All options with index in [1] are selected on object 'Object Repository/DispensaryToStore/Page_Store/select_--Select--BA1170BA2376B'

2018-06-09 16:10:56 - [MESSAGE][PASSED] - All options with index in [1] are selected on object 'Object Repository/DispensaryToStore/Page_Store/select_--Select--BA1170BA2376B'

2018-06-09 16:10:56 - [TEST_STEP][PASSED] - Statement - Try: null

2018-06-09 16:10:56 - [TEST_STEP][PASSED] - Statement - StockQty = com.kms.katalon.core.webui.keyword.WebUiBuiltInKeywords.getAttribute(com.kms.katalon.core.testobject.ObjectRepository.findTestObject(DispensaryToStore/Page_Store/input_txtprice), "value"): Attribute 'value' of object 'Object Repository/DispensaryToStore/Page_Store/input_txtprice' is: '120'

2018-06-09 16:10:56 - [MESSAGE][PASSED] - Attribute 'value' of object 'Object Repository/DispensaryToStore/Page_Store/input_txtprice' is: '120'

2018-06-09 16:10:56 - [TEST_STEP][PASSED] - Statement - out.println("Stock QTY : " + StockQty): null

2018-06-09 16:10:56 - [TEST_STEP][PASSED] - delay: Delayed 2 second(s)

2018-06-09 16:10:58 - [MESSAGE][PASSED] - Delayed 2 second(s)

2018-06-09 16:10:58 - [TEST_STEP][PASSED] - Statement - If (java.lang.String.valueOf(StockQty) >= java.lang.String.valueOf(RequestedQty)): null

2018-06-09 16:10:58 - [TEST_STEP][PASSED] - setText: Text '10' is set on object 'Object Repository/DispensaryToStore/Page_Store/input_txtqty'

2018-06-09 16:10:58 - [MESSAGE][PASSED] - Text '10' is set on object 'Object Repository/DispensaryToStore/Page_Store/input_txtqty'

2018-06-09 16:10:58 - [TEST_STEP][PASSED] - click: Object: 'Object Repository/DispensaryToStore/Page_Store/button_Add' is clicked on

2018-06-09 16:10:58 - [MESSAGE][PASSED] - Object: 'Object Repository/DispensaryToStore/Page_Store/button_Add' is clicked on

2018-06-09 16:10:58 - [TEST_STEP][PASSED] - Statement - Break: null

2018-06-09 16:10:58 - [TEST_STEP][PASSED] - selectOptionByIndex: All options with index in [3] are selected on object 'Object Repository/DispensaryToStore/Page_Store/select_--Select--Adernaline 0.'

2018-06-09 16:10:59 - [MESSAGE][PASSED] - All options with index in [3] are selected on object 'Object Repository/DispensaryToStore/Page_Store/select_--Select--Adernaline 0.'

2018-06-09 16:10:59 - [TEST_STEP][PASSED] - delay: Delayed 2 second(s)

2018-06-09 16:11:01 - [MESSAGE][PASSED] - Delayed 2 second(s)

2018-06-09 16:11:01 - [TEST_STEP][PASSED] - Statement - RequestedQty = com.kms.katalon.core.webui.keyword.WebUiBuiltInKeywords.getAttribute(com.kms.katalon.core.testobject.ObjectRepository.findTestObject(DispensaryToStore/Page_Store/input_txttotal), "value"): Attribute 'value' of object 'Object Repository/DispensaryToStore/Page_Store/input_txttotal' is: '10'

2018-06-09 16:11:01 - [MESSAGE][PASSED] - Attribute 'value' of object 'Object Repository/DispensaryToStore/Page_Store/input_txttotal' is: '10'

2018-06-09 16:11:01 - [TEST_STEP][PASSED] - Statement - out.println("Requested QTY : " + RequestedQty): null

2018-06-09 16:11:01 - [TEST_STEP][PASSED] - Statement - BatchNumber = com.kms.katalon.core.webui.keyword.WebUiBuiltInKeywords.getNumberOfTotalOption(com.kms.katalon.core.testobject.ObjectRepository.findTestObject(DispensaryToStore/Page_Store/select_--Select--BA1170BA2376B)): 2 options of object 'Object Repository/DispensaryToStore/Page_Store/select_--Select--BA1170BA2376B' counted

2018-06-09 16:11:01 - [MESSAGE][PASSED] - 2 options of object 'Object Repository/DispensaryToStore/Page_Store/select_--Select--BA1170BA2376B' counted

2018-06-09 16:11:01 - [TEST_STEP][PASSED] - Statement - For ([g = 1, g <= BatchNumber - 1, (g++)]): null

2018-06-09 16:11:01 - [TEST_STEP][PASSED] - selectOptionByIndex: All options with index in [1] are selected on object 'Object Repository/DispensaryToStore/Page_Store/select_--Select--BA1170BA2376B'

2018-06-09 16:11:01 - [MESSAGE][PASSED] - All options with index in [1] are selected on object 'Object Repository/DispensaryToStore/Page_Store/select_--Select--BA1170BA2376B'

2018-06-09 16:11:01 - [TEST_STEP][PASSED] - Statement - Try: null

2018-06-09 16:11:01 - [TEST_STEP][PASSED] - Statement - StockQty = com.kms.katalon.core.webui.keyword.WebUiBuiltInKeywords.getAttribute(com.kms.katalon.core.testobject.ObjectRepository.findTestObject(DispensaryToStore/Page_Store/input_txtprice), "value"): Attribute 'value' of object 'Object Repository/DispensaryToStore/Page_Store/input_txtprice' is: '890'

2018-06-09 16:11:01 - [MESSAGE][PASSED] - Attribute 'value' of object 'Object Repository/DispensaryToStore/Page_Store/input_txtprice' is: '890'

2018-06-09 16:11:01 - [TEST_STEP][PASSED] - Statement - out.println("Stock QTY : " + StockQty): null

2018-06-09 16:11:01 - [TEST_STEP][PASSED] - delay: Delayed 2 second(s)

2018-06-09 16:11:03 - [MESSAGE][PASSED] - Delayed 2 second(s)

2018-06-09 16:11:03 - [TEST_STEP][PASSED] - Statement - If (java.lang.String.valueOf(StockQty) >= java.lang.String.valueOf(RequestedQty)): null

2018-06-09 16:11:03 - [TEST_STEP][PASSED] - setText: Text '10' is set on object 'Object Repository/DispensaryToStore/Page_Store/input_txtqty'

2018-06-09 16:11:03 - [MESSAGE][PASSED] - Text '10' is set on object 'Object Repository/DispensaryToStore/Page_Store/input_txtqty'

2018-06-09 16:11:03 - [TEST_STEP][PASSED] - click: Object: 'Object Repository/DispensaryToStore/Page_Store/button_Add' is clicked on

2018-06-09 16:11:03 - [MESSAGE][PASSED] - Object: 'Object Repository/DispensaryToStore/Page_Store/button_Add' is clicked on

2018-06-09 16:11:03 - [TEST_STEP][PASSED] - Statement - Break: null

2018-06-09 16:11:03 - [TEST_STEP][PASSED] - selectOptionByIndex: All options with index in [4] are selected on object 'Object Repository/DispensaryToStore/Page_Store/select_--Select--Adernaline 0.'

2018-06-09 16:11:03 - [MESSAGE][PASSED] - All options with index in [4] are selected on object 'Object Repository/DispensaryToStore/Page_Store/select_--Select--Adernaline 0.'

2018-06-09 16:11:03 - [TEST_STEP][PASSED] - delay: Delayed 2 second(s)

2018-06-09 16:11:05 - [MESSAGE][PASSED] - Delayed 2 second(s)

2018-06-09 16:11:05 - [TEST_STEP][PASSED] - Statement - RequestedQty = com.kms.katalon.core.webui.keyword.WebUiBuiltInKeywords.getAttribute(com.kms.katalon.core.testobject.ObjectRepository.findTestObject(DispensaryToStore/Page_Store/input_txttotal), "value"): Attribute 'value' of object 'Object Repository/DispensaryToStore/Page_Store/input_txttotal' is: '10'

2018-06-09 16:11:05 - [MESSAGE][PASSED] - Attribute 'value' of object 'Object Repository/DispensaryToStore/Page_Store/input_txttotal' is: '10'

2018-06-09 16:11:05 - [TEST_STEP][PASSED] - Statement - out.println("Requested QTY : " + RequestedQty): null

2018-06-09 16:11:05 - [TEST_STEP][PASSED] - Statement - BatchNumber = com.kms.katalon.core.webui.keyword.WebUiBuiltInKeywords.getNumberOfTotalOption(com.kms.katalon.core.testobject.ObjectRepository.findTestObject(DispensaryToStore/Page_Store/select_--Select--BA1170BA2376B)): 3 options of object 'Object Repository/DispensaryToStore/Page_Store/select_--Select--BA1170BA2376B' counted

2018-06-09 16:11:05 - [MESSAGE][PASSED] - 3 options of object 'Object Repository/DispensaryToStore/Page_Store/select_--Select--BA1170BA2376B' counted

2018-06-09 16:11:05 - [TEST_STEP][PASSED] - Statement - For ([g = 1, g <= BatchNumber - 1, (g++)]): null

2018-06-09 16:11:05 - [TEST_STEP][PASSED] - selectOptionByIndex: All options with index in [1] are selected on object 'Object Repository/DispensaryToStore/Page_Store/select_--Select--BA1170BA2376B'

2018-06-09 16:11:05 - [MESSAGE][PASSED] - All options with index in [1] are selected on object 'Object Repository/DispensaryToStore/Page_Store/select_--Select--BA1170BA2376B'

2018-06-09 16:11:05 - [TEST_STEP][PASSED] - Statement - Try: null

2018-06-09 16:11:05 - [TEST_STEP][PASSED] - Statement - StockQty = com.kms.katalon.core.webui.keyword.WebUiBuiltInKeywords.getAttribute(com.kms.katalon.core.testobject.ObjectRepository.findTestObject(DispensaryToStore/Page_Store/input_txtprice), "value"): Attribute 'value' of object 'Object Repository/DispensaryToStore/Page_Store/input_txtprice' is: '850'

2018-06-09 16:11:05 - [MESSAGE][PASSED] - Attribute 'value' of object 'Object Repository/DispensaryToStore/Page_Store/input_txtprice' is: '850'

2018-06-09 16:11:05 - [TEST_STEP][PASSED] - Statement - out.println("Stock QTY : " + StockQty): null

2018-06-09 16:11:05 - [TEST_STEP][PASSED] - delay: Delayed 2 second(s)

2018-06-09 16:11:07 - [MESSAGE][PASSED] - Delayed 2 second(s)

2018-06-09 16:11:07 - [TEST_STEP][PASSED] - Statement - If (java.lang.String.valueOf(StockQty) >= java.lang.String.valueOf(RequestedQty)): null

2018-06-09 16:11:07 - [TEST_STEP][PASSED] - setText: Text '10' is set on object 'Object Repository/DispensaryToStore/Page_Store/input_txtqty'

2018-06-09 16:11:08 - [MESSAGE][PASSED] - Text '10' is set on object 'Object Repository/DispensaryToStore/Page_Store/input_txtqty'

2018-06-09 16:11:08 - [TEST_STEP][PASSED] - click: Object: 'Object Repository/DispensaryToStore/Page_Store/button_Add' is clicked on

2018-06-09 16:11:08 - [MESSAGE][PASSED] - Object: 'Object Repository/DispensaryToStore/Page_Store/button_Add' is clicked on

2018-06-09 16:11:08 - [TEST_STEP][PASSED] - Statement - Break: null

2018-06-09 16:11:08 - [TEST_STEP][PASSED] - selectOptionByIndex: All options with index in [5] are selected on object 'Object Repository/DispensaryToStore/Page_Store/select_--Select--Adernaline 0.'

2018-06-09 16:11:08 - [MESSAGE][PASSED] - All options with index in [5] are selected on object 'Object Repository/DispensaryToStore/Page_Store/select_--Select--Adernaline 0.'

2018-06-09 16:11:08 - [TEST_STEP][PASSED] - delay: Delayed 2 second(s)

2018-06-09 16:11:10 - [MESSAGE][PASSED] - Delayed 2 second(s)

2018-06-09 16:11:10 - [TEST_STEP][PASSED] - Statement - RequestedQty = com.kms.katalon.core.webui.keyword.WebUiBuiltInKeywords.getAttribute(com.kms.katalon.core.testobject.ObjectRepository.findTestObject(DispensaryToStore/Page_Store/input_txttotal), "value"): Attribute 'value' of object 'Object Repository/DispensaryToStore/Page_Store/input_txttotal' is: '10'

2018-06-09 16:11:10 - [MESSAGE][PASSED] - Attribute 'value' of object 'Object Repository/DispensaryToStore/Page_Store/input_txttotal' is: '10'

2018-06-09 16:11:10 - [TEST_STEP][PASSED] - Statement - out.println("Requested QTY : " + RequestedQty): null

2018-06-09 16:11:10 - [TEST_STEP][PASSED] - Statement - BatchNumber = com.kms.katalon.core.webui.keyword.WebUiBuiltInKeywords.getNumberOfTotalOption(com.kms.katalon.core.testobject.ObjectRepository.findTestObject(DispensaryToStore/Page_Store/select_--Select--BA1170BA2376B)): 2 options of object 'Object Repository/DispensaryToStore/Page_Store/select_--Select--BA1170BA2376B' counted

2018-06-09 16:11:10 - [MESSAGE][PASSED] - 2 options of object 'Object Repository/DispensaryToStore/Page_Store/select_--Select--BA1170BA2376B' counted

2018-06-09 16:11:10 - [TEST_STEP][PASSED] - Statement - For ([g = 1, g <= BatchNumber - 1, (g++)]): null

2018-06-09 16:11:10 - [TEST_STEP][PASSED] - selectOptionByIndex: All options with index in [1] are selected on object 'Object Repository/DispensaryToStore/Page_Store/select_--Select--BA1170BA2376B'

2018-06-09 16:11:10 - [MESSAGE][PASSED] - All options with index in [1] are selected on object 'Object Repository/DispensaryToStore/Page_Store/select_--Select--BA1170BA2376B'

2018-06-09 16:11:10 - [TEST_STEP][PASSED] - Statement - Try: null

2018-06-09 16:11:10 - [TEST_STEP][PASSED] - Statement - StockQty = com.kms.katalon.core.webui.keyword.WebUiBuiltInKeywords.getAttribute(com.kms.katalon.core.testobject.ObjectRepository.findTestObject(DispensaryToStore/Page_Store/input_txtprice), "value"): Attribute 'value' of object 'Object Repository/DispensaryToStore/Page_Store/input_txtprice' is: '810'

2018-06-09 16:11:10 - [MESSAGE][PASSED] - Attribute 'value' of object 'Object Repository/DispensaryToStore/Page_Store/input_txtprice' is: '810'

2018-06-09 16:11:10 - [TEST_STEP][PASSED] - Statement - out.println("Stock QTY : " + StockQty): null

2018-06-09 16:11:10 - [TEST_STEP][PASSED] - delay: Delayed 2 second(s)

2018-06-09 16:11:12 - [MESSAGE][PASSED] - Delayed 2 second(s)

2018-06-09 16:11:12 - [TEST_STEP][PASSED] - Statement - If (java.lang.String.valueOf(StockQty) >= java.lang.String.valueOf(RequestedQty)): null

2018-06-09 16:11:12 - [TEST_STEP][PASSED] - setText: Text '10' is set on object 'Object Repository/DispensaryToStore/Page_Store/input_txtqty'

2018-06-09 16:11:12 - [MESSAGE][PASSED] - Text '10' is set on object 'Object Repository/DispensaryToStore/Page_Store/input_txtqty'

2018-06-09 16:11:12 - [TEST_STEP][PASSED] - click: Object: 'Object Repository/DispensaryToStore/Page_Store/button_Add' is clicked on

2018-06-09 16:11:12 - [MESSAGE][PASSED] - Object: 'Object Repository/DispensaryToStore/Page_Store/button_Add' is clicked on

2018-06-09 16:11:12 - [TEST_STEP][PASSED] - Statement - Break: null

2018-06-09 16:11:12 - [TEST_STEP][PASSED] - selectOptionByIndex: All options with index in [6] are selected on object 'Object Repository/DispensaryToStore/Page_Store/select_--Select--Adernaline 0.'

2018-06-09 16:11:13 - [MESSAGE][PASSED] - All options with index in [6] are selected on object 'Object Repository/DispensaryToStore/Page_Store/select_--Select--Adernaline 0.'

2018-06-09 16:11:13 - [TEST_STEP][PASSED] - delay: Delayed 2 second(s)

2018-06-09 16:11:15 - [MESSAGE][PASSED] - Delayed 2 second(s)

2018-06-09 16:11:15 - [TEST_STEP][PASSED] - Statement - RequestedQty = com.kms.katalon.core.webui.keyword.WebUiBuiltInKeywords.getAttribute(com.kms.katalon.core.testobject.ObjectRepository.findTestObject(DispensaryToStore/Page_Store/input_txttotal), "value"): Attribute 'value' of object 'Object Repository/DispensaryToStore/Page_Store/input_txttotal' is: '10'

2018-06-09 16:11:15 - [MESSAGE][PASSED] - Attribute 'value' of object 'Object Repository/DispensaryToStore/Page_Store/input_txttotal' is: '10'

2018-06-09 16:11:15 - [TEST_STEP][PASSED] - Statement - out.println("Requested QTY : " + RequestedQty): null

2018-06-09 16:11:15 - [TEST_STEP][PASSED] - Statement - BatchNumber = com.kms.katalon.core.webui.keyword.WebUiBuiltInKeywords.getNumberOfTotalOption(com.kms.katalon.core.testobject.ObjectRepository.findTestObject(DispensaryToStore/Page_Store/select_--Select--BA1170BA2376B)): 3 options of object 'Object Repository/DispensaryToStore/Page_Store/select_--Select--BA1170BA2376B' counted

2018-06-09 16:11:15 - [MESSAGE][PASSED] - 3 options of object 'Object Repository/DispensaryToStore/Page_Store/select_--Select--BA1170BA2376B' counted

2018-06-09 16:11:15 - [TEST_STEP][PASSED] - Statement - For ([g = 1, g <= BatchNumber - 1, (g++)]): null

2018-06-09 16:11:15 - [TEST_STEP][PASSED] - selectOptionByIndex: All options with index in [1] are selected on object 'Object Repository/DispensaryToStore/Page_Store/select_--Select--BA1170BA2376B'

2018-06-09 16:11:15 - [MESSAGE][PASSED] - All options with index in [1] are selected on object 'Object Repository/DispensaryToStore/Page_Store/select_--Select--BA1170BA2376B'

2018-06-09 16:11:15 - [TEST_STEP][PASSED] - Statement - Try: null

2018-06-09 16:11:15 - [TEST_STEP][PASSED] - Statement - StockQty = com.kms.katalon.core.webui.keyword.WebUiBuiltInKeywords.getAttribute(com.kms.katalon.core.testobject.ObjectRepository.findTestObject(DispensaryToStore/Page_Store/input_txtprice), "value"): Attribute 'value' of object 'Object Repository/DispensaryToStore/Page_Store/input_txtprice' is: '870'

2018-06-09 16:11:15 - [MESSAGE][PASSED] - Attribute 'value' of object 'Object Repository/DispensaryToStore/Page_Store/input_txtprice' is: '870'

2018-06-09 16:11:15 - [TEST_STEP][PASSED] - Statement - out.println("Stock QTY : " + StockQty): null

2018-06-09 16:11:15 - [TEST_STEP][PASSED] - delay: Delayed 2 second(s)

2018-06-09 16:11:17 - [MESSAGE][PASSED] - Delayed 2 second(s)

2018-06-09 16:11:17 - [TEST_STEP][PASSED] - Statement - If (java.lang.String.valueOf(StockQty) >= java.lang.String.valueOf(RequestedQty)): null

2018-06-09 16:11:17 - [TEST_STEP][PASSED] - setText: Text '10' is set on object 'Object Repository/DispensaryToStore/Page_Store/input_txtqty'

2018-06-09 16:11:17 - [MESSAGE][PASSED] - Text '10' is set on object 'Object Repository/DispensaryToStore/Page_Store/input_txtqty'

2018-06-09 16:11:17 - [TEST_STEP][PASSED] - click: Object: 'Object Repository/DispensaryToStore/Page_Store/button_Add' is clicked on

2018-06-09 16:11:17 - [MESSAGE][PASSED] - Object: 'Object Repository/DispensaryToStore/Page_Store/button_Add' is clicked on

2018-06-09 16:11:17 - [TEST_STEP][PASSED] - Statement - Break: null

2018-06-09 16:11:17 - [TEST_STEP][PASSED] - selectOptionByIndex: All options with index in [7] are selected on object 'Object Repository/DispensaryToStore/Page_Store/select_--Select--Adernaline 0.'

2018-06-09 16:11:17 - [MESSAGE][PASSED] - All options with index in [7] are selected on object 'Object Repository/DispensaryToStore/Page_Store/select_--Select--Adernaline 0.'

2018-06-09 16:11:17 - [TEST_STEP][PASSED] - delay: Delayed 2 second(s)

2018-06-09 16:11:19 - [MESSAGE][PASSED] - Delayed 2 second(s)

2018-06-09 16:11:19 - [TEST_STEP][PASSED] - Statement - RequestedQty = com.kms.katalon.core.webui.keyword.WebUiBuiltInKeywords.getAttribute(com.kms.katalon.core.testobject.ObjectRepository.findTestObject(DispensaryToStore/Page_Store/input_txttotal), "value"): Attribute 'value' of object 'Object Repository/DispensaryToStore/Page_Store/input_txttotal' is: '10'

2018-06-09 16:11:19 - [MESSAGE][PASSED] - Attribute 'value' of object 'Object Repository/DispensaryToStore/Page_Store/input_txttotal' is: '10'

2018-06-09 16:11:19 - [TEST_STEP][PASSED] - Statement - out.println("Requested QTY : " + RequestedQty): null

2018-06-09 16:11:19 - [TEST_STEP][PASSED] - Statement - BatchNumber = com.kms.katalon.core.webui.keyword.WebUiBuiltInKeywords.getNumberOfTotalOption(com.kms.katalon.core.testobject.ObjectRepository.findTestObject(DispensaryToStore/Page_Store/select_--Select--BA1170BA2376B)): 4 options of object 'Object Repository/DispensaryToStore/Page_Store/select_--Select--BA1170BA2376B' counted

2018-06-09 16:11:19 - [MESSAGE][PASSED] - 4 options of object 'Object Repository/DispensaryToStore/Page_Store/select_--Select--BA1170BA2376B' counted

2018-06-09 16:11:19 - [TEST_STEP][PASSED] - Statement - For ([g = 1, g <= BatchNumber - 1, (g++)]): null

2018-06-09 16:11:19 - [TEST_STEP][PASSED] - selectOptionByIndex: All options with index in [1] are selected on object 'Object Repository/DispensaryToStore/Page_Store/select_--Select--BA1170BA2376B'

2018-06-09 16:11:19 - [MESSAGE][PASSED] - All options with index in [1] are selected on object 'Object Repository/DispensaryToStore/Page_Store/select_--Select--BA1170BA2376B'

2018-06-09 16:11:19 - [TEST_STEP][PASSED] - Statement - Try: null

2018-06-09 16:11:19 - [TEST_STEP][PASSED] - Statement - StockQty = com.kms.katalon.core.webui.keyword.WebUiBuiltInKeywords.getAttribute(com.kms.katalon.core.testobject.ObjectRepository.findTestObject(DispensaryToStore/Page_Store/input_txtprice), "value"): Attribute 'value' of object 'Object Repository/DispensaryToStore/Page_Store/input_txtprice' is: '300'

2018-06-09 16:11:19 - [MESSAGE][PASSED] - Attribute 'value' of object 'Object Repository/DispensaryToStore/Page_Store/input_txtprice' is: '300'

2018-06-09 16:11:19 - [TEST_STEP][PASSED] - Statement - out.println("Stock QTY : " + StockQty): null

2018-06-09 16:11:19 - [TEST_STEP][PASSED] - delay: Delayed 2 second(s)

2018-06-09 16:11:21 - [MESSAGE][PASSED] - Delayed 2 second(s)

2018-06-09 16:11:21 - [TEST_STEP][PASSED] - Statement - If (java.lang.String.valueOf(StockQty) >= java.lang.String.valueOf(RequestedQty)): null

2018-06-09 16:11:21 - [TEST_STEP][PASSED] - setText: Text '10' is set on object 'Object Repository/DispensaryToStore/Page_Store/input_txtqty'

2018-06-09 16:11:21 - [MESSAGE][PASSED] - Text '10' is set on object 'Object Repository/DispensaryToStore/Page_Store/input_txtqty'

2018-06-09 16:11:21 - [TEST_STEP][PASSED] - click: Object: 'Object Repository/DispensaryToStore/Page_Store/button_Add' is clicked on

2018-06-09 16:11:22 - [MESSAGE][PASSED] - Object: 'Object Repository/DispensaryToStore/Page_Store/button_Add' is clicked on

2018-06-09 16:11:22 - [TEST_STEP][PASSED] - Statement - Break: null

2018-06-09 16:11:22 - [TEST_STEP][PASSED] - selectOptionByIndex: All options with index in [8] are selected on object 'Object Repository/DispensaryToStore/Page_Store/select_--Select--Adernaline 0.'

2018-06-09 16:11:22 - [MESSAGE][PASSED] - All options with index in [8] are selected on object 'Object Repository/DispensaryToStore/Page_Store/select_--Select--Adernaline 0.'

2018-06-09 16:11:22 - [TEST_STEP][PASSED] - delay: Delayed 2 second(s)

2018-06-09 16:11:24 - [MESSAGE][PASSED] - Delayed 2 second(s)

2018-06-09 16:11:24 - [TEST_STEP][PASSED] - Statement - RequestedQty = com.kms.katalon.core.webui.keyword.WebUiBuiltInKeywords.getAttribute(com.kms.katalon.core.testobject.ObjectRepository.findTestObject(DispensaryToStore/Page_Store/input_txttotal), "value"): Attribute 'value' of object 'Object Repository/DispensaryToStore/Page_Store/input_txttotal' is: '10'

2018-06-09 16:11:24 - [MESSAGE][PASSED] - Attribute 'value' of object 'Object Repository/DispensaryToStore/Page_Store/input_txttotal' is: '10'

2018-06-09 16:11:24 - [TEST_STEP][PASSED] - Statement - out.println("Requested QTY : " + RequestedQty): null

2018-06-09 16:11:24 - [TEST_STEP][PASSED] - Statement - BatchNumber = com.kms.katalon.core.webui.keyword.WebUiBuiltInKeywords.getNumberOfTotalOption(com.kms.katalon.core.testobject.ObjectRepository.findTestObject(DispensaryToStore/Page_Store/select_--Select--BA1170BA2376B)): 4 options of object 'Object Repository/DispensaryToStore/Page_Store/select_--Select--BA1170BA2376B' counted

2018-06-09 16:11:24 - [MESSAGE][PASSED] - 4 options of object 'Object Repository/DispensaryToStore/Page_Store/select_--Select--BA1170BA2376B' counted

2018-06-09 16:11:24 - [TEST_STEP][PASSED] - Statement - For ([g = 1, g <= BatchNumber - 1, (g++)]): null

2018-06-09 16:11:24 - [TEST_STEP][PASSED] - selectOptionByIndex: All options with index in [1] are selected on object 'Object Repository/DispensaryToStore/Page_Store/select_--Select--BA1170BA2376B'

2018-06-09 16:11:24 - [MESSAGE][PASSED] - All options with index in [1] are selected on object 'Object Repository/DispensaryToStore/Page_Store/select_--Select--BA1170BA2376B'

2018-06-09 16:11:24 - [TEST_STEP][PASSED] - Statement - Try: null

2018-06-09 16:11:24 - [TEST_STEP][PASSED] - Statement - StockQty = com.kms.katalon.core.webui.keyword.WebUiBuiltInKeywords.getAttribute(com.kms.katalon.core.testobject.ObjectRepository.findTestObject(DispensaryToStore/Page_Store/input_txtprice), "value"): Attribute 'value' of object 'Object Repository/DispensaryToStore/Page_Store/input_txtprice' is: '300'

2018-06-09 16:11:24 - [MESSAGE][PASSED] - Attribute 'value' of object 'Object Repository/DispensaryToStore/Page_Store/input_txtprice' is: '300'

2018-06-09 16:11:24 - [TEST_STEP][PASSED] - Statement - out.println("Stock QTY : " + StockQty): null

2018-06-09 16:11:24 - [TEST_STEP][PASSED] - delay: Delayed 2 second(s)

2018-06-09 16:11:26 - [MESSAGE][PASSED] - Delayed 2 second(s)

2018-06-09 16:11:26 - [TEST_STEP][PASSED] - Statement - If (java.lang.String.valueOf(StockQty) >= java.lang.String.valueOf(RequestedQty)): null

2018-06-09 16:11:26 - [TEST_STEP][PASSED] - setText: Text '10' is set on object 'Object Repository/DispensaryToStore/Page_Store/input_txtqty'

2018-06-09 16:11:26 - [MESSAGE][PASSED] - Text '10' is set on object 'Object Repository/DispensaryToStore/Page_Store/input_txtqty'

2018-06-09 16:11:26 - [TEST_STEP][PASSED] - click: Object: 'Object Repository/DispensaryToStore/Page_Store/button_Add' is clicked on

2018-06-09 16:11:26 - [MESSAGE][PASSED] - Object: 'Object Repository/DispensaryToStore/Page_Store/button_Add' is clicked on

2018-06-09 16:11:26 - [TEST_STEP][PASSED] - Statement - Break: null

2018-06-09 16:11:26 - [TEST_STEP][PASSED] - selectOptionByIndex: All options with index in [9] are selected on object 'Object Repository/DispensaryToStore/Page_Store/select_--Select--Adernaline 0.'

2018-06-09 16:11:26 - [MESSAGE][PASSED] - All options with index in [9] are selected on object 'Object Repository/DispensaryToStore/Page_Store/select_--Select--Adernaline 0.'

2018-06-09 16:11:26 - [TEST_STEP][PASSED] - delay: Delayed 2 second(s)

2018-06-09 16:11:28 - [MESSAGE][PASSED] - Delayed 2 second(s)

2018-06-09 16:11:28 - [TEST_STEP][PASSED] - Statement - RequestedQty = com.kms.katalon.core.webui.keyword.WebUiBuiltInKeywords.getAttribute(com.kms.katalon.core.testobject.ObjectRepository.findTestObject(DispensaryToStore/Page_Store/input_txttotal), "value"): Attribute 'value' of object 'Object Repository/DispensaryToStore/Page_Store/input_txttotal' is: '10'

2018-06-09 16:11:28 - [MESSAGE][PASSED] - Attribute 'value' of object 'Object Repository/DispensaryToStore/Page_Store/input_txttotal' is: '10'

2018-06-09 16:11:28 - [TEST_STEP][PASSED] - Statement - out.println("Requested QTY : " + RequestedQty): null

2018-06-09 16:11:28 - [TEST_STEP][PASSED] - Statement - BatchNumber = com.kms.katalon.core.webui.keyword.WebUiBuiltInKeywords.getNumberOfTotalOption(com.kms.katalon.core.testobject.ObjectRepository.findTestObject(DispensaryToStore/Page_Store/select_--Select--BA1170BA2376B)): 4 options of object 'Object Repository/DispensaryToStore/Page_Store/select_--Select--BA1170BA2376B' counted

2018-06-09 16:11:28 - [MESSAGE][PASSED] - 4 options of object 'Object Repository/DispensaryToStore/Page_Store/select_--Select--BA1170BA2376B' counted

2018-06-09 16:11:28 - [TEST_STEP][PASSED] - Statement - For ([g = 1, g <= BatchNumber - 1, (g++)]): null

2018-06-09 16:11:28 - [TEST_STEP][PASSED] - selectOptionByIndex: All options with index in [1] are selected on object 'Object Repository/DispensaryToStore/Page_Store/select_--Select--BA1170BA2376B'

2018-06-09 16:11:29 - [MESSAGE][PASSED] - All options with index in [1] are selected on object 'Object Repository/DispensaryToStore/Page_Store/select_--Select--BA1170BA2376B'

2018-06-09 16:11:29 - [TEST_STEP][PASSED] - Statement - Try: null

2018-06-09 16:11:29 - [TEST_STEP][PASSED] - Statement - StockQty = com.kms.katalon.core.webui.keyword.WebUiBuiltInKeywords.getAttribute(com.kms.katalon.core.testobject.ObjectRepository.findTestObject(DispensaryToStore/Page_Store/input_txtprice), "value"): Attribute 'value' of object 'Object Repository/DispensaryToStore/Page_Store/input_txtprice' is: '300'

2018-06-09 16:11:29 - [MESSAGE][PASSED] - Attribute 'value' of object 'Object Repository/DispensaryToStore/Page_Store/input_txtprice' is: '300'

2018-06-09 16:11:29 - [TEST_STEP][PASSED] - Statement - out.println("Stock QTY : " + StockQty): null

2018-06-09 16:11:29 - [TEST_STEP][PASSED] - delay: Delayed 2 second(s)

2018-06-09 16:11:31 - [MESSAGE][PASSED] - Delayed 2 second(s)

2018-06-09 16:11:31 - [TEST_STEP][PASSED] - Statement - If (java.lang.String.valueOf(StockQty) >= java.lang.String.valueOf(RequestedQty)): null

2018-06-09 16:11:31 - [TEST_STEP][PASSED] - setText: Text '10' is set on object 'Object Repository/DispensaryToStore/Page_Store/input_txtqty'

2018-06-09 16:11:31 - [MESSAGE][PASSED] - Text '10' is set on object 'Object Repository/DispensaryToStore/Page_Store/input_txtqty'

2018-06-09 16:11:31 - [TEST_STEP][PASSED] - click: Object: 'Object Repository/DispensaryToStore/Page_Store/button_Add' is clicked on

2018-06-09 16:11:31 - [MESSAGE][PASSED] - Object: 'Object Repository/DispensaryToStore/Page_Store/button_Add' is clicked on

2018-06-09 16:11:31 - [TEST_STEP][PASSED] - Statement - Break: null

2018-06-09 16:11:31 - [TEST_STEP][PASSED] - selectOptionByIndex: All options with index in [10] are selected on object 'Object Repository/DispensaryToStore/Page_Store/select_--Select--Adernaline 0.'

2018-06-09 16:11:31 - [MESSAGE][PASSED] - All options with index in [10] are selected on object 'Object Repository/DispensaryToStore/Page_Store/select_--Select--Adernaline 0.'

2018-06-09 16:11:31 - [TEST_STEP][PASSED] - delay: Delayed 2 second(s)

2018-06-09 16:11:33 - [MESSAGE][PASSED] - Delayed 2 second(s)

2018-06-09 16:11:33 - [TEST_STEP][PASSED] - Statement - RequestedQty = com.kms.katalon.core.webui.keyword.WebUiBuiltInKeywords.getAttribute(com.kms.katalon.core.testobject.ObjectRepository.findTestObject(DispensaryToStore/Page_Store/input_txttotal), "value"): Attribute 'value' of object 'Object Repository/DispensaryToStore/Page_Store/input_txttotal' is: '10'

2018-06-09 16:11:33 - [MESSAGE][PASSED] - Attribute 'value' of object 'Object Repository/DispensaryToStore/Page_Store/input_txttotal' is: '10'

2018-06-09 16:11:33 - [TEST_STEP][PASSED] - Statement - out.println("Requested QTY : " + RequestedQty): null

2018-06-09 16:11:33 - [TEST_STEP][PASSED] - Statement - BatchNumber = com.kms.katalon.core.webui.keyword.WebUiBuiltInKeywords.getNumberOfTotalOption(com.kms.katalon.core.testobject.ObjectRepository.findTestObject(DispensaryToStore/Page_Store/select_--Select--BA1170BA2376B)): 3 options of object 'Object Repository/DispensaryToStore/Page_Store/select_--Select--BA1170BA2376B' counted

2018-06-09 16:11:33 - [MESSAGE][PASSED] - 3 options of object 'Object Repository/DispensaryToStore/Page_Store/select_--Select--BA1170BA2376B' counted

2018-06-09 16:11:33 - [TEST_STEP][PASSED] - Statement - For ([g = 1, g <= BatchNumber - 1, (g++)]): null

2018-06-09 16:11:33 - [TEST_STEP][PASSED] - selectOptionByIndex: All options with index in [1] are selected on object 'Object Repository/DispensaryToStore/Page_Store/select_--Select--BA1170BA2376B'

2018-06-09 16:11:33 - [MESSAGE][PASSED] - All options with index in [1] are selected on object 'Object Repository/DispensaryToStore/Page_Store/select_--Select--BA1170BA2376B'

2018-06-09 16:11:33 - [TEST_STEP][PASSED] - Statement - Try: null

2018-06-09 16:11:33 - [TEST_STEP][PASSED] - Statement - StockQty = com.kms.katalon.core.webui.keyword.WebUiBuiltInKeywords.getAttribute(com.kms.katalon.core.testobject.ObjectRepository.findTestObject(DispensaryToStore/Page_Store/input_txtprice), "value"): Attribute 'value' of object 'Object Repository/DispensaryToStore/Page_Store/input_txtprice' is: '870'

2018-06-09 16:11:33 - [MESSAGE][PASSED] - Attribute 'value' of object 'Object Repository/DispensaryToStore/Page_Store/input_txtprice' is: '870'

2018-06-09 16:11:33 - [TEST_STEP][PASSED] - Statement - out.println("Stock QTY : " + StockQty): null

2018-06-09 16:11:33 - [TEST_STEP][PASSED] - delay: Delayed 2 second(s)

2018-06-09 16:11:35 - [MESSAGE][PASSED] - Delayed 2 second(s)

2018-06-09 16:11:35 - [TEST_STEP][PASSED] - Statement - If (java.lang.String.valueOf(StockQty) >= java.lang.String.valueOf(RequestedQty)): null

2018-06-09 16:11:35 - [TEST_STEP][PASSED] - setText: Text '10' is set on object 'Object Repository/DispensaryToStore/Page_Store/input_txtqty'

2018-06-09 16:11:35 - [MESSAGE][PASSED] - Text '10' is set on object 'Object Repository/DispensaryToStore/Page_Store/input_txtqty'

2018-06-09 16:11:35 - [TEST_STEP][PASSED] - click: Object: 'Object Repository/DispensaryToStore/Page_Store/button_Add' is clicked on

2018-06-09 16:11:36 - [MESSAGE][PASSED] - Object: 'Object Repository/DispensaryToStore/Page_Store/button_Add' is clicked on

2018-06-09 16:11:36 - [TEST_STEP][PASSED] - Statement - Break: null

2018-06-09 16:11:36 - [TEST_STEP][PASSED] - selectOptionByIndex: All options with index in [11] are selected on object 'Object Repository/DispensaryToStore/Page_Store/select_--Select--Adernaline 0.'

2018-06-09 16:11:36 - [MESSAGE][PASSED] - All options with index in [11] are selected on object 'Object Repository/DispensaryToStore/Page_Store/select_--Select--Adernaline 0.'

2018-06-09 16:11:36 - [TEST_STEP][PASSED] - delay: Delayed 2 second(s)

2018-06-09 16:11:38 - [MESSAGE][PASSED] - Delayed 2 second(s)

2018-06-09 16:11:38 - [TEST_STEP][PASSED] - Statement - RequestedQty = com.kms.katalon.core.webui.keyword.WebUiBuiltInKeywords.getAttribute(com.kms.katalon.core.testobject.ObjectRepository.findTestObject(DispensaryToStore/Page_Store/input_txttotal), "value"): Attribute 'value' of object 'Object Repository/DispensaryToStore/Page_Store/input_txttotal' is: '10'

2018-06-09 16:11:38 - [MESSAGE][PASSED] - Attribute 'value' of object 'Object Repository/DispensaryToStore/Page_Store/input_txttotal' is: '10'

2018-06-09 16:11:38 - [TEST_STEP][PASSED] - Statement - out.println("Requested QTY : " + RequestedQty): null

2018-06-09 16:11:38 - [TEST_STEP][PASSED] - Statement - BatchNumber = com.kms.katalon.core.webui.keyword.WebUiBuiltInKeywords.getNumberOfTotalOption(com.kms.katalon.core.testobject.ObjectRepository.findTestObject(DispensaryToStore/Page_Store/select_--Select--BA1170BA2376B)): 2 options of object 'Object Repository/DispensaryToStore/Page_Store/select_--Select--BA1170BA2376B' counted

2018-06-09 16:11:38 - [MESSAGE][PASSED] - 2 options of object 'Object Repository/DispensaryToStore/Page_Store/select_--Select--BA1170BA2376B' counted

2018-06-09 16:11:38 - [TEST_STEP][PASSED] - Statement - For ([g = 1, g <= BatchNumber - 1, (g++)]): null

2018-06-09 16:11:38 - [TEST_STEP][PASSED] - selectOptionByIndex: All options with index in [1] are selected on object 'Object Repository/DispensaryToStore/Page_Store/select_--Select--BA1170BA2376B'

2018-06-09 16:11:38 - [MESSAGE][PASSED] - All options with index in [1] are selected on object 'Object Repository/DispensaryToStore/Page_Store/select_--Select--BA1170BA2376B'

2018-06-09 16:11:38 - [TEST_STEP][PASSED] - Statement - Try: null

2018-06-09 16:11:38 - [TEST_STEP][PASSED] - Statement - StockQty = com.kms.katalon.core.webui.keyword.WebUiBuiltInKeywords.getAttribute(com.kms.katalon.core.testobject.ObjectRepository.findTestObject(DispensaryToStore/Page_Store/input_txtprice), "value"): Attribute 'value' of object 'Object Repository/DispensaryToStore/Page_Store/input_txtprice' is: '910'

2018-06-09 16:11:38 - [MESSAGE][PASSED] - Attribute 'value' of object 'Object Repository/DispensaryToStore/Page_Store/input_txtprice' is: '910'

2018-06-09 16:11:38 - [TEST_STEP][PASSED] - Statement - out.println("Stock QTY : " + StockQty): null

2018-06-09 16:11:38 - [TEST_STEP][PASSED] - delay: Delayed 2 second(s)

2018-06-09 16:11:40 - [MESSAGE][PASSED] - Delayed 2 second(s)

2018-06-09 16:11:40 - [TEST_STEP][PASSED] - Statement - If (java.lang.String.valueOf(StockQty) >= java.lang.String.valueOf(RequestedQty)): null

2018-06-09 16:11:40 - [TEST_STEP][PASSED] - setText: Text '10' is set on object 'Object Repository/DispensaryToStore/Page_Store/input_txtqty'

2018-06-09 16:11:40 - [MESSAGE][PASSED] - Text '10' is set on object 'Object Repository/DispensaryToStore/Page_Store/input_txtqty'

2018-06-09 16:11:40 - [TEST_STEP][PASSED] - click: Object: 'Object Repository/DispensaryToStore/Page_Store/button_Add' is clicked on

2018-06-09 16:11:40 - [MESSAGE][PASSED] - Object: 'Object Repository/DispensaryToStore/Page_Store/button_Add' is clicked on

2018-06-09 16:11:40 - [TEST_STEP][PASSED] - Statement - Break: null

2018-06-09 16:11:40 - [TEST_STEP][PASSED] - selectOptionByIndex: All options with index in [12] are selected on object 'Object Repository/DispensaryToStore/Page_Store/select_--Select--Adernaline 0.'

2018-06-09 16:11:40 - [MESSAGE][PASSED] - All options with index in [12] are selected on object 'Object Repository/DispensaryToStore/Page_Store/select_--Select--Adernaline 0.'

2018-06-09 16:11:40 - [TEST_STEP][PASSED] - delay: Delayed 2 second(s)

2018-06-09 16:11:42 - [MESSAGE][PASSED] - Delayed 2 second(s)

2018-06-09 16:11:42 - [TEST_STEP][PASSED] - Statement - RequestedQty = com.kms.katalon.core.webui.keyword.WebUiBuiltInKeywords.getAttribute(com.kms.katalon.core.testobject.ObjectRepository.findTestObject(DispensaryToStore/Page_Store/input_txttotal), "value"): Attribute 'value' of object 'Object Repository/DispensaryToStore/Page_Store/input_txttotal' is: '10'

2018-06-09 16:11:43 - [MESSAGE][PASSED] - Attribute 'value' of object 'Object Repository/DispensaryToStore/Page_Store/input_txttotal' is: '10'

2018-06-09 16:11:43 - [TEST_STEP][PASSED] - Statement - out.println("Requested QTY : " + RequestedQty): null

2018-06-09 16:11:43 - [TEST_STEP][PASSED] - Statement - BatchNumber = com.kms.katalon.core.webui.keyword.WebUiBuiltInKeywords.getNumberOfTotalOption(com.kms.katalon.core.testobject.ObjectRepository.findTestObject(DispensaryToStore/Page_Store/select_--Select--BA1170BA2376B)): 3 options of object 'Object Repository/DispensaryToStore/Page_Store/select_--Select--BA1170BA2376B' counted

2018-06-09 16:11:43 - [MESSAGE][PASSED] - 3 options of object 'Object Repository/DispensaryToStore/Page_Store/select_--Select--BA1170BA2376B' counted

2018-06-09 16:11:43 - [TEST_STEP][PASSED] - Statement - For ([g = 1, g <= BatchNumber - 1, (g++)]): null

2018-06-09 16:11:43 - [TEST_STEP][PASSED] - selectOptionByIndex: All options with index in [1] are selected on object 'Object Repository/DispensaryToStore/Page_Store/select_--Select--BA1170BA2376B'

2018-06-09 16:11:43 - [MESSAGE][PASSED] - All options with index in [1] are selected on object 'Object Repository/DispensaryToStore/Page_Store/select_--Select--BA1170BA2376B'

2018-06-09 16:11:43 - [TEST_STEP][PASSED] - Statement - Try: null

2018-06-09 16:11:43 - [TEST_STEP][PASSED] - Statement - StockQty = com.kms.katalon.core.webui.keyword.WebUiBuiltInKeywords.getAttribute(com.kms.katalon.core.testobject.ObjectRepository.findTestObject(DispensaryToStore/Page_Store/input_txtprice), "value"): Attribute 'value' of object 'Object Repository/DispensaryToStore/Page_Store/input_txtprice' is: '870'

2018-06-09 16:11:43 - [MESSAGE][PASSED] - Attribute 'value' of object 'Object Repository/DispensaryToStore/Page_Store/input_txtprice' is: '870'

2018-06-09 16:11:43 - [TEST_STEP][PASSED] - Statement - out.println("Stock QTY : " + StockQty): null

2018-06-09 16:11:43 - [TEST_STEP][PASSED] - delay: Delayed 2 second(s)

2018-06-09 16:11:45 - [MESSAGE][PASSED] - Delayed 2 second(s)

2018-06-09 16:11:45 - [TEST_STEP][PASSED] - Statement - If (java.lang.String.valueOf(StockQty) >= java.lang.String.valueOf(RequestedQty)): null

2018-06-09 16:11:45 - [TEST_STEP][PASSED] - setText: Text '10' is set on object 'Object Repository/DispensaryToStore/Page_Store/input_txtqty'

2018-06-09 16:11:45 - [MESSAGE][PASSED] - Text '10' is set on object 'Object Repository/DispensaryToStore/Page_Store/input_txtqty'

2018-06-09 16:11:45 - [TEST_STEP][PASSED] - click: Object: 'Object Repository/DispensaryToStore/Page_Store/button_Add' is clicked on

2018-06-09 16:11:45 - [MESSAGE][PASSED] - Object: 'Object Repository/DispensaryToStore/Page_Store/button_Add' is clicked on

2018-06-09 16:11:45 - [TEST_STEP][PASSED] - Statement - Break: null

2018-06-09 16:11:45 - [TEST_STEP][PASSED] - selectOptionByIndex: All options with index in [13] are selected on object 'Object Repository/DispensaryToStore/Page_Store/select_--Select--Adernaline 0.'

2018-06-09 16:11:45 - [MESSAGE][PASSED] - All options with index in [13] are selected on object 'Object Repository/DispensaryToStore/Page_Store/select_--Select--Adernaline 0.'

2018-06-09 16:11:45 - [TEST_STEP][PASSED] - delay: Delayed 2 second(s)

2018-06-09 16:11:47 - [MESSAGE][PASSED] - Delayed 2 second(s)

2018-06-09 16:11:47 - [TEST_STEP][PASSED] - Statement - RequestedQty = com.kms.katalon.core.webui.keyword.WebUiBuiltInKeywords.getAttribute(com.kms.katalon.core.testobject.ObjectRepository.findTestObject(DispensaryToStore/Page_Store/input_txttotal), "value"): Attribute 'value' of object 'Object Repository/DispensaryToStore/Page_Store/input_txttotal' is: '10'

2018-06-09 16:11:47 - [MESSAGE][PASSED] - Attribute 'value' of object 'Object Repository/DispensaryToStore/Page_Store/input_txttotal' is: '10'

2018-06-09 16:11:47 - [TEST_STEP][PASSED] - Statement - out.println("Requested QTY : " + RequestedQty): null

2018-06-09 16:11:47 - [TEST_STEP][PASSED] - Statement - BatchNumber = com.kms.katalon.core.webui.keyword.WebUiBuiltInKeywords.getNumberOfTotalOption(com.kms.katalon.core.testobject.ObjectRepository.findTestObject(DispensaryToStore/Page_Store/select_--Select--BA1170BA2376B)): 4 options of object 'Object Repository/DispensaryToStore/Page_Store/select_--Select--BA1170BA2376B' counted

2018-06-09 16:11:47 - [MESSAGE][PASSED] - 4 options of object 'Object Repository/DispensaryToStore/Page_Store/select_--Select--BA1170BA2376B' counted

2018-06-09 16:11:47 - [TEST_STEP][PASSED] - Statement - For ([g = 1, g <= BatchNumber - 1, (g++)]): null

2018-06-09 16:11:47 - [TEST_STEP][PASSED] - selectOptionByIndex: All options with index in [1] are selected on object 'Object Repository/DispensaryToStore/Page_Store/select_--Select--BA1170BA2376B'

2018-06-09 16:11:47 - [MESSAGE][PASSED] - All options with index in [1] are selected on object 'Object Repository/DispensaryToStore/Page_Store/select_--Select--BA1170BA2376B'

2018-06-09 16:11:47 - [TEST_STEP][PASSED] - Statement - Try: null

2018-06-09 16:11:47 - [TEST_STEP][PASSED] - Statement - StockQty = com.kms.katalon.core.webui.keyword.WebUiBuiltInKeywords.getAttribute(com.kms.katalon.core.testobject.ObjectRepository.findTestObject(DispensaryToStore/Page_Store/input_txtprice), "value"): Attribute 'value' of object 'Object Repository/DispensaryToStore/Page_Store/input_txtprice' is: '300'

2018-06-09 16:11:47 - [MESSAGE][PASSED] - Attribute 'value' of object 'Object Repository/DispensaryToStore/Page_Store/input_txtprice' is: '300'

2018-06-09 16:11:47 - [TEST_STEP][PASSED] - Statement - out.println("Stock QTY : " + StockQty): null

2018-06-09 16:11:47 - [TEST_STEP][PASSED] - delay: Delayed 2 second(s)

2018-06-09 16:11:49 - [MESSAGE][PASSED] - Delayed 2 second(s)

2018-06-09 16:11:49 - [TEST_STEP][PASSED] - Statement - If (java.lang.String.valueOf(StockQty) >= java.lang.String.valueOf(RequestedQty)): null

2018-06-09 16:11:49 - [TEST_STEP][PASSED] - setText: Text '10' is set on object 'Object Repository/DispensaryToStore/Page_Store/input_txtqty'

2018-06-09 16:11:50 - [MESSAGE][PASSED] - Text '10' is set on object 'Object Repository/DispensaryToStore/Page_Store/input_txtqty'

2018-06-09 16:11:50 - [TEST_STEP][PASSED] - click: Object: 'Object Repository/DispensaryToStore/Page_Store/button_Add' is clicked on

2018-06-09 16:11:50 - [MESSAGE][PASSED] - Object: 'Object Repository/DispensaryToStore/Page_Store/button_Add' is clicked on

2018-06-09 16:11:50 - [TEST_STEP][PASSED] - Statement - Break: null

2018-06-09 16:11:50 - [TEST_STEP][PASSED] - scrollToElement: Scroll to object 'Object Repository/DispensaryToStore/Page_Store/input_btnSubmit' successfully

2018-06-09 16:11:50 - [MESSAGE][PASSED] - Scroll to object 'Object Repository/DispensaryToStore/Page_Store/input_btnSubmit' successfully

2018-06-09 16:11:50 - [TEST_STEP][PASSED] - click: Object: 'Object Repository/DispensaryToStore/Page_Store/input_btnSubmit' is clicked on

2018-06-09 16:11:50 - [MESSAGE][PASSED] - Object: 'Object Repository/DispensaryToStore/Page_Store/input_btnSubmit' is clicked on

2018-06-09 16:11:50 - [TEST_STEP][PASSED] - delay: Delayed 3 second(s)

2018-06-09 16:11:53 - [MESSAGE][PASSED] - Delayed 3 second(s)

2018-06-09 16:11:53 - [TEST_STEP][PASSED] - click: Object: 'Object Repository/DispensaryToStore/Page_Store/button_OK' is clicked on

2018-06-09 16:11:54 - [MESSAGE][PASSED] - Object: 'Object Repository/DispensaryToStore/Page_Store/button_OK' is clicked on

2018-06-09 16:11:54 - [TEST_STEP][PASSED] - delay: Delayed 3 second(s)

2018-06-09 16:11:57 - [MESSAGE][PASSED] - Delayed 3 second(s)

2018-06-09 16:11:57 - [TEST_STEP][PASSED] - waitForElementPresent: Object 'Object Repository/DispensaryToStore/Page_Dispensary Store/a_dropdown-toggle' is present

2018-06-09 16:11:57 - [MESSAGE][PASSED] - Object 'Object Repository/DispensaryToStore/Page_Dispensary Store/a_dropdown-toggle' is present

2018-06-09 16:11:57 - [TEST_STEP][PASSED] - click: Object: 'Object Repository/DispensaryToStore/Page_Store/a_dropdown-toggle' is clicked on

2018-06-09 16:11:57 - [MESSAGE][PASSED] - Object: 'Object Repository/DispensaryToStore/Page_Store/a_dropdown-toggle' is clicked on

2018-06-09 16:11:57 - [TEST_STEP][PASSED] - click: Object: 'Object Repository/DispensaryToStore/Page_Store/a_Sign out' is clicked on

2018-06-09 16:11:57 - [MESSAGE][PASSED] - Object: 'Object Repository/DispensaryToStore/Page_Store/a_Sign out' is clicked on

2018-06-09 16:11:57 - [TEST_STEP][PASSED] - closeBrowser: Browser is closed

2018-06-09 16:11:58 - [MESSAGE][PASSED] - Browser is closed]]></system-out>
         <system-err><![CDATA[]]></system-err>
      </testcase>
      <testcase name="Test Cases/DISPENSARY TEST CASES/TC_DP_007 Verify Schedule 7 Dispensary Request Are Working Successfully Or Not" classname="Test Cases/DISPENSARY TEST CASES/TC_DP_007 Verify Schedule 7 Dispensary Request Are Working Successfully Or Not" status="PASSED">
         <system-out><![CDATA[2018-06-09 16:11:58 - [TEST_CASE][PASSED] - Test Cases/DISPENSARY TEST CASES/TC_DP_007 Verify Schedule 7 Dispensary Request Are Working Successfully Or Not: Test Cases/DISPENSARY TEST CASES/TC_DP_007 Verify Schedule 7 Dispensary Request Are Working Successfully Or Not

2018-06-09 16:11:58 - [TEST_STEP][PASSED] - openBrowser: Browser is opened with url: ''

2018-06-09 16:12:00 - [MESSAGE][PASSED] - Browser is opened with url: ''

2018-06-09 16:12:00 - [TEST_STEP][PASSED] - navigateToUrl: Navigate to 'http://192.168.137.1/multihospital_new/HDSplashscreen.aspx' successfully

2018-06-09 16:12:03 - [MESSAGE][PASSED] - Navigate to 'http://192.168.137.1/multihospital_new/HDSplashscreen.aspx' successfully

2018-06-09 16:12:03 - [TEST_STEP][PASSED] - maximizeWindow: Current window maximized

2018-06-09 16:12:04 - [MESSAGE][PASSED] - Current window maximized

2018-06-09 16:12:04 - [TEST_STEP][PASSED] - click: Object: 'Object Repository/DispensaryToStore/Page_KDMC/a_Dispensary Store' is clicked on

2018-06-09 16:12:05 - [MESSAGE][PASSED] - Object: 'Object Repository/DispensaryToStore/Page_KDMC/a_Dispensary Store' is clicked on

2018-06-09 16:12:05 - [TEST_STEP][PASSED] - setText: Text 'rajaram' is set on object 'Object Repository/DispensaryToStore/Page_Dispensary Store Login/input_txtusername'

2018-06-09 16:12:05 - [MESSAGE][PASSED] - Text 'rajaram' is set on object 'Object Repository/DispensaryToStore/Page_Dispensary Store Login/input_txtusername'

2018-06-09 16:12:05 - [TEST_STEP][PASSED] - setText: Text '123' is set on object 'Object Repository/DispensaryToStore/Page_Dispensary Store Login/input_txtpassword'

2018-06-09 16:12:06 - [MESSAGE][PASSED] - Text '123' is set on object 'Object Repository/DispensaryToStore/Page_Dispensary Store Login/input_txtpassword'

2018-06-09 16:12:06 - [TEST_STEP][PASSED] - delay: Delayed 3 second(s)

2018-06-09 16:12:09 - [MESSAGE][PASSED] - Delayed 3 second(s)

2018-06-09 16:12:09 - [TEST_STEP][PASSED] - sendKeys: Keys 'ENTER + ' sent to object: 'Object Repository/DispensaryToStore/Page_Dispensary Store Login/input_txtpassword'

2018-06-09 16:12:10 - [MESSAGE][PASSED] - Keys 'ENTER + ' sent to object: 'Object Repository/DispensaryToStore/Page_Dispensary Store Login/input_txtpassword'

2018-06-09 16:12:10 - [TEST_STEP][PASSED] - delay: Delayed 3 second(s)

2018-06-09 16:12:13 - [MESSAGE][PASSED] - Delayed 3 second(s)

2018-06-09 16:12:13 - [TEST_STEP][PASSED] - click: Object: 'Object Repository/DispensaryToStore/Page_Dispensary Store/a_Request to Store' is clicked on

2018-06-09 16:12:13 - [MESSAGE][PASSED] - Object: 'Object Repository/DispensaryToStore/Page_Dispensary Store/a_Request to Store' is clicked on

2018-06-09 16:12:13 - [TEST_STEP][PASSED] - click: Object: 'Object Repository/DispensaryToStore/Page_Dispensary Store/a_Medicine Request' is clicked on

2018-06-09 16:12:13 - [MESSAGE][PASSED] - Object: 'Object Repository/DispensaryToStore/Page_Dispensary Store/a_Medicine Request' is clicked on

2018-06-09 16:12:13 - [TEST_STEP][PASSED] - selectOptionByIndex: All options with index in [7] are selected on object 'Object Repository/DispensaryToStore/Page_Dispensary Store/select_--Select--Schedule 1Inj'

2018-06-09 16:12:14 - [MESSAGE][PASSED] - All options with index in [7] are selected on object 'Object Repository/DispensaryToStore/Page_Dispensary Store/select_--Select--Schedule 1Inj'

2018-06-09 16:12:14 - [TEST_STEP][PASSED] - Statement - medicineslength = com.kms.katalon.core.webui.keyword.WebUiBuiltInKeywords.getNumberOfTotalOption(com.kms.katalon.core.testobject.ObjectRepository.findTestObject(DispensaryToStore/Page_Dispensary Store/select_--Select--Adernaline 0.)): 24 options of object 'Object Repository/DispensaryToStore/Page_Dispensary Store/select_--Select--Adernaline 0.' counted

2018-06-09 16:12:14 - [MESSAGE][PASSED] - 24 options of object 'Object Repository/DispensaryToStore/Page_Dispensary Store/select_--Select--Adernaline 0.' counted

2018-06-09 16:12:14 - [TEST_STEP][PASSED] - Statement - For ([e = 1, e <= medicineslength - 1, (e++)]): Object: 'Object Repository/DispensaryToStore/Page_Dispensary Store/button_Add' is clicked on

2018-06-09 16:12:14 - [TEST_STEP][PASSED] - selectOptionByIndex: All options with index in [7] are selected on object 'Object Repository/DispensaryToStore/Page_Dispensary Store/select_--Select--Schedule 1Inj'

2018-06-09 16:12:14 - [MESSAGE][PASSED] - All options with index in [7] are selected on object 'Object Repository/DispensaryToStore/Page_Dispensary Store/select_--Select--Schedule 1Inj'

2018-06-09 16:12:14 - [TEST_STEP][PASSED] - selectOptionByIndex: All options with index in [1] are selected on object 'Object Repository/DispensaryToStore/Page_Dispensary Store/select_--Select--Adernaline 0.'

2018-06-09 16:12:14 - [MESSAGE][PASSED] - All options with index in [1] are selected on object 'Object Repository/DispensaryToStore/Page_Dispensary Store/select_--Select--Adernaline 0.'

2018-06-09 16:12:14 - [TEST_STEP][PASSED] - setText: Text '10' is set on object 'Object Repository/DispensaryToStore/Page_Dispensary Store/input_txttreat'

2018-06-09 16:12:14 - [MESSAGE][PASSED] - Text '10' is set on object 'Object Repository/DispensaryToStore/Page_Dispensary Store/input_txttreat'

2018-06-09 16:12:14 - [TEST_STEP][PASSED] - click: Object: 'Object Repository/DispensaryToStore/Page_Dispensary Store/button_Add' is clicked on

2018-06-09 16:12:14 - [MESSAGE][PASSED] - Object: 'Object Repository/DispensaryToStore/Page_Dispensary Store/button_Add' is clicked on

2018-06-09 16:12:14 - [TEST_STEP][PASSED] - selectOptionByIndex: All options with index in [7] are selected on object 'Object Repository/DispensaryToStore/Page_Dispensary Store/select_--Select--Schedule 1Inj'

2018-06-09 16:12:15 - [MESSAGE][PASSED] - All options with index in [7] are selected on object 'Object Repository/DispensaryToStore/Page_Dispensary Store/select_--Select--Schedule 1Inj'

2018-06-09 16:12:15 - [TEST_STEP][PASSED] - selectOptionByIndex: All options with index in [2] are selected on object 'Object Repository/DispensaryToStore/Page_Dispensary Store/select_--Select--Adernaline 0.'

2018-06-09 16:12:15 - [MESSAGE][PASSED] - All options with index in [2] are selected on object 'Object Repository/DispensaryToStore/Page_Dispensary Store/select_--Select--Adernaline 0.'

2018-06-09 16:12:15 - [TEST_STEP][PASSED] - setText: Text '10' is set on object 'Object Repository/DispensaryToStore/Page_Dispensary Store/input_txttreat'

2018-06-09 16:12:15 - [MESSAGE][PASSED] - Text '10' is set on object 'Object Repository/DispensaryToStore/Page_Dispensary Store/input_txttreat'

2018-06-09 16:12:15 - [TEST_STEP][PASSED] - click: Object: 'Object Repository/DispensaryToStore/Page_Dispensary Store/button_Add' is clicked on

2018-06-09 16:12:15 - [MESSAGE][PASSED] - Object: 'Object Repository/DispensaryToStore/Page_Dispensary Store/button_Add' is clicked on

2018-06-09 16:12:15 - [TEST_STEP][PASSED] - selectOptionByIndex: All options with index in [7] are selected on object 'Object Repository/DispensaryToStore/Page_Dispensary Store/select_--Select--Schedule 1Inj'

2018-06-09 16:12:15 - [MESSAGE][PASSED] - All options with index in [7] are selected on object 'Object Repository/DispensaryToStore/Page_Dispensary Store/select_--Select--Schedule 1Inj'

2018-06-09 16:12:15 - [TEST_STEP][PASSED] - selectOptionByIndex: All options with index in [3] are selected on object 'Object Repository/DispensaryToStore/Page_Dispensary Store/select_--Select--Adernaline 0.'

2018-06-09 16:12:15 - [MESSAGE][PASSED] - All options with index in [3] are selected on object 'Object Repository/DispensaryToStore/Page_Dispensary Store/select_--Select--Adernaline 0.'

2018-06-09 16:12:15 - [TEST_STEP][PASSED] - setText: Text '10' is set on object 'Object Repository/DispensaryToStore/Page_Dispensary Store/input_txttreat'

2018-06-09 16:12:16 - [MESSAGE][PASSED] - Text '10' is set on object 'Object Repository/DispensaryToStore/Page_Dispensary Store/input_txttreat'

2018-06-09 16:12:16 - [TEST_STEP][PASSED] - click: Object: 'Object Repository/DispensaryToStore/Page_Dispensary Store/button_Add' is clicked on

2018-06-09 16:12:16 - [MESSAGE][PASSED] - Object: 'Object Repository/DispensaryToStore/Page_Dispensary Store/button_Add' is clicked on

2018-06-09 16:12:16 - [TEST_STEP][PASSED] - selectOptionByIndex: All options with index in [7] are selected on object 'Object Repository/DispensaryToStore/Page_Dispensary Store/select_--Select--Schedule 1Inj'

2018-06-09 16:12:16 - [MESSAGE][PASSED] - All options with index in [7] are selected on object 'Object Repository/DispensaryToStore/Page_Dispensary Store/select_--Select--Schedule 1Inj'

2018-06-09 16:12:16 - [TEST_STEP][PASSED] - selectOptionByIndex: All options with index in [4] are selected on object 'Object Repository/DispensaryToStore/Page_Dispensary Store/select_--Select--Adernaline 0.'

2018-06-09 16:12:16 - [MESSAGE][PASSED] - All options with index in [4] are selected on object 'Object Repository/DispensaryToStore/Page_Dispensary Store/select_--Select--Adernaline 0.'

2018-06-09 16:12:16 - [TEST_STEP][PASSED] - setText: Text '10' is set on object 'Object Repository/DispensaryToStore/Page_Dispensary Store/input_txttreat'

2018-06-09 16:12:16 - [MESSAGE][PASSED] - Text '10' is set on object 'Object Repository/DispensaryToStore/Page_Dispensary Store/input_txttreat'

2018-06-09 16:12:16 - [TEST_STEP][PASSED] - click: Object: 'Object Repository/DispensaryToStore/Page_Dispensary Store/button_Add' is clicked on

2018-06-09 16:12:16 - [MESSAGE][PASSED] - Object: 'Object Repository/DispensaryToStore/Page_Dispensary Store/button_Add' is clicked on

2018-06-09 16:12:16 - [TEST_STEP][PASSED] - selectOptionByIndex: All options with index in [7] are selected on object 'Object Repository/DispensaryToStore/Page_Dispensary Store/select_--Select--Schedule 1Inj'

2018-06-09 16:12:16 - [MESSAGE][PASSED] - All options with index in [7] are selected on object 'Object Repository/DispensaryToStore/Page_Dispensary Store/select_--Select--Schedule 1Inj'

2018-06-09 16:12:16 - [TEST_STEP][PASSED] - selectOptionByIndex: All options with index in [5] are selected on object 'Object Repository/DispensaryToStore/Page_Dispensary Store/select_--Select--Adernaline 0.'

2018-06-09 16:12:17 - [MESSAGE][PASSED] - All options with index in [5] are selected on object 'Object Repository/DispensaryToStore/Page_Dispensary Store/select_--Select--Adernaline 0.'

2018-06-09 16:12:17 - [TEST_STEP][PASSED] - setText: Text '10' is set on object 'Object Repository/DispensaryToStore/Page_Dispensary Store/input_txttreat'

2018-06-09 16:12:17 - [MESSAGE][PASSED] - Text '10' is set on object 'Object Repository/DispensaryToStore/Page_Dispensary Store/input_txttreat'

2018-06-09 16:12:17 - [TEST_STEP][PASSED] - click: Object: 'Object Repository/DispensaryToStore/Page_Dispensary Store/button_Add' is clicked on

2018-06-09 16:12:17 - [MESSAGE][PASSED] - Object: 'Object Repository/DispensaryToStore/Page_Dispensary Store/button_Add' is clicked on

2018-06-09 16:12:17 - [TEST_STEP][PASSED] - selectOptionByIndex: All options with index in [7] are selected on object 'Object Repository/DispensaryToStore/Page_Dispensary Store/select_--Select--Schedule 1Inj'

2018-06-09 16:12:17 - [MESSAGE][PASSED] - All options with index in [7] are selected on object 'Object Repository/DispensaryToStore/Page_Dispensary Store/select_--Select--Schedule 1Inj'

2018-06-09 16:12:17 - [TEST_STEP][PASSED] - selectOptionByIndex: All options with index in [6] are selected on object 'Object Repository/DispensaryToStore/Page_Dispensary Store/select_--Select--Adernaline 0.'

2018-06-09 16:12:17 - [MESSAGE][PASSED] - All options with index in [6] are selected on object 'Object Repository/DispensaryToStore/Page_Dispensary Store/select_--Select--Adernaline 0.'

2018-06-09 16:12:17 - [TEST_STEP][PASSED] - setText: Text '10' is set on object 'Object Repository/DispensaryToStore/Page_Dispensary Store/input_txttreat'

2018-06-09 16:12:17 - [MESSAGE][PASSED] - Text '10' is set on object 'Object Repository/DispensaryToStore/Page_Dispensary Store/input_txttreat'

2018-06-09 16:12:17 - [TEST_STEP][PASSED] - click: Object: 'Object Repository/DispensaryToStore/Page_Dispensary Store/button_Add' is clicked on

2018-06-09 16:12:17 - [MESSAGE][PASSED] - Object: 'Object Repository/DispensaryToStore/Page_Dispensary Store/button_Add' is clicked on

2018-06-09 16:12:17 - [TEST_STEP][PASSED] - selectOptionByIndex: All options with index in [7] are selected on object 'Object Repository/DispensaryToStore/Page_Dispensary Store/select_--Select--Schedule 1Inj'

2018-06-09 16:12:18 - [MESSAGE][PASSED] - All options with index in [7] are selected on object 'Object Repository/DispensaryToStore/Page_Dispensary Store/select_--Select--Schedule 1Inj'

2018-06-09 16:12:18 - [TEST_STEP][PASSED] - selectOptionByIndex: All options with index in [7] are selected on object 'Object Repository/DispensaryToStore/Page_Dispensary Store/select_--Select--Adernaline 0.'

2018-06-09 16:12:18 - [MESSAGE][PASSED] - All options with index in [7] are selected on object 'Object Repository/DispensaryToStore/Page_Dispensary Store/select_--Select--Adernaline 0.'

2018-06-09 16:12:18 - [TEST_STEP][PASSED] - setText: Text '10' is set on object 'Object Repository/DispensaryToStore/Page_Dispensary Store/input_txttreat'

2018-06-09 16:12:18 - [MESSAGE][PASSED] - Text '10' is set on object 'Object Repository/DispensaryToStore/Page_Dispensary Store/input_txttreat'

2018-06-09 16:12:18 - [TEST_STEP][PASSED] - click: Object: 'Object Repository/DispensaryToStore/Page_Dispensary Store/button_Add' is clicked on

2018-06-09 16:12:18 - [MESSAGE][PASSED] - Object: 'Object Repository/DispensaryToStore/Page_Dispensary Store/button_Add' is clicked on

2018-06-09 16:12:18 - [TEST_STEP][PASSED] - selectOptionByIndex: All options with index in [7] are selected on object 'Object Repository/DispensaryToStore/Page_Dispensary Store/select_--Select--Schedule 1Inj'

2018-06-09 16:12:18 - [MESSAGE][PASSED] - All options with index in [7] are selected on object 'Object Repository/DispensaryToStore/Page_Dispensary Store/select_--Select--Schedule 1Inj'

2018-06-09 16:12:18 - [TEST_STEP][PASSED] - selectOptionByIndex: All options with index in [8] are selected on object 'Object Repository/DispensaryToStore/Page_Dispensary Store/select_--Select--Adernaline 0.'

2018-06-09 16:12:18 - [MESSAGE][PASSED] - All options with index in [8] are selected on object 'Object Repository/DispensaryToStore/Page_Dispensary Store/select_--Select--Adernaline 0.'

2018-06-09 16:12:18 - [TEST_STEP][PASSED] - setText: Text '10' is set on object 'Object Repository/DispensaryToStore/Page_Dispensary Store/input_txttreat'

2018-06-09 16:12:19 - [MESSAGE][PASSED] - Text '10' is set on object 'Object Repository/DispensaryToStore/Page_Dispensary Store/input_txttreat'

2018-06-09 16:12:19 - [TEST_STEP][PASSED] - click: Object: 'Object Repository/DispensaryToStore/Page_Dispensary Store/button_Add' is clicked on

2018-06-09 16:12:19 - [MESSAGE][PASSED] - Object: 'Object Repository/DispensaryToStore/Page_Dispensary Store/button_Add' is clicked on

2018-06-09 16:12:19 - [TEST_STEP][PASSED] - selectOptionByIndex: All options with index in [7] are selected on object 'Object Repository/DispensaryToStore/Page_Dispensary Store/select_--Select--Schedule 1Inj'

2018-06-09 16:12:19 - [MESSAGE][PASSED] - All options with index in [7] are selected on object 'Object Repository/DispensaryToStore/Page_Dispensary Store/select_--Select--Schedule 1Inj'

2018-06-09 16:12:19 - [TEST_STEP][PASSED] - selectOptionByIndex: All options with index in [9] are selected on object 'Object Repository/DispensaryToStore/Page_Dispensary Store/select_--Select--Adernaline 0.'

2018-06-09 16:12:19 - [MESSAGE][PASSED] - All options with index in [9] are selected on object 'Object Repository/DispensaryToStore/Page_Dispensary Store/select_--Select--Adernaline 0.'

2018-06-09 16:12:19 - [TEST_STEP][PASSED] - setText: Text '10' is set on object 'Object Repository/DispensaryToStore/Page_Dispensary Store/input_txttreat'

2018-06-09 16:12:19 - [MESSAGE][PASSED] - Text '10' is set on object 'Object Repository/DispensaryToStore/Page_Dispensary Store/input_txttreat'

2018-06-09 16:12:19 - [TEST_STEP][PASSED] - click: Object: 'Object Repository/DispensaryToStore/Page_Dispensary Store/button_Add' is clicked on

2018-06-09 16:12:19 - [MESSAGE][PASSED] - Object: 'Object Repository/DispensaryToStore/Page_Dispensary Store/button_Add' is clicked on

2018-06-09 16:12:19 - [TEST_STEP][PASSED] - selectOptionByIndex: All options with index in [7] are selected on object 'Object Repository/DispensaryToStore/Page_Dispensary Store/select_--Select--Schedule 1Inj'

2018-06-09 16:12:19 - [MESSAGE][PASSED] - All options with index in [7] are selected on object 'Object Repository/DispensaryToStore/Page_Dispensary Store/select_--Select--Schedule 1Inj'

2018-06-09 16:12:19 - [TEST_STEP][PASSED] - selectOptionByIndex: All options with index in [10] are selected on object 'Object Repository/DispensaryToStore/Page_Dispensary Store/select_--Select--Adernaline 0.'

2018-06-09 16:12:20 - [MESSAGE][PASSED] - All options with index in [10] are selected on object 'Object Repository/DispensaryToStore/Page_Dispensary Store/select_--Select--Adernaline 0.'

2018-06-09 16:12:20 - [TEST_STEP][PASSED] - setText: Text '10' is set on object 'Object Repository/DispensaryToStore/Page_Dispensary Store/input_txttreat'

2018-06-09 16:12:20 - [MESSAGE][PASSED] - Text '10' is set on object 'Object Repository/DispensaryToStore/Page_Dispensary Store/input_txttreat'

2018-06-09 16:12:20 - [TEST_STEP][PASSED] - click: Object: 'Object Repository/DispensaryToStore/Page_Dispensary Store/button_Add' is clicked on

2018-06-09 16:12:20 - [MESSAGE][PASSED] - Object: 'Object Repository/DispensaryToStore/Page_Dispensary Store/button_Add' is clicked on

2018-06-09 16:12:20 - [TEST_STEP][PASSED] - selectOptionByIndex: All options with index in [7] are selected on object 'Object Repository/DispensaryToStore/Page_Dispensary Store/select_--Select--Schedule 1Inj'

2018-06-09 16:12:20 - [MESSAGE][PASSED] - All options with index in [7] are selected on object 'Object Repository/DispensaryToStore/Page_Dispensary Store/select_--Select--Schedule 1Inj'

2018-06-09 16:12:20 - [TEST_STEP][PASSED] - selectOptionByIndex: All options with index in [11] are selected on object 'Object Repository/DispensaryToStore/Page_Dispensary Store/select_--Select--Adernaline 0.'

2018-06-09 16:12:20 - [MESSAGE][PASSED] - All options with index in [11] are selected on object 'Object Repository/DispensaryToStore/Page_Dispensary Store/select_--Select--Adernaline 0.'

2018-06-09 16:12:20 - [TEST_STEP][PASSED] - setText: Text '10' is set on object 'Object Repository/DispensaryToStore/Page_Dispensary Store/input_txttreat'

2018-06-09 16:12:20 - [MESSAGE][PASSED] - Text '10' is set on object 'Object Repository/DispensaryToStore/Page_Dispensary Store/input_txttreat'

2018-06-09 16:12:20 - [TEST_STEP][PASSED] - click: Object: 'Object Repository/DispensaryToStore/Page_Dispensary Store/button_Add' is clicked on

2018-06-09 16:12:21 - [MESSAGE][PASSED] - Object: 'Object Repository/DispensaryToStore/Page_Dispensary Store/button_Add' is clicked on

2018-06-09 16:12:21 - [TEST_STEP][PASSED] - selectOptionByIndex: All options with index in [7] are selected on object 'Object Repository/DispensaryToStore/Page_Dispensary Store/select_--Select--Schedule 1Inj'

2018-06-09 16:12:21 - [MESSAGE][PASSED] - All options with index in [7] are selected on object 'Object Repository/DispensaryToStore/Page_Dispensary Store/select_--Select--Schedule 1Inj'

2018-06-09 16:12:21 - [TEST_STEP][PASSED] - selectOptionByIndex: All options with index in [12] are selected on object 'Object Repository/DispensaryToStore/Page_Dispensary Store/select_--Select--Adernaline 0.'

2018-06-09 16:12:21 - [MESSAGE][PASSED] - All options with index in [12] are selected on object 'Object Repository/DispensaryToStore/Page_Dispensary Store/select_--Select--Adernaline 0.'

2018-06-09 16:12:21 - [TEST_STEP][PASSED] - setText: Text '10' is set on object 'Object Repository/DispensaryToStore/Page_Dispensary Store/input_txttreat'

2018-06-09 16:12:21 - [MESSAGE][PASSED] - Text '10' is set on object 'Object Repository/DispensaryToStore/Page_Dispensary Store/input_txttreat'

2018-06-09 16:12:21 - [TEST_STEP][PASSED] - click: Object: 'Object Repository/DispensaryToStore/Page_Dispensary Store/button_Add' is clicked on

2018-06-09 16:12:21 - [MESSAGE][PASSED] - Object: 'Object Repository/DispensaryToStore/Page_Dispensary Store/button_Add' is clicked on

2018-06-09 16:12:21 - [TEST_STEP][PASSED] - selectOptionByIndex: All options with index in [7] are selected on object 'Object Repository/DispensaryToStore/Page_Dispensary Store/select_--Select--Schedule 1Inj'

2018-06-09 16:12:21 - [MESSAGE][PASSED] - All options with index in [7] are selected on object 'Object Repository/DispensaryToStore/Page_Dispensary Store/select_--Select--Schedule 1Inj'

2018-06-09 16:12:21 - [TEST_STEP][PASSED] - selectOptionByIndex: All options with index in [13] are selected on object 'Object Repository/DispensaryToStore/Page_Dispensary Store/select_--Select--Adernaline 0.'

2018-06-09 16:12:22 - [MESSAGE][PASSED] - All options with index in [13] are selected on object 'Object Repository/DispensaryToStore/Page_Dispensary Store/select_--Select--Adernaline 0.'

2018-06-09 16:12:22 - [TEST_STEP][PASSED] - setText: Text '10' is set on object 'Object Repository/DispensaryToStore/Page_Dispensary Store/input_txttreat'

2018-06-09 16:12:22 - [MESSAGE][PASSED] - Text '10' is set on object 'Object Repository/DispensaryToStore/Page_Dispensary Store/input_txttreat'

2018-06-09 16:12:22 - [TEST_STEP][PASSED] - click: Object: 'Object Repository/DispensaryToStore/Page_Dispensary Store/button_Add' is clicked on

2018-06-09 16:12:22 - [MESSAGE][PASSED] - Object: 'Object Repository/DispensaryToStore/Page_Dispensary Store/button_Add' is clicked on

2018-06-09 16:12:22 - [TEST_STEP][PASSED] - selectOptionByIndex: All options with index in [7] are selected on object 'Object Repository/DispensaryToStore/Page_Dispensary Store/select_--Select--Schedule 1Inj'

2018-06-09 16:12:22 - [MESSAGE][PASSED] - All options with index in [7] are selected on object 'Object Repository/DispensaryToStore/Page_Dispensary Store/select_--Select--Schedule 1Inj'

2018-06-09 16:12:22 - [TEST_STEP][PASSED] - selectOptionByIndex: All options with index in [14] are selected on object 'Object Repository/DispensaryToStore/Page_Dispensary Store/select_--Select--Adernaline 0.'

2018-06-09 16:12:22 - [MESSAGE][PASSED] - All options with index in [14] are selected on object 'Object Repository/DispensaryToStore/Page_Dispensary Store/select_--Select--Adernaline 0.'

2018-06-09 16:12:22 - [TEST_STEP][PASSED] - setText: Text '10' is set on object 'Object Repository/DispensaryToStore/Page_Dispensary Store/input_txttreat'

2018-06-09 16:12:23 - [MESSAGE][PASSED] - Text '10' is set on object 'Object Repository/DispensaryToStore/Page_Dispensary Store/input_txttreat'

2018-06-09 16:12:23 - [TEST_STEP][PASSED] - click: Object: 'Object Repository/DispensaryToStore/Page_Dispensary Store/button_Add' is clicked on

2018-06-09 16:12:23 - [MESSAGE][PASSED] - Object: 'Object Repository/DispensaryToStore/Page_Dispensary Store/button_Add' is clicked on

2018-06-09 16:12:23 - [TEST_STEP][PASSED] - selectOptionByIndex: All options with index in [7] are selected on object 'Object Repository/DispensaryToStore/Page_Dispensary Store/select_--Select--Schedule 1Inj'

2018-06-09 16:12:23 - [MESSAGE][PASSED] - All options with index in [7] are selected on object 'Object Repository/DispensaryToStore/Page_Dispensary Store/select_--Select--Schedule 1Inj'

2018-06-09 16:12:23 - [TEST_STEP][PASSED] - selectOptionByIndex: All options with index in [15] are selected on object 'Object Repository/DispensaryToStore/Page_Dispensary Store/select_--Select--Adernaline 0.'

2018-06-09 16:12:23 - [MESSAGE][PASSED] - All options with index in [15] are selected on object 'Object Repository/DispensaryToStore/Page_Dispensary Store/select_--Select--Adernaline 0.'

2018-06-09 16:12:23 - [TEST_STEP][PASSED] - setText: Text '10' is set on object 'Object Repository/DispensaryToStore/Page_Dispensary Store/input_txttreat'

2018-06-09 16:12:23 - [MESSAGE][PASSED] - Text '10' is set on object 'Object Repository/DispensaryToStore/Page_Dispensary Store/input_txttreat'

2018-06-09 16:12:23 - [TEST_STEP][PASSED] - click: Object: 'Object Repository/DispensaryToStore/Page_Dispensary Store/button_Add' is clicked on

2018-06-09 16:12:23 - [MESSAGE][PASSED] - Object: 'Object Repository/DispensaryToStore/Page_Dispensary Store/button_Add' is clicked on

2018-06-09 16:12:23 - [TEST_STEP][PASSED] - selectOptionByIndex: All options with index in [7] are selected on object 'Object Repository/DispensaryToStore/Page_Dispensary Store/select_--Select--Schedule 1Inj'

2018-06-09 16:12:24 - [MESSAGE][PASSED] - All options with index in [7] are selected on object 'Object Repository/DispensaryToStore/Page_Dispensary Store/select_--Select--Schedule 1Inj'

2018-06-09 16:12:24 - [TEST_STEP][PASSED] - selectOptionByIndex: All options with index in [16] are selected on object 'Object Repository/DispensaryToStore/Page_Dispensary Store/select_--Select--Adernaline 0.'

2018-06-09 16:12:24 - [MESSAGE][PASSED] - All options with index in [16] are selected on object 'Object Repository/DispensaryToStore/Page_Dispensary Store/select_--Select--Adernaline 0.'

2018-06-09 16:12:24 - [TEST_STEP][PASSED] - setText: Text '10' is set on object 'Object Repository/DispensaryToStore/Page_Dispensary Store/input_txttreat'

2018-06-09 16:12:24 - [MESSAGE][PASSED] - Text '10' is set on object 'Object Repository/DispensaryToStore/Page_Dispensary Store/input_txttreat'

2018-06-09 16:12:24 - [TEST_STEP][PASSED] - click: Object: 'Object Repository/DispensaryToStore/Page_Dispensary Store/button_Add' is clicked on

2018-06-09 16:12:24 - [MESSAGE][PASSED] - Object: 'Object Repository/DispensaryToStore/Page_Dispensary Store/button_Add' is clicked on

2018-06-09 16:12:24 - [TEST_STEP][PASSED] - selectOptionByIndex: All options with index in [7] are selected on object 'Object Repository/DispensaryToStore/Page_Dispensary Store/select_--Select--Schedule 1Inj'

2018-06-09 16:12:24 - [MESSAGE][PASSED] - All options with index in [7] are selected on object 'Object Repository/DispensaryToStore/Page_Dispensary Store/select_--Select--Schedule 1Inj'

2018-06-09 16:12:24 - [TEST_STEP][PASSED] - selectOptionByIndex: All options with index in [17] are selected on object 'Object Repository/DispensaryToStore/Page_Dispensary Store/select_--Select--Adernaline 0.'

2018-06-09 16:12:25 - [MESSAGE][PASSED] - All options with index in [17] are selected on object 'Object Repository/DispensaryToStore/Page_Dispensary Store/select_--Select--Adernaline 0.'

2018-06-09 16:12:25 - [TEST_STEP][PASSED] - setText: Text '10' is set on object 'Object Repository/DispensaryToStore/Page_Dispensary Store/input_txttreat'

2018-06-09 16:12:25 - [MESSAGE][PASSED] - Text '10' is set on object 'Object Repository/DispensaryToStore/Page_Dispensary Store/input_txttreat'

2018-06-09 16:12:25 - [TEST_STEP][PASSED] - click: Object: 'Object Repository/DispensaryToStore/Page_Dispensary Store/button_Add' is clicked on

2018-06-09 16:12:25 - [MESSAGE][PASSED] - Object: 'Object Repository/DispensaryToStore/Page_Dispensary Store/button_Add' is clicked on

2018-06-09 16:12:25 - [TEST_STEP][PASSED] - selectOptionByIndex: All options with index in [7] are selected on object 'Object Repository/DispensaryToStore/Page_Dispensary Store/select_--Select--Schedule 1Inj'

2018-06-09 16:12:25 - [MESSAGE][PASSED] - All options with index in [7] are selected on object 'Object Repository/DispensaryToStore/Page_Dispensary Store/select_--Select--Schedule 1Inj'

2018-06-09 16:12:25 - [TEST_STEP][PASSED] - selectOptionByIndex: All options with index in [18] are selected on object 'Object Repository/DispensaryToStore/Page_Dispensary Store/select_--Select--Adernaline 0.'

2018-06-09 16:12:25 - [MESSAGE][PASSED] - All options with index in [18] are selected on object 'Object Repository/DispensaryToStore/Page_Dispensary Store/select_--Select--Adernaline 0.'

2018-06-09 16:12:25 - [TEST_STEP][PASSED] - setText: Text '10' is set on object 'Object Repository/DispensaryToStore/Page_Dispensary Store/input_txttreat'

2018-06-09 16:12:25 - [MESSAGE][PASSED] - Text '10' is set on object 'Object Repository/DispensaryToStore/Page_Dispensary Store/input_txttreat'

2018-06-09 16:12:25 - [TEST_STEP][PASSED] - click: Object: 'Object Repository/DispensaryToStore/Page_Dispensary Store/button_Add' is clicked on

2018-06-09 16:12:25 - [MESSAGE][PASSED] - Object: 'Object Repository/DispensaryToStore/Page_Dispensary Store/button_Add' is clicked on

2018-06-09 16:12:25 - [TEST_STEP][PASSED] - selectOptionByIndex: All options with index in [7] are selected on object 'Object Repository/DispensaryToStore/Page_Dispensary Store/select_--Select--Schedule 1Inj'

2018-06-09 16:12:26 - [MESSAGE][PASSED] - All options with index in [7] are selected on object 'Object Repository/DispensaryToStore/Page_Dispensary Store/select_--Select--Schedule 1Inj'

2018-06-09 16:12:26 - [TEST_STEP][PASSED] - selectOptionByIndex: All options with index in [19] are selected on object 'Object Repository/DispensaryToStore/Page_Dispensary Store/select_--Select--Adernaline 0.'

2018-06-09 16:12:26 - [MESSAGE][PASSED] - All options with index in [19] are selected on object 'Object Repository/DispensaryToStore/Page_Dispensary Store/select_--Select--Adernaline 0.'

2018-06-09 16:12:26 - [TEST_STEP][PASSED] - setText: Text '10' is set on object 'Object Repository/DispensaryToStore/Page_Dispensary Store/input_txttreat'

2018-06-09 16:12:26 - [MESSAGE][PASSED] - Text '10' is set on object 'Object Repository/DispensaryToStore/Page_Dispensary Store/input_txttreat'

2018-06-09 16:12:26 - [TEST_STEP][PASSED] - click: Object: 'Object Repository/DispensaryToStore/Page_Dispensary Store/button_Add' is clicked on

2018-06-09 16:12:26 - [MESSAGE][PASSED] - Object: 'Object Repository/DispensaryToStore/Page_Dispensary Store/button_Add' is clicked on

2018-06-09 16:12:26 - [TEST_STEP][PASSED] - selectOptionByIndex: All options with index in [7] are selected on object 'Object Repository/DispensaryToStore/Page_Dispensary Store/select_--Select--Schedule 1Inj'

2018-06-09 16:12:26 - [MESSAGE][PASSED] - All options with index in [7] are selected on object 'Object Repository/DispensaryToStore/Page_Dispensary Store/select_--Select--Schedule 1Inj'

2018-06-09 16:12:26 - [TEST_STEP][PASSED] - selectOptionByIndex: All options with index in [20] are selected on object 'Object Repository/DispensaryToStore/Page_Dispensary Store/select_--Select--Adernaline 0.'

2018-06-09 16:12:27 - [MESSAGE][PASSED] - All options with index in [20] are selected on object 'Object Repository/DispensaryToStore/Page_Dispensary Store/select_--Select--Adernaline 0.'

2018-06-09 16:12:27 - [TEST_STEP][PASSED] - setText: Text '10' is set on object 'Object Repository/DispensaryToStore/Page_Dispensary Store/input_txttreat'

2018-06-09 16:12:27 - [MESSAGE][PASSED] - Text '10' is set on object 'Object Repository/DispensaryToStore/Page_Dispensary Store/input_txttreat'

2018-06-09 16:12:27 - [TEST_STEP][PASSED] - click: Object: 'Object Repository/DispensaryToStore/Page_Dispensary Store/button_Add' is clicked on

2018-06-09 16:12:27 - [MESSAGE][PASSED] - Object: 'Object Repository/DispensaryToStore/Page_Dispensary Store/button_Add' is clicked on

2018-06-09 16:12:27 - [TEST_STEP][PASSED] - selectOptionByIndex: All options with index in [7] are selected on object 'Object Repository/DispensaryToStore/Page_Dispensary Store/select_--Select--Schedule 1Inj'

2018-06-09 16:12:27 - [MESSAGE][PASSED] - All options with index in [7] are selected on object 'Object Repository/DispensaryToStore/Page_Dispensary Store/select_--Select--Schedule 1Inj'

2018-06-09 16:12:27 - [TEST_STEP][PASSED] - selectOptionByIndex: All options with index in [21] are selected on object 'Object Repository/DispensaryToStore/Page_Dispensary Store/select_--Select--Adernaline 0.'

2018-06-09 16:12:28 - [MESSAGE][PASSED] - All options with index in [21] are selected on object 'Object Repository/DispensaryToStore/Page_Dispensary Store/select_--Select--Adernaline 0.'

2018-06-09 16:12:28 - [TEST_STEP][PASSED] - setText: Text '10' is set on object 'Object Repository/DispensaryToStore/Page_Dispensary Store/input_txttreat'

2018-06-09 16:12:28 - [MESSAGE][PASSED] - Text '10' is set on object 'Object Repository/DispensaryToStore/Page_Dispensary Store/input_txttreat'

2018-06-09 16:12:28 - [TEST_STEP][PASSED] - click: Object: 'Object Repository/DispensaryToStore/Page_Dispensary Store/button_Add' is clicked on

2018-06-09 16:12:28 - [MESSAGE][PASSED] - Object: 'Object Repository/DispensaryToStore/Page_Dispensary Store/button_Add' is clicked on

2018-06-09 16:12:28 - [TEST_STEP][PASSED] - selectOptionByIndex: All options with index in [7] are selected on object 'Object Repository/DispensaryToStore/Page_Dispensary Store/select_--Select--Schedule 1Inj'

2018-06-09 16:12:28 - [MESSAGE][PASSED] - All options with index in [7] are selected on object 'Object Repository/DispensaryToStore/Page_Dispensary Store/select_--Select--Schedule 1Inj'

2018-06-09 16:12:28 - [TEST_STEP][PASSED] - selectOptionByIndex: All options with index in [22] are selected on object 'Object Repository/DispensaryToStore/Page_Dispensary Store/select_--Select--Adernaline 0.'

2018-06-09 16:12:28 - [MESSAGE][PASSED] - All options with index in [22] are selected on object 'Object Repository/DispensaryToStore/Page_Dispensary Store/select_--Select--Adernaline 0.'

2018-06-09 16:12:28 - [TEST_STEP][PASSED] - setText: Text '10' is set on object 'Object Repository/DispensaryToStore/Page_Dispensary Store/input_txttreat'

2018-06-09 16:12:28 - [MESSAGE][PASSED] - Text '10' is set on object 'Object Repository/DispensaryToStore/Page_Dispensary Store/input_txttreat'

2018-06-09 16:12:28 - [TEST_STEP][PASSED] - click: Object: 'Object Repository/DispensaryToStore/Page_Dispensary Store/button_Add' is clicked on

2018-06-09 16:12:28 - [MESSAGE][PASSED] - Object: 'Object Repository/DispensaryToStore/Page_Dispensary Store/button_Add' is clicked on

2018-06-09 16:12:28 - [TEST_STEP][PASSED] - selectOptionByIndex: All options with index in [7] are selected on object 'Object Repository/DispensaryToStore/Page_Dispensary Store/select_--Select--Schedule 1Inj'

2018-06-09 16:12:29 - [MESSAGE][PASSED] - All options with index in [7] are selected on object 'Object Repository/DispensaryToStore/Page_Dispensary Store/select_--Select--Schedule 1Inj'

2018-06-09 16:12:29 - [TEST_STEP][PASSED] - selectOptionByIndex: All options with index in [23] are selected on object 'Object Repository/DispensaryToStore/Page_Dispensary Store/select_--Select--Adernaline 0.'

2018-06-09 16:12:29 - [MESSAGE][PASSED] - All options with index in [23] are selected on object 'Object Repository/DispensaryToStore/Page_Dispensary Store/select_--Select--Adernaline 0.'

2018-06-09 16:12:29 - [TEST_STEP][PASSED] - setText: Text '10' is set on object 'Object Repository/DispensaryToStore/Page_Dispensary Store/input_txttreat'

2018-06-09 16:12:29 - [MESSAGE][PASSED] - Text '10' is set on object 'Object Repository/DispensaryToStore/Page_Dispensary Store/input_txttreat'

2018-06-09 16:12:29 - [TEST_STEP][PASSED] - click: Object: 'Object Repository/DispensaryToStore/Page_Dispensary Store/button_Add' is clicked on

2018-06-09 16:12:29 - [MESSAGE][PASSED] - Object: 'Object Repository/DispensaryToStore/Page_Dispensary Store/button_Add' is clicked on

2018-06-09 16:12:29 - [TEST_STEP][PASSED] - scrollToElement: Scroll to object 'Object Repository/DispensaryToStore/Page_Dispensary Store/input_btnsave' successfully

2018-06-09 16:12:29 - [MESSAGE][PASSED] - Scroll to object 'Object Repository/DispensaryToStore/Page_Dispensary Store/input_btnsave' successfully

2018-06-09 16:12:29 - [TEST_STEP][PASSED] - click: Object: 'Object Repository/DispensaryToStore/Page_Dispensary Store/input_btnsave' is clicked on

2018-06-09 16:12:29 - [MESSAGE][PASSED] - Object: 'Object Repository/DispensaryToStore/Page_Dispensary Store/input_btnsave' is clicked on

2018-06-09 16:12:29 - [TEST_STEP][PASSED] - delay: Delayed 3 second(s)

2018-06-09 16:12:32 - [MESSAGE][PASSED] - Delayed 3 second(s)

2018-06-09 16:12:32 - [TEST_STEP][PASSED] - Statement - RN1 = com.kms.katalon.core.webui.keyword.WebUiBuiltInKeywords.getText(com.kms.katalon.core.testobject.ObjectRepository.findTestObject(DispensaryToStore/Page_Dispensary Store/font_HPRNO180520187)): Text of object 'Object Repository/DispensaryToStore/Page_Dispensary Store/font_HPRNO180520187' is: 'DPRNO/09062018/204'

2018-06-09 16:12:32 - [MESSAGE][PASSED] - Text of object 'Object Repository/DispensaryToStore/Page_Dispensary Store/font_HPRNO180520187' is: 'DPRNO/09062018/204'

2018-06-09 16:12:32 - [TEST_STEP][PASSED] - Statement - out.println(RN1): null

2018-06-09 16:12:32 - [TEST_STEP][PASSED] - Statement - RID = RN1.split("/")[2]: null

2018-06-09 16:12:32 - [TEST_STEP][PASSED] - click: Object: 'Object Repository/DispensaryToStore/Page_Dispensary Store/button_OK' is clicked on

2018-06-09 16:12:33 - [MESSAGE][PASSED] - Object: 'Object Repository/DispensaryToStore/Page_Dispensary Store/button_OK' is clicked on

2018-06-09 16:12:33 - [TEST_STEP][PASSED] - delay: Delayed 3 second(s)

2018-06-09 16:12:36 - [MESSAGE][PASSED] - Delayed 3 second(s)

2018-06-09 16:12:36 - [TEST_STEP][PASSED] - click: Object: 'Object Repository/DispensaryToStore/Page_Dispensary Store/a_dropdown-toggle' is clicked on

2018-06-09 16:12:36 - [MESSAGE][PASSED] - Object: 'Object Repository/DispensaryToStore/Page_Dispensary Store/a_dropdown-toggle' is clicked on

2018-06-09 16:12:36 - [TEST_STEP][PASSED] - click: Object: 'Object Repository/DispensaryToStore/Page_Dispensary Store/a_Sign out' is clicked on

2018-06-09 16:12:37 - [MESSAGE][PASSED] - Object: 'Object Repository/DispensaryToStore/Page_Dispensary Store/a_Sign out' is clicked on

2018-06-09 16:12:37 - [TEST_STEP][PASSED] - delay: Delayed 3 second(s)

2018-06-09 16:12:40 - [MESSAGE][PASSED] - Delayed 3 second(s)

2018-06-09 16:12:40 - [TEST_STEP][PASSED] - navigateToUrl: Navigate to 'http://192.168.137.1/multihospital_new/' successfully

2018-06-09 16:12:40 - [MESSAGE][PASSED] - Navigate to 'http://192.168.137.1/multihospital_new/' successfully

2018-06-09 16:12:40 - [TEST_STEP][PASSED] - click: Object: 'Object Repository/DispensaryToStore/Page_KDMC/a_CMO' is clicked on

2018-06-09 16:12:41 - [MESSAGE][PASSED] - Object: 'Object Repository/DispensaryToStore/Page_KDMC/a_CMO' is clicked on

2018-06-09 16:12:41 - [TEST_STEP][PASSED] - setText: Text 'guru' is set on object 'Object Repository/DispensaryToStore/Page_CMO login/input_txtusername'

2018-06-09 16:12:41 - [MESSAGE][PASSED] - Text 'guru' is set on object 'Object Repository/DispensaryToStore/Page_CMO login/input_txtusername'

2018-06-09 16:12:41 - [TEST_STEP][PASSED] - setText: Text '123' is set on object 'Object Repository/DispensaryToStore/Page_CMO login/input_txtpassword'

2018-06-09 16:12:41 - [MESSAGE][PASSED] - Text '123' is set on object 'Object Repository/DispensaryToStore/Page_CMO login/input_txtpassword'

2018-06-09 16:12:41 - [TEST_STEP][PASSED] - delay: Delayed 3 second(s)

2018-06-09 16:12:44 - [MESSAGE][PASSED] - Delayed 3 second(s)

2018-06-09 16:12:44 - [TEST_STEP][PASSED] - click: Object: 'Object Repository/DispensaryToStore/Page_CMO login/button_Sign in' is clicked on

2018-06-09 16:12:45 - [MESSAGE][PASSED] - Object: 'Object Repository/DispensaryToStore/Page_CMO login/button_Sign in' is clicked on

2018-06-09 16:12:45 - [TEST_STEP][PASSED] - click: Object: 'Object Repository/DispensaryToStore/Page_KDMC - CMO/a_Department Wise Request' is clicked on

2018-06-09 16:12:47 - [MESSAGE][PASSED] - Object: 'Object Repository/DispensaryToStore/Page_KDMC - CMO/a_Department Wise Request' is clicked on

2018-06-09 16:12:47 - [TEST_STEP][PASSED] - delay: Delayed 2 second(s)

2018-06-09 16:12:49 - [MESSAGE][PASSED] - Delayed 2 second(s)

2018-06-09 16:12:49 - [TEST_STEP][PASSED] - selectOptionByIndex: All options with index in [6] are selected on object 'Object Repository/DispensaryToStore/Page_KDMC - CMO/select_--ALL--'

2018-06-09 16:12:50 - [MESSAGE][PASSED] - All options with index in [6] are selected on object 'Object Repository/DispensaryToStore/Page_KDMC - CMO/select_--ALL--'

2018-06-09 16:12:50 - [TEST_STEP][PASSED] - click: Object: 'Object Repository/DispensaryToStore/Page_KDMC - CMO/input_btnsearch' is clicked on

2018-06-09 16:12:50 - [MESSAGE][PASSED] - Object: 'Object Repository/DispensaryToStore/Page_KDMC - CMO/input_btnsearch' is clicked on

2018-06-09 16:12:50 - [TEST_STEP][PASSED] - selectOptionByIndex: All options with index in [1] are selected on object 'Object Repository/DispensaryToStore/Page_KDMC - CMO/select_--ALL--                _1'

2018-06-09 16:12:50 - [MESSAGE][PASSED] - All options with index in [1] are selected on object 'Object Repository/DispensaryToStore/Page_KDMC - CMO/select_--ALL--                _1'

2018-06-09 16:12:50 - [TEST_STEP][PASSED] - click: Object: 'Object Repository/DispensaryToStore/Page_KDMC - CMO/input_btnsearch' is clicked on

2018-06-09 16:12:50 - [MESSAGE][PASSED] - Object: 'Object Repository/DispensaryToStore/Page_KDMC - CMO/input_btnsearch' is clicked on

2018-06-09 16:12:50 - [TEST_STEP][PASSED] - Statement - ID = com.kms.katalon.core.webui.keyword.WebUiBuiltInKeywords.modifyObjectProperty(com.kms.katalon.core.testobject.ObjectRepository.findTestObject(lab/Page_KDMC - CMO/input_1), "xpath", "equals", "//*[@id=" + RID + "]", true): Modify property of object successfully

2018-06-09 16:12:50 - [MESSAGE][PASSED] - Modify property of object successfully

2018-06-09 16:12:50 - [TEST_STEP][PASSED] - click: Object: 'Object Repository/lab/Page_KDMC - CMO/input_1' is clicked on

2018-06-09 16:12:51 - [MESSAGE][PASSED] - Object: 'Object Repository/lab/Page_KDMC - CMO/input_1' is clicked on

2018-06-09 16:12:51 - [TEST_STEP][PASSED] - delay: Delayed 2 second(s)

2018-06-09 16:12:53 - [MESSAGE][PASSED] - Delayed 2 second(s)

2018-06-09 16:12:53 - [TEST_STEP][PASSED] - selectOptionByIndex: All options with index in [1] are selected on object 'Object Repository/DispensaryToStore/Page_KDMC - CMO/select_--Select--'

2018-06-09 16:12:53 - [MESSAGE][PASSED] - All options with index in [1] are selected on object 'Object Repository/DispensaryToStore/Page_KDMC - CMO/select_--Select--'

2018-06-09 16:12:53 - [TEST_STEP][PASSED] - click: Object: 'Object Repository/DispensaryToStore/Page_KDMC - CMO/input_btnupdate' is clicked on

2018-06-09 16:12:53 - [MESSAGE][PASSED] - Object: 'Object Repository/DispensaryToStore/Page_KDMC - CMO/input_btnupdate' is clicked on

2018-06-09 16:12:53 - [TEST_STEP][PASSED] - delay: Delayed 2 second(s)

2018-06-09 16:12:55 - [MESSAGE][PASSED] - Delayed 2 second(s)

2018-06-09 16:12:55 - [TEST_STEP][PASSED] - click: Object: 'Object Repository/DispensaryToStore/Page_KDMC - CMO/button_OK' is clicked on

2018-06-09 16:12:55 - [MESSAGE][PASSED] - Object: 'Object Repository/DispensaryToStore/Page_KDMC - CMO/button_OK' is clicked on

2018-06-09 16:12:55 - [TEST_STEP][PASSED] - delay: Delayed 2 second(s)

2018-06-09 16:12:57 - [MESSAGE][PASSED] - Delayed 2 second(s)

2018-06-09 16:12:57 - [TEST_STEP][PASSED] - click: Object: 'Object Repository/DispensaryToStore/Page_KDMC - CMO/a_dropdown-toggle' is clicked on

2018-06-09 16:12:58 - [MESSAGE][PASSED] - Object: 'Object Repository/DispensaryToStore/Page_KDMC - CMO/a_dropdown-toggle' is clicked on

2018-06-09 16:12:58 - [TEST_STEP][PASSED] - click: Object: 'Object Repository/DispensaryToStore/Page_KDMC - CMO/a_Sign out' is clicked on

2018-06-09 16:12:58 - [MESSAGE][PASSED] - Object: 'Object Repository/DispensaryToStore/Page_KDMC - CMO/a_Sign out' is clicked on

2018-06-09 16:12:58 - [TEST_STEP][PASSED] - delay: Delayed 3 second(s)

2018-06-09 16:13:01 - [MESSAGE][PASSED] - Delayed 3 second(s)

2018-06-09 16:13:01 - [TEST_STEP][PASSED] - click: Object: 'Object Repository/DispensaryToStore/Page_KDMC/a_Divisional Store' is clicked on

2018-06-09 16:13:02 - [MESSAGE][PASSED] - Object: 'Object Repository/DispensaryToStore/Page_KDMC/a_Divisional Store' is clicked on

2018-06-09 16:13:02 - [TEST_STEP][PASSED] - setText: Text 'ragu' is set on object 'Object Repository/DispensaryToStore/Page_Divisonal Store Login/input_txtusername'

2018-06-09 16:13:02 - [MESSAGE][PASSED] - Text 'ragu' is set on object 'Object Repository/DispensaryToStore/Page_Divisonal Store Login/input_txtusername'

2018-06-09 16:13:02 - [TEST_STEP][PASSED] - setText: Text '123' is set on object 'Object Repository/DispensaryToStore/Page_Divisonal Store Login/input_txtpassword'

2018-06-09 16:13:02 - [MESSAGE][PASSED] - Text '123' is set on object 'Object Repository/DispensaryToStore/Page_Divisonal Store Login/input_txtpassword'

2018-06-09 16:13:02 - [TEST_STEP][PASSED] - delay: Delayed 3 second(s)

2018-06-09 16:13:05 - [MESSAGE][PASSED] - Delayed 3 second(s)

2018-06-09 16:13:05 - [TEST_STEP][PASSED] - click: Object: 'Object Repository/DispensaryToStore/Page_Divisonal Store Login/button_Sign in' is clicked on

2018-06-09 16:13:07 - [MESSAGE][PASSED] - Object: 'Object Repository/DispensaryToStore/Page_Divisonal Store Login/button_Sign in' is clicked on

2018-06-09 16:13:07 - [TEST_STEP][PASSED] - delay: Delayed 3 second(s)

2018-06-09 16:13:10 - [MESSAGE][PASSED] - Delayed 3 second(s)

2018-06-09 16:13:10 - [TEST_STEP][PASSED] - scrollToPosition: Browser is scrolled to position x = 100, y = 100

2018-06-09 16:13:10 - [MESSAGE][PASSED] - Browser is scrolled to position x = 100, y = 100

2018-06-09 16:13:10 - [TEST_STEP][PASSED] - click: Object: 'Object Repository/DispensaryToStore/Page_Store/a_Dispensary Request' is clicked on

2018-06-09 16:13:10 - [MESSAGE][PASSED] - Object: 'Object Repository/DispensaryToStore/Page_Store/a_Dispensary Request' is clicked on

2018-06-09 16:13:10 - [TEST_STEP][PASSED] - delay: Delayed 2 second(s)

2018-06-09 16:13:12 - [MESSAGE][PASSED] - Delayed 2 second(s)

2018-06-09 16:13:12 - [TEST_STEP][PASSED] - click: Object: 'Object Repository/DispensaryToStore/Page_Store/a_Request Item Dispensary' is clicked on

2018-06-09 16:13:13 - [MESSAGE][PASSED] - Object: 'Object Repository/DispensaryToStore/Page_Store/a_Request Item Dispensary' is clicked on

2018-06-09 16:13:13 - [TEST_STEP][PASSED] - Statement - ChooseRequest = com.kms.katalon.core.webui.keyword.WebUiBuiltInKeywords.modifyObjectProperty(com.kms.katalon.core.testobject.ObjectRepository.findTestObject(lab/Page_Store/input_1), "xpath", "equals", "//*[@id=" + RID + "]", true): Modify property of object successfully

2018-06-09 16:13:13 - [MESSAGE][PASSED] - Modify property of object successfully

2018-06-09 16:13:13 - [TEST_STEP][PASSED] - click: Object: 'Object Repository/lab/Page_Store/input_1' is clicked on

2018-06-09 16:13:14 - [MESSAGE][PASSED] - Object: 'Object Repository/lab/Page_Store/input_1' is clicked on

2018-06-09 16:13:14 - [TEST_STEP][PASSED] - Statement - selectedoptions = com.kms.katalon.core.webui.keyword.WebUiBuiltInKeywords.getNumberOfTotalOption(com.kms.katalon.core.testobject.ObjectRepository.findTestObject(DispensaryToStore/Page_Store/select_--Select--Adernaline 0.)): 24 options of object 'Object Repository/DispensaryToStore/Page_Store/select_--Select--Adernaline 0.' counted

2018-06-09 16:13:14 - [MESSAGE][PASSED] - 24 options of object 'Object Repository/DispensaryToStore/Page_Store/select_--Select--Adernaline 0.' counted

2018-06-09 16:13:14 - [TEST_STEP][PASSED] - Statement - For ([a = 1, a <= selectedoptions - 1, (a++)]): null

2018-06-09 16:13:14 - [TEST_STEP][PASSED] - selectOptionByIndex: All options with index in [1] are selected on object 'Object Repository/DispensaryToStore/Page_Store/select_--Select--Adernaline 0.'

2018-06-09 16:13:14 - [MESSAGE][PASSED] - All options with index in [1] are selected on object 'Object Repository/DispensaryToStore/Page_Store/select_--Select--Adernaline 0.'

2018-06-09 16:13:14 - [TEST_STEP][PASSED] - delay: Delayed 2 second(s)

2018-06-09 16:13:16 - [MESSAGE][PASSED] - Delayed 2 second(s)

2018-06-09 16:13:16 - [TEST_STEP][PASSED] - Statement - RequestedQty = com.kms.katalon.core.webui.keyword.WebUiBuiltInKeywords.getAttribute(com.kms.katalon.core.testobject.ObjectRepository.findTestObject(DispensaryToStore/Page_Store/input_txttotal), "value"): Attribute 'value' of object 'Object Repository/DispensaryToStore/Page_Store/input_txttotal' is: '10'

2018-06-09 16:13:16 - [MESSAGE][PASSED] - Attribute 'value' of object 'Object Repository/DispensaryToStore/Page_Store/input_txttotal' is: '10'

2018-06-09 16:13:16 - [TEST_STEP][PASSED] - Statement - out.println("Requested QTY : " + RequestedQty): null

2018-06-09 16:13:16 - [TEST_STEP][PASSED] - Statement - BatchNumber = com.kms.katalon.core.webui.keyword.WebUiBuiltInKeywords.getNumberOfTotalOption(com.kms.katalon.core.testobject.ObjectRepository.findTestObject(DispensaryToStore/Page_Store/select_--Select--BA1170BA2376B)): 3 options of object 'Object Repository/DispensaryToStore/Page_Store/select_--Select--BA1170BA2376B' counted

2018-06-09 16:13:16 - [MESSAGE][PASSED] - 3 options of object 'Object Repository/DispensaryToStore/Page_Store/select_--Select--BA1170BA2376B' counted

2018-06-09 16:13:16 - [TEST_STEP][PASSED] - Statement - For ([g = 1, g <= BatchNumber - 1, (g++)]): null

2018-06-09 16:13:16 - [TEST_STEP][PASSED] - selectOptionByIndex: All options with index in [1] are selected on object 'Object Repository/DispensaryToStore/Page_Store/select_--Select--BA1170BA2376B'

2018-06-09 16:13:17 - [MESSAGE][PASSED] - All options with index in [1] are selected on object 'Object Repository/DispensaryToStore/Page_Store/select_--Select--BA1170BA2376B'

2018-06-09 16:13:17 - [TEST_STEP][PASSED] - Statement - Try: null

2018-06-09 16:13:17 - [TEST_STEP][PASSED] - Statement - StockQty = com.kms.katalon.core.webui.keyword.WebUiBuiltInKeywords.getAttribute(com.kms.katalon.core.testobject.ObjectRepository.findTestObject(DispensaryToStore/Page_Store/input_txtprice), "value"): Attribute 'value' of object 'Object Repository/DispensaryToStore/Page_Store/input_txtprice' is: '740'

2018-06-09 16:13:17 - [MESSAGE][PASSED] - Attribute 'value' of object 'Object Repository/DispensaryToStore/Page_Store/input_txtprice' is: '740'

2018-06-09 16:13:17 - [TEST_STEP][PASSED] - Statement - out.println("Stock QTY : " + StockQty): null

2018-06-09 16:13:17 - [TEST_STEP][PASSED] - delay: Delayed 2 second(s)

2018-06-09 16:13:19 - [MESSAGE][PASSED] - Delayed 2 second(s)

2018-06-09 16:13:19 - [TEST_STEP][PASSED] - Statement - If (java.lang.String.valueOf(StockQty) >= java.lang.String.valueOf(RequestedQty)): null

2018-06-09 16:13:19 - [TEST_STEP][PASSED] - setText: Text '10' is set on object 'Object Repository/DispensaryToStore/Page_Store/input_txtqty'

2018-06-09 16:13:19 - [MESSAGE][PASSED] - Text '10' is set on object 'Object Repository/DispensaryToStore/Page_Store/input_txtqty'

2018-06-09 16:13:19 - [TEST_STEP][PASSED] - click: Object: 'Object Repository/DispensaryToStore/Page_Store/button_Add' is clicked on

2018-06-09 16:13:19 - [MESSAGE][PASSED] - Object: 'Object Repository/DispensaryToStore/Page_Store/button_Add' is clicked on

2018-06-09 16:13:19 - [TEST_STEP][PASSED] - Statement - Break: null

2018-06-09 16:13:19 - [TEST_STEP][PASSED] - selectOptionByIndex: All options with index in [2] are selected on object 'Object Repository/DispensaryToStore/Page_Store/select_--Select--Adernaline 0.'

2018-06-09 16:13:19 - [MESSAGE][PASSED] - All options with index in [2] are selected on object 'Object Repository/DispensaryToStore/Page_Store/select_--Select--Adernaline 0.'

2018-06-09 16:13:19 - [TEST_STEP][PASSED] - delay: Delayed 2 second(s)

2018-06-09 16:13:21 - [MESSAGE][PASSED] - Delayed 2 second(s)

2018-06-09 16:13:21 - [TEST_STEP][PASSED] - Statement - RequestedQty = com.kms.katalon.core.webui.keyword.WebUiBuiltInKeywords.getAttribute(com.kms.katalon.core.testobject.ObjectRepository.findTestObject(DispensaryToStore/Page_Store/input_txttotal), "value"): Attribute 'value' of object 'Object Repository/DispensaryToStore/Page_Store/input_txttotal' is: '10'

2018-06-09 16:13:21 - [MESSAGE][PASSED] - Attribute 'value' of object 'Object Repository/DispensaryToStore/Page_Store/input_txttotal' is: '10'

2018-06-09 16:13:21 - [TEST_STEP][PASSED] - Statement - out.println("Requested QTY : " + RequestedQty): null

2018-06-09 16:13:21 - [TEST_STEP][PASSED] - Statement - BatchNumber = com.kms.katalon.core.webui.keyword.WebUiBuiltInKeywords.getNumberOfTotalOption(com.kms.katalon.core.testobject.ObjectRepository.findTestObject(DispensaryToStore/Page_Store/select_--Select--BA1170BA2376B)): 5 options of object 'Object Repository/DispensaryToStore/Page_Store/select_--Select--BA1170BA2376B' counted

2018-06-09 16:13:21 - [MESSAGE][PASSED] - 5 options of object 'Object Repository/DispensaryToStore/Page_Store/select_--Select--BA1170BA2376B' counted

2018-06-09 16:13:21 - [TEST_STEP][PASSED] - Statement - For ([g = 1, g <= BatchNumber - 1, (g++)]): null

2018-06-09 16:13:21 - [TEST_STEP][PASSED] - selectOptionByIndex: All options with index in [1] are selected on object 'Object Repository/DispensaryToStore/Page_Store/select_--Select--BA1170BA2376B'

2018-06-09 16:13:21 - [MESSAGE][PASSED] - All options with index in [1] are selected on object 'Object Repository/DispensaryToStore/Page_Store/select_--Select--BA1170BA2376B'

2018-06-09 16:13:21 - [TEST_STEP][PASSED] - Statement - Try: null

2018-06-09 16:13:21 - [TEST_STEP][PASSED] - Statement - StockQty = com.kms.katalon.core.webui.keyword.WebUiBuiltInKeywords.getAttribute(com.kms.katalon.core.testobject.ObjectRepository.findTestObject(DispensaryToStore/Page_Store/input_txtprice), "value"): Attribute 'value' of object 'Object Repository/DispensaryToStore/Page_Store/input_txtprice' is: '330'

2018-06-09 16:13:21 - [MESSAGE][PASSED] - Attribute 'value' of object 'Object Repository/DispensaryToStore/Page_Store/input_txtprice' is: '330'

2018-06-09 16:13:21 - [TEST_STEP][PASSED] - Statement - out.println("Stock QTY : " + StockQty): null

2018-06-09 16:13:21 - [TEST_STEP][PASSED] - delay: Delayed 2 second(s)

2018-06-09 16:13:23 - [MESSAGE][PASSED] - Delayed 2 second(s)

2018-06-09 16:13:23 - [TEST_STEP][PASSED] - Statement - If (java.lang.String.valueOf(StockQty) >= java.lang.String.valueOf(RequestedQty)): null

2018-06-09 16:13:23 - [TEST_STEP][PASSED] - setText: Text '10' is set on object 'Object Repository/DispensaryToStore/Page_Store/input_txtqty'

2018-06-09 16:13:23 - [MESSAGE][PASSED] - Text '10' is set on object 'Object Repository/DispensaryToStore/Page_Store/input_txtqty'

2018-06-09 16:13:23 - [TEST_STEP][PASSED] - click: Object: 'Object Repository/DispensaryToStore/Page_Store/button_Add' is clicked on

2018-06-09 16:13:23 - [MESSAGE][PASSED] - Object: 'Object Repository/DispensaryToStore/Page_Store/button_Add' is clicked on

2018-06-09 16:13:23 - [TEST_STEP][PASSED] - Statement - Break: null

2018-06-09 16:13:23 - [TEST_STEP][PASSED] - selectOptionByIndex: All options with index in [3] are selected on object 'Object Repository/DispensaryToStore/Page_Store/select_--Select--Adernaline 0.'

2018-06-09 16:13:24 - [MESSAGE][PASSED] - All options with index in [3] are selected on object 'Object Repository/DispensaryToStore/Page_Store/select_--Select--Adernaline 0.'

2018-06-09 16:13:24 - [TEST_STEP][PASSED] - delay: Delayed 2 second(s)

2018-06-09 16:13:26 - [MESSAGE][PASSED] - Delayed 2 second(s)

2018-06-09 16:13:26 - [TEST_STEP][PASSED] - Statement - RequestedQty = com.kms.katalon.core.webui.keyword.WebUiBuiltInKeywords.getAttribute(com.kms.katalon.core.testobject.ObjectRepository.findTestObject(DispensaryToStore/Page_Store/input_txttotal), "value"): Attribute 'value' of object 'Object Repository/DispensaryToStore/Page_Store/input_txttotal' is: '10'

2018-06-09 16:13:26 - [MESSAGE][PASSED] - Attribute 'value' of object 'Object Repository/DispensaryToStore/Page_Store/input_txttotal' is: '10'

2018-06-09 16:13:26 - [TEST_STEP][PASSED] - Statement - out.println("Requested QTY : " + RequestedQty): null

2018-06-09 16:13:26 - [TEST_STEP][PASSED] - Statement - BatchNumber = com.kms.katalon.core.webui.keyword.WebUiBuiltInKeywords.getNumberOfTotalOption(com.kms.katalon.core.testobject.ObjectRepository.findTestObject(DispensaryToStore/Page_Store/select_--Select--BA1170BA2376B)): 3 options of object 'Object Repository/DispensaryToStore/Page_Store/select_--Select--BA1170BA2376B' counted

2018-06-09 16:13:26 - [MESSAGE][PASSED] - 3 options of object 'Object Repository/DispensaryToStore/Page_Store/select_--Select--BA1170BA2376B' counted

2018-06-09 16:13:26 - [TEST_STEP][PASSED] - Statement - For ([g = 1, g <= BatchNumber - 1, (g++)]): null

2018-06-09 16:13:26 - [TEST_STEP][PASSED] - selectOptionByIndex: All options with index in [1] are selected on object 'Object Repository/DispensaryToStore/Page_Store/select_--Select--BA1170BA2376B'

2018-06-09 16:13:26 - [MESSAGE][PASSED] - All options with index in [1] are selected on object 'Object Repository/DispensaryToStore/Page_Store/select_--Select--BA1170BA2376B'

2018-06-09 16:13:26 - [TEST_STEP][PASSED] - Statement - Try: null

2018-06-09 16:13:26 - [TEST_STEP][PASSED] - Statement - StockQty = com.kms.katalon.core.webui.keyword.WebUiBuiltInKeywords.getAttribute(com.kms.katalon.core.testobject.ObjectRepository.findTestObject(DispensaryToStore/Page_Store/input_txtprice), "value"): Attribute 'value' of object 'Object Repository/DispensaryToStore/Page_Store/input_txtprice' is: '740'

2018-06-09 16:13:26 - [MESSAGE][PASSED] - Attribute 'value' of object 'Object Repository/DispensaryToStore/Page_Store/input_txtprice' is: '740'

2018-06-09 16:13:26 - [TEST_STEP][PASSED] - Statement - out.println("Stock QTY : " + StockQty): null

2018-06-09 16:13:26 - [TEST_STEP][PASSED] - delay: Delayed 2 second(s)

2018-06-09 16:13:28 - [MESSAGE][PASSED] - Delayed 2 second(s)

2018-06-09 16:13:28 - [TEST_STEP][PASSED] - Statement - If (java.lang.String.valueOf(StockQty) >= java.lang.String.valueOf(RequestedQty)): null

2018-06-09 16:13:28 - [TEST_STEP][PASSED] - setText: Text '10' is set on object 'Object Repository/DispensaryToStore/Page_Store/input_txtqty'

2018-06-09 16:13:28 - [MESSAGE][PASSED] - Text '10' is set on object 'Object Repository/DispensaryToStore/Page_Store/input_txtqty'

2018-06-09 16:13:28 - [TEST_STEP][PASSED] - click: Object: 'Object Repository/DispensaryToStore/Page_Store/button_Add' is clicked on

2018-06-09 16:13:28 - [MESSAGE][PASSED] - Object: 'Object Repository/DispensaryToStore/Page_Store/button_Add' is clicked on

2018-06-09 16:13:28 - [TEST_STEP][PASSED] - Statement - Break: null

2018-06-09 16:13:28 - [TEST_STEP][PASSED] - selectOptionByIndex: All options with index in [4] are selected on object 'Object Repository/DispensaryToStore/Page_Store/select_--Select--Adernaline 0.'

2018-06-09 16:13:28 - [MESSAGE][PASSED] - All options with index in [4] are selected on object 'Object Repository/DispensaryToStore/Page_Store/select_--Select--Adernaline 0.'

2018-06-09 16:13:28 - [TEST_STEP][PASSED] - delay: Delayed 2 second(s)

2018-06-09 16:13:30 - [MESSAGE][PASSED] - Delayed 2 second(s)

2018-06-09 16:13:30 - [TEST_STEP][PASSED] - Statement - RequestedQty = com.kms.katalon.core.webui.keyword.WebUiBuiltInKeywords.getAttribute(com.kms.katalon.core.testobject.ObjectRepository.findTestObject(DispensaryToStore/Page_Store/input_txttotal), "value"): Attribute 'value' of object 'Object Repository/DispensaryToStore/Page_Store/input_txttotal' is: '10'

2018-06-09 16:13:30 - [MESSAGE][PASSED] - Attribute 'value' of object 'Object Repository/DispensaryToStore/Page_Store/input_txttotal' is: '10'

2018-06-09 16:13:30 - [TEST_STEP][PASSED] - Statement - out.println("Requested QTY : " + RequestedQty): null

2018-06-09 16:13:30 - [TEST_STEP][PASSED] - Statement - BatchNumber = com.kms.katalon.core.webui.keyword.WebUiBuiltInKeywords.getNumberOfTotalOption(com.kms.katalon.core.testobject.ObjectRepository.findTestObject(DispensaryToStore/Page_Store/select_--Select--BA1170BA2376B)): 3 options of object 'Object Repository/DispensaryToStore/Page_Store/select_--Select--BA1170BA2376B' counted

2018-06-09 16:13:30 - [MESSAGE][PASSED] - 3 options of object 'Object Repository/DispensaryToStore/Page_Store/select_--Select--BA1170BA2376B' counted

2018-06-09 16:13:30 - [TEST_STEP][PASSED] - Statement - For ([g = 1, g <= BatchNumber - 1, (g++)]): null

2018-06-09 16:13:30 - [TEST_STEP][PASSED] - selectOptionByIndex: All options with index in [1] are selected on object 'Object Repository/DispensaryToStore/Page_Store/select_--Select--BA1170BA2376B'

2018-06-09 16:13:31 - [MESSAGE][PASSED] - All options with index in [1] are selected on object 'Object Repository/DispensaryToStore/Page_Store/select_--Select--BA1170BA2376B'

2018-06-09 16:13:31 - [TEST_STEP][PASSED] - Statement - Try: null

2018-06-09 16:13:31 - [TEST_STEP][PASSED] - Statement - StockQty = com.kms.katalon.core.webui.keyword.WebUiBuiltInKeywords.getAttribute(com.kms.katalon.core.testobject.ObjectRepository.findTestObject(DispensaryToStore/Page_Store/input_txtprice), "value"): Attribute 'value' of object 'Object Repository/DispensaryToStore/Page_Store/input_txtprice' is: '740'

2018-06-09 16:13:31 - [MESSAGE][PASSED] - Attribute 'value' of object 'Object Repository/DispensaryToStore/Page_Store/input_txtprice' is: '740'

2018-06-09 16:13:31 - [TEST_STEP][PASSED] - Statement - out.println("Stock QTY : " + StockQty): null

2018-06-09 16:13:31 - [TEST_STEP][PASSED] - delay: Delayed 2 second(s)

2018-06-09 16:13:33 - [MESSAGE][PASSED] - Delayed 2 second(s)

2018-06-09 16:13:33 - [TEST_STEP][PASSED] - Statement - If (java.lang.String.valueOf(StockQty) >= java.lang.String.valueOf(RequestedQty)): null

2018-06-09 16:13:33 - [TEST_STEP][PASSED] - setText: Text '10' is set on object 'Object Repository/DispensaryToStore/Page_Store/input_txtqty'

2018-06-09 16:13:33 - [MESSAGE][PASSED] - Text '10' is set on object 'Object Repository/DispensaryToStore/Page_Store/input_txtqty'

2018-06-09 16:13:33 - [TEST_STEP][PASSED] - click: Object: 'Object Repository/DispensaryToStore/Page_Store/button_Add' is clicked on

2018-06-09 16:13:33 - [MESSAGE][PASSED] - Object: 'Object Repository/DispensaryToStore/Page_Store/button_Add' is clicked on

2018-06-09 16:13:33 - [TEST_STEP][PASSED] - Statement - Break: null

2018-06-09 16:13:33 - [TEST_STEP][PASSED] - selectOptionByIndex: All options with index in [5] are selected on object 'Object Repository/DispensaryToStore/Page_Store/select_--Select--Adernaline 0.'

2018-06-09 16:13:33 - [MESSAGE][PASSED] - All options with index in [5] are selected on object 'Object Repository/DispensaryToStore/Page_Store/select_--Select--Adernaline 0.'

2018-06-09 16:13:33 - [TEST_STEP][PASSED] - delay: Delayed 2 second(s)

2018-06-09 16:13:35 - [MESSAGE][PASSED] - Delayed 2 second(s)

2018-06-09 16:13:35 - [TEST_STEP][PASSED] - Statement - RequestedQty = com.kms.katalon.core.webui.keyword.WebUiBuiltInKeywords.getAttribute(com.kms.katalon.core.testobject.ObjectRepository.findTestObject(DispensaryToStore/Page_Store/input_txttotal), "value"): Attribute 'value' of object 'Object Repository/DispensaryToStore/Page_Store/input_txttotal' is: '10'

2018-06-09 16:13:35 - [MESSAGE][PASSED] - Attribute 'value' of object 'Object Repository/DispensaryToStore/Page_Store/input_txttotal' is: '10'

2018-06-09 16:13:35 - [TEST_STEP][PASSED] - Statement - out.println("Requested QTY : " + RequestedQty): null

2018-06-09 16:13:35 - [TEST_STEP][PASSED] - Statement - BatchNumber = com.kms.katalon.core.webui.keyword.WebUiBuiltInKeywords.getNumberOfTotalOption(com.kms.katalon.core.testobject.ObjectRepository.findTestObject(DispensaryToStore/Page_Store/select_--Select--BA1170BA2376B)): 4 options of object 'Object Repository/DispensaryToStore/Page_Store/select_--Select--BA1170BA2376B' counted

2018-06-09 16:13:35 - [MESSAGE][PASSED] - 4 options of object 'Object Repository/DispensaryToStore/Page_Store/select_--Select--BA1170BA2376B' counted

2018-06-09 16:13:35 - [TEST_STEP][PASSED] - Statement - For ([g = 1, g <= BatchNumber - 1, (g++)]): null

2018-06-09 16:13:35 - [TEST_STEP][PASSED] - selectOptionByIndex: All options with index in [1] are selected on object 'Object Repository/DispensaryToStore/Page_Store/select_--Select--BA1170BA2376B'

2018-06-09 16:13:35 - [MESSAGE][PASSED] - All options with index in [1] are selected on object 'Object Repository/DispensaryToStore/Page_Store/select_--Select--BA1170BA2376B'

2018-06-09 16:13:35 - [TEST_STEP][PASSED] - Statement - Try: null

2018-06-09 16:13:35 - [TEST_STEP][PASSED] - Statement - StockQty = com.kms.katalon.core.webui.keyword.WebUiBuiltInKeywords.getAttribute(com.kms.katalon.core.testobject.ObjectRepository.findTestObject(DispensaryToStore/Page_Store/input_txtprice), "value"): Attribute 'value' of object 'Object Repository/DispensaryToStore/Page_Store/input_txtprice' is: '390'

2018-06-09 16:13:35 - [MESSAGE][PASSED] - Attribute 'value' of object 'Object Repository/DispensaryToStore/Page_Store/input_txtprice' is: '390'

2018-06-09 16:13:35 - [TEST_STEP][PASSED] - Statement - out.println("Stock QTY : " + StockQty): null

2018-06-09 16:13:35 - [TEST_STEP][PASSED] - delay: Delayed 2 second(s)

2018-06-09 16:13:37 - [MESSAGE][PASSED] - Delayed 2 second(s)

2018-06-09 16:13:37 - [TEST_STEP][PASSED] - Statement - If (java.lang.String.valueOf(StockQty) >= java.lang.String.valueOf(RequestedQty)): null

2018-06-09 16:13:37 - [TEST_STEP][PASSED] - setText: Text '10' is set on object 'Object Repository/DispensaryToStore/Page_Store/input_txtqty'

2018-06-09 16:13:37 - [MESSAGE][PASSED] - Text '10' is set on object 'Object Repository/DispensaryToStore/Page_Store/input_txtqty'

2018-06-09 16:13:37 - [TEST_STEP][PASSED] - click: Object: 'Object Repository/DispensaryToStore/Page_Store/button_Add' is clicked on

2018-06-09 16:13:37 - [MESSAGE][PASSED] - Object: 'Object Repository/DispensaryToStore/Page_Store/button_Add' is clicked on

2018-06-09 16:13:37 - [TEST_STEP][PASSED] - Statement - Break: null

2018-06-09 16:13:37 - [TEST_STEP][PASSED] - selectOptionByIndex: All options with index in [6] are selected on object 'Object Repository/DispensaryToStore/Page_Store/select_--Select--Adernaline 0.'

2018-06-09 16:13:38 - [MESSAGE][PASSED] - All options with index in [6] are selected on object 'Object Repository/DispensaryToStore/Page_Store/select_--Select--Adernaline 0.'

2018-06-09 16:13:38 - [TEST_STEP][PASSED] - delay: Delayed 2 second(s)

2018-06-09 16:13:40 - [MESSAGE][PASSED] - Delayed 2 second(s)

2018-06-09 16:13:40 - [TEST_STEP][PASSED] - Statement - RequestedQty = com.kms.katalon.core.webui.keyword.WebUiBuiltInKeywords.getAttribute(com.kms.katalon.core.testobject.ObjectRepository.findTestObject(DispensaryToStore/Page_Store/input_txttotal), "value"): Attribute 'value' of object 'Object Repository/DispensaryToStore/Page_Store/input_txttotal' is: '10'

2018-06-09 16:13:40 - [MESSAGE][PASSED] - Attribute 'value' of object 'Object Repository/DispensaryToStore/Page_Store/input_txttotal' is: '10'

2018-06-09 16:13:40 - [TEST_STEP][PASSED] - Statement - out.println("Requested QTY : " + RequestedQty): null

2018-06-09 16:13:40 - [TEST_STEP][PASSED] - Statement - BatchNumber = com.kms.katalon.core.webui.keyword.WebUiBuiltInKeywords.getNumberOfTotalOption(com.kms.katalon.core.testobject.ObjectRepository.findTestObject(DispensaryToStore/Page_Store/select_--Select--BA1170BA2376B)): 3 options of object 'Object Repository/DispensaryToStore/Page_Store/select_--Select--BA1170BA2376B' counted

2018-06-09 16:13:40 - [MESSAGE][PASSED] - 3 options of object 'Object Repository/DispensaryToStore/Page_Store/select_--Select--BA1170BA2376B' counted

2018-06-09 16:13:40 - [TEST_STEP][PASSED] - Statement - For ([g = 1, g <= BatchNumber - 1, (g++)]): null

2018-06-09 16:13:40 - [TEST_STEP][PASSED] - selectOptionByIndex: All options with index in [1] are selected on object 'Object Repository/DispensaryToStore/Page_Store/select_--Select--BA1170BA2376B'

2018-06-09 16:13:40 - [MESSAGE][PASSED] - All options with index in [1] are selected on object 'Object Repository/DispensaryToStore/Page_Store/select_--Select--BA1170BA2376B'

2018-06-09 16:13:40 - [TEST_STEP][PASSED] - Statement - Try: null

2018-06-09 16:13:40 - [TEST_STEP][PASSED] - Statement - StockQty = com.kms.katalon.core.webui.keyword.WebUiBuiltInKeywords.getAttribute(com.kms.katalon.core.testobject.ObjectRepository.findTestObject(DispensaryToStore/Page_Store/input_txtprice), "value"): Attribute 'value' of object 'Object Repository/DispensaryToStore/Page_Store/input_txtprice' is: '740'

2018-06-09 16:13:40 - [MESSAGE][PASSED] - Attribute 'value' of object 'Object Repository/DispensaryToStore/Page_Store/input_txtprice' is: '740'

2018-06-09 16:13:40 - [TEST_STEP][PASSED] - Statement - out.println("Stock QTY : " + StockQty): null

2018-06-09 16:13:40 - [TEST_STEP][PASSED] - delay: Delayed 2 second(s)

2018-06-09 16:13:42 - [MESSAGE][PASSED] - Delayed 2 second(s)

2018-06-09 16:13:42 - [TEST_STEP][PASSED] - Statement - If (java.lang.String.valueOf(StockQty) >= java.lang.String.valueOf(RequestedQty)): null

2018-06-09 16:13:42 - [TEST_STEP][PASSED] - setText: Text '10' is set on object 'Object Repository/DispensaryToStore/Page_Store/input_txtqty'

2018-06-09 16:13:42 - [MESSAGE][PASSED] - Text '10' is set on object 'Object Repository/DispensaryToStore/Page_Store/input_txtqty'

2018-06-09 16:13:42 - [TEST_STEP][PASSED] - click: Object: 'Object Repository/DispensaryToStore/Page_Store/button_Add' is clicked on

2018-06-09 16:13:42 - [MESSAGE][PASSED] - Object: 'Object Repository/DispensaryToStore/Page_Store/button_Add' is clicked on

2018-06-09 16:13:42 - [TEST_STEP][PASSED] - Statement - Break: null

2018-06-09 16:13:42 - [TEST_STEP][PASSED] - selectOptionByIndex: All options with index in [7] are selected on object 'Object Repository/DispensaryToStore/Page_Store/select_--Select--Adernaline 0.'

2018-06-09 16:13:42 - [MESSAGE][PASSED] - All options with index in [7] are selected on object 'Object Repository/DispensaryToStore/Page_Store/select_--Select--Adernaline 0.'

2018-06-09 16:13:42 - [TEST_STEP][PASSED] - delay: Delayed 2 second(s)

2018-06-09 16:13:44 - [MESSAGE][PASSED] - Delayed 2 second(s)

2018-06-09 16:13:44 - [TEST_STEP][PASSED] - Statement - RequestedQty = com.kms.katalon.core.webui.keyword.WebUiBuiltInKeywords.getAttribute(com.kms.katalon.core.testobject.ObjectRepository.findTestObject(DispensaryToStore/Page_Store/input_txttotal), "value"): Attribute 'value' of object 'Object Repository/DispensaryToStore/Page_Store/input_txttotal' is: '10'

2018-06-09 16:13:44 - [MESSAGE][PASSED] - Attribute 'value' of object 'Object Repository/DispensaryToStore/Page_Store/input_txttotal' is: '10'

2018-06-09 16:13:44 - [TEST_STEP][PASSED] - Statement - out.println("Requested QTY : " + RequestedQty): null

2018-06-09 16:13:44 - [TEST_STEP][PASSED] - Statement - BatchNumber = com.kms.katalon.core.webui.keyword.WebUiBuiltInKeywords.getNumberOfTotalOption(com.kms.katalon.core.testobject.ObjectRepository.findTestObject(DispensaryToStore/Page_Store/select_--Select--BA1170BA2376B)): 4 options of object 'Object Repository/DispensaryToStore/Page_Store/select_--Select--BA1170BA2376B' counted

2018-06-09 16:13:44 - [MESSAGE][PASSED] - 4 options of object 'Object Repository/DispensaryToStore/Page_Store/select_--Select--BA1170BA2376B' counted

2018-06-09 16:13:44 - [TEST_STEP][PASSED] - Statement - For ([g = 1, g <= BatchNumber - 1, (g++)]): null

2018-06-09 16:13:44 - [TEST_STEP][PASSED] - selectOptionByIndex: All options with index in [1] are selected on object 'Object Repository/DispensaryToStore/Page_Store/select_--Select--BA1170BA2376B'

2018-06-09 16:13:44 - [MESSAGE][PASSED] - All options with index in [1] are selected on object 'Object Repository/DispensaryToStore/Page_Store/select_--Select--BA1170BA2376B'

2018-06-09 16:13:44 - [TEST_STEP][PASSED] - Statement - Try: null

2018-06-09 16:13:44 - [TEST_STEP][PASSED] - Statement - StockQty = com.kms.katalon.core.webui.keyword.WebUiBuiltInKeywords.getAttribute(com.kms.katalon.core.testobject.ObjectRepository.findTestObject(DispensaryToStore/Page_Store/input_txtprice), "value"): Attribute 'value' of object 'Object Repository/DispensaryToStore/Page_Store/input_txtprice' is: '390'

2018-06-09 16:13:44 - [MESSAGE][PASSED] - Attribute 'value' of object 'Object Repository/DispensaryToStore/Page_Store/input_txtprice' is: '390'

2018-06-09 16:13:44 - [TEST_STEP][PASSED] - Statement - out.println("Stock QTY : " + StockQty): null

2018-06-09 16:13:44 - [TEST_STEP][PASSED] - delay: Delayed 2 second(s)

2018-06-09 16:13:46 - [MESSAGE][PASSED] - Delayed 2 second(s)

2018-06-09 16:13:46 - [TEST_STEP][PASSED] - Statement - If (java.lang.String.valueOf(StockQty) >= java.lang.String.valueOf(RequestedQty)): null

2018-06-09 16:13:46 - [TEST_STEP][PASSED] - setText: Text '10' is set on object 'Object Repository/DispensaryToStore/Page_Store/input_txtqty'

2018-06-09 16:13:47 - [MESSAGE][PASSED] - Text '10' is set on object 'Object Repository/DispensaryToStore/Page_Store/input_txtqty'

2018-06-09 16:13:47 - [TEST_STEP][PASSED] - click: Object: 'Object Repository/DispensaryToStore/Page_Store/button_Add' is clicked on

2018-06-09 16:13:47 - [MESSAGE][PASSED] - Object: 'Object Repository/DispensaryToStore/Page_Store/button_Add' is clicked on

2018-06-09 16:13:47 - [TEST_STEP][PASSED] - Statement - Break: null

2018-06-09 16:13:47 - [TEST_STEP][PASSED] - selectOptionByIndex: All options with index in [8] are selected on object 'Object Repository/DispensaryToStore/Page_Store/select_--Select--Adernaline 0.'

2018-06-09 16:13:47 - [MESSAGE][PASSED] - All options with index in [8] are selected on object 'Object Repository/DispensaryToStore/Page_Store/select_--Select--Adernaline 0.'

2018-06-09 16:13:47 - [TEST_STEP][PASSED] - delay: Delayed 2 second(s)

2018-06-09 16:13:49 - [MESSAGE][PASSED] - Delayed 2 second(s)

2018-06-09 16:13:49 - [TEST_STEP][PASSED] - Statement - RequestedQty = com.kms.katalon.core.webui.keyword.WebUiBuiltInKeywords.getAttribute(com.kms.katalon.core.testobject.ObjectRepository.findTestObject(DispensaryToStore/Page_Store/input_txttotal), "value"): Attribute 'value' of object 'Object Repository/DispensaryToStore/Page_Store/input_txttotal' is: '10'

2018-06-09 16:13:49 - [MESSAGE][PASSED] - Attribute 'value' of object 'Object Repository/DispensaryToStore/Page_Store/input_txttotal' is: '10'

2018-06-09 16:13:49 - [TEST_STEP][PASSED] - Statement - out.println("Requested QTY : " + RequestedQty): null

2018-06-09 16:13:49 - [TEST_STEP][PASSED] - Statement - BatchNumber = com.kms.katalon.core.webui.keyword.WebUiBuiltInKeywords.getNumberOfTotalOption(com.kms.katalon.core.testobject.ObjectRepository.findTestObject(DispensaryToStore/Page_Store/select_--Select--BA1170BA2376B)): 3 options of object 'Object Repository/DispensaryToStore/Page_Store/select_--Select--BA1170BA2376B' counted

2018-06-09 16:13:49 - [MESSAGE][PASSED] - 3 options of object 'Object Repository/DispensaryToStore/Page_Store/select_--Select--BA1170BA2376B' counted

2018-06-09 16:13:49 - [TEST_STEP][PASSED] - Statement - For ([g = 1, g <= BatchNumber - 1, (g++)]): null

2018-06-09 16:13:49 - [TEST_STEP][PASSED] - selectOptionByIndex: All options with index in [1] are selected on object 'Object Repository/DispensaryToStore/Page_Store/select_--Select--BA1170BA2376B'

2018-06-09 16:13:49 - [MESSAGE][PASSED] - All options with index in [1] are selected on object 'Object Repository/DispensaryToStore/Page_Store/select_--Select--BA1170BA2376B'

2018-06-09 16:13:49 - [TEST_STEP][PASSED] - Statement - Try: null

2018-06-09 16:13:49 - [TEST_STEP][PASSED] - Statement - StockQty = com.kms.katalon.core.webui.keyword.WebUiBuiltInKeywords.getAttribute(com.kms.katalon.core.testobject.ObjectRepository.findTestObject(DispensaryToStore/Page_Store/input_txtprice), "value"): Attribute 'value' of object 'Object Repository/DispensaryToStore/Page_Store/input_txtprice' is: '740'

2018-06-09 16:13:49 - [MESSAGE][PASSED] - Attribute 'value' of object 'Object Repository/DispensaryToStore/Page_Store/input_txtprice' is: '740'

2018-06-09 16:13:49 - [TEST_STEP][PASSED] - Statement - out.println("Stock QTY : " + StockQty): null

2018-06-09 16:13:49 - [TEST_STEP][PASSED] - delay: Delayed 2 second(s)

2018-06-09 16:13:51 - [MESSAGE][PASSED] - Delayed 2 second(s)

2018-06-09 16:13:51 - [TEST_STEP][PASSED] - Statement - If (java.lang.String.valueOf(StockQty) >= java.lang.String.valueOf(RequestedQty)): null

2018-06-09 16:13:51 - [TEST_STEP][PASSED] - setText: Text '10' is set on object 'Object Repository/DispensaryToStore/Page_Store/input_txtqty'

2018-06-09 16:13:51 - [MESSAGE][PASSED] - Text '10' is set on object 'Object Repository/DispensaryToStore/Page_Store/input_txtqty'

2018-06-09 16:13:51 - [TEST_STEP][PASSED] - click: Object: 'Object Repository/DispensaryToStore/Page_Store/button_Add' is clicked on

2018-06-09 16:13:51 - [MESSAGE][PASSED] - Object: 'Object Repository/DispensaryToStore/Page_Store/button_Add' is clicked on

2018-06-09 16:13:51 - [TEST_STEP][PASSED] - Statement - Break: null

2018-06-09 16:13:51 - [TEST_STEP][PASSED] - selectOptionByIndex: All options with index in [9] are selected on object 'Object Repository/DispensaryToStore/Page_Store/select_--Select--Adernaline 0.'

2018-06-09 16:13:52 - [MESSAGE][PASSED] - All options with index in [9] are selected on object 'Object Repository/DispensaryToStore/Page_Store/select_--Select--Adernaline 0.'

2018-06-09 16:13:52 - [TEST_STEP][PASSED] - delay: Delayed 2 second(s)

2018-06-09 16:13:54 - [MESSAGE][PASSED] - Delayed 2 second(s)

2018-06-09 16:13:54 - [TEST_STEP][PASSED] - Statement - RequestedQty = com.kms.katalon.core.webui.keyword.WebUiBuiltInKeywords.getAttribute(com.kms.katalon.core.testobject.ObjectRepository.findTestObject(DispensaryToStore/Page_Store/input_txttotal), "value"): Attribute 'value' of object 'Object Repository/DispensaryToStore/Page_Store/input_txttotal' is: '10'

2018-06-09 16:13:54 - [MESSAGE][PASSED] - Attribute 'value' of object 'Object Repository/DispensaryToStore/Page_Store/input_txttotal' is: '10'

2018-06-09 16:13:54 - [TEST_STEP][PASSED] - Statement - out.println("Requested QTY : " + RequestedQty): null

2018-06-09 16:13:54 - [TEST_STEP][PASSED] - Statement - BatchNumber = com.kms.katalon.core.webui.keyword.WebUiBuiltInKeywords.getNumberOfTotalOption(com.kms.katalon.core.testobject.ObjectRepository.findTestObject(DispensaryToStore/Page_Store/select_--Select--BA1170BA2376B)): 3 options of object 'Object Repository/DispensaryToStore/Page_Store/select_--Select--BA1170BA2376B' counted

2018-06-09 16:13:54 - [MESSAGE][PASSED] - 3 options of object 'Object Repository/DispensaryToStore/Page_Store/select_--Select--BA1170BA2376B' counted

2018-06-09 16:13:54 - [TEST_STEP][PASSED] - Statement - For ([g = 1, g <= BatchNumber - 1, (g++)]): null

2018-06-09 16:13:54 - [TEST_STEP][PASSED] - selectOptionByIndex: All options with index in [1] are selected on object 'Object Repository/DispensaryToStore/Page_Store/select_--Select--BA1170BA2376B'

2018-06-09 16:13:54 - [MESSAGE][PASSED] - All options with index in [1] are selected on object 'Object Repository/DispensaryToStore/Page_Store/select_--Select--BA1170BA2376B'

2018-06-09 16:13:54 - [TEST_STEP][PASSED] - Statement - Try: null

2018-06-09 16:13:54 - [TEST_STEP][PASSED] - Statement - StockQty = com.kms.katalon.core.webui.keyword.WebUiBuiltInKeywords.getAttribute(com.kms.katalon.core.testobject.ObjectRepository.findTestObject(DispensaryToStore/Page_Store/input_txtprice), "value"): Attribute 'value' of object 'Object Repository/DispensaryToStore/Page_Store/input_txtprice' is: '740'

2018-06-09 16:13:54 - [MESSAGE][PASSED] - Attribute 'value' of object 'Object Repository/DispensaryToStore/Page_Store/input_txtprice' is: '740'

2018-06-09 16:13:54 - [TEST_STEP][PASSED] - Statement - out.println("Stock QTY : " + StockQty): null

2018-06-09 16:13:54 - [TEST_STEP][PASSED] - delay: Delayed 2 second(s)

2018-06-09 16:13:56 - [MESSAGE][PASSED] - Delayed 2 second(s)

2018-06-09 16:13:56 - [TEST_STEP][PASSED] - Statement - If (java.lang.String.valueOf(StockQty) >= java.lang.String.valueOf(RequestedQty)): null

2018-06-09 16:13:56 - [TEST_STEP][PASSED] - setText: Text '10' is set on object 'Object Repository/DispensaryToStore/Page_Store/input_txtqty'

2018-06-09 16:13:56 - [MESSAGE][PASSED] - Text '10' is set on object 'Object Repository/DispensaryToStore/Page_Store/input_txtqty'

2018-06-09 16:13:56 - [TEST_STEP][PASSED] - click: Object: 'Object Repository/DispensaryToStore/Page_Store/button_Add' is clicked on

2018-06-09 16:13:56 - [MESSAGE][PASSED] - Object: 'Object Repository/DispensaryToStore/Page_Store/button_Add' is clicked on

2018-06-09 16:13:56 - [TEST_STEP][PASSED] - Statement - Break: null

2018-06-09 16:13:56 - [TEST_STEP][PASSED] - selectOptionByIndex: All options with index in [10] are selected on object 'Object Repository/DispensaryToStore/Page_Store/select_--Select--Adernaline 0.'

2018-06-09 16:13:56 - [MESSAGE][PASSED] - All options with index in [10] are selected on object 'Object Repository/DispensaryToStore/Page_Store/select_--Select--Adernaline 0.'

2018-06-09 16:13:56 - [TEST_STEP][PASSED] - delay: Delayed 2 second(s)

2018-06-09 16:13:58 - [MESSAGE][PASSED] - Delayed 2 second(s)

2018-06-09 16:13:58 - [TEST_STEP][PASSED] - Statement - RequestedQty = com.kms.katalon.core.webui.keyword.WebUiBuiltInKeywords.getAttribute(com.kms.katalon.core.testobject.ObjectRepository.findTestObject(DispensaryToStore/Page_Store/input_txttotal), "value"): Attribute 'value' of object 'Object Repository/DispensaryToStore/Page_Store/input_txttotal' is: '10'

2018-06-09 16:13:58 - [MESSAGE][PASSED] - Attribute 'value' of object 'Object Repository/DispensaryToStore/Page_Store/input_txttotal' is: '10'

2018-06-09 16:13:58 - [TEST_STEP][PASSED] - Statement - out.println("Requested QTY : " + RequestedQty): null

2018-06-09 16:13:58 - [TEST_STEP][PASSED] - Statement - BatchNumber = com.kms.katalon.core.webui.keyword.WebUiBuiltInKeywords.getNumberOfTotalOption(com.kms.katalon.core.testobject.ObjectRepository.findTestObject(DispensaryToStore/Page_Store/select_--Select--BA1170BA2376B)): 4 options of object 'Object Repository/DispensaryToStore/Page_Store/select_--Select--BA1170BA2376B' counted

2018-06-09 16:13:58 - [MESSAGE][PASSED] - 4 options of object 'Object Repository/DispensaryToStore/Page_Store/select_--Select--BA1170BA2376B' counted

2018-06-09 16:13:58 - [TEST_STEP][PASSED] - Statement - For ([g = 1, g <= BatchNumber - 1, (g++)]): null

2018-06-09 16:13:58 - [TEST_STEP][PASSED] - selectOptionByIndex: All options with index in [1] are selected on object 'Object Repository/DispensaryToStore/Page_Store/select_--Select--BA1170BA2376B'

2018-06-09 16:13:58 - [MESSAGE][PASSED] - All options with index in [1] are selected on object 'Object Repository/DispensaryToStore/Page_Store/select_--Select--BA1170BA2376B'

2018-06-09 16:13:58 - [TEST_STEP][PASSED] - Statement - Try: null

2018-06-09 16:13:58 - [TEST_STEP][PASSED] - Statement - StockQty = com.kms.katalon.core.webui.keyword.WebUiBuiltInKeywords.getAttribute(com.kms.katalon.core.testobject.ObjectRepository.findTestObject(DispensaryToStore/Page_Store/input_txtprice), "value"): Attribute 'value' of object 'Object Repository/DispensaryToStore/Page_Store/input_txtprice' is: '330'

2018-06-09 16:13:58 - [MESSAGE][PASSED] - Attribute 'value' of object 'Object Repository/DispensaryToStore/Page_Store/input_txtprice' is: '330'

2018-06-09 16:13:58 - [TEST_STEP][PASSED] - Statement - out.println("Stock QTY : " + StockQty): null

2018-06-09 16:13:58 - [TEST_STEP][PASSED] - delay: Delayed 2 second(s)

2018-06-09 16:14:00 - [MESSAGE][PASSED] - Delayed 2 second(s)

2018-06-09 16:14:00 - [TEST_STEP][PASSED] - Statement - If (java.lang.String.valueOf(StockQty) >= java.lang.String.valueOf(RequestedQty)): null

2018-06-09 16:14:00 - [TEST_STEP][PASSED] - setText: Text '10' is set on object 'Object Repository/DispensaryToStore/Page_Store/input_txtqty'

2018-06-09 16:14:01 - [MESSAGE][PASSED] - Text '10' is set on object 'Object Repository/DispensaryToStore/Page_Store/input_txtqty'

2018-06-09 16:14:01 - [TEST_STEP][PASSED] - click: Object: 'Object Repository/DispensaryToStore/Page_Store/button_Add' is clicked on

2018-06-09 16:14:01 - [MESSAGE][PASSED] - Object: 'Object Repository/DispensaryToStore/Page_Store/button_Add' is clicked on

2018-06-09 16:14:01 - [TEST_STEP][PASSED] - Statement - Break: null

2018-06-09 16:14:01 - [TEST_STEP][PASSED] - selectOptionByIndex: All options with index in [11] are selected on object 'Object Repository/DispensaryToStore/Page_Store/select_--Select--Adernaline 0.'

2018-06-09 16:14:01 - [MESSAGE][PASSED] - All options with index in [11] are selected on object 'Object Repository/DispensaryToStore/Page_Store/select_--Select--Adernaline 0.'

2018-06-09 16:14:01 - [TEST_STEP][PASSED] - delay: Delayed 2 second(s)

2018-06-09 16:14:03 - [MESSAGE][PASSED] - Delayed 2 second(s)

2018-06-09 16:14:03 - [TEST_STEP][PASSED] - Statement - RequestedQty = com.kms.katalon.core.webui.keyword.WebUiBuiltInKeywords.getAttribute(com.kms.katalon.core.testobject.ObjectRepository.findTestObject(DispensaryToStore/Page_Store/input_txttotal), "value"): Attribute 'value' of object 'Object Repository/DispensaryToStore/Page_Store/input_txttotal' is: '10'

2018-06-09 16:14:03 - [MESSAGE][PASSED] - Attribute 'value' of object 'Object Repository/DispensaryToStore/Page_Store/input_txttotal' is: '10'

2018-06-09 16:14:03 - [TEST_STEP][PASSED] - Statement - out.println("Requested QTY : " + RequestedQty): null

2018-06-09 16:14:03 - [TEST_STEP][PASSED] - Statement - BatchNumber = com.kms.katalon.core.webui.keyword.WebUiBuiltInKeywords.getNumberOfTotalOption(com.kms.katalon.core.testobject.ObjectRepository.findTestObject(DispensaryToStore/Page_Store/select_--Select--BA1170BA2376B)): 3 options of object 'Object Repository/DispensaryToStore/Page_Store/select_--Select--BA1170BA2376B' counted

2018-06-09 16:14:03 - [MESSAGE][PASSED] - 3 options of object 'Object Repository/DispensaryToStore/Page_Store/select_--Select--BA1170BA2376B' counted

2018-06-09 16:14:03 - [TEST_STEP][PASSED] - Statement - For ([g = 1, g <= BatchNumber - 1, (g++)]): null

2018-06-09 16:14:03 - [TEST_STEP][PASSED] - selectOptionByIndex: All options with index in [1] are selected on object 'Object Repository/DispensaryToStore/Page_Store/select_--Select--BA1170BA2376B'

2018-06-09 16:14:03 - [MESSAGE][PASSED] - All options with index in [1] are selected on object 'Object Repository/DispensaryToStore/Page_Store/select_--Select--BA1170BA2376B'

2018-06-09 16:14:03 - [TEST_STEP][PASSED] - Statement - Try: null

2018-06-09 16:14:03 - [TEST_STEP][PASSED] - Statement - StockQty = com.kms.katalon.core.webui.keyword.WebUiBuiltInKeywords.getAttribute(com.kms.katalon.core.testobject.ObjectRepository.findTestObject(DispensaryToStore/Page_Store/input_txtprice), "value"): Attribute 'value' of object 'Object Repository/DispensaryToStore/Page_Store/input_txtprice' is: '740'

2018-06-09 16:14:03 - [MESSAGE][PASSED] - Attribute 'value' of object 'Object Repository/DispensaryToStore/Page_Store/input_txtprice' is: '740'

2018-06-09 16:14:03 - [TEST_STEP][PASSED] - Statement - out.println("Stock QTY : " + StockQty): null

2018-06-09 16:14:03 - [TEST_STEP][PASSED] - delay: Delayed 2 second(s)

2018-06-09 16:14:05 - [MESSAGE][PASSED] - Delayed 2 second(s)

2018-06-09 16:14:05 - [TEST_STEP][PASSED] - Statement - If (java.lang.String.valueOf(StockQty) >= java.lang.String.valueOf(RequestedQty)): null

2018-06-09 16:14:05 - [TEST_STEP][PASSED] - setText: Text '10' is set on object 'Object Repository/DispensaryToStore/Page_Store/input_txtqty'

2018-06-09 16:14:05 - [MESSAGE][PASSED] - Text '10' is set on object 'Object Repository/DispensaryToStore/Page_Store/input_txtqty'

2018-06-09 16:14:05 - [TEST_STEP][PASSED] - click: Object: 'Object Repository/DispensaryToStore/Page_Store/button_Add' is clicked on

2018-06-09 16:14:05 - [MESSAGE][PASSED] - Object: 'Object Repository/DispensaryToStore/Page_Store/button_Add' is clicked on

2018-06-09 16:14:05 - [TEST_STEP][PASSED] - Statement - Break: null

2018-06-09 16:14:05 - [TEST_STEP][PASSED] - selectOptionByIndex: All options with index in [12] are selected on object 'Object Repository/DispensaryToStore/Page_Store/select_--Select--Adernaline 0.'

2018-06-09 16:14:06 - [MESSAGE][PASSED] - All options with index in [12] are selected on object 'Object Repository/DispensaryToStore/Page_Store/select_--Select--Adernaline 0.'

2018-06-09 16:14:06 - [TEST_STEP][PASSED] - delay: Delayed 2 second(s)

2018-06-09 16:14:08 - [MESSAGE][PASSED] - Delayed 2 second(s)

2018-06-09 16:14:08 - [TEST_STEP][PASSED] - Statement - RequestedQty = com.kms.katalon.core.webui.keyword.WebUiBuiltInKeywords.getAttribute(com.kms.katalon.core.testobject.ObjectRepository.findTestObject(DispensaryToStore/Page_Store/input_txttotal), "value"): Attribute 'value' of object 'Object Repository/DispensaryToStore/Page_Store/input_txttotal' is: '10'

2018-06-09 16:14:08 - [MESSAGE][PASSED] - Attribute 'value' of object 'Object Repository/DispensaryToStore/Page_Store/input_txttotal' is: '10'

2018-06-09 16:14:08 - [TEST_STEP][PASSED] - Statement - out.println("Requested QTY : " + RequestedQty): null

2018-06-09 16:14:08 - [TEST_STEP][PASSED] - Statement - BatchNumber = com.kms.katalon.core.webui.keyword.WebUiBuiltInKeywords.getNumberOfTotalOption(com.kms.katalon.core.testobject.ObjectRepository.findTestObject(DispensaryToStore/Page_Store/select_--Select--BA1170BA2376B)): 2 options of object 'Object Repository/DispensaryToStore/Page_Store/select_--Select--BA1170BA2376B' counted

2018-06-09 16:14:08 - [MESSAGE][PASSED] - 2 options of object 'Object Repository/DispensaryToStore/Page_Store/select_--Select--BA1170BA2376B' counted

2018-06-09 16:14:08 - [TEST_STEP][PASSED] - Statement - For ([g = 1, g <= BatchNumber - 1, (g++)]): null

2018-06-09 16:14:08 - [TEST_STEP][PASSED] - selectOptionByIndex: All options with index in [1] are selected on object 'Object Repository/DispensaryToStore/Page_Store/select_--Select--BA1170BA2376B'

2018-06-09 16:14:08 - [MESSAGE][PASSED] - All options with index in [1] are selected on object 'Object Repository/DispensaryToStore/Page_Store/select_--Select--BA1170BA2376B'

2018-06-09 16:14:08 - [TEST_STEP][PASSED] - Statement - Try: null

2018-06-09 16:14:08 - [TEST_STEP][PASSED] - Statement - StockQty = com.kms.katalon.core.webui.keyword.WebUiBuiltInKeywords.getAttribute(com.kms.katalon.core.testobject.ObjectRepository.findTestObject(DispensaryToStore/Page_Store/input_txtprice), "value"): Attribute 'value' of object 'Object Repository/DispensaryToStore/Page_Store/input_txtprice' is: '810'

2018-06-09 16:14:08 - [MESSAGE][PASSED] - Attribute 'value' of object 'Object Repository/DispensaryToStore/Page_Store/input_txtprice' is: '810'

2018-06-09 16:14:08 - [TEST_STEP][PASSED] - Statement - out.println("Stock QTY : " + StockQty): null

2018-06-09 16:14:08 - [TEST_STEP][PASSED] - delay: Delayed 2 second(s)

2018-06-09 16:14:10 - [MESSAGE][PASSED] - Delayed 2 second(s)

2018-06-09 16:14:10 - [TEST_STEP][PASSED] - Statement - If (java.lang.String.valueOf(StockQty) >= java.lang.String.valueOf(RequestedQty)): null

2018-06-09 16:14:10 - [TEST_STEP][PASSED] - setText: Text '10' is set on object 'Object Repository/DispensaryToStore/Page_Store/input_txtqty'

2018-06-09 16:14:10 - [MESSAGE][PASSED] - Text '10' is set on object 'Object Repository/DispensaryToStore/Page_Store/input_txtqty'

2018-06-09 16:14:10 - [TEST_STEP][PASSED] - click: Object: 'Object Repository/DispensaryToStore/Page_Store/button_Add' is clicked on

2018-06-09 16:14:10 - [MESSAGE][PASSED] - Object: 'Object Repository/DispensaryToStore/Page_Store/button_Add' is clicked on

2018-06-09 16:14:10 - [TEST_STEP][PASSED] - Statement - Break: null

2018-06-09 16:14:10 - [TEST_STEP][PASSED] - selectOptionByIndex: All options with index in [13] are selected on object 'Object Repository/DispensaryToStore/Page_Store/select_--Select--Adernaline 0.'

2018-06-09 16:14:10 - [MESSAGE][PASSED] - All options with index in [13] are selected on object 'Object Repository/DispensaryToStore/Page_Store/select_--Select--Adernaline 0.'

2018-06-09 16:14:10 - [TEST_STEP][PASSED] - delay: Delayed 2 second(s)

2018-06-09 16:14:12 - [MESSAGE][PASSED] - Delayed 2 second(s)

2018-06-09 16:14:12 - [TEST_STEP][PASSED] - Statement - RequestedQty = com.kms.katalon.core.webui.keyword.WebUiBuiltInKeywords.getAttribute(com.kms.katalon.core.testobject.ObjectRepository.findTestObject(DispensaryToStore/Page_Store/input_txttotal), "value"): Attribute 'value' of object 'Object Repository/DispensaryToStore/Page_Store/input_txttotal' is: '10'

2018-06-09 16:14:12 - [MESSAGE][PASSED] - Attribute 'value' of object 'Object Repository/DispensaryToStore/Page_Store/input_txttotal' is: '10'

2018-06-09 16:14:12 - [TEST_STEP][PASSED] - Statement - out.println("Requested QTY : " + RequestedQty): null

2018-06-09 16:14:12 - [TEST_STEP][PASSED] - Statement - BatchNumber = com.kms.katalon.core.webui.keyword.WebUiBuiltInKeywords.getNumberOfTotalOption(com.kms.katalon.core.testobject.ObjectRepository.findTestObject(DispensaryToStore/Page_Store/select_--Select--BA1170BA2376B)): 3 options of object 'Object Repository/DispensaryToStore/Page_Store/select_--Select--BA1170BA2376B' counted

2018-06-09 16:14:12 - [MESSAGE][PASSED] - 3 options of object 'Object Repository/DispensaryToStore/Page_Store/select_--Select--BA1170BA2376B' counted

2018-06-09 16:14:12 - [TEST_STEP][PASSED] - Statement - For ([g = 1, g <= BatchNumber - 1, (g++)]): null

2018-06-09 16:14:12 - [TEST_STEP][PASSED] - selectOptionByIndex: All options with index in [1] are selected on object 'Object Repository/DispensaryToStore/Page_Store/select_--Select--BA1170BA2376B'

2018-06-09 16:14:13 - [MESSAGE][PASSED] - All options with index in [1] are selected on object 'Object Repository/DispensaryToStore/Page_Store/select_--Select--BA1170BA2376B'

2018-06-09 16:14:13 - [TEST_STEP][PASSED] - Statement - Try: null

2018-06-09 16:14:13 - [TEST_STEP][PASSED] - Statement - StockQty = com.kms.katalon.core.webui.keyword.WebUiBuiltInKeywords.getAttribute(com.kms.katalon.core.testobject.ObjectRepository.findTestObject(DispensaryToStore/Page_Store/input_txtprice), "value"): Attribute 'value' of object 'Object Repository/DispensaryToStore/Page_Store/input_txtprice' is: '740'

2018-06-09 16:14:13 - [MESSAGE][PASSED] - Attribute 'value' of object 'Object Repository/DispensaryToStore/Page_Store/input_txtprice' is: '740'

2018-06-09 16:14:13 - [TEST_STEP][PASSED] - Statement - out.println("Stock QTY : " + StockQty): null

2018-06-09 16:14:13 - [TEST_STEP][PASSED] - delay: Delayed 2 second(s)

2018-06-09 16:14:15 - [MESSAGE][PASSED] - Delayed 2 second(s)

2018-06-09 16:14:15 - [TEST_STEP][PASSED] - Statement - If (java.lang.String.valueOf(StockQty) >= java.lang.String.valueOf(RequestedQty)): null

2018-06-09 16:14:15 - [TEST_STEP][PASSED] - setText: Text '10' is set on object 'Object Repository/DispensaryToStore/Page_Store/input_txtqty'

2018-06-09 16:14:15 - [MESSAGE][PASSED] - Text '10' is set on object 'Object Repository/DispensaryToStore/Page_Store/input_txtqty'

2018-06-09 16:14:15 - [TEST_STEP][PASSED] - click: Object: 'Object Repository/DispensaryToStore/Page_Store/button_Add' is clicked on

2018-06-09 16:14:15 - [MESSAGE][PASSED] - Object: 'Object Repository/DispensaryToStore/Page_Store/button_Add' is clicked on

2018-06-09 16:14:15 - [TEST_STEP][PASSED] - Statement - Break: null

2018-06-09 16:14:15 - [TEST_STEP][PASSED] - selectOptionByIndex: All options with index in [14] are selected on object 'Object Repository/DispensaryToStore/Page_Store/select_--Select--Adernaline 0.'

2018-06-09 16:14:15 - [MESSAGE][PASSED] - All options with index in [14] are selected on object 'Object Repository/DispensaryToStore/Page_Store/select_--Select--Adernaline 0.'

2018-06-09 16:14:15 - [TEST_STEP][PASSED] - delay: Delayed 2 second(s)

2018-06-09 16:14:17 - [MESSAGE][PASSED] - Delayed 2 second(s)

2018-06-09 16:14:17 - [TEST_STEP][PASSED] - Statement - RequestedQty = com.kms.katalon.core.webui.keyword.WebUiBuiltInKeywords.getAttribute(com.kms.katalon.core.testobject.ObjectRepository.findTestObject(DispensaryToStore/Page_Store/input_txttotal), "value"): Attribute 'value' of object 'Object Repository/DispensaryToStore/Page_Store/input_txttotal' is: '10'

2018-06-09 16:14:17 - [MESSAGE][PASSED] - Attribute 'value' of object 'Object Repository/DispensaryToStore/Page_Store/input_txttotal' is: '10'

2018-06-09 16:14:17 - [TEST_STEP][PASSED] - Statement - out.println("Requested QTY : " + RequestedQty): null

2018-06-09 16:14:17 - [TEST_STEP][PASSED] - Statement - BatchNumber = com.kms.katalon.core.webui.keyword.WebUiBuiltInKeywords.getNumberOfTotalOption(com.kms.katalon.core.testobject.ObjectRepository.findTestObject(DispensaryToStore/Page_Store/select_--Select--BA1170BA2376B)): 3 options of object 'Object Repository/DispensaryToStore/Page_Store/select_--Select--BA1170BA2376B' counted

2018-06-09 16:14:17 - [MESSAGE][PASSED] - 3 options of object 'Object Repository/DispensaryToStore/Page_Store/select_--Select--BA1170BA2376B' counted

2018-06-09 16:14:17 - [TEST_STEP][PASSED] - Statement - For ([g = 1, g <= BatchNumber - 1, (g++)]): null

2018-06-09 16:14:17 - [TEST_STEP][PASSED] - selectOptionByIndex: All options with index in [1] are selected on object 'Object Repository/DispensaryToStore/Page_Store/select_--Select--BA1170BA2376B'

2018-06-09 16:14:17 - [MESSAGE][PASSED] - All options with index in [1] are selected on object 'Object Repository/DispensaryToStore/Page_Store/select_--Select--BA1170BA2376B'

2018-06-09 16:14:17 - [TEST_STEP][PASSED] - Statement - Try: null

2018-06-09 16:14:17 - [TEST_STEP][PASSED] - Statement - StockQty = com.kms.katalon.core.webui.keyword.WebUiBuiltInKeywords.getAttribute(com.kms.katalon.core.testobject.ObjectRepository.findTestObject(DispensaryToStore/Page_Store/input_txtprice), "value"): Attribute 'value' of object 'Object Repository/DispensaryToStore/Page_Store/input_txtprice' is: '330'

2018-06-09 16:14:17 - [MESSAGE][PASSED] - Attribute 'value' of object 'Object Repository/DispensaryToStore/Page_Store/input_txtprice' is: '330'

2018-06-09 16:14:17 - [TEST_STEP][PASSED] - Statement - out.println("Stock QTY : " + StockQty): null

2018-06-09 16:14:17 - [TEST_STEP][PASSED] - delay: Delayed 2 second(s)

2018-06-09 16:14:19 - [MESSAGE][PASSED] - Delayed 2 second(s)

2018-06-09 16:14:19 - [TEST_STEP][PASSED] - Statement - If (java.lang.String.valueOf(StockQty) >= java.lang.String.valueOf(RequestedQty)): null

2018-06-09 16:14:19 - [TEST_STEP][PASSED] - setText: Text '10' is set on object 'Object Repository/DispensaryToStore/Page_Store/input_txtqty'

2018-06-09 16:14:19 - [MESSAGE][PASSED] - Text '10' is set on object 'Object Repository/DispensaryToStore/Page_Store/input_txtqty'

2018-06-09 16:14:19 - [TEST_STEP][PASSED] - click: Object: 'Object Repository/DispensaryToStore/Page_Store/button_Add' is clicked on

2018-06-09 16:14:20 - [MESSAGE][PASSED] - Object: 'Object Repository/DispensaryToStore/Page_Store/button_Add' is clicked on

2018-06-09 16:14:20 - [TEST_STEP][PASSED] - Statement - Break: null

2018-06-09 16:14:20 - [TEST_STEP][PASSED] - selectOptionByIndex: All options with index in [15] are selected on object 'Object Repository/DispensaryToStore/Page_Store/select_--Select--Adernaline 0.'

2018-06-09 16:14:20 - [MESSAGE][PASSED] - All options with index in [15] are selected on object 'Object Repository/DispensaryToStore/Page_Store/select_--Select--Adernaline 0.'

2018-06-09 16:14:20 - [TEST_STEP][PASSED] - delay: Delayed 2 second(s)

2018-06-09 16:14:22 - [MESSAGE][PASSED] - Delayed 2 second(s)

2018-06-09 16:14:22 - [TEST_STEP][PASSED] - Statement - RequestedQty = com.kms.katalon.core.webui.keyword.WebUiBuiltInKeywords.getAttribute(com.kms.katalon.core.testobject.ObjectRepository.findTestObject(DispensaryToStore/Page_Store/input_txttotal), "value"): Attribute 'value' of object 'Object Repository/DispensaryToStore/Page_Store/input_txttotal' is: '10'

2018-06-09 16:14:22 - [MESSAGE][PASSED] - Attribute 'value' of object 'Object Repository/DispensaryToStore/Page_Store/input_txttotal' is: '10'

2018-06-09 16:14:22 - [TEST_STEP][PASSED] - Statement - out.println("Requested QTY : " + RequestedQty): null

2018-06-09 16:14:22 - [TEST_STEP][PASSED] - Statement - BatchNumber = com.kms.katalon.core.webui.keyword.WebUiBuiltInKeywords.getNumberOfTotalOption(com.kms.katalon.core.testobject.ObjectRepository.findTestObject(DispensaryToStore/Page_Store/select_--Select--BA1170BA2376B)): 2 options of object 'Object Repository/DispensaryToStore/Page_Store/select_--Select--BA1170BA2376B' counted

2018-06-09 16:14:22 - [MESSAGE][PASSED] - 2 options of object 'Object Repository/DispensaryToStore/Page_Store/select_--Select--BA1170BA2376B' counted

2018-06-09 16:14:22 - [TEST_STEP][PASSED] - Statement - For ([g = 1, g <= BatchNumber - 1, (g++)]): null

2018-06-09 16:14:22 - [TEST_STEP][PASSED] - selectOptionByIndex: All options with index in [1] are selected on object 'Object Repository/DispensaryToStore/Page_Store/select_--Select--BA1170BA2376B'

2018-06-09 16:14:22 - [MESSAGE][PASSED] - All options with index in [1] are selected on object 'Object Repository/DispensaryToStore/Page_Store/select_--Select--BA1170BA2376B'

2018-06-09 16:14:22 - [TEST_STEP][PASSED] - Statement - Try: null

2018-06-09 16:14:22 - [TEST_STEP][PASSED] - Statement - StockQty = com.kms.katalon.core.webui.keyword.WebUiBuiltInKeywords.getAttribute(com.kms.katalon.core.testobject.ObjectRepository.findTestObject(DispensaryToStore/Page_Store/input_txtprice), "value"): Attribute 'value' of object 'Object Repository/DispensaryToStore/Page_Store/input_txtprice' is: '820'

2018-06-09 16:14:22 - [MESSAGE][PASSED] - Attribute 'value' of object 'Object Repository/DispensaryToStore/Page_Store/input_txtprice' is: '820'

2018-06-09 16:14:22 - [TEST_STEP][PASSED] - Statement - out.println("Stock QTY : " + StockQty): null

2018-06-09 16:14:22 - [TEST_STEP][PASSED] - delay: Delayed 2 second(s)

2018-06-09 16:14:24 - [MESSAGE][PASSED] - Delayed 2 second(s)

2018-06-09 16:14:24 - [TEST_STEP][PASSED] - Statement - If (java.lang.String.valueOf(StockQty) >= java.lang.String.valueOf(RequestedQty)): null

2018-06-09 16:14:24 - [TEST_STEP][PASSED] - setText: Text '10' is set on object 'Object Repository/DispensaryToStore/Page_Store/input_txtqty'

2018-06-09 16:14:24 - [MESSAGE][PASSED] - Text '10' is set on object 'Object Repository/DispensaryToStore/Page_Store/input_txtqty'

2018-06-09 16:14:24 - [TEST_STEP][PASSED] - click: Object: 'Object Repository/DispensaryToStore/Page_Store/button_Add' is clicked on

2018-06-09 16:14:24 - [MESSAGE][PASSED] - Object: 'Object Repository/DispensaryToStore/Page_Store/button_Add' is clicked on

2018-06-09 16:14:24 - [TEST_STEP][PASSED] - Statement - Break: null

2018-06-09 16:14:24 - [TEST_STEP][PASSED] - selectOptionByIndex: All options with index in [16] are selected on object 'Object Repository/DispensaryToStore/Page_Store/select_--Select--Adernaline 0.'

2018-06-09 16:14:25 - [MESSAGE][PASSED] - All options with index in [16] are selected on object 'Object Repository/DispensaryToStore/Page_Store/select_--Select--Adernaline 0.'

2018-06-09 16:14:25 - [TEST_STEP][PASSED] - delay: Delayed 2 second(s)

2018-06-09 16:14:27 - [MESSAGE][PASSED] - Delayed 2 second(s)

2018-06-09 16:14:27 - [TEST_STEP][PASSED] - Statement - RequestedQty = com.kms.katalon.core.webui.keyword.WebUiBuiltInKeywords.getAttribute(com.kms.katalon.core.testobject.ObjectRepository.findTestObject(DispensaryToStore/Page_Store/input_txttotal), "value"): Attribute 'value' of object 'Object Repository/DispensaryToStore/Page_Store/input_txttotal' is: '10'

2018-06-09 16:14:27 - [MESSAGE][PASSED] - Attribute 'value' of object 'Object Repository/DispensaryToStore/Page_Store/input_txttotal' is: '10'

2018-06-09 16:14:27 - [TEST_STEP][PASSED] - Statement - out.println("Requested QTY : " + RequestedQty): null

2018-06-09 16:14:27 - [TEST_STEP][PASSED] - Statement - BatchNumber = com.kms.katalon.core.webui.keyword.WebUiBuiltInKeywords.getNumberOfTotalOption(com.kms.katalon.core.testobject.ObjectRepository.findTestObject(DispensaryToStore/Page_Store/select_--Select--BA1170BA2376B)): 4 options of object 'Object Repository/DispensaryToStore/Page_Store/select_--Select--BA1170BA2376B' counted

2018-06-09 16:14:27 - [MESSAGE][PASSED] - 4 options of object 'Object Repository/DispensaryToStore/Page_Store/select_--Select--BA1170BA2376B' counted

2018-06-09 16:14:27 - [TEST_STEP][PASSED] - Statement - For ([g = 1, g <= BatchNumber - 1, (g++)]): null

2018-06-09 16:14:27 - [TEST_STEP][PASSED] - selectOptionByIndex: All options with index in [1] are selected on object 'Object Repository/DispensaryToStore/Page_Store/select_--Select--BA1170BA2376B'

2018-06-09 16:14:27 - [MESSAGE][PASSED] - All options with index in [1] are selected on object 'Object Repository/DispensaryToStore/Page_Store/select_--Select--BA1170BA2376B'

2018-06-09 16:14:27 - [TEST_STEP][PASSED] - Statement - Try: null

2018-06-09 16:14:27 - [TEST_STEP][PASSED] - Statement - StockQty = com.kms.katalon.core.webui.keyword.WebUiBuiltInKeywords.getAttribute(com.kms.katalon.core.testobject.ObjectRepository.findTestObject(DispensaryToStore/Page_Store/input_txtprice), "value"): Attribute 'value' of object 'Object Repository/DispensaryToStore/Page_Store/input_txtprice' is: '390'

2018-06-09 16:14:27 - [MESSAGE][PASSED] - Attribute 'value' of object 'Object Repository/DispensaryToStore/Page_Store/input_txtprice' is: '390'

2018-06-09 16:14:27 - [TEST_STEP][PASSED] - Statement - out.println("Stock QTY : " + StockQty): null

2018-06-09 16:14:27 - [TEST_STEP][PASSED] - delay: Delayed 2 second(s)

2018-06-09 16:14:29 - [MESSAGE][PASSED] - Delayed 2 second(s)

2018-06-09 16:14:29 - [TEST_STEP][PASSED] - Statement - If (java.lang.String.valueOf(StockQty) >= java.lang.String.valueOf(RequestedQty)): null

2018-06-09 16:14:29 - [TEST_STEP][PASSED] - setText: Text '10' is set on object 'Object Repository/DispensaryToStore/Page_Store/input_txtqty'

2018-06-09 16:14:29 - [MESSAGE][PASSED] - Text '10' is set on object 'Object Repository/DispensaryToStore/Page_Store/input_txtqty'

2018-06-09 16:14:29 - [TEST_STEP][PASSED] - click: Object: 'Object Repository/DispensaryToStore/Page_Store/button_Add' is clicked on

2018-06-09 16:14:29 - [MESSAGE][PASSED] - Object: 'Object Repository/DispensaryToStore/Page_Store/button_Add' is clicked on

2018-06-09 16:14:29 - [TEST_STEP][PASSED] - Statement - Break: null

2018-06-09 16:14:29 - [TEST_STEP][PASSED] - selectOptionByIndex: All options with index in [17] are selected on object 'Object Repository/DispensaryToStore/Page_Store/select_--Select--Adernaline 0.'

2018-06-09 16:14:29 - [MESSAGE][PASSED] - All options with index in [17] are selected on object 'Object Repository/DispensaryToStore/Page_Store/select_--Select--Adernaline 0.'

2018-06-09 16:14:29 - [TEST_STEP][PASSED] - delay: Delayed 2 second(s)

2018-06-09 16:14:31 - [MESSAGE][PASSED] - Delayed 2 second(s)

2018-06-09 16:14:31 - [TEST_STEP][PASSED] - Statement - RequestedQty = com.kms.katalon.core.webui.keyword.WebUiBuiltInKeywords.getAttribute(com.kms.katalon.core.testobject.ObjectRepository.findTestObject(DispensaryToStore/Page_Store/input_txttotal), "value"): Attribute 'value' of object 'Object Repository/DispensaryToStore/Page_Store/input_txttotal' is: '10'

2018-06-09 16:14:31 - [MESSAGE][PASSED] - Attribute 'value' of object 'Object Repository/DispensaryToStore/Page_Store/input_txttotal' is: '10'

2018-06-09 16:14:31 - [TEST_STEP][PASSED] - Statement - out.println("Requested QTY : " + RequestedQty): null

2018-06-09 16:14:31 - [TEST_STEP][PASSED] - Statement - BatchNumber = com.kms.katalon.core.webui.keyword.WebUiBuiltInKeywords.getNumberOfTotalOption(com.kms.katalon.core.testobject.ObjectRepository.findTestObject(DispensaryToStore/Page_Store/select_--Select--BA1170BA2376B)): 3 options of object 'Object Repository/DispensaryToStore/Page_Store/select_--Select--BA1170BA2376B' counted

2018-06-09 16:14:31 - [MESSAGE][PASSED] - 3 options of object 'Object Repository/DispensaryToStore/Page_Store/select_--Select--BA1170BA2376B' counted

2018-06-09 16:14:31 - [TEST_STEP][PASSED] - Statement - For ([g = 1, g <= BatchNumber - 1, (g++)]): null

2018-06-09 16:14:31 - [TEST_STEP][PASSED] - selectOptionByIndex: All options with index in [1] are selected on object 'Object Repository/DispensaryToStore/Page_Store/select_--Select--BA1170BA2376B'

2018-06-09 16:14:32 - [MESSAGE][PASSED] - All options with index in [1] are selected on object 'Object Repository/DispensaryToStore/Page_Store/select_--Select--BA1170BA2376B'

2018-06-09 16:14:32 - [TEST_STEP][PASSED] - Statement - Try: null

2018-06-09 16:14:32 - [TEST_STEP][PASSED] - Statement - StockQty = com.kms.katalon.core.webui.keyword.WebUiBuiltInKeywords.getAttribute(com.kms.katalon.core.testobject.ObjectRepository.findTestObject(DispensaryToStore/Page_Store/input_txtprice), "value"): Attribute 'value' of object 'Object Repository/DispensaryToStore/Page_Store/input_txtprice' is: '740'

2018-06-09 16:14:32 - [MESSAGE][PASSED] - Attribute 'value' of object 'Object Repository/DispensaryToStore/Page_Store/input_txtprice' is: '740'

2018-06-09 16:14:32 - [TEST_STEP][PASSED] - Statement - out.println("Stock QTY : " + StockQty): null

2018-06-09 16:14:32 - [TEST_STEP][PASSED] - delay: Delayed 2 second(s)

2018-06-09 16:14:34 - [MESSAGE][PASSED] - Delayed 2 second(s)

2018-06-09 16:14:34 - [TEST_STEP][PASSED] - Statement - If (java.lang.String.valueOf(StockQty) >= java.lang.String.valueOf(RequestedQty)): null

2018-06-09 16:14:34 - [TEST_STEP][PASSED] - setText: Text '10' is set on object 'Object Repository/DispensaryToStore/Page_Store/input_txtqty'

2018-06-09 16:14:34 - [MESSAGE][PASSED] - Text '10' is set on object 'Object Repository/DispensaryToStore/Page_Store/input_txtqty'

2018-06-09 16:14:34 - [TEST_STEP][PASSED] - click: Object: 'Object Repository/DispensaryToStore/Page_Store/button_Add' is clicked on

2018-06-09 16:14:34 - [MESSAGE][PASSED] - Object: 'Object Repository/DispensaryToStore/Page_Store/button_Add' is clicked on

2018-06-09 16:14:34 - [TEST_STEP][PASSED] - Statement - Break: null

2018-06-09 16:14:34 - [TEST_STEP][PASSED] - selectOptionByIndex: All options with index in [18] are selected on object 'Object Repository/DispensaryToStore/Page_Store/select_--Select--Adernaline 0.'

2018-06-09 16:14:34 - [MESSAGE][PASSED] - All options with index in [18] are selected on object 'Object Repository/DispensaryToStore/Page_Store/select_--Select--Adernaline 0.'

2018-06-09 16:14:34 - [TEST_STEP][PASSED] - delay: Delayed 2 second(s)

2018-06-09 16:14:36 - [MESSAGE][PASSED] - Delayed 2 second(s)

2018-06-09 16:14:36 - [TEST_STEP][PASSED] - Statement - RequestedQty = com.kms.katalon.core.webui.keyword.WebUiBuiltInKeywords.getAttribute(com.kms.katalon.core.testobject.ObjectRepository.findTestObject(DispensaryToStore/Page_Store/input_txttotal), "value"): Attribute 'value' of object 'Object Repository/DispensaryToStore/Page_Store/input_txttotal' is: '10'

2018-06-09 16:14:36 - [MESSAGE][PASSED] - Attribute 'value' of object 'Object Repository/DispensaryToStore/Page_Store/input_txttotal' is: '10'

2018-06-09 16:14:36 - [TEST_STEP][PASSED] - Statement - out.println("Requested QTY : " + RequestedQty): null

2018-06-09 16:14:36 - [TEST_STEP][PASSED] - Statement - BatchNumber = com.kms.katalon.core.webui.keyword.WebUiBuiltInKeywords.getNumberOfTotalOption(com.kms.katalon.core.testobject.ObjectRepository.findTestObject(DispensaryToStore/Page_Store/select_--Select--BA1170BA2376B)): 4 options of object 'Object Repository/DispensaryToStore/Page_Store/select_--Select--BA1170BA2376B' counted

2018-06-09 16:14:36 - [MESSAGE][PASSED] - 4 options of object 'Object Repository/DispensaryToStore/Page_Store/select_--Select--BA1170BA2376B' counted

2018-06-09 16:14:36 - [TEST_STEP][PASSED] - Statement - For ([g = 1, g <= BatchNumber - 1, (g++)]): null

2018-06-09 16:14:36 - [TEST_STEP][PASSED] - selectOptionByIndex: All options with index in [1] are selected on object 'Object Repository/DispensaryToStore/Page_Store/select_--Select--BA1170BA2376B'

2018-06-09 16:14:36 - [MESSAGE][PASSED] - All options with index in [1] are selected on object 'Object Repository/DispensaryToStore/Page_Store/select_--Select--BA1170BA2376B'

2018-06-09 16:14:36 - [TEST_STEP][PASSED] - Statement - Try: null

2018-06-09 16:14:36 - [TEST_STEP][PASSED] - Statement - StockQty = com.kms.katalon.core.webui.keyword.WebUiBuiltInKeywords.getAttribute(com.kms.katalon.core.testobject.ObjectRepository.findTestObject(DispensaryToStore/Page_Store/input_txtprice), "value"): Attribute 'value' of object 'Object Repository/DispensaryToStore/Page_Store/input_txtprice' is: '330'

2018-06-09 16:14:36 - [MESSAGE][PASSED] - Attribute 'value' of object 'Object Repository/DispensaryToStore/Page_Store/input_txtprice' is: '330'

2018-06-09 16:14:36 - [TEST_STEP][PASSED] - Statement - out.println("Stock QTY : " + StockQty): null

2018-06-09 16:14:36 - [TEST_STEP][PASSED] - delay: Delayed 2 second(s)

2018-06-09 16:14:38 - [MESSAGE][PASSED] - Delayed 2 second(s)

2018-06-09 16:14:38 - [TEST_STEP][PASSED] - Statement - If (java.lang.String.valueOf(StockQty) >= java.lang.String.valueOf(RequestedQty)): null

2018-06-09 16:14:38 - [TEST_STEP][PASSED] - setText: Text '10' is set on object 'Object Repository/DispensaryToStore/Page_Store/input_txtqty'

2018-06-09 16:14:38 - [MESSAGE][PASSED] - Text '10' is set on object 'Object Repository/DispensaryToStore/Page_Store/input_txtqty'

2018-06-09 16:14:38 - [TEST_STEP][PASSED] - click: Object: 'Object Repository/DispensaryToStore/Page_Store/button_Add' is clicked on

2018-06-09 16:14:39 - [MESSAGE][PASSED] - Object: 'Object Repository/DispensaryToStore/Page_Store/button_Add' is clicked on

2018-06-09 16:14:39 - [TEST_STEP][PASSED] - Statement - Break: null

2018-06-09 16:14:39 - [TEST_STEP][PASSED] - selectOptionByIndex: All options with index in [19] are selected on object 'Object Repository/DispensaryToStore/Page_Store/select_--Select--Adernaline 0.'

2018-06-09 16:14:39 - [MESSAGE][PASSED] - All options with index in [19] are selected on object 'Object Repository/DispensaryToStore/Page_Store/select_--Select--Adernaline 0.'

2018-06-09 16:14:39 - [TEST_STEP][PASSED] - delay: Delayed 2 second(s)

2018-06-09 16:14:41 - [MESSAGE][PASSED] - Delayed 2 second(s)

2018-06-09 16:14:41 - [TEST_STEP][PASSED] - Statement - RequestedQty = com.kms.katalon.core.webui.keyword.WebUiBuiltInKeywords.getAttribute(com.kms.katalon.core.testobject.ObjectRepository.findTestObject(DispensaryToStore/Page_Store/input_txttotal), "value"): Attribute 'value' of object 'Object Repository/DispensaryToStore/Page_Store/input_txttotal' is: '10'

2018-06-09 16:14:41 - [MESSAGE][PASSED] - Attribute 'value' of object 'Object Repository/DispensaryToStore/Page_Store/input_txttotal' is: '10'

2018-06-09 16:14:41 - [TEST_STEP][PASSED] - Statement - out.println("Requested QTY : " + RequestedQty): null

2018-06-09 16:14:41 - [TEST_STEP][PASSED] - Statement - BatchNumber = com.kms.katalon.core.webui.keyword.WebUiBuiltInKeywords.getNumberOfTotalOption(com.kms.katalon.core.testobject.ObjectRepository.findTestObject(DispensaryToStore/Page_Store/select_--Select--BA1170BA2376B)): 3 options of object 'Object Repository/DispensaryToStore/Page_Store/select_--Select--BA1170BA2376B' counted

2018-06-09 16:14:41 - [MESSAGE][PASSED] - 3 options of object 'Object Repository/DispensaryToStore/Page_Store/select_--Select--BA1170BA2376B' counted

2018-06-09 16:14:41 - [TEST_STEP][PASSED] - Statement - For ([g = 1, g <= BatchNumber - 1, (g++)]): null

2018-06-09 16:14:41 - [TEST_STEP][PASSED] - selectOptionByIndex: All options with index in [1] are selected on object 'Object Repository/DispensaryToStore/Page_Store/select_--Select--BA1170BA2376B'

2018-06-09 16:14:41 - [MESSAGE][PASSED] - All options with index in [1] are selected on object 'Object Repository/DispensaryToStore/Page_Store/select_--Select--BA1170BA2376B'

2018-06-09 16:14:41 - [TEST_STEP][PASSED] - Statement - Try: null

2018-06-09 16:14:41 - [TEST_STEP][PASSED] - Statement - StockQty = com.kms.katalon.core.webui.keyword.WebUiBuiltInKeywords.getAttribute(com.kms.katalon.core.testobject.ObjectRepository.findTestObject(DispensaryToStore/Page_Store/input_txtprice), "value"): Attribute 'value' of object 'Object Repository/DispensaryToStore/Page_Store/input_txtprice' is: '740'

2018-06-09 16:14:41 - [MESSAGE][PASSED] - Attribute 'value' of object 'Object Repository/DispensaryToStore/Page_Store/input_txtprice' is: '740'

2018-06-09 16:14:41 - [TEST_STEP][PASSED] - Statement - out.println("Stock QTY : " + StockQty): null

2018-06-09 16:14:41 - [TEST_STEP][PASSED] - delay: Delayed 2 second(s)

2018-06-09 16:14:43 - [MESSAGE][PASSED] - Delayed 2 second(s)

2018-06-09 16:14:43 - [TEST_STEP][PASSED] - Statement - If (java.lang.String.valueOf(StockQty) >= java.lang.String.valueOf(RequestedQty)): null

2018-06-09 16:14:43 - [TEST_STEP][PASSED] - setText: Text '10' is set on object 'Object Repository/DispensaryToStore/Page_Store/input_txtqty'

2018-06-09 16:14:43 - [MESSAGE][PASSED] - Text '10' is set on object 'Object Repository/DispensaryToStore/Page_Store/input_txtqty'

2018-06-09 16:14:43 - [TEST_STEP][PASSED] - click: Object: 'Object Repository/DispensaryToStore/Page_Store/button_Add' is clicked on

2018-06-09 16:14:43 - [MESSAGE][PASSED] - Object: 'Object Repository/DispensaryToStore/Page_Store/button_Add' is clicked on

2018-06-09 16:14:43 - [TEST_STEP][PASSED] - Statement - Break: null

2018-06-09 16:14:43 - [TEST_STEP][PASSED] - selectOptionByIndex: All options with index in [20] are selected on object 'Object Repository/DispensaryToStore/Page_Store/select_--Select--Adernaline 0.'

2018-06-09 16:14:44 - [MESSAGE][PASSED] - All options with index in [20] are selected on object 'Object Repository/DispensaryToStore/Page_Store/select_--Select--Adernaline 0.'

2018-06-09 16:14:44 - [TEST_STEP][PASSED] - delay: Delayed 2 second(s)

2018-06-09 16:14:46 - [MESSAGE][PASSED] - Delayed 2 second(s)

2018-06-09 16:14:46 - [TEST_STEP][PASSED] - Statement - RequestedQty = com.kms.katalon.core.webui.keyword.WebUiBuiltInKeywords.getAttribute(com.kms.katalon.core.testobject.ObjectRepository.findTestObject(DispensaryToStore/Page_Store/input_txttotal), "value"): Attribute 'value' of object 'Object Repository/DispensaryToStore/Page_Store/input_txttotal' is: '10'

2018-06-09 16:14:46 - [MESSAGE][PASSED] - Attribute 'value' of object 'Object Repository/DispensaryToStore/Page_Store/input_txttotal' is: '10'

2018-06-09 16:14:46 - [TEST_STEP][PASSED] - Statement - out.println("Requested QTY : " + RequestedQty): null

2018-06-09 16:14:46 - [TEST_STEP][PASSED] - Statement - BatchNumber = com.kms.katalon.core.webui.keyword.WebUiBuiltInKeywords.getNumberOfTotalOption(com.kms.katalon.core.testobject.ObjectRepository.findTestObject(DispensaryToStore/Page_Store/select_--Select--BA1170BA2376B)): 3 options of object 'Object Repository/DispensaryToStore/Page_Store/select_--Select--BA1170BA2376B' counted

2018-06-09 16:14:46 - [MESSAGE][PASSED] - 3 options of object 'Object Repository/DispensaryToStore/Page_Store/select_--Select--BA1170BA2376B' counted

2018-06-09 16:14:46 - [TEST_STEP][PASSED] - Statement - For ([g = 1, g <= BatchNumber - 1, (g++)]): null

2018-06-09 16:14:46 - [TEST_STEP][PASSED] - selectOptionByIndex: All options with index in [1] are selected on object 'Object Repository/DispensaryToStore/Page_Store/select_--Select--BA1170BA2376B'

2018-06-09 16:14:46 - [MESSAGE][PASSED] - All options with index in [1] are selected on object 'Object Repository/DispensaryToStore/Page_Store/select_--Select--BA1170BA2376B'

2018-06-09 16:14:46 - [TEST_STEP][PASSED] - Statement - Try: null

2018-06-09 16:14:46 - [TEST_STEP][PASSED] - Statement - StockQty = com.kms.katalon.core.webui.keyword.WebUiBuiltInKeywords.getAttribute(com.kms.katalon.core.testobject.ObjectRepository.findTestObject(DispensaryToStore/Page_Store/input_txtprice), "value"): Attribute 'value' of object 'Object Repository/DispensaryToStore/Page_Store/input_txtprice' is: '740'

2018-06-09 16:14:46 - [MESSAGE][PASSED] - Attribute 'value' of object 'Object Repository/DispensaryToStore/Page_Store/input_txtprice' is: '740'

2018-06-09 16:14:46 - [TEST_STEP][PASSED] - Statement - out.println("Stock QTY : " + StockQty): null

2018-06-09 16:14:46 - [TEST_STEP][PASSED] - delay: Delayed 2 second(s)

2018-06-09 16:14:48 - [MESSAGE][PASSED] - Delayed 2 second(s)

2018-06-09 16:14:48 - [TEST_STEP][PASSED] - Statement - If (java.lang.String.valueOf(StockQty) >= java.lang.String.valueOf(RequestedQty)): null

2018-06-09 16:14:48 - [TEST_STEP][PASSED] - setText: Text '10' is set on object 'Object Repository/DispensaryToStore/Page_Store/input_txtqty'

2018-06-09 16:14:48 - [MESSAGE][PASSED] - Text '10' is set on object 'Object Repository/DispensaryToStore/Page_Store/input_txtqty'

2018-06-09 16:14:48 - [TEST_STEP][PASSED] - click: Object: 'Object Repository/DispensaryToStore/Page_Store/button_Add' is clicked on

2018-06-09 16:14:48 - [MESSAGE][PASSED] - Object: 'Object Repository/DispensaryToStore/Page_Store/button_Add' is clicked on

2018-06-09 16:14:48 - [TEST_STEP][PASSED] - Statement - Break: null

2018-06-09 16:14:48 - [TEST_STEP][PASSED] - selectOptionByIndex: All options with index in [21] are selected on object 'Object Repository/DispensaryToStore/Page_Store/select_--Select--Adernaline 0.'

2018-06-09 16:14:48 - [MESSAGE][PASSED] - All options with index in [21] are selected on object 'Object Repository/DispensaryToStore/Page_Store/select_--Select--Adernaline 0.'

2018-06-09 16:14:48 - [TEST_STEP][PASSED] - delay: Delayed 2 second(s)

2018-06-09 16:14:50 - [MESSAGE][PASSED] - Delayed 2 second(s)

2018-06-09 16:14:50 - [TEST_STEP][PASSED] - Statement - RequestedQty = com.kms.katalon.core.webui.keyword.WebUiBuiltInKeywords.getAttribute(com.kms.katalon.core.testobject.ObjectRepository.findTestObject(DispensaryToStore/Page_Store/input_txttotal), "value"): Attribute 'value' of object 'Object Repository/DispensaryToStore/Page_Store/input_txttotal' is: '10'

2018-06-09 16:14:50 - [MESSAGE][PASSED] - Attribute 'value' of object 'Object Repository/DispensaryToStore/Page_Store/input_txttotal' is: '10'

2018-06-09 16:14:50 - [TEST_STEP][PASSED] - Statement - out.println("Requested QTY : " + RequestedQty): null

2018-06-09 16:14:50 - [TEST_STEP][PASSED] - Statement - BatchNumber = com.kms.katalon.core.webui.keyword.WebUiBuiltInKeywords.getNumberOfTotalOption(com.kms.katalon.core.testobject.ObjectRepository.findTestObject(DispensaryToStore/Page_Store/select_--Select--BA1170BA2376B)): 3 options of object 'Object Repository/DispensaryToStore/Page_Store/select_--Select--BA1170BA2376B' counted

2018-06-09 16:14:50 - [MESSAGE][PASSED] - 3 options of object 'Object Repository/DispensaryToStore/Page_Store/select_--Select--BA1170BA2376B' counted

2018-06-09 16:14:50 - [TEST_STEP][PASSED] - Statement - For ([g = 1, g <= BatchNumber - 1, (g++)]): null

2018-06-09 16:14:50 - [TEST_STEP][PASSED] - selectOptionByIndex: All options with index in [1] are selected on object 'Object Repository/DispensaryToStore/Page_Store/select_--Select--BA1170BA2376B'

2018-06-09 16:14:51 - [MESSAGE][PASSED] - All options with index in [1] are selected on object 'Object Repository/DispensaryToStore/Page_Store/select_--Select--BA1170BA2376B'

2018-06-09 16:14:51 - [TEST_STEP][PASSED] - Statement - Try: null

2018-06-09 16:14:51 - [TEST_STEP][PASSED] - Statement - StockQty = com.kms.katalon.core.webui.keyword.WebUiBuiltInKeywords.getAttribute(com.kms.katalon.core.testobject.ObjectRepository.findTestObject(DispensaryToStore/Page_Store/input_txtprice), "value"): Attribute 'value' of object 'Object Repository/DispensaryToStore/Page_Store/input_txtprice' is: '740'

2018-06-09 16:14:51 - [MESSAGE][PASSED] - Attribute 'value' of object 'Object Repository/DispensaryToStore/Page_Store/input_txtprice' is: '740'

2018-06-09 16:14:51 - [TEST_STEP][PASSED] - Statement - out.println("Stock QTY : " + StockQty): null

2018-06-09 16:14:51 - [TEST_STEP][PASSED] - delay: Delayed 2 second(s)

2018-06-09 16:14:53 - [MESSAGE][PASSED] - Delayed 2 second(s)

2018-06-09 16:14:53 - [TEST_STEP][PASSED] - Statement - If (java.lang.String.valueOf(StockQty) >= java.lang.String.valueOf(RequestedQty)): null

2018-06-09 16:14:53 - [TEST_STEP][PASSED] - setText: Text '10' is set on object 'Object Repository/DispensaryToStore/Page_Store/input_txtqty'

2018-06-09 16:14:53 - [MESSAGE][PASSED] - Text '10' is set on object 'Object Repository/DispensaryToStore/Page_Store/input_txtqty'

2018-06-09 16:14:53 - [TEST_STEP][PASSED] - click: Object: 'Object Repository/DispensaryToStore/Page_Store/button_Add' is clicked on

2018-06-09 16:14:53 - [MESSAGE][PASSED] - Object: 'Object Repository/DispensaryToStore/Page_Store/button_Add' is clicked on

2018-06-09 16:14:53 - [TEST_STEP][PASSED] - Statement - Break: null

2018-06-09 16:14:53 - [TEST_STEP][PASSED] - selectOptionByIndex: All options with index in [22] are selected on object 'Object Repository/DispensaryToStore/Page_Store/select_--Select--Adernaline 0.'

2018-06-09 16:14:53 - [MESSAGE][PASSED] - All options with index in [22] are selected on object 'Object Repository/DispensaryToStore/Page_Store/select_--Select--Adernaline 0.'

2018-06-09 16:14:53 - [TEST_STEP][PASSED] - delay: Delayed 2 second(s)

2018-06-09 16:14:55 - [MESSAGE][PASSED] - Delayed 2 second(s)

2018-06-09 16:14:55 - [TEST_STEP][PASSED] - Statement - RequestedQty = com.kms.katalon.core.webui.keyword.WebUiBuiltInKeywords.getAttribute(com.kms.katalon.core.testobject.ObjectRepository.findTestObject(DispensaryToStore/Page_Store/input_txttotal), "value"): Attribute 'value' of object 'Object Repository/DispensaryToStore/Page_Store/input_txttotal' is: '10'

2018-06-09 16:14:55 - [MESSAGE][PASSED] - Attribute 'value' of object 'Object Repository/DispensaryToStore/Page_Store/input_txttotal' is: '10'

2018-06-09 16:14:55 - [TEST_STEP][PASSED] - Statement - out.println("Requested QTY : " + RequestedQty): null

2018-06-09 16:14:55 - [TEST_STEP][PASSED] - Statement - BatchNumber = com.kms.katalon.core.webui.keyword.WebUiBuiltInKeywords.getNumberOfTotalOption(com.kms.katalon.core.testobject.ObjectRepository.findTestObject(DispensaryToStore/Page_Store/select_--Select--BA1170BA2376B)): 4 options of object 'Object Repository/DispensaryToStore/Page_Store/select_--Select--BA1170BA2376B' counted

2018-06-09 16:14:55 - [MESSAGE][PASSED] - 4 options of object 'Object Repository/DispensaryToStore/Page_Store/select_--Select--BA1170BA2376B' counted

2018-06-09 16:14:55 - [TEST_STEP][PASSED] - Statement - For ([g = 1, g <= BatchNumber - 1, (g++)]): null

2018-06-09 16:14:55 - [TEST_STEP][PASSED] - selectOptionByIndex: All options with index in [1] are selected on object 'Object Repository/DispensaryToStore/Page_Store/select_--Select--BA1170BA2376B'

2018-06-09 16:14:55 - [MESSAGE][PASSED] - All options with index in [1] are selected on object 'Object Repository/DispensaryToStore/Page_Store/select_--Select--BA1170BA2376B'

2018-06-09 16:14:55 - [TEST_STEP][PASSED] - Statement - Try: null

2018-06-09 16:14:55 - [TEST_STEP][PASSED] - Statement - StockQty = com.kms.katalon.core.webui.keyword.WebUiBuiltInKeywords.getAttribute(com.kms.katalon.core.testobject.ObjectRepository.findTestObject(DispensaryToStore/Page_Store/input_txtprice), "value"): Attribute 'value' of object 'Object Repository/DispensaryToStore/Page_Store/input_txtprice' is: '330'

2018-06-09 16:14:55 - [MESSAGE][PASSED] - Attribute 'value' of object 'Object Repository/DispensaryToStore/Page_Store/input_txtprice' is: '330'

2018-06-09 16:14:55 - [TEST_STEP][PASSED] - Statement - out.println("Stock QTY : " + StockQty): null

2018-06-09 16:14:55 - [TEST_STEP][PASSED] - delay: Delayed 2 second(s)

2018-06-09 16:14:57 - [MESSAGE][PASSED] - Delayed 2 second(s)

2018-06-09 16:14:57 - [TEST_STEP][PASSED] - Statement - If (java.lang.String.valueOf(StockQty) >= java.lang.String.valueOf(RequestedQty)): null

2018-06-09 16:14:57 - [TEST_STEP][PASSED] - setText: Text '10' is set on object 'Object Repository/DispensaryToStore/Page_Store/input_txtqty'

2018-06-09 16:14:58 - [MESSAGE][PASSED] - Text '10' is set on object 'Object Repository/DispensaryToStore/Page_Store/input_txtqty'

2018-06-09 16:14:58 - [TEST_STEP][PASSED] - click: Object: 'Object Repository/DispensaryToStore/Page_Store/button_Add' is clicked on

2018-06-09 16:14:58 - [MESSAGE][PASSED] - Object: 'Object Repository/DispensaryToStore/Page_Store/button_Add' is clicked on

2018-06-09 16:14:58 - [TEST_STEP][PASSED] - Statement - Break: null

2018-06-09 16:14:58 - [TEST_STEP][PASSED] - selectOptionByIndex: All options with index in [23] are selected on object 'Object Repository/DispensaryToStore/Page_Store/select_--Select--Adernaline 0.'

2018-06-09 16:14:58 - [MESSAGE][PASSED] - All options with index in [23] are selected on object 'Object Repository/DispensaryToStore/Page_Store/select_--Select--Adernaline 0.'

2018-06-09 16:14:58 - [TEST_STEP][PASSED] - delay: Delayed 2 second(s)

2018-06-09 16:15:00 - [MESSAGE][PASSED] - Delayed 2 second(s)

2018-06-09 16:15:00 - [TEST_STEP][PASSED] - Statement - RequestedQty = com.kms.katalon.core.webui.keyword.WebUiBuiltInKeywords.getAttribute(com.kms.katalon.core.testobject.ObjectRepository.findTestObject(DispensaryToStore/Page_Store/input_txttotal), "value"): Attribute 'value' of object 'Object Repository/DispensaryToStore/Page_Store/input_txttotal' is: '10'

2018-06-09 16:15:00 - [MESSAGE][PASSED] - Attribute 'value' of object 'Object Repository/DispensaryToStore/Page_Store/input_txttotal' is: '10'

2018-06-09 16:15:00 - [TEST_STEP][PASSED] - Statement - out.println("Requested QTY : " + RequestedQty): null

2018-06-09 16:15:00 - [TEST_STEP][PASSED] - Statement - BatchNumber = com.kms.katalon.core.webui.keyword.WebUiBuiltInKeywords.getNumberOfTotalOption(com.kms.katalon.core.testobject.ObjectRepository.findTestObject(DispensaryToStore/Page_Store/select_--Select--BA1170BA2376B)): 3 options of object 'Object Repository/DispensaryToStore/Page_Store/select_--Select--BA1170BA2376B' counted

2018-06-09 16:15:00 - [MESSAGE][PASSED] - 3 options of object 'Object Repository/DispensaryToStore/Page_Store/select_--Select--BA1170BA2376B' counted

2018-06-09 16:15:00 - [TEST_STEP][PASSED] - Statement - For ([g = 1, g <= BatchNumber - 1, (g++)]): null

2018-06-09 16:15:00 - [TEST_STEP][PASSED] - selectOptionByIndex: All options with index in [1] are selected on object 'Object Repository/DispensaryToStore/Page_Store/select_--Select--BA1170BA2376B'

2018-06-09 16:15:00 - [MESSAGE][PASSED] - All options with index in [1] are selected on object 'Object Repository/DispensaryToStore/Page_Store/select_--Select--BA1170BA2376B'

2018-06-09 16:15:00 - [TEST_STEP][PASSED] - Statement - Try: null

2018-06-09 16:15:00 - [TEST_STEP][PASSED] - Statement - StockQty = com.kms.katalon.core.webui.keyword.WebUiBuiltInKeywords.getAttribute(com.kms.katalon.core.testobject.ObjectRepository.findTestObject(DispensaryToStore/Page_Store/input_txtprice), "value"): Attribute 'value' of object 'Object Repository/DispensaryToStore/Page_Store/input_txtprice' is: '740'

2018-06-09 16:15:00 - [MESSAGE][PASSED] - Attribute 'value' of object 'Object Repository/DispensaryToStore/Page_Store/input_txtprice' is: '740'

2018-06-09 16:15:00 - [TEST_STEP][PASSED] - Statement - out.println("Stock QTY : " + StockQty): null

2018-06-09 16:15:00 - [TEST_STEP][PASSED] - delay: Delayed 2 second(s)

2018-06-09 16:15:02 - [MESSAGE][PASSED] - Delayed 2 second(s)

2018-06-09 16:15:02 - [TEST_STEP][PASSED] - Statement - If (java.lang.String.valueOf(StockQty) >= java.lang.String.valueOf(RequestedQty)): null

2018-06-09 16:15:02 - [TEST_STEP][PASSED] - setText: Text '10' is set on object 'Object Repository/DispensaryToStore/Page_Store/input_txtqty'

2018-06-09 16:15:02 - [MESSAGE][PASSED] - Text '10' is set on object 'Object Repository/DispensaryToStore/Page_Store/input_txtqty'

2018-06-09 16:15:02 - [TEST_STEP][PASSED] - click: Object: 'Object Repository/DispensaryToStore/Page_Store/button_Add' is clicked on

2018-06-09 16:15:02 - [MESSAGE][PASSED] - Object: 'Object Repository/DispensaryToStore/Page_Store/button_Add' is clicked on

2018-06-09 16:15:02 - [TEST_STEP][PASSED] - Statement - Break: null

2018-06-09 16:15:02 - [TEST_STEP][PASSED] - scrollToElement: Scroll to object 'Object Repository/DispensaryToStore/Page_Store/input_btnSubmit' successfully

2018-06-09 16:15:02 - [MESSAGE][PASSED] - Scroll to object 'Object Repository/DispensaryToStore/Page_Store/input_btnSubmit' successfully

2018-06-09 16:15:02 - [TEST_STEP][PASSED] - click: Object: 'Object Repository/DispensaryToStore/Page_Store/input_btnSubmit' is clicked on

2018-06-09 16:15:03 - [MESSAGE][PASSED] - Object: 'Object Repository/DispensaryToStore/Page_Store/input_btnSubmit' is clicked on

2018-06-09 16:15:03 - [TEST_STEP][PASSED] - delay: Delayed 3 second(s)

2018-06-09 16:15:06 - [MESSAGE][PASSED] - Delayed 3 second(s)

2018-06-09 16:15:06 - [TEST_STEP][PASSED] - click: Object: 'Object Repository/DispensaryToStore/Page_Store/button_OK' is clicked on

2018-06-09 16:15:06 - [MESSAGE][PASSED] - Object: 'Object Repository/DispensaryToStore/Page_Store/button_OK' is clicked on

2018-06-09 16:15:06 - [TEST_STEP][PASSED] - delay: Delayed 3 second(s)

2018-06-09 16:15:09 - [MESSAGE][PASSED] - Delayed 3 second(s)

2018-06-09 16:15:09 - [TEST_STEP][PASSED] - click: Object: 'Object Repository/DispensaryToStore/Page_Store/a_dropdown-toggle' is clicked on

2018-06-09 16:15:10 - [MESSAGE][PASSED] - Object: 'Object Repository/DispensaryToStore/Page_Store/a_dropdown-toggle' is clicked on

2018-06-09 16:15:10 - [TEST_STEP][PASSED] - click: Object: 'Object Repository/DispensaryToStore/Page_Store/a_Sign out' is clicked on

2018-06-09 16:15:10 - [MESSAGE][PASSED] - Object: 'Object Repository/DispensaryToStore/Page_Store/a_Sign out' is clicked on

2018-06-09 16:15:10 - [TEST_STEP][PASSED] - closeBrowser: Browser is closed

2018-06-09 16:15:11 - [MESSAGE][PASSED] - Browser is closed]]></system-out>
         <system-err><![CDATA[]]></system-err>
      </testcase>
      <testcase name="Test Cases/DISPENSARY TEST CASES/TC_DP_008 Verify Schedule 8 Dispensary Request Are Working Successfully Or Not" classname="Test Cases/DISPENSARY TEST CASES/TC_DP_008 Verify Schedule 8 Dispensary Request Are Working Successfully Or Not" status="FAILED">
         <failure type="FAILED" message="Unable to select option by index '15' of object 'Object Repository/DispensaryToStore/Page_Dispensary Store/select_--Select--Adernaline 0.' (Root cause: org.openqa.selenium.NoSuchElementException: Cannot locate option with index: 15
For documentation on this error, please visit: http://seleniumhq.org/exceptions/no_such_element.html
Build info: version: '3.7.1', revision: '8a0099a', time: '2017-11-06T21:07:36.161Z'
System info: host: 'DESKTOP-BLFTK83', ip: '169.254.189.85', os.name: 'Windows 10', os.arch: 'amd64', os.version: '10.0', java.version: '1.8.0_102'
Driver info: driver.version: unknown)"/>
         <system-out><![CDATA[2018-06-09 16:15:11 - [TEST_CASE][FAILED] - Test Cases/DISPENSARY TEST CASES/TC_DP_008 Verify Schedule 8 Dispensary Request Are Working Successfully Or Not: Test Cases/DISPENSARY TEST CASES/TC_DP_008 Verify Schedule 8 Dispensary Request Are Working Successfully Or Not FAILED because (of) Unable to select option by index '15' of object 'Object Repository/DispensaryToStore/Page_Dispensary Store/select_--Select--Adernaline 0.' (Root cause: org.openqa.selenium.NoSuchElementException: Cannot locate option with index: 15
For documentation on this error, please visit: http://seleniumhq.org/exceptions/no_such_element.html
Build info: version: '3.7.1', revision: '8a0099a', time: '2017-11-06T21:07:36.161Z'
System info: host: 'DESKTOP-BLFTK83', ip: '169.254.189.85', os.name: 'Windows 10', os.arch: 'amd64', os.version: '10.0', java.version: '1.8.0_102'
Driver info: driver.version: unknown)

2018-06-09 16:15:11 - [TEST_STEP][PASSED] - openBrowser: Browser is opened with url: ''

2018-06-09 16:15:13 - [MESSAGE][PASSED] - Browser is opened with url: ''

2018-06-09 16:15:13 - [TEST_STEP][PASSED] - navigateToUrl: Navigate to 'http://192.168.137.1/multihospital_new/HDSplashscreen.aspx' successfully

2018-06-09 16:15:15 - [MESSAGE][PASSED] - Navigate to 'http://192.168.137.1/multihospital_new/HDSplashscreen.aspx' successfully

2018-06-09 16:15:15 - [TEST_STEP][PASSED] - maximizeWindow: Current window maximized

2018-06-09 16:15:16 - [MESSAGE][PASSED] - Current window maximized

2018-06-09 16:15:16 - [TEST_STEP][PASSED] - click: Object: 'Object Repository/DispensaryToStore/Page_KDMC/a_Dispensary Store' is clicked on

2018-06-09 16:15:17 - [MESSAGE][PASSED] - Object: 'Object Repository/DispensaryToStore/Page_KDMC/a_Dispensary Store' is clicked on

2018-06-09 16:15:17 - [TEST_STEP][PASSED] - setText: Text 'rajaram' is set on object 'Object Repository/DispensaryToStore/Page_Dispensary Store Login/input_txtusername'

2018-06-09 16:15:17 - [MESSAGE][PASSED] - Text 'rajaram' is set on object 'Object Repository/DispensaryToStore/Page_Dispensary Store Login/input_txtusername'

2018-06-09 16:15:17 - [TEST_STEP][PASSED] - setText: Text '123' is set on object 'Object Repository/DispensaryToStore/Page_Dispensary Store Login/input_txtpassword'

2018-06-09 16:15:17 - [MESSAGE][PASSED] - Text '123' is set on object 'Object Repository/DispensaryToStore/Page_Dispensary Store Login/input_txtpassword'

2018-06-09 16:15:17 - [TEST_STEP][PASSED] - delay: Delayed 3 second(s)

2018-06-09 16:15:20 - [MESSAGE][PASSED] - Delayed 3 second(s)

2018-06-09 16:15:20 - [TEST_STEP][PASSED] - sendKeys: Keys 'ENTER + ' sent to object: 'Object Repository/DispensaryToStore/Page_Dispensary Store Login/input_txtpassword'

2018-06-09 16:15:21 - [MESSAGE][PASSED] - Keys 'ENTER + ' sent to object: 'Object Repository/DispensaryToStore/Page_Dispensary Store Login/input_txtpassword'

2018-06-09 16:15:21 - [TEST_STEP][PASSED] - delay: Delayed 3 second(s)

2018-06-09 16:15:24 - [MESSAGE][PASSED] - Delayed 3 second(s)

2018-06-09 16:15:24 - [TEST_STEP][PASSED] - click: Object: 'Object Repository/DispensaryToStore/Page_Dispensary Store/a_Request to Store' is clicked on

2018-06-09 16:15:24 - [MESSAGE][PASSED] - Object: 'Object Repository/DispensaryToStore/Page_Dispensary Store/a_Request to Store' is clicked on

2018-06-09 16:15:24 - [TEST_STEP][PASSED] - click: Object: 'Object Repository/DispensaryToStore/Page_Dispensary Store/a_Medicine Request' is clicked on

2018-06-09 16:15:25 - [MESSAGE][PASSED] - Object: 'Object Repository/DispensaryToStore/Page_Dispensary Store/a_Medicine Request' is clicked on

2018-06-09 16:15:25 - [TEST_STEP][PASSED] - selectOptionByIndex: All options with index in [8] are selected on object 'Object Repository/DispensaryToStore/Page_Dispensary Store/select_--Select--Schedule 1Inj'

2018-06-09 16:15:25 - [MESSAGE][PASSED] - All options with index in [8] are selected on object 'Object Repository/DispensaryToStore/Page_Dispensary Store/select_--Select--Schedule 1Inj'

2018-06-09 16:15:25 - [TEST_STEP][PASSED] - Statement - medicineslength = com.kms.katalon.core.webui.keyword.WebUiBuiltInKeywords.getNumberOfTotalOption(com.kms.katalon.core.testobject.ObjectRepository.findTestObject(DispensaryToStore/Page_Dispensary Store/select_--Select--Adernaline 0.)): 18 options of object 'Object Repository/DispensaryToStore/Page_Dispensary Store/select_--Select--Adernaline 0.' counted

2018-06-09 16:15:25 - [MESSAGE][PASSED] - 18 options of object 'Object Repository/DispensaryToStore/Page_Dispensary Store/select_--Select--Adernaline 0.' counted

2018-06-09 16:15:25 - [TEST_STEP][FAILED] - Statement - For ([e = 1, e <= medicineslength - 1, (e++)]): Unable to select option by index '15' of object 'Object Repository/DispensaryToStore/Page_Dispensary Store/select_--Select--Adernaline 0.' (Root cause: org.openqa.selenium.NoSuchElementException: Cannot locate option with index: 15
For documentation on this error, please visit: http://seleniumhq.org/exceptions/no_such_element.html
Build info: version: '3.7.1', revision: '8a0099a', time: '2017-11-06T21:07:36.161Z'
System info: host: 'DESKTOP-BLFTK83', ip: '169.254.189.85', os.name: 'Windows 10', os.arch: 'amd64', os.version: '10.0', java.version: '1.8.0_102'
Driver info: driver.version: unknown)

2018-06-09 16:15:25 - [TEST_STEP][PASSED] - selectOptionByIndex: All options with index in [8] are selected on object 'Object Repository/DispensaryToStore/Page_Dispensary Store/select_--Select--Schedule 1Inj'

2018-06-09 16:15:25 - [MESSAGE][PASSED] - All options with index in [8] are selected on object 'Object Repository/DispensaryToStore/Page_Dispensary Store/select_--Select--Schedule 1Inj'

2018-06-09 16:15:25 - [TEST_STEP][PASSED] - selectOptionByIndex: All options with index in [1] are selected on object 'Object Repository/DispensaryToStore/Page_Dispensary Store/select_--Select--Adernaline 0.'

2018-06-09 16:15:26 - [MESSAGE][PASSED] - All options with index in [1] are selected on object 'Object Repository/DispensaryToStore/Page_Dispensary Store/select_--Select--Adernaline 0.'

2018-06-09 16:15:26 - [TEST_STEP][PASSED] - setText: Text '10' is set on object 'Object Repository/DispensaryToStore/Page_Dispensary Store/input_txttreat'

2018-06-09 16:15:26 - [MESSAGE][PASSED] - Text '10' is set on object 'Object Repository/DispensaryToStore/Page_Dispensary Store/input_txttreat'

2018-06-09 16:15:26 - [TEST_STEP][PASSED] - click: Object: 'Object Repository/DispensaryToStore/Page_Dispensary Store/button_Add' is clicked on

2018-06-09 16:15:26 - [MESSAGE][PASSED] - Object: 'Object Repository/DispensaryToStore/Page_Dispensary Store/button_Add' is clicked on

2018-06-09 16:15:26 - [TEST_STEP][PASSED] - selectOptionByIndex: All options with index in [8] are selected on object 'Object Repository/DispensaryToStore/Page_Dispensary Store/select_--Select--Schedule 1Inj'

2018-06-09 16:15:26 - [MESSAGE][PASSED] - All options with index in [8] are selected on object 'Object Repository/DispensaryToStore/Page_Dispensary Store/select_--Select--Schedule 1Inj'

2018-06-09 16:15:26 - [TEST_STEP][PASSED] - selectOptionByIndex: All options with index in [2] are selected on object 'Object Repository/DispensaryToStore/Page_Dispensary Store/select_--Select--Adernaline 0.'

2018-06-09 16:15:26 - [MESSAGE][PASSED] - All options with index in [2] are selected on object 'Object Repository/DispensaryToStore/Page_Dispensary Store/select_--Select--Adernaline 0.'

2018-06-09 16:15:26 - [TEST_STEP][PASSED] - setText: Text '10' is set on object 'Object Repository/DispensaryToStore/Page_Dispensary Store/input_txttreat'

2018-06-09 16:15:26 - [MESSAGE][PASSED] - Text '10' is set on object 'Object Repository/DispensaryToStore/Page_Dispensary Store/input_txttreat'

2018-06-09 16:15:26 - [TEST_STEP][PASSED] - click: Object: 'Object Repository/DispensaryToStore/Page_Dispensary Store/button_Add' is clicked on

2018-06-09 16:15:26 - [MESSAGE][PASSED] - Object: 'Object Repository/DispensaryToStore/Page_Dispensary Store/button_Add' is clicked on

2018-06-09 16:15:26 - [TEST_STEP][PASSED] - selectOptionByIndex: All options with index in [8] are selected on object 'Object Repository/DispensaryToStore/Page_Dispensary Store/select_--Select--Schedule 1Inj'

2018-06-09 16:15:27 - [MESSAGE][PASSED] - All options with index in [8] are selected on object 'Object Repository/DispensaryToStore/Page_Dispensary Store/select_--Select--Schedule 1Inj'

2018-06-09 16:15:27 - [TEST_STEP][PASSED] - selectOptionByIndex: All options with index in [3] are selected on object 'Object Repository/DispensaryToStore/Page_Dispensary Store/select_--Select--Adernaline 0.'

2018-06-09 16:15:27 - [MESSAGE][PASSED] - All options with index in [3] are selected on object 'Object Repository/DispensaryToStore/Page_Dispensary Store/select_--Select--Adernaline 0.'

2018-06-09 16:15:27 - [TEST_STEP][PASSED] - setText: Text '10' is set on object 'Object Repository/DispensaryToStore/Page_Dispensary Store/input_txttreat'

2018-06-09 16:15:27 - [MESSAGE][PASSED] - Text '10' is set on object 'Object Repository/DispensaryToStore/Page_Dispensary Store/input_txttreat'

2018-06-09 16:15:27 - [TEST_STEP][PASSED] - click: Object: 'Object Repository/DispensaryToStore/Page_Dispensary Store/button_Add' is clicked on

2018-06-09 16:15:27 - [MESSAGE][PASSED] - Object: 'Object Repository/DispensaryToStore/Page_Dispensary Store/button_Add' is clicked on

2018-06-09 16:15:27 - [TEST_STEP][PASSED] - selectOptionByIndex: All options with index in [8] are selected on object 'Object Repository/DispensaryToStore/Page_Dispensary Store/select_--Select--Schedule 1Inj'

2018-06-09 16:15:27 - [MESSAGE][PASSED] - All options with index in [8] are selected on object 'Object Repository/DispensaryToStore/Page_Dispensary Store/select_--Select--Schedule 1Inj'

2018-06-09 16:15:27 - [TEST_STEP][PASSED] - selectOptionByIndex: All options with index in [4] are selected on object 'Object Repository/DispensaryToStore/Page_Dispensary Store/select_--Select--Adernaline 0.'

2018-06-09 16:15:27 - [MESSAGE][PASSED] - All options with index in [4] are selected on object 'Object Repository/DispensaryToStore/Page_Dispensary Store/select_--Select--Adernaline 0.'

2018-06-09 16:15:27 - [TEST_STEP][PASSED] - setText: Text '10' is set on object 'Object Repository/DispensaryToStore/Page_Dispensary Store/input_txttreat'

2018-06-09 16:15:28 - [MESSAGE][PASSED] - Text '10' is set on object 'Object Repository/DispensaryToStore/Page_Dispensary Store/input_txttreat'

2018-06-09 16:15:28 - [TEST_STEP][PASSED] - click: Object: 'Object Repository/DispensaryToStore/Page_Dispensary Store/button_Add' is clicked on

2018-06-09 16:15:28 - [MESSAGE][PASSED] - Object: 'Object Repository/DispensaryToStore/Page_Dispensary Store/button_Add' is clicked on

2018-06-09 16:15:28 - [TEST_STEP][PASSED] - selectOptionByIndex: All options with index in [8] are selected on object 'Object Repository/DispensaryToStore/Page_Dispensary Store/select_--Select--Schedule 1Inj'

2018-06-09 16:15:28 - [MESSAGE][PASSED] - All options with index in [8] are selected on object 'Object Repository/DispensaryToStore/Page_Dispensary Store/select_--Select--Schedule 1Inj'

2018-06-09 16:15:28 - [TEST_STEP][PASSED] - selectOptionByIndex: All options with index in [5] are selected on object 'Object Repository/DispensaryToStore/Page_Dispensary Store/select_--Select--Adernaline 0.'

2018-06-09 16:15:28 - [MESSAGE][PASSED] - All options with index in [5] are selected on object 'Object Repository/DispensaryToStore/Page_Dispensary Store/select_--Select--Adernaline 0.'

2018-06-09 16:15:28 - [TEST_STEP][PASSED] - setText: Text '10' is set on object 'Object Repository/DispensaryToStore/Page_Dispensary Store/input_txttreat'

2018-06-09 16:15:28 - [MESSAGE][PASSED] - Text '10' is set on object 'Object Repository/DispensaryToStore/Page_Dispensary Store/input_txttreat'

2018-06-09 16:15:28 - [TEST_STEP][PASSED] - click: Object: 'Object Repository/DispensaryToStore/Page_Dispensary Store/button_Add' is clicked on

2018-06-09 16:15:28 - [MESSAGE][PASSED] - Object: 'Object Repository/DispensaryToStore/Page_Dispensary Store/button_Add' is clicked on

2018-06-09 16:15:28 - [TEST_STEP][PASSED] - selectOptionByIndex: All options with index in [8] are selected on object 'Object Repository/DispensaryToStore/Page_Dispensary Store/select_--Select--Schedule 1Inj'

2018-06-09 16:15:28 - [MESSAGE][PASSED] - All options with index in [8] are selected on object 'Object Repository/DispensaryToStore/Page_Dispensary Store/select_--Select--Schedule 1Inj'

2018-06-09 16:15:28 - [TEST_STEP][PASSED] - selectOptionByIndex: All options with index in [6] are selected on object 'Object Repository/DispensaryToStore/Page_Dispensary Store/select_--Select--Adernaline 0.'

2018-06-09 16:15:29 - [MESSAGE][PASSED] - All options with index in [6] are selected on object 'Object Repository/DispensaryToStore/Page_Dispensary Store/select_--Select--Adernaline 0.'

2018-06-09 16:15:29 - [TEST_STEP][PASSED] - setText: Text '10' is set on object 'Object Repository/DispensaryToStore/Page_Dispensary Store/input_txttreat'

2018-06-09 16:15:29 - [MESSAGE][PASSED] - Text '10' is set on object 'Object Repository/DispensaryToStore/Page_Dispensary Store/input_txttreat'

2018-06-09 16:15:29 - [TEST_STEP][PASSED] - click: Object: 'Object Repository/DispensaryToStore/Page_Dispensary Store/button_Add' is clicked on

2018-06-09 16:15:29 - [MESSAGE][PASSED] - Object: 'Object Repository/DispensaryToStore/Page_Dispensary Store/button_Add' is clicked on

2018-06-09 16:15:29 - [TEST_STEP][PASSED] - selectOptionByIndex: All options with index in [8] are selected on object 'Object Repository/DispensaryToStore/Page_Dispensary Store/select_--Select--Schedule 1Inj'

2018-06-09 16:15:29 - [MESSAGE][PASSED] - All options with index in [8] are selected on object 'Object Repository/DispensaryToStore/Page_Dispensary Store/select_--Select--Schedule 1Inj'

2018-06-09 16:15:29 - [TEST_STEP][PASSED] - selectOptionByIndex: All options with index in [7] are selected on object 'Object Repository/DispensaryToStore/Page_Dispensary Store/select_--Select--Adernaline 0.'

2018-06-09 16:15:29 - [MESSAGE][PASSED] - All options with index in [7] are selected on object 'Object Repository/DispensaryToStore/Page_Dispensary Store/select_--Select--Adernaline 0.'

2018-06-09 16:15:29 - [TEST_STEP][PASSED] - setText: Text '10' is set on object 'Object Repository/DispensaryToStore/Page_Dispensary Store/input_txttreat'

2018-06-09 16:15:29 - [MESSAGE][PASSED] - Text '10' is set on object 'Object Repository/DispensaryToStore/Page_Dispensary Store/input_txttreat'

2018-06-09 16:15:29 - [TEST_STEP][PASSED] - click: Object: 'Object Repository/DispensaryToStore/Page_Dispensary Store/button_Add' is clicked on

2018-06-09 16:15:29 - [MESSAGE][PASSED] - Object: 'Object Repository/DispensaryToStore/Page_Dispensary Store/button_Add' is clicked on

2018-06-09 16:15:29 - [TEST_STEP][PASSED] - selectOptionByIndex: All options with index in [8] are selected on object 'Object Repository/DispensaryToStore/Page_Dispensary Store/select_--Select--Schedule 1Inj'

2018-06-09 16:15:30 - [MESSAGE][PASSED] - All options with index in [8] are selected on object 'Object Repository/DispensaryToStore/Page_Dispensary Store/select_--Select--Schedule 1Inj'

2018-06-09 16:15:30 - [TEST_STEP][PASSED] - selectOptionByIndex: All options with index in [8] are selected on object 'Object Repository/DispensaryToStore/Page_Dispensary Store/select_--Select--Adernaline 0.'

2018-06-09 16:15:30 - [MESSAGE][PASSED] - All options with index in [8] are selected on object 'Object Repository/DispensaryToStore/Page_Dispensary Store/select_--Select--Adernaline 0.'

2018-06-09 16:15:30 - [TEST_STEP][PASSED] - setText: Text '10' is set on object 'Object Repository/DispensaryToStore/Page_Dispensary Store/input_txttreat'

2018-06-09 16:15:30 - [MESSAGE][PASSED] - Text '10' is set on object 'Object Repository/DispensaryToStore/Page_Dispensary Store/input_txttreat'

2018-06-09 16:15:30 - [TEST_STEP][PASSED] - click: Object: 'Object Repository/DispensaryToStore/Page_Dispensary Store/button_Add' is clicked on

2018-06-09 16:15:30 - [MESSAGE][PASSED] - Object: 'Object Repository/DispensaryToStore/Page_Dispensary Store/button_Add' is clicked on

2018-06-09 16:15:30 - [TEST_STEP][PASSED] - selectOptionByIndex: All options with index in [8] are selected on object 'Object Repository/DispensaryToStore/Page_Dispensary Store/select_--Select--Schedule 1Inj'

2018-06-09 16:15:30 - [MESSAGE][PASSED] - All options with index in [8] are selected on object 'Object Repository/DispensaryToStore/Page_Dispensary Store/select_--Select--Schedule 1Inj'

2018-06-09 16:15:30 - [TEST_STEP][PASSED] - selectOptionByIndex: All options with index in [9] are selected on object 'Object Repository/DispensaryToStore/Page_Dispensary Store/select_--Select--Adernaline 0.'

2018-06-09 16:15:31 - [MESSAGE][PASSED] - All options with index in [9] are selected on object 'Object Repository/DispensaryToStore/Page_Dispensary Store/select_--Select--Adernaline 0.'

2018-06-09 16:15:31 - [TEST_STEP][PASSED] - setText: Text '10' is set on object 'Object Repository/DispensaryToStore/Page_Dispensary Store/input_txttreat'

2018-06-09 16:15:31 - [MESSAGE][PASSED] - Text '10' is set on object 'Object Repository/DispensaryToStore/Page_Dispensary Store/input_txttreat'

2018-06-09 16:15:31 - [TEST_STEP][PASSED] - click: Object: 'Object Repository/DispensaryToStore/Page_Dispensary Store/button_Add' is clicked on

2018-06-09 16:15:31 - [MESSAGE][PASSED] - Object: 'Object Repository/DispensaryToStore/Page_Dispensary Store/button_Add' is clicked on

2018-06-09 16:15:31 - [TEST_STEP][PASSED] - selectOptionByIndex: All options with index in [8] are selected on object 'Object Repository/DispensaryToStore/Page_Dispensary Store/select_--Select--Schedule 1Inj'

2018-06-09 16:15:31 - [MESSAGE][PASSED] - All options with index in [8] are selected on object 'Object Repository/DispensaryToStore/Page_Dispensary Store/select_--Select--Schedule 1Inj'

2018-06-09 16:15:31 - [TEST_STEP][PASSED] - selectOptionByIndex: All options with index in [10] are selected on object 'Object Repository/DispensaryToStore/Page_Dispensary Store/select_--Select--Adernaline 0.'

2018-06-09 16:15:31 - [MESSAGE][PASSED] - All options with index in [10] are selected on object 'Object Repository/DispensaryToStore/Page_Dispensary Store/select_--Select--Adernaline 0.'

2018-06-09 16:15:31 - [TEST_STEP][PASSED] - setText: Text '10' is set on object 'Object Repository/DispensaryToStore/Page_Dispensary Store/input_txttreat'

2018-06-09 16:15:31 - [MESSAGE][PASSED] - Text '10' is set on object 'Object Repository/DispensaryToStore/Page_Dispensary Store/input_txttreat'

2018-06-09 16:15:31 - [TEST_STEP][PASSED] - click: Object: 'Object Repository/DispensaryToStore/Page_Dispensary Store/button_Add' is clicked on

2018-06-09 16:15:31 - [MESSAGE][PASSED] - Object: 'Object Repository/DispensaryToStore/Page_Dispensary Store/button_Add' is clicked on

2018-06-09 16:15:31 - [TEST_STEP][PASSED] - selectOptionByIndex: All options with index in [8] are selected on object 'Object Repository/DispensaryToStore/Page_Dispensary Store/select_--Select--Schedule 1Inj'

2018-06-09 16:15:32 - [MESSAGE][PASSED] - All options with index in [8] are selected on object 'Object Repository/DispensaryToStore/Page_Dispensary Store/select_--Select--Schedule 1Inj'

2018-06-09 16:15:32 - [TEST_STEP][PASSED] - selectOptionByIndex: All options with index in [11] are selected on object 'Object Repository/DispensaryToStore/Page_Dispensary Store/select_--Select--Adernaline 0.'

2018-06-09 16:15:32 - [MESSAGE][PASSED] - All options with index in [11] are selected on object 'Object Repository/DispensaryToStore/Page_Dispensary Store/select_--Select--Adernaline 0.'

2018-06-09 16:15:32 - [TEST_STEP][PASSED] - setText: Text '10' is set on object 'Object Repository/DispensaryToStore/Page_Dispensary Store/input_txttreat'

2018-06-09 16:15:32 - [MESSAGE][PASSED] - Text '10' is set on object 'Object Repository/DispensaryToStore/Page_Dispensary Store/input_txttreat'

2018-06-09 16:15:32 - [TEST_STEP][PASSED] - click: Object: 'Object Repository/DispensaryToStore/Page_Dispensary Store/button_Add' is clicked on

2018-06-09 16:15:32 - [MESSAGE][PASSED] - Object: 'Object Repository/DispensaryToStore/Page_Dispensary Store/button_Add' is clicked on

2018-06-09 16:15:32 - [TEST_STEP][PASSED] - selectOptionByIndex: All options with index in [8] are selected on object 'Object Repository/DispensaryToStore/Page_Dispensary Store/select_--Select--Schedule 1Inj'

2018-06-09 16:15:32 - [MESSAGE][PASSED] - All options with index in [8] are selected on object 'Object Repository/DispensaryToStore/Page_Dispensary Store/select_--Select--Schedule 1Inj'

2018-06-09 16:15:32 - [TEST_STEP][PASSED] - selectOptionByIndex: All options with index in [12] are selected on object 'Object Repository/DispensaryToStore/Page_Dispensary Store/select_--Select--Adernaline 0.'

2018-06-09 16:15:33 - [MESSAGE][PASSED] - All options with index in [12] are selected on object 'Object Repository/DispensaryToStore/Page_Dispensary Store/select_--Select--Adernaline 0.'

2018-06-09 16:15:33 - [TEST_STEP][PASSED] - setText: Text '10' is set on object 'Object Repository/DispensaryToStore/Page_Dispensary Store/input_txttreat'

2018-06-09 16:15:33 - [MESSAGE][PASSED] - Text '10' is set on object 'Object Repository/DispensaryToStore/Page_Dispensary Store/input_txttreat'

2018-06-09 16:15:33 - [TEST_STEP][PASSED] - click: Object: 'Object Repository/DispensaryToStore/Page_Dispensary Store/button_Add' is clicked on

2018-06-09 16:15:33 - [MESSAGE][PASSED] - Object: 'Object Repository/DispensaryToStore/Page_Dispensary Store/button_Add' is clicked on

2018-06-09 16:15:33 - [TEST_STEP][PASSED] - selectOptionByIndex: All options with index in [8] are selected on object 'Object Repository/DispensaryToStore/Page_Dispensary Store/select_--Select--Schedule 1Inj'

2018-06-09 16:15:33 - [MESSAGE][PASSED] - All options with index in [8] are selected on object 'Object Repository/DispensaryToStore/Page_Dispensary Store/select_--Select--Schedule 1Inj'

2018-06-09 16:15:33 - [TEST_STEP][PASSED] - selectOptionByIndex: All options with index in [13] are selected on object 'Object Repository/DispensaryToStore/Page_Dispensary Store/select_--Select--Adernaline 0.'

2018-06-09 16:15:33 - [MESSAGE][PASSED] - All options with index in [13] are selected on object 'Object Repository/DispensaryToStore/Page_Dispensary Store/select_--Select--Adernaline 0.'

2018-06-09 16:15:33 - [TEST_STEP][PASSED] - setText: Text '10' is set on object 'Object Repository/DispensaryToStore/Page_Dispensary Store/input_txttreat'

2018-06-09 16:15:33 - [MESSAGE][PASSED] - Text '10' is set on object 'Object Repository/DispensaryToStore/Page_Dispensary Store/input_txttreat'

2018-06-09 16:15:33 - [TEST_STEP][PASSED] - click: Object: 'Object Repository/DispensaryToStore/Page_Dispensary Store/button_Add' is clicked on

2018-06-09 16:15:33 - [MESSAGE][PASSED] - Object: 'Object Repository/DispensaryToStore/Page_Dispensary Store/button_Add' is clicked on

2018-06-09 16:15:33 - [TEST_STEP][PASSED] - selectOptionByIndex: All options with index in [8] are selected on object 'Object Repository/DispensaryToStore/Page_Dispensary Store/select_--Select--Schedule 1Inj'

2018-06-09 16:15:34 - [MESSAGE][PASSED] - All options with index in [8] are selected on object 'Object Repository/DispensaryToStore/Page_Dispensary Store/select_--Select--Schedule 1Inj'

2018-06-09 16:15:34 - [TEST_STEP][PASSED] - selectOptionByIndex: All options with index in [14] are selected on object 'Object Repository/DispensaryToStore/Page_Dispensary Store/select_--Select--Adernaline 0.'

2018-06-09 16:15:34 - [MESSAGE][PASSED] - All options with index in [14] are selected on object 'Object Repository/DispensaryToStore/Page_Dispensary Store/select_--Select--Adernaline 0.'

2018-06-09 16:15:34 - [TEST_STEP][PASSED] - setText: Text '10' is set on object 'Object Repository/DispensaryToStore/Page_Dispensary Store/input_txttreat'

2018-06-09 16:15:34 - [MESSAGE][PASSED] - Text '10' is set on object 'Object Repository/DispensaryToStore/Page_Dispensary Store/input_txttreat'

2018-06-09 16:15:34 - [TEST_STEP][PASSED] - click: Object: 'Object Repository/DispensaryToStore/Page_Dispensary Store/button_Add' is clicked on

2018-06-09 16:15:34 - [MESSAGE][PASSED] - Object: 'Object Repository/DispensaryToStore/Page_Dispensary Store/button_Add' is clicked on

2018-06-09 16:15:34 - [TEST_STEP][PASSED] - selectOptionByIndex: All options with index in [8] are selected on object 'Object Repository/DispensaryToStore/Page_Dispensary Store/select_--Select--Schedule 1Inj'

2018-06-09 16:15:34 - [MESSAGE][PASSED] - All options with index in [8] are selected on object 'Object Repository/DispensaryToStore/Page_Dispensary Store/select_--Select--Schedule 1Inj'

2018-06-09 16:15:34 - [TEST_STEP][FAILED] - selectOptionByIndex: Unable to select option by index '15' of object 'Object Repository/DispensaryToStore/Page_Dispensary Store/select_--Select--Adernaline 0.' (Root cause: org.openqa.selenium.NoSuchElementException: Cannot locate option with index: 15
For documentation on this error, please visit: http://seleniumhq.org/exceptions/no_such_element.html
Build info: version: '3.7.1', revision: '8a0099a', time: '2017-11-06T21:07:36.161Z'
System info: host: 'DESKTOP-BLFTK83', ip: '169.254.189.85', os.name: 'Windows 10', os.arch: 'amd64', os.version: '10.0', java.version: '1.8.0_102'
Driver info: driver.version: unknown)

2018-06-09 16:15:35 - [MESSAGE][FAILED] - Unable to select option by index '15' of object 'Object Repository/DispensaryToStore/Page_Dispensary Store/select_--Select--Adernaline 0.' (Root cause: org.openqa.selenium.NoSuchElementException: Cannot locate option with index: 15
For documentation on this error, please visit: http://seleniumhq.org/exceptions/no_such_element.html
Build info: version: '3.7.1', revision: '8a0099a', time: '2017-11-06T21:07:36.161Z'
System info: host: 'DESKTOP-BLFTK83', ip: '169.254.189.85', os.name: 'Windows 10', os.arch: 'amd64', os.version: '10.0', java.version: '1.8.0_102'
Driver info: driver.version: unknown)
[[ATTACHMENT|C:\\Users\\Quality Analyst\\Katalon Studio\\ds\\Reports\\Dispensary_Store_Suite\\20180609_155125\\1528541134962.png]]]]></system-out>
         <system-err><![CDATA[2018-06-09 16:15:11 - [TEST_CASE][FAILED] - Test Cases/DISPENSARY TEST CASES/TC_DP_008 Verify Schedule 8 Dispensary Request Are Working Successfully Or Not: Test Cases/DISPENSARY TEST CASES/TC_DP_008 Verify Schedule 8 Dispensary Request Are Working Successfully Or Not FAILED because (of) Unable to select option by index '15' of object 'Object Repository/DispensaryToStore/Page_Dispensary Store/select_--Select--Adernaline 0.' (Root cause: org.openqa.selenium.NoSuchElementException: Cannot locate option with index: 15
For documentation on this error, please visit: http://seleniumhq.org/exceptions/no_such_element.html
Build info: version: '3.7.1', revision: '8a0099a', time: '2017-11-06T21:07:36.161Z'
System info: host: 'DESKTOP-BLFTK83', ip: '169.254.189.85', os.name: 'Windows 10', os.arch: 'amd64', os.version: '10.0', java.version: '1.8.0_102'
Driver info: driver.version: unknown)]]></system-err>
      </testcase>
      <testcase name="Test Cases/DISPENSARY TEST CASES/TC_DP_009 Verify Schedule 9 Dispensary Request Are Working Successfully Or Not" classname="Test Cases/DISPENSARY TEST CASES/TC_DP_009 Verify Schedule 9 Dispensary Request Are Working Successfully Or Not" status="PASSED">
         <system-out><![CDATA[2018-06-09 16:15:35 - [TEST_CASE][PASSED] - Test Cases/DISPENSARY TEST CASES/TC_DP_009 Verify Schedule 9 Dispensary Request Are Working Successfully Or Not: Test Cases/DISPENSARY TEST CASES/TC_DP_009 Verify Schedule 9 Dispensary Request Are Working Successfully Or Not

2018-06-09 16:15:35 - [TEST_STEP][PASSED] - openBrowser: Browser is opened with url: ''

2018-06-09 16:15:35 - [MESSAGE][WARNING] - A browser is already opened. Closing browser and opening a new one

2018-06-09 16:15:38 - [MESSAGE][PASSED] - Browser is opened with url: ''

2018-06-09 16:15:38 - [TEST_STEP][PASSED] - navigateToUrl: Navigate to 'http://192.168.137.1/multihospital_new/HDSplashscreen.aspx' successfully

2018-06-09 16:15:40 - [MESSAGE][PASSED] - Navigate to 'http://192.168.137.1/multihospital_new/HDSplashscreen.aspx' successfully

2018-06-09 16:15:40 - [TEST_STEP][PASSED] - maximizeWindow: Current window maximized

2018-06-09 16:15:41 - [MESSAGE][PASSED] - Current window maximized

2018-06-09 16:15:41 - [TEST_STEP][PASSED] - click: Object: 'Object Repository/DispensaryToStore/Page_KDMC/a_Dispensary Store' is clicked on

2018-06-09 16:15:42 - [MESSAGE][PASSED] - Object: 'Object Repository/DispensaryToStore/Page_KDMC/a_Dispensary Store' is clicked on

2018-06-09 16:15:42 - [TEST_STEP][PASSED] - setText: Text 'rajaram' is set on object 'Object Repository/DispensaryToStore/Page_Dispensary Store Login/input_txtusername'

2018-06-09 16:15:42 - [MESSAGE][PASSED] - Text 'rajaram' is set on object 'Object Repository/DispensaryToStore/Page_Dispensary Store Login/input_txtusername'

2018-06-09 16:15:42 - [TEST_STEP][PASSED] - setText: Text '123' is set on object 'Object Repository/DispensaryToStore/Page_Dispensary Store Login/input_txtpassword'

2018-06-09 16:15:42 - [MESSAGE][PASSED] - Text '123' is set on object 'Object Repository/DispensaryToStore/Page_Dispensary Store Login/input_txtpassword'

2018-06-09 16:15:42 - [TEST_STEP][PASSED] - delay: Delayed 3 second(s)

2018-06-09 16:15:45 - [MESSAGE][PASSED] - Delayed 3 second(s)

2018-06-09 16:15:45 - [TEST_STEP][PASSED] - sendKeys: Keys 'ENTER + ' sent to object: 'Object Repository/DispensaryToStore/Page_Dispensary Store Login/input_txtpassword'

2018-06-09 16:15:46 - [MESSAGE][PASSED] - Keys 'ENTER + ' sent to object: 'Object Repository/DispensaryToStore/Page_Dispensary Store Login/input_txtpassword'

2018-06-09 16:15:46 - [TEST_STEP][PASSED] - delay: Delayed 3 second(s)

2018-06-09 16:15:49 - [MESSAGE][PASSED] - Delayed 3 second(s)

2018-06-09 16:15:49 - [TEST_STEP][PASSED] - click: Object: 'Object Repository/DispensaryToStore/Page_Dispensary Store/a_Request to Store' is clicked on

2018-06-09 16:15:49 - [MESSAGE][PASSED] - Object: 'Object Repository/DispensaryToStore/Page_Dispensary Store/a_Request to Store' is clicked on

2018-06-09 16:15:49 - [TEST_STEP][PASSED] - click: Object: 'Object Repository/DispensaryToStore/Page_Dispensary Store/a_Medicine Request' is clicked on

2018-06-09 16:15:50 - [MESSAGE][PASSED] - Object: 'Object Repository/DispensaryToStore/Page_Dispensary Store/a_Medicine Request' is clicked on

2018-06-09 16:15:50 - [TEST_STEP][PASSED] - selectOptionByIndex: All options with index in [9] are selected on object 'Object Repository/DispensaryToStore/Page_Dispensary Store/select_--Select--Schedule 1Inj'

2018-06-09 16:15:50 - [MESSAGE][PASSED] - All options with index in [9] are selected on object 'Object Repository/DispensaryToStore/Page_Dispensary Store/select_--Select--Schedule 1Inj'

2018-06-09 16:15:50 - [TEST_STEP][PASSED] - Statement - medicineslength = com.kms.katalon.core.webui.keyword.WebUiBuiltInKeywords.getNumberOfTotalOption(com.kms.katalon.core.testobject.ObjectRepository.findTestObject(DispensaryToStore/Page_Dispensary Store/select_--Select--Adernaline 0.)): 36 options of object 'Object Repository/DispensaryToStore/Page_Dispensary Store/select_--Select--Adernaline 0.' counted

2018-06-09 16:15:50 - [MESSAGE][PASSED] - 36 options of object 'Object Repository/DispensaryToStore/Page_Dispensary Store/select_--Select--Adernaline 0.' counted

2018-06-09 16:15:50 - [TEST_STEP][PASSED] - Statement - For ([e = 1, e <= medicineslength - 1, (e++)]): Object: 'Object Repository/DispensaryToStore/Page_Dispensary Store/button_Add' is clicked on

2018-06-09 16:15:50 - [TEST_STEP][PASSED] - selectOptionByIndex: All options with index in [9] are selected on object 'Object Repository/DispensaryToStore/Page_Dispensary Store/select_--Select--Schedule 1Inj'

2018-06-09 16:15:50 - [MESSAGE][PASSED] - All options with index in [9] are selected on object 'Object Repository/DispensaryToStore/Page_Dispensary Store/select_--Select--Schedule 1Inj'

2018-06-09 16:15:50 - [TEST_STEP][PASSED] - selectOptionByIndex: All options with index in [1] are selected on object 'Object Repository/DispensaryToStore/Page_Dispensary Store/select_--Select--Adernaline 0.'

2018-06-09 16:15:51 - [MESSAGE][PASSED] - All options with index in [1] are selected on object 'Object Repository/DispensaryToStore/Page_Dispensary Store/select_--Select--Adernaline 0.'

2018-06-09 16:15:51 - [TEST_STEP][PASSED] - setText: Text '10' is set on object 'Object Repository/DispensaryToStore/Page_Dispensary Store/input_txttreat'

2018-06-09 16:15:51 - [MESSAGE][PASSED] - Text '10' is set on object 'Object Repository/DispensaryToStore/Page_Dispensary Store/input_txttreat'

2018-06-09 16:15:51 - [TEST_STEP][PASSED] - click: Object: 'Object Repository/DispensaryToStore/Page_Dispensary Store/button_Add' is clicked on

2018-06-09 16:15:51 - [MESSAGE][PASSED] - Object: 'Object Repository/DispensaryToStore/Page_Dispensary Store/button_Add' is clicked on

2018-06-09 16:15:51 - [TEST_STEP][PASSED] - selectOptionByIndex: All options with index in [9] are selected on object 'Object Repository/DispensaryToStore/Page_Dispensary Store/select_--Select--Schedule 1Inj'

2018-06-09 16:15:51 - [MESSAGE][PASSED] - All options with index in [9] are selected on object 'Object Repository/DispensaryToStore/Page_Dispensary Store/select_--Select--Schedule 1Inj'

2018-06-09 16:15:51 - [TEST_STEP][PASSED] - selectOptionByIndex: All options with index in [2] are selected on object 'Object Repository/DispensaryToStore/Page_Dispensary Store/select_--Select--Adernaline 0.'

2018-06-09 16:15:51 - [MESSAGE][PASSED] - All options with index in [2] are selected on object 'Object Repository/DispensaryToStore/Page_Dispensary Store/select_--Select--Adernaline 0.'

2018-06-09 16:15:51 - [TEST_STEP][PASSED] - setText: Text '10' is set on object 'Object Repository/DispensaryToStore/Page_Dispensary Store/input_txttreat'

2018-06-09 16:15:51 - [MESSAGE][PASSED] - Text '10' is set on object 'Object Repository/DispensaryToStore/Page_Dispensary Store/input_txttreat'

2018-06-09 16:15:51 - [TEST_STEP][PASSED] - click: Object: 'Object Repository/DispensaryToStore/Page_Dispensary Store/button_Add' is clicked on

2018-06-09 16:15:51 - [MESSAGE][PASSED] - Object: 'Object Repository/DispensaryToStore/Page_Dispensary Store/button_Add' is clicked on

2018-06-09 16:15:51 - [TEST_STEP][PASSED] - selectOptionByIndex: All options with index in [9] are selected on object 'Object Repository/DispensaryToStore/Page_Dispensary Store/select_--Select--Schedule 1Inj'

2018-06-09 16:15:52 - [MESSAGE][PASSED] - All options with index in [9] are selected on object 'Object Repository/DispensaryToStore/Page_Dispensary Store/select_--Select--Schedule 1Inj'

2018-06-09 16:15:52 - [TEST_STEP][PASSED] - selectOptionByIndex: All options with index in [3] are selected on object 'Object Repository/DispensaryToStore/Page_Dispensary Store/select_--Select--Adernaline 0.'

2018-06-09 16:15:52 - [MESSAGE][PASSED] - All options with index in [3] are selected on object 'Object Repository/DispensaryToStore/Page_Dispensary Store/select_--Select--Adernaline 0.'

2018-06-09 16:15:52 - [TEST_STEP][PASSED] - setText: Text '10' is set on object 'Object Repository/DispensaryToStore/Page_Dispensary Store/input_txttreat'

2018-06-09 16:15:52 - [MESSAGE][PASSED] - Text '10' is set on object 'Object Repository/DispensaryToStore/Page_Dispensary Store/input_txttreat'

2018-06-09 16:15:52 - [TEST_STEP][PASSED] - click: Object: 'Object Repository/DispensaryToStore/Page_Dispensary Store/button_Add' is clicked on

2018-06-09 16:15:52 - [MESSAGE][PASSED] - Object: 'Object Repository/DispensaryToStore/Page_Dispensary Store/button_Add' is clicked on

2018-06-09 16:15:52 - [TEST_STEP][PASSED] - selectOptionByIndex: All options with index in [9] are selected on object 'Object Repository/DispensaryToStore/Page_Dispensary Store/select_--Select--Schedule 1Inj'

2018-06-09 16:15:52 - [MESSAGE][PASSED] - All options with index in [9] are selected on object 'Object Repository/DispensaryToStore/Page_Dispensary Store/select_--Select--Schedule 1Inj'

2018-06-09 16:15:52 - [TEST_STEP][PASSED] - selectOptionByIndex: All options with index in [4] are selected on object 'Object Repository/DispensaryToStore/Page_Dispensary Store/select_--Select--Adernaline 0.'

2018-06-09 16:15:53 - [MESSAGE][PASSED] - All options with index in [4] are selected on object 'Object Repository/DispensaryToStore/Page_Dispensary Store/select_--Select--Adernaline 0.'

2018-06-09 16:15:53 - [TEST_STEP][PASSED] - setText: Text '10' is set on object 'Object Repository/DispensaryToStore/Page_Dispensary Store/input_txttreat'

2018-06-09 16:15:53 - [MESSAGE][PASSED] - Text '10' is set on object 'Object Repository/DispensaryToStore/Page_Dispensary Store/input_txttreat'

2018-06-09 16:15:53 - [TEST_STEP][PASSED] - click: Object: 'Object Repository/DispensaryToStore/Page_Dispensary Store/button_Add' is clicked on

2018-06-09 16:15:53 - [MESSAGE][PASSED] - Object: 'Object Repository/DispensaryToStore/Page_Dispensary Store/button_Add' is clicked on

2018-06-09 16:15:53 - [TEST_STEP][PASSED] - selectOptionByIndex: All options with index in [9] are selected on object 'Object Repository/DispensaryToStore/Page_Dispensary Store/select_--Select--Schedule 1Inj'

2018-06-09 16:15:53 - [MESSAGE][PASSED] - All options with index in [9] are selected on object 'Object Repository/DispensaryToStore/Page_Dispensary Store/select_--Select--Schedule 1Inj'

2018-06-09 16:15:53 - [TEST_STEP][PASSED] - selectOptionByIndex: All options with index in [5] are selected on object 'Object Repository/DispensaryToStore/Page_Dispensary Store/select_--Select--Adernaline 0.'

2018-06-09 16:15:53 - [MESSAGE][PASSED] - All options with index in [5] are selected on object 'Object Repository/DispensaryToStore/Page_Dispensary Store/select_--Select--Adernaline 0.'

2018-06-09 16:15:53 - [TEST_STEP][PASSED] - setText: Text '10' is set on object 'Object Repository/DispensaryToStore/Page_Dispensary Store/input_txttreat'

2018-06-09 16:15:53 - [MESSAGE][PASSED] - Text '10' is set on object 'Object Repository/DispensaryToStore/Page_Dispensary Store/input_txttreat'

2018-06-09 16:15:53 - [TEST_STEP][PASSED] - click: Object: 'Object Repository/DispensaryToStore/Page_Dispensary Store/button_Add' is clicked on

2018-06-09 16:15:53 - [MESSAGE][PASSED] - Object: 'Object Repository/DispensaryToStore/Page_Dispensary Store/button_Add' is clicked on

2018-06-09 16:15:53 - [TEST_STEP][PASSED] - selectOptionByIndex: All options with index in [9] are selected on object 'Object Repository/DispensaryToStore/Page_Dispensary Store/select_--Select--Schedule 1Inj'

2018-06-09 16:15:54 - [MESSAGE][PASSED] - All options with index in [9] are selected on object 'Object Repository/DispensaryToStore/Page_Dispensary Store/select_--Select--Schedule 1Inj'

2018-06-09 16:15:54 - [TEST_STEP][PASSED] - selectOptionByIndex: All options with index in [6] are selected on object 'Object Repository/DispensaryToStore/Page_Dispensary Store/select_--Select--Adernaline 0.'

2018-06-09 16:15:54 - [MESSAGE][PASSED] - All options with index in [6] are selected on object 'Object Repository/DispensaryToStore/Page_Dispensary Store/select_--Select--Adernaline 0.'

2018-06-09 16:15:54 - [TEST_STEP][PASSED] - setText: Text '10' is set on object 'Object Repository/DispensaryToStore/Page_Dispensary Store/input_txttreat'

2018-06-09 16:15:54 - [MESSAGE][PASSED] - Text '10' is set on object 'Object Repository/DispensaryToStore/Page_Dispensary Store/input_txttreat'

2018-06-09 16:15:54 - [TEST_STEP][PASSED] - click: Object: 'Object Repository/DispensaryToStore/Page_Dispensary Store/button_Add' is clicked on

2018-06-09 16:15:54 - [MESSAGE][PASSED] - Object: 'Object Repository/DispensaryToStore/Page_Dispensary Store/button_Add' is clicked on

2018-06-09 16:15:54 - [TEST_STEP][PASSED] - selectOptionByIndex: All options with index in [9] are selected on object 'Object Repository/DispensaryToStore/Page_Dispensary Store/select_--Select--Schedule 1Inj'

2018-06-09 16:15:54 - [MESSAGE][PASSED] - All options with index in [9] are selected on object 'Object Repository/DispensaryToStore/Page_Dispensary Store/select_--Select--Schedule 1Inj'

2018-06-09 16:15:54 - [TEST_STEP][PASSED] - selectOptionByIndex: All options with index in [7] are selected on object 'Object Repository/DispensaryToStore/Page_Dispensary Store/select_--Select--Adernaline 0.'

2018-06-09 16:15:54 - [MESSAGE][PASSED] - All options with index in [7] are selected on object 'Object Repository/DispensaryToStore/Page_Dispensary Store/select_--Select--Adernaline 0.'

2018-06-09 16:15:54 - [TEST_STEP][PASSED] - setText: Text '10' is set on object 'Object Repository/DispensaryToStore/Page_Dispensary Store/input_txttreat'

2018-06-09 16:15:55 - [MESSAGE][PASSED] - Text '10' is set on object 'Object Repository/DispensaryToStore/Page_Dispensary Store/input_txttreat'

2018-06-09 16:15:55 - [TEST_STEP][PASSED] - click: Object: 'Object Repository/DispensaryToStore/Page_Dispensary Store/button_Add' is clicked on

2018-06-09 16:15:55 - [MESSAGE][PASSED] - Object: 'Object Repository/DispensaryToStore/Page_Dispensary Store/button_Add' is clicked on

2018-06-09 16:15:55 - [TEST_STEP][PASSED] - selectOptionByIndex: All options with index in [9] are selected on object 'Object Repository/DispensaryToStore/Page_Dispensary Store/select_--Select--Schedule 1Inj'

2018-06-09 16:15:55 - [MESSAGE][PASSED] - All options with index in [9] are selected on object 'Object Repository/DispensaryToStore/Page_Dispensary Store/select_--Select--Schedule 1Inj'

2018-06-09 16:15:55 - [TEST_STEP][PASSED] - selectOptionByIndex: All options with index in [8] are selected on object 'Object Repository/DispensaryToStore/Page_Dispensary Store/select_--Select--Adernaline 0.'

2018-06-09 16:15:55 - [MESSAGE][PASSED] - All options with index in [8] are selected on object 'Object Repository/DispensaryToStore/Page_Dispensary Store/select_--Select--Adernaline 0.'

2018-06-09 16:15:55 - [TEST_STEP][PASSED] - setText: Text '10' is set on object 'Object Repository/DispensaryToStore/Page_Dispensary Store/input_txttreat'

2018-06-09 16:15:55 - [MESSAGE][PASSED] - Text '10' is set on object 'Object Repository/DispensaryToStore/Page_Dispensary Store/input_txttreat'

2018-06-09 16:15:55 - [TEST_STEP][PASSED] - click: Object: 'Object Repository/DispensaryToStore/Page_Dispensary Store/button_Add' is clicked on

2018-06-09 16:15:55 - [MESSAGE][PASSED] - Object: 'Object Repository/DispensaryToStore/Page_Dispensary Store/button_Add' is clicked on

2018-06-09 16:15:55 - [TEST_STEP][PASSED] - selectOptionByIndex: All options with index in [9] are selected on object 'Object Repository/DispensaryToStore/Page_Dispensary Store/select_--Select--Schedule 1Inj'

2018-06-09 16:15:55 - [MESSAGE][PASSED] - All options with index in [9] are selected on object 'Object Repository/DispensaryToStore/Page_Dispensary Store/select_--Select--Schedule 1Inj'

2018-06-09 16:15:55 - [TEST_STEP][PASSED] - selectOptionByIndex: All options with index in [9] are selected on object 'Object Repository/DispensaryToStore/Page_Dispensary Store/select_--Select--Adernaline 0.'

2018-06-09 16:15:56 - [MESSAGE][PASSED] - All options with index in [9] are selected on object 'Object Repository/DispensaryToStore/Page_Dispensary Store/select_--Select--Adernaline 0.'

2018-06-09 16:15:56 - [TEST_STEP][PASSED] - setText: Text '10' is set on object 'Object Repository/DispensaryToStore/Page_Dispensary Store/input_txttreat'

2018-06-09 16:15:56 - [MESSAGE][PASSED] - Text '10' is set on object 'Object Repository/DispensaryToStore/Page_Dispensary Store/input_txttreat'

2018-06-09 16:15:56 - [TEST_STEP][PASSED] - click: Object: 'Object Repository/DispensaryToStore/Page_Dispensary Store/button_Add' is clicked on

2018-06-09 16:15:56 - [MESSAGE][PASSED] - Object: 'Object Repository/DispensaryToStore/Page_Dispensary Store/button_Add' is clicked on

2018-06-09 16:15:56 - [TEST_STEP][PASSED] - selectOptionByIndex: All options with index in [9] are selected on object 'Object Repository/DispensaryToStore/Page_Dispensary Store/select_--Select--Schedule 1Inj'

2018-06-09 16:15:56 - [MESSAGE][PASSED] - All options with index in [9] are selected on object 'Object Repository/DispensaryToStore/Page_Dispensary Store/select_--Select--Schedule 1Inj'

2018-06-09 16:15:56 - [TEST_STEP][PASSED] - selectOptionByIndex: All options with index in [10] are selected on object 'Object Repository/DispensaryToStore/Page_Dispensary Store/select_--Select--Adernaline 0.'

2018-06-09 16:15:56 - [MESSAGE][PASSED] - All options with index in [10] are selected on object 'Object Repository/DispensaryToStore/Page_Dispensary Store/select_--Select--Adernaline 0.'

2018-06-09 16:15:56 - [TEST_STEP][PASSED] - setText: Text '10' is set on object 'Object Repository/DispensaryToStore/Page_Dispensary Store/input_txttreat'

2018-06-09 16:15:57 - [MESSAGE][PASSED] - Text '10' is set on object 'Object Repository/DispensaryToStore/Page_Dispensary Store/input_txttreat'

2018-06-09 16:15:57 - [TEST_STEP][PASSED] - click: Object: 'Object Repository/DispensaryToStore/Page_Dispensary Store/button_Add' is clicked on

2018-06-09 16:15:57 - [MESSAGE][PASSED] - Object: 'Object Repository/DispensaryToStore/Page_Dispensary Store/button_Add' is clicked on

2018-06-09 16:15:57 - [TEST_STEP][PASSED] - selectOptionByIndex: All options with index in [9] are selected on object 'Object Repository/DispensaryToStore/Page_Dispensary Store/select_--Select--Schedule 1Inj'

2018-06-09 16:15:57 - [MESSAGE][PASSED] - All options with index in [9] are selected on object 'Object Repository/DispensaryToStore/Page_Dispensary Store/select_--Select--Schedule 1Inj'

2018-06-09 16:15:57 - [TEST_STEP][PASSED] - selectOptionByIndex: All options with index in [11] are selected on object 'Object Repository/DispensaryToStore/Page_Dispensary Store/select_--Select--Adernaline 0.'

2018-06-09 16:15:57 - [MESSAGE][PASSED] - All options with index in [11] are selected on object 'Object Repository/DispensaryToStore/Page_Dispensary Store/select_--Select--Adernaline 0.'

2018-06-09 16:15:57 - [TEST_STEP][PASSED] - setText: Text '10' is set on object 'Object Repository/DispensaryToStore/Page_Dispensary Store/input_txttreat'

2018-06-09 16:15:57 - [MESSAGE][PASSED] - Text '10' is set on object 'Object Repository/DispensaryToStore/Page_Dispensary Store/input_txttreat'

2018-06-09 16:15:57 - [TEST_STEP][PASSED] - click: Object: 'Object Repository/DispensaryToStore/Page_Dispensary Store/button_Add' is clicked on

2018-06-09 16:15:57 - [MESSAGE][PASSED] - Object: 'Object Repository/DispensaryToStore/Page_Dispensary Store/button_Add' is clicked on

2018-06-09 16:15:57 - [TEST_STEP][PASSED] - selectOptionByIndex: All options with index in [9] are selected on object 'Object Repository/DispensaryToStore/Page_Dispensary Store/select_--Select--Schedule 1Inj'

2018-06-09 16:15:58 - [MESSAGE][PASSED] - All options with index in [9] are selected on object 'Object Repository/DispensaryToStore/Page_Dispensary Store/select_--Select--Schedule 1Inj'

2018-06-09 16:15:58 - [TEST_STEP][PASSED] - selectOptionByIndex: All options with index in [12] are selected on object 'Object Repository/DispensaryToStore/Page_Dispensary Store/select_--Select--Adernaline 0.'

2018-06-09 16:15:58 - [MESSAGE][PASSED] - All options with index in [12] are selected on object 'Object Repository/DispensaryToStore/Page_Dispensary Store/select_--Select--Adernaline 0.'

2018-06-09 16:15:58 - [TEST_STEP][PASSED] - setText: Text '10' is set on object 'Object Repository/DispensaryToStore/Page_Dispensary Store/input_txttreat'

2018-06-09 16:15:58 - [MESSAGE][PASSED] - Text '10' is set on object 'Object Repository/DispensaryToStore/Page_Dispensary Store/input_txttreat'

2018-06-09 16:15:58 - [TEST_STEP][PASSED] - click: Object: 'Object Repository/DispensaryToStore/Page_Dispensary Store/button_Add' is clicked on

2018-06-09 16:15:58 - [MESSAGE][PASSED] - Object: 'Object Repository/DispensaryToStore/Page_Dispensary Store/button_Add' is clicked on

2018-06-09 16:15:58 - [TEST_STEP][PASSED] - selectOptionByIndex: All options with index in [9] are selected on object 'Object Repository/DispensaryToStore/Page_Dispensary Store/select_--Select--Schedule 1Inj'

2018-06-09 16:15:58 - [MESSAGE][PASSED] - All options with index in [9] are selected on object 'Object Repository/DispensaryToStore/Page_Dispensary Store/select_--Select--Schedule 1Inj'

2018-06-09 16:15:58 - [TEST_STEP][PASSED] - selectOptionByIndex: All options with index in [13] are selected on object 'Object Repository/DispensaryToStore/Page_Dispensary Store/select_--Select--Adernaline 0.'

2018-06-09 16:15:59 - [MESSAGE][PASSED] - All options with index in [13] are selected on object 'Object Repository/DispensaryToStore/Page_Dispensary Store/select_--Select--Adernaline 0.'

2018-06-09 16:15:59 - [TEST_STEP][PASSED] - setText: Text '10' is set on object 'Object Repository/DispensaryToStore/Page_Dispensary Store/input_txttreat'

2018-06-09 16:15:59 - [MESSAGE][PASSED] - Text '10' is set on object 'Object Repository/DispensaryToStore/Page_Dispensary Store/input_txttreat'

2018-06-09 16:15:59 - [TEST_STEP][PASSED] - click: Object: 'Object Repository/DispensaryToStore/Page_Dispensary Store/button_Add' is clicked on

2018-06-09 16:15:59 - [MESSAGE][PASSED] - Object: 'Object Repository/DispensaryToStore/Page_Dispensary Store/button_Add' is clicked on

2018-06-09 16:15:59 - [TEST_STEP][PASSED] - selectOptionByIndex: All options with index in [9] are selected on object 'Object Repository/DispensaryToStore/Page_Dispensary Store/select_--Select--Schedule 1Inj'

2018-06-09 16:15:59 - [MESSAGE][PASSED] - All options with index in [9] are selected on object 'Object Repository/DispensaryToStore/Page_Dispensary Store/select_--Select--Schedule 1Inj'

2018-06-09 16:15:59 - [TEST_STEP][PASSED] - selectOptionByIndex: All options with index in [14] are selected on object 'Object Repository/DispensaryToStore/Page_Dispensary Store/select_--Select--Adernaline 0.'

2018-06-09 16:15:59 - [MESSAGE][PASSED] - All options with index in [14] are selected on object 'Object Repository/DispensaryToStore/Page_Dispensary Store/select_--Select--Adernaline 0.'

2018-06-09 16:15:59 - [TEST_STEP][PASSED] - setText: Text '10' is set on object 'Object Repository/DispensaryToStore/Page_Dispensary Store/input_txttreat'

2018-06-09 16:15:59 - [MESSAGE][PASSED] - Text '10' is set on object 'Object Repository/DispensaryToStore/Page_Dispensary Store/input_txttreat'

2018-06-09 16:15:59 - [TEST_STEP][PASSED] - click: Object: 'Object Repository/DispensaryToStore/Page_Dispensary Store/button_Add' is clicked on

2018-06-09 16:15:59 - [MESSAGE][PASSED] - Object: 'Object Repository/DispensaryToStore/Page_Dispensary Store/button_Add' is clicked on

2018-06-09 16:15:59 - [TEST_STEP][PASSED] - selectOptionByIndex: All options with index in [9] are selected on object 'Object Repository/DispensaryToStore/Page_Dispensary Store/select_--Select--Schedule 1Inj'

2018-06-09 16:16:00 - [MESSAGE][PASSED] - All options with index in [9] are selected on object 'Object Repository/DispensaryToStore/Page_Dispensary Store/select_--Select--Schedule 1Inj'

2018-06-09 16:16:00 - [TEST_STEP][PASSED] - selectOptionByIndex: All options with index in [15] are selected on object 'Object Repository/DispensaryToStore/Page_Dispensary Store/select_--Select--Adernaline 0.'

2018-06-09 16:16:00 - [MESSAGE][PASSED] - All options with index in [15] are selected on object 'Object Repository/DispensaryToStore/Page_Dispensary Store/select_--Select--Adernaline 0.'

2018-06-09 16:16:00 - [TEST_STEP][PASSED] - setText: Text '10' is set on object 'Object Repository/DispensaryToStore/Page_Dispensary Store/input_txttreat'

2018-06-09 16:16:00 - [MESSAGE][PASSED] - Text '10' is set on object 'Object Repository/DispensaryToStore/Page_Dispensary Store/input_txttreat'

2018-06-09 16:16:00 - [TEST_STEP][PASSED] - click: Object: 'Object Repository/DispensaryToStore/Page_Dispensary Store/button_Add' is clicked on

2018-06-09 16:16:00 - [MESSAGE][PASSED] - Object: 'Object Repository/DispensaryToStore/Page_Dispensary Store/button_Add' is clicked on

2018-06-09 16:16:00 - [TEST_STEP][PASSED] - selectOptionByIndex: All options with index in [9] are selected on object 'Object Repository/DispensaryToStore/Page_Dispensary Store/select_--Select--Schedule 1Inj'

2018-06-09 16:16:00 - [MESSAGE][PASSED] - All options with index in [9] are selected on object 'Object Repository/DispensaryToStore/Page_Dispensary Store/select_--Select--Schedule 1Inj'

2018-06-09 16:16:00 - [TEST_STEP][PASSED] - selectOptionByIndex: All options with index in [16] are selected on object 'Object Repository/DispensaryToStore/Page_Dispensary Store/select_--Select--Adernaline 0.'

2018-06-09 16:16:01 - [MESSAGE][PASSED] - All options with index in [16] are selected on object 'Object Repository/DispensaryToStore/Page_Dispensary Store/select_--Select--Adernaline 0.'

2018-06-09 16:16:01 - [TEST_STEP][PASSED] - setText: Text '10' is set on object 'Object Repository/DispensaryToStore/Page_Dispensary Store/input_txttreat'

2018-06-09 16:16:01 - [MESSAGE][PASSED] - Text '10' is set on object 'Object Repository/DispensaryToStore/Page_Dispensary Store/input_txttreat'

2018-06-09 16:16:01 - [TEST_STEP][PASSED] - click: Object: 'Object Repository/DispensaryToStore/Page_Dispensary Store/button_Add' is clicked on

2018-06-09 16:16:01 - [MESSAGE][PASSED] - Object: 'Object Repository/DispensaryToStore/Page_Dispensary Store/button_Add' is clicked on

2018-06-09 16:16:01 - [TEST_STEP][PASSED] - selectOptionByIndex: All options with index in [9] are selected on object 'Object Repository/DispensaryToStore/Page_Dispensary Store/select_--Select--Schedule 1Inj'

2018-06-09 16:16:01 - [MESSAGE][PASSED] - All options with index in [9] are selected on object 'Object Repository/DispensaryToStore/Page_Dispensary Store/select_--Select--Schedule 1Inj'

2018-06-09 16:16:01 - [TEST_STEP][PASSED] - selectOptionByIndex: All options with index in [17] are selected on object 'Object Repository/DispensaryToStore/Page_Dispensary Store/select_--Select--Adernaline 0.'

2018-06-09 16:16:01 - [MESSAGE][PASSED] - All options with index in [17] are selected on object 'Object Repository/DispensaryToStore/Page_Dispensary Store/select_--Select--Adernaline 0.'

2018-06-09 16:16:01 - [TEST_STEP][PASSED] - setText: Text '10' is set on object 'Object Repository/DispensaryToStore/Page_Dispensary Store/input_txttreat'

2018-06-09 16:16:02 - [MESSAGE][PASSED] - Text '10' is set on object 'Object Repository/DispensaryToStore/Page_Dispensary Store/input_txttreat'

2018-06-09 16:16:02 - [TEST_STEP][PASSED] - click: Object: 'Object Repository/DispensaryToStore/Page_Dispensary Store/button_Add' is clicked on

2018-06-09 16:16:02 - [MESSAGE][PASSED] - Object: 'Object Repository/DispensaryToStore/Page_Dispensary Store/button_Add' is clicked on

2018-06-09 16:16:02 - [TEST_STEP][PASSED] - selectOptionByIndex: All options with index in [9] are selected on object 'Object Repository/DispensaryToStore/Page_Dispensary Store/select_--Select--Schedule 1Inj'

2018-06-09 16:16:02 - [MESSAGE][PASSED] - All options with index in [9] are selected on object 'Object Repository/DispensaryToStore/Page_Dispensary Store/select_--Select--Schedule 1Inj'

2018-06-09 16:16:02 - [TEST_STEP][PASSED] - selectOptionByIndex: All options with index in [18] are selected on object 'Object Repository/DispensaryToStore/Page_Dispensary Store/select_--Select--Adernaline 0.'

2018-06-09 16:16:02 - [MESSAGE][PASSED] - All options with index in [18] are selected on object 'Object Repository/DispensaryToStore/Page_Dispensary Store/select_--Select--Adernaline 0.'

2018-06-09 16:16:02 - [TEST_STEP][PASSED] - setText: Text '10' is set on object 'Object Repository/DispensaryToStore/Page_Dispensary Store/input_txttreat'

2018-06-09 16:16:02 - [MESSAGE][PASSED] - Text '10' is set on object 'Object Repository/DispensaryToStore/Page_Dispensary Store/input_txttreat'

2018-06-09 16:16:02 - [TEST_STEP][PASSED] - click: Object: 'Object Repository/DispensaryToStore/Page_Dispensary Store/button_Add' is clicked on

2018-06-09 16:16:02 - [MESSAGE][PASSED] - Object: 'Object Repository/DispensaryToStore/Page_Dispensary Store/button_Add' is clicked on

2018-06-09 16:16:02 - [TEST_STEP][PASSED] - selectOptionByIndex: All options with index in [9] are selected on object 'Object Repository/DispensaryToStore/Page_Dispensary Store/select_--Select--Schedule 1Inj'

2018-06-09 16:16:03 - [MESSAGE][PASSED] - All options with index in [9] are selected on object 'Object Repository/DispensaryToStore/Page_Dispensary Store/select_--Select--Schedule 1Inj'

2018-06-09 16:16:03 - [TEST_STEP][PASSED] - selectOptionByIndex: All options with index in [19] are selected on object 'Object Repository/DispensaryToStore/Page_Dispensary Store/select_--Select--Adernaline 0.'

2018-06-09 16:16:03 - [MESSAGE][PASSED] - All options with index in [19] are selected on object 'Object Repository/DispensaryToStore/Page_Dispensary Store/select_--Select--Adernaline 0.'

2018-06-09 16:16:03 - [TEST_STEP][PASSED] - setText: Text '10' is set on object 'Object Repository/DispensaryToStore/Page_Dispensary Store/input_txttreat'

2018-06-09 16:16:03 - [MESSAGE][PASSED] - Text '10' is set on object 'Object Repository/DispensaryToStore/Page_Dispensary Store/input_txttreat'

2018-06-09 16:16:03 - [TEST_STEP][PASSED] - click: Object: 'Object Repository/DispensaryToStore/Page_Dispensary Store/button_Add' is clicked on

2018-06-09 16:16:03 - [MESSAGE][PASSED] - Object: 'Object Repository/DispensaryToStore/Page_Dispensary Store/button_Add' is clicked on

2018-06-09 16:16:03 - [TEST_STEP][PASSED] - selectOptionByIndex: All options with index in [9] are selected on object 'Object Repository/DispensaryToStore/Page_Dispensary Store/select_--Select--Schedule 1Inj'

2018-06-09 16:16:03 - [MESSAGE][PASSED] - All options with index in [9] are selected on object 'Object Repository/DispensaryToStore/Page_Dispensary Store/select_--Select--Schedule 1Inj'

2018-06-09 16:16:03 - [TEST_STEP][PASSED] - selectOptionByIndex: All options with index in [20] are selected on object 'Object Repository/DispensaryToStore/Page_Dispensary Store/select_--Select--Adernaline 0.'

2018-06-09 16:16:04 - [MESSAGE][PASSED] - All options with index in [20] are selected on object 'Object Repository/DispensaryToStore/Page_Dispensary Store/select_--Select--Adernaline 0.'

2018-06-09 16:16:04 - [TEST_STEP][PASSED] - setText: Text '10' is set on object 'Object Repository/DispensaryToStore/Page_Dispensary Store/input_txttreat'

2018-06-09 16:16:04 - [MESSAGE][PASSED] - Text '10' is set on object 'Object Repository/DispensaryToStore/Page_Dispensary Store/input_txttreat'

2018-06-09 16:16:04 - [TEST_STEP][PASSED] - click: Object: 'Object Repository/DispensaryToStore/Page_Dispensary Store/button_Add' is clicked on

2018-06-09 16:16:04 - [MESSAGE][PASSED] - Object: 'Object Repository/DispensaryToStore/Page_Dispensary Store/button_Add' is clicked on

2018-06-09 16:16:04 - [TEST_STEP][PASSED] - selectOptionByIndex: All options with index in [9] are selected on object 'Object Repository/DispensaryToStore/Page_Dispensary Store/select_--Select--Schedule 1Inj'

2018-06-09 16:16:04 - [MESSAGE][PASSED] - All options with index in [9] are selected on object 'Object Repository/DispensaryToStore/Page_Dispensary Store/select_--Select--Schedule 1Inj'

2018-06-09 16:16:04 - [TEST_STEP][PASSED] - selectOptionByIndex: All options with index in [21] are selected on object 'Object Repository/DispensaryToStore/Page_Dispensary Store/select_--Select--Adernaline 0.'

2018-06-09 16:16:05 - [MESSAGE][PASSED] - All options with index in [21] are selected on object 'Object Repository/DispensaryToStore/Page_Dispensary Store/select_--Select--Adernaline 0.'

2018-06-09 16:16:05 - [TEST_STEP][PASSED] - setText: Text '10' is set on object 'Object Repository/DispensaryToStore/Page_Dispensary Store/input_txttreat'

2018-06-09 16:16:05 - [MESSAGE][PASSED] - Text '10' is set on object 'Object Repository/DispensaryToStore/Page_Dispensary Store/input_txttreat'

2018-06-09 16:16:05 - [TEST_STEP][PASSED] - click: Object: 'Object Repository/DispensaryToStore/Page_Dispensary Store/button_Add' is clicked on

2018-06-09 16:16:05 - [MESSAGE][PASSED] - Object: 'Object Repository/DispensaryToStore/Page_Dispensary Store/button_Add' is clicked on

2018-06-09 16:16:05 - [TEST_STEP][PASSED] - selectOptionByIndex: All options with index in [9] are selected on object 'Object Repository/DispensaryToStore/Page_Dispensary Store/select_--Select--Schedule 1Inj'

2018-06-09 16:16:05 - [MESSAGE][PASSED] - All options with index in [9] are selected on object 'Object Repository/DispensaryToStore/Page_Dispensary Store/select_--Select--Schedule 1Inj'

2018-06-09 16:16:05 - [TEST_STEP][PASSED] - selectOptionByIndex: All options with index in [22] are selected on object 'Object Repository/DispensaryToStore/Page_Dispensary Store/select_--Select--Adernaline 0.'

2018-06-09 16:16:05 - [MESSAGE][PASSED] - All options with index in [22] are selected on object 'Object Repository/DispensaryToStore/Page_Dispensary Store/select_--Select--Adernaline 0.'

2018-06-09 16:16:05 - [TEST_STEP][PASSED] - setText: Text '10' is set on object 'Object Repository/DispensaryToStore/Page_Dispensary Store/input_txttreat'

2018-06-09 16:16:05 - [MESSAGE][PASSED] - Text '10' is set on object 'Object Repository/DispensaryToStore/Page_Dispensary Store/input_txttreat'

2018-06-09 16:16:05 - [TEST_STEP][PASSED] - click: Object: 'Object Repository/DispensaryToStore/Page_Dispensary Store/button_Add' is clicked on

2018-06-09 16:16:06 - [MESSAGE][PASSED] - Object: 'Object Repository/DispensaryToStore/Page_Dispensary Store/button_Add' is clicked on

2018-06-09 16:16:06 - [TEST_STEP][PASSED] - selectOptionByIndex: All options with index in [9] are selected on object 'Object Repository/DispensaryToStore/Page_Dispensary Store/select_--Select--Schedule 1Inj'

2018-06-09 16:16:06 - [MESSAGE][PASSED] - All options with index in [9] are selected on object 'Object Repository/DispensaryToStore/Page_Dispensary Store/select_--Select--Schedule 1Inj'

2018-06-09 16:16:06 - [TEST_STEP][PASSED] - selectOptionByIndex: All options with index in [23] are selected on object 'Object Repository/DispensaryToStore/Page_Dispensary Store/select_--Select--Adernaline 0.'

2018-06-09 16:16:06 - [MESSAGE][PASSED] - All options with index in [23] are selected on object 'Object Repository/DispensaryToStore/Page_Dispensary Store/select_--Select--Adernaline 0.'

2018-06-09 16:16:06 - [TEST_STEP][PASSED] - setText: Text '10' is set on object 'Object Repository/DispensaryToStore/Page_Dispensary Store/input_txttreat'

2018-06-09 16:16:06 - [MESSAGE][PASSED] - Text '10' is set on object 'Object Repository/DispensaryToStore/Page_Dispensary Store/input_txttreat'

2018-06-09 16:16:06 - [TEST_STEP][PASSED] - click: Object: 'Object Repository/DispensaryToStore/Page_Dispensary Store/button_Add' is clicked on

2018-06-09 16:16:06 - [MESSAGE][PASSED] - Object: 'Object Repository/DispensaryToStore/Page_Dispensary Store/button_Add' is clicked on

2018-06-09 16:16:06 - [TEST_STEP][PASSED] - selectOptionByIndex: All options with index in [9] are selected on object 'Object Repository/DispensaryToStore/Page_Dispensary Store/select_--Select--Schedule 1Inj'

2018-06-09 16:16:07 - [MESSAGE][PASSED] - All options with index in [9] are selected on object 'Object Repository/DispensaryToStore/Page_Dispensary Store/select_--Select--Schedule 1Inj'

2018-06-09 16:16:07 - [TEST_STEP][PASSED] - selectOptionByIndex: All options with index in [24] are selected on object 'Object Repository/DispensaryToStore/Page_Dispensary Store/select_--Select--Adernaline 0.'

2018-06-09 16:16:07 - [MESSAGE][PASSED] - All options with index in [24] are selected on object 'Object Repository/DispensaryToStore/Page_Dispensary Store/select_--Select--Adernaline 0.'

2018-06-09 16:16:07 - [TEST_STEP][PASSED] - setText: Text '10' is set on object 'Object Repository/DispensaryToStore/Page_Dispensary Store/input_txttreat'

2018-06-09 16:16:07 - [MESSAGE][PASSED] - Text '10' is set on object 'Object Repository/DispensaryToStore/Page_Dispensary Store/input_txttreat'

2018-06-09 16:16:07 - [TEST_STEP][PASSED] - click: Object: 'Object Repository/DispensaryToStore/Page_Dispensary Store/button_Add' is clicked on

2018-06-09 16:16:07 - [MESSAGE][PASSED] - Object: 'Object Repository/DispensaryToStore/Page_Dispensary Store/button_Add' is clicked on

2018-06-09 16:16:07 - [TEST_STEP][PASSED] - selectOptionByIndex: All options with index in [9] are selected on object 'Object Repository/DispensaryToStore/Page_Dispensary Store/select_--Select--Schedule 1Inj'

2018-06-09 16:16:07 - [MESSAGE][PASSED] - All options with index in [9] are selected on object 'Object Repository/DispensaryToStore/Page_Dispensary Store/select_--Select--Schedule 1Inj'

2018-06-09 16:16:07 - [TEST_STEP][PASSED] - selectOptionByIndex: All options with index in [25] are selected on object 'Object Repository/DispensaryToStore/Page_Dispensary Store/select_--Select--Adernaline 0.'

2018-06-09 16:16:08 - [MESSAGE][PASSED] - All options with index in [25] are selected on object 'Object Repository/DispensaryToStore/Page_Dispensary Store/select_--Select--Adernaline 0.'

2018-06-09 16:16:08 - [TEST_STEP][PASSED] - setText: Text '10' is set on object 'Object Repository/DispensaryToStore/Page_Dispensary Store/input_txttreat'

2018-06-09 16:16:08 - [MESSAGE][PASSED] - Text '10' is set on object 'Object Repository/DispensaryToStore/Page_Dispensary Store/input_txttreat'

2018-06-09 16:16:08 - [TEST_STEP][PASSED] - click: Object: 'Object Repository/DispensaryToStore/Page_Dispensary Store/button_Add' is clicked on

2018-06-09 16:16:08 - [MESSAGE][PASSED] - Object: 'Object Repository/DispensaryToStore/Page_Dispensary Store/button_Add' is clicked on

2018-06-09 16:16:08 - [TEST_STEP][PASSED] - selectOptionByIndex: All options with index in [9] are selected on object 'Object Repository/DispensaryToStore/Page_Dispensary Store/select_--Select--Schedule 1Inj'

2018-06-09 16:16:08 - [MESSAGE][PASSED] - All options with index in [9] are selected on object 'Object Repository/DispensaryToStore/Page_Dispensary Store/select_--Select--Schedule 1Inj'

2018-06-09 16:16:08 - [TEST_STEP][PASSED] - selectOptionByIndex: All options with index in [26] are selected on object 'Object Repository/DispensaryToStore/Page_Dispensary Store/select_--Select--Adernaline 0.'

2018-06-09 16:16:09 - [MESSAGE][PASSED] - All options with index in [26] are selected on object 'Object Repository/DispensaryToStore/Page_Dispensary Store/select_--Select--Adernaline 0.'

2018-06-09 16:16:09 - [TEST_STEP][PASSED] - setText: Text '10' is set on object 'Object Repository/DispensaryToStore/Page_Dispensary Store/input_txttreat'

2018-06-09 16:16:09 - [MESSAGE][PASSED] - Text '10' is set on object 'Object Repository/DispensaryToStore/Page_Dispensary Store/input_txttreat'

2018-06-09 16:16:09 - [TEST_STEP][PASSED] - click: Object: 'Object Repository/DispensaryToStore/Page_Dispensary Store/button_Add' is clicked on

2018-06-09 16:16:09 - [MESSAGE][PASSED] - Object: 'Object Repository/DispensaryToStore/Page_Dispensary Store/button_Add' is clicked on

2018-06-09 16:16:09 - [TEST_STEP][PASSED] - selectOptionByIndex: All options with index in [9] are selected on object 'Object Repository/DispensaryToStore/Page_Dispensary Store/select_--Select--Schedule 1Inj'

2018-06-09 16:16:09 - [MESSAGE][PASSED] - All options with index in [9] are selected on object 'Object Repository/DispensaryToStore/Page_Dispensary Store/select_--Select--Schedule 1Inj'

2018-06-09 16:16:09 - [TEST_STEP][PASSED] - selectOptionByIndex: All options with index in [27] are selected on object 'Object Repository/DispensaryToStore/Page_Dispensary Store/select_--Select--Adernaline 0.'

2018-06-09 16:16:10 - [MESSAGE][PASSED] - All options with index in [27] are selected on object 'Object Repository/DispensaryToStore/Page_Dispensary Store/select_--Select--Adernaline 0.'

2018-06-09 16:16:10 - [TEST_STEP][PASSED] - setText: Text '10' is set on object 'Object Repository/DispensaryToStore/Page_Dispensary Store/input_txttreat'

2018-06-09 16:16:10 - [MESSAGE][PASSED] - Text '10' is set on object 'Object Repository/DispensaryToStore/Page_Dispensary Store/input_txttreat'

2018-06-09 16:16:10 - [TEST_STEP][PASSED] - click: Object: 'Object Repository/DispensaryToStore/Page_Dispensary Store/button_Add' is clicked on

2018-06-09 16:16:10 - [MESSAGE][PASSED] - Object: 'Object Repository/DispensaryToStore/Page_Dispensary Store/button_Add' is clicked on

2018-06-09 16:16:10 - [TEST_STEP][PASSED] - selectOptionByIndex: All options with index in [9] are selected on object 'Object Repository/DispensaryToStore/Page_Dispensary Store/select_--Select--Schedule 1Inj'

2018-06-09 16:16:10 - [MESSAGE][PASSED] - All options with index in [9] are selected on object 'Object Repository/DispensaryToStore/Page_Dispensary Store/select_--Select--Schedule 1Inj'

2018-06-09 16:16:10 - [TEST_STEP][PASSED] - selectOptionByIndex: All options with index in [28] are selected on object 'Object Repository/DispensaryToStore/Page_Dispensary Store/select_--Select--Adernaline 0.'

2018-06-09 16:16:10 - [MESSAGE][PASSED] - All options with index in [28] are selected on object 'Object Repository/DispensaryToStore/Page_Dispensary Store/select_--Select--Adernaline 0.'

2018-06-09 16:16:10 - [TEST_STEP][PASSED] - setText: Text '10' is set on object 'Object Repository/DispensaryToStore/Page_Dispensary Store/input_txttreat'

2018-06-09 16:16:10 - [MESSAGE][PASSED] - Text '10' is set on object 'Object Repository/DispensaryToStore/Page_Dispensary Store/input_txttreat'

2018-06-09 16:16:10 - [TEST_STEP][PASSED] - click: Object: 'Object Repository/DispensaryToStore/Page_Dispensary Store/button_Add' is clicked on

2018-06-09 16:16:11 - [MESSAGE][PASSED] - Object: 'Object Repository/DispensaryToStore/Page_Dispensary Store/button_Add' is clicked on

2018-06-09 16:16:11 - [TEST_STEP][PASSED] - selectOptionByIndex: All options with index in [9] are selected on object 'Object Repository/DispensaryToStore/Page_Dispensary Store/select_--Select--Schedule 1Inj'

2018-06-09 16:16:11 - [MESSAGE][PASSED] - All options with index in [9] are selected on object 'Object Repository/DispensaryToStore/Page_Dispensary Store/select_--Select--Schedule 1Inj'

2018-06-09 16:16:11 - [TEST_STEP][PASSED] - selectOptionByIndex: All options with index in [29] are selected on object 'Object Repository/DispensaryToStore/Page_Dispensary Store/select_--Select--Adernaline 0.'

2018-06-09 16:16:11 - [MESSAGE][PASSED] - All options with index in [29] are selected on object 'Object Repository/DispensaryToStore/Page_Dispensary Store/select_--Select--Adernaline 0.'

2018-06-09 16:16:11 - [TEST_STEP][PASSED] - setText: Text '10' is set on object 'Object Repository/DispensaryToStore/Page_Dispensary Store/input_txttreat'

2018-06-09 16:16:11 - [MESSAGE][PASSED] - Text '10' is set on object 'Object Repository/DispensaryToStore/Page_Dispensary Store/input_txttreat'

2018-06-09 16:16:11 - [TEST_STEP][PASSED] - click: Object: 'Object Repository/DispensaryToStore/Page_Dispensary Store/button_Add' is clicked on

2018-06-09 16:16:11 - [MESSAGE][PASSED] - Object: 'Object Repository/DispensaryToStore/Page_Dispensary Store/button_Add' is clicked on

2018-06-09 16:16:11 - [TEST_STEP][PASSED] - selectOptionByIndex: All options with index in [9] are selected on object 'Object Repository/DispensaryToStore/Page_Dispensary Store/select_--Select--Schedule 1Inj'

2018-06-09 16:16:12 - [MESSAGE][PASSED] - All options with index in [9] are selected on object 'Object Repository/DispensaryToStore/Page_Dispensary Store/select_--Select--Schedule 1Inj'

2018-06-09 16:16:12 - [TEST_STEP][PASSED] - selectOptionByIndex: All options with index in [30] are selected on object 'Object Repository/DispensaryToStore/Page_Dispensary Store/select_--Select--Adernaline 0.'

2018-06-09 16:16:12 - [MESSAGE][PASSED] - All options with index in [30] are selected on object 'Object Repository/DispensaryToStore/Page_Dispensary Store/select_--Select--Adernaline 0.'

2018-06-09 16:16:12 - [TEST_STEP][PASSED] - setText: Text '10' is set on object 'Object Repository/DispensaryToStore/Page_Dispensary Store/input_txttreat'

2018-06-09 16:16:12 - [MESSAGE][PASSED] - Text '10' is set on object 'Object Repository/DispensaryToStore/Page_Dispensary Store/input_txttreat'

2018-06-09 16:16:12 - [TEST_STEP][PASSED] - click: Object: 'Object Repository/DispensaryToStore/Page_Dispensary Store/button_Add' is clicked on

2018-06-09 16:16:12 - [MESSAGE][PASSED] - Object: 'Object Repository/DispensaryToStore/Page_Dispensary Store/button_Add' is clicked on

2018-06-09 16:16:12 - [TEST_STEP][PASSED] - selectOptionByIndex: All options with index in [9] are selected on object 'Object Repository/DispensaryToStore/Page_Dispensary Store/select_--Select--Schedule 1Inj'

2018-06-09 16:16:13 - [MESSAGE][PASSED] - All options with index in [9] are selected on object 'Object Repository/DispensaryToStore/Page_Dispensary Store/select_--Select--Schedule 1Inj'

2018-06-09 16:16:13 - [TEST_STEP][PASSED] - selectOptionByIndex: All options with index in [31] are selected on object 'Object Repository/DispensaryToStore/Page_Dispensary Store/select_--Select--Adernaline 0.'

2018-06-09 16:16:13 - [MESSAGE][PASSED] - All options with index in [31] are selected on object 'Object Repository/DispensaryToStore/Page_Dispensary Store/select_--Select--Adernaline 0.'

2018-06-09 16:16:13 - [TEST_STEP][PASSED] - setText: Text '10' is set on object 'Object Repository/DispensaryToStore/Page_Dispensary Store/input_txttreat'

2018-06-09 16:16:13 - [MESSAGE][PASSED] - Text '10' is set on object 'Object Repository/DispensaryToStore/Page_Dispensary Store/input_txttreat'

2018-06-09 16:16:13 - [TEST_STEP][PASSED] - click: Object: 'Object Repository/DispensaryToStore/Page_Dispensary Store/button_Add' is clicked on

2018-06-09 16:16:13 - [MESSAGE][PASSED] - Object: 'Object Repository/DispensaryToStore/Page_Dispensary Store/button_Add' is clicked on

2018-06-09 16:16:13 - [TEST_STEP][PASSED] - selectOptionByIndex: All options with index in [9] are selected on object 'Object Repository/DispensaryToStore/Page_Dispensary Store/select_--Select--Schedule 1Inj'

2018-06-09 16:16:13 - [MESSAGE][PASSED] - All options with index in [9] are selected on object 'Object Repository/DispensaryToStore/Page_Dispensary Store/select_--Select--Schedule 1Inj'

2018-06-09 16:16:13 - [TEST_STEP][PASSED] - selectOptionByIndex: All options with index in [32] are selected on object 'Object Repository/DispensaryToStore/Page_Dispensary Store/select_--Select--Adernaline 0.'

2018-06-09 16:16:14 - [MESSAGE][PASSED] - All options with index in [32] are selected on object 'Object Repository/DispensaryToStore/Page_Dispensary Store/select_--Select--Adernaline 0.'

2018-06-09 16:16:14 - [TEST_STEP][PASSED] - setText: Text '10' is set on object 'Object Repository/DispensaryToStore/Page_Dispensary Store/input_txttreat'

2018-06-09 16:16:14 - [MESSAGE][PASSED] - Text '10' is set on object 'Object Repository/DispensaryToStore/Page_Dispensary Store/input_txttreat'

2018-06-09 16:16:14 - [TEST_STEP][PASSED] - click: Object: 'Object Repository/DispensaryToStore/Page_Dispensary Store/button_Add' is clicked on

2018-06-09 16:16:14 - [MESSAGE][PASSED] - Object: 'Object Repository/DispensaryToStore/Page_Dispensary Store/button_Add' is clicked on

2018-06-09 16:16:14 - [TEST_STEP][PASSED] - selectOptionByIndex: All options with index in [9] are selected on object 'Object Repository/DispensaryToStore/Page_Dispensary Store/select_--Select--Schedule 1Inj'

2018-06-09 16:16:14 - [MESSAGE][PASSED] - All options with index in [9] are selected on object 'Object Repository/DispensaryToStore/Page_Dispensary Store/select_--Select--Schedule 1Inj'

2018-06-09 16:16:14 - [TEST_STEP][PASSED] - selectOptionByIndex: All options with index in [33] are selected on object 'Object Repository/DispensaryToStore/Page_Dispensary Store/select_--Select--Adernaline 0.'

2018-06-09 16:16:15 - [MESSAGE][PASSED] - All options with index in [33] are selected on object 'Object Repository/DispensaryToStore/Page_Dispensary Store/select_--Select--Adernaline 0.'

2018-06-09 16:16:15 - [TEST_STEP][PASSED] - setText: Text '10' is set on object 'Object Repository/DispensaryToStore/Page_Dispensary Store/input_txttreat'

2018-06-09 16:16:15 - [MESSAGE][PASSED] - Text '10' is set on object 'Object Repository/DispensaryToStore/Page_Dispensary Store/input_txttreat'

2018-06-09 16:16:15 - [TEST_STEP][PASSED] - click: Object: 'Object Repository/DispensaryToStore/Page_Dispensary Store/button_Add' is clicked on

2018-06-09 16:16:15 - [MESSAGE][PASSED] - Object: 'Object Repository/DispensaryToStore/Page_Dispensary Store/button_Add' is clicked on

2018-06-09 16:16:15 - [TEST_STEP][PASSED] - selectOptionByIndex: All options with index in [9] are selected on object 'Object Repository/DispensaryToStore/Page_Dispensary Store/select_--Select--Schedule 1Inj'

2018-06-09 16:16:15 - [MESSAGE][PASSED] - All options with index in [9] are selected on object 'Object Repository/DispensaryToStore/Page_Dispensary Store/select_--Select--Schedule 1Inj'

2018-06-09 16:16:15 - [TEST_STEP][PASSED] - selectOptionByIndex: All options with index in [34] are selected on object 'Object Repository/DispensaryToStore/Page_Dispensary Store/select_--Select--Adernaline 0.'

2018-06-09 16:16:16 - [MESSAGE][PASSED] - All options with index in [34] are selected on object 'Object Repository/DispensaryToStore/Page_Dispensary Store/select_--Select--Adernaline 0.'

2018-06-09 16:16:16 - [TEST_STEP][PASSED] - setText: Text '10' is set on object 'Object Repository/DispensaryToStore/Page_Dispensary Store/input_txttreat'

2018-06-09 16:16:16 - [MESSAGE][PASSED] - Text '10' is set on object 'Object Repository/DispensaryToStore/Page_Dispensary Store/input_txttreat'

2018-06-09 16:16:16 - [TEST_STEP][PASSED] - click: Object: 'Object Repository/DispensaryToStore/Page_Dispensary Store/button_Add' is clicked on

2018-06-09 16:16:16 - [MESSAGE][PASSED] - Object: 'Object Repository/DispensaryToStore/Page_Dispensary Store/button_Add' is clicked on

2018-06-09 16:16:16 - [TEST_STEP][PASSED] - selectOptionByIndex: All options with index in [9] are selected on object 'Object Repository/DispensaryToStore/Page_Dispensary Store/select_--Select--Schedule 1Inj'

2018-06-09 16:16:16 - [MESSAGE][PASSED] - All options with index in [9] are selected on object 'Object Repository/DispensaryToStore/Page_Dispensary Store/select_--Select--Schedule 1Inj'

2018-06-09 16:16:16 - [TEST_STEP][PASSED] - selectOptionByIndex: All options with index in [35] are selected on object 'Object Repository/DispensaryToStore/Page_Dispensary Store/select_--Select--Adernaline 0.'

2018-06-09 16:16:17 - [MESSAGE][PASSED] - All options with index in [35] are selected on object 'Object Repository/DispensaryToStore/Page_Dispensary Store/select_--Select--Adernaline 0.'

2018-06-09 16:16:17 - [TEST_STEP][PASSED] - setText: Text '10' is set on object 'Object Repository/DispensaryToStore/Page_Dispensary Store/input_txttreat'

2018-06-09 16:16:17 - [MESSAGE][PASSED] - Text '10' is set on object 'Object Repository/DispensaryToStore/Page_Dispensary Store/input_txttreat'

2018-06-09 16:16:17 - [TEST_STEP][PASSED] - click: Object: 'Object Repository/DispensaryToStore/Page_Dispensary Store/button_Add' is clicked on

2018-06-09 16:16:17 - [MESSAGE][PASSED] - Object: 'Object Repository/DispensaryToStore/Page_Dispensary Store/button_Add' is clicked on

2018-06-09 16:16:17 - [TEST_STEP][PASSED] - scrollToElement: Scroll to object 'Object Repository/DispensaryToStore/Page_Dispensary Store/input_btnsave' successfully

2018-06-09 16:16:17 - [MESSAGE][PASSED] - Scroll to object 'Object Repository/DispensaryToStore/Page_Dispensary Store/input_btnsave' successfully

2018-06-09 16:16:17 - [TEST_STEP][PASSED] - click: Object: 'Object Repository/DispensaryToStore/Page_Dispensary Store/input_btnsave' is clicked on

2018-06-09 16:16:17 - [MESSAGE][PASSED] - Object: 'Object Repository/DispensaryToStore/Page_Dispensary Store/input_btnsave' is clicked on

2018-06-09 16:16:17 - [TEST_STEP][PASSED] - delay: Delayed 3 second(s)

2018-06-09 16:16:20 - [MESSAGE][PASSED] - Delayed 3 second(s)

2018-06-09 16:16:20 - [TEST_STEP][PASSED] - Statement - RN1 = com.kms.katalon.core.webui.keyword.WebUiBuiltInKeywords.getText(com.kms.katalon.core.testobject.ObjectRepository.findTestObject(DispensaryToStore/Page_Dispensary Store/font_HPRNO180520187)): Text of object 'Object Repository/DispensaryToStore/Page_Dispensary Store/font_HPRNO180520187' is: 'DPRNO/09062018/205'

2018-06-09 16:16:20 - [MESSAGE][PASSED] - Text of object 'Object Repository/DispensaryToStore/Page_Dispensary Store/font_HPRNO180520187' is: 'DPRNO/09062018/205'

2018-06-09 16:16:20 - [TEST_STEP][PASSED] - Statement - out.println(RN1): null

2018-06-09 16:16:20 - [TEST_STEP][PASSED] - Statement - RID = RN1.split("/")[2]: null

2018-06-09 16:16:20 - [TEST_STEP][PASSED] - click: Object: 'Object Repository/DispensaryToStore/Page_Dispensary Store/button_OK' is clicked on

2018-06-09 16:16:21 - [MESSAGE][PASSED] - Object: 'Object Repository/DispensaryToStore/Page_Dispensary Store/button_OK' is clicked on

2018-06-09 16:16:21 - [TEST_STEP][PASSED] - delay: Delayed 3 second(s)

2018-06-09 16:16:24 - [MESSAGE][PASSED] - Delayed 3 second(s)

2018-06-09 16:16:24 - [TEST_STEP][PASSED] - click: Object: 'Object Repository/DispensaryToStore/Page_Dispensary Store/a_dropdown-toggle' is clicked on

2018-06-09 16:16:24 - [MESSAGE][PASSED] - Object: 'Object Repository/DispensaryToStore/Page_Dispensary Store/a_dropdown-toggle' is clicked on

2018-06-09 16:16:24 - [TEST_STEP][PASSED] - click: Object: 'Object Repository/DispensaryToStore/Page_Dispensary Store/a_Sign out' is clicked on

2018-06-09 16:16:25 - [MESSAGE][PASSED] - Object: 'Object Repository/DispensaryToStore/Page_Dispensary Store/a_Sign out' is clicked on

2018-06-09 16:16:25 - [TEST_STEP][PASSED] - delay: Delayed 3 second(s)

2018-06-09 16:16:28 - [MESSAGE][PASSED] - Delayed 3 second(s)

2018-06-09 16:16:28 - [TEST_STEP][PASSED] - navigateToUrl: Navigate to 'http://192.168.137.1/multihospital_new/' successfully

2018-06-09 16:16:28 - [MESSAGE][PASSED] - Navigate to 'http://192.168.137.1/multihospital_new/' successfully

2018-06-09 16:16:28 - [TEST_STEP][PASSED] - click: Object: 'Object Repository/DispensaryToStore/Page_KDMC/a_CMO' is clicked on

2018-06-09 16:16:29 - [MESSAGE][PASSED] - Object: 'Object Repository/DispensaryToStore/Page_KDMC/a_CMO' is clicked on

2018-06-09 16:16:29 - [TEST_STEP][PASSED] - setText: Text 'guru' is set on object 'Object Repository/DispensaryToStore/Page_CMO login/input_txtusername'

2018-06-09 16:16:29 - [MESSAGE][PASSED] - Text 'guru' is set on object 'Object Repository/DispensaryToStore/Page_CMO login/input_txtusername'

2018-06-09 16:16:29 - [TEST_STEP][PASSED] - setText: Text '123' is set on object 'Object Repository/DispensaryToStore/Page_CMO login/input_txtpassword'

2018-06-09 16:16:29 - [MESSAGE][PASSED] - Text '123' is set on object 'Object Repository/DispensaryToStore/Page_CMO login/input_txtpassword'

2018-06-09 16:16:29 - [TEST_STEP][PASSED] - delay: Delayed 3 second(s)

2018-06-09 16:16:32 - [MESSAGE][PASSED] - Delayed 3 second(s)

2018-06-09 16:16:32 - [TEST_STEP][PASSED] - click: Object: 'Object Repository/DispensaryToStore/Page_CMO login/button_Sign in' is clicked on

2018-06-09 16:16:34 - [MESSAGE][PASSED] - Object: 'Object Repository/DispensaryToStore/Page_CMO login/button_Sign in' is clicked on

2018-06-09 16:16:34 - [TEST_STEP][PASSED] - click: Object: 'Object Repository/DispensaryToStore/Page_KDMC - CMO/a_Department Wise Request' is clicked on

2018-06-09 16:16:36 - [MESSAGE][PASSED] - Object: 'Object Repository/DispensaryToStore/Page_KDMC - CMO/a_Department Wise Request' is clicked on

2018-06-09 16:16:36 - [TEST_STEP][PASSED] - delay: Delayed 2 second(s)

2018-06-09 16:16:38 - [MESSAGE][PASSED] - Delayed 2 second(s)

2018-06-09 16:16:38 - [TEST_STEP][PASSED] - selectOptionByIndex: All options with index in [6] are selected on object 'Object Repository/DispensaryToStore/Page_KDMC - CMO/select_--ALL--'

2018-06-09 16:16:38 - [MESSAGE][PASSED] - All options with index in [6] are selected on object 'Object Repository/DispensaryToStore/Page_KDMC - CMO/select_--ALL--'

2018-06-09 16:16:38 - [TEST_STEP][PASSED] - click: Object: 'Object Repository/DispensaryToStore/Page_KDMC - CMO/input_btnsearch' is clicked on

2018-06-09 16:16:38 - [MESSAGE][PASSED] - Object: 'Object Repository/DispensaryToStore/Page_KDMC - CMO/input_btnsearch' is clicked on

2018-06-09 16:16:38 - [TEST_STEP][PASSED] - selectOptionByIndex: All options with index in [1] are selected on object 'Object Repository/DispensaryToStore/Page_KDMC - CMO/select_--ALL--                _1'

2018-06-09 16:16:39 - [MESSAGE][PASSED] - All options with index in [1] are selected on object 'Object Repository/DispensaryToStore/Page_KDMC - CMO/select_--ALL--                _1'

2018-06-09 16:16:39 - [TEST_STEP][PASSED] - click: Object: 'Object Repository/DispensaryToStore/Page_KDMC - CMO/input_btnsearch' is clicked on

2018-06-09 16:16:39 - [MESSAGE][PASSED] - Object: 'Object Repository/DispensaryToStore/Page_KDMC - CMO/input_btnsearch' is clicked on

2018-06-09 16:16:39 - [TEST_STEP][PASSED] - Statement - ID = com.kms.katalon.core.webui.keyword.WebUiBuiltInKeywords.modifyObjectProperty(com.kms.katalon.core.testobject.ObjectRepository.findTestObject(lab/Page_KDMC - CMO/input_1), "xpath", "equals", "//*[@id=" + RID + "]", true): Modify property of object successfully

2018-06-09 16:16:39 - [MESSAGE][PASSED] - Modify property of object successfully

2018-06-09 16:16:39 - [TEST_STEP][PASSED] - click: Object: 'Object Repository/lab/Page_KDMC - CMO/input_1' is clicked on

2018-06-09 16:16:39 - [MESSAGE][PASSED] - Object: 'Object Repository/lab/Page_KDMC - CMO/input_1' is clicked on

2018-06-09 16:16:39 - [TEST_STEP][PASSED] - delay: Delayed 2 second(s)

2018-06-09 16:16:41 - [MESSAGE][PASSED] - Delayed 2 second(s)

2018-06-09 16:16:41 - [TEST_STEP][PASSED] - selectOptionByIndex: All options with index in [1] are selected on object 'Object Repository/DispensaryToStore/Page_KDMC - CMO/select_--Select--'

2018-06-09 16:16:42 - [MESSAGE][PASSED] - All options with index in [1] are selected on object 'Object Repository/DispensaryToStore/Page_KDMC - CMO/select_--Select--'

2018-06-09 16:16:42 - [TEST_STEP][PASSED] - click: Object: 'Object Repository/DispensaryToStore/Page_KDMC - CMO/input_btnupdate' is clicked on

2018-06-09 16:16:42 - [MESSAGE][PASSED] - Object: 'Object Repository/DispensaryToStore/Page_KDMC - CMO/input_btnupdate' is clicked on

2018-06-09 16:16:42 - [TEST_STEP][PASSED] - delay: Delayed 2 second(s)

2018-06-09 16:16:44 - [MESSAGE][PASSED] - Delayed 2 second(s)

2018-06-09 16:16:44 - [TEST_STEP][PASSED] - click: Object: 'Object Repository/DispensaryToStore/Page_KDMC - CMO/button_OK' is clicked on

2018-06-09 16:16:44 - [MESSAGE][PASSED] - Object: 'Object Repository/DispensaryToStore/Page_KDMC - CMO/button_OK' is clicked on

2018-06-09 16:16:44 - [TEST_STEP][PASSED] - delay: Delayed 2 second(s)

2018-06-09 16:16:46 - [MESSAGE][PASSED] - Delayed 2 second(s)

2018-06-09 16:16:46 - [TEST_STEP][PASSED] - click: Object: 'Object Repository/DispensaryToStore/Page_KDMC - CMO/a_dropdown-toggle' is clicked on

2018-06-09 16:16:46 - [MESSAGE][PASSED] - Object: 'Object Repository/DispensaryToStore/Page_KDMC - CMO/a_dropdown-toggle' is clicked on

2018-06-09 16:16:46 - [TEST_STEP][PASSED] - click: Object: 'Object Repository/DispensaryToStore/Page_KDMC - CMO/a_Sign out' is clicked on

2018-06-09 16:16:47 - [MESSAGE][PASSED] - Object: 'Object Repository/DispensaryToStore/Page_KDMC - CMO/a_Sign out' is clicked on

2018-06-09 16:16:47 - [TEST_STEP][PASSED] - delay: Delayed 3 second(s)

2018-06-09 16:16:50 - [MESSAGE][PASSED] - Delayed 3 second(s)

2018-06-09 16:16:50 - [TEST_STEP][PASSED] - click: Object: 'Object Repository/DispensaryToStore/Page_KDMC/a_Divisional Store' is clicked on

2018-06-09 16:16:51 - [MESSAGE][PASSED] - Object: 'Object Repository/DispensaryToStore/Page_KDMC/a_Divisional Store' is clicked on

2018-06-09 16:16:51 - [TEST_STEP][PASSED] - setText: Text 'ragu' is set on object 'Object Repository/DispensaryToStore/Page_Divisonal Store Login/input_txtusername'

2018-06-09 16:16:51 - [MESSAGE][PASSED] - Text 'ragu' is set on object 'Object Repository/DispensaryToStore/Page_Divisonal Store Login/input_txtusername'

2018-06-09 16:16:51 - [TEST_STEP][PASSED] - setText: Text '123' is set on object 'Object Repository/DispensaryToStore/Page_Divisonal Store Login/input_txtpassword'

2018-06-09 16:16:51 - [MESSAGE][PASSED] - Text '123' is set on object 'Object Repository/DispensaryToStore/Page_Divisonal Store Login/input_txtpassword'

2018-06-09 16:16:51 - [TEST_STEP][PASSED] - delay: Delayed 3 second(s)

2018-06-09 16:16:54 - [MESSAGE][PASSED] - Delayed 3 second(s)

2018-06-09 16:16:54 - [TEST_STEP][PASSED] - click: Object: 'Object Repository/DispensaryToStore/Page_Divisonal Store Login/button_Sign in' is clicked on

2018-06-09 16:16:56 - [MESSAGE][PASSED] - Object: 'Object Repository/DispensaryToStore/Page_Divisonal Store Login/button_Sign in' is clicked on

2018-06-09 16:16:56 - [TEST_STEP][PASSED] - delay: Delayed 3 second(s)

2018-06-09 16:16:59 - [MESSAGE][PASSED] - Delayed 3 second(s)

2018-06-09 16:16:59 - [TEST_STEP][PASSED] - scrollToPosition: Browser is scrolled to position x = 100, y = 100

2018-06-09 16:16:59 - [MESSAGE][PASSED] - Browser is scrolled to position x = 100, y = 100

2018-06-09 16:16:59 - [TEST_STEP][PASSED] - click: Object: 'Object Repository/DispensaryToStore/Page_Store/a_Dispensary Request' is clicked on

2018-06-09 16:16:59 - [MESSAGE][PASSED] - Object: 'Object Repository/DispensaryToStore/Page_Store/a_Dispensary Request' is clicked on

2018-06-09 16:16:59 - [TEST_STEP][PASSED] - delay: Delayed 2 second(s)

2018-06-09 16:17:01 - [MESSAGE][PASSED] - Delayed 2 second(s)

2018-06-09 16:17:01 - [TEST_STEP][PASSED] - click: Object: 'Object Repository/DispensaryToStore/Page_Store/a_Request Item Dispensary' is clicked on

2018-06-09 16:17:02 - [MESSAGE][PASSED] - Object: 'Object Repository/DispensaryToStore/Page_Store/a_Request Item Dispensary' is clicked on

2018-06-09 16:17:02 - [TEST_STEP][PASSED] - Statement - ChooseRequest = com.kms.katalon.core.webui.keyword.WebUiBuiltInKeywords.modifyObjectProperty(com.kms.katalon.core.testobject.ObjectRepository.findTestObject(lab/Page_Store/input_1), "xpath", "equals", "//*[@id=" + RID + "]", true): Modify property of object successfully

2018-06-09 16:17:02 - [MESSAGE][PASSED] - Modify property of object successfully

2018-06-09 16:17:02 - [TEST_STEP][PASSED] - click: Object: 'Object Repository/lab/Page_Store/input_1' is clicked on

2018-06-09 16:17:03 - [MESSAGE][PASSED] - Object: 'Object Repository/lab/Page_Store/input_1' is clicked on

2018-06-09 16:17:03 - [TEST_STEP][PASSED] - Statement - selectedoptions = com.kms.katalon.core.webui.keyword.WebUiBuiltInKeywords.getNumberOfTotalOption(com.kms.katalon.core.testobject.ObjectRepository.findTestObject(DispensaryToStore/Page_Store/select_--Select--Adernaline 0.)): 36 options of object 'Object Repository/DispensaryToStore/Page_Store/select_--Select--Adernaline 0.' counted

2018-06-09 16:17:03 - [MESSAGE][PASSED] - 36 options of object 'Object Repository/DispensaryToStore/Page_Store/select_--Select--Adernaline 0.' counted

2018-06-09 16:17:03 - [TEST_STEP][PASSED] - Statement - For ([a = 1, a <= selectedoptions - 1, (a++)]): null

2018-06-09 16:17:03 - [TEST_STEP][PASSED] - selectOptionByIndex: All options with index in [1] are selected on object 'Object Repository/DispensaryToStore/Page_Store/select_--Select--Adernaline 0.'

2018-06-09 16:17:04 - [MESSAGE][PASSED] - All options with index in [1] are selected on object 'Object Repository/DispensaryToStore/Page_Store/select_--Select--Adernaline 0.'

2018-06-09 16:17:04 - [TEST_STEP][PASSED] - delay: Delayed 2 second(s)

2018-06-09 16:17:06 - [MESSAGE][PASSED] - Delayed 2 second(s)

2018-06-09 16:17:06 - [TEST_STEP][PASSED] - Statement - RequestedQty = com.kms.katalon.core.webui.keyword.WebUiBuiltInKeywords.getAttribute(com.kms.katalon.core.testobject.ObjectRepository.findTestObject(DispensaryToStore/Page_Store/input_txttotal), "value"): Attribute 'value' of object 'Object Repository/DispensaryToStore/Page_Store/input_txttotal' is: '10'

2018-06-09 16:17:06 - [MESSAGE][PASSED] - Attribute 'value' of object 'Object Repository/DispensaryToStore/Page_Store/input_txttotal' is: '10'

2018-06-09 16:17:06 - [TEST_STEP][PASSED] - Statement - out.println("Requested QTY : " + RequestedQty): null

2018-06-09 16:17:06 - [TEST_STEP][PASSED] - Statement - BatchNumber = com.kms.katalon.core.webui.keyword.WebUiBuiltInKeywords.getNumberOfTotalOption(com.kms.katalon.core.testobject.ObjectRepository.findTestObject(DispensaryToStore/Page_Store/select_--Select--BA1170BA2376B)): 3 options of object 'Object Repository/DispensaryToStore/Page_Store/select_--Select--BA1170BA2376B' counted

2018-06-09 16:17:06 - [MESSAGE][PASSED] - 3 options of object 'Object Repository/DispensaryToStore/Page_Store/select_--Select--BA1170BA2376B' counted

2018-06-09 16:17:06 - [TEST_STEP][PASSED] - Statement - For ([g = 1, g <= BatchNumber - 1, (g++)]): null

2018-06-09 16:17:06 - [TEST_STEP][PASSED] - selectOptionByIndex: All options with index in [1] are selected on object 'Object Repository/DispensaryToStore/Page_Store/select_--Select--BA1170BA2376B'

2018-06-09 16:17:06 - [MESSAGE][PASSED] - All options with index in [1] are selected on object 'Object Repository/DispensaryToStore/Page_Store/select_--Select--BA1170BA2376B'

2018-06-09 16:17:06 - [TEST_STEP][PASSED] - Statement - Try: null

2018-06-09 16:17:06 - [TEST_STEP][PASSED] - Statement - StockQty = com.kms.katalon.core.webui.keyword.WebUiBuiltInKeywords.getAttribute(com.kms.katalon.core.testobject.ObjectRepository.findTestObject(DispensaryToStore/Page_Store/input_txtprice), "value"): Attribute 'value' of object 'Object Repository/DispensaryToStore/Page_Store/input_txtprice' is: '805'

2018-06-09 16:17:06 - [MESSAGE][PASSED] - Attribute 'value' of object 'Object Repository/DispensaryToStore/Page_Store/input_txtprice' is: '805'

2018-06-09 16:17:06 - [TEST_STEP][PASSED] - Statement - out.println("Stock QTY : " + StockQty): null

2018-06-09 16:17:06 - [TEST_STEP][PASSED] - delay: Delayed 2 second(s)

2018-06-09 16:17:08 - [MESSAGE][PASSED] - Delayed 2 second(s)

2018-06-09 16:17:08 - [TEST_STEP][PASSED] - Statement - If (java.lang.String.valueOf(StockQty) >= java.lang.String.valueOf(RequestedQty)): null

2018-06-09 16:17:08 - [TEST_STEP][PASSED] - setText: Text '10' is set on object 'Object Repository/DispensaryToStore/Page_Store/input_txtqty'

2018-06-09 16:17:08 - [MESSAGE][PASSED] - Text '10' is set on object 'Object Repository/DispensaryToStore/Page_Store/input_txtqty'

2018-06-09 16:17:08 - [TEST_STEP][PASSED] - click: Object: 'Object Repository/DispensaryToStore/Page_Store/button_Add' is clicked on

2018-06-09 16:17:08 - [MESSAGE][PASSED] - Object: 'Object Repository/DispensaryToStore/Page_Store/button_Add' is clicked on

2018-06-09 16:17:08 - [TEST_STEP][PASSED] - Statement - Break: null

2018-06-09 16:17:08 - [TEST_STEP][PASSED] - selectOptionByIndex: All options with index in [2] are selected on object 'Object Repository/DispensaryToStore/Page_Store/select_--Select--Adernaline 0.'

2018-06-09 16:17:08 - [MESSAGE][PASSED] - All options with index in [2] are selected on object 'Object Repository/DispensaryToStore/Page_Store/select_--Select--Adernaline 0.'

2018-06-09 16:17:08 - [TEST_STEP][PASSED] - delay: Delayed 2 second(s)

2018-06-09 16:17:10 - [MESSAGE][PASSED] - Delayed 2 second(s)

2018-06-09 16:17:10 - [TEST_STEP][PASSED] - Statement - RequestedQty = com.kms.katalon.core.webui.keyword.WebUiBuiltInKeywords.getAttribute(com.kms.katalon.core.testobject.ObjectRepository.findTestObject(DispensaryToStore/Page_Store/input_txttotal), "value"): Attribute 'value' of object 'Object Repository/DispensaryToStore/Page_Store/input_txttotal' is: '10'

2018-06-09 16:17:10 - [MESSAGE][PASSED] - Attribute 'value' of object 'Object Repository/DispensaryToStore/Page_Store/input_txttotal' is: '10'

2018-06-09 16:17:10 - [TEST_STEP][PASSED] - Statement - out.println("Requested QTY : " + RequestedQty): null

2018-06-09 16:17:10 - [TEST_STEP][PASSED] - Statement - BatchNumber = com.kms.katalon.core.webui.keyword.WebUiBuiltInKeywords.getNumberOfTotalOption(com.kms.katalon.core.testobject.ObjectRepository.findTestObject(DispensaryToStore/Page_Store/select_--Select--BA1170BA2376B)): 3 options of object 'Object Repository/DispensaryToStore/Page_Store/select_--Select--BA1170BA2376B' counted

2018-06-09 16:17:11 - [MESSAGE][PASSED] - 3 options of object 'Object Repository/DispensaryToStore/Page_Store/select_--Select--BA1170BA2376B' counted

2018-06-09 16:17:11 - [TEST_STEP][PASSED] - Statement - For ([g = 1, g <= BatchNumber - 1, (g++)]): null

2018-06-09 16:17:11 - [TEST_STEP][PASSED] - selectOptionByIndex: All options with index in [1] are selected on object 'Object Repository/DispensaryToStore/Page_Store/select_--Select--BA1170BA2376B'

2018-06-09 16:17:11 - [MESSAGE][PASSED] - All options with index in [1] are selected on object 'Object Repository/DispensaryToStore/Page_Store/select_--Select--BA1170BA2376B'

2018-06-09 16:17:11 - [TEST_STEP][PASSED] - Statement - Try: null

2018-06-09 16:17:11 - [TEST_STEP][PASSED] - Statement - StockQty = com.kms.katalon.core.webui.keyword.WebUiBuiltInKeywords.getAttribute(com.kms.katalon.core.testobject.ObjectRepository.findTestObject(DispensaryToStore/Page_Store/input_txtprice), "value"): Attribute 'value' of object 'Object Repository/DispensaryToStore/Page_Store/input_txtprice' is: '810'

2018-06-09 16:17:11 - [MESSAGE][PASSED] - Attribute 'value' of object 'Object Repository/DispensaryToStore/Page_Store/input_txtprice' is: '810'

2018-06-09 16:17:11 - [TEST_STEP][PASSED] - Statement - out.println("Stock QTY : " + StockQty): null

2018-06-09 16:17:11 - [TEST_STEP][PASSED] - delay: Delayed 2 second(s)

2018-06-09 16:17:13 - [MESSAGE][PASSED] - Delayed 2 second(s)

2018-06-09 16:17:13 - [TEST_STEP][PASSED] - Statement - If (java.lang.String.valueOf(StockQty) >= java.lang.String.valueOf(RequestedQty)): null

2018-06-09 16:17:13 - [TEST_STEP][PASSED] - setText: Text '10' is set on object 'Object Repository/DispensaryToStore/Page_Store/input_txtqty'

2018-06-09 16:17:13 - [MESSAGE][PASSED] - Text '10' is set on object 'Object Repository/DispensaryToStore/Page_Store/input_txtqty'

2018-06-09 16:17:13 - [TEST_STEP][PASSED] - click: Object: 'Object Repository/DispensaryToStore/Page_Store/button_Add' is clicked on

2018-06-09 16:17:13 - [MESSAGE][PASSED] - Object: 'Object Repository/DispensaryToStore/Page_Store/button_Add' is clicked on

2018-06-09 16:17:13 - [TEST_STEP][PASSED] - Statement - Break: null

2018-06-09 16:17:13 - [TEST_STEP][PASSED] - selectOptionByIndex: All options with index in [3] are selected on object 'Object Repository/DispensaryToStore/Page_Store/select_--Select--Adernaline 0.'

2018-06-09 16:17:13 - [MESSAGE][PASSED] - All options with index in [3] are selected on object 'Object Repository/DispensaryToStore/Page_Store/select_--Select--Adernaline 0.'

2018-06-09 16:17:13 - [TEST_STEP][PASSED] - delay: Delayed 2 second(s)

2018-06-09 16:17:15 - [MESSAGE][PASSED] - Delayed 2 second(s)

2018-06-09 16:17:15 - [TEST_STEP][PASSED] - Statement - RequestedQty = com.kms.katalon.core.webui.keyword.WebUiBuiltInKeywords.getAttribute(com.kms.katalon.core.testobject.ObjectRepository.findTestObject(DispensaryToStore/Page_Store/input_txttotal), "value"): Attribute 'value' of object 'Object Repository/DispensaryToStore/Page_Store/input_txttotal' is: '10'

2018-06-09 16:17:15 - [MESSAGE][PASSED] - Attribute 'value' of object 'Object Repository/DispensaryToStore/Page_Store/input_txttotal' is: '10'

2018-06-09 16:17:15 - [TEST_STEP][PASSED] - Statement - out.println("Requested QTY : " + RequestedQty): null

2018-06-09 16:17:15 - [TEST_STEP][PASSED] - Statement - BatchNumber = com.kms.katalon.core.webui.keyword.WebUiBuiltInKeywords.getNumberOfTotalOption(com.kms.katalon.core.testobject.ObjectRepository.findTestObject(DispensaryToStore/Page_Store/select_--Select--BA1170BA2376B)): 2 options of object 'Object Repository/DispensaryToStore/Page_Store/select_--Select--BA1170BA2376B' counted

2018-06-09 16:17:15 - [MESSAGE][PASSED] - 2 options of object 'Object Repository/DispensaryToStore/Page_Store/select_--Select--BA1170BA2376B' counted

2018-06-09 16:17:15 - [TEST_STEP][PASSED] - Statement - For ([g = 1, g <= BatchNumber - 1, (g++)]): null

2018-06-09 16:17:15 - [TEST_STEP][PASSED] - selectOptionByIndex: All options with index in [1] are selected on object 'Object Repository/DispensaryToStore/Page_Store/select_--Select--BA1170BA2376B'

2018-06-09 16:17:15 - [MESSAGE][PASSED] - All options with index in [1] are selected on object 'Object Repository/DispensaryToStore/Page_Store/select_--Select--BA1170BA2376B'

2018-06-09 16:17:15 - [TEST_STEP][PASSED] - Statement - Try: null

2018-06-09 16:17:15 - [TEST_STEP][PASSED] - Statement - StockQty = com.kms.katalon.core.webui.keyword.WebUiBuiltInKeywords.getAttribute(com.kms.katalon.core.testobject.ObjectRepository.findTestObject(DispensaryToStore/Page_Store/input_txtprice), "value"): Attribute 'value' of object 'Object Repository/DispensaryToStore/Page_Store/input_txtprice' is: '2010'

2018-06-09 16:17:15 - [MESSAGE][PASSED] - Attribute 'value' of object 'Object Repository/DispensaryToStore/Page_Store/input_txtprice' is: '2010'

2018-06-09 16:17:15 - [TEST_STEP][PASSED] - Statement - out.println("Stock QTY : " + StockQty): null

2018-06-09 16:17:15 - [TEST_STEP][PASSED] - delay: Delayed 2 second(s)

2018-06-09 16:17:17 - [MESSAGE][PASSED] - Delayed 2 second(s)

2018-06-09 16:17:17 - [TEST_STEP][PASSED] - Statement - If (java.lang.String.valueOf(StockQty) >= java.lang.String.valueOf(RequestedQty)): null

2018-06-09 16:17:17 - [TEST_STEP][PASSED] - setText: Text '10' is set on object 'Object Repository/DispensaryToStore/Page_Store/input_txtqty'

2018-06-09 16:17:17 - [MESSAGE][PASSED] - Text '10' is set on object 'Object Repository/DispensaryToStore/Page_Store/input_txtqty'

2018-06-09 16:17:17 - [TEST_STEP][PASSED] - click: Object: 'Object Repository/DispensaryToStore/Page_Store/button_Add' is clicked on

2018-06-09 16:17:18 - [MESSAGE][PASSED] - Object: 'Object Repository/DispensaryToStore/Page_Store/button_Add' is clicked on

2018-06-09 16:17:18 - [TEST_STEP][PASSED] - Statement - Break: null

2018-06-09 16:17:18 - [TEST_STEP][PASSED] - selectOptionByIndex: All options with index in [4] are selected on object 'Object Repository/DispensaryToStore/Page_Store/select_--Select--Adernaline 0.'

2018-06-09 16:17:18 - [MESSAGE][PASSED] - All options with index in [4] are selected on object 'Object Repository/DispensaryToStore/Page_Store/select_--Select--Adernaline 0.'

2018-06-09 16:17:18 - [TEST_STEP][PASSED] - delay: Delayed 2 second(s)

2018-06-09 16:17:20 - [MESSAGE][PASSED] - Delayed 2 second(s)

2018-06-09 16:17:20 - [TEST_STEP][PASSED] - Statement - RequestedQty = com.kms.katalon.core.webui.keyword.WebUiBuiltInKeywords.getAttribute(com.kms.katalon.core.testobject.ObjectRepository.findTestObject(DispensaryToStore/Page_Store/input_txttotal), "value"): Attribute 'value' of object 'Object Repository/DispensaryToStore/Page_Store/input_txttotal' is: '10'

2018-06-09 16:17:20 - [MESSAGE][PASSED] - Attribute 'value' of object 'Object Repository/DispensaryToStore/Page_Store/input_txttotal' is: '10'

2018-06-09 16:17:20 - [TEST_STEP][PASSED] - Statement - out.println("Requested QTY : " + RequestedQty): null

2018-06-09 16:17:20 - [TEST_STEP][PASSED] - Statement - BatchNumber = com.kms.katalon.core.webui.keyword.WebUiBuiltInKeywords.getNumberOfTotalOption(com.kms.katalon.core.testobject.ObjectRepository.findTestObject(DispensaryToStore/Page_Store/select_--Select--BA1170BA2376B)): 2 options of object 'Object Repository/DispensaryToStore/Page_Store/select_--Select--BA1170BA2376B' counted

2018-06-09 16:17:20 - [MESSAGE][PASSED] - 2 options of object 'Object Repository/DispensaryToStore/Page_Store/select_--Select--BA1170BA2376B' counted

2018-06-09 16:17:20 - [TEST_STEP][PASSED] - Statement - For ([g = 1, g <= BatchNumber - 1, (g++)]): null

2018-06-09 16:17:20 - [TEST_STEP][PASSED] - selectOptionByIndex: All options with index in [1] are selected on object 'Object Repository/DispensaryToStore/Page_Store/select_--Select--BA1170BA2376B'

2018-06-09 16:17:20 - [MESSAGE][PASSED] - All options with index in [1] are selected on object 'Object Repository/DispensaryToStore/Page_Store/select_--Select--BA1170BA2376B'

2018-06-09 16:17:20 - [TEST_STEP][PASSED] - Statement - Try: null

2018-06-09 16:17:20 - [TEST_STEP][PASSED] - Statement - StockQty = com.kms.katalon.core.webui.keyword.WebUiBuiltInKeywords.getAttribute(com.kms.katalon.core.testobject.ObjectRepository.findTestObject(DispensaryToStore/Page_Store/input_txtprice), "value"): Attribute 'value' of object 'Object Repository/DispensaryToStore/Page_Store/input_txtprice' is: '2010'

2018-06-09 16:17:20 - [MESSAGE][PASSED] - Attribute 'value' of object 'Object Repository/DispensaryToStore/Page_Store/input_txtprice' is: '2010'

2018-06-09 16:17:20 - [TEST_STEP][PASSED] - Statement - out.println("Stock QTY : " + StockQty): null

2018-06-09 16:17:20 - [TEST_STEP][PASSED] - delay: Delayed 2 second(s)

2018-06-09 16:17:22 - [MESSAGE][PASSED] - Delayed 2 second(s)

2018-06-09 16:17:22 - [TEST_STEP][PASSED] - Statement - If (java.lang.String.valueOf(StockQty) >= java.lang.String.valueOf(RequestedQty)): null

2018-06-09 16:17:22 - [TEST_STEP][PASSED] - setText: Text '10' is set on object 'Object Repository/DispensaryToStore/Page_Store/input_txtqty'

2018-06-09 16:17:22 - [MESSAGE][PASSED] - Text '10' is set on object 'Object Repository/DispensaryToStore/Page_Store/input_txtqty'

2018-06-09 16:17:22 - [TEST_STEP][PASSED] - click: Object: 'Object Repository/DispensaryToStore/Page_Store/button_Add' is clicked on

2018-06-09 16:17:22 - [MESSAGE][PASSED] - Object: 'Object Repository/DispensaryToStore/Page_Store/button_Add' is clicked on

2018-06-09 16:17:22 - [TEST_STEP][PASSED] - Statement - Break: null

2018-06-09 16:17:22 - [TEST_STEP][PASSED] - selectOptionByIndex: All options with index in [5] are selected on object 'Object Repository/DispensaryToStore/Page_Store/select_--Select--Adernaline 0.'

2018-06-09 16:17:22 - [MESSAGE][PASSED] - All options with index in [5] are selected on object 'Object Repository/DispensaryToStore/Page_Store/select_--Select--Adernaline 0.'

2018-06-09 16:17:22 - [TEST_STEP][PASSED] - delay: Delayed 2 second(s)

2018-06-09 16:17:24 - [MESSAGE][PASSED] - Delayed 2 second(s)

2018-06-09 16:17:24 - [TEST_STEP][PASSED] - Statement - RequestedQty = com.kms.katalon.core.webui.keyword.WebUiBuiltInKeywords.getAttribute(com.kms.katalon.core.testobject.ObjectRepository.findTestObject(DispensaryToStore/Page_Store/input_txttotal), "value"): Attribute 'value' of object 'Object Repository/DispensaryToStore/Page_Store/input_txttotal' is: '10'

2018-06-09 16:17:24 - [MESSAGE][PASSED] - Attribute 'value' of object 'Object Repository/DispensaryToStore/Page_Store/input_txttotal' is: '10'

2018-06-09 16:17:24 - [TEST_STEP][PASSED] - Statement - out.println("Requested QTY : " + RequestedQty): null

2018-06-09 16:17:24 - [TEST_STEP][PASSED] - Statement - BatchNumber = com.kms.katalon.core.webui.keyword.WebUiBuiltInKeywords.getNumberOfTotalOption(com.kms.katalon.core.testobject.ObjectRepository.findTestObject(DispensaryToStore/Page_Store/select_--Select--BA1170BA2376B)): 2 options of object 'Object Repository/DispensaryToStore/Page_Store/select_--Select--BA1170BA2376B' counted

2018-06-09 16:17:24 - [MESSAGE][PASSED] - 2 options of object 'Object Repository/DispensaryToStore/Page_Store/select_--Select--BA1170BA2376B' counted

2018-06-09 16:17:24 - [TEST_STEP][PASSED] - Statement - For ([g = 1, g <= BatchNumber - 1, (g++)]): null

2018-06-09 16:17:24 - [TEST_STEP][PASSED] - selectOptionByIndex: All options with index in [1] are selected on object 'Object Repository/DispensaryToStore/Page_Store/select_--Select--BA1170BA2376B'

2018-06-09 16:17:25 - [MESSAGE][PASSED] - All options with index in [1] are selected on object 'Object Repository/DispensaryToStore/Page_Store/select_--Select--BA1170BA2376B'

2018-06-09 16:17:25 - [TEST_STEP][PASSED] - Statement - Try: null

2018-06-09 16:17:25 - [TEST_STEP][PASSED] - Statement - StockQty = com.kms.katalon.core.webui.keyword.WebUiBuiltInKeywords.getAttribute(com.kms.katalon.core.testobject.ObjectRepository.findTestObject(DispensaryToStore/Page_Store/input_txtprice), "value"): Attribute 'value' of object 'Object Repository/DispensaryToStore/Page_Store/input_txtprice' is: '810'

2018-06-09 16:17:25 - [MESSAGE][PASSED] - Attribute 'value' of object 'Object Repository/DispensaryToStore/Page_Store/input_txtprice' is: '810'

2018-06-09 16:17:25 - [TEST_STEP][PASSED] - Statement - out.println("Stock QTY : " + StockQty): null

2018-06-09 16:17:25 - [TEST_STEP][PASSED] - delay: Delayed 2 second(s)

2018-06-09 16:17:27 - [MESSAGE][PASSED] - Delayed 2 second(s)

2018-06-09 16:17:27 - [TEST_STEP][PASSED] - Statement - If (java.lang.String.valueOf(StockQty) >= java.lang.String.valueOf(RequestedQty)): null

2018-06-09 16:17:27 - [TEST_STEP][PASSED] - setText: Text '10' is set on object 'Object Repository/DispensaryToStore/Page_Store/input_txtqty'

2018-06-09 16:17:27 - [MESSAGE][PASSED] - Text '10' is set on object 'Object Repository/DispensaryToStore/Page_Store/input_txtqty'

2018-06-09 16:17:27 - [TEST_STEP][PASSED] - click: Object: 'Object Repository/DispensaryToStore/Page_Store/button_Add' is clicked on

2018-06-09 16:17:27 - [MESSAGE][PASSED] - Object: 'Object Repository/DispensaryToStore/Page_Store/button_Add' is clicked on

2018-06-09 16:17:27 - [TEST_STEP][PASSED] - Statement - Break: null

2018-06-09 16:17:27 - [TEST_STEP][PASSED] - selectOptionByIndex: All options with index in [6] are selected on object 'Object Repository/DispensaryToStore/Page_Store/select_--Select--Adernaline 0.'

2018-06-09 16:17:27 - [MESSAGE][PASSED] - All options with index in [6] are selected on object 'Object Repository/DispensaryToStore/Page_Store/select_--Select--Adernaline 0.'

2018-06-09 16:17:27 - [TEST_STEP][PASSED] - delay: Delayed 2 second(s)

2018-06-09 16:17:29 - [MESSAGE][PASSED] - Delayed 2 second(s)

2018-06-09 16:17:29 - [TEST_STEP][PASSED] - Statement - RequestedQty = com.kms.katalon.core.webui.keyword.WebUiBuiltInKeywords.getAttribute(com.kms.katalon.core.testobject.ObjectRepository.findTestObject(DispensaryToStore/Page_Store/input_txttotal), "value"): Attribute 'value' of object 'Object Repository/DispensaryToStore/Page_Store/input_txttotal' is: '10'

2018-06-09 16:17:29 - [MESSAGE][PASSED] - Attribute 'value' of object 'Object Repository/DispensaryToStore/Page_Store/input_txttotal' is: '10'

2018-06-09 16:17:29 - [TEST_STEP][PASSED] - Statement - out.println("Requested QTY : " + RequestedQty): null

2018-06-09 16:17:29 - [TEST_STEP][PASSED] - Statement - BatchNumber = com.kms.katalon.core.webui.keyword.WebUiBuiltInKeywords.getNumberOfTotalOption(com.kms.katalon.core.testobject.ObjectRepository.findTestObject(DispensaryToStore/Page_Store/select_--Select--BA1170BA2376B)): 2 options of object 'Object Repository/DispensaryToStore/Page_Store/select_--Select--BA1170BA2376B' counted

2018-06-09 16:17:29 - [MESSAGE][PASSED] - 2 options of object 'Object Repository/DispensaryToStore/Page_Store/select_--Select--BA1170BA2376B' counted

2018-06-09 16:17:29 - [TEST_STEP][PASSED] - Statement - For ([g = 1, g <= BatchNumber - 1, (g++)]): null

2018-06-09 16:17:29 - [TEST_STEP][PASSED] - selectOptionByIndex: All options with index in [1] are selected on object 'Object Repository/DispensaryToStore/Page_Store/select_--Select--BA1170BA2376B'

2018-06-09 16:17:29 - [MESSAGE][PASSED] - All options with index in [1] are selected on object 'Object Repository/DispensaryToStore/Page_Store/select_--Select--BA1170BA2376B'

2018-06-09 16:17:29 - [TEST_STEP][PASSED] - Statement - Try: null

2018-06-09 16:17:29 - [TEST_STEP][PASSED] - Statement - StockQty = com.kms.katalon.core.webui.keyword.WebUiBuiltInKeywords.getAttribute(com.kms.katalon.core.testobject.ObjectRepository.findTestObject(DispensaryToStore/Page_Store/input_txtprice), "value"): Attribute 'value' of object 'Object Repository/DispensaryToStore/Page_Store/input_txtprice' is: '810'

2018-06-09 16:17:29 - [MESSAGE][PASSED] - Attribute 'value' of object 'Object Repository/DispensaryToStore/Page_Store/input_txtprice' is: '810'

2018-06-09 16:17:29 - [TEST_STEP][PASSED] - Statement - out.println("Stock QTY : " + StockQty): null

2018-06-09 16:17:29 - [TEST_STEP][PASSED] - delay: Delayed 2 second(s)

2018-06-09 16:17:31 - [MESSAGE][PASSED] - Delayed 2 second(s)

2018-06-09 16:17:31 - [TEST_STEP][PASSED] - Statement - If (java.lang.String.valueOf(StockQty) >= java.lang.String.valueOf(RequestedQty)): null

2018-06-09 16:17:31 - [TEST_STEP][PASSED] - setText: Text '10' is set on object 'Object Repository/DispensaryToStore/Page_Store/input_txtqty'

2018-06-09 16:17:31 - [MESSAGE][PASSED] - Text '10' is set on object 'Object Repository/DispensaryToStore/Page_Store/input_txtqty'

2018-06-09 16:17:31 - [TEST_STEP][PASSED] - click: Object: 'Object Repository/DispensaryToStore/Page_Store/button_Add' is clicked on

2018-06-09 16:17:31 - [MESSAGE][PASSED] - Object: 'Object Repository/DispensaryToStore/Page_Store/button_Add' is clicked on

2018-06-09 16:17:31 - [TEST_STEP][PASSED] - Statement - Break: null

2018-06-09 16:17:31 - [TEST_STEP][PASSED] - selectOptionByIndex: All options with index in [7] are selected on object 'Object Repository/DispensaryToStore/Page_Store/select_--Select--Adernaline 0.'

2018-06-09 16:17:32 - [MESSAGE][PASSED] - All options with index in [7] are selected on object 'Object Repository/DispensaryToStore/Page_Store/select_--Select--Adernaline 0.'

2018-06-09 16:17:32 - [TEST_STEP][PASSED] - delay: Delayed 2 second(s)

2018-06-09 16:17:34 - [MESSAGE][PASSED] - Delayed 2 second(s)

2018-06-09 16:17:34 - [TEST_STEP][PASSED] - Statement - RequestedQty = com.kms.katalon.core.webui.keyword.WebUiBuiltInKeywords.getAttribute(com.kms.katalon.core.testobject.ObjectRepository.findTestObject(DispensaryToStore/Page_Store/input_txttotal), "value"): Attribute 'value' of object 'Object Repository/DispensaryToStore/Page_Store/input_txttotal' is: '10'

2018-06-09 16:17:34 - [MESSAGE][PASSED] - Attribute 'value' of object 'Object Repository/DispensaryToStore/Page_Store/input_txttotal' is: '10'

2018-06-09 16:17:34 - [TEST_STEP][PASSED] - Statement - out.println("Requested QTY : " + RequestedQty): null

2018-06-09 16:17:34 - [TEST_STEP][PASSED] - Statement - BatchNumber = com.kms.katalon.core.webui.keyword.WebUiBuiltInKeywords.getNumberOfTotalOption(com.kms.katalon.core.testobject.ObjectRepository.findTestObject(DispensaryToStore/Page_Store/select_--Select--BA1170BA2376B)): 2 options of object 'Object Repository/DispensaryToStore/Page_Store/select_--Select--BA1170BA2376B' counted

2018-06-09 16:17:34 - [MESSAGE][PASSED] - 2 options of object 'Object Repository/DispensaryToStore/Page_Store/select_--Select--BA1170BA2376B' counted

2018-06-09 16:17:34 - [TEST_STEP][PASSED] - Statement - For ([g = 1, g <= BatchNumber - 1, (g++)]): null

2018-06-09 16:17:34 - [TEST_STEP][PASSED] - selectOptionByIndex: All options with index in [1] are selected on object 'Object Repository/DispensaryToStore/Page_Store/select_--Select--BA1170BA2376B'

2018-06-09 16:17:34 - [MESSAGE][PASSED] - All options with index in [1] are selected on object 'Object Repository/DispensaryToStore/Page_Store/select_--Select--BA1170BA2376B'

2018-06-09 16:17:34 - [TEST_STEP][PASSED] - Statement - Try: null

2018-06-09 16:17:34 - [TEST_STEP][PASSED] - Statement - StockQty = com.kms.katalon.core.webui.keyword.WebUiBuiltInKeywords.getAttribute(com.kms.katalon.core.testobject.ObjectRepository.findTestObject(DispensaryToStore/Page_Store/input_txtprice), "value"): Attribute 'value' of object 'Object Repository/DispensaryToStore/Page_Store/input_txtprice' is: '805'

2018-06-09 16:17:34 - [MESSAGE][PASSED] - Attribute 'value' of object 'Object Repository/DispensaryToStore/Page_Store/input_txtprice' is: '805'

2018-06-09 16:17:34 - [TEST_STEP][PASSED] - Statement - out.println("Stock QTY : " + StockQty): null

2018-06-09 16:17:34 - [TEST_STEP][PASSED] - delay: Delayed 2 second(s)

2018-06-09 16:17:36 - [MESSAGE][PASSED] - Delayed 2 second(s)

2018-06-09 16:17:36 - [TEST_STEP][PASSED] - Statement - If (java.lang.String.valueOf(StockQty) >= java.lang.String.valueOf(RequestedQty)): null

2018-06-09 16:17:36 - [TEST_STEP][PASSED] - setText: Text '10' is set on object 'Object Repository/DispensaryToStore/Page_Store/input_txtqty'

2018-06-09 16:17:36 - [MESSAGE][PASSED] - Text '10' is set on object 'Object Repository/DispensaryToStore/Page_Store/input_txtqty'

2018-06-09 16:17:36 - [TEST_STEP][PASSED] - click: Object: 'Object Repository/DispensaryToStore/Page_Store/button_Add' is clicked on

2018-06-09 16:17:36 - [MESSAGE][PASSED] - Object: 'Object Repository/DispensaryToStore/Page_Store/button_Add' is clicked on

2018-06-09 16:17:36 - [TEST_STEP][PASSED] - Statement - Break: null

2018-06-09 16:17:36 - [TEST_STEP][PASSED] - selectOptionByIndex: All options with index in [8] are selected on object 'Object Repository/DispensaryToStore/Page_Store/select_--Select--Adernaline 0.'

2018-06-09 16:17:36 - [MESSAGE][PASSED] - All options with index in [8] are selected on object 'Object Repository/DispensaryToStore/Page_Store/select_--Select--Adernaline 0.'

2018-06-09 16:17:36 - [TEST_STEP][PASSED] - delay: Delayed 2 second(s)

2018-06-09 16:17:38 - [MESSAGE][PASSED] - Delayed 2 second(s)

2018-06-09 16:17:38 - [TEST_STEP][PASSED] - Statement - RequestedQty = com.kms.katalon.core.webui.keyword.WebUiBuiltInKeywords.getAttribute(com.kms.katalon.core.testobject.ObjectRepository.findTestObject(DispensaryToStore/Page_Store/input_txttotal), "value"): Attribute 'value' of object 'Object Repository/DispensaryToStore/Page_Store/input_txttotal' is: '10'

2018-06-09 16:17:38 - [MESSAGE][PASSED] - Attribute 'value' of object 'Object Repository/DispensaryToStore/Page_Store/input_txttotal' is: '10'

2018-06-09 16:17:38 - [TEST_STEP][PASSED] - Statement - out.println("Requested QTY : " + RequestedQty): null

2018-06-09 16:17:38 - [TEST_STEP][PASSED] - Statement - BatchNumber = com.kms.katalon.core.webui.keyword.WebUiBuiltInKeywords.getNumberOfTotalOption(com.kms.katalon.core.testobject.ObjectRepository.findTestObject(DispensaryToStore/Page_Store/select_--Select--BA1170BA2376B)): 3 options of object 'Object Repository/DispensaryToStore/Page_Store/select_--Select--BA1170BA2376B' counted

2018-06-09 16:17:38 - [MESSAGE][PASSED] - 3 options of object 'Object Repository/DispensaryToStore/Page_Store/select_--Select--BA1170BA2376B' counted

2018-06-09 16:17:38 - [TEST_STEP][PASSED] - Statement - For ([g = 1, g <= BatchNumber - 1, (g++)]): null

2018-06-09 16:17:38 - [TEST_STEP][PASSED] - selectOptionByIndex: All options with index in [1] are selected on object 'Object Repository/DispensaryToStore/Page_Store/select_--Select--BA1170BA2376B'

2018-06-09 16:17:39 - [MESSAGE][PASSED] - All options with index in [1] are selected on object 'Object Repository/DispensaryToStore/Page_Store/select_--Select--BA1170BA2376B'

2018-06-09 16:17:39 - [TEST_STEP][PASSED] - Statement - Try: null

2018-06-09 16:17:39 - [TEST_STEP][PASSED] - Statement - StockQty = com.kms.katalon.core.webui.keyword.WebUiBuiltInKeywords.getAttribute(com.kms.katalon.core.testobject.ObjectRepository.findTestObject(DispensaryToStore/Page_Store/input_txtprice), "value"): Attribute 'value' of object 'Object Repository/DispensaryToStore/Page_Store/input_txtprice' is: '310'

2018-06-09 16:17:39 - [MESSAGE][PASSED] - Attribute 'value' of object 'Object Repository/DispensaryToStore/Page_Store/input_txtprice' is: '310'

2018-06-09 16:17:39 - [TEST_STEP][PASSED] - Statement - out.println("Stock QTY : " + StockQty): null

2018-06-09 16:17:39 - [TEST_STEP][PASSED] - delay: Delayed 2 second(s)

2018-06-09 16:17:41 - [MESSAGE][PASSED] - Delayed 2 second(s)

2018-06-09 16:17:41 - [TEST_STEP][PASSED] - Statement - If (java.lang.String.valueOf(StockQty) >= java.lang.String.valueOf(RequestedQty)): null

2018-06-09 16:17:41 - [TEST_STEP][PASSED] - setText: Text '10' is set on object 'Object Repository/DispensaryToStore/Page_Store/input_txtqty'

2018-06-09 16:17:41 - [MESSAGE][PASSED] - Text '10' is set on object 'Object Repository/DispensaryToStore/Page_Store/input_txtqty'

2018-06-09 16:17:41 - [TEST_STEP][PASSED] - click: Object: 'Object Repository/DispensaryToStore/Page_Store/button_Add' is clicked on

2018-06-09 16:17:41 - [MESSAGE][PASSED] - Object: 'Object Repository/DispensaryToStore/Page_Store/button_Add' is clicked on

2018-06-09 16:17:41 - [TEST_STEP][PASSED] - Statement - Break: null

2018-06-09 16:17:41 - [TEST_STEP][PASSED] - selectOptionByIndex: All options with index in [9] are selected on object 'Object Repository/DispensaryToStore/Page_Store/select_--Select--Adernaline 0.'

2018-06-09 16:17:41 - [MESSAGE][PASSED] - All options with index in [9] are selected on object 'Object Repository/DispensaryToStore/Page_Store/select_--Select--Adernaline 0.'

2018-06-09 16:17:41 - [TEST_STEP][PASSED] - delay: Delayed 2 second(s)

2018-06-09 16:17:43 - [MESSAGE][PASSED] - Delayed 2 second(s)

2018-06-09 16:17:43 - [TEST_STEP][PASSED] - Statement - RequestedQty = com.kms.katalon.core.webui.keyword.WebUiBuiltInKeywords.getAttribute(com.kms.katalon.core.testobject.ObjectRepository.findTestObject(DispensaryToStore/Page_Store/input_txttotal), "value"): Attribute 'value' of object 'Object Repository/DispensaryToStore/Page_Store/input_txttotal' is: '10'

2018-06-09 16:17:43 - [MESSAGE][PASSED] - Attribute 'value' of object 'Object Repository/DispensaryToStore/Page_Store/input_txttotal' is: '10'

2018-06-09 16:17:43 - [TEST_STEP][PASSED] - Statement - out.println("Requested QTY : " + RequestedQty): null

2018-06-09 16:17:43 - [TEST_STEP][PASSED] - Statement - BatchNumber = com.kms.katalon.core.webui.keyword.WebUiBuiltInKeywords.getNumberOfTotalOption(com.kms.katalon.core.testobject.ObjectRepository.findTestObject(DispensaryToStore/Page_Store/select_--Select--BA1170BA2376B)): 2 options of object 'Object Repository/DispensaryToStore/Page_Store/select_--Select--BA1170BA2376B' counted

2018-06-09 16:17:43 - [MESSAGE][PASSED] - 2 options of object 'Object Repository/DispensaryToStore/Page_Store/select_--Select--BA1170BA2376B' counted

2018-06-09 16:17:43 - [TEST_STEP][PASSED] - Statement - For ([g = 1, g <= BatchNumber - 1, (g++)]): null

2018-06-09 16:17:43 - [TEST_STEP][PASSED] - selectOptionByIndex: All options with index in [1] are selected on object 'Object Repository/DispensaryToStore/Page_Store/select_--Select--BA1170BA2376B'

2018-06-09 16:17:43 - [MESSAGE][PASSED] - All options with index in [1] are selected on object 'Object Repository/DispensaryToStore/Page_Store/select_--Select--BA1170BA2376B'

2018-06-09 16:17:43 - [TEST_STEP][PASSED] - Statement - Try: null

2018-06-09 16:17:43 - [TEST_STEP][PASSED] - Statement - StockQty = com.kms.katalon.core.webui.keyword.WebUiBuiltInKeywords.getAttribute(com.kms.katalon.core.testobject.ObjectRepository.findTestObject(DispensaryToStore/Page_Store/input_txtprice), "value"): Attribute 'value' of object 'Object Repository/DispensaryToStore/Page_Store/input_txtprice' is: '810'

2018-06-09 16:17:43 - [MESSAGE][PASSED] - Attribute 'value' of object 'Object Repository/DispensaryToStore/Page_Store/input_txtprice' is: '810'

2018-06-09 16:17:43 - [TEST_STEP][PASSED] - Statement - out.println("Stock QTY : " + StockQty): null

2018-06-09 16:17:43 - [TEST_STEP][PASSED] - delay: Delayed 2 second(s)

2018-06-09 16:17:45 - [MESSAGE][PASSED] - Delayed 2 second(s)

2018-06-09 16:17:45 - [TEST_STEP][PASSED] - Statement - If (java.lang.String.valueOf(StockQty) >= java.lang.String.valueOf(RequestedQty)): null

2018-06-09 16:17:45 - [TEST_STEP][PASSED] - setText: Text '10' is set on object 'Object Repository/DispensaryToStore/Page_Store/input_txtqty'

2018-06-09 16:17:45 - [MESSAGE][PASSED] - Text '10' is set on object 'Object Repository/DispensaryToStore/Page_Store/input_txtqty'

2018-06-09 16:17:45 - [TEST_STEP][PASSED] - click: Object: 'Object Repository/DispensaryToStore/Page_Store/button_Add' is clicked on

2018-06-09 16:17:45 - [MESSAGE][PASSED] - Object: 'Object Repository/DispensaryToStore/Page_Store/button_Add' is clicked on

2018-06-09 16:17:45 - [TEST_STEP][PASSED] - Statement - Break: null

2018-06-09 16:17:45 - [TEST_STEP][PASSED] - selectOptionByIndex: All options with index in [10] are selected on object 'Object Repository/DispensaryToStore/Page_Store/select_--Select--Adernaline 0.'

2018-06-09 16:17:46 - [MESSAGE][PASSED] - All options with index in [10] are selected on object 'Object Repository/DispensaryToStore/Page_Store/select_--Select--Adernaline 0.'

2018-06-09 16:17:46 - [TEST_STEP][PASSED] - delay: Delayed 2 second(s)

2018-06-09 16:17:48 - [MESSAGE][PASSED] - Delayed 2 second(s)

2018-06-09 16:17:48 - [TEST_STEP][PASSED] - Statement - RequestedQty = com.kms.katalon.core.webui.keyword.WebUiBuiltInKeywords.getAttribute(com.kms.katalon.core.testobject.ObjectRepository.findTestObject(DispensaryToStore/Page_Store/input_txttotal), "value"): Attribute 'value' of object 'Object Repository/DispensaryToStore/Page_Store/input_txttotal' is: '10'

2018-06-09 16:17:48 - [MESSAGE][PASSED] - Attribute 'value' of object 'Object Repository/DispensaryToStore/Page_Store/input_txttotal' is: '10'

2018-06-09 16:17:48 - [TEST_STEP][PASSED] - Statement - out.println("Requested QTY : " + RequestedQty): null

2018-06-09 16:17:48 - [TEST_STEP][PASSED] - Statement - BatchNumber = com.kms.katalon.core.webui.keyword.WebUiBuiltInKeywords.getNumberOfTotalOption(com.kms.katalon.core.testobject.ObjectRepository.findTestObject(DispensaryToStore/Page_Store/select_--Select--BA1170BA2376B)): 2 options of object 'Object Repository/DispensaryToStore/Page_Store/select_--Select--BA1170BA2376B' counted

2018-06-09 16:17:48 - [MESSAGE][PASSED] - 2 options of object 'Object Repository/DispensaryToStore/Page_Store/select_--Select--BA1170BA2376B' counted

2018-06-09 16:17:48 - [TEST_STEP][PASSED] - Statement - For ([g = 1, g <= BatchNumber - 1, (g++)]): null

2018-06-09 16:17:48 - [TEST_STEP][PASSED] - selectOptionByIndex: All options with index in [1] are selected on object 'Object Repository/DispensaryToStore/Page_Store/select_--Select--BA1170BA2376B'

2018-06-09 16:17:48 - [MESSAGE][PASSED] - All options with index in [1] are selected on object 'Object Repository/DispensaryToStore/Page_Store/select_--Select--BA1170BA2376B'

2018-06-09 16:17:48 - [TEST_STEP][PASSED] - Statement - Try: null

2018-06-09 16:17:48 - [TEST_STEP][PASSED] - Statement - StockQty = com.kms.katalon.core.webui.keyword.WebUiBuiltInKeywords.getAttribute(com.kms.katalon.core.testobject.ObjectRepository.findTestObject(DispensaryToStore/Page_Store/input_txtprice), "value"): Attribute 'value' of object 'Object Repository/DispensaryToStore/Page_Store/input_txtprice' is: '810'

2018-06-09 16:17:48 - [MESSAGE][PASSED] - Attribute 'value' of object 'Object Repository/DispensaryToStore/Page_Store/input_txtprice' is: '810'

2018-06-09 16:17:48 - [TEST_STEP][PASSED] - Statement - out.println("Stock QTY : " + StockQty): null

2018-06-09 16:17:48 - [TEST_STEP][PASSED] - delay: Delayed 2 second(s)

2018-06-09 16:17:50 - [MESSAGE][PASSED] - Delayed 2 second(s)

2018-06-09 16:17:50 - [TEST_STEP][PASSED] - Statement - If (java.lang.String.valueOf(StockQty) >= java.lang.String.valueOf(RequestedQty)): null

2018-06-09 16:17:50 - [TEST_STEP][PASSED] - setText: Text '10' is set on object 'Object Repository/DispensaryToStore/Page_Store/input_txtqty'

2018-06-09 16:17:50 - [MESSAGE][PASSED] - Text '10' is set on object 'Object Repository/DispensaryToStore/Page_Store/input_txtqty'

2018-06-09 16:17:50 - [TEST_STEP][PASSED] - click: Object: 'Object Repository/DispensaryToStore/Page_Store/button_Add' is clicked on

2018-06-09 16:17:50 - [MESSAGE][PASSED] - Object: 'Object Repository/DispensaryToStore/Page_Store/button_Add' is clicked on

2018-06-09 16:17:50 - [TEST_STEP][PASSED] - Statement - Break: null

2018-06-09 16:17:50 - [TEST_STEP][PASSED] - selectOptionByIndex: All options with index in [11] are selected on object 'Object Repository/DispensaryToStore/Page_Store/select_--Select--Adernaline 0.'

2018-06-09 16:17:50 - [MESSAGE][PASSED] - All options with index in [11] are selected on object 'Object Repository/DispensaryToStore/Page_Store/select_--Select--Adernaline 0.'

2018-06-09 16:17:50 - [TEST_STEP][PASSED] - delay: Delayed 2 second(s)

2018-06-09 16:17:52 - [MESSAGE][PASSED] - Delayed 2 second(s)

2018-06-09 16:17:52 - [TEST_STEP][PASSED] - Statement - RequestedQty = com.kms.katalon.core.webui.keyword.WebUiBuiltInKeywords.getAttribute(com.kms.katalon.core.testobject.ObjectRepository.findTestObject(DispensaryToStore/Page_Store/input_txttotal), "value"): Attribute 'value' of object 'Object Repository/DispensaryToStore/Page_Store/input_txttotal' is: '10'

2018-06-09 16:17:52 - [MESSAGE][PASSED] - Attribute 'value' of object 'Object Repository/DispensaryToStore/Page_Store/input_txttotal' is: '10'

2018-06-09 16:17:52 - [TEST_STEP][PASSED] - Statement - out.println("Requested QTY : " + RequestedQty): null

2018-06-09 16:17:52 - [TEST_STEP][PASSED] - Statement - BatchNumber = com.kms.katalon.core.webui.keyword.WebUiBuiltInKeywords.getNumberOfTotalOption(com.kms.katalon.core.testobject.ObjectRepository.findTestObject(DispensaryToStore/Page_Store/select_--Select--BA1170BA2376B)): 3 options of object 'Object Repository/DispensaryToStore/Page_Store/select_--Select--BA1170BA2376B' counted

2018-06-09 16:17:52 - [MESSAGE][PASSED] - 3 options of object 'Object Repository/DispensaryToStore/Page_Store/select_--Select--BA1170BA2376B' counted

2018-06-09 16:17:52 - [TEST_STEP][PASSED] - Statement - For ([g = 1, g <= BatchNumber - 1, (g++)]): null

2018-06-09 16:17:52 - [TEST_STEP][PASSED] - selectOptionByIndex: All options with index in [1] are selected on object 'Object Repository/DispensaryToStore/Page_Store/select_--Select--BA1170BA2376B'

2018-06-09 16:17:53 - [MESSAGE][PASSED] - All options with index in [1] are selected on object 'Object Repository/DispensaryToStore/Page_Store/select_--Select--BA1170BA2376B'

2018-06-09 16:17:53 - [TEST_STEP][PASSED] - Statement - Try: null

2018-06-09 16:17:53 - [TEST_STEP][PASSED] - Statement - StockQty = com.kms.katalon.core.webui.keyword.WebUiBuiltInKeywords.getAttribute(com.kms.katalon.core.testobject.ObjectRepository.findTestObject(DispensaryToStore/Page_Store/input_txtprice), "value"): Attribute 'value' of object 'Object Repository/DispensaryToStore/Page_Store/input_txtprice' is: '410'

2018-06-09 16:17:53 - [MESSAGE][PASSED] - Attribute 'value' of object 'Object Repository/DispensaryToStore/Page_Store/input_txtprice' is: '410'

2018-06-09 16:17:53 - [TEST_STEP][PASSED] - Statement - out.println("Stock QTY : " + StockQty): null

2018-06-09 16:17:53 - [TEST_STEP][PASSED] - delay: Delayed 2 second(s)

2018-06-09 16:17:55 - [MESSAGE][PASSED] - Delayed 2 second(s)

2018-06-09 16:17:55 - [TEST_STEP][PASSED] - Statement - If (java.lang.String.valueOf(StockQty) >= java.lang.String.valueOf(RequestedQty)): null

2018-06-09 16:17:55 - [TEST_STEP][PASSED] - setText: Text '10' is set on object 'Object Repository/DispensaryToStore/Page_Store/input_txtqty'

2018-06-09 16:17:55 - [MESSAGE][PASSED] - Text '10' is set on object 'Object Repository/DispensaryToStore/Page_Store/input_txtqty'

2018-06-09 16:17:55 - [TEST_STEP][PASSED] - click: Object: 'Object Repository/DispensaryToStore/Page_Store/button_Add' is clicked on

2018-06-09 16:17:55 - [MESSAGE][PASSED] - Object: 'Object Repository/DispensaryToStore/Page_Store/button_Add' is clicked on

2018-06-09 16:17:55 - [TEST_STEP][PASSED] - Statement - Break: null

2018-06-09 16:17:55 - [TEST_STEP][PASSED] - selectOptionByIndex: All options with index in [12] are selected on object 'Object Repository/DispensaryToStore/Page_Store/select_--Select--Adernaline 0.'

2018-06-09 16:17:55 - [MESSAGE][PASSED] - All options with index in [12] are selected on object 'Object Repository/DispensaryToStore/Page_Store/select_--Select--Adernaline 0.'

2018-06-09 16:17:55 - [TEST_STEP][PASSED] - delay: Delayed 2 second(s)

2018-06-09 16:17:57 - [MESSAGE][PASSED] - Delayed 2 second(s)

2018-06-09 16:17:57 - [TEST_STEP][PASSED] - Statement - RequestedQty = com.kms.katalon.core.webui.keyword.WebUiBuiltInKeywords.getAttribute(com.kms.katalon.core.testobject.ObjectRepository.findTestObject(DispensaryToStore/Page_Store/input_txttotal), "value"): Attribute 'value' of object 'Object Repository/DispensaryToStore/Page_Store/input_txttotal' is: '10'

2018-06-09 16:17:57 - [MESSAGE][PASSED] - Attribute 'value' of object 'Object Repository/DispensaryToStore/Page_Store/input_txttotal' is: '10'

2018-06-09 16:17:57 - [TEST_STEP][PASSED] - Statement - out.println("Requested QTY : " + RequestedQty): null

2018-06-09 16:17:57 - [TEST_STEP][PASSED] - Statement - BatchNumber = com.kms.katalon.core.webui.keyword.WebUiBuiltInKeywords.getNumberOfTotalOption(com.kms.katalon.core.testobject.ObjectRepository.findTestObject(DispensaryToStore/Page_Store/select_--Select--BA1170BA2376B)): 3 options of object 'Object Repository/DispensaryToStore/Page_Store/select_--Select--BA1170BA2376B' counted

2018-06-09 16:17:57 - [MESSAGE][PASSED] - 3 options of object 'Object Repository/DispensaryToStore/Page_Store/select_--Select--BA1170BA2376B' counted

2018-06-09 16:17:57 - [TEST_STEP][PASSED] - Statement - For ([g = 1, g <= BatchNumber - 1, (g++)]): null

2018-06-09 16:17:57 - [TEST_STEP][PASSED] - selectOptionByIndex: All options with index in [1] are selected on object 'Object Repository/DispensaryToStore/Page_Store/select_--Select--BA1170BA2376B'

2018-06-09 16:17:57 - [MESSAGE][PASSED] - All options with index in [1] are selected on object 'Object Repository/DispensaryToStore/Page_Store/select_--Select--BA1170BA2376B'

2018-06-09 16:17:57 - [TEST_STEP][PASSED] - Statement - Try: null

2018-06-09 16:17:57 - [TEST_STEP][PASSED] - Statement - StockQty = com.kms.katalon.core.webui.keyword.WebUiBuiltInKeywords.getAttribute(com.kms.katalon.core.testobject.ObjectRepository.findTestObject(DispensaryToStore/Page_Store/input_txtprice), "value"): Attribute 'value' of object 'Object Repository/DispensaryToStore/Page_Store/input_txtprice' is: '410'

2018-06-09 16:17:57 - [MESSAGE][PASSED] - Attribute 'value' of object 'Object Repository/DispensaryToStore/Page_Store/input_txtprice' is: '410'

2018-06-09 16:17:57 - [TEST_STEP][PASSED] - Statement - out.println("Stock QTY : " + StockQty): null

2018-06-09 16:17:57 - [TEST_STEP][PASSED] - delay: Delayed 2 second(s)

2018-06-09 16:17:59 - [MESSAGE][PASSED] - Delayed 2 second(s)

2018-06-09 16:17:59 - [TEST_STEP][PASSED] - Statement - If (java.lang.String.valueOf(StockQty) >= java.lang.String.valueOf(RequestedQty)): null

2018-06-09 16:17:59 - [TEST_STEP][PASSED] - setText: Text '10' is set on object 'Object Repository/DispensaryToStore/Page_Store/input_txtqty'

2018-06-09 16:17:59 - [MESSAGE][PASSED] - Text '10' is set on object 'Object Repository/DispensaryToStore/Page_Store/input_txtqty'

2018-06-09 16:17:59 - [TEST_STEP][PASSED] - click: Object: 'Object Repository/DispensaryToStore/Page_Store/button_Add' is clicked on

2018-06-09 16:17:59 - [MESSAGE][PASSED] - Object: 'Object Repository/DispensaryToStore/Page_Store/button_Add' is clicked on

2018-06-09 16:17:59 - [TEST_STEP][PASSED] - Statement - Break: null

2018-06-09 16:17:59 - [TEST_STEP][PASSED] - selectOptionByIndex: All options with index in [13] are selected on object 'Object Repository/DispensaryToStore/Page_Store/select_--Select--Adernaline 0.'

2018-06-09 16:18:00 - [MESSAGE][PASSED] - All options with index in [13] are selected on object 'Object Repository/DispensaryToStore/Page_Store/select_--Select--Adernaline 0.'

2018-06-09 16:18:00 - [TEST_STEP][PASSED] - delay: Delayed 2 second(s)

2018-06-09 16:18:02 - [MESSAGE][PASSED] - Delayed 2 second(s)

2018-06-09 16:18:02 - [TEST_STEP][PASSED] - Statement - RequestedQty = com.kms.katalon.core.webui.keyword.WebUiBuiltInKeywords.getAttribute(com.kms.katalon.core.testobject.ObjectRepository.findTestObject(DispensaryToStore/Page_Store/input_txttotal), "value"): Attribute 'value' of object 'Object Repository/DispensaryToStore/Page_Store/input_txttotal' is: '10'

2018-06-09 16:18:02 - [MESSAGE][PASSED] - Attribute 'value' of object 'Object Repository/DispensaryToStore/Page_Store/input_txttotal' is: '10'

2018-06-09 16:18:02 - [TEST_STEP][PASSED] - Statement - out.println("Requested QTY : " + RequestedQty): null

2018-06-09 16:18:02 - [TEST_STEP][PASSED] - Statement - BatchNumber = com.kms.katalon.core.webui.keyword.WebUiBuiltInKeywords.getNumberOfTotalOption(com.kms.katalon.core.testobject.ObjectRepository.findTestObject(DispensaryToStore/Page_Store/select_--Select--BA1170BA2376B)): 4 options of object 'Object Repository/DispensaryToStore/Page_Store/select_--Select--BA1170BA2376B' counted

2018-06-09 16:18:02 - [MESSAGE][PASSED] - 4 options of object 'Object Repository/DispensaryToStore/Page_Store/select_--Select--BA1170BA2376B' counted

2018-06-09 16:18:02 - [TEST_STEP][PASSED] - Statement - For ([g = 1, g <= BatchNumber - 1, (g++)]): null

2018-06-09 16:18:02 - [TEST_STEP][PASSED] - selectOptionByIndex: All options with index in [1] are selected on object 'Object Repository/DispensaryToStore/Page_Store/select_--Select--BA1170BA2376B'

2018-06-09 16:18:02 - [MESSAGE][PASSED] - All options with index in [1] are selected on object 'Object Repository/DispensaryToStore/Page_Store/select_--Select--BA1170BA2376B'

2018-06-09 16:18:02 - [TEST_STEP][PASSED] - Statement - Try: null

2018-06-09 16:18:02 - [TEST_STEP][PASSED] - Statement - StockQty = com.kms.katalon.core.webui.keyword.WebUiBuiltInKeywords.getAttribute(com.kms.katalon.core.testobject.ObjectRepository.findTestObject(DispensaryToStore/Page_Store/input_txtprice), "value"): Attribute 'value' of object 'Object Repository/DispensaryToStore/Page_Store/input_txtprice' is: '410'

2018-06-09 16:18:02 - [MESSAGE][PASSED] - Attribute 'value' of object 'Object Repository/DispensaryToStore/Page_Store/input_txtprice' is: '410'

2018-06-09 16:18:02 - [TEST_STEP][PASSED] - Statement - out.println("Stock QTY : " + StockQty): null

2018-06-09 16:18:02 - [TEST_STEP][PASSED] - delay: Delayed 2 second(s)

2018-06-09 16:18:04 - [MESSAGE][PASSED] - Delayed 2 second(s)

2018-06-09 16:18:04 - [TEST_STEP][PASSED] - Statement - If (java.lang.String.valueOf(StockQty) >= java.lang.String.valueOf(RequestedQty)): null

2018-06-09 16:18:04 - [TEST_STEP][PASSED] - setText: Text '10' is set on object 'Object Repository/DispensaryToStore/Page_Store/input_txtqty'

2018-06-09 16:18:04 - [MESSAGE][PASSED] - Text '10' is set on object 'Object Repository/DispensaryToStore/Page_Store/input_txtqty'

2018-06-09 16:18:04 - [TEST_STEP][PASSED] - click: Object: 'Object Repository/DispensaryToStore/Page_Store/button_Add' is clicked on

2018-06-09 16:18:04 - [MESSAGE][PASSED] - Object: 'Object Repository/DispensaryToStore/Page_Store/button_Add' is clicked on

2018-06-09 16:18:04 - [TEST_STEP][PASSED] - Statement - Break: null

2018-06-09 16:18:04 - [TEST_STEP][PASSED] - selectOptionByIndex: All options with index in [14] are selected on object 'Object Repository/DispensaryToStore/Page_Store/select_--Select--Adernaline 0.'

2018-06-09 16:18:04 - [MESSAGE][PASSED] - All options with index in [14] are selected on object 'Object Repository/DispensaryToStore/Page_Store/select_--Select--Adernaline 0.'

2018-06-09 16:18:04 - [TEST_STEP][PASSED] - delay: Delayed 2 second(s)

2018-06-09 16:18:06 - [MESSAGE][PASSED] - Delayed 2 second(s)

2018-06-09 16:18:06 - [TEST_STEP][PASSED] - Statement - RequestedQty = com.kms.katalon.core.webui.keyword.WebUiBuiltInKeywords.getAttribute(com.kms.katalon.core.testobject.ObjectRepository.findTestObject(DispensaryToStore/Page_Store/input_txttotal), "value"): Attribute 'value' of object 'Object Repository/DispensaryToStore/Page_Store/input_txttotal' is: '10'

2018-06-09 16:18:06 - [MESSAGE][PASSED] - Attribute 'value' of object 'Object Repository/DispensaryToStore/Page_Store/input_txttotal' is: '10'

2018-06-09 16:18:06 - [TEST_STEP][PASSED] - Statement - out.println("Requested QTY : " + RequestedQty): null

2018-06-09 16:18:06 - [TEST_STEP][PASSED] - Statement - BatchNumber = com.kms.katalon.core.webui.keyword.WebUiBuiltInKeywords.getNumberOfTotalOption(com.kms.katalon.core.testobject.ObjectRepository.findTestObject(DispensaryToStore/Page_Store/select_--Select--BA1170BA2376B)): 2 options of object 'Object Repository/DispensaryToStore/Page_Store/select_--Select--BA1170BA2376B' counted

2018-06-09 16:18:07 - [MESSAGE][PASSED] - 2 options of object 'Object Repository/DispensaryToStore/Page_Store/select_--Select--BA1170BA2376B' counted

2018-06-09 16:18:07 - [TEST_STEP][PASSED] - Statement - For ([g = 1, g <= BatchNumber - 1, (g++)]): null

2018-06-09 16:18:07 - [TEST_STEP][PASSED] - selectOptionByIndex: All options with index in [1] are selected on object 'Object Repository/DispensaryToStore/Page_Store/select_--Select--BA1170BA2376B'

2018-06-09 16:18:07 - [MESSAGE][PASSED] - All options with index in [1] are selected on object 'Object Repository/DispensaryToStore/Page_Store/select_--Select--BA1170BA2376B'

2018-06-09 16:18:07 - [TEST_STEP][PASSED] - Statement - Try: null

2018-06-09 16:18:07 - [TEST_STEP][PASSED] - Statement - StockQty = com.kms.katalon.core.webui.keyword.WebUiBuiltInKeywords.getAttribute(com.kms.katalon.core.testobject.ObjectRepository.findTestObject(DispensaryToStore/Page_Store/input_txtprice), "value"): Attribute 'value' of object 'Object Repository/DispensaryToStore/Page_Store/input_txtprice' is: '810'

2018-06-09 16:18:07 - [MESSAGE][PASSED] - Attribute 'value' of object 'Object Repository/DispensaryToStore/Page_Store/input_txtprice' is: '810'

2018-06-09 16:18:07 - [TEST_STEP][PASSED] - Statement - out.println("Stock QTY : " + StockQty): null

2018-06-09 16:18:07 - [TEST_STEP][PASSED] - delay: Delayed 2 second(s)

2018-06-09 16:18:09 - [MESSAGE][PASSED] - Delayed 2 second(s)

2018-06-09 16:18:09 - [TEST_STEP][PASSED] - Statement - If (java.lang.String.valueOf(StockQty) >= java.lang.String.valueOf(RequestedQty)): null

2018-06-09 16:18:09 - [TEST_STEP][PASSED] - setText: Text '10' is set on object 'Object Repository/DispensaryToStore/Page_Store/input_txtqty'

2018-06-09 16:18:09 - [MESSAGE][PASSED] - Text '10' is set on object 'Object Repository/DispensaryToStore/Page_Store/input_txtqty'

2018-06-09 16:18:09 - [TEST_STEP][PASSED] - click: Object: 'Object Repository/DispensaryToStore/Page_Store/button_Add' is clicked on

2018-06-09 16:18:09 - [MESSAGE][PASSED] - Object: 'Object Repository/DispensaryToStore/Page_Store/button_Add' is clicked on

2018-06-09 16:18:09 - [TEST_STEP][PASSED] - Statement - Break: null

2018-06-09 16:18:09 - [TEST_STEP][PASSED] - selectOptionByIndex: All options with index in [15] are selected on object 'Object Repository/DispensaryToStore/Page_Store/select_--Select--Adernaline 0.'

2018-06-09 16:18:09 - [MESSAGE][PASSED] - All options with index in [15] are selected on object 'Object Repository/DispensaryToStore/Page_Store/select_--Select--Adernaline 0.'

2018-06-09 16:18:09 - [TEST_STEP][PASSED] - delay: Delayed 2 second(s)

2018-06-09 16:18:11 - [MESSAGE][PASSED] - Delayed 2 second(s)

2018-06-09 16:18:11 - [TEST_STEP][PASSED] - Statement - RequestedQty = com.kms.katalon.core.webui.keyword.WebUiBuiltInKeywords.getAttribute(com.kms.katalon.core.testobject.ObjectRepository.findTestObject(DispensaryToStore/Page_Store/input_txttotal), "value"): Attribute 'value' of object 'Object Repository/DispensaryToStore/Page_Store/input_txttotal' is: '10'

2018-06-09 16:18:11 - [MESSAGE][PASSED] - Attribute 'value' of object 'Object Repository/DispensaryToStore/Page_Store/input_txttotal' is: '10'

2018-06-09 16:18:11 - [TEST_STEP][PASSED] - Statement - out.println("Requested QTY : " + RequestedQty): null

2018-06-09 16:18:11 - [TEST_STEP][PASSED] - Statement - BatchNumber = com.kms.katalon.core.webui.keyword.WebUiBuiltInKeywords.getNumberOfTotalOption(com.kms.katalon.core.testobject.ObjectRepository.findTestObject(DispensaryToStore/Page_Store/select_--Select--BA1170BA2376B)): 2 options of object 'Object Repository/DispensaryToStore/Page_Store/select_--Select--BA1170BA2376B' counted

2018-06-09 16:18:11 - [MESSAGE][PASSED] - 2 options of object 'Object Repository/DispensaryToStore/Page_Store/select_--Select--BA1170BA2376B' counted

2018-06-09 16:18:11 - [TEST_STEP][PASSED] - Statement - For ([g = 1, g <= BatchNumber - 1, (g++)]): null

2018-06-09 16:18:11 - [TEST_STEP][PASSED] - selectOptionByIndex: All options with index in [1] are selected on object 'Object Repository/DispensaryToStore/Page_Store/select_--Select--BA1170BA2376B'

2018-06-09 16:18:11 - [MESSAGE][PASSED] - All options with index in [1] are selected on object 'Object Repository/DispensaryToStore/Page_Store/select_--Select--BA1170BA2376B'

2018-06-09 16:18:11 - [TEST_STEP][PASSED] - Statement - Try: null

2018-06-09 16:18:11 - [TEST_STEP][PASSED] - Statement - StockQty = com.kms.katalon.core.webui.keyword.WebUiBuiltInKeywords.getAttribute(com.kms.katalon.core.testobject.ObjectRepository.findTestObject(DispensaryToStore/Page_Store/input_txtprice), "value"): Attribute 'value' of object 'Object Repository/DispensaryToStore/Page_Store/input_txtprice' is: '810'

2018-06-09 16:18:11 - [MESSAGE][PASSED] - Attribute 'value' of object 'Object Repository/DispensaryToStore/Page_Store/input_txtprice' is: '810'

2018-06-09 16:18:11 - [TEST_STEP][PASSED] - Statement - out.println("Stock QTY : " + StockQty): null

2018-06-09 16:18:11 - [TEST_STEP][PASSED] - delay: Delayed 2 second(s)

2018-06-09 16:18:13 - [MESSAGE][PASSED] - Delayed 2 second(s)

2018-06-09 16:18:13 - [TEST_STEP][PASSED] - Statement - If (java.lang.String.valueOf(StockQty) >= java.lang.String.valueOf(RequestedQty)): null

2018-06-09 16:18:13 - [TEST_STEP][PASSED] - setText: Text '10' is set on object 'Object Repository/DispensaryToStore/Page_Store/input_txtqty'

2018-06-09 16:18:14 - [MESSAGE][PASSED] - Text '10' is set on object 'Object Repository/DispensaryToStore/Page_Store/input_txtqty'

2018-06-09 16:18:14 - [TEST_STEP][PASSED] - click: Object: 'Object Repository/DispensaryToStore/Page_Store/button_Add' is clicked on

2018-06-09 16:18:14 - [MESSAGE][PASSED] - Object: 'Object Repository/DispensaryToStore/Page_Store/button_Add' is clicked on

2018-06-09 16:18:14 - [TEST_STEP][PASSED] - Statement - Break: null

2018-06-09 16:18:14 - [TEST_STEP][PASSED] - selectOptionByIndex: All options with index in [16] are selected on object 'Object Repository/DispensaryToStore/Page_Store/select_--Select--Adernaline 0.'

2018-06-09 16:18:14 - [MESSAGE][PASSED] - All options with index in [16] are selected on object 'Object Repository/DispensaryToStore/Page_Store/select_--Select--Adernaline 0.'

2018-06-09 16:18:14 - [TEST_STEP][PASSED] - delay: Delayed 2 second(s)

2018-06-09 16:18:16 - [MESSAGE][PASSED] - Delayed 2 second(s)

2018-06-09 16:18:16 - [TEST_STEP][PASSED] - Statement - RequestedQty = com.kms.katalon.core.webui.keyword.WebUiBuiltInKeywords.getAttribute(com.kms.katalon.core.testobject.ObjectRepository.findTestObject(DispensaryToStore/Page_Store/input_txttotal), "value"): Attribute 'value' of object 'Object Repository/DispensaryToStore/Page_Store/input_txttotal' is: '10'

2018-06-09 16:18:16 - [MESSAGE][PASSED] - Attribute 'value' of object 'Object Repository/DispensaryToStore/Page_Store/input_txttotal' is: '10'

2018-06-09 16:18:16 - [TEST_STEP][PASSED] - Statement - out.println("Requested QTY : " + RequestedQty): null

2018-06-09 16:18:16 - [TEST_STEP][PASSED] - Statement - BatchNumber = com.kms.katalon.core.webui.keyword.WebUiBuiltInKeywords.getNumberOfTotalOption(com.kms.katalon.core.testobject.ObjectRepository.findTestObject(DispensaryToStore/Page_Store/select_--Select--BA1170BA2376B)): 3 options of object 'Object Repository/DispensaryToStore/Page_Store/select_--Select--BA1170BA2376B' counted

2018-06-09 16:18:16 - [MESSAGE][PASSED] - 3 options of object 'Object Repository/DispensaryToStore/Page_Store/select_--Select--BA1170BA2376B' counted

2018-06-09 16:18:16 - [TEST_STEP][PASSED] - Statement - For ([g = 1, g <= BatchNumber - 1, (g++)]): null

2018-06-09 16:18:16 - [TEST_STEP][PASSED] - selectOptionByIndex: All options with index in [1] are selected on object 'Object Repository/DispensaryToStore/Page_Store/select_--Select--BA1170BA2376B'

2018-06-09 16:18:16 - [MESSAGE][PASSED] - All options with index in [1] are selected on object 'Object Repository/DispensaryToStore/Page_Store/select_--Select--BA1170BA2376B'

2018-06-09 16:18:16 - [TEST_STEP][PASSED] - Statement - Try: null

2018-06-09 16:18:16 - [TEST_STEP][PASSED] - Statement - StockQty = com.kms.katalon.core.webui.keyword.WebUiBuiltInKeywords.getAttribute(com.kms.katalon.core.testobject.ObjectRepository.findTestObject(DispensaryToStore/Page_Store/input_txtprice), "value"): Attribute 'value' of object 'Object Repository/DispensaryToStore/Page_Store/input_txtprice' is: '310'

2018-06-09 16:18:16 - [MESSAGE][PASSED] - Attribute 'value' of object 'Object Repository/DispensaryToStore/Page_Store/input_txtprice' is: '310'

2018-06-09 16:18:16 - [TEST_STEP][PASSED] - Statement - out.println("Stock QTY : " + StockQty): null

2018-06-09 16:18:16 - [TEST_STEP][PASSED] - delay: Delayed 2 second(s)

2018-06-09 16:18:18 - [MESSAGE][PASSED] - Delayed 2 second(s)

2018-06-09 16:18:18 - [TEST_STEP][PASSED] - Statement - If (java.lang.String.valueOf(StockQty) >= java.lang.String.valueOf(RequestedQty)): null

2018-06-09 16:18:18 - [TEST_STEP][PASSED] - setText: Text '10' is set on object 'Object Repository/DispensaryToStore/Page_Store/input_txtqty'

2018-06-09 16:18:18 - [MESSAGE][PASSED] - Text '10' is set on object 'Object Repository/DispensaryToStore/Page_Store/input_txtqty'

2018-06-09 16:18:18 - [TEST_STEP][PASSED] - click: Object: 'Object Repository/DispensaryToStore/Page_Store/button_Add' is clicked on

2018-06-09 16:18:18 - [MESSAGE][PASSED] - Object: 'Object Repository/DispensaryToStore/Page_Store/button_Add' is clicked on

2018-06-09 16:18:18 - [TEST_STEP][PASSED] - Statement - Break: null

2018-06-09 16:18:18 - [TEST_STEP][PASSED] - selectOptionByIndex: All options with index in [17] are selected on object 'Object Repository/DispensaryToStore/Page_Store/select_--Select--Adernaline 0.'

2018-06-09 16:18:19 - [MESSAGE][PASSED] - All options with index in [17] are selected on object 'Object Repository/DispensaryToStore/Page_Store/select_--Select--Adernaline 0.'

2018-06-09 16:18:19 - [TEST_STEP][PASSED] - delay: Delayed 2 second(s)

2018-06-09 16:18:21 - [MESSAGE][PASSED] - Delayed 2 second(s)

2018-06-09 16:18:21 - [TEST_STEP][PASSED] - Statement - RequestedQty = com.kms.katalon.core.webui.keyword.WebUiBuiltInKeywords.getAttribute(com.kms.katalon.core.testobject.ObjectRepository.findTestObject(DispensaryToStore/Page_Store/input_txttotal), "value"): Attribute 'value' of object 'Object Repository/DispensaryToStore/Page_Store/input_txttotal' is: '10'

2018-06-09 16:18:21 - [MESSAGE][PASSED] - Attribute 'value' of object 'Object Repository/DispensaryToStore/Page_Store/input_txttotal' is: '10'

2018-06-09 16:18:21 - [TEST_STEP][PASSED] - Statement - out.println("Requested QTY : " + RequestedQty): null

2018-06-09 16:18:21 - [TEST_STEP][PASSED] - Statement - BatchNumber = com.kms.katalon.core.webui.keyword.WebUiBuiltInKeywords.getNumberOfTotalOption(com.kms.katalon.core.testobject.ObjectRepository.findTestObject(DispensaryToStore/Page_Store/select_--Select--BA1170BA2376B)): 2 options of object 'Object Repository/DispensaryToStore/Page_Store/select_--Select--BA1170BA2376B' counted

2018-06-09 16:18:21 - [MESSAGE][PASSED] - 2 options of object 'Object Repository/DispensaryToStore/Page_Store/select_--Select--BA1170BA2376B' counted

2018-06-09 16:18:21 - [TEST_STEP][PASSED] - Statement - For ([g = 1, g <= BatchNumber - 1, (g++)]): null

2018-06-09 16:18:21 - [TEST_STEP][PASSED] - selectOptionByIndex: All options with index in [1] are selected on object 'Object Repository/DispensaryToStore/Page_Store/select_--Select--BA1170BA2376B'

2018-06-09 16:18:21 - [MESSAGE][PASSED] - All options with index in [1] are selected on object 'Object Repository/DispensaryToStore/Page_Store/select_--Select--BA1170BA2376B'

2018-06-09 16:18:21 - [TEST_STEP][PASSED] - Statement - Try: null

2018-06-09 16:18:21 - [TEST_STEP][PASSED] - Statement - StockQty = com.kms.katalon.core.webui.keyword.WebUiBuiltInKeywords.getAttribute(com.kms.katalon.core.testobject.ObjectRepository.findTestObject(DispensaryToStore/Page_Store/input_txtprice), "value"): Attribute 'value' of object 'Object Repository/DispensaryToStore/Page_Store/input_txtprice' is: '810'

2018-06-09 16:18:21 - [MESSAGE][PASSED] - Attribute 'value' of object 'Object Repository/DispensaryToStore/Page_Store/input_txtprice' is: '810'

2018-06-09 16:18:21 - [TEST_STEP][PASSED] - Statement - out.println("Stock QTY : " + StockQty): null

2018-06-09 16:18:21 - [TEST_STEP][PASSED] - delay: Delayed 2 second(s)

2018-06-09 16:18:23 - [MESSAGE][PASSED] - Delayed 2 second(s)

2018-06-09 16:18:23 - [TEST_STEP][PASSED] - Statement - If (java.lang.String.valueOf(StockQty) >= java.lang.String.valueOf(RequestedQty)): null

2018-06-09 16:18:23 - [TEST_STEP][PASSED] - setText: Text '10' is set on object 'Object Repository/DispensaryToStore/Page_Store/input_txtqty'

2018-06-09 16:18:23 - [MESSAGE][PASSED] - Text '10' is set on object 'Object Repository/DispensaryToStore/Page_Store/input_txtqty'

2018-06-09 16:18:23 - [TEST_STEP][PASSED] - click: Object: 'Object Repository/DispensaryToStore/Page_Store/button_Add' is clicked on

2018-06-09 16:18:23 - [MESSAGE][PASSED] - Object: 'Object Repository/DispensaryToStore/Page_Store/button_Add' is clicked on

2018-06-09 16:18:23 - [TEST_STEP][PASSED] - Statement - Break: null

2018-06-09 16:18:23 - [TEST_STEP][PASSED] - selectOptionByIndex: All options with index in [18] are selected on object 'Object Repository/DispensaryToStore/Page_Store/select_--Select--Adernaline 0.'

2018-06-09 16:18:23 - [MESSAGE][PASSED] - All options with index in [18] are selected on object 'Object Repository/DispensaryToStore/Page_Store/select_--Select--Adernaline 0.'

2018-06-09 16:18:23 - [TEST_STEP][PASSED] - delay: Delayed 2 second(s)

2018-06-09 16:18:25 - [MESSAGE][PASSED] - Delayed 2 second(s)

2018-06-09 16:18:25 - [TEST_STEP][PASSED] - Statement - RequestedQty = com.kms.katalon.core.webui.keyword.WebUiBuiltInKeywords.getAttribute(com.kms.katalon.core.testobject.ObjectRepository.findTestObject(DispensaryToStore/Page_Store/input_txttotal), "value"): Attribute 'value' of object 'Object Repository/DispensaryToStore/Page_Store/input_txttotal' is: '10'

2018-06-09 16:18:25 - [MESSAGE][PASSED] - Attribute 'value' of object 'Object Repository/DispensaryToStore/Page_Store/input_txttotal' is: '10'

2018-06-09 16:18:25 - [TEST_STEP][PASSED] - Statement - out.println("Requested QTY : " + RequestedQty): null

2018-06-09 16:18:25 - [TEST_STEP][PASSED] - Statement - BatchNumber = com.kms.katalon.core.webui.keyword.WebUiBuiltInKeywords.getNumberOfTotalOption(com.kms.katalon.core.testobject.ObjectRepository.findTestObject(DispensaryToStore/Page_Store/select_--Select--BA1170BA2376B)): 2 options of object 'Object Repository/DispensaryToStore/Page_Store/select_--Select--BA1170BA2376B' counted

2018-06-09 16:18:25 - [MESSAGE][PASSED] - 2 options of object 'Object Repository/DispensaryToStore/Page_Store/select_--Select--BA1170BA2376B' counted

2018-06-09 16:18:25 - [TEST_STEP][PASSED] - Statement - For ([g = 1, g <= BatchNumber - 1, (g++)]): null

2018-06-09 16:18:25 - [TEST_STEP][PASSED] - selectOptionByIndex: All options with index in [1] are selected on object 'Object Repository/DispensaryToStore/Page_Store/select_--Select--BA1170BA2376B'

2018-06-09 16:18:26 - [MESSAGE][PASSED] - All options with index in [1] are selected on object 'Object Repository/DispensaryToStore/Page_Store/select_--Select--BA1170BA2376B'

2018-06-09 16:18:26 - [TEST_STEP][PASSED] - Statement - Try: null

2018-06-09 16:18:26 - [TEST_STEP][PASSED] - Statement - StockQty = com.kms.katalon.core.webui.keyword.WebUiBuiltInKeywords.getAttribute(com.kms.katalon.core.testobject.ObjectRepository.findTestObject(DispensaryToStore/Page_Store/input_txtprice), "value"): Attribute 'value' of object 'Object Repository/DispensaryToStore/Page_Store/input_txtprice' is: '810'

2018-06-09 16:18:26 - [MESSAGE][PASSED] - Attribute 'value' of object 'Object Repository/DispensaryToStore/Page_Store/input_txtprice' is: '810'

2018-06-09 16:18:26 - [TEST_STEP][PASSED] - Statement - out.println("Stock QTY : " + StockQty): null

2018-06-09 16:18:26 - [TEST_STEP][PASSED] - delay: Delayed 2 second(s)

2018-06-09 16:18:28 - [MESSAGE][PASSED] - Delayed 2 second(s)

2018-06-09 16:18:28 - [TEST_STEP][PASSED] - Statement - If (java.lang.String.valueOf(StockQty) >= java.lang.String.valueOf(RequestedQty)): null

2018-06-09 16:18:28 - [TEST_STEP][PASSED] - setText: Text '10' is set on object 'Object Repository/DispensaryToStore/Page_Store/input_txtqty'

2018-06-09 16:18:28 - [MESSAGE][PASSED] - Text '10' is set on object 'Object Repository/DispensaryToStore/Page_Store/input_txtqty'

2018-06-09 16:18:28 - [TEST_STEP][PASSED] - click: Object: 'Object Repository/DispensaryToStore/Page_Store/button_Add' is clicked on

2018-06-09 16:18:28 - [MESSAGE][PASSED] - Object: 'Object Repository/DispensaryToStore/Page_Store/button_Add' is clicked on

2018-06-09 16:18:28 - [TEST_STEP][PASSED] - Statement - Break: null

2018-06-09 16:18:28 - [TEST_STEP][PASSED] - selectOptionByIndex: All options with index in [19] are selected on object 'Object Repository/DispensaryToStore/Page_Store/select_--Select--Adernaline 0.'

2018-06-09 16:18:28 - [MESSAGE][PASSED] - All options with index in [19] are selected on object 'Object Repository/DispensaryToStore/Page_Store/select_--Select--Adernaline 0.'

2018-06-09 16:18:28 - [TEST_STEP][PASSED] - delay: Delayed 2 second(s)

2018-06-09 16:18:30 - [MESSAGE][PASSED] - Delayed 2 second(s)

2018-06-09 16:18:30 - [TEST_STEP][PASSED] - Statement - RequestedQty = com.kms.katalon.core.webui.keyword.WebUiBuiltInKeywords.getAttribute(com.kms.katalon.core.testobject.ObjectRepository.findTestObject(DispensaryToStore/Page_Store/input_txttotal), "value"): Attribute 'value' of object 'Object Repository/DispensaryToStore/Page_Store/input_txttotal' is: '10'

2018-06-09 16:18:30 - [MESSAGE][PASSED] - Attribute 'value' of object 'Object Repository/DispensaryToStore/Page_Store/input_txttotal' is: '10'

2018-06-09 16:18:30 - [TEST_STEP][PASSED] - Statement - out.println("Requested QTY : " + RequestedQty): null

2018-06-09 16:18:30 - [TEST_STEP][PASSED] - Statement - BatchNumber = com.kms.katalon.core.webui.keyword.WebUiBuiltInKeywords.getNumberOfTotalOption(com.kms.katalon.core.testobject.ObjectRepository.findTestObject(DispensaryToStore/Page_Store/select_--Select--BA1170BA2376B)): 2 options of object 'Object Repository/DispensaryToStore/Page_Store/select_--Select--BA1170BA2376B' counted

2018-06-09 16:18:30 - [MESSAGE][PASSED] - 2 options of object 'Object Repository/DispensaryToStore/Page_Store/select_--Select--BA1170BA2376B' counted

2018-06-09 16:18:30 - [TEST_STEP][PASSED] - Statement - For ([g = 1, g <= BatchNumber - 1, (g++)]): null

2018-06-09 16:18:30 - [TEST_STEP][PASSED] - selectOptionByIndex: All options with index in [1] are selected on object 'Object Repository/DispensaryToStore/Page_Store/select_--Select--BA1170BA2376B'

2018-06-09 16:18:30 - [MESSAGE][PASSED] - All options with index in [1] are selected on object 'Object Repository/DispensaryToStore/Page_Store/select_--Select--BA1170BA2376B'

2018-06-09 16:18:30 - [TEST_STEP][PASSED] - Statement - Try: null

2018-06-09 16:18:30 - [TEST_STEP][PASSED] - Statement - StockQty = com.kms.katalon.core.webui.keyword.WebUiBuiltInKeywords.getAttribute(com.kms.katalon.core.testobject.ObjectRepository.findTestObject(DispensaryToStore/Page_Store/input_txtprice), "value"): Attribute 'value' of object 'Object Repository/DispensaryToStore/Page_Store/input_txtprice' is: '810'

2018-06-09 16:18:30 - [MESSAGE][PASSED] - Attribute 'value' of object 'Object Repository/DispensaryToStore/Page_Store/input_txtprice' is: '810'

2018-06-09 16:18:30 - [TEST_STEP][PASSED] - Statement - out.println("Stock QTY : " + StockQty): null

2018-06-09 16:18:30 - [TEST_STEP][PASSED] - delay: Delayed 2 second(s)

2018-06-09 16:18:32 - [MESSAGE][PASSED] - Delayed 2 second(s)

2018-06-09 16:18:32 - [TEST_STEP][PASSED] - Statement - If (java.lang.String.valueOf(StockQty) >= java.lang.String.valueOf(RequestedQty)): null

2018-06-09 16:18:32 - [TEST_STEP][PASSED] - setText: Text '10' is set on object 'Object Repository/DispensaryToStore/Page_Store/input_txtqty'

2018-06-09 16:18:32 - [MESSAGE][PASSED] - Text '10' is set on object 'Object Repository/DispensaryToStore/Page_Store/input_txtqty'

2018-06-09 16:18:32 - [TEST_STEP][PASSED] - click: Object: 'Object Repository/DispensaryToStore/Page_Store/button_Add' is clicked on

2018-06-09 16:18:33 - [MESSAGE][PASSED] - Object: 'Object Repository/DispensaryToStore/Page_Store/button_Add' is clicked on

2018-06-09 16:18:33 - [TEST_STEP][PASSED] - Statement - Break: null

2018-06-09 16:18:33 - [TEST_STEP][PASSED] - selectOptionByIndex: All options with index in [20] are selected on object 'Object Repository/DispensaryToStore/Page_Store/select_--Select--Adernaline 0.'

2018-06-09 16:18:33 - [MESSAGE][PASSED] - All options with index in [20] are selected on object 'Object Repository/DispensaryToStore/Page_Store/select_--Select--Adernaline 0.'

2018-06-09 16:18:33 - [TEST_STEP][PASSED] - delay: Delayed 2 second(s)

2018-06-09 16:18:35 - [MESSAGE][PASSED] - Delayed 2 second(s)

2018-06-09 16:18:35 - [TEST_STEP][PASSED] - Statement - RequestedQty = com.kms.katalon.core.webui.keyword.WebUiBuiltInKeywords.getAttribute(com.kms.katalon.core.testobject.ObjectRepository.findTestObject(DispensaryToStore/Page_Store/input_txttotal), "value"): Attribute 'value' of object 'Object Repository/DispensaryToStore/Page_Store/input_txttotal' is: '10'

2018-06-09 16:18:35 - [MESSAGE][PASSED] - Attribute 'value' of object 'Object Repository/DispensaryToStore/Page_Store/input_txttotal' is: '10'

2018-06-09 16:18:35 - [TEST_STEP][PASSED] - Statement - out.println("Requested QTY : " + RequestedQty): null

2018-06-09 16:18:35 - [TEST_STEP][PASSED] - Statement - BatchNumber = com.kms.katalon.core.webui.keyword.WebUiBuiltInKeywords.getNumberOfTotalOption(com.kms.katalon.core.testobject.ObjectRepository.findTestObject(DispensaryToStore/Page_Store/select_--Select--BA1170BA2376B)): 3 options of object 'Object Repository/DispensaryToStore/Page_Store/select_--Select--BA1170BA2376B' counted

2018-06-09 16:18:35 - [MESSAGE][PASSED] - 3 options of object 'Object Repository/DispensaryToStore/Page_Store/select_--Select--BA1170BA2376B' counted

2018-06-09 16:18:35 - [TEST_STEP][PASSED] - Statement - For ([g = 1, g <= BatchNumber - 1, (g++)]): null

2018-06-09 16:18:35 - [TEST_STEP][PASSED] - selectOptionByIndex: All options with index in [1] are selected on object 'Object Repository/DispensaryToStore/Page_Store/select_--Select--BA1170BA2376B'

2018-06-09 16:18:35 - [MESSAGE][PASSED] - All options with index in [1] are selected on object 'Object Repository/DispensaryToStore/Page_Store/select_--Select--BA1170BA2376B'

2018-06-09 16:18:35 - [TEST_STEP][PASSED] - Statement - Try: null

2018-06-09 16:18:35 - [TEST_STEP][PASSED] - Statement - StockQty = com.kms.katalon.core.webui.keyword.WebUiBuiltInKeywords.getAttribute(com.kms.katalon.core.testobject.ObjectRepository.findTestObject(DispensaryToStore/Page_Store/input_txtprice), "value"): Attribute 'value' of object 'Object Repository/DispensaryToStore/Page_Store/input_txtprice' is: '810'

2018-06-09 16:18:35 - [MESSAGE][PASSED] - Attribute 'value' of object 'Object Repository/DispensaryToStore/Page_Store/input_txtprice' is: '810'

2018-06-09 16:18:35 - [TEST_STEP][PASSED] - Statement - out.println("Stock QTY : " + StockQty): null

2018-06-09 16:18:35 - [TEST_STEP][PASSED] - delay: Delayed 2 second(s)

2018-06-09 16:18:37 - [MESSAGE][PASSED] - Delayed 2 second(s)

2018-06-09 16:18:37 - [TEST_STEP][PASSED] - Statement - If (java.lang.String.valueOf(StockQty) >= java.lang.String.valueOf(RequestedQty)): null

2018-06-09 16:18:37 - [TEST_STEP][PASSED] - setText: Text '10' is set on object 'Object Repository/DispensaryToStore/Page_Store/input_txtqty'

2018-06-09 16:18:37 - [MESSAGE][PASSED] - Text '10' is set on object 'Object Repository/DispensaryToStore/Page_Store/input_txtqty'

2018-06-09 16:18:37 - [TEST_STEP][PASSED] - click: Object: 'Object Repository/DispensaryToStore/Page_Store/button_Add' is clicked on

2018-06-09 16:18:37 - [MESSAGE][PASSED] - Object: 'Object Repository/DispensaryToStore/Page_Store/button_Add' is clicked on

2018-06-09 16:18:37 - [TEST_STEP][PASSED] - Statement - Break: null

2018-06-09 16:18:37 - [TEST_STEP][PASSED] - selectOptionByIndex: All options with index in [21] are selected on object 'Object Repository/DispensaryToStore/Page_Store/select_--Select--Adernaline 0.'

2018-06-09 16:18:38 - [MESSAGE][PASSED] - All options with index in [21] are selected on object 'Object Repository/DispensaryToStore/Page_Store/select_--Select--Adernaline 0.'

2018-06-09 16:18:38 - [TEST_STEP][PASSED] - delay: Delayed 2 second(s)

2018-06-09 16:18:40 - [MESSAGE][PASSED] - Delayed 2 second(s)

2018-06-09 16:18:40 - [TEST_STEP][PASSED] - Statement - RequestedQty = com.kms.katalon.core.webui.keyword.WebUiBuiltInKeywords.getAttribute(com.kms.katalon.core.testobject.ObjectRepository.findTestObject(DispensaryToStore/Page_Store/input_txttotal), "value"): Attribute 'value' of object 'Object Repository/DispensaryToStore/Page_Store/input_txttotal' is: '10'

2018-06-09 16:18:40 - [MESSAGE][PASSED] - Attribute 'value' of object 'Object Repository/DispensaryToStore/Page_Store/input_txttotal' is: '10'

2018-06-09 16:18:40 - [TEST_STEP][PASSED] - Statement - out.println("Requested QTY : " + RequestedQty): null

2018-06-09 16:18:40 - [TEST_STEP][PASSED] - Statement - BatchNumber = com.kms.katalon.core.webui.keyword.WebUiBuiltInKeywords.getNumberOfTotalOption(com.kms.katalon.core.testobject.ObjectRepository.findTestObject(DispensaryToStore/Page_Store/select_--Select--BA1170BA2376B)): 2 options of object 'Object Repository/DispensaryToStore/Page_Store/select_--Select--BA1170BA2376B' counted

2018-06-09 16:18:40 - [MESSAGE][PASSED] - 2 options of object 'Object Repository/DispensaryToStore/Page_Store/select_--Select--BA1170BA2376B' counted

2018-06-09 16:18:40 - [TEST_STEP][PASSED] - Statement - For ([g = 1, g <= BatchNumber - 1, (g++)]): null

2018-06-09 16:18:40 - [TEST_STEP][PASSED] - selectOptionByIndex: All options with index in [1] are selected on object 'Object Repository/DispensaryToStore/Page_Store/select_--Select--BA1170BA2376B'

2018-06-09 16:18:40 - [MESSAGE][PASSED] - All options with index in [1] are selected on object 'Object Repository/DispensaryToStore/Page_Store/select_--Select--BA1170BA2376B'

2018-06-09 16:18:40 - [TEST_STEP][PASSED] - Statement - Try: null

2018-06-09 16:18:40 - [TEST_STEP][PASSED] - Statement - StockQty = com.kms.katalon.core.webui.keyword.WebUiBuiltInKeywords.getAttribute(com.kms.katalon.core.testobject.ObjectRepository.findTestObject(DispensaryToStore/Page_Store/input_txtprice), "value"): Attribute 'value' of object 'Object Repository/DispensaryToStore/Page_Store/input_txtprice' is: '820'

2018-06-09 16:18:40 - [MESSAGE][PASSED] - Attribute 'value' of object 'Object Repository/DispensaryToStore/Page_Store/input_txtprice' is: '820'

2018-06-09 16:18:40 - [TEST_STEP][PASSED] - Statement - out.println("Stock QTY : " + StockQty): null

2018-06-09 16:18:40 - [TEST_STEP][PASSED] - delay: Delayed 2 second(s)

2018-06-09 16:18:42 - [MESSAGE][PASSED] - Delayed 2 second(s)

2018-06-09 16:18:42 - [TEST_STEP][PASSED] - Statement - If (java.lang.String.valueOf(StockQty) >= java.lang.String.valueOf(RequestedQty)): null

2018-06-09 16:18:42 - [TEST_STEP][PASSED] - setText: Text '10' is set on object 'Object Repository/DispensaryToStore/Page_Store/input_txtqty'

2018-06-09 16:18:42 - [MESSAGE][PASSED] - Text '10' is set on object 'Object Repository/DispensaryToStore/Page_Store/input_txtqty'

2018-06-09 16:18:42 - [TEST_STEP][PASSED] - click: Object: 'Object Repository/DispensaryToStore/Page_Store/button_Add' is clicked on

2018-06-09 16:18:42 - [MESSAGE][PASSED] - Object: 'Object Repository/DispensaryToStore/Page_Store/button_Add' is clicked on

2018-06-09 16:18:42 - [TEST_STEP][PASSED] - Statement - Break: null

2018-06-09 16:18:42 - [TEST_STEP][PASSED] - selectOptionByIndex: All options with index in [22] are selected on object 'Object Repository/DispensaryToStore/Page_Store/select_--Select--Adernaline 0.'

2018-06-09 16:18:43 - [MESSAGE][PASSED] - All options with index in [22] are selected on object 'Object Repository/DispensaryToStore/Page_Store/select_--Select--Adernaline 0.'

2018-06-09 16:18:43 - [TEST_STEP][PASSED] - delay: Delayed 2 second(s)

2018-06-09 16:18:45 - [MESSAGE][PASSED] - Delayed 2 second(s)

2018-06-09 16:18:45 - [TEST_STEP][PASSED] - Statement - RequestedQty = com.kms.katalon.core.webui.keyword.WebUiBuiltInKeywords.getAttribute(com.kms.katalon.core.testobject.ObjectRepository.findTestObject(DispensaryToStore/Page_Store/input_txttotal), "value"): Attribute 'value' of object 'Object Repository/DispensaryToStore/Page_Store/input_txttotal' is: '10'

2018-06-09 16:18:45 - [MESSAGE][PASSED] - Attribute 'value' of object 'Object Repository/DispensaryToStore/Page_Store/input_txttotal' is: '10'

2018-06-09 16:18:45 - [TEST_STEP][PASSED] - Statement - out.println("Requested QTY : " + RequestedQty): null

2018-06-09 16:18:45 - [TEST_STEP][PASSED] - Statement - BatchNumber = com.kms.katalon.core.webui.keyword.WebUiBuiltInKeywords.getNumberOfTotalOption(com.kms.katalon.core.testobject.ObjectRepository.findTestObject(DispensaryToStore/Page_Store/select_--Select--BA1170BA2376B)): 2 options of object 'Object Repository/DispensaryToStore/Page_Store/select_--Select--BA1170BA2376B' counted

2018-06-09 16:18:45 - [MESSAGE][PASSED] - 2 options of object 'Object Repository/DispensaryToStore/Page_Store/select_--Select--BA1170BA2376B' counted

2018-06-09 16:18:45 - [TEST_STEP][PASSED] - Statement - For ([g = 1, g <= BatchNumber - 1, (g++)]): null

2018-06-09 16:18:45 - [TEST_STEP][PASSED] - selectOptionByIndex: All options with index in [1] are selected on object 'Object Repository/DispensaryToStore/Page_Store/select_--Select--BA1170BA2376B'

2018-06-09 16:18:45 - [MESSAGE][PASSED] - All options with index in [1] are selected on object 'Object Repository/DispensaryToStore/Page_Store/select_--Select--BA1170BA2376B'

2018-06-09 16:18:45 - [TEST_STEP][PASSED] - Statement - Try: null

2018-06-09 16:18:45 - [TEST_STEP][PASSED] - Statement - StockQty = com.kms.katalon.core.webui.keyword.WebUiBuiltInKeywords.getAttribute(com.kms.katalon.core.testobject.ObjectRepository.findTestObject(DispensaryToStore/Page_Store/input_txtprice), "value"): Attribute 'value' of object 'Object Repository/DispensaryToStore/Page_Store/input_txtprice' is: '800'

2018-06-09 16:18:45 - [MESSAGE][PASSED] - Attribute 'value' of object 'Object Repository/DispensaryToStore/Page_Store/input_txtprice' is: '800'

2018-06-09 16:18:45 - [TEST_STEP][PASSED] - Statement - out.println("Stock QTY : " + StockQty): null

2018-06-09 16:18:45 - [TEST_STEP][PASSED] - delay: Delayed 2 second(s)

2018-06-09 16:18:47 - [MESSAGE][PASSED] - Delayed 2 second(s)

2018-06-09 16:18:47 - [TEST_STEP][PASSED] - Statement - If (java.lang.String.valueOf(StockQty) >= java.lang.String.valueOf(RequestedQty)): null

2018-06-09 16:18:47 - [TEST_STEP][PASSED] - setText: Text '10' is set on object 'Object Repository/DispensaryToStore/Page_Store/input_txtqty'

2018-06-09 16:18:47 - [MESSAGE][PASSED] - Text '10' is set on object 'Object Repository/DispensaryToStore/Page_Store/input_txtqty'

2018-06-09 16:18:47 - [TEST_STEP][PASSED] - click: Object: 'Object Repository/DispensaryToStore/Page_Store/button_Add' is clicked on

2018-06-09 16:18:47 - [MESSAGE][PASSED] - Object: 'Object Repository/DispensaryToStore/Page_Store/button_Add' is clicked on

2018-06-09 16:18:47 - [TEST_STEP][PASSED] - Statement - Break: null

2018-06-09 16:18:47 - [TEST_STEP][PASSED] - selectOptionByIndex: All options with index in [23] are selected on object 'Object Repository/DispensaryToStore/Page_Store/select_--Select--Adernaline 0.'

2018-06-09 16:18:47 - [MESSAGE][PASSED] - All options with index in [23] are selected on object 'Object Repository/DispensaryToStore/Page_Store/select_--Select--Adernaline 0.'

2018-06-09 16:18:47 - [TEST_STEP][PASSED] - delay: Delayed 2 second(s)

2018-06-09 16:18:49 - [MESSAGE][PASSED] - Delayed 2 second(s)

2018-06-09 16:18:49 - [TEST_STEP][PASSED] - Statement - RequestedQty = com.kms.katalon.core.webui.keyword.WebUiBuiltInKeywords.getAttribute(com.kms.katalon.core.testobject.ObjectRepository.findTestObject(DispensaryToStore/Page_Store/input_txttotal), "value"): Attribute 'value' of object 'Object Repository/DispensaryToStore/Page_Store/input_txttotal' is: '10'

2018-06-09 16:18:49 - [MESSAGE][PASSED] - Attribute 'value' of object 'Object Repository/DispensaryToStore/Page_Store/input_txttotal' is: '10'

2018-06-09 16:18:49 - [TEST_STEP][PASSED] - Statement - out.println("Requested QTY : " + RequestedQty): null

2018-06-09 16:18:49 - [TEST_STEP][PASSED] - Statement - BatchNumber = com.kms.katalon.core.webui.keyword.WebUiBuiltInKeywords.getNumberOfTotalOption(com.kms.katalon.core.testobject.ObjectRepository.findTestObject(DispensaryToStore/Page_Store/select_--Select--BA1170BA2376B)): 2 options of object 'Object Repository/DispensaryToStore/Page_Store/select_--Select--BA1170BA2376B' counted

2018-06-09 16:18:50 - [MESSAGE][PASSED] - 2 options of object 'Object Repository/DispensaryToStore/Page_Store/select_--Select--BA1170BA2376B' counted

2018-06-09 16:18:50 - [TEST_STEP][PASSED] - Statement - For ([g = 1, g <= BatchNumber - 1, (g++)]): null

2018-06-09 16:18:50 - [TEST_STEP][PASSED] - selectOptionByIndex: All options with index in [1] are selected on object 'Object Repository/DispensaryToStore/Page_Store/select_--Select--BA1170BA2376B'

2018-06-09 16:18:50 - [MESSAGE][PASSED] - All options with index in [1] are selected on object 'Object Repository/DispensaryToStore/Page_Store/select_--Select--BA1170BA2376B'

2018-06-09 16:18:50 - [TEST_STEP][PASSED] - Statement - Try: null

2018-06-09 16:18:50 - [TEST_STEP][PASSED] - Statement - StockQty = com.kms.katalon.core.webui.keyword.WebUiBuiltInKeywords.getAttribute(com.kms.katalon.core.testobject.ObjectRepository.findTestObject(DispensaryToStore/Page_Store/input_txtprice), "value"): Attribute 'value' of object 'Object Repository/DispensaryToStore/Page_Store/input_txtprice' is: '820'

2018-06-09 16:18:50 - [MESSAGE][PASSED] - Attribute 'value' of object 'Object Repository/DispensaryToStore/Page_Store/input_txtprice' is: '820'

2018-06-09 16:18:50 - [TEST_STEP][PASSED] - Statement - out.println("Stock QTY : " + StockQty): null

2018-06-09 16:18:50 - [TEST_STEP][PASSED] - delay: Delayed 2 second(s)

2018-06-09 16:18:52 - [MESSAGE][PASSED] - Delayed 2 second(s)

2018-06-09 16:18:52 - [TEST_STEP][PASSED] - Statement - If (java.lang.String.valueOf(StockQty) >= java.lang.String.valueOf(RequestedQty)): null

2018-06-09 16:18:52 - [TEST_STEP][PASSED] - setText: Text '10' is set on object 'Object Repository/DispensaryToStore/Page_Store/input_txtqty'

2018-06-09 16:18:52 - [MESSAGE][PASSED] - Text '10' is set on object 'Object Repository/DispensaryToStore/Page_Store/input_txtqty'

2018-06-09 16:18:52 - [TEST_STEP][PASSED] - click: Object: 'Object Repository/DispensaryToStore/Page_Store/button_Add' is clicked on

2018-06-09 16:18:52 - [MESSAGE][PASSED] - Object: 'Object Repository/DispensaryToStore/Page_Store/button_Add' is clicked on

2018-06-09 16:18:52 - [TEST_STEP][PASSED] - Statement - Break: null

2018-06-09 16:18:52 - [TEST_STEP][PASSED] - selectOptionByIndex: All options with index in [24] are selected on object 'Object Repository/DispensaryToStore/Page_Store/select_--Select--Adernaline 0.'

2018-06-09 16:18:52 - [MESSAGE][PASSED] - All options with index in [24] are selected on object 'Object Repository/DispensaryToStore/Page_Store/select_--Select--Adernaline 0.'

2018-06-09 16:18:52 - [TEST_STEP][PASSED] - delay: Delayed 2 second(s)

2018-06-09 16:18:54 - [MESSAGE][PASSED] - Delayed 2 second(s)

2018-06-09 16:18:54 - [TEST_STEP][PASSED] - Statement - RequestedQty = com.kms.katalon.core.webui.keyword.WebUiBuiltInKeywords.getAttribute(com.kms.katalon.core.testobject.ObjectRepository.findTestObject(DispensaryToStore/Page_Store/input_txttotal), "value"): Attribute 'value' of object 'Object Repository/DispensaryToStore/Page_Store/input_txttotal' is: '10'

2018-06-09 16:18:54 - [MESSAGE][PASSED] - Attribute 'value' of object 'Object Repository/DispensaryToStore/Page_Store/input_txttotal' is: '10'

2018-06-09 16:18:54 - [TEST_STEP][PASSED] - Statement - out.println("Requested QTY : " + RequestedQty): null

2018-06-09 16:18:54 - [TEST_STEP][PASSED] - Statement - BatchNumber = com.kms.katalon.core.webui.keyword.WebUiBuiltInKeywords.getNumberOfTotalOption(com.kms.katalon.core.testobject.ObjectRepository.findTestObject(DispensaryToStore/Page_Store/select_--Select--BA1170BA2376B)): 3 options of object 'Object Repository/DispensaryToStore/Page_Store/select_--Select--BA1170BA2376B' counted

2018-06-09 16:18:54 - [MESSAGE][PASSED] - 3 options of object 'Object Repository/DispensaryToStore/Page_Store/select_--Select--BA1170BA2376B' counted

2018-06-09 16:18:54 - [TEST_STEP][PASSED] - Statement - For ([g = 1, g <= BatchNumber - 1, (g++)]): null

2018-06-09 16:18:54 - [TEST_STEP][PASSED] - selectOptionByIndex: All options with index in [1] are selected on object 'Object Repository/DispensaryToStore/Page_Store/select_--Select--BA1170BA2376B'

2018-06-09 16:18:54 - [MESSAGE][PASSED] - All options with index in [1] are selected on object 'Object Repository/DispensaryToStore/Page_Store/select_--Select--BA1170BA2376B'

2018-06-09 16:18:54 - [TEST_STEP][PASSED] - Statement - Try: null

2018-06-09 16:18:54 - [TEST_STEP][PASSED] - Statement - StockQty = com.kms.katalon.core.webui.keyword.WebUiBuiltInKeywords.getAttribute(com.kms.katalon.core.testobject.ObjectRepository.findTestObject(DispensaryToStore/Page_Store/input_txtprice), "value"): Attribute 'value' of object 'Object Repository/DispensaryToStore/Page_Store/input_txtprice' is: '310'

2018-06-09 16:18:54 - [MESSAGE][PASSED] - Attribute 'value' of object 'Object Repository/DispensaryToStore/Page_Store/input_txtprice' is: '310'

2018-06-09 16:18:54 - [TEST_STEP][PASSED] - Statement - out.println("Stock QTY : " + StockQty): null

2018-06-09 16:18:54 - [TEST_STEP][PASSED] - delay: Delayed 2 second(s)

2018-06-09 16:18:56 - [MESSAGE][PASSED] - Delayed 2 second(s)

2018-06-09 16:18:56 - [TEST_STEP][PASSED] - Statement - If (java.lang.String.valueOf(StockQty) >= java.lang.String.valueOf(RequestedQty)): null

2018-06-09 16:18:56 - [TEST_STEP][PASSED] - setText: Text '10' is set on object 'Object Repository/DispensaryToStore/Page_Store/input_txtqty'

2018-06-09 16:18:57 - [MESSAGE][PASSED] - Text '10' is set on object 'Object Repository/DispensaryToStore/Page_Store/input_txtqty'

2018-06-09 16:18:57 - [TEST_STEP][PASSED] - click: Object: 'Object Repository/DispensaryToStore/Page_Store/button_Add' is clicked on

2018-06-09 16:18:57 - [MESSAGE][PASSED] - Object: 'Object Repository/DispensaryToStore/Page_Store/button_Add' is clicked on

2018-06-09 16:18:57 - [TEST_STEP][PASSED] - Statement - Break: null

2018-06-09 16:18:57 - [TEST_STEP][PASSED] - selectOptionByIndex: All options with index in [25] are selected on object 'Object Repository/DispensaryToStore/Page_Store/select_--Select--Adernaline 0.'

2018-06-09 16:18:57 - [MESSAGE][PASSED] - All options with index in [25] are selected on object 'Object Repository/DispensaryToStore/Page_Store/select_--Select--Adernaline 0.'

2018-06-09 16:18:57 - [TEST_STEP][PASSED] - delay: Delayed 2 second(s)

2018-06-09 16:18:59 - [MESSAGE][PASSED] - Delayed 2 second(s)

2018-06-09 16:18:59 - [TEST_STEP][PASSED] - Statement - RequestedQty = com.kms.katalon.core.webui.keyword.WebUiBuiltInKeywords.getAttribute(com.kms.katalon.core.testobject.ObjectRepository.findTestObject(DispensaryToStore/Page_Store/input_txttotal), "value"): Attribute 'value' of object 'Object Repository/DispensaryToStore/Page_Store/input_txttotal' is: '10'

2018-06-09 16:18:59 - [MESSAGE][PASSED] - Attribute 'value' of object 'Object Repository/DispensaryToStore/Page_Store/input_txttotal' is: '10'

2018-06-09 16:18:59 - [TEST_STEP][PASSED] - Statement - out.println("Requested QTY : " + RequestedQty): null

2018-06-09 16:18:59 - [TEST_STEP][PASSED] - Statement - BatchNumber = com.kms.katalon.core.webui.keyword.WebUiBuiltInKeywords.getNumberOfTotalOption(com.kms.katalon.core.testobject.ObjectRepository.findTestObject(DispensaryToStore/Page_Store/select_--Select--BA1170BA2376B)): 3 options of object 'Object Repository/DispensaryToStore/Page_Store/select_--Select--BA1170BA2376B' counted

2018-06-09 16:18:59 - [MESSAGE][PASSED] - 3 options of object 'Object Repository/DispensaryToStore/Page_Store/select_--Select--BA1170BA2376B' counted

2018-06-09 16:18:59 - [TEST_STEP][PASSED] - Statement - For ([g = 1, g <= BatchNumber - 1, (g++)]): null

2018-06-09 16:18:59 - [TEST_STEP][PASSED] - selectOptionByIndex: All options with index in [1] are selected on object 'Object Repository/DispensaryToStore/Page_Store/select_--Select--BA1170BA2376B'

2018-06-09 16:18:59 - [MESSAGE][PASSED] - All options with index in [1] are selected on object 'Object Repository/DispensaryToStore/Page_Store/select_--Select--BA1170BA2376B'

2018-06-09 16:18:59 - [TEST_STEP][PASSED] - Statement - Try: null

2018-06-09 16:18:59 - [TEST_STEP][PASSED] - Statement - StockQty = com.kms.katalon.core.webui.keyword.WebUiBuiltInKeywords.getAttribute(com.kms.katalon.core.testobject.ObjectRepository.findTestObject(DispensaryToStore/Page_Store/input_txtprice), "value"): Attribute 'value' of object 'Object Repository/DispensaryToStore/Page_Store/input_txtprice' is: '320'

2018-06-09 16:18:59 - [MESSAGE][PASSED] - Attribute 'value' of object 'Object Repository/DispensaryToStore/Page_Store/input_txtprice' is: '320'

2018-06-09 16:18:59 - [TEST_STEP][PASSED] - Statement - out.println("Stock QTY : " + StockQty): null

2018-06-09 16:18:59 - [TEST_STEP][PASSED] - delay: Delayed 2 second(s)

2018-06-09 16:19:01 - [MESSAGE][PASSED] - Delayed 2 second(s)

2018-06-09 16:19:01 - [TEST_STEP][PASSED] - Statement - If (java.lang.String.valueOf(StockQty) >= java.lang.String.valueOf(RequestedQty)): null

2018-06-09 16:19:01 - [TEST_STEP][PASSED] - setText: Text '10' is set on object 'Object Repository/DispensaryToStore/Page_Store/input_txtqty'

2018-06-09 16:19:01 - [MESSAGE][PASSED] - Text '10' is set on object 'Object Repository/DispensaryToStore/Page_Store/input_txtqty'

2018-06-09 16:19:01 - [TEST_STEP][PASSED] - click: Object: 'Object Repository/DispensaryToStore/Page_Store/button_Add' is clicked on

2018-06-09 16:19:01 - [MESSAGE][PASSED] - Object: 'Object Repository/DispensaryToStore/Page_Store/button_Add' is clicked on

2018-06-09 16:19:01 - [TEST_STEP][PASSED] - Statement - Break: null

2018-06-09 16:19:01 - [TEST_STEP][PASSED] - selectOptionByIndex: All options with index in [26] are selected on object 'Object Repository/DispensaryToStore/Page_Store/select_--Select--Adernaline 0.'

2018-06-09 16:19:02 - [MESSAGE][PASSED] - All options with index in [26] are selected on object 'Object Repository/DispensaryToStore/Page_Store/select_--Select--Adernaline 0.'

2018-06-09 16:19:02 - [TEST_STEP][PASSED] - delay: Delayed 2 second(s)

2018-06-09 16:19:04 - [MESSAGE][PASSED] - Delayed 2 second(s)

2018-06-09 16:19:04 - [TEST_STEP][PASSED] - Statement - RequestedQty = com.kms.katalon.core.webui.keyword.WebUiBuiltInKeywords.getAttribute(com.kms.katalon.core.testobject.ObjectRepository.findTestObject(DispensaryToStore/Page_Store/input_txttotal), "value"): Attribute 'value' of object 'Object Repository/DispensaryToStore/Page_Store/input_txttotal' is: '10'

2018-06-09 16:19:04 - [MESSAGE][PASSED] - Attribute 'value' of object 'Object Repository/DispensaryToStore/Page_Store/input_txttotal' is: '10'

2018-06-09 16:19:04 - [TEST_STEP][PASSED] - Statement - out.println("Requested QTY : " + RequestedQty): null

2018-06-09 16:19:04 - [TEST_STEP][PASSED] - Statement - BatchNumber = com.kms.katalon.core.webui.keyword.WebUiBuiltInKeywords.getNumberOfTotalOption(com.kms.katalon.core.testobject.ObjectRepository.findTestObject(DispensaryToStore/Page_Store/select_--Select--BA1170BA2376B)): 2 options of object 'Object Repository/DispensaryToStore/Page_Store/select_--Select--BA1170BA2376B' counted

2018-06-09 16:19:04 - [MESSAGE][PASSED] - 2 options of object 'Object Repository/DispensaryToStore/Page_Store/select_--Select--BA1170BA2376B' counted

2018-06-09 16:19:04 - [TEST_STEP][PASSED] - Statement - For ([g = 1, g <= BatchNumber - 1, (g++)]): null

2018-06-09 16:19:04 - [TEST_STEP][PASSED] - selectOptionByIndex: All options with index in [1] are selected on object 'Object Repository/DispensaryToStore/Page_Store/select_--Select--BA1170BA2376B'

2018-06-09 16:19:04 - [MESSAGE][PASSED] - All options with index in [1] are selected on object 'Object Repository/DispensaryToStore/Page_Store/select_--Select--BA1170BA2376B'

2018-06-09 16:19:04 - [TEST_STEP][PASSED] - Statement - Try: null

2018-06-09 16:19:04 - [TEST_STEP][PASSED] - Statement - StockQty = com.kms.katalon.core.webui.keyword.WebUiBuiltInKeywords.getAttribute(com.kms.katalon.core.testobject.ObjectRepository.findTestObject(DispensaryToStore/Page_Store/input_txtprice), "value"): Attribute 'value' of object 'Object Repository/DispensaryToStore/Page_Store/input_txtprice' is: '820'

2018-06-09 16:19:04 - [MESSAGE][PASSED] - Attribute 'value' of object 'Object Repository/DispensaryToStore/Page_Store/input_txtprice' is: '820'

2018-06-09 16:19:04 - [TEST_STEP][PASSED] - Statement - out.println("Stock QTY : " + StockQty): null

2018-06-09 16:19:04 - [TEST_STEP][PASSED] - delay: Delayed 2 second(s)

2018-06-09 16:19:06 - [MESSAGE][PASSED] - Delayed 2 second(s)

2018-06-09 16:19:06 - [TEST_STEP][PASSED] - Statement - If (java.lang.String.valueOf(StockQty) >= java.lang.String.valueOf(RequestedQty)): null

2018-06-09 16:19:06 - [TEST_STEP][PASSED] - setText: Text '10' is set on object 'Object Repository/DispensaryToStore/Page_Store/input_txtqty'

2018-06-09 16:19:06 - [MESSAGE][PASSED] - Text '10' is set on object 'Object Repository/DispensaryToStore/Page_Store/input_txtqty'

2018-06-09 16:19:06 - [TEST_STEP][PASSED] - click: Object: 'Object Repository/DispensaryToStore/Page_Store/button_Add' is clicked on

2018-06-09 16:19:06 - [MESSAGE][PASSED] - Object: 'Object Repository/DispensaryToStore/Page_Store/button_Add' is clicked on

2018-06-09 16:19:06 - [TEST_STEP][PASSED] - Statement - Break: null

2018-06-09 16:19:06 - [TEST_STEP][PASSED] - selectOptionByIndex: All options with index in [27] are selected on object 'Object Repository/DispensaryToStore/Page_Store/select_--Select--Adernaline 0.'

2018-06-09 16:19:07 - [MESSAGE][PASSED] - All options with index in [27] are selected on object 'Object Repository/DispensaryToStore/Page_Store/select_--Select--Adernaline 0.'

2018-06-09 16:19:07 - [TEST_STEP][PASSED] - delay: Delayed 2 second(s)

2018-06-09 16:19:09 - [MESSAGE][PASSED] - Delayed 2 second(s)

2018-06-09 16:19:09 - [TEST_STEP][PASSED] - Statement - RequestedQty = com.kms.katalon.core.webui.keyword.WebUiBuiltInKeywords.getAttribute(com.kms.katalon.core.testobject.ObjectRepository.findTestObject(DispensaryToStore/Page_Store/input_txttotal), "value"): Attribute 'value' of object 'Object Repository/DispensaryToStore/Page_Store/input_txttotal' is: '10'

2018-06-09 16:19:09 - [MESSAGE][PASSED] - Attribute 'value' of object 'Object Repository/DispensaryToStore/Page_Store/input_txttotal' is: '10'

2018-06-09 16:19:09 - [TEST_STEP][PASSED] - Statement - out.println("Requested QTY : " + RequestedQty): null

2018-06-09 16:19:09 - [TEST_STEP][PASSED] - Statement - BatchNumber = com.kms.katalon.core.webui.keyword.WebUiBuiltInKeywords.getNumberOfTotalOption(com.kms.katalon.core.testobject.ObjectRepository.findTestObject(DispensaryToStore/Page_Store/select_--Select--BA1170BA2376B)): 3 options of object 'Object Repository/DispensaryToStore/Page_Store/select_--Select--BA1170BA2376B' counted

2018-06-09 16:19:09 - [MESSAGE][PASSED] - 3 options of object 'Object Repository/DispensaryToStore/Page_Store/select_--Select--BA1170BA2376B' counted

2018-06-09 16:19:09 - [TEST_STEP][PASSED] - Statement - For ([g = 1, g <= BatchNumber - 1, (g++)]): null

2018-06-09 16:19:09 - [TEST_STEP][PASSED] - selectOptionByIndex: All options with index in [1] are selected on object 'Object Repository/DispensaryToStore/Page_Store/select_--Select--BA1170BA2376B'

2018-06-09 16:19:09 - [MESSAGE][PASSED] - All options with index in [1] are selected on object 'Object Repository/DispensaryToStore/Page_Store/select_--Select--BA1170BA2376B'

2018-06-09 16:19:09 - [TEST_STEP][PASSED] - Statement - Try: null

2018-06-09 16:19:09 - [TEST_STEP][PASSED] - Statement - StockQty = com.kms.katalon.core.webui.keyword.WebUiBuiltInKeywords.getAttribute(com.kms.katalon.core.testobject.ObjectRepository.findTestObject(DispensaryToStore/Page_Store/input_txtprice), "value"): Attribute 'value' of object 'Object Repository/DispensaryToStore/Page_Store/input_txtprice' is: '820'

2018-06-09 16:19:09 - [MESSAGE][PASSED] - Attribute 'value' of object 'Object Repository/DispensaryToStore/Page_Store/input_txtprice' is: '820'

2018-06-09 16:19:09 - [TEST_STEP][PASSED] - Statement - out.println("Stock QTY : " + StockQty): null

2018-06-09 16:19:09 - [TEST_STEP][PASSED] - delay: Delayed 2 second(s)

2018-06-09 16:19:11 - [MESSAGE][PASSED] - Delayed 2 second(s)

2018-06-09 16:19:11 - [TEST_STEP][PASSED] - Statement - If (java.lang.String.valueOf(StockQty) >= java.lang.String.valueOf(RequestedQty)): null

2018-06-09 16:19:11 - [TEST_STEP][PASSED] - setText: Text '10' is set on object 'Object Repository/DispensaryToStore/Page_Store/input_txtqty'

2018-06-09 16:19:11 - [MESSAGE][PASSED] - Text '10' is set on object 'Object Repository/DispensaryToStore/Page_Store/input_txtqty'

2018-06-09 16:19:11 - [TEST_STEP][PASSED] - click: Object: 'Object Repository/DispensaryToStore/Page_Store/button_Add' is clicked on

2018-06-09 16:19:11 - [MESSAGE][PASSED] - Object: 'Object Repository/DispensaryToStore/Page_Store/button_Add' is clicked on

2018-06-09 16:19:11 - [TEST_STEP][PASSED] - Statement - Break: null

2018-06-09 16:19:11 - [TEST_STEP][PASSED] - selectOptionByIndex: All options with index in [28] are selected on object 'Object Repository/DispensaryToStore/Page_Store/select_--Select--Adernaline 0.'

2018-06-09 16:19:12 - [MESSAGE][PASSED] - All options with index in [28] are selected on object 'Object Repository/DispensaryToStore/Page_Store/select_--Select--Adernaline 0.'

2018-06-09 16:19:12 - [TEST_STEP][PASSED] - delay: Delayed 2 second(s)

2018-06-09 16:19:14 - [MESSAGE][PASSED] - Delayed 2 second(s)

2018-06-09 16:19:14 - [TEST_STEP][PASSED] - Statement - RequestedQty = com.kms.katalon.core.webui.keyword.WebUiBuiltInKeywords.getAttribute(com.kms.katalon.core.testobject.ObjectRepository.findTestObject(DispensaryToStore/Page_Store/input_txttotal), "value"): Attribute 'value' of object 'Object Repository/DispensaryToStore/Page_Store/input_txttotal' is: '10'

2018-06-09 16:19:14 - [MESSAGE][PASSED] - Attribute 'value' of object 'Object Repository/DispensaryToStore/Page_Store/input_txttotal' is: '10'

2018-06-09 16:19:14 - [TEST_STEP][PASSED] - Statement - out.println("Requested QTY : " + RequestedQty): null

2018-06-09 16:19:14 - [TEST_STEP][PASSED] - Statement - BatchNumber = com.kms.katalon.core.webui.keyword.WebUiBuiltInKeywords.getNumberOfTotalOption(com.kms.katalon.core.testobject.ObjectRepository.findTestObject(DispensaryToStore/Page_Store/select_--Select--BA1170BA2376B)): 2 options of object 'Object Repository/DispensaryToStore/Page_Store/select_--Select--BA1170BA2376B' counted

2018-06-09 16:19:14 - [MESSAGE][PASSED] - 2 options of object 'Object Repository/DispensaryToStore/Page_Store/select_--Select--BA1170BA2376B' counted

2018-06-09 16:19:14 - [TEST_STEP][PASSED] - Statement - For ([g = 1, g <= BatchNumber - 1, (g++)]): null

2018-06-09 16:19:14 - [TEST_STEP][PASSED] - selectOptionByIndex: All options with index in [1] are selected on object 'Object Repository/DispensaryToStore/Page_Store/select_--Select--BA1170BA2376B'

2018-06-09 16:19:14 - [MESSAGE][PASSED] - All options with index in [1] are selected on object 'Object Repository/DispensaryToStore/Page_Store/select_--Select--BA1170BA2376B'

2018-06-09 16:19:14 - [TEST_STEP][PASSED] - Statement - Try: null

2018-06-09 16:19:14 - [TEST_STEP][PASSED] - Statement - StockQty = com.kms.katalon.core.webui.keyword.WebUiBuiltInKeywords.getAttribute(com.kms.katalon.core.testobject.ObjectRepository.findTestObject(DispensaryToStore/Page_Store/input_txtprice), "value"): Attribute 'value' of object 'Object Repository/DispensaryToStore/Page_Store/input_txtprice' is: '820'

2018-06-09 16:19:14 - [MESSAGE][PASSED] - Attribute 'value' of object 'Object Repository/DispensaryToStore/Page_Store/input_txtprice' is: '820'

2018-06-09 16:19:14 - [TEST_STEP][PASSED] - Statement - out.println("Stock QTY : " + StockQty): null

2018-06-09 16:19:14 - [TEST_STEP][PASSED] - delay: Delayed 2 second(s)

2018-06-09 16:19:16 - [MESSAGE][PASSED] - Delayed 2 second(s)

2018-06-09 16:19:16 - [TEST_STEP][PASSED] - Statement - If (java.lang.String.valueOf(StockQty) >= java.lang.String.valueOf(RequestedQty)): null

2018-06-09 16:19:16 - [TEST_STEP][PASSED] - setText: Text '10' is set on object 'Object Repository/DispensaryToStore/Page_Store/input_txtqty'

2018-06-09 16:19:16 - [MESSAGE][PASSED] - Text '10' is set on object 'Object Repository/DispensaryToStore/Page_Store/input_txtqty'

2018-06-09 16:19:16 - [TEST_STEP][PASSED] - click: Object: 'Object Repository/DispensaryToStore/Page_Store/button_Add' is clicked on

2018-06-09 16:19:16 - [MESSAGE][PASSED] - Object: 'Object Repository/DispensaryToStore/Page_Store/button_Add' is clicked on

2018-06-09 16:19:16 - [TEST_STEP][PASSED] - Statement - Break: null

2018-06-09 16:19:16 - [TEST_STEP][PASSED] - selectOptionByIndex: All options with index in [29] are selected on object 'Object Repository/DispensaryToStore/Page_Store/select_--Select--Adernaline 0.'

2018-06-09 16:19:16 - [MESSAGE][PASSED] - All options with index in [29] are selected on object 'Object Repository/DispensaryToStore/Page_Store/select_--Select--Adernaline 0.'

2018-06-09 16:19:16 - [TEST_STEP][PASSED] - delay: Delayed 2 second(s)

2018-06-09 16:19:18 - [MESSAGE][PASSED] - Delayed 2 second(s)

2018-06-09 16:19:18 - [TEST_STEP][PASSED] - Statement - RequestedQty = com.kms.katalon.core.webui.keyword.WebUiBuiltInKeywords.getAttribute(com.kms.katalon.core.testobject.ObjectRepository.findTestObject(DispensaryToStore/Page_Store/input_txttotal), "value"): Attribute 'value' of object 'Object Repository/DispensaryToStore/Page_Store/input_txttotal' is: '10'

2018-06-09 16:19:18 - [MESSAGE][PASSED] - Attribute 'value' of object 'Object Repository/DispensaryToStore/Page_Store/input_txttotal' is: '10'

2018-06-09 16:19:18 - [TEST_STEP][PASSED] - Statement - out.println("Requested QTY : " + RequestedQty): null

2018-06-09 16:19:18 - [TEST_STEP][PASSED] - Statement - BatchNumber = com.kms.katalon.core.webui.keyword.WebUiBuiltInKeywords.getNumberOfTotalOption(com.kms.katalon.core.testobject.ObjectRepository.findTestObject(DispensaryToStore/Page_Store/select_--Select--BA1170BA2376B)): 2 options of object 'Object Repository/DispensaryToStore/Page_Store/select_--Select--BA1170BA2376B' counted

2018-06-09 16:19:19 - [MESSAGE][PASSED] - 2 options of object 'Object Repository/DispensaryToStore/Page_Store/select_--Select--BA1170BA2376B' counted

2018-06-09 16:19:19 - [TEST_STEP][PASSED] - Statement - For ([g = 1, g <= BatchNumber - 1, (g++)]): null

2018-06-09 16:19:19 - [TEST_STEP][PASSED] - selectOptionByIndex: All options with index in [1] are selected on object 'Object Repository/DispensaryToStore/Page_Store/select_--Select--BA1170BA2376B'

2018-06-09 16:19:19 - [MESSAGE][PASSED] - All options with index in [1] are selected on object 'Object Repository/DispensaryToStore/Page_Store/select_--Select--BA1170BA2376B'

2018-06-09 16:19:19 - [TEST_STEP][PASSED] - Statement - Try: null

2018-06-09 16:19:19 - [TEST_STEP][PASSED] - Statement - StockQty = com.kms.katalon.core.webui.keyword.WebUiBuiltInKeywords.getAttribute(com.kms.katalon.core.testobject.ObjectRepository.findTestObject(DispensaryToStore/Page_Store/input_txtprice), "value"): Attribute 'value' of object 'Object Repository/DispensaryToStore/Page_Store/input_txtprice' is: '820'

2018-06-09 16:19:19 - [MESSAGE][PASSED] - Attribute 'value' of object 'Object Repository/DispensaryToStore/Page_Store/input_txtprice' is: '820'

2018-06-09 16:19:19 - [TEST_STEP][PASSED] - Statement - out.println("Stock QTY : " + StockQty): null

2018-06-09 16:19:19 - [TEST_STEP][PASSED] - delay: Delayed 2 second(s)

2018-06-09 16:19:21 - [MESSAGE][PASSED] - Delayed 2 second(s)

2018-06-09 16:19:21 - [TEST_STEP][PASSED] - Statement - If (java.lang.String.valueOf(StockQty) >= java.lang.String.valueOf(RequestedQty)): null

2018-06-09 16:19:21 - [TEST_STEP][PASSED] - setText: Text '10' is set on object 'Object Repository/DispensaryToStore/Page_Store/input_txtqty'

2018-06-09 16:19:21 - [MESSAGE][PASSED] - Text '10' is set on object 'Object Repository/DispensaryToStore/Page_Store/input_txtqty'

2018-06-09 16:19:21 - [TEST_STEP][PASSED] - click: Object: 'Object Repository/DispensaryToStore/Page_Store/button_Add' is clicked on

2018-06-09 16:19:21 - [MESSAGE][PASSED] - Object: 'Object Repository/DispensaryToStore/Page_Store/button_Add' is clicked on

2018-06-09 16:19:21 - [TEST_STEP][PASSED] - Statement - Break: null

2018-06-09 16:19:21 - [TEST_STEP][PASSED] - selectOptionByIndex: All options with index in [30] are selected on object 'Object Repository/DispensaryToStore/Page_Store/select_--Select--Adernaline 0.'

2018-06-09 16:19:21 - [MESSAGE][PASSED] - All options with index in [30] are selected on object 'Object Repository/DispensaryToStore/Page_Store/select_--Select--Adernaline 0.'

2018-06-09 16:19:21 - [TEST_STEP][PASSED] - delay: Delayed 2 second(s)

2018-06-09 16:19:23 - [MESSAGE][PASSED] - Delayed 2 second(s)

2018-06-09 16:19:23 - [TEST_STEP][PASSED] - Statement - RequestedQty = com.kms.katalon.core.webui.keyword.WebUiBuiltInKeywords.getAttribute(com.kms.katalon.core.testobject.ObjectRepository.findTestObject(DispensaryToStore/Page_Store/input_txttotal), "value"): Attribute 'value' of object 'Object Repository/DispensaryToStore/Page_Store/input_txttotal' is: '10'

2018-06-09 16:19:23 - [MESSAGE][PASSED] - Attribute 'value' of object 'Object Repository/DispensaryToStore/Page_Store/input_txttotal' is: '10'

2018-06-09 16:19:23 - [TEST_STEP][PASSED] - Statement - out.println("Requested QTY : " + RequestedQty): null

2018-06-09 16:19:23 - [TEST_STEP][PASSED] - Statement - BatchNumber = com.kms.katalon.core.webui.keyword.WebUiBuiltInKeywords.getNumberOfTotalOption(com.kms.katalon.core.testobject.ObjectRepository.findTestObject(DispensaryToStore/Page_Store/select_--Select--BA1170BA2376B)): 2 options of object 'Object Repository/DispensaryToStore/Page_Store/select_--Select--BA1170BA2376B' counted

2018-06-09 16:19:23 - [MESSAGE][PASSED] - 2 options of object 'Object Repository/DispensaryToStore/Page_Store/select_--Select--BA1170BA2376B' counted

2018-06-09 16:19:23 - [TEST_STEP][PASSED] - Statement - For ([g = 1, g <= BatchNumber - 1, (g++)]): null

2018-06-09 16:19:23 - [TEST_STEP][PASSED] - selectOptionByIndex: All options with index in [1] are selected on object 'Object Repository/DispensaryToStore/Page_Store/select_--Select--BA1170BA2376B'

2018-06-09 16:19:24 - [MESSAGE][PASSED] - All options with index in [1] are selected on object 'Object Repository/DispensaryToStore/Page_Store/select_--Select--BA1170BA2376B'

2018-06-09 16:19:24 - [TEST_STEP][PASSED] - Statement - Try: null

2018-06-09 16:19:24 - [TEST_STEP][PASSED] - Statement - StockQty = com.kms.katalon.core.webui.keyword.WebUiBuiltInKeywords.getAttribute(com.kms.katalon.core.testobject.ObjectRepository.findTestObject(DispensaryToStore/Page_Store/input_txtprice), "value"): Attribute 'value' of object 'Object Repository/DispensaryToStore/Page_Store/input_txtprice' is: '820'

2018-06-09 16:19:24 - [MESSAGE][PASSED] - Attribute 'value' of object 'Object Repository/DispensaryToStore/Page_Store/input_txtprice' is: '820'

2018-06-09 16:19:24 - [TEST_STEP][PASSED] - Statement - out.println("Stock QTY : " + StockQty): null

2018-06-09 16:19:24 - [TEST_STEP][PASSED] - delay: Delayed 2 second(s)

2018-06-09 16:19:26 - [MESSAGE][PASSED] - Delayed 2 second(s)

2018-06-09 16:19:26 - [TEST_STEP][PASSED] - Statement - If (java.lang.String.valueOf(StockQty) >= java.lang.String.valueOf(RequestedQty)): null

2018-06-09 16:19:26 - [TEST_STEP][PASSED] - setText: Text '10' is set on object 'Object Repository/DispensaryToStore/Page_Store/input_txtqty'

2018-06-09 16:19:26 - [MESSAGE][PASSED] - Text '10' is set on object 'Object Repository/DispensaryToStore/Page_Store/input_txtqty'

2018-06-09 16:19:26 - [TEST_STEP][PASSED] - click: Object: 'Object Repository/DispensaryToStore/Page_Store/button_Add' is clicked on

2018-06-09 16:19:26 - [MESSAGE][PASSED] - Object: 'Object Repository/DispensaryToStore/Page_Store/button_Add' is clicked on

2018-06-09 16:19:26 - [TEST_STEP][PASSED] - Statement - Break: null

2018-06-09 16:19:26 - [TEST_STEP][PASSED] - selectOptionByIndex: All options with index in [31] are selected on object 'Object Repository/DispensaryToStore/Page_Store/select_--Select--Adernaline 0.'

2018-06-09 16:19:26 - [MESSAGE][PASSED] - All options with index in [31] are selected on object 'Object Repository/DispensaryToStore/Page_Store/select_--Select--Adernaline 0.'

2018-06-09 16:19:26 - [TEST_STEP][PASSED] - delay: Delayed 2 second(s)

2018-06-09 16:19:28 - [MESSAGE][PASSED] - Delayed 2 second(s)

2018-06-09 16:19:28 - [TEST_STEP][PASSED] - Statement - RequestedQty = com.kms.katalon.core.webui.keyword.WebUiBuiltInKeywords.getAttribute(com.kms.katalon.core.testobject.ObjectRepository.findTestObject(DispensaryToStore/Page_Store/input_txttotal), "value"): Attribute 'value' of object 'Object Repository/DispensaryToStore/Page_Store/input_txttotal' is: '10'

2018-06-09 16:19:28 - [MESSAGE][PASSED] - Attribute 'value' of object 'Object Repository/DispensaryToStore/Page_Store/input_txttotal' is: '10'

2018-06-09 16:19:28 - [TEST_STEP][PASSED] - Statement - out.println("Requested QTY : " + RequestedQty): null

2018-06-09 16:19:28 - [TEST_STEP][PASSED] - Statement - BatchNumber = com.kms.katalon.core.webui.keyword.WebUiBuiltInKeywords.getNumberOfTotalOption(com.kms.katalon.core.testobject.ObjectRepository.findTestObject(DispensaryToStore/Page_Store/select_--Select--BA1170BA2376B)): 2 options of object 'Object Repository/DispensaryToStore/Page_Store/select_--Select--BA1170BA2376B' counted

2018-06-09 16:19:28 - [MESSAGE][PASSED] - 2 options of object 'Object Repository/DispensaryToStore/Page_Store/select_--Select--BA1170BA2376B' counted

2018-06-09 16:19:28 - [TEST_STEP][PASSED] - Statement - For ([g = 1, g <= BatchNumber - 1, (g++)]): null

2018-06-09 16:19:28 - [TEST_STEP][PASSED] - selectOptionByIndex: All options with index in [1] are selected on object 'Object Repository/DispensaryToStore/Page_Store/select_--Select--BA1170BA2376B'

2018-06-09 16:19:28 - [MESSAGE][PASSED] - All options with index in [1] are selected on object 'Object Repository/DispensaryToStore/Page_Store/select_--Select--BA1170BA2376B'

2018-06-09 16:19:28 - [TEST_STEP][PASSED] - Statement - Try: null

2018-06-09 16:19:28 - [TEST_STEP][PASSED] - Statement - StockQty = com.kms.katalon.core.webui.keyword.WebUiBuiltInKeywords.getAttribute(com.kms.katalon.core.testobject.ObjectRepository.findTestObject(DispensaryToStore/Page_Store/input_txtprice), "value"): Attribute 'value' of object 'Object Repository/DispensaryToStore/Page_Store/input_txtprice' is: '820'

2018-06-09 16:19:28 - [MESSAGE][PASSED] - Attribute 'value' of object 'Object Repository/DispensaryToStore/Page_Store/input_txtprice' is: '820'

2018-06-09 16:19:28 - [TEST_STEP][PASSED] - Statement - out.println("Stock QTY : " + StockQty): null

2018-06-09 16:19:28 - [TEST_STEP][PASSED] - delay: Delayed 2 second(s)

2018-06-09 16:19:30 - [MESSAGE][PASSED] - Delayed 2 second(s)

2018-06-09 16:19:30 - [TEST_STEP][PASSED] - Statement - If (java.lang.String.valueOf(StockQty) >= java.lang.String.valueOf(RequestedQty)): null

2018-06-09 16:19:30 - [TEST_STEP][PASSED] - setText: Text '10' is set on object 'Object Repository/DispensaryToStore/Page_Store/input_txtqty'

2018-06-09 16:19:31 - [MESSAGE][PASSED] - Text '10' is set on object 'Object Repository/DispensaryToStore/Page_Store/input_txtqty'

2018-06-09 16:19:31 - [TEST_STEP][PASSED] - click: Object: 'Object Repository/DispensaryToStore/Page_Store/button_Add' is clicked on

2018-06-09 16:19:31 - [MESSAGE][PASSED] - Object: 'Object Repository/DispensaryToStore/Page_Store/button_Add' is clicked on

2018-06-09 16:19:31 - [TEST_STEP][PASSED] - Statement - Break: null

2018-06-09 16:19:31 - [TEST_STEP][PASSED] - selectOptionByIndex: All options with index in [32] are selected on object 'Object Repository/DispensaryToStore/Page_Store/select_--Select--Adernaline 0.'

2018-06-09 16:19:31 - [MESSAGE][PASSED] - All options with index in [32] are selected on object 'Object Repository/DispensaryToStore/Page_Store/select_--Select--Adernaline 0.'

2018-06-09 16:19:31 - [TEST_STEP][PASSED] - delay: Delayed 2 second(s)

2018-06-09 16:19:33 - [MESSAGE][PASSED] - Delayed 2 second(s)

2018-06-09 16:19:33 - [TEST_STEP][PASSED] - Statement - RequestedQty = com.kms.katalon.core.webui.keyword.WebUiBuiltInKeywords.getAttribute(com.kms.katalon.core.testobject.ObjectRepository.findTestObject(DispensaryToStore/Page_Store/input_txttotal), "value"): Attribute 'value' of object 'Object Repository/DispensaryToStore/Page_Store/input_txttotal' is: '10'

2018-06-09 16:19:33 - [MESSAGE][PASSED] - Attribute 'value' of object 'Object Repository/DispensaryToStore/Page_Store/input_txttotal' is: '10'

2018-06-09 16:19:33 - [TEST_STEP][PASSED] - Statement - out.println("Requested QTY : " + RequestedQty): null

2018-06-09 16:19:33 - [TEST_STEP][PASSED] - Statement - BatchNumber = com.kms.katalon.core.webui.keyword.WebUiBuiltInKeywords.getNumberOfTotalOption(com.kms.katalon.core.testobject.ObjectRepository.findTestObject(DispensaryToStore/Page_Store/select_--Select--BA1170BA2376B)): 3 options of object 'Object Repository/DispensaryToStore/Page_Store/select_--Select--BA1170BA2376B' counted

2018-06-09 16:19:33 - [MESSAGE][PASSED] - 3 options of object 'Object Repository/DispensaryToStore/Page_Store/select_--Select--BA1170BA2376B' counted

2018-06-09 16:19:33 - [TEST_STEP][PASSED] - Statement - For ([g = 1, g <= BatchNumber - 1, (g++)]): null

2018-06-09 16:19:33 - [TEST_STEP][PASSED] - selectOptionByIndex: All options with index in [1] are selected on object 'Object Repository/DispensaryToStore/Page_Store/select_--Select--BA1170BA2376B'

2018-06-09 16:19:33 - [MESSAGE][PASSED] - All options with index in [1] are selected on object 'Object Repository/DispensaryToStore/Page_Store/select_--Select--BA1170BA2376B'

2018-06-09 16:19:33 - [TEST_STEP][PASSED] - Statement - Try: null

2018-06-09 16:19:33 - [TEST_STEP][PASSED] - Statement - StockQty = com.kms.katalon.core.webui.keyword.WebUiBuiltInKeywords.getAttribute(com.kms.katalon.core.testobject.ObjectRepository.findTestObject(DispensaryToStore/Page_Store/input_txtprice), "value"): Attribute 'value' of object 'Object Repository/DispensaryToStore/Page_Store/input_txtprice' is: '420'

2018-06-09 16:19:34 - [MESSAGE][PASSED] - Attribute 'value' of object 'Object Repository/DispensaryToStore/Page_Store/input_txtprice' is: '420'

2018-06-09 16:19:34 - [TEST_STEP][PASSED] - Statement - out.println("Stock QTY : " + StockQty): null

2018-06-09 16:19:34 - [TEST_STEP][PASSED] - delay: Delayed 2 second(s)

2018-06-09 16:19:36 - [MESSAGE][PASSED] - Delayed 2 second(s)

2018-06-09 16:19:36 - [TEST_STEP][PASSED] - Statement - If (java.lang.String.valueOf(StockQty) >= java.lang.String.valueOf(RequestedQty)): null

2018-06-09 16:19:36 - [TEST_STEP][PASSED] - setText: Text '10' is set on object 'Object Repository/DispensaryToStore/Page_Store/input_txtqty'

2018-06-09 16:19:36 - [MESSAGE][PASSED] - Text '10' is set on object 'Object Repository/DispensaryToStore/Page_Store/input_txtqty'

2018-06-09 16:19:36 - [TEST_STEP][PASSED] - click: Object: 'Object Repository/DispensaryToStore/Page_Store/button_Add' is clicked on

2018-06-09 16:19:36 - [MESSAGE][PASSED] - Object: 'Object Repository/DispensaryToStore/Page_Store/button_Add' is clicked on

2018-06-09 16:19:36 - [TEST_STEP][PASSED] - Statement - Break: null

2018-06-09 16:19:36 - [TEST_STEP][PASSED] - selectOptionByIndex: All options with index in [33] are selected on object 'Object Repository/DispensaryToStore/Page_Store/select_--Select--Adernaline 0.'

2018-06-09 16:19:36 - [MESSAGE][PASSED] - All options with index in [33] are selected on object 'Object Repository/DispensaryToStore/Page_Store/select_--Select--Adernaline 0.'

2018-06-09 16:19:36 - [TEST_STEP][PASSED] - delay: Delayed 2 second(s)

2018-06-09 16:19:38 - [MESSAGE][PASSED] - Delayed 2 second(s)

2018-06-09 16:19:38 - [TEST_STEP][PASSED] - Statement - RequestedQty = com.kms.katalon.core.webui.keyword.WebUiBuiltInKeywords.getAttribute(com.kms.katalon.core.testobject.ObjectRepository.findTestObject(DispensaryToStore/Page_Store/input_txttotal), "value"): Attribute 'value' of object 'Object Repository/DispensaryToStore/Page_Store/input_txttotal' is: '10'

2018-06-09 16:19:38 - [MESSAGE][PASSED] - Attribute 'value' of object 'Object Repository/DispensaryToStore/Page_Store/input_txttotal' is: '10'

2018-06-09 16:19:38 - [TEST_STEP][PASSED] - Statement - out.println("Requested QTY : " + RequestedQty): null

2018-06-09 16:19:38 - [TEST_STEP][PASSED] - Statement - BatchNumber = com.kms.katalon.core.webui.keyword.WebUiBuiltInKeywords.getNumberOfTotalOption(com.kms.katalon.core.testobject.ObjectRepository.findTestObject(DispensaryToStore/Page_Store/select_--Select--BA1170BA2376B)): 2 options of object 'Object Repository/DispensaryToStore/Page_Store/select_--Select--BA1170BA2376B' counted

2018-06-09 16:19:38 - [MESSAGE][PASSED] - 2 options of object 'Object Repository/DispensaryToStore/Page_Store/select_--Select--BA1170BA2376B' counted

2018-06-09 16:19:38 - [TEST_STEP][PASSED] - Statement - For ([g = 1, g <= BatchNumber - 1, (g++)]): null

2018-06-09 16:19:38 - [TEST_STEP][PASSED] - selectOptionByIndex: All options with index in [1] are selected on object 'Object Repository/DispensaryToStore/Page_Store/select_--Select--BA1170BA2376B'

2018-06-09 16:19:38 - [MESSAGE][PASSED] - All options with index in [1] are selected on object 'Object Repository/DispensaryToStore/Page_Store/select_--Select--BA1170BA2376B'

2018-06-09 16:19:38 - [TEST_STEP][PASSED] - Statement - Try: null

2018-06-09 16:19:38 - [TEST_STEP][PASSED] - Statement - StockQty = com.kms.katalon.core.webui.keyword.WebUiBuiltInKeywords.getAttribute(com.kms.katalon.core.testobject.ObjectRepository.findTestObject(DispensaryToStore/Page_Store/input_txtprice), "value"): Attribute 'value' of object 'Object Repository/DispensaryToStore/Page_Store/input_txtprice' is: '720'

2018-06-09 16:19:38 - [MESSAGE][PASSED] - Attribute 'value' of object 'Object Repository/DispensaryToStore/Page_Store/input_txtprice' is: '720'

2018-06-09 16:19:38 - [TEST_STEP][PASSED] - Statement - out.println("Stock QTY : " + StockQty): null

2018-06-09 16:19:38 - [TEST_STEP][PASSED] - delay: Delayed 2 second(s)

2018-06-09 16:19:40 - [MESSAGE][PASSED] - Delayed 2 second(s)

2018-06-09 16:19:40 - [TEST_STEP][PASSED] - Statement - If (java.lang.String.valueOf(StockQty) >= java.lang.String.valueOf(RequestedQty)): null

2018-06-09 16:19:40 - [TEST_STEP][PASSED] - setText: Text '10' is set on object 'Object Repository/DispensaryToStore/Page_Store/input_txtqty'

2018-06-09 16:19:41 - [MESSAGE][PASSED] - Text '10' is set on object 'Object Repository/DispensaryToStore/Page_Store/input_txtqty'

2018-06-09 16:19:41 - [TEST_STEP][PASSED] - click: Object: 'Object Repository/DispensaryToStore/Page_Store/button_Add' is clicked on

2018-06-09 16:19:41 - [MESSAGE][PASSED] - Object: 'Object Repository/DispensaryToStore/Page_Store/button_Add' is clicked on

2018-06-09 16:19:41 - [TEST_STEP][PASSED] - Statement - Break: null

2018-06-09 16:19:41 - [TEST_STEP][PASSED] - selectOptionByIndex: All options with index in [34] are selected on object 'Object Repository/DispensaryToStore/Page_Store/select_--Select--Adernaline 0.'

2018-06-09 16:19:41 - [MESSAGE][PASSED] - All options with index in [34] are selected on object 'Object Repository/DispensaryToStore/Page_Store/select_--Select--Adernaline 0.'

2018-06-09 16:19:41 - [TEST_STEP][PASSED] - delay: Delayed 2 second(s)

2018-06-09 16:19:43 - [MESSAGE][PASSED] - Delayed 2 second(s)

2018-06-09 16:19:43 - [TEST_STEP][PASSED] - Statement - RequestedQty = com.kms.katalon.core.webui.keyword.WebUiBuiltInKeywords.getAttribute(com.kms.katalon.core.testobject.ObjectRepository.findTestObject(DispensaryToStore/Page_Store/input_txttotal), "value"): Attribute 'value' of object 'Object Repository/DispensaryToStore/Page_Store/input_txttotal' is: '10'

2018-06-09 16:19:43 - [MESSAGE][PASSED] - Attribute 'value' of object 'Object Repository/DispensaryToStore/Page_Store/input_txttotal' is: '10'

2018-06-09 16:19:43 - [TEST_STEP][PASSED] - Statement - out.println("Requested QTY : " + RequestedQty): null

2018-06-09 16:19:43 - [TEST_STEP][PASSED] - Statement - BatchNumber = com.kms.katalon.core.webui.keyword.WebUiBuiltInKeywords.getNumberOfTotalOption(com.kms.katalon.core.testobject.ObjectRepository.findTestObject(DispensaryToStore/Page_Store/select_--Select--BA1170BA2376B)): 2 options of object 'Object Repository/DispensaryToStore/Page_Store/select_--Select--BA1170BA2376B' counted

2018-06-09 16:19:43 - [MESSAGE][PASSED] - 2 options of object 'Object Repository/DispensaryToStore/Page_Store/select_--Select--BA1170BA2376B' counted

2018-06-09 16:19:43 - [TEST_STEP][PASSED] - Statement - For ([g = 1, g <= BatchNumber - 1, (g++)]): null

2018-06-09 16:19:43 - [TEST_STEP][PASSED] - selectOptionByIndex: All options with index in [1] are selected on object 'Object Repository/DispensaryToStore/Page_Store/select_--Select--BA1170BA2376B'

2018-06-09 16:19:43 - [MESSAGE][PASSED] - All options with index in [1] are selected on object 'Object Repository/DispensaryToStore/Page_Store/select_--Select--BA1170BA2376B'

2018-06-09 16:19:43 - [TEST_STEP][PASSED] - Statement - Try: null

2018-06-09 16:19:43 - [TEST_STEP][PASSED] - Statement - StockQty = com.kms.katalon.core.webui.keyword.WebUiBuiltInKeywords.getAttribute(com.kms.katalon.core.testobject.ObjectRepository.findTestObject(DispensaryToStore/Page_Store/input_txtprice), "value"): Attribute 'value' of object 'Object Repository/DispensaryToStore/Page_Store/input_txtprice' is: '720'

2018-06-09 16:19:43 - [MESSAGE][PASSED] - Attribute 'value' of object 'Object Repository/DispensaryToStore/Page_Store/input_txtprice' is: '720'

2018-06-09 16:19:43 - [TEST_STEP][PASSED] - Statement - out.println("Stock QTY : " + StockQty): null

2018-06-09 16:19:43 - [TEST_STEP][PASSED] - delay: Delayed 2 second(s)

2018-06-09 16:19:45 - [MESSAGE][PASSED] - Delayed 2 second(s)

2018-06-09 16:19:45 - [TEST_STEP][PASSED] - Statement - If (java.lang.String.valueOf(StockQty) >= java.lang.String.valueOf(RequestedQty)): null

2018-06-09 16:19:45 - [TEST_STEP][PASSED] - setText: Text '10' is set on object 'Object Repository/DispensaryToStore/Page_Store/input_txtqty'

2018-06-09 16:19:45 - [MESSAGE][PASSED] - Text '10' is set on object 'Object Repository/DispensaryToStore/Page_Store/input_txtqty'

2018-06-09 16:19:45 - [TEST_STEP][PASSED] - click: Object: 'Object Repository/DispensaryToStore/Page_Store/button_Add' is clicked on

2018-06-09 16:19:46 - [MESSAGE][PASSED] - Object: 'Object Repository/DispensaryToStore/Page_Store/button_Add' is clicked on

2018-06-09 16:19:46 - [TEST_STEP][PASSED] - Statement - Break: null

2018-06-09 16:19:46 - [TEST_STEP][PASSED] - selectOptionByIndex: All options with index in [35] are selected on object 'Object Repository/DispensaryToStore/Page_Store/select_--Select--Adernaline 0.'

2018-06-09 16:19:46 - [MESSAGE][PASSED] - All options with index in [35] are selected on object 'Object Repository/DispensaryToStore/Page_Store/select_--Select--Adernaline 0.'

2018-06-09 16:19:46 - [TEST_STEP][PASSED] - delay: Delayed 2 second(s)

2018-06-09 16:19:48 - [MESSAGE][PASSED] - Delayed 2 second(s)

2018-06-09 16:19:48 - [TEST_STEP][PASSED] - Statement - RequestedQty = com.kms.katalon.core.webui.keyword.WebUiBuiltInKeywords.getAttribute(com.kms.katalon.core.testobject.ObjectRepository.findTestObject(DispensaryToStore/Page_Store/input_txttotal), "value"): Attribute 'value' of object 'Object Repository/DispensaryToStore/Page_Store/input_txttotal' is: '10'

2018-06-09 16:19:48 - [MESSAGE][PASSED] - Attribute 'value' of object 'Object Repository/DispensaryToStore/Page_Store/input_txttotal' is: '10'

2018-06-09 16:19:48 - [TEST_STEP][PASSED] - Statement - out.println("Requested QTY : " + RequestedQty): null

2018-06-09 16:19:48 - [TEST_STEP][PASSED] - Statement - BatchNumber = com.kms.katalon.core.webui.keyword.WebUiBuiltInKeywords.getNumberOfTotalOption(com.kms.katalon.core.testobject.ObjectRepository.findTestObject(DispensaryToStore/Page_Store/select_--Select--BA1170BA2376B)): 2 options of object 'Object Repository/DispensaryToStore/Page_Store/select_--Select--BA1170BA2376B' counted

2018-06-09 16:19:48 - [MESSAGE][PASSED] - 2 options of object 'Object Repository/DispensaryToStore/Page_Store/select_--Select--BA1170BA2376B' counted

2018-06-09 16:19:48 - [TEST_STEP][PASSED] - Statement - For ([g = 1, g <= BatchNumber - 1, (g++)]): null

2018-06-09 16:19:48 - [TEST_STEP][PASSED] - selectOptionByIndex: All options with index in [1] are selected on object 'Object Repository/DispensaryToStore/Page_Store/select_--Select--BA1170BA2376B'

2018-06-09 16:19:48 - [MESSAGE][PASSED] - All options with index in [1] are selected on object 'Object Repository/DispensaryToStore/Page_Store/select_--Select--BA1170BA2376B'

2018-06-09 16:19:48 - [TEST_STEP][PASSED] - Statement - Try: null

2018-06-09 16:19:48 - [TEST_STEP][PASSED] - Statement - StockQty = com.kms.katalon.core.webui.keyword.WebUiBuiltInKeywords.getAttribute(com.kms.katalon.core.testobject.ObjectRepository.findTestObject(DispensaryToStore/Page_Store/input_txtprice), "value"): Attribute 'value' of object 'Object Repository/DispensaryToStore/Page_Store/input_txtprice' is: '720'

2018-06-09 16:19:48 - [MESSAGE][PASSED] - Attribute 'value' of object 'Object Repository/DispensaryToStore/Page_Store/input_txtprice' is: '720'

2018-06-09 16:19:48 - [TEST_STEP][PASSED] - Statement - out.println("Stock QTY : " + StockQty): null

2018-06-09 16:19:48 - [TEST_STEP][PASSED] - delay: Delayed 2 second(s)

2018-06-09 16:19:50 - [MESSAGE][PASSED] - Delayed 2 second(s)

2018-06-09 16:19:50 - [TEST_STEP][PASSED] - Statement - If (java.lang.String.valueOf(StockQty) >= java.lang.String.valueOf(RequestedQty)): null

2018-06-09 16:19:50 - [TEST_STEP][PASSED] - setText: Text '10' is set on object 'Object Repository/DispensaryToStore/Page_Store/input_txtqty'

2018-06-09 16:19:50 - [MESSAGE][PASSED] - Text '10' is set on object 'Object Repository/DispensaryToStore/Page_Store/input_txtqty'

2018-06-09 16:19:50 - [TEST_STEP][PASSED] - click: Object: 'Object Repository/DispensaryToStore/Page_Store/button_Add' is clicked on

2018-06-09 16:19:50 - [MESSAGE][PASSED] - Object: 'Object Repository/DispensaryToStore/Page_Store/button_Add' is clicked on

2018-06-09 16:19:50 - [TEST_STEP][PASSED] - Statement - Break: null

2018-06-09 16:19:50 - [TEST_STEP][PASSED] - scrollToElement: Scroll to object 'Object Repository/DispensaryToStore/Page_Store/input_btnSubmit' successfully

2018-06-09 16:19:51 - [MESSAGE][PASSED] - Scroll to object 'Object Repository/DispensaryToStore/Page_Store/input_btnSubmit' successfully

2018-06-09 16:19:51 - [TEST_STEP][PASSED] - click: Object: 'Object Repository/DispensaryToStore/Page_Store/input_btnSubmit' is clicked on

2018-06-09 16:19:51 - [MESSAGE][PASSED] - Object: 'Object Repository/DispensaryToStore/Page_Store/input_btnSubmit' is clicked on

2018-06-09 16:19:51 - [TEST_STEP][PASSED] - delay: Delayed 3 second(s)

2018-06-09 16:19:54 - [MESSAGE][PASSED] - Delayed 3 second(s)

2018-06-09 16:19:54 - [TEST_STEP][PASSED] - click: Object: 'Object Repository/DispensaryToStore/Page_Store/button_OK' is clicked on

2018-06-09 16:19:55 - [MESSAGE][PASSED] - Object: 'Object Repository/DispensaryToStore/Page_Store/button_OK' is clicked on

2018-06-09 16:19:55 - [TEST_STEP][PASSED] - delay: Delayed 3 second(s)

2018-06-09 16:19:58 - [MESSAGE][PASSED] - Delayed 3 second(s)

2018-06-09 16:19:58 - [TEST_STEP][PASSED] - click: Object: 'Object Repository/DispensaryToStore/Page_Store/a_dropdown-toggle' is clicked on

2018-06-09 16:19:58 - [MESSAGE][PASSED] - Object: 'Object Repository/DispensaryToStore/Page_Store/a_dropdown-toggle' is clicked on

2018-06-09 16:19:58 - [TEST_STEP][PASSED] - click: Object: 'Object Repository/DispensaryToStore/Page_Store/a_Sign out' is clicked on

2018-06-09 16:19:59 - [MESSAGE][PASSED] - Object: 'Object Repository/DispensaryToStore/Page_Store/a_Sign out' is clicked on

2018-06-09 16:19:59 - [TEST_STEP][PASSED] - closeBrowser: Browser is closed

2018-06-09 16:19:59 - [MESSAGE][PASSED] - Browser is closed]]></system-out>
         <system-err><![CDATA[]]></system-err>
      </testcase>
      <testcase name="Test Cases/DISPENSARY TEST CASES/TC_DP_010 Verify Schedule 10 Dispensary Request Are Working Successfully Or Not" classname="Test Cases/DISPENSARY TEST CASES/TC_DP_010 Verify Schedule 10 Dispensary Request Are Working Successfully Or Not" status="PASSED">
         <system-out><![CDATA[2018-06-09 16:19:59 - [TEST_CASE][PASSED] - Test Cases/DISPENSARY TEST CASES/TC_DP_010 Verify Schedule 10 Dispensary Request Are Working Successfully Or Not: Test Cases/DISPENSARY TEST CASES/TC_DP_010 Verify Schedule 10 Dispensary Request Are Working Successfully Or Not

2018-06-09 16:20:00 - [TEST_STEP][PASSED] - openBrowser: Browser is opened with url: ''

2018-06-09 16:20:02 - [MESSAGE][PASSED] - Browser is opened with url: ''

2018-06-09 16:20:02 - [TEST_STEP][PASSED] - navigateToUrl: Navigate to 'http://192.168.137.1/multihospital_new/HDSplashscreen.aspx' successfully

2018-06-09 16:20:03 - [MESSAGE][PASSED] - Navigate to 'http://192.168.137.1/multihospital_new/HDSplashscreen.aspx' successfully

2018-06-09 16:20:03 - [TEST_STEP][PASSED] - maximizeWindow: Current window maximized

2018-06-09 16:20:04 - [MESSAGE][PASSED] - Current window maximized

2018-06-09 16:20:04 - [TEST_STEP][PASSED] - click: Object: 'Object Repository/DispensaryToStore/Page_KDMC/a_Dispensary Store' is clicked on

2018-06-09 16:20:05 - [MESSAGE][PASSED] - Object: 'Object Repository/DispensaryToStore/Page_KDMC/a_Dispensary Store' is clicked on

2018-06-09 16:20:05 - [TEST_STEP][PASSED] - setText: Text 'rajaram' is set on object 'Object Repository/DispensaryToStore/Page_Dispensary Store Login/input_txtusername'

2018-06-09 16:20:05 - [MESSAGE][PASSED] - Text 'rajaram' is set on object 'Object Repository/DispensaryToStore/Page_Dispensary Store Login/input_txtusername'

2018-06-09 16:20:05 - [TEST_STEP][PASSED] - setText: Text '123' is set on object 'Object Repository/DispensaryToStore/Page_Dispensary Store Login/input_txtpassword'

2018-06-09 16:20:06 - [MESSAGE][PASSED] - Text '123' is set on object 'Object Repository/DispensaryToStore/Page_Dispensary Store Login/input_txtpassword'

2018-06-09 16:20:06 - [TEST_STEP][PASSED] - delay: Delayed 3 second(s)

2018-06-09 16:20:09 - [MESSAGE][PASSED] - Delayed 3 second(s)

2018-06-09 16:20:09 - [TEST_STEP][PASSED] - sendKeys: Keys 'ENTER + ' sent to object: 'Object Repository/DispensaryToStore/Page_Dispensary Store Login/input_txtpassword'

2018-06-09 16:20:10 - [MESSAGE][PASSED] - Keys 'ENTER + ' sent to object: 'Object Repository/DispensaryToStore/Page_Dispensary Store Login/input_txtpassword'

2018-06-09 16:20:10 - [TEST_STEP][PASSED] - delay: Delayed 3 second(s)

2018-06-09 16:20:13 - [MESSAGE][PASSED] - Delayed 3 second(s)

2018-06-09 16:20:13 - [TEST_STEP][PASSED] - click: Object: 'Object Repository/DispensaryToStore/Page_Dispensary Store/a_Request to Store' is clicked on

2018-06-09 16:20:13 - [MESSAGE][PASSED] - Object: 'Object Repository/DispensaryToStore/Page_Dispensary Store/a_Request to Store' is clicked on

2018-06-09 16:20:13 - [TEST_STEP][PASSED] - click: Object: 'Object Repository/DispensaryToStore/Page_Dispensary Store/a_Medicine Request' is clicked on

2018-06-09 16:20:13 - [MESSAGE][PASSED] - Object: 'Object Repository/DispensaryToStore/Page_Dispensary Store/a_Medicine Request' is clicked on

2018-06-09 16:20:13 - [TEST_STEP][PASSED] - selectOptionByIndex: All options with index in [10] are selected on object 'Object Repository/DispensaryToStore/Page_Dispensary Store/select_--Select--Schedule 1Inj'

2018-06-09 16:20:13 - [MESSAGE][PASSED] - All options with index in [10] are selected on object 'Object Repository/DispensaryToStore/Page_Dispensary Store/select_--Select--Schedule 1Inj'

2018-06-09 16:20:13 - [TEST_STEP][PASSED] - Statement - medicineslength = com.kms.katalon.core.webui.keyword.WebUiBuiltInKeywords.getNumberOfTotalOption(com.kms.katalon.core.testobject.ObjectRepository.findTestObject(DispensaryToStore/Page_Dispensary Store/select_--Select--Adernaline 0.)): 19 options of object 'Object Repository/DispensaryToStore/Page_Dispensary Store/select_--Select--Adernaline 0.' counted

2018-06-09 16:20:14 - [MESSAGE][PASSED] - 19 options of object 'Object Repository/DispensaryToStore/Page_Dispensary Store/select_--Select--Adernaline 0.' counted

2018-06-09 16:20:14 - [TEST_STEP][PASSED] - Statement - For ([e = 1, e <= medicineslength - 1, (e++)]): Object: 'Object Repository/DispensaryToStore/Page_Dispensary Store/button_Add' is clicked on

2018-06-09 16:20:14 - [TEST_STEP][PASSED] - selectOptionByIndex: All options with index in [10] are selected on object 'Object Repository/DispensaryToStore/Page_Dispensary Store/select_--Select--Schedule 1Inj'

2018-06-09 16:20:14 - [MESSAGE][PASSED] - All options with index in [10] are selected on object 'Object Repository/DispensaryToStore/Page_Dispensary Store/select_--Select--Schedule 1Inj'

2018-06-09 16:20:14 - [TEST_STEP][PASSED] - selectOptionByIndex: All options with index in [1] are selected on object 'Object Repository/DispensaryToStore/Page_Dispensary Store/select_--Select--Adernaline 0.'

2018-06-09 16:20:14 - [MESSAGE][PASSED] - All options with index in [1] are selected on object 'Object Repository/DispensaryToStore/Page_Dispensary Store/select_--Select--Adernaline 0.'

2018-06-09 16:20:14 - [TEST_STEP][PASSED] - setText: Text '10' is set on object 'Object Repository/DispensaryToStore/Page_Dispensary Store/input_txttreat'

2018-06-09 16:20:14 - [MESSAGE][PASSED] - Text '10' is set on object 'Object Repository/DispensaryToStore/Page_Dispensary Store/input_txttreat'

2018-06-09 16:20:14 - [TEST_STEP][PASSED] - click: Object: 'Object Repository/DispensaryToStore/Page_Dispensary Store/button_Add' is clicked on

2018-06-09 16:20:14 - [MESSAGE][PASSED] - Object: 'Object Repository/DispensaryToStore/Page_Dispensary Store/button_Add' is clicked on

2018-06-09 16:20:14 - [TEST_STEP][PASSED] - selectOptionByIndex: All options with index in [10] are selected on object 'Object Repository/DispensaryToStore/Page_Dispensary Store/select_--Select--Schedule 1Inj'

2018-06-09 16:20:15 - [MESSAGE][PASSED] - All options with index in [10] are selected on object 'Object Repository/DispensaryToStore/Page_Dispensary Store/select_--Select--Schedule 1Inj'

2018-06-09 16:20:15 - [TEST_STEP][PASSED] - selectOptionByIndex: All options with index in [2] are selected on object 'Object Repository/DispensaryToStore/Page_Dispensary Store/select_--Select--Adernaline 0.'

2018-06-09 16:20:15 - [MESSAGE][PASSED] - All options with index in [2] are selected on object 'Object Repository/DispensaryToStore/Page_Dispensary Store/select_--Select--Adernaline 0.'

2018-06-09 16:20:15 - [TEST_STEP][PASSED] - setText: Text '10' is set on object 'Object Repository/DispensaryToStore/Page_Dispensary Store/input_txttreat'

2018-06-09 16:20:15 - [MESSAGE][PASSED] - Text '10' is set on object 'Object Repository/DispensaryToStore/Page_Dispensary Store/input_txttreat'

2018-06-09 16:20:15 - [TEST_STEP][PASSED] - click: Object: 'Object Repository/DispensaryToStore/Page_Dispensary Store/button_Add' is clicked on

2018-06-09 16:20:15 - [MESSAGE][PASSED] - Object: 'Object Repository/DispensaryToStore/Page_Dispensary Store/button_Add' is clicked on

2018-06-09 16:20:15 - [TEST_STEP][PASSED] - selectOptionByIndex: All options with index in [10] are selected on object 'Object Repository/DispensaryToStore/Page_Dispensary Store/select_--Select--Schedule 1Inj'

2018-06-09 16:20:15 - [MESSAGE][PASSED] - All options with index in [10] are selected on object 'Object Repository/DispensaryToStore/Page_Dispensary Store/select_--Select--Schedule 1Inj'

2018-06-09 16:20:15 - [TEST_STEP][PASSED] - selectOptionByIndex: All options with index in [3] are selected on object 'Object Repository/DispensaryToStore/Page_Dispensary Store/select_--Select--Adernaline 0.'

2018-06-09 16:20:15 - [MESSAGE][PASSED] - All options with index in [3] are selected on object 'Object Repository/DispensaryToStore/Page_Dispensary Store/select_--Select--Adernaline 0.'

2018-06-09 16:20:15 - [TEST_STEP][PASSED] - setText: Text '10' is set on object 'Object Repository/DispensaryToStore/Page_Dispensary Store/input_txttreat'

2018-06-09 16:20:16 - [MESSAGE][PASSED] - Text '10' is set on object 'Object Repository/DispensaryToStore/Page_Dispensary Store/input_txttreat'

2018-06-09 16:20:16 - [TEST_STEP][PASSED] - click: Object: 'Object Repository/DispensaryToStore/Page_Dispensary Store/button_Add' is clicked on

2018-06-09 16:20:16 - [MESSAGE][PASSED] - Object: 'Object Repository/DispensaryToStore/Page_Dispensary Store/button_Add' is clicked on

2018-06-09 16:20:16 - [TEST_STEP][PASSED] - selectOptionByIndex: All options with index in [10] are selected on object 'Object Repository/DispensaryToStore/Page_Dispensary Store/select_--Select--Schedule 1Inj'

2018-06-09 16:20:16 - [MESSAGE][PASSED] - All options with index in [10] are selected on object 'Object Repository/DispensaryToStore/Page_Dispensary Store/select_--Select--Schedule 1Inj'

2018-06-09 16:20:16 - [TEST_STEP][PASSED] - selectOptionByIndex: All options with index in [4] are selected on object 'Object Repository/DispensaryToStore/Page_Dispensary Store/select_--Select--Adernaline 0.'

2018-06-09 16:20:16 - [MESSAGE][PASSED] - All options with index in [4] are selected on object 'Object Repository/DispensaryToStore/Page_Dispensary Store/select_--Select--Adernaline 0.'

2018-06-09 16:20:16 - [TEST_STEP][PASSED] - setText: Text '10' is set on object 'Object Repository/DispensaryToStore/Page_Dispensary Store/input_txttreat'

2018-06-09 16:20:16 - [MESSAGE][PASSED] - Text '10' is set on object 'Object Repository/DispensaryToStore/Page_Dispensary Store/input_txttreat'

2018-06-09 16:20:16 - [TEST_STEP][PASSED] - click: Object: 'Object Repository/DispensaryToStore/Page_Dispensary Store/button_Add' is clicked on

2018-06-09 16:20:16 - [MESSAGE][PASSED] - Object: 'Object Repository/DispensaryToStore/Page_Dispensary Store/button_Add' is clicked on

2018-06-09 16:20:16 - [TEST_STEP][PASSED] - selectOptionByIndex: All options with index in [10] are selected on object 'Object Repository/DispensaryToStore/Page_Dispensary Store/select_--Select--Schedule 1Inj'

2018-06-09 16:20:16 - [MESSAGE][PASSED] - All options with index in [10] are selected on object 'Object Repository/DispensaryToStore/Page_Dispensary Store/select_--Select--Schedule 1Inj'

2018-06-09 16:20:16 - [TEST_STEP][PASSED] - selectOptionByIndex: All options with index in [5] are selected on object 'Object Repository/DispensaryToStore/Page_Dispensary Store/select_--Select--Adernaline 0.'

2018-06-09 16:20:17 - [MESSAGE][PASSED] - All options with index in [5] are selected on object 'Object Repository/DispensaryToStore/Page_Dispensary Store/select_--Select--Adernaline 0.'

2018-06-09 16:20:17 - [TEST_STEP][PASSED] - setText: Text '10' is set on object 'Object Repository/DispensaryToStore/Page_Dispensary Store/input_txttreat'

2018-06-09 16:20:17 - [MESSAGE][PASSED] - Text '10' is set on object 'Object Repository/DispensaryToStore/Page_Dispensary Store/input_txttreat'

2018-06-09 16:20:17 - [TEST_STEP][PASSED] - click: Object: 'Object Repository/DispensaryToStore/Page_Dispensary Store/button_Add' is clicked on

2018-06-09 16:20:17 - [MESSAGE][PASSED] - Object: 'Object Repository/DispensaryToStore/Page_Dispensary Store/button_Add' is clicked on

2018-06-09 16:20:17 - [TEST_STEP][PASSED] - selectOptionByIndex: All options with index in [10] are selected on object 'Object Repository/DispensaryToStore/Page_Dispensary Store/select_--Select--Schedule 1Inj'

2018-06-09 16:20:17 - [MESSAGE][PASSED] - All options with index in [10] are selected on object 'Object Repository/DispensaryToStore/Page_Dispensary Store/select_--Select--Schedule 1Inj'

2018-06-09 16:20:17 - [TEST_STEP][PASSED] - selectOptionByIndex: All options with index in [6] are selected on object 'Object Repository/DispensaryToStore/Page_Dispensary Store/select_--Select--Adernaline 0.'

2018-06-09 16:20:17 - [MESSAGE][PASSED] - All options with index in [6] are selected on object 'Object Repository/DispensaryToStore/Page_Dispensary Store/select_--Select--Adernaline 0.'

2018-06-09 16:20:17 - [TEST_STEP][PASSED] - setText: Text '10' is set on object 'Object Repository/DispensaryToStore/Page_Dispensary Store/input_txttreat'

2018-06-09 16:20:17 - [MESSAGE][PASSED] - Text '10' is set on object 'Object Repository/DispensaryToStore/Page_Dispensary Store/input_txttreat'

2018-06-09 16:20:17 - [TEST_STEP][PASSED] - click: Object: 'Object Repository/DispensaryToStore/Page_Dispensary Store/button_Add' is clicked on

2018-06-09 16:20:17 - [MESSAGE][PASSED] - Object: 'Object Repository/DispensaryToStore/Page_Dispensary Store/button_Add' is clicked on

2018-06-09 16:20:17 - [TEST_STEP][PASSED] - selectOptionByIndex: All options with index in [10] are selected on object 'Object Repository/DispensaryToStore/Page_Dispensary Store/select_--Select--Schedule 1Inj'

2018-06-09 16:20:18 - [MESSAGE][PASSED] - All options with index in [10] are selected on object 'Object Repository/DispensaryToStore/Page_Dispensary Store/select_--Select--Schedule 1Inj'

2018-06-09 16:20:18 - [TEST_STEP][PASSED] - selectOptionByIndex: All options with index in [7] are selected on object 'Object Repository/DispensaryToStore/Page_Dispensary Store/select_--Select--Adernaline 0.'

2018-06-09 16:20:18 - [MESSAGE][PASSED] - All options with index in [7] are selected on object 'Object Repository/DispensaryToStore/Page_Dispensary Store/select_--Select--Adernaline 0.'

2018-06-09 16:20:18 - [TEST_STEP][PASSED] - setText: Text '10' is set on object 'Object Repository/DispensaryToStore/Page_Dispensary Store/input_txttreat'

2018-06-09 16:20:18 - [MESSAGE][PASSED] - Text '10' is set on object 'Object Repository/DispensaryToStore/Page_Dispensary Store/input_txttreat'

2018-06-09 16:20:18 - [TEST_STEP][PASSED] - click: Object: 'Object Repository/DispensaryToStore/Page_Dispensary Store/button_Add' is clicked on

2018-06-09 16:20:18 - [MESSAGE][PASSED] - Object: 'Object Repository/DispensaryToStore/Page_Dispensary Store/button_Add' is clicked on

2018-06-09 16:20:18 - [TEST_STEP][PASSED] - selectOptionByIndex: All options with index in [10] are selected on object 'Object Repository/DispensaryToStore/Page_Dispensary Store/select_--Select--Schedule 1Inj'

2018-06-09 16:20:18 - [MESSAGE][PASSED] - All options with index in [10] are selected on object 'Object Repository/DispensaryToStore/Page_Dispensary Store/select_--Select--Schedule 1Inj'

2018-06-09 16:20:18 - [TEST_STEP][PASSED] - selectOptionByIndex: All options with index in [8] are selected on object 'Object Repository/DispensaryToStore/Page_Dispensary Store/select_--Select--Adernaline 0.'

2018-06-09 16:20:19 - [MESSAGE][PASSED] - All options with index in [8] are selected on object 'Object Repository/DispensaryToStore/Page_Dispensary Store/select_--Select--Adernaline 0.'

2018-06-09 16:20:19 - [TEST_STEP][PASSED] - setText: Text '10' is set on object 'Object Repository/DispensaryToStore/Page_Dispensary Store/input_txttreat'

2018-06-09 16:20:19 - [MESSAGE][PASSED] - Text '10' is set on object 'Object Repository/DispensaryToStore/Page_Dispensary Store/input_txttreat'

2018-06-09 16:20:19 - [TEST_STEP][PASSED] - click: Object: 'Object Repository/DispensaryToStore/Page_Dispensary Store/button_Add' is clicked on

2018-06-09 16:20:19 - [MESSAGE][PASSED] - Object: 'Object Repository/DispensaryToStore/Page_Dispensary Store/button_Add' is clicked on

2018-06-09 16:20:19 - [TEST_STEP][PASSED] - selectOptionByIndex: All options with index in [10] are selected on object 'Object Repository/DispensaryToStore/Page_Dispensary Store/select_--Select--Schedule 1Inj'

2018-06-09 16:20:19 - [MESSAGE][PASSED] - All options with index in [10] are selected on object 'Object Repository/DispensaryToStore/Page_Dispensary Store/select_--Select--Schedule 1Inj'

2018-06-09 16:20:19 - [TEST_STEP][PASSED] - selectOptionByIndex: All options with index in [9] are selected on object 'Object Repository/DispensaryToStore/Page_Dispensary Store/select_--Select--Adernaline 0.'

2018-06-09 16:20:19 - [MESSAGE][PASSED] - All options with index in [9] are selected on object 'Object Repository/DispensaryToStore/Page_Dispensary Store/select_--Select--Adernaline 0.'

2018-06-09 16:20:19 - [TEST_STEP][PASSED] - setText: Text '10' is set on object 'Object Repository/DispensaryToStore/Page_Dispensary Store/input_txttreat'

2018-06-09 16:20:19 - [MESSAGE][PASSED] - Text '10' is set on object 'Object Repository/DispensaryToStore/Page_Dispensary Store/input_txttreat'

2018-06-09 16:20:19 - [TEST_STEP][PASSED] - click: Object: 'Object Repository/DispensaryToStore/Page_Dispensary Store/button_Add' is clicked on

2018-06-09 16:20:19 - [MESSAGE][PASSED] - Object: 'Object Repository/DispensaryToStore/Page_Dispensary Store/button_Add' is clicked on

2018-06-09 16:20:19 - [TEST_STEP][PASSED] - selectOptionByIndex: All options with index in [10] are selected on object 'Object Repository/DispensaryToStore/Page_Dispensary Store/select_--Select--Schedule 1Inj'

2018-06-09 16:20:20 - [MESSAGE][PASSED] - All options with index in [10] are selected on object 'Object Repository/DispensaryToStore/Page_Dispensary Store/select_--Select--Schedule 1Inj'

2018-06-09 16:20:20 - [TEST_STEP][PASSED] - selectOptionByIndex: All options with index in [10] are selected on object 'Object Repository/DispensaryToStore/Page_Dispensary Store/select_--Select--Adernaline 0.'

2018-06-09 16:20:20 - [MESSAGE][PASSED] - All options with index in [10] are selected on object 'Object Repository/DispensaryToStore/Page_Dispensary Store/select_--Select--Adernaline 0.'

2018-06-09 16:20:20 - [TEST_STEP][PASSED] - setText: Text '10' is set on object 'Object Repository/DispensaryToStore/Page_Dispensary Store/input_txttreat'

2018-06-09 16:20:20 - [MESSAGE][PASSED] - Text '10' is set on object 'Object Repository/DispensaryToStore/Page_Dispensary Store/input_txttreat'

2018-06-09 16:20:20 - [TEST_STEP][PASSED] - click: Object: 'Object Repository/DispensaryToStore/Page_Dispensary Store/button_Add' is clicked on

2018-06-09 16:20:20 - [MESSAGE][PASSED] - Object: 'Object Repository/DispensaryToStore/Page_Dispensary Store/button_Add' is clicked on

2018-06-09 16:20:20 - [TEST_STEP][PASSED] - selectOptionByIndex: All options with index in [10] are selected on object 'Object Repository/DispensaryToStore/Page_Dispensary Store/select_--Select--Schedule 1Inj'

2018-06-09 16:20:21 - [MESSAGE][PASSED] - All options with index in [10] are selected on object 'Object Repository/DispensaryToStore/Page_Dispensary Store/select_--Select--Schedule 1Inj'

2018-06-09 16:20:21 - [TEST_STEP][PASSED] - selectOptionByIndex: All options with index in [11] are selected on object 'Object Repository/DispensaryToStore/Page_Dispensary Store/select_--Select--Adernaline 0.'

2018-06-09 16:20:21 - [MESSAGE][PASSED] - All options with index in [11] are selected on object 'Object Repository/DispensaryToStore/Page_Dispensary Store/select_--Select--Adernaline 0.'

2018-06-09 16:20:21 - [TEST_STEP][PASSED] - setText: Text '10' is set on object 'Object Repository/DispensaryToStore/Page_Dispensary Store/input_txttreat'

2018-06-09 16:20:21 - [MESSAGE][PASSED] - Text '10' is set on object 'Object Repository/DispensaryToStore/Page_Dispensary Store/input_txttreat'

2018-06-09 16:20:21 - [TEST_STEP][PASSED] - click: Object: 'Object Repository/DispensaryToStore/Page_Dispensary Store/button_Add' is clicked on

2018-06-09 16:20:21 - [MESSAGE][PASSED] - Object: 'Object Repository/DispensaryToStore/Page_Dispensary Store/button_Add' is clicked on

2018-06-09 16:20:21 - [TEST_STEP][PASSED] - selectOptionByIndex: All options with index in [10] are selected on object 'Object Repository/DispensaryToStore/Page_Dispensary Store/select_--Select--Schedule 1Inj'

2018-06-09 16:20:21 - [MESSAGE][PASSED] - All options with index in [10] are selected on object 'Object Repository/DispensaryToStore/Page_Dispensary Store/select_--Select--Schedule 1Inj'

2018-06-09 16:20:21 - [TEST_STEP][PASSED] - selectOptionByIndex: All options with index in [12] are selected on object 'Object Repository/DispensaryToStore/Page_Dispensary Store/select_--Select--Adernaline 0.'

2018-06-09 16:20:21 - [MESSAGE][PASSED] - All options with index in [12] are selected on object 'Object Repository/DispensaryToStore/Page_Dispensary Store/select_--Select--Adernaline 0.'

2018-06-09 16:20:21 - [TEST_STEP][PASSED] - setText: Text '10' is set on object 'Object Repository/DispensaryToStore/Page_Dispensary Store/input_txttreat'

2018-06-09 16:20:22 - [MESSAGE][PASSED] - Text '10' is set on object 'Object Repository/DispensaryToStore/Page_Dispensary Store/input_txttreat'

2018-06-09 16:20:22 - [TEST_STEP][PASSED] - click: Object: 'Object Repository/DispensaryToStore/Page_Dispensary Store/button_Add' is clicked on

2018-06-09 16:20:22 - [MESSAGE][PASSED] - Object: 'Object Repository/DispensaryToStore/Page_Dispensary Store/button_Add' is clicked on

2018-06-09 16:20:22 - [TEST_STEP][PASSED] - selectOptionByIndex: All options with index in [10] are selected on object 'Object Repository/DispensaryToStore/Page_Dispensary Store/select_--Select--Schedule 1Inj'

2018-06-09 16:20:22 - [MESSAGE][PASSED] - All options with index in [10] are selected on object 'Object Repository/DispensaryToStore/Page_Dispensary Store/select_--Select--Schedule 1Inj'

2018-06-09 16:20:22 - [TEST_STEP][PASSED] - selectOptionByIndex: All options with index in [13] are selected on object 'Object Repository/DispensaryToStore/Page_Dispensary Store/select_--Select--Adernaline 0.'

2018-06-09 16:20:22 - [MESSAGE][PASSED] - All options with index in [13] are selected on object 'Object Repository/DispensaryToStore/Page_Dispensary Store/select_--Select--Adernaline 0.'

2018-06-09 16:20:22 - [TEST_STEP][PASSED] - setText: Text '10' is set on object 'Object Repository/DispensaryToStore/Page_Dispensary Store/input_txttreat'

2018-06-09 16:20:22 - [MESSAGE][PASSED] - Text '10' is set on object 'Object Repository/DispensaryToStore/Page_Dispensary Store/input_txttreat'

2018-06-09 16:20:22 - [TEST_STEP][PASSED] - click: Object: 'Object Repository/DispensaryToStore/Page_Dispensary Store/button_Add' is clicked on

2018-06-09 16:20:22 - [MESSAGE][PASSED] - Object: 'Object Repository/DispensaryToStore/Page_Dispensary Store/button_Add' is clicked on

2018-06-09 16:20:22 - [TEST_STEP][PASSED] - selectOptionByIndex: All options with index in [10] are selected on object 'Object Repository/DispensaryToStore/Page_Dispensary Store/select_--Select--Schedule 1Inj'

2018-06-09 16:20:23 - [MESSAGE][PASSED] - All options with index in [10] are selected on object 'Object Repository/DispensaryToStore/Page_Dispensary Store/select_--Select--Schedule 1Inj'

2018-06-09 16:20:23 - [TEST_STEP][PASSED] - selectOptionByIndex: All options with index in [14] are selected on object 'Object Repository/DispensaryToStore/Page_Dispensary Store/select_--Select--Adernaline 0.'

2018-06-09 16:20:23 - [MESSAGE][PASSED] - All options with index in [14] are selected on object 'Object Repository/DispensaryToStore/Page_Dispensary Store/select_--Select--Adernaline 0.'

2018-06-09 16:20:23 - [TEST_STEP][PASSED] - setText: Text '10' is set on object 'Object Repository/DispensaryToStore/Page_Dispensary Store/input_txttreat'

2018-06-09 16:20:23 - [MESSAGE][PASSED] - Text '10' is set on object 'Object Repository/DispensaryToStore/Page_Dispensary Store/input_txttreat'

2018-06-09 16:20:23 - [TEST_STEP][PASSED] - click: Object: 'Object Repository/DispensaryToStore/Page_Dispensary Store/button_Add' is clicked on

2018-06-09 16:20:23 - [MESSAGE][PASSED] - Object: 'Object Repository/DispensaryToStore/Page_Dispensary Store/button_Add' is clicked on

2018-06-09 16:20:23 - [TEST_STEP][PASSED] - selectOptionByIndex: All options with index in [10] are selected on object 'Object Repository/DispensaryToStore/Page_Dispensary Store/select_--Select--Schedule 1Inj'

2018-06-09 16:20:23 - [MESSAGE][PASSED] - All options with index in [10] are selected on object 'Object Repository/DispensaryToStore/Page_Dispensary Store/select_--Select--Schedule 1Inj'

2018-06-09 16:20:23 - [TEST_STEP][PASSED] - selectOptionByIndex: All options with index in [15] are selected on object 'Object Repository/DispensaryToStore/Page_Dispensary Store/select_--Select--Adernaline 0.'

2018-06-09 16:20:24 - [MESSAGE][PASSED] - All options with index in [15] are selected on object 'Object Repository/DispensaryToStore/Page_Dispensary Store/select_--Select--Adernaline 0.'

2018-06-09 16:20:24 - [TEST_STEP][PASSED] - setText: Text '10' is set on object 'Object Repository/DispensaryToStore/Page_Dispensary Store/input_txttreat'

2018-06-09 16:20:24 - [MESSAGE][PASSED] - Text '10' is set on object 'Object Repository/DispensaryToStore/Page_Dispensary Store/input_txttreat'

2018-06-09 16:20:24 - [TEST_STEP][PASSED] - click: Object: 'Object Repository/DispensaryToStore/Page_Dispensary Store/button_Add' is clicked on

2018-06-09 16:20:24 - [MESSAGE][PASSED] - Object: 'Object Repository/DispensaryToStore/Page_Dispensary Store/button_Add' is clicked on

2018-06-09 16:20:24 - [TEST_STEP][PASSED] - selectOptionByIndex: All options with index in [10] are selected on object 'Object Repository/DispensaryToStore/Page_Dispensary Store/select_--Select--Schedule 1Inj'

2018-06-09 16:20:24 - [MESSAGE][PASSED] - All options with index in [10] are selected on object 'Object Repository/DispensaryToStore/Page_Dispensary Store/select_--Select--Schedule 1Inj'

2018-06-09 16:20:24 - [TEST_STEP][PASSED] - selectOptionByIndex: All options with index in [16] are selected on object 'Object Repository/DispensaryToStore/Page_Dispensary Store/select_--Select--Adernaline 0.'

2018-06-09 16:20:24 - [MESSAGE][PASSED] - All options with index in [16] are selected on object 'Object Repository/DispensaryToStore/Page_Dispensary Store/select_--Select--Adernaline 0.'

2018-06-09 16:20:24 - [TEST_STEP][PASSED] - setText: Text '10' is set on object 'Object Repository/DispensaryToStore/Page_Dispensary Store/input_txttreat'

2018-06-09 16:20:25 - [MESSAGE][PASSED] - Text '10' is set on object 'Object Repository/DispensaryToStore/Page_Dispensary Store/input_txttreat'

2018-06-09 16:20:25 - [TEST_STEP][PASSED] - click: Object: 'Object Repository/DispensaryToStore/Page_Dispensary Store/button_Add' is clicked on

2018-06-09 16:20:25 - [MESSAGE][PASSED] - Object: 'Object Repository/DispensaryToStore/Page_Dispensary Store/button_Add' is clicked on

2018-06-09 16:20:25 - [TEST_STEP][PASSED] - selectOptionByIndex: All options with index in [10] are selected on object 'Object Repository/DispensaryToStore/Page_Dispensary Store/select_--Select--Schedule 1Inj'

2018-06-09 16:20:25 - [MESSAGE][PASSED] - All options with index in [10] are selected on object 'Object Repository/DispensaryToStore/Page_Dispensary Store/select_--Select--Schedule 1Inj'

2018-06-09 16:20:25 - [TEST_STEP][PASSED] - selectOptionByIndex: All options with index in [17] are selected on object 'Object Repository/DispensaryToStore/Page_Dispensary Store/select_--Select--Adernaline 0.'

2018-06-09 16:20:25 - [MESSAGE][PASSED] - All options with index in [17] are selected on object 'Object Repository/DispensaryToStore/Page_Dispensary Store/select_--Select--Adernaline 0.'

2018-06-09 16:20:25 - [TEST_STEP][PASSED] - setText: Text '10' is set on object 'Object Repository/DispensaryToStore/Page_Dispensary Store/input_txttreat'

2018-06-09 16:20:25 - [MESSAGE][PASSED] - Text '10' is set on object 'Object Repository/DispensaryToStore/Page_Dispensary Store/input_txttreat'

2018-06-09 16:20:25 - [TEST_STEP][PASSED] - click: Object: 'Object Repository/DispensaryToStore/Page_Dispensary Store/button_Add' is clicked on

2018-06-09 16:20:25 - [MESSAGE][PASSED] - Object: 'Object Repository/DispensaryToStore/Page_Dispensary Store/button_Add' is clicked on

2018-06-09 16:20:25 - [TEST_STEP][PASSED] - selectOptionByIndex: All options with index in [10] are selected on object 'Object Repository/DispensaryToStore/Page_Dispensary Store/select_--Select--Schedule 1Inj'

2018-06-09 16:20:26 - [MESSAGE][PASSED] - All options with index in [10] are selected on object 'Object Repository/DispensaryToStore/Page_Dispensary Store/select_--Select--Schedule 1Inj'

2018-06-09 16:20:26 - [TEST_STEP][PASSED] - selectOptionByIndex: All options with index in [18] are selected on object 'Object Repository/DispensaryToStore/Page_Dispensary Store/select_--Select--Adernaline 0.'

2018-06-09 16:20:26 - [MESSAGE][PASSED] - All options with index in [18] are selected on object 'Object Repository/DispensaryToStore/Page_Dispensary Store/select_--Select--Adernaline 0.'

2018-06-09 16:20:26 - [TEST_STEP][PASSED] - setText: Text '10' is set on object 'Object Repository/DispensaryToStore/Page_Dispensary Store/input_txttreat'

2018-06-09 16:20:26 - [MESSAGE][PASSED] - Text '10' is set on object 'Object Repository/DispensaryToStore/Page_Dispensary Store/input_txttreat'

2018-06-09 16:20:26 - [TEST_STEP][PASSED] - click: Object: 'Object Repository/DispensaryToStore/Page_Dispensary Store/button_Add' is clicked on

2018-06-09 16:20:26 - [MESSAGE][PASSED] - Object: 'Object Repository/DispensaryToStore/Page_Dispensary Store/button_Add' is clicked on

2018-06-09 16:20:26 - [TEST_STEP][PASSED] - scrollToElement: Scroll to object 'Object Repository/DispensaryToStore/Page_Dispensary Store/input_btnsave' successfully

2018-06-09 16:20:26 - [MESSAGE][PASSED] - Scroll to object 'Object Repository/DispensaryToStore/Page_Dispensary Store/input_btnsave' successfully

2018-06-09 16:20:26 - [TEST_STEP][PASSED] - click: Object: 'Object Repository/DispensaryToStore/Page_Dispensary Store/input_btnsave' is clicked on

2018-06-09 16:20:26 - [MESSAGE][PASSED] - Object: 'Object Repository/DispensaryToStore/Page_Dispensary Store/input_btnsave' is clicked on

2018-06-09 16:20:26 - [TEST_STEP][PASSED] - delay: Delayed 3 second(s)

2018-06-09 16:20:29 - [MESSAGE][PASSED] - Delayed 3 second(s)

2018-06-09 16:20:29 - [TEST_STEP][PASSED] - Statement - RN1 = com.kms.katalon.core.webui.keyword.WebUiBuiltInKeywords.getText(com.kms.katalon.core.testobject.ObjectRepository.findTestObject(DispensaryToStore/Page_Dispensary Store/font_HPRNO180520187)): Text of object 'Object Repository/DispensaryToStore/Page_Dispensary Store/font_HPRNO180520187' is: 'DPRNO/09062018/206'

2018-06-09 16:20:29 - [MESSAGE][PASSED] - Text of object 'Object Repository/DispensaryToStore/Page_Dispensary Store/font_HPRNO180520187' is: 'DPRNO/09062018/206'

2018-06-09 16:20:29 - [TEST_STEP][PASSED] - Statement - out.println(RN1): null

2018-06-09 16:20:29 - [TEST_STEP][PASSED] - Statement - RID = RN1.split("/")[2]: null

2018-06-09 16:20:29 - [TEST_STEP][PASSED] - click: Object: 'Object Repository/DispensaryToStore/Page_Dispensary Store/button_OK' is clicked on

2018-06-09 16:20:31 - [MESSAGE][PASSED] - Object: 'Object Repository/DispensaryToStore/Page_Dispensary Store/button_OK' is clicked on

2018-06-09 16:20:31 - [TEST_STEP][PASSED] - delay: Delayed 3 second(s)

2018-06-09 16:20:34 - [MESSAGE][PASSED] - Delayed 3 second(s)

2018-06-09 16:20:34 - [TEST_STEP][PASSED] - click: Object: 'Object Repository/DispensaryToStore/Page_Dispensary Store/a_dropdown-toggle' is clicked on

2018-06-09 16:20:35 - [MESSAGE][PASSED] - Object: 'Object Repository/DispensaryToStore/Page_Dispensary Store/a_dropdown-toggle' is clicked on

2018-06-09 16:20:35 - [TEST_STEP][PASSED] - click: Object: 'Object Repository/DispensaryToStore/Page_Dispensary Store/a_Sign out' is clicked on

2018-06-09 16:20:35 - [MESSAGE][PASSED] - Object: 'Object Repository/DispensaryToStore/Page_Dispensary Store/a_Sign out' is clicked on

2018-06-09 16:20:35 - [TEST_STEP][PASSED] - delay: Delayed 3 second(s)

2018-06-09 16:20:38 - [MESSAGE][PASSED] - Delayed 3 second(s)

2018-06-09 16:20:38 - [TEST_STEP][PASSED] - navigateToUrl: Navigate to 'http://192.168.137.1/multihospital_new/' successfully

2018-06-09 16:20:39 - [MESSAGE][PASSED] - Navigate to 'http://192.168.137.1/multihospital_new/' successfully

2018-06-09 16:20:39 - [TEST_STEP][PASSED] - click: Object: 'Object Repository/DispensaryToStore/Page_KDMC/a_CMO' is clicked on

2018-06-09 16:20:40 - [MESSAGE][PASSED] - Object: 'Object Repository/DispensaryToStore/Page_KDMC/a_CMO' is clicked on

2018-06-09 16:20:40 - [TEST_STEP][PASSED] - setText: Text 'guru' is set on object 'Object Repository/DispensaryToStore/Page_CMO login/input_txtusername'

2018-06-09 16:20:40 - [MESSAGE][PASSED] - Text 'guru' is set on object 'Object Repository/DispensaryToStore/Page_CMO login/input_txtusername'

2018-06-09 16:20:40 - [TEST_STEP][PASSED] - setText: Text '123' is set on object 'Object Repository/DispensaryToStore/Page_CMO login/input_txtpassword'

2018-06-09 16:20:40 - [MESSAGE][PASSED] - Text '123' is set on object 'Object Repository/DispensaryToStore/Page_CMO login/input_txtpassword'

2018-06-09 16:20:40 - [TEST_STEP][PASSED] - delay: Delayed 3 second(s)

2018-06-09 16:20:43 - [MESSAGE][PASSED] - Delayed 3 second(s)

2018-06-09 16:20:43 - [TEST_STEP][PASSED] - click: Object: 'Object Repository/DispensaryToStore/Page_CMO login/button_Sign in' is clicked on

2018-06-09 16:20:44 - [MESSAGE][PASSED] - Object: 'Object Repository/DispensaryToStore/Page_CMO login/button_Sign in' is clicked on

2018-06-09 16:20:44 - [TEST_STEP][PASSED] - click: Object: 'Object Repository/DispensaryToStore/Page_KDMC - CMO/a_Department Wise Request' is clicked on

2018-06-09 16:20:46 - [MESSAGE][PASSED] - Object: 'Object Repository/DispensaryToStore/Page_KDMC - CMO/a_Department Wise Request' is clicked on

2018-06-09 16:20:46 - [TEST_STEP][PASSED] - delay: Delayed 2 second(s)

2018-06-09 16:20:48 - [MESSAGE][PASSED] - Delayed 2 second(s)

2018-06-09 16:20:48 - [TEST_STEP][PASSED] - selectOptionByIndex: All options with index in [6] are selected on object 'Object Repository/DispensaryToStore/Page_KDMC - CMO/select_--ALL--'

2018-06-09 16:20:49 - [MESSAGE][PASSED] - All options with index in [6] are selected on object 'Object Repository/DispensaryToStore/Page_KDMC - CMO/select_--ALL--'

2018-06-09 16:20:49 - [TEST_STEP][PASSED] - click: Object: 'Object Repository/DispensaryToStore/Page_KDMC - CMO/input_btnsearch' is clicked on

2018-06-09 16:20:49 - [MESSAGE][PASSED] - Object: 'Object Repository/DispensaryToStore/Page_KDMC - CMO/input_btnsearch' is clicked on

2018-06-09 16:20:49 - [TEST_STEP][PASSED] - selectOptionByIndex: All options with index in [1] are selected on object 'Object Repository/DispensaryToStore/Page_KDMC - CMO/select_--ALL--                _1'

2018-06-09 16:20:49 - [MESSAGE][PASSED] - All options with index in [1] are selected on object 'Object Repository/DispensaryToStore/Page_KDMC - CMO/select_--ALL--                _1'

2018-06-09 16:20:49 - [TEST_STEP][PASSED] - click: Object: 'Object Repository/DispensaryToStore/Page_KDMC - CMO/input_btnsearch' is clicked on

2018-06-09 16:20:49 - [MESSAGE][PASSED] - Object: 'Object Repository/DispensaryToStore/Page_KDMC - CMO/input_btnsearch' is clicked on

2018-06-09 16:20:49 - [TEST_STEP][PASSED] - Statement - ID = com.kms.katalon.core.webui.keyword.WebUiBuiltInKeywords.modifyObjectProperty(com.kms.katalon.core.testobject.ObjectRepository.findTestObject(lab/Page_KDMC - CMO/input_1), "xpath", "equals", "//*[@id=" + RID + "]", true): Modify property of object successfully

2018-06-09 16:20:49 - [MESSAGE][PASSED] - Modify property of object successfully

2018-06-09 16:20:49 - [TEST_STEP][PASSED] - click: Object: 'Object Repository/lab/Page_KDMC - CMO/input_1' is clicked on

2018-06-09 16:20:50 - [MESSAGE][PASSED] - Object: 'Object Repository/lab/Page_KDMC - CMO/input_1' is clicked on

2018-06-09 16:20:50 - [TEST_STEP][PASSED] - delay: Delayed 2 second(s)

2018-06-09 16:20:52 - [MESSAGE][PASSED] - Delayed 2 second(s)

2018-06-09 16:20:52 - [TEST_STEP][PASSED] - selectOptionByIndex: All options with index in [1] are selected on object 'Object Repository/DispensaryToStore/Page_KDMC - CMO/select_--Select--'

2018-06-09 16:20:52 - [MESSAGE][PASSED] - All options with index in [1] are selected on object 'Object Repository/DispensaryToStore/Page_KDMC - CMO/select_--Select--'

2018-06-09 16:20:52 - [TEST_STEP][PASSED] - click: Object: 'Object Repository/DispensaryToStore/Page_KDMC - CMO/input_btnupdate' is clicked on

2018-06-09 16:20:52 - [MESSAGE][PASSED] - Object: 'Object Repository/DispensaryToStore/Page_KDMC - CMO/input_btnupdate' is clicked on

2018-06-09 16:20:52 - [TEST_STEP][PASSED] - delay: Delayed 2 second(s)

2018-06-09 16:20:54 - [MESSAGE][PASSED] - Delayed 2 second(s)

2018-06-09 16:20:54 - [TEST_STEP][PASSED] - click: Object: 'Object Repository/DispensaryToStore/Page_KDMC - CMO/button_OK' is clicked on

2018-06-09 16:20:54 - [MESSAGE][PASSED] - Object: 'Object Repository/DispensaryToStore/Page_KDMC - CMO/button_OK' is clicked on

2018-06-09 16:20:54 - [TEST_STEP][PASSED] - delay: Delayed 2 second(s)

2018-06-09 16:20:56 - [MESSAGE][PASSED] - Delayed 2 second(s)

2018-06-09 16:20:56 - [TEST_STEP][PASSED] - click: Object: 'Object Repository/DispensaryToStore/Page_KDMC - CMO/a_dropdown-toggle' is clicked on

2018-06-09 16:20:56 - [MESSAGE][PASSED] - Object: 'Object Repository/DispensaryToStore/Page_KDMC - CMO/a_dropdown-toggle' is clicked on

2018-06-09 16:20:56 - [TEST_STEP][PASSED] - click: Object: 'Object Repository/DispensaryToStore/Page_KDMC - CMO/a_Sign out' is clicked on

2018-06-09 16:20:57 - [MESSAGE][PASSED] - Object: 'Object Repository/DispensaryToStore/Page_KDMC - CMO/a_Sign out' is clicked on

2018-06-09 16:20:57 - [TEST_STEP][PASSED] - delay: Delayed 3 second(s)

2018-06-09 16:21:00 - [MESSAGE][PASSED] - Delayed 3 second(s)

2018-06-09 16:21:00 - [TEST_STEP][PASSED] - click: Object: 'Object Repository/DispensaryToStore/Page_KDMC/a_Divisional Store' is clicked on

2018-06-09 16:21:01 - [MESSAGE][PASSED] - Object: 'Object Repository/DispensaryToStore/Page_KDMC/a_Divisional Store' is clicked on

2018-06-09 16:21:01 - [TEST_STEP][PASSED] - setText: Text 'ragu' is set on object 'Object Repository/DispensaryToStore/Page_Divisonal Store Login/input_txtusername'

2018-06-09 16:21:01 - [MESSAGE][PASSED] - Text 'ragu' is set on object 'Object Repository/DispensaryToStore/Page_Divisonal Store Login/input_txtusername'

2018-06-09 16:21:01 - [TEST_STEP][PASSED] - setText: Text '123' is set on object 'Object Repository/DispensaryToStore/Page_Divisonal Store Login/input_txtpassword'

2018-06-09 16:21:02 - [MESSAGE][PASSED] - Text '123' is set on object 'Object Repository/DispensaryToStore/Page_Divisonal Store Login/input_txtpassword'

2018-06-09 16:21:02 - [TEST_STEP][PASSED] - delay: Delayed 3 second(s)

2018-06-09 16:21:05 - [MESSAGE][PASSED] - Delayed 3 second(s)

2018-06-09 16:21:05 - [TEST_STEP][PASSED] - click: Object: 'Object Repository/DispensaryToStore/Page_Divisonal Store Login/button_Sign in' is clicked on

2018-06-09 16:21:06 - [MESSAGE][PASSED] - Object: 'Object Repository/DispensaryToStore/Page_Divisonal Store Login/button_Sign in' is clicked on

2018-06-09 16:21:06 - [TEST_STEP][PASSED] - delay: Delayed 3 second(s)

2018-06-09 16:21:09 - [MESSAGE][PASSED] - Delayed 3 second(s)

2018-06-09 16:21:09 - [TEST_STEP][PASSED] - scrollToPosition: Browser is scrolled to position x = 100, y = 100

2018-06-09 16:21:09 - [MESSAGE][PASSED] - Browser is scrolled to position x = 100, y = 100

2018-06-09 16:21:09 - [TEST_STEP][PASSED] - click: Object: 'Object Repository/DispensaryToStore/Page_Store/a_Dispensary Request' is clicked on

2018-06-09 16:21:09 - [MESSAGE][PASSED] - Object: 'Object Repository/DispensaryToStore/Page_Store/a_Dispensary Request' is clicked on

2018-06-09 16:21:09 - [TEST_STEP][PASSED] - delay: Delayed 2 second(s)

2018-06-09 16:21:11 - [MESSAGE][PASSED] - Delayed 2 second(s)

2018-06-09 16:21:11 - [TEST_STEP][PASSED] - click: Object: 'Object Repository/DispensaryToStore/Page_Store/a_Request Item Dispensary' is clicked on

2018-06-09 16:21:13 - [MESSAGE][PASSED] - Object: 'Object Repository/DispensaryToStore/Page_Store/a_Request Item Dispensary' is clicked on

2018-06-09 16:21:13 - [TEST_STEP][PASSED] - Statement - ChooseRequest = com.kms.katalon.core.webui.keyword.WebUiBuiltInKeywords.modifyObjectProperty(com.kms.katalon.core.testobject.ObjectRepository.findTestObject(lab/Page_Store/input_1), "xpath", "equals", "//*[@id=" + RID + "]", true): Modify property of object successfully

2018-06-09 16:21:13 - [MESSAGE][PASSED] - Modify property of object successfully

2018-06-09 16:21:13 - [TEST_STEP][PASSED] - click: Object: 'Object Repository/lab/Page_Store/input_1' is clicked on

2018-06-09 16:21:15 - [MESSAGE][PASSED] - Object: 'Object Repository/lab/Page_Store/input_1' is clicked on

2018-06-09 16:21:15 - [TEST_STEP][PASSED] - Statement - selectedoptions = com.kms.katalon.core.webui.keyword.WebUiBuiltInKeywords.getNumberOfTotalOption(com.kms.katalon.core.testobject.ObjectRepository.findTestObject(DispensaryToStore/Page_Store/select_--Select--Adernaline 0.)): 19 options of object 'Object Repository/DispensaryToStore/Page_Store/select_--Select--Adernaline 0.' counted

2018-06-09 16:21:15 - [MESSAGE][PASSED] - 19 options of object 'Object Repository/DispensaryToStore/Page_Store/select_--Select--Adernaline 0.' counted

2018-06-09 16:21:15 - [TEST_STEP][PASSED] - Statement - For ([a = 1, a <= selectedoptions - 1, (a++)]): null

2018-06-09 16:21:15 - [TEST_STEP][PASSED] - selectOptionByIndex: All options with index in [1] are selected on object 'Object Repository/DispensaryToStore/Page_Store/select_--Select--Adernaline 0.'

2018-06-09 16:21:16 - [MESSAGE][PASSED] - All options with index in [1] are selected on object 'Object Repository/DispensaryToStore/Page_Store/select_--Select--Adernaline 0.'

2018-06-09 16:21:16 - [TEST_STEP][PASSED] - delay: Delayed 2 second(s)

2018-06-09 16:21:18 - [MESSAGE][PASSED] - Delayed 2 second(s)

2018-06-09 16:21:18 - [TEST_STEP][PASSED] - Statement - RequestedQty = com.kms.katalon.core.webui.keyword.WebUiBuiltInKeywords.getAttribute(com.kms.katalon.core.testobject.ObjectRepository.findTestObject(DispensaryToStore/Page_Store/input_txttotal), "value"): Attribute 'value' of object 'Object Repository/DispensaryToStore/Page_Store/input_txttotal' is: '10'

2018-06-09 16:21:18 - [MESSAGE][PASSED] - Attribute 'value' of object 'Object Repository/DispensaryToStore/Page_Store/input_txttotal' is: '10'

2018-06-09 16:21:18 - [TEST_STEP][PASSED] - Statement - out.println("Requested QTY : " + RequestedQty): null

2018-06-09 16:21:18 - [TEST_STEP][PASSED] - Statement - BatchNumber = com.kms.katalon.core.webui.keyword.WebUiBuiltInKeywords.getNumberOfTotalOption(com.kms.katalon.core.testobject.ObjectRepository.findTestObject(DispensaryToStore/Page_Store/select_--Select--BA1170BA2376B)): 3 options of object 'Object Repository/DispensaryToStore/Page_Store/select_--Select--BA1170BA2376B' counted

2018-06-09 16:21:18 - [MESSAGE][PASSED] - 3 options of object 'Object Repository/DispensaryToStore/Page_Store/select_--Select--BA1170BA2376B' counted

2018-06-09 16:21:18 - [TEST_STEP][PASSED] - Statement - For ([g = 1, g <= BatchNumber - 1, (g++)]): null

2018-06-09 16:21:18 - [TEST_STEP][PASSED] - selectOptionByIndex: All options with index in [1] are selected on object 'Object Repository/DispensaryToStore/Page_Store/select_--Select--BA1170BA2376B'

2018-06-09 16:21:18 - [MESSAGE][PASSED] - All options with index in [1] are selected on object 'Object Repository/DispensaryToStore/Page_Store/select_--Select--BA1170BA2376B'

2018-06-09 16:21:18 - [TEST_STEP][PASSED] - Statement - Try: null

2018-06-09 16:21:18 - [TEST_STEP][PASSED] - Statement - StockQty = com.kms.katalon.core.webui.keyword.WebUiBuiltInKeywords.getAttribute(com.kms.katalon.core.testobject.ObjectRepository.findTestObject(DispensaryToStore/Page_Store/input_txtprice), "value"): Attribute 'value' of object 'Object Repository/DispensaryToStore/Page_Store/input_txtprice' is: '420'

2018-06-09 16:21:18 - [MESSAGE][PASSED] - Attribute 'value' of object 'Object Repository/DispensaryToStore/Page_Store/input_txtprice' is: '420'

2018-06-09 16:21:18 - [TEST_STEP][PASSED] - Statement - out.println("Stock QTY : " + StockQty): null

2018-06-09 16:21:18 - [TEST_STEP][PASSED] - delay: Delayed 2 second(s)

2018-06-09 16:21:20 - [MESSAGE][PASSED] - Delayed 2 second(s)

2018-06-09 16:21:20 - [TEST_STEP][PASSED] - Statement - If (java.lang.String.valueOf(StockQty) >= java.lang.String.valueOf(RequestedQty)): null

2018-06-09 16:21:20 - [TEST_STEP][PASSED] - setText: Text '10' is set on object 'Object Repository/DispensaryToStore/Page_Store/input_txtqty'

2018-06-09 16:21:20 - [MESSAGE][PASSED] - Text '10' is set on object 'Object Repository/DispensaryToStore/Page_Store/input_txtqty'

2018-06-09 16:21:20 - [TEST_STEP][PASSED] - click: Object: 'Object Repository/DispensaryToStore/Page_Store/button_Add' is clicked on

2018-06-09 16:21:20 - [MESSAGE][PASSED] - Object: 'Object Repository/DispensaryToStore/Page_Store/button_Add' is clicked on

2018-06-09 16:21:20 - [TEST_STEP][PASSED] - Statement - Break: null

2018-06-09 16:21:20 - [TEST_STEP][PASSED] - selectOptionByIndex: All options with index in [2] are selected on object 'Object Repository/DispensaryToStore/Page_Store/select_--Select--Adernaline 0.'

2018-06-09 16:21:20 - [MESSAGE][PASSED] - All options with index in [2] are selected on object 'Object Repository/DispensaryToStore/Page_Store/select_--Select--Adernaline 0.'

2018-06-09 16:21:20 - [TEST_STEP][PASSED] - delay: Delayed 2 second(s)

2018-06-09 16:21:22 - [MESSAGE][PASSED] - Delayed 2 second(s)

2018-06-09 16:21:22 - [TEST_STEP][PASSED] - Statement - RequestedQty = com.kms.katalon.core.webui.keyword.WebUiBuiltInKeywords.getAttribute(com.kms.katalon.core.testobject.ObjectRepository.findTestObject(DispensaryToStore/Page_Store/input_txttotal), "value"): Attribute 'value' of object 'Object Repository/DispensaryToStore/Page_Store/input_txttotal' is: '10'

2018-06-09 16:21:22 - [MESSAGE][PASSED] - Attribute 'value' of object 'Object Repository/DispensaryToStore/Page_Store/input_txttotal' is: '10'

2018-06-09 16:21:22 - [TEST_STEP][PASSED] - Statement - out.println("Requested QTY : " + RequestedQty): null

2018-06-09 16:21:22 - [TEST_STEP][PASSED] - Statement - BatchNumber = com.kms.katalon.core.webui.keyword.WebUiBuiltInKeywords.getNumberOfTotalOption(com.kms.katalon.core.testobject.ObjectRepository.findTestObject(DispensaryToStore/Page_Store/select_--Select--BA1170BA2376B)): 4 options of object 'Object Repository/DispensaryToStore/Page_Store/select_--Select--BA1170BA2376B' counted

2018-06-09 16:21:22 - [MESSAGE][PASSED] - 4 options of object 'Object Repository/DispensaryToStore/Page_Store/select_--Select--BA1170BA2376B' counted

2018-06-09 16:21:22 - [TEST_STEP][PASSED] - Statement - For ([g = 1, g <= BatchNumber - 1, (g++)]): null

2018-06-09 16:21:22 - [TEST_STEP][PASSED] - selectOptionByIndex: All options with index in [1] are selected on object 'Object Repository/DispensaryToStore/Page_Store/select_--Select--BA1170BA2376B'

2018-06-09 16:21:23 - [MESSAGE][PASSED] - All options with index in [1] are selected on object 'Object Repository/DispensaryToStore/Page_Store/select_--Select--BA1170BA2376B'

2018-06-09 16:21:23 - [TEST_STEP][PASSED] - Statement - Try: null

2018-06-09 16:21:23 - [TEST_STEP][PASSED] - Statement - StockQty = com.kms.katalon.core.webui.keyword.WebUiBuiltInKeywords.getAttribute(com.kms.katalon.core.testobject.ObjectRepository.findTestObject(DispensaryToStore/Page_Store/input_txtprice), "value"): Attribute 'value' of object 'Object Repository/DispensaryToStore/Page_Store/input_txtprice' is: '320'

2018-06-09 16:21:23 - [MESSAGE][PASSED] - Attribute 'value' of object 'Object Repository/DispensaryToStore/Page_Store/input_txtprice' is: '320'

2018-06-09 16:21:23 - [TEST_STEP][PASSED] - Statement - out.println("Stock QTY : " + StockQty): null

2018-06-09 16:21:23 - [TEST_STEP][PASSED] - delay: Delayed 2 second(s)

2018-06-09 16:21:25 - [MESSAGE][PASSED] - Delayed 2 second(s)

2018-06-09 16:21:25 - [TEST_STEP][PASSED] - Statement - If (java.lang.String.valueOf(StockQty) >= java.lang.String.valueOf(RequestedQty)): null

2018-06-09 16:21:25 - [TEST_STEP][PASSED] - setText: Text '10' is set on object 'Object Repository/DispensaryToStore/Page_Store/input_txtqty'

2018-06-09 16:21:25 - [MESSAGE][PASSED] - Text '10' is set on object 'Object Repository/DispensaryToStore/Page_Store/input_txtqty'

2018-06-09 16:21:25 - [TEST_STEP][PASSED] - click: Object: 'Object Repository/DispensaryToStore/Page_Store/button_Add' is clicked on

2018-06-09 16:21:25 - [MESSAGE][PASSED] - Object: 'Object Repository/DispensaryToStore/Page_Store/button_Add' is clicked on

2018-06-09 16:21:25 - [TEST_STEP][PASSED] - Statement - Break: null

2018-06-09 16:21:25 - [TEST_STEP][PASSED] - selectOptionByIndex: All options with index in [3] are selected on object 'Object Repository/DispensaryToStore/Page_Store/select_--Select--Adernaline 0.'

2018-06-09 16:21:25 - [MESSAGE][PASSED] - All options with index in [3] are selected on object 'Object Repository/DispensaryToStore/Page_Store/select_--Select--Adernaline 0.'

2018-06-09 16:21:25 - [TEST_STEP][PASSED] - delay: Delayed 2 second(s)

2018-06-09 16:21:27 - [MESSAGE][PASSED] - Delayed 2 second(s)

2018-06-09 16:21:27 - [TEST_STEP][PASSED] - Statement - RequestedQty = com.kms.katalon.core.webui.keyword.WebUiBuiltInKeywords.getAttribute(com.kms.katalon.core.testobject.ObjectRepository.findTestObject(DispensaryToStore/Page_Store/input_txttotal), "value"): Attribute 'value' of object 'Object Repository/DispensaryToStore/Page_Store/input_txttotal' is: '10'

2018-06-09 16:21:27 - [MESSAGE][PASSED] - Attribute 'value' of object 'Object Repository/DispensaryToStore/Page_Store/input_txttotal' is: '10'

2018-06-09 16:21:27 - [TEST_STEP][PASSED] - Statement - out.println("Requested QTY : " + RequestedQty): null

2018-06-09 16:21:27 - [TEST_STEP][PASSED] - Statement - BatchNumber = com.kms.katalon.core.webui.keyword.WebUiBuiltInKeywords.getNumberOfTotalOption(com.kms.katalon.core.testobject.ObjectRepository.findTestObject(DispensaryToStore/Page_Store/select_--Select--BA1170BA2376B)): 5 options of object 'Object Repository/DispensaryToStore/Page_Store/select_--Select--BA1170BA2376B' counted

2018-06-09 16:21:27 - [MESSAGE][PASSED] - 5 options of object 'Object Repository/DispensaryToStore/Page_Store/select_--Select--BA1170BA2376B' counted

2018-06-09 16:21:27 - [TEST_STEP][PASSED] - Statement - For ([g = 1, g <= BatchNumber - 1, (g++)]): null

2018-06-09 16:21:27 - [TEST_STEP][PASSED] - selectOptionByIndex: All options with index in [1] are selected on object 'Object Repository/DispensaryToStore/Page_Store/select_--Select--BA1170BA2376B'

2018-06-09 16:21:27 - [MESSAGE][PASSED] - All options with index in [1] are selected on object 'Object Repository/DispensaryToStore/Page_Store/select_--Select--BA1170BA2376B'

2018-06-09 16:21:27 - [TEST_STEP][PASSED] - Statement - Try: null

2018-06-09 16:21:27 - [TEST_STEP][PASSED] - Statement - StockQty = com.kms.katalon.core.webui.keyword.WebUiBuiltInKeywords.getAttribute(com.kms.katalon.core.testobject.ObjectRepository.findTestObject(DispensaryToStore/Page_Store/input_txtprice), "value"): Attribute 'value' of object 'Object Repository/DispensaryToStore/Page_Store/input_txtprice' is: '230'

2018-06-09 16:21:27 - [MESSAGE][PASSED] - Attribute 'value' of object 'Object Repository/DispensaryToStore/Page_Store/input_txtprice' is: '230'

2018-06-09 16:21:27 - [TEST_STEP][PASSED] - Statement - out.println("Stock QTY : " + StockQty): null

2018-06-09 16:21:27 - [TEST_STEP][PASSED] - delay: Delayed 2 second(s)

2018-06-09 16:21:29 - [MESSAGE][PASSED] - Delayed 2 second(s)

2018-06-09 16:21:29 - [TEST_STEP][PASSED] - Statement - If (java.lang.String.valueOf(StockQty) >= java.lang.String.valueOf(RequestedQty)): null

2018-06-09 16:21:29 - [TEST_STEP][PASSED] - setText: Text '10' is set on object 'Object Repository/DispensaryToStore/Page_Store/input_txtqty'

2018-06-09 16:21:29 - [MESSAGE][PASSED] - Text '10' is set on object 'Object Repository/DispensaryToStore/Page_Store/input_txtqty'

2018-06-09 16:21:29 - [TEST_STEP][PASSED] - click: Object: 'Object Repository/DispensaryToStore/Page_Store/button_Add' is clicked on

2018-06-09 16:21:29 - [MESSAGE][PASSED] - Object: 'Object Repository/DispensaryToStore/Page_Store/button_Add' is clicked on

2018-06-09 16:21:29 - [TEST_STEP][PASSED] - Statement - Break: null

2018-06-09 16:21:29 - [TEST_STEP][PASSED] - selectOptionByIndex: All options with index in [4] are selected on object 'Object Repository/DispensaryToStore/Page_Store/select_--Select--Adernaline 0.'

2018-06-09 16:21:30 - [MESSAGE][PASSED] - All options with index in [4] are selected on object 'Object Repository/DispensaryToStore/Page_Store/select_--Select--Adernaline 0.'

2018-06-09 16:21:30 - [TEST_STEP][PASSED] - delay: Delayed 2 second(s)

2018-06-09 16:21:32 - [MESSAGE][PASSED] - Delayed 2 second(s)

2018-06-09 16:21:32 - [TEST_STEP][PASSED] - Statement - RequestedQty = com.kms.katalon.core.webui.keyword.WebUiBuiltInKeywords.getAttribute(com.kms.katalon.core.testobject.ObjectRepository.findTestObject(DispensaryToStore/Page_Store/input_txttotal), "value"): Attribute 'value' of object 'Object Repository/DispensaryToStore/Page_Store/input_txttotal' is: '10'

2018-06-09 16:21:32 - [MESSAGE][PASSED] - Attribute 'value' of object 'Object Repository/DispensaryToStore/Page_Store/input_txttotal' is: '10'

2018-06-09 16:21:32 - [TEST_STEP][PASSED] - Statement - out.println("Requested QTY : " + RequestedQty): null

2018-06-09 16:21:32 - [TEST_STEP][PASSED] - Statement - BatchNumber = com.kms.katalon.core.webui.keyword.WebUiBuiltInKeywords.getNumberOfTotalOption(com.kms.katalon.core.testobject.ObjectRepository.findTestObject(DispensaryToStore/Page_Store/select_--Select--BA1170BA2376B)): 3 options of object 'Object Repository/DispensaryToStore/Page_Store/select_--Select--BA1170BA2376B' counted

2018-06-09 16:21:32 - [MESSAGE][PASSED] - 3 options of object 'Object Repository/DispensaryToStore/Page_Store/select_--Select--BA1170BA2376B' counted

2018-06-09 16:21:32 - [TEST_STEP][PASSED] - Statement - For ([g = 1, g <= BatchNumber - 1, (g++)]): null

2018-06-09 16:21:32 - [TEST_STEP][PASSED] - selectOptionByIndex: All options with index in [1] are selected on object 'Object Repository/DispensaryToStore/Page_Store/select_--Select--BA1170BA2376B'

2018-06-09 16:21:32 - [MESSAGE][PASSED] - All options with index in [1] are selected on object 'Object Repository/DispensaryToStore/Page_Store/select_--Select--BA1170BA2376B'

2018-06-09 16:21:32 - [TEST_STEP][PASSED] - Statement - Try: null

2018-06-09 16:21:32 - [TEST_STEP][PASSED] - Statement - StockQty = com.kms.katalon.core.webui.keyword.WebUiBuiltInKeywords.getAttribute(com.kms.katalon.core.testobject.ObjectRepository.findTestObject(DispensaryToStore/Page_Store/input_txtprice), "value"): Attribute 'value' of object 'Object Repository/DispensaryToStore/Page_Store/input_txtprice' is: '420'

2018-06-09 16:21:32 - [MESSAGE][PASSED] - Attribute 'value' of object 'Object Repository/DispensaryToStore/Page_Store/input_txtprice' is: '420'

2018-06-09 16:21:32 - [TEST_STEP][PASSED] - Statement - out.println("Stock QTY : " + StockQty): null

2018-06-09 16:21:32 - [TEST_STEP][PASSED] - delay: Delayed 2 second(s)

2018-06-09 16:21:34 - [MESSAGE][PASSED] - Delayed 2 second(s)

2018-06-09 16:21:34 - [TEST_STEP][PASSED] - Statement - If (java.lang.String.valueOf(StockQty) >= java.lang.String.valueOf(RequestedQty)): null

2018-06-09 16:21:34 - [TEST_STEP][PASSED] - setText: Text '10' is set on object 'Object Repository/DispensaryToStore/Page_Store/input_txtqty'

2018-06-09 16:21:34 - [MESSAGE][PASSED] - Text '10' is set on object 'Object Repository/DispensaryToStore/Page_Store/input_txtqty'

2018-06-09 16:21:34 - [TEST_STEP][PASSED] - click: Object: 'Object Repository/DispensaryToStore/Page_Store/button_Add' is clicked on

2018-06-09 16:21:34 - [MESSAGE][PASSED] - Object: 'Object Repository/DispensaryToStore/Page_Store/button_Add' is clicked on

2018-06-09 16:21:34 - [TEST_STEP][PASSED] - Statement - Break: null

2018-06-09 16:21:34 - [TEST_STEP][PASSED] - selectOptionByIndex: All options with index in [5] are selected on object 'Object Repository/DispensaryToStore/Page_Store/select_--Select--Adernaline 0.'

2018-06-09 16:21:34 - [MESSAGE][PASSED] - All options with index in [5] are selected on object 'Object Repository/DispensaryToStore/Page_Store/select_--Select--Adernaline 0.'

2018-06-09 16:21:34 - [TEST_STEP][PASSED] - delay: Delayed 2 second(s)

2018-06-09 16:21:36 - [MESSAGE][PASSED] - Delayed 2 second(s)

2018-06-09 16:21:36 - [TEST_STEP][PASSED] - Statement - RequestedQty = com.kms.katalon.core.webui.keyword.WebUiBuiltInKeywords.getAttribute(com.kms.katalon.core.testobject.ObjectRepository.findTestObject(DispensaryToStore/Page_Store/input_txttotal), "value"): Attribute 'value' of object 'Object Repository/DispensaryToStore/Page_Store/input_txttotal' is: '10'

2018-06-09 16:21:36 - [MESSAGE][PASSED] - Attribute 'value' of object 'Object Repository/DispensaryToStore/Page_Store/input_txttotal' is: '10'

2018-06-09 16:21:36 - [TEST_STEP][PASSED] - Statement - out.println("Requested QTY : " + RequestedQty): null

2018-06-09 16:21:36 - [TEST_STEP][PASSED] - Statement - BatchNumber = com.kms.katalon.core.webui.keyword.WebUiBuiltInKeywords.getNumberOfTotalOption(com.kms.katalon.core.testobject.ObjectRepository.findTestObject(DispensaryToStore/Page_Store/select_--Select--BA1170BA2376B)): 4 options of object 'Object Repository/DispensaryToStore/Page_Store/select_--Select--BA1170BA2376B' counted

2018-06-09 16:21:36 - [MESSAGE][PASSED] - 4 options of object 'Object Repository/DispensaryToStore/Page_Store/select_--Select--BA1170BA2376B' counted

2018-06-09 16:21:36 - [TEST_STEP][PASSED] - Statement - For ([g = 1, g <= BatchNumber - 1, (g++)]): null

2018-06-09 16:21:36 - [TEST_STEP][PASSED] - selectOptionByIndex: All options with index in [1] are selected on object 'Object Repository/DispensaryToStore/Page_Store/select_--Select--BA1170BA2376B'

2018-06-09 16:21:36 - [MESSAGE][PASSED] - All options with index in [1] are selected on object 'Object Repository/DispensaryToStore/Page_Store/select_--Select--BA1170BA2376B'

2018-06-09 16:21:36 - [TEST_STEP][PASSED] - Statement - Try: null

2018-06-09 16:21:36 - [TEST_STEP][PASSED] - Statement - StockQty = com.kms.katalon.core.webui.keyword.WebUiBuiltInKeywords.getAttribute(com.kms.katalon.core.testobject.ObjectRepository.findTestObject(DispensaryToStore/Page_Store/input_txtprice), "value"): Attribute 'value' of object 'Object Repository/DispensaryToStore/Page_Store/input_txtprice' is: '230'

2018-06-09 16:21:36 - [MESSAGE][PASSED] - Attribute 'value' of object 'Object Repository/DispensaryToStore/Page_Store/input_txtprice' is: '230'

2018-06-09 16:21:36 - [TEST_STEP][PASSED] - Statement - out.println("Stock QTY : " + StockQty): null

2018-06-09 16:21:36 - [TEST_STEP][PASSED] - delay: Delayed 2 second(s)

2018-06-09 16:21:38 - [MESSAGE][PASSED] - Delayed 2 second(s)

2018-06-09 16:21:38 - [TEST_STEP][PASSED] - Statement - If (java.lang.String.valueOf(StockQty) >= java.lang.String.valueOf(RequestedQty)): null

2018-06-09 16:21:38 - [TEST_STEP][PASSED] - setText: Text '10' is set on object 'Object Repository/DispensaryToStore/Page_Store/input_txtqty'

2018-06-09 16:21:39 - [MESSAGE][PASSED] - Text '10' is set on object 'Object Repository/DispensaryToStore/Page_Store/input_txtqty'

2018-06-09 16:21:39 - [TEST_STEP][PASSED] - click: Object: 'Object Repository/DispensaryToStore/Page_Store/button_Add' is clicked on

2018-06-09 16:21:39 - [MESSAGE][PASSED] - Object: 'Object Repository/DispensaryToStore/Page_Store/button_Add' is clicked on

2018-06-09 16:21:39 - [TEST_STEP][PASSED] - Statement - Break: null

2018-06-09 16:21:39 - [TEST_STEP][PASSED] - selectOptionByIndex: All options with index in [6] are selected on object 'Object Repository/DispensaryToStore/Page_Store/select_--Select--Adernaline 0.'

2018-06-09 16:21:39 - [MESSAGE][PASSED] - All options with index in [6] are selected on object 'Object Repository/DispensaryToStore/Page_Store/select_--Select--Adernaline 0.'

2018-06-09 16:21:39 - [TEST_STEP][PASSED] - delay: Delayed 2 second(s)

2018-06-09 16:21:41 - [MESSAGE][PASSED] - Delayed 2 second(s)

2018-06-09 16:21:41 - [TEST_STEP][PASSED] - Statement - RequestedQty = com.kms.katalon.core.webui.keyword.WebUiBuiltInKeywords.getAttribute(com.kms.katalon.core.testobject.ObjectRepository.findTestObject(DispensaryToStore/Page_Store/input_txttotal), "value"): Attribute 'value' of object 'Object Repository/DispensaryToStore/Page_Store/input_txttotal' is: '10'

2018-06-09 16:21:41 - [MESSAGE][PASSED] - Attribute 'value' of object 'Object Repository/DispensaryToStore/Page_Store/input_txttotal' is: '10'

2018-06-09 16:21:41 - [TEST_STEP][PASSED] - Statement - out.println("Requested QTY : " + RequestedQty): null

2018-06-09 16:21:41 - [TEST_STEP][PASSED] - Statement - BatchNumber = com.kms.katalon.core.webui.keyword.WebUiBuiltInKeywords.getNumberOfTotalOption(com.kms.katalon.core.testobject.ObjectRepository.findTestObject(DispensaryToStore/Page_Store/select_--Select--BA1170BA2376B)): 3 options of object 'Object Repository/DispensaryToStore/Page_Store/select_--Select--BA1170BA2376B' counted

2018-06-09 16:21:41 - [MESSAGE][PASSED] - 3 options of object 'Object Repository/DispensaryToStore/Page_Store/select_--Select--BA1170BA2376B' counted

2018-06-09 16:21:41 - [TEST_STEP][PASSED] - Statement - For ([g = 1, g <= BatchNumber - 1, (g++)]): null

2018-06-09 16:21:41 - [TEST_STEP][PASSED] - selectOptionByIndex: All options with index in [1] are selected on object 'Object Repository/DispensaryToStore/Page_Store/select_--Select--BA1170BA2376B'

2018-06-09 16:21:41 - [MESSAGE][PASSED] - All options with index in [1] are selected on object 'Object Repository/DispensaryToStore/Page_Store/select_--Select--BA1170BA2376B'

2018-06-09 16:21:41 - [TEST_STEP][PASSED] - Statement - Try: null

2018-06-09 16:21:41 - [TEST_STEP][PASSED] - Statement - StockQty = com.kms.katalon.core.webui.keyword.WebUiBuiltInKeywords.getAttribute(com.kms.katalon.core.testobject.ObjectRepository.findTestObject(DispensaryToStore/Page_Store/input_txtprice), "value"): Attribute 'value' of object 'Object Repository/DispensaryToStore/Page_Store/input_txtprice' is: '1195'

2018-06-09 16:21:41 - [MESSAGE][PASSED] - Attribute 'value' of object 'Object Repository/DispensaryToStore/Page_Store/input_txtprice' is: '1195'

2018-06-09 16:21:41 - [TEST_STEP][PASSED] - Statement - out.println("Stock QTY : " + StockQty): null

2018-06-09 16:21:41 - [TEST_STEP][PASSED] - delay: Delayed 2 second(s)

2018-06-09 16:21:43 - [MESSAGE][PASSED] - Delayed 2 second(s)

2018-06-09 16:21:43 - [TEST_STEP][PASSED] - Statement - If (java.lang.String.valueOf(StockQty) >= java.lang.String.valueOf(RequestedQty)): null

2018-06-09 16:21:43 - [TEST_STEP][PASSED] - setText: Text '10' is set on object 'Object Repository/DispensaryToStore/Page_Store/input_txtqty'

2018-06-09 16:21:43 - [MESSAGE][PASSED] - Text '10' is set on object 'Object Repository/DispensaryToStore/Page_Store/input_txtqty'

2018-06-09 16:21:43 - [TEST_STEP][PASSED] - click: Object: 'Object Repository/DispensaryToStore/Page_Store/button_Add' is clicked on

2018-06-09 16:21:43 - [MESSAGE][PASSED] - Object: 'Object Repository/DispensaryToStore/Page_Store/button_Add' is clicked on

2018-06-09 16:21:43 - [TEST_STEP][PASSED] - Statement - Break: null

2018-06-09 16:21:43 - [TEST_STEP][PASSED] - selectOptionByIndex: All options with index in [7] are selected on object 'Object Repository/DispensaryToStore/Page_Store/select_--Select--Adernaline 0.'

2018-06-09 16:21:43 - [MESSAGE][PASSED] - All options with index in [7] are selected on object 'Object Repository/DispensaryToStore/Page_Store/select_--Select--Adernaline 0.'

2018-06-09 16:21:43 - [TEST_STEP][PASSED] - delay: Delayed 2 second(s)

2018-06-09 16:21:45 - [MESSAGE][PASSED] - Delayed 2 second(s)

2018-06-09 16:21:45 - [TEST_STEP][PASSED] - Statement - RequestedQty = com.kms.katalon.core.webui.keyword.WebUiBuiltInKeywords.getAttribute(com.kms.katalon.core.testobject.ObjectRepository.findTestObject(DispensaryToStore/Page_Store/input_txttotal), "value"): Attribute 'value' of object 'Object Repository/DispensaryToStore/Page_Store/input_txttotal' is: '10'

2018-06-09 16:21:45 - [MESSAGE][PASSED] - Attribute 'value' of object 'Object Repository/DispensaryToStore/Page_Store/input_txttotal' is: '10'

2018-06-09 16:21:45 - [TEST_STEP][PASSED] - Statement - out.println("Requested QTY : " + RequestedQty): null

2018-06-09 16:21:45 - [TEST_STEP][PASSED] - Statement - BatchNumber = com.kms.katalon.core.webui.keyword.WebUiBuiltInKeywords.getNumberOfTotalOption(com.kms.katalon.core.testobject.ObjectRepository.findTestObject(DispensaryToStore/Page_Store/select_--Select--BA1170BA2376B)): 3 options of object 'Object Repository/DispensaryToStore/Page_Store/select_--Select--BA1170BA2376B' counted

2018-06-09 16:21:46 - [MESSAGE][PASSED] - 3 options of object 'Object Repository/DispensaryToStore/Page_Store/select_--Select--BA1170BA2376B' counted

2018-06-09 16:21:46 - [TEST_STEP][PASSED] - Statement - For ([g = 1, g <= BatchNumber - 1, (g++)]): null

2018-06-09 16:21:46 - [TEST_STEP][PASSED] - selectOptionByIndex: All options with index in [1] are selected on object 'Object Repository/DispensaryToStore/Page_Store/select_--Select--BA1170BA2376B'

2018-06-09 16:21:46 - [MESSAGE][PASSED] - All options with index in [1] are selected on object 'Object Repository/DispensaryToStore/Page_Store/select_--Select--BA1170BA2376B'

2018-06-09 16:21:46 - [TEST_STEP][PASSED] - Statement - Try: null

2018-06-09 16:21:46 - [TEST_STEP][PASSED] - Statement - StockQty = com.kms.katalon.core.webui.keyword.WebUiBuiltInKeywords.getAttribute(com.kms.katalon.core.testobject.ObjectRepository.findTestObject(DispensaryToStore/Page_Store/input_txtprice), "value"): Attribute 'value' of object 'Object Repository/DispensaryToStore/Page_Store/input_txtprice' is: '326'

2018-06-09 16:21:46 - [MESSAGE][PASSED] - Attribute 'value' of object 'Object Repository/DispensaryToStore/Page_Store/input_txtprice' is: '326'

2018-06-09 16:21:46 - [TEST_STEP][PASSED] - Statement - out.println("Stock QTY : " + StockQty): null

2018-06-09 16:21:46 - [TEST_STEP][PASSED] - delay: Delayed 2 second(s)

2018-06-09 16:21:48 - [MESSAGE][PASSED] - Delayed 2 second(s)

2018-06-09 16:21:48 - [TEST_STEP][PASSED] - Statement - If (java.lang.String.valueOf(StockQty) >= java.lang.String.valueOf(RequestedQty)): null

2018-06-09 16:21:48 - [TEST_STEP][PASSED] - setText: Text '10' is set on object 'Object Repository/DispensaryToStore/Page_Store/input_txtqty'

2018-06-09 16:21:48 - [MESSAGE][PASSED] - Text '10' is set on object 'Object Repository/DispensaryToStore/Page_Store/input_txtqty'

2018-06-09 16:21:48 - [TEST_STEP][PASSED] - click: Object: 'Object Repository/DispensaryToStore/Page_Store/button_Add' is clicked on

2018-06-09 16:21:48 - [MESSAGE][PASSED] - Object: 'Object Repository/DispensaryToStore/Page_Store/button_Add' is clicked on

2018-06-09 16:21:48 - [TEST_STEP][PASSED] - Statement - Break: null

2018-06-09 16:21:48 - [TEST_STEP][PASSED] - selectOptionByIndex: All options with index in [8] are selected on object 'Object Repository/DispensaryToStore/Page_Store/select_--Select--Adernaline 0.'

2018-06-09 16:21:48 - [MESSAGE][PASSED] - All options with index in [8] are selected on object 'Object Repository/DispensaryToStore/Page_Store/select_--Select--Adernaline 0.'

2018-06-09 16:21:48 - [TEST_STEP][PASSED] - delay: Delayed 2 second(s)

2018-06-09 16:21:50 - [MESSAGE][PASSED] - Delayed 2 second(s)

2018-06-09 16:21:50 - [TEST_STEP][PASSED] - Statement - RequestedQty = com.kms.katalon.core.webui.keyword.WebUiBuiltInKeywords.getAttribute(com.kms.katalon.core.testobject.ObjectRepository.findTestObject(DispensaryToStore/Page_Store/input_txttotal), "value"): Attribute 'value' of object 'Object Repository/DispensaryToStore/Page_Store/input_txttotal' is: '10'

2018-06-09 16:21:50 - [MESSAGE][PASSED] - Attribute 'value' of object 'Object Repository/DispensaryToStore/Page_Store/input_txttotal' is: '10'

2018-06-09 16:21:50 - [TEST_STEP][PASSED] - Statement - out.println("Requested QTY : " + RequestedQty): null

2018-06-09 16:21:50 - [TEST_STEP][PASSED] - Statement - BatchNumber = com.kms.katalon.core.webui.keyword.WebUiBuiltInKeywords.getNumberOfTotalOption(com.kms.katalon.core.testobject.ObjectRepository.findTestObject(DispensaryToStore/Page_Store/select_--Select--BA1170BA2376B)): 3 options of object 'Object Repository/DispensaryToStore/Page_Store/select_--Select--BA1170BA2376B' counted

2018-06-09 16:21:50 - [MESSAGE][PASSED] - 3 options of object 'Object Repository/DispensaryToStore/Page_Store/select_--Select--BA1170BA2376B' counted

2018-06-09 16:21:50 - [TEST_STEP][PASSED] - Statement - For ([g = 1, g <= BatchNumber - 1, (g++)]): null

2018-06-09 16:21:50 - [TEST_STEP][PASSED] - selectOptionByIndex: All options with index in [1] are selected on object 'Object Repository/DispensaryToStore/Page_Store/select_--Select--BA1170BA2376B'

2018-06-09 16:21:50 - [MESSAGE][PASSED] - All options with index in [1] are selected on object 'Object Repository/DispensaryToStore/Page_Store/select_--Select--BA1170BA2376B'

2018-06-09 16:21:50 - [TEST_STEP][PASSED] - Statement - Try: null

2018-06-09 16:21:50 - [TEST_STEP][PASSED] - Statement - StockQty = com.kms.katalon.core.webui.keyword.WebUiBuiltInKeywords.getAttribute(com.kms.katalon.core.testobject.ObjectRepository.findTestObject(DispensaryToStore/Page_Store/input_txtprice), "value"): Attribute 'value' of object 'Object Repository/DispensaryToStore/Page_Store/input_txtprice' is: '440'

2018-06-09 16:21:50 - [MESSAGE][PASSED] - Attribute 'value' of object 'Object Repository/DispensaryToStore/Page_Store/input_txtprice' is: '440'

2018-06-09 16:21:50 - [TEST_STEP][PASSED] - Statement - out.println("Stock QTY : " + StockQty): null

2018-06-09 16:21:50 - [TEST_STEP][PASSED] - delay: Delayed 2 second(s)

2018-06-09 16:21:52 - [MESSAGE][PASSED] - Delayed 2 second(s)

2018-06-09 16:21:52 - [TEST_STEP][PASSED] - Statement - If (java.lang.String.valueOf(StockQty) >= java.lang.String.valueOf(RequestedQty)): null

2018-06-09 16:21:52 - [TEST_STEP][PASSED] - setText: Text '10' is set on object 'Object Repository/DispensaryToStore/Page_Store/input_txtqty'

2018-06-09 16:21:52 - [MESSAGE][PASSED] - Text '10' is set on object 'Object Repository/DispensaryToStore/Page_Store/input_txtqty'

2018-06-09 16:21:52 - [TEST_STEP][PASSED] - click: Object: 'Object Repository/DispensaryToStore/Page_Store/button_Add' is clicked on

2018-06-09 16:21:52 - [MESSAGE][PASSED] - Object: 'Object Repository/DispensaryToStore/Page_Store/button_Add' is clicked on

2018-06-09 16:21:52 - [TEST_STEP][PASSED] - Statement - Break: null

2018-06-09 16:21:52 - [TEST_STEP][PASSED] - selectOptionByIndex: All options with index in [9] are selected on object 'Object Repository/DispensaryToStore/Page_Store/select_--Select--Adernaline 0.'

2018-06-09 16:21:53 - [MESSAGE][PASSED] - All options with index in [9] are selected on object 'Object Repository/DispensaryToStore/Page_Store/select_--Select--Adernaline 0.'

2018-06-09 16:21:53 - [TEST_STEP][PASSED] - delay: Delayed 2 second(s)

2018-06-09 16:21:55 - [MESSAGE][PASSED] - Delayed 2 second(s)

2018-06-09 16:21:55 - [TEST_STEP][PASSED] - Statement - RequestedQty = com.kms.katalon.core.webui.keyword.WebUiBuiltInKeywords.getAttribute(com.kms.katalon.core.testobject.ObjectRepository.findTestObject(DispensaryToStore/Page_Store/input_txttotal), "value"): Attribute 'value' of object 'Object Repository/DispensaryToStore/Page_Store/input_txttotal' is: '10'

2018-06-09 16:21:55 - [MESSAGE][PASSED] - Attribute 'value' of object 'Object Repository/DispensaryToStore/Page_Store/input_txttotal' is: '10'

2018-06-09 16:21:55 - [TEST_STEP][PASSED] - Statement - out.println("Requested QTY : " + RequestedQty): null

2018-06-09 16:21:55 - [TEST_STEP][PASSED] - Statement - BatchNumber = com.kms.katalon.core.webui.keyword.WebUiBuiltInKeywords.getNumberOfTotalOption(com.kms.katalon.core.testobject.ObjectRepository.findTestObject(DispensaryToStore/Page_Store/select_--Select--BA1170BA2376B)): 4 options of object 'Object Repository/DispensaryToStore/Page_Store/select_--Select--BA1170BA2376B' counted

2018-06-09 16:21:55 - [MESSAGE][PASSED] - 4 options of object 'Object Repository/DispensaryToStore/Page_Store/select_--Select--BA1170BA2376B' counted

2018-06-09 16:21:55 - [TEST_STEP][PASSED] - Statement - For ([g = 1, g <= BatchNumber - 1, (g++)]): null

2018-06-09 16:21:55 - [TEST_STEP][PASSED] - selectOptionByIndex: All options with index in [1] are selected on object 'Object Repository/DispensaryToStore/Page_Store/select_--Select--BA1170BA2376B'

2018-06-09 16:21:55 - [MESSAGE][PASSED] - All options with index in [1] are selected on object 'Object Repository/DispensaryToStore/Page_Store/select_--Select--BA1170BA2376B'

2018-06-09 16:21:55 - [TEST_STEP][PASSED] - Statement - Try: null

2018-06-09 16:21:55 - [TEST_STEP][PASSED] - Statement - StockQty = com.kms.katalon.core.webui.keyword.WebUiBuiltInKeywords.getAttribute(com.kms.katalon.core.testobject.ObjectRepository.findTestObject(DispensaryToStore/Page_Store/input_txtprice), "value"): Attribute 'value' of object 'Object Repository/DispensaryToStore/Page_Store/input_txtprice' is: '246'

2018-06-09 16:21:55 - [MESSAGE][PASSED] - Attribute 'value' of object 'Object Repository/DispensaryToStore/Page_Store/input_txtprice' is: '246'

2018-06-09 16:21:55 - [TEST_STEP][PASSED] - Statement - out.println("Stock QTY : " + StockQty): null

2018-06-09 16:21:55 - [TEST_STEP][PASSED] - delay: Delayed 2 second(s)

2018-06-09 16:21:57 - [MESSAGE][PASSED] - Delayed 2 second(s)

2018-06-09 16:21:57 - [TEST_STEP][PASSED] - Statement - If (java.lang.String.valueOf(StockQty) >= java.lang.String.valueOf(RequestedQty)): null

2018-06-09 16:21:57 - [TEST_STEP][PASSED] - setText: Text '10' is set on object 'Object Repository/DispensaryToStore/Page_Store/input_txtqty'

2018-06-09 16:21:57 - [MESSAGE][PASSED] - Text '10' is set on object 'Object Repository/DispensaryToStore/Page_Store/input_txtqty'

2018-06-09 16:21:57 - [TEST_STEP][PASSED] - click: Object: 'Object Repository/DispensaryToStore/Page_Store/button_Add' is clicked on

2018-06-09 16:21:57 - [MESSAGE][PASSED] - Object: 'Object Repository/DispensaryToStore/Page_Store/button_Add' is clicked on

2018-06-09 16:21:57 - [TEST_STEP][PASSED] - Statement - Break: null

2018-06-09 16:21:57 - [TEST_STEP][PASSED] - selectOptionByIndex: All options with index in [10] are selected on object 'Object Repository/DispensaryToStore/Page_Store/select_--Select--Adernaline 0.'

2018-06-09 16:21:57 - [MESSAGE][PASSED] - All options with index in [10] are selected on object 'Object Repository/DispensaryToStore/Page_Store/select_--Select--Adernaline 0.'

2018-06-09 16:21:57 - [TEST_STEP][PASSED] - delay: Delayed 2 second(s)

2018-06-09 16:21:59 - [MESSAGE][PASSED] - Delayed 2 second(s)

2018-06-09 16:21:59 - [TEST_STEP][PASSED] - Statement - RequestedQty = com.kms.katalon.core.webui.keyword.WebUiBuiltInKeywords.getAttribute(com.kms.katalon.core.testobject.ObjectRepository.findTestObject(DispensaryToStore/Page_Store/input_txttotal), "value"): Attribute 'value' of object 'Object Repository/DispensaryToStore/Page_Store/input_txttotal' is: '10'

2018-06-09 16:21:59 - [MESSAGE][PASSED] - Attribute 'value' of object 'Object Repository/DispensaryToStore/Page_Store/input_txttotal' is: '10'

2018-06-09 16:21:59 - [TEST_STEP][PASSED] - Statement - out.println("Requested QTY : " + RequestedQty): null

2018-06-09 16:21:59 - [TEST_STEP][PASSED] - Statement - BatchNumber = com.kms.katalon.core.webui.keyword.WebUiBuiltInKeywords.getNumberOfTotalOption(com.kms.katalon.core.testobject.ObjectRepository.findTestObject(DispensaryToStore/Page_Store/select_--Select--BA1170BA2376B)): 4 options of object 'Object Repository/DispensaryToStore/Page_Store/select_--Select--BA1170BA2376B' counted

2018-06-09 16:21:59 - [MESSAGE][PASSED] - 4 options of object 'Object Repository/DispensaryToStore/Page_Store/select_--Select--BA1170BA2376B' counted

2018-06-09 16:21:59 - [TEST_STEP][PASSED] - Statement - For ([g = 1, g <= BatchNumber - 1, (g++)]): null

2018-06-09 16:21:59 - [TEST_STEP][PASSED] - selectOptionByIndex: All options with index in [1] are selected on object 'Object Repository/DispensaryToStore/Page_Store/select_--Select--BA1170BA2376B'

2018-06-09 16:22:00 - [MESSAGE][PASSED] - All options with index in [1] are selected on object 'Object Repository/DispensaryToStore/Page_Store/select_--Select--BA1170BA2376B'

2018-06-09 16:22:00 - [TEST_STEP][PASSED] - Statement - Try: null

2018-06-09 16:22:00 - [TEST_STEP][PASSED] - Statement - StockQty = com.kms.katalon.core.webui.keyword.WebUiBuiltInKeywords.getAttribute(com.kms.katalon.core.testobject.ObjectRepository.findTestObject(DispensaryToStore/Page_Store/input_txtprice), "value"): Attribute 'value' of object 'Object Repository/DispensaryToStore/Page_Store/input_txtprice' is: '140'

2018-06-09 16:22:00 - [MESSAGE][PASSED] - Attribute 'value' of object 'Object Repository/DispensaryToStore/Page_Store/input_txtprice' is: '140'

2018-06-09 16:22:00 - [TEST_STEP][PASSED] - Statement - out.println("Stock QTY : " + StockQty): null

2018-06-09 16:22:00 - [TEST_STEP][PASSED] - delay: Delayed 2 second(s)

2018-06-09 16:22:02 - [MESSAGE][PASSED] - Delayed 2 second(s)

2018-06-09 16:22:02 - [TEST_STEP][PASSED] - Statement - If (java.lang.String.valueOf(StockQty) >= java.lang.String.valueOf(RequestedQty)): null

2018-06-09 16:22:02 - [TEST_STEP][PASSED] - setText: Text '10' is set on object 'Object Repository/DispensaryToStore/Page_Store/input_txtqty'

2018-06-09 16:22:02 - [MESSAGE][PASSED] - Text '10' is set on object 'Object Repository/DispensaryToStore/Page_Store/input_txtqty'

2018-06-09 16:22:02 - [TEST_STEP][PASSED] - click: Object: 'Object Repository/DispensaryToStore/Page_Store/button_Add' is clicked on

2018-06-09 16:22:02 - [MESSAGE][PASSED] - Object: 'Object Repository/DispensaryToStore/Page_Store/button_Add' is clicked on

2018-06-09 16:22:02 - [TEST_STEP][PASSED] - Statement - Break: null

2018-06-09 16:22:02 - [TEST_STEP][PASSED] - selectOptionByIndex: All options with index in [11] are selected on object 'Object Repository/DispensaryToStore/Page_Store/select_--Select--Adernaline 0.'

2018-06-09 16:22:02 - [MESSAGE][PASSED] - All options with index in [11] are selected on object 'Object Repository/DispensaryToStore/Page_Store/select_--Select--Adernaline 0.'

2018-06-09 16:22:02 - [TEST_STEP][PASSED] - delay: Delayed 2 second(s)

2018-06-09 16:22:04 - [MESSAGE][PASSED] - Delayed 2 second(s)

2018-06-09 16:22:04 - [TEST_STEP][PASSED] - Statement - RequestedQty = com.kms.katalon.core.webui.keyword.WebUiBuiltInKeywords.getAttribute(com.kms.katalon.core.testobject.ObjectRepository.findTestObject(DispensaryToStore/Page_Store/input_txttotal), "value"): Attribute 'value' of object 'Object Repository/DispensaryToStore/Page_Store/input_txttotal' is: '10'

2018-06-09 16:22:04 - [MESSAGE][PASSED] - Attribute 'value' of object 'Object Repository/DispensaryToStore/Page_Store/input_txttotal' is: '10'

2018-06-09 16:22:04 - [TEST_STEP][PASSED] - Statement - out.println("Requested QTY : " + RequestedQty): null

2018-06-09 16:22:04 - [TEST_STEP][PASSED] - Statement - BatchNumber = com.kms.katalon.core.webui.keyword.WebUiBuiltInKeywords.getNumberOfTotalOption(com.kms.katalon.core.testobject.ObjectRepository.findTestObject(DispensaryToStore/Page_Store/select_--Select--BA1170BA2376B)): 4 options of object 'Object Repository/DispensaryToStore/Page_Store/select_--Select--BA1170BA2376B' counted

2018-06-09 16:22:04 - [MESSAGE][PASSED] - 4 options of object 'Object Repository/DispensaryToStore/Page_Store/select_--Select--BA1170BA2376B' counted

2018-06-09 16:22:04 - [TEST_STEP][PASSED] - Statement - For ([g = 1, g <= BatchNumber - 1, (g++)]): null

2018-06-09 16:22:04 - [TEST_STEP][PASSED] - selectOptionByIndex: All options with index in [1] are selected on object 'Object Repository/DispensaryToStore/Page_Store/select_--Select--BA1170BA2376B'

2018-06-09 16:22:04 - [MESSAGE][PASSED] - All options with index in [1] are selected on object 'Object Repository/DispensaryToStore/Page_Store/select_--Select--BA1170BA2376B'

2018-06-09 16:22:04 - [TEST_STEP][PASSED] - Statement - Try: null

2018-06-09 16:22:04 - [TEST_STEP][PASSED] - Statement - StockQty = com.kms.katalon.core.webui.keyword.WebUiBuiltInKeywords.getAttribute(com.kms.katalon.core.testobject.ObjectRepository.findTestObject(DispensaryToStore/Page_Store/input_txtprice), "value"): Attribute 'value' of object 'Object Repository/DispensaryToStore/Page_Store/input_txtprice' is: '234'

2018-06-09 16:22:04 - [MESSAGE][PASSED] - Attribute 'value' of object 'Object Repository/DispensaryToStore/Page_Store/input_txtprice' is: '234'

2018-06-09 16:22:04 - [TEST_STEP][PASSED] - Statement - out.println("Stock QTY : " + StockQty): null

2018-06-09 16:22:04 - [TEST_STEP][PASSED] - delay: Delayed 2 second(s)

2018-06-09 16:22:06 - [MESSAGE][PASSED] - Delayed 2 second(s)

2018-06-09 16:22:06 - [TEST_STEP][PASSED] - Statement - If (java.lang.String.valueOf(StockQty) >= java.lang.String.valueOf(RequestedQty)): null

2018-06-09 16:22:06 - [TEST_STEP][PASSED] - setText: Text '10' is set on object 'Object Repository/DispensaryToStore/Page_Store/input_txtqty'

2018-06-09 16:22:06 - [MESSAGE][PASSED] - Text '10' is set on object 'Object Repository/DispensaryToStore/Page_Store/input_txtqty'

2018-06-09 16:22:06 - [TEST_STEP][PASSED] - click: Object: 'Object Repository/DispensaryToStore/Page_Store/button_Add' is clicked on

2018-06-09 16:22:06 - [MESSAGE][PASSED] - Object: 'Object Repository/DispensaryToStore/Page_Store/button_Add' is clicked on

2018-06-09 16:22:06 - [TEST_STEP][PASSED] - Statement - Break: null

2018-06-09 16:22:06 - [TEST_STEP][PASSED] - selectOptionByIndex: All options with index in [12] are selected on object 'Object Repository/DispensaryToStore/Page_Store/select_--Select--Adernaline 0.'

2018-06-09 16:22:07 - [MESSAGE][PASSED] - All options with index in [12] are selected on object 'Object Repository/DispensaryToStore/Page_Store/select_--Select--Adernaline 0.'

2018-06-09 16:22:07 - [TEST_STEP][PASSED] - delay: Delayed 2 second(s)

2018-06-09 16:22:09 - [MESSAGE][PASSED] - Delayed 2 second(s)

2018-06-09 16:22:09 - [TEST_STEP][PASSED] - Statement - RequestedQty = com.kms.katalon.core.webui.keyword.WebUiBuiltInKeywords.getAttribute(com.kms.katalon.core.testobject.ObjectRepository.findTestObject(DispensaryToStore/Page_Store/input_txttotal), "value"): Attribute 'value' of object 'Object Repository/DispensaryToStore/Page_Store/input_txttotal' is: '10'

2018-06-09 16:22:09 - [MESSAGE][PASSED] - Attribute 'value' of object 'Object Repository/DispensaryToStore/Page_Store/input_txttotal' is: '10'

2018-06-09 16:22:09 - [TEST_STEP][PASSED] - Statement - out.println("Requested QTY : " + RequestedQty): null

2018-06-09 16:22:09 - [TEST_STEP][PASSED] - Statement - BatchNumber = com.kms.katalon.core.webui.keyword.WebUiBuiltInKeywords.getNumberOfTotalOption(com.kms.katalon.core.testobject.ObjectRepository.findTestObject(DispensaryToStore/Page_Store/select_--Select--BA1170BA2376B)): 5 options of object 'Object Repository/DispensaryToStore/Page_Store/select_--Select--BA1170BA2376B' counted

2018-06-09 16:22:09 - [MESSAGE][PASSED] - 5 options of object 'Object Repository/DispensaryToStore/Page_Store/select_--Select--BA1170BA2376B' counted

2018-06-09 16:22:09 - [TEST_STEP][PASSED] - Statement - For ([g = 1, g <= BatchNumber - 1, (g++)]): null

2018-06-09 16:22:09 - [TEST_STEP][PASSED] - selectOptionByIndex: All options with index in [1] are selected on object 'Object Repository/DispensaryToStore/Page_Store/select_--Select--BA1170BA2376B'

2018-06-09 16:22:09 - [MESSAGE][PASSED] - All options with index in [1] are selected on object 'Object Repository/DispensaryToStore/Page_Store/select_--Select--BA1170BA2376B'

2018-06-09 16:22:09 - [TEST_STEP][PASSED] - Statement - Try: null

2018-06-09 16:22:09 - [TEST_STEP][PASSED] - Statement - StockQty = com.kms.katalon.core.webui.keyword.WebUiBuiltInKeywords.getAttribute(com.kms.katalon.core.testobject.ObjectRepository.findTestObject(DispensaryToStore/Page_Store/input_txtprice), "value"): Attribute 'value' of object 'Object Repository/DispensaryToStore/Page_Store/input_txtprice' is: '230'

2018-06-09 16:22:09 - [MESSAGE][PASSED] - Attribute 'value' of object 'Object Repository/DispensaryToStore/Page_Store/input_txtprice' is: '230'

2018-06-09 16:22:09 - [TEST_STEP][PASSED] - Statement - out.println("Stock QTY : " + StockQty): null

2018-06-09 16:22:09 - [TEST_STEP][PASSED] - delay: Delayed 2 second(s)

2018-06-09 16:22:11 - [MESSAGE][PASSED] - Delayed 2 second(s)

2018-06-09 16:22:11 - [TEST_STEP][PASSED] - Statement - If (java.lang.String.valueOf(StockQty) >= java.lang.String.valueOf(RequestedQty)): null

2018-06-09 16:22:11 - [TEST_STEP][PASSED] - setText: Text '10' is set on object 'Object Repository/DispensaryToStore/Page_Store/input_txtqty'

2018-06-09 16:22:11 - [MESSAGE][PASSED] - Text '10' is set on object 'Object Repository/DispensaryToStore/Page_Store/input_txtqty'

2018-06-09 16:22:11 - [TEST_STEP][PASSED] - click: Object: 'Object Repository/DispensaryToStore/Page_Store/button_Add' is clicked on

2018-06-09 16:22:11 - [MESSAGE][PASSED] - Object: 'Object Repository/DispensaryToStore/Page_Store/button_Add' is clicked on

2018-06-09 16:22:11 - [TEST_STEP][PASSED] - Statement - Break: null

2018-06-09 16:22:11 - [TEST_STEP][PASSED] - selectOptionByIndex: All options with index in [13] are selected on object 'Object Repository/DispensaryToStore/Page_Store/select_--Select--Adernaline 0.'

2018-06-09 16:22:11 - [MESSAGE][PASSED] - All options with index in [13] are selected on object 'Object Repository/DispensaryToStore/Page_Store/select_--Select--Adernaline 0.'

2018-06-09 16:22:11 - [TEST_STEP][PASSED] - delay: Delayed 2 second(s)

2018-06-09 16:22:13 - [MESSAGE][PASSED] - Delayed 2 second(s)

2018-06-09 16:22:13 - [TEST_STEP][PASSED] - Statement - RequestedQty = com.kms.katalon.core.webui.keyword.WebUiBuiltInKeywords.getAttribute(com.kms.katalon.core.testobject.ObjectRepository.findTestObject(DispensaryToStore/Page_Store/input_txttotal), "value"): Attribute 'value' of object 'Object Repository/DispensaryToStore/Page_Store/input_txttotal' is: '10'

2018-06-09 16:22:14 - [MESSAGE][PASSED] - Attribute 'value' of object 'Object Repository/DispensaryToStore/Page_Store/input_txttotal' is: '10'

2018-06-09 16:22:14 - [TEST_STEP][PASSED] - Statement - out.println("Requested QTY : " + RequestedQty): null

2018-06-09 16:22:14 - [TEST_STEP][PASSED] - Statement - BatchNumber = com.kms.katalon.core.webui.keyword.WebUiBuiltInKeywords.getNumberOfTotalOption(com.kms.katalon.core.testobject.ObjectRepository.findTestObject(DispensaryToStore/Page_Store/select_--Select--BA1170BA2376B)): 3 options of object 'Object Repository/DispensaryToStore/Page_Store/select_--Select--BA1170BA2376B' counted

2018-06-09 16:22:14 - [MESSAGE][PASSED] - 3 options of object 'Object Repository/DispensaryToStore/Page_Store/select_--Select--BA1170BA2376B' counted

2018-06-09 16:22:14 - [TEST_STEP][PASSED] - Statement - For ([g = 1, g <= BatchNumber - 1, (g++)]): null

2018-06-09 16:22:14 - [TEST_STEP][PASSED] - selectOptionByIndex: All options with index in [1] are selected on object 'Object Repository/DispensaryToStore/Page_Store/select_--Select--BA1170BA2376B'

2018-06-09 16:22:14 - [MESSAGE][PASSED] - All options with index in [1] are selected on object 'Object Repository/DispensaryToStore/Page_Store/select_--Select--BA1170BA2376B'

2018-06-09 16:22:14 - [TEST_STEP][PASSED] - Statement - Try: null

2018-06-09 16:22:14 - [TEST_STEP][PASSED] - Statement - StockQty = com.kms.katalon.core.webui.keyword.WebUiBuiltInKeywords.getAttribute(com.kms.katalon.core.testobject.ObjectRepository.findTestObject(DispensaryToStore/Page_Store/input_txtprice), "value"): Attribute 'value' of object 'Object Repository/DispensaryToStore/Page_Store/input_txtprice' is: '1290'

2018-06-09 16:22:14 - [MESSAGE][PASSED] - Attribute 'value' of object 'Object Repository/DispensaryToStore/Page_Store/input_txtprice' is: '1290'

2018-06-09 16:22:14 - [TEST_STEP][PASSED] - Statement - out.println("Stock QTY : " + StockQty): null

2018-06-09 16:22:14 - [TEST_STEP][PASSED] - delay: Delayed 2 second(s)

2018-06-09 16:22:16 - [MESSAGE][PASSED] - Delayed 2 second(s)

2018-06-09 16:22:16 - [TEST_STEP][PASSED] - Statement - If (java.lang.String.valueOf(StockQty) >= java.lang.String.valueOf(RequestedQty)): null

2018-06-09 16:22:16 - [TEST_STEP][PASSED] - setText: Text '10' is set on object 'Object Repository/DispensaryToStore/Page_Store/input_txtqty'

2018-06-09 16:22:16 - [MESSAGE][PASSED] - Text '10' is set on object 'Object Repository/DispensaryToStore/Page_Store/input_txtqty'

2018-06-09 16:22:16 - [TEST_STEP][PASSED] - click: Object: 'Object Repository/DispensaryToStore/Page_Store/button_Add' is clicked on

2018-06-09 16:22:16 - [MESSAGE][PASSED] - Object: 'Object Repository/DispensaryToStore/Page_Store/button_Add' is clicked on

2018-06-09 16:22:16 - [TEST_STEP][PASSED] - Statement - Break: null

2018-06-09 16:22:16 - [TEST_STEP][PASSED] - selectOptionByIndex: All options with index in [14] are selected on object 'Object Repository/DispensaryToStore/Page_Store/select_--Select--Adernaline 0.'

2018-06-09 16:22:16 - [MESSAGE][PASSED] - All options with index in [14] are selected on object 'Object Repository/DispensaryToStore/Page_Store/select_--Select--Adernaline 0.'

2018-06-09 16:22:16 - [TEST_STEP][PASSED] - delay: Delayed 2 second(s)

2018-06-09 16:22:18 - [MESSAGE][PASSED] - Delayed 2 second(s)

2018-06-09 16:22:18 - [TEST_STEP][PASSED] - Statement - RequestedQty = com.kms.katalon.core.webui.keyword.WebUiBuiltInKeywords.getAttribute(com.kms.katalon.core.testobject.ObjectRepository.findTestObject(DispensaryToStore/Page_Store/input_txttotal), "value"): Attribute 'value' of object 'Object Repository/DispensaryToStore/Page_Store/input_txttotal' is: '10'

2018-06-09 16:22:18 - [MESSAGE][PASSED] - Attribute 'value' of object 'Object Repository/DispensaryToStore/Page_Store/input_txttotal' is: '10'

2018-06-09 16:22:18 - [TEST_STEP][PASSED] - Statement - out.println("Requested QTY : " + RequestedQty): null

2018-06-09 16:22:18 - [TEST_STEP][PASSED] - Statement - BatchNumber = com.kms.katalon.core.webui.keyword.WebUiBuiltInKeywords.getNumberOfTotalOption(com.kms.katalon.core.testobject.ObjectRepository.findTestObject(DispensaryToStore/Page_Store/select_--Select--BA1170BA2376B)): 5 options of object 'Object Repository/DispensaryToStore/Page_Store/select_--Select--BA1170BA2376B' counted

2018-06-09 16:22:18 - [MESSAGE][PASSED] - 5 options of object 'Object Repository/DispensaryToStore/Page_Store/select_--Select--BA1170BA2376B' counted

2018-06-09 16:22:18 - [TEST_STEP][PASSED] - Statement - For ([g = 1, g <= BatchNumber - 1, (g++)]): null

2018-06-09 16:22:18 - [TEST_STEP][PASSED] - selectOptionByIndex: All options with index in [1] are selected on object 'Object Repository/DispensaryToStore/Page_Store/select_--Select--BA1170BA2376B'

2018-06-09 16:22:18 - [MESSAGE][PASSED] - All options with index in [1] are selected on object 'Object Repository/DispensaryToStore/Page_Store/select_--Select--BA1170BA2376B'

2018-06-09 16:22:18 - [TEST_STEP][PASSED] - Statement - Try: null

2018-06-09 16:22:18 - [TEST_STEP][PASSED] - Statement - StockQty = com.kms.katalon.core.webui.keyword.WebUiBuiltInKeywords.getAttribute(com.kms.katalon.core.testobject.ObjectRepository.findTestObject(DispensaryToStore/Page_Store/input_txtprice), "value"): Attribute 'value' of object 'Object Repository/DispensaryToStore/Page_Store/input_txtprice' is: '230'

2018-06-09 16:22:18 - [MESSAGE][PASSED] - Attribute 'value' of object 'Object Repository/DispensaryToStore/Page_Store/input_txtprice' is: '230'

2018-06-09 16:22:18 - [TEST_STEP][PASSED] - Statement - out.println("Stock QTY : " + StockQty): null

2018-06-09 16:22:18 - [TEST_STEP][PASSED] - delay: Delayed 2 second(s)

2018-06-09 16:22:20 - [MESSAGE][PASSED] - Delayed 2 second(s)

2018-06-09 16:22:20 - [TEST_STEP][PASSED] - Statement - If (java.lang.String.valueOf(StockQty) >= java.lang.String.valueOf(RequestedQty)): null

2018-06-09 16:22:20 - [TEST_STEP][PASSED] - setText: Text '10' is set on object 'Object Repository/DispensaryToStore/Page_Store/input_txtqty'

2018-06-09 16:22:21 - [MESSAGE][PASSED] - Text '10' is set on object 'Object Repository/DispensaryToStore/Page_Store/input_txtqty'

2018-06-09 16:22:21 - [TEST_STEP][PASSED] - click: Object: 'Object Repository/DispensaryToStore/Page_Store/button_Add' is clicked on

2018-06-09 16:22:21 - [MESSAGE][PASSED] - Object: 'Object Repository/DispensaryToStore/Page_Store/button_Add' is clicked on

2018-06-09 16:22:21 - [TEST_STEP][PASSED] - Statement - Break: null

2018-06-09 16:22:21 - [TEST_STEP][PASSED] - selectOptionByIndex: All options with index in [15] are selected on object 'Object Repository/DispensaryToStore/Page_Store/select_--Select--Adernaline 0.'

2018-06-09 16:22:21 - [MESSAGE][PASSED] - All options with index in [15] are selected on object 'Object Repository/DispensaryToStore/Page_Store/select_--Select--Adernaline 0.'

2018-06-09 16:22:21 - [TEST_STEP][PASSED] - delay: Delayed 2 second(s)

2018-06-09 16:22:23 - [MESSAGE][PASSED] - Delayed 2 second(s)

2018-06-09 16:22:23 - [TEST_STEP][PASSED] - Statement - RequestedQty = com.kms.katalon.core.webui.keyword.WebUiBuiltInKeywords.getAttribute(com.kms.katalon.core.testobject.ObjectRepository.findTestObject(DispensaryToStore/Page_Store/input_txttotal), "value"): Attribute 'value' of object 'Object Repository/DispensaryToStore/Page_Store/input_txttotal' is: '10'

2018-06-09 16:22:23 - [MESSAGE][PASSED] - Attribute 'value' of object 'Object Repository/DispensaryToStore/Page_Store/input_txttotal' is: '10'

2018-06-09 16:22:23 - [TEST_STEP][PASSED] - Statement - out.println("Requested QTY : " + RequestedQty): null

2018-06-09 16:22:23 - [TEST_STEP][PASSED] - Statement - BatchNumber = com.kms.katalon.core.webui.keyword.WebUiBuiltInKeywords.getNumberOfTotalOption(com.kms.katalon.core.testobject.ObjectRepository.findTestObject(DispensaryToStore/Page_Store/select_--Select--BA1170BA2376B)): 5 options of object 'Object Repository/DispensaryToStore/Page_Store/select_--Select--BA1170BA2376B' counted

2018-06-09 16:22:23 - [MESSAGE][PASSED] - 5 options of object 'Object Repository/DispensaryToStore/Page_Store/select_--Select--BA1170BA2376B' counted

2018-06-09 16:22:23 - [TEST_STEP][PASSED] - Statement - For ([g = 1, g <= BatchNumber - 1, (g++)]): null

2018-06-09 16:22:23 - [TEST_STEP][PASSED] - selectOptionByIndex: All options with index in [1] are selected on object 'Object Repository/DispensaryToStore/Page_Store/select_--Select--BA1170BA2376B'

2018-06-09 16:22:23 - [MESSAGE][PASSED] - All options with index in [1] are selected on object 'Object Repository/DispensaryToStore/Page_Store/select_--Select--BA1170BA2376B'

2018-06-09 16:22:23 - [TEST_STEP][PASSED] - Statement - Try: null

2018-06-09 16:22:23 - [TEST_STEP][PASSED] - Statement - StockQty = com.kms.katalon.core.webui.keyword.WebUiBuiltInKeywords.getAttribute(com.kms.katalon.core.testobject.ObjectRepository.findTestObject(DispensaryToStore/Page_Store/input_txtprice), "value"): Attribute 'value' of object 'Object Repository/DispensaryToStore/Page_Store/input_txtprice' is: '230'

2018-06-09 16:22:23 - [MESSAGE][PASSED] - Attribute 'value' of object 'Object Repository/DispensaryToStore/Page_Store/input_txtprice' is: '230'

2018-06-09 16:22:23 - [TEST_STEP][PASSED] - Statement - out.println("Stock QTY : " + StockQty): null

2018-06-09 16:22:23 - [TEST_STEP][PASSED] - delay: Delayed 2 second(s)

2018-06-09 16:22:25 - [MESSAGE][PASSED] - Delayed 2 second(s)

2018-06-09 16:22:25 - [TEST_STEP][PASSED] - Statement - If (java.lang.String.valueOf(StockQty) >= java.lang.String.valueOf(RequestedQty)): null

2018-06-09 16:22:25 - [TEST_STEP][PASSED] - setText: Text '10' is set on object 'Object Repository/DispensaryToStore/Page_Store/input_txtqty'

2018-06-09 16:22:25 - [MESSAGE][PASSED] - Text '10' is set on object 'Object Repository/DispensaryToStore/Page_Store/input_txtqty'

2018-06-09 16:22:25 - [TEST_STEP][PASSED] - click: Object: 'Object Repository/DispensaryToStore/Page_Store/button_Add' is clicked on

2018-06-09 16:22:25 - [MESSAGE][PASSED] - Object: 'Object Repository/DispensaryToStore/Page_Store/button_Add' is clicked on

2018-06-09 16:22:25 - [TEST_STEP][PASSED] - Statement - Break: null

2018-06-09 16:22:25 - [TEST_STEP][PASSED] - selectOptionByIndex: All options with index in [16] are selected on object 'Object Repository/DispensaryToStore/Page_Store/select_--Select--Adernaline 0.'

2018-06-09 16:22:26 - [MESSAGE][PASSED] - All options with index in [16] are selected on object 'Object Repository/DispensaryToStore/Page_Store/select_--Select--Adernaline 0.'

2018-06-09 16:22:26 - [TEST_STEP][PASSED] - delay: Delayed 2 second(s)

2018-06-09 16:22:28 - [MESSAGE][PASSED] - Delayed 2 second(s)

2018-06-09 16:22:28 - [TEST_STEP][PASSED] - Statement - RequestedQty = com.kms.katalon.core.webui.keyword.WebUiBuiltInKeywords.getAttribute(com.kms.katalon.core.testobject.ObjectRepository.findTestObject(DispensaryToStore/Page_Store/input_txttotal), "value"): Attribute 'value' of object 'Object Repository/DispensaryToStore/Page_Store/input_txttotal' is: '10'

2018-06-09 16:22:28 - [MESSAGE][PASSED] - Attribute 'value' of object 'Object Repository/DispensaryToStore/Page_Store/input_txttotal' is: '10'

2018-06-09 16:22:28 - [TEST_STEP][PASSED] - Statement - out.println("Requested QTY : " + RequestedQty): null

2018-06-09 16:22:28 - [TEST_STEP][PASSED] - Statement - BatchNumber = com.kms.katalon.core.webui.keyword.WebUiBuiltInKeywords.getNumberOfTotalOption(com.kms.katalon.core.testobject.ObjectRepository.findTestObject(DispensaryToStore/Page_Store/select_--Select--BA1170BA2376B)): 3 options of object 'Object Repository/DispensaryToStore/Page_Store/select_--Select--BA1170BA2376B' counted

2018-06-09 16:22:28 - [MESSAGE][PASSED] - 3 options of object 'Object Repository/DispensaryToStore/Page_Store/select_--Select--BA1170BA2376B' counted

2018-06-09 16:22:28 - [TEST_STEP][PASSED] - Statement - For ([g = 1, g <= BatchNumber - 1, (g++)]): null

2018-06-09 16:22:28 - [TEST_STEP][PASSED] - selectOptionByIndex: All options with index in [1] are selected on object 'Object Repository/DispensaryToStore/Page_Store/select_--Select--BA1170BA2376B'

2018-06-09 16:22:28 - [MESSAGE][PASSED] - All options with index in [1] are selected on object 'Object Repository/DispensaryToStore/Page_Store/select_--Select--BA1170BA2376B'

2018-06-09 16:22:28 - [TEST_STEP][PASSED] - Statement - Try: null

2018-06-09 16:22:28 - [TEST_STEP][PASSED] - Statement - StockQty = com.kms.katalon.core.webui.keyword.WebUiBuiltInKeywords.getAttribute(com.kms.katalon.core.testobject.ObjectRepository.findTestObject(DispensaryToStore/Page_Store/input_txtprice), "value"): Attribute 'value' of object 'Object Repository/DispensaryToStore/Page_Store/input_txtprice' is: '430'

2018-06-09 16:22:28 - [MESSAGE][PASSED] - Attribute 'value' of object 'Object Repository/DispensaryToStore/Page_Store/input_txtprice' is: '430'

2018-06-09 16:22:28 - [TEST_STEP][PASSED] - Statement - out.println("Stock QTY : " + StockQty): null

2018-06-09 16:22:28 - [TEST_STEP][PASSED] - delay: Delayed 2 second(s)

2018-06-09 16:22:30 - [MESSAGE][PASSED] - Delayed 2 second(s)

2018-06-09 16:22:30 - [TEST_STEP][PASSED] - Statement - If (java.lang.String.valueOf(StockQty) >= java.lang.String.valueOf(RequestedQty)): null

2018-06-09 16:22:30 - [TEST_STEP][PASSED] - setText: Text '10' is set on object 'Object Repository/DispensaryToStore/Page_Store/input_txtqty'

2018-06-09 16:22:30 - [MESSAGE][PASSED] - Text '10' is set on object 'Object Repository/DispensaryToStore/Page_Store/input_txtqty'

2018-06-09 16:22:30 - [TEST_STEP][PASSED] - click: Object: 'Object Repository/DispensaryToStore/Page_Store/button_Add' is clicked on

2018-06-09 16:22:30 - [MESSAGE][PASSED] - Object: 'Object Repository/DispensaryToStore/Page_Store/button_Add' is clicked on

2018-06-09 16:22:30 - [TEST_STEP][PASSED] - Statement - Break: null

2018-06-09 16:22:30 - [TEST_STEP][PASSED] - selectOptionByIndex: All options with index in [17] are selected on object 'Object Repository/DispensaryToStore/Page_Store/select_--Select--Adernaline 0.'

2018-06-09 16:22:31 - [MESSAGE][PASSED] - All options with index in [17] are selected on object 'Object Repository/DispensaryToStore/Page_Store/select_--Select--Adernaline 0.'

2018-06-09 16:22:31 - [TEST_STEP][PASSED] - delay: Delayed 2 second(s)

2018-06-09 16:22:33 - [MESSAGE][PASSED] - Delayed 2 second(s)

2018-06-09 16:22:33 - [TEST_STEP][PASSED] - Statement - RequestedQty = com.kms.katalon.core.webui.keyword.WebUiBuiltInKeywords.getAttribute(com.kms.katalon.core.testobject.ObjectRepository.findTestObject(DispensaryToStore/Page_Store/input_txttotal), "value"): Attribute 'value' of object 'Object Repository/DispensaryToStore/Page_Store/input_txttotal' is: '10'

2018-06-09 16:22:33 - [MESSAGE][PASSED] - Attribute 'value' of object 'Object Repository/DispensaryToStore/Page_Store/input_txttotal' is: '10'

2018-06-09 16:22:33 - [TEST_STEP][PASSED] - Statement - out.println("Requested QTY : " + RequestedQty): null

2018-06-09 16:22:33 - [TEST_STEP][PASSED] - Statement - BatchNumber = com.kms.katalon.core.webui.keyword.WebUiBuiltInKeywords.getNumberOfTotalOption(com.kms.katalon.core.testobject.ObjectRepository.findTestObject(DispensaryToStore/Page_Store/select_--Select--BA1170BA2376B)): 3 options of object 'Object Repository/DispensaryToStore/Page_Store/select_--Select--BA1170BA2376B' counted

2018-06-09 16:22:33 - [MESSAGE][PASSED] - 3 options of object 'Object Repository/DispensaryToStore/Page_Store/select_--Select--BA1170BA2376B' counted

2018-06-09 16:22:33 - [TEST_STEP][PASSED] - Statement - For ([g = 1, g <= BatchNumber - 1, (g++)]): null

2018-06-09 16:22:33 - [TEST_STEP][PASSED] - selectOptionByIndex: All options with index in [1] are selected on object 'Object Repository/DispensaryToStore/Page_Store/select_--Select--BA1170BA2376B'

2018-06-09 16:22:33 - [MESSAGE][PASSED] - All options with index in [1] are selected on object 'Object Repository/DispensaryToStore/Page_Store/select_--Select--BA1170BA2376B'

2018-06-09 16:22:33 - [TEST_STEP][PASSED] - Statement - Try: null

2018-06-09 16:22:33 - [TEST_STEP][PASSED] - Statement - StockQty = com.kms.katalon.core.webui.keyword.WebUiBuiltInKeywords.getAttribute(com.kms.katalon.core.testobject.ObjectRepository.findTestObject(DispensaryToStore/Page_Store/input_txtprice), "value"): Attribute 'value' of object 'Object Repository/DispensaryToStore/Page_Store/input_txtprice' is: '1290'

2018-06-09 16:22:33 - [MESSAGE][PASSED] - Attribute 'value' of object 'Object Repository/DispensaryToStore/Page_Store/input_txtprice' is: '1290'

2018-06-09 16:22:33 - [TEST_STEP][PASSED] - Statement - out.println("Stock QTY : " + StockQty): null

2018-06-09 16:22:33 - [TEST_STEP][PASSED] - delay: Delayed 2 second(s)

2018-06-09 16:22:35 - [MESSAGE][PASSED] - Delayed 2 second(s)

2018-06-09 16:22:35 - [TEST_STEP][PASSED] - Statement - If (java.lang.String.valueOf(StockQty) >= java.lang.String.valueOf(RequestedQty)): null

2018-06-09 16:22:35 - [TEST_STEP][PASSED] - setText: Text '10' is set on object 'Object Repository/DispensaryToStore/Page_Store/input_txtqty'

2018-06-09 16:22:35 - [MESSAGE][PASSED] - Text '10' is set on object 'Object Repository/DispensaryToStore/Page_Store/input_txtqty'

2018-06-09 16:22:35 - [TEST_STEP][PASSED] - click: Object: 'Object Repository/DispensaryToStore/Page_Store/button_Add' is clicked on

2018-06-09 16:22:35 - [MESSAGE][PASSED] - Object: 'Object Repository/DispensaryToStore/Page_Store/button_Add' is clicked on

2018-06-09 16:22:35 - [TEST_STEP][PASSED] - Statement - Break: null

2018-06-09 16:22:35 - [TEST_STEP][PASSED] - selectOptionByIndex: All options with index in [18] are selected on object 'Object Repository/DispensaryToStore/Page_Store/select_--Select--Adernaline 0.'

2018-06-09 16:22:35 - [MESSAGE][PASSED] - All options with index in [18] are selected on object 'Object Repository/DispensaryToStore/Page_Store/select_--Select--Adernaline 0.'

2018-06-09 16:22:35 - [TEST_STEP][PASSED] - delay: Delayed 2 second(s)

2018-06-09 16:22:37 - [MESSAGE][PASSED] - Delayed 2 second(s)

2018-06-09 16:22:37 - [TEST_STEP][PASSED] - Statement - RequestedQty = com.kms.katalon.core.webui.keyword.WebUiBuiltInKeywords.getAttribute(com.kms.katalon.core.testobject.ObjectRepository.findTestObject(DispensaryToStore/Page_Store/input_txttotal), "value"): Attribute 'value' of object 'Object Repository/DispensaryToStore/Page_Store/input_txttotal' is: '10'

2018-06-09 16:22:37 - [MESSAGE][PASSED] - Attribute 'value' of object 'Object Repository/DispensaryToStore/Page_Store/input_txttotal' is: '10'

2018-06-09 16:22:37 - [TEST_STEP][PASSED] - Statement - out.println("Requested QTY : " + RequestedQty): null

2018-06-09 16:22:37 - [TEST_STEP][PASSED] - Statement - BatchNumber = com.kms.katalon.core.webui.keyword.WebUiBuiltInKeywords.getNumberOfTotalOption(com.kms.katalon.core.testobject.ObjectRepository.findTestObject(DispensaryToStore/Page_Store/select_--Select--BA1170BA2376B)): 4 options of object 'Object Repository/DispensaryToStore/Page_Store/select_--Select--BA1170BA2376B' counted

2018-06-09 16:22:37 - [MESSAGE][PASSED] - 4 options of object 'Object Repository/DispensaryToStore/Page_Store/select_--Select--BA1170BA2376B' counted

2018-06-09 16:22:37 - [TEST_STEP][PASSED] - Statement - For ([g = 1, g <= BatchNumber - 1, (g++)]): null

2018-06-09 16:22:37 - [TEST_STEP][PASSED] - selectOptionByIndex: All options with index in [1] are selected on object 'Object Repository/DispensaryToStore/Page_Store/select_--Select--BA1170BA2376B'

2018-06-09 16:22:38 - [MESSAGE][PASSED] - All options with index in [1] are selected on object 'Object Repository/DispensaryToStore/Page_Store/select_--Select--BA1170BA2376B'

2018-06-09 16:22:38 - [TEST_STEP][PASSED] - Statement - Try: null

2018-06-09 16:22:38 - [TEST_STEP][PASSED] - Statement - StockQty = com.kms.katalon.core.webui.keyword.WebUiBuiltInKeywords.getAttribute(com.kms.katalon.core.testobject.ObjectRepository.findTestObject(DispensaryToStore/Page_Store/input_txtprice), "value"): Attribute 'value' of object 'Object Repository/DispensaryToStore/Page_Store/input_txtprice' is: '330'

2018-06-09 16:22:38 - [MESSAGE][PASSED] - Attribute 'value' of object 'Object Repository/DispensaryToStore/Page_Store/input_txtprice' is: '330'

2018-06-09 16:22:38 - [TEST_STEP][PASSED] - Statement - out.println("Stock QTY : " + StockQty): null

2018-06-09 16:22:38 - [TEST_STEP][PASSED] - delay: Delayed 2 second(s)

2018-06-09 16:22:40 - [MESSAGE][PASSED] - Delayed 2 second(s)

2018-06-09 16:22:40 - [TEST_STEP][PASSED] - Statement - If (java.lang.String.valueOf(StockQty) >= java.lang.String.valueOf(RequestedQty)): null

2018-06-09 16:22:40 - [TEST_STEP][PASSED] - setText: Text '10' is set on object 'Object Repository/DispensaryToStore/Page_Store/input_txtqty'

2018-06-09 16:22:40 - [MESSAGE][PASSED] - Text '10' is set on object 'Object Repository/DispensaryToStore/Page_Store/input_txtqty'

2018-06-09 16:22:40 - [TEST_STEP][PASSED] - click: Object: 'Object Repository/DispensaryToStore/Page_Store/button_Add' is clicked on

2018-06-09 16:22:40 - [MESSAGE][PASSED] - Object: 'Object Repository/DispensaryToStore/Page_Store/button_Add' is clicked on

2018-06-09 16:22:40 - [TEST_STEP][PASSED] - Statement - Break: null

2018-06-09 16:22:40 - [TEST_STEP][PASSED] - scrollToElement: Scroll to object 'Object Repository/DispensaryToStore/Page_Store/input_btnSubmit' successfully

2018-06-09 16:22:40 - [MESSAGE][PASSED] - Scroll to object 'Object Repository/DispensaryToStore/Page_Store/input_btnSubmit' successfully

2018-06-09 16:22:40 - [TEST_STEP][PASSED] - click: Object: 'Object Repository/DispensaryToStore/Page_Store/input_btnSubmit' is clicked on

2018-06-09 16:22:40 - [MESSAGE][PASSED] - Object: 'Object Repository/DispensaryToStore/Page_Store/input_btnSubmit' is clicked on

2018-06-09 16:22:40 - [TEST_STEP][PASSED] - delay: Delayed 3 second(s)

2018-06-09 16:22:43 - [MESSAGE][PASSED] - Delayed 3 second(s)

2018-06-09 16:22:43 - [TEST_STEP][PASSED] - click: Object: 'Object Repository/DispensaryToStore/Page_Store/button_OK' is clicked on

2018-06-09 16:22:44 - [MESSAGE][PASSED] - Object: 'Object Repository/DispensaryToStore/Page_Store/button_OK' is clicked on

2018-06-09 16:22:44 - [TEST_STEP][PASSED] - delay: Delayed 3 second(s)

2018-06-09 16:22:47 - [MESSAGE][PASSED] - Delayed 3 second(s)

2018-06-09 16:22:47 - [TEST_STEP][PASSED] - click: Object: 'Object Repository/DispensaryToStore/Page_Store/a_dropdown-toggle' is clicked on

2018-06-09 16:22:47 - [MESSAGE][PASSED] - Object: 'Object Repository/DispensaryToStore/Page_Store/a_dropdown-toggle' is clicked on

2018-06-09 16:22:47 - [TEST_STEP][PASSED] - click: Object: 'Object Repository/DispensaryToStore/Page_Store/a_Sign out' is clicked on

2018-06-09 16:22:47 - [MESSAGE][PASSED] - Object: 'Object Repository/DispensaryToStore/Page_Store/a_Sign out' is clicked on

2018-06-09 16:22:47 - [TEST_STEP][PASSED] - closeBrowser: Browser is closed

2018-06-09 16:22:48 - [MESSAGE][PASSED] - Browser is closed]]></system-out>
         <system-err><![CDATA[]]></system-err>
      </testcase>
      <testcase name="Test Cases/DISPENSARY TEST CASES/TC_DP_011 Verify Schedule 11 Dispensary Request Are Working Successfully Or Not" classname="Test Cases/DISPENSARY TEST CASES/TC_DP_011 Verify Schedule 11 Dispensary Request Are Working Successfully Or Not" status="FAILED">
         <failure type="FAILED" message="Unable to select option by index '11' of object 'Object Repository/DispensaryToStore/Page_Dispensary Store/select_--Select--Schedule 1Inj' (Root cause: org.openqa.selenium.StaleElementReferenceException: stale element reference: element is not attached to the page document
  (Session info: chrome=66.0.3359.181)
  (Driver info: chromedriver=2.35.528161 (5b82f2d2aae0ca24b877009200ced9065a772e73),platform=Windows NT 10.0.17134 x86_64) (WARNING: The server did not provide any stacktrace information)
Command duration or timeout: 0 milliseconds
For documentation on this error, please visit: http://seleniumhq.org/exceptions/stale_element_reference.html
Build info: version: '3.7.1', revision: '8a0099a', time: '2017-11-06T21:07:36.161Z'
System info: host: 'DESKTOP-BLFTK83', ip: '169.254.189.85', os.name: 'Windows 10', os.arch: 'amd64', os.version: '10.0', java.version: '1.8.0_102'
Driver info: com.kms.katalon.selenium.driver.CChromeDriver
Capabilities {acceptInsecureCerts: false, acceptSslCerts: false, applicationCacheEnabled: false, browserConnectionEnabled: false, browserName: chrome, chrome: {chromedriverVersion: 2.35.528161 (5b82f2d2aae0ca..., userDataDir: C:\Users\QUALIT~1\AppData\L...}, cssSelectorsEnabled: true, databaseEnabled: false, handlesAlerts: true, hasTouchScreen: false, javascriptEnabled: true, locationContextEnabled: true, mobileEmulationEnabled: false, nativeEvents: true, networkConnectionEnabled: false, pageLoadStrategy: normal, platform: XP, platformName: XP, rotatable: false, setWindowRect: true, takesHeapSnapshot: true, takesScreenshot: true, unexpectedAlertBehaviour: , unhandledPromptBehavior: , version: 66.0.3359.181, webStorageEnabled: true}
Session ID: 5a78425df3f782df8e434b826f51b828)"/>
         <system-out><![CDATA[2018-06-09 16:22:48 - [TEST_CASE][FAILED] - Test Cases/DISPENSARY TEST CASES/TC_DP_011 Verify Schedule 11 Dispensary Request Are Working Successfully Or Not: Test Cases/DISPENSARY TEST CASES/TC_DP_011 Verify Schedule 11 Dispensary Request Are Working Successfully Or Not FAILED because (of) Unable to select option by index '11' of object 'Object Repository/DispensaryToStore/Page_Dispensary Store/select_--Select--Schedule 1Inj' (Root cause: org.openqa.selenium.StaleElementReferenceException: stale element reference: element is not attached to the page document
  (Session info: chrome=66.0.3359.181)
  (Driver info: chromedriver=2.35.528161 (5b82f2d2aae0ca24b877009200ced9065a772e73),platform=Windows NT 10.0.17134 x86_64) (WARNING: The server did not provide any stacktrace information)
Command duration or timeout: 0 milliseconds
For documentation on this error, please visit: http://seleniumhq.org/exceptions/stale_element_reference.html
Build info: version: '3.7.1', revision: '8a0099a', time: '2017-11-06T21:07:36.161Z'
System info: host: 'DESKTOP-BLFTK83', ip: '169.254.189.85', os.name: 'Windows 10', os.arch: 'amd64', os.version: '10.0', java.version: '1.8.0_102'
Driver info: com.kms.katalon.selenium.driver.CChromeDriver
Capabilities {acceptInsecureCerts: false, acceptSslCerts: false, applicationCacheEnabled: false, browserConnectionEnabled: false, browserName: chrome, chrome: {chromedriverVersion: 2.35.528161 (5b82f2d2aae0ca..., userDataDir: C:\Users\QUALIT~1\AppData\L...}, cssSelectorsEnabled: true, databaseEnabled: false, handlesAlerts: true, hasTouchScreen: false, javascriptEnabled: true, locationContextEnabled: true, mobileEmulationEnabled: false, nativeEvents: true, networkConnectionEnabled: false, pageLoadStrategy: normal, platform: XP, platformName: XP, rotatable: false, setWindowRect: true, takesHeapSnapshot: true, takesScreenshot: true, unexpectedAlertBehaviour: , unhandledPromptBehavior: , version: 66.0.3359.181, webStorageEnabled: true}
Session ID: 5a78425df3f782df8e434b826f51b828)

2018-06-09 16:22:48 - [TEST_STEP][PASSED] - openBrowser: Browser is opened with url: ''

2018-06-09 16:22:50 - [MESSAGE][PASSED] - Browser is opened with url: ''

2018-06-09 16:22:50 - [TEST_STEP][PASSED] - navigateToUrl: Navigate to 'http://192.168.137.1/multihospital_new/HDSplashscreen.aspx' successfully

2018-06-09 16:22:52 - [MESSAGE][PASSED] - Navigate to 'http://192.168.137.1/multihospital_new/HDSplashscreen.aspx' successfully

2018-06-09 16:22:52 - [TEST_STEP][PASSED] - maximizeWindow: Current window maximized

2018-06-09 16:22:53 - [MESSAGE][PASSED] - Current window maximized

2018-06-09 16:22:53 - [TEST_STEP][PASSED] - click: Object: 'Object Repository/DispensaryToStore/Page_KDMC/a_Dispensary Store' is clicked on

2018-06-09 16:22:54 - [MESSAGE][PASSED] - Object: 'Object Repository/DispensaryToStore/Page_KDMC/a_Dispensary Store' is clicked on

2018-06-09 16:22:54 - [TEST_STEP][PASSED] - setText: Text 'rajaram' is set on object 'Object Repository/DispensaryToStore/Page_Dispensary Store Login/input_txtusername'

2018-06-09 16:22:54 - [MESSAGE][PASSED] - Text 'rajaram' is set on object 'Object Repository/DispensaryToStore/Page_Dispensary Store Login/input_txtusername'

2018-06-09 16:22:54 - [TEST_STEP][PASSED] - setText: Text '123' is set on object 'Object Repository/DispensaryToStore/Page_Dispensary Store Login/input_txtpassword'

2018-06-09 16:22:54 - [MESSAGE][PASSED] - Text '123' is set on object 'Object Repository/DispensaryToStore/Page_Dispensary Store Login/input_txtpassword'

2018-06-09 16:22:54 - [TEST_STEP][PASSED] - delay: Delayed 3 second(s)

2018-06-09 16:22:57 - [MESSAGE][PASSED] - Delayed 3 second(s)

2018-06-09 16:22:57 - [TEST_STEP][PASSED] - sendKeys: Keys 'ENTER + ' sent to object: 'Object Repository/DispensaryToStore/Page_Dispensary Store Login/input_txtpassword'

2018-06-09 16:22:58 - [MESSAGE][PASSED] - Keys 'ENTER + ' sent to object: 'Object Repository/DispensaryToStore/Page_Dispensary Store Login/input_txtpassword'

2018-06-09 16:22:58 - [TEST_STEP][PASSED] - delay: Delayed 3 second(s)

2018-06-09 16:23:01 - [MESSAGE][PASSED] - Delayed 3 second(s)

2018-06-09 16:23:01 - [TEST_STEP][PASSED] - click: Object: 'Object Repository/DispensaryToStore/Page_Dispensary Store/a_Request to Store' is clicked on

2018-06-09 16:23:01 - [MESSAGE][PASSED] - Object: 'Object Repository/DispensaryToStore/Page_Dispensary Store/a_Request to Store' is clicked on

2018-06-09 16:23:01 - [TEST_STEP][PASSED] - click: Object: 'Object Repository/DispensaryToStore/Page_Dispensary Store/a_Medicine Request' is clicked on

2018-06-09 16:23:02 - [MESSAGE][PASSED] - Object: 'Object Repository/DispensaryToStore/Page_Dispensary Store/a_Medicine Request' is clicked on

2018-06-09 16:23:02 - [TEST_STEP][PASSED] - selectOptionByIndex: All options with index in [11] are selected on object 'Object Repository/DispensaryToStore/Page_Dispensary Store/select_--Select--Schedule 1Inj'

2018-06-09 16:23:02 - [MESSAGE][PASSED] - All options with index in [11] are selected on object 'Object Repository/DispensaryToStore/Page_Dispensary Store/select_--Select--Schedule 1Inj'

2018-06-09 16:23:02 - [TEST_STEP][PASSED] - Statement - medicineslength = com.kms.katalon.core.webui.keyword.WebUiBuiltInKeywords.getNumberOfTotalOption(com.kms.katalon.core.testobject.ObjectRepository.findTestObject(DispensaryToStore/Page_Dispensary Store/select_--Select--Adernaline 0.)): 81 options of object 'Object Repository/DispensaryToStore/Page_Dispensary Store/select_--Select--Adernaline 0.' counted

2018-06-09 16:23:02 - [MESSAGE][PASSED] - 81 options of object 'Object Repository/DispensaryToStore/Page_Dispensary Store/select_--Select--Adernaline 0.' counted

2018-06-09 16:23:02 - [TEST_STEP][FAILED] - Statement - For ([e = 1, e <= medicineslength - 1, (e++)]): Unable to select option by index '11' of object 'Object Repository/DispensaryToStore/Page_Dispensary Store/select_--Select--Schedule 1Inj' (Root cause: org.openqa.selenium.StaleElementReferenceException: stale element reference: element is not attached to the page document
  (Session info: chrome=66.0.3359.181)
  (Driver info: chromedriver=2.35.528161 (5b82f2d2aae0ca24b877009200ced9065a772e73),platform=Windows NT 10.0.17134 x86_64) (WARNING: The server did not provide any stacktrace information)
Command duration or timeout: 0 milliseconds
For documentation on this error, please visit: http://seleniumhq.org/exceptions/stale_element_reference.html
Build info: version: '3.7.1', revision: '8a0099a', time: '2017-11-06T21:07:36.161Z'
System info: host: 'DESKTOP-BLFTK83', ip: '169.254.189.85', os.name: 'Windows 10', os.arch: 'amd64', os.version: '10.0', java.version: '1.8.0_102'
Driver info: com.kms.katalon.selenium.driver.CChromeDriver
Capabilities {acceptInsecureCerts: false, acceptSslCerts: false, applicationCacheEnabled: false, browserConnectionEnabled: false, browserName: chrome, chrome: {chromedriverVersion: 2.35.528161 (5b82f2d2aae0ca..., userDataDir: C:\Users\QUALIT~1\AppData\L...}, cssSelectorsEnabled: true, databaseEnabled: false, handlesAlerts: true, hasTouchScreen: false, javascriptEnabled: true, locationContextEnabled: true, mobileEmulationEnabled: false, nativeEvents: true, networkConnectionEnabled: false, pageLoadStrategy: normal, platform: XP, platformName: XP, rotatable: false, setWindowRect: true, takesHeapSnapshot: true, takesScreenshot: true, unexpectedAlertBehaviour: , unhandledPromptBehavior: , version: 66.0.3359.181, webStorageEnabled: true}
Session ID: 5a78425df3f782df8e434b826f51b828)

2018-06-09 16:23:02 - [TEST_STEP][PASSED] - selectOptionByIndex: All options with index in [11] are selected on object 'Object Repository/DispensaryToStore/Page_Dispensary Store/select_--Select--Schedule 1Inj'

2018-06-09 16:23:02 - [MESSAGE][PASSED] - All options with index in [11] are selected on object 'Object Repository/DispensaryToStore/Page_Dispensary Store/select_--Select--Schedule 1Inj'

2018-06-09 16:23:02 - [TEST_STEP][PASSED] - delay: Delayed 1 second(s)

2018-06-09 16:23:03 - [MESSAGE][PASSED] - Delayed 1 second(s)

2018-06-09 16:23:03 - [TEST_STEP][PASSED] - selectOptionByIndex: All options with index in [1] are selected on object 'Object Repository/DispensaryToStore/Page_Dispensary Store/select_--Select--Adernaline 0.'

2018-06-09 16:23:04 - [MESSAGE][PASSED] - All options with index in [1] are selected on object 'Object Repository/DispensaryToStore/Page_Dispensary Store/select_--Select--Adernaline 0.'

2018-06-09 16:23:04 - [TEST_STEP][PASSED] - delay: Delayed 1 second(s)

2018-06-09 16:23:05 - [MESSAGE][PASSED] - Delayed 1 second(s)

2018-06-09 16:23:05 - [TEST_STEP][PASSED] - setText: Text '10' is set on object 'Object Repository/DispensaryToStore/Page_Dispensary Store/input_txttreat'

2018-06-09 16:23:05 - [MESSAGE][PASSED] - Text '10' is set on object 'Object Repository/DispensaryToStore/Page_Dispensary Store/input_txttreat'

2018-06-09 16:23:05 - [TEST_STEP][PASSED] - click: Object: 'Object Repository/DispensaryToStore/Page_Dispensary Store/button_Add' is clicked on

2018-06-09 16:23:05 - [MESSAGE][PASSED] - Object: 'Object Repository/DispensaryToStore/Page_Dispensary Store/button_Add' is clicked on

2018-06-09 16:23:05 - [TEST_STEP][PASSED] - selectOptionByIndex: All options with index in [11] are selected on object 'Object Repository/DispensaryToStore/Page_Dispensary Store/select_--Select--Schedule 1Inj'

2018-06-09 16:23:05 - [MESSAGE][PASSED] - All options with index in [11] are selected on object 'Object Repository/DispensaryToStore/Page_Dispensary Store/select_--Select--Schedule 1Inj'

2018-06-09 16:23:05 - [TEST_STEP][PASSED] - delay: Delayed 1 second(s)

2018-06-09 16:23:06 - [MESSAGE][PASSED] - Delayed 1 second(s)

2018-06-09 16:23:06 - [TEST_STEP][PASSED] - selectOptionByIndex: All options with index in [2] are selected on object 'Object Repository/DispensaryToStore/Page_Dispensary Store/select_--Select--Adernaline 0.'

2018-06-09 16:23:06 - [MESSAGE][PASSED] - All options with index in [2] are selected on object 'Object Repository/DispensaryToStore/Page_Dispensary Store/select_--Select--Adernaline 0.'

2018-06-09 16:23:06 - [TEST_STEP][PASSED] - delay: Delayed 1 second(s)

2018-06-09 16:23:07 - [MESSAGE][PASSED] - Delayed 1 second(s)

2018-06-09 16:23:07 - [TEST_STEP][PASSED] - setText: Text '10' is set on object 'Object Repository/DispensaryToStore/Page_Dispensary Store/input_txttreat'

2018-06-09 16:23:07 - [MESSAGE][PASSED] - Text '10' is set on object 'Object Repository/DispensaryToStore/Page_Dispensary Store/input_txttreat'

2018-06-09 16:23:07 - [TEST_STEP][PASSED] - click: Object: 'Object Repository/DispensaryToStore/Page_Dispensary Store/button_Add' is clicked on

2018-06-09 16:23:07 - [MESSAGE][PASSED] - Object: 'Object Repository/DispensaryToStore/Page_Dispensary Store/button_Add' is clicked on

2018-06-09 16:23:07 - [TEST_STEP][PASSED] - selectOptionByIndex: All options with index in [11] are selected on object 'Object Repository/DispensaryToStore/Page_Dispensary Store/select_--Select--Schedule 1Inj'

2018-06-09 16:23:08 - [MESSAGE][PASSED] - All options with index in [11] are selected on object 'Object Repository/DispensaryToStore/Page_Dispensary Store/select_--Select--Schedule 1Inj'

2018-06-09 16:23:08 - [TEST_STEP][PASSED] - delay: Delayed 1 second(s)

2018-06-09 16:23:09 - [MESSAGE][PASSED] - Delayed 1 second(s)

2018-06-09 16:23:09 - [TEST_STEP][PASSED] - selectOptionByIndex: All options with index in [3] are selected on object 'Object Repository/DispensaryToStore/Page_Dispensary Store/select_--Select--Adernaline 0.'

2018-06-09 16:23:09 - [MESSAGE][PASSED] - All options with index in [3] are selected on object 'Object Repository/DispensaryToStore/Page_Dispensary Store/select_--Select--Adernaline 0.'

2018-06-09 16:23:09 - [TEST_STEP][PASSED] - delay: Delayed 1 second(s)

2018-06-09 16:23:10 - [MESSAGE][PASSED] - Delayed 1 second(s)

2018-06-09 16:23:10 - [TEST_STEP][PASSED] - setText: Text '10' is set on object 'Object Repository/DispensaryToStore/Page_Dispensary Store/input_txttreat'

2018-06-09 16:23:10 - [MESSAGE][PASSED] - Text '10' is set on object 'Object Repository/DispensaryToStore/Page_Dispensary Store/input_txttreat'

2018-06-09 16:23:10 - [TEST_STEP][PASSED] - click: Object: 'Object Repository/DispensaryToStore/Page_Dispensary Store/button_Add' is clicked on

2018-06-09 16:23:10 - [MESSAGE][PASSED] - Object: 'Object Repository/DispensaryToStore/Page_Dispensary Store/button_Add' is clicked on

2018-06-09 16:23:10 - [TEST_STEP][PASSED] - selectOptionByIndex: All options with index in [11] are selected on object 'Object Repository/DispensaryToStore/Page_Dispensary Store/select_--Select--Schedule 1Inj'

2018-06-09 16:23:10 - [MESSAGE][PASSED] - All options with index in [11] are selected on object 'Object Repository/DispensaryToStore/Page_Dispensary Store/select_--Select--Schedule 1Inj'

2018-06-09 16:23:10 - [TEST_STEP][PASSED] - delay: Delayed 1 second(s)

2018-06-09 16:23:11 - [MESSAGE][PASSED] - Delayed 1 second(s)

2018-06-09 16:23:11 - [TEST_STEP][PASSED] - selectOptionByIndex: All options with index in [4] are selected on object 'Object Repository/DispensaryToStore/Page_Dispensary Store/select_--Select--Adernaline 0.'

2018-06-09 16:23:12 - [MESSAGE][PASSED] - All options with index in [4] are selected on object 'Object Repository/DispensaryToStore/Page_Dispensary Store/select_--Select--Adernaline 0.'

2018-06-09 16:23:12 - [TEST_STEP][PASSED] - delay: Delayed 1 second(s)

2018-06-09 16:23:13 - [MESSAGE][PASSED] - Delayed 1 second(s)

2018-06-09 16:23:13 - [TEST_STEP][PASSED] - setText: Text '10' is set on object 'Object Repository/DispensaryToStore/Page_Dispensary Store/input_txttreat'

2018-06-09 16:23:13 - [MESSAGE][PASSED] - Text '10' is set on object 'Object Repository/DispensaryToStore/Page_Dispensary Store/input_txttreat'

2018-06-09 16:23:13 - [TEST_STEP][PASSED] - click: Object: 'Object Repository/DispensaryToStore/Page_Dispensary Store/button_Add' is clicked on

2018-06-09 16:23:13 - [MESSAGE][PASSED] - Object: 'Object Repository/DispensaryToStore/Page_Dispensary Store/button_Add' is clicked on

2018-06-09 16:23:13 - [TEST_STEP][PASSED] - selectOptionByIndex: All options with index in [11] are selected on object 'Object Repository/DispensaryToStore/Page_Dispensary Store/select_--Select--Schedule 1Inj'

2018-06-09 16:23:13 - [MESSAGE][PASSED] - All options with index in [11] are selected on object 'Object Repository/DispensaryToStore/Page_Dispensary Store/select_--Select--Schedule 1Inj'

2018-06-09 16:23:13 - [TEST_STEP][PASSED] - delay: Delayed 1 second(s)

2018-06-09 16:23:14 - [MESSAGE][PASSED] - Delayed 1 second(s)

2018-06-09 16:23:14 - [TEST_STEP][PASSED] - selectOptionByIndex: All options with index in [5] are selected on object 'Object Repository/DispensaryToStore/Page_Dispensary Store/select_--Select--Adernaline 0.'

2018-06-09 16:23:14 - [MESSAGE][PASSED] - All options with index in [5] are selected on object 'Object Repository/DispensaryToStore/Page_Dispensary Store/select_--Select--Adernaline 0.'

2018-06-09 16:23:14 - [TEST_STEP][PASSED] - delay: Delayed 1 second(s)

2018-06-09 16:23:15 - [MESSAGE][PASSED] - Delayed 1 second(s)

2018-06-09 16:23:15 - [TEST_STEP][PASSED] - setText: Text '10' is set on object 'Object Repository/DispensaryToStore/Page_Dispensary Store/input_txttreat'

2018-06-09 16:23:15 - [MESSAGE][PASSED] - Text '10' is set on object 'Object Repository/DispensaryToStore/Page_Dispensary Store/input_txttreat'

2018-06-09 16:23:15 - [TEST_STEP][PASSED] - click: Object: 'Object Repository/DispensaryToStore/Page_Dispensary Store/button_Add' is clicked on

2018-06-09 16:23:15 - [MESSAGE][PASSED] - Object: 'Object Repository/DispensaryToStore/Page_Dispensary Store/button_Add' is clicked on

2018-06-09 16:23:15 - [TEST_STEP][PASSED] - selectOptionByIndex: All options with index in [11] are selected on object 'Object Repository/DispensaryToStore/Page_Dispensary Store/select_--Select--Schedule 1Inj'

2018-06-09 16:23:16 - [MESSAGE][PASSED] - All options with index in [11] are selected on object 'Object Repository/DispensaryToStore/Page_Dispensary Store/select_--Select--Schedule 1Inj'

2018-06-09 16:23:16 - [TEST_STEP][PASSED] - delay: Delayed 1 second(s)

2018-06-09 16:23:17 - [MESSAGE][PASSED] - Delayed 1 second(s)

2018-06-09 16:23:17 - [TEST_STEP][PASSED] - selectOptionByIndex: All options with index in [6] are selected on object 'Object Repository/DispensaryToStore/Page_Dispensary Store/select_--Select--Adernaline 0.'

2018-06-09 16:23:17 - [MESSAGE][PASSED] - All options with index in [6] are selected on object 'Object Repository/DispensaryToStore/Page_Dispensary Store/select_--Select--Adernaline 0.'

2018-06-09 16:23:17 - [TEST_STEP][PASSED] - delay: Delayed 1 second(s)

2018-06-09 16:23:18 - [MESSAGE][PASSED] - Delayed 1 second(s)

2018-06-09 16:23:18 - [TEST_STEP][PASSED] - setText: Text '10' is set on object 'Object Repository/DispensaryToStore/Page_Dispensary Store/input_txttreat'

2018-06-09 16:23:18 - [MESSAGE][PASSED] - Text '10' is set on object 'Object Repository/DispensaryToStore/Page_Dispensary Store/input_txttreat'

2018-06-09 16:23:18 - [TEST_STEP][PASSED] - click: Object: 'Object Repository/DispensaryToStore/Page_Dispensary Store/button_Add' is clicked on

2018-06-09 16:23:18 - [MESSAGE][PASSED] - Object: 'Object Repository/DispensaryToStore/Page_Dispensary Store/button_Add' is clicked on

2018-06-09 16:23:18 - [TEST_STEP][PASSED] - selectOptionByIndex: All options with index in [11] are selected on object 'Object Repository/DispensaryToStore/Page_Dispensary Store/select_--Select--Schedule 1Inj'

2018-06-09 16:23:18 - [MESSAGE][PASSED] - All options with index in [11] are selected on object 'Object Repository/DispensaryToStore/Page_Dispensary Store/select_--Select--Schedule 1Inj'

2018-06-09 16:23:18 - [TEST_STEP][PASSED] - delay: Delayed 1 second(s)

2018-06-09 16:23:19 - [MESSAGE][PASSED] - Delayed 1 second(s)

2018-06-09 16:23:19 - [TEST_STEP][PASSED] - selectOptionByIndex: All options with index in [7] are selected on object 'Object Repository/DispensaryToStore/Page_Dispensary Store/select_--Select--Adernaline 0.'

2018-06-09 16:23:19 - [MESSAGE][PASSED] - All options with index in [7] are selected on object 'Object Repository/DispensaryToStore/Page_Dispensary Store/select_--Select--Adernaline 0.'

2018-06-09 16:23:19 - [TEST_STEP][PASSED] - delay: Delayed 1 second(s)

2018-06-09 16:23:20 - [MESSAGE][PASSED] - Delayed 1 second(s)

2018-06-09 16:23:20 - [TEST_STEP][PASSED] - setText: Text '10' is set on object 'Object Repository/DispensaryToStore/Page_Dispensary Store/input_txttreat'

2018-06-09 16:23:21 - [MESSAGE][PASSED] - Text '10' is set on object 'Object Repository/DispensaryToStore/Page_Dispensary Store/input_txttreat'

2018-06-09 16:23:21 - [TEST_STEP][PASSED] - click: Object: 'Object Repository/DispensaryToStore/Page_Dispensary Store/button_Add' is clicked on

2018-06-09 16:23:21 - [MESSAGE][PASSED] - Object: 'Object Repository/DispensaryToStore/Page_Dispensary Store/button_Add' is clicked on

2018-06-09 16:23:21 - [TEST_STEP][PASSED] - selectOptionByIndex: All options with index in [11] are selected on object 'Object Repository/DispensaryToStore/Page_Dispensary Store/select_--Select--Schedule 1Inj'

2018-06-09 16:23:21 - [MESSAGE][PASSED] - All options with index in [11] are selected on object 'Object Repository/DispensaryToStore/Page_Dispensary Store/select_--Select--Schedule 1Inj'

2018-06-09 16:23:21 - [TEST_STEP][PASSED] - delay: Delayed 1 second(s)

2018-06-09 16:23:22 - [MESSAGE][PASSED] - Delayed 1 second(s)

2018-06-09 16:23:22 - [TEST_STEP][PASSED] - selectOptionByIndex: All options with index in [8] are selected on object 'Object Repository/DispensaryToStore/Page_Dispensary Store/select_--Select--Adernaline 0.'

2018-06-09 16:23:22 - [MESSAGE][PASSED] - All options with index in [8] are selected on object 'Object Repository/DispensaryToStore/Page_Dispensary Store/select_--Select--Adernaline 0.'

2018-06-09 16:23:22 - [TEST_STEP][PASSED] - delay: Delayed 1 second(s)

2018-06-09 16:23:23 - [MESSAGE][PASSED] - Delayed 1 second(s)

2018-06-09 16:23:23 - [TEST_STEP][PASSED] - setText: Text '10' is set on object 'Object Repository/DispensaryToStore/Page_Dispensary Store/input_txttreat'

2018-06-09 16:23:23 - [MESSAGE][PASSED] - Text '10' is set on object 'Object Repository/DispensaryToStore/Page_Dispensary Store/input_txttreat'

2018-06-09 16:23:23 - [TEST_STEP][PASSED] - click: Object: 'Object Repository/DispensaryToStore/Page_Dispensary Store/button_Add' is clicked on

2018-06-09 16:23:23 - [MESSAGE][PASSED] - Object: 'Object Repository/DispensaryToStore/Page_Dispensary Store/button_Add' is clicked on

2018-06-09 16:23:23 - [TEST_STEP][PASSED] - selectOptionByIndex: All options with index in [11] are selected on object 'Object Repository/DispensaryToStore/Page_Dispensary Store/select_--Select--Schedule 1Inj'

2018-06-09 16:23:24 - [MESSAGE][PASSED] - All options with index in [11] are selected on object 'Object Repository/DispensaryToStore/Page_Dispensary Store/select_--Select--Schedule 1Inj'

2018-06-09 16:23:24 - [TEST_STEP][PASSED] - delay: Delayed 1 second(s)

2018-06-09 16:23:25 - [MESSAGE][PASSED] - Delayed 1 second(s)

2018-06-09 16:23:25 - [TEST_STEP][PASSED] - selectOptionByIndex: All options with index in [9] are selected on object 'Object Repository/DispensaryToStore/Page_Dispensary Store/select_--Select--Adernaline 0.'

2018-06-09 16:23:25 - [MESSAGE][PASSED] - All options with index in [9] are selected on object 'Object Repository/DispensaryToStore/Page_Dispensary Store/select_--Select--Adernaline 0.'

2018-06-09 16:23:25 - [TEST_STEP][PASSED] - delay: Delayed 1 second(s)

2018-06-09 16:23:26 - [MESSAGE][PASSED] - Delayed 1 second(s)

2018-06-09 16:23:26 - [TEST_STEP][PASSED] - setText: Text '10' is set on object 'Object Repository/DispensaryToStore/Page_Dispensary Store/input_txttreat'

2018-06-09 16:23:26 - [MESSAGE][PASSED] - Text '10' is set on object 'Object Repository/DispensaryToStore/Page_Dispensary Store/input_txttreat'

2018-06-09 16:23:26 - [TEST_STEP][PASSED] - click: Object: 'Object Repository/DispensaryToStore/Page_Dispensary Store/button_Add' is clicked on

2018-06-09 16:23:26 - [MESSAGE][PASSED] - Object: 'Object Repository/DispensaryToStore/Page_Dispensary Store/button_Add' is clicked on

2018-06-09 16:23:26 - [TEST_STEP][PASSED] - selectOptionByIndex: All options with index in [11] are selected on object 'Object Repository/DispensaryToStore/Page_Dispensary Store/select_--Select--Schedule 1Inj'

2018-06-09 16:23:26 - [MESSAGE][PASSED] - All options with index in [11] are selected on object 'Object Repository/DispensaryToStore/Page_Dispensary Store/select_--Select--Schedule 1Inj'

2018-06-09 16:23:26 - [TEST_STEP][PASSED] - delay: Delayed 1 second(s)

2018-06-09 16:23:27 - [MESSAGE][PASSED] - Delayed 1 second(s)

2018-06-09 16:23:27 - [TEST_STEP][PASSED] - selectOptionByIndex: All options with index in [10] are selected on object 'Object Repository/DispensaryToStore/Page_Dispensary Store/select_--Select--Adernaline 0.'

2018-06-09 16:23:27 - [MESSAGE][PASSED] - All options with index in [10] are selected on object 'Object Repository/DispensaryToStore/Page_Dispensary Store/select_--Select--Adernaline 0.'

2018-06-09 16:23:27 - [TEST_STEP][PASSED] - delay: Delayed 1 second(s)

2018-06-09 16:23:28 - [MESSAGE][PASSED] - Delayed 1 second(s)

2018-06-09 16:23:28 - [TEST_STEP][PASSED] - setText: Text '10' is set on object 'Object Repository/DispensaryToStore/Page_Dispensary Store/input_txttreat'

2018-06-09 16:23:29 - [MESSAGE][PASSED] - Text '10' is set on object 'Object Repository/DispensaryToStore/Page_Dispensary Store/input_txttreat'

2018-06-09 16:23:29 - [TEST_STEP][PASSED] - click: Object: 'Object Repository/DispensaryToStore/Page_Dispensary Store/button_Add' is clicked on

2018-06-09 16:23:29 - [MESSAGE][PASSED] - Object: 'Object Repository/DispensaryToStore/Page_Dispensary Store/button_Add' is clicked on

2018-06-09 16:23:29 - [TEST_STEP][PASSED] - selectOptionByIndex: All options with index in [11] are selected on object 'Object Repository/DispensaryToStore/Page_Dispensary Store/select_--Select--Schedule 1Inj'

2018-06-09 16:23:29 - [MESSAGE][PASSED] - All options with index in [11] are selected on object 'Object Repository/DispensaryToStore/Page_Dispensary Store/select_--Select--Schedule 1Inj'

2018-06-09 16:23:29 - [TEST_STEP][PASSED] - delay: Delayed 1 second(s)

2018-06-09 16:23:30 - [MESSAGE][PASSED] - Delayed 1 second(s)

2018-06-09 16:23:30 - [TEST_STEP][PASSED] - selectOptionByIndex: All options with index in [11] are selected on object 'Object Repository/DispensaryToStore/Page_Dispensary Store/select_--Select--Adernaline 0.'

2018-06-09 16:23:30 - [MESSAGE][PASSED] - All options with index in [11] are selected on object 'Object Repository/DispensaryToStore/Page_Dispensary Store/select_--Select--Adernaline 0.'

2018-06-09 16:23:30 - [TEST_STEP][PASSED] - delay: Delayed 1 second(s)

2018-06-09 16:23:31 - [MESSAGE][PASSED] - Delayed 1 second(s)

2018-06-09 16:23:31 - [TEST_STEP][PASSED] - setText: Text '10' is set on object 'Object Repository/DispensaryToStore/Page_Dispensary Store/input_txttreat'

2018-06-09 16:23:31 - [MESSAGE][PASSED] - Text '10' is set on object 'Object Repository/DispensaryToStore/Page_Dispensary Store/input_txttreat'

2018-06-09 16:23:31 - [TEST_STEP][PASSED] - click: Object: 'Object Repository/DispensaryToStore/Page_Dispensary Store/button_Add' is clicked on

2018-06-09 16:23:31 - [MESSAGE][PASSED] - Object: 'Object Repository/DispensaryToStore/Page_Dispensary Store/button_Add' is clicked on

2018-06-09 16:23:31 - [TEST_STEP][PASSED] - selectOptionByIndex: All options with index in [11] are selected on object 'Object Repository/DispensaryToStore/Page_Dispensary Store/select_--Select--Schedule 1Inj'

2018-06-09 16:23:32 - [MESSAGE][PASSED] - All options with index in [11] are selected on object 'Object Repository/DispensaryToStore/Page_Dispensary Store/select_--Select--Schedule 1Inj'

2018-06-09 16:23:32 - [TEST_STEP][PASSED] - delay: Delayed 1 second(s)

2018-06-09 16:23:33 - [MESSAGE][PASSED] - Delayed 1 second(s)

2018-06-09 16:23:33 - [TEST_STEP][PASSED] - selectOptionByIndex: All options with index in [12] are selected on object 'Object Repository/DispensaryToStore/Page_Dispensary Store/select_--Select--Adernaline 0.'

2018-06-09 16:23:33 - [MESSAGE][PASSED] - All options with index in [12] are selected on object 'Object Repository/DispensaryToStore/Page_Dispensary Store/select_--Select--Adernaline 0.'

2018-06-09 16:23:33 - [TEST_STEP][PASSED] - delay: Delayed 1 second(s)

2018-06-09 16:23:34 - [MESSAGE][PASSED] - Delayed 1 second(s)

2018-06-09 16:23:34 - [TEST_STEP][PASSED] - setText: Text '10' is set on object 'Object Repository/DispensaryToStore/Page_Dispensary Store/input_txttreat'

2018-06-09 16:23:34 - [MESSAGE][PASSED] - Text '10' is set on object 'Object Repository/DispensaryToStore/Page_Dispensary Store/input_txttreat'

2018-06-09 16:23:34 - [TEST_STEP][PASSED] - click: Object: 'Object Repository/DispensaryToStore/Page_Dispensary Store/button_Add' is clicked on

2018-06-09 16:23:34 - [MESSAGE][PASSED] - Object: 'Object Repository/DispensaryToStore/Page_Dispensary Store/button_Add' is clicked on

2018-06-09 16:23:34 - [TEST_STEP][PASSED] - selectOptionByIndex: All options with index in [11] are selected on object 'Object Repository/DispensaryToStore/Page_Dispensary Store/select_--Select--Schedule 1Inj'

2018-06-09 16:23:34 - [MESSAGE][PASSED] - All options with index in [11] are selected on object 'Object Repository/DispensaryToStore/Page_Dispensary Store/select_--Select--Schedule 1Inj'

2018-06-09 16:23:34 - [TEST_STEP][PASSED] - delay: Delayed 1 second(s)

2018-06-09 16:23:35 - [MESSAGE][PASSED] - Delayed 1 second(s)

2018-06-09 16:23:35 - [TEST_STEP][PASSED] - selectOptionByIndex: All options with index in [13] are selected on object 'Object Repository/DispensaryToStore/Page_Dispensary Store/select_--Select--Adernaline 0.'

2018-06-09 16:23:36 - [MESSAGE][PASSED] - All options with index in [13] are selected on object 'Object Repository/DispensaryToStore/Page_Dispensary Store/select_--Select--Adernaline 0.'

2018-06-09 16:23:36 - [TEST_STEP][PASSED] - delay: Delayed 1 second(s)

2018-06-09 16:23:37 - [MESSAGE][PASSED] - Delayed 1 second(s)

2018-06-09 16:23:37 - [TEST_STEP][PASSED] - setText: Text '10' is set on object 'Object Repository/DispensaryToStore/Page_Dispensary Store/input_txttreat'

2018-06-09 16:23:37 - [MESSAGE][PASSED] - Text '10' is set on object 'Object Repository/DispensaryToStore/Page_Dispensary Store/input_txttreat'

2018-06-09 16:23:37 - [TEST_STEP][PASSED] - click: Object: 'Object Repository/DispensaryToStore/Page_Dispensary Store/button_Add' is clicked on

2018-06-09 16:23:37 - [MESSAGE][PASSED] - Object: 'Object Repository/DispensaryToStore/Page_Dispensary Store/button_Add' is clicked on

2018-06-09 16:23:37 - [TEST_STEP][PASSED] - selectOptionByIndex: All options with index in [11] are selected on object 'Object Repository/DispensaryToStore/Page_Dispensary Store/select_--Select--Schedule 1Inj'

2018-06-09 16:23:37 - [MESSAGE][PASSED] - All options with index in [11] are selected on object 'Object Repository/DispensaryToStore/Page_Dispensary Store/select_--Select--Schedule 1Inj'

2018-06-09 16:23:37 - [TEST_STEP][PASSED] - delay: Delayed 1 second(s)

2018-06-09 16:23:38 - [MESSAGE][PASSED] - Delayed 1 second(s)

2018-06-09 16:23:38 - [TEST_STEP][PASSED] - selectOptionByIndex: All options with index in [14] are selected on object 'Object Repository/DispensaryToStore/Page_Dispensary Store/select_--Select--Adernaline 0.'

2018-06-09 16:23:38 - [MESSAGE][PASSED] - All options with index in [14] are selected on object 'Object Repository/DispensaryToStore/Page_Dispensary Store/select_--Select--Adernaline 0.'

2018-06-09 16:23:38 - [TEST_STEP][PASSED] - delay: Delayed 1 second(s)

2018-06-09 16:23:39 - [MESSAGE][PASSED] - Delayed 1 second(s)

2018-06-09 16:23:39 - [TEST_STEP][PASSED] - setText: Text '10' is set on object 'Object Repository/DispensaryToStore/Page_Dispensary Store/input_txttreat'

2018-06-09 16:23:39 - [MESSAGE][PASSED] - Text '10' is set on object 'Object Repository/DispensaryToStore/Page_Dispensary Store/input_txttreat'

2018-06-09 16:23:39 - [TEST_STEP][PASSED] - click: Object: 'Object Repository/DispensaryToStore/Page_Dispensary Store/button_Add' is clicked on

2018-06-09 16:23:39 - [MESSAGE][PASSED] - Object: 'Object Repository/DispensaryToStore/Page_Dispensary Store/button_Add' is clicked on

2018-06-09 16:23:39 - [TEST_STEP][PASSED] - selectOptionByIndex: All options with index in [11] are selected on object 'Object Repository/DispensaryToStore/Page_Dispensary Store/select_--Select--Schedule 1Inj'

2018-06-09 16:23:40 - [MESSAGE][PASSED] - All options with index in [11] are selected on object 'Object Repository/DispensaryToStore/Page_Dispensary Store/select_--Select--Schedule 1Inj'

2018-06-09 16:23:40 - [TEST_STEP][PASSED] - delay: Delayed 1 second(s)

2018-06-09 16:23:41 - [MESSAGE][PASSED] - Delayed 1 second(s)

2018-06-09 16:23:41 - [TEST_STEP][PASSED] - selectOptionByIndex: All options with index in [15] are selected on object 'Object Repository/DispensaryToStore/Page_Dispensary Store/select_--Select--Adernaline 0.'

2018-06-09 16:23:41 - [MESSAGE][PASSED] - All options with index in [15] are selected on object 'Object Repository/DispensaryToStore/Page_Dispensary Store/select_--Select--Adernaline 0.'

2018-06-09 16:23:41 - [TEST_STEP][PASSED] - delay: Delayed 1 second(s)

2018-06-09 16:23:42 - [MESSAGE][PASSED] - Delayed 1 second(s)

2018-06-09 16:23:42 - [TEST_STEP][PASSED] - setText: Text '10' is set on object 'Object Repository/DispensaryToStore/Page_Dispensary Store/input_txttreat'

2018-06-09 16:23:42 - [MESSAGE][PASSED] - Text '10' is set on object 'Object Repository/DispensaryToStore/Page_Dispensary Store/input_txttreat'

2018-06-09 16:23:42 - [TEST_STEP][PASSED] - click: Object: 'Object Repository/DispensaryToStore/Page_Dispensary Store/button_Add' is clicked on

2018-06-09 16:23:42 - [MESSAGE][PASSED] - Object: 'Object Repository/DispensaryToStore/Page_Dispensary Store/button_Add' is clicked on

2018-06-09 16:23:42 - [TEST_STEP][PASSED] - selectOptionByIndex: All options with index in [11] are selected on object 'Object Repository/DispensaryToStore/Page_Dispensary Store/select_--Select--Schedule 1Inj'

2018-06-09 16:23:42 - [MESSAGE][PASSED] - All options with index in [11] are selected on object 'Object Repository/DispensaryToStore/Page_Dispensary Store/select_--Select--Schedule 1Inj'

2018-06-09 16:23:42 - [TEST_STEP][PASSED] - delay: Delayed 1 second(s)

2018-06-09 16:23:43 - [MESSAGE][PASSED] - Delayed 1 second(s)

2018-06-09 16:23:43 - [TEST_STEP][PASSED] - selectOptionByIndex: All options with index in [16] are selected on object 'Object Repository/DispensaryToStore/Page_Dispensary Store/select_--Select--Adernaline 0.'

2018-06-09 16:23:44 - [MESSAGE][PASSED] - All options with index in [16] are selected on object 'Object Repository/DispensaryToStore/Page_Dispensary Store/select_--Select--Adernaline 0.'

2018-06-09 16:23:44 - [TEST_STEP][PASSED] - delay: Delayed 1 second(s)

2018-06-09 16:23:45 - [MESSAGE][PASSED] - Delayed 1 second(s)

2018-06-09 16:23:45 - [TEST_STEP][PASSED] - setText: Text '10' is set on object 'Object Repository/DispensaryToStore/Page_Dispensary Store/input_txttreat'

2018-06-09 16:23:45 - [MESSAGE][PASSED] - Text '10' is set on object 'Object Repository/DispensaryToStore/Page_Dispensary Store/input_txttreat'

2018-06-09 16:23:45 - [TEST_STEP][PASSED] - click: Object: 'Object Repository/DispensaryToStore/Page_Dispensary Store/button_Add' is clicked on

2018-06-09 16:23:45 - [MESSAGE][PASSED] - Object: 'Object Repository/DispensaryToStore/Page_Dispensary Store/button_Add' is clicked on

2018-06-09 16:23:45 - [TEST_STEP][PASSED] - selectOptionByIndex: All options with index in [11] are selected on object 'Object Repository/DispensaryToStore/Page_Dispensary Store/select_--Select--Schedule 1Inj'

2018-06-09 16:23:45 - [MESSAGE][PASSED] - All options with index in [11] are selected on object 'Object Repository/DispensaryToStore/Page_Dispensary Store/select_--Select--Schedule 1Inj'

2018-06-09 16:23:45 - [TEST_STEP][PASSED] - delay: Delayed 1 second(s)

2018-06-09 16:23:46 - [MESSAGE][PASSED] - Delayed 1 second(s)

2018-06-09 16:23:46 - [TEST_STEP][PASSED] - selectOptionByIndex: All options with index in [17] are selected on object 'Object Repository/DispensaryToStore/Page_Dispensary Store/select_--Select--Adernaline 0.'

2018-06-09 16:23:46 - [MESSAGE][PASSED] - All options with index in [17] are selected on object 'Object Repository/DispensaryToStore/Page_Dispensary Store/select_--Select--Adernaline 0.'

2018-06-09 16:23:46 - [TEST_STEP][PASSED] - delay: Delayed 1 second(s)

2018-06-09 16:23:47 - [MESSAGE][PASSED] - Delayed 1 second(s)

2018-06-09 16:23:47 - [TEST_STEP][PASSED] - setText: Text '10' is set on object 'Object Repository/DispensaryToStore/Page_Dispensary Store/input_txttreat'

2018-06-09 16:23:48 - [MESSAGE][PASSED] - Text '10' is set on object 'Object Repository/DispensaryToStore/Page_Dispensary Store/input_txttreat'

2018-06-09 16:23:48 - [TEST_STEP][PASSED] - click: Object: 'Object Repository/DispensaryToStore/Page_Dispensary Store/button_Add' is clicked on

2018-06-09 16:23:48 - [MESSAGE][PASSED] - Object: 'Object Repository/DispensaryToStore/Page_Dispensary Store/button_Add' is clicked on

2018-06-09 16:23:48 - [TEST_STEP][PASSED] - selectOptionByIndex: All options with index in [11] are selected on object 'Object Repository/DispensaryToStore/Page_Dispensary Store/select_--Select--Schedule 1Inj'

2018-06-09 16:23:48 - [MESSAGE][PASSED] - All options with index in [11] are selected on object 'Object Repository/DispensaryToStore/Page_Dispensary Store/select_--Select--Schedule 1Inj'

2018-06-09 16:23:48 - [TEST_STEP][PASSED] - delay: Delayed 1 second(s)

2018-06-09 16:23:49 - [MESSAGE][PASSED] - Delayed 1 second(s)

2018-06-09 16:23:49 - [TEST_STEP][PASSED] - selectOptionByIndex: All options with index in [18] are selected on object 'Object Repository/DispensaryToStore/Page_Dispensary Store/select_--Select--Adernaline 0.'

2018-06-09 16:23:49 - [MESSAGE][PASSED] - All options with index in [18] are selected on object 'Object Repository/DispensaryToStore/Page_Dispensary Store/select_--Select--Adernaline 0.'

2018-06-09 16:23:49 - [TEST_STEP][PASSED] - delay: Delayed 1 second(s)

2018-06-09 16:23:50 - [MESSAGE][PASSED] - Delayed 1 second(s)

2018-06-09 16:23:50 - [TEST_STEP][PASSED] - setText: Text '10' is set on object 'Object Repository/DispensaryToStore/Page_Dispensary Store/input_txttreat'

2018-06-09 16:23:50 - [MESSAGE][PASSED] - Text '10' is set on object 'Object Repository/DispensaryToStore/Page_Dispensary Store/input_txttreat'

2018-06-09 16:23:50 - [TEST_STEP][PASSED] - click: Object: 'Object Repository/DispensaryToStore/Page_Dispensary Store/button_Add' is clicked on

2018-06-09 16:23:50 - [MESSAGE][PASSED] - Object: 'Object Repository/DispensaryToStore/Page_Dispensary Store/button_Add' is clicked on

2018-06-09 16:23:50 - [TEST_STEP][PASSED] - selectOptionByIndex: All options with index in [11] are selected on object 'Object Repository/DispensaryToStore/Page_Dispensary Store/select_--Select--Schedule 1Inj'

2018-06-09 16:23:51 - [MESSAGE][PASSED] - All options with index in [11] are selected on object 'Object Repository/DispensaryToStore/Page_Dispensary Store/select_--Select--Schedule 1Inj'

2018-06-09 16:23:51 - [TEST_STEP][PASSED] - delay: Delayed 1 second(s)

2018-06-09 16:23:52 - [MESSAGE][PASSED] - Delayed 1 second(s)

2018-06-09 16:23:52 - [TEST_STEP][PASSED] - selectOptionByIndex: All options with index in [19] are selected on object 'Object Repository/DispensaryToStore/Page_Dispensary Store/select_--Select--Adernaline 0.'

2018-06-09 16:23:52 - [MESSAGE][PASSED] - All options with index in [19] are selected on object 'Object Repository/DispensaryToStore/Page_Dispensary Store/select_--Select--Adernaline 0.'

2018-06-09 16:23:52 - [TEST_STEP][PASSED] - delay: Delayed 1 second(s)

2018-06-09 16:23:53 - [MESSAGE][PASSED] - Delayed 1 second(s)

2018-06-09 16:23:53 - [TEST_STEP][PASSED] - setText: Text '10' is set on object 'Object Repository/DispensaryToStore/Page_Dispensary Store/input_txttreat'

2018-06-09 16:23:53 - [MESSAGE][PASSED] - Text '10' is set on object 'Object Repository/DispensaryToStore/Page_Dispensary Store/input_txttreat'

2018-06-09 16:23:53 - [TEST_STEP][PASSED] - click: Object: 'Object Repository/DispensaryToStore/Page_Dispensary Store/button_Add' is clicked on

2018-06-09 16:23:53 - [MESSAGE][PASSED] - Object: 'Object Repository/DispensaryToStore/Page_Dispensary Store/button_Add' is clicked on

2018-06-09 16:23:53 - [TEST_STEP][PASSED] - selectOptionByIndex: All options with index in [11] are selected on object 'Object Repository/DispensaryToStore/Page_Dispensary Store/select_--Select--Schedule 1Inj'

2018-06-09 16:23:53 - [MESSAGE][PASSED] - All options with index in [11] are selected on object 'Object Repository/DispensaryToStore/Page_Dispensary Store/select_--Select--Schedule 1Inj'

2018-06-09 16:23:53 - [TEST_STEP][PASSED] - delay: Delayed 1 second(s)

2018-06-09 16:23:54 - [MESSAGE][PASSED] - Delayed 1 second(s)

2018-06-09 16:23:54 - [TEST_STEP][PASSED] - selectOptionByIndex: All options with index in [20] are selected on object 'Object Repository/DispensaryToStore/Page_Dispensary Store/select_--Select--Adernaline 0.'

2018-06-09 16:23:55 - [MESSAGE][PASSED] - All options with index in [20] are selected on object 'Object Repository/DispensaryToStore/Page_Dispensary Store/select_--Select--Adernaline 0.'

2018-06-09 16:23:55 - [TEST_STEP][PASSED] - delay: Delayed 1 second(s)

2018-06-09 16:23:56 - [MESSAGE][PASSED] - Delayed 1 second(s)

2018-06-09 16:23:56 - [TEST_STEP][PASSED] - setText: Text '10' is set on object 'Object Repository/DispensaryToStore/Page_Dispensary Store/input_txttreat'

2018-06-09 16:23:56 - [MESSAGE][PASSED] - Text '10' is set on object 'Object Repository/DispensaryToStore/Page_Dispensary Store/input_txttreat'

2018-06-09 16:23:56 - [TEST_STEP][PASSED] - click: Object: 'Object Repository/DispensaryToStore/Page_Dispensary Store/button_Add' is clicked on

2018-06-09 16:23:56 - [MESSAGE][PASSED] - Object: 'Object Repository/DispensaryToStore/Page_Dispensary Store/button_Add' is clicked on

2018-06-09 16:23:56 - [TEST_STEP][PASSED] - selectOptionByIndex: All options with index in [11] are selected on object 'Object Repository/DispensaryToStore/Page_Dispensary Store/select_--Select--Schedule 1Inj'

2018-06-09 16:23:56 - [MESSAGE][PASSED] - All options with index in [11] are selected on object 'Object Repository/DispensaryToStore/Page_Dispensary Store/select_--Select--Schedule 1Inj'

2018-06-09 16:23:56 - [TEST_STEP][PASSED] - delay: Delayed 1 second(s)

2018-06-09 16:23:57 - [MESSAGE][PASSED] - Delayed 1 second(s)

2018-06-09 16:23:57 - [TEST_STEP][PASSED] - selectOptionByIndex: All options with index in [21] are selected on object 'Object Repository/DispensaryToStore/Page_Dispensary Store/select_--Select--Adernaline 0.'

2018-06-09 16:23:58 - [MESSAGE][PASSED] - All options with index in [21] are selected on object 'Object Repository/DispensaryToStore/Page_Dispensary Store/select_--Select--Adernaline 0.'

2018-06-09 16:23:58 - [TEST_STEP][PASSED] - delay: Delayed 1 second(s)

2018-06-09 16:23:59 - [MESSAGE][PASSED] - Delayed 1 second(s)

2018-06-09 16:23:59 - [TEST_STEP][PASSED] - setText: Text '10' is set on object 'Object Repository/DispensaryToStore/Page_Dispensary Store/input_txttreat'

2018-06-09 16:23:59 - [MESSAGE][PASSED] - Text '10' is set on object 'Object Repository/DispensaryToStore/Page_Dispensary Store/input_txttreat'

2018-06-09 16:23:59 - [TEST_STEP][PASSED] - click: Object: 'Object Repository/DispensaryToStore/Page_Dispensary Store/button_Add' is clicked on

2018-06-09 16:23:59 - [MESSAGE][PASSED] - Object: 'Object Repository/DispensaryToStore/Page_Dispensary Store/button_Add' is clicked on

2018-06-09 16:23:59 - [TEST_STEP][PASSED] - selectOptionByIndex: All options with index in [11] are selected on object 'Object Repository/DispensaryToStore/Page_Dispensary Store/select_--Select--Schedule 1Inj'

2018-06-09 16:23:59 - [MESSAGE][PASSED] - All options with index in [11] are selected on object 'Object Repository/DispensaryToStore/Page_Dispensary Store/select_--Select--Schedule 1Inj'

2018-06-09 16:23:59 - [TEST_STEP][PASSED] - delay: Delayed 1 second(s)

2018-06-09 16:24:00 - [MESSAGE][PASSED] - Delayed 1 second(s)

2018-06-09 16:24:00 - [TEST_STEP][PASSED] - selectOptionByIndex: All options with index in [22] are selected on object 'Object Repository/DispensaryToStore/Page_Dispensary Store/select_--Select--Adernaline 0.'

2018-06-09 16:24:00 - [MESSAGE][PASSED] - All options with index in [22] are selected on object 'Object Repository/DispensaryToStore/Page_Dispensary Store/select_--Select--Adernaline 0.'

2018-06-09 16:24:00 - [TEST_STEP][PASSED] - delay: Delayed 1 second(s)

2018-06-09 16:24:01 - [MESSAGE][PASSED] - Delayed 1 second(s)

2018-06-09 16:24:01 - [TEST_STEP][PASSED] - setText: Text '10' is set on object 'Object Repository/DispensaryToStore/Page_Dispensary Store/input_txttreat'

2018-06-09 16:24:02 - [MESSAGE][PASSED] - Text '10' is set on object 'Object Repository/DispensaryToStore/Page_Dispensary Store/input_txttreat'

2018-06-09 16:24:02 - [TEST_STEP][PASSED] - click: Object: 'Object Repository/DispensaryToStore/Page_Dispensary Store/button_Add' is clicked on

2018-06-09 16:24:02 - [MESSAGE][PASSED] - Object: 'Object Repository/DispensaryToStore/Page_Dispensary Store/button_Add' is clicked on

2018-06-09 16:24:02 - [TEST_STEP][PASSED] - selectOptionByIndex: All options with index in [11] are selected on object 'Object Repository/DispensaryToStore/Page_Dispensary Store/select_--Select--Schedule 1Inj'

2018-06-09 16:24:02 - [MESSAGE][PASSED] - All options with index in [11] are selected on object 'Object Repository/DispensaryToStore/Page_Dispensary Store/select_--Select--Schedule 1Inj'

2018-06-09 16:24:02 - [TEST_STEP][PASSED] - delay: Delayed 1 second(s)

2018-06-09 16:24:03 - [MESSAGE][PASSED] - Delayed 1 second(s)

2018-06-09 16:24:03 - [TEST_STEP][PASSED] - selectOptionByIndex: All options with index in [23] are selected on object 'Object Repository/DispensaryToStore/Page_Dispensary Store/select_--Select--Adernaline 0.'

2018-06-09 16:24:03 - [MESSAGE][PASSED] - All options with index in [23] are selected on object 'Object Repository/DispensaryToStore/Page_Dispensary Store/select_--Select--Adernaline 0.'

2018-06-09 16:24:03 - [TEST_STEP][PASSED] - delay: Delayed 1 second(s)

2018-06-09 16:24:04 - [MESSAGE][PASSED] - Delayed 1 second(s)

2018-06-09 16:24:04 - [TEST_STEP][PASSED] - setText: Text '10' is set on object 'Object Repository/DispensaryToStore/Page_Dispensary Store/input_txttreat'

2018-06-09 16:24:04 - [MESSAGE][PASSED] - Text '10' is set on object 'Object Repository/DispensaryToStore/Page_Dispensary Store/input_txttreat'

2018-06-09 16:24:04 - [TEST_STEP][PASSED] - click: Object: 'Object Repository/DispensaryToStore/Page_Dispensary Store/button_Add' is clicked on

2018-06-09 16:24:04 - [MESSAGE][PASSED] - Object: 'Object Repository/DispensaryToStore/Page_Dispensary Store/button_Add' is clicked on

2018-06-09 16:24:04 - [TEST_STEP][PASSED] - selectOptionByIndex: All options with index in [11] are selected on object 'Object Repository/DispensaryToStore/Page_Dispensary Store/select_--Select--Schedule 1Inj'

2018-06-09 16:24:05 - [MESSAGE][PASSED] - All options with index in [11] are selected on object 'Object Repository/DispensaryToStore/Page_Dispensary Store/select_--Select--Schedule 1Inj'

2018-06-09 16:24:05 - [TEST_STEP][PASSED] - delay: Delayed 1 second(s)

2018-06-09 16:24:06 - [MESSAGE][PASSED] - Delayed 1 second(s)

2018-06-09 16:24:06 - [TEST_STEP][PASSED] - selectOptionByIndex: All options with index in [24] are selected on object 'Object Repository/DispensaryToStore/Page_Dispensary Store/select_--Select--Adernaline 0.'

2018-06-09 16:24:06 - [MESSAGE][PASSED] - All options with index in [24] are selected on object 'Object Repository/DispensaryToStore/Page_Dispensary Store/select_--Select--Adernaline 0.'

2018-06-09 16:24:06 - [TEST_STEP][PASSED] - delay: Delayed 1 second(s)

2018-06-09 16:24:07 - [MESSAGE][PASSED] - Delayed 1 second(s)

2018-06-09 16:24:07 - [TEST_STEP][PASSED] - setText: Text '10' is set on object 'Object Repository/DispensaryToStore/Page_Dispensary Store/input_txttreat'

2018-06-09 16:24:07 - [MESSAGE][PASSED] - Text '10' is set on object 'Object Repository/DispensaryToStore/Page_Dispensary Store/input_txttreat'

2018-06-09 16:24:07 - [TEST_STEP][PASSED] - click: Object: 'Object Repository/DispensaryToStore/Page_Dispensary Store/button_Add' is clicked on

2018-06-09 16:24:07 - [MESSAGE][PASSED] - Object: 'Object Repository/DispensaryToStore/Page_Dispensary Store/button_Add' is clicked on

2018-06-09 16:24:07 - [TEST_STEP][PASSED] - selectOptionByIndex: All options with index in [11] are selected on object 'Object Repository/DispensaryToStore/Page_Dispensary Store/select_--Select--Schedule 1Inj'

2018-06-09 16:24:08 - [MESSAGE][PASSED] - All options with index in [11] are selected on object 'Object Repository/DispensaryToStore/Page_Dispensary Store/select_--Select--Schedule 1Inj'

2018-06-09 16:24:08 - [TEST_STEP][PASSED] - delay: Delayed 1 second(s)

2018-06-09 16:24:09 - [MESSAGE][PASSED] - Delayed 1 second(s)

2018-06-09 16:24:09 - [TEST_STEP][PASSED] - selectOptionByIndex: All options with index in [25] are selected on object 'Object Repository/DispensaryToStore/Page_Dispensary Store/select_--Select--Adernaline 0.'

2018-06-09 16:24:09 - [MESSAGE][PASSED] - All options with index in [25] are selected on object 'Object Repository/DispensaryToStore/Page_Dispensary Store/select_--Select--Adernaline 0.'

2018-06-09 16:24:09 - [TEST_STEP][PASSED] - delay: Delayed 1 second(s)

2018-06-09 16:24:10 - [MESSAGE][PASSED] - Delayed 1 second(s)

2018-06-09 16:24:10 - [TEST_STEP][PASSED] - setText: Text '10' is set on object 'Object Repository/DispensaryToStore/Page_Dispensary Store/input_txttreat'

2018-06-09 16:24:10 - [MESSAGE][PASSED] - Text '10' is set on object 'Object Repository/DispensaryToStore/Page_Dispensary Store/input_txttreat'

2018-06-09 16:24:10 - [TEST_STEP][PASSED] - click: Object: 'Object Repository/DispensaryToStore/Page_Dispensary Store/button_Add' is clicked on

2018-06-09 16:24:10 - [MESSAGE][PASSED] - Object: 'Object Repository/DispensaryToStore/Page_Dispensary Store/button_Add' is clicked on

2018-06-09 16:24:10 - [TEST_STEP][PASSED] - selectOptionByIndex: All options with index in [11] are selected on object 'Object Repository/DispensaryToStore/Page_Dispensary Store/select_--Select--Schedule 1Inj'

2018-06-09 16:24:10 - [MESSAGE][PASSED] - All options with index in [11] are selected on object 'Object Repository/DispensaryToStore/Page_Dispensary Store/select_--Select--Schedule 1Inj'

2018-06-09 16:24:10 - [TEST_STEP][PASSED] - delay: Delayed 1 second(s)

2018-06-09 16:24:11 - [MESSAGE][PASSED] - Delayed 1 second(s)

2018-06-09 16:24:11 - [TEST_STEP][PASSED] - selectOptionByIndex: All options with index in [26] are selected on object 'Object Repository/DispensaryToStore/Page_Dispensary Store/select_--Select--Adernaline 0.'

2018-06-09 16:24:12 - [MESSAGE][PASSED] - All options with index in [26] are selected on object 'Object Repository/DispensaryToStore/Page_Dispensary Store/select_--Select--Adernaline 0.'

2018-06-09 16:24:12 - [TEST_STEP][PASSED] - delay: Delayed 1 second(s)

2018-06-09 16:24:13 - [MESSAGE][PASSED] - Delayed 1 second(s)

2018-06-09 16:24:13 - [TEST_STEP][PASSED] - setText: Text '10' is set on object 'Object Repository/DispensaryToStore/Page_Dispensary Store/input_txttreat'

2018-06-09 16:24:13 - [MESSAGE][PASSED] - Text '10' is set on object 'Object Repository/DispensaryToStore/Page_Dispensary Store/input_txttreat'

2018-06-09 16:24:13 - [TEST_STEP][PASSED] - click: Object: 'Object Repository/DispensaryToStore/Page_Dispensary Store/button_Add' is clicked on

2018-06-09 16:24:13 - [MESSAGE][PASSED] - Object: 'Object Repository/DispensaryToStore/Page_Dispensary Store/button_Add' is clicked on

2018-06-09 16:24:13 - [TEST_STEP][PASSED] - selectOptionByIndex: All options with index in [11] are selected on object 'Object Repository/DispensaryToStore/Page_Dispensary Store/select_--Select--Schedule 1Inj'

2018-06-09 16:24:13 - [MESSAGE][PASSED] - All options with index in [11] are selected on object 'Object Repository/DispensaryToStore/Page_Dispensary Store/select_--Select--Schedule 1Inj'

2018-06-09 16:24:13 - [TEST_STEP][PASSED] - delay: Delayed 1 second(s)

2018-06-09 16:24:14 - [MESSAGE][PASSED] - Delayed 1 second(s)

2018-06-09 16:24:14 - [TEST_STEP][PASSED] - selectOptionByIndex: All options with index in [27] are selected on object 'Object Repository/DispensaryToStore/Page_Dispensary Store/select_--Select--Adernaline 0.'

2018-06-09 16:24:15 - [MESSAGE][PASSED] - All options with index in [27] are selected on object 'Object Repository/DispensaryToStore/Page_Dispensary Store/select_--Select--Adernaline 0.'

2018-06-09 16:24:15 - [TEST_STEP][PASSED] - delay: Delayed 1 second(s)

2018-06-09 16:24:16 - [MESSAGE][PASSED] - Delayed 1 second(s)

2018-06-09 16:24:16 - [TEST_STEP][PASSED] - setText: Text '10' is set on object 'Object Repository/DispensaryToStore/Page_Dispensary Store/input_txttreat'

2018-06-09 16:24:16 - [MESSAGE][PASSED] - Text '10' is set on object 'Object Repository/DispensaryToStore/Page_Dispensary Store/input_txttreat'

2018-06-09 16:24:16 - [TEST_STEP][PASSED] - click: Object: 'Object Repository/DispensaryToStore/Page_Dispensary Store/button_Add' is clicked on

2018-06-09 16:24:16 - [MESSAGE][PASSED] - Object: 'Object Repository/DispensaryToStore/Page_Dispensary Store/button_Add' is clicked on

2018-06-09 16:24:16 - [TEST_STEP][PASSED] - selectOptionByIndex: All options with index in [11] are selected on object 'Object Repository/DispensaryToStore/Page_Dispensary Store/select_--Select--Schedule 1Inj'

2018-06-09 16:24:16 - [MESSAGE][PASSED] - All options with index in [11] are selected on object 'Object Repository/DispensaryToStore/Page_Dispensary Store/select_--Select--Schedule 1Inj'

2018-06-09 16:24:16 - [TEST_STEP][PASSED] - delay: Delayed 1 second(s)

2018-06-09 16:24:17 - [MESSAGE][PASSED] - Delayed 1 second(s)

2018-06-09 16:24:17 - [TEST_STEP][PASSED] - selectOptionByIndex: All options with index in [28] are selected on object 'Object Repository/DispensaryToStore/Page_Dispensary Store/select_--Select--Adernaline 0.'

2018-06-09 16:24:18 - [MESSAGE][PASSED] - All options with index in [28] are selected on object 'Object Repository/DispensaryToStore/Page_Dispensary Store/select_--Select--Adernaline 0.'

2018-06-09 16:24:18 - [TEST_STEP][PASSED] - delay: Delayed 1 second(s)

2018-06-09 16:24:19 - [MESSAGE][PASSED] - Delayed 1 second(s)

2018-06-09 16:24:19 - [TEST_STEP][PASSED] - setText: Text '10' is set on object 'Object Repository/DispensaryToStore/Page_Dispensary Store/input_txttreat'

2018-06-09 16:24:19 - [MESSAGE][PASSED] - Text '10' is set on object 'Object Repository/DispensaryToStore/Page_Dispensary Store/input_txttreat'

2018-06-09 16:24:19 - [TEST_STEP][PASSED] - click: Object: 'Object Repository/DispensaryToStore/Page_Dispensary Store/button_Add' is clicked on

2018-06-09 16:24:19 - [MESSAGE][PASSED] - Object: 'Object Repository/DispensaryToStore/Page_Dispensary Store/button_Add' is clicked on

2018-06-09 16:24:19 - [TEST_STEP][PASSED] - selectOptionByIndex: All options with index in [11] are selected on object 'Object Repository/DispensaryToStore/Page_Dispensary Store/select_--Select--Schedule 1Inj'

2018-06-09 16:24:19 - [MESSAGE][PASSED] - All options with index in [11] are selected on object 'Object Repository/DispensaryToStore/Page_Dispensary Store/select_--Select--Schedule 1Inj'

2018-06-09 16:24:19 - [TEST_STEP][PASSED] - delay: Delayed 1 second(s)

2018-06-09 16:24:20 - [MESSAGE][PASSED] - Delayed 1 second(s)

2018-06-09 16:24:20 - [TEST_STEP][PASSED] - selectOptionByIndex: All options with index in [29] are selected on object 'Object Repository/DispensaryToStore/Page_Dispensary Store/select_--Select--Adernaline 0.'

2018-06-09 16:24:20 - [MESSAGE][PASSED] - All options with index in [29] are selected on object 'Object Repository/DispensaryToStore/Page_Dispensary Store/select_--Select--Adernaline 0.'

2018-06-09 16:24:20 - [TEST_STEP][PASSED] - delay: Delayed 1 second(s)

2018-06-09 16:24:21 - [MESSAGE][PASSED] - Delayed 1 second(s)

2018-06-09 16:24:21 - [TEST_STEP][PASSED] - setText: Text '10' is set on object 'Object Repository/DispensaryToStore/Page_Dispensary Store/input_txttreat'

2018-06-09 16:24:22 - [MESSAGE][PASSED] - Text '10' is set on object 'Object Repository/DispensaryToStore/Page_Dispensary Store/input_txttreat'

2018-06-09 16:24:22 - [TEST_STEP][PASSED] - click: Object: 'Object Repository/DispensaryToStore/Page_Dispensary Store/button_Add' is clicked on

2018-06-09 16:24:22 - [MESSAGE][PASSED] - Object: 'Object Repository/DispensaryToStore/Page_Dispensary Store/button_Add' is clicked on

2018-06-09 16:24:22 - [TEST_STEP][PASSED] - selectOptionByIndex: All options with index in [11] are selected on object 'Object Repository/DispensaryToStore/Page_Dispensary Store/select_--Select--Schedule 1Inj'

2018-06-09 16:24:22 - [MESSAGE][PASSED] - All options with index in [11] are selected on object 'Object Repository/DispensaryToStore/Page_Dispensary Store/select_--Select--Schedule 1Inj'

2018-06-09 16:24:22 - [TEST_STEP][PASSED] - delay: Delayed 1 second(s)

2018-06-09 16:24:23 - [MESSAGE][PASSED] - Delayed 1 second(s)

2018-06-09 16:24:23 - [TEST_STEP][PASSED] - selectOptionByIndex: All options with index in [30] are selected on object 'Object Repository/DispensaryToStore/Page_Dispensary Store/select_--Select--Adernaline 0.'

2018-06-09 16:24:23 - [MESSAGE][PASSED] - All options with index in [30] are selected on object 'Object Repository/DispensaryToStore/Page_Dispensary Store/select_--Select--Adernaline 0.'

2018-06-09 16:24:23 - [TEST_STEP][PASSED] - delay: Delayed 1 second(s)

2018-06-09 16:24:24 - [MESSAGE][PASSED] - Delayed 1 second(s)

2018-06-09 16:24:24 - [TEST_STEP][PASSED] - setText: Text '10' is set on object 'Object Repository/DispensaryToStore/Page_Dispensary Store/input_txttreat'

2018-06-09 16:24:24 - [MESSAGE][PASSED] - Text '10' is set on object 'Object Repository/DispensaryToStore/Page_Dispensary Store/input_txttreat'

2018-06-09 16:24:24 - [TEST_STEP][PASSED] - click: Object: 'Object Repository/DispensaryToStore/Page_Dispensary Store/button_Add' is clicked on

2018-06-09 16:24:24 - [MESSAGE][PASSED] - Object: 'Object Repository/DispensaryToStore/Page_Dispensary Store/button_Add' is clicked on

2018-06-09 16:24:24 - [TEST_STEP][PASSED] - selectOptionByIndex: All options with index in [11] are selected on object 'Object Repository/DispensaryToStore/Page_Dispensary Store/select_--Select--Schedule 1Inj'

2018-06-09 16:24:25 - [MESSAGE][PASSED] - All options with index in [11] are selected on object 'Object Repository/DispensaryToStore/Page_Dispensary Store/select_--Select--Schedule 1Inj'

2018-06-09 16:24:25 - [TEST_STEP][PASSED] - delay: Delayed 1 second(s)

2018-06-09 16:24:26 - [MESSAGE][PASSED] - Delayed 1 second(s)

2018-06-09 16:24:26 - [TEST_STEP][PASSED] - selectOptionByIndex: All options with index in [31] are selected on object 'Object Repository/DispensaryToStore/Page_Dispensary Store/select_--Select--Adernaline 0.'

2018-06-09 16:24:26 - [MESSAGE][PASSED] - All options with index in [31] are selected on object 'Object Repository/DispensaryToStore/Page_Dispensary Store/select_--Select--Adernaline 0.'

2018-06-09 16:24:26 - [TEST_STEP][PASSED] - delay: Delayed 1 second(s)

2018-06-09 16:24:27 - [MESSAGE][PASSED] - Delayed 1 second(s)

2018-06-09 16:24:27 - [TEST_STEP][PASSED] - setText: Text '10' is set on object 'Object Repository/DispensaryToStore/Page_Dispensary Store/input_txttreat'

2018-06-09 16:24:27 - [MESSAGE][PASSED] - Text '10' is set on object 'Object Repository/DispensaryToStore/Page_Dispensary Store/input_txttreat'

2018-06-09 16:24:27 - [TEST_STEP][PASSED] - click: Object: 'Object Repository/DispensaryToStore/Page_Dispensary Store/button_Add' is clicked on

2018-06-09 16:24:27 - [MESSAGE][PASSED] - Object: 'Object Repository/DispensaryToStore/Page_Dispensary Store/button_Add' is clicked on

2018-06-09 16:24:27 - [TEST_STEP][PASSED] - selectOptionByIndex: All options with index in [11] are selected on object 'Object Repository/DispensaryToStore/Page_Dispensary Store/select_--Select--Schedule 1Inj'

2018-06-09 16:24:28 - [MESSAGE][PASSED] - All options with index in [11] are selected on object 'Object Repository/DispensaryToStore/Page_Dispensary Store/select_--Select--Schedule 1Inj'

2018-06-09 16:24:28 - [TEST_STEP][PASSED] - delay: Delayed 1 second(s)

2018-06-09 16:24:29 - [MESSAGE][PASSED] - Delayed 1 second(s)

2018-06-09 16:24:29 - [TEST_STEP][PASSED] - selectOptionByIndex: All options with index in [32] are selected on object 'Object Repository/DispensaryToStore/Page_Dispensary Store/select_--Select--Adernaline 0.'

2018-06-09 16:24:29 - [MESSAGE][PASSED] - All options with index in [32] are selected on object 'Object Repository/DispensaryToStore/Page_Dispensary Store/select_--Select--Adernaline 0.'

2018-06-09 16:24:29 - [TEST_STEP][PASSED] - delay: Delayed 1 second(s)

2018-06-09 16:24:30 - [MESSAGE][PASSED] - Delayed 1 second(s)

2018-06-09 16:24:30 - [TEST_STEP][PASSED] - setText: Text '10' is set on object 'Object Repository/DispensaryToStore/Page_Dispensary Store/input_txttreat'

2018-06-09 16:24:30 - [MESSAGE][PASSED] - Text '10' is set on object 'Object Repository/DispensaryToStore/Page_Dispensary Store/input_txttreat'

2018-06-09 16:24:30 - [TEST_STEP][PASSED] - click: Object: 'Object Repository/DispensaryToStore/Page_Dispensary Store/button_Add' is clicked on

2018-06-09 16:24:30 - [MESSAGE][PASSED] - Object: 'Object Repository/DispensaryToStore/Page_Dispensary Store/button_Add' is clicked on

2018-06-09 16:24:30 - [TEST_STEP][PASSED] - selectOptionByIndex: All options with index in [11] are selected on object 'Object Repository/DispensaryToStore/Page_Dispensary Store/select_--Select--Schedule 1Inj'

2018-06-09 16:24:31 - [MESSAGE][PASSED] - All options with index in [11] are selected on object 'Object Repository/DispensaryToStore/Page_Dispensary Store/select_--Select--Schedule 1Inj'

2018-06-09 16:24:31 - [TEST_STEP][PASSED] - delay: Delayed 1 second(s)

2018-06-09 16:24:32 - [MESSAGE][PASSED] - Delayed 1 second(s)

2018-06-09 16:24:32 - [TEST_STEP][PASSED] - selectOptionByIndex: All options with index in [33] are selected on object 'Object Repository/DispensaryToStore/Page_Dispensary Store/select_--Select--Adernaline 0.'

2018-06-09 16:24:32 - [MESSAGE][PASSED] - All options with index in [33] are selected on object 'Object Repository/DispensaryToStore/Page_Dispensary Store/select_--Select--Adernaline 0.'

2018-06-09 16:24:32 - [TEST_STEP][PASSED] - delay: Delayed 1 second(s)

2018-06-09 16:24:33 - [MESSAGE][PASSED] - Delayed 1 second(s)

2018-06-09 16:24:33 - [TEST_STEP][PASSED] - setText: Text '10' is set on object 'Object Repository/DispensaryToStore/Page_Dispensary Store/input_txttreat'

2018-06-09 16:24:33 - [MESSAGE][PASSED] - Text '10' is set on object 'Object Repository/DispensaryToStore/Page_Dispensary Store/input_txttreat'

2018-06-09 16:24:33 - [TEST_STEP][PASSED] - click: Object: 'Object Repository/DispensaryToStore/Page_Dispensary Store/button_Add' is clicked on

2018-06-09 16:24:33 - [MESSAGE][PASSED] - Object: 'Object Repository/DispensaryToStore/Page_Dispensary Store/button_Add' is clicked on

2018-06-09 16:24:33 - [TEST_STEP][PASSED] - selectOptionByIndex: All options with index in [11] are selected on object 'Object Repository/DispensaryToStore/Page_Dispensary Store/select_--Select--Schedule 1Inj'

2018-06-09 16:24:34 - [MESSAGE][PASSED] - All options with index in [11] are selected on object 'Object Repository/DispensaryToStore/Page_Dispensary Store/select_--Select--Schedule 1Inj'

2018-06-09 16:24:34 - [TEST_STEP][PASSED] - delay: Delayed 1 second(s)

2018-06-09 16:24:35 - [MESSAGE][PASSED] - Delayed 1 second(s)

2018-06-09 16:24:35 - [TEST_STEP][PASSED] - selectOptionByIndex: All options with index in [34] are selected on object 'Object Repository/DispensaryToStore/Page_Dispensary Store/select_--Select--Adernaline 0.'

2018-06-09 16:24:35 - [MESSAGE][PASSED] - All options with index in [34] are selected on object 'Object Repository/DispensaryToStore/Page_Dispensary Store/select_--Select--Adernaline 0.'

2018-06-09 16:24:35 - [TEST_STEP][PASSED] - delay: Delayed 1 second(s)

2018-06-09 16:24:36 - [MESSAGE][PASSED] - Delayed 1 second(s)

2018-06-09 16:24:36 - [TEST_STEP][PASSED] - setText: Text '10' is set on object 'Object Repository/DispensaryToStore/Page_Dispensary Store/input_txttreat'

2018-06-09 16:24:36 - [MESSAGE][PASSED] - Text '10' is set on object 'Object Repository/DispensaryToStore/Page_Dispensary Store/input_txttreat'

2018-06-09 16:24:36 - [TEST_STEP][PASSED] - click: Object: 'Object Repository/DispensaryToStore/Page_Dispensary Store/button_Add' is clicked on

2018-06-09 16:24:36 - [MESSAGE][PASSED] - Object: 'Object Repository/DispensaryToStore/Page_Dispensary Store/button_Add' is clicked on

2018-06-09 16:24:36 - [TEST_STEP][FAILED] - selectOptionByIndex: Unable to select option by index '11' of object 'Object Repository/DispensaryToStore/Page_Dispensary Store/select_--Select--Schedule 1Inj' (Root cause: org.openqa.selenium.StaleElementReferenceException: stale element reference: element is not attached to the page document
  (Session info: chrome=66.0.3359.181)
  (Driver info: chromedriver=2.35.528161 (5b82f2d2aae0ca24b877009200ced9065a772e73),platform=Windows NT 10.0.17134 x86_64) (WARNING: The server did not provide any stacktrace information)
Command duration or timeout: 0 milliseconds
For documentation on this error, please visit: http://seleniumhq.org/exceptions/stale_element_reference.html
Build info: version: '3.7.1', revision: '8a0099a', time: '2017-11-06T21:07:36.161Z'
System info: host: 'DESKTOP-BLFTK83', ip: '169.254.189.85', os.name: 'Windows 10', os.arch: 'amd64', os.version: '10.0', java.version: '1.8.0_102'
Driver info: com.kms.katalon.selenium.driver.CChromeDriver
Capabilities {acceptInsecureCerts: false, acceptSslCerts: false, applicationCacheEnabled: false, browserConnectionEnabled: false, browserName: chrome, chrome: {chromedriverVersion: 2.35.528161 (5b82f2d2aae0ca..., userDataDir: C:\Users\QUALIT~1\AppData\L...}, cssSelectorsEnabled: true, databaseEnabled: false, handlesAlerts: true, hasTouchScreen: false, javascriptEnabled: true, locationContextEnabled: true, mobileEmulationEnabled: false, nativeEvents: true, networkConnectionEnabled: false, pageLoadStrategy: normal, platform: XP, platformName: XP, rotatable: false, setWindowRect: true, takesHeapSnapshot: true, takesScreenshot: true, unexpectedAlertBehaviour: , unhandledPromptBehavior: , version: 66.0.3359.181, webStorageEnabled: true}
Session ID: 5a78425df3f782df8e434b826f51b828)

2018-06-09 16:24:37 - [MESSAGE][FAILED] - Unable to select option by index '11' of object 'Object Repository/DispensaryToStore/Page_Dispensary Store/select_--Select--Schedule 1Inj' (Root cause: org.openqa.selenium.StaleElementReferenceException: stale element reference: element is not attached to the page document
  (Session info: chrome=66.0.3359.181)
  (Driver info: chromedriver=2.35.528161 (5b82f2d2aae0ca24b877009200ced9065a772e73),platform=Windows NT 10.0.17134 x86_64) (WARNING: The server did not provide any stacktrace information)
Command duration or timeout: 0 milliseconds
For documentation on this error, please visit: http://seleniumhq.org/exceptions/stale_element_reference.html
Build info: version: '3.7.1', revision: '8a0099a', time: '2017-11-06T21:07:36.161Z'
System info: host: 'DESKTOP-BLFTK83', ip: '169.254.189.85', os.name: 'Windows 10', os.arch: 'amd64', os.version: '10.0', java.version: '1.8.0_102'
Driver info: com.kms.katalon.selenium.driver.CChromeDriver
Capabilities {acceptInsecureCerts: false, acceptSslCerts: false, applicationCacheEnabled: false, browserConnectionEnabled: false, browserName: chrome, chrome: {chromedriverVersion: 2.35.528161 (5b82f2d2aae0ca..., userDataDir: C:\Users\QUALIT~1\AppData\L...}, cssSelectorsEnabled: true, databaseEnabled: false, handlesAlerts: true, hasTouchScreen: false, javascriptEnabled: true, locationContextEnabled: true, mobileEmulationEnabled: false, nativeEvents: true, networkConnectionEnabled: false, pageLoadStrategy: normal, platform: XP, platformName: XP, rotatable: false, setWindowRect: true, takesHeapSnapshot: true, takesScreenshot: true, unexpectedAlertBehaviour: , unhandledPromptBehavior: , version: 66.0.3359.181, webStorageEnabled: true}
Session ID: 5a78425df3f782df8e434b826f51b828)
[[ATTACHMENT|C:\\Users\\Quality Analyst\\Katalon Studio\\ds\\Reports\\Dispensary_Store_Suite\\20180609_155125\\1528541676834.png]]]]></system-out>
         <system-err><![CDATA[2018-06-09 16:22:48 - [TEST_CASE][FAILED] - Test Cases/DISPENSARY TEST CASES/TC_DP_011 Verify Schedule 11 Dispensary Request Are Working Successfully Or Not: Test Cases/DISPENSARY TEST CASES/TC_DP_011 Verify Schedule 11 Dispensary Request Are Working Successfully Or Not FAILED because (of) Unable to select option by index '11' of object 'Object Repository/DispensaryToStore/Page_Dispensary Store/select_--Select--Schedule 1Inj' (Root cause: org.openqa.selenium.StaleElementReferenceException: stale element reference: element is not attached to the page document
  (Session info: chrome=66.0.3359.181)
  (Driver info: chromedriver=2.35.528161 (5b82f2d2aae0ca24b877009200ced9065a772e73),platform=Windows NT 10.0.17134 x86_64) (WARNING: The server did not provide any stacktrace information)
Command duration or timeout: 0 milliseconds
For documentation on this error, please visit: http://seleniumhq.org/exceptions/stale_element_reference.html
Build info: version: '3.7.1', revision: '8a0099a', time: '2017-11-06T21:07:36.161Z'
System info: host: 'DESKTOP-BLFTK83', ip: '169.254.189.85', os.name: 'Windows 10', os.arch: 'amd64', os.version: '10.0', java.version: '1.8.0_102'
Driver info: com.kms.katalon.selenium.driver.CChromeDriver
Capabilities {acceptInsecureCerts: false, acceptSslCerts: false, applicationCacheEnabled: false, browserConnectionEnabled: false, browserName: chrome, chrome: {chromedriverVersion: 2.35.528161 (5b82f2d2aae0ca..., userDataDir: C:\Users\QUALIT~1\AppData\L...}, cssSelectorsEnabled: true, databaseEnabled: false, handlesAlerts: true, hasTouchScreen: false, javascriptEnabled: true, locationContextEnabled: true, mobileEmulationEnabled: false, nativeEvents: true, networkConnectionEnabled: false, pageLoadStrategy: normal, platform: XP, platformName: XP, rotatable: false, setWindowRect: true, takesHeapSnapshot: true, takesScreenshot: true, unexpectedAlertBehaviour: , unhandledPromptBehavior: , version: 66.0.3359.181, webStorageEnabled: true}
Session ID: 5a78425df3f782df8e434b826f51b828)]]></system-err>
      </testcase>
      <testcase name="Test Cases/DISPENSARY TEST CASES/TC_DP_012 Verify Schedule 12 Dispensary Request Are Working Successfully Or Not" classname="Test Cases/DISPENSARY TEST CASES/TC_DP_012 Verify Schedule 12 Dispensary Request Are Working Successfully Or Not" status="PASSED">
         <system-out><![CDATA[2018-06-09 16:24:37 - [TEST_CASE][PASSED] - Test Cases/DISPENSARY TEST CASES/TC_DP_012 Verify Schedule 12 Dispensary Request Are Working Successfully Or Not: Test Cases/DISPENSARY TEST CASES/TC_DP_012 Verify Schedule 12 Dispensary Request Are Working Successfully Or Not

2018-06-09 16:24:37 - [TEST_STEP][PASSED] - openBrowser: Browser is opened with url: ''

2018-06-09 16:24:37 - [MESSAGE][WARNING] - A browser is already opened. Closing browser and opening a new one

2018-06-09 16:24:40 - [MESSAGE][PASSED] - Browser is opened with url: ''

2018-06-09 16:24:40 - [TEST_STEP][PASSED] - navigateToUrl: Navigate to 'http://192.168.137.1/multihospital_new/HDSplashscreen.aspx' successfully

2018-06-09 16:24:41 - [MESSAGE][PASSED] - Navigate to 'http://192.168.137.1/multihospital_new/HDSplashscreen.aspx' successfully

2018-06-09 16:24:41 - [TEST_STEP][PASSED] - maximizeWindow: Current window maximized

2018-06-09 16:24:42 - [MESSAGE][PASSED] - Current window maximized

2018-06-09 16:24:42 - [TEST_STEP][PASSED] - click: Object: 'Object Repository/DispensaryToStore/Page_KDMC/a_Dispensary Store' is clicked on

2018-06-09 16:24:44 - [MESSAGE][PASSED] - Object: 'Object Repository/DispensaryToStore/Page_KDMC/a_Dispensary Store' is clicked on

2018-06-09 16:24:44 - [TEST_STEP][PASSED] - setText: Text 'rajaram' is set on object 'Object Repository/DispensaryToStore/Page_Dispensary Store Login/input_txtusername'

2018-06-09 16:24:44 - [MESSAGE][PASSED] - Text 'rajaram' is set on object 'Object Repository/DispensaryToStore/Page_Dispensary Store Login/input_txtusername'

2018-06-09 16:24:44 - [TEST_STEP][PASSED] - setText: Text '123' is set on object 'Object Repository/DispensaryToStore/Page_Dispensary Store Login/input_txtpassword'

2018-06-09 16:24:44 - [MESSAGE][PASSED] - Text '123' is set on object 'Object Repository/DispensaryToStore/Page_Dispensary Store Login/input_txtpassword'

2018-06-09 16:24:44 - [TEST_STEP][PASSED] - delay: Delayed 3 second(s)

2018-06-09 16:24:47 - [MESSAGE][PASSED] - Delayed 3 second(s)

2018-06-09 16:24:47 - [TEST_STEP][PASSED] - sendKeys: Keys 'ENTER + ' sent to object: 'Object Repository/DispensaryToStore/Page_Dispensary Store Login/input_txtpassword'

2018-06-09 16:24:48 - [MESSAGE][PASSED] - Keys 'ENTER + ' sent to object: 'Object Repository/DispensaryToStore/Page_Dispensary Store Login/input_txtpassword'

2018-06-09 16:24:48 - [TEST_STEP][PASSED] - delay: Delayed 3 second(s)

2018-06-09 16:24:51 - [MESSAGE][PASSED] - Delayed 3 second(s)

2018-06-09 16:24:51 - [TEST_STEP][PASSED] - click: Object: 'Object Repository/DispensaryToStore/Page_Dispensary Store/a_Request to Store' is clicked on

2018-06-09 16:24:51 - [MESSAGE][PASSED] - Object: 'Object Repository/DispensaryToStore/Page_Dispensary Store/a_Request to Store' is clicked on

2018-06-09 16:24:51 - [TEST_STEP][PASSED] - click: Object: 'Object Repository/DispensaryToStore/Page_Dispensary Store/a_Medicine Request' is clicked on

2018-06-09 16:24:52 - [MESSAGE][PASSED] - Object: 'Object Repository/DispensaryToStore/Page_Dispensary Store/a_Medicine Request' is clicked on

2018-06-09 16:24:52 - [TEST_STEP][PASSED] - selectOptionByIndex: All options with index in [12] are selected on object 'Object Repository/DispensaryToStore/Page_Dispensary Store/select_--Select--Schedule 1Inj'

2018-06-09 16:24:52 - [MESSAGE][PASSED] - All options with index in [12] are selected on object 'Object Repository/DispensaryToStore/Page_Dispensary Store/select_--Select--Schedule 1Inj'

2018-06-09 16:24:52 - [TEST_STEP][PASSED] - Statement - medicineslength = com.kms.katalon.core.webui.keyword.WebUiBuiltInKeywords.getNumberOfTotalOption(com.kms.katalon.core.testobject.ObjectRepository.findTestObject(DispensaryToStore/Page_Dispensary Store/select_--Select--Adernaline 0.)): 19 options of object 'Object Repository/DispensaryToStore/Page_Dispensary Store/select_--Select--Adernaline 0.' counted

2018-06-09 16:24:52 - [MESSAGE][PASSED] - 19 options of object 'Object Repository/DispensaryToStore/Page_Dispensary Store/select_--Select--Adernaline 0.' counted

2018-06-09 16:24:52 - [TEST_STEP][PASSED] - Statement - For ([e = 1, e <= medicineslength - 1, (e++)]): Object: 'Object Repository/DispensaryToStore/Page_Dispensary Store/button_Add' is clicked on

2018-06-09 16:24:52 - [TEST_STEP][PASSED] - selectOptionByIndex: All options with index in [12] are selected on object 'Object Repository/DispensaryToStore/Page_Dispensary Store/select_--Select--Schedule 1Inj'

2018-06-09 16:24:53 - [MESSAGE][PASSED] - All options with index in [12] are selected on object 'Object Repository/DispensaryToStore/Page_Dispensary Store/select_--Select--Schedule 1Inj'

2018-06-09 16:24:53 - [TEST_STEP][PASSED] - selectOptionByIndex: All options with index in [1] are selected on object 'Object Repository/DispensaryToStore/Page_Dispensary Store/select_--Select--Adernaline 0.'

2018-06-09 16:24:53 - [MESSAGE][PASSED] - All options with index in [1] are selected on object 'Object Repository/DispensaryToStore/Page_Dispensary Store/select_--Select--Adernaline 0.'

2018-06-09 16:24:53 - [TEST_STEP][PASSED] - setText: Text '10' is set on object 'Object Repository/DispensaryToStore/Page_Dispensary Store/input_txttreat'

2018-06-09 16:24:53 - [MESSAGE][PASSED] - Text '10' is set on object 'Object Repository/DispensaryToStore/Page_Dispensary Store/input_txttreat'

2018-06-09 16:24:53 - [TEST_STEP][PASSED] - click: Object: 'Object Repository/DispensaryToStore/Page_Dispensary Store/button_Add' is clicked on

2018-06-09 16:24:53 - [MESSAGE][PASSED] - Object: 'Object Repository/DispensaryToStore/Page_Dispensary Store/button_Add' is clicked on

2018-06-09 16:24:53 - [TEST_STEP][PASSED] - selectOptionByIndex: All options with index in [12] are selected on object 'Object Repository/DispensaryToStore/Page_Dispensary Store/select_--Select--Schedule 1Inj'

2018-06-09 16:24:53 - [MESSAGE][PASSED] - All options with index in [12] are selected on object 'Object Repository/DispensaryToStore/Page_Dispensary Store/select_--Select--Schedule 1Inj'

2018-06-09 16:24:53 - [TEST_STEP][PASSED] - selectOptionByIndex: All options with index in [2] are selected on object 'Object Repository/DispensaryToStore/Page_Dispensary Store/select_--Select--Adernaline 0.'

2018-06-09 16:24:53 - [MESSAGE][PASSED] - All options with index in [2] are selected on object 'Object Repository/DispensaryToStore/Page_Dispensary Store/select_--Select--Adernaline 0.'

2018-06-09 16:24:53 - [TEST_STEP][PASSED] - setText: Text '10' is set on object 'Object Repository/DispensaryToStore/Page_Dispensary Store/input_txttreat'

2018-06-09 16:24:53 - [MESSAGE][PASSED] - Text '10' is set on object 'Object Repository/DispensaryToStore/Page_Dispensary Store/input_txttreat'

2018-06-09 16:24:53 - [TEST_STEP][PASSED] - click: Object: 'Object Repository/DispensaryToStore/Page_Dispensary Store/button_Add' is clicked on

2018-06-09 16:24:54 - [MESSAGE][PASSED] - Object: 'Object Repository/DispensaryToStore/Page_Dispensary Store/button_Add' is clicked on

2018-06-09 16:24:54 - [TEST_STEP][PASSED] - selectOptionByIndex: All options with index in [12] are selected on object 'Object Repository/DispensaryToStore/Page_Dispensary Store/select_--Select--Schedule 1Inj'

2018-06-09 16:24:54 - [MESSAGE][PASSED] - All options with index in [12] are selected on object 'Object Repository/DispensaryToStore/Page_Dispensary Store/select_--Select--Schedule 1Inj'

2018-06-09 16:24:54 - [TEST_STEP][PASSED] - selectOptionByIndex: All options with index in [3] are selected on object 'Object Repository/DispensaryToStore/Page_Dispensary Store/select_--Select--Adernaline 0.'

2018-06-09 16:24:54 - [MESSAGE][PASSED] - All options with index in [3] are selected on object 'Object Repository/DispensaryToStore/Page_Dispensary Store/select_--Select--Adernaline 0.'

2018-06-09 16:24:54 - [TEST_STEP][PASSED] - setText: Text '10' is set on object 'Object Repository/DispensaryToStore/Page_Dispensary Store/input_txttreat'

2018-06-09 16:24:54 - [MESSAGE][PASSED] - Text '10' is set on object 'Object Repository/DispensaryToStore/Page_Dispensary Store/input_txttreat'

2018-06-09 16:24:54 - [TEST_STEP][PASSED] - click: Object: 'Object Repository/DispensaryToStore/Page_Dispensary Store/button_Add' is clicked on

2018-06-09 16:24:54 - [MESSAGE][PASSED] - Object: 'Object Repository/DispensaryToStore/Page_Dispensary Store/button_Add' is clicked on

2018-06-09 16:24:54 - [TEST_STEP][PASSED] - selectOptionByIndex: All options with index in [12] are selected on object 'Object Repository/DispensaryToStore/Page_Dispensary Store/select_--Select--Schedule 1Inj'

2018-06-09 16:24:54 - [MESSAGE][PASSED] - All options with index in [12] are selected on object 'Object Repository/DispensaryToStore/Page_Dispensary Store/select_--Select--Schedule 1Inj'

2018-06-09 16:24:54 - [TEST_STEP][PASSED] - selectOptionByIndex: All options with index in [4] are selected on object 'Object Repository/DispensaryToStore/Page_Dispensary Store/select_--Select--Adernaline 0.'

2018-06-09 16:24:55 - [MESSAGE][PASSED] - All options with index in [4] are selected on object 'Object Repository/DispensaryToStore/Page_Dispensary Store/select_--Select--Adernaline 0.'

2018-06-09 16:24:55 - [TEST_STEP][PASSED] - setText: Text '10' is set on object 'Object Repository/DispensaryToStore/Page_Dispensary Store/input_txttreat'

2018-06-09 16:24:55 - [MESSAGE][PASSED] - Text '10' is set on object 'Object Repository/DispensaryToStore/Page_Dispensary Store/input_txttreat'

2018-06-09 16:24:55 - [TEST_STEP][PASSED] - click: Object: 'Object Repository/DispensaryToStore/Page_Dispensary Store/button_Add' is clicked on

2018-06-09 16:24:55 - [MESSAGE][PASSED] - Object: 'Object Repository/DispensaryToStore/Page_Dispensary Store/button_Add' is clicked on

2018-06-09 16:24:55 - [TEST_STEP][PASSED] - selectOptionByIndex: All options with index in [12] are selected on object 'Object Repository/DispensaryToStore/Page_Dispensary Store/select_--Select--Schedule 1Inj'

2018-06-09 16:24:55 - [MESSAGE][PASSED] - All options with index in [12] are selected on object 'Object Repository/DispensaryToStore/Page_Dispensary Store/select_--Select--Schedule 1Inj'

2018-06-09 16:24:55 - [TEST_STEP][PASSED] - selectOptionByIndex: All options with index in [5] are selected on object 'Object Repository/DispensaryToStore/Page_Dispensary Store/select_--Select--Adernaline 0.'

2018-06-09 16:24:55 - [MESSAGE][PASSED] - All options with index in [5] are selected on object 'Object Repository/DispensaryToStore/Page_Dispensary Store/select_--Select--Adernaline 0.'

2018-06-09 16:24:55 - [TEST_STEP][PASSED] - setText: Text '10' is set on object 'Object Repository/DispensaryToStore/Page_Dispensary Store/input_txttreat'

2018-06-09 16:24:55 - [MESSAGE][PASSED] - Text '10' is set on object 'Object Repository/DispensaryToStore/Page_Dispensary Store/input_txttreat'

2018-06-09 16:24:55 - [TEST_STEP][PASSED] - click: Object: 'Object Repository/DispensaryToStore/Page_Dispensary Store/button_Add' is clicked on

2018-06-09 16:24:55 - [MESSAGE][PASSED] - Object: 'Object Repository/DispensaryToStore/Page_Dispensary Store/button_Add' is clicked on

2018-06-09 16:24:55 - [TEST_STEP][PASSED] - selectOptionByIndex: All options with index in [12] are selected on object 'Object Repository/DispensaryToStore/Page_Dispensary Store/select_--Select--Schedule 1Inj'

2018-06-09 16:24:56 - [MESSAGE][PASSED] - All options with index in [12] are selected on object 'Object Repository/DispensaryToStore/Page_Dispensary Store/select_--Select--Schedule 1Inj'

2018-06-09 16:24:56 - [TEST_STEP][PASSED] - selectOptionByIndex: All options with index in [6] are selected on object 'Object Repository/DispensaryToStore/Page_Dispensary Store/select_--Select--Adernaline 0.'

2018-06-09 16:24:56 - [MESSAGE][PASSED] - All options with index in [6] are selected on object 'Object Repository/DispensaryToStore/Page_Dispensary Store/select_--Select--Adernaline 0.'

2018-06-09 16:24:56 - [TEST_STEP][PASSED] - setText: Text '10' is set on object 'Object Repository/DispensaryToStore/Page_Dispensary Store/input_txttreat'

2018-06-09 16:24:56 - [MESSAGE][PASSED] - Text '10' is set on object 'Object Repository/DispensaryToStore/Page_Dispensary Store/input_txttreat'

2018-06-09 16:24:56 - [TEST_STEP][PASSED] - click: Object: 'Object Repository/DispensaryToStore/Page_Dispensary Store/button_Add' is clicked on

2018-06-09 16:24:56 - [MESSAGE][PASSED] - Object: 'Object Repository/DispensaryToStore/Page_Dispensary Store/button_Add' is clicked on

2018-06-09 16:24:56 - [TEST_STEP][PASSED] - selectOptionByIndex: All options with index in [12] are selected on object 'Object Repository/DispensaryToStore/Page_Dispensary Store/select_--Select--Schedule 1Inj'

2018-06-09 16:24:56 - [MESSAGE][PASSED] - All options with index in [12] are selected on object 'Object Repository/DispensaryToStore/Page_Dispensary Store/select_--Select--Schedule 1Inj'

2018-06-09 16:24:56 - [TEST_STEP][PASSED] - selectOptionByIndex: All options with index in [7] are selected on object 'Object Repository/DispensaryToStore/Page_Dispensary Store/select_--Select--Adernaline 0.'

2018-06-09 16:24:57 - [MESSAGE][PASSED] - All options with index in [7] are selected on object 'Object Repository/DispensaryToStore/Page_Dispensary Store/select_--Select--Adernaline 0.'

2018-06-09 16:24:57 - [TEST_STEP][PASSED] - setText: Text '10' is set on object 'Object Repository/DispensaryToStore/Page_Dispensary Store/input_txttreat'

2018-06-09 16:24:57 - [MESSAGE][PASSED] - Text '10' is set on object 'Object Repository/DispensaryToStore/Page_Dispensary Store/input_txttreat'

2018-06-09 16:24:57 - [TEST_STEP][PASSED] - click: Object: 'Object Repository/DispensaryToStore/Page_Dispensary Store/button_Add' is clicked on

2018-06-09 16:24:57 - [MESSAGE][PASSED] - Object: 'Object Repository/DispensaryToStore/Page_Dispensary Store/button_Add' is clicked on

2018-06-09 16:24:57 - [TEST_STEP][PASSED] - selectOptionByIndex: All options with index in [12] are selected on object 'Object Repository/DispensaryToStore/Page_Dispensary Store/select_--Select--Schedule 1Inj'

2018-06-09 16:24:57 - [MESSAGE][PASSED] - All options with index in [12] are selected on object 'Object Repository/DispensaryToStore/Page_Dispensary Store/select_--Select--Schedule 1Inj'

2018-06-09 16:24:57 - [TEST_STEP][PASSED] - selectOptionByIndex: All options with index in [8] are selected on object 'Object Repository/DispensaryToStore/Page_Dispensary Store/select_--Select--Adernaline 0.'

2018-06-09 16:24:57 - [MESSAGE][PASSED] - All options with index in [8] are selected on object 'Object Repository/DispensaryToStore/Page_Dispensary Store/select_--Select--Adernaline 0.'

2018-06-09 16:24:57 - [TEST_STEP][PASSED] - setText: Text '10' is set on object 'Object Repository/DispensaryToStore/Page_Dispensary Store/input_txttreat'

2018-06-09 16:24:57 - [MESSAGE][PASSED] - Text '10' is set on object 'Object Repository/DispensaryToStore/Page_Dispensary Store/input_txttreat'

2018-06-09 16:24:57 - [TEST_STEP][PASSED] - click: Object: 'Object Repository/DispensaryToStore/Page_Dispensary Store/button_Add' is clicked on

2018-06-09 16:24:57 - [MESSAGE][PASSED] - Object: 'Object Repository/DispensaryToStore/Page_Dispensary Store/button_Add' is clicked on

2018-06-09 16:24:57 - [TEST_STEP][PASSED] - selectOptionByIndex: All options with index in [12] are selected on object 'Object Repository/DispensaryToStore/Page_Dispensary Store/select_--Select--Schedule 1Inj'

2018-06-09 16:24:58 - [MESSAGE][PASSED] - All options with index in [12] are selected on object 'Object Repository/DispensaryToStore/Page_Dispensary Store/select_--Select--Schedule 1Inj'

2018-06-09 16:24:58 - [TEST_STEP][PASSED] - selectOptionByIndex: All options with index in [9] are selected on object 'Object Repository/DispensaryToStore/Page_Dispensary Store/select_--Select--Adernaline 0.'

2018-06-09 16:24:58 - [MESSAGE][PASSED] - All options with index in [9] are selected on object 'Object Repository/DispensaryToStore/Page_Dispensary Store/select_--Select--Adernaline 0.'

2018-06-09 16:24:58 - [TEST_STEP][PASSED] - setText: Text '10' is set on object 'Object Repository/DispensaryToStore/Page_Dispensary Store/input_txttreat'

2018-06-09 16:24:58 - [MESSAGE][PASSED] - Text '10' is set on object 'Object Repository/DispensaryToStore/Page_Dispensary Store/input_txttreat'

2018-06-09 16:24:58 - [TEST_STEP][PASSED] - click: Object: 'Object Repository/DispensaryToStore/Page_Dispensary Store/button_Add' is clicked on

2018-06-09 16:24:58 - [MESSAGE][PASSED] - Object: 'Object Repository/DispensaryToStore/Page_Dispensary Store/button_Add' is clicked on

2018-06-09 16:24:58 - [TEST_STEP][PASSED] - selectOptionByIndex: All options with index in [12] are selected on object 'Object Repository/DispensaryToStore/Page_Dispensary Store/select_--Select--Schedule 1Inj'

2018-06-09 16:24:58 - [MESSAGE][PASSED] - All options with index in [12] are selected on object 'Object Repository/DispensaryToStore/Page_Dispensary Store/select_--Select--Schedule 1Inj'

2018-06-09 16:24:58 - [TEST_STEP][PASSED] - selectOptionByIndex: All options with index in [10] are selected on object 'Object Repository/DispensaryToStore/Page_Dispensary Store/select_--Select--Adernaline 0.'

2018-06-09 16:24:59 - [MESSAGE][PASSED] - All options with index in [10] are selected on object 'Object Repository/DispensaryToStore/Page_Dispensary Store/select_--Select--Adernaline 0.'

2018-06-09 16:24:59 - [TEST_STEP][PASSED] - setText: Text '10' is set on object 'Object Repository/DispensaryToStore/Page_Dispensary Store/input_txttreat'

2018-06-09 16:24:59 - [MESSAGE][PASSED] - Text '10' is set on object 'Object Repository/DispensaryToStore/Page_Dispensary Store/input_txttreat'

2018-06-09 16:24:59 - [TEST_STEP][PASSED] - click: Object: 'Object Repository/DispensaryToStore/Page_Dispensary Store/button_Add' is clicked on

2018-06-09 16:24:59 - [MESSAGE][PASSED] - Object: 'Object Repository/DispensaryToStore/Page_Dispensary Store/button_Add' is clicked on

2018-06-09 16:24:59 - [TEST_STEP][PASSED] - selectOptionByIndex: All options with index in [12] are selected on object 'Object Repository/DispensaryToStore/Page_Dispensary Store/select_--Select--Schedule 1Inj'

2018-06-09 16:24:59 - [MESSAGE][PASSED] - All options with index in [12] are selected on object 'Object Repository/DispensaryToStore/Page_Dispensary Store/select_--Select--Schedule 1Inj'

2018-06-09 16:24:59 - [TEST_STEP][PASSED] - selectOptionByIndex: All options with index in [11] are selected on object 'Object Repository/DispensaryToStore/Page_Dispensary Store/select_--Select--Adernaline 0.'

2018-06-09 16:24:59 - [MESSAGE][PASSED] - All options with index in [11] are selected on object 'Object Repository/DispensaryToStore/Page_Dispensary Store/select_--Select--Adernaline 0.'

2018-06-09 16:24:59 - [TEST_STEP][PASSED] - setText: Text '10' is set on object 'Object Repository/DispensaryToStore/Page_Dispensary Store/input_txttreat'

2018-06-09 16:25:00 - [MESSAGE][PASSED] - Text '10' is set on object 'Object Repository/DispensaryToStore/Page_Dispensary Store/input_txttreat'

2018-06-09 16:25:00 - [TEST_STEP][PASSED] - click: Object: 'Object Repository/DispensaryToStore/Page_Dispensary Store/button_Add' is clicked on

2018-06-09 16:25:00 - [MESSAGE][PASSED] - Object: 'Object Repository/DispensaryToStore/Page_Dispensary Store/button_Add' is clicked on

2018-06-09 16:25:00 - [TEST_STEP][PASSED] - selectOptionByIndex: All options with index in [12] are selected on object 'Object Repository/DispensaryToStore/Page_Dispensary Store/select_--Select--Schedule 1Inj'

2018-06-09 16:25:00 - [MESSAGE][PASSED] - All options with index in [12] are selected on object 'Object Repository/DispensaryToStore/Page_Dispensary Store/select_--Select--Schedule 1Inj'

2018-06-09 16:25:00 - [TEST_STEP][PASSED] - selectOptionByIndex: All options with index in [12] are selected on object 'Object Repository/DispensaryToStore/Page_Dispensary Store/select_--Select--Adernaline 0.'

2018-06-09 16:25:00 - [MESSAGE][PASSED] - All options with index in [12] are selected on object 'Object Repository/DispensaryToStore/Page_Dispensary Store/select_--Select--Adernaline 0.'

2018-06-09 16:25:00 - [TEST_STEP][PASSED] - setText: Text '10' is set on object 'Object Repository/DispensaryToStore/Page_Dispensary Store/input_txttreat'

2018-06-09 16:25:00 - [MESSAGE][PASSED] - Text '10' is set on object 'Object Repository/DispensaryToStore/Page_Dispensary Store/input_txttreat'

2018-06-09 16:25:00 - [TEST_STEP][PASSED] - click: Object: 'Object Repository/DispensaryToStore/Page_Dispensary Store/button_Add' is clicked on

2018-06-09 16:25:00 - [MESSAGE][PASSED] - Object: 'Object Repository/DispensaryToStore/Page_Dispensary Store/button_Add' is clicked on

2018-06-09 16:25:00 - [TEST_STEP][PASSED] - selectOptionByIndex: All options with index in [12] are selected on object 'Object Repository/DispensaryToStore/Page_Dispensary Store/select_--Select--Schedule 1Inj'

2018-06-09 16:25:01 - [MESSAGE][PASSED] - All options with index in [12] are selected on object 'Object Repository/DispensaryToStore/Page_Dispensary Store/select_--Select--Schedule 1Inj'

2018-06-09 16:25:01 - [TEST_STEP][PASSED] - selectOptionByIndex: All options with index in [13] are selected on object 'Object Repository/DispensaryToStore/Page_Dispensary Store/select_--Select--Adernaline 0.'

2018-06-09 16:25:01 - [MESSAGE][PASSED] - All options with index in [13] are selected on object 'Object Repository/DispensaryToStore/Page_Dispensary Store/select_--Select--Adernaline 0.'

2018-06-09 16:25:01 - [TEST_STEP][PASSED] - setText: Text '10' is set on object 'Object Repository/DispensaryToStore/Page_Dispensary Store/input_txttreat'

2018-06-09 16:25:01 - [MESSAGE][PASSED] - Text '10' is set on object 'Object Repository/DispensaryToStore/Page_Dispensary Store/input_txttreat'

2018-06-09 16:25:01 - [TEST_STEP][PASSED] - click: Object: 'Object Repository/DispensaryToStore/Page_Dispensary Store/button_Add' is clicked on

2018-06-09 16:25:01 - [MESSAGE][PASSED] - Object: 'Object Repository/DispensaryToStore/Page_Dispensary Store/button_Add' is clicked on

2018-06-09 16:25:01 - [TEST_STEP][PASSED] - selectOptionByIndex: All options with index in [12] are selected on object 'Object Repository/DispensaryToStore/Page_Dispensary Store/select_--Select--Schedule 1Inj'

2018-06-09 16:25:01 - [MESSAGE][PASSED] - All options with index in [12] are selected on object 'Object Repository/DispensaryToStore/Page_Dispensary Store/select_--Select--Schedule 1Inj'

2018-06-09 16:25:01 - [TEST_STEP][PASSED] - selectOptionByIndex: All options with index in [14] are selected on object 'Object Repository/DispensaryToStore/Page_Dispensary Store/select_--Select--Adernaline 0.'

2018-06-09 16:25:02 - [MESSAGE][PASSED] - All options with index in [14] are selected on object 'Object Repository/DispensaryToStore/Page_Dispensary Store/select_--Select--Adernaline 0.'

2018-06-09 16:25:02 - [TEST_STEP][PASSED] - setText: Text '10' is set on object 'Object Repository/DispensaryToStore/Page_Dispensary Store/input_txttreat'

2018-06-09 16:25:02 - [MESSAGE][PASSED] - Text '10' is set on object 'Object Repository/DispensaryToStore/Page_Dispensary Store/input_txttreat'

2018-06-09 16:25:02 - [TEST_STEP][PASSED] - click: Object: 'Object Repository/DispensaryToStore/Page_Dispensary Store/button_Add' is clicked on

2018-06-09 16:25:02 - [MESSAGE][PASSED] - Object: 'Object Repository/DispensaryToStore/Page_Dispensary Store/button_Add' is clicked on

2018-06-09 16:25:02 - [TEST_STEP][PASSED] - selectOptionByIndex: All options with index in [12] are selected on object 'Object Repository/DispensaryToStore/Page_Dispensary Store/select_--Select--Schedule 1Inj'

2018-06-09 16:25:02 - [MESSAGE][PASSED] - All options with index in [12] are selected on object 'Object Repository/DispensaryToStore/Page_Dispensary Store/select_--Select--Schedule 1Inj'

2018-06-09 16:25:02 - [TEST_STEP][PASSED] - selectOptionByIndex: All options with index in [15] are selected on object 'Object Repository/DispensaryToStore/Page_Dispensary Store/select_--Select--Adernaline 0.'

2018-06-09 16:25:02 - [MESSAGE][PASSED] - All options with index in [15] are selected on object 'Object Repository/DispensaryToStore/Page_Dispensary Store/select_--Select--Adernaline 0.'

2018-06-09 16:25:02 - [TEST_STEP][PASSED] - setText: Text '10' is set on object 'Object Repository/DispensaryToStore/Page_Dispensary Store/input_txttreat'

2018-06-09 16:25:03 - [MESSAGE][PASSED] - Text '10' is set on object 'Object Repository/DispensaryToStore/Page_Dispensary Store/input_txttreat'

2018-06-09 16:25:03 - [TEST_STEP][PASSED] - click: Object: 'Object Repository/DispensaryToStore/Page_Dispensary Store/button_Add' is clicked on

2018-06-09 16:25:03 - [MESSAGE][PASSED] - Object: 'Object Repository/DispensaryToStore/Page_Dispensary Store/button_Add' is clicked on

2018-06-09 16:25:03 - [TEST_STEP][PASSED] - selectOptionByIndex: All options with index in [12] are selected on object 'Object Repository/DispensaryToStore/Page_Dispensary Store/select_--Select--Schedule 1Inj'

2018-06-09 16:25:03 - [MESSAGE][PASSED] - All options with index in [12] are selected on object 'Object Repository/DispensaryToStore/Page_Dispensary Store/select_--Select--Schedule 1Inj'

2018-06-09 16:25:03 - [TEST_STEP][PASSED] - selectOptionByIndex: All options with index in [16] are selected on object 'Object Repository/DispensaryToStore/Page_Dispensary Store/select_--Select--Adernaline 0.'

2018-06-09 16:25:03 - [MESSAGE][PASSED] - All options with index in [16] are selected on object 'Object Repository/DispensaryToStore/Page_Dispensary Store/select_--Select--Adernaline 0.'

2018-06-09 16:25:03 - [TEST_STEP][PASSED] - setText: Text '10' is set on object 'Object Repository/DispensaryToStore/Page_Dispensary Store/input_txttreat'

2018-06-09 16:25:03 - [MESSAGE][PASSED] - Text '10' is set on object 'Object Repository/DispensaryToStore/Page_Dispensary Store/input_txttreat'

2018-06-09 16:25:03 - [TEST_STEP][PASSED] - click: Object: 'Object Repository/DispensaryToStore/Page_Dispensary Store/button_Add' is clicked on

2018-06-09 16:25:03 - [MESSAGE][PASSED] - Object: 'Object Repository/DispensaryToStore/Page_Dispensary Store/button_Add' is clicked on

2018-06-09 16:25:03 - [TEST_STEP][PASSED] - selectOptionByIndex: All options with index in [12] are selected on object 'Object Repository/DispensaryToStore/Page_Dispensary Store/select_--Select--Schedule 1Inj'

2018-06-09 16:25:04 - [MESSAGE][PASSED] - All options with index in [12] are selected on object 'Object Repository/DispensaryToStore/Page_Dispensary Store/select_--Select--Schedule 1Inj'

2018-06-09 16:25:04 - [TEST_STEP][PASSED] - selectOptionByIndex: All options with index in [17] are selected on object 'Object Repository/DispensaryToStore/Page_Dispensary Store/select_--Select--Adernaline 0.'

2018-06-09 16:25:04 - [MESSAGE][PASSED] - All options with index in [17] are selected on object 'Object Repository/DispensaryToStore/Page_Dispensary Store/select_--Select--Adernaline 0.'

2018-06-09 16:25:04 - [TEST_STEP][PASSED] - setText: Text '10' is set on object 'Object Repository/DispensaryToStore/Page_Dispensary Store/input_txttreat'

2018-06-09 16:25:04 - [MESSAGE][PASSED] - Text '10' is set on object 'Object Repository/DispensaryToStore/Page_Dispensary Store/input_txttreat'

2018-06-09 16:25:04 - [TEST_STEP][PASSED] - click: Object: 'Object Repository/DispensaryToStore/Page_Dispensary Store/button_Add' is clicked on

2018-06-09 16:25:04 - [MESSAGE][PASSED] - Object: 'Object Repository/DispensaryToStore/Page_Dispensary Store/button_Add' is clicked on

2018-06-09 16:25:04 - [TEST_STEP][PASSED] - selectOptionByIndex: All options with index in [12] are selected on object 'Object Repository/DispensaryToStore/Page_Dispensary Store/select_--Select--Schedule 1Inj'

2018-06-09 16:25:04 - [MESSAGE][PASSED] - All options with index in [12] are selected on object 'Object Repository/DispensaryToStore/Page_Dispensary Store/select_--Select--Schedule 1Inj'

2018-06-09 16:25:04 - [TEST_STEP][PASSED] - selectOptionByIndex: All options with index in [18] are selected on object 'Object Repository/DispensaryToStore/Page_Dispensary Store/select_--Select--Adernaline 0.'

2018-06-09 16:25:05 - [MESSAGE][PASSED] - All options with index in [18] are selected on object 'Object Repository/DispensaryToStore/Page_Dispensary Store/select_--Select--Adernaline 0.'

2018-06-09 16:25:05 - [TEST_STEP][PASSED] - setText: Text '10' is set on object 'Object Repository/DispensaryToStore/Page_Dispensary Store/input_txttreat'

2018-06-09 16:25:05 - [MESSAGE][PASSED] - Text '10' is set on object 'Object Repository/DispensaryToStore/Page_Dispensary Store/input_txttreat'

2018-06-09 16:25:05 - [TEST_STEP][PASSED] - click: Object: 'Object Repository/DispensaryToStore/Page_Dispensary Store/button_Add' is clicked on

2018-06-09 16:25:05 - [MESSAGE][PASSED] - Object: 'Object Repository/DispensaryToStore/Page_Dispensary Store/button_Add' is clicked on

2018-06-09 16:25:05 - [TEST_STEP][PASSED] - scrollToElement: Scroll to object 'Object Repository/DispensaryToStore/Page_Dispensary Store/input_btnsave' successfully

2018-06-09 16:25:05 - [MESSAGE][PASSED] - Scroll to object 'Object Repository/DispensaryToStore/Page_Dispensary Store/input_btnsave' successfully

2018-06-09 16:25:05 - [TEST_STEP][PASSED] - click: Object: 'Object Repository/DispensaryToStore/Page_Dispensary Store/input_btnsave' is clicked on

2018-06-09 16:25:05 - [MESSAGE][PASSED] - Object: 'Object Repository/DispensaryToStore/Page_Dispensary Store/input_btnsave' is clicked on

2018-06-09 16:25:05 - [TEST_STEP][PASSED] - delay: Delayed 3 second(s)

2018-06-09 16:25:08 - [MESSAGE][PASSED] - Delayed 3 second(s)

2018-06-09 16:25:08 - [TEST_STEP][PASSED] - Statement - RN1 = com.kms.katalon.core.webui.keyword.WebUiBuiltInKeywords.getText(com.kms.katalon.core.testobject.ObjectRepository.findTestObject(DispensaryToStore/Page_Dispensary Store/font_HPRNO180520187)): Text of object 'Object Repository/DispensaryToStore/Page_Dispensary Store/font_HPRNO180520187' is: 'DPRNO/09062018/207'

2018-06-09 16:25:08 - [MESSAGE][PASSED] - Text of object 'Object Repository/DispensaryToStore/Page_Dispensary Store/font_HPRNO180520187' is: 'DPRNO/09062018/207'

2018-06-09 16:25:08 - [TEST_STEP][PASSED] - Statement - out.println(RN1): null

2018-06-09 16:25:08 - [TEST_STEP][PASSED] - Statement - RID = RN1.split("/")[2]: null

2018-06-09 16:25:08 - [TEST_STEP][PASSED] - click: Object: 'Object Repository/DispensaryToStore/Page_Dispensary Store/button_OK' is clicked on

2018-06-09 16:25:09 - [MESSAGE][PASSED] - Object: 'Object Repository/DispensaryToStore/Page_Dispensary Store/button_OK' is clicked on

2018-06-09 16:25:09 - [TEST_STEP][PASSED] - delay: Delayed 3 second(s)

2018-06-09 16:25:12 - [MESSAGE][PASSED] - Delayed 3 second(s)

2018-06-09 16:25:12 - [TEST_STEP][PASSED] - click: Object: 'Object Repository/DispensaryToStore/Page_Dispensary Store/a_dropdown-toggle' is clicked on

2018-06-09 16:25:12 - [MESSAGE][PASSED] - Object: 'Object Repository/DispensaryToStore/Page_Dispensary Store/a_dropdown-toggle' is clicked on

2018-06-09 16:25:12 - [TEST_STEP][PASSED] - click: Object: 'Object Repository/DispensaryToStore/Page_Dispensary Store/a_Sign out' is clicked on

2018-06-09 16:25:12 - [MESSAGE][PASSED] - Object: 'Object Repository/DispensaryToStore/Page_Dispensary Store/a_Sign out' is clicked on

2018-06-09 16:25:12 - [TEST_STEP][PASSED] - delay: Delayed 3 second(s)

2018-06-09 16:25:15 - [MESSAGE][PASSED] - Delayed 3 second(s)

2018-06-09 16:25:15 - [TEST_STEP][PASSED] - navigateToUrl: Navigate to 'http://192.168.137.1/multihospital_new/' successfully

2018-06-09 16:25:16 - [MESSAGE][PASSED] - Navigate to 'http://192.168.137.1/multihospital_new/' successfully

2018-06-09 16:25:16 - [TEST_STEP][PASSED] - click: Object: 'Object Repository/DispensaryToStore/Page_KDMC/a_CMO' is clicked on

2018-06-09 16:25:17 - [MESSAGE][PASSED] - Object: 'Object Repository/DispensaryToStore/Page_KDMC/a_CMO' is clicked on

2018-06-09 16:25:17 - [TEST_STEP][PASSED] - setText: Text 'guru' is set on object 'Object Repository/DispensaryToStore/Page_CMO login/input_txtusername'

2018-06-09 16:25:17 - [MESSAGE][PASSED] - Text 'guru' is set on object 'Object Repository/DispensaryToStore/Page_CMO login/input_txtusername'

2018-06-09 16:25:17 - [TEST_STEP][PASSED] - setText: Text '123' is set on object 'Object Repository/DispensaryToStore/Page_CMO login/input_txtpassword'

2018-06-09 16:25:17 - [MESSAGE][PASSED] - Text '123' is set on object 'Object Repository/DispensaryToStore/Page_CMO login/input_txtpassword'

2018-06-09 16:25:17 - [TEST_STEP][PASSED] - delay: Delayed 3 second(s)

2018-06-09 16:25:20 - [MESSAGE][PASSED] - Delayed 3 second(s)

2018-06-09 16:25:20 - [TEST_STEP][PASSED] - click: Object: 'Object Repository/DispensaryToStore/Page_CMO login/button_Sign in' is clicked on

2018-06-09 16:25:21 - [MESSAGE][PASSED] - Object: 'Object Repository/DispensaryToStore/Page_CMO login/button_Sign in' is clicked on

2018-06-09 16:25:21 - [TEST_STEP][PASSED] - click: Object: 'Object Repository/DispensaryToStore/Page_KDMC - CMO/a_Department Wise Request' is clicked on

2018-06-09 16:25:23 - [MESSAGE][PASSED] - Object: 'Object Repository/DispensaryToStore/Page_KDMC - CMO/a_Department Wise Request' is clicked on

2018-06-09 16:25:23 - [TEST_STEP][PASSED] - delay: Delayed 2 second(s)

2018-06-09 16:25:25 - [MESSAGE][PASSED] - Delayed 2 second(s)

2018-06-09 16:25:25 - [TEST_STEP][PASSED] - selectOptionByIndex: All options with index in [6] are selected on object 'Object Repository/DispensaryToStore/Page_KDMC - CMO/select_--ALL--'

2018-06-09 16:25:26 - [MESSAGE][PASSED] - All options with index in [6] are selected on object 'Object Repository/DispensaryToStore/Page_KDMC - CMO/select_--ALL--'

2018-06-09 16:25:26 - [TEST_STEP][PASSED] - click: Object: 'Object Repository/DispensaryToStore/Page_KDMC - CMO/input_btnsearch' is clicked on

2018-06-09 16:25:26 - [MESSAGE][PASSED] - Object: 'Object Repository/DispensaryToStore/Page_KDMC - CMO/input_btnsearch' is clicked on

2018-06-09 16:25:26 - [TEST_STEP][PASSED] - selectOptionByIndex: All options with index in [1] are selected on object 'Object Repository/DispensaryToStore/Page_KDMC - CMO/select_--ALL--                _1'

2018-06-09 16:25:26 - [MESSAGE][PASSED] - All options with index in [1] are selected on object 'Object Repository/DispensaryToStore/Page_KDMC - CMO/select_--ALL--                _1'

2018-06-09 16:25:26 - [TEST_STEP][PASSED] - click: Object: 'Object Repository/DispensaryToStore/Page_KDMC - CMO/input_btnsearch' is clicked on

2018-06-09 16:25:26 - [MESSAGE][PASSED] - Object: 'Object Repository/DispensaryToStore/Page_KDMC - CMO/input_btnsearch' is clicked on

2018-06-09 16:25:26 - [TEST_STEP][PASSED] - Statement - ID = com.kms.katalon.core.webui.keyword.WebUiBuiltInKeywords.modifyObjectProperty(com.kms.katalon.core.testobject.ObjectRepository.findTestObject(lab/Page_KDMC - CMO/input_1), "xpath", "equals", "//*[@id=" + RID + "]", true): Modify property of object successfully

2018-06-09 16:25:26 - [MESSAGE][PASSED] - Modify property of object successfully

2018-06-09 16:25:26 - [TEST_STEP][PASSED] - click: Object: 'Object Repository/lab/Page_KDMC - CMO/input_1' is clicked on

2018-06-09 16:25:27 - [MESSAGE][PASSED] - Object: 'Object Repository/lab/Page_KDMC - CMO/input_1' is clicked on

2018-06-09 16:25:27 - [TEST_STEP][PASSED] - delay: Delayed 2 second(s)

2018-06-09 16:25:29 - [MESSAGE][PASSED] - Delayed 2 second(s)

2018-06-09 16:25:29 - [TEST_STEP][PASSED] - selectOptionByIndex: All options with index in [1] are selected on object 'Object Repository/DispensaryToStore/Page_KDMC - CMO/select_--Select--'

2018-06-09 16:25:29 - [MESSAGE][PASSED] - All options with index in [1] are selected on object 'Object Repository/DispensaryToStore/Page_KDMC - CMO/select_--Select--'

2018-06-09 16:25:29 - [TEST_STEP][PASSED] - click: Object: 'Object Repository/DispensaryToStore/Page_KDMC - CMO/input_btnupdate' is clicked on

2018-06-09 16:25:29 - [MESSAGE][PASSED] - Object: 'Object Repository/DispensaryToStore/Page_KDMC - CMO/input_btnupdate' is clicked on

2018-06-09 16:25:29 - [TEST_STEP][PASSED] - delay: Delayed 2 second(s)

2018-06-09 16:25:31 - [MESSAGE][PASSED] - Delayed 2 second(s)

2018-06-09 16:25:31 - [TEST_STEP][PASSED] - click: Object: 'Object Repository/DispensaryToStore/Page_KDMC - CMO/button_OK' is clicked on

2018-06-09 16:25:31 - [MESSAGE][PASSED] - Object: 'Object Repository/DispensaryToStore/Page_KDMC - CMO/button_OK' is clicked on

2018-06-09 16:25:31 - [TEST_STEP][PASSED] - delay: Delayed 2 second(s)

2018-06-09 16:25:33 - [MESSAGE][PASSED] - Delayed 2 second(s)

2018-06-09 16:25:33 - [TEST_STEP][PASSED] - click: Object: 'Object Repository/DispensaryToStore/Page_KDMC - CMO/a_dropdown-toggle' is clicked on

2018-06-09 16:25:33 - [MESSAGE][PASSED] - Object: 'Object Repository/DispensaryToStore/Page_KDMC - CMO/a_dropdown-toggle' is clicked on

2018-06-09 16:25:33 - [TEST_STEP][PASSED] - click: Object: 'Object Repository/DispensaryToStore/Page_KDMC - CMO/a_Sign out' is clicked on

2018-06-09 16:25:34 - [MESSAGE][PASSED] - Object: 'Object Repository/DispensaryToStore/Page_KDMC - CMO/a_Sign out' is clicked on

2018-06-09 16:25:34 - [TEST_STEP][PASSED] - delay: Delayed 3 second(s)

2018-06-09 16:25:37 - [MESSAGE][PASSED] - Delayed 3 second(s)

2018-06-09 16:25:37 - [TEST_STEP][PASSED] - click: Object: 'Object Repository/DispensaryToStore/Page_KDMC/a_Divisional Store' is clicked on

2018-06-09 16:25:38 - [MESSAGE][PASSED] - Object: 'Object Repository/DispensaryToStore/Page_KDMC/a_Divisional Store' is clicked on

2018-06-09 16:25:38 - [TEST_STEP][PASSED] - setText: Text 'ragu' is set on object 'Object Repository/DispensaryToStore/Page_Divisonal Store Login/input_txtusername'

2018-06-09 16:25:38 - [MESSAGE][PASSED] - Text 'ragu' is set on object 'Object Repository/DispensaryToStore/Page_Divisonal Store Login/input_txtusername'

2018-06-09 16:25:38 - [TEST_STEP][PASSED] - setText: Text '123' is set on object 'Object Repository/DispensaryToStore/Page_Divisonal Store Login/input_txtpassword'

2018-06-09 16:25:38 - [MESSAGE][PASSED] - Text '123' is set on object 'Object Repository/DispensaryToStore/Page_Divisonal Store Login/input_txtpassword'

2018-06-09 16:25:38 - [TEST_STEP][PASSED] - delay: Delayed 3 second(s)

2018-06-09 16:25:41 - [MESSAGE][PASSED] - Delayed 3 second(s)

2018-06-09 16:25:41 - [TEST_STEP][PASSED] - click: Object: 'Object Repository/DispensaryToStore/Page_Divisonal Store Login/button_Sign in' is clicked on

2018-06-09 16:25:43 - [MESSAGE][PASSED] - Object: 'Object Repository/DispensaryToStore/Page_Divisonal Store Login/button_Sign in' is clicked on

2018-06-09 16:25:43 - [TEST_STEP][PASSED] - delay: Delayed 3 second(s)

2018-06-09 16:25:46 - [MESSAGE][PASSED] - Delayed 3 second(s)

2018-06-09 16:25:46 - [TEST_STEP][PASSED] - scrollToPosition: Browser is scrolled to position x = 100, y = 100

2018-06-09 16:25:46 - [MESSAGE][PASSED] - Browser is scrolled to position x = 100, y = 100

2018-06-09 16:25:46 - [TEST_STEP][PASSED] - click: Object: 'Object Repository/DispensaryToStore/Page_Store/a_Dispensary Request' is clicked on

2018-06-09 16:25:46 - [MESSAGE][PASSED] - Object: 'Object Repository/DispensaryToStore/Page_Store/a_Dispensary Request' is clicked on

2018-06-09 16:25:46 - [TEST_STEP][PASSED] - delay: Delayed 2 second(s)

2018-06-09 16:25:48 - [MESSAGE][PASSED] - Delayed 2 second(s)

2018-06-09 16:25:48 - [TEST_STEP][PASSED] - click: Object: 'Object Repository/DispensaryToStore/Page_Store/a_Request Item Dispensary' is clicked on

2018-06-09 16:25:49 - [MESSAGE][PASSED] - Object: 'Object Repository/DispensaryToStore/Page_Store/a_Request Item Dispensary' is clicked on

2018-06-09 16:25:49 - [TEST_STEP][PASSED] - Statement - ChooseRequest = com.kms.katalon.core.webui.keyword.WebUiBuiltInKeywords.modifyObjectProperty(com.kms.katalon.core.testobject.ObjectRepository.findTestObject(lab/Page_Store/input_1), "xpath", "equals", "//*[@id=" + RID + "]", true): Modify property of object successfully

2018-06-09 16:25:49 - [MESSAGE][PASSED] - Modify property of object successfully

2018-06-09 16:25:49 - [TEST_STEP][PASSED] - click: Object: 'Object Repository/lab/Page_Store/input_1' is clicked on

2018-06-09 16:25:50 - [MESSAGE][PASSED] - Object: 'Object Repository/lab/Page_Store/input_1' is clicked on

2018-06-09 16:25:50 - [TEST_STEP][PASSED] - Statement - selectedoptions = com.kms.katalon.core.webui.keyword.WebUiBuiltInKeywords.getNumberOfTotalOption(com.kms.katalon.core.testobject.ObjectRepository.findTestObject(DispensaryToStore/Page_Store/select_--Select--Adernaline 0.)): 19 options of object 'Object Repository/DispensaryToStore/Page_Store/select_--Select--Adernaline 0.' counted

2018-06-09 16:25:50 - [MESSAGE][PASSED] - 19 options of object 'Object Repository/DispensaryToStore/Page_Store/select_--Select--Adernaline 0.' counted

2018-06-09 16:25:50 - [TEST_STEP][PASSED] - Statement - For ([a = 1, a <= selectedoptions - 1, (a++)]): null

2018-06-09 16:25:50 - [TEST_STEP][PASSED] - selectOptionByIndex: All options with index in [1] are selected on object 'Object Repository/DispensaryToStore/Page_Store/select_--Select--Adernaline 0.'

2018-06-09 16:25:50 - [MESSAGE][PASSED] - All options with index in [1] are selected on object 'Object Repository/DispensaryToStore/Page_Store/select_--Select--Adernaline 0.'

2018-06-09 16:25:51 - [TEST_STEP][PASSED] - delay: Delayed 2 second(s)

2018-06-09 16:25:53 - [MESSAGE][PASSED] - Delayed 2 second(s)

2018-06-09 16:25:53 - [TEST_STEP][PASSED] - Statement - RequestedQty = com.kms.katalon.core.webui.keyword.WebUiBuiltInKeywords.getAttribute(com.kms.katalon.core.testobject.ObjectRepository.findTestObject(DispensaryToStore/Page_Store/input_txttotal), "value"): Attribute 'value' of object 'Object Repository/DispensaryToStore/Page_Store/input_txttotal' is: '10'

2018-06-09 16:25:53 - [MESSAGE][PASSED] - Attribute 'value' of object 'Object Repository/DispensaryToStore/Page_Store/input_txttotal' is: '10'

2018-06-09 16:25:53 - [TEST_STEP][PASSED] - Statement - out.println("Requested QTY : " + RequestedQty): null

2018-06-09 16:25:53 - [TEST_STEP][PASSED] - Statement - BatchNumber = com.kms.katalon.core.webui.keyword.WebUiBuiltInKeywords.getNumberOfTotalOption(com.kms.katalon.core.testobject.ObjectRepository.findTestObject(DispensaryToStore/Page_Store/select_--Select--BA1170BA2376B)): 3 options of object 'Object Repository/DispensaryToStore/Page_Store/select_--Select--BA1170BA2376B' counted

2018-06-09 16:25:53 - [MESSAGE][PASSED] - 3 options of object 'Object Repository/DispensaryToStore/Page_Store/select_--Select--BA1170BA2376B' counted

2018-06-09 16:25:53 - [TEST_STEP][PASSED] - Statement - For ([g = 1, g <= BatchNumber - 1, (g++)]): null

2018-06-09 16:25:53 - [TEST_STEP][PASSED] - selectOptionByIndex: All options with index in [1] are selected on object 'Object Repository/DispensaryToStore/Page_Store/select_--Select--BA1170BA2376B'

2018-06-09 16:25:53 - [MESSAGE][PASSED] - All options with index in [1] are selected on object 'Object Repository/DispensaryToStore/Page_Store/select_--Select--BA1170BA2376B'

2018-06-09 16:25:53 - [TEST_STEP][PASSED] - Statement - Try: null

2018-06-09 16:25:53 - [TEST_STEP][PASSED] - Statement - StockQty = com.kms.katalon.core.webui.keyword.WebUiBuiltInKeywords.getAttribute(com.kms.katalon.core.testobject.ObjectRepository.findTestObject(DispensaryToStore/Page_Store/input_txtprice), "value"): Attribute 'value' of object 'Object Repository/DispensaryToStore/Page_Store/input_txtprice' is: '375'

2018-06-09 16:25:53 - [MESSAGE][PASSED] - Attribute 'value' of object 'Object Repository/DispensaryToStore/Page_Store/input_txtprice' is: '375'

2018-06-09 16:25:53 - [TEST_STEP][PASSED] - Statement - out.println("Stock QTY : " + StockQty): null

2018-06-09 16:25:53 - [TEST_STEP][PASSED] - delay: Delayed 2 second(s)

2018-06-09 16:25:55 - [MESSAGE][PASSED] - Delayed 2 second(s)

2018-06-09 16:25:55 - [TEST_STEP][PASSED] - Statement - If (java.lang.String.valueOf(StockQty) >= java.lang.String.valueOf(RequestedQty)): null

2018-06-09 16:25:55 - [TEST_STEP][PASSED] - setText: Text '10' is set on object 'Object Repository/DispensaryToStore/Page_Store/input_txtqty'

2018-06-09 16:25:55 - [MESSAGE][PASSED] - Text '10' is set on object 'Object Repository/DispensaryToStore/Page_Store/input_txtqty'

2018-06-09 16:25:55 - [TEST_STEP][PASSED] - click: Object: 'Object Repository/DispensaryToStore/Page_Store/button_Add' is clicked on

2018-06-09 16:25:55 - [MESSAGE][PASSED] - Object: 'Object Repository/DispensaryToStore/Page_Store/button_Add' is clicked on

2018-06-09 16:25:55 - [TEST_STEP][PASSED] - Statement - Break: null

2018-06-09 16:25:55 - [TEST_STEP][PASSED] - selectOptionByIndex: All options with index in [2] are selected on object 'Object Repository/DispensaryToStore/Page_Store/select_--Select--Adernaline 0.'

2018-06-09 16:25:55 - [MESSAGE][PASSED] - All options with index in [2] are selected on object 'Object Repository/DispensaryToStore/Page_Store/select_--Select--Adernaline 0.'

2018-06-09 16:25:55 - [TEST_STEP][PASSED] - delay: Delayed 2 second(s)

2018-06-09 16:25:57 - [MESSAGE][PASSED] - Delayed 2 second(s)

2018-06-09 16:25:57 - [TEST_STEP][PASSED] - Statement - RequestedQty = com.kms.katalon.core.webui.keyword.WebUiBuiltInKeywords.getAttribute(com.kms.katalon.core.testobject.ObjectRepository.findTestObject(DispensaryToStore/Page_Store/input_txttotal), "value"): Attribute 'value' of object 'Object Repository/DispensaryToStore/Page_Store/input_txttotal' is: '10'

2018-06-09 16:25:57 - [MESSAGE][PASSED] - Attribute 'value' of object 'Object Repository/DispensaryToStore/Page_Store/input_txttotal' is: '10'

2018-06-09 16:25:57 - [TEST_STEP][PASSED] - Statement - out.println("Requested QTY : " + RequestedQty): null

2018-06-09 16:25:57 - [TEST_STEP][PASSED] - Statement - BatchNumber = com.kms.katalon.core.webui.keyword.WebUiBuiltInKeywords.getNumberOfTotalOption(com.kms.katalon.core.testobject.ObjectRepository.findTestObject(DispensaryToStore/Page_Store/select_--Select--BA1170BA2376B)): 2 options of object 'Object Repository/DispensaryToStore/Page_Store/select_--Select--BA1170BA2376B' counted

2018-06-09 16:25:57 - [MESSAGE][PASSED] - 2 options of object 'Object Repository/DispensaryToStore/Page_Store/select_--Select--BA1170BA2376B' counted

2018-06-09 16:25:57 - [TEST_STEP][PASSED] - Statement - For ([g = 1, g <= BatchNumber - 1, (g++)]): null

2018-06-09 16:25:57 - [TEST_STEP][PASSED] - selectOptionByIndex: All options with index in [1] are selected on object 'Object Repository/DispensaryToStore/Page_Store/select_--Select--BA1170BA2376B'

2018-06-09 16:25:57 - [MESSAGE][PASSED] - All options with index in [1] are selected on object 'Object Repository/DispensaryToStore/Page_Store/select_--Select--BA1170BA2376B'

2018-06-09 16:25:57 - [TEST_STEP][PASSED] - Statement - Try: null

2018-06-09 16:25:57 - [TEST_STEP][PASSED] - Statement - StockQty = com.kms.katalon.core.webui.keyword.WebUiBuiltInKeywords.getAttribute(com.kms.katalon.core.testobject.ObjectRepository.findTestObject(DispensaryToStore/Page_Store/input_txtprice), "value"): Attribute 'value' of object 'Object Repository/DispensaryToStore/Page_Store/input_txtprice' is: '898'

2018-06-09 16:25:57 - [MESSAGE][PASSED] - Attribute 'value' of object 'Object Repository/DispensaryToStore/Page_Store/input_txtprice' is: '898'

2018-06-09 16:25:57 - [TEST_STEP][PASSED] - Statement - out.println("Stock QTY : " + StockQty): null

2018-06-09 16:25:57 - [TEST_STEP][PASSED] - delay: Delayed 2 second(s)

2018-06-09 16:25:59 - [MESSAGE][PASSED] - Delayed 2 second(s)

2018-06-09 16:25:59 - [TEST_STEP][PASSED] - Statement - If (java.lang.String.valueOf(StockQty) >= java.lang.String.valueOf(RequestedQty)): null

2018-06-09 16:25:59 - [TEST_STEP][PASSED] - setText: Text '10' is set on object 'Object Repository/DispensaryToStore/Page_Store/input_txtqty'

2018-06-09 16:26:00 - [MESSAGE][PASSED] - Text '10' is set on object 'Object Repository/DispensaryToStore/Page_Store/input_txtqty'

2018-06-09 16:26:00 - [TEST_STEP][PASSED] - click: Object: 'Object Repository/DispensaryToStore/Page_Store/button_Add' is clicked on

2018-06-09 16:26:00 - [MESSAGE][PASSED] - Object: 'Object Repository/DispensaryToStore/Page_Store/button_Add' is clicked on

2018-06-09 16:26:00 - [TEST_STEP][PASSED] - Statement - Break: null

2018-06-09 16:26:00 - [TEST_STEP][PASSED] - selectOptionByIndex: All options with index in [3] are selected on object 'Object Repository/DispensaryToStore/Page_Store/select_--Select--Adernaline 0.'

2018-06-09 16:26:00 - [MESSAGE][PASSED] - All options with index in [3] are selected on object 'Object Repository/DispensaryToStore/Page_Store/select_--Select--Adernaline 0.'

2018-06-09 16:26:00 - [TEST_STEP][PASSED] - delay: Delayed 2 second(s)

2018-06-09 16:26:02 - [MESSAGE][PASSED] - Delayed 2 second(s)

2018-06-09 16:26:02 - [TEST_STEP][PASSED] - Statement - RequestedQty = com.kms.katalon.core.webui.keyword.WebUiBuiltInKeywords.getAttribute(com.kms.katalon.core.testobject.ObjectRepository.findTestObject(DispensaryToStore/Page_Store/input_txttotal), "value"): Attribute 'value' of object 'Object Repository/DispensaryToStore/Page_Store/input_txttotal' is: '10'

2018-06-09 16:26:02 - [MESSAGE][PASSED] - Attribute 'value' of object 'Object Repository/DispensaryToStore/Page_Store/input_txttotal' is: '10'

2018-06-09 16:26:02 - [TEST_STEP][PASSED] - Statement - out.println("Requested QTY : " + RequestedQty): null

2018-06-09 16:26:02 - [TEST_STEP][PASSED] - Statement - BatchNumber = com.kms.katalon.core.webui.keyword.WebUiBuiltInKeywords.getNumberOfTotalOption(com.kms.katalon.core.testobject.ObjectRepository.findTestObject(DispensaryToStore/Page_Store/select_--Select--BA1170BA2376B)): 3 options of object 'Object Repository/DispensaryToStore/Page_Store/select_--Select--BA1170BA2376B' counted

2018-06-09 16:26:02 - [MESSAGE][PASSED] - 3 options of object 'Object Repository/DispensaryToStore/Page_Store/select_--Select--BA1170BA2376B' counted

2018-06-09 16:26:02 - [TEST_STEP][PASSED] - Statement - For ([g = 1, g <= BatchNumber - 1, (g++)]): null

2018-06-09 16:26:02 - [TEST_STEP][PASSED] - selectOptionByIndex: All options with index in [1] are selected on object 'Object Repository/DispensaryToStore/Page_Store/select_--Select--BA1170BA2376B'

2018-06-09 16:26:02 - [MESSAGE][PASSED] - All options with index in [1] are selected on object 'Object Repository/DispensaryToStore/Page_Store/select_--Select--BA1170BA2376B'

2018-06-09 16:26:02 - [TEST_STEP][PASSED] - Statement - Try: null

2018-06-09 16:26:02 - [TEST_STEP][PASSED] - Statement - StockQty = com.kms.katalon.core.webui.keyword.WebUiBuiltInKeywords.getAttribute(com.kms.katalon.core.testobject.ObjectRepository.findTestObject(DispensaryToStore/Page_Store/input_txtprice), "value"): Attribute 'value' of object 'Object Repository/DispensaryToStore/Page_Store/input_txtprice' is: '375'

2018-06-09 16:26:02 - [MESSAGE][PASSED] - Attribute 'value' of object 'Object Repository/DispensaryToStore/Page_Store/input_txtprice' is: '375'

2018-06-09 16:26:02 - [TEST_STEP][PASSED] - Statement - out.println("Stock QTY : " + StockQty): null

2018-06-09 16:26:02 - [TEST_STEP][PASSED] - delay: Delayed 2 second(s)

2018-06-09 16:26:04 - [MESSAGE][PASSED] - Delayed 2 second(s)

2018-06-09 16:26:04 - [TEST_STEP][PASSED] - Statement - If (java.lang.String.valueOf(StockQty) >= java.lang.String.valueOf(RequestedQty)): null

2018-06-09 16:26:04 - [TEST_STEP][PASSED] - setText: Text '10' is set on object 'Object Repository/DispensaryToStore/Page_Store/input_txtqty'

2018-06-09 16:26:04 - [MESSAGE][PASSED] - Text '10' is set on object 'Object Repository/DispensaryToStore/Page_Store/input_txtqty'

2018-06-09 16:26:04 - [TEST_STEP][PASSED] - click: Object: 'Object Repository/DispensaryToStore/Page_Store/button_Add' is clicked on

2018-06-09 16:26:04 - [MESSAGE][PASSED] - Object: 'Object Repository/DispensaryToStore/Page_Store/button_Add' is clicked on

2018-06-09 16:26:04 - [TEST_STEP][PASSED] - Statement - Break: null

2018-06-09 16:26:04 - [TEST_STEP][PASSED] - selectOptionByIndex: All options with index in [4] are selected on object 'Object Repository/DispensaryToStore/Page_Store/select_--Select--Adernaline 0.'

2018-06-09 16:26:04 - [MESSAGE][PASSED] - All options with index in [4] are selected on object 'Object Repository/DispensaryToStore/Page_Store/select_--Select--Adernaline 0.'

2018-06-09 16:26:04 - [TEST_STEP][PASSED] - delay: Delayed 2 second(s)

2018-06-09 16:26:06 - [MESSAGE][PASSED] - Delayed 2 second(s)

2018-06-09 16:26:06 - [TEST_STEP][PASSED] - Statement - RequestedQty = com.kms.katalon.core.webui.keyword.WebUiBuiltInKeywords.getAttribute(com.kms.katalon.core.testobject.ObjectRepository.findTestObject(DispensaryToStore/Page_Store/input_txttotal), "value"): Attribute 'value' of object 'Object Repository/DispensaryToStore/Page_Store/input_txttotal' is: '10'

2018-06-09 16:26:06 - [MESSAGE][PASSED] - Attribute 'value' of object 'Object Repository/DispensaryToStore/Page_Store/input_txttotal' is: '10'

2018-06-09 16:26:06 - [TEST_STEP][PASSED] - Statement - out.println("Requested QTY : " + RequestedQty): null

2018-06-09 16:26:06 - [TEST_STEP][PASSED] - Statement - BatchNumber = com.kms.katalon.core.webui.keyword.WebUiBuiltInKeywords.getNumberOfTotalOption(com.kms.katalon.core.testobject.ObjectRepository.findTestObject(DispensaryToStore/Page_Store/select_--Select--BA1170BA2376B)): 3 options of object 'Object Repository/DispensaryToStore/Page_Store/select_--Select--BA1170BA2376B' counted

2018-06-09 16:26:07 - [MESSAGE][PASSED] - 3 options of object 'Object Repository/DispensaryToStore/Page_Store/select_--Select--BA1170BA2376B' counted

2018-06-09 16:26:07 - [TEST_STEP][PASSED] - Statement - For ([g = 1, g <= BatchNumber - 1, (g++)]): null

2018-06-09 16:26:07 - [TEST_STEP][PASSED] - selectOptionByIndex: All options with index in [1] are selected on object 'Object Repository/DispensaryToStore/Page_Store/select_--Select--BA1170BA2376B'

2018-06-09 16:26:07 - [MESSAGE][PASSED] - All options with index in [1] are selected on object 'Object Repository/DispensaryToStore/Page_Store/select_--Select--BA1170BA2376B'

2018-06-09 16:26:07 - [TEST_STEP][PASSED] - Statement - Try: null

2018-06-09 16:26:07 - [TEST_STEP][PASSED] - Statement - StockQty = com.kms.katalon.core.webui.keyword.WebUiBuiltInKeywords.getAttribute(com.kms.katalon.core.testobject.ObjectRepository.findTestObject(DispensaryToStore/Page_Store/input_txtprice), "value"): Attribute 'value' of object 'Object Repository/DispensaryToStore/Page_Store/input_txtprice' is: '375'

2018-06-09 16:26:07 - [MESSAGE][PASSED] - Attribute 'value' of object 'Object Repository/DispensaryToStore/Page_Store/input_txtprice' is: '375'

2018-06-09 16:26:07 - [TEST_STEP][PASSED] - Statement - out.println("Stock QTY : " + StockQty): null

2018-06-09 16:26:07 - [TEST_STEP][PASSED] - delay: Delayed 2 second(s)

2018-06-09 16:26:09 - [MESSAGE][PASSED] - Delayed 2 second(s)

2018-06-09 16:26:09 - [TEST_STEP][PASSED] - Statement - If (java.lang.String.valueOf(StockQty) >= java.lang.String.valueOf(RequestedQty)): null

2018-06-09 16:26:09 - [TEST_STEP][PASSED] - setText: Text '10' is set on object 'Object Repository/DispensaryToStore/Page_Store/input_txtqty'

2018-06-09 16:26:09 - [MESSAGE][PASSED] - Text '10' is set on object 'Object Repository/DispensaryToStore/Page_Store/input_txtqty'

2018-06-09 16:26:09 - [TEST_STEP][PASSED] - click: Object: 'Object Repository/DispensaryToStore/Page_Store/button_Add' is clicked on

2018-06-09 16:26:09 - [MESSAGE][PASSED] - Object: 'Object Repository/DispensaryToStore/Page_Store/button_Add' is clicked on

2018-06-09 16:26:09 - [TEST_STEP][PASSED] - Statement - Break: null

2018-06-09 16:26:09 - [TEST_STEP][PASSED] - selectOptionByIndex: All options with index in [5] are selected on object 'Object Repository/DispensaryToStore/Page_Store/select_--Select--Adernaline 0.'

2018-06-09 16:26:09 - [MESSAGE][PASSED] - All options with index in [5] are selected on object 'Object Repository/DispensaryToStore/Page_Store/select_--Select--Adernaline 0.'

2018-06-09 16:26:09 - [TEST_STEP][PASSED] - delay: Delayed 2 second(s)

2018-06-09 16:26:11 - [MESSAGE][PASSED] - Delayed 2 second(s)

2018-06-09 16:26:11 - [TEST_STEP][PASSED] - Statement - RequestedQty = com.kms.katalon.core.webui.keyword.WebUiBuiltInKeywords.getAttribute(com.kms.katalon.core.testobject.ObjectRepository.findTestObject(DispensaryToStore/Page_Store/input_txttotal), "value"): Attribute 'value' of object 'Object Repository/DispensaryToStore/Page_Store/input_txttotal' is: '10'

2018-06-09 16:26:11 - [MESSAGE][PASSED] - Attribute 'value' of object 'Object Repository/DispensaryToStore/Page_Store/input_txttotal' is: '10'

2018-06-09 16:26:11 - [TEST_STEP][PASSED] - Statement - out.println("Requested QTY : " + RequestedQty): null

2018-06-09 16:26:11 - [TEST_STEP][PASSED] - Statement - BatchNumber = com.kms.katalon.core.webui.keyword.WebUiBuiltInKeywords.getNumberOfTotalOption(com.kms.katalon.core.testobject.ObjectRepository.findTestObject(DispensaryToStore/Page_Store/select_--Select--BA1170BA2376B)): 4 options of object 'Object Repository/DispensaryToStore/Page_Store/select_--Select--BA1170BA2376B' counted

2018-06-09 16:26:11 - [MESSAGE][PASSED] - 4 options of object 'Object Repository/DispensaryToStore/Page_Store/select_--Select--BA1170BA2376B' counted

2018-06-09 16:26:11 - [TEST_STEP][PASSED] - Statement - For ([g = 1, g <= BatchNumber - 1, (g++)]): null

2018-06-09 16:26:11 - [TEST_STEP][PASSED] - selectOptionByIndex: All options with index in [1] are selected on object 'Object Repository/DispensaryToStore/Page_Store/select_--Select--BA1170BA2376B'

2018-06-09 16:26:11 - [MESSAGE][PASSED] - All options with index in [1] are selected on object 'Object Repository/DispensaryToStore/Page_Store/select_--Select--BA1170BA2376B'

2018-06-09 16:26:11 - [TEST_STEP][PASSED] - Statement - Try: null

2018-06-09 16:26:11 - [TEST_STEP][PASSED] - Statement - StockQty = com.kms.katalon.core.webui.keyword.WebUiBuiltInKeywords.getAttribute(com.kms.katalon.core.testobject.ObjectRepository.findTestObject(DispensaryToStore/Page_Store/input_txtprice), "value"): Attribute 'value' of object 'Object Repository/DispensaryToStore/Page_Store/input_txtprice' is: '140'

2018-06-09 16:26:11 - [MESSAGE][PASSED] - Attribute 'value' of object 'Object Repository/DispensaryToStore/Page_Store/input_txtprice' is: '140'

2018-06-09 16:26:11 - [TEST_STEP][PASSED] - Statement - out.println("Stock QTY : " + StockQty): null

2018-06-09 16:26:11 - [TEST_STEP][PASSED] - delay: Delayed 2 second(s)

2018-06-09 16:26:13 - [MESSAGE][PASSED] - Delayed 2 second(s)

2018-06-09 16:26:13 - [TEST_STEP][PASSED] - Statement - If (java.lang.String.valueOf(StockQty) >= java.lang.String.valueOf(RequestedQty)): null

2018-06-09 16:26:13 - [TEST_STEP][PASSED] - setText: Text '10' is set on object 'Object Repository/DispensaryToStore/Page_Store/input_txtqty'

2018-06-09 16:26:13 - [MESSAGE][PASSED] - Text '10' is set on object 'Object Repository/DispensaryToStore/Page_Store/input_txtqty'

2018-06-09 16:26:13 - [TEST_STEP][PASSED] - click: Object: 'Object Repository/DispensaryToStore/Page_Store/button_Add' is clicked on

2018-06-09 16:26:13 - [MESSAGE][PASSED] - Object: 'Object Repository/DispensaryToStore/Page_Store/button_Add' is clicked on

2018-06-09 16:26:13 - [TEST_STEP][PASSED] - Statement - Break: null

2018-06-09 16:26:13 - [TEST_STEP][PASSED] - selectOptionByIndex: All options with index in [6] are selected on object 'Object Repository/DispensaryToStore/Page_Store/select_--Select--Adernaline 0.'

2018-06-09 16:26:14 - [MESSAGE][PASSED] - All options with index in [6] are selected on object 'Object Repository/DispensaryToStore/Page_Store/select_--Select--Adernaline 0.'

2018-06-09 16:26:14 - [TEST_STEP][PASSED] - delay: Delayed 2 second(s)

2018-06-09 16:26:16 - [MESSAGE][PASSED] - Delayed 2 second(s)

2018-06-09 16:26:16 - [TEST_STEP][PASSED] - Statement - RequestedQty = com.kms.katalon.core.webui.keyword.WebUiBuiltInKeywords.getAttribute(com.kms.katalon.core.testobject.ObjectRepository.findTestObject(DispensaryToStore/Page_Store/input_txttotal), "value"): Attribute 'value' of object 'Object Repository/DispensaryToStore/Page_Store/input_txttotal' is: '10'

2018-06-09 16:26:16 - [MESSAGE][PASSED] - Attribute 'value' of object 'Object Repository/DispensaryToStore/Page_Store/input_txttotal' is: '10'

2018-06-09 16:26:16 - [TEST_STEP][PASSED] - Statement - out.println("Requested QTY : " + RequestedQty): null

2018-06-09 16:26:16 - [TEST_STEP][PASSED] - Statement - BatchNumber = com.kms.katalon.core.webui.keyword.WebUiBuiltInKeywords.getNumberOfTotalOption(com.kms.katalon.core.testobject.ObjectRepository.findTestObject(DispensaryToStore/Page_Store/select_--Select--BA1170BA2376B)): 3 options of object 'Object Repository/DispensaryToStore/Page_Store/select_--Select--BA1170BA2376B' counted

2018-06-09 16:26:16 - [MESSAGE][PASSED] - 3 options of object 'Object Repository/DispensaryToStore/Page_Store/select_--Select--BA1170BA2376B' counted

2018-06-09 16:26:16 - [TEST_STEP][PASSED] - Statement - For ([g = 1, g <= BatchNumber - 1, (g++)]): null

2018-06-09 16:26:16 - [TEST_STEP][PASSED] - selectOptionByIndex: All options with index in [1] are selected on object 'Object Repository/DispensaryToStore/Page_Store/select_--Select--BA1170BA2376B'

2018-06-09 16:26:16 - [MESSAGE][PASSED] - All options with index in [1] are selected on object 'Object Repository/DispensaryToStore/Page_Store/select_--Select--BA1170BA2376B'

2018-06-09 16:26:16 - [TEST_STEP][PASSED] - Statement - Try: null

2018-06-09 16:26:16 - [TEST_STEP][PASSED] - Statement - StockQty = com.kms.katalon.core.webui.keyword.WebUiBuiltInKeywords.getAttribute(com.kms.katalon.core.testobject.ObjectRepository.findTestObject(DispensaryToStore/Page_Store/input_txtprice), "value"): Attribute 'value' of object 'Object Repository/DispensaryToStore/Page_Store/input_txtprice' is: '385'

2018-06-09 16:26:16 - [MESSAGE][PASSED] - Attribute 'value' of object 'Object Repository/DispensaryToStore/Page_Store/input_txtprice' is: '385'

2018-06-09 16:26:16 - [TEST_STEP][PASSED] - Statement - out.println("Stock QTY : " + StockQty): null

2018-06-09 16:26:16 - [TEST_STEP][PASSED] - delay: Delayed 2 second(s)

2018-06-09 16:26:18 - [MESSAGE][PASSED] - Delayed 2 second(s)

2018-06-09 16:26:18 - [TEST_STEP][PASSED] - Statement - If (java.lang.String.valueOf(StockQty) >= java.lang.String.valueOf(RequestedQty)): null

2018-06-09 16:26:18 - [TEST_STEP][PASSED] - setText: Text '10' is set on object 'Object Repository/DispensaryToStore/Page_Store/input_txtqty'

2018-06-09 16:26:18 - [MESSAGE][PASSED] - Text '10' is set on object 'Object Repository/DispensaryToStore/Page_Store/input_txtqty'

2018-06-09 16:26:18 - [TEST_STEP][PASSED] - click: Object: 'Object Repository/DispensaryToStore/Page_Store/button_Add' is clicked on

2018-06-09 16:26:18 - [MESSAGE][PASSED] - Object: 'Object Repository/DispensaryToStore/Page_Store/button_Add' is clicked on

2018-06-09 16:26:18 - [TEST_STEP][PASSED] - Statement - Break: null

2018-06-09 16:26:18 - [TEST_STEP][PASSED] - selectOptionByIndex: All options with index in [7] are selected on object 'Object Repository/DispensaryToStore/Page_Store/select_--Select--Adernaline 0.'

2018-06-09 16:26:18 - [MESSAGE][PASSED] - All options with index in [7] are selected on object 'Object Repository/DispensaryToStore/Page_Store/select_--Select--Adernaline 0.'

2018-06-09 16:26:18 - [TEST_STEP][PASSED] - delay: Delayed 2 second(s)

2018-06-09 16:26:20 - [MESSAGE][PASSED] - Delayed 2 second(s)

2018-06-09 16:26:20 - [TEST_STEP][PASSED] - Statement - RequestedQty = com.kms.katalon.core.webui.keyword.WebUiBuiltInKeywords.getAttribute(com.kms.katalon.core.testobject.ObjectRepository.findTestObject(DispensaryToStore/Page_Store/input_txttotal), "value"): Attribute 'value' of object 'Object Repository/DispensaryToStore/Page_Store/input_txttotal' is: '10'

2018-06-09 16:26:20 - [MESSAGE][PASSED] - Attribute 'value' of object 'Object Repository/DispensaryToStore/Page_Store/input_txttotal' is: '10'

2018-06-09 16:26:20 - [TEST_STEP][PASSED] - Statement - out.println("Requested QTY : " + RequestedQty): null

2018-06-09 16:26:20 - [TEST_STEP][PASSED] - Statement - BatchNumber = com.kms.katalon.core.webui.keyword.WebUiBuiltInKeywords.getNumberOfTotalOption(com.kms.katalon.core.testobject.ObjectRepository.findTestObject(DispensaryToStore/Page_Store/select_--Select--BA1170BA2376B)): 4 options of object 'Object Repository/DispensaryToStore/Page_Store/select_--Select--BA1170BA2376B' counted

2018-06-09 16:26:20 - [MESSAGE][PASSED] - 4 options of object 'Object Repository/DispensaryToStore/Page_Store/select_--Select--BA1170BA2376B' counted

2018-06-09 16:26:20 - [TEST_STEP][PASSED] - Statement - For ([g = 1, g <= BatchNumber - 1, (g++)]): null

2018-06-09 16:26:20 - [TEST_STEP][PASSED] - selectOptionByIndex: All options with index in [1] are selected on object 'Object Repository/DispensaryToStore/Page_Store/select_--Select--BA1170BA2376B'

2018-06-09 16:26:21 - [MESSAGE][PASSED] - All options with index in [1] are selected on object 'Object Repository/DispensaryToStore/Page_Store/select_--Select--BA1170BA2376B'

2018-06-09 16:26:21 - [TEST_STEP][PASSED] - Statement - Try: null

2018-06-09 16:26:21 - [TEST_STEP][PASSED] - Statement - StockQty = com.kms.katalon.core.webui.keyword.WebUiBuiltInKeywords.getAttribute(com.kms.katalon.core.testobject.ObjectRepository.findTestObject(DispensaryToStore/Page_Store/input_txtprice), "value"): Attribute 'value' of object 'Object Repository/DispensaryToStore/Page_Store/input_txtprice' is: '205'

2018-06-09 16:26:21 - [MESSAGE][PASSED] - Attribute 'value' of object 'Object Repository/DispensaryToStore/Page_Store/input_txtprice' is: '205'

2018-06-09 16:26:21 - [TEST_STEP][PASSED] - Statement - out.println("Stock QTY : " + StockQty): null

2018-06-09 16:26:21 - [TEST_STEP][PASSED] - delay: Delayed 2 second(s)

2018-06-09 16:26:23 - [MESSAGE][PASSED] - Delayed 2 second(s)

2018-06-09 16:26:23 - [TEST_STEP][PASSED] - Statement - If (java.lang.String.valueOf(StockQty) >= java.lang.String.valueOf(RequestedQty)): null

2018-06-09 16:26:23 - [TEST_STEP][PASSED] - setText: Text '10' is set on object 'Object Repository/DispensaryToStore/Page_Store/input_txtqty'

2018-06-09 16:26:23 - [MESSAGE][PASSED] - Text '10' is set on object 'Object Repository/DispensaryToStore/Page_Store/input_txtqty'

2018-06-09 16:26:23 - [TEST_STEP][PASSED] - click: Object: 'Object Repository/DispensaryToStore/Page_Store/button_Add' is clicked on

2018-06-09 16:26:23 - [MESSAGE][PASSED] - Object: 'Object Repository/DispensaryToStore/Page_Store/button_Add' is clicked on

2018-06-09 16:26:23 - [TEST_STEP][PASSED] - Statement - Break: null

2018-06-09 16:26:23 - [TEST_STEP][PASSED] - selectOptionByIndex: All options with index in [8] are selected on object 'Object Repository/DispensaryToStore/Page_Store/select_--Select--Adernaline 0.'

2018-06-09 16:26:23 - [MESSAGE][PASSED] - All options with index in [8] are selected on object 'Object Repository/DispensaryToStore/Page_Store/select_--Select--Adernaline 0.'

2018-06-09 16:26:23 - [TEST_STEP][PASSED] - delay: Delayed 2 second(s)

2018-06-09 16:26:25 - [MESSAGE][PASSED] - Delayed 2 second(s)

2018-06-09 16:26:25 - [TEST_STEP][PASSED] - Statement - RequestedQty = com.kms.katalon.core.webui.keyword.WebUiBuiltInKeywords.getAttribute(com.kms.katalon.core.testobject.ObjectRepository.findTestObject(DispensaryToStore/Page_Store/input_txttotal), "value"): Attribute 'value' of object 'Object Repository/DispensaryToStore/Page_Store/input_txttotal' is: '10'

2018-06-09 16:26:25 - [MESSAGE][PASSED] - Attribute 'value' of object 'Object Repository/DispensaryToStore/Page_Store/input_txttotal' is: '10'

2018-06-09 16:26:25 - [TEST_STEP][PASSED] - Statement - out.println("Requested QTY : " + RequestedQty): null

2018-06-09 16:26:25 - [TEST_STEP][PASSED] - Statement - BatchNumber = com.kms.katalon.core.webui.keyword.WebUiBuiltInKeywords.getNumberOfTotalOption(com.kms.katalon.core.testobject.ObjectRepository.findTestObject(DispensaryToStore/Page_Store/select_--Select--BA1170BA2376B)): 2 options of object 'Object Repository/DispensaryToStore/Page_Store/select_--Select--BA1170BA2376B' counted

2018-06-09 16:26:25 - [MESSAGE][PASSED] - 2 options of object 'Object Repository/DispensaryToStore/Page_Store/select_--Select--BA1170BA2376B' counted

2018-06-09 16:26:25 - [TEST_STEP][PASSED] - Statement - For ([g = 1, g <= BatchNumber - 1, (g++)]): null

2018-06-09 16:26:25 - [TEST_STEP][PASSED] - selectOptionByIndex: All options with index in [1] are selected on object 'Object Repository/DispensaryToStore/Page_Store/select_--Select--BA1170BA2376B'

2018-06-09 16:26:25 - [MESSAGE][PASSED] - All options with index in [1] are selected on object 'Object Repository/DispensaryToStore/Page_Store/select_--Select--BA1170BA2376B'

2018-06-09 16:26:25 - [TEST_STEP][PASSED] - Statement - Try: null

2018-06-09 16:26:25 - [TEST_STEP][PASSED] - Statement - StockQty = com.kms.katalon.core.webui.keyword.WebUiBuiltInKeywords.getAttribute(com.kms.katalon.core.testobject.ObjectRepository.findTestObject(DispensaryToStore/Page_Store/input_txtprice), "value"): Attribute 'value' of object 'Object Repository/DispensaryToStore/Page_Store/input_txtprice' is: '1340'

2018-06-09 16:26:25 - [MESSAGE][PASSED] - Attribute 'value' of object 'Object Repository/DispensaryToStore/Page_Store/input_txtprice' is: '1340'

2018-06-09 16:26:25 - [TEST_STEP][PASSED] - Statement - out.println("Stock QTY : " + StockQty): null

2018-06-09 16:26:25 - [TEST_STEP][PASSED] - delay: Delayed 2 second(s)

2018-06-09 16:26:27 - [MESSAGE][PASSED] - Delayed 2 second(s)

2018-06-09 16:26:27 - [TEST_STEP][PASSED] - Statement - If (java.lang.String.valueOf(StockQty) >= java.lang.String.valueOf(RequestedQty)): null

2018-06-09 16:26:27 - [TEST_STEP][PASSED] - setText: Text '10' is set on object 'Object Repository/DispensaryToStore/Page_Store/input_txtqty'

2018-06-09 16:26:27 - [MESSAGE][PASSED] - Text '10' is set on object 'Object Repository/DispensaryToStore/Page_Store/input_txtqty'

2018-06-09 16:26:27 - [TEST_STEP][PASSED] - click: Object: 'Object Repository/DispensaryToStore/Page_Store/button_Add' is clicked on

2018-06-09 16:26:27 - [MESSAGE][PASSED] - Object: 'Object Repository/DispensaryToStore/Page_Store/button_Add' is clicked on

2018-06-09 16:26:27 - [TEST_STEP][PASSED] - Statement - Break: null

2018-06-09 16:26:27 - [TEST_STEP][PASSED] - selectOptionByIndex: All options with index in [9] are selected on object 'Object Repository/DispensaryToStore/Page_Store/select_--Select--Adernaline 0.'

2018-06-09 16:26:28 - [MESSAGE][PASSED] - All options with index in [9] are selected on object 'Object Repository/DispensaryToStore/Page_Store/select_--Select--Adernaline 0.'

2018-06-09 16:26:28 - [TEST_STEP][PASSED] - delay: Delayed 2 second(s)

2018-06-09 16:26:30 - [MESSAGE][PASSED] - Delayed 2 second(s)

2018-06-09 16:26:30 - [TEST_STEP][PASSED] - Statement - RequestedQty = com.kms.katalon.core.webui.keyword.WebUiBuiltInKeywords.getAttribute(com.kms.katalon.core.testobject.ObjectRepository.findTestObject(DispensaryToStore/Page_Store/input_txttotal), "value"): Attribute 'value' of object 'Object Repository/DispensaryToStore/Page_Store/input_txttotal' is: '10'

2018-06-09 16:26:30 - [MESSAGE][PASSED] - Attribute 'value' of object 'Object Repository/DispensaryToStore/Page_Store/input_txttotal' is: '10'

2018-06-09 16:26:30 - [TEST_STEP][PASSED] - Statement - out.println("Requested QTY : " + RequestedQty): null

2018-06-09 16:26:30 - [TEST_STEP][PASSED] - Statement - BatchNumber = com.kms.katalon.core.webui.keyword.WebUiBuiltInKeywords.getNumberOfTotalOption(com.kms.katalon.core.testobject.ObjectRepository.findTestObject(DispensaryToStore/Page_Store/select_--Select--BA1170BA2376B)): 4 options of object 'Object Repository/DispensaryToStore/Page_Store/select_--Select--BA1170BA2376B' counted

2018-06-09 16:26:30 - [MESSAGE][PASSED] - 4 options of object 'Object Repository/DispensaryToStore/Page_Store/select_--Select--BA1170BA2376B' counted

2018-06-09 16:26:30 - [TEST_STEP][PASSED] - Statement - For ([g = 1, g <= BatchNumber - 1, (g++)]): null

2018-06-09 16:26:30 - [TEST_STEP][PASSED] - selectOptionByIndex: All options with index in [1] are selected on object 'Object Repository/DispensaryToStore/Page_Store/select_--Select--BA1170BA2376B'

2018-06-09 16:26:30 - [MESSAGE][PASSED] - All options with index in [1] are selected on object 'Object Repository/DispensaryToStore/Page_Store/select_--Select--BA1170BA2376B'

2018-06-09 16:26:30 - [TEST_STEP][PASSED] - Statement - Try: null

2018-06-09 16:26:30 - [TEST_STEP][PASSED] - Statement - StockQty = com.kms.katalon.core.webui.keyword.WebUiBuiltInKeywords.getAttribute(com.kms.katalon.core.testobject.ObjectRepository.findTestObject(DispensaryToStore/Page_Store/input_txtprice), "value"): Attribute 'value' of object 'Object Repository/DispensaryToStore/Page_Store/input_txtprice' is: '205'

2018-06-09 16:26:30 - [MESSAGE][PASSED] - Attribute 'value' of object 'Object Repository/DispensaryToStore/Page_Store/input_txtprice' is: '205'

2018-06-09 16:26:30 - [TEST_STEP][PASSED] - Statement - out.println("Stock QTY : " + StockQty): null

2018-06-09 16:26:30 - [TEST_STEP][PASSED] - delay: Delayed 2 second(s)

2018-06-09 16:26:32 - [MESSAGE][PASSED] - Delayed 2 second(s)

2018-06-09 16:26:32 - [TEST_STEP][PASSED] - Statement - If (java.lang.String.valueOf(StockQty) >= java.lang.String.valueOf(RequestedQty)): null

2018-06-09 16:26:32 - [TEST_STEP][PASSED] - setText: Text '10' is set on object 'Object Repository/DispensaryToStore/Page_Store/input_txtqty'

2018-06-09 16:26:32 - [MESSAGE][PASSED] - Text '10' is set on object 'Object Repository/DispensaryToStore/Page_Store/input_txtqty'

2018-06-09 16:26:32 - [TEST_STEP][PASSED] - click: Object: 'Object Repository/DispensaryToStore/Page_Store/button_Add' is clicked on

2018-06-09 16:26:32 - [MESSAGE][PASSED] - Object: 'Object Repository/DispensaryToStore/Page_Store/button_Add' is clicked on

2018-06-09 16:26:32 - [TEST_STEP][PASSED] - Statement - Break: null

2018-06-09 16:26:32 - [TEST_STEP][PASSED] - selectOptionByIndex: All options with index in [10] are selected on object 'Object Repository/DispensaryToStore/Page_Store/select_--Select--Adernaline 0.'

2018-06-09 16:26:32 - [MESSAGE][PASSED] - All options with index in [10] are selected on object 'Object Repository/DispensaryToStore/Page_Store/select_--Select--Adernaline 0.'

2018-06-09 16:26:32 - [TEST_STEP][PASSED] - delay: Delayed 2 second(s)

2018-06-09 16:26:34 - [MESSAGE][PASSED] - Delayed 2 second(s)

2018-06-09 16:26:34 - [TEST_STEP][PASSED] - Statement - RequestedQty = com.kms.katalon.core.webui.keyword.WebUiBuiltInKeywords.getAttribute(com.kms.katalon.core.testobject.ObjectRepository.findTestObject(DispensaryToStore/Page_Store/input_txttotal), "value"): Attribute 'value' of object 'Object Repository/DispensaryToStore/Page_Store/input_txttotal' is: '10'

2018-06-09 16:26:34 - [MESSAGE][PASSED] - Attribute 'value' of object 'Object Repository/DispensaryToStore/Page_Store/input_txttotal' is: '10'

2018-06-09 16:26:34 - [TEST_STEP][PASSED] - Statement - out.println("Requested QTY : " + RequestedQty): null

2018-06-09 16:26:34 - [TEST_STEP][PASSED] - Statement - BatchNumber = com.kms.katalon.core.webui.keyword.WebUiBuiltInKeywords.getNumberOfTotalOption(com.kms.katalon.core.testobject.ObjectRepository.findTestObject(DispensaryToStore/Page_Store/select_--Select--BA1170BA2376B)): 2 options of object 'Object Repository/DispensaryToStore/Page_Store/select_--Select--BA1170BA2376B' counted

2018-06-09 16:26:34 - [MESSAGE][PASSED] - 2 options of object 'Object Repository/DispensaryToStore/Page_Store/select_--Select--BA1170BA2376B' counted

2018-06-09 16:26:34 - [TEST_STEP][PASSED] - Statement - For ([g = 1, g <= BatchNumber - 1, (g++)]): null

2018-06-09 16:26:34 - [TEST_STEP][PASSED] - selectOptionByIndex: All options with index in [1] are selected on object 'Object Repository/DispensaryToStore/Page_Store/select_--Select--BA1170BA2376B'

2018-06-09 16:26:34 - [MESSAGE][PASSED] - All options with index in [1] are selected on object 'Object Repository/DispensaryToStore/Page_Store/select_--Select--BA1170BA2376B'

2018-06-09 16:26:34 - [TEST_STEP][PASSED] - Statement - Try: null

2018-06-09 16:26:34 - [TEST_STEP][PASSED] - Statement - StockQty = com.kms.katalon.core.webui.keyword.WebUiBuiltInKeywords.getAttribute(com.kms.katalon.core.testobject.ObjectRepository.findTestObject(DispensaryToStore/Page_Store/input_txtprice), "value"): Attribute 'value' of object 'Object Repository/DispensaryToStore/Page_Store/input_txtprice' is: '910'

2018-06-09 16:26:35 - [MESSAGE][PASSED] - Attribute 'value' of object 'Object Repository/DispensaryToStore/Page_Store/input_txtprice' is: '910'

2018-06-09 16:26:35 - [TEST_STEP][PASSED] - Statement - out.println("Stock QTY : " + StockQty): null

2018-06-09 16:26:35 - [TEST_STEP][PASSED] - delay: Delayed 2 second(s)

2018-06-09 16:26:37 - [MESSAGE][PASSED] - Delayed 2 second(s)

2018-06-09 16:26:37 - [TEST_STEP][PASSED] - Statement - If (java.lang.String.valueOf(StockQty) >= java.lang.String.valueOf(RequestedQty)): null

2018-06-09 16:26:37 - [TEST_STEP][PASSED] - setText: Text '10' is set on object 'Object Repository/DispensaryToStore/Page_Store/input_txtqty'

2018-06-09 16:26:37 - [MESSAGE][PASSED] - Text '10' is set on object 'Object Repository/DispensaryToStore/Page_Store/input_txtqty'

2018-06-09 16:26:37 - [TEST_STEP][PASSED] - click: Object: 'Object Repository/DispensaryToStore/Page_Store/button_Add' is clicked on

2018-06-09 16:26:37 - [MESSAGE][PASSED] - Object: 'Object Repository/DispensaryToStore/Page_Store/button_Add' is clicked on

2018-06-09 16:26:37 - [TEST_STEP][PASSED] - Statement - Break: null

2018-06-09 16:26:37 - [TEST_STEP][PASSED] - selectOptionByIndex: All options with index in [11] are selected on object 'Object Repository/DispensaryToStore/Page_Store/select_--Select--Adernaline 0.'

2018-06-09 16:26:37 - [MESSAGE][PASSED] - All options with index in [11] are selected on object 'Object Repository/DispensaryToStore/Page_Store/select_--Select--Adernaline 0.'

2018-06-09 16:26:37 - [TEST_STEP][PASSED] - delay: Delayed 2 second(s)

2018-06-09 16:26:39 - [MESSAGE][PASSED] - Delayed 2 second(s)

2018-06-09 16:26:39 - [TEST_STEP][PASSED] - Statement - RequestedQty = com.kms.katalon.core.webui.keyword.WebUiBuiltInKeywords.getAttribute(com.kms.katalon.core.testobject.ObjectRepository.findTestObject(DispensaryToStore/Page_Store/input_txttotal), "value"): Attribute 'value' of object 'Object Repository/DispensaryToStore/Page_Store/input_txttotal' is: '10'

2018-06-09 16:26:39 - [MESSAGE][PASSED] - Attribute 'value' of object 'Object Repository/DispensaryToStore/Page_Store/input_txttotal' is: '10'

2018-06-09 16:26:39 - [TEST_STEP][PASSED] - Statement - out.println("Requested QTY : " + RequestedQty): null

2018-06-09 16:26:39 - [TEST_STEP][PASSED] - Statement - BatchNumber = com.kms.katalon.core.webui.keyword.WebUiBuiltInKeywords.getNumberOfTotalOption(com.kms.katalon.core.testobject.ObjectRepository.findTestObject(DispensaryToStore/Page_Store/select_--Select--BA1170BA2376B)): 3 options of object 'Object Repository/DispensaryToStore/Page_Store/select_--Select--BA1170BA2376B' counted

2018-06-09 16:26:39 - [MESSAGE][PASSED] - 3 options of object 'Object Repository/DispensaryToStore/Page_Store/select_--Select--BA1170BA2376B' counted

2018-06-09 16:26:39 - [TEST_STEP][PASSED] - Statement - For ([g = 1, g <= BatchNumber - 1, (g++)]): null

2018-06-09 16:26:39 - [TEST_STEP][PASSED] - selectOptionByIndex: All options with index in [1] are selected on object 'Object Repository/DispensaryToStore/Page_Store/select_--Select--BA1170BA2376B'

2018-06-09 16:26:39 - [MESSAGE][PASSED] - All options with index in [1] are selected on object 'Object Repository/DispensaryToStore/Page_Store/select_--Select--BA1170BA2376B'

2018-06-09 16:26:39 - [TEST_STEP][PASSED] - Statement - Try: null

2018-06-09 16:26:39 - [TEST_STEP][PASSED] - Statement - StockQty = com.kms.katalon.core.webui.keyword.WebUiBuiltInKeywords.getAttribute(com.kms.katalon.core.testobject.ObjectRepository.findTestObject(DispensaryToStore/Page_Store/input_txtprice), "value"): Attribute 'value' of object 'Object Repository/DispensaryToStore/Page_Store/input_txtprice' is: '385'

2018-06-09 16:26:39 - [MESSAGE][PASSED] - Attribute 'value' of object 'Object Repository/DispensaryToStore/Page_Store/input_txtprice' is: '385'

2018-06-09 16:26:39 - [TEST_STEP][PASSED] - Statement - out.println("Stock QTY : " + StockQty): null

2018-06-09 16:26:39 - [TEST_STEP][PASSED] - delay: Delayed 2 second(s)

2018-06-09 16:26:41 - [MESSAGE][PASSED] - Delayed 2 second(s)

2018-06-09 16:26:41 - [TEST_STEP][PASSED] - Statement - If (java.lang.String.valueOf(StockQty) >= java.lang.String.valueOf(RequestedQty)): null

2018-06-09 16:26:41 - [TEST_STEP][PASSED] - setText: Text '10' is set on object 'Object Repository/DispensaryToStore/Page_Store/input_txtqty'

2018-06-09 16:26:41 - [MESSAGE][PASSED] - Text '10' is set on object 'Object Repository/DispensaryToStore/Page_Store/input_txtqty'

2018-06-09 16:26:41 - [TEST_STEP][PASSED] - click: Object: 'Object Repository/DispensaryToStore/Page_Store/button_Add' is clicked on

2018-06-09 16:26:41 - [MESSAGE][PASSED] - Object: 'Object Repository/DispensaryToStore/Page_Store/button_Add' is clicked on

2018-06-09 16:26:41 - [TEST_STEP][PASSED] - Statement - Break: null

2018-06-09 16:26:41 - [TEST_STEP][PASSED] - selectOptionByIndex: All options with index in [12] are selected on object 'Object Repository/DispensaryToStore/Page_Store/select_--Select--Adernaline 0.'

2018-06-09 16:26:42 - [MESSAGE][PASSED] - All options with index in [12] are selected on object 'Object Repository/DispensaryToStore/Page_Store/select_--Select--Adernaline 0.'

2018-06-09 16:26:42 - [TEST_STEP][PASSED] - delay: Delayed 2 second(s)

2018-06-09 16:26:44 - [MESSAGE][PASSED] - Delayed 2 second(s)

2018-06-09 16:26:44 - [TEST_STEP][PASSED] - Statement - RequestedQty = com.kms.katalon.core.webui.keyword.WebUiBuiltInKeywords.getAttribute(com.kms.katalon.core.testobject.ObjectRepository.findTestObject(DispensaryToStore/Page_Store/input_txttotal), "value"): Attribute 'value' of object 'Object Repository/DispensaryToStore/Page_Store/input_txttotal' is: '10'

2018-06-09 16:26:44 - [MESSAGE][PASSED] - Attribute 'value' of object 'Object Repository/DispensaryToStore/Page_Store/input_txttotal' is: '10'

2018-06-09 16:26:44 - [TEST_STEP][PASSED] - Statement - out.println("Requested QTY : " + RequestedQty): null

2018-06-09 16:26:44 - [TEST_STEP][PASSED] - Statement - BatchNumber = com.kms.katalon.core.webui.keyword.WebUiBuiltInKeywords.getNumberOfTotalOption(com.kms.katalon.core.testobject.ObjectRepository.findTestObject(DispensaryToStore/Page_Store/select_--Select--BA1170BA2376B)): 3 options of object 'Object Repository/DispensaryToStore/Page_Store/select_--Select--BA1170BA2376B' counted

2018-06-09 16:26:44 - [MESSAGE][PASSED] - 3 options of object 'Object Repository/DispensaryToStore/Page_Store/select_--Select--BA1170BA2376B' counted

2018-06-09 16:26:44 - [TEST_STEP][PASSED] - Statement - For ([g = 1, g <= BatchNumber - 1, (g++)]): null

2018-06-09 16:26:44 - [TEST_STEP][PASSED] - selectOptionByIndex: All options with index in [1] are selected on object 'Object Repository/DispensaryToStore/Page_Store/select_--Select--BA1170BA2376B'

2018-06-09 16:26:44 - [MESSAGE][PASSED] - All options with index in [1] are selected on object 'Object Repository/DispensaryToStore/Page_Store/select_--Select--BA1170BA2376B'

2018-06-09 16:26:44 - [TEST_STEP][PASSED] - Statement - Try: null

2018-06-09 16:26:44 - [TEST_STEP][PASSED] - Statement - StockQty = com.kms.katalon.core.webui.keyword.WebUiBuiltInKeywords.getAttribute(com.kms.katalon.core.testobject.ObjectRepository.findTestObject(DispensaryToStore/Page_Store/input_txtprice), "value"): Attribute 'value' of object 'Object Repository/DispensaryToStore/Page_Store/input_txtprice' is: '385'

2018-06-09 16:26:44 - [MESSAGE][PASSED] - Attribute 'value' of object 'Object Repository/DispensaryToStore/Page_Store/input_txtprice' is: '385'

2018-06-09 16:26:44 - [TEST_STEP][PASSED] - Statement - out.println("Stock QTY : " + StockQty): null

2018-06-09 16:26:44 - [TEST_STEP][PASSED] - delay: Delayed 2 second(s)

2018-06-09 16:26:46 - [MESSAGE][PASSED] - Delayed 2 second(s)

2018-06-09 16:26:46 - [TEST_STEP][PASSED] - Statement - If (java.lang.String.valueOf(StockQty) >= java.lang.String.valueOf(RequestedQty)): null

2018-06-09 16:26:46 - [TEST_STEP][PASSED] - setText: Text '10' is set on object 'Object Repository/DispensaryToStore/Page_Store/input_txtqty'

2018-06-09 16:26:46 - [MESSAGE][PASSED] - Text '10' is set on object 'Object Repository/DispensaryToStore/Page_Store/input_txtqty'

2018-06-09 16:26:46 - [TEST_STEP][PASSED] - click: Object: 'Object Repository/DispensaryToStore/Page_Store/button_Add' is clicked on

2018-06-09 16:26:46 - [MESSAGE][PASSED] - Object: 'Object Repository/DispensaryToStore/Page_Store/button_Add' is clicked on

2018-06-09 16:26:46 - [TEST_STEP][PASSED] - Statement - Break: null

2018-06-09 16:26:46 - [TEST_STEP][PASSED] - selectOptionByIndex: All options with index in [13] are selected on object 'Object Repository/DispensaryToStore/Page_Store/select_--Select--Adernaline 0.'

2018-06-09 16:26:46 - [MESSAGE][PASSED] - All options with index in [13] are selected on object 'Object Repository/DispensaryToStore/Page_Store/select_--Select--Adernaline 0.'

2018-06-09 16:26:46 - [TEST_STEP][PASSED] - delay: Delayed 2 second(s)

2018-06-09 16:26:48 - [MESSAGE][PASSED] - Delayed 2 second(s)

2018-06-09 16:26:48 - [TEST_STEP][PASSED] - Statement - RequestedQty = com.kms.katalon.core.webui.keyword.WebUiBuiltInKeywords.getAttribute(com.kms.katalon.core.testobject.ObjectRepository.findTestObject(DispensaryToStore/Page_Store/input_txttotal), "value"): Attribute 'value' of object 'Object Repository/DispensaryToStore/Page_Store/input_txttotal' is: '10'

2018-06-09 16:26:48 - [MESSAGE][PASSED] - Attribute 'value' of object 'Object Repository/DispensaryToStore/Page_Store/input_txttotal' is: '10'

2018-06-09 16:26:48 - [TEST_STEP][PASSED] - Statement - out.println("Requested QTY : " + RequestedQty): null

2018-06-09 16:26:48 - [TEST_STEP][PASSED] - Statement - BatchNumber = com.kms.katalon.core.webui.keyword.WebUiBuiltInKeywords.getNumberOfTotalOption(com.kms.katalon.core.testobject.ObjectRepository.findTestObject(DispensaryToStore/Page_Store/select_--Select--BA1170BA2376B)): 4 options of object 'Object Repository/DispensaryToStore/Page_Store/select_--Select--BA1170BA2376B' counted

2018-06-09 16:26:48 - [MESSAGE][PASSED] - 4 options of object 'Object Repository/DispensaryToStore/Page_Store/select_--Select--BA1170BA2376B' counted

2018-06-09 16:26:48 - [TEST_STEP][PASSED] - Statement - For ([g = 1, g <= BatchNumber - 1, (g++)]): null

2018-06-09 16:26:48 - [TEST_STEP][PASSED] - selectOptionByIndex: All options with index in [1] are selected on object 'Object Repository/DispensaryToStore/Page_Store/select_--Select--BA1170BA2376B'

2018-06-09 16:26:49 - [MESSAGE][PASSED] - All options with index in [1] are selected on object 'Object Repository/DispensaryToStore/Page_Store/select_--Select--BA1170BA2376B'

2018-06-09 16:26:49 - [TEST_STEP][PASSED] - Statement - Try: null

2018-06-09 16:26:49 - [TEST_STEP][PASSED] - Statement - StockQty = com.kms.katalon.core.webui.keyword.WebUiBuiltInKeywords.getAttribute(com.kms.katalon.core.testobject.ObjectRepository.findTestObject(DispensaryToStore/Page_Store/input_txtprice), "value"): Attribute 'value' of object 'Object Repository/DispensaryToStore/Page_Store/input_txtprice' is: '140'

2018-06-09 16:26:49 - [MESSAGE][PASSED] - Attribute 'value' of object 'Object Repository/DispensaryToStore/Page_Store/input_txtprice' is: '140'

2018-06-09 16:26:49 - [TEST_STEP][PASSED] - Statement - out.println("Stock QTY : " + StockQty): null

2018-06-09 16:26:49 - [TEST_STEP][PASSED] - delay: Delayed 2 second(s)

2018-06-09 16:26:51 - [MESSAGE][PASSED] - Delayed 2 second(s)

2018-06-09 16:26:51 - [TEST_STEP][PASSED] - Statement - If (java.lang.String.valueOf(StockQty) >= java.lang.String.valueOf(RequestedQty)): null

2018-06-09 16:26:51 - [TEST_STEP][PASSED] - setText: Text '10' is set on object 'Object Repository/DispensaryToStore/Page_Store/input_txtqty'

2018-06-09 16:26:51 - [MESSAGE][PASSED] - Text '10' is set on object 'Object Repository/DispensaryToStore/Page_Store/input_txtqty'

2018-06-09 16:26:51 - [TEST_STEP][PASSED] - click: Object: 'Object Repository/DispensaryToStore/Page_Store/button_Add' is clicked on

2018-06-09 16:26:51 - [MESSAGE][PASSED] - Object: 'Object Repository/DispensaryToStore/Page_Store/button_Add' is clicked on

2018-06-09 16:26:51 - [TEST_STEP][PASSED] - Statement - Break: null

2018-06-09 16:26:51 - [TEST_STEP][PASSED] - selectOptionByIndex: All options with index in [14] are selected on object 'Object Repository/DispensaryToStore/Page_Store/select_--Select--Adernaline 0.'

2018-06-09 16:26:51 - [MESSAGE][PASSED] - All options with index in [14] are selected on object 'Object Repository/DispensaryToStore/Page_Store/select_--Select--Adernaline 0.'

2018-06-09 16:26:51 - [TEST_STEP][PASSED] - delay: Delayed 2 second(s)

2018-06-09 16:26:53 - [MESSAGE][PASSED] - Delayed 2 second(s)

2018-06-09 16:26:53 - [TEST_STEP][PASSED] - Statement - RequestedQty = com.kms.katalon.core.webui.keyword.WebUiBuiltInKeywords.getAttribute(com.kms.katalon.core.testobject.ObjectRepository.findTestObject(DispensaryToStore/Page_Store/input_txttotal), "value"): Attribute 'value' of object 'Object Repository/DispensaryToStore/Page_Store/input_txttotal' is: '10'

2018-06-09 16:26:53 - [MESSAGE][PASSED] - Attribute 'value' of object 'Object Repository/DispensaryToStore/Page_Store/input_txttotal' is: '10'

2018-06-09 16:26:53 - [TEST_STEP][PASSED] - Statement - out.println("Requested QTY : " + RequestedQty): null

2018-06-09 16:26:53 - [TEST_STEP][PASSED] - Statement - BatchNumber = com.kms.katalon.core.webui.keyword.WebUiBuiltInKeywords.getNumberOfTotalOption(com.kms.katalon.core.testobject.ObjectRepository.findTestObject(DispensaryToStore/Page_Store/select_--Select--BA1170BA2376B)): 3 options of object 'Object Repository/DispensaryToStore/Page_Store/select_--Select--BA1170BA2376B' counted

2018-06-09 16:26:53 - [MESSAGE][PASSED] - 3 options of object 'Object Repository/DispensaryToStore/Page_Store/select_--Select--BA1170BA2376B' counted

2018-06-09 16:26:53 - [TEST_STEP][PASSED] - Statement - For ([g = 1, g <= BatchNumber - 1, (g++)]): null

2018-06-09 16:26:53 - [TEST_STEP][PASSED] - selectOptionByIndex: All options with index in [1] are selected on object 'Object Repository/DispensaryToStore/Page_Store/select_--Select--BA1170BA2376B'

2018-06-09 16:26:53 - [MESSAGE][PASSED] - All options with index in [1] are selected on object 'Object Repository/DispensaryToStore/Page_Store/select_--Select--BA1170BA2376B'

2018-06-09 16:26:53 - [TEST_STEP][PASSED] - Statement - Try: null

2018-06-09 16:26:53 - [TEST_STEP][PASSED] - Statement - StockQty = com.kms.katalon.core.webui.keyword.WebUiBuiltInKeywords.getAttribute(com.kms.katalon.core.testobject.ObjectRepository.findTestObject(DispensaryToStore/Page_Store/input_txtprice), "value"): Attribute 'value' of object 'Object Repository/DispensaryToStore/Page_Store/input_txtprice' is: '385'

2018-06-09 16:26:53 - [MESSAGE][PASSED] - Attribute 'value' of object 'Object Repository/DispensaryToStore/Page_Store/input_txtprice' is: '385'

2018-06-09 16:26:53 - [TEST_STEP][PASSED] - Statement - out.println("Stock QTY : " + StockQty): null

2018-06-09 16:26:53 - [TEST_STEP][PASSED] - delay: Delayed 2 second(s)

2018-06-09 16:26:55 - [MESSAGE][PASSED] - Delayed 2 second(s)

2018-06-09 16:26:55 - [TEST_STEP][PASSED] - Statement - If (java.lang.String.valueOf(StockQty) >= java.lang.String.valueOf(RequestedQty)): null

2018-06-09 16:26:55 - [TEST_STEP][PASSED] - setText: Text '10' is set on object 'Object Repository/DispensaryToStore/Page_Store/input_txtqty'

2018-06-09 16:26:55 - [MESSAGE][PASSED] - Text '10' is set on object 'Object Repository/DispensaryToStore/Page_Store/input_txtqty'

2018-06-09 16:26:55 - [TEST_STEP][PASSED] - click: Object: 'Object Repository/DispensaryToStore/Page_Store/button_Add' is clicked on

2018-06-09 16:26:55 - [MESSAGE][PASSED] - Object: 'Object Repository/DispensaryToStore/Page_Store/button_Add' is clicked on

2018-06-09 16:26:55 - [TEST_STEP][PASSED] - Statement - Break: null

2018-06-09 16:26:55 - [TEST_STEP][PASSED] - selectOptionByIndex: All options with index in [15] are selected on object 'Object Repository/DispensaryToStore/Page_Store/select_--Select--Adernaline 0.'

2018-06-09 16:26:56 - [MESSAGE][PASSED] - All options with index in [15] are selected on object 'Object Repository/DispensaryToStore/Page_Store/select_--Select--Adernaline 0.'

2018-06-09 16:26:56 - [TEST_STEP][PASSED] - delay: Delayed 2 second(s)

2018-06-09 16:26:58 - [MESSAGE][PASSED] - Delayed 2 second(s)

2018-06-09 16:26:58 - [TEST_STEP][PASSED] - Statement - RequestedQty = com.kms.katalon.core.webui.keyword.WebUiBuiltInKeywords.getAttribute(com.kms.katalon.core.testobject.ObjectRepository.findTestObject(DispensaryToStore/Page_Store/input_txttotal), "value"): Attribute 'value' of object 'Object Repository/DispensaryToStore/Page_Store/input_txttotal' is: '10'

2018-06-09 16:26:58 - [MESSAGE][PASSED] - Attribute 'value' of object 'Object Repository/DispensaryToStore/Page_Store/input_txttotal' is: '10'

2018-06-09 16:26:58 - [TEST_STEP][PASSED] - Statement - out.println("Requested QTY : " + RequestedQty): null

2018-06-09 16:26:58 - [TEST_STEP][PASSED] - Statement - BatchNumber = com.kms.katalon.core.webui.keyword.WebUiBuiltInKeywords.getNumberOfTotalOption(com.kms.katalon.core.testobject.ObjectRepository.findTestObject(DispensaryToStore/Page_Store/select_--Select--BA1170BA2376B)): 2 options of object 'Object Repository/DispensaryToStore/Page_Store/select_--Select--BA1170BA2376B' counted

2018-06-09 16:26:58 - [MESSAGE][PASSED] - 2 options of object 'Object Repository/DispensaryToStore/Page_Store/select_--Select--BA1170BA2376B' counted

2018-06-09 16:26:58 - [TEST_STEP][PASSED] - Statement - For ([g = 1, g <= BatchNumber - 1, (g++)]): null

2018-06-09 16:26:58 - [TEST_STEP][PASSED] - selectOptionByIndex: All options with index in [1] are selected on object 'Object Repository/DispensaryToStore/Page_Store/select_--Select--BA1170BA2376B'

2018-06-09 16:26:58 - [MESSAGE][PASSED] - All options with index in [1] are selected on object 'Object Repository/DispensaryToStore/Page_Store/select_--Select--BA1170BA2376B'

2018-06-09 16:26:58 - [TEST_STEP][PASSED] - Statement - Try: null

2018-06-09 16:26:58 - [TEST_STEP][PASSED] - Statement - StockQty = com.kms.katalon.core.webui.keyword.WebUiBuiltInKeywords.getAttribute(com.kms.katalon.core.testobject.ObjectRepository.findTestObject(DispensaryToStore/Page_Store/input_txtprice), "value"): Attribute 'value' of object 'Object Repository/DispensaryToStore/Page_Store/input_txtprice' is: '2340'

2018-06-09 16:26:58 - [MESSAGE][PASSED] - Attribute 'value' of object 'Object Repository/DispensaryToStore/Page_Store/input_txtprice' is: '2340'

2018-06-09 16:26:58 - [TEST_STEP][PASSED] - Statement - out.println("Stock QTY : " + StockQty): null

2018-06-09 16:26:58 - [TEST_STEP][PASSED] - delay: Delayed 2 second(s)

2018-06-09 16:27:00 - [MESSAGE][PASSED] - Delayed 2 second(s)

2018-06-09 16:27:00 - [TEST_STEP][PASSED] - Statement - If (java.lang.String.valueOf(StockQty) >= java.lang.String.valueOf(RequestedQty)): null

2018-06-09 16:27:00 - [TEST_STEP][PASSED] - setText: Text '10' is set on object 'Object Repository/DispensaryToStore/Page_Store/input_txtqty'

2018-06-09 16:27:00 - [MESSAGE][PASSED] - Text '10' is set on object 'Object Repository/DispensaryToStore/Page_Store/input_txtqty'

2018-06-09 16:27:00 - [TEST_STEP][PASSED] - click: Object: 'Object Repository/DispensaryToStore/Page_Store/button_Add' is clicked on

2018-06-09 16:27:00 - [MESSAGE][PASSED] - Object: 'Object Repository/DispensaryToStore/Page_Store/button_Add' is clicked on

2018-06-09 16:27:00 - [TEST_STEP][PASSED] - Statement - Break: null

2018-06-09 16:27:00 - [TEST_STEP][PASSED] - selectOptionByIndex: All options with index in [16] are selected on object 'Object Repository/DispensaryToStore/Page_Store/select_--Select--Adernaline 0.'

2018-06-09 16:27:01 - [MESSAGE][PASSED] - All options with index in [16] are selected on object 'Object Repository/DispensaryToStore/Page_Store/select_--Select--Adernaline 0.'

2018-06-09 16:27:01 - [TEST_STEP][PASSED] - delay: Delayed 2 second(s)

2018-06-09 16:27:03 - [MESSAGE][PASSED] - Delayed 2 second(s)

2018-06-09 16:27:03 - [TEST_STEP][PASSED] - Statement - RequestedQty = com.kms.katalon.core.webui.keyword.WebUiBuiltInKeywords.getAttribute(com.kms.katalon.core.testobject.ObjectRepository.findTestObject(DispensaryToStore/Page_Store/input_txttotal), "value"): Attribute 'value' of object 'Object Repository/DispensaryToStore/Page_Store/input_txttotal' is: '10'

2018-06-09 16:27:03 - [MESSAGE][PASSED] - Attribute 'value' of object 'Object Repository/DispensaryToStore/Page_Store/input_txttotal' is: '10'

2018-06-09 16:27:03 - [TEST_STEP][PASSED] - Statement - out.println("Requested QTY : " + RequestedQty): null

2018-06-09 16:27:03 - [TEST_STEP][PASSED] - Statement - BatchNumber = com.kms.katalon.core.webui.keyword.WebUiBuiltInKeywords.getNumberOfTotalOption(com.kms.katalon.core.testobject.ObjectRepository.findTestObject(DispensaryToStore/Page_Store/select_--Select--BA1170BA2376B)): 3 options of object 'Object Repository/DispensaryToStore/Page_Store/select_--Select--BA1170BA2376B' counted

2018-06-09 16:27:03 - [MESSAGE][PASSED] - 3 options of object 'Object Repository/DispensaryToStore/Page_Store/select_--Select--BA1170BA2376B' counted

2018-06-09 16:27:03 - [TEST_STEP][PASSED] - Statement - For ([g = 1, g <= BatchNumber - 1, (g++)]): null

2018-06-09 16:27:03 - [TEST_STEP][PASSED] - selectOptionByIndex: All options with index in [1] are selected on object 'Object Repository/DispensaryToStore/Page_Store/select_--Select--BA1170BA2376B'

2018-06-09 16:27:03 - [MESSAGE][PASSED] - All options with index in [1] are selected on object 'Object Repository/DispensaryToStore/Page_Store/select_--Select--BA1170BA2376B'

2018-06-09 16:27:03 - [TEST_STEP][PASSED] - Statement - Try: null

2018-06-09 16:27:03 - [TEST_STEP][PASSED] - Statement - StockQty = com.kms.katalon.core.webui.keyword.WebUiBuiltInKeywords.getAttribute(com.kms.katalon.core.testobject.ObjectRepository.findTestObject(DispensaryToStore/Page_Store/input_txtprice), "value"): Attribute 'value' of object 'Object Repository/DispensaryToStore/Page_Store/input_txtprice' is: '385'

2018-06-09 16:27:03 - [MESSAGE][PASSED] - Attribute 'value' of object 'Object Repository/DispensaryToStore/Page_Store/input_txtprice' is: '385'

2018-06-09 16:27:03 - [TEST_STEP][PASSED] - Statement - out.println("Stock QTY : " + StockQty): null

2018-06-09 16:27:03 - [TEST_STEP][PASSED] - delay: Delayed 2 second(s)

2018-06-09 16:27:05 - [MESSAGE][PASSED] - Delayed 2 second(s)

2018-06-09 16:27:05 - [TEST_STEP][PASSED] - Statement - If (java.lang.String.valueOf(StockQty) >= java.lang.String.valueOf(RequestedQty)): null

2018-06-09 16:27:05 - [TEST_STEP][PASSED] - setText: Text '10' is set on object 'Object Repository/DispensaryToStore/Page_Store/input_txtqty'

2018-06-09 16:27:05 - [MESSAGE][PASSED] - Text '10' is set on object 'Object Repository/DispensaryToStore/Page_Store/input_txtqty'

2018-06-09 16:27:05 - [TEST_STEP][PASSED] - click: Object: 'Object Repository/DispensaryToStore/Page_Store/button_Add' is clicked on

2018-06-09 16:27:05 - [MESSAGE][PASSED] - Object: 'Object Repository/DispensaryToStore/Page_Store/button_Add' is clicked on

2018-06-09 16:27:05 - [TEST_STEP][PASSED] - Statement - Break: null

2018-06-09 16:27:05 - [TEST_STEP][PASSED] - selectOptionByIndex: All options with index in [17] are selected on object 'Object Repository/DispensaryToStore/Page_Store/select_--Select--Adernaline 0.'

2018-06-09 16:27:05 - [MESSAGE][PASSED] - All options with index in [17] are selected on object 'Object Repository/DispensaryToStore/Page_Store/select_--Select--Adernaline 0.'

2018-06-09 16:27:05 - [TEST_STEP][PASSED] - delay: Delayed 2 second(s)

2018-06-09 16:27:07 - [MESSAGE][PASSED] - Delayed 2 second(s)

2018-06-09 16:27:07 - [TEST_STEP][PASSED] - Statement - RequestedQty = com.kms.katalon.core.webui.keyword.WebUiBuiltInKeywords.getAttribute(com.kms.katalon.core.testobject.ObjectRepository.findTestObject(DispensaryToStore/Page_Store/input_txttotal), "value"): Attribute 'value' of object 'Object Repository/DispensaryToStore/Page_Store/input_txttotal' is: '10'

2018-06-09 16:27:07 - [MESSAGE][PASSED] - Attribute 'value' of object 'Object Repository/DispensaryToStore/Page_Store/input_txttotal' is: '10'

2018-06-09 16:27:07 - [TEST_STEP][PASSED] - Statement - out.println("Requested QTY : " + RequestedQty): null

2018-06-09 16:27:07 - [TEST_STEP][PASSED] - Statement - BatchNumber = com.kms.katalon.core.webui.keyword.WebUiBuiltInKeywords.getNumberOfTotalOption(com.kms.katalon.core.testobject.ObjectRepository.findTestObject(DispensaryToStore/Page_Store/select_--Select--BA1170BA2376B)): 3 options of object 'Object Repository/DispensaryToStore/Page_Store/select_--Select--BA1170BA2376B' counted

2018-06-09 16:27:07 - [MESSAGE][PASSED] - 3 options of object 'Object Repository/DispensaryToStore/Page_Store/select_--Select--BA1170BA2376B' counted

2018-06-09 16:27:07 - [TEST_STEP][PASSED] - Statement - For ([g = 1, g <= BatchNumber - 1, (g++)]): null

2018-06-09 16:27:07 - [TEST_STEP][PASSED] - selectOptionByIndex: All options with index in [1] are selected on object 'Object Repository/DispensaryToStore/Page_Store/select_--Select--BA1170BA2376B'

2018-06-09 16:27:08 - [MESSAGE][PASSED] - All options with index in [1] are selected on object 'Object Repository/DispensaryToStore/Page_Store/select_--Select--BA1170BA2376B'

2018-06-09 16:27:08 - [TEST_STEP][PASSED] - Statement - Try: null

2018-06-09 16:27:08 - [TEST_STEP][PASSED] - Statement - StockQty = com.kms.katalon.core.webui.keyword.WebUiBuiltInKeywords.getAttribute(com.kms.katalon.core.testobject.ObjectRepository.findTestObject(DispensaryToStore/Page_Store/input_txtprice), "value"): Attribute 'value' of object 'Object Repository/DispensaryToStore/Page_Store/input_txtprice' is: '205'

2018-06-09 16:27:08 - [MESSAGE][PASSED] - Attribute 'value' of object 'Object Repository/DispensaryToStore/Page_Store/input_txtprice' is: '205'

2018-06-09 16:27:08 - [TEST_STEP][PASSED] - Statement - out.println("Stock QTY : " + StockQty): null

2018-06-09 16:27:08 - [TEST_STEP][PASSED] - delay: Delayed 2 second(s)

2018-06-09 16:27:10 - [MESSAGE][PASSED] - Delayed 2 second(s)

2018-06-09 16:27:10 - [TEST_STEP][PASSED] - Statement - If (java.lang.String.valueOf(StockQty) >= java.lang.String.valueOf(RequestedQty)): null

2018-06-09 16:27:10 - [TEST_STEP][PASSED] - setText: Text '10' is set on object 'Object Repository/DispensaryToStore/Page_Store/input_txtqty'

2018-06-09 16:27:10 - [MESSAGE][PASSED] - Text '10' is set on object 'Object Repository/DispensaryToStore/Page_Store/input_txtqty'

2018-06-09 16:27:10 - [TEST_STEP][PASSED] - click: Object: 'Object Repository/DispensaryToStore/Page_Store/button_Add' is clicked on

2018-06-09 16:27:10 - [MESSAGE][PASSED] - Object: 'Object Repository/DispensaryToStore/Page_Store/button_Add' is clicked on

2018-06-09 16:27:10 - [TEST_STEP][PASSED] - Statement - Break: null

2018-06-09 16:27:10 - [TEST_STEP][PASSED] - selectOptionByIndex: All options with index in [18] are selected on object 'Object Repository/DispensaryToStore/Page_Store/select_--Select--Adernaline 0.'

2018-06-09 16:27:10 - [MESSAGE][PASSED] - All options with index in [18] are selected on object 'Object Repository/DispensaryToStore/Page_Store/select_--Select--Adernaline 0.'

2018-06-09 16:27:10 - [TEST_STEP][PASSED] - delay: Delayed 2 second(s)

2018-06-09 16:27:12 - [MESSAGE][PASSED] - Delayed 2 second(s)

2018-06-09 16:27:12 - [TEST_STEP][PASSED] - Statement - RequestedQty = com.kms.katalon.core.webui.keyword.WebUiBuiltInKeywords.getAttribute(com.kms.katalon.core.testobject.ObjectRepository.findTestObject(DispensaryToStore/Page_Store/input_txttotal), "value"): Attribute 'value' of object 'Object Repository/DispensaryToStore/Page_Store/input_txttotal' is: '10'

2018-06-09 16:27:12 - [MESSAGE][PASSED] - Attribute 'value' of object 'Object Repository/DispensaryToStore/Page_Store/input_txttotal' is: '10'

2018-06-09 16:27:12 - [TEST_STEP][PASSED] - Statement - out.println("Requested QTY : " + RequestedQty): null

2018-06-09 16:27:12 - [TEST_STEP][PASSED] - Statement - BatchNumber = com.kms.katalon.core.webui.keyword.WebUiBuiltInKeywords.getNumberOfTotalOption(com.kms.katalon.core.testobject.ObjectRepository.findTestObject(DispensaryToStore/Page_Store/select_--Select--BA1170BA2376B)): 3 options of object 'Object Repository/DispensaryToStore/Page_Store/select_--Select--BA1170BA2376B' counted

2018-06-09 16:27:12 - [MESSAGE][PASSED] - 3 options of object 'Object Repository/DispensaryToStore/Page_Store/select_--Select--BA1170BA2376B' counted

2018-06-09 16:27:12 - [TEST_STEP][PASSED] - Statement - For ([g = 1, g <= BatchNumber - 1, (g++)]): null

2018-06-09 16:27:12 - [TEST_STEP][PASSED] - selectOptionByIndex: All options with index in [1] are selected on object 'Object Repository/DispensaryToStore/Page_Store/select_--Select--BA1170BA2376B'

2018-06-09 16:27:12 - [MESSAGE][PASSED] - All options with index in [1] are selected on object 'Object Repository/DispensaryToStore/Page_Store/select_--Select--BA1170BA2376B'

2018-06-09 16:27:12 - [TEST_STEP][PASSED] - Statement - Try: null

2018-06-09 16:27:12 - [TEST_STEP][PASSED] - Statement - StockQty = com.kms.katalon.core.webui.keyword.WebUiBuiltInKeywords.getAttribute(com.kms.katalon.core.testobject.ObjectRepository.findTestObject(DispensaryToStore/Page_Store/input_txtprice), "value"): Attribute 'value' of object 'Object Repository/DispensaryToStore/Page_Store/input_txtprice' is: '385'

2018-06-09 16:27:12 - [MESSAGE][PASSED] - Attribute 'value' of object 'Object Repository/DispensaryToStore/Page_Store/input_txtprice' is: '385'

2018-06-09 16:27:12 - [TEST_STEP][PASSED] - Statement - out.println("Stock QTY : " + StockQty): null

2018-06-09 16:27:12 - [TEST_STEP][PASSED] - delay: Delayed 2 second(s)

2018-06-09 16:27:14 - [MESSAGE][PASSED] - Delayed 2 second(s)

2018-06-09 16:27:14 - [TEST_STEP][PASSED] - Statement - If (java.lang.String.valueOf(StockQty) >= java.lang.String.valueOf(RequestedQty)): null

2018-06-09 16:27:14 - [TEST_STEP][PASSED] - setText: Text '10' is set on object 'Object Repository/DispensaryToStore/Page_Store/input_txtqty'

2018-06-09 16:27:14 - [MESSAGE][PASSED] - Text '10' is set on object 'Object Repository/DispensaryToStore/Page_Store/input_txtqty'

2018-06-09 16:27:14 - [TEST_STEP][PASSED] - click: Object: 'Object Repository/DispensaryToStore/Page_Store/button_Add' is clicked on

2018-06-09 16:27:14 - [MESSAGE][PASSED] - Object: 'Object Repository/DispensaryToStore/Page_Store/button_Add' is clicked on

2018-06-09 16:27:14 - [TEST_STEP][PASSED] - Statement - Break: null

2018-06-09 16:27:14 - [TEST_STEP][PASSED] - scrollToElement: Scroll to object 'Object Repository/DispensaryToStore/Page_Store/input_btnSubmit' successfully

2018-06-09 16:27:15 - [MESSAGE][PASSED] - Scroll to object 'Object Repository/DispensaryToStore/Page_Store/input_btnSubmit' successfully

2018-06-09 16:27:15 - [TEST_STEP][PASSED] - click: Object: 'Object Repository/DispensaryToStore/Page_Store/input_btnSubmit' is clicked on

2018-06-09 16:27:15 - [MESSAGE][PASSED] - Object: 'Object Repository/DispensaryToStore/Page_Store/input_btnSubmit' is clicked on

2018-06-09 16:27:15 - [TEST_STEP][PASSED] - delay: Delayed 3 second(s)

2018-06-09 16:27:18 - [MESSAGE][PASSED] - Delayed 3 second(s)

2018-06-09 16:27:18 - [TEST_STEP][PASSED] - click: Object: 'Object Repository/DispensaryToStore/Page_Store/button_OK' is clicked on

2018-06-09 16:27:18 - [MESSAGE][PASSED] - Object: 'Object Repository/DispensaryToStore/Page_Store/button_OK' is clicked on

2018-06-09 16:27:18 - [TEST_STEP][PASSED] - delay: Delayed 3 second(s)

2018-06-09 16:27:21 - [MESSAGE][PASSED] - Delayed 3 second(s)

2018-06-09 16:27:21 - [TEST_STEP][PASSED] - click: Object: 'Object Repository/DispensaryToStore/Page_Store/a_dropdown-toggle' is clicked on

2018-06-09 16:27:22 - [MESSAGE][PASSED] - Object: 'Object Repository/DispensaryToStore/Page_Store/a_dropdown-toggle' is clicked on

2018-06-09 16:27:22 - [TEST_STEP][PASSED] - click: Object: 'Object Repository/DispensaryToStore/Page_Store/a_Sign out' is clicked on

2018-06-09 16:27:22 - [MESSAGE][PASSED] - Object: 'Object Repository/DispensaryToStore/Page_Store/a_Sign out' is clicked on

2018-06-09 16:27:22 - [TEST_STEP][PASSED] - closeBrowser: Browser is closed

2018-06-09 16:27:23 - [MESSAGE][PASSED] - Browser is closed]]></system-out>
         <system-err><![CDATA[]]></system-err>
      </testcase>
      <system-out><![CDATA[2018-06-09 15:51:36 - [TEST_SUITE][FAILED] - Dispensary_Store_Suite: Test Cases/DISPENSARY TEST CASES/TC_DP_001 Verify Schedule 1 Dispensary Request Are Working Successfully Or Not FAILED because (of) Unable to select option by index '1' of object 'Object Repository/DispensaryToStore/Page_Dispensary Store/select_--Select--Schedule 1Inj' (Root cause: org.openqa.selenium.StaleElementReferenceException: stale element reference: element is not attached to the page document
  (Session info: chrome=66.0.3359.181)
  (Driver info: chromedriver=2.35.528161 (5b82f2d2aae0ca24b877009200ced9065a772e73),platform=Windows NT 10.0.17134 x86_64) (WARNING: The server did not provide any stacktrace information)
Command duration or timeout: 0 milliseconds
For documentation on this error, please visit: http://seleniumhq.org/exceptions/stale_element_reference.html
Build info: version: '3.7.1', revision: '8a0099a', time: '2017-11-06T21:07:36.161Z'
System info: host: 'DESKTOP-BLFTK83', ip: '169.254.189.85', os.name: 'Windows 10', os.arch: 'amd64', os.version: '10.0', java.version: '1.8.0_102'
Driver info: com.kms.katalon.selenium.driver.CChromeDriver
Capabilities {acceptInsecureCerts: false, acceptSslCerts: false, applicationCacheEnabled: false, browserConnectionEnabled: false, browserName: chrome, chrome: {chromedriverVersion: 2.35.528161 (5b82f2d2aae0ca..., userDataDir: C:\Users\QUALIT~1\AppData\L...}, cssSelectorsEnabled: true, databaseEnabled: false, handlesAlerts: true, hasTouchScreen: false, javascriptEnabled: true, locationContextEnabled: true, mobileEmulationEnabled: false, nativeEvents: true, networkConnectionEnabled: false, pageLoadStrategy: normal, platform: XP, platformName: XP, rotatable: false, setWindowRect: true, takesHeapSnapshot: true, takesScreenshot: true, unexpectedAlertBehaviour: , unhandledPromptBehavior: , version: 66.0.3359.181, webStorageEnabled: true}
Session ID: 82a31d2668cfb50f58a6fe6247cb861c)]]></system-out>
      <system-err><![CDATA[2018-06-09 15:51:36 - [TEST_SUITE][FAILED] - Dispensary_Store_Suite: Test Cases/DISPENSARY TEST CASES/TC_DP_001 Verify Schedule 1 Dispensary Request Are Working Successfully Or Not FAILED because (of) Unable to select option by index '1' of object 'Object Repository/DispensaryToStore/Page_Dispensary Store/select_--Select--Schedule 1Inj' (Root cause: org.openqa.selenium.StaleElementReferenceException: stale element reference: element is not attached to the page document
  (Session info: chrome=66.0.3359.181)
  (Driver info: chromedriver=2.35.528161 (5b82f2d2aae0ca24b877009200ced9065a772e73),platform=Windows NT 10.0.17134 x86_64) (WARNING: The server did not provide any stacktrace information)
Command duration or timeout: 0 milliseconds
For documentation on this error, please visit: http://seleniumhq.org/exceptions/stale_element_reference.html
Build info: version: '3.7.1', revision: '8a0099a', time: '2017-11-06T21:07:36.161Z'
System info: host: 'DESKTOP-BLFTK83', ip: '169.254.189.85', os.name: 'Windows 10', os.arch: 'amd64', os.version: '10.0', java.version: '1.8.0_102'
Driver info: com.kms.katalon.selenium.driver.CChromeDriver
Capabilities {acceptInsecureCerts: false, acceptSslCerts: false, applicationCacheEnabled: false, browserConnectionEnabled: false, browserName: chrome, chrome: {chromedriverVersion: 2.35.528161 (5b82f2d2aae0ca..., userDataDir: C:\Users\QUALIT~1\AppData\L...}, cssSelectorsEnabled: true, databaseEnabled: false, handlesAlerts: true, hasTouchScreen: false, javascriptEnabled: true, locationContextEnabled: true, mobileEmulationEnabled: false, nativeEvents: true, networkConnectionEnabled: false, pageLoadStrategy: normal, platform: XP, platformName: XP, rotatable: false, setWindowRect: true, takesHeapSnapshot: true, takesScreenshot: true, unexpectedAlertBehaviour: , unhandledPromptBehavior: , version: 66.0.3359.181, webStorageEnabled: true}
Session ID: 82a31d2668cfb50f58a6fe6247cb861c)]]></system-err>
   </testsuite>
</testsuites>
