<?xml version="1.0" encoding="UTF-8"?>
<testsuites name="MOH REQUEST AND GRN" time="3475" tests="3" failures="6" errors="3">
   <testsuite name="MOH REQUEST AND GRN" tests="3" failures="6" errors="3" time="3475" timestamp="2018-05-09 15:38:54" hostname="Quality Analyst - DESKTOP-BLFTK83" id="Test Suites/MOH REQUEST AND GRN">
      <properties>
         <property name="deviceName" value=""/>
         <property name="devicePlatform" value=""/>
         <property name="logFolder" value="C:\\Users\\Quality Analyst\\Katalon Studio\\ds\\Reports\\MOH REQUEST AND GRN\\20180509_153848"/>
         <property name="logFiles" value="C:\\Users\\Quality Analyst\\Katalon Studio\\ds\\Reports\\MOH REQUEST AND GRN\\20180509_153848\\execution0.log, C:\\Users\\Quality Analyst\\Katalon Studio\\ds\\Reports\\MOH REQUEST AND GRN\\20180509_153848\\execution1.log, C:\\Users\\Quality Analyst\\Katalon Studio\\ds\\Reports\\MOH REQUEST AND GRN\\20180509_153848\\execution2.log"/>
         <property name="attachments" value="C:\\Users\\Quality Analyst\\Katalon Studio\\ds\\Reports\\MOH REQUEST AND GRN\\20180509_153848\\1525860879580.png, C:\\Users\\Quality Analyst\\Katalon Studio\\ds\\Reports\\MOH REQUEST AND GRN\\20180509_153848\\1525861625314.png, C:\\Users\\Quality Analyst\\Katalon Studio\\ds\\Reports\\MOH REQUEST AND GRN\\20180509_153848\\1525861770902.png, C:\\Users\\Quality Analyst\\Katalon Studio\\ds\\Reports\\MOH REQUEST AND GRN\\20180509_153848\\1525862026521.png, C:\\Users\\Quality Analyst\\Katalon Studio\\ds\\Reports\\MOH REQUEST AND GRN\\20180509_153848\\1525863987806.png, C:\\Users\\Quality Analyst\\Katalon Studio\\ds\\Reports\\MOH REQUEST AND GRN\\20180509_153848\\1525864008821.png"/>
         <property name="hostName" value="Quality Analyst - DESKTOP-BLFTK83"/>
         <property name="os" value="Windows 10 64bit"/>
         <property name="katalonVersion" value="5.4.1.1"/>
         <property name="browser" value="Chrome 66.0.3359.139"/>
         <property name="hostAddress" value="192.168.71.2"/>
         <property name="sessionId" value="9f89a42cd503ffcb3ba6465cc4e8077b"/>
         <property name="seleniumVersion" value="3.7.1"/>
         <property name="proxyInformation" value="ProxyInformation{proxyOption=NO_PROXY, proxyServerType=HTTP, password=, proxyServerAddress=, proxyServerPort=0}"/>
         <property name="platform" value="Windows 10"/>
      </properties>
      <testcase name="Test Cases/MOH REQUEST AND GRN/Moh Request GRN Schedule 1" classname="Test Cases/MOH REQUEST AND GRN/Moh Request GRN Schedule 1" status="FAILED">
         <failure type="FAILED" message="Unable to click on object 'Object Repository/MOH AND GRN/Page_KDMC - CMS/button_OK' (Root cause: com.kms.katalon.core.webui.exception.WebElementNotFoundException: Web element with id: 'Object Repository/MOH AND GRN/Page_KDMC - CMS/button_OK' located by 'By.xpath: /html[1]/body[@class=&quot;skin-blue  pace-done modal-open&quot;]/div[@class=&quot;bootbox modal fade bootbox-alert in&quot;]/div[@class=&quot;modal-dialog&quot;]/div[@class=&quot;modal-content&quot;]/div[@class=&quot;modal-footer&quot;]/button[@class=&quot;btn btn-primary&quot;][count(. | //button[@type = 'button' and (text() = 'OK' or . = 'OK')]) = count(//button[@type = 'button' and (text() = 'OK' or . = 'OK')])]' not found)"/>
         <system-out><![CDATA[2018-05-09 15:38:54 - [TEST_CASE][FAILED] - Test Cases/MOH REQUEST AND GRN/Moh Request GRN Schedule 1: Test Cases/MOH REQUEST AND GRN/Moh Request GRN Schedule 1 FAILED because (of) Unable to click on object 'Object Repository/MOH AND GRN/Page_KDMC - CMS/button_OK' (Root cause: com.kms.katalon.core.webui.exception.WebElementNotFoundException: Web element with id: 'Object Repository/MOH AND GRN/Page_KDMC - CMS/button_OK' located by 'By.xpath: /html[1]/body[@class="skin-blue  pace-done modal-open"]/div[@class="bootbox modal fade bootbox-alert in"]/div[@class="modal-dialog"]/div[@class="modal-content"]/div[@class="modal-footer"]/button[@class="btn btn-primary"][count(. | //button[@type = 'button' and (text() = 'OK' or . = 'OK')]) = count(//button[@type = 'button' and (text() = 'OK' or . = 'OK')])]' not found)

2018-05-09 15:38:55 - [TEST_STEP][PASSED] - openBrowser: Browser is opened with url: ''

2018-05-09 15:38:57 - [MESSAGE][PASSED] - Browser is opened with url: ''

2018-05-09 15:38:57 - [TEST_STEP][PASSED] - navigateToUrl: Navigate to 'http://192.168.137.1/multihospital_new/' successfully

2018-05-09 15:39:05 - [MESSAGE][PASSED] - Navigate to 'http://192.168.137.1/multihospital_new/' successfully

2018-05-09 15:39:05 - [TEST_STEP][PASSED] - maximizeWindow: Current window maximized

2018-05-09 15:39:06 - [MESSAGE][PASSED] - Current window maximized

2018-05-09 15:39:06 - [TEST_STEP][PASSED] - click: Object: 'Object Repository/MOH AND GRN/Page_KDMC/a_CMS' is clicked on

2018-05-09 15:39:07 - [MESSAGE][PASSED] - Object: 'Object Repository/MOH AND GRN/Page_KDMC/a_CMS' is clicked on

2018-05-09 15:39:07 - [TEST_STEP][PASSED] - setText: Text 'bala' is set on object 'Object Repository/MOH AND GRN/Page_CMS login/input_txtusername'

2018-05-09 15:39:07 - [MESSAGE][PASSED] - Text 'bala' is set on object 'Object Repository/MOH AND GRN/Page_CMS login/input_txtusername'

2018-05-09 15:39:07 - [TEST_STEP][PASSED] - setText: Text '123' is set on object 'Object Repository/MOH AND GRN/Page_CMS login/input_txtpassword'

2018-05-09 15:39:07 - [MESSAGE][PASSED] - Text '123' is set on object 'Object Repository/MOH AND GRN/Page_CMS login/input_txtpassword'

2018-05-09 15:39:07 - [TEST_STEP][PASSED] - delay: Delayed 3 second(s)

2018-05-09 15:39:10 - [MESSAGE][PASSED] - Delayed 3 second(s)

2018-05-09 15:39:10 - [TEST_STEP][PASSED] - click: Object: 'Object Repository/MOH AND GRN/Page_CMS login/button_Sign in' is clicked on

2018-05-09 15:39:11 - [MESSAGE][PASSED] - Object: 'Object Repository/MOH AND GRN/Page_CMS login/button_Sign in' is clicked on

2018-05-09 15:39:11 - [TEST_STEP][PASSED] - click: Object: 'Object Repository/MOH AND GRN/Page_KDMC - CMS/a_Request to MOH' is clicked on

2018-05-09 15:39:12 - [MESSAGE][PASSED] - Object: 'Object Repository/MOH AND GRN/Page_KDMC - CMS/a_Request to MOH' is clicked on

2018-05-09 15:39:12 - [TEST_STEP][PASSED] - selectOptionByIndex: All options with index in [2] are selected on object 'Object Repository/MOH AND GRN/Page_KDMC - CMS/select_--Select--'

2018-05-09 15:39:12 - [MESSAGE][PASSED] - All options with index in [2] are selected on object 'Object Repository/MOH AND GRN/Page_KDMC - CMS/select_--Select--'

2018-05-09 15:39:12 - [TEST_STEP][PASSED] - selectOptionByIndex: All options with index in [1] are selected on object 'Object Repository/MOH AND GRN/Page_KDMC - CMS/select_--Select--Schedule 1Inj'

2018-05-09 15:39:12 - [MESSAGE][PASSED] - All options with index in [1] are selected on object 'Object Repository/MOH AND GRN/Page_KDMC - CMS/select_--Select--Schedule 1Inj'

2018-05-09 15:39:12 - [TEST_STEP][PASSED] - Statement - selectedoptions = com.kms.katalon.core.webui.keyword.WebUiBuiltInKeywords.getNumberOfTotalOption(com.kms.katalon.core.testobject.ObjectRepository.findTestObject(MOH AND GRN/Page_KDMC - CMS/select_--Select--Adernaline 0.)): 64 options of object 'Object Repository/MOH AND GRN/Page_KDMC - CMS/select_--Select--Adernaline 0.' counted

2018-05-09 15:39:12 - [MESSAGE][PASSED] - 64 options of object 'Object Repository/MOH AND GRN/Page_KDMC - CMS/select_--Select--Adernaline 0.' counted

2018-05-09 15:39:12 - [TEST_STEP][PASSED] - Statement - For ([j = 1, j <= selectedoptions - 1, (j++)]): Object: 'Object Repository/MOH AND GRN/Page_KDMC - CMS/button_Add' is clicked on

2018-05-09 15:39:12 - [TEST_STEP][PASSED] - selectOptionByIndex: All options with index in [1] are selected on object 'Object Repository/MOH AND GRN/Page_KDMC - CMS/select_--Select--Schedule 1Inj'

2018-05-09 15:39:13 - [MESSAGE][PASSED] - All options with index in [1] are selected on object 'Object Repository/MOH AND GRN/Page_KDMC - CMS/select_--Select--Schedule 1Inj'

2018-05-09 15:39:13 - [TEST_STEP][PASSED] - selectOptionByIndex: All options with index in [1] are selected on object 'Object Repository/MOH AND GRN/Page_KDMC - CMS/select_--Select--Adernaline 0.'

2018-05-09 15:39:13 - [MESSAGE][PASSED] - All options with index in [1] are selected on object 'Object Repository/MOH AND GRN/Page_KDMC - CMS/select_--Select--Adernaline 0.'

2018-05-09 15:39:13 - [TEST_STEP][PASSED] - setText: Text '5000' is set on object 'Object Repository/MOH AND GRN/Page_KDMC - CMS/input_txttreat'

2018-05-09 15:39:13 - [MESSAGE][PASSED] - Text '5000' is set on object 'Object Repository/MOH AND GRN/Page_KDMC - CMS/input_txttreat'

2018-05-09 15:39:13 - [TEST_STEP][PASSED] - click: Object: 'Object Repository/MOH AND GRN/Page_KDMC - CMS/button_Add' is clicked on

2018-05-09 15:39:13 - [MESSAGE][PASSED] - Object: 'Object Repository/MOH AND GRN/Page_KDMC - CMS/button_Add' is clicked on

2018-05-09 15:39:13 - [TEST_STEP][PASSED] - selectOptionByIndex: All options with index in [1] are selected on object 'Object Repository/MOH AND GRN/Page_KDMC - CMS/select_--Select--Schedule 1Inj'

2018-05-09 15:39:13 - [MESSAGE][PASSED] - All options with index in [1] are selected on object 'Object Repository/MOH AND GRN/Page_KDMC - CMS/select_--Select--Schedule 1Inj'

2018-05-09 15:39:13 - [TEST_STEP][PASSED] - selectOptionByIndex: All options with index in [2] are selected on object 'Object Repository/MOH AND GRN/Page_KDMC - CMS/select_--Select--Adernaline 0.'

2018-05-09 15:39:13 - [MESSAGE][PASSED] - All options with index in [2] are selected on object 'Object Repository/MOH AND GRN/Page_KDMC - CMS/select_--Select--Adernaline 0.'

2018-05-09 15:39:13 - [TEST_STEP][PASSED] - setText: Text '5000' is set on object 'Object Repository/MOH AND GRN/Page_KDMC - CMS/input_txttreat'

2018-05-09 15:39:13 - [MESSAGE][PASSED] - Text '5000' is set on object 'Object Repository/MOH AND GRN/Page_KDMC - CMS/input_txttreat'

2018-05-09 15:39:13 - [TEST_STEP][PASSED] - click: Object: 'Object Repository/MOH AND GRN/Page_KDMC - CMS/button_Add' is clicked on

2018-05-09 15:39:13 - [MESSAGE][PASSED] - Object: 'Object Repository/MOH AND GRN/Page_KDMC - CMS/button_Add' is clicked on

2018-05-09 15:39:13 - [TEST_STEP][PASSED] - selectOptionByIndex: All options with index in [1] are selected on object 'Object Repository/MOH AND GRN/Page_KDMC - CMS/select_--Select--Schedule 1Inj'

2018-05-09 15:39:13 - [MESSAGE][PASSED] - All options with index in [1] are selected on object 'Object Repository/MOH AND GRN/Page_KDMC - CMS/select_--Select--Schedule 1Inj'

2018-05-09 15:39:13 - [TEST_STEP][PASSED] - selectOptionByIndex: All options with index in [3] are selected on object 'Object Repository/MOH AND GRN/Page_KDMC - CMS/select_--Select--Adernaline 0.'

2018-05-09 15:39:14 - [MESSAGE][PASSED] - All options with index in [3] are selected on object 'Object Repository/MOH AND GRN/Page_KDMC - CMS/select_--Select--Adernaline 0.'

2018-05-09 15:39:14 - [TEST_STEP][PASSED] - setText: Text '5000' is set on object 'Object Repository/MOH AND GRN/Page_KDMC - CMS/input_txttreat'

2018-05-09 15:39:14 - [MESSAGE][PASSED] - Text '5000' is set on object 'Object Repository/MOH AND GRN/Page_KDMC - CMS/input_txttreat'

2018-05-09 15:39:14 - [TEST_STEP][PASSED] - click: Object: 'Object Repository/MOH AND GRN/Page_KDMC - CMS/button_Add' is clicked on

2018-05-09 15:39:14 - [MESSAGE][PASSED] - Object: 'Object Repository/MOH AND GRN/Page_KDMC - CMS/button_Add' is clicked on

2018-05-09 15:39:14 - [TEST_STEP][PASSED] - selectOptionByIndex: All options with index in [1] are selected on object 'Object Repository/MOH AND GRN/Page_KDMC - CMS/select_--Select--Schedule 1Inj'

2018-05-09 15:39:14 - [MESSAGE][PASSED] - All options with index in [1] are selected on object 'Object Repository/MOH AND GRN/Page_KDMC - CMS/select_--Select--Schedule 1Inj'

2018-05-09 15:39:14 - [TEST_STEP][PASSED] - selectOptionByIndex: All options with index in [4] are selected on object 'Object Repository/MOH AND GRN/Page_KDMC - CMS/select_--Select--Adernaline 0.'

2018-05-09 15:39:14 - [MESSAGE][PASSED] - All options with index in [4] are selected on object 'Object Repository/MOH AND GRN/Page_KDMC - CMS/select_--Select--Adernaline 0.'

2018-05-09 15:39:14 - [TEST_STEP][PASSED] - setText: Text '5000' is set on object 'Object Repository/MOH AND GRN/Page_KDMC - CMS/input_txttreat'

2018-05-09 15:39:14 - [MESSAGE][PASSED] - Text '5000' is set on object 'Object Repository/MOH AND GRN/Page_KDMC - CMS/input_txttreat'

2018-05-09 15:39:14 - [TEST_STEP][PASSED] - click: Object: 'Object Repository/MOH AND GRN/Page_KDMC - CMS/button_Add' is clicked on

2018-05-09 15:39:14 - [MESSAGE][PASSED] - Object: 'Object Repository/MOH AND GRN/Page_KDMC - CMS/button_Add' is clicked on

2018-05-09 15:39:14 - [TEST_STEP][PASSED] - selectOptionByIndex: All options with index in [1] are selected on object 'Object Repository/MOH AND GRN/Page_KDMC - CMS/select_--Select--Schedule 1Inj'

2018-05-09 15:39:14 - [MESSAGE][PASSED] - All options with index in [1] are selected on object 'Object Repository/MOH AND GRN/Page_KDMC - CMS/select_--Select--Schedule 1Inj'

2018-05-09 15:39:14 - [TEST_STEP][PASSED] - selectOptionByIndex: All options with index in [5] are selected on object 'Object Repository/MOH AND GRN/Page_KDMC - CMS/select_--Select--Adernaline 0.'

2018-05-09 15:39:15 - [MESSAGE][PASSED] - All options with index in [5] are selected on object 'Object Repository/MOH AND GRN/Page_KDMC - CMS/select_--Select--Adernaline 0.'

2018-05-09 15:39:15 - [TEST_STEP][PASSED] - setText: Text '5000' is set on object 'Object Repository/MOH AND GRN/Page_KDMC - CMS/input_txttreat'

2018-05-09 15:39:15 - [MESSAGE][PASSED] - Text '5000' is set on object 'Object Repository/MOH AND GRN/Page_KDMC - CMS/input_txttreat'

2018-05-09 15:39:15 - [TEST_STEP][PASSED] - click: Object: 'Object Repository/MOH AND GRN/Page_KDMC - CMS/button_Add' is clicked on

2018-05-09 15:39:15 - [MESSAGE][PASSED] - Object: 'Object Repository/MOH AND GRN/Page_KDMC - CMS/button_Add' is clicked on

2018-05-09 15:39:15 - [TEST_STEP][PASSED] - selectOptionByIndex: All options with index in [1] are selected on object 'Object Repository/MOH AND GRN/Page_KDMC - CMS/select_--Select--Schedule 1Inj'

2018-05-09 15:39:15 - [MESSAGE][PASSED] - All options with index in [1] are selected on object 'Object Repository/MOH AND GRN/Page_KDMC - CMS/select_--Select--Schedule 1Inj'

2018-05-09 15:39:15 - [TEST_STEP][PASSED] - selectOptionByIndex: All options with index in [6] are selected on object 'Object Repository/MOH AND GRN/Page_KDMC - CMS/select_--Select--Adernaline 0.'

2018-05-09 15:39:15 - [MESSAGE][PASSED] - All options with index in [6] are selected on object 'Object Repository/MOH AND GRN/Page_KDMC - CMS/select_--Select--Adernaline 0.'

2018-05-09 15:39:15 - [TEST_STEP][PASSED] - setText: Text '5000' is set on object 'Object Repository/MOH AND GRN/Page_KDMC - CMS/input_txttreat'

2018-05-09 15:39:15 - [MESSAGE][PASSED] - Text '5000' is set on object 'Object Repository/MOH AND GRN/Page_KDMC - CMS/input_txttreat'

2018-05-09 15:39:15 - [TEST_STEP][PASSED] - click: Object: 'Object Repository/MOH AND GRN/Page_KDMC - CMS/button_Add' is clicked on

2018-05-09 15:39:15 - [MESSAGE][PASSED] - Object: 'Object Repository/MOH AND GRN/Page_KDMC - CMS/button_Add' is clicked on

2018-05-09 15:39:15 - [TEST_STEP][PASSED] - selectOptionByIndex: All options with index in [1] are selected on object 'Object Repository/MOH AND GRN/Page_KDMC - CMS/select_--Select--Schedule 1Inj'

2018-05-09 15:39:15 - [MESSAGE][PASSED] - All options with index in [1] are selected on object 'Object Repository/MOH AND GRN/Page_KDMC - CMS/select_--Select--Schedule 1Inj'

2018-05-09 15:39:15 - [TEST_STEP][PASSED] - selectOptionByIndex: All options with index in [7] are selected on object 'Object Repository/MOH AND GRN/Page_KDMC - CMS/select_--Select--Adernaline 0.'

2018-05-09 15:39:16 - [MESSAGE][PASSED] - All options with index in [7] are selected on object 'Object Repository/MOH AND GRN/Page_KDMC - CMS/select_--Select--Adernaline 0.'

2018-05-09 15:39:16 - [TEST_STEP][PASSED] - setText: Text '5000' is set on object 'Object Repository/MOH AND GRN/Page_KDMC - CMS/input_txttreat'

2018-05-09 15:39:16 - [MESSAGE][PASSED] - Text '5000' is set on object 'Object Repository/MOH AND GRN/Page_KDMC - CMS/input_txttreat'

2018-05-09 15:39:16 - [TEST_STEP][PASSED] - click: Object: 'Object Repository/MOH AND GRN/Page_KDMC - CMS/button_Add' is clicked on

2018-05-09 15:39:16 - [MESSAGE][PASSED] - Object: 'Object Repository/MOH AND GRN/Page_KDMC - CMS/button_Add' is clicked on

2018-05-09 15:39:16 - [TEST_STEP][PASSED] - selectOptionByIndex: All options with index in [1] are selected on object 'Object Repository/MOH AND GRN/Page_KDMC - CMS/select_--Select--Schedule 1Inj'

2018-05-09 15:39:16 - [MESSAGE][PASSED] - All options with index in [1] are selected on object 'Object Repository/MOH AND GRN/Page_KDMC - CMS/select_--Select--Schedule 1Inj'

2018-05-09 15:39:16 - [TEST_STEP][PASSED] - selectOptionByIndex: All options with index in [8] are selected on object 'Object Repository/MOH AND GRN/Page_KDMC - CMS/select_--Select--Adernaline 0.'

2018-05-09 15:39:16 - [MESSAGE][PASSED] - All options with index in [8] are selected on object 'Object Repository/MOH AND GRN/Page_KDMC - CMS/select_--Select--Adernaline 0.'

2018-05-09 15:39:16 - [TEST_STEP][PASSED] - setText: Text '5000' is set on object 'Object Repository/MOH AND GRN/Page_KDMC - CMS/input_txttreat'

2018-05-09 15:39:16 - [MESSAGE][PASSED] - Text '5000' is set on object 'Object Repository/MOH AND GRN/Page_KDMC - CMS/input_txttreat'

2018-05-09 15:39:16 - [TEST_STEP][PASSED] - click: Object: 'Object Repository/MOH AND GRN/Page_KDMC - CMS/button_Add' is clicked on

2018-05-09 15:39:16 - [MESSAGE][PASSED] - Object: 'Object Repository/MOH AND GRN/Page_KDMC - CMS/button_Add' is clicked on

2018-05-09 15:39:16 - [TEST_STEP][PASSED] - selectOptionByIndex: All options with index in [1] are selected on object 'Object Repository/MOH AND GRN/Page_KDMC - CMS/select_--Select--Schedule 1Inj'

2018-05-09 15:39:16 - [MESSAGE][PASSED] - All options with index in [1] are selected on object 'Object Repository/MOH AND GRN/Page_KDMC - CMS/select_--Select--Schedule 1Inj'

2018-05-09 15:39:16 - [TEST_STEP][PASSED] - selectOptionByIndex: All options with index in [9] are selected on object 'Object Repository/MOH AND GRN/Page_KDMC - CMS/select_--Select--Adernaline 0.'

2018-05-09 15:39:17 - [MESSAGE][PASSED] - All options with index in [9] are selected on object 'Object Repository/MOH AND GRN/Page_KDMC - CMS/select_--Select--Adernaline 0.'

2018-05-09 15:39:17 - [TEST_STEP][PASSED] - setText: Text '5000' is set on object 'Object Repository/MOH AND GRN/Page_KDMC - CMS/input_txttreat'

2018-05-09 15:39:17 - [MESSAGE][PASSED] - Text '5000' is set on object 'Object Repository/MOH AND GRN/Page_KDMC - CMS/input_txttreat'

2018-05-09 15:39:17 - [TEST_STEP][PASSED] - click: Object: 'Object Repository/MOH AND GRN/Page_KDMC - CMS/button_Add' is clicked on

2018-05-09 15:39:17 - [MESSAGE][PASSED] - Object: 'Object Repository/MOH AND GRN/Page_KDMC - CMS/button_Add' is clicked on

2018-05-09 15:39:17 - [TEST_STEP][PASSED] - selectOptionByIndex: All options with index in [1] are selected on object 'Object Repository/MOH AND GRN/Page_KDMC - CMS/select_--Select--Schedule 1Inj'

2018-05-09 15:39:17 - [MESSAGE][PASSED] - All options with index in [1] are selected on object 'Object Repository/MOH AND GRN/Page_KDMC - CMS/select_--Select--Schedule 1Inj'

2018-05-09 15:39:17 - [TEST_STEP][PASSED] - selectOptionByIndex: All options with index in [10] are selected on object 'Object Repository/MOH AND GRN/Page_KDMC - CMS/select_--Select--Adernaline 0.'

2018-05-09 15:39:17 - [MESSAGE][PASSED] - All options with index in [10] are selected on object 'Object Repository/MOH AND GRN/Page_KDMC - CMS/select_--Select--Adernaline 0.'

2018-05-09 15:39:17 - [TEST_STEP][PASSED] - setText: Text '5000' is set on object 'Object Repository/MOH AND GRN/Page_KDMC - CMS/input_txttreat'

2018-05-09 15:39:17 - [MESSAGE][PASSED] - Text '5000' is set on object 'Object Repository/MOH AND GRN/Page_KDMC - CMS/input_txttreat'

2018-05-09 15:39:17 - [TEST_STEP][PASSED] - click: Object: 'Object Repository/MOH AND GRN/Page_KDMC - CMS/button_Add' is clicked on

2018-05-09 15:39:17 - [MESSAGE][PASSED] - Object: 'Object Repository/MOH AND GRN/Page_KDMC - CMS/button_Add' is clicked on

2018-05-09 15:39:17 - [TEST_STEP][PASSED] - selectOptionByIndex: All options with index in [1] are selected on object 'Object Repository/MOH AND GRN/Page_KDMC - CMS/select_--Select--Schedule 1Inj'

2018-05-09 15:39:17 - [MESSAGE][PASSED] - All options with index in [1] are selected on object 'Object Repository/MOH AND GRN/Page_KDMC - CMS/select_--Select--Schedule 1Inj'

2018-05-09 15:39:17 - [TEST_STEP][PASSED] - selectOptionByIndex: All options with index in [11] are selected on object 'Object Repository/MOH AND GRN/Page_KDMC - CMS/select_--Select--Adernaline 0.'

2018-05-09 15:39:18 - [MESSAGE][PASSED] - All options with index in [11] are selected on object 'Object Repository/MOH AND GRN/Page_KDMC - CMS/select_--Select--Adernaline 0.'

2018-05-09 15:39:18 - [TEST_STEP][PASSED] - setText: Text '5000' is set on object 'Object Repository/MOH AND GRN/Page_KDMC - CMS/input_txttreat'

2018-05-09 15:39:18 - [MESSAGE][PASSED] - Text '5000' is set on object 'Object Repository/MOH AND GRN/Page_KDMC - CMS/input_txttreat'

2018-05-09 15:39:18 - [TEST_STEP][PASSED] - click: Object: 'Object Repository/MOH AND GRN/Page_KDMC - CMS/button_Add' is clicked on

2018-05-09 15:39:18 - [MESSAGE][PASSED] - Object: 'Object Repository/MOH AND GRN/Page_KDMC - CMS/button_Add' is clicked on

2018-05-09 15:39:18 - [TEST_STEP][PASSED] - selectOptionByIndex: All options with index in [1] are selected on object 'Object Repository/MOH AND GRN/Page_KDMC - CMS/select_--Select--Schedule 1Inj'

2018-05-09 15:39:18 - [MESSAGE][PASSED] - All options with index in [1] are selected on object 'Object Repository/MOH AND GRN/Page_KDMC - CMS/select_--Select--Schedule 1Inj'

2018-05-09 15:39:18 - [TEST_STEP][PASSED] - selectOptionByIndex: All options with index in [12] are selected on object 'Object Repository/MOH AND GRN/Page_KDMC - CMS/select_--Select--Adernaline 0.'

2018-05-09 15:39:18 - [MESSAGE][PASSED] - All options with index in [12] are selected on object 'Object Repository/MOH AND GRN/Page_KDMC - CMS/select_--Select--Adernaline 0.'

2018-05-09 15:39:18 - [TEST_STEP][PASSED] - setText: Text '5000' is set on object 'Object Repository/MOH AND GRN/Page_KDMC - CMS/input_txttreat'

2018-05-09 15:39:18 - [MESSAGE][PASSED] - Text '5000' is set on object 'Object Repository/MOH AND GRN/Page_KDMC - CMS/input_txttreat'

2018-05-09 15:39:18 - [TEST_STEP][PASSED] - click: Object: 'Object Repository/MOH AND GRN/Page_KDMC - CMS/button_Add' is clicked on

2018-05-09 15:39:18 - [MESSAGE][PASSED] - Object: 'Object Repository/MOH AND GRN/Page_KDMC - CMS/button_Add' is clicked on

2018-05-09 15:39:18 - [TEST_STEP][PASSED] - selectOptionByIndex: All options with index in [1] are selected on object 'Object Repository/MOH AND GRN/Page_KDMC - CMS/select_--Select--Schedule 1Inj'

2018-05-09 15:39:18 - [MESSAGE][PASSED] - All options with index in [1] are selected on object 'Object Repository/MOH AND GRN/Page_KDMC - CMS/select_--Select--Schedule 1Inj'

2018-05-09 15:39:18 - [TEST_STEP][PASSED] - selectOptionByIndex: All options with index in [13] are selected on object 'Object Repository/MOH AND GRN/Page_KDMC - CMS/select_--Select--Adernaline 0.'

2018-05-09 15:39:19 - [MESSAGE][PASSED] - All options with index in [13] are selected on object 'Object Repository/MOH AND GRN/Page_KDMC - CMS/select_--Select--Adernaline 0.'

2018-05-09 15:39:19 - [TEST_STEP][PASSED] - setText: Text '5000' is set on object 'Object Repository/MOH AND GRN/Page_KDMC - CMS/input_txttreat'

2018-05-09 15:39:19 - [MESSAGE][PASSED] - Text '5000' is set on object 'Object Repository/MOH AND GRN/Page_KDMC - CMS/input_txttreat'

2018-05-09 15:39:19 - [TEST_STEP][PASSED] - click: Object: 'Object Repository/MOH AND GRN/Page_KDMC - CMS/button_Add' is clicked on

2018-05-09 15:39:19 - [MESSAGE][PASSED] - Object: 'Object Repository/MOH AND GRN/Page_KDMC - CMS/button_Add' is clicked on

2018-05-09 15:39:19 - [TEST_STEP][PASSED] - selectOptionByIndex: All options with index in [1] are selected on object 'Object Repository/MOH AND GRN/Page_KDMC - CMS/select_--Select--Schedule 1Inj'

2018-05-09 15:39:19 - [MESSAGE][PASSED] - All options with index in [1] are selected on object 'Object Repository/MOH AND GRN/Page_KDMC - CMS/select_--Select--Schedule 1Inj'

2018-05-09 15:39:19 - [TEST_STEP][PASSED] - selectOptionByIndex: All options with index in [14] are selected on object 'Object Repository/MOH AND GRN/Page_KDMC - CMS/select_--Select--Adernaline 0.'

2018-05-09 15:39:19 - [MESSAGE][PASSED] - All options with index in [14] are selected on object 'Object Repository/MOH AND GRN/Page_KDMC - CMS/select_--Select--Adernaline 0.'

2018-05-09 15:39:19 - [TEST_STEP][PASSED] - setText: Text '5000' is set on object 'Object Repository/MOH AND GRN/Page_KDMC - CMS/input_txttreat'

2018-05-09 15:39:19 - [MESSAGE][PASSED] - Text '5000' is set on object 'Object Repository/MOH AND GRN/Page_KDMC - CMS/input_txttreat'

2018-05-09 15:39:19 - [TEST_STEP][PASSED] - click: Object: 'Object Repository/MOH AND GRN/Page_KDMC - CMS/button_Add' is clicked on

2018-05-09 15:39:19 - [MESSAGE][PASSED] - Object: 'Object Repository/MOH AND GRN/Page_KDMC - CMS/button_Add' is clicked on

2018-05-09 15:39:19 - [TEST_STEP][PASSED] - selectOptionByIndex: All options with index in [1] are selected on object 'Object Repository/MOH AND GRN/Page_KDMC - CMS/select_--Select--Schedule 1Inj'

2018-05-09 15:39:19 - [MESSAGE][PASSED] - All options with index in [1] are selected on object 'Object Repository/MOH AND GRN/Page_KDMC - CMS/select_--Select--Schedule 1Inj'

2018-05-09 15:39:19 - [TEST_STEP][PASSED] - selectOptionByIndex: All options with index in [15] are selected on object 'Object Repository/MOH AND GRN/Page_KDMC - CMS/select_--Select--Adernaline 0.'

2018-05-09 15:39:20 - [MESSAGE][PASSED] - All options with index in [15] are selected on object 'Object Repository/MOH AND GRN/Page_KDMC - CMS/select_--Select--Adernaline 0.'

2018-05-09 15:39:20 - [TEST_STEP][PASSED] - setText: Text '5000' is set on object 'Object Repository/MOH AND GRN/Page_KDMC - CMS/input_txttreat'

2018-05-09 15:39:20 - [MESSAGE][PASSED] - Text '5000' is set on object 'Object Repository/MOH AND GRN/Page_KDMC - CMS/input_txttreat'

2018-05-09 15:39:20 - [TEST_STEP][PASSED] - click: Object: 'Object Repository/MOH AND GRN/Page_KDMC - CMS/button_Add' is clicked on

2018-05-09 15:39:20 - [MESSAGE][PASSED] - Object: 'Object Repository/MOH AND GRN/Page_KDMC - CMS/button_Add' is clicked on

2018-05-09 15:39:20 - [TEST_STEP][PASSED] - selectOptionByIndex: All options with index in [1] are selected on object 'Object Repository/MOH AND GRN/Page_KDMC - CMS/select_--Select--Schedule 1Inj'

2018-05-09 15:39:20 - [MESSAGE][PASSED] - All options with index in [1] are selected on object 'Object Repository/MOH AND GRN/Page_KDMC - CMS/select_--Select--Schedule 1Inj'

2018-05-09 15:39:20 - [TEST_STEP][PASSED] - selectOptionByIndex: All options with index in [16] are selected on object 'Object Repository/MOH AND GRN/Page_KDMC - CMS/select_--Select--Adernaline 0.'

2018-05-09 15:39:20 - [MESSAGE][PASSED] - All options with index in [16] are selected on object 'Object Repository/MOH AND GRN/Page_KDMC - CMS/select_--Select--Adernaline 0.'

2018-05-09 15:39:20 - [TEST_STEP][PASSED] - setText: Text '5000' is set on object 'Object Repository/MOH AND GRN/Page_KDMC - CMS/input_txttreat'

2018-05-09 15:39:20 - [MESSAGE][PASSED] - Text '5000' is set on object 'Object Repository/MOH AND GRN/Page_KDMC - CMS/input_txttreat'

2018-05-09 15:39:20 - [TEST_STEP][PASSED] - click: Object: 'Object Repository/MOH AND GRN/Page_KDMC - CMS/button_Add' is clicked on

2018-05-09 15:39:20 - [MESSAGE][PASSED] - Object: 'Object Repository/MOH AND GRN/Page_KDMC - CMS/button_Add' is clicked on

2018-05-09 15:39:20 - [TEST_STEP][PASSED] - selectOptionByIndex: All options with index in [1] are selected on object 'Object Repository/MOH AND GRN/Page_KDMC - CMS/select_--Select--Schedule 1Inj'

2018-05-09 15:39:20 - [MESSAGE][PASSED] - All options with index in [1] are selected on object 'Object Repository/MOH AND GRN/Page_KDMC - CMS/select_--Select--Schedule 1Inj'

2018-05-09 15:39:20 - [TEST_STEP][PASSED] - selectOptionByIndex: All options with index in [17] are selected on object 'Object Repository/MOH AND GRN/Page_KDMC - CMS/select_--Select--Adernaline 0.'

2018-05-09 15:39:21 - [MESSAGE][PASSED] - All options with index in [17] are selected on object 'Object Repository/MOH AND GRN/Page_KDMC - CMS/select_--Select--Adernaline 0.'

2018-05-09 15:39:21 - [TEST_STEP][PASSED] - setText: Text '5000' is set on object 'Object Repository/MOH AND GRN/Page_KDMC - CMS/input_txttreat'

2018-05-09 15:39:21 - [MESSAGE][PASSED] - Text '5000' is set on object 'Object Repository/MOH AND GRN/Page_KDMC - CMS/input_txttreat'

2018-05-09 15:39:21 - [TEST_STEP][PASSED] - click: Object: 'Object Repository/MOH AND GRN/Page_KDMC - CMS/button_Add' is clicked on

2018-05-09 15:39:21 - [MESSAGE][PASSED] - Object: 'Object Repository/MOH AND GRN/Page_KDMC - CMS/button_Add' is clicked on

2018-05-09 15:39:21 - [TEST_STEP][PASSED] - selectOptionByIndex: All options with index in [1] are selected on object 'Object Repository/MOH AND GRN/Page_KDMC - CMS/select_--Select--Schedule 1Inj'

2018-05-09 15:39:21 - [MESSAGE][PASSED] - All options with index in [1] are selected on object 'Object Repository/MOH AND GRN/Page_KDMC - CMS/select_--Select--Schedule 1Inj'

2018-05-09 15:39:21 - [TEST_STEP][PASSED] - selectOptionByIndex: All options with index in [18] are selected on object 'Object Repository/MOH AND GRN/Page_KDMC - CMS/select_--Select--Adernaline 0.'

2018-05-09 15:39:21 - [MESSAGE][PASSED] - All options with index in [18] are selected on object 'Object Repository/MOH AND GRN/Page_KDMC - CMS/select_--Select--Adernaline 0.'

2018-05-09 15:39:21 - [TEST_STEP][PASSED] - setText: Text '5000' is set on object 'Object Repository/MOH AND GRN/Page_KDMC - CMS/input_txttreat'

2018-05-09 15:39:21 - [MESSAGE][PASSED] - Text '5000' is set on object 'Object Repository/MOH AND GRN/Page_KDMC - CMS/input_txttreat'

2018-05-09 15:39:21 - [TEST_STEP][PASSED] - click: Object: 'Object Repository/MOH AND GRN/Page_KDMC - CMS/button_Add' is clicked on

2018-05-09 15:39:21 - [MESSAGE][PASSED] - Object: 'Object Repository/MOH AND GRN/Page_KDMC - CMS/button_Add' is clicked on

2018-05-09 15:39:21 - [TEST_STEP][PASSED] - selectOptionByIndex: All options with index in [1] are selected on object 'Object Repository/MOH AND GRN/Page_KDMC - CMS/select_--Select--Schedule 1Inj'

2018-05-09 15:39:22 - [MESSAGE][PASSED] - All options with index in [1] are selected on object 'Object Repository/MOH AND GRN/Page_KDMC - CMS/select_--Select--Schedule 1Inj'

2018-05-09 15:39:22 - [TEST_STEP][PASSED] - selectOptionByIndex: All options with index in [19] are selected on object 'Object Repository/MOH AND GRN/Page_KDMC - CMS/select_--Select--Adernaline 0.'

2018-05-09 15:39:22 - [MESSAGE][PASSED] - All options with index in [19] are selected on object 'Object Repository/MOH AND GRN/Page_KDMC - CMS/select_--Select--Adernaline 0.'

2018-05-09 15:39:22 - [TEST_STEP][PASSED] - setText: Text '5000' is set on object 'Object Repository/MOH AND GRN/Page_KDMC - CMS/input_txttreat'

2018-05-09 15:39:22 - [MESSAGE][PASSED] - Text '5000' is set on object 'Object Repository/MOH AND GRN/Page_KDMC - CMS/input_txttreat'

2018-05-09 15:39:22 - [TEST_STEP][PASSED] - click: Object: 'Object Repository/MOH AND GRN/Page_KDMC - CMS/button_Add' is clicked on

2018-05-09 15:39:22 - [MESSAGE][PASSED] - Object: 'Object Repository/MOH AND GRN/Page_KDMC - CMS/button_Add' is clicked on

2018-05-09 15:39:22 - [TEST_STEP][PASSED] - selectOptionByIndex: All options with index in [1] are selected on object 'Object Repository/MOH AND GRN/Page_KDMC - CMS/select_--Select--Schedule 1Inj'

2018-05-09 15:39:22 - [MESSAGE][PASSED] - All options with index in [1] are selected on object 'Object Repository/MOH AND GRN/Page_KDMC - CMS/select_--Select--Schedule 1Inj'

2018-05-09 15:39:22 - [TEST_STEP][PASSED] - selectOptionByIndex: All options with index in [20] are selected on object 'Object Repository/MOH AND GRN/Page_KDMC - CMS/select_--Select--Adernaline 0.'

2018-05-09 15:39:22 - [MESSAGE][PASSED] - All options with index in [20] are selected on object 'Object Repository/MOH AND GRN/Page_KDMC - CMS/select_--Select--Adernaline 0.'

2018-05-09 15:39:22 - [TEST_STEP][PASSED] - setText: Text '5000' is set on object 'Object Repository/MOH AND GRN/Page_KDMC - CMS/input_txttreat'

2018-05-09 15:39:23 - [MESSAGE][PASSED] - Text '5000' is set on object 'Object Repository/MOH AND GRN/Page_KDMC - CMS/input_txttreat'

2018-05-09 15:39:23 - [TEST_STEP][PASSED] - click: Object: 'Object Repository/MOH AND GRN/Page_KDMC - CMS/button_Add' is clicked on

2018-05-09 15:39:23 - [MESSAGE][PASSED] - Object: 'Object Repository/MOH AND GRN/Page_KDMC - CMS/button_Add' is clicked on

2018-05-09 15:39:23 - [TEST_STEP][PASSED] - selectOptionByIndex: All options with index in [1] are selected on object 'Object Repository/MOH AND GRN/Page_KDMC - CMS/select_--Select--Schedule 1Inj'

2018-05-09 15:39:23 - [MESSAGE][PASSED] - All options with index in [1] are selected on object 'Object Repository/MOH AND GRN/Page_KDMC - CMS/select_--Select--Schedule 1Inj'

2018-05-09 15:39:23 - [TEST_STEP][PASSED] - selectOptionByIndex: All options with index in [21] are selected on object 'Object Repository/MOH AND GRN/Page_KDMC - CMS/select_--Select--Adernaline 0.'

2018-05-09 15:39:23 - [MESSAGE][PASSED] - All options with index in [21] are selected on object 'Object Repository/MOH AND GRN/Page_KDMC - CMS/select_--Select--Adernaline 0.'

2018-05-09 15:39:23 - [TEST_STEP][PASSED] - setText: Text '5000' is set on object 'Object Repository/MOH AND GRN/Page_KDMC - CMS/input_txttreat'

2018-05-09 15:39:23 - [MESSAGE][PASSED] - Text '5000' is set on object 'Object Repository/MOH AND GRN/Page_KDMC - CMS/input_txttreat'

2018-05-09 15:39:23 - [TEST_STEP][PASSED] - click: Object: 'Object Repository/MOH AND GRN/Page_KDMC - CMS/button_Add' is clicked on

2018-05-09 15:39:23 - [MESSAGE][PASSED] - Object: 'Object Repository/MOH AND GRN/Page_KDMC - CMS/button_Add' is clicked on

2018-05-09 15:39:23 - [TEST_STEP][PASSED] - selectOptionByIndex: All options with index in [1] are selected on object 'Object Repository/MOH AND GRN/Page_KDMC - CMS/select_--Select--Schedule 1Inj'

2018-05-09 15:39:23 - [MESSAGE][PASSED] - All options with index in [1] are selected on object 'Object Repository/MOH AND GRN/Page_KDMC - CMS/select_--Select--Schedule 1Inj'

2018-05-09 15:39:23 - [TEST_STEP][PASSED] - selectOptionByIndex: All options with index in [22] are selected on object 'Object Repository/MOH AND GRN/Page_KDMC - CMS/select_--Select--Adernaline 0.'

2018-05-09 15:39:24 - [MESSAGE][PASSED] - All options with index in [22] are selected on object 'Object Repository/MOH AND GRN/Page_KDMC - CMS/select_--Select--Adernaline 0.'

2018-05-09 15:39:24 - [TEST_STEP][PASSED] - setText: Text '5000' is set on object 'Object Repository/MOH AND GRN/Page_KDMC - CMS/input_txttreat'

2018-05-09 15:39:24 - [MESSAGE][PASSED] - Text '5000' is set on object 'Object Repository/MOH AND GRN/Page_KDMC - CMS/input_txttreat'

2018-05-09 15:39:24 - [TEST_STEP][PASSED] - click: Object: 'Object Repository/MOH AND GRN/Page_KDMC - CMS/button_Add' is clicked on

2018-05-09 15:39:24 - [MESSAGE][PASSED] - Object: 'Object Repository/MOH AND GRN/Page_KDMC - CMS/button_Add' is clicked on

2018-05-09 15:39:24 - [TEST_STEP][PASSED] - selectOptionByIndex: All options with index in [1] are selected on object 'Object Repository/MOH AND GRN/Page_KDMC - CMS/select_--Select--Schedule 1Inj'

2018-05-09 15:39:24 - [MESSAGE][PASSED] - All options with index in [1] are selected on object 'Object Repository/MOH AND GRN/Page_KDMC - CMS/select_--Select--Schedule 1Inj'

2018-05-09 15:39:24 - [TEST_STEP][PASSED] - selectOptionByIndex: All options with index in [23] are selected on object 'Object Repository/MOH AND GRN/Page_KDMC - CMS/select_--Select--Adernaline 0.'

2018-05-09 15:39:24 - [MESSAGE][PASSED] - All options with index in [23] are selected on object 'Object Repository/MOH AND GRN/Page_KDMC - CMS/select_--Select--Adernaline 0.'

2018-05-09 15:39:24 - [TEST_STEP][PASSED] - setText: Text '5000' is set on object 'Object Repository/MOH AND GRN/Page_KDMC - CMS/input_txttreat'

2018-05-09 15:39:24 - [MESSAGE][PASSED] - Text '5000' is set on object 'Object Repository/MOH AND GRN/Page_KDMC - CMS/input_txttreat'

2018-05-09 15:39:24 - [TEST_STEP][PASSED] - click: Object: 'Object Repository/MOH AND GRN/Page_KDMC - CMS/button_Add' is clicked on

2018-05-09 15:39:24 - [MESSAGE][PASSED] - Object: 'Object Repository/MOH AND GRN/Page_KDMC - CMS/button_Add' is clicked on

2018-05-09 15:39:24 - [TEST_STEP][PASSED] - selectOptionByIndex: All options with index in [1] are selected on object 'Object Repository/MOH AND GRN/Page_KDMC - CMS/select_--Select--Schedule 1Inj'

2018-05-09 15:39:25 - [MESSAGE][PASSED] - All options with index in [1] are selected on object 'Object Repository/MOH AND GRN/Page_KDMC - CMS/select_--Select--Schedule 1Inj'

2018-05-09 15:39:25 - [TEST_STEP][PASSED] - selectOptionByIndex: All options with index in [24] are selected on object 'Object Repository/MOH AND GRN/Page_KDMC - CMS/select_--Select--Adernaline 0.'

2018-05-09 15:39:25 - [MESSAGE][PASSED] - All options with index in [24] are selected on object 'Object Repository/MOH AND GRN/Page_KDMC - CMS/select_--Select--Adernaline 0.'

2018-05-09 15:39:25 - [TEST_STEP][PASSED] - setText: Text '5000' is set on object 'Object Repository/MOH AND GRN/Page_KDMC - CMS/input_txttreat'

2018-05-09 15:39:25 - [MESSAGE][PASSED] - Text '5000' is set on object 'Object Repository/MOH AND GRN/Page_KDMC - CMS/input_txttreat'

2018-05-09 15:39:25 - [TEST_STEP][PASSED] - click: Object: 'Object Repository/MOH AND GRN/Page_KDMC - CMS/button_Add' is clicked on

2018-05-09 15:39:25 - [MESSAGE][PASSED] - Object: 'Object Repository/MOH AND GRN/Page_KDMC - CMS/button_Add' is clicked on

2018-05-09 15:39:25 - [TEST_STEP][PASSED] - selectOptionByIndex: All options with index in [1] are selected on object 'Object Repository/MOH AND GRN/Page_KDMC - CMS/select_--Select--Schedule 1Inj'

2018-05-09 15:39:25 - [MESSAGE][PASSED] - All options with index in [1] are selected on object 'Object Repository/MOH AND GRN/Page_KDMC - CMS/select_--Select--Schedule 1Inj'

2018-05-09 15:39:25 - [TEST_STEP][PASSED] - selectOptionByIndex: All options with index in [25] are selected on object 'Object Repository/MOH AND GRN/Page_KDMC - CMS/select_--Select--Adernaline 0.'

2018-05-09 15:39:26 - [MESSAGE][PASSED] - All options with index in [25] are selected on object 'Object Repository/MOH AND GRN/Page_KDMC - CMS/select_--Select--Adernaline 0.'

2018-05-09 15:39:26 - [TEST_STEP][PASSED] - setText: Text '5000' is set on object 'Object Repository/MOH AND GRN/Page_KDMC - CMS/input_txttreat'

2018-05-09 15:39:26 - [MESSAGE][PASSED] - Text '5000' is set on object 'Object Repository/MOH AND GRN/Page_KDMC - CMS/input_txttreat'

2018-05-09 15:39:26 - [TEST_STEP][PASSED] - click: Object: 'Object Repository/MOH AND GRN/Page_KDMC - CMS/button_Add' is clicked on

2018-05-09 15:39:26 - [MESSAGE][PASSED] - Object: 'Object Repository/MOH AND GRN/Page_KDMC - CMS/button_Add' is clicked on

2018-05-09 15:39:26 - [TEST_STEP][PASSED] - selectOptionByIndex: All options with index in [1] are selected on object 'Object Repository/MOH AND GRN/Page_KDMC - CMS/select_--Select--Schedule 1Inj'

2018-05-09 15:39:26 - [MESSAGE][PASSED] - All options with index in [1] are selected on object 'Object Repository/MOH AND GRN/Page_KDMC - CMS/select_--Select--Schedule 1Inj'

2018-05-09 15:39:26 - [TEST_STEP][PASSED] - selectOptionByIndex: All options with index in [26] are selected on object 'Object Repository/MOH AND GRN/Page_KDMC - CMS/select_--Select--Adernaline 0.'

2018-05-09 15:39:26 - [MESSAGE][PASSED] - All options with index in [26] are selected on object 'Object Repository/MOH AND GRN/Page_KDMC - CMS/select_--Select--Adernaline 0.'

2018-05-09 15:39:26 - [TEST_STEP][PASSED] - setText: Text '5000' is set on object 'Object Repository/MOH AND GRN/Page_KDMC - CMS/input_txttreat'

2018-05-09 15:39:26 - [MESSAGE][PASSED] - Text '5000' is set on object 'Object Repository/MOH AND GRN/Page_KDMC - CMS/input_txttreat'

2018-05-09 15:39:26 - [TEST_STEP][PASSED] - click: Object: 'Object Repository/MOH AND GRN/Page_KDMC - CMS/button_Add' is clicked on

2018-05-09 15:39:26 - [MESSAGE][PASSED] - Object: 'Object Repository/MOH AND GRN/Page_KDMC - CMS/button_Add' is clicked on

2018-05-09 15:39:26 - [TEST_STEP][PASSED] - selectOptionByIndex: All options with index in [1] are selected on object 'Object Repository/MOH AND GRN/Page_KDMC - CMS/select_--Select--Schedule 1Inj'

2018-05-09 15:39:26 - [MESSAGE][PASSED] - All options with index in [1] are selected on object 'Object Repository/MOH AND GRN/Page_KDMC - CMS/select_--Select--Schedule 1Inj'

2018-05-09 15:39:26 - [TEST_STEP][PASSED] - selectOptionByIndex: All options with index in [27] are selected on object 'Object Repository/MOH AND GRN/Page_KDMC - CMS/select_--Select--Adernaline 0.'

2018-05-09 15:39:27 - [MESSAGE][PASSED] - All options with index in [27] are selected on object 'Object Repository/MOH AND GRN/Page_KDMC - CMS/select_--Select--Adernaline 0.'

2018-05-09 15:39:27 - [TEST_STEP][PASSED] - setText: Text '5000' is set on object 'Object Repository/MOH AND GRN/Page_KDMC - CMS/input_txttreat'

2018-05-09 15:39:27 - [MESSAGE][PASSED] - Text '5000' is set on object 'Object Repository/MOH AND GRN/Page_KDMC - CMS/input_txttreat'

2018-05-09 15:39:27 - [TEST_STEP][PASSED] - click: Object: 'Object Repository/MOH AND GRN/Page_KDMC - CMS/button_Add' is clicked on

2018-05-09 15:39:27 - [MESSAGE][PASSED] - Object: 'Object Repository/MOH AND GRN/Page_KDMC - CMS/button_Add' is clicked on

2018-05-09 15:39:27 - [TEST_STEP][PASSED] - selectOptionByIndex: All options with index in [1] are selected on object 'Object Repository/MOH AND GRN/Page_KDMC - CMS/select_--Select--Schedule 1Inj'

2018-05-09 15:39:27 - [MESSAGE][PASSED] - All options with index in [1] are selected on object 'Object Repository/MOH AND GRN/Page_KDMC - CMS/select_--Select--Schedule 1Inj'

2018-05-09 15:39:27 - [TEST_STEP][PASSED] - selectOptionByIndex: All options with index in [28] are selected on object 'Object Repository/MOH AND GRN/Page_KDMC - CMS/select_--Select--Adernaline 0.'

2018-05-09 15:39:28 - [MESSAGE][PASSED] - All options with index in [28] are selected on object 'Object Repository/MOH AND GRN/Page_KDMC - CMS/select_--Select--Adernaline 0.'

2018-05-09 15:39:28 - [TEST_STEP][PASSED] - setText: Text '5000' is set on object 'Object Repository/MOH AND GRN/Page_KDMC - CMS/input_txttreat'

2018-05-09 15:39:28 - [MESSAGE][PASSED] - Text '5000' is set on object 'Object Repository/MOH AND GRN/Page_KDMC - CMS/input_txttreat'

2018-05-09 15:39:28 - [TEST_STEP][PASSED] - click: Object: 'Object Repository/MOH AND GRN/Page_KDMC - CMS/button_Add' is clicked on

2018-05-09 15:39:28 - [MESSAGE][PASSED] - Object: 'Object Repository/MOH AND GRN/Page_KDMC - CMS/button_Add' is clicked on

2018-05-09 15:39:28 - [TEST_STEP][PASSED] - selectOptionByIndex: All options with index in [1] are selected on object 'Object Repository/MOH AND GRN/Page_KDMC - CMS/select_--Select--Schedule 1Inj'

2018-05-09 15:39:28 - [MESSAGE][PASSED] - All options with index in [1] are selected on object 'Object Repository/MOH AND GRN/Page_KDMC - CMS/select_--Select--Schedule 1Inj'

2018-05-09 15:39:28 - [TEST_STEP][PASSED] - selectOptionByIndex: All options with index in [29] are selected on object 'Object Repository/MOH AND GRN/Page_KDMC - CMS/select_--Select--Adernaline 0.'

2018-05-09 15:39:28 - [MESSAGE][PASSED] - All options with index in [29] are selected on object 'Object Repository/MOH AND GRN/Page_KDMC - CMS/select_--Select--Adernaline 0.'

2018-05-09 15:39:28 - [TEST_STEP][PASSED] - setText: Text '5000' is set on object 'Object Repository/MOH AND GRN/Page_KDMC - CMS/input_txttreat'

2018-05-09 15:39:28 - [MESSAGE][PASSED] - Text '5000' is set on object 'Object Repository/MOH AND GRN/Page_KDMC - CMS/input_txttreat'

2018-05-09 15:39:28 - [TEST_STEP][PASSED] - click: Object: 'Object Repository/MOH AND GRN/Page_KDMC - CMS/button_Add' is clicked on

2018-05-09 15:39:28 - [MESSAGE][PASSED] - Object: 'Object Repository/MOH AND GRN/Page_KDMC - CMS/button_Add' is clicked on

2018-05-09 15:39:28 - [TEST_STEP][PASSED] - selectOptionByIndex: All options with index in [1] are selected on object 'Object Repository/MOH AND GRN/Page_KDMC - CMS/select_--Select--Schedule 1Inj'

2018-05-09 15:39:29 - [MESSAGE][PASSED] - All options with index in [1] are selected on object 'Object Repository/MOH AND GRN/Page_KDMC - CMS/select_--Select--Schedule 1Inj'

2018-05-09 15:39:29 - [TEST_STEP][PASSED] - selectOptionByIndex: All options with index in [30] are selected on object 'Object Repository/MOH AND GRN/Page_KDMC - CMS/select_--Select--Adernaline 0.'

2018-05-09 15:39:29 - [MESSAGE][PASSED] - All options with index in [30] are selected on object 'Object Repository/MOH AND GRN/Page_KDMC - CMS/select_--Select--Adernaline 0.'

2018-05-09 15:39:29 - [TEST_STEP][PASSED] - setText: Text '5000' is set on object 'Object Repository/MOH AND GRN/Page_KDMC - CMS/input_txttreat'

2018-05-09 15:39:29 - [MESSAGE][PASSED] - Text '5000' is set on object 'Object Repository/MOH AND GRN/Page_KDMC - CMS/input_txttreat'

2018-05-09 15:39:29 - [TEST_STEP][PASSED] - click: Object: 'Object Repository/MOH AND GRN/Page_KDMC - CMS/button_Add' is clicked on

2018-05-09 15:39:29 - [MESSAGE][PASSED] - Object: 'Object Repository/MOH AND GRN/Page_KDMC - CMS/button_Add' is clicked on

2018-05-09 15:39:29 - [TEST_STEP][PASSED] - selectOptionByIndex: All options with index in [1] are selected on object 'Object Repository/MOH AND GRN/Page_KDMC - CMS/select_--Select--Schedule 1Inj'

2018-05-09 15:39:29 - [MESSAGE][PASSED] - All options with index in [1] are selected on object 'Object Repository/MOH AND GRN/Page_KDMC - CMS/select_--Select--Schedule 1Inj'

2018-05-09 15:39:29 - [TEST_STEP][PASSED] - selectOptionByIndex: All options with index in [31] are selected on object 'Object Repository/MOH AND GRN/Page_KDMC - CMS/select_--Select--Adernaline 0.'

2018-05-09 15:39:30 - [MESSAGE][PASSED] - All options with index in [31] are selected on object 'Object Repository/MOH AND GRN/Page_KDMC - CMS/select_--Select--Adernaline 0.'

2018-05-09 15:39:30 - [TEST_STEP][PASSED] - setText: Text '5000' is set on object 'Object Repository/MOH AND GRN/Page_KDMC - CMS/input_txttreat'

2018-05-09 15:39:30 - [MESSAGE][PASSED] - Text '5000' is set on object 'Object Repository/MOH AND GRN/Page_KDMC - CMS/input_txttreat'

2018-05-09 15:39:30 - [TEST_STEP][PASSED] - click: Object: 'Object Repository/MOH AND GRN/Page_KDMC - CMS/button_Add' is clicked on

2018-05-09 15:39:30 - [MESSAGE][PASSED] - Object: 'Object Repository/MOH AND GRN/Page_KDMC - CMS/button_Add' is clicked on

2018-05-09 15:39:30 - [TEST_STEP][PASSED] - selectOptionByIndex: All options with index in [1] are selected on object 'Object Repository/MOH AND GRN/Page_KDMC - CMS/select_--Select--Schedule 1Inj'

2018-05-09 15:39:30 - [MESSAGE][PASSED] - All options with index in [1] are selected on object 'Object Repository/MOH AND GRN/Page_KDMC - CMS/select_--Select--Schedule 1Inj'

2018-05-09 15:39:30 - [TEST_STEP][PASSED] - selectOptionByIndex: All options with index in [32] are selected on object 'Object Repository/MOH AND GRN/Page_KDMC - CMS/select_--Select--Adernaline 0.'

2018-05-09 15:39:30 - [MESSAGE][PASSED] - All options with index in [32] are selected on object 'Object Repository/MOH AND GRN/Page_KDMC - CMS/select_--Select--Adernaline 0.'

2018-05-09 15:39:30 - [TEST_STEP][PASSED] - setText: Text '5000' is set on object 'Object Repository/MOH AND GRN/Page_KDMC - CMS/input_txttreat'

2018-05-09 15:39:30 - [MESSAGE][PASSED] - Text '5000' is set on object 'Object Repository/MOH AND GRN/Page_KDMC - CMS/input_txttreat'

2018-05-09 15:39:30 - [TEST_STEP][PASSED] - click: Object: 'Object Repository/MOH AND GRN/Page_KDMC - CMS/button_Add' is clicked on

2018-05-09 15:39:31 - [MESSAGE][PASSED] - Object: 'Object Repository/MOH AND GRN/Page_KDMC - CMS/button_Add' is clicked on

2018-05-09 15:39:31 - [TEST_STEP][PASSED] - selectOptionByIndex: All options with index in [1] are selected on object 'Object Repository/MOH AND GRN/Page_KDMC - CMS/select_--Select--Schedule 1Inj'

2018-05-09 15:39:31 - [MESSAGE][PASSED] - All options with index in [1] are selected on object 'Object Repository/MOH AND GRN/Page_KDMC - CMS/select_--Select--Schedule 1Inj'

2018-05-09 15:39:31 - [TEST_STEP][PASSED] - selectOptionByIndex: All options with index in [33] are selected on object 'Object Repository/MOH AND GRN/Page_KDMC - CMS/select_--Select--Adernaline 0.'

2018-05-09 15:39:31 - [MESSAGE][PASSED] - All options with index in [33] are selected on object 'Object Repository/MOH AND GRN/Page_KDMC - CMS/select_--Select--Adernaline 0.'

2018-05-09 15:39:31 - [TEST_STEP][PASSED] - setText: Text '5000' is set on object 'Object Repository/MOH AND GRN/Page_KDMC - CMS/input_txttreat'

2018-05-09 15:39:31 - [MESSAGE][PASSED] - Text '5000' is set on object 'Object Repository/MOH AND GRN/Page_KDMC - CMS/input_txttreat'

2018-05-09 15:39:31 - [TEST_STEP][PASSED] - click: Object: 'Object Repository/MOH AND GRN/Page_KDMC - CMS/button_Add' is clicked on

2018-05-09 15:39:31 - [MESSAGE][PASSED] - Object: 'Object Repository/MOH AND GRN/Page_KDMC - CMS/button_Add' is clicked on

2018-05-09 15:39:31 - [TEST_STEP][PASSED] - selectOptionByIndex: All options with index in [1] are selected on object 'Object Repository/MOH AND GRN/Page_KDMC - CMS/select_--Select--Schedule 1Inj'

2018-05-09 15:39:32 - [MESSAGE][PASSED] - All options with index in [1] are selected on object 'Object Repository/MOH AND GRN/Page_KDMC - CMS/select_--Select--Schedule 1Inj'

2018-05-09 15:39:32 - [TEST_STEP][PASSED] - selectOptionByIndex: All options with index in [34] are selected on object 'Object Repository/MOH AND GRN/Page_KDMC - CMS/select_--Select--Adernaline 0.'

2018-05-09 15:39:33 - [MESSAGE][PASSED] - All options with index in [34] are selected on object 'Object Repository/MOH AND GRN/Page_KDMC - CMS/select_--Select--Adernaline 0.'

2018-05-09 15:39:33 - [TEST_STEP][PASSED] - setText: Text '5000' is set on object 'Object Repository/MOH AND GRN/Page_KDMC - CMS/input_txttreat'

2018-05-09 15:39:34 - [MESSAGE][PASSED] - Text '5000' is set on object 'Object Repository/MOH AND GRN/Page_KDMC - CMS/input_txttreat'

2018-05-09 15:39:34 - [TEST_STEP][PASSED] - click: Object: 'Object Repository/MOH AND GRN/Page_KDMC - CMS/button_Add' is clicked on

2018-05-09 15:39:34 - [MESSAGE][PASSED] - Object: 'Object Repository/MOH AND GRN/Page_KDMC - CMS/button_Add' is clicked on

2018-05-09 15:39:34 - [TEST_STEP][PASSED] - selectOptionByIndex: All options with index in [1] are selected on object 'Object Repository/MOH AND GRN/Page_KDMC - CMS/select_--Select--Schedule 1Inj'

2018-05-09 15:39:34 - [MESSAGE][PASSED] - All options with index in [1] are selected on object 'Object Repository/MOH AND GRN/Page_KDMC - CMS/select_--Select--Schedule 1Inj'

2018-05-09 15:39:34 - [TEST_STEP][PASSED] - selectOptionByIndex: All options with index in [35] are selected on object 'Object Repository/MOH AND GRN/Page_KDMC - CMS/select_--Select--Adernaline 0.'

2018-05-09 15:39:35 - [MESSAGE][PASSED] - All options with index in [35] are selected on object 'Object Repository/MOH AND GRN/Page_KDMC - CMS/select_--Select--Adernaline 0.'

2018-05-09 15:39:35 - [TEST_STEP][PASSED] - setText: Text '5000' is set on object 'Object Repository/MOH AND GRN/Page_KDMC - CMS/input_txttreat'

2018-05-09 15:39:35 - [MESSAGE][PASSED] - Text '5000' is set on object 'Object Repository/MOH AND GRN/Page_KDMC - CMS/input_txttreat'

2018-05-09 15:39:35 - [TEST_STEP][PASSED] - click: Object: 'Object Repository/MOH AND GRN/Page_KDMC - CMS/button_Add' is clicked on

2018-05-09 15:39:35 - [MESSAGE][PASSED] - Object: 'Object Repository/MOH AND GRN/Page_KDMC - CMS/button_Add' is clicked on

2018-05-09 15:39:35 - [TEST_STEP][PASSED] - selectOptionByIndex: All options with index in [1] are selected on object 'Object Repository/MOH AND GRN/Page_KDMC - CMS/select_--Select--Schedule 1Inj'

2018-05-09 15:39:35 - [MESSAGE][PASSED] - All options with index in [1] are selected on object 'Object Repository/MOH AND GRN/Page_KDMC - CMS/select_--Select--Schedule 1Inj'

2018-05-09 15:39:35 - [TEST_STEP][PASSED] - selectOptionByIndex: All options with index in [36] are selected on object 'Object Repository/MOH AND GRN/Page_KDMC - CMS/select_--Select--Adernaline 0.'

2018-05-09 15:39:35 - [MESSAGE][PASSED] - All options with index in [36] are selected on object 'Object Repository/MOH AND GRN/Page_KDMC - CMS/select_--Select--Adernaline 0.'

2018-05-09 15:39:35 - [TEST_STEP][PASSED] - setText: Text '5000' is set on object 'Object Repository/MOH AND GRN/Page_KDMC - CMS/input_txttreat'

2018-05-09 15:39:36 - [MESSAGE][PASSED] - Text '5000' is set on object 'Object Repository/MOH AND GRN/Page_KDMC - CMS/input_txttreat'

2018-05-09 15:39:36 - [TEST_STEP][PASSED] - click: Object: 'Object Repository/MOH AND GRN/Page_KDMC - CMS/button_Add' is clicked on

2018-05-09 15:39:36 - [MESSAGE][PASSED] - Object: 'Object Repository/MOH AND GRN/Page_KDMC - CMS/button_Add' is clicked on

2018-05-09 15:39:36 - [TEST_STEP][PASSED] - selectOptionByIndex: All options with index in [1] are selected on object 'Object Repository/MOH AND GRN/Page_KDMC - CMS/select_--Select--Schedule 1Inj'

2018-05-09 15:39:36 - [MESSAGE][PASSED] - All options with index in [1] are selected on object 'Object Repository/MOH AND GRN/Page_KDMC - CMS/select_--Select--Schedule 1Inj'

2018-05-09 15:39:36 - [TEST_STEP][PASSED] - selectOptionByIndex: All options with index in [37] are selected on object 'Object Repository/MOH AND GRN/Page_KDMC - CMS/select_--Select--Adernaline 0.'

2018-05-09 15:39:38 - [MESSAGE][PASSED] - All options with index in [37] are selected on object 'Object Repository/MOH AND GRN/Page_KDMC - CMS/select_--Select--Adernaline 0.'

2018-05-09 15:39:38 - [TEST_STEP][PASSED] - setText: Text '5000' is set on object 'Object Repository/MOH AND GRN/Page_KDMC - CMS/input_txttreat'

2018-05-09 15:39:38 - [MESSAGE][PASSED] - Text '5000' is set on object 'Object Repository/MOH AND GRN/Page_KDMC - CMS/input_txttreat'

2018-05-09 15:39:38 - [TEST_STEP][PASSED] - click: Object: 'Object Repository/MOH AND GRN/Page_KDMC - CMS/button_Add' is clicked on

2018-05-09 15:39:38 - [MESSAGE][PASSED] - Object: 'Object Repository/MOH AND GRN/Page_KDMC - CMS/button_Add' is clicked on

2018-05-09 15:39:38 - [TEST_STEP][PASSED] - selectOptionByIndex: All options with index in [1] are selected on object 'Object Repository/MOH AND GRN/Page_KDMC - CMS/select_--Select--Schedule 1Inj'

2018-05-09 15:39:38 - [MESSAGE][PASSED] - All options with index in [1] are selected on object 'Object Repository/MOH AND GRN/Page_KDMC - CMS/select_--Select--Schedule 1Inj'

2018-05-09 15:39:38 - [TEST_STEP][PASSED] - selectOptionByIndex: All options with index in [38] are selected on object 'Object Repository/MOH AND GRN/Page_KDMC - CMS/select_--Select--Adernaline 0.'

2018-05-09 15:39:39 - [MESSAGE][PASSED] - All options with index in [38] are selected on object 'Object Repository/MOH AND GRN/Page_KDMC - CMS/select_--Select--Adernaline 0.'

2018-05-09 15:39:39 - [TEST_STEP][PASSED] - setText: Text '5000' is set on object 'Object Repository/MOH AND GRN/Page_KDMC - CMS/input_txttreat'

2018-05-09 15:39:39 - [MESSAGE][PASSED] - Text '5000' is set on object 'Object Repository/MOH AND GRN/Page_KDMC - CMS/input_txttreat'

2018-05-09 15:39:39 - [TEST_STEP][PASSED] - click: Object: 'Object Repository/MOH AND GRN/Page_KDMC - CMS/button_Add' is clicked on

2018-05-09 15:39:39 - [MESSAGE][PASSED] - Object: 'Object Repository/MOH AND GRN/Page_KDMC - CMS/button_Add' is clicked on

2018-05-09 15:39:39 - [TEST_STEP][PASSED] - selectOptionByIndex: All options with index in [1] are selected on object 'Object Repository/MOH AND GRN/Page_KDMC - CMS/select_--Select--Schedule 1Inj'

2018-05-09 15:39:39 - [MESSAGE][PASSED] - All options with index in [1] are selected on object 'Object Repository/MOH AND GRN/Page_KDMC - CMS/select_--Select--Schedule 1Inj'

2018-05-09 15:39:39 - [TEST_STEP][PASSED] - selectOptionByIndex: All options with index in [39] are selected on object 'Object Repository/MOH AND GRN/Page_KDMC - CMS/select_--Select--Adernaline 0.'

2018-05-09 15:39:39 - [MESSAGE][PASSED] - All options with index in [39] are selected on object 'Object Repository/MOH AND GRN/Page_KDMC - CMS/select_--Select--Adernaline 0.'

2018-05-09 15:39:39 - [TEST_STEP][PASSED] - setText: Text '5000' is set on object 'Object Repository/MOH AND GRN/Page_KDMC - CMS/input_txttreat'

2018-05-09 15:39:40 - [MESSAGE][PASSED] - Text '5000' is set on object 'Object Repository/MOH AND GRN/Page_KDMC - CMS/input_txttreat'

2018-05-09 15:39:40 - [TEST_STEP][PASSED] - click: Object: 'Object Repository/MOH AND GRN/Page_KDMC - CMS/button_Add' is clicked on

2018-05-09 15:39:40 - [MESSAGE][PASSED] - Object: 'Object Repository/MOH AND GRN/Page_KDMC - CMS/button_Add' is clicked on

2018-05-09 15:39:40 - [TEST_STEP][PASSED] - selectOptionByIndex: All options with index in [1] are selected on object 'Object Repository/MOH AND GRN/Page_KDMC - CMS/select_--Select--Schedule 1Inj'

2018-05-09 15:39:40 - [MESSAGE][PASSED] - All options with index in [1] are selected on object 'Object Repository/MOH AND GRN/Page_KDMC - CMS/select_--Select--Schedule 1Inj'

2018-05-09 15:39:40 - [TEST_STEP][PASSED] - selectOptionByIndex: All options with index in [40] are selected on object 'Object Repository/MOH AND GRN/Page_KDMC - CMS/select_--Select--Adernaline 0.'

2018-05-09 15:39:40 - [MESSAGE][PASSED] - All options with index in [40] are selected on object 'Object Repository/MOH AND GRN/Page_KDMC - CMS/select_--Select--Adernaline 0.'

2018-05-09 15:39:40 - [TEST_STEP][PASSED] - setText: Text '5000' is set on object 'Object Repository/MOH AND GRN/Page_KDMC - CMS/input_txttreat'

2018-05-09 15:39:40 - [MESSAGE][PASSED] - Text '5000' is set on object 'Object Repository/MOH AND GRN/Page_KDMC - CMS/input_txttreat'

2018-05-09 15:39:40 - [TEST_STEP][PASSED] - click: Object: 'Object Repository/MOH AND GRN/Page_KDMC - CMS/button_Add' is clicked on

2018-05-09 15:39:40 - [MESSAGE][PASSED] - Object: 'Object Repository/MOH AND GRN/Page_KDMC - CMS/button_Add' is clicked on

2018-05-09 15:39:40 - [TEST_STEP][PASSED] - selectOptionByIndex: All options with index in [1] are selected on object 'Object Repository/MOH AND GRN/Page_KDMC - CMS/select_--Select--Schedule 1Inj'

2018-05-09 15:39:41 - [MESSAGE][PASSED] - All options with index in [1] are selected on object 'Object Repository/MOH AND GRN/Page_KDMC - CMS/select_--Select--Schedule 1Inj'

2018-05-09 15:39:41 - [TEST_STEP][PASSED] - selectOptionByIndex: All options with index in [41] are selected on object 'Object Repository/MOH AND GRN/Page_KDMC - CMS/select_--Select--Adernaline 0.'

2018-05-09 15:39:41 - [MESSAGE][PASSED] - All options with index in [41] are selected on object 'Object Repository/MOH AND GRN/Page_KDMC - CMS/select_--Select--Adernaline 0.'

2018-05-09 15:39:41 - [TEST_STEP][PASSED] - setText: Text '5000' is set on object 'Object Repository/MOH AND GRN/Page_KDMC - CMS/input_txttreat'

2018-05-09 15:39:41 - [MESSAGE][PASSED] - Text '5000' is set on object 'Object Repository/MOH AND GRN/Page_KDMC - CMS/input_txttreat'

2018-05-09 15:39:41 - [TEST_STEP][PASSED] - click: Object: 'Object Repository/MOH AND GRN/Page_KDMC - CMS/button_Add' is clicked on

2018-05-09 15:39:41 - [MESSAGE][PASSED] - Object: 'Object Repository/MOH AND GRN/Page_KDMC - CMS/button_Add' is clicked on

2018-05-09 15:39:41 - [TEST_STEP][PASSED] - selectOptionByIndex: All options with index in [1] are selected on object 'Object Repository/MOH AND GRN/Page_KDMC - CMS/select_--Select--Schedule 1Inj'

2018-05-09 15:39:41 - [MESSAGE][PASSED] - All options with index in [1] are selected on object 'Object Repository/MOH AND GRN/Page_KDMC - CMS/select_--Select--Schedule 1Inj'

2018-05-09 15:39:41 - [TEST_STEP][PASSED] - selectOptionByIndex: All options with index in [42] are selected on object 'Object Repository/MOH AND GRN/Page_KDMC - CMS/select_--Select--Adernaline 0.'

2018-05-09 15:39:42 - [MESSAGE][PASSED] - All options with index in [42] are selected on object 'Object Repository/MOH AND GRN/Page_KDMC - CMS/select_--Select--Adernaline 0.'

2018-05-09 15:39:42 - [TEST_STEP][PASSED] - setText: Text '5000' is set on object 'Object Repository/MOH AND GRN/Page_KDMC - CMS/input_txttreat'

2018-05-09 15:39:42 - [MESSAGE][PASSED] - Text '5000' is set on object 'Object Repository/MOH AND GRN/Page_KDMC - CMS/input_txttreat'

2018-05-09 15:39:42 - [TEST_STEP][PASSED] - click: Object: 'Object Repository/MOH AND GRN/Page_KDMC - CMS/button_Add' is clicked on

2018-05-09 15:39:42 - [MESSAGE][PASSED] - Object: 'Object Repository/MOH AND GRN/Page_KDMC - CMS/button_Add' is clicked on

2018-05-09 15:39:42 - [TEST_STEP][PASSED] - selectOptionByIndex: All options with index in [1] are selected on object 'Object Repository/MOH AND GRN/Page_KDMC - CMS/select_--Select--Schedule 1Inj'

2018-05-09 15:39:42 - [MESSAGE][PASSED] - All options with index in [1] are selected on object 'Object Repository/MOH AND GRN/Page_KDMC - CMS/select_--Select--Schedule 1Inj'

2018-05-09 15:39:42 - [TEST_STEP][PASSED] - selectOptionByIndex: All options with index in [43] are selected on object 'Object Repository/MOH AND GRN/Page_KDMC - CMS/select_--Select--Adernaline 0.'

2018-05-09 15:39:43 - [MESSAGE][PASSED] - All options with index in [43] are selected on object 'Object Repository/MOH AND GRN/Page_KDMC - CMS/select_--Select--Adernaline 0.'

2018-05-09 15:39:43 - [TEST_STEP][PASSED] - setText: Text '5000' is set on object 'Object Repository/MOH AND GRN/Page_KDMC - CMS/input_txttreat'

2018-05-09 15:39:43 - [MESSAGE][PASSED] - Text '5000' is set on object 'Object Repository/MOH AND GRN/Page_KDMC - CMS/input_txttreat'

2018-05-09 15:39:43 - [TEST_STEP][PASSED] - click: Object: 'Object Repository/MOH AND GRN/Page_KDMC - CMS/button_Add' is clicked on

2018-05-09 15:39:43 - [MESSAGE][PASSED] - Object: 'Object Repository/MOH AND GRN/Page_KDMC - CMS/button_Add' is clicked on

2018-05-09 15:39:43 - [TEST_STEP][PASSED] - selectOptionByIndex: All options with index in [1] are selected on object 'Object Repository/MOH AND GRN/Page_KDMC - CMS/select_--Select--Schedule 1Inj'

2018-05-09 15:39:43 - [MESSAGE][PASSED] - All options with index in [1] are selected on object 'Object Repository/MOH AND GRN/Page_KDMC - CMS/select_--Select--Schedule 1Inj'

2018-05-09 15:39:43 - [TEST_STEP][PASSED] - selectOptionByIndex: All options with index in [44] are selected on object 'Object Repository/MOH AND GRN/Page_KDMC - CMS/select_--Select--Adernaline 0.'

2018-05-09 15:39:44 - [MESSAGE][PASSED] - All options with index in [44] are selected on object 'Object Repository/MOH AND GRN/Page_KDMC - CMS/select_--Select--Adernaline 0.'

2018-05-09 15:39:44 - [TEST_STEP][PASSED] - setText: Text '5000' is set on object 'Object Repository/MOH AND GRN/Page_KDMC - CMS/input_txttreat'

2018-05-09 15:39:44 - [MESSAGE][PASSED] - Text '5000' is set on object 'Object Repository/MOH AND GRN/Page_KDMC - CMS/input_txttreat'

2018-05-09 15:39:44 - [TEST_STEP][PASSED] - click: Object: 'Object Repository/MOH AND GRN/Page_KDMC - CMS/button_Add' is clicked on

2018-05-09 15:39:44 - [MESSAGE][PASSED] - Object: 'Object Repository/MOH AND GRN/Page_KDMC - CMS/button_Add' is clicked on

2018-05-09 15:39:44 - [TEST_STEP][PASSED] - selectOptionByIndex: All options with index in [1] are selected on object 'Object Repository/MOH AND GRN/Page_KDMC - CMS/select_--Select--Schedule 1Inj'

2018-05-09 15:39:44 - [MESSAGE][PASSED] - All options with index in [1] are selected on object 'Object Repository/MOH AND GRN/Page_KDMC - CMS/select_--Select--Schedule 1Inj'

2018-05-09 15:39:44 - [TEST_STEP][PASSED] - selectOptionByIndex: All options with index in [45] are selected on object 'Object Repository/MOH AND GRN/Page_KDMC - CMS/select_--Select--Adernaline 0.'

2018-05-09 15:39:44 - [MESSAGE][PASSED] - All options with index in [45] are selected on object 'Object Repository/MOH AND GRN/Page_KDMC - CMS/select_--Select--Adernaline 0.'

2018-05-09 15:39:44 - [TEST_STEP][PASSED] - setText: Text '5000' is set on object 'Object Repository/MOH AND GRN/Page_KDMC - CMS/input_txttreat'

2018-05-09 15:39:44 - [MESSAGE][PASSED] - Text '5000' is set on object 'Object Repository/MOH AND GRN/Page_KDMC - CMS/input_txttreat'

2018-05-09 15:39:44 - [TEST_STEP][PASSED] - click: Object: 'Object Repository/MOH AND GRN/Page_KDMC - CMS/button_Add' is clicked on

2018-05-09 15:39:44 - [MESSAGE][PASSED] - Object: 'Object Repository/MOH AND GRN/Page_KDMC - CMS/button_Add' is clicked on

2018-05-09 15:39:44 - [TEST_STEP][PASSED] - selectOptionByIndex: All options with index in [1] are selected on object 'Object Repository/MOH AND GRN/Page_KDMC - CMS/select_--Select--Schedule 1Inj'

2018-05-09 15:39:45 - [MESSAGE][PASSED] - All options with index in [1] are selected on object 'Object Repository/MOH AND GRN/Page_KDMC - CMS/select_--Select--Schedule 1Inj'

2018-05-09 15:39:45 - [TEST_STEP][PASSED] - selectOptionByIndex: All options with index in [46] are selected on object 'Object Repository/MOH AND GRN/Page_KDMC - CMS/select_--Select--Adernaline 0.'

2018-05-09 15:39:45 - [MESSAGE][PASSED] - All options with index in [46] are selected on object 'Object Repository/MOH AND GRN/Page_KDMC - CMS/select_--Select--Adernaline 0.'

2018-05-09 15:39:45 - [TEST_STEP][PASSED] - setText: Text '5000' is set on object 'Object Repository/MOH AND GRN/Page_KDMC - CMS/input_txttreat'

2018-05-09 15:39:45 - [MESSAGE][PASSED] - Text '5000' is set on object 'Object Repository/MOH AND GRN/Page_KDMC - CMS/input_txttreat'

2018-05-09 15:39:45 - [TEST_STEP][PASSED] - click: Object: 'Object Repository/MOH AND GRN/Page_KDMC - CMS/button_Add' is clicked on

2018-05-09 15:39:45 - [MESSAGE][PASSED] - Object: 'Object Repository/MOH AND GRN/Page_KDMC - CMS/button_Add' is clicked on

2018-05-09 15:39:45 - [TEST_STEP][PASSED] - selectOptionByIndex: All options with index in [1] are selected on object 'Object Repository/MOH AND GRN/Page_KDMC - CMS/select_--Select--Schedule 1Inj'

2018-05-09 15:39:45 - [MESSAGE][PASSED] - All options with index in [1] are selected on object 'Object Repository/MOH AND GRN/Page_KDMC - CMS/select_--Select--Schedule 1Inj'

2018-05-09 15:39:45 - [TEST_STEP][PASSED] - selectOptionByIndex: All options with index in [47] are selected on object 'Object Repository/MOH AND GRN/Page_KDMC - CMS/select_--Select--Adernaline 0.'

2018-05-09 15:39:46 - [MESSAGE][PASSED] - All options with index in [47] are selected on object 'Object Repository/MOH AND GRN/Page_KDMC - CMS/select_--Select--Adernaline 0.'

2018-05-09 15:39:46 - [TEST_STEP][PASSED] - setText: Text '5000' is set on object 'Object Repository/MOH AND GRN/Page_KDMC - CMS/input_txttreat'

2018-05-09 15:39:46 - [MESSAGE][PASSED] - Text '5000' is set on object 'Object Repository/MOH AND GRN/Page_KDMC - CMS/input_txttreat'

2018-05-09 15:39:46 - [TEST_STEP][PASSED] - click: Object: 'Object Repository/MOH AND GRN/Page_KDMC - CMS/button_Add' is clicked on

2018-05-09 15:39:46 - [MESSAGE][PASSED] - Object: 'Object Repository/MOH AND GRN/Page_KDMC - CMS/button_Add' is clicked on

2018-05-09 15:39:46 - [TEST_STEP][PASSED] - selectOptionByIndex: All options with index in [1] are selected on object 'Object Repository/MOH AND GRN/Page_KDMC - CMS/select_--Select--Schedule 1Inj'

2018-05-09 15:39:46 - [MESSAGE][PASSED] - All options with index in [1] are selected on object 'Object Repository/MOH AND GRN/Page_KDMC - CMS/select_--Select--Schedule 1Inj'

2018-05-09 15:39:46 - [TEST_STEP][PASSED] - selectOptionByIndex: All options with index in [48] are selected on object 'Object Repository/MOH AND GRN/Page_KDMC - CMS/select_--Select--Adernaline 0.'

2018-05-09 15:39:47 - [MESSAGE][PASSED] - All options with index in [48] are selected on object 'Object Repository/MOH AND GRN/Page_KDMC - CMS/select_--Select--Adernaline 0.'

2018-05-09 15:39:47 - [TEST_STEP][PASSED] - setText: Text '5000' is set on object 'Object Repository/MOH AND GRN/Page_KDMC - CMS/input_txttreat'

2018-05-09 15:39:47 - [MESSAGE][PASSED] - Text '5000' is set on object 'Object Repository/MOH AND GRN/Page_KDMC - CMS/input_txttreat'

2018-05-09 15:39:47 - [TEST_STEP][PASSED] - click: Object: 'Object Repository/MOH AND GRN/Page_KDMC - CMS/button_Add' is clicked on

2018-05-09 15:39:47 - [MESSAGE][PASSED] - Object: 'Object Repository/MOH AND GRN/Page_KDMC - CMS/button_Add' is clicked on

2018-05-09 15:39:47 - [TEST_STEP][PASSED] - selectOptionByIndex: All options with index in [1] are selected on object 'Object Repository/MOH AND GRN/Page_KDMC - CMS/select_--Select--Schedule 1Inj'

2018-05-09 15:39:47 - [MESSAGE][PASSED] - All options with index in [1] are selected on object 'Object Repository/MOH AND GRN/Page_KDMC - CMS/select_--Select--Schedule 1Inj'

2018-05-09 15:39:47 - [TEST_STEP][PASSED] - selectOptionByIndex: All options with index in [49] are selected on object 'Object Repository/MOH AND GRN/Page_KDMC - CMS/select_--Select--Adernaline 0.'

2018-05-09 15:39:48 - [MESSAGE][PASSED] - All options with index in [49] are selected on object 'Object Repository/MOH AND GRN/Page_KDMC - CMS/select_--Select--Adernaline 0.'

2018-05-09 15:39:48 - [TEST_STEP][PASSED] - setText: Text '5000' is set on object 'Object Repository/MOH AND GRN/Page_KDMC - CMS/input_txttreat'

2018-05-09 15:39:48 - [MESSAGE][PASSED] - Text '5000' is set on object 'Object Repository/MOH AND GRN/Page_KDMC - CMS/input_txttreat'

2018-05-09 15:39:48 - [TEST_STEP][PASSED] - click: Object: 'Object Repository/MOH AND GRN/Page_KDMC - CMS/button_Add' is clicked on

2018-05-09 15:39:48 - [MESSAGE][PASSED] - Object: 'Object Repository/MOH AND GRN/Page_KDMC - CMS/button_Add' is clicked on

2018-05-09 15:39:48 - [TEST_STEP][PASSED] - selectOptionByIndex: All options with index in [1] are selected on object 'Object Repository/MOH AND GRN/Page_KDMC - CMS/select_--Select--Schedule 1Inj'

2018-05-09 15:39:48 - [MESSAGE][PASSED] - All options with index in [1] are selected on object 'Object Repository/MOH AND GRN/Page_KDMC - CMS/select_--Select--Schedule 1Inj'

2018-05-09 15:39:48 - [TEST_STEP][PASSED] - selectOptionByIndex: All options with index in [50] are selected on object 'Object Repository/MOH AND GRN/Page_KDMC - CMS/select_--Select--Adernaline 0.'

2018-05-09 15:39:49 - [MESSAGE][PASSED] - All options with index in [50] are selected on object 'Object Repository/MOH AND GRN/Page_KDMC - CMS/select_--Select--Adernaline 0.'

2018-05-09 15:39:49 - [TEST_STEP][PASSED] - setText: Text '5000' is set on object 'Object Repository/MOH AND GRN/Page_KDMC - CMS/input_txttreat'

2018-05-09 15:39:49 - [MESSAGE][PASSED] - Text '5000' is set on object 'Object Repository/MOH AND GRN/Page_KDMC - CMS/input_txttreat'

2018-05-09 15:39:49 - [TEST_STEP][PASSED] - click: Object: 'Object Repository/MOH AND GRN/Page_KDMC - CMS/button_Add' is clicked on

2018-05-09 15:39:49 - [MESSAGE][PASSED] - Object: 'Object Repository/MOH AND GRN/Page_KDMC - CMS/button_Add' is clicked on

2018-05-09 15:39:49 - [TEST_STEP][PASSED] - selectOptionByIndex: All options with index in [1] are selected on object 'Object Repository/MOH AND GRN/Page_KDMC - CMS/select_--Select--Schedule 1Inj'

2018-05-09 15:39:49 - [MESSAGE][PASSED] - All options with index in [1] are selected on object 'Object Repository/MOH AND GRN/Page_KDMC - CMS/select_--Select--Schedule 1Inj'

2018-05-09 15:39:49 - [TEST_STEP][PASSED] - selectOptionByIndex: All options with index in [51] are selected on object 'Object Repository/MOH AND GRN/Page_KDMC - CMS/select_--Select--Adernaline 0.'

2018-05-09 15:39:49 - [MESSAGE][PASSED] - All options with index in [51] are selected on object 'Object Repository/MOH AND GRN/Page_KDMC - CMS/select_--Select--Adernaline 0.'

2018-05-09 15:39:49 - [TEST_STEP][PASSED] - setText: Text '5000' is set on object 'Object Repository/MOH AND GRN/Page_KDMC - CMS/input_txttreat'

2018-05-09 15:39:50 - [MESSAGE][PASSED] - Text '5000' is set on object 'Object Repository/MOH AND GRN/Page_KDMC - CMS/input_txttreat'

2018-05-09 15:39:50 - [TEST_STEP][PASSED] - click: Object: 'Object Repository/MOH AND GRN/Page_KDMC - CMS/button_Add' is clicked on

2018-05-09 15:39:50 - [MESSAGE][PASSED] - Object: 'Object Repository/MOH AND GRN/Page_KDMC - CMS/button_Add' is clicked on

2018-05-09 15:39:50 - [TEST_STEP][PASSED] - selectOptionByIndex: All options with index in [1] are selected on object 'Object Repository/MOH AND GRN/Page_KDMC - CMS/select_--Select--Schedule 1Inj'

2018-05-09 15:39:50 - [MESSAGE][PASSED] - All options with index in [1] are selected on object 'Object Repository/MOH AND GRN/Page_KDMC - CMS/select_--Select--Schedule 1Inj'

2018-05-09 15:39:50 - [TEST_STEP][PASSED] - selectOptionByIndex: All options with index in [52] are selected on object 'Object Repository/MOH AND GRN/Page_KDMC - CMS/select_--Select--Adernaline 0.'

2018-05-09 15:39:50 - [MESSAGE][PASSED] - All options with index in [52] are selected on object 'Object Repository/MOH AND GRN/Page_KDMC - CMS/select_--Select--Adernaline 0.'

2018-05-09 15:39:50 - [TEST_STEP][PASSED] - setText: Text '5000' is set on object 'Object Repository/MOH AND GRN/Page_KDMC - CMS/input_txttreat'

2018-05-09 15:39:50 - [MESSAGE][PASSED] - Text '5000' is set on object 'Object Repository/MOH AND GRN/Page_KDMC - CMS/input_txttreat'

2018-05-09 15:39:50 - [TEST_STEP][PASSED] - click: Object: 'Object Repository/MOH AND GRN/Page_KDMC - CMS/button_Add' is clicked on

2018-05-09 15:39:51 - [MESSAGE][PASSED] - Object: 'Object Repository/MOH AND GRN/Page_KDMC - CMS/button_Add' is clicked on

2018-05-09 15:39:51 - [TEST_STEP][PASSED] - selectOptionByIndex: All options with index in [1] are selected on object 'Object Repository/MOH AND GRN/Page_KDMC - CMS/select_--Select--Schedule 1Inj'

2018-05-09 15:39:51 - [MESSAGE][PASSED] - All options with index in [1] are selected on object 'Object Repository/MOH AND GRN/Page_KDMC - CMS/select_--Select--Schedule 1Inj'

2018-05-09 15:39:51 - [TEST_STEP][PASSED] - selectOptionByIndex: All options with index in [53] are selected on object 'Object Repository/MOH AND GRN/Page_KDMC - CMS/select_--Select--Adernaline 0.'

2018-05-09 15:39:51 - [MESSAGE][PASSED] - All options with index in [53] are selected on object 'Object Repository/MOH AND GRN/Page_KDMC - CMS/select_--Select--Adernaline 0.'

2018-05-09 15:39:51 - [TEST_STEP][PASSED] - setText: Text '5000' is set on object 'Object Repository/MOH AND GRN/Page_KDMC - CMS/input_txttreat'

2018-05-09 15:39:51 - [MESSAGE][PASSED] - Text '5000' is set on object 'Object Repository/MOH AND GRN/Page_KDMC - CMS/input_txttreat'

2018-05-09 15:39:51 - [TEST_STEP][PASSED] - click: Object: 'Object Repository/MOH AND GRN/Page_KDMC - CMS/button_Add' is clicked on

2018-05-09 15:39:51 - [MESSAGE][PASSED] - Object: 'Object Repository/MOH AND GRN/Page_KDMC - CMS/button_Add' is clicked on

2018-05-09 15:39:51 - [TEST_STEP][PASSED] - selectOptionByIndex: All options with index in [1] are selected on object 'Object Repository/MOH AND GRN/Page_KDMC - CMS/select_--Select--Schedule 1Inj'

2018-05-09 15:39:52 - [MESSAGE][PASSED] - All options with index in [1] are selected on object 'Object Repository/MOH AND GRN/Page_KDMC - CMS/select_--Select--Schedule 1Inj'

2018-05-09 15:39:52 - [TEST_STEP][PASSED] - selectOptionByIndex: All options with index in [54] are selected on object 'Object Repository/MOH AND GRN/Page_KDMC - CMS/select_--Select--Adernaline 0.'

2018-05-09 15:39:52 - [MESSAGE][PASSED] - All options with index in [54] are selected on object 'Object Repository/MOH AND GRN/Page_KDMC - CMS/select_--Select--Adernaline 0.'

2018-05-09 15:39:52 - [TEST_STEP][PASSED] - setText: Text '5000' is set on object 'Object Repository/MOH AND GRN/Page_KDMC - CMS/input_txttreat'

2018-05-09 15:39:52 - [MESSAGE][PASSED] - Text '5000' is set on object 'Object Repository/MOH AND GRN/Page_KDMC - CMS/input_txttreat'

2018-05-09 15:39:52 - [TEST_STEP][PASSED] - click: Object: 'Object Repository/MOH AND GRN/Page_KDMC - CMS/button_Add' is clicked on

2018-05-09 15:39:52 - [MESSAGE][PASSED] - Object: 'Object Repository/MOH AND GRN/Page_KDMC - CMS/button_Add' is clicked on

2018-05-09 15:39:52 - [TEST_STEP][PASSED] - selectOptionByIndex: All options with index in [1] are selected on object 'Object Repository/MOH AND GRN/Page_KDMC - CMS/select_--Select--Schedule 1Inj'

2018-05-09 15:39:52 - [MESSAGE][PASSED] - All options with index in [1] are selected on object 'Object Repository/MOH AND GRN/Page_KDMC - CMS/select_--Select--Schedule 1Inj'

2018-05-09 15:39:52 - [TEST_STEP][PASSED] - selectOptionByIndex: All options with index in [55] are selected on object 'Object Repository/MOH AND GRN/Page_KDMC - CMS/select_--Select--Adernaline 0.'

2018-05-09 15:39:53 - [MESSAGE][PASSED] - All options with index in [55] are selected on object 'Object Repository/MOH AND GRN/Page_KDMC - CMS/select_--Select--Adernaline 0.'

2018-05-09 15:39:53 - [TEST_STEP][PASSED] - setText: Text '5000' is set on object 'Object Repository/MOH AND GRN/Page_KDMC - CMS/input_txttreat'

2018-05-09 15:39:53 - [MESSAGE][PASSED] - Text '5000' is set on object 'Object Repository/MOH AND GRN/Page_KDMC - CMS/input_txttreat'

2018-05-09 15:39:53 - [TEST_STEP][PASSED] - click: Object: 'Object Repository/MOH AND GRN/Page_KDMC - CMS/button_Add' is clicked on

2018-05-09 15:39:53 - [MESSAGE][PASSED] - Object: 'Object Repository/MOH AND GRN/Page_KDMC - CMS/button_Add' is clicked on

2018-05-09 15:39:53 - [TEST_STEP][PASSED] - selectOptionByIndex: All options with index in [1] are selected on object 'Object Repository/MOH AND GRN/Page_KDMC - CMS/select_--Select--Schedule 1Inj'

2018-05-09 15:39:53 - [MESSAGE][PASSED] - All options with index in [1] are selected on object 'Object Repository/MOH AND GRN/Page_KDMC - CMS/select_--Select--Schedule 1Inj'

2018-05-09 15:39:53 - [TEST_STEP][PASSED] - selectOptionByIndex: All options with index in [56] are selected on object 'Object Repository/MOH AND GRN/Page_KDMC - CMS/select_--Select--Adernaline 0.'

2018-05-09 15:39:54 - [MESSAGE][PASSED] - All options with index in [56] are selected on object 'Object Repository/MOH AND GRN/Page_KDMC - CMS/select_--Select--Adernaline 0.'

2018-05-09 15:39:54 - [TEST_STEP][PASSED] - setText: Text '5000' is set on object 'Object Repository/MOH AND GRN/Page_KDMC - CMS/input_txttreat'

2018-05-09 15:39:54 - [MESSAGE][PASSED] - Text '5000' is set on object 'Object Repository/MOH AND GRN/Page_KDMC - CMS/input_txttreat'

2018-05-09 15:39:54 - [TEST_STEP][PASSED] - click: Object: 'Object Repository/MOH AND GRN/Page_KDMC - CMS/button_Add' is clicked on

2018-05-09 15:39:54 - [MESSAGE][PASSED] - Object: 'Object Repository/MOH AND GRN/Page_KDMC - CMS/button_Add' is clicked on

2018-05-09 15:39:54 - [TEST_STEP][PASSED] - selectOptionByIndex: All options with index in [1] are selected on object 'Object Repository/MOH AND GRN/Page_KDMC - CMS/select_--Select--Schedule 1Inj'

2018-05-09 15:39:54 - [MESSAGE][PASSED] - All options with index in [1] are selected on object 'Object Repository/MOH AND GRN/Page_KDMC - CMS/select_--Select--Schedule 1Inj'

2018-05-09 15:39:54 - [TEST_STEP][PASSED] - selectOptionByIndex: All options with index in [57] are selected on object 'Object Repository/MOH AND GRN/Page_KDMC - CMS/select_--Select--Adernaline 0.'

2018-05-09 15:39:55 - [MESSAGE][PASSED] - All options with index in [57] are selected on object 'Object Repository/MOH AND GRN/Page_KDMC - CMS/select_--Select--Adernaline 0.'

2018-05-09 15:39:55 - [TEST_STEP][PASSED] - setText: Text '5000' is set on object 'Object Repository/MOH AND GRN/Page_KDMC - CMS/input_txttreat'

2018-05-09 15:39:55 - [MESSAGE][PASSED] - Text '5000' is set on object 'Object Repository/MOH AND GRN/Page_KDMC - CMS/input_txttreat'

2018-05-09 15:39:55 - [TEST_STEP][PASSED] - click: Object: 'Object Repository/MOH AND GRN/Page_KDMC - CMS/button_Add' is clicked on

2018-05-09 15:39:55 - [MESSAGE][PASSED] - Object: 'Object Repository/MOH AND GRN/Page_KDMC - CMS/button_Add' is clicked on

2018-05-09 15:39:55 - [TEST_STEP][PASSED] - selectOptionByIndex: All options with index in [1] are selected on object 'Object Repository/MOH AND GRN/Page_KDMC - CMS/select_--Select--Schedule 1Inj'

2018-05-09 15:39:55 - [MESSAGE][PASSED] - All options with index in [1] are selected on object 'Object Repository/MOH AND GRN/Page_KDMC - CMS/select_--Select--Schedule 1Inj'

2018-05-09 15:39:55 - [TEST_STEP][PASSED] - selectOptionByIndex: All options with index in [58] are selected on object 'Object Repository/MOH AND GRN/Page_KDMC - CMS/select_--Select--Adernaline 0.'

2018-05-09 15:39:56 - [MESSAGE][PASSED] - All options with index in [58] are selected on object 'Object Repository/MOH AND GRN/Page_KDMC - CMS/select_--Select--Adernaline 0.'

2018-05-09 15:39:56 - [TEST_STEP][PASSED] - setText: Text '5000' is set on object 'Object Repository/MOH AND GRN/Page_KDMC - CMS/input_txttreat'

2018-05-09 15:39:56 - [MESSAGE][PASSED] - Text '5000' is set on object 'Object Repository/MOH AND GRN/Page_KDMC - CMS/input_txttreat'

2018-05-09 15:39:56 - [TEST_STEP][PASSED] - click: Object: 'Object Repository/MOH AND GRN/Page_KDMC - CMS/button_Add' is clicked on

2018-05-09 15:39:56 - [MESSAGE][PASSED] - Object: 'Object Repository/MOH AND GRN/Page_KDMC - CMS/button_Add' is clicked on

2018-05-09 15:39:56 - [TEST_STEP][PASSED] - selectOptionByIndex: All options with index in [1] are selected on object 'Object Repository/MOH AND GRN/Page_KDMC - CMS/select_--Select--Schedule 1Inj'

2018-05-09 15:39:56 - [MESSAGE][PASSED] - All options with index in [1] are selected on object 'Object Repository/MOH AND GRN/Page_KDMC - CMS/select_--Select--Schedule 1Inj'

2018-05-09 15:39:56 - [TEST_STEP][PASSED] - selectOptionByIndex: All options with index in [59] are selected on object 'Object Repository/MOH AND GRN/Page_KDMC - CMS/select_--Select--Adernaline 0.'

2018-05-09 15:39:57 - [MESSAGE][PASSED] - All options with index in [59] are selected on object 'Object Repository/MOH AND GRN/Page_KDMC - CMS/select_--Select--Adernaline 0.'

2018-05-09 15:39:57 - [TEST_STEP][PASSED] - setText: Text '5000' is set on object 'Object Repository/MOH AND GRN/Page_KDMC - CMS/input_txttreat'

2018-05-09 15:39:57 - [MESSAGE][PASSED] - Text '5000' is set on object 'Object Repository/MOH AND GRN/Page_KDMC - CMS/input_txttreat'

2018-05-09 15:39:57 - [TEST_STEP][PASSED] - click: Object: 'Object Repository/MOH AND GRN/Page_KDMC - CMS/button_Add' is clicked on

2018-05-09 15:39:57 - [MESSAGE][PASSED] - Object: 'Object Repository/MOH AND GRN/Page_KDMC - CMS/button_Add' is clicked on

2018-05-09 15:39:57 - [TEST_STEP][PASSED] - selectOptionByIndex: All options with index in [1] are selected on object 'Object Repository/MOH AND GRN/Page_KDMC - CMS/select_--Select--Schedule 1Inj'

2018-05-09 15:39:57 - [MESSAGE][PASSED] - All options with index in [1] are selected on object 'Object Repository/MOH AND GRN/Page_KDMC - CMS/select_--Select--Schedule 1Inj'

2018-05-09 15:39:57 - [TEST_STEP][PASSED] - selectOptionByIndex: All options with index in [60] are selected on object 'Object Repository/MOH AND GRN/Page_KDMC - CMS/select_--Select--Adernaline 0.'

2018-05-09 15:39:58 - [MESSAGE][PASSED] - All options with index in [60] are selected on object 'Object Repository/MOH AND GRN/Page_KDMC - CMS/select_--Select--Adernaline 0.'

2018-05-09 15:39:58 - [TEST_STEP][PASSED] - setText: Text '5000' is set on object 'Object Repository/MOH AND GRN/Page_KDMC - CMS/input_txttreat'

2018-05-09 15:39:58 - [MESSAGE][PASSED] - Text '5000' is set on object 'Object Repository/MOH AND GRN/Page_KDMC - CMS/input_txttreat'

2018-05-09 15:39:58 - [TEST_STEP][PASSED] - click: Object: 'Object Repository/MOH AND GRN/Page_KDMC - CMS/button_Add' is clicked on

2018-05-09 15:39:58 - [MESSAGE][PASSED] - Object: 'Object Repository/MOH AND GRN/Page_KDMC - CMS/button_Add' is clicked on

2018-05-09 15:39:58 - [TEST_STEP][PASSED] - selectOptionByIndex: All options with index in [1] are selected on object 'Object Repository/MOH AND GRN/Page_KDMC - CMS/select_--Select--Schedule 1Inj'

2018-05-09 15:39:58 - [MESSAGE][PASSED] - All options with index in [1] are selected on object 'Object Repository/MOH AND GRN/Page_KDMC - CMS/select_--Select--Schedule 1Inj'

2018-05-09 15:39:58 - [TEST_STEP][PASSED] - selectOptionByIndex: All options with index in [61] are selected on object 'Object Repository/MOH AND GRN/Page_KDMC - CMS/select_--Select--Adernaline 0.'

2018-05-09 15:39:59 - [MESSAGE][PASSED] - All options with index in [61] are selected on object 'Object Repository/MOH AND GRN/Page_KDMC - CMS/select_--Select--Adernaline 0.'

2018-05-09 15:39:59 - [TEST_STEP][PASSED] - setText: Text '5000' is set on object 'Object Repository/MOH AND GRN/Page_KDMC - CMS/input_txttreat'

2018-05-09 15:39:59 - [MESSAGE][PASSED] - Text '5000' is set on object 'Object Repository/MOH AND GRN/Page_KDMC - CMS/input_txttreat'

2018-05-09 15:39:59 - [TEST_STEP][PASSED] - click: Object: 'Object Repository/MOH AND GRN/Page_KDMC - CMS/button_Add' is clicked on

2018-05-09 15:39:59 - [MESSAGE][PASSED] - Object: 'Object Repository/MOH AND GRN/Page_KDMC - CMS/button_Add' is clicked on

2018-05-09 15:39:59 - [TEST_STEP][PASSED] - selectOptionByIndex: All options with index in [1] are selected on object 'Object Repository/MOH AND GRN/Page_KDMC - CMS/select_--Select--Schedule 1Inj'

2018-05-09 15:39:59 - [MESSAGE][PASSED] - All options with index in [1] are selected on object 'Object Repository/MOH AND GRN/Page_KDMC - CMS/select_--Select--Schedule 1Inj'

2018-05-09 15:39:59 - [TEST_STEP][PASSED] - selectOptionByIndex: All options with index in [62] are selected on object 'Object Repository/MOH AND GRN/Page_KDMC - CMS/select_--Select--Adernaline 0.'

2018-05-09 15:40:00 - [MESSAGE][PASSED] - All options with index in [62] are selected on object 'Object Repository/MOH AND GRN/Page_KDMC - CMS/select_--Select--Adernaline 0.'

2018-05-09 15:40:00 - [TEST_STEP][PASSED] - setText: Text '5000' is set on object 'Object Repository/MOH AND GRN/Page_KDMC - CMS/input_txttreat'

2018-05-09 15:40:00 - [MESSAGE][PASSED] - Text '5000' is set on object 'Object Repository/MOH AND GRN/Page_KDMC - CMS/input_txttreat'

2018-05-09 15:40:00 - [TEST_STEP][PASSED] - click: Object: 'Object Repository/MOH AND GRN/Page_KDMC - CMS/button_Add' is clicked on

2018-05-09 15:40:00 - [MESSAGE][PASSED] - Object: 'Object Repository/MOH AND GRN/Page_KDMC - CMS/button_Add' is clicked on

2018-05-09 15:40:00 - [TEST_STEP][PASSED] - selectOptionByIndex: All options with index in [1] are selected on object 'Object Repository/MOH AND GRN/Page_KDMC - CMS/select_--Select--Schedule 1Inj'

2018-05-09 15:40:00 - [MESSAGE][PASSED] - All options with index in [1] are selected on object 'Object Repository/MOH AND GRN/Page_KDMC - CMS/select_--Select--Schedule 1Inj'

2018-05-09 15:40:00 - [TEST_STEP][PASSED] - selectOptionByIndex: All options with index in [63] are selected on object 'Object Repository/MOH AND GRN/Page_KDMC - CMS/select_--Select--Adernaline 0.'

2018-05-09 15:40:01 - [MESSAGE][PASSED] - All options with index in [63] are selected on object 'Object Repository/MOH AND GRN/Page_KDMC - CMS/select_--Select--Adernaline 0.'

2018-05-09 15:40:01 - [TEST_STEP][PASSED] - setText: Text '5000' is set on object 'Object Repository/MOH AND GRN/Page_KDMC - CMS/input_txttreat'

2018-05-09 15:40:01 - [MESSAGE][PASSED] - Text '5000' is set on object 'Object Repository/MOH AND GRN/Page_KDMC - CMS/input_txttreat'

2018-05-09 15:40:01 - [TEST_STEP][PASSED] - click: Object: 'Object Repository/MOH AND GRN/Page_KDMC - CMS/button_Add' is clicked on

2018-05-09 15:40:01 - [MESSAGE][PASSED] - Object: 'Object Repository/MOH AND GRN/Page_KDMC - CMS/button_Add' is clicked on

2018-05-09 15:40:01 - [TEST_STEP][PASSED] - scrollToElement: Scroll to object 'Object Repository/MOH AND GRN/Page_KDMC - CMS/input_btnsave' successfully

2018-05-09 15:40:01 - [MESSAGE][PASSED] - Scroll to object 'Object Repository/MOH AND GRN/Page_KDMC - CMS/input_btnsave' successfully

2018-05-09 15:40:01 - [TEST_STEP][PASSED] - click: Object: 'Object Repository/MOH AND GRN/Page_KDMC - CMS/input_btnsave' is clicked on

2018-05-09 15:40:01 - [MESSAGE][PASSED] - Object: 'Object Repository/MOH AND GRN/Page_KDMC - CMS/input_btnsave' is clicked on

2018-05-09 15:40:01 - [TEST_STEP][PASSED] - delay: Delayed 3 second(s)

2018-05-09 15:40:04 - [MESSAGE][PASSED] - Delayed 3 second(s)

2018-05-09 15:40:04 - [TEST_STEP][PASSED] - Statement - Request1 = com.kms.katalon.core.webui.keyword.WebUiBuiltInKeywords.getText(com.kms.katalon.core.testobject.ObjectRepository.findTestObject(MOH AND GRN/Page_KDMC - CMS/font_PRNO0505201876)): Text of object 'Object Repository/MOH AND GRN/Page_KDMC - CMS/font_PRNO0505201876' is: 'PRNO/09052018/182'

2018-05-09 15:40:04 - [MESSAGE][PASSED] - Text of object 'Object Repository/MOH AND GRN/Page_KDMC - CMS/font_PRNO0505201876' is: 'PRNO/09052018/182'

2018-05-09 15:40:04 - [TEST_STEP][PASSED] - Statement - out.println("Length OF The Medicine " + Request1): null

2018-05-09 15:40:04 - [TEST_STEP][PASSED] - Statement - RequestNUmber = Request1.split("/")[2].trim(): null

2018-05-09 15:40:04 - [TEST_STEP][PASSED] - Statement - out.println("ID IS " + RequestNUmber): null

2018-05-09 15:40:04 - [TEST_STEP][PASSED] - delay: Delayed 3 second(s)

2018-05-09 15:40:07 - [MESSAGE][PASSED] - Delayed 3 second(s)

2018-05-09 15:40:07 - [TEST_STEP][PASSED] - click: Object: 'Object Repository/MOH AND GRN/Page_KDMC - CMS/button_OK' is clicked on

2018-05-09 15:40:08 - [MESSAGE][PASSED] - Object: 'Object Repository/MOH AND GRN/Page_KDMC - CMS/button_OK' is clicked on

2018-05-09 15:40:08 - [TEST_STEP][PASSED] - click: Object: 'Object Repository/MOH AND GRN/Page_KDMC - CMS/a_dropdown-toggle' is clicked on

2018-05-09 15:40:09 - [MESSAGE][PASSED] - Object: 'Object Repository/MOH AND GRN/Page_KDMC - CMS/a_dropdown-toggle' is clicked on

2018-05-09 15:40:09 - [TEST_STEP][PASSED] - click: Object: 'Object Repository/MOH AND GRN/Page_KDMC - CMS/a_Sign out' is clicked on

2018-05-09 15:40:10 - [MESSAGE][PASSED] - Object: 'Object Repository/MOH AND GRN/Page_KDMC - CMS/a_Sign out' is clicked on

2018-05-09 15:40:10 - [TEST_STEP][PASSED] - delay: Delayed 4 second(s)

2018-05-09 15:40:14 - [MESSAGE][PASSED] - Delayed 4 second(s)

2018-05-09 15:40:14 - [TEST_STEP][PASSED] - click: Object: 'Object Repository/MOH AND GRN/Page_KDMC/a_Admin Master' is clicked on

2018-05-09 15:40:14 - [MESSAGE][PASSED] - Object: 'Object Repository/MOH AND GRN/Page_KDMC/a_Admin Master' is clicked on

2018-05-09 15:40:14 - [TEST_STEP][PASSED] - setText: Text 'admin' is set on object 'Object Repository/MOH AND GRN/Page_Admin login/input_txtusername'

2018-05-09 15:40:15 - [MESSAGE][PASSED] - Text 'admin' is set on object 'Object Repository/MOH AND GRN/Page_Admin login/input_txtusername'

2018-05-09 15:40:15 - [TEST_STEP][PASSED] - setText: Text 'admin123' is set on object 'Object Repository/MOH AND GRN/Page_Admin login/input_txtpassword'

2018-05-09 15:40:15 - [MESSAGE][PASSED] - Text 'admin123' is set on object 'Object Repository/MOH AND GRN/Page_Admin login/input_txtpassword'

2018-05-09 15:40:15 - [TEST_STEP][PASSED] - delay: Delayed 3 second(s)

2018-05-09 15:40:18 - [MESSAGE][PASSED] - Delayed 3 second(s)

2018-05-09 15:40:18 - [TEST_STEP][PASSED] - click: Object: 'Object Repository/MOH AND GRN/Page_Admin login/button_Sign in' is clicked on

2018-05-09 15:40:19 - [MESSAGE][PASSED] - Object: 'Object Repository/MOH AND GRN/Page_Admin login/button_Sign in' is clicked on

2018-05-09 15:40:19 - [TEST_STEP][PASSED] - delay: Delayed 20 second(s)

2018-05-09 15:40:39 - [MESSAGE][PASSED] - Delayed 20 second(s)

2018-05-09 15:40:39 - [TEST_STEP][PASSED] - scrollToPosition: Browser is scrolled to position x = 200, y = 200

2018-05-09 15:40:39 - [MESSAGE][PASSED] - Browser is scrolled to position x = 200, y = 200

2018-05-09 15:40:39 - [TEST_STEP][PASSED] - click: Object: 'Object Repository/MOH AND GRN/Page_KDMC/a_CMS_1' is clicked on

2018-05-09 15:40:39 - [MESSAGE][PASSED] - Object: 'Object Repository/MOH AND GRN/Page_KDMC/a_CMS_1' is clicked on

2018-05-09 15:40:39 - [TEST_STEP][PASSED] - click: Object: 'Object Repository/MOH AND GRN/Page_KDMC/a_Request List' is clicked on

2018-05-09 15:40:40 - [MESSAGE][PASSED] - Object: 'Object Repository/MOH AND GRN/Page_KDMC/a_Request List' is clicked on

2018-05-09 15:40:40 - [TEST_STEP][PASSED] - Statement - RequestNumberId = com.kms.katalon.core.webui.keyword.WebUiBuiltInKeywords.modifyObjectProperty(com.kms.katalon.core.testobject.ObjectRepository.findTestObject(MOH AND GRN/Page_KDMC - CMS/input_PO0032), "xpath", "equals", "//*[@id =" + RequestNUmber + "]", true): Modify property of object successfully

2018-05-09 15:40:40 - [MESSAGE][PASSED] - Modify property of object successfully

2018-05-09 15:40:40 - [TEST_STEP][PASSED] - click: Object: 'Object Repository/MOH AND GRN/Page_KDMC - CMS/input_PO0032' is clicked on

2018-05-09 15:40:40 - [MESSAGE][PASSED] - Object: 'Object Repository/MOH AND GRN/Page_KDMC - CMS/input_PO0032' is clicked on

2018-05-09 15:40:40 - [TEST_STEP][PASSED] - delay: Delayed 3 second(s)

2018-05-09 15:40:43 - [MESSAGE][PASSED] - Delayed 3 second(s)

2018-05-09 15:40:43 - [TEST_STEP][PASSED] - selectOptionByIndex: All options with index in [1] are selected on object 'Object Repository/MOH AND GRN/Page_KDMC/select_--Select--'

2018-05-09 15:40:43 - [MESSAGE][PASSED] - All options with index in [1] are selected on object 'Object Repository/MOH AND GRN/Page_KDMC/select_--Select--'

2018-05-09 15:40:43 - [TEST_STEP][PASSED] - click: Object: 'Object Repository/MOH AND GRN/Page_KDMC/input_btnupdate' is clicked on

2018-05-09 15:40:43 - [MESSAGE][PASSED] - Object: 'Object Repository/MOH AND GRN/Page_KDMC/input_btnupdate' is clicked on

2018-05-09 15:40:43 - [TEST_STEP][PASSED] - delay: Delayed 3 second(s)

2018-05-09 15:40:46 - [MESSAGE][PASSED] - Delayed 3 second(s)

2018-05-09 15:40:46 - [TEST_STEP][PASSED] - click: Object: 'Object Repository/MOH AND GRN/Page_KDMC/button_OK' is clicked on

2018-05-09 15:40:47 - [MESSAGE][PASSED] - Object: 'Object Repository/MOH AND GRN/Page_KDMC/button_OK' is clicked on

2018-05-09 15:40:47 - [TEST_STEP][PASSED] - delay: Delayed 3 second(s)

2018-05-09 15:40:50 - [MESSAGE][PASSED] - Delayed 3 second(s)

2018-05-09 15:40:50 - [TEST_STEP][PASSED] - scrollToPosition: Browser is scrolled to position x = 200, y = 200

2018-05-09 15:40:50 - [MESSAGE][PASSED] - Browser is scrolled to position x = 200, y = 200

2018-05-09 15:40:50 - [TEST_STEP][PASSED] - click: Object: 'Object Repository/MOH AND GRN/Page_KDMC/a_CMS_2' is clicked on

2018-05-09 15:40:50 - [MESSAGE][PASSED] - Object: 'Object Repository/MOH AND GRN/Page_KDMC/a_CMS_2' is clicked on

2018-05-09 15:40:50 - [TEST_STEP][PASSED] - delay: Delayed 2 second(s)

2018-05-09 15:40:52 - [MESSAGE][PASSED] - Delayed 2 second(s)

2018-05-09 15:40:52 - [TEST_STEP][PASSED] - click: Object: 'Object Repository/MOH AND GRN/Page_KDMC/a_Generate P.O' is clicked on

2018-05-09 15:40:53 - [MESSAGE][PASSED] - Object: 'Object Repository/MOH AND GRN/Page_KDMC/a_Generate P.O' is clicked on

2018-05-09 15:40:53 - [TEST_STEP][PASSED] - delay: Delayed 2 second(s)

2018-05-09 15:40:55 - [MESSAGE][PASSED] - Delayed 2 second(s)

2018-05-09 15:40:55 - [TEST_STEP][PASSED] - selectOptionByIndex: All options with index in [1] are selected on object 'Object Repository/MOH AND GRN/Page_KDMC/select_--Select--PRNO040520183'

2018-05-09 15:40:56 - [MESSAGE][PASSED] - All options with index in [1] are selected on object 'Object Repository/MOH AND GRN/Page_KDMC/select_--Select--PRNO040520183'

2018-05-09 15:40:56 - [TEST_STEP][PASSED] - selectOptionByIndex: All options with index in [7] are selected on object 'Object Repository/MOH AND GRN/Page_KDMC/select_--Select--Hamen Chandra'

2018-05-09 15:40:56 - [MESSAGE][PASSED] - All options with index in [7] are selected on object 'Object Repository/MOH AND GRN/Page_KDMC/select_--Select--Hamen Chandra'

2018-05-09 15:40:56 - [TEST_STEP][PASSED] - Statement - PONumber = com.kms.katalon.core.webui.keyword.WebUiBuiltInKeywords.getText(com.kms.katalon.core.testobject.ObjectRepository.findTestObject(MOH AND GRN/Page_KDMC/input_lblpono)).trim(): Text of object 'Object Repository/MOH AND GRN/Page_KDMC/input_lblpono' is: ''

2018-05-09 15:40:56 - [MESSAGE][PASSED] - Text of object 'Object Repository/MOH AND GRN/Page_KDMC/input_lblpono' is: ''

2018-05-09 15:40:56 - [TEST_STEP][PASSED] - Statement - PONumber1 = com.kms.katalon.core.webui.keyword.WebUiBuiltInKeywords.getAttribute(com.kms.katalon.core.testobject.ObjectRepository.findTestObject(MOH AND GRN/Page_KDMC/input_lblpono), "value").trim(): Attribute 'value' of object 'Object Repository/MOH AND GRN/Page_KDMC/input_lblpono' is: 'PO0075'

2018-05-09 15:40:56 - [MESSAGE][PASSED] - Attribute 'value' of object 'Object Repository/MOH AND GRN/Page_KDMC/input_lblpono' is: 'PO0075'

2018-05-09 15:40:56 - [TEST_STEP][PASSED] - Statement - out.println("PO NUMBER :" + PONumber): null

2018-05-09 15:40:56 - [TEST_STEP][PASSED] - Statement - out.println("PO NUMBER :" + PONumber1): null

2018-05-09 15:40:56 - [TEST_STEP][PASSED] - click: Object: 'Object Repository/MOH AND GRN/Page_KDMC/input_chkrem' is clicked on

2018-05-09 15:40:56 - [MESSAGE][PASSED] - Object: 'Object Repository/MOH AND GRN/Page_KDMC/input_chkrem' is clicked on

2018-05-09 15:40:56 - [TEST_STEP][PASSED] - scrollToElement: Scroll to object 'Object Repository/MOH AND GRN/Page_KDMC/input_btnreturn' successfully

2018-05-09 15:40:56 - [MESSAGE][PASSED] - Scroll to object 'Object Repository/MOH AND GRN/Page_KDMC/input_btnreturn' successfully

2018-05-09 15:40:56 - [TEST_STEP][PASSED] - click: Object: 'Object Repository/MOH AND GRN/Page_KDMC/input_btnreturn' is clicked on

2018-05-09 15:40:56 - [MESSAGE][PASSED] - Object: 'Object Repository/MOH AND GRN/Page_KDMC/input_btnreturn' is clicked on

2018-05-09 15:40:56 - [TEST_STEP][PASSED] - delay: Delayed 3 second(s)

2018-05-09 15:40:59 - [MESSAGE][PASSED] - Delayed 3 second(s)

2018-05-09 15:40:59 - [TEST_STEP][PASSED] - click: Object: 'Object Repository/MOH AND GRN/Page_KDMC/button_Yes' is clicked on

2018-05-09 15:40:59 - [MESSAGE][PASSED] - Object: 'Object Repository/MOH AND GRN/Page_KDMC/button_Yes' is clicked on

2018-05-09 15:40:59 - [TEST_STEP][PASSED] - delay: Delayed 3 second(s)

2018-05-09 15:41:02 - [MESSAGE][PASSED] - Delayed 3 second(s)

2018-05-09 15:41:02 - [TEST_STEP][PASSED] - click: Object: 'Object Repository/MOH AND GRN/Page_KDMC/button_OK' is clicked on

2018-05-09 15:41:04 - [MESSAGE][PASSED] - Object: 'Object Repository/MOH AND GRN/Page_KDMC/button_OK' is clicked on

2018-05-09 15:41:04 - [TEST_STEP][PASSED] - delay: Delayed 3 second(s)

2018-05-09 15:41:07 - [MESSAGE][PASSED] - Delayed 3 second(s)

2018-05-09 15:41:07 - [TEST_STEP][PASSED] - click: Object: 'Object Repository/MOH AND GRN/Page_KDMC/a_dropdown-toggle' is clicked on

2018-05-09 15:41:07 - [MESSAGE][PASSED] - Object: 'Object Repository/MOH AND GRN/Page_KDMC/a_dropdown-toggle' is clicked on

2018-05-09 15:41:07 - [TEST_STEP][PASSED] - click: Object: 'Object Repository/MOH AND GRN/Page_KDMC/a_Sign out' is clicked on

2018-05-09 15:41:07 - [MESSAGE][PASSED] - Object: 'Object Repository/MOH AND GRN/Page_KDMC/a_Sign out' is clicked on

2018-05-09 15:41:07 - [TEST_STEP][PASSED] - delay: Delayed 4 second(s)

2018-05-09 15:41:11 - [MESSAGE][PASSED] - Delayed 4 second(s)

2018-05-09 15:41:11 - [TEST_STEP][PASSED] - click: Object: 'Object Repository/MOH AND GRN/Page_KDMC/a_CMS' is clicked on

2018-05-09 15:41:12 - [MESSAGE][PASSED] - Object: 'Object Repository/MOH AND GRN/Page_KDMC/a_CMS' is clicked on

2018-05-09 15:41:12 - [TEST_STEP][PASSED] - setText: Text 'bala' is set on object 'Object Repository/MOH AND GRN/Page_CMS login/input_txtusername'

2018-05-09 15:41:12 - [MESSAGE][PASSED] - Text 'bala' is set on object 'Object Repository/MOH AND GRN/Page_CMS login/input_txtusername'

2018-05-09 15:41:12 - [TEST_STEP][PASSED] - setText: Text '123' is set on object 'Object Repository/MOH AND GRN/Page_CMS login/input_txtpassword'

2018-05-09 15:41:12 - [MESSAGE][PASSED] - Text '123' is set on object 'Object Repository/MOH AND GRN/Page_CMS login/input_txtpassword'

2018-05-09 15:41:12 - [TEST_STEP][PASSED] - delay: Delayed 3 second(s)

2018-05-09 15:41:15 - [MESSAGE][PASSED] - Delayed 3 second(s)

2018-05-09 15:41:15 - [TEST_STEP][PASSED] - click: Object: 'Object Repository/MOH AND GRN/Page_CMS login/button_Sign in' is clicked on

2018-05-09 15:41:16 - [MESSAGE][PASSED] - Object: 'Object Repository/MOH AND GRN/Page_CMS login/button_Sign in' is clicked on

2018-05-09 15:41:16 - [TEST_STEP][PASSED] - click: Object: 'Object Repository/MOH AND GRN/Page_KDMC - CMS/a_CMS Details' is clicked on

2018-05-09 15:41:16 - [MESSAGE][PASSED] - Object: 'Object Repository/MOH AND GRN/Page_KDMC - CMS/a_CMS Details' is clicked on

2018-05-09 15:41:16 - [TEST_STEP][PASSED] - delay: Delayed 2 second(s)

2018-05-09 15:41:18 - [MESSAGE][PASSED] - Delayed 2 second(s)

2018-05-09 15:41:18 - [TEST_STEP][PASSED] - click: Object: 'Object Repository/MOH AND GRN/Page_KDMC - CMS/a_Goods Receive' is clicked on

2018-05-09 15:41:19 - [MESSAGE][PASSED] - Object: 'Object Repository/MOH AND GRN/Page_KDMC - CMS/a_Goods Receive' is clicked on

2018-05-09 15:41:19 - [TEST_STEP][PASSED] - delay: Delayed 2 second(s)

2018-05-09 15:41:21 - [MESSAGE][PASSED] - Delayed 2 second(s)

2018-05-09 15:41:21 - [TEST_STEP][PASSED] - selectOptionByLabel: All options with label 'PO0075' are selected in object 'Object Repository/MOH AND GRN/Page_KDMC - CMS/select_--Select--PO0032PO0031P' 

2018-05-09 15:41:21 - [MESSAGE][PASSED] - All options with label 'PO0075' are selected in object 'Object Repository/MOH AND GRN/Page_KDMC - CMS/select_--Select--PO0032PO0031P' 

2018-05-09 15:41:21 - [TEST_STEP][PASSED] - setText: Finding Test Object with id 'Object Repository/MOH AND GRN/Page_KDMC - CMS/input_txtgrnno'

2018-05-09 15:41:21 - [TEST_STEP][PASSED] - Statement - switch (id): Text 'INV611.0' is set on object 'Object Repository/MOH AND GRN/Page_KDMC - CMS/input_txtgrnno'

2018-05-09 15:41:21 - [TEST_STEP][PASSED] - Statement - case 2:: Text 'INV611.0' is set on object 'Object Repository/MOH AND GRN/Page_KDMC - CMS/input_txtgrnno'

2018-05-09 15:41:21 - [TEST_STEP][PASSED] - Statement - return (java.lang.Math.floor((java.lang.Math.random() * ((max - min) + 1))) + min): Text 'INV611.0' is set on object 'Object Repository/MOH AND GRN/Page_KDMC - CMS/input_txtgrnno'

2018-05-09 15:41:21 - [MESSAGE][PASSED] - Text 'INV611.0' is set on object 'Object Repository/MOH AND GRN/Page_KDMC - CMS/input_txtgrnno'

2018-05-09 15:41:21 - [TEST_STEP][PASSED] - selectOptionByIndex: All options with index in [1] are selected on object 'Object Repository/MOH AND GRN/Page_KDMC - CMS/select_--Select--PERUMAL PHARM'

2018-05-09 15:41:22 - [MESSAGE][PASSED] - All options with index in [1] are selected on object 'Object Repository/MOH AND GRN/Page_KDMC - CMS/select_--Select--PERUMAL PHARM'

2018-05-09 15:41:22 - [TEST_STEP][PASSED] - setText: Text '15000' is set on object 'Object Repository/MOH AND GRN/Page_KDMC - CMS/input_txtgrnno_1'

2018-05-09 15:41:22 - [MESSAGE][PASSED] - Text '15000' is set on object 'Object Repository/MOH AND GRN/Page_KDMC - CMS/input_txtgrnno_1'

2018-05-09 15:41:22 - [TEST_STEP][PASSED] - setText: Text '500' is set on object 'Object Repository/MOH AND GRN/Page_KDMC - CMS/input_txtgrnno_2'

2018-05-09 15:41:22 - [MESSAGE][PASSED] - Text '500' is set on object 'Object Repository/MOH AND GRN/Page_KDMC - CMS/input_txtgrnno_2'

2018-05-09 15:41:22 - [TEST_STEP][PASSED] - setText: Finding Test Object with id 'Object Repository/MOH AND GRN/Page_KDMC - CMS/input_txtgrnno_3'

2018-05-09 15:41:22 - [TEST_STEP][PASSED] - Statement - switch (id): Text 'CH746.0' is set on object 'Object Repository/MOH AND GRN/Page_KDMC - CMS/input_txtgrnno_3'

2018-05-09 15:41:22 - [TEST_STEP][PASSED] - Statement - case 3:: Text 'CH746.0' is set on object 'Object Repository/MOH AND GRN/Page_KDMC - CMS/input_txtgrnno_3'

2018-05-09 15:41:22 - [TEST_STEP][PASSED] - Statement - return (java.lang.Math.floor((java.lang.Math.random() * ((max - min) + 1))) + min): Text 'CH746.0' is set on object 'Object Repository/MOH AND GRN/Page_KDMC - CMS/input_txtgrnno_3'

2018-05-09 15:41:22 - [MESSAGE][PASSED] - Text 'CH746.0' is set on object 'Object Repository/MOH AND GRN/Page_KDMC - CMS/input_txtgrnno_3'

2018-05-09 15:41:22 - [TEST_STEP][PASSED] - scrollToPosition: Browser is scrolled to position x = 200, y = 200

2018-05-09 15:41:22 - [MESSAGE][PASSED] - Browser is scrolled to position x = 200, y = 200

2018-05-09 15:41:22 - [TEST_STEP][PASSED] - Statement - GrnLength = com.kms.katalon.core.webui.keyword.WebUiBuiltInKeywords.getNumberOfTotalOption(com.kms.katalon.core.testobject.ObjectRepository.findTestObject(MOH AND GRN/Page_KDMC - CMS/select_--Select--Amikacin -500)): 64 options of object 'Object Repository/MOH AND GRN/Page_KDMC - CMS/select_--Select--Amikacin -500' counted

2018-05-09 15:41:22 - [MESSAGE][PASSED] - 64 options of object 'Object Repository/MOH AND GRN/Page_KDMC - CMS/select_--Select--Amikacin -500' counted

2018-05-09 15:41:22 - [TEST_STEP][PASSED] - Statement - out.println("Length OF The Medicine " + GrnLength): null

2018-05-09 15:41:22 - [TEST_STEP][PASSED] - Statement - s = 1: null

2018-05-09 15:41:22 - [TEST_STEP][PASSED] - Statement - For ([t = 1, t < GrnLength, (t++)]): Finding Test Object with id 'Object Repository/MOH AND GRN/Page_KDMC - CMS/input_txtmrp'

2018-05-09 15:41:22 - [TEST_STEP][PASSED] - selectOptionByIndex: All options with index in [1] are selected on object 'Object Repository/MOH AND GRN/Page_KDMC - CMS/select_--Select--Amikacin -500'

2018-05-09 15:41:22 - [MESSAGE][PASSED] - All options with index in [1] are selected on object 'Object Repository/MOH AND GRN/Page_KDMC - CMS/select_--Select--Amikacin -500'

2018-05-09 15:41:22 - [TEST_STEP][PASSED] - setText: Text '5000' is set on object 'Object Repository/MOH AND GRN/Page_KDMC - CMS/input_txtqty'

2018-05-09 15:41:22 - [MESSAGE][PASSED] - Text '5000' is set on object 'Object Repository/MOH AND GRN/Page_KDMC - CMS/input_txtqty'

2018-05-09 15:41:22 - [TEST_STEP][PASSED] - selectOptionByIndex: All options with index in [1] are selected on object 'Object Repository/MOH AND GRN/Page_KDMC - CMS/select_--Select--No Tax0'

2018-05-09 15:41:23 - [MESSAGE][PASSED] - All options with index in [1] are selected on object 'Object Repository/MOH AND GRN/Page_KDMC - CMS/select_--Select--No Tax0'

2018-05-09 15:41:23 - [TEST_STEP][PASSED] - setText: Finding Test Object with id 'Object Repository/MOH AND GRN/Page_KDMC - CMS/input_txtmrp'

2018-05-09 15:41:23 - [TEST_STEP][PASSED] - Statement - switch (id): Finding Test Object with id 'Object Repository/MOH AND GRN/Page_KDMC - CMS/input_txtdeal'

2018-05-09 15:41:23 - [TEST_STEP][PASSED] - Statement - case 4:: Text '44.0' is set on object 'Object Repository/MOH AND GRN/Page_KDMC - CMS/input_txtmrp'

2018-05-09 15:41:23 - [TEST_STEP][PASSED] - Statement - return (java.lang.Math.floor((java.lang.Math.random() * ((max - min) + 1))) + min): Text '44.0' is set on object 'Object Repository/MOH AND GRN/Page_KDMC - CMS/input_txtmrp'

2018-05-09 15:41:23 - [MESSAGE][PASSED] - Text '44.0' is set on object 'Object Repository/MOH AND GRN/Page_KDMC - CMS/input_txtmrp'

2018-05-09 15:41:23 - [TEST_STEP][PASSED] - setText: Finding Test Object with id 'Object Repository/MOH AND GRN/Page_KDMC - CMS/input_txtdeal'

2018-05-09 15:41:23 - [TEST_STEP][PASSED] - Statement - switch (id): Finding Test Object with id 'Object Repository/MOH AND GRN/Page_KDMC - CMS/input_txtbatchno'

2018-05-09 15:41:23 - [TEST_STEP][PASSED] - Statement - case 5:: Text '6.0' is set on object 'Object Repository/MOH AND GRN/Page_KDMC - CMS/input_txtdeal'

2018-05-09 15:41:23 - [TEST_STEP][PASSED] - Statement - return (java.lang.Math.floor((java.lang.Math.random() * ((max - min) + 1))) + min): Text '6.0' is set on object 'Object Repository/MOH AND GRN/Page_KDMC - CMS/input_txtdeal'

2018-05-09 15:41:23 - [MESSAGE][PASSED] - Text '6.0' is set on object 'Object Repository/MOH AND GRN/Page_KDMC - CMS/input_txtdeal'

2018-05-09 15:41:23 - [TEST_STEP][PASSED] - setText: Finding Test Object with id 'Object Repository/MOH AND GRN/Page_KDMC - CMS/input_txtbatchno'

2018-05-09 15:41:23 - [TEST_STEP][PASSED] - Statement - switch (id): Finding Test Object with id 'Object Repository/MOH AND GRN/Page_KDMC - CMS/input_txtmrp'

2018-05-09 15:41:23 - [TEST_STEP][PASSED] - Statement - case 1:: Text 'BA117.0' is set on object 'Object Repository/MOH AND GRN/Page_KDMC - CMS/input_txtbatchno'

2018-05-09 15:41:23 - [TEST_STEP][PASSED] - Statement - return (java.lang.Math.floor((java.lang.Math.random() * ((max - min) + 1))) + min): Text 'BA117.0' is set on object 'Object Repository/MOH AND GRN/Page_KDMC - CMS/input_txtbatchno'

2018-05-09 15:41:23 - [MESSAGE][PASSED] - Text 'BA117.0' is set on object 'Object Repository/MOH AND GRN/Page_KDMC - CMS/input_txtbatchno'

2018-05-09 15:41:23 - [TEST_STEP][PASSED] - rightClick: Object: 'Object Repository/GRN/Page_KDMC - CMS/input_txtexpdate' is right clicked on

2018-05-09 15:41:23 - [MESSAGE][PASSED] - Object: 'Object Repository/GRN/Page_KDMC - CMS/input_txtexpdate' is right clicked on

2018-05-09 15:41:23 - [TEST_STEP][PASSED] - selectOptionByIndex: All options with index in [1] are selected on object 'Object Repository/GRN/Page_KDMC - CMS/select_20182019202020212022202'

2018-05-09 15:41:23 - [MESSAGE][PASSED] - All options with index in [1] are selected on object 'Object Repository/GRN/Page_KDMC - CMS/select_20182019202020212022202'

2018-05-09 15:41:23 - [TEST_STEP][PASSED] - selectOptionByIndex: All options with index in [1] are selected on object 'Object Repository/GRN/Page_KDMC - CMS/select_JanFebMarAprMayJunJulAu'

2018-05-09 15:41:23 - [MESSAGE][PASSED] - All options with index in [1] are selected on object 'Object Repository/GRN/Page_KDMC - CMS/select_JanFebMarAprMayJunJulAu'

2018-05-09 15:41:23 - [TEST_STEP][PASSED] - click: Object: 'Object Repository/MOH AND GRN/Page_KDMC - CMS/a_12' is clicked on

2018-05-09 15:41:24 - [MESSAGE][PASSED] - Object: 'Object Repository/MOH AND GRN/Page_KDMC - CMS/a_12' is clicked on

2018-05-09 15:41:24 - [TEST_STEP][PASSED] - click: Object: 'Object Repository/MOH AND GRN/Page_KDMC - CMS/input_btnadd' is clicked on

2018-05-09 15:41:24 - [MESSAGE][PASSED] - Object: 'Object Repository/MOH AND GRN/Page_KDMC - CMS/input_btnadd' is clicked on

2018-05-09 15:41:24 - [TEST_STEP][PASSED] - Statement - If (s == 10): null

2018-05-09 15:41:24 - [TEST_STEP][PASSED] - Statement - Else: null

2018-05-09 15:41:24 - [TEST_STEP][PASSED] - Statement - (s++): null

2018-05-09 15:41:24 - [TEST_STEP][PASSED] - delay: Delayed 1 second(s)

2018-05-09 15:41:25 - [MESSAGE][PASSED] - Delayed 1 second(s)

2018-05-09 15:41:25 - [TEST_STEP][PASSED] - selectOptionByIndex: All options with index in [2] are selected on object 'Object Repository/MOH AND GRN/Page_KDMC - CMS/select_--Select--Amikacin -500'

2018-05-09 15:41:25 - [MESSAGE][PASSED] - All options with index in [2] are selected on object 'Object Repository/MOH AND GRN/Page_KDMC - CMS/select_--Select--Amikacin -500'

2018-05-09 15:41:25 - [TEST_STEP][PASSED] - setText: Text '5000' is set on object 'Object Repository/MOH AND GRN/Page_KDMC - CMS/input_txtqty'

2018-05-09 15:41:25 - [MESSAGE][PASSED] - Text '5000' is set on object 'Object Repository/MOH AND GRN/Page_KDMC - CMS/input_txtqty'

2018-05-09 15:41:25 - [TEST_STEP][PASSED] - selectOptionByIndex: All options with index in [1] are selected on object 'Object Repository/MOH AND GRN/Page_KDMC - CMS/select_--Select--No Tax0'

2018-05-09 15:41:25 - [MESSAGE][PASSED] - All options with index in [1] are selected on object 'Object Repository/MOH AND GRN/Page_KDMC - CMS/select_--Select--No Tax0'

2018-05-09 15:41:25 - [TEST_STEP][PASSED] - setText: Finding Test Object with id 'Object Repository/MOH AND GRN/Page_KDMC - CMS/input_txtmrp'

2018-05-09 15:41:25 - [TEST_STEP][PASSED] - Statement - switch (id): Finding Test Object with id 'Object Repository/MOH AND GRN/Page_KDMC - CMS/input_txtdeal'

2018-05-09 15:41:25 - [TEST_STEP][PASSED] - Statement - case 4:: Text '16.0' is set on object 'Object Repository/MOH AND GRN/Page_KDMC - CMS/input_txtmrp'

2018-05-09 15:41:25 - [TEST_STEP][PASSED] - Statement - return (java.lang.Math.floor((java.lang.Math.random() * ((max - min) + 1))) + min): Text '16.0' is set on object 'Object Repository/MOH AND GRN/Page_KDMC - CMS/input_txtmrp'

2018-05-09 15:41:25 - [MESSAGE][PASSED] - Text '16.0' is set on object 'Object Repository/MOH AND GRN/Page_KDMC - CMS/input_txtmrp'

2018-05-09 15:41:25 - [TEST_STEP][PASSED] - setText: Finding Test Object with id 'Object Repository/MOH AND GRN/Page_KDMC - CMS/input_txtdeal'

2018-05-09 15:41:25 - [TEST_STEP][PASSED] - Statement - switch (id): Finding Test Object with id 'Object Repository/MOH AND GRN/Page_KDMC - CMS/input_txtbatchno'

2018-05-09 15:41:25 - [TEST_STEP][PASSED] - Statement - case 5:: Text '8.0' is set on object 'Object Repository/MOH AND GRN/Page_KDMC - CMS/input_txtdeal'

2018-05-09 15:41:25 - [TEST_STEP][PASSED] - Statement - return (java.lang.Math.floor((java.lang.Math.random() * ((max - min) + 1))) + min): Text '8.0' is set on object 'Object Repository/MOH AND GRN/Page_KDMC - CMS/input_txtdeal'

2018-05-09 15:41:25 - [MESSAGE][PASSED] - Text '8.0' is set on object 'Object Repository/MOH AND GRN/Page_KDMC - CMS/input_txtdeal'

2018-05-09 15:41:25 - [TEST_STEP][PASSED] - setText: Finding Test Object with id 'Object Repository/MOH AND GRN/Page_KDMC - CMS/input_txtbatchno'

2018-05-09 15:41:25 - [TEST_STEP][PASSED] - Statement - switch (id): Finding Test Object with id 'Object Repository/MOH AND GRN/Page_KDMC - CMS/input_txtmrp'

2018-05-09 15:41:25 - [TEST_STEP][PASSED] - Statement - case 1:: Text 'BA355.0' is set on object 'Object Repository/MOH AND GRN/Page_KDMC - CMS/input_txtbatchno'

2018-05-09 15:41:25 - [TEST_STEP][PASSED] - Statement - return (java.lang.Math.floor((java.lang.Math.random() * ((max - min) + 1))) + min): Text 'BA355.0' is set on object 'Object Repository/MOH AND GRN/Page_KDMC - CMS/input_txtbatchno'

2018-05-09 15:41:25 - [MESSAGE][PASSED] - Text 'BA355.0' is set on object 'Object Repository/MOH AND GRN/Page_KDMC - CMS/input_txtbatchno'

2018-05-09 15:41:25 - [TEST_STEP][PASSED] - rightClick: Object: 'Object Repository/GRN/Page_KDMC - CMS/input_txtexpdate' is right clicked on

2018-05-09 15:41:25 - [MESSAGE][PASSED] - Object: 'Object Repository/GRN/Page_KDMC - CMS/input_txtexpdate' is right clicked on

2018-05-09 15:41:25 - [TEST_STEP][PASSED] - selectOptionByIndex: All options with index in [2] are selected on object 'Object Repository/GRN/Page_KDMC - CMS/select_20182019202020212022202'

2018-05-09 15:41:26 - [MESSAGE][PASSED] - All options with index in [2] are selected on object 'Object Repository/GRN/Page_KDMC - CMS/select_20182019202020212022202'

2018-05-09 15:41:26 - [TEST_STEP][PASSED] - selectOptionByIndex: All options with index in [2] are selected on object 'Object Repository/GRN/Page_KDMC - CMS/select_JanFebMarAprMayJunJulAu'

2018-05-09 15:41:26 - [MESSAGE][PASSED] - All options with index in [2] are selected on object 'Object Repository/GRN/Page_KDMC - CMS/select_JanFebMarAprMayJunJulAu'

2018-05-09 15:41:26 - [TEST_STEP][PASSED] - click: Object: 'Object Repository/MOH AND GRN/Page_KDMC - CMS/a_12' is clicked on

2018-05-09 15:41:26 - [MESSAGE][PASSED] - Object: 'Object Repository/MOH AND GRN/Page_KDMC - CMS/a_12' is clicked on

2018-05-09 15:41:26 - [TEST_STEP][PASSED] - click: Object: 'Object Repository/MOH AND GRN/Page_KDMC - CMS/input_btnadd' is clicked on

2018-05-09 15:41:26 - [MESSAGE][PASSED] - Object: 'Object Repository/MOH AND GRN/Page_KDMC - CMS/input_btnadd' is clicked on

2018-05-09 15:41:26 - [TEST_STEP][PASSED] - Statement - If (s == 10): null

2018-05-09 15:41:26 - [TEST_STEP][PASSED] - Statement - Else: null

2018-05-09 15:41:26 - [TEST_STEP][PASSED] - Statement - (s++): null

2018-05-09 15:41:26 - [TEST_STEP][PASSED] - delay: Delayed 1 second(s)

2018-05-09 15:41:27 - [MESSAGE][PASSED] - Delayed 1 second(s)

2018-05-09 15:41:27 - [TEST_STEP][PASSED] - selectOptionByIndex: All options with index in [3] are selected on object 'Object Repository/MOH AND GRN/Page_KDMC - CMS/select_--Select--Amikacin -500'

2018-05-09 15:41:27 - [MESSAGE][PASSED] - All options with index in [3] are selected on object 'Object Repository/MOH AND GRN/Page_KDMC - CMS/select_--Select--Amikacin -500'

2018-05-09 15:41:27 - [TEST_STEP][PASSED] - setText: Text '5000' is set on object 'Object Repository/MOH AND GRN/Page_KDMC - CMS/input_txtqty'

2018-05-09 15:41:27 - [MESSAGE][PASSED] - Text '5000' is set on object 'Object Repository/MOH AND GRN/Page_KDMC - CMS/input_txtqty'

2018-05-09 15:41:27 - [TEST_STEP][PASSED] - selectOptionByIndex: All options with index in [1] are selected on object 'Object Repository/MOH AND GRN/Page_KDMC - CMS/select_--Select--No Tax0'

2018-05-09 15:41:27 - [MESSAGE][PASSED] - All options with index in [1] are selected on object 'Object Repository/MOH AND GRN/Page_KDMC - CMS/select_--Select--No Tax0'

2018-05-09 15:41:27 - [TEST_STEP][PASSED] - setText: Finding Test Object with id 'Object Repository/MOH AND GRN/Page_KDMC - CMS/input_txtmrp'

2018-05-09 15:41:27 - [TEST_STEP][PASSED] - Statement - switch (id): Finding Test Object with id 'Object Repository/MOH AND GRN/Page_KDMC - CMS/input_txtdeal'

2018-05-09 15:41:27 - [TEST_STEP][PASSED] - Statement - case 4:: Text '23.0' is set on object 'Object Repository/MOH AND GRN/Page_KDMC - CMS/input_txtmrp'

2018-05-09 15:41:27 - [TEST_STEP][PASSED] - Statement - return (java.lang.Math.floor((java.lang.Math.random() * ((max - min) + 1))) + min): Text '23.0' is set on object 'Object Repository/MOH AND GRN/Page_KDMC - CMS/input_txtmrp'

2018-05-09 15:41:28 - [MESSAGE][PASSED] - Text '23.0' is set on object 'Object Repository/MOH AND GRN/Page_KDMC - CMS/input_txtmrp'

2018-05-09 15:41:28 - [TEST_STEP][PASSED] - setText: Finding Test Object with id 'Object Repository/MOH AND GRN/Page_KDMC - CMS/input_txtdeal'

2018-05-09 15:41:28 - [TEST_STEP][PASSED] - Statement - switch (id): Finding Test Object with id 'Object Repository/MOH AND GRN/Page_KDMC - CMS/input_txtbatchno'

2018-05-09 15:41:28 - [TEST_STEP][PASSED] - Statement - case 5:: Text '9.0' is set on object 'Object Repository/MOH AND GRN/Page_KDMC - CMS/input_txtdeal'

2018-05-09 15:41:28 - [TEST_STEP][PASSED] - Statement - return (java.lang.Math.floor((java.lang.Math.random() * ((max - min) + 1))) + min): Text '9.0' is set on object 'Object Repository/MOH AND GRN/Page_KDMC - CMS/input_txtdeal'

2018-05-09 15:41:28 - [MESSAGE][PASSED] - Text '9.0' is set on object 'Object Repository/MOH AND GRN/Page_KDMC - CMS/input_txtdeal'

2018-05-09 15:41:28 - [TEST_STEP][PASSED] - setText: Finding Test Object with id 'Object Repository/MOH AND GRN/Page_KDMC - CMS/input_txtbatchno'

2018-05-09 15:41:28 - [TEST_STEP][PASSED] - Statement - switch (id): Finding Test Object with id 'Object Repository/MOH AND GRN/Page_KDMC - CMS/input_txtmrp'

2018-05-09 15:41:28 - [TEST_STEP][PASSED] - Statement - case 1:: Text 'BA398.0' is set on object 'Object Repository/MOH AND GRN/Page_KDMC - CMS/input_txtbatchno'

2018-05-09 15:41:28 - [TEST_STEP][PASSED] - Statement - return (java.lang.Math.floor((java.lang.Math.random() * ((max - min) + 1))) + min): Text 'BA398.0' is set on object 'Object Repository/MOH AND GRN/Page_KDMC - CMS/input_txtbatchno'

2018-05-09 15:41:28 - [MESSAGE][PASSED] - Text 'BA398.0' is set on object 'Object Repository/MOH AND GRN/Page_KDMC - CMS/input_txtbatchno'

2018-05-09 15:41:28 - [TEST_STEP][PASSED] - rightClick: Object: 'Object Repository/GRN/Page_KDMC - CMS/input_txtexpdate' is right clicked on

2018-05-09 15:41:28 - [MESSAGE][PASSED] - Object: 'Object Repository/GRN/Page_KDMC - CMS/input_txtexpdate' is right clicked on

2018-05-09 15:41:28 - [TEST_STEP][PASSED] - selectOptionByIndex: All options with index in [3] are selected on object 'Object Repository/GRN/Page_KDMC - CMS/select_20182019202020212022202'

2018-05-09 15:41:28 - [MESSAGE][PASSED] - All options with index in [3] are selected on object 'Object Repository/GRN/Page_KDMC - CMS/select_20182019202020212022202'

2018-05-09 15:41:28 - [TEST_STEP][PASSED] - selectOptionByIndex: All options with index in [3] are selected on object 'Object Repository/GRN/Page_KDMC - CMS/select_JanFebMarAprMayJunJulAu'

2018-05-09 15:41:28 - [MESSAGE][PASSED] - All options with index in [3] are selected on object 'Object Repository/GRN/Page_KDMC - CMS/select_JanFebMarAprMayJunJulAu'

2018-05-09 15:41:28 - [TEST_STEP][PASSED] - click: Object: 'Object Repository/MOH AND GRN/Page_KDMC - CMS/a_12' is clicked on

2018-05-09 15:41:28 - [MESSAGE][PASSED] - Object: 'Object Repository/MOH AND GRN/Page_KDMC - CMS/a_12' is clicked on

2018-05-09 15:41:28 - [TEST_STEP][PASSED] - click: Object: 'Object Repository/MOH AND GRN/Page_KDMC - CMS/input_btnadd' is clicked on

2018-05-09 15:41:28 - [MESSAGE][PASSED] - Object: 'Object Repository/MOH AND GRN/Page_KDMC - CMS/input_btnadd' is clicked on

2018-05-09 15:41:28 - [TEST_STEP][PASSED] - Statement - If (s == 10): null

2018-05-09 15:41:28 - [TEST_STEP][PASSED] - Statement - Else: null

2018-05-09 15:41:28 - [TEST_STEP][PASSED] - Statement - (s++): null

2018-05-09 15:41:28 - [TEST_STEP][PASSED] - delay: Delayed 1 second(s)

2018-05-09 15:41:29 - [MESSAGE][PASSED] - Delayed 1 second(s)

2018-05-09 15:41:29 - [TEST_STEP][PASSED] - selectOptionByIndex: All options with index in [4] are selected on object 'Object Repository/MOH AND GRN/Page_KDMC - CMS/select_--Select--Amikacin -500'

2018-05-09 15:41:30 - [MESSAGE][PASSED] - All options with index in [4] are selected on object 'Object Repository/MOH AND GRN/Page_KDMC - CMS/select_--Select--Amikacin -500'

2018-05-09 15:41:30 - [TEST_STEP][PASSED] - setText: Text '5000' is set on object 'Object Repository/MOH AND GRN/Page_KDMC - CMS/input_txtqty'

2018-05-09 15:41:30 - [MESSAGE][PASSED] - Text '5000' is set on object 'Object Repository/MOH AND GRN/Page_KDMC - CMS/input_txtqty'

2018-05-09 15:41:30 - [TEST_STEP][PASSED] - selectOptionByIndex: All options with index in [1] are selected on object 'Object Repository/MOH AND GRN/Page_KDMC - CMS/select_--Select--No Tax0'

2018-05-09 15:41:30 - [MESSAGE][PASSED] - All options with index in [1] are selected on object 'Object Repository/MOH AND GRN/Page_KDMC - CMS/select_--Select--No Tax0'

2018-05-09 15:41:30 - [TEST_STEP][PASSED] - setText: Finding Test Object with id 'Object Repository/MOH AND GRN/Page_KDMC - CMS/input_txtmrp'

2018-05-09 15:41:30 - [TEST_STEP][PASSED] - Statement - switch (id): Finding Test Object with id 'Object Repository/MOH AND GRN/Page_KDMC - CMS/input_txtdeal'

2018-05-09 15:41:30 - [TEST_STEP][PASSED] - Statement - case 4:: Text '16.0' is set on object 'Object Repository/MOH AND GRN/Page_KDMC - CMS/input_txtmrp'

2018-05-09 15:41:30 - [TEST_STEP][PASSED] - Statement - return (java.lang.Math.floor((java.lang.Math.random() * ((max - min) + 1))) + min): Text '16.0' is set on object 'Object Repository/MOH AND GRN/Page_KDMC - CMS/input_txtmrp'

2018-05-09 15:41:30 - [MESSAGE][PASSED] - Text '16.0' is set on object 'Object Repository/MOH AND GRN/Page_KDMC - CMS/input_txtmrp'

2018-05-09 15:41:30 - [TEST_STEP][PASSED] - setText: Finding Test Object with id 'Object Repository/MOH AND GRN/Page_KDMC - CMS/input_txtdeal'

2018-05-09 15:41:30 - [TEST_STEP][PASSED] - Statement - switch (id): Finding Test Object with id 'Object Repository/MOH AND GRN/Page_KDMC - CMS/input_txtbatchno'

2018-05-09 15:41:30 - [TEST_STEP][PASSED] - Statement - case 5:: Text '12.0' is set on object 'Object Repository/MOH AND GRN/Page_KDMC - CMS/input_txtdeal'

2018-05-09 15:41:30 - [TEST_STEP][PASSED] - Statement - return (java.lang.Math.floor((java.lang.Math.random() * ((max - min) + 1))) + min): Text '12.0' is set on object 'Object Repository/MOH AND GRN/Page_KDMC - CMS/input_txtdeal'

2018-05-09 15:41:30 - [MESSAGE][PASSED] - Text '12.0' is set on object 'Object Repository/MOH AND GRN/Page_KDMC - CMS/input_txtdeal'

2018-05-09 15:41:30 - [TEST_STEP][PASSED] - setText: Finding Test Object with id 'Object Repository/MOH AND GRN/Page_KDMC - CMS/input_txtbatchno'

2018-05-09 15:41:30 - [TEST_STEP][PASSED] - Statement - switch (id): Finding Test Object with id 'Object Repository/MOH AND GRN/Page_KDMC - CMS/input_txtmrp'

2018-05-09 15:41:30 - [TEST_STEP][PASSED] - Statement - case 1:: Text 'BA35.0' is set on object 'Object Repository/MOH AND GRN/Page_KDMC - CMS/input_txtbatchno'

2018-05-09 15:41:30 - [TEST_STEP][PASSED] - Statement - return (java.lang.Math.floor((java.lang.Math.random() * ((max - min) + 1))) + min): Text 'BA35.0' is set on object 'Object Repository/MOH AND GRN/Page_KDMC - CMS/input_txtbatchno'

2018-05-09 15:41:30 - [MESSAGE][PASSED] - Text 'BA35.0' is set on object 'Object Repository/MOH AND GRN/Page_KDMC - CMS/input_txtbatchno'

2018-05-09 15:41:30 - [TEST_STEP][PASSED] - rightClick: Object: 'Object Repository/GRN/Page_KDMC - CMS/input_txtexpdate' is right clicked on

2018-05-09 15:41:30 - [MESSAGE][PASSED] - Object: 'Object Repository/GRN/Page_KDMC - CMS/input_txtexpdate' is right clicked on

2018-05-09 15:41:30 - [TEST_STEP][PASSED] - selectOptionByIndex: All options with index in [4] are selected on object 'Object Repository/GRN/Page_KDMC - CMS/select_20182019202020212022202'

2018-05-09 15:41:30 - [MESSAGE][PASSED] - All options with index in [4] are selected on object 'Object Repository/GRN/Page_KDMC - CMS/select_20182019202020212022202'

2018-05-09 15:41:30 - [TEST_STEP][PASSED] - selectOptionByIndex: All options with index in [4] are selected on object 'Object Repository/GRN/Page_KDMC - CMS/select_JanFebMarAprMayJunJulAu'

2018-05-09 15:41:31 - [MESSAGE][PASSED] - All options with index in [4] are selected on object 'Object Repository/GRN/Page_KDMC - CMS/select_JanFebMarAprMayJunJulAu'

2018-05-09 15:41:31 - [TEST_STEP][PASSED] - click: Object: 'Object Repository/MOH AND GRN/Page_KDMC - CMS/a_12' is clicked on

2018-05-09 15:41:31 - [MESSAGE][PASSED] - Object: 'Object Repository/MOH AND GRN/Page_KDMC - CMS/a_12' is clicked on

2018-05-09 15:41:31 - [TEST_STEP][PASSED] - click: Object: 'Object Repository/MOH AND GRN/Page_KDMC - CMS/input_btnadd' is clicked on

2018-05-09 15:41:31 - [MESSAGE][PASSED] - Object: 'Object Repository/MOH AND GRN/Page_KDMC - CMS/input_btnadd' is clicked on

2018-05-09 15:41:31 - [TEST_STEP][PASSED] - Statement - If (s == 10): null

2018-05-09 15:41:31 - [TEST_STEP][PASSED] - Statement - Else: null

2018-05-09 15:41:31 - [TEST_STEP][PASSED] - Statement - (s++): null

2018-05-09 15:41:31 - [TEST_STEP][PASSED] - delay: Delayed 1 second(s)

2018-05-09 15:41:32 - [MESSAGE][PASSED] - Delayed 1 second(s)

2018-05-09 15:41:32 - [TEST_STEP][PASSED] - selectOptionByIndex: All options with index in [5] are selected on object 'Object Repository/MOH AND GRN/Page_KDMC - CMS/select_--Select--Amikacin -500'

2018-05-09 15:41:32 - [MESSAGE][PASSED] - All options with index in [5] are selected on object 'Object Repository/MOH AND GRN/Page_KDMC - CMS/select_--Select--Amikacin -500'

2018-05-09 15:41:32 - [TEST_STEP][PASSED] - setText: Text '5000' is set on object 'Object Repository/MOH AND GRN/Page_KDMC - CMS/input_txtqty'

2018-05-09 15:41:32 - [MESSAGE][PASSED] - Text '5000' is set on object 'Object Repository/MOH AND GRN/Page_KDMC - CMS/input_txtqty'

2018-05-09 15:41:32 - [TEST_STEP][PASSED] - selectOptionByIndex: All options with index in [1] are selected on object 'Object Repository/MOH AND GRN/Page_KDMC - CMS/select_--Select--No Tax0'

2018-05-09 15:41:32 - [MESSAGE][PASSED] - All options with index in [1] are selected on object 'Object Repository/MOH AND GRN/Page_KDMC - CMS/select_--Select--No Tax0'

2018-05-09 15:41:32 - [TEST_STEP][PASSED] - setText: Finding Test Object with id 'Object Repository/MOH AND GRN/Page_KDMC - CMS/input_txtmrp'

2018-05-09 15:41:32 - [TEST_STEP][PASSED] - Statement - switch (id): Finding Test Object with id 'Object Repository/MOH AND GRN/Page_KDMC - CMS/input_txtdeal'

2018-05-09 15:41:32 - [TEST_STEP][PASSED] - Statement - case 4:: Text '32.0' is set on object 'Object Repository/MOH AND GRN/Page_KDMC - CMS/input_txtmrp'

2018-05-09 15:41:32 - [TEST_STEP][PASSED] - Statement - return (java.lang.Math.floor((java.lang.Math.random() * ((max - min) + 1))) + min): Text '32.0' is set on object 'Object Repository/MOH AND GRN/Page_KDMC - CMS/input_txtmrp'

2018-05-09 15:41:32 - [MESSAGE][PASSED] - Text '32.0' is set on object 'Object Repository/MOH AND GRN/Page_KDMC - CMS/input_txtmrp'

2018-05-09 15:41:32 - [TEST_STEP][PASSED] - setText: Finding Test Object with id 'Object Repository/MOH AND GRN/Page_KDMC - CMS/input_txtdeal'

2018-05-09 15:41:32 - [TEST_STEP][PASSED] - Statement - switch (id): Finding Test Object with id 'Object Repository/MOH AND GRN/Page_KDMC - CMS/input_txtbatchno'

2018-05-09 15:41:32 - [TEST_STEP][PASSED] - Statement - case 5:: Text '7.0' is set on object 'Object Repository/MOH AND GRN/Page_KDMC - CMS/input_txtdeal'

2018-05-09 15:41:32 - [TEST_STEP][PASSED] - Statement - return (java.lang.Math.floor((java.lang.Math.random() * ((max - min) + 1))) + min): Text '7.0' is set on object 'Object Repository/MOH AND GRN/Page_KDMC - CMS/input_txtdeal'

2018-05-09 15:41:32 - [MESSAGE][PASSED] - Text '7.0' is set on object 'Object Repository/MOH AND GRN/Page_KDMC - CMS/input_txtdeal'

2018-05-09 15:41:32 - [TEST_STEP][PASSED] - setText: Finding Test Object with id 'Object Repository/MOH AND GRN/Page_KDMC - CMS/input_txtbatchno'

2018-05-09 15:41:32 - [TEST_STEP][PASSED] - Statement - switch (id): Finding Test Object with id 'Object Repository/MOH AND GRN/Page_KDMC - CMS/input_txtmrp'

2018-05-09 15:41:32 - [TEST_STEP][PASSED] - Statement - case 1:: Text 'BA248.0' is set on object 'Object Repository/MOH AND GRN/Page_KDMC - CMS/input_txtbatchno'

2018-05-09 15:41:32 - [TEST_STEP][PASSED] - Statement - return (java.lang.Math.floor((java.lang.Math.random() * ((max - min) + 1))) + min): Text 'BA248.0' is set on object 'Object Repository/MOH AND GRN/Page_KDMC - CMS/input_txtbatchno'

2018-05-09 15:41:32 - [MESSAGE][PASSED] - Text 'BA248.0' is set on object 'Object Repository/MOH AND GRN/Page_KDMC - CMS/input_txtbatchno'

2018-05-09 15:41:32 - [TEST_STEP][PASSED] - rightClick: Object: 'Object Repository/GRN/Page_KDMC - CMS/input_txtexpdate' is right clicked on

2018-05-09 15:41:33 - [MESSAGE][PASSED] - Object: 'Object Repository/GRN/Page_KDMC - CMS/input_txtexpdate' is right clicked on

2018-05-09 15:41:33 - [TEST_STEP][PASSED] - selectOptionByIndex: All options with index in [5] are selected on object 'Object Repository/GRN/Page_KDMC - CMS/select_20182019202020212022202'

2018-05-09 15:41:33 - [MESSAGE][PASSED] - All options with index in [5] are selected on object 'Object Repository/GRN/Page_KDMC - CMS/select_20182019202020212022202'

2018-05-09 15:41:33 - [TEST_STEP][PASSED] - selectOptionByIndex: All options with index in [5] are selected on object 'Object Repository/GRN/Page_KDMC - CMS/select_JanFebMarAprMayJunJulAu'

2018-05-09 15:41:33 - [MESSAGE][PASSED] - All options with index in [5] are selected on object 'Object Repository/GRN/Page_KDMC - CMS/select_JanFebMarAprMayJunJulAu'

2018-05-09 15:41:33 - [TEST_STEP][PASSED] - click: Object: 'Object Repository/MOH AND GRN/Page_KDMC - CMS/a_12' is clicked on

2018-05-09 15:41:33 - [MESSAGE][PASSED] - Object: 'Object Repository/MOH AND GRN/Page_KDMC - CMS/a_12' is clicked on

2018-05-09 15:41:33 - [TEST_STEP][PASSED] - click: Object: 'Object Repository/MOH AND GRN/Page_KDMC - CMS/input_btnadd' is clicked on

2018-05-09 15:41:33 - [MESSAGE][PASSED] - Object: 'Object Repository/MOH AND GRN/Page_KDMC - CMS/input_btnadd' is clicked on

2018-05-09 15:41:33 - [TEST_STEP][PASSED] - Statement - If (s == 10): null

2018-05-09 15:41:33 - [TEST_STEP][PASSED] - Statement - Else: null

2018-05-09 15:41:33 - [TEST_STEP][PASSED] - Statement - (s++): null

2018-05-09 15:41:33 - [TEST_STEP][PASSED] - delay: Delayed 1 second(s)

2018-05-09 15:41:34 - [MESSAGE][PASSED] - Delayed 1 second(s)

2018-05-09 15:41:34 - [TEST_STEP][PASSED] - selectOptionByIndex: All options with index in [6] are selected on object 'Object Repository/MOH AND GRN/Page_KDMC - CMS/select_--Select--Amikacin -500'

2018-05-09 15:41:34 - [MESSAGE][PASSED] - All options with index in [6] are selected on object 'Object Repository/MOH AND GRN/Page_KDMC - CMS/select_--Select--Amikacin -500'

2018-05-09 15:41:34 - [TEST_STEP][PASSED] - setText: Text '5000' is set on object 'Object Repository/MOH AND GRN/Page_KDMC - CMS/input_txtqty'

2018-05-09 15:41:34 - [MESSAGE][PASSED] - Text '5000' is set on object 'Object Repository/MOH AND GRN/Page_KDMC - CMS/input_txtqty'

2018-05-09 15:41:34 - [TEST_STEP][PASSED] - selectOptionByIndex: All options with index in [1] are selected on object 'Object Repository/MOH AND GRN/Page_KDMC - CMS/select_--Select--No Tax0'

2018-05-09 15:41:35 - [MESSAGE][PASSED] - All options with index in [1] are selected on object 'Object Repository/MOH AND GRN/Page_KDMC - CMS/select_--Select--No Tax0'

2018-05-09 15:41:35 - [TEST_STEP][PASSED] - setText: Finding Test Object with id 'Object Repository/MOH AND GRN/Page_KDMC - CMS/input_txtmrp'

2018-05-09 15:41:35 - [TEST_STEP][PASSED] - Statement - switch (id): Finding Test Object with id 'Object Repository/MOH AND GRN/Page_KDMC - CMS/input_txtdeal'

2018-05-09 15:41:35 - [TEST_STEP][PASSED] - Statement - case 4:: Text '32.0' is set on object 'Object Repository/MOH AND GRN/Page_KDMC - CMS/input_txtmrp'

2018-05-09 15:41:35 - [TEST_STEP][PASSED] - Statement - return (java.lang.Math.floor((java.lang.Math.random() * ((max - min) + 1))) + min): Text '32.0' is set on object 'Object Repository/MOH AND GRN/Page_KDMC - CMS/input_txtmrp'

2018-05-09 15:41:35 - [MESSAGE][PASSED] - Text '32.0' is set on object 'Object Repository/MOH AND GRN/Page_KDMC - CMS/input_txtmrp'

2018-05-09 15:41:35 - [TEST_STEP][PASSED] - setText: Finding Test Object with id 'Object Repository/MOH AND GRN/Page_KDMC - CMS/input_txtdeal'

2018-05-09 15:41:35 - [TEST_STEP][PASSED] - Statement - switch (id): Finding Test Object with id 'Object Repository/MOH AND GRN/Page_KDMC - CMS/input_txtbatchno'

2018-05-09 15:41:35 - [TEST_STEP][PASSED] - Statement - case 5:: Text '2.0' is set on object 'Object Repository/MOH AND GRN/Page_KDMC - CMS/input_txtdeal'

2018-05-09 15:41:35 - [TEST_STEP][PASSED] - Statement - return (java.lang.Math.floor((java.lang.Math.random() * ((max - min) + 1))) + min): Text '2.0' is set on object 'Object Repository/MOH AND GRN/Page_KDMC - CMS/input_txtdeal'

2018-05-09 15:41:35 - [MESSAGE][PASSED] - Text '2.0' is set on object 'Object Repository/MOH AND GRN/Page_KDMC - CMS/input_txtdeal'

2018-05-09 15:41:35 - [TEST_STEP][PASSED] - setText: Finding Test Object with id 'Object Repository/MOH AND GRN/Page_KDMC - CMS/input_txtbatchno'

2018-05-09 15:41:35 - [TEST_STEP][PASSED] - Statement - switch (id): Finding Test Object with id 'Object Repository/MOH AND GRN/Page_KDMC - CMS/input_txtmrp'

2018-05-09 15:41:35 - [TEST_STEP][PASSED] - Statement - case 1:: Text 'BA905.0' is set on object 'Object Repository/MOH AND GRN/Page_KDMC - CMS/input_txtbatchno'

2018-05-09 15:41:35 - [TEST_STEP][PASSED] - Statement - return (java.lang.Math.floor((java.lang.Math.random() * ((max - min) + 1))) + min): Text 'BA905.0' is set on object 'Object Repository/MOH AND GRN/Page_KDMC - CMS/input_txtbatchno'

2018-05-09 15:41:35 - [MESSAGE][PASSED] - Text 'BA905.0' is set on object 'Object Repository/MOH AND GRN/Page_KDMC - CMS/input_txtbatchno'

2018-05-09 15:41:35 - [TEST_STEP][PASSED] - rightClick: Object: 'Object Repository/GRN/Page_KDMC - CMS/input_txtexpdate' is right clicked on

2018-05-09 15:41:35 - [MESSAGE][PASSED] - Object: 'Object Repository/GRN/Page_KDMC - CMS/input_txtexpdate' is right clicked on

2018-05-09 15:41:35 - [TEST_STEP][PASSED] - selectOptionByIndex: All options with index in [6] are selected on object 'Object Repository/GRN/Page_KDMC - CMS/select_20182019202020212022202'

2018-05-09 15:41:35 - [MESSAGE][PASSED] - All options with index in [6] are selected on object 'Object Repository/GRN/Page_KDMC - CMS/select_20182019202020212022202'

2018-05-09 15:41:35 - [TEST_STEP][PASSED] - selectOptionByIndex: All options with index in [6] are selected on object 'Object Repository/GRN/Page_KDMC - CMS/select_JanFebMarAprMayJunJulAu'

2018-05-09 15:41:35 - [MESSAGE][PASSED] - All options with index in [6] are selected on object 'Object Repository/GRN/Page_KDMC - CMS/select_JanFebMarAprMayJunJulAu'

2018-05-09 15:41:35 - [TEST_STEP][PASSED] - click: Object: 'Object Repository/MOH AND GRN/Page_KDMC - CMS/a_12' is clicked on

2018-05-09 15:41:35 - [MESSAGE][PASSED] - Object: 'Object Repository/MOH AND GRN/Page_KDMC - CMS/a_12' is clicked on

2018-05-09 15:41:35 - [TEST_STEP][PASSED] - click: Object: 'Object Repository/MOH AND GRN/Page_KDMC - CMS/input_btnadd' is clicked on

2018-05-09 15:41:36 - [MESSAGE][PASSED] - Object: 'Object Repository/MOH AND GRN/Page_KDMC - CMS/input_btnadd' is clicked on

2018-05-09 15:41:36 - [TEST_STEP][PASSED] - Statement - If (s == 10): null

2018-05-09 15:41:36 - [TEST_STEP][PASSED] - Statement - Else: null

2018-05-09 15:41:36 - [TEST_STEP][PASSED] - Statement - (s++): null

2018-05-09 15:41:36 - [TEST_STEP][PASSED] - delay: Delayed 1 second(s)

2018-05-09 15:41:37 - [MESSAGE][PASSED] - Delayed 1 second(s)

2018-05-09 15:41:37 - [TEST_STEP][PASSED] - selectOptionByIndex: All options with index in [7] are selected on object 'Object Repository/MOH AND GRN/Page_KDMC - CMS/select_--Select--Amikacin -500'

2018-05-09 15:41:37 - [MESSAGE][PASSED] - All options with index in [7] are selected on object 'Object Repository/MOH AND GRN/Page_KDMC - CMS/select_--Select--Amikacin -500'

2018-05-09 15:41:37 - [TEST_STEP][PASSED] - setText: Text '5000' is set on object 'Object Repository/MOH AND GRN/Page_KDMC - CMS/input_txtqty'

2018-05-09 15:41:37 - [MESSAGE][PASSED] - Text '5000' is set on object 'Object Repository/MOH AND GRN/Page_KDMC - CMS/input_txtqty'

2018-05-09 15:41:37 - [TEST_STEP][PASSED] - selectOptionByIndex: All options with index in [1] are selected on object 'Object Repository/MOH AND GRN/Page_KDMC - CMS/select_--Select--No Tax0'

2018-05-09 15:41:37 - [MESSAGE][PASSED] - All options with index in [1] are selected on object 'Object Repository/MOH AND GRN/Page_KDMC - CMS/select_--Select--No Tax0'

2018-05-09 15:41:37 - [TEST_STEP][PASSED] - setText: Finding Test Object with id 'Object Repository/MOH AND GRN/Page_KDMC - CMS/input_txtmrp'

2018-05-09 15:41:37 - [TEST_STEP][PASSED] - Statement - switch (id): Finding Test Object with id 'Object Repository/MOH AND GRN/Page_KDMC - CMS/input_txtdeal'

2018-05-09 15:41:37 - [TEST_STEP][PASSED] - Statement - case 4:: Text '27.0' is set on object 'Object Repository/MOH AND GRN/Page_KDMC - CMS/input_txtmrp'

2018-05-09 15:41:37 - [TEST_STEP][PASSED] - Statement - return (java.lang.Math.floor((java.lang.Math.random() * ((max - min) + 1))) + min): Text '27.0' is set on object 'Object Repository/MOH AND GRN/Page_KDMC - CMS/input_txtmrp'

2018-05-09 15:41:37 - [MESSAGE][PASSED] - Text '27.0' is set on object 'Object Repository/MOH AND GRN/Page_KDMC - CMS/input_txtmrp'

2018-05-09 15:41:37 - [TEST_STEP][PASSED] - setText: Finding Test Object with id 'Object Repository/MOH AND GRN/Page_KDMC - CMS/input_txtdeal'

2018-05-09 15:41:37 - [TEST_STEP][PASSED] - Statement - switch (id): Finding Test Object with id 'Object Repository/MOH AND GRN/Page_KDMC - CMS/input_txtbatchno'

2018-05-09 15:41:37 - [TEST_STEP][PASSED] - Statement - case 5:: Text '7.0' is set on object 'Object Repository/MOH AND GRN/Page_KDMC - CMS/input_txtdeal'

2018-05-09 15:41:37 - [TEST_STEP][PASSED] - Statement - return (java.lang.Math.floor((java.lang.Math.random() * ((max - min) + 1))) + min): Text '7.0' is set on object 'Object Repository/MOH AND GRN/Page_KDMC - CMS/input_txtdeal'

2018-05-09 15:41:37 - [MESSAGE][PASSED] - Text '7.0' is set on object 'Object Repository/MOH AND GRN/Page_KDMC - CMS/input_txtdeal'

2018-05-09 15:41:37 - [TEST_STEP][PASSED] - setText: Finding Test Object with id 'Object Repository/MOH AND GRN/Page_KDMC - CMS/input_txtbatchno'

2018-05-09 15:41:37 - [TEST_STEP][PASSED] - Statement - switch (id): Finding Test Object with id 'Object Repository/MOH AND GRN/Page_KDMC - CMS/input_txtmrp'

2018-05-09 15:41:37 - [TEST_STEP][PASSED] - Statement - case 1:: Text 'BA208.0' is set on object 'Object Repository/MOH AND GRN/Page_KDMC - CMS/input_txtbatchno'

2018-05-09 15:41:37 - [TEST_STEP][PASSED] - Statement - return (java.lang.Math.floor((java.lang.Math.random() * ((max - min) + 1))) + min): Text 'BA208.0' is set on object 'Object Repository/MOH AND GRN/Page_KDMC - CMS/input_txtbatchno'

2018-05-09 15:41:38 - [MESSAGE][PASSED] - Text 'BA208.0' is set on object 'Object Repository/MOH AND GRN/Page_KDMC - CMS/input_txtbatchno'

2018-05-09 15:41:38 - [TEST_STEP][PASSED] - rightClick: Object: 'Object Repository/GRN/Page_KDMC - CMS/input_txtexpdate' is right clicked on

2018-05-09 15:41:38 - [MESSAGE][PASSED] - Object: 'Object Repository/GRN/Page_KDMC - CMS/input_txtexpdate' is right clicked on

2018-05-09 15:41:38 - [TEST_STEP][PASSED] - selectOptionByIndex: All options with index in [7] are selected on object 'Object Repository/GRN/Page_KDMC - CMS/select_20182019202020212022202'

2018-05-09 15:41:38 - [MESSAGE][PASSED] - All options with index in [7] are selected on object 'Object Repository/GRN/Page_KDMC - CMS/select_20182019202020212022202'

2018-05-09 15:41:38 - [TEST_STEP][PASSED] - selectOptionByIndex: All options with index in [7] are selected on object 'Object Repository/GRN/Page_KDMC - CMS/select_JanFebMarAprMayJunJulAu'

2018-05-09 15:41:38 - [MESSAGE][PASSED] - All options with index in [7] are selected on object 'Object Repository/GRN/Page_KDMC - CMS/select_JanFebMarAprMayJunJulAu'

2018-05-09 15:41:38 - [TEST_STEP][PASSED] - click: Object: 'Object Repository/MOH AND GRN/Page_KDMC - CMS/a_12' is clicked on

2018-05-09 15:41:38 - [MESSAGE][PASSED] - Object: 'Object Repository/MOH AND GRN/Page_KDMC - CMS/a_12' is clicked on

2018-05-09 15:41:38 - [TEST_STEP][PASSED] - click: Object: 'Object Repository/MOH AND GRN/Page_KDMC - CMS/input_btnadd' is clicked on

2018-05-09 15:41:38 - [MESSAGE][PASSED] - Object: 'Object Repository/MOH AND GRN/Page_KDMC - CMS/input_btnadd' is clicked on

2018-05-09 15:41:38 - [TEST_STEP][PASSED] - Statement - If (s == 10): null

2018-05-09 15:41:38 - [TEST_STEP][PASSED] - Statement - Else: null

2018-05-09 15:41:38 - [TEST_STEP][PASSED] - Statement - (s++): null

2018-05-09 15:41:38 - [TEST_STEP][PASSED] - delay: Delayed 1 second(s)

2018-05-09 15:41:39 - [MESSAGE][PASSED] - Delayed 1 second(s)

2018-05-09 15:41:39 - [TEST_STEP][PASSED] - selectOptionByIndex: All options with index in [8] are selected on object 'Object Repository/MOH AND GRN/Page_KDMC - CMS/select_--Select--Amikacin -500'

2018-05-09 15:41:39 - [MESSAGE][PASSED] - All options with index in [8] are selected on object 'Object Repository/MOH AND GRN/Page_KDMC - CMS/select_--Select--Amikacin -500'

2018-05-09 15:41:39 - [TEST_STEP][PASSED] - setText: Text '5000' is set on object 'Object Repository/MOH AND GRN/Page_KDMC - CMS/input_txtqty'

2018-05-09 15:41:40 - [MESSAGE][PASSED] - Text '5000' is set on object 'Object Repository/MOH AND GRN/Page_KDMC - CMS/input_txtqty'

2018-05-09 15:41:40 - [TEST_STEP][PASSED] - selectOptionByIndex: All options with index in [1] are selected on object 'Object Repository/MOH AND GRN/Page_KDMC - CMS/select_--Select--No Tax0'

2018-05-09 15:41:40 - [MESSAGE][PASSED] - All options with index in [1] are selected on object 'Object Repository/MOH AND GRN/Page_KDMC - CMS/select_--Select--No Tax0'

2018-05-09 15:41:40 - [TEST_STEP][PASSED] - setText: Finding Test Object with id 'Object Repository/MOH AND GRN/Page_KDMC - CMS/input_txtmrp'

2018-05-09 15:41:40 - [TEST_STEP][PASSED] - Statement - switch (id): Finding Test Object with id 'Object Repository/MOH AND GRN/Page_KDMC - CMS/input_txtdeal'

2018-05-09 15:41:40 - [TEST_STEP][PASSED] - Statement - case 4:: Text '41.0' is set on object 'Object Repository/MOH AND GRN/Page_KDMC - CMS/input_txtmrp'

2018-05-09 15:41:40 - [TEST_STEP][PASSED] - Statement - return (java.lang.Math.floor((java.lang.Math.random() * ((max - min) + 1))) + min): Text '41.0' is set on object 'Object Repository/MOH AND GRN/Page_KDMC - CMS/input_txtmrp'

2018-05-09 15:41:40 - [MESSAGE][PASSED] - Text '41.0' is set on object 'Object Repository/MOH AND GRN/Page_KDMC - CMS/input_txtmrp'

2018-05-09 15:41:40 - [TEST_STEP][PASSED] - setText: Finding Test Object with id 'Object Repository/MOH AND GRN/Page_KDMC - CMS/input_txtdeal'

2018-05-09 15:41:40 - [TEST_STEP][PASSED] - Statement - switch (id): Finding Test Object with id 'Object Repository/MOH AND GRN/Page_KDMC - CMS/input_txtbatchno'

2018-05-09 15:41:40 - [TEST_STEP][PASSED] - Statement - case 5:: Text '4.0' is set on object 'Object Repository/MOH AND GRN/Page_KDMC - CMS/input_txtdeal'

2018-05-09 15:41:40 - [TEST_STEP][PASSED] - Statement - return (java.lang.Math.floor((java.lang.Math.random() * ((max - min) + 1))) + min): Text '4.0' is set on object 'Object Repository/MOH AND GRN/Page_KDMC - CMS/input_txtdeal'

2018-05-09 15:41:40 - [MESSAGE][PASSED] - Text '4.0' is set on object 'Object Repository/MOH AND GRN/Page_KDMC - CMS/input_txtdeal'

2018-05-09 15:41:40 - [TEST_STEP][PASSED] - setText: Finding Test Object with id 'Object Repository/MOH AND GRN/Page_KDMC - CMS/input_txtbatchno'

2018-05-09 15:41:40 - [TEST_STEP][PASSED] - Statement - switch (id): Finding Test Object with id 'Object Repository/MOH AND GRN/Page_KDMC - CMS/input_txtmrp'

2018-05-09 15:41:40 - [TEST_STEP][PASSED] - Statement - case 1:: Text 'BA972.0' is set on object 'Object Repository/MOH AND GRN/Page_KDMC - CMS/input_txtbatchno'

2018-05-09 15:41:40 - [TEST_STEP][PASSED] - Statement - return (java.lang.Math.floor((java.lang.Math.random() * ((max - min) + 1))) + min): Text 'BA972.0' is set on object 'Object Repository/MOH AND GRN/Page_KDMC - CMS/input_txtbatchno'

2018-05-09 15:41:40 - [MESSAGE][PASSED] - Text 'BA972.0' is set on object 'Object Repository/MOH AND GRN/Page_KDMC - CMS/input_txtbatchno'

2018-05-09 15:41:40 - [TEST_STEP][PASSED] - rightClick: Object: 'Object Repository/GRN/Page_KDMC - CMS/input_txtexpdate' is right clicked on

2018-05-09 15:41:40 - [MESSAGE][PASSED] - Object: 'Object Repository/GRN/Page_KDMC - CMS/input_txtexpdate' is right clicked on

2018-05-09 15:41:40 - [TEST_STEP][PASSED] - selectOptionByIndex: All options with index in [8] are selected on object 'Object Repository/GRN/Page_KDMC - CMS/select_20182019202020212022202'

2018-05-09 15:41:40 - [MESSAGE][PASSED] - All options with index in [8] are selected on object 'Object Repository/GRN/Page_KDMC - CMS/select_20182019202020212022202'

2018-05-09 15:41:40 - [TEST_STEP][PASSED] - selectOptionByIndex: All options with index in [8] are selected on object 'Object Repository/GRN/Page_KDMC - CMS/select_JanFebMarAprMayJunJulAu'

2018-05-09 15:41:41 - [MESSAGE][PASSED] - All options with index in [8] are selected on object 'Object Repository/GRN/Page_KDMC - CMS/select_JanFebMarAprMayJunJulAu'

2018-05-09 15:41:41 - [TEST_STEP][PASSED] - click: Object: 'Object Repository/MOH AND GRN/Page_KDMC - CMS/a_12' is clicked on

2018-05-09 15:41:41 - [MESSAGE][PASSED] - Object: 'Object Repository/MOH AND GRN/Page_KDMC - CMS/a_12' is clicked on

2018-05-09 15:41:41 - [TEST_STEP][PASSED] - click: Object: 'Object Repository/MOH AND GRN/Page_KDMC - CMS/input_btnadd' is clicked on

2018-05-09 15:41:41 - [MESSAGE][PASSED] - Object: 'Object Repository/MOH AND GRN/Page_KDMC - CMS/input_btnadd' is clicked on

2018-05-09 15:41:41 - [TEST_STEP][PASSED] - Statement - If (s == 10): null

2018-05-09 15:41:41 - [TEST_STEP][PASSED] - Statement - Else: null

2018-05-09 15:41:41 - [TEST_STEP][PASSED] - Statement - (s++): null

2018-05-09 15:41:41 - [TEST_STEP][PASSED] - delay: Delayed 1 second(s)

2018-05-09 15:41:42 - [MESSAGE][PASSED] - Delayed 1 second(s)

2018-05-09 15:41:42 - [TEST_STEP][PASSED] - selectOptionByIndex: All options with index in [9] are selected on object 'Object Repository/MOH AND GRN/Page_KDMC - CMS/select_--Select--Amikacin -500'

2018-05-09 15:41:42 - [MESSAGE][PASSED] - All options with index in [9] are selected on object 'Object Repository/MOH AND GRN/Page_KDMC - CMS/select_--Select--Amikacin -500'

2018-05-09 15:41:42 - [TEST_STEP][PASSED] - setText: Text '5000' is set on object 'Object Repository/MOH AND GRN/Page_KDMC - CMS/input_txtqty'

2018-05-09 15:41:42 - [MESSAGE][PASSED] - Text '5000' is set on object 'Object Repository/MOH AND GRN/Page_KDMC - CMS/input_txtqty'

2018-05-09 15:41:42 - [TEST_STEP][PASSED] - selectOptionByIndex: All options with index in [1] are selected on object 'Object Repository/MOH AND GRN/Page_KDMC - CMS/select_--Select--No Tax0'

2018-05-09 15:41:42 - [MESSAGE][PASSED] - All options with index in [1] are selected on object 'Object Repository/MOH AND GRN/Page_KDMC - CMS/select_--Select--No Tax0'

2018-05-09 15:41:42 - [TEST_STEP][PASSED] - setText: Finding Test Object with id 'Object Repository/MOH AND GRN/Page_KDMC - CMS/input_txtmrp'

2018-05-09 15:41:42 - [TEST_STEP][PASSED] - Statement - switch (id): Finding Test Object with id 'Object Repository/MOH AND GRN/Page_KDMC - CMS/input_txtdeal'

2018-05-09 15:41:42 - [TEST_STEP][PASSED] - Statement - case 4:: Text '16.0' is set on object 'Object Repository/MOH AND GRN/Page_KDMC - CMS/input_txtmrp'

2018-05-09 15:41:42 - [TEST_STEP][PASSED] - Statement - return (java.lang.Math.floor((java.lang.Math.random() * ((max - min) + 1))) + min): Text '16.0' is set on object 'Object Repository/MOH AND GRN/Page_KDMC - CMS/input_txtmrp'

2018-05-09 15:41:42 - [MESSAGE][PASSED] - Text '16.0' is set on object 'Object Repository/MOH AND GRN/Page_KDMC - CMS/input_txtmrp'

2018-05-09 15:41:42 - [TEST_STEP][PASSED] - setText: Finding Test Object with id 'Object Repository/MOH AND GRN/Page_KDMC - CMS/input_txtdeal'

2018-05-09 15:41:42 - [TEST_STEP][PASSED] - Statement - switch (id): Finding Test Object with id 'Object Repository/MOH AND GRN/Page_KDMC - CMS/input_txtbatchno'

2018-05-09 15:41:42 - [TEST_STEP][PASSED] - Statement - case 5:: Text '11.0' is set on object 'Object Repository/MOH AND GRN/Page_KDMC - CMS/input_txtdeal'

2018-05-09 15:41:42 - [TEST_STEP][PASSED] - Statement - return (java.lang.Math.floor((java.lang.Math.random() * ((max - min) + 1))) + min): Text '11.0' is set on object 'Object Repository/MOH AND GRN/Page_KDMC - CMS/input_txtdeal'

2018-05-09 15:41:42 - [MESSAGE][PASSED] - Text '11.0' is set on object 'Object Repository/MOH AND GRN/Page_KDMC - CMS/input_txtdeal'

2018-05-09 15:41:42 - [TEST_STEP][PASSED] - setText: Finding Test Object with id 'Object Repository/MOH AND GRN/Page_KDMC - CMS/input_txtbatchno'

2018-05-09 15:41:42 - [TEST_STEP][PASSED] - Statement - switch (id): Finding Test Object with id 'Object Repository/MOH AND GRN/Page_KDMC - CMS/input_txtmrp'

2018-05-09 15:41:42 - [TEST_STEP][PASSED] - Statement - case 1:: Text 'BA921.0' is set on object 'Object Repository/MOH AND GRN/Page_KDMC - CMS/input_txtbatchno'

2018-05-09 15:41:42 - [TEST_STEP][PASSED] - Statement - return (java.lang.Math.floor((java.lang.Math.random() * ((max - min) + 1))) + min): Text 'BA921.0' is set on object 'Object Repository/MOH AND GRN/Page_KDMC - CMS/input_txtbatchno'

2018-05-09 15:41:42 - [MESSAGE][PASSED] - Text 'BA921.0' is set on object 'Object Repository/MOH AND GRN/Page_KDMC - CMS/input_txtbatchno'

2018-05-09 15:41:42 - [TEST_STEP][PASSED] - rightClick: Object: 'Object Repository/GRN/Page_KDMC - CMS/input_txtexpdate' is right clicked on

2018-05-09 15:41:43 - [MESSAGE][PASSED] - Object: 'Object Repository/GRN/Page_KDMC - CMS/input_txtexpdate' is right clicked on

2018-05-09 15:41:43 - [TEST_STEP][PASSED] - selectOptionByIndex: All options with index in [9] are selected on object 'Object Repository/GRN/Page_KDMC - CMS/select_20182019202020212022202'

2018-05-09 15:41:43 - [MESSAGE][PASSED] - All options with index in [9] are selected on object 'Object Repository/GRN/Page_KDMC - CMS/select_20182019202020212022202'

2018-05-09 15:41:43 - [TEST_STEP][PASSED] - selectOptionByIndex: All options with index in [9] are selected on object 'Object Repository/GRN/Page_KDMC - CMS/select_JanFebMarAprMayJunJulAu'

2018-05-09 15:41:43 - [MESSAGE][PASSED] - All options with index in [9] are selected on object 'Object Repository/GRN/Page_KDMC - CMS/select_JanFebMarAprMayJunJulAu'

2018-05-09 15:41:43 - [TEST_STEP][PASSED] - click: Object: 'Object Repository/MOH AND GRN/Page_KDMC - CMS/a_12' is clicked on

2018-05-09 15:41:43 - [MESSAGE][PASSED] - Object: 'Object Repository/MOH AND GRN/Page_KDMC - CMS/a_12' is clicked on

2018-05-09 15:41:43 - [TEST_STEP][PASSED] - click: Object: 'Object Repository/MOH AND GRN/Page_KDMC - CMS/input_btnadd' is clicked on

2018-05-09 15:41:43 - [MESSAGE][PASSED] - Object: 'Object Repository/MOH AND GRN/Page_KDMC - CMS/input_btnadd' is clicked on

2018-05-09 15:41:43 - [TEST_STEP][PASSED] - Statement - If (s == 10): null

2018-05-09 15:41:43 - [TEST_STEP][PASSED] - Statement - Else: null

2018-05-09 15:41:43 - [TEST_STEP][PASSED] - Statement - (s++): null

2018-05-09 15:41:43 - [TEST_STEP][PASSED] - delay: Delayed 1 second(s)

2018-05-09 15:41:44 - [MESSAGE][PASSED] - Delayed 1 second(s)

2018-05-09 15:41:44 - [TEST_STEP][PASSED] - selectOptionByIndex: All options with index in [10] are selected on object 'Object Repository/MOH AND GRN/Page_KDMC - CMS/select_--Select--Amikacin -500'

2018-05-09 15:41:44 - [MESSAGE][PASSED] - All options with index in [10] are selected on object 'Object Repository/MOH AND GRN/Page_KDMC - CMS/select_--Select--Amikacin -500'

2018-05-09 15:41:44 - [TEST_STEP][PASSED] - setText: Text '5000' is set on object 'Object Repository/MOH AND GRN/Page_KDMC - CMS/input_txtqty'

2018-05-09 15:41:44 - [MESSAGE][PASSED] - Text '5000' is set on object 'Object Repository/MOH AND GRN/Page_KDMC - CMS/input_txtqty'

2018-05-09 15:41:44 - [TEST_STEP][PASSED] - selectOptionByIndex: All options with index in [1] are selected on object 'Object Repository/MOH AND GRN/Page_KDMC - CMS/select_--Select--No Tax0'

2018-05-09 15:41:45 - [MESSAGE][PASSED] - All options with index in [1] are selected on object 'Object Repository/MOH AND GRN/Page_KDMC - CMS/select_--Select--No Tax0'

2018-05-09 15:41:45 - [TEST_STEP][PASSED] - setText: Finding Test Object with id 'Object Repository/MOH AND GRN/Page_KDMC - CMS/input_txtmrp'

2018-05-09 15:41:45 - [TEST_STEP][PASSED] - Statement - switch (id): Finding Test Object with id 'Object Repository/MOH AND GRN/Page_KDMC - CMS/input_txtdeal'

2018-05-09 15:41:45 - [TEST_STEP][PASSED] - Statement - case 4:: Text '35.0' is set on object 'Object Repository/MOH AND GRN/Page_KDMC - CMS/input_txtmrp'

2018-05-09 15:41:45 - [TEST_STEP][PASSED] - Statement - return (java.lang.Math.floor((java.lang.Math.random() * ((max - min) + 1))) + min): Text '35.0' is set on object 'Object Repository/MOH AND GRN/Page_KDMC - CMS/input_txtmrp'

2018-05-09 15:41:45 - [MESSAGE][PASSED] - Text '35.0' is set on object 'Object Repository/MOH AND GRN/Page_KDMC - CMS/input_txtmrp'

2018-05-09 15:41:45 - [TEST_STEP][PASSED] - setText: Finding Test Object with id 'Object Repository/MOH AND GRN/Page_KDMC - CMS/input_txtdeal'

2018-05-09 15:41:45 - [TEST_STEP][PASSED] - Statement - switch (id): Finding Test Object with id 'Object Repository/MOH AND GRN/Page_KDMC - CMS/input_txtbatchno'

2018-05-09 15:41:45 - [TEST_STEP][PASSED] - Statement - case 5:: Text '11.0' is set on object 'Object Repository/MOH AND GRN/Page_KDMC - CMS/input_txtdeal'

2018-05-09 15:41:45 - [TEST_STEP][PASSED] - Statement - return (java.lang.Math.floor((java.lang.Math.random() * ((max - min) + 1))) + min): Text '11.0' is set on object 'Object Repository/MOH AND GRN/Page_KDMC - CMS/input_txtdeal'

2018-05-09 15:41:45 - [MESSAGE][PASSED] - Text '11.0' is set on object 'Object Repository/MOH AND GRN/Page_KDMC - CMS/input_txtdeal'

2018-05-09 15:41:45 - [TEST_STEP][PASSED] - setText: Finding Test Object with id 'Object Repository/MOH AND GRN/Page_KDMC - CMS/input_txtbatchno'

2018-05-09 15:41:45 - [TEST_STEP][PASSED] - Statement - switch (id): Finding Test Object with id 'Object Repository/MOH AND GRN/Page_KDMC - CMS/input_txtmrp'

2018-05-09 15:41:45 - [TEST_STEP][PASSED] - Statement - case 1:: Text 'BA45.0' is set on object 'Object Repository/MOH AND GRN/Page_KDMC - CMS/input_txtbatchno'

2018-05-09 15:41:45 - [TEST_STEP][PASSED] - Statement - return (java.lang.Math.floor((java.lang.Math.random() * ((max - min) + 1))) + min): Text 'BA45.0' is set on object 'Object Repository/MOH AND GRN/Page_KDMC - CMS/input_txtbatchno'

2018-05-09 15:41:45 - [MESSAGE][PASSED] - Text 'BA45.0' is set on object 'Object Repository/MOH AND GRN/Page_KDMC - CMS/input_txtbatchno'

2018-05-09 15:41:45 - [TEST_STEP][PASSED] - rightClick: Object: 'Object Repository/GRN/Page_KDMC - CMS/input_txtexpdate' is right clicked on

2018-05-09 15:41:45 - [MESSAGE][PASSED] - Object: 'Object Repository/GRN/Page_KDMC - CMS/input_txtexpdate' is right clicked on

2018-05-09 15:41:45 - [TEST_STEP][PASSED] - selectOptionByIndex: All options with index in [10] are selected on object 'Object Repository/GRN/Page_KDMC - CMS/select_20182019202020212022202'

2018-05-09 15:41:45 - [MESSAGE][PASSED] - All options with index in [10] are selected on object 'Object Repository/GRN/Page_KDMC - CMS/select_20182019202020212022202'

2018-05-09 15:41:45 - [TEST_STEP][PASSED] - selectOptionByIndex: All options with index in [10] are selected on object 'Object Repository/GRN/Page_KDMC - CMS/select_JanFebMarAprMayJunJulAu'

2018-05-09 15:41:46 - [MESSAGE][PASSED] - All options with index in [10] are selected on object 'Object Repository/GRN/Page_KDMC - CMS/select_JanFebMarAprMayJunJulAu'

2018-05-09 15:41:46 - [TEST_STEP][PASSED] - click: Object: 'Object Repository/MOH AND GRN/Page_KDMC - CMS/a_12' is clicked on

2018-05-09 15:41:46 - [MESSAGE][PASSED] - Object: 'Object Repository/MOH AND GRN/Page_KDMC - CMS/a_12' is clicked on

2018-05-09 15:41:46 - [TEST_STEP][PASSED] - click: Object: 'Object Repository/MOH AND GRN/Page_KDMC - CMS/input_btnadd' is clicked on

2018-05-09 15:41:46 - [MESSAGE][PASSED] - Object: 'Object Repository/MOH AND GRN/Page_KDMC - CMS/input_btnadd' is clicked on

2018-05-09 15:41:46 - [TEST_STEP][PASSED] - Statement - If (s == 10): null

2018-05-09 15:41:46 - [TEST_STEP][PASSED] - Statement - s = 1: null

2018-05-09 15:41:46 - [TEST_STEP][PASSED] - delay: Delayed 1 second(s)

2018-05-09 15:41:47 - [MESSAGE][PASSED] - Delayed 1 second(s)

2018-05-09 15:41:47 - [TEST_STEP][PASSED] - selectOptionByIndex: All options with index in [11] are selected on object 'Object Repository/MOH AND GRN/Page_KDMC - CMS/select_--Select--Amikacin -500'

2018-05-09 15:41:47 - [MESSAGE][PASSED] - All options with index in [11] are selected on object 'Object Repository/MOH AND GRN/Page_KDMC - CMS/select_--Select--Amikacin -500'

2018-05-09 15:41:47 - [TEST_STEP][PASSED] - setText: Text '5000' is set on object 'Object Repository/MOH AND GRN/Page_KDMC - CMS/input_txtqty'

2018-05-09 15:41:47 - [MESSAGE][PASSED] - Text '5000' is set on object 'Object Repository/MOH AND GRN/Page_KDMC - CMS/input_txtqty'

2018-05-09 15:41:47 - [TEST_STEP][PASSED] - selectOptionByIndex: All options with index in [1] are selected on object 'Object Repository/MOH AND GRN/Page_KDMC - CMS/select_--Select--No Tax0'

2018-05-09 15:41:47 - [MESSAGE][PASSED] - All options with index in [1] are selected on object 'Object Repository/MOH AND GRN/Page_KDMC - CMS/select_--Select--No Tax0'

2018-05-09 15:41:47 - [TEST_STEP][PASSED] - setText: Finding Test Object with id 'Object Repository/MOH AND GRN/Page_KDMC - CMS/input_txtmrp'

2018-05-09 15:41:47 - [TEST_STEP][PASSED] - Statement - switch (id): Finding Test Object with id 'Object Repository/MOH AND GRN/Page_KDMC - CMS/input_txtdeal'

2018-05-09 15:41:47 - [TEST_STEP][PASSED] - Statement - case 4:: Text '15.0' is set on object 'Object Repository/MOH AND GRN/Page_KDMC - CMS/input_txtmrp'

2018-05-09 15:41:47 - [TEST_STEP][PASSED] - Statement - return (java.lang.Math.floor((java.lang.Math.random() * ((max - min) + 1))) + min): Text '15.0' is set on object 'Object Repository/MOH AND GRN/Page_KDMC - CMS/input_txtmrp'

2018-05-09 15:41:47 - [MESSAGE][PASSED] - Text '15.0' is set on object 'Object Repository/MOH AND GRN/Page_KDMC - CMS/input_txtmrp'

2018-05-09 15:41:47 - [TEST_STEP][PASSED] - setText: Finding Test Object with id 'Object Repository/MOH AND GRN/Page_KDMC - CMS/input_txtdeal'

2018-05-09 15:41:47 - [TEST_STEP][PASSED] - Statement - switch (id): Finding Test Object with id 'Object Repository/MOH AND GRN/Page_KDMC - CMS/input_txtbatchno'

2018-05-09 15:41:47 - [TEST_STEP][PASSED] - Statement - case 5:: Text '2.0' is set on object 'Object Repository/MOH AND GRN/Page_KDMC - CMS/input_txtdeal'

2018-05-09 15:41:47 - [TEST_STEP][PASSED] - Statement - return (java.lang.Math.floor((java.lang.Math.random() * ((max - min) + 1))) + min): Text '2.0' is set on object 'Object Repository/MOH AND GRN/Page_KDMC - CMS/input_txtdeal'

2018-05-09 15:41:47 - [MESSAGE][PASSED] - Text '2.0' is set on object 'Object Repository/MOH AND GRN/Page_KDMC - CMS/input_txtdeal'

2018-05-09 15:41:47 - [TEST_STEP][PASSED] - setText: Finding Test Object with id 'Object Repository/MOH AND GRN/Page_KDMC - CMS/input_txtbatchno'

2018-05-09 15:41:47 - [TEST_STEP][PASSED] - Statement - switch (id): Finding Test Object with id 'Object Repository/MOH AND GRN/Page_KDMC - CMS/input_txtmrp'

2018-05-09 15:41:47 - [TEST_STEP][PASSED] - Statement - case 1:: Text 'BA841.0' is set on object 'Object Repository/MOH AND GRN/Page_KDMC - CMS/input_txtbatchno'

2018-05-09 15:41:47 - [TEST_STEP][PASSED] - Statement - return (java.lang.Math.floor((java.lang.Math.random() * ((max - min) + 1))) + min): Text 'BA841.0' is set on object 'Object Repository/MOH AND GRN/Page_KDMC - CMS/input_txtbatchno'

2018-05-09 15:41:48 - [MESSAGE][PASSED] - Text 'BA841.0' is set on object 'Object Repository/MOH AND GRN/Page_KDMC - CMS/input_txtbatchno'

2018-05-09 15:41:48 - [TEST_STEP][PASSED] - rightClick: Object: 'Object Repository/GRN/Page_KDMC - CMS/input_txtexpdate' is right clicked on

2018-05-09 15:41:48 - [MESSAGE][PASSED] - Object: 'Object Repository/GRN/Page_KDMC - CMS/input_txtexpdate' is right clicked on

2018-05-09 15:41:48 - [TEST_STEP][PASSED] - selectOptionByIndex: All options with index in [1] are selected on object 'Object Repository/GRN/Page_KDMC - CMS/select_20182019202020212022202'

2018-05-09 15:41:48 - [MESSAGE][PASSED] - All options with index in [1] are selected on object 'Object Repository/GRN/Page_KDMC - CMS/select_20182019202020212022202'

2018-05-09 15:41:48 - [TEST_STEP][PASSED] - selectOptionByIndex: All options with index in [1] are selected on object 'Object Repository/GRN/Page_KDMC - CMS/select_JanFebMarAprMayJunJulAu'

2018-05-09 15:41:48 - [MESSAGE][PASSED] - All options with index in [1] are selected on object 'Object Repository/GRN/Page_KDMC - CMS/select_JanFebMarAprMayJunJulAu'

2018-05-09 15:41:48 - [TEST_STEP][PASSED] - click: Object: 'Object Repository/MOH AND GRN/Page_KDMC - CMS/a_12' is clicked on

2018-05-09 15:41:48 - [MESSAGE][PASSED] - Object: 'Object Repository/MOH AND GRN/Page_KDMC - CMS/a_12' is clicked on

2018-05-09 15:41:48 - [TEST_STEP][PASSED] - click: Object: 'Object Repository/MOH AND GRN/Page_KDMC - CMS/input_btnadd' is clicked on

2018-05-09 15:41:48 - [MESSAGE][PASSED] - Object: 'Object Repository/MOH AND GRN/Page_KDMC - CMS/input_btnadd' is clicked on

2018-05-09 15:41:48 - [TEST_STEP][PASSED] - Statement - If (s == 10): null

2018-05-09 15:41:48 - [TEST_STEP][PASSED] - Statement - Else: null

2018-05-09 15:41:48 - [TEST_STEP][PASSED] - Statement - (s++): null

2018-05-09 15:41:48 - [TEST_STEP][PASSED] - delay: Delayed 1 second(s)

2018-05-09 15:41:49 - [MESSAGE][PASSED] - Delayed 1 second(s)

2018-05-09 15:41:49 - [TEST_STEP][PASSED] - selectOptionByIndex: All options with index in [12] are selected on object 'Object Repository/MOH AND GRN/Page_KDMC - CMS/select_--Select--Amikacin -500'

2018-05-09 15:41:49 - [MESSAGE][PASSED] - All options with index in [12] are selected on object 'Object Repository/MOH AND GRN/Page_KDMC - CMS/select_--Select--Amikacin -500'

2018-05-09 15:41:49 - [TEST_STEP][PASSED] - setText: Text '5000' is set on object 'Object Repository/MOH AND GRN/Page_KDMC - CMS/input_txtqty'

2018-05-09 15:41:49 - [MESSAGE][PASSED] - Text '5000' is set on object 'Object Repository/MOH AND GRN/Page_KDMC - CMS/input_txtqty'

2018-05-09 15:41:49 - [TEST_STEP][PASSED] - selectOptionByIndex: All options with index in [1] are selected on object 'Object Repository/MOH AND GRN/Page_KDMC - CMS/select_--Select--No Tax0'

2018-05-09 15:41:50 - [MESSAGE][PASSED] - All options with index in [1] are selected on object 'Object Repository/MOH AND GRN/Page_KDMC - CMS/select_--Select--No Tax0'

2018-05-09 15:41:50 - [TEST_STEP][PASSED] - setText: Finding Test Object with id 'Object Repository/MOH AND GRN/Page_KDMC - CMS/input_txtmrp'

2018-05-09 15:41:50 - [TEST_STEP][PASSED] - Statement - switch (id): Finding Test Object with id 'Object Repository/MOH AND GRN/Page_KDMC - CMS/input_txtdeal'

2018-05-09 15:41:50 - [TEST_STEP][PASSED] - Statement - case 4:: Text '16.0' is set on object 'Object Repository/MOH AND GRN/Page_KDMC - CMS/input_txtmrp'

2018-05-09 15:41:50 - [TEST_STEP][PASSED] - Statement - return (java.lang.Math.floor((java.lang.Math.random() * ((max - min) + 1))) + min): Text '16.0' is set on object 'Object Repository/MOH AND GRN/Page_KDMC - CMS/input_txtmrp'

2018-05-09 15:41:50 - [MESSAGE][PASSED] - Text '16.0' is set on object 'Object Repository/MOH AND GRN/Page_KDMC - CMS/input_txtmrp'

2018-05-09 15:41:50 - [TEST_STEP][PASSED] - setText: Finding Test Object with id 'Object Repository/MOH AND GRN/Page_KDMC - CMS/input_txtdeal'

2018-05-09 15:41:50 - [TEST_STEP][PASSED] - Statement - switch (id): Finding Test Object with id 'Object Repository/MOH AND GRN/Page_KDMC - CMS/input_txtbatchno'

2018-05-09 15:41:50 - [TEST_STEP][PASSED] - Statement - case 5:: Text '12.0' is set on object 'Object Repository/MOH AND GRN/Page_KDMC - CMS/input_txtdeal'

2018-05-09 15:41:50 - [TEST_STEP][PASSED] - Statement - return (java.lang.Math.floor((java.lang.Math.random() * ((max - min) + 1))) + min): Text '12.0' is set on object 'Object Repository/MOH AND GRN/Page_KDMC - CMS/input_txtdeal'

2018-05-09 15:41:50 - [MESSAGE][PASSED] - Text '12.0' is set on object 'Object Repository/MOH AND GRN/Page_KDMC - CMS/input_txtdeal'

2018-05-09 15:41:50 - [TEST_STEP][PASSED] - setText: Finding Test Object with id 'Object Repository/MOH AND GRN/Page_KDMC - CMS/input_txtbatchno'

2018-05-09 15:41:50 - [TEST_STEP][PASSED] - Statement - switch (id): Finding Test Object with id 'Object Repository/MOH AND GRN/Page_KDMC - CMS/input_txtmrp'

2018-05-09 15:41:50 - [TEST_STEP][PASSED] - Statement - case 1:: Text 'BA967.0' is set on object 'Object Repository/MOH AND GRN/Page_KDMC - CMS/input_txtbatchno'

2018-05-09 15:41:50 - [TEST_STEP][PASSED] - Statement - return (java.lang.Math.floor((java.lang.Math.random() * ((max - min) + 1))) + min): Text 'BA967.0' is set on object 'Object Repository/MOH AND GRN/Page_KDMC - CMS/input_txtbatchno'

2018-05-09 15:41:50 - [MESSAGE][PASSED] - Text 'BA967.0' is set on object 'Object Repository/MOH AND GRN/Page_KDMC - CMS/input_txtbatchno'

2018-05-09 15:41:50 - [TEST_STEP][PASSED] - rightClick: Object: 'Object Repository/GRN/Page_KDMC - CMS/input_txtexpdate' is right clicked on

2018-05-09 15:41:50 - [MESSAGE][PASSED] - Object: 'Object Repository/GRN/Page_KDMC - CMS/input_txtexpdate' is right clicked on

2018-05-09 15:41:50 - [TEST_STEP][PASSED] - selectOptionByIndex: All options with index in [2] are selected on object 'Object Repository/GRN/Page_KDMC - CMS/select_20182019202020212022202'

2018-05-09 15:41:50 - [MESSAGE][PASSED] - All options with index in [2] are selected on object 'Object Repository/GRN/Page_KDMC - CMS/select_20182019202020212022202'

2018-05-09 15:41:50 - [TEST_STEP][PASSED] - selectOptionByIndex: All options with index in [2] are selected on object 'Object Repository/GRN/Page_KDMC - CMS/select_JanFebMarAprMayJunJulAu'

2018-05-09 15:41:50 - [MESSAGE][PASSED] - All options with index in [2] are selected on object 'Object Repository/GRN/Page_KDMC - CMS/select_JanFebMarAprMayJunJulAu'

2018-05-09 15:41:50 - [TEST_STEP][PASSED] - click: Object: 'Object Repository/MOH AND GRN/Page_KDMC - CMS/a_12' is clicked on

2018-05-09 15:41:50 - [MESSAGE][PASSED] - Object: 'Object Repository/MOH AND GRN/Page_KDMC - CMS/a_12' is clicked on

2018-05-09 15:41:50 - [TEST_STEP][PASSED] - click: Object: 'Object Repository/MOH AND GRN/Page_KDMC - CMS/input_btnadd' is clicked on

2018-05-09 15:41:50 - [MESSAGE][PASSED] - Object: 'Object Repository/MOH AND GRN/Page_KDMC - CMS/input_btnadd' is clicked on

2018-05-09 15:41:50 - [TEST_STEP][PASSED] - Statement - If (s == 10): null

2018-05-09 15:41:50 - [TEST_STEP][PASSED] - Statement - Else: null

2018-05-09 15:41:50 - [TEST_STEP][PASSED] - Statement - (s++): null

2018-05-09 15:41:50 - [TEST_STEP][PASSED] - delay: Delayed 1 second(s)

2018-05-09 15:41:51 - [MESSAGE][PASSED] - Delayed 1 second(s)

2018-05-09 15:41:51 - [TEST_STEP][PASSED] - selectOptionByIndex: All options with index in [13] are selected on object 'Object Repository/MOH AND GRN/Page_KDMC - CMS/select_--Select--Amikacin -500'

2018-05-09 15:41:52 - [MESSAGE][PASSED] - All options with index in [13] are selected on object 'Object Repository/MOH AND GRN/Page_KDMC - CMS/select_--Select--Amikacin -500'

2018-05-09 15:41:52 - [TEST_STEP][PASSED] - setText: Text '5000' is set on object 'Object Repository/MOH AND GRN/Page_KDMC - CMS/input_txtqty'

2018-05-09 15:41:52 - [MESSAGE][PASSED] - Text '5000' is set on object 'Object Repository/MOH AND GRN/Page_KDMC - CMS/input_txtqty'

2018-05-09 15:41:52 - [TEST_STEP][PASSED] - selectOptionByIndex: All options with index in [1] are selected on object 'Object Repository/MOH AND GRN/Page_KDMC - CMS/select_--Select--No Tax0'

2018-05-09 15:41:52 - [MESSAGE][PASSED] - All options with index in [1] are selected on object 'Object Repository/MOH AND GRN/Page_KDMC - CMS/select_--Select--No Tax0'

2018-05-09 15:41:52 - [TEST_STEP][PASSED] - setText: Finding Test Object with id 'Object Repository/MOH AND GRN/Page_KDMC - CMS/input_txtmrp'

2018-05-09 15:41:52 - [TEST_STEP][PASSED] - Statement - switch (id): Finding Test Object with id 'Object Repository/MOH AND GRN/Page_KDMC - CMS/input_txtdeal'

2018-05-09 15:41:52 - [TEST_STEP][PASSED] - Statement - case 4:: Text '16.0' is set on object 'Object Repository/MOH AND GRN/Page_KDMC - CMS/input_txtmrp'

2018-05-09 15:41:52 - [TEST_STEP][PASSED] - Statement - return (java.lang.Math.floor((java.lang.Math.random() * ((max - min) + 1))) + min): Text '16.0' is set on object 'Object Repository/MOH AND GRN/Page_KDMC - CMS/input_txtmrp'

2018-05-09 15:41:52 - [MESSAGE][PASSED] - Text '16.0' is set on object 'Object Repository/MOH AND GRN/Page_KDMC - CMS/input_txtmrp'

2018-05-09 15:41:52 - [TEST_STEP][PASSED] - setText: Finding Test Object with id 'Object Repository/MOH AND GRN/Page_KDMC - CMS/input_txtdeal'

2018-05-09 15:41:52 - [TEST_STEP][PASSED] - Statement - switch (id): Finding Test Object with id 'Object Repository/MOH AND GRN/Page_KDMC - CMS/input_txtbatchno'

2018-05-09 15:41:52 - [TEST_STEP][PASSED] - Statement - case 5:: Text '8.0' is set on object 'Object Repository/MOH AND GRN/Page_KDMC - CMS/input_txtdeal'

2018-05-09 15:41:52 - [TEST_STEP][PASSED] - Statement - return (java.lang.Math.floor((java.lang.Math.random() * ((max - min) + 1))) + min): Text '8.0' is set on object 'Object Repository/MOH AND GRN/Page_KDMC - CMS/input_txtdeal'

2018-05-09 15:41:52 - [MESSAGE][PASSED] - Text '8.0' is set on object 'Object Repository/MOH AND GRN/Page_KDMC - CMS/input_txtdeal'

2018-05-09 15:41:52 - [TEST_STEP][PASSED] - setText: Finding Test Object with id 'Object Repository/MOH AND GRN/Page_KDMC - CMS/input_txtbatchno'

2018-05-09 15:41:52 - [TEST_STEP][PASSED] - Statement - switch (id): Finding Test Object with id 'Object Repository/MOH AND GRN/Page_KDMC - CMS/input_txtmrp'

2018-05-09 15:41:52 - [TEST_STEP][PASSED] - Statement - case 1:: Text 'BA277.0' is set on object 'Object Repository/MOH AND GRN/Page_KDMC - CMS/input_txtbatchno'

2018-05-09 15:41:52 - [TEST_STEP][PASSED] - Statement - return (java.lang.Math.floor((java.lang.Math.random() * ((max - min) + 1))) + min): Text 'BA277.0' is set on object 'Object Repository/MOH AND GRN/Page_KDMC - CMS/input_txtbatchno'

2018-05-09 15:41:52 - [MESSAGE][PASSED] - Text 'BA277.0' is set on object 'Object Repository/MOH AND GRN/Page_KDMC - CMS/input_txtbatchno'

2018-05-09 15:41:52 - [TEST_STEP][PASSED] - rightClick: Object: 'Object Repository/GRN/Page_KDMC - CMS/input_txtexpdate' is right clicked on

2018-05-09 15:41:52 - [MESSAGE][PASSED] - Object: 'Object Repository/GRN/Page_KDMC - CMS/input_txtexpdate' is right clicked on

2018-05-09 15:41:52 - [TEST_STEP][PASSED] - selectOptionByIndex: All options with index in [3] are selected on object 'Object Repository/GRN/Page_KDMC - CMS/select_20182019202020212022202'

2018-05-09 15:41:53 - [MESSAGE][PASSED] - All options with index in [3] are selected on object 'Object Repository/GRN/Page_KDMC - CMS/select_20182019202020212022202'

2018-05-09 15:41:53 - [TEST_STEP][PASSED] - selectOptionByIndex: All options with index in [3] are selected on object 'Object Repository/GRN/Page_KDMC - CMS/select_JanFebMarAprMayJunJulAu'

2018-05-09 15:41:53 - [MESSAGE][PASSED] - All options with index in [3] are selected on object 'Object Repository/GRN/Page_KDMC - CMS/select_JanFebMarAprMayJunJulAu'

2018-05-09 15:41:53 - [TEST_STEP][PASSED] - click: Object: 'Object Repository/MOH AND GRN/Page_KDMC - CMS/a_12' is clicked on

2018-05-09 15:41:53 - [MESSAGE][PASSED] - Object: 'Object Repository/MOH AND GRN/Page_KDMC - CMS/a_12' is clicked on

2018-05-09 15:41:53 - [TEST_STEP][PASSED] - click: Object: 'Object Repository/MOH AND GRN/Page_KDMC - CMS/input_btnadd' is clicked on

2018-05-09 15:41:53 - [MESSAGE][PASSED] - Object: 'Object Repository/MOH AND GRN/Page_KDMC - CMS/input_btnadd' is clicked on

2018-05-09 15:41:53 - [TEST_STEP][PASSED] - Statement - If (s == 10): null

2018-05-09 15:41:53 - [TEST_STEP][PASSED] - Statement - Else: null

2018-05-09 15:41:53 - [TEST_STEP][PASSED] - Statement - (s++): null

2018-05-09 15:41:53 - [TEST_STEP][PASSED] - delay: Delayed 1 second(s)

2018-05-09 15:41:54 - [MESSAGE][PASSED] - Delayed 1 second(s)

2018-05-09 15:41:54 - [TEST_STEP][PASSED] - selectOptionByIndex: All options with index in [14] are selected on object 'Object Repository/MOH AND GRN/Page_KDMC - CMS/select_--Select--Amikacin -500'

2018-05-09 15:41:54 - [MESSAGE][PASSED] - All options with index in [14] are selected on object 'Object Repository/MOH AND GRN/Page_KDMC - CMS/select_--Select--Amikacin -500'

2018-05-09 15:41:54 - [TEST_STEP][PASSED] - setText: Text '5000' is set on object 'Object Repository/MOH AND GRN/Page_KDMC - CMS/input_txtqty'

2018-05-09 15:41:54 - [MESSAGE][PASSED] - Text '5000' is set on object 'Object Repository/MOH AND GRN/Page_KDMC - CMS/input_txtqty'

2018-05-09 15:41:54 - [TEST_STEP][PASSED] - selectOptionByIndex: All options with index in [1] are selected on object 'Object Repository/MOH AND GRN/Page_KDMC - CMS/select_--Select--No Tax0'

2018-05-09 15:41:54 - [MESSAGE][PASSED] - All options with index in [1] are selected on object 'Object Repository/MOH AND GRN/Page_KDMC - CMS/select_--Select--No Tax0'

2018-05-09 15:41:54 - [TEST_STEP][PASSED] - setText: Finding Test Object with id 'Object Repository/MOH AND GRN/Page_KDMC - CMS/input_txtmrp'

2018-05-09 15:41:54 - [TEST_STEP][PASSED] - Statement - switch (id): Finding Test Object with id 'Object Repository/MOH AND GRN/Page_KDMC - CMS/input_txtdeal'

2018-05-09 15:41:54 - [TEST_STEP][PASSED] - Statement - case 4:: Text '42.0' is set on object 'Object Repository/MOH AND GRN/Page_KDMC - CMS/input_txtmrp'

2018-05-09 15:41:54 - [TEST_STEP][PASSED] - Statement - return (java.lang.Math.floor((java.lang.Math.random() * ((max - min) + 1))) + min): Text '42.0' is set on object 'Object Repository/MOH AND GRN/Page_KDMC - CMS/input_txtmrp'

2018-05-09 15:41:54 - [MESSAGE][PASSED] - Text '42.0' is set on object 'Object Repository/MOH AND GRN/Page_KDMC - CMS/input_txtmrp'

2018-05-09 15:41:55 - [TEST_STEP][PASSED] - setText: Finding Test Object with id 'Object Repository/MOH AND GRN/Page_KDMC - CMS/input_txtdeal'

2018-05-09 15:41:55 - [TEST_STEP][PASSED] - Statement - switch (id): Finding Test Object with id 'Object Repository/MOH AND GRN/Page_KDMC - CMS/input_txtbatchno'

2018-05-09 15:41:55 - [TEST_STEP][PASSED] - Statement - case 5:: Text '12.0' is set on object 'Object Repository/MOH AND GRN/Page_KDMC - CMS/input_txtdeal'

2018-05-09 15:41:55 - [TEST_STEP][PASSED] - Statement - return (java.lang.Math.floor((java.lang.Math.random() * ((max - min) + 1))) + min): Text '12.0' is set on object 'Object Repository/MOH AND GRN/Page_KDMC - CMS/input_txtdeal'

2018-05-09 15:41:55 - [MESSAGE][PASSED] - Text '12.0' is set on object 'Object Repository/MOH AND GRN/Page_KDMC - CMS/input_txtdeal'

2018-05-09 15:41:55 - [TEST_STEP][PASSED] - setText: Finding Test Object with id 'Object Repository/MOH AND GRN/Page_KDMC - CMS/input_txtbatchno'

2018-05-09 15:41:55 - [TEST_STEP][PASSED] - Statement - switch (id): Finding Test Object with id 'Object Repository/MOH AND GRN/Page_KDMC - CMS/input_txtmrp'

2018-05-09 15:41:55 - [TEST_STEP][PASSED] - Statement - case 1:: Text 'BA285.0' is set on object 'Object Repository/MOH AND GRN/Page_KDMC - CMS/input_txtbatchno'

2018-05-09 15:41:55 - [TEST_STEP][PASSED] - Statement - return (java.lang.Math.floor((java.lang.Math.random() * ((max - min) + 1))) + min): Text 'BA285.0' is set on object 'Object Repository/MOH AND GRN/Page_KDMC - CMS/input_txtbatchno'

2018-05-09 15:41:55 - [MESSAGE][PASSED] - Text 'BA285.0' is set on object 'Object Repository/MOH AND GRN/Page_KDMC - CMS/input_txtbatchno'

2018-05-09 15:41:55 - [TEST_STEP][PASSED] - rightClick: Object: 'Object Repository/GRN/Page_KDMC - CMS/input_txtexpdate' is right clicked on

2018-05-09 15:41:55 - [MESSAGE][PASSED] - Object: 'Object Repository/GRN/Page_KDMC - CMS/input_txtexpdate' is right clicked on

2018-05-09 15:41:55 - [TEST_STEP][PASSED] - selectOptionByIndex: All options with index in [4] are selected on object 'Object Repository/GRN/Page_KDMC - CMS/select_20182019202020212022202'

2018-05-09 15:41:55 - [MESSAGE][PASSED] - All options with index in [4] are selected on object 'Object Repository/GRN/Page_KDMC - CMS/select_20182019202020212022202'

2018-05-09 15:41:55 - [TEST_STEP][PASSED] - selectOptionByIndex: All options with index in [4] are selected on object 'Object Repository/GRN/Page_KDMC - CMS/select_JanFebMarAprMayJunJulAu'

2018-05-09 15:41:55 - [MESSAGE][PASSED] - All options with index in [4] are selected on object 'Object Repository/GRN/Page_KDMC - CMS/select_JanFebMarAprMayJunJulAu'

2018-05-09 15:41:55 - [TEST_STEP][PASSED] - click: Object: 'Object Repository/MOH AND GRN/Page_KDMC - CMS/a_12' is clicked on

2018-05-09 15:41:55 - [MESSAGE][PASSED] - Object: 'Object Repository/MOH AND GRN/Page_KDMC - CMS/a_12' is clicked on

2018-05-09 15:41:55 - [TEST_STEP][PASSED] - click: Object: 'Object Repository/MOH AND GRN/Page_KDMC - CMS/input_btnadd' is clicked on

2018-05-09 15:41:55 - [MESSAGE][PASSED] - Object: 'Object Repository/MOH AND GRN/Page_KDMC - CMS/input_btnadd' is clicked on

2018-05-09 15:41:55 - [TEST_STEP][PASSED] - Statement - If (s == 10): null

2018-05-09 15:41:55 - [TEST_STEP][PASSED] - Statement - Else: null

2018-05-09 15:41:55 - [TEST_STEP][PASSED] - Statement - (s++): null

2018-05-09 15:41:55 - [TEST_STEP][PASSED] - delay: Delayed 1 second(s)

2018-05-09 15:41:56 - [MESSAGE][PASSED] - Delayed 1 second(s)

2018-05-09 15:41:56 - [TEST_STEP][PASSED] - selectOptionByIndex: All options with index in [15] are selected on object 'Object Repository/MOH AND GRN/Page_KDMC - CMS/select_--Select--Amikacin -500'

2018-05-09 15:41:57 - [MESSAGE][PASSED] - All options with index in [15] are selected on object 'Object Repository/MOH AND GRN/Page_KDMC - CMS/select_--Select--Amikacin -500'

2018-05-09 15:41:57 - [TEST_STEP][PASSED] - setText: Text '5000' is set on object 'Object Repository/MOH AND GRN/Page_KDMC - CMS/input_txtqty'

2018-05-09 15:41:57 - [MESSAGE][PASSED] - Text '5000' is set on object 'Object Repository/MOH AND GRN/Page_KDMC - CMS/input_txtqty'

2018-05-09 15:41:57 - [TEST_STEP][PASSED] - selectOptionByIndex: All options with index in [1] are selected on object 'Object Repository/MOH AND GRN/Page_KDMC - CMS/select_--Select--No Tax0'

2018-05-09 15:41:57 - [MESSAGE][PASSED] - All options with index in [1] are selected on object 'Object Repository/MOH AND GRN/Page_KDMC - CMS/select_--Select--No Tax0'

2018-05-09 15:41:57 - [TEST_STEP][PASSED] - setText: Finding Test Object with id 'Object Repository/MOH AND GRN/Page_KDMC - CMS/input_txtmrp'

2018-05-09 15:41:57 - [TEST_STEP][PASSED] - Statement - switch (id): Finding Test Object with id 'Object Repository/MOH AND GRN/Page_KDMC - CMS/input_txtdeal'

2018-05-09 15:41:57 - [TEST_STEP][PASSED] - Statement - case 4:: Text '24.0' is set on object 'Object Repository/MOH AND GRN/Page_KDMC - CMS/input_txtmrp'

2018-05-09 15:41:57 - [TEST_STEP][PASSED] - Statement - return (java.lang.Math.floor((java.lang.Math.random() * ((max - min) + 1))) + min): Text '24.0' is set on object 'Object Repository/MOH AND GRN/Page_KDMC - CMS/input_txtmrp'

2018-05-09 15:41:57 - [MESSAGE][PASSED] - Text '24.0' is set on object 'Object Repository/MOH AND GRN/Page_KDMC - CMS/input_txtmrp'

2018-05-09 15:41:57 - [TEST_STEP][PASSED] - setText: Finding Test Object with id 'Object Repository/MOH AND GRN/Page_KDMC - CMS/input_txtdeal'

2018-05-09 15:41:57 - [TEST_STEP][PASSED] - Statement - switch (id): Finding Test Object with id 'Object Repository/MOH AND GRN/Page_KDMC - CMS/input_txtbatchno'

2018-05-09 15:41:57 - [TEST_STEP][PASSED] - Statement - case 5:: Text '6.0' is set on object 'Object Repository/MOH AND GRN/Page_KDMC - CMS/input_txtdeal'

2018-05-09 15:41:57 - [TEST_STEP][PASSED] - Statement - return (java.lang.Math.floor((java.lang.Math.random() * ((max - min) + 1))) + min): Text '6.0' is set on object 'Object Repository/MOH AND GRN/Page_KDMC - CMS/input_txtdeal'

2018-05-09 15:41:57 - [MESSAGE][PASSED] - Text '6.0' is set on object 'Object Repository/MOH AND GRN/Page_KDMC - CMS/input_txtdeal'

2018-05-09 15:41:57 - [TEST_STEP][PASSED] - setText: Finding Test Object with id 'Object Repository/MOH AND GRN/Page_KDMC - CMS/input_txtbatchno'

2018-05-09 15:41:57 - [TEST_STEP][PASSED] - Statement - switch (id): Finding Test Object with id 'Object Repository/MOH AND GRN/Page_KDMC - CMS/input_txtmrp'

2018-05-09 15:41:57 - [TEST_STEP][PASSED] - Statement - case 1:: Text 'BA511.0' is set on object 'Object Repository/MOH AND GRN/Page_KDMC - CMS/input_txtbatchno'

2018-05-09 15:41:57 - [TEST_STEP][PASSED] - Statement - return (java.lang.Math.floor((java.lang.Math.random() * ((max - min) + 1))) + min): Text 'BA511.0' is set on object 'Object Repository/MOH AND GRN/Page_KDMC - CMS/input_txtbatchno'

2018-05-09 15:41:57 - [MESSAGE][PASSED] - Text 'BA511.0' is set on object 'Object Repository/MOH AND GRN/Page_KDMC - CMS/input_txtbatchno'

2018-05-09 15:41:57 - [TEST_STEP][PASSED] - rightClick: Object: 'Object Repository/GRN/Page_KDMC - CMS/input_txtexpdate' is right clicked on

2018-05-09 15:41:57 - [MESSAGE][PASSED] - Object: 'Object Repository/GRN/Page_KDMC - CMS/input_txtexpdate' is right clicked on

2018-05-09 15:41:57 - [TEST_STEP][PASSED] - selectOptionByIndex: All options with index in [5] are selected on object 'Object Repository/GRN/Page_KDMC - CMS/select_20182019202020212022202'

2018-05-09 15:41:57 - [MESSAGE][PASSED] - All options with index in [5] are selected on object 'Object Repository/GRN/Page_KDMC - CMS/select_20182019202020212022202'

2018-05-09 15:41:57 - [TEST_STEP][PASSED] - selectOptionByIndex: All options with index in [5] are selected on object 'Object Repository/GRN/Page_KDMC - CMS/select_JanFebMarAprMayJunJulAu'

2018-05-09 15:41:57 - [MESSAGE][PASSED] - All options with index in [5] are selected on object 'Object Repository/GRN/Page_KDMC - CMS/select_JanFebMarAprMayJunJulAu'

2018-05-09 15:41:57 - [TEST_STEP][PASSED] - click: Object: 'Object Repository/MOH AND GRN/Page_KDMC - CMS/a_12' is clicked on

2018-05-09 15:41:58 - [MESSAGE][PASSED] - Object: 'Object Repository/MOH AND GRN/Page_KDMC - CMS/a_12' is clicked on

2018-05-09 15:41:58 - [TEST_STEP][PASSED] - click: Object: 'Object Repository/MOH AND GRN/Page_KDMC - CMS/input_btnadd' is clicked on

2018-05-09 15:41:58 - [MESSAGE][PASSED] - Object: 'Object Repository/MOH AND GRN/Page_KDMC - CMS/input_btnadd' is clicked on

2018-05-09 15:41:58 - [TEST_STEP][PASSED] - Statement - If (s == 10): null

2018-05-09 15:41:58 - [TEST_STEP][PASSED] - Statement - Else: null

2018-05-09 15:41:58 - [TEST_STEP][PASSED] - Statement - (s++): null

2018-05-09 15:41:58 - [TEST_STEP][PASSED] - delay: Delayed 1 second(s)

2018-05-09 15:41:59 - [MESSAGE][PASSED] - Delayed 1 second(s)

2018-05-09 15:41:59 - [TEST_STEP][PASSED] - selectOptionByIndex: All options with index in [16] are selected on object 'Object Repository/MOH AND GRN/Page_KDMC - CMS/select_--Select--Amikacin -500'

2018-05-09 15:41:59 - [MESSAGE][PASSED] - All options with index in [16] are selected on object 'Object Repository/MOH AND GRN/Page_KDMC - CMS/select_--Select--Amikacin -500'

2018-05-09 15:41:59 - [TEST_STEP][PASSED] - setText: Text '5000' is set on object 'Object Repository/MOH AND GRN/Page_KDMC - CMS/input_txtqty'

2018-05-09 15:41:59 - [MESSAGE][PASSED] - Text '5000' is set on object 'Object Repository/MOH AND GRN/Page_KDMC - CMS/input_txtqty'

2018-05-09 15:41:59 - [TEST_STEP][PASSED] - selectOptionByIndex: All options with index in [1] are selected on object 'Object Repository/MOH AND GRN/Page_KDMC - CMS/select_--Select--No Tax0'

2018-05-09 15:41:59 - [MESSAGE][PASSED] - All options with index in [1] are selected on object 'Object Repository/MOH AND GRN/Page_KDMC - CMS/select_--Select--No Tax0'

2018-05-09 15:41:59 - [TEST_STEP][PASSED] - setText: Finding Test Object with id 'Object Repository/MOH AND GRN/Page_KDMC - CMS/input_txtmrp'

2018-05-09 15:41:59 - [TEST_STEP][PASSED] - Statement - switch (id): Finding Test Object with id 'Object Repository/MOH AND GRN/Page_KDMC - CMS/input_txtdeal'

2018-05-09 15:41:59 - [TEST_STEP][PASSED] - Statement - case 4:: Text '33.0' is set on object 'Object Repository/MOH AND GRN/Page_KDMC - CMS/input_txtmrp'

2018-05-09 15:41:59 - [TEST_STEP][PASSED] - Statement - return (java.lang.Math.floor((java.lang.Math.random() * ((max - min) + 1))) + min): Text '33.0' is set on object 'Object Repository/MOH AND GRN/Page_KDMC - CMS/input_txtmrp'

2018-05-09 15:41:59 - [MESSAGE][PASSED] - Text '33.0' is set on object 'Object Repository/MOH AND GRN/Page_KDMC - CMS/input_txtmrp'

2018-05-09 15:41:59 - [TEST_STEP][PASSED] - setText: Finding Test Object with id 'Object Repository/MOH AND GRN/Page_KDMC - CMS/input_txtdeal'

2018-05-09 15:41:59 - [TEST_STEP][PASSED] - Statement - switch (id): Finding Test Object with id 'Object Repository/MOH AND GRN/Page_KDMC - CMS/input_txtbatchno'

2018-05-09 15:41:59 - [TEST_STEP][PASSED] - Statement - case 5:: Text '2.0' is set on object 'Object Repository/MOH AND GRN/Page_KDMC - CMS/input_txtdeal'

2018-05-09 15:41:59 - [TEST_STEP][PASSED] - Statement - return (java.lang.Math.floor((java.lang.Math.random() * ((max - min) + 1))) + min): Text '2.0' is set on object 'Object Repository/MOH AND GRN/Page_KDMC - CMS/input_txtdeal'

2018-05-09 15:41:59 - [MESSAGE][PASSED] - Text '2.0' is set on object 'Object Repository/MOH AND GRN/Page_KDMC - CMS/input_txtdeal'

2018-05-09 15:41:59 - [TEST_STEP][PASSED] - setText: Finding Test Object with id 'Object Repository/MOH AND GRN/Page_KDMC - CMS/input_txtbatchno'

2018-05-09 15:41:59 - [TEST_STEP][PASSED] - Statement - switch (id): Finding Test Object with id 'Object Repository/MOH AND GRN/Page_KDMC - CMS/input_txtmrp'

2018-05-09 15:41:59 - [TEST_STEP][PASSED] - Statement - case 1:: Text 'BA850.0' is set on object 'Object Repository/MOH AND GRN/Page_KDMC - CMS/input_txtbatchno'

2018-05-09 15:41:59 - [TEST_STEP][PASSED] - Statement - return (java.lang.Math.floor((java.lang.Math.random() * ((max - min) + 1))) + min): Text 'BA850.0' is set on object 'Object Repository/MOH AND GRN/Page_KDMC - CMS/input_txtbatchno'

2018-05-09 15:42:00 - [MESSAGE][PASSED] - Text 'BA850.0' is set on object 'Object Repository/MOH AND GRN/Page_KDMC - CMS/input_txtbatchno'

2018-05-09 15:42:00 - [TEST_STEP][PASSED] - rightClick: Object: 'Object Repository/GRN/Page_KDMC - CMS/input_txtexpdate' is right clicked on

2018-05-09 15:42:00 - [MESSAGE][PASSED] - Object: 'Object Repository/GRN/Page_KDMC - CMS/input_txtexpdate' is right clicked on

2018-05-09 15:42:00 - [TEST_STEP][PASSED] - selectOptionByIndex: All options with index in [6] are selected on object 'Object Repository/GRN/Page_KDMC - CMS/select_20182019202020212022202'

2018-05-09 15:42:00 - [MESSAGE][PASSED] - All options with index in [6] are selected on object 'Object Repository/GRN/Page_KDMC - CMS/select_20182019202020212022202'

2018-05-09 15:42:00 - [TEST_STEP][PASSED] - selectOptionByIndex: All options with index in [6] are selected on object 'Object Repository/GRN/Page_KDMC - CMS/select_JanFebMarAprMayJunJulAu'

2018-05-09 15:42:00 - [MESSAGE][PASSED] - All options with index in [6] are selected on object 'Object Repository/GRN/Page_KDMC - CMS/select_JanFebMarAprMayJunJulAu'

2018-05-09 15:42:00 - [TEST_STEP][PASSED] - click: Object: 'Object Repository/MOH AND GRN/Page_KDMC - CMS/a_12' is clicked on

2018-05-09 15:42:00 - [MESSAGE][PASSED] - Object: 'Object Repository/MOH AND GRN/Page_KDMC - CMS/a_12' is clicked on

2018-05-09 15:42:00 - [TEST_STEP][PASSED] - click: Object: 'Object Repository/MOH AND GRN/Page_KDMC - CMS/input_btnadd' is clicked on

2018-05-09 15:42:00 - [MESSAGE][PASSED] - Object: 'Object Repository/MOH AND GRN/Page_KDMC - CMS/input_btnadd' is clicked on

2018-05-09 15:42:00 - [TEST_STEP][PASSED] - Statement - If (s == 10): null

2018-05-09 15:42:00 - [TEST_STEP][PASSED] - Statement - Else: null

2018-05-09 15:42:00 - [TEST_STEP][PASSED] - Statement - (s++): null

2018-05-09 15:42:00 - [TEST_STEP][PASSED] - delay: Delayed 1 second(s)

2018-05-09 15:42:01 - [MESSAGE][PASSED] - Delayed 1 second(s)

2018-05-09 15:42:01 - [TEST_STEP][PASSED] - selectOptionByIndex: All options with index in [17] are selected on object 'Object Repository/MOH AND GRN/Page_KDMC - CMS/select_--Select--Amikacin -500'

2018-05-09 15:42:01 - [MESSAGE][PASSED] - All options with index in [17] are selected on object 'Object Repository/MOH AND GRN/Page_KDMC - CMS/select_--Select--Amikacin -500'

2018-05-09 15:42:01 - [TEST_STEP][PASSED] - setText: Text '5000' is set on object 'Object Repository/MOH AND GRN/Page_KDMC - CMS/input_txtqty'

2018-05-09 15:42:02 - [MESSAGE][PASSED] - Text '5000' is set on object 'Object Repository/MOH AND GRN/Page_KDMC - CMS/input_txtqty'

2018-05-09 15:42:02 - [TEST_STEP][PASSED] - selectOptionByIndex: All options with index in [1] are selected on object 'Object Repository/MOH AND GRN/Page_KDMC - CMS/select_--Select--No Tax0'

2018-05-09 15:42:02 - [MESSAGE][PASSED] - All options with index in [1] are selected on object 'Object Repository/MOH AND GRN/Page_KDMC - CMS/select_--Select--No Tax0'

2018-05-09 15:42:02 - [TEST_STEP][PASSED] - setText: Finding Test Object with id 'Object Repository/MOH AND GRN/Page_KDMC - CMS/input_txtmrp'

2018-05-09 15:42:02 - [TEST_STEP][PASSED] - Statement - switch (id): Finding Test Object with id 'Object Repository/MOH AND GRN/Page_KDMC - CMS/input_txtdeal'

2018-05-09 15:42:02 - [TEST_STEP][PASSED] - Statement - case 4:: Text '26.0' is set on object 'Object Repository/MOH AND GRN/Page_KDMC - CMS/input_txtmrp'

2018-05-09 15:42:02 - [TEST_STEP][PASSED] - Statement - return (java.lang.Math.floor((java.lang.Math.random() * ((max - min) + 1))) + min): Text '26.0' is set on object 'Object Repository/MOH AND GRN/Page_KDMC - CMS/input_txtmrp'

2018-05-09 15:42:02 - [MESSAGE][PASSED] - Text '26.0' is set on object 'Object Repository/MOH AND GRN/Page_KDMC - CMS/input_txtmrp'

2018-05-09 15:42:02 - [TEST_STEP][PASSED] - setText: Finding Test Object with id 'Object Repository/MOH AND GRN/Page_KDMC - CMS/input_txtdeal'

2018-05-09 15:42:02 - [TEST_STEP][PASSED] - Statement - switch (id): Finding Test Object with id 'Object Repository/MOH AND GRN/Page_KDMC - CMS/input_txtbatchno'

2018-05-09 15:42:02 - [TEST_STEP][PASSED] - Statement - case 5:: Text '11.0' is set on object 'Object Repository/MOH AND GRN/Page_KDMC - CMS/input_txtdeal'

2018-05-09 15:42:02 - [TEST_STEP][PASSED] - Statement - return (java.lang.Math.floor((java.lang.Math.random() * ((max - min) + 1))) + min): Text '11.0' is set on object 'Object Repository/MOH AND GRN/Page_KDMC - CMS/input_txtdeal'

2018-05-09 15:42:02 - [MESSAGE][PASSED] - Text '11.0' is set on object 'Object Repository/MOH AND GRN/Page_KDMC - CMS/input_txtdeal'

2018-05-09 15:42:02 - [TEST_STEP][PASSED] - setText: Finding Test Object with id 'Object Repository/MOH AND GRN/Page_KDMC - CMS/input_txtbatchno'

2018-05-09 15:42:02 - [TEST_STEP][PASSED] - Statement - switch (id): Finding Test Object with id 'Object Repository/MOH AND GRN/Page_KDMC - CMS/input_txtmrp'

2018-05-09 15:42:02 - [TEST_STEP][PASSED] - Statement - case 1:: Text 'BA143.0' is set on object 'Object Repository/MOH AND GRN/Page_KDMC - CMS/input_txtbatchno'

2018-05-09 15:42:02 - [TEST_STEP][PASSED] - Statement - return (java.lang.Math.floor((java.lang.Math.random() * ((max - min) + 1))) + min): Text 'BA143.0' is set on object 'Object Repository/MOH AND GRN/Page_KDMC - CMS/input_txtbatchno'

2018-05-09 15:42:02 - [MESSAGE][PASSED] - Text 'BA143.0' is set on object 'Object Repository/MOH AND GRN/Page_KDMC - CMS/input_txtbatchno'

2018-05-09 15:42:02 - [TEST_STEP][PASSED] - rightClick: Object: 'Object Repository/GRN/Page_KDMC - CMS/input_txtexpdate' is right clicked on

2018-05-09 15:42:02 - [MESSAGE][PASSED] - Object: 'Object Repository/GRN/Page_KDMC - CMS/input_txtexpdate' is right clicked on

2018-05-09 15:42:02 - [TEST_STEP][PASSED] - selectOptionByIndex: All options with index in [7] are selected on object 'Object Repository/GRN/Page_KDMC - CMS/select_20182019202020212022202'

2018-05-09 15:42:02 - [MESSAGE][PASSED] - All options with index in [7] are selected on object 'Object Repository/GRN/Page_KDMC - CMS/select_20182019202020212022202'

2018-05-09 15:42:02 - [TEST_STEP][PASSED] - selectOptionByIndex: All options with index in [7] are selected on object 'Object Repository/GRN/Page_KDMC - CMS/select_JanFebMarAprMayJunJulAu'

2018-05-09 15:42:03 - [MESSAGE][PASSED] - All options with index in [7] are selected on object 'Object Repository/GRN/Page_KDMC - CMS/select_JanFebMarAprMayJunJulAu'

2018-05-09 15:42:03 - [TEST_STEP][PASSED] - click: Object: 'Object Repository/MOH AND GRN/Page_KDMC - CMS/a_12' is clicked on

2018-05-09 15:42:03 - [MESSAGE][PASSED] - Object: 'Object Repository/MOH AND GRN/Page_KDMC - CMS/a_12' is clicked on

2018-05-09 15:42:03 - [TEST_STEP][PASSED] - click: Object: 'Object Repository/MOH AND GRN/Page_KDMC - CMS/input_btnadd' is clicked on

2018-05-09 15:42:03 - [MESSAGE][PASSED] - Object: 'Object Repository/MOH AND GRN/Page_KDMC - CMS/input_btnadd' is clicked on

2018-05-09 15:42:03 - [TEST_STEP][PASSED] - Statement - If (s == 10): null

2018-05-09 15:42:03 - [TEST_STEP][PASSED] - Statement - Else: null

2018-05-09 15:42:03 - [TEST_STEP][PASSED] - Statement - (s++): null

2018-05-09 15:42:03 - [TEST_STEP][PASSED] - delay: Delayed 1 second(s)

2018-05-09 15:42:04 - [MESSAGE][PASSED] - Delayed 1 second(s)

2018-05-09 15:42:04 - [TEST_STEP][PASSED] - selectOptionByIndex: All options with index in [18] are selected on object 'Object Repository/MOH AND GRN/Page_KDMC - CMS/select_--Select--Amikacin -500'

2018-05-09 15:42:04 - [MESSAGE][PASSED] - All options with index in [18] are selected on object 'Object Repository/MOH AND GRN/Page_KDMC - CMS/select_--Select--Amikacin -500'

2018-05-09 15:42:04 - [TEST_STEP][PASSED] - setText: Text '5000' is set on object 'Object Repository/MOH AND GRN/Page_KDMC - CMS/input_txtqty'

2018-05-09 15:42:04 - [MESSAGE][PASSED] - Text '5000' is set on object 'Object Repository/MOH AND GRN/Page_KDMC - CMS/input_txtqty'

2018-05-09 15:42:04 - [TEST_STEP][PASSED] - selectOptionByIndex: All options with index in [1] are selected on object 'Object Repository/MOH AND GRN/Page_KDMC - CMS/select_--Select--No Tax0'

2018-05-09 15:42:04 - [MESSAGE][PASSED] - All options with index in [1] are selected on object 'Object Repository/MOH AND GRN/Page_KDMC - CMS/select_--Select--No Tax0'

2018-05-09 15:42:04 - [TEST_STEP][PASSED] - setText: Finding Test Object with id 'Object Repository/MOH AND GRN/Page_KDMC - CMS/input_txtmrp'

2018-05-09 15:42:04 - [TEST_STEP][PASSED] - Statement - switch (id): Finding Test Object with id 'Object Repository/MOH AND GRN/Page_KDMC - CMS/input_txtdeal'

2018-05-09 15:42:04 - [TEST_STEP][PASSED] - Statement - case 4:: Text '44.0' is set on object 'Object Repository/MOH AND GRN/Page_KDMC - CMS/input_txtmrp'

2018-05-09 15:42:04 - [TEST_STEP][PASSED] - Statement - return (java.lang.Math.floor((java.lang.Math.random() * ((max - min) + 1))) + min): Text '44.0' is set on object 'Object Repository/MOH AND GRN/Page_KDMC - CMS/input_txtmrp'

2018-05-09 15:42:04 - [MESSAGE][PASSED] - Text '44.0' is set on object 'Object Repository/MOH AND GRN/Page_KDMC - CMS/input_txtmrp'

2018-05-09 15:42:04 - [TEST_STEP][PASSED] - setText: Finding Test Object with id 'Object Repository/MOH AND GRN/Page_KDMC - CMS/input_txtdeal'

2018-05-09 15:42:04 - [TEST_STEP][PASSED] - Statement - switch (id): Finding Test Object with id 'Object Repository/MOH AND GRN/Page_KDMC - CMS/input_txtbatchno'

2018-05-09 15:42:04 - [TEST_STEP][PASSED] - Statement - case 5:: Text '1.0' is set on object 'Object Repository/MOH AND GRN/Page_KDMC - CMS/input_txtdeal'

2018-05-09 15:42:04 - [TEST_STEP][PASSED] - Statement - return (java.lang.Math.floor((java.lang.Math.random() * ((max - min) + 1))) + min): Text '1.0' is set on object 'Object Repository/MOH AND GRN/Page_KDMC - CMS/input_txtdeal'

2018-05-09 15:42:04 - [MESSAGE][PASSED] - Text '1.0' is set on object 'Object Repository/MOH AND GRN/Page_KDMC - CMS/input_txtdeal'

2018-05-09 15:42:04 - [TEST_STEP][PASSED] - setText: Finding Test Object with id 'Object Repository/MOH AND GRN/Page_KDMC - CMS/input_txtbatchno'

2018-05-09 15:42:04 - [TEST_STEP][PASSED] - Statement - switch (id): Finding Test Object with id 'Object Repository/MOH AND GRN/Page_KDMC - CMS/input_txtmrp'

2018-05-09 15:42:04 - [TEST_STEP][PASSED] - Statement - case 1:: Text 'BA669.0' is set on object 'Object Repository/MOH AND GRN/Page_KDMC - CMS/input_txtbatchno'

2018-05-09 15:42:04 - [TEST_STEP][PASSED] - Statement - return (java.lang.Math.floor((java.lang.Math.random() * ((max - min) + 1))) + min): Text 'BA669.0' is set on object 'Object Repository/MOH AND GRN/Page_KDMC - CMS/input_txtbatchno'

2018-05-09 15:42:04 - [MESSAGE][PASSED] - Text 'BA669.0' is set on object 'Object Repository/MOH AND GRN/Page_KDMC - CMS/input_txtbatchno'

2018-05-09 15:42:04 - [TEST_STEP][PASSED] - rightClick: Object: 'Object Repository/GRN/Page_KDMC - CMS/input_txtexpdate' is right clicked on

2018-05-09 15:42:05 - [MESSAGE][PASSED] - Object: 'Object Repository/GRN/Page_KDMC - CMS/input_txtexpdate' is right clicked on

2018-05-09 15:42:05 - [TEST_STEP][PASSED] - selectOptionByIndex: All options with index in [8] are selected on object 'Object Repository/GRN/Page_KDMC - CMS/select_20182019202020212022202'

2018-05-09 15:42:05 - [MESSAGE][PASSED] - All options with index in [8] are selected on object 'Object Repository/GRN/Page_KDMC - CMS/select_20182019202020212022202'

2018-05-09 15:42:05 - [TEST_STEP][PASSED] - selectOptionByIndex: All options with index in [8] are selected on object 'Object Repository/GRN/Page_KDMC - CMS/select_JanFebMarAprMayJunJulAu'

2018-05-09 15:42:05 - [MESSAGE][PASSED] - All options with index in [8] are selected on object 'Object Repository/GRN/Page_KDMC - CMS/select_JanFebMarAprMayJunJulAu'

2018-05-09 15:42:05 - [TEST_STEP][PASSED] - click: Object: 'Object Repository/MOH AND GRN/Page_KDMC - CMS/a_12' is clicked on

2018-05-09 15:42:05 - [MESSAGE][PASSED] - Object: 'Object Repository/MOH AND GRN/Page_KDMC - CMS/a_12' is clicked on

2018-05-09 15:42:05 - [TEST_STEP][PASSED] - click: Object: 'Object Repository/MOH AND GRN/Page_KDMC - CMS/input_btnadd' is clicked on

2018-05-09 15:42:05 - [MESSAGE][PASSED] - Object: 'Object Repository/MOH AND GRN/Page_KDMC - CMS/input_btnadd' is clicked on

2018-05-09 15:42:05 - [TEST_STEP][PASSED] - Statement - If (s == 10): null

2018-05-09 15:42:05 - [TEST_STEP][PASSED] - Statement - Else: null

2018-05-09 15:42:05 - [TEST_STEP][PASSED] - Statement - (s++): null

2018-05-09 15:42:05 - [TEST_STEP][PASSED] - delay: Delayed 1 second(s)

2018-05-09 15:42:06 - [MESSAGE][PASSED] - Delayed 1 second(s)

2018-05-09 15:42:06 - [TEST_STEP][PASSED] - selectOptionByIndex: All options with index in [19] are selected on object 'Object Repository/MOH AND GRN/Page_KDMC - CMS/select_--Select--Amikacin -500'

2018-05-09 15:42:06 - [MESSAGE][PASSED] - All options with index in [19] are selected on object 'Object Repository/MOH AND GRN/Page_KDMC - CMS/select_--Select--Amikacin -500'

2018-05-09 15:42:06 - [TEST_STEP][PASSED] - setText: Text '5000' is set on object 'Object Repository/MOH AND GRN/Page_KDMC - CMS/input_txtqty'

2018-05-09 15:42:07 - [MESSAGE][PASSED] - Text '5000' is set on object 'Object Repository/MOH AND GRN/Page_KDMC - CMS/input_txtqty'

2018-05-09 15:42:07 - [TEST_STEP][PASSED] - selectOptionByIndex: All options with index in [1] are selected on object 'Object Repository/MOH AND GRN/Page_KDMC - CMS/select_--Select--No Tax0'

2018-05-09 15:42:07 - [MESSAGE][PASSED] - All options with index in [1] are selected on object 'Object Repository/MOH AND GRN/Page_KDMC - CMS/select_--Select--No Tax0'

2018-05-09 15:42:07 - [TEST_STEP][PASSED] - setText: Finding Test Object with id 'Object Repository/MOH AND GRN/Page_KDMC - CMS/input_txtmrp'

2018-05-09 15:42:07 - [TEST_STEP][PASSED] - Statement - switch (id): Finding Test Object with id 'Object Repository/MOH AND GRN/Page_KDMC - CMS/input_txtdeal'

2018-05-09 15:42:07 - [TEST_STEP][PASSED] - Statement - case 4:: Text '35.0' is set on object 'Object Repository/MOH AND GRN/Page_KDMC - CMS/input_txtmrp'

2018-05-09 15:42:07 - [TEST_STEP][PASSED] - Statement - return (java.lang.Math.floor((java.lang.Math.random() * ((max - min) + 1))) + min): Text '35.0' is set on object 'Object Repository/MOH AND GRN/Page_KDMC - CMS/input_txtmrp'

2018-05-09 15:42:07 - [MESSAGE][PASSED] - Text '35.0' is set on object 'Object Repository/MOH AND GRN/Page_KDMC - CMS/input_txtmrp'

2018-05-09 15:42:07 - [TEST_STEP][PASSED] - setText: Finding Test Object with id 'Object Repository/MOH AND GRN/Page_KDMC - CMS/input_txtdeal'

2018-05-09 15:42:07 - [TEST_STEP][PASSED] - Statement - switch (id): Finding Test Object with id 'Object Repository/MOH AND GRN/Page_KDMC - CMS/input_txtbatchno'

2018-05-09 15:42:07 - [TEST_STEP][PASSED] - Statement - case 5:: Text '9.0' is set on object 'Object Repository/MOH AND GRN/Page_KDMC - CMS/input_txtdeal'

2018-05-09 15:42:07 - [TEST_STEP][PASSED] - Statement - return (java.lang.Math.floor((java.lang.Math.random() * ((max - min) + 1))) + min): Text '9.0' is set on object 'Object Repository/MOH AND GRN/Page_KDMC - CMS/input_txtdeal'

2018-05-09 15:42:07 - [MESSAGE][PASSED] - Text '9.0' is set on object 'Object Repository/MOH AND GRN/Page_KDMC - CMS/input_txtdeal'

2018-05-09 15:42:07 - [TEST_STEP][PASSED] - setText: Finding Test Object with id 'Object Repository/MOH AND GRN/Page_KDMC - CMS/input_txtbatchno'

2018-05-09 15:42:07 - [TEST_STEP][PASSED] - Statement - switch (id): Finding Test Object with id 'Object Repository/MOH AND GRN/Page_KDMC - CMS/input_txtmrp'

2018-05-09 15:42:07 - [TEST_STEP][PASSED] - Statement - case 1:: Text 'BA452.0' is set on object 'Object Repository/MOH AND GRN/Page_KDMC - CMS/input_txtbatchno'

2018-05-09 15:42:07 - [TEST_STEP][PASSED] - Statement - return (java.lang.Math.floor((java.lang.Math.random() * ((max - min) + 1))) + min): Text 'BA452.0' is set on object 'Object Repository/MOH AND GRN/Page_KDMC - CMS/input_txtbatchno'

2018-05-09 15:42:07 - [MESSAGE][PASSED] - Text 'BA452.0' is set on object 'Object Repository/MOH AND GRN/Page_KDMC - CMS/input_txtbatchno'

2018-05-09 15:42:07 - [TEST_STEP][PASSED] - rightClick: Object: 'Object Repository/GRN/Page_KDMC - CMS/input_txtexpdate' is right clicked on

2018-05-09 15:42:07 - [MESSAGE][PASSED] - Object: 'Object Repository/GRN/Page_KDMC - CMS/input_txtexpdate' is right clicked on

2018-05-09 15:42:07 - [TEST_STEP][PASSED] - selectOptionByIndex: All options with index in [9] are selected on object 'Object Repository/GRN/Page_KDMC - CMS/select_20182019202020212022202'

2018-05-09 15:42:07 - [MESSAGE][PASSED] - All options with index in [9] are selected on object 'Object Repository/GRN/Page_KDMC - CMS/select_20182019202020212022202'

2018-05-09 15:42:07 - [TEST_STEP][PASSED] - selectOptionByIndex: All options with index in [9] are selected on object 'Object Repository/GRN/Page_KDMC - CMS/select_JanFebMarAprMayJunJulAu'

2018-05-09 15:42:08 - [MESSAGE][PASSED] - All options with index in [9] are selected on object 'Object Repository/GRN/Page_KDMC - CMS/select_JanFebMarAprMayJunJulAu'

2018-05-09 15:42:08 - [TEST_STEP][PASSED] - click: Object: 'Object Repository/MOH AND GRN/Page_KDMC - CMS/a_12' is clicked on

2018-05-09 15:42:08 - [MESSAGE][PASSED] - Object: 'Object Repository/MOH AND GRN/Page_KDMC - CMS/a_12' is clicked on

2018-05-09 15:42:08 - [TEST_STEP][PASSED] - click: Object: 'Object Repository/MOH AND GRN/Page_KDMC - CMS/input_btnadd' is clicked on

2018-05-09 15:42:08 - [MESSAGE][PASSED] - Object: 'Object Repository/MOH AND GRN/Page_KDMC - CMS/input_btnadd' is clicked on

2018-05-09 15:42:08 - [TEST_STEP][PASSED] - Statement - If (s == 10): null

2018-05-09 15:42:08 - [TEST_STEP][PASSED] - Statement - Else: null

2018-05-09 15:42:08 - [TEST_STEP][PASSED] - Statement - (s++): null

2018-05-09 15:42:08 - [TEST_STEP][PASSED] - delay: Delayed 1 second(s)

2018-05-09 15:42:09 - [MESSAGE][PASSED] - Delayed 1 second(s)

2018-05-09 15:42:09 - [TEST_STEP][PASSED] - selectOptionByIndex: All options with index in [20] are selected on object 'Object Repository/MOH AND GRN/Page_KDMC - CMS/select_--Select--Amikacin -500'

2018-05-09 15:42:09 - [MESSAGE][PASSED] - All options with index in [20] are selected on object 'Object Repository/MOH AND GRN/Page_KDMC - CMS/select_--Select--Amikacin -500'

2018-05-09 15:42:09 - [TEST_STEP][PASSED] - setText: Text '5000' is set on object 'Object Repository/MOH AND GRN/Page_KDMC - CMS/input_txtqty'

2018-05-09 15:42:09 - [MESSAGE][PASSED] - Text '5000' is set on object 'Object Repository/MOH AND GRN/Page_KDMC - CMS/input_txtqty'

2018-05-09 15:42:09 - [TEST_STEP][PASSED] - selectOptionByIndex: All options with index in [1] are selected on object 'Object Repository/MOH AND GRN/Page_KDMC - CMS/select_--Select--No Tax0'

2018-05-09 15:42:09 - [MESSAGE][PASSED] - All options with index in [1] are selected on object 'Object Repository/MOH AND GRN/Page_KDMC - CMS/select_--Select--No Tax0'

2018-05-09 15:42:09 - [TEST_STEP][PASSED] - setText: Finding Test Object with id 'Object Repository/MOH AND GRN/Page_KDMC - CMS/input_txtmrp'

2018-05-09 15:42:09 - [TEST_STEP][PASSED] - Statement - switch (id): Finding Test Object with id 'Object Repository/MOH AND GRN/Page_KDMC - CMS/input_txtdeal'

2018-05-09 15:42:09 - [TEST_STEP][PASSED] - Statement - case 4:: Text '35.0' is set on object 'Object Repository/MOH AND GRN/Page_KDMC - CMS/input_txtmrp'

2018-05-09 15:42:09 - [TEST_STEP][PASSED] - Statement - return (java.lang.Math.floor((java.lang.Math.random() * ((max - min) + 1))) + min): Text '35.0' is set on object 'Object Repository/MOH AND GRN/Page_KDMC - CMS/input_txtmrp'

2018-05-09 15:42:09 - [MESSAGE][PASSED] - Text '35.0' is set on object 'Object Repository/MOH AND GRN/Page_KDMC - CMS/input_txtmrp'

2018-05-09 15:42:09 - [TEST_STEP][PASSED] - setText: Finding Test Object with id 'Object Repository/MOH AND GRN/Page_KDMC - CMS/input_txtdeal'

2018-05-09 15:42:09 - [TEST_STEP][PASSED] - Statement - switch (id): Finding Test Object with id 'Object Repository/MOH AND GRN/Page_KDMC - CMS/input_txtbatchno'

2018-05-09 15:42:09 - [TEST_STEP][PASSED] - Statement - case 5:: Text '9.0' is set on object 'Object Repository/MOH AND GRN/Page_KDMC - CMS/input_txtdeal'

2018-05-09 15:42:09 - [TEST_STEP][PASSED] - Statement - return (java.lang.Math.floor((java.lang.Math.random() * ((max - min) + 1))) + min): Text '9.0' is set on object 'Object Repository/MOH AND GRN/Page_KDMC - CMS/input_txtdeal'

2018-05-09 15:42:10 - [MESSAGE][PASSED] - Text '9.0' is set on object 'Object Repository/MOH AND GRN/Page_KDMC - CMS/input_txtdeal'

2018-05-09 15:42:10 - [TEST_STEP][PASSED] - setText: Finding Test Object with id 'Object Repository/MOH AND GRN/Page_KDMC - CMS/input_txtbatchno'

2018-05-09 15:42:10 - [TEST_STEP][PASSED] - Statement - switch (id): Finding Test Object with id 'Object Repository/MOH AND GRN/Page_KDMC - CMS/input_txtmrp'

2018-05-09 15:42:10 - [TEST_STEP][PASSED] - Statement - case 1:: Text 'BA414.0' is set on object 'Object Repository/MOH AND GRN/Page_KDMC - CMS/input_txtbatchno'

2018-05-09 15:42:10 - [TEST_STEP][PASSED] - Statement - return (java.lang.Math.floor((java.lang.Math.random() * ((max - min) + 1))) + min): Text 'BA414.0' is set on object 'Object Repository/MOH AND GRN/Page_KDMC - CMS/input_txtbatchno'

2018-05-09 15:42:10 - [MESSAGE][PASSED] - Text 'BA414.0' is set on object 'Object Repository/MOH AND GRN/Page_KDMC - CMS/input_txtbatchno'

2018-05-09 15:42:10 - [TEST_STEP][PASSED] - rightClick: Object: 'Object Repository/GRN/Page_KDMC - CMS/input_txtexpdate' is right clicked on

2018-05-09 15:42:10 - [MESSAGE][PASSED] - Object: 'Object Repository/GRN/Page_KDMC - CMS/input_txtexpdate' is right clicked on

2018-05-09 15:42:10 - [TEST_STEP][PASSED] - selectOptionByIndex: All options with index in [10] are selected on object 'Object Repository/GRN/Page_KDMC - CMS/select_20182019202020212022202'

2018-05-09 15:42:10 - [MESSAGE][PASSED] - All options with index in [10] are selected on object 'Object Repository/GRN/Page_KDMC - CMS/select_20182019202020212022202'

2018-05-09 15:42:10 - [TEST_STEP][PASSED] - selectOptionByIndex: All options with index in [10] are selected on object 'Object Repository/GRN/Page_KDMC - CMS/select_JanFebMarAprMayJunJulAu'

2018-05-09 15:42:10 - [MESSAGE][PASSED] - All options with index in [10] are selected on object 'Object Repository/GRN/Page_KDMC - CMS/select_JanFebMarAprMayJunJulAu'

2018-05-09 15:42:10 - [TEST_STEP][PASSED] - click: Object: 'Object Repository/MOH AND GRN/Page_KDMC - CMS/a_12' is clicked on

2018-05-09 15:42:10 - [MESSAGE][PASSED] - Object: 'Object Repository/MOH AND GRN/Page_KDMC - CMS/a_12' is clicked on

2018-05-09 15:42:10 - [TEST_STEP][PASSED] - click: Object: 'Object Repository/MOH AND GRN/Page_KDMC - CMS/input_btnadd' is clicked on

2018-05-09 15:42:10 - [MESSAGE][PASSED] - Object: 'Object Repository/MOH AND GRN/Page_KDMC - CMS/input_btnadd' is clicked on

2018-05-09 15:42:10 - [TEST_STEP][PASSED] - Statement - If (s == 10): null

2018-05-09 15:42:10 - [TEST_STEP][PASSED] - Statement - s = 1: null

2018-05-09 15:42:10 - [TEST_STEP][PASSED] - delay: Delayed 1 second(s)

2018-05-09 15:42:11 - [MESSAGE][PASSED] - Delayed 1 second(s)

2018-05-09 15:42:11 - [TEST_STEP][PASSED] - selectOptionByIndex: All options with index in [21] are selected on object 'Object Repository/MOH AND GRN/Page_KDMC - CMS/select_--Select--Amikacin -500'

2018-05-09 15:42:12 - [MESSAGE][PASSED] - All options with index in [21] are selected on object 'Object Repository/MOH AND GRN/Page_KDMC - CMS/select_--Select--Amikacin -500'

2018-05-09 15:42:12 - [TEST_STEP][PASSED] - setText: Text '5000' is set on object 'Object Repository/MOH AND GRN/Page_KDMC - CMS/input_txtqty'

2018-05-09 15:42:12 - [MESSAGE][PASSED] - Text '5000' is set on object 'Object Repository/MOH AND GRN/Page_KDMC - CMS/input_txtqty'

2018-05-09 15:42:12 - [TEST_STEP][PASSED] - selectOptionByIndex: All options with index in [1] are selected on object 'Object Repository/MOH AND GRN/Page_KDMC - CMS/select_--Select--No Tax0'

2018-05-09 15:42:12 - [MESSAGE][PASSED] - All options with index in [1] are selected on object 'Object Repository/MOH AND GRN/Page_KDMC - CMS/select_--Select--No Tax0'

2018-05-09 15:42:12 - [TEST_STEP][PASSED] - setText: Finding Test Object with id 'Object Repository/MOH AND GRN/Page_KDMC - CMS/input_txtmrp'

2018-05-09 15:42:12 - [TEST_STEP][PASSED] - Statement - switch (id): Finding Test Object with id 'Object Repository/MOH AND GRN/Page_KDMC - CMS/input_txtdeal'

2018-05-09 15:42:12 - [TEST_STEP][PASSED] - Statement - case 4:: Text '18.0' is set on object 'Object Repository/MOH AND GRN/Page_KDMC - CMS/input_txtmrp'

2018-05-09 15:42:12 - [TEST_STEP][PASSED] - Statement - return (java.lang.Math.floor((java.lang.Math.random() * ((max - min) + 1))) + min): Text '18.0' is set on object 'Object Repository/MOH AND GRN/Page_KDMC - CMS/input_txtmrp'

2018-05-09 15:42:12 - [MESSAGE][PASSED] - Text '18.0' is set on object 'Object Repository/MOH AND GRN/Page_KDMC - CMS/input_txtmrp'

2018-05-09 15:42:12 - [TEST_STEP][PASSED] - setText: Finding Test Object with id 'Object Repository/MOH AND GRN/Page_KDMC - CMS/input_txtdeal'

2018-05-09 15:42:12 - [TEST_STEP][PASSED] - Statement - switch (id): Finding Test Object with id 'Object Repository/MOH AND GRN/Page_KDMC - CMS/input_txtbatchno'

2018-05-09 15:42:12 - [TEST_STEP][PASSED] - Statement - case 5:: Text '8.0' is set on object 'Object Repository/MOH AND GRN/Page_KDMC - CMS/input_txtdeal'

2018-05-09 15:42:12 - [TEST_STEP][PASSED] - Statement - return (java.lang.Math.floor((java.lang.Math.random() * ((max - min) + 1))) + min): Text '8.0' is set on object 'Object Repository/MOH AND GRN/Page_KDMC - CMS/input_txtdeal'

2018-05-09 15:42:12 - [MESSAGE][PASSED] - Text '8.0' is set on object 'Object Repository/MOH AND GRN/Page_KDMC - CMS/input_txtdeal'

2018-05-09 15:42:12 - [TEST_STEP][PASSED] - setText: Finding Test Object with id 'Object Repository/MOH AND GRN/Page_KDMC - CMS/input_txtbatchno'

2018-05-09 15:42:12 - [TEST_STEP][PASSED] - Statement - switch (id): Finding Test Object with id 'Object Repository/MOH AND GRN/Page_KDMC - CMS/input_txtmrp'

2018-05-09 15:42:12 - [TEST_STEP][PASSED] - Statement - case 1:: Text 'BA584.0' is set on object 'Object Repository/MOH AND GRN/Page_KDMC - CMS/input_txtbatchno'

2018-05-09 15:42:12 - [TEST_STEP][PASSED] - Statement - return (java.lang.Math.floor((java.lang.Math.random() * ((max - min) + 1))) + min): Text 'BA584.0' is set on object 'Object Repository/MOH AND GRN/Page_KDMC - CMS/input_txtbatchno'

2018-05-09 15:42:12 - [MESSAGE][PASSED] - Text 'BA584.0' is set on object 'Object Repository/MOH AND GRN/Page_KDMC - CMS/input_txtbatchno'

2018-05-09 15:42:12 - [TEST_STEP][PASSED] - rightClick: Object: 'Object Repository/GRN/Page_KDMC - CMS/input_txtexpdate' is right clicked on

2018-05-09 15:42:12 - [MESSAGE][PASSED] - Object: 'Object Repository/GRN/Page_KDMC - CMS/input_txtexpdate' is right clicked on

2018-05-09 15:42:12 - [TEST_STEP][PASSED] - selectOptionByIndex: All options with index in [1] are selected on object 'Object Repository/GRN/Page_KDMC - CMS/select_20182019202020212022202'

2018-05-09 15:42:12 - [MESSAGE][PASSED] - All options with index in [1] are selected on object 'Object Repository/GRN/Page_KDMC - CMS/select_20182019202020212022202'

2018-05-09 15:42:12 - [TEST_STEP][PASSED] - selectOptionByIndex: All options with index in [1] are selected on object 'Object Repository/GRN/Page_KDMC - CMS/select_JanFebMarAprMayJunJulAu'

2018-05-09 15:42:13 - [MESSAGE][PASSED] - All options with index in [1] are selected on object 'Object Repository/GRN/Page_KDMC - CMS/select_JanFebMarAprMayJunJulAu'

2018-05-09 15:42:13 - [TEST_STEP][PASSED] - click: Object: 'Object Repository/MOH AND GRN/Page_KDMC - CMS/a_12' is clicked on

2018-05-09 15:42:13 - [MESSAGE][PASSED] - Object: 'Object Repository/MOH AND GRN/Page_KDMC - CMS/a_12' is clicked on

2018-05-09 15:42:13 - [TEST_STEP][PASSED] - click: Object: 'Object Repository/MOH AND GRN/Page_KDMC - CMS/input_btnadd' is clicked on

2018-05-09 15:42:13 - [MESSAGE][PASSED] - Object: 'Object Repository/MOH AND GRN/Page_KDMC - CMS/input_btnadd' is clicked on

2018-05-09 15:42:13 - [TEST_STEP][PASSED] - Statement - If (s == 10): null

2018-05-09 15:42:13 - [TEST_STEP][PASSED] - Statement - Else: null

2018-05-09 15:42:13 - [TEST_STEP][PASSED] - Statement - (s++): null

2018-05-09 15:42:13 - [TEST_STEP][PASSED] - delay: Delayed 1 second(s)

2018-05-09 15:42:14 - [MESSAGE][PASSED] - Delayed 1 second(s)

2018-05-09 15:42:14 - [TEST_STEP][PASSED] - selectOptionByIndex: All options with index in [22] are selected on object 'Object Repository/MOH AND GRN/Page_KDMC - CMS/select_--Select--Amikacin -500'

2018-05-09 15:42:14 - [MESSAGE][PASSED] - All options with index in [22] are selected on object 'Object Repository/MOH AND GRN/Page_KDMC - CMS/select_--Select--Amikacin -500'

2018-05-09 15:42:14 - [TEST_STEP][PASSED] - setText: Text '5000' is set on object 'Object Repository/MOH AND GRN/Page_KDMC - CMS/input_txtqty'

2018-05-09 15:42:14 - [MESSAGE][PASSED] - Text '5000' is set on object 'Object Repository/MOH AND GRN/Page_KDMC - CMS/input_txtqty'

2018-05-09 15:42:14 - [TEST_STEP][PASSED] - selectOptionByIndex: All options with index in [1] are selected on object 'Object Repository/MOH AND GRN/Page_KDMC - CMS/select_--Select--No Tax0'

2018-05-09 15:42:14 - [MESSAGE][PASSED] - All options with index in [1] are selected on object 'Object Repository/MOH AND GRN/Page_KDMC - CMS/select_--Select--No Tax0'

2018-05-09 15:42:14 - [TEST_STEP][PASSED] - setText: Finding Test Object with id 'Object Repository/MOH AND GRN/Page_KDMC - CMS/input_txtmrp'

2018-05-09 15:42:14 - [TEST_STEP][PASSED] - Statement - switch (id): Finding Test Object with id 'Object Repository/MOH AND GRN/Page_KDMC - CMS/input_txtdeal'

2018-05-09 15:42:14 - [TEST_STEP][PASSED] - Statement - case 4:: Text '19.0' is set on object 'Object Repository/MOH AND GRN/Page_KDMC - CMS/input_txtmrp'

2018-05-09 15:42:14 - [TEST_STEP][PASSED] - Statement - return (java.lang.Math.floor((java.lang.Math.random() * ((max - min) + 1))) + min): Text '19.0' is set on object 'Object Repository/MOH AND GRN/Page_KDMC - CMS/input_txtmrp'

2018-05-09 15:42:14 - [MESSAGE][PASSED] - Text '19.0' is set on object 'Object Repository/MOH AND GRN/Page_KDMC - CMS/input_txtmrp'

2018-05-09 15:42:14 - [TEST_STEP][PASSED] - setText: Finding Test Object with id 'Object Repository/MOH AND GRN/Page_KDMC - CMS/input_txtdeal'

2018-05-09 15:42:14 - [TEST_STEP][PASSED] - Statement - switch (id): Finding Test Object with id 'Object Repository/MOH AND GRN/Page_KDMC - CMS/input_txtbatchno'

2018-05-09 15:42:14 - [TEST_STEP][PASSED] - Statement - case 5:: Text '6.0' is set on object 'Object Repository/MOH AND GRN/Page_KDMC - CMS/input_txtdeal'

2018-05-09 15:42:14 - [TEST_STEP][PASSED] - Statement - return (java.lang.Math.floor((java.lang.Math.random() * ((max - min) + 1))) + min): Text '6.0' is set on object 'Object Repository/MOH AND GRN/Page_KDMC - CMS/input_txtdeal'

2018-05-09 15:42:15 - [MESSAGE][PASSED] - Text '6.0' is set on object 'Object Repository/MOH AND GRN/Page_KDMC - CMS/input_txtdeal'

2018-05-09 15:42:15 - [TEST_STEP][PASSED] - setText: Finding Test Object with id 'Object Repository/MOH AND GRN/Page_KDMC - CMS/input_txtbatchno'

2018-05-09 15:42:15 - [TEST_STEP][PASSED] - Statement - switch (id): Finding Test Object with id 'Object Repository/MOH AND GRN/Page_KDMC - CMS/input_txtmrp'

2018-05-09 15:42:15 - [TEST_STEP][PASSED] - Statement - case 1:: Text 'BA761.0' is set on object 'Object Repository/MOH AND GRN/Page_KDMC - CMS/input_txtbatchno'

2018-05-09 15:42:15 - [TEST_STEP][PASSED] - Statement - return (java.lang.Math.floor((java.lang.Math.random() * ((max - min) + 1))) + min): Text 'BA761.0' is set on object 'Object Repository/MOH AND GRN/Page_KDMC - CMS/input_txtbatchno'

2018-05-09 15:42:15 - [MESSAGE][PASSED] - Text 'BA761.0' is set on object 'Object Repository/MOH AND GRN/Page_KDMC - CMS/input_txtbatchno'

2018-05-09 15:42:15 - [TEST_STEP][PASSED] - rightClick: Object: 'Object Repository/GRN/Page_KDMC - CMS/input_txtexpdate' is right clicked on

2018-05-09 15:42:15 - [MESSAGE][PASSED] - Object: 'Object Repository/GRN/Page_KDMC - CMS/input_txtexpdate' is right clicked on

2018-05-09 15:42:15 - [TEST_STEP][PASSED] - selectOptionByIndex: All options with index in [2] are selected on object 'Object Repository/GRN/Page_KDMC - CMS/select_20182019202020212022202'

2018-05-09 15:42:15 - [MESSAGE][PASSED] - All options with index in [2] are selected on object 'Object Repository/GRN/Page_KDMC - CMS/select_20182019202020212022202'

2018-05-09 15:42:15 - [TEST_STEP][PASSED] - selectOptionByIndex: All options with index in [2] are selected on object 'Object Repository/GRN/Page_KDMC - CMS/select_JanFebMarAprMayJunJulAu'

2018-05-09 15:42:15 - [MESSAGE][PASSED] - All options with index in [2] are selected on object 'Object Repository/GRN/Page_KDMC - CMS/select_JanFebMarAprMayJunJulAu'

2018-05-09 15:42:15 - [TEST_STEP][PASSED] - click: Object: 'Object Repository/MOH AND GRN/Page_KDMC - CMS/a_12' is clicked on

2018-05-09 15:42:15 - [MESSAGE][PASSED] - Object: 'Object Repository/MOH AND GRN/Page_KDMC - CMS/a_12' is clicked on

2018-05-09 15:42:15 - [TEST_STEP][PASSED] - click: Object: 'Object Repository/MOH AND GRN/Page_KDMC - CMS/input_btnadd' is clicked on

2018-05-09 15:42:15 - [MESSAGE][PASSED] - Object: 'Object Repository/MOH AND GRN/Page_KDMC - CMS/input_btnadd' is clicked on

2018-05-09 15:42:15 - [TEST_STEP][PASSED] - Statement - If (s == 10): null

2018-05-09 15:42:15 - [TEST_STEP][PASSED] - Statement - Else: null

2018-05-09 15:42:15 - [TEST_STEP][PASSED] - Statement - (s++): null

2018-05-09 15:42:15 - [TEST_STEP][PASSED] - delay: Delayed 1 second(s)

2018-05-09 15:42:16 - [MESSAGE][PASSED] - Delayed 1 second(s)

2018-05-09 15:42:16 - [TEST_STEP][PASSED] - selectOptionByIndex: All options with index in [23] are selected on object 'Object Repository/MOH AND GRN/Page_KDMC - CMS/select_--Select--Amikacin -500'

2018-05-09 15:42:17 - [MESSAGE][PASSED] - All options with index in [23] are selected on object 'Object Repository/MOH AND GRN/Page_KDMC - CMS/select_--Select--Amikacin -500'

2018-05-09 15:42:17 - [TEST_STEP][PASSED] - setText: Text '5000' is set on object 'Object Repository/MOH AND GRN/Page_KDMC - CMS/input_txtqty'

2018-05-09 15:42:17 - [MESSAGE][PASSED] - Text '5000' is set on object 'Object Repository/MOH AND GRN/Page_KDMC - CMS/input_txtqty'

2018-05-09 15:42:17 - [TEST_STEP][PASSED] - selectOptionByIndex: All options with index in [1] are selected on object 'Object Repository/MOH AND GRN/Page_KDMC - CMS/select_--Select--No Tax0'

2018-05-09 15:42:17 - [MESSAGE][PASSED] - All options with index in [1] are selected on object 'Object Repository/MOH AND GRN/Page_KDMC - CMS/select_--Select--No Tax0'

2018-05-09 15:42:17 - [TEST_STEP][PASSED] - setText: Finding Test Object with id 'Object Repository/MOH AND GRN/Page_KDMC - CMS/input_txtmrp'

2018-05-09 15:42:17 - [TEST_STEP][PASSED] - Statement - switch (id): Finding Test Object with id 'Object Repository/MOH AND GRN/Page_KDMC - CMS/input_txtdeal'

2018-05-09 15:42:17 - [TEST_STEP][PASSED] - Statement - case 4:: Text '25.0' is set on object 'Object Repository/MOH AND GRN/Page_KDMC - CMS/input_txtmrp'

2018-05-09 15:42:17 - [TEST_STEP][PASSED] - Statement - return (java.lang.Math.floor((java.lang.Math.random() * ((max - min) + 1))) + min): Text '25.0' is set on object 'Object Repository/MOH AND GRN/Page_KDMC - CMS/input_txtmrp'

2018-05-09 15:42:17 - [MESSAGE][PASSED] - Text '25.0' is set on object 'Object Repository/MOH AND GRN/Page_KDMC - CMS/input_txtmrp'

2018-05-09 15:42:17 - [TEST_STEP][PASSED] - setText: Finding Test Object with id 'Object Repository/MOH AND GRN/Page_KDMC - CMS/input_txtdeal'

2018-05-09 15:42:17 - [TEST_STEP][PASSED] - Statement - switch (id): Finding Test Object with id 'Object Repository/MOH AND GRN/Page_KDMC - CMS/input_txtbatchno'

2018-05-09 15:42:17 - [TEST_STEP][PASSED] - Statement - case 5:: Text '3.0' is set on object 'Object Repository/MOH AND GRN/Page_KDMC - CMS/input_txtdeal'

2018-05-09 15:42:17 - [TEST_STEP][PASSED] - Statement - return (java.lang.Math.floor((java.lang.Math.random() * ((max - min) + 1))) + min): Text '3.0' is set on object 'Object Repository/MOH AND GRN/Page_KDMC - CMS/input_txtdeal'

2018-05-09 15:42:17 - [MESSAGE][PASSED] - Text '3.0' is set on object 'Object Repository/MOH AND GRN/Page_KDMC - CMS/input_txtdeal'

2018-05-09 15:42:17 - [TEST_STEP][PASSED] - setText: Finding Test Object with id 'Object Repository/MOH AND GRN/Page_KDMC - CMS/input_txtbatchno'

2018-05-09 15:42:17 - [TEST_STEP][PASSED] - Statement - switch (id): Finding Test Object with id 'Object Repository/MOH AND GRN/Page_KDMC - CMS/input_txtmrp'

2018-05-09 15:42:17 - [TEST_STEP][PASSED] - Statement - case 1:: Text 'BA436.0' is set on object 'Object Repository/MOH AND GRN/Page_KDMC - CMS/input_txtbatchno'

2018-05-09 15:42:17 - [TEST_STEP][PASSED] - Statement - return (java.lang.Math.floor((java.lang.Math.random() * ((max - min) + 1))) + min): Text 'BA436.0' is set on object 'Object Repository/MOH AND GRN/Page_KDMC - CMS/input_txtbatchno'

2018-05-09 15:42:17 - [MESSAGE][PASSED] - Text 'BA436.0' is set on object 'Object Repository/MOH AND GRN/Page_KDMC - CMS/input_txtbatchno'

2018-05-09 15:42:17 - [TEST_STEP][PASSED] - rightClick: Object: 'Object Repository/GRN/Page_KDMC - CMS/input_txtexpdate' is right clicked on

2018-05-09 15:42:17 - [MESSAGE][PASSED] - Object: 'Object Repository/GRN/Page_KDMC - CMS/input_txtexpdate' is right clicked on

2018-05-09 15:42:17 - [TEST_STEP][PASSED] - selectOptionByIndex: All options with index in [3] are selected on object 'Object Repository/GRN/Page_KDMC - CMS/select_20182019202020212022202'

2018-05-09 15:42:17 - [MESSAGE][PASSED] - All options with index in [3] are selected on object 'Object Repository/GRN/Page_KDMC - CMS/select_20182019202020212022202'

2018-05-09 15:42:17 - [TEST_STEP][PASSED] - selectOptionByIndex: All options with index in [3] are selected on object 'Object Repository/GRN/Page_KDMC - CMS/select_JanFebMarAprMayJunJulAu'

2018-05-09 15:42:18 - [MESSAGE][PASSED] - All options with index in [3] are selected on object 'Object Repository/GRN/Page_KDMC - CMS/select_JanFebMarAprMayJunJulAu'

2018-05-09 15:42:18 - [TEST_STEP][PASSED] - click: Object: 'Object Repository/MOH AND GRN/Page_KDMC - CMS/a_12' is clicked on

2018-05-09 15:42:18 - [MESSAGE][PASSED] - Object: 'Object Repository/MOH AND GRN/Page_KDMC - CMS/a_12' is clicked on

2018-05-09 15:42:18 - [TEST_STEP][PASSED] - click: Object: 'Object Repository/MOH AND GRN/Page_KDMC - CMS/input_btnadd' is clicked on

2018-05-09 15:42:18 - [MESSAGE][PASSED] - Object: 'Object Repository/MOH AND GRN/Page_KDMC - CMS/input_btnadd' is clicked on

2018-05-09 15:42:18 - [TEST_STEP][PASSED] - Statement - If (s == 10): null

2018-05-09 15:42:18 - [TEST_STEP][PASSED] - Statement - Else: null

2018-05-09 15:42:18 - [TEST_STEP][PASSED] - Statement - (s++): null

2018-05-09 15:42:18 - [TEST_STEP][PASSED] - delay: Delayed 1 second(s)

2018-05-09 15:42:19 - [MESSAGE][PASSED] - Delayed 1 second(s)

2018-05-09 15:42:19 - [TEST_STEP][PASSED] - selectOptionByIndex: All options with index in [24] are selected on object 'Object Repository/MOH AND GRN/Page_KDMC - CMS/select_--Select--Amikacin -500'

2018-05-09 15:42:19 - [MESSAGE][PASSED] - All options with index in [24] are selected on object 'Object Repository/MOH AND GRN/Page_KDMC - CMS/select_--Select--Amikacin -500'

2018-05-09 15:42:19 - [TEST_STEP][PASSED] - setText: Text '5000' is set on object 'Object Repository/MOH AND GRN/Page_KDMC - CMS/input_txtqty'

2018-05-09 15:42:19 - [MESSAGE][PASSED] - Text '5000' is set on object 'Object Repository/MOH AND GRN/Page_KDMC - CMS/input_txtqty'

2018-05-09 15:42:19 - [TEST_STEP][PASSED] - selectOptionByIndex: All options with index in [1] are selected on object 'Object Repository/MOH AND GRN/Page_KDMC - CMS/select_--Select--No Tax0'

2018-05-09 15:42:19 - [MESSAGE][PASSED] - All options with index in [1] are selected on object 'Object Repository/MOH AND GRN/Page_KDMC - CMS/select_--Select--No Tax0'

2018-05-09 15:42:19 - [TEST_STEP][PASSED] - setText: Finding Test Object with id 'Object Repository/MOH AND GRN/Page_KDMC - CMS/input_txtmrp'

2018-05-09 15:42:19 - [TEST_STEP][PASSED] - Statement - switch (id): Finding Test Object with id 'Object Repository/MOH AND GRN/Page_KDMC - CMS/input_txtdeal'

2018-05-09 15:42:19 - [TEST_STEP][PASSED] - Statement - case 4:: Text '22.0' is set on object 'Object Repository/MOH AND GRN/Page_KDMC - CMS/input_txtmrp'

2018-05-09 15:42:19 - [TEST_STEP][PASSED] - Statement - return (java.lang.Math.floor((java.lang.Math.random() * ((max - min) + 1))) + min): Text '22.0' is set on object 'Object Repository/MOH AND GRN/Page_KDMC - CMS/input_txtmrp'

2018-05-09 15:42:19 - [MESSAGE][PASSED] - Text '22.0' is set on object 'Object Repository/MOH AND GRN/Page_KDMC - CMS/input_txtmrp'

2018-05-09 15:42:19 - [TEST_STEP][PASSED] - setText: Finding Test Object with id 'Object Repository/MOH AND GRN/Page_KDMC - CMS/input_txtdeal'

2018-05-09 15:42:19 - [TEST_STEP][PASSED] - Statement - switch (id): Finding Test Object with id 'Object Repository/MOH AND GRN/Page_KDMC - CMS/input_txtbatchno'

2018-05-09 15:42:19 - [TEST_STEP][PASSED] - Statement - case 5:: Text '8.0' is set on object 'Object Repository/MOH AND GRN/Page_KDMC - CMS/input_txtdeal'

2018-05-09 15:42:19 - [TEST_STEP][PASSED] - Statement - return (java.lang.Math.floor((java.lang.Math.random() * ((max - min) + 1))) + min): Text '8.0' is set on object 'Object Repository/MOH AND GRN/Page_KDMC - CMS/input_txtdeal'

2018-05-09 15:42:20 - [MESSAGE][PASSED] - Text '8.0' is set on object 'Object Repository/MOH AND GRN/Page_KDMC - CMS/input_txtdeal'

2018-05-09 15:42:20 - [TEST_STEP][PASSED] - setText: Finding Test Object with id 'Object Repository/MOH AND GRN/Page_KDMC - CMS/input_txtbatchno'

2018-05-09 15:42:20 - [TEST_STEP][PASSED] - Statement - switch (id): Finding Test Object with id 'Object Repository/MOH AND GRN/Page_KDMC - CMS/input_txtmrp'

2018-05-09 15:42:20 - [TEST_STEP][PASSED] - Statement - case 1:: Text 'BA928.0' is set on object 'Object Repository/MOH AND GRN/Page_KDMC - CMS/input_txtbatchno'

2018-05-09 15:42:20 - [TEST_STEP][PASSED] - Statement - return (java.lang.Math.floor((java.lang.Math.random() * ((max - min) + 1))) + min): Text 'BA928.0' is set on object 'Object Repository/MOH AND GRN/Page_KDMC - CMS/input_txtbatchno'

2018-05-09 15:42:20 - [MESSAGE][PASSED] - Text 'BA928.0' is set on object 'Object Repository/MOH AND GRN/Page_KDMC - CMS/input_txtbatchno'

2018-05-09 15:42:20 - [TEST_STEP][PASSED] - rightClick: Object: 'Object Repository/GRN/Page_KDMC - CMS/input_txtexpdate' is right clicked on

2018-05-09 15:42:20 - [MESSAGE][PASSED] - Object: 'Object Repository/GRN/Page_KDMC - CMS/input_txtexpdate' is right clicked on

2018-05-09 15:42:20 - [TEST_STEP][PASSED] - selectOptionByIndex: All options with index in [4] are selected on object 'Object Repository/GRN/Page_KDMC - CMS/select_20182019202020212022202'

2018-05-09 15:42:20 - [MESSAGE][PASSED] - All options with index in [4] are selected on object 'Object Repository/GRN/Page_KDMC - CMS/select_20182019202020212022202'

2018-05-09 15:42:20 - [TEST_STEP][PASSED] - selectOptionByIndex: All options with index in [4] are selected on object 'Object Repository/GRN/Page_KDMC - CMS/select_JanFebMarAprMayJunJulAu'

2018-05-09 15:42:20 - [MESSAGE][PASSED] - All options with index in [4] are selected on object 'Object Repository/GRN/Page_KDMC - CMS/select_JanFebMarAprMayJunJulAu'

2018-05-09 15:42:20 - [TEST_STEP][PASSED] - click: Object: 'Object Repository/MOH AND GRN/Page_KDMC - CMS/a_12' is clicked on

2018-05-09 15:42:20 - [MESSAGE][PASSED] - Object: 'Object Repository/MOH AND GRN/Page_KDMC - CMS/a_12' is clicked on

2018-05-09 15:42:20 - [TEST_STEP][PASSED] - click: Object: 'Object Repository/MOH AND GRN/Page_KDMC - CMS/input_btnadd' is clicked on

2018-05-09 15:42:20 - [MESSAGE][PASSED] - Object: 'Object Repository/MOH AND GRN/Page_KDMC - CMS/input_btnadd' is clicked on

2018-05-09 15:42:20 - [TEST_STEP][PASSED] - Statement - If (s == 10): null

2018-05-09 15:42:20 - [TEST_STEP][PASSED] - Statement - Else: null

2018-05-09 15:42:20 - [TEST_STEP][PASSED] - Statement - (s++): null

2018-05-09 15:42:20 - [TEST_STEP][PASSED] - delay: Delayed 1 second(s)

2018-05-09 15:42:21 - [MESSAGE][PASSED] - Delayed 1 second(s)

2018-05-09 15:42:21 - [TEST_STEP][PASSED] - selectOptionByIndex: All options with index in [25] are selected on object 'Object Repository/MOH AND GRN/Page_KDMC - CMS/select_--Select--Amikacin -500'

2018-05-09 15:42:22 - [MESSAGE][PASSED] - All options with index in [25] are selected on object 'Object Repository/MOH AND GRN/Page_KDMC - CMS/select_--Select--Amikacin -500'

2018-05-09 15:42:22 - [TEST_STEP][PASSED] - setText: Text '5000' is set on object 'Object Repository/MOH AND GRN/Page_KDMC - CMS/input_txtqty'

2018-05-09 15:42:22 - [MESSAGE][PASSED] - Text '5000' is set on object 'Object Repository/MOH AND GRN/Page_KDMC - CMS/input_txtqty'

2018-05-09 15:42:22 - [TEST_STEP][PASSED] - selectOptionByIndex: All options with index in [1] are selected on object 'Object Repository/MOH AND GRN/Page_KDMC - CMS/select_--Select--No Tax0'

2018-05-09 15:42:22 - [MESSAGE][PASSED] - All options with index in [1] are selected on object 'Object Repository/MOH AND GRN/Page_KDMC - CMS/select_--Select--No Tax0'

2018-05-09 15:42:22 - [TEST_STEP][PASSED] - setText: Finding Test Object with id 'Object Repository/MOH AND GRN/Page_KDMC - CMS/input_txtmrp'

2018-05-09 15:42:22 - [TEST_STEP][PASSED] - Statement - switch (id): Finding Test Object with id 'Object Repository/MOH AND GRN/Page_KDMC - CMS/input_txtdeal'

2018-05-09 15:42:22 - [TEST_STEP][PASSED] - Statement - case 4:: Text '21.0' is set on object 'Object Repository/MOH AND GRN/Page_KDMC - CMS/input_txtmrp'

2018-05-09 15:42:22 - [TEST_STEP][PASSED] - Statement - return (java.lang.Math.floor((java.lang.Math.random() * ((max - min) + 1))) + min): Text '21.0' is set on object 'Object Repository/MOH AND GRN/Page_KDMC - CMS/input_txtmrp'

2018-05-09 15:42:22 - [MESSAGE][PASSED] - Text '21.0' is set on object 'Object Repository/MOH AND GRN/Page_KDMC - CMS/input_txtmrp'

2018-05-09 15:42:22 - [TEST_STEP][PASSED] - setText: Finding Test Object with id 'Object Repository/MOH AND GRN/Page_KDMC - CMS/input_txtdeal'

2018-05-09 15:42:22 - [TEST_STEP][PASSED] - Statement - switch (id): Finding Test Object with id 'Object Repository/MOH AND GRN/Page_KDMC - CMS/input_txtbatchno'

2018-05-09 15:42:22 - [TEST_STEP][PASSED] - Statement - case 5:: Text '5.0' is set on object 'Object Repository/MOH AND GRN/Page_KDMC - CMS/input_txtdeal'

2018-05-09 15:42:22 - [TEST_STEP][PASSED] - Statement - return (java.lang.Math.floor((java.lang.Math.random() * ((max - min) + 1))) + min): Text '5.0' is set on object 'Object Repository/MOH AND GRN/Page_KDMC - CMS/input_txtdeal'

2018-05-09 15:42:22 - [MESSAGE][PASSED] - Text '5.0' is set on object 'Object Repository/MOH AND GRN/Page_KDMC - CMS/input_txtdeal'

2018-05-09 15:42:22 - [TEST_STEP][PASSED] - setText: Finding Test Object with id 'Object Repository/MOH AND GRN/Page_KDMC - CMS/input_txtbatchno'

2018-05-09 15:42:22 - [TEST_STEP][PASSED] - Statement - switch (id): Finding Test Object with id 'Object Repository/MOH AND GRN/Page_KDMC - CMS/input_txtmrp'

2018-05-09 15:42:22 - [TEST_STEP][PASSED] - Statement - case 1:: Text 'BA556.0' is set on object 'Object Repository/MOH AND GRN/Page_KDMC - CMS/input_txtbatchno'

2018-05-09 15:42:22 - [TEST_STEP][PASSED] - Statement - return (java.lang.Math.floor((java.lang.Math.random() * ((max - min) + 1))) + min): Text 'BA556.0' is set on object 'Object Repository/MOH AND GRN/Page_KDMC - CMS/input_txtbatchno'

2018-05-09 15:42:22 - [MESSAGE][PASSED] - Text 'BA556.0' is set on object 'Object Repository/MOH AND GRN/Page_KDMC - CMS/input_txtbatchno'

2018-05-09 15:42:22 - [TEST_STEP][PASSED] - rightClick: Object: 'Object Repository/GRN/Page_KDMC - CMS/input_txtexpdate' is right clicked on

2018-05-09 15:42:22 - [MESSAGE][PASSED] - Object: 'Object Repository/GRN/Page_KDMC - CMS/input_txtexpdate' is right clicked on

2018-05-09 15:42:22 - [TEST_STEP][PASSED] - selectOptionByIndex: All options with index in [5] are selected on object 'Object Repository/GRN/Page_KDMC - CMS/select_20182019202020212022202'

2018-05-09 15:42:22 - [MESSAGE][PASSED] - All options with index in [5] are selected on object 'Object Repository/GRN/Page_KDMC - CMS/select_20182019202020212022202'

2018-05-09 15:42:22 - [TEST_STEP][PASSED] - selectOptionByIndex: All options with index in [5] are selected on object 'Object Repository/GRN/Page_KDMC - CMS/select_JanFebMarAprMayJunJulAu'

2018-05-09 15:42:23 - [MESSAGE][PASSED] - All options with index in [5] are selected on object 'Object Repository/GRN/Page_KDMC - CMS/select_JanFebMarAprMayJunJulAu'

2018-05-09 15:42:23 - [TEST_STEP][PASSED] - click: Object: 'Object Repository/MOH AND GRN/Page_KDMC - CMS/a_12' is clicked on

2018-05-09 15:42:23 - [MESSAGE][PASSED] - Object: 'Object Repository/MOH AND GRN/Page_KDMC - CMS/a_12' is clicked on

2018-05-09 15:42:23 - [TEST_STEP][PASSED] - click: Object: 'Object Repository/MOH AND GRN/Page_KDMC - CMS/input_btnadd' is clicked on

2018-05-09 15:42:23 - [MESSAGE][PASSED] - Object: 'Object Repository/MOH AND GRN/Page_KDMC - CMS/input_btnadd' is clicked on

2018-05-09 15:42:23 - [TEST_STEP][PASSED] - Statement - If (s == 10): null

2018-05-09 15:42:23 - [TEST_STEP][PASSED] - Statement - Else: null

2018-05-09 15:42:23 - [TEST_STEP][PASSED] - Statement - (s++): null

2018-05-09 15:42:23 - [TEST_STEP][PASSED] - delay: Delayed 1 second(s)

2018-05-09 15:42:24 - [MESSAGE][PASSED] - Delayed 1 second(s)

2018-05-09 15:42:24 - [TEST_STEP][PASSED] - selectOptionByIndex: All options with index in [26] are selected on object 'Object Repository/MOH AND GRN/Page_KDMC - CMS/select_--Select--Amikacin -500'

2018-05-09 15:42:24 - [MESSAGE][PASSED] - All options with index in [26] are selected on object 'Object Repository/MOH AND GRN/Page_KDMC - CMS/select_--Select--Amikacin -500'

2018-05-09 15:42:24 - [TEST_STEP][PASSED] - setText: Text '5000' is set on object 'Object Repository/MOH AND GRN/Page_KDMC - CMS/input_txtqty'

2018-05-09 15:42:24 - [MESSAGE][PASSED] - Text '5000' is set on object 'Object Repository/MOH AND GRN/Page_KDMC - CMS/input_txtqty'

2018-05-09 15:42:24 - [TEST_STEP][PASSED] - selectOptionByIndex: All options with index in [1] are selected on object 'Object Repository/MOH AND GRN/Page_KDMC - CMS/select_--Select--No Tax0'

2018-05-09 15:42:24 - [MESSAGE][PASSED] - All options with index in [1] are selected on object 'Object Repository/MOH AND GRN/Page_KDMC - CMS/select_--Select--No Tax0'

2018-05-09 15:42:24 - [TEST_STEP][PASSED] - setText: Finding Test Object with id 'Object Repository/MOH AND GRN/Page_KDMC - CMS/input_txtmrp'

2018-05-09 15:42:24 - [TEST_STEP][PASSED] - Statement - switch (id): Finding Test Object with id 'Object Repository/MOH AND GRN/Page_KDMC - CMS/input_txtdeal'

2018-05-09 15:42:24 - [TEST_STEP][PASSED] - Statement - case 4:: Text '20.0' is set on object 'Object Repository/MOH AND GRN/Page_KDMC - CMS/input_txtmrp'

2018-05-09 15:42:24 - [TEST_STEP][PASSED] - Statement - return (java.lang.Math.floor((java.lang.Math.random() * ((max - min) + 1))) + min): Text '20.0' is set on object 'Object Repository/MOH AND GRN/Page_KDMC - CMS/input_txtmrp'

2018-05-09 15:42:25 - [MESSAGE][PASSED] - Text '20.0' is set on object 'Object Repository/MOH AND GRN/Page_KDMC - CMS/input_txtmrp'

2018-05-09 15:42:25 - [TEST_STEP][PASSED] - setText: Finding Test Object with id 'Object Repository/MOH AND GRN/Page_KDMC - CMS/input_txtdeal'

2018-05-09 15:42:25 - [TEST_STEP][PASSED] - Statement - switch (id): Finding Test Object with id 'Object Repository/MOH AND GRN/Page_KDMC - CMS/input_txtbatchno'

2018-05-09 15:42:25 - [TEST_STEP][PASSED] - Statement - case 5:: Text '6.0' is set on object 'Object Repository/MOH AND GRN/Page_KDMC - CMS/input_txtdeal'

2018-05-09 15:42:25 - [TEST_STEP][PASSED] - Statement - return (java.lang.Math.floor((java.lang.Math.random() * ((max - min) + 1))) + min): Text '6.0' is set on object 'Object Repository/MOH AND GRN/Page_KDMC - CMS/input_txtdeal'

2018-05-09 15:42:25 - [MESSAGE][PASSED] - Text '6.0' is set on object 'Object Repository/MOH AND GRN/Page_KDMC - CMS/input_txtdeal'

2018-05-09 15:42:25 - [TEST_STEP][PASSED] - setText: Finding Test Object with id 'Object Repository/MOH AND GRN/Page_KDMC - CMS/input_txtbatchno'

2018-05-09 15:42:25 - [TEST_STEP][PASSED] - Statement - switch (id): Finding Test Object with id 'Object Repository/MOH AND GRN/Page_KDMC - CMS/input_txtmrp'

2018-05-09 15:42:25 - [TEST_STEP][PASSED] - Statement - case 1:: Text 'BA474.0' is set on object 'Object Repository/MOH AND GRN/Page_KDMC - CMS/input_txtbatchno'

2018-05-09 15:42:25 - [TEST_STEP][PASSED] - Statement - return (java.lang.Math.floor((java.lang.Math.random() * ((max - min) + 1))) + min): Text 'BA474.0' is set on object 'Object Repository/MOH AND GRN/Page_KDMC - CMS/input_txtbatchno'

2018-05-09 15:42:25 - [MESSAGE][PASSED] - Text 'BA474.0' is set on object 'Object Repository/MOH AND GRN/Page_KDMC - CMS/input_txtbatchno'

2018-05-09 15:42:25 - [TEST_STEP][PASSED] - rightClick: Object: 'Object Repository/GRN/Page_KDMC - CMS/input_txtexpdate' is right clicked on

2018-05-09 15:42:25 - [MESSAGE][PASSED] - Object: 'Object Repository/GRN/Page_KDMC - CMS/input_txtexpdate' is right clicked on

2018-05-09 15:42:25 - [TEST_STEP][PASSED] - selectOptionByIndex: All options with index in [6] are selected on object 'Object Repository/GRN/Page_KDMC - CMS/select_20182019202020212022202'

2018-05-09 15:42:25 - [MESSAGE][PASSED] - All options with index in [6] are selected on object 'Object Repository/GRN/Page_KDMC - CMS/select_20182019202020212022202'

2018-05-09 15:42:25 - [TEST_STEP][PASSED] - selectOptionByIndex: All options with index in [6] are selected on object 'Object Repository/GRN/Page_KDMC - CMS/select_JanFebMarAprMayJunJulAu'

2018-05-09 15:42:25 - [MESSAGE][PASSED] - All options with index in [6] are selected on object 'Object Repository/GRN/Page_KDMC - CMS/select_JanFebMarAprMayJunJulAu'

2018-05-09 15:42:25 - [TEST_STEP][PASSED] - click: Object: 'Object Repository/MOH AND GRN/Page_KDMC - CMS/a_12' is clicked on

2018-05-09 15:42:25 - [MESSAGE][PASSED] - Object: 'Object Repository/MOH AND GRN/Page_KDMC - CMS/a_12' is clicked on

2018-05-09 15:42:25 - [TEST_STEP][PASSED] - click: Object: 'Object Repository/MOH AND GRN/Page_KDMC - CMS/input_btnadd' is clicked on

2018-05-09 15:42:25 - [MESSAGE][PASSED] - Object: 'Object Repository/MOH AND GRN/Page_KDMC - CMS/input_btnadd' is clicked on

2018-05-09 15:42:25 - [TEST_STEP][PASSED] - Statement - If (s == 10): null

2018-05-09 15:42:25 - [TEST_STEP][PASSED] - Statement - Else: null

2018-05-09 15:42:25 - [TEST_STEP][PASSED] - Statement - (s++): null

2018-05-09 15:42:25 - [TEST_STEP][PASSED] - delay: Delayed 1 second(s)

2018-05-09 15:42:26 - [MESSAGE][PASSED] - Delayed 1 second(s)

2018-05-09 15:42:26 - [TEST_STEP][PASSED] - selectOptionByIndex: All options with index in [27] are selected on object 'Object Repository/MOH AND GRN/Page_KDMC - CMS/select_--Select--Amikacin -500'

2018-05-09 15:42:27 - [MESSAGE][PASSED] - All options with index in [27] are selected on object 'Object Repository/MOH AND GRN/Page_KDMC - CMS/select_--Select--Amikacin -500'

2018-05-09 15:42:27 - [TEST_STEP][PASSED] - setText: Text '5000' is set on object 'Object Repository/MOH AND GRN/Page_KDMC - CMS/input_txtqty'

2018-05-09 15:42:27 - [MESSAGE][PASSED] - Text '5000' is set on object 'Object Repository/MOH AND GRN/Page_KDMC - CMS/input_txtqty'

2018-05-09 15:42:27 - [TEST_STEP][PASSED] - selectOptionByIndex: All options with index in [1] are selected on object 'Object Repository/MOH AND GRN/Page_KDMC - CMS/select_--Select--No Tax0'

2018-05-09 15:42:27 - [MESSAGE][PASSED] - All options with index in [1] are selected on object 'Object Repository/MOH AND GRN/Page_KDMC - CMS/select_--Select--No Tax0'

2018-05-09 15:42:27 - [TEST_STEP][PASSED] - setText: Finding Test Object with id 'Object Repository/MOH AND GRN/Page_KDMC - CMS/input_txtmrp'

2018-05-09 15:42:27 - [TEST_STEP][PASSED] - Statement - switch (id): Finding Test Object with id 'Object Repository/MOH AND GRN/Page_KDMC - CMS/input_txtdeal'

2018-05-09 15:42:27 - [TEST_STEP][PASSED] - Statement - case 4:: Text '17.0' is set on object 'Object Repository/MOH AND GRN/Page_KDMC - CMS/input_txtmrp'

2018-05-09 15:42:27 - [TEST_STEP][PASSED] - Statement - return (java.lang.Math.floor((java.lang.Math.random() * ((max - min) + 1))) + min): Text '17.0' is set on object 'Object Repository/MOH AND GRN/Page_KDMC - CMS/input_txtmrp'

2018-05-09 15:42:27 - [MESSAGE][PASSED] - Text '17.0' is set on object 'Object Repository/MOH AND GRN/Page_KDMC - CMS/input_txtmrp'

2018-05-09 15:42:27 - [TEST_STEP][PASSED] - setText: Finding Test Object with id 'Object Repository/MOH AND GRN/Page_KDMC - CMS/input_txtdeal'

2018-05-09 15:42:27 - [TEST_STEP][PASSED] - Statement - switch (id): Finding Test Object with id 'Object Repository/MOH AND GRN/Page_KDMC - CMS/input_txtbatchno'

2018-05-09 15:42:27 - [TEST_STEP][PASSED] - Statement - case 5:: Text '8.0' is set on object 'Object Repository/MOH AND GRN/Page_KDMC - CMS/input_txtdeal'

2018-05-09 15:42:27 - [TEST_STEP][PASSED] - Statement - return (java.lang.Math.floor((java.lang.Math.random() * ((max - min) + 1))) + min): Text '8.0' is set on object 'Object Repository/MOH AND GRN/Page_KDMC - CMS/input_txtdeal'

2018-05-09 15:42:27 - [MESSAGE][PASSED] - Text '8.0' is set on object 'Object Repository/MOH AND GRN/Page_KDMC - CMS/input_txtdeal'

2018-05-09 15:42:27 - [TEST_STEP][PASSED] - setText: Finding Test Object with id 'Object Repository/MOH AND GRN/Page_KDMC - CMS/input_txtbatchno'

2018-05-09 15:42:27 - [TEST_STEP][PASSED] - Statement - switch (id): Finding Test Object with id 'Object Repository/MOH AND GRN/Page_KDMC - CMS/input_txtmrp'

2018-05-09 15:42:27 - [TEST_STEP][PASSED] - Statement - case 1:: Text 'BA498.0' is set on object 'Object Repository/MOH AND GRN/Page_KDMC - CMS/input_txtbatchno'

2018-05-09 15:42:27 - [TEST_STEP][PASSED] - Statement - return (java.lang.Math.floor((java.lang.Math.random() * ((max - min) + 1))) + min): Text 'BA498.0' is set on object 'Object Repository/MOH AND GRN/Page_KDMC - CMS/input_txtbatchno'

2018-05-09 15:42:27 - [MESSAGE][PASSED] - Text 'BA498.0' is set on object 'Object Repository/MOH AND GRN/Page_KDMC - CMS/input_txtbatchno'

2018-05-09 15:42:27 - [TEST_STEP][PASSED] - rightClick: Object: 'Object Repository/GRN/Page_KDMC - CMS/input_txtexpdate' is right clicked on

2018-05-09 15:42:27 - [MESSAGE][PASSED] - Object: 'Object Repository/GRN/Page_KDMC - CMS/input_txtexpdate' is right clicked on

2018-05-09 15:42:27 - [TEST_STEP][PASSED] - selectOptionByIndex: All options with index in [7] are selected on object 'Object Repository/GRN/Page_KDMC - CMS/select_20182019202020212022202'

2018-05-09 15:42:28 - [MESSAGE][PASSED] - All options with index in [7] are selected on object 'Object Repository/GRN/Page_KDMC - CMS/select_20182019202020212022202'

2018-05-09 15:42:28 - [TEST_STEP][PASSED] - selectOptionByIndex: All options with index in [7] are selected on object 'Object Repository/GRN/Page_KDMC - CMS/select_JanFebMarAprMayJunJulAu'

2018-05-09 15:42:28 - [MESSAGE][PASSED] - All options with index in [7] are selected on object 'Object Repository/GRN/Page_KDMC - CMS/select_JanFebMarAprMayJunJulAu'

2018-05-09 15:42:28 - [TEST_STEP][PASSED] - click: Object: 'Object Repository/MOH AND GRN/Page_KDMC - CMS/a_12' is clicked on

2018-05-09 15:42:28 - [MESSAGE][PASSED] - Object: 'Object Repository/MOH AND GRN/Page_KDMC - CMS/a_12' is clicked on

2018-05-09 15:42:28 - [TEST_STEP][PASSED] - click: Object: 'Object Repository/MOH AND GRN/Page_KDMC - CMS/input_btnadd' is clicked on

2018-05-09 15:42:28 - [MESSAGE][PASSED] - Object: 'Object Repository/MOH AND GRN/Page_KDMC - CMS/input_btnadd' is clicked on

2018-05-09 15:42:28 - [TEST_STEP][PASSED] - Statement - If (s == 10): null

2018-05-09 15:42:28 - [TEST_STEP][PASSED] - Statement - Else: null

2018-05-09 15:42:28 - [TEST_STEP][PASSED] - Statement - (s++): null

2018-05-09 15:42:28 - [TEST_STEP][PASSED] - delay: Delayed 1 second(s)

2018-05-09 15:42:29 - [MESSAGE][PASSED] - Delayed 1 second(s)

2018-05-09 15:42:29 - [TEST_STEP][PASSED] - selectOptionByIndex: All options with index in [28] are selected on object 'Object Repository/MOH AND GRN/Page_KDMC - CMS/select_--Select--Amikacin -500'

2018-05-09 15:42:29 - [MESSAGE][PASSED] - All options with index in [28] are selected on object 'Object Repository/MOH AND GRN/Page_KDMC - CMS/select_--Select--Amikacin -500'

2018-05-09 15:42:29 - [TEST_STEP][PASSED] - setText: Text '5000' is set on object 'Object Repository/MOH AND GRN/Page_KDMC - CMS/input_txtqty'

2018-05-09 15:42:30 - [MESSAGE][PASSED] - Text '5000' is set on object 'Object Repository/MOH AND GRN/Page_KDMC - CMS/input_txtqty'

2018-05-09 15:42:30 - [TEST_STEP][PASSED] - selectOptionByIndex: All options with index in [1] are selected on object 'Object Repository/MOH AND GRN/Page_KDMC - CMS/select_--Select--No Tax0'

2018-05-09 15:42:30 - [MESSAGE][PASSED] - All options with index in [1] are selected on object 'Object Repository/MOH AND GRN/Page_KDMC - CMS/select_--Select--No Tax0'

2018-05-09 15:42:30 - [TEST_STEP][PASSED] - setText: Finding Test Object with id 'Object Repository/MOH AND GRN/Page_KDMC - CMS/input_txtmrp'

2018-05-09 15:42:30 - [TEST_STEP][PASSED] - Statement - switch (id): Finding Test Object with id 'Object Repository/MOH AND GRN/Page_KDMC - CMS/input_txtdeal'

2018-05-09 15:42:30 - [TEST_STEP][PASSED] - Statement - case 4:: Text '29.0' is set on object 'Object Repository/MOH AND GRN/Page_KDMC - CMS/input_txtmrp'

2018-05-09 15:42:30 - [TEST_STEP][PASSED] - Statement - return (java.lang.Math.floor((java.lang.Math.random() * ((max - min) + 1))) + min): Text '29.0' is set on object 'Object Repository/MOH AND GRN/Page_KDMC - CMS/input_txtmrp'

2018-05-09 15:42:30 - [MESSAGE][PASSED] - Text '29.0' is set on object 'Object Repository/MOH AND GRN/Page_KDMC - CMS/input_txtmrp'

2018-05-09 15:42:30 - [TEST_STEP][PASSED] - setText: Finding Test Object with id 'Object Repository/MOH AND GRN/Page_KDMC - CMS/input_txtdeal'

2018-05-09 15:42:30 - [TEST_STEP][PASSED] - Statement - switch (id): Finding Test Object with id 'Object Repository/MOH AND GRN/Page_KDMC - CMS/input_txtbatchno'

2018-05-09 15:42:30 - [TEST_STEP][PASSED] - Statement - case 5:: Text '12.0' is set on object 'Object Repository/MOH AND GRN/Page_KDMC - CMS/input_txtdeal'

2018-05-09 15:42:30 - [TEST_STEP][PASSED] - Statement - return (java.lang.Math.floor((java.lang.Math.random() * ((max - min) + 1))) + min): Text '12.0' is set on object 'Object Repository/MOH AND GRN/Page_KDMC - CMS/input_txtdeal'

2018-05-09 15:42:30 - [MESSAGE][PASSED] - Text '12.0' is set on object 'Object Repository/MOH AND GRN/Page_KDMC - CMS/input_txtdeal'

2018-05-09 15:42:30 - [TEST_STEP][PASSED] - setText: Finding Test Object with id 'Object Repository/MOH AND GRN/Page_KDMC - CMS/input_txtbatchno'

2018-05-09 15:42:30 - [TEST_STEP][PASSED] - Statement - switch (id): Finding Test Object with id 'Object Repository/MOH AND GRN/Page_KDMC - CMS/input_txtmrp'

2018-05-09 15:42:30 - [TEST_STEP][PASSED] - Statement - case 1:: Text 'BA452.0' is set on object 'Object Repository/MOH AND GRN/Page_KDMC - CMS/input_txtbatchno'

2018-05-09 15:42:30 - [TEST_STEP][PASSED] - Statement - return (java.lang.Math.floor((java.lang.Math.random() * ((max - min) + 1))) + min): Text 'BA452.0' is set on object 'Object Repository/MOH AND GRN/Page_KDMC - CMS/input_txtbatchno'

2018-05-09 15:42:30 - [MESSAGE][PASSED] - Text 'BA452.0' is set on object 'Object Repository/MOH AND GRN/Page_KDMC - CMS/input_txtbatchno'

2018-05-09 15:42:30 - [TEST_STEP][PASSED] - rightClick: Object: 'Object Repository/GRN/Page_KDMC - CMS/input_txtexpdate' is right clicked on

2018-05-09 15:42:30 - [MESSAGE][PASSED] - Object: 'Object Repository/GRN/Page_KDMC - CMS/input_txtexpdate' is right clicked on

2018-05-09 15:42:30 - [TEST_STEP][PASSED] - selectOptionByIndex: All options with index in [8] are selected on object 'Object Repository/GRN/Page_KDMC - CMS/select_20182019202020212022202'

2018-05-09 15:42:30 - [MESSAGE][PASSED] - All options with index in [8] are selected on object 'Object Repository/GRN/Page_KDMC - CMS/select_20182019202020212022202'

2018-05-09 15:42:30 - [TEST_STEP][PASSED] - selectOptionByIndex: All options with index in [8] are selected on object 'Object Repository/GRN/Page_KDMC - CMS/select_JanFebMarAprMayJunJulAu'

2018-05-09 15:42:30 - [MESSAGE][PASSED] - All options with index in [8] are selected on object 'Object Repository/GRN/Page_KDMC - CMS/select_JanFebMarAprMayJunJulAu'

2018-05-09 15:42:30 - [TEST_STEP][PASSED] - click: Object: 'Object Repository/MOH AND GRN/Page_KDMC - CMS/a_12' is clicked on

2018-05-09 15:42:30 - [MESSAGE][PASSED] - Object: 'Object Repository/MOH AND GRN/Page_KDMC - CMS/a_12' is clicked on

2018-05-09 15:42:30 - [TEST_STEP][PASSED] - click: Object: 'Object Repository/MOH AND GRN/Page_KDMC - CMS/input_btnadd' is clicked on

2018-05-09 15:42:31 - [MESSAGE][PASSED] - Object: 'Object Repository/MOH AND GRN/Page_KDMC - CMS/input_btnadd' is clicked on

2018-05-09 15:42:31 - [TEST_STEP][PASSED] - Statement - If (s == 10): null

2018-05-09 15:42:31 - [TEST_STEP][PASSED] - Statement - Else: null

2018-05-09 15:42:31 - [TEST_STEP][PASSED] - Statement - (s++): null

2018-05-09 15:42:31 - [TEST_STEP][PASSED] - delay: Delayed 1 second(s)

2018-05-09 15:42:32 - [MESSAGE][PASSED] - Delayed 1 second(s)

2018-05-09 15:42:32 - [TEST_STEP][PASSED] - selectOptionByIndex: All options with index in [29] are selected on object 'Object Repository/MOH AND GRN/Page_KDMC - CMS/select_--Select--Amikacin -500'

2018-05-09 15:42:32 - [MESSAGE][PASSED] - All options with index in [29] are selected on object 'Object Repository/MOH AND GRN/Page_KDMC - CMS/select_--Select--Amikacin -500'

2018-05-09 15:42:32 - [TEST_STEP][PASSED] - setText: Text '5000' is set on object 'Object Repository/MOH AND GRN/Page_KDMC - CMS/input_txtqty'

2018-05-09 15:42:32 - [MESSAGE][PASSED] - Text '5000' is set on object 'Object Repository/MOH AND GRN/Page_KDMC - CMS/input_txtqty'

2018-05-09 15:42:32 - [TEST_STEP][PASSED] - selectOptionByIndex: All options with index in [1] are selected on object 'Object Repository/MOH AND GRN/Page_KDMC - CMS/select_--Select--No Tax0'

2018-05-09 15:42:32 - [MESSAGE][PASSED] - All options with index in [1] are selected on object 'Object Repository/MOH AND GRN/Page_KDMC - CMS/select_--Select--No Tax0'

2018-05-09 15:42:32 - [TEST_STEP][PASSED] - setText: Finding Test Object with id 'Object Repository/MOH AND GRN/Page_KDMC - CMS/input_txtmrp'

2018-05-09 15:42:32 - [TEST_STEP][PASSED] - Statement - switch (id): Finding Test Object with id 'Object Repository/MOH AND GRN/Page_KDMC - CMS/input_txtdeal'

2018-05-09 15:42:32 - [TEST_STEP][PASSED] - Statement - case 4:: Text '31.0' is set on object 'Object Repository/MOH AND GRN/Page_KDMC - CMS/input_txtmrp'

2018-05-09 15:42:32 - [TEST_STEP][PASSED] - Statement - return (java.lang.Math.floor((java.lang.Math.random() * ((max - min) + 1))) + min): Text '31.0' is set on object 'Object Repository/MOH AND GRN/Page_KDMC - CMS/input_txtmrp'

2018-05-09 15:42:32 - [MESSAGE][PASSED] - Text '31.0' is set on object 'Object Repository/MOH AND GRN/Page_KDMC - CMS/input_txtmrp'

2018-05-09 15:42:32 - [TEST_STEP][PASSED] - setText: Finding Test Object with id 'Object Repository/MOH AND GRN/Page_KDMC - CMS/input_txtdeal'

2018-05-09 15:42:32 - [TEST_STEP][PASSED] - Statement - switch (id): Finding Test Object with id 'Object Repository/MOH AND GRN/Page_KDMC - CMS/input_txtbatchno'

2018-05-09 15:42:32 - [TEST_STEP][PASSED] - Statement - case 5:: Text '7.0' is set on object 'Object Repository/MOH AND GRN/Page_KDMC - CMS/input_txtdeal'

2018-05-09 15:42:32 - [TEST_STEP][PASSED] - Statement - return (java.lang.Math.floor((java.lang.Math.random() * ((max - min) + 1))) + min): Text '7.0' is set on object 'Object Repository/MOH AND GRN/Page_KDMC - CMS/input_txtdeal'

2018-05-09 15:42:32 - [MESSAGE][PASSED] - Text '7.0' is set on object 'Object Repository/MOH AND GRN/Page_KDMC - CMS/input_txtdeal'

2018-05-09 15:42:32 - [TEST_STEP][PASSED] - setText: Finding Test Object with id 'Object Repository/MOH AND GRN/Page_KDMC - CMS/input_txtbatchno'

2018-05-09 15:42:32 - [TEST_STEP][PASSED] - Statement - switch (id): Finding Test Object with id 'Object Repository/MOH AND GRN/Page_KDMC - CMS/input_txtmrp'

2018-05-09 15:42:32 - [TEST_STEP][PASSED] - Statement - case 1:: Text 'BA326.0' is set on object 'Object Repository/MOH AND GRN/Page_KDMC - CMS/input_txtbatchno'

2018-05-09 15:42:32 - [TEST_STEP][PASSED] - Statement - return (java.lang.Math.floor((java.lang.Math.random() * ((max - min) + 1))) + min): Text 'BA326.0' is set on object 'Object Repository/MOH AND GRN/Page_KDMC - CMS/input_txtbatchno'

2018-05-09 15:42:32 - [MESSAGE][PASSED] - Text 'BA326.0' is set on object 'Object Repository/MOH AND GRN/Page_KDMC - CMS/input_txtbatchno'

2018-05-09 15:42:32 - [TEST_STEP][PASSED] - rightClick: Object: 'Object Repository/GRN/Page_KDMC - CMS/input_txtexpdate' is right clicked on

2018-05-09 15:42:33 - [MESSAGE][PASSED] - Object: 'Object Repository/GRN/Page_KDMC - CMS/input_txtexpdate' is right clicked on

2018-05-09 15:42:33 - [TEST_STEP][PASSED] - selectOptionByIndex: All options with index in [9] are selected on object 'Object Repository/GRN/Page_KDMC - CMS/select_20182019202020212022202'

2018-05-09 15:42:33 - [MESSAGE][PASSED] - All options with index in [9] are selected on object 'Object Repository/GRN/Page_KDMC - CMS/select_20182019202020212022202'

2018-05-09 15:42:33 - [TEST_STEP][PASSED] - selectOptionByIndex: All options with index in [9] are selected on object 'Object Repository/GRN/Page_KDMC - CMS/select_JanFebMarAprMayJunJulAu'

2018-05-09 15:42:33 - [MESSAGE][PASSED] - All options with index in [9] are selected on object 'Object Repository/GRN/Page_KDMC - CMS/select_JanFebMarAprMayJunJulAu'

2018-05-09 15:42:33 - [TEST_STEP][PASSED] - click: Object: 'Object Repository/MOH AND GRN/Page_KDMC - CMS/a_12' is clicked on

2018-05-09 15:42:33 - [MESSAGE][PASSED] - Object: 'Object Repository/MOH AND GRN/Page_KDMC - CMS/a_12' is clicked on

2018-05-09 15:42:33 - [TEST_STEP][PASSED] - click: Object: 'Object Repository/MOH AND GRN/Page_KDMC - CMS/input_btnadd' is clicked on

2018-05-09 15:42:33 - [MESSAGE][PASSED] - Object: 'Object Repository/MOH AND GRN/Page_KDMC - CMS/input_btnadd' is clicked on

2018-05-09 15:42:33 - [TEST_STEP][PASSED] - Statement - If (s == 10): null

2018-05-09 15:42:33 - [TEST_STEP][PASSED] - Statement - Else: null

2018-05-09 15:42:33 - [TEST_STEP][PASSED] - Statement - (s++): null

2018-05-09 15:42:33 - [TEST_STEP][PASSED] - delay: Delayed 1 second(s)

2018-05-09 15:42:34 - [MESSAGE][PASSED] - Delayed 1 second(s)

2018-05-09 15:42:34 - [TEST_STEP][PASSED] - selectOptionByIndex: All options with index in [30] are selected on object 'Object Repository/MOH AND GRN/Page_KDMC - CMS/select_--Select--Amikacin -500'

2018-05-09 15:42:35 - [MESSAGE][PASSED] - All options with index in [30] are selected on object 'Object Repository/MOH AND GRN/Page_KDMC - CMS/select_--Select--Amikacin -500'

2018-05-09 15:42:35 - [TEST_STEP][PASSED] - setText: Text '5000' is set on object 'Object Repository/MOH AND GRN/Page_KDMC - CMS/input_txtqty'

2018-05-09 15:42:35 - [MESSAGE][PASSED] - Text '5000' is set on object 'Object Repository/MOH AND GRN/Page_KDMC - CMS/input_txtqty'

2018-05-09 15:42:35 - [TEST_STEP][PASSED] - selectOptionByIndex: All options with index in [1] are selected on object 'Object Repository/MOH AND GRN/Page_KDMC - CMS/select_--Select--No Tax0'

2018-05-09 15:42:35 - [MESSAGE][PASSED] - All options with index in [1] are selected on object 'Object Repository/MOH AND GRN/Page_KDMC - CMS/select_--Select--No Tax0'

2018-05-09 15:42:35 - [TEST_STEP][PASSED] - setText: Finding Test Object with id 'Object Repository/MOH AND GRN/Page_KDMC - CMS/input_txtmrp'

2018-05-09 15:42:35 - [TEST_STEP][PASSED] - Statement - switch (id): Finding Test Object with id 'Object Repository/MOH AND GRN/Page_KDMC - CMS/input_txtdeal'

2018-05-09 15:42:35 - [TEST_STEP][PASSED] - Statement - case 4:: Text '36.0' is set on object 'Object Repository/MOH AND GRN/Page_KDMC - CMS/input_txtmrp'

2018-05-09 15:42:35 - [TEST_STEP][PASSED] - Statement - return (java.lang.Math.floor((java.lang.Math.random() * ((max - min) + 1))) + min): Text '36.0' is set on object 'Object Repository/MOH AND GRN/Page_KDMC - CMS/input_txtmrp'

2018-05-09 15:42:35 - [MESSAGE][PASSED] - Text '36.0' is set on object 'Object Repository/MOH AND GRN/Page_KDMC - CMS/input_txtmrp'

2018-05-09 15:42:35 - [TEST_STEP][PASSED] - setText: Finding Test Object with id 'Object Repository/MOH AND GRN/Page_KDMC - CMS/input_txtdeal'

2018-05-09 15:42:35 - [TEST_STEP][PASSED] - Statement - switch (id): Finding Test Object with id 'Object Repository/MOH AND GRN/Page_KDMC - CMS/input_txtbatchno'

2018-05-09 15:42:35 - [TEST_STEP][PASSED] - Statement - case 5:: Text '4.0' is set on object 'Object Repository/MOH AND GRN/Page_KDMC - CMS/input_txtdeal'

2018-05-09 15:42:35 - [TEST_STEP][PASSED] - Statement - return (java.lang.Math.floor((java.lang.Math.random() * ((max - min) + 1))) + min): Text '4.0' is set on object 'Object Repository/MOH AND GRN/Page_KDMC - CMS/input_txtdeal'

2018-05-09 15:42:35 - [MESSAGE][PASSED] - Text '4.0' is set on object 'Object Repository/MOH AND GRN/Page_KDMC - CMS/input_txtdeal'

2018-05-09 15:42:35 - [TEST_STEP][PASSED] - setText: Finding Test Object with id 'Object Repository/MOH AND GRN/Page_KDMC - CMS/input_txtbatchno'

2018-05-09 15:42:35 - [TEST_STEP][PASSED] - Statement - switch (id): Finding Test Object with id 'Object Repository/MOH AND GRN/Page_KDMC - CMS/input_txtmrp'

2018-05-09 15:42:35 - [TEST_STEP][PASSED] - Statement - case 1:: Text 'BA127.0' is set on object 'Object Repository/MOH AND GRN/Page_KDMC - CMS/input_txtbatchno'

2018-05-09 15:42:35 - [TEST_STEP][PASSED] - Statement - return (java.lang.Math.floor((java.lang.Math.random() * ((max - min) + 1))) + min): Text 'BA127.0' is set on object 'Object Repository/MOH AND GRN/Page_KDMC - CMS/input_txtbatchno'

2018-05-09 15:42:35 - [MESSAGE][PASSED] - Text 'BA127.0' is set on object 'Object Repository/MOH AND GRN/Page_KDMC - CMS/input_txtbatchno'

2018-05-09 15:42:35 - [TEST_STEP][PASSED] - rightClick: Object: 'Object Repository/GRN/Page_KDMC - CMS/input_txtexpdate' is right clicked on

2018-05-09 15:42:35 - [MESSAGE][PASSED] - Object: 'Object Repository/GRN/Page_KDMC - CMS/input_txtexpdate' is right clicked on

2018-05-09 15:42:35 - [TEST_STEP][PASSED] - selectOptionByIndex: All options with index in [10] are selected on object 'Object Repository/GRN/Page_KDMC - CMS/select_20182019202020212022202'

2018-05-09 15:42:35 - [MESSAGE][PASSED] - All options with index in [10] are selected on object 'Object Repository/GRN/Page_KDMC - CMS/select_20182019202020212022202'

2018-05-09 15:42:35 - [TEST_STEP][PASSED] - selectOptionByIndex: All options with index in [10] are selected on object 'Object Repository/GRN/Page_KDMC - CMS/select_JanFebMarAprMayJunJulAu'

2018-05-09 15:42:36 - [MESSAGE][PASSED] - All options with index in [10] are selected on object 'Object Repository/GRN/Page_KDMC - CMS/select_JanFebMarAprMayJunJulAu'

2018-05-09 15:42:36 - [TEST_STEP][PASSED] - click: Object: 'Object Repository/MOH AND GRN/Page_KDMC - CMS/a_12' is clicked on

2018-05-09 15:42:36 - [MESSAGE][PASSED] - Object: 'Object Repository/MOH AND GRN/Page_KDMC - CMS/a_12' is clicked on

2018-05-09 15:42:36 - [TEST_STEP][PASSED] - click: Object: 'Object Repository/MOH AND GRN/Page_KDMC - CMS/input_btnadd' is clicked on

2018-05-09 15:42:36 - [MESSAGE][PASSED] - Object: 'Object Repository/MOH AND GRN/Page_KDMC - CMS/input_btnadd' is clicked on

2018-05-09 15:42:36 - [TEST_STEP][PASSED] - Statement - If (s == 10): null

2018-05-09 15:42:36 - [TEST_STEP][PASSED] - Statement - s = 1: null

2018-05-09 15:42:36 - [TEST_STEP][PASSED] - delay: Delayed 1 second(s)

2018-05-09 15:42:37 - [MESSAGE][PASSED] - Delayed 1 second(s)

2018-05-09 15:42:37 - [TEST_STEP][PASSED] - selectOptionByIndex: All options with index in [31] are selected on object 'Object Repository/MOH AND GRN/Page_KDMC - CMS/select_--Select--Amikacin -500'

2018-05-09 15:42:37 - [MESSAGE][PASSED] - All options with index in [31] are selected on object 'Object Repository/MOH AND GRN/Page_KDMC - CMS/select_--Select--Amikacin -500'

2018-05-09 15:42:37 - [TEST_STEP][PASSED] - setText: Text '5000' is set on object 'Object Repository/MOH AND GRN/Page_KDMC - CMS/input_txtqty'

2018-05-09 15:42:37 - [MESSAGE][PASSED] - Text '5000' is set on object 'Object Repository/MOH AND GRN/Page_KDMC - CMS/input_txtqty'

2018-05-09 15:42:37 - [TEST_STEP][PASSED] - selectOptionByIndex: All options with index in [1] are selected on object 'Object Repository/MOH AND GRN/Page_KDMC - CMS/select_--Select--No Tax0'

2018-05-09 15:42:37 - [MESSAGE][PASSED] - All options with index in [1] are selected on object 'Object Repository/MOH AND GRN/Page_KDMC - CMS/select_--Select--No Tax0'

2018-05-09 15:42:37 - [TEST_STEP][PASSED] - setText: Finding Test Object with id 'Object Repository/MOH AND GRN/Page_KDMC - CMS/input_txtmrp'

2018-05-09 15:42:37 - [TEST_STEP][PASSED] - Statement - switch (id): Finding Test Object with id 'Object Repository/MOH AND GRN/Page_KDMC - CMS/input_txtdeal'

2018-05-09 15:42:37 - [TEST_STEP][PASSED] - Statement - case 4:: Text '28.0' is set on object 'Object Repository/MOH AND GRN/Page_KDMC - CMS/input_txtmrp'

2018-05-09 15:42:37 - [TEST_STEP][PASSED] - Statement - return (java.lang.Math.floor((java.lang.Math.random() * ((max - min) + 1))) + min): Text '28.0' is set on object 'Object Repository/MOH AND GRN/Page_KDMC - CMS/input_txtmrp'

2018-05-09 15:42:37 - [MESSAGE][PASSED] - Text '28.0' is set on object 'Object Repository/MOH AND GRN/Page_KDMC - CMS/input_txtmrp'

2018-05-09 15:42:37 - [TEST_STEP][PASSED] - setText: Finding Test Object with id 'Object Repository/MOH AND GRN/Page_KDMC - CMS/input_txtdeal'

2018-05-09 15:42:37 - [TEST_STEP][PASSED] - Statement - switch (id): Finding Test Object with id 'Object Repository/MOH AND GRN/Page_KDMC - CMS/input_txtbatchno'

2018-05-09 15:42:37 - [TEST_STEP][PASSED] - Statement - case 5:: Text '6.0' is set on object 'Object Repository/MOH AND GRN/Page_KDMC - CMS/input_txtdeal'

2018-05-09 15:42:37 - [TEST_STEP][PASSED] - Statement - return (java.lang.Math.floor((java.lang.Math.random() * ((max - min) + 1))) + min): Text '6.0' is set on object 'Object Repository/MOH AND GRN/Page_KDMC - CMS/input_txtdeal'

2018-05-09 15:42:38 - [MESSAGE][PASSED] - Text '6.0' is set on object 'Object Repository/MOH AND GRN/Page_KDMC - CMS/input_txtdeal'

2018-05-09 15:42:38 - [TEST_STEP][PASSED] - setText: Finding Test Object with id 'Object Repository/MOH AND GRN/Page_KDMC - CMS/input_txtbatchno'

2018-05-09 15:42:38 - [TEST_STEP][PASSED] - Statement - switch (id): Finding Test Object with id 'Object Repository/MOH AND GRN/Page_KDMC - CMS/input_txtmrp'

2018-05-09 15:42:38 - [TEST_STEP][PASSED] - Statement - case 1:: Text 'BA501.0' is set on object 'Object Repository/MOH AND GRN/Page_KDMC - CMS/input_txtbatchno'

2018-05-09 15:42:38 - [TEST_STEP][PASSED] - Statement - return (java.lang.Math.floor((java.lang.Math.random() * ((max - min) + 1))) + min): Text 'BA501.0' is set on object 'Object Repository/MOH AND GRN/Page_KDMC - CMS/input_txtbatchno'

2018-05-09 15:42:38 - [MESSAGE][PASSED] - Text 'BA501.0' is set on object 'Object Repository/MOH AND GRN/Page_KDMC - CMS/input_txtbatchno'

2018-05-09 15:42:38 - [TEST_STEP][PASSED] - rightClick: Object: 'Object Repository/GRN/Page_KDMC - CMS/input_txtexpdate' is right clicked on

2018-05-09 15:42:38 - [MESSAGE][PASSED] - Object: 'Object Repository/GRN/Page_KDMC - CMS/input_txtexpdate' is right clicked on

2018-05-09 15:42:38 - [TEST_STEP][PASSED] - selectOptionByIndex: All options with index in [1] are selected on object 'Object Repository/GRN/Page_KDMC - CMS/select_20182019202020212022202'

2018-05-09 15:42:38 - [MESSAGE][PASSED] - All options with index in [1] are selected on object 'Object Repository/GRN/Page_KDMC - CMS/select_20182019202020212022202'

2018-05-09 15:42:38 - [TEST_STEP][PASSED] - selectOptionByIndex: All options with index in [1] are selected on object 'Object Repository/GRN/Page_KDMC - CMS/select_JanFebMarAprMayJunJulAu'

2018-05-09 15:42:38 - [MESSAGE][PASSED] - All options with index in [1] are selected on object 'Object Repository/GRN/Page_KDMC - CMS/select_JanFebMarAprMayJunJulAu'

2018-05-09 15:42:38 - [TEST_STEP][PASSED] - click: Object: 'Object Repository/MOH AND GRN/Page_KDMC - CMS/a_12' is clicked on

2018-05-09 15:42:38 - [MESSAGE][PASSED] - Object: 'Object Repository/MOH AND GRN/Page_KDMC - CMS/a_12' is clicked on

2018-05-09 15:42:38 - [TEST_STEP][PASSED] - click: Object: 'Object Repository/MOH AND GRN/Page_KDMC - CMS/input_btnadd' is clicked on

2018-05-09 15:42:38 - [MESSAGE][PASSED] - Object: 'Object Repository/MOH AND GRN/Page_KDMC - CMS/input_btnadd' is clicked on

2018-05-09 15:42:38 - [TEST_STEP][PASSED] - Statement - If (s == 10): null

2018-05-09 15:42:38 - [TEST_STEP][PASSED] - Statement - Else: null

2018-05-09 15:42:38 - [TEST_STEP][PASSED] - Statement - (s++): null

2018-05-09 15:42:38 - [TEST_STEP][PASSED] - delay: Delayed 1 second(s)

2018-05-09 15:42:39 - [MESSAGE][PASSED] - Delayed 1 second(s)

2018-05-09 15:42:39 - [TEST_STEP][PASSED] - selectOptionByIndex: All options with index in [32] are selected on object 'Object Repository/MOH AND GRN/Page_KDMC - CMS/select_--Select--Amikacin -500'

2018-05-09 15:42:40 - [MESSAGE][PASSED] - All options with index in [32] are selected on object 'Object Repository/MOH AND GRN/Page_KDMC - CMS/select_--Select--Amikacin -500'

2018-05-09 15:42:40 - [TEST_STEP][PASSED] - setText: Text '5000' is set on object 'Object Repository/MOH AND GRN/Page_KDMC - CMS/input_txtqty'

2018-05-09 15:42:40 - [MESSAGE][PASSED] - Text '5000' is set on object 'Object Repository/MOH AND GRN/Page_KDMC - CMS/input_txtqty'

2018-05-09 15:42:40 - [TEST_STEP][PASSED] - selectOptionByIndex: All options with index in [1] are selected on object 'Object Repository/MOH AND GRN/Page_KDMC - CMS/select_--Select--No Tax0'

2018-05-09 15:42:40 - [MESSAGE][PASSED] - All options with index in [1] are selected on object 'Object Repository/MOH AND GRN/Page_KDMC - CMS/select_--Select--No Tax0'

2018-05-09 15:42:40 - [TEST_STEP][PASSED] - setText: Finding Test Object with id 'Object Repository/MOH AND GRN/Page_KDMC - CMS/input_txtmrp'

2018-05-09 15:42:40 - [TEST_STEP][PASSED] - Statement - switch (id): Finding Test Object with id 'Object Repository/MOH AND GRN/Page_KDMC - CMS/input_txtdeal'

2018-05-09 15:42:40 - [TEST_STEP][PASSED] - Statement - case 4:: Text '27.0' is set on object 'Object Repository/MOH AND GRN/Page_KDMC - CMS/input_txtmrp'

2018-05-09 15:42:40 - [TEST_STEP][PASSED] - Statement - return (java.lang.Math.floor((java.lang.Math.random() * ((max - min) + 1))) + min): Text '27.0' is set on object 'Object Repository/MOH AND GRN/Page_KDMC - CMS/input_txtmrp'

2018-05-09 15:42:40 - [MESSAGE][PASSED] - Text '27.0' is set on object 'Object Repository/MOH AND GRN/Page_KDMC - CMS/input_txtmrp'

2018-05-09 15:42:40 - [TEST_STEP][PASSED] - setText: Finding Test Object with id 'Object Repository/MOH AND GRN/Page_KDMC - CMS/input_txtdeal'

2018-05-09 15:42:40 - [TEST_STEP][PASSED] - Statement - switch (id): Finding Test Object with id 'Object Repository/MOH AND GRN/Page_KDMC - CMS/input_txtbatchno'

2018-05-09 15:42:40 - [TEST_STEP][PASSED] - Statement - case 5:: Text '9.0' is set on object 'Object Repository/MOH AND GRN/Page_KDMC - CMS/input_txtdeal'

2018-05-09 15:42:40 - [TEST_STEP][PASSED] - Statement - return (java.lang.Math.floor((java.lang.Math.random() * ((max - min) + 1))) + min): Text '9.0' is set on object 'Object Repository/MOH AND GRN/Page_KDMC - CMS/input_txtdeal'

2018-05-09 15:42:40 - [MESSAGE][PASSED] - Text '9.0' is set on object 'Object Repository/MOH AND GRN/Page_KDMC - CMS/input_txtdeal'

2018-05-09 15:42:40 - [TEST_STEP][PASSED] - setText: Finding Test Object with id 'Object Repository/MOH AND GRN/Page_KDMC - CMS/input_txtbatchno'

2018-05-09 15:42:40 - [TEST_STEP][PASSED] - Statement - switch (id): Finding Test Object with id 'Object Repository/MOH AND GRN/Page_KDMC - CMS/input_txtmrp'

2018-05-09 15:42:40 - [TEST_STEP][PASSED] - Statement - case 1:: Text 'BA791.0' is set on object 'Object Repository/MOH AND GRN/Page_KDMC - CMS/input_txtbatchno'

2018-05-09 15:42:40 - [TEST_STEP][PASSED] - Statement - return (java.lang.Math.floor((java.lang.Math.random() * ((max - min) + 1))) + min): Text 'BA791.0' is set on object 'Object Repository/MOH AND GRN/Page_KDMC - CMS/input_txtbatchno'

2018-05-09 15:42:40 - [MESSAGE][PASSED] - Text 'BA791.0' is set on object 'Object Repository/MOH AND GRN/Page_KDMC - CMS/input_txtbatchno'

2018-05-09 15:42:40 - [TEST_STEP][PASSED] - rightClick: Object: 'Object Repository/GRN/Page_KDMC - CMS/input_txtexpdate' is right clicked on

2018-05-09 15:42:40 - [MESSAGE][PASSED] - Object: 'Object Repository/GRN/Page_KDMC - CMS/input_txtexpdate' is right clicked on

2018-05-09 15:42:40 - [TEST_STEP][PASSED] - selectOptionByIndex: All options with index in [2] are selected on object 'Object Repository/GRN/Page_KDMC - CMS/select_20182019202020212022202'

2018-05-09 15:42:40 - [MESSAGE][PASSED] - All options with index in [2] are selected on object 'Object Repository/GRN/Page_KDMC - CMS/select_20182019202020212022202'

2018-05-09 15:42:40 - [TEST_STEP][PASSED] - selectOptionByIndex: All options with index in [2] are selected on object 'Object Repository/GRN/Page_KDMC - CMS/select_JanFebMarAprMayJunJulAu'

2018-05-09 15:42:41 - [MESSAGE][PASSED] - All options with index in [2] are selected on object 'Object Repository/GRN/Page_KDMC - CMS/select_JanFebMarAprMayJunJulAu'

2018-05-09 15:42:41 - [TEST_STEP][PASSED] - click: Object: 'Object Repository/MOH AND GRN/Page_KDMC - CMS/a_12' is clicked on

2018-05-09 15:42:41 - [MESSAGE][PASSED] - Object: 'Object Repository/MOH AND GRN/Page_KDMC - CMS/a_12' is clicked on

2018-05-09 15:42:41 - [TEST_STEP][PASSED] - click: Object: 'Object Repository/MOH AND GRN/Page_KDMC - CMS/input_btnadd' is clicked on

2018-05-09 15:42:41 - [MESSAGE][PASSED] - Object: 'Object Repository/MOH AND GRN/Page_KDMC - CMS/input_btnadd' is clicked on

2018-05-09 15:42:41 - [TEST_STEP][PASSED] - Statement - If (s == 10): null

2018-05-09 15:42:41 - [TEST_STEP][PASSED] - Statement - Else: null

2018-05-09 15:42:41 - [TEST_STEP][PASSED] - Statement - (s++): null

2018-05-09 15:42:41 - [TEST_STEP][PASSED] - delay: Delayed 1 second(s)

2018-05-09 15:42:42 - [MESSAGE][PASSED] - Delayed 1 second(s)

2018-05-09 15:42:42 - [TEST_STEP][PASSED] - selectOptionByIndex: All options with index in [33] are selected on object 'Object Repository/MOH AND GRN/Page_KDMC - CMS/select_--Select--Amikacin -500'

2018-05-09 15:42:42 - [MESSAGE][PASSED] - All options with index in [33] are selected on object 'Object Repository/MOH AND GRN/Page_KDMC - CMS/select_--Select--Amikacin -500'

2018-05-09 15:42:42 - [TEST_STEP][PASSED] - setText: Text '5000' is set on object 'Object Repository/MOH AND GRN/Page_KDMC - CMS/input_txtqty'

2018-05-09 15:42:42 - [MESSAGE][PASSED] - Text '5000' is set on object 'Object Repository/MOH AND GRN/Page_KDMC - CMS/input_txtqty'

2018-05-09 15:42:42 - [TEST_STEP][PASSED] - selectOptionByIndex: All options with index in [1] are selected on object 'Object Repository/MOH AND GRN/Page_KDMC - CMS/select_--Select--No Tax0'

2018-05-09 15:42:42 - [MESSAGE][PASSED] - All options with index in [1] are selected on object 'Object Repository/MOH AND GRN/Page_KDMC - CMS/select_--Select--No Tax0'

2018-05-09 15:42:42 - [TEST_STEP][PASSED] - setText: Finding Test Object with id 'Object Repository/MOH AND GRN/Page_KDMC - CMS/input_txtmrp'

2018-05-09 15:42:42 - [TEST_STEP][PASSED] - Statement - switch (id): Finding Test Object with id 'Object Repository/MOH AND GRN/Page_KDMC - CMS/input_txtdeal'

2018-05-09 15:42:42 - [TEST_STEP][PASSED] - Statement - case 4:: Text '41.0' is set on object 'Object Repository/MOH AND GRN/Page_KDMC - CMS/input_txtmrp'

2018-05-09 15:42:42 - [TEST_STEP][PASSED] - Statement - return (java.lang.Math.floor((java.lang.Math.random() * ((max - min) + 1))) + min): Text '41.0' is set on object 'Object Repository/MOH AND GRN/Page_KDMC - CMS/input_txtmrp'

2018-05-09 15:42:42 - [MESSAGE][PASSED] - Text '41.0' is set on object 'Object Repository/MOH AND GRN/Page_KDMC - CMS/input_txtmrp'

2018-05-09 15:42:42 - [TEST_STEP][PASSED] - setText: Finding Test Object with id 'Object Repository/MOH AND GRN/Page_KDMC - CMS/input_txtdeal'

2018-05-09 15:42:42 - [TEST_STEP][PASSED] - Statement - switch (id): Finding Test Object with id 'Object Repository/MOH AND GRN/Page_KDMC - CMS/input_txtbatchno'

2018-05-09 15:42:42 - [TEST_STEP][PASSED] - Statement - case 5:: Text '3.0' is set on object 'Object Repository/MOH AND GRN/Page_KDMC - CMS/input_txtdeal'

2018-05-09 15:42:42 - [TEST_STEP][PASSED] - Statement - return (java.lang.Math.floor((java.lang.Math.random() * ((max - min) + 1))) + min): Text '3.0' is set on object 'Object Repository/MOH AND GRN/Page_KDMC - CMS/input_txtdeal'

2018-05-09 15:42:42 - [MESSAGE][PASSED] - Text '3.0' is set on object 'Object Repository/MOH AND GRN/Page_KDMC - CMS/input_txtdeal'

2018-05-09 15:42:42 - [TEST_STEP][PASSED] - setText: Finding Test Object with id 'Object Repository/MOH AND GRN/Page_KDMC - CMS/input_txtbatchno'

2018-05-09 15:42:42 - [TEST_STEP][PASSED] - Statement - switch (id): Finding Test Object with id 'Object Repository/MOH AND GRN/Page_KDMC - CMS/input_txtmrp'

2018-05-09 15:42:42 - [TEST_STEP][PASSED] - Statement - case 1:: Text 'BA909.0' is set on object 'Object Repository/MOH AND GRN/Page_KDMC - CMS/input_txtbatchno'

2018-05-09 15:42:42 - [TEST_STEP][PASSED] - Statement - return (java.lang.Math.floor((java.lang.Math.random() * ((max - min) + 1))) + min): Text 'BA909.0' is set on object 'Object Repository/MOH AND GRN/Page_KDMC - CMS/input_txtbatchno'

2018-05-09 15:42:43 - [MESSAGE][PASSED] - Text 'BA909.0' is set on object 'Object Repository/MOH AND GRN/Page_KDMC - CMS/input_txtbatchno'

2018-05-09 15:42:43 - [TEST_STEP][PASSED] - rightClick: Object: 'Object Repository/GRN/Page_KDMC - CMS/input_txtexpdate' is right clicked on

2018-05-09 15:42:43 - [MESSAGE][PASSED] - Object: 'Object Repository/GRN/Page_KDMC - CMS/input_txtexpdate' is right clicked on

2018-05-09 15:42:43 - [TEST_STEP][PASSED] - selectOptionByIndex: All options with index in [3] are selected on object 'Object Repository/GRN/Page_KDMC - CMS/select_20182019202020212022202'

2018-05-09 15:42:43 - [MESSAGE][PASSED] - All options with index in [3] are selected on object 'Object Repository/GRN/Page_KDMC - CMS/select_20182019202020212022202'

2018-05-09 15:42:43 - [TEST_STEP][PASSED] - selectOptionByIndex: All options with index in [3] are selected on object 'Object Repository/GRN/Page_KDMC - CMS/select_JanFebMarAprMayJunJulAu'

2018-05-09 15:42:43 - [MESSAGE][PASSED] - All options with index in [3] are selected on object 'Object Repository/GRN/Page_KDMC - CMS/select_JanFebMarAprMayJunJulAu'

2018-05-09 15:42:43 - [TEST_STEP][PASSED] - click: Object: 'Object Repository/MOH AND GRN/Page_KDMC - CMS/a_12' is clicked on

2018-05-09 15:42:43 - [MESSAGE][PASSED] - Object: 'Object Repository/MOH AND GRN/Page_KDMC - CMS/a_12' is clicked on

2018-05-09 15:42:43 - [TEST_STEP][PASSED] - click: Object: 'Object Repository/MOH AND GRN/Page_KDMC - CMS/input_btnadd' is clicked on

2018-05-09 15:42:43 - [MESSAGE][PASSED] - Object: 'Object Repository/MOH AND GRN/Page_KDMC - CMS/input_btnadd' is clicked on

2018-05-09 15:42:43 - [TEST_STEP][PASSED] - Statement - If (s == 10): null

2018-05-09 15:42:43 - [TEST_STEP][PASSED] - Statement - Else: null

2018-05-09 15:42:43 - [TEST_STEP][PASSED] - Statement - (s++): null

2018-05-09 15:42:43 - [TEST_STEP][PASSED] - delay: Delayed 1 second(s)

2018-05-09 15:42:44 - [MESSAGE][PASSED] - Delayed 1 second(s)

2018-05-09 15:42:44 - [TEST_STEP][PASSED] - selectOptionByIndex: All options with index in [34] are selected on object 'Object Repository/MOH AND GRN/Page_KDMC - CMS/select_--Select--Amikacin -500'

2018-05-09 15:42:45 - [MESSAGE][PASSED] - All options with index in [34] are selected on object 'Object Repository/MOH AND GRN/Page_KDMC - CMS/select_--Select--Amikacin -500'

2018-05-09 15:42:45 - [TEST_STEP][PASSED] - setText: Text '5000' is set on object 'Object Repository/MOH AND GRN/Page_KDMC - CMS/input_txtqty'

2018-05-09 15:42:45 - [MESSAGE][PASSED] - Text '5000' is set on object 'Object Repository/MOH AND GRN/Page_KDMC - CMS/input_txtqty'

2018-05-09 15:42:45 - [TEST_STEP][PASSED] - selectOptionByIndex: All options with index in [1] are selected on object 'Object Repository/MOH AND GRN/Page_KDMC - CMS/select_--Select--No Tax0'

2018-05-09 15:42:45 - [MESSAGE][PASSED] - All options with index in [1] are selected on object 'Object Repository/MOH AND GRN/Page_KDMC - CMS/select_--Select--No Tax0'

2018-05-09 15:42:45 - [TEST_STEP][PASSED] - setText: Finding Test Object with id 'Object Repository/MOH AND GRN/Page_KDMC - CMS/input_txtmrp'

2018-05-09 15:42:45 - [TEST_STEP][PASSED] - Statement - switch (id): Finding Test Object with id 'Object Repository/MOH AND GRN/Page_KDMC - CMS/input_txtdeal'

2018-05-09 15:42:45 - [TEST_STEP][PASSED] - Statement - case 4:: Text '22.0' is set on object 'Object Repository/MOH AND GRN/Page_KDMC - CMS/input_txtmrp'

2018-05-09 15:42:45 - [TEST_STEP][PASSED] - Statement - return (java.lang.Math.floor((java.lang.Math.random() * ((max - min) + 1))) + min): Text '22.0' is set on object 'Object Repository/MOH AND GRN/Page_KDMC - CMS/input_txtmrp'

2018-05-09 15:42:45 - [MESSAGE][PASSED] - Text '22.0' is set on object 'Object Repository/MOH AND GRN/Page_KDMC - CMS/input_txtmrp'

2018-05-09 15:42:45 - [TEST_STEP][PASSED] - setText: Finding Test Object with id 'Object Repository/MOH AND GRN/Page_KDMC - CMS/input_txtdeal'

2018-05-09 15:42:45 - [TEST_STEP][PASSED] - Statement - switch (id): Finding Test Object with id 'Object Repository/MOH AND GRN/Page_KDMC - CMS/input_txtbatchno'

2018-05-09 15:42:45 - [TEST_STEP][PASSED] - Statement - case 5:: Text '10.0' is set on object 'Object Repository/MOH AND GRN/Page_KDMC - CMS/input_txtdeal'

2018-05-09 15:42:45 - [TEST_STEP][PASSED] - Statement - return (java.lang.Math.floor((java.lang.Math.random() * ((max - min) + 1))) + min): Text '10.0' is set on object 'Object Repository/MOH AND GRN/Page_KDMC - CMS/input_txtdeal'

2018-05-09 15:42:45 - [MESSAGE][PASSED] - Text '10.0' is set on object 'Object Repository/MOH AND GRN/Page_KDMC - CMS/input_txtdeal'

2018-05-09 15:42:45 - [TEST_STEP][PASSED] - setText: Finding Test Object with id 'Object Repository/MOH AND GRN/Page_KDMC - CMS/input_txtbatchno'

2018-05-09 15:42:45 - [TEST_STEP][PASSED] - Statement - switch (id): Finding Test Object with id 'Object Repository/MOH AND GRN/Page_KDMC - CMS/input_txtmrp'

2018-05-09 15:42:45 - [TEST_STEP][PASSED] - Statement - case 1:: Text 'BA394.0' is set on object 'Object Repository/MOH AND GRN/Page_KDMC - CMS/input_txtbatchno'

2018-05-09 15:42:45 - [TEST_STEP][PASSED] - Statement - return (java.lang.Math.floor((java.lang.Math.random() * ((max - min) + 1))) + min): Text 'BA394.0' is set on object 'Object Repository/MOH AND GRN/Page_KDMC - CMS/input_txtbatchno'

2018-05-09 15:42:45 - [MESSAGE][PASSED] - Text 'BA394.0' is set on object 'Object Repository/MOH AND GRN/Page_KDMC - CMS/input_txtbatchno'

2018-05-09 15:42:45 - [TEST_STEP][PASSED] - rightClick: Object: 'Object Repository/GRN/Page_KDMC - CMS/input_txtexpdate' is right clicked on

2018-05-09 15:42:45 - [MESSAGE][PASSED] - Object: 'Object Repository/GRN/Page_KDMC - CMS/input_txtexpdate' is right clicked on

2018-05-09 15:42:45 - [TEST_STEP][PASSED] - selectOptionByIndex: All options with index in [4] are selected on object 'Object Repository/GRN/Page_KDMC - CMS/select_20182019202020212022202'

2018-05-09 15:42:45 - [MESSAGE][PASSED] - All options with index in [4] are selected on object 'Object Repository/GRN/Page_KDMC - CMS/select_20182019202020212022202'

2018-05-09 15:42:45 - [TEST_STEP][PASSED] - selectOptionByIndex: All options with index in [4] are selected on object 'Object Repository/GRN/Page_KDMC - CMS/select_JanFebMarAprMayJunJulAu'

2018-05-09 15:42:45 - [MESSAGE][PASSED] - All options with index in [4] are selected on object 'Object Repository/GRN/Page_KDMC - CMS/select_JanFebMarAprMayJunJulAu'

2018-05-09 15:42:45 - [TEST_STEP][PASSED] - click: Object: 'Object Repository/MOH AND GRN/Page_KDMC - CMS/a_12' is clicked on

2018-05-09 15:42:46 - [MESSAGE][PASSED] - Object: 'Object Repository/MOH AND GRN/Page_KDMC - CMS/a_12' is clicked on

2018-05-09 15:42:46 - [TEST_STEP][PASSED] - click: Object: 'Object Repository/MOH AND GRN/Page_KDMC - CMS/input_btnadd' is clicked on

2018-05-09 15:42:46 - [MESSAGE][PASSED] - Object: 'Object Repository/MOH AND GRN/Page_KDMC - CMS/input_btnadd' is clicked on

2018-05-09 15:42:46 - [TEST_STEP][PASSED] - Statement - If (s == 10): null

2018-05-09 15:42:46 - [TEST_STEP][PASSED] - Statement - Else: null

2018-05-09 15:42:46 - [TEST_STEP][PASSED] - Statement - (s++): null

2018-05-09 15:42:46 - [TEST_STEP][PASSED] - delay: Delayed 1 second(s)

2018-05-09 15:42:47 - [MESSAGE][PASSED] - Delayed 1 second(s)

2018-05-09 15:42:47 - [TEST_STEP][PASSED] - selectOptionByIndex: All options with index in [35] are selected on object 'Object Repository/MOH AND GRN/Page_KDMC - CMS/select_--Select--Amikacin -500'

2018-05-09 15:42:47 - [MESSAGE][PASSED] - All options with index in [35] are selected on object 'Object Repository/MOH AND GRN/Page_KDMC - CMS/select_--Select--Amikacin -500'

2018-05-09 15:42:47 - [TEST_STEP][PASSED] - setText: Text '5000' is set on object 'Object Repository/MOH AND GRN/Page_KDMC - CMS/input_txtqty'

2018-05-09 15:42:47 - [MESSAGE][PASSED] - Text '5000' is set on object 'Object Repository/MOH AND GRN/Page_KDMC - CMS/input_txtqty'

2018-05-09 15:42:47 - [TEST_STEP][PASSED] - selectOptionByIndex: All options with index in [1] are selected on object 'Object Repository/MOH AND GRN/Page_KDMC - CMS/select_--Select--No Tax0'

2018-05-09 15:42:47 - [MESSAGE][PASSED] - All options with index in [1] are selected on object 'Object Repository/MOH AND GRN/Page_KDMC - CMS/select_--Select--No Tax0'

2018-05-09 15:42:47 - [TEST_STEP][PASSED] - setText: Finding Test Object with id 'Object Repository/MOH AND GRN/Page_KDMC - CMS/input_txtmrp'

2018-05-09 15:42:47 - [TEST_STEP][PASSED] - Statement - switch (id): Finding Test Object with id 'Object Repository/MOH AND GRN/Page_KDMC - CMS/input_txtdeal'

2018-05-09 15:42:47 - [TEST_STEP][PASSED] - Statement - case 4:: Text '29.0' is set on object 'Object Repository/MOH AND GRN/Page_KDMC - CMS/input_txtmrp'

2018-05-09 15:42:47 - [TEST_STEP][PASSED] - Statement - return (java.lang.Math.floor((java.lang.Math.random() * ((max - min) + 1))) + min): Text '29.0' is set on object 'Object Repository/MOH AND GRN/Page_KDMC - CMS/input_txtmrp'

2018-05-09 15:42:47 - [MESSAGE][PASSED] - Text '29.0' is set on object 'Object Repository/MOH AND GRN/Page_KDMC - CMS/input_txtmrp'

2018-05-09 15:42:47 - [TEST_STEP][PASSED] - setText: Finding Test Object with id 'Object Repository/MOH AND GRN/Page_KDMC - CMS/input_txtdeal'

2018-05-09 15:42:47 - [TEST_STEP][PASSED] - Statement - switch (id): Finding Test Object with id 'Object Repository/MOH AND GRN/Page_KDMC - CMS/input_txtbatchno'

2018-05-09 15:42:47 - [TEST_STEP][PASSED] - Statement - case 5:: Text '12.0' is set on object 'Object Repository/MOH AND GRN/Page_KDMC - CMS/input_txtdeal'

2018-05-09 15:42:47 - [TEST_STEP][PASSED] - Statement - return (java.lang.Math.floor((java.lang.Math.random() * ((max - min) + 1))) + min): Text '12.0' is set on object 'Object Repository/MOH AND GRN/Page_KDMC - CMS/input_txtdeal'

2018-05-09 15:42:47 - [MESSAGE][PASSED] - Text '12.0' is set on object 'Object Repository/MOH AND GRN/Page_KDMC - CMS/input_txtdeal'

2018-05-09 15:42:47 - [TEST_STEP][PASSED] - setText: Finding Test Object with id 'Object Repository/MOH AND GRN/Page_KDMC - CMS/input_txtbatchno'

2018-05-09 15:42:47 - [TEST_STEP][PASSED] - Statement - switch (id): Finding Test Object with id 'Object Repository/MOH AND GRN/Page_KDMC - CMS/input_txtmrp'

2018-05-09 15:42:47 - [TEST_STEP][PASSED] - Statement - case 1:: Text 'BA155.0' is set on object 'Object Repository/MOH AND GRN/Page_KDMC - CMS/input_txtbatchno'

2018-05-09 15:42:47 - [TEST_STEP][PASSED] - Statement - return (java.lang.Math.floor((java.lang.Math.random() * ((max - min) + 1))) + min): Text 'BA155.0' is set on object 'Object Repository/MOH AND GRN/Page_KDMC - CMS/input_txtbatchno'

2018-05-09 15:42:48 - [MESSAGE][PASSED] - Text 'BA155.0' is set on object 'Object Repository/MOH AND GRN/Page_KDMC - CMS/input_txtbatchno'

2018-05-09 15:42:48 - [TEST_STEP][PASSED] - rightClick: Object: 'Object Repository/GRN/Page_KDMC - CMS/input_txtexpdate' is right clicked on

2018-05-09 15:42:48 - [MESSAGE][PASSED] - Object: 'Object Repository/GRN/Page_KDMC - CMS/input_txtexpdate' is right clicked on

2018-05-09 15:42:48 - [TEST_STEP][PASSED] - selectOptionByIndex: All options with index in [5] are selected on object 'Object Repository/GRN/Page_KDMC - CMS/select_20182019202020212022202'

2018-05-09 15:42:48 - [MESSAGE][PASSED] - All options with index in [5] are selected on object 'Object Repository/GRN/Page_KDMC - CMS/select_20182019202020212022202'

2018-05-09 15:42:48 - [TEST_STEP][PASSED] - selectOptionByIndex: All options with index in [5] are selected on object 'Object Repository/GRN/Page_KDMC - CMS/select_JanFebMarAprMayJunJulAu'

2018-05-09 15:42:48 - [MESSAGE][PASSED] - All options with index in [5] are selected on object 'Object Repository/GRN/Page_KDMC - CMS/select_JanFebMarAprMayJunJulAu'

2018-05-09 15:42:48 - [TEST_STEP][PASSED] - click: Object: 'Object Repository/MOH AND GRN/Page_KDMC - CMS/a_12' is clicked on

2018-05-09 15:42:48 - [MESSAGE][PASSED] - Object: 'Object Repository/MOH AND GRN/Page_KDMC - CMS/a_12' is clicked on

2018-05-09 15:42:48 - [TEST_STEP][PASSED] - click: Object: 'Object Repository/MOH AND GRN/Page_KDMC - CMS/input_btnadd' is clicked on

2018-05-09 15:42:48 - [MESSAGE][PASSED] - Object: 'Object Repository/MOH AND GRN/Page_KDMC - CMS/input_btnadd' is clicked on

2018-05-09 15:42:48 - [TEST_STEP][PASSED] - Statement - If (s == 10): null

2018-05-09 15:42:48 - [TEST_STEP][PASSED] - Statement - Else: null

2018-05-09 15:42:48 - [TEST_STEP][PASSED] - Statement - (s++): null

2018-05-09 15:42:48 - [TEST_STEP][PASSED] - delay: Delayed 1 second(s)

2018-05-09 15:42:49 - [MESSAGE][PASSED] - Delayed 1 second(s)

2018-05-09 15:42:49 - [TEST_STEP][PASSED] - selectOptionByIndex: All options with index in [36] are selected on object 'Object Repository/MOH AND GRN/Page_KDMC - CMS/select_--Select--Amikacin -500'

2018-05-09 15:42:50 - [MESSAGE][PASSED] - All options with index in [36] are selected on object 'Object Repository/MOH AND GRN/Page_KDMC - CMS/select_--Select--Amikacin -500'

2018-05-09 15:42:50 - [TEST_STEP][PASSED] - setText: Text '5000' is set on object 'Object Repository/MOH AND GRN/Page_KDMC - CMS/input_txtqty'

2018-05-09 15:42:50 - [MESSAGE][PASSED] - Text '5000' is set on object 'Object Repository/MOH AND GRN/Page_KDMC - CMS/input_txtqty'

2018-05-09 15:42:50 - [TEST_STEP][PASSED] - selectOptionByIndex: All options with index in [1] are selected on object 'Object Repository/MOH AND GRN/Page_KDMC - CMS/select_--Select--No Tax0'

2018-05-09 15:42:50 - [MESSAGE][PASSED] - All options with index in [1] are selected on object 'Object Repository/MOH AND GRN/Page_KDMC - CMS/select_--Select--No Tax0'

2018-05-09 15:42:50 - [TEST_STEP][PASSED] - setText: Finding Test Object with id 'Object Repository/MOH AND GRN/Page_KDMC - CMS/input_txtmrp'

2018-05-09 15:42:50 - [TEST_STEP][PASSED] - Statement - switch (id): Finding Test Object with id 'Object Repository/MOH AND GRN/Page_KDMC - CMS/input_txtdeal'

2018-05-09 15:42:50 - [TEST_STEP][PASSED] - Statement - case 4:: Text '32.0' is set on object 'Object Repository/MOH AND GRN/Page_KDMC - CMS/input_txtmrp'

2018-05-09 15:42:50 - [TEST_STEP][PASSED] - Statement - return (java.lang.Math.floor((java.lang.Math.random() * ((max - min) + 1))) + min): Text '32.0' is set on object 'Object Repository/MOH AND GRN/Page_KDMC - CMS/input_txtmrp'

2018-05-09 15:42:50 - [MESSAGE][PASSED] - Text '32.0' is set on object 'Object Repository/MOH AND GRN/Page_KDMC - CMS/input_txtmrp'

2018-05-09 15:42:50 - [TEST_STEP][PASSED] - setText: Finding Test Object with id 'Object Repository/MOH AND GRN/Page_KDMC - CMS/input_txtdeal'

2018-05-09 15:42:50 - [TEST_STEP][PASSED] - Statement - switch (id): Finding Test Object with id 'Object Repository/MOH AND GRN/Page_KDMC - CMS/input_txtbatchno'

2018-05-09 15:42:50 - [TEST_STEP][PASSED] - Statement - case 5:: Text '8.0' is set on object 'Object Repository/MOH AND GRN/Page_KDMC - CMS/input_txtdeal'

2018-05-09 15:42:50 - [TEST_STEP][PASSED] - Statement - return (java.lang.Math.floor((java.lang.Math.random() * ((max - min) + 1))) + min): Text '8.0' is set on object 'Object Repository/MOH AND GRN/Page_KDMC - CMS/input_txtdeal'

2018-05-09 15:42:50 - [MESSAGE][PASSED] - Text '8.0' is set on object 'Object Repository/MOH AND GRN/Page_KDMC - CMS/input_txtdeal'

2018-05-09 15:42:50 - [TEST_STEP][PASSED] - setText: Finding Test Object with id 'Object Repository/MOH AND GRN/Page_KDMC - CMS/input_txtbatchno'

2018-05-09 15:42:50 - [TEST_STEP][PASSED] - Statement - switch (id): Finding Test Object with id 'Object Repository/MOH AND GRN/Page_KDMC - CMS/input_txtmrp'

2018-05-09 15:42:50 - [TEST_STEP][PASSED] - Statement - case 1:: Text 'BA844.0' is set on object 'Object Repository/MOH AND GRN/Page_KDMC - CMS/input_txtbatchno'

2018-05-09 15:42:50 - [TEST_STEP][PASSED] - Statement - return (java.lang.Math.floor((java.lang.Math.random() * ((max - min) + 1))) + min): Text 'BA844.0' is set on object 'Object Repository/MOH AND GRN/Page_KDMC - CMS/input_txtbatchno'

2018-05-09 15:42:50 - [MESSAGE][PASSED] - Text 'BA844.0' is set on object 'Object Repository/MOH AND GRN/Page_KDMC - CMS/input_txtbatchno'

2018-05-09 15:42:50 - [TEST_STEP][PASSED] - rightClick: Object: 'Object Repository/GRN/Page_KDMC - CMS/input_txtexpdate' is right clicked on

2018-05-09 15:42:50 - [MESSAGE][PASSED] - Object: 'Object Repository/GRN/Page_KDMC - CMS/input_txtexpdate' is right clicked on

2018-05-09 15:42:50 - [TEST_STEP][PASSED] - selectOptionByIndex: All options with index in [6] are selected on object 'Object Repository/GRN/Page_KDMC - CMS/select_20182019202020212022202'

2018-05-09 15:42:50 - [MESSAGE][PASSED] - All options with index in [6] are selected on object 'Object Repository/GRN/Page_KDMC - CMS/select_20182019202020212022202'

2018-05-09 15:42:50 - [TEST_STEP][PASSED] - selectOptionByIndex: All options with index in [6] are selected on object 'Object Repository/GRN/Page_KDMC - CMS/select_JanFebMarAprMayJunJulAu'

2018-05-09 15:42:51 - [MESSAGE][PASSED] - All options with index in [6] are selected on object 'Object Repository/GRN/Page_KDMC - CMS/select_JanFebMarAprMayJunJulAu'

2018-05-09 15:42:51 - [TEST_STEP][PASSED] - click: Object: 'Object Repository/MOH AND GRN/Page_KDMC - CMS/a_12' is clicked on

2018-05-09 15:42:51 - [MESSAGE][PASSED] - Object: 'Object Repository/MOH AND GRN/Page_KDMC - CMS/a_12' is clicked on

2018-05-09 15:42:51 - [TEST_STEP][PASSED] - click: Object: 'Object Repository/MOH AND GRN/Page_KDMC - CMS/input_btnadd' is clicked on

2018-05-09 15:42:51 - [MESSAGE][PASSED] - Object: 'Object Repository/MOH AND GRN/Page_KDMC - CMS/input_btnadd' is clicked on

2018-05-09 15:42:51 - [TEST_STEP][PASSED] - Statement - If (s == 10): null

2018-05-09 15:42:51 - [TEST_STEP][PASSED] - Statement - Else: null

2018-05-09 15:42:51 - [TEST_STEP][PASSED] - Statement - (s++): null

2018-05-09 15:42:51 - [TEST_STEP][PASSED] - delay: Delayed 1 second(s)

2018-05-09 15:42:52 - [MESSAGE][PASSED] - Delayed 1 second(s)

2018-05-09 15:42:52 - [TEST_STEP][PASSED] - selectOptionByIndex: All options with index in [37] are selected on object 'Object Repository/MOH AND GRN/Page_KDMC - CMS/select_--Select--Amikacin -500'

2018-05-09 15:42:52 - [MESSAGE][PASSED] - All options with index in [37] are selected on object 'Object Repository/MOH AND GRN/Page_KDMC - CMS/select_--Select--Amikacin -500'

2018-05-09 15:42:52 - [TEST_STEP][PASSED] - setText: Text '5000' is set on object 'Object Repository/MOH AND GRN/Page_KDMC - CMS/input_txtqty'

2018-05-09 15:42:52 - [MESSAGE][PASSED] - Text '5000' is set on object 'Object Repository/MOH AND GRN/Page_KDMC - CMS/input_txtqty'

2018-05-09 15:42:52 - [TEST_STEP][PASSED] - selectOptionByIndex: All options with index in [1] are selected on object 'Object Repository/MOH AND GRN/Page_KDMC - CMS/select_--Select--No Tax0'

2018-05-09 15:42:52 - [MESSAGE][PASSED] - All options with index in [1] are selected on object 'Object Repository/MOH AND GRN/Page_KDMC - CMS/select_--Select--No Tax0'

2018-05-09 15:42:52 - [TEST_STEP][PASSED] - setText: Finding Test Object with id 'Object Repository/MOH AND GRN/Page_KDMC - CMS/input_txtmrp'

2018-05-09 15:42:52 - [TEST_STEP][PASSED] - Statement - switch (id): Finding Test Object with id 'Object Repository/MOH AND GRN/Page_KDMC - CMS/input_txtdeal'

2018-05-09 15:42:52 - [TEST_STEP][PASSED] - Statement - case 4:: Text '45.0' is set on object 'Object Repository/MOH AND GRN/Page_KDMC - CMS/input_txtmrp'

2018-05-09 15:42:52 - [TEST_STEP][PASSED] - Statement - return (java.lang.Math.floor((java.lang.Math.random() * ((max - min) + 1))) + min): Text '45.0' is set on object 'Object Repository/MOH AND GRN/Page_KDMC - CMS/input_txtmrp'

2018-05-09 15:42:52 - [MESSAGE][PASSED] - Text '45.0' is set on object 'Object Repository/MOH AND GRN/Page_KDMC - CMS/input_txtmrp'

2018-05-09 15:42:52 - [TEST_STEP][PASSED] - setText: Finding Test Object with id 'Object Repository/MOH AND GRN/Page_KDMC - CMS/input_txtdeal'

2018-05-09 15:42:52 - [TEST_STEP][PASSED] - Statement - switch (id): Finding Test Object with id 'Object Repository/MOH AND GRN/Page_KDMC - CMS/input_txtbatchno'

2018-05-09 15:42:52 - [TEST_STEP][PASSED] - Statement - case 5:: Text '4.0' is set on object 'Object Repository/MOH AND GRN/Page_KDMC - CMS/input_txtdeal'

2018-05-09 15:42:52 - [TEST_STEP][PASSED] - Statement - return (java.lang.Math.floor((java.lang.Math.random() * ((max - min) + 1))) + min): Text '4.0' is set on object 'Object Repository/MOH AND GRN/Page_KDMC - CMS/input_txtdeal'

2018-05-09 15:42:53 - [MESSAGE][PASSED] - Text '4.0' is set on object 'Object Repository/MOH AND GRN/Page_KDMC - CMS/input_txtdeal'

2018-05-09 15:42:53 - [TEST_STEP][PASSED] - setText: Finding Test Object with id 'Object Repository/MOH AND GRN/Page_KDMC - CMS/input_txtbatchno'

2018-05-09 15:42:53 - [TEST_STEP][PASSED] - Statement - switch (id): Finding Test Object with id 'Object Repository/MOH AND GRN/Page_KDMC - CMS/input_txtmrp'

2018-05-09 15:42:53 - [TEST_STEP][PASSED] - Statement - case 1:: Text 'BA564.0' is set on object 'Object Repository/MOH AND GRN/Page_KDMC - CMS/input_txtbatchno'

2018-05-09 15:42:53 - [TEST_STEP][PASSED] - Statement - return (java.lang.Math.floor((java.lang.Math.random() * ((max - min) + 1))) + min): Text 'BA564.0' is set on object 'Object Repository/MOH AND GRN/Page_KDMC - CMS/input_txtbatchno'

2018-05-09 15:42:53 - [MESSAGE][PASSED] - Text 'BA564.0' is set on object 'Object Repository/MOH AND GRN/Page_KDMC - CMS/input_txtbatchno'

2018-05-09 15:42:53 - [TEST_STEP][PASSED] - rightClick: Object: 'Object Repository/GRN/Page_KDMC - CMS/input_txtexpdate' is right clicked on

2018-05-09 15:42:53 - [MESSAGE][PASSED] - Object: 'Object Repository/GRN/Page_KDMC - CMS/input_txtexpdate' is right clicked on

2018-05-09 15:42:53 - [TEST_STEP][PASSED] - selectOptionByIndex: All options with index in [7] are selected on object 'Object Repository/GRN/Page_KDMC - CMS/select_20182019202020212022202'

2018-05-09 15:42:53 - [MESSAGE][PASSED] - All options with index in [7] are selected on object 'Object Repository/GRN/Page_KDMC - CMS/select_20182019202020212022202'

2018-05-09 15:42:53 - [TEST_STEP][PASSED] - selectOptionByIndex: All options with index in [7] are selected on object 'Object Repository/GRN/Page_KDMC - CMS/select_JanFebMarAprMayJunJulAu'

2018-05-09 15:42:53 - [MESSAGE][PASSED] - All options with index in [7] are selected on object 'Object Repository/GRN/Page_KDMC - CMS/select_JanFebMarAprMayJunJulAu'

2018-05-09 15:42:53 - [TEST_STEP][PASSED] - click: Object: 'Object Repository/MOH AND GRN/Page_KDMC - CMS/a_12' is clicked on

2018-05-09 15:42:53 - [MESSAGE][PASSED] - Object: 'Object Repository/MOH AND GRN/Page_KDMC - CMS/a_12' is clicked on

2018-05-09 15:42:53 - [TEST_STEP][PASSED] - click: Object: 'Object Repository/MOH AND GRN/Page_KDMC - CMS/input_btnadd' is clicked on

2018-05-09 15:42:53 - [MESSAGE][PASSED] - Object: 'Object Repository/MOH AND GRN/Page_KDMC - CMS/input_btnadd' is clicked on

2018-05-09 15:42:53 - [TEST_STEP][PASSED] - Statement - If (s == 10): null

2018-05-09 15:42:53 - [TEST_STEP][PASSED] - Statement - Else: null

2018-05-09 15:42:53 - [TEST_STEP][PASSED] - Statement - (s++): null

2018-05-09 15:42:53 - [TEST_STEP][PASSED] - delay: Delayed 1 second(s)

2018-05-09 15:42:54 - [MESSAGE][PASSED] - Delayed 1 second(s)

2018-05-09 15:42:54 - [TEST_STEP][PASSED] - selectOptionByIndex: All options with index in [38] are selected on object 'Object Repository/MOH AND GRN/Page_KDMC - CMS/select_--Select--Amikacin -500'

2018-05-09 15:42:55 - [MESSAGE][PASSED] - All options with index in [38] are selected on object 'Object Repository/MOH AND GRN/Page_KDMC - CMS/select_--Select--Amikacin -500'

2018-05-09 15:42:55 - [TEST_STEP][PASSED] - setText: Text '5000' is set on object 'Object Repository/MOH AND GRN/Page_KDMC - CMS/input_txtqty'

2018-05-09 15:42:55 - [MESSAGE][PASSED] - Text '5000' is set on object 'Object Repository/MOH AND GRN/Page_KDMC - CMS/input_txtqty'

2018-05-09 15:42:55 - [TEST_STEP][PASSED] - selectOptionByIndex: All options with index in [1] are selected on object 'Object Repository/MOH AND GRN/Page_KDMC - CMS/select_--Select--No Tax0'

2018-05-09 15:42:55 - [MESSAGE][PASSED] - All options with index in [1] are selected on object 'Object Repository/MOH AND GRN/Page_KDMC - CMS/select_--Select--No Tax0'

2018-05-09 15:42:55 - [TEST_STEP][PASSED] - setText: Finding Test Object with id 'Object Repository/MOH AND GRN/Page_KDMC - CMS/input_txtmrp'

2018-05-09 15:42:55 - [TEST_STEP][PASSED] - Statement - switch (id): Finding Test Object with id 'Object Repository/MOH AND GRN/Page_KDMC - CMS/input_txtdeal'

2018-05-09 15:42:55 - [TEST_STEP][PASSED] - Statement - case 4:: Text '37.0' is set on object 'Object Repository/MOH AND GRN/Page_KDMC - CMS/input_txtmrp'

2018-05-09 15:42:55 - [TEST_STEP][PASSED] - Statement - return (java.lang.Math.floor((java.lang.Math.random() * ((max - min) + 1))) + min): Text '37.0' is set on object 'Object Repository/MOH AND GRN/Page_KDMC - CMS/input_txtmrp'

2018-05-09 15:42:55 - [MESSAGE][PASSED] - Text '37.0' is set on object 'Object Repository/MOH AND GRN/Page_KDMC - CMS/input_txtmrp'

2018-05-09 15:42:55 - [TEST_STEP][PASSED] - setText: Finding Test Object with id 'Object Repository/MOH AND GRN/Page_KDMC - CMS/input_txtdeal'

2018-05-09 15:42:55 - [TEST_STEP][PASSED] - Statement - switch (id): Finding Test Object with id 'Object Repository/MOH AND GRN/Page_KDMC - CMS/input_txtbatchno'

2018-05-09 15:42:55 - [TEST_STEP][PASSED] - Statement - case 5:: Text '3.0' is set on object 'Object Repository/MOH AND GRN/Page_KDMC - CMS/input_txtdeal'

2018-05-09 15:42:55 - [TEST_STEP][PASSED] - Statement - return (java.lang.Math.floor((java.lang.Math.random() * ((max - min) + 1))) + min): Text '3.0' is set on object 'Object Repository/MOH AND GRN/Page_KDMC - CMS/input_txtdeal'

2018-05-09 15:42:55 - [MESSAGE][PASSED] - Text '3.0' is set on object 'Object Repository/MOH AND GRN/Page_KDMC - CMS/input_txtdeal'

2018-05-09 15:42:55 - [TEST_STEP][PASSED] - setText: Finding Test Object with id 'Object Repository/MOH AND GRN/Page_KDMC - CMS/input_txtbatchno'

2018-05-09 15:42:55 - [TEST_STEP][PASSED] - Statement - switch (id): Finding Test Object with id 'Object Repository/MOH AND GRN/Page_KDMC - CMS/input_txtmrp'

2018-05-09 15:42:55 - [TEST_STEP][PASSED] - Statement - case 1:: Text 'BA737.0' is set on object 'Object Repository/MOH AND GRN/Page_KDMC - CMS/input_txtbatchno'

2018-05-09 15:42:55 - [TEST_STEP][PASSED] - Statement - return (java.lang.Math.floor((java.lang.Math.random() * ((max - min) + 1))) + min): Text 'BA737.0' is set on object 'Object Repository/MOH AND GRN/Page_KDMC - CMS/input_txtbatchno'

2018-05-09 15:42:55 - [MESSAGE][PASSED] - Text 'BA737.0' is set on object 'Object Repository/MOH AND GRN/Page_KDMC - CMS/input_txtbatchno'

2018-05-09 15:42:55 - [TEST_STEP][PASSED] - rightClick: Object: 'Object Repository/GRN/Page_KDMC - CMS/input_txtexpdate' is right clicked on

2018-05-09 15:42:55 - [MESSAGE][PASSED] - Object: 'Object Repository/GRN/Page_KDMC - CMS/input_txtexpdate' is right clicked on

2018-05-09 15:42:55 - [TEST_STEP][PASSED] - selectOptionByIndex: All options with index in [8] are selected on object 'Object Repository/GRN/Page_KDMC - CMS/select_20182019202020212022202'

2018-05-09 15:42:55 - [MESSAGE][PASSED] - All options with index in [8] are selected on object 'Object Repository/GRN/Page_KDMC - CMS/select_20182019202020212022202'

2018-05-09 15:42:55 - [TEST_STEP][PASSED] - selectOptionByIndex: All options with index in [8] are selected on object 'Object Repository/GRN/Page_KDMC - CMS/select_JanFebMarAprMayJunJulAu'

2018-05-09 15:42:56 - [MESSAGE][PASSED] - All options with index in [8] are selected on object 'Object Repository/GRN/Page_KDMC - CMS/select_JanFebMarAprMayJunJulAu'

2018-05-09 15:42:56 - [TEST_STEP][PASSED] - click: Object: 'Object Repository/MOH AND GRN/Page_KDMC - CMS/a_12' is clicked on

2018-05-09 15:42:56 - [MESSAGE][PASSED] - Object: 'Object Repository/MOH AND GRN/Page_KDMC - CMS/a_12' is clicked on

2018-05-09 15:42:56 - [TEST_STEP][PASSED] - click: Object: 'Object Repository/MOH AND GRN/Page_KDMC - CMS/input_btnadd' is clicked on

2018-05-09 15:42:56 - [MESSAGE][PASSED] - Object: 'Object Repository/MOH AND GRN/Page_KDMC - CMS/input_btnadd' is clicked on

2018-05-09 15:42:56 - [TEST_STEP][PASSED] - Statement - If (s == 10): null

2018-05-09 15:42:56 - [TEST_STEP][PASSED] - Statement - Else: null

2018-05-09 15:42:56 - [TEST_STEP][PASSED] - Statement - (s++): null

2018-05-09 15:42:56 - [TEST_STEP][PASSED] - delay: Delayed 1 second(s)

2018-05-09 15:42:57 - [MESSAGE][PASSED] - Delayed 1 second(s)

2018-05-09 15:42:57 - [TEST_STEP][PASSED] - selectOptionByIndex: All options with index in [39] are selected on object 'Object Repository/MOH AND GRN/Page_KDMC - CMS/select_--Select--Amikacin -500'

2018-05-09 15:42:57 - [MESSAGE][PASSED] - All options with index in [39] are selected on object 'Object Repository/MOH AND GRN/Page_KDMC - CMS/select_--Select--Amikacin -500'

2018-05-09 15:42:57 - [TEST_STEP][PASSED] - setText: Text '5000' is set on object 'Object Repository/MOH AND GRN/Page_KDMC - CMS/input_txtqty'

2018-05-09 15:42:57 - [MESSAGE][PASSED] - Text '5000' is set on object 'Object Repository/MOH AND GRN/Page_KDMC - CMS/input_txtqty'

2018-05-09 15:42:57 - [TEST_STEP][PASSED] - selectOptionByIndex: All options with index in [1] are selected on object 'Object Repository/MOH AND GRN/Page_KDMC - CMS/select_--Select--No Tax0'

2018-05-09 15:42:58 - [MESSAGE][PASSED] - All options with index in [1] are selected on object 'Object Repository/MOH AND GRN/Page_KDMC - CMS/select_--Select--No Tax0'

2018-05-09 15:42:58 - [TEST_STEP][PASSED] - setText: Finding Test Object with id 'Object Repository/MOH AND GRN/Page_KDMC - CMS/input_txtmrp'

2018-05-09 15:42:58 - [TEST_STEP][PASSED] - Statement - switch (id): Finding Test Object with id 'Object Repository/MOH AND GRN/Page_KDMC - CMS/input_txtdeal'

2018-05-09 15:42:58 - [TEST_STEP][PASSED] - Statement - case 4:: Text '40.0' is set on object 'Object Repository/MOH AND GRN/Page_KDMC - CMS/input_txtmrp'

2018-05-09 15:42:58 - [TEST_STEP][PASSED] - Statement - return (java.lang.Math.floor((java.lang.Math.random() * ((max - min) + 1))) + min): Text '40.0' is set on object 'Object Repository/MOH AND GRN/Page_KDMC - CMS/input_txtmrp'

2018-05-09 15:42:58 - [MESSAGE][PASSED] - Text '40.0' is set on object 'Object Repository/MOH AND GRN/Page_KDMC - CMS/input_txtmrp'

2018-05-09 15:42:58 - [TEST_STEP][PASSED] - setText: Finding Test Object with id 'Object Repository/MOH AND GRN/Page_KDMC - CMS/input_txtdeal'

2018-05-09 15:42:58 - [TEST_STEP][PASSED] - Statement - switch (id): Finding Test Object with id 'Object Repository/MOH AND GRN/Page_KDMC - CMS/input_txtbatchno'

2018-05-09 15:42:58 - [TEST_STEP][PASSED] - Statement - case 5:: Text '3.0' is set on object 'Object Repository/MOH AND GRN/Page_KDMC - CMS/input_txtdeal'

2018-05-09 15:42:58 - [TEST_STEP][PASSED] - Statement - return (java.lang.Math.floor((java.lang.Math.random() * ((max - min) + 1))) + min): Text '3.0' is set on object 'Object Repository/MOH AND GRN/Page_KDMC - CMS/input_txtdeal'

2018-05-09 15:42:58 - [MESSAGE][PASSED] - Text '3.0' is set on object 'Object Repository/MOH AND GRN/Page_KDMC - CMS/input_txtdeal'

2018-05-09 15:42:58 - [TEST_STEP][PASSED] - setText: Finding Test Object with id 'Object Repository/MOH AND GRN/Page_KDMC - CMS/input_txtbatchno'

2018-05-09 15:42:58 - [TEST_STEP][PASSED] - Statement - switch (id): Finding Test Object with id 'Object Repository/MOH AND GRN/Page_KDMC - CMS/input_txtmrp'

2018-05-09 15:42:58 - [TEST_STEP][PASSED] - Statement - case 1:: Text 'BA51.0' is set on object 'Object Repository/MOH AND GRN/Page_KDMC - CMS/input_txtbatchno'

2018-05-09 15:42:58 - [TEST_STEP][PASSED] - Statement - return (java.lang.Math.floor((java.lang.Math.random() * ((max - min) + 1))) + min): Text 'BA51.0' is set on object 'Object Repository/MOH AND GRN/Page_KDMC - CMS/input_txtbatchno'

2018-05-09 15:42:58 - [MESSAGE][PASSED] - Text 'BA51.0' is set on object 'Object Repository/MOH AND GRN/Page_KDMC - CMS/input_txtbatchno'

2018-05-09 15:42:58 - [TEST_STEP][PASSED] - rightClick: Object: 'Object Repository/GRN/Page_KDMC - CMS/input_txtexpdate' is right clicked on

2018-05-09 15:42:58 - [MESSAGE][PASSED] - Object: 'Object Repository/GRN/Page_KDMC - CMS/input_txtexpdate' is right clicked on

2018-05-09 15:42:58 - [TEST_STEP][PASSED] - selectOptionByIndex: All options with index in [9] are selected on object 'Object Repository/GRN/Page_KDMC - CMS/select_20182019202020212022202'

2018-05-09 15:42:58 - [MESSAGE][PASSED] - All options with index in [9] are selected on object 'Object Repository/GRN/Page_KDMC - CMS/select_20182019202020212022202'

2018-05-09 15:42:58 - [TEST_STEP][PASSED] - selectOptionByIndex: All options with index in [9] are selected on object 'Object Repository/GRN/Page_KDMC - CMS/select_JanFebMarAprMayJunJulAu'

2018-05-09 15:42:58 - [MESSAGE][PASSED] - All options with index in [9] are selected on object 'Object Repository/GRN/Page_KDMC - CMS/select_JanFebMarAprMayJunJulAu'

2018-05-09 15:42:58 - [TEST_STEP][PASSED] - click: Object: 'Object Repository/MOH AND GRN/Page_KDMC - CMS/a_12' is clicked on

2018-05-09 15:42:58 - [MESSAGE][PASSED] - Object: 'Object Repository/MOH AND GRN/Page_KDMC - CMS/a_12' is clicked on

2018-05-09 15:42:58 - [TEST_STEP][PASSED] - click: Object: 'Object Repository/MOH AND GRN/Page_KDMC - CMS/input_btnadd' is clicked on

2018-05-09 15:42:58 - [MESSAGE][PASSED] - Object: 'Object Repository/MOH AND GRN/Page_KDMC - CMS/input_btnadd' is clicked on

2018-05-09 15:42:58 - [TEST_STEP][PASSED] - Statement - If (s == 10): null

2018-05-09 15:42:58 - [TEST_STEP][PASSED] - Statement - Else: null

2018-05-09 15:42:58 - [TEST_STEP][PASSED] - Statement - (s++): null

2018-05-09 15:42:58 - [TEST_STEP][PASSED] - delay: Delayed 1 second(s)

2018-05-09 15:42:59 - [MESSAGE][PASSED] - Delayed 1 second(s)

2018-05-09 15:42:59 - [TEST_STEP][PASSED] - selectOptionByIndex: All options with index in [40] are selected on object 'Object Repository/MOH AND GRN/Page_KDMC - CMS/select_--Select--Amikacin -500'

2018-05-09 15:43:00 - [MESSAGE][PASSED] - All options with index in [40] are selected on object 'Object Repository/MOH AND GRN/Page_KDMC - CMS/select_--Select--Amikacin -500'

2018-05-09 15:43:00 - [TEST_STEP][PASSED] - setText: Text '5000' is set on object 'Object Repository/MOH AND GRN/Page_KDMC - CMS/input_txtqty'

2018-05-09 15:43:00 - [MESSAGE][PASSED] - Text '5000' is set on object 'Object Repository/MOH AND GRN/Page_KDMC - CMS/input_txtqty'

2018-05-09 15:43:00 - [TEST_STEP][PASSED] - selectOptionByIndex: All options with index in [1] are selected on object 'Object Repository/MOH AND GRN/Page_KDMC - CMS/select_--Select--No Tax0'

2018-05-09 15:43:00 - [MESSAGE][PASSED] - All options with index in [1] are selected on object 'Object Repository/MOH AND GRN/Page_KDMC - CMS/select_--Select--No Tax0'

2018-05-09 15:43:00 - [TEST_STEP][PASSED] - setText: Finding Test Object with id 'Object Repository/MOH AND GRN/Page_KDMC - CMS/input_txtmrp'

2018-05-09 15:43:00 - [TEST_STEP][PASSED] - Statement - switch (id): Finding Test Object with id 'Object Repository/MOH AND GRN/Page_KDMC - CMS/input_txtdeal'

2018-05-09 15:43:00 - [TEST_STEP][PASSED] - Statement - case 4:: Text '29.0' is set on object 'Object Repository/MOH AND GRN/Page_KDMC - CMS/input_txtmrp'

2018-05-09 15:43:00 - [TEST_STEP][PASSED] - Statement - return (java.lang.Math.floor((java.lang.Math.random() * ((max - min) + 1))) + min): Text '29.0' is set on object 'Object Repository/MOH AND GRN/Page_KDMC - CMS/input_txtmrp'

2018-05-09 15:43:00 - [MESSAGE][PASSED] - Text '29.0' is set on object 'Object Repository/MOH AND GRN/Page_KDMC - CMS/input_txtmrp'

2018-05-09 15:43:00 - [TEST_STEP][PASSED] - setText: Finding Test Object with id 'Object Repository/MOH AND GRN/Page_KDMC - CMS/input_txtdeal'

2018-05-09 15:43:00 - [TEST_STEP][PASSED] - Statement - switch (id): Finding Test Object with id 'Object Repository/MOH AND GRN/Page_KDMC - CMS/input_txtbatchno'

2018-05-09 15:43:00 - [TEST_STEP][PASSED] - Statement - case 5:: Text '4.0' is set on object 'Object Repository/MOH AND GRN/Page_KDMC - CMS/input_txtdeal'

2018-05-09 15:43:00 - [TEST_STEP][PASSED] - Statement - return (java.lang.Math.floor((java.lang.Math.random() * ((max - min) + 1))) + min): Text '4.0' is set on object 'Object Repository/MOH AND GRN/Page_KDMC - CMS/input_txtdeal'

2018-05-09 15:43:00 - [MESSAGE][PASSED] - Text '4.0' is set on object 'Object Repository/MOH AND GRN/Page_KDMC - CMS/input_txtdeal'

2018-05-09 15:43:00 - [TEST_STEP][PASSED] - setText: Finding Test Object with id 'Object Repository/MOH AND GRN/Page_KDMC - CMS/input_txtbatchno'

2018-05-09 15:43:00 - [TEST_STEP][PASSED] - Statement - switch (id): Finding Test Object with id 'Object Repository/MOH AND GRN/Page_KDMC - CMS/input_txtmrp'

2018-05-09 15:43:00 - [TEST_STEP][PASSED] - Statement - case 1:: Text 'BA110.0' is set on object 'Object Repository/MOH AND GRN/Page_KDMC - CMS/input_txtbatchno'

2018-05-09 15:43:00 - [TEST_STEP][PASSED] - Statement - return (java.lang.Math.floor((java.lang.Math.random() * ((max - min) + 1))) + min): Text 'BA110.0' is set on object 'Object Repository/MOH AND GRN/Page_KDMC - CMS/input_txtbatchno'

2018-05-09 15:43:00 - [MESSAGE][PASSED] - Text 'BA110.0' is set on object 'Object Repository/MOH AND GRN/Page_KDMC - CMS/input_txtbatchno'

2018-05-09 15:43:00 - [TEST_STEP][PASSED] - rightClick: Object: 'Object Repository/GRN/Page_KDMC - CMS/input_txtexpdate' is right clicked on

2018-05-09 15:43:00 - [MESSAGE][PASSED] - Object: 'Object Repository/GRN/Page_KDMC - CMS/input_txtexpdate' is right clicked on

2018-05-09 15:43:00 - [TEST_STEP][PASSED] - selectOptionByIndex: All options with index in [10] are selected on object 'Object Repository/GRN/Page_KDMC - CMS/select_20182019202020212022202'

2018-05-09 15:43:01 - [MESSAGE][PASSED] - All options with index in [10] are selected on object 'Object Repository/GRN/Page_KDMC - CMS/select_20182019202020212022202'

2018-05-09 15:43:01 - [TEST_STEP][PASSED] - selectOptionByIndex: All options with index in [10] are selected on object 'Object Repository/GRN/Page_KDMC - CMS/select_JanFebMarAprMayJunJulAu'

2018-05-09 15:43:01 - [MESSAGE][PASSED] - All options with index in [10] are selected on object 'Object Repository/GRN/Page_KDMC - CMS/select_JanFebMarAprMayJunJulAu'

2018-05-09 15:43:01 - [TEST_STEP][PASSED] - click: Object: 'Object Repository/MOH AND GRN/Page_KDMC - CMS/a_12' is clicked on

2018-05-09 15:43:01 - [MESSAGE][PASSED] - Object: 'Object Repository/MOH AND GRN/Page_KDMC - CMS/a_12' is clicked on

2018-05-09 15:43:01 - [TEST_STEP][PASSED] - click: Object: 'Object Repository/MOH AND GRN/Page_KDMC - CMS/input_btnadd' is clicked on

2018-05-09 15:43:01 - [MESSAGE][PASSED] - Object: 'Object Repository/MOH AND GRN/Page_KDMC - CMS/input_btnadd' is clicked on

2018-05-09 15:43:01 - [TEST_STEP][PASSED] - Statement - If (s == 10): null

2018-05-09 15:43:01 - [TEST_STEP][PASSED] - Statement - s = 1: null

2018-05-09 15:43:01 - [TEST_STEP][PASSED] - delay: Delayed 1 second(s)

2018-05-09 15:43:02 - [MESSAGE][PASSED] - Delayed 1 second(s)

2018-05-09 15:43:02 - [TEST_STEP][PASSED] - selectOptionByIndex: All options with index in [41] are selected on object 'Object Repository/MOH AND GRN/Page_KDMC - CMS/select_--Select--Amikacin -500'

2018-05-09 15:43:03 - [MESSAGE][PASSED] - All options with index in [41] are selected on object 'Object Repository/MOH AND GRN/Page_KDMC - CMS/select_--Select--Amikacin -500'

2018-05-09 15:43:03 - [TEST_STEP][PASSED] - setText: Text '5000' is set on object 'Object Repository/MOH AND GRN/Page_KDMC - CMS/input_txtqty'

2018-05-09 15:43:03 - [MESSAGE][PASSED] - Text '5000' is set on object 'Object Repository/MOH AND GRN/Page_KDMC - CMS/input_txtqty'

2018-05-09 15:43:03 - [TEST_STEP][PASSED] - selectOptionByIndex: All options with index in [1] are selected on object 'Object Repository/MOH AND GRN/Page_KDMC - CMS/select_--Select--No Tax0'

2018-05-09 15:43:03 - [MESSAGE][PASSED] - All options with index in [1] are selected on object 'Object Repository/MOH AND GRN/Page_KDMC - CMS/select_--Select--No Tax0'

2018-05-09 15:43:03 - [TEST_STEP][PASSED] - setText: Finding Test Object with id 'Object Repository/MOH AND GRN/Page_KDMC - CMS/input_txtmrp'

2018-05-09 15:43:03 - [TEST_STEP][PASSED] - Statement - switch (id): Finding Test Object with id 'Object Repository/MOH AND GRN/Page_KDMC - CMS/input_txtdeal'

2018-05-09 15:43:03 - [TEST_STEP][PASSED] - Statement - case 4:: Text '20.0' is set on object 'Object Repository/MOH AND GRN/Page_KDMC - CMS/input_txtmrp'

2018-05-09 15:43:03 - [TEST_STEP][PASSED] - Statement - return (java.lang.Math.floor((java.lang.Math.random() * ((max - min) + 1))) + min): Text '20.0' is set on object 'Object Repository/MOH AND GRN/Page_KDMC - CMS/input_txtmrp'

2018-05-09 15:43:03 - [MESSAGE][PASSED] - Text '20.0' is set on object 'Object Repository/MOH AND GRN/Page_KDMC - CMS/input_txtmrp'

2018-05-09 15:43:03 - [TEST_STEP][PASSED] - setText: Finding Test Object with id 'Object Repository/MOH AND GRN/Page_KDMC - CMS/input_txtdeal'

2018-05-09 15:43:03 - [TEST_STEP][PASSED] - Statement - switch (id): Finding Test Object with id 'Object Repository/MOH AND GRN/Page_KDMC - CMS/input_txtbatchno'

2018-05-09 15:43:03 - [TEST_STEP][PASSED] - Statement - case 5:: Text '5.0' is set on object 'Object Repository/MOH AND GRN/Page_KDMC - CMS/input_txtdeal'

2018-05-09 15:43:03 - [TEST_STEP][PASSED] - Statement - return (java.lang.Math.floor((java.lang.Math.random() * ((max - min) + 1))) + min): Text '5.0' is set on object 'Object Repository/MOH AND GRN/Page_KDMC - CMS/input_txtdeal'

2018-05-09 15:43:03 - [MESSAGE][PASSED] - Text '5.0' is set on object 'Object Repository/MOH AND GRN/Page_KDMC - CMS/input_txtdeal'

2018-05-09 15:43:03 - [TEST_STEP][PASSED] - setText: Finding Test Object with id 'Object Repository/MOH AND GRN/Page_KDMC - CMS/input_txtbatchno'

2018-05-09 15:43:03 - [TEST_STEP][PASSED] - Statement - switch (id): Finding Test Object with id 'Object Repository/MOH AND GRN/Page_KDMC - CMS/input_txtmrp'

2018-05-09 15:43:03 - [TEST_STEP][PASSED] - Statement - case 1:: Text 'BA501.0' is set on object 'Object Repository/MOH AND GRN/Page_KDMC - CMS/input_txtbatchno'

2018-05-09 15:43:03 - [TEST_STEP][PASSED] - Statement - return (java.lang.Math.floor((java.lang.Math.random() * ((max - min) + 1))) + min): Text 'BA501.0' is set on object 'Object Repository/MOH AND GRN/Page_KDMC - CMS/input_txtbatchno'

2018-05-09 15:43:03 - [MESSAGE][PASSED] - Text 'BA501.0' is set on object 'Object Repository/MOH AND GRN/Page_KDMC - CMS/input_txtbatchno'

2018-05-09 15:43:03 - [TEST_STEP][PASSED] - rightClick: Object: 'Object Repository/GRN/Page_KDMC - CMS/input_txtexpdate' is right clicked on

2018-05-09 15:43:03 - [MESSAGE][PASSED] - Object: 'Object Repository/GRN/Page_KDMC - CMS/input_txtexpdate' is right clicked on

2018-05-09 15:43:03 - [TEST_STEP][PASSED] - selectOptionByIndex: All options with index in [1] are selected on object 'Object Repository/GRN/Page_KDMC - CMS/select_20182019202020212022202'

2018-05-09 15:43:03 - [MESSAGE][PASSED] - All options with index in [1] are selected on object 'Object Repository/GRN/Page_KDMC - CMS/select_20182019202020212022202'

2018-05-09 15:43:03 - [TEST_STEP][PASSED] - selectOptionByIndex: All options with index in [1] are selected on object 'Object Repository/GRN/Page_KDMC - CMS/select_JanFebMarAprMayJunJulAu'

2018-05-09 15:43:03 - [MESSAGE][PASSED] - All options with index in [1] are selected on object 'Object Repository/GRN/Page_KDMC - CMS/select_JanFebMarAprMayJunJulAu'

2018-05-09 15:43:03 - [TEST_STEP][PASSED] - click: Object: 'Object Repository/MOH AND GRN/Page_KDMC - CMS/a_12' is clicked on

2018-05-09 15:43:04 - [MESSAGE][PASSED] - Object: 'Object Repository/MOH AND GRN/Page_KDMC - CMS/a_12' is clicked on

2018-05-09 15:43:04 - [TEST_STEP][PASSED] - click: Object: 'Object Repository/MOH AND GRN/Page_KDMC - CMS/input_btnadd' is clicked on

2018-05-09 15:43:04 - [MESSAGE][PASSED] - Object: 'Object Repository/MOH AND GRN/Page_KDMC - CMS/input_btnadd' is clicked on

2018-05-09 15:43:04 - [TEST_STEP][PASSED] - Statement - If (s == 10): null

2018-05-09 15:43:04 - [TEST_STEP][PASSED] - Statement - Else: null

2018-05-09 15:43:04 - [TEST_STEP][PASSED] - Statement - (s++): null

2018-05-09 15:43:04 - [TEST_STEP][PASSED] - delay: Delayed 1 second(s)

2018-05-09 15:43:05 - [MESSAGE][PASSED] - Delayed 1 second(s)

2018-05-09 15:43:05 - [TEST_STEP][PASSED] - selectOptionByIndex: All options with index in [42] are selected on object 'Object Repository/MOH AND GRN/Page_KDMC - CMS/select_--Select--Amikacin -500'

2018-05-09 15:43:05 - [MESSAGE][PASSED] - All options with index in [42] are selected on object 'Object Repository/MOH AND GRN/Page_KDMC - CMS/select_--Select--Amikacin -500'

2018-05-09 15:43:05 - [TEST_STEP][PASSED] - setText: Text '5000' is set on object 'Object Repository/MOH AND GRN/Page_KDMC - CMS/input_txtqty'

2018-05-09 15:43:05 - [MESSAGE][PASSED] - Text '5000' is set on object 'Object Repository/MOH AND GRN/Page_KDMC - CMS/input_txtqty'

2018-05-09 15:43:05 - [TEST_STEP][PASSED] - selectOptionByIndex: All options with index in [1] are selected on object 'Object Repository/MOH AND GRN/Page_KDMC - CMS/select_--Select--No Tax0'

2018-05-09 15:43:05 - [MESSAGE][PASSED] - All options with index in [1] are selected on object 'Object Repository/MOH AND GRN/Page_KDMC - CMS/select_--Select--No Tax0'

2018-05-09 15:43:05 - [TEST_STEP][PASSED] - setText: Finding Test Object with id 'Object Repository/MOH AND GRN/Page_KDMC - CMS/input_txtmrp'

2018-05-09 15:43:05 - [TEST_STEP][PASSED] - Statement - switch (id): Finding Test Object with id 'Object Repository/MOH AND GRN/Page_KDMC - CMS/input_txtdeal'

2018-05-09 15:43:05 - [TEST_STEP][PASSED] - Statement - case 4:: Text '43.0' is set on object 'Object Repository/MOH AND GRN/Page_KDMC - CMS/input_txtmrp'

2018-05-09 15:43:05 - [TEST_STEP][PASSED] - Statement - return (java.lang.Math.floor((java.lang.Math.random() * ((max - min) + 1))) + min): Text '43.0' is set on object 'Object Repository/MOH AND GRN/Page_KDMC - CMS/input_txtmrp'

2018-05-09 15:43:05 - [MESSAGE][PASSED] - Text '43.0' is set on object 'Object Repository/MOH AND GRN/Page_KDMC - CMS/input_txtmrp'

2018-05-09 15:43:05 - [TEST_STEP][PASSED] - setText: Finding Test Object with id 'Object Repository/MOH AND GRN/Page_KDMC - CMS/input_txtdeal'

2018-05-09 15:43:05 - [TEST_STEP][PASSED] - Statement - switch (id): Finding Test Object with id 'Object Repository/MOH AND GRN/Page_KDMC - CMS/input_txtbatchno'

2018-05-09 15:43:05 - [TEST_STEP][PASSED] - Statement - case 5:: Text '3.0' is set on object 'Object Repository/MOH AND GRN/Page_KDMC - CMS/input_txtdeal'

2018-05-09 15:43:05 - [TEST_STEP][PASSED] - Statement - return (java.lang.Math.floor((java.lang.Math.random() * ((max - min) + 1))) + min): Text '3.0' is set on object 'Object Repository/MOH AND GRN/Page_KDMC - CMS/input_txtdeal'

2018-05-09 15:43:06 - [MESSAGE][PASSED] - Text '3.0' is set on object 'Object Repository/MOH AND GRN/Page_KDMC - CMS/input_txtdeal'

2018-05-09 15:43:06 - [TEST_STEP][PASSED] - setText: Finding Test Object with id 'Object Repository/MOH AND GRN/Page_KDMC - CMS/input_txtbatchno'

2018-05-09 15:43:06 - [TEST_STEP][PASSED] - Statement - switch (id): Finding Test Object with id 'Object Repository/MOH AND GRN/Page_KDMC - CMS/input_txtmrp'

2018-05-09 15:43:06 - [TEST_STEP][PASSED] - Statement - case 1:: Text 'BA284.0' is set on object 'Object Repository/MOH AND GRN/Page_KDMC - CMS/input_txtbatchno'

2018-05-09 15:43:06 - [TEST_STEP][PASSED] - Statement - return (java.lang.Math.floor((java.lang.Math.random() * ((max - min) + 1))) + min): Text 'BA284.0' is set on object 'Object Repository/MOH AND GRN/Page_KDMC - CMS/input_txtbatchno'

2018-05-09 15:43:06 - [MESSAGE][PASSED] - Text 'BA284.0' is set on object 'Object Repository/MOH AND GRN/Page_KDMC - CMS/input_txtbatchno'

2018-05-09 15:43:06 - [TEST_STEP][PASSED] - rightClick: Object: 'Object Repository/GRN/Page_KDMC - CMS/input_txtexpdate' is right clicked on

2018-05-09 15:43:06 - [MESSAGE][PASSED] - Object: 'Object Repository/GRN/Page_KDMC - CMS/input_txtexpdate' is right clicked on

2018-05-09 15:43:06 - [TEST_STEP][PASSED] - selectOptionByIndex: All options with index in [2] are selected on object 'Object Repository/GRN/Page_KDMC - CMS/select_20182019202020212022202'

2018-05-09 15:43:06 - [MESSAGE][PASSED] - All options with index in [2] are selected on object 'Object Repository/GRN/Page_KDMC - CMS/select_20182019202020212022202'

2018-05-09 15:43:06 - [TEST_STEP][PASSED] - selectOptionByIndex: All options with index in [2] are selected on object 'Object Repository/GRN/Page_KDMC - CMS/select_JanFebMarAprMayJunJulAu'

2018-05-09 15:43:06 - [MESSAGE][PASSED] - All options with index in [2] are selected on object 'Object Repository/GRN/Page_KDMC - CMS/select_JanFebMarAprMayJunJulAu'

2018-05-09 15:43:06 - [TEST_STEP][PASSED] - click: Object: 'Object Repository/MOH AND GRN/Page_KDMC - CMS/a_12' is clicked on

2018-05-09 15:43:06 - [MESSAGE][PASSED] - Object: 'Object Repository/MOH AND GRN/Page_KDMC - CMS/a_12' is clicked on

2018-05-09 15:43:06 - [TEST_STEP][PASSED] - click: Object: 'Object Repository/MOH AND GRN/Page_KDMC - CMS/input_btnadd' is clicked on

2018-05-09 15:43:06 - [MESSAGE][PASSED] - Object: 'Object Repository/MOH AND GRN/Page_KDMC - CMS/input_btnadd' is clicked on

2018-05-09 15:43:06 - [TEST_STEP][PASSED] - Statement - If (s == 10): null

2018-05-09 15:43:06 - [TEST_STEP][PASSED] - Statement - Else: null

2018-05-09 15:43:06 - [TEST_STEP][PASSED] - Statement - (s++): null

2018-05-09 15:43:06 - [TEST_STEP][PASSED] - delay: Delayed 1 second(s)

2018-05-09 15:43:07 - [MESSAGE][PASSED] - Delayed 1 second(s)

2018-05-09 15:43:07 - [TEST_STEP][PASSED] - selectOptionByIndex: All options with index in [43] are selected on object 'Object Repository/MOH AND GRN/Page_KDMC - CMS/select_--Select--Amikacin -500'

2018-05-09 15:43:08 - [MESSAGE][PASSED] - All options with index in [43] are selected on object 'Object Repository/MOH AND GRN/Page_KDMC - CMS/select_--Select--Amikacin -500'

2018-05-09 15:43:08 - [TEST_STEP][PASSED] - setText: Text '5000' is set on object 'Object Repository/MOH AND GRN/Page_KDMC - CMS/input_txtqty'

2018-05-09 15:43:08 - [MESSAGE][PASSED] - Text '5000' is set on object 'Object Repository/MOH AND GRN/Page_KDMC - CMS/input_txtqty'

2018-05-09 15:43:08 - [TEST_STEP][PASSED] - selectOptionByIndex: All options with index in [1] are selected on object 'Object Repository/MOH AND GRN/Page_KDMC - CMS/select_--Select--No Tax0'

2018-05-09 15:43:08 - [MESSAGE][PASSED] - All options with index in [1] are selected on object 'Object Repository/MOH AND GRN/Page_KDMC - CMS/select_--Select--No Tax0'

2018-05-09 15:43:08 - [TEST_STEP][PASSED] - setText: Finding Test Object with id 'Object Repository/MOH AND GRN/Page_KDMC - CMS/input_txtmrp'

2018-05-09 15:43:08 - [TEST_STEP][PASSED] - Statement - switch (id): Finding Test Object with id 'Object Repository/MOH AND GRN/Page_KDMC - CMS/input_txtdeal'

2018-05-09 15:43:08 - [TEST_STEP][PASSED] - Statement - case 4:: Text '18.0' is set on object 'Object Repository/MOH AND GRN/Page_KDMC - CMS/input_txtmrp'

2018-05-09 15:43:08 - [TEST_STEP][PASSED] - Statement - return (java.lang.Math.floor((java.lang.Math.random() * ((max - min) + 1))) + min): Text '18.0' is set on object 'Object Repository/MOH AND GRN/Page_KDMC - CMS/input_txtmrp'

2018-05-09 15:43:08 - [MESSAGE][PASSED] - Text '18.0' is set on object 'Object Repository/MOH AND GRN/Page_KDMC - CMS/input_txtmrp'

2018-05-09 15:43:08 - [TEST_STEP][PASSED] - setText: Finding Test Object with id 'Object Repository/MOH AND GRN/Page_KDMC - CMS/input_txtdeal'

2018-05-09 15:43:08 - [TEST_STEP][PASSED] - Statement - switch (id): Finding Test Object with id 'Object Repository/MOH AND GRN/Page_KDMC - CMS/input_txtbatchno'

2018-05-09 15:43:08 - [TEST_STEP][PASSED] - Statement - case 5:: Text '6.0' is set on object 'Object Repository/MOH AND GRN/Page_KDMC - CMS/input_txtdeal'

2018-05-09 15:43:08 - [TEST_STEP][PASSED] - Statement - return (java.lang.Math.floor((java.lang.Math.random() * ((max - min) + 1))) + min): Text '6.0' is set on object 'Object Repository/MOH AND GRN/Page_KDMC - CMS/input_txtdeal'

2018-05-09 15:43:08 - [MESSAGE][PASSED] - Text '6.0' is set on object 'Object Repository/MOH AND GRN/Page_KDMC - CMS/input_txtdeal'

2018-05-09 15:43:08 - [TEST_STEP][PASSED] - setText: Finding Test Object with id 'Object Repository/MOH AND GRN/Page_KDMC - CMS/input_txtbatchno'

2018-05-09 15:43:08 - [TEST_STEP][PASSED] - Statement - switch (id): Finding Test Object with id 'Object Repository/MOH AND GRN/Page_KDMC - CMS/input_txtmrp'

2018-05-09 15:43:08 - [TEST_STEP][PASSED] - Statement - case 1:: Text 'BA56.0' is set on object 'Object Repository/MOH AND GRN/Page_KDMC - CMS/input_txtbatchno'

2018-05-09 15:43:08 - [TEST_STEP][PASSED] - Statement - return (java.lang.Math.floor((java.lang.Math.random() * ((max - min) + 1))) + min): Text 'BA56.0' is set on object 'Object Repository/MOH AND GRN/Page_KDMC - CMS/input_txtbatchno'

2018-05-09 15:43:08 - [MESSAGE][PASSED] - Text 'BA56.0' is set on object 'Object Repository/MOH AND GRN/Page_KDMC - CMS/input_txtbatchno'

2018-05-09 15:43:08 - [TEST_STEP][PASSED] - rightClick: Object: 'Object Repository/GRN/Page_KDMC - CMS/input_txtexpdate' is right clicked on

2018-05-09 15:43:08 - [MESSAGE][PASSED] - Object: 'Object Repository/GRN/Page_KDMC - CMS/input_txtexpdate' is right clicked on

2018-05-09 15:43:08 - [TEST_STEP][PASSED] - selectOptionByIndex: All options with index in [3] are selected on object 'Object Repository/GRN/Page_KDMC - CMS/select_20182019202020212022202'

2018-05-09 15:43:08 - [MESSAGE][PASSED] - All options with index in [3] are selected on object 'Object Repository/GRN/Page_KDMC - CMS/select_20182019202020212022202'

2018-05-09 15:43:08 - [TEST_STEP][PASSED] - selectOptionByIndex: All options with index in [3] are selected on object 'Object Repository/GRN/Page_KDMC - CMS/select_JanFebMarAprMayJunJulAu'

2018-05-09 15:43:09 - [MESSAGE][PASSED] - All options with index in [3] are selected on object 'Object Repository/GRN/Page_KDMC - CMS/select_JanFebMarAprMayJunJulAu'

2018-05-09 15:43:09 - [TEST_STEP][PASSED] - click: Object: 'Object Repository/MOH AND GRN/Page_KDMC - CMS/a_12' is clicked on

2018-05-09 15:43:09 - [MESSAGE][PASSED] - Object: 'Object Repository/MOH AND GRN/Page_KDMC - CMS/a_12' is clicked on

2018-05-09 15:43:09 - [TEST_STEP][PASSED] - click: Object: 'Object Repository/MOH AND GRN/Page_KDMC - CMS/input_btnadd' is clicked on

2018-05-09 15:43:09 - [MESSAGE][PASSED] - Object: 'Object Repository/MOH AND GRN/Page_KDMC - CMS/input_btnadd' is clicked on

2018-05-09 15:43:09 - [TEST_STEP][PASSED] - Statement - If (s == 10): null

2018-05-09 15:43:09 - [TEST_STEP][PASSED] - Statement - Else: null

2018-05-09 15:43:09 - [TEST_STEP][PASSED] - Statement - (s++): null

2018-05-09 15:43:09 - [TEST_STEP][PASSED] - delay: Delayed 1 second(s)

2018-05-09 15:43:10 - [MESSAGE][PASSED] - Delayed 1 second(s)

2018-05-09 15:43:10 - [TEST_STEP][PASSED] - selectOptionByIndex: All options with index in [44] are selected on object 'Object Repository/MOH AND GRN/Page_KDMC - CMS/select_--Select--Amikacin -500'

2018-05-09 15:43:10 - [MESSAGE][PASSED] - All options with index in [44] are selected on object 'Object Repository/MOH AND GRN/Page_KDMC - CMS/select_--Select--Amikacin -500'

2018-05-09 15:43:10 - [TEST_STEP][PASSED] - setText: Text '5000' is set on object 'Object Repository/MOH AND GRN/Page_KDMC - CMS/input_txtqty'

2018-05-09 15:43:10 - [MESSAGE][PASSED] - Text '5000' is set on object 'Object Repository/MOH AND GRN/Page_KDMC - CMS/input_txtqty'

2018-05-09 15:43:10 - [TEST_STEP][PASSED] - selectOptionByIndex: All options with index in [1] are selected on object 'Object Repository/MOH AND GRN/Page_KDMC - CMS/select_--Select--No Tax0'

2018-05-09 15:43:10 - [MESSAGE][PASSED] - All options with index in [1] are selected on object 'Object Repository/MOH AND GRN/Page_KDMC - CMS/select_--Select--No Tax0'

2018-05-09 15:43:10 - [TEST_STEP][PASSED] - setText: Finding Test Object with id 'Object Repository/MOH AND GRN/Page_KDMC - CMS/input_txtmrp'

2018-05-09 15:43:10 - [TEST_STEP][PASSED] - Statement - switch (id): Finding Test Object with id 'Object Repository/MOH AND GRN/Page_KDMC - CMS/input_txtdeal'

2018-05-09 15:43:10 - [TEST_STEP][PASSED] - Statement - case 4:: Text '31.0' is set on object 'Object Repository/MOH AND GRN/Page_KDMC - CMS/input_txtmrp'

2018-05-09 15:43:10 - [TEST_STEP][PASSED] - Statement - return (java.lang.Math.floor((java.lang.Math.random() * ((max - min) + 1))) + min): Text '31.0' is set on object 'Object Repository/MOH AND GRN/Page_KDMC - CMS/input_txtmrp'

2018-05-09 15:43:11 - [MESSAGE][PASSED] - Text '31.0' is set on object 'Object Repository/MOH AND GRN/Page_KDMC - CMS/input_txtmrp'

2018-05-09 15:43:11 - [TEST_STEP][PASSED] - setText: Finding Test Object with id 'Object Repository/MOH AND GRN/Page_KDMC - CMS/input_txtdeal'

2018-05-09 15:43:11 - [TEST_STEP][PASSED] - Statement - switch (id): Finding Test Object with id 'Object Repository/MOH AND GRN/Page_KDMC - CMS/input_txtbatchno'

2018-05-09 15:43:11 - [TEST_STEP][PASSED] - Statement - case 5:: Text '1.0' is set on object 'Object Repository/MOH AND GRN/Page_KDMC - CMS/input_txtdeal'

2018-05-09 15:43:11 - [TEST_STEP][PASSED] - Statement - return (java.lang.Math.floor((java.lang.Math.random() * ((max - min) + 1))) + min): Text '1.0' is set on object 'Object Repository/MOH AND GRN/Page_KDMC - CMS/input_txtdeal'

2018-05-09 15:43:11 - [MESSAGE][PASSED] - Text '1.0' is set on object 'Object Repository/MOH AND GRN/Page_KDMC - CMS/input_txtdeal'

2018-05-09 15:43:11 - [TEST_STEP][PASSED] - setText: Finding Test Object with id 'Object Repository/MOH AND GRN/Page_KDMC - CMS/input_txtbatchno'

2018-05-09 15:43:11 - [TEST_STEP][PASSED] - Statement - switch (id): Finding Test Object with id 'Object Repository/MOH AND GRN/Page_KDMC - CMS/input_txtmrp'

2018-05-09 15:43:11 - [TEST_STEP][PASSED] - Statement - case 1:: Text 'BA150.0' is set on object 'Object Repository/MOH AND GRN/Page_KDMC - CMS/input_txtbatchno'

2018-05-09 15:43:11 - [TEST_STEP][PASSED] - Statement - return (java.lang.Math.floor((java.lang.Math.random() * ((max - min) + 1))) + min): Text 'BA150.0' is set on object 'Object Repository/MOH AND GRN/Page_KDMC - CMS/input_txtbatchno'

2018-05-09 15:43:11 - [MESSAGE][PASSED] - Text 'BA150.0' is set on object 'Object Repository/MOH AND GRN/Page_KDMC - CMS/input_txtbatchno'

2018-05-09 15:43:11 - [TEST_STEP][PASSED] - rightClick: Object: 'Object Repository/GRN/Page_KDMC - CMS/input_txtexpdate' is right clicked on

2018-05-09 15:43:11 - [MESSAGE][PASSED] - Object: 'Object Repository/GRN/Page_KDMC - CMS/input_txtexpdate' is right clicked on

2018-05-09 15:43:11 - [TEST_STEP][PASSED] - selectOptionByIndex: All options with index in [4] are selected on object 'Object Repository/GRN/Page_KDMC - CMS/select_20182019202020212022202'

2018-05-09 15:43:11 - [MESSAGE][PASSED] - All options with index in [4] are selected on object 'Object Repository/GRN/Page_KDMC - CMS/select_20182019202020212022202'

2018-05-09 15:43:11 - [TEST_STEP][PASSED] - selectOptionByIndex: All options with index in [4] are selected on object 'Object Repository/GRN/Page_KDMC - CMS/select_JanFebMarAprMayJunJulAu'

2018-05-09 15:43:11 - [MESSAGE][PASSED] - All options with index in [4] are selected on object 'Object Repository/GRN/Page_KDMC - CMS/select_JanFebMarAprMayJunJulAu'

2018-05-09 15:43:11 - [TEST_STEP][PASSED] - click: Object: 'Object Repository/MOH AND GRN/Page_KDMC - CMS/a_12' is clicked on

2018-05-09 15:43:11 - [MESSAGE][PASSED] - Object: 'Object Repository/MOH AND GRN/Page_KDMC - CMS/a_12' is clicked on

2018-05-09 15:43:11 - [TEST_STEP][PASSED] - click: Object: 'Object Repository/MOH AND GRN/Page_KDMC - CMS/input_btnadd' is clicked on

2018-05-09 15:43:11 - [MESSAGE][PASSED] - Object: 'Object Repository/MOH AND GRN/Page_KDMC - CMS/input_btnadd' is clicked on

2018-05-09 15:43:11 - [TEST_STEP][PASSED] - Statement - If (s == 10): null

2018-05-09 15:43:11 - [TEST_STEP][PASSED] - Statement - Else: null

2018-05-09 15:43:11 - [TEST_STEP][PASSED] - Statement - (s++): null

2018-05-09 15:43:11 - [TEST_STEP][PASSED] - delay: Delayed 1 second(s)

2018-05-09 15:43:12 - [MESSAGE][PASSED] - Delayed 1 second(s)

2018-05-09 15:43:12 - [TEST_STEP][PASSED] - selectOptionByIndex: All options with index in [45] are selected on object 'Object Repository/MOH AND GRN/Page_KDMC - CMS/select_--Select--Amikacin -500'

2018-05-09 15:43:13 - [MESSAGE][PASSED] - All options with index in [45] are selected on object 'Object Repository/MOH AND GRN/Page_KDMC - CMS/select_--Select--Amikacin -500'

2018-05-09 15:43:13 - [TEST_STEP][PASSED] - setText: Text '5000' is set on object 'Object Repository/MOH AND GRN/Page_KDMC - CMS/input_txtqty'

2018-05-09 15:43:13 - [MESSAGE][PASSED] - Text '5000' is set on object 'Object Repository/MOH AND GRN/Page_KDMC - CMS/input_txtqty'

2018-05-09 15:43:13 - [TEST_STEP][PASSED] - selectOptionByIndex: All options with index in [1] are selected on object 'Object Repository/MOH AND GRN/Page_KDMC - CMS/select_--Select--No Tax0'

2018-05-09 15:43:13 - [MESSAGE][PASSED] - All options with index in [1] are selected on object 'Object Repository/MOH AND GRN/Page_KDMC - CMS/select_--Select--No Tax0'

2018-05-09 15:43:13 - [TEST_STEP][PASSED] - setText: Finding Test Object with id 'Object Repository/MOH AND GRN/Page_KDMC - CMS/input_txtmrp'

2018-05-09 15:43:13 - [TEST_STEP][PASSED] - Statement - switch (id): Finding Test Object with id 'Object Repository/MOH AND GRN/Page_KDMC - CMS/input_txtdeal'

2018-05-09 15:43:13 - [TEST_STEP][PASSED] - Statement - case 4:: Text '24.0' is set on object 'Object Repository/MOH AND GRN/Page_KDMC - CMS/input_txtmrp'

2018-05-09 15:43:13 - [TEST_STEP][PASSED] - Statement - return (java.lang.Math.floor((java.lang.Math.random() * ((max - min) + 1))) + min): Text '24.0' is set on object 'Object Repository/MOH AND GRN/Page_KDMC - CMS/input_txtmrp'

2018-05-09 15:43:13 - [MESSAGE][PASSED] - Text '24.0' is set on object 'Object Repository/MOH AND GRN/Page_KDMC - CMS/input_txtmrp'

2018-05-09 15:43:13 - [TEST_STEP][PASSED] - setText: Finding Test Object with id 'Object Repository/MOH AND GRN/Page_KDMC - CMS/input_txtdeal'

2018-05-09 15:43:13 - [TEST_STEP][PASSED] - Statement - switch (id): Finding Test Object with id 'Object Repository/MOH AND GRN/Page_KDMC - CMS/input_txtbatchno'

2018-05-09 15:43:13 - [TEST_STEP][PASSED] - Statement - case 5:: Text '4.0' is set on object 'Object Repository/MOH AND GRN/Page_KDMC - CMS/input_txtdeal'

2018-05-09 15:43:13 - [TEST_STEP][PASSED] - Statement - return (java.lang.Math.floor((java.lang.Math.random() * ((max - min) + 1))) + min): Text '4.0' is set on object 'Object Repository/MOH AND GRN/Page_KDMC - CMS/input_txtdeal'

2018-05-09 15:43:13 - [MESSAGE][PASSED] - Text '4.0' is set on object 'Object Repository/MOH AND GRN/Page_KDMC - CMS/input_txtdeal'

2018-05-09 15:43:13 - [TEST_STEP][PASSED] - setText: Finding Test Object with id 'Object Repository/MOH AND GRN/Page_KDMC - CMS/input_txtbatchno'

2018-05-09 15:43:13 - [TEST_STEP][PASSED] - Statement - switch (id): Finding Test Object with id 'Object Repository/MOH AND GRN/Page_KDMC - CMS/input_txtmrp'

2018-05-09 15:43:13 - [TEST_STEP][PASSED] - Statement - case 1:: Text 'BA835.0' is set on object 'Object Repository/MOH AND GRN/Page_KDMC - CMS/input_txtbatchno'

2018-05-09 15:43:13 - [TEST_STEP][PASSED] - Statement - return (java.lang.Math.floor((java.lang.Math.random() * ((max - min) + 1))) + min): Text 'BA835.0' is set on object 'Object Repository/MOH AND GRN/Page_KDMC - CMS/input_txtbatchno'

2018-05-09 15:43:13 - [MESSAGE][PASSED] - Text 'BA835.0' is set on object 'Object Repository/MOH AND GRN/Page_KDMC - CMS/input_txtbatchno'

2018-05-09 15:43:13 - [TEST_STEP][PASSED] - rightClick: Object: 'Object Repository/GRN/Page_KDMC - CMS/input_txtexpdate' is right clicked on

2018-05-09 15:43:13 - [MESSAGE][PASSED] - Object: 'Object Repository/GRN/Page_KDMC - CMS/input_txtexpdate' is right clicked on

2018-05-09 15:43:13 - [TEST_STEP][PASSED] - selectOptionByIndex: All options with index in [5] are selected on object 'Object Repository/GRN/Page_KDMC - CMS/select_20182019202020212022202'

2018-05-09 15:43:14 - [MESSAGE][PASSED] - All options with index in [5] are selected on object 'Object Repository/GRN/Page_KDMC - CMS/select_20182019202020212022202'

2018-05-09 15:43:14 - [TEST_STEP][PASSED] - selectOptionByIndex: All options with index in [5] are selected on object 'Object Repository/GRN/Page_KDMC - CMS/select_JanFebMarAprMayJunJulAu'

2018-05-09 15:43:14 - [MESSAGE][PASSED] - All options with index in [5] are selected on object 'Object Repository/GRN/Page_KDMC - CMS/select_JanFebMarAprMayJunJulAu'

2018-05-09 15:43:14 - [TEST_STEP][PASSED] - click: Object: 'Object Repository/MOH AND GRN/Page_KDMC - CMS/a_12' is clicked on

2018-05-09 15:43:14 - [MESSAGE][PASSED] - Object: 'Object Repository/MOH AND GRN/Page_KDMC - CMS/a_12' is clicked on

2018-05-09 15:43:14 - [TEST_STEP][PASSED] - click: Object: 'Object Repository/MOH AND GRN/Page_KDMC - CMS/input_btnadd' is clicked on

2018-05-09 15:43:14 - [MESSAGE][PASSED] - Object: 'Object Repository/MOH AND GRN/Page_KDMC - CMS/input_btnadd' is clicked on

2018-05-09 15:43:14 - [TEST_STEP][PASSED] - Statement - If (s == 10): null

2018-05-09 15:43:14 - [TEST_STEP][PASSED] - Statement - Else: null

2018-05-09 15:43:14 - [TEST_STEP][PASSED] - Statement - (s++): null

2018-05-09 15:43:14 - [TEST_STEP][PASSED] - delay: Delayed 1 second(s)

2018-05-09 15:43:15 - [MESSAGE][PASSED] - Delayed 1 second(s)

2018-05-09 15:43:15 - [TEST_STEP][PASSED] - selectOptionByIndex: All options with index in [46] are selected on object 'Object Repository/MOH AND GRN/Page_KDMC - CMS/select_--Select--Amikacin -500'

2018-05-09 15:43:15 - [MESSAGE][PASSED] - All options with index in [46] are selected on object 'Object Repository/MOH AND GRN/Page_KDMC - CMS/select_--Select--Amikacin -500'

2018-05-09 15:43:15 - [TEST_STEP][PASSED] - setText: Text '5000' is set on object 'Object Repository/MOH AND GRN/Page_KDMC - CMS/input_txtqty'

2018-05-09 15:43:16 - [MESSAGE][PASSED] - Text '5000' is set on object 'Object Repository/MOH AND GRN/Page_KDMC - CMS/input_txtqty'

2018-05-09 15:43:16 - [TEST_STEP][PASSED] - selectOptionByIndex: All options with index in [1] are selected on object 'Object Repository/MOH AND GRN/Page_KDMC - CMS/select_--Select--No Tax0'

2018-05-09 15:43:16 - [MESSAGE][PASSED] - All options with index in [1] are selected on object 'Object Repository/MOH AND GRN/Page_KDMC - CMS/select_--Select--No Tax0'

2018-05-09 15:43:16 - [TEST_STEP][PASSED] - setText: Finding Test Object with id 'Object Repository/MOH AND GRN/Page_KDMC - CMS/input_txtmrp'

2018-05-09 15:43:16 - [TEST_STEP][PASSED] - Statement - switch (id): Finding Test Object with id 'Object Repository/MOH AND GRN/Page_KDMC - CMS/input_txtdeal'

2018-05-09 15:43:16 - [TEST_STEP][PASSED] - Statement - case 4:: Text '43.0' is set on object 'Object Repository/MOH AND GRN/Page_KDMC - CMS/input_txtmrp'

2018-05-09 15:43:16 - [TEST_STEP][PASSED] - Statement - return (java.lang.Math.floor((java.lang.Math.random() * ((max - min) + 1))) + min): Text '43.0' is set on object 'Object Repository/MOH AND GRN/Page_KDMC - CMS/input_txtmrp'

2018-05-09 15:43:16 - [MESSAGE][PASSED] - Text '43.0' is set on object 'Object Repository/MOH AND GRN/Page_KDMC - CMS/input_txtmrp'

2018-05-09 15:43:16 - [TEST_STEP][PASSED] - setText: Finding Test Object with id 'Object Repository/MOH AND GRN/Page_KDMC - CMS/input_txtdeal'

2018-05-09 15:43:16 - [TEST_STEP][PASSED] - Statement - switch (id): Finding Test Object with id 'Object Repository/MOH AND GRN/Page_KDMC - CMS/input_txtbatchno'

2018-05-09 15:43:16 - [TEST_STEP][PASSED] - Statement - case 5:: Text '8.0' is set on object 'Object Repository/MOH AND GRN/Page_KDMC - CMS/input_txtdeal'

2018-05-09 15:43:16 - [TEST_STEP][PASSED] - Statement - return (java.lang.Math.floor((java.lang.Math.random() * ((max - min) + 1))) + min): Text '8.0' is set on object 'Object Repository/MOH AND GRN/Page_KDMC - CMS/input_txtdeal'

2018-05-09 15:43:16 - [MESSAGE][PASSED] - Text '8.0' is set on object 'Object Repository/MOH AND GRN/Page_KDMC - CMS/input_txtdeal'

2018-05-09 15:43:16 - [TEST_STEP][PASSED] - setText: Finding Test Object with id 'Object Repository/MOH AND GRN/Page_KDMC - CMS/input_txtbatchno'

2018-05-09 15:43:16 - [TEST_STEP][PASSED] - Statement - switch (id): Finding Test Object with id 'Object Repository/MOH AND GRN/Page_KDMC - CMS/input_txtmrp'

2018-05-09 15:43:16 - [TEST_STEP][PASSED] - Statement - case 1:: Text 'BA241.0' is set on object 'Object Repository/MOH AND GRN/Page_KDMC - CMS/input_txtbatchno'

2018-05-09 15:43:16 - [TEST_STEP][PASSED] - Statement - return (java.lang.Math.floor((java.lang.Math.random() * ((max - min) + 1))) + min): Text 'BA241.0' is set on object 'Object Repository/MOH AND GRN/Page_KDMC - CMS/input_txtbatchno'

2018-05-09 15:43:16 - [MESSAGE][PASSED] - Text 'BA241.0' is set on object 'Object Repository/MOH AND GRN/Page_KDMC - CMS/input_txtbatchno'

2018-05-09 15:43:16 - [TEST_STEP][PASSED] - rightClick: Object: 'Object Repository/GRN/Page_KDMC - CMS/input_txtexpdate' is right clicked on

2018-05-09 15:43:16 - [MESSAGE][PASSED] - Object: 'Object Repository/GRN/Page_KDMC - CMS/input_txtexpdate' is right clicked on

2018-05-09 15:43:16 - [TEST_STEP][PASSED] - selectOptionByIndex: All options with index in [6] are selected on object 'Object Repository/GRN/Page_KDMC - CMS/select_20182019202020212022202'

2018-05-09 15:43:16 - [MESSAGE][PASSED] - All options with index in [6] are selected on object 'Object Repository/GRN/Page_KDMC - CMS/select_20182019202020212022202'

2018-05-09 15:43:16 - [TEST_STEP][PASSED] - selectOptionByIndex: All options with index in [6] are selected on object 'Object Repository/GRN/Page_KDMC - CMS/select_JanFebMarAprMayJunJulAu'

2018-05-09 15:43:16 - [MESSAGE][PASSED] - All options with index in [6] are selected on object 'Object Repository/GRN/Page_KDMC - CMS/select_JanFebMarAprMayJunJulAu'

2018-05-09 15:43:16 - [TEST_STEP][PASSED] - click: Object: 'Object Repository/MOH AND GRN/Page_KDMC - CMS/a_12' is clicked on

2018-05-09 15:43:17 - [MESSAGE][PASSED] - Object: 'Object Repository/MOH AND GRN/Page_KDMC - CMS/a_12' is clicked on

2018-05-09 15:43:17 - [TEST_STEP][PASSED] - click: Object: 'Object Repository/MOH AND GRN/Page_KDMC - CMS/input_btnadd' is clicked on

2018-05-09 15:43:17 - [MESSAGE][PASSED] - Object: 'Object Repository/MOH AND GRN/Page_KDMC - CMS/input_btnadd' is clicked on

2018-05-09 15:43:17 - [TEST_STEP][PASSED] - Statement - If (s == 10): null

2018-05-09 15:43:17 - [TEST_STEP][PASSED] - Statement - Else: null

2018-05-09 15:43:17 - [TEST_STEP][PASSED] - Statement - (s++): null

2018-05-09 15:43:17 - [TEST_STEP][PASSED] - delay: Delayed 1 second(s)

2018-05-09 15:43:18 - [MESSAGE][PASSED] - Delayed 1 second(s)

2018-05-09 15:43:18 - [TEST_STEP][PASSED] - selectOptionByIndex: All options with index in [47] are selected on object 'Object Repository/MOH AND GRN/Page_KDMC - CMS/select_--Select--Amikacin -500'

2018-05-09 15:43:18 - [MESSAGE][PASSED] - All options with index in [47] are selected on object 'Object Repository/MOH AND GRN/Page_KDMC - CMS/select_--Select--Amikacin -500'

2018-05-09 15:43:18 - [TEST_STEP][PASSED] - setText: Text '5000' is set on object 'Object Repository/MOH AND GRN/Page_KDMC - CMS/input_txtqty'

2018-05-09 15:43:18 - [MESSAGE][PASSED] - Text '5000' is set on object 'Object Repository/MOH AND GRN/Page_KDMC - CMS/input_txtqty'

2018-05-09 15:43:18 - [TEST_STEP][PASSED] - selectOptionByIndex: All options with index in [1] are selected on object 'Object Repository/MOH AND GRN/Page_KDMC - CMS/select_--Select--No Tax0'

2018-05-09 15:43:18 - [MESSAGE][PASSED] - All options with index in [1] are selected on object 'Object Repository/MOH AND GRN/Page_KDMC - CMS/select_--Select--No Tax0'

2018-05-09 15:43:18 - [TEST_STEP][PASSED] - setText: Finding Test Object with id 'Object Repository/MOH AND GRN/Page_KDMC - CMS/input_txtmrp'

2018-05-09 15:43:18 - [TEST_STEP][PASSED] - Statement - switch (id): Finding Test Object with id 'Object Repository/MOH AND GRN/Page_KDMC - CMS/input_txtdeal'

2018-05-09 15:43:18 - [TEST_STEP][PASSED] - Statement - case 4:: Text '42.0' is set on object 'Object Repository/MOH AND GRN/Page_KDMC - CMS/input_txtmrp'

2018-05-09 15:43:18 - [TEST_STEP][PASSED] - Statement - return (java.lang.Math.floor((java.lang.Math.random() * ((max - min) + 1))) + min): Text '42.0' is set on object 'Object Repository/MOH AND GRN/Page_KDMC - CMS/input_txtmrp'

2018-05-09 15:43:18 - [MESSAGE][PASSED] - Text '42.0' is set on object 'Object Repository/MOH AND GRN/Page_KDMC - CMS/input_txtmrp'

2018-05-09 15:43:18 - [TEST_STEP][PASSED] - setText: Finding Test Object with id 'Object Repository/MOH AND GRN/Page_KDMC - CMS/input_txtdeal'

2018-05-09 15:43:18 - [TEST_STEP][PASSED] - Statement - switch (id): Finding Test Object with id 'Object Repository/MOH AND GRN/Page_KDMC - CMS/input_txtbatchno'

2018-05-09 15:43:18 - [TEST_STEP][PASSED] - Statement - case 5:: Text '12.0' is set on object 'Object Repository/MOH AND GRN/Page_KDMC - CMS/input_txtdeal'

2018-05-09 15:43:18 - [TEST_STEP][PASSED] - Statement - return (java.lang.Math.floor((java.lang.Math.random() * ((max - min) + 1))) + min): Text '12.0' is set on object 'Object Repository/MOH AND GRN/Page_KDMC - CMS/input_txtdeal'

2018-05-09 15:43:19 - [MESSAGE][PASSED] - Text '12.0' is set on object 'Object Repository/MOH AND GRN/Page_KDMC - CMS/input_txtdeal'

2018-05-09 15:43:19 - [TEST_STEP][PASSED] - setText: Finding Test Object with id 'Object Repository/MOH AND GRN/Page_KDMC - CMS/input_txtbatchno'

2018-05-09 15:43:19 - [TEST_STEP][PASSED] - Statement - switch (id): Finding Test Object with id 'Object Repository/MOH AND GRN/Page_KDMC - CMS/input_txtmrp'

2018-05-09 15:43:19 - [TEST_STEP][PASSED] - Statement - case 1:: Text 'BA967.0' is set on object 'Object Repository/MOH AND GRN/Page_KDMC - CMS/input_txtbatchno'

2018-05-09 15:43:19 - [TEST_STEP][PASSED] - Statement - return (java.lang.Math.floor((java.lang.Math.random() * ((max - min) + 1))) + min): Text 'BA967.0' is set on object 'Object Repository/MOH AND GRN/Page_KDMC - CMS/input_txtbatchno'

2018-05-09 15:43:19 - [MESSAGE][PASSED] - Text 'BA967.0' is set on object 'Object Repository/MOH AND GRN/Page_KDMC - CMS/input_txtbatchno'

2018-05-09 15:43:19 - [TEST_STEP][PASSED] - rightClick: Object: 'Object Repository/GRN/Page_KDMC - CMS/input_txtexpdate' is right clicked on

2018-05-09 15:43:19 - [MESSAGE][PASSED] - Object: 'Object Repository/GRN/Page_KDMC - CMS/input_txtexpdate' is right clicked on

2018-05-09 15:43:19 - [TEST_STEP][PASSED] - selectOptionByIndex: All options with index in [7] are selected on object 'Object Repository/GRN/Page_KDMC - CMS/select_20182019202020212022202'

2018-05-09 15:43:19 - [MESSAGE][PASSED] - All options with index in [7] are selected on object 'Object Repository/GRN/Page_KDMC - CMS/select_20182019202020212022202'

2018-05-09 15:43:19 - [TEST_STEP][PASSED] - selectOptionByIndex: All options with index in [7] are selected on object 'Object Repository/GRN/Page_KDMC - CMS/select_JanFebMarAprMayJunJulAu'

2018-05-09 15:43:19 - [MESSAGE][PASSED] - All options with index in [7] are selected on object 'Object Repository/GRN/Page_KDMC - CMS/select_JanFebMarAprMayJunJulAu'

2018-05-09 15:43:19 - [TEST_STEP][PASSED] - click: Object: 'Object Repository/MOH AND GRN/Page_KDMC - CMS/a_12' is clicked on

2018-05-09 15:43:19 - [MESSAGE][PASSED] - Object: 'Object Repository/MOH AND GRN/Page_KDMC - CMS/a_12' is clicked on

2018-05-09 15:43:19 - [TEST_STEP][PASSED] - click: Object: 'Object Repository/MOH AND GRN/Page_KDMC - CMS/input_btnadd' is clicked on

2018-05-09 15:43:19 - [MESSAGE][PASSED] - Object: 'Object Repository/MOH AND GRN/Page_KDMC - CMS/input_btnadd' is clicked on

2018-05-09 15:43:19 - [TEST_STEP][PASSED] - Statement - If (s == 10): null

2018-05-09 15:43:19 - [TEST_STEP][PASSED] - Statement - Else: null

2018-05-09 15:43:19 - [TEST_STEP][PASSED] - Statement - (s++): null

2018-05-09 15:43:19 - [TEST_STEP][PASSED] - delay: Delayed 1 second(s)

2018-05-09 15:43:20 - [MESSAGE][PASSED] - Delayed 1 second(s)

2018-05-09 15:43:20 - [TEST_STEP][PASSED] - selectOptionByIndex: All options with index in [48] are selected on object 'Object Repository/MOH AND GRN/Page_KDMC - CMS/select_--Select--Amikacin -500'

2018-05-09 15:43:21 - [MESSAGE][PASSED] - All options with index in [48] are selected on object 'Object Repository/MOH AND GRN/Page_KDMC - CMS/select_--Select--Amikacin -500'

2018-05-09 15:43:21 - [TEST_STEP][PASSED] - setText: Text '5000' is set on object 'Object Repository/MOH AND GRN/Page_KDMC - CMS/input_txtqty'

2018-05-09 15:43:21 - [MESSAGE][PASSED] - Text '5000' is set on object 'Object Repository/MOH AND GRN/Page_KDMC - CMS/input_txtqty'

2018-05-09 15:43:21 - [TEST_STEP][PASSED] - selectOptionByIndex: All options with index in [1] are selected on object 'Object Repository/MOH AND GRN/Page_KDMC - CMS/select_--Select--No Tax0'

2018-05-09 15:43:21 - [MESSAGE][PASSED] - All options with index in [1] are selected on object 'Object Repository/MOH AND GRN/Page_KDMC - CMS/select_--Select--No Tax0'

2018-05-09 15:43:21 - [TEST_STEP][PASSED] - setText: Finding Test Object with id 'Object Repository/MOH AND GRN/Page_KDMC - CMS/input_txtmrp'

2018-05-09 15:43:21 - [TEST_STEP][PASSED] - Statement - switch (id): Finding Test Object with id 'Object Repository/MOH AND GRN/Page_KDMC - CMS/input_txtdeal'

2018-05-09 15:43:21 - [TEST_STEP][PASSED] - Statement - case 4:: Text '21.0' is set on object 'Object Repository/MOH AND GRN/Page_KDMC - CMS/input_txtmrp'

2018-05-09 15:43:21 - [TEST_STEP][PASSED] - Statement - return (java.lang.Math.floor((java.lang.Math.random() * ((max - min) + 1))) + min): Text '21.0' is set on object 'Object Repository/MOH AND GRN/Page_KDMC - CMS/input_txtmrp'

2018-05-09 15:43:21 - [MESSAGE][PASSED] - Text '21.0' is set on object 'Object Repository/MOH AND GRN/Page_KDMC - CMS/input_txtmrp'

2018-05-09 15:43:21 - [TEST_STEP][PASSED] - setText: Finding Test Object with id 'Object Repository/MOH AND GRN/Page_KDMC - CMS/input_txtdeal'

2018-05-09 15:43:21 - [TEST_STEP][PASSED] - Statement - switch (id): Finding Test Object with id 'Object Repository/MOH AND GRN/Page_KDMC - CMS/input_txtbatchno'

2018-05-09 15:43:21 - [TEST_STEP][PASSED] - Statement - case 5:: Text '10.0' is set on object 'Object Repository/MOH AND GRN/Page_KDMC - CMS/input_txtdeal'

2018-05-09 15:43:21 - [TEST_STEP][PASSED] - Statement - return (java.lang.Math.floor((java.lang.Math.random() * ((max - min) + 1))) + min): Text '10.0' is set on object 'Object Repository/MOH AND GRN/Page_KDMC - CMS/input_txtdeal'

2018-05-09 15:43:21 - [MESSAGE][PASSED] - Text '10.0' is set on object 'Object Repository/MOH AND GRN/Page_KDMC - CMS/input_txtdeal'

2018-05-09 15:43:21 - [TEST_STEP][PASSED] - setText: Finding Test Object with id 'Object Repository/MOH AND GRN/Page_KDMC - CMS/input_txtbatchno'

2018-05-09 15:43:21 - [TEST_STEP][PASSED] - Statement - switch (id): Finding Test Object with id 'Object Repository/MOH AND GRN/Page_KDMC - CMS/input_txtmrp'

2018-05-09 15:43:21 - [TEST_STEP][PASSED] - Statement - case 1:: Text 'BA410.0' is set on object 'Object Repository/MOH AND GRN/Page_KDMC - CMS/input_txtbatchno'

2018-05-09 15:43:21 - [TEST_STEP][PASSED] - Statement - return (java.lang.Math.floor((java.lang.Math.random() * ((max - min) + 1))) + min): Text 'BA410.0' is set on object 'Object Repository/MOH AND GRN/Page_KDMC - CMS/input_txtbatchno'

2018-05-09 15:43:21 - [MESSAGE][PASSED] - Text 'BA410.0' is set on object 'Object Repository/MOH AND GRN/Page_KDMC - CMS/input_txtbatchno'

2018-05-09 15:43:21 - [TEST_STEP][PASSED] - rightClick: Object: 'Object Repository/GRN/Page_KDMC - CMS/input_txtexpdate' is right clicked on

2018-05-09 15:43:21 - [MESSAGE][PASSED] - Object: 'Object Repository/GRN/Page_KDMC - CMS/input_txtexpdate' is right clicked on

2018-05-09 15:43:21 - [TEST_STEP][PASSED] - selectOptionByIndex: All options with index in [8] are selected on object 'Object Repository/GRN/Page_KDMC - CMS/select_20182019202020212022202'

2018-05-09 15:43:22 - [MESSAGE][PASSED] - All options with index in [8] are selected on object 'Object Repository/GRN/Page_KDMC - CMS/select_20182019202020212022202'

2018-05-09 15:43:22 - [TEST_STEP][PASSED] - selectOptionByIndex: All options with index in [8] are selected on object 'Object Repository/GRN/Page_KDMC - CMS/select_JanFebMarAprMayJunJulAu'

2018-05-09 15:43:22 - [MESSAGE][PASSED] - All options with index in [8] are selected on object 'Object Repository/GRN/Page_KDMC - CMS/select_JanFebMarAprMayJunJulAu'

2018-05-09 15:43:22 - [TEST_STEP][PASSED] - click: Object: 'Object Repository/MOH AND GRN/Page_KDMC - CMS/a_12' is clicked on

2018-05-09 15:43:22 - [MESSAGE][PASSED] - Object: 'Object Repository/MOH AND GRN/Page_KDMC - CMS/a_12' is clicked on

2018-05-09 15:43:22 - [TEST_STEP][PASSED] - click: Object: 'Object Repository/MOH AND GRN/Page_KDMC - CMS/input_btnadd' is clicked on

2018-05-09 15:43:22 - [MESSAGE][PASSED] - Object: 'Object Repository/MOH AND GRN/Page_KDMC - CMS/input_btnadd' is clicked on

2018-05-09 15:43:22 - [TEST_STEP][PASSED] - Statement - If (s == 10): null

2018-05-09 15:43:22 - [TEST_STEP][PASSED] - Statement - Else: null

2018-05-09 15:43:22 - [TEST_STEP][PASSED] - Statement - (s++): null

2018-05-09 15:43:22 - [TEST_STEP][PASSED] - delay: Delayed 1 second(s)

2018-05-09 15:43:23 - [MESSAGE][PASSED] - Delayed 1 second(s)

2018-05-09 15:43:23 - [TEST_STEP][PASSED] - selectOptionByIndex: All options with index in [49] are selected on object 'Object Repository/MOH AND GRN/Page_KDMC - CMS/select_--Select--Amikacin -500'

2018-05-09 15:43:24 - [MESSAGE][PASSED] - All options with index in [49] are selected on object 'Object Repository/MOH AND GRN/Page_KDMC - CMS/select_--Select--Amikacin -500'

2018-05-09 15:43:24 - [TEST_STEP][PASSED] - setText: Text '5000' is set on object 'Object Repository/MOH AND GRN/Page_KDMC - CMS/input_txtqty'

2018-05-09 15:43:24 - [MESSAGE][PASSED] - Text '5000' is set on object 'Object Repository/MOH AND GRN/Page_KDMC - CMS/input_txtqty'

2018-05-09 15:43:24 - [TEST_STEP][PASSED] - selectOptionByIndex: All options with index in [1] are selected on object 'Object Repository/MOH AND GRN/Page_KDMC - CMS/select_--Select--No Tax0'

2018-05-09 15:43:24 - [MESSAGE][PASSED] - All options with index in [1] are selected on object 'Object Repository/MOH AND GRN/Page_KDMC - CMS/select_--Select--No Tax0'

2018-05-09 15:43:24 - [TEST_STEP][PASSED] - setText: Finding Test Object with id 'Object Repository/MOH AND GRN/Page_KDMC - CMS/input_txtmrp'

2018-05-09 15:43:24 - [TEST_STEP][PASSED] - Statement - switch (id): Finding Test Object with id 'Object Repository/MOH AND GRN/Page_KDMC - CMS/input_txtdeal'

2018-05-09 15:43:24 - [TEST_STEP][PASSED] - Statement - case 4:: Text '25.0' is set on object 'Object Repository/MOH AND GRN/Page_KDMC - CMS/input_txtmrp'

2018-05-09 15:43:24 - [TEST_STEP][PASSED] - Statement - return (java.lang.Math.floor((java.lang.Math.random() * ((max - min) + 1))) + min): Text '25.0' is set on object 'Object Repository/MOH AND GRN/Page_KDMC - CMS/input_txtmrp'

2018-05-09 15:43:24 - [MESSAGE][PASSED] - Text '25.0' is set on object 'Object Repository/MOH AND GRN/Page_KDMC - CMS/input_txtmrp'

2018-05-09 15:43:24 - [TEST_STEP][PASSED] - setText: Finding Test Object with id 'Object Repository/MOH AND GRN/Page_KDMC - CMS/input_txtdeal'

2018-05-09 15:43:24 - [TEST_STEP][PASSED] - Statement - switch (id): Finding Test Object with id 'Object Repository/MOH AND GRN/Page_KDMC - CMS/input_txtbatchno'

2018-05-09 15:43:24 - [TEST_STEP][PASSED] - Statement - case 5:: Text '11.0' is set on object 'Object Repository/MOH AND GRN/Page_KDMC - CMS/input_txtdeal'

2018-05-09 15:43:24 - [TEST_STEP][PASSED] - Statement - return (java.lang.Math.floor((java.lang.Math.random() * ((max - min) + 1))) + min): Text '11.0' is set on object 'Object Repository/MOH AND GRN/Page_KDMC - CMS/input_txtdeal'

2018-05-09 15:43:24 - [MESSAGE][PASSED] - Text '11.0' is set on object 'Object Repository/MOH AND GRN/Page_KDMC - CMS/input_txtdeal'

2018-05-09 15:43:24 - [TEST_STEP][PASSED] - setText: Finding Test Object with id 'Object Repository/MOH AND GRN/Page_KDMC - CMS/input_txtbatchno'

2018-05-09 15:43:24 - [TEST_STEP][PASSED] - Statement - switch (id): Finding Test Object with id 'Object Repository/MOH AND GRN/Page_KDMC - CMS/input_txtmrp'

2018-05-09 15:43:24 - [TEST_STEP][PASSED] - Statement - case 1:: Text 'BA385.0' is set on object 'Object Repository/MOH AND GRN/Page_KDMC - CMS/input_txtbatchno'

2018-05-09 15:43:24 - [TEST_STEP][PASSED] - Statement - return (java.lang.Math.floor((java.lang.Math.random() * ((max - min) + 1))) + min): Text 'BA385.0' is set on object 'Object Repository/MOH AND GRN/Page_KDMC - CMS/input_txtbatchno'

2018-05-09 15:43:24 - [MESSAGE][PASSED] - Text 'BA385.0' is set on object 'Object Repository/MOH AND GRN/Page_KDMC - CMS/input_txtbatchno'

2018-05-09 15:43:24 - [TEST_STEP][PASSED] - rightClick: Object: 'Object Repository/GRN/Page_KDMC - CMS/input_txtexpdate' is right clicked on

2018-05-09 15:43:24 - [MESSAGE][PASSED] - Object: 'Object Repository/GRN/Page_KDMC - CMS/input_txtexpdate' is right clicked on

2018-05-09 15:43:24 - [TEST_STEP][PASSED] - selectOptionByIndex: All options with index in [9] are selected on object 'Object Repository/GRN/Page_KDMC - CMS/select_20182019202020212022202'

2018-05-09 15:43:24 - [MESSAGE][PASSED] - All options with index in [9] are selected on object 'Object Repository/GRN/Page_KDMC - CMS/select_20182019202020212022202'

2018-05-09 15:43:24 - [TEST_STEP][PASSED] - selectOptionByIndex: All options with index in [9] are selected on object 'Object Repository/GRN/Page_KDMC - CMS/select_JanFebMarAprMayJunJulAu'

2018-05-09 15:43:25 - [MESSAGE][PASSED] - All options with index in [9] are selected on object 'Object Repository/GRN/Page_KDMC - CMS/select_JanFebMarAprMayJunJulAu'

2018-05-09 15:43:25 - [TEST_STEP][PASSED] - click: Object: 'Object Repository/MOH AND GRN/Page_KDMC - CMS/a_12' is clicked on

2018-05-09 15:43:25 - [MESSAGE][PASSED] - Object: 'Object Repository/MOH AND GRN/Page_KDMC - CMS/a_12' is clicked on

2018-05-09 15:43:25 - [TEST_STEP][PASSED] - click: Object: 'Object Repository/MOH AND GRN/Page_KDMC - CMS/input_btnadd' is clicked on

2018-05-09 15:43:25 - [MESSAGE][PASSED] - Object: 'Object Repository/MOH AND GRN/Page_KDMC - CMS/input_btnadd' is clicked on

2018-05-09 15:43:25 - [TEST_STEP][PASSED] - Statement - If (s == 10): null

2018-05-09 15:43:25 - [TEST_STEP][PASSED] - Statement - Else: null

2018-05-09 15:43:25 - [TEST_STEP][PASSED] - Statement - (s++): null

2018-05-09 15:43:25 - [TEST_STEP][PASSED] - delay: Delayed 1 second(s)

2018-05-09 15:43:26 - [MESSAGE][PASSED] - Delayed 1 second(s)

2018-05-09 15:43:26 - [TEST_STEP][PASSED] - selectOptionByIndex: All options with index in [50] are selected on object 'Object Repository/MOH AND GRN/Page_KDMC - CMS/select_--Select--Amikacin -500'

2018-05-09 15:43:26 - [MESSAGE][PASSED] - All options with index in [50] are selected on object 'Object Repository/MOH AND GRN/Page_KDMC - CMS/select_--Select--Amikacin -500'

2018-05-09 15:43:26 - [TEST_STEP][PASSED] - setText: Text '5000' is set on object 'Object Repository/MOH AND GRN/Page_KDMC - CMS/input_txtqty'

2018-05-09 15:43:27 - [MESSAGE][PASSED] - Text '5000' is set on object 'Object Repository/MOH AND GRN/Page_KDMC - CMS/input_txtqty'

2018-05-09 15:43:27 - [TEST_STEP][PASSED] - selectOptionByIndex: All options with index in [1] are selected on object 'Object Repository/MOH AND GRN/Page_KDMC - CMS/select_--Select--No Tax0'

2018-05-09 15:43:27 - [MESSAGE][PASSED] - All options with index in [1] are selected on object 'Object Repository/MOH AND GRN/Page_KDMC - CMS/select_--Select--No Tax0'

2018-05-09 15:43:27 - [TEST_STEP][PASSED] - setText: Finding Test Object with id 'Object Repository/MOH AND GRN/Page_KDMC - CMS/input_txtmrp'

2018-05-09 15:43:27 - [TEST_STEP][PASSED] - Statement - switch (id): Finding Test Object with id 'Object Repository/MOH AND GRN/Page_KDMC - CMS/input_txtdeal'

2018-05-09 15:43:27 - [TEST_STEP][PASSED] - Statement - case 4:: Text '18.0' is set on object 'Object Repository/MOH AND GRN/Page_KDMC - CMS/input_txtmrp'

2018-05-09 15:43:27 - [TEST_STEP][PASSED] - Statement - return (java.lang.Math.floor((java.lang.Math.random() * ((max - min) + 1))) + min): Text '18.0' is set on object 'Object Repository/MOH AND GRN/Page_KDMC - CMS/input_txtmrp'

2018-05-09 15:43:27 - [MESSAGE][PASSED] - Text '18.0' is set on object 'Object Repository/MOH AND GRN/Page_KDMC - CMS/input_txtmrp'

2018-05-09 15:43:27 - [TEST_STEP][PASSED] - setText: Finding Test Object with id 'Object Repository/MOH AND GRN/Page_KDMC - CMS/input_txtdeal'

2018-05-09 15:43:27 - [TEST_STEP][PASSED] - Statement - switch (id): Finding Test Object with id 'Object Repository/MOH AND GRN/Page_KDMC - CMS/input_txtbatchno'

2018-05-09 15:43:27 - [TEST_STEP][PASSED] - Statement - case 5:: Text '4.0' is set on object 'Object Repository/MOH AND GRN/Page_KDMC - CMS/input_txtdeal'

2018-05-09 15:43:27 - [TEST_STEP][PASSED] - Statement - return (java.lang.Math.floor((java.lang.Math.random() * ((max - min) + 1))) + min): Text '4.0' is set on object 'Object Repository/MOH AND GRN/Page_KDMC - CMS/input_txtdeal'

2018-05-09 15:43:27 - [MESSAGE][PASSED] - Text '4.0' is set on object 'Object Repository/MOH AND GRN/Page_KDMC - CMS/input_txtdeal'

2018-05-09 15:43:27 - [TEST_STEP][PASSED] - setText: Finding Test Object with id 'Object Repository/MOH AND GRN/Page_KDMC - CMS/input_txtbatchno'

2018-05-09 15:43:27 - [TEST_STEP][PASSED] - Statement - switch (id): Finding Test Object with id 'Object Repository/MOH AND GRN/Page_KDMC - CMS/input_txtmrp'

2018-05-09 15:43:27 - [TEST_STEP][PASSED] - Statement - case 1:: Text 'BA622.0' is set on object 'Object Repository/MOH AND GRN/Page_KDMC - CMS/input_txtbatchno'

2018-05-09 15:43:27 - [TEST_STEP][PASSED] - Statement - return (java.lang.Math.floor((java.lang.Math.random() * ((max - min) + 1))) + min): Text 'BA622.0' is set on object 'Object Repository/MOH AND GRN/Page_KDMC - CMS/input_txtbatchno'

2018-05-09 15:43:27 - [MESSAGE][PASSED] - Text 'BA622.0' is set on object 'Object Repository/MOH AND GRN/Page_KDMC - CMS/input_txtbatchno'

2018-05-09 15:43:27 - [TEST_STEP][PASSED] - rightClick: Object: 'Object Repository/GRN/Page_KDMC - CMS/input_txtexpdate' is right clicked on

2018-05-09 15:43:27 - [MESSAGE][PASSED] - Object: 'Object Repository/GRN/Page_KDMC - CMS/input_txtexpdate' is right clicked on

2018-05-09 15:43:27 - [TEST_STEP][PASSED] - selectOptionByIndex: All options with index in [10] are selected on object 'Object Repository/GRN/Page_KDMC - CMS/select_20182019202020212022202'

2018-05-09 15:43:27 - [MESSAGE][PASSED] - All options with index in [10] are selected on object 'Object Repository/GRN/Page_KDMC - CMS/select_20182019202020212022202'

2018-05-09 15:43:27 - [TEST_STEP][PASSED] - selectOptionByIndex: All options with index in [10] are selected on object 'Object Repository/GRN/Page_KDMC - CMS/select_JanFebMarAprMayJunJulAu'

2018-05-09 15:43:27 - [MESSAGE][PASSED] - All options with index in [10] are selected on object 'Object Repository/GRN/Page_KDMC - CMS/select_JanFebMarAprMayJunJulAu'

2018-05-09 15:43:27 - [TEST_STEP][PASSED] - click: Object: 'Object Repository/MOH AND GRN/Page_KDMC - CMS/a_12' is clicked on

2018-05-09 15:43:28 - [MESSAGE][PASSED] - Object: 'Object Repository/MOH AND GRN/Page_KDMC - CMS/a_12' is clicked on

2018-05-09 15:43:28 - [TEST_STEP][PASSED] - click: Object: 'Object Repository/MOH AND GRN/Page_KDMC - CMS/input_btnadd' is clicked on

2018-05-09 15:43:28 - [MESSAGE][PASSED] - Object: 'Object Repository/MOH AND GRN/Page_KDMC - CMS/input_btnadd' is clicked on

2018-05-09 15:43:28 - [TEST_STEP][PASSED] - Statement - If (s == 10): null

2018-05-09 15:43:28 - [TEST_STEP][PASSED] - Statement - s = 1: null

2018-05-09 15:43:28 - [TEST_STEP][PASSED] - delay: Delayed 1 second(s)

2018-05-09 15:43:29 - [MESSAGE][PASSED] - Delayed 1 second(s)

2018-05-09 15:43:29 - [TEST_STEP][PASSED] - selectOptionByIndex: All options with index in [51] are selected on object 'Object Repository/MOH AND GRN/Page_KDMC - CMS/select_--Select--Amikacin -500'

2018-05-09 15:43:29 - [MESSAGE][PASSED] - All options with index in [51] are selected on object 'Object Repository/MOH AND GRN/Page_KDMC - CMS/select_--Select--Amikacin -500'

2018-05-09 15:43:29 - [TEST_STEP][PASSED] - setText: Text '5000' is set on object 'Object Repository/MOH AND GRN/Page_KDMC - CMS/input_txtqty'

2018-05-09 15:43:29 - [MESSAGE][PASSED] - Text '5000' is set on object 'Object Repository/MOH AND GRN/Page_KDMC - CMS/input_txtqty'

2018-05-09 15:43:29 - [TEST_STEP][PASSED] - selectOptionByIndex: All options with index in [1] are selected on object 'Object Repository/MOH AND GRN/Page_KDMC - CMS/select_--Select--No Tax0'

2018-05-09 15:43:29 - [MESSAGE][PASSED] - All options with index in [1] are selected on object 'Object Repository/MOH AND GRN/Page_KDMC - CMS/select_--Select--No Tax0'

2018-05-09 15:43:29 - [TEST_STEP][PASSED] - setText: Finding Test Object with id 'Object Repository/MOH AND GRN/Page_KDMC - CMS/input_txtmrp'

2018-05-09 15:43:29 - [TEST_STEP][PASSED] - Statement - switch (id): Finding Test Object with id 'Object Repository/MOH AND GRN/Page_KDMC - CMS/input_txtdeal'

2018-05-09 15:43:29 - [TEST_STEP][PASSED] - Statement - case 4:: Text '32.0' is set on object 'Object Repository/MOH AND GRN/Page_KDMC - CMS/input_txtmrp'

2018-05-09 15:43:29 - [TEST_STEP][PASSED] - Statement - return (java.lang.Math.floor((java.lang.Math.random() * ((max - min) + 1))) + min): Text '32.0' is set on object 'Object Repository/MOH AND GRN/Page_KDMC - CMS/input_txtmrp'

2018-05-09 15:43:29 - [MESSAGE][PASSED] - Text '32.0' is set on object 'Object Repository/MOH AND GRN/Page_KDMC - CMS/input_txtmrp'

2018-05-09 15:43:29 - [TEST_STEP][PASSED] - setText: Finding Test Object with id 'Object Repository/MOH AND GRN/Page_KDMC - CMS/input_txtdeal'

2018-05-09 15:43:29 - [TEST_STEP][PASSED] - Statement - switch (id): Finding Test Object with id 'Object Repository/MOH AND GRN/Page_KDMC - CMS/input_txtbatchno'

2018-05-09 15:43:29 - [TEST_STEP][PASSED] - Statement - case 5:: Text '5.0' is set on object 'Object Repository/MOH AND GRN/Page_KDMC - CMS/input_txtdeal'

2018-05-09 15:43:29 - [TEST_STEP][PASSED] - Statement - return (java.lang.Math.floor((java.lang.Math.random() * ((max - min) + 1))) + min): Text '5.0' is set on object 'Object Repository/MOH AND GRN/Page_KDMC - CMS/input_txtdeal'

2018-05-09 15:43:30 - [MESSAGE][PASSED] - Text '5.0' is set on object 'Object Repository/MOH AND GRN/Page_KDMC - CMS/input_txtdeal'

2018-05-09 15:43:30 - [TEST_STEP][PASSED] - setText: Finding Test Object with id 'Object Repository/MOH AND GRN/Page_KDMC - CMS/input_txtbatchno'

2018-05-09 15:43:30 - [TEST_STEP][PASSED] - Statement - switch (id): Finding Test Object with id 'Object Repository/MOH AND GRN/Page_KDMC - CMS/input_txtmrp'

2018-05-09 15:43:30 - [TEST_STEP][PASSED] - Statement - case 1:: Text 'BA880.0' is set on object 'Object Repository/MOH AND GRN/Page_KDMC - CMS/input_txtbatchno'

2018-05-09 15:43:30 - [TEST_STEP][PASSED] - Statement - return (java.lang.Math.floor((java.lang.Math.random() * ((max - min) + 1))) + min): Text 'BA880.0' is set on object 'Object Repository/MOH AND GRN/Page_KDMC - CMS/input_txtbatchno'

2018-05-09 15:43:30 - [MESSAGE][PASSED] - Text 'BA880.0' is set on object 'Object Repository/MOH AND GRN/Page_KDMC - CMS/input_txtbatchno'

2018-05-09 15:43:30 - [TEST_STEP][PASSED] - rightClick: Object: 'Object Repository/GRN/Page_KDMC - CMS/input_txtexpdate' is right clicked on

2018-05-09 15:43:30 - [MESSAGE][PASSED] - Object: 'Object Repository/GRN/Page_KDMC - CMS/input_txtexpdate' is right clicked on

2018-05-09 15:43:30 - [TEST_STEP][PASSED] - selectOptionByIndex: All options with index in [1] are selected on object 'Object Repository/GRN/Page_KDMC - CMS/select_20182019202020212022202'

2018-05-09 15:43:30 - [MESSAGE][PASSED] - All options with index in [1] are selected on object 'Object Repository/GRN/Page_KDMC - CMS/select_20182019202020212022202'

2018-05-09 15:43:30 - [TEST_STEP][PASSED] - selectOptionByIndex: All options with index in [1] are selected on object 'Object Repository/GRN/Page_KDMC - CMS/select_JanFebMarAprMayJunJulAu'

2018-05-09 15:43:30 - [MESSAGE][PASSED] - All options with index in [1] are selected on object 'Object Repository/GRN/Page_KDMC - CMS/select_JanFebMarAprMayJunJulAu'

2018-05-09 15:43:30 - [TEST_STEP][PASSED] - click: Object: 'Object Repository/MOH AND GRN/Page_KDMC - CMS/a_12' is clicked on

2018-05-09 15:43:30 - [MESSAGE][PASSED] - Object: 'Object Repository/MOH AND GRN/Page_KDMC - CMS/a_12' is clicked on

2018-05-09 15:43:30 - [TEST_STEP][PASSED] - click: Object: 'Object Repository/MOH AND GRN/Page_KDMC - CMS/input_btnadd' is clicked on

2018-05-09 15:43:30 - [MESSAGE][PASSED] - Object: 'Object Repository/MOH AND GRN/Page_KDMC - CMS/input_btnadd' is clicked on

2018-05-09 15:43:30 - [TEST_STEP][PASSED] - Statement - If (s == 10): null

2018-05-09 15:43:30 - [TEST_STEP][PASSED] - Statement - Else: null

2018-05-09 15:43:30 - [TEST_STEP][PASSED] - Statement - (s++): null

2018-05-09 15:43:30 - [TEST_STEP][PASSED] - delay: Delayed 1 second(s)

2018-05-09 15:43:31 - [MESSAGE][PASSED] - Delayed 1 second(s)

2018-05-09 15:43:31 - [TEST_STEP][PASSED] - selectOptionByIndex: All options with index in [52] are selected on object 'Object Repository/MOH AND GRN/Page_KDMC - CMS/select_--Select--Amikacin -500'

2018-05-09 15:43:32 - [MESSAGE][PASSED] - All options with index in [52] are selected on object 'Object Repository/MOH AND GRN/Page_KDMC - CMS/select_--Select--Amikacin -500'

2018-05-09 15:43:32 - [TEST_STEP][PASSED] - setText: Text '5000' is set on object 'Object Repository/MOH AND GRN/Page_KDMC - CMS/input_txtqty'

2018-05-09 15:43:32 - [MESSAGE][PASSED] - Text '5000' is set on object 'Object Repository/MOH AND GRN/Page_KDMC - CMS/input_txtqty'

2018-05-09 15:43:32 - [TEST_STEP][PASSED] - selectOptionByIndex: All options with index in [1] are selected on object 'Object Repository/MOH AND GRN/Page_KDMC - CMS/select_--Select--No Tax0'

2018-05-09 15:43:32 - [MESSAGE][PASSED] - All options with index in [1] are selected on object 'Object Repository/MOH AND GRN/Page_KDMC - CMS/select_--Select--No Tax0'

2018-05-09 15:43:32 - [TEST_STEP][PASSED] - setText: Finding Test Object with id 'Object Repository/MOH AND GRN/Page_KDMC - CMS/input_txtmrp'

2018-05-09 15:43:32 - [TEST_STEP][PASSED] - Statement - switch (id): Finding Test Object with id 'Object Repository/MOH AND GRN/Page_KDMC - CMS/input_txtdeal'

2018-05-09 15:43:32 - [TEST_STEP][PASSED] - Statement - case 4:: Text '37.0' is set on object 'Object Repository/MOH AND GRN/Page_KDMC - CMS/input_txtmrp'

2018-05-09 15:43:32 - [TEST_STEP][PASSED] - Statement - return (java.lang.Math.floor((java.lang.Math.random() * ((max - min) + 1))) + min): Text '37.0' is set on object 'Object Repository/MOH AND GRN/Page_KDMC - CMS/input_txtmrp'

2018-05-09 15:43:32 - [MESSAGE][PASSED] - Text '37.0' is set on object 'Object Repository/MOH AND GRN/Page_KDMC - CMS/input_txtmrp'

2018-05-09 15:43:32 - [TEST_STEP][PASSED] - setText: Finding Test Object with id 'Object Repository/MOH AND GRN/Page_KDMC - CMS/input_txtdeal'

2018-05-09 15:43:32 - [TEST_STEP][PASSED] - Statement - switch (id): Finding Test Object with id 'Object Repository/MOH AND GRN/Page_KDMC - CMS/input_txtbatchno'

2018-05-09 15:43:32 - [TEST_STEP][PASSED] - Statement - case 5:: Text '4.0' is set on object 'Object Repository/MOH AND GRN/Page_KDMC - CMS/input_txtdeal'

2018-05-09 15:43:32 - [TEST_STEP][PASSED] - Statement - return (java.lang.Math.floor((java.lang.Math.random() * ((max - min) + 1))) + min): Text '4.0' is set on object 'Object Repository/MOH AND GRN/Page_KDMC - CMS/input_txtdeal'

2018-05-09 15:43:32 - [MESSAGE][PASSED] - Text '4.0' is set on object 'Object Repository/MOH AND GRN/Page_KDMC - CMS/input_txtdeal'

2018-05-09 15:43:32 - [TEST_STEP][PASSED] - setText: Finding Test Object with id 'Object Repository/MOH AND GRN/Page_KDMC - CMS/input_txtbatchno'

2018-05-09 15:43:32 - [TEST_STEP][PASSED] - Statement - switch (id): Finding Test Object with id 'Object Repository/MOH AND GRN/Page_KDMC - CMS/input_txtmrp'

2018-05-09 15:43:32 - [TEST_STEP][PASSED] - Statement - case 1:: Text 'BA506.0' is set on object 'Object Repository/MOH AND GRN/Page_KDMC - CMS/input_txtbatchno'

2018-05-09 15:43:32 - [TEST_STEP][PASSED] - Statement - return (java.lang.Math.floor((java.lang.Math.random() * ((max - min) + 1))) + min): Text 'BA506.0' is set on object 'Object Repository/MOH AND GRN/Page_KDMC - CMS/input_txtbatchno'

2018-05-09 15:43:32 - [MESSAGE][PASSED] - Text 'BA506.0' is set on object 'Object Repository/MOH AND GRN/Page_KDMC - CMS/input_txtbatchno'

2018-05-09 15:43:32 - [TEST_STEP][PASSED] - rightClick: Object: 'Object Repository/GRN/Page_KDMC - CMS/input_txtexpdate' is right clicked on

2018-05-09 15:43:33 - [MESSAGE][PASSED] - Object: 'Object Repository/GRN/Page_KDMC - CMS/input_txtexpdate' is right clicked on

2018-05-09 15:43:33 - [TEST_STEP][PASSED] - selectOptionByIndex: All options with index in [2] are selected on object 'Object Repository/GRN/Page_KDMC - CMS/select_20182019202020212022202'

2018-05-09 15:43:33 - [MESSAGE][PASSED] - All options with index in [2] are selected on object 'Object Repository/GRN/Page_KDMC - CMS/select_20182019202020212022202'

2018-05-09 15:43:33 - [TEST_STEP][PASSED] - selectOptionByIndex: All options with index in [2] are selected on object 'Object Repository/GRN/Page_KDMC - CMS/select_JanFebMarAprMayJunJulAu'

2018-05-09 15:43:33 - [MESSAGE][PASSED] - All options with index in [2] are selected on object 'Object Repository/GRN/Page_KDMC - CMS/select_JanFebMarAprMayJunJulAu'

2018-05-09 15:43:33 - [TEST_STEP][PASSED] - click: Object: 'Object Repository/MOH AND GRN/Page_KDMC - CMS/a_12' is clicked on

2018-05-09 15:43:33 - [MESSAGE][PASSED] - Object: 'Object Repository/MOH AND GRN/Page_KDMC - CMS/a_12' is clicked on

2018-05-09 15:43:33 - [TEST_STEP][PASSED] - click: Object: 'Object Repository/MOH AND GRN/Page_KDMC - CMS/input_btnadd' is clicked on

2018-05-09 15:43:33 - [MESSAGE][PASSED] - Object: 'Object Repository/MOH AND GRN/Page_KDMC - CMS/input_btnadd' is clicked on

2018-05-09 15:43:33 - [TEST_STEP][PASSED] - Statement - If (s == 10): null

2018-05-09 15:43:33 - [TEST_STEP][PASSED] - Statement - Else: null

2018-05-09 15:43:33 - [TEST_STEP][PASSED] - Statement - (s++): null

2018-05-09 15:43:33 - [TEST_STEP][PASSED] - delay: Delayed 1 second(s)

2018-05-09 15:43:34 - [MESSAGE][PASSED] - Delayed 1 second(s)

2018-05-09 15:43:34 - [TEST_STEP][PASSED] - selectOptionByIndex: All options with index in [53] are selected on object 'Object Repository/MOH AND GRN/Page_KDMC - CMS/select_--Select--Amikacin -500'

2018-05-09 15:43:35 - [MESSAGE][PASSED] - All options with index in [53] are selected on object 'Object Repository/MOH AND GRN/Page_KDMC - CMS/select_--Select--Amikacin -500'

2018-05-09 15:43:35 - [TEST_STEP][PASSED] - setText: Text '5000' is set on object 'Object Repository/MOH AND GRN/Page_KDMC - CMS/input_txtqty'

2018-05-09 15:43:35 - [MESSAGE][PASSED] - Text '5000' is set on object 'Object Repository/MOH AND GRN/Page_KDMC - CMS/input_txtqty'

2018-05-09 15:43:35 - [TEST_STEP][PASSED] - selectOptionByIndex: All options with index in [1] are selected on object 'Object Repository/MOH AND GRN/Page_KDMC - CMS/select_--Select--No Tax0'

2018-05-09 15:43:35 - [MESSAGE][PASSED] - All options with index in [1] are selected on object 'Object Repository/MOH AND GRN/Page_KDMC - CMS/select_--Select--No Tax0'

2018-05-09 15:43:35 - [TEST_STEP][PASSED] - setText: Finding Test Object with id 'Object Repository/MOH AND GRN/Page_KDMC - CMS/input_txtmrp'

2018-05-09 15:43:35 - [TEST_STEP][PASSED] - Statement - switch (id): Finding Test Object with id 'Object Repository/MOH AND GRN/Page_KDMC - CMS/input_txtdeal'

2018-05-09 15:43:35 - [TEST_STEP][PASSED] - Statement - case 4:: Text '45.0' is set on object 'Object Repository/MOH AND GRN/Page_KDMC - CMS/input_txtmrp'

2018-05-09 15:43:35 - [TEST_STEP][PASSED] - Statement - return (java.lang.Math.floor((java.lang.Math.random() * ((max - min) + 1))) + min): Text '45.0' is set on object 'Object Repository/MOH AND GRN/Page_KDMC - CMS/input_txtmrp'

2018-05-09 15:43:35 - [MESSAGE][PASSED] - Text '45.0' is set on object 'Object Repository/MOH AND GRN/Page_KDMC - CMS/input_txtmrp'

2018-05-09 15:43:35 - [TEST_STEP][PASSED] - setText: Finding Test Object with id 'Object Repository/MOH AND GRN/Page_KDMC - CMS/input_txtdeal'

2018-05-09 15:43:35 - [TEST_STEP][PASSED] - Statement - switch (id): Finding Test Object with id 'Object Repository/MOH AND GRN/Page_KDMC - CMS/input_txtbatchno'

2018-05-09 15:43:35 - [TEST_STEP][PASSED] - Statement - case 5:: Text '4.0' is set on object 'Object Repository/MOH AND GRN/Page_KDMC - CMS/input_txtdeal'

2018-05-09 15:43:35 - [TEST_STEP][PASSED] - Statement - return (java.lang.Math.floor((java.lang.Math.random() * ((max - min) + 1))) + min): Text '4.0' is set on object 'Object Repository/MOH AND GRN/Page_KDMC - CMS/input_txtdeal'

2018-05-09 15:43:35 - [MESSAGE][PASSED] - Text '4.0' is set on object 'Object Repository/MOH AND GRN/Page_KDMC - CMS/input_txtdeal'

2018-05-09 15:43:35 - [TEST_STEP][PASSED] - setText: Finding Test Object with id 'Object Repository/MOH AND GRN/Page_KDMC - CMS/input_txtbatchno'

2018-05-09 15:43:35 - [TEST_STEP][PASSED] - Statement - switch (id): Finding Test Object with id 'Object Repository/MOH AND GRN/Page_KDMC - CMS/input_txtmrp'

2018-05-09 15:43:35 - [TEST_STEP][PASSED] - Statement - case 1:: Text 'BA327.0' is set on object 'Object Repository/MOH AND GRN/Page_KDMC - CMS/input_txtbatchno'

2018-05-09 15:43:35 - [TEST_STEP][PASSED] - Statement - return (java.lang.Math.floor((java.lang.Math.random() * ((max - min) + 1))) + min): Text 'BA327.0' is set on object 'Object Repository/MOH AND GRN/Page_KDMC - CMS/input_txtbatchno'

2018-05-09 15:43:35 - [MESSAGE][PASSED] - Text 'BA327.0' is set on object 'Object Repository/MOH AND GRN/Page_KDMC - CMS/input_txtbatchno'

2018-05-09 15:43:35 - [TEST_STEP][PASSED] - rightClick: Object: 'Object Repository/GRN/Page_KDMC - CMS/input_txtexpdate' is right clicked on

2018-05-09 15:43:35 - [MESSAGE][PASSED] - Object: 'Object Repository/GRN/Page_KDMC - CMS/input_txtexpdate' is right clicked on

2018-05-09 15:43:35 - [TEST_STEP][PASSED] - selectOptionByIndex: All options with index in [3] are selected on object 'Object Repository/GRN/Page_KDMC - CMS/select_20182019202020212022202'

2018-05-09 15:43:35 - [MESSAGE][PASSED] - All options with index in [3] are selected on object 'Object Repository/GRN/Page_KDMC - CMS/select_20182019202020212022202'

2018-05-09 15:43:35 - [TEST_STEP][PASSED] - selectOptionByIndex: All options with index in [3] are selected on object 'Object Repository/GRN/Page_KDMC - CMS/select_JanFebMarAprMayJunJulAu'

2018-05-09 15:43:36 - [MESSAGE][PASSED] - All options with index in [3] are selected on object 'Object Repository/GRN/Page_KDMC - CMS/select_JanFebMarAprMayJunJulAu'

2018-05-09 15:43:36 - [TEST_STEP][PASSED] - click: Object: 'Object Repository/MOH AND GRN/Page_KDMC - CMS/a_12' is clicked on

2018-05-09 15:43:36 - [MESSAGE][PASSED] - Object: 'Object Repository/MOH AND GRN/Page_KDMC - CMS/a_12' is clicked on

2018-05-09 15:43:36 - [TEST_STEP][PASSED] - click: Object: 'Object Repository/MOH AND GRN/Page_KDMC - CMS/input_btnadd' is clicked on

2018-05-09 15:43:36 - [MESSAGE][PASSED] - Object: 'Object Repository/MOH AND GRN/Page_KDMC - CMS/input_btnadd' is clicked on

2018-05-09 15:43:36 - [TEST_STEP][PASSED] - Statement - If (s == 10): null

2018-05-09 15:43:36 - [TEST_STEP][PASSED] - Statement - Else: null

2018-05-09 15:43:36 - [TEST_STEP][PASSED] - Statement - (s++): null

2018-05-09 15:43:36 - [TEST_STEP][PASSED] - delay: Delayed 1 second(s)

2018-05-09 15:43:37 - [MESSAGE][PASSED] - Delayed 1 second(s)

2018-05-09 15:43:37 - [TEST_STEP][PASSED] - selectOptionByIndex: All options with index in [54] are selected on object 'Object Repository/MOH AND GRN/Page_KDMC - CMS/select_--Select--Amikacin -500'

2018-05-09 15:43:37 - [MESSAGE][PASSED] - All options with index in [54] are selected on object 'Object Repository/MOH AND GRN/Page_KDMC - CMS/select_--Select--Amikacin -500'

2018-05-09 15:43:37 - [TEST_STEP][PASSED] - setText: Text '5000' is set on object 'Object Repository/MOH AND GRN/Page_KDMC - CMS/input_txtqty'

2018-05-09 15:43:37 - [MESSAGE][PASSED] - Text '5000' is set on object 'Object Repository/MOH AND GRN/Page_KDMC - CMS/input_txtqty'

2018-05-09 15:43:37 - [TEST_STEP][PASSED] - selectOptionByIndex: All options with index in [1] are selected on object 'Object Repository/MOH AND GRN/Page_KDMC - CMS/select_--Select--No Tax0'

2018-05-09 15:43:38 - [MESSAGE][PASSED] - All options with index in [1] are selected on object 'Object Repository/MOH AND GRN/Page_KDMC - CMS/select_--Select--No Tax0'

2018-05-09 15:43:38 - [TEST_STEP][PASSED] - setText: Finding Test Object with id 'Object Repository/MOH AND GRN/Page_KDMC - CMS/input_txtmrp'

2018-05-09 15:43:38 - [TEST_STEP][PASSED] - Statement - switch (id): Finding Test Object with id 'Object Repository/MOH AND GRN/Page_KDMC - CMS/input_txtdeal'

2018-05-09 15:43:38 - [TEST_STEP][PASSED] - Statement - case 4:: Text '45.0' is set on object 'Object Repository/MOH AND GRN/Page_KDMC - CMS/input_txtmrp'

2018-05-09 15:43:38 - [TEST_STEP][PASSED] - Statement - return (java.lang.Math.floor((java.lang.Math.random() * ((max - min) + 1))) + min): Text '45.0' is set on object 'Object Repository/MOH AND GRN/Page_KDMC - CMS/input_txtmrp'

2018-05-09 15:43:38 - [MESSAGE][PASSED] - Text '45.0' is set on object 'Object Repository/MOH AND GRN/Page_KDMC - CMS/input_txtmrp'

2018-05-09 15:43:38 - [TEST_STEP][PASSED] - setText: Finding Test Object with id 'Object Repository/MOH AND GRN/Page_KDMC - CMS/input_txtdeal'

2018-05-09 15:43:38 - [TEST_STEP][PASSED] - Statement - switch (id): Finding Test Object with id 'Object Repository/MOH AND GRN/Page_KDMC - CMS/input_txtbatchno'

2018-05-09 15:43:38 - [TEST_STEP][PASSED] - Statement - case 5:: Text '6.0' is set on object 'Object Repository/MOH AND GRN/Page_KDMC - CMS/input_txtdeal'

2018-05-09 15:43:38 - [TEST_STEP][PASSED] - Statement - return (java.lang.Math.floor((java.lang.Math.random() * ((max - min) + 1))) + min): Text '6.0' is set on object 'Object Repository/MOH AND GRN/Page_KDMC - CMS/input_txtdeal'

2018-05-09 15:43:38 - [MESSAGE][PASSED] - Text '6.0' is set on object 'Object Repository/MOH AND GRN/Page_KDMC - CMS/input_txtdeal'

2018-05-09 15:43:38 - [TEST_STEP][PASSED] - setText: Finding Test Object with id 'Object Repository/MOH AND GRN/Page_KDMC - CMS/input_txtbatchno'

2018-05-09 15:43:38 - [TEST_STEP][PASSED] - Statement - switch (id): Finding Test Object with id 'Object Repository/MOH AND GRN/Page_KDMC - CMS/input_txtmrp'

2018-05-09 15:43:38 - [TEST_STEP][PASSED] - Statement - case 1:: Text 'BA189.0' is set on object 'Object Repository/MOH AND GRN/Page_KDMC - CMS/input_txtbatchno'

2018-05-09 15:43:38 - [TEST_STEP][PASSED] - Statement - return (java.lang.Math.floor((java.lang.Math.random() * ((max - min) + 1))) + min): Text 'BA189.0' is set on object 'Object Repository/MOH AND GRN/Page_KDMC - CMS/input_txtbatchno'

2018-05-09 15:43:38 - [MESSAGE][PASSED] - Text 'BA189.0' is set on object 'Object Repository/MOH AND GRN/Page_KDMC - CMS/input_txtbatchno'

2018-05-09 15:43:38 - [TEST_STEP][PASSED] - rightClick: Object: 'Object Repository/GRN/Page_KDMC - CMS/input_txtexpdate' is right clicked on

2018-05-09 15:43:38 - [MESSAGE][PASSED] - Object: 'Object Repository/GRN/Page_KDMC - CMS/input_txtexpdate' is right clicked on

2018-05-09 15:43:38 - [TEST_STEP][PASSED] - selectOptionByIndex: All options with index in [4] are selected on object 'Object Repository/GRN/Page_KDMC - CMS/select_20182019202020212022202'

2018-05-09 15:43:38 - [MESSAGE][PASSED] - All options with index in [4] are selected on object 'Object Repository/GRN/Page_KDMC - CMS/select_20182019202020212022202'

2018-05-09 15:43:38 - [TEST_STEP][PASSED] - selectOptionByIndex: All options with index in [4] are selected on object 'Object Repository/GRN/Page_KDMC - CMS/select_JanFebMarAprMayJunJulAu'

2018-05-09 15:43:38 - [MESSAGE][PASSED] - All options with index in [4] are selected on object 'Object Repository/GRN/Page_KDMC - CMS/select_JanFebMarAprMayJunJulAu'

2018-05-09 15:43:38 - [TEST_STEP][PASSED] - click: Object: 'Object Repository/MOH AND GRN/Page_KDMC - CMS/a_12' is clicked on

2018-05-09 15:43:38 - [MESSAGE][PASSED] - Object: 'Object Repository/MOH AND GRN/Page_KDMC - CMS/a_12' is clicked on

2018-05-09 15:43:38 - [TEST_STEP][PASSED] - click: Object: 'Object Repository/MOH AND GRN/Page_KDMC - CMS/input_btnadd' is clicked on

2018-05-09 15:43:38 - [MESSAGE][PASSED] - Object: 'Object Repository/MOH AND GRN/Page_KDMC - CMS/input_btnadd' is clicked on

2018-05-09 15:43:38 - [TEST_STEP][PASSED] - Statement - If (s == 10): null

2018-05-09 15:43:38 - [TEST_STEP][PASSED] - Statement - Else: null

2018-05-09 15:43:38 - [TEST_STEP][PASSED] - Statement - (s++): null

2018-05-09 15:43:38 - [TEST_STEP][PASSED] - delay: Delayed 1 second(s)

2018-05-09 15:43:39 - [MESSAGE][PASSED] - Delayed 1 second(s)

2018-05-09 15:43:39 - [TEST_STEP][PASSED] - selectOptionByIndex: All options with index in [55] are selected on object 'Object Repository/MOH AND GRN/Page_KDMC - CMS/select_--Select--Amikacin -500'

2018-05-09 15:43:40 - [MESSAGE][PASSED] - All options with index in [55] are selected on object 'Object Repository/MOH AND GRN/Page_KDMC - CMS/select_--Select--Amikacin -500'

2018-05-09 15:43:40 - [TEST_STEP][PASSED] - setText: Text '5000' is set on object 'Object Repository/MOH AND GRN/Page_KDMC - CMS/input_txtqty'

2018-05-09 15:43:40 - [MESSAGE][PASSED] - Text '5000' is set on object 'Object Repository/MOH AND GRN/Page_KDMC - CMS/input_txtqty'

2018-05-09 15:43:40 - [TEST_STEP][PASSED] - selectOptionByIndex: All options with index in [1] are selected on object 'Object Repository/MOH AND GRN/Page_KDMC - CMS/select_--Select--No Tax0'

2018-05-09 15:43:40 - [MESSAGE][PASSED] - All options with index in [1] are selected on object 'Object Repository/MOH AND GRN/Page_KDMC - CMS/select_--Select--No Tax0'

2018-05-09 15:43:40 - [TEST_STEP][PASSED] - setText: Finding Test Object with id 'Object Repository/MOH AND GRN/Page_KDMC - CMS/input_txtmrp'

2018-05-09 15:43:40 - [TEST_STEP][PASSED] - Statement - switch (id): Finding Test Object with id 'Object Repository/MOH AND GRN/Page_KDMC - CMS/input_txtdeal'

2018-05-09 15:43:40 - [TEST_STEP][PASSED] - Statement - case 4:: Text '20.0' is set on object 'Object Repository/MOH AND GRN/Page_KDMC - CMS/input_txtmrp'

2018-05-09 15:43:40 - [TEST_STEP][PASSED] - Statement - return (java.lang.Math.floor((java.lang.Math.random() * ((max - min) + 1))) + min): Text '20.0' is set on object 'Object Repository/MOH AND GRN/Page_KDMC - CMS/input_txtmrp'

2018-05-09 15:43:40 - [MESSAGE][PASSED] - Text '20.0' is set on object 'Object Repository/MOH AND GRN/Page_KDMC - CMS/input_txtmrp'

2018-05-09 15:43:40 - [TEST_STEP][PASSED] - setText: Finding Test Object with id 'Object Repository/MOH AND GRN/Page_KDMC - CMS/input_txtdeal'

2018-05-09 15:43:40 - [TEST_STEP][PASSED] - Statement - switch (id): Finding Test Object with id 'Object Repository/MOH AND GRN/Page_KDMC - CMS/input_txtbatchno'

2018-05-09 15:43:40 - [TEST_STEP][PASSED] - Statement - case 5:: Text '1.0' is set on object 'Object Repository/MOH AND GRN/Page_KDMC - CMS/input_txtdeal'

2018-05-09 15:43:40 - [TEST_STEP][PASSED] - Statement - return (java.lang.Math.floor((java.lang.Math.random() * ((max - min) + 1))) + min): Text '1.0' is set on object 'Object Repository/MOH AND GRN/Page_KDMC - CMS/input_txtdeal'

2018-05-09 15:43:40 - [MESSAGE][PASSED] - Text '1.0' is set on object 'Object Repository/MOH AND GRN/Page_KDMC - CMS/input_txtdeal'

2018-05-09 15:43:40 - [TEST_STEP][PASSED] - setText: Finding Test Object with id 'Object Repository/MOH AND GRN/Page_KDMC - CMS/input_txtbatchno'

2018-05-09 15:43:40 - [TEST_STEP][PASSED] - Statement - switch (id): Finding Test Object with id 'Object Repository/MOH AND GRN/Page_KDMC - CMS/input_txtmrp'

2018-05-09 15:43:40 - [TEST_STEP][PASSED] - Statement - case 1:: Text 'BA828.0' is set on object 'Object Repository/MOH AND GRN/Page_KDMC - CMS/input_txtbatchno'

2018-05-09 15:43:40 - [TEST_STEP][PASSED] - Statement - return (java.lang.Math.floor((java.lang.Math.random() * ((max - min) + 1))) + min): Text 'BA828.0' is set on object 'Object Repository/MOH AND GRN/Page_KDMC - CMS/input_txtbatchno'

2018-05-09 15:43:40 - [MESSAGE][PASSED] - Text 'BA828.0' is set on object 'Object Repository/MOH AND GRN/Page_KDMC - CMS/input_txtbatchno'

2018-05-09 15:43:40 - [TEST_STEP][PASSED] - rightClick: Object: 'Object Repository/GRN/Page_KDMC - CMS/input_txtexpdate' is right clicked on

2018-05-09 15:43:40 - [MESSAGE][PASSED] - Object: 'Object Repository/GRN/Page_KDMC - CMS/input_txtexpdate' is right clicked on

2018-05-09 15:43:40 - [TEST_STEP][PASSED] - selectOptionByIndex: All options with index in [5] are selected on object 'Object Repository/GRN/Page_KDMC - CMS/select_20182019202020212022202'

2018-05-09 15:43:41 - [MESSAGE][PASSED] - All options with index in [5] are selected on object 'Object Repository/GRN/Page_KDMC - CMS/select_20182019202020212022202'

2018-05-09 15:43:41 - [TEST_STEP][PASSED] - selectOptionByIndex: All options with index in [5] are selected on object 'Object Repository/GRN/Page_KDMC - CMS/select_JanFebMarAprMayJunJulAu'

2018-05-09 15:43:41 - [MESSAGE][PASSED] - All options with index in [5] are selected on object 'Object Repository/GRN/Page_KDMC - CMS/select_JanFebMarAprMayJunJulAu'

2018-05-09 15:43:41 - [TEST_STEP][PASSED] - click: Object: 'Object Repository/MOH AND GRN/Page_KDMC - CMS/a_12' is clicked on

2018-05-09 15:43:41 - [MESSAGE][PASSED] - Object: 'Object Repository/MOH AND GRN/Page_KDMC - CMS/a_12' is clicked on

2018-05-09 15:43:41 - [TEST_STEP][PASSED] - click: Object: 'Object Repository/MOH AND GRN/Page_KDMC - CMS/input_btnadd' is clicked on

2018-05-09 15:43:41 - [MESSAGE][PASSED] - Object: 'Object Repository/MOH AND GRN/Page_KDMC - CMS/input_btnadd' is clicked on

2018-05-09 15:43:41 - [TEST_STEP][PASSED] - Statement - If (s == 10): null

2018-05-09 15:43:41 - [TEST_STEP][PASSED] - Statement - Else: null

2018-05-09 15:43:41 - [TEST_STEP][PASSED] - Statement - (s++): null

2018-05-09 15:43:41 - [TEST_STEP][PASSED] - delay: Delayed 1 second(s)

2018-05-09 15:43:42 - [MESSAGE][PASSED] - Delayed 1 second(s)

2018-05-09 15:43:42 - [TEST_STEP][PASSED] - selectOptionByIndex: All options with index in [56] are selected on object 'Object Repository/MOH AND GRN/Page_KDMC - CMS/select_--Select--Amikacin -500'

2018-05-09 15:43:43 - [MESSAGE][PASSED] - All options with index in [56] are selected on object 'Object Repository/MOH AND GRN/Page_KDMC - CMS/select_--Select--Amikacin -500'

2018-05-09 15:43:43 - [TEST_STEP][PASSED] - setText: Text '5000' is set on object 'Object Repository/MOH AND GRN/Page_KDMC - CMS/input_txtqty'

2018-05-09 15:43:43 - [MESSAGE][PASSED] - Text '5000' is set on object 'Object Repository/MOH AND GRN/Page_KDMC - CMS/input_txtqty'

2018-05-09 15:43:43 - [TEST_STEP][PASSED] - selectOptionByIndex: All options with index in [1] are selected on object 'Object Repository/MOH AND GRN/Page_KDMC - CMS/select_--Select--No Tax0'

2018-05-09 15:43:43 - [MESSAGE][PASSED] - All options with index in [1] are selected on object 'Object Repository/MOH AND GRN/Page_KDMC - CMS/select_--Select--No Tax0'

2018-05-09 15:43:43 - [TEST_STEP][PASSED] - setText: Finding Test Object with id 'Object Repository/MOH AND GRN/Page_KDMC - CMS/input_txtmrp'

2018-05-09 15:43:43 - [TEST_STEP][PASSED] - Statement - switch (id): Finding Test Object with id 'Object Repository/MOH AND GRN/Page_KDMC - CMS/input_txtdeal'

2018-05-09 15:43:43 - [TEST_STEP][PASSED] - Statement - case 4:: Text '15.0' is set on object 'Object Repository/MOH AND GRN/Page_KDMC - CMS/input_txtmrp'

2018-05-09 15:43:43 - [TEST_STEP][PASSED] - Statement - return (java.lang.Math.floor((java.lang.Math.random() * ((max - min) + 1))) + min): Text '15.0' is set on object 'Object Repository/MOH AND GRN/Page_KDMC - CMS/input_txtmrp'

2018-05-09 15:43:43 - [MESSAGE][PASSED] - Text '15.0' is set on object 'Object Repository/MOH AND GRN/Page_KDMC - CMS/input_txtmrp'

2018-05-09 15:43:43 - [TEST_STEP][PASSED] - setText: Finding Test Object with id 'Object Repository/MOH AND GRN/Page_KDMC - CMS/input_txtdeal'

2018-05-09 15:43:43 - [TEST_STEP][PASSED] - Statement - switch (id): Finding Test Object with id 'Object Repository/MOH AND GRN/Page_KDMC - CMS/input_txtbatchno'

2018-05-09 15:43:43 - [TEST_STEP][PASSED] - Statement - case 5:: Text '3.0' is set on object 'Object Repository/MOH AND GRN/Page_KDMC - CMS/input_txtdeal'

2018-05-09 15:43:43 - [TEST_STEP][PASSED] - Statement - return (java.lang.Math.floor((java.lang.Math.random() * ((max - min) + 1))) + min): Text '3.0' is set on object 'Object Repository/MOH AND GRN/Page_KDMC - CMS/input_txtdeal'

2018-05-09 15:43:43 - [MESSAGE][PASSED] - Text '3.0' is set on object 'Object Repository/MOH AND GRN/Page_KDMC - CMS/input_txtdeal'

2018-05-09 15:43:43 - [TEST_STEP][PASSED] - setText: Finding Test Object with id 'Object Repository/MOH AND GRN/Page_KDMC - CMS/input_txtbatchno'

2018-05-09 15:43:43 - [TEST_STEP][PASSED] - Statement - switch (id): Finding Test Object with id 'Object Repository/MOH AND GRN/Page_KDMC - CMS/input_txtmrp'

2018-05-09 15:43:43 - [TEST_STEP][PASSED] - Statement - case 1:: Text 'BA160.0' is set on object 'Object Repository/MOH AND GRN/Page_KDMC - CMS/input_txtbatchno'

2018-05-09 15:43:43 - [TEST_STEP][PASSED] - Statement - return (java.lang.Math.floor((java.lang.Math.random() * ((max - min) + 1))) + min): Text 'BA160.0' is set on object 'Object Repository/MOH AND GRN/Page_KDMC - CMS/input_txtbatchno'

2018-05-09 15:43:43 - [MESSAGE][PASSED] - Text 'BA160.0' is set on object 'Object Repository/MOH AND GRN/Page_KDMC - CMS/input_txtbatchno'

2018-05-09 15:43:43 - [TEST_STEP][PASSED] - rightClick: Object: 'Object Repository/GRN/Page_KDMC - CMS/input_txtexpdate' is right clicked on

2018-05-09 15:43:43 - [MESSAGE][PASSED] - Object: 'Object Repository/GRN/Page_KDMC - CMS/input_txtexpdate' is right clicked on

2018-05-09 15:43:43 - [TEST_STEP][PASSED] - selectOptionByIndex: All options with index in [6] are selected on object 'Object Repository/GRN/Page_KDMC - CMS/select_20182019202020212022202'

2018-05-09 15:43:43 - [MESSAGE][PASSED] - All options with index in [6] are selected on object 'Object Repository/GRN/Page_KDMC - CMS/select_20182019202020212022202'

2018-05-09 15:43:43 - [TEST_STEP][PASSED] - selectOptionByIndex: All options with index in [6] are selected on object 'Object Repository/GRN/Page_KDMC - CMS/select_JanFebMarAprMayJunJulAu'

2018-05-09 15:43:44 - [MESSAGE][PASSED] - All options with index in [6] are selected on object 'Object Repository/GRN/Page_KDMC - CMS/select_JanFebMarAprMayJunJulAu'

2018-05-09 15:43:44 - [TEST_STEP][PASSED] - click: Object: 'Object Repository/MOH AND GRN/Page_KDMC - CMS/a_12' is clicked on

2018-05-09 15:43:44 - [MESSAGE][PASSED] - Object: 'Object Repository/MOH AND GRN/Page_KDMC - CMS/a_12' is clicked on

2018-05-09 15:43:44 - [TEST_STEP][PASSED] - click: Object: 'Object Repository/MOH AND GRN/Page_KDMC - CMS/input_btnadd' is clicked on

2018-05-09 15:43:44 - [MESSAGE][PASSED] - Object: 'Object Repository/MOH AND GRN/Page_KDMC - CMS/input_btnadd' is clicked on

2018-05-09 15:43:44 - [TEST_STEP][PASSED] - Statement - If (s == 10): null

2018-05-09 15:43:44 - [TEST_STEP][PASSED] - Statement - Else: null

2018-05-09 15:43:44 - [TEST_STEP][PASSED] - Statement - (s++): null

2018-05-09 15:43:44 - [TEST_STEP][PASSED] - delay: Delayed 1 second(s)

2018-05-09 15:43:45 - [MESSAGE][PASSED] - Delayed 1 second(s)

2018-05-09 15:43:45 - [TEST_STEP][PASSED] - selectOptionByIndex: All options with index in [57] are selected on object 'Object Repository/MOH AND GRN/Page_KDMC - CMS/select_--Select--Amikacin -500'

2018-05-09 15:43:45 - [MESSAGE][PASSED] - All options with index in [57] are selected on object 'Object Repository/MOH AND GRN/Page_KDMC - CMS/select_--Select--Amikacin -500'

2018-05-09 15:43:45 - [TEST_STEP][PASSED] - setText: Text '5000' is set on object 'Object Repository/MOH AND GRN/Page_KDMC - CMS/input_txtqty'

2018-05-09 15:43:46 - [MESSAGE][PASSED] - Text '5000' is set on object 'Object Repository/MOH AND GRN/Page_KDMC - CMS/input_txtqty'

2018-05-09 15:43:46 - [TEST_STEP][PASSED] - selectOptionByIndex: All options with index in [1] are selected on object 'Object Repository/MOH AND GRN/Page_KDMC - CMS/select_--Select--No Tax0'

2018-05-09 15:43:46 - [MESSAGE][PASSED] - All options with index in [1] are selected on object 'Object Repository/MOH AND GRN/Page_KDMC - CMS/select_--Select--No Tax0'

2018-05-09 15:43:46 - [TEST_STEP][PASSED] - setText: Finding Test Object with id 'Object Repository/MOH AND GRN/Page_KDMC - CMS/input_txtmrp'

2018-05-09 15:43:46 - [TEST_STEP][PASSED] - Statement - switch (id): Finding Test Object with id 'Object Repository/MOH AND GRN/Page_KDMC - CMS/input_txtdeal'

2018-05-09 15:43:46 - [TEST_STEP][PASSED] - Statement - case 4:: Text '15.0' is set on object 'Object Repository/MOH AND GRN/Page_KDMC - CMS/input_txtmrp'

2018-05-09 15:43:46 - [TEST_STEP][PASSED] - Statement - return (java.lang.Math.floor((java.lang.Math.random() * ((max - min) + 1))) + min): Text '15.0' is set on object 'Object Repository/MOH AND GRN/Page_KDMC - CMS/input_txtmrp'

2018-05-09 15:43:46 - [MESSAGE][PASSED] - Text '15.0' is set on object 'Object Repository/MOH AND GRN/Page_KDMC - CMS/input_txtmrp'

2018-05-09 15:43:46 - [TEST_STEP][PASSED] - setText: Finding Test Object with id 'Object Repository/MOH AND GRN/Page_KDMC - CMS/input_txtdeal'

2018-05-09 15:43:46 - [TEST_STEP][PASSED] - Statement - switch (id): Finding Test Object with id 'Object Repository/MOH AND GRN/Page_KDMC - CMS/input_txtbatchno'

2018-05-09 15:43:46 - [TEST_STEP][PASSED] - Statement - case 5:: Text '8.0' is set on object 'Object Repository/MOH AND GRN/Page_KDMC - CMS/input_txtdeal'

2018-05-09 15:43:46 - [TEST_STEP][PASSED] - Statement - return (java.lang.Math.floor((java.lang.Math.random() * ((max - min) + 1))) + min): Text '8.0' is set on object 'Object Repository/MOH AND GRN/Page_KDMC - CMS/input_txtdeal'

2018-05-09 15:43:46 - [MESSAGE][PASSED] - Text '8.0' is set on object 'Object Repository/MOH AND GRN/Page_KDMC - CMS/input_txtdeal'

2018-05-09 15:43:46 - [TEST_STEP][PASSED] - setText: Finding Test Object with id 'Object Repository/MOH AND GRN/Page_KDMC - CMS/input_txtbatchno'

2018-05-09 15:43:46 - [TEST_STEP][PASSED] - Statement - switch (id): Finding Test Object with id 'Object Repository/MOH AND GRN/Page_KDMC - CMS/input_txtmrp'

2018-05-09 15:43:46 - [TEST_STEP][PASSED] - Statement - case 1:: Text 'BA392.0' is set on object 'Object Repository/MOH AND GRN/Page_KDMC - CMS/input_txtbatchno'

2018-05-09 15:43:46 - [TEST_STEP][PASSED] - Statement - return (java.lang.Math.floor((java.lang.Math.random() * ((max - min) + 1))) + min): Text 'BA392.0' is set on object 'Object Repository/MOH AND GRN/Page_KDMC - CMS/input_txtbatchno'

2018-05-09 15:43:46 - [MESSAGE][PASSED] - Text 'BA392.0' is set on object 'Object Repository/MOH AND GRN/Page_KDMC - CMS/input_txtbatchno'

2018-05-09 15:43:46 - [TEST_STEP][PASSED] - rightClick: Object: 'Object Repository/GRN/Page_KDMC - CMS/input_txtexpdate' is right clicked on

2018-05-09 15:43:46 - [MESSAGE][PASSED] - Object: 'Object Repository/GRN/Page_KDMC - CMS/input_txtexpdate' is right clicked on

2018-05-09 15:43:46 - [TEST_STEP][PASSED] - selectOptionByIndex: All options with index in [7] are selected on object 'Object Repository/GRN/Page_KDMC - CMS/select_20182019202020212022202'

2018-05-09 15:43:46 - [MESSAGE][PASSED] - All options with index in [7] are selected on object 'Object Repository/GRN/Page_KDMC - CMS/select_20182019202020212022202'

2018-05-09 15:43:46 - [TEST_STEP][PASSED] - selectOptionByIndex: All options with index in [7] are selected on object 'Object Repository/GRN/Page_KDMC - CMS/select_JanFebMarAprMayJunJulAu'

2018-05-09 15:43:46 - [MESSAGE][PASSED] - All options with index in [7] are selected on object 'Object Repository/GRN/Page_KDMC - CMS/select_JanFebMarAprMayJunJulAu'

2018-05-09 15:43:46 - [TEST_STEP][PASSED] - click: Object: 'Object Repository/MOH AND GRN/Page_KDMC - CMS/a_12' is clicked on

2018-05-09 15:43:47 - [MESSAGE][PASSED] - Object: 'Object Repository/MOH AND GRN/Page_KDMC - CMS/a_12' is clicked on

2018-05-09 15:43:47 - [TEST_STEP][PASSED] - click: Object: 'Object Repository/MOH AND GRN/Page_KDMC - CMS/input_btnadd' is clicked on

2018-05-09 15:43:47 - [MESSAGE][PASSED] - Object: 'Object Repository/MOH AND GRN/Page_KDMC - CMS/input_btnadd' is clicked on

2018-05-09 15:43:47 - [TEST_STEP][PASSED] - Statement - If (s == 10): null

2018-05-09 15:43:47 - [TEST_STEP][PASSED] - Statement - Else: null

2018-05-09 15:43:47 - [TEST_STEP][PASSED] - Statement - (s++): null

2018-05-09 15:43:47 - [TEST_STEP][PASSED] - delay: Delayed 1 second(s)

2018-05-09 15:43:48 - [MESSAGE][PASSED] - Delayed 1 second(s)

2018-05-09 15:43:48 - [TEST_STEP][PASSED] - selectOptionByIndex: All options with index in [58] are selected on object 'Object Repository/MOH AND GRN/Page_KDMC - CMS/select_--Select--Amikacin -500'

2018-05-09 15:43:48 - [MESSAGE][PASSED] - All options with index in [58] are selected on object 'Object Repository/MOH AND GRN/Page_KDMC - CMS/select_--Select--Amikacin -500'

2018-05-09 15:43:48 - [TEST_STEP][PASSED] - setText: Text '5000' is set on object 'Object Repository/MOH AND GRN/Page_KDMC - CMS/input_txtqty'

2018-05-09 15:43:48 - [MESSAGE][PASSED] - Text '5000' is set on object 'Object Repository/MOH AND GRN/Page_KDMC - CMS/input_txtqty'

2018-05-09 15:43:48 - [TEST_STEP][PASSED] - selectOptionByIndex: All options with index in [1] are selected on object 'Object Repository/MOH AND GRN/Page_KDMC - CMS/select_--Select--No Tax0'

2018-05-09 15:43:48 - [MESSAGE][PASSED] - All options with index in [1] are selected on object 'Object Repository/MOH AND GRN/Page_KDMC - CMS/select_--Select--No Tax0'

2018-05-09 15:43:48 - [TEST_STEP][PASSED] - setText: Finding Test Object with id 'Object Repository/MOH AND GRN/Page_KDMC - CMS/input_txtmrp'

2018-05-09 15:43:48 - [TEST_STEP][PASSED] - Statement - switch (id): Finding Test Object with id 'Object Repository/MOH AND GRN/Page_KDMC - CMS/input_txtdeal'

2018-05-09 15:43:48 - [TEST_STEP][PASSED] - Statement - case 4:: Text '41.0' is set on object 'Object Repository/MOH AND GRN/Page_KDMC - CMS/input_txtmrp'

2018-05-09 15:43:48 - [TEST_STEP][PASSED] - Statement - return (java.lang.Math.floor((java.lang.Math.random() * ((max - min) + 1))) + min): Text '41.0' is set on object 'Object Repository/MOH AND GRN/Page_KDMC - CMS/input_txtmrp'

2018-05-09 15:43:49 - [MESSAGE][PASSED] - Text '41.0' is set on object 'Object Repository/MOH AND GRN/Page_KDMC - CMS/input_txtmrp'

2018-05-09 15:43:49 - [TEST_STEP][PASSED] - setText: Finding Test Object with id 'Object Repository/MOH AND GRN/Page_KDMC - CMS/input_txtdeal'

2018-05-09 15:43:49 - [TEST_STEP][PASSED] - Statement - switch (id): Finding Test Object with id 'Object Repository/MOH AND GRN/Page_KDMC - CMS/input_txtbatchno'

2018-05-09 15:43:49 - [TEST_STEP][PASSED] - Statement - case 5:: Text '11.0' is set on object 'Object Repository/MOH AND GRN/Page_KDMC - CMS/input_txtdeal'

2018-05-09 15:43:49 - [TEST_STEP][PASSED] - Statement - return (java.lang.Math.floor((java.lang.Math.random() * ((max - min) + 1))) + min): Text '11.0' is set on object 'Object Repository/MOH AND GRN/Page_KDMC - CMS/input_txtdeal'

2018-05-09 15:43:49 - [MESSAGE][PASSED] - Text '11.0' is set on object 'Object Repository/MOH AND GRN/Page_KDMC - CMS/input_txtdeal'

2018-05-09 15:43:49 - [TEST_STEP][PASSED] - setText: Finding Test Object with id 'Object Repository/MOH AND GRN/Page_KDMC - CMS/input_txtbatchno'

2018-05-09 15:43:49 - [TEST_STEP][PASSED] - Statement - switch (id): Finding Test Object with id 'Object Repository/MOH AND GRN/Page_KDMC - CMS/input_txtmrp'

2018-05-09 15:43:49 - [TEST_STEP][PASSED] - Statement - case 1:: Text 'BA372.0' is set on object 'Object Repository/MOH AND GRN/Page_KDMC - CMS/input_txtbatchno'

2018-05-09 15:43:49 - [TEST_STEP][PASSED] - Statement - return (java.lang.Math.floor((java.lang.Math.random() * ((max - min) + 1))) + min): Text 'BA372.0' is set on object 'Object Repository/MOH AND GRN/Page_KDMC - CMS/input_txtbatchno'

2018-05-09 15:43:49 - [MESSAGE][PASSED] - Text 'BA372.0' is set on object 'Object Repository/MOH AND GRN/Page_KDMC - CMS/input_txtbatchno'

2018-05-09 15:43:49 - [TEST_STEP][PASSED] - rightClick: Object: 'Object Repository/GRN/Page_KDMC - CMS/input_txtexpdate' is right clicked on

2018-05-09 15:43:49 - [MESSAGE][PASSED] - Object: 'Object Repository/GRN/Page_KDMC - CMS/input_txtexpdate' is right clicked on

2018-05-09 15:43:49 - [TEST_STEP][PASSED] - selectOptionByIndex: All options with index in [8] are selected on object 'Object Repository/GRN/Page_KDMC - CMS/select_20182019202020212022202'

2018-05-09 15:43:49 - [MESSAGE][PASSED] - All options with index in [8] are selected on object 'Object Repository/GRN/Page_KDMC - CMS/select_20182019202020212022202'

2018-05-09 15:43:49 - [TEST_STEP][PASSED] - selectOptionByIndex: All options with index in [8] are selected on object 'Object Repository/GRN/Page_KDMC - CMS/select_JanFebMarAprMayJunJulAu'

2018-05-09 15:43:49 - [MESSAGE][PASSED] - All options with index in [8] are selected on object 'Object Repository/GRN/Page_KDMC - CMS/select_JanFebMarAprMayJunJulAu'

2018-05-09 15:43:49 - [TEST_STEP][PASSED] - click: Object: 'Object Repository/MOH AND GRN/Page_KDMC - CMS/a_12' is clicked on

2018-05-09 15:43:49 - [MESSAGE][PASSED] - Object: 'Object Repository/MOH AND GRN/Page_KDMC - CMS/a_12' is clicked on

2018-05-09 15:43:49 - [TEST_STEP][PASSED] - click: Object: 'Object Repository/MOH AND GRN/Page_KDMC - CMS/input_btnadd' is clicked on

2018-05-09 15:43:49 - [MESSAGE][PASSED] - Object: 'Object Repository/MOH AND GRN/Page_KDMC - CMS/input_btnadd' is clicked on

2018-05-09 15:43:49 - [TEST_STEP][PASSED] - Statement - If (s == 10): null

2018-05-09 15:43:49 - [TEST_STEP][PASSED] - Statement - Else: null

2018-05-09 15:43:49 - [TEST_STEP][PASSED] - Statement - (s++): null

2018-05-09 15:43:49 - [TEST_STEP][PASSED] - delay: Delayed 1 second(s)

2018-05-09 15:43:50 - [MESSAGE][PASSED] - Delayed 1 second(s)

2018-05-09 15:43:50 - [TEST_STEP][PASSED] - selectOptionByIndex: All options with index in [59] are selected on object 'Object Repository/MOH AND GRN/Page_KDMC - CMS/select_--Select--Amikacin -500'

2018-05-09 15:43:51 - [MESSAGE][PASSED] - All options with index in [59] are selected on object 'Object Repository/MOH AND GRN/Page_KDMC - CMS/select_--Select--Amikacin -500'

2018-05-09 15:43:51 - [TEST_STEP][PASSED] - setText: Text '5000' is set on object 'Object Repository/MOH AND GRN/Page_KDMC - CMS/input_txtqty'

2018-05-09 15:43:51 - [MESSAGE][PASSED] - Text '5000' is set on object 'Object Repository/MOH AND GRN/Page_KDMC - CMS/input_txtqty'

2018-05-09 15:43:51 - [TEST_STEP][PASSED] - selectOptionByIndex: All options with index in [1] are selected on object 'Object Repository/MOH AND GRN/Page_KDMC - CMS/select_--Select--No Tax0'

2018-05-09 15:43:51 - [MESSAGE][PASSED] - All options with index in [1] are selected on object 'Object Repository/MOH AND GRN/Page_KDMC - CMS/select_--Select--No Tax0'

2018-05-09 15:43:51 - [TEST_STEP][PASSED] - setText: Finding Test Object with id 'Object Repository/MOH AND GRN/Page_KDMC - CMS/input_txtmrp'

2018-05-09 15:43:51 - [TEST_STEP][PASSED] - Statement - switch (id): Finding Test Object with id 'Object Repository/MOH AND GRN/Page_KDMC - CMS/input_txtdeal'

2018-05-09 15:43:51 - [TEST_STEP][PASSED] - Statement - case 4:: Text '31.0' is set on object 'Object Repository/MOH AND GRN/Page_KDMC - CMS/input_txtmrp'

2018-05-09 15:43:51 - [TEST_STEP][PASSED] - Statement - return (java.lang.Math.floor((java.lang.Math.random() * ((max - min) + 1))) + min): Text '31.0' is set on object 'Object Repository/MOH AND GRN/Page_KDMC - CMS/input_txtmrp'

2018-05-09 15:43:51 - [MESSAGE][PASSED] - Text '31.0' is set on object 'Object Repository/MOH AND GRN/Page_KDMC - CMS/input_txtmrp'

2018-05-09 15:43:51 - [TEST_STEP][PASSED] - setText: Finding Test Object with id 'Object Repository/MOH AND GRN/Page_KDMC - CMS/input_txtdeal'

2018-05-09 15:43:51 - [TEST_STEP][PASSED] - Statement - switch (id): Finding Test Object with id 'Object Repository/MOH AND GRN/Page_KDMC - CMS/input_txtbatchno'

2018-05-09 15:43:51 - [TEST_STEP][PASSED] - Statement - case 5:: Text '12.0' is set on object 'Object Repository/MOH AND GRN/Page_KDMC - CMS/input_txtdeal'

2018-05-09 15:43:51 - [TEST_STEP][PASSED] - Statement - return (java.lang.Math.floor((java.lang.Math.random() * ((max - min) + 1))) + min): Text '12.0' is set on object 'Object Repository/MOH AND GRN/Page_KDMC - CMS/input_txtdeal'

2018-05-09 15:43:51 - [MESSAGE][PASSED] - Text '12.0' is set on object 'Object Repository/MOH AND GRN/Page_KDMC - CMS/input_txtdeal'

2018-05-09 15:43:51 - [TEST_STEP][PASSED] - setText: Finding Test Object with id 'Object Repository/MOH AND GRN/Page_KDMC - CMS/input_txtbatchno'

2018-05-09 15:43:51 - [TEST_STEP][PASSED] - Statement - switch (id): Finding Test Object with id 'Object Repository/MOH AND GRN/Page_KDMC - CMS/input_txtmrp'

2018-05-09 15:43:51 - [TEST_STEP][PASSED] - Statement - case 1:: Text 'BA706.0' is set on object 'Object Repository/MOH AND GRN/Page_KDMC - CMS/input_txtbatchno'

2018-05-09 15:43:51 - [TEST_STEP][PASSED] - Statement - return (java.lang.Math.floor((java.lang.Math.random() * ((max - min) + 1))) + min): Text 'BA706.0' is set on object 'Object Repository/MOH AND GRN/Page_KDMC - CMS/input_txtbatchno'

2018-05-09 15:43:52 - [MESSAGE][PASSED] - Text 'BA706.0' is set on object 'Object Repository/MOH AND GRN/Page_KDMC - CMS/input_txtbatchno'

2018-05-09 15:43:52 - [TEST_STEP][PASSED] - rightClick: Object: 'Object Repository/GRN/Page_KDMC - CMS/input_txtexpdate' is right clicked on

2018-05-09 15:43:52 - [MESSAGE][PASSED] - Object: 'Object Repository/GRN/Page_KDMC - CMS/input_txtexpdate' is right clicked on

2018-05-09 15:43:52 - [TEST_STEP][PASSED] - selectOptionByIndex: All options with index in [9] are selected on object 'Object Repository/GRN/Page_KDMC - CMS/select_20182019202020212022202'

2018-05-09 15:43:52 - [MESSAGE][PASSED] - All options with index in [9] are selected on object 'Object Repository/GRN/Page_KDMC - CMS/select_20182019202020212022202'

2018-05-09 15:43:52 - [TEST_STEP][PASSED] - selectOptionByIndex: All options with index in [9] are selected on object 'Object Repository/GRN/Page_KDMC - CMS/select_JanFebMarAprMayJunJulAu'

2018-05-09 15:43:52 - [MESSAGE][PASSED] - All options with index in [9] are selected on object 'Object Repository/GRN/Page_KDMC - CMS/select_JanFebMarAprMayJunJulAu'

2018-05-09 15:43:52 - [TEST_STEP][PASSED] - click: Object: 'Object Repository/MOH AND GRN/Page_KDMC - CMS/a_12' is clicked on

2018-05-09 15:43:52 - [MESSAGE][PASSED] - Object: 'Object Repository/MOH AND GRN/Page_KDMC - CMS/a_12' is clicked on

2018-05-09 15:43:52 - [TEST_STEP][PASSED] - click: Object: 'Object Repository/MOH AND GRN/Page_KDMC - CMS/input_btnadd' is clicked on

2018-05-09 15:43:52 - [MESSAGE][PASSED] - Object: 'Object Repository/MOH AND GRN/Page_KDMC - CMS/input_btnadd' is clicked on

2018-05-09 15:43:52 - [TEST_STEP][PASSED] - Statement - If (s == 10): null

2018-05-09 15:43:52 - [TEST_STEP][PASSED] - Statement - Else: null

2018-05-09 15:43:52 - [TEST_STEP][PASSED] - Statement - (s++): null

2018-05-09 15:43:52 - [TEST_STEP][PASSED] - delay: Delayed 1 second(s)

2018-05-09 15:43:53 - [MESSAGE][PASSED] - Delayed 1 second(s)

2018-05-09 15:43:53 - [TEST_STEP][PASSED] - selectOptionByIndex: All options with index in [60] are selected on object 'Object Repository/MOH AND GRN/Page_KDMC - CMS/select_--Select--Amikacin -500'

2018-05-09 15:43:54 - [MESSAGE][PASSED] - All options with index in [60] are selected on object 'Object Repository/MOH AND GRN/Page_KDMC - CMS/select_--Select--Amikacin -500'

2018-05-09 15:43:54 - [TEST_STEP][PASSED] - setText: Text '5000' is set on object 'Object Repository/MOH AND GRN/Page_KDMC - CMS/input_txtqty'

2018-05-09 15:43:54 - [MESSAGE][PASSED] - Text '5000' is set on object 'Object Repository/MOH AND GRN/Page_KDMC - CMS/input_txtqty'

2018-05-09 15:43:54 - [TEST_STEP][PASSED] - selectOptionByIndex: All options with index in [1] are selected on object 'Object Repository/MOH AND GRN/Page_KDMC - CMS/select_--Select--No Tax0'

2018-05-09 15:43:54 - [MESSAGE][PASSED] - All options with index in [1] are selected on object 'Object Repository/MOH AND GRN/Page_KDMC - CMS/select_--Select--No Tax0'

2018-05-09 15:43:54 - [TEST_STEP][PASSED] - setText: Finding Test Object with id 'Object Repository/MOH AND GRN/Page_KDMC - CMS/input_txtmrp'

2018-05-09 15:43:54 - [TEST_STEP][PASSED] - Statement - switch (id): Finding Test Object with id 'Object Repository/MOH AND GRN/Page_KDMC - CMS/input_txtdeal'

2018-05-09 15:43:54 - [TEST_STEP][PASSED] - Statement - case 4:: Text '21.0' is set on object 'Object Repository/MOH AND GRN/Page_KDMC - CMS/input_txtmrp'

2018-05-09 15:43:54 - [TEST_STEP][PASSED] - Statement - return (java.lang.Math.floor((java.lang.Math.random() * ((max - min) + 1))) + min): Text '21.0' is set on object 'Object Repository/MOH AND GRN/Page_KDMC - CMS/input_txtmrp'

2018-05-09 15:43:54 - [MESSAGE][PASSED] - Text '21.0' is set on object 'Object Repository/MOH AND GRN/Page_KDMC - CMS/input_txtmrp'

2018-05-09 15:43:54 - [TEST_STEP][PASSED] - setText: Finding Test Object with id 'Object Repository/MOH AND GRN/Page_KDMC - CMS/input_txtdeal'

2018-05-09 15:43:54 - [TEST_STEP][PASSED] - Statement - switch (id): Finding Test Object with id 'Object Repository/MOH AND GRN/Page_KDMC - CMS/input_txtbatchno'

2018-05-09 15:43:54 - [TEST_STEP][PASSED] - Statement - case 5:: Text '9.0' is set on object 'Object Repository/MOH AND GRN/Page_KDMC - CMS/input_txtdeal'

2018-05-09 15:43:54 - [TEST_STEP][PASSED] - Statement - return (java.lang.Math.floor((java.lang.Math.random() * ((max - min) + 1))) + min): Text '9.0' is set on object 'Object Repository/MOH AND GRN/Page_KDMC - CMS/input_txtdeal'

2018-05-09 15:43:54 - [MESSAGE][PASSED] - Text '9.0' is set on object 'Object Repository/MOH AND GRN/Page_KDMC - CMS/input_txtdeal'

2018-05-09 15:43:54 - [TEST_STEP][PASSED] - setText: Finding Test Object with id 'Object Repository/MOH AND GRN/Page_KDMC - CMS/input_txtbatchno'

2018-05-09 15:43:54 - [TEST_STEP][PASSED] - Statement - switch (id): Finding Test Object with id 'Object Repository/MOH AND GRN/Page_KDMC - CMS/input_txtmrp'

2018-05-09 15:43:54 - [TEST_STEP][PASSED] - Statement - case 1:: Text 'BA900.0' is set on object 'Object Repository/MOH AND GRN/Page_KDMC - CMS/input_txtbatchno'

2018-05-09 15:43:54 - [TEST_STEP][PASSED] - Statement - return (java.lang.Math.floor((java.lang.Math.random() * ((max - min) + 1))) + min): Text 'BA900.0' is set on object 'Object Repository/MOH AND GRN/Page_KDMC - CMS/input_txtbatchno'

2018-05-09 15:43:55 - [MESSAGE][PASSED] - Text 'BA900.0' is set on object 'Object Repository/MOH AND GRN/Page_KDMC - CMS/input_txtbatchno'

2018-05-09 15:43:55 - [TEST_STEP][PASSED] - rightClick: Object: 'Object Repository/GRN/Page_KDMC - CMS/input_txtexpdate' is right clicked on

2018-05-09 15:43:55 - [MESSAGE][PASSED] - Object: 'Object Repository/GRN/Page_KDMC - CMS/input_txtexpdate' is right clicked on

2018-05-09 15:43:55 - [TEST_STEP][PASSED] - selectOptionByIndex: All options with index in [10] are selected on object 'Object Repository/GRN/Page_KDMC - CMS/select_20182019202020212022202'

2018-05-09 15:43:55 - [MESSAGE][PASSED] - All options with index in [10] are selected on object 'Object Repository/GRN/Page_KDMC - CMS/select_20182019202020212022202'

2018-05-09 15:43:55 - [TEST_STEP][PASSED] - selectOptionByIndex: All options with index in [10] are selected on object 'Object Repository/GRN/Page_KDMC - CMS/select_JanFebMarAprMayJunJulAu'

2018-05-09 15:43:55 - [MESSAGE][PASSED] - All options with index in [10] are selected on object 'Object Repository/GRN/Page_KDMC - CMS/select_JanFebMarAprMayJunJulAu'

2018-05-09 15:43:55 - [TEST_STEP][PASSED] - click: Object: 'Object Repository/MOH AND GRN/Page_KDMC - CMS/a_12' is clicked on

2018-05-09 15:43:55 - [MESSAGE][PASSED] - Object: 'Object Repository/MOH AND GRN/Page_KDMC - CMS/a_12' is clicked on

2018-05-09 15:43:55 - [TEST_STEP][PASSED] - click: Object: 'Object Repository/MOH AND GRN/Page_KDMC - CMS/input_btnadd' is clicked on

2018-05-09 15:43:55 - [MESSAGE][PASSED] - Object: 'Object Repository/MOH AND GRN/Page_KDMC - CMS/input_btnadd' is clicked on

2018-05-09 15:43:55 - [TEST_STEP][PASSED] - Statement - If (s == 10): null

2018-05-09 15:43:55 - [TEST_STEP][PASSED] - Statement - s = 1: null

2018-05-09 15:43:55 - [TEST_STEP][PASSED] - delay: Delayed 1 second(s)

2018-05-09 15:43:56 - [MESSAGE][PASSED] - Delayed 1 second(s)

2018-05-09 15:43:56 - [TEST_STEP][PASSED] - selectOptionByIndex: All options with index in [61] are selected on object 'Object Repository/MOH AND GRN/Page_KDMC - CMS/select_--Select--Amikacin -500'

2018-05-09 15:43:57 - [MESSAGE][PASSED] - All options with index in [61] are selected on object 'Object Repository/MOH AND GRN/Page_KDMC - CMS/select_--Select--Amikacin -500'

2018-05-09 15:43:57 - [TEST_STEP][PASSED] - setText: Text '5000' is set on object 'Object Repository/MOH AND GRN/Page_KDMC - CMS/input_txtqty'

2018-05-09 15:43:57 - [MESSAGE][PASSED] - Text '5000' is set on object 'Object Repository/MOH AND GRN/Page_KDMC - CMS/input_txtqty'

2018-05-09 15:43:57 - [TEST_STEP][PASSED] - selectOptionByIndex: All options with index in [1] are selected on object 'Object Repository/MOH AND GRN/Page_KDMC - CMS/select_--Select--No Tax0'

2018-05-09 15:43:57 - [MESSAGE][PASSED] - All options with index in [1] are selected on object 'Object Repository/MOH AND GRN/Page_KDMC - CMS/select_--Select--No Tax0'

2018-05-09 15:43:57 - [TEST_STEP][PASSED] - setText: Finding Test Object with id 'Object Repository/MOH AND GRN/Page_KDMC - CMS/input_txtmrp'

2018-05-09 15:43:57 - [TEST_STEP][PASSED] - Statement - switch (id): Finding Test Object with id 'Object Repository/MOH AND GRN/Page_KDMC - CMS/input_txtdeal'

2018-05-09 15:43:57 - [TEST_STEP][PASSED] - Statement - case 4:: Text '38.0' is set on object 'Object Repository/MOH AND GRN/Page_KDMC - CMS/input_txtmrp'

2018-05-09 15:43:57 - [TEST_STEP][PASSED] - Statement - return (java.lang.Math.floor((java.lang.Math.random() * ((max - min) + 1))) + min): Text '38.0' is set on object 'Object Repository/MOH AND GRN/Page_KDMC - CMS/input_txtmrp'

2018-05-09 15:43:57 - [MESSAGE][PASSED] - Text '38.0' is set on object 'Object Repository/MOH AND GRN/Page_KDMC - CMS/input_txtmrp'

2018-05-09 15:43:57 - [TEST_STEP][PASSED] - setText: Finding Test Object with id 'Object Repository/MOH AND GRN/Page_KDMC - CMS/input_txtdeal'

2018-05-09 15:43:57 - [TEST_STEP][PASSED] - Statement - switch (id): Finding Test Object with id 'Object Repository/MOH AND GRN/Page_KDMC - CMS/input_txtbatchno'

2018-05-09 15:43:57 - [TEST_STEP][PASSED] - Statement - case 5:: Text '5.0' is set on object 'Object Repository/MOH AND GRN/Page_KDMC - CMS/input_txtdeal'

2018-05-09 15:43:57 - [TEST_STEP][PASSED] - Statement - return (java.lang.Math.floor((java.lang.Math.random() * ((max - min) + 1))) + min): Text '5.0' is set on object 'Object Repository/MOH AND GRN/Page_KDMC - CMS/input_txtdeal'

2018-05-09 15:43:57 - [MESSAGE][PASSED] - Text '5.0' is set on object 'Object Repository/MOH AND GRN/Page_KDMC - CMS/input_txtdeal'

2018-05-09 15:43:57 - [TEST_STEP][PASSED] - setText: Finding Test Object with id 'Object Repository/MOH AND GRN/Page_KDMC - CMS/input_txtbatchno'

2018-05-09 15:43:57 - [TEST_STEP][PASSED] - Statement - switch (id): Finding Test Object with id 'Object Repository/MOH AND GRN/Page_KDMC - CMS/input_txtmrp'

2018-05-09 15:43:57 - [TEST_STEP][PASSED] - Statement - case 1:: Text 'BA25.0' is set on object 'Object Repository/MOH AND GRN/Page_KDMC - CMS/input_txtbatchno'

2018-05-09 15:43:57 - [TEST_STEP][PASSED] - Statement - return (java.lang.Math.floor((java.lang.Math.random() * ((max - min) + 1))) + min): Text 'BA25.0' is set on object 'Object Repository/MOH AND GRN/Page_KDMC - CMS/input_txtbatchno'

2018-05-09 15:43:58 - [MESSAGE][PASSED] - Text 'BA25.0' is set on object 'Object Repository/MOH AND GRN/Page_KDMC - CMS/input_txtbatchno'

2018-05-09 15:43:58 - [TEST_STEP][PASSED] - rightClick: Object: 'Object Repository/GRN/Page_KDMC - CMS/input_txtexpdate' is right clicked on

2018-05-09 15:43:58 - [MESSAGE][PASSED] - Object: 'Object Repository/GRN/Page_KDMC - CMS/input_txtexpdate' is right clicked on

2018-05-09 15:43:58 - [TEST_STEP][PASSED] - selectOptionByIndex: All options with index in [1] are selected on object 'Object Repository/GRN/Page_KDMC - CMS/select_20182019202020212022202'

2018-05-09 15:43:58 - [MESSAGE][PASSED] - All options with index in [1] are selected on object 'Object Repository/GRN/Page_KDMC - CMS/select_20182019202020212022202'

2018-05-09 15:43:58 - [TEST_STEP][PASSED] - selectOptionByIndex: All options with index in [1] are selected on object 'Object Repository/GRN/Page_KDMC - CMS/select_JanFebMarAprMayJunJulAu'

2018-05-09 15:43:58 - [MESSAGE][PASSED] - All options with index in [1] are selected on object 'Object Repository/GRN/Page_KDMC - CMS/select_JanFebMarAprMayJunJulAu'

2018-05-09 15:43:58 - [TEST_STEP][PASSED] - click: Object: 'Object Repository/MOH AND GRN/Page_KDMC - CMS/a_12' is clicked on

2018-05-09 15:43:58 - [MESSAGE][PASSED] - Object: 'Object Repository/MOH AND GRN/Page_KDMC - CMS/a_12' is clicked on

2018-05-09 15:43:58 - [TEST_STEP][PASSED] - click: Object: 'Object Repository/MOH AND GRN/Page_KDMC - CMS/input_btnadd' is clicked on

2018-05-09 15:43:58 - [MESSAGE][PASSED] - Object: 'Object Repository/MOH AND GRN/Page_KDMC - CMS/input_btnadd' is clicked on

2018-05-09 15:43:58 - [TEST_STEP][PASSED] - Statement - If (s == 10): null

2018-05-09 15:43:58 - [TEST_STEP][PASSED] - Statement - Else: null

2018-05-09 15:43:58 - [TEST_STEP][PASSED] - Statement - (s++): null

2018-05-09 15:43:58 - [TEST_STEP][PASSED] - delay: Delayed 1 second(s)

2018-05-09 15:43:59 - [MESSAGE][PASSED] - Delayed 1 second(s)

2018-05-09 15:43:59 - [TEST_STEP][PASSED] - selectOptionByIndex: All options with index in [62] are selected on object 'Object Repository/MOH AND GRN/Page_KDMC - CMS/select_--Select--Amikacin -500'

2018-05-09 15:44:00 - [MESSAGE][PASSED] - All options with index in [62] are selected on object 'Object Repository/MOH AND GRN/Page_KDMC - CMS/select_--Select--Amikacin -500'

2018-05-09 15:44:00 - [TEST_STEP][PASSED] - setText: Text '5000' is set on object 'Object Repository/MOH AND GRN/Page_KDMC - CMS/input_txtqty'

2018-05-09 15:44:00 - [MESSAGE][PASSED] - Text '5000' is set on object 'Object Repository/MOH AND GRN/Page_KDMC - CMS/input_txtqty'

2018-05-09 15:44:00 - [TEST_STEP][PASSED] - selectOptionByIndex: All options with index in [1] are selected on object 'Object Repository/MOH AND GRN/Page_KDMC - CMS/select_--Select--No Tax0'

2018-05-09 15:44:00 - [MESSAGE][PASSED] - All options with index in [1] are selected on object 'Object Repository/MOH AND GRN/Page_KDMC - CMS/select_--Select--No Tax0'

2018-05-09 15:44:00 - [TEST_STEP][PASSED] - setText: Finding Test Object with id 'Object Repository/MOH AND GRN/Page_KDMC - CMS/input_txtmrp'

2018-05-09 15:44:00 - [TEST_STEP][PASSED] - Statement - switch (id): Finding Test Object with id 'Object Repository/MOH AND GRN/Page_KDMC - CMS/input_txtdeal'

2018-05-09 15:44:00 - [TEST_STEP][PASSED] - Statement - case 4:: Text '43.0' is set on object 'Object Repository/MOH AND GRN/Page_KDMC - CMS/input_txtmrp'

2018-05-09 15:44:00 - [TEST_STEP][PASSED] - Statement - return (java.lang.Math.floor((java.lang.Math.random() * ((max - min) + 1))) + min): Text '43.0' is set on object 'Object Repository/MOH AND GRN/Page_KDMC - CMS/input_txtmrp'

2018-05-09 15:44:00 - [MESSAGE][PASSED] - Text '43.0' is set on object 'Object Repository/MOH AND GRN/Page_KDMC - CMS/input_txtmrp'

2018-05-09 15:44:00 - [TEST_STEP][PASSED] - setText: Finding Test Object with id 'Object Repository/MOH AND GRN/Page_KDMC - CMS/input_txtdeal'

2018-05-09 15:44:00 - [TEST_STEP][PASSED] - Statement - switch (id): Finding Test Object with id 'Object Repository/MOH AND GRN/Page_KDMC - CMS/input_txtbatchno'

2018-05-09 15:44:00 - [TEST_STEP][PASSED] - Statement - case 5:: Text '1.0' is set on object 'Object Repository/MOH AND GRN/Page_KDMC - CMS/input_txtdeal'

2018-05-09 15:44:00 - [TEST_STEP][PASSED] - Statement - return (java.lang.Math.floor((java.lang.Math.random() * ((max - min) + 1))) + min): Text '1.0' is set on object 'Object Repository/MOH AND GRN/Page_KDMC - CMS/input_txtdeal'

2018-05-09 15:44:00 - [MESSAGE][PASSED] - Text '1.0' is set on object 'Object Repository/MOH AND GRN/Page_KDMC - CMS/input_txtdeal'

2018-05-09 15:44:00 - [TEST_STEP][PASSED] - setText: Finding Test Object with id 'Object Repository/MOH AND GRN/Page_KDMC - CMS/input_txtbatchno'

2018-05-09 15:44:00 - [TEST_STEP][PASSED] - Statement - switch (id): Finding Test Object with id 'Object Repository/MOH AND GRN/Page_KDMC - CMS/input_txtmrp'

2018-05-09 15:44:00 - [TEST_STEP][PASSED] - Statement - case 1:: Text 'BA549.0' is set on object 'Object Repository/MOH AND GRN/Page_KDMC - CMS/input_txtbatchno'

2018-05-09 15:44:00 - [TEST_STEP][PASSED] - Statement - return (java.lang.Math.floor((java.lang.Math.random() * ((max - min) + 1))) + min): Text 'BA549.0' is set on object 'Object Repository/MOH AND GRN/Page_KDMC - CMS/input_txtbatchno'

2018-05-09 15:44:00 - [MESSAGE][PASSED] - Text 'BA549.0' is set on object 'Object Repository/MOH AND GRN/Page_KDMC - CMS/input_txtbatchno'

2018-05-09 15:44:00 - [TEST_STEP][PASSED] - rightClick: Object: 'Object Repository/GRN/Page_KDMC - CMS/input_txtexpdate' is right clicked on

2018-05-09 15:44:00 - [MESSAGE][PASSED] - Object: 'Object Repository/GRN/Page_KDMC - CMS/input_txtexpdate' is right clicked on

2018-05-09 15:44:00 - [TEST_STEP][PASSED] - selectOptionByIndex: All options with index in [2] are selected on object 'Object Repository/GRN/Page_KDMC - CMS/select_20182019202020212022202'

2018-05-09 15:44:01 - [MESSAGE][PASSED] - All options with index in [2] are selected on object 'Object Repository/GRN/Page_KDMC - CMS/select_20182019202020212022202'

2018-05-09 15:44:01 - [TEST_STEP][PASSED] - selectOptionByIndex: All options with index in [2] are selected on object 'Object Repository/GRN/Page_KDMC - CMS/select_JanFebMarAprMayJunJulAu'

2018-05-09 15:44:01 - [MESSAGE][PASSED] - All options with index in [2] are selected on object 'Object Repository/GRN/Page_KDMC - CMS/select_JanFebMarAprMayJunJulAu'

2018-05-09 15:44:01 - [TEST_STEP][PASSED] - click: Object: 'Object Repository/MOH AND GRN/Page_KDMC - CMS/a_12' is clicked on

2018-05-09 15:44:01 - [MESSAGE][PASSED] - Object: 'Object Repository/MOH AND GRN/Page_KDMC - CMS/a_12' is clicked on

2018-05-09 15:44:01 - [TEST_STEP][PASSED] - click: Object: 'Object Repository/MOH AND GRN/Page_KDMC - CMS/input_btnadd' is clicked on

2018-05-09 15:44:01 - [MESSAGE][PASSED] - Object: 'Object Repository/MOH AND GRN/Page_KDMC - CMS/input_btnadd' is clicked on

2018-05-09 15:44:01 - [TEST_STEP][PASSED] - Statement - If (s == 10): null

2018-05-09 15:44:01 - [TEST_STEP][PASSED] - Statement - Else: null

2018-05-09 15:44:01 - [TEST_STEP][PASSED] - Statement - (s++): null

2018-05-09 15:44:01 - [TEST_STEP][PASSED] - delay: Delayed 1 second(s)

2018-05-09 15:44:02 - [MESSAGE][PASSED] - Delayed 1 second(s)

2018-05-09 15:44:02 - [TEST_STEP][PASSED] - selectOptionByIndex: All options with index in [63] are selected on object 'Object Repository/MOH AND GRN/Page_KDMC - CMS/select_--Select--Amikacin -500'

2018-05-09 15:44:03 - [MESSAGE][PASSED] - All options with index in [63] are selected on object 'Object Repository/MOH AND GRN/Page_KDMC - CMS/select_--Select--Amikacin -500'

2018-05-09 15:44:03 - [TEST_STEP][PASSED] - setText: Text '5000' is set on object 'Object Repository/MOH AND GRN/Page_KDMC - CMS/input_txtqty'

2018-05-09 15:44:03 - [MESSAGE][PASSED] - Text '5000' is set on object 'Object Repository/MOH AND GRN/Page_KDMC - CMS/input_txtqty'

2018-05-09 15:44:03 - [TEST_STEP][PASSED] - selectOptionByIndex: All options with index in [1] are selected on object 'Object Repository/MOH AND GRN/Page_KDMC - CMS/select_--Select--No Tax0'

2018-05-09 15:44:03 - [MESSAGE][PASSED] - All options with index in [1] are selected on object 'Object Repository/MOH AND GRN/Page_KDMC - CMS/select_--Select--No Tax0'

2018-05-09 15:44:03 - [TEST_STEP][PASSED] - setText: Finding Test Object with id 'Object Repository/MOH AND GRN/Page_KDMC - CMS/input_txtmrp'

2018-05-09 15:44:03 - [TEST_STEP][PASSED] - Statement - switch (id): Finding Test Object with id 'Object Repository/MOH AND GRN/Page_KDMC - CMS/input_txtdeal'

2018-05-09 15:44:03 - [TEST_STEP][PASSED] - Statement - case 4:: Text '39.0' is set on object 'Object Repository/MOH AND GRN/Page_KDMC - CMS/input_txtmrp'

2018-05-09 15:44:03 - [TEST_STEP][PASSED] - Statement - return (java.lang.Math.floor((java.lang.Math.random() * ((max - min) + 1))) + min): Text '39.0' is set on object 'Object Repository/MOH AND GRN/Page_KDMC - CMS/input_txtmrp'

2018-05-09 15:44:03 - [MESSAGE][PASSED] - Text '39.0' is set on object 'Object Repository/MOH AND GRN/Page_KDMC - CMS/input_txtmrp'

2018-05-09 15:44:03 - [TEST_STEP][PASSED] - setText: Finding Test Object with id 'Object Repository/MOH AND GRN/Page_KDMC - CMS/input_txtdeal'

2018-05-09 15:44:03 - [TEST_STEP][PASSED] - Statement - switch (id): Finding Test Object with id 'Object Repository/MOH AND GRN/Page_KDMC - CMS/input_txtbatchno'

2018-05-09 15:44:03 - [TEST_STEP][PASSED] - Statement - case 5:: Text '5.0' is set on object 'Object Repository/MOH AND GRN/Page_KDMC - CMS/input_txtdeal'

2018-05-09 15:44:03 - [TEST_STEP][PASSED] - Statement - return (java.lang.Math.floor((java.lang.Math.random() * ((max - min) + 1))) + min): Text '5.0' is set on object 'Object Repository/MOH AND GRN/Page_KDMC - CMS/input_txtdeal'

2018-05-09 15:44:03 - [MESSAGE][PASSED] - Text '5.0' is set on object 'Object Repository/MOH AND GRN/Page_KDMC - CMS/input_txtdeal'

2018-05-09 15:44:03 - [TEST_STEP][PASSED] - setText: Finding Test Object with id 'Object Repository/MOH AND GRN/Page_KDMC - CMS/input_txtbatchno'

2018-05-09 15:44:03 - [TEST_STEP][PASSED] - Statement - switch (id): Delayed 1 second(s)

2018-05-09 15:44:03 - [TEST_STEP][PASSED] - Statement - case 1:: Text 'BA147.0' is set on object 'Object Repository/MOH AND GRN/Page_KDMC - CMS/input_txtbatchno'

2018-05-09 15:44:03 - [TEST_STEP][PASSED] - Statement - return (java.lang.Math.floor((java.lang.Math.random() * ((max - min) + 1))) + min): Text 'BA147.0' is set on object 'Object Repository/MOH AND GRN/Page_KDMC - CMS/input_txtbatchno'

2018-05-09 15:44:03 - [MESSAGE][PASSED] - Text 'BA147.0' is set on object 'Object Repository/MOH AND GRN/Page_KDMC - CMS/input_txtbatchno'

2018-05-09 15:44:03 - [TEST_STEP][PASSED] - rightClick: Object: 'Object Repository/GRN/Page_KDMC - CMS/input_txtexpdate' is right clicked on

2018-05-09 15:44:03 - [MESSAGE][PASSED] - Object: 'Object Repository/GRN/Page_KDMC - CMS/input_txtexpdate' is right clicked on

2018-05-09 15:44:03 - [TEST_STEP][PASSED] - selectOptionByIndex: All options with index in [3] are selected on object 'Object Repository/GRN/Page_KDMC - CMS/select_20182019202020212022202'

2018-05-09 15:44:03 - [MESSAGE][PASSED] - All options with index in [3] are selected on object 'Object Repository/GRN/Page_KDMC - CMS/select_20182019202020212022202'

2018-05-09 15:44:03 - [TEST_STEP][PASSED] - selectOptionByIndex: All options with index in [3] are selected on object 'Object Repository/GRN/Page_KDMC - CMS/select_JanFebMarAprMayJunJulAu'

2018-05-09 15:44:04 - [MESSAGE][PASSED] - All options with index in [3] are selected on object 'Object Repository/GRN/Page_KDMC - CMS/select_JanFebMarAprMayJunJulAu'

2018-05-09 15:44:04 - [TEST_STEP][PASSED] - click: Object: 'Object Repository/MOH AND GRN/Page_KDMC - CMS/a_12' is clicked on

2018-05-09 15:44:04 - [MESSAGE][PASSED] - Object: 'Object Repository/MOH AND GRN/Page_KDMC - CMS/a_12' is clicked on

2018-05-09 15:44:04 - [TEST_STEP][PASSED] - click: Object: 'Object Repository/MOH AND GRN/Page_KDMC - CMS/input_btnadd' is clicked on

2018-05-09 15:44:04 - [MESSAGE][PASSED] - Object: 'Object Repository/MOH AND GRN/Page_KDMC - CMS/input_btnadd' is clicked on

2018-05-09 15:44:04 - [TEST_STEP][PASSED] - Statement - If (s == 10): null

2018-05-09 15:44:04 - [TEST_STEP][PASSED] - Statement - Else: null

2018-05-09 15:44:04 - [TEST_STEP][PASSED] - Statement - (s++): null

2018-05-09 15:44:04 - [TEST_STEP][PASSED] - delay: Delayed 1 second(s)

2018-05-09 15:44:05 - [MESSAGE][PASSED] - Delayed 1 second(s)

2018-05-09 15:44:05 - [TEST_STEP][PASSED] - scrollToElement: Scroll to object 'Object Repository/MOH AND GRN/Page_KDMC - CMS/input_btnSubmit' successfully

2018-05-09 15:44:05 - [MESSAGE][PASSED] - Scroll to object 'Object Repository/MOH AND GRN/Page_KDMC - CMS/input_btnSubmit' successfully

2018-05-09 15:44:05 - [TEST_STEP][PASSED] - click: Object: 'Object Repository/MOH AND GRN/Page_KDMC - CMS/input_btnSubmit' is clicked on

2018-05-09 15:44:05 - [MESSAGE][PASSED] - Object: 'Object Repository/MOH AND GRN/Page_KDMC - CMS/input_btnSubmit' is clicked on

2018-05-09 15:44:05 - [TEST_STEP][PASSED] - delay: Delayed 3 second(s)

2018-05-09 15:44:08 - [MESSAGE][PASSED] - Delayed 3 second(s)

2018-05-09 15:44:08 - [TEST_STEP][FAILED] - click: Unable to click on object 'Object Repository/MOH AND GRN/Page_KDMC - CMS/button_OK' (Root cause: com.kms.katalon.core.webui.exception.WebElementNotFoundException: Web element with id: 'Object Repository/MOH AND GRN/Page_KDMC - CMS/button_OK' located by 'By.xpath: /html[1]/body[@class="skin-blue  pace-done modal-open"]/div[@class="bootbox modal fade bootbox-alert in"]/div[@class="modal-dialog"]/div[@class="modal-content"]/div[@class="modal-footer"]/button[@class="btn btn-primary"][count(. | //button[@type = 'button' and (text() = 'OK' or . = 'OK')]) = count(//button[@type = 'button' and (text() = 'OK' or . = 'OK')])]' not found)

2018-05-09 15:44:40 - [MESSAGE][FAILED] - Unable to click on object 'Object Repository/MOH AND GRN/Page_KDMC - CMS/button_OK' (Root cause: com.kms.katalon.core.webui.exception.WebElementNotFoundException: Web element with id: 'Object Repository/MOH AND GRN/Page_KDMC - CMS/button_OK' located by 'By.xpath: /html[1]/body[@class="skin-blue  pace-done modal-open"]/div[@class="bootbox modal fade bootbox-alert in"]/div[@class="modal-dialog"]/div[@class="modal-content"]/div[@class="modal-footer"]/button[@class="btn btn-primary"][count(. | //button[@type = 'button' and (text() = 'OK' or . = 'OK')]) = count(//button[@type = 'button' and (text() = 'OK' or . = 'OK')])]' not found)
[[ATTACHMENT|C:\\Users\\Quality Analyst\\Katalon Studio\\ds\\Reports\\MOH REQUEST AND GRN\\20180509_153848\\1525860879580.png]]]]></system-out>
         <system-err><![CDATA[2018-05-09 15:38:54 - [TEST_CASE][FAILED] - Test Cases/MOH REQUEST AND GRN/Moh Request GRN Schedule 1: Test Cases/MOH REQUEST AND GRN/Moh Request GRN Schedule 1 FAILED because (of) Unable to click on object 'Object Repository/MOH AND GRN/Page_KDMC - CMS/button_OK' (Root cause: com.kms.katalon.core.webui.exception.WebElementNotFoundException: Web element with id: 'Object Repository/MOH AND GRN/Page_KDMC - CMS/button_OK' located by 'By.xpath: /html[1]/body[@class="skin-blue  pace-done modal-open"]/div[@class="bootbox modal fade bootbox-alert in"]/div[@class="modal-dialog"]/div[@class="modal-content"]/div[@class="modal-footer"]/button[@class="btn btn-primary"][count(. | //button[@type = 'button' and (text() = 'OK' or . = 'OK')]) = count(//button[@type = 'button' and (text() = 'OK' or . = 'OK')])]' not found)]]></system-err>
      </testcase>
      <testcase name="Test Cases/MOH REQUEST AND GRN/Moh Request GRN  Schedule 2" classname="Test Cases/MOH REQUEST AND GRN/Moh Request GRN  Schedule 2" status="ERROR">
         <error type="ERROR" message="Test Cases/MOH REQUEST AND GRN/Moh Request GRN  Schedule 2 FAILED because (of) java.lang.ArrayIndexOutOfBoundsException: 2"/>
         <system-out><![CDATA[2018-05-09 15:44:40 - [TEST_CASE][ERROR] - Test Cases/MOH REQUEST AND GRN/Moh Request GRN  Schedule 2: Test Cases/MOH REQUEST AND GRN/Moh Request GRN  Schedule 2 FAILED because (of) java.lang.ArrayIndexOutOfBoundsException: 2

2018-05-09 15:44:40 - [TEST_STEP][PASSED] - openBrowser: Browser is opened with url: ''

2018-05-09 15:44:40 - [MESSAGE][WARNING] - A browser is already opened. Closing browser and opening a new one

2018-05-09 15:44:43 - [MESSAGE][PASSED] - Browser is opened with url: ''

2018-05-09 15:44:43 - [TEST_STEP][PASSED] - navigateToUrl: Navigate to 'http://192.168.137.1/multihospital_new/' successfully

2018-05-09 15:44:50 - [MESSAGE][PASSED] - Navigate to 'http://192.168.137.1/multihospital_new/' successfully

2018-05-09 15:44:50 - [TEST_STEP][PASSED] - maximizeWindow: Current window maximized

2018-05-09 15:44:51 - [MESSAGE][PASSED] - Current window maximized

2018-05-09 15:44:51 - [TEST_STEP][PASSED] - click: Object: 'Object Repository/MOH AND GRN/Page_KDMC/a_CMS' is clicked on

2018-05-09 15:44:52 - [MESSAGE][PASSED] - Object: 'Object Repository/MOH AND GRN/Page_KDMC/a_CMS' is clicked on

2018-05-09 15:44:52 - [TEST_STEP][PASSED] - setText: Text 'bala' is set on object 'Object Repository/MOH AND GRN/Page_CMS login/input_txtusername'

2018-05-09 15:44:52 - [MESSAGE][PASSED] - Text 'bala' is set on object 'Object Repository/MOH AND GRN/Page_CMS login/input_txtusername'

2018-05-09 15:44:52 - [TEST_STEP][PASSED] - setText: Text '123' is set on object 'Object Repository/MOH AND GRN/Page_CMS login/input_txtpassword'

2018-05-09 15:44:52 - [MESSAGE][PASSED] - Text '123' is set on object 'Object Repository/MOH AND GRN/Page_CMS login/input_txtpassword'

2018-05-09 15:44:52 - [TEST_STEP][PASSED] - delay: Delayed 3 second(s)

2018-05-09 15:44:55 - [MESSAGE][PASSED] - Delayed 3 second(s)

2018-05-09 15:44:55 - [TEST_STEP][PASSED] - click: Object: 'Object Repository/MOH AND GRN/Page_CMS login/button_Sign in' is clicked on

2018-05-09 15:45:01 - [MESSAGE][PASSED] - Object: 'Object Repository/MOH AND GRN/Page_CMS login/button_Sign in' is clicked on

2018-05-09 15:45:01 - [TEST_STEP][PASSED] - click: Object: 'Object Repository/MOH AND GRN/Page_KDMC - CMS/a_Request to MOH' is clicked on

2018-05-09 15:45:06 - [MESSAGE][PASSED] - Object: 'Object Repository/MOH AND GRN/Page_KDMC - CMS/a_Request to MOH' is clicked on

2018-05-09 15:45:06 - [TEST_STEP][PASSED] - selectOptionByIndex: All options with index in [2] are selected on object 'Object Repository/MOH AND GRN/Page_KDMC - CMS/select_--Select--'

2018-05-09 15:45:06 - [MESSAGE][PASSED] - All options with index in [2] are selected on object 'Object Repository/MOH AND GRN/Page_KDMC - CMS/select_--Select--'

2018-05-09 15:45:06 - [TEST_STEP][PASSED] - selectOptionByIndex: All options with index in [2] are selected on object 'Object Repository/MOH AND GRN/Page_KDMC - CMS/select_--Select--Schedule 1Inj'

2018-05-09 15:45:06 - [MESSAGE][PASSED] - All options with index in [2] are selected on object 'Object Repository/MOH AND GRN/Page_KDMC - CMS/select_--Select--Schedule 1Inj'

2018-05-09 15:45:06 - [TEST_STEP][PASSED] - Statement - selectedoptions = com.kms.katalon.core.webui.keyword.WebUiBuiltInKeywords.getNumberOfTotalOption(com.kms.katalon.core.testobject.ObjectRepository.findTestObject(MOH AND GRN/Page_KDMC - CMS/select_--Select--Adernaline 0.)): 73 options of object 'Object Repository/MOH AND GRN/Page_KDMC - CMS/select_--Select--Adernaline 0.' counted

2018-05-09 15:45:06 - [MESSAGE][PASSED] - 73 options of object 'Object Repository/MOH AND GRN/Page_KDMC - CMS/select_--Select--Adernaline 0.' counted

2018-05-09 15:45:06 - [TEST_STEP][PASSED] - Statement - For ([j = 1, j <= selectedoptions - 1, (j++)]): Object: 'Object Repository/MOH AND GRN/Page_KDMC - CMS/button_Add' is clicked on

2018-05-09 15:45:06 - [TEST_STEP][PASSED] - selectOptionByIndex: All options with index in [2] are selected on object 'Object Repository/MOH AND GRN/Page_KDMC - CMS/select_--Select--Schedule 1Inj'

2018-05-09 15:45:06 - [MESSAGE][PASSED] - All options with index in [2] are selected on object 'Object Repository/MOH AND GRN/Page_KDMC - CMS/select_--Select--Schedule 1Inj'

2018-05-09 15:45:06 - [TEST_STEP][PASSED] - selectOptionByIndex: All options with index in [1] are selected on object 'Object Repository/MOH AND GRN/Page_KDMC - CMS/select_--Select--Adernaline 0.'

2018-05-09 15:45:06 - [MESSAGE][PASSED] - All options with index in [1] are selected on object 'Object Repository/MOH AND GRN/Page_KDMC - CMS/select_--Select--Adernaline 0.'

2018-05-09 15:45:06 - [TEST_STEP][PASSED] - setText: Text '5000' is set on object 'Object Repository/MOH AND GRN/Page_KDMC - CMS/input_txttreat'

2018-05-09 15:45:06 - [MESSAGE][PASSED] - Text '5000' is set on object 'Object Repository/MOH AND GRN/Page_KDMC - CMS/input_txttreat'

2018-05-09 15:45:06 - [TEST_STEP][PASSED] - click: Object: 'Object Repository/MOH AND GRN/Page_KDMC - CMS/button_Add' is clicked on

2018-05-09 15:45:07 - [MESSAGE][PASSED] - Object: 'Object Repository/MOH AND GRN/Page_KDMC - CMS/button_Add' is clicked on

2018-05-09 15:45:07 - [TEST_STEP][PASSED] - selectOptionByIndex: All options with index in [2] are selected on object 'Object Repository/MOH AND GRN/Page_KDMC - CMS/select_--Select--Schedule 1Inj'

2018-05-09 15:45:07 - [MESSAGE][PASSED] - All options with index in [2] are selected on object 'Object Repository/MOH AND GRN/Page_KDMC - CMS/select_--Select--Schedule 1Inj'

2018-05-09 15:45:07 - [TEST_STEP][PASSED] - selectOptionByIndex: All options with index in [2] are selected on object 'Object Repository/MOH AND GRN/Page_KDMC - CMS/select_--Select--Adernaline 0.'

2018-05-09 15:45:07 - [MESSAGE][PASSED] - All options with index in [2] are selected on object 'Object Repository/MOH AND GRN/Page_KDMC - CMS/select_--Select--Adernaline 0.'

2018-05-09 15:45:07 - [TEST_STEP][PASSED] - setText: Text '5000' is set on object 'Object Repository/MOH AND GRN/Page_KDMC - CMS/input_txttreat'

2018-05-09 15:45:07 - [MESSAGE][PASSED] - Text '5000' is set on object 'Object Repository/MOH AND GRN/Page_KDMC - CMS/input_txttreat'

2018-05-09 15:45:07 - [TEST_STEP][PASSED] - click: Object: 'Object Repository/MOH AND GRN/Page_KDMC - CMS/button_Add' is clicked on

2018-05-09 15:45:07 - [MESSAGE][PASSED] - Object: 'Object Repository/MOH AND GRN/Page_KDMC - CMS/button_Add' is clicked on

2018-05-09 15:45:07 - [TEST_STEP][PASSED] - selectOptionByIndex: All options with index in [2] are selected on object 'Object Repository/MOH AND GRN/Page_KDMC - CMS/select_--Select--Schedule 1Inj'

2018-05-09 15:45:07 - [MESSAGE][PASSED] - All options with index in [2] are selected on object 'Object Repository/MOH AND GRN/Page_KDMC - CMS/select_--Select--Schedule 1Inj'

2018-05-09 15:45:07 - [TEST_STEP][PASSED] - selectOptionByIndex: All options with index in [3] are selected on object 'Object Repository/MOH AND GRN/Page_KDMC - CMS/select_--Select--Adernaline 0.'

2018-05-09 15:45:07 - [MESSAGE][PASSED] - All options with index in [3] are selected on object 'Object Repository/MOH AND GRN/Page_KDMC - CMS/select_--Select--Adernaline 0.'

2018-05-09 15:45:07 - [TEST_STEP][PASSED] - setText: Text '5000' is set on object 'Object Repository/MOH AND GRN/Page_KDMC - CMS/input_txttreat'

2018-05-09 15:45:07 - [MESSAGE][PASSED] - Text '5000' is set on object 'Object Repository/MOH AND GRN/Page_KDMC - CMS/input_txttreat'

2018-05-09 15:45:07 - [TEST_STEP][PASSED] - click: Object: 'Object Repository/MOH AND GRN/Page_KDMC - CMS/button_Add' is clicked on

2018-05-09 15:45:07 - [MESSAGE][PASSED] - Object: 'Object Repository/MOH AND GRN/Page_KDMC - CMS/button_Add' is clicked on

2018-05-09 15:45:07 - [TEST_STEP][PASSED] - selectOptionByIndex: All options with index in [2] are selected on object 'Object Repository/MOH AND GRN/Page_KDMC - CMS/select_--Select--Schedule 1Inj'

2018-05-09 15:45:07 - [MESSAGE][PASSED] - All options with index in [2] are selected on object 'Object Repository/MOH AND GRN/Page_KDMC - CMS/select_--Select--Schedule 1Inj'

2018-05-09 15:45:07 - [TEST_STEP][PASSED] - selectOptionByIndex: All options with index in [4] are selected on object 'Object Repository/MOH AND GRN/Page_KDMC - CMS/select_--Select--Adernaline 0.'

2018-05-09 15:45:08 - [MESSAGE][PASSED] - All options with index in [4] are selected on object 'Object Repository/MOH AND GRN/Page_KDMC - CMS/select_--Select--Adernaline 0.'

2018-05-09 15:45:08 - [TEST_STEP][PASSED] - setText: Text '5000' is set on object 'Object Repository/MOH AND GRN/Page_KDMC - CMS/input_txttreat'

2018-05-09 15:45:08 - [MESSAGE][PASSED] - Text '5000' is set on object 'Object Repository/MOH AND GRN/Page_KDMC - CMS/input_txttreat'

2018-05-09 15:45:08 - [TEST_STEP][PASSED] - click: Object: 'Object Repository/MOH AND GRN/Page_KDMC - CMS/button_Add' is clicked on

2018-05-09 15:45:08 - [MESSAGE][PASSED] - Object: 'Object Repository/MOH AND GRN/Page_KDMC - CMS/button_Add' is clicked on

2018-05-09 15:45:08 - [TEST_STEP][PASSED] - selectOptionByIndex: All options with index in [2] are selected on object 'Object Repository/MOH AND GRN/Page_KDMC - CMS/select_--Select--Schedule 1Inj'

2018-05-09 15:45:08 - [MESSAGE][PASSED] - All options with index in [2] are selected on object 'Object Repository/MOH AND GRN/Page_KDMC - CMS/select_--Select--Schedule 1Inj'

2018-05-09 15:45:08 - [TEST_STEP][PASSED] - selectOptionByIndex: All options with index in [5] are selected on object 'Object Repository/MOH AND GRN/Page_KDMC - CMS/select_--Select--Adernaline 0.'

2018-05-09 15:45:08 - [MESSAGE][PASSED] - All options with index in [5] are selected on object 'Object Repository/MOH AND GRN/Page_KDMC - CMS/select_--Select--Adernaline 0.'

2018-05-09 15:45:08 - [TEST_STEP][PASSED] - setText: Text '5000' is set on object 'Object Repository/MOH AND GRN/Page_KDMC - CMS/input_txttreat'

2018-05-09 15:45:08 - [MESSAGE][PASSED] - Text '5000' is set on object 'Object Repository/MOH AND GRN/Page_KDMC - CMS/input_txttreat'

2018-05-09 15:45:08 - [TEST_STEP][PASSED] - click: Object: 'Object Repository/MOH AND GRN/Page_KDMC - CMS/button_Add' is clicked on

2018-05-09 15:45:13 - [MESSAGE][PASSED] - Object: 'Object Repository/MOH AND GRN/Page_KDMC - CMS/button_Add' is clicked on

2018-05-09 15:45:13 - [TEST_STEP][PASSED] - selectOptionByIndex: All options with index in [2] are selected on object 'Object Repository/MOH AND GRN/Page_KDMC - CMS/select_--Select--Schedule 1Inj'

2018-05-09 15:45:13 - [MESSAGE][PASSED] - All options with index in [2] are selected on object 'Object Repository/MOH AND GRN/Page_KDMC - CMS/select_--Select--Schedule 1Inj'

2018-05-09 15:45:13 - [TEST_STEP][PASSED] - selectOptionByIndex: All options with index in [6] are selected on object 'Object Repository/MOH AND GRN/Page_KDMC - CMS/select_--Select--Adernaline 0.'

2018-05-09 15:45:14 - [MESSAGE][PASSED] - All options with index in [6] are selected on object 'Object Repository/MOH AND GRN/Page_KDMC - CMS/select_--Select--Adernaline 0.'

2018-05-09 15:45:14 - [TEST_STEP][PASSED] - setText: Text '5000' is set on object 'Object Repository/MOH AND GRN/Page_KDMC - CMS/input_txttreat'

2018-05-09 15:45:14 - [MESSAGE][PASSED] - Text '5000' is set on object 'Object Repository/MOH AND GRN/Page_KDMC - CMS/input_txttreat'

2018-05-09 15:45:14 - [TEST_STEP][PASSED] - click: Object: 'Object Repository/MOH AND GRN/Page_KDMC - CMS/button_Add' is clicked on

2018-05-09 15:45:19 - [MESSAGE][PASSED] - Object: 'Object Repository/MOH AND GRN/Page_KDMC - CMS/button_Add' is clicked on

2018-05-09 15:45:19 - [TEST_STEP][PASSED] - selectOptionByIndex: All options with index in [2] are selected on object 'Object Repository/MOH AND GRN/Page_KDMC - CMS/select_--Select--Schedule 1Inj'

2018-05-09 15:45:19 - [MESSAGE][PASSED] - All options with index in [2] are selected on object 'Object Repository/MOH AND GRN/Page_KDMC - CMS/select_--Select--Schedule 1Inj'

2018-05-09 15:45:19 - [TEST_STEP][PASSED] - selectOptionByIndex: All options with index in [7] are selected on object 'Object Repository/MOH AND GRN/Page_KDMC - CMS/select_--Select--Adernaline 0.'

2018-05-09 15:45:19 - [MESSAGE][PASSED] - All options with index in [7] are selected on object 'Object Repository/MOH AND GRN/Page_KDMC - CMS/select_--Select--Adernaline 0.'

2018-05-09 15:45:19 - [TEST_STEP][PASSED] - setText: Text '5000' is set on object 'Object Repository/MOH AND GRN/Page_KDMC - CMS/input_txttreat'

2018-05-09 15:45:19 - [MESSAGE][PASSED] - Text '5000' is set on object 'Object Repository/MOH AND GRN/Page_KDMC - CMS/input_txttreat'

2018-05-09 15:45:19 - [TEST_STEP][PASSED] - click: Object: 'Object Repository/MOH AND GRN/Page_KDMC - CMS/button_Add' is clicked on

2018-05-09 15:45:24 - [MESSAGE][PASSED] - Object: 'Object Repository/MOH AND GRN/Page_KDMC - CMS/button_Add' is clicked on

2018-05-09 15:45:24 - [TEST_STEP][PASSED] - selectOptionByIndex: All options with index in [2] are selected on object 'Object Repository/MOH AND GRN/Page_KDMC - CMS/select_--Select--Schedule 1Inj'

2018-05-09 15:45:24 - [MESSAGE][PASSED] - All options with index in [2] are selected on object 'Object Repository/MOH AND GRN/Page_KDMC - CMS/select_--Select--Schedule 1Inj'

2018-05-09 15:45:24 - [TEST_STEP][PASSED] - selectOptionByIndex: All options with index in [8] are selected on object 'Object Repository/MOH AND GRN/Page_KDMC - CMS/select_--Select--Adernaline 0.'

2018-05-09 15:45:25 - [MESSAGE][PASSED] - All options with index in [8] are selected on object 'Object Repository/MOH AND GRN/Page_KDMC - CMS/select_--Select--Adernaline 0.'

2018-05-09 15:45:25 - [TEST_STEP][PASSED] - setText: Text '5000' is set on object 'Object Repository/MOH AND GRN/Page_KDMC - CMS/input_txttreat'

2018-05-09 15:45:25 - [MESSAGE][PASSED] - Text '5000' is set on object 'Object Repository/MOH AND GRN/Page_KDMC - CMS/input_txttreat'

2018-05-09 15:45:25 - [TEST_STEP][PASSED] - click: Object: 'Object Repository/MOH AND GRN/Page_KDMC - CMS/button_Add' is clicked on

2018-05-09 15:45:30 - [MESSAGE][PASSED] - Object: 'Object Repository/MOH AND GRN/Page_KDMC - CMS/button_Add' is clicked on

2018-05-09 15:45:30 - [TEST_STEP][PASSED] - selectOptionByIndex: All options with index in [2] are selected on object 'Object Repository/MOH AND GRN/Page_KDMC - CMS/select_--Select--Schedule 1Inj'

2018-05-09 15:45:30 - [MESSAGE][PASSED] - All options with index in [2] are selected on object 'Object Repository/MOH AND GRN/Page_KDMC - CMS/select_--Select--Schedule 1Inj'

2018-05-09 15:45:30 - [TEST_STEP][PASSED] - selectOptionByIndex: All options with index in [9] are selected on object 'Object Repository/MOH AND GRN/Page_KDMC - CMS/select_--Select--Adernaline 0.'

2018-05-09 15:45:30 - [MESSAGE][PASSED] - All options with index in [9] are selected on object 'Object Repository/MOH AND GRN/Page_KDMC - CMS/select_--Select--Adernaline 0.'

2018-05-09 15:45:30 - [TEST_STEP][PASSED] - setText: Text '5000' is set on object 'Object Repository/MOH AND GRN/Page_KDMC - CMS/input_txttreat'

2018-05-09 15:45:30 - [MESSAGE][PASSED] - Text '5000' is set on object 'Object Repository/MOH AND GRN/Page_KDMC - CMS/input_txttreat'

2018-05-09 15:45:30 - [TEST_STEP][PASSED] - click: Object: 'Object Repository/MOH AND GRN/Page_KDMC - CMS/button_Add' is clicked on

2018-05-09 15:45:35 - [MESSAGE][PASSED] - Object: 'Object Repository/MOH AND GRN/Page_KDMC - CMS/button_Add' is clicked on

2018-05-09 15:45:35 - [TEST_STEP][PASSED] - selectOptionByIndex: All options with index in [2] are selected on object 'Object Repository/MOH AND GRN/Page_KDMC - CMS/select_--Select--Schedule 1Inj'

2018-05-09 15:45:35 - [MESSAGE][PASSED] - All options with index in [2] are selected on object 'Object Repository/MOH AND GRN/Page_KDMC - CMS/select_--Select--Schedule 1Inj'

2018-05-09 15:45:35 - [TEST_STEP][PASSED] - selectOptionByIndex: All options with index in [10] are selected on object 'Object Repository/MOH AND GRN/Page_KDMC - CMS/select_--Select--Adernaline 0.'

2018-05-09 15:45:35 - [MESSAGE][PASSED] - All options with index in [10] are selected on object 'Object Repository/MOH AND GRN/Page_KDMC - CMS/select_--Select--Adernaline 0.'

2018-05-09 15:45:35 - [TEST_STEP][PASSED] - setText: Text '5000' is set on object 'Object Repository/MOH AND GRN/Page_KDMC - CMS/input_txttreat'

2018-05-09 15:45:36 - [MESSAGE][PASSED] - Text '5000' is set on object 'Object Repository/MOH AND GRN/Page_KDMC - CMS/input_txttreat'

2018-05-09 15:45:36 - [TEST_STEP][PASSED] - click: Object: 'Object Repository/MOH AND GRN/Page_KDMC - CMS/button_Add' is clicked on

2018-05-09 15:45:41 - [MESSAGE][PASSED] - Object: 'Object Repository/MOH AND GRN/Page_KDMC - CMS/button_Add' is clicked on

2018-05-09 15:45:41 - [TEST_STEP][PASSED] - selectOptionByIndex: All options with index in [2] are selected on object 'Object Repository/MOH AND GRN/Page_KDMC - CMS/select_--Select--Schedule 1Inj'

2018-05-09 15:45:41 - [MESSAGE][PASSED] - All options with index in [2] are selected on object 'Object Repository/MOH AND GRN/Page_KDMC - CMS/select_--Select--Schedule 1Inj'

2018-05-09 15:45:41 - [TEST_STEP][PASSED] - selectOptionByIndex: All options with index in [11] are selected on object 'Object Repository/MOH AND GRN/Page_KDMC - CMS/select_--Select--Adernaline 0.'

2018-05-09 15:45:41 - [MESSAGE][PASSED] - All options with index in [11] are selected on object 'Object Repository/MOH AND GRN/Page_KDMC - CMS/select_--Select--Adernaline 0.'

2018-05-09 15:45:41 - [TEST_STEP][PASSED] - setText: Text '5000' is set on object 'Object Repository/MOH AND GRN/Page_KDMC - CMS/input_txttreat'

2018-05-09 15:45:41 - [MESSAGE][PASSED] - Text '5000' is set on object 'Object Repository/MOH AND GRN/Page_KDMC - CMS/input_txttreat'

2018-05-09 15:45:41 - [TEST_STEP][PASSED] - click: Object: 'Object Repository/MOH AND GRN/Page_KDMC - CMS/button_Add' is clicked on

2018-05-09 15:45:46 - [MESSAGE][PASSED] - Object: 'Object Repository/MOH AND GRN/Page_KDMC - CMS/button_Add' is clicked on

2018-05-09 15:45:46 - [TEST_STEP][PASSED] - selectOptionByIndex: All options with index in [2] are selected on object 'Object Repository/MOH AND GRN/Page_KDMC - CMS/select_--Select--Schedule 1Inj'

2018-05-09 15:45:46 - [MESSAGE][PASSED] - All options with index in [2] are selected on object 'Object Repository/MOH AND GRN/Page_KDMC - CMS/select_--Select--Schedule 1Inj'

2018-05-09 15:45:46 - [TEST_STEP][PASSED] - selectOptionByIndex: All options with index in [12] are selected on object 'Object Repository/MOH AND GRN/Page_KDMC - CMS/select_--Select--Adernaline 0.'

2018-05-09 15:45:47 - [MESSAGE][PASSED] - All options with index in [12] are selected on object 'Object Repository/MOH AND GRN/Page_KDMC - CMS/select_--Select--Adernaline 0.'

2018-05-09 15:45:47 - [TEST_STEP][PASSED] - setText: Text '5000' is set on object 'Object Repository/MOH AND GRN/Page_KDMC - CMS/input_txttreat'

2018-05-09 15:45:47 - [MESSAGE][PASSED] - Text '5000' is set on object 'Object Repository/MOH AND GRN/Page_KDMC - CMS/input_txttreat'

2018-05-09 15:45:47 - [TEST_STEP][PASSED] - click: Object: 'Object Repository/MOH AND GRN/Page_KDMC - CMS/button_Add' is clicked on

2018-05-09 15:45:52 - [MESSAGE][PASSED] - Object: 'Object Repository/MOH AND GRN/Page_KDMC - CMS/button_Add' is clicked on

2018-05-09 15:45:52 - [TEST_STEP][PASSED] - selectOptionByIndex: All options with index in [2] are selected on object 'Object Repository/MOH AND GRN/Page_KDMC - CMS/select_--Select--Schedule 1Inj'

2018-05-09 15:45:52 - [MESSAGE][PASSED] - All options with index in [2] are selected on object 'Object Repository/MOH AND GRN/Page_KDMC - CMS/select_--Select--Schedule 1Inj'

2018-05-09 15:45:52 - [TEST_STEP][PASSED] - selectOptionByIndex: All options with index in [13] are selected on object 'Object Repository/MOH AND GRN/Page_KDMC - CMS/select_--Select--Adernaline 0.'

2018-05-09 15:45:52 - [MESSAGE][PASSED] - All options with index in [13] are selected on object 'Object Repository/MOH AND GRN/Page_KDMC - CMS/select_--Select--Adernaline 0.'

2018-05-09 15:45:52 - [TEST_STEP][PASSED] - setText: Text '5000' is set on object 'Object Repository/MOH AND GRN/Page_KDMC - CMS/input_txttreat'

2018-05-09 15:45:52 - [MESSAGE][PASSED] - Text '5000' is set on object 'Object Repository/MOH AND GRN/Page_KDMC - CMS/input_txttreat'

2018-05-09 15:45:52 - [TEST_STEP][PASSED] - click: Object: 'Object Repository/MOH AND GRN/Page_KDMC - CMS/button_Add' is clicked on

2018-05-09 15:45:57 - [MESSAGE][PASSED] - Object: 'Object Repository/MOH AND GRN/Page_KDMC - CMS/button_Add' is clicked on

2018-05-09 15:45:57 - [TEST_STEP][PASSED] - selectOptionByIndex: All options with index in [2] are selected on object 'Object Repository/MOH AND GRN/Page_KDMC - CMS/select_--Select--Schedule 1Inj'

2018-05-09 15:45:57 - [MESSAGE][PASSED] - All options with index in [2] are selected on object 'Object Repository/MOH AND GRN/Page_KDMC - CMS/select_--Select--Schedule 1Inj'

2018-05-09 15:45:57 - [TEST_STEP][PASSED] - selectOptionByIndex: All options with index in [14] are selected on object 'Object Repository/MOH AND GRN/Page_KDMC - CMS/select_--Select--Adernaline 0.'

2018-05-09 15:45:58 - [MESSAGE][PASSED] - All options with index in [14] are selected on object 'Object Repository/MOH AND GRN/Page_KDMC - CMS/select_--Select--Adernaline 0.'

2018-05-09 15:45:58 - [TEST_STEP][PASSED] - setText: Text '5000' is set on object 'Object Repository/MOH AND GRN/Page_KDMC - CMS/input_txttreat'

2018-05-09 15:45:58 - [MESSAGE][PASSED] - Text '5000' is set on object 'Object Repository/MOH AND GRN/Page_KDMC - CMS/input_txttreat'

2018-05-09 15:45:58 - [TEST_STEP][PASSED] - click: Object: 'Object Repository/MOH AND GRN/Page_KDMC - CMS/button_Add' is clicked on

2018-05-09 15:46:03 - [MESSAGE][PASSED] - Object: 'Object Repository/MOH AND GRN/Page_KDMC - CMS/button_Add' is clicked on

2018-05-09 15:46:03 - [TEST_STEP][PASSED] - selectOptionByIndex: All options with index in [2] are selected on object 'Object Repository/MOH AND GRN/Page_KDMC - CMS/select_--Select--Schedule 1Inj'

2018-05-09 15:46:03 - [MESSAGE][PASSED] - All options with index in [2] are selected on object 'Object Repository/MOH AND GRN/Page_KDMC - CMS/select_--Select--Schedule 1Inj'

2018-05-09 15:46:03 - [TEST_STEP][PASSED] - selectOptionByIndex: All options with index in [15] are selected on object 'Object Repository/MOH AND GRN/Page_KDMC - CMS/select_--Select--Adernaline 0.'

2018-05-09 15:46:03 - [MESSAGE][PASSED] - All options with index in [15] are selected on object 'Object Repository/MOH AND GRN/Page_KDMC - CMS/select_--Select--Adernaline 0.'

2018-05-09 15:46:03 - [TEST_STEP][PASSED] - setText: Text '5000' is set on object 'Object Repository/MOH AND GRN/Page_KDMC - CMS/input_txttreat'

2018-05-09 15:46:03 - [MESSAGE][PASSED] - Text '5000' is set on object 'Object Repository/MOH AND GRN/Page_KDMC - CMS/input_txttreat'

2018-05-09 15:46:03 - [TEST_STEP][PASSED] - click: Object: 'Object Repository/MOH AND GRN/Page_KDMC - CMS/button_Add' is clicked on

2018-05-09 15:46:08 - [MESSAGE][PASSED] - Object: 'Object Repository/MOH AND GRN/Page_KDMC - CMS/button_Add' is clicked on

2018-05-09 15:46:08 - [TEST_STEP][PASSED] - selectOptionByIndex: All options with index in [2] are selected on object 'Object Repository/MOH AND GRN/Page_KDMC - CMS/select_--Select--Schedule 1Inj'

2018-05-09 15:46:08 - [MESSAGE][PASSED] - All options with index in [2] are selected on object 'Object Repository/MOH AND GRN/Page_KDMC - CMS/select_--Select--Schedule 1Inj'

2018-05-09 15:46:08 - [TEST_STEP][PASSED] - selectOptionByIndex: All options with index in [16] are selected on object 'Object Repository/MOH AND GRN/Page_KDMC - CMS/select_--Select--Adernaline 0.'

2018-05-09 15:46:09 - [MESSAGE][PASSED] - All options with index in [16] are selected on object 'Object Repository/MOH AND GRN/Page_KDMC - CMS/select_--Select--Adernaline 0.'

2018-05-09 15:46:09 - [TEST_STEP][PASSED] - setText: Text '5000' is set on object 'Object Repository/MOH AND GRN/Page_KDMC - CMS/input_txttreat'

2018-05-09 15:46:09 - [MESSAGE][PASSED] - Text '5000' is set on object 'Object Repository/MOH AND GRN/Page_KDMC - CMS/input_txttreat'

2018-05-09 15:46:09 - [TEST_STEP][PASSED] - click: Object: 'Object Repository/MOH AND GRN/Page_KDMC - CMS/button_Add' is clicked on

2018-05-09 15:46:14 - [MESSAGE][PASSED] - Object: 'Object Repository/MOH AND GRN/Page_KDMC - CMS/button_Add' is clicked on

2018-05-09 15:46:14 - [TEST_STEP][PASSED] - selectOptionByIndex: All options with index in [2] are selected on object 'Object Repository/MOH AND GRN/Page_KDMC - CMS/select_--Select--Schedule 1Inj'

2018-05-09 15:46:14 - [MESSAGE][PASSED] - All options with index in [2] are selected on object 'Object Repository/MOH AND GRN/Page_KDMC - CMS/select_--Select--Schedule 1Inj'

2018-05-09 15:46:14 - [TEST_STEP][PASSED] - selectOptionByIndex: All options with index in [17] are selected on object 'Object Repository/MOH AND GRN/Page_KDMC - CMS/select_--Select--Adernaline 0.'

2018-05-09 15:46:14 - [MESSAGE][PASSED] - All options with index in [17] are selected on object 'Object Repository/MOH AND GRN/Page_KDMC - CMS/select_--Select--Adernaline 0.'

2018-05-09 15:46:14 - [TEST_STEP][PASSED] - setText: Text '5000' is set on object 'Object Repository/MOH AND GRN/Page_KDMC - CMS/input_txttreat'

2018-05-09 15:46:14 - [MESSAGE][PASSED] - Text '5000' is set on object 'Object Repository/MOH AND GRN/Page_KDMC - CMS/input_txttreat'

2018-05-09 15:46:14 - [TEST_STEP][PASSED] - click: Object: 'Object Repository/MOH AND GRN/Page_KDMC - CMS/button_Add' is clicked on

2018-05-09 15:46:19 - [MESSAGE][PASSED] - Object: 'Object Repository/MOH AND GRN/Page_KDMC - CMS/button_Add' is clicked on

2018-05-09 15:46:19 - [TEST_STEP][PASSED] - selectOptionByIndex: All options with index in [2] are selected on object 'Object Repository/MOH AND GRN/Page_KDMC - CMS/select_--Select--Schedule 1Inj'

2018-05-09 15:46:19 - [MESSAGE][PASSED] - All options with index in [2] are selected on object 'Object Repository/MOH AND GRN/Page_KDMC - CMS/select_--Select--Schedule 1Inj'

2018-05-09 15:46:19 - [TEST_STEP][PASSED] - selectOptionByIndex: All options with index in [18] are selected on object 'Object Repository/MOH AND GRN/Page_KDMC - CMS/select_--Select--Adernaline 0.'

2018-05-09 15:46:20 - [MESSAGE][PASSED] - All options with index in [18] are selected on object 'Object Repository/MOH AND GRN/Page_KDMC - CMS/select_--Select--Adernaline 0.'

2018-05-09 15:46:20 - [TEST_STEP][PASSED] - setText: Text '5000' is set on object 'Object Repository/MOH AND GRN/Page_KDMC - CMS/input_txttreat'

2018-05-09 15:46:20 - [MESSAGE][PASSED] - Text '5000' is set on object 'Object Repository/MOH AND GRN/Page_KDMC - CMS/input_txttreat'

2018-05-09 15:46:20 - [TEST_STEP][PASSED] - click: Object: 'Object Repository/MOH AND GRN/Page_KDMC - CMS/button_Add' is clicked on

2018-05-09 15:46:25 - [MESSAGE][PASSED] - Object: 'Object Repository/MOH AND GRN/Page_KDMC - CMS/button_Add' is clicked on

2018-05-09 15:46:25 - [TEST_STEP][PASSED] - selectOptionByIndex: All options with index in [2] are selected on object 'Object Repository/MOH AND GRN/Page_KDMC - CMS/select_--Select--Schedule 1Inj'

2018-05-09 15:46:25 - [MESSAGE][PASSED] - All options with index in [2] are selected on object 'Object Repository/MOH AND GRN/Page_KDMC - CMS/select_--Select--Schedule 1Inj'

2018-05-09 15:46:25 - [TEST_STEP][PASSED] - selectOptionByIndex: All options with index in [19] are selected on object 'Object Repository/MOH AND GRN/Page_KDMC - CMS/select_--Select--Adernaline 0.'

2018-05-09 15:46:25 - [MESSAGE][PASSED] - All options with index in [19] are selected on object 'Object Repository/MOH AND GRN/Page_KDMC - CMS/select_--Select--Adernaline 0.'

2018-05-09 15:46:25 - [TEST_STEP][PASSED] - setText: Text '5000' is set on object 'Object Repository/MOH AND GRN/Page_KDMC - CMS/input_txttreat'

2018-05-09 15:46:25 - [MESSAGE][PASSED] - Text '5000' is set on object 'Object Repository/MOH AND GRN/Page_KDMC - CMS/input_txttreat'

2018-05-09 15:46:25 - [TEST_STEP][PASSED] - click: Object: 'Object Repository/MOH AND GRN/Page_KDMC - CMS/button_Add' is clicked on

2018-05-09 15:46:30 - [MESSAGE][PASSED] - Object: 'Object Repository/MOH AND GRN/Page_KDMC - CMS/button_Add' is clicked on

2018-05-09 15:46:30 - [TEST_STEP][PASSED] - selectOptionByIndex: All options with index in [2] are selected on object 'Object Repository/MOH AND GRN/Page_KDMC - CMS/select_--Select--Schedule 1Inj'

2018-05-09 15:46:30 - [MESSAGE][PASSED] - All options with index in [2] are selected on object 'Object Repository/MOH AND GRN/Page_KDMC - CMS/select_--Select--Schedule 1Inj'

2018-05-09 15:46:30 - [TEST_STEP][PASSED] - selectOptionByIndex: All options with index in [20] are selected on object 'Object Repository/MOH AND GRN/Page_KDMC - CMS/select_--Select--Adernaline 0.'

2018-05-09 15:46:31 - [MESSAGE][PASSED] - All options with index in [20] are selected on object 'Object Repository/MOH AND GRN/Page_KDMC - CMS/select_--Select--Adernaline 0.'

2018-05-09 15:46:31 - [TEST_STEP][PASSED] - setText: Text '5000' is set on object 'Object Repository/MOH AND GRN/Page_KDMC - CMS/input_txttreat'

2018-05-09 15:46:31 - [MESSAGE][PASSED] - Text '5000' is set on object 'Object Repository/MOH AND GRN/Page_KDMC - CMS/input_txttreat'

2018-05-09 15:46:31 - [TEST_STEP][PASSED] - click: Object: 'Object Repository/MOH AND GRN/Page_KDMC - CMS/button_Add' is clicked on

2018-05-09 15:46:36 - [MESSAGE][PASSED] - Object: 'Object Repository/MOH AND GRN/Page_KDMC - CMS/button_Add' is clicked on

2018-05-09 15:46:36 - [TEST_STEP][PASSED] - selectOptionByIndex: All options with index in [2] are selected on object 'Object Repository/MOH AND GRN/Page_KDMC - CMS/select_--Select--Schedule 1Inj'

2018-05-09 15:46:36 - [MESSAGE][PASSED] - All options with index in [2] are selected on object 'Object Repository/MOH AND GRN/Page_KDMC - CMS/select_--Select--Schedule 1Inj'

2018-05-09 15:46:36 - [TEST_STEP][PASSED] - selectOptionByIndex: All options with index in [21] are selected on object 'Object Repository/MOH AND GRN/Page_KDMC - CMS/select_--Select--Adernaline 0.'

2018-05-09 15:46:36 - [MESSAGE][PASSED] - All options with index in [21] are selected on object 'Object Repository/MOH AND GRN/Page_KDMC - CMS/select_--Select--Adernaline 0.'

2018-05-09 15:46:36 - [TEST_STEP][PASSED] - setText: Text '5000' is set on object 'Object Repository/MOH AND GRN/Page_KDMC - CMS/input_txttreat'

2018-05-09 15:46:36 - [MESSAGE][PASSED] - Text '5000' is set on object 'Object Repository/MOH AND GRN/Page_KDMC - CMS/input_txttreat'

2018-05-09 15:46:36 - [TEST_STEP][PASSED] - click: Object: 'Object Repository/MOH AND GRN/Page_KDMC - CMS/button_Add' is clicked on

2018-05-09 15:46:41 - [MESSAGE][PASSED] - Object: 'Object Repository/MOH AND GRN/Page_KDMC - CMS/button_Add' is clicked on

2018-05-09 15:46:41 - [TEST_STEP][PASSED] - selectOptionByIndex: All options with index in [2] are selected on object 'Object Repository/MOH AND GRN/Page_KDMC - CMS/select_--Select--Schedule 1Inj'

2018-05-09 15:46:42 - [MESSAGE][PASSED] - All options with index in [2] are selected on object 'Object Repository/MOH AND GRN/Page_KDMC - CMS/select_--Select--Schedule 1Inj'

2018-05-09 15:46:42 - [TEST_STEP][PASSED] - selectOptionByIndex: All options with index in [22] are selected on object 'Object Repository/MOH AND GRN/Page_KDMC - CMS/select_--Select--Adernaline 0.'

2018-05-09 15:46:42 - [MESSAGE][PASSED] - All options with index in [22] are selected on object 'Object Repository/MOH AND GRN/Page_KDMC - CMS/select_--Select--Adernaline 0.'

2018-05-09 15:46:42 - [TEST_STEP][PASSED] - setText: Text '5000' is set on object 'Object Repository/MOH AND GRN/Page_KDMC - CMS/input_txttreat'

2018-05-09 15:46:42 - [MESSAGE][PASSED] - Text '5000' is set on object 'Object Repository/MOH AND GRN/Page_KDMC - CMS/input_txttreat'

2018-05-09 15:46:42 - [TEST_STEP][PASSED] - click: Object: 'Object Repository/MOH AND GRN/Page_KDMC - CMS/button_Add' is clicked on

2018-05-09 15:46:47 - [MESSAGE][PASSED] - Object: 'Object Repository/MOH AND GRN/Page_KDMC - CMS/button_Add' is clicked on

2018-05-09 15:46:47 - [TEST_STEP][PASSED] - selectOptionByIndex: All options with index in [2] are selected on object 'Object Repository/MOH AND GRN/Page_KDMC - CMS/select_--Select--Schedule 1Inj'

2018-05-09 15:46:47 - [MESSAGE][PASSED] - All options with index in [2] are selected on object 'Object Repository/MOH AND GRN/Page_KDMC - CMS/select_--Select--Schedule 1Inj'

2018-05-09 15:46:47 - [TEST_STEP][PASSED] - selectOptionByIndex: All options with index in [23] are selected on object 'Object Repository/MOH AND GRN/Page_KDMC - CMS/select_--Select--Adernaline 0.'

2018-05-09 15:46:47 - [MESSAGE][PASSED] - All options with index in [23] are selected on object 'Object Repository/MOH AND GRN/Page_KDMC - CMS/select_--Select--Adernaline 0.'

2018-05-09 15:46:47 - [TEST_STEP][PASSED] - setText: Text '5000' is set on object 'Object Repository/MOH AND GRN/Page_KDMC - CMS/input_txttreat'

2018-05-09 15:46:48 - [MESSAGE][PASSED] - Text '5000' is set on object 'Object Repository/MOH AND GRN/Page_KDMC - CMS/input_txttreat'

2018-05-09 15:46:48 - [TEST_STEP][PASSED] - click: Object: 'Object Repository/MOH AND GRN/Page_KDMC - CMS/button_Add' is clicked on

2018-05-09 15:46:53 - [MESSAGE][PASSED] - Object: 'Object Repository/MOH AND GRN/Page_KDMC - CMS/button_Add' is clicked on

2018-05-09 15:46:53 - [TEST_STEP][PASSED] - selectOptionByIndex: All options with index in [2] are selected on object 'Object Repository/MOH AND GRN/Page_KDMC - CMS/select_--Select--Schedule 1Inj'

2018-05-09 15:46:53 - [MESSAGE][PASSED] - All options with index in [2] are selected on object 'Object Repository/MOH AND GRN/Page_KDMC - CMS/select_--Select--Schedule 1Inj'

2018-05-09 15:46:53 - [TEST_STEP][PASSED] - selectOptionByIndex: All options with index in [24] are selected on object 'Object Repository/MOH AND GRN/Page_KDMC - CMS/select_--Select--Adernaline 0.'

2018-05-09 15:46:53 - [MESSAGE][PASSED] - All options with index in [24] are selected on object 'Object Repository/MOH AND GRN/Page_KDMC - CMS/select_--Select--Adernaline 0.'

2018-05-09 15:46:53 - [TEST_STEP][PASSED] - setText: Text '5000' is set on object 'Object Repository/MOH AND GRN/Page_KDMC - CMS/input_txttreat'

2018-05-09 15:46:53 - [MESSAGE][PASSED] - Text '5000' is set on object 'Object Repository/MOH AND GRN/Page_KDMC - CMS/input_txttreat'

2018-05-09 15:46:53 - [TEST_STEP][PASSED] - click: Object: 'Object Repository/MOH AND GRN/Page_KDMC - CMS/button_Add' is clicked on

2018-05-09 15:46:58 - [MESSAGE][PASSED] - Object: 'Object Repository/MOH AND GRN/Page_KDMC - CMS/button_Add' is clicked on

2018-05-09 15:46:58 - [TEST_STEP][PASSED] - selectOptionByIndex: All options with index in [2] are selected on object 'Object Repository/MOH AND GRN/Page_KDMC - CMS/select_--Select--Schedule 1Inj'

2018-05-09 15:46:58 - [MESSAGE][PASSED] - All options with index in [2] are selected on object 'Object Repository/MOH AND GRN/Page_KDMC - CMS/select_--Select--Schedule 1Inj'

2018-05-09 15:46:58 - [TEST_STEP][PASSED] - selectOptionByIndex: All options with index in [25] are selected on object 'Object Repository/MOH AND GRN/Page_KDMC - CMS/select_--Select--Adernaline 0.'

2018-05-09 15:46:59 - [MESSAGE][PASSED] - All options with index in [25] are selected on object 'Object Repository/MOH AND GRN/Page_KDMC - CMS/select_--Select--Adernaline 0.'

2018-05-09 15:46:59 - [TEST_STEP][PASSED] - setText: Text '5000' is set on object 'Object Repository/MOH AND GRN/Page_KDMC - CMS/input_txttreat'

2018-05-09 15:46:59 - [MESSAGE][PASSED] - Text '5000' is set on object 'Object Repository/MOH AND GRN/Page_KDMC - CMS/input_txttreat'

2018-05-09 15:46:59 - [TEST_STEP][PASSED] - click: Object: 'Object Repository/MOH AND GRN/Page_KDMC - CMS/button_Add' is clicked on

2018-05-09 15:47:04 - [MESSAGE][PASSED] - Object: 'Object Repository/MOH AND GRN/Page_KDMC - CMS/button_Add' is clicked on

2018-05-09 15:47:04 - [TEST_STEP][PASSED] - selectOptionByIndex: All options with index in [2] are selected on object 'Object Repository/MOH AND GRN/Page_KDMC - CMS/select_--Select--Schedule 1Inj'

2018-05-09 15:47:04 - [MESSAGE][PASSED] - All options with index in [2] are selected on object 'Object Repository/MOH AND GRN/Page_KDMC - CMS/select_--Select--Schedule 1Inj'

2018-05-09 15:47:04 - [TEST_STEP][PASSED] - selectOptionByIndex: All options with index in [26] are selected on object 'Object Repository/MOH AND GRN/Page_KDMC - CMS/select_--Select--Adernaline 0.'

2018-05-09 15:47:04 - [MESSAGE][PASSED] - All options with index in [26] are selected on object 'Object Repository/MOH AND GRN/Page_KDMC - CMS/select_--Select--Adernaline 0.'

2018-05-09 15:47:04 - [TEST_STEP][PASSED] - setText: Text '5000' is set on object 'Object Repository/MOH AND GRN/Page_KDMC - CMS/input_txttreat'

2018-05-09 15:47:04 - [MESSAGE][PASSED] - Text '5000' is set on object 'Object Repository/MOH AND GRN/Page_KDMC - CMS/input_txttreat'

2018-05-09 15:47:04 - [TEST_STEP][PASSED] - click: Object: 'Object Repository/MOH AND GRN/Page_KDMC - CMS/button_Add' is clicked on

2018-05-09 15:47:09 - [MESSAGE][PASSED] - Object: 'Object Repository/MOH AND GRN/Page_KDMC - CMS/button_Add' is clicked on

2018-05-09 15:47:09 - [TEST_STEP][PASSED] - selectOptionByIndex: All options with index in [2] are selected on object 'Object Repository/MOH AND GRN/Page_KDMC - CMS/select_--Select--Schedule 1Inj'

2018-05-09 15:47:10 - [MESSAGE][PASSED] - All options with index in [2] are selected on object 'Object Repository/MOH AND GRN/Page_KDMC - CMS/select_--Select--Schedule 1Inj'

2018-05-09 15:47:10 - [TEST_STEP][PASSED] - selectOptionByIndex: All options with index in [27] are selected on object 'Object Repository/MOH AND GRN/Page_KDMC - CMS/select_--Select--Adernaline 0.'

2018-05-09 15:47:10 - [MESSAGE][PASSED] - All options with index in [27] are selected on object 'Object Repository/MOH AND GRN/Page_KDMC - CMS/select_--Select--Adernaline 0.'

2018-05-09 15:47:10 - [TEST_STEP][PASSED] - setText: Text '5000' is set on object 'Object Repository/MOH AND GRN/Page_KDMC - CMS/input_txttreat'

2018-05-09 15:47:10 - [MESSAGE][PASSED] - Text '5000' is set on object 'Object Repository/MOH AND GRN/Page_KDMC - CMS/input_txttreat'

2018-05-09 15:47:10 - [TEST_STEP][PASSED] - click: Object: 'Object Repository/MOH AND GRN/Page_KDMC - CMS/button_Add' is clicked on

2018-05-09 15:47:15 - [MESSAGE][PASSED] - Object: 'Object Repository/MOH AND GRN/Page_KDMC - CMS/button_Add' is clicked on

2018-05-09 15:47:15 - [TEST_STEP][PASSED] - selectOptionByIndex: All options with index in [2] are selected on object 'Object Repository/MOH AND GRN/Page_KDMC - CMS/select_--Select--Schedule 1Inj'

2018-05-09 15:47:15 - [MESSAGE][PASSED] - All options with index in [2] are selected on object 'Object Repository/MOH AND GRN/Page_KDMC - CMS/select_--Select--Schedule 1Inj'

2018-05-09 15:47:15 - [TEST_STEP][PASSED] - selectOptionByIndex: All options with index in [28] are selected on object 'Object Repository/MOH AND GRN/Page_KDMC - CMS/select_--Select--Adernaline 0.'

2018-05-09 15:47:16 - [MESSAGE][PASSED] - All options with index in [28] are selected on object 'Object Repository/MOH AND GRN/Page_KDMC - CMS/select_--Select--Adernaline 0.'

2018-05-09 15:47:16 - [TEST_STEP][PASSED] - setText: Text '5000' is set on object 'Object Repository/MOH AND GRN/Page_KDMC - CMS/input_txttreat'

2018-05-09 15:47:16 - [MESSAGE][PASSED] - Text '5000' is set on object 'Object Repository/MOH AND GRN/Page_KDMC - CMS/input_txttreat'

2018-05-09 15:47:16 - [TEST_STEP][PASSED] - click: Object: 'Object Repository/MOH AND GRN/Page_KDMC - CMS/button_Add' is clicked on

2018-05-09 15:47:21 - [MESSAGE][PASSED] - Object: 'Object Repository/MOH AND GRN/Page_KDMC - CMS/button_Add' is clicked on

2018-05-09 15:47:21 - [TEST_STEP][PASSED] - selectOptionByIndex: All options with index in [2] are selected on object 'Object Repository/MOH AND GRN/Page_KDMC - CMS/select_--Select--Schedule 1Inj'

2018-05-09 15:47:21 - [MESSAGE][PASSED] - All options with index in [2] are selected on object 'Object Repository/MOH AND GRN/Page_KDMC - CMS/select_--Select--Schedule 1Inj'

2018-05-09 15:47:21 - [TEST_STEP][PASSED] - selectOptionByIndex: All options with index in [29] are selected on object 'Object Repository/MOH AND GRN/Page_KDMC - CMS/select_--Select--Adernaline 0.'

2018-05-09 15:47:21 - [MESSAGE][PASSED] - All options with index in [29] are selected on object 'Object Repository/MOH AND GRN/Page_KDMC - CMS/select_--Select--Adernaline 0.'

2018-05-09 15:47:21 - [TEST_STEP][PASSED] - setText: Text '5000' is set on object 'Object Repository/MOH AND GRN/Page_KDMC - CMS/input_txttreat'

2018-05-09 15:47:21 - [MESSAGE][PASSED] - Text '5000' is set on object 'Object Repository/MOH AND GRN/Page_KDMC - CMS/input_txttreat'

2018-05-09 15:47:21 - [TEST_STEP][PASSED] - click: Object: 'Object Repository/MOH AND GRN/Page_KDMC - CMS/button_Add' is clicked on

2018-05-09 15:47:26 - [MESSAGE][PASSED] - Object: 'Object Repository/MOH AND GRN/Page_KDMC - CMS/button_Add' is clicked on

2018-05-09 15:47:26 - [TEST_STEP][PASSED] - selectOptionByIndex: All options with index in [2] are selected on object 'Object Repository/MOH AND GRN/Page_KDMC - CMS/select_--Select--Schedule 1Inj'

2018-05-09 15:47:26 - [MESSAGE][PASSED] - All options with index in [2] are selected on object 'Object Repository/MOH AND GRN/Page_KDMC - CMS/select_--Select--Schedule 1Inj'

2018-05-09 15:47:26 - [TEST_STEP][PASSED] - selectOptionByIndex: All options with index in [30] are selected on object 'Object Repository/MOH AND GRN/Page_KDMC - CMS/select_--Select--Adernaline 0.'

2018-05-09 15:47:27 - [MESSAGE][PASSED] - All options with index in [30] are selected on object 'Object Repository/MOH AND GRN/Page_KDMC - CMS/select_--Select--Adernaline 0.'

2018-05-09 15:47:27 - [TEST_STEP][PASSED] - setText: Text '5000' is set on object 'Object Repository/MOH AND GRN/Page_KDMC - CMS/input_txttreat'

2018-05-09 15:47:27 - [MESSAGE][PASSED] - Text '5000' is set on object 'Object Repository/MOH AND GRN/Page_KDMC - CMS/input_txttreat'

2018-05-09 15:47:27 - [TEST_STEP][PASSED] - click: Object: 'Object Repository/MOH AND GRN/Page_KDMC - CMS/button_Add' is clicked on

2018-05-09 15:47:32 - [MESSAGE][PASSED] - Object: 'Object Repository/MOH AND GRN/Page_KDMC - CMS/button_Add' is clicked on

2018-05-09 15:47:32 - [TEST_STEP][PASSED] - selectOptionByIndex: All options with index in [2] are selected on object 'Object Repository/MOH AND GRN/Page_KDMC - CMS/select_--Select--Schedule 1Inj'

2018-05-09 15:47:32 - [MESSAGE][PASSED] - All options with index in [2] are selected on object 'Object Repository/MOH AND GRN/Page_KDMC - CMS/select_--Select--Schedule 1Inj'

2018-05-09 15:47:32 - [TEST_STEP][PASSED] - selectOptionByIndex: All options with index in [31] are selected on object 'Object Repository/MOH AND GRN/Page_KDMC - CMS/select_--Select--Adernaline 0.'

2018-05-09 15:47:33 - [MESSAGE][PASSED] - All options with index in [31] are selected on object 'Object Repository/MOH AND GRN/Page_KDMC - CMS/select_--Select--Adernaline 0.'

2018-05-09 15:47:33 - [TEST_STEP][PASSED] - setText: Text '5000' is set on object 'Object Repository/MOH AND GRN/Page_KDMC - CMS/input_txttreat'

2018-05-09 15:47:33 - [MESSAGE][PASSED] - Text '5000' is set on object 'Object Repository/MOH AND GRN/Page_KDMC - CMS/input_txttreat'

2018-05-09 15:47:33 - [TEST_STEP][PASSED] - click: Object: 'Object Repository/MOH AND GRN/Page_KDMC - CMS/button_Add' is clicked on

2018-05-09 15:47:38 - [MESSAGE][PASSED] - Object: 'Object Repository/MOH AND GRN/Page_KDMC - CMS/button_Add' is clicked on

2018-05-09 15:47:38 - [TEST_STEP][PASSED] - selectOptionByIndex: All options with index in [2] are selected on object 'Object Repository/MOH AND GRN/Page_KDMC - CMS/select_--Select--Schedule 1Inj'

2018-05-09 15:47:38 - [MESSAGE][PASSED] - All options with index in [2] are selected on object 'Object Repository/MOH AND GRN/Page_KDMC - CMS/select_--Select--Schedule 1Inj'

2018-05-09 15:47:38 - [TEST_STEP][PASSED] - selectOptionByIndex: All options with index in [32] are selected on object 'Object Repository/MOH AND GRN/Page_KDMC - CMS/select_--Select--Adernaline 0.'

2018-05-09 15:47:38 - [MESSAGE][PASSED] - All options with index in [32] are selected on object 'Object Repository/MOH AND GRN/Page_KDMC - CMS/select_--Select--Adernaline 0.'

2018-05-09 15:47:38 - [TEST_STEP][PASSED] - setText: Text '5000' is set on object 'Object Repository/MOH AND GRN/Page_KDMC - CMS/input_txttreat'

2018-05-09 15:47:38 - [MESSAGE][PASSED] - Text '5000' is set on object 'Object Repository/MOH AND GRN/Page_KDMC - CMS/input_txttreat'

2018-05-09 15:47:38 - [TEST_STEP][PASSED] - click: Object: 'Object Repository/MOH AND GRN/Page_KDMC - CMS/button_Add' is clicked on

2018-05-09 15:47:43 - [MESSAGE][PASSED] - Object: 'Object Repository/MOH AND GRN/Page_KDMC - CMS/button_Add' is clicked on

2018-05-09 15:47:43 - [TEST_STEP][PASSED] - selectOptionByIndex: All options with index in [2] are selected on object 'Object Repository/MOH AND GRN/Page_KDMC - CMS/select_--Select--Schedule 1Inj'

2018-05-09 15:47:43 - [MESSAGE][PASSED] - All options with index in [2] are selected on object 'Object Repository/MOH AND GRN/Page_KDMC - CMS/select_--Select--Schedule 1Inj'

2018-05-09 15:47:43 - [TEST_STEP][PASSED] - selectOptionByIndex: All options with index in [33] are selected on object 'Object Repository/MOH AND GRN/Page_KDMC - CMS/select_--Select--Adernaline 0.'

2018-05-09 15:47:44 - [MESSAGE][PASSED] - All options with index in [33] are selected on object 'Object Repository/MOH AND GRN/Page_KDMC - CMS/select_--Select--Adernaline 0.'

2018-05-09 15:47:44 - [TEST_STEP][PASSED] - setText: Text '5000' is set on object 'Object Repository/MOH AND GRN/Page_KDMC - CMS/input_txttreat'

2018-05-09 15:47:44 - [MESSAGE][PASSED] - Text '5000' is set on object 'Object Repository/MOH AND GRN/Page_KDMC - CMS/input_txttreat'

2018-05-09 15:47:44 - [TEST_STEP][PASSED] - click: Object: 'Object Repository/MOH AND GRN/Page_KDMC - CMS/button_Add' is clicked on

2018-05-09 15:47:49 - [MESSAGE][PASSED] - Object: 'Object Repository/MOH AND GRN/Page_KDMC - CMS/button_Add' is clicked on

2018-05-09 15:47:49 - [TEST_STEP][PASSED] - selectOptionByIndex: All options with index in [2] are selected on object 'Object Repository/MOH AND GRN/Page_KDMC - CMS/select_--Select--Schedule 1Inj'

2018-05-09 15:47:49 - [MESSAGE][PASSED] - All options with index in [2] are selected on object 'Object Repository/MOH AND GRN/Page_KDMC - CMS/select_--Select--Schedule 1Inj'

2018-05-09 15:47:49 - [TEST_STEP][PASSED] - selectOptionByIndex: All options with index in [34] are selected on object 'Object Repository/MOH AND GRN/Page_KDMC - CMS/select_--Select--Adernaline 0.'

2018-05-09 15:47:50 - [MESSAGE][PASSED] - All options with index in [34] are selected on object 'Object Repository/MOH AND GRN/Page_KDMC - CMS/select_--Select--Adernaline 0.'

2018-05-09 15:47:50 - [TEST_STEP][PASSED] - setText: Text '5000' is set on object 'Object Repository/MOH AND GRN/Page_KDMC - CMS/input_txttreat'

2018-05-09 15:47:50 - [MESSAGE][PASSED] - Text '5000' is set on object 'Object Repository/MOH AND GRN/Page_KDMC - CMS/input_txttreat'

2018-05-09 15:47:50 - [TEST_STEP][PASSED] - click: Object: 'Object Repository/MOH AND GRN/Page_KDMC - CMS/button_Add' is clicked on

2018-05-09 15:47:55 - [MESSAGE][PASSED] - Object: 'Object Repository/MOH AND GRN/Page_KDMC - CMS/button_Add' is clicked on

2018-05-09 15:47:55 - [TEST_STEP][PASSED] - selectOptionByIndex: All options with index in [2] are selected on object 'Object Repository/MOH AND GRN/Page_KDMC - CMS/select_--Select--Schedule 1Inj'

2018-05-09 15:47:55 - [MESSAGE][PASSED] - All options with index in [2] are selected on object 'Object Repository/MOH AND GRN/Page_KDMC - CMS/select_--Select--Schedule 1Inj'

2018-05-09 15:47:55 - [TEST_STEP][PASSED] - selectOptionByIndex: All options with index in [35] are selected on object 'Object Repository/MOH AND GRN/Page_KDMC - CMS/select_--Select--Adernaline 0.'

2018-05-09 15:47:55 - [MESSAGE][PASSED] - All options with index in [35] are selected on object 'Object Repository/MOH AND GRN/Page_KDMC - CMS/select_--Select--Adernaline 0.'

2018-05-09 15:47:55 - [TEST_STEP][PASSED] - setText: Text '5000' is set on object 'Object Repository/MOH AND GRN/Page_KDMC - CMS/input_txttreat'

2018-05-09 15:47:55 - [MESSAGE][PASSED] - Text '5000' is set on object 'Object Repository/MOH AND GRN/Page_KDMC - CMS/input_txttreat'

2018-05-09 15:47:55 - [TEST_STEP][PASSED] - click: Object: 'Object Repository/MOH AND GRN/Page_KDMC - CMS/button_Add' is clicked on

2018-05-09 15:48:00 - [MESSAGE][PASSED] - Object: 'Object Repository/MOH AND GRN/Page_KDMC - CMS/button_Add' is clicked on

2018-05-09 15:48:00 - [TEST_STEP][PASSED] - selectOptionByIndex: All options with index in [2] are selected on object 'Object Repository/MOH AND GRN/Page_KDMC - CMS/select_--Select--Schedule 1Inj'

2018-05-09 15:48:00 - [MESSAGE][PASSED] - All options with index in [2] are selected on object 'Object Repository/MOH AND GRN/Page_KDMC - CMS/select_--Select--Schedule 1Inj'

2018-05-09 15:48:00 - [TEST_STEP][PASSED] - selectOptionByIndex: All options with index in [36] are selected on object 'Object Repository/MOH AND GRN/Page_KDMC - CMS/select_--Select--Adernaline 0.'

2018-05-09 15:48:01 - [MESSAGE][PASSED] - All options with index in [36] are selected on object 'Object Repository/MOH AND GRN/Page_KDMC - CMS/select_--Select--Adernaline 0.'

2018-05-09 15:48:01 - [TEST_STEP][PASSED] - setText: Text '5000' is set on object 'Object Repository/MOH AND GRN/Page_KDMC - CMS/input_txttreat'

2018-05-09 15:48:01 - [MESSAGE][PASSED] - Text '5000' is set on object 'Object Repository/MOH AND GRN/Page_KDMC - CMS/input_txttreat'

2018-05-09 15:48:01 - [TEST_STEP][PASSED] - click: Object: 'Object Repository/MOH AND GRN/Page_KDMC - CMS/button_Add' is clicked on

2018-05-09 15:48:06 - [MESSAGE][PASSED] - Object: 'Object Repository/MOH AND GRN/Page_KDMC - CMS/button_Add' is clicked on

2018-05-09 15:48:06 - [TEST_STEP][PASSED] - selectOptionByIndex: All options with index in [2] are selected on object 'Object Repository/MOH AND GRN/Page_KDMC - CMS/select_--Select--Schedule 1Inj'

2018-05-09 15:48:06 - [MESSAGE][PASSED] - All options with index in [2] are selected on object 'Object Repository/MOH AND GRN/Page_KDMC - CMS/select_--Select--Schedule 1Inj'

2018-05-09 15:48:06 - [TEST_STEP][PASSED] - selectOptionByIndex: All options with index in [37] are selected on object 'Object Repository/MOH AND GRN/Page_KDMC - CMS/select_--Select--Adernaline 0.'

2018-05-09 15:48:07 - [MESSAGE][PASSED] - All options with index in [37] are selected on object 'Object Repository/MOH AND GRN/Page_KDMC - CMS/select_--Select--Adernaline 0.'

2018-05-09 15:48:07 - [TEST_STEP][PASSED] - setText: Text '5000' is set on object 'Object Repository/MOH AND GRN/Page_KDMC - CMS/input_txttreat'

2018-05-09 15:48:07 - [MESSAGE][PASSED] - Text '5000' is set on object 'Object Repository/MOH AND GRN/Page_KDMC - CMS/input_txttreat'

2018-05-09 15:48:07 - [TEST_STEP][PASSED] - click: Object: 'Object Repository/MOH AND GRN/Page_KDMC - CMS/button_Add' is clicked on

2018-05-09 15:48:12 - [MESSAGE][PASSED] - Object: 'Object Repository/MOH AND GRN/Page_KDMC - CMS/button_Add' is clicked on

2018-05-09 15:48:12 - [TEST_STEP][PASSED] - selectOptionByIndex: All options with index in [2] are selected on object 'Object Repository/MOH AND GRN/Page_KDMC - CMS/select_--Select--Schedule 1Inj'

2018-05-09 15:48:12 - [MESSAGE][PASSED] - All options with index in [2] are selected on object 'Object Repository/MOH AND GRN/Page_KDMC - CMS/select_--Select--Schedule 1Inj'

2018-05-09 15:48:12 - [TEST_STEP][PASSED] - selectOptionByIndex: All options with index in [38] are selected on object 'Object Repository/MOH AND GRN/Page_KDMC - CMS/select_--Select--Adernaline 0.'

2018-05-09 15:48:12 - [MESSAGE][PASSED] - All options with index in [38] are selected on object 'Object Repository/MOH AND GRN/Page_KDMC - CMS/select_--Select--Adernaline 0.'

2018-05-09 15:48:12 - [TEST_STEP][PASSED] - setText: Text '5000' is set on object 'Object Repository/MOH AND GRN/Page_KDMC - CMS/input_txttreat'

2018-05-09 15:48:12 - [MESSAGE][PASSED] - Text '5000' is set on object 'Object Repository/MOH AND GRN/Page_KDMC - CMS/input_txttreat'

2018-05-09 15:48:12 - [TEST_STEP][PASSED] - click: Object: 'Object Repository/MOH AND GRN/Page_KDMC - CMS/button_Add' is clicked on

2018-05-09 15:48:18 - [MESSAGE][PASSED] - Object: 'Object Repository/MOH AND GRN/Page_KDMC - CMS/button_Add' is clicked on

2018-05-09 15:48:18 - [TEST_STEP][PASSED] - selectOptionByIndex: All options with index in [2] are selected on object 'Object Repository/MOH AND GRN/Page_KDMC - CMS/select_--Select--Schedule 1Inj'

2018-05-09 15:48:18 - [MESSAGE][PASSED] - All options with index in [2] are selected on object 'Object Repository/MOH AND GRN/Page_KDMC - CMS/select_--Select--Schedule 1Inj'

2018-05-09 15:48:18 - [TEST_STEP][PASSED] - selectOptionByIndex: All options with index in [39] are selected on object 'Object Repository/MOH AND GRN/Page_KDMC - CMS/select_--Select--Adernaline 0.'

2018-05-09 15:48:18 - [MESSAGE][PASSED] - All options with index in [39] are selected on object 'Object Repository/MOH AND GRN/Page_KDMC - CMS/select_--Select--Adernaline 0.'

2018-05-09 15:48:18 - [TEST_STEP][PASSED] - setText: Text '5000' is set on object 'Object Repository/MOH AND GRN/Page_KDMC - CMS/input_txttreat'

2018-05-09 15:48:18 - [MESSAGE][PASSED] - Text '5000' is set on object 'Object Repository/MOH AND GRN/Page_KDMC - CMS/input_txttreat'

2018-05-09 15:48:18 - [TEST_STEP][PASSED] - click: Object: 'Object Repository/MOH AND GRN/Page_KDMC - CMS/button_Add' is clicked on

2018-05-09 15:48:23 - [MESSAGE][PASSED] - Object: 'Object Repository/MOH AND GRN/Page_KDMC - CMS/button_Add' is clicked on

2018-05-09 15:48:23 - [TEST_STEP][PASSED] - selectOptionByIndex: All options with index in [2] are selected on object 'Object Repository/MOH AND GRN/Page_KDMC - CMS/select_--Select--Schedule 1Inj'

2018-05-09 15:48:23 - [MESSAGE][PASSED] - All options with index in [2] are selected on object 'Object Repository/MOH AND GRN/Page_KDMC - CMS/select_--Select--Schedule 1Inj'

2018-05-09 15:48:23 - [TEST_STEP][PASSED] - selectOptionByIndex: All options with index in [40] are selected on object 'Object Repository/MOH AND GRN/Page_KDMC - CMS/select_--Select--Adernaline 0.'

2018-05-09 15:48:24 - [MESSAGE][PASSED] - All options with index in [40] are selected on object 'Object Repository/MOH AND GRN/Page_KDMC - CMS/select_--Select--Adernaline 0.'

2018-05-09 15:48:24 - [TEST_STEP][PASSED] - setText: Text '5000' is set on object 'Object Repository/MOH AND GRN/Page_KDMC - CMS/input_txttreat'

2018-05-09 15:48:24 - [MESSAGE][PASSED] - Text '5000' is set on object 'Object Repository/MOH AND GRN/Page_KDMC - CMS/input_txttreat'

2018-05-09 15:48:24 - [TEST_STEP][PASSED] - click: Object: 'Object Repository/MOH AND GRN/Page_KDMC - CMS/button_Add' is clicked on

2018-05-09 15:48:29 - [MESSAGE][PASSED] - Object: 'Object Repository/MOH AND GRN/Page_KDMC - CMS/button_Add' is clicked on

2018-05-09 15:48:29 - [TEST_STEP][PASSED] - selectOptionByIndex: All options with index in [2] are selected on object 'Object Repository/MOH AND GRN/Page_KDMC - CMS/select_--Select--Schedule 1Inj'

2018-05-09 15:48:29 - [MESSAGE][PASSED] - All options with index in [2] are selected on object 'Object Repository/MOH AND GRN/Page_KDMC - CMS/select_--Select--Schedule 1Inj'

2018-05-09 15:48:29 - [TEST_STEP][PASSED] - selectOptionByIndex: All options with index in [41] are selected on object 'Object Repository/MOH AND GRN/Page_KDMC - CMS/select_--Select--Adernaline 0.'

2018-05-09 15:48:30 - [MESSAGE][PASSED] - All options with index in [41] are selected on object 'Object Repository/MOH AND GRN/Page_KDMC - CMS/select_--Select--Adernaline 0.'

2018-05-09 15:48:30 - [TEST_STEP][PASSED] - setText: Text '5000' is set on object 'Object Repository/MOH AND GRN/Page_KDMC - CMS/input_txttreat'

2018-05-09 15:48:30 - [MESSAGE][PASSED] - Text '5000' is set on object 'Object Repository/MOH AND GRN/Page_KDMC - CMS/input_txttreat'

2018-05-09 15:48:30 - [TEST_STEP][PASSED] - click: Object: 'Object Repository/MOH AND GRN/Page_KDMC - CMS/button_Add' is clicked on

2018-05-09 15:48:35 - [MESSAGE][PASSED] - Object: 'Object Repository/MOH AND GRN/Page_KDMC - CMS/button_Add' is clicked on

2018-05-09 15:48:35 - [TEST_STEP][PASSED] - selectOptionByIndex: All options with index in [2] are selected on object 'Object Repository/MOH AND GRN/Page_KDMC - CMS/select_--Select--Schedule 1Inj'

2018-05-09 15:48:35 - [MESSAGE][PASSED] - All options with index in [2] are selected on object 'Object Repository/MOH AND GRN/Page_KDMC - CMS/select_--Select--Schedule 1Inj'

2018-05-09 15:48:35 - [TEST_STEP][PASSED] - selectOptionByIndex: All options with index in [42] are selected on object 'Object Repository/MOH AND GRN/Page_KDMC - CMS/select_--Select--Adernaline 0.'

2018-05-09 15:48:35 - [MESSAGE][PASSED] - All options with index in [42] are selected on object 'Object Repository/MOH AND GRN/Page_KDMC - CMS/select_--Select--Adernaline 0.'

2018-05-09 15:48:35 - [TEST_STEP][PASSED] - setText: Text '5000' is set on object 'Object Repository/MOH AND GRN/Page_KDMC - CMS/input_txttreat'

2018-05-09 15:48:35 - [MESSAGE][PASSED] - Text '5000' is set on object 'Object Repository/MOH AND GRN/Page_KDMC - CMS/input_txttreat'

2018-05-09 15:48:35 - [TEST_STEP][PASSED] - click: Object: 'Object Repository/MOH AND GRN/Page_KDMC - CMS/button_Add' is clicked on

2018-05-09 15:48:41 - [MESSAGE][PASSED] - Object: 'Object Repository/MOH AND GRN/Page_KDMC - CMS/button_Add' is clicked on

2018-05-09 15:48:41 - [TEST_STEP][PASSED] - selectOptionByIndex: All options with index in [2] are selected on object 'Object Repository/MOH AND GRN/Page_KDMC - CMS/select_--Select--Schedule 1Inj'

2018-05-09 15:48:41 - [MESSAGE][PASSED] - All options with index in [2] are selected on object 'Object Repository/MOH AND GRN/Page_KDMC - CMS/select_--Select--Schedule 1Inj'

2018-05-09 15:48:41 - [TEST_STEP][PASSED] - selectOptionByIndex: All options with index in [43] are selected on object 'Object Repository/MOH AND GRN/Page_KDMC - CMS/select_--Select--Adernaline 0.'

2018-05-09 15:48:41 - [MESSAGE][PASSED] - All options with index in [43] are selected on object 'Object Repository/MOH AND GRN/Page_KDMC - CMS/select_--Select--Adernaline 0.'

2018-05-09 15:48:41 - [TEST_STEP][PASSED] - setText: Text '5000' is set on object 'Object Repository/MOH AND GRN/Page_KDMC - CMS/input_txttreat'

2018-05-09 15:48:41 - [MESSAGE][PASSED] - Text '5000' is set on object 'Object Repository/MOH AND GRN/Page_KDMC - CMS/input_txttreat'

2018-05-09 15:48:41 - [TEST_STEP][PASSED] - click: Object: 'Object Repository/MOH AND GRN/Page_KDMC - CMS/button_Add' is clicked on

2018-05-09 15:48:46 - [MESSAGE][PASSED] - Object: 'Object Repository/MOH AND GRN/Page_KDMC - CMS/button_Add' is clicked on

2018-05-09 15:48:46 - [TEST_STEP][PASSED] - selectOptionByIndex: All options with index in [2] are selected on object 'Object Repository/MOH AND GRN/Page_KDMC - CMS/select_--Select--Schedule 1Inj'

2018-05-09 15:48:47 - [MESSAGE][PASSED] - All options with index in [2] are selected on object 'Object Repository/MOH AND GRN/Page_KDMC - CMS/select_--Select--Schedule 1Inj'

2018-05-09 15:48:47 - [TEST_STEP][PASSED] - selectOptionByIndex: All options with index in [44] are selected on object 'Object Repository/MOH AND GRN/Page_KDMC - CMS/select_--Select--Adernaline 0.'

2018-05-09 15:48:47 - [MESSAGE][PASSED] - All options with index in [44] are selected on object 'Object Repository/MOH AND GRN/Page_KDMC - CMS/select_--Select--Adernaline 0.'

2018-05-09 15:48:47 - [TEST_STEP][PASSED] - setText: Text '5000' is set on object 'Object Repository/MOH AND GRN/Page_KDMC - CMS/input_txttreat'

2018-05-09 15:48:47 - [MESSAGE][PASSED] - Text '5000' is set on object 'Object Repository/MOH AND GRN/Page_KDMC - CMS/input_txttreat'

2018-05-09 15:48:47 - [TEST_STEP][PASSED] - click: Object: 'Object Repository/MOH AND GRN/Page_KDMC - CMS/button_Add' is clicked on

2018-05-09 15:48:52 - [MESSAGE][PASSED] - Object: 'Object Repository/MOH AND GRN/Page_KDMC - CMS/button_Add' is clicked on

2018-05-09 15:48:52 - [TEST_STEP][PASSED] - selectOptionByIndex: All options with index in [2] are selected on object 'Object Repository/MOH AND GRN/Page_KDMC - CMS/select_--Select--Schedule 1Inj'

2018-05-09 15:48:52 - [MESSAGE][PASSED] - All options with index in [2] are selected on object 'Object Repository/MOH AND GRN/Page_KDMC - CMS/select_--Select--Schedule 1Inj'

2018-05-09 15:48:52 - [TEST_STEP][PASSED] - selectOptionByIndex: All options with index in [45] are selected on object 'Object Repository/MOH AND GRN/Page_KDMC - CMS/select_--Select--Adernaline 0.'

2018-05-09 15:48:53 - [MESSAGE][PASSED] - All options with index in [45] are selected on object 'Object Repository/MOH AND GRN/Page_KDMC - CMS/select_--Select--Adernaline 0.'

2018-05-09 15:48:53 - [TEST_STEP][PASSED] - setText: Text '5000' is set on object 'Object Repository/MOH AND GRN/Page_KDMC - CMS/input_txttreat'

2018-05-09 15:48:53 - [MESSAGE][PASSED] - Text '5000' is set on object 'Object Repository/MOH AND GRN/Page_KDMC - CMS/input_txttreat'

2018-05-09 15:48:53 - [TEST_STEP][PASSED] - click: Object: 'Object Repository/MOH AND GRN/Page_KDMC - CMS/button_Add' is clicked on

2018-05-09 15:48:58 - [MESSAGE][PASSED] - Object: 'Object Repository/MOH AND GRN/Page_KDMC - CMS/button_Add' is clicked on

2018-05-09 15:48:58 - [TEST_STEP][PASSED] - selectOptionByIndex: All options with index in [2] are selected on object 'Object Repository/MOH AND GRN/Page_KDMC - CMS/select_--Select--Schedule 1Inj'

2018-05-09 15:48:58 - [MESSAGE][PASSED] - All options with index in [2] are selected on object 'Object Repository/MOH AND GRN/Page_KDMC - CMS/select_--Select--Schedule 1Inj'

2018-05-09 15:48:58 - [TEST_STEP][PASSED] - selectOptionByIndex: All options with index in [46] are selected on object 'Object Repository/MOH AND GRN/Page_KDMC - CMS/select_--Select--Adernaline 0.'

2018-05-09 15:48:59 - [MESSAGE][PASSED] - All options with index in [46] are selected on object 'Object Repository/MOH AND GRN/Page_KDMC - CMS/select_--Select--Adernaline 0.'

2018-05-09 15:48:59 - [TEST_STEP][PASSED] - setText: Text '5000' is set on object 'Object Repository/MOH AND GRN/Page_KDMC - CMS/input_txttreat'

2018-05-09 15:48:59 - [MESSAGE][PASSED] - Text '5000' is set on object 'Object Repository/MOH AND GRN/Page_KDMC - CMS/input_txttreat'

2018-05-09 15:48:59 - [TEST_STEP][PASSED] - click: Object: 'Object Repository/MOH AND GRN/Page_KDMC - CMS/button_Add' is clicked on

2018-05-09 15:49:04 - [MESSAGE][PASSED] - Object: 'Object Repository/MOH AND GRN/Page_KDMC - CMS/button_Add' is clicked on

2018-05-09 15:49:04 - [TEST_STEP][PASSED] - selectOptionByIndex: All options with index in [2] are selected on object 'Object Repository/MOH AND GRN/Page_KDMC - CMS/select_--Select--Schedule 1Inj'

2018-05-09 15:49:04 - [MESSAGE][PASSED] - All options with index in [2] are selected on object 'Object Repository/MOH AND GRN/Page_KDMC - CMS/select_--Select--Schedule 1Inj'

2018-05-09 15:49:04 - [TEST_STEP][PASSED] - selectOptionByIndex: All options with index in [47] are selected on object 'Object Repository/MOH AND GRN/Page_KDMC - CMS/select_--Select--Adernaline 0.'

2018-05-09 15:49:04 - [MESSAGE][PASSED] - All options with index in [47] are selected on object 'Object Repository/MOH AND GRN/Page_KDMC - CMS/select_--Select--Adernaline 0.'

2018-05-09 15:49:04 - [TEST_STEP][PASSED] - setText: Text '5000' is set on object 'Object Repository/MOH AND GRN/Page_KDMC - CMS/input_txttreat'

2018-05-09 15:49:04 - [MESSAGE][PASSED] - Text '5000' is set on object 'Object Repository/MOH AND GRN/Page_KDMC - CMS/input_txttreat'

2018-05-09 15:49:04 - [TEST_STEP][PASSED] - click: Object: 'Object Repository/MOH AND GRN/Page_KDMC - CMS/button_Add' is clicked on

2018-05-09 15:49:10 - [MESSAGE][PASSED] - Object: 'Object Repository/MOH AND GRN/Page_KDMC - CMS/button_Add' is clicked on

2018-05-09 15:49:10 - [TEST_STEP][PASSED] - selectOptionByIndex: All options with index in [2] are selected on object 'Object Repository/MOH AND GRN/Page_KDMC - CMS/select_--Select--Schedule 1Inj'

2018-05-09 15:49:10 - [MESSAGE][PASSED] - All options with index in [2] are selected on object 'Object Repository/MOH AND GRN/Page_KDMC - CMS/select_--Select--Schedule 1Inj'

2018-05-09 15:49:10 - [TEST_STEP][PASSED] - selectOptionByIndex: All options with index in [48] are selected on object 'Object Repository/MOH AND GRN/Page_KDMC - CMS/select_--Select--Adernaline 0.'

2018-05-09 15:49:10 - [MESSAGE][PASSED] - All options with index in [48] are selected on object 'Object Repository/MOH AND GRN/Page_KDMC - CMS/select_--Select--Adernaline 0.'

2018-05-09 15:49:10 - [TEST_STEP][PASSED] - setText: Text '5000' is set on object 'Object Repository/MOH AND GRN/Page_KDMC - CMS/input_txttreat'

2018-05-09 15:49:10 - [MESSAGE][PASSED] - Text '5000' is set on object 'Object Repository/MOH AND GRN/Page_KDMC - CMS/input_txttreat'

2018-05-09 15:49:10 - [TEST_STEP][PASSED] - click: Object: 'Object Repository/MOH AND GRN/Page_KDMC - CMS/button_Add' is clicked on

2018-05-09 15:49:15 - [MESSAGE][PASSED] - Object: 'Object Repository/MOH AND GRN/Page_KDMC - CMS/button_Add' is clicked on

2018-05-09 15:49:15 - [TEST_STEP][PASSED] - selectOptionByIndex: All options with index in [2] are selected on object 'Object Repository/MOH AND GRN/Page_KDMC - CMS/select_--Select--Schedule 1Inj'

2018-05-09 15:49:16 - [MESSAGE][PASSED] - All options with index in [2] are selected on object 'Object Repository/MOH AND GRN/Page_KDMC - CMS/select_--Select--Schedule 1Inj'

2018-05-09 15:49:16 - [TEST_STEP][PASSED] - selectOptionByIndex: All options with index in [49] are selected on object 'Object Repository/MOH AND GRN/Page_KDMC - CMS/select_--Select--Adernaline 0.'

2018-05-09 15:49:16 - [MESSAGE][PASSED] - All options with index in [49] are selected on object 'Object Repository/MOH AND GRN/Page_KDMC - CMS/select_--Select--Adernaline 0.'

2018-05-09 15:49:16 - [TEST_STEP][PASSED] - setText: Text '5000' is set on object 'Object Repository/MOH AND GRN/Page_KDMC - CMS/input_txttreat'

2018-05-09 15:49:16 - [MESSAGE][PASSED] - Text '5000' is set on object 'Object Repository/MOH AND GRN/Page_KDMC - CMS/input_txttreat'

2018-05-09 15:49:16 - [TEST_STEP][PASSED] - click: Object: 'Object Repository/MOH AND GRN/Page_KDMC - CMS/button_Add' is clicked on

2018-05-09 15:49:21 - [MESSAGE][PASSED] - Object: 'Object Repository/MOH AND GRN/Page_KDMC - CMS/button_Add' is clicked on

2018-05-09 15:49:21 - [TEST_STEP][PASSED] - selectOptionByIndex: All options with index in [2] are selected on object 'Object Repository/MOH AND GRN/Page_KDMC - CMS/select_--Select--Schedule 1Inj'

2018-05-09 15:49:21 - [MESSAGE][PASSED] - All options with index in [2] are selected on object 'Object Repository/MOH AND GRN/Page_KDMC - CMS/select_--Select--Schedule 1Inj'

2018-05-09 15:49:21 - [TEST_STEP][PASSED] - selectOptionByIndex: All options with index in [50] are selected on object 'Object Repository/MOH AND GRN/Page_KDMC - CMS/select_--Select--Adernaline 0.'

2018-05-09 15:49:22 - [MESSAGE][PASSED] - All options with index in [50] are selected on object 'Object Repository/MOH AND GRN/Page_KDMC - CMS/select_--Select--Adernaline 0.'

2018-05-09 15:49:22 - [TEST_STEP][PASSED] - setText: Text '5000' is set on object 'Object Repository/MOH AND GRN/Page_KDMC - CMS/input_txttreat'

2018-05-09 15:49:22 - [MESSAGE][PASSED] - Text '5000' is set on object 'Object Repository/MOH AND GRN/Page_KDMC - CMS/input_txttreat'

2018-05-09 15:49:22 - [TEST_STEP][PASSED] - click: Object: 'Object Repository/MOH AND GRN/Page_KDMC - CMS/button_Add' is clicked on

2018-05-09 15:49:27 - [MESSAGE][PASSED] - Object: 'Object Repository/MOH AND GRN/Page_KDMC - CMS/button_Add' is clicked on

2018-05-09 15:49:27 - [TEST_STEP][PASSED] - selectOptionByIndex: All options with index in [2] are selected on object 'Object Repository/MOH AND GRN/Page_KDMC - CMS/select_--Select--Schedule 1Inj'

2018-05-09 15:49:27 - [MESSAGE][PASSED] - All options with index in [2] are selected on object 'Object Repository/MOH AND GRN/Page_KDMC - CMS/select_--Select--Schedule 1Inj'

2018-05-09 15:49:27 - [TEST_STEP][PASSED] - selectOptionByIndex: All options with index in [51] are selected on object 'Object Repository/MOH AND GRN/Page_KDMC - CMS/select_--Select--Adernaline 0.'

2018-05-09 15:49:28 - [MESSAGE][PASSED] - All options with index in [51] are selected on object 'Object Repository/MOH AND GRN/Page_KDMC - CMS/select_--Select--Adernaline 0.'

2018-05-09 15:49:28 - [TEST_STEP][PASSED] - setText: Text '5000' is set on object 'Object Repository/MOH AND GRN/Page_KDMC - CMS/input_txttreat'

2018-05-09 15:49:28 - [MESSAGE][PASSED] - Text '5000' is set on object 'Object Repository/MOH AND GRN/Page_KDMC - CMS/input_txttreat'

2018-05-09 15:49:28 - [TEST_STEP][PASSED] - click: Object: 'Object Repository/MOH AND GRN/Page_KDMC - CMS/button_Add' is clicked on

2018-05-09 15:49:33 - [MESSAGE][PASSED] - Object: 'Object Repository/MOH AND GRN/Page_KDMC - CMS/button_Add' is clicked on

2018-05-09 15:49:33 - [TEST_STEP][PASSED] - selectOptionByIndex: All options with index in [2] are selected on object 'Object Repository/MOH AND GRN/Page_KDMC - CMS/select_--Select--Schedule 1Inj'

2018-05-09 15:49:33 - [MESSAGE][PASSED] - All options with index in [2] are selected on object 'Object Repository/MOH AND GRN/Page_KDMC - CMS/select_--Select--Schedule 1Inj'

2018-05-09 15:49:33 - [TEST_STEP][PASSED] - selectOptionByIndex: All options with index in [52] are selected on object 'Object Repository/MOH AND GRN/Page_KDMC - CMS/select_--Select--Adernaline 0.'

2018-05-09 15:49:34 - [MESSAGE][PASSED] - All options with index in [52] are selected on object 'Object Repository/MOH AND GRN/Page_KDMC - CMS/select_--Select--Adernaline 0.'

2018-05-09 15:49:34 - [TEST_STEP][PASSED] - setText: Text '5000' is set on object 'Object Repository/MOH AND GRN/Page_KDMC - CMS/input_txttreat'

2018-05-09 15:49:34 - [MESSAGE][PASSED] - Text '5000' is set on object 'Object Repository/MOH AND GRN/Page_KDMC - CMS/input_txttreat'

2018-05-09 15:49:34 - [TEST_STEP][PASSED] - click: Object: 'Object Repository/MOH AND GRN/Page_KDMC - CMS/button_Add' is clicked on

2018-05-09 15:49:39 - [MESSAGE][PASSED] - Object: 'Object Repository/MOH AND GRN/Page_KDMC - CMS/button_Add' is clicked on

2018-05-09 15:49:39 - [TEST_STEP][PASSED] - selectOptionByIndex: All options with index in [2] are selected on object 'Object Repository/MOH AND GRN/Page_KDMC - CMS/select_--Select--Schedule 1Inj'

2018-05-09 15:49:39 - [MESSAGE][PASSED] - All options with index in [2] are selected on object 'Object Repository/MOH AND GRN/Page_KDMC - CMS/select_--Select--Schedule 1Inj'

2018-05-09 15:49:39 - [TEST_STEP][PASSED] - selectOptionByIndex: All options with index in [53] are selected on object 'Object Repository/MOH AND GRN/Page_KDMC - CMS/select_--Select--Adernaline 0.'

2018-05-09 15:49:40 - [MESSAGE][PASSED] - All options with index in [53] are selected on object 'Object Repository/MOH AND GRN/Page_KDMC - CMS/select_--Select--Adernaline 0.'

2018-05-09 15:49:40 - [TEST_STEP][PASSED] - setText: Text '5000' is set on object 'Object Repository/MOH AND GRN/Page_KDMC - CMS/input_txttreat'

2018-05-09 15:49:40 - [MESSAGE][PASSED] - Text '5000' is set on object 'Object Repository/MOH AND GRN/Page_KDMC - CMS/input_txttreat'

2018-05-09 15:49:40 - [TEST_STEP][PASSED] - click: Object: 'Object Repository/MOH AND GRN/Page_KDMC - CMS/button_Add' is clicked on

2018-05-09 15:49:45 - [MESSAGE][PASSED] - Object: 'Object Repository/MOH AND GRN/Page_KDMC - CMS/button_Add' is clicked on

2018-05-09 15:49:45 - [TEST_STEP][PASSED] - selectOptionByIndex: All options with index in [2] are selected on object 'Object Repository/MOH AND GRN/Page_KDMC - CMS/select_--Select--Schedule 1Inj'

2018-05-09 15:49:45 - [MESSAGE][PASSED] - All options with index in [2] are selected on object 'Object Repository/MOH AND GRN/Page_KDMC - CMS/select_--Select--Schedule 1Inj'

2018-05-09 15:49:45 - [TEST_STEP][PASSED] - selectOptionByIndex: All options with index in [54] are selected on object 'Object Repository/MOH AND GRN/Page_KDMC - CMS/select_--Select--Adernaline 0.'

2018-05-09 15:49:45 - [MESSAGE][PASSED] - All options with index in [54] are selected on object 'Object Repository/MOH AND GRN/Page_KDMC - CMS/select_--Select--Adernaline 0.'

2018-05-09 15:49:45 - [TEST_STEP][PASSED] - setText: Text '5000' is set on object 'Object Repository/MOH AND GRN/Page_KDMC - CMS/input_txttreat'

2018-05-09 15:49:46 - [MESSAGE][PASSED] - Text '5000' is set on object 'Object Repository/MOH AND GRN/Page_KDMC - CMS/input_txttreat'

2018-05-09 15:49:46 - [TEST_STEP][PASSED] - click: Object: 'Object Repository/MOH AND GRN/Page_KDMC - CMS/button_Add' is clicked on

2018-05-09 15:49:51 - [MESSAGE][PASSED] - Object: 'Object Repository/MOH AND GRN/Page_KDMC - CMS/button_Add' is clicked on

2018-05-09 15:49:51 - [TEST_STEP][PASSED] - selectOptionByIndex: All options with index in [2] are selected on object 'Object Repository/MOH AND GRN/Page_KDMC - CMS/select_--Select--Schedule 1Inj'

2018-05-09 15:49:51 - [MESSAGE][PASSED] - All options with index in [2] are selected on object 'Object Repository/MOH AND GRN/Page_KDMC - CMS/select_--Select--Schedule 1Inj'

2018-05-09 15:49:51 - [TEST_STEP][PASSED] - selectOptionByIndex: All options with index in [55] are selected on object 'Object Repository/MOH AND GRN/Page_KDMC - CMS/select_--Select--Adernaline 0.'

2018-05-09 15:49:51 - [MESSAGE][PASSED] - All options with index in [55] are selected on object 'Object Repository/MOH AND GRN/Page_KDMC - CMS/select_--Select--Adernaline 0.'

2018-05-09 15:49:51 - [TEST_STEP][PASSED] - setText: Text '5000' is set on object 'Object Repository/MOH AND GRN/Page_KDMC - CMS/input_txttreat'

2018-05-09 15:49:52 - [MESSAGE][PASSED] - Text '5000' is set on object 'Object Repository/MOH AND GRN/Page_KDMC - CMS/input_txttreat'

2018-05-09 15:49:52 - [TEST_STEP][PASSED] - click: Object: 'Object Repository/MOH AND GRN/Page_KDMC - CMS/button_Add' is clicked on

2018-05-09 15:49:57 - [MESSAGE][PASSED] - Object: 'Object Repository/MOH AND GRN/Page_KDMC - CMS/button_Add' is clicked on

2018-05-09 15:49:57 - [TEST_STEP][PASSED] - selectOptionByIndex: All options with index in [2] are selected on object 'Object Repository/MOH AND GRN/Page_KDMC - CMS/select_--Select--Schedule 1Inj'

2018-05-09 15:49:57 - [MESSAGE][PASSED] - All options with index in [2] are selected on object 'Object Repository/MOH AND GRN/Page_KDMC - CMS/select_--Select--Schedule 1Inj'

2018-05-09 15:49:57 - [TEST_STEP][PASSED] - selectOptionByIndex: All options with index in [56] are selected on object 'Object Repository/MOH AND GRN/Page_KDMC - CMS/select_--Select--Adernaline 0.'

2018-05-09 15:49:57 - [MESSAGE][PASSED] - All options with index in [56] are selected on object 'Object Repository/MOH AND GRN/Page_KDMC - CMS/select_--Select--Adernaline 0.'

2018-05-09 15:49:57 - [TEST_STEP][PASSED] - setText: Text '5000' is set on object 'Object Repository/MOH AND GRN/Page_KDMC - CMS/input_txttreat'

2018-05-09 15:49:57 - [MESSAGE][PASSED] - Text '5000' is set on object 'Object Repository/MOH AND GRN/Page_KDMC - CMS/input_txttreat'

2018-05-09 15:49:57 - [TEST_STEP][PASSED] - click: Object: 'Object Repository/MOH AND GRN/Page_KDMC - CMS/button_Add' is clicked on

2018-05-09 15:50:03 - [MESSAGE][PASSED] - Object: 'Object Repository/MOH AND GRN/Page_KDMC - CMS/button_Add' is clicked on

2018-05-09 15:50:03 - [TEST_STEP][PASSED] - selectOptionByIndex: All options with index in [2] are selected on object 'Object Repository/MOH AND GRN/Page_KDMC - CMS/select_--Select--Schedule 1Inj'

2018-05-09 15:50:03 - [MESSAGE][PASSED] - All options with index in [2] are selected on object 'Object Repository/MOH AND GRN/Page_KDMC - CMS/select_--Select--Schedule 1Inj'

2018-05-09 15:50:03 - [TEST_STEP][PASSED] - selectOptionByIndex: All options with index in [57] are selected on object 'Object Repository/MOH AND GRN/Page_KDMC - CMS/select_--Select--Adernaline 0.'

2018-05-09 15:50:03 - [MESSAGE][PASSED] - All options with index in [57] are selected on object 'Object Repository/MOH AND GRN/Page_KDMC - CMS/select_--Select--Adernaline 0.'

2018-05-09 15:50:03 - [TEST_STEP][PASSED] - setText: Text '5000' is set on object 'Object Repository/MOH AND GRN/Page_KDMC - CMS/input_txttreat'

2018-05-09 15:50:03 - [MESSAGE][PASSED] - Text '5000' is set on object 'Object Repository/MOH AND GRN/Page_KDMC - CMS/input_txttreat'

2018-05-09 15:50:03 - [TEST_STEP][PASSED] - click: Object: 'Object Repository/MOH AND GRN/Page_KDMC - CMS/button_Add' is clicked on

2018-05-09 15:50:08 - [MESSAGE][PASSED] - Object: 'Object Repository/MOH AND GRN/Page_KDMC - CMS/button_Add' is clicked on

2018-05-09 15:50:08 - [TEST_STEP][PASSED] - selectOptionByIndex: All options with index in [2] are selected on object 'Object Repository/MOH AND GRN/Page_KDMC - CMS/select_--Select--Schedule 1Inj'

2018-05-09 15:50:09 - [MESSAGE][PASSED] - All options with index in [2] are selected on object 'Object Repository/MOH AND GRN/Page_KDMC - CMS/select_--Select--Schedule 1Inj'

2018-05-09 15:50:09 - [TEST_STEP][PASSED] - selectOptionByIndex: All options with index in [58] are selected on object 'Object Repository/MOH AND GRN/Page_KDMC - CMS/select_--Select--Adernaline 0.'

2018-05-09 15:50:09 - [MESSAGE][PASSED] - All options with index in [58] are selected on object 'Object Repository/MOH AND GRN/Page_KDMC - CMS/select_--Select--Adernaline 0.'

2018-05-09 15:50:09 - [TEST_STEP][PASSED] - setText: Text '5000' is set on object 'Object Repository/MOH AND GRN/Page_KDMC - CMS/input_txttreat'

2018-05-09 15:50:09 - [MESSAGE][PASSED] - Text '5000' is set on object 'Object Repository/MOH AND GRN/Page_KDMC - CMS/input_txttreat'

2018-05-09 15:50:09 - [TEST_STEP][PASSED] - click: Object: 'Object Repository/MOH AND GRN/Page_KDMC - CMS/button_Add' is clicked on

2018-05-09 15:50:14 - [MESSAGE][PASSED] - Object: 'Object Repository/MOH AND GRN/Page_KDMC - CMS/button_Add' is clicked on

2018-05-09 15:50:14 - [TEST_STEP][PASSED] - selectOptionByIndex: All options with index in [2] are selected on object 'Object Repository/MOH AND GRN/Page_KDMC - CMS/select_--Select--Schedule 1Inj'

2018-05-09 15:50:15 - [MESSAGE][PASSED] - All options with index in [2] are selected on object 'Object Repository/MOH AND GRN/Page_KDMC - CMS/select_--Select--Schedule 1Inj'

2018-05-09 15:50:15 - [TEST_STEP][PASSED] - selectOptionByIndex: All options with index in [59] are selected on object 'Object Repository/MOH AND GRN/Page_KDMC - CMS/select_--Select--Adernaline 0.'

2018-05-09 15:50:15 - [MESSAGE][PASSED] - All options with index in [59] are selected on object 'Object Repository/MOH AND GRN/Page_KDMC - CMS/select_--Select--Adernaline 0.'

2018-05-09 15:50:15 - [TEST_STEP][PASSED] - setText: Text '5000' is set on object 'Object Repository/MOH AND GRN/Page_KDMC - CMS/input_txttreat'

2018-05-09 15:50:15 - [MESSAGE][PASSED] - Text '5000' is set on object 'Object Repository/MOH AND GRN/Page_KDMC - CMS/input_txttreat'

2018-05-09 15:50:15 - [TEST_STEP][PASSED] - click: Object: 'Object Repository/MOH AND GRN/Page_KDMC - CMS/button_Add' is clicked on

2018-05-09 15:50:20 - [MESSAGE][PASSED] - Object: 'Object Repository/MOH AND GRN/Page_KDMC - CMS/button_Add' is clicked on

2018-05-09 15:50:20 - [TEST_STEP][PASSED] - selectOptionByIndex: All options with index in [2] are selected on object 'Object Repository/MOH AND GRN/Page_KDMC - CMS/select_--Select--Schedule 1Inj'

2018-05-09 15:50:21 - [MESSAGE][PASSED] - All options with index in [2] are selected on object 'Object Repository/MOH AND GRN/Page_KDMC - CMS/select_--Select--Schedule 1Inj'

2018-05-09 15:50:21 - [TEST_STEP][PASSED] - selectOptionByIndex: All options with index in [60] are selected on object 'Object Repository/MOH AND GRN/Page_KDMC - CMS/select_--Select--Adernaline 0.'

2018-05-09 15:50:21 - [MESSAGE][PASSED] - All options with index in [60] are selected on object 'Object Repository/MOH AND GRN/Page_KDMC - CMS/select_--Select--Adernaline 0.'

2018-05-09 15:50:21 - [TEST_STEP][PASSED] - setText: Text '5000' is set on object 'Object Repository/MOH AND GRN/Page_KDMC - CMS/input_txttreat'

2018-05-09 15:50:21 - [MESSAGE][PASSED] - Text '5000' is set on object 'Object Repository/MOH AND GRN/Page_KDMC - CMS/input_txttreat'

2018-05-09 15:50:21 - [TEST_STEP][PASSED] - click: Object: 'Object Repository/MOH AND GRN/Page_KDMC - CMS/button_Add' is clicked on

2018-05-09 15:50:26 - [MESSAGE][PASSED] - Object: 'Object Repository/MOH AND GRN/Page_KDMC - CMS/button_Add' is clicked on

2018-05-09 15:50:26 - [TEST_STEP][PASSED] - selectOptionByIndex: All options with index in [2] are selected on object 'Object Repository/MOH AND GRN/Page_KDMC - CMS/select_--Select--Schedule 1Inj'

2018-05-09 15:50:27 - [MESSAGE][PASSED] - All options with index in [2] are selected on object 'Object Repository/MOH AND GRN/Page_KDMC - CMS/select_--Select--Schedule 1Inj'

2018-05-09 15:50:27 - [TEST_STEP][PASSED] - selectOptionByIndex: All options with index in [61] are selected on object 'Object Repository/MOH AND GRN/Page_KDMC - CMS/select_--Select--Adernaline 0.'

2018-05-09 15:50:27 - [MESSAGE][PASSED] - All options with index in [61] are selected on object 'Object Repository/MOH AND GRN/Page_KDMC - CMS/select_--Select--Adernaline 0.'

2018-05-09 15:50:27 - [TEST_STEP][PASSED] - setText: Text '5000' is set on object 'Object Repository/MOH AND GRN/Page_KDMC - CMS/input_txttreat'

2018-05-09 15:50:27 - [MESSAGE][PASSED] - Text '5000' is set on object 'Object Repository/MOH AND GRN/Page_KDMC - CMS/input_txttreat'

2018-05-09 15:50:27 - [TEST_STEP][PASSED] - click: Object: 'Object Repository/MOH AND GRN/Page_KDMC - CMS/button_Add' is clicked on

2018-05-09 15:50:32 - [MESSAGE][PASSED] - Object: 'Object Repository/MOH AND GRN/Page_KDMC - CMS/button_Add' is clicked on

2018-05-09 15:50:32 - [TEST_STEP][PASSED] - selectOptionByIndex: All options with index in [2] are selected on object 'Object Repository/MOH AND GRN/Page_KDMC - CMS/select_--Select--Schedule 1Inj'

2018-05-09 15:50:33 - [MESSAGE][PASSED] - All options with index in [2] are selected on object 'Object Repository/MOH AND GRN/Page_KDMC - CMS/select_--Select--Schedule 1Inj'

2018-05-09 15:50:33 - [TEST_STEP][PASSED] - selectOptionByIndex: All options with index in [62] are selected on object 'Object Repository/MOH AND GRN/Page_KDMC - CMS/select_--Select--Adernaline 0.'

2018-05-09 15:50:33 - [MESSAGE][PASSED] - All options with index in [62] are selected on object 'Object Repository/MOH AND GRN/Page_KDMC - CMS/select_--Select--Adernaline 0.'

2018-05-09 15:50:33 - [TEST_STEP][PASSED] - setText: Text '5000' is set on object 'Object Repository/MOH AND GRN/Page_KDMC - CMS/input_txttreat'

2018-05-09 15:50:33 - [MESSAGE][PASSED] - Text '5000' is set on object 'Object Repository/MOH AND GRN/Page_KDMC - CMS/input_txttreat'

2018-05-09 15:50:33 - [TEST_STEP][PASSED] - click: Object: 'Object Repository/MOH AND GRN/Page_KDMC - CMS/button_Add' is clicked on

2018-05-09 15:50:38 - [MESSAGE][PASSED] - Object: 'Object Repository/MOH AND GRN/Page_KDMC - CMS/button_Add' is clicked on

2018-05-09 15:50:38 - [TEST_STEP][PASSED] - selectOptionByIndex: All options with index in [2] are selected on object 'Object Repository/MOH AND GRN/Page_KDMC - CMS/select_--Select--Schedule 1Inj'

2018-05-09 15:50:39 - [MESSAGE][PASSED] - All options with index in [2] are selected on object 'Object Repository/MOH AND GRN/Page_KDMC - CMS/select_--Select--Schedule 1Inj'

2018-05-09 15:50:39 - [TEST_STEP][PASSED] - selectOptionByIndex: All options with index in [63] are selected on object 'Object Repository/MOH AND GRN/Page_KDMC - CMS/select_--Select--Adernaline 0.'

2018-05-09 15:50:39 - [MESSAGE][PASSED] - All options with index in [63] are selected on object 'Object Repository/MOH AND GRN/Page_KDMC - CMS/select_--Select--Adernaline 0.'

2018-05-09 15:50:39 - [TEST_STEP][PASSED] - setText: Text '5000' is set on object 'Object Repository/MOH AND GRN/Page_KDMC - CMS/input_txttreat'

2018-05-09 15:50:39 - [MESSAGE][PASSED] - Text '5000' is set on object 'Object Repository/MOH AND GRN/Page_KDMC - CMS/input_txttreat'

2018-05-09 15:50:39 - [TEST_STEP][PASSED] - click: Object: 'Object Repository/MOH AND GRN/Page_KDMC - CMS/button_Add' is clicked on

2018-05-09 15:50:44 - [MESSAGE][PASSED] - Object: 'Object Repository/MOH AND GRN/Page_KDMC - CMS/button_Add' is clicked on

2018-05-09 15:50:44 - [TEST_STEP][PASSED] - selectOptionByIndex: All options with index in [2] are selected on object 'Object Repository/MOH AND GRN/Page_KDMC - CMS/select_--Select--Schedule 1Inj'

2018-05-09 15:50:45 - [MESSAGE][PASSED] - All options with index in [2] are selected on object 'Object Repository/MOH AND GRN/Page_KDMC - CMS/select_--Select--Schedule 1Inj'

2018-05-09 15:50:45 - [TEST_STEP][PASSED] - selectOptionByIndex: All options with index in [64] are selected on object 'Object Repository/MOH AND GRN/Page_KDMC - CMS/select_--Select--Adernaline 0.'

2018-05-09 15:50:45 - [MESSAGE][PASSED] - All options with index in [64] are selected on object 'Object Repository/MOH AND GRN/Page_KDMC - CMS/select_--Select--Adernaline 0.'

2018-05-09 15:50:45 - [TEST_STEP][PASSED] - setText: Text '5000' is set on object 'Object Repository/MOH AND GRN/Page_KDMC - CMS/input_txttreat'

2018-05-09 15:50:45 - [MESSAGE][PASSED] - Text '5000' is set on object 'Object Repository/MOH AND GRN/Page_KDMC - CMS/input_txttreat'

2018-05-09 15:50:45 - [TEST_STEP][PASSED] - click: Object: 'Object Repository/MOH AND GRN/Page_KDMC - CMS/button_Add' is clicked on

2018-05-09 15:50:50 - [MESSAGE][PASSED] - Object: 'Object Repository/MOH AND GRN/Page_KDMC - CMS/button_Add' is clicked on

2018-05-09 15:50:50 - [TEST_STEP][PASSED] - selectOptionByIndex: All options with index in [2] are selected on object 'Object Repository/MOH AND GRN/Page_KDMC - CMS/select_--Select--Schedule 1Inj'

2018-05-09 15:50:51 - [MESSAGE][PASSED] - All options with index in [2] are selected on object 'Object Repository/MOH AND GRN/Page_KDMC - CMS/select_--Select--Schedule 1Inj'

2018-05-09 15:50:51 - [TEST_STEP][PASSED] - selectOptionByIndex: All options with index in [65] are selected on object 'Object Repository/MOH AND GRN/Page_KDMC - CMS/select_--Select--Adernaline 0.'

2018-05-09 15:50:51 - [MESSAGE][PASSED] - All options with index in [65] are selected on object 'Object Repository/MOH AND GRN/Page_KDMC - CMS/select_--Select--Adernaline 0.'

2018-05-09 15:50:51 - [TEST_STEP][PASSED] - setText: Text '5000' is set on object 'Object Repository/MOH AND GRN/Page_KDMC - CMS/input_txttreat'

2018-05-09 15:50:51 - [MESSAGE][PASSED] - Text '5000' is set on object 'Object Repository/MOH AND GRN/Page_KDMC - CMS/input_txttreat'

2018-05-09 15:50:51 - [TEST_STEP][PASSED] - click: Object: 'Object Repository/MOH AND GRN/Page_KDMC - CMS/button_Add' is clicked on

2018-05-09 15:50:56 - [MESSAGE][PASSED] - Object: 'Object Repository/MOH AND GRN/Page_KDMC - CMS/button_Add' is clicked on

2018-05-09 15:50:56 - [TEST_STEP][PASSED] - selectOptionByIndex: All options with index in [2] are selected on object 'Object Repository/MOH AND GRN/Page_KDMC - CMS/select_--Select--Schedule 1Inj'

2018-05-09 15:50:57 - [MESSAGE][PASSED] - All options with index in [2] are selected on object 'Object Repository/MOH AND GRN/Page_KDMC - CMS/select_--Select--Schedule 1Inj'

2018-05-09 15:50:57 - [TEST_STEP][PASSED] - selectOptionByIndex: All options with index in [66] are selected on object 'Object Repository/MOH AND GRN/Page_KDMC - CMS/select_--Select--Adernaline 0.'

2018-05-09 15:50:57 - [MESSAGE][PASSED] - All options with index in [66] are selected on object 'Object Repository/MOH AND GRN/Page_KDMC - CMS/select_--Select--Adernaline 0.'

2018-05-09 15:50:57 - [TEST_STEP][PASSED] - setText: Text '5000' is set on object 'Object Repository/MOH AND GRN/Page_KDMC - CMS/input_txttreat'

2018-05-09 15:50:57 - [MESSAGE][PASSED] - Text '5000' is set on object 'Object Repository/MOH AND GRN/Page_KDMC - CMS/input_txttreat'

2018-05-09 15:50:57 - [TEST_STEP][PASSED] - click: Object: 'Object Repository/MOH AND GRN/Page_KDMC - CMS/button_Add' is clicked on

2018-05-09 15:51:02 - [MESSAGE][PASSED] - Object: 'Object Repository/MOH AND GRN/Page_KDMC - CMS/button_Add' is clicked on

2018-05-09 15:51:02 - [TEST_STEP][PASSED] - selectOptionByIndex: All options with index in [2] are selected on object 'Object Repository/MOH AND GRN/Page_KDMC - CMS/select_--Select--Schedule 1Inj'

2018-05-09 15:51:03 - [MESSAGE][PASSED] - All options with index in [2] are selected on object 'Object Repository/MOH AND GRN/Page_KDMC - CMS/select_--Select--Schedule 1Inj'

2018-05-09 15:51:03 - [TEST_STEP][PASSED] - selectOptionByIndex: All options with index in [67] are selected on object 'Object Repository/MOH AND GRN/Page_KDMC - CMS/select_--Select--Adernaline 0.'

2018-05-09 15:51:03 - [MESSAGE][PASSED] - All options with index in [67] are selected on object 'Object Repository/MOH AND GRN/Page_KDMC - CMS/select_--Select--Adernaline 0.'

2018-05-09 15:51:03 - [TEST_STEP][PASSED] - setText: Text '5000' is set on object 'Object Repository/MOH AND GRN/Page_KDMC - CMS/input_txttreat'

2018-05-09 15:51:03 - [MESSAGE][PASSED] - Text '5000' is set on object 'Object Repository/MOH AND GRN/Page_KDMC - CMS/input_txttreat'

2018-05-09 15:51:03 - [TEST_STEP][PASSED] - click: Object: 'Object Repository/MOH AND GRN/Page_KDMC - CMS/button_Add' is clicked on

2018-05-09 15:51:08 - [MESSAGE][PASSED] - Object: 'Object Repository/MOH AND GRN/Page_KDMC - CMS/button_Add' is clicked on

2018-05-09 15:51:08 - [TEST_STEP][PASSED] - selectOptionByIndex: All options with index in [2] are selected on object 'Object Repository/MOH AND GRN/Page_KDMC - CMS/select_--Select--Schedule 1Inj'

2018-05-09 15:51:09 - [MESSAGE][PASSED] - All options with index in [2] are selected on object 'Object Repository/MOH AND GRN/Page_KDMC - CMS/select_--Select--Schedule 1Inj'

2018-05-09 15:51:09 - [TEST_STEP][PASSED] - selectOptionByIndex: All options with index in [68] are selected on object 'Object Repository/MOH AND GRN/Page_KDMC - CMS/select_--Select--Adernaline 0.'

2018-05-09 15:51:09 - [MESSAGE][PASSED] - All options with index in [68] are selected on object 'Object Repository/MOH AND GRN/Page_KDMC - CMS/select_--Select--Adernaline 0.'

2018-05-09 15:51:09 - [TEST_STEP][PASSED] - setText: Text '5000' is set on object 'Object Repository/MOH AND GRN/Page_KDMC - CMS/input_txttreat'

2018-05-09 15:51:09 - [MESSAGE][PASSED] - Text '5000' is set on object 'Object Repository/MOH AND GRN/Page_KDMC - CMS/input_txttreat'

2018-05-09 15:51:09 - [TEST_STEP][PASSED] - click: Object: 'Object Repository/MOH AND GRN/Page_KDMC - CMS/button_Add' is clicked on

2018-05-09 15:51:15 - [MESSAGE][PASSED] - Object: 'Object Repository/MOH AND GRN/Page_KDMC - CMS/button_Add' is clicked on

2018-05-09 15:51:15 - [TEST_STEP][PASSED] - selectOptionByIndex: All options with index in [2] are selected on object 'Object Repository/MOH AND GRN/Page_KDMC - CMS/select_--Select--Schedule 1Inj'

2018-05-09 15:51:15 - [MESSAGE][PASSED] - All options with index in [2] are selected on object 'Object Repository/MOH AND GRN/Page_KDMC - CMS/select_--Select--Schedule 1Inj'

2018-05-09 15:51:15 - [TEST_STEP][PASSED] - selectOptionByIndex: All options with index in [69] are selected on object 'Object Repository/MOH AND GRN/Page_KDMC - CMS/select_--Select--Adernaline 0.'

2018-05-09 15:51:15 - [MESSAGE][PASSED] - All options with index in [69] are selected on object 'Object Repository/MOH AND GRN/Page_KDMC - CMS/select_--Select--Adernaline 0.'

2018-05-09 15:51:15 - [TEST_STEP][PASSED] - setText: Text '5000' is set on object 'Object Repository/MOH AND GRN/Page_KDMC - CMS/input_txttreat'

2018-05-09 15:51:16 - [MESSAGE][PASSED] - Text '5000' is set on object 'Object Repository/MOH AND GRN/Page_KDMC - CMS/input_txttreat'

2018-05-09 15:51:16 - [TEST_STEP][PASSED] - click: Object: 'Object Repository/MOH AND GRN/Page_KDMC - CMS/button_Add' is clicked on

2018-05-09 15:51:21 - [MESSAGE][PASSED] - Object: 'Object Repository/MOH AND GRN/Page_KDMC - CMS/button_Add' is clicked on

2018-05-09 15:51:21 - [TEST_STEP][PASSED] - selectOptionByIndex: All options with index in [2] are selected on object 'Object Repository/MOH AND GRN/Page_KDMC - CMS/select_--Select--Schedule 1Inj'

2018-05-09 15:51:21 - [MESSAGE][PASSED] - All options with index in [2] are selected on object 'Object Repository/MOH AND GRN/Page_KDMC - CMS/select_--Select--Schedule 1Inj'

2018-05-09 15:51:21 - [TEST_STEP][PASSED] - selectOptionByIndex: All options with index in [70] are selected on object 'Object Repository/MOH AND GRN/Page_KDMC - CMS/select_--Select--Adernaline 0.'

2018-05-09 15:51:22 - [MESSAGE][PASSED] - All options with index in [70] are selected on object 'Object Repository/MOH AND GRN/Page_KDMC - CMS/select_--Select--Adernaline 0.'

2018-05-09 15:51:22 - [TEST_STEP][PASSED] - setText: Text '5000' is set on object 'Object Repository/MOH AND GRN/Page_KDMC - CMS/input_txttreat'

2018-05-09 15:51:22 - [MESSAGE][PASSED] - Text '5000' is set on object 'Object Repository/MOH AND GRN/Page_KDMC - CMS/input_txttreat'

2018-05-09 15:51:22 - [TEST_STEP][PASSED] - click: Object: 'Object Repository/MOH AND GRN/Page_KDMC - CMS/button_Add' is clicked on

2018-05-09 15:51:27 - [MESSAGE][PASSED] - Object: 'Object Repository/MOH AND GRN/Page_KDMC - CMS/button_Add' is clicked on

2018-05-09 15:51:27 - [TEST_STEP][PASSED] - selectOptionByIndex: All options with index in [2] are selected on object 'Object Repository/MOH AND GRN/Page_KDMC - CMS/select_--Select--Schedule 1Inj'

2018-05-09 15:51:27 - [MESSAGE][PASSED] - All options with index in [2] are selected on object 'Object Repository/MOH AND GRN/Page_KDMC - CMS/select_--Select--Schedule 1Inj'

2018-05-09 15:51:27 - [TEST_STEP][PASSED] - selectOptionByIndex: All options with index in [71] are selected on object 'Object Repository/MOH AND GRN/Page_KDMC - CMS/select_--Select--Adernaline 0.'

2018-05-09 15:51:28 - [MESSAGE][PASSED] - All options with index in [71] are selected on object 'Object Repository/MOH AND GRN/Page_KDMC - CMS/select_--Select--Adernaline 0.'

2018-05-09 15:51:28 - [TEST_STEP][PASSED] - setText: Text '5000' is set on object 'Object Repository/MOH AND GRN/Page_KDMC - CMS/input_txttreat'

2018-05-09 15:51:28 - [MESSAGE][PASSED] - Text '5000' is set on object 'Object Repository/MOH AND GRN/Page_KDMC - CMS/input_txttreat'

2018-05-09 15:51:28 - [TEST_STEP][PASSED] - click: Object: 'Object Repository/MOH AND GRN/Page_KDMC - CMS/button_Add' is clicked on

2018-05-09 15:51:33 - [MESSAGE][PASSED] - Object: 'Object Repository/MOH AND GRN/Page_KDMC - CMS/button_Add' is clicked on

2018-05-09 15:51:33 - [TEST_STEP][PASSED] - selectOptionByIndex: All options with index in [2] are selected on object 'Object Repository/MOH AND GRN/Page_KDMC - CMS/select_--Select--Schedule 1Inj'

2018-05-09 15:51:33 - [MESSAGE][PASSED] - All options with index in [2] are selected on object 'Object Repository/MOH AND GRN/Page_KDMC - CMS/select_--Select--Schedule 1Inj'

2018-05-09 15:51:33 - [TEST_STEP][PASSED] - selectOptionByIndex: All options with index in [72] are selected on object 'Object Repository/MOH AND GRN/Page_KDMC - CMS/select_--Select--Adernaline 0.'

2018-05-09 15:51:34 - [MESSAGE][PASSED] - All options with index in [72] are selected on object 'Object Repository/MOH AND GRN/Page_KDMC - CMS/select_--Select--Adernaline 0.'

2018-05-09 15:51:34 - [TEST_STEP][PASSED] - setText: Text '5000' is set on object 'Object Repository/MOH AND GRN/Page_KDMC - CMS/input_txttreat'

2018-05-09 15:51:34 - [MESSAGE][PASSED] - Text '5000' is set on object 'Object Repository/MOH AND GRN/Page_KDMC - CMS/input_txttreat'

2018-05-09 15:51:34 - [TEST_STEP][PASSED] - click: Object: 'Object Repository/MOH AND GRN/Page_KDMC - CMS/button_Add' is clicked on

2018-05-09 15:51:39 - [MESSAGE][PASSED] - Object: 'Object Repository/MOH AND GRN/Page_KDMC - CMS/button_Add' is clicked on

2018-05-09 15:51:39 - [TEST_STEP][PASSED] - scrollToElement: Scroll to object 'Object Repository/MOH AND GRN/Page_KDMC - CMS/input_btnsave' successfully

2018-05-09 15:51:39 - [MESSAGE][PASSED] - Scroll to object 'Object Repository/MOH AND GRN/Page_KDMC - CMS/input_btnsave' successfully

2018-05-09 15:51:39 - [TEST_STEP][PASSED] - click: Object: 'Object Repository/MOH AND GRN/Page_KDMC - CMS/input_btnsave' is clicked on

2018-05-09 15:51:44 - [MESSAGE][PASSED] - Object: 'Object Repository/MOH AND GRN/Page_KDMC - CMS/input_btnsave' is clicked on

2018-05-09 15:51:44 - [TEST_STEP][PASSED] - delay: Delayed 3 second(s)

2018-05-09 15:51:47 - [MESSAGE][PASSED] - Delayed 3 second(s)

2018-05-09 15:51:47 - [TEST_STEP][PASSED] - Statement - Request1 = com.kms.katalon.core.webui.keyword.WebUiBuiltInKeywords.getText(com.kms.katalon.core.testobject.ObjectRepository.findTestObject(MOH AND GRN/Page_KDMC - CMS/font_PRNO0505201876)): Text of object 'Object Repository/MOH AND GRN/Page_KDMC - CMS/font_PRNO0505201876' is: ''

2018-05-09 15:51:47 - [MESSAGE][PASSED] - Text of object 'Object Repository/MOH AND GRN/Page_KDMC - CMS/font_PRNO0505201876' is: ''

2018-05-09 15:51:47 - [TEST_STEP][PASSED] - Statement - out.println("Length OF The Medicine " + Request1): null

2018-05-09 15:51:47 - [TEST_STEP][PASSED] - Statement - RequestNUmber = Request1.split("/")[2].trim(): null]]></system-out>
         <system-err><![CDATA[2018-05-09 15:44:40 - [TEST_CASE][ERROR] - Test Cases/MOH REQUEST AND GRN/Moh Request GRN  Schedule 2: Test Cases/MOH REQUEST AND GRN/Moh Request GRN  Schedule 2 FAILED because (of) java.lang.ArrayIndexOutOfBoundsException: 2]]></system-err>
      </testcase>
      <testcase name="Test Cases/MOH REQUEST AND GRN/Moh Request GRN  Schedule 3" classname="Test Cases/MOH REQUEST AND GRN/Moh Request GRN  Schedule 3" status="ERROR">
         <error type="ERROR" message="Test Cases/MOH REQUEST AND GRN/Moh Request GRN  Schedule 3 FAILED because (of) java.lang.ArrayIndexOutOfBoundsException: 2"/>
         <system-out><![CDATA[2018-05-09 15:51:47 - [TEST_CASE][ERROR] - Test Cases/MOH REQUEST AND GRN/Moh Request GRN  Schedule 3: Test Cases/MOH REQUEST AND GRN/Moh Request GRN  Schedule 3 FAILED because (of) java.lang.ArrayIndexOutOfBoundsException: 2

2018-05-09 15:51:47 - [TEST_STEP][PASSED] - openBrowser: Browser is opened with url: ''

2018-05-09 15:51:47 - [MESSAGE][WARNING] - A browser is already opened. Closing browser and opening a new one

2018-05-09 15:51:50 - [MESSAGE][PASSED] - Browser is opened with url: ''

2018-05-09 15:51:50 - [TEST_STEP][PASSED] - navigateToUrl: Navigate to 'http://192.168.137.1/multihospital_new/' successfully

2018-05-09 15:51:53 - [MESSAGE][PASSED] - Navigate to 'http://192.168.137.1/multihospital_new/' successfully

2018-05-09 15:51:53 - [TEST_STEP][PASSED] - maximizeWindow: Current window maximized

2018-05-09 15:51:54 - [MESSAGE][PASSED] - Current window maximized

2018-05-09 15:51:54 - [TEST_STEP][PASSED] - click: Object: 'Object Repository/MOH AND GRN/Page_KDMC/a_CMS' is clicked on

2018-05-09 15:51:55 - [MESSAGE][PASSED] - Object: 'Object Repository/MOH AND GRN/Page_KDMC/a_CMS' is clicked on

2018-05-09 15:51:55 - [TEST_STEP][PASSED] - setText: Text 'bala' is set on object 'Object Repository/MOH AND GRN/Page_CMS login/input_txtusername'

2018-05-09 15:51:55 - [MESSAGE][PASSED] - Text 'bala' is set on object 'Object Repository/MOH AND GRN/Page_CMS login/input_txtusername'

2018-05-09 15:51:55 - [TEST_STEP][PASSED] - setText: Text '123' is set on object 'Object Repository/MOH AND GRN/Page_CMS login/input_txtpassword'

2018-05-09 15:51:55 - [MESSAGE][PASSED] - Text '123' is set on object 'Object Repository/MOH AND GRN/Page_CMS login/input_txtpassword'

2018-05-09 15:51:55 - [TEST_STEP][PASSED] - delay: Delayed 3 second(s)

2018-05-09 15:51:58 - [MESSAGE][PASSED] - Delayed 3 second(s)

2018-05-09 15:51:58 - [TEST_STEP][PASSED] - click: Object: 'Object Repository/MOH AND GRN/Page_CMS login/button_Sign in' is clicked on

2018-05-09 15:51:59 - [MESSAGE][PASSED] - Object: 'Object Repository/MOH AND GRN/Page_CMS login/button_Sign in' is clicked on

2018-05-09 15:51:59 - [TEST_STEP][PASSED] - click: Object: 'Object Repository/MOH AND GRN/Page_KDMC - CMS/a_Request to MOH' is clicked on

2018-05-09 15:52:05 - [MESSAGE][PASSED] - Object: 'Object Repository/MOH AND GRN/Page_KDMC - CMS/a_Request to MOH' is clicked on

2018-05-09 15:52:05 - [TEST_STEP][PASSED] - selectOptionByIndex: All options with index in [2] are selected on object 'Object Repository/MOH AND GRN/Page_KDMC - CMS/select_--Select--'

2018-05-09 15:52:05 - [MESSAGE][PASSED] - All options with index in [2] are selected on object 'Object Repository/MOH AND GRN/Page_KDMC - CMS/select_--Select--'

2018-05-09 15:52:05 - [TEST_STEP][PASSED] - selectOptionByIndex: All options with index in [3] are selected on object 'Object Repository/MOH AND GRN/Page_KDMC - CMS/select_--Select--Schedule 1Inj'

2018-05-09 15:52:05 - [MESSAGE][PASSED] - All options with index in [3] are selected on object 'Object Repository/MOH AND GRN/Page_KDMC - CMS/select_--Select--Schedule 1Inj'

2018-05-09 15:52:05 - [TEST_STEP][PASSED] - Statement - selectedoptions = com.kms.katalon.core.webui.keyword.WebUiBuiltInKeywords.getNumberOfTotalOption(com.kms.katalon.core.testobject.ObjectRepository.findTestObject(MOH AND GRN/Page_KDMC - CMS/select_--Select--Adernaline 0.)): 37 options of object 'Object Repository/MOH AND GRN/Page_KDMC - CMS/select_--Select--Adernaline 0.' counted

2018-05-09 15:52:05 - [MESSAGE][PASSED] - 37 options of object 'Object Repository/MOH AND GRN/Page_KDMC - CMS/select_--Select--Adernaline 0.' counted

2018-05-09 15:52:05 - [TEST_STEP][PASSED] - Statement - For ([j = 1, j <= selectedoptions - 1, (j++)]): Object: 'Object Repository/MOH AND GRN/Page_KDMC - CMS/button_Add' is clicked on

2018-05-09 15:52:05 - [TEST_STEP][PASSED] - selectOptionByIndex: All options with index in [3] are selected on object 'Object Repository/MOH AND GRN/Page_KDMC - CMS/select_--Select--Schedule 1Inj'

2018-05-09 15:52:05 - [MESSAGE][PASSED] - All options with index in [3] are selected on object 'Object Repository/MOH AND GRN/Page_KDMC - CMS/select_--Select--Schedule 1Inj'

2018-05-09 15:52:05 - [TEST_STEP][PASSED] - selectOptionByIndex: All options with index in [1] are selected on object 'Object Repository/MOH AND GRN/Page_KDMC - CMS/select_--Select--Adernaline 0.'

2018-05-09 15:52:05 - [MESSAGE][PASSED] - All options with index in [1] are selected on object 'Object Repository/MOH AND GRN/Page_KDMC - CMS/select_--Select--Adernaline 0.'

2018-05-09 15:52:05 - [TEST_STEP][PASSED] - setText: Text '5000' is set on object 'Object Repository/MOH AND GRN/Page_KDMC - CMS/input_txttreat'

2018-05-09 15:52:06 - [MESSAGE][PASSED] - Text '5000' is set on object 'Object Repository/MOH AND GRN/Page_KDMC - CMS/input_txttreat'

2018-05-09 15:52:06 - [TEST_STEP][PASSED] - click: Object: 'Object Repository/MOH AND GRN/Page_KDMC - CMS/button_Add' is clicked on

2018-05-09 15:52:11 - [MESSAGE][PASSED] - Object: 'Object Repository/MOH AND GRN/Page_KDMC - CMS/button_Add' is clicked on

2018-05-09 15:52:11 - [TEST_STEP][PASSED] - selectOptionByIndex: All options with index in [3] are selected on object 'Object Repository/MOH AND GRN/Page_KDMC - CMS/select_--Select--Schedule 1Inj'

2018-05-09 15:52:11 - [MESSAGE][PASSED] - All options with index in [3] are selected on object 'Object Repository/MOH AND GRN/Page_KDMC - CMS/select_--Select--Schedule 1Inj'

2018-05-09 15:52:11 - [TEST_STEP][PASSED] - selectOptionByIndex: All options with index in [2] are selected on object 'Object Repository/MOH AND GRN/Page_KDMC - CMS/select_--Select--Adernaline 0.'

2018-05-09 15:52:11 - [MESSAGE][PASSED] - All options with index in [2] are selected on object 'Object Repository/MOH AND GRN/Page_KDMC - CMS/select_--Select--Adernaline 0.'

2018-05-09 15:52:11 - [TEST_STEP][PASSED] - setText: Text '5000' is set on object 'Object Repository/MOH AND GRN/Page_KDMC - CMS/input_txttreat'

2018-05-09 15:52:11 - [MESSAGE][PASSED] - Text '5000' is set on object 'Object Repository/MOH AND GRN/Page_KDMC - CMS/input_txttreat'

2018-05-09 15:52:11 - [TEST_STEP][PASSED] - click: Object: 'Object Repository/MOH AND GRN/Page_KDMC - CMS/button_Add' is clicked on

2018-05-09 15:52:11 - [MESSAGE][PASSED] - Object: 'Object Repository/MOH AND GRN/Page_KDMC - CMS/button_Add' is clicked on

2018-05-09 15:52:11 - [TEST_STEP][PASSED] - selectOptionByIndex: All options with index in [3] are selected on object 'Object Repository/MOH AND GRN/Page_KDMC - CMS/select_--Select--Schedule 1Inj'

2018-05-09 15:52:12 - [MESSAGE][PASSED] - All options with index in [3] are selected on object 'Object Repository/MOH AND GRN/Page_KDMC - CMS/select_--Select--Schedule 1Inj'

2018-05-09 15:52:12 - [TEST_STEP][PASSED] - selectOptionByIndex: All options with index in [3] are selected on object 'Object Repository/MOH AND GRN/Page_KDMC - CMS/select_--Select--Adernaline 0.'

2018-05-09 15:52:12 - [MESSAGE][PASSED] - All options with index in [3] are selected on object 'Object Repository/MOH AND GRN/Page_KDMC - CMS/select_--Select--Adernaline 0.'

2018-05-09 15:52:12 - [TEST_STEP][PASSED] - setText: Text '5000' is set on object 'Object Repository/MOH AND GRN/Page_KDMC - CMS/input_txttreat'

2018-05-09 15:52:12 - [MESSAGE][PASSED] - Text '5000' is set on object 'Object Repository/MOH AND GRN/Page_KDMC - CMS/input_txttreat'

2018-05-09 15:52:12 - [TEST_STEP][PASSED] - click: Object: 'Object Repository/MOH AND GRN/Page_KDMC - CMS/button_Add' is clicked on

2018-05-09 15:52:12 - [MESSAGE][PASSED] - Object: 'Object Repository/MOH AND GRN/Page_KDMC - CMS/button_Add' is clicked on

2018-05-09 15:52:12 - [TEST_STEP][PASSED] - selectOptionByIndex: All options with index in [3] are selected on object 'Object Repository/MOH AND GRN/Page_KDMC - CMS/select_--Select--Schedule 1Inj'

2018-05-09 15:52:12 - [MESSAGE][PASSED] - All options with index in [3] are selected on object 'Object Repository/MOH AND GRN/Page_KDMC - CMS/select_--Select--Schedule 1Inj'

2018-05-09 15:52:12 - [TEST_STEP][PASSED] - selectOptionByIndex: All options with index in [4] are selected on object 'Object Repository/MOH AND GRN/Page_KDMC - CMS/select_--Select--Adernaline 0.'

2018-05-09 15:52:12 - [MESSAGE][PASSED] - All options with index in [4] are selected on object 'Object Repository/MOH AND GRN/Page_KDMC - CMS/select_--Select--Adernaline 0.'

2018-05-09 15:52:12 - [TEST_STEP][PASSED] - setText: Text '5000' is set on object 'Object Repository/MOH AND GRN/Page_KDMC - CMS/input_txttreat'

2018-05-09 15:52:12 - [MESSAGE][PASSED] - Text '5000' is set on object 'Object Repository/MOH AND GRN/Page_KDMC - CMS/input_txttreat'

2018-05-09 15:52:12 - [TEST_STEP][PASSED] - click: Object: 'Object Repository/MOH AND GRN/Page_KDMC - CMS/button_Add' is clicked on

2018-05-09 15:52:12 - [MESSAGE][PASSED] - Object: 'Object Repository/MOH AND GRN/Page_KDMC - CMS/button_Add' is clicked on

2018-05-09 15:52:12 - [TEST_STEP][PASSED] - selectOptionByIndex: All options with index in [3] are selected on object 'Object Repository/MOH AND GRN/Page_KDMC - CMS/select_--Select--Schedule 1Inj'

2018-05-09 15:52:12 - [MESSAGE][PASSED] - All options with index in [3] are selected on object 'Object Repository/MOH AND GRN/Page_KDMC - CMS/select_--Select--Schedule 1Inj'

2018-05-09 15:52:12 - [TEST_STEP][PASSED] - selectOptionByIndex: All options with index in [5] are selected on object 'Object Repository/MOH AND GRN/Page_KDMC - CMS/select_--Select--Adernaline 0.'

2018-05-09 15:52:13 - [MESSAGE][PASSED] - All options with index in [5] are selected on object 'Object Repository/MOH AND GRN/Page_KDMC - CMS/select_--Select--Adernaline 0.'

2018-05-09 15:52:13 - [TEST_STEP][PASSED] - setText: Text '5000' is set on object 'Object Repository/MOH AND GRN/Page_KDMC - CMS/input_txttreat'

2018-05-09 15:52:13 - [MESSAGE][PASSED] - Text '5000' is set on object 'Object Repository/MOH AND GRN/Page_KDMC - CMS/input_txttreat'

2018-05-09 15:52:13 - [TEST_STEP][PASSED] - click: Object: 'Object Repository/MOH AND GRN/Page_KDMC - CMS/button_Add' is clicked on

2018-05-09 15:52:13 - [MESSAGE][PASSED] - Object: 'Object Repository/MOH AND GRN/Page_KDMC - CMS/button_Add' is clicked on

2018-05-09 15:52:13 - [TEST_STEP][PASSED] - selectOptionByIndex: All options with index in [3] are selected on object 'Object Repository/MOH AND GRN/Page_KDMC - CMS/select_--Select--Schedule 1Inj'

2018-05-09 15:52:13 - [MESSAGE][PASSED] - All options with index in [3] are selected on object 'Object Repository/MOH AND GRN/Page_KDMC - CMS/select_--Select--Schedule 1Inj'

2018-05-09 15:52:13 - [TEST_STEP][PASSED] - selectOptionByIndex: All options with index in [6] are selected on object 'Object Repository/MOH AND GRN/Page_KDMC - CMS/select_--Select--Adernaline 0.'

2018-05-09 15:52:13 - [MESSAGE][PASSED] - All options with index in [6] are selected on object 'Object Repository/MOH AND GRN/Page_KDMC - CMS/select_--Select--Adernaline 0.'

2018-05-09 15:52:13 - [TEST_STEP][PASSED] - setText: Text '5000' is set on object 'Object Repository/MOH AND GRN/Page_KDMC - CMS/input_txttreat'

2018-05-09 15:52:13 - [MESSAGE][PASSED] - Text '5000' is set on object 'Object Repository/MOH AND GRN/Page_KDMC - CMS/input_txttreat'

2018-05-09 15:52:13 - [TEST_STEP][PASSED] - click: Object: 'Object Repository/MOH AND GRN/Page_KDMC - CMS/button_Add' is clicked on

2018-05-09 15:52:13 - [MESSAGE][PASSED] - Object: 'Object Repository/MOH AND GRN/Page_KDMC - CMS/button_Add' is clicked on

2018-05-09 15:52:13 - [TEST_STEP][PASSED] - selectOptionByIndex: All options with index in [3] are selected on object 'Object Repository/MOH AND GRN/Page_KDMC - CMS/select_--Select--Schedule 1Inj'

2018-05-09 15:52:13 - [MESSAGE][PASSED] - All options with index in [3] are selected on object 'Object Repository/MOH AND GRN/Page_KDMC - CMS/select_--Select--Schedule 1Inj'

2018-05-09 15:52:13 - [TEST_STEP][PASSED] - selectOptionByIndex: All options with index in [7] are selected on object 'Object Repository/MOH AND GRN/Page_KDMC - CMS/select_--Select--Adernaline 0.'

2018-05-09 15:52:14 - [MESSAGE][PASSED] - All options with index in [7] are selected on object 'Object Repository/MOH AND GRN/Page_KDMC - CMS/select_--Select--Adernaline 0.'

2018-05-09 15:52:14 - [TEST_STEP][PASSED] - setText: Text '5000' is set on object 'Object Repository/MOH AND GRN/Page_KDMC - CMS/input_txttreat'

2018-05-09 15:52:14 - [MESSAGE][PASSED] - Text '5000' is set on object 'Object Repository/MOH AND GRN/Page_KDMC - CMS/input_txttreat'

2018-05-09 15:52:14 - [TEST_STEP][PASSED] - click: Object: 'Object Repository/MOH AND GRN/Page_KDMC - CMS/button_Add' is clicked on

2018-05-09 15:52:14 - [MESSAGE][PASSED] - Object: 'Object Repository/MOH AND GRN/Page_KDMC - CMS/button_Add' is clicked on

2018-05-09 15:52:14 - [TEST_STEP][PASSED] - selectOptionByIndex: All options with index in [3] are selected on object 'Object Repository/MOH AND GRN/Page_KDMC - CMS/select_--Select--Schedule 1Inj'

2018-05-09 15:52:14 - [MESSAGE][PASSED] - All options with index in [3] are selected on object 'Object Repository/MOH AND GRN/Page_KDMC - CMS/select_--Select--Schedule 1Inj'

2018-05-09 15:52:14 - [TEST_STEP][PASSED] - selectOptionByIndex: All options with index in [8] are selected on object 'Object Repository/MOH AND GRN/Page_KDMC - CMS/select_--Select--Adernaline 0.'

2018-05-09 15:52:14 - [MESSAGE][PASSED] - All options with index in [8] are selected on object 'Object Repository/MOH AND GRN/Page_KDMC - CMS/select_--Select--Adernaline 0.'

2018-05-09 15:52:14 - [TEST_STEP][PASSED] - setText: Text '5000' is set on object 'Object Repository/MOH AND GRN/Page_KDMC - CMS/input_txttreat'

2018-05-09 15:52:14 - [MESSAGE][PASSED] - Text '5000' is set on object 'Object Repository/MOH AND GRN/Page_KDMC - CMS/input_txttreat'

2018-05-09 15:52:14 - [TEST_STEP][PASSED] - click: Object: 'Object Repository/MOH AND GRN/Page_KDMC - CMS/button_Add' is clicked on

2018-05-09 15:52:14 - [MESSAGE][PASSED] - Object: 'Object Repository/MOH AND GRN/Page_KDMC - CMS/button_Add' is clicked on

2018-05-09 15:52:14 - [TEST_STEP][PASSED] - selectOptionByIndex: All options with index in [3] are selected on object 'Object Repository/MOH AND GRN/Page_KDMC - CMS/select_--Select--Schedule 1Inj'

2018-05-09 15:52:14 - [MESSAGE][PASSED] - All options with index in [3] are selected on object 'Object Repository/MOH AND GRN/Page_KDMC - CMS/select_--Select--Schedule 1Inj'

2018-05-09 15:52:14 - [TEST_STEP][PASSED] - selectOptionByIndex: All options with index in [9] are selected on object 'Object Repository/MOH AND GRN/Page_KDMC - CMS/select_--Select--Adernaline 0.'

2018-05-09 15:52:15 - [MESSAGE][PASSED] - All options with index in [9] are selected on object 'Object Repository/MOH AND GRN/Page_KDMC - CMS/select_--Select--Adernaline 0.'

2018-05-09 15:52:15 - [TEST_STEP][PASSED] - setText: Text '5000' is set on object 'Object Repository/MOH AND GRN/Page_KDMC - CMS/input_txttreat'

2018-05-09 15:52:15 - [MESSAGE][PASSED] - Text '5000' is set on object 'Object Repository/MOH AND GRN/Page_KDMC - CMS/input_txttreat'

2018-05-09 15:52:15 - [TEST_STEP][PASSED] - click: Object: 'Object Repository/MOH AND GRN/Page_KDMC - CMS/button_Add' is clicked on

2018-05-09 15:52:15 - [MESSAGE][PASSED] - Object: 'Object Repository/MOH AND GRN/Page_KDMC - CMS/button_Add' is clicked on

2018-05-09 15:52:15 - [TEST_STEP][PASSED] - selectOptionByIndex: All options with index in [3] are selected on object 'Object Repository/MOH AND GRN/Page_KDMC - CMS/select_--Select--Schedule 1Inj'

2018-05-09 15:52:15 - [MESSAGE][PASSED] - All options with index in [3] are selected on object 'Object Repository/MOH AND GRN/Page_KDMC - CMS/select_--Select--Schedule 1Inj'

2018-05-09 15:52:15 - [TEST_STEP][PASSED] - selectOptionByIndex: All options with index in [10] are selected on object 'Object Repository/MOH AND GRN/Page_KDMC - CMS/select_--Select--Adernaline 0.'

2018-05-09 15:52:15 - [MESSAGE][PASSED] - All options with index in [10] are selected on object 'Object Repository/MOH AND GRN/Page_KDMC - CMS/select_--Select--Adernaline 0.'

2018-05-09 15:52:15 - [TEST_STEP][PASSED] - setText: Text '5000' is set on object 'Object Repository/MOH AND GRN/Page_KDMC - CMS/input_txttreat'

2018-05-09 15:52:15 - [MESSAGE][PASSED] - Text '5000' is set on object 'Object Repository/MOH AND GRN/Page_KDMC - CMS/input_txttreat'

2018-05-09 15:52:15 - [TEST_STEP][PASSED] - click: Object: 'Object Repository/MOH AND GRN/Page_KDMC - CMS/button_Add' is clicked on

2018-05-09 15:52:15 - [MESSAGE][PASSED] - Object: 'Object Repository/MOH AND GRN/Page_KDMC - CMS/button_Add' is clicked on

2018-05-09 15:52:15 - [TEST_STEP][PASSED] - selectOptionByIndex: All options with index in [3] are selected on object 'Object Repository/MOH AND GRN/Page_KDMC - CMS/select_--Select--Schedule 1Inj'

2018-05-09 15:52:15 - [MESSAGE][PASSED] - All options with index in [3] are selected on object 'Object Repository/MOH AND GRN/Page_KDMC - CMS/select_--Select--Schedule 1Inj'

2018-05-09 15:52:15 - [TEST_STEP][PASSED] - selectOptionByIndex: All options with index in [11] are selected on object 'Object Repository/MOH AND GRN/Page_KDMC - CMS/select_--Select--Adernaline 0.'

2018-05-09 15:52:16 - [MESSAGE][PASSED] - All options with index in [11] are selected on object 'Object Repository/MOH AND GRN/Page_KDMC - CMS/select_--Select--Adernaline 0.'

2018-05-09 15:52:16 - [TEST_STEP][PASSED] - setText: Text '5000' is set on object 'Object Repository/MOH AND GRN/Page_KDMC - CMS/input_txttreat'

2018-05-09 15:52:16 - [MESSAGE][PASSED] - Text '5000' is set on object 'Object Repository/MOH AND GRN/Page_KDMC - CMS/input_txttreat'

2018-05-09 15:52:16 - [TEST_STEP][PASSED] - click: Object: 'Object Repository/MOH AND GRN/Page_KDMC - CMS/button_Add' is clicked on

2018-05-09 15:52:16 - [MESSAGE][PASSED] - Object: 'Object Repository/MOH AND GRN/Page_KDMC - CMS/button_Add' is clicked on

2018-05-09 15:52:16 - [TEST_STEP][PASSED] - selectOptionByIndex: All options with index in [3] are selected on object 'Object Repository/MOH AND GRN/Page_KDMC - CMS/select_--Select--Schedule 1Inj'

2018-05-09 15:52:16 - [MESSAGE][PASSED] - All options with index in [3] are selected on object 'Object Repository/MOH AND GRN/Page_KDMC - CMS/select_--Select--Schedule 1Inj'

2018-05-09 15:52:16 - [TEST_STEP][PASSED] - selectOptionByIndex: All options with index in [12] are selected on object 'Object Repository/MOH AND GRN/Page_KDMC - CMS/select_--Select--Adernaline 0.'

2018-05-09 15:52:16 - [MESSAGE][PASSED] - All options with index in [12] are selected on object 'Object Repository/MOH AND GRN/Page_KDMC - CMS/select_--Select--Adernaline 0.'

2018-05-09 15:52:16 - [TEST_STEP][PASSED] - setText: Text '5000' is set on object 'Object Repository/MOH AND GRN/Page_KDMC - CMS/input_txttreat'

2018-05-09 15:52:16 - [MESSAGE][PASSED] - Text '5000' is set on object 'Object Repository/MOH AND GRN/Page_KDMC - CMS/input_txttreat'

2018-05-09 15:52:16 - [TEST_STEP][PASSED] - click: Object: 'Object Repository/MOH AND GRN/Page_KDMC - CMS/button_Add' is clicked on

2018-05-09 15:52:16 - [MESSAGE][PASSED] - Object: 'Object Repository/MOH AND GRN/Page_KDMC - CMS/button_Add' is clicked on

2018-05-09 15:52:16 - [TEST_STEP][PASSED] - selectOptionByIndex: All options with index in [3] are selected on object 'Object Repository/MOH AND GRN/Page_KDMC - CMS/select_--Select--Schedule 1Inj'

2018-05-09 15:52:16 - [MESSAGE][PASSED] - All options with index in [3] are selected on object 'Object Repository/MOH AND GRN/Page_KDMC - CMS/select_--Select--Schedule 1Inj'

2018-05-09 15:52:16 - [TEST_STEP][PASSED] - selectOptionByIndex: All options with index in [13] are selected on object 'Object Repository/MOH AND GRN/Page_KDMC - CMS/select_--Select--Adernaline 0.'

2018-05-09 15:52:17 - [MESSAGE][PASSED] - All options with index in [13] are selected on object 'Object Repository/MOH AND GRN/Page_KDMC - CMS/select_--Select--Adernaline 0.'

2018-05-09 15:52:17 - [TEST_STEP][PASSED] - setText: Text '5000' is set on object 'Object Repository/MOH AND GRN/Page_KDMC - CMS/input_txttreat'

2018-05-09 15:52:17 - [MESSAGE][PASSED] - Text '5000' is set on object 'Object Repository/MOH AND GRN/Page_KDMC - CMS/input_txttreat'

2018-05-09 15:52:17 - [TEST_STEP][PASSED] - click: Object: 'Object Repository/MOH AND GRN/Page_KDMC - CMS/button_Add' is clicked on

2018-05-09 15:52:22 - [MESSAGE][PASSED] - Object: 'Object Repository/MOH AND GRN/Page_KDMC - CMS/button_Add' is clicked on

2018-05-09 15:52:22 - [TEST_STEP][PASSED] - selectOptionByIndex: All options with index in [3] are selected on object 'Object Repository/MOH AND GRN/Page_KDMC - CMS/select_--Select--Schedule 1Inj'

2018-05-09 15:52:22 - [MESSAGE][PASSED] - All options with index in [3] are selected on object 'Object Repository/MOH AND GRN/Page_KDMC - CMS/select_--Select--Schedule 1Inj'

2018-05-09 15:52:22 - [TEST_STEP][PASSED] - selectOptionByIndex: All options with index in [14] are selected on object 'Object Repository/MOH AND GRN/Page_KDMC - CMS/select_--Select--Adernaline 0.'

2018-05-09 15:52:22 - [MESSAGE][PASSED] - All options with index in [14] are selected on object 'Object Repository/MOH AND GRN/Page_KDMC - CMS/select_--Select--Adernaline 0.'

2018-05-09 15:52:22 - [TEST_STEP][PASSED] - setText: Text '5000' is set on object 'Object Repository/MOH AND GRN/Page_KDMC - CMS/input_txttreat'

2018-05-09 15:52:22 - [MESSAGE][PASSED] - Text '5000' is set on object 'Object Repository/MOH AND GRN/Page_KDMC - CMS/input_txttreat'

2018-05-09 15:52:22 - [TEST_STEP][PASSED] - click: Object: 'Object Repository/MOH AND GRN/Page_KDMC - CMS/button_Add' is clicked on

2018-05-09 15:52:27 - [MESSAGE][PASSED] - Object: 'Object Repository/MOH AND GRN/Page_KDMC - CMS/button_Add' is clicked on

2018-05-09 15:52:27 - [TEST_STEP][PASSED] - selectOptionByIndex: All options with index in [3] are selected on object 'Object Repository/MOH AND GRN/Page_KDMC - CMS/select_--Select--Schedule 1Inj'

2018-05-09 15:52:27 - [MESSAGE][PASSED] - All options with index in [3] are selected on object 'Object Repository/MOH AND GRN/Page_KDMC - CMS/select_--Select--Schedule 1Inj'

2018-05-09 15:52:27 - [TEST_STEP][PASSED] - selectOptionByIndex: All options with index in [15] are selected on object 'Object Repository/MOH AND GRN/Page_KDMC - CMS/select_--Select--Adernaline 0.'

2018-05-09 15:52:28 - [MESSAGE][PASSED] - All options with index in [15] are selected on object 'Object Repository/MOH AND GRN/Page_KDMC - CMS/select_--Select--Adernaline 0.'

2018-05-09 15:52:28 - [TEST_STEP][PASSED] - setText: Text '5000' is set on object 'Object Repository/MOH AND GRN/Page_KDMC - CMS/input_txttreat'

2018-05-09 15:52:28 - [MESSAGE][PASSED] - Text '5000' is set on object 'Object Repository/MOH AND GRN/Page_KDMC - CMS/input_txttreat'

2018-05-09 15:52:28 - [TEST_STEP][PASSED] - click: Object: 'Object Repository/MOH AND GRN/Page_KDMC - CMS/button_Add' is clicked on

2018-05-09 15:52:33 - [MESSAGE][PASSED] - Object: 'Object Repository/MOH AND GRN/Page_KDMC - CMS/button_Add' is clicked on

2018-05-09 15:52:33 - [TEST_STEP][PASSED] - selectOptionByIndex: All options with index in [3] are selected on object 'Object Repository/MOH AND GRN/Page_KDMC - CMS/select_--Select--Schedule 1Inj'

2018-05-09 15:52:33 - [MESSAGE][PASSED] - All options with index in [3] are selected on object 'Object Repository/MOH AND GRN/Page_KDMC - CMS/select_--Select--Schedule 1Inj'

2018-05-09 15:52:33 - [TEST_STEP][PASSED] - selectOptionByIndex: All options with index in [16] are selected on object 'Object Repository/MOH AND GRN/Page_KDMC - CMS/select_--Select--Adernaline 0.'

2018-05-09 15:52:33 - [MESSAGE][PASSED] - All options with index in [16] are selected on object 'Object Repository/MOH AND GRN/Page_KDMC - CMS/select_--Select--Adernaline 0.'

2018-05-09 15:52:33 - [TEST_STEP][PASSED] - setText: Text '5000' is set on object 'Object Repository/MOH AND GRN/Page_KDMC - CMS/input_txttreat'

2018-05-09 15:52:33 - [MESSAGE][PASSED] - Text '5000' is set on object 'Object Repository/MOH AND GRN/Page_KDMC - CMS/input_txttreat'

2018-05-09 15:52:33 - [TEST_STEP][PASSED] - click: Object: 'Object Repository/MOH AND GRN/Page_KDMC - CMS/button_Add' is clicked on

2018-05-09 15:52:38 - [MESSAGE][PASSED] - Object: 'Object Repository/MOH AND GRN/Page_KDMC - CMS/button_Add' is clicked on

2018-05-09 15:52:38 - [TEST_STEP][PASSED] - selectOptionByIndex: All options with index in [3] are selected on object 'Object Repository/MOH AND GRN/Page_KDMC - CMS/select_--Select--Schedule 1Inj'

2018-05-09 15:52:38 - [MESSAGE][PASSED] - All options with index in [3] are selected on object 'Object Repository/MOH AND GRN/Page_KDMC - CMS/select_--Select--Schedule 1Inj'

2018-05-09 15:52:38 - [TEST_STEP][PASSED] - selectOptionByIndex: All options with index in [17] are selected on object 'Object Repository/MOH AND GRN/Page_KDMC - CMS/select_--Select--Adernaline 0.'

2018-05-09 15:52:39 - [MESSAGE][PASSED] - All options with index in [17] are selected on object 'Object Repository/MOH AND GRN/Page_KDMC - CMS/select_--Select--Adernaline 0.'

2018-05-09 15:52:39 - [TEST_STEP][PASSED] - setText: Text '5000' is set on object 'Object Repository/MOH AND GRN/Page_KDMC - CMS/input_txttreat'

2018-05-09 15:52:39 - [MESSAGE][PASSED] - Text '5000' is set on object 'Object Repository/MOH AND GRN/Page_KDMC - CMS/input_txttreat'

2018-05-09 15:52:39 - [TEST_STEP][PASSED] - click: Object: 'Object Repository/MOH AND GRN/Page_KDMC - CMS/button_Add' is clicked on

2018-05-09 15:52:44 - [MESSAGE][PASSED] - Object: 'Object Repository/MOH AND GRN/Page_KDMC - CMS/button_Add' is clicked on

2018-05-09 15:52:44 - [TEST_STEP][PASSED] - selectOptionByIndex: All options with index in [3] are selected on object 'Object Repository/MOH AND GRN/Page_KDMC - CMS/select_--Select--Schedule 1Inj'

2018-05-09 15:52:44 - [MESSAGE][PASSED] - All options with index in [3] are selected on object 'Object Repository/MOH AND GRN/Page_KDMC - CMS/select_--Select--Schedule 1Inj'

2018-05-09 15:52:44 - [TEST_STEP][PASSED] - selectOptionByIndex: All options with index in [18] are selected on object 'Object Repository/MOH AND GRN/Page_KDMC - CMS/select_--Select--Adernaline 0.'

2018-05-09 15:52:44 - [MESSAGE][PASSED] - All options with index in [18] are selected on object 'Object Repository/MOH AND GRN/Page_KDMC - CMS/select_--Select--Adernaline 0.'

2018-05-09 15:52:44 - [TEST_STEP][PASSED] - setText: Text '5000' is set on object 'Object Repository/MOH AND GRN/Page_KDMC - CMS/input_txttreat'

2018-05-09 15:52:44 - [MESSAGE][PASSED] - Text '5000' is set on object 'Object Repository/MOH AND GRN/Page_KDMC - CMS/input_txttreat'

2018-05-09 15:52:44 - [TEST_STEP][PASSED] - click: Object: 'Object Repository/MOH AND GRN/Page_KDMC - CMS/button_Add' is clicked on

2018-05-09 15:52:49 - [MESSAGE][PASSED] - Object: 'Object Repository/MOH AND GRN/Page_KDMC - CMS/button_Add' is clicked on

2018-05-09 15:52:49 - [TEST_STEP][PASSED] - selectOptionByIndex: All options with index in [3] are selected on object 'Object Repository/MOH AND GRN/Page_KDMC - CMS/select_--Select--Schedule 1Inj'

2018-05-09 15:52:50 - [MESSAGE][PASSED] - All options with index in [3] are selected on object 'Object Repository/MOH AND GRN/Page_KDMC - CMS/select_--Select--Schedule 1Inj'

2018-05-09 15:52:50 - [TEST_STEP][PASSED] - selectOptionByIndex: All options with index in [19] are selected on object 'Object Repository/MOH AND GRN/Page_KDMC - CMS/select_--Select--Adernaline 0.'

2018-05-09 15:52:50 - [MESSAGE][PASSED] - All options with index in [19] are selected on object 'Object Repository/MOH AND GRN/Page_KDMC - CMS/select_--Select--Adernaline 0.'

2018-05-09 15:52:50 - [TEST_STEP][PASSED] - setText: Text '5000' is set on object 'Object Repository/MOH AND GRN/Page_KDMC - CMS/input_txttreat'

2018-05-09 15:52:50 - [MESSAGE][PASSED] - Text '5000' is set on object 'Object Repository/MOH AND GRN/Page_KDMC - CMS/input_txttreat'

2018-05-09 15:52:50 - [TEST_STEP][PASSED] - click: Object: 'Object Repository/MOH AND GRN/Page_KDMC - CMS/button_Add' is clicked on

2018-05-09 15:52:55 - [MESSAGE][PASSED] - Object: 'Object Repository/MOH AND GRN/Page_KDMC - CMS/button_Add' is clicked on

2018-05-09 15:52:55 - [TEST_STEP][PASSED] - selectOptionByIndex: All options with index in [3] are selected on object 'Object Repository/MOH AND GRN/Page_KDMC - CMS/select_--Select--Schedule 1Inj'

2018-05-09 15:52:55 - [MESSAGE][PASSED] - All options with index in [3] are selected on object 'Object Repository/MOH AND GRN/Page_KDMC - CMS/select_--Select--Schedule 1Inj'

2018-05-09 15:52:55 - [TEST_STEP][PASSED] - selectOptionByIndex: All options with index in [20] are selected on object 'Object Repository/MOH AND GRN/Page_KDMC - CMS/select_--Select--Adernaline 0.'

2018-05-09 15:52:55 - [MESSAGE][PASSED] - All options with index in [20] are selected on object 'Object Repository/MOH AND GRN/Page_KDMC - CMS/select_--Select--Adernaline 0.'

2018-05-09 15:52:55 - [TEST_STEP][PASSED] - setText: Text '5000' is set on object 'Object Repository/MOH AND GRN/Page_KDMC - CMS/input_txttreat'

2018-05-09 15:52:56 - [MESSAGE][PASSED] - Text '5000' is set on object 'Object Repository/MOH AND GRN/Page_KDMC - CMS/input_txttreat'

2018-05-09 15:52:56 - [TEST_STEP][PASSED] - click: Object: 'Object Repository/MOH AND GRN/Page_KDMC - CMS/button_Add' is clicked on

2018-05-09 15:53:01 - [MESSAGE][PASSED] - Object: 'Object Repository/MOH AND GRN/Page_KDMC - CMS/button_Add' is clicked on

2018-05-09 15:53:01 - [TEST_STEP][PASSED] - selectOptionByIndex: All options with index in [3] are selected on object 'Object Repository/MOH AND GRN/Page_KDMC - CMS/select_--Select--Schedule 1Inj'

2018-05-09 15:53:01 - [MESSAGE][PASSED] - All options with index in [3] are selected on object 'Object Repository/MOH AND GRN/Page_KDMC - CMS/select_--Select--Schedule 1Inj'

2018-05-09 15:53:01 - [TEST_STEP][PASSED] - selectOptionByIndex: All options with index in [21] are selected on object 'Object Repository/MOH AND GRN/Page_KDMC - CMS/select_--Select--Adernaline 0.'

2018-05-09 15:53:01 - [MESSAGE][PASSED] - All options with index in [21] are selected on object 'Object Repository/MOH AND GRN/Page_KDMC - CMS/select_--Select--Adernaline 0.'

2018-05-09 15:53:01 - [TEST_STEP][PASSED] - setText: Text '5000' is set on object 'Object Repository/MOH AND GRN/Page_KDMC - CMS/input_txttreat'

2018-05-09 15:53:01 - [MESSAGE][PASSED] - Text '5000' is set on object 'Object Repository/MOH AND GRN/Page_KDMC - CMS/input_txttreat'

2018-05-09 15:53:01 - [TEST_STEP][PASSED] - click: Object: 'Object Repository/MOH AND GRN/Page_KDMC - CMS/button_Add' is clicked on

2018-05-09 15:53:06 - [MESSAGE][PASSED] - Object: 'Object Repository/MOH AND GRN/Page_KDMC - CMS/button_Add' is clicked on

2018-05-09 15:53:06 - [TEST_STEP][PASSED] - selectOptionByIndex: All options with index in [3] are selected on object 'Object Repository/MOH AND GRN/Page_KDMC - CMS/select_--Select--Schedule 1Inj'

2018-05-09 15:53:06 - [MESSAGE][PASSED] - All options with index in [3] are selected on object 'Object Repository/MOH AND GRN/Page_KDMC - CMS/select_--Select--Schedule 1Inj'

2018-05-09 15:53:06 - [TEST_STEP][PASSED] - selectOptionByIndex: All options with index in [22] are selected on object 'Object Repository/MOH AND GRN/Page_KDMC - CMS/select_--Select--Adernaline 0.'

2018-05-09 15:53:07 - [MESSAGE][PASSED] - All options with index in [22] are selected on object 'Object Repository/MOH AND GRN/Page_KDMC - CMS/select_--Select--Adernaline 0.'

2018-05-09 15:53:07 - [TEST_STEP][PASSED] - setText: Text '5000' is set on object 'Object Repository/MOH AND GRN/Page_KDMC - CMS/input_txttreat'

2018-05-09 15:53:07 - [MESSAGE][PASSED] - Text '5000' is set on object 'Object Repository/MOH AND GRN/Page_KDMC - CMS/input_txttreat'

2018-05-09 15:53:07 - [TEST_STEP][PASSED] - click: Object: 'Object Repository/MOH AND GRN/Page_KDMC - CMS/button_Add' is clicked on

2018-05-09 15:53:12 - [MESSAGE][PASSED] - Object: 'Object Repository/MOH AND GRN/Page_KDMC - CMS/button_Add' is clicked on

2018-05-09 15:53:12 - [TEST_STEP][PASSED] - selectOptionByIndex: All options with index in [3] are selected on object 'Object Repository/MOH AND GRN/Page_KDMC - CMS/select_--Select--Schedule 1Inj'

2018-05-09 15:53:12 - [MESSAGE][PASSED] - All options with index in [3] are selected on object 'Object Repository/MOH AND GRN/Page_KDMC - CMS/select_--Select--Schedule 1Inj'

2018-05-09 15:53:12 - [TEST_STEP][PASSED] - selectOptionByIndex: All options with index in [23] are selected on object 'Object Repository/MOH AND GRN/Page_KDMC - CMS/select_--Select--Adernaline 0.'

2018-05-09 15:53:12 - [MESSAGE][PASSED] - All options with index in [23] are selected on object 'Object Repository/MOH AND GRN/Page_KDMC - CMS/select_--Select--Adernaline 0.'

2018-05-09 15:53:12 - [TEST_STEP][PASSED] - setText: Text '5000' is set on object 'Object Repository/MOH AND GRN/Page_KDMC - CMS/input_txttreat'

2018-05-09 15:53:13 - [MESSAGE][PASSED] - Text '5000' is set on object 'Object Repository/MOH AND GRN/Page_KDMC - CMS/input_txttreat'

2018-05-09 15:53:13 - [TEST_STEP][PASSED] - click: Object: 'Object Repository/MOH AND GRN/Page_KDMC - CMS/button_Add' is clicked on

2018-05-09 15:53:18 - [MESSAGE][PASSED] - Object: 'Object Repository/MOH AND GRN/Page_KDMC - CMS/button_Add' is clicked on

2018-05-09 15:53:18 - [TEST_STEP][PASSED] - selectOptionByIndex: All options with index in [3] are selected on object 'Object Repository/MOH AND GRN/Page_KDMC - CMS/select_--Select--Schedule 1Inj'

2018-05-09 15:53:18 - [MESSAGE][PASSED] - All options with index in [3] are selected on object 'Object Repository/MOH AND GRN/Page_KDMC - CMS/select_--Select--Schedule 1Inj'

2018-05-09 15:53:18 - [TEST_STEP][PASSED] - selectOptionByIndex: All options with index in [24] are selected on object 'Object Repository/MOH AND GRN/Page_KDMC - CMS/select_--Select--Adernaline 0.'

2018-05-09 15:53:18 - [MESSAGE][PASSED] - All options with index in [24] are selected on object 'Object Repository/MOH AND GRN/Page_KDMC - CMS/select_--Select--Adernaline 0.'

2018-05-09 15:53:18 - [TEST_STEP][PASSED] - setText: Text '5000' is set on object 'Object Repository/MOH AND GRN/Page_KDMC - CMS/input_txttreat'

2018-05-09 15:53:18 - [MESSAGE][PASSED] - Text '5000' is set on object 'Object Repository/MOH AND GRN/Page_KDMC - CMS/input_txttreat'

2018-05-09 15:53:18 - [TEST_STEP][PASSED] - click: Object: 'Object Repository/MOH AND GRN/Page_KDMC - CMS/button_Add' is clicked on

2018-05-09 15:53:23 - [MESSAGE][PASSED] - Object: 'Object Repository/MOH AND GRN/Page_KDMC - CMS/button_Add' is clicked on

2018-05-09 15:53:23 - [TEST_STEP][PASSED] - selectOptionByIndex: All options with index in [3] are selected on object 'Object Repository/MOH AND GRN/Page_KDMC - CMS/select_--Select--Schedule 1Inj'

2018-05-09 15:53:23 - [MESSAGE][PASSED] - All options with index in [3] are selected on object 'Object Repository/MOH AND GRN/Page_KDMC - CMS/select_--Select--Schedule 1Inj'

2018-05-09 15:53:23 - [TEST_STEP][PASSED] - selectOptionByIndex: All options with index in [25] are selected on object 'Object Repository/MOH AND GRN/Page_KDMC - CMS/select_--Select--Adernaline 0.'

2018-05-09 15:53:24 - [MESSAGE][PASSED] - All options with index in [25] are selected on object 'Object Repository/MOH AND GRN/Page_KDMC - CMS/select_--Select--Adernaline 0.'

2018-05-09 15:53:24 - [TEST_STEP][PASSED] - setText: Text '5000' is set on object 'Object Repository/MOH AND GRN/Page_KDMC - CMS/input_txttreat'

2018-05-09 15:53:24 - [MESSAGE][PASSED] - Text '5000' is set on object 'Object Repository/MOH AND GRN/Page_KDMC - CMS/input_txttreat'

2018-05-09 15:53:24 - [TEST_STEP][PASSED] - click: Object: 'Object Repository/MOH AND GRN/Page_KDMC - CMS/button_Add' is clicked on

2018-05-09 15:53:29 - [MESSAGE][PASSED] - Object: 'Object Repository/MOH AND GRN/Page_KDMC - CMS/button_Add' is clicked on

2018-05-09 15:53:29 - [TEST_STEP][PASSED] - selectOptionByIndex: All options with index in [3] are selected on object 'Object Repository/MOH AND GRN/Page_KDMC - CMS/select_--Select--Schedule 1Inj'

2018-05-09 15:53:29 - [MESSAGE][PASSED] - All options with index in [3] are selected on object 'Object Repository/MOH AND GRN/Page_KDMC - CMS/select_--Select--Schedule 1Inj'

2018-05-09 15:53:29 - [TEST_STEP][PASSED] - selectOptionByIndex: All options with index in [26] are selected on object 'Object Repository/MOH AND GRN/Page_KDMC - CMS/select_--Select--Adernaline 0.'

2018-05-09 15:53:29 - [MESSAGE][PASSED] - All options with index in [26] are selected on object 'Object Repository/MOH AND GRN/Page_KDMC - CMS/select_--Select--Adernaline 0.'

2018-05-09 15:53:29 - [TEST_STEP][PASSED] - setText: Text '5000' is set on object 'Object Repository/MOH AND GRN/Page_KDMC - CMS/input_txttreat'

2018-05-09 15:53:30 - [MESSAGE][PASSED] - Text '5000' is set on object 'Object Repository/MOH AND GRN/Page_KDMC - CMS/input_txttreat'

2018-05-09 15:53:30 - [TEST_STEP][PASSED] - click: Object: 'Object Repository/MOH AND GRN/Page_KDMC - CMS/button_Add' is clicked on

2018-05-09 15:53:35 - [MESSAGE][PASSED] - Object: 'Object Repository/MOH AND GRN/Page_KDMC - CMS/button_Add' is clicked on

2018-05-09 15:53:35 - [TEST_STEP][PASSED] - selectOptionByIndex: All options with index in [3] are selected on object 'Object Repository/MOH AND GRN/Page_KDMC - CMS/select_--Select--Schedule 1Inj'

2018-05-09 15:53:35 - [MESSAGE][PASSED] - All options with index in [3] are selected on object 'Object Repository/MOH AND GRN/Page_KDMC - CMS/select_--Select--Schedule 1Inj'

2018-05-09 15:53:35 - [TEST_STEP][PASSED] - selectOptionByIndex: All options with index in [27] are selected on object 'Object Repository/MOH AND GRN/Page_KDMC - CMS/select_--Select--Adernaline 0.'

2018-05-09 15:53:35 - [MESSAGE][PASSED] - All options with index in [27] are selected on object 'Object Repository/MOH AND GRN/Page_KDMC - CMS/select_--Select--Adernaline 0.'

2018-05-09 15:53:35 - [TEST_STEP][PASSED] - setText: Text '5000' is set on object 'Object Repository/MOH AND GRN/Page_KDMC - CMS/input_txttreat'

2018-05-09 15:53:35 - [MESSAGE][PASSED] - Text '5000' is set on object 'Object Repository/MOH AND GRN/Page_KDMC - CMS/input_txttreat'

2018-05-09 15:53:35 - [TEST_STEP][PASSED] - click: Object: 'Object Repository/MOH AND GRN/Page_KDMC - CMS/button_Add' is clicked on

2018-05-09 15:53:40 - [MESSAGE][PASSED] - Object: 'Object Repository/MOH AND GRN/Page_KDMC - CMS/button_Add' is clicked on

2018-05-09 15:53:40 - [TEST_STEP][PASSED] - selectOptionByIndex: All options with index in [3] are selected on object 'Object Repository/MOH AND GRN/Page_KDMC - CMS/select_--Select--Schedule 1Inj'

2018-05-09 15:53:40 - [MESSAGE][PASSED] - All options with index in [3] are selected on object 'Object Repository/MOH AND GRN/Page_KDMC - CMS/select_--Select--Schedule 1Inj'

2018-05-09 15:53:40 - [TEST_STEP][PASSED] - selectOptionByIndex: All options with index in [28] are selected on object 'Object Repository/MOH AND GRN/Page_KDMC - CMS/select_--Select--Adernaline 0.'

2018-05-09 15:53:41 - [MESSAGE][PASSED] - All options with index in [28] are selected on object 'Object Repository/MOH AND GRN/Page_KDMC - CMS/select_--Select--Adernaline 0.'

2018-05-09 15:53:41 - [TEST_STEP][PASSED] - setText: Text '5000' is set on object 'Object Repository/MOH AND GRN/Page_KDMC - CMS/input_txttreat'

2018-05-09 15:53:41 - [MESSAGE][PASSED] - Text '5000' is set on object 'Object Repository/MOH AND GRN/Page_KDMC - CMS/input_txttreat'

2018-05-09 15:53:41 - [TEST_STEP][PASSED] - click: Object: 'Object Repository/MOH AND GRN/Page_KDMC - CMS/button_Add' is clicked on

2018-05-09 15:53:46 - [MESSAGE][PASSED] - Object: 'Object Repository/MOH AND GRN/Page_KDMC - CMS/button_Add' is clicked on

2018-05-09 15:53:46 - [TEST_STEP][PASSED] - selectOptionByIndex: All options with index in [3] are selected on object 'Object Repository/MOH AND GRN/Page_KDMC - CMS/select_--Select--Schedule 1Inj'

2018-05-09 15:53:46 - [MESSAGE][PASSED] - All options with index in [3] are selected on object 'Object Repository/MOH AND GRN/Page_KDMC - CMS/select_--Select--Schedule 1Inj'

2018-05-09 15:53:46 - [TEST_STEP][PASSED] - selectOptionByIndex: All options with index in [29] are selected on object 'Object Repository/MOH AND GRN/Page_KDMC - CMS/select_--Select--Adernaline 0.'

2018-05-09 15:53:47 - [MESSAGE][PASSED] - All options with index in [29] are selected on object 'Object Repository/MOH AND GRN/Page_KDMC - CMS/select_--Select--Adernaline 0.'

2018-05-09 15:53:47 - [TEST_STEP][PASSED] - setText: Text '5000' is set on object 'Object Repository/MOH AND GRN/Page_KDMC - CMS/input_txttreat'

2018-05-09 15:53:47 - [MESSAGE][PASSED] - Text '5000' is set on object 'Object Repository/MOH AND GRN/Page_KDMC - CMS/input_txttreat'

2018-05-09 15:53:47 - [TEST_STEP][PASSED] - click: Object: 'Object Repository/MOH AND GRN/Page_KDMC - CMS/button_Add' is clicked on

2018-05-09 15:53:52 - [MESSAGE][PASSED] - Object: 'Object Repository/MOH AND GRN/Page_KDMC - CMS/button_Add' is clicked on

2018-05-09 15:53:52 - [TEST_STEP][PASSED] - selectOptionByIndex: All options with index in [3] are selected on object 'Object Repository/MOH AND GRN/Page_KDMC - CMS/select_--Select--Schedule 1Inj'

2018-05-09 15:53:52 - [MESSAGE][PASSED] - All options with index in [3] are selected on object 'Object Repository/MOH AND GRN/Page_KDMC - CMS/select_--Select--Schedule 1Inj'

2018-05-09 15:53:52 - [TEST_STEP][PASSED] - selectOptionByIndex: All options with index in [30] are selected on object 'Object Repository/MOH AND GRN/Page_KDMC - CMS/select_--Select--Adernaline 0.'

2018-05-09 15:53:52 - [MESSAGE][PASSED] - All options with index in [30] are selected on object 'Object Repository/MOH AND GRN/Page_KDMC - CMS/select_--Select--Adernaline 0.'

2018-05-09 15:53:52 - [TEST_STEP][PASSED] - setText: Text '5000' is set on object 'Object Repository/MOH AND GRN/Page_KDMC - CMS/input_txttreat'

2018-05-09 15:53:52 - [MESSAGE][PASSED] - Text '5000' is set on object 'Object Repository/MOH AND GRN/Page_KDMC - CMS/input_txttreat'

2018-05-09 15:53:52 - [TEST_STEP][PASSED] - click: Object: 'Object Repository/MOH AND GRN/Page_KDMC - CMS/button_Add' is clicked on

2018-05-09 15:53:57 - [MESSAGE][PASSED] - Object: 'Object Repository/MOH AND GRN/Page_KDMC - CMS/button_Add' is clicked on

2018-05-09 15:53:57 - [TEST_STEP][PASSED] - selectOptionByIndex: All options with index in [3] are selected on object 'Object Repository/MOH AND GRN/Page_KDMC - CMS/select_--Select--Schedule 1Inj'

2018-05-09 15:53:57 - [MESSAGE][PASSED] - All options with index in [3] are selected on object 'Object Repository/MOH AND GRN/Page_KDMC - CMS/select_--Select--Schedule 1Inj'

2018-05-09 15:53:57 - [TEST_STEP][PASSED] - selectOptionByIndex: All options with index in [31] are selected on object 'Object Repository/MOH AND GRN/Page_KDMC - CMS/select_--Select--Adernaline 0.'

2018-05-09 15:53:58 - [MESSAGE][PASSED] - All options with index in [31] are selected on object 'Object Repository/MOH AND GRN/Page_KDMC - CMS/select_--Select--Adernaline 0.'

2018-05-09 15:53:58 - [TEST_STEP][PASSED] - setText: Text '5000' is set on object 'Object Repository/MOH AND GRN/Page_KDMC - CMS/input_txttreat'

2018-05-09 15:53:58 - [MESSAGE][PASSED] - Text '5000' is set on object 'Object Repository/MOH AND GRN/Page_KDMC - CMS/input_txttreat'

2018-05-09 15:53:58 - [TEST_STEP][PASSED] - click: Object: 'Object Repository/MOH AND GRN/Page_KDMC - CMS/button_Add' is clicked on

2018-05-09 15:54:03 - [MESSAGE][PASSED] - Object: 'Object Repository/MOH AND GRN/Page_KDMC - CMS/button_Add' is clicked on

2018-05-09 15:54:03 - [TEST_STEP][PASSED] - selectOptionByIndex: All options with index in [3] are selected on object 'Object Repository/MOH AND GRN/Page_KDMC - CMS/select_--Select--Schedule 1Inj'

2018-05-09 15:54:03 - [MESSAGE][PASSED] - All options with index in [3] are selected on object 'Object Repository/MOH AND GRN/Page_KDMC - CMS/select_--Select--Schedule 1Inj'

2018-05-09 15:54:03 - [TEST_STEP][PASSED] - selectOptionByIndex: All options with index in [32] are selected on object 'Object Repository/MOH AND GRN/Page_KDMC - CMS/select_--Select--Adernaline 0.'

2018-05-09 15:54:03 - [MESSAGE][PASSED] - All options with index in [32] are selected on object 'Object Repository/MOH AND GRN/Page_KDMC - CMS/select_--Select--Adernaline 0.'

2018-05-09 15:54:03 - [TEST_STEP][PASSED] - setText: Text '5000' is set on object 'Object Repository/MOH AND GRN/Page_KDMC - CMS/input_txttreat'

2018-05-09 15:54:04 - [MESSAGE][PASSED] - Text '5000' is set on object 'Object Repository/MOH AND GRN/Page_KDMC - CMS/input_txttreat'

2018-05-09 15:54:04 - [TEST_STEP][PASSED] - click: Object: 'Object Repository/MOH AND GRN/Page_KDMC - CMS/button_Add' is clicked on

2018-05-09 15:54:09 - [MESSAGE][PASSED] - Object: 'Object Repository/MOH AND GRN/Page_KDMC - CMS/button_Add' is clicked on

2018-05-09 15:54:09 - [TEST_STEP][PASSED] - selectOptionByIndex: All options with index in [3] are selected on object 'Object Repository/MOH AND GRN/Page_KDMC - CMS/select_--Select--Schedule 1Inj'

2018-05-09 15:54:09 - [MESSAGE][PASSED] - All options with index in [3] are selected on object 'Object Repository/MOH AND GRN/Page_KDMC - CMS/select_--Select--Schedule 1Inj'

2018-05-09 15:54:09 - [TEST_STEP][PASSED] - selectOptionByIndex: All options with index in [33] are selected on object 'Object Repository/MOH AND GRN/Page_KDMC - CMS/select_--Select--Adernaline 0.'

2018-05-09 15:54:09 - [MESSAGE][PASSED] - All options with index in [33] are selected on object 'Object Repository/MOH AND GRN/Page_KDMC - CMS/select_--Select--Adernaline 0.'

2018-05-09 15:54:09 - [TEST_STEP][PASSED] - setText: Text '5000' is set on object 'Object Repository/MOH AND GRN/Page_KDMC - CMS/input_txttreat'

2018-05-09 15:54:09 - [MESSAGE][PASSED] - Text '5000' is set on object 'Object Repository/MOH AND GRN/Page_KDMC - CMS/input_txttreat'

2018-05-09 15:54:09 - [TEST_STEP][PASSED] - click: Object: 'Object Repository/MOH AND GRN/Page_KDMC - CMS/button_Add' is clicked on

2018-05-09 15:54:14 - [MESSAGE][PASSED] - Object: 'Object Repository/MOH AND GRN/Page_KDMC - CMS/button_Add' is clicked on

2018-05-09 15:54:14 - [TEST_STEP][PASSED] - selectOptionByIndex: All options with index in [3] are selected on object 'Object Repository/MOH AND GRN/Page_KDMC - CMS/select_--Select--Schedule 1Inj'

2018-05-09 15:54:14 - [MESSAGE][PASSED] - All options with index in [3] are selected on object 'Object Repository/MOH AND GRN/Page_KDMC - CMS/select_--Select--Schedule 1Inj'

2018-05-09 15:54:14 - [TEST_STEP][PASSED] - selectOptionByIndex: All options with index in [34] are selected on object 'Object Repository/MOH AND GRN/Page_KDMC - CMS/select_--Select--Adernaline 0.'

2018-05-09 15:54:15 - [MESSAGE][PASSED] - All options with index in [34] are selected on object 'Object Repository/MOH AND GRN/Page_KDMC - CMS/select_--Select--Adernaline 0.'

2018-05-09 15:54:15 - [TEST_STEP][PASSED] - setText: Text '5000' is set on object 'Object Repository/MOH AND GRN/Page_KDMC - CMS/input_txttreat'

2018-05-09 15:54:15 - [MESSAGE][PASSED] - Text '5000' is set on object 'Object Repository/MOH AND GRN/Page_KDMC - CMS/input_txttreat'

2018-05-09 15:54:15 - [TEST_STEP][PASSED] - click: Object: 'Object Repository/MOH AND GRN/Page_KDMC - CMS/button_Add' is clicked on

2018-05-09 15:54:20 - [MESSAGE][PASSED] - Object: 'Object Repository/MOH AND GRN/Page_KDMC - CMS/button_Add' is clicked on

2018-05-09 15:54:20 - [TEST_STEP][PASSED] - selectOptionByIndex: All options with index in [3] are selected on object 'Object Repository/MOH AND GRN/Page_KDMC - CMS/select_--Select--Schedule 1Inj'

2018-05-09 15:54:20 - [MESSAGE][PASSED] - All options with index in [3] are selected on object 'Object Repository/MOH AND GRN/Page_KDMC - CMS/select_--Select--Schedule 1Inj'

2018-05-09 15:54:20 - [TEST_STEP][PASSED] - selectOptionByIndex: All options with index in [35] are selected on object 'Object Repository/MOH AND GRN/Page_KDMC - CMS/select_--Select--Adernaline 0.'

2018-05-09 15:54:21 - [MESSAGE][PASSED] - All options with index in [35] are selected on object 'Object Repository/MOH AND GRN/Page_KDMC - CMS/select_--Select--Adernaline 0.'

2018-05-09 15:54:21 - [TEST_STEP][PASSED] - setText: Text '5000' is set on object 'Object Repository/MOH AND GRN/Page_KDMC - CMS/input_txttreat'

2018-05-09 15:54:21 - [MESSAGE][PASSED] - Text '5000' is set on object 'Object Repository/MOH AND GRN/Page_KDMC - CMS/input_txttreat'

2018-05-09 15:54:21 - [TEST_STEP][PASSED] - click: Object: 'Object Repository/MOH AND GRN/Page_KDMC - CMS/button_Add' is clicked on

2018-05-09 15:54:26 - [MESSAGE][PASSED] - Object: 'Object Repository/MOH AND GRN/Page_KDMC - CMS/button_Add' is clicked on

2018-05-09 15:54:26 - [TEST_STEP][PASSED] - selectOptionByIndex: All options with index in [3] are selected on object 'Object Repository/MOH AND GRN/Page_KDMC - CMS/select_--Select--Schedule 1Inj'

2018-05-09 15:54:26 - [MESSAGE][PASSED] - All options with index in [3] are selected on object 'Object Repository/MOH AND GRN/Page_KDMC - CMS/select_--Select--Schedule 1Inj'

2018-05-09 15:54:26 - [TEST_STEP][PASSED] - selectOptionByIndex: All options with index in [36] are selected on object 'Object Repository/MOH AND GRN/Page_KDMC - CMS/select_--Select--Adernaline 0.'

2018-05-09 15:54:26 - [MESSAGE][PASSED] - All options with index in [36] are selected on object 'Object Repository/MOH AND GRN/Page_KDMC - CMS/select_--Select--Adernaline 0.'

2018-05-09 15:54:26 - [TEST_STEP][PASSED] - setText: Text '5000' is set on object 'Object Repository/MOH AND GRN/Page_KDMC - CMS/input_txttreat'

2018-05-09 15:54:26 - [MESSAGE][PASSED] - Text '5000' is set on object 'Object Repository/MOH AND GRN/Page_KDMC - CMS/input_txttreat'

2018-05-09 15:54:26 - [TEST_STEP][PASSED] - click: Object: 'Object Repository/MOH AND GRN/Page_KDMC - CMS/button_Add' is clicked on

2018-05-09 15:54:31 - [MESSAGE][PASSED] - Object: 'Object Repository/MOH AND GRN/Page_KDMC - CMS/button_Add' is clicked on

2018-05-09 15:54:31 - [TEST_STEP][PASSED] - scrollToElement: Scroll to object 'Object Repository/MOH AND GRN/Page_KDMC - CMS/input_btnsave' successfully

2018-05-09 15:54:31 - [MESSAGE][PASSED] - Scroll to object 'Object Repository/MOH AND GRN/Page_KDMC - CMS/input_btnsave' successfully

2018-05-09 15:54:31 - [TEST_STEP][PASSED] - click: Object: 'Object Repository/MOH AND GRN/Page_KDMC - CMS/input_btnsave' is clicked on

2018-05-09 15:54:37 - [MESSAGE][PASSED] - Object: 'Object Repository/MOH AND GRN/Page_KDMC - CMS/input_btnsave' is clicked on

2018-05-09 15:54:37 - [TEST_STEP][PASSED] - delay: Delayed 3 second(s)

2018-05-09 15:54:40 - [MESSAGE][PASSED] - Delayed 3 second(s)

2018-05-09 15:54:40 - [TEST_STEP][PASSED] - Statement - Request1 = com.kms.katalon.core.webui.keyword.WebUiBuiltInKeywords.getText(com.kms.katalon.core.testobject.ObjectRepository.findTestObject(MOH AND GRN/Page_KDMC - CMS/font_PRNO0505201876)): Text of object 'Object Repository/MOH AND GRN/Page_KDMC - CMS/font_PRNO0505201876' is: ''

2018-05-09 15:54:40 - [MESSAGE][PASSED] - Text of object 'Object Repository/MOH AND GRN/Page_KDMC - CMS/font_PRNO0505201876' is: ''

2018-05-09 15:54:40 - [TEST_STEP][PASSED] - Statement - out.println("Length OF The Medicine " + Request1): null

2018-05-09 15:54:40 - [TEST_STEP][PASSED] - Statement - RequestNUmber = Request1.split("/")[2].trim(): null]]></system-out>
         <system-err><![CDATA[2018-05-09 15:51:47 - [TEST_CASE][ERROR] - Test Cases/MOH REQUEST AND GRN/Moh Request GRN  Schedule 3: Test Cases/MOH REQUEST AND GRN/Moh Request GRN  Schedule 3 FAILED because (of) java.lang.ArrayIndexOutOfBoundsException: 2]]></system-err>
      </testcase>
      <testcase name="Test Cases/MOH REQUEST AND GRN/Moh Request GRN  Schedule 4" classname="Test Cases/MOH REQUEST AND GRN/Moh Request GRN  Schedule 4" status="FAILED">
         <failure type="FAILED" message="Unable to get text of object 'Object Repository/MOH AND GRN/Page_KDMC - CMS/font_PRNO0505201876' (Root cause: com.kms.katalon.core.webui.exception.WebElementNotFoundException: Web element with id: 'Object Repository/MOH AND GRN/Page_KDMC - CMS/font_PRNO0505201876' located by 'By.xpath: /html[1]/body[@class=&quot;skin-blue  pace-done modal-open&quot;]/div[@class=&quot;bootbox modal fade bootbox-alert in&quot;]/div[@class=&quot;modal-dialog&quot;]/div[@class=&quot;modal-content&quot;]/div[@class=&quot;modal-body&quot;]/div[@class=&quot;bootbox-body&quot;]/b[1]/font[1]' not found)"/>
         <system-out><![CDATA[2018-05-09 15:54:40 - [TEST_CASE][FAILED] - Test Cases/MOH REQUEST AND GRN/Moh Request GRN  Schedule 4: Test Cases/MOH REQUEST AND GRN/Moh Request GRN  Schedule 4 FAILED because (of) Unable to get text of object 'Object Repository/MOH AND GRN/Page_KDMC - CMS/font_PRNO0505201876' (Root cause: com.kms.katalon.core.webui.exception.WebElementNotFoundException: Web element with id: 'Object Repository/MOH AND GRN/Page_KDMC - CMS/font_PRNO0505201876' located by 'By.xpath: /html[1]/body[@class="skin-blue  pace-done modal-open"]/div[@class="bootbox modal fade bootbox-alert in"]/div[@class="modal-dialog"]/div[@class="modal-content"]/div[@class="modal-body"]/div[@class="bootbox-body"]/b[1]/font[1]' not found)

2018-05-09 15:54:40 - [TEST_STEP][PASSED] - openBrowser: Browser is opened with url: ''

2018-05-09 15:54:40 - [MESSAGE][WARNING] - A browser is already opened. Closing browser and opening a new one

2018-05-09 15:54:42 - [MESSAGE][PASSED] - Browser is opened with url: ''

2018-05-09 15:54:42 - [TEST_STEP][PASSED] - navigateToUrl: Navigate to 'http://192.168.137.1/multihospital_new/' successfully

2018-05-09 15:54:46 - [MESSAGE][PASSED] - Navigate to 'http://192.168.137.1/multihospital_new/' successfully

2018-05-09 15:54:46 - [TEST_STEP][PASSED] - maximizeWindow: Current window maximized

2018-05-09 15:54:48 - [MESSAGE][PASSED] - Current window maximized

2018-05-09 15:54:48 - [TEST_STEP][PASSED] - click: Object: 'Object Repository/MOH AND GRN/Page_KDMC/a_CMS' is clicked on

2018-05-09 15:54:48 - [MESSAGE][PASSED] - Object: 'Object Repository/MOH AND GRN/Page_KDMC/a_CMS' is clicked on

2018-05-09 15:54:48 - [TEST_STEP][PASSED] - setText: Text 'bala' is set on object 'Object Repository/MOH AND GRN/Page_CMS login/input_txtusername'

2018-05-09 15:54:48 - [MESSAGE][PASSED] - Text 'bala' is set on object 'Object Repository/MOH AND GRN/Page_CMS login/input_txtusername'

2018-05-09 15:54:48 - [TEST_STEP][PASSED] - setText: Text '123' is set on object 'Object Repository/MOH AND GRN/Page_CMS login/input_txtpassword'

2018-05-09 15:54:48 - [MESSAGE][PASSED] - Text '123' is set on object 'Object Repository/MOH AND GRN/Page_CMS login/input_txtpassword'

2018-05-09 15:54:48 - [TEST_STEP][PASSED] - delay: Delayed 3 second(s)

2018-05-09 15:54:51 - [MESSAGE][PASSED] - Delayed 3 second(s)

2018-05-09 15:54:51 - [TEST_STEP][PASSED] - click: Object: 'Object Repository/MOH AND GRN/Page_CMS login/button_Sign in' is clicked on

2018-05-09 15:54:58 - [MESSAGE][PASSED] - Object: 'Object Repository/MOH AND GRN/Page_CMS login/button_Sign in' is clicked on

2018-05-09 15:54:58 - [TEST_STEP][PASSED] - click: Object: 'Object Repository/MOH AND GRN/Page_KDMC - CMS/a_Request to MOH' is clicked on

2018-05-09 15:55:03 - [MESSAGE][PASSED] - Object: 'Object Repository/MOH AND GRN/Page_KDMC - CMS/a_Request to MOH' is clicked on

2018-05-09 15:55:03 - [TEST_STEP][PASSED] - selectOptionByIndex: All options with index in [2] are selected on object 'Object Repository/MOH AND GRN/Page_KDMC - CMS/select_--Select--'

2018-05-09 15:55:03 - [MESSAGE][PASSED] - All options with index in [2] are selected on object 'Object Repository/MOH AND GRN/Page_KDMC - CMS/select_--Select--'

2018-05-09 15:55:03 - [TEST_STEP][PASSED] - selectOptionByIndex: All options with index in [4] are selected on object 'Object Repository/MOH AND GRN/Page_KDMC - CMS/select_--Select--Schedule 1Inj'

2018-05-09 15:55:03 - [MESSAGE][PASSED] - All options with index in [4] are selected on object 'Object Repository/MOH AND GRN/Page_KDMC - CMS/select_--Select--Schedule 1Inj'

2018-05-09 15:55:03 - [TEST_STEP][PASSED] - Statement - selectedoptions = com.kms.katalon.core.webui.keyword.WebUiBuiltInKeywords.getNumberOfTotalOption(com.kms.katalon.core.testobject.ObjectRepository.findTestObject(MOH AND GRN/Page_KDMC - CMS/select_--Select--Adernaline 0.)): 16 options of object 'Object Repository/MOH AND GRN/Page_KDMC - CMS/select_--Select--Adernaline 0.' counted

2018-05-09 15:55:03 - [MESSAGE][PASSED] - 16 options of object 'Object Repository/MOH AND GRN/Page_KDMC - CMS/select_--Select--Adernaline 0.' counted

2018-05-09 15:55:03 - [TEST_STEP][PASSED] - Statement - For ([j = 1, j <= selectedoptions - 1, (j++)]): Object: 'Object Repository/MOH AND GRN/Page_KDMC - CMS/button_Add' is clicked on

2018-05-09 15:55:03 - [TEST_STEP][PASSED] - selectOptionByIndex: All options with index in [4] are selected on object 'Object Repository/MOH AND GRN/Page_KDMC - CMS/select_--Select--Schedule 1Inj'

2018-05-09 15:55:03 - [MESSAGE][PASSED] - All options with index in [4] are selected on object 'Object Repository/MOH AND GRN/Page_KDMC - CMS/select_--Select--Schedule 1Inj'

2018-05-09 15:55:03 - [TEST_STEP][PASSED] - selectOptionByIndex: All options with index in [1] are selected on object 'Object Repository/MOH AND GRN/Page_KDMC - CMS/select_--Select--Adernaline 0.'

2018-05-09 15:55:04 - [MESSAGE][PASSED] - All options with index in [1] are selected on object 'Object Repository/MOH AND GRN/Page_KDMC - CMS/select_--Select--Adernaline 0.'

2018-05-09 15:55:04 - [TEST_STEP][PASSED] - setText: Text '5000' is set on object 'Object Repository/MOH AND GRN/Page_KDMC - CMS/input_txttreat'

2018-05-09 15:55:04 - [MESSAGE][PASSED] - Text '5000' is set on object 'Object Repository/MOH AND GRN/Page_KDMC - CMS/input_txttreat'

2018-05-09 15:55:04 - [TEST_STEP][PASSED] - click: Object: 'Object Repository/MOH AND GRN/Page_KDMC - CMS/button_Add' is clicked on

2018-05-09 15:55:09 - [MESSAGE][PASSED] - Object: 'Object Repository/MOH AND GRN/Page_KDMC - CMS/button_Add' is clicked on

2018-05-09 15:55:09 - [TEST_STEP][PASSED] - selectOptionByIndex: All options with index in [4] are selected on object 'Object Repository/MOH AND GRN/Page_KDMC - CMS/select_--Select--Schedule 1Inj'

2018-05-09 15:55:09 - [MESSAGE][PASSED] - All options with index in [4] are selected on object 'Object Repository/MOH AND GRN/Page_KDMC - CMS/select_--Select--Schedule 1Inj'

2018-05-09 15:55:09 - [TEST_STEP][PASSED] - selectOptionByIndex: All options with index in [2] are selected on object 'Object Repository/MOH AND GRN/Page_KDMC - CMS/select_--Select--Adernaline 0.'

2018-05-09 15:55:09 - [MESSAGE][PASSED] - All options with index in [2] are selected on object 'Object Repository/MOH AND GRN/Page_KDMC - CMS/select_--Select--Adernaline 0.'

2018-05-09 15:55:09 - [TEST_STEP][PASSED] - setText: Text '5000' is set on object 'Object Repository/MOH AND GRN/Page_KDMC - CMS/input_txttreat'

2018-05-09 15:55:09 - [MESSAGE][PASSED] - Text '5000' is set on object 'Object Repository/MOH AND GRN/Page_KDMC - CMS/input_txttreat'

2018-05-09 15:55:09 - [TEST_STEP][PASSED] - click: Object: 'Object Repository/MOH AND GRN/Page_KDMC - CMS/button_Add' is clicked on

2018-05-09 15:55:14 - [MESSAGE][PASSED] - Object: 'Object Repository/MOH AND GRN/Page_KDMC - CMS/button_Add' is clicked on

2018-05-09 15:55:14 - [TEST_STEP][PASSED] - selectOptionByIndex: All options with index in [4] are selected on object 'Object Repository/MOH AND GRN/Page_KDMC - CMS/select_--Select--Schedule 1Inj'

2018-05-09 15:55:14 - [MESSAGE][PASSED] - All options with index in [4] are selected on object 'Object Repository/MOH AND GRN/Page_KDMC - CMS/select_--Select--Schedule 1Inj'

2018-05-09 15:55:14 - [TEST_STEP][PASSED] - selectOptionByIndex: All options with index in [3] are selected on object 'Object Repository/MOH AND GRN/Page_KDMC - CMS/select_--Select--Adernaline 0.'

2018-05-09 15:55:14 - [MESSAGE][PASSED] - All options with index in [3] are selected on object 'Object Repository/MOH AND GRN/Page_KDMC - CMS/select_--Select--Adernaline 0.'

2018-05-09 15:55:14 - [TEST_STEP][PASSED] - setText: Text '5000' is set on object 'Object Repository/MOH AND GRN/Page_KDMC - CMS/input_txttreat'

2018-05-09 15:55:15 - [MESSAGE][PASSED] - Text '5000' is set on object 'Object Repository/MOH AND GRN/Page_KDMC - CMS/input_txttreat'

2018-05-09 15:55:15 - [TEST_STEP][PASSED] - click: Object: 'Object Repository/MOH AND GRN/Page_KDMC - CMS/button_Add' is clicked on

2018-05-09 15:55:20 - [MESSAGE][PASSED] - Object: 'Object Repository/MOH AND GRN/Page_KDMC - CMS/button_Add' is clicked on

2018-05-09 15:55:20 - [TEST_STEP][PASSED] - selectOptionByIndex: All options with index in [4] are selected on object 'Object Repository/MOH AND GRN/Page_KDMC - CMS/select_--Select--Schedule 1Inj'

2018-05-09 15:55:20 - [MESSAGE][PASSED] - All options with index in [4] are selected on object 'Object Repository/MOH AND GRN/Page_KDMC - CMS/select_--Select--Schedule 1Inj'

2018-05-09 15:55:20 - [TEST_STEP][PASSED] - selectOptionByIndex: All options with index in [4] are selected on object 'Object Repository/MOH AND GRN/Page_KDMC - CMS/select_--Select--Adernaline 0.'

2018-05-09 15:55:20 - [MESSAGE][PASSED] - All options with index in [4] are selected on object 'Object Repository/MOH AND GRN/Page_KDMC - CMS/select_--Select--Adernaline 0.'

2018-05-09 15:55:20 - [TEST_STEP][PASSED] - setText: Text '5000' is set on object 'Object Repository/MOH AND GRN/Page_KDMC - CMS/input_txttreat'

2018-05-09 15:55:20 - [MESSAGE][PASSED] - Text '5000' is set on object 'Object Repository/MOH AND GRN/Page_KDMC - CMS/input_txttreat'

2018-05-09 15:55:20 - [TEST_STEP][PASSED] - click: Object: 'Object Repository/MOH AND GRN/Page_KDMC - CMS/button_Add' is clicked on

2018-05-09 15:55:25 - [MESSAGE][PASSED] - Object: 'Object Repository/MOH AND GRN/Page_KDMC - CMS/button_Add' is clicked on

2018-05-09 15:55:25 - [TEST_STEP][PASSED] - selectOptionByIndex: All options with index in [4] are selected on object 'Object Repository/MOH AND GRN/Page_KDMC - CMS/select_--Select--Schedule 1Inj'

2018-05-09 15:55:25 - [MESSAGE][PASSED] - All options with index in [4] are selected on object 'Object Repository/MOH AND GRN/Page_KDMC - CMS/select_--Select--Schedule 1Inj'

2018-05-09 15:55:25 - [TEST_STEP][PASSED] - selectOptionByIndex: All options with index in [5] are selected on object 'Object Repository/MOH AND GRN/Page_KDMC - CMS/select_--Select--Adernaline 0.'

2018-05-09 15:55:25 - [MESSAGE][PASSED] - All options with index in [5] are selected on object 'Object Repository/MOH AND GRN/Page_KDMC - CMS/select_--Select--Adernaline 0.'

2018-05-09 15:55:25 - [TEST_STEP][PASSED] - setText: Text '5000' is set on object 'Object Repository/MOH AND GRN/Page_KDMC - CMS/input_txttreat'

2018-05-09 15:55:25 - [MESSAGE][PASSED] - Text '5000' is set on object 'Object Repository/MOH AND GRN/Page_KDMC - CMS/input_txttreat'

2018-05-09 15:55:25 - [TEST_STEP][PASSED] - click: Object: 'Object Repository/MOH AND GRN/Page_KDMC - CMS/button_Add' is clicked on

2018-05-09 15:55:30 - [MESSAGE][PASSED] - Object: 'Object Repository/MOH AND GRN/Page_KDMC - CMS/button_Add' is clicked on

2018-05-09 15:55:30 - [TEST_STEP][PASSED] - selectOptionByIndex: All options with index in [4] are selected on object 'Object Repository/MOH AND GRN/Page_KDMC - CMS/select_--Select--Schedule 1Inj'

2018-05-09 15:55:31 - [MESSAGE][PASSED] - All options with index in [4] are selected on object 'Object Repository/MOH AND GRN/Page_KDMC - CMS/select_--Select--Schedule 1Inj'

2018-05-09 15:55:31 - [TEST_STEP][PASSED] - selectOptionByIndex: All options with index in [6] are selected on object 'Object Repository/MOH AND GRN/Page_KDMC - CMS/select_--Select--Adernaline 0.'

2018-05-09 15:55:31 - [MESSAGE][PASSED] - All options with index in [6] are selected on object 'Object Repository/MOH AND GRN/Page_KDMC - CMS/select_--Select--Adernaline 0.'

2018-05-09 15:55:31 - [TEST_STEP][PASSED] - setText: Text '5000' is set on object 'Object Repository/MOH AND GRN/Page_KDMC - CMS/input_txttreat'

2018-05-09 15:55:31 - [MESSAGE][PASSED] - Text '5000' is set on object 'Object Repository/MOH AND GRN/Page_KDMC - CMS/input_txttreat'

2018-05-09 15:55:31 - [TEST_STEP][PASSED] - click: Object: 'Object Repository/MOH AND GRN/Page_KDMC - CMS/button_Add' is clicked on

2018-05-09 15:55:36 - [MESSAGE][PASSED] - Object: 'Object Repository/MOH AND GRN/Page_KDMC - CMS/button_Add' is clicked on

2018-05-09 15:55:36 - [TEST_STEP][PASSED] - selectOptionByIndex: All options with index in [4] are selected on object 'Object Repository/MOH AND GRN/Page_KDMC - CMS/select_--Select--Schedule 1Inj'

2018-05-09 15:55:36 - [MESSAGE][PASSED] - All options with index in [4] are selected on object 'Object Repository/MOH AND GRN/Page_KDMC - CMS/select_--Select--Schedule 1Inj'

2018-05-09 15:55:36 - [TEST_STEP][PASSED] - selectOptionByIndex: All options with index in [7] are selected on object 'Object Repository/MOH AND GRN/Page_KDMC - CMS/select_--Select--Adernaline 0.'

2018-05-09 15:55:36 - [MESSAGE][PASSED] - All options with index in [7] are selected on object 'Object Repository/MOH AND GRN/Page_KDMC - CMS/select_--Select--Adernaline 0.'

2018-05-09 15:55:36 - [TEST_STEP][PASSED] - setText: Text '5000' is set on object 'Object Repository/MOH AND GRN/Page_KDMC - CMS/input_txttreat'

2018-05-09 15:55:36 - [MESSAGE][PASSED] - Text '5000' is set on object 'Object Repository/MOH AND GRN/Page_KDMC - CMS/input_txttreat'

2018-05-09 15:55:36 - [TEST_STEP][PASSED] - click: Object: 'Object Repository/MOH AND GRN/Page_KDMC - CMS/button_Add' is clicked on

2018-05-09 15:55:41 - [MESSAGE][PASSED] - Object: 'Object Repository/MOH AND GRN/Page_KDMC - CMS/button_Add' is clicked on

2018-05-09 15:55:41 - [TEST_STEP][PASSED] - selectOptionByIndex: All options with index in [4] are selected on object 'Object Repository/MOH AND GRN/Page_KDMC - CMS/select_--Select--Schedule 1Inj'

2018-05-09 15:55:42 - [MESSAGE][PASSED] - All options with index in [4] are selected on object 'Object Repository/MOH AND GRN/Page_KDMC - CMS/select_--Select--Schedule 1Inj'

2018-05-09 15:55:42 - [TEST_STEP][PASSED] - selectOptionByIndex: All options with index in [8] are selected on object 'Object Repository/MOH AND GRN/Page_KDMC - CMS/select_--Select--Adernaline 0.'

2018-05-09 15:55:42 - [MESSAGE][PASSED] - All options with index in [8] are selected on object 'Object Repository/MOH AND GRN/Page_KDMC - CMS/select_--Select--Adernaline 0.'

2018-05-09 15:55:42 - [TEST_STEP][PASSED] - setText: Text '5000' is set on object 'Object Repository/MOH AND GRN/Page_KDMC - CMS/input_txttreat'

2018-05-09 15:55:42 - [MESSAGE][PASSED] - Text '5000' is set on object 'Object Repository/MOH AND GRN/Page_KDMC - CMS/input_txttreat'

2018-05-09 15:55:42 - [TEST_STEP][PASSED] - click: Object: 'Object Repository/MOH AND GRN/Page_KDMC - CMS/button_Add' is clicked on

2018-05-09 15:55:47 - [MESSAGE][PASSED] - Object: 'Object Repository/MOH AND GRN/Page_KDMC - CMS/button_Add' is clicked on

2018-05-09 15:55:47 - [TEST_STEP][PASSED] - selectOptionByIndex: All options with index in [4] are selected on object 'Object Repository/MOH AND GRN/Page_KDMC - CMS/select_--Select--Schedule 1Inj'

2018-05-09 15:55:47 - [MESSAGE][PASSED] - All options with index in [4] are selected on object 'Object Repository/MOH AND GRN/Page_KDMC - CMS/select_--Select--Schedule 1Inj'

2018-05-09 15:55:47 - [TEST_STEP][PASSED] - selectOptionByIndex: All options with index in [9] are selected on object 'Object Repository/MOH AND GRN/Page_KDMC - CMS/select_--Select--Adernaline 0.'

2018-05-09 15:55:47 - [MESSAGE][PASSED] - All options with index in [9] are selected on object 'Object Repository/MOH AND GRN/Page_KDMC - CMS/select_--Select--Adernaline 0.'

2018-05-09 15:55:47 - [TEST_STEP][PASSED] - setText: Text '5000' is set on object 'Object Repository/MOH AND GRN/Page_KDMC - CMS/input_txttreat'

2018-05-09 15:55:47 - [MESSAGE][PASSED] - Text '5000' is set on object 'Object Repository/MOH AND GRN/Page_KDMC - CMS/input_txttreat'

2018-05-09 15:55:47 - [TEST_STEP][PASSED] - click: Object: 'Object Repository/MOH AND GRN/Page_KDMC - CMS/button_Add' is clicked on

2018-05-09 15:55:52 - [MESSAGE][PASSED] - Object: 'Object Repository/MOH AND GRN/Page_KDMC - CMS/button_Add' is clicked on

2018-05-09 15:55:52 - [TEST_STEP][PASSED] - selectOptionByIndex: All options with index in [4] are selected on object 'Object Repository/MOH AND GRN/Page_KDMC - CMS/select_--Select--Schedule 1Inj'

2018-05-09 15:55:52 - [MESSAGE][PASSED] - All options with index in [4] are selected on object 'Object Repository/MOH AND GRN/Page_KDMC - CMS/select_--Select--Schedule 1Inj'

2018-05-09 15:55:52 - [TEST_STEP][PASSED] - selectOptionByIndex: All options with index in [10] are selected on object 'Object Repository/MOH AND GRN/Page_KDMC - CMS/select_--Select--Adernaline 0.'

2018-05-09 15:55:53 - [MESSAGE][PASSED] - All options with index in [10] are selected on object 'Object Repository/MOH AND GRN/Page_KDMC - CMS/select_--Select--Adernaline 0.'

2018-05-09 15:55:53 - [TEST_STEP][PASSED] - setText: Text '5000' is set on object 'Object Repository/MOH AND GRN/Page_KDMC - CMS/input_txttreat'

2018-05-09 15:55:53 - [MESSAGE][PASSED] - Text '5000' is set on object 'Object Repository/MOH AND GRN/Page_KDMC - CMS/input_txttreat'

2018-05-09 15:55:53 - [TEST_STEP][PASSED] - click: Object: 'Object Repository/MOH AND GRN/Page_KDMC - CMS/button_Add' is clicked on

2018-05-09 15:55:58 - [MESSAGE][PASSED] - Object: 'Object Repository/MOH AND GRN/Page_KDMC - CMS/button_Add' is clicked on

2018-05-09 15:55:58 - [TEST_STEP][PASSED] - selectOptionByIndex: All options with index in [4] are selected on object 'Object Repository/MOH AND GRN/Page_KDMC - CMS/select_--Select--Schedule 1Inj'

2018-05-09 15:55:58 - [MESSAGE][PASSED] - All options with index in [4] are selected on object 'Object Repository/MOH AND GRN/Page_KDMC - CMS/select_--Select--Schedule 1Inj'

2018-05-09 15:55:58 - [TEST_STEP][PASSED] - selectOptionByIndex: All options with index in [11] are selected on object 'Object Repository/MOH AND GRN/Page_KDMC - CMS/select_--Select--Adernaline 0.'

2018-05-09 15:55:58 - [MESSAGE][PASSED] - All options with index in [11] are selected on object 'Object Repository/MOH AND GRN/Page_KDMC - CMS/select_--Select--Adernaline 0.'

2018-05-09 15:55:58 - [TEST_STEP][PASSED] - setText: Text '5000' is set on object 'Object Repository/MOH AND GRN/Page_KDMC - CMS/input_txttreat'

2018-05-09 15:55:58 - [MESSAGE][PASSED] - Text '5000' is set on object 'Object Repository/MOH AND GRN/Page_KDMC - CMS/input_txttreat'

2018-05-09 15:55:58 - [TEST_STEP][PASSED] - click: Object: 'Object Repository/MOH AND GRN/Page_KDMC - CMS/button_Add' is clicked on

2018-05-09 15:56:03 - [MESSAGE][PASSED] - Object: 'Object Repository/MOH AND GRN/Page_KDMC - CMS/button_Add' is clicked on

2018-05-09 15:56:03 - [TEST_STEP][PASSED] - selectOptionByIndex: All options with index in [4] are selected on object 'Object Repository/MOH AND GRN/Page_KDMC - CMS/select_--Select--Schedule 1Inj'

2018-05-09 15:56:04 - [MESSAGE][PASSED] - All options with index in [4] are selected on object 'Object Repository/MOH AND GRN/Page_KDMC - CMS/select_--Select--Schedule 1Inj'

2018-05-09 15:56:04 - [TEST_STEP][PASSED] - selectOptionByIndex: All options with index in [12] are selected on object 'Object Repository/MOH AND GRN/Page_KDMC - CMS/select_--Select--Adernaline 0.'

2018-05-09 15:56:04 - [MESSAGE][PASSED] - All options with index in [12] are selected on object 'Object Repository/MOH AND GRN/Page_KDMC - CMS/select_--Select--Adernaline 0.'

2018-05-09 15:56:04 - [TEST_STEP][PASSED] - setText: Text '5000' is set on object 'Object Repository/MOH AND GRN/Page_KDMC - CMS/input_txttreat'

2018-05-09 15:56:04 - [MESSAGE][PASSED] - Text '5000' is set on object 'Object Repository/MOH AND GRN/Page_KDMC - CMS/input_txttreat'

2018-05-09 15:56:04 - [TEST_STEP][PASSED] - click: Object: 'Object Repository/MOH AND GRN/Page_KDMC - CMS/button_Add' is clicked on

2018-05-09 15:56:09 - [MESSAGE][PASSED] - Object: 'Object Repository/MOH AND GRN/Page_KDMC - CMS/button_Add' is clicked on

2018-05-09 15:56:09 - [TEST_STEP][PASSED] - selectOptionByIndex: All options with index in [4] are selected on object 'Object Repository/MOH AND GRN/Page_KDMC - CMS/select_--Select--Schedule 1Inj'

2018-05-09 15:56:09 - [MESSAGE][PASSED] - All options with index in [4] are selected on object 'Object Repository/MOH AND GRN/Page_KDMC - CMS/select_--Select--Schedule 1Inj'

2018-05-09 15:56:09 - [TEST_STEP][PASSED] - selectOptionByIndex: All options with index in [13] are selected on object 'Object Repository/MOH AND GRN/Page_KDMC - CMS/select_--Select--Adernaline 0.'

2018-05-09 15:56:09 - [MESSAGE][PASSED] - All options with index in [13] are selected on object 'Object Repository/MOH AND GRN/Page_KDMC - CMS/select_--Select--Adernaline 0.'

2018-05-09 15:56:09 - [TEST_STEP][PASSED] - setText: Text '5000' is set on object 'Object Repository/MOH AND GRN/Page_KDMC - CMS/input_txttreat'

2018-05-09 15:56:09 - [MESSAGE][PASSED] - Text '5000' is set on object 'Object Repository/MOH AND GRN/Page_KDMC - CMS/input_txttreat'

2018-05-09 15:56:09 - [TEST_STEP][PASSED] - click: Object: 'Object Repository/MOH AND GRN/Page_KDMC - CMS/button_Add' is clicked on

2018-05-09 15:56:14 - [MESSAGE][PASSED] - Object: 'Object Repository/MOH AND GRN/Page_KDMC - CMS/button_Add' is clicked on

2018-05-09 15:56:14 - [TEST_STEP][PASSED] - selectOptionByIndex: All options with index in [4] are selected on object 'Object Repository/MOH AND GRN/Page_KDMC - CMS/select_--Select--Schedule 1Inj'

2018-05-09 15:56:15 - [MESSAGE][PASSED] - All options with index in [4] are selected on object 'Object Repository/MOH AND GRN/Page_KDMC - CMS/select_--Select--Schedule 1Inj'

2018-05-09 15:56:15 - [TEST_STEP][PASSED] - selectOptionByIndex: All options with index in [14] are selected on object 'Object Repository/MOH AND GRN/Page_KDMC - CMS/select_--Select--Adernaline 0.'

2018-05-09 15:56:15 - [MESSAGE][PASSED] - All options with index in [14] are selected on object 'Object Repository/MOH AND GRN/Page_KDMC - CMS/select_--Select--Adernaline 0.'

2018-05-09 15:56:15 - [TEST_STEP][PASSED] - setText: Text '5000' is set on object 'Object Repository/MOH AND GRN/Page_KDMC - CMS/input_txttreat'

2018-05-09 15:56:15 - [MESSAGE][PASSED] - Text '5000' is set on object 'Object Repository/MOH AND GRN/Page_KDMC - CMS/input_txttreat'

2018-05-09 15:56:15 - [TEST_STEP][PASSED] - click: Object: 'Object Repository/MOH AND GRN/Page_KDMC - CMS/button_Add' is clicked on

2018-05-09 15:56:20 - [MESSAGE][PASSED] - Object: 'Object Repository/MOH AND GRN/Page_KDMC - CMS/button_Add' is clicked on

2018-05-09 15:56:20 - [TEST_STEP][PASSED] - selectOptionByIndex: All options with index in [4] are selected on object 'Object Repository/MOH AND GRN/Page_KDMC - CMS/select_--Select--Schedule 1Inj'

2018-05-09 15:56:20 - [MESSAGE][PASSED] - All options with index in [4] are selected on object 'Object Repository/MOH AND GRN/Page_KDMC - CMS/select_--Select--Schedule 1Inj'

2018-05-09 15:56:20 - [TEST_STEP][PASSED] - selectOptionByIndex: All options with index in [15] are selected on object 'Object Repository/MOH AND GRN/Page_KDMC - CMS/select_--Select--Adernaline 0.'

2018-05-09 15:56:21 - [MESSAGE][PASSED] - All options with index in [15] are selected on object 'Object Repository/MOH AND GRN/Page_KDMC - CMS/select_--Select--Adernaline 0.'

2018-05-09 15:56:21 - [TEST_STEP][PASSED] - setText: Text '5000' is set on object 'Object Repository/MOH AND GRN/Page_KDMC - CMS/input_txttreat'

2018-05-09 15:56:21 - [MESSAGE][PASSED] - Text '5000' is set on object 'Object Repository/MOH AND GRN/Page_KDMC - CMS/input_txttreat'

2018-05-09 15:56:21 - [TEST_STEP][PASSED] - click: Object: 'Object Repository/MOH AND GRN/Page_KDMC - CMS/button_Add' is clicked on

2018-05-09 15:56:26 - [MESSAGE][PASSED] - Object: 'Object Repository/MOH AND GRN/Page_KDMC - CMS/button_Add' is clicked on

2018-05-09 15:56:26 - [TEST_STEP][PASSED] - scrollToElement: Scroll to object 'Object Repository/MOH AND GRN/Page_KDMC - CMS/input_btnsave' successfully

2018-05-09 15:56:26 - [MESSAGE][PASSED] - Scroll to object 'Object Repository/MOH AND GRN/Page_KDMC - CMS/input_btnsave' successfully

2018-05-09 15:56:26 - [TEST_STEP][PASSED] - click: Object: 'Object Repository/MOH AND GRN/Page_KDMC - CMS/input_btnsave' is clicked on

2018-05-09 15:56:31 - [MESSAGE][PASSED] - Object: 'Object Repository/MOH AND GRN/Page_KDMC - CMS/input_btnsave' is clicked on

2018-05-09 15:56:31 - [TEST_STEP][PASSED] - delay: Delayed 3 second(s)

2018-05-09 15:56:34 - [MESSAGE][PASSED] - Delayed 3 second(s)

2018-05-09 15:56:34 - [TEST_STEP][FAILED] - Statement - Request1 = com.kms.katalon.core.webui.keyword.WebUiBuiltInKeywords.getText(com.kms.katalon.core.testobject.ObjectRepository.findTestObject(MOH AND GRN/Page_KDMC - CMS/font_PRNO0505201876)): Unable to get text of object 'Object Repository/MOH AND GRN/Page_KDMC - CMS/font_PRNO0505201876' (Root cause: com.kms.katalon.core.webui.exception.WebElementNotFoundException: Web element with id: 'Object Repository/MOH AND GRN/Page_KDMC - CMS/font_PRNO0505201876' located by 'By.xpath: /html[1]/body[@class="skin-blue  pace-done modal-open"]/div[@class="bootbox modal fade bootbox-alert in"]/div[@class="modal-dialog"]/div[@class="modal-content"]/div[@class="modal-body"]/div[@class="bootbox-body"]/b[1]/font[1]' not found)

2018-05-09 15:57:05 - [MESSAGE][FAILED] - Unable to get text of object 'Object Repository/MOH AND GRN/Page_KDMC - CMS/font_PRNO0505201876' (Root cause: com.kms.katalon.core.webui.exception.WebElementNotFoundException: Web element with id: 'Object Repository/MOH AND GRN/Page_KDMC - CMS/font_PRNO0505201876' located by 'By.xpath: /html[1]/body[@class="skin-blue  pace-done modal-open"]/div[@class="bootbox modal fade bootbox-alert in"]/div[@class="modal-dialog"]/div[@class="modal-content"]/div[@class="modal-body"]/div[@class="bootbox-body"]/b[1]/font[1]' not found)
[[ATTACHMENT|C:\\Users\\Quality Analyst\\Katalon Studio\\ds\\Reports\\MOH REQUEST AND GRN\\20180509_153848\\1525861625314.png]]]]></system-out>
         <system-err><![CDATA[2018-05-09 15:54:40 - [TEST_CASE][FAILED] - Test Cases/MOH REQUEST AND GRN/Moh Request GRN  Schedule 4: Test Cases/MOH REQUEST AND GRN/Moh Request GRN  Schedule 4 FAILED because (of) Unable to get text of object 'Object Repository/MOH AND GRN/Page_KDMC - CMS/font_PRNO0505201876' (Root cause: com.kms.katalon.core.webui.exception.WebElementNotFoundException: Web element with id: 'Object Repository/MOH AND GRN/Page_KDMC - CMS/font_PRNO0505201876' located by 'By.xpath: /html[1]/body[@class="skin-blue  pace-done modal-open"]/div[@class="bootbox modal fade bootbox-alert in"]/div[@class="modal-dialog"]/div[@class="modal-content"]/div[@class="modal-body"]/div[@class="bootbox-body"]/b[1]/font[1]' not found)]]></system-err>
      </testcase>
      <testcase name="Test Cases/MOH REQUEST AND GRN/Moh Request GRN  Schedule 5" classname="Test Cases/MOH REQUEST AND GRN/Moh Request GRN  Schedule 5" status="FAILED">
         <failure type="FAILED" message="Unable to click on object 'Object Repository/MOH AND GRN/Page_Admin login/button_Sign in' (Root cause: org.openqa.selenium.WebDriverException: unknown error: Element &lt;button type=&quot;submit&quot; id=&quot;btnSubmit&quot; style=&quot;color: #003f72 ;&quot; class=&quot;btn bg-blue btn-block&quot;>...&lt;/button> is not clickable at point (791, 525). Other element would receive the click: &lt;div style=&quot;position: relative; display: block; height: auto; width: auto; padding: 35px 10px 11px; margin: 0px; text-align: left; border: 1px solid rgb(178, 178, 178); border-radius: 5px; background: url(&amp;quot;http://gc.kis.v2.scr.kaspersky-labs.com/4B9F09A28919-7EBA-743A-BA76-F6F14D9E/vk/VkTooltipBanner.png&amp;quot;) 10px 9px no-repeat rgb(255, 255, 255); z-index: 2147483646;&quot;>...&lt;/div>
  (Session info: chrome=66.0.3359.139)
  (Driver info: chromedriver=2.35.528161 (5b82f2d2aae0ca24b877009200ced9065a772e73),platform=Windows NT 10.0.16299 x86_64) (WARNING: The server did not provide any stacktrace information)
Command duration or timeout: 0 milliseconds
Build info: version: '3.7.1', revision: '8a0099a', time: '2017-11-06T21:07:36.161Z'
System info: host: 'DESKTOP-BLFTK83', ip: '192.168.71.2', os.name: 'Windows 10', os.arch: 'amd64', os.version: '10.0', java.version: '1.8.0_102'
Driver info: com.kms.katalon.selenium.driver.CChromeDriver
Capabilities {acceptInsecureCerts: false, acceptSslCerts: false, applicationCacheEnabled: false, browserConnectionEnabled: false, browserName: chrome, chrome: {chromedriverVersion: 2.35.528161 (5b82f2d2aae0ca..., userDataDir: C:\Users\QUALIT~1\AppData\L...}, cssSelectorsEnabled: true, databaseEnabled: false, handlesAlerts: true, hasTouchScreen: false, javascriptEnabled: true, locationContextEnabled: true, mobileEmulationEnabled: false, nativeEvents: true, networkConnectionEnabled: false, pageLoadStrategy: normal, platform: XP, platformName: XP, rotatable: false, setWindowRect: true, takesHeapSnapshot: true, takesScreenshot: true, unexpectedAlertBehaviour: , unhandledPromptBehavior: , version: 66.0.3359.139, webStorageEnabled: true}
Session ID: bac44027c6cc4687fbcd3d5ba1a7ad21)"/>
         <system-out><![CDATA[2018-05-09 15:57:05 - [TEST_CASE][FAILED] - Test Cases/MOH REQUEST AND GRN/Moh Request GRN  Schedule 5: Test Cases/MOH REQUEST AND GRN/Moh Request GRN  Schedule 5 FAILED because (of) Unable to click on object 'Object Repository/MOH AND GRN/Page_Admin login/button_Sign in' (Root cause: org.openqa.selenium.WebDriverException: unknown error: Element <button type="submit" id="btnSubmit" style="color: #003f72 ;" class="btn bg-blue btn-block">...</button> is not clickable at point (791, 525). Other element would receive the click: <div style="position: relative; display: block; height: auto; width: auto; padding: 35px 10px 11px; margin: 0px; text-align: left; border: 1px solid rgb(178, 178, 178); border-radius: 5px; background: url(&quot;http://gc.kis.v2.scr.kaspersky-labs.com/4B9F09A28919-7EBA-743A-BA76-F6F14D9E/vk/VkTooltipBanner.png&quot;) 10px 9px no-repeat rgb(255, 255, 255); z-index: 2147483646;">...</div>
  (Session info: chrome=66.0.3359.139)
  (Driver info: chromedriver=2.35.528161 (5b82f2d2aae0ca24b877009200ced9065a772e73),platform=Windows NT 10.0.16299 x86_64) (WARNING: The server did not provide any stacktrace information)
Command duration or timeout: 0 milliseconds
Build info: version: '3.7.1', revision: '8a0099a', time: '2017-11-06T21:07:36.161Z'
System info: host: 'DESKTOP-BLFTK83', ip: '192.168.71.2', os.name: 'Windows 10', os.arch: 'amd64', os.version: '10.0', java.version: '1.8.0_102'
Driver info: com.kms.katalon.selenium.driver.CChromeDriver
Capabilities {acceptInsecureCerts: false, acceptSslCerts: false, applicationCacheEnabled: false, browserConnectionEnabled: false, browserName: chrome, chrome: {chromedriverVersion: 2.35.528161 (5b82f2d2aae0ca..., userDataDir: C:\Users\QUALIT~1\AppData\L...}, cssSelectorsEnabled: true, databaseEnabled: false, handlesAlerts: true, hasTouchScreen: false, javascriptEnabled: true, locationContextEnabled: true, mobileEmulationEnabled: false, nativeEvents: true, networkConnectionEnabled: false, pageLoadStrategy: normal, platform: XP, platformName: XP, rotatable: false, setWindowRect: true, takesHeapSnapshot: true, takesScreenshot: true, unexpectedAlertBehaviour: , unhandledPromptBehavior: , version: 66.0.3359.139, webStorageEnabled: true}
Session ID: bac44027c6cc4687fbcd3d5ba1a7ad21)

2018-05-09 15:57:05 - [TEST_STEP][PASSED] - openBrowser: Browser is opened with url: ''

2018-05-09 15:57:05 - [MESSAGE][WARNING] - A browser is already opened. Closing browser and opening a new one

2018-05-09 15:57:08 - [MESSAGE][PASSED] - Browser is opened with url: ''

2018-05-09 15:57:08 - [TEST_STEP][PASSED] - navigateToUrl: Navigate to 'http://192.168.137.1/multihospital_new/' successfully

2018-05-09 15:57:22 - [MESSAGE][PASSED] - Navigate to 'http://192.168.137.1/multihospital_new/' successfully

2018-05-09 15:57:22 - [TEST_STEP][PASSED] - maximizeWindow: Current window maximized

2018-05-09 15:57:23 - [MESSAGE][PASSED] - Current window maximized

2018-05-09 15:57:23 - [TEST_STEP][PASSED] - click: Object: 'Object Repository/MOH AND GRN/Page_KDMC/a_CMS' is clicked on

2018-05-09 15:57:26 - [MESSAGE][PASSED] - Object: 'Object Repository/MOH AND GRN/Page_KDMC/a_CMS' is clicked on

2018-05-09 15:57:26 - [TEST_STEP][PASSED] - setText: Text 'bala' is set on object 'Object Repository/MOH AND GRN/Page_CMS login/input_txtusername'

2018-05-09 15:57:26 - [MESSAGE][PASSED] - Text 'bala' is set on object 'Object Repository/MOH AND GRN/Page_CMS login/input_txtusername'

2018-05-09 15:57:26 - [TEST_STEP][PASSED] - setText: Text '123' is set on object 'Object Repository/MOH AND GRN/Page_CMS login/input_txtpassword'

2018-05-09 15:57:26 - [MESSAGE][PASSED] - Text '123' is set on object 'Object Repository/MOH AND GRN/Page_CMS login/input_txtpassword'

2018-05-09 15:57:26 - [TEST_STEP][PASSED] - delay: Delayed 3 second(s)

2018-05-09 15:57:29 - [MESSAGE][PASSED] - Delayed 3 second(s)

2018-05-09 15:57:29 - [TEST_STEP][PASSED] - click: Object: 'Object Repository/MOH AND GRN/Page_CMS login/button_Sign in' is clicked on

2018-05-09 15:57:35 - [MESSAGE][PASSED] - Object: 'Object Repository/MOH AND GRN/Page_CMS login/button_Sign in' is clicked on

2018-05-09 15:57:35 - [TEST_STEP][PASSED] - click: Object: 'Object Repository/MOH AND GRN/Page_KDMC - CMS/a_Request to MOH' is clicked on

2018-05-09 15:57:41 - [MESSAGE][PASSED] - Object: 'Object Repository/MOH AND GRN/Page_KDMC - CMS/a_Request to MOH' is clicked on

2018-05-09 15:57:41 - [TEST_STEP][PASSED] - selectOptionByIndex: All options with index in [2] are selected on object 'Object Repository/MOH AND GRN/Page_KDMC - CMS/select_--Select--'

2018-05-09 15:57:42 - [MESSAGE][PASSED] - All options with index in [2] are selected on object 'Object Repository/MOH AND GRN/Page_KDMC - CMS/select_--Select--'

2018-05-09 15:57:42 - [TEST_STEP][PASSED] - selectOptionByIndex: All options with index in [5] are selected on object 'Object Repository/MOH AND GRN/Page_KDMC - CMS/select_--Select--Schedule 1Inj'

2018-05-09 15:57:42 - [MESSAGE][PASSED] - All options with index in [5] are selected on object 'Object Repository/MOH AND GRN/Page_KDMC - CMS/select_--Select--Schedule 1Inj'

2018-05-09 15:57:42 - [TEST_STEP][PASSED] - Statement - selectedoptions = com.kms.katalon.core.webui.keyword.WebUiBuiltInKeywords.getNumberOfTotalOption(com.kms.katalon.core.testobject.ObjectRepository.findTestObject(MOH AND GRN/Page_KDMC - CMS/select_--Select--Adernaline 0.)): 17 options of object 'Object Repository/MOH AND GRN/Page_KDMC - CMS/select_--Select--Adernaline 0.' counted

2018-05-09 15:57:42 - [MESSAGE][PASSED] - 17 options of object 'Object Repository/MOH AND GRN/Page_KDMC - CMS/select_--Select--Adernaline 0.' counted

2018-05-09 15:57:42 - [TEST_STEP][PASSED] - Statement - For ([j = 1, j <= selectedoptions - 1, (j++)]): Object: 'Object Repository/MOH AND GRN/Page_KDMC - CMS/button_Add' is clicked on

2018-05-09 15:57:42 - [TEST_STEP][PASSED] - selectOptionByIndex: All options with index in [5] are selected on object 'Object Repository/MOH AND GRN/Page_KDMC - CMS/select_--Select--Schedule 1Inj'

2018-05-09 15:57:42 - [MESSAGE][PASSED] - All options with index in [5] are selected on object 'Object Repository/MOH AND GRN/Page_KDMC - CMS/select_--Select--Schedule 1Inj'

2018-05-09 15:57:42 - [TEST_STEP][PASSED] - selectOptionByIndex: All options with index in [1] are selected on object 'Object Repository/MOH AND GRN/Page_KDMC - CMS/select_--Select--Adernaline 0.'

2018-05-09 15:57:42 - [MESSAGE][PASSED] - All options with index in [1] are selected on object 'Object Repository/MOH AND GRN/Page_KDMC - CMS/select_--Select--Adernaline 0.'

2018-05-09 15:57:42 - [TEST_STEP][PASSED] - setText: Text '5000' is set on object 'Object Repository/MOH AND GRN/Page_KDMC - CMS/input_txttreat'

2018-05-09 15:57:42 - [MESSAGE][PASSED] - Text '5000' is set on object 'Object Repository/MOH AND GRN/Page_KDMC - CMS/input_txttreat'

2018-05-09 15:57:42 - [TEST_STEP][PASSED] - click: Object: 'Object Repository/MOH AND GRN/Page_KDMC - CMS/button_Add' is clicked on

2018-05-09 15:57:47 - [MESSAGE][PASSED] - Object: 'Object Repository/MOH AND GRN/Page_KDMC - CMS/button_Add' is clicked on

2018-05-09 15:57:47 - [TEST_STEP][PASSED] - selectOptionByIndex: All options with index in [5] are selected on object 'Object Repository/MOH AND GRN/Page_KDMC - CMS/select_--Select--Schedule 1Inj'

2018-05-09 15:57:47 - [MESSAGE][PASSED] - All options with index in [5] are selected on object 'Object Repository/MOH AND GRN/Page_KDMC - CMS/select_--Select--Schedule 1Inj'

2018-05-09 15:57:47 - [TEST_STEP][PASSED] - selectOptionByIndex: All options with index in [2] are selected on object 'Object Repository/MOH AND GRN/Page_KDMC - CMS/select_--Select--Adernaline 0.'

2018-05-09 15:57:48 - [MESSAGE][PASSED] - All options with index in [2] are selected on object 'Object Repository/MOH AND GRN/Page_KDMC - CMS/select_--Select--Adernaline 0.'

2018-05-09 15:57:48 - [TEST_STEP][PASSED] - setText: Text '5000' is set on object 'Object Repository/MOH AND GRN/Page_KDMC - CMS/input_txttreat'

2018-05-09 15:57:48 - [MESSAGE][PASSED] - Text '5000' is set on object 'Object Repository/MOH AND GRN/Page_KDMC - CMS/input_txttreat'

2018-05-09 15:57:48 - [TEST_STEP][PASSED] - click: Object: 'Object Repository/MOH AND GRN/Page_KDMC - CMS/button_Add' is clicked on

2018-05-09 15:57:53 - [MESSAGE][PASSED] - Object: 'Object Repository/MOH AND GRN/Page_KDMC - CMS/button_Add' is clicked on

2018-05-09 15:57:53 - [TEST_STEP][PASSED] - selectOptionByIndex: All options with index in [5] are selected on object 'Object Repository/MOH AND GRN/Page_KDMC - CMS/select_--Select--Schedule 1Inj'

2018-05-09 15:57:53 - [MESSAGE][PASSED] - All options with index in [5] are selected on object 'Object Repository/MOH AND GRN/Page_KDMC - CMS/select_--Select--Schedule 1Inj'

2018-05-09 15:57:53 - [TEST_STEP][PASSED] - selectOptionByIndex: All options with index in [3] are selected on object 'Object Repository/MOH AND GRN/Page_KDMC - CMS/select_--Select--Adernaline 0.'

2018-05-09 15:57:53 - [MESSAGE][PASSED] - All options with index in [3] are selected on object 'Object Repository/MOH AND GRN/Page_KDMC - CMS/select_--Select--Adernaline 0.'

2018-05-09 15:57:53 - [TEST_STEP][PASSED] - setText: Text '5000' is set on object 'Object Repository/MOH AND GRN/Page_KDMC - CMS/input_txttreat'

2018-05-09 15:57:53 - [MESSAGE][PASSED] - Text '5000' is set on object 'Object Repository/MOH AND GRN/Page_KDMC - CMS/input_txttreat'

2018-05-09 15:57:53 - [TEST_STEP][PASSED] - click: Object: 'Object Repository/MOH AND GRN/Page_KDMC - CMS/button_Add' is clicked on

2018-05-09 15:57:58 - [MESSAGE][PASSED] - Object: 'Object Repository/MOH AND GRN/Page_KDMC - CMS/button_Add' is clicked on

2018-05-09 15:57:58 - [TEST_STEP][PASSED] - selectOptionByIndex: All options with index in [5] are selected on object 'Object Repository/MOH AND GRN/Page_KDMC - CMS/select_--Select--Schedule 1Inj'

2018-05-09 15:57:58 - [MESSAGE][PASSED] - All options with index in [5] are selected on object 'Object Repository/MOH AND GRN/Page_KDMC - CMS/select_--Select--Schedule 1Inj'

2018-05-09 15:57:58 - [TEST_STEP][PASSED] - selectOptionByIndex: All options with index in [4] are selected on object 'Object Repository/MOH AND GRN/Page_KDMC - CMS/select_--Select--Adernaline 0.'

2018-05-09 15:57:58 - [MESSAGE][PASSED] - All options with index in [4] are selected on object 'Object Repository/MOH AND GRN/Page_KDMC - CMS/select_--Select--Adernaline 0.'

2018-05-09 15:57:58 - [TEST_STEP][PASSED] - setText: Text '5000' is set on object 'Object Repository/MOH AND GRN/Page_KDMC - CMS/input_txttreat'

2018-05-09 15:57:59 - [MESSAGE][PASSED] - Text '5000' is set on object 'Object Repository/MOH AND GRN/Page_KDMC - CMS/input_txttreat'

2018-05-09 15:57:59 - [TEST_STEP][PASSED] - click: Object: 'Object Repository/MOH AND GRN/Page_KDMC - CMS/button_Add' is clicked on

2018-05-09 15:58:04 - [MESSAGE][PASSED] - Object: 'Object Repository/MOH AND GRN/Page_KDMC - CMS/button_Add' is clicked on

2018-05-09 15:58:04 - [TEST_STEP][PASSED] - selectOptionByIndex: All options with index in [5] are selected on object 'Object Repository/MOH AND GRN/Page_KDMC - CMS/select_--Select--Schedule 1Inj'

2018-05-09 15:58:04 - [MESSAGE][PASSED] - All options with index in [5] are selected on object 'Object Repository/MOH AND GRN/Page_KDMC - CMS/select_--Select--Schedule 1Inj'

2018-05-09 15:58:04 - [TEST_STEP][PASSED] - selectOptionByIndex: All options with index in [5] are selected on object 'Object Repository/MOH AND GRN/Page_KDMC - CMS/select_--Select--Adernaline 0.'

2018-05-09 15:58:04 - [MESSAGE][PASSED] - All options with index in [5] are selected on object 'Object Repository/MOH AND GRN/Page_KDMC - CMS/select_--Select--Adernaline 0.'

2018-05-09 15:58:04 - [TEST_STEP][PASSED] - setText: Text '5000' is set on object 'Object Repository/MOH AND GRN/Page_KDMC - CMS/input_txttreat'

2018-05-09 15:58:04 - [MESSAGE][PASSED] - Text '5000' is set on object 'Object Repository/MOH AND GRN/Page_KDMC - CMS/input_txttreat'

2018-05-09 15:58:04 - [TEST_STEP][PASSED] - click: Object: 'Object Repository/MOH AND GRN/Page_KDMC - CMS/button_Add' is clicked on

2018-05-09 15:58:09 - [MESSAGE][PASSED] - Object: 'Object Repository/MOH AND GRN/Page_KDMC - CMS/button_Add' is clicked on

2018-05-09 15:58:09 - [TEST_STEP][PASSED] - selectOptionByIndex: All options with index in [5] are selected on object 'Object Repository/MOH AND GRN/Page_KDMC - CMS/select_--Select--Schedule 1Inj'

2018-05-09 15:58:09 - [MESSAGE][PASSED] - All options with index in [5] are selected on object 'Object Repository/MOH AND GRN/Page_KDMC - CMS/select_--Select--Schedule 1Inj'

2018-05-09 15:58:09 - [TEST_STEP][PASSED] - selectOptionByIndex: All options with index in [6] are selected on object 'Object Repository/MOH AND GRN/Page_KDMC - CMS/select_--Select--Adernaline 0.'

2018-05-09 15:58:09 - [MESSAGE][PASSED] - All options with index in [6] are selected on object 'Object Repository/MOH AND GRN/Page_KDMC - CMS/select_--Select--Adernaline 0.'

2018-05-09 15:58:09 - [TEST_STEP][PASSED] - setText: Text '5000' is set on object 'Object Repository/MOH AND GRN/Page_KDMC - CMS/input_txttreat'

2018-05-09 15:58:09 - [MESSAGE][PASSED] - Text '5000' is set on object 'Object Repository/MOH AND GRN/Page_KDMC - CMS/input_txttreat'

2018-05-09 15:58:09 - [TEST_STEP][PASSED] - click: Object: 'Object Repository/MOH AND GRN/Page_KDMC - CMS/button_Add' is clicked on

2018-05-09 15:58:14 - [MESSAGE][PASSED] - Object: 'Object Repository/MOH AND GRN/Page_KDMC - CMS/button_Add' is clicked on

2018-05-09 15:58:14 - [TEST_STEP][PASSED] - selectOptionByIndex: All options with index in [5] are selected on object 'Object Repository/MOH AND GRN/Page_KDMC - CMS/select_--Select--Schedule 1Inj'

2018-05-09 15:58:15 - [MESSAGE][PASSED] - All options with index in [5] are selected on object 'Object Repository/MOH AND GRN/Page_KDMC - CMS/select_--Select--Schedule 1Inj'

2018-05-09 15:58:15 - [TEST_STEP][PASSED] - selectOptionByIndex: All options with index in [7] are selected on object 'Object Repository/MOH AND GRN/Page_KDMC - CMS/select_--Select--Adernaline 0.'

2018-05-09 15:58:15 - [MESSAGE][PASSED] - All options with index in [7] are selected on object 'Object Repository/MOH AND GRN/Page_KDMC - CMS/select_--Select--Adernaline 0.'

2018-05-09 15:58:15 - [TEST_STEP][PASSED] - setText: Text '5000' is set on object 'Object Repository/MOH AND GRN/Page_KDMC - CMS/input_txttreat'

2018-05-09 15:58:15 - [MESSAGE][PASSED] - Text '5000' is set on object 'Object Repository/MOH AND GRN/Page_KDMC - CMS/input_txttreat'

2018-05-09 15:58:15 - [TEST_STEP][PASSED] - click: Object: 'Object Repository/MOH AND GRN/Page_KDMC - CMS/button_Add' is clicked on

2018-05-09 15:58:20 - [MESSAGE][PASSED] - Object: 'Object Repository/MOH AND GRN/Page_KDMC - CMS/button_Add' is clicked on

2018-05-09 15:58:20 - [TEST_STEP][PASSED] - selectOptionByIndex: All options with index in [5] are selected on object 'Object Repository/MOH AND GRN/Page_KDMC - CMS/select_--Select--Schedule 1Inj'

2018-05-09 15:58:20 - [MESSAGE][PASSED] - All options with index in [5] are selected on object 'Object Repository/MOH AND GRN/Page_KDMC - CMS/select_--Select--Schedule 1Inj'

2018-05-09 15:58:20 - [TEST_STEP][PASSED] - selectOptionByIndex: All options with index in [8] are selected on object 'Object Repository/MOH AND GRN/Page_KDMC - CMS/select_--Select--Adernaline 0.'

2018-05-09 15:58:20 - [MESSAGE][PASSED] - All options with index in [8] are selected on object 'Object Repository/MOH AND GRN/Page_KDMC - CMS/select_--Select--Adernaline 0.'

2018-05-09 15:58:20 - [TEST_STEP][PASSED] - setText: Text '5000' is set on object 'Object Repository/MOH AND GRN/Page_KDMC - CMS/input_txttreat'

2018-05-09 15:58:20 - [MESSAGE][PASSED] - Text '5000' is set on object 'Object Repository/MOH AND GRN/Page_KDMC - CMS/input_txttreat'

2018-05-09 15:58:20 - [TEST_STEP][PASSED] - click: Object: 'Object Repository/MOH AND GRN/Page_KDMC - CMS/button_Add' is clicked on

2018-05-09 15:58:25 - [MESSAGE][PASSED] - Object: 'Object Repository/MOH AND GRN/Page_KDMC - CMS/button_Add' is clicked on

2018-05-09 15:58:25 - [TEST_STEP][PASSED] - selectOptionByIndex: All options with index in [5] are selected on object 'Object Repository/MOH AND GRN/Page_KDMC - CMS/select_--Select--Schedule 1Inj'

2018-05-09 15:58:26 - [MESSAGE][PASSED] - All options with index in [5] are selected on object 'Object Repository/MOH AND GRN/Page_KDMC - CMS/select_--Select--Schedule 1Inj'

2018-05-09 15:58:26 - [TEST_STEP][PASSED] - selectOptionByIndex: All options with index in [9] are selected on object 'Object Repository/MOH AND GRN/Page_KDMC - CMS/select_--Select--Adernaline 0.'

2018-05-09 15:58:26 - [MESSAGE][PASSED] - All options with index in [9] are selected on object 'Object Repository/MOH AND GRN/Page_KDMC - CMS/select_--Select--Adernaline 0.'

2018-05-09 15:58:26 - [TEST_STEP][PASSED] - setText: Text '5000' is set on object 'Object Repository/MOH AND GRN/Page_KDMC - CMS/input_txttreat'

2018-05-09 15:58:26 - [MESSAGE][PASSED] - Text '5000' is set on object 'Object Repository/MOH AND GRN/Page_KDMC - CMS/input_txttreat'

2018-05-09 15:58:26 - [TEST_STEP][PASSED] - click: Object: 'Object Repository/MOH AND GRN/Page_KDMC - CMS/button_Add' is clicked on

2018-05-09 15:58:31 - [MESSAGE][PASSED] - Object: 'Object Repository/MOH AND GRN/Page_KDMC - CMS/button_Add' is clicked on

2018-05-09 15:58:31 - [TEST_STEP][PASSED] - selectOptionByIndex: All options with index in [5] are selected on object 'Object Repository/MOH AND GRN/Page_KDMC - CMS/select_--Select--Schedule 1Inj'

2018-05-09 15:58:31 - [MESSAGE][PASSED] - All options with index in [5] are selected on object 'Object Repository/MOH AND GRN/Page_KDMC - CMS/select_--Select--Schedule 1Inj'

2018-05-09 15:58:31 - [TEST_STEP][PASSED] - selectOptionByIndex: All options with index in [10] are selected on object 'Object Repository/MOH AND GRN/Page_KDMC - CMS/select_--Select--Adernaline 0.'

2018-05-09 15:58:31 - [MESSAGE][PASSED] - All options with index in [10] are selected on object 'Object Repository/MOH AND GRN/Page_KDMC - CMS/select_--Select--Adernaline 0.'

2018-05-09 15:58:31 - [TEST_STEP][PASSED] - setText: Text '5000' is set on object 'Object Repository/MOH AND GRN/Page_KDMC - CMS/input_txttreat'

2018-05-09 15:58:31 - [MESSAGE][PASSED] - Text '5000' is set on object 'Object Repository/MOH AND GRN/Page_KDMC - CMS/input_txttreat'

2018-05-09 15:58:31 - [TEST_STEP][PASSED] - click: Object: 'Object Repository/MOH AND GRN/Page_KDMC - CMS/button_Add' is clicked on

2018-05-09 15:58:36 - [MESSAGE][PASSED] - Object: 'Object Repository/MOH AND GRN/Page_KDMC - CMS/button_Add' is clicked on

2018-05-09 15:58:36 - [TEST_STEP][PASSED] - selectOptionByIndex: All options with index in [5] are selected on object 'Object Repository/MOH AND GRN/Page_KDMC - CMS/select_--Select--Schedule 1Inj'

2018-05-09 15:58:36 - [MESSAGE][PASSED] - All options with index in [5] are selected on object 'Object Repository/MOH AND GRN/Page_KDMC - CMS/select_--Select--Schedule 1Inj'

2018-05-09 15:58:36 - [TEST_STEP][PASSED] - selectOptionByIndex: All options with index in [11] are selected on object 'Object Repository/MOH AND GRN/Page_KDMC - CMS/select_--Select--Adernaline 0.'

2018-05-09 15:58:37 - [MESSAGE][PASSED] - All options with index in [11] are selected on object 'Object Repository/MOH AND GRN/Page_KDMC - CMS/select_--Select--Adernaline 0.'

2018-05-09 15:58:37 - [TEST_STEP][PASSED] - setText: Text '5000' is set on object 'Object Repository/MOH AND GRN/Page_KDMC - CMS/input_txttreat'

2018-05-09 15:58:37 - [MESSAGE][PASSED] - Text '5000' is set on object 'Object Repository/MOH AND GRN/Page_KDMC - CMS/input_txttreat'

2018-05-09 15:58:37 - [TEST_STEP][PASSED] - click: Object: 'Object Repository/MOH AND GRN/Page_KDMC - CMS/button_Add' is clicked on

2018-05-09 15:58:42 - [MESSAGE][PASSED] - Object: 'Object Repository/MOH AND GRN/Page_KDMC - CMS/button_Add' is clicked on

2018-05-09 15:58:42 - [TEST_STEP][PASSED] - selectOptionByIndex: All options with index in [5] are selected on object 'Object Repository/MOH AND GRN/Page_KDMC - CMS/select_--Select--Schedule 1Inj'

2018-05-09 15:58:42 - [MESSAGE][PASSED] - All options with index in [5] are selected on object 'Object Repository/MOH AND GRN/Page_KDMC - CMS/select_--Select--Schedule 1Inj'

2018-05-09 15:58:42 - [TEST_STEP][PASSED] - selectOptionByIndex: All options with index in [12] are selected on object 'Object Repository/MOH AND GRN/Page_KDMC - CMS/select_--Select--Adernaline 0.'

2018-05-09 15:58:42 - [MESSAGE][PASSED] - All options with index in [12] are selected on object 'Object Repository/MOH AND GRN/Page_KDMC - CMS/select_--Select--Adernaline 0.'

2018-05-09 15:58:42 - [TEST_STEP][PASSED] - setText: Text '5000' is set on object 'Object Repository/MOH AND GRN/Page_KDMC - CMS/input_txttreat'

2018-05-09 15:58:42 - [MESSAGE][PASSED] - Text '5000' is set on object 'Object Repository/MOH AND GRN/Page_KDMC - CMS/input_txttreat'

2018-05-09 15:58:42 - [TEST_STEP][PASSED] - click: Object: 'Object Repository/MOH AND GRN/Page_KDMC - CMS/button_Add' is clicked on

2018-05-09 15:58:47 - [MESSAGE][PASSED] - Object: 'Object Repository/MOH AND GRN/Page_KDMC - CMS/button_Add' is clicked on

2018-05-09 15:58:47 - [TEST_STEP][PASSED] - selectOptionByIndex: All options with index in [5] are selected on object 'Object Repository/MOH AND GRN/Page_KDMC - CMS/select_--Select--Schedule 1Inj'

2018-05-09 15:58:47 - [MESSAGE][PASSED] - All options with index in [5] are selected on object 'Object Repository/MOH AND GRN/Page_KDMC - CMS/select_--Select--Schedule 1Inj'

2018-05-09 15:58:47 - [TEST_STEP][PASSED] - selectOptionByIndex: All options with index in [13] are selected on object 'Object Repository/MOH AND GRN/Page_KDMC - CMS/select_--Select--Adernaline 0.'

2018-05-09 15:58:48 - [MESSAGE][PASSED] - All options with index in [13] are selected on object 'Object Repository/MOH AND GRN/Page_KDMC - CMS/select_--Select--Adernaline 0.'

2018-05-09 15:58:48 - [TEST_STEP][PASSED] - setText: Text '5000' is set on object 'Object Repository/MOH AND GRN/Page_KDMC - CMS/input_txttreat'

2018-05-09 15:58:48 - [MESSAGE][PASSED] - Text '5000' is set on object 'Object Repository/MOH AND GRN/Page_KDMC - CMS/input_txttreat'

2018-05-09 15:58:48 - [TEST_STEP][PASSED] - click: Object: 'Object Repository/MOH AND GRN/Page_KDMC - CMS/button_Add' is clicked on

2018-05-09 15:58:53 - [MESSAGE][PASSED] - Object: 'Object Repository/MOH AND GRN/Page_KDMC - CMS/button_Add' is clicked on

2018-05-09 15:58:53 - [TEST_STEP][PASSED] - selectOptionByIndex: All options with index in [5] are selected on object 'Object Repository/MOH AND GRN/Page_KDMC - CMS/select_--Select--Schedule 1Inj'

2018-05-09 15:58:53 - [MESSAGE][PASSED] - All options with index in [5] are selected on object 'Object Repository/MOH AND GRN/Page_KDMC - CMS/select_--Select--Schedule 1Inj'

2018-05-09 15:58:53 - [TEST_STEP][PASSED] - selectOptionByIndex: All options with index in [14] are selected on object 'Object Repository/MOH AND GRN/Page_KDMC - CMS/select_--Select--Adernaline 0.'

2018-05-09 15:58:53 - [MESSAGE][PASSED] - All options with index in [14] are selected on object 'Object Repository/MOH AND GRN/Page_KDMC - CMS/select_--Select--Adernaline 0.'

2018-05-09 15:58:53 - [TEST_STEP][PASSED] - setText: Text '5000' is set on object 'Object Repository/MOH AND GRN/Page_KDMC - CMS/input_txttreat'

2018-05-09 15:58:53 - [MESSAGE][PASSED] - Text '5000' is set on object 'Object Repository/MOH AND GRN/Page_KDMC - CMS/input_txttreat'

2018-05-09 15:58:53 - [TEST_STEP][PASSED] - click: Object: 'Object Repository/MOH AND GRN/Page_KDMC - CMS/button_Add' is clicked on

2018-05-09 15:58:54 - [MESSAGE][PASSED] - Object: 'Object Repository/MOH AND GRN/Page_KDMC - CMS/button_Add' is clicked on

2018-05-09 15:58:54 - [TEST_STEP][PASSED] - selectOptionByIndex: All options with index in [5] are selected on object 'Object Repository/MOH AND GRN/Page_KDMC - CMS/select_--Select--Schedule 1Inj'

2018-05-09 15:58:54 - [MESSAGE][PASSED] - All options with index in [5] are selected on object 'Object Repository/MOH AND GRN/Page_KDMC - CMS/select_--Select--Schedule 1Inj'

2018-05-09 15:58:54 - [TEST_STEP][PASSED] - selectOptionByIndex: All options with index in [15] are selected on object 'Object Repository/MOH AND GRN/Page_KDMC - CMS/select_--Select--Adernaline 0.'

2018-05-09 15:58:55 - [MESSAGE][PASSED] - All options with index in [15] are selected on object 'Object Repository/MOH AND GRN/Page_KDMC - CMS/select_--Select--Adernaline 0.'

2018-05-09 15:58:55 - [TEST_STEP][PASSED] - setText: Text '5000' is set on object 'Object Repository/MOH AND GRN/Page_KDMC - CMS/input_txttreat'

2018-05-09 15:58:55 - [MESSAGE][PASSED] - Text '5000' is set on object 'Object Repository/MOH AND GRN/Page_KDMC - CMS/input_txttreat'

2018-05-09 15:58:55 - [TEST_STEP][PASSED] - click: Object: 'Object Repository/MOH AND GRN/Page_KDMC - CMS/button_Add' is clicked on

2018-05-09 15:58:55 - [MESSAGE][PASSED] - Object: 'Object Repository/MOH AND GRN/Page_KDMC - CMS/button_Add' is clicked on

2018-05-09 15:58:55 - [TEST_STEP][PASSED] - selectOptionByIndex: All options with index in [5] are selected on object 'Object Repository/MOH AND GRN/Page_KDMC - CMS/select_--Select--Schedule 1Inj'

2018-05-09 15:58:55 - [MESSAGE][PASSED] - All options with index in [5] are selected on object 'Object Repository/MOH AND GRN/Page_KDMC - CMS/select_--Select--Schedule 1Inj'

2018-05-09 15:58:55 - [TEST_STEP][PASSED] - selectOptionByIndex: All options with index in [16] are selected on object 'Object Repository/MOH AND GRN/Page_KDMC - CMS/select_--Select--Adernaline 0.'

2018-05-09 15:58:55 - [MESSAGE][PASSED] - All options with index in [16] are selected on object 'Object Repository/MOH AND GRN/Page_KDMC - CMS/select_--Select--Adernaline 0.'

2018-05-09 15:58:55 - [TEST_STEP][PASSED] - setText: Text '5000' is set on object 'Object Repository/MOH AND GRN/Page_KDMC - CMS/input_txttreat'

2018-05-09 15:58:55 - [MESSAGE][PASSED] - Text '5000' is set on object 'Object Repository/MOH AND GRN/Page_KDMC - CMS/input_txttreat'

2018-05-09 15:58:55 - [TEST_STEP][PASSED] - click: Object: 'Object Repository/MOH AND GRN/Page_KDMC - CMS/button_Add' is clicked on

2018-05-09 15:58:55 - [MESSAGE][PASSED] - Object: 'Object Repository/MOH AND GRN/Page_KDMC - CMS/button_Add' is clicked on

2018-05-09 15:58:55 - [TEST_STEP][PASSED] - scrollToElement: Scroll to object 'Object Repository/MOH AND GRN/Page_KDMC - CMS/input_btnsave' successfully

2018-05-09 15:58:55 - [MESSAGE][PASSED] - Scroll to object 'Object Repository/MOH AND GRN/Page_KDMC - CMS/input_btnsave' successfully

2018-05-09 15:58:55 - [TEST_STEP][PASSED] - click: Object: 'Object Repository/MOH AND GRN/Page_KDMC - CMS/input_btnsave' is clicked on

2018-05-09 15:58:56 - [MESSAGE][PASSED] - Object: 'Object Repository/MOH AND GRN/Page_KDMC - CMS/input_btnsave' is clicked on

2018-05-09 15:58:56 - [TEST_STEP][PASSED] - delay: Delayed 3 second(s)

2018-05-09 15:58:59 - [MESSAGE][PASSED] - Delayed 3 second(s)

2018-05-09 15:58:59 - [TEST_STEP][PASSED] - Statement - Request1 = com.kms.katalon.core.webui.keyword.WebUiBuiltInKeywords.getText(com.kms.katalon.core.testobject.ObjectRepository.findTestObject(MOH AND GRN/Page_KDMC - CMS/font_PRNO0505201876)): Text of object 'Object Repository/MOH AND GRN/Page_KDMC - CMS/font_PRNO0505201876' is: 'PRNO/09052018/186'

2018-05-09 15:58:59 - [MESSAGE][PASSED] - Text of object 'Object Repository/MOH AND GRN/Page_KDMC - CMS/font_PRNO0505201876' is: 'PRNO/09052018/186'

2018-05-09 15:58:59 - [TEST_STEP][PASSED] - Statement - out.println("Length OF The Medicine " + Request1): null

2018-05-09 15:58:59 - [TEST_STEP][PASSED] - Statement - RequestNUmber = Request1.split("/")[2].trim(): null

2018-05-09 15:58:59 - [TEST_STEP][PASSED] - Statement - out.println("ID IS " + RequestNUmber): null

2018-05-09 15:58:59 - [TEST_STEP][PASSED] - delay: Delayed 3 second(s)

2018-05-09 15:59:02 - [MESSAGE][PASSED] - Delayed 3 second(s)

2018-05-09 15:59:02 - [TEST_STEP][PASSED] - click: Object: 'Object Repository/MOH AND GRN/Page_KDMC - CMS/button_OK' is clicked on

2018-05-09 15:59:07 - [MESSAGE][PASSED] - Object: 'Object Repository/MOH AND GRN/Page_KDMC - CMS/button_OK' is clicked on

2018-05-09 15:59:07 - [TEST_STEP][PASSED] - click: Object: 'Object Repository/MOH AND GRN/Page_KDMC - CMS/a_dropdown-toggle' is clicked on

2018-05-09 15:59:17 - [MESSAGE][PASSED] - Object: 'Object Repository/MOH AND GRN/Page_KDMC - CMS/a_dropdown-toggle' is clicked on

2018-05-09 15:59:17 - [TEST_STEP][PASSED] - click: Object: 'Object Repository/MOH AND GRN/Page_KDMC - CMS/a_Sign out' is clicked on

2018-05-09 15:59:18 - [MESSAGE][PASSED] - Object: 'Object Repository/MOH AND GRN/Page_KDMC - CMS/a_Sign out' is clicked on

2018-05-09 15:59:18 - [TEST_STEP][PASSED] - delay: Delayed 4 second(s)

2018-05-09 15:59:22 - [MESSAGE][PASSED] - Delayed 4 second(s)

2018-05-09 15:59:22 - [TEST_STEP][PASSED] - click: Object: 'Object Repository/MOH AND GRN/Page_KDMC/a_Admin Master' is clicked on

2018-05-09 15:59:27 - [MESSAGE][PASSED] - Object: 'Object Repository/MOH AND GRN/Page_KDMC/a_Admin Master' is clicked on

2018-05-09 15:59:27 - [TEST_STEP][PASSED] - setText: Text 'admin' is set on object 'Object Repository/MOH AND GRN/Page_Admin login/input_txtusername'

2018-05-09 15:59:27 - [MESSAGE][PASSED] - Text 'admin' is set on object 'Object Repository/MOH AND GRN/Page_Admin login/input_txtusername'

2018-05-09 15:59:27 - [TEST_STEP][PASSED] - setText: Text 'admin123' is set on object 'Object Repository/MOH AND GRN/Page_Admin login/input_txtpassword'

2018-05-09 15:59:27 - [MESSAGE][PASSED] - Text 'admin123' is set on object 'Object Repository/MOH AND GRN/Page_Admin login/input_txtpassword'

2018-05-09 15:59:27 - [TEST_STEP][PASSED] - delay: Delayed 3 second(s)

2018-05-09 15:59:30 - [MESSAGE][PASSED] - Delayed 3 second(s)

2018-05-09 15:59:30 - [TEST_STEP][FAILED] - click: Unable to click on object 'Object Repository/MOH AND GRN/Page_Admin login/button_Sign in' (Root cause: org.openqa.selenium.WebDriverException: unknown error: Element <button type="submit" id="btnSubmit" style="color: #003f72 ;" class="btn bg-blue btn-block">...</button> is not clickable at point (791, 525). Other element would receive the click: <div style="position: relative; display: block; height: auto; width: auto; padding: 35px 10px 11px; margin: 0px; text-align: left; border: 1px solid rgb(178, 178, 178); border-radius: 5px; background: url(&quot;http://gc.kis.v2.scr.kaspersky-labs.com/4B9F09A28919-7EBA-743A-BA76-F6F14D9E/vk/VkTooltipBanner.png&quot;) 10px 9px no-repeat rgb(255, 255, 255); z-index: 2147483646;">...</div>
  (Session info: chrome=66.0.3359.139)
  (Driver info: chromedriver=2.35.528161 (5b82f2d2aae0ca24b877009200ced9065a772e73),platform=Windows NT 10.0.16299 x86_64) (WARNING: The server did not provide any stacktrace information)
Command duration or timeout: 0 milliseconds
Build info: version: '3.7.1', revision: '8a0099a', time: '2017-11-06T21:07:36.161Z'
System info: host: 'DESKTOP-BLFTK83', ip: '192.168.71.2', os.name: 'Windows 10', os.arch: 'amd64', os.version: '10.0', java.version: '1.8.0_102'
Driver info: com.kms.katalon.selenium.driver.CChromeDriver
Capabilities {acceptInsecureCerts: false, acceptSslCerts: false, applicationCacheEnabled: false, browserConnectionEnabled: false, browserName: chrome, chrome: {chromedriverVersion: 2.35.528161 (5b82f2d2aae0ca..., userDataDir: C:\Users\QUALIT~1\AppData\L...}, cssSelectorsEnabled: true, databaseEnabled: false, handlesAlerts: true, hasTouchScreen: false, javascriptEnabled: true, locationContextEnabled: true, mobileEmulationEnabled: false, nativeEvents: true, networkConnectionEnabled: false, pageLoadStrategy: normal, platform: XP, platformName: XP, rotatable: false, setWindowRect: true, takesHeapSnapshot: true, takesScreenshot: true, unexpectedAlertBehaviour: , unhandledPromptBehavior: , version: 66.0.3359.139, webStorageEnabled: true}
Session ID: bac44027c6cc4687fbcd3d5ba1a7ad21)

2018-05-09 15:59:31 - [MESSAGE][FAILED] - Unable to click on object 'Object Repository/MOH AND GRN/Page_Admin login/button_Sign in' (Root cause: org.openqa.selenium.WebDriverException: unknown error: Element <button type="submit" id="btnSubmit" style="color: #003f72 ;" class="btn bg-blue btn-block">...</button> is not clickable at point (791, 525). Other element would receive the click: <div style="position: relative; display: block; height: auto; width: auto; padding: 35px 10px 11px; margin: 0px; text-align: left; border: 1px solid rgb(178, 178, 178); border-radius: 5px; background: url(&quot;http://gc.kis.v2.scr.kaspersky-labs.com/4B9F09A28919-7EBA-743A-BA76-F6F14D9E/vk/VkTooltipBanner.png&quot;) 10px 9px no-repeat rgb(255, 255, 255); z-index: 2147483646;">...</div>
  (Session info: chrome=66.0.3359.139)
  (Driver info: chromedriver=2.35.528161 (5b82f2d2aae0ca24b877009200ced9065a772e73),platform=Windows NT 10.0.16299 x86_64) (WARNING: The server did not provide any stacktrace information)
Command duration or timeout: 0 milliseconds
Build info: version: '3.7.1', revision: '8a0099a', time: '2017-11-06T21:07:36.161Z'
System info: host: 'DESKTOP-BLFTK83', ip: '192.168.71.2', os.name: 'Windows 10', os.arch: 'amd64', os.version: '10.0', java.version: '1.8.0_102'
Driver info: com.kms.katalon.selenium.driver.CChromeDriver
Capabilities {acceptInsecureCerts: false, acceptSslCerts: false, applicationCacheEnabled: false, browserConnectionEnabled: false, browserName: chrome, chrome: {chromedriverVersion: 2.35.528161 (5b82f2d2aae0ca..., userDataDir: C:\Users\QUALIT~1\AppData\L...}, cssSelectorsEnabled: true, databaseEnabled: false, handlesAlerts: true, hasTouchScreen: false, javascriptEnabled: true, locationContextEnabled: true, mobileEmulationEnabled: false, nativeEvents: true, networkConnectionEnabled: false, pageLoadStrategy: normal, platform: XP, platformName: XP, rotatable: false, setWindowRect: true, takesHeapSnapshot: true, takesScreenshot: true, unexpectedAlertBehaviour: , unhandledPromptBehavior: , version: 66.0.3359.139, webStorageEnabled: true}
Session ID: bac44027c6cc4687fbcd3d5ba1a7ad21)
[[ATTACHMENT|C:\\Users\\Quality Analyst\\Katalon Studio\\ds\\Reports\\MOH REQUEST AND GRN\\20180509_153848\\1525861770902.png]]]]></system-out>
         <system-err><![CDATA[2018-05-09 15:57:05 - [TEST_CASE][FAILED] - Test Cases/MOH REQUEST AND GRN/Moh Request GRN  Schedule 5: Test Cases/MOH REQUEST AND GRN/Moh Request GRN  Schedule 5 FAILED because (of) Unable to click on object 'Object Repository/MOH AND GRN/Page_Admin login/button_Sign in' (Root cause: org.openqa.selenium.WebDriverException: unknown error: Element <button type="submit" id="btnSubmit" style="color: #003f72 ;" class="btn bg-blue btn-block">...</button> is not clickable at point (791, 525). Other element would receive the click: <div style="position: relative; display: block; height: auto; width: auto; padding: 35px 10px 11px; margin: 0px; text-align: left; border: 1px solid rgb(178, 178, 178); border-radius: 5px; background: url(&quot;http://gc.kis.v2.scr.kaspersky-labs.com/4B9F09A28919-7EBA-743A-BA76-F6F14D9E/vk/VkTooltipBanner.png&quot;) 10px 9px no-repeat rgb(255, 255, 255); z-index: 2147483646;">...</div>
  (Session info: chrome=66.0.3359.139)
  (Driver info: chromedriver=2.35.528161 (5b82f2d2aae0ca24b877009200ced9065a772e73),platform=Windows NT 10.0.16299 x86_64) (WARNING: The server did not provide any stacktrace information)
Command duration or timeout: 0 milliseconds
Build info: version: '3.7.1', revision: '8a0099a', time: '2017-11-06T21:07:36.161Z'
System info: host: 'DESKTOP-BLFTK83', ip: '192.168.71.2', os.name: 'Windows 10', os.arch: 'amd64', os.version: '10.0', java.version: '1.8.0_102'
Driver info: com.kms.katalon.selenium.driver.CChromeDriver
Capabilities {acceptInsecureCerts: false, acceptSslCerts: false, applicationCacheEnabled: false, browserConnectionEnabled: false, browserName: chrome, chrome: {chromedriverVersion: 2.35.528161 (5b82f2d2aae0ca..., userDataDir: C:\Users\QUALIT~1\AppData\L...}, cssSelectorsEnabled: true, databaseEnabled: false, handlesAlerts: true, hasTouchScreen: false, javascriptEnabled: true, locationContextEnabled: true, mobileEmulationEnabled: false, nativeEvents: true, networkConnectionEnabled: false, pageLoadStrategy: normal, platform: XP, platformName: XP, rotatable: false, setWindowRect: true, takesHeapSnapshot: true, takesScreenshot: true, unexpectedAlertBehaviour: , unhandledPromptBehavior: , version: 66.0.3359.139, webStorageEnabled: true}
Session ID: bac44027c6cc4687fbcd3d5ba1a7ad21)]]></system-err>
      </testcase>
      <testcase name="Test Cases/MOH REQUEST AND GRN/Moh Request GRN  Schedule 6" classname="Test Cases/MOH REQUEST AND GRN/Moh Request GRN  Schedule 6" status="PASSED">
         <system-out><![CDATA[2018-05-09 15:59:31 - [TEST_CASE][PASSED] - Test Cases/MOH REQUEST AND GRN/Moh Request GRN  Schedule 6: Test Cases/MOH REQUEST AND GRN/Moh Request GRN  Schedule 6

2018-05-09 15:59:31 - [TEST_STEP][PASSED] - openBrowser: Browser is opened with url: ''

2018-05-09 15:59:31 - [MESSAGE][WARNING] - A browser is already opened. Closing browser and opening a new one

2018-05-09 15:59:34 - [MESSAGE][PASSED] - Browser is opened with url: ''

2018-05-09 15:59:34 - [TEST_STEP][PASSED] - navigateToUrl: Navigate to 'http://192.168.137.1/multihospital_new/' successfully

2018-05-09 15:59:37 - [MESSAGE][PASSED] - Navigate to 'http://192.168.137.1/multihospital_new/' successfully

2018-05-09 15:59:37 - [TEST_STEP][PASSED] - maximizeWindow: Current window maximized

2018-05-09 15:59:38 - [MESSAGE][PASSED] - Current window maximized

2018-05-09 15:59:38 - [TEST_STEP][PASSED] - click: Object: 'Object Repository/MOH AND GRN/Page_KDMC/a_CMS' is clicked on

2018-05-09 15:59:38 - [MESSAGE][PASSED] - Object: 'Object Repository/MOH AND GRN/Page_KDMC/a_CMS' is clicked on

2018-05-09 15:59:38 - [TEST_STEP][PASSED] - setText: Text 'bala' is set on object 'Object Repository/MOH AND GRN/Page_CMS login/input_txtusername'

2018-05-09 15:59:39 - [MESSAGE][PASSED] - Text 'bala' is set on object 'Object Repository/MOH AND GRN/Page_CMS login/input_txtusername'

2018-05-09 15:59:39 - [TEST_STEP][PASSED] - setText: Text '123' is set on object 'Object Repository/MOH AND GRN/Page_CMS login/input_txtpassword'

2018-05-09 15:59:39 - [MESSAGE][PASSED] - Text '123' is set on object 'Object Repository/MOH AND GRN/Page_CMS login/input_txtpassword'

2018-05-09 15:59:39 - [TEST_STEP][PASSED] - delay: Delayed 3 second(s)

2018-05-09 15:59:42 - [MESSAGE][PASSED] - Delayed 3 second(s)

2018-05-09 15:59:42 - [TEST_STEP][PASSED] - click: Object: 'Object Repository/MOH AND GRN/Page_CMS login/button_Sign in' is clicked on

2018-05-09 15:59:42 - [MESSAGE][PASSED] - Object: 'Object Repository/MOH AND GRN/Page_CMS login/button_Sign in' is clicked on

2018-05-09 15:59:42 - [TEST_STEP][PASSED] - click: Object: 'Object Repository/MOH AND GRN/Page_KDMC - CMS/a_Request to MOH' is clicked on

2018-05-09 15:59:43 - [MESSAGE][PASSED] - Object: 'Object Repository/MOH AND GRN/Page_KDMC - CMS/a_Request to MOH' is clicked on

2018-05-09 15:59:43 - [TEST_STEP][PASSED] - selectOptionByIndex: All options with index in [2] are selected on object 'Object Repository/MOH AND GRN/Page_KDMC - CMS/select_--Select--'

2018-05-09 15:59:44 - [MESSAGE][PASSED] - All options with index in [2] are selected on object 'Object Repository/MOH AND GRN/Page_KDMC - CMS/select_--Select--'

2018-05-09 15:59:44 - [TEST_STEP][PASSED] - selectOptionByIndex: All options with index in [6] are selected on object 'Object Repository/MOH AND GRN/Page_KDMC - CMS/select_--Select--Schedule 1Inj'

2018-05-09 15:59:44 - [MESSAGE][PASSED] - All options with index in [6] are selected on object 'Object Repository/MOH AND GRN/Page_KDMC - CMS/select_--Select--Schedule 1Inj'

2018-05-09 15:59:44 - [TEST_STEP][PASSED] - Statement - selectedoptions = com.kms.katalon.core.webui.keyword.WebUiBuiltInKeywords.getNumberOfTotalOption(com.kms.katalon.core.testobject.ObjectRepository.findTestObject(MOH AND GRN/Page_KDMC - CMS/select_--Select--Adernaline 0.)): 14 options of object 'Object Repository/MOH AND GRN/Page_KDMC - CMS/select_--Select--Adernaline 0.' counted

2018-05-09 15:59:44 - [MESSAGE][PASSED] - 14 options of object 'Object Repository/MOH AND GRN/Page_KDMC - CMS/select_--Select--Adernaline 0.' counted

2018-05-09 15:59:44 - [TEST_STEP][PASSED] - Statement - For ([j = 1, j <= selectedoptions - 1, (j++)]): Object: 'Object Repository/MOH AND GRN/Page_KDMC - CMS/button_Add' is clicked on

2018-05-09 15:59:44 - [TEST_STEP][PASSED] - selectOptionByIndex: All options with index in [6] are selected on object 'Object Repository/MOH AND GRN/Page_KDMC - CMS/select_--Select--Schedule 1Inj'

2018-05-09 15:59:44 - [MESSAGE][PASSED] - All options with index in [6] are selected on object 'Object Repository/MOH AND GRN/Page_KDMC - CMS/select_--Select--Schedule 1Inj'

2018-05-09 15:59:44 - [TEST_STEP][PASSED] - selectOptionByIndex: All options with index in [1] are selected on object 'Object Repository/MOH AND GRN/Page_KDMC - CMS/select_--Select--Adernaline 0.'

2018-05-09 15:59:44 - [MESSAGE][PASSED] - All options with index in [1] are selected on object 'Object Repository/MOH AND GRN/Page_KDMC - CMS/select_--Select--Adernaline 0.'

2018-05-09 15:59:44 - [TEST_STEP][PASSED] - setText: Text '5000' is set on object 'Object Repository/MOH AND GRN/Page_KDMC - CMS/input_txttreat'

2018-05-09 15:59:44 - [MESSAGE][PASSED] - Text '5000' is set on object 'Object Repository/MOH AND GRN/Page_KDMC - CMS/input_txttreat'

2018-05-09 15:59:44 - [TEST_STEP][PASSED] - click: Object: 'Object Repository/MOH AND GRN/Page_KDMC - CMS/button_Add' is clicked on

2018-05-09 15:59:44 - [MESSAGE][PASSED] - Object: 'Object Repository/MOH AND GRN/Page_KDMC - CMS/button_Add' is clicked on

2018-05-09 15:59:44 - [TEST_STEP][PASSED] - selectOptionByIndex: All options with index in [6] are selected on object 'Object Repository/MOH AND GRN/Page_KDMC - CMS/select_--Select--Schedule 1Inj'

2018-05-09 15:59:45 - [MESSAGE][PASSED] - All options with index in [6] are selected on object 'Object Repository/MOH AND GRN/Page_KDMC - CMS/select_--Select--Schedule 1Inj'

2018-05-09 15:59:45 - [TEST_STEP][PASSED] - selectOptionByIndex: All options with index in [2] are selected on object 'Object Repository/MOH AND GRN/Page_KDMC - CMS/select_--Select--Adernaline 0.'

2018-05-09 15:59:45 - [MESSAGE][PASSED] - All options with index in [2] are selected on object 'Object Repository/MOH AND GRN/Page_KDMC - CMS/select_--Select--Adernaline 0.'

2018-05-09 15:59:45 - [TEST_STEP][PASSED] - setText: Text '5000' is set on object 'Object Repository/MOH AND GRN/Page_KDMC - CMS/input_txttreat'

2018-05-09 15:59:45 - [MESSAGE][PASSED] - Text '5000' is set on object 'Object Repository/MOH AND GRN/Page_KDMC - CMS/input_txttreat'

2018-05-09 15:59:45 - [TEST_STEP][PASSED] - click: Object: 'Object Repository/MOH AND GRN/Page_KDMC - CMS/button_Add' is clicked on

2018-05-09 15:59:45 - [MESSAGE][PASSED] - Object: 'Object Repository/MOH AND GRN/Page_KDMC - CMS/button_Add' is clicked on

2018-05-09 15:59:45 - [TEST_STEP][PASSED] - selectOptionByIndex: All options with index in [6] are selected on object 'Object Repository/MOH AND GRN/Page_KDMC - CMS/select_--Select--Schedule 1Inj'

2018-05-09 15:59:45 - [MESSAGE][PASSED] - All options with index in [6] are selected on object 'Object Repository/MOH AND GRN/Page_KDMC - CMS/select_--Select--Schedule 1Inj'

2018-05-09 15:59:45 - [TEST_STEP][PASSED] - selectOptionByIndex: All options with index in [3] are selected on object 'Object Repository/MOH AND GRN/Page_KDMC - CMS/select_--Select--Adernaline 0.'

2018-05-09 15:59:45 - [MESSAGE][PASSED] - All options with index in [3] are selected on object 'Object Repository/MOH AND GRN/Page_KDMC - CMS/select_--Select--Adernaline 0.'

2018-05-09 15:59:45 - [TEST_STEP][PASSED] - setText: Text '5000' is set on object 'Object Repository/MOH AND GRN/Page_KDMC - CMS/input_txttreat'

2018-05-09 15:59:45 - [MESSAGE][PASSED] - Text '5000' is set on object 'Object Repository/MOH AND GRN/Page_KDMC - CMS/input_txttreat'

2018-05-09 15:59:45 - [TEST_STEP][PASSED] - click: Object: 'Object Repository/MOH AND GRN/Page_KDMC - CMS/button_Add' is clicked on

2018-05-09 15:59:45 - [MESSAGE][PASSED] - Object: 'Object Repository/MOH AND GRN/Page_KDMC - CMS/button_Add' is clicked on

2018-05-09 15:59:45 - [TEST_STEP][PASSED] - selectOptionByIndex: All options with index in [6] are selected on object 'Object Repository/MOH AND GRN/Page_KDMC - CMS/select_--Select--Schedule 1Inj'

2018-05-09 15:59:45 - [MESSAGE][PASSED] - All options with index in [6] are selected on object 'Object Repository/MOH AND GRN/Page_KDMC - CMS/select_--Select--Schedule 1Inj'

2018-05-09 15:59:45 - [TEST_STEP][PASSED] - selectOptionByIndex: All options with index in [4] are selected on object 'Object Repository/MOH AND GRN/Page_KDMC - CMS/select_--Select--Adernaline 0.'

2018-05-09 15:59:46 - [MESSAGE][PASSED] - All options with index in [4] are selected on object 'Object Repository/MOH AND GRN/Page_KDMC - CMS/select_--Select--Adernaline 0.'

2018-05-09 15:59:46 - [TEST_STEP][PASSED] - setText: Text '5000' is set on object 'Object Repository/MOH AND GRN/Page_KDMC - CMS/input_txttreat'

2018-05-09 15:59:46 - [MESSAGE][PASSED] - Text '5000' is set on object 'Object Repository/MOH AND GRN/Page_KDMC - CMS/input_txttreat'

2018-05-09 15:59:46 - [TEST_STEP][PASSED] - click: Object: 'Object Repository/MOH AND GRN/Page_KDMC - CMS/button_Add' is clicked on

2018-05-09 15:59:46 - [MESSAGE][PASSED] - Object: 'Object Repository/MOH AND GRN/Page_KDMC - CMS/button_Add' is clicked on

2018-05-09 15:59:46 - [TEST_STEP][PASSED] - selectOptionByIndex: All options with index in [6] are selected on object 'Object Repository/MOH AND GRN/Page_KDMC - CMS/select_--Select--Schedule 1Inj'

2018-05-09 15:59:46 - [MESSAGE][PASSED] - All options with index in [6] are selected on object 'Object Repository/MOH AND GRN/Page_KDMC - CMS/select_--Select--Schedule 1Inj'

2018-05-09 15:59:46 - [TEST_STEP][PASSED] - selectOptionByIndex: All options with index in [5] are selected on object 'Object Repository/MOH AND GRN/Page_KDMC - CMS/select_--Select--Adernaline 0.'

2018-05-09 15:59:46 - [MESSAGE][PASSED] - All options with index in [5] are selected on object 'Object Repository/MOH AND GRN/Page_KDMC - CMS/select_--Select--Adernaline 0.'

2018-05-09 15:59:46 - [TEST_STEP][PASSED] - setText: Text '5000' is set on object 'Object Repository/MOH AND GRN/Page_KDMC - CMS/input_txttreat'

2018-05-09 15:59:46 - [MESSAGE][PASSED] - Text '5000' is set on object 'Object Repository/MOH AND GRN/Page_KDMC - CMS/input_txttreat'

2018-05-09 15:59:46 - [TEST_STEP][PASSED] - click: Object: 'Object Repository/MOH AND GRN/Page_KDMC - CMS/button_Add' is clicked on

2018-05-09 15:59:46 - [MESSAGE][PASSED] - Object: 'Object Repository/MOH AND GRN/Page_KDMC - CMS/button_Add' is clicked on

2018-05-09 15:59:46 - [TEST_STEP][PASSED] - selectOptionByIndex: All options with index in [6] are selected on object 'Object Repository/MOH AND GRN/Page_KDMC - CMS/select_--Select--Schedule 1Inj'

2018-05-09 15:59:46 - [MESSAGE][PASSED] - All options with index in [6] are selected on object 'Object Repository/MOH AND GRN/Page_KDMC - CMS/select_--Select--Schedule 1Inj'

2018-05-09 15:59:46 - [TEST_STEP][PASSED] - selectOptionByIndex: All options with index in [6] are selected on object 'Object Repository/MOH AND GRN/Page_KDMC - CMS/select_--Select--Adernaline 0.'

2018-05-09 15:59:46 - [MESSAGE][PASSED] - All options with index in [6] are selected on object 'Object Repository/MOH AND GRN/Page_KDMC - CMS/select_--Select--Adernaline 0.'

2018-05-09 15:59:46 - [TEST_STEP][PASSED] - setText: Text '5000' is set on object 'Object Repository/MOH AND GRN/Page_KDMC - CMS/input_txttreat'

2018-05-09 15:59:47 - [MESSAGE][PASSED] - Text '5000' is set on object 'Object Repository/MOH AND GRN/Page_KDMC - CMS/input_txttreat'

2018-05-09 15:59:47 - [TEST_STEP][PASSED] - click: Object: 'Object Repository/MOH AND GRN/Page_KDMC - CMS/button_Add' is clicked on

2018-05-09 15:59:47 - [MESSAGE][PASSED] - Object: 'Object Repository/MOH AND GRN/Page_KDMC - CMS/button_Add' is clicked on

2018-05-09 15:59:47 - [TEST_STEP][PASSED] - selectOptionByIndex: All options with index in [6] are selected on object 'Object Repository/MOH AND GRN/Page_KDMC - CMS/select_--Select--Schedule 1Inj'

2018-05-09 15:59:47 - [MESSAGE][PASSED] - All options with index in [6] are selected on object 'Object Repository/MOH AND GRN/Page_KDMC - CMS/select_--Select--Schedule 1Inj'

2018-05-09 15:59:47 - [TEST_STEP][PASSED] - selectOptionByIndex: All options with index in [7] are selected on object 'Object Repository/MOH AND GRN/Page_KDMC - CMS/select_--Select--Adernaline 0.'

2018-05-09 15:59:47 - [MESSAGE][PASSED] - All options with index in [7] are selected on object 'Object Repository/MOH AND GRN/Page_KDMC - CMS/select_--Select--Adernaline 0.'

2018-05-09 15:59:47 - [TEST_STEP][PASSED] - setText: Text '5000' is set on object 'Object Repository/MOH AND GRN/Page_KDMC - CMS/input_txttreat'

2018-05-09 15:59:47 - [MESSAGE][PASSED] - Text '5000' is set on object 'Object Repository/MOH AND GRN/Page_KDMC - CMS/input_txttreat'

2018-05-09 15:59:47 - [TEST_STEP][PASSED] - click: Object: 'Object Repository/MOH AND GRN/Page_KDMC - CMS/button_Add' is clicked on

2018-05-09 15:59:47 - [MESSAGE][PASSED] - Object: 'Object Repository/MOH AND GRN/Page_KDMC - CMS/button_Add' is clicked on

2018-05-09 15:59:47 - [TEST_STEP][PASSED] - selectOptionByIndex: All options with index in [6] are selected on object 'Object Repository/MOH AND GRN/Page_KDMC - CMS/select_--Select--Schedule 1Inj'

2018-05-09 15:59:47 - [MESSAGE][PASSED] - All options with index in [6] are selected on object 'Object Repository/MOH AND GRN/Page_KDMC - CMS/select_--Select--Schedule 1Inj'

2018-05-09 15:59:47 - [TEST_STEP][PASSED] - selectOptionByIndex: All options with index in [8] are selected on object 'Object Repository/MOH AND GRN/Page_KDMC - CMS/select_--Select--Adernaline 0.'

2018-05-09 15:59:47 - [MESSAGE][PASSED] - All options with index in [8] are selected on object 'Object Repository/MOH AND GRN/Page_KDMC - CMS/select_--Select--Adernaline 0.'

2018-05-09 15:59:47 - [TEST_STEP][PASSED] - setText: Text '5000' is set on object 'Object Repository/MOH AND GRN/Page_KDMC - CMS/input_txttreat'

2018-05-09 15:59:48 - [MESSAGE][PASSED] - Text '5000' is set on object 'Object Repository/MOH AND GRN/Page_KDMC - CMS/input_txttreat'

2018-05-09 15:59:48 - [TEST_STEP][PASSED] - click: Object: 'Object Repository/MOH AND GRN/Page_KDMC - CMS/button_Add' is clicked on

2018-05-09 15:59:48 - [MESSAGE][PASSED] - Object: 'Object Repository/MOH AND GRN/Page_KDMC - CMS/button_Add' is clicked on

2018-05-09 15:59:48 - [TEST_STEP][PASSED] - selectOptionByIndex: All options with index in [6] are selected on object 'Object Repository/MOH AND GRN/Page_KDMC - CMS/select_--Select--Schedule 1Inj'

2018-05-09 15:59:48 - [MESSAGE][PASSED] - All options with index in [6] are selected on object 'Object Repository/MOH AND GRN/Page_KDMC - CMS/select_--Select--Schedule 1Inj'

2018-05-09 15:59:48 - [TEST_STEP][PASSED] - selectOptionByIndex: All options with index in [9] are selected on object 'Object Repository/MOH AND GRN/Page_KDMC - CMS/select_--Select--Adernaline 0.'

2018-05-09 15:59:48 - [MESSAGE][PASSED] - All options with index in [9] are selected on object 'Object Repository/MOH AND GRN/Page_KDMC - CMS/select_--Select--Adernaline 0.'

2018-05-09 15:59:48 - [TEST_STEP][PASSED] - setText: Text '5000' is set on object 'Object Repository/MOH AND GRN/Page_KDMC - CMS/input_txttreat'

2018-05-09 15:59:48 - [MESSAGE][PASSED] - Text '5000' is set on object 'Object Repository/MOH AND GRN/Page_KDMC - CMS/input_txttreat'

2018-05-09 15:59:48 - [TEST_STEP][PASSED] - click: Object: 'Object Repository/MOH AND GRN/Page_KDMC - CMS/button_Add' is clicked on

2018-05-09 15:59:48 - [MESSAGE][PASSED] - Object: 'Object Repository/MOH AND GRN/Page_KDMC - CMS/button_Add' is clicked on

2018-05-09 15:59:48 - [TEST_STEP][PASSED] - selectOptionByIndex: All options with index in [6] are selected on object 'Object Repository/MOH AND GRN/Page_KDMC - CMS/select_--Select--Schedule 1Inj'

2018-05-09 15:59:48 - [MESSAGE][PASSED] - All options with index in [6] are selected on object 'Object Repository/MOH AND GRN/Page_KDMC - CMS/select_--Select--Schedule 1Inj'

2018-05-09 15:59:48 - [TEST_STEP][PASSED] - selectOptionByIndex: All options with index in [10] are selected on object 'Object Repository/MOH AND GRN/Page_KDMC - CMS/select_--Select--Adernaline 0.'

2018-05-09 15:59:48 - [MESSAGE][PASSED] - All options with index in [10] are selected on object 'Object Repository/MOH AND GRN/Page_KDMC - CMS/select_--Select--Adernaline 0.'

2018-05-09 15:59:48 - [TEST_STEP][PASSED] - setText: Text '5000' is set on object 'Object Repository/MOH AND GRN/Page_KDMC - CMS/input_txttreat'

2018-05-09 15:59:48 - [MESSAGE][PASSED] - Text '5000' is set on object 'Object Repository/MOH AND GRN/Page_KDMC - CMS/input_txttreat'

2018-05-09 15:59:48 - [TEST_STEP][PASSED] - click: Object: 'Object Repository/MOH AND GRN/Page_KDMC - CMS/button_Add' is clicked on

2018-05-09 15:59:49 - [MESSAGE][PASSED] - Object: 'Object Repository/MOH AND GRN/Page_KDMC - CMS/button_Add' is clicked on

2018-05-09 15:59:49 - [TEST_STEP][PASSED] - selectOptionByIndex: All options with index in [6] are selected on object 'Object Repository/MOH AND GRN/Page_KDMC - CMS/select_--Select--Schedule 1Inj'

2018-05-09 15:59:49 - [MESSAGE][PASSED] - All options with index in [6] are selected on object 'Object Repository/MOH AND GRN/Page_KDMC - CMS/select_--Select--Schedule 1Inj'

2018-05-09 15:59:49 - [TEST_STEP][PASSED] - selectOptionByIndex: All options with index in [11] are selected on object 'Object Repository/MOH AND GRN/Page_KDMC - CMS/select_--Select--Adernaline 0.'

2018-05-09 15:59:49 - [MESSAGE][PASSED] - All options with index in [11] are selected on object 'Object Repository/MOH AND GRN/Page_KDMC - CMS/select_--Select--Adernaline 0.'

2018-05-09 15:59:49 - [TEST_STEP][PASSED] - setText: Text '5000' is set on object 'Object Repository/MOH AND GRN/Page_KDMC - CMS/input_txttreat'

2018-05-09 15:59:49 - [MESSAGE][PASSED] - Text '5000' is set on object 'Object Repository/MOH AND GRN/Page_KDMC - CMS/input_txttreat'

2018-05-09 15:59:49 - [TEST_STEP][PASSED] - click: Object: 'Object Repository/MOH AND GRN/Page_KDMC - CMS/button_Add' is clicked on

2018-05-09 15:59:49 - [MESSAGE][PASSED] - Object: 'Object Repository/MOH AND GRN/Page_KDMC - CMS/button_Add' is clicked on

2018-05-09 15:59:49 - [TEST_STEP][PASSED] - selectOptionByIndex: All options with index in [6] are selected on object 'Object Repository/MOH AND GRN/Page_KDMC - CMS/select_--Select--Schedule 1Inj'

2018-05-09 15:59:49 - [MESSAGE][PASSED] - All options with index in [6] are selected on object 'Object Repository/MOH AND GRN/Page_KDMC - CMS/select_--Select--Schedule 1Inj'

2018-05-09 15:59:49 - [TEST_STEP][PASSED] - selectOptionByIndex: All options with index in [12] are selected on object 'Object Repository/MOH AND GRN/Page_KDMC - CMS/select_--Select--Adernaline 0.'

2018-05-09 15:59:49 - [MESSAGE][PASSED] - All options with index in [12] are selected on object 'Object Repository/MOH AND GRN/Page_KDMC - CMS/select_--Select--Adernaline 0.'

2018-05-09 15:59:49 - [TEST_STEP][PASSED] - setText: Text '5000' is set on object 'Object Repository/MOH AND GRN/Page_KDMC - CMS/input_txttreat'

2018-05-09 15:59:50 - [MESSAGE][PASSED] - Text '5000' is set on object 'Object Repository/MOH AND GRN/Page_KDMC - CMS/input_txttreat'

2018-05-09 15:59:50 - [TEST_STEP][PASSED] - click: Object: 'Object Repository/MOH AND GRN/Page_KDMC - CMS/button_Add' is clicked on

2018-05-09 15:59:50 - [MESSAGE][PASSED] - Object: 'Object Repository/MOH AND GRN/Page_KDMC - CMS/button_Add' is clicked on

2018-05-09 15:59:50 - [TEST_STEP][PASSED] - selectOptionByIndex: All options with index in [6] are selected on object 'Object Repository/MOH AND GRN/Page_KDMC - CMS/select_--Select--Schedule 1Inj'

2018-05-09 15:59:50 - [MESSAGE][PASSED] - All options with index in [6] are selected on object 'Object Repository/MOH AND GRN/Page_KDMC - CMS/select_--Select--Schedule 1Inj'

2018-05-09 15:59:50 - [TEST_STEP][PASSED] - selectOptionByIndex: All options with index in [13] are selected on object 'Object Repository/MOH AND GRN/Page_KDMC - CMS/select_--Select--Adernaline 0.'

2018-05-09 15:59:50 - [MESSAGE][PASSED] - All options with index in [13] are selected on object 'Object Repository/MOH AND GRN/Page_KDMC - CMS/select_--Select--Adernaline 0.'

2018-05-09 15:59:50 - [TEST_STEP][PASSED] - setText: Text '5000' is set on object 'Object Repository/MOH AND GRN/Page_KDMC - CMS/input_txttreat'

2018-05-09 15:59:50 - [MESSAGE][PASSED] - Text '5000' is set on object 'Object Repository/MOH AND GRN/Page_KDMC - CMS/input_txttreat'

2018-05-09 15:59:50 - [TEST_STEP][PASSED] - click: Object: 'Object Repository/MOH AND GRN/Page_KDMC - CMS/button_Add' is clicked on

2018-05-09 15:59:50 - [MESSAGE][PASSED] - Object: 'Object Repository/MOH AND GRN/Page_KDMC - CMS/button_Add' is clicked on

2018-05-09 15:59:50 - [TEST_STEP][PASSED] - scrollToElement: Scroll to object 'Object Repository/MOH AND GRN/Page_KDMC - CMS/input_btnsave' successfully

2018-05-09 15:59:50 - [MESSAGE][PASSED] - Scroll to object 'Object Repository/MOH AND GRN/Page_KDMC - CMS/input_btnsave' successfully

2018-05-09 15:59:50 - [TEST_STEP][PASSED] - click: Object: 'Object Repository/MOH AND GRN/Page_KDMC - CMS/input_btnsave' is clicked on

2018-05-09 15:59:50 - [MESSAGE][PASSED] - Object: 'Object Repository/MOH AND GRN/Page_KDMC - CMS/input_btnsave' is clicked on

2018-05-09 15:59:50 - [TEST_STEP][PASSED] - delay: Delayed 3 second(s)

2018-05-09 15:59:53 - [MESSAGE][PASSED] - Delayed 3 second(s)

2018-05-09 15:59:53 - [TEST_STEP][PASSED] - Statement - Request1 = com.kms.katalon.core.webui.keyword.WebUiBuiltInKeywords.getText(com.kms.katalon.core.testobject.ObjectRepository.findTestObject(MOH AND GRN/Page_KDMC - CMS/font_PRNO0505201876)): Text of object 'Object Repository/MOH AND GRN/Page_KDMC - CMS/font_PRNO0505201876' is: 'PRNO/09052018/187'

2018-05-09 15:59:53 - [MESSAGE][PASSED] - Text of object 'Object Repository/MOH AND GRN/Page_KDMC - CMS/font_PRNO0505201876' is: 'PRNO/09052018/187'

2018-05-09 15:59:53 - [TEST_STEP][PASSED] - Statement - out.println("Length OF The Medicine " + Request1): null

2018-05-09 15:59:53 - [TEST_STEP][PASSED] - Statement - RequestNUmber = Request1.split("/")[2].trim(): null

2018-05-09 15:59:53 - [TEST_STEP][PASSED] - Statement - out.println("ID IS " + RequestNUmber): null

2018-05-09 15:59:53 - [TEST_STEP][PASSED] - delay: Delayed 3 second(s)

2018-05-09 15:59:56 - [MESSAGE][PASSED] - Delayed 3 second(s)

2018-05-09 15:59:56 - [TEST_STEP][PASSED] - click: Object: 'Object Repository/MOH AND GRN/Page_KDMC - CMS/button_OK' is clicked on

2018-05-09 15:59:57 - [MESSAGE][PASSED] - Object: 'Object Repository/MOH AND GRN/Page_KDMC - CMS/button_OK' is clicked on

2018-05-09 15:59:57 - [TEST_STEP][PASSED] - click: Object: 'Object Repository/MOH AND GRN/Page_KDMC - CMS/a_dropdown-toggle' is clicked on

2018-05-09 15:59:58 - [MESSAGE][PASSED] - Object: 'Object Repository/MOH AND GRN/Page_KDMC - CMS/a_dropdown-toggle' is clicked on

2018-05-09 15:59:58 - [TEST_STEP][PASSED] - click: Object: 'Object Repository/MOH AND GRN/Page_KDMC - CMS/a_Sign out' is clicked on

2018-05-09 15:59:58 - [MESSAGE][PASSED] - Object: 'Object Repository/MOH AND GRN/Page_KDMC - CMS/a_Sign out' is clicked on

2018-05-09 15:59:58 - [TEST_STEP][PASSED] - delay: Delayed 4 second(s)

2018-05-09 16:00:02 - [MESSAGE][PASSED] - Delayed 4 second(s)

2018-05-09 16:00:02 - [TEST_STEP][PASSED] - click: Object: 'Object Repository/MOH AND GRN/Page_KDMC/a_Admin Master' is clicked on

2018-05-09 16:00:03 - [MESSAGE][PASSED] - Object: 'Object Repository/MOH AND GRN/Page_KDMC/a_Admin Master' is clicked on

2018-05-09 16:00:03 - [TEST_STEP][PASSED] - setText: Text 'admin' is set on object 'Object Repository/MOH AND GRN/Page_Admin login/input_txtusername'

2018-05-09 16:00:03 - [MESSAGE][PASSED] - Text 'admin' is set on object 'Object Repository/MOH AND GRN/Page_Admin login/input_txtusername'

2018-05-09 16:00:03 - [TEST_STEP][PASSED] - setText: Text 'admin123' is set on object 'Object Repository/MOH AND GRN/Page_Admin login/input_txtpassword'

2018-05-09 16:00:03 - [MESSAGE][PASSED] - Text 'admin123' is set on object 'Object Repository/MOH AND GRN/Page_Admin login/input_txtpassword'

2018-05-09 16:00:03 - [TEST_STEP][PASSED] - delay: Delayed 3 second(s)

2018-05-09 16:00:06 - [MESSAGE][PASSED] - Delayed 3 second(s)

2018-05-09 16:00:06 - [TEST_STEP][PASSED] - click: Object: 'Object Repository/MOH AND GRN/Page_Admin login/button_Sign in' is clicked on

2018-05-09 16:00:07 - [MESSAGE][PASSED] - Object: 'Object Repository/MOH AND GRN/Page_Admin login/button_Sign in' is clicked on

2018-05-09 16:00:07 - [TEST_STEP][PASSED] - delay: Delayed 20 second(s)

2018-05-09 16:00:27 - [MESSAGE][PASSED] - Delayed 20 second(s)

2018-05-09 16:00:27 - [TEST_STEP][PASSED] - scrollToPosition: Browser is scrolled to position x = 200, y = 200

2018-05-09 16:00:27 - [MESSAGE][PASSED] - Browser is scrolled to position x = 200, y = 200

2018-05-09 16:00:27 - [TEST_STEP][PASSED] - click: Object: 'Object Repository/MOH AND GRN/Page_KDMC/a_CMS_1' is clicked on

2018-05-09 16:00:27 - [MESSAGE][PASSED] - Object: 'Object Repository/MOH AND GRN/Page_KDMC/a_CMS_1' is clicked on

2018-05-09 16:00:27 - [TEST_STEP][PASSED] - click: Object: 'Object Repository/MOH AND GRN/Page_KDMC/a_Request List' is clicked on

2018-05-09 16:00:29 - [MESSAGE][PASSED] - Object: 'Object Repository/MOH AND GRN/Page_KDMC/a_Request List' is clicked on

2018-05-09 16:00:29 - [TEST_STEP][PASSED] - Statement - RequestNumberId = com.kms.katalon.core.webui.keyword.WebUiBuiltInKeywords.modifyObjectProperty(com.kms.katalon.core.testobject.ObjectRepository.findTestObject(MOH AND GRN/Page_KDMC - CMS/input_PO0032), "xpath", "equals", "//*[@id =" + RequestNUmber + "]", true): Modify property of object successfully

2018-05-09 16:00:29 - [MESSAGE][PASSED] - Modify property of object successfully

2018-05-09 16:00:29 - [TEST_STEP][PASSED] - click: Object: 'Object Repository/MOH AND GRN/Page_KDMC - CMS/input_PO0032' is clicked on

2018-05-09 16:00:29 - [MESSAGE][PASSED] - Object: 'Object Repository/MOH AND GRN/Page_KDMC - CMS/input_PO0032' is clicked on

2018-05-09 16:00:29 - [TEST_STEP][PASSED] - delay: Delayed 3 second(s)

2018-05-09 16:00:32 - [MESSAGE][PASSED] - Delayed 3 second(s)

2018-05-09 16:00:32 - [TEST_STEP][PASSED] - selectOptionByIndex: All options with index in [1] are selected on object 'Object Repository/MOH AND GRN/Page_KDMC/select_--Select--'

2018-05-09 16:00:32 - [MESSAGE][PASSED] - All options with index in [1] are selected on object 'Object Repository/MOH AND GRN/Page_KDMC/select_--Select--'

2018-05-09 16:00:32 - [TEST_STEP][PASSED] - click: Object: 'Object Repository/MOH AND GRN/Page_KDMC/input_btnupdate' is clicked on

2018-05-09 16:00:32 - [MESSAGE][PASSED] - Object: 'Object Repository/MOH AND GRN/Page_KDMC/input_btnupdate' is clicked on

2018-05-09 16:00:32 - [TEST_STEP][PASSED] - delay: Delayed 3 second(s)

2018-05-09 16:00:35 - [MESSAGE][PASSED] - Delayed 3 second(s)

2018-05-09 16:00:35 - [TEST_STEP][PASSED] - click: Object: 'Object Repository/MOH AND GRN/Page_KDMC/button_OK' is clicked on

2018-05-09 16:00:36 - [MESSAGE][PASSED] - Object: 'Object Repository/MOH AND GRN/Page_KDMC/button_OK' is clicked on

2018-05-09 16:00:36 - [TEST_STEP][PASSED] - delay: Delayed 3 second(s)

2018-05-09 16:00:39 - [MESSAGE][PASSED] - Delayed 3 second(s)

2018-05-09 16:00:39 - [TEST_STEP][PASSED] - scrollToPosition: Browser is scrolled to position x = 200, y = 200

2018-05-09 16:00:39 - [MESSAGE][PASSED] - Browser is scrolled to position x = 200, y = 200

2018-05-09 16:00:39 - [TEST_STEP][PASSED] - click: Object: 'Object Repository/MOH AND GRN/Page_KDMC/a_CMS_2' is clicked on

2018-05-09 16:00:39 - [MESSAGE][PASSED] - Object: 'Object Repository/MOH AND GRN/Page_KDMC/a_CMS_2' is clicked on

2018-05-09 16:00:39 - [TEST_STEP][PASSED] - delay: Delayed 2 second(s)

2018-05-09 16:00:41 - [MESSAGE][PASSED] - Delayed 2 second(s)

2018-05-09 16:00:41 - [TEST_STEP][PASSED] - click: Object: 'Object Repository/MOH AND GRN/Page_KDMC/a_Generate P.O' is clicked on

2018-05-09 16:00:42 - [MESSAGE][PASSED] - Object: 'Object Repository/MOH AND GRN/Page_KDMC/a_Generate P.O' is clicked on

2018-05-09 16:00:42 - [TEST_STEP][PASSED] - delay: Delayed 2 second(s)

2018-05-09 16:00:44 - [MESSAGE][PASSED] - Delayed 2 second(s)

2018-05-09 16:00:44 - [TEST_STEP][PASSED] - selectOptionByIndex: All options with index in [1] are selected on object 'Object Repository/MOH AND GRN/Page_KDMC/select_--Select--PRNO040520183'

2018-05-09 16:00:44 - [MESSAGE][PASSED] - All options with index in [1] are selected on object 'Object Repository/MOH AND GRN/Page_KDMC/select_--Select--PRNO040520183'

2018-05-09 16:00:44 - [TEST_STEP][PASSED] - selectOptionByIndex: All options with index in [9] are selected on object 'Object Repository/MOH AND GRN/Page_KDMC/select_--Select--Hamen Chandra'

2018-05-09 16:00:44 - [MESSAGE][PASSED] - All options with index in [9] are selected on object 'Object Repository/MOH AND GRN/Page_KDMC/select_--Select--Hamen Chandra'

2018-05-09 16:00:44 - [TEST_STEP][PASSED] - Statement - PONumber = com.kms.katalon.core.webui.keyword.WebUiBuiltInKeywords.getText(com.kms.katalon.core.testobject.ObjectRepository.findTestObject(MOH AND GRN/Page_KDMC/input_lblpono)).trim(): Text of object 'Object Repository/MOH AND GRN/Page_KDMC/input_lblpono' is: ''

2018-05-09 16:00:44 - [MESSAGE][PASSED] - Text of object 'Object Repository/MOH AND GRN/Page_KDMC/input_lblpono' is: ''

2018-05-09 16:00:44 - [TEST_STEP][PASSED] - Statement - PONumber1 = com.kms.katalon.core.webui.keyword.WebUiBuiltInKeywords.getAttribute(com.kms.katalon.core.testobject.ObjectRepository.findTestObject(MOH AND GRN/Page_KDMC/input_lblpono), "value").trim(): Attribute 'value' of object 'Object Repository/MOH AND GRN/Page_KDMC/input_lblpono' is: 'PO0076'

2018-05-09 16:00:44 - [MESSAGE][PASSED] - Attribute 'value' of object 'Object Repository/MOH AND GRN/Page_KDMC/input_lblpono' is: 'PO0076'

2018-05-09 16:00:44 - [TEST_STEP][PASSED] - Statement - out.println("PO NUMBER :" + PONumber): null

2018-05-09 16:00:44 - [TEST_STEP][PASSED] - Statement - out.println("PO NUMBER :" + PONumber1): null

2018-05-09 16:00:44 - [TEST_STEP][PASSED] - click: Object: 'Object Repository/MOH AND GRN/Page_KDMC/input_chkrem' is clicked on

2018-05-09 16:00:44 - [MESSAGE][PASSED] - Object: 'Object Repository/MOH AND GRN/Page_KDMC/input_chkrem' is clicked on

2018-05-09 16:00:44 - [TEST_STEP][PASSED] - scrollToElement: Scroll to object 'Object Repository/MOH AND GRN/Page_KDMC/input_btnreturn' successfully

2018-05-09 16:00:44 - [MESSAGE][PASSED] - Scroll to object 'Object Repository/MOH AND GRN/Page_KDMC/input_btnreturn' successfully

2018-05-09 16:00:44 - [TEST_STEP][PASSED] - click: Object: 'Object Repository/MOH AND GRN/Page_KDMC/input_btnreturn' is clicked on

2018-05-09 16:00:44 - [MESSAGE][PASSED] - Object: 'Object Repository/MOH AND GRN/Page_KDMC/input_btnreturn' is clicked on

2018-05-09 16:00:44 - [TEST_STEP][PASSED] - delay: Delayed 3 second(s)

2018-05-09 16:00:47 - [MESSAGE][PASSED] - Delayed 3 second(s)

2018-05-09 16:00:47 - [TEST_STEP][PASSED] - click: Object: 'Object Repository/MOH AND GRN/Page_KDMC/button_Yes' is clicked on

2018-05-09 16:00:47 - [MESSAGE][PASSED] - Object: 'Object Repository/MOH AND GRN/Page_KDMC/button_Yes' is clicked on

2018-05-09 16:00:47 - [TEST_STEP][PASSED] - delay: Delayed 3 second(s)

2018-05-09 16:00:50 - [MESSAGE][PASSED] - Delayed 3 second(s)

2018-05-09 16:00:50 - [TEST_STEP][PASSED] - click: Object: 'Object Repository/MOH AND GRN/Page_KDMC/button_OK' is clicked on

2018-05-09 16:00:51 - [MESSAGE][PASSED] - Object: 'Object Repository/MOH AND GRN/Page_KDMC/button_OK' is clicked on

2018-05-09 16:00:51 - [TEST_STEP][PASSED] - delay: Delayed 3 second(s)

2018-05-09 16:00:54 - [MESSAGE][PASSED] - Delayed 3 second(s)

2018-05-09 16:00:54 - [TEST_STEP][PASSED] - click: Object: 'Object Repository/MOH AND GRN/Page_KDMC/a_dropdown-toggle' is clicked on

2018-05-09 16:00:54 - [MESSAGE][PASSED] - Object: 'Object Repository/MOH AND GRN/Page_KDMC/a_dropdown-toggle' is clicked on

2018-05-09 16:00:54 - [TEST_STEP][PASSED] - click: Object: 'Object Repository/MOH AND GRN/Page_KDMC/a_Sign out' is clicked on

2018-05-09 16:00:55 - [MESSAGE][PASSED] - Object: 'Object Repository/MOH AND GRN/Page_KDMC/a_Sign out' is clicked on

2018-05-09 16:00:55 - [TEST_STEP][PASSED] - delay: Delayed 4 second(s)

2018-05-09 16:00:59 - [MESSAGE][PASSED] - Delayed 4 second(s)

2018-05-09 16:00:59 - [TEST_STEP][PASSED] - click: Object: 'Object Repository/MOH AND GRN/Page_KDMC/a_CMS' is clicked on

2018-05-09 16:00:59 - [MESSAGE][PASSED] - Object: 'Object Repository/MOH AND GRN/Page_KDMC/a_CMS' is clicked on

2018-05-09 16:00:59 - [TEST_STEP][PASSED] - setText: Text 'bala' is set on object 'Object Repository/MOH AND GRN/Page_CMS login/input_txtusername'

2018-05-09 16:00:59 - [MESSAGE][PASSED] - Text 'bala' is set on object 'Object Repository/MOH AND GRN/Page_CMS login/input_txtusername'

2018-05-09 16:00:59 - [TEST_STEP][PASSED] - setText: Text '123' is set on object 'Object Repository/MOH AND GRN/Page_CMS login/input_txtpassword'

2018-05-09 16:00:59 - [MESSAGE][PASSED] - Text '123' is set on object 'Object Repository/MOH AND GRN/Page_CMS login/input_txtpassword'

2018-05-09 16:00:59 - [TEST_STEP][PASSED] - delay: Delayed 3 second(s)

2018-05-09 16:01:02 - [MESSAGE][PASSED] - Delayed 3 second(s)

2018-05-09 16:01:02 - [TEST_STEP][PASSED] - click: Object: 'Object Repository/MOH AND GRN/Page_CMS login/button_Sign in' is clicked on

2018-05-09 16:01:03 - [MESSAGE][PASSED] - Object: 'Object Repository/MOH AND GRN/Page_CMS login/button_Sign in' is clicked on

2018-05-09 16:01:03 - [TEST_STEP][PASSED] - click: Object: 'Object Repository/MOH AND GRN/Page_KDMC - CMS/a_CMS Details' is clicked on

2018-05-09 16:01:03 - [MESSAGE][PASSED] - Object: 'Object Repository/MOH AND GRN/Page_KDMC - CMS/a_CMS Details' is clicked on

2018-05-09 16:01:03 - [TEST_STEP][PASSED] - delay: Delayed 2 second(s)

2018-05-09 16:01:05 - [MESSAGE][PASSED] - Delayed 2 second(s)

2018-05-09 16:01:05 - [TEST_STEP][PASSED] - click: Object: 'Object Repository/MOH AND GRN/Page_KDMC - CMS/a_Goods Receive' is clicked on

2018-05-09 16:01:06 - [MESSAGE][PASSED] - Object: 'Object Repository/MOH AND GRN/Page_KDMC - CMS/a_Goods Receive' is clicked on

2018-05-09 16:01:06 - [TEST_STEP][PASSED] - delay: Delayed 2 second(s)

2018-05-09 16:01:08 - [MESSAGE][PASSED] - Delayed 2 second(s)

2018-05-09 16:01:08 - [TEST_STEP][PASSED] - selectOptionByLabel: All options with label 'PO0076' are selected in object 'Object Repository/MOH AND GRN/Page_KDMC - CMS/select_--Select--PO0032PO0031P' 

2018-05-09 16:01:08 - [MESSAGE][PASSED] - All options with label 'PO0076' are selected in object 'Object Repository/MOH AND GRN/Page_KDMC - CMS/select_--Select--PO0032PO0031P' 

2018-05-09 16:01:08 - [TEST_STEP][PASSED] - setText: Finding Test Object with id 'Object Repository/MOH AND GRN/Page_KDMC - CMS/input_txtgrnno'

2018-05-09 16:01:08 - [TEST_STEP][PASSED] - Statement - switch (id): Text 'INV295.0' is set on object 'Object Repository/MOH AND GRN/Page_KDMC - CMS/input_txtgrnno'

2018-05-09 16:01:08 - [TEST_STEP][PASSED] - Statement - case 2:: Text 'INV295.0' is set on object 'Object Repository/MOH AND GRN/Page_KDMC - CMS/input_txtgrnno'

2018-05-09 16:01:08 - [TEST_STEP][PASSED] - Statement - return (java.lang.Math.floor((java.lang.Math.random() * ((max - min) + 1))) + min): Text 'INV295.0' is set on object 'Object Repository/MOH AND GRN/Page_KDMC - CMS/input_txtgrnno'

2018-05-09 16:01:08 - [MESSAGE][PASSED] - Text 'INV295.0' is set on object 'Object Repository/MOH AND GRN/Page_KDMC - CMS/input_txtgrnno'

2018-05-09 16:01:08 - [TEST_STEP][PASSED] - selectOptionByIndex: All options with index in [1] are selected on object 'Object Repository/MOH AND GRN/Page_KDMC - CMS/select_--Select--PERUMAL PHARM'

2018-05-09 16:01:08 - [MESSAGE][PASSED] - All options with index in [1] are selected on object 'Object Repository/MOH AND GRN/Page_KDMC - CMS/select_--Select--PERUMAL PHARM'

2018-05-09 16:01:08 - [TEST_STEP][PASSED] - setText: Text '18000' is set on object 'Object Repository/MOH AND GRN/Page_KDMC - CMS/input_txtgrnno_1'

2018-05-09 16:01:08 - [MESSAGE][PASSED] - Text '18000' is set on object 'Object Repository/MOH AND GRN/Page_KDMC - CMS/input_txtgrnno_1'

2018-05-09 16:01:08 - [TEST_STEP][PASSED] - setText: Text '700' is set on object 'Object Repository/MOH AND GRN/Page_KDMC - CMS/input_txtgrnno_2'

2018-05-09 16:01:08 - [MESSAGE][PASSED] - Text '700' is set on object 'Object Repository/MOH AND GRN/Page_KDMC - CMS/input_txtgrnno_2'

2018-05-09 16:01:08 - [TEST_STEP][PASSED] - setText: Finding Test Object with id 'Object Repository/MOH AND GRN/Page_KDMC - CMS/input_txtgrnno_3'

2018-05-09 16:01:08 - [TEST_STEP][PASSED] - Statement - switch (id): Text 'CH891.0' is set on object 'Object Repository/MOH AND GRN/Page_KDMC - CMS/input_txtgrnno_3'

2018-05-09 16:01:08 - [TEST_STEP][PASSED] - Statement - case 3:: Text 'CH891.0' is set on object 'Object Repository/MOH AND GRN/Page_KDMC - CMS/input_txtgrnno_3'

2018-05-09 16:01:08 - [TEST_STEP][PASSED] - Statement - return (java.lang.Math.floor((java.lang.Math.random() * ((max - min) + 1))) + min): Text 'CH891.0' is set on object 'Object Repository/MOH AND GRN/Page_KDMC - CMS/input_txtgrnno_3'

2018-05-09 16:01:09 - [MESSAGE][PASSED] - Text 'CH891.0' is set on object 'Object Repository/MOH AND GRN/Page_KDMC - CMS/input_txtgrnno_3'

2018-05-09 16:01:09 - [TEST_STEP][PASSED] - scrollToPosition: Browser is scrolled to position x = 200, y = 200

2018-05-09 16:01:09 - [MESSAGE][PASSED] - Browser is scrolled to position x = 200, y = 200

2018-05-09 16:01:09 - [TEST_STEP][PASSED] - Statement - GrnLength = com.kms.katalon.core.webui.keyword.WebUiBuiltInKeywords.getNumberOfTotalOption(com.kms.katalon.core.testobject.ObjectRepository.findTestObject(MOH AND GRN/Page_KDMC - CMS/select_--Select--Amikacin -500)): 14 options of object 'Object Repository/MOH AND GRN/Page_KDMC - CMS/select_--Select--Amikacin -500' counted

2018-05-09 16:01:09 - [MESSAGE][PASSED] - 14 options of object 'Object Repository/MOH AND GRN/Page_KDMC - CMS/select_--Select--Amikacin -500' counted

2018-05-09 16:01:09 - [TEST_STEP][PASSED] - Statement - out.println("Length OF The Medicine " + GrnLength): null

2018-05-09 16:01:09 - [TEST_STEP][PASSED] - Statement - s = 1: null

2018-05-09 16:01:09 - [TEST_STEP][PASSED] - Statement - For ([t = 1, t < GrnLength, (t++)]): Finding Test Object with id 'Object Repository/MOH AND GRN/Page_KDMC - CMS/input_txtmrp'

2018-05-09 16:01:09 - [TEST_STEP][PASSED] - selectOptionByIndex: All options with index in [1] are selected on object 'Object Repository/MOH AND GRN/Page_KDMC - CMS/select_--Select--Amikacin -500'

2018-05-09 16:01:09 - [MESSAGE][PASSED] - All options with index in [1] are selected on object 'Object Repository/MOH AND GRN/Page_KDMC - CMS/select_--Select--Amikacin -500'

2018-05-09 16:01:09 - [TEST_STEP][PASSED] - setText: Text '5000' is set on object 'Object Repository/MOH AND GRN/Page_KDMC - CMS/input_txtqty'

2018-05-09 16:01:09 - [MESSAGE][PASSED] - Text '5000' is set on object 'Object Repository/MOH AND GRN/Page_KDMC - CMS/input_txtqty'

2018-05-09 16:01:09 - [TEST_STEP][PASSED] - selectOptionByIndex: All options with index in [1] are selected on object 'Object Repository/MOH AND GRN/Page_KDMC - CMS/select_--Select--No Tax0'

2018-05-09 16:01:09 - [MESSAGE][PASSED] - All options with index in [1] are selected on object 'Object Repository/MOH AND GRN/Page_KDMC - CMS/select_--Select--No Tax0'

2018-05-09 16:01:09 - [TEST_STEP][PASSED] - setText: Finding Test Object with id 'Object Repository/MOH AND GRN/Page_KDMC - CMS/input_txtmrp'

2018-05-09 16:01:09 - [TEST_STEP][PASSED] - Statement - switch (id): Finding Test Object with id 'Object Repository/MOH AND GRN/Page_KDMC - CMS/input_txtdeal'

2018-05-09 16:01:09 - [TEST_STEP][PASSED] - Statement - case 4:: Text '40.0' is set on object 'Object Repository/MOH AND GRN/Page_KDMC - CMS/input_txtmrp'

2018-05-09 16:01:09 - [TEST_STEP][PASSED] - Statement - return (java.lang.Math.floor((java.lang.Math.random() * ((max - min) + 1))) + min): Text '40.0' is set on object 'Object Repository/MOH AND GRN/Page_KDMC - CMS/input_txtmrp'

2018-05-09 16:01:09 - [MESSAGE][PASSED] - Text '40.0' is set on object 'Object Repository/MOH AND GRN/Page_KDMC - CMS/input_txtmrp'

2018-05-09 16:01:09 - [TEST_STEP][PASSED] - setText: Finding Test Object with id 'Object Repository/MOH AND GRN/Page_KDMC - CMS/input_txtdeal'

2018-05-09 16:01:09 - [TEST_STEP][PASSED] - Statement - switch (id): Finding Test Object with id 'Object Repository/MOH AND GRN/Page_KDMC - CMS/input_txtbatchno'

2018-05-09 16:01:09 - [TEST_STEP][PASSED] - Statement - case 5:: Text '11.0' is set on object 'Object Repository/MOH AND GRN/Page_KDMC - CMS/input_txtdeal'

2018-05-09 16:01:09 - [TEST_STEP][PASSED] - Statement - return (java.lang.Math.floor((java.lang.Math.random() * ((max - min) + 1))) + min): Text '11.0' is set on object 'Object Repository/MOH AND GRN/Page_KDMC - CMS/input_txtdeal'

2018-05-09 16:01:09 - [MESSAGE][PASSED] - Text '11.0' is set on object 'Object Repository/MOH AND GRN/Page_KDMC - CMS/input_txtdeal'

2018-05-09 16:01:09 - [TEST_STEP][PASSED] - setText: Finding Test Object with id 'Object Repository/MOH AND GRN/Page_KDMC - CMS/input_txtbatchno'

2018-05-09 16:01:09 - [TEST_STEP][PASSED] - Statement - switch (id): Finding Test Object with id 'Object Repository/MOH AND GRN/Page_KDMC - CMS/input_txtmrp'

2018-05-09 16:01:09 - [TEST_STEP][PASSED] - Statement - case 1:: Text 'BA384.0' is set on object 'Object Repository/MOH AND GRN/Page_KDMC - CMS/input_txtbatchno'

2018-05-09 16:01:09 - [TEST_STEP][PASSED] - Statement - return (java.lang.Math.floor((java.lang.Math.random() * ((max - min) + 1))) + min): Text 'BA384.0' is set on object 'Object Repository/MOH AND GRN/Page_KDMC - CMS/input_txtbatchno'

2018-05-09 16:01:09 - [MESSAGE][PASSED] - Text 'BA384.0' is set on object 'Object Repository/MOH AND GRN/Page_KDMC - CMS/input_txtbatchno'

2018-05-09 16:01:09 - [TEST_STEP][PASSED] - rightClick: Object: 'Object Repository/GRN/Page_KDMC - CMS/input_txtexpdate' is right clicked on

2018-05-09 16:01:10 - [MESSAGE][PASSED] - Object: 'Object Repository/GRN/Page_KDMC - CMS/input_txtexpdate' is right clicked on

2018-05-09 16:01:10 - [TEST_STEP][PASSED] - selectOptionByIndex: All options with index in [1] are selected on object 'Object Repository/GRN/Page_KDMC - CMS/select_20182019202020212022202'

2018-05-09 16:01:10 - [MESSAGE][PASSED] - All options with index in [1] are selected on object 'Object Repository/GRN/Page_KDMC - CMS/select_20182019202020212022202'

2018-05-09 16:01:10 - [TEST_STEP][PASSED] - selectOptionByIndex: All options with index in [1] are selected on object 'Object Repository/GRN/Page_KDMC - CMS/select_JanFebMarAprMayJunJulAu'

2018-05-09 16:01:10 - [MESSAGE][PASSED] - All options with index in [1] are selected on object 'Object Repository/GRN/Page_KDMC - CMS/select_JanFebMarAprMayJunJulAu'

2018-05-09 16:01:10 - [TEST_STEP][PASSED] - click: Object: 'Object Repository/MOH AND GRN/Page_KDMC - CMS/a_12' is clicked on

2018-05-09 16:01:10 - [MESSAGE][PASSED] - Object: 'Object Repository/MOH AND GRN/Page_KDMC - CMS/a_12' is clicked on

2018-05-09 16:01:10 - [TEST_STEP][PASSED] - click: Object: 'Object Repository/MOH AND GRN/Page_KDMC - CMS/input_btnadd' is clicked on

2018-05-09 16:01:10 - [MESSAGE][PASSED] - Object: 'Object Repository/MOH AND GRN/Page_KDMC - CMS/input_btnadd' is clicked on

2018-05-09 16:01:10 - [TEST_STEP][PASSED] - Statement - If (s == 10): null

2018-05-09 16:01:10 - [TEST_STEP][PASSED] - Statement - Else: null

2018-05-09 16:01:10 - [TEST_STEP][PASSED] - Statement - (s++): null

2018-05-09 16:01:10 - [TEST_STEP][PASSED] - delay: Delayed 1 second(s)

2018-05-09 16:01:11 - [MESSAGE][PASSED] - Delayed 1 second(s)

2018-05-09 16:01:11 - [TEST_STEP][PASSED] - selectOptionByIndex: All options with index in [2] are selected on object 'Object Repository/MOH AND GRN/Page_KDMC - CMS/select_--Select--Amikacin -500'

2018-05-09 16:01:11 - [MESSAGE][PASSED] - All options with index in [2] are selected on object 'Object Repository/MOH AND GRN/Page_KDMC - CMS/select_--Select--Amikacin -500'

2018-05-09 16:01:11 - [TEST_STEP][PASSED] - setText: Text '5000' is set on object 'Object Repository/MOH AND GRN/Page_KDMC - CMS/input_txtqty'

2018-05-09 16:01:11 - [MESSAGE][PASSED] - Text '5000' is set on object 'Object Repository/MOH AND GRN/Page_KDMC - CMS/input_txtqty'

2018-05-09 16:01:11 - [TEST_STEP][PASSED] - selectOptionByIndex: All options with index in [1] are selected on object 'Object Repository/MOH AND GRN/Page_KDMC - CMS/select_--Select--No Tax0'

2018-05-09 16:01:11 - [MESSAGE][PASSED] - All options with index in [1] are selected on object 'Object Repository/MOH AND GRN/Page_KDMC - CMS/select_--Select--No Tax0'

2018-05-09 16:01:11 - [TEST_STEP][PASSED] - setText: Finding Test Object with id 'Object Repository/MOH AND GRN/Page_KDMC - CMS/input_txtmrp'

2018-05-09 16:01:11 - [TEST_STEP][PASSED] - Statement - switch (id): Finding Test Object with id 'Object Repository/MOH AND GRN/Page_KDMC - CMS/input_txtdeal'

2018-05-09 16:01:11 - [TEST_STEP][PASSED] - Statement - case 4:: Text '25.0' is set on object 'Object Repository/MOH AND GRN/Page_KDMC - CMS/input_txtmrp'

2018-05-09 16:01:11 - [TEST_STEP][PASSED] - Statement - return (java.lang.Math.floor((java.lang.Math.random() * ((max - min) + 1))) + min): Text '25.0' is set on object 'Object Repository/MOH AND GRN/Page_KDMC - CMS/input_txtmrp'

2018-05-09 16:01:12 - [MESSAGE][PASSED] - Text '25.0' is set on object 'Object Repository/MOH AND GRN/Page_KDMC - CMS/input_txtmrp'

2018-05-09 16:01:12 - [TEST_STEP][PASSED] - setText: Finding Test Object with id 'Object Repository/MOH AND GRN/Page_KDMC - CMS/input_txtdeal'

2018-05-09 16:01:12 - [TEST_STEP][PASSED] - Statement - switch (id): Finding Test Object with id 'Object Repository/MOH AND GRN/Page_KDMC - CMS/input_txtbatchno'

2018-05-09 16:01:12 - [TEST_STEP][PASSED] - Statement - case 5:: Text '6.0' is set on object 'Object Repository/MOH AND GRN/Page_KDMC - CMS/input_txtdeal'

2018-05-09 16:01:12 - [TEST_STEP][PASSED] - Statement - return (java.lang.Math.floor((java.lang.Math.random() * ((max - min) + 1))) + min): Text '6.0' is set on object 'Object Repository/MOH AND GRN/Page_KDMC - CMS/input_txtdeal'

2018-05-09 16:01:12 - [MESSAGE][PASSED] - Text '6.0' is set on object 'Object Repository/MOH AND GRN/Page_KDMC - CMS/input_txtdeal'

2018-05-09 16:01:12 - [TEST_STEP][PASSED] - setText: Finding Test Object with id 'Object Repository/MOH AND GRN/Page_KDMC - CMS/input_txtbatchno'

2018-05-09 16:01:12 - [TEST_STEP][PASSED] - Statement - switch (id): Finding Test Object with id 'Object Repository/MOH AND GRN/Page_KDMC - CMS/input_txtmrp'

2018-05-09 16:01:12 - [TEST_STEP][PASSED] - Statement - case 1:: Text 'BA28.0' is set on object 'Object Repository/MOH AND GRN/Page_KDMC - CMS/input_txtbatchno'

2018-05-09 16:01:12 - [TEST_STEP][PASSED] - Statement - return (java.lang.Math.floor((java.lang.Math.random() * ((max - min) + 1))) + min): Text 'BA28.0' is set on object 'Object Repository/MOH AND GRN/Page_KDMC - CMS/input_txtbatchno'

2018-05-09 16:01:12 - [MESSAGE][PASSED] - Text 'BA28.0' is set on object 'Object Repository/MOH AND GRN/Page_KDMC - CMS/input_txtbatchno'

2018-05-09 16:01:12 - [TEST_STEP][PASSED] - rightClick: Object: 'Object Repository/GRN/Page_KDMC - CMS/input_txtexpdate' is right clicked on

2018-05-09 16:01:12 - [MESSAGE][PASSED] - Object: 'Object Repository/GRN/Page_KDMC - CMS/input_txtexpdate' is right clicked on

2018-05-09 16:01:12 - [TEST_STEP][PASSED] - selectOptionByIndex: All options with index in [2] are selected on object 'Object Repository/GRN/Page_KDMC - CMS/select_20182019202020212022202'

2018-05-09 16:01:12 - [MESSAGE][PASSED] - All options with index in [2] are selected on object 'Object Repository/GRN/Page_KDMC - CMS/select_20182019202020212022202'

2018-05-09 16:01:12 - [TEST_STEP][PASSED] - selectOptionByIndex: All options with index in [2] are selected on object 'Object Repository/GRN/Page_KDMC - CMS/select_JanFebMarAprMayJunJulAu'

2018-05-09 16:01:12 - [MESSAGE][PASSED] - All options with index in [2] are selected on object 'Object Repository/GRN/Page_KDMC - CMS/select_JanFebMarAprMayJunJulAu'

2018-05-09 16:01:12 - [TEST_STEP][PASSED] - click: Object: 'Object Repository/MOH AND GRN/Page_KDMC - CMS/a_12' is clicked on

2018-05-09 16:01:12 - [MESSAGE][PASSED] - Object: 'Object Repository/MOH AND GRN/Page_KDMC - CMS/a_12' is clicked on

2018-05-09 16:01:12 - [TEST_STEP][PASSED] - click: Object: 'Object Repository/MOH AND GRN/Page_KDMC - CMS/input_btnadd' is clicked on

2018-05-09 16:01:12 - [MESSAGE][PASSED] - Object: 'Object Repository/MOH AND GRN/Page_KDMC - CMS/input_btnadd' is clicked on

2018-05-09 16:01:12 - [TEST_STEP][PASSED] - Statement - If (s == 10): null

2018-05-09 16:01:12 - [TEST_STEP][PASSED] - Statement - Else: null

2018-05-09 16:01:12 - [TEST_STEP][PASSED] - Statement - (s++): null

2018-05-09 16:01:12 - [TEST_STEP][PASSED] - delay: Delayed 1 second(s)

2018-05-09 16:01:13 - [MESSAGE][PASSED] - Delayed 1 second(s)

2018-05-09 16:01:13 - [TEST_STEP][PASSED] - selectOptionByIndex: All options with index in [3] are selected on object 'Object Repository/MOH AND GRN/Page_KDMC - CMS/select_--Select--Amikacin -500'

2018-05-09 16:01:14 - [MESSAGE][PASSED] - All options with index in [3] are selected on object 'Object Repository/MOH AND GRN/Page_KDMC - CMS/select_--Select--Amikacin -500'

2018-05-09 16:01:14 - [TEST_STEP][PASSED] - setText: Text '5000' is set on object 'Object Repository/MOH AND GRN/Page_KDMC - CMS/input_txtqty'

2018-05-09 16:01:14 - [MESSAGE][PASSED] - Text '5000' is set on object 'Object Repository/MOH AND GRN/Page_KDMC - CMS/input_txtqty'

2018-05-09 16:01:14 - [TEST_STEP][PASSED] - selectOptionByIndex: All options with index in [1] are selected on object 'Object Repository/MOH AND GRN/Page_KDMC - CMS/select_--Select--No Tax0'

2018-05-09 16:01:14 - [MESSAGE][PASSED] - All options with index in [1] are selected on object 'Object Repository/MOH AND GRN/Page_KDMC - CMS/select_--Select--No Tax0'

2018-05-09 16:01:14 - [TEST_STEP][PASSED] - setText: Finding Test Object with id 'Object Repository/MOH AND GRN/Page_KDMC - CMS/input_txtmrp'

2018-05-09 16:01:14 - [TEST_STEP][PASSED] - Statement - switch (id): Finding Test Object with id 'Object Repository/MOH AND GRN/Page_KDMC - CMS/input_txtdeal'

2018-05-09 16:01:14 - [TEST_STEP][PASSED] - Statement - case 4:: Text '38.0' is set on object 'Object Repository/MOH AND GRN/Page_KDMC - CMS/input_txtmrp'

2018-05-09 16:01:14 - [TEST_STEP][PASSED] - Statement - return (java.lang.Math.floor((java.lang.Math.random() * ((max - min) + 1))) + min): Text '38.0' is set on object 'Object Repository/MOH AND GRN/Page_KDMC - CMS/input_txtmrp'

2018-05-09 16:01:14 - [MESSAGE][PASSED] - Text '38.0' is set on object 'Object Repository/MOH AND GRN/Page_KDMC - CMS/input_txtmrp'

2018-05-09 16:01:14 - [TEST_STEP][PASSED] - setText: Finding Test Object with id 'Object Repository/MOH AND GRN/Page_KDMC - CMS/input_txtdeal'

2018-05-09 16:01:14 - [TEST_STEP][PASSED] - Statement - switch (id): Finding Test Object with id 'Object Repository/MOH AND GRN/Page_KDMC - CMS/input_txtbatchno'

2018-05-09 16:01:14 - [TEST_STEP][PASSED] - Statement - case 5:: Text '2.0' is set on object 'Object Repository/MOH AND GRN/Page_KDMC - CMS/input_txtdeal'

2018-05-09 16:01:14 - [TEST_STEP][PASSED] - Statement - return (java.lang.Math.floor((java.lang.Math.random() * ((max - min) + 1))) + min): Text '2.0' is set on object 'Object Repository/MOH AND GRN/Page_KDMC - CMS/input_txtdeal'

2018-05-09 16:01:14 - [MESSAGE][PASSED] - Text '2.0' is set on object 'Object Repository/MOH AND GRN/Page_KDMC - CMS/input_txtdeal'

2018-05-09 16:01:14 - [TEST_STEP][PASSED] - setText: Finding Test Object with id 'Object Repository/MOH AND GRN/Page_KDMC - CMS/input_txtbatchno'

2018-05-09 16:01:14 - [TEST_STEP][PASSED] - Statement - switch (id): Finding Test Object with id 'Object Repository/MOH AND GRN/Page_KDMC - CMS/input_txtmrp'

2018-05-09 16:01:14 - [TEST_STEP][PASSED] - Statement - case 1:: Text 'BA191.0' is set on object 'Object Repository/MOH AND GRN/Page_KDMC - CMS/input_txtbatchno'

2018-05-09 16:01:14 - [TEST_STEP][PASSED] - Statement - return (java.lang.Math.floor((java.lang.Math.random() * ((max - min) + 1))) + min): Text 'BA191.0' is set on object 'Object Repository/MOH AND GRN/Page_KDMC - CMS/input_txtbatchno'

2018-05-09 16:01:14 - [MESSAGE][PASSED] - Text 'BA191.0' is set on object 'Object Repository/MOH AND GRN/Page_KDMC - CMS/input_txtbatchno'

2018-05-09 16:01:14 - [TEST_STEP][PASSED] - rightClick: Object: 'Object Repository/GRN/Page_KDMC - CMS/input_txtexpdate' is right clicked on

2018-05-09 16:01:14 - [MESSAGE][PASSED] - Object: 'Object Repository/GRN/Page_KDMC - CMS/input_txtexpdate' is right clicked on

2018-05-09 16:01:14 - [TEST_STEP][PASSED] - selectOptionByIndex: All options with index in [3] are selected on object 'Object Repository/GRN/Page_KDMC - CMS/select_20182019202020212022202'

2018-05-09 16:01:14 - [MESSAGE][PASSED] - All options with index in [3] are selected on object 'Object Repository/GRN/Page_KDMC - CMS/select_20182019202020212022202'

2018-05-09 16:01:14 - [TEST_STEP][PASSED] - selectOptionByIndex: All options with index in [3] are selected on object 'Object Repository/GRN/Page_KDMC - CMS/select_JanFebMarAprMayJunJulAu'

2018-05-09 16:01:14 - [MESSAGE][PASSED] - All options with index in [3] are selected on object 'Object Repository/GRN/Page_KDMC - CMS/select_JanFebMarAprMayJunJulAu'

2018-05-09 16:01:14 - [TEST_STEP][PASSED] - click: Object: 'Object Repository/MOH AND GRN/Page_KDMC - CMS/a_12' is clicked on

2018-05-09 16:01:15 - [MESSAGE][PASSED] - Object: 'Object Repository/MOH AND GRN/Page_KDMC - CMS/a_12' is clicked on

2018-05-09 16:01:15 - [TEST_STEP][PASSED] - click: Object: 'Object Repository/MOH AND GRN/Page_KDMC - CMS/input_btnadd' is clicked on

2018-05-09 16:01:15 - [MESSAGE][PASSED] - Object: 'Object Repository/MOH AND GRN/Page_KDMC - CMS/input_btnadd' is clicked on

2018-05-09 16:01:15 - [TEST_STEP][PASSED] - Statement - If (s == 10): null

2018-05-09 16:01:15 - [TEST_STEP][PASSED] - Statement - Else: null

2018-05-09 16:01:15 - [TEST_STEP][PASSED] - Statement - (s++): null

2018-05-09 16:01:15 - [TEST_STEP][PASSED] - delay: Delayed 1 second(s)

2018-05-09 16:01:16 - [MESSAGE][PASSED] - Delayed 1 second(s)

2018-05-09 16:01:16 - [TEST_STEP][PASSED] - selectOptionByIndex: All options with index in [4] are selected on object 'Object Repository/MOH AND GRN/Page_KDMC - CMS/select_--Select--Amikacin -500'

2018-05-09 16:01:16 - [MESSAGE][PASSED] - All options with index in [4] are selected on object 'Object Repository/MOH AND GRN/Page_KDMC - CMS/select_--Select--Amikacin -500'

2018-05-09 16:01:16 - [TEST_STEP][PASSED] - setText: Text '5000' is set on object 'Object Repository/MOH AND GRN/Page_KDMC - CMS/input_txtqty'

2018-05-09 16:01:16 - [MESSAGE][PASSED] - Text '5000' is set on object 'Object Repository/MOH AND GRN/Page_KDMC - CMS/input_txtqty'

2018-05-09 16:01:16 - [TEST_STEP][PASSED] - selectOptionByIndex: All options with index in [1] are selected on object 'Object Repository/MOH AND GRN/Page_KDMC - CMS/select_--Select--No Tax0'

2018-05-09 16:01:16 - [MESSAGE][PASSED] - All options with index in [1] are selected on object 'Object Repository/MOH AND GRN/Page_KDMC - CMS/select_--Select--No Tax0'

2018-05-09 16:01:16 - [TEST_STEP][PASSED] - setText: Finding Test Object with id 'Object Repository/MOH AND GRN/Page_KDMC - CMS/input_txtmrp'

2018-05-09 16:01:16 - [TEST_STEP][PASSED] - Statement - switch (id): Finding Test Object with id 'Object Repository/MOH AND GRN/Page_KDMC - CMS/input_txtdeal'

2018-05-09 16:01:16 - [TEST_STEP][PASSED] - Statement - case 4:: Text '16.0' is set on object 'Object Repository/MOH AND GRN/Page_KDMC - CMS/input_txtmrp'

2018-05-09 16:01:16 - [TEST_STEP][PASSED] - Statement - return (java.lang.Math.floor((java.lang.Math.random() * ((max - min) + 1))) + min): Text '16.0' is set on object 'Object Repository/MOH AND GRN/Page_KDMC - CMS/input_txtmrp'

2018-05-09 16:01:16 - [MESSAGE][PASSED] - Text '16.0' is set on object 'Object Repository/MOH AND GRN/Page_KDMC - CMS/input_txtmrp'

2018-05-09 16:01:16 - [TEST_STEP][PASSED] - setText: Finding Test Object with id 'Object Repository/MOH AND GRN/Page_KDMC - CMS/input_txtdeal'

2018-05-09 16:01:16 - [TEST_STEP][PASSED] - Statement - switch (id): Finding Test Object with id 'Object Repository/MOH AND GRN/Page_KDMC - CMS/input_txtbatchno'

2018-05-09 16:01:16 - [TEST_STEP][PASSED] - Statement - case 5:: Text '8.0' is set on object 'Object Repository/MOH AND GRN/Page_KDMC - CMS/input_txtdeal'

2018-05-09 16:01:16 - [TEST_STEP][PASSED] - Statement - return (java.lang.Math.floor((java.lang.Math.random() * ((max - min) + 1))) + min): Text '8.0' is set on object 'Object Repository/MOH AND GRN/Page_KDMC - CMS/input_txtdeal'

2018-05-09 16:01:16 - [MESSAGE][PASSED] - Text '8.0' is set on object 'Object Repository/MOH AND GRN/Page_KDMC - CMS/input_txtdeal'

2018-05-09 16:01:16 - [TEST_STEP][PASSED] - setText: Finding Test Object with id 'Object Repository/MOH AND GRN/Page_KDMC - CMS/input_txtbatchno'

2018-05-09 16:01:16 - [TEST_STEP][PASSED] - Statement - switch (id): Finding Test Object with id 'Object Repository/MOH AND GRN/Page_KDMC - CMS/input_txtmrp'

2018-05-09 16:01:16 - [TEST_STEP][PASSED] - Statement - case 1:: Text 'BA652.0' is set on object 'Object Repository/MOH AND GRN/Page_KDMC - CMS/input_txtbatchno'

2018-05-09 16:01:16 - [TEST_STEP][PASSED] - Statement - return (java.lang.Math.floor((java.lang.Math.random() * ((max - min) + 1))) + min): Text 'BA652.0' is set on object 'Object Repository/MOH AND GRN/Page_KDMC - CMS/input_txtbatchno'

2018-05-09 16:01:16 - [MESSAGE][PASSED] - Text 'BA652.0' is set on object 'Object Repository/MOH AND GRN/Page_KDMC - CMS/input_txtbatchno'

2018-05-09 16:01:16 - [TEST_STEP][PASSED] - rightClick: Object: 'Object Repository/GRN/Page_KDMC - CMS/input_txtexpdate' is right clicked on

2018-05-09 16:01:16 - [MESSAGE][PASSED] - Object: 'Object Repository/GRN/Page_KDMC - CMS/input_txtexpdate' is right clicked on

2018-05-09 16:01:16 - [TEST_STEP][PASSED] - selectOptionByIndex: All options with index in [4] are selected on object 'Object Repository/GRN/Page_KDMC - CMS/select_20182019202020212022202'

2018-05-09 16:01:17 - [MESSAGE][PASSED] - All options with index in [4] are selected on object 'Object Repository/GRN/Page_KDMC - CMS/select_20182019202020212022202'

2018-05-09 16:01:17 - [TEST_STEP][PASSED] - selectOptionByIndex: All options with index in [4] are selected on object 'Object Repository/GRN/Page_KDMC - CMS/select_JanFebMarAprMayJunJulAu'

2018-05-09 16:01:17 - [MESSAGE][PASSED] - All options with index in [4] are selected on object 'Object Repository/GRN/Page_KDMC - CMS/select_JanFebMarAprMayJunJulAu'

2018-05-09 16:01:17 - [TEST_STEP][PASSED] - click: Object: 'Object Repository/MOH AND GRN/Page_KDMC - CMS/a_12' is clicked on

2018-05-09 16:01:17 - [MESSAGE][PASSED] - Object: 'Object Repository/MOH AND GRN/Page_KDMC - CMS/a_12' is clicked on

2018-05-09 16:01:17 - [TEST_STEP][PASSED] - click: Object: 'Object Repository/MOH AND GRN/Page_KDMC - CMS/input_btnadd' is clicked on

2018-05-09 16:01:17 - [MESSAGE][PASSED] - Object: 'Object Repository/MOH AND GRN/Page_KDMC - CMS/input_btnadd' is clicked on

2018-05-09 16:01:17 - [TEST_STEP][PASSED] - Statement - If (s == 10): null

2018-05-09 16:01:17 - [TEST_STEP][PASSED] - Statement - Else: null

2018-05-09 16:01:17 - [TEST_STEP][PASSED] - Statement - (s++): null

2018-05-09 16:01:17 - [TEST_STEP][PASSED] - delay: Delayed 1 second(s)

2018-05-09 16:01:18 - [MESSAGE][PASSED] - Delayed 1 second(s)

2018-05-09 16:01:18 - [TEST_STEP][PASSED] - selectOptionByIndex: All options with index in [5] are selected on object 'Object Repository/MOH AND GRN/Page_KDMC - CMS/select_--Select--Amikacin -500'

2018-05-09 16:01:18 - [MESSAGE][PASSED] - All options with index in [5] are selected on object 'Object Repository/MOH AND GRN/Page_KDMC - CMS/select_--Select--Amikacin -500'

2018-05-09 16:01:18 - [TEST_STEP][PASSED] - setText: Text '5000' is set on object 'Object Repository/MOH AND GRN/Page_KDMC - CMS/input_txtqty'

2018-05-09 16:01:18 - [MESSAGE][PASSED] - Text '5000' is set on object 'Object Repository/MOH AND GRN/Page_KDMC - CMS/input_txtqty'

2018-05-09 16:01:18 - [TEST_STEP][PASSED] - selectOptionByIndex: All options with index in [1] are selected on object 'Object Repository/MOH AND GRN/Page_KDMC - CMS/select_--Select--No Tax0'

2018-05-09 16:01:18 - [MESSAGE][PASSED] - All options with index in [1] are selected on object 'Object Repository/MOH AND GRN/Page_KDMC - CMS/select_--Select--No Tax0'

2018-05-09 16:01:18 - [TEST_STEP][PASSED] - setText: Finding Test Object with id 'Object Repository/MOH AND GRN/Page_KDMC - CMS/input_txtmrp'

2018-05-09 16:01:18 - [TEST_STEP][PASSED] - Statement - switch (id): Finding Test Object with id 'Object Repository/MOH AND GRN/Page_KDMC - CMS/input_txtdeal'

2018-05-09 16:01:18 - [TEST_STEP][PASSED] - Statement - case 4:: Text '34.0' is set on object 'Object Repository/MOH AND GRN/Page_KDMC - CMS/input_txtmrp'

2018-05-09 16:01:18 - [TEST_STEP][PASSED] - Statement - return (java.lang.Math.floor((java.lang.Math.random() * ((max - min) + 1))) + min): Text '34.0' is set on object 'Object Repository/MOH AND GRN/Page_KDMC - CMS/input_txtmrp'

2018-05-09 16:01:18 - [MESSAGE][PASSED] - Text '34.0' is set on object 'Object Repository/MOH AND GRN/Page_KDMC - CMS/input_txtmrp'

2018-05-09 16:01:18 - [TEST_STEP][PASSED] - setText: Finding Test Object with id 'Object Repository/MOH AND GRN/Page_KDMC - CMS/input_txtdeal'

2018-05-09 16:01:18 - [TEST_STEP][PASSED] - Statement - switch (id): Finding Test Object with id 'Object Repository/MOH AND GRN/Page_KDMC - CMS/input_txtbatchno'

2018-05-09 16:01:18 - [TEST_STEP][PASSED] - Statement - case 5:: Text '5.0' is set on object 'Object Repository/MOH AND GRN/Page_KDMC - CMS/input_txtdeal'

2018-05-09 16:01:18 - [TEST_STEP][PASSED] - Statement - return (java.lang.Math.floor((java.lang.Math.random() * ((max - min) + 1))) + min): Text '5.0' is set on object 'Object Repository/MOH AND GRN/Page_KDMC - CMS/input_txtdeal'

2018-05-09 16:01:18 - [MESSAGE][PASSED] - Text '5.0' is set on object 'Object Repository/MOH AND GRN/Page_KDMC - CMS/input_txtdeal'

2018-05-09 16:01:18 - [TEST_STEP][PASSED] - setText: Finding Test Object with id 'Object Repository/MOH AND GRN/Page_KDMC - CMS/input_txtbatchno'

2018-05-09 16:01:18 - [TEST_STEP][PASSED] - Statement - switch (id): Finding Test Object with id 'Object Repository/MOH AND GRN/Page_KDMC - CMS/input_txtmrp'

2018-05-09 16:01:18 - [TEST_STEP][PASSED] - Statement - case 1:: Text 'BA799.0' is set on object 'Object Repository/MOH AND GRN/Page_KDMC - CMS/input_txtbatchno'

2018-05-09 16:01:18 - [TEST_STEP][PASSED] - Statement - return (java.lang.Math.floor((java.lang.Math.random() * ((max - min) + 1))) + min): Text 'BA799.0' is set on object 'Object Repository/MOH AND GRN/Page_KDMC - CMS/input_txtbatchno'

2018-05-09 16:01:19 - [MESSAGE][PASSED] - Text 'BA799.0' is set on object 'Object Repository/MOH AND GRN/Page_KDMC - CMS/input_txtbatchno'

2018-05-09 16:01:19 - [TEST_STEP][PASSED] - rightClick: Object: 'Object Repository/GRN/Page_KDMC - CMS/input_txtexpdate' is right clicked on

2018-05-09 16:01:19 - [MESSAGE][PASSED] - Object: 'Object Repository/GRN/Page_KDMC - CMS/input_txtexpdate' is right clicked on

2018-05-09 16:01:19 - [TEST_STEP][PASSED] - selectOptionByIndex: All options with index in [5] are selected on object 'Object Repository/GRN/Page_KDMC - CMS/select_20182019202020212022202'

2018-05-09 16:01:19 - [MESSAGE][PASSED] - All options with index in [5] are selected on object 'Object Repository/GRN/Page_KDMC - CMS/select_20182019202020212022202'

2018-05-09 16:01:19 - [TEST_STEP][PASSED] - selectOptionByIndex: All options with index in [5] are selected on object 'Object Repository/GRN/Page_KDMC - CMS/select_JanFebMarAprMayJunJulAu'

2018-05-09 16:01:19 - [MESSAGE][PASSED] - All options with index in [5] are selected on object 'Object Repository/GRN/Page_KDMC - CMS/select_JanFebMarAprMayJunJulAu'

2018-05-09 16:01:19 - [TEST_STEP][PASSED] - click: Object: 'Object Repository/MOH AND GRN/Page_KDMC - CMS/a_12' is clicked on

2018-05-09 16:01:19 - [MESSAGE][PASSED] - Object: 'Object Repository/MOH AND GRN/Page_KDMC - CMS/a_12' is clicked on

2018-05-09 16:01:19 - [TEST_STEP][PASSED] - click: Object: 'Object Repository/MOH AND GRN/Page_KDMC - CMS/input_btnadd' is clicked on

2018-05-09 16:01:19 - [MESSAGE][PASSED] - Object: 'Object Repository/MOH AND GRN/Page_KDMC - CMS/input_btnadd' is clicked on

2018-05-09 16:01:19 - [TEST_STEP][PASSED] - Statement - If (s == 10): null

2018-05-09 16:01:19 - [TEST_STEP][PASSED] - Statement - Else: null

2018-05-09 16:01:19 - [TEST_STEP][PASSED] - Statement - (s++): null

2018-05-09 16:01:19 - [TEST_STEP][PASSED] - delay: Delayed 1 second(s)

2018-05-09 16:01:20 - [MESSAGE][PASSED] - Delayed 1 second(s)

2018-05-09 16:01:20 - [TEST_STEP][PASSED] - selectOptionByIndex: All options with index in [6] are selected on object 'Object Repository/MOH AND GRN/Page_KDMC - CMS/select_--Select--Amikacin -500'

2018-05-09 16:01:20 - [MESSAGE][PASSED] - All options with index in [6] are selected on object 'Object Repository/MOH AND GRN/Page_KDMC - CMS/select_--Select--Amikacin -500'

2018-05-09 16:01:20 - [TEST_STEP][PASSED] - setText: Text '5000' is set on object 'Object Repository/MOH AND GRN/Page_KDMC - CMS/input_txtqty'

2018-05-09 16:01:20 - [MESSAGE][PASSED] - Text '5000' is set on object 'Object Repository/MOH AND GRN/Page_KDMC - CMS/input_txtqty'

2018-05-09 16:01:20 - [TEST_STEP][PASSED] - selectOptionByIndex: All options with index in [1] are selected on object 'Object Repository/MOH AND GRN/Page_KDMC - CMS/select_--Select--No Tax0'

2018-05-09 16:01:21 - [MESSAGE][PASSED] - All options with index in [1] are selected on object 'Object Repository/MOH AND GRN/Page_KDMC - CMS/select_--Select--No Tax0'

2018-05-09 16:01:21 - [TEST_STEP][PASSED] - setText: Finding Test Object with id 'Object Repository/MOH AND GRN/Page_KDMC - CMS/input_txtmrp'

2018-05-09 16:01:21 - [TEST_STEP][PASSED] - Statement - switch (id): Finding Test Object with id 'Object Repository/MOH AND GRN/Page_KDMC - CMS/input_txtdeal'

2018-05-09 16:01:21 - [TEST_STEP][PASSED] - Statement - case 4:: Text '29.0' is set on object 'Object Repository/MOH AND GRN/Page_KDMC - CMS/input_txtmrp'

2018-05-09 16:01:21 - [TEST_STEP][PASSED] - Statement - return (java.lang.Math.floor((java.lang.Math.random() * ((max - min) + 1))) + min): Text '29.0' is set on object 'Object Repository/MOH AND GRN/Page_KDMC - CMS/input_txtmrp'

2018-05-09 16:01:21 - [MESSAGE][PASSED] - Text '29.0' is set on object 'Object Repository/MOH AND GRN/Page_KDMC - CMS/input_txtmrp'

2018-05-09 16:01:21 - [TEST_STEP][PASSED] - setText: Finding Test Object with id 'Object Repository/MOH AND GRN/Page_KDMC - CMS/input_txtdeal'

2018-05-09 16:01:21 - [TEST_STEP][PASSED] - Statement - switch (id): Finding Test Object with id 'Object Repository/MOH AND GRN/Page_KDMC - CMS/input_txtbatchno'

2018-05-09 16:01:21 - [TEST_STEP][PASSED] - Statement - case 5:: Text '4.0' is set on object 'Object Repository/MOH AND GRN/Page_KDMC - CMS/input_txtdeal'

2018-05-09 16:01:21 - [TEST_STEP][PASSED] - Statement - return (java.lang.Math.floor((java.lang.Math.random() * ((max - min) + 1))) + min): Text '4.0' is set on object 'Object Repository/MOH AND GRN/Page_KDMC - CMS/input_txtdeal'

2018-05-09 16:01:21 - [MESSAGE][PASSED] - Text '4.0' is set on object 'Object Repository/MOH AND GRN/Page_KDMC - CMS/input_txtdeal'

2018-05-09 16:01:21 - [TEST_STEP][PASSED] - setText: Finding Test Object with id 'Object Repository/MOH AND GRN/Page_KDMC - CMS/input_txtbatchno'

2018-05-09 16:01:21 - [TEST_STEP][PASSED] - Statement - switch (id): Finding Test Object with id 'Object Repository/MOH AND GRN/Page_KDMC - CMS/input_txtmrp'

2018-05-09 16:01:21 - [TEST_STEP][PASSED] - Statement - case 1:: Text 'BA60.0' is set on object 'Object Repository/MOH AND GRN/Page_KDMC - CMS/input_txtbatchno'

2018-05-09 16:01:21 - [TEST_STEP][PASSED] - Statement - return (java.lang.Math.floor((java.lang.Math.random() * ((max - min) + 1))) + min): Text 'BA60.0' is set on object 'Object Repository/MOH AND GRN/Page_KDMC - CMS/input_txtbatchno'

2018-05-09 16:01:21 - [MESSAGE][PASSED] - Text 'BA60.0' is set on object 'Object Repository/MOH AND GRN/Page_KDMC - CMS/input_txtbatchno'

2018-05-09 16:01:21 - [TEST_STEP][PASSED] - rightClick: Object: 'Object Repository/GRN/Page_KDMC - CMS/input_txtexpdate' is right clicked on

2018-05-09 16:01:21 - [MESSAGE][PASSED] - Object: 'Object Repository/GRN/Page_KDMC - CMS/input_txtexpdate' is right clicked on

2018-05-09 16:01:21 - [TEST_STEP][PASSED] - selectOptionByIndex: All options with index in [6] are selected on object 'Object Repository/GRN/Page_KDMC - CMS/select_20182019202020212022202'

2018-05-09 16:01:21 - [MESSAGE][PASSED] - All options with index in [6] are selected on object 'Object Repository/GRN/Page_KDMC - CMS/select_20182019202020212022202'

2018-05-09 16:01:21 - [TEST_STEP][PASSED] - selectOptionByIndex: All options with index in [6] are selected on object 'Object Repository/GRN/Page_KDMC - CMS/select_JanFebMarAprMayJunJulAu'

2018-05-09 16:01:21 - [MESSAGE][PASSED] - All options with index in [6] are selected on object 'Object Repository/GRN/Page_KDMC - CMS/select_JanFebMarAprMayJunJulAu'

2018-05-09 16:01:21 - [TEST_STEP][PASSED] - click: Object: 'Object Repository/MOH AND GRN/Page_KDMC - CMS/a_12' is clicked on

2018-05-09 16:01:21 - [MESSAGE][PASSED] - Object: 'Object Repository/MOH AND GRN/Page_KDMC - CMS/a_12' is clicked on

2018-05-09 16:01:21 - [TEST_STEP][PASSED] - click: Object: 'Object Repository/MOH AND GRN/Page_KDMC - CMS/input_btnadd' is clicked on

2018-05-09 16:01:21 - [MESSAGE][PASSED] - Object: 'Object Repository/MOH AND GRN/Page_KDMC - CMS/input_btnadd' is clicked on

2018-05-09 16:01:21 - [TEST_STEP][PASSED] - Statement - If (s == 10): null

2018-05-09 16:01:21 - [TEST_STEP][PASSED] - Statement - Else: null

2018-05-09 16:01:21 - [TEST_STEP][PASSED] - Statement - (s++): null

2018-05-09 16:01:21 - [TEST_STEP][PASSED] - delay: Delayed 1 second(s)

2018-05-09 16:01:22 - [MESSAGE][PASSED] - Delayed 1 second(s)

2018-05-09 16:01:22 - [TEST_STEP][PASSED] - selectOptionByIndex: All options with index in [7] are selected on object 'Object Repository/MOH AND GRN/Page_KDMC - CMS/select_--Select--Amikacin -500'

2018-05-09 16:01:23 - [MESSAGE][PASSED] - All options with index in [7] are selected on object 'Object Repository/MOH AND GRN/Page_KDMC - CMS/select_--Select--Amikacin -500'

2018-05-09 16:01:23 - [TEST_STEP][PASSED] - setText: Text '5000' is set on object 'Object Repository/MOH AND GRN/Page_KDMC - CMS/input_txtqty'

2018-05-09 16:01:23 - [MESSAGE][PASSED] - Text '5000' is set on object 'Object Repository/MOH AND GRN/Page_KDMC - CMS/input_txtqty'

2018-05-09 16:01:23 - [TEST_STEP][PASSED] - selectOptionByIndex: All options with index in [1] are selected on object 'Object Repository/MOH AND GRN/Page_KDMC - CMS/select_--Select--No Tax0'

2018-05-09 16:01:23 - [MESSAGE][PASSED] - All options with index in [1] are selected on object 'Object Repository/MOH AND GRN/Page_KDMC - CMS/select_--Select--No Tax0'

2018-05-09 16:01:23 - [TEST_STEP][PASSED] - setText: Finding Test Object with id 'Object Repository/MOH AND GRN/Page_KDMC - CMS/input_txtmrp'

2018-05-09 16:01:23 - [TEST_STEP][PASSED] - Statement - switch (id): Finding Test Object with id 'Object Repository/MOH AND GRN/Page_KDMC - CMS/input_txtdeal'

2018-05-09 16:01:23 - [TEST_STEP][PASSED] - Statement - case 4:: Text '42.0' is set on object 'Object Repository/MOH AND GRN/Page_KDMC - CMS/input_txtmrp'

2018-05-09 16:01:23 - [TEST_STEP][PASSED] - Statement - return (java.lang.Math.floor((java.lang.Math.random() * ((max - min) + 1))) + min): Text '42.0' is set on object 'Object Repository/MOH AND GRN/Page_KDMC - CMS/input_txtmrp'

2018-05-09 16:01:23 - [MESSAGE][PASSED] - Text '42.0' is set on object 'Object Repository/MOH AND GRN/Page_KDMC - CMS/input_txtmrp'

2018-05-09 16:01:23 - [TEST_STEP][PASSED] - setText: Finding Test Object with id 'Object Repository/MOH AND GRN/Page_KDMC - CMS/input_txtdeal'

2018-05-09 16:01:23 - [TEST_STEP][PASSED] - Statement - switch (id): Finding Test Object with id 'Object Repository/MOH AND GRN/Page_KDMC - CMS/input_txtbatchno'

2018-05-09 16:01:23 - [TEST_STEP][PASSED] - Statement - case 5:: Text '9.0' is set on object 'Object Repository/MOH AND GRN/Page_KDMC - CMS/input_txtdeal'

2018-05-09 16:01:23 - [TEST_STEP][PASSED] - Statement - return (java.lang.Math.floor((java.lang.Math.random() * ((max - min) + 1))) + min): Text '9.0' is set on object 'Object Repository/MOH AND GRN/Page_KDMC - CMS/input_txtdeal'

2018-05-09 16:01:23 - [MESSAGE][PASSED] - Text '9.0' is set on object 'Object Repository/MOH AND GRN/Page_KDMC - CMS/input_txtdeal'

2018-05-09 16:01:23 - [TEST_STEP][PASSED] - setText: Finding Test Object with id 'Object Repository/MOH AND GRN/Page_KDMC - CMS/input_txtbatchno'

2018-05-09 16:01:23 - [TEST_STEP][PASSED] - Statement - switch (id): Finding Test Object with id 'Object Repository/MOH AND GRN/Page_KDMC - CMS/input_txtmrp'

2018-05-09 16:01:23 - [TEST_STEP][PASSED] - Statement - case 1:: Text 'BA900.0' is set on object 'Object Repository/MOH AND GRN/Page_KDMC - CMS/input_txtbatchno'

2018-05-09 16:01:23 - [TEST_STEP][PASSED] - Statement - return (java.lang.Math.floor((java.lang.Math.random() * ((max - min) + 1))) + min): Text 'BA900.0' is set on object 'Object Repository/MOH AND GRN/Page_KDMC - CMS/input_txtbatchno'

2018-05-09 16:01:23 - [MESSAGE][PASSED] - Text 'BA900.0' is set on object 'Object Repository/MOH AND GRN/Page_KDMC - CMS/input_txtbatchno'

2018-05-09 16:01:23 - [TEST_STEP][PASSED] - rightClick: Object: 'Object Repository/GRN/Page_KDMC - CMS/input_txtexpdate' is right clicked on

2018-05-09 16:01:23 - [MESSAGE][PASSED] - Object: 'Object Repository/GRN/Page_KDMC - CMS/input_txtexpdate' is right clicked on

2018-05-09 16:01:23 - [TEST_STEP][PASSED] - selectOptionByIndex: All options with index in [7] are selected on object 'Object Repository/GRN/Page_KDMC - CMS/select_20182019202020212022202'

2018-05-09 16:01:24 - [MESSAGE][PASSED] - All options with index in [7] are selected on object 'Object Repository/GRN/Page_KDMC - CMS/select_20182019202020212022202'

2018-05-09 16:01:24 - [TEST_STEP][PASSED] - selectOptionByIndex: All options with index in [7] are selected on object 'Object Repository/GRN/Page_KDMC - CMS/select_JanFebMarAprMayJunJulAu'

2018-05-09 16:01:24 - [MESSAGE][PASSED] - All options with index in [7] are selected on object 'Object Repository/GRN/Page_KDMC - CMS/select_JanFebMarAprMayJunJulAu'

2018-05-09 16:01:24 - [TEST_STEP][PASSED] - click: Object: 'Object Repository/MOH AND GRN/Page_KDMC - CMS/a_12' is clicked on

2018-05-09 16:01:24 - [MESSAGE][PASSED] - Object: 'Object Repository/MOH AND GRN/Page_KDMC - CMS/a_12' is clicked on

2018-05-09 16:01:24 - [TEST_STEP][PASSED] - click: Object: 'Object Repository/MOH AND GRN/Page_KDMC - CMS/input_btnadd' is clicked on

2018-05-09 16:01:24 - [MESSAGE][PASSED] - Object: 'Object Repository/MOH AND GRN/Page_KDMC - CMS/input_btnadd' is clicked on

2018-05-09 16:01:24 - [TEST_STEP][PASSED] - Statement - If (s == 10): null

2018-05-09 16:01:24 - [TEST_STEP][PASSED] - Statement - Else: null

2018-05-09 16:01:24 - [TEST_STEP][PASSED] - Statement - (s++): null

2018-05-09 16:01:24 - [TEST_STEP][PASSED] - delay: Delayed 1 second(s)

2018-05-09 16:01:25 - [MESSAGE][PASSED] - Delayed 1 second(s)

2018-05-09 16:01:25 - [TEST_STEP][PASSED] - selectOptionByIndex: All options with index in [8] are selected on object 'Object Repository/MOH AND GRN/Page_KDMC - CMS/select_--Select--Amikacin -500'

2018-05-09 16:01:25 - [MESSAGE][PASSED] - All options with index in [8] are selected on object 'Object Repository/MOH AND GRN/Page_KDMC - CMS/select_--Select--Amikacin -500'

2018-05-09 16:01:25 - [TEST_STEP][PASSED] - setText: Text '5000' is set on object 'Object Repository/MOH AND GRN/Page_KDMC - CMS/input_txtqty'

2018-05-09 16:01:25 - [MESSAGE][PASSED] - Text '5000' is set on object 'Object Repository/MOH AND GRN/Page_KDMC - CMS/input_txtqty'

2018-05-09 16:01:25 - [TEST_STEP][PASSED] - selectOptionByIndex: All options with index in [1] are selected on object 'Object Repository/MOH AND GRN/Page_KDMC - CMS/select_--Select--No Tax0'

2018-05-09 16:01:25 - [MESSAGE][PASSED] - All options with index in [1] are selected on object 'Object Repository/MOH AND GRN/Page_KDMC - CMS/select_--Select--No Tax0'

2018-05-09 16:01:25 - [TEST_STEP][PASSED] - setText: Finding Test Object with id 'Object Repository/MOH AND GRN/Page_KDMC - CMS/input_txtmrp'

2018-05-09 16:01:25 - [TEST_STEP][PASSED] - Statement - switch (id): Finding Test Object with id 'Object Repository/MOH AND GRN/Page_KDMC - CMS/input_txtdeal'

2018-05-09 16:01:25 - [TEST_STEP][PASSED] - Statement - case 4:: Text '17.0' is set on object 'Object Repository/MOH AND GRN/Page_KDMC - CMS/input_txtmrp'

2018-05-09 16:01:25 - [TEST_STEP][PASSED] - Statement - return (java.lang.Math.floor((java.lang.Math.random() * ((max - min) + 1))) + min): Text '17.0' is set on object 'Object Repository/MOH AND GRN/Page_KDMC - CMS/input_txtmrp'

2018-05-09 16:01:25 - [MESSAGE][PASSED] - Text '17.0' is set on object 'Object Repository/MOH AND GRN/Page_KDMC - CMS/input_txtmrp'

2018-05-09 16:01:25 - [TEST_STEP][PASSED] - setText: Finding Test Object with id 'Object Repository/MOH AND GRN/Page_KDMC - CMS/input_txtdeal'

2018-05-09 16:01:25 - [TEST_STEP][PASSED] - Statement - switch (id): Finding Test Object with id 'Object Repository/MOH AND GRN/Page_KDMC - CMS/input_txtbatchno'

2018-05-09 16:01:25 - [TEST_STEP][PASSED] - Statement - case 5:: Text '5.0' is set on object 'Object Repository/MOH AND GRN/Page_KDMC - CMS/input_txtdeal'

2018-05-09 16:01:25 - [TEST_STEP][PASSED] - Statement - return (java.lang.Math.floor((java.lang.Math.random() * ((max - min) + 1))) + min): Text '5.0' is set on object 'Object Repository/MOH AND GRN/Page_KDMC - CMS/input_txtdeal'

2018-05-09 16:01:26 - [MESSAGE][PASSED] - Text '5.0' is set on object 'Object Repository/MOH AND GRN/Page_KDMC - CMS/input_txtdeal'

2018-05-09 16:01:26 - [TEST_STEP][PASSED] - setText: Finding Test Object with id 'Object Repository/MOH AND GRN/Page_KDMC - CMS/input_txtbatchno'

2018-05-09 16:01:26 - [TEST_STEP][PASSED] - Statement - switch (id): Finding Test Object with id 'Object Repository/MOH AND GRN/Page_KDMC - CMS/input_txtmrp'

2018-05-09 16:01:26 - [TEST_STEP][PASSED] - Statement - case 1:: Text 'BA698.0' is set on object 'Object Repository/MOH AND GRN/Page_KDMC - CMS/input_txtbatchno'

2018-05-09 16:01:26 - [TEST_STEP][PASSED] - Statement - return (java.lang.Math.floor((java.lang.Math.random() * ((max - min) + 1))) + min): Text 'BA698.0' is set on object 'Object Repository/MOH AND GRN/Page_KDMC - CMS/input_txtbatchno'

2018-05-09 16:01:26 - [MESSAGE][PASSED] - Text 'BA698.0' is set on object 'Object Repository/MOH AND GRN/Page_KDMC - CMS/input_txtbatchno'

2018-05-09 16:01:26 - [TEST_STEP][PASSED] - rightClick: Object: 'Object Repository/GRN/Page_KDMC - CMS/input_txtexpdate' is right clicked on

2018-05-09 16:01:26 - [MESSAGE][PASSED] - Object: 'Object Repository/GRN/Page_KDMC - CMS/input_txtexpdate' is right clicked on

2018-05-09 16:01:26 - [TEST_STEP][PASSED] - selectOptionByIndex: All options with index in [8] are selected on object 'Object Repository/GRN/Page_KDMC - CMS/select_20182019202020212022202'

2018-05-09 16:01:26 - [MESSAGE][PASSED] - All options with index in [8] are selected on object 'Object Repository/GRN/Page_KDMC - CMS/select_20182019202020212022202'

2018-05-09 16:01:26 - [TEST_STEP][PASSED] - selectOptionByIndex: All options with index in [8] are selected on object 'Object Repository/GRN/Page_KDMC - CMS/select_JanFebMarAprMayJunJulAu'

2018-05-09 16:01:26 - [MESSAGE][PASSED] - All options with index in [8] are selected on object 'Object Repository/GRN/Page_KDMC - CMS/select_JanFebMarAprMayJunJulAu'

2018-05-09 16:01:26 - [TEST_STEP][PASSED] - click: Object: 'Object Repository/MOH AND GRN/Page_KDMC - CMS/a_12' is clicked on

2018-05-09 16:01:26 - [MESSAGE][PASSED] - Object: 'Object Repository/MOH AND GRN/Page_KDMC - CMS/a_12' is clicked on

2018-05-09 16:01:26 - [TEST_STEP][PASSED] - click: Object: 'Object Repository/MOH AND GRN/Page_KDMC - CMS/input_btnadd' is clicked on

2018-05-09 16:01:26 - [MESSAGE][PASSED] - Object: 'Object Repository/MOH AND GRN/Page_KDMC - CMS/input_btnadd' is clicked on

2018-05-09 16:01:26 - [TEST_STEP][PASSED] - Statement - If (s == 10): null

2018-05-09 16:01:26 - [TEST_STEP][PASSED] - Statement - Else: null

2018-05-09 16:01:26 - [TEST_STEP][PASSED] - Statement - (s++): null

2018-05-09 16:01:26 - [TEST_STEP][PASSED] - delay: Delayed 1 second(s)

2018-05-09 16:01:27 - [MESSAGE][PASSED] - Delayed 1 second(s)

2018-05-09 16:01:27 - [TEST_STEP][PASSED] - selectOptionByIndex: All options with index in [9] are selected on object 'Object Repository/MOH AND GRN/Page_KDMC - CMS/select_--Select--Amikacin -500'

2018-05-09 16:01:27 - [MESSAGE][PASSED] - All options with index in [9] are selected on object 'Object Repository/MOH AND GRN/Page_KDMC - CMS/select_--Select--Amikacin -500'

2018-05-09 16:01:27 - [TEST_STEP][PASSED] - setText: Text '5000' is set on object 'Object Repository/MOH AND GRN/Page_KDMC - CMS/input_txtqty'

2018-05-09 16:01:28 - [MESSAGE][PASSED] - Text '5000' is set on object 'Object Repository/MOH AND GRN/Page_KDMC - CMS/input_txtqty'

2018-05-09 16:01:28 - [TEST_STEP][PASSED] - selectOptionByIndex: All options with index in [1] are selected on object 'Object Repository/MOH AND GRN/Page_KDMC - CMS/select_--Select--No Tax0'

2018-05-09 16:01:28 - [MESSAGE][PASSED] - All options with index in [1] are selected on object 'Object Repository/MOH AND GRN/Page_KDMC - CMS/select_--Select--No Tax0'

2018-05-09 16:01:28 - [TEST_STEP][PASSED] - setText: Finding Test Object with id 'Object Repository/MOH AND GRN/Page_KDMC - CMS/input_txtmrp'

2018-05-09 16:01:28 - [TEST_STEP][PASSED] - Statement - switch (id): Finding Test Object with id 'Object Repository/MOH AND GRN/Page_KDMC - CMS/input_txtdeal'

2018-05-09 16:01:28 - [TEST_STEP][PASSED] - Statement - case 4:: Text '17.0' is set on object 'Object Repository/MOH AND GRN/Page_KDMC - CMS/input_txtmrp'

2018-05-09 16:01:28 - [TEST_STEP][PASSED] - Statement - return (java.lang.Math.floor((java.lang.Math.random() * ((max - min) + 1))) + min): Text '17.0' is set on object 'Object Repository/MOH AND GRN/Page_KDMC - CMS/input_txtmrp'

2018-05-09 16:01:28 - [MESSAGE][PASSED] - Text '17.0' is set on object 'Object Repository/MOH AND GRN/Page_KDMC - CMS/input_txtmrp'

2018-05-09 16:01:28 - [TEST_STEP][PASSED] - setText: Finding Test Object with id 'Object Repository/MOH AND GRN/Page_KDMC - CMS/input_txtdeal'

2018-05-09 16:01:28 - [TEST_STEP][PASSED] - Statement - switch (id): Finding Test Object with id 'Object Repository/MOH AND GRN/Page_KDMC - CMS/input_txtbatchno'

2018-05-09 16:01:28 - [TEST_STEP][PASSED] - Statement - case 5:: Text '4.0' is set on object 'Object Repository/MOH AND GRN/Page_KDMC - CMS/input_txtdeal'

2018-05-09 16:01:28 - [TEST_STEP][PASSED] - Statement - return (java.lang.Math.floor((java.lang.Math.random() * ((max - min) + 1))) + min): Text '4.0' is set on object 'Object Repository/MOH AND GRN/Page_KDMC - CMS/input_txtdeal'

2018-05-09 16:01:28 - [MESSAGE][PASSED] - Text '4.0' is set on object 'Object Repository/MOH AND GRN/Page_KDMC - CMS/input_txtdeal'

2018-05-09 16:01:28 - [TEST_STEP][PASSED] - setText: Finding Test Object with id 'Object Repository/MOH AND GRN/Page_KDMC - CMS/input_txtbatchno'

2018-05-09 16:01:28 - [TEST_STEP][PASSED] - Statement - switch (id): Finding Test Object with id 'Object Repository/MOH AND GRN/Page_KDMC - CMS/input_txtmrp'

2018-05-09 16:01:28 - [TEST_STEP][PASSED] - Statement - case 1:: Text 'BA907.0' is set on object 'Object Repository/MOH AND GRN/Page_KDMC - CMS/input_txtbatchno'

2018-05-09 16:01:28 - [TEST_STEP][PASSED] - Statement - return (java.lang.Math.floor((java.lang.Math.random() * ((max - min) + 1))) + min): Text 'BA907.0' is set on object 'Object Repository/MOH AND GRN/Page_KDMC - CMS/input_txtbatchno'

2018-05-09 16:01:28 - [MESSAGE][PASSED] - Text 'BA907.0' is set on object 'Object Repository/MOH AND GRN/Page_KDMC - CMS/input_txtbatchno'

2018-05-09 16:01:28 - [TEST_STEP][PASSED] - rightClick: Object: 'Object Repository/GRN/Page_KDMC - CMS/input_txtexpdate' is right clicked on

2018-05-09 16:01:28 - [MESSAGE][PASSED] - Object: 'Object Repository/GRN/Page_KDMC - CMS/input_txtexpdate' is right clicked on

2018-05-09 16:01:28 - [TEST_STEP][PASSED] - selectOptionByIndex: All options with index in [9] are selected on object 'Object Repository/GRN/Page_KDMC - CMS/select_20182019202020212022202'

2018-05-09 16:01:28 - [MESSAGE][PASSED] - All options with index in [9] are selected on object 'Object Repository/GRN/Page_KDMC - CMS/select_20182019202020212022202'

2018-05-09 16:01:28 - [TEST_STEP][PASSED] - selectOptionByIndex: All options with index in [9] are selected on object 'Object Repository/GRN/Page_KDMC - CMS/select_JanFebMarAprMayJunJulAu'

2018-05-09 16:01:28 - [MESSAGE][PASSED] - All options with index in [9] are selected on object 'Object Repository/GRN/Page_KDMC - CMS/select_JanFebMarAprMayJunJulAu'

2018-05-09 16:01:28 - [TEST_STEP][PASSED] - click: Object: 'Object Repository/MOH AND GRN/Page_KDMC - CMS/a_12' is clicked on

2018-05-09 16:01:29 - [MESSAGE][PASSED] - Object: 'Object Repository/MOH AND GRN/Page_KDMC - CMS/a_12' is clicked on

2018-05-09 16:01:29 - [TEST_STEP][PASSED] - click: Object: 'Object Repository/MOH AND GRN/Page_KDMC - CMS/input_btnadd' is clicked on

2018-05-09 16:01:29 - [MESSAGE][PASSED] - Object: 'Object Repository/MOH AND GRN/Page_KDMC - CMS/input_btnadd' is clicked on

2018-05-09 16:01:29 - [TEST_STEP][PASSED] - Statement - If (s == 10): null

2018-05-09 16:01:29 - [TEST_STEP][PASSED] - Statement - Else: null

2018-05-09 16:01:29 - [TEST_STEP][PASSED] - Statement - (s++): null

2018-05-09 16:01:29 - [TEST_STEP][PASSED] - delay: Delayed 1 second(s)

2018-05-09 16:01:30 - [MESSAGE][PASSED] - Delayed 1 second(s)

2018-05-09 16:01:30 - [TEST_STEP][PASSED] - selectOptionByIndex: All options with index in [10] are selected on object 'Object Repository/MOH AND GRN/Page_KDMC - CMS/select_--Select--Amikacin -500'

2018-05-09 16:01:30 - [MESSAGE][PASSED] - All options with index in [10] are selected on object 'Object Repository/MOH AND GRN/Page_KDMC - CMS/select_--Select--Amikacin -500'

2018-05-09 16:01:30 - [TEST_STEP][PASSED] - setText: Text '5000' is set on object 'Object Repository/MOH AND GRN/Page_KDMC - CMS/input_txtqty'

2018-05-09 16:01:30 - [MESSAGE][PASSED] - Text '5000' is set on object 'Object Repository/MOH AND GRN/Page_KDMC - CMS/input_txtqty'

2018-05-09 16:01:30 - [TEST_STEP][PASSED] - selectOptionByIndex: All options with index in [1] are selected on object 'Object Repository/MOH AND GRN/Page_KDMC - CMS/select_--Select--No Tax0'

2018-05-09 16:01:30 - [MESSAGE][PASSED] - All options with index in [1] are selected on object 'Object Repository/MOH AND GRN/Page_KDMC - CMS/select_--Select--No Tax0'

2018-05-09 16:01:30 - [TEST_STEP][PASSED] - setText: Finding Test Object with id 'Object Repository/MOH AND GRN/Page_KDMC - CMS/input_txtmrp'

2018-05-09 16:01:30 - [TEST_STEP][PASSED] - Statement - switch (id): Finding Test Object with id 'Object Repository/MOH AND GRN/Page_KDMC - CMS/input_txtdeal'

2018-05-09 16:01:30 - [TEST_STEP][PASSED] - Statement - case 4:: Text '23.0' is set on object 'Object Repository/MOH AND GRN/Page_KDMC - CMS/input_txtmrp'

2018-05-09 16:01:30 - [TEST_STEP][PASSED] - Statement - return (java.lang.Math.floor((java.lang.Math.random() * ((max - min) + 1))) + min): Text '23.0' is set on object 'Object Repository/MOH AND GRN/Page_KDMC - CMS/input_txtmrp'

2018-05-09 16:01:30 - [MESSAGE][PASSED] - Text '23.0' is set on object 'Object Repository/MOH AND GRN/Page_KDMC - CMS/input_txtmrp'

2018-05-09 16:01:30 - [TEST_STEP][PASSED] - setText: Finding Test Object with id 'Object Repository/MOH AND GRN/Page_KDMC - CMS/input_txtdeal'

2018-05-09 16:01:30 - [TEST_STEP][PASSED] - Statement - switch (id): Finding Test Object with id 'Object Repository/MOH AND GRN/Page_KDMC - CMS/input_txtbatchno'

2018-05-09 16:01:30 - [TEST_STEP][PASSED] - Statement - case 5:: Text '6.0' is set on object 'Object Repository/MOH AND GRN/Page_KDMC - CMS/input_txtdeal'

2018-05-09 16:01:30 - [TEST_STEP][PASSED] - Statement - return (java.lang.Math.floor((java.lang.Math.random() * ((max - min) + 1))) + min): Text '6.0' is set on object 'Object Repository/MOH AND GRN/Page_KDMC - CMS/input_txtdeal'

2018-05-09 16:01:30 - [MESSAGE][PASSED] - Text '6.0' is set on object 'Object Repository/MOH AND GRN/Page_KDMC - CMS/input_txtdeal'

2018-05-09 16:01:30 - [TEST_STEP][PASSED] - setText: Finding Test Object with id 'Object Repository/MOH AND GRN/Page_KDMC - CMS/input_txtbatchno'

2018-05-09 16:01:30 - [TEST_STEP][PASSED] - Statement - switch (id): Finding Test Object with id 'Object Repository/MOH AND GRN/Page_KDMC - CMS/input_txtmrp'

2018-05-09 16:01:30 - [TEST_STEP][PASSED] - Statement - case 1:: Text 'BA639.0' is set on object 'Object Repository/MOH AND GRN/Page_KDMC - CMS/input_txtbatchno'

2018-05-09 16:01:30 - [TEST_STEP][PASSED] - Statement - return (java.lang.Math.floor((java.lang.Math.random() * ((max - min) + 1))) + min): Text 'BA639.0' is set on object 'Object Repository/MOH AND GRN/Page_KDMC - CMS/input_txtbatchno'

2018-05-09 16:01:30 - [MESSAGE][PASSED] - Text 'BA639.0' is set on object 'Object Repository/MOH AND GRN/Page_KDMC - CMS/input_txtbatchno'

2018-05-09 16:01:30 - [TEST_STEP][PASSED] - rightClick: Object: 'Object Repository/GRN/Page_KDMC - CMS/input_txtexpdate' is right clicked on

2018-05-09 16:01:30 - [MESSAGE][PASSED] - Object: 'Object Repository/GRN/Page_KDMC - CMS/input_txtexpdate' is right clicked on

2018-05-09 16:01:30 - [TEST_STEP][PASSED] - selectOptionByIndex: All options with index in [10] are selected on object 'Object Repository/GRN/Page_KDMC - CMS/select_20182019202020212022202'

2018-05-09 16:01:31 - [MESSAGE][PASSED] - All options with index in [10] are selected on object 'Object Repository/GRN/Page_KDMC - CMS/select_20182019202020212022202'

2018-05-09 16:01:31 - [TEST_STEP][PASSED] - selectOptionByIndex: All options with index in [10] are selected on object 'Object Repository/GRN/Page_KDMC - CMS/select_JanFebMarAprMayJunJulAu'

2018-05-09 16:01:31 - [MESSAGE][PASSED] - All options with index in [10] are selected on object 'Object Repository/GRN/Page_KDMC - CMS/select_JanFebMarAprMayJunJulAu'

2018-05-09 16:01:31 - [TEST_STEP][PASSED] - click: Object: 'Object Repository/MOH AND GRN/Page_KDMC - CMS/a_12' is clicked on

2018-05-09 16:01:31 - [MESSAGE][PASSED] - Object: 'Object Repository/MOH AND GRN/Page_KDMC - CMS/a_12' is clicked on

2018-05-09 16:01:31 - [TEST_STEP][PASSED] - click: Object: 'Object Repository/MOH AND GRN/Page_KDMC - CMS/input_btnadd' is clicked on

2018-05-09 16:01:31 - [MESSAGE][PASSED] - Object: 'Object Repository/MOH AND GRN/Page_KDMC - CMS/input_btnadd' is clicked on

2018-05-09 16:01:31 - [TEST_STEP][PASSED] - Statement - If (s == 10): null

2018-05-09 16:01:31 - [TEST_STEP][PASSED] - Statement - s = 1: null

2018-05-09 16:01:31 - [TEST_STEP][PASSED] - delay: Delayed 1 second(s)

2018-05-09 16:01:32 - [MESSAGE][PASSED] - Delayed 1 second(s)

2018-05-09 16:01:32 - [TEST_STEP][PASSED] - selectOptionByIndex: All options with index in [11] are selected on object 'Object Repository/MOH AND GRN/Page_KDMC - CMS/select_--Select--Amikacin -500'

2018-05-09 16:01:32 - [MESSAGE][PASSED] - All options with index in [11] are selected on object 'Object Repository/MOH AND GRN/Page_KDMC - CMS/select_--Select--Amikacin -500'

2018-05-09 16:01:32 - [TEST_STEP][PASSED] - setText: Text '5000' is set on object 'Object Repository/MOH AND GRN/Page_KDMC - CMS/input_txtqty'

2018-05-09 16:01:32 - [MESSAGE][PASSED] - Text '5000' is set on object 'Object Repository/MOH AND GRN/Page_KDMC - CMS/input_txtqty'

2018-05-09 16:01:32 - [TEST_STEP][PASSED] - selectOptionByIndex: All options with index in [1] are selected on object 'Object Repository/MOH AND GRN/Page_KDMC - CMS/select_--Select--No Tax0'

2018-05-09 16:01:32 - [MESSAGE][PASSED] - All options with index in [1] are selected on object 'Object Repository/MOH AND GRN/Page_KDMC - CMS/select_--Select--No Tax0'

2018-05-09 16:01:32 - [TEST_STEP][PASSED] - setText: Finding Test Object with id 'Object Repository/MOH AND GRN/Page_KDMC - CMS/input_txtmrp'

2018-05-09 16:01:32 - [TEST_STEP][PASSED] - Statement - switch (id): Finding Test Object with id 'Object Repository/MOH AND GRN/Page_KDMC - CMS/input_txtdeal'

2018-05-09 16:01:32 - [TEST_STEP][PASSED] - Statement - case 4:: Text '23.0' is set on object 'Object Repository/MOH AND GRN/Page_KDMC - CMS/input_txtmrp'

2018-05-09 16:01:32 - [TEST_STEP][PASSED] - Statement - return (java.lang.Math.floor((java.lang.Math.random() * ((max - min) + 1))) + min): Text '23.0' is set on object 'Object Repository/MOH AND GRN/Page_KDMC - CMS/input_txtmrp'

2018-05-09 16:01:32 - [MESSAGE][PASSED] - Text '23.0' is set on object 'Object Repository/MOH AND GRN/Page_KDMC - CMS/input_txtmrp'

2018-05-09 16:01:32 - [TEST_STEP][PASSED] - setText: Finding Test Object with id 'Object Repository/MOH AND GRN/Page_KDMC - CMS/input_txtdeal'

2018-05-09 16:01:32 - [TEST_STEP][PASSED] - Statement - switch (id): Finding Test Object with id 'Object Repository/MOH AND GRN/Page_KDMC - CMS/input_txtbatchno'

2018-05-09 16:01:32 - [TEST_STEP][PASSED] - Statement - case 5:: Text '5.0' is set on object 'Object Repository/MOH AND GRN/Page_KDMC - CMS/input_txtdeal'

2018-05-09 16:01:32 - [TEST_STEP][PASSED] - Statement - return (java.lang.Math.floor((java.lang.Math.random() * ((max - min) + 1))) + min): Text '5.0' is set on object 'Object Repository/MOH AND GRN/Page_KDMC - CMS/input_txtdeal'

2018-05-09 16:01:33 - [MESSAGE][PASSED] - Text '5.0' is set on object 'Object Repository/MOH AND GRN/Page_KDMC - CMS/input_txtdeal'

2018-05-09 16:01:33 - [TEST_STEP][PASSED] - setText: Finding Test Object with id 'Object Repository/MOH AND GRN/Page_KDMC - CMS/input_txtbatchno'

2018-05-09 16:01:33 - [TEST_STEP][PASSED] - Statement - switch (id): Finding Test Object with id 'Object Repository/MOH AND GRN/Page_KDMC - CMS/input_txtmrp'

2018-05-09 16:01:33 - [TEST_STEP][PASSED] - Statement - case 1:: Text 'BA480.0' is set on object 'Object Repository/MOH AND GRN/Page_KDMC - CMS/input_txtbatchno'

2018-05-09 16:01:33 - [TEST_STEP][PASSED] - Statement - return (java.lang.Math.floor((java.lang.Math.random() * ((max - min) + 1))) + min): Text 'BA480.0' is set on object 'Object Repository/MOH AND GRN/Page_KDMC - CMS/input_txtbatchno'

2018-05-09 16:01:33 - [MESSAGE][PASSED] - Text 'BA480.0' is set on object 'Object Repository/MOH AND GRN/Page_KDMC - CMS/input_txtbatchno'

2018-05-09 16:01:33 - [TEST_STEP][PASSED] - rightClick: Object: 'Object Repository/GRN/Page_KDMC - CMS/input_txtexpdate' is right clicked on

2018-05-09 16:01:33 - [MESSAGE][PASSED] - Object: 'Object Repository/GRN/Page_KDMC - CMS/input_txtexpdate' is right clicked on

2018-05-09 16:01:33 - [TEST_STEP][PASSED] - selectOptionByIndex: All options with index in [1] are selected on object 'Object Repository/GRN/Page_KDMC - CMS/select_20182019202020212022202'

2018-05-09 16:01:33 - [MESSAGE][PASSED] - All options with index in [1] are selected on object 'Object Repository/GRN/Page_KDMC - CMS/select_20182019202020212022202'

2018-05-09 16:01:33 - [TEST_STEP][PASSED] - selectOptionByIndex: All options with index in [1] are selected on object 'Object Repository/GRN/Page_KDMC - CMS/select_JanFebMarAprMayJunJulAu'

2018-05-09 16:01:33 - [MESSAGE][PASSED] - All options with index in [1] are selected on object 'Object Repository/GRN/Page_KDMC - CMS/select_JanFebMarAprMayJunJulAu'

2018-05-09 16:01:33 - [TEST_STEP][PASSED] - click: Object: 'Object Repository/MOH AND GRN/Page_KDMC - CMS/a_12' is clicked on

2018-05-09 16:01:33 - [MESSAGE][PASSED] - Object: 'Object Repository/MOH AND GRN/Page_KDMC - CMS/a_12' is clicked on

2018-05-09 16:01:33 - [TEST_STEP][PASSED] - click: Object: 'Object Repository/MOH AND GRN/Page_KDMC - CMS/input_btnadd' is clicked on

2018-05-09 16:01:33 - [MESSAGE][PASSED] - Object: 'Object Repository/MOH AND GRN/Page_KDMC - CMS/input_btnadd' is clicked on

2018-05-09 16:01:33 - [TEST_STEP][PASSED] - Statement - If (s == 10): null

2018-05-09 16:01:33 - [TEST_STEP][PASSED] - Statement - Else: null

2018-05-09 16:01:33 - [TEST_STEP][PASSED] - Statement - (s++): null

2018-05-09 16:01:33 - [TEST_STEP][PASSED] - delay: Delayed 1 second(s)

2018-05-09 16:01:34 - [MESSAGE][PASSED] - Delayed 1 second(s)

2018-05-09 16:01:34 - [TEST_STEP][PASSED] - selectOptionByIndex: All options with index in [12] are selected on object 'Object Repository/MOH AND GRN/Page_KDMC - CMS/select_--Select--Amikacin -500'

2018-05-09 16:01:34 - [MESSAGE][PASSED] - All options with index in [12] are selected on object 'Object Repository/MOH AND GRN/Page_KDMC - CMS/select_--Select--Amikacin -500'

2018-05-09 16:01:34 - [TEST_STEP][PASSED] - setText: Text '5000' is set on object 'Object Repository/MOH AND GRN/Page_KDMC - CMS/input_txtqty'

2018-05-09 16:01:35 - [MESSAGE][PASSED] - Text '5000' is set on object 'Object Repository/MOH AND GRN/Page_KDMC - CMS/input_txtqty'

2018-05-09 16:01:35 - [TEST_STEP][PASSED] - selectOptionByIndex: All options with index in [1] are selected on object 'Object Repository/MOH AND GRN/Page_KDMC - CMS/select_--Select--No Tax0'

2018-05-09 16:01:35 - [MESSAGE][PASSED] - All options with index in [1] are selected on object 'Object Repository/MOH AND GRN/Page_KDMC - CMS/select_--Select--No Tax0'

2018-05-09 16:01:35 - [TEST_STEP][PASSED] - setText: Finding Test Object with id 'Object Repository/MOH AND GRN/Page_KDMC - CMS/input_txtmrp'

2018-05-09 16:01:35 - [TEST_STEP][PASSED] - Statement - switch (id): Finding Test Object with id 'Object Repository/MOH AND GRN/Page_KDMC - CMS/input_txtdeal'

2018-05-09 16:01:35 - [TEST_STEP][PASSED] - Statement - case 4:: Text '44.0' is set on object 'Object Repository/MOH AND GRN/Page_KDMC - CMS/input_txtmrp'

2018-05-09 16:01:35 - [TEST_STEP][PASSED] - Statement - return (java.lang.Math.floor((java.lang.Math.random() * ((max - min) + 1))) + min): Text '44.0' is set on object 'Object Repository/MOH AND GRN/Page_KDMC - CMS/input_txtmrp'

2018-05-09 16:01:35 - [MESSAGE][PASSED] - Text '44.0' is set on object 'Object Repository/MOH AND GRN/Page_KDMC - CMS/input_txtmrp'

2018-05-09 16:01:35 - [TEST_STEP][PASSED] - setText: Finding Test Object with id 'Object Repository/MOH AND GRN/Page_KDMC - CMS/input_txtdeal'

2018-05-09 16:01:35 - [TEST_STEP][PASSED] - Statement - switch (id): Finding Test Object with id 'Object Repository/MOH AND GRN/Page_KDMC - CMS/input_txtbatchno'

2018-05-09 16:01:35 - [TEST_STEP][PASSED] - Statement - case 5:: Text '6.0' is set on object 'Object Repository/MOH AND GRN/Page_KDMC - CMS/input_txtdeal'

2018-05-09 16:01:35 - [TEST_STEP][PASSED] - Statement - return (java.lang.Math.floor((java.lang.Math.random() * ((max - min) + 1))) + min): Text '6.0' is set on object 'Object Repository/MOH AND GRN/Page_KDMC - CMS/input_txtdeal'

2018-05-09 16:01:35 - [MESSAGE][PASSED] - Text '6.0' is set on object 'Object Repository/MOH AND GRN/Page_KDMC - CMS/input_txtdeal'

2018-05-09 16:01:35 - [TEST_STEP][PASSED] - setText: Finding Test Object with id 'Object Repository/MOH AND GRN/Page_KDMC - CMS/input_txtbatchno'

2018-05-09 16:01:35 - [TEST_STEP][PASSED] - Statement - switch (id): Finding Test Object with id 'Object Repository/MOH AND GRN/Page_KDMC - CMS/input_txtmrp'

2018-05-09 16:01:35 - [TEST_STEP][PASSED] - Statement - case 1:: Text 'BA975.0' is set on object 'Object Repository/MOH AND GRN/Page_KDMC - CMS/input_txtbatchno'

2018-05-09 16:01:35 - [TEST_STEP][PASSED] - Statement - return (java.lang.Math.floor((java.lang.Math.random() * ((max - min) + 1))) + min): Text 'BA975.0' is set on object 'Object Repository/MOH AND GRN/Page_KDMC - CMS/input_txtbatchno'

2018-05-09 16:01:35 - [MESSAGE][PASSED] - Text 'BA975.0' is set on object 'Object Repository/MOH AND GRN/Page_KDMC - CMS/input_txtbatchno'

2018-05-09 16:01:35 - [TEST_STEP][PASSED] - rightClick: Object: 'Object Repository/GRN/Page_KDMC - CMS/input_txtexpdate' is right clicked on

2018-05-09 16:01:35 - [MESSAGE][PASSED] - Object: 'Object Repository/GRN/Page_KDMC - CMS/input_txtexpdate' is right clicked on

2018-05-09 16:01:35 - [TEST_STEP][PASSED] - selectOptionByIndex: All options with index in [2] are selected on object 'Object Repository/GRN/Page_KDMC - CMS/select_20182019202020212022202'

2018-05-09 16:01:35 - [MESSAGE][PASSED] - All options with index in [2] are selected on object 'Object Repository/GRN/Page_KDMC - CMS/select_20182019202020212022202'

2018-05-09 16:01:35 - [TEST_STEP][PASSED] - selectOptionByIndex: All options with index in [2] are selected on object 'Object Repository/GRN/Page_KDMC - CMS/select_JanFebMarAprMayJunJulAu'

2018-05-09 16:01:35 - [MESSAGE][PASSED] - All options with index in [2] are selected on object 'Object Repository/GRN/Page_KDMC - CMS/select_JanFebMarAprMayJunJulAu'

2018-05-09 16:01:35 - [TEST_STEP][PASSED] - click: Object: 'Object Repository/MOH AND GRN/Page_KDMC - CMS/a_12' is clicked on

2018-05-09 16:01:35 - [MESSAGE][PASSED] - Object: 'Object Repository/MOH AND GRN/Page_KDMC - CMS/a_12' is clicked on

2018-05-09 16:01:35 - [TEST_STEP][PASSED] - click: Object: 'Object Repository/MOH AND GRN/Page_KDMC - CMS/input_btnadd' is clicked on

2018-05-09 16:01:35 - [MESSAGE][PASSED] - Object: 'Object Repository/MOH AND GRN/Page_KDMC - CMS/input_btnadd' is clicked on

2018-05-09 16:01:35 - [TEST_STEP][PASSED] - Statement - If (s == 10): null

2018-05-09 16:01:35 - [TEST_STEP][PASSED] - Statement - Else: null

2018-05-09 16:01:35 - [TEST_STEP][PASSED] - Statement - (s++): null

2018-05-09 16:01:35 - [TEST_STEP][PASSED] - delay: Delayed 1 second(s)

2018-05-09 16:01:36 - [MESSAGE][PASSED] - Delayed 1 second(s)

2018-05-09 16:01:36 - [TEST_STEP][PASSED] - selectOptionByIndex: All options with index in [13] are selected on object 'Object Repository/MOH AND GRN/Page_KDMC - CMS/select_--Select--Amikacin -500'

2018-05-09 16:01:37 - [MESSAGE][PASSED] - All options with index in [13] are selected on object 'Object Repository/MOH AND GRN/Page_KDMC - CMS/select_--Select--Amikacin -500'

2018-05-09 16:01:37 - [TEST_STEP][PASSED] - setText: Text '5000' is set on object 'Object Repository/MOH AND GRN/Page_KDMC - CMS/input_txtqty'

2018-05-09 16:01:37 - [MESSAGE][PASSED] - Text '5000' is set on object 'Object Repository/MOH AND GRN/Page_KDMC - CMS/input_txtqty'

2018-05-09 16:01:37 - [TEST_STEP][PASSED] - selectOptionByIndex: All options with index in [1] are selected on object 'Object Repository/MOH AND GRN/Page_KDMC - CMS/select_--Select--No Tax0'

2018-05-09 16:01:37 - [MESSAGE][PASSED] - All options with index in [1] are selected on object 'Object Repository/MOH AND GRN/Page_KDMC - CMS/select_--Select--No Tax0'

2018-05-09 16:01:37 - [TEST_STEP][PASSED] - setText: Finding Test Object with id 'Object Repository/MOH AND GRN/Page_KDMC - CMS/input_txtmrp'

2018-05-09 16:01:37 - [TEST_STEP][PASSED] - Statement - switch (id): Finding Test Object with id 'Object Repository/MOH AND GRN/Page_KDMC - CMS/input_txtdeal'

2018-05-09 16:01:37 - [TEST_STEP][PASSED] - Statement - case 4:: Text '24.0' is set on object 'Object Repository/MOH AND GRN/Page_KDMC - CMS/input_txtmrp'

2018-05-09 16:01:37 - [TEST_STEP][PASSED] - Statement - return (java.lang.Math.floor((java.lang.Math.random() * ((max - min) + 1))) + min): Text '24.0' is set on object 'Object Repository/MOH AND GRN/Page_KDMC - CMS/input_txtmrp'

2018-05-09 16:01:37 - [MESSAGE][PASSED] - Text '24.0' is set on object 'Object Repository/MOH AND GRN/Page_KDMC - CMS/input_txtmrp'

2018-05-09 16:01:37 - [TEST_STEP][PASSED] - setText: Finding Test Object with id 'Object Repository/MOH AND GRN/Page_KDMC - CMS/input_txtdeal'

2018-05-09 16:01:37 - [TEST_STEP][PASSED] - Statement - switch (id): Finding Test Object with id 'Object Repository/MOH AND GRN/Page_KDMC - CMS/input_txtbatchno'

2018-05-09 16:01:37 - [TEST_STEP][PASSED] - Statement - case 5:: Text '4.0' is set on object 'Object Repository/MOH AND GRN/Page_KDMC - CMS/input_txtdeal'

2018-05-09 16:01:37 - [TEST_STEP][PASSED] - Statement - return (java.lang.Math.floor((java.lang.Math.random() * ((max - min) + 1))) + min): Text '4.0' is set on object 'Object Repository/MOH AND GRN/Page_KDMC - CMS/input_txtdeal'

2018-05-09 16:01:37 - [MESSAGE][PASSED] - Text '4.0' is set on object 'Object Repository/MOH AND GRN/Page_KDMC - CMS/input_txtdeal'

2018-05-09 16:01:37 - [TEST_STEP][PASSED] - setText: Finding Test Object with id 'Object Repository/MOH AND GRN/Page_KDMC - CMS/input_txtbatchno'

2018-05-09 16:01:37 - [TEST_STEP][PASSED] - Statement - switch (id): Delayed 1 second(s)

2018-05-09 16:01:37 - [TEST_STEP][PASSED] - Statement - case 1:: Text 'BA720.0' is set on object 'Object Repository/MOH AND GRN/Page_KDMC - CMS/input_txtbatchno'

2018-05-09 16:01:37 - [TEST_STEP][PASSED] - Statement - return (java.lang.Math.floor((java.lang.Math.random() * ((max - min) + 1))) + min): Text 'BA720.0' is set on object 'Object Repository/MOH AND GRN/Page_KDMC - CMS/input_txtbatchno'

2018-05-09 16:01:37 - [MESSAGE][PASSED] - Text 'BA720.0' is set on object 'Object Repository/MOH AND GRN/Page_KDMC - CMS/input_txtbatchno'

2018-05-09 16:01:37 - [TEST_STEP][PASSED] - rightClick: Object: 'Object Repository/GRN/Page_KDMC - CMS/input_txtexpdate' is right clicked on

2018-05-09 16:01:37 - [MESSAGE][PASSED] - Object: 'Object Repository/GRN/Page_KDMC - CMS/input_txtexpdate' is right clicked on

2018-05-09 16:01:37 - [TEST_STEP][PASSED] - selectOptionByIndex: All options with index in [3] are selected on object 'Object Repository/GRN/Page_KDMC - CMS/select_20182019202020212022202'

2018-05-09 16:01:38 - [MESSAGE][PASSED] - All options with index in [3] are selected on object 'Object Repository/GRN/Page_KDMC - CMS/select_20182019202020212022202'

2018-05-09 16:01:38 - [TEST_STEP][PASSED] - selectOptionByIndex: All options with index in [3] are selected on object 'Object Repository/GRN/Page_KDMC - CMS/select_JanFebMarAprMayJunJulAu'

2018-05-09 16:01:38 - [MESSAGE][PASSED] - All options with index in [3] are selected on object 'Object Repository/GRN/Page_KDMC - CMS/select_JanFebMarAprMayJunJulAu'

2018-05-09 16:01:38 - [TEST_STEP][PASSED] - click: Object: 'Object Repository/MOH AND GRN/Page_KDMC - CMS/a_12' is clicked on

2018-05-09 16:01:38 - [MESSAGE][PASSED] - Object: 'Object Repository/MOH AND GRN/Page_KDMC - CMS/a_12' is clicked on

2018-05-09 16:01:38 - [TEST_STEP][PASSED] - click: Object: 'Object Repository/MOH AND GRN/Page_KDMC - CMS/input_btnadd' is clicked on

2018-05-09 16:01:38 - [MESSAGE][PASSED] - Object: 'Object Repository/MOH AND GRN/Page_KDMC - CMS/input_btnadd' is clicked on

2018-05-09 16:01:38 - [TEST_STEP][PASSED] - Statement - If (s == 10): null

2018-05-09 16:01:38 - [TEST_STEP][PASSED] - Statement - Else: null

2018-05-09 16:01:38 - [TEST_STEP][PASSED] - Statement - (s++): null

2018-05-09 16:01:38 - [TEST_STEP][PASSED] - delay: Delayed 1 second(s)

2018-05-09 16:01:39 - [MESSAGE][PASSED] - Delayed 1 second(s)

2018-05-09 16:01:39 - [TEST_STEP][PASSED] - scrollToElement: Scroll to object 'Object Repository/MOH AND GRN/Page_KDMC - CMS/input_btnSubmit' successfully

2018-05-09 16:01:39 - [MESSAGE][PASSED] - Scroll to object 'Object Repository/MOH AND GRN/Page_KDMC - CMS/input_btnSubmit' successfully

2018-05-09 16:01:39 - [TEST_STEP][PASSED] - click: Object: 'Object Repository/MOH AND GRN/Page_KDMC - CMS/input_btnSubmit' is clicked on

2018-05-09 16:01:39 - [MESSAGE][PASSED] - Object: 'Object Repository/MOH AND GRN/Page_KDMC - CMS/input_btnSubmit' is clicked on

2018-05-09 16:01:39 - [TEST_STEP][PASSED] - delay: Delayed 3 second(s)

2018-05-09 16:01:42 - [MESSAGE][PASSED] - Delayed 3 second(s)

2018-05-09 16:01:42 - [TEST_STEP][PASSED] - click: Object: 'Object Repository/MOH AND GRN/Page_KDMC - CMS/button_OK' is clicked on

2018-05-09 16:01:42 - [MESSAGE][PASSED] - Object: 'Object Repository/MOH AND GRN/Page_KDMC - CMS/button_OK' is clicked on

2018-05-09 16:01:42 - [TEST_STEP][PASSED] - delay: Delayed 2 second(s)

2018-05-09 16:01:44 - [MESSAGE][PASSED] - Delayed 2 second(s)

2018-05-09 16:01:44 - [TEST_STEP][PASSED] - delay: Delayed 3 second(s)

2018-05-09 16:01:47 - [MESSAGE][PASSED] - Delayed 3 second(s)

2018-05-09 16:01:47 - [TEST_STEP][PASSED] - click: Object: 'Object Repository/MOH AND GRN/Page_KDMC - CMS/a_dropdown-toggle' is clicked on

2018-05-09 16:01:48 - [MESSAGE][PASSED] - Object: 'Object Repository/MOH AND GRN/Page_KDMC - CMS/a_dropdown-toggle' is clicked on

2018-05-09 16:01:48 - [TEST_STEP][PASSED] - click: Object: 'Object Repository/MOH AND GRN/Page_KDMC - CMS/a_Sign out' is clicked on

2018-05-09 16:01:48 - [MESSAGE][PASSED] - Object: 'Object Repository/MOH AND GRN/Page_KDMC - CMS/a_Sign out' is clicked on

2018-05-09 16:01:48 - [TEST_STEP][PASSED] - closeBrowser: Browser is closed

2018-05-09 16:01:49 - [MESSAGE][PASSED] - Browser is closed]]></system-out>
         <system-err><![CDATA[]]></system-err>
      </testcase>
      <testcase name="Test Cases/MOH REQUEST AND GRN/Moh Request GRN  Schedule 7" classname="Test Cases/MOH REQUEST AND GRN/Moh Request GRN  Schedule 7" status="FAILED">
         <failure type="FAILED" message="Unable to click on object 'Object Repository/MOH AND GRN/Page_KDMC/a_Generate P.O' (Root cause: com.kms.katalon.core.webui.exception.WebElementNotFoundException: Web element with id: 'Object Repository/MOH AND GRN/Page_KDMC/a_Generate P.O' located by 'By.xpath: /html[1]/body[@class=&quot;skin-blue  pace-done&quot;]/div[@class=&quot;row&quot;]/div[@class=&quot;col-md-12&quot;]/div[@class=&quot;wrapper row-offcanvas row-offcanvas-left&quot;]/aside[@class=&quot;left-side sidebar-offcanvas&quot;]/section[@class=&quot;sidebar&quot;]/ul[@class=&quot;sidebar-menu&quot;]/li[@class=&quot;treeview active&quot;]/ul[@class=&quot;treeview-menu&quot;]/li[2]/a[1][count(. | //a[@href = 'PORaise.aspx' and (text() = 'Generate P.O' or . = 'Generate P.O')]) = count(//a[@href = 'PORaise.aspx' and (text() = 'Generate P.O' or . = 'Generate P.O')])]' not found)"/>
         <system-out><![CDATA[2018-05-09 16:01:49 - [TEST_CASE][FAILED] - Test Cases/MOH REQUEST AND GRN/Moh Request GRN  Schedule 7: Test Cases/MOH REQUEST AND GRN/Moh Request GRN  Schedule 7 FAILED because (of) Unable to click on object 'Object Repository/MOH AND GRN/Page_KDMC/a_Generate P.O' (Root cause: com.kms.katalon.core.webui.exception.WebElementNotFoundException: Web element with id: 'Object Repository/MOH AND GRN/Page_KDMC/a_Generate P.O' located by 'By.xpath: /html[1]/body[@class="skin-blue  pace-done"]/div[@class="row"]/div[@class="col-md-12"]/div[@class="wrapper row-offcanvas row-offcanvas-left"]/aside[@class="left-side sidebar-offcanvas"]/section[@class="sidebar"]/ul[@class="sidebar-menu"]/li[@class="treeview active"]/ul[@class="treeview-menu"]/li[2]/a[1][count(. | //a[@href = 'PORaise.aspx' and (text() = 'Generate P.O' or . = 'Generate P.O')]) = count(//a[@href = 'PORaise.aspx' and (text() = 'Generate P.O' or . = 'Generate P.O')])]' not found)

2018-05-09 16:01:49 - [TEST_STEP][PASSED] - openBrowser: Browser is opened with url: ''

2018-05-09 16:01:54 - [MESSAGE][PASSED] - Browser is opened with url: ''

2018-05-09 16:01:54 - [TEST_STEP][PASSED] - navigateToUrl: Navigate to 'http://192.168.137.1/multihospital_new/' successfully

2018-05-09 16:01:57 - [MESSAGE][PASSED] - Navigate to 'http://192.168.137.1/multihospital_new/' successfully

2018-05-09 16:01:57 - [TEST_STEP][PASSED] - maximizeWindow: Current window maximized

2018-05-09 16:01:59 - [MESSAGE][PASSED] - Current window maximized

2018-05-09 16:01:59 - [TEST_STEP][PASSED] - click: Object: 'Object Repository/MOH AND GRN/Page_KDMC/a_CMS' is clicked on

2018-05-09 16:02:00 - [MESSAGE][PASSED] - Object: 'Object Repository/MOH AND GRN/Page_KDMC/a_CMS' is clicked on

2018-05-09 16:02:00 - [TEST_STEP][PASSED] - setText: Text 'bala' is set on object 'Object Repository/MOH AND GRN/Page_CMS login/input_txtusername'

2018-05-09 16:02:00 - [MESSAGE][PASSED] - Text 'bala' is set on object 'Object Repository/MOH AND GRN/Page_CMS login/input_txtusername'

2018-05-09 16:02:00 - [TEST_STEP][PASSED] - setText: Text '123' is set on object 'Object Repository/MOH AND GRN/Page_CMS login/input_txtpassword'

2018-05-09 16:02:00 - [MESSAGE][PASSED] - Text '123' is set on object 'Object Repository/MOH AND GRN/Page_CMS login/input_txtpassword'

2018-05-09 16:02:00 - [TEST_STEP][PASSED] - delay: Delayed 3 second(s)

2018-05-09 16:02:03 - [MESSAGE][PASSED] - Delayed 3 second(s)

2018-05-09 16:02:03 - [TEST_STEP][PASSED] - click: Object: 'Object Repository/MOH AND GRN/Page_CMS login/button_Sign in' is clicked on

2018-05-09 16:02:04 - [MESSAGE][PASSED] - Object: 'Object Repository/MOH AND GRN/Page_CMS login/button_Sign in' is clicked on

2018-05-09 16:02:04 - [TEST_STEP][PASSED] - click: Object: 'Object Repository/MOH AND GRN/Page_KDMC - CMS/a_Request to MOH' is clicked on

2018-05-09 16:02:05 - [MESSAGE][PASSED] - Object: 'Object Repository/MOH AND GRN/Page_KDMC - CMS/a_Request to MOH' is clicked on

2018-05-09 16:02:05 - [TEST_STEP][PASSED] - selectOptionByIndex: All options with index in [2] are selected on object 'Object Repository/MOH AND GRN/Page_KDMC - CMS/select_--Select--'

2018-05-09 16:02:05 - [MESSAGE][PASSED] - All options with index in [2] are selected on object 'Object Repository/MOH AND GRN/Page_KDMC - CMS/select_--Select--'

2018-05-09 16:02:05 - [TEST_STEP][PASSED] - selectOptionByIndex: All options with index in [7] are selected on object 'Object Repository/MOH AND GRN/Page_KDMC - CMS/select_--Select--Schedule 1Inj'

2018-05-09 16:02:06 - [MESSAGE][PASSED] - All options with index in [7] are selected on object 'Object Repository/MOH AND GRN/Page_KDMC - CMS/select_--Select--Schedule 1Inj'

2018-05-09 16:02:06 - [TEST_STEP][PASSED] - Statement - selectedoptions = com.kms.katalon.core.webui.keyword.WebUiBuiltInKeywords.getNumberOfTotalOption(com.kms.katalon.core.testobject.ObjectRepository.findTestObject(MOH AND GRN/Page_KDMC - CMS/select_--Select--Adernaline 0.)): 24 options of object 'Object Repository/MOH AND GRN/Page_KDMC - CMS/select_--Select--Adernaline 0.' counted

2018-05-09 16:02:06 - [MESSAGE][PASSED] - 24 options of object 'Object Repository/MOH AND GRN/Page_KDMC - CMS/select_--Select--Adernaline 0.' counted

2018-05-09 16:02:06 - [TEST_STEP][PASSED] - Statement - For ([j = 1, j <= selectedoptions - 1, (j++)]): Object: 'Object Repository/MOH AND GRN/Page_KDMC - CMS/button_Add' is clicked on

2018-05-09 16:02:06 - [TEST_STEP][PASSED] - selectOptionByIndex: All options with index in [7] are selected on object 'Object Repository/MOH AND GRN/Page_KDMC - CMS/select_--Select--Schedule 1Inj'

2018-05-09 16:02:06 - [MESSAGE][PASSED] - All options with index in [7] are selected on object 'Object Repository/MOH AND GRN/Page_KDMC - CMS/select_--Select--Schedule 1Inj'

2018-05-09 16:02:06 - [TEST_STEP][PASSED] - selectOptionByIndex: All options with index in [1] are selected on object 'Object Repository/MOH AND GRN/Page_KDMC - CMS/select_--Select--Adernaline 0.'

2018-05-09 16:02:06 - [MESSAGE][PASSED] - All options with index in [1] are selected on object 'Object Repository/MOH AND GRN/Page_KDMC - CMS/select_--Select--Adernaline 0.'

2018-05-09 16:02:06 - [TEST_STEP][PASSED] - setText: Text '5000' is set on object 'Object Repository/MOH AND GRN/Page_KDMC - CMS/input_txttreat'

2018-05-09 16:02:06 - [MESSAGE][PASSED] - Text '5000' is set on object 'Object Repository/MOH AND GRN/Page_KDMC - CMS/input_txttreat'

2018-05-09 16:02:06 - [TEST_STEP][PASSED] - click: Object: 'Object Repository/MOH AND GRN/Page_KDMC - CMS/button_Add' is clicked on

2018-05-09 16:02:06 - [MESSAGE][PASSED] - Object: 'Object Repository/MOH AND GRN/Page_KDMC - CMS/button_Add' is clicked on

2018-05-09 16:02:06 - [TEST_STEP][PASSED] - selectOptionByIndex: All options with index in [7] are selected on object 'Object Repository/MOH AND GRN/Page_KDMC - CMS/select_--Select--Schedule 1Inj'

2018-05-09 16:02:06 - [MESSAGE][PASSED] - All options with index in [7] are selected on object 'Object Repository/MOH AND GRN/Page_KDMC - CMS/select_--Select--Schedule 1Inj'

2018-05-09 16:02:06 - [TEST_STEP][PASSED] - selectOptionByIndex: All options with index in [2] are selected on object 'Object Repository/MOH AND GRN/Page_KDMC - CMS/select_--Select--Adernaline 0.'

2018-05-09 16:02:06 - [MESSAGE][PASSED] - All options with index in [2] are selected on object 'Object Repository/MOH AND GRN/Page_KDMC - CMS/select_--Select--Adernaline 0.'

2018-05-09 16:02:06 - [TEST_STEP][PASSED] - setText: Text '5000' is set on object 'Object Repository/MOH AND GRN/Page_KDMC - CMS/input_txttreat'

2018-05-09 16:02:07 - [MESSAGE][PASSED] - Text '5000' is set on object 'Object Repository/MOH AND GRN/Page_KDMC - CMS/input_txttreat'

2018-05-09 16:02:07 - [TEST_STEP][PASSED] - click: Object: 'Object Repository/MOH AND GRN/Page_KDMC - CMS/button_Add' is clicked on

2018-05-09 16:02:07 - [MESSAGE][PASSED] - Object: 'Object Repository/MOH AND GRN/Page_KDMC - CMS/button_Add' is clicked on

2018-05-09 16:02:07 - [TEST_STEP][PASSED] - selectOptionByIndex: All options with index in [7] are selected on object 'Object Repository/MOH AND GRN/Page_KDMC - CMS/select_--Select--Schedule 1Inj'

2018-05-09 16:02:07 - [MESSAGE][PASSED] - All options with index in [7] are selected on object 'Object Repository/MOH AND GRN/Page_KDMC - CMS/select_--Select--Schedule 1Inj'

2018-05-09 16:02:07 - [TEST_STEP][PASSED] - selectOptionByIndex: All options with index in [3] are selected on object 'Object Repository/MOH AND GRN/Page_KDMC - CMS/select_--Select--Adernaline 0.'

2018-05-09 16:02:07 - [MESSAGE][PASSED] - All options with index in [3] are selected on object 'Object Repository/MOH AND GRN/Page_KDMC - CMS/select_--Select--Adernaline 0.'

2018-05-09 16:02:07 - [TEST_STEP][PASSED] - setText: Text '5000' is set on object 'Object Repository/MOH AND GRN/Page_KDMC - CMS/input_txttreat'

2018-05-09 16:02:07 - [MESSAGE][PASSED] - Text '5000' is set on object 'Object Repository/MOH AND GRN/Page_KDMC - CMS/input_txttreat'

2018-05-09 16:02:07 - [TEST_STEP][PASSED] - click: Object: 'Object Repository/MOH AND GRN/Page_KDMC - CMS/button_Add' is clicked on

2018-05-09 16:02:07 - [MESSAGE][PASSED] - Object: 'Object Repository/MOH AND GRN/Page_KDMC - CMS/button_Add' is clicked on

2018-05-09 16:02:07 - [TEST_STEP][PASSED] - selectOptionByIndex: All options with index in [7] are selected on object 'Object Repository/MOH AND GRN/Page_KDMC - CMS/select_--Select--Schedule 1Inj'

2018-05-09 16:02:07 - [MESSAGE][PASSED] - All options with index in [7] are selected on object 'Object Repository/MOH AND GRN/Page_KDMC - CMS/select_--Select--Schedule 1Inj'

2018-05-09 16:02:07 - [TEST_STEP][PASSED] - selectOptionByIndex: All options with index in [4] are selected on object 'Object Repository/MOH AND GRN/Page_KDMC - CMS/select_--Select--Adernaline 0.'

2018-05-09 16:02:07 - [MESSAGE][PASSED] - All options with index in [4] are selected on object 'Object Repository/MOH AND GRN/Page_KDMC - CMS/select_--Select--Adernaline 0.'

2018-05-09 16:02:07 - [TEST_STEP][PASSED] - setText: Text '5000' is set on object 'Object Repository/MOH AND GRN/Page_KDMC - CMS/input_txttreat'

2018-05-09 16:02:07 - [MESSAGE][PASSED] - Text '5000' is set on object 'Object Repository/MOH AND GRN/Page_KDMC - CMS/input_txttreat'

2018-05-09 16:02:07 - [TEST_STEP][PASSED] - click: Object: 'Object Repository/MOH AND GRN/Page_KDMC - CMS/button_Add' is clicked on

2018-05-09 16:02:08 - [MESSAGE][PASSED] - Object: 'Object Repository/MOH AND GRN/Page_KDMC - CMS/button_Add' is clicked on

2018-05-09 16:02:08 - [TEST_STEP][PASSED] - selectOptionByIndex: All options with index in [7] are selected on object 'Object Repository/MOH AND GRN/Page_KDMC - CMS/select_--Select--Schedule 1Inj'

2018-05-09 16:02:08 - [MESSAGE][PASSED] - All options with index in [7] are selected on object 'Object Repository/MOH AND GRN/Page_KDMC - CMS/select_--Select--Schedule 1Inj'

2018-05-09 16:02:08 - [TEST_STEP][PASSED] - selectOptionByIndex: All options with index in [5] are selected on object 'Object Repository/MOH AND GRN/Page_KDMC - CMS/select_--Select--Adernaline 0.'

2018-05-09 16:02:08 - [MESSAGE][PASSED] - All options with index in [5] are selected on object 'Object Repository/MOH AND GRN/Page_KDMC - CMS/select_--Select--Adernaline 0.'

2018-05-09 16:02:08 - [TEST_STEP][PASSED] - setText: Text '5000' is set on object 'Object Repository/MOH AND GRN/Page_KDMC - CMS/input_txttreat'

2018-05-09 16:02:08 - [MESSAGE][PASSED] - Text '5000' is set on object 'Object Repository/MOH AND GRN/Page_KDMC - CMS/input_txttreat'

2018-05-09 16:02:08 - [TEST_STEP][PASSED] - click: Object: 'Object Repository/MOH AND GRN/Page_KDMC - CMS/button_Add' is clicked on

2018-05-09 16:02:08 - [MESSAGE][PASSED] - Object: 'Object Repository/MOH AND GRN/Page_KDMC - CMS/button_Add' is clicked on

2018-05-09 16:02:08 - [TEST_STEP][PASSED] - selectOptionByIndex: All options with index in [7] are selected on object 'Object Repository/MOH AND GRN/Page_KDMC - CMS/select_--Select--Schedule 1Inj'

2018-05-09 16:02:08 - [MESSAGE][PASSED] - All options with index in [7] are selected on object 'Object Repository/MOH AND GRN/Page_KDMC - CMS/select_--Select--Schedule 1Inj'

2018-05-09 16:02:08 - [TEST_STEP][PASSED] - selectOptionByIndex: All options with index in [6] are selected on object 'Object Repository/MOH AND GRN/Page_KDMC - CMS/select_--Select--Adernaline 0.'

2018-05-09 16:02:08 - [MESSAGE][PASSED] - All options with index in [6] are selected on object 'Object Repository/MOH AND GRN/Page_KDMC - CMS/select_--Select--Adernaline 0.'

2018-05-09 16:02:08 - [TEST_STEP][PASSED] - setText: Text '5000' is set on object 'Object Repository/MOH AND GRN/Page_KDMC - CMS/input_txttreat'

2018-05-09 16:02:08 - [MESSAGE][PASSED] - Text '5000' is set on object 'Object Repository/MOH AND GRN/Page_KDMC - CMS/input_txttreat'

2018-05-09 16:02:08 - [TEST_STEP][PASSED] - click: Object: 'Object Repository/MOH AND GRN/Page_KDMC - CMS/button_Add' is clicked on

2018-05-09 16:02:08 - [MESSAGE][PASSED] - Object: 'Object Repository/MOH AND GRN/Page_KDMC - CMS/button_Add' is clicked on

2018-05-09 16:02:08 - [TEST_STEP][PASSED] - selectOptionByIndex: All options with index in [7] are selected on object 'Object Repository/MOH AND GRN/Page_KDMC - CMS/select_--Select--Schedule 1Inj'

2018-05-09 16:02:09 - [MESSAGE][PASSED] - All options with index in [7] are selected on object 'Object Repository/MOH AND GRN/Page_KDMC - CMS/select_--Select--Schedule 1Inj'

2018-05-09 16:02:09 - [TEST_STEP][PASSED] - selectOptionByIndex: All options with index in [7] are selected on object 'Object Repository/MOH AND GRN/Page_KDMC - CMS/select_--Select--Adernaline 0.'

2018-05-09 16:02:09 - [MESSAGE][PASSED] - All options with index in [7] are selected on object 'Object Repository/MOH AND GRN/Page_KDMC - CMS/select_--Select--Adernaline 0.'

2018-05-09 16:02:09 - [TEST_STEP][PASSED] - setText: Text '5000' is set on object 'Object Repository/MOH AND GRN/Page_KDMC - CMS/input_txttreat'

2018-05-09 16:02:09 - [MESSAGE][PASSED] - Text '5000' is set on object 'Object Repository/MOH AND GRN/Page_KDMC - CMS/input_txttreat'

2018-05-09 16:02:09 - [TEST_STEP][PASSED] - click: Object: 'Object Repository/MOH AND GRN/Page_KDMC - CMS/button_Add' is clicked on

2018-05-09 16:02:09 - [MESSAGE][PASSED] - Object: 'Object Repository/MOH AND GRN/Page_KDMC - CMS/button_Add' is clicked on

2018-05-09 16:02:09 - [TEST_STEP][PASSED] - selectOptionByIndex: All options with index in [7] are selected on object 'Object Repository/MOH AND GRN/Page_KDMC - CMS/select_--Select--Schedule 1Inj'

2018-05-09 16:02:09 - [MESSAGE][PASSED] - All options with index in [7] are selected on object 'Object Repository/MOH AND GRN/Page_KDMC - CMS/select_--Select--Schedule 1Inj'

2018-05-09 16:02:09 - [TEST_STEP][PASSED] - selectOptionByIndex: All options with index in [8] are selected on object 'Object Repository/MOH AND GRN/Page_KDMC - CMS/select_--Select--Adernaline 0.'

2018-05-09 16:02:09 - [MESSAGE][PASSED] - All options with index in [8] are selected on object 'Object Repository/MOH AND GRN/Page_KDMC - CMS/select_--Select--Adernaline 0.'

2018-05-09 16:02:09 - [TEST_STEP][PASSED] - setText: Text '5000' is set on object 'Object Repository/MOH AND GRN/Page_KDMC - CMS/input_txttreat'

2018-05-09 16:02:09 - [MESSAGE][PASSED] - Text '5000' is set on object 'Object Repository/MOH AND GRN/Page_KDMC - CMS/input_txttreat'

2018-05-09 16:02:09 - [TEST_STEP][PASSED] - click: Object: 'Object Repository/MOH AND GRN/Page_KDMC - CMS/button_Add' is clicked on

2018-05-09 16:02:09 - [MESSAGE][PASSED] - Object: 'Object Repository/MOH AND GRN/Page_KDMC - CMS/button_Add' is clicked on

2018-05-09 16:02:09 - [TEST_STEP][PASSED] - selectOptionByIndex: All options with index in [7] are selected on object 'Object Repository/MOH AND GRN/Page_KDMC - CMS/select_--Select--Schedule 1Inj'

2018-05-09 16:02:10 - [MESSAGE][PASSED] - All options with index in [7] are selected on object 'Object Repository/MOH AND GRN/Page_KDMC - CMS/select_--Select--Schedule 1Inj'

2018-05-09 16:02:10 - [TEST_STEP][PASSED] - selectOptionByIndex: All options with index in [9] are selected on object 'Object Repository/MOH AND GRN/Page_KDMC - CMS/select_--Select--Adernaline 0.'

2018-05-09 16:02:10 - [MESSAGE][PASSED] - All options with index in [9] are selected on object 'Object Repository/MOH AND GRN/Page_KDMC - CMS/select_--Select--Adernaline 0.'

2018-05-09 16:02:10 - [TEST_STEP][PASSED] - setText: Text '5000' is set on object 'Object Repository/MOH AND GRN/Page_KDMC - CMS/input_txttreat'

2018-05-09 16:02:10 - [MESSAGE][PASSED] - Text '5000' is set on object 'Object Repository/MOH AND GRN/Page_KDMC - CMS/input_txttreat'

2018-05-09 16:02:10 - [TEST_STEP][PASSED] - click: Object: 'Object Repository/MOH AND GRN/Page_KDMC - CMS/button_Add' is clicked on

2018-05-09 16:02:10 - [MESSAGE][PASSED] - Object: 'Object Repository/MOH AND GRN/Page_KDMC - CMS/button_Add' is clicked on

2018-05-09 16:02:10 - [TEST_STEP][PASSED] - selectOptionByIndex: All options with index in [7] are selected on object 'Object Repository/MOH AND GRN/Page_KDMC - CMS/select_--Select--Schedule 1Inj'

2018-05-09 16:02:10 - [MESSAGE][PASSED] - All options with index in [7] are selected on object 'Object Repository/MOH AND GRN/Page_KDMC - CMS/select_--Select--Schedule 1Inj'

2018-05-09 16:02:10 - [TEST_STEP][PASSED] - selectOptionByIndex: All options with index in [10] are selected on object 'Object Repository/MOH AND GRN/Page_KDMC - CMS/select_--Select--Adernaline 0.'

2018-05-09 16:02:10 - [MESSAGE][PASSED] - All options with index in [10] are selected on object 'Object Repository/MOH AND GRN/Page_KDMC - CMS/select_--Select--Adernaline 0.'

2018-05-09 16:02:10 - [TEST_STEP][PASSED] - setText: Text '5000' is set on object 'Object Repository/MOH AND GRN/Page_KDMC - CMS/input_txttreat'

2018-05-09 16:02:10 - [MESSAGE][PASSED] - Text '5000' is set on object 'Object Repository/MOH AND GRN/Page_KDMC - CMS/input_txttreat'

2018-05-09 16:02:10 - [TEST_STEP][PASSED] - click: Object: 'Object Repository/MOH AND GRN/Page_KDMC - CMS/button_Add' is clicked on

2018-05-09 16:02:10 - [MESSAGE][PASSED] - Object: 'Object Repository/MOH AND GRN/Page_KDMC - CMS/button_Add' is clicked on

2018-05-09 16:02:10 - [TEST_STEP][PASSED] - selectOptionByIndex: All options with index in [7] are selected on object 'Object Repository/MOH AND GRN/Page_KDMC - CMS/select_--Select--Schedule 1Inj'

2018-05-09 16:02:11 - [MESSAGE][PASSED] - All options with index in [7] are selected on object 'Object Repository/MOH AND GRN/Page_KDMC - CMS/select_--Select--Schedule 1Inj'

2018-05-09 16:02:11 - [TEST_STEP][PASSED] - selectOptionByIndex: All options with index in [11] are selected on object 'Object Repository/MOH AND GRN/Page_KDMC - CMS/select_--Select--Adernaline 0.'

2018-05-09 16:02:11 - [MESSAGE][PASSED] - All options with index in [11] are selected on object 'Object Repository/MOH AND GRN/Page_KDMC - CMS/select_--Select--Adernaline 0.'

2018-05-09 16:02:11 - [TEST_STEP][PASSED] - setText: Text '5000' is set on object 'Object Repository/MOH AND GRN/Page_KDMC - CMS/input_txttreat'

2018-05-09 16:02:11 - [MESSAGE][PASSED] - Text '5000' is set on object 'Object Repository/MOH AND GRN/Page_KDMC - CMS/input_txttreat'

2018-05-09 16:02:11 - [TEST_STEP][PASSED] - click: Object: 'Object Repository/MOH AND GRN/Page_KDMC - CMS/button_Add' is clicked on

2018-05-09 16:02:11 - [MESSAGE][PASSED] - Object: 'Object Repository/MOH AND GRN/Page_KDMC - CMS/button_Add' is clicked on

2018-05-09 16:02:11 - [TEST_STEP][PASSED] - selectOptionByIndex: All options with index in [7] are selected on object 'Object Repository/MOH AND GRN/Page_KDMC - CMS/select_--Select--Schedule 1Inj'

2018-05-09 16:02:11 - [MESSAGE][PASSED] - All options with index in [7] are selected on object 'Object Repository/MOH AND GRN/Page_KDMC - CMS/select_--Select--Schedule 1Inj'

2018-05-09 16:02:11 - [TEST_STEP][PASSED] - selectOptionByIndex: All options with index in [12] are selected on object 'Object Repository/MOH AND GRN/Page_KDMC - CMS/select_--Select--Adernaline 0.'

2018-05-09 16:02:11 - [MESSAGE][PASSED] - All options with index in [12] are selected on object 'Object Repository/MOH AND GRN/Page_KDMC - CMS/select_--Select--Adernaline 0.'

2018-05-09 16:02:11 - [TEST_STEP][PASSED] - setText: Text '5000' is set on object 'Object Repository/MOH AND GRN/Page_KDMC - CMS/input_txttreat'

2018-05-09 16:02:11 - [MESSAGE][PASSED] - Text '5000' is set on object 'Object Repository/MOH AND GRN/Page_KDMC - CMS/input_txttreat'

2018-05-09 16:02:11 - [TEST_STEP][PASSED] - click: Object: 'Object Repository/MOH AND GRN/Page_KDMC - CMS/button_Add' is clicked on

2018-05-09 16:02:11 - [MESSAGE][PASSED] - Object: 'Object Repository/MOH AND GRN/Page_KDMC - CMS/button_Add' is clicked on

2018-05-09 16:02:11 - [TEST_STEP][PASSED] - selectOptionByIndex: All options with index in [7] are selected on object 'Object Repository/MOH AND GRN/Page_KDMC - CMS/select_--Select--Schedule 1Inj'

2018-05-09 16:02:12 - [MESSAGE][PASSED] - All options with index in [7] are selected on object 'Object Repository/MOH AND GRN/Page_KDMC - CMS/select_--Select--Schedule 1Inj'

2018-05-09 16:02:12 - [TEST_STEP][PASSED] - selectOptionByIndex: All options with index in [13] are selected on object 'Object Repository/MOH AND GRN/Page_KDMC - CMS/select_--Select--Adernaline 0.'

2018-05-09 16:02:12 - [MESSAGE][PASSED] - All options with index in [13] are selected on object 'Object Repository/MOH AND GRN/Page_KDMC - CMS/select_--Select--Adernaline 0.'

2018-05-09 16:02:12 - [TEST_STEP][PASSED] - setText: Text '5000' is set on object 'Object Repository/MOH AND GRN/Page_KDMC - CMS/input_txttreat'

2018-05-09 16:02:12 - [MESSAGE][PASSED] - Text '5000' is set on object 'Object Repository/MOH AND GRN/Page_KDMC - CMS/input_txttreat'

2018-05-09 16:02:12 - [TEST_STEP][PASSED] - click: Object: 'Object Repository/MOH AND GRN/Page_KDMC - CMS/button_Add' is clicked on

2018-05-09 16:02:12 - [MESSAGE][PASSED] - Object: 'Object Repository/MOH AND GRN/Page_KDMC - CMS/button_Add' is clicked on

2018-05-09 16:02:12 - [TEST_STEP][PASSED] - selectOptionByIndex: All options with index in [7] are selected on object 'Object Repository/MOH AND GRN/Page_KDMC - CMS/select_--Select--Schedule 1Inj'

2018-05-09 16:02:12 - [MESSAGE][PASSED] - All options with index in [7] are selected on object 'Object Repository/MOH AND GRN/Page_KDMC - CMS/select_--Select--Schedule 1Inj'

2018-05-09 16:02:12 - [TEST_STEP][PASSED] - selectOptionByIndex: All options with index in [14] are selected on object 'Object Repository/MOH AND GRN/Page_KDMC - CMS/select_--Select--Adernaline 0.'

2018-05-09 16:02:12 - [MESSAGE][PASSED] - All options with index in [14] are selected on object 'Object Repository/MOH AND GRN/Page_KDMC - CMS/select_--Select--Adernaline 0.'

2018-05-09 16:02:12 - [TEST_STEP][PASSED] - setText: Text '5000' is set on object 'Object Repository/MOH AND GRN/Page_KDMC - CMS/input_txttreat'

2018-05-09 16:02:12 - [MESSAGE][PASSED] - Text '5000' is set on object 'Object Repository/MOH AND GRN/Page_KDMC - CMS/input_txttreat'

2018-05-09 16:02:12 - [TEST_STEP][PASSED] - click: Object: 'Object Repository/MOH AND GRN/Page_KDMC - CMS/button_Add' is clicked on

2018-05-09 16:02:13 - [MESSAGE][PASSED] - Object: 'Object Repository/MOH AND GRN/Page_KDMC - CMS/button_Add' is clicked on

2018-05-09 16:02:13 - [TEST_STEP][PASSED] - selectOptionByIndex: All options with index in [7] are selected on object 'Object Repository/MOH AND GRN/Page_KDMC - CMS/select_--Select--Schedule 1Inj'

2018-05-09 16:02:13 - [MESSAGE][PASSED] - All options with index in [7] are selected on object 'Object Repository/MOH AND GRN/Page_KDMC - CMS/select_--Select--Schedule 1Inj'

2018-05-09 16:02:13 - [TEST_STEP][PASSED] - selectOptionByIndex: All options with index in [15] are selected on object 'Object Repository/MOH AND GRN/Page_KDMC - CMS/select_--Select--Adernaline 0.'

2018-05-09 16:02:13 - [MESSAGE][PASSED] - All options with index in [15] are selected on object 'Object Repository/MOH AND GRN/Page_KDMC - CMS/select_--Select--Adernaline 0.'

2018-05-09 16:02:13 - [TEST_STEP][PASSED] - setText: Text '5000' is set on object 'Object Repository/MOH AND GRN/Page_KDMC - CMS/input_txttreat'

2018-05-09 16:02:13 - [MESSAGE][PASSED] - Text '5000' is set on object 'Object Repository/MOH AND GRN/Page_KDMC - CMS/input_txttreat'

2018-05-09 16:02:13 - [TEST_STEP][PASSED] - click: Object: 'Object Repository/MOH AND GRN/Page_KDMC - CMS/button_Add' is clicked on

2018-05-09 16:02:13 - [MESSAGE][PASSED] - Object: 'Object Repository/MOH AND GRN/Page_KDMC - CMS/button_Add' is clicked on

2018-05-09 16:02:13 - [TEST_STEP][PASSED] - selectOptionByIndex: All options with index in [7] are selected on object 'Object Repository/MOH AND GRN/Page_KDMC - CMS/select_--Select--Schedule 1Inj'

2018-05-09 16:02:13 - [MESSAGE][PASSED] - All options with index in [7] are selected on object 'Object Repository/MOH AND GRN/Page_KDMC - CMS/select_--Select--Schedule 1Inj'

2018-05-09 16:02:13 - [TEST_STEP][PASSED] - selectOptionByIndex: All options with index in [16] are selected on object 'Object Repository/MOH AND GRN/Page_KDMC - CMS/select_--Select--Adernaline 0.'

2018-05-09 16:02:14 - [MESSAGE][PASSED] - All options with index in [16] are selected on object 'Object Repository/MOH AND GRN/Page_KDMC - CMS/select_--Select--Adernaline 0.'

2018-05-09 16:02:14 - [TEST_STEP][PASSED] - setText: Text '5000' is set on object 'Object Repository/MOH AND GRN/Page_KDMC - CMS/input_txttreat'

2018-05-09 16:02:14 - [MESSAGE][PASSED] - Text '5000' is set on object 'Object Repository/MOH AND GRN/Page_KDMC - CMS/input_txttreat'

2018-05-09 16:02:14 - [TEST_STEP][PASSED] - click: Object: 'Object Repository/MOH AND GRN/Page_KDMC - CMS/button_Add' is clicked on

2018-05-09 16:02:14 - [MESSAGE][PASSED] - Object: 'Object Repository/MOH AND GRN/Page_KDMC - CMS/button_Add' is clicked on

2018-05-09 16:02:14 - [TEST_STEP][PASSED] - selectOptionByIndex: All options with index in [7] are selected on object 'Object Repository/MOH AND GRN/Page_KDMC - CMS/select_--Select--Schedule 1Inj'

2018-05-09 16:02:14 - [MESSAGE][PASSED] - All options with index in [7] are selected on object 'Object Repository/MOH AND GRN/Page_KDMC - CMS/select_--Select--Schedule 1Inj'

2018-05-09 16:02:14 - [TEST_STEP][PASSED] - selectOptionByIndex: All options with index in [17] are selected on object 'Object Repository/MOH AND GRN/Page_KDMC - CMS/select_--Select--Adernaline 0.'

2018-05-09 16:02:14 - [MESSAGE][PASSED] - All options with index in [17] are selected on object 'Object Repository/MOH AND GRN/Page_KDMC - CMS/select_--Select--Adernaline 0.'

2018-05-09 16:02:14 - [TEST_STEP][PASSED] - setText: Text '5000' is set on object 'Object Repository/MOH AND GRN/Page_KDMC - CMS/input_txttreat'

2018-05-09 16:02:14 - [MESSAGE][PASSED] - Text '5000' is set on object 'Object Repository/MOH AND GRN/Page_KDMC - CMS/input_txttreat'

2018-05-09 16:02:14 - [TEST_STEP][PASSED] - click: Object: 'Object Repository/MOH AND GRN/Page_KDMC - CMS/button_Add' is clicked on

2018-05-09 16:02:14 - [MESSAGE][PASSED] - Object: 'Object Repository/MOH AND GRN/Page_KDMC - CMS/button_Add' is clicked on

2018-05-09 16:02:14 - [TEST_STEP][PASSED] - selectOptionByIndex: All options with index in [7] are selected on object 'Object Repository/MOH AND GRN/Page_KDMC - CMS/select_--Select--Schedule 1Inj'

2018-05-09 16:02:14 - [MESSAGE][PASSED] - All options with index in [7] are selected on object 'Object Repository/MOH AND GRN/Page_KDMC - CMS/select_--Select--Schedule 1Inj'

2018-05-09 16:02:14 - [TEST_STEP][PASSED] - selectOptionByIndex: All options with index in [18] are selected on object 'Object Repository/MOH AND GRN/Page_KDMC - CMS/select_--Select--Adernaline 0.'

2018-05-09 16:02:15 - [MESSAGE][PASSED] - All options with index in [18] are selected on object 'Object Repository/MOH AND GRN/Page_KDMC - CMS/select_--Select--Adernaline 0.'

2018-05-09 16:02:15 - [TEST_STEP][PASSED] - setText: Text '5000' is set on object 'Object Repository/MOH AND GRN/Page_KDMC - CMS/input_txttreat'

2018-05-09 16:02:15 - [MESSAGE][PASSED] - Text '5000' is set on object 'Object Repository/MOH AND GRN/Page_KDMC - CMS/input_txttreat'

2018-05-09 16:02:15 - [TEST_STEP][PASSED] - click: Object: 'Object Repository/MOH AND GRN/Page_KDMC - CMS/button_Add' is clicked on

2018-05-09 16:02:15 - [MESSAGE][PASSED] - Object: 'Object Repository/MOH AND GRN/Page_KDMC - CMS/button_Add' is clicked on

2018-05-09 16:02:15 - [TEST_STEP][PASSED] - selectOptionByIndex: All options with index in [7] are selected on object 'Object Repository/MOH AND GRN/Page_KDMC - CMS/select_--Select--Schedule 1Inj'

2018-05-09 16:02:15 - [MESSAGE][PASSED] - All options with index in [7] are selected on object 'Object Repository/MOH AND GRN/Page_KDMC - CMS/select_--Select--Schedule 1Inj'

2018-05-09 16:02:15 - [TEST_STEP][PASSED] - selectOptionByIndex: All options with index in [19] are selected on object 'Object Repository/MOH AND GRN/Page_KDMC - CMS/select_--Select--Adernaline 0.'

2018-05-09 16:02:15 - [MESSAGE][PASSED] - All options with index in [19] are selected on object 'Object Repository/MOH AND GRN/Page_KDMC - CMS/select_--Select--Adernaline 0.'

2018-05-09 16:02:15 - [TEST_STEP][PASSED] - setText: Text '5000' is set on object 'Object Repository/MOH AND GRN/Page_KDMC - CMS/input_txttreat'

2018-05-09 16:02:15 - [MESSAGE][PASSED] - Text '5000' is set on object 'Object Repository/MOH AND GRN/Page_KDMC - CMS/input_txttreat'

2018-05-09 16:02:15 - [TEST_STEP][PASSED] - click: Object: 'Object Repository/MOH AND GRN/Page_KDMC - CMS/button_Add' is clicked on

2018-05-09 16:02:15 - [MESSAGE][PASSED] - Object: 'Object Repository/MOH AND GRN/Page_KDMC - CMS/button_Add' is clicked on

2018-05-09 16:02:15 - [TEST_STEP][PASSED] - selectOptionByIndex: All options with index in [7] are selected on object 'Object Repository/MOH AND GRN/Page_KDMC - CMS/select_--Select--Schedule 1Inj'

2018-05-09 16:02:16 - [MESSAGE][PASSED] - All options with index in [7] are selected on object 'Object Repository/MOH AND GRN/Page_KDMC - CMS/select_--Select--Schedule 1Inj'

2018-05-09 16:02:16 - [TEST_STEP][PASSED] - selectOptionByIndex: All options with index in [20] are selected on object 'Object Repository/MOH AND GRN/Page_KDMC - CMS/select_--Select--Adernaline 0.'

2018-05-09 16:02:16 - [MESSAGE][PASSED] - All options with index in [20] are selected on object 'Object Repository/MOH AND GRN/Page_KDMC - CMS/select_--Select--Adernaline 0.'

2018-05-09 16:02:16 - [TEST_STEP][PASSED] - setText: Text '5000' is set on object 'Object Repository/MOH AND GRN/Page_KDMC - CMS/input_txttreat'

2018-05-09 16:02:16 - [MESSAGE][PASSED] - Text '5000' is set on object 'Object Repository/MOH AND GRN/Page_KDMC - CMS/input_txttreat'

2018-05-09 16:02:16 - [TEST_STEP][PASSED] - click: Object: 'Object Repository/MOH AND GRN/Page_KDMC - CMS/button_Add' is clicked on

2018-05-09 16:02:16 - [MESSAGE][PASSED] - Object: 'Object Repository/MOH AND GRN/Page_KDMC - CMS/button_Add' is clicked on

2018-05-09 16:02:16 - [TEST_STEP][PASSED] - selectOptionByIndex: All options with index in [7] are selected on object 'Object Repository/MOH AND GRN/Page_KDMC - CMS/select_--Select--Schedule 1Inj'

2018-05-09 16:02:16 - [MESSAGE][PASSED] - All options with index in [7] are selected on object 'Object Repository/MOH AND GRN/Page_KDMC - CMS/select_--Select--Schedule 1Inj'

2018-05-09 16:02:16 - [TEST_STEP][PASSED] - selectOptionByIndex: All options with index in [21] are selected on object 'Object Repository/MOH AND GRN/Page_KDMC - CMS/select_--Select--Adernaline 0.'

2018-05-09 16:02:17 - [MESSAGE][PASSED] - All options with index in [21] are selected on object 'Object Repository/MOH AND GRN/Page_KDMC - CMS/select_--Select--Adernaline 0.'

2018-05-09 16:02:17 - [TEST_STEP][PASSED] - setText: Text '5000' is set on object 'Object Repository/MOH AND GRN/Page_KDMC - CMS/input_txttreat'

2018-05-09 16:02:17 - [MESSAGE][PASSED] - Text '5000' is set on object 'Object Repository/MOH AND GRN/Page_KDMC - CMS/input_txttreat'

2018-05-09 16:02:17 - [TEST_STEP][PASSED] - click: Object: 'Object Repository/MOH AND GRN/Page_KDMC - CMS/button_Add' is clicked on

2018-05-09 16:02:17 - [MESSAGE][PASSED] - Object: 'Object Repository/MOH AND GRN/Page_KDMC - CMS/button_Add' is clicked on

2018-05-09 16:02:17 - [TEST_STEP][PASSED] - selectOptionByIndex: All options with index in [7] are selected on object 'Object Repository/MOH AND GRN/Page_KDMC - CMS/select_--Select--Schedule 1Inj'

2018-05-09 16:02:17 - [MESSAGE][PASSED] - All options with index in [7] are selected on object 'Object Repository/MOH AND GRN/Page_KDMC - CMS/select_--Select--Schedule 1Inj'

2018-05-09 16:02:17 - [TEST_STEP][PASSED] - selectOptionByIndex: All options with index in [22] are selected on object 'Object Repository/MOH AND GRN/Page_KDMC - CMS/select_--Select--Adernaline 0.'

2018-05-09 16:02:17 - [MESSAGE][PASSED] - All options with index in [22] are selected on object 'Object Repository/MOH AND GRN/Page_KDMC - CMS/select_--Select--Adernaline 0.'

2018-05-09 16:02:17 - [TEST_STEP][PASSED] - setText: Text '5000' is set on object 'Object Repository/MOH AND GRN/Page_KDMC - CMS/input_txttreat'

2018-05-09 16:02:17 - [MESSAGE][PASSED] - Text '5000' is set on object 'Object Repository/MOH AND GRN/Page_KDMC - CMS/input_txttreat'

2018-05-09 16:02:17 - [TEST_STEP][PASSED] - click: Object: 'Object Repository/MOH AND GRN/Page_KDMC - CMS/button_Add' is clicked on

2018-05-09 16:02:17 - [MESSAGE][PASSED] - Object: 'Object Repository/MOH AND GRN/Page_KDMC - CMS/button_Add' is clicked on

2018-05-09 16:02:17 - [TEST_STEP][PASSED] - selectOptionByIndex: All options with index in [7] are selected on object 'Object Repository/MOH AND GRN/Page_KDMC - CMS/select_--Select--Schedule 1Inj'

2018-05-09 16:02:17 - [MESSAGE][PASSED] - All options with index in [7] are selected on object 'Object Repository/MOH AND GRN/Page_KDMC - CMS/select_--Select--Schedule 1Inj'

2018-05-09 16:02:17 - [TEST_STEP][PASSED] - selectOptionByIndex: All options with index in [23] are selected on object 'Object Repository/MOH AND GRN/Page_KDMC - CMS/select_--Select--Adernaline 0.'

2018-05-09 16:02:18 - [MESSAGE][PASSED] - All options with index in [23] are selected on object 'Object Repository/MOH AND GRN/Page_KDMC - CMS/select_--Select--Adernaline 0.'

2018-05-09 16:02:18 - [TEST_STEP][PASSED] - setText: Text '5000' is set on object 'Object Repository/MOH AND GRN/Page_KDMC - CMS/input_txttreat'

2018-05-09 16:02:18 - [MESSAGE][PASSED] - Text '5000' is set on object 'Object Repository/MOH AND GRN/Page_KDMC - CMS/input_txttreat'

2018-05-09 16:02:18 - [TEST_STEP][PASSED] - click: Object: 'Object Repository/MOH AND GRN/Page_KDMC - CMS/button_Add' is clicked on

2018-05-09 16:02:18 - [MESSAGE][PASSED] - Object: 'Object Repository/MOH AND GRN/Page_KDMC - CMS/button_Add' is clicked on

2018-05-09 16:02:18 - [TEST_STEP][PASSED] - scrollToElement: Scroll to object 'Object Repository/MOH AND GRN/Page_KDMC - CMS/input_btnsave' successfully

2018-05-09 16:02:18 - [MESSAGE][PASSED] - Scroll to object 'Object Repository/MOH AND GRN/Page_KDMC - CMS/input_btnsave' successfully

2018-05-09 16:02:18 - [TEST_STEP][PASSED] - click: Object: 'Object Repository/MOH AND GRN/Page_KDMC - CMS/input_btnsave' is clicked on

2018-05-09 16:02:18 - [MESSAGE][PASSED] - Object: 'Object Repository/MOH AND GRN/Page_KDMC - CMS/input_btnsave' is clicked on

2018-05-09 16:02:18 - [TEST_STEP][PASSED] - delay: Delayed 3 second(s)

2018-05-09 16:02:21 - [MESSAGE][PASSED] - Delayed 3 second(s)

2018-05-09 16:02:21 - [TEST_STEP][PASSED] - Statement - Request1 = com.kms.katalon.core.webui.keyword.WebUiBuiltInKeywords.getText(com.kms.katalon.core.testobject.ObjectRepository.findTestObject(MOH AND GRN/Page_KDMC - CMS/font_PRNO0505201876)): Text of object 'Object Repository/MOH AND GRN/Page_KDMC - CMS/font_PRNO0505201876' is: 'PRNO/09052018/188'

2018-05-09 16:02:21 - [MESSAGE][PASSED] - Text of object 'Object Repository/MOH AND GRN/Page_KDMC - CMS/font_PRNO0505201876' is: 'PRNO/09052018/188'

2018-05-09 16:02:21 - [TEST_STEP][PASSED] - Statement - out.println("Length OF The Medicine " + Request1): null

2018-05-09 16:02:21 - [TEST_STEP][PASSED] - Statement - RequestNUmber = Request1.split("/")[2].trim(): null

2018-05-09 16:02:21 - [TEST_STEP][PASSED] - Statement - out.println("ID IS " + RequestNUmber): null

2018-05-09 16:02:21 - [TEST_STEP][PASSED] - delay: Delayed 3 second(s)

2018-05-09 16:02:24 - [MESSAGE][PASSED] - Delayed 3 second(s)

2018-05-09 16:02:24 - [TEST_STEP][PASSED] - click: Object: 'Object Repository/MOH AND GRN/Page_KDMC - CMS/button_OK' is clicked on

2018-05-09 16:02:25 - [MESSAGE][PASSED] - Object: 'Object Repository/MOH AND GRN/Page_KDMC - CMS/button_OK' is clicked on

2018-05-09 16:02:25 - [TEST_STEP][PASSED] - click: Object: 'Object Repository/MOH AND GRN/Page_KDMC - CMS/a_dropdown-toggle' is clicked on

2018-05-09 16:02:26 - [MESSAGE][PASSED] - Object: 'Object Repository/MOH AND GRN/Page_KDMC - CMS/a_dropdown-toggle' is clicked on

2018-05-09 16:02:26 - [TEST_STEP][PASSED] - click: Object: 'Object Repository/MOH AND GRN/Page_KDMC - CMS/a_Sign out' is clicked on

2018-05-09 16:02:26 - [MESSAGE][PASSED] - Object: 'Object Repository/MOH AND GRN/Page_KDMC - CMS/a_Sign out' is clicked on

2018-05-09 16:02:26 - [TEST_STEP][PASSED] - delay: Delayed 4 second(s)

2018-05-09 16:02:30 - [MESSAGE][PASSED] - Delayed 4 second(s)

2018-05-09 16:02:30 - [TEST_STEP][PASSED] - click: Object: 'Object Repository/MOH AND GRN/Page_KDMC/a_Admin Master' is clicked on

2018-05-09 16:02:31 - [MESSAGE][PASSED] - Object: 'Object Repository/MOH AND GRN/Page_KDMC/a_Admin Master' is clicked on

2018-05-09 16:02:31 - [TEST_STEP][PASSED] - setText: Text 'admin' is set on object 'Object Repository/MOH AND GRN/Page_Admin login/input_txtusername'

2018-05-09 16:02:31 - [MESSAGE][PASSED] - Text 'admin' is set on object 'Object Repository/MOH AND GRN/Page_Admin login/input_txtusername'

2018-05-09 16:02:31 - [TEST_STEP][PASSED] - setText: Text 'admin123' is set on object 'Object Repository/MOH AND GRN/Page_Admin login/input_txtpassword'

2018-05-09 16:02:31 - [MESSAGE][PASSED] - Text 'admin123' is set on object 'Object Repository/MOH AND GRN/Page_Admin login/input_txtpassword'

2018-05-09 16:02:31 - [TEST_STEP][PASSED] - delay: Delayed 3 second(s)

2018-05-09 16:02:34 - [MESSAGE][PASSED] - Delayed 3 second(s)

2018-05-09 16:02:34 - [TEST_STEP][PASSED] - click: Object: 'Object Repository/MOH AND GRN/Page_Admin login/button_Sign in' is clicked on

2018-05-09 16:02:36 - [MESSAGE][PASSED] - Object: 'Object Repository/MOH AND GRN/Page_Admin login/button_Sign in' is clicked on

2018-05-09 16:02:36 - [TEST_STEP][PASSED] - delay: Delayed 20 second(s)

2018-05-09 16:02:56 - [MESSAGE][PASSED] - Delayed 20 second(s)

2018-05-09 16:02:56 - [TEST_STEP][PASSED] - scrollToPosition: Browser is scrolled to position x = 200, y = 200

2018-05-09 16:02:56 - [MESSAGE][PASSED] - Browser is scrolled to position x = 200, y = 200

2018-05-09 16:02:56 - [TEST_STEP][PASSED] - click: Object: 'Object Repository/MOH AND GRN/Page_KDMC/a_CMS_1' is clicked on

2018-05-09 16:02:56 - [MESSAGE][PASSED] - Object: 'Object Repository/MOH AND GRN/Page_KDMC/a_CMS_1' is clicked on

2018-05-09 16:02:56 - [TEST_STEP][PASSED] - click: Object: 'Object Repository/MOH AND GRN/Page_KDMC/a_Request List' is clicked on

2018-05-09 16:02:58 - [MESSAGE][PASSED] - Object: 'Object Repository/MOH AND GRN/Page_KDMC/a_Request List' is clicked on

2018-05-09 16:02:58 - [TEST_STEP][PASSED] - Statement - RequestNumberId = com.kms.katalon.core.webui.keyword.WebUiBuiltInKeywords.modifyObjectProperty(com.kms.katalon.core.testobject.ObjectRepository.findTestObject(MOH AND GRN/Page_KDMC - CMS/input_PO0032), "xpath", "equals", "//*[@id =" + RequestNUmber + "]", true): Modify property of object successfully

2018-05-09 16:02:58 - [MESSAGE][PASSED] - Modify property of object successfully

2018-05-09 16:02:58 - [TEST_STEP][PASSED] - click: Object: 'Object Repository/MOH AND GRN/Page_KDMC - CMS/input_PO0032' is clicked on

2018-05-09 16:02:58 - [MESSAGE][PASSED] - Object: 'Object Repository/MOH AND GRN/Page_KDMC - CMS/input_PO0032' is clicked on

2018-05-09 16:02:58 - [TEST_STEP][PASSED] - delay: Delayed 3 second(s)

2018-05-09 16:03:01 - [MESSAGE][PASSED] - Delayed 3 second(s)

2018-05-09 16:03:01 - [TEST_STEP][PASSED] - selectOptionByIndex: All options with index in [1] are selected on object 'Object Repository/MOH AND GRN/Page_KDMC/select_--Select--'

2018-05-09 16:03:01 - [MESSAGE][PASSED] - All options with index in [1] are selected on object 'Object Repository/MOH AND GRN/Page_KDMC/select_--Select--'

2018-05-09 16:03:01 - [TEST_STEP][PASSED] - click: Object: 'Object Repository/MOH AND GRN/Page_KDMC/input_btnupdate' is clicked on

2018-05-09 16:03:01 - [MESSAGE][PASSED] - Object: 'Object Repository/MOH AND GRN/Page_KDMC/input_btnupdate' is clicked on

2018-05-09 16:03:01 - [TEST_STEP][PASSED] - delay: Delayed 3 second(s)

2018-05-09 16:03:04 - [MESSAGE][PASSED] - Delayed 3 second(s)

2018-05-09 16:03:04 - [TEST_STEP][PASSED] - click: Object: 'Object Repository/MOH AND GRN/Page_KDMC/button_OK' is clicked on

2018-05-09 16:03:05 - [MESSAGE][PASSED] - Object: 'Object Repository/MOH AND GRN/Page_KDMC/button_OK' is clicked on

2018-05-09 16:03:05 - [TEST_STEP][PASSED] - delay: Delayed 3 second(s)

2018-05-09 16:03:08 - [MESSAGE][PASSED] - Delayed 3 second(s)

2018-05-09 16:03:08 - [TEST_STEP][PASSED] - scrollToPosition: Browser is scrolled to position x = 200, y = 200

2018-05-09 16:03:08 - [MESSAGE][PASSED] - Browser is scrolled to position x = 200, y = 200

2018-05-09 16:03:08 - [TEST_STEP][PASSED] - click: Object: 'Object Repository/MOH AND GRN/Page_KDMC/a_CMS_2' is clicked on

2018-05-09 16:03:13 - [MESSAGE][PASSED] - Object: 'Object Repository/MOH AND GRN/Page_KDMC/a_CMS_2' is clicked on

2018-05-09 16:03:13 - [TEST_STEP][PASSED] - delay: Delayed 2 second(s)

2018-05-09 16:03:15 - [MESSAGE][PASSED] - Delayed 2 second(s)

2018-05-09 16:03:15 - [TEST_STEP][FAILED] - click: Unable to click on object 'Object Repository/MOH AND GRN/Page_KDMC/a_Generate P.O' (Root cause: com.kms.katalon.core.webui.exception.WebElementNotFoundException: Web element with id: 'Object Repository/MOH AND GRN/Page_KDMC/a_Generate P.O' located by 'By.xpath: /html[1]/body[@class="skin-blue  pace-done"]/div[@class="row"]/div[@class="col-md-12"]/div[@class="wrapper row-offcanvas row-offcanvas-left"]/aside[@class="left-side sidebar-offcanvas"]/section[@class="sidebar"]/ul[@class="sidebar-menu"]/li[@class="treeview active"]/ul[@class="treeview-menu"]/li[2]/a[1][count(. | //a[@href = 'PORaise.aspx' and (text() = 'Generate P.O' or . = 'Generate P.O')]) = count(//a[@href = 'PORaise.aspx' and (text() = 'Generate P.O' or . = 'Generate P.O')])]' not found)

2018-05-09 16:03:46 - [MESSAGE][FAILED] - Unable to click on object 'Object Repository/MOH AND GRN/Page_KDMC/a_Generate P.O' (Root cause: com.kms.katalon.core.webui.exception.WebElementNotFoundException: Web element with id: 'Object Repository/MOH AND GRN/Page_KDMC/a_Generate P.O' located by 'By.xpath: /html[1]/body[@class="skin-blue  pace-done"]/div[@class="row"]/div[@class="col-md-12"]/div[@class="wrapper row-offcanvas row-offcanvas-left"]/aside[@class="left-side sidebar-offcanvas"]/section[@class="sidebar"]/ul[@class="sidebar-menu"]/li[@class="treeview active"]/ul[@class="treeview-menu"]/li[2]/a[1][count(. | //a[@href = 'PORaise.aspx' and (text() = 'Generate P.O' or . = 'Generate P.O')]) = count(//a[@href = 'PORaise.aspx' and (text() = 'Generate P.O' or . = 'Generate P.O')])]' not found)
[[ATTACHMENT|C:\\Users\\Quality Analyst\\Katalon Studio\\ds\\Reports\\MOH REQUEST AND GRN\\20180509_153848\\1525862026521.png]]]]></system-out>
         <system-err><![CDATA[2018-05-09 16:01:49 - [TEST_CASE][FAILED] - Test Cases/MOH REQUEST AND GRN/Moh Request GRN  Schedule 7: Test Cases/MOH REQUEST AND GRN/Moh Request GRN  Schedule 7 FAILED because (of) Unable to click on object 'Object Repository/MOH AND GRN/Page_KDMC/a_Generate P.O' (Root cause: com.kms.katalon.core.webui.exception.WebElementNotFoundException: Web element with id: 'Object Repository/MOH AND GRN/Page_KDMC/a_Generate P.O' located by 'By.xpath: /html[1]/body[@class="skin-blue  pace-done"]/div[@class="row"]/div[@class="col-md-12"]/div[@class="wrapper row-offcanvas row-offcanvas-left"]/aside[@class="left-side sidebar-offcanvas"]/section[@class="sidebar"]/ul[@class="sidebar-menu"]/li[@class="treeview active"]/ul[@class="treeview-menu"]/li[2]/a[1][count(. | //a[@href = 'PORaise.aspx' and (text() = 'Generate P.O' or . = 'Generate P.O')]) = count(//a[@href = 'PORaise.aspx' and (text() = 'Generate P.O' or . = 'Generate P.O')])]' not found)]]></system-err>
      </testcase>
      <testcase name="Test Cases/MOH REQUEST AND GRN/Moh Request GRN  Schedule 8" classname="Test Cases/MOH REQUEST AND GRN/Moh Request GRN  Schedule 8" status="PASSED">
         <system-out><![CDATA[2018-05-09 16:03:46 - [TEST_CASE][PASSED] - Test Cases/MOH REQUEST AND GRN/Moh Request GRN  Schedule 8: Test Cases/MOH REQUEST AND GRN/Moh Request GRN  Schedule 8

2018-05-09 16:03:47 - [TEST_STEP][PASSED] - openBrowser: Browser is opened with url: ''

2018-05-09 16:03:47 - [MESSAGE][WARNING] - A browser is already opened. Closing browser and opening a new one

2018-05-09 16:03:49 - [MESSAGE][PASSED] - Browser is opened with url: ''

2018-05-09 16:03:49 - [TEST_STEP][PASSED] - navigateToUrl: Navigate to 'http://192.168.137.1/multihospital_new/' successfully

2018-05-09 16:03:52 - [MESSAGE][PASSED] - Navigate to 'http://192.168.137.1/multihospital_new/' successfully

2018-05-09 16:03:52 - [TEST_STEP][PASSED] - maximizeWindow: Current window maximized

2018-05-09 16:03:53 - [MESSAGE][PASSED] - Current window maximized

2018-05-09 16:03:53 - [TEST_STEP][PASSED] - click: Object: 'Object Repository/MOH AND GRN/Page_KDMC/a_CMS' is clicked on

2018-05-09 16:03:54 - [MESSAGE][PASSED] - Object: 'Object Repository/MOH AND GRN/Page_KDMC/a_CMS' is clicked on

2018-05-09 16:03:54 - [TEST_STEP][PASSED] - setText: Text 'bala' is set on object 'Object Repository/MOH AND GRN/Page_CMS login/input_txtusername'

2018-05-09 16:03:54 - [MESSAGE][PASSED] - Text 'bala' is set on object 'Object Repository/MOH AND GRN/Page_CMS login/input_txtusername'

2018-05-09 16:03:54 - [TEST_STEP][PASSED] - setText: Text '123' is set on object 'Object Repository/MOH AND GRN/Page_CMS login/input_txtpassword'

2018-05-09 16:03:54 - [MESSAGE][PASSED] - Text '123' is set on object 'Object Repository/MOH AND GRN/Page_CMS login/input_txtpassword'

2018-05-09 16:03:54 - [TEST_STEP][PASSED] - delay: Delayed 3 second(s)

2018-05-09 16:03:57 - [MESSAGE][PASSED] - Delayed 3 second(s)

2018-05-09 16:03:57 - [TEST_STEP][PASSED] - click: Object: 'Object Repository/MOH AND GRN/Page_CMS login/button_Sign in' is clicked on

2018-05-09 16:03:58 - [MESSAGE][PASSED] - Object: 'Object Repository/MOH AND GRN/Page_CMS login/button_Sign in' is clicked on

2018-05-09 16:03:58 - [TEST_STEP][PASSED] - click: Object: 'Object Repository/MOH AND GRN/Page_KDMC - CMS/a_Request to MOH' is clicked on

2018-05-09 16:03:59 - [MESSAGE][PASSED] - Object: 'Object Repository/MOH AND GRN/Page_KDMC - CMS/a_Request to MOH' is clicked on

2018-05-09 16:03:59 - [TEST_STEP][PASSED] - selectOptionByIndex: All options with index in [2] are selected on object 'Object Repository/MOH AND GRN/Page_KDMC - CMS/select_--Select--'

2018-05-09 16:03:59 - [MESSAGE][PASSED] - All options with index in [2] are selected on object 'Object Repository/MOH AND GRN/Page_KDMC - CMS/select_--Select--'

2018-05-09 16:03:59 - [TEST_STEP][PASSED] - selectOptionByIndex: All options with index in [8] are selected on object 'Object Repository/MOH AND GRN/Page_KDMC - CMS/select_--Select--Schedule 1Inj'

2018-05-09 16:03:59 - [MESSAGE][PASSED] - All options with index in [8] are selected on object 'Object Repository/MOH AND GRN/Page_KDMC - CMS/select_--Select--Schedule 1Inj'

2018-05-09 16:03:59 - [TEST_STEP][PASSED] - Statement - selectedoptions = com.kms.katalon.core.webui.keyword.WebUiBuiltInKeywords.getNumberOfTotalOption(com.kms.katalon.core.testobject.ObjectRepository.findTestObject(MOH AND GRN/Page_KDMC - CMS/select_--Select--Adernaline 0.)): 18 options of object 'Object Repository/MOH AND GRN/Page_KDMC - CMS/select_--Select--Adernaline 0.' counted

2018-05-09 16:03:59 - [MESSAGE][PASSED] - 18 options of object 'Object Repository/MOH AND GRN/Page_KDMC - CMS/select_--Select--Adernaline 0.' counted

2018-05-09 16:03:59 - [TEST_STEP][PASSED] - Statement - For ([j = 1, j <= selectedoptions - 1, (j++)]): Object: 'Object Repository/MOH AND GRN/Page_KDMC - CMS/button_Add' is clicked on

2018-05-09 16:03:59 - [TEST_STEP][PASSED] - selectOptionByIndex: All options with index in [8] are selected on object 'Object Repository/MOH AND GRN/Page_KDMC - CMS/select_--Select--Schedule 1Inj'

2018-05-09 16:03:59 - [MESSAGE][PASSED] - All options with index in [8] are selected on object 'Object Repository/MOH AND GRN/Page_KDMC - CMS/select_--Select--Schedule 1Inj'

2018-05-09 16:03:59 - [TEST_STEP][PASSED] - selectOptionByIndex: All options with index in [1] are selected on object 'Object Repository/MOH AND GRN/Page_KDMC - CMS/select_--Select--Adernaline 0.'

2018-05-09 16:03:59 - [MESSAGE][PASSED] - All options with index in [1] are selected on object 'Object Repository/MOH AND GRN/Page_KDMC - CMS/select_--Select--Adernaline 0.'

2018-05-09 16:03:59 - [TEST_STEP][PASSED] - setText: Text '5000' is set on object 'Object Repository/MOH AND GRN/Page_KDMC - CMS/input_txttreat'

2018-05-09 16:04:00 - [MESSAGE][PASSED] - Text '5000' is set on object 'Object Repository/MOH AND GRN/Page_KDMC - CMS/input_txttreat'

2018-05-09 16:04:00 - [TEST_STEP][PASSED] - click: Object: 'Object Repository/MOH AND GRN/Page_KDMC - CMS/button_Add' is clicked on

2018-05-09 16:04:00 - [MESSAGE][PASSED] - Object: 'Object Repository/MOH AND GRN/Page_KDMC - CMS/button_Add' is clicked on

2018-05-09 16:04:00 - [TEST_STEP][PASSED] - selectOptionByIndex: All options with index in [8] are selected on object 'Object Repository/MOH AND GRN/Page_KDMC - CMS/select_--Select--Schedule 1Inj'

2018-05-09 16:04:00 - [MESSAGE][PASSED] - All options with index in [8] are selected on object 'Object Repository/MOH AND GRN/Page_KDMC - CMS/select_--Select--Schedule 1Inj'

2018-05-09 16:04:00 - [TEST_STEP][PASSED] - selectOptionByIndex: All options with index in [2] are selected on object 'Object Repository/MOH AND GRN/Page_KDMC - CMS/select_--Select--Adernaline 0.'

2018-05-09 16:04:00 - [MESSAGE][PASSED] - All options with index in [2] are selected on object 'Object Repository/MOH AND GRN/Page_KDMC - CMS/select_--Select--Adernaline 0.'

2018-05-09 16:04:00 - [TEST_STEP][PASSED] - setText: Text '5000' is set on object 'Object Repository/MOH AND GRN/Page_KDMC - CMS/input_txttreat'

2018-05-09 16:04:00 - [MESSAGE][PASSED] - Text '5000' is set on object 'Object Repository/MOH AND GRN/Page_KDMC - CMS/input_txttreat'

2018-05-09 16:04:00 - [TEST_STEP][PASSED] - click: Object: 'Object Repository/MOH AND GRN/Page_KDMC - CMS/button_Add' is clicked on

2018-05-09 16:04:00 - [MESSAGE][PASSED] - Object: 'Object Repository/MOH AND GRN/Page_KDMC - CMS/button_Add' is clicked on

2018-05-09 16:04:00 - [TEST_STEP][PASSED] - selectOptionByIndex: All options with index in [8] are selected on object 'Object Repository/MOH AND GRN/Page_KDMC - CMS/select_--Select--Schedule 1Inj'

2018-05-09 16:04:00 - [MESSAGE][PASSED] - All options with index in [8] are selected on object 'Object Repository/MOH AND GRN/Page_KDMC - CMS/select_--Select--Schedule 1Inj'

2018-05-09 16:04:00 - [TEST_STEP][PASSED] - selectOptionByIndex: All options with index in [3] are selected on object 'Object Repository/MOH AND GRN/Page_KDMC - CMS/select_--Select--Adernaline 0.'

2018-05-09 16:04:01 - [MESSAGE][PASSED] - All options with index in [3] are selected on object 'Object Repository/MOH AND GRN/Page_KDMC - CMS/select_--Select--Adernaline 0.'

2018-05-09 16:04:01 - [TEST_STEP][PASSED] - setText: Text '5000' is set on object 'Object Repository/MOH AND GRN/Page_KDMC - CMS/input_txttreat'

2018-05-09 16:04:01 - [MESSAGE][PASSED] - Text '5000' is set on object 'Object Repository/MOH AND GRN/Page_KDMC - CMS/input_txttreat'

2018-05-09 16:04:01 - [TEST_STEP][PASSED] - click: Object: 'Object Repository/MOH AND GRN/Page_KDMC - CMS/button_Add' is clicked on

2018-05-09 16:04:01 - [MESSAGE][PASSED] - Object: 'Object Repository/MOH AND GRN/Page_KDMC - CMS/button_Add' is clicked on

2018-05-09 16:04:01 - [TEST_STEP][PASSED] - selectOptionByIndex: All options with index in [8] are selected on object 'Object Repository/MOH AND GRN/Page_KDMC - CMS/select_--Select--Schedule 1Inj'

2018-05-09 16:04:01 - [MESSAGE][PASSED] - All options with index in [8] are selected on object 'Object Repository/MOH AND GRN/Page_KDMC - CMS/select_--Select--Schedule 1Inj'

2018-05-09 16:04:01 - [TEST_STEP][PASSED] - selectOptionByIndex: All options with index in [4] are selected on object 'Object Repository/MOH AND GRN/Page_KDMC - CMS/select_--Select--Adernaline 0.'

2018-05-09 16:04:01 - [MESSAGE][PASSED] - All options with index in [4] are selected on object 'Object Repository/MOH AND GRN/Page_KDMC - CMS/select_--Select--Adernaline 0.'

2018-05-09 16:04:01 - [TEST_STEP][PASSED] - setText: Text '5000' is set on object 'Object Repository/MOH AND GRN/Page_KDMC - CMS/input_txttreat'

2018-05-09 16:04:01 - [MESSAGE][PASSED] - Text '5000' is set on object 'Object Repository/MOH AND GRN/Page_KDMC - CMS/input_txttreat'

2018-05-09 16:04:01 - [TEST_STEP][PASSED] - click: Object: 'Object Repository/MOH AND GRN/Page_KDMC - CMS/button_Add' is clicked on

2018-05-09 16:04:01 - [MESSAGE][PASSED] - Object: 'Object Repository/MOH AND GRN/Page_KDMC - CMS/button_Add' is clicked on

2018-05-09 16:04:01 - [TEST_STEP][PASSED] - selectOptionByIndex: All options with index in [8] are selected on object 'Object Repository/MOH AND GRN/Page_KDMC - CMS/select_--Select--Schedule 1Inj'

2018-05-09 16:04:01 - [MESSAGE][PASSED] - All options with index in [8] are selected on object 'Object Repository/MOH AND GRN/Page_KDMC - CMS/select_--Select--Schedule 1Inj'

2018-05-09 16:04:01 - [TEST_STEP][PASSED] - selectOptionByIndex: All options with index in [5] are selected on object 'Object Repository/MOH AND GRN/Page_KDMC - CMS/select_--Select--Adernaline 0.'

2018-05-09 16:04:01 - [MESSAGE][PASSED] - All options with index in [5] are selected on object 'Object Repository/MOH AND GRN/Page_KDMC - CMS/select_--Select--Adernaline 0.'

2018-05-09 16:04:01 - [TEST_STEP][PASSED] - setText: Text '5000' is set on object 'Object Repository/MOH AND GRN/Page_KDMC - CMS/input_txttreat'

2018-05-09 16:04:02 - [MESSAGE][PASSED] - Text '5000' is set on object 'Object Repository/MOH AND GRN/Page_KDMC - CMS/input_txttreat'

2018-05-09 16:04:02 - [TEST_STEP][PASSED] - click: Object: 'Object Repository/MOH AND GRN/Page_KDMC - CMS/button_Add' is clicked on

2018-05-09 16:04:02 - [MESSAGE][PASSED] - Object: 'Object Repository/MOH AND GRN/Page_KDMC - CMS/button_Add' is clicked on

2018-05-09 16:04:02 - [TEST_STEP][PASSED] - selectOptionByIndex: All options with index in [8] are selected on object 'Object Repository/MOH AND GRN/Page_KDMC - CMS/select_--Select--Schedule 1Inj'

2018-05-09 16:04:02 - [MESSAGE][PASSED] - All options with index in [8] are selected on object 'Object Repository/MOH AND GRN/Page_KDMC - CMS/select_--Select--Schedule 1Inj'

2018-05-09 16:04:02 - [TEST_STEP][PASSED] - selectOptionByIndex: All options with index in [6] are selected on object 'Object Repository/MOH AND GRN/Page_KDMC - CMS/select_--Select--Adernaline 0.'

2018-05-09 16:04:02 - [MESSAGE][PASSED] - All options with index in [6] are selected on object 'Object Repository/MOH AND GRN/Page_KDMC - CMS/select_--Select--Adernaline 0.'

2018-05-09 16:04:02 - [TEST_STEP][PASSED] - setText: Text '5000' is set on object 'Object Repository/MOH AND GRN/Page_KDMC - CMS/input_txttreat'

2018-05-09 16:04:02 - [MESSAGE][PASSED] - Text '5000' is set on object 'Object Repository/MOH AND GRN/Page_KDMC - CMS/input_txttreat'

2018-05-09 16:04:02 - [TEST_STEP][PASSED] - click: Object: 'Object Repository/MOH AND GRN/Page_KDMC - CMS/button_Add' is clicked on

2018-05-09 16:04:02 - [MESSAGE][PASSED] - Object: 'Object Repository/MOH AND GRN/Page_KDMC - CMS/button_Add' is clicked on

2018-05-09 16:04:02 - [TEST_STEP][PASSED] - selectOptionByIndex: All options with index in [8] are selected on object 'Object Repository/MOH AND GRN/Page_KDMC - CMS/select_--Select--Schedule 1Inj'

2018-05-09 16:04:02 - [MESSAGE][PASSED] - All options with index in [8] are selected on object 'Object Repository/MOH AND GRN/Page_KDMC - CMS/select_--Select--Schedule 1Inj'

2018-05-09 16:04:02 - [TEST_STEP][PASSED] - selectOptionByIndex: All options with index in [7] are selected on object 'Object Repository/MOH AND GRN/Page_KDMC - CMS/select_--Select--Adernaline 0.'

2018-05-09 16:04:02 - [MESSAGE][PASSED] - All options with index in [7] are selected on object 'Object Repository/MOH AND GRN/Page_KDMC - CMS/select_--Select--Adernaline 0.'

2018-05-09 16:04:02 - [TEST_STEP][PASSED] - setText: Text '5000' is set on object 'Object Repository/MOH AND GRN/Page_KDMC - CMS/input_txttreat'

2018-05-09 16:04:03 - [MESSAGE][PASSED] - Text '5000' is set on object 'Object Repository/MOH AND GRN/Page_KDMC - CMS/input_txttreat'

2018-05-09 16:04:03 - [TEST_STEP][PASSED] - click: Object: 'Object Repository/MOH AND GRN/Page_KDMC - CMS/button_Add' is clicked on

2018-05-09 16:04:03 - [MESSAGE][PASSED] - Object: 'Object Repository/MOH AND GRN/Page_KDMC - CMS/button_Add' is clicked on

2018-05-09 16:04:03 - [TEST_STEP][PASSED] - selectOptionByIndex: All options with index in [8] are selected on object 'Object Repository/MOH AND GRN/Page_KDMC - CMS/select_--Select--Schedule 1Inj'

2018-05-09 16:04:03 - [MESSAGE][PASSED] - All options with index in [8] are selected on object 'Object Repository/MOH AND GRN/Page_KDMC - CMS/select_--Select--Schedule 1Inj'

2018-05-09 16:04:03 - [TEST_STEP][PASSED] - selectOptionByIndex: All options with index in [8] are selected on object 'Object Repository/MOH AND GRN/Page_KDMC - CMS/select_--Select--Adernaline 0.'

2018-05-09 16:04:03 - [MESSAGE][PASSED] - All options with index in [8] are selected on object 'Object Repository/MOH AND GRN/Page_KDMC - CMS/select_--Select--Adernaline 0.'

2018-05-09 16:04:03 - [TEST_STEP][PASSED] - setText: Text '5000' is set on object 'Object Repository/MOH AND GRN/Page_KDMC - CMS/input_txttreat'

2018-05-09 16:04:03 - [MESSAGE][PASSED] - Text '5000' is set on object 'Object Repository/MOH AND GRN/Page_KDMC - CMS/input_txttreat'

2018-05-09 16:04:03 - [TEST_STEP][PASSED] - click: Object: 'Object Repository/MOH AND GRN/Page_KDMC - CMS/button_Add' is clicked on

2018-05-09 16:04:03 - [MESSAGE][PASSED] - Object: 'Object Repository/MOH AND GRN/Page_KDMC - CMS/button_Add' is clicked on

2018-05-09 16:04:03 - [TEST_STEP][PASSED] - selectOptionByIndex: All options with index in [8] are selected on object 'Object Repository/MOH AND GRN/Page_KDMC - CMS/select_--Select--Schedule 1Inj'

2018-05-09 16:04:03 - [MESSAGE][PASSED] - All options with index in [8] are selected on object 'Object Repository/MOH AND GRN/Page_KDMC - CMS/select_--Select--Schedule 1Inj'

2018-05-09 16:04:03 - [TEST_STEP][PASSED] - selectOptionByIndex: All options with index in [9] are selected on object 'Object Repository/MOH AND GRN/Page_KDMC - CMS/select_--Select--Adernaline 0.'

2018-05-09 16:04:03 - [MESSAGE][PASSED] - All options with index in [9] are selected on object 'Object Repository/MOH AND GRN/Page_KDMC - CMS/select_--Select--Adernaline 0.'

2018-05-09 16:04:03 - [TEST_STEP][PASSED] - setText: Text '5000' is set on object 'Object Repository/MOH AND GRN/Page_KDMC - CMS/input_txttreat'

2018-05-09 16:04:04 - [MESSAGE][PASSED] - Text '5000' is set on object 'Object Repository/MOH AND GRN/Page_KDMC - CMS/input_txttreat'

2018-05-09 16:04:04 - [TEST_STEP][PASSED] - click: Object: 'Object Repository/MOH AND GRN/Page_KDMC - CMS/button_Add' is clicked on

2018-05-09 16:04:04 - [MESSAGE][PASSED] - Object: 'Object Repository/MOH AND GRN/Page_KDMC - CMS/button_Add' is clicked on

2018-05-09 16:04:04 - [TEST_STEP][PASSED] - selectOptionByIndex: All options with index in [8] are selected on object 'Object Repository/MOH AND GRN/Page_KDMC - CMS/select_--Select--Schedule 1Inj'

2018-05-09 16:04:04 - [MESSAGE][PASSED] - All options with index in [8] are selected on object 'Object Repository/MOH AND GRN/Page_KDMC - CMS/select_--Select--Schedule 1Inj'

2018-05-09 16:04:04 - [TEST_STEP][PASSED] - selectOptionByIndex: All options with index in [10] are selected on object 'Object Repository/MOH AND GRN/Page_KDMC - CMS/select_--Select--Adernaline 0.'

2018-05-09 16:04:04 - [MESSAGE][PASSED] - All options with index in [10] are selected on object 'Object Repository/MOH AND GRN/Page_KDMC - CMS/select_--Select--Adernaline 0.'

2018-05-09 16:04:04 - [TEST_STEP][PASSED] - setText: Text '5000' is set on object 'Object Repository/MOH AND GRN/Page_KDMC - CMS/input_txttreat'

2018-05-09 16:04:04 - [MESSAGE][PASSED] - Text '5000' is set on object 'Object Repository/MOH AND GRN/Page_KDMC - CMS/input_txttreat'

2018-05-09 16:04:04 - [TEST_STEP][PASSED] - click: Object: 'Object Repository/MOH AND GRN/Page_KDMC - CMS/button_Add' is clicked on

2018-05-09 16:04:04 - [MESSAGE][PASSED] - Object: 'Object Repository/MOH AND GRN/Page_KDMC - CMS/button_Add' is clicked on

2018-05-09 16:04:04 - [TEST_STEP][PASSED] - selectOptionByIndex: All options with index in [8] are selected on object 'Object Repository/MOH AND GRN/Page_KDMC - CMS/select_--Select--Schedule 1Inj'

2018-05-09 16:04:04 - [MESSAGE][PASSED] - All options with index in [8] are selected on object 'Object Repository/MOH AND GRN/Page_KDMC - CMS/select_--Select--Schedule 1Inj'

2018-05-09 16:04:04 - [TEST_STEP][PASSED] - selectOptionByIndex: All options with index in [11] are selected on object 'Object Repository/MOH AND GRN/Page_KDMC - CMS/select_--Select--Adernaline 0.'

2018-05-09 16:04:05 - [MESSAGE][PASSED] - All options with index in [11] are selected on object 'Object Repository/MOH AND GRN/Page_KDMC - CMS/select_--Select--Adernaline 0.'

2018-05-09 16:04:05 - [TEST_STEP][PASSED] - setText: Text '5000' is set on object 'Object Repository/MOH AND GRN/Page_KDMC - CMS/input_txttreat'

2018-05-09 16:04:05 - [MESSAGE][PASSED] - Text '5000' is set on object 'Object Repository/MOH AND GRN/Page_KDMC - CMS/input_txttreat'

2018-05-09 16:04:05 - [TEST_STEP][PASSED] - click: Object: 'Object Repository/MOH AND GRN/Page_KDMC - CMS/button_Add' is clicked on

2018-05-09 16:04:05 - [MESSAGE][PASSED] - Object: 'Object Repository/MOH AND GRN/Page_KDMC - CMS/button_Add' is clicked on

2018-05-09 16:04:05 - [TEST_STEP][PASSED] - selectOptionByIndex: All options with index in [8] are selected on object 'Object Repository/MOH AND GRN/Page_KDMC - CMS/select_--Select--Schedule 1Inj'

2018-05-09 16:04:05 - [MESSAGE][PASSED] - All options with index in [8] are selected on object 'Object Repository/MOH AND GRN/Page_KDMC - CMS/select_--Select--Schedule 1Inj'

2018-05-09 16:04:05 - [TEST_STEP][PASSED] - selectOptionByIndex: All options with index in [12] are selected on object 'Object Repository/MOH AND GRN/Page_KDMC - CMS/select_--Select--Adernaline 0.'

2018-05-09 16:04:05 - [MESSAGE][PASSED] - All options with index in [12] are selected on object 'Object Repository/MOH AND GRN/Page_KDMC - CMS/select_--Select--Adernaline 0.'

2018-05-09 16:04:05 - [TEST_STEP][PASSED] - setText: Text '5000' is set on object 'Object Repository/MOH AND GRN/Page_KDMC - CMS/input_txttreat'

2018-05-09 16:04:05 - [MESSAGE][PASSED] - Text '5000' is set on object 'Object Repository/MOH AND GRN/Page_KDMC - CMS/input_txttreat'

2018-05-09 16:04:05 - [TEST_STEP][PASSED] - click: Object: 'Object Repository/MOH AND GRN/Page_KDMC - CMS/button_Add' is clicked on

2018-05-09 16:04:05 - [MESSAGE][PASSED] - Object: 'Object Repository/MOH AND GRN/Page_KDMC - CMS/button_Add' is clicked on

2018-05-09 16:04:05 - [TEST_STEP][PASSED] - selectOptionByIndex: All options with index in [8] are selected on object 'Object Repository/MOH AND GRN/Page_KDMC - CMS/select_--Select--Schedule 1Inj'

2018-05-09 16:04:06 - [MESSAGE][PASSED] - All options with index in [8] are selected on object 'Object Repository/MOH AND GRN/Page_KDMC - CMS/select_--Select--Schedule 1Inj'

2018-05-09 16:04:06 - [TEST_STEP][PASSED] - selectOptionByIndex: All options with index in [13] are selected on object 'Object Repository/MOH AND GRN/Page_KDMC - CMS/select_--Select--Adernaline 0.'

2018-05-09 16:04:06 - [MESSAGE][PASSED] - All options with index in [13] are selected on object 'Object Repository/MOH AND GRN/Page_KDMC - CMS/select_--Select--Adernaline 0.'

2018-05-09 16:04:06 - [TEST_STEP][PASSED] - setText: Text '5000' is set on object 'Object Repository/MOH AND GRN/Page_KDMC - CMS/input_txttreat'

2018-05-09 16:04:06 - [MESSAGE][PASSED] - Text '5000' is set on object 'Object Repository/MOH AND GRN/Page_KDMC - CMS/input_txttreat'

2018-05-09 16:04:06 - [TEST_STEP][PASSED] - click: Object: 'Object Repository/MOH AND GRN/Page_KDMC - CMS/button_Add' is clicked on

2018-05-09 16:04:06 - [MESSAGE][PASSED] - Object: 'Object Repository/MOH AND GRN/Page_KDMC - CMS/button_Add' is clicked on

2018-05-09 16:04:06 - [TEST_STEP][PASSED] - selectOptionByIndex: All options with index in [8] are selected on object 'Object Repository/MOH AND GRN/Page_KDMC - CMS/select_--Select--Schedule 1Inj'

2018-05-09 16:04:06 - [MESSAGE][PASSED] - All options with index in [8] are selected on object 'Object Repository/MOH AND GRN/Page_KDMC - CMS/select_--Select--Schedule 1Inj'

2018-05-09 16:04:06 - [TEST_STEP][PASSED] - selectOptionByIndex: All options with index in [14] are selected on object 'Object Repository/MOH AND GRN/Page_KDMC - CMS/select_--Select--Adernaline 0.'

2018-05-09 16:04:06 - [MESSAGE][PASSED] - All options with index in [14] are selected on object 'Object Repository/MOH AND GRN/Page_KDMC - CMS/select_--Select--Adernaline 0.'

2018-05-09 16:04:06 - [TEST_STEP][PASSED] - setText: Text '5000' is set on object 'Object Repository/MOH AND GRN/Page_KDMC - CMS/input_txttreat'

2018-05-09 16:04:06 - [MESSAGE][PASSED] - Text '5000' is set on object 'Object Repository/MOH AND GRN/Page_KDMC - CMS/input_txttreat'

2018-05-09 16:04:06 - [TEST_STEP][PASSED] - click: Object: 'Object Repository/MOH AND GRN/Page_KDMC - CMS/button_Add' is clicked on

2018-05-09 16:04:06 - [MESSAGE][PASSED] - Object: 'Object Repository/MOH AND GRN/Page_KDMC - CMS/button_Add' is clicked on

2018-05-09 16:04:06 - [TEST_STEP][PASSED] - selectOptionByIndex: All options with index in [8] are selected on object 'Object Repository/MOH AND GRN/Page_KDMC - CMS/select_--Select--Schedule 1Inj'

2018-05-09 16:04:07 - [MESSAGE][PASSED] - All options with index in [8] are selected on object 'Object Repository/MOH AND GRN/Page_KDMC - CMS/select_--Select--Schedule 1Inj'

2018-05-09 16:04:07 - [TEST_STEP][PASSED] - selectOptionByIndex: All options with index in [15] are selected on object 'Object Repository/MOH AND GRN/Page_KDMC - CMS/select_--Select--Adernaline 0.'

2018-05-09 16:04:07 - [MESSAGE][PASSED] - All options with index in [15] are selected on object 'Object Repository/MOH AND GRN/Page_KDMC - CMS/select_--Select--Adernaline 0.'

2018-05-09 16:04:07 - [TEST_STEP][PASSED] - setText: Text '5000' is set on object 'Object Repository/MOH AND GRN/Page_KDMC - CMS/input_txttreat'

2018-05-09 16:04:07 - [MESSAGE][PASSED] - Text '5000' is set on object 'Object Repository/MOH AND GRN/Page_KDMC - CMS/input_txttreat'

2018-05-09 16:04:07 - [TEST_STEP][PASSED] - click: Object: 'Object Repository/MOH AND GRN/Page_KDMC - CMS/button_Add' is clicked on

2018-05-09 16:04:07 - [MESSAGE][PASSED] - Object: 'Object Repository/MOH AND GRN/Page_KDMC - CMS/button_Add' is clicked on

2018-05-09 16:04:07 - [TEST_STEP][PASSED] - selectOptionByIndex: All options with index in [8] are selected on object 'Object Repository/MOH AND GRN/Page_KDMC - CMS/select_--Select--Schedule 1Inj'

2018-05-09 16:04:07 - [MESSAGE][PASSED] - All options with index in [8] are selected on object 'Object Repository/MOH AND GRN/Page_KDMC - CMS/select_--Select--Schedule 1Inj'

2018-05-09 16:04:07 - [TEST_STEP][PASSED] - selectOptionByIndex: All options with index in [16] are selected on object 'Object Repository/MOH AND GRN/Page_KDMC - CMS/select_--Select--Adernaline 0.'

2018-05-09 16:04:07 - [MESSAGE][PASSED] - All options with index in [16] are selected on object 'Object Repository/MOH AND GRN/Page_KDMC - CMS/select_--Select--Adernaline 0.'

2018-05-09 16:04:07 - [TEST_STEP][PASSED] - setText: Text '5000' is set on object 'Object Repository/MOH AND GRN/Page_KDMC - CMS/input_txttreat'

2018-05-09 16:04:08 - [MESSAGE][PASSED] - Text '5000' is set on object 'Object Repository/MOH AND GRN/Page_KDMC - CMS/input_txttreat'

2018-05-09 16:04:08 - [TEST_STEP][PASSED] - click: Object: 'Object Repository/MOH AND GRN/Page_KDMC - CMS/button_Add' is clicked on

2018-05-09 16:04:08 - [MESSAGE][PASSED] - Object: 'Object Repository/MOH AND GRN/Page_KDMC - CMS/button_Add' is clicked on

2018-05-09 16:04:08 - [TEST_STEP][PASSED] - selectOptionByIndex: All options with index in [8] are selected on object 'Object Repository/MOH AND GRN/Page_KDMC - CMS/select_--Select--Schedule 1Inj'

2018-05-09 16:04:08 - [MESSAGE][PASSED] - All options with index in [8] are selected on object 'Object Repository/MOH AND GRN/Page_KDMC - CMS/select_--Select--Schedule 1Inj'

2018-05-09 16:04:08 - [TEST_STEP][PASSED] - selectOptionByIndex: All options with index in [17] are selected on object 'Object Repository/MOH AND GRN/Page_KDMC - CMS/select_--Select--Adernaline 0.'

2018-05-09 16:04:08 - [MESSAGE][PASSED] - All options with index in [17] are selected on object 'Object Repository/MOH AND GRN/Page_KDMC - CMS/select_--Select--Adernaline 0.'

2018-05-09 16:04:08 - [TEST_STEP][PASSED] - setText: Text '5000' is set on object 'Object Repository/MOH AND GRN/Page_KDMC - CMS/input_txttreat'

2018-05-09 16:04:08 - [MESSAGE][PASSED] - Text '5000' is set on object 'Object Repository/MOH AND GRN/Page_KDMC - CMS/input_txttreat'

2018-05-09 16:04:08 - [TEST_STEP][PASSED] - click: Object: 'Object Repository/MOH AND GRN/Page_KDMC - CMS/button_Add' is clicked on

2018-05-09 16:04:08 - [MESSAGE][PASSED] - Object: 'Object Repository/MOH AND GRN/Page_KDMC - CMS/button_Add' is clicked on

2018-05-09 16:04:08 - [TEST_STEP][PASSED] - scrollToElement: Scroll to object 'Object Repository/MOH AND GRN/Page_KDMC - CMS/input_btnsave' successfully

2018-05-09 16:04:08 - [MESSAGE][PASSED] - Scroll to object 'Object Repository/MOH AND GRN/Page_KDMC - CMS/input_btnsave' successfully

2018-05-09 16:04:08 - [TEST_STEP][PASSED] - click: Object: 'Object Repository/MOH AND GRN/Page_KDMC - CMS/input_btnsave' is clicked on

2018-05-09 16:04:08 - [MESSAGE][PASSED] - Object: 'Object Repository/MOH AND GRN/Page_KDMC - CMS/input_btnsave' is clicked on

2018-05-09 16:04:08 - [TEST_STEP][PASSED] - delay: Delayed 3 second(s)

2018-05-09 16:04:11 - [MESSAGE][PASSED] - Delayed 3 second(s)

2018-05-09 16:04:11 - [TEST_STEP][PASSED] - Statement - Request1 = com.kms.katalon.core.webui.keyword.WebUiBuiltInKeywords.getText(com.kms.katalon.core.testobject.ObjectRepository.findTestObject(MOH AND GRN/Page_KDMC - CMS/font_PRNO0505201876)): Text of object 'Object Repository/MOH AND GRN/Page_KDMC - CMS/font_PRNO0505201876' is: 'PRNO/09052018/189'

2018-05-09 16:04:11 - [MESSAGE][PASSED] - Text of object 'Object Repository/MOH AND GRN/Page_KDMC - CMS/font_PRNO0505201876' is: 'PRNO/09052018/189'

2018-05-09 16:04:11 - [TEST_STEP][PASSED] - Statement - out.println("Length OF The Medicine " + Request1): null

2018-05-09 16:04:11 - [TEST_STEP][PASSED] - Statement - RequestNUmber = Request1.split("/")[2].trim(): null

2018-05-09 16:04:11 - [TEST_STEP][PASSED] - Statement - out.println("ID IS " + RequestNUmber): null

2018-05-09 16:04:11 - [TEST_STEP][PASSED] - delay: Delayed 3 second(s)

2018-05-09 16:04:14 - [MESSAGE][PASSED] - Delayed 3 second(s)

2018-05-09 16:04:14 - [TEST_STEP][PASSED] - click: Object: 'Object Repository/MOH AND GRN/Page_KDMC - CMS/button_OK' is clicked on

2018-05-09 16:04:15 - [MESSAGE][PASSED] - Object: 'Object Repository/MOH AND GRN/Page_KDMC - CMS/button_OK' is clicked on

2018-05-09 16:04:15 - [TEST_STEP][PASSED] - click: Object: 'Object Repository/MOH AND GRN/Page_KDMC - CMS/a_dropdown-toggle' is clicked on

2018-05-09 16:04:16 - [MESSAGE][PASSED] - Object: 'Object Repository/MOH AND GRN/Page_KDMC - CMS/a_dropdown-toggle' is clicked on

2018-05-09 16:04:16 - [TEST_STEP][PASSED] - click: Object: 'Object Repository/MOH AND GRN/Page_KDMC - CMS/a_Sign out' is clicked on

2018-05-09 16:04:17 - [MESSAGE][PASSED] - Object: 'Object Repository/MOH AND GRN/Page_KDMC - CMS/a_Sign out' is clicked on

2018-05-09 16:04:17 - [TEST_STEP][PASSED] - delay: Delayed 4 second(s)

2018-05-09 16:04:21 - [MESSAGE][PASSED] - Delayed 4 second(s)

2018-05-09 16:04:21 - [TEST_STEP][PASSED] - click: Object: 'Object Repository/MOH AND GRN/Page_KDMC/a_Admin Master' is clicked on

2018-05-09 16:04:22 - [MESSAGE][PASSED] - Object: 'Object Repository/MOH AND GRN/Page_KDMC/a_Admin Master' is clicked on

2018-05-09 16:04:22 - [TEST_STEP][PASSED] - setText: Text 'admin' is set on object 'Object Repository/MOH AND GRN/Page_Admin login/input_txtusername'

2018-05-09 16:04:22 - [MESSAGE][PASSED] - Text 'admin' is set on object 'Object Repository/MOH AND GRN/Page_Admin login/input_txtusername'

2018-05-09 16:04:22 - [TEST_STEP][PASSED] - setText: Text 'admin123' is set on object 'Object Repository/MOH AND GRN/Page_Admin login/input_txtpassword'

2018-05-09 16:04:22 - [MESSAGE][PASSED] - Text 'admin123' is set on object 'Object Repository/MOH AND GRN/Page_Admin login/input_txtpassword'

2018-05-09 16:04:22 - [TEST_STEP][PASSED] - delay: Delayed 3 second(s)

2018-05-09 16:04:25 - [MESSAGE][PASSED] - Delayed 3 second(s)

2018-05-09 16:04:25 - [TEST_STEP][PASSED] - click: Object: 'Object Repository/MOH AND GRN/Page_Admin login/button_Sign in' is clicked on

2018-05-09 16:04:26 - [MESSAGE][PASSED] - Object: 'Object Repository/MOH AND GRN/Page_Admin login/button_Sign in' is clicked on

2018-05-09 16:04:26 - [TEST_STEP][PASSED] - delay: Delayed 20 second(s)

2018-05-09 16:04:46 - [MESSAGE][PASSED] - Delayed 20 second(s)

2018-05-09 16:04:46 - [TEST_STEP][PASSED] - scrollToPosition: Browser is scrolled to position x = 200, y = 200

2018-05-09 16:04:46 - [MESSAGE][PASSED] - Browser is scrolled to position x = 200, y = 200

2018-05-09 16:04:46 - [TEST_STEP][PASSED] - click: Object: 'Object Repository/MOH AND GRN/Page_KDMC/a_CMS_1' is clicked on

2018-05-09 16:04:46 - [MESSAGE][PASSED] - Object: 'Object Repository/MOH AND GRN/Page_KDMC/a_CMS_1' is clicked on

2018-05-09 16:04:46 - [TEST_STEP][PASSED] - click: Object: 'Object Repository/MOH AND GRN/Page_KDMC/a_Request List' is clicked on

2018-05-09 16:04:47 - [MESSAGE][PASSED] - Object: 'Object Repository/MOH AND GRN/Page_KDMC/a_Request List' is clicked on

2018-05-09 16:04:47 - [TEST_STEP][PASSED] - Statement - RequestNumberId = com.kms.katalon.core.webui.keyword.WebUiBuiltInKeywords.modifyObjectProperty(com.kms.katalon.core.testobject.ObjectRepository.findTestObject(MOH AND GRN/Page_KDMC - CMS/input_PO0032), "xpath", "equals", "//*[@id =" + RequestNUmber + "]", true): Modify property of object successfully

2018-05-09 16:04:47 - [MESSAGE][PASSED] - Modify property of object successfully

2018-05-09 16:04:47 - [TEST_STEP][PASSED] - click: Object: 'Object Repository/MOH AND GRN/Page_KDMC - CMS/input_PO0032' is clicked on

2018-05-09 16:04:47 - [MESSAGE][PASSED] - Object: 'Object Repository/MOH AND GRN/Page_KDMC - CMS/input_PO0032' is clicked on

2018-05-09 16:04:47 - [TEST_STEP][PASSED] - delay: Delayed 3 second(s)

2018-05-09 16:04:50 - [MESSAGE][PASSED] - Delayed 3 second(s)

2018-05-09 16:04:50 - [TEST_STEP][PASSED] - selectOptionByIndex: All options with index in [1] are selected on object 'Object Repository/MOH AND GRN/Page_KDMC/select_--Select--'

2018-05-09 16:04:50 - [MESSAGE][PASSED] - All options with index in [1] are selected on object 'Object Repository/MOH AND GRN/Page_KDMC/select_--Select--'

2018-05-09 16:04:50 - [TEST_STEP][PASSED] - click: Object: 'Object Repository/MOH AND GRN/Page_KDMC/input_btnupdate' is clicked on

2018-05-09 16:04:50 - [MESSAGE][PASSED] - Object: 'Object Repository/MOH AND GRN/Page_KDMC/input_btnupdate' is clicked on

2018-05-09 16:04:50 - [TEST_STEP][PASSED] - delay: Delayed 3 second(s)

2018-05-09 16:04:53 - [MESSAGE][PASSED] - Delayed 3 second(s)

2018-05-09 16:04:53 - [TEST_STEP][PASSED] - click: Object: 'Object Repository/MOH AND GRN/Page_KDMC/button_OK' is clicked on

2018-05-09 16:04:55 - [MESSAGE][PASSED] - Object: 'Object Repository/MOH AND GRN/Page_KDMC/button_OK' is clicked on

2018-05-09 16:04:55 - [TEST_STEP][PASSED] - delay: Delayed 3 second(s)

2018-05-09 16:04:58 - [MESSAGE][PASSED] - Delayed 3 second(s)

2018-05-09 16:04:58 - [TEST_STEP][PASSED] - scrollToPosition: Browser is scrolled to position x = 200, y = 200

2018-05-09 16:04:58 - [MESSAGE][PASSED] - Browser is scrolled to position x = 200, y = 200

2018-05-09 16:04:58 - [TEST_STEP][PASSED] - click: Object: 'Object Repository/MOH AND GRN/Page_KDMC/a_CMS_2' is clicked on

2018-05-09 16:04:58 - [MESSAGE][PASSED] - Object: 'Object Repository/MOH AND GRN/Page_KDMC/a_CMS_2' is clicked on

2018-05-09 16:04:58 - [TEST_STEP][PASSED] - delay: Delayed 2 second(s)

2018-05-09 16:05:00 - [MESSAGE][PASSED] - Delayed 2 second(s)

2018-05-09 16:05:00 - [TEST_STEP][PASSED] - click: Object: 'Object Repository/MOH AND GRN/Page_KDMC/a_Generate P.O' is clicked on

2018-05-09 16:05:00 - [MESSAGE][PASSED] - Object: 'Object Repository/MOH AND GRN/Page_KDMC/a_Generate P.O' is clicked on

2018-05-09 16:05:00 - [TEST_STEP][PASSED] - delay: Delayed 2 second(s)

2018-05-09 16:05:02 - [MESSAGE][PASSED] - Delayed 2 second(s)

2018-05-09 16:05:02 - [TEST_STEP][PASSED] - selectOptionByIndex: All options with index in [1] are selected on object 'Object Repository/MOH AND GRN/Page_KDMC/select_--Select--PRNO040520183'

2018-05-09 16:05:02 - [MESSAGE][PASSED] - All options with index in [1] are selected on object 'Object Repository/MOH AND GRN/Page_KDMC/select_--Select--PRNO040520183'

2018-05-09 16:05:02 - [TEST_STEP][PASSED] - selectOptionByIndex: All options with index in [10] are selected on object 'Object Repository/MOH AND GRN/Page_KDMC/select_--Select--Hamen Chandra'

2018-05-09 16:05:03 - [MESSAGE][PASSED] - All options with index in [10] are selected on object 'Object Repository/MOH AND GRN/Page_KDMC/select_--Select--Hamen Chandra'

2018-05-09 16:05:03 - [TEST_STEP][PASSED] - Statement - PONumber = com.kms.katalon.core.webui.keyword.WebUiBuiltInKeywords.getText(com.kms.katalon.core.testobject.ObjectRepository.findTestObject(MOH AND GRN/Page_KDMC/input_lblpono)).trim(): Text of object 'Object Repository/MOH AND GRN/Page_KDMC/input_lblpono' is: ''

2018-05-09 16:05:03 - [MESSAGE][PASSED] - Text of object 'Object Repository/MOH AND GRN/Page_KDMC/input_lblpono' is: ''

2018-05-09 16:05:03 - [TEST_STEP][PASSED] - Statement - PONumber1 = com.kms.katalon.core.webui.keyword.WebUiBuiltInKeywords.getAttribute(com.kms.katalon.core.testobject.ObjectRepository.findTestObject(MOH AND GRN/Page_KDMC/input_lblpono), "value").trim(): Attribute 'value' of object 'Object Repository/MOH AND GRN/Page_KDMC/input_lblpono' is: 'PO0077'

2018-05-09 16:05:03 - [MESSAGE][PASSED] - Attribute 'value' of object 'Object Repository/MOH AND GRN/Page_KDMC/input_lblpono' is: 'PO0077'

2018-05-09 16:05:03 - [TEST_STEP][PASSED] - Statement - out.println("PO NUMBER :" + PONumber): null

2018-05-09 16:05:03 - [TEST_STEP][PASSED] - Statement - out.println("PO NUMBER :" + PONumber1): null

2018-05-09 16:05:03 - [TEST_STEP][PASSED] - click: Object: 'Object Repository/MOH AND GRN/Page_KDMC/input_chkrem' is clicked on

2018-05-09 16:05:03 - [MESSAGE][PASSED] - Object: 'Object Repository/MOH AND GRN/Page_KDMC/input_chkrem' is clicked on

2018-05-09 16:05:03 - [TEST_STEP][PASSED] - scrollToElement: Scroll to object 'Object Repository/MOH AND GRN/Page_KDMC/input_btnreturn' successfully

2018-05-09 16:05:03 - [MESSAGE][PASSED] - Scroll to object 'Object Repository/MOH AND GRN/Page_KDMC/input_btnreturn' successfully

2018-05-09 16:05:03 - [TEST_STEP][PASSED] - click: Object: 'Object Repository/MOH AND GRN/Page_KDMC/input_btnreturn' is clicked on

2018-05-09 16:05:03 - [MESSAGE][PASSED] - Object: 'Object Repository/MOH AND GRN/Page_KDMC/input_btnreturn' is clicked on

2018-05-09 16:05:03 - [TEST_STEP][PASSED] - delay: Delayed 3 second(s)

2018-05-09 16:05:06 - [MESSAGE][PASSED] - Delayed 3 second(s)

2018-05-09 16:05:06 - [TEST_STEP][PASSED] - click: Object: 'Object Repository/MOH AND GRN/Page_KDMC/button_Yes' is clicked on

2018-05-09 16:05:06 - [MESSAGE][PASSED] - Object: 'Object Repository/MOH AND GRN/Page_KDMC/button_Yes' is clicked on

2018-05-09 16:05:06 - [TEST_STEP][PASSED] - delay: Delayed 3 second(s)

2018-05-09 16:05:09 - [MESSAGE][PASSED] - Delayed 3 second(s)

2018-05-09 16:05:09 - [TEST_STEP][PASSED] - click: Object: 'Object Repository/MOH AND GRN/Page_KDMC/button_OK' is clicked on

2018-05-09 16:05:10 - [MESSAGE][PASSED] - Object: 'Object Repository/MOH AND GRN/Page_KDMC/button_OK' is clicked on

2018-05-09 16:05:10 - [TEST_STEP][PASSED] - delay: Delayed 3 second(s)

2018-05-09 16:05:13 - [MESSAGE][PASSED] - Delayed 3 second(s)

2018-05-09 16:05:13 - [TEST_STEP][PASSED] - click: Object: 'Object Repository/MOH AND GRN/Page_KDMC/a_dropdown-toggle' is clicked on

2018-05-09 16:05:13 - [MESSAGE][PASSED] - Object: 'Object Repository/MOH AND GRN/Page_KDMC/a_dropdown-toggle' is clicked on

2018-05-09 16:05:13 - [TEST_STEP][PASSED] - click: Object: 'Object Repository/MOH AND GRN/Page_KDMC/a_Sign out' is clicked on

2018-05-09 16:05:14 - [MESSAGE][PASSED] - Object: 'Object Repository/MOH AND GRN/Page_KDMC/a_Sign out' is clicked on

2018-05-09 16:05:14 - [TEST_STEP][PASSED] - delay: Delayed 4 second(s)

2018-05-09 16:05:18 - [MESSAGE][PASSED] - Delayed 4 second(s)

2018-05-09 16:05:18 - [TEST_STEP][PASSED] - click: Object: 'Object Repository/MOH AND GRN/Page_KDMC/a_CMS' is clicked on

2018-05-09 16:05:19 - [MESSAGE][PASSED] - Object: 'Object Repository/MOH AND GRN/Page_KDMC/a_CMS' is clicked on

2018-05-09 16:05:19 - [TEST_STEP][PASSED] - setText: Text 'bala' is set on object 'Object Repository/MOH AND GRN/Page_CMS login/input_txtusername'

2018-05-09 16:05:19 - [MESSAGE][PASSED] - Text 'bala' is set on object 'Object Repository/MOH AND GRN/Page_CMS login/input_txtusername'

2018-05-09 16:05:19 - [TEST_STEP][PASSED] - setText: Text '123' is set on object 'Object Repository/MOH AND GRN/Page_CMS login/input_txtpassword'

2018-05-09 16:05:19 - [MESSAGE][PASSED] - Text '123' is set on object 'Object Repository/MOH AND GRN/Page_CMS login/input_txtpassword'

2018-05-09 16:05:19 - [TEST_STEP][PASSED] - delay: Delayed 3 second(s)

2018-05-09 16:05:22 - [MESSAGE][PASSED] - Delayed 3 second(s)

2018-05-09 16:05:22 - [TEST_STEP][PASSED] - click: Object: 'Object Repository/MOH AND GRN/Page_CMS login/button_Sign in' is clicked on

2018-05-09 16:05:23 - [MESSAGE][PASSED] - Object: 'Object Repository/MOH AND GRN/Page_CMS login/button_Sign in' is clicked on

2018-05-09 16:05:23 - [TEST_STEP][PASSED] - click: Object: 'Object Repository/MOH AND GRN/Page_KDMC - CMS/a_CMS Details' is clicked on

2018-05-09 16:05:23 - [MESSAGE][PASSED] - Object: 'Object Repository/MOH AND GRN/Page_KDMC - CMS/a_CMS Details' is clicked on

2018-05-09 16:05:23 - [TEST_STEP][PASSED] - delay: Delayed 2 second(s)

2018-05-09 16:05:25 - [MESSAGE][PASSED] - Delayed 2 second(s)

2018-05-09 16:05:25 - [TEST_STEP][PASSED] - click: Object: 'Object Repository/MOH AND GRN/Page_KDMC - CMS/a_Goods Receive' is clicked on

2018-05-09 16:05:25 - [MESSAGE][PASSED] - Object: 'Object Repository/MOH AND GRN/Page_KDMC - CMS/a_Goods Receive' is clicked on

2018-05-09 16:05:25 - [TEST_STEP][PASSED] - delay: Delayed 2 second(s)

2018-05-09 16:05:27 - [MESSAGE][PASSED] - Delayed 2 second(s)

2018-05-09 16:05:27 - [TEST_STEP][PASSED] - selectOptionByLabel: All options with label 'PO0077' are selected in object 'Object Repository/MOH AND GRN/Page_KDMC - CMS/select_--Select--PO0032PO0031P' 

2018-05-09 16:05:28 - [MESSAGE][PASSED] - All options with label 'PO0077' are selected in object 'Object Repository/MOH AND GRN/Page_KDMC - CMS/select_--Select--PO0032PO0031P' 

2018-05-09 16:05:28 - [TEST_STEP][PASSED] - setText: Finding Test Object with id 'Object Repository/MOH AND GRN/Page_KDMC - CMS/input_txtgrnno'

2018-05-09 16:05:28 - [TEST_STEP][PASSED] - Statement - switch (id): Text 'INV832.0' is set on object 'Object Repository/MOH AND GRN/Page_KDMC - CMS/input_txtgrnno'

2018-05-09 16:05:28 - [TEST_STEP][PASSED] - Statement - case 2:: Text 'INV832.0' is set on object 'Object Repository/MOH AND GRN/Page_KDMC - CMS/input_txtgrnno'

2018-05-09 16:05:28 - [TEST_STEP][PASSED] - Statement - return (java.lang.Math.floor((java.lang.Math.random() * ((max - min) + 1))) + min): Text 'INV832.0' is set on object 'Object Repository/MOH AND GRN/Page_KDMC - CMS/input_txtgrnno'

2018-05-09 16:05:28 - [MESSAGE][PASSED] - Text 'INV832.0' is set on object 'Object Repository/MOH AND GRN/Page_KDMC - CMS/input_txtgrnno'

2018-05-09 16:05:28 - [TEST_STEP][PASSED] - selectOptionByIndex: All options with index in [1] are selected on object 'Object Repository/MOH AND GRN/Page_KDMC - CMS/select_--Select--PERUMAL PHARM'

2018-05-09 16:05:28 - [MESSAGE][PASSED] - All options with index in [1] are selected on object 'Object Repository/MOH AND GRN/Page_KDMC - CMS/select_--Select--PERUMAL PHARM'

2018-05-09 16:05:28 - [TEST_STEP][PASSED] - setText: Text '14000' is set on object 'Object Repository/MOH AND GRN/Page_KDMC - CMS/input_txtgrnno_1'

2018-05-09 16:05:28 - [MESSAGE][PASSED] - Text '14000' is set on object 'Object Repository/MOH AND GRN/Page_KDMC - CMS/input_txtgrnno_1'

2018-05-09 16:05:28 - [TEST_STEP][PASSED] - setText: Text '400' is set on object 'Object Repository/MOH AND GRN/Page_KDMC - CMS/input_txtgrnno_2'

2018-05-09 16:05:28 - [MESSAGE][PASSED] - Text '400' is set on object 'Object Repository/MOH AND GRN/Page_KDMC - CMS/input_txtgrnno_2'

2018-05-09 16:05:28 - [TEST_STEP][PASSED] - setText: Finding Test Object with id 'Object Repository/MOH AND GRN/Page_KDMC - CMS/input_txtgrnno_3'

2018-05-09 16:05:28 - [TEST_STEP][PASSED] - Statement - switch (id): Text 'CH668.0' is set on object 'Object Repository/MOH AND GRN/Page_KDMC - CMS/input_txtgrnno_3'

2018-05-09 16:05:28 - [TEST_STEP][PASSED] - Statement - case 3:: Text 'CH668.0' is set on object 'Object Repository/MOH AND GRN/Page_KDMC - CMS/input_txtgrnno_3'

2018-05-09 16:05:28 - [TEST_STEP][PASSED] - Statement - return (java.lang.Math.floor((java.lang.Math.random() * ((max - min) + 1))) + min): Text 'CH668.0' is set on object 'Object Repository/MOH AND GRN/Page_KDMC - CMS/input_txtgrnno_3'

2018-05-09 16:05:28 - [MESSAGE][PASSED] - Text 'CH668.0' is set on object 'Object Repository/MOH AND GRN/Page_KDMC - CMS/input_txtgrnno_3'

2018-05-09 16:05:28 - [TEST_STEP][PASSED] - scrollToPosition: Browser is scrolled to position x = 200, y = 200

2018-05-09 16:05:28 - [MESSAGE][PASSED] - Browser is scrolled to position x = 200, y = 200

2018-05-09 16:05:28 - [TEST_STEP][PASSED] - Statement - GrnLength = com.kms.katalon.core.webui.keyword.WebUiBuiltInKeywords.getNumberOfTotalOption(com.kms.katalon.core.testobject.ObjectRepository.findTestObject(MOH AND GRN/Page_KDMC - CMS/select_--Select--Amikacin -500)): 18 options of object 'Object Repository/MOH AND GRN/Page_KDMC - CMS/select_--Select--Amikacin -500' counted

2018-05-09 16:05:28 - [MESSAGE][PASSED] - 18 options of object 'Object Repository/MOH AND GRN/Page_KDMC - CMS/select_--Select--Amikacin -500' counted

2018-05-09 16:05:28 - [TEST_STEP][PASSED] - Statement - out.println("Length OF The Medicine " + GrnLength): null

2018-05-09 16:05:28 - [TEST_STEP][PASSED] - Statement - s = 1: null

2018-05-09 16:05:28 - [TEST_STEP][PASSED] - Statement - For ([t = 1, t < GrnLength, (t++)]): Finding Test Object with id 'Object Repository/MOH AND GRN/Page_KDMC - CMS/input_txtmrp'

2018-05-09 16:05:28 - [TEST_STEP][PASSED] - selectOptionByIndex: All options with index in [1] are selected on object 'Object Repository/MOH AND GRN/Page_KDMC - CMS/select_--Select--Amikacin -500'

2018-05-09 16:05:28 - [MESSAGE][PASSED] - All options with index in [1] are selected on object 'Object Repository/MOH AND GRN/Page_KDMC - CMS/select_--Select--Amikacin -500'

2018-05-09 16:05:28 - [TEST_STEP][PASSED] - setText: Text '5000' is set on object 'Object Repository/MOH AND GRN/Page_KDMC - CMS/input_txtqty'

2018-05-09 16:05:28 - [MESSAGE][PASSED] - Text '5000' is set on object 'Object Repository/MOH AND GRN/Page_KDMC - CMS/input_txtqty'

2018-05-09 16:05:28 - [TEST_STEP][PASSED] - selectOptionByIndex: All options with index in [1] are selected on object 'Object Repository/MOH AND GRN/Page_KDMC - CMS/select_--Select--No Tax0'

2018-05-09 16:05:29 - [MESSAGE][PASSED] - All options with index in [1] are selected on object 'Object Repository/MOH AND GRN/Page_KDMC - CMS/select_--Select--No Tax0'

2018-05-09 16:05:29 - [TEST_STEP][PASSED] - setText: Finding Test Object with id 'Object Repository/MOH AND GRN/Page_KDMC - CMS/input_txtmrp'

2018-05-09 16:05:29 - [TEST_STEP][PASSED] - Statement - switch (id): Finding Test Object with id 'Object Repository/MOH AND GRN/Page_KDMC - CMS/input_txtdeal'

2018-05-09 16:05:29 - [TEST_STEP][PASSED] - Statement - case 4:: Text '19.0' is set on object 'Object Repository/MOH AND GRN/Page_KDMC - CMS/input_txtmrp'

2018-05-09 16:05:29 - [TEST_STEP][PASSED] - Statement - return (java.lang.Math.floor((java.lang.Math.random() * ((max - min) + 1))) + min): Text '19.0' is set on object 'Object Repository/MOH AND GRN/Page_KDMC - CMS/input_txtmrp'

2018-05-09 16:05:29 - [MESSAGE][PASSED] - Text '19.0' is set on object 'Object Repository/MOH AND GRN/Page_KDMC - CMS/input_txtmrp'

2018-05-09 16:05:29 - [TEST_STEP][PASSED] - setText: Finding Test Object with id 'Object Repository/MOH AND GRN/Page_KDMC - CMS/input_txtdeal'

2018-05-09 16:05:29 - [TEST_STEP][PASSED] - Statement - switch (id): Finding Test Object with id 'Object Repository/MOH AND GRN/Page_KDMC - CMS/input_txtbatchno'

2018-05-09 16:05:29 - [TEST_STEP][PASSED] - Statement - case 5:: Text '8.0' is set on object 'Object Repository/MOH AND GRN/Page_KDMC - CMS/input_txtdeal'

2018-05-09 16:05:29 - [TEST_STEP][PASSED] - Statement - return (java.lang.Math.floor((java.lang.Math.random() * ((max - min) + 1))) + min): Text '8.0' is set on object 'Object Repository/MOH AND GRN/Page_KDMC - CMS/input_txtdeal'

2018-05-09 16:05:29 - [MESSAGE][PASSED] - Text '8.0' is set on object 'Object Repository/MOH AND GRN/Page_KDMC - CMS/input_txtdeal'

2018-05-09 16:05:29 - [TEST_STEP][PASSED] - setText: Finding Test Object with id 'Object Repository/MOH AND GRN/Page_KDMC - CMS/input_txtbatchno'

2018-05-09 16:05:29 - [TEST_STEP][PASSED] - Statement - switch (id): Finding Test Object with id 'Object Repository/MOH AND GRN/Page_KDMC - CMS/input_txtmrp'

2018-05-09 16:05:29 - [TEST_STEP][PASSED] - Statement - case 1:: Text 'BA496.0' is set on object 'Object Repository/MOH AND GRN/Page_KDMC - CMS/input_txtbatchno'

2018-05-09 16:05:29 - [TEST_STEP][PASSED] - Statement - return (java.lang.Math.floor((java.lang.Math.random() * ((max - min) + 1))) + min): Text 'BA496.0' is set on object 'Object Repository/MOH AND GRN/Page_KDMC - CMS/input_txtbatchno'

2018-05-09 16:05:29 - [MESSAGE][PASSED] - Text 'BA496.0' is set on object 'Object Repository/MOH AND GRN/Page_KDMC - CMS/input_txtbatchno'

2018-05-09 16:05:29 - [TEST_STEP][PASSED] - rightClick: Object: 'Object Repository/GRN/Page_KDMC - CMS/input_txtexpdate' is right clicked on

2018-05-09 16:05:29 - [MESSAGE][PASSED] - Object: 'Object Repository/GRN/Page_KDMC - CMS/input_txtexpdate' is right clicked on

2018-05-09 16:05:29 - [TEST_STEP][PASSED] - selectOptionByIndex: All options with index in [1] are selected on object 'Object Repository/GRN/Page_KDMC - CMS/select_20182019202020212022202'

2018-05-09 16:05:29 - [MESSAGE][PASSED] - All options with index in [1] are selected on object 'Object Repository/GRN/Page_KDMC - CMS/select_20182019202020212022202'

2018-05-09 16:05:29 - [TEST_STEP][PASSED] - selectOptionByIndex: All options with index in [1] are selected on object 'Object Repository/GRN/Page_KDMC - CMS/select_JanFebMarAprMayJunJulAu'

2018-05-09 16:05:29 - [MESSAGE][PASSED] - All options with index in [1] are selected on object 'Object Repository/GRN/Page_KDMC - CMS/select_JanFebMarAprMayJunJulAu'

2018-05-09 16:05:29 - [TEST_STEP][PASSED] - click: Object: 'Object Repository/MOH AND GRN/Page_KDMC - CMS/a_12' is clicked on

2018-05-09 16:05:29 - [MESSAGE][PASSED] - Object: 'Object Repository/MOH AND GRN/Page_KDMC - CMS/a_12' is clicked on

2018-05-09 16:05:29 - [TEST_STEP][PASSED] - click: Object: 'Object Repository/MOH AND GRN/Page_KDMC - CMS/input_btnadd' is clicked on

2018-05-09 16:05:30 - [MESSAGE][PASSED] - Object: 'Object Repository/MOH AND GRN/Page_KDMC - CMS/input_btnadd' is clicked on

2018-05-09 16:05:30 - [TEST_STEP][PASSED] - Statement - If (s == 10): null

2018-05-09 16:05:30 - [TEST_STEP][PASSED] - Statement - Else: null

2018-05-09 16:05:30 - [TEST_STEP][PASSED] - Statement - (s++): null

2018-05-09 16:05:30 - [TEST_STEP][PASSED] - delay: Delayed 1 second(s)

2018-05-09 16:05:31 - [MESSAGE][PASSED] - Delayed 1 second(s)

2018-05-09 16:05:31 - [TEST_STEP][PASSED] - selectOptionByIndex: All options with index in [2] are selected on object 'Object Repository/MOH AND GRN/Page_KDMC - CMS/select_--Select--Amikacin -500'

2018-05-09 16:05:31 - [MESSAGE][PASSED] - All options with index in [2] are selected on object 'Object Repository/MOH AND GRN/Page_KDMC - CMS/select_--Select--Amikacin -500'

2018-05-09 16:05:31 - [TEST_STEP][PASSED] - setText: Text '5000' is set on object 'Object Repository/MOH AND GRN/Page_KDMC - CMS/input_txtqty'

2018-05-09 16:05:31 - [MESSAGE][PASSED] - Text '5000' is set on object 'Object Repository/MOH AND GRN/Page_KDMC - CMS/input_txtqty'

2018-05-09 16:05:31 - [TEST_STEP][PASSED] - selectOptionByIndex: All options with index in [1] are selected on object 'Object Repository/MOH AND GRN/Page_KDMC - CMS/select_--Select--No Tax0'

2018-05-09 16:05:31 - [MESSAGE][PASSED] - All options with index in [1] are selected on object 'Object Repository/MOH AND GRN/Page_KDMC - CMS/select_--Select--No Tax0'

2018-05-09 16:05:31 - [TEST_STEP][PASSED] - setText: Finding Test Object with id 'Object Repository/MOH AND GRN/Page_KDMC - CMS/input_txtmrp'

2018-05-09 16:05:31 - [TEST_STEP][PASSED] - Statement - switch (id): Finding Test Object with id 'Object Repository/MOH AND GRN/Page_KDMC - CMS/input_txtdeal'

2018-05-09 16:05:31 - [TEST_STEP][PASSED] - Statement - case 4:: Text '33.0' is set on object 'Object Repository/MOH AND GRN/Page_KDMC - CMS/input_txtmrp'

2018-05-09 16:05:31 - [TEST_STEP][PASSED] - Statement - return (java.lang.Math.floor((java.lang.Math.random() * ((max - min) + 1))) + min): Text '33.0' is set on object 'Object Repository/MOH AND GRN/Page_KDMC - CMS/input_txtmrp'

2018-05-09 16:05:31 - [MESSAGE][PASSED] - Text '33.0' is set on object 'Object Repository/MOH AND GRN/Page_KDMC - CMS/input_txtmrp'

2018-05-09 16:05:31 - [TEST_STEP][PASSED] - setText: Finding Test Object with id 'Object Repository/MOH AND GRN/Page_KDMC - CMS/input_txtdeal'

2018-05-09 16:05:31 - [TEST_STEP][PASSED] - Statement - switch (id): Finding Test Object with id 'Object Repository/MOH AND GRN/Page_KDMC - CMS/input_txtbatchno'

2018-05-09 16:05:31 - [TEST_STEP][PASSED] - Statement - case 5:: Text '10.0' is set on object 'Object Repository/MOH AND GRN/Page_KDMC - CMS/input_txtdeal'

2018-05-09 16:05:31 - [TEST_STEP][PASSED] - Statement - return (java.lang.Math.floor((java.lang.Math.random() * ((max - min) + 1))) + min): Text '10.0' is set on object 'Object Repository/MOH AND GRN/Page_KDMC - CMS/input_txtdeal'

2018-05-09 16:05:31 - [MESSAGE][PASSED] - Text '10.0' is set on object 'Object Repository/MOH AND GRN/Page_KDMC - CMS/input_txtdeal'

2018-05-09 16:05:31 - [TEST_STEP][PASSED] - setText: Finding Test Object with id 'Object Repository/MOH AND GRN/Page_KDMC - CMS/input_txtbatchno'

2018-05-09 16:05:31 - [TEST_STEP][PASSED] - Statement - switch (id): Finding Test Object with id 'Object Repository/MOH AND GRN/Page_KDMC - CMS/input_txtmrp'

2018-05-09 16:05:31 - [TEST_STEP][PASSED] - Statement - case 1:: Text 'BA96.0' is set on object 'Object Repository/MOH AND GRN/Page_KDMC - CMS/input_txtbatchno'

2018-05-09 16:05:31 - [TEST_STEP][PASSED] - Statement - return (java.lang.Math.floor((java.lang.Math.random() * ((max - min) + 1))) + min): Text 'BA96.0' is set on object 'Object Repository/MOH AND GRN/Page_KDMC - CMS/input_txtbatchno'

2018-05-09 16:05:31 - [MESSAGE][PASSED] - Text 'BA96.0' is set on object 'Object Repository/MOH AND GRN/Page_KDMC - CMS/input_txtbatchno'

2018-05-09 16:05:31 - [TEST_STEP][PASSED] - rightClick: Object: 'Object Repository/GRN/Page_KDMC - CMS/input_txtexpdate' is right clicked on

2018-05-09 16:05:31 - [MESSAGE][PASSED] - Object: 'Object Repository/GRN/Page_KDMC - CMS/input_txtexpdate' is right clicked on

2018-05-09 16:05:31 - [TEST_STEP][PASSED] - selectOptionByIndex: All options with index in [2] are selected on object 'Object Repository/GRN/Page_KDMC - CMS/select_20182019202020212022202'

2018-05-09 16:05:31 - [MESSAGE][PASSED] - All options with index in [2] are selected on object 'Object Repository/GRN/Page_KDMC - CMS/select_20182019202020212022202'

2018-05-09 16:05:31 - [TEST_STEP][PASSED] - selectOptionByIndex: All options with index in [2] are selected on object 'Object Repository/GRN/Page_KDMC - CMS/select_JanFebMarAprMayJunJulAu'

2018-05-09 16:05:32 - [MESSAGE][PASSED] - All options with index in [2] are selected on object 'Object Repository/GRN/Page_KDMC - CMS/select_JanFebMarAprMayJunJulAu'

2018-05-09 16:05:32 - [TEST_STEP][PASSED] - click: Object: 'Object Repository/MOH AND GRN/Page_KDMC - CMS/a_12' is clicked on

2018-05-09 16:05:32 - [MESSAGE][PASSED] - Object: 'Object Repository/MOH AND GRN/Page_KDMC - CMS/a_12' is clicked on

2018-05-09 16:05:32 - [TEST_STEP][PASSED] - click: Object: 'Object Repository/MOH AND GRN/Page_KDMC - CMS/input_btnadd' is clicked on

2018-05-09 16:05:32 - [MESSAGE][PASSED] - Object: 'Object Repository/MOH AND GRN/Page_KDMC - CMS/input_btnadd' is clicked on

2018-05-09 16:05:32 - [TEST_STEP][PASSED] - Statement - If (s == 10): null

2018-05-09 16:05:32 - [TEST_STEP][PASSED] - Statement - Else: null

2018-05-09 16:05:32 - [TEST_STEP][PASSED] - Statement - (s++): null

2018-05-09 16:05:32 - [TEST_STEP][PASSED] - delay: Delayed 1 second(s)

2018-05-09 16:05:33 - [MESSAGE][PASSED] - Delayed 1 second(s)

2018-05-09 16:05:33 - [TEST_STEP][PASSED] - selectOptionByIndex: All options with index in [3] are selected on object 'Object Repository/MOH AND GRN/Page_KDMC - CMS/select_--Select--Amikacin -500'

2018-05-09 16:05:33 - [MESSAGE][PASSED] - All options with index in [3] are selected on object 'Object Repository/MOH AND GRN/Page_KDMC - CMS/select_--Select--Amikacin -500'

2018-05-09 16:05:33 - [TEST_STEP][PASSED] - setText: Text '5000' is set on object 'Object Repository/MOH AND GRN/Page_KDMC - CMS/input_txtqty'

2018-05-09 16:05:33 - [MESSAGE][PASSED] - Text '5000' is set on object 'Object Repository/MOH AND GRN/Page_KDMC - CMS/input_txtqty'

2018-05-09 16:05:33 - [TEST_STEP][PASSED] - selectOptionByIndex: All options with index in [1] are selected on object 'Object Repository/MOH AND GRN/Page_KDMC - CMS/select_--Select--No Tax0'

2018-05-09 16:05:33 - [MESSAGE][PASSED] - All options with index in [1] are selected on object 'Object Repository/MOH AND GRN/Page_KDMC - CMS/select_--Select--No Tax0'

2018-05-09 16:05:33 - [TEST_STEP][PASSED] - setText: Finding Test Object with id 'Object Repository/MOH AND GRN/Page_KDMC - CMS/input_txtmrp'

2018-05-09 16:05:33 - [TEST_STEP][PASSED] - Statement - switch (id): Finding Test Object with id 'Object Repository/MOH AND GRN/Page_KDMC - CMS/input_txtdeal'

2018-05-09 16:05:33 - [TEST_STEP][PASSED] - Statement - case 4:: Text '22.0' is set on object 'Object Repository/MOH AND GRN/Page_KDMC - CMS/input_txtmrp'

2018-05-09 16:05:33 - [TEST_STEP][PASSED] - Statement - return (java.lang.Math.floor((java.lang.Math.random() * ((max - min) + 1))) + min): Text '22.0' is set on object 'Object Repository/MOH AND GRN/Page_KDMC - CMS/input_txtmrp'

2018-05-09 16:05:33 - [MESSAGE][PASSED] - Text '22.0' is set on object 'Object Repository/MOH AND GRN/Page_KDMC - CMS/input_txtmrp'

2018-05-09 16:05:33 - [TEST_STEP][PASSED] - setText: Finding Test Object with id 'Object Repository/MOH AND GRN/Page_KDMC - CMS/input_txtdeal'

2018-05-09 16:05:33 - [TEST_STEP][PASSED] - Statement - switch (id): Finding Test Object with id 'Object Repository/MOH AND GRN/Page_KDMC - CMS/input_txtbatchno'

2018-05-09 16:05:33 - [TEST_STEP][PASSED] - Statement - case 5:: Text '6.0' is set on object 'Object Repository/MOH AND GRN/Page_KDMC - CMS/input_txtdeal'

2018-05-09 16:05:33 - [TEST_STEP][PASSED] - Statement - return (java.lang.Math.floor((java.lang.Math.random() * ((max - min) + 1))) + min): Text '6.0' is set on object 'Object Repository/MOH AND GRN/Page_KDMC - CMS/input_txtdeal'

2018-05-09 16:05:33 - [MESSAGE][PASSED] - Text '6.0' is set on object 'Object Repository/MOH AND GRN/Page_KDMC - CMS/input_txtdeal'

2018-05-09 16:05:33 - [TEST_STEP][PASSED] - setText: Finding Test Object with id 'Object Repository/MOH AND GRN/Page_KDMC - CMS/input_txtbatchno'

2018-05-09 16:05:33 - [TEST_STEP][PASSED] - Statement - switch (id): Finding Test Object with id 'Object Repository/MOH AND GRN/Page_KDMC - CMS/input_txtmrp'

2018-05-09 16:05:33 - [TEST_STEP][PASSED] - Statement - case 1:: Text 'BA488.0' is set on object 'Object Repository/MOH AND GRN/Page_KDMC - CMS/input_txtbatchno'

2018-05-09 16:05:33 - [TEST_STEP][PASSED] - Statement - return (java.lang.Math.floor((java.lang.Math.random() * ((max - min) + 1))) + min): Text 'BA488.0' is set on object 'Object Repository/MOH AND GRN/Page_KDMC - CMS/input_txtbatchno'

2018-05-09 16:05:33 - [MESSAGE][PASSED] - Text 'BA488.0' is set on object 'Object Repository/MOH AND GRN/Page_KDMC - CMS/input_txtbatchno'

2018-05-09 16:05:33 - [TEST_STEP][PASSED] - rightClick: Object: 'Object Repository/GRN/Page_KDMC - CMS/input_txtexpdate' is right clicked on

2018-05-09 16:05:33 - [MESSAGE][PASSED] - Object: 'Object Repository/GRN/Page_KDMC - CMS/input_txtexpdate' is right clicked on

2018-05-09 16:05:33 - [TEST_STEP][PASSED] - selectOptionByIndex: All options with index in [3] are selected on object 'Object Repository/GRN/Page_KDMC - CMS/select_20182019202020212022202'

2018-05-09 16:05:34 - [MESSAGE][PASSED] - All options with index in [3] are selected on object 'Object Repository/GRN/Page_KDMC - CMS/select_20182019202020212022202'

2018-05-09 16:05:34 - [TEST_STEP][PASSED] - selectOptionByIndex: All options with index in [3] are selected on object 'Object Repository/GRN/Page_KDMC - CMS/select_JanFebMarAprMayJunJulAu'

2018-05-09 16:05:34 - [MESSAGE][PASSED] - All options with index in [3] are selected on object 'Object Repository/GRN/Page_KDMC - CMS/select_JanFebMarAprMayJunJulAu'

2018-05-09 16:05:34 - [TEST_STEP][PASSED] - click: Object: 'Object Repository/MOH AND GRN/Page_KDMC - CMS/a_12' is clicked on

2018-05-09 16:05:34 - [MESSAGE][PASSED] - Object: 'Object Repository/MOH AND GRN/Page_KDMC - CMS/a_12' is clicked on

2018-05-09 16:05:34 - [TEST_STEP][PASSED] - click: Object: 'Object Repository/MOH AND GRN/Page_KDMC - CMS/input_btnadd' is clicked on

2018-05-09 16:05:34 - [MESSAGE][PASSED] - Object: 'Object Repository/MOH AND GRN/Page_KDMC - CMS/input_btnadd' is clicked on

2018-05-09 16:05:34 - [TEST_STEP][PASSED] - Statement - If (s == 10): null

2018-05-09 16:05:34 - [TEST_STEP][PASSED] - Statement - Else: null

2018-05-09 16:05:34 - [TEST_STEP][PASSED] - Statement - (s++): null

2018-05-09 16:05:34 - [TEST_STEP][PASSED] - delay: Delayed 1 second(s)

2018-05-09 16:05:35 - [MESSAGE][PASSED] - Delayed 1 second(s)

2018-05-09 16:05:35 - [TEST_STEP][PASSED] - selectOptionByIndex: All options with index in [4] are selected on object 'Object Repository/MOH AND GRN/Page_KDMC - CMS/select_--Select--Amikacin -500'

2018-05-09 16:05:35 - [MESSAGE][PASSED] - All options with index in [4] are selected on object 'Object Repository/MOH AND GRN/Page_KDMC - CMS/select_--Select--Amikacin -500'

2018-05-09 16:05:35 - [TEST_STEP][PASSED] - setText: Text '5000' is set on object 'Object Repository/MOH AND GRN/Page_KDMC - CMS/input_txtqty'

2018-05-09 16:05:35 - [MESSAGE][PASSED] - Text '5000' is set on object 'Object Repository/MOH AND GRN/Page_KDMC - CMS/input_txtqty'

2018-05-09 16:05:35 - [TEST_STEP][PASSED] - selectOptionByIndex: All options with index in [1] are selected on object 'Object Repository/MOH AND GRN/Page_KDMC - CMS/select_--Select--No Tax0'

2018-05-09 16:05:35 - [MESSAGE][PASSED] - All options with index in [1] are selected on object 'Object Repository/MOH AND GRN/Page_KDMC - CMS/select_--Select--No Tax0'

2018-05-09 16:05:35 - [TEST_STEP][PASSED] - setText: Finding Test Object with id 'Object Repository/MOH AND GRN/Page_KDMC - CMS/input_txtmrp'

2018-05-09 16:05:35 - [TEST_STEP][PASSED] - Statement - switch (id): Finding Test Object with id 'Object Repository/MOH AND GRN/Page_KDMC - CMS/input_txtdeal'

2018-05-09 16:05:35 - [TEST_STEP][PASSED] - Statement - case 4:: Text '20.0' is set on object 'Object Repository/MOH AND GRN/Page_KDMC - CMS/input_txtmrp'

2018-05-09 16:05:35 - [TEST_STEP][PASSED] - Statement - return (java.lang.Math.floor((java.lang.Math.random() * ((max - min) + 1))) + min): Text '20.0' is set on object 'Object Repository/MOH AND GRN/Page_KDMC - CMS/input_txtmrp'

2018-05-09 16:05:35 - [MESSAGE][PASSED] - Text '20.0' is set on object 'Object Repository/MOH AND GRN/Page_KDMC - CMS/input_txtmrp'

2018-05-09 16:05:35 - [TEST_STEP][PASSED] - setText: Finding Test Object with id 'Object Repository/MOH AND GRN/Page_KDMC - CMS/input_txtdeal'

2018-05-09 16:05:35 - [TEST_STEP][PASSED] - Statement - switch (id): Finding Test Object with id 'Object Repository/MOH AND GRN/Page_KDMC - CMS/input_txtbatchno'

2018-05-09 16:05:35 - [TEST_STEP][PASSED] - Statement - case 5:: Text '5.0' is set on object 'Object Repository/MOH AND GRN/Page_KDMC - CMS/input_txtdeal'

2018-05-09 16:05:35 - [TEST_STEP][PASSED] - Statement - return (java.lang.Math.floor((java.lang.Math.random() * ((max - min) + 1))) + min): Text '5.0' is set on object 'Object Repository/MOH AND GRN/Page_KDMC - CMS/input_txtdeal'

2018-05-09 16:05:35 - [MESSAGE][PASSED] - Text '5.0' is set on object 'Object Repository/MOH AND GRN/Page_KDMC - CMS/input_txtdeal'

2018-05-09 16:05:35 - [TEST_STEP][PASSED] - setText: Finding Test Object with id 'Object Repository/MOH AND GRN/Page_KDMC - CMS/input_txtbatchno'

2018-05-09 16:05:35 - [TEST_STEP][PASSED] - Statement - switch (id): Finding Test Object with id 'Object Repository/MOH AND GRN/Page_KDMC - CMS/input_txtmrp'

2018-05-09 16:05:35 - [TEST_STEP][PASSED] - Statement - case 1:: Text 'BA847.0' is set on object 'Object Repository/MOH AND GRN/Page_KDMC - CMS/input_txtbatchno'

2018-05-09 16:05:35 - [TEST_STEP][PASSED] - Statement - return (java.lang.Math.floor((java.lang.Math.random() * ((max - min) + 1))) + min): Text 'BA847.0' is set on object 'Object Repository/MOH AND GRN/Page_KDMC - CMS/input_txtbatchno'

2018-05-09 16:05:36 - [MESSAGE][PASSED] - Text 'BA847.0' is set on object 'Object Repository/MOH AND GRN/Page_KDMC - CMS/input_txtbatchno'

2018-05-09 16:05:36 - [TEST_STEP][PASSED] - rightClick: Object: 'Object Repository/GRN/Page_KDMC - CMS/input_txtexpdate' is right clicked on

2018-05-09 16:05:36 - [MESSAGE][PASSED] - Object: 'Object Repository/GRN/Page_KDMC - CMS/input_txtexpdate' is right clicked on

2018-05-09 16:05:36 - [TEST_STEP][PASSED] - selectOptionByIndex: All options with index in [4] are selected on object 'Object Repository/GRN/Page_KDMC - CMS/select_20182019202020212022202'

2018-05-09 16:05:36 - [MESSAGE][PASSED] - All options with index in [4] are selected on object 'Object Repository/GRN/Page_KDMC - CMS/select_20182019202020212022202'

2018-05-09 16:05:36 - [TEST_STEP][PASSED] - selectOptionByIndex: All options with index in [4] are selected on object 'Object Repository/GRN/Page_KDMC - CMS/select_JanFebMarAprMayJunJulAu'

2018-05-09 16:05:36 - [MESSAGE][PASSED] - All options with index in [4] are selected on object 'Object Repository/GRN/Page_KDMC - CMS/select_JanFebMarAprMayJunJulAu'

2018-05-09 16:05:36 - [TEST_STEP][PASSED] - click: Object: 'Object Repository/MOH AND GRN/Page_KDMC - CMS/a_12' is clicked on

2018-05-09 16:05:36 - [MESSAGE][PASSED] - Object: 'Object Repository/MOH AND GRN/Page_KDMC - CMS/a_12' is clicked on

2018-05-09 16:05:36 - [TEST_STEP][PASSED] - click: Object: 'Object Repository/MOH AND GRN/Page_KDMC - CMS/input_btnadd' is clicked on

2018-05-09 16:05:36 - [MESSAGE][PASSED] - Object: 'Object Repository/MOH AND GRN/Page_KDMC - CMS/input_btnadd' is clicked on

2018-05-09 16:05:36 - [TEST_STEP][PASSED] - Statement - If (s == 10): null

2018-05-09 16:05:36 - [TEST_STEP][PASSED] - Statement - Else: null

2018-05-09 16:05:36 - [TEST_STEP][PASSED] - Statement - (s++): null

2018-05-09 16:05:36 - [TEST_STEP][PASSED] - delay: Delayed 1 second(s)

2018-05-09 16:05:37 - [MESSAGE][PASSED] - Delayed 1 second(s)

2018-05-09 16:05:37 - [TEST_STEP][PASSED] - selectOptionByIndex: All options with index in [5] are selected on object 'Object Repository/MOH AND GRN/Page_KDMC - CMS/select_--Select--Amikacin -500'

2018-05-09 16:05:37 - [MESSAGE][PASSED] - All options with index in [5] are selected on object 'Object Repository/MOH AND GRN/Page_KDMC - CMS/select_--Select--Amikacin -500'

2018-05-09 16:05:37 - [TEST_STEP][PASSED] - setText: Text '5000' is set on object 'Object Repository/MOH AND GRN/Page_KDMC - CMS/input_txtqty'

2018-05-09 16:05:37 - [MESSAGE][PASSED] - Text '5000' is set on object 'Object Repository/MOH AND GRN/Page_KDMC - CMS/input_txtqty'

2018-05-09 16:05:37 - [TEST_STEP][PASSED] - selectOptionByIndex: All options with index in [1] are selected on object 'Object Repository/MOH AND GRN/Page_KDMC - CMS/select_--Select--No Tax0'

2018-05-09 16:05:37 - [MESSAGE][PASSED] - All options with index in [1] are selected on object 'Object Repository/MOH AND GRN/Page_KDMC - CMS/select_--Select--No Tax0'

2018-05-09 16:05:37 - [TEST_STEP][PASSED] - setText: Finding Test Object with id 'Object Repository/MOH AND GRN/Page_KDMC - CMS/input_txtmrp'

2018-05-09 16:05:37 - [TEST_STEP][PASSED] - Statement - switch (id): Finding Test Object with id 'Object Repository/MOH AND GRN/Page_KDMC - CMS/input_txtdeal'

2018-05-09 16:05:37 - [TEST_STEP][PASSED] - Statement - case 4:: Text '45.0' is set on object 'Object Repository/MOH AND GRN/Page_KDMC - CMS/input_txtmrp'

2018-05-09 16:05:37 - [TEST_STEP][PASSED] - Statement - return (java.lang.Math.floor((java.lang.Math.random() * ((max - min) + 1))) + min): Text '45.0' is set on object 'Object Repository/MOH AND GRN/Page_KDMC - CMS/input_txtmrp'

2018-05-09 16:05:38 - [MESSAGE][PASSED] - Text '45.0' is set on object 'Object Repository/MOH AND GRN/Page_KDMC - CMS/input_txtmrp'

2018-05-09 16:05:38 - [TEST_STEP][PASSED] - setText: Finding Test Object with id 'Object Repository/MOH AND GRN/Page_KDMC - CMS/input_txtdeal'

2018-05-09 16:05:38 - [TEST_STEP][PASSED] - Statement - switch (id): Finding Test Object with id 'Object Repository/MOH AND GRN/Page_KDMC - CMS/input_txtbatchno'

2018-05-09 16:05:38 - [TEST_STEP][PASSED] - Statement - case 5:: Text '11.0' is set on object 'Object Repository/MOH AND GRN/Page_KDMC - CMS/input_txtdeal'

2018-05-09 16:05:38 - [TEST_STEP][PASSED] - Statement - return (java.lang.Math.floor((java.lang.Math.random() * ((max - min) + 1))) + min): Text '11.0' is set on object 'Object Repository/MOH AND GRN/Page_KDMC - CMS/input_txtdeal'

2018-05-09 16:05:38 - [MESSAGE][PASSED] - Text '11.0' is set on object 'Object Repository/MOH AND GRN/Page_KDMC - CMS/input_txtdeal'

2018-05-09 16:05:38 - [TEST_STEP][PASSED] - setText: Finding Test Object with id 'Object Repository/MOH AND GRN/Page_KDMC - CMS/input_txtbatchno'

2018-05-09 16:05:38 - [TEST_STEP][PASSED] - Statement - switch (id): Finding Test Object with id 'Object Repository/MOH AND GRN/Page_KDMC - CMS/input_txtmrp'

2018-05-09 16:05:38 - [TEST_STEP][PASSED] - Statement - case 1:: Text 'BA96.0' is set on object 'Object Repository/MOH AND GRN/Page_KDMC - CMS/input_txtbatchno'

2018-05-09 16:05:38 - [TEST_STEP][PASSED] - Statement - return (java.lang.Math.floor((java.lang.Math.random() * ((max - min) + 1))) + min): Text 'BA96.0' is set on object 'Object Repository/MOH AND GRN/Page_KDMC - CMS/input_txtbatchno'

2018-05-09 16:05:38 - [MESSAGE][PASSED] - Text 'BA96.0' is set on object 'Object Repository/MOH AND GRN/Page_KDMC - CMS/input_txtbatchno'

2018-05-09 16:05:38 - [TEST_STEP][PASSED] - rightClick: Object: 'Object Repository/GRN/Page_KDMC - CMS/input_txtexpdate' is right clicked on

2018-05-09 16:05:38 - [MESSAGE][PASSED] - Object: 'Object Repository/GRN/Page_KDMC - CMS/input_txtexpdate' is right clicked on

2018-05-09 16:05:38 - [TEST_STEP][PASSED] - selectOptionByIndex: All options with index in [5] are selected on object 'Object Repository/GRN/Page_KDMC - CMS/select_20182019202020212022202'

2018-05-09 16:05:38 - [MESSAGE][PASSED] - All options with index in [5] are selected on object 'Object Repository/GRN/Page_KDMC - CMS/select_20182019202020212022202'

2018-05-09 16:05:38 - [TEST_STEP][PASSED] - selectOptionByIndex: All options with index in [5] are selected on object 'Object Repository/GRN/Page_KDMC - CMS/select_JanFebMarAprMayJunJulAu'

2018-05-09 16:05:38 - [MESSAGE][PASSED] - All options with index in [5] are selected on object 'Object Repository/GRN/Page_KDMC - CMS/select_JanFebMarAprMayJunJulAu'

2018-05-09 16:05:38 - [TEST_STEP][PASSED] - click: Object: 'Object Repository/MOH AND GRN/Page_KDMC - CMS/a_12' is clicked on

2018-05-09 16:05:38 - [MESSAGE][PASSED] - Object: 'Object Repository/MOH AND GRN/Page_KDMC - CMS/a_12' is clicked on

2018-05-09 16:05:38 - [TEST_STEP][PASSED] - click: Object: 'Object Repository/MOH AND GRN/Page_KDMC - CMS/input_btnadd' is clicked on

2018-05-09 16:05:38 - [MESSAGE][PASSED] - Object: 'Object Repository/MOH AND GRN/Page_KDMC - CMS/input_btnadd' is clicked on

2018-05-09 16:05:38 - [TEST_STEP][PASSED] - Statement - If (s == 10): null

2018-05-09 16:05:38 - [TEST_STEP][PASSED] - Statement - Else: null

2018-05-09 16:05:38 - [TEST_STEP][PASSED] - Statement - (s++): null

2018-05-09 16:05:38 - [TEST_STEP][PASSED] - delay: Delayed 1 second(s)

2018-05-09 16:05:39 - [MESSAGE][PASSED] - Delayed 1 second(s)

2018-05-09 16:05:39 - [TEST_STEP][PASSED] - selectOptionByIndex: All options with index in [6] are selected on object 'Object Repository/MOH AND GRN/Page_KDMC - CMS/select_--Select--Amikacin -500'

2018-05-09 16:05:39 - [MESSAGE][PASSED] - All options with index in [6] are selected on object 'Object Repository/MOH AND GRN/Page_KDMC - CMS/select_--Select--Amikacin -500'

2018-05-09 16:05:39 - [TEST_STEP][PASSED] - setText: Text '5000' is set on object 'Object Repository/MOH AND GRN/Page_KDMC - CMS/input_txtqty'

2018-05-09 16:05:40 - [MESSAGE][PASSED] - Text '5000' is set on object 'Object Repository/MOH AND GRN/Page_KDMC - CMS/input_txtqty'

2018-05-09 16:05:40 - [TEST_STEP][PASSED] - selectOptionByIndex: All options with index in [1] are selected on object 'Object Repository/MOH AND GRN/Page_KDMC - CMS/select_--Select--No Tax0'

2018-05-09 16:05:40 - [MESSAGE][PASSED] - All options with index in [1] are selected on object 'Object Repository/MOH AND GRN/Page_KDMC - CMS/select_--Select--No Tax0'

2018-05-09 16:05:40 - [TEST_STEP][PASSED] - setText: Finding Test Object with id 'Object Repository/MOH AND GRN/Page_KDMC - CMS/input_txtmrp'

2018-05-09 16:05:40 - [TEST_STEP][PASSED] - Statement - switch (id): Finding Test Object with id 'Object Repository/MOH AND GRN/Page_KDMC - CMS/input_txtdeal'

2018-05-09 16:05:40 - [TEST_STEP][PASSED] - Statement - case 4:: Text '20.0' is set on object 'Object Repository/MOH AND GRN/Page_KDMC - CMS/input_txtmrp'

2018-05-09 16:05:40 - [TEST_STEP][PASSED] - Statement - return (java.lang.Math.floor((java.lang.Math.random() * ((max - min) + 1))) + min): Text '20.0' is set on object 'Object Repository/MOH AND GRN/Page_KDMC - CMS/input_txtmrp'

2018-05-09 16:05:40 - [MESSAGE][PASSED] - Text '20.0' is set on object 'Object Repository/MOH AND GRN/Page_KDMC - CMS/input_txtmrp'

2018-05-09 16:05:40 - [TEST_STEP][PASSED] - setText: Finding Test Object with id 'Object Repository/MOH AND GRN/Page_KDMC - CMS/input_txtdeal'

2018-05-09 16:05:40 - [TEST_STEP][PASSED] - Statement - switch (id): Finding Test Object with id 'Object Repository/MOH AND GRN/Page_KDMC - CMS/input_txtbatchno'

2018-05-09 16:05:40 - [TEST_STEP][PASSED] - Statement - case 5:: Text '10.0' is set on object 'Object Repository/MOH AND GRN/Page_KDMC - CMS/input_txtdeal'

2018-05-09 16:05:40 - [TEST_STEP][PASSED] - Statement - return (java.lang.Math.floor((java.lang.Math.random() * ((max - min) + 1))) + min): Text '10.0' is set on object 'Object Repository/MOH AND GRN/Page_KDMC - CMS/input_txtdeal'

2018-05-09 16:05:40 - [MESSAGE][PASSED] - Text '10.0' is set on object 'Object Repository/MOH AND GRN/Page_KDMC - CMS/input_txtdeal'

2018-05-09 16:05:40 - [TEST_STEP][PASSED] - setText: Finding Test Object with id 'Object Repository/MOH AND GRN/Page_KDMC - CMS/input_txtbatchno'

2018-05-09 16:05:40 - [TEST_STEP][PASSED] - Statement - switch (id): Finding Test Object with id 'Object Repository/MOH AND GRN/Page_KDMC - CMS/input_txtmrp'

2018-05-09 16:05:40 - [TEST_STEP][PASSED] - Statement - case 1:: Text 'BA858.0' is set on object 'Object Repository/MOH AND GRN/Page_KDMC - CMS/input_txtbatchno'

2018-05-09 16:05:40 - [TEST_STEP][PASSED] - Statement - return (java.lang.Math.floor((java.lang.Math.random() * ((max - min) + 1))) + min): Text 'BA858.0' is set on object 'Object Repository/MOH AND GRN/Page_KDMC - CMS/input_txtbatchno'

2018-05-09 16:05:40 - [MESSAGE][PASSED] - Text 'BA858.0' is set on object 'Object Repository/MOH AND GRN/Page_KDMC - CMS/input_txtbatchno'

2018-05-09 16:05:40 - [TEST_STEP][PASSED] - rightClick: Object: 'Object Repository/GRN/Page_KDMC - CMS/input_txtexpdate' is right clicked on

2018-05-09 16:05:40 - [MESSAGE][PASSED] - Object: 'Object Repository/GRN/Page_KDMC - CMS/input_txtexpdate' is right clicked on

2018-05-09 16:05:40 - [TEST_STEP][PASSED] - selectOptionByIndex: All options with index in [6] are selected on object 'Object Repository/GRN/Page_KDMC - CMS/select_20182019202020212022202'

2018-05-09 16:05:40 - [MESSAGE][PASSED] - All options with index in [6] are selected on object 'Object Repository/GRN/Page_KDMC - CMS/select_20182019202020212022202'

2018-05-09 16:05:40 - [TEST_STEP][PASSED] - selectOptionByIndex: All options with index in [6] are selected on object 'Object Repository/GRN/Page_KDMC - CMS/select_JanFebMarAprMayJunJulAu'

2018-05-09 16:05:40 - [MESSAGE][PASSED] - All options with index in [6] are selected on object 'Object Repository/GRN/Page_KDMC - CMS/select_JanFebMarAprMayJunJulAu'

2018-05-09 16:05:40 - [TEST_STEP][PASSED] - click: Object: 'Object Repository/MOH AND GRN/Page_KDMC - CMS/a_12' is clicked on

2018-05-09 16:05:40 - [MESSAGE][PASSED] - Object: 'Object Repository/MOH AND GRN/Page_KDMC - CMS/a_12' is clicked on

2018-05-09 16:05:40 - [TEST_STEP][PASSED] - click: Object: 'Object Repository/MOH AND GRN/Page_KDMC - CMS/input_btnadd' is clicked on

2018-05-09 16:05:41 - [MESSAGE][PASSED] - Object: 'Object Repository/MOH AND GRN/Page_KDMC - CMS/input_btnadd' is clicked on

2018-05-09 16:05:41 - [TEST_STEP][PASSED] - Statement - If (s == 10): null

2018-05-09 16:05:41 - [TEST_STEP][PASSED] - Statement - Else: null

2018-05-09 16:05:41 - [TEST_STEP][PASSED] - Statement - (s++): null

2018-05-09 16:05:41 - [TEST_STEP][PASSED] - delay: Delayed 1 second(s)

2018-05-09 16:05:42 - [MESSAGE][PASSED] - Delayed 1 second(s)

2018-05-09 16:05:42 - [TEST_STEP][PASSED] - selectOptionByIndex: All options with index in [7] are selected on object 'Object Repository/MOH AND GRN/Page_KDMC - CMS/select_--Select--Amikacin -500'

2018-05-09 16:05:42 - [MESSAGE][PASSED] - All options with index in [7] are selected on object 'Object Repository/MOH AND GRN/Page_KDMC - CMS/select_--Select--Amikacin -500'

2018-05-09 16:05:42 - [TEST_STEP][PASSED] - setText: Text '5000' is set on object 'Object Repository/MOH AND GRN/Page_KDMC - CMS/input_txtqty'

2018-05-09 16:05:42 - [MESSAGE][PASSED] - Text '5000' is set on object 'Object Repository/MOH AND GRN/Page_KDMC - CMS/input_txtqty'

2018-05-09 16:05:42 - [TEST_STEP][PASSED] - selectOptionByIndex: All options with index in [1] are selected on object 'Object Repository/MOH AND GRN/Page_KDMC - CMS/select_--Select--No Tax0'

2018-05-09 16:05:42 - [MESSAGE][PASSED] - All options with index in [1] are selected on object 'Object Repository/MOH AND GRN/Page_KDMC - CMS/select_--Select--No Tax0'

2018-05-09 16:05:42 - [TEST_STEP][PASSED] - setText: Finding Test Object with id 'Object Repository/MOH AND GRN/Page_KDMC - CMS/input_txtmrp'

2018-05-09 16:05:42 - [TEST_STEP][PASSED] - Statement - switch (id): Finding Test Object with id 'Object Repository/MOH AND GRN/Page_KDMC - CMS/input_txtdeal'

2018-05-09 16:05:42 - [TEST_STEP][PASSED] - Statement - case 4:: Text '25.0' is set on object 'Object Repository/MOH AND GRN/Page_KDMC - CMS/input_txtmrp'

2018-05-09 16:05:42 - [TEST_STEP][PASSED] - Statement - return (java.lang.Math.floor((java.lang.Math.random() * ((max - min) + 1))) + min): Text '25.0' is set on object 'Object Repository/MOH AND GRN/Page_KDMC - CMS/input_txtmrp'

2018-05-09 16:05:42 - [MESSAGE][PASSED] - Text '25.0' is set on object 'Object Repository/MOH AND GRN/Page_KDMC - CMS/input_txtmrp'

2018-05-09 16:05:42 - [TEST_STEP][PASSED] - setText: Finding Test Object with id 'Object Repository/MOH AND GRN/Page_KDMC - CMS/input_txtdeal'

2018-05-09 16:05:42 - [TEST_STEP][PASSED] - Statement - switch (id): Finding Test Object with id 'Object Repository/MOH AND GRN/Page_KDMC - CMS/input_txtbatchno'

2018-05-09 16:05:42 - [TEST_STEP][PASSED] - Statement - case 5:: Text '9.0' is set on object 'Object Repository/MOH AND GRN/Page_KDMC - CMS/input_txtdeal'

2018-05-09 16:05:42 - [TEST_STEP][PASSED] - Statement - return (java.lang.Math.floor((java.lang.Math.random() * ((max - min) + 1))) + min): Text '9.0' is set on object 'Object Repository/MOH AND GRN/Page_KDMC - CMS/input_txtdeal'

2018-05-09 16:05:42 - [MESSAGE][PASSED] - Text '9.0' is set on object 'Object Repository/MOH AND GRN/Page_KDMC - CMS/input_txtdeal'

2018-05-09 16:05:42 - [TEST_STEP][PASSED] - setText: Finding Test Object with id 'Object Repository/MOH AND GRN/Page_KDMC - CMS/input_txtbatchno'

2018-05-09 16:05:42 - [TEST_STEP][PASSED] - Statement - switch (id): Finding Test Object with id 'Object Repository/MOH AND GRN/Page_KDMC - CMS/input_txtmrp'

2018-05-09 16:05:42 - [TEST_STEP][PASSED] - Statement - case 1:: Text 'BA726.0' is set on object 'Object Repository/MOH AND GRN/Page_KDMC - CMS/input_txtbatchno'

2018-05-09 16:05:42 - [TEST_STEP][PASSED] - Statement - return (java.lang.Math.floor((java.lang.Math.random() * ((max - min) + 1))) + min): Text 'BA726.0' is set on object 'Object Repository/MOH AND GRN/Page_KDMC - CMS/input_txtbatchno'

2018-05-09 16:05:42 - [MESSAGE][PASSED] - Text 'BA726.0' is set on object 'Object Repository/MOH AND GRN/Page_KDMC - CMS/input_txtbatchno'

2018-05-09 16:05:42 - [TEST_STEP][PASSED] - rightClick: Object: 'Object Repository/GRN/Page_KDMC - CMS/input_txtexpdate' is right clicked on

2018-05-09 16:05:42 - [MESSAGE][PASSED] - Object: 'Object Repository/GRN/Page_KDMC - CMS/input_txtexpdate' is right clicked on

2018-05-09 16:05:42 - [TEST_STEP][PASSED] - selectOptionByIndex: All options with index in [7] are selected on object 'Object Repository/GRN/Page_KDMC - CMS/select_20182019202020212022202'

2018-05-09 16:05:43 - [MESSAGE][PASSED] - All options with index in [7] are selected on object 'Object Repository/GRN/Page_KDMC - CMS/select_20182019202020212022202'

2018-05-09 16:05:43 - [TEST_STEP][PASSED] - selectOptionByIndex: All options with index in [7] are selected on object 'Object Repository/GRN/Page_KDMC - CMS/select_JanFebMarAprMayJunJulAu'

2018-05-09 16:05:43 - [MESSAGE][PASSED] - All options with index in [7] are selected on object 'Object Repository/GRN/Page_KDMC - CMS/select_JanFebMarAprMayJunJulAu'

2018-05-09 16:05:43 - [TEST_STEP][PASSED] - click: Object: 'Object Repository/MOH AND GRN/Page_KDMC - CMS/a_12' is clicked on

2018-05-09 16:05:43 - [MESSAGE][PASSED] - Object: 'Object Repository/MOH AND GRN/Page_KDMC - CMS/a_12' is clicked on

2018-05-09 16:05:43 - [TEST_STEP][PASSED] - click: Object: 'Object Repository/MOH AND GRN/Page_KDMC - CMS/input_btnadd' is clicked on

2018-05-09 16:05:43 - [MESSAGE][PASSED] - Object: 'Object Repository/MOH AND GRN/Page_KDMC - CMS/input_btnadd' is clicked on

2018-05-09 16:05:43 - [TEST_STEP][PASSED] - Statement - If (s == 10): null

2018-05-09 16:05:43 - [TEST_STEP][PASSED] - Statement - Else: null

2018-05-09 16:05:43 - [TEST_STEP][PASSED] - Statement - (s++): null

2018-05-09 16:05:43 - [TEST_STEP][PASSED] - delay: Delayed 1 second(s)

2018-05-09 16:05:44 - [MESSAGE][PASSED] - Delayed 1 second(s)

2018-05-09 16:05:44 - [TEST_STEP][PASSED] - selectOptionByIndex: All options with index in [8] are selected on object 'Object Repository/MOH AND GRN/Page_KDMC - CMS/select_--Select--Amikacin -500'

2018-05-09 16:05:44 - [MESSAGE][PASSED] - All options with index in [8] are selected on object 'Object Repository/MOH AND GRN/Page_KDMC - CMS/select_--Select--Amikacin -500'

2018-05-09 16:05:44 - [TEST_STEP][PASSED] - setText: Text '5000' is set on object 'Object Repository/MOH AND GRN/Page_KDMC - CMS/input_txtqty'

2018-05-09 16:05:44 - [MESSAGE][PASSED] - Text '5000' is set on object 'Object Repository/MOH AND GRN/Page_KDMC - CMS/input_txtqty'

2018-05-09 16:05:44 - [TEST_STEP][PASSED] - selectOptionByIndex: All options with index in [1] are selected on object 'Object Repository/MOH AND GRN/Page_KDMC - CMS/select_--Select--No Tax0'

2018-05-09 16:05:44 - [MESSAGE][PASSED] - All options with index in [1] are selected on object 'Object Repository/MOH AND GRN/Page_KDMC - CMS/select_--Select--No Tax0'

2018-05-09 16:05:44 - [TEST_STEP][PASSED] - setText: Finding Test Object with id 'Object Repository/MOH AND GRN/Page_KDMC - CMS/input_txtmrp'

2018-05-09 16:05:44 - [TEST_STEP][PASSED] - Statement - switch (id): Finding Test Object with id 'Object Repository/MOH AND GRN/Page_KDMC - CMS/input_txtdeal'

2018-05-09 16:05:44 - [TEST_STEP][PASSED] - Statement - case 4:: Text '43.0' is set on object 'Object Repository/MOH AND GRN/Page_KDMC - CMS/input_txtmrp'

2018-05-09 16:05:44 - [TEST_STEP][PASSED] - Statement - return (java.lang.Math.floor((java.lang.Math.random() * ((max - min) + 1))) + min): Text '43.0' is set on object 'Object Repository/MOH AND GRN/Page_KDMC - CMS/input_txtmrp'

2018-05-09 16:05:44 - [MESSAGE][PASSED] - Text '43.0' is set on object 'Object Repository/MOH AND GRN/Page_KDMC - CMS/input_txtmrp'

2018-05-09 16:05:44 - [TEST_STEP][PASSED] - setText: Finding Test Object with id 'Object Repository/MOH AND GRN/Page_KDMC - CMS/input_txtdeal'

2018-05-09 16:05:44 - [TEST_STEP][PASSED] - Statement - switch (id): Finding Test Object with id 'Object Repository/MOH AND GRN/Page_KDMC - CMS/input_txtbatchno'

2018-05-09 16:05:44 - [TEST_STEP][PASSED] - Statement - case 5:: Text '6.0' is set on object 'Object Repository/MOH AND GRN/Page_KDMC - CMS/input_txtdeal'

2018-05-09 16:05:44 - [TEST_STEP][PASSED] - Statement - return (java.lang.Math.floor((java.lang.Math.random() * ((max - min) + 1))) + min): Text '6.0' is set on object 'Object Repository/MOH AND GRN/Page_KDMC - CMS/input_txtdeal'

2018-05-09 16:05:44 - [MESSAGE][PASSED] - Text '6.0' is set on object 'Object Repository/MOH AND GRN/Page_KDMC - CMS/input_txtdeal'

2018-05-09 16:05:44 - [TEST_STEP][PASSED] - setText: Finding Test Object with id 'Object Repository/MOH AND GRN/Page_KDMC - CMS/input_txtbatchno'

2018-05-09 16:05:44 - [TEST_STEP][PASSED] - Statement - switch (id): Finding Test Object with id 'Object Repository/MOH AND GRN/Page_KDMC - CMS/input_txtmrp'

2018-05-09 16:05:44 - [TEST_STEP][PASSED] - Statement - case 1:: Text 'BA287.0' is set on object 'Object Repository/MOH AND GRN/Page_KDMC - CMS/input_txtbatchno'

2018-05-09 16:05:44 - [TEST_STEP][PASSED] - Statement - return (java.lang.Math.floor((java.lang.Math.random() * ((max - min) + 1))) + min): Text 'BA287.0' is set on object 'Object Repository/MOH AND GRN/Page_KDMC - CMS/input_txtbatchno'

2018-05-09 16:05:44 - [MESSAGE][PASSED] - Text 'BA287.0' is set on object 'Object Repository/MOH AND GRN/Page_KDMC - CMS/input_txtbatchno'

2018-05-09 16:05:44 - [TEST_STEP][PASSED] - rightClick: Object: 'Object Repository/GRN/Page_KDMC - CMS/input_txtexpdate' is right clicked on

2018-05-09 16:05:45 - [MESSAGE][PASSED] - Object: 'Object Repository/GRN/Page_KDMC - CMS/input_txtexpdate' is right clicked on

2018-05-09 16:05:45 - [TEST_STEP][PASSED] - selectOptionByIndex: All options with index in [8] are selected on object 'Object Repository/GRN/Page_KDMC - CMS/select_20182019202020212022202'

2018-05-09 16:05:45 - [MESSAGE][PASSED] - All options with index in [8] are selected on object 'Object Repository/GRN/Page_KDMC - CMS/select_20182019202020212022202'

2018-05-09 16:05:45 - [TEST_STEP][PASSED] - selectOptionByIndex: All options with index in [8] are selected on object 'Object Repository/GRN/Page_KDMC - CMS/select_JanFebMarAprMayJunJulAu'

2018-05-09 16:05:45 - [MESSAGE][PASSED] - All options with index in [8] are selected on object 'Object Repository/GRN/Page_KDMC - CMS/select_JanFebMarAprMayJunJulAu'

2018-05-09 16:05:45 - [TEST_STEP][PASSED] - click: Object: 'Object Repository/MOH AND GRN/Page_KDMC - CMS/a_12' is clicked on

2018-05-09 16:05:45 - [MESSAGE][PASSED] - Object: 'Object Repository/MOH AND GRN/Page_KDMC - CMS/a_12' is clicked on

2018-05-09 16:05:45 - [TEST_STEP][PASSED] - click: Object: 'Object Repository/MOH AND GRN/Page_KDMC - CMS/input_btnadd' is clicked on

2018-05-09 16:05:45 - [MESSAGE][PASSED] - Object: 'Object Repository/MOH AND GRN/Page_KDMC - CMS/input_btnadd' is clicked on

2018-05-09 16:05:45 - [TEST_STEP][PASSED] - Statement - If (s == 10): null

2018-05-09 16:05:45 - [TEST_STEP][PASSED] - Statement - Else: null

2018-05-09 16:05:45 - [TEST_STEP][PASSED] - Statement - (s++): null

2018-05-09 16:05:45 - [TEST_STEP][PASSED] - delay: Delayed 1 second(s)

2018-05-09 16:05:46 - [MESSAGE][PASSED] - Delayed 1 second(s)

2018-05-09 16:05:46 - [TEST_STEP][PASSED] - selectOptionByIndex: All options with index in [9] are selected on object 'Object Repository/MOH AND GRN/Page_KDMC - CMS/select_--Select--Amikacin -500'

2018-05-09 16:05:46 - [MESSAGE][PASSED] - All options with index in [9] are selected on object 'Object Repository/MOH AND GRN/Page_KDMC - CMS/select_--Select--Amikacin -500'

2018-05-09 16:05:46 - [TEST_STEP][PASSED] - setText: Text '5000' is set on object 'Object Repository/MOH AND GRN/Page_KDMC - CMS/input_txtqty'

2018-05-09 16:05:46 - [MESSAGE][PASSED] - Text '5000' is set on object 'Object Repository/MOH AND GRN/Page_KDMC - CMS/input_txtqty'

2018-05-09 16:05:46 - [TEST_STEP][PASSED] - selectOptionByIndex: All options with index in [1] are selected on object 'Object Repository/MOH AND GRN/Page_KDMC - CMS/select_--Select--No Tax0'

2018-05-09 16:05:47 - [MESSAGE][PASSED] - All options with index in [1] are selected on object 'Object Repository/MOH AND GRN/Page_KDMC - CMS/select_--Select--No Tax0'

2018-05-09 16:05:47 - [TEST_STEP][PASSED] - setText: Finding Test Object with id 'Object Repository/MOH AND GRN/Page_KDMC - CMS/input_txtmrp'

2018-05-09 16:05:47 - [TEST_STEP][PASSED] - Statement - switch (id): Finding Test Object with id 'Object Repository/MOH AND GRN/Page_KDMC - CMS/input_txtdeal'

2018-05-09 16:05:47 - [TEST_STEP][PASSED] - Statement - case 4:: Text '20.0' is set on object 'Object Repository/MOH AND GRN/Page_KDMC - CMS/input_txtmrp'

2018-05-09 16:05:47 - [TEST_STEP][PASSED] - Statement - return (java.lang.Math.floor((java.lang.Math.random() * ((max - min) + 1))) + min): Text '20.0' is set on object 'Object Repository/MOH AND GRN/Page_KDMC - CMS/input_txtmrp'

2018-05-09 16:05:47 - [MESSAGE][PASSED] - Text '20.0' is set on object 'Object Repository/MOH AND GRN/Page_KDMC - CMS/input_txtmrp'

2018-05-09 16:05:47 - [TEST_STEP][PASSED] - setText: Finding Test Object with id 'Object Repository/MOH AND GRN/Page_KDMC - CMS/input_txtdeal'

2018-05-09 16:05:47 - [TEST_STEP][PASSED] - Statement - switch (id): Finding Test Object with id 'Object Repository/MOH AND GRN/Page_KDMC - CMS/input_txtbatchno'

2018-05-09 16:05:47 - [TEST_STEP][PASSED] - Statement - case 5:: Text '7.0' is set on object 'Object Repository/MOH AND GRN/Page_KDMC - CMS/input_txtdeal'

2018-05-09 16:05:47 - [TEST_STEP][PASSED] - Statement - return (java.lang.Math.floor((java.lang.Math.random() * ((max - min) + 1))) + min): Text '7.0' is set on object 'Object Repository/MOH AND GRN/Page_KDMC - CMS/input_txtdeal'

2018-05-09 16:05:47 - [MESSAGE][PASSED] - Text '7.0' is set on object 'Object Repository/MOH AND GRN/Page_KDMC - CMS/input_txtdeal'

2018-05-09 16:05:47 - [TEST_STEP][PASSED] - setText: Finding Test Object with id 'Object Repository/MOH AND GRN/Page_KDMC - CMS/input_txtbatchno'

2018-05-09 16:05:47 - [TEST_STEP][PASSED] - Statement - switch (id): Finding Test Object with id 'Object Repository/MOH AND GRN/Page_KDMC - CMS/input_txtmrp'

2018-05-09 16:05:47 - [TEST_STEP][PASSED] - Statement - case 1:: Text 'BA37.0' is set on object 'Object Repository/MOH AND GRN/Page_KDMC - CMS/input_txtbatchno'

2018-05-09 16:05:47 - [TEST_STEP][PASSED] - Statement - return (java.lang.Math.floor((java.lang.Math.random() * ((max - min) + 1))) + min): Text 'BA37.0' is set on object 'Object Repository/MOH AND GRN/Page_KDMC - CMS/input_txtbatchno'

2018-05-09 16:05:47 - [MESSAGE][PASSED] - Text 'BA37.0' is set on object 'Object Repository/MOH AND GRN/Page_KDMC - CMS/input_txtbatchno'

2018-05-09 16:05:47 - [TEST_STEP][PASSED] - rightClick: Object: 'Object Repository/GRN/Page_KDMC - CMS/input_txtexpdate' is right clicked on

2018-05-09 16:05:47 - [MESSAGE][PASSED] - Object: 'Object Repository/GRN/Page_KDMC - CMS/input_txtexpdate' is right clicked on

2018-05-09 16:05:47 - [TEST_STEP][PASSED] - selectOptionByIndex: All options with index in [9] are selected on object 'Object Repository/GRN/Page_KDMC - CMS/select_20182019202020212022202'

2018-05-09 16:05:47 - [MESSAGE][PASSED] - All options with index in [9] are selected on object 'Object Repository/GRN/Page_KDMC - CMS/select_20182019202020212022202'

2018-05-09 16:05:47 - [TEST_STEP][PASSED] - selectOptionByIndex: All options with index in [9] are selected on object 'Object Repository/GRN/Page_KDMC - CMS/select_JanFebMarAprMayJunJulAu'

2018-05-09 16:05:47 - [MESSAGE][PASSED] - All options with index in [9] are selected on object 'Object Repository/GRN/Page_KDMC - CMS/select_JanFebMarAprMayJunJulAu'

2018-05-09 16:05:47 - [TEST_STEP][PASSED] - click: Object: 'Object Repository/MOH AND GRN/Page_KDMC - CMS/a_12' is clicked on

2018-05-09 16:05:47 - [MESSAGE][PASSED] - Object: 'Object Repository/MOH AND GRN/Page_KDMC - CMS/a_12' is clicked on

2018-05-09 16:05:47 - [TEST_STEP][PASSED] - click: Object: 'Object Repository/MOH AND GRN/Page_KDMC - CMS/input_btnadd' is clicked on

2018-05-09 16:05:47 - [MESSAGE][PASSED] - Object: 'Object Repository/MOH AND GRN/Page_KDMC - CMS/input_btnadd' is clicked on

2018-05-09 16:05:47 - [TEST_STEP][PASSED] - Statement - If (s == 10): null

2018-05-09 16:05:47 - [TEST_STEP][PASSED] - Statement - Else: null

2018-05-09 16:05:47 - [TEST_STEP][PASSED] - Statement - (s++): null

2018-05-09 16:05:47 - [TEST_STEP][PASSED] - delay: Delayed 1 second(s)

2018-05-09 16:05:48 - [MESSAGE][PASSED] - Delayed 1 second(s)

2018-05-09 16:05:48 - [TEST_STEP][PASSED] - selectOptionByIndex: All options with index in [10] are selected on object 'Object Repository/MOH AND GRN/Page_KDMC - CMS/select_--Select--Amikacin -500'

2018-05-09 16:05:49 - [MESSAGE][PASSED] - All options with index in [10] are selected on object 'Object Repository/MOH AND GRN/Page_KDMC - CMS/select_--Select--Amikacin -500'

2018-05-09 16:05:49 - [TEST_STEP][PASSED] - setText: Text '5000' is set on object 'Object Repository/MOH AND GRN/Page_KDMC - CMS/input_txtqty'

2018-05-09 16:05:49 - [MESSAGE][PASSED] - Text '5000' is set on object 'Object Repository/MOH AND GRN/Page_KDMC - CMS/input_txtqty'

2018-05-09 16:05:49 - [TEST_STEP][PASSED] - selectOptionByIndex: All options with index in [1] are selected on object 'Object Repository/MOH AND GRN/Page_KDMC - CMS/select_--Select--No Tax0'

2018-05-09 16:05:49 - [MESSAGE][PASSED] - All options with index in [1] are selected on object 'Object Repository/MOH AND GRN/Page_KDMC - CMS/select_--Select--No Tax0'

2018-05-09 16:05:49 - [TEST_STEP][PASSED] - setText: Finding Test Object with id 'Object Repository/MOH AND GRN/Page_KDMC - CMS/input_txtmrp'

2018-05-09 16:05:49 - [TEST_STEP][PASSED] - Statement - switch (id): Finding Test Object with id 'Object Repository/MOH AND GRN/Page_KDMC - CMS/input_txtdeal'

2018-05-09 16:05:49 - [TEST_STEP][PASSED] - Statement - case 4:: Text '29.0' is set on object 'Object Repository/MOH AND GRN/Page_KDMC - CMS/input_txtmrp'

2018-05-09 16:05:49 - [TEST_STEP][PASSED] - Statement - return (java.lang.Math.floor((java.lang.Math.random() * ((max - min) + 1))) + min): Text '29.0' is set on object 'Object Repository/MOH AND GRN/Page_KDMC - CMS/input_txtmrp'

2018-05-09 16:05:49 - [MESSAGE][PASSED] - Text '29.0' is set on object 'Object Repository/MOH AND GRN/Page_KDMC - CMS/input_txtmrp'

2018-05-09 16:05:49 - [TEST_STEP][PASSED] - setText: Finding Test Object with id 'Object Repository/MOH AND GRN/Page_KDMC - CMS/input_txtdeal'

2018-05-09 16:05:49 - [TEST_STEP][PASSED] - Statement - switch (id): Finding Test Object with id 'Object Repository/MOH AND GRN/Page_KDMC - CMS/input_txtbatchno'

2018-05-09 16:05:49 - [TEST_STEP][PASSED] - Statement - case 5:: Text '7.0' is set on object 'Object Repository/MOH AND GRN/Page_KDMC - CMS/input_txtdeal'

2018-05-09 16:05:49 - [TEST_STEP][PASSED] - Statement - return (java.lang.Math.floor((java.lang.Math.random() * ((max - min) + 1))) + min): Text '7.0' is set on object 'Object Repository/MOH AND GRN/Page_KDMC - CMS/input_txtdeal'

2018-05-09 16:05:49 - [MESSAGE][PASSED] - Text '7.0' is set on object 'Object Repository/MOH AND GRN/Page_KDMC - CMS/input_txtdeal'

2018-05-09 16:05:49 - [TEST_STEP][PASSED] - setText: Finding Test Object with id 'Object Repository/MOH AND GRN/Page_KDMC - CMS/input_txtbatchno'

2018-05-09 16:05:49 - [TEST_STEP][PASSED] - Statement - switch (id): Finding Test Object with id 'Object Repository/MOH AND GRN/Page_KDMC - CMS/input_txtmrp'

2018-05-09 16:05:49 - [TEST_STEP][PASSED] - Statement - case 1:: Text 'BA791.0' is set on object 'Object Repository/MOH AND GRN/Page_KDMC - CMS/input_txtbatchno'

2018-05-09 16:05:49 - [TEST_STEP][PASSED] - Statement - return (java.lang.Math.floor((java.lang.Math.random() * ((max - min) + 1))) + min): Text 'BA791.0' is set on object 'Object Repository/MOH AND GRN/Page_KDMC - CMS/input_txtbatchno'

2018-05-09 16:05:49 - [MESSAGE][PASSED] - Text 'BA791.0' is set on object 'Object Repository/MOH AND GRN/Page_KDMC - CMS/input_txtbatchno'

2018-05-09 16:05:49 - [TEST_STEP][PASSED] - rightClick: Object: 'Object Repository/GRN/Page_KDMC - CMS/input_txtexpdate' is right clicked on

2018-05-09 16:05:49 - [MESSAGE][PASSED] - Object: 'Object Repository/GRN/Page_KDMC - CMS/input_txtexpdate' is right clicked on

2018-05-09 16:05:49 - [TEST_STEP][PASSED] - selectOptionByIndex: All options with index in [10] are selected on object 'Object Repository/GRN/Page_KDMC - CMS/select_20182019202020212022202'

2018-05-09 16:05:49 - [MESSAGE][PASSED] - All options with index in [10] are selected on object 'Object Repository/GRN/Page_KDMC - CMS/select_20182019202020212022202'

2018-05-09 16:05:49 - [TEST_STEP][PASSED] - selectOptionByIndex: All options with index in [10] are selected on object 'Object Repository/GRN/Page_KDMC - CMS/select_JanFebMarAprMayJunJulAu'

2018-05-09 16:05:50 - [MESSAGE][PASSED] - All options with index in [10] are selected on object 'Object Repository/GRN/Page_KDMC - CMS/select_JanFebMarAprMayJunJulAu'

2018-05-09 16:05:50 - [TEST_STEP][PASSED] - click: Object: 'Object Repository/MOH AND GRN/Page_KDMC - CMS/a_12' is clicked on

2018-05-09 16:05:50 - [MESSAGE][PASSED] - Object: 'Object Repository/MOH AND GRN/Page_KDMC - CMS/a_12' is clicked on

2018-05-09 16:05:50 - [TEST_STEP][PASSED] - click: Object: 'Object Repository/MOH AND GRN/Page_KDMC - CMS/input_btnadd' is clicked on

2018-05-09 16:05:50 - [MESSAGE][PASSED] - Object: 'Object Repository/MOH AND GRN/Page_KDMC - CMS/input_btnadd' is clicked on

2018-05-09 16:05:50 - [TEST_STEP][PASSED] - Statement - If (s == 10): null

2018-05-09 16:05:50 - [TEST_STEP][PASSED] - Statement - s = 1: null

2018-05-09 16:05:50 - [TEST_STEP][PASSED] - delay: Delayed 1 second(s)

2018-05-09 16:05:51 - [MESSAGE][PASSED] - Delayed 1 second(s)

2018-05-09 16:05:51 - [TEST_STEP][PASSED] - selectOptionByIndex: All options with index in [11] are selected on object 'Object Repository/MOH AND GRN/Page_KDMC - CMS/select_--Select--Amikacin -500'

2018-05-09 16:05:51 - [MESSAGE][PASSED] - All options with index in [11] are selected on object 'Object Repository/MOH AND GRN/Page_KDMC - CMS/select_--Select--Amikacin -500'

2018-05-09 16:05:51 - [TEST_STEP][PASSED] - setText: Text '5000' is set on object 'Object Repository/MOH AND GRN/Page_KDMC - CMS/input_txtqty'

2018-05-09 16:05:51 - [MESSAGE][PASSED] - Text '5000' is set on object 'Object Repository/MOH AND GRN/Page_KDMC - CMS/input_txtqty'

2018-05-09 16:05:51 - [TEST_STEP][PASSED] - selectOptionByIndex: All options with index in [1] are selected on object 'Object Repository/MOH AND GRN/Page_KDMC - CMS/select_--Select--No Tax0'

2018-05-09 16:05:51 - [MESSAGE][PASSED] - All options with index in [1] are selected on object 'Object Repository/MOH AND GRN/Page_KDMC - CMS/select_--Select--No Tax0'

2018-05-09 16:05:51 - [TEST_STEP][PASSED] - setText: Finding Test Object with id 'Object Repository/MOH AND GRN/Page_KDMC - CMS/input_txtmrp'

2018-05-09 16:05:51 - [TEST_STEP][PASSED] - Statement - switch (id): Finding Test Object with id 'Object Repository/MOH AND GRN/Page_KDMC - CMS/input_txtdeal'

2018-05-09 16:05:51 - [TEST_STEP][PASSED] - Statement - case 4:: Text '29.0' is set on object 'Object Repository/MOH AND GRN/Page_KDMC - CMS/input_txtmrp'

2018-05-09 16:05:51 - [TEST_STEP][PASSED] - Statement - return (java.lang.Math.floor((java.lang.Math.random() * ((max - min) + 1))) + min): Text '29.0' is set on object 'Object Repository/MOH AND GRN/Page_KDMC - CMS/input_txtmrp'

2018-05-09 16:05:51 - [MESSAGE][PASSED] - Text '29.0' is set on object 'Object Repository/MOH AND GRN/Page_KDMC - CMS/input_txtmrp'

2018-05-09 16:05:51 - [TEST_STEP][PASSED] - setText: Finding Test Object with id 'Object Repository/MOH AND GRN/Page_KDMC - CMS/input_txtdeal'

2018-05-09 16:05:51 - [TEST_STEP][PASSED] - Statement - switch (id): Finding Test Object with id 'Object Repository/MOH AND GRN/Page_KDMC - CMS/input_txtbatchno'

2018-05-09 16:05:51 - [TEST_STEP][PASSED] - Statement - case 5:: Text '9.0' is set on object 'Object Repository/MOH AND GRN/Page_KDMC - CMS/input_txtdeal'

2018-05-09 16:05:51 - [TEST_STEP][PASSED] - Statement - return (java.lang.Math.floor((java.lang.Math.random() * ((max - min) + 1))) + min): Text '9.0' is set on object 'Object Repository/MOH AND GRN/Page_KDMC - CMS/input_txtdeal'

2018-05-09 16:05:51 - [MESSAGE][PASSED] - Text '9.0' is set on object 'Object Repository/MOH AND GRN/Page_KDMC - CMS/input_txtdeal'

2018-05-09 16:05:51 - [TEST_STEP][PASSED] - setText: Finding Test Object with id 'Object Repository/MOH AND GRN/Page_KDMC - CMS/input_txtbatchno'

2018-05-09 16:05:51 - [TEST_STEP][PASSED] - Statement - switch (id): Finding Test Object with id 'Object Repository/MOH AND GRN/Page_KDMC - CMS/input_txtmrp'

2018-05-09 16:05:51 - [TEST_STEP][PASSED] - Statement - case 1:: Text 'BA45.0' is set on object 'Object Repository/MOH AND GRN/Page_KDMC - CMS/input_txtbatchno'

2018-05-09 16:05:51 - [TEST_STEP][PASSED] - Statement - return (java.lang.Math.floor((java.lang.Math.random() * ((max - min) + 1))) + min): Text 'BA45.0' is set on object 'Object Repository/MOH AND GRN/Page_KDMC - CMS/input_txtbatchno'

2018-05-09 16:05:51 - [MESSAGE][PASSED] - Text 'BA45.0' is set on object 'Object Repository/MOH AND GRN/Page_KDMC - CMS/input_txtbatchno'

2018-05-09 16:05:51 - [TEST_STEP][PASSED] - rightClick: Object: 'Object Repository/GRN/Page_KDMC - CMS/input_txtexpdate' is right clicked on

2018-05-09 16:05:52 - [MESSAGE][PASSED] - Object: 'Object Repository/GRN/Page_KDMC - CMS/input_txtexpdate' is right clicked on

2018-05-09 16:05:52 - [TEST_STEP][PASSED] - selectOptionByIndex: All options with index in [1] are selected on object 'Object Repository/GRN/Page_KDMC - CMS/select_20182019202020212022202'

2018-05-09 16:05:52 - [MESSAGE][PASSED] - All options with index in [1] are selected on object 'Object Repository/GRN/Page_KDMC - CMS/select_20182019202020212022202'

2018-05-09 16:05:52 - [TEST_STEP][PASSED] - selectOptionByIndex: All options with index in [1] are selected on object 'Object Repository/GRN/Page_KDMC - CMS/select_JanFebMarAprMayJunJulAu'

2018-05-09 16:05:52 - [MESSAGE][PASSED] - All options with index in [1] are selected on object 'Object Repository/GRN/Page_KDMC - CMS/select_JanFebMarAprMayJunJulAu'

2018-05-09 16:05:52 - [TEST_STEP][PASSED] - click: Object: 'Object Repository/MOH AND GRN/Page_KDMC - CMS/a_12' is clicked on

2018-05-09 16:05:52 - [MESSAGE][PASSED] - Object: 'Object Repository/MOH AND GRN/Page_KDMC - CMS/a_12' is clicked on

2018-05-09 16:05:52 - [TEST_STEP][PASSED] - click: Object: 'Object Repository/MOH AND GRN/Page_KDMC - CMS/input_btnadd' is clicked on

2018-05-09 16:05:52 - [MESSAGE][PASSED] - Object: 'Object Repository/MOH AND GRN/Page_KDMC - CMS/input_btnadd' is clicked on

2018-05-09 16:05:52 - [TEST_STEP][PASSED] - Statement - If (s == 10): null

2018-05-09 16:05:52 - [TEST_STEP][PASSED] - Statement - Else: null

2018-05-09 16:05:52 - [TEST_STEP][PASSED] - Statement - (s++): null

2018-05-09 16:05:52 - [TEST_STEP][PASSED] - delay: Delayed 1 second(s)

2018-05-09 16:05:53 - [MESSAGE][PASSED] - Delayed 1 second(s)

2018-05-09 16:05:53 - [TEST_STEP][PASSED] - selectOptionByIndex: All options with index in [12] are selected on object 'Object Repository/MOH AND GRN/Page_KDMC - CMS/select_--Select--Amikacin -500'

2018-05-09 16:05:53 - [MESSAGE][PASSED] - All options with index in [12] are selected on object 'Object Repository/MOH AND GRN/Page_KDMC - CMS/select_--Select--Amikacin -500'

2018-05-09 16:05:53 - [TEST_STEP][PASSED] - setText: Text '5000' is set on object 'Object Repository/MOH AND GRN/Page_KDMC - CMS/input_txtqty'

2018-05-09 16:05:53 - [MESSAGE][PASSED] - Text '5000' is set on object 'Object Repository/MOH AND GRN/Page_KDMC - CMS/input_txtqty'

2018-05-09 16:05:53 - [TEST_STEP][PASSED] - selectOptionByIndex: All options with index in [1] are selected on object 'Object Repository/MOH AND GRN/Page_KDMC - CMS/select_--Select--No Tax0'

2018-05-09 16:05:53 - [MESSAGE][PASSED] - All options with index in [1] are selected on object 'Object Repository/MOH AND GRN/Page_KDMC - CMS/select_--Select--No Tax0'

2018-05-09 16:05:53 - [TEST_STEP][PASSED] - setText: Finding Test Object with id 'Object Repository/MOH AND GRN/Page_KDMC - CMS/input_txtmrp'

2018-05-09 16:05:53 - [TEST_STEP][PASSED] - Statement - switch (id): Finding Test Object with id 'Object Repository/MOH AND GRN/Page_KDMC - CMS/input_txtdeal'

2018-05-09 16:05:53 - [TEST_STEP][PASSED] - Statement - case 4:: Text '41.0' is set on object 'Object Repository/MOH AND GRN/Page_KDMC - CMS/input_txtmrp'

2018-05-09 16:05:53 - [TEST_STEP][PASSED] - Statement - return (java.lang.Math.floor((java.lang.Math.random() * ((max - min) + 1))) + min): Text '41.0' is set on object 'Object Repository/MOH AND GRN/Page_KDMC - CMS/input_txtmrp'

2018-05-09 16:05:54 - [MESSAGE][PASSED] - Text '41.0' is set on object 'Object Repository/MOH AND GRN/Page_KDMC - CMS/input_txtmrp'

2018-05-09 16:05:54 - [TEST_STEP][PASSED] - setText: Finding Test Object with id 'Object Repository/MOH AND GRN/Page_KDMC - CMS/input_txtdeal'

2018-05-09 16:05:54 - [TEST_STEP][PASSED] - Statement - switch (id): Finding Test Object with id 'Object Repository/MOH AND GRN/Page_KDMC - CMS/input_txtbatchno'

2018-05-09 16:05:54 - [TEST_STEP][PASSED] - Statement - case 5:: Text '2.0' is set on object 'Object Repository/MOH AND GRN/Page_KDMC - CMS/input_txtdeal'

2018-05-09 16:05:54 - [TEST_STEP][PASSED] - Statement - return (java.lang.Math.floor((java.lang.Math.random() * ((max - min) + 1))) + min): Text '2.0' is set on object 'Object Repository/MOH AND GRN/Page_KDMC - CMS/input_txtdeal'

2018-05-09 16:05:54 - [MESSAGE][PASSED] - Text '2.0' is set on object 'Object Repository/MOH AND GRN/Page_KDMC - CMS/input_txtdeal'

2018-05-09 16:05:54 - [TEST_STEP][PASSED] - setText: Finding Test Object with id 'Object Repository/MOH AND GRN/Page_KDMC - CMS/input_txtbatchno'

2018-05-09 16:05:54 - [TEST_STEP][PASSED] - Statement - switch (id): Finding Test Object with id 'Object Repository/MOH AND GRN/Page_KDMC - CMS/input_txtmrp'

2018-05-09 16:05:54 - [TEST_STEP][PASSED] - Statement - case 1:: Text 'BA574.0' is set on object 'Object Repository/MOH AND GRN/Page_KDMC - CMS/input_txtbatchno'

2018-05-09 16:05:54 - [TEST_STEP][PASSED] - Statement - return (java.lang.Math.floor((java.lang.Math.random() * ((max - min) + 1))) + min): Text 'BA574.0' is set on object 'Object Repository/MOH AND GRN/Page_KDMC - CMS/input_txtbatchno'

2018-05-09 16:05:54 - [MESSAGE][PASSED] - Text 'BA574.0' is set on object 'Object Repository/MOH AND GRN/Page_KDMC - CMS/input_txtbatchno'

2018-05-09 16:05:54 - [TEST_STEP][PASSED] - rightClick: Object: 'Object Repository/GRN/Page_KDMC - CMS/input_txtexpdate' is right clicked on

2018-05-09 16:05:54 - [MESSAGE][PASSED] - Object: 'Object Repository/GRN/Page_KDMC - CMS/input_txtexpdate' is right clicked on

2018-05-09 16:05:54 - [TEST_STEP][PASSED] - selectOptionByIndex: All options with index in [2] are selected on object 'Object Repository/GRN/Page_KDMC - CMS/select_20182019202020212022202'

2018-05-09 16:05:54 - [MESSAGE][PASSED] - All options with index in [2] are selected on object 'Object Repository/GRN/Page_KDMC - CMS/select_20182019202020212022202'

2018-05-09 16:05:54 - [TEST_STEP][PASSED] - selectOptionByIndex: All options with index in [2] are selected on object 'Object Repository/GRN/Page_KDMC - CMS/select_JanFebMarAprMayJunJulAu'

2018-05-09 16:05:54 - [MESSAGE][PASSED] - All options with index in [2] are selected on object 'Object Repository/GRN/Page_KDMC - CMS/select_JanFebMarAprMayJunJulAu'

2018-05-09 16:05:54 - [TEST_STEP][PASSED] - click: Object: 'Object Repository/MOH AND GRN/Page_KDMC - CMS/a_12' is clicked on

2018-05-09 16:05:54 - [MESSAGE][PASSED] - Object: 'Object Repository/MOH AND GRN/Page_KDMC - CMS/a_12' is clicked on

2018-05-09 16:05:54 - [TEST_STEP][PASSED] - click: Object: 'Object Repository/MOH AND GRN/Page_KDMC - CMS/input_btnadd' is clicked on

2018-05-09 16:05:54 - [MESSAGE][PASSED] - Object: 'Object Repository/MOH AND GRN/Page_KDMC - CMS/input_btnadd' is clicked on

2018-05-09 16:05:54 - [TEST_STEP][PASSED] - Statement - If (s == 10): null

2018-05-09 16:05:54 - [TEST_STEP][PASSED] - Statement - Else: null

2018-05-09 16:05:54 - [TEST_STEP][PASSED] - Statement - (s++): null

2018-05-09 16:05:54 - [TEST_STEP][PASSED] - delay: Delayed 1 second(s)

2018-05-09 16:05:55 - [MESSAGE][PASSED] - Delayed 1 second(s)

2018-05-09 16:05:55 - [TEST_STEP][PASSED] - selectOptionByIndex: All options with index in [13] are selected on object 'Object Repository/MOH AND GRN/Page_KDMC - CMS/select_--Select--Amikacin -500'

2018-05-09 16:05:55 - [MESSAGE][PASSED] - All options with index in [13] are selected on object 'Object Repository/MOH AND GRN/Page_KDMC - CMS/select_--Select--Amikacin -500'

2018-05-09 16:05:55 - [TEST_STEP][PASSED] - setText: Text '5000' is set on object 'Object Repository/MOH AND GRN/Page_KDMC - CMS/input_txtqty'

2018-05-09 16:05:56 - [MESSAGE][PASSED] - Text '5000' is set on object 'Object Repository/MOH AND GRN/Page_KDMC - CMS/input_txtqty'

2018-05-09 16:05:56 - [TEST_STEP][PASSED] - selectOptionByIndex: All options with index in [1] are selected on object 'Object Repository/MOH AND GRN/Page_KDMC - CMS/select_--Select--No Tax0'

2018-05-09 16:05:56 - [MESSAGE][PASSED] - All options with index in [1] are selected on object 'Object Repository/MOH AND GRN/Page_KDMC - CMS/select_--Select--No Tax0'

2018-05-09 16:05:56 - [TEST_STEP][PASSED] - setText: Finding Test Object with id 'Object Repository/MOH AND GRN/Page_KDMC - CMS/input_txtmrp'

2018-05-09 16:05:56 - [TEST_STEP][PASSED] - Statement - switch (id): Finding Test Object with id 'Object Repository/MOH AND GRN/Page_KDMC - CMS/input_txtdeal'

2018-05-09 16:05:56 - [TEST_STEP][PASSED] - Statement - case 4:: Text '33.0' is set on object 'Object Repository/MOH AND GRN/Page_KDMC - CMS/input_txtmrp'

2018-05-09 16:05:56 - [TEST_STEP][PASSED] - Statement - return (java.lang.Math.floor((java.lang.Math.random() * ((max - min) + 1))) + min): Text '33.0' is set on object 'Object Repository/MOH AND GRN/Page_KDMC - CMS/input_txtmrp'

2018-05-09 16:05:56 - [MESSAGE][PASSED] - Text '33.0' is set on object 'Object Repository/MOH AND GRN/Page_KDMC - CMS/input_txtmrp'

2018-05-09 16:05:56 - [TEST_STEP][PASSED] - setText: Finding Test Object with id 'Object Repository/MOH AND GRN/Page_KDMC - CMS/input_txtdeal'

2018-05-09 16:05:56 - [TEST_STEP][PASSED] - Statement - switch (id): Finding Test Object with id 'Object Repository/MOH AND GRN/Page_KDMC - CMS/input_txtbatchno'

2018-05-09 16:05:56 - [TEST_STEP][PASSED] - Statement - case 5:: Text '6.0' is set on object 'Object Repository/MOH AND GRN/Page_KDMC - CMS/input_txtdeal'

2018-05-09 16:05:56 - [TEST_STEP][PASSED] - Statement - return (java.lang.Math.floor((java.lang.Math.random() * ((max - min) + 1))) + min): Text '6.0' is set on object 'Object Repository/MOH AND GRN/Page_KDMC - CMS/input_txtdeal'

2018-05-09 16:05:56 - [MESSAGE][PASSED] - Text '6.0' is set on object 'Object Repository/MOH AND GRN/Page_KDMC - CMS/input_txtdeal'

2018-05-09 16:05:56 - [TEST_STEP][PASSED] - setText: Finding Test Object with id 'Object Repository/MOH AND GRN/Page_KDMC - CMS/input_txtbatchno'

2018-05-09 16:05:56 - [TEST_STEP][PASSED] - Statement - switch (id): Finding Test Object with id 'Object Repository/MOH AND GRN/Page_KDMC - CMS/input_txtmrp'

2018-05-09 16:05:56 - [TEST_STEP][PASSED] - Statement - case 1:: Text 'BA743.0' is set on object 'Object Repository/MOH AND GRN/Page_KDMC - CMS/input_txtbatchno'

2018-05-09 16:05:56 - [TEST_STEP][PASSED] - Statement - return (java.lang.Math.floor((java.lang.Math.random() * ((max - min) + 1))) + min): Text 'BA743.0' is set on object 'Object Repository/MOH AND GRN/Page_KDMC - CMS/input_txtbatchno'

2018-05-09 16:05:56 - [MESSAGE][PASSED] - Text 'BA743.0' is set on object 'Object Repository/MOH AND GRN/Page_KDMC - CMS/input_txtbatchno'

2018-05-09 16:05:56 - [TEST_STEP][PASSED] - rightClick: Object: 'Object Repository/GRN/Page_KDMC - CMS/input_txtexpdate' is right clicked on

2018-05-09 16:05:56 - [MESSAGE][PASSED] - Object: 'Object Repository/GRN/Page_KDMC - CMS/input_txtexpdate' is right clicked on

2018-05-09 16:05:56 - [TEST_STEP][PASSED] - selectOptionByIndex: All options with index in [3] are selected on object 'Object Repository/GRN/Page_KDMC - CMS/select_20182019202020212022202'

2018-05-09 16:05:56 - [MESSAGE][PASSED] - All options with index in [3] are selected on object 'Object Repository/GRN/Page_KDMC - CMS/select_20182019202020212022202'

2018-05-09 16:05:56 - [TEST_STEP][PASSED] - selectOptionByIndex: All options with index in [3] are selected on object 'Object Repository/GRN/Page_KDMC - CMS/select_JanFebMarAprMayJunJulAu'

2018-05-09 16:05:56 - [MESSAGE][PASSED] - All options with index in [3] are selected on object 'Object Repository/GRN/Page_KDMC - CMS/select_JanFebMarAprMayJunJulAu'

2018-05-09 16:05:56 - [TEST_STEP][PASSED] - click: Object: 'Object Repository/MOH AND GRN/Page_KDMC - CMS/a_12' is clicked on

2018-05-09 16:05:56 - [MESSAGE][PASSED] - Object: 'Object Repository/MOH AND GRN/Page_KDMC - CMS/a_12' is clicked on

2018-05-09 16:05:56 - [TEST_STEP][PASSED] - click: Object: 'Object Repository/MOH AND GRN/Page_KDMC - CMS/input_btnadd' is clicked on

2018-05-09 16:05:56 - [MESSAGE][PASSED] - Object: 'Object Repository/MOH AND GRN/Page_KDMC - CMS/input_btnadd' is clicked on

2018-05-09 16:05:56 - [TEST_STEP][PASSED] - Statement - If (s == 10): null

2018-05-09 16:05:56 - [TEST_STEP][PASSED] - Statement - Else: null

2018-05-09 16:05:56 - [TEST_STEP][PASSED] - Statement - (s++): null

2018-05-09 16:05:56 - [TEST_STEP][PASSED] - delay: Delayed 1 second(s)

2018-05-09 16:05:57 - [MESSAGE][PASSED] - Delayed 1 second(s)

2018-05-09 16:05:57 - [TEST_STEP][PASSED] - selectOptionByIndex: All options with index in [14] are selected on object 'Object Repository/MOH AND GRN/Page_KDMC - CMS/select_--Select--Amikacin -500'

2018-05-09 16:05:58 - [MESSAGE][PASSED] - All options with index in [14] are selected on object 'Object Repository/MOH AND GRN/Page_KDMC - CMS/select_--Select--Amikacin -500'

2018-05-09 16:05:58 - [TEST_STEP][PASSED] - setText: Text '5000' is set on object 'Object Repository/MOH AND GRN/Page_KDMC - CMS/input_txtqty'

2018-05-09 16:05:58 - [MESSAGE][PASSED] - Text '5000' is set on object 'Object Repository/MOH AND GRN/Page_KDMC - CMS/input_txtqty'

2018-05-09 16:05:58 - [TEST_STEP][PASSED] - selectOptionByIndex: All options with index in [1] are selected on object 'Object Repository/MOH AND GRN/Page_KDMC - CMS/select_--Select--No Tax0'

2018-05-09 16:05:58 - [MESSAGE][PASSED] - All options with index in [1] are selected on object 'Object Repository/MOH AND GRN/Page_KDMC - CMS/select_--Select--No Tax0'

2018-05-09 16:05:58 - [TEST_STEP][PASSED] - setText: Finding Test Object with id 'Object Repository/MOH AND GRN/Page_KDMC - CMS/input_txtmrp'

2018-05-09 16:05:58 - [TEST_STEP][PASSED] - Statement - switch (id): Finding Test Object with id 'Object Repository/MOH AND GRN/Page_KDMC - CMS/input_txtdeal'

2018-05-09 16:05:58 - [TEST_STEP][PASSED] - Statement - case 4:: Text '30.0' is set on object 'Object Repository/MOH AND GRN/Page_KDMC - CMS/input_txtmrp'

2018-05-09 16:05:58 - [TEST_STEP][PASSED] - Statement - return (java.lang.Math.floor((java.lang.Math.random() * ((max - min) + 1))) + min): Text '30.0' is set on object 'Object Repository/MOH AND GRN/Page_KDMC - CMS/input_txtmrp'

2018-05-09 16:05:58 - [MESSAGE][PASSED] - Text '30.0' is set on object 'Object Repository/MOH AND GRN/Page_KDMC - CMS/input_txtmrp'

2018-05-09 16:05:58 - [TEST_STEP][PASSED] - setText: Finding Test Object with id 'Object Repository/MOH AND GRN/Page_KDMC - CMS/input_txtdeal'

2018-05-09 16:05:58 - [TEST_STEP][PASSED] - Statement - switch (id): Finding Test Object with id 'Object Repository/MOH AND GRN/Page_KDMC - CMS/input_txtbatchno'

2018-05-09 16:05:58 - [TEST_STEP][PASSED] - Statement - case 5:: Text '12.0' is set on object 'Object Repository/MOH AND GRN/Page_KDMC - CMS/input_txtdeal'

2018-05-09 16:05:58 - [TEST_STEP][PASSED] - Statement - return (java.lang.Math.floor((java.lang.Math.random() * ((max - min) + 1))) + min): Text '12.0' is set on object 'Object Repository/MOH AND GRN/Page_KDMC - CMS/input_txtdeal'

2018-05-09 16:05:58 - [MESSAGE][PASSED] - Text '12.0' is set on object 'Object Repository/MOH AND GRN/Page_KDMC - CMS/input_txtdeal'

2018-05-09 16:05:58 - [TEST_STEP][PASSED] - setText: Finding Test Object with id 'Object Repository/MOH AND GRN/Page_KDMC - CMS/input_txtbatchno'

2018-05-09 16:05:58 - [TEST_STEP][PASSED] - Statement - switch (id): Finding Test Object with id 'Object Repository/MOH AND GRN/Page_KDMC - CMS/input_txtmrp'

2018-05-09 16:05:58 - [TEST_STEP][PASSED] - Statement - case 1:: Text 'BA366.0' is set on object 'Object Repository/MOH AND GRN/Page_KDMC - CMS/input_txtbatchno'

2018-05-09 16:05:58 - [TEST_STEP][PASSED] - Statement - return (java.lang.Math.floor((java.lang.Math.random() * ((max - min) + 1))) + min): Text 'BA366.0' is set on object 'Object Repository/MOH AND GRN/Page_KDMC - CMS/input_txtbatchno'

2018-05-09 16:05:58 - [MESSAGE][PASSED] - Text 'BA366.0' is set on object 'Object Repository/MOH AND GRN/Page_KDMC - CMS/input_txtbatchno'

2018-05-09 16:05:58 - [TEST_STEP][PASSED] - rightClick: Object: 'Object Repository/GRN/Page_KDMC - CMS/input_txtexpdate' is right clicked on

2018-05-09 16:05:58 - [MESSAGE][PASSED] - Object: 'Object Repository/GRN/Page_KDMC - CMS/input_txtexpdate' is right clicked on

2018-05-09 16:05:58 - [TEST_STEP][PASSED] - selectOptionByIndex: All options with index in [4] are selected on object 'Object Repository/GRN/Page_KDMC - CMS/select_20182019202020212022202'

2018-05-09 16:05:58 - [MESSAGE][PASSED] - All options with index in [4] are selected on object 'Object Repository/GRN/Page_KDMC - CMS/select_20182019202020212022202'

2018-05-09 16:05:58 - [TEST_STEP][PASSED] - selectOptionByIndex: All options with index in [4] are selected on object 'Object Repository/GRN/Page_KDMC - CMS/select_JanFebMarAprMayJunJulAu'

2018-05-09 16:05:59 - [MESSAGE][PASSED] - All options with index in [4] are selected on object 'Object Repository/GRN/Page_KDMC - CMS/select_JanFebMarAprMayJunJulAu'

2018-05-09 16:05:59 - [TEST_STEP][PASSED] - click: Object: 'Object Repository/MOH AND GRN/Page_KDMC - CMS/a_12' is clicked on

2018-05-09 16:05:59 - [MESSAGE][PASSED] - Object: 'Object Repository/MOH AND GRN/Page_KDMC - CMS/a_12' is clicked on

2018-05-09 16:05:59 - [TEST_STEP][PASSED] - click: Object: 'Object Repository/MOH AND GRN/Page_KDMC - CMS/input_btnadd' is clicked on

2018-05-09 16:05:59 - [MESSAGE][PASSED] - Object: 'Object Repository/MOH AND GRN/Page_KDMC - CMS/input_btnadd' is clicked on

2018-05-09 16:05:59 - [TEST_STEP][PASSED] - Statement - If (s == 10): null

2018-05-09 16:05:59 - [TEST_STEP][PASSED] - Statement - Else: null

2018-05-09 16:05:59 - [TEST_STEP][PASSED] - Statement - (s++): null

2018-05-09 16:05:59 - [TEST_STEP][PASSED] - delay: Delayed 1 second(s)

2018-05-09 16:06:00 - [MESSAGE][PASSED] - Delayed 1 second(s)

2018-05-09 16:06:00 - [TEST_STEP][PASSED] - selectOptionByIndex: All options with index in [15] are selected on object 'Object Repository/MOH AND GRN/Page_KDMC - CMS/select_--Select--Amikacin -500'

2018-05-09 16:06:00 - [MESSAGE][PASSED] - All options with index in [15] are selected on object 'Object Repository/MOH AND GRN/Page_KDMC - CMS/select_--Select--Amikacin -500'

2018-05-09 16:06:00 - [TEST_STEP][PASSED] - setText: Text '5000' is set on object 'Object Repository/MOH AND GRN/Page_KDMC - CMS/input_txtqty'

2018-05-09 16:06:00 - [MESSAGE][PASSED] - Text '5000' is set on object 'Object Repository/MOH AND GRN/Page_KDMC - CMS/input_txtqty'

2018-05-09 16:06:00 - [TEST_STEP][PASSED] - selectOptionByIndex: All options with index in [1] are selected on object 'Object Repository/MOH AND GRN/Page_KDMC - CMS/select_--Select--No Tax0'

2018-05-09 16:06:00 - [MESSAGE][PASSED] - All options with index in [1] are selected on object 'Object Repository/MOH AND GRN/Page_KDMC - CMS/select_--Select--No Tax0'

2018-05-09 16:06:00 - [TEST_STEP][PASSED] - setText: Finding Test Object with id 'Object Repository/MOH AND GRN/Page_KDMC - CMS/input_txtmrp'

2018-05-09 16:06:00 - [TEST_STEP][PASSED] - Statement - switch (id): Finding Test Object with id 'Object Repository/MOH AND GRN/Page_KDMC - CMS/input_txtdeal'

2018-05-09 16:06:00 - [TEST_STEP][PASSED] - Statement - case 4:: Text '37.0' is set on object 'Object Repository/MOH AND GRN/Page_KDMC - CMS/input_txtmrp'

2018-05-09 16:06:00 - [TEST_STEP][PASSED] - Statement - return (java.lang.Math.floor((java.lang.Math.random() * ((max - min) + 1))) + min): Text '37.0' is set on object 'Object Repository/MOH AND GRN/Page_KDMC - CMS/input_txtmrp'

2018-05-09 16:06:00 - [MESSAGE][PASSED] - Text '37.0' is set on object 'Object Repository/MOH AND GRN/Page_KDMC - CMS/input_txtmrp'

2018-05-09 16:06:00 - [TEST_STEP][PASSED] - setText: Finding Test Object with id 'Object Repository/MOH AND GRN/Page_KDMC - CMS/input_txtdeal'

2018-05-09 16:06:00 - [TEST_STEP][PASSED] - Statement - switch (id): Finding Test Object with id 'Object Repository/MOH AND GRN/Page_KDMC - CMS/input_txtbatchno'

2018-05-09 16:06:00 - [TEST_STEP][PASSED] - Statement - case 5:: Text '12.0' is set on object 'Object Repository/MOH AND GRN/Page_KDMC - CMS/input_txtdeal'

2018-05-09 16:06:00 - [TEST_STEP][PASSED] - Statement - return (java.lang.Math.floor((java.lang.Math.random() * ((max - min) + 1))) + min): Text '12.0' is set on object 'Object Repository/MOH AND GRN/Page_KDMC - CMS/input_txtdeal'

2018-05-09 16:06:00 - [MESSAGE][PASSED] - Text '12.0' is set on object 'Object Repository/MOH AND GRN/Page_KDMC - CMS/input_txtdeal'

2018-05-09 16:06:00 - [TEST_STEP][PASSED] - setText: Finding Test Object with id 'Object Repository/MOH AND GRN/Page_KDMC - CMS/input_txtbatchno'

2018-05-09 16:06:00 - [TEST_STEP][PASSED] - Statement - switch (id): Finding Test Object with id 'Object Repository/MOH AND GRN/Page_KDMC - CMS/input_txtmrp'

2018-05-09 16:06:00 - [TEST_STEP][PASSED] - Statement - case 1:: Text 'BA561.0' is set on object 'Object Repository/MOH AND GRN/Page_KDMC - CMS/input_txtbatchno'

2018-05-09 16:06:00 - [TEST_STEP][PASSED] - Statement - return (java.lang.Math.floor((java.lang.Math.random() * ((max - min) + 1))) + min): Text 'BA561.0' is set on object 'Object Repository/MOH AND GRN/Page_KDMC - CMS/input_txtbatchno'

2018-05-09 16:06:00 - [MESSAGE][PASSED] - Text 'BA561.0' is set on object 'Object Repository/MOH AND GRN/Page_KDMC - CMS/input_txtbatchno'

2018-05-09 16:06:00 - [TEST_STEP][PASSED] - rightClick: Object: 'Object Repository/GRN/Page_KDMC - CMS/input_txtexpdate' is right clicked on

2018-05-09 16:06:00 - [MESSAGE][PASSED] - Object: 'Object Repository/GRN/Page_KDMC - CMS/input_txtexpdate' is right clicked on

2018-05-09 16:06:00 - [TEST_STEP][PASSED] - selectOptionByIndex: All options with index in [5] are selected on object 'Object Repository/GRN/Page_KDMC - CMS/select_20182019202020212022202'

2018-05-09 16:06:01 - [MESSAGE][PASSED] - All options with index in [5] are selected on object 'Object Repository/GRN/Page_KDMC - CMS/select_20182019202020212022202'

2018-05-09 16:06:01 - [TEST_STEP][PASSED] - selectOptionByIndex: All options with index in [5] are selected on object 'Object Repository/GRN/Page_KDMC - CMS/select_JanFebMarAprMayJunJulAu'

2018-05-09 16:06:01 - [MESSAGE][PASSED] - All options with index in [5] are selected on object 'Object Repository/GRN/Page_KDMC - CMS/select_JanFebMarAprMayJunJulAu'

2018-05-09 16:06:01 - [TEST_STEP][PASSED] - click: Object: 'Object Repository/MOH AND GRN/Page_KDMC - CMS/a_12' is clicked on

2018-05-09 16:06:01 - [MESSAGE][PASSED] - Object: 'Object Repository/MOH AND GRN/Page_KDMC - CMS/a_12' is clicked on

2018-05-09 16:06:01 - [TEST_STEP][PASSED] - click: Object: 'Object Repository/MOH AND GRN/Page_KDMC - CMS/input_btnadd' is clicked on

2018-05-09 16:06:01 - [MESSAGE][PASSED] - Object: 'Object Repository/MOH AND GRN/Page_KDMC - CMS/input_btnadd' is clicked on

2018-05-09 16:06:01 - [TEST_STEP][PASSED] - Statement - If (s == 10): null

2018-05-09 16:06:01 - [TEST_STEP][PASSED] - Statement - Else: null

2018-05-09 16:06:01 - [TEST_STEP][PASSED] - Statement - (s++): null

2018-05-09 16:06:01 - [TEST_STEP][PASSED] - delay: Delayed 1 second(s)

2018-05-09 16:06:02 - [MESSAGE][PASSED] - Delayed 1 second(s)

2018-05-09 16:06:02 - [TEST_STEP][PASSED] - selectOptionByIndex: All options with index in [16] are selected on object 'Object Repository/MOH AND GRN/Page_KDMC - CMS/select_--Select--Amikacin -500'

2018-05-09 16:06:02 - [MESSAGE][PASSED] - All options with index in [16] are selected on object 'Object Repository/MOH AND GRN/Page_KDMC - CMS/select_--Select--Amikacin -500'

2018-05-09 16:06:02 - [TEST_STEP][PASSED] - setText: Text '5000' is set on object 'Object Repository/MOH AND GRN/Page_KDMC - CMS/input_txtqty'

2018-05-09 16:06:02 - [MESSAGE][PASSED] - Text '5000' is set on object 'Object Repository/MOH AND GRN/Page_KDMC - CMS/input_txtqty'

2018-05-09 16:06:02 - [TEST_STEP][PASSED] - selectOptionByIndex: All options with index in [1] are selected on object 'Object Repository/MOH AND GRN/Page_KDMC - CMS/select_--Select--No Tax0'

2018-05-09 16:06:02 - [MESSAGE][PASSED] - All options with index in [1] are selected on object 'Object Repository/MOH AND GRN/Page_KDMC - CMS/select_--Select--No Tax0'

2018-05-09 16:06:02 - [TEST_STEP][PASSED] - setText: Finding Test Object with id 'Object Repository/MOH AND GRN/Page_KDMC - CMS/input_txtmrp'

2018-05-09 16:06:02 - [TEST_STEP][PASSED] - Statement - switch (id): Finding Test Object with id 'Object Repository/MOH AND GRN/Page_KDMC - CMS/input_txtdeal'

2018-05-09 16:06:02 - [TEST_STEP][PASSED] - Statement - case 4:: Text '23.0' is set on object 'Object Repository/MOH AND GRN/Page_KDMC - CMS/input_txtmrp'

2018-05-09 16:06:02 - [TEST_STEP][PASSED] - Statement - return (java.lang.Math.floor((java.lang.Math.random() * ((max - min) + 1))) + min): Text '23.0' is set on object 'Object Repository/MOH AND GRN/Page_KDMC - CMS/input_txtmrp'

2018-05-09 16:06:03 - [MESSAGE][PASSED] - Text '23.0' is set on object 'Object Repository/MOH AND GRN/Page_KDMC - CMS/input_txtmrp'

2018-05-09 16:06:03 - [TEST_STEP][PASSED] - setText: Finding Test Object with id 'Object Repository/MOH AND GRN/Page_KDMC - CMS/input_txtdeal'

2018-05-09 16:06:03 - [TEST_STEP][PASSED] - Statement - switch (id): Finding Test Object with id 'Object Repository/MOH AND GRN/Page_KDMC - CMS/input_txtbatchno'

2018-05-09 16:06:03 - [TEST_STEP][PASSED] - Statement - case 5:: Text '3.0' is set on object 'Object Repository/MOH AND GRN/Page_KDMC - CMS/input_txtdeal'

2018-05-09 16:06:03 - [TEST_STEP][PASSED] - Statement - return (java.lang.Math.floor((java.lang.Math.random() * ((max - min) + 1))) + min): Text '3.0' is set on object 'Object Repository/MOH AND GRN/Page_KDMC - CMS/input_txtdeal'

2018-05-09 16:06:03 - [MESSAGE][PASSED] - Text '3.0' is set on object 'Object Repository/MOH AND GRN/Page_KDMC - CMS/input_txtdeal'

2018-05-09 16:06:03 - [TEST_STEP][PASSED] - setText: Finding Test Object with id 'Object Repository/MOH AND GRN/Page_KDMC - CMS/input_txtbatchno'

2018-05-09 16:06:03 - [TEST_STEP][PASSED] - Statement - switch (id): Finding Test Object with id 'Object Repository/MOH AND GRN/Page_KDMC - CMS/input_txtmrp'

2018-05-09 16:06:03 - [TEST_STEP][PASSED] - Statement - case 1:: Text 'BA939.0' is set on object 'Object Repository/MOH AND GRN/Page_KDMC - CMS/input_txtbatchno'

2018-05-09 16:06:03 - [TEST_STEP][PASSED] - Statement - return (java.lang.Math.floor((java.lang.Math.random() * ((max - min) + 1))) + min): Text 'BA939.0' is set on object 'Object Repository/MOH AND GRN/Page_KDMC - CMS/input_txtbatchno'

2018-05-09 16:06:03 - [MESSAGE][PASSED] - Text 'BA939.0' is set on object 'Object Repository/MOH AND GRN/Page_KDMC - CMS/input_txtbatchno'

2018-05-09 16:06:03 - [TEST_STEP][PASSED] - rightClick: Object: 'Object Repository/GRN/Page_KDMC - CMS/input_txtexpdate' is right clicked on

2018-05-09 16:06:03 - [MESSAGE][PASSED] - Object: 'Object Repository/GRN/Page_KDMC - CMS/input_txtexpdate' is right clicked on

2018-05-09 16:06:03 - [TEST_STEP][PASSED] - selectOptionByIndex: All options with index in [6] are selected on object 'Object Repository/GRN/Page_KDMC - CMS/select_20182019202020212022202'

2018-05-09 16:06:03 - [MESSAGE][PASSED] - All options with index in [6] are selected on object 'Object Repository/GRN/Page_KDMC - CMS/select_20182019202020212022202'

2018-05-09 16:06:03 - [TEST_STEP][PASSED] - selectOptionByIndex: All options with index in [6] are selected on object 'Object Repository/GRN/Page_KDMC - CMS/select_JanFebMarAprMayJunJulAu'

2018-05-09 16:06:03 - [MESSAGE][PASSED] - All options with index in [6] are selected on object 'Object Repository/GRN/Page_KDMC - CMS/select_JanFebMarAprMayJunJulAu'

2018-05-09 16:06:03 - [TEST_STEP][PASSED] - click: Object: 'Object Repository/MOH AND GRN/Page_KDMC - CMS/a_12' is clicked on

2018-05-09 16:06:03 - [MESSAGE][PASSED] - Object: 'Object Repository/MOH AND GRN/Page_KDMC - CMS/a_12' is clicked on

2018-05-09 16:06:03 - [TEST_STEP][PASSED] - click: Object: 'Object Repository/MOH AND GRN/Page_KDMC - CMS/input_btnadd' is clicked on

2018-05-09 16:06:03 - [MESSAGE][PASSED] - Object: 'Object Repository/MOH AND GRN/Page_KDMC - CMS/input_btnadd' is clicked on

2018-05-09 16:06:03 - [TEST_STEP][PASSED] - Statement - If (s == 10): null

2018-05-09 16:06:03 - [TEST_STEP][PASSED] - Statement - Else: null

2018-05-09 16:06:03 - [TEST_STEP][PASSED] - Statement - (s++): null

2018-05-09 16:06:03 - [TEST_STEP][PASSED] - delay: Delayed 1 second(s)

2018-05-09 16:06:04 - [MESSAGE][PASSED] - Delayed 1 second(s)

2018-05-09 16:06:04 - [TEST_STEP][PASSED] - selectOptionByIndex: All options with index in [17] are selected on object 'Object Repository/MOH AND GRN/Page_KDMC - CMS/select_--Select--Amikacin -500'

2018-05-09 16:06:05 - [MESSAGE][PASSED] - All options with index in [17] are selected on object 'Object Repository/MOH AND GRN/Page_KDMC - CMS/select_--Select--Amikacin -500'

2018-05-09 16:06:05 - [TEST_STEP][PASSED] - setText: Text '5000' is set on object 'Object Repository/MOH AND GRN/Page_KDMC - CMS/input_txtqty'

2018-05-09 16:06:05 - [MESSAGE][PASSED] - Text '5000' is set on object 'Object Repository/MOH AND GRN/Page_KDMC - CMS/input_txtqty'

2018-05-09 16:06:05 - [TEST_STEP][PASSED] - selectOptionByIndex: All options with index in [1] are selected on object 'Object Repository/MOH AND GRN/Page_KDMC - CMS/select_--Select--No Tax0'

2018-05-09 16:06:05 - [MESSAGE][PASSED] - All options with index in [1] are selected on object 'Object Repository/MOH AND GRN/Page_KDMC - CMS/select_--Select--No Tax0'

2018-05-09 16:06:05 - [TEST_STEP][PASSED] - setText: Finding Test Object with id 'Object Repository/MOH AND GRN/Page_KDMC - CMS/input_txtmrp'

2018-05-09 16:06:05 - [TEST_STEP][PASSED] - Statement - switch (id): Finding Test Object with id 'Object Repository/MOH AND GRN/Page_KDMC - CMS/input_txtdeal'

2018-05-09 16:06:05 - [TEST_STEP][PASSED] - Statement - case 4:: Text '36.0' is set on object 'Object Repository/MOH AND GRN/Page_KDMC - CMS/input_txtmrp'

2018-05-09 16:06:05 - [TEST_STEP][PASSED] - Statement - return (java.lang.Math.floor((java.lang.Math.random() * ((max - min) + 1))) + min): Text '36.0' is set on object 'Object Repository/MOH AND GRN/Page_KDMC - CMS/input_txtmrp'

2018-05-09 16:06:05 - [MESSAGE][PASSED] - Text '36.0' is set on object 'Object Repository/MOH AND GRN/Page_KDMC - CMS/input_txtmrp'

2018-05-09 16:06:05 - [TEST_STEP][PASSED] - setText: Finding Test Object with id 'Object Repository/MOH AND GRN/Page_KDMC - CMS/input_txtdeal'

2018-05-09 16:06:05 - [TEST_STEP][PASSED] - Statement - switch (id): Finding Test Object with id 'Object Repository/MOH AND GRN/Page_KDMC - CMS/input_txtbatchno'

2018-05-09 16:06:05 - [TEST_STEP][PASSED] - Statement - case 5:: Text '10.0' is set on object 'Object Repository/MOH AND GRN/Page_KDMC - CMS/input_txtdeal'

2018-05-09 16:06:05 - [TEST_STEP][PASSED] - Statement - return (java.lang.Math.floor((java.lang.Math.random() * ((max - min) + 1))) + min): Text '10.0' is set on object 'Object Repository/MOH AND GRN/Page_KDMC - CMS/input_txtdeal'

2018-05-09 16:06:05 - [MESSAGE][PASSED] - Text '10.0' is set on object 'Object Repository/MOH AND GRN/Page_KDMC - CMS/input_txtdeal'

2018-05-09 16:06:05 - [TEST_STEP][PASSED] - setText: Finding Test Object with id 'Object Repository/MOH AND GRN/Page_KDMC - CMS/input_txtbatchno'

2018-05-09 16:06:05 - [TEST_STEP][PASSED] - Statement - switch (id): Delayed 1 second(s)

2018-05-09 16:06:05 - [TEST_STEP][PASSED] - Statement - case 1:: Text 'BA213.0' is set on object 'Object Repository/MOH AND GRN/Page_KDMC - CMS/input_txtbatchno'

2018-05-09 16:06:05 - [TEST_STEP][PASSED] - Statement - return (java.lang.Math.floor((java.lang.Math.random() * ((max - min) + 1))) + min): Text 'BA213.0' is set on object 'Object Repository/MOH AND GRN/Page_KDMC - CMS/input_txtbatchno'

2018-05-09 16:06:05 - [MESSAGE][PASSED] - Text 'BA213.0' is set on object 'Object Repository/MOH AND GRN/Page_KDMC - CMS/input_txtbatchno'

2018-05-09 16:06:05 - [TEST_STEP][PASSED] - rightClick: Object: 'Object Repository/GRN/Page_KDMC - CMS/input_txtexpdate' is right clicked on

2018-05-09 16:06:05 - [MESSAGE][PASSED] - Object: 'Object Repository/GRN/Page_KDMC - CMS/input_txtexpdate' is right clicked on

2018-05-09 16:06:05 - [TEST_STEP][PASSED] - selectOptionByIndex: All options with index in [7] are selected on object 'Object Repository/GRN/Page_KDMC - CMS/select_20182019202020212022202'

2018-05-09 16:06:05 - [MESSAGE][PASSED] - All options with index in [7] are selected on object 'Object Repository/GRN/Page_KDMC - CMS/select_20182019202020212022202'

2018-05-09 16:06:05 - [TEST_STEP][PASSED] - selectOptionByIndex: All options with index in [7] are selected on object 'Object Repository/GRN/Page_KDMC - CMS/select_JanFebMarAprMayJunJulAu'

2018-05-09 16:06:06 - [MESSAGE][PASSED] - All options with index in [7] are selected on object 'Object Repository/GRN/Page_KDMC - CMS/select_JanFebMarAprMayJunJulAu'

2018-05-09 16:06:06 - [TEST_STEP][PASSED] - click: Object: 'Object Repository/MOH AND GRN/Page_KDMC - CMS/a_12' is clicked on

2018-05-09 16:06:06 - [MESSAGE][PASSED] - Object: 'Object Repository/MOH AND GRN/Page_KDMC - CMS/a_12' is clicked on

2018-05-09 16:06:06 - [TEST_STEP][PASSED] - click: Object: 'Object Repository/MOH AND GRN/Page_KDMC - CMS/input_btnadd' is clicked on

2018-05-09 16:06:06 - [MESSAGE][PASSED] - Object: 'Object Repository/MOH AND GRN/Page_KDMC - CMS/input_btnadd' is clicked on

2018-05-09 16:06:06 - [TEST_STEP][PASSED] - Statement - If (s == 10): null

2018-05-09 16:06:06 - [TEST_STEP][PASSED] - Statement - Else: null

2018-05-09 16:06:06 - [TEST_STEP][PASSED] - Statement - (s++): null

2018-05-09 16:06:06 - [TEST_STEP][PASSED] - delay: Delayed 1 second(s)

2018-05-09 16:06:07 - [MESSAGE][PASSED] - Delayed 1 second(s)

2018-05-09 16:06:07 - [TEST_STEP][PASSED] - scrollToElement: Scroll to object 'Object Repository/MOH AND GRN/Page_KDMC - CMS/input_btnSubmit' successfully

2018-05-09 16:06:07 - [MESSAGE][PASSED] - Scroll to object 'Object Repository/MOH AND GRN/Page_KDMC - CMS/input_btnSubmit' successfully

2018-05-09 16:06:07 - [TEST_STEP][PASSED] - click: Object: 'Object Repository/MOH AND GRN/Page_KDMC - CMS/input_btnSubmit' is clicked on

2018-05-09 16:06:07 - [MESSAGE][PASSED] - Object: 'Object Repository/MOH AND GRN/Page_KDMC - CMS/input_btnSubmit' is clicked on

2018-05-09 16:06:07 - [TEST_STEP][PASSED] - delay: Delayed 3 second(s)

2018-05-09 16:06:10 - [MESSAGE][PASSED] - Delayed 3 second(s)

2018-05-09 16:06:10 - [TEST_STEP][PASSED] - click: Object: 'Object Repository/MOH AND GRN/Page_KDMC - CMS/button_OK' is clicked on

2018-05-09 16:06:10 - [MESSAGE][PASSED] - Object: 'Object Repository/MOH AND GRN/Page_KDMC - CMS/button_OK' is clicked on

2018-05-09 16:06:10 - [TEST_STEP][PASSED] - delay: Delayed 2 second(s)

2018-05-09 16:06:12 - [MESSAGE][PASSED] - Delayed 2 second(s)

2018-05-09 16:06:12 - [TEST_STEP][PASSED] - delay: Delayed 3 second(s)

2018-05-09 16:06:15 - [MESSAGE][PASSED] - Delayed 3 second(s)

2018-05-09 16:06:15 - [TEST_STEP][PASSED] - click: Object: 'Object Repository/MOH AND GRN/Page_KDMC - CMS/a_dropdown-toggle' is clicked on

2018-05-09 16:06:16 - [MESSAGE][PASSED] - Object: 'Object Repository/MOH AND GRN/Page_KDMC - CMS/a_dropdown-toggle' is clicked on

2018-05-09 16:06:16 - [TEST_STEP][PASSED] - click: Object: 'Object Repository/MOH AND GRN/Page_KDMC - CMS/a_Sign out' is clicked on

2018-05-09 16:06:16 - [MESSAGE][PASSED] - Object: 'Object Repository/MOH AND GRN/Page_KDMC - CMS/a_Sign out' is clicked on

2018-05-09 16:06:16 - [TEST_STEP][PASSED] - closeBrowser: Browser is closed

2018-05-09 16:06:17 - [MESSAGE][PASSED] - Browser is closed]]></system-out>
         <system-err><![CDATA[]]></system-err>
      </testcase>
      <testcase name="Test Cases/MOH REQUEST AND GRN/Moh Request GRN  Schedule 9" classname="Test Cases/MOH REQUEST AND GRN/Moh Request GRN  Schedule 9" status="PASSED">
         <system-out><![CDATA[2018-05-09 16:06:17 - [TEST_CASE][PASSED] - Test Cases/MOH REQUEST AND GRN/Moh Request GRN  Schedule 9: Test Cases/MOH REQUEST AND GRN/Moh Request GRN  Schedule 9

2018-05-09 16:06:17 - [TEST_STEP][PASSED] - openBrowser: Browser is opened with url: ''

2018-05-09 16:06:19 - [MESSAGE][PASSED] - Browser is opened with url: ''

2018-05-09 16:06:19 - [TEST_STEP][PASSED] - navigateToUrl: Navigate to 'http://192.168.137.1/multihospital_new/' successfully

2018-05-09 16:06:22 - [MESSAGE][PASSED] - Navigate to 'http://192.168.137.1/multihospital_new/' successfully

2018-05-09 16:06:22 - [TEST_STEP][PASSED] - maximizeWindow: Current window maximized

2018-05-09 16:06:23 - [MESSAGE][PASSED] - Current window maximized

2018-05-09 16:06:23 - [TEST_STEP][PASSED] - click: Object: 'Object Repository/MOH AND GRN/Page_KDMC/a_CMS' is clicked on

2018-05-09 16:06:24 - [MESSAGE][PASSED] - Object: 'Object Repository/MOH AND GRN/Page_KDMC/a_CMS' is clicked on

2018-05-09 16:06:24 - [TEST_STEP][PASSED] - setText: Text 'bala' is set on object 'Object Repository/MOH AND GRN/Page_CMS login/input_txtusername'

2018-05-09 16:06:24 - [MESSAGE][PASSED] - Text 'bala' is set on object 'Object Repository/MOH AND GRN/Page_CMS login/input_txtusername'

2018-05-09 16:06:24 - [TEST_STEP][PASSED] - setText: Text '123' is set on object 'Object Repository/MOH AND GRN/Page_CMS login/input_txtpassword'

2018-05-09 16:06:24 - [MESSAGE][PASSED] - Text '123' is set on object 'Object Repository/MOH AND GRN/Page_CMS login/input_txtpassword'

2018-05-09 16:06:24 - [TEST_STEP][PASSED] - delay: Delayed 3 second(s)

2018-05-09 16:06:27 - [MESSAGE][PASSED] - Delayed 3 second(s)

2018-05-09 16:06:27 - [TEST_STEP][PASSED] - click: Object: 'Object Repository/MOH AND GRN/Page_CMS login/button_Sign in' is clicked on

2018-05-09 16:06:28 - [MESSAGE][PASSED] - Object: 'Object Repository/MOH AND GRN/Page_CMS login/button_Sign in' is clicked on

2018-05-09 16:06:28 - [TEST_STEP][PASSED] - click: Object: 'Object Repository/MOH AND GRN/Page_KDMC - CMS/a_Request to MOH' is clicked on

2018-05-09 16:06:29 - [MESSAGE][PASSED] - Object: 'Object Repository/MOH AND GRN/Page_KDMC - CMS/a_Request to MOH' is clicked on

2018-05-09 16:06:29 - [TEST_STEP][PASSED] - selectOptionByIndex: All options with index in [2] are selected on object 'Object Repository/MOH AND GRN/Page_KDMC - CMS/select_--Select--'

2018-05-09 16:06:30 - [MESSAGE][PASSED] - All options with index in [2] are selected on object 'Object Repository/MOH AND GRN/Page_KDMC - CMS/select_--Select--'

2018-05-09 16:06:30 - [TEST_STEP][PASSED] - selectOptionByIndex: All options with index in [9] are selected on object 'Object Repository/MOH AND GRN/Page_KDMC - CMS/select_--Select--Schedule 1Inj'

2018-05-09 16:06:30 - [MESSAGE][PASSED] - All options with index in [9] are selected on object 'Object Repository/MOH AND GRN/Page_KDMC - CMS/select_--Select--Schedule 1Inj'

2018-05-09 16:06:30 - [TEST_STEP][PASSED] - Statement - selectedoptions = com.kms.katalon.core.webui.keyword.WebUiBuiltInKeywords.getNumberOfTotalOption(com.kms.katalon.core.testobject.ObjectRepository.findTestObject(MOH AND GRN/Page_KDMC - CMS/select_--Select--Adernaline 0.)): 36 options of object 'Object Repository/MOH AND GRN/Page_KDMC - CMS/select_--Select--Adernaline 0.' counted

2018-05-09 16:06:30 - [MESSAGE][PASSED] - 36 options of object 'Object Repository/MOH AND GRN/Page_KDMC - CMS/select_--Select--Adernaline 0.' counted

2018-05-09 16:06:30 - [TEST_STEP][PASSED] - Statement - For ([j = 1, j <= selectedoptions - 1, (j++)]): Object: 'Object Repository/MOH AND GRN/Page_KDMC - CMS/button_Add' is clicked on

2018-05-09 16:06:30 - [TEST_STEP][PASSED] - selectOptionByIndex: All options with index in [9] are selected on object 'Object Repository/MOH AND GRN/Page_KDMC - CMS/select_--Select--Schedule 1Inj'

2018-05-09 16:06:30 - [MESSAGE][PASSED] - All options with index in [9] are selected on object 'Object Repository/MOH AND GRN/Page_KDMC - CMS/select_--Select--Schedule 1Inj'

2018-05-09 16:06:30 - [TEST_STEP][PASSED] - selectOptionByIndex: All options with index in [1] are selected on object 'Object Repository/MOH AND GRN/Page_KDMC - CMS/select_--Select--Adernaline 0.'

2018-05-09 16:06:30 - [MESSAGE][PASSED] - All options with index in [1] are selected on object 'Object Repository/MOH AND GRN/Page_KDMC - CMS/select_--Select--Adernaline 0.'

2018-05-09 16:06:30 - [TEST_STEP][PASSED] - setText: Text '5000' is set on object 'Object Repository/MOH AND GRN/Page_KDMC - CMS/input_txttreat'

2018-05-09 16:06:30 - [MESSAGE][PASSED] - Text '5000' is set on object 'Object Repository/MOH AND GRN/Page_KDMC - CMS/input_txttreat'

2018-05-09 16:06:30 - [TEST_STEP][PASSED] - click: Object: 'Object Repository/MOH AND GRN/Page_KDMC - CMS/button_Add' is clicked on

2018-05-09 16:06:30 - [MESSAGE][PASSED] - Object: 'Object Repository/MOH AND GRN/Page_KDMC - CMS/button_Add' is clicked on

2018-05-09 16:06:30 - [TEST_STEP][PASSED] - selectOptionByIndex: All options with index in [9] are selected on object 'Object Repository/MOH AND GRN/Page_KDMC - CMS/select_--Select--Schedule 1Inj'

2018-05-09 16:06:31 - [MESSAGE][PASSED] - All options with index in [9] are selected on object 'Object Repository/MOH AND GRN/Page_KDMC - CMS/select_--Select--Schedule 1Inj'

2018-05-09 16:06:31 - [TEST_STEP][PASSED] - selectOptionByIndex: All options with index in [2] are selected on object 'Object Repository/MOH AND GRN/Page_KDMC - CMS/select_--Select--Adernaline 0.'

2018-05-09 16:06:31 - [MESSAGE][PASSED] - All options with index in [2] are selected on object 'Object Repository/MOH AND GRN/Page_KDMC - CMS/select_--Select--Adernaline 0.'

2018-05-09 16:06:31 - [TEST_STEP][PASSED] - setText: Text '5000' is set on object 'Object Repository/MOH AND GRN/Page_KDMC - CMS/input_txttreat'

2018-05-09 16:06:31 - [MESSAGE][PASSED] - Text '5000' is set on object 'Object Repository/MOH AND GRN/Page_KDMC - CMS/input_txttreat'

2018-05-09 16:06:31 - [TEST_STEP][PASSED] - click: Object: 'Object Repository/MOH AND GRN/Page_KDMC - CMS/button_Add' is clicked on

2018-05-09 16:06:31 - [MESSAGE][PASSED] - Object: 'Object Repository/MOH AND GRN/Page_KDMC - CMS/button_Add' is clicked on

2018-05-09 16:06:31 - [TEST_STEP][PASSED] - selectOptionByIndex: All options with index in [9] are selected on object 'Object Repository/MOH AND GRN/Page_KDMC - CMS/select_--Select--Schedule 1Inj'

2018-05-09 16:06:31 - [MESSAGE][PASSED] - All options with index in [9] are selected on object 'Object Repository/MOH AND GRN/Page_KDMC - CMS/select_--Select--Schedule 1Inj'

2018-05-09 16:06:31 - [TEST_STEP][PASSED] - selectOptionByIndex: All options with index in [3] are selected on object 'Object Repository/MOH AND GRN/Page_KDMC - CMS/select_--Select--Adernaline 0.'

2018-05-09 16:06:31 - [MESSAGE][PASSED] - All options with index in [3] are selected on object 'Object Repository/MOH AND GRN/Page_KDMC - CMS/select_--Select--Adernaline 0.'

2018-05-09 16:06:31 - [TEST_STEP][PASSED] - setText: Text '5000' is set on object 'Object Repository/MOH AND GRN/Page_KDMC - CMS/input_txttreat'

2018-05-09 16:06:31 - [MESSAGE][PASSED] - Text '5000' is set on object 'Object Repository/MOH AND GRN/Page_KDMC - CMS/input_txttreat'

2018-05-09 16:06:31 - [TEST_STEP][PASSED] - click: Object: 'Object Repository/MOH AND GRN/Page_KDMC - CMS/button_Add' is clicked on

2018-05-09 16:06:31 - [MESSAGE][PASSED] - Object: 'Object Repository/MOH AND GRN/Page_KDMC - CMS/button_Add' is clicked on

2018-05-09 16:06:31 - [TEST_STEP][PASSED] - selectOptionByIndex: All options with index in [9] are selected on object 'Object Repository/MOH AND GRN/Page_KDMC - CMS/select_--Select--Schedule 1Inj'

2018-05-09 16:06:32 - [MESSAGE][PASSED] - All options with index in [9] are selected on object 'Object Repository/MOH AND GRN/Page_KDMC - CMS/select_--Select--Schedule 1Inj'

2018-05-09 16:06:32 - [TEST_STEP][PASSED] - selectOptionByIndex: All options with index in [4] are selected on object 'Object Repository/MOH AND GRN/Page_KDMC - CMS/select_--Select--Adernaline 0.'

2018-05-09 16:06:32 - [MESSAGE][PASSED] - All options with index in [4] are selected on object 'Object Repository/MOH AND GRN/Page_KDMC - CMS/select_--Select--Adernaline 0.'

2018-05-09 16:06:32 - [TEST_STEP][PASSED] - setText: Text '5000' is set on object 'Object Repository/MOH AND GRN/Page_KDMC - CMS/input_txttreat'

2018-05-09 16:06:32 - [MESSAGE][PASSED] - Text '5000' is set on object 'Object Repository/MOH AND GRN/Page_KDMC - CMS/input_txttreat'

2018-05-09 16:06:32 - [TEST_STEP][PASSED] - click: Object: 'Object Repository/MOH AND GRN/Page_KDMC - CMS/button_Add' is clicked on

2018-05-09 16:06:32 - [MESSAGE][PASSED] - Object: 'Object Repository/MOH AND GRN/Page_KDMC - CMS/button_Add' is clicked on

2018-05-09 16:06:32 - [TEST_STEP][PASSED] - selectOptionByIndex: All options with index in [9] are selected on object 'Object Repository/MOH AND GRN/Page_KDMC - CMS/select_--Select--Schedule 1Inj'

2018-05-09 16:06:32 - [MESSAGE][PASSED] - All options with index in [9] are selected on object 'Object Repository/MOH AND GRN/Page_KDMC - CMS/select_--Select--Schedule 1Inj'

2018-05-09 16:06:32 - [TEST_STEP][PASSED] - selectOptionByIndex: All options with index in [5] are selected on object 'Object Repository/MOH AND GRN/Page_KDMC - CMS/select_--Select--Adernaline 0.'

2018-05-09 16:06:32 - [MESSAGE][PASSED] - All options with index in [5] are selected on object 'Object Repository/MOH AND GRN/Page_KDMC - CMS/select_--Select--Adernaline 0.'

2018-05-09 16:06:32 - [TEST_STEP][PASSED] - setText: Text '5000' is set on object 'Object Repository/MOH AND GRN/Page_KDMC - CMS/input_txttreat'

2018-05-09 16:06:32 - [MESSAGE][PASSED] - Text '5000' is set on object 'Object Repository/MOH AND GRN/Page_KDMC - CMS/input_txttreat'

2018-05-09 16:06:32 - [TEST_STEP][PASSED] - click: Object: 'Object Repository/MOH AND GRN/Page_KDMC - CMS/button_Add' is clicked on

2018-05-09 16:06:32 - [MESSAGE][PASSED] - Object: 'Object Repository/MOH AND GRN/Page_KDMC - CMS/button_Add' is clicked on

2018-05-09 16:06:32 - [TEST_STEP][PASSED] - selectOptionByIndex: All options with index in [9] are selected on object 'Object Repository/MOH AND GRN/Page_KDMC - CMS/select_--Select--Schedule 1Inj'

2018-05-09 16:06:33 - [MESSAGE][PASSED] - All options with index in [9] are selected on object 'Object Repository/MOH AND GRN/Page_KDMC - CMS/select_--Select--Schedule 1Inj'

2018-05-09 16:06:33 - [TEST_STEP][PASSED] - selectOptionByIndex: All options with index in [6] are selected on object 'Object Repository/MOH AND GRN/Page_KDMC - CMS/select_--Select--Adernaline 0.'

2018-05-09 16:06:33 - [MESSAGE][PASSED] - All options with index in [6] are selected on object 'Object Repository/MOH AND GRN/Page_KDMC - CMS/select_--Select--Adernaline 0.'

2018-05-09 16:06:33 - [TEST_STEP][PASSED] - setText: Text '5000' is set on object 'Object Repository/MOH AND GRN/Page_KDMC - CMS/input_txttreat'

2018-05-09 16:06:33 - [MESSAGE][PASSED] - Text '5000' is set on object 'Object Repository/MOH AND GRN/Page_KDMC - CMS/input_txttreat'

2018-05-09 16:06:33 - [TEST_STEP][PASSED] - click: Object: 'Object Repository/MOH AND GRN/Page_KDMC - CMS/button_Add' is clicked on

2018-05-09 16:06:33 - [MESSAGE][PASSED] - Object: 'Object Repository/MOH AND GRN/Page_KDMC - CMS/button_Add' is clicked on

2018-05-09 16:06:33 - [TEST_STEP][PASSED] - selectOptionByIndex: All options with index in [9] are selected on object 'Object Repository/MOH AND GRN/Page_KDMC - CMS/select_--Select--Schedule 1Inj'

2018-05-09 16:06:33 - [MESSAGE][PASSED] - All options with index in [9] are selected on object 'Object Repository/MOH AND GRN/Page_KDMC - CMS/select_--Select--Schedule 1Inj'

2018-05-09 16:06:33 - [TEST_STEP][PASSED] - selectOptionByIndex: All options with index in [7] are selected on object 'Object Repository/MOH AND GRN/Page_KDMC - CMS/select_--Select--Adernaline 0.'

2018-05-09 16:06:33 - [MESSAGE][PASSED] - All options with index in [7] are selected on object 'Object Repository/MOH AND GRN/Page_KDMC - CMS/select_--Select--Adernaline 0.'

2018-05-09 16:06:33 - [TEST_STEP][PASSED] - setText: Text '5000' is set on object 'Object Repository/MOH AND GRN/Page_KDMC - CMS/input_txttreat'

2018-05-09 16:06:33 - [MESSAGE][PASSED] - Text '5000' is set on object 'Object Repository/MOH AND GRN/Page_KDMC - CMS/input_txttreat'

2018-05-09 16:06:33 - [TEST_STEP][PASSED] - click: Object: 'Object Repository/MOH AND GRN/Page_KDMC - CMS/button_Add' is clicked on

2018-05-09 16:06:33 - [MESSAGE][PASSED] - Object: 'Object Repository/MOH AND GRN/Page_KDMC - CMS/button_Add' is clicked on

2018-05-09 16:06:33 - [TEST_STEP][PASSED] - selectOptionByIndex: All options with index in [9] are selected on object 'Object Repository/MOH AND GRN/Page_KDMC - CMS/select_--Select--Schedule 1Inj'

2018-05-09 16:06:33 - [MESSAGE][PASSED] - All options with index in [9] are selected on object 'Object Repository/MOH AND GRN/Page_KDMC - CMS/select_--Select--Schedule 1Inj'

2018-05-09 16:06:33 - [TEST_STEP][PASSED] - selectOptionByIndex: All options with index in [8] are selected on object 'Object Repository/MOH AND GRN/Page_KDMC - CMS/select_--Select--Adernaline 0.'

2018-05-09 16:06:34 - [MESSAGE][PASSED] - All options with index in [8] are selected on object 'Object Repository/MOH AND GRN/Page_KDMC - CMS/select_--Select--Adernaline 0.'

2018-05-09 16:06:34 - [TEST_STEP][PASSED] - setText: Text '5000' is set on object 'Object Repository/MOH AND GRN/Page_KDMC - CMS/input_txttreat'

2018-05-09 16:06:34 - [MESSAGE][PASSED] - Text '5000' is set on object 'Object Repository/MOH AND GRN/Page_KDMC - CMS/input_txttreat'

2018-05-09 16:06:34 - [TEST_STEP][PASSED] - click: Object: 'Object Repository/MOH AND GRN/Page_KDMC - CMS/button_Add' is clicked on

2018-05-09 16:06:34 - [MESSAGE][PASSED] - Object: 'Object Repository/MOH AND GRN/Page_KDMC - CMS/button_Add' is clicked on

2018-05-09 16:06:34 - [TEST_STEP][PASSED] - selectOptionByIndex: All options with index in [9] are selected on object 'Object Repository/MOH AND GRN/Page_KDMC - CMS/select_--Select--Schedule 1Inj'

2018-05-09 16:06:34 - [MESSAGE][PASSED] - All options with index in [9] are selected on object 'Object Repository/MOH AND GRN/Page_KDMC - CMS/select_--Select--Schedule 1Inj'

2018-05-09 16:06:34 - [TEST_STEP][PASSED] - selectOptionByIndex: All options with index in [9] are selected on object 'Object Repository/MOH AND GRN/Page_KDMC - CMS/select_--Select--Adernaline 0.'

2018-05-09 16:06:34 - [MESSAGE][PASSED] - All options with index in [9] are selected on object 'Object Repository/MOH AND GRN/Page_KDMC - CMS/select_--Select--Adernaline 0.'

2018-05-09 16:06:34 - [TEST_STEP][PASSED] - setText: Text '5000' is set on object 'Object Repository/MOH AND GRN/Page_KDMC - CMS/input_txttreat'

2018-05-09 16:06:34 - [MESSAGE][PASSED] - Text '5000' is set on object 'Object Repository/MOH AND GRN/Page_KDMC - CMS/input_txttreat'

2018-05-09 16:06:34 - [TEST_STEP][PASSED] - click: Object: 'Object Repository/MOH AND GRN/Page_KDMC - CMS/button_Add' is clicked on

2018-05-09 16:06:34 - [MESSAGE][PASSED] - Object: 'Object Repository/MOH AND GRN/Page_KDMC - CMS/button_Add' is clicked on

2018-05-09 16:06:34 - [TEST_STEP][PASSED] - selectOptionByIndex: All options with index in [9] are selected on object 'Object Repository/MOH AND GRN/Page_KDMC - CMS/select_--Select--Schedule 1Inj'

2018-05-09 16:06:34 - [MESSAGE][PASSED] - All options with index in [9] are selected on object 'Object Repository/MOH AND GRN/Page_KDMC - CMS/select_--Select--Schedule 1Inj'

2018-05-09 16:06:34 - [TEST_STEP][PASSED] - selectOptionByIndex: All options with index in [10] are selected on object 'Object Repository/MOH AND GRN/Page_KDMC - CMS/select_--Select--Adernaline 0.'

2018-05-09 16:06:35 - [MESSAGE][PASSED] - All options with index in [10] are selected on object 'Object Repository/MOH AND GRN/Page_KDMC - CMS/select_--Select--Adernaline 0.'

2018-05-09 16:06:35 - [TEST_STEP][PASSED] - setText: Text '5000' is set on object 'Object Repository/MOH AND GRN/Page_KDMC - CMS/input_txttreat'

2018-05-09 16:06:35 - [MESSAGE][PASSED] - Text '5000' is set on object 'Object Repository/MOH AND GRN/Page_KDMC - CMS/input_txttreat'

2018-05-09 16:06:35 - [TEST_STEP][PASSED] - click: Object: 'Object Repository/MOH AND GRN/Page_KDMC - CMS/button_Add' is clicked on

2018-05-09 16:06:35 - [MESSAGE][PASSED] - Object: 'Object Repository/MOH AND GRN/Page_KDMC - CMS/button_Add' is clicked on

2018-05-09 16:06:35 - [TEST_STEP][PASSED] - selectOptionByIndex: All options with index in [9] are selected on object 'Object Repository/MOH AND GRN/Page_KDMC - CMS/select_--Select--Schedule 1Inj'

2018-05-09 16:06:35 - [MESSAGE][PASSED] - All options with index in [9] are selected on object 'Object Repository/MOH AND GRN/Page_KDMC - CMS/select_--Select--Schedule 1Inj'

2018-05-09 16:06:35 - [TEST_STEP][PASSED] - selectOptionByIndex: All options with index in [11] are selected on object 'Object Repository/MOH AND GRN/Page_KDMC - CMS/select_--Select--Adernaline 0.'

2018-05-09 16:06:35 - [MESSAGE][PASSED] - All options with index in [11] are selected on object 'Object Repository/MOH AND GRN/Page_KDMC - CMS/select_--Select--Adernaline 0.'

2018-05-09 16:06:35 - [TEST_STEP][PASSED] - setText: Text '5000' is set on object 'Object Repository/MOH AND GRN/Page_KDMC - CMS/input_txttreat'

2018-05-09 16:06:35 - [MESSAGE][PASSED] - Text '5000' is set on object 'Object Repository/MOH AND GRN/Page_KDMC - CMS/input_txttreat'

2018-05-09 16:06:35 - [TEST_STEP][PASSED] - click: Object: 'Object Repository/MOH AND GRN/Page_KDMC - CMS/button_Add' is clicked on

2018-05-09 16:06:35 - [MESSAGE][PASSED] - Object: 'Object Repository/MOH AND GRN/Page_KDMC - CMS/button_Add' is clicked on

2018-05-09 16:06:35 - [TEST_STEP][PASSED] - selectOptionByIndex: All options with index in [9] are selected on object 'Object Repository/MOH AND GRN/Page_KDMC - CMS/select_--Select--Schedule 1Inj'

2018-05-09 16:06:35 - [MESSAGE][PASSED] - All options with index in [9] are selected on object 'Object Repository/MOH AND GRN/Page_KDMC - CMS/select_--Select--Schedule 1Inj'

2018-05-09 16:06:35 - [TEST_STEP][PASSED] - selectOptionByIndex: All options with index in [12] are selected on object 'Object Repository/MOH AND GRN/Page_KDMC - CMS/select_--Select--Adernaline 0.'

2018-05-09 16:06:36 - [MESSAGE][PASSED] - All options with index in [12] are selected on object 'Object Repository/MOH AND GRN/Page_KDMC - CMS/select_--Select--Adernaline 0.'

2018-05-09 16:06:36 - [TEST_STEP][PASSED] - setText: Text '5000' is set on object 'Object Repository/MOH AND GRN/Page_KDMC - CMS/input_txttreat'

2018-05-09 16:06:36 - [MESSAGE][PASSED] - Text '5000' is set on object 'Object Repository/MOH AND GRN/Page_KDMC - CMS/input_txttreat'

2018-05-09 16:06:36 - [TEST_STEP][PASSED] - click: Object: 'Object Repository/MOH AND GRN/Page_KDMC - CMS/button_Add' is clicked on

2018-05-09 16:06:36 - [MESSAGE][PASSED] - Object: 'Object Repository/MOH AND GRN/Page_KDMC - CMS/button_Add' is clicked on

2018-05-09 16:06:36 - [TEST_STEP][PASSED] - selectOptionByIndex: All options with index in [9] are selected on object 'Object Repository/MOH AND GRN/Page_KDMC - CMS/select_--Select--Schedule 1Inj'

2018-05-09 16:06:36 - [MESSAGE][PASSED] - All options with index in [9] are selected on object 'Object Repository/MOH AND GRN/Page_KDMC - CMS/select_--Select--Schedule 1Inj'

2018-05-09 16:06:36 - [TEST_STEP][PASSED] - selectOptionByIndex: All options with index in [13] are selected on object 'Object Repository/MOH AND GRN/Page_KDMC - CMS/select_--Select--Adernaline 0.'

2018-05-09 16:06:36 - [MESSAGE][PASSED] - All options with index in [13] are selected on object 'Object Repository/MOH AND GRN/Page_KDMC - CMS/select_--Select--Adernaline 0.'

2018-05-09 16:06:36 - [TEST_STEP][PASSED] - setText: Text '5000' is set on object 'Object Repository/MOH AND GRN/Page_KDMC - CMS/input_txttreat'

2018-05-09 16:06:36 - [MESSAGE][PASSED] - Text '5000' is set on object 'Object Repository/MOH AND GRN/Page_KDMC - CMS/input_txttreat'

2018-05-09 16:06:36 - [TEST_STEP][PASSED] - click: Object: 'Object Repository/MOH AND GRN/Page_KDMC - CMS/button_Add' is clicked on

2018-05-09 16:06:36 - [MESSAGE][PASSED] - Object: 'Object Repository/MOH AND GRN/Page_KDMC - CMS/button_Add' is clicked on

2018-05-09 16:06:36 - [TEST_STEP][PASSED] - selectOptionByIndex: All options with index in [9] are selected on object 'Object Repository/MOH AND GRN/Page_KDMC - CMS/select_--Select--Schedule 1Inj'

2018-05-09 16:06:37 - [MESSAGE][PASSED] - All options with index in [9] are selected on object 'Object Repository/MOH AND GRN/Page_KDMC - CMS/select_--Select--Schedule 1Inj'

2018-05-09 16:06:37 - [TEST_STEP][PASSED] - selectOptionByIndex: All options with index in [14] are selected on object 'Object Repository/MOH AND GRN/Page_KDMC - CMS/select_--Select--Adernaline 0.'

2018-05-09 16:06:37 - [MESSAGE][PASSED] - All options with index in [14] are selected on object 'Object Repository/MOH AND GRN/Page_KDMC - CMS/select_--Select--Adernaline 0.'

2018-05-09 16:06:37 - [TEST_STEP][PASSED] - setText: Text '5000' is set on object 'Object Repository/MOH AND GRN/Page_KDMC - CMS/input_txttreat'

2018-05-09 16:06:37 - [MESSAGE][PASSED] - Text '5000' is set on object 'Object Repository/MOH AND GRN/Page_KDMC - CMS/input_txttreat'

2018-05-09 16:06:37 - [TEST_STEP][PASSED] - click: Object: 'Object Repository/MOH AND GRN/Page_KDMC - CMS/button_Add' is clicked on

2018-05-09 16:06:37 - [MESSAGE][PASSED] - Object: 'Object Repository/MOH AND GRN/Page_KDMC - CMS/button_Add' is clicked on

2018-05-09 16:06:37 - [TEST_STEP][PASSED] - selectOptionByIndex: All options with index in [9] are selected on object 'Object Repository/MOH AND GRN/Page_KDMC - CMS/select_--Select--Schedule 1Inj'

2018-05-09 16:06:37 - [MESSAGE][PASSED] - All options with index in [9] are selected on object 'Object Repository/MOH AND GRN/Page_KDMC - CMS/select_--Select--Schedule 1Inj'

2018-05-09 16:06:37 - [TEST_STEP][PASSED] - selectOptionByIndex: All options with index in [15] are selected on object 'Object Repository/MOH AND GRN/Page_KDMC - CMS/select_--Select--Adernaline 0.'

2018-05-09 16:06:37 - [MESSAGE][PASSED] - All options with index in [15] are selected on object 'Object Repository/MOH AND GRN/Page_KDMC - CMS/select_--Select--Adernaline 0.'

2018-05-09 16:06:37 - [TEST_STEP][PASSED] - setText: Text '5000' is set on object 'Object Repository/MOH AND GRN/Page_KDMC - CMS/input_txttreat'

2018-05-09 16:06:37 - [MESSAGE][PASSED] - Text '5000' is set on object 'Object Repository/MOH AND GRN/Page_KDMC - CMS/input_txttreat'

2018-05-09 16:06:37 - [TEST_STEP][PASSED] - click: Object: 'Object Repository/MOH AND GRN/Page_KDMC - CMS/button_Add' is clicked on

2018-05-09 16:06:37 - [MESSAGE][PASSED] - Object: 'Object Repository/MOH AND GRN/Page_KDMC - CMS/button_Add' is clicked on

2018-05-09 16:06:37 - [TEST_STEP][PASSED] - selectOptionByIndex: All options with index in [9] are selected on object 'Object Repository/MOH AND GRN/Page_KDMC - CMS/select_--Select--Schedule 1Inj'

2018-05-09 16:06:38 - [MESSAGE][PASSED] - All options with index in [9] are selected on object 'Object Repository/MOH AND GRN/Page_KDMC - CMS/select_--Select--Schedule 1Inj'

2018-05-09 16:06:38 - [TEST_STEP][PASSED] - selectOptionByIndex: All options with index in [16] are selected on object 'Object Repository/MOH AND GRN/Page_KDMC - CMS/select_--Select--Adernaline 0.'

2018-05-09 16:06:38 - [MESSAGE][PASSED] - All options with index in [16] are selected on object 'Object Repository/MOH AND GRN/Page_KDMC - CMS/select_--Select--Adernaline 0.'

2018-05-09 16:06:38 - [TEST_STEP][PASSED] - setText: Text '5000' is set on object 'Object Repository/MOH AND GRN/Page_KDMC - CMS/input_txttreat'

2018-05-09 16:06:38 - [MESSAGE][PASSED] - Text '5000' is set on object 'Object Repository/MOH AND GRN/Page_KDMC - CMS/input_txttreat'

2018-05-09 16:06:38 - [TEST_STEP][PASSED] - click: Object: 'Object Repository/MOH AND GRN/Page_KDMC - CMS/button_Add' is clicked on

2018-05-09 16:06:38 - [MESSAGE][PASSED] - Object: 'Object Repository/MOH AND GRN/Page_KDMC - CMS/button_Add' is clicked on

2018-05-09 16:06:38 - [TEST_STEP][PASSED] - selectOptionByIndex: All options with index in [9] are selected on object 'Object Repository/MOH AND GRN/Page_KDMC - CMS/select_--Select--Schedule 1Inj'

2018-05-09 16:06:38 - [MESSAGE][PASSED] - All options with index in [9] are selected on object 'Object Repository/MOH AND GRN/Page_KDMC - CMS/select_--Select--Schedule 1Inj'

2018-05-09 16:06:38 - [TEST_STEP][PASSED] - selectOptionByIndex: All options with index in [17] are selected on object 'Object Repository/MOH AND GRN/Page_KDMC - CMS/select_--Select--Adernaline 0.'

2018-05-09 16:06:38 - [MESSAGE][PASSED] - All options with index in [17] are selected on object 'Object Repository/MOH AND GRN/Page_KDMC - CMS/select_--Select--Adernaline 0.'

2018-05-09 16:06:38 - [TEST_STEP][PASSED] - setText: Text '5000' is set on object 'Object Repository/MOH AND GRN/Page_KDMC - CMS/input_txttreat'

2018-05-09 16:06:39 - [MESSAGE][PASSED] - Text '5000' is set on object 'Object Repository/MOH AND GRN/Page_KDMC - CMS/input_txttreat'

2018-05-09 16:06:39 - [TEST_STEP][PASSED] - click: Object: 'Object Repository/MOH AND GRN/Page_KDMC - CMS/button_Add' is clicked on

2018-05-09 16:06:39 - [MESSAGE][PASSED] - Object: 'Object Repository/MOH AND GRN/Page_KDMC - CMS/button_Add' is clicked on

2018-05-09 16:06:39 - [TEST_STEP][PASSED] - selectOptionByIndex: All options with index in [9] are selected on object 'Object Repository/MOH AND GRN/Page_KDMC - CMS/select_--Select--Schedule 1Inj'

2018-05-09 16:06:39 - [MESSAGE][PASSED] - All options with index in [9] are selected on object 'Object Repository/MOH AND GRN/Page_KDMC - CMS/select_--Select--Schedule 1Inj'

2018-05-09 16:06:39 - [TEST_STEP][PASSED] - selectOptionByIndex: All options with index in [18] are selected on object 'Object Repository/MOH AND GRN/Page_KDMC - CMS/select_--Select--Adernaline 0.'

2018-05-09 16:06:39 - [MESSAGE][PASSED] - All options with index in [18] are selected on object 'Object Repository/MOH AND GRN/Page_KDMC - CMS/select_--Select--Adernaline 0.'

2018-05-09 16:06:39 - [TEST_STEP][PASSED] - setText: Text '5000' is set on object 'Object Repository/MOH AND GRN/Page_KDMC - CMS/input_txttreat'

2018-05-09 16:06:39 - [MESSAGE][PASSED] - Text '5000' is set on object 'Object Repository/MOH AND GRN/Page_KDMC - CMS/input_txttreat'

2018-05-09 16:06:39 - [TEST_STEP][PASSED] - click: Object: 'Object Repository/MOH AND GRN/Page_KDMC - CMS/button_Add' is clicked on

2018-05-09 16:06:39 - [MESSAGE][PASSED] - Object: 'Object Repository/MOH AND GRN/Page_KDMC - CMS/button_Add' is clicked on

2018-05-09 16:06:39 - [TEST_STEP][PASSED] - selectOptionByIndex: All options with index in [9] are selected on object 'Object Repository/MOH AND GRN/Page_KDMC - CMS/select_--Select--Schedule 1Inj'

2018-05-09 16:06:39 - [MESSAGE][PASSED] - All options with index in [9] are selected on object 'Object Repository/MOH AND GRN/Page_KDMC - CMS/select_--Select--Schedule 1Inj'

2018-05-09 16:06:39 - [TEST_STEP][PASSED] - selectOptionByIndex: All options with index in [19] are selected on object 'Object Repository/MOH AND GRN/Page_KDMC - CMS/select_--Select--Adernaline 0.'

2018-05-09 16:06:40 - [MESSAGE][PASSED] - All options with index in [19] are selected on object 'Object Repository/MOH AND GRN/Page_KDMC - CMS/select_--Select--Adernaline 0.'

2018-05-09 16:06:40 - [TEST_STEP][PASSED] - setText: Text '5000' is set on object 'Object Repository/MOH AND GRN/Page_KDMC - CMS/input_txttreat'

2018-05-09 16:06:40 - [MESSAGE][PASSED] - Text '5000' is set on object 'Object Repository/MOH AND GRN/Page_KDMC - CMS/input_txttreat'

2018-05-09 16:06:40 - [TEST_STEP][PASSED] - click: Object: 'Object Repository/MOH AND GRN/Page_KDMC - CMS/button_Add' is clicked on

2018-05-09 16:06:40 - [MESSAGE][PASSED] - Object: 'Object Repository/MOH AND GRN/Page_KDMC - CMS/button_Add' is clicked on

2018-05-09 16:06:40 - [TEST_STEP][PASSED] - selectOptionByIndex: All options with index in [9] are selected on object 'Object Repository/MOH AND GRN/Page_KDMC - CMS/select_--Select--Schedule 1Inj'

2018-05-09 16:06:40 - [MESSAGE][PASSED] - All options with index in [9] are selected on object 'Object Repository/MOH AND GRN/Page_KDMC - CMS/select_--Select--Schedule 1Inj'

2018-05-09 16:06:40 - [TEST_STEP][PASSED] - selectOptionByIndex: All options with index in [20] are selected on object 'Object Repository/MOH AND GRN/Page_KDMC - CMS/select_--Select--Adernaline 0.'

2018-05-09 16:06:40 - [MESSAGE][PASSED] - All options with index in [20] are selected on object 'Object Repository/MOH AND GRN/Page_KDMC - CMS/select_--Select--Adernaline 0.'

2018-05-09 16:06:40 - [TEST_STEP][PASSED] - setText: Text '5000' is set on object 'Object Repository/MOH AND GRN/Page_KDMC - CMS/input_txttreat'

2018-05-09 16:06:40 - [MESSAGE][PASSED] - Text '5000' is set on object 'Object Repository/MOH AND GRN/Page_KDMC - CMS/input_txttreat'

2018-05-09 16:06:40 - [TEST_STEP][PASSED] - click: Object: 'Object Repository/MOH AND GRN/Page_KDMC - CMS/button_Add' is clicked on

2018-05-09 16:06:40 - [MESSAGE][PASSED] - Object: 'Object Repository/MOH AND GRN/Page_KDMC - CMS/button_Add' is clicked on

2018-05-09 16:06:40 - [TEST_STEP][PASSED] - selectOptionByIndex: All options with index in [9] are selected on object 'Object Repository/MOH AND GRN/Page_KDMC - CMS/select_--Select--Schedule 1Inj'

2018-05-09 16:06:41 - [MESSAGE][PASSED] - All options with index in [9] are selected on object 'Object Repository/MOH AND GRN/Page_KDMC - CMS/select_--Select--Schedule 1Inj'

2018-05-09 16:06:41 - [TEST_STEP][PASSED] - selectOptionByIndex: All options with index in [21] are selected on object 'Object Repository/MOH AND GRN/Page_KDMC - CMS/select_--Select--Adernaline 0.'

2018-05-09 16:06:41 - [MESSAGE][PASSED] - All options with index in [21] are selected on object 'Object Repository/MOH AND GRN/Page_KDMC - CMS/select_--Select--Adernaline 0.'

2018-05-09 16:06:41 - [TEST_STEP][PASSED] - setText: Text '5000' is set on object 'Object Repository/MOH AND GRN/Page_KDMC - CMS/input_txttreat'

2018-05-09 16:06:41 - [MESSAGE][PASSED] - Text '5000' is set on object 'Object Repository/MOH AND GRN/Page_KDMC - CMS/input_txttreat'

2018-05-09 16:06:41 - [TEST_STEP][PASSED] - click: Object: 'Object Repository/MOH AND GRN/Page_KDMC - CMS/button_Add' is clicked on

2018-05-09 16:06:41 - [MESSAGE][PASSED] - Object: 'Object Repository/MOH AND GRN/Page_KDMC - CMS/button_Add' is clicked on

2018-05-09 16:06:41 - [TEST_STEP][PASSED] - selectOptionByIndex: All options with index in [9] are selected on object 'Object Repository/MOH AND GRN/Page_KDMC - CMS/select_--Select--Schedule 1Inj'

2018-05-09 16:06:41 - [MESSAGE][PASSED] - All options with index in [9] are selected on object 'Object Repository/MOH AND GRN/Page_KDMC - CMS/select_--Select--Schedule 1Inj'

2018-05-09 16:06:41 - [TEST_STEP][PASSED] - selectOptionByIndex: All options with index in [22] are selected on object 'Object Repository/MOH AND GRN/Page_KDMC - CMS/select_--Select--Adernaline 0.'

2018-05-09 16:06:41 - [MESSAGE][PASSED] - All options with index in [22] are selected on object 'Object Repository/MOH AND GRN/Page_KDMC - CMS/select_--Select--Adernaline 0.'

2018-05-09 16:06:41 - [TEST_STEP][PASSED] - setText: Text '5000' is set on object 'Object Repository/MOH AND GRN/Page_KDMC - CMS/input_txttreat'

2018-05-09 16:06:41 - [MESSAGE][PASSED] - Text '5000' is set on object 'Object Repository/MOH AND GRN/Page_KDMC - CMS/input_txttreat'

2018-05-09 16:06:41 - [TEST_STEP][PASSED] - click: Object: 'Object Repository/MOH AND GRN/Page_KDMC - CMS/button_Add' is clicked on

2018-05-09 16:06:42 - [MESSAGE][PASSED] - Object: 'Object Repository/MOH AND GRN/Page_KDMC - CMS/button_Add' is clicked on

2018-05-09 16:06:42 - [TEST_STEP][PASSED] - selectOptionByIndex: All options with index in [9] are selected on object 'Object Repository/MOH AND GRN/Page_KDMC - CMS/select_--Select--Schedule 1Inj'

2018-05-09 16:06:42 - [MESSAGE][PASSED] - All options with index in [9] are selected on object 'Object Repository/MOH AND GRN/Page_KDMC - CMS/select_--Select--Schedule 1Inj'

2018-05-09 16:06:42 - [TEST_STEP][PASSED] - selectOptionByIndex: All options with index in [23] are selected on object 'Object Repository/MOH AND GRN/Page_KDMC - CMS/select_--Select--Adernaline 0.'

2018-05-09 16:06:42 - [MESSAGE][PASSED] - All options with index in [23] are selected on object 'Object Repository/MOH AND GRN/Page_KDMC - CMS/select_--Select--Adernaline 0.'

2018-05-09 16:06:42 - [TEST_STEP][PASSED] - setText: Text '5000' is set on object 'Object Repository/MOH AND GRN/Page_KDMC - CMS/input_txttreat'

2018-05-09 16:06:42 - [MESSAGE][PASSED] - Text '5000' is set on object 'Object Repository/MOH AND GRN/Page_KDMC - CMS/input_txttreat'

2018-05-09 16:06:42 - [TEST_STEP][PASSED] - click: Object: 'Object Repository/MOH AND GRN/Page_KDMC - CMS/button_Add' is clicked on

2018-05-09 16:06:42 - [MESSAGE][PASSED] - Object: 'Object Repository/MOH AND GRN/Page_KDMC - CMS/button_Add' is clicked on

2018-05-09 16:06:42 - [TEST_STEP][PASSED] - selectOptionByIndex: All options with index in [9] are selected on object 'Object Repository/MOH AND GRN/Page_KDMC - CMS/select_--Select--Schedule 1Inj'

2018-05-09 16:06:42 - [MESSAGE][PASSED] - All options with index in [9] are selected on object 'Object Repository/MOH AND GRN/Page_KDMC - CMS/select_--Select--Schedule 1Inj'

2018-05-09 16:06:42 - [TEST_STEP][PASSED] - selectOptionByIndex: All options with index in [24] are selected on object 'Object Repository/MOH AND GRN/Page_KDMC - CMS/select_--Select--Adernaline 0.'

2018-05-09 16:06:43 - [MESSAGE][PASSED] - All options with index in [24] are selected on object 'Object Repository/MOH AND GRN/Page_KDMC - CMS/select_--Select--Adernaline 0.'

2018-05-09 16:06:43 - [TEST_STEP][PASSED] - setText: Text '5000' is set on object 'Object Repository/MOH AND GRN/Page_KDMC - CMS/input_txttreat'

2018-05-09 16:06:43 - [MESSAGE][PASSED] - Text '5000' is set on object 'Object Repository/MOH AND GRN/Page_KDMC - CMS/input_txttreat'

2018-05-09 16:06:43 - [TEST_STEP][PASSED] - click: Object: 'Object Repository/MOH AND GRN/Page_KDMC - CMS/button_Add' is clicked on

2018-05-09 16:06:43 - [MESSAGE][PASSED] - Object: 'Object Repository/MOH AND GRN/Page_KDMC - CMS/button_Add' is clicked on

2018-05-09 16:06:43 - [TEST_STEP][PASSED] - selectOptionByIndex: All options with index in [9] are selected on object 'Object Repository/MOH AND GRN/Page_KDMC - CMS/select_--Select--Schedule 1Inj'

2018-05-09 16:06:43 - [MESSAGE][PASSED] - All options with index in [9] are selected on object 'Object Repository/MOH AND GRN/Page_KDMC - CMS/select_--Select--Schedule 1Inj'

2018-05-09 16:06:43 - [TEST_STEP][PASSED] - selectOptionByIndex: All options with index in [25] are selected on object 'Object Repository/MOH AND GRN/Page_KDMC - CMS/select_--Select--Adernaline 0.'

2018-05-09 16:06:43 - [MESSAGE][PASSED] - All options with index in [25] are selected on object 'Object Repository/MOH AND GRN/Page_KDMC - CMS/select_--Select--Adernaline 0.'

2018-05-09 16:06:43 - [TEST_STEP][PASSED] - setText: Text '5000' is set on object 'Object Repository/MOH AND GRN/Page_KDMC - CMS/input_txttreat'

2018-05-09 16:06:43 - [MESSAGE][PASSED] - Text '5000' is set on object 'Object Repository/MOH AND GRN/Page_KDMC - CMS/input_txttreat'

2018-05-09 16:06:43 - [TEST_STEP][PASSED] - click: Object: 'Object Repository/MOH AND GRN/Page_KDMC - CMS/button_Add' is clicked on

2018-05-09 16:06:43 - [MESSAGE][PASSED] - Object: 'Object Repository/MOH AND GRN/Page_KDMC - CMS/button_Add' is clicked on

2018-05-09 16:06:43 - [TEST_STEP][PASSED] - selectOptionByIndex: All options with index in [9] are selected on object 'Object Repository/MOH AND GRN/Page_KDMC - CMS/select_--Select--Schedule 1Inj'

2018-05-09 16:06:44 - [MESSAGE][PASSED] - All options with index in [9] are selected on object 'Object Repository/MOH AND GRN/Page_KDMC - CMS/select_--Select--Schedule 1Inj'

2018-05-09 16:06:44 - [TEST_STEP][PASSED] - selectOptionByIndex: All options with index in [26] are selected on object 'Object Repository/MOH AND GRN/Page_KDMC - CMS/select_--Select--Adernaline 0.'

2018-05-09 16:06:44 - [MESSAGE][PASSED] - All options with index in [26] are selected on object 'Object Repository/MOH AND GRN/Page_KDMC - CMS/select_--Select--Adernaline 0.'

2018-05-09 16:06:44 - [TEST_STEP][PASSED] - setText: Text '5000' is set on object 'Object Repository/MOH AND GRN/Page_KDMC - CMS/input_txttreat'

2018-05-09 16:06:44 - [MESSAGE][PASSED] - Text '5000' is set on object 'Object Repository/MOH AND GRN/Page_KDMC - CMS/input_txttreat'

2018-05-09 16:06:44 - [TEST_STEP][PASSED] - click: Object: 'Object Repository/MOH AND GRN/Page_KDMC - CMS/button_Add' is clicked on

2018-05-09 16:06:44 - [MESSAGE][PASSED] - Object: 'Object Repository/MOH AND GRN/Page_KDMC - CMS/button_Add' is clicked on

2018-05-09 16:06:44 - [TEST_STEP][PASSED] - selectOptionByIndex: All options with index in [9] are selected on object 'Object Repository/MOH AND GRN/Page_KDMC - CMS/select_--Select--Schedule 1Inj'

2018-05-09 16:06:44 - [MESSAGE][PASSED] - All options with index in [9] are selected on object 'Object Repository/MOH AND GRN/Page_KDMC - CMS/select_--Select--Schedule 1Inj'

2018-05-09 16:06:44 - [TEST_STEP][PASSED] - selectOptionByIndex: All options with index in [27] are selected on object 'Object Repository/MOH AND GRN/Page_KDMC - CMS/select_--Select--Adernaline 0.'

2018-05-09 16:06:45 - [MESSAGE][PASSED] - All options with index in [27] are selected on object 'Object Repository/MOH AND GRN/Page_KDMC - CMS/select_--Select--Adernaline 0.'

2018-05-09 16:06:45 - [TEST_STEP][PASSED] - setText: Text '5000' is set on object 'Object Repository/MOH AND GRN/Page_KDMC - CMS/input_txttreat'

2018-05-09 16:06:45 - [MESSAGE][PASSED] - Text '5000' is set on object 'Object Repository/MOH AND GRN/Page_KDMC - CMS/input_txttreat'

2018-05-09 16:06:45 - [TEST_STEP][PASSED] - click: Object: 'Object Repository/MOH AND GRN/Page_KDMC - CMS/button_Add' is clicked on

2018-05-09 16:06:45 - [MESSAGE][PASSED] - Object: 'Object Repository/MOH AND GRN/Page_KDMC - CMS/button_Add' is clicked on

2018-05-09 16:06:45 - [TEST_STEP][PASSED] - selectOptionByIndex: All options with index in [9] are selected on object 'Object Repository/MOH AND GRN/Page_KDMC - CMS/select_--Select--Schedule 1Inj'

2018-05-09 16:06:45 - [MESSAGE][PASSED] - All options with index in [9] are selected on object 'Object Repository/MOH AND GRN/Page_KDMC - CMS/select_--Select--Schedule 1Inj'

2018-05-09 16:06:45 - [TEST_STEP][PASSED] - selectOptionByIndex: All options with index in [28] are selected on object 'Object Repository/MOH AND GRN/Page_KDMC - CMS/select_--Select--Adernaline 0.'

2018-05-09 16:06:45 - [MESSAGE][PASSED] - All options with index in [28] are selected on object 'Object Repository/MOH AND GRN/Page_KDMC - CMS/select_--Select--Adernaline 0.'

2018-05-09 16:06:45 - [TEST_STEP][PASSED] - setText: Text '5000' is set on object 'Object Repository/MOH AND GRN/Page_KDMC - CMS/input_txttreat'

2018-05-09 16:06:45 - [MESSAGE][PASSED] - Text '5000' is set on object 'Object Repository/MOH AND GRN/Page_KDMC - CMS/input_txttreat'

2018-05-09 16:06:45 - [TEST_STEP][PASSED] - click: Object: 'Object Repository/MOH AND GRN/Page_KDMC - CMS/button_Add' is clicked on

2018-05-09 16:06:45 - [MESSAGE][PASSED] - Object: 'Object Repository/MOH AND GRN/Page_KDMC - CMS/button_Add' is clicked on

2018-05-09 16:06:45 - [TEST_STEP][PASSED] - selectOptionByIndex: All options with index in [9] are selected on object 'Object Repository/MOH AND GRN/Page_KDMC - CMS/select_--Select--Schedule 1Inj'

2018-05-09 16:06:46 - [MESSAGE][PASSED] - All options with index in [9] are selected on object 'Object Repository/MOH AND GRN/Page_KDMC - CMS/select_--Select--Schedule 1Inj'

2018-05-09 16:06:46 - [TEST_STEP][PASSED] - selectOptionByIndex: All options with index in [29] are selected on object 'Object Repository/MOH AND GRN/Page_KDMC - CMS/select_--Select--Adernaline 0.'

2018-05-09 16:06:46 - [MESSAGE][PASSED] - All options with index in [29] are selected on object 'Object Repository/MOH AND GRN/Page_KDMC - CMS/select_--Select--Adernaline 0.'

2018-05-09 16:06:46 - [TEST_STEP][PASSED] - setText: Text '5000' is set on object 'Object Repository/MOH AND GRN/Page_KDMC - CMS/input_txttreat'

2018-05-09 16:06:46 - [MESSAGE][PASSED] - Text '5000' is set on object 'Object Repository/MOH AND GRN/Page_KDMC - CMS/input_txttreat'

2018-05-09 16:06:46 - [TEST_STEP][PASSED] - click: Object: 'Object Repository/MOH AND GRN/Page_KDMC - CMS/button_Add' is clicked on

2018-05-09 16:06:46 - [MESSAGE][PASSED] - Object: 'Object Repository/MOH AND GRN/Page_KDMC - CMS/button_Add' is clicked on

2018-05-09 16:06:46 - [TEST_STEP][PASSED] - selectOptionByIndex: All options with index in [9] are selected on object 'Object Repository/MOH AND GRN/Page_KDMC - CMS/select_--Select--Schedule 1Inj'

2018-05-09 16:06:46 - [MESSAGE][PASSED] - All options with index in [9] are selected on object 'Object Repository/MOH AND GRN/Page_KDMC - CMS/select_--Select--Schedule 1Inj'

2018-05-09 16:06:46 - [TEST_STEP][PASSED] - selectOptionByIndex: All options with index in [30] are selected on object 'Object Repository/MOH AND GRN/Page_KDMC - CMS/select_--Select--Adernaline 0.'

2018-05-09 16:06:47 - [MESSAGE][PASSED] - All options with index in [30] are selected on object 'Object Repository/MOH AND GRN/Page_KDMC - CMS/select_--Select--Adernaline 0.'

2018-05-09 16:06:47 - [TEST_STEP][PASSED] - setText: Text '5000' is set on object 'Object Repository/MOH AND GRN/Page_KDMC - CMS/input_txttreat'

2018-05-09 16:06:47 - [MESSAGE][PASSED] - Text '5000' is set on object 'Object Repository/MOH AND GRN/Page_KDMC - CMS/input_txttreat'

2018-05-09 16:06:47 - [TEST_STEP][PASSED] - click: Object: 'Object Repository/MOH AND GRN/Page_KDMC - CMS/button_Add' is clicked on

2018-05-09 16:06:47 - [MESSAGE][PASSED] - Object: 'Object Repository/MOH AND GRN/Page_KDMC - CMS/button_Add' is clicked on

2018-05-09 16:06:47 - [TEST_STEP][PASSED] - selectOptionByIndex: All options with index in [9] are selected on object 'Object Repository/MOH AND GRN/Page_KDMC - CMS/select_--Select--Schedule 1Inj'

2018-05-09 16:06:47 - [MESSAGE][PASSED] - All options with index in [9] are selected on object 'Object Repository/MOH AND GRN/Page_KDMC - CMS/select_--Select--Schedule 1Inj'

2018-05-09 16:06:47 - [TEST_STEP][PASSED] - selectOptionByIndex: All options with index in [31] are selected on object 'Object Repository/MOH AND GRN/Page_KDMC - CMS/select_--Select--Adernaline 0.'

2018-05-09 16:06:47 - [MESSAGE][PASSED] - All options with index in [31] are selected on object 'Object Repository/MOH AND GRN/Page_KDMC - CMS/select_--Select--Adernaline 0.'

2018-05-09 16:06:47 - [TEST_STEP][PASSED] - setText: Text '5000' is set on object 'Object Repository/MOH AND GRN/Page_KDMC - CMS/input_txttreat'

2018-05-09 16:06:47 - [MESSAGE][PASSED] - Text '5000' is set on object 'Object Repository/MOH AND GRN/Page_KDMC - CMS/input_txttreat'

2018-05-09 16:06:47 - [TEST_STEP][PASSED] - click: Object: 'Object Repository/MOH AND GRN/Page_KDMC - CMS/button_Add' is clicked on

2018-05-09 16:06:47 - [MESSAGE][PASSED] - Object: 'Object Repository/MOH AND GRN/Page_KDMC - CMS/button_Add' is clicked on

2018-05-09 16:06:47 - [TEST_STEP][PASSED] - selectOptionByIndex: All options with index in [9] are selected on object 'Object Repository/MOH AND GRN/Page_KDMC - CMS/select_--Select--Schedule 1Inj'

2018-05-09 16:06:48 - [MESSAGE][PASSED] - All options with index in [9] are selected on object 'Object Repository/MOH AND GRN/Page_KDMC - CMS/select_--Select--Schedule 1Inj'

2018-05-09 16:06:48 - [TEST_STEP][PASSED] - selectOptionByIndex: All options with index in [32] are selected on object 'Object Repository/MOH AND GRN/Page_KDMC - CMS/select_--Select--Adernaline 0.'

2018-05-09 16:06:48 - [MESSAGE][PASSED] - All options with index in [32] are selected on object 'Object Repository/MOH AND GRN/Page_KDMC - CMS/select_--Select--Adernaline 0.'

2018-05-09 16:06:48 - [TEST_STEP][PASSED] - setText: Text '5000' is set on object 'Object Repository/MOH AND GRN/Page_KDMC - CMS/input_txttreat'

2018-05-09 16:06:48 - [MESSAGE][PASSED] - Text '5000' is set on object 'Object Repository/MOH AND GRN/Page_KDMC - CMS/input_txttreat'

2018-05-09 16:06:48 - [TEST_STEP][PASSED] - click: Object: 'Object Repository/MOH AND GRN/Page_KDMC - CMS/button_Add' is clicked on

2018-05-09 16:06:48 - [MESSAGE][PASSED] - Object: 'Object Repository/MOH AND GRN/Page_KDMC - CMS/button_Add' is clicked on

2018-05-09 16:06:48 - [TEST_STEP][PASSED] - selectOptionByIndex: All options with index in [9] are selected on object 'Object Repository/MOH AND GRN/Page_KDMC - CMS/select_--Select--Schedule 1Inj'

2018-05-09 16:06:48 - [MESSAGE][PASSED] - All options with index in [9] are selected on object 'Object Repository/MOH AND GRN/Page_KDMC - CMS/select_--Select--Schedule 1Inj'

2018-05-09 16:06:48 - [TEST_STEP][PASSED] - selectOptionByIndex: All options with index in [33] are selected on object 'Object Repository/MOH AND GRN/Page_KDMC - CMS/select_--Select--Adernaline 0.'

2018-05-09 16:06:49 - [MESSAGE][PASSED] - All options with index in [33] are selected on object 'Object Repository/MOH AND GRN/Page_KDMC - CMS/select_--Select--Adernaline 0.'

2018-05-09 16:06:49 - [TEST_STEP][PASSED] - setText: Text '5000' is set on object 'Object Repository/MOH AND GRN/Page_KDMC - CMS/input_txttreat'

2018-05-09 16:06:49 - [MESSAGE][PASSED] - Text '5000' is set on object 'Object Repository/MOH AND GRN/Page_KDMC - CMS/input_txttreat'

2018-05-09 16:06:49 - [TEST_STEP][PASSED] - click: Object: 'Object Repository/MOH AND GRN/Page_KDMC - CMS/button_Add' is clicked on

2018-05-09 16:06:49 - [MESSAGE][PASSED] - Object: 'Object Repository/MOH AND GRN/Page_KDMC - CMS/button_Add' is clicked on

2018-05-09 16:06:49 - [TEST_STEP][PASSED] - selectOptionByIndex: All options with index in [9] are selected on object 'Object Repository/MOH AND GRN/Page_KDMC - CMS/select_--Select--Schedule 1Inj'

2018-05-09 16:06:49 - [MESSAGE][PASSED] - All options with index in [9] are selected on object 'Object Repository/MOH AND GRN/Page_KDMC - CMS/select_--Select--Schedule 1Inj'

2018-05-09 16:06:49 - [TEST_STEP][PASSED] - selectOptionByIndex: All options with index in [34] are selected on object 'Object Repository/MOH AND GRN/Page_KDMC - CMS/select_--Select--Adernaline 0.'

2018-05-09 16:06:49 - [MESSAGE][PASSED] - All options with index in [34] are selected on object 'Object Repository/MOH AND GRN/Page_KDMC - CMS/select_--Select--Adernaline 0.'

2018-05-09 16:06:49 - [TEST_STEP][PASSED] - setText: Text '5000' is set on object 'Object Repository/MOH AND GRN/Page_KDMC - CMS/input_txttreat'

2018-05-09 16:06:50 - [MESSAGE][PASSED] - Text '5000' is set on object 'Object Repository/MOH AND GRN/Page_KDMC - CMS/input_txttreat'

2018-05-09 16:06:50 - [TEST_STEP][PASSED] - click: Object: 'Object Repository/MOH AND GRN/Page_KDMC - CMS/button_Add' is clicked on

2018-05-09 16:06:50 - [MESSAGE][PASSED] - Object: 'Object Repository/MOH AND GRN/Page_KDMC - CMS/button_Add' is clicked on

2018-05-09 16:06:50 - [TEST_STEP][PASSED] - selectOptionByIndex: All options with index in [9] are selected on object 'Object Repository/MOH AND GRN/Page_KDMC - CMS/select_--Select--Schedule 1Inj'

2018-05-09 16:06:50 - [MESSAGE][PASSED] - All options with index in [9] are selected on object 'Object Repository/MOH AND GRN/Page_KDMC - CMS/select_--Select--Schedule 1Inj'

2018-05-09 16:06:50 - [TEST_STEP][PASSED] - selectOptionByIndex: All options with index in [35] are selected on object 'Object Repository/MOH AND GRN/Page_KDMC - CMS/select_--Select--Adernaline 0.'

2018-05-09 16:06:50 - [MESSAGE][PASSED] - All options with index in [35] are selected on object 'Object Repository/MOH AND GRN/Page_KDMC - CMS/select_--Select--Adernaline 0.'

2018-05-09 16:06:50 - [TEST_STEP][PASSED] - setText: Text '5000' is set on object 'Object Repository/MOH AND GRN/Page_KDMC - CMS/input_txttreat'

2018-05-09 16:06:50 - [MESSAGE][PASSED] - Text '5000' is set on object 'Object Repository/MOH AND GRN/Page_KDMC - CMS/input_txttreat'

2018-05-09 16:06:50 - [TEST_STEP][PASSED] - click: Object: 'Object Repository/MOH AND GRN/Page_KDMC - CMS/button_Add' is clicked on

2018-05-09 16:06:50 - [MESSAGE][PASSED] - Object: 'Object Repository/MOH AND GRN/Page_KDMC - CMS/button_Add' is clicked on

2018-05-09 16:06:50 - [TEST_STEP][PASSED] - scrollToElement: Scroll to object 'Object Repository/MOH AND GRN/Page_KDMC - CMS/input_btnsave' successfully

2018-05-09 16:06:50 - [MESSAGE][PASSED] - Scroll to object 'Object Repository/MOH AND GRN/Page_KDMC - CMS/input_btnsave' successfully

2018-05-09 16:06:50 - [TEST_STEP][PASSED] - click: Object: 'Object Repository/MOH AND GRN/Page_KDMC - CMS/input_btnsave' is clicked on

2018-05-09 16:06:50 - [MESSAGE][PASSED] - Object: 'Object Repository/MOH AND GRN/Page_KDMC - CMS/input_btnsave' is clicked on

2018-05-09 16:06:50 - [TEST_STEP][PASSED] - delay: Delayed 3 second(s)

2018-05-09 16:06:53 - [MESSAGE][PASSED] - Delayed 3 second(s)

2018-05-09 16:06:53 - [TEST_STEP][PASSED] - Statement - Request1 = com.kms.katalon.core.webui.keyword.WebUiBuiltInKeywords.getText(com.kms.katalon.core.testobject.ObjectRepository.findTestObject(MOH AND GRN/Page_KDMC - CMS/font_PRNO0505201876)): Text of object 'Object Repository/MOH AND GRN/Page_KDMC - CMS/font_PRNO0505201876' is: 'PRNO/09052018/190'

2018-05-09 16:06:54 - [MESSAGE][PASSED] - Text of object 'Object Repository/MOH AND GRN/Page_KDMC - CMS/font_PRNO0505201876' is: 'PRNO/09052018/190'

2018-05-09 16:06:54 - [TEST_STEP][PASSED] - Statement - out.println("Length OF The Medicine " + Request1): null

2018-05-09 16:06:54 - [TEST_STEP][PASSED] - Statement - RequestNUmber = Request1.split("/")[2].trim(): null

2018-05-09 16:06:54 - [TEST_STEP][PASSED] - Statement - out.println("ID IS " + RequestNUmber): null

2018-05-09 16:06:54 - [TEST_STEP][PASSED] - delay: Delayed 3 second(s)

2018-05-09 16:06:57 - [MESSAGE][PASSED] - Delayed 3 second(s)

2018-05-09 16:06:57 - [TEST_STEP][PASSED] - click: Object: 'Object Repository/MOH AND GRN/Page_KDMC - CMS/button_OK' is clicked on

2018-05-09 16:06:57 - [MESSAGE][PASSED] - Object: 'Object Repository/MOH AND GRN/Page_KDMC - CMS/button_OK' is clicked on

2018-05-09 16:06:57 - [TEST_STEP][PASSED] - click: Object: 'Object Repository/MOH AND GRN/Page_KDMC - CMS/a_dropdown-toggle' is clicked on

2018-05-09 16:06:58 - [MESSAGE][PASSED] - Object: 'Object Repository/MOH AND GRN/Page_KDMC - CMS/a_dropdown-toggle' is clicked on

2018-05-09 16:06:58 - [TEST_STEP][PASSED] - click: Object: 'Object Repository/MOH AND GRN/Page_KDMC - CMS/a_Sign out' is clicked on

2018-05-09 16:06:59 - [MESSAGE][PASSED] - Object: 'Object Repository/MOH AND GRN/Page_KDMC - CMS/a_Sign out' is clicked on

2018-05-09 16:06:59 - [TEST_STEP][PASSED] - delay: Delayed 4 second(s)

2018-05-09 16:07:03 - [MESSAGE][PASSED] - Delayed 4 second(s)

2018-05-09 16:07:03 - [TEST_STEP][PASSED] - click: Object: 'Object Repository/MOH AND GRN/Page_KDMC/a_Admin Master' is clicked on

2018-05-09 16:07:03 - [MESSAGE][PASSED] - Object: 'Object Repository/MOH AND GRN/Page_KDMC/a_Admin Master' is clicked on

2018-05-09 16:07:03 - [TEST_STEP][PASSED] - setText: Text 'admin' is set on object 'Object Repository/MOH AND GRN/Page_Admin login/input_txtusername'

2018-05-09 16:07:03 - [MESSAGE][PASSED] - Text 'admin' is set on object 'Object Repository/MOH AND GRN/Page_Admin login/input_txtusername'

2018-05-09 16:07:03 - [TEST_STEP][PASSED] - setText: Text 'admin123' is set on object 'Object Repository/MOH AND GRN/Page_Admin login/input_txtpassword'

2018-05-09 16:07:03 - [MESSAGE][PASSED] - Text 'admin123' is set on object 'Object Repository/MOH AND GRN/Page_Admin login/input_txtpassword'

2018-05-09 16:07:03 - [TEST_STEP][PASSED] - delay: Delayed 3 second(s)

2018-05-09 16:07:06 - [MESSAGE][PASSED] - Delayed 3 second(s)

2018-05-09 16:07:06 - [TEST_STEP][PASSED] - click: Object: 'Object Repository/MOH AND GRN/Page_Admin login/button_Sign in' is clicked on

2018-05-09 16:07:08 - [MESSAGE][PASSED] - Object: 'Object Repository/MOH AND GRN/Page_Admin login/button_Sign in' is clicked on

2018-05-09 16:07:08 - [TEST_STEP][PASSED] - delay: Delayed 20 second(s)

2018-05-09 16:07:28 - [MESSAGE][PASSED] - Delayed 20 second(s)

2018-05-09 16:07:28 - [TEST_STEP][PASSED] - scrollToPosition: Browser is scrolled to position x = 200, y = 200

2018-05-09 16:07:28 - [MESSAGE][PASSED] - Browser is scrolled to position x = 200, y = 200

2018-05-09 16:07:28 - [TEST_STEP][PASSED] - click: Object: 'Object Repository/MOH AND GRN/Page_KDMC/a_CMS_1' is clicked on

2018-05-09 16:07:28 - [MESSAGE][PASSED] - Object: 'Object Repository/MOH AND GRN/Page_KDMC/a_CMS_1' is clicked on

2018-05-09 16:07:28 - [TEST_STEP][PASSED] - click: Object: 'Object Repository/MOH AND GRN/Page_KDMC/a_Request List' is clicked on

2018-05-09 16:07:29 - [MESSAGE][PASSED] - Object: 'Object Repository/MOH AND GRN/Page_KDMC/a_Request List' is clicked on

2018-05-09 16:07:29 - [TEST_STEP][PASSED] - Statement - RequestNumberId = com.kms.katalon.core.webui.keyword.WebUiBuiltInKeywords.modifyObjectProperty(com.kms.katalon.core.testobject.ObjectRepository.findTestObject(MOH AND GRN/Page_KDMC - CMS/input_PO0032), "xpath", "equals", "//*[@id =" + RequestNUmber + "]", true): Modify property of object successfully

2018-05-09 16:07:29 - [MESSAGE][PASSED] - Modify property of object successfully

2018-05-09 16:07:29 - [TEST_STEP][PASSED] - click: Object: 'Object Repository/MOH AND GRN/Page_KDMC - CMS/input_PO0032' is clicked on

2018-05-09 16:07:30 - [MESSAGE][PASSED] - Object: 'Object Repository/MOH AND GRN/Page_KDMC - CMS/input_PO0032' is clicked on

2018-05-09 16:07:30 - [TEST_STEP][PASSED] - delay: Delayed 3 second(s)

2018-05-09 16:07:33 - [MESSAGE][PASSED] - Delayed 3 second(s)

2018-05-09 16:07:33 - [TEST_STEP][PASSED] - selectOptionByIndex: All options with index in [1] are selected on object 'Object Repository/MOH AND GRN/Page_KDMC/select_--Select--'

2018-05-09 16:07:33 - [MESSAGE][PASSED] - All options with index in [1] are selected on object 'Object Repository/MOH AND GRN/Page_KDMC/select_--Select--'

2018-05-09 16:07:33 - [TEST_STEP][PASSED] - click: Object: 'Object Repository/MOH AND GRN/Page_KDMC/input_btnupdate' is clicked on

2018-05-09 16:07:33 - [MESSAGE][PASSED] - Object: 'Object Repository/MOH AND GRN/Page_KDMC/input_btnupdate' is clicked on

2018-05-09 16:07:33 - [TEST_STEP][PASSED] - delay: Delayed 3 second(s)

2018-05-09 16:07:36 - [MESSAGE][PASSED] - Delayed 3 second(s)

2018-05-09 16:07:36 - [TEST_STEP][PASSED] - click: Object: 'Object Repository/MOH AND GRN/Page_KDMC/button_OK' is clicked on

2018-05-09 16:07:37 - [MESSAGE][PASSED] - Object: 'Object Repository/MOH AND GRN/Page_KDMC/button_OK' is clicked on

2018-05-09 16:07:37 - [TEST_STEP][PASSED] - delay: Delayed 3 second(s)

2018-05-09 16:07:40 - [MESSAGE][PASSED] - Delayed 3 second(s)

2018-05-09 16:07:40 - [TEST_STEP][PASSED] - scrollToPosition: Browser is scrolled to position x = 200, y = 200

2018-05-09 16:07:40 - [MESSAGE][PASSED] - Browser is scrolled to position x = 200, y = 200

2018-05-09 16:07:40 - [TEST_STEP][PASSED] - click: Object: 'Object Repository/MOH AND GRN/Page_KDMC/a_CMS_2' is clicked on

2018-05-09 16:07:40 - [MESSAGE][PASSED] - Object: 'Object Repository/MOH AND GRN/Page_KDMC/a_CMS_2' is clicked on

2018-05-09 16:07:40 - [TEST_STEP][PASSED] - delay: Delayed 2 second(s)

2018-05-09 16:07:42 - [MESSAGE][PASSED] - Delayed 2 second(s)

2018-05-09 16:07:42 - [TEST_STEP][PASSED] - click: Object: 'Object Repository/MOH AND GRN/Page_KDMC/a_Generate P.O' is clicked on

2018-05-09 16:07:42 - [MESSAGE][PASSED] - Object: 'Object Repository/MOH AND GRN/Page_KDMC/a_Generate P.O' is clicked on

2018-05-09 16:07:42 - [TEST_STEP][PASSED] - delay: Delayed 2 second(s)

2018-05-09 16:07:44 - [MESSAGE][PASSED] - Delayed 2 second(s)

2018-05-09 16:07:44 - [TEST_STEP][PASSED] - selectOptionByIndex: All options with index in [1] are selected on object 'Object Repository/MOH AND GRN/Page_KDMC/select_--Select--PRNO040520183'

2018-05-09 16:07:44 - [MESSAGE][PASSED] - All options with index in [1] are selected on object 'Object Repository/MOH AND GRN/Page_KDMC/select_--Select--PRNO040520183'

2018-05-09 16:07:44 - [TEST_STEP][PASSED] - selectOptionByIndex: All options with index in [12] are selected on object 'Object Repository/MOH AND GRN/Page_KDMC/select_--Select--Hamen Chandra'

2018-05-09 16:07:45 - [MESSAGE][PASSED] - All options with index in [12] are selected on object 'Object Repository/MOH AND GRN/Page_KDMC/select_--Select--Hamen Chandra'

2018-05-09 16:07:45 - [TEST_STEP][PASSED] - Statement - PONumber = com.kms.katalon.core.webui.keyword.WebUiBuiltInKeywords.getText(com.kms.katalon.core.testobject.ObjectRepository.findTestObject(MOH AND GRN/Page_KDMC/input_lblpono)).trim(): Text of object 'Object Repository/MOH AND GRN/Page_KDMC/input_lblpono' is: ''

2018-05-09 16:07:45 - [MESSAGE][PASSED] - Text of object 'Object Repository/MOH AND GRN/Page_KDMC/input_lblpono' is: ''

2018-05-09 16:07:45 - [TEST_STEP][PASSED] - Statement - PONumber1 = com.kms.katalon.core.webui.keyword.WebUiBuiltInKeywords.getAttribute(com.kms.katalon.core.testobject.ObjectRepository.findTestObject(MOH AND GRN/Page_KDMC/input_lblpono), "value").trim(): Attribute 'value' of object 'Object Repository/MOH AND GRN/Page_KDMC/input_lblpono' is: 'PO0078'

2018-05-09 16:07:45 - [MESSAGE][PASSED] - Attribute 'value' of object 'Object Repository/MOH AND GRN/Page_KDMC/input_lblpono' is: 'PO0078'

2018-05-09 16:07:45 - [TEST_STEP][PASSED] - Statement - out.println("PO NUMBER :" + PONumber): null

2018-05-09 16:07:45 - [TEST_STEP][PASSED] - Statement - out.println("PO NUMBER :" + PONumber1): null

2018-05-09 16:07:45 - [TEST_STEP][PASSED] - click: Object: 'Object Repository/MOH AND GRN/Page_KDMC/input_chkrem' is clicked on

2018-05-09 16:07:45 - [MESSAGE][PASSED] - Object: 'Object Repository/MOH AND GRN/Page_KDMC/input_chkrem' is clicked on

2018-05-09 16:07:45 - [TEST_STEP][PASSED] - scrollToElement: Scroll to object 'Object Repository/MOH AND GRN/Page_KDMC/input_btnreturn' successfully

2018-05-09 16:07:45 - [MESSAGE][PASSED] - Scroll to object 'Object Repository/MOH AND GRN/Page_KDMC/input_btnreturn' successfully

2018-05-09 16:07:45 - [TEST_STEP][PASSED] - click: Object: 'Object Repository/MOH AND GRN/Page_KDMC/input_btnreturn' is clicked on

2018-05-09 16:07:45 - [MESSAGE][PASSED] - Object: 'Object Repository/MOH AND GRN/Page_KDMC/input_btnreturn' is clicked on

2018-05-09 16:07:45 - [TEST_STEP][PASSED] - delay: Delayed 3 second(s)

2018-05-09 16:07:48 - [MESSAGE][PASSED] - Delayed 3 second(s)

2018-05-09 16:07:48 - [TEST_STEP][PASSED] - click: Object: 'Object Repository/MOH AND GRN/Page_KDMC/button_Yes' is clicked on

2018-05-09 16:07:48 - [MESSAGE][PASSED] - Object: 'Object Repository/MOH AND GRN/Page_KDMC/button_Yes' is clicked on

2018-05-09 16:07:48 - [TEST_STEP][PASSED] - delay: Delayed 3 second(s)

2018-05-09 16:07:51 - [MESSAGE][PASSED] - Delayed 3 second(s)

2018-05-09 16:07:51 - [TEST_STEP][PASSED] - click: Object: 'Object Repository/MOH AND GRN/Page_KDMC/button_OK' is clicked on

2018-05-09 16:07:52 - [MESSAGE][PASSED] - Object: 'Object Repository/MOH AND GRN/Page_KDMC/button_OK' is clicked on

2018-05-09 16:07:52 - [TEST_STEP][PASSED] - delay: Delayed 3 second(s)

2018-05-09 16:07:55 - [MESSAGE][PASSED] - Delayed 3 second(s)

2018-05-09 16:07:55 - [TEST_STEP][PASSED] - click: Object: 'Object Repository/MOH AND GRN/Page_KDMC/a_dropdown-toggle' is clicked on

2018-05-09 16:07:55 - [MESSAGE][PASSED] - Object: 'Object Repository/MOH AND GRN/Page_KDMC/a_dropdown-toggle' is clicked on

2018-05-09 16:07:55 - [TEST_STEP][PASSED] - click: Object: 'Object Repository/MOH AND GRN/Page_KDMC/a_Sign out' is clicked on

2018-05-09 16:07:56 - [MESSAGE][PASSED] - Object: 'Object Repository/MOH AND GRN/Page_KDMC/a_Sign out' is clicked on

2018-05-09 16:07:56 - [TEST_STEP][PASSED] - delay: Delayed 4 second(s)

2018-05-09 16:08:00 - [MESSAGE][PASSED] - Delayed 4 second(s)

2018-05-09 16:08:00 - [TEST_STEP][PASSED] - click: Object: 'Object Repository/MOH AND GRN/Page_KDMC/a_CMS' is clicked on

2018-05-09 16:08:00 - [MESSAGE][PASSED] - Object: 'Object Repository/MOH AND GRN/Page_KDMC/a_CMS' is clicked on

2018-05-09 16:08:00 - [TEST_STEP][PASSED] - setText: Text 'bala' is set on object 'Object Repository/MOH AND GRN/Page_CMS login/input_txtusername'

2018-05-09 16:08:00 - [MESSAGE][PASSED] - Text 'bala' is set on object 'Object Repository/MOH AND GRN/Page_CMS login/input_txtusername'

2018-05-09 16:08:00 - [TEST_STEP][PASSED] - setText: Text '123' is set on object 'Object Repository/MOH AND GRN/Page_CMS login/input_txtpassword'

2018-05-09 16:08:00 - [MESSAGE][PASSED] - Text '123' is set on object 'Object Repository/MOH AND GRN/Page_CMS login/input_txtpassword'

2018-05-09 16:08:00 - [TEST_STEP][PASSED] - delay: Delayed 3 second(s)

2018-05-09 16:08:03 - [MESSAGE][PASSED] - Delayed 3 second(s)

2018-05-09 16:08:03 - [TEST_STEP][PASSED] - click: Object: 'Object Repository/MOH AND GRN/Page_CMS login/button_Sign in' is clicked on

2018-05-09 16:08:04 - [MESSAGE][PASSED] - Object: 'Object Repository/MOH AND GRN/Page_CMS login/button_Sign in' is clicked on

2018-05-09 16:08:04 - [TEST_STEP][PASSED] - click: Object: 'Object Repository/MOH AND GRN/Page_KDMC - CMS/a_CMS Details' is clicked on

2018-05-09 16:08:04 - [MESSAGE][PASSED] - Object: 'Object Repository/MOH AND GRN/Page_KDMC - CMS/a_CMS Details' is clicked on

2018-05-09 16:08:04 - [TEST_STEP][PASSED] - delay: Delayed 2 second(s)

2018-05-09 16:08:06 - [MESSAGE][PASSED] - Delayed 2 second(s)

2018-05-09 16:08:06 - [TEST_STEP][PASSED] - click: Object: 'Object Repository/MOH AND GRN/Page_KDMC - CMS/a_Goods Receive' is clicked on

2018-05-09 16:08:07 - [MESSAGE][PASSED] - Object: 'Object Repository/MOH AND GRN/Page_KDMC - CMS/a_Goods Receive' is clicked on

2018-05-09 16:08:07 - [TEST_STEP][PASSED] - delay: Delayed 2 second(s)

2018-05-09 16:08:09 - [MESSAGE][PASSED] - Delayed 2 second(s)

2018-05-09 16:08:09 - [TEST_STEP][PASSED] - selectOptionByLabel: All options with label 'PO0078' are selected in object 'Object Repository/MOH AND GRN/Page_KDMC - CMS/select_--Select--PO0032PO0031P' 

2018-05-09 16:08:09 - [MESSAGE][PASSED] - All options with label 'PO0078' are selected in object 'Object Repository/MOH AND GRN/Page_KDMC - CMS/select_--Select--PO0032PO0031P' 

2018-05-09 16:08:09 - [TEST_STEP][PASSED] - setText: Finding Test Object with id 'Object Repository/MOH AND GRN/Page_KDMC - CMS/input_txtgrnno'

2018-05-09 16:08:09 - [TEST_STEP][PASSED] - Statement - switch (id): Text 'INV861.0' is set on object 'Object Repository/MOH AND GRN/Page_KDMC - CMS/input_txtgrnno'

2018-05-09 16:08:09 - [TEST_STEP][PASSED] - Statement - case 2:: Text 'INV861.0' is set on object 'Object Repository/MOH AND GRN/Page_KDMC - CMS/input_txtgrnno'

2018-05-09 16:08:09 - [TEST_STEP][PASSED] - Statement - return (java.lang.Math.floor((java.lang.Math.random() * ((max - min) + 1))) + min): Text 'INV861.0' is set on object 'Object Repository/MOH AND GRN/Page_KDMC - CMS/input_txtgrnno'

2018-05-09 16:08:09 - [MESSAGE][PASSED] - Text 'INV861.0' is set on object 'Object Repository/MOH AND GRN/Page_KDMC - CMS/input_txtgrnno'

2018-05-09 16:08:09 - [TEST_STEP][PASSED] - selectOptionByIndex: All options with index in [1] are selected on object 'Object Repository/MOH AND GRN/Page_KDMC - CMS/select_--Select--PERUMAL PHARM'

2018-05-09 16:08:09 - [MESSAGE][PASSED] - All options with index in [1] are selected on object 'Object Repository/MOH AND GRN/Page_KDMC - CMS/select_--Select--PERUMAL PHARM'

2018-05-09 16:08:09 - [TEST_STEP][PASSED] - setText: Text '19500' is set on object 'Object Repository/MOH AND GRN/Page_KDMC - CMS/input_txtgrnno_1'

2018-05-09 16:08:09 - [MESSAGE][PASSED] - Text '19500' is set on object 'Object Repository/MOH AND GRN/Page_KDMC - CMS/input_txtgrnno_1'

2018-05-09 16:08:09 - [TEST_STEP][PASSED] - setText: Text '650' is set on object 'Object Repository/MOH AND GRN/Page_KDMC - CMS/input_txtgrnno_2'

2018-05-09 16:08:09 - [MESSAGE][PASSED] - Text '650' is set on object 'Object Repository/MOH AND GRN/Page_KDMC - CMS/input_txtgrnno_2'

2018-05-09 16:08:09 - [TEST_STEP][PASSED] - setText: Finding Test Object with id 'Object Repository/MOH AND GRN/Page_KDMC - CMS/input_txtgrnno_3'

2018-05-09 16:08:09 - [TEST_STEP][PASSED] - Statement - switch (id): Text 'CH180.0' is set on object 'Object Repository/MOH AND GRN/Page_KDMC - CMS/input_txtgrnno_3'

2018-05-09 16:08:09 - [TEST_STEP][PASSED] - Statement - case 3:: Text 'CH180.0' is set on object 'Object Repository/MOH AND GRN/Page_KDMC - CMS/input_txtgrnno_3'

2018-05-09 16:08:09 - [TEST_STEP][PASSED] - Statement - return (java.lang.Math.floor((java.lang.Math.random() * ((max - min) + 1))) + min): Text 'CH180.0' is set on object 'Object Repository/MOH AND GRN/Page_KDMC - CMS/input_txtgrnno_3'

2018-05-09 16:08:09 - [MESSAGE][PASSED] - Text 'CH180.0' is set on object 'Object Repository/MOH AND GRN/Page_KDMC - CMS/input_txtgrnno_3'

2018-05-09 16:08:09 - [TEST_STEP][PASSED] - scrollToPosition: Browser is scrolled to position x = 200, y = 200

2018-05-09 16:08:09 - [MESSAGE][PASSED] - Browser is scrolled to position x = 200, y = 200

2018-05-09 16:08:09 - [TEST_STEP][PASSED] - Statement - GrnLength = com.kms.katalon.core.webui.keyword.WebUiBuiltInKeywords.getNumberOfTotalOption(com.kms.katalon.core.testobject.ObjectRepository.findTestObject(MOH AND GRN/Page_KDMC - CMS/select_--Select--Amikacin -500)): 36 options of object 'Object Repository/MOH AND GRN/Page_KDMC - CMS/select_--Select--Amikacin -500' counted

2018-05-09 16:08:09 - [MESSAGE][PASSED] - 36 options of object 'Object Repository/MOH AND GRN/Page_KDMC - CMS/select_--Select--Amikacin -500' counted

2018-05-09 16:08:09 - [TEST_STEP][PASSED] - Statement - out.println("Length OF The Medicine " + GrnLength): null

2018-05-09 16:08:09 - [TEST_STEP][PASSED] - Statement - s = 1: null

2018-05-09 16:08:09 - [TEST_STEP][PASSED] - Statement - For ([t = 1, t < GrnLength, (t++)]): Finding Test Object with id 'Object Repository/MOH AND GRN/Page_KDMC - CMS/input_txtmrp'

2018-05-09 16:08:09 - [TEST_STEP][PASSED] - selectOptionByIndex: All options with index in [1] are selected on object 'Object Repository/MOH AND GRN/Page_KDMC - CMS/select_--Select--Amikacin -500'

2018-05-09 16:08:10 - [MESSAGE][PASSED] - All options with index in [1] are selected on object 'Object Repository/MOH AND GRN/Page_KDMC - CMS/select_--Select--Amikacin -500'

2018-05-09 16:08:10 - [TEST_STEP][PASSED] - setText: Text '5000' is set on object 'Object Repository/MOH AND GRN/Page_KDMC - CMS/input_txtqty'

2018-05-09 16:08:10 - [MESSAGE][PASSED] - Text '5000' is set on object 'Object Repository/MOH AND GRN/Page_KDMC - CMS/input_txtqty'

2018-05-09 16:08:10 - [TEST_STEP][PASSED] - selectOptionByIndex: All options with index in [1] are selected on object 'Object Repository/MOH AND GRN/Page_KDMC - CMS/select_--Select--No Tax0'

2018-05-09 16:08:10 - [MESSAGE][PASSED] - All options with index in [1] are selected on object 'Object Repository/MOH AND GRN/Page_KDMC - CMS/select_--Select--No Tax0'

2018-05-09 16:08:10 - [TEST_STEP][PASSED] - setText: Finding Test Object with id 'Object Repository/MOH AND GRN/Page_KDMC - CMS/input_txtmrp'

2018-05-09 16:08:10 - [TEST_STEP][PASSED] - Statement - switch (id): Finding Test Object with id 'Object Repository/MOH AND GRN/Page_KDMC - CMS/input_txtdeal'

2018-05-09 16:08:10 - [TEST_STEP][PASSED] - Statement - case 4:: Text '21.0' is set on object 'Object Repository/MOH AND GRN/Page_KDMC - CMS/input_txtmrp'

2018-05-09 16:08:10 - [TEST_STEP][PASSED] - Statement - return (java.lang.Math.floor((java.lang.Math.random() * ((max - min) + 1))) + min): Text '21.0' is set on object 'Object Repository/MOH AND GRN/Page_KDMC - CMS/input_txtmrp'

2018-05-09 16:08:10 - [MESSAGE][PASSED] - Text '21.0' is set on object 'Object Repository/MOH AND GRN/Page_KDMC - CMS/input_txtmrp'

2018-05-09 16:08:10 - [TEST_STEP][PASSED] - setText: Finding Test Object with id 'Object Repository/MOH AND GRN/Page_KDMC - CMS/input_txtdeal'

2018-05-09 16:08:10 - [TEST_STEP][PASSED] - Statement - switch (id): Finding Test Object with id 'Object Repository/MOH AND GRN/Page_KDMC - CMS/input_txtbatchno'

2018-05-09 16:08:10 - [TEST_STEP][PASSED] - Statement - case 5:: Text '11.0' is set on object 'Object Repository/MOH AND GRN/Page_KDMC - CMS/input_txtdeal'

2018-05-09 16:08:10 - [TEST_STEP][PASSED] - Statement - return (java.lang.Math.floor((java.lang.Math.random() * ((max - min) + 1))) + min): Text '11.0' is set on object 'Object Repository/MOH AND GRN/Page_KDMC - CMS/input_txtdeal'

2018-05-09 16:08:10 - [MESSAGE][PASSED] - Text '11.0' is set on object 'Object Repository/MOH AND GRN/Page_KDMC - CMS/input_txtdeal'

2018-05-09 16:08:10 - [TEST_STEP][PASSED] - setText: Finding Test Object with id 'Object Repository/MOH AND GRN/Page_KDMC - CMS/input_txtbatchno'

2018-05-09 16:08:10 - [TEST_STEP][PASSED] - Statement - switch (id): Finding Test Object with id 'Object Repository/MOH AND GRN/Page_KDMC - CMS/input_txtmrp'

2018-05-09 16:08:10 - [TEST_STEP][PASSED] - Statement - case 1:: Text 'BA285.0' is set on object 'Object Repository/MOH AND GRN/Page_KDMC - CMS/input_txtbatchno'

2018-05-09 16:08:10 - [TEST_STEP][PASSED] - Statement - return (java.lang.Math.floor((java.lang.Math.random() * ((max - min) + 1))) + min): Text 'BA285.0' is set on object 'Object Repository/MOH AND GRN/Page_KDMC - CMS/input_txtbatchno'

2018-05-09 16:08:10 - [MESSAGE][PASSED] - Text 'BA285.0' is set on object 'Object Repository/MOH AND GRN/Page_KDMC - CMS/input_txtbatchno'

2018-05-09 16:08:10 - [TEST_STEP][PASSED] - rightClick: Object: 'Object Repository/GRN/Page_KDMC - CMS/input_txtexpdate' is right clicked on

2018-05-09 16:08:10 - [MESSAGE][PASSED] - Object: 'Object Repository/GRN/Page_KDMC - CMS/input_txtexpdate' is right clicked on

2018-05-09 16:08:10 - [TEST_STEP][PASSED] - selectOptionByIndex: All options with index in [1] are selected on object 'Object Repository/GRN/Page_KDMC - CMS/select_20182019202020212022202'

2018-05-09 16:08:10 - [MESSAGE][PASSED] - All options with index in [1] are selected on object 'Object Repository/GRN/Page_KDMC - CMS/select_20182019202020212022202'

2018-05-09 16:08:10 - [TEST_STEP][PASSED] - selectOptionByIndex: All options with index in [1] are selected on object 'Object Repository/GRN/Page_KDMC - CMS/select_JanFebMarAprMayJunJulAu'

2018-05-09 16:08:11 - [MESSAGE][PASSED] - All options with index in [1] are selected on object 'Object Repository/GRN/Page_KDMC - CMS/select_JanFebMarAprMayJunJulAu'

2018-05-09 16:08:11 - [TEST_STEP][PASSED] - click: Object: 'Object Repository/MOH AND GRN/Page_KDMC - CMS/a_12' is clicked on

2018-05-09 16:08:11 - [MESSAGE][PASSED] - Object: 'Object Repository/MOH AND GRN/Page_KDMC - CMS/a_12' is clicked on

2018-05-09 16:08:11 - [TEST_STEP][PASSED] - click: Object: 'Object Repository/MOH AND GRN/Page_KDMC - CMS/input_btnadd' is clicked on

2018-05-09 16:08:11 - [MESSAGE][PASSED] - Object: 'Object Repository/MOH AND GRN/Page_KDMC - CMS/input_btnadd' is clicked on

2018-05-09 16:08:11 - [TEST_STEP][PASSED] - Statement - If (s == 10): null

2018-05-09 16:08:11 - [TEST_STEP][PASSED] - Statement - Else: null

2018-05-09 16:08:11 - [TEST_STEP][PASSED] - Statement - (s++): null

2018-05-09 16:08:11 - [TEST_STEP][PASSED] - delay: Delayed 1 second(s)

2018-05-09 16:08:12 - [MESSAGE][PASSED] - Delayed 1 second(s)

2018-05-09 16:08:12 - [TEST_STEP][PASSED] - selectOptionByIndex: All options with index in [2] are selected on object 'Object Repository/MOH AND GRN/Page_KDMC - CMS/select_--Select--Amikacin -500'

2018-05-09 16:08:12 - [MESSAGE][PASSED] - All options with index in [2] are selected on object 'Object Repository/MOH AND GRN/Page_KDMC - CMS/select_--Select--Amikacin -500'

2018-05-09 16:08:12 - [TEST_STEP][PASSED] - setText: Text '5000' is set on object 'Object Repository/MOH AND GRN/Page_KDMC - CMS/input_txtqty'

2018-05-09 16:08:12 - [MESSAGE][PASSED] - Text '5000' is set on object 'Object Repository/MOH AND GRN/Page_KDMC - CMS/input_txtqty'

2018-05-09 16:08:12 - [TEST_STEP][PASSED] - selectOptionByIndex: All options with index in [1] are selected on object 'Object Repository/MOH AND GRN/Page_KDMC - CMS/select_--Select--No Tax0'

2018-05-09 16:08:12 - [MESSAGE][PASSED] - All options with index in [1] are selected on object 'Object Repository/MOH AND GRN/Page_KDMC - CMS/select_--Select--No Tax0'

2018-05-09 16:08:12 - [TEST_STEP][PASSED] - setText: Finding Test Object with id 'Object Repository/MOH AND GRN/Page_KDMC - CMS/input_txtmrp'

2018-05-09 16:08:12 - [TEST_STEP][PASSED] - Statement - switch (id): Finding Test Object with id 'Object Repository/MOH AND GRN/Page_KDMC - CMS/input_txtdeal'

2018-05-09 16:08:12 - [TEST_STEP][PASSED] - Statement - case 4:: Text '41.0' is set on object 'Object Repository/MOH AND GRN/Page_KDMC - CMS/input_txtmrp'

2018-05-09 16:08:12 - [TEST_STEP][PASSED] - Statement - return (java.lang.Math.floor((java.lang.Math.random() * ((max - min) + 1))) + min): Text '41.0' is set on object 'Object Repository/MOH AND GRN/Page_KDMC - CMS/input_txtmrp'

2018-05-09 16:08:12 - [MESSAGE][PASSED] - Text '41.0' is set on object 'Object Repository/MOH AND GRN/Page_KDMC - CMS/input_txtmrp'

2018-05-09 16:08:12 - [TEST_STEP][PASSED] - setText: Finding Test Object with id 'Object Repository/MOH AND GRN/Page_KDMC - CMS/input_txtdeal'

2018-05-09 16:08:12 - [TEST_STEP][PASSED] - Statement - switch (id): Finding Test Object with id 'Object Repository/MOH AND GRN/Page_KDMC - CMS/input_txtbatchno'

2018-05-09 16:08:12 - [TEST_STEP][PASSED] - Statement - case 5:: Text '9.0' is set on object 'Object Repository/MOH AND GRN/Page_KDMC - CMS/input_txtdeal'

2018-05-09 16:08:12 - [TEST_STEP][PASSED] - Statement - return (java.lang.Math.floor((java.lang.Math.random() * ((max - min) + 1))) + min): Text '9.0' is set on object 'Object Repository/MOH AND GRN/Page_KDMC - CMS/input_txtdeal'

2018-05-09 16:08:12 - [MESSAGE][PASSED] - Text '9.0' is set on object 'Object Repository/MOH AND GRN/Page_KDMC - CMS/input_txtdeal'

2018-05-09 16:08:12 - [TEST_STEP][PASSED] - setText: Finding Test Object with id 'Object Repository/MOH AND GRN/Page_KDMC - CMS/input_txtbatchno'

2018-05-09 16:08:12 - [TEST_STEP][PASSED] - Statement - switch (id): Finding Test Object with id 'Object Repository/MOH AND GRN/Page_KDMC - CMS/input_txtmrp'

2018-05-09 16:08:12 - [TEST_STEP][PASSED] - Statement - case 1:: Text 'BA288.0' is set on object 'Object Repository/MOH AND GRN/Page_KDMC - CMS/input_txtbatchno'

2018-05-09 16:08:12 - [TEST_STEP][PASSED] - Statement - return (java.lang.Math.floor((java.lang.Math.random() * ((max - min) + 1))) + min): Text 'BA288.0' is set on object 'Object Repository/MOH AND GRN/Page_KDMC - CMS/input_txtbatchno'

2018-05-09 16:08:12 - [MESSAGE][PASSED] - Text 'BA288.0' is set on object 'Object Repository/MOH AND GRN/Page_KDMC - CMS/input_txtbatchno'

2018-05-09 16:08:12 - [TEST_STEP][PASSED] - rightClick: Object: 'Object Repository/GRN/Page_KDMC - CMS/input_txtexpdate' is right clicked on

2018-05-09 16:08:12 - [MESSAGE][PASSED] - Object: 'Object Repository/GRN/Page_KDMC - CMS/input_txtexpdate' is right clicked on

2018-05-09 16:08:12 - [TEST_STEP][PASSED] - selectOptionByIndex: All options with index in [2] are selected on object 'Object Repository/GRN/Page_KDMC - CMS/select_20182019202020212022202'

2018-05-09 16:08:13 - [MESSAGE][PASSED] - All options with index in [2] are selected on object 'Object Repository/GRN/Page_KDMC - CMS/select_20182019202020212022202'

2018-05-09 16:08:13 - [TEST_STEP][PASSED] - selectOptionByIndex: All options with index in [2] are selected on object 'Object Repository/GRN/Page_KDMC - CMS/select_JanFebMarAprMayJunJulAu'

2018-05-09 16:08:13 - [MESSAGE][PASSED] - All options with index in [2] are selected on object 'Object Repository/GRN/Page_KDMC - CMS/select_JanFebMarAprMayJunJulAu'

2018-05-09 16:08:13 - [TEST_STEP][PASSED] - click: Object: 'Object Repository/MOH AND GRN/Page_KDMC - CMS/a_12' is clicked on

2018-05-09 16:08:13 - [MESSAGE][PASSED] - Object: 'Object Repository/MOH AND GRN/Page_KDMC - CMS/a_12' is clicked on

2018-05-09 16:08:13 - [TEST_STEP][PASSED] - click: Object: 'Object Repository/MOH AND GRN/Page_KDMC - CMS/input_btnadd' is clicked on

2018-05-09 16:08:13 - [MESSAGE][PASSED] - Object: 'Object Repository/MOH AND GRN/Page_KDMC - CMS/input_btnadd' is clicked on

2018-05-09 16:08:13 - [TEST_STEP][PASSED] - Statement - If (s == 10): null

2018-05-09 16:08:13 - [TEST_STEP][PASSED] - Statement - Else: null

2018-05-09 16:08:13 - [TEST_STEP][PASSED] - Statement - (s++): null

2018-05-09 16:08:13 - [TEST_STEP][PASSED] - delay: Delayed 1 second(s)

2018-05-09 16:08:14 - [MESSAGE][PASSED] - Delayed 1 second(s)

2018-05-09 16:08:14 - [TEST_STEP][PASSED] - selectOptionByIndex: All options with index in [3] are selected on object 'Object Repository/MOH AND GRN/Page_KDMC - CMS/select_--Select--Amikacin -500'

2018-05-09 16:08:14 - [MESSAGE][PASSED] - All options with index in [3] are selected on object 'Object Repository/MOH AND GRN/Page_KDMC - CMS/select_--Select--Amikacin -500'

2018-05-09 16:08:14 - [TEST_STEP][PASSED] - setText: Text '5000' is set on object 'Object Repository/MOH AND GRN/Page_KDMC - CMS/input_txtqty'

2018-05-09 16:08:14 - [MESSAGE][PASSED] - Text '5000' is set on object 'Object Repository/MOH AND GRN/Page_KDMC - CMS/input_txtqty'

2018-05-09 16:08:14 - [TEST_STEP][PASSED] - selectOptionByIndex: All options with index in [1] are selected on object 'Object Repository/MOH AND GRN/Page_KDMC - CMS/select_--Select--No Tax0'

2018-05-09 16:08:14 - [MESSAGE][PASSED] - All options with index in [1] are selected on object 'Object Repository/MOH AND GRN/Page_KDMC - CMS/select_--Select--No Tax0'

2018-05-09 16:08:14 - [TEST_STEP][PASSED] - setText: Finding Test Object with id 'Object Repository/MOH AND GRN/Page_KDMC - CMS/input_txtmrp'

2018-05-09 16:08:14 - [TEST_STEP][PASSED] - Statement - switch (id): Finding Test Object with id 'Object Repository/MOH AND GRN/Page_KDMC - CMS/input_txtdeal'

2018-05-09 16:08:14 - [TEST_STEP][PASSED] - Statement - case 4:: Text '24.0' is set on object 'Object Repository/MOH AND GRN/Page_KDMC - CMS/input_txtmrp'

2018-05-09 16:08:14 - [TEST_STEP][PASSED] - Statement - return (java.lang.Math.floor((java.lang.Math.random() * ((max - min) + 1))) + min): Text '24.0' is set on object 'Object Repository/MOH AND GRN/Page_KDMC - CMS/input_txtmrp'

2018-05-09 16:08:14 - [MESSAGE][PASSED] - Text '24.0' is set on object 'Object Repository/MOH AND GRN/Page_KDMC - CMS/input_txtmrp'

2018-05-09 16:08:14 - [TEST_STEP][PASSED] - setText: Finding Test Object with id 'Object Repository/MOH AND GRN/Page_KDMC - CMS/input_txtdeal'

2018-05-09 16:08:14 - [TEST_STEP][PASSED] - Statement - switch (id): Finding Test Object with id 'Object Repository/MOH AND GRN/Page_KDMC - CMS/input_txtbatchno'

2018-05-09 16:08:14 - [TEST_STEP][PASSED] - Statement - case 5:: Text '8.0' is set on object 'Object Repository/MOH AND GRN/Page_KDMC - CMS/input_txtdeal'

2018-05-09 16:08:14 - [TEST_STEP][PASSED] - Statement - return (java.lang.Math.floor((java.lang.Math.random() * ((max - min) + 1))) + min): Text '8.0' is set on object 'Object Repository/MOH AND GRN/Page_KDMC - CMS/input_txtdeal'

2018-05-09 16:08:14 - [MESSAGE][PASSED] - Text '8.0' is set on object 'Object Repository/MOH AND GRN/Page_KDMC - CMS/input_txtdeal'

2018-05-09 16:08:14 - [TEST_STEP][PASSED] - setText: Finding Test Object with id 'Object Repository/MOH AND GRN/Page_KDMC - CMS/input_txtbatchno'

2018-05-09 16:08:14 - [TEST_STEP][PASSED] - Statement - switch (id): Finding Test Object with id 'Object Repository/MOH AND GRN/Page_KDMC - CMS/input_txtmrp'

2018-05-09 16:08:14 - [TEST_STEP][PASSED] - Statement - case 1:: Text 'BA306.0' is set on object 'Object Repository/MOH AND GRN/Page_KDMC - CMS/input_txtbatchno'

2018-05-09 16:08:14 - [TEST_STEP][PASSED] - Statement - return (java.lang.Math.floor((java.lang.Math.random() * ((max - min) + 1))) + min): Text 'BA306.0' is set on object 'Object Repository/MOH AND GRN/Page_KDMC - CMS/input_txtbatchno'

2018-05-09 16:08:15 - [MESSAGE][PASSED] - Text 'BA306.0' is set on object 'Object Repository/MOH AND GRN/Page_KDMC - CMS/input_txtbatchno'

2018-05-09 16:08:15 - [TEST_STEP][PASSED] - rightClick: Object: 'Object Repository/GRN/Page_KDMC - CMS/input_txtexpdate' is right clicked on

2018-05-09 16:08:15 - [MESSAGE][PASSED] - Object: 'Object Repository/GRN/Page_KDMC - CMS/input_txtexpdate' is right clicked on

2018-05-09 16:08:15 - [TEST_STEP][PASSED] - selectOptionByIndex: All options with index in [3] are selected on object 'Object Repository/GRN/Page_KDMC - CMS/select_20182019202020212022202'

2018-05-09 16:08:15 - [MESSAGE][PASSED] - All options with index in [3] are selected on object 'Object Repository/GRN/Page_KDMC - CMS/select_20182019202020212022202'

2018-05-09 16:08:15 - [TEST_STEP][PASSED] - selectOptionByIndex: All options with index in [3] are selected on object 'Object Repository/GRN/Page_KDMC - CMS/select_JanFebMarAprMayJunJulAu'

2018-05-09 16:08:15 - [MESSAGE][PASSED] - All options with index in [3] are selected on object 'Object Repository/GRN/Page_KDMC - CMS/select_JanFebMarAprMayJunJulAu'

2018-05-09 16:08:15 - [TEST_STEP][PASSED] - click: Object: 'Object Repository/MOH AND GRN/Page_KDMC - CMS/a_12' is clicked on

2018-05-09 16:08:15 - [MESSAGE][PASSED] - Object: 'Object Repository/MOH AND GRN/Page_KDMC - CMS/a_12' is clicked on

2018-05-09 16:08:15 - [TEST_STEP][PASSED] - click: Object: 'Object Repository/MOH AND GRN/Page_KDMC - CMS/input_btnadd' is clicked on

2018-05-09 16:08:15 - [MESSAGE][PASSED] - Object: 'Object Repository/MOH AND GRN/Page_KDMC - CMS/input_btnadd' is clicked on

2018-05-09 16:08:15 - [TEST_STEP][PASSED] - Statement - If (s == 10): null

2018-05-09 16:08:15 - [TEST_STEP][PASSED] - Statement - Else: null

2018-05-09 16:08:15 - [TEST_STEP][PASSED] - Statement - (s++): null

2018-05-09 16:08:15 - [TEST_STEP][PASSED] - delay: Delayed 1 second(s)

2018-05-09 16:08:16 - [MESSAGE][PASSED] - Delayed 1 second(s)

2018-05-09 16:08:16 - [TEST_STEP][PASSED] - selectOptionByIndex: All options with index in [4] are selected on object 'Object Repository/MOH AND GRN/Page_KDMC - CMS/select_--Select--Amikacin -500'

2018-05-09 16:08:16 - [MESSAGE][PASSED] - All options with index in [4] are selected on object 'Object Repository/MOH AND GRN/Page_KDMC - CMS/select_--Select--Amikacin -500'

2018-05-09 16:08:16 - [TEST_STEP][PASSED] - setText: Text '5000' is set on object 'Object Repository/MOH AND GRN/Page_KDMC - CMS/input_txtqty'

2018-05-09 16:08:16 - [MESSAGE][PASSED] - Text '5000' is set on object 'Object Repository/MOH AND GRN/Page_KDMC - CMS/input_txtqty'

2018-05-09 16:08:16 - [TEST_STEP][PASSED] - selectOptionByIndex: All options with index in [1] are selected on object 'Object Repository/MOH AND GRN/Page_KDMC - CMS/select_--Select--No Tax0'

2018-05-09 16:08:16 - [MESSAGE][PASSED] - All options with index in [1] are selected on object 'Object Repository/MOH AND GRN/Page_KDMC - CMS/select_--Select--No Tax0'

2018-05-09 16:08:16 - [TEST_STEP][PASSED] - setText: Finding Test Object with id 'Object Repository/MOH AND GRN/Page_KDMC - CMS/input_txtmrp'

2018-05-09 16:08:16 - [TEST_STEP][PASSED] - Statement - switch (id): Finding Test Object with id 'Object Repository/MOH AND GRN/Page_KDMC - CMS/input_txtdeal'

2018-05-09 16:08:16 - [TEST_STEP][PASSED] - Statement - case 4:: Text '33.0' is set on object 'Object Repository/MOH AND GRN/Page_KDMC - CMS/input_txtmrp'

2018-05-09 16:08:16 - [TEST_STEP][PASSED] - Statement - return (java.lang.Math.floor((java.lang.Math.random() * ((max - min) + 1))) + min): Text '33.0' is set on object 'Object Repository/MOH AND GRN/Page_KDMC - CMS/input_txtmrp'

2018-05-09 16:08:16 - [MESSAGE][PASSED] - Text '33.0' is set on object 'Object Repository/MOH AND GRN/Page_KDMC - CMS/input_txtmrp'

2018-05-09 16:08:16 - [TEST_STEP][PASSED] - setText: Finding Test Object with id 'Object Repository/MOH AND GRN/Page_KDMC - CMS/input_txtdeal'

2018-05-09 16:08:16 - [TEST_STEP][PASSED] - Statement - switch (id): Finding Test Object with id 'Object Repository/MOH AND GRN/Page_KDMC - CMS/input_txtbatchno'

2018-05-09 16:08:16 - [TEST_STEP][PASSED] - Statement - case 5:: Text '4.0' is set on object 'Object Repository/MOH AND GRN/Page_KDMC - CMS/input_txtdeal'

2018-05-09 16:08:16 - [TEST_STEP][PASSED] - Statement - return (java.lang.Math.floor((java.lang.Math.random() * ((max - min) + 1))) + min): Text '4.0' is set on object 'Object Repository/MOH AND GRN/Page_KDMC - CMS/input_txtdeal'

2018-05-09 16:08:17 - [MESSAGE][PASSED] - Text '4.0' is set on object 'Object Repository/MOH AND GRN/Page_KDMC - CMS/input_txtdeal'

2018-05-09 16:08:17 - [TEST_STEP][PASSED] - setText: Finding Test Object with id 'Object Repository/MOH AND GRN/Page_KDMC - CMS/input_txtbatchno'

2018-05-09 16:08:17 - [TEST_STEP][PASSED] - Statement - switch (id): Finding Test Object with id 'Object Repository/MOH AND GRN/Page_KDMC - CMS/input_txtmrp'

2018-05-09 16:08:17 - [TEST_STEP][PASSED] - Statement - case 1:: Text 'BA309.0' is set on object 'Object Repository/MOH AND GRN/Page_KDMC - CMS/input_txtbatchno'

2018-05-09 16:08:17 - [TEST_STEP][PASSED] - Statement - return (java.lang.Math.floor((java.lang.Math.random() * ((max - min) + 1))) + min): Text 'BA309.0' is set on object 'Object Repository/MOH AND GRN/Page_KDMC - CMS/input_txtbatchno'

2018-05-09 16:08:17 - [MESSAGE][PASSED] - Text 'BA309.0' is set on object 'Object Repository/MOH AND GRN/Page_KDMC - CMS/input_txtbatchno'

2018-05-09 16:08:17 - [TEST_STEP][PASSED] - rightClick: Object: 'Object Repository/GRN/Page_KDMC - CMS/input_txtexpdate' is right clicked on

2018-05-09 16:08:17 - [MESSAGE][PASSED] - Object: 'Object Repository/GRN/Page_KDMC - CMS/input_txtexpdate' is right clicked on

2018-05-09 16:08:17 - [TEST_STEP][PASSED] - selectOptionByIndex: All options with index in [4] are selected on object 'Object Repository/GRN/Page_KDMC - CMS/select_20182019202020212022202'

2018-05-09 16:08:17 - [MESSAGE][PASSED] - All options with index in [4] are selected on object 'Object Repository/GRN/Page_KDMC - CMS/select_20182019202020212022202'

2018-05-09 16:08:17 - [TEST_STEP][PASSED] - selectOptionByIndex: All options with index in [4] are selected on object 'Object Repository/GRN/Page_KDMC - CMS/select_JanFebMarAprMayJunJulAu'

2018-05-09 16:08:17 - [MESSAGE][PASSED] - All options with index in [4] are selected on object 'Object Repository/GRN/Page_KDMC - CMS/select_JanFebMarAprMayJunJulAu'

2018-05-09 16:08:17 - [TEST_STEP][PASSED] - click: Object: 'Object Repository/MOH AND GRN/Page_KDMC - CMS/a_12' is clicked on

2018-05-09 16:08:17 - [MESSAGE][PASSED] - Object: 'Object Repository/MOH AND GRN/Page_KDMC - CMS/a_12' is clicked on

2018-05-09 16:08:17 - [TEST_STEP][PASSED] - click: Object: 'Object Repository/MOH AND GRN/Page_KDMC - CMS/input_btnadd' is clicked on

2018-05-09 16:08:17 - [MESSAGE][PASSED] - Object: 'Object Repository/MOH AND GRN/Page_KDMC - CMS/input_btnadd' is clicked on

2018-05-09 16:08:17 - [TEST_STEP][PASSED] - Statement - If (s == 10): null

2018-05-09 16:08:17 - [TEST_STEP][PASSED] - Statement - Else: null

2018-05-09 16:08:17 - [TEST_STEP][PASSED] - Statement - (s++): null

2018-05-09 16:08:17 - [TEST_STEP][PASSED] - delay: Delayed 1 second(s)

2018-05-09 16:08:18 - [MESSAGE][PASSED] - Delayed 1 second(s)

2018-05-09 16:08:18 - [TEST_STEP][PASSED] - selectOptionByIndex: All options with index in [5] are selected on object 'Object Repository/MOH AND GRN/Page_KDMC - CMS/select_--Select--Amikacin -500'

2018-05-09 16:08:18 - [MESSAGE][PASSED] - All options with index in [5] are selected on object 'Object Repository/MOH AND GRN/Page_KDMC - CMS/select_--Select--Amikacin -500'

2018-05-09 16:08:18 - [TEST_STEP][PASSED] - setText: Text '5000' is set on object 'Object Repository/MOH AND GRN/Page_KDMC - CMS/input_txtqty'

2018-05-09 16:08:18 - [MESSAGE][PASSED] - Text '5000' is set on object 'Object Repository/MOH AND GRN/Page_KDMC - CMS/input_txtqty'

2018-05-09 16:08:18 - [TEST_STEP][PASSED] - selectOptionByIndex: All options with index in [1] are selected on object 'Object Repository/MOH AND GRN/Page_KDMC - CMS/select_--Select--No Tax0'

2018-05-09 16:08:19 - [MESSAGE][PASSED] - All options with index in [1] are selected on object 'Object Repository/MOH AND GRN/Page_KDMC - CMS/select_--Select--No Tax0'

2018-05-09 16:08:19 - [TEST_STEP][PASSED] - setText: Finding Test Object with id 'Object Repository/MOH AND GRN/Page_KDMC - CMS/input_txtmrp'

2018-05-09 16:08:19 - [TEST_STEP][PASSED] - Statement - switch (id): Finding Test Object with id 'Object Repository/MOH AND GRN/Page_KDMC - CMS/input_txtdeal'

2018-05-09 16:08:19 - [TEST_STEP][PASSED] - Statement - case 4:: Text '16.0' is set on object 'Object Repository/MOH AND GRN/Page_KDMC - CMS/input_txtmrp'

2018-05-09 16:08:19 - [TEST_STEP][PASSED] - Statement - return (java.lang.Math.floor((java.lang.Math.random() * ((max - min) + 1))) + min): Text '16.0' is set on object 'Object Repository/MOH AND GRN/Page_KDMC - CMS/input_txtmrp'

2018-05-09 16:08:19 - [MESSAGE][PASSED] - Text '16.0' is set on object 'Object Repository/MOH AND GRN/Page_KDMC - CMS/input_txtmrp'

2018-05-09 16:08:19 - [TEST_STEP][PASSED] - setText: Finding Test Object with id 'Object Repository/MOH AND GRN/Page_KDMC - CMS/input_txtdeal'

2018-05-09 16:08:19 - [TEST_STEP][PASSED] - Statement - switch (id): Finding Test Object with id 'Object Repository/MOH AND GRN/Page_KDMC - CMS/input_txtbatchno'

2018-05-09 16:08:19 - [TEST_STEP][PASSED] - Statement - case 5:: Text '9.0' is set on object 'Object Repository/MOH AND GRN/Page_KDMC - CMS/input_txtdeal'

2018-05-09 16:08:19 - [TEST_STEP][PASSED] - Statement - return (java.lang.Math.floor((java.lang.Math.random() * ((max - min) + 1))) + min): Text '9.0' is set on object 'Object Repository/MOH AND GRN/Page_KDMC - CMS/input_txtdeal'

2018-05-09 16:08:19 - [MESSAGE][PASSED] - Text '9.0' is set on object 'Object Repository/MOH AND GRN/Page_KDMC - CMS/input_txtdeal'

2018-05-09 16:08:19 - [TEST_STEP][PASSED] - setText: Finding Test Object with id 'Object Repository/MOH AND GRN/Page_KDMC - CMS/input_txtbatchno'

2018-05-09 16:08:19 - [TEST_STEP][PASSED] - Statement - switch (id): Finding Test Object with id 'Object Repository/MOH AND GRN/Page_KDMC - CMS/input_txtmrp'

2018-05-09 16:08:19 - [TEST_STEP][PASSED] - Statement - case 1:: Text 'BA953.0' is set on object 'Object Repository/MOH AND GRN/Page_KDMC - CMS/input_txtbatchno'

2018-05-09 16:08:19 - [TEST_STEP][PASSED] - Statement - return (java.lang.Math.floor((java.lang.Math.random() * ((max - min) + 1))) + min): Text 'BA953.0' is set on object 'Object Repository/MOH AND GRN/Page_KDMC - CMS/input_txtbatchno'

2018-05-09 16:08:19 - [MESSAGE][PASSED] - Text 'BA953.0' is set on object 'Object Repository/MOH AND GRN/Page_KDMC - CMS/input_txtbatchno'

2018-05-09 16:08:19 - [TEST_STEP][PASSED] - rightClick: Object: 'Object Repository/GRN/Page_KDMC - CMS/input_txtexpdate' is right clicked on

2018-05-09 16:08:19 - [MESSAGE][PASSED] - Object: 'Object Repository/GRN/Page_KDMC - CMS/input_txtexpdate' is right clicked on

2018-05-09 16:08:19 - [TEST_STEP][PASSED] - selectOptionByIndex: All options with index in [5] are selected on object 'Object Repository/GRN/Page_KDMC - CMS/select_20182019202020212022202'

2018-05-09 16:08:19 - [MESSAGE][PASSED] - All options with index in [5] are selected on object 'Object Repository/GRN/Page_KDMC - CMS/select_20182019202020212022202'

2018-05-09 16:08:19 - [TEST_STEP][PASSED] - selectOptionByIndex: All options with index in [5] are selected on object 'Object Repository/GRN/Page_KDMC - CMS/select_JanFebMarAprMayJunJulAu'

2018-05-09 16:08:19 - [MESSAGE][PASSED] - All options with index in [5] are selected on object 'Object Repository/GRN/Page_KDMC - CMS/select_JanFebMarAprMayJunJulAu'

2018-05-09 16:08:19 - [TEST_STEP][PASSED] - click: Object: 'Object Repository/MOH AND GRN/Page_KDMC - CMS/a_12' is clicked on

2018-05-09 16:08:19 - [MESSAGE][PASSED] - Object: 'Object Repository/MOH AND GRN/Page_KDMC - CMS/a_12' is clicked on

2018-05-09 16:08:19 - [TEST_STEP][PASSED] - click: Object: 'Object Repository/MOH AND GRN/Page_KDMC - CMS/input_btnadd' is clicked on

2018-05-09 16:08:19 - [MESSAGE][PASSED] - Object: 'Object Repository/MOH AND GRN/Page_KDMC - CMS/input_btnadd' is clicked on

2018-05-09 16:08:19 - [TEST_STEP][PASSED] - Statement - If (s == 10): null

2018-05-09 16:08:19 - [TEST_STEP][PASSED] - Statement - Else: null

2018-05-09 16:08:19 - [TEST_STEP][PASSED] - Statement - (s++): null

2018-05-09 16:08:19 - [TEST_STEP][PASSED] - delay: Delayed 1 second(s)

2018-05-09 16:08:20 - [MESSAGE][PASSED] - Delayed 1 second(s)

2018-05-09 16:08:20 - [TEST_STEP][PASSED] - selectOptionByIndex: All options with index in [6] are selected on object 'Object Repository/MOH AND GRN/Page_KDMC - CMS/select_--Select--Amikacin -500'

2018-05-09 16:08:21 - [MESSAGE][PASSED] - All options with index in [6] are selected on object 'Object Repository/MOH AND GRN/Page_KDMC - CMS/select_--Select--Amikacin -500'

2018-05-09 16:08:21 - [TEST_STEP][PASSED] - setText: Text '5000' is set on object 'Object Repository/MOH AND GRN/Page_KDMC - CMS/input_txtqty'

2018-05-09 16:08:21 - [MESSAGE][PASSED] - Text '5000' is set on object 'Object Repository/MOH AND GRN/Page_KDMC - CMS/input_txtqty'

2018-05-09 16:08:21 - [TEST_STEP][PASSED] - selectOptionByIndex: All options with index in [1] are selected on object 'Object Repository/MOH AND GRN/Page_KDMC - CMS/select_--Select--No Tax0'

2018-05-09 16:08:21 - [MESSAGE][PASSED] - All options with index in [1] are selected on object 'Object Repository/MOH AND GRN/Page_KDMC - CMS/select_--Select--No Tax0'

2018-05-09 16:08:21 - [TEST_STEP][PASSED] - setText: Finding Test Object with id 'Object Repository/MOH AND GRN/Page_KDMC - CMS/input_txtmrp'

2018-05-09 16:08:21 - [TEST_STEP][PASSED] - Statement - switch (id): Finding Test Object with id 'Object Repository/MOH AND GRN/Page_KDMC - CMS/input_txtdeal'

2018-05-09 16:08:21 - [TEST_STEP][PASSED] - Statement - case 4:: Text '22.0' is set on object 'Object Repository/MOH AND GRN/Page_KDMC - CMS/input_txtmrp'

2018-05-09 16:08:21 - [TEST_STEP][PASSED] - Statement - return (java.lang.Math.floor((java.lang.Math.random() * ((max - min) + 1))) + min): Text '22.0' is set on object 'Object Repository/MOH AND GRN/Page_KDMC - CMS/input_txtmrp'

2018-05-09 16:08:21 - [MESSAGE][PASSED] - Text '22.0' is set on object 'Object Repository/MOH AND GRN/Page_KDMC - CMS/input_txtmrp'

2018-05-09 16:08:21 - [TEST_STEP][PASSED] - setText: Finding Test Object with id 'Object Repository/MOH AND GRN/Page_KDMC - CMS/input_txtdeal'

2018-05-09 16:08:21 - [TEST_STEP][PASSED] - Statement - switch (id): Finding Test Object with id 'Object Repository/MOH AND GRN/Page_KDMC - CMS/input_txtbatchno'

2018-05-09 16:08:21 - [TEST_STEP][PASSED] - Statement - case 5:: Text '2.0' is set on object 'Object Repository/MOH AND GRN/Page_KDMC - CMS/input_txtdeal'

2018-05-09 16:08:21 - [TEST_STEP][PASSED] - Statement - return (java.lang.Math.floor((java.lang.Math.random() * ((max - min) + 1))) + min): Text '2.0' is set on object 'Object Repository/MOH AND GRN/Page_KDMC - CMS/input_txtdeal'

2018-05-09 16:08:21 - [MESSAGE][PASSED] - Text '2.0' is set on object 'Object Repository/MOH AND GRN/Page_KDMC - CMS/input_txtdeal'

2018-05-09 16:08:21 - [TEST_STEP][PASSED] - setText: Finding Test Object with id 'Object Repository/MOH AND GRN/Page_KDMC - CMS/input_txtbatchno'

2018-05-09 16:08:21 - [TEST_STEP][PASSED] - Statement - switch (id): Finding Test Object with id 'Object Repository/MOH AND GRN/Page_KDMC - CMS/input_txtmrp'

2018-05-09 16:08:21 - [TEST_STEP][PASSED] - Statement - case 1:: Text 'BA263.0' is set on object 'Object Repository/MOH AND GRN/Page_KDMC - CMS/input_txtbatchno'

2018-05-09 16:08:21 - [TEST_STEP][PASSED] - Statement - return (java.lang.Math.floor((java.lang.Math.random() * ((max - min) + 1))) + min): Text 'BA263.0' is set on object 'Object Repository/MOH AND GRN/Page_KDMC - CMS/input_txtbatchno'

2018-05-09 16:08:21 - [MESSAGE][PASSED] - Text 'BA263.0' is set on object 'Object Repository/MOH AND GRN/Page_KDMC - CMS/input_txtbatchno'

2018-05-09 16:08:21 - [TEST_STEP][PASSED] - rightClick: Object: 'Object Repository/GRN/Page_KDMC - CMS/input_txtexpdate' is right clicked on

2018-05-09 16:08:21 - [MESSAGE][PASSED] - Object: 'Object Repository/GRN/Page_KDMC - CMS/input_txtexpdate' is right clicked on

2018-05-09 16:08:21 - [TEST_STEP][PASSED] - selectOptionByIndex: All options with index in [6] are selected on object 'Object Repository/GRN/Page_KDMC - CMS/select_20182019202020212022202'

2018-05-09 16:08:21 - [MESSAGE][PASSED] - All options with index in [6] are selected on object 'Object Repository/GRN/Page_KDMC - CMS/select_20182019202020212022202'

2018-05-09 16:08:21 - [TEST_STEP][PASSED] - selectOptionByIndex: All options with index in [6] are selected on object 'Object Repository/GRN/Page_KDMC - CMS/select_JanFebMarAprMayJunJulAu'

2018-05-09 16:08:22 - [MESSAGE][PASSED] - All options with index in [6] are selected on object 'Object Repository/GRN/Page_KDMC - CMS/select_JanFebMarAprMayJunJulAu'

2018-05-09 16:08:22 - [TEST_STEP][PASSED] - click: Object: 'Object Repository/MOH AND GRN/Page_KDMC - CMS/a_12' is clicked on

2018-05-09 16:08:22 - [MESSAGE][PASSED] - Object: 'Object Repository/MOH AND GRN/Page_KDMC - CMS/a_12' is clicked on

2018-05-09 16:08:22 - [TEST_STEP][PASSED] - click: Object: 'Object Repository/MOH AND GRN/Page_KDMC - CMS/input_btnadd' is clicked on

2018-05-09 16:08:22 - [MESSAGE][PASSED] - Object: 'Object Repository/MOH AND GRN/Page_KDMC - CMS/input_btnadd' is clicked on

2018-05-09 16:08:22 - [TEST_STEP][PASSED] - Statement - If (s == 10): null

2018-05-09 16:08:22 - [TEST_STEP][PASSED] - Statement - Else: null

2018-05-09 16:08:22 - [TEST_STEP][PASSED] - Statement - (s++): null

2018-05-09 16:08:22 - [TEST_STEP][PASSED] - delay: Delayed 1 second(s)

2018-05-09 16:08:23 - [MESSAGE][PASSED] - Delayed 1 second(s)

2018-05-09 16:08:23 - [TEST_STEP][PASSED] - selectOptionByIndex: All options with index in [7] are selected on object 'Object Repository/MOH AND GRN/Page_KDMC - CMS/select_--Select--Amikacin -500'

2018-05-09 16:08:23 - [MESSAGE][PASSED] - All options with index in [7] are selected on object 'Object Repository/MOH AND GRN/Page_KDMC - CMS/select_--Select--Amikacin -500'

2018-05-09 16:08:23 - [TEST_STEP][PASSED] - setText: Text '5000' is set on object 'Object Repository/MOH AND GRN/Page_KDMC - CMS/input_txtqty'

2018-05-09 16:08:23 - [MESSAGE][PASSED] - Text '5000' is set on object 'Object Repository/MOH AND GRN/Page_KDMC - CMS/input_txtqty'

2018-05-09 16:08:23 - [TEST_STEP][PASSED] - selectOptionByIndex: All options with index in [1] are selected on object 'Object Repository/MOH AND GRN/Page_KDMC - CMS/select_--Select--No Tax0'

2018-05-09 16:08:23 - [MESSAGE][PASSED] - All options with index in [1] are selected on object 'Object Repository/MOH AND GRN/Page_KDMC - CMS/select_--Select--No Tax0'

2018-05-09 16:08:23 - [TEST_STEP][PASSED] - setText: Finding Test Object with id 'Object Repository/MOH AND GRN/Page_KDMC - CMS/input_txtmrp'

2018-05-09 16:08:23 - [TEST_STEP][PASSED] - Statement - switch (id): Finding Test Object with id 'Object Repository/MOH AND GRN/Page_KDMC - CMS/input_txtdeal'

2018-05-09 16:08:23 - [TEST_STEP][PASSED] - Statement - case 4:: Text '32.0' is set on object 'Object Repository/MOH AND GRN/Page_KDMC - CMS/input_txtmrp'

2018-05-09 16:08:23 - [TEST_STEP][PASSED] - Statement - return (java.lang.Math.floor((java.lang.Math.random() * ((max - min) + 1))) + min): Text '32.0' is set on object 'Object Repository/MOH AND GRN/Page_KDMC - CMS/input_txtmrp'

2018-05-09 16:08:23 - [MESSAGE][PASSED] - Text '32.0' is set on object 'Object Repository/MOH AND GRN/Page_KDMC - CMS/input_txtmrp'

2018-05-09 16:08:23 - [TEST_STEP][PASSED] - setText: Finding Test Object with id 'Object Repository/MOH AND GRN/Page_KDMC - CMS/input_txtdeal'

2018-05-09 16:08:23 - [TEST_STEP][PASSED] - Statement - switch (id): Finding Test Object with id 'Object Repository/MOH AND GRN/Page_KDMC - CMS/input_txtbatchno'

2018-05-09 16:08:23 - [TEST_STEP][PASSED] - Statement - case 5:: Text '1.0' is set on object 'Object Repository/MOH AND GRN/Page_KDMC - CMS/input_txtdeal'

2018-05-09 16:08:23 - [TEST_STEP][PASSED] - Statement - return (java.lang.Math.floor((java.lang.Math.random() * ((max - min) + 1))) + min): Text '1.0' is set on object 'Object Repository/MOH AND GRN/Page_KDMC - CMS/input_txtdeal'

2018-05-09 16:08:23 - [MESSAGE][PASSED] - Text '1.0' is set on object 'Object Repository/MOH AND GRN/Page_KDMC - CMS/input_txtdeal'

2018-05-09 16:08:23 - [TEST_STEP][PASSED] - setText: Finding Test Object with id 'Object Repository/MOH AND GRN/Page_KDMC - CMS/input_txtbatchno'

2018-05-09 16:08:23 - [TEST_STEP][PASSED] - Statement - switch (id): Finding Test Object with id 'Object Repository/MOH AND GRN/Page_KDMC - CMS/input_txtmrp'

2018-05-09 16:08:23 - [TEST_STEP][PASSED] - Statement - case 1:: Text 'BA941.0' is set on object 'Object Repository/MOH AND GRN/Page_KDMC - CMS/input_txtbatchno'

2018-05-09 16:08:23 - [TEST_STEP][PASSED] - Statement - return (java.lang.Math.floor((java.lang.Math.random() * ((max - min) + 1))) + min): Text 'BA941.0' is set on object 'Object Repository/MOH AND GRN/Page_KDMC - CMS/input_txtbatchno'

2018-05-09 16:08:24 - [MESSAGE][PASSED] - Text 'BA941.0' is set on object 'Object Repository/MOH AND GRN/Page_KDMC - CMS/input_txtbatchno'

2018-05-09 16:08:24 - [TEST_STEP][PASSED] - rightClick: Object: 'Object Repository/GRN/Page_KDMC - CMS/input_txtexpdate' is right clicked on

2018-05-09 16:08:24 - [MESSAGE][PASSED] - Object: 'Object Repository/GRN/Page_KDMC - CMS/input_txtexpdate' is right clicked on

2018-05-09 16:08:24 - [TEST_STEP][PASSED] - selectOptionByIndex: All options with index in [7] are selected on object 'Object Repository/GRN/Page_KDMC - CMS/select_20182019202020212022202'

2018-05-09 16:08:24 - [MESSAGE][PASSED] - All options with index in [7] are selected on object 'Object Repository/GRN/Page_KDMC - CMS/select_20182019202020212022202'

2018-05-09 16:08:24 - [TEST_STEP][PASSED] - selectOptionByIndex: All options with index in [7] are selected on object 'Object Repository/GRN/Page_KDMC - CMS/select_JanFebMarAprMayJunJulAu'

2018-05-09 16:08:24 - [MESSAGE][PASSED] - All options with index in [7] are selected on object 'Object Repository/GRN/Page_KDMC - CMS/select_JanFebMarAprMayJunJulAu'

2018-05-09 16:08:24 - [TEST_STEP][PASSED] - click: Object: 'Object Repository/MOH AND GRN/Page_KDMC - CMS/a_12' is clicked on

2018-05-09 16:08:24 - [MESSAGE][PASSED] - Object: 'Object Repository/MOH AND GRN/Page_KDMC - CMS/a_12' is clicked on

2018-05-09 16:08:24 - [TEST_STEP][PASSED] - click: Object: 'Object Repository/MOH AND GRN/Page_KDMC - CMS/input_btnadd' is clicked on

2018-05-09 16:08:24 - [MESSAGE][PASSED] - Object: 'Object Repository/MOH AND GRN/Page_KDMC - CMS/input_btnadd' is clicked on

2018-05-09 16:08:24 - [TEST_STEP][PASSED] - Statement - If (s == 10): null

2018-05-09 16:08:24 - [TEST_STEP][PASSED] - Statement - Else: null

2018-05-09 16:08:24 - [TEST_STEP][PASSED] - Statement - (s++): null

2018-05-09 16:08:24 - [TEST_STEP][PASSED] - delay: Delayed 1 second(s)

2018-05-09 16:08:25 - [MESSAGE][PASSED] - Delayed 1 second(s)

2018-05-09 16:08:25 - [TEST_STEP][PASSED] - selectOptionByIndex: All options with index in [8] are selected on object 'Object Repository/MOH AND GRN/Page_KDMC - CMS/select_--Select--Amikacin -500'

2018-05-09 16:08:25 - [MESSAGE][PASSED] - All options with index in [8] are selected on object 'Object Repository/MOH AND GRN/Page_KDMC - CMS/select_--Select--Amikacin -500'

2018-05-09 16:08:25 - [TEST_STEP][PASSED] - setText: Text '5000' is set on object 'Object Repository/MOH AND GRN/Page_KDMC - CMS/input_txtqty'

2018-05-09 16:08:26 - [MESSAGE][PASSED] - Text '5000' is set on object 'Object Repository/MOH AND GRN/Page_KDMC - CMS/input_txtqty'

2018-05-09 16:08:26 - [TEST_STEP][PASSED] - selectOptionByIndex: All options with index in [1] are selected on object 'Object Repository/MOH AND GRN/Page_KDMC - CMS/select_--Select--No Tax0'

2018-05-09 16:08:26 - [MESSAGE][PASSED] - All options with index in [1] are selected on object 'Object Repository/MOH AND GRN/Page_KDMC - CMS/select_--Select--No Tax0'

2018-05-09 16:08:26 - [TEST_STEP][PASSED] - setText: Finding Test Object with id 'Object Repository/MOH AND GRN/Page_KDMC - CMS/input_txtmrp'

2018-05-09 16:08:26 - [TEST_STEP][PASSED] - Statement - switch (id): Finding Test Object with id 'Object Repository/MOH AND GRN/Page_KDMC - CMS/input_txtdeal'

2018-05-09 16:08:26 - [TEST_STEP][PASSED] - Statement - case 4:: Text '28.0' is set on object 'Object Repository/MOH AND GRN/Page_KDMC - CMS/input_txtmrp'

2018-05-09 16:08:26 - [TEST_STEP][PASSED] - Statement - return (java.lang.Math.floor((java.lang.Math.random() * ((max - min) + 1))) + min): Text '28.0' is set on object 'Object Repository/MOH AND GRN/Page_KDMC - CMS/input_txtmrp'

2018-05-09 16:08:26 - [MESSAGE][PASSED] - Text '28.0' is set on object 'Object Repository/MOH AND GRN/Page_KDMC - CMS/input_txtmrp'

2018-05-09 16:08:26 - [TEST_STEP][PASSED] - setText: Finding Test Object with id 'Object Repository/MOH AND GRN/Page_KDMC - CMS/input_txtdeal'

2018-05-09 16:08:26 - [TEST_STEP][PASSED] - Statement - switch (id): Finding Test Object with id 'Object Repository/MOH AND GRN/Page_KDMC - CMS/input_txtbatchno'

2018-05-09 16:08:26 - [TEST_STEP][PASSED] - Statement - case 5:: Text '6.0' is set on object 'Object Repository/MOH AND GRN/Page_KDMC - CMS/input_txtdeal'

2018-05-09 16:08:26 - [TEST_STEP][PASSED] - Statement - return (java.lang.Math.floor((java.lang.Math.random() * ((max - min) + 1))) + min): Text '6.0' is set on object 'Object Repository/MOH AND GRN/Page_KDMC - CMS/input_txtdeal'

2018-05-09 16:08:26 - [MESSAGE][PASSED] - Text '6.0' is set on object 'Object Repository/MOH AND GRN/Page_KDMC - CMS/input_txtdeal'

2018-05-09 16:08:26 - [TEST_STEP][PASSED] - setText: Finding Test Object with id 'Object Repository/MOH AND GRN/Page_KDMC - CMS/input_txtbatchno'

2018-05-09 16:08:26 - [TEST_STEP][PASSED] - Statement - switch (id): Finding Test Object with id 'Object Repository/MOH AND GRN/Page_KDMC - CMS/input_txtmrp'

2018-05-09 16:08:26 - [TEST_STEP][PASSED] - Statement - case 1:: Text 'BA270.0' is set on object 'Object Repository/MOH AND GRN/Page_KDMC - CMS/input_txtbatchno'

2018-05-09 16:08:26 - [TEST_STEP][PASSED] - Statement - return (java.lang.Math.floor((java.lang.Math.random() * ((max - min) + 1))) + min): Text 'BA270.0' is set on object 'Object Repository/MOH AND GRN/Page_KDMC - CMS/input_txtbatchno'

2018-05-09 16:08:26 - [MESSAGE][PASSED] - Text 'BA270.0' is set on object 'Object Repository/MOH AND GRN/Page_KDMC - CMS/input_txtbatchno'

2018-05-09 16:08:26 - [TEST_STEP][PASSED] - rightClick: Object: 'Object Repository/GRN/Page_KDMC - CMS/input_txtexpdate' is right clicked on

2018-05-09 16:08:26 - [MESSAGE][PASSED] - Object: 'Object Repository/GRN/Page_KDMC - CMS/input_txtexpdate' is right clicked on

2018-05-09 16:08:26 - [TEST_STEP][PASSED] - selectOptionByIndex: All options with index in [8] are selected on object 'Object Repository/GRN/Page_KDMC - CMS/select_20182019202020212022202'

2018-05-09 16:08:26 - [MESSAGE][PASSED] - All options with index in [8] are selected on object 'Object Repository/GRN/Page_KDMC - CMS/select_20182019202020212022202'

2018-05-09 16:08:26 - [TEST_STEP][PASSED] - selectOptionByIndex: All options with index in [8] are selected on object 'Object Repository/GRN/Page_KDMC - CMS/select_JanFebMarAprMayJunJulAu'

2018-05-09 16:08:26 - [MESSAGE][PASSED] - All options with index in [8] are selected on object 'Object Repository/GRN/Page_KDMC - CMS/select_JanFebMarAprMayJunJulAu'

2018-05-09 16:08:26 - [TEST_STEP][PASSED] - click: Object: 'Object Repository/MOH AND GRN/Page_KDMC - CMS/a_12' is clicked on

2018-05-09 16:08:26 - [MESSAGE][PASSED] - Object: 'Object Repository/MOH AND GRN/Page_KDMC - CMS/a_12' is clicked on

2018-05-09 16:08:26 - [TEST_STEP][PASSED] - click: Object: 'Object Repository/MOH AND GRN/Page_KDMC - CMS/input_btnadd' is clicked on

2018-05-09 16:08:27 - [MESSAGE][PASSED] - Object: 'Object Repository/MOH AND GRN/Page_KDMC - CMS/input_btnadd' is clicked on

2018-05-09 16:08:27 - [TEST_STEP][PASSED] - Statement - If (s == 10): null

2018-05-09 16:08:27 - [TEST_STEP][PASSED] - Statement - Else: null

2018-05-09 16:08:27 - [TEST_STEP][PASSED] - Statement - (s++): null

2018-05-09 16:08:27 - [TEST_STEP][PASSED] - delay: Delayed 1 second(s)

2018-05-09 16:08:28 - [MESSAGE][PASSED] - Delayed 1 second(s)

2018-05-09 16:08:28 - [TEST_STEP][PASSED] - selectOptionByIndex: All options with index in [9] are selected on object 'Object Repository/MOH AND GRN/Page_KDMC - CMS/select_--Select--Amikacin -500'

2018-05-09 16:08:28 - [MESSAGE][PASSED] - All options with index in [9] are selected on object 'Object Repository/MOH AND GRN/Page_KDMC - CMS/select_--Select--Amikacin -500'

2018-05-09 16:08:28 - [TEST_STEP][PASSED] - setText: Text '5000' is set on object 'Object Repository/MOH AND GRN/Page_KDMC - CMS/input_txtqty'

2018-05-09 16:08:28 - [MESSAGE][PASSED] - Text '5000' is set on object 'Object Repository/MOH AND GRN/Page_KDMC - CMS/input_txtqty'

2018-05-09 16:08:28 - [TEST_STEP][PASSED] - selectOptionByIndex: All options with index in [1] are selected on object 'Object Repository/MOH AND GRN/Page_KDMC - CMS/select_--Select--No Tax0'

2018-05-09 16:08:28 - [MESSAGE][PASSED] - All options with index in [1] are selected on object 'Object Repository/MOH AND GRN/Page_KDMC - CMS/select_--Select--No Tax0'

2018-05-09 16:08:28 - [TEST_STEP][PASSED] - setText: Finding Test Object with id 'Object Repository/MOH AND GRN/Page_KDMC - CMS/input_txtmrp'

2018-05-09 16:08:28 - [TEST_STEP][PASSED] - Statement - switch (id): Finding Test Object with id 'Object Repository/MOH AND GRN/Page_KDMC - CMS/input_txtdeal'

2018-05-09 16:08:28 - [TEST_STEP][PASSED] - Statement - case 4:: Text '24.0' is set on object 'Object Repository/MOH AND GRN/Page_KDMC - CMS/input_txtmrp'

2018-05-09 16:08:28 - [TEST_STEP][PASSED] - Statement - return (java.lang.Math.floor((java.lang.Math.random() * ((max - min) + 1))) + min): Text '24.0' is set on object 'Object Repository/MOH AND GRN/Page_KDMC - CMS/input_txtmrp'

2018-05-09 16:08:28 - [MESSAGE][PASSED] - Text '24.0' is set on object 'Object Repository/MOH AND GRN/Page_KDMC - CMS/input_txtmrp'

2018-05-09 16:08:28 - [TEST_STEP][PASSED] - setText: Finding Test Object with id 'Object Repository/MOH AND GRN/Page_KDMC - CMS/input_txtdeal'

2018-05-09 16:08:28 - [TEST_STEP][PASSED] - Statement - switch (id): Finding Test Object with id 'Object Repository/MOH AND GRN/Page_KDMC - CMS/input_txtbatchno'

2018-05-09 16:08:28 - [TEST_STEP][PASSED] - Statement - case 5:: Text '4.0' is set on object 'Object Repository/MOH AND GRN/Page_KDMC - CMS/input_txtdeal'

2018-05-09 16:08:28 - [TEST_STEP][PASSED] - Statement - return (java.lang.Math.floor((java.lang.Math.random() * ((max - min) + 1))) + min): Text '4.0' is set on object 'Object Repository/MOH AND GRN/Page_KDMC - CMS/input_txtdeal'

2018-05-09 16:08:28 - [MESSAGE][PASSED] - Text '4.0' is set on object 'Object Repository/MOH AND GRN/Page_KDMC - CMS/input_txtdeal'

2018-05-09 16:08:28 - [TEST_STEP][PASSED] - setText: Finding Test Object with id 'Object Repository/MOH AND GRN/Page_KDMC - CMS/input_txtbatchno'

2018-05-09 16:08:28 - [TEST_STEP][PASSED] - Statement - switch (id): Finding Test Object with id 'Object Repository/MOH AND GRN/Page_KDMC - CMS/input_txtmrp'

2018-05-09 16:08:28 - [TEST_STEP][PASSED] - Statement - case 1:: Text 'BA198.0' is set on object 'Object Repository/MOH AND GRN/Page_KDMC - CMS/input_txtbatchno'

2018-05-09 16:08:28 - [TEST_STEP][PASSED] - Statement - return (java.lang.Math.floor((java.lang.Math.random() * ((max - min) + 1))) + min): Text 'BA198.0' is set on object 'Object Repository/MOH AND GRN/Page_KDMC - CMS/input_txtbatchno'

2018-05-09 16:08:28 - [MESSAGE][PASSED] - Text 'BA198.0' is set on object 'Object Repository/MOH AND GRN/Page_KDMC - CMS/input_txtbatchno'

2018-05-09 16:08:28 - [TEST_STEP][PASSED] - rightClick: Object: 'Object Repository/GRN/Page_KDMC - CMS/input_txtexpdate' is right clicked on

2018-05-09 16:08:28 - [MESSAGE][PASSED] - Object: 'Object Repository/GRN/Page_KDMC - CMS/input_txtexpdate' is right clicked on

2018-05-09 16:08:28 - [TEST_STEP][PASSED] - selectOptionByIndex: All options with index in [9] are selected on object 'Object Repository/GRN/Page_KDMC - CMS/select_20182019202020212022202'

2018-05-09 16:08:29 - [MESSAGE][PASSED] - All options with index in [9] are selected on object 'Object Repository/GRN/Page_KDMC - CMS/select_20182019202020212022202'

2018-05-09 16:08:29 - [TEST_STEP][PASSED] - selectOptionByIndex: All options with index in [9] are selected on object 'Object Repository/GRN/Page_KDMC - CMS/select_JanFebMarAprMayJunJulAu'

2018-05-09 16:08:29 - [MESSAGE][PASSED] - All options with index in [9] are selected on object 'Object Repository/GRN/Page_KDMC - CMS/select_JanFebMarAprMayJunJulAu'

2018-05-09 16:08:29 - [TEST_STEP][PASSED] - click: Object: 'Object Repository/MOH AND GRN/Page_KDMC - CMS/a_12' is clicked on

2018-05-09 16:08:29 - [MESSAGE][PASSED] - Object: 'Object Repository/MOH AND GRN/Page_KDMC - CMS/a_12' is clicked on

2018-05-09 16:08:29 - [TEST_STEP][PASSED] - click: Object: 'Object Repository/MOH AND GRN/Page_KDMC - CMS/input_btnadd' is clicked on

2018-05-09 16:08:29 - [MESSAGE][PASSED] - Object: 'Object Repository/MOH AND GRN/Page_KDMC - CMS/input_btnadd' is clicked on

2018-05-09 16:08:29 - [TEST_STEP][PASSED] - Statement - If (s == 10): null

2018-05-09 16:08:29 - [TEST_STEP][PASSED] - Statement - Else: null

2018-05-09 16:08:29 - [TEST_STEP][PASSED] - Statement - (s++): null

2018-05-09 16:08:29 - [TEST_STEP][PASSED] - delay: Delayed 1 second(s)

2018-05-09 16:08:30 - [MESSAGE][PASSED] - Delayed 1 second(s)

2018-05-09 16:08:30 - [TEST_STEP][PASSED] - selectOptionByIndex: All options with index in [10] are selected on object 'Object Repository/MOH AND GRN/Page_KDMC - CMS/select_--Select--Amikacin -500'

2018-05-09 16:08:30 - [MESSAGE][PASSED] - All options with index in [10] are selected on object 'Object Repository/MOH AND GRN/Page_KDMC - CMS/select_--Select--Amikacin -500'

2018-05-09 16:08:30 - [TEST_STEP][PASSED] - setText: Text '5000' is set on object 'Object Repository/MOH AND GRN/Page_KDMC - CMS/input_txtqty'

2018-05-09 16:08:30 - [MESSAGE][PASSED] - Text '5000' is set on object 'Object Repository/MOH AND GRN/Page_KDMC - CMS/input_txtqty'

2018-05-09 16:08:30 - [TEST_STEP][PASSED] - selectOptionByIndex: All options with index in [1] are selected on object 'Object Repository/MOH AND GRN/Page_KDMC - CMS/select_--Select--No Tax0'

2018-05-09 16:08:30 - [MESSAGE][PASSED] - All options with index in [1] are selected on object 'Object Repository/MOH AND GRN/Page_KDMC - CMS/select_--Select--No Tax0'

2018-05-09 16:08:30 - [TEST_STEP][PASSED] - setText: Finding Test Object with id 'Object Repository/MOH AND GRN/Page_KDMC - CMS/input_txtmrp'

2018-05-09 16:08:30 - [TEST_STEP][PASSED] - Statement - switch (id): Finding Test Object with id 'Object Repository/MOH AND GRN/Page_KDMC - CMS/input_txtdeal'

2018-05-09 16:08:30 - [TEST_STEP][PASSED] - Statement - case 4:: Text '17.0' is set on object 'Object Repository/MOH AND GRN/Page_KDMC - CMS/input_txtmrp'

2018-05-09 16:08:30 - [TEST_STEP][PASSED] - Statement - return (java.lang.Math.floor((java.lang.Math.random() * ((max - min) + 1))) + min): Text '17.0' is set on object 'Object Repository/MOH AND GRN/Page_KDMC - CMS/input_txtmrp'

2018-05-09 16:08:30 - [MESSAGE][PASSED] - Text '17.0' is set on object 'Object Repository/MOH AND GRN/Page_KDMC - CMS/input_txtmrp'

2018-05-09 16:08:30 - [TEST_STEP][PASSED] - setText: Finding Test Object with id 'Object Repository/MOH AND GRN/Page_KDMC - CMS/input_txtdeal'

2018-05-09 16:08:30 - [TEST_STEP][PASSED] - Statement - switch (id): Finding Test Object with id 'Object Repository/MOH AND GRN/Page_KDMC - CMS/input_txtbatchno'

2018-05-09 16:08:30 - [TEST_STEP][PASSED] - Statement - case 5:: Text '3.0' is set on object 'Object Repository/MOH AND GRN/Page_KDMC - CMS/input_txtdeal'

2018-05-09 16:08:30 - [TEST_STEP][PASSED] - Statement - return (java.lang.Math.floor((java.lang.Math.random() * ((max - min) + 1))) + min): Text '3.0' is set on object 'Object Repository/MOH AND GRN/Page_KDMC - CMS/input_txtdeal'

2018-05-09 16:08:30 - [MESSAGE][PASSED] - Text '3.0' is set on object 'Object Repository/MOH AND GRN/Page_KDMC - CMS/input_txtdeal'

2018-05-09 16:08:30 - [TEST_STEP][PASSED] - setText: Finding Test Object with id 'Object Repository/MOH AND GRN/Page_KDMC - CMS/input_txtbatchno'

2018-05-09 16:08:30 - [TEST_STEP][PASSED] - Statement - switch (id): Finding Test Object with id 'Object Repository/MOH AND GRN/Page_KDMC - CMS/input_txtmrp'

2018-05-09 16:08:30 - [TEST_STEP][PASSED] - Statement - case 1:: Text 'BA216.0' is set on object 'Object Repository/MOH AND GRN/Page_KDMC - CMS/input_txtbatchno'

2018-05-09 16:08:30 - [TEST_STEP][PASSED] - Statement - return (java.lang.Math.floor((java.lang.Math.random() * ((max - min) + 1))) + min): Text 'BA216.0' is set on object 'Object Repository/MOH AND GRN/Page_KDMC - CMS/input_txtbatchno'

2018-05-09 16:08:31 - [MESSAGE][PASSED] - Text 'BA216.0' is set on object 'Object Repository/MOH AND GRN/Page_KDMC - CMS/input_txtbatchno'

2018-05-09 16:08:31 - [TEST_STEP][PASSED] - rightClick: Object: 'Object Repository/GRN/Page_KDMC - CMS/input_txtexpdate' is right clicked on

2018-05-09 16:08:31 - [MESSAGE][PASSED] - Object: 'Object Repository/GRN/Page_KDMC - CMS/input_txtexpdate' is right clicked on

2018-05-09 16:08:31 - [TEST_STEP][PASSED] - selectOptionByIndex: All options with index in [10] are selected on object 'Object Repository/GRN/Page_KDMC - CMS/select_20182019202020212022202'

2018-05-09 16:08:31 - [MESSAGE][PASSED] - All options with index in [10] are selected on object 'Object Repository/GRN/Page_KDMC - CMS/select_20182019202020212022202'

2018-05-09 16:08:31 - [TEST_STEP][PASSED] - selectOptionByIndex: All options with index in [10] are selected on object 'Object Repository/GRN/Page_KDMC - CMS/select_JanFebMarAprMayJunJulAu'

2018-05-09 16:08:31 - [MESSAGE][PASSED] - All options with index in [10] are selected on object 'Object Repository/GRN/Page_KDMC - CMS/select_JanFebMarAprMayJunJulAu'

2018-05-09 16:08:31 - [TEST_STEP][PASSED] - click: Object: 'Object Repository/MOH AND GRN/Page_KDMC - CMS/a_12' is clicked on

2018-05-09 16:08:31 - [MESSAGE][PASSED] - Object: 'Object Repository/MOH AND GRN/Page_KDMC - CMS/a_12' is clicked on

2018-05-09 16:08:31 - [TEST_STEP][PASSED] - click: Object: 'Object Repository/MOH AND GRN/Page_KDMC - CMS/input_btnadd' is clicked on

2018-05-09 16:08:31 - [MESSAGE][PASSED] - Object: 'Object Repository/MOH AND GRN/Page_KDMC - CMS/input_btnadd' is clicked on

2018-05-09 16:08:31 - [TEST_STEP][PASSED] - Statement - If (s == 10): null

2018-05-09 16:08:31 - [TEST_STEP][PASSED] - Statement - s = 1: null

2018-05-09 16:08:31 - [TEST_STEP][PASSED] - delay: Delayed 1 second(s)

2018-05-09 16:08:32 - [MESSAGE][PASSED] - Delayed 1 second(s)

2018-05-09 16:08:32 - [TEST_STEP][PASSED] - selectOptionByIndex: All options with index in [11] are selected on object 'Object Repository/MOH AND GRN/Page_KDMC - CMS/select_--Select--Amikacin -500'

2018-05-09 16:08:32 - [MESSAGE][PASSED] - All options with index in [11] are selected on object 'Object Repository/MOH AND GRN/Page_KDMC - CMS/select_--Select--Amikacin -500'

2018-05-09 16:08:32 - [TEST_STEP][PASSED] - setText: Text '5000' is set on object 'Object Repository/MOH AND GRN/Page_KDMC - CMS/input_txtqty'

2018-05-09 16:08:33 - [MESSAGE][PASSED] - Text '5000' is set on object 'Object Repository/MOH AND GRN/Page_KDMC - CMS/input_txtqty'

2018-05-09 16:08:33 - [TEST_STEP][PASSED] - selectOptionByIndex: All options with index in [1] are selected on object 'Object Repository/MOH AND GRN/Page_KDMC - CMS/select_--Select--No Tax0'

2018-05-09 16:08:33 - [MESSAGE][PASSED] - All options with index in [1] are selected on object 'Object Repository/MOH AND GRN/Page_KDMC - CMS/select_--Select--No Tax0'

2018-05-09 16:08:33 - [TEST_STEP][PASSED] - setText: Finding Test Object with id 'Object Repository/MOH AND GRN/Page_KDMC - CMS/input_txtmrp'

2018-05-09 16:08:33 - [TEST_STEP][PASSED] - Statement - switch (id): Finding Test Object with id 'Object Repository/MOH AND GRN/Page_KDMC - CMS/input_txtdeal'

2018-05-09 16:08:33 - [TEST_STEP][PASSED] - Statement - case 4:: Text '27.0' is set on object 'Object Repository/MOH AND GRN/Page_KDMC - CMS/input_txtmrp'

2018-05-09 16:08:33 - [TEST_STEP][PASSED] - Statement - return (java.lang.Math.floor((java.lang.Math.random() * ((max - min) + 1))) + min): Text '27.0' is set on object 'Object Repository/MOH AND GRN/Page_KDMC - CMS/input_txtmrp'

2018-05-09 16:08:33 - [MESSAGE][PASSED] - Text '27.0' is set on object 'Object Repository/MOH AND GRN/Page_KDMC - CMS/input_txtmrp'

2018-05-09 16:08:33 - [TEST_STEP][PASSED] - setText: Finding Test Object with id 'Object Repository/MOH AND GRN/Page_KDMC - CMS/input_txtdeal'

2018-05-09 16:08:33 - [TEST_STEP][PASSED] - Statement - switch (id): Finding Test Object with id 'Object Repository/MOH AND GRN/Page_KDMC - CMS/input_txtbatchno'

2018-05-09 16:08:33 - [TEST_STEP][PASSED] - Statement - case 5:: Text '8.0' is set on object 'Object Repository/MOH AND GRN/Page_KDMC - CMS/input_txtdeal'

2018-05-09 16:08:33 - [TEST_STEP][PASSED] - Statement - return (java.lang.Math.floor((java.lang.Math.random() * ((max - min) + 1))) + min): Text '8.0' is set on object 'Object Repository/MOH AND GRN/Page_KDMC - CMS/input_txtdeal'

2018-05-09 16:08:33 - [MESSAGE][PASSED] - Text '8.0' is set on object 'Object Repository/MOH AND GRN/Page_KDMC - CMS/input_txtdeal'

2018-05-09 16:08:33 - [TEST_STEP][PASSED] - setText: Finding Test Object with id 'Object Repository/MOH AND GRN/Page_KDMC - CMS/input_txtbatchno'

2018-05-09 16:08:33 - [TEST_STEP][PASSED] - Statement - switch (id): Finding Test Object with id 'Object Repository/MOH AND GRN/Page_KDMC - CMS/input_txtmrp'

2018-05-09 16:08:33 - [TEST_STEP][PASSED] - Statement - case 1:: Text 'BA108.0' is set on object 'Object Repository/MOH AND GRN/Page_KDMC - CMS/input_txtbatchno'

2018-05-09 16:08:33 - [TEST_STEP][PASSED] - Statement - return (java.lang.Math.floor((java.lang.Math.random() * ((max - min) + 1))) + min): Text 'BA108.0' is set on object 'Object Repository/MOH AND GRN/Page_KDMC - CMS/input_txtbatchno'

2018-05-09 16:08:33 - [MESSAGE][PASSED] - Text 'BA108.0' is set on object 'Object Repository/MOH AND GRN/Page_KDMC - CMS/input_txtbatchno'

2018-05-09 16:08:33 - [TEST_STEP][PASSED] - rightClick: Object: 'Object Repository/GRN/Page_KDMC - CMS/input_txtexpdate' is right clicked on

2018-05-09 16:08:33 - [MESSAGE][PASSED] - Object: 'Object Repository/GRN/Page_KDMC - CMS/input_txtexpdate' is right clicked on

2018-05-09 16:08:33 - [TEST_STEP][PASSED] - selectOptionByIndex: All options with index in [1] are selected on object 'Object Repository/GRN/Page_KDMC - CMS/select_20182019202020212022202'

2018-05-09 16:08:33 - [MESSAGE][PASSED] - All options with index in [1] are selected on object 'Object Repository/GRN/Page_KDMC - CMS/select_20182019202020212022202'

2018-05-09 16:08:33 - [TEST_STEP][PASSED] - selectOptionByIndex: All options with index in [1] are selected on object 'Object Repository/GRN/Page_KDMC - CMS/select_JanFebMarAprMayJunJulAu'

2018-05-09 16:08:33 - [MESSAGE][PASSED] - All options with index in [1] are selected on object 'Object Repository/GRN/Page_KDMC - CMS/select_JanFebMarAprMayJunJulAu'

2018-05-09 16:08:33 - [TEST_STEP][PASSED] - click: Object: 'Object Repository/MOH AND GRN/Page_KDMC - CMS/a_12' is clicked on

2018-05-09 16:08:33 - [MESSAGE][PASSED] - Object: 'Object Repository/MOH AND GRN/Page_KDMC - CMS/a_12' is clicked on

2018-05-09 16:08:33 - [TEST_STEP][PASSED] - click: Object: 'Object Repository/MOH AND GRN/Page_KDMC - CMS/input_btnadd' is clicked on

2018-05-09 16:08:33 - [MESSAGE][PASSED] - Object: 'Object Repository/MOH AND GRN/Page_KDMC - CMS/input_btnadd' is clicked on

2018-05-09 16:08:33 - [TEST_STEP][PASSED] - Statement - If (s == 10): null

2018-05-09 16:08:33 - [TEST_STEP][PASSED] - Statement - Else: null

2018-05-09 16:08:33 - [TEST_STEP][PASSED] - Statement - (s++): null

2018-05-09 16:08:33 - [TEST_STEP][PASSED] - delay: Delayed 1 second(s)

2018-05-09 16:08:34 - [MESSAGE][PASSED] - Delayed 1 second(s)

2018-05-09 16:08:34 - [TEST_STEP][PASSED] - selectOptionByIndex: All options with index in [12] are selected on object 'Object Repository/MOH AND GRN/Page_KDMC - CMS/select_--Select--Amikacin -500'

2018-05-09 16:08:35 - [MESSAGE][PASSED] - All options with index in [12] are selected on object 'Object Repository/MOH AND GRN/Page_KDMC - CMS/select_--Select--Amikacin -500'

2018-05-09 16:08:35 - [TEST_STEP][PASSED] - setText: Text '5000' is set on object 'Object Repository/MOH AND GRN/Page_KDMC - CMS/input_txtqty'

2018-05-09 16:08:35 - [MESSAGE][PASSED] - Text '5000' is set on object 'Object Repository/MOH AND GRN/Page_KDMC - CMS/input_txtqty'

2018-05-09 16:08:35 - [TEST_STEP][PASSED] - selectOptionByIndex: All options with index in [1] are selected on object 'Object Repository/MOH AND GRN/Page_KDMC - CMS/select_--Select--No Tax0'

2018-05-09 16:08:35 - [MESSAGE][PASSED] - All options with index in [1] are selected on object 'Object Repository/MOH AND GRN/Page_KDMC - CMS/select_--Select--No Tax0'

2018-05-09 16:08:35 - [TEST_STEP][PASSED] - setText: Finding Test Object with id 'Object Repository/MOH AND GRN/Page_KDMC - CMS/input_txtmrp'

2018-05-09 16:08:35 - [TEST_STEP][PASSED] - Statement - switch (id): Finding Test Object with id 'Object Repository/MOH AND GRN/Page_KDMC - CMS/input_txtdeal'

2018-05-09 16:08:35 - [TEST_STEP][PASSED] - Statement - case 4:: Text '30.0' is set on object 'Object Repository/MOH AND GRN/Page_KDMC - CMS/input_txtmrp'

2018-05-09 16:08:35 - [TEST_STEP][PASSED] - Statement - return (java.lang.Math.floor((java.lang.Math.random() * ((max - min) + 1))) + min): Text '30.0' is set on object 'Object Repository/MOH AND GRN/Page_KDMC - CMS/input_txtmrp'

2018-05-09 16:08:35 - [MESSAGE][PASSED] - Text '30.0' is set on object 'Object Repository/MOH AND GRN/Page_KDMC - CMS/input_txtmrp'

2018-05-09 16:08:35 - [TEST_STEP][PASSED] - setText: Finding Test Object with id 'Object Repository/MOH AND GRN/Page_KDMC - CMS/input_txtdeal'

2018-05-09 16:08:35 - [TEST_STEP][PASSED] - Statement - switch (id): Finding Test Object with id 'Object Repository/MOH AND GRN/Page_KDMC - CMS/input_txtbatchno'

2018-05-09 16:08:35 - [TEST_STEP][PASSED] - Statement - case 5:: Text '6.0' is set on object 'Object Repository/MOH AND GRN/Page_KDMC - CMS/input_txtdeal'

2018-05-09 16:08:35 - [TEST_STEP][PASSED] - Statement - return (java.lang.Math.floor((java.lang.Math.random() * ((max - min) + 1))) + min): Text '6.0' is set on object 'Object Repository/MOH AND GRN/Page_KDMC - CMS/input_txtdeal'

2018-05-09 16:08:35 - [MESSAGE][PASSED] - Text '6.0' is set on object 'Object Repository/MOH AND GRN/Page_KDMC - CMS/input_txtdeal'

2018-05-09 16:08:35 - [TEST_STEP][PASSED] - setText: Finding Test Object with id 'Object Repository/MOH AND GRN/Page_KDMC - CMS/input_txtbatchno'

2018-05-09 16:08:35 - [TEST_STEP][PASSED] - Statement - switch (id): Finding Test Object with id 'Object Repository/MOH AND GRN/Page_KDMC - CMS/input_txtmrp'

2018-05-09 16:08:35 - [TEST_STEP][PASSED] - Statement - case 1:: Text 'BA921.0' is set on object 'Object Repository/MOH AND GRN/Page_KDMC - CMS/input_txtbatchno'

2018-05-09 16:08:35 - [TEST_STEP][PASSED] - Statement - return (java.lang.Math.floor((java.lang.Math.random() * ((max - min) + 1))) + min): Text 'BA921.0' is set on object 'Object Repository/MOH AND GRN/Page_KDMC - CMS/input_txtbatchno'

2018-05-09 16:08:35 - [MESSAGE][PASSED] - Text 'BA921.0' is set on object 'Object Repository/MOH AND GRN/Page_KDMC - CMS/input_txtbatchno'

2018-05-09 16:08:35 - [TEST_STEP][PASSED] - rightClick: Object: 'Object Repository/GRN/Page_KDMC - CMS/input_txtexpdate' is right clicked on

2018-05-09 16:08:35 - [MESSAGE][PASSED] - Object: 'Object Repository/GRN/Page_KDMC - CMS/input_txtexpdate' is right clicked on

2018-05-09 16:08:35 - [TEST_STEP][PASSED] - selectOptionByIndex: All options with index in [2] are selected on object 'Object Repository/GRN/Page_KDMC - CMS/select_20182019202020212022202'

2018-05-09 16:08:35 - [MESSAGE][PASSED] - All options with index in [2] are selected on object 'Object Repository/GRN/Page_KDMC - CMS/select_20182019202020212022202'

2018-05-09 16:08:35 - [TEST_STEP][PASSED] - selectOptionByIndex: All options with index in [2] are selected on object 'Object Repository/GRN/Page_KDMC - CMS/select_JanFebMarAprMayJunJulAu'

2018-05-09 16:08:35 - [MESSAGE][PASSED] - All options with index in [2] are selected on object 'Object Repository/GRN/Page_KDMC - CMS/select_JanFebMarAprMayJunJulAu'

2018-05-09 16:08:35 - [TEST_STEP][PASSED] - click: Object: 'Object Repository/MOH AND GRN/Page_KDMC - CMS/a_12' is clicked on

2018-05-09 16:08:36 - [MESSAGE][PASSED] - Object: 'Object Repository/MOH AND GRN/Page_KDMC - CMS/a_12' is clicked on

2018-05-09 16:08:36 - [TEST_STEP][PASSED] - click: Object: 'Object Repository/MOH AND GRN/Page_KDMC - CMS/input_btnadd' is clicked on

2018-05-09 16:08:36 - [MESSAGE][PASSED] - Object: 'Object Repository/MOH AND GRN/Page_KDMC - CMS/input_btnadd' is clicked on

2018-05-09 16:08:36 - [TEST_STEP][PASSED] - Statement - If (s == 10): null

2018-05-09 16:08:36 - [TEST_STEP][PASSED] - Statement - Else: null

2018-05-09 16:08:36 - [TEST_STEP][PASSED] - Statement - (s++): null

2018-05-09 16:08:36 - [TEST_STEP][PASSED] - delay: Delayed 1 second(s)

2018-05-09 16:08:37 - [MESSAGE][PASSED] - Delayed 1 second(s)

2018-05-09 16:08:37 - [TEST_STEP][PASSED] - selectOptionByIndex: All options with index in [13] are selected on object 'Object Repository/MOH AND GRN/Page_KDMC - CMS/select_--Select--Amikacin -500'

2018-05-09 16:08:37 - [MESSAGE][PASSED] - All options with index in [13] are selected on object 'Object Repository/MOH AND GRN/Page_KDMC - CMS/select_--Select--Amikacin -500'

2018-05-09 16:08:37 - [TEST_STEP][PASSED] - setText: Text '5000' is set on object 'Object Repository/MOH AND GRN/Page_KDMC - CMS/input_txtqty'

2018-05-09 16:08:37 - [MESSAGE][PASSED] - Text '5000' is set on object 'Object Repository/MOH AND GRN/Page_KDMC - CMS/input_txtqty'

2018-05-09 16:08:37 - [TEST_STEP][PASSED] - selectOptionByIndex: All options with index in [1] are selected on object 'Object Repository/MOH AND GRN/Page_KDMC - CMS/select_--Select--No Tax0'

2018-05-09 16:08:37 - [MESSAGE][PASSED] - All options with index in [1] are selected on object 'Object Repository/MOH AND GRN/Page_KDMC - CMS/select_--Select--No Tax0'

2018-05-09 16:08:37 - [TEST_STEP][PASSED] - setText: Finding Test Object with id 'Object Repository/MOH AND GRN/Page_KDMC - CMS/input_txtmrp'

2018-05-09 16:08:37 - [TEST_STEP][PASSED] - Statement - switch (id): Finding Test Object with id 'Object Repository/MOH AND GRN/Page_KDMC - CMS/input_txtdeal'

2018-05-09 16:08:37 - [TEST_STEP][PASSED] - Statement - case 4:: Text '43.0' is set on object 'Object Repository/MOH AND GRN/Page_KDMC - CMS/input_txtmrp'

2018-05-09 16:08:37 - [TEST_STEP][PASSED] - Statement - return (java.lang.Math.floor((java.lang.Math.random() * ((max - min) + 1))) + min): Text '43.0' is set on object 'Object Repository/MOH AND GRN/Page_KDMC - CMS/input_txtmrp'

2018-05-09 16:08:37 - [MESSAGE][PASSED] - Text '43.0' is set on object 'Object Repository/MOH AND GRN/Page_KDMC - CMS/input_txtmrp'

2018-05-09 16:08:37 - [TEST_STEP][PASSED] - setText: Finding Test Object with id 'Object Repository/MOH AND GRN/Page_KDMC - CMS/input_txtdeal'

2018-05-09 16:08:37 - [TEST_STEP][PASSED] - Statement - switch (id): Finding Test Object with id 'Object Repository/MOH AND GRN/Page_KDMC - CMS/input_txtbatchno'

2018-05-09 16:08:37 - [TEST_STEP][PASSED] - Statement - case 5:: Text '11.0' is set on object 'Object Repository/MOH AND GRN/Page_KDMC - CMS/input_txtdeal'

2018-05-09 16:08:37 - [TEST_STEP][PASSED] - Statement - return (java.lang.Math.floor((java.lang.Math.random() * ((max - min) + 1))) + min): Text '11.0' is set on object 'Object Repository/MOH AND GRN/Page_KDMC - CMS/input_txtdeal'

2018-05-09 16:08:37 - [MESSAGE][PASSED] - Text '11.0' is set on object 'Object Repository/MOH AND GRN/Page_KDMC - CMS/input_txtdeal'

2018-05-09 16:08:37 - [TEST_STEP][PASSED] - setText: Finding Test Object with id 'Object Repository/MOH AND GRN/Page_KDMC - CMS/input_txtbatchno'

2018-05-09 16:08:37 - [TEST_STEP][PASSED] - Statement - switch (id): Finding Test Object with id 'Object Repository/MOH AND GRN/Page_KDMC - CMS/input_txtmrp'

2018-05-09 16:08:37 - [TEST_STEP][PASSED] - Statement - case 1:: Text 'BA165.0' is set on object 'Object Repository/MOH AND GRN/Page_KDMC - CMS/input_txtbatchno'

2018-05-09 16:08:37 - [TEST_STEP][PASSED] - Statement - return (java.lang.Math.floor((java.lang.Math.random() * ((max - min) + 1))) + min): Text 'BA165.0' is set on object 'Object Repository/MOH AND GRN/Page_KDMC - CMS/input_txtbatchno'

2018-05-09 16:08:37 - [MESSAGE][PASSED] - Text 'BA165.0' is set on object 'Object Repository/MOH AND GRN/Page_KDMC - CMS/input_txtbatchno'

2018-05-09 16:08:37 - [TEST_STEP][PASSED] - rightClick: Object: 'Object Repository/GRN/Page_KDMC - CMS/input_txtexpdate' is right clicked on

2018-05-09 16:08:37 - [MESSAGE][PASSED] - Object: 'Object Repository/GRN/Page_KDMC - CMS/input_txtexpdate' is right clicked on

2018-05-09 16:08:37 - [TEST_STEP][PASSED] - selectOptionByIndex: All options with index in [3] are selected on object 'Object Repository/GRN/Page_KDMC - CMS/select_20182019202020212022202'

2018-05-09 16:08:38 - [MESSAGE][PASSED] - All options with index in [3] are selected on object 'Object Repository/GRN/Page_KDMC - CMS/select_20182019202020212022202'

2018-05-09 16:08:38 - [TEST_STEP][PASSED] - selectOptionByIndex: All options with index in [3] are selected on object 'Object Repository/GRN/Page_KDMC - CMS/select_JanFebMarAprMayJunJulAu'

2018-05-09 16:08:38 - [MESSAGE][PASSED] - All options with index in [3] are selected on object 'Object Repository/GRN/Page_KDMC - CMS/select_JanFebMarAprMayJunJulAu'

2018-05-09 16:08:38 - [TEST_STEP][PASSED] - click: Object: 'Object Repository/MOH AND GRN/Page_KDMC - CMS/a_12' is clicked on

2018-05-09 16:08:38 - [MESSAGE][PASSED] - Object: 'Object Repository/MOH AND GRN/Page_KDMC - CMS/a_12' is clicked on

2018-05-09 16:08:38 - [TEST_STEP][PASSED] - click: Object: 'Object Repository/MOH AND GRN/Page_KDMC - CMS/input_btnadd' is clicked on

2018-05-09 16:08:38 - [MESSAGE][PASSED] - Object: 'Object Repository/MOH AND GRN/Page_KDMC - CMS/input_btnadd' is clicked on

2018-05-09 16:08:38 - [TEST_STEP][PASSED] - Statement - If (s == 10): null

2018-05-09 16:08:38 - [TEST_STEP][PASSED] - Statement - Else: null

2018-05-09 16:08:38 - [TEST_STEP][PASSED] - Statement - (s++): null

2018-05-09 16:08:38 - [TEST_STEP][PASSED] - delay: Delayed 1 second(s)

2018-05-09 16:08:39 - [MESSAGE][PASSED] - Delayed 1 second(s)

2018-05-09 16:08:39 - [TEST_STEP][PASSED] - selectOptionByIndex: All options with index in [14] are selected on object 'Object Repository/MOH AND GRN/Page_KDMC - CMS/select_--Select--Amikacin -500'

2018-05-09 16:08:39 - [MESSAGE][PASSED] - All options with index in [14] are selected on object 'Object Repository/MOH AND GRN/Page_KDMC - CMS/select_--Select--Amikacin -500'

2018-05-09 16:08:39 - [TEST_STEP][PASSED] - setText: Text '5000' is set on object 'Object Repository/MOH AND GRN/Page_KDMC - CMS/input_txtqty'

2018-05-09 16:08:39 - [MESSAGE][PASSED] - Text '5000' is set on object 'Object Repository/MOH AND GRN/Page_KDMC - CMS/input_txtqty'

2018-05-09 16:08:39 - [TEST_STEP][PASSED] - selectOptionByIndex: All options with index in [1] are selected on object 'Object Repository/MOH AND GRN/Page_KDMC - CMS/select_--Select--No Tax0'

2018-05-09 16:08:39 - [MESSAGE][PASSED] - All options with index in [1] are selected on object 'Object Repository/MOH AND GRN/Page_KDMC - CMS/select_--Select--No Tax0'

2018-05-09 16:08:39 - [TEST_STEP][PASSED] - setText: Finding Test Object with id 'Object Repository/MOH AND GRN/Page_KDMC - CMS/input_txtmrp'

2018-05-09 16:08:39 - [TEST_STEP][PASSED] - Statement - switch (id): Finding Test Object with id 'Object Repository/MOH AND GRN/Page_KDMC - CMS/input_txtdeal'

2018-05-09 16:08:39 - [TEST_STEP][PASSED] - Statement - case 4:: Text '37.0' is set on object 'Object Repository/MOH AND GRN/Page_KDMC - CMS/input_txtmrp'

2018-05-09 16:08:39 - [TEST_STEP][PASSED] - Statement - return (java.lang.Math.floor((java.lang.Math.random() * ((max - min) + 1))) + min): Text '37.0' is set on object 'Object Repository/MOH AND GRN/Page_KDMC - CMS/input_txtmrp'

2018-05-09 16:08:39 - [MESSAGE][PASSED] - Text '37.0' is set on object 'Object Repository/MOH AND GRN/Page_KDMC - CMS/input_txtmrp'

2018-05-09 16:08:39 - [TEST_STEP][PASSED] - setText: Finding Test Object with id 'Object Repository/MOH AND GRN/Page_KDMC - CMS/input_txtdeal'

2018-05-09 16:08:39 - [TEST_STEP][PASSED] - Statement - switch (id): Finding Test Object with id 'Object Repository/MOH AND GRN/Page_KDMC - CMS/input_txtbatchno'

2018-05-09 16:08:39 - [TEST_STEP][PASSED] - Statement - case 5:: Text '12.0' is set on object 'Object Repository/MOH AND GRN/Page_KDMC - CMS/input_txtdeal'

2018-05-09 16:08:39 - [TEST_STEP][PASSED] - Statement - return (java.lang.Math.floor((java.lang.Math.random() * ((max - min) + 1))) + min): Text '12.0' is set on object 'Object Repository/MOH AND GRN/Page_KDMC - CMS/input_txtdeal'

2018-05-09 16:08:40 - [MESSAGE][PASSED] - Text '12.0' is set on object 'Object Repository/MOH AND GRN/Page_KDMC - CMS/input_txtdeal'

2018-05-09 16:08:40 - [TEST_STEP][PASSED] - setText: Finding Test Object with id 'Object Repository/MOH AND GRN/Page_KDMC - CMS/input_txtbatchno'

2018-05-09 16:08:40 - [TEST_STEP][PASSED] - Statement - switch (id): Finding Test Object with id 'Object Repository/MOH AND GRN/Page_KDMC - CMS/input_txtmrp'

2018-05-09 16:08:40 - [TEST_STEP][PASSED] - Statement - case 1:: Text 'BA614.0' is set on object 'Object Repository/MOH AND GRN/Page_KDMC - CMS/input_txtbatchno'

2018-05-09 16:08:40 - [TEST_STEP][PASSED] - Statement - return (java.lang.Math.floor((java.lang.Math.random() * ((max - min) + 1))) + min): Text 'BA614.0' is set on object 'Object Repository/MOH AND GRN/Page_KDMC - CMS/input_txtbatchno'

2018-05-09 16:08:40 - [MESSAGE][PASSED] - Text 'BA614.0' is set on object 'Object Repository/MOH AND GRN/Page_KDMC - CMS/input_txtbatchno'

2018-05-09 16:08:40 - [TEST_STEP][PASSED] - rightClick: Object: 'Object Repository/GRN/Page_KDMC - CMS/input_txtexpdate' is right clicked on

2018-05-09 16:08:40 - [MESSAGE][PASSED] - Object: 'Object Repository/GRN/Page_KDMC - CMS/input_txtexpdate' is right clicked on

2018-05-09 16:08:40 - [TEST_STEP][PASSED] - selectOptionByIndex: All options with index in [4] are selected on object 'Object Repository/GRN/Page_KDMC - CMS/select_20182019202020212022202'

2018-05-09 16:08:40 - [MESSAGE][PASSED] - All options with index in [4] are selected on object 'Object Repository/GRN/Page_KDMC - CMS/select_20182019202020212022202'

2018-05-09 16:08:40 - [TEST_STEP][PASSED] - selectOptionByIndex: All options with index in [4] are selected on object 'Object Repository/GRN/Page_KDMC - CMS/select_JanFebMarAprMayJunJulAu'

2018-05-09 16:08:40 - [MESSAGE][PASSED] - All options with index in [4] are selected on object 'Object Repository/GRN/Page_KDMC - CMS/select_JanFebMarAprMayJunJulAu'

2018-05-09 16:08:40 - [TEST_STEP][PASSED] - click: Object: 'Object Repository/MOH AND GRN/Page_KDMC - CMS/a_12' is clicked on

2018-05-09 16:08:40 - [MESSAGE][PASSED] - Object: 'Object Repository/MOH AND GRN/Page_KDMC - CMS/a_12' is clicked on

2018-05-09 16:08:40 - [TEST_STEP][PASSED] - click: Object: 'Object Repository/MOH AND GRN/Page_KDMC - CMS/input_btnadd' is clicked on

2018-05-09 16:08:40 - [MESSAGE][PASSED] - Object: 'Object Repository/MOH AND GRN/Page_KDMC - CMS/input_btnadd' is clicked on

2018-05-09 16:08:40 - [TEST_STEP][PASSED] - Statement - If (s == 10): null

2018-05-09 16:08:40 - [TEST_STEP][PASSED] - Statement - Else: null

2018-05-09 16:08:40 - [TEST_STEP][PASSED] - Statement - (s++): null

2018-05-09 16:08:40 - [TEST_STEP][PASSED] - delay: Delayed 1 second(s)

2018-05-09 16:08:41 - [MESSAGE][PASSED] - Delayed 1 second(s)

2018-05-09 16:08:41 - [TEST_STEP][PASSED] - selectOptionByIndex: All options with index in [15] are selected on object 'Object Repository/MOH AND GRN/Page_KDMC - CMS/select_--Select--Amikacin -500'

2018-05-09 16:08:41 - [MESSAGE][PASSED] - All options with index in [15] are selected on object 'Object Repository/MOH AND GRN/Page_KDMC - CMS/select_--Select--Amikacin -500'

2018-05-09 16:08:41 - [TEST_STEP][PASSED] - setText: Text '5000' is set on object 'Object Repository/MOH AND GRN/Page_KDMC - CMS/input_txtqty'

2018-05-09 16:08:42 - [MESSAGE][PASSED] - Text '5000' is set on object 'Object Repository/MOH AND GRN/Page_KDMC - CMS/input_txtqty'

2018-05-09 16:08:42 - [TEST_STEP][PASSED] - selectOptionByIndex: All options with index in [1] are selected on object 'Object Repository/MOH AND GRN/Page_KDMC - CMS/select_--Select--No Tax0'

2018-05-09 16:08:42 - [MESSAGE][PASSED] - All options with index in [1] are selected on object 'Object Repository/MOH AND GRN/Page_KDMC - CMS/select_--Select--No Tax0'

2018-05-09 16:08:42 - [TEST_STEP][PASSED] - setText: Finding Test Object with id 'Object Repository/MOH AND GRN/Page_KDMC - CMS/input_txtmrp'

2018-05-09 16:08:42 - [TEST_STEP][PASSED] - Statement - switch (id): Finding Test Object with id 'Object Repository/MOH AND GRN/Page_KDMC - CMS/input_txtdeal'

2018-05-09 16:08:42 - [TEST_STEP][PASSED] - Statement - case 4:: Text '25.0' is set on object 'Object Repository/MOH AND GRN/Page_KDMC - CMS/input_txtmrp'

2018-05-09 16:08:42 - [TEST_STEP][PASSED] - Statement - return (java.lang.Math.floor((java.lang.Math.random() * ((max - min) + 1))) + min): Text '25.0' is set on object 'Object Repository/MOH AND GRN/Page_KDMC - CMS/input_txtmrp'

2018-05-09 16:08:42 - [MESSAGE][PASSED] - Text '25.0' is set on object 'Object Repository/MOH AND GRN/Page_KDMC - CMS/input_txtmrp'

2018-05-09 16:08:42 - [TEST_STEP][PASSED] - setText: Finding Test Object with id 'Object Repository/MOH AND GRN/Page_KDMC - CMS/input_txtdeal'

2018-05-09 16:08:42 - [TEST_STEP][PASSED] - Statement - switch (id): Finding Test Object with id 'Object Repository/MOH AND GRN/Page_KDMC - CMS/input_txtbatchno'

2018-05-09 16:08:42 - [TEST_STEP][PASSED] - Statement - case 5:: Text '6.0' is set on object 'Object Repository/MOH AND GRN/Page_KDMC - CMS/input_txtdeal'

2018-05-09 16:08:42 - [TEST_STEP][PASSED] - Statement - return (java.lang.Math.floor((java.lang.Math.random() * ((max - min) + 1))) + min): Text '6.0' is set on object 'Object Repository/MOH AND GRN/Page_KDMC - CMS/input_txtdeal'

2018-05-09 16:08:42 - [MESSAGE][PASSED] - Text '6.0' is set on object 'Object Repository/MOH AND GRN/Page_KDMC - CMS/input_txtdeal'

2018-05-09 16:08:42 - [TEST_STEP][PASSED] - setText: Finding Test Object with id 'Object Repository/MOH AND GRN/Page_KDMC - CMS/input_txtbatchno'

2018-05-09 16:08:42 - [TEST_STEP][PASSED] - Statement - switch (id): Finding Test Object with id 'Object Repository/MOH AND GRN/Page_KDMC - CMS/input_txtmrp'

2018-05-09 16:08:42 - [TEST_STEP][PASSED] - Statement - case 1:: Text 'BA158.0' is set on object 'Object Repository/MOH AND GRN/Page_KDMC - CMS/input_txtbatchno'

2018-05-09 16:08:42 - [TEST_STEP][PASSED] - Statement - return (java.lang.Math.floor((java.lang.Math.random() * ((max - min) + 1))) + min): Text 'BA158.0' is set on object 'Object Repository/MOH AND GRN/Page_KDMC - CMS/input_txtbatchno'

2018-05-09 16:08:42 - [MESSAGE][PASSED] - Text 'BA158.0' is set on object 'Object Repository/MOH AND GRN/Page_KDMC - CMS/input_txtbatchno'

2018-05-09 16:08:42 - [TEST_STEP][PASSED] - rightClick: Object: 'Object Repository/GRN/Page_KDMC - CMS/input_txtexpdate' is right clicked on

2018-05-09 16:08:42 - [MESSAGE][PASSED] - Object: 'Object Repository/GRN/Page_KDMC - CMS/input_txtexpdate' is right clicked on

2018-05-09 16:08:42 - [TEST_STEP][PASSED] - selectOptionByIndex: All options with index in [5] are selected on object 'Object Repository/GRN/Page_KDMC - CMS/select_20182019202020212022202'

2018-05-09 16:08:42 - [MESSAGE][PASSED] - All options with index in [5] are selected on object 'Object Repository/GRN/Page_KDMC - CMS/select_20182019202020212022202'

2018-05-09 16:08:42 - [TEST_STEP][PASSED] - selectOptionByIndex: All options with index in [5] are selected on object 'Object Repository/GRN/Page_KDMC - CMS/select_JanFebMarAprMayJunJulAu'

2018-05-09 16:08:42 - [MESSAGE][PASSED] - All options with index in [5] are selected on object 'Object Repository/GRN/Page_KDMC - CMS/select_JanFebMarAprMayJunJulAu'

2018-05-09 16:08:42 - [TEST_STEP][PASSED] - click: Object: 'Object Repository/MOH AND GRN/Page_KDMC - CMS/a_12' is clicked on

2018-05-09 16:08:42 - [MESSAGE][PASSED] - Object: 'Object Repository/MOH AND GRN/Page_KDMC - CMS/a_12' is clicked on

2018-05-09 16:08:42 - [TEST_STEP][PASSED] - click: Object: 'Object Repository/MOH AND GRN/Page_KDMC - CMS/input_btnadd' is clicked on

2018-05-09 16:08:42 - [MESSAGE][PASSED] - Object: 'Object Repository/MOH AND GRN/Page_KDMC - CMS/input_btnadd' is clicked on

2018-05-09 16:08:42 - [TEST_STEP][PASSED] - Statement - If (s == 10): null

2018-05-09 16:08:42 - [TEST_STEP][PASSED] - Statement - Else: null

2018-05-09 16:08:42 - [TEST_STEP][PASSED] - Statement - (s++): null

2018-05-09 16:08:42 - [TEST_STEP][PASSED] - delay: Delayed 1 second(s)

2018-05-09 16:08:43 - [MESSAGE][PASSED] - Delayed 1 second(s)

2018-05-09 16:08:43 - [TEST_STEP][PASSED] - selectOptionByIndex: All options with index in [16] are selected on object 'Object Repository/MOH AND GRN/Page_KDMC - CMS/select_--Select--Amikacin -500'

2018-05-09 16:08:44 - [MESSAGE][PASSED] - All options with index in [16] are selected on object 'Object Repository/MOH AND GRN/Page_KDMC - CMS/select_--Select--Amikacin -500'

2018-05-09 16:08:44 - [TEST_STEP][PASSED] - setText: Text '5000' is set on object 'Object Repository/MOH AND GRN/Page_KDMC - CMS/input_txtqty'

2018-05-09 16:08:44 - [MESSAGE][PASSED] - Text '5000' is set on object 'Object Repository/MOH AND GRN/Page_KDMC - CMS/input_txtqty'

2018-05-09 16:08:44 - [TEST_STEP][PASSED] - selectOptionByIndex: All options with index in [1] are selected on object 'Object Repository/MOH AND GRN/Page_KDMC - CMS/select_--Select--No Tax0'

2018-05-09 16:08:44 - [MESSAGE][PASSED] - All options with index in [1] are selected on object 'Object Repository/MOH AND GRN/Page_KDMC - CMS/select_--Select--No Tax0'

2018-05-09 16:08:44 - [TEST_STEP][PASSED] - setText: Finding Test Object with id 'Object Repository/MOH AND GRN/Page_KDMC - CMS/input_txtmrp'

2018-05-09 16:08:44 - [TEST_STEP][PASSED] - Statement - switch (id): Finding Test Object with id 'Object Repository/MOH AND GRN/Page_KDMC - CMS/input_txtdeal'

2018-05-09 16:08:44 - [TEST_STEP][PASSED] - Statement - case 4:: Text '34.0' is set on object 'Object Repository/MOH AND GRN/Page_KDMC - CMS/input_txtmrp'

2018-05-09 16:08:44 - [TEST_STEP][PASSED] - Statement - return (java.lang.Math.floor((java.lang.Math.random() * ((max - min) + 1))) + min): Text '34.0' is set on object 'Object Repository/MOH AND GRN/Page_KDMC - CMS/input_txtmrp'

2018-05-09 16:08:44 - [MESSAGE][PASSED] - Text '34.0' is set on object 'Object Repository/MOH AND GRN/Page_KDMC - CMS/input_txtmrp'

2018-05-09 16:08:44 - [TEST_STEP][PASSED] - setText: Finding Test Object with id 'Object Repository/MOH AND GRN/Page_KDMC - CMS/input_txtdeal'

2018-05-09 16:08:44 - [TEST_STEP][PASSED] - Statement - switch (id): Finding Test Object with id 'Object Repository/MOH AND GRN/Page_KDMC - CMS/input_txtbatchno'

2018-05-09 16:08:44 - [TEST_STEP][PASSED] - Statement - case 5:: Text '8.0' is set on object 'Object Repository/MOH AND GRN/Page_KDMC - CMS/input_txtdeal'

2018-05-09 16:08:44 - [TEST_STEP][PASSED] - Statement - return (java.lang.Math.floor((java.lang.Math.random() * ((max - min) + 1))) + min): Text '8.0' is set on object 'Object Repository/MOH AND GRN/Page_KDMC - CMS/input_txtdeal'

2018-05-09 16:08:44 - [MESSAGE][PASSED] - Text '8.0' is set on object 'Object Repository/MOH AND GRN/Page_KDMC - CMS/input_txtdeal'

2018-05-09 16:08:44 - [TEST_STEP][PASSED] - setText: Finding Test Object with id 'Object Repository/MOH AND GRN/Page_KDMC - CMS/input_txtbatchno'

2018-05-09 16:08:44 - [TEST_STEP][PASSED] - Statement - switch (id): Finding Test Object with id 'Object Repository/MOH AND GRN/Page_KDMC - CMS/input_txtmrp'

2018-05-09 16:08:44 - [TEST_STEP][PASSED] - Statement - case 1:: Text 'BA970.0' is set on object 'Object Repository/MOH AND GRN/Page_KDMC - CMS/input_txtbatchno'

2018-05-09 16:08:44 - [TEST_STEP][PASSED] - Statement - return (java.lang.Math.floor((java.lang.Math.random() * ((max - min) + 1))) + min): Text 'BA970.0' is set on object 'Object Repository/MOH AND GRN/Page_KDMC - CMS/input_txtbatchno'

2018-05-09 16:08:44 - [MESSAGE][PASSED] - Text 'BA970.0' is set on object 'Object Repository/MOH AND GRN/Page_KDMC - CMS/input_txtbatchno'

2018-05-09 16:08:44 - [TEST_STEP][PASSED] - rightClick: Object: 'Object Repository/GRN/Page_KDMC - CMS/input_txtexpdate' is right clicked on

2018-05-09 16:08:44 - [MESSAGE][PASSED] - Object: 'Object Repository/GRN/Page_KDMC - CMS/input_txtexpdate' is right clicked on

2018-05-09 16:08:44 - [TEST_STEP][PASSED] - selectOptionByIndex: All options with index in [6] are selected on object 'Object Repository/GRN/Page_KDMC - CMS/select_20182019202020212022202'

2018-05-09 16:08:45 - [MESSAGE][PASSED] - All options with index in [6] are selected on object 'Object Repository/GRN/Page_KDMC - CMS/select_20182019202020212022202'

2018-05-09 16:08:45 - [TEST_STEP][PASSED] - selectOptionByIndex: All options with index in [6] are selected on object 'Object Repository/GRN/Page_KDMC - CMS/select_JanFebMarAprMayJunJulAu'

2018-05-09 16:08:45 - [MESSAGE][PASSED] - All options with index in [6] are selected on object 'Object Repository/GRN/Page_KDMC - CMS/select_JanFebMarAprMayJunJulAu'

2018-05-09 16:08:45 - [TEST_STEP][PASSED] - click: Object: 'Object Repository/MOH AND GRN/Page_KDMC - CMS/a_12' is clicked on

2018-05-09 16:08:45 - [MESSAGE][PASSED] - Object: 'Object Repository/MOH AND GRN/Page_KDMC - CMS/a_12' is clicked on

2018-05-09 16:08:45 - [TEST_STEP][PASSED] - click: Object: 'Object Repository/MOH AND GRN/Page_KDMC - CMS/input_btnadd' is clicked on

2018-05-09 16:08:45 - [MESSAGE][PASSED] - Object: 'Object Repository/MOH AND GRN/Page_KDMC - CMS/input_btnadd' is clicked on

2018-05-09 16:08:45 - [TEST_STEP][PASSED] - Statement - If (s == 10): null

2018-05-09 16:08:45 - [TEST_STEP][PASSED] - Statement - Else: null

2018-05-09 16:08:45 - [TEST_STEP][PASSED] - Statement - (s++): null

2018-05-09 16:08:45 - [TEST_STEP][PASSED] - delay: Delayed 1 second(s)

2018-05-09 16:08:46 - [MESSAGE][PASSED] - Delayed 1 second(s)

2018-05-09 16:08:46 - [TEST_STEP][PASSED] - selectOptionByIndex: All options with index in [17] are selected on object 'Object Repository/MOH AND GRN/Page_KDMC - CMS/select_--Select--Amikacin -500'

2018-05-09 16:08:46 - [MESSAGE][PASSED] - All options with index in [17] are selected on object 'Object Repository/MOH AND GRN/Page_KDMC - CMS/select_--Select--Amikacin -500'

2018-05-09 16:08:46 - [TEST_STEP][PASSED] - setText: Text '5000' is set on object 'Object Repository/MOH AND GRN/Page_KDMC - CMS/input_txtqty'

2018-05-09 16:08:46 - [MESSAGE][PASSED] - Text '5000' is set on object 'Object Repository/MOH AND GRN/Page_KDMC - CMS/input_txtqty'

2018-05-09 16:08:46 - [TEST_STEP][PASSED] - selectOptionByIndex: All options with index in [1] are selected on object 'Object Repository/MOH AND GRN/Page_KDMC - CMS/select_--Select--No Tax0'

2018-05-09 16:08:46 - [MESSAGE][PASSED] - All options with index in [1] are selected on object 'Object Repository/MOH AND GRN/Page_KDMC - CMS/select_--Select--No Tax0'

2018-05-09 16:08:46 - [TEST_STEP][PASSED] - setText: Finding Test Object with id 'Object Repository/MOH AND GRN/Page_KDMC - CMS/input_txtmrp'

2018-05-09 16:08:46 - [TEST_STEP][PASSED] - Statement - switch (id): Finding Test Object with id 'Object Repository/MOH AND GRN/Page_KDMC - CMS/input_txtdeal'

2018-05-09 16:08:46 - [TEST_STEP][PASSED] - Statement - case 4:: Text '36.0' is set on object 'Object Repository/MOH AND GRN/Page_KDMC - CMS/input_txtmrp'

2018-05-09 16:08:46 - [TEST_STEP][PASSED] - Statement - return (java.lang.Math.floor((java.lang.Math.random() * ((max - min) + 1))) + min): Text '36.0' is set on object 'Object Repository/MOH AND GRN/Page_KDMC - CMS/input_txtmrp'

2018-05-09 16:08:46 - [MESSAGE][PASSED] - Text '36.0' is set on object 'Object Repository/MOH AND GRN/Page_KDMC - CMS/input_txtmrp'

2018-05-09 16:08:46 - [TEST_STEP][PASSED] - setText: Finding Test Object with id 'Object Repository/MOH AND GRN/Page_KDMC - CMS/input_txtdeal'

2018-05-09 16:08:46 - [TEST_STEP][PASSED] - Statement - switch (id): Finding Test Object with id 'Object Repository/MOH AND GRN/Page_KDMC - CMS/input_txtbatchno'

2018-05-09 16:08:46 - [TEST_STEP][PASSED] - Statement - case 5:: Text '5.0' is set on object 'Object Repository/MOH AND GRN/Page_KDMC - CMS/input_txtdeal'

2018-05-09 16:08:46 - [TEST_STEP][PASSED] - Statement - return (java.lang.Math.floor((java.lang.Math.random() * ((max - min) + 1))) + min): Text '5.0' is set on object 'Object Repository/MOH AND GRN/Page_KDMC - CMS/input_txtdeal'

2018-05-09 16:08:47 - [MESSAGE][PASSED] - Text '5.0' is set on object 'Object Repository/MOH AND GRN/Page_KDMC - CMS/input_txtdeal'

2018-05-09 16:08:47 - [TEST_STEP][PASSED] - setText: Finding Test Object with id 'Object Repository/MOH AND GRN/Page_KDMC - CMS/input_txtbatchno'

2018-05-09 16:08:47 - [TEST_STEP][PASSED] - Statement - switch (id): Finding Test Object with id 'Object Repository/MOH AND GRN/Page_KDMC - CMS/input_txtmrp'

2018-05-09 16:08:47 - [TEST_STEP][PASSED] - Statement - case 1:: Text 'BA147.0' is set on object 'Object Repository/MOH AND GRN/Page_KDMC - CMS/input_txtbatchno'

2018-05-09 16:08:47 - [TEST_STEP][PASSED] - Statement - return (java.lang.Math.floor((java.lang.Math.random() * ((max - min) + 1))) + min): Text 'BA147.0' is set on object 'Object Repository/MOH AND GRN/Page_KDMC - CMS/input_txtbatchno'

2018-05-09 16:08:47 - [MESSAGE][PASSED] - Text 'BA147.0' is set on object 'Object Repository/MOH AND GRN/Page_KDMC - CMS/input_txtbatchno'

2018-05-09 16:08:47 - [TEST_STEP][PASSED] - rightClick: Object: 'Object Repository/GRN/Page_KDMC - CMS/input_txtexpdate' is right clicked on

2018-05-09 16:08:47 - [MESSAGE][PASSED] - Object: 'Object Repository/GRN/Page_KDMC - CMS/input_txtexpdate' is right clicked on

2018-05-09 16:08:47 - [TEST_STEP][PASSED] - selectOptionByIndex: All options with index in [7] are selected on object 'Object Repository/GRN/Page_KDMC - CMS/select_20182019202020212022202'

2018-05-09 16:08:47 - [MESSAGE][PASSED] - All options with index in [7] are selected on object 'Object Repository/GRN/Page_KDMC - CMS/select_20182019202020212022202'

2018-05-09 16:08:47 - [TEST_STEP][PASSED] - selectOptionByIndex: All options with index in [7] are selected on object 'Object Repository/GRN/Page_KDMC - CMS/select_JanFebMarAprMayJunJulAu'

2018-05-09 16:08:47 - [MESSAGE][PASSED] - All options with index in [7] are selected on object 'Object Repository/GRN/Page_KDMC - CMS/select_JanFebMarAprMayJunJulAu'

2018-05-09 16:08:47 - [TEST_STEP][PASSED] - click: Object: 'Object Repository/MOH AND GRN/Page_KDMC - CMS/a_12' is clicked on

2018-05-09 16:08:47 - [MESSAGE][PASSED] - Object: 'Object Repository/MOH AND GRN/Page_KDMC - CMS/a_12' is clicked on

2018-05-09 16:08:47 - [TEST_STEP][PASSED] - click: Object: 'Object Repository/MOH AND GRN/Page_KDMC - CMS/input_btnadd' is clicked on

2018-05-09 16:08:47 - [MESSAGE][PASSED] - Object: 'Object Repository/MOH AND GRN/Page_KDMC - CMS/input_btnadd' is clicked on

2018-05-09 16:08:47 - [TEST_STEP][PASSED] - Statement - If (s == 10): null

2018-05-09 16:08:47 - [TEST_STEP][PASSED] - Statement - Else: null

2018-05-09 16:08:47 - [TEST_STEP][PASSED] - Statement - (s++): null

2018-05-09 16:08:47 - [TEST_STEP][PASSED] - delay: Delayed 1 second(s)

2018-05-09 16:08:48 - [MESSAGE][PASSED] - Delayed 1 second(s)

2018-05-09 16:08:48 - [TEST_STEP][PASSED] - selectOptionByIndex: All options with index in [18] are selected on object 'Object Repository/MOH AND GRN/Page_KDMC - CMS/select_--Select--Amikacin -500'

2018-05-09 16:08:48 - [MESSAGE][PASSED] - All options with index in [18] are selected on object 'Object Repository/MOH AND GRN/Page_KDMC - CMS/select_--Select--Amikacin -500'

2018-05-09 16:08:48 - [TEST_STEP][PASSED] - setText: Text '5000' is set on object 'Object Repository/MOH AND GRN/Page_KDMC - CMS/input_txtqty'

2018-05-09 16:08:49 - [MESSAGE][PASSED] - Text '5000' is set on object 'Object Repository/MOH AND GRN/Page_KDMC - CMS/input_txtqty'

2018-05-09 16:08:49 - [TEST_STEP][PASSED] - selectOptionByIndex: All options with index in [1] are selected on object 'Object Repository/MOH AND GRN/Page_KDMC - CMS/select_--Select--No Tax0'

2018-05-09 16:08:49 - [MESSAGE][PASSED] - All options with index in [1] are selected on object 'Object Repository/MOH AND GRN/Page_KDMC - CMS/select_--Select--No Tax0'

2018-05-09 16:08:49 - [TEST_STEP][PASSED] - setText: Finding Test Object with id 'Object Repository/MOH AND GRN/Page_KDMC - CMS/input_txtmrp'

2018-05-09 16:08:49 - [TEST_STEP][PASSED] - Statement - switch (id): Finding Test Object with id 'Object Repository/MOH AND GRN/Page_KDMC - CMS/input_txtdeal'

2018-05-09 16:08:49 - [TEST_STEP][PASSED] - Statement - case 4:: Text '19.0' is set on object 'Object Repository/MOH AND GRN/Page_KDMC - CMS/input_txtmrp'

2018-05-09 16:08:49 - [TEST_STEP][PASSED] - Statement - return (java.lang.Math.floor((java.lang.Math.random() * ((max - min) + 1))) + min): Text '19.0' is set on object 'Object Repository/MOH AND GRN/Page_KDMC - CMS/input_txtmrp'

2018-05-09 16:08:49 - [MESSAGE][PASSED] - Text '19.0' is set on object 'Object Repository/MOH AND GRN/Page_KDMC - CMS/input_txtmrp'

2018-05-09 16:08:49 - [TEST_STEP][PASSED] - setText: Finding Test Object with id 'Object Repository/MOH AND GRN/Page_KDMC - CMS/input_txtdeal'

2018-05-09 16:08:49 - [TEST_STEP][PASSED] - Statement - switch (id): Finding Test Object with id 'Object Repository/MOH AND GRN/Page_KDMC - CMS/input_txtbatchno'

2018-05-09 16:08:49 - [TEST_STEP][PASSED] - Statement - case 5:: Text '11.0' is set on object 'Object Repository/MOH AND GRN/Page_KDMC - CMS/input_txtdeal'

2018-05-09 16:08:49 - [TEST_STEP][PASSED] - Statement - return (java.lang.Math.floor((java.lang.Math.random() * ((max - min) + 1))) + min): Text '11.0' is set on object 'Object Repository/MOH AND GRN/Page_KDMC - CMS/input_txtdeal'

2018-05-09 16:08:49 - [MESSAGE][PASSED] - Text '11.0' is set on object 'Object Repository/MOH AND GRN/Page_KDMC - CMS/input_txtdeal'

2018-05-09 16:08:49 - [TEST_STEP][PASSED] - setText: Finding Test Object with id 'Object Repository/MOH AND GRN/Page_KDMC - CMS/input_txtbatchno'

2018-05-09 16:08:49 - [TEST_STEP][PASSED] - Statement - switch (id): Finding Test Object with id 'Object Repository/MOH AND GRN/Page_KDMC - CMS/input_txtmrp'

2018-05-09 16:08:49 - [TEST_STEP][PASSED] - Statement - case 1:: Text 'BA420.0' is set on object 'Object Repository/MOH AND GRN/Page_KDMC - CMS/input_txtbatchno'

2018-05-09 16:08:49 - [TEST_STEP][PASSED] - Statement - return (java.lang.Math.floor((java.lang.Math.random() * ((max - min) + 1))) + min): Text 'BA420.0' is set on object 'Object Repository/MOH AND GRN/Page_KDMC - CMS/input_txtbatchno'

2018-05-09 16:08:49 - [MESSAGE][PASSED] - Text 'BA420.0' is set on object 'Object Repository/MOH AND GRN/Page_KDMC - CMS/input_txtbatchno'

2018-05-09 16:08:49 - [TEST_STEP][PASSED] - rightClick: Object: 'Object Repository/GRN/Page_KDMC - CMS/input_txtexpdate' is right clicked on

2018-05-09 16:08:49 - [MESSAGE][PASSED] - Object: 'Object Repository/GRN/Page_KDMC - CMS/input_txtexpdate' is right clicked on

2018-05-09 16:08:49 - [TEST_STEP][PASSED] - selectOptionByIndex: All options with index in [8] are selected on object 'Object Repository/GRN/Page_KDMC - CMS/select_20182019202020212022202'

2018-05-09 16:08:49 - [MESSAGE][PASSED] - All options with index in [8] are selected on object 'Object Repository/GRN/Page_KDMC - CMS/select_20182019202020212022202'

2018-05-09 16:08:49 - [TEST_STEP][PASSED] - selectOptionByIndex: All options with index in [8] are selected on object 'Object Repository/GRN/Page_KDMC - CMS/select_JanFebMarAprMayJunJulAu'

2018-05-09 16:08:49 - [MESSAGE][PASSED] - All options with index in [8] are selected on object 'Object Repository/GRN/Page_KDMC - CMS/select_JanFebMarAprMayJunJulAu'

2018-05-09 16:08:49 - [TEST_STEP][PASSED] - click: Object: 'Object Repository/MOH AND GRN/Page_KDMC - CMS/a_12' is clicked on

2018-05-09 16:08:50 - [MESSAGE][PASSED] - Object: 'Object Repository/MOH AND GRN/Page_KDMC - CMS/a_12' is clicked on

2018-05-09 16:08:50 - [TEST_STEP][PASSED] - click: Object: 'Object Repository/MOH AND GRN/Page_KDMC - CMS/input_btnadd' is clicked on

2018-05-09 16:08:50 - [MESSAGE][PASSED] - Object: 'Object Repository/MOH AND GRN/Page_KDMC - CMS/input_btnadd' is clicked on

2018-05-09 16:08:50 - [TEST_STEP][PASSED] - Statement - If (s == 10): null

2018-05-09 16:08:50 - [TEST_STEP][PASSED] - Statement - Else: null

2018-05-09 16:08:50 - [TEST_STEP][PASSED] - Statement - (s++): null

2018-05-09 16:08:50 - [TEST_STEP][PASSED] - delay: Delayed 1 second(s)

2018-05-09 16:08:51 - [MESSAGE][PASSED] - Delayed 1 second(s)

2018-05-09 16:08:51 - [TEST_STEP][PASSED] - selectOptionByIndex: All options with index in [19] are selected on object 'Object Repository/MOH AND GRN/Page_KDMC - CMS/select_--Select--Amikacin -500'

2018-05-09 16:08:51 - [MESSAGE][PASSED] - All options with index in [19] are selected on object 'Object Repository/MOH AND GRN/Page_KDMC - CMS/select_--Select--Amikacin -500'

2018-05-09 16:08:51 - [TEST_STEP][PASSED] - setText: Text '5000' is set on object 'Object Repository/MOH AND GRN/Page_KDMC - CMS/input_txtqty'

2018-05-09 16:08:51 - [MESSAGE][PASSED] - Text '5000' is set on object 'Object Repository/MOH AND GRN/Page_KDMC - CMS/input_txtqty'

2018-05-09 16:08:51 - [TEST_STEP][PASSED] - selectOptionByIndex: All options with index in [1] are selected on object 'Object Repository/MOH AND GRN/Page_KDMC - CMS/select_--Select--No Tax0'

2018-05-09 16:08:51 - [MESSAGE][PASSED] - All options with index in [1] are selected on object 'Object Repository/MOH AND GRN/Page_KDMC - CMS/select_--Select--No Tax0'

2018-05-09 16:08:51 - [TEST_STEP][PASSED] - setText: Finding Test Object with id 'Object Repository/MOH AND GRN/Page_KDMC - CMS/input_txtmrp'

2018-05-09 16:08:51 - [TEST_STEP][PASSED] - Statement - switch (id): Finding Test Object with id 'Object Repository/MOH AND GRN/Page_KDMC - CMS/input_txtdeal'

2018-05-09 16:08:51 - [TEST_STEP][PASSED] - Statement - case 4:: Text '43.0' is set on object 'Object Repository/MOH AND GRN/Page_KDMC - CMS/input_txtmrp'

2018-05-09 16:08:51 - [TEST_STEP][PASSED] - Statement - return (java.lang.Math.floor((java.lang.Math.random() * ((max - min) + 1))) + min): Text '43.0' is set on object 'Object Repository/MOH AND GRN/Page_KDMC - CMS/input_txtmrp'

2018-05-09 16:08:51 - [MESSAGE][PASSED] - Text '43.0' is set on object 'Object Repository/MOH AND GRN/Page_KDMC - CMS/input_txtmrp'

2018-05-09 16:08:51 - [TEST_STEP][PASSED] - setText: Finding Test Object with id 'Object Repository/MOH AND GRN/Page_KDMC - CMS/input_txtdeal'

2018-05-09 16:08:51 - [TEST_STEP][PASSED] - Statement - switch (id): Finding Test Object with id 'Object Repository/MOH AND GRN/Page_KDMC - CMS/input_txtbatchno'

2018-05-09 16:08:51 - [TEST_STEP][PASSED] - Statement - case 5:: Text '10.0' is set on object 'Object Repository/MOH AND GRN/Page_KDMC - CMS/input_txtdeal'

2018-05-09 16:08:51 - [TEST_STEP][PASSED] - Statement - return (java.lang.Math.floor((java.lang.Math.random() * ((max - min) + 1))) + min): Text '10.0' is set on object 'Object Repository/MOH AND GRN/Page_KDMC - CMS/input_txtdeal'

2018-05-09 16:08:51 - [MESSAGE][PASSED] - Text '10.0' is set on object 'Object Repository/MOH AND GRN/Page_KDMC - CMS/input_txtdeal'

2018-05-09 16:08:51 - [TEST_STEP][PASSED] - setText: Finding Test Object with id 'Object Repository/MOH AND GRN/Page_KDMC - CMS/input_txtbatchno'

2018-05-09 16:08:51 - [TEST_STEP][PASSED] - Statement - switch (id): Finding Test Object with id 'Object Repository/MOH AND GRN/Page_KDMC - CMS/input_txtmrp'

2018-05-09 16:08:51 - [TEST_STEP][PASSED] - Statement - case 1:: Text 'BA825.0' is set on object 'Object Repository/MOH AND GRN/Page_KDMC - CMS/input_txtbatchno'

2018-05-09 16:08:51 - [TEST_STEP][PASSED] - Statement - return (java.lang.Math.floor((java.lang.Math.random() * ((max - min) + 1))) + min): Text 'BA825.0' is set on object 'Object Repository/MOH AND GRN/Page_KDMC - CMS/input_txtbatchno'

2018-05-09 16:08:51 - [MESSAGE][PASSED] - Text 'BA825.0' is set on object 'Object Repository/MOH AND GRN/Page_KDMC - CMS/input_txtbatchno'

2018-05-09 16:08:51 - [TEST_STEP][PASSED] - rightClick: Object: 'Object Repository/GRN/Page_KDMC - CMS/input_txtexpdate' is right clicked on

2018-05-09 16:08:51 - [MESSAGE][PASSED] - Object: 'Object Repository/GRN/Page_KDMC - CMS/input_txtexpdate' is right clicked on

2018-05-09 16:08:51 - [TEST_STEP][PASSED] - selectOptionByIndex: All options with index in [9] are selected on object 'Object Repository/GRN/Page_KDMC - CMS/select_20182019202020212022202'

2018-05-09 16:08:52 - [MESSAGE][PASSED] - All options with index in [9] are selected on object 'Object Repository/GRN/Page_KDMC - CMS/select_20182019202020212022202'

2018-05-09 16:08:52 - [TEST_STEP][PASSED] - selectOptionByIndex: All options with index in [9] are selected on object 'Object Repository/GRN/Page_KDMC - CMS/select_JanFebMarAprMayJunJulAu'

2018-05-09 16:08:52 - [MESSAGE][PASSED] - All options with index in [9] are selected on object 'Object Repository/GRN/Page_KDMC - CMS/select_JanFebMarAprMayJunJulAu'

2018-05-09 16:08:52 - [TEST_STEP][PASSED] - click: Object: 'Object Repository/MOH AND GRN/Page_KDMC - CMS/a_12' is clicked on

2018-05-09 16:08:52 - [MESSAGE][PASSED] - Object: 'Object Repository/MOH AND GRN/Page_KDMC - CMS/a_12' is clicked on

2018-05-09 16:08:52 - [TEST_STEP][PASSED] - click: Object: 'Object Repository/MOH AND GRN/Page_KDMC - CMS/input_btnadd' is clicked on

2018-05-09 16:08:52 - [MESSAGE][PASSED] - Object: 'Object Repository/MOH AND GRN/Page_KDMC - CMS/input_btnadd' is clicked on

2018-05-09 16:08:52 - [TEST_STEP][PASSED] - Statement - If (s == 10): null

2018-05-09 16:08:52 - [TEST_STEP][PASSED] - Statement - Else: null

2018-05-09 16:08:52 - [TEST_STEP][PASSED] - Statement - (s++): null

2018-05-09 16:08:52 - [TEST_STEP][PASSED] - delay: Delayed 1 second(s)

2018-05-09 16:08:53 - [MESSAGE][PASSED] - Delayed 1 second(s)

2018-05-09 16:08:53 - [TEST_STEP][PASSED] - selectOptionByIndex: All options with index in [20] are selected on object 'Object Repository/MOH AND GRN/Page_KDMC - CMS/select_--Select--Amikacin -500'

2018-05-09 16:08:53 - [MESSAGE][PASSED] - All options with index in [20] are selected on object 'Object Repository/MOH AND GRN/Page_KDMC - CMS/select_--Select--Amikacin -500'

2018-05-09 16:08:53 - [TEST_STEP][PASSED] - setText: Text '5000' is set on object 'Object Repository/MOH AND GRN/Page_KDMC - CMS/input_txtqty'

2018-05-09 16:08:53 - [MESSAGE][PASSED] - Text '5000' is set on object 'Object Repository/MOH AND GRN/Page_KDMC - CMS/input_txtqty'

2018-05-09 16:08:53 - [TEST_STEP][PASSED] - selectOptionByIndex: All options with index in [1] are selected on object 'Object Repository/MOH AND GRN/Page_KDMC - CMS/select_--Select--No Tax0'

2018-05-09 16:08:54 - [MESSAGE][PASSED] - All options with index in [1] are selected on object 'Object Repository/MOH AND GRN/Page_KDMC - CMS/select_--Select--No Tax0'

2018-05-09 16:08:54 - [TEST_STEP][PASSED] - setText: Finding Test Object with id 'Object Repository/MOH AND GRN/Page_KDMC - CMS/input_txtmrp'

2018-05-09 16:08:54 - [TEST_STEP][PASSED] - Statement - switch (id): Finding Test Object with id 'Object Repository/MOH AND GRN/Page_KDMC - CMS/input_txtdeal'

2018-05-09 16:08:54 - [TEST_STEP][PASSED] - Statement - case 4:: Text '15.0' is set on object 'Object Repository/MOH AND GRN/Page_KDMC - CMS/input_txtmrp'

2018-05-09 16:08:54 - [TEST_STEP][PASSED] - Statement - return (java.lang.Math.floor((java.lang.Math.random() * ((max - min) + 1))) + min): Text '15.0' is set on object 'Object Repository/MOH AND GRN/Page_KDMC - CMS/input_txtmrp'

2018-05-09 16:08:54 - [MESSAGE][PASSED] - Text '15.0' is set on object 'Object Repository/MOH AND GRN/Page_KDMC - CMS/input_txtmrp'

2018-05-09 16:08:54 - [TEST_STEP][PASSED] - setText: Finding Test Object with id 'Object Repository/MOH AND GRN/Page_KDMC - CMS/input_txtdeal'

2018-05-09 16:08:54 - [TEST_STEP][PASSED] - Statement - switch (id): Finding Test Object with id 'Object Repository/MOH AND GRN/Page_KDMC - CMS/input_txtbatchno'

2018-05-09 16:08:54 - [TEST_STEP][PASSED] - Statement - case 5:: Text '9.0' is set on object 'Object Repository/MOH AND GRN/Page_KDMC - CMS/input_txtdeal'

2018-05-09 16:08:54 - [TEST_STEP][PASSED] - Statement - return (java.lang.Math.floor((java.lang.Math.random() * ((max - min) + 1))) + min): Text '9.0' is set on object 'Object Repository/MOH AND GRN/Page_KDMC - CMS/input_txtdeal'

2018-05-09 16:08:54 - [MESSAGE][PASSED] - Text '9.0' is set on object 'Object Repository/MOH AND GRN/Page_KDMC - CMS/input_txtdeal'

2018-05-09 16:08:54 - [TEST_STEP][PASSED] - setText: Finding Test Object with id 'Object Repository/MOH AND GRN/Page_KDMC - CMS/input_txtbatchno'

2018-05-09 16:08:54 - [TEST_STEP][PASSED] - Statement - switch (id): Finding Test Object with id 'Object Repository/MOH AND GRN/Page_KDMC - CMS/input_txtmrp'

2018-05-09 16:08:54 - [TEST_STEP][PASSED] - Statement - case 1:: Text 'BA993.0' is set on object 'Object Repository/MOH AND GRN/Page_KDMC - CMS/input_txtbatchno'

2018-05-09 16:08:54 - [TEST_STEP][PASSED] - Statement - return (java.lang.Math.floor((java.lang.Math.random() * ((max - min) + 1))) + min): Text 'BA993.0' is set on object 'Object Repository/MOH AND GRN/Page_KDMC - CMS/input_txtbatchno'

2018-05-09 16:08:54 - [MESSAGE][PASSED] - Text 'BA993.0' is set on object 'Object Repository/MOH AND GRN/Page_KDMC - CMS/input_txtbatchno'

2018-05-09 16:08:54 - [TEST_STEP][PASSED] - rightClick: Object: 'Object Repository/GRN/Page_KDMC - CMS/input_txtexpdate' is right clicked on

2018-05-09 16:08:54 - [MESSAGE][PASSED] - Object: 'Object Repository/GRN/Page_KDMC - CMS/input_txtexpdate' is right clicked on

2018-05-09 16:08:54 - [TEST_STEP][PASSED] - selectOptionByIndex: All options with index in [10] are selected on object 'Object Repository/GRN/Page_KDMC - CMS/select_20182019202020212022202'

2018-05-09 16:08:54 - [MESSAGE][PASSED] - All options with index in [10] are selected on object 'Object Repository/GRN/Page_KDMC - CMS/select_20182019202020212022202'

2018-05-09 16:08:54 - [TEST_STEP][PASSED] - selectOptionByIndex: All options with index in [10] are selected on object 'Object Repository/GRN/Page_KDMC - CMS/select_JanFebMarAprMayJunJulAu'

2018-05-09 16:08:54 - [MESSAGE][PASSED] - All options with index in [10] are selected on object 'Object Repository/GRN/Page_KDMC - CMS/select_JanFebMarAprMayJunJulAu'

2018-05-09 16:08:54 - [TEST_STEP][PASSED] - click: Object: 'Object Repository/MOH AND GRN/Page_KDMC - CMS/a_12' is clicked on

2018-05-09 16:08:54 - [MESSAGE][PASSED] - Object: 'Object Repository/MOH AND GRN/Page_KDMC - CMS/a_12' is clicked on

2018-05-09 16:08:54 - [TEST_STEP][PASSED] - click: Object: 'Object Repository/MOH AND GRN/Page_KDMC - CMS/input_btnadd' is clicked on

2018-05-09 16:08:54 - [MESSAGE][PASSED] - Object: 'Object Repository/MOH AND GRN/Page_KDMC - CMS/input_btnadd' is clicked on

2018-05-09 16:08:54 - [TEST_STEP][PASSED] - Statement - If (s == 10): null

2018-05-09 16:08:54 - [TEST_STEP][PASSED] - Statement - s = 1: null

2018-05-09 16:08:54 - [TEST_STEP][PASSED] - delay: Delayed 1 second(s)

2018-05-09 16:08:55 - [MESSAGE][PASSED] - Delayed 1 second(s)

2018-05-09 16:08:55 - [TEST_STEP][PASSED] - selectOptionByIndex: All options with index in [21] are selected on object 'Object Repository/MOH AND GRN/Page_KDMC - CMS/select_--Select--Amikacin -500'

2018-05-09 16:08:56 - [MESSAGE][PASSED] - All options with index in [21] are selected on object 'Object Repository/MOH AND GRN/Page_KDMC - CMS/select_--Select--Amikacin -500'

2018-05-09 16:08:56 - [TEST_STEP][PASSED] - setText: Text '5000' is set on object 'Object Repository/MOH AND GRN/Page_KDMC - CMS/input_txtqty'

2018-05-09 16:08:56 - [MESSAGE][PASSED] - Text '5000' is set on object 'Object Repository/MOH AND GRN/Page_KDMC - CMS/input_txtqty'

2018-05-09 16:08:56 - [TEST_STEP][PASSED] - selectOptionByIndex: All options with index in [1] are selected on object 'Object Repository/MOH AND GRN/Page_KDMC - CMS/select_--Select--No Tax0'

2018-05-09 16:08:56 - [MESSAGE][PASSED] - All options with index in [1] are selected on object 'Object Repository/MOH AND GRN/Page_KDMC - CMS/select_--Select--No Tax0'

2018-05-09 16:08:56 - [TEST_STEP][PASSED] - setText: Finding Test Object with id 'Object Repository/MOH AND GRN/Page_KDMC - CMS/input_txtmrp'

2018-05-09 16:08:56 - [TEST_STEP][PASSED] - Statement - switch (id): Finding Test Object with id 'Object Repository/MOH AND GRN/Page_KDMC - CMS/input_txtdeal'

2018-05-09 16:08:56 - [TEST_STEP][PASSED] - Statement - case 4:: Text '31.0' is set on object 'Object Repository/MOH AND GRN/Page_KDMC - CMS/input_txtmrp'

2018-05-09 16:08:56 - [TEST_STEP][PASSED] - Statement - return (java.lang.Math.floor((java.lang.Math.random() * ((max - min) + 1))) + min): Text '31.0' is set on object 'Object Repository/MOH AND GRN/Page_KDMC - CMS/input_txtmrp'

2018-05-09 16:08:56 - [MESSAGE][PASSED] - Text '31.0' is set on object 'Object Repository/MOH AND GRN/Page_KDMC - CMS/input_txtmrp'

2018-05-09 16:08:56 - [TEST_STEP][PASSED] - setText: Finding Test Object with id 'Object Repository/MOH AND GRN/Page_KDMC - CMS/input_txtdeal'

2018-05-09 16:08:56 - [TEST_STEP][PASSED] - Statement - switch (id): Finding Test Object with id 'Object Repository/MOH AND GRN/Page_KDMC - CMS/input_txtbatchno'

2018-05-09 16:08:56 - [TEST_STEP][PASSED] - Statement - case 5:: Text '7.0' is set on object 'Object Repository/MOH AND GRN/Page_KDMC - CMS/input_txtdeal'

2018-05-09 16:08:56 - [TEST_STEP][PASSED] - Statement - return (java.lang.Math.floor((java.lang.Math.random() * ((max - min) + 1))) + min): Text '7.0' is set on object 'Object Repository/MOH AND GRN/Page_KDMC - CMS/input_txtdeal'

2018-05-09 16:08:56 - [MESSAGE][PASSED] - Text '7.0' is set on object 'Object Repository/MOH AND GRN/Page_KDMC - CMS/input_txtdeal'

2018-05-09 16:08:56 - [TEST_STEP][PASSED] - setText: Finding Test Object with id 'Object Repository/MOH AND GRN/Page_KDMC - CMS/input_txtbatchno'

2018-05-09 16:08:56 - [TEST_STEP][PASSED] - Statement - switch (id): Finding Test Object with id 'Object Repository/MOH AND GRN/Page_KDMC - CMS/input_txtmrp'

2018-05-09 16:08:56 - [TEST_STEP][PASSED] - Statement - case 1:: Text 'BA679.0' is set on object 'Object Repository/MOH AND GRN/Page_KDMC - CMS/input_txtbatchno'

2018-05-09 16:08:56 - [TEST_STEP][PASSED] - Statement - return (java.lang.Math.floor((java.lang.Math.random() * ((max - min) + 1))) + min): Text 'BA679.0' is set on object 'Object Repository/MOH AND GRN/Page_KDMC - CMS/input_txtbatchno'

2018-05-09 16:08:56 - [MESSAGE][PASSED] - Text 'BA679.0' is set on object 'Object Repository/MOH AND GRN/Page_KDMC - CMS/input_txtbatchno'

2018-05-09 16:08:56 - [TEST_STEP][PASSED] - rightClick: Object: 'Object Repository/GRN/Page_KDMC - CMS/input_txtexpdate' is right clicked on

2018-05-09 16:08:56 - [MESSAGE][PASSED] - Object: 'Object Repository/GRN/Page_KDMC - CMS/input_txtexpdate' is right clicked on

2018-05-09 16:08:56 - [TEST_STEP][PASSED] - selectOptionByIndex: All options with index in [1] are selected on object 'Object Repository/GRN/Page_KDMC - CMS/select_20182019202020212022202'

2018-05-09 16:08:56 - [MESSAGE][PASSED] - All options with index in [1] are selected on object 'Object Repository/GRN/Page_KDMC - CMS/select_20182019202020212022202'

2018-05-09 16:08:56 - [TEST_STEP][PASSED] - selectOptionByIndex: All options with index in [1] are selected on object 'Object Repository/GRN/Page_KDMC - CMS/select_JanFebMarAprMayJunJulAu'

2018-05-09 16:08:57 - [MESSAGE][PASSED] - All options with index in [1] are selected on object 'Object Repository/GRN/Page_KDMC - CMS/select_JanFebMarAprMayJunJulAu'

2018-05-09 16:08:57 - [TEST_STEP][PASSED] - click: Object: 'Object Repository/MOH AND GRN/Page_KDMC - CMS/a_12' is clicked on

2018-05-09 16:08:57 - [MESSAGE][PASSED] - Object: 'Object Repository/MOH AND GRN/Page_KDMC - CMS/a_12' is clicked on

2018-05-09 16:08:57 - [TEST_STEP][PASSED] - click: Object: 'Object Repository/MOH AND GRN/Page_KDMC - CMS/input_btnadd' is clicked on

2018-05-09 16:08:57 - [MESSAGE][PASSED] - Object: 'Object Repository/MOH AND GRN/Page_KDMC - CMS/input_btnadd' is clicked on

2018-05-09 16:08:57 - [TEST_STEP][PASSED] - Statement - If (s == 10): null

2018-05-09 16:08:57 - [TEST_STEP][PASSED] - Statement - Else: null

2018-05-09 16:08:57 - [TEST_STEP][PASSED] - Statement - (s++): null

2018-05-09 16:08:57 - [TEST_STEP][PASSED] - delay: Delayed 1 second(s)

2018-05-09 16:08:58 - [MESSAGE][PASSED] - Delayed 1 second(s)

2018-05-09 16:08:58 - [TEST_STEP][PASSED] - selectOptionByIndex: All options with index in [22] are selected on object 'Object Repository/MOH AND GRN/Page_KDMC - CMS/select_--Select--Amikacin -500'

2018-05-09 16:08:58 - [MESSAGE][PASSED] - All options with index in [22] are selected on object 'Object Repository/MOH AND GRN/Page_KDMC - CMS/select_--Select--Amikacin -500'

2018-05-09 16:08:58 - [TEST_STEP][PASSED] - setText: Text '5000' is set on object 'Object Repository/MOH AND GRN/Page_KDMC - CMS/input_txtqty'

2018-05-09 16:08:58 - [MESSAGE][PASSED] - Text '5000' is set on object 'Object Repository/MOH AND GRN/Page_KDMC - CMS/input_txtqty'

2018-05-09 16:08:58 - [TEST_STEP][PASSED] - selectOptionByIndex: All options with index in [1] are selected on object 'Object Repository/MOH AND GRN/Page_KDMC - CMS/select_--Select--No Tax0'

2018-05-09 16:08:58 - [MESSAGE][PASSED] - All options with index in [1] are selected on object 'Object Repository/MOH AND GRN/Page_KDMC - CMS/select_--Select--No Tax0'

2018-05-09 16:08:58 - [TEST_STEP][PASSED] - setText: Finding Test Object with id 'Object Repository/MOH AND GRN/Page_KDMC - CMS/input_txtmrp'

2018-05-09 16:08:58 - [TEST_STEP][PASSED] - Statement - switch (id): Finding Test Object with id 'Object Repository/MOH AND GRN/Page_KDMC - CMS/input_txtdeal'

2018-05-09 16:08:58 - [TEST_STEP][PASSED] - Statement - case 4:: Text '27.0' is set on object 'Object Repository/MOH AND GRN/Page_KDMC - CMS/input_txtmrp'

2018-05-09 16:08:58 - [TEST_STEP][PASSED] - Statement - return (java.lang.Math.floor((java.lang.Math.random() * ((max - min) + 1))) + min): Text '27.0' is set on object 'Object Repository/MOH AND GRN/Page_KDMC - CMS/input_txtmrp'

2018-05-09 16:08:58 - [MESSAGE][PASSED] - Text '27.0' is set on object 'Object Repository/MOH AND GRN/Page_KDMC - CMS/input_txtmrp'

2018-05-09 16:08:58 - [TEST_STEP][PASSED] - setText: Finding Test Object with id 'Object Repository/MOH AND GRN/Page_KDMC - CMS/input_txtdeal'

2018-05-09 16:08:58 - [TEST_STEP][PASSED] - Statement - switch (id): Finding Test Object with id 'Object Repository/MOH AND GRN/Page_KDMC - CMS/input_txtbatchno'

2018-05-09 16:08:58 - [TEST_STEP][PASSED] - Statement - case 5:: Text '3.0' is set on object 'Object Repository/MOH AND GRN/Page_KDMC - CMS/input_txtdeal'

2018-05-09 16:08:58 - [TEST_STEP][PASSED] - Statement - return (java.lang.Math.floor((java.lang.Math.random() * ((max - min) + 1))) + min): Text '3.0' is set on object 'Object Repository/MOH AND GRN/Page_KDMC - CMS/input_txtdeal'

2018-05-09 16:08:58 - [MESSAGE][PASSED] - Text '3.0' is set on object 'Object Repository/MOH AND GRN/Page_KDMC - CMS/input_txtdeal'

2018-05-09 16:08:58 - [TEST_STEP][PASSED] - setText: Finding Test Object with id 'Object Repository/MOH AND GRN/Page_KDMC - CMS/input_txtbatchno'

2018-05-09 16:08:58 - [TEST_STEP][PASSED] - Statement - switch (id): Finding Test Object with id 'Object Repository/MOH AND GRN/Page_KDMC - CMS/input_txtmrp'

2018-05-09 16:08:58 - [TEST_STEP][PASSED] - Statement - case 1:: Text 'BA567.0' is set on object 'Object Repository/MOH AND GRN/Page_KDMC - CMS/input_txtbatchno'

2018-05-09 16:08:58 - [TEST_STEP][PASSED] - Statement - return (java.lang.Math.floor((java.lang.Math.random() * ((max - min) + 1))) + min): Text 'BA567.0' is set on object 'Object Repository/MOH AND GRN/Page_KDMC - CMS/input_txtbatchno'

2018-05-09 16:08:59 - [MESSAGE][PASSED] - Text 'BA567.0' is set on object 'Object Repository/MOH AND GRN/Page_KDMC - CMS/input_txtbatchno'

2018-05-09 16:08:59 - [TEST_STEP][PASSED] - rightClick: Object: 'Object Repository/GRN/Page_KDMC - CMS/input_txtexpdate' is right clicked on

2018-05-09 16:08:59 - [MESSAGE][PASSED] - Object: 'Object Repository/GRN/Page_KDMC - CMS/input_txtexpdate' is right clicked on

2018-05-09 16:08:59 - [TEST_STEP][PASSED] - selectOptionByIndex: All options with index in [2] are selected on object 'Object Repository/GRN/Page_KDMC - CMS/select_20182019202020212022202'

2018-05-09 16:08:59 - [MESSAGE][PASSED] - All options with index in [2] are selected on object 'Object Repository/GRN/Page_KDMC - CMS/select_20182019202020212022202'

2018-05-09 16:08:59 - [TEST_STEP][PASSED] - selectOptionByIndex: All options with index in [2] are selected on object 'Object Repository/GRN/Page_KDMC - CMS/select_JanFebMarAprMayJunJulAu'

2018-05-09 16:08:59 - [MESSAGE][PASSED] - All options with index in [2] are selected on object 'Object Repository/GRN/Page_KDMC - CMS/select_JanFebMarAprMayJunJulAu'

2018-05-09 16:08:59 - [TEST_STEP][PASSED] - click: Object: 'Object Repository/MOH AND GRN/Page_KDMC - CMS/a_12' is clicked on

2018-05-09 16:08:59 - [MESSAGE][PASSED] - Object: 'Object Repository/MOH AND GRN/Page_KDMC - CMS/a_12' is clicked on

2018-05-09 16:08:59 - [TEST_STEP][PASSED] - click: Object: 'Object Repository/MOH AND GRN/Page_KDMC - CMS/input_btnadd' is clicked on

2018-05-09 16:08:59 - [MESSAGE][PASSED] - Object: 'Object Repository/MOH AND GRN/Page_KDMC - CMS/input_btnadd' is clicked on

2018-05-09 16:08:59 - [TEST_STEP][PASSED] - Statement - If (s == 10): null

2018-05-09 16:08:59 - [TEST_STEP][PASSED] - Statement - Else: null

2018-05-09 16:08:59 - [TEST_STEP][PASSED] - Statement - (s++): null

2018-05-09 16:08:59 - [TEST_STEP][PASSED] - delay: Delayed 1 second(s)

2018-05-09 16:09:00 - [MESSAGE][PASSED] - Delayed 1 second(s)

2018-05-09 16:09:00 - [TEST_STEP][PASSED] - selectOptionByIndex: All options with index in [23] are selected on object 'Object Repository/MOH AND GRN/Page_KDMC - CMS/select_--Select--Amikacin -500'

2018-05-09 16:09:00 - [MESSAGE][PASSED] - All options with index in [23] are selected on object 'Object Repository/MOH AND GRN/Page_KDMC - CMS/select_--Select--Amikacin -500'

2018-05-09 16:09:00 - [TEST_STEP][PASSED] - setText: Text '5000' is set on object 'Object Repository/MOH AND GRN/Page_KDMC - CMS/input_txtqty'

2018-05-09 16:09:01 - [MESSAGE][PASSED] - Text '5000' is set on object 'Object Repository/MOH AND GRN/Page_KDMC - CMS/input_txtqty'

2018-05-09 16:09:01 - [TEST_STEP][PASSED] - selectOptionByIndex: All options with index in [1] are selected on object 'Object Repository/MOH AND GRN/Page_KDMC - CMS/select_--Select--No Tax0'

2018-05-09 16:09:01 - [MESSAGE][PASSED] - All options with index in [1] are selected on object 'Object Repository/MOH AND GRN/Page_KDMC - CMS/select_--Select--No Tax0'

2018-05-09 16:09:01 - [TEST_STEP][PASSED] - setText: Finding Test Object with id 'Object Repository/MOH AND GRN/Page_KDMC - CMS/input_txtmrp'

2018-05-09 16:09:01 - [TEST_STEP][PASSED] - Statement - switch (id): Finding Test Object with id 'Object Repository/MOH AND GRN/Page_KDMC - CMS/input_txtdeal'

2018-05-09 16:09:01 - [TEST_STEP][PASSED] - Statement - case 4:: Text '21.0' is set on object 'Object Repository/MOH AND GRN/Page_KDMC - CMS/input_txtmrp'

2018-05-09 16:09:01 - [TEST_STEP][PASSED] - Statement - return (java.lang.Math.floor((java.lang.Math.random() * ((max - min) + 1))) + min): Text '21.0' is set on object 'Object Repository/MOH AND GRN/Page_KDMC - CMS/input_txtmrp'

2018-05-09 16:09:01 - [MESSAGE][PASSED] - Text '21.0' is set on object 'Object Repository/MOH AND GRN/Page_KDMC - CMS/input_txtmrp'

2018-05-09 16:09:01 - [TEST_STEP][PASSED] - setText: Finding Test Object with id 'Object Repository/MOH AND GRN/Page_KDMC - CMS/input_txtdeal'

2018-05-09 16:09:01 - [TEST_STEP][PASSED] - Statement - switch (id): Finding Test Object with id 'Object Repository/MOH AND GRN/Page_KDMC - CMS/input_txtbatchno'

2018-05-09 16:09:01 - [TEST_STEP][PASSED] - Statement - case 5:: Text '3.0' is set on object 'Object Repository/MOH AND GRN/Page_KDMC - CMS/input_txtdeal'

2018-05-09 16:09:01 - [TEST_STEP][PASSED] - Statement - return (java.lang.Math.floor((java.lang.Math.random() * ((max - min) + 1))) + min): Text '3.0' is set on object 'Object Repository/MOH AND GRN/Page_KDMC - CMS/input_txtdeal'

2018-05-09 16:09:01 - [MESSAGE][PASSED] - Text '3.0' is set on object 'Object Repository/MOH AND GRN/Page_KDMC - CMS/input_txtdeal'

2018-05-09 16:09:01 - [TEST_STEP][PASSED] - setText: Finding Test Object with id 'Object Repository/MOH AND GRN/Page_KDMC - CMS/input_txtbatchno'

2018-05-09 16:09:01 - [TEST_STEP][PASSED] - Statement - switch (id): Finding Test Object with id 'Object Repository/MOH AND GRN/Page_KDMC - CMS/input_txtmrp'

2018-05-09 16:09:01 - [TEST_STEP][PASSED] - Statement - case 1:: Text 'BA773.0' is set on object 'Object Repository/MOH AND GRN/Page_KDMC - CMS/input_txtbatchno'

2018-05-09 16:09:01 - [TEST_STEP][PASSED] - Statement - return (java.lang.Math.floor((java.lang.Math.random() * ((max - min) + 1))) + min): Text 'BA773.0' is set on object 'Object Repository/MOH AND GRN/Page_KDMC - CMS/input_txtbatchno'

2018-05-09 16:09:01 - [MESSAGE][PASSED] - Text 'BA773.0' is set on object 'Object Repository/MOH AND GRN/Page_KDMC - CMS/input_txtbatchno'

2018-05-09 16:09:01 - [TEST_STEP][PASSED] - rightClick: Object: 'Object Repository/GRN/Page_KDMC - CMS/input_txtexpdate' is right clicked on

2018-05-09 16:09:01 - [MESSAGE][PASSED] - Object: 'Object Repository/GRN/Page_KDMC - CMS/input_txtexpdate' is right clicked on

2018-05-09 16:09:01 - [TEST_STEP][PASSED] - selectOptionByIndex: All options with index in [3] are selected on object 'Object Repository/GRN/Page_KDMC - CMS/select_20182019202020212022202'

2018-05-09 16:09:01 - [MESSAGE][PASSED] - All options with index in [3] are selected on object 'Object Repository/GRN/Page_KDMC - CMS/select_20182019202020212022202'

2018-05-09 16:09:01 - [TEST_STEP][PASSED] - selectOptionByIndex: All options with index in [3] are selected on object 'Object Repository/GRN/Page_KDMC - CMS/select_JanFebMarAprMayJunJulAu'

2018-05-09 16:09:01 - [MESSAGE][PASSED] - All options with index in [3] are selected on object 'Object Repository/GRN/Page_KDMC - CMS/select_JanFebMarAprMayJunJulAu'

2018-05-09 16:09:01 - [TEST_STEP][PASSED] - click: Object: 'Object Repository/MOH AND GRN/Page_KDMC - CMS/a_12' is clicked on

2018-05-09 16:09:01 - [MESSAGE][PASSED] - Object: 'Object Repository/MOH AND GRN/Page_KDMC - CMS/a_12' is clicked on

2018-05-09 16:09:01 - [TEST_STEP][PASSED] - click: Object: 'Object Repository/MOH AND GRN/Page_KDMC - CMS/input_btnadd' is clicked on

2018-05-09 16:09:02 - [MESSAGE][PASSED] - Object: 'Object Repository/MOH AND GRN/Page_KDMC - CMS/input_btnadd' is clicked on

2018-05-09 16:09:02 - [TEST_STEP][PASSED] - Statement - If (s == 10): null

2018-05-09 16:09:02 - [TEST_STEP][PASSED] - Statement - Else: null

2018-05-09 16:09:02 - [TEST_STEP][PASSED] - Statement - (s++): null

2018-05-09 16:09:02 - [TEST_STEP][PASSED] - delay: Delayed 1 second(s)

2018-05-09 16:09:03 - [MESSAGE][PASSED] - Delayed 1 second(s)

2018-05-09 16:09:03 - [TEST_STEP][PASSED] - selectOptionByIndex: All options with index in [24] are selected on object 'Object Repository/MOH AND GRN/Page_KDMC - CMS/select_--Select--Amikacin -500'

2018-05-09 16:09:03 - [MESSAGE][PASSED] - All options with index in [24] are selected on object 'Object Repository/MOH AND GRN/Page_KDMC - CMS/select_--Select--Amikacin -500'

2018-05-09 16:09:03 - [TEST_STEP][PASSED] - setText: Text '5000' is set on object 'Object Repository/MOH AND GRN/Page_KDMC - CMS/input_txtqty'

2018-05-09 16:09:03 - [MESSAGE][PASSED] - Text '5000' is set on object 'Object Repository/MOH AND GRN/Page_KDMC - CMS/input_txtqty'

2018-05-09 16:09:03 - [TEST_STEP][PASSED] - selectOptionByIndex: All options with index in [1] are selected on object 'Object Repository/MOH AND GRN/Page_KDMC - CMS/select_--Select--No Tax0'

2018-05-09 16:09:03 - [MESSAGE][PASSED] - All options with index in [1] are selected on object 'Object Repository/MOH AND GRN/Page_KDMC - CMS/select_--Select--No Tax0'

2018-05-09 16:09:03 - [TEST_STEP][PASSED] - setText: Finding Test Object with id 'Object Repository/MOH AND GRN/Page_KDMC - CMS/input_txtmrp'

2018-05-09 16:09:03 - [TEST_STEP][PASSED] - Statement - switch (id): Finding Test Object with id 'Object Repository/MOH AND GRN/Page_KDMC - CMS/input_txtdeal'

2018-05-09 16:09:03 - [TEST_STEP][PASSED] - Statement - case 4:: Text '23.0' is set on object 'Object Repository/MOH AND GRN/Page_KDMC - CMS/input_txtmrp'

2018-05-09 16:09:03 - [TEST_STEP][PASSED] - Statement - return (java.lang.Math.floor((java.lang.Math.random() * ((max - min) + 1))) + min): Text '23.0' is set on object 'Object Repository/MOH AND GRN/Page_KDMC - CMS/input_txtmrp'

2018-05-09 16:09:03 - [MESSAGE][PASSED] - Text '23.0' is set on object 'Object Repository/MOH AND GRN/Page_KDMC - CMS/input_txtmrp'

2018-05-09 16:09:03 - [TEST_STEP][PASSED] - setText: Finding Test Object with id 'Object Repository/MOH AND GRN/Page_KDMC - CMS/input_txtdeal'

2018-05-09 16:09:03 - [TEST_STEP][PASSED] - Statement - switch (id): Finding Test Object with id 'Object Repository/MOH AND GRN/Page_KDMC - CMS/input_txtbatchno'

2018-05-09 16:09:03 - [TEST_STEP][PASSED] - Statement - case 5:: Text '12.0' is set on object 'Object Repository/MOH AND GRN/Page_KDMC - CMS/input_txtdeal'

2018-05-09 16:09:03 - [TEST_STEP][PASSED] - Statement - return (java.lang.Math.floor((java.lang.Math.random() * ((max - min) + 1))) + min): Text '12.0' is set on object 'Object Repository/MOH AND GRN/Page_KDMC - CMS/input_txtdeal'

2018-05-09 16:09:03 - [MESSAGE][PASSED] - Text '12.0' is set on object 'Object Repository/MOH AND GRN/Page_KDMC - CMS/input_txtdeal'

2018-05-09 16:09:03 - [TEST_STEP][PASSED] - setText: Finding Test Object with id 'Object Repository/MOH AND GRN/Page_KDMC - CMS/input_txtbatchno'

2018-05-09 16:09:03 - [TEST_STEP][PASSED] - Statement - switch (id): Finding Test Object with id 'Object Repository/MOH AND GRN/Page_KDMC - CMS/input_txtmrp'

2018-05-09 16:09:03 - [TEST_STEP][PASSED] - Statement - case 1:: Text 'BA898.0' is set on object 'Object Repository/MOH AND GRN/Page_KDMC - CMS/input_txtbatchno'

2018-05-09 16:09:03 - [TEST_STEP][PASSED] - Statement - return (java.lang.Math.floor((java.lang.Math.random() * ((max - min) + 1))) + min): Text 'BA898.0' is set on object 'Object Repository/MOH AND GRN/Page_KDMC - CMS/input_txtbatchno'

2018-05-09 16:09:03 - [MESSAGE][PASSED] - Text 'BA898.0' is set on object 'Object Repository/MOH AND GRN/Page_KDMC - CMS/input_txtbatchno'

2018-05-09 16:09:03 - [TEST_STEP][PASSED] - rightClick: Object: 'Object Repository/GRN/Page_KDMC - CMS/input_txtexpdate' is right clicked on

2018-05-09 16:09:03 - [MESSAGE][PASSED] - Object: 'Object Repository/GRN/Page_KDMC - CMS/input_txtexpdate' is right clicked on

2018-05-09 16:09:03 - [TEST_STEP][PASSED] - selectOptionByIndex: All options with index in [4] are selected on object 'Object Repository/GRN/Page_KDMC - CMS/select_20182019202020212022202'

2018-05-09 16:09:04 - [MESSAGE][PASSED] - All options with index in [4] are selected on object 'Object Repository/GRN/Page_KDMC - CMS/select_20182019202020212022202'

2018-05-09 16:09:04 - [TEST_STEP][PASSED] - selectOptionByIndex: All options with index in [4] are selected on object 'Object Repository/GRN/Page_KDMC - CMS/select_JanFebMarAprMayJunJulAu'

2018-05-09 16:09:04 - [MESSAGE][PASSED] - All options with index in [4] are selected on object 'Object Repository/GRN/Page_KDMC - CMS/select_JanFebMarAprMayJunJulAu'

2018-05-09 16:09:04 - [TEST_STEP][PASSED] - click: Object: 'Object Repository/MOH AND GRN/Page_KDMC - CMS/a_12' is clicked on

2018-05-09 16:09:04 - [MESSAGE][PASSED] - Object: 'Object Repository/MOH AND GRN/Page_KDMC - CMS/a_12' is clicked on

2018-05-09 16:09:04 - [TEST_STEP][PASSED] - click: Object: 'Object Repository/MOH AND GRN/Page_KDMC - CMS/input_btnadd' is clicked on

2018-05-09 16:09:04 - [MESSAGE][PASSED] - Object: 'Object Repository/MOH AND GRN/Page_KDMC - CMS/input_btnadd' is clicked on

2018-05-09 16:09:04 - [TEST_STEP][PASSED] - Statement - If (s == 10): null

2018-05-09 16:09:04 - [TEST_STEP][PASSED] - Statement - Else: null

2018-05-09 16:09:04 - [TEST_STEP][PASSED] - Statement - (s++): null

2018-05-09 16:09:04 - [TEST_STEP][PASSED] - delay: Delayed 1 second(s)

2018-05-09 16:09:05 - [MESSAGE][PASSED] - Delayed 1 second(s)

2018-05-09 16:09:05 - [TEST_STEP][PASSED] - selectOptionByIndex: All options with index in [25] are selected on object 'Object Repository/MOH AND GRN/Page_KDMC - CMS/select_--Select--Amikacin -500'

2018-05-09 16:09:05 - [MESSAGE][PASSED] - All options with index in [25] are selected on object 'Object Repository/MOH AND GRN/Page_KDMC - CMS/select_--Select--Amikacin -500'

2018-05-09 16:09:05 - [TEST_STEP][PASSED] - setText: Text '5000' is set on object 'Object Repository/MOH AND GRN/Page_KDMC - CMS/input_txtqty'

2018-05-09 16:09:05 - [MESSAGE][PASSED] - Text '5000' is set on object 'Object Repository/MOH AND GRN/Page_KDMC - CMS/input_txtqty'

2018-05-09 16:09:05 - [TEST_STEP][PASSED] - selectOptionByIndex: All options with index in [1] are selected on object 'Object Repository/MOH AND GRN/Page_KDMC - CMS/select_--Select--No Tax0'

2018-05-09 16:09:06 - [MESSAGE][PASSED] - All options with index in [1] are selected on object 'Object Repository/MOH AND GRN/Page_KDMC - CMS/select_--Select--No Tax0'

2018-05-09 16:09:06 - [TEST_STEP][PASSED] - setText: Finding Test Object with id 'Object Repository/MOH AND GRN/Page_KDMC - CMS/input_txtmrp'

2018-05-09 16:09:06 - [TEST_STEP][PASSED] - Statement - switch (id): Finding Test Object with id 'Object Repository/MOH AND GRN/Page_KDMC - CMS/input_txtdeal'

2018-05-09 16:09:06 - [TEST_STEP][PASSED] - Statement - case 4:: Text '22.0' is set on object 'Object Repository/MOH AND GRN/Page_KDMC - CMS/input_txtmrp'

2018-05-09 16:09:06 - [TEST_STEP][PASSED] - Statement - return (java.lang.Math.floor((java.lang.Math.random() * ((max - min) + 1))) + min): Text '22.0' is set on object 'Object Repository/MOH AND GRN/Page_KDMC - CMS/input_txtmrp'

2018-05-09 16:09:06 - [MESSAGE][PASSED] - Text '22.0' is set on object 'Object Repository/MOH AND GRN/Page_KDMC - CMS/input_txtmrp'

2018-05-09 16:09:06 - [TEST_STEP][PASSED] - setText: Finding Test Object with id 'Object Repository/MOH AND GRN/Page_KDMC - CMS/input_txtdeal'

2018-05-09 16:09:06 - [TEST_STEP][PASSED] - Statement - switch (id): Finding Test Object with id 'Object Repository/MOH AND GRN/Page_KDMC - CMS/input_txtbatchno'

2018-05-09 16:09:06 - [TEST_STEP][PASSED] - Statement - case 5:: Text '8.0' is set on object 'Object Repository/MOH AND GRN/Page_KDMC - CMS/input_txtdeal'

2018-05-09 16:09:06 - [TEST_STEP][PASSED] - Statement - return (java.lang.Math.floor((java.lang.Math.random() * ((max - min) + 1))) + min): Text '8.0' is set on object 'Object Repository/MOH AND GRN/Page_KDMC - CMS/input_txtdeal'

2018-05-09 16:09:06 - [MESSAGE][PASSED] - Text '8.0' is set on object 'Object Repository/MOH AND GRN/Page_KDMC - CMS/input_txtdeal'

2018-05-09 16:09:06 - [TEST_STEP][PASSED] - setText: Finding Test Object with id 'Object Repository/MOH AND GRN/Page_KDMC - CMS/input_txtbatchno'

2018-05-09 16:09:06 - [TEST_STEP][PASSED] - Statement - switch (id): Finding Test Object with id 'Object Repository/MOH AND GRN/Page_KDMC - CMS/input_txtmrp'

2018-05-09 16:09:06 - [TEST_STEP][PASSED] - Statement - case 1:: Text 'BA227.0' is set on object 'Object Repository/MOH AND GRN/Page_KDMC - CMS/input_txtbatchno'

2018-05-09 16:09:06 - [TEST_STEP][PASSED] - Statement - return (java.lang.Math.floor((java.lang.Math.random() * ((max - min) + 1))) + min): Text 'BA227.0' is set on object 'Object Repository/MOH AND GRN/Page_KDMC - CMS/input_txtbatchno'

2018-05-09 16:09:06 - [MESSAGE][PASSED] - Text 'BA227.0' is set on object 'Object Repository/MOH AND GRN/Page_KDMC - CMS/input_txtbatchno'

2018-05-09 16:09:06 - [TEST_STEP][PASSED] - rightClick: Object: 'Object Repository/GRN/Page_KDMC - CMS/input_txtexpdate' is right clicked on

2018-05-09 16:09:06 - [MESSAGE][PASSED] - Object: 'Object Repository/GRN/Page_KDMC - CMS/input_txtexpdate' is right clicked on

2018-05-09 16:09:06 - [TEST_STEP][PASSED] - selectOptionByIndex: All options with index in [5] are selected on object 'Object Repository/GRN/Page_KDMC - CMS/select_20182019202020212022202'

2018-05-09 16:09:06 - [MESSAGE][PASSED] - All options with index in [5] are selected on object 'Object Repository/GRN/Page_KDMC - CMS/select_20182019202020212022202'

2018-05-09 16:09:06 - [TEST_STEP][PASSED] - selectOptionByIndex: All options with index in [5] are selected on object 'Object Repository/GRN/Page_KDMC - CMS/select_JanFebMarAprMayJunJulAu'

2018-05-09 16:09:06 - [MESSAGE][PASSED] - All options with index in [5] are selected on object 'Object Repository/GRN/Page_KDMC - CMS/select_JanFebMarAprMayJunJulAu'

2018-05-09 16:09:06 - [TEST_STEP][PASSED] - click: Object: 'Object Repository/MOH AND GRN/Page_KDMC - CMS/a_12' is clicked on

2018-05-09 16:09:06 - [MESSAGE][PASSED] - Object: 'Object Repository/MOH AND GRN/Page_KDMC - CMS/a_12' is clicked on

2018-05-09 16:09:06 - [TEST_STEP][PASSED] - click: Object: 'Object Repository/MOH AND GRN/Page_KDMC - CMS/input_btnadd' is clicked on

2018-05-09 16:09:06 - [MESSAGE][PASSED] - Object: 'Object Repository/MOH AND GRN/Page_KDMC - CMS/input_btnadd' is clicked on

2018-05-09 16:09:06 - [TEST_STEP][PASSED] - Statement - If (s == 10): null

2018-05-09 16:09:06 - [TEST_STEP][PASSED] - Statement - Else: null

2018-05-09 16:09:06 - [TEST_STEP][PASSED] - Statement - (s++): null

2018-05-09 16:09:06 - [TEST_STEP][PASSED] - delay: Delayed 1 second(s)

2018-05-09 16:09:07 - [MESSAGE][PASSED] - Delayed 1 second(s)

2018-05-09 16:09:07 - [TEST_STEP][PASSED] - selectOptionByIndex: All options with index in [26] are selected on object 'Object Repository/MOH AND GRN/Page_KDMC - CMS/select_--Select--Amikacin -500'

2018-05-09 16:09:08 - [MESSAGE][PASSED] - All options with index in [26] are selected on object 'Object Repository/MOH AND GRN/Page_KDMC - CMS/select_--Select--Amikacin -500'

2018-05-09 16:09:08 - [TEST_STEP][PASSED] - setText: Text '5000' is set on object 'Object Repository/MOH AND GRN/Page_KDMC - CMS/input_txtqty'

2018-05-09 16:09:08 - [MESSAGE][PASSED] - Text '5000' is set on object 'Object Repository/MOH AND GRN/Page_KDMC - CMS/input_txtqty'

2018-05-09 16:09:08 - [TEST_STEP][PASSED] - selectOptionByIndex: All options with index in [1] are selected on object 'Object Repository/MOH AND GRN/Page_KDMC - CMS/select_--Select--No Tax0'

2018-05-09 16:09:08 - [MESSAGE][PASSED] - All options with index in [1] are selected on object 'Object Repository/MOH AND GRN/Page_KDMC - CMS/select_--Select--No Tax0'

2018-05-09 16:09:08 - [TEST_STEP][PASSED] - setText: Finding Test Object with id 'Object Repository/MOH AND GRN/Page_KDMC - CMS/input_txtmrp'

2018-05-09 16:09:08 - [TEST_STEP][PASSED] - Statement - switch (id): Finding Test Object with id 'Object Repository/MOH AND GRN/Page_KDMC - CMS/input_txtdeal'

2018-05-09 16:09:08 - [TEST_STEP][PASSED] - Statement - case 4:: Text '24.0' is set on object 'Object Repository/MOH AND GRN/Page_KDMC - CMS/input_txtmrp'

2018-05-09 16:09:08 - [TEST_STEP][PASSED] - Statement - return (java.lang.Math.floor((java.lang.Math.random() * ((max - min) + 1))) + min): Text '24.0' is set on object 'Object Repository/MOH AND GRN/Page_KDMC - CMS/input_txtmrp'

2018-05-09 16:09:08 - [MESSAGE][PASSED] - Text '24.0' is set on object 'Object Repository/MOH AND GRN/Page_KDMC - CMS/input_txtmrp'

2018-05-09 16:09:08 - [TEST_STEP][PASSED] - setText: Finding Test Object with id 'Object Repository/MOH AND GRN/Page_KDMC - CMS/input_txtdeal'

2018-05-09 16:09:08 - [TEST_STEP][PASSED] - Statement - switch (id): Finding Test Object with id 'Object Repository/MOH AND GRN/Page_KDMC - CMS/input_txtbatchno'

2018-05-09 16:09:08 - [TEST_STEP][PASSED] - Statement - case 5:: Text '4.0' is set on object 'Object Repository/MOH AND GRN/Page_KDMC - CMS/input_txtdeal'

2018-05-09 16:09:08 - [TEST_STEP][PASSED] - Statement - return (java.lang.Math.floor((java.lang.Math.random() * ((max - min) + 1))) + min): Text '4.0' is set on object 'Object Repository/MOH AND GRN/Page_KDMC - CMS/input_txtdeal'

2018-05-09 16:09:08 - [MESSAGE][PASSED] - Text '4.0' is set on object 'Object Repository/MOH AND GRN/Page_KDMC - CMS/input_txtdeal'

2018-05-09 16:09:08 - [TEST_STEP][PASSED] - setText: Finding Test Object with id 'Object Repository/MOH AND GRN/Page_KDMC - CMS/input_txtbatchno'

2018-05-09 16:09:08 - [TEST_STEP][PASSED] - Statement - switch (id): Finding Test Object with id 'Object Repository/MOH AND GRN/Page_KDMC - CMS/input_txtmrp'

2018-05-09 16:09:08 - [TEST_STEP][PASSED] - Statement - case 1:: Text 'BA817.0' is set on object 'Object Repository/MOH AND GRN/Page_KDMC - CMS/input_txtbatchno'

2018-05-09 16:09:08 - [TEST_STEP][PASSED] - Statement - return (java.lang.Math.floor((java.lang.Math.random() * ((max - min) + 1))) + min): Text 'BA817.0' is set on object 'Object Repository/MOH AND GRN/Page_KDMC - CMS/input_txtbatchno'

2018-05-09 16:09:08 - [MESSAGE][PASSED] - Text 'BA817.0' is set on object 'Object Repository/MOH AND GRN/Page_KDMC - CMS/input_txtbatchno'

2018-05-09 16:09:08 - [TEST_STEP][PASSED] - rightClick: Object: 'Object Repository/GRN/Page_KDMC - CMS/input_txtexpdate' is right clicked on

2018-05-09 16:09:08 - [MESSAGE][PASSED] - Object: 'Object Repository/GRN/Page_KDMC - CMS/input_txtexpdate' is right clicked on

2018-05-09 16:09:08 - [TEST_STEP][PASSED] - selectOptionByIndex: All options with index in [6] are selected on object 'Object Repository/GRN/Page_KDMC - CMS/select_20182019202020212022202'

2018-05-09 16:09:09 - [MESSAGE][PASSED] - All options with index in [6] are selected on object 'Object Repository/GRN/Page_KDMC - CMS/select_20182019202020212022202'

2018-05-09 16:09:09 - [TEST_STEP][PASSED] - selectOptionByIndex: All options with index in [6] are selected on object 'Object Repository/GRN/Page_KDMC - CMS/select_JanFebMarAprMayJunJulAu'

2018-05-09 16:09:09 - [MESSAGE][PASSED] - All options with index in [6] are selected on object 'Object Repository/GRN/Page_KDMC - CMS/select_JanFebMarAprMayJunJulAu'

2018-05-09 16:09:09 - [TEST_STEP][PASSED] - click: Object: 'Object Repository/MOH AND GRN/Page_KDMC - CMS/a_12' is clicked on

2018-05-09 16:09:09 - [MESSAGE][PASSED] - Object: 'Object Repository/MOH AND GRN/Page_KDMC - CMS/a_12' is clicked on

2018-05-09 16:09:09 - [TEST_STEP][PASSED] - click: Object: 'Object Repository/MOH AND GRN/Page_KDMC - CMS/input_btnadd' is clicked on

2018-05-09 16:09:09 - [MESSAGE][PASSED] - Object: 'Object Repository/MOH AND GRN/Page_KDMC - CMS/input_btnadd' is clicked on

2018-05-09 16:09:09 - [TEST_STEP][PASSED] - Statement - If (s == 10): null

2018-05-09 16:09:09 - [TEST_STEP][PASSED] - Statement - Else: null

2018-05-09 16:09:09 - [TEST_STEP][PASSED] - Statement - (s++): null

2018-05-09 16:09:09 - [TEST_STEP][PASSED] - delay: Delayed 1 second(s)

2018-05-09 16:09:10 - [MESSAGE][PASSED] - Delayed 1 second(s)

2018-05-09 16:09:10 - [TEST_STEP][PASSED] - selectOptionByIndex: All options with index in [27] are selected on object 'Object Repository/MOH AND GRN/Page_KDMC - CMS/select_--Select--Amikacin -500'

2018-05-09 16:09:10 - [MESSAGE][PASSED] - All options with index in [27] are selected on object 'Object Repository/MOH AND GRN/Page_KDMC - CMS/select_--Select--Amikacin -500'

2018-05-09 16:09:10 - [TEST_STEP][PASSED] - setText: Text '5000' is set on object 'Object Repository/MOH AND GRN/Page_KDMC - CMS/input_txtqty'

2018-05-09 16:09:10 - [MESSAGE][PASSED] - Text '5000' is set on object 'Object Repository/MOH AND GRN/Page_KDMC - CMS/input_txtqty'

2018-05-09 16:09:11 - [TEST_STEP][PASSED] - selectOptionByIndex: All options with index in [1] are selected on object 'Object Repository/MOH AND GRN/Page_KDMC - CMS/select_--Select--No Tax0'

2018-05-09 16:09:11 - [MESSAGE][PASSED] - All options with index in [1] are selected on object 'Object Repository/MOH AND GRN/Page_KDMC - CMS/select_--Select--No Tax0'

2018-05-09 16:09:11 - [TEST_STEP][PASSED] - setText: Finding Test Object with id 'Object Repository/MOH AND GRN/Page_KDMC - CMS/input_txtmrp'

2018-05-09 16:09:11 - [TEST_STEP][PASSED] - Statement - switch (id): Finding Test Object with id 'Object Repository/MOH AND GRN/Page_KDMC - CMS/input_txtdeal'

2018-05-09 16:09:11 - [TEST_STEP][PASSED] - Statement - case 4:: Text '18.0' is set on object 'Object Repository/MOH AND GRN/Page_KDMC - CMS/input_txtmrp'

2018-05-09 16:09:11 - [TEST_STEP][PASSED] - Statement - return (java.lang.Math.floor((java.lang.Math.random() * ((max - min) + 1))) + min): Text '18.0' is set on object 'Object Repository/MOH AND GRN/Page_KDMC - CMS/input_txtmrp'

2018-05-09 16:09:11 - [MESSAGE][PASSED] - Text '18.0' is set on object 'Object Repository/MOH AND GRN/Page_KDMC - CMS/input_txtmrp'

2018-05-09 16:09:11 - [TEST_STEP][PASSED] - setText: Finding Test Object with id 'Object Repository/MOH AND GRN/Page_KDMC - CMS/input_txtdeal'

2018-05-09 16:09:11 - [TEST_STEP][PASSED] - Statement - switch (id): Finding Test Object with id 'Object Repository/MOH AND GRN/Page_KDMC - CMS/input_txtbatchno'

2018-05-09 16:09:11 - [TEST_STEP][PASSED] - Statement - case 5:: Text '6.0' is set on object 'Object Repository/MOH AND GRN/Page_KDMC - CMS/input_txtdeal'

2018-05-09 16:09:11 - [TEST_STEP][PASSED] - Statement - return (java.lang.Math.floor((java.lang.Math.random() * ((max - min) + 1))) + min): Text '6.0' is set on object 'Object Repository/MOH AND GRN/Page_KDMC - CMS/input_txtdeal'

2018-05-09 16:09:11 - [MESSAGE][PASSED] - Text '6.0' is set on object 'Object Repository/MOH AND GRN/Page_KDMC - CMS/input_txtdeal'

2018-05-09 16:09:11 - [TEST_STEP][PASSED] - setText: Finding Test Object with id 'Object Repository/MOH AND GRN/Page_KDMC - CMS/input_txtbatchno'

2018-05-09 16:09:11 - [TEST_STEP][PASSED] - Statement - switch (id): Finding Test Object with id 'Object Repository/MOH AND GRN/Page_KDMC - CMS/input_txtmrp'

2018-05-09 16:09:11 - [TEST_STEP][PASSED] - Statement - case 1:: Text 'BA304.0' is set on object 'Object Repository/MOH AND GRN/Page_KDMC - CMS/input_txtbatchno'

2018-05-09 16:09:11 - [TEST_STEP][PASSED] - Statement - return (java.lang.Math.floor((java.lang.Math.random() * ((max - min) + 1))) + min): Text 'BA304.0' is set on object 'Object Repository/MOH AND GRN/Page_KDMC - CMS/input_txtbatchno'

2018-05-09 16:09:11 - [MESSAGE][PASSED] - Text 'BA304.0' is set on object 'Object Repository/MOH AND GRN/Page_KDMC - CMS/input_txtbatchno'

2018-05-09 16:09:11 - [TEST_STEP][PASSED] - rightClick: Object: 'Object Repository/GRN/Page_KDMC - CMS/input_txtexpdate' is right clicked on

2018-05-09 16:09:11 - [MESSAGE][PASSED] - Object: 'Object Repository/GRN/Page_KDMC - CMS/input_txtexpdate' is right clicked on

2018-05-09 16:09:11 - [TEST_STEP][PASSED] - selectOptionByIndex: All options with index in [7] are selected on object 'Object Repository/GRN/Page_KDMC - CMS/select_20182019202020212022202'

2018-05-09 16:09:11 - [MESSAGE][PASSED] - All options with index in [7] are selected on object 'Object Repository/GRN/Page_KDMC - CMS/select_20182019202020212022202'

2018-05-09 16:09:11 - [TEST_STEP][PASSED] - selectOptionByIndex: All options with index in [7] are selected on object 'Object Repository/GRN/Page_KDMC - CMS/select_JanFebMarAprMayJunJulAu'

2018-05-09 16:09:11 - [MESSAGE][PASSED] - All options with index in [7] are selected on object 'Object Repository/GRN/Page_KDMC - CMS/select_JanFebMarAprMayJunJulAu'

2018-05-09 16:09:11 - [TEST_STEP][PASSED] - click: Object: 'Object Repository/MOH AND GRN/Page_KDMC - CMS/a_12' is clicked on

2018-05-09 16:09:12 - [MESSAGE][PASSED] - Object: 'Object Repository/MOH AND GRN/Page_KDMC - CMS/a_12' is clicked on

2018-05-09 16:09:12 - [TEST_STEP][PASSED] - click: Object: 'Object Repository/MOH AND GRN/Page_KDMC - CMS/input_btnadd' is clicked on

2018-05-09 16:09:12 - [MESSAGE][PASSED] - Object: 'Object Repository/MOH AND GRN/Page_KDMC - CMS/input_btnadd' is clicked on

2018-05-09 16:09:12 - [TEST_STEP][PASSED] - Statement - If (s == 10): null

2018-05-09 16:09:12 - [TEST_STEP][PASSED] - Statement - Else: null

2018-05-09 16:09:12 - [TEST_STEP][PASSED] - Statement - (s++): null

2018-05-09 16:09:12 - [TEST_STEP][PASSED] - delay: Delayed 1 second(s)

2018-05-09 16:09:13 - [MESSAGE][PASSED] - Delayed 1 second(s)

2018-05-09 16:09:13 - [TEST_STEP][PASSED] - selectOptionByIndex: All options with index in [28] are selected on object 'Object Repository/MOH AND GRN/Page_KDMC - CMS/select_--Select--Amikacin -500'

2018-05-09 16:09:13 - [MESSAGE][PASSED] - All options with index in [28] are selected on object 'Object Repository/MOH AND GRN/Page_KDMC - CMS/select_--Select--Amikacin -500'

2018-05-09 16:09:13 - [TEST_STEP][PASSED] - setText: Text '5000' is set on object 'Object Repository/MOH AND GRN/Page_KDMC - CMS/input_txtqty'

2018-05-09 16:09:13 - [MESSAGE][PASSED] - Text '5000' is set on object 'Object Repository/MOH AND GRN/Page_KDMC - CMS/input_txtqty'

2018-05-09 16:09:13 - [TEST_STEP][PASSED] - selectOptionByIndex: All options with index in [1] are selected on object 'Object Repository/MOH AND GRN/Page_KDMC - CMS/select_--Select--No Tax0'

2018-05-09 16:09:13 - [MESSAGE][PASSED] - All options with index in [1] are selected on object 'Object Repository/MOH AND GRN/Page_KDMC - CMS/select_--Select--No Tax0'

2018-05-09 16:09:13 - [TEST_STEP][PASSED] - setText: Finding Test Object with id 'Object Repository/MOH AND GRN/Page_KDMC - CMS/input_txtmrp'

2018-05-09 16:09:13 - [TEST_STEP][PASSED] - Statement - switch (id): Finding Test Object with id 'Object Repository/MOH AND GRN/Page_KDMC - CMS/input_txtdeal'

2018-05-09 16:09:13 - [TEST_STEP][PASSED] - Statement - case 4:: Text '36.0' is set on object 'Object Repository/MOH AND GRN/Page_KDMC - CMS/input_txtmrp'

2018-05-09 16:09:13 - [TEST_STEP][PASSED] - Statement - return (java.lang.Math.floor((java.lang.Math.random() * ((max - min) + 1))) + min): Text '36.0' is set on object 'Object Repository/MOH AND GRN/Page_KDMC - CMS/input_txtmrp'

2018-05-09 16:09:13 - [MESSAGE][PASSED] - Text '36.0' is set on object 'Object Repository/MOH AND GRN/Page_KDMC - CMS/input_txtmrp'

2018-05-09 16:09:13 - [TEST_STEP][PASSED] - setText: Finding Test Object with id 'Object Repository/MOH AND GRN/Page_KDMC - CMS/input_txtdeal'

2018-05-09 16:09:13 - [TEST_STEP][PASSED] - Statement - switch (id): Finding Test Object with id 'Object Repository/MOH AND GRN/Page_KDMC - CMS/input_txtbatchno'

2018-05-09 16:09:13 - [TEST_STEP][PASSED] - Statement - case 5:: Text '8.0' is set on object 'Object Repository/MOH AND GRN/Page_KDMC - CMS/input_txtdeal'

2018-05-09 16:09:13 - [TEST_STEP][PASSED] - Statement - return (java.lang.Math.floor((java.lang.Math.random() * ((max - min) + 1))) + min): Text '8.0' is set on object 'Object Repository/MOH AND GRN/Page_KDMC - CMS/input_txtdeal'

2018-05-09 16:09:13 - [MESSAGE][PASSED] - Text '8.0' is set on object 'Object Repository/MOH AND GRN/Page_KDMC - CMS/input_txtdeal'

2018-05-09 16:09:13 - [TEST_STEP][PASSED] - setText: Finding Test Object with id 'Object Repository/MOH AND GRN/Page_KDMC - CMS/input_txtbatchno'

2018-05-09 16:09:13 - [TEST_STEP][PASSED] - Statement - switch (id): Finding Test Object with id 'Object Repository/MOH AND GRN/Page_KDMC - CMS/input_txtmrp'

2018-05-09 16:09:13 - [TEST_STEP][PASSED] - Statement - case 1:: Text 'BA576.0' is set on object 'Object Repository/MOH AND GRN/Page_KDMC - CMS/input_txtbatchno'

2018-05-09 16:09:13 - [TEST_STEP][PASSED] - Statement - return (java.lang.Math.floor((java.lang.Math.random() * ((max - min) + 1))) + min): Text 'BA576.0' is set on object 'Object Repository/MOH AND GRN/Page_KDMC - CMS/input_txtbatchno'

2018-05-09 16:09:14 - [MESSAGE][PASSED] - Text 'BA576.0' is set on object 'Object Repository/MOH AND GRN/Page_KDMC - CMS/input_txtbatchno'

2018-05-09 16:09:14 - [TEST_STEP][PASSED] - rightClick: Object: 'Object Repository/GRN/Page_KDMC - CMS/input_txtexpdate' is right clicked on

2018-05-09 16:09:14 - [MESSAGE][PASSED] - Object: 'Object Repository/GRN/Page_KDMC - CMS/input_txtexpdate' is right clicked on

2018-05-09 16:09:14 - [TEST_STEP][PASSED] - selectOptionByIndex: All options with index in [8] are selected on object 'Object Repository/GRN/Page_KDMC - CMS/select_20182019202020212022202'

2018-05-09 16:09:14 - [MESSAGE][PASSED] - All options with index in [8] are selected on object 'Object Repository/GRN/Page_KDMC - CMS/select_20182019202020212022202'

2018-05-09 16:09:14 - [TEST_STEP][PASSED] - selectOptionByIndex: All options with index in [8] are selected on object 'Object Repository/GRN/Page_KDMC - CMS/select_JanFebMarAprMayJunJulAu'

2018-05-09 16:09:14 - [MESSAGE][PASSED] - All options with index in [8] are selected on object 'Object Repository/GRN/Page_KDMC - CMS/select_JanFebMarAprMayJunJulAu'

2018-05-09 16:09:14 - [TEST_STEP][PASSED] - click: Object: 'Object Repository/MOH AND GRN/Page_KDMC - CMS/a_12' is clicked on

2018-05-09 16:09:14 - [MESSAGE][PASSED] - Object: 'Object Repository/MOH AND GRN/Page_KDMC - CMS/a_12' is clicked on

2018-05-09 16:09:14 - [TEST_STEP][PASSED] - click: Object: 'Object Repository/MOH AND GRN/Page_KDMC - CMS/input_btnadd' is clicked on

2018-05-09 16:09:14 - [MESSAGE][PASSED] - Object: 'Object Repository/MOH AND GRN/Page_KDMC - CMS/input_btnadd' is clicked on

2018-05-09 16:09:14 - [TEST_STEP][PASSED] - Statement - If (s == 10): null

2018-05-09 16:09:14 - [TEST_STEP][PASSED] - Statement - Else: null

2018-05-09 16:09:14 - [TEST_STEP][PASSED] - Statement - (s++): null

2018-05-09 16:09:14 - [TEST_STEP][PASSED] - delay: Delayed 1 second(s)

2018-05-09 16:09:15 - [MESSAGE][PASSED] - Delayed 1 second(s)

2018-05-09 16:09:15 - [TEST_STEP][PASSED] - selectOptionByIndex: All options with index in [29] are selected on object 'Object Repository/MOH AND GRN/Page_KDMC - CMS/select_--Select--Amikacin -500'

2018-05-09 16:09:16 - [MESSAGE][PASSED] - All options with index in [29] are selected on object 'Object Repository/MOH AND GRN/Page_KDMC - CMS/select_--Select--Amikacin -500'

2018-05-09 16:09:16 - [TEST_STEP][PASSED] - setText: Text '5000' is set on object 'Object Repository/MOH AND GRN/Page_KDMC - CMS/input_txtqty'

2018-05-09 16:09:16 - [MESSAGE][PASSED] - Text '5000' is set on object 'Object Repository/MOH AND GRN/Page_KDMC - CMS/input_txtqty'

2018-05-09 16:09:16 - [TEST_STEP][PASSED] - selectOptionByIndex: All options with index in [1] are selected on object 'Object Repository/MOH AND GRN/Page_KDMC - CMS/select_--Select--No Tax0'

2018-05-09 16:09:16 - [MESSAGE][PASSED] - All options with index in [1] are selected on object 'Object Repository/MOH AND GRN/Page_KDMC - CMS/select_--Select--No Tax0'

2018-05-09 16:09:16 - [TEST_STEP][PASSED] - setText: Finding Test Object with id 'Object Repository/MOH AND GRN/Page_KDMC - CMS/input_txtmrp'

2018-05-09 16:09:16 - [TEST_STEP][PASSED] - Statement - switch (id): Finding Test Object with id 'Object Repository/MOH AND GRN/Page_KDMC - CMS/input_txtdeal'

2018-05-09 16:09:16 - [TEST_STEP][PASSED] - Statement - case 4:: Text '23.0' is set on object 'Object Repository/MOH AND GRN/Page_KDMC - CMS/input_txtmrp'

2018-05-09 16:09:16 - [TEST_STEP][PASSED] - Statement - return (java.lang.Math.floor((java.lang.Math.random() * ((max - min) + 1))) + min): Text '23.0' is set on object 'Object Repository/MOH AND GRN/Page_KDMC - CMS/input_txtmrp'

2018-05-09 16:09:16 - [MESSAGE][PASSED] - Text '23.0' is set on object 'Object Repository/MOH AND GRN/Page_KDMC - CMS/input_txtmrp'

2018-05-09 16:09:16 - [TEST_STEP][PASSED] - setText: Finding Test Object with id 'Object Repository/MOH AND GRN/Page_KDMC - CMS/input_txtdeal'

2018-05-09 16:09:16 - [TEST_STEP][PASSED] - Statement - switch (id): Finding Test Object with id 'Object Repository/MOH AND GRN/Page_KDMC - CMS/input_txtbatchno'

2018-05-09 16:09:16 - [TEST_STEP][PASSED] - Statement - case 5:: Text '10.0' is set on object 'Object Repository/MOH AND GRN/Page_KDMC - CMS/input_txtdeal'

2018-05-09 16:09:16 - [TEST_STEP][PASSED] - Statement - return (java.lang.Math.floor((java.lang.Math.random() * ((max - min) + 1))) + min): Text '10.0' is set on object 'Object Repository/MOH AND GRN/Page_KDMC - CMS/input_txtdeal'

2018-05-09 16:09:16 - [MESSAGE][PASSED] - Text '10.0' is set on object 'Object Repository/MOH AND GRN/Page_KDMC - CMS/input_txtdeal'

2018-05-09 16:09:16 - [TEST_STEP][PASSED] - setText: Finding Test Object with id 'Object Repository/MOH AND GRN/Page_KDMC - CMS/input_txtbatchno'

2018-05-09 16:09:16 - [TEST_STEP][PASSED] - Statement - switch (id): Finding Test Object with id 'Object Repository/MOH AND GRN/Page_KDMC - CMS/input_txtmrp'

2018-05-09 16:09:16 - [TEST_STEP][PASSED] - Statement - case 1:: Text 'BA331.0' is set on object 'Object Repository/MOH AND GRN/Page_KDMC - CMS/input_txtbatchno'

2018-05-09 16:09:16 - [TEST_STEP][PASSED] - Statement - return (java.lang.Math.floor((java.lang.Math.random() * ((max - min) + 1))) + min): Text 'BA331.0' is set on object 'Object Repository/MOH AND GRN/Page_KDMC - CMS/input_txtbatchno'

2018-05-09 16:09:16 - [MESSAGE][PASSED] - Text 'BA331.0' is set on object 'Object Repository/MOH AND GRN/Page_KDMC - CMS/input_txtbatchno'

2018-05-09 16:09:16 - [TEST_STEP][PASSED] - rightClick: Object: 'Object Repository/GRN/Page_KDMC - CMS/input_txtexpdate' is right clicked on

2018-05-09 16:09:16 - [MESSAGE][PASSED] - Object: 'Object Repository/GRN/Page_KDMC - CMS/input_txtexpdate' is right clicked on

2018-05-09 16:09:16 - [TEST_STEP][PASSED] - selectOptionByIndex: All options with index in [9] are selected on object 'Object Repository/GRN/Page_KDMC - CMS/select_20182019202020212022202'

2018-05-09 16:09:16 - [MESSAGE][PASSED] - All options with index in [9] are selected on object 'Object Repository/GRN/Page_KDMC - CMS/select_20182019202020212022202'

2018-05-09 16:09:16 - [TEST_STEP][PASSED] - selectOptionByIndex: All options with index in [9] are selected on object 'Object Repository/GRN/Page_KDMC - CMS/select_JanFebMarAprMayJunJulAu'

2018-05-09 16:09:17 - [MESSAGE][PASSED] - All options with index in [9] are selected on object 'Object Repository/GRN/Page_KDMC - CMS/select_JanFebMarAprMayJunJulAu'

2018-05-09 16:09:17 - [TEST_STEP][PASSED] - click: Object: 'Object Repository/MOH AND GRN/Page_KDMC - CMS/a_12' is clicked on

2018-05-09 16:09:17 - [MESSAGE][PASSED] - Object: 'Object Repository/MOH AND GRN/Page_KDMC - CMS/a_12' is clicked on

2018-05-09 16:09:17 - [TEST_STEP][PASSED] - click: Object: 'Object Repository/MOH AND GRN/Page_KDMC - CMS/input_btnadd' is clicked on

2018-05-09 16:09:17 - [MESSAGE][PASSED] - Object: 'Object Repository/MOH AND GRN/Page_KDMC - CMS/input_btnadd' is clicked on

2018-05-09 16:09:17 - [TEST_STEP][PASSED] - Statement - If (s == 10): null

2018-05-09 16:09:17 - [TEST_STEP][PASSED] - Statement - Else: null

2018-05-09 16:09:17 - [TEST_STEP][PASSED] - Statement - (s++): null

2018-05-09 16:09:17 - [TEST_STEP][PASSED] - delay: Delayed 1 second(s)

2018-05-09 16:09:18 - [MESSAGE][PASSED] - Delayed 1 second(s)

2018-05-09 16:09:18 - [TEST_STEP][PASSED] - selectOptionByIndex: All options with index in [30] are selected on object 'Object Repository/MOH AND GRN/Page_KDMC - CMS/select_--Select--Amikacin -500'

2018-05-09 16:09:18 - [MESSAGE][PASSED] - All options with index in [30] are selected on object 'Object Repository/MOH AND GRN/Page_KDMC - CMS/select_--Select--Amikacin -500'

2018-05-09 16:09:18 - [TEST_STEP][PASSED] - setText: Text '5000' is set on object 'Object Repository/MOH AND GRN/Page_KDMC - CMS/input_txtqty'

2018-05-09 16:09:18 - [MESSAGE][PASSED] - Text '5000' is set on object 'Object Repository/MOH AND GRN/Page_KDMC - CMS/input_txtqty'

2018-05-09 16:09:18 - [TEST_STEP][PASSED] - selectOptionByIndex: All options with index in [1] are selected on object 'Object Repository/MOH AND GRN/Page_KDMC - CMS/select_--Select--No Tax0'

2018-05-09 16:09:18 - [MESSAGE][PASSED] - All options with index in [1] are selected on object 'Object Repository/MOH AND GRN/Page_KDMC - CMS/select_--Select--No Tax0'

2018-05-09 16:09:18 - [TEST_STEP][PASSED] - setText: Finding Test Object with id 'Object Repository/MOH AND GRN/Page_KDMC - CMS/input_txtmrp'

2018-05-09 16:09:18 - [TEST_STEP][PASSED] - Statement - switch (id): Finding Test Object with id 'Object Repository/MOH AND GRN/Page_KDMC - CMS/input_txtdeal'

2018-05-09 16:09:18 - [TEST_STEP][PASSED] - Statement - case 4:: Text '34.0' is set on object 'Object Repository/MOH AND GRN/Page_KDMC - CMS/input_txtmrp'

2018-05-09 16:09:18 - [TEST_STEP][PASSED] - Statement - return (java.lang.Math.floor((java.lang.Math.random() * ((max - min) + 1))) + min): Text '34.0' is set on object 'Object Repository/MOH AND GRN/Page_KDMC - CMS/input_txtmrp'

2018-05-09 16:09:19 - [MESSAGE][PASSED] - Text '34.0' is set on object 'Object Repository/MOH AND GRN/Page_KDMC - CMS/input_txtmrp'

2018-05-09 16:09:19 - [TEST_STEP][PASSED] - setText: Finding Test Object with id 'Object Repository/MOH AND GRN/Page_KDMC - CMS/input_txtdeal'

2018-05-09 16:09:19 - [TEST_STEP][PASSED] - Statement - switch (id): Finding Test Object with id 'Object Repository/MOH AND GRN/Page_KDMC - CMS/input_txtbatchno'

2018-05-09 16:09:19 - [TEST_STEP][PASSED] - Statement - case 5:: Text '5.0' is set on object 'Object Repository/MOH AND GRN/Page_KDMC - CMS/input_txtdeal'

2018-05-09 16:09:19 - [TEST_STEP][PASSED] - Statement - return (java.lang.Math.floor((java.lang.Math.random() * ((max - min) + 1))) + min): Text '5.0' is set on object 'Object Repository/MOH AND GRN/Page_KDMC - CMS/input_txtdeal'

2018-05-09 16:09:19 - [MESSAGE][PASSED] - Text '5.0' is set on object 'Object Repository/MOH AND GRN/Page_KDMC - CMS/input_txtdeal'

2018-05-09 16:09:19 - [TEST_STEP][PASSED] - setText: Finding Test Object with id 'Object Repository/MOH AND GRN/Page_KDMC - CMS/input_txtbatchno'

2018-05-09 16:09:19 - [TEST_STEP][PASSED] - Statement - switch (id): Finding Test Object with id 'Object Repository/MOH AND GRN/Page_KDMC - CMS/input_txtmrp'

2018-05-09 16:09:19 - [TEST_STEP][PASSED] - Statement - case 1:: Text 'BA194.0' is set on object 'Object Repository/MOH AND GRN/Page_KDMC - CMS/input_txtbatchno'

2018-05-09 16:09:19 - [TEST_STEP][PASSED] - Statement - return (java.lang.Math.floor((java.lang.Math.random() * ((max - min) + 1))) + min): Text 'BA194.0' is set on object 'Object Repository/MOH AND GRN/Page_KDMC - CMS/input_txtbatchno'

2018-05-09 16:09:19 - [MESSAGE][PASSED] - Text 'BA194.0' is set on object 'Object Repository/MOH AND GRN/Page_KDMC - CMS/input_txtbatchno'

2018-05-09 16:09:19 - [TEST_STEP][PASSED] - rightClick: Object: 'Object Repository/GRN/Page_KDMC - CMS/input_txtexpdate' is right clicked on

2018-05-09 16:09:19 - [MESSAGE][PASSED] - Object: 'Object Repository/GRN/Page_KDMC - CMS/input_txtexpdate' is right clicked on

2018-05-09 16:09:19 - [TEST_STEP][PASSED] - selectOptionByIndex: All options with index in [10] are selected on object 'Object Repository/GRN/Page_KDMC - CMS/select_20182019202020212022202'

2018-05-09 16:09:19 - [MESSAGE][PASSED] - All options with index in [10] are selected on object 'Object Repository/GRN/Page_KDMC - CMS/select_20182019202020212022202'

2018-05-09 16:09:19 - [TEST_STEP][PASSED] - selectOptionByIndex: All options with index in [10] are selected on object 'Object Repository/GRN/Page_KDMC - CMS/select_JanFebMarAprMayJunJulAu'

2018-05-09 16:09:19 - [MESSAGE][PASSED] - All options with index in [10] are selected on object 'Object Repository/GRN/Page_KDMC - CMS/select_JanFebMarAprMayJunJulAu'

2018-05-09 16:09:19 - [TEST_STEP][PASSED] - click: Object: 'Object Repository/MOH AND GRN/Page_KDMC - CMS/a_12' is clicked on

2018-05-09 16:09:19 - [MESSAGE][PASSED] - Object: 'Object Repository/MOH AND GRN/Page_KDMC - CMS/a_12' is clicked on

2018-05-09 16:09:19 - [TEST_STEP][PASSED] - click: Object: 'Object Repository/MOH AND GRN/Page_KDMC - CMS/input_btnadd' is clicked on

2018-05-09 16:09:20 - [MESSAGE][PASSED] - Object: 'Object Repository/MOH AND GRN/Page_KDMC - CMS/input_btnadd' is clicked on

2018-05-09 16:09:20 - [TEST_STEP][PASSED] - Statement - If (s == 10): null

2018-05-09 16:09:20 - [TEST_STEP][PASSED] - Statement - s = 1: null

2018-05-09 16:09:20 - [TEST_STEP][PASSED] - delay: Delayed 1 second(s)

2018-05-09 16:09:21 - [MESSAGE][PASSED] - Delayed 1 second(s)

2018-05-09 16:09:21 - [TEST_STEP][PASSED] - selectOptionByIndex: All options with index in [31] are selected on object 'Object Repository/MOH AND GRN/Page_KDMC - CMS/select_--Select--Amikacin -500'

2018-05-09 16:09:21 - [MESSAGE][PASSED] - All options with index in [31] are selected on object 'Object Repository/MOH AND GRN/Page_KDMC - CMS/select_--Select--Amikacin -500'

2018-05-09 16:09:21 - [TEST_STEP][PASSED] - setText: Text '5000' is set on object 'Object Repository/MOH AND GRN/Page_KDMC - CMS/input_txtqty'

2018-05-09 16:09:21 - [MESSAGE][PASSED] - Text '5000' is set on object 'Object Repository/MOH AND GRN/Page_KDMC - CMS/input_txtqty'

2018-05-09 16:09:21 - [TEST_STEP][PASSED] - selectOptionByIndex: All options with index in [1] are selected on object 'Object Repository/MOH AND GRN/Page_KDMC - CMS/select_--Select--No Tax0'

2018-05-09 16:09:21 - [MESSAGE][PASSED] - All options with index in [1] are selected on object 'Object Repository/MOH AND GRN/Page_KDMC - CMS/select_--Select--No Tax0'

2018-05-09 16:09:21 - [TEST_STEP][PASSED] - setText: Finding Test Object with id 'Object Repository/MOH AND GRN/Page_KDMC - CMS/input_txtmrp'

2018-05-09 16:09:21 - [TEST_STEP][PASSED] - Statement - switch (id): Finding Test Object with id 'Object Repository/MOH AND GRN/Page_KDMC - CMS/input_txtdeal'

2018-05-09 16:09:21 - [TEST_STEP][PASSED] - Statement - case 4:: Text '21.0' is set on object 'Object Repository/MOH AND GRN/Page_KDMC - CMS/input_txtmrp'

2018-05-09 16:09:21 - [TEST_STEP][PASSED] - Statement - return (java.lang.Math.floor((java.lang.Math.random() * ((max - min) + 1))) + min): Text '21.0' is set on object 'Object Repository/MOH AND GRN/Page_KDMC - CMS/input_txtmrp'

2018-05-09 16:09:21 - [MESSAGE][PASSED] - Text '21.0' is set on object 'Object Repository/MOH AND GRN/Page_KDMC - CMS/input_txtmrp'

2018-05-09 16:09:21 - [TEST_STEP][PASSED] - setText: Finding Test Object with id 'Object Repository/MOH AND GRN/Page_KDMC - CMS/input_txtdeal'

2018-05-09 16:09:21 - [TEST_STEP][PASSED] - Statement - switch (id): Finding Test Object with id 'Object Repository/MOH AND GRN/Page_KDMC - CMS/input_txtbatchno'

2018-05-09 16:09:21 - [TEST_STEP][PASSED] - Statement - case 5:: Text '12.0' is set on object 'Object Repository/MOH AND GRN/Page_KDMC - CMS/input_txtdeal'

2018-05-09 16:09:21 - [TEST_STEP][PASSED] - Statement - return (java.lang.Math.floor((java.lang.Math.random() * ((max - min) + 1))) + min): Text '12.0' is set on object 'Object Repository/MOH AND GRN/Page_KDMC - CMS/input_txtdeal'

2018-05-09 16:09:21 - [MESSAGE][PASSED] - Text '12.0' is set on object 'Object Repository/MOH AND GRN/Page_KDMC - CMS/input_txtdeal'

2018-05-09 16:09:21 - [TEST_STEP][PASSED] - setText: Finding Test Object with id 'Object Repository/MOH AND GRN/Page_KDMC - CMS/input_txtbatchno'

2018-05-09 16:09:21 - [TEST_STEP][PASSED] - Statement - switch (id): Finding Test Object with id 'Object Repository/MOH AND GRN/Page_KDMC - CMS/input_txtmrp'

2018-05-09 16:09:21 - [TEST_STEP][PASSED] - Statement - case 1:: Text 'BA144.0' is set on object 'Object Repository/MOH AND GRN/Page_KDMC - CMS/input_txtbatchno'

2018-05-09 16:09:21 - [TEST_STEP][PASSED] - Statement - return (java.lang.Math.floor((java.lang.Math.random() * ((max - min) + 1))) + min): Text 'BA144.0' is set on object 'Object Repository/MOH AND GRN/Page_KDMC - CMS/input_txtbatchno'

2018-05-09 16:09:22 - [MESSAGE][PASSED] - Text 'BA144.0' is set on object 'Object Repository/MOH AND GRN/Page_KDMC - CMS/input_txtbatchno'

2018-05-09 16:09:22 - [TEST_STEP][PASSED] - rightClick: Object: 'Object Repository/GRN/Page_KDMC - CMS/input_txtexpdate' is right clicked on

2018-05-09 16:09:22 - [MESSAGE][PASSED] - Object: 'Object Repository/GRN/Page_KDMC - CMS/input_txtexpdate' is right clicked on

2018-05-09 16:09:22 - [TEST_STEP][PASSED] - selectOptionByIndex: All options with index in [1] are selected on object 'Object Repository/GRN/Page_KDMC - CMS/select_20182019202020212022202'

2018-05-09 16:09:22 - [MESSAGE][PASSED] - All options with index in [1] are selected on object 'Object Repository/GRN/Page_KDMC - CMS/select_20182019202020212022202'

2018-05-09 16:09:22 - [TEST_STEP][PASSED] - selectOptionByIndex: All options with index in [1] are selected on object 'Object Repository/GRN/Page_KDMC - CMS/select_JanFebMarAprMayJunJulAu'

2018-05-09 16:09:22 - [MESSAGE][PASSED] - All options with index in [1] are selected on object 'Object Repository/GRN/Page_KDMC - CMS/select_JanFebMarAprMayJunJulAu'

2018-05-09 16:09:22 - [TEST_STEP][PASSED] - click: Object: 'Object Repository/MOH AND GRN/Page_KDMC - CMS/a_12' is clicked on

2018-05-09 16:09:22 - [MESSAGE][PASSED] - Object: 'Object Repository/MOH AND GRN/Page_KDMC - CMS/a_12' is clicked on

2018-05-09 16:09:22 - [TEST_STEP][PASSED] - click: Object: 'Object Repository/MOH AND GRN/Page_KDMC - CMS/input_btnadd' is clicked on

2018-05-09 16:09:22 - [MESSAGE][PASSED] - Object: 'Object Repository/MOH AND GRN/Page_KDMC - CMS/input_btnadd' is clicked on

2018-05-09 16:09:22 - [TEST_STEP][PASSED] - Statement - If (s == 10): null

2018-05-09 16:09:22 - [TEST_STEP][PASSED] - Statement - Else: null

2018-05-09 16:09:22 - [TEST_STEP][PASSED] - Statement - (s++): null

2018-05-09 16:09:22 - [TEST_STEP][PASSED] - delay: Delayed 1 second(s)

2018-05-09 16:09:23 - [MESSAGE][PASSED] - Delayed 1 second(s)

2018-05-09 16:09:23 - [TEST_STEP][PASSED] - selectOptionByIndex: All options with index in [32] are selected on object 'Object Repository/MOH AND GRN/Page_KDMC - CMS/select_--Select--Amikacin -500'

2018-05-09 16:09:23 - [MESSAGE][PASSED] - All options with index in [32] are selected on object 'Object Repository/MOH AND GRN/Page_KDMC - CMS/select_--Select--Amikacin -500'

2018-05-09 16:09:23 - [TEST_STEP][PASSED] - setText: Text '5000' is set on object 'Object Repository/MOH AND GRN/Page_KDMC - CMS/input_txtqty'

2018-05-09 16:09:24 - [MESSAGE][PASSED] - Text '5000' is set on object 'Object Repository/MOH AND GRN/Page_KDMC - CMS/input_txtqty'

2018-05-09 16:09:24 - [TEST_STEP][PASSED] - selectOptionByIndex: All options with index in [1] are selected on object 'Object Repository/MOH AND GRN/Page_KDMC - CMS/select_--Select--No Tax0'

2018-05-09 16:09:24 - [MESSAGE][PASSED] - All options with index in [1] are selected on object 'Object Repository/MOH AND GRN/Page_KDMC - CMS/select_--Select--No Tax0'

2018-05-09 16:09:24 - [TEST_STEP][PASSED] - setText: Finding Test Object with id 'Object Repository/MOH AND GRN/Page_KDMC - CMS/input_txtmrp'

2018-05-09 16:09:24 - [TEST_STEP][PASSED] - Statement - switch (id): Finding Test Object with id 'Object Repository/MOH AND GRN/Page_KDMC - CMS/input_txtdeal'

2018-05-09 16:09:24 - [TEST_STEP][PASSED] - Statement - case 4:: Text '19.0' is set on object 'Object Repository/MOH AND GRN/Page_KDMC - CMS/input_txtmrp'

2018-05-09 16:09:24 - [TEST_STEP][PASSED] - Statement - return (java.lang.Math.floor((java.lang.Math.random() * ((max - min) + 1))) + min): Text '19.0' is set on object 'Object Repository/MOH AND GRN/Page_KDMC - CMS/input_txtmrp'

2018-05-09 16:09:24 - [MESSAGE][PASSED] - Text '19.0' is set on object 'Object Repository/MOH AND GRN/Page_KDMC - CMS/input_txtmrp'

2018-05-09 16:09:24 - [TEST_STEP][PASSED] - setText: Finding Test Object with id 'Object Repository/MOH AND GRN/Page_KDMC - CMS/input_txtdeal'

2018-05-09 16:09:24 - [TEST_STEP][PASSED] - Statement - switch (id): Finding Test Object with id 'Object Repository/MOH AND GRN/Page_KDMC - CMS/input_txtbatchno'

2018-05-09 16:09:24 - [TEST_STEP][PASSED] - Statement - case 5:: Text '4.0' is set on object 'Object Repository/MOH AND GRN/Page_KDMC - CMS/input_txtdeal'

2018-05-09 16:09:24 - [TEST_STEP][PASSED] - Statement - return (java.lang.Math.floor((java.lang.Math.random() * ((max - min) + 1))) + min): Text '4.0' is set on object 'Object Repository/MOH AND GRN/Page_KDMC - CMS/input_txtdeal'

2018-05-09 16:09:24 - [MESSAGE][PASSED] - Text '4.0' is set on object 'Object Repository/MOH AND GRN/Page_KDMC - CMS/input_txtdeal'

2018-05-09 16:09:24 - [TEST_STEP][PASSED] - setText: Finding Test Object with id 'Object Repository/MOH AND GRN/Page_KDMC - CMS/input_txtbatchno'

2018-05-09 16:09:24 - [TEST_STEP][PASSED] - Statement - switch (id): Finding Test Object with id 'Object Repository/MOH AND GRN/Page_KDMC - CMS/input_txtmrp'

2018-05-09 16:09:24 - [TEST_STEP][PASSED] - Statement - case 1:: Text 'BA107.0' is set on object 'Object Repository/MOH AND GRN/Page_KDMC - CMS/input_txtbatchno'

2018-05-09 16:09:24 - [TEST_STEP][PASSED] - Statement - return (java.lang.Math.floor((java.lang.Math.random() * ((max - min) + 1))) + min): Text 'BA107.0' is set on object 'Object Repository/MOH AND GRN/Page_KDMC - CMS/input_txtbatchno'

2018-05-09 16:09:24 - [MESSAGE][PASSED] - Text 'BA107.0' is set on object 'Object Repository/MOH AND GRN/Page_KDMC - CMS/input_txtbatchno'

2018-05-09 16:09:24 - [TEST_STEP][PASSED] - rightClick: Object: 'Object Repository/GRN/Page_KDMC - CMS/input_txtexpdate' is right clicked on

2018-05-09 16:09:24 - [MESSAGE][PASSED] - Object: 'Object Repository/GRN/Page_KDMC - CMS/input_txtexpdate' is right clicked on

2018-05-09 16:09:24 - [TEST_STEP][PASSED] - selectOptionByIndex: All options with index in [2] are selected on object 'Object Repository/GRN/Page_KDMC - CMS/select_20182019202020212022202'

2018-05-09 16:09:24 - [MESSAGE][PASSED] - All options with index in [2] are selected on object 'Object Repository/GRN/Page_KDMC - CMS/select_20182019202020212022202'

2018-05-09 16:09:24 - [TEST_STEP][PASSED] - selectOptionByIndex: All options with index in [2] are selected on object 'Object Repository/GRN/Page_KDMC - CMS/select_JanFebMarAprMayJunJulAu'

2018-05-09 16:09:25 - [MESSAGE][PASSED] - All options with index in [2] are selected on object 'Object Repository/GRN/Page_KDMC - CMS/select_JanFebMarAprMayJunJulAu'

2018-05-09 16:09:25 - [TEST_STEP][PASSED] - click: Object: 'Object Repository/MOH AND GRN/Page_KDMC - CMS/a_12' is clicked on

2018-05-09 16:09:25 - [MESSAGE][PASSED] - Object: 'Object Repository/MOH AND GRN/Page_KDMC - CMS/a_12' is clicked on

2018-05-09 16:09:25 - [TEST_STEP][PASSED] - click: Object: 'Object Repository/MOH AND GRN/Page_KDMC - CMS/input_btnadd' is clicked on

2018-05-09 16:09:25 - [MESSAGE][PASSED] - Object: 'Object Repository/MOH AND GRN/Page_KDMC - CMS/input_btnadd' is clicked on

2018-05-09 16:09:25 - [TEST_STEP][PASSED] - Statement - If (s == 10): null

2018-05-09 16:09:25 - [TEST_STEP][PASSED] - Statement - Else: null

2018-05-09 16:09:25 - [TEST_STEP][PASSED] - Statement - (s++): null

2018-05-09 16:09:25 - [TEST_STEP][PASSED] - delay: Delayed 1 second(s)

2018-05-09 16:09:26 - [MESSAGE][PASSED] - Delayed 1 second(s)

2018-05-09 16:09:26 - [TEST_STEP][PASSED] - selectOptionByIndex: All options with index in [33] are selected on object 'Object Repository/MOH AND GRN/Page_KDMC - CMS/select_--Select--Amikacin -500'

2018-05-09 16:09:26 - [MESSAGE][PASSED] - All options with index in [33] are selected on object 'Object Repository/MOH AND GRN/Page_KDMC - CMS/select_--Select--Amikacin -500'

2018-05-09 16:09:26 - [TEST_STEP][PASSED] - setText: Text '5000' is set on object 'Object Repository/MOH AND GRN/Page_KDMC - CMS/input_txtqty'

2018-05-09 16:09:26 - [MESSAGE][PASSED] - Text '5000' is set on object 'Object Repository/MOH AND GRN/Page_KDMC - CMS/input_txtqty'

2018-05-09 16:09:26 - [TEST_STEP][PASSED] - selectOptionByIndex: All options with index in [1] are selected on object 'Object Repository/MOH AND GRN/Page_KDMC - CMS/select_--Select--No Tax0'

2018-05-09 16:09:26 - [MESSAGE][PASSED] - All options with index in [1] are selected on object 'Object Repository/MOH AND GRN/Page_KDMC - CMS/select_--Select--No Tax0'

2018-05-09 16:09:26 - [TEST_STEP][PASSED] - setText: Finding Test Object with id 'Object Repository/MOH AND GRN/Page_KDMC - CMS/input_txtmrp'

2018-05-09 16:09:26 - [TEST_STEP][PASSED] - Statement - switch (id): Finding Test Object with id 'Object Repository/MOH AND GRN/Page_KDMC - CMS/input_txtdeal'

2018-05-09 16:09:26 - [TEST_STEP][PASSED] - Statement - case 4:: Text '40.0' is set on object 'Object Repository/MOH AND GRN/Page_KDMC - CMS/input_txtmrp'

2018-05-09 16:09:26 - [TEST_STEP][PASSED] - Statement - return (java.lang.Math.floor((java.lang.Math.random() * ((max - min) + 1))) + min): Text '40.0' is set on object 'Object Repository/MOH AND GRN/Page_KDMC - CMS/input_txtmrp'

2018-05-09 16:09:26 - [MESSAGE][PASSED] - Text '40.0' is set on object 'Object Repository/MOH AND GRN/Page_KDMC - CMS/input_txtmrp'

2018-05-09 16:09:26 - [TEST_STEP][PASSED] - setText: Finding Test Object with id 'Object Repository/MOH AND GRN/Page_KDMC - CMS/input_txtdeal'

2018-05-09 16:09:26 - [TEST_STEP][PASSED] - Statement - switch (id): Finding Test Object with id 'Object Repository/MOH AND GRN/Page_KDMC - CMS/input_txtbatchno'

2018-05-09 16:09:26 - [TEST_STEP][PASSED] - Statement - case 5:: Text '2.0' is set on object 'Object Repository/MOH AND GRN/Page_KDMC - CMS/input_txtdeal'

2018-05-09 16:09:26 - [TEST_STEP][PASSED] - Statement - return (java.lang.Math.floor((java.lang.Math.random() * ((max - min) + 1))) + min): Text '2.0' is set on object 'Object Repository/MOH AND GRN/Page_KDMC - CMS/input_txtdeal'

2018-05-09 16:09:27 - [MESSAGE][PASSED] - Text '2.0' is set on object 'Object Repository/MOH AND GRN/Page_KDMC - CMS/input_txtdeal'

2018-05-09 16:09:27 - [TEST_STEP][PASSED] - setText: Finding Test Object with id 'Object Repository/MOH AND GRN/Page_KDMC - CMS/input_txtbatchno'

2018-05-09 16:09:27 - [TEST_STEP][PASSED] - Statement - switch (id): Finding Test Object with id 'Object Repository/MOH AND GRN/Page_KDMC - CMS/input_txtmrp'

2018-05-09 16:09:27 - [TEST_STEP][PASSED] - Statement - case 1:: Text 'BA19.0' is set on object 'Object Repository/MOH AND GRN/Page_KDMC - CMS/input_txtbatchno'

2018-05-09 16:09:27 - [TEST_STEP][PASSED] - Statement - return (java.lang.Math.floor((java.lang.Math.random() * ((max - min) + 1))) + min): Text 'BA19.0' is set on object 'Object Repository/MOH AND GRN/Page_KDMC - CMS/input_txtbatchno'

2018-05-09 16:09:27 - [MESSAGE][PASSED] - Text 'BA19.0' is set on object 'Object Repository/MOH AND GRN/Page_KDMC - CMS/input_txtbatchno'

2018-05-09 16:09:27 - [TEST_STEP][PASSED] - rightClick: Object: 'Object Repository/GRN/Page_KDMC - CMS/input_txtexpdate' is right clicked on

2018-05-09 16:09:27 - [MESSAGE][PASSED] - Object: 'Object Repository/GRN/Page_KDMC - CMS/input_txtexpdate' is right clicked on

2018-05-09 16:09:27 - [TEST_STEP][PASSED] - selectOptionByIndex: All options with index in [3] are selected on object 'Object Repository/GRN/Page_KDMC - CMS/select_20182019202020212022202'

2018-05-09 16:09:27 - [MESSAGE][PASSED] - All options with index in [3] are selected on object 'Object Repository/GRN/Page_KDMC - CMS/select_20182019202020212022202'

2018-05-09 16:09:27 - [TEST_STEP][PASSED] - selectOptionByIndex: All options with index in [3] are selected on object 'Object Repository/GRN/Page_KDMC - CMS/select_JanFebMarAprMayJunJulAu'

2018-05-09 16:09:27 - [MESSAGE][PASSED] - All options with index in [3] are selected on object 'Object Repository/GRN/Page_KDMC - CMS/select_JanFebMarAprMayJunJulAu'

2018-05-09 16:09:27 - [TEST_STEP][PASSED] - click: Object: 'Object Repository/MOH AND GRN/Page_KDMC - CMS/a_12' is clicked on

2018-05-09 16:09:27 - [MESSAGE][PASSED] - Object: 'Object Repository/MOH AND GRN/Page_KDMC - CMS/a_12' is clicked on

2018-05-09 16:09:27 - [TEST_STEP][PASSED] - click: Object: 'Object Repository/MOH AND GRN/Page_KDMC - CMS/input_btnadd' is clicked on

2018-05-09 16:09:27 - [MESSAGE][PASSED] - Object: 'Object Repository/MOH AND GRN/Page_KDMC - CMS/input_btnadd' is clicked on

2018-05-09 16:09:27 - [TEST_STEP][PASSED] - Statement - If (s == 10): null

2018-05-09 16:09:27 - [TEST_STEP][PASSED] - Statement - Else: null

2018-05-09 16:09:27 - [TEST_STEP][PASSED] - Statement - (s++): null

2018-05-09 16:09:27 - [TEST_STEP][PASSED] - delay: Delayed 1 second(s)

2018-05-09 16:09:28 - [MESSAGE][PASSED] - Delayed 1 second(s)

2018-05-09 16:09:28 - [TEST_STEP][PASSED] - selectOptionByIndex: All options with index in [34] are selected on object 'Object Repository/MOH AND GRN/Page_KDMC - CMS/select_--Select--Amikacin -500'

2018-05-09 16:09:29 - [MESSAGE][PASSED] - All options with index in [34] are selected on object 'Object Repository/MOH AND GRN/Page_KDMC - CMS/select_--Select--Amikacin -500'

2018-05-09 16:09:29 - [TEST_STEP][PASSED] - setText: Text '5000' is set on object 'Object Repository/MOH AND GRN/Page_KDMC - CMS/input_txtqty'

2018-05-09 16:09:29 - [MESSAGE][PASSED] - Text '5000' is set on object 'Object Repository/MOH AND GRN/Page_KDMC - CMS/input_txtqty'

2018-05-09 16:09:29 - [TEST_STEP][PASSED] - selectOptionByIndex: All options with index in [1] are selected on object 'Object Repository/MOH AND GRN/Page_KDMC - CMS/select_--Select--No Tax0'

2018-05-09 16:09:29 - [MESSAGE][PASSED] - All options with index in [1] are selected on object 'Object Repository/MOH AND GRN/Page_KDMC - CMS/select_--Select--No Tax0'

2018-05-09 16:09:29 - [TEST_STEP][PASSED] - setText: Finding Test Object with id 'Object Repository/MOH AND GRN/Page_KDMC - CMS/input_txtmrp'

2018-05-09 16:09:29 - [TEST_STEP][PASSED] - Statement - switch (id): Finding Test Object with id 'Object Repository/MOH AND GRN/Page_KDMC - CMS/input_txtdeal'

2018-05-09 16:09:29 - [TEST_STEP][PASSED] - Statement - case 4:: Text '36.0' is set on object 'Object Repository/MOH AND GRN/Page_KDMC - CMS/input_txtmrp'

2018-05-09 16:09:29 - [TEST_STEP][PASSED] - Statement - return (java.lang.Math.floor((java.lang.Math.random() * ((max - min) + 1))) + min): Text '36.0' is set on object 'Object Repository/MOH AND GRN/Page_KDMC - CMS/input_txtmrp'

2018-05-09 16:09:29 - [MESSAGE][PASSED] - Text '36.0' is set on object 'Object Repository/MOH AND GRN/Page_KDMC - CMS/input_txtmrp'

2018-05-09 16:09:29 - [TEST_STEP][PASSED] - setText: Finding Test Object with id 'Object Repository/MOH AND GRN/Page_KDMC - CMS/input_txtdeal'

2018-05-09 16:09:29 - [TEST_STEP][PASSED] - Statement - switch (id): Finding Test Object with id 'Object Repository/MOH AND GRN/Page_KDMC - CMS/input_txtbatchno'

2018-05-09 16:09:29 - [TEST_STEP][PASSED] - Statement - case 5:: Text '1.0' is set on object 'Object Repository/MOH AND GRN/Page_KDMC - CMS/input_txtdeal'

2018-05-09 16:09:29 - [TEST_STEP][PASSED] - Statement - return (java.lang.Math.floor((java.lang.Math.random() * ((max - min) + 1))) + min): Text '1.0' is set on object 'Object Repository/MOH AND GRN/Page_KDMC - CMS/input_txtdeal'

2018-05-09 16:09:29 - [MESSAGE][PASSED] - Text '1.0' is set on object 'Object Repository/MOH AND GRN/Page_KDMC - CMS/input_txtdeal'

2018-05-09 16:09:29 - [TEST_STEP][PASSED] - setText: Finding Test Object with id 'Object Repository/MOH AND GRN/Page_KDMC - CMS/input_txtbatchno'

2018-05-09 16:09:29 - [TEST_STEP][PASSED] - Statement - switch (id): Finding Test Object with id 'Object Repository/MOH AND GRN/Page_KDMC - CMS/input_txtmrp'

2018-05-09 16:09:29 - [TEST_STEP][PASSED] - Statement - case 1:: Text 'BA66.0' is set on object 'Object Repository/MOH AND GRN/Page_KDMC - CMS/input_txtbatchno'

2018-05-09 16:09:29 - [TEST_STEP][PASSED] - Statement - return (java.lang.Math.floor((java.lang.Math.random() * ((max - min) + 1))) + min): Text 'BA66.0' is set on object 'Object Repository/MOH AND GRN/Page_KDMC - CMS/input_txtbatchno'

2018-05-09 16:09:29 - [MESSAGE][PASSED] - Text 'BA66.0' is set on object 'Object Repository/MOH AND GRN/Page_KDMC - CMS/input_txtbatchno'

2018-05-09 16:09:29 - [TEST_STEP][PASSED] - rightClick: Object: 'Object Repository/GRN/Page_KDMC - CMS/input_txtexpdate' is right clicked on

2018-05-09 16:09:29 - [MESSAGE][PASSED] - Object: 'Object Repository/GRN/Page_KDMC - CMS/input_txtexpdate' is right clicked on

2018-05-09 16:09:29 - [TEST_STEP][PASSED] - selectOptionByIndex: All options with index in [4] are selected on object 'Object Repository/GRN/Page_KDMC - CMS/select_20182019202020212022202'

2018-05-09 16:09:30 - [MESSAGE][PASSED] - All options with index in [4] are selected on object 'Object Repository/GRN/Page_KDMC - CMS/select_20182019202020212022202'

2018-05-09 16:09:30 - [TEST_STEP][PASSED] - selectOptionByIndex: All options with index in [4] are selected on object 'Object Repository/GRN/Page_KDMC - CMS/select_JanFebMarAprMayJunJulAu'

2018-05-09 16:09:30 - [MESSAGE][PASSED] - All options with index in [4] are selected on object 'Object Repository/GRN/Page_KDMC - CMS/select_JanFebMarAprMayJunJulAu'

2018-05-09 16:09:30 - [TEST_STEP][PASSED] - click: Object: 'Object Repository/MOH AND GRN/Page_KDMC - CMS/a_12' is clicked on

2018-05-09 16:09:30 - [MESSAGE][PASSED] - Object: 'Object Repository/MOH AND GRN/Page_KDMC - CMS/a_12' is clicked on

2018-05-09 16:09:30 - [TEST_STEP][PASSED] - click: Object: 'Object Repository/MOH AND GRN/Page_KDMC - CMS/input_btnadd' is clicked on

2018-05-09 16:09:30 - [MESSAGE][PASSED] - Object: 'Object Repository/MOH AND GRN/Page_KDMC - CMS/input_btnadd' is clicked on

2018-05-09 16:09:30 - [TEST_STEP][PASSED] - Statement - If (s == 10): null

2018-05-09 16:09:30 - [TEST_STEP][PASSED] - Statement - Else: null

2018-05-09 16:09:30 - [TEST_STEP][PASSED] - Statement - (s++): null

2018-05-09 16:09:30 - [TEST_STEP][PASSED] - delay: Delayed 1 second(s)

2018-05-09 16:09:31 - [MESSAGE][PASSED] - Delayed 1 second(s)

2018-05-09 16:09:31 - [TEST_STEP][PASSED] - selectOptionByIndex: All options with index in [35] are selected on object 'Object Repository/MOH AND GRN/Page_KDMC - CMS/select_--Select--Amikacin -500'

2018-05-09 16:09:31 - [MESSAGE][PASSED] - All options with index in [35] are selected on object 'Object Repository/MOH AND GRN/Page_KDMC - CMS/select_--Select--Amikacin -500'

2018-05-09 16:09:31 - [TEST_STEP][PASSED] - setText: Text '5000' is set on object 'Object Repository/MOH AND GRN/Page_KDMC - CMS/input_txtqty'

2018-05-09 16:09:31 - [MESSAGE][PASSED] - Text '5000' is set on object 'Object Repository/MOH AND GRN/Page_KDMC - CMS/input_txtqty'

2018-05-09 16:09:31 - [TEST_STEP][PASSED] - selectOptionByIndex: All options with index in [1] are selected on object 'Object Repository/MOH AND GRN/Page_KDMC - CMS/select_--Select--No Tax0'

2018-05-09 16:09:32 - [MESSAGE][PASSED] - All options with index in [1] are selected on object 'Object Repository/MOH AND GRN/Page_KDMC - CMS/select_--Select--No Tax0'

2018-05-09 16:09:32 - [TEST_STEP][PASSED] - setText: Finding Test Object with id 'Object Repository/MOH AND GRN/Page_KDMC - CMS/input_txtmrp'

2018-05-09 16:09:32 - [TEST_STEP][PASSED] - Statement - switch (id): Finding Test Object with id 'Object Repository/MOH AND GRN/Page_KDMC - CMS/input_txtdeal'

2018-05-09 16:09:32 - [TEST_STEP][PASSED] - Statement - case 4:: Text '20.0' is set on object 'Object Repository/MOH AND GRN/Page_KDMC - CMS/input_txtmrp'

2018-05-09 16:09:32 - [TEST_STEP][PASSED] - Statement - return (java.lang.Math.floor((java.lang.Math.random() * ((max - min) + 1))) + min): Text '20.0' is set on object 'Object Repository/MOH AND GRN/Page_KDMC - CMS/input_txtmrp'

2018-05-09 16:09:32 - [MESSAGE][PASSED] - Text '20.0' is set on object 'Object Repository/MOH AND GRN/Page_KDMC - CMS/input_txtmrp'

2018-05-09 16:09:32 - [TEST_STEP][PASSED] - setText: Finding Test Object with id 'Object Repository/MOH AND GRN/Page_KDMC - CMS/input_txtdeal'

2018-05-09 16:09:32 - [TEST_STEP][PASSED] - Statement - switch (id): Finding Test Object with id 'Object Repository/MOH AND GRN/Page_KDMC - CMS/input_txtbatchno'

2018-05-09 16:09:32 - [TEST_STEP][PASSED] - Statement - case 5:: Text '4.0' is set on object 'Object Repository/MOH AND GRN/Page_KDMC - CMS/input_txtdeal'

2018-05-09 16:09:32 - [TEST_STEP][PASSED] - Statement - return (java.lang.Math.floor((java.lang.Math.random() * ((max - min) + 1))) + min): Text '4.0' is set on object 'Object Repository/MOH AND GRN/Page_KDMC - CMS/input_txtdeal'

2018-05-09 16:09:32 - [MESSAGE][PASSED] - Text '4.0' is set on object 'Object Repository/MOH AND GRN/Page_KDMC - CMS/input_txtdeal'

2018-05-09 16:09:32 - [TEST_STEP][PASSED] - setText: Finding Test Object with id 'Object Repository/MOH AND GRN/Page_KDMC - CMS/input_txtbatchno'

2018-05-09 16:09:32 - [TEST_STEP][PASSED] - Statement - switch (id): Delayed 1 second(s)

2018-05-09 16:09:32 - [TEST_STEP][PASSED] - Statement - case 1:: Text 'BA673.0' is set on object 'Object Repository/MOH AND GRN/Page_KDMC - CMS/input_txtbatchno'

2018-05-09 16:09:32 - [TEST_STEP][PASSED] - Statement - return (java.lang.Math.floor((java.lang.Math.random() * ((max - min) + 1))) + min): Text 'BA673.0' is set on object 'Object Repository/MOH AND GRN/Page_KDMC - CMS/input_txtbatchno'

2018-05-09 16:09:32 - [MESSAGE][PASSED] - Text 'BA673.0' is set on object 'Object Repository/MOH AND GRN/Page_KDMC - CMS/input_txtbatchno'

2018-05-09 16:09:32 - [TEST_STEP][PASSED] - rightClick: Object: 'Object Repository/GRN/Page_KDMC - CMS/input_txtexpdate' is right clicked on

2018-05-09 16:09:32 - [MESSAGE][PASSED] - Object: 'Object Repository/GRN/Page_KDMC - CMS/input_txtexpdate' is right clicked on

2018-05-09 16:09:32 - [TEST_STEP][PASSED] - selectOptionByIndex: All options with index in [5] are selected on object 'Object Repository/GRN/Page_KDMC - CMS/select_20182019202020212022202'

2018-05-09 16:09:32 - [MESSAGE][PASSED] - All options with index in [5] are selected on object 'Object Repository/GRN/Page_KDMC - CMS/select_20182019202020212022202'

2018-05-09 16:09:32 - [TEST_STEP][PASSED] - selectOptionByIndex: All options with index in [5] are selected on object 'Object Repository/GRN/Page_KDMC - CMS/select_JanFebMarAprMayJunJulAu'

2018-05-09 16:09:32 - [MESSAGE][PASSED] - All options with index in [5] are selected on object 'Object Repository/GRN/Page_KDMC - CMS/select_JanFebMarAprMayJunJulAu'

2018-05-09 16:09:32 - [TEST_STEP][PASSED] - click: Object: 'Object Repository/MOH AND GRN/Page_KDMC - CMS/a_12' is clicked on

2018-05-09 16:09:32 - [MESSAGE][PASSED] - Object: 'Object Repository/MOH AND GRN/Page_KDMC - CMS/a_12' is clicked on

2018-05-09 16:09:32 - [TEST_STEP][PASSED] - click: Object: 'Object Repository/MOH AND GRN/Page_KDMC - CMS/input_btnadd' is clicked on

2018-05-09 16:09:32 - [MESSAGE][PASSED] - Object: 'Object Repository/MOH AND GRN/Page_KDMC - CMS/input_btnadd' is clicked on

2018-05-09 16:09:32 - [TEST_STEP][PASSED] - Statement - If (s == 10): null

2018-05-09 16:09:32 - [TEST_STEP][PASSED] - Statement - Else: null

2018-05-09 16:09:32 - [TEST_STEP][PASSED] - Statement - (s++): null

2018-05-09 16:09:32 - [TEST_STEP][PASSED] - delay: Delayed 1 second(s)

2018-05-09 16:09:33 - [MESSAGE][PASSED] - Delayed 1 second(s)

2018-05-09 16:09:33 - [TEST_STEP][PASSED] - scrollToElement: Scroll to object 'Object Repository/MOH AND GRN/Page_KDMC - CMS/input_btnSubmit' successfully

2018-05-09 16:09:33 - [MESSAGE][PASSED] - Scroll to object 'Object Repository/MOH AND GRN/Page_KDMC - CMS/input_btnSubmit' successfully

2018-05-09 16:09:33 - [TEST_STEP][PASSED] - click: Object: 'Object Repository/MOH AND GRN/Page_KDMC - CMS/input_btnSubmit' is clicked on

2018-05-09 16:09:34 - [MESSAGE][PASSED] - Object: 'Object Repository/MOH AND GRN/Page_KDMC - CMS/input_btnSubmit' is clicked on

2018-05-09 16:09:34 - [TEST_STEP][PASSED] - delay: Delayed 3 second(s)

2018-05-09 16:09:37 - [MESSAGE][PASSED] - Delayed 3 second(s)

2018-05-09 16:09:37 - [TEST_STEP][PASSED] - click: Object: 'Object Repository/MOH AND GRN/Page_KDMC - CMS/button_OK' is clicked on

2018-05-09 16:09:37 - [MESSAGE][PASSED] - Object: 'Object Repository/MOH AND GRN/Page_KDMC - CMS/button_OK' is clicked on

2018-05-09 16:09:37 - [TEST_STEP][PASSED] - delay: Delayed 2 second(s)

2018-05-09 16:09:39 - [MESSAGE][PASSED] - Delayed 2 second(s)

2018-05-09 16:09:39 - [TEST_STEP][PASSED] - delay: Delayed 3 second(s)

2018-05-09 16:09:42 - [MESSAGE][PASSED] - Delayed 3 second(s)

2018-05-09 16:09:42 - [TEST_STEP][PASSED] - click: Object: 'Object Repository/MOH AND GRN/Page_KDMC - CMS/a_dropdown-toggle' is clicked on

2018-05-09 16:09:42 - [MESSAGE][PASSED] - Object: 'Object Repository/MOH AND GRN/Page_KDMC - CMS/a_dropdown-toggle' is clicked on

2018-05-09 16:09:42 - [TEST_STEP][PASSED] - click: Object: 'Object Repository/MOH AND GRN/Page_KDMC - CMS/a_Sign out' is clicked on

2018-05-09 16:09:43 - [MESSAGE][PASSED] - Object: 'Object Repository/MOH AND GRN/Page_KDMC - CMS/a_Sign out' is clicked on

2018-05-09 16:09:43 - [TEST_STEP][PASSED] - closeBrowser: Browser is closed

2018-05-09 16:09:44 - [MESSAGE][PASSED] - Browser is closed]]></system-out>
         <system-err><![CDATA[]]></system-err>
      </testcase>
      <testcase name="Test Cases/MOH REQUEST AND GRN/Moh Request GRN  Schedule 10" classname="Test Cases/MOH REQUEST AND GRN/Moh Request GRN  Schedule 10" status="ERROR">
         <error type="ERROR" message="Test Cases/MOH REQUEST AND GRN/Moh Request GRN  Schedule 10 FAILED because (of) java.lang.ArrayIndexOutOfBoundsException: 2"/>
         <system-out><![CDATA[2018-05-09 16:09:44 - [TEST_CASE][ERROR] - Test Cases/MOH REQUEST AND GRN/Moh Request GRN  Schedule 10: Test Cases/MOH REQUEST AND GRN/Moh Request GRN  Schedule 10 FAILED because (of) java.lang.ArrayIndexOutOfBoundsException: 2

2018-05-09 16:09:44 - [TEST_STEP][PASSED] - openBrowser: Browser is opened with url: ''

2018-05-09 16:09:47 - [MESSAGE][PASSED] - Browser is opened with url: ''

2018-05-09 16:09:47 - [TEST_STEP][PASSED] - navigateToUrl: Navigate to 'http://192.168.137.1/multihospital_new/' successfully

2018-05-09 16:09:51 - [MESSAGE][PASSED] - Navigate to 'http://192.168.137.1/multihospital_new/' successfully

2018-05-09 16:09:51 - [TEST_STEP][PASSED] - maximizeWindow: Current window maximized

2018-05-09 16:09:52 - [MESSAGE][PASSED] - Current window maximized

2018-05-09 16:09:52 - [TEST_STEP][PASSED] - click: Object: 'Object Repository/MOH AND GRN/Page_KDMC/a_CMS' is clicked on

2018-05-09 16:09:53 - [MESSAGE][PASSED] - Object: 'Object Repository/MOH AND GRN/Page_KDMC/a_CMS' is clicked on

2018-05-09 16:09:53 - [TEST_STEP][PASSED] - setText: Text 'bala' is set on object 'Object Repository/MOH AND GRN/Page_CMS login/input_txtusername'

2018-05-09 16:09:53 - [MESSAGE][PASSED] - Text 'bala' is set on object 'Object Repository/MOH AND GRN/Page_CMS login/input_txtusername'

2018-05-09 16:09:53 - [TEST_STEP][PASSED] - setText: Text '123' is set on object 'Object Repository/MOH AND GRN/Page_CMS login/input_txtpassword'

2018-05-09 16:09:53 - [MESSAGE][PASSED] - Text '123' is set on object 'Object Repository/MOH AND GRN/Page_CMS login/input_txtpassword'

2018-05-09 16:09:53 - [TEST_STEP][PASSED] - delay: Delayed 3 second(s)

2018-05-09 16:09:56 - [MESSAGE][PASSED] - Delayed 3 second(s)

2018-05-09 16:09:56 - [TEST_STEP][PASSED] - click: Object: 'Object Repository/MOH AND GRN/Page_CMS login/button_Sign in' is clicked on

2018-05-09 16:10:03 - [MESSAGE][PASSED] - Object: 'Object Repository/MOH AND GRN/Page_CMS login/button_Sign in' is clicked on

2018-05-09 16:10:03 - [TEST_STEP][PASSED] - click: Object: 'Object Repository/MOH AND GRN/Page_KDMC - CMS/a_Request to MOH' is clicked on

2018-05-09 16:10:04 - [MESSAGE][PASSED] - Object: 'Object Repository/MOH AND GRN/Page_KDMC - CMS/a_Request to MOH' is clicked on

2018-05-09 16:10:04 - [TEST_STEP][PASSED] - selectOptionByIndex: All options with index in [2] are selected on object 'Object Repository/MOH AND GRN/Page_KDMC - CMS/select_--Select--'

2018-05-09 16:10:04 - [MESSAGE][PASSED] - All options with index in [2] are selected on object 'Object Repository/MOH AND GRN/Page_KDMC - CMS/select_--Select--'

2018-05-09 16:10:04 - [TEST_STEP][PASSED] - selectOptionByIndex: All options with index in [10] are selected on object 'Object Repository/MOH AND GRN/Page_KDMC - CMS/select_--Select--Schedule 1Inj'

2018-05-09 16:10:04 - [MESSAGE][PASSED] - All options with index in [10] are selected on object 'Object Repository/MOH AND GRN/Page_KDMC - CMS/select_--Select--Schedule 1Inj'

2018-05-09 16:10:04 - [TEST_STEP][PASSED] - Statement - selectedoptions = com.kms.katalon.core.webui.keyword.WebUiBuiltInKeywords.getNumberOfTotalOption(com.kms.katalon.core.testobject.ObjectRepository.findTestObject(MOH AND GRN/Page_KDMC - CMS/select_--Select--Adernaline 0.)): 19 options of object 'Object Repository/MOH AND GRN/Page_KDMC - CMS/select_--Select--Adernaline 0.' counted

2018-05-09 16:10:04 - [MESSAGE][PASSED] - 19 options of object 'Object Repository/MOH AND GRN/Page_KDMC - CMS/select_--Select--Adernaline 0.' counted

2018-05-09 16:10:04 - [TEST_STEP][PASSED] - Statement - For ([j = 1, j <= selectedoptions - 1, (j++)]): Object: 'Object Repository/MOH AND GRN/Page_KDMC - CMS/button_Add' is clicked on

2018-05-09 16:10:04 - [TEST_STEP][PASSED] - selectOptionByIndex: All options with index in [10] are selected on object 'Object Repository/MOH AND GRN/Page_KDMC - CMS/select_--Select--Schedule 1Inj'

2018-05-09 16:10:04 - [MESSAGE][PASSED] - All options with index in [10] are selected on object 'Object Repository/MOH AND GRN/Page_KDMC - CMS/select_--Select--Schedule 1Inj'

2018-05-09 16:10:04 - [TEST_STEP][PASSED] - selectOptionByIndex: All options with index in [1] are selected on object 'Object Repository/MOH AND GRN/Page_KDMC - CMS/select_--Select--Adernaline 0.'

2018-05-09 16:10:04 - [MESSAGE][PASSED] - All options with index in [1] are selected on object 'Object Repository/MOH AND GRN/Page_KDMC - CMS/select_--Select--Adernaline 0.'

2018-05-09 16:10:04 - [TEST_STEP][PASSED] - setText: Text '5000' is set on object 'Object Repository/MOH AND GRN/Page_KDMC - CMS/input_txttreat'

2018-05-09 16:10:04 - [MESSAGE][PASSED] - Text '5000' is set on object 'Object Repository/MOH AND GRN/Page_KDMC - CMS/input_txttreat'

2018-05-09 16:10:04 - [TEST_STEP][PASSED] - click: Object: 'Object Repository/MOH AND GRN/Page_KDMC - CMS/button_Add' is clicked on

2018-05-09 16:10:05 - [MESSAGE][PASSED] - Object: 'Object Repository/MOH AND GRN/Page_KDMC - CMS/button_Add' is clicked on

2018-05-09 16:10:05 - [TEST_STEP][PASSED] - selectOptionByIndex: All options with index in [10] are selected on object 'Object Repository/MOH AND GRN/Page_KDMC - CMS/select_--Select--Schedule 1Inj'

2018-05-09 16:10:05 - [MESSAGE][PASSED] - All options with index in [10] are selected on object 'Object Repository/MOH AND GRN/Page_KDMC - CMS/select_--Select--Schedule 1Inj'

2018-05-09 16:10:05 - [TEST_STEP][PASSED] - selectOptionByIndex: All options with index in [2] are selected on object 'Object Repository/MOH AND GRN/Page_KDMC - CMS/select_--Select--Adernaline 0.'

2018-05-09 16:10:05 - [MESSAGE][PASSED] - All options with index in [2] are selected on object 'Object Repository/MOH AND GRN/Page_KDMC - CMS/select_--Select--Adernaline 0.'

2018-05-09 16:10:05 - [TEST_STEP][PASSED] - setText: Text '5000' is set on object 'Object Repository/MOH AND GRN/Page_KDMC - CMS/input_txttreat'

2018-05-09 16:10:05 - [MESSAGE][PASSED] - Text '5000' is set on object 'Object Repository/MOH AND GRN/Page_KDMC - CMS/input_txttreat'

2018-05-09 16:10:05 - [TEST_STEP][PASSED] - click: Object: 'Object Repository/MOH AND GRN/Page_KDMC - CMS/button_Add' is clicked on

2018-05-09 16:10:05 - [MESSAGE][PASSED] - Object: 'Object Repository/MOH AND GRN/Page_KDMC - CMS/button_Add' is clicked on

2018-05-09 16:10:05 - [TEST_STEP][PASSED] - selectOptionByIndex: All options with index in [10] are selected on object 'Object Repository/MOH AND GRN/Page_KDMC - CMS/select_--Select--Schedule 1Inj'

2018-05-09 16:10:05 - [MESSAGE][PASSED] - All options with index in [10] are selected on object 'Object Repository/MOH AND GRN/Page_KDMC - CMS/select_--Select--Schedule 1Inj'

2018-05-09 16:10:05 - [TEST_STEP][PASSED] - selectOptionByIndex: All options with index in [3] are selected on object 'Object Repository/MOH AND GRN/Page_KDMC - CMS/select_--Select--Adernaline 0.'

2018-05-09 16:10:05 - [MESSAGE][PASSED] - All options with index in [3] are selected on object 'Object Repository/MOH AND GRN/Page_KDMC - CMS/select_--Select--Adernaline 0.'

2018-05-09 16:10:05 - [TEST_STEP][PASSED] - setText: Text '5000' is set on object 'Object Repository/MOH AND GRN/Page_KDMC - CMS/input_txttreat'

2018-05-09 16:10:05 - [MESSAGE][PASSED] - Text '5000' is set on object 'Object Repository/MOH AND GRN/Page_KDMC - CMS/input_txttreat'

2018-05-09 16:10:05 - [TEST_STEP][PASSED] - click: Object: 'Object Repository/MOH AND GRN/Page_KDMC - CMS/button_Add' is clicked on

2018-05-09 16:10:05 - [MESSAGE][PASSED] - Object: 'Object Repository/MOH AND GRN/Page_KDMC - CMS/button_Add' is clicked on

2018-05-09 16:10:05 - [TEST_STEP][PASSED] - selectOptionByIndex: All options with index in [10] are selected on object 'Object Repository/MOH AND GRN/Page_KDMC - CMS/select_--Select--Schedule 1Inj'

2018-05-09 16:10:06 - [MESSAGE][PASSED] - All options with index in [10] are selected on object 'Object Repository/MOH AND GRN/Page_KDMC - CMS/select_--Select--Schedule 1Inj'

2018-05-09 16:10:06 - [TEST_STEP][PASSED] - selectOptionByIndex: All options with index in [4] are selected on object 'Object Repository/MOH AND GRN/Page_KDMC - CMS/select_--Select--Adernaline 0.'

2018-05-09 16:10:06 - [MESSAGE][PASSED] - All options with index in [4] are selected on object 'Object Repository/MOH AND GRN/Page_KDMC - CMS/select_--Select--Adernaline 0.'

2018-05-09 16:10:06 - [TEST_STEP][PASSED] - setText: Text '5000' is set on object 'Object Repository/MOH AND GRN/Page_KDMC - CMS/input_txttreat'

2018-05-09 16:10:06 - [MESSAGE][PASSED] - Text '5000' is set on object 'Object Repository/MOH AND GRN/Page_KDMC - CMS/input_txttreat'

2018-05-09 16:10:06 - [TEST_STEP][PASSED] - click: Object: 'Object Repository/MOH AND GRN/Page_KDMC - CMS/button_Add' is clicked on

2018-05-09 16:10:06 - [MESSAGE][PASSED] - Object: 'Object Repository/MOH AND GRN/Page_KDMC - CMS/button_Add' is clicked on

2018-05-09 16:10:06 - [TEST_STEP][PASSED] - selectOptionByIndex: All options with index in [10] are selected on object 'Object Repository/MOH AND GRN/Page_KDMC - CMS/select_--Select--Schedule 1Inj'

2018-05-09 16:10:06 - [MESSAGE][PASSED] - All options with index in [10] are selected on object 'Object Repository/MOH AND GRN/Page_KDMC - CMS/select_--Select--Schedule 1Inj'

2018-05-09 16:10:06 - [TEST_STEP][PASSED] - selectOptionByIndex: All options with index in [5] are selected on object 'Object Repository/MOH AND GRN/Page_KDMC - CMS/select_--Select--Adernaline 0.'

2018-05-09 16:10:06 - [MESSAGE][PASSED] - All options with index in [5] are selected on object 'Object Repository/MOH AND GRN/Page_KDMC - CMS/select_--Select--Adernaline 0.'

2018-05-09 16:10:06 - [TEST_STEP][PASSED] - setText: Text '5000' is set on object 'Object Repository/MOH AND GRN/Page_KDMC - CMS/input_txttreat'

2018-05-09 16:10:06 - [MESSAGE][PASSED] - Text '5000' is set on object 'Object Repository/MOH AND GRN/Page_KDMC - CMS/input_txttreat'

2018-05-09 16:10:06 - [TEST_STEP][PASSED] - click: Object: 'Object Repository/MOH AND GRN/Page_KDMC - CMS/button_Add' is clicked on

2018-05-09 16:10:06 - [MESSAGE][PASSED] - Object: 'Object Repository/MOH AND GRN/Page_KDMC - CMS/button_Add' is clicked on

2018-05-09 16:10:06 - [TEST_STEP][PASSED] - selectOptionByIndex: All options with index in [10] are selected on object 'Object Repository/MOH AND GRN/Page_KDMC - CMS/select_--Select--Schedule 1Inj'

2018-05-09 16:10:07 - [MESSAGE][PASSED] - All options with index in [10] are selected on object 'Object Repository/MOH AND GRN/Page_KDMC - CMS/select_--Select--Schedule 1Inj'

2018-05-09 16:10:07 - [TEST_STEP][PASSED] - selectOptionByIndex: All options with index in [6] are selected on object 'Object Repository/MOH AND GRN/Page_KDMC - CMS/select_--Select--Adernaline 0.'

2018-05-09 16:10:07 - [MESSAGE][PASSED] - All options with index in [6] are selected on object 'Object Repository/MOH AND GRN/Page_KDMC - CMS/select_--Select--Adernaline 0.'

2018-05-09 16:10:07 - [TEST_STEP][PASSED] - setText: Text '5000' is set on object 'Object Repository/MOH AND GRN/Page_KDMC - CMS/input_txttreat'

2018-05-09 16:10:07 - [MESSAGE][PASSED] - Text '5000' is set on object 'Object Repository/MOH AND GRN/Page_KDMC - CMS/input_txttreat'

2018-05-09 16:10:07 - [TEST_STEP][PASSED] - click: Object: 'Object Repository/MOH AND GRN/Page_KDMC - CMS/button_Add' is clicked on

2018-05-09 16:10:12 - [MESSAGE][PASSED] - Object: 'Object Repository/MOH AND GRN/Page_KDMC - CMS/button_Add' is clicked on

2018-05-09 16:10:12 - [TEST_STEP][PASSED] - selectOptionByIndex: All options with index in [10] are selected on object 'Object Repository/MOH AND GRN/Page_KDMC - CMS/select_--Select--Schedule 1Inj'

2018-05-09 16:10:12 - [MESSAGE][PASSED] - All options with index in [10] are selected on object 'Object Repository/MOH AND GRN/Page_KDMC - CMS/select_--Select--Schedule 1Inj'

2018-05-09 16:10:12 - [TEST_STEP][PASSED] - selectOptionByIndex: All options with index in [7] are selected on object 'Object Repository/MOH AND GRN/Page_KDMC - CMS/select_--Select--Adernaline 0.'

2018-05-09 16:10:12 - [MESSAGE][PASSED] - All options with index in [7] are selected on object 'Object Repository/MOH AND GRN/Page_KDMC - CMS/select_--Select--Adernaline 0.'

2018-05-09 16:10:12 - [TEST_STEP][PASSED] - setText: Text '5000' is set on object 'Object Repository/MOH AND GRN/Page_KDMC - CMS/input_txttreat'

2018-05-09 16:10:12 - [MESSAGE][PASSED] - Text '5000' is set on object 'Object Repository/MOH AND GRN/Page_KDMC - CMS/input_txttreat'

2018-05-09 16:10:12 - [TEST_STEP][PASSED] - click: Object: 'Object Repository/MOH AND GRN/Page_KDMC - CMS/button_Add' is clicked on

2018-05-09 16:10:18 - [MESSAGE][PASSED] - Object: 'Object Repository/MOH AND GRN/Page_KDMC - CMS/button_Add' is clicked on

2018-05-09 16:10:18 - [TEST_STEP][PASSED] - selectOptionByIndex: All options with index in [10] are selected on object 'Object Repository/MOH AND GRN/Page_KDMC - CMS/select_--Select--Schedule 1Inj'

2018-05-09 16:10:18 - [MESSAGE][PASSED] - All options with index in [10] are selected on object 'Object Repository/MOH AND GRN/Page_KDMC - CMS/select_--Select--Schedule 1Inj'

2018-05-09 16:10:18 - [TEST_STEP][PASSED] - selectOptionByIndex: All options with index in [8] are selected on object 'Object Repository/MOH AND GRN/Page_KDMC - CMS/select_--Select--Adernaline 0.'

2018-05-09 16:10:18 - [MESSAGE][PASSED] - All options with index in [8] are selected on object 'Object Repository/MOH AND GRN/Page_KDMC - CMS/select_--Select--Adernaline 0.'

2018-05-09 16:10:18 - [TEST_STEP][PASSED] - setText: Text '5000' is set on object 'Object Repository/MOH AND GRN/Page_KDMC - CMS/input_txttreat'

2018-05-09 16:10:18 - [MESSAGE][PASSED] - Text '5000' is set on object 'Object Repository/MOH AND GRN/Page_KDMC - CMS/input_txttreat'

2018-05-09 16:10:18 - [TEST_STEP][PASSED] - click: Object: 'Object Repository/MOH AND GRN/Page_KDMC - CMS/button_Add' is clicked on

2018-05-09 16:10:23 - [MESSAGE][PASSED] - Object: 'Object Repository/MOH AND GRN/Page_KDMC - CMS/button_Add' is clicked on

2018-05-09 16:10:23 - [TEST_STEP][PASSED] - selectOptionByIndex: All options with index in [10] are selected on object 'Object Repository/MOH AND GRN/Page_KDMC - CMS/select_--Select--Schedule 1Inj'

2018-05-09 16:10:23 - [MESSAGE][PASSED] - All options with index in [10] are selected on object 'Object Repository/MOH AND GRN/Page_KDMC - CMS/select_--Select--Schedule 1Inj'

2018-05-09 16:10:23 - [TEST_STEP][PASSED] - selectOptionByIndex: All options with index in [9] are selected on object 'Object Repository/MOH AND GRN/Page_KDMC - CMS/select_--Select--Adernaline 0.'

2018-05-09 16:10:24 - [MESSAGE][PASSED] - All options with index in [9] are selected on object 'Object Repository/MOH AND GRN/Page_KDMC - CMS/select_--Select--Adernaline 0.'

2018-05-09 16:10:24 - [TEST_STEP][PASSED] - setText: Text '5000' is set on object 'Object Repository/MOH AND GRN/Page_KDMC - CMS/input_txttreat'

2018-05-09 16:10:24 - [MESSAGE][PASSED] - Text '5000' is set on object 'Object Repository/MOH AND GRN/Page_KDMC - CMS/input_txttreat'

2018-05-09 16:10:24 - [TEST_STEP][PASSED] - click: Object: 'Object Repository/MOH AND GRN/Page_KDMC - CMS/button_Add' is clicked on

2018-05-09 16:10:29 - [MESSAGE][PASSED] - Object: 'Object Repository/MOH AND GRN/Page_KDMC - CMS/button_Add' is clicked on

2018-05-09 16:10:29 - [TEST_STEP][PASSED] - selectOptionByIndex: All options with index in [10] are selected on object 'Object Repository/MOH AND GRN/Page_KDMC - CMS/select_--Select--Schedule 1Inj'

2018-05-09 16:10:29 - [MESSAGE][PASSED] - All options with index in [10] are selected on object 'Object Repository/MOH AND GRN/Page_KDMC - CMS/select_--Select--Schedule 1Inj'

2018-05-09 16:10:29 - [TEST_STEP][PASSED] - selectOptionByIndex: All options with index in [10] are selected on object 'Object Repository/MOH AND GRN/Page_KDMC - CMS/select_--Select--Adernaline 0.'

2018-05-09 16:10:29 - [MESSAGE][PASSED] - All options with index in [10] are selected on object 'Object Repository/MOH AND GRN/Page_KDMC - CMS/select_--Select--Adernaline 0.'

2018-05-09 16:10:29 - [TEST_STEP][PASSED] - setText: Text '5000' is set on object 'Object Repository/MOH AND GRN/Page_KDMC - CMS/input_txttreat'

2018-05-09 16:10:29 - [MESSAGE][PASSED] - Text '5000' is set on object 'Object Repository/MOH AND GRN/Page_KDMC - CMS/input_txttreat'

2018-05-09 16:10:29 - [TEST_STEP][PASSED] - click: Object: 'Object Repository/MOH AND GRN/Page_KDMC - CMS/button_Add' is clicked on

2018-05-09 16:10:34 - [MESSAGE][PASSED] - Object: 'Object Repository/MOH AND GRN/Page_KDMC - CMS/button_Add' is clicked on

2018-05-09 16:10:34 - [TEST_STEP][PASSED] - selectOptionByIndex: All options with index in [10] are selected on object 'Object Repository/MOH AND GRN/Page_KDMC - CMS/select_--Select--Schedule 1Inj'

2018-05-09 16:10:34 - [MESSAGE][PASSED] - All options with index in [10] are selected on object 'Object Repository/MOH AND GRN/Page_KDMC - CMS/select_--Select--Schedule 1Inj'

2018-05-09 16:10:34 - [TEST_STEP][PASSED] - selectOptionByIndex: All options with index in [11] are selected on object 'Object Repository/MOH AND GRN/Page_KDMC - CMS/select_--Select--Adernaline 0.'

2018-05-09 16:10:35 - [MESSAGE][PASSED] - All options with index in [11] are selected on object 'Object Repository/MOH AND GRN/Page_KDMC - CMS/select_--Select--Adernaline 0.'

2018-05-09 16:10:35 - [TEST_STEP][PASSED] - setText: Text '5000' is set on object 'Object Repository/MOH AND GRN/Page_KDMC - CMS/input_txttreat'

2018-05-09 16:10:35 - [MESSAGE][PASSED] - Text '5000' is set on object 'Object Repository/MOH AND GRN/Page_KDMC - CMS/input_txttreat'

2018-05-09 16:10:35 - [TEST_STEP][PASSED] - click: Object: 'Object Repository/MOH AND GRN/Page_KDMC - CMS/button_Add' is clicked on

2018-05-09 16:10:40 - [MESSAGE][PASSED] - Object: 'Object Repository/MOH AND GRN/Page_KDMC - CMS/button_Add' is clicked on

2018-05-09 16:10:40 - [TEST_STEP][PASSED] - selectOptionByIndex: All options with index in [10] are selected on object 'Object Repository/MOH AND GRN/Page_KDMC - CMS/select_--Select--Schedule 1Inj'

2018-05-09 16:10:40 - [MESSAGE][PASSED] - All options with index in [10] are selected on object 'Object Repository/MOH AND GRN/Page_KDMC - CMS/select_--Select--Schedule 1Inj'

2018-05-09 16:10:40 - [TEST_STEP][PASSED] - selectOptionByIndex: All options with index in [12] are selected on object 'Object Repository/MOH AND GRN/Page_KDMC - CMS/select_--Select--Adernaline 0.'

2018-05-09 16:10:40 - [MESSAGE][PASSED] - All options with index in [12] are selected on object 'Object Repository/MOH AND GRN/Page_KDMC - CMS/select_--Select--Adernaline 0.'

2018-05-09 16:10:40 - [TEST_STEP][PASSED] - setText: Text '5000' is set on object 'Object Repository/MOH AND GRN/Page_KDMC - CMS/input_txttreat'

2018-05-09 16:10:40 - [MESSAGE][PASSED] - Text '5000' is set on object 'Object Repository/MOH AND GRN/Page_KDMC - CMS/input_txttreat'

2018-05-09 16:10:40 - [TEST_STEP][PASSED] - click: Object: 'Object Repository/MOH AND GRN/Page_KDMC - CMS/button_Add' is clicked on

2018-05-09 16:10:45 - [MESSAGE][PASSED] - Object: 'Object Repository/MOH AND GRN/Page_KDMC - CMS/button_Add' is clicked on

2018-05-09 16:10:45 - [TEST_STEP][PASSED] - selectOptionByIndex: All options with index in [10] are selected on object 'Object Repository/MOH AND GRN/Page_KDMC - CMS/select_--Select--Schedule 1Inj'

2018-05-09 16:10:45 - [MESSAGE][PASSED] - All options with index in [10] are selected on object 'Object Repository/MOH AND GRN/Page_KDMC - CMS/select_--Select--Schedule 1Inj'

2018-05-09 16:10:45 - [TEST_STEP][PASSED] - selectOptionByIndex: All options with index in [13] are selected on object 'Object Repository/MOH AND GRN/Page_KDMC - CMS/select_--Select--Adernaline 0.'

2018-05-09 16:10:46 - [MESSAGE][PASSED] - All options with index in [13] are selected on object 'Object Repository/MOH AND GRN/Page_KDMC - CMS/select_--Select--Adernaline 0.'

2018-05-09 16:10:46 - [TEST_STEP][PASSED] - setText: Text '5000' is set on object 'Object Repository/MOH AND GRN/Page_KDMC - CMS/input_txttreat'

2018-05-09 16:10:46 - [MESSAGE][PASSED] - Text '5000' is set on object 'Object Repository/MOH AND GRN/Page_KDMC - CMS/input_txttreat'

2018-05-09 16:10:46 - [TEST_STEP][PASSED] - click: Object: 'Object Repository/MOH AND GRN/Page_KDMC - CMS/button_Add' is clicked on

2018-05-09 16:10:51 - [MESSAGE][PASSED] - Object: 'Object Repository/MOH AND GRN/Page_KDMC - CMS/button_Add' is clicked on

2018-05-09 16:10:51 - [TEST_STEP][PASSED] - selectOptionByIndex: All options with index in [10] are selected on object 'Object Repository/MOH AND GRN/Page_KDMC - CMS/select_--Select--Schedule 1Inj'

2018-05-09 16:10:51 - [MESSAGE][PASSED] - All options with index in [10] are selected on object 'Object Repository/MOH AND GRN/Page_KDMC - CMS/select_--Select--Schedule 1Inj'

2018-05-09 16:10:51 - [TEST_STEP][PASSED] - selectOptionByIndex: All options with index in [14] are selected on object 'Object Repository/MOH AND GRN/Page_KDMC - CMS/select_--Select--Adernaline 0.'

2018-05-09 16:10:51 - [MESSAGE][PASSED] - All options with index in [14] are selected on object 'Object Repository/MOH AND GRN/Page_KDMC - CMS/select_--Select--Adernaline 0.'

2018-05-09 16:10:51 - [TEST_STEP][PASSED] - setText: Text '5000' is set on object 'Object Repository/MOH AND GRN/Page_KDMC - CMS/input_txttreat'

2018-05-09 16:10:51 - [MESSAGE][PASSED] - Text '5000' is set on object 'Object Repository/MOH AND GRN/Page_KDMC - CMS/input_txttreat'

2018-05-09 16:10:51 - [TEST_STEP][PASSED] - click: Object: 'Object Repository/MOH AND GRN/Page_KDMC - CMS/button_Add' is clicked on

2018-05-09 16:10:56 - [MESSAGE][PASSED] - Object: 'Object Repository/MOH AND GRN/Page_KDMC - CMS/button_Add' is clicked on

2018-05-09 16:10:56 - [TEST_STEP][PASSED] - selectOptionByIndex: All options with index in [10] are selected on object 'Object Repository/MOH AND GRN/Page_KDMC - CMS/select_--Select--Schedule 1Inj'

2018-05-09 16:10:57 - [MESSAGE][PASSED] - All options with index in [10] are selected on object 'Object Repository/MOH AND GRN/Page_KDMC - CMS/select_--Select--Schedule 1Inj'

2018-05-09 16:10:57 - [TEST_STEP][PASSED] - selectOptionByIndex: All options with index in [15] are selected on object 'Object Repository/MOH AND GRN/Page_KDMC - CMS/select_--Select--Adernaline 0.'

2018-05-09 16:10:57 - [MESSAGE][PASSED] - All options with index in [15] are selected on object 'Object Repository/MOH AND GRN/Page_KDMC - CMS/select_--Select--Adernaline 0.'

2018-05-09 16:10:57 - [TEST_STEP][PASSED] - setText: Text '5000' is set on object 'Object Repository/MOH AND GRN/Page_KDMC - CMS/input_txttreat'

2018-05-09 16:10:57 - [MESSAGE][PASSED] - Text '5000' is set on object 'Object Repository/MOH AND GRN/Page_KDMC - CMS/input_txttreat'

2018-05-09 16:10:57 - [TEST_STEP][PASSED] - click: Object: 'Object Repository/MOH AND GRN/Page_KDMC - CMS/button_Add' is clicked on

2018-05-09 16:11:02 - [MESSAGE][PASSED] - Object: 'Object Repository/MOH AND GRN/Page_KDMC - CMS/button_Add' is clicked on

2018-05-09 16:11:02 - [TEST_STEP][PASSED] - selectOptionByIndex: All options with index in [10] are selected on object 'Object Repository/MOH AND GRN/Page_KDMC - CMS/select_--Select--Schedule 1Inj'

2018-05-09 16:11:02 - [MESSAGE][PASSED] - All options with index in [10] are selected on object 'Object Repository/MOH AND GRN/Page_KDMC - CMS/select_--Select--Schedule 1Inj'

2018-05-09 16:11:02 - [TEST_STEP][PASSED] - selectOptionByIndex: All options with index in [16] are selected on object 'Object Repository/MOH AND GRN/Page_KDMC - CMS/select_--Select--Adernaline 0.'

2018-05-09 16:11:02 - [MESSAGE][PASSED] - All options with index in [16] are selected on object 'Object Repository/MOH AND GRN/Page_KDMC - CMS/select_--Select--Adernaline 0.'

2018-05-09 16:11:02 - [TEST_STEP][PASSED] - setText: Text '5000' is set on object 'Object Repository/MOH AND GRN/Page_KDMC - CMS/input_txttreat'

2018-05-09 16:11:02 - [MESSAGE][PASSED] - Text '5000' is set on object 'Object Repository/MOH AND GRN/Page_KDMC - CMS/input_txttreat'

2018-05-09 16:11:02 - [TEST_STEP][PASSED] - click: Object: 'Object Repository/MOH AND GRN/Page_KDMC - CMS/button_Add' is clicked on

2018-05-09 16:11:07 - [MESSAGE][PASSED] - Object: 'Object Repository/MOH AND GRN/Page_KDMC - CMS/button_Add' is clicked on

2018-05-09 16:11:07 - [TEST_STEP][PASSED] - selectOptionByIndex: All options with index in [10] are selected on object 'Object Repository/MOH AND GRN/Page_KDMC - CMS/select_--Select--Schedule 1Inj'

2018-05-09 16:11:08 - [MESSAGE][PASSED] - All options with index in [10] are selected on object 'Object Repository/MOH AND GRN/Page_KDMC - CMS/select_--Select--Schedule 1Inj'

2018-05-09 16:11:08 - [TEST_STEP][PASSED] - selectOptionByIndex: All options with index in [17] are selected on object 'Object Repository/MOH AND GRN/Page_KDMC - CMS/select_--Select--Adernaline 0.'

2018-05-09 16:11:08 - [MESSAGE][PASSED] - All options with index in [17] are selected on object 'Object Repository/MOH AND GRN/Page_KDMC - CMS/select_--Select--Adernaline 0.'

2018-05-09 16:11:08 - [TEST_STEP][PASSED] - setText: Text '5000' is set on object 'Object Repository/MOH AND GRN/Page_KDMC - CMS/input_txttreat'

2018-05-09 16:11:08 - [MESSAGE][PASSED] - Text '5000' is set on object 'Object Repository/MOH AND GRN/Page_KDMC - CMS/input_txttreat'

2018-05-09 16:11:08 - [TEST_STEP][PASSED] - click: Object: 'Object Repository/MOH AND GRN/Page_KDMC - CMS/button_Add' is clicked on

2018-05-09 16:11:13 - [MESSAGE][PASSED] - Object: 'Object Repository/MOH AND GRN/Page_KDMC - CMS/button_Add' is clicked on

2018-05-09 16:11:13 - [TEST_STEP][PASSED] - selectOptionByIndex: All options with index in [10] are selected on object 'Object Repository/MOH AND GRN/Page_KDMC - CMS/select_--Select--Schedule 1Inj'

2018-05-09 16:11:13 - [MESSAGE][PASSED] - All options with index in [10] are selected on object 'Object Repository/MOH AND GRN/Page_KDMC - CMS/select_--Select--Schedule 1Inj'

2018-05-09 16:11:13 - [TEST_STEP][PASSED] - selectOptionByIndex: All options with index in [18] are selected on object 'Object Repository/MOH AND GRN/Page_KDMC - CMS/select_--Select--Adernaline 0.'

2018-05-09 16:11:13 - [MESSAGE][PASSED] - All options with index in [18] are selected on object 'Object Repository/MOH AND GRN/Page_KDMC - CMS/select_--Select--Adernaline 0.'

2018-05-09 16:11:13 - [TEST_STEP][PASSED] - setText: Text '5000' is set on object 'Object Repository/MOH AND GRN/Page_KDMC - CMS/input_txttreat'

2018-05-09 16:11:14 - [MESSAGE][PASSED] - Text '5000' is set on object 'Object Repository/MOH AND GRN/Page_KDMC - CMS/input_txttreat'

2018-05-09 16:11:14 - [TEST_STEP][PASSED] - click: Object: 'Object Repository/MOH AND GRN/Page_KDMC - CMS/button_Add' is clicked on

2018-05-09 16:11:19 - [MESSAGE][PASSED] - Object: 'Object Repository/MOH AND GRN/Page_KDMC - CMS/button_Add' is clicked on

2018-05-09 16:11:19 - [TEST_STEP][PASSED] - scrollToElement: Scroll to object 'Object Repository/MOH AND GRN/Page_KDMC - CMS/input_btnsave' successfully

2018-05-09 16:11:19 - [MESSAGE][PASSED] - Scroll to object 'Object Repository/MOH AND GRN/Page_KDMC - CMS/input_btnsave' successfully

2018-05-09 16:11:19 - [TEST_STEP][PASSED] - click: Object: 'Object Repository/MOH AND GRN/Page_KDMC - CMS/input_btnsave' is clicked on

2018-05-09 16:11:24 - [MESSAGE][PASSED] - Object: 'Object Repository/MOH AND GRN/Page_KDMC - CMS/input_btnsave' is clicked on

2018-05-09 16:11:24 - [TEST_STEP][PASSED] - delay: Delayed 3 second(s)

2018-05-09 16:11:27 - [MESSAGE][PASSED] - Delayed 3 second(s)

2018-05-09 16:11:27 - [TEST_STEP][PASSED] - Statement - Request1 = com.kms.katalon.core.webui.keyword.WebUiBuiltInKeywords.getText(com.kms.katalon.core.testobject.ObjectRepository.findTestObject(MOH AND GRN/Page_KDMC - CMS/font_PRNO0505201876)): Text of object 'Object Repository/MOH AND GRN/Page_KDMC - CMS/font_PRNO0505201876' is: ''

2018-05-09 16:11:27 - [MESSAGE][PASSED] - Text of object 'Object Repository/MOH AND GRN/Page_KDMC - CMS/font_PRNO0505201876' is: ''

2018-05-09 16:11:27 - [TEST_STEP][PASSED] - Statement - out.println("Length OF The Medicine " + Request1): null

2018-05-09 16:11:27 - [TEST_STEP][PASSED] - Statement - RequestNUmber = Request1.split("/")[2].trim(): null]]></system-out>
         <system-err><![CDATA[2018-05-09 16:09:44 - [TEST_CASE][ERROR] - Test Cases/MOH REQUEST AND GRN/Moh Request GRN  Schedule 10: Test Cases/MOH REQUEST AND GRN/Moh Request GRN  Schedule 10 FAILED because (of) java.lang.ArrayIndexOutOfBoundsException: 2]]></system-err>
      </testcase>
      <testcase name="Test Cases/MOH REQUEST AND GRN/Moh Request GRN  Schedule 11" classname="Test Cases/MOH REQUEST AND GRN/Moh Request GRN  Schedule 11" status="FAILED">
         <failure type="FAILED" message="Unable to click on object 'Object Repository/MOH AND GRN/Page_KDMC - CMS/button_OK' (Root cause: com.kms.katalon.core.webui.exception.WebElementNotFoundException: Web element with id: 'Object Repository/MOH AND GRN/Page_KDMC - CMS/button_OK' located by 'By.xpath: /html[1]/body[@class=&quot;skin-blue  pace-done modal-open&quot;]/div[@class=&quot;bootbox modal fade bootbox-alert in&quot;]/div[@class=&quot;modal-dialog&quot;]/div[@class=&quot;modal-content&quot;]/div[@class=&quot;modal-footer&quot;]/button[@class=&quot;btn btn-primary&quot;][count(. | //button[@type = 'button' and (text() = 'OK' or . = 'OK')]) = count(//button[@type = 'button' and (text() = 'OK' or . = 'OK')])]' not found)"/>
         <system-out><![CDATA[2018-05-09 16:11:27 - [TEST_CASE][FAILED] - Test Cases/MOH REQUEST AND GRN/Moh Request GRN  Schedule 11: Test Cases/MOH REQUEST AND GRN/Moh Request GRN  Schedule 11 FAILED because (of) Unable to click on object 'Object Repository/MOH AND GRN/Page_KDMC - CMS/button_OK' (Root cause: com.kms.katalon.core.webui.exception.WebElementNotFoundException: Web element with id: 'Object Repository/MOH AND GRN/Page_KDMC - CMS/button_OK' located by 'By.xpath: /html[1]/body[@class="skin-blue  pace-done modal-open"]/div[@class="bootbox modal fade bootbox-alert in"]/div[@class="modal-dialog"]/div[@class="modal-content"]/div[@class="modal-footer"]/button[@class="btn btn-primary"][count(. | //button[@type = 'button' and (text() = 'OK' or . = 'OK')]) = count(//button[@type = 'button' and (text() = 'OK' or . = 'OK')])]' not found)

2018-05-09 16:11:27 - [TEST_STEP][PASSED] - openBrowser: Browser is opened with url: ''

2018-05-09 16:11:27 - [MESSAGE][WARNING] - A browser is already opened. Closing browser and opening a new one

2018-05-09 16:11:30 - [MESSAGE][PASSED] - Browser is opened with url: ''

2018-05-09 16:11:30 - [TEST_STEP][PASSED] - navigateToUrl: Navigate to 'http://192.168.137.1/multihospital_new/' successfully

2018-05-09 16:11:33 - [MESSAGE][PASSED] - Navigate to 'http://192.168.137.1/multihospital_new/' successfully

2018-05-09 16:11:33 - [TEST_STEP][PASSED] - maximizeWindow: Current window maximized

2018-05-09 16:11:34 - [MESSAGE][PASSED] - Current window maximized

2018-05-09 16:11:34 - [TEST_STEP][PASSED] - click: Object: 'Object Repository/MOH AND GRN/Page_KDMC/a_CMS' is clicked on

2018-05-09 16:11:35 - [MESSAGE][PASSED] - Object: 'Object Repository/MOH AND GRN/Page_KDMC/a_CMS' is clicked on

2018-05-09 16:11:35 - [TEST_STEP][PASSED] - setText: Text 'bala' is set on object 'Object Repository/MOH AND GRN/Page_CMS login/input_txtusername'

2018-05-09 16:11:35 - [MESSAGE][PASSED] - Text 'bala' is set on object 'Object Repository/MOH AND GRN/Page_CMS login/input_txtusername'

2018-05-09 16:11:35 - [TEST_STEP][PASSED] - setText: Text '123' is set on object 'Object Repository/MOH AND GRN/Page_CMS login/input_txtpassword'

2018-05-09 16:11:35 - [MESSAGE][PASSED] - Text '123' is set on object 'Object Repository/MOH AND GRN/Page_CMS login/input_txtpassword'

2018-05-09 16:11:35 - [TEST_STEP][PASSED] - delay: Delayed 3 second(s)

2018-05-09 16:11:38 - [MESSAGE][PASSED] - Delayed 3 second(s)

2018-05-09 16:11:38 - [TEST_STEP][PASSED] - click: Object: 'Object Repository/MOH AND GRN/Page_CMS login/button_Sign in' is clicked on

2018-05-09 16:11:39 - [MESSAGE][PASSED] - Object: 'Object Repository/MOH AND GRN/Page_CMS login/button_Sign in' is clicked on

2018-05-09 16:11:39 - [TEST_STEP][PASSED] - click: Object: 'Object Repository/MOH AND GRN/Page_KDMC - CMS/a_Request to MOH' is clicked on

2018-05-09 16:11:40 - [MESSAGE][PASSED] - Object: 'Object Repository/MOH AND GRN/Page_KDMC - CMS/a_Request to MOH' is clicked on

2018-05-09 16:11:40 - [TEST_STEP][PASSED] - selectOptionByIndex: All options with index in [2] are selected on object 'Object Repository/MOH AND GRN/Page_KDMC - CMS/select_--Select--'

2018-05-09 16:11:40 - [MESSAGE][PASSED] - All options with index in [2] are selected on object 'Object Repository/MOH AND GRN/Page_KDMC - CMS/select_--Select--'

2018-05-09 16:11:40 - [TEST_STEP][PASSED] - selectOptionByIndex: All options with index in [11] are selected on object 'Object Repository/MOH AND GRN/Page_KDMC - CMS/select_--Select--Schedule 1Inj'

2018-05-09 16:11:40 - [MESSAGE][PASSED] - All options with index in [11] are selected on object 'Object Repository/MOH AND GRN/Page_KDMC - CMS/select_--Select--Schedule 1Inj'

2018-05-09 16:11:40 - [TEST_STEP][PASSED] - Statement - selectedoptions = com.kms.katalon.core.webui.keyword.WebUiBuiltInKeywords.getNumberOfTotalOption(com.kms.katalon.core.testobject.ObjectRepository.findTestObject(MOH AND GRN/Page_KDMC - CMS/select_--Select--Adernaline 0.)): 81 options of object 'Object Repository/MOH AND GRN/Page_KDMC - CMS/select_--Select--Adernaline 0.' counted

2018-05-09 16:11:40 - [MESSAGE][PASSED] - 81 options of object 'Object Repository/MOH AND GRN/Page_KDMC - CMS/select_--Select--Adernaline 0.' counted

2018-05-09 16:11:40 - [TEST_STEP][PASSED] - Statement - For ([j = 1, j <= selectedoptions - 1, (j++)]): Object: 'Object Repository/MOH AND GRN/Page_KDMC - CMS/button_Add' is clicked on

2018-05-09 16:11:40 - [TEST_STEP][PASSED] - selectOptionByIndex: All options with index in [11] are selected on object 'Object Repository/MOH AND GRN/Page_KDMC - CMS/select_--Select--Schedule 1Inj'

2018-05-09 16:11:41 - [MESSAGE][PASSED] - All options with index in [11] are selected on object 'Object Repository/MOH AND GRN/Page_KDMC - CMS/select_--Select--Schedule 1Inj'

2018-05-09 16:11:41 - [TEST_STEP][PASSED] - selectOptionByIndex: All options with index in [1] are selected on object 'Object Repository/MOH AND GRN/Page_KDMC - CMS/select_--Select--Adernaline 0.'

2018-05-09 16:11:41 - [MESSAGE][PASSED] - All options with index in [1] are selected on object 'Object Repository/MOH AND GRN/Page_KDMC - CMS/select_--Select--Adernaline 0.'

2018-05-09 16:11:41 - [TEST_STEP][PASSED] - setText: Text '5000' is set on object 'Object Repository/MOH AND GRN/Page_KDMC - CMS/input_txttreat'

2018-05-09 16:11:41 - [MESSAGE][PASSED] - Text '5000' is set on object 'Object Repository/MOH AND GRN/Page_KDMC - CMS/input_txttreat'

2018-05-09 16:11:41 - [TEST_STEP][PASSED] - click: Object: 'Object Repository/MOH AND GRN/Page_KDMC - CMS/button_Add' is clicked on

2018-05-09 16:11:41 - [MESSAGE][PASSED] - Object: 'Object Repository/MOH AND GRN/Page_KDMC - CMS/button_Add' is clicked on

2018-05-09 16:11:41 - [TEST_STEP][PASSED] - selectOptionByIndex: All options with index in [11] are selected on object 'Object Repository/MOH AND GRN/Page_KDMC - CMS/select_--Select--Schedule 1Inj'

2018-05-09 16:11:41 - [MESSAGE][PASSED] - All options with index in [11] are selected on object 'Object Repository/MOH AND GRN/Page_KDMC - CMS/select_--Select--Schedule 1Inj'

2018-05-09 16:11:41 - [TEST_STEP][PASSED] - selectOptionByIndex: All options with index in [2] are selected on object 'Object Repository/MOH AND GRN/Page_KDMC - CMS/select_--Select--Adernaline 0.'

2018-05-09 16:11:41 - [MESSAGE][PASSED] - All options with index in [2] are selected on object 'Object Repository/MOH AND GRN/Page_KDMC - CMS/select_--Select--Adernaline 0.'

2018-05-09 16:11:41 - [TEST_STEP][PASSED] - setText: Text '5000' is set on object 'Object Repository/MOH AND GRN/Page_KDMC - CMS/input_txttreat'

2018-05-09 16:11:41 - [MESSAGE][PASSED] - Text '5000' is set on object 'Object Repository/MOH AND GRN/Page_KDMC - CMS/input_txttreat'

2018-05-09 16:11:41 - [TEST_STEP][PASSED] - click: Object: 'Object Repository/MOH AND GRN/Page_KDMC - CMS/button_Add' is clicked on

2018-05-09 16:11:41 - [MESSAGE][PASSED] - Object: 'Object Repository/MOH AND GRN/Page_KDMC - CMS/button_Add' is clicked on

2018-05-09 16:11:41 - [TEST_STEP][PASSED] - selectOptionByIndex: All options with index in [11] are selected on object 'Object Repository/MOH AND GRN/Page_KDMC - CMS/select_--Select--Schedule 1Inj'

2018-05-09 16:11:42 - [MESSAGE][PASSED] - All options with index in [11] are selected on object 'Object Repository/MOH AND GRN/Page_KDMC - CMS/select_--Select--Schedule 1Inj'

2018-05-09 16:11:42 - [TEST_STEP][PASSED] - selectOptionByIndex: All options with index in [3] are selected on object 'Object Repository/MOH AND GRN/Page_KDMC - CMS/select_--Select--Adernaline 0.'

2018-05-09 16:11:42 - [MESSAGE][PASSED] - All options with index in [3] are selected on object 'Object Repository/MOH AND GRN/Page_KDMC - CMS/select_--Select--Adernaline 0.'

2018-05-09 16:11:42 - [TEST_STEP][PASSED] - setText: Text '5000' is set on object 'Object Repository/MOH AND GRN/Page_KDMC - CMS/input_txttreat'

2018-05-09 16:11:42 - [MESSAGE][PASSED] - Text '5000' is set on object 'Object Repository/MOH AND GRN/Page_KDMC - CMS/input_txttreat'

2018-05-09 16:11:42 - [TEST_STEP][PASSED] - click: Object: 'Object Repository/MOH AND GRN/Page_KDMC - CMS/button_Add' is clicked on

2018-05-09 16:11:42 - [MESSAGE][PASSED] - Object: 'Object Repository/MOH AND GRN/Page_KDMC - CMS/button_Add' is clicked on

2018-05-09 16:11:42 - [TEST_STEP][PASSED] - selectOptionByIndex: All options with index in [11] are selected on object 'Object Repository/MOH AND GRN/Page_KDMC - CMS/select_--Select--Schedule 1Inj'

2018-05-09 16:11:42 - [MESSAGE][PASSED] - All options with index in [11] are selected on object 'Object Repository/MOH AND GRN/Page_KDMC - CMS/select_--Select--Schedule 1Inj'

2018-05-09 16:11:42 - [TEST_STEP][PASSED] - selectOptionByIndex: All options with index in [4] are selected on object 'Object Repository/MOH AND GRN/Page_KDMC - CMS/select_--Select--Adernaline 0.'

2018-05-09 16:11:42 - [MESSAGE][PASSED] - All options with index in [4] are selected on object 'Object Repository/MOH AND GRN/Page_KDMC - CMS/select_--Select--Adernaline 0.'

2018-05-09 16:11:42 - [TEST_STEP][PASSED] - setText: Text '5000' is set on object 'Object Repository/MOH AND GRN/Page_KDMC - CMS/input_txttreat'

2018-05-09 16:11:42 - [MESSAGE][PASSED] - Text '5000' is set on object 'Object Repository/MOH AND GRN/Page_KDMC - CMS/input_txttreat'

2018-05-09 16:11:42 - [TEST_STEP][PASSED] - click: Object: 'Object Repository/MOH AND GRN/Page_KDMC - CMS/button_Add' is clicked on

2018-05-09 16:11:42 - [MESSAGE][PASSED] - Object: 'Object Repository/MOH AND GRN/Page_KDMC - CMS/button_Add' is clicked on

2018-05-09 16:11:42 - [TEST_STEP][PASSED] - selectOptionByIndex: All options with index in [11] are selected on object 'Object Repository/MOH AND GRN/Page_KDMC - CMS/select_--Select--Schedule 1Inj'

2018-05-09 16:11:42 - [MESSAGE][PASSED] - All options with index in [11] are selected on object 'Object Repository/MOH AND GRN/Page_KDMC - CMS/select_--Select--Schedule 1Inj'

2018-05-09 16:11:42 - [TEST_STEP][PASSED] - selectOptionByIndex: All options with index in [5] are selected on object 'Object Repository/MOH AND GRN/Page_KDMC - CMS/select_--Select--Adernaline 0.'

2018-05-09 16:11:43 - [MESSAGE][PASSED] - All options with index in [5] are selected on object 'Object Repository/MOH AND GRN/Page_KDMC - CMS/select_--Select--Adernaline 0.'

2018-05-09 16:11:43 - [TEST_STEP][PASSED] - setText: Text '5000' is set on object 'Object Repository/MOH AND GRN/Page_KDMC - CMS/input_txttreat'

2018-05-09 16:11:43 - [MESSAGE][PASSED] - Text '5000' is set on object 'Object Repository/MOH AND GRN/Page_KDMC - CMS/input_txttreat'

2018-05-09 16:11:43 - [TEST_STEP][PASSED] - click: Object: 'Object Repository/MOH AND GRN/Page_KDMC - CMS/button_Add' is clicked on

2018-05-09 16:11:43 - [MESSAGE][PASSED] - Object: 'Object Repository/MOH AND GRN/Page_KDMC - CMS/button_Add' is clicked on

2018-05-09 16:11:43 - [TEST_STEP][PASSED] - selectOptionByIndex: All options with index in [11] are selected on object 'Object Repository/MOH AND GRN/Page_KDMC - CMS/select_--Select--Schedule 1Inj'

2018-05-09 16:11:43 - [MESSAGE][PASSED] - All options with index in [11] are selected on object 'Object Repository/MOH AND GRN/Page_KDMC - CMS/select_--Select--Schedule 1Inj'

2018-05-09 16:11:43 - [TEST_STEP][PASSED] - selectOptionByIndex: All options with index in [6] are selected on object 'Object Repository/MOH AND GRN/Page_KDMC - CMS/select_--Select--Adernaline 0.'

2018-05-09 16:11:43 - [MESSAGE][PASSED] - All options with index in [6] are selected on object 'Object Repository/MOH AND GRN/Page_KDMC - CMS/select_--Select--Adernaline 0.'

2018-05-09 16:11:43 - [TEST_STEP][PASSED] - setText: Text '5000' is set on object 'Object Repository/MOH AND GRN/Page_KDMC - CMS/input_txttreat'

2018-05-09 16:11:43 - [MESSAGE][PASSED] - Text '5000' is set on object 'Object Repository/MOH AND GRN/Page_KDMC - CMS/input_txttreat'

2018-05-09 16:11:43 - [TEST_STEP][PASSED] - click: Object: 'Object Repository/MOH AND GRN/Page_KDMC - CMS/button_Add' is clicked on

2018-05-09 16:11:43 - [MESSAGE][PASSED] - Object: 'Object Repository/MOH AND GRN/Page_KDMC - CMS/button_Add' is clicked on

2018-05-09 16:11:43 - [TEST_STEP][PASSED] - selectOptionByIndex: All options with index in [11] are selected on object 'Object Repository/MOH AND GRN/Page_KDMC - CMS/select_--Select--Schedule 1Inj'

2018-05-09 16:11:43 - [MESSAGE][PASSED] - All options with index in [11] are selected on object 'Object Repository/MOH AND GRN/Page_KDMC - CMS/select_--Select--Schedule 1Inj'

2018-05-09 16:11:43 - [TEST_STEP][PASSED] - selectOptionByIndex: All options with index in [7] are selected on object 'Object Repository/MOH AND GRN/Page_KDMC - CMS/select_--Select--Adernaline 0.'

2018-05-09 16:11:44 - [MESSAGE][PASSED] - All options with index in [7] are selected on object 'Object Repository/MOH AND GRN/Page_KDMC - CMS/select_--Select--Adernaline 0.'

2018-05-09 16:11:44 - [TEST_STEP][PASSED] - setText: Text '5000' is set on object 'Object Repository/MOH AND GRN/Page_KDMC - CMS/input_txttreat'

2018-05-09 16:11:44 - [MESSAGE][PASSED] - Text '5000' is set on object 'Object Repository/MOH AND GRN/Page_KDMC - CMS/input_txttreat'

2018-05-09 16:11:44 - [TEST_STEP][PASSED] - click: Object: 'Object Repository/MOH AND GRN/Page_KDMC - CMS/button_Add' is clicked on

2018-05-09 16:11:44 - [MESSAGE][PASSED] - Object: 'Object Repository/MOH AND GRN/Page_KDMC - CMS/button_Add' is clicked on

2018-05-09 16:11:44 - [TEST_STEP][PASSED] - selectOptionByIndex: All options with index in [11] are selected on object 'Object Repository/MOH AND GRN/Page_KDMC - CMS/select_--Select--Schedule 1Inj'

2018-05-09 16:11:44 - [MESSAGE][PASSED] - All options with index in [11] are selected on object 'Object Repository/MOH AND GRN/Page_KDMC - CMS/select_--Select--Schedule 1Inj'

2018-05-09 16:11:44 - [TEST_STEP][PASSED] - selectOptionByIndex: All options with index in [8] are selected on object 'Object Repository/MOH AND GRN/Page_KDMC - CMS/select_--Select--Adernaline 0.'

2018-05-09 16:11:44 - [MESSAGE][PASSED] - All options with index in [8] are selected on object 'Object Repository/MOH AND GRN/Page_KDMC - CMS/select_--Select--Adernaline 0.'

2018-05-09 16:11:44 - [TEST_STEP][PASSED] - setText: Text '5000' is set on object 'Object Repository/MOH AND GRN/Page_KDMC - CMS/input_txttreat'

2018-05-09 16:11:44 - [MESSAGE][PASSED] - Text '5000' is set on object 'Object Repository/MOH AND GRN/Page_KDMC - CMS/input_txttreat'

2018-05-09 16:11:44 - [TEST_STEP][PASSED] - click: Object: 'Object Repository/MOH AND GRN/Page_KDMC - CMS/button_Add' is clicked on

2018-05-09 16:11:44 - [MESSAGE][PASSED] - Object: 'Object Repository/MOH AND GRN/Page_KDMC - CMS/button_Add' is clicked on

2018-05-09 16:11:44 - [TEST_STEP][PASSED] - selectOptionByIndex: All options with index in [11] are selected on object 'Object Repository/MOH AND GRN/Page_KDMC - CMS/select_--Select--Schedule 1Inj'

2018-05-09 16:11:44 - [MESSAGE][PASSED] - All options with index in [11] are selected on object 'Object Repository/MOH AND GRN/Page_KDMC - CMS/select_--Select--Schedule 1Inj'

2018-05-09 16:11:44 - [TEST_STEP][PASSED] - selectOptionByIndex: All options with index in [9] are selected on object 'Object Repository/MOH AND GRN/Page_KDMC - CMS/select_--Select--Adernaline 0.'

2018-05-09 16:11:45 - [MESSAGE][PASSED] - All options with index in [9] are selected on object 'Object Repository/MOH AND GRN/Page_KDMC - CMS/select_--Select--Adernaline 0.'

2018-05-09 16:11:45 - [TEST_STEP][PASSED] - setText: Text '5000' is set on object 'Object Repository/MOH AND GRN/Page_KDMC - CMS/input_txttreat'

2018-05-09 16:11:45 - [MESSAGE][PASSED] - Text '5000' is set on object 'Object Repository/MOH AND GRN/Page_KDMC - CMS/input_txttreat'

2018-05-09 16:11:45 - [TEST_STEP][PASSED] - click: Object: 'Object Repository/MOH AND GRN/Page_KDMC - CMS/button_Add' is clicked on

2018-05-09 16:11:45 - [MESSAGE][PASSED] - Object: 'Object Repository/MOH AND GRN/Page_KDMC - CMS/button_Add' is clicked on

2018-05-09 16:11:45 - [TEST_STEP][PASSED] - selectOptionByIndex: All options with index in [11] are selected on object 'Object Repository/MOH AND GRN/Page_KDMC - CMS/select_--Select--Schedule 1Inj'

2018-05-09 16:11:45 - [MESSAGE][PASSED] - All options with index in [11] are selected on object 'Object Repository/MOH AND GRN/Page_KDMC - CMS/select_--Select--Schedule 1Inj'

2018-05-09 16:11:45 - [TEST_STEP][PASSED] - selectOptionByIndex: All options with index in [10] are selected on object 'Object Repository/MOH AND GRN/Page_KDMC - CMS/select_--Select--Adernaline 0.'

2018-05-09 16:11:45 - [MESSAGE][PASSED] - All options with index in [10] are selected on object 'Object Repository/MOH AND GRN/Page_KDMC - CMS/select_--Select--Adernaline 0.'

2018-05-09 16:11:45 - [TEST_STEP][PASSED] - setText: Text '5000' is set on object 'Object Repository/MOH AND GRN/Page_KDMC - CMS/input_txttreat'

2018-05-09 16:11:45 - [MESSAGE][PASSED] - Text '5000' is set on object 'Object Repository/MOH AND GRN/Page_KDMC - CMS/input_txttreat'

2018-05-09 16:11:45 - [TEST_STEP][PASSED] - click: Object: 'Object Repository/MOH AND GRN/Page_KDMC - CMS/button_Add' is clicked on

2018-05-09 16:11:45 - [MESSAGE][PASSED] - Object: 'Object Repository/MOH AND GRN/Page_KDMC - CMS/button_Add' is clicked on

2018-05-09 16:11:45 - [TEST_STEP][PASSED] - selectOptionByIndex: All options with index in [11] are selected on object 'Object Repository/MOH AND GRN/Page_KDMC - CMS/select_--Select--Schedule 1Inj'

2018-05-09 16:11:46 - [MESSAGE][PASSED] - All options with index in [11] are selected on object 'Object Repository/MOH AND GRN/Page_KDMC - CMS/select_--Select--Schedule 1Inj'

2018-05-09 16:11:46 - [TEST_STEP][PASSED] - selectOptionByIndex: All options with index in [11] are selected on object 'Object Repository/MOH AND GRN/Page_KDMC - CMS/select_--Select--Adernaline 0.'

2018-05-09 16:11:46 - [MESSAGE][PASSED] - All options with index in [11] are selected on object 'Object Repository/MOH AND GRN/Page_KDMC - CMS/select_--Select--Adernaline 0.'

2018-05-09 16:11:46 - [TEST_STEP][PASSED] - setText: Text '5000' is set on object 'Object Repository/MOH AND GRN/Page_KDMC - CMS/input_txttreat'

2018-05-09 16:11:46 - [MESSAGE][PASSED] - Text '5000' is set on object 'Object Repository/MOH AND GRN/Page_KDMC - CMS/input_txttreat'

2018-05-09 16:11:46 - [TEST_STEP][PASSED] - click: Object: 'Object Repository/MOH AND GRN/Page_KDMC - CMS/button_Add' is clicked on

2018-05-09 16:11:46 - [MESSAGE][PASSED] - Object: 'Object Repository/MOH AND GRN/Page_KDMC - CMS/button_Add' is clicked on

2018-05-09 16:11:46 - [TEST_STEP][PASSED] - selectOptionByIndex: All options with index in [11] are selected on object 'Object Repository/MOH AND GRN/Page_KDMC - CMS/select_--Select--Schedule 1Inj'

2018-05-09 16:11:46 - [MESSAGE][PASSED] - All options with index in [11] are selected on object 'Object Repository/MOH AND GRN/Page_KDMC - CMS/select_--Select--Schedule 1Inj'

2018-05-09 16:11:46 - [TEST_STEP][PASSED] - selectOptionByIndex: All options with index in [12] are selected on object 'Object Repository/MOH AND GRN/Page_KDMC - CMS/select_--Select--Adernaline 0.'

2018-05-09 16:11:46 - [MESSAGE][PASSED] - All options with index in [12] are selected on object 'Object Repository/MOH AND GRN/Page_KDMC - CMS/select_--Select--Adernaline 0.'

2018-05-09 16:11:46 - [TEST_STEP][PASSED] - setText: Text '5000' is set on object 'Object Repository/MOH AND GRN/Page_KDMC - CMS/input_txttreat'

2018-05-09 16:11:46 - [MESSAGE][PASSED] - Text '5000' is set on object 'Object Repository/MOH AND GRN/Page_KDMC - CMS/input_txttreat'

2018-05-09 16:11:46 - [TEST_STEP][PASSED] - click: Object: 'Object Repository/MOH AND GRN/Page_KDMC - CMS/button_Add' is clicked on

2018-05-09 16:11:46 - [MESSAGE][PASSED] - Object: 'Object Repository/MOH AND GRN/Page_KDMC - CMS/button_Add' is clicked on

2018-05-09 16:11:46 - [TEST_STEP][PASSED] - selectOptionByIndex: All options with index in [11] are selected on object 'Object Repository/MOH AND GRN/Page_KDMC - CMS/select_--Select--Schedule 1Inj'

2018-05-09 16:11:47 - [MESSAGE][PASSED] - All options with index in [11] are selected on object 'Object Repository/MOH AND GRN/Page_KDMC - CMS/select_--Select--Schedule 1Inj'

2018-05-09 16:11:47 - [TEST_STEP][PASSED] - selectOptionByIndex: All options with index in [13] are selected on object 'Object Repository/MOH AND GRN/Page_KDMC - CMS/select_--Select--Adernaline 0.'

2018-05-09 16:11:47 - [MESSAGE][PASSED] - All options with index in [13] are selected on object 'Object Repository/MOH AND GRN/Page_KDMC - CMS/select_--Select--Adernaline 0.'

2018-05-09 16:11:47 - [TEST_STEP][PASSED] - setText: Text '5000' is set on object 'Object Repository/MOH AND GRN/Page_KDMC - CMS/input_txttreat'

2018-05-09 16:11:47 - [MESSAGE][PASSED] - Text '5000' is set on object 'Object Repository/MOH AND GRN/Page_KDMC - CMS/input_txttreat'

2018-05-09 16:11:47 - [TEST_STEP][PASSED] - click: Object: 'Object Repository/MOH AND GRN/Page_KDMC - CMS/button_Add' is clicked on

2018-05-09 16:11:47 - [MESSAGE][PASSED] - Object: 'Object Repository/MOH AND GRN/Page_KDMC - CMS/button_Add' is clicked on

2018-05-09 16:11:47 - [TEST_STEP][PASSED] - selectOptionByIndex: All options with index in [11] are selected on object 'Object Repository/MOH AND GRN/Page_KDMC - CMS/select_--Select--Schedule 1Inj'

2018-05-09 16:11:47 - [MESSAGE][PASSED] - All options with index in [11] are selected on object 'Object Repository/MOH AND GRN/Page_KDMC - CMS/select_--Select--Schedule 1Inj'

2018-05-09 16:11:47 - [TEST_STEP][PASSED] - selectOptionByIndex: All options with index in [14] are selected on object 'Object Repository/MOH AND GRN/Page_KDMC - CMS/select_--Select--Adernaline 0.'

2018-05-09 16:11:47 - [MESSAGE][PASSED] - All options with index in [14] are selected on object 'Object Repository/MOH AND GRN/Page_KDMC - CMS/select_--Select--Adernaline 0.'

2018-05-09 16:11:47 - [TEST_STEP][PASSED] - setText: Text '5000' is set on object 'Object Repository/MOH AND GRN/Page_KDMC - CMS/input_txttreat'

2018-05-09 16:11:48 - [MESSAGE][PASSED] - Text '5000' is set on object 'Object Repository/MOH AND GRN/Page_KDMC - CMS/input_txttreat'

2018-05-09 16:11:48 - [TEST_STEP][PASSED] - click: Object: 'Object Repository/MOH AND GRN/Page_KDMC - CMS/button_Add' is clicked on

2018-05-09 16:11:48 - [MESSAGE][PASSED] - Object: 'Object Repository/MOH AND GRN/Page_KDMC - CMS/button_Add' is clicked on

2018-05-09 16:11:48 - [TEST_STEP][PASSED] - selectOptionByIndex: All options with index in [11] are selected on object 'Object Repository/MOH AND GRN/Page_KDMC - CMS/select_--Select--Schedule 1Inj'

2018-05-09 16:11:48 - [MESSAGE][PASSED] - All options with index in [11] are selected on object 'Object Repository/MOH AND GRN/Page_KDMC - CMS/select_--Select--Schedule 1Inj'

2018-05-09 16:11:48 - [TEST_STEP][PASSED] - selectOptionByIndex: All options with index in [15] are selected on object 'Object Repository/MOH AND GRN/Page_KDMC - CMS/select_--Select--Adernaline 0.'

2018-05-09 16:11:48 - [MESSAGE][PASSED] - All options with index in [15] are selected on object 'Object Repository/MOH AND GRN/Page_KDMC - CMS/select_--Select--Adernaline 0.'

2018-05-09 16:11:48 - [TEST_STEP][PASSED] - setText: Text '5000' is set on object 'Object Repository/MOH AND GRN/Page_KDMC - CMS/input_txttreat'

2018-05-09 16:11:48 - [MESSAGE][PASSED] - Text '5000' is set on object 'Object Repository/MOH AND GRN/Page_KDMC - CMS/input_txttreat'

2018-05-09 16:11:48 - [TEST_STEP][PASSED] - click: Object: 'Object Repository/MOH AND GRN/Page_KDMC - CMS/button_Add' is clicked on

2018-05-09 16:11:48 - [MESSAGE][PASSED] - Object: 'Object Repository/MOH AND GRN/Page_KDMC - CMS/button_Add' is clicked on

2018-05-09 16:11:48 - [TEST_STEP][PASSED] - selectOptionByIndex: All options with index in [11] are selected on object 'Object Repository/MOH AND GRN/Page_KDMC - CMS/select_--Select--Schedule 1Inj'

2018-05-09 16:11:48 - [MESSAGE][PASSED] - All options with index in [11] are selected on object 'Object Repository/MOH AND GRN/Page_KDMC - CMS/select_--Select--Schedule 1Inj'

2018-05-09 16:11:48 - [TEST_STEP][PASSED] - selectOptionByIndex: All options with index in [16] are selected on object 'Object Repository/MOH AND GRN/Page_KDMC - CMS/select_--Select--Adernaline 0.'

2018-05-09 16:11:49 - [MESSAGE][PASSED] - All options with index in [16] are selected on object 'Object Repository/MOH AND GRN/Page_KDMC - CMS/select_--Select--Adernaline 0.'

2018-05-09 16:11:49 - [TEST_STEP][PASSED] - setText: Text '5000' is set on object 'Object Repository/MOH AND GRN/Page_KDMC - CMS/input_txttreat'

2018-05-09 16:11:49 - [MESSAGE][PASSED] - Text '5000' is set on object 'Object Repository/MOH AND GRN/Page_KDMC - CMS/input_txttreat'

2018-05-09 16:11:49 - [TEST_STEP][PASSED] - click: Object: 'Object Repository/MOH AND GRN/Page_KDMC - CMS/button_Add' is clicked on

2018-05-09 16:11:49 - [MESSAGE][PASSED] - Object: 'Object Repository/MOH AND GRN/Page_KDMC - CMS/button_Add' is clicked on

2018-05-09 16:11:49 - [TEST_STEP][PASSED] - selectOptionByIndex: All options with index in [11] are selected on object 'Object Repository/MOH AND GRN/Page_KDMC - CMS/select_--Select--Schedule 1Inj'

2018-05-09 16:11:49 - [MESSAGE][PASSED] - All options with index in [11] are selected on object 'Object Repository/MOH AND GRN/Page_KDMC - CMS/select_--Select--Schedule 1Inj'

2018-05-09 16:11:49 - [TEST_STEP][PASSED] - selectOptionByIndex: All options with index in [17] are selected on object 'Object Repository/MOH AND GRN/Page_KDMC - CMS/select_--Select--Adernaline 0.'

2018-05-09 16:11:49 - [MESSAGE][PASSED] - All options with index in [17] are selected on object 'Object Repository/MOH AND GRN/Page_KDMC - CMS/select_--Select--Adernaline 0.'

2018-05-09 16:11:49 - [TEST_STEP][PASSED] - setText: Text '5000' is set on object 'Object Repository/MOH AND GRN/Page_KDMC - CMS/input_txttreat'

2018-05-09 16:11:49 - [MESSAGE][PASSED] - Text '5000' is set on object 'Object Repository/MOH AND GRN/Page_KDMC - CMS/input_txttreat'

2018-05-09 16:11:49 - [TEST_STEP][PASSED] - click: Object: 'Object Repository/MOH AND GRN/Page_KDMC - CMS/button_Add' is clicked on

2018-05-09 16:11:49 - [MESSAGE][PASSED] - Object: 'Object Repository/MOH AND GRN/Page_KDMC - CMS/button_Add' is clicked on

2018-05-09 16:11:49 - [TEST_STEP][PASSED] - selectOptionByIndex: All options with index in [11] are selected on object 'Object Repository/MOH AND GRN/Page_KDMC - CMS/select_--Select--Schedule 1Inj'

2018-05-09 16:11:50 - [MESSAGE][PASSED] - All options with index in [11] are selected on object 'Object Repository/MOH AND GRN/Page_KDMC - CMS/select_--Select--Schedule 1Inj'

2018-05-09 16:11:50 - [TEST_STEP][PASSED] - selectOptionByIndex: All options with index in [18] are selected on object 'Object Repository/MOH AND GRN/Page_KDMC - CMS/select_--Select--Adernaline 0.'

2018-05-09 16:11:50 - [MESSAGE][PASSED] - All options with index in [18] are selected on object 'Object Repository/MOH AND GRN/Page_KDMC - CMS/select_--Select--Adernaline 0.'

2018-05-09 16:11:50 - [TEST_STEP][PASSED] - setText: Text '5000' is set on object 'Object Repository/MOH AND GRN/Page_KDMC - CMS/input_txttreat'

2018-05-09 16:11:50 - [MESSAGE][PASSED] - Text '5000' is set on object 'Object Repository/MOH AND GRN/Page_KDMC - CMS/input_txttreat'

2018-05-09 16:11:50 - [TEST_STEP][PASSED] - click: Object: 'Object Repository/MOH AND GRN/Page_KDMC - CMS/button_Add' is clicked on

2018-05-09 16:11:50 - [MESSAGE][PASSED] - Object: 'Object Repository/MOH AND GRN/Page_KDMC - CMS/button_Add' is clicked on

2018-05-09 16:11:50 - [TEST_STEP][PASSED] - selectOptionByIndex: All options with index in [11] are selected on object 'Object Repository/MOH AND GRN/Page_KDMC - CMS/select_--Select--Schedule 1Inj'

2018-05-09 16:11:50 - [MESSAGE][PASSED] - All options with index in [11] are selected on object 'Object Repository/MOH AND GRN/Page_KDMC - CMS/select_--Select--Schedule 1Inj'

2018-05-09 16:11:50 - [TEST_STEP][PASSED] - selectOptionByIndex: All options with index in [19] are selected on object 'Object Repository/MOH AND GRN/Page_KDMC - CMS/select_--Select--Adernaline 0.'

2018-05-09 16:11:50 - [MESSAGE][PASSED] - All options with index in [19] are selected on object 'Object Repository/MOH AND GRN/Page_KDMC - CMS/select_--Select--Adernaline 0.'

2018-05-09 16:11:50 - [TEST_STEP][PASSED] - setText: Text '5000' is set on object 'Object Repository/MOH AND GRN/Page_KDMC - CMS/input_txttreat'

2018-05-09 16:11:51 - [MESSAGE][PASSED] - Text '5000' is set on object 'Object Repository/MOH AND GRN/Page_KDMC - CMS/input_txttreat'

2018-05-09 16:11:51 - [TEST_STEP][PASSED] - click: Object: 'Object Repository/MOH AND GRN/Page_KDMC - CMS/button_Add' is clicked on

2018-05-09 16:11:51 - [MESSAGE][PASSED] - Object: 'Object Repository/MOH AND GRN/Page_KDMC - CMS/button_Add' is clicked on

2018-05-09 16:11:51 - [TEST_STEP][PASSED] - selectOptionByIndex: All options with index in [11] are selected on object 'Object Repository/MOH AND GRN/Page_KDMC - CMS/select_--Select--Schedule 1Inj'

2018-05-09 16:11:51 - [MESSAGE][PASSED] - All options with index in [11] are selected on object 'Object Repository/MOH AND GRN/Page_KDMC - CMS/select_--Select--Schedule 1Inj'

2018-05-09 16:11:51 - [TEST_STEP][PASSED] - selectOptionByIndex: All options with index in [20] are selected on object 'Object Repository/MOH AND GRN/Page_KDMC - CMS/select_--Select--Adernaline 0.'

2018-05-09 16:11:51 - [MESSAGE][PASSED] - All options with index in [20] are selected on object 'Object Repository/MOH AND GRN/Page_KDMC - CMS/select_--Select--Adernaline 0.'

2018-05-09 16:11:51 - [TEST_STEP][PASSED] - setText: Text '5000' is set on object 'Object Repository/MOH AND GRN/Page_KDMC - CMS/input_txttreat'

2018-05-09 16:11:51 - [MESSAGE][PASSED] - Text '5000' is set on object 'Object Repository/MOH AND GRN/Page_KDMC - CMS/input_txttreat'

2018-05-09 16:11:51 - [TEST_STEP][PASSED] - click: Object: 'Object Repository/MOH AND GRN/Page_KDMC - CMS/button_Add' is clicked on

2018-05-09 16:11:51 - [MESSAGE][PASSED] - Object: 'Object Repository/MOH AND GRN/Page_KDMC - CMS/button_Add' is clicked on

2018-05-09 16:11:51 - [TEST_STEP][PASSED] - selectOptionByIndex: All options with index in [11] are selected on object 'Object Repository/MOH AND GRN/Page_KDMC - CMS/select_--Select--Schedule 1Inj'

2018-05-09 16:11:51 - [MESSAGE][PASSED] - All options with index in [11] are selected on object 'Object Repository/MOH AND GRN/Page_KDMC - CMS/select_--Select--Schedule 1Inj'

2018-05-09 16:11:51 - [TEST_STEP][PASSED] - selectOptionByIndex: All options with index in [21] are selected on object 'Object Repository/MOH AND GRN/Page_KDMC - CMS/select_--Select--Adernaline 0.'

2018-05-09 16:11:52 - [MESSAGE][PASSED] - All options with index in [21] are selected on object 'Object Repository/MOH AND GRN/Page_KDMC - CMS/select_--Select--Adernaline 0.'

2018-05-09 16:11:52 - [TEST_STEP][PASSED] - setText: Text '5000' is set on object 'Object Repository/MOH AND GRN/Page_KDMC - CMS/input_txttreat'

2018-05-09 16:11:52 - [MESSAGE][PASSED] - Text '5000' is set on object 'Object Repository/MOH AND GRN/Page_KDMC - CMS/input_txttreat'

2018-05-09 16:11:52 - [TEST_STEP][PASSED] - click: Object: 'Object Repository/MOH AND GRN/Page_KDMC - CMS/button_Add' is clicked on

2018-05-09 16:11:52 - [MESSAGE][PASSED] - Object: 'Object Repository/MOH AND GRN/Page_KDMC - CMS/button_Add' is clicked on

2018-05-09 16:11:52 - [TEST_STEP][PASSED] - selectOptionByIndex: All options with index in [11] are selected on object 'Object Repository/MOH AND GRN/Page_KDMC - CMS/select_--Select--Schedule 1Inj'

2018-05-09 16:11:52 - [MESSAGE][PASSED] - All options with index in [11] are selected on object 'Object Repository/MOH AND GRN/Page_KDMC - CMS/select_--Select--Schedule 1Inj'

2018-05-09 16:11:52 - [TEST_STEP][PASSED] - selectOptionByIndex: All options with index in [22] are selected on object 'Object Repository/MOH AND GRN/Page_KDMC - CMS/select_--Select--Adernaline 0.'

2018-05-09 16:11:52 - [MESSAGE][PASSED] - All options with index in [22] are selected on object 'Object Repository/MOH AND GRN/Page_KDMC - CMS/select_--Select--Adernaline 0.'

2018-05-09 16:11:52 - [TEST_STEP][PASSED] - setText: Text '5000' is set on object 'Object Repository/MOH AND GRN/Page_KDMC - CMS/input_txttreat'

2018-05-09 16:11:52 - [MESSAGE][PASSED] - Text '5000' is set on object 'Object Repository/MOH AND GRN/Page_KDMC - CMS/input_txttreat'

2018-05-09 16:11:52 - [TEST_STEP][PASSED] - click: Object: 'Object Repository/MOH AND GRN/Page_KDMC - CMS/button_Add' is clicked on

2018-05-09 16:11:53 - [MESSAGE][PASSED] - Object: 'Object Repository/MOH AND GRN/Page_KDMC - CMS/button_Add' is clicked on

2018-05-09 16:11:53 - [TEST_STEP][PASSED] - selectOptionByIndex: All options with index in [11] are selected on object 'Object Repository/MOH AND GRN/Page_KDMC - CMS/select_--Select--Schedule 1Inj'

2018-05-09 16:11:53 - [MESSAGE][PASSED] - All options with index in [11] are selected on object 'Object Repository/MOH AND GRN/Page_KDMC - CMS/select_--Select--Schedule 1Inj'

2018-05-09 16:11:53 - [TEST_STEP][PASSED] - selectOptionByIndex: All options with index in [23] are selected on object 'Object Repository/MOH AND GRN/Page_KDMC - CMS/select_--Select--Adernaline 0.'

2018-05-09 16:11:53 - [MESSAGE][PASSED] - All options with index in [23] are selected on object 'Object Repository/MOH AND GRN/Page_KDMC - CMS/select_--Select--Adernaline 0.'

2018-05-09 16:11:53 - [TEST_STEP][PASSED] - setText: Text '5000' is set on object 'Object Repository/MOH AND GRN/Page_KDMC - CMS/input_txttreat'

2018-05-09 16:11:53 - [MESSAGE][PASSED] - Text '5000' is set on object 'Object Repository/MOH AND GRN/Page_KDMC - CMS/input_txttreat'

2018-05-09 16:11:53 - [TEST_STEP][PASSED] - click: Object: 'Object Repository/MOH AND GRN/Page_KDMC - CMS/button_Add' is clicked on

2018-05-09 16:11:53 - [MESSAGE][PASSED] - Object: 'Object Repository/MOH AND GRN/Page_KDMC - CMS/button_Add' is clicked on

2018-05-09 16:11:53 - [TEST_STEP][PASSED] - selectOptionByIndex: All options with index in [11] are selected on object 'Object Repository/MOH AND GRN/Page_KDMC - CMS/select_--Select--Schedule 1Inj'

2018-05-09 16:11:53 - [MESSAGE][PASSED] - All options with index in [11] are selected on object 'Object Repository/MOH AND GRN/Page_KDMC - CMS/select_--Select--Schedule 1Inj'

2018-05-09 16:11:53 - [TEST_STEP][PASSED] - selectOptionByIndex: All options with index in [24] are selected on object 'Object Repository/MOH AND GRN/Page_KDMC - CMS/select_--Select--Adernaline 0.'

2018-05-09 16:11:54 - [MESSAGE][PASSED] - All options with index in [24] are selected on object 'Object Repository/MOH AND GRN/Page_KDMC - CMS/select_--Select--Adernaline 0.'

2018-05-09 16:11:54 - [TEST_STEP][PASSED] - setText: Text '5000' is set on object 'Object Repository/MOH AND GRN/Page_KDMC - CMS/input_txttreat'

2018-05-09 16:11:54 - [MESSAGE][PASSED] - Text '5000' is set on object 'Object Repository/MOH AND GRN/Page_KDMC - CMS/input_txttreat'

2018-05-09 16:11:54 - [TEST_STEP][PASSED] - click: Object: 'Object Repository/MOH AND GRN/Page_KDMC - CMS/button_Add' is clicked on

2018-05-09 16:11:54 - [MESSAGE][PASSED] - Object: 'Object Repository/MOH AND GRN/Page_KDMC - CMS/button_Add' is clicked on

2018-05-09 16:11:54 - [TEST_STEP][PASSED] - selectOptionByIndex: All options with index in [11] are selected on object 'Object Repository/MOH AND GRN/Page_KDMC - CMS/select_--Select--Schedule 1Inj'

2018-05-09 16:11:54 - [MESSAGE][PASSED] - All options with index in [11] are selected on object 'Object Repository/MOH AND GRN/Page_KDMC - CMS/select_--Select--Schedule 1Inj'

2018-05-09 16:11:54 - [TEST_STEP][PASSED] - selectOptionByIndex: All options with index in [25] are selected on object 'Object Repository/MOH AND GRN/Page_KDMC - CMS/select_--Select--Adernaline 0.'

2018-05-09 16:11:54 - [MESSAGE][PASSED] - All options with index in [25] are selected on object 'Object Repository/MOH AND GRN/Page_KDMC - CMS/select_--Select--Adernaline 0.'

2018-05-09 16:11:54 - [TEST_STEP][PASSED] - setText: Text '5000' is set on object 'Object Repository/MOH AND GRN/Page_KDMC - CMS/input_txttreat'

2018-05-09 16:11:54 - [MESSAGE][PASSED] - Text '5000' is set on object 'Object Repository/MOH AND GRN/Page_KDMC - CMS/input_txttreat'

2018-05-09 16:11:54 - [TEST_STEP][PASSED] - click: Object: 'Object Repository/MOH AND GRN/Page_KDMC - CMS/button_Add' is clicked on

2018-05-09 16:11:55 - [MESSAGE][PASSED] - Object: 'Object Repository/MOH AND GRN/Page_KDMC - CMS/button_Add' is clicked on

2018-05-09 16:11:55 - [TEST_STEP][PASSED] - selectOptionByIndex: All options with index in [11] are selected on object 'Object Repository/MOH AND GRN/Page_KDMC - CMS/select_--Select--Schedule 1Inj'

2018-05-09 16:11:55 - [MESSAGE][PASSED] - All options with index in [11] are selected on object 'Object Repository/MOH AND GRN/Page_KDMC - CMS/select_--Select--Schedule 1Inj'

2018-05-09 16:11:55 - [TEST_STEP][PASSED] - selectOptionByIndex: All options with index in [26] are selected on object 'Object Repository/MOH AND GRN/Page_KDMC - CMS/select_--Select--Adernaline 0.'

2018-05-09 16:11:55 - [MESSAGE][PASSED] - All options with index in [26] are selected on object 'Object Repository/MOH AND GRN/Page_KDMC - CMS/select_--Select--Adernaline 0.'

2018-05-09 16:11:55 - [TEST_STEP][PASSED] - setText: Text '5000' is set on object 'Object Repository/MOH AND GRN/Page_KDMC - CMS/input_txttreat'

2018-05-09 16:11:55 - [MESSAGE][PASSED] - Text '5000' is set on object 'Object Repository/MOH AND GRN/Page_KDMC - CMS/input_txttreat'

2018-05-09 16:11:55 - [TEST_STEP][PASSED] - click: Object: 'Object Repository/MOH AND GRN/Page_KDMC - CMS/button_Add' is clicked on

2018-05-09 16:11:55 - [MESSAGE][PASSED] - Object: 'Object Repository/MOH AND GRN/Page_KDMC - CMS/button_Add' is clicked on

2018-05-09 16:11:55 - [TEST_STEP][PASSED] - selectOptionByIndex: All options with index in [11] are selected on object 'Object Repository/MOH AND GRN/Page_KDMC - CMS/select_--Select--Schedule 1Inj'

2018-05-09 16:11:55 - [MESSAGE][PASSED] - All options with index in [11] are selected on object 'Object Repository/MOH AND GRN/Page_KDMC - CMS/select_--Select--Schedule 1Inj'

2018-05-09 16:11:55 - [TEST_STEP][PASSED] - selectOptionByIndex: All options with index in [27] are selected on object 'Object Repository/MOH AND GRN/Page_KDMC - CMS/select_--Select--Adernaline 0.'

2018-05-09 16:11:56 - [MESSAGE][PASSED] - All options with index in [27] are selected on object 'Object Repository/MOH AND GRN/Page_KDMC - CMS/select_--Select--Adernaline 0.'

2018-05-09 16:11:56 - [TEST_STEP][PASSED] - setText: Text '5000' is set on object 'Object Repository/MOH AND GRN/Page_KDMC - CMS/input_txttreat'

2018-05-09 16:11:56 - [MESSAGE][PASSED] - Text '5000' is set on object 'Object Repository/MOH AND GRN/Page_KDMC - CMS/input_txttreat'

2018-05-09 16:11:56 - [TEST_STEP][PASSED] - click: Object: 'Object Repository/MOH AND GRN/Page_KDMC - CMS/button_Add' is clicked on

2018-05-09 16:11:56 - [MESSAGE][PASSED] - Object: 'Object Repository/MOH AND GRN/Page_KDMC - CMS/button_Add' is clicked on

2018-05-09 16:11:56 - [TEST_STEP][PASSED] - selectOptionByIndex: All options with index in [11] are selected on object 'Object Repository/MOH AND GRN/Page_KDMC - CMS/select_--Select--Schedule 1Inj'

2018-05-09 16:11:56 - [MESSAGE][PASSED] - All options with index in [11] are selected on object 'Object Repository/MOH AND GRN/Page_KDMC - CMS/select_--Select--Schedule 1Inj'

2018-05-09 16:11:56 - [TEST_STEP][PASSED] - selectOptionByIndex: All options with index in [28] are selected on object 'Object Repository/MOH AND GRN/Page_KDMC - CMS/select_--Select--Adernaline 0.'

2018-05-09 16:11:56 - [MESSAGE][PASSED] - All options with index in [28] are selected on object 'Object Repository/MOH AND GRN/Page_KDMC - CMS/select_--Select--Adernaline 0.'

2018-05-09 16:11:56 - [TEST_STEP][PASSED] - setText: Text '5000' is set on object 'Object Repository/MOH AND GRN/Page_KDMC - CMS/input_txttreat'

2018-05-09 16:11:57 - [MESSAGE][PASSED] - Text '5000' is set on object 'Object Repository/MOH AND GRN/Page_KDMC - CMS/input_txttreat'

2018-05-09 16:11:57 - [TEST_STEP][PASSED] - click: Object: 'Object Repository/MOH AND GRN/Page_KDMC - CMS/button_Add' is clicked on

2018-05-09 16:11:57 - [MESSAGE][PASSED] - Object: 'Object Repository/MOH AND GRN/Page_KDMC - CMS/button_Add' is clicked on

2018-05-09 16:11:57 - [TEST_STEP][PASSED] - selectOptionByIndex: All options with index in [11] are selected on object 'Object Repository/MOH AND GRN/Page_KDMC - CMS/select_--Select--Schedule 1Inj'

2018-05-09 16:11:57 - [MESSAGE][PASSED] - All options with index in [11] are selected on object 'Object Repository/MOH AND GRN/Page_KDMC - CMS/select_--Select--Schedule 1Inj'

2018-05-09 16:11:57 - [TEST_STEP][PASSED] - selectOptionByIndex: All options with index in [29] are selected on object 'Object Repository/MOH AND GRN/Page_KDMC - CMS/select_--Select--Adernaline 0.'

2018-05-09 16:11:57 - [MESSAGE][PASSED] - All options with index in [29] are selected on object 'Object Repository/MOH AND GRN/Page_KDMC - CMS/select_--Select--Adernaline 0.'

2018-05-09 16:11:57 - [TEST_STEP][PASSED] - setText: Text '5000' is set on object 'Object Repository/MOH AND GRN/Page_KDMC - CMS/input_txttreat'

2018-05-09 16:11:57 - [MESSAGE][PASSED] - Text '5000' is set on object 'Object Repository/MOH AND GRN/Page_KDMC - CMS/input_txttreat'

2018-05-09 16:11:57 - [TEST_STEP][PASSED] - click: Object: 'Object Repository/MOH AND GRN/Page_KDMC - CMS/button_Add' is clicked on

2018-05-09 16:11:57 - [MESSAGE][PASSED] - Object: 'Object Repository/MOH AND GRN/Page_KDMC - CMS/button_Add' is clicked on

2018-05-09 16:11:57 - [TEST_STEP][PASSED] - selectOptionByIndex: All options with index in [11] are selected on object 'Object Repository/MOH AND GRN/Page_KDMC - CMS/select_--Select--Schedule 1Inj'

2018-05-09 16:11:58 - [MESSAGE][PASSED] - All options with index in [11] are selected on object 'Object Repository/MOH AND GRN/Page_KDMC - CMS/select_--Select--Schedule 1Inj'

2018-05-09 16:11:58 - [TEST_STEP][PASSED] - selectOptionByIndex: All options with index in [30] are selected on object 'Object Repository/MOH AND GRN/Page_KDMC - CMS/select_--Select--Adernaline 0.'

2018-05-09 16:11:58 - [MESSAGE][PASSED] - All options with index in [30] are selected on object 'Object Repository/MOH AND GRN/Page_KDMC - CMS/select_--Select--Adernaline 0.'

2018-05-09 16:11:58 - [TEST_STEP][PASSED] - setText: Text '5000' is set on object 'Object Repository/MOH AND GRN/Page_KDMC - CMS/input_txttreat'

2018-05-09 16:11:58 - [MESSAGE][PASSED] - Text '5000' is set on object 'Object Repository/MOH AND GRN/Page_KDMC - CMS/input_txttreat'

2018-05-09 16:11:58 - [TEST_STEP][PASSED] - click: Object: 'Object Repository/MOH AND GRN/Page_KDMC - CMS/button_Add' is clicked on

2018-05-09 16:11:58 - [MESSAGE][PASSED] - Object: 'Object Repository/MOH AND GRN/Page_KDMC - CMS/button_Add' is clicked on

2018-05-09 16:11:58 - [TEST_STEP][PASSED] - selectOptionByIndex: All options with index in [11] are selected on object 'Object Repository/MOH AND GRN/Page_KDMC - CMS/select_--Select--Schedule 1Inj'

2018-05-09 16:11:58 - [MESSAGE][PASSED] - All options with index in [11] are selected on object 'Object Repository/MOH AND GRN/Page_KDMC - CMS/select_--Select--Schedule 1Inj'

2018-05-09 16:11:58 - [TEST_STEP][PASSED] - selectOptionByIndex: All options with index in [31] are selected on object 'Object Repository/MOH AND GRN/Page_KDMC - CMS/select_--Select--Adernaline 0.'

2018-05-09 16:11:59 - [MESSAGE][PASSED] - All options with index in [31] are selected on object 'Object Repository/MOH AND GRN/Page_KDMC - CMS/select_--Select--Adernaline 0.'

2018-05-09 16:11:59 - [TEST_STEP][PASSED] - setText: Text '5000' is set on object 'Object Repository/MOH AND GRN/Page_KDMC - CMS/input_txttreat'

2018-05-09 16:11:59 - [MESSAGE][PASSED] - Text '5000' is set on object 'Object Repository/MOH AND GRN/Page_KDMC - CMS/input_txttreat'

2018-05-09 16:11:59 - [TEST_STEP][PASSED] - click: Object: 'Object Repository/MOH AND GRN/Page_KDMC - CMS/button_Add' is clicked on

2018-05-09 16:11:59 - [MESSAGE][PASSED] - Object: 'Object Repository/MOH AND GRN/Page_KDMC - CMS/button_Add' is clicked on

2018-05-09 16:11:59 - [TEST_STEP][PASSED] - selectOptionByIndex: All options with index in [11] are selected on object 'Object Repository/MOH AND GRN/Page_KDMC - CMS/select_--Select--Schedule 1Inj'

2018-05-09 16:11:59 - [MESSAGE][PASSED] - All options with index in [11] are selected on object 'Object Repository/MOH AND GRN/Page_KDMC - CMS/select_--Select--Schedule 1Inj'

2018-05-09 16:11:59 - [TEST_STEP][PASSED] - selectOptionByIndex: All options with index in [32] are selected on object 'Object Repository/MOH AND GRN/Page_KDMC - CMS/select_--Select--Adernaline 0.'

2018-05-09 16:11:59 - [MESSAGE][PASSED] - All options with index in [32] are selected on object 'Object Repository/MOH AND GRN/Page_KDMC - CMS/select_--Select--Adernaline 0.'

2018-05-09 16:11:59 - [TEST_STEP][PASSED] - setText: Text '5000' is set on object 'Object Repository/MOH AND GRN/Page_KDMC - CMS/input_txttreat'

2018-05-09 16:11:59 - [MESSAGE][PASSED] - Text '5000' is set on object 'Object Repository/MOH AND GRN/Page_KDMC - CMS/input_txttreat'

2018-05-09 16:11:59 - [TEST_STEP][PASSED] - click: Object: 'Object Repository/MOH AND GRN/Page_KDMC - CMS/button_Add' is clicked on

2018-05-09 16:12:00 - [MESSAGE][PASSED] - Object: 'Object Repository/MOH AND GRN/Page_KDMC - CMS/button_Add' is clicked on

2018-05-09 16:12:00 - [TEST_STEP][PASSED] - selectOptionByIndex: All options with index in [11] are selected on object 'Object Repository/MOH AND GRN/Page_KDMC - CMS/select_--Select--Schedule 1Inj'

2018-05-09 16:12:00 - [MESSAGE][PASSED] - All options with index in [11] are selected on object 'Object Repository/MOH AND GRN/Page_KDMC - CMS/select_--Select--Schedule 1Inj'

2018-05-09 16:12:00 - [TEST_STEP][PASSED] - selectOptionByIndex: All options with index in [33] are selected on object 'Object Repository/MOH AND GRN/Page_KDMC - CMS/select_--Select--Adernaline 0.'

2018-05-09 16:12:00 - [MESSAGE][PASSED] - All options with index in [33] are selected on object 'Object Repository/MOH AND GRN/Page_KDMC - CMS/select_--Select--Adernaline 0.'

2018-05-09 16:12:00 - [TEST_STEP][PASSED] - setText: Text '5000' is set on object 'Object Repository/MOH AND GRN/Page_KDMC - CMS/input_txttreat'

2018-05-09 16:12:00 - [MESSAGE][PASSED] - Text '5000' is set on object 'Object Repository/MOH AND GRN/Page_KDMC - CMS/input_txttreat'

2018-05-09 16:12:00 - [TEST_STEP][PASSED] - click: Object: 'Object Repository/MOH AND GRN/Page_KDMC - CMS/button_Add' is clicked on

2018-05-09 16:12:00 - [MESSAGE][PASSED] - Object: 'Object Repository/MOH AND GRN/Page_KDMC - CMS/button_Add' is clicked on

2018-05-09 16:12:00 - [TEST_STEP][PASSED] - selectOptionByIndex: All options with index in [11] are selected on object 'Object Repository/MOH AND GRN/Page_KDMC - CMS/select_--Select--Schedule 1Inj'

2018-05-09 16:12:00 - [MESSAGE][PASSED] - All options with index in [11] are selected on object 'Object Repository/MOH AND GRN/Page_KDMC - CMS/select_--Select--Schedule 1Inj'

2018-05-09 16:12:00 - [TEST_STEP][PASSED] - selectOptionByIndex: All options with index in [34] are selected on object 'Object Repository/MOH AND GRN/Page_KDMC - CMS/select_--Select--Adernaline 0.'

2018-05-09 16:12:01 - [MESSAGE][PASSED] - All options with index in [34] are selected on object 'Object Repository/MOH AND GRN/Page_KDMC - CMS/select_--Select--Adernaline 0.'

2018-05-09 16:12:01 - [TEST_STEP][PASSED] - setText: Text '5000' is set on object 'Object Repository/MOH AND GRN/Page_KDMC - CMS/input_txttreat'

2018-05-09 16:12:01 - [MESSAGE][PASSED] - Text '5000' is set on object 'Object Repository/MOH AND GRN/Page_KDMC - CMS/input_txttreat'

2018-05-09 16:12:01 - [TEST_STEP][PASSED] - click: Object: 'Object Repository/MOH AND GRN/Page_KDMC - CMS/button_Add' is clicked on

2018-05-09 16:12:01 - [MESSAGE][PASSED] - Object: 'Object Repository/MOH AND GRN/Page_KDMC - CMS/button_Add' is clicked on

2018-05-09 16:12:01 - [TEST_STEP][PASSED] - selectOptionByIndex: All options with index in [11] are selected on object 'Object Repository/MOH AND GRN/Page_KDMC - CMS/select_--Select--Schedule 1Inj'

2018-05-09 16:12:01 - [MESSAGE][PASSED] - All options with index in [11] are selected on object 'Object Repository/MOH AND GRN/Page_KDMC - CMS/select_--Select--Schedule 1Inj'

2018-05-09 16:12:01 - [TEST_STEP][PASSED] - selectOptionByIndex: All options with index in [35] are selected on object 'Object Repository/MOH AND GRN/Page_KDMC - CMS/select_--Select--Adernaline 0.'

2018-05-09 16:12:02 - [MESSAGE][PASSED] - All options with index in [35] are selected on object 'Object Repository/MOH AND GRN/Page_KDMC - CMS/select_--Select--Adernaline 0.'

2018-05-09 16:12:02 - [TEST_STEP][PASSED] - setText: Text '5000' is set on object 'Object Repository/MOH AND GRN/Page_KDMC - CMS/input_txttreat'

2018-05-09 16:12:02 - [MESSAGE][PASSED] - Text '5000' is set on object 'Object Repository/MOH AND GRN/Page_KDMC - CMS/input_txttreat'

2018-05-09 16:12:02 - [TEST_STEP][PASSED] - click: Object: 'Object Repository/MOH AND GRN/Page_KDMC - CMS/button_Add' is clicked on

2018-05-09 16:12:02 - [MESSAGE][PASSED] - Object: 'Object Repository/MOH AND GRN/Page_KDMC - CMS/button_Add' is clicked on

2018-05-09 16:12:02 - [TEST_STEP][PASSED] - selectOptionByIndex: All options with index in [11] are selected on object 'Object Repository/MOH AND GRN/Page_KDMC - CMS/select_--Select--Schedule 1Inj'

2018-05-09 16:12:02 - [MESSAGE][PASSED] - All options with index in [11] are selected on object 'Object Repository/MOH AND GRN/Page_KDMC - CMS/select_--Select--Schedule 1Inj'

2018-05-09 16:12:02 - [TEST_STEP][PASSED] - selectOptionByIndex: All options with index in [36] are selected on object 'Object Repository/MOH AND GRN/Page_KDMC - CMS/select_--Select--Adernaline 0.'

2018-05-09 16:12:02 - [MESSAGE][PASSED] - All options with index in [36] are selected on object 'Object Repository/MOH AND GRN/Page_KDMC - CMS/select_--Select--Adernaline 0.'

2018-05-09 16:12:02 - [TEST_STEP][PASSED] - setText: Text '5000' is set on object 'Object Repository/MOH AND GRN/Page_KDMC - CMS/input_txttreat'

2018-05-09 16:12:02 - [MESSAGE][PASSED] - Text '5000' is set on object 'Object Repository/MOH AND GRN/Page_KDMC - CMS/input_txttreat'

2018-05-09 16:12:02 - [TEST_STEP][PASSED] - click: Object: 'Object Repository/MOH AND GRN/Page_KDMC - CMS/button_Add' is clicked on

2018-05-09 16:12:03 - [MESSAGE][PASSED] - Object: 'Object Repository/MOH AND GRN/Page_KDMC - CMS/button_Add' is clicked on

2018-05-09 16:12:03 - [TEST_STEP][PASSED] - selectOptionByIndex: All options with index in [11] are selected on object 'Object Repository/MOH AND GRN/Page_KDMC - CMS/select_--Select--Schedule 1Inj'

2018-05-09 16:12:03 - [MESSAGE][PASSED] - All options with index in [11] are selected on object 'Object Repository/MOH AND GRN/Page_KDMC - CMS/select_--Select--Schedule 1Inj'

2018-05-09 16:12:03 - [TEST_STEP][PASSED] - selectOptionByIndex: All options with index in [37] are selected on object 'Object Repository/MOH AND GRN/Page_KDMC - CMS/select_--Select--Adernaline 0.'

2018-05-09 16:12:03 - [MESSAGE][PASSED] - All options with index in [37] are selected on object 'Object Repository/MOH AND GRN/Page_KDMC - CMS/select_--Select--Adernaline 0.'

2018-05-09 16:12:03 - [TEST_STEP][PASSED] - setText: Text '5000' is set on object 'Object Repository/MOH AND GRN/Page_KDMC - CMS/input_txttreat'

2018-05-09 16:12:03 - [MESSAGE][PASSED] - Text '5000' is set on object 'Object Repository/MOH AND GRN/Page_KDMC - CMS/input_txttreat'

2018-05-09 16:12:03 - [TEST_STEP][PASSED] - click: Object: 'Object Repository/MOH AND GRN/Page_KDMC - CMS/button_Add' is clicked on

2018-05-09 16:12:03 - [MESSAGE][PASSED] - Object: 'Object Repository/MOH AND GRN/Page_KDMC - CMS/button_Add' is clicked on

2018-05-09 16:12:03 - [TEST_STEP][PASSED] - selectOptionByIndex: All options with index in [11] are selected on object 'Object Repository/MOH AND GRN/Page_KDMC - CMS/select_--Select--Schedule 1Inj'

2018-05-09 16:12:04 - [MESSAGE][PASSED] - All options with index in [11] are selected on object 'Object Repository/MOH AND GRN/Page_KDMC - CMS/select_--Select--Schedule 1Inj'

2018-05-09 16:12:04 - [TEST_STEP][PASSED] - selectOptionByIndex: All options with index in [38] are selected on object 'Object Repository/MOH AND GRN/Page_KDMC - CMS/select_--Select--Adernaline 0.'

2018-05-09 16:12:04 - [MESSAGE][PASSED] - All options with index in [38] are selected on object 'Object Repository/MOH AND GRN/Page_KDMC - CMS/select_--Select--Adernaline 0.'

2018-05-09 16:12:04 - [TEST_STEP][PASSED] - setText: Text '5000' is set on object 'Object Repository/MOH AND GRN/Page_KDMC - CMS/input_txttreat'

2018-05-09 16:12:04 - [MESSAGE][PASSED] - Text '5000' is set on object 'Object Repository/MOH AND GRN/Page_KDMC - CMS/input_txttreat'

2018-05-09 16:12:04 - [TEST_STEP][PASSED] - click: Object: 'Object Repository/MOH AND GRN/Page_KDMC - CMS/button_Add' is clicked on

2018-05-09 16:12:04 - [MESSAGE][PASSED] - Object: 'Object Repository/MOH AND GRN/Page_KDMC - CMS/button_Add' is clicked on

2018-05-09 16:12:04 - [TEST_STEP][PASSED] - selectOptionByIndex: All options with index in [11] are selected on object 'Object Repository/MOH AND GRN/Page_KDMC - CMS/select_--Select--Schedule 1Inj'

2018-05-09 16:12:04 - [MESSAGE][PASSED] - All options with index in [11] are selected on object 'Object Repository/MOH AND GRN/Page_KDMC - CMS/select_--Select--Schedule 1Inj'

2018-05-09 16:12:04 - [TEST_STEP][PASSED] - selectOptionByIndex: All options with index in [39] are selected on object 'Object Repository/MOH AND GRN/Page_KDMC - CMS/select_--Select--Adernaline 0.'

2018-05-09 16:12:05 - [MESSAGE][PASSED] - All options with index in [39] are selected on object 'Object Repository/MOH AND GRN/Page_KDMC - CMS/select_--Select--Adernaline 0.'

2018-05-09 16:12:05 - [TEST_STEP][PASSED] - setText: Text '5000' is set on object 'Object Repository/MOH AND GRN/Page_KDMC - CMS/input_txttreat'

2018-05-09 16:12:05 - [MESSAGE][PASSED] - Text '5000' is set on object 'Object Repository/MOH AND GRN/Page_KDMC - CMS/input_txttreat'

2018-05-09 16:12:05 - [TEST_STEP][PASSED] - click: Object: 'Object Repository/MOH AND GRN/Page_KDMC - CMS/button_Add' is clicked on

2018-05-09 16:12:05 - [MESSAGE][PASSED] - Object: 'Object Repository/MOH AND GRN/Page_KDMC - CMS/button_Add' is clicked on

2018-05-09 16:12:05 - [TEST_STEP][PASSED] - selectOptionByIndex: All options with index in [11] are selected on object 'Object Repository/MOH AND GRN/Page_KDMC - CMS/select_--Select--Schedule 1Inj'

2018-05-09 16:12:05 - [MESSAGE][PASSED] - All options with index in [11] are selected on object 'Object Repository/MOH AND GRN/Page_KDMC - CMS/select_--Select--Schedule 1Inj'

2018-05-09 16:12:05 - [TEST_STEP][PASSED] - selectOptionByIndex: All options with index in [40] are selected on object 'Object Repository/MOH AND GRN/Page_KDMC - CMS/select_--Select--Adernaline 0.'

2018-05-09 16:12:06 - [MESSAGE][PASSED] - All options with index in [40] are selected on object 'Object Repository/MOH AND GRN/Page_KDMC - CMS/select_--Select--Adernaline 0.'

2018-05-09 16:12:06 - [TEST_STEP][PASSED] - setText: Text '5000' is set on object 'Object Repository/MOH AND GRN/Page_KDMC - CMS/input_txttreat'

2018-05-09 16:12:06 - [MESSAGE][PASSED] - Text '5000' is set on object 'Object Repository/MOH AND GRN/Page_KDMC - CMS/input_txttreat'

2018-05-09 16:12:06 - [TEST_STEP][PASSED] - click: Object: 'Object Repository/MOH AND GRN/Page_KDMC - CMS/button_Add' is clicked on

2018-05-09 16:12:06 - [MESSAGE][PASSED] - Object: 'Object Repository/MOH AND GRN/Page_KDMC - CMS/button_Add' is clicked on

2018-05-09 16:12:06 - [TEST_STEP][PASSED] - selectOptionByIndex: All options with index in [11] are selected on object 'Object Repository/MOH AND GRN/Page_KDMC - CMS/select_--Select--Schedule 1Inj'

2018-05-09 16:12:06 - [MESSAGE][PASSED] - All options with index in [11] are selected on object 'Object Repository/MOH AND GRN/Page_KDMC - CMS/select_--Select--Schedule 1Inj'

2018-05-09 16:12:06 - [TEST_STEP][PASSED] - selectOptionByIndex: All options with index in [41] are selected on object 'Object Repository/MOH AND GRN/Page_KDMC - CMS/select_--Select--Adernaline 0.'

2018-05-09 16:12:06 - [MESSAGE][PASSED] - All options with index in [41] are selected on object 'Object Repository/MOH AND GRN/Page_KDMC - CMS/select_--Select--Adernaline 0.'

2018-05-09 16:12:06 - [TEST_STEP][PASSED] - setText: Text '5000' is set on object 'Object Repository/MOH AND GRN/Page_KDMC - CMS/input_txttreat'

2018-05-09 16:12:06 - [MESSAGE][PASSED] - Text '5000' is set on object 'Object Repository/MOH AND GRN/Page_KDMC - CMS/input_txttreat'

2018-05-09 16:12:06 - [TEST_STEP][PASSED] - click: Object: 'Object Repository/MOH AND GRN/Page_KDMC - CMS/button_Add' is clicked on

2018-05-09 16:12:07 - [MESSAGE][PASSED] - Object: 'Object Repository/MOH AND GRN/Page_KDMC - CMS/button_Add' is clicked on

2018-05-09 16:12:07 - [TEST_STEP][PASSED] - selectOptionByIndex: All options with index in [11] are selected on object 'Object Repository/MOH AND GRN/Page_KDMC - CMS/select_--Select--Schedule 1Inj'

2018-05-09 16:12:07 - [MESSAGE][PASSED] - All options with index in [11] are selected on object 'Object Repository/MOH AND GRN/Page_KDMC - CMS/select_--Select--Schedule 1Inj'

2018-05-09 16:12:07 - [TEST_STEP][PASSED] - selectOptionByIndex: All options with index in [42] are selected on object 'Object Repository/MOH AND GRN/Page_KDMC - CMS/select_--Select--Adernaline 0.'

2018-05-09 16:12:07 - [MESSAGE][PASSED] - All options with index in [42] are selected on object 'Object Repository/MOH AND GRN/Page_KDMC - CMS/select_--Select--Adernaline 0.'

2018-05-09 16:12:07 - [TEST_STEP][PASSED] - setText: Text '5000' is set on object 'Object Repository/MOH AND GRN/Page_KDMC - CMS/input_txttreat'

2018-05-09 16:12:07 - [MESSAGE][PASSED] - Text '5000' is set on object 'Object Repository/MOH AND GRN/Page_KDMC - CMS/input_txttreat'

2018-05-09 16:12:07 - [TEST_STEP][PASSED] - click: Object: 'Object Repository/MOH AND GRN/Page_KDMC - CMS/button_Add' is clicked on

2018-05-09 16:12:07 - [MESSAGE][PASSED] - Object: 'Object Repository/MOH AND GRN/Page_KDMC - CMS/button_Add' is clicked on

2018-05-09 16:12:07 - [TEST_STEP][PASSED] - selectOptionByIndex: All options with index in [11] are selected on object 'Object Repository/MOH AND GRN/Page_KDMC - CMS/select_--Select--Schedule 1Inj'

2018-05-09 16:12:08 - [MESSAGE][PASSED] - All options with index in [11] are selected on object 'Object Repository/MOH AND GRN/Page_KDMC - CMS/select_--Select--Schedule 1Inj'

2018-05-09 16:12:08 - [TEST_STEP][PASSED] - selectOptionByIndex: All options with index in [43] are selected on object 'Object Repository/MOH AND GRN/Page_KDMC - CMS/select_--Select--Adernaline 0.'

2018-05-09 16:12:08 - [MESSAGE][PASSED] - All options with index in [43] are selected on object 'Object Repository/MOH AND GRN/Page_KDMC - CMS/select_--Select--Adernaline 0.'

2018-05-09 16:12:08 - [TEST_STEP][PASSED] - setText: Text '5000' is set on object 'Object Repository/MOH AND GRN/Page_KDMC - CMS/input_txttreat'

2018-05-09 16:12:08 - [MESSAGE][PASSED] - Text '5000' is set on object 'Object Repository/MOH AND GRN/Page_KDMC - CMS/input_txttreat'

2018-05-09 16:12:08 - [TEST_STEP][PASSED] - click: Object: 'Object Repository/MOH AND GRN/Page_KDMC - CMS/button_Add' is clicked on

2018-05-09 16:12:08 - [MESSAGE][PASSED] - Object: 'Object Repository/MOH AND GRN/Page_KDMC - CMS/button_Add' is clicked on

2018-05-09 16:12:08 - [TEST_STEP][PASSED] - selectOptionByIndex: All options with index in [11] are selected on object 'Object Repository/MOH AND GRN/Page_KDMC - CMS/select_--Select--Schedule 1Inj'

2018-05-09 16:12:08 - [MESSAGE][PASSED] - All options with index in [11] are selected on object 'Object Repository/MOH AND GRN/Page_KDMC - CMS/select_--Select--Schedule 1Inj'

2018-05-09 16:12:08 - [TEST_STEP][PASSED] - selectOptionByIndex: All options with index in [44] are selected on object 'Object Repository/MOH AND GRN/Page_KDMC - CMS/select_--Select--Adernaline 0.'

2018-05-09 16:12:09 - [MESSAGE][PASSED] - All options with index in [44] are selected on object 'Object Repository/MOH AND GRN/Page_KDMC - CMS/select_--Select--Adernaline 0.'

2018-05-09 16:12:09 - [TEST_STEP][PASSED] - setText: Text '5000' is set on object 'Object Repository/MOH AND GRN/Page_KDMC - CMS/input_txttreat'

2018-05-09 16:12:09 - [MESSAGE][PASSED] - Text '5000' is set on object 'Object Repository/MOH AND GRN/Page_KDMC - CMS/input_txttreat'

2018-05-09 16:12:09 - [TEST_STEP][PASSED] - click: Object: 'Object Repository/MOH AND GRN/Page_KDMC - CMS/button_Add' is clicked on

2018-05-09 16:12:09 - [MESSAGE][PASSED] - Object: 'Object Repository/MOH AND GRN/Page_KDMC - CMS/button_Add' is clicked on

2018-05-09 16:12:09 - [TEST_STEP][PASSED] - selectOptionByIndex: All options with index in [11] are selected on object 'Object Repository/MOH AND GRN/Page_KDMC - CMS/select_--Select--Schedule 1Inj'

2018-05-09 16:12:09 - [MESSAGE][PASSED] - All options with index in [11] are selected on object 'Object Repository/MOH AND GRN/Page_KDMC - CMS/select_--Select--Schedule 1Inj'

2018-05-09 16:12:09 - [TEST_STEP][PASSED] - selectOptionByIndex: All options with index in [45] are selected on object 'Object Repository/MOH AND GRN/Page_KDMC - CMS/select_--Select--Adernaline 0.'

2018-05-09 16:12:10 - [MESSAGE][PASSED] - All options with index in [45] are selected on object 'Object Repository/MOH AND GRN/Page_KDMC - CMS/select_--Select--Adernaline 0.'

2018-05-09 16:12:10 - [TEST_STEP][PASSED] - setText: Text '5000' is set on object 'Object Repository/MOH AND GRN/Page_KDMC - CMS/input_txttreat'

2018-05-09 16:12:10 - [MESSAGE][PASSED] - Text '5000' is set on object 'Object Repository/MOH AND GRN/Page_KDMC - CMS/input_txttreat'

2018-05-09 16:12:10 - [TEST_STEP][PASSED] - click: Object: 'Object Repository/MOH AND GRN/Page_KDMC - CMS/button_Add' is clicked on

2018-05-09 16:12:10 - [MESSAGE][PASSED] - Object: 'Object Repository/MOH AND GRN/Page_KDMC - CMS/button_Add' is clicked on

2018-05-09 16:12:10 - [TEST_STEP][PASSED] - selectOptionByIndex: All options with index in [11] are selected on object 'Object Repository/MOH AND GRN/Page_KDMC - CMS/select_--Select--Schedule 1Inj'

2018-05-09 16:12:10 - [MESSAGE][PASSED] - All options with index in [11] are selected on object 'Object Repository/MOH AND GRN/Page_KDMC - CMS/select_--Select--Schedule 1Inj'

2018-05-09 16:12:10 - [TEST_STEP][PASSED] - selectOptionByIndex: All options with index in [46] are selected on object 'Object Repository/MOH AND GRN/Page_KDMC - CMS/select_--Select--Adernaline 0.'

2018-05-09 16:12:11 - [MESSAGE][PASSED] - All options with index in [46] are selected on object 'Object Repository/MOH AND GRN/Page_KDMC - CMS/select_--Select--Adernaline 0.'

2018-05-09 16:12:11 - [TEST_STEP][PASSED] - setText: Text '5000' is set on object 'Object Repository/MOH AND GRN/Page_KDMC - CMS/input_txttreat'

2018-05-09 16:12:11 - [MESSAGE][PASSED] - Text '5000' is set on object 'Object Repository/MOH AND GRN/Page_KDMC - CMS/input_txttreat'

2018-05-09 16:12:11 - [TEST_STEP][PASSED] - click: Object: 'Object Repository/MOH AND GRN/Page_KDMC - CMS/button_Add' is clicked on

2018-05-09 16:12:11 - [MESSAGE][PASSED] - Object: 'Object Repository/MOH AND GRN/Page_KDMC - CMS/button_Add' is clicked on

2018-05-09 16:12:11 - [TEST_STEP][PASSED] - selectOptionByIndex: All options with index in [11] are selected on object 'Object Repository/MOH AND GRN/Page_KDMC - CMS/select_--Select--Schedule 1Inj'

2018-05-09 16:12:11 - [MESSAGE][PASSED] - All options with index in [11] are selected on object 'Object Repository/MOH AND GRN/Page_KDMC - CMS/select_--Select--Schedule 1Inj'

2018-05-09 16:12:11 - [TEST_STEP][PASSED] - selectOptionByIndex: All options with index in [47] are selected on object 'Object Repository/MOH AND GRN/Page_KDMC - CMS/select_--Select--Adernaline 0.'

2018-05-09 16:12:12 - [MESSAGE][PASSED] - All options with index in [47] are selected on object 'Object Repository/MOH AND GRN/Page_KDMC - CMS/select_--Select--Adernaline 0.'

2018-05-09 16:12:12 - [TEST_STEP][PASSED] - setText: Text '5000' is set on object 'Object Repository/MOH AND GRN/Page_KDMC - CMS/input_txttreat'

2018-05-09 16:12:12 - [MESSAGE][PASSED] - Text '5000' is set on object 'Object Repository/MOH AND GRN/Page_KDMC - CMS/input_txttreat'

2018-05-09 16:12:12 - [TEST_STEP][PASSED] - click: Object: 'Object Repository/MOH AND GRN/Page_KDMC - CMS/button_Add' is clicked on

2018-05-09 16:12:12 - [MESSAGE][PASSED] - Object: 'Object Repository/MOH AND GRN/Page_KDMC - CMS/button_Add' is clicked on

2018-05-09 16:12:12 - [TEST_STEP][PASSED] - selectOptionByIndex: All options with index in [11] are selected on object 'Object Repository/MOH AND GRN/Page_KDMC - CMS/select_--Select--Schedule 1Inj'

2018-05-09 16:12:12 - [MESSAGE][PASSED] - All options with index in [11] are selected on object 'Object Repository/MOH AND GRN/Page_KDMC - CMS/select_--Select--Schedule 1Inj'

2018-05-09 16:12:12 - [TEST_STEP][PASSED] - selectOptionByIndex: All options with index in [48] are selected on object 'Object Repository/MOH AND GRN/Page_KDMC - CMS/select_--Select--Adernaline 0.'

2018-05-09 16:12:12 - [MESSAGE][PASSED] - All options with index in [48] are selected on object 'Object Repository/MOH AND GRN/Page_KDMC - CMS/select_--Select--Adernaline 0.'

2018-05-09 16:12:12 - [TEST_STEP][PASSED] - setText: Text '5000' is set on object 'Object Repository/MOH AND GRN/Page_KDMC - CMS/input_txttreat'

2018-05-09 16:12:12 - [MESSAGE][PASSED] - Text '5000' is set on object 'Object Repository/MOH AND GRN/Page_KDMC - CMS/input_txttreat'

2018-05-09 16:12:12 - [TEST_STEP][PASSED] - click: Object: 'Object Repository/MOH AND GRN/Page_KDMC - CMS/button_Add' is clicked on

2018-05-09 16:12:13 - [MESSAGE][PASSED] - Object: 'Object Repository/MOH AND GRN/Page_KDMC - CMS/button_Add' is clicked on

2018-05-09 16:12:13 - [TEST_STEP][PASSED] - selectOptionByIndex: All options with index in [11] are selected on object 'Object Repository/MOH AND GRN/Page_KDMC - CMS/select_--Select--Schedule 1Inj'

2018-05-09 16:12:13 - [MESSAGE][PASSED] - All options with index in [11] are selected on object 'Object Repository/MOH AND GRN/Page_KDMC - CMS/select_--Select--Schedule 1Inj'

2018-05-09 16:12:13 - [TEST_STEP][PASSED] - selectOptionByIndex: All options with index in [49] are selected on object 'Object Repository/MOH AND GRN/Page_KDMC - CMS/select_--Select--Adernaline 0.'

2018-05-09 16:12:13 - [MESSAGE][PASSED] - All options with index in [49] are selected on object 'Object Repository/MOH AND GRN/Page_KDMC - CMS/select_--Select--Adernaline 0.'

2018-05-09 16:12:13 - [TEST_STEP][PASSED] - setText: Text '5000' is set on object 'Object Repository/MOH AND GRN/Page_KDMC - CMS/input_txttreat'

2018-05-09 16:12:13 - [MESSAGE][PASSED] - Text '5000' is set on object 'Object Repository/MOH AND GRN/Page_KDMC - CMS/input_txttreat'

2018-05-09 16:12:13 - [TEST_STEP][PASSED] - click: Object: 'Object Repository/MOH AND GRN/Page_KDMC - CMS/button_Add' is clicked on

2018-05-09 16:12:13 - [MESSAGE][PASSED] - Object: 'Object Repository/MOH AND GRN/Page_KDMC - CMS/button_Add' is clicked on

2018-05-09 16:12:13 - [TEST_STEP][PASSED] - selectOptionByIndex: All options with index in [11] are selected on object 'Object Repository/MOH AND GRN/Page_KDMC - CMS/select_--Select--Schedule 1Inj'

2018-05-09 16:12:14 - [MESSAGE][PASSED] - All options with index in [11] are selected on object 'Object Repository/MOH AND GRN/Page_KDMC - CMS/select_--Select--Schedule 1Inj'

2018-05-09 16:12:14 - [TEST_STEP][PASSED] - selectOptionByIndex: All options with index in [50] are selected on object 'Object Repository/MOH AND GRN/Page_KDMC - CMS/select_--Select--Adernaline 0.'

2018-05-09 16:12:14 - [MESSAGE][PASSED] - All options with index in [50] are selected on object 'Object Repository/MOH AND GRN/Page_KDMC - CMS/select_--Select--Adernaline 0.'

2018-05-09 16:12:14 - [TEST_STEP][PASSED] - setText: Text '5000' is set on object 'Object Repository/MOH AND GRN/Page_KDMC - CMS/input_txttreat'

2018-05-09 16:12:14 - [MESSAGE][PASSED] - Text '5000' is set on object 'Object Repository/MOH AND GRN/Page_KDMC - CMS/input_txttreat'

2018-05-09 16:12:14 - [TEST_STEP][PASSED] - click: Object: 'Object Repository/MOH AND GRN/Page_KDMC - CMS/button_Add' is clicked on

2018-05-09 16:12:14 - [MESSAGE][PASSED] - Object: 'Object Repository/MOH AND GRN/Page_KDMC - CMS/button_Add' is clicked on

2018-05-09 16:12:14 - [TEST_STEP][PASSED] - selectOptionByIndex: All options with index in [11] are selected on object 'Object Repository/MOH AND GRN/Page_KDMC - CMS/select_--Select--Schedule 1Inj'

2018-05-09 16:12:15 - [MESSAGE][PASSED] - All options with index in [11] are selected on object 'Object Repository/MOH AND GRN/Page_KDMC - CMS/select_--Select--Schedule 1Inj'

2018-05-09 16:12:15 - [TEST_STEP][PASSED] - selectOptionByIndex: All options with index in [51] are selected on object 'Object Repository/MOH AND GRN/Page_KDMC - CMS/select_--Select--Adernaline 0.'

2018-05-09 16:12:15 - [MESSAGE][PASSED] - All options with index in [51] are selected on object 'Object Repository/MOH AND GRN/Page_KDMC - CMS/select_--Select--Adernaline 0.'

2018-05-09 16:12:15 - [TEST_STEP][PASSED] - setText: Text '5000' is set on object 'Object Repository/MOH AND GRN/Page_KDMC - CMS/input_txttreat'

2018-05-09 16:12:15 - [MESSAGE][PASSED] - Text '5000' is set on object 'Object Repository/MOH AND GRN/Page_KDMC - CMS/input_txttreat'

2018-05-09 16:12:15 - [TEST_STEP][PASSED] - click: Object: 'Object Repository/MOH AND GRN/Page_KDMC - CMS/button_Add' is clicked on

2018-05-09 16:12:15 - [MESSAGE][PASSED] - Object: 'Object Repository/MOH AND GRN/Page_KDMC - CMS/button_Add' is clicked on

2018-05-09 16:12:15 - [TEST_STEP][PASSED] - selectOptionByIndex: All options with index in [11] are selected on object 'Object Repository/MOH AND GRN/Page_KDMC - CMS/select_--Select--Schedule 1Inj'

2018-05-09 16:12:15 - [MESSAGE][PASSED] - All options with index in [11] are selected on object 'Object Repository/MOH AND GRN/Page_KDMC - CMS/select_--Select--Schedule 1Inj'

2018-05-09 16:12:15 - [TEST_STEP][PASSED] - selectOptionByIndex: All options with index in [52] are selected on object 'Object Repository/MOH AND GRN/Page_KDMC - CMS/select_--Select--Adernaline 0.'

2018-05-09 16:12:16 - [MESSAGE][PASSED] - All options with index in [52] are selected on object 'Object Repository/MOH AND GRN/Page_KDMC - CMS/select_--Select--Adernaline 0.'

2018-05-09 16:12:16 - [TEST_STEP][PASSED] - setText: Text '5000' is set on object 'Object Repository/MOH AND GRN/Page_KDMC - CMS/input_txttreat'

2018-05-09 16:12:16 - [MESSAGE][PASSED] - Text '5000' is set on object 'Object Repository/MOH AND GRN/Page_KDMC - CMS/input_txttreat'

2018-05-09 16:12:16 - [TEST_STEP][PASSED] - click: Object: 'Object Repository/MOH AND GRN/Page_KDMC - CMS/button_Add' is clicked on

2018-05-09 16:12:16 - [MESSAGE][PASSED] - Object: 'Object Repository/MOH AND GRN/Page_KDMC - CMS/button_Add' is clicked on

2018-05-09 16:12:16 - [TEST_STEP][PASSED] - selectOptionByIndex: All options with index in [11] are selected on object 'Object Repository/MOH AND GRN/Page_KDMC - CMS/select_--Select--Schedule 1Inj'

2018-05-09 16:12:16 - [MESSAGE][PASSED] - All options with index in [11] are selected on object 'Object Repository/MOH AND GRN/Page_KDMC - CMS/select_--Select--Schedule 1Inj'

2018-05-09 16:12:16 - [TEST_STEP][PASSED] - selectOptionByIndex: All options with index in [53] are selected on object 'Object Repository/MOH AND GRN/Page_KDMC - CMS/select_--Select--Adernaline 0.'

2018-05-09 16:12:17 - [MESSAGE][PASSED] - All options with index in [53] are selected on object 'Object Repository/MOH AND GRN/Page_KDMC - CMS/select_--Select--Adernaline 0.'

2018-05-09 16:12:17 - [TEST_STEP][PASSED] - setText: Text '5000' is set on object 'Object Repository/MOH AND GRN/Page_KDMC - CMS/input_txttreat'

2018-05-09 16:12:17 - [MESSAGE][PASSED] - Text '5000' is set on object 'Object Repository/MOH AND GRN/Page_KDMC - CMS/input_txttreat'

2018-05-09 16:12:17 - [TEST_STEP][PASSED] - click: Object: 'Object Repository/MOH AND GRN/Page_KDMC - CMS/button_Add' is clicked on

2018-05-09 16:12:17 - [MESSAGE][PASSED] - Object: 'Object Repository/MOH AND GRN/Page_KDMC - CMS/button_Add' is clicked on

2018-05-09 16:12:17 - [TEST_STEP][PASSED] - selectOptionByIndex: All options with index in [11] are selected on object 'Object Repository/MOH AND GRN/Page_KDMC - CMS/select_--Select--Schedule 1Inj'

2018-05-09 16:12:17 - [MESSAGE][PASSED] - All options with index in [11] are selected on object 'Object Repository/MOH AND GRN/Page_KDMC - CMS/select_--Select--Schedule 1Inj'

2018-05-09 16:12:17 - [TEST_STEP][PASSED] - selectOptionByIndex: All options with index in [54] are selected on object 'Object Repository/MOH AND GRN/Page_KDMC - CMS/select_--Select--Adernaline 0.'

2018-05-09 16:12:18 - [MESSAGE][PASSED] - All options with index in [54] are selected on object 'Object Repository/MOH AND GRN/Page_KDMC - CMS/select_--Select--Adernaline 0.'

2018-05-09 16:12:18 - [TEST_STEP][PASSED] - setText: Text '5000' is set on object 'Object Repository/MOH AND GRN/Page_KDMC - CMS/input_txttreat'

2018-05-09 16:12:18 - [MESSAGE][PASSED] - Text '5000' is set on object 'Object Repository/MOH AND GRN/Page_KDMC - CMS/input_txttreat'

2018-05-09 16:12:18 - [TEST_STEP][PASSED] - click: Object: 'Object Repository/MOH AND GRN/Page_KDMC - CMS/button_Add' is clicked on

2018-05-09 16:12:18 - [MESSAGE][PASSED] - Object: 'Object Repository/MOH AND GRN/Page_KDMC - CMS/button_Add' is clicked on

2018-05-09 16:12:18 - [TEST_STEP][PASSED] - selectOptionByIndex: All options with index in [11] are selected on object 'Object Repository/MOH AND GRN/Page_KDMC - CMS/select_--Select--Schedule 1Inj'

2018-05-09 16:12:18 - [MESSAGE][PASSED] - All options with index in [11] are selected on object 'Object Repository/MOH AND GRN/Page_KDMC - CMS/select_--Select--Schedule 1Inj'

2018-05-09 16:12:18 - [TEST_STEP][PASSED] - selectOptionByIndex: All options with index in [55] are selected on object 'Object Repository/MOH AND GRN/Page_KDMC - CMS/select_--Select--Adernaline 0.'

2018-05-09 16:12:19 - [MESSAGE][PASSED] - All options with index in [55] are selected on object 'Object Repository/MOH AND GRN/Page_KDMC - CMS/select_--Select--Adernaline 0.'

2018-05-09 16:12:19 - [TEST_STEP][PASSED] - setText: Text '5000' is set on object 'Object Repository/MOH AND GRN/Page_KDMC - CMS/input_txttreat'

2018-05-09 16:12:19 - [MESSAGE][PASSED] - Text '5000' is set on object 'Object Repository/MOH AND GRN/Page_KDMC - CMS/input_txttreat'

2018-05-09 16:12:19 - [TEST_STEP][PASSED] - click: Object: 'Object Repository/MOH AND GRN/Page_KDMC - CMS/button_Add' is clicked on

2018-05-09 16:12:19 - [MESSAGE][PASSED] - Object: 'Object Repository/MOH AND GRN/Page_KDMC - CMS/button_Add' is clicked on

2018-05-09 16:12:19 - [TEST_STEP][PASSED] - selectOptionByIndex: All options with index in [11] are selected on object 'Object Repository/MOH AND GRN/Page_KDMC - CMS/select_--Select--Schedule 1Inj'

2018-05-09 16:12:19 - [MESSAGE][PASSED] - All options with index in [11] are selected on object 'Object Repository/MOH AND GRN/Page_KDMC - CMS/select_--Select--Schedule 1Inj'

2018-05-09 16:12:19 - [TEST_STEP][PASSED] - selectOptionByIndex: All options with index in [56] are selected on object 'Object Repository/MOH AND GRN/Page_KDMC - CMS/select_--Select--Adernaline 0.'

2018-05-09 16:12:20 - [MESSAGE][PASSED] - All options with index in [56] are selected on object 'Object Repository/MOH AND GRN/Page_KDMC - CMS/select_--Select--Adernaline 0.'

2018-05-09 16:12:20 - [TEST_STEP][PASSED] - setText: Text '5000' is set on object 'Object Repository/MOH AND GRN/Page_KDMC - CMS/input_txttreat'

2018-05-09 16:12:20 - [MESSAGE][PASSED] - Text '5000' is set on object 'Object Repository/MOH AND GRN/Page_KDMC - CMS/input_txttreat'

2018-05-09 16:12:20 - [TEST_STEP][PASSED] - click: Object: 'Object Repository/MOH AND GRN/Page_KDMC - CMS/button_Add' is clicked on

2018-05-09 16:12:20 - [MESSAGE][PASSED] - Object: 'Object Repository/MOH AND GRN/Page_KDMC - CMS/button_Add' is clicked on

2018-05-09 16:12:20 - [TEST_STEP][PASSED] - selectOptionByIndex: All options with index in [11] are selected on object 'Object Repository/MOH AND GRN/Page_KDMC - CMS/select_--Select--Schedule 1Inj'

2018-05-09 16:12:20 - [MESSAGE][PASSED] - All options with index in [11] are selected on object 'Object Repository/MOH AND GRN/Page_KDMC - CMS/select_--Select--Schedule 1Inj'

2018-05-09 16:12:20 - [TEST_STEP][PASSED] - selectOptionByIndex: All options with index in [57] are selected on object 'Object Repository/MOH AND GRN/Page_KDMC - CMS/select_--Select--Adernaline 0.'

2018-05-09 16:12:21 - [MESSAGE][PASSED] - All options with index in [57] are selected on object 'Object Repository/MOH AND GRN/Page_KDMC - CMS/select_--Select--Adernaline 0.'

2018-05-09 16:12:21 - [TEST_STEP][PASSED] - setText: Text '5000' is set on object 'Object Repository/MOH AND GRN/Page_KDMC - CMS/input_txttreat'

2018-05-09 16:12:21 - [MESSAGE][PASSED] - Text '5000' is set on object 'Object Repository/MOH AND GRN/Page_KDMC - CMS/input_txttreat'

2018-05-09 16:12:21 - [TEST_STEP][PASSED] - click: Object: 'Object Repository/MOH AND GRN/Page_KDMC - CMS/button_Add' is clicked on

2018-05-09 16:12:21 - [MESSAGE][PASSED] - Object: 'Object Repository/MOH AND GRN/Page_KDMC - CMS/button_Add' is clicked on

2018-05-09 16:12:21 - [TEST_STEP][PASSED] - selectOptionByIndex: All options with index in [11] are selected on object 'Object Repository/MOH AND GRN/Page_KDMC - CMS/select_--Select--Schedule 1Inj'

2018-05-09 16:12:21 - [MESSAGE][PASSED] - All options with index in [11] are selected on object 'Object Repository/MOH AND GRN/Page_KDMC - CMS/select_--Select--Schedule 1Inj'

2018-05-09 16:12:21 - [TEST_STEP][PASSED] - selectOptionByIndex: All options with index in [58] are selected on object 'Object Repository/MOH AND GRN/Page_KDMC - CMS/select_--Select--Adernaline 0.'

2018-05-09 16:12:22 - [MESSAGE][PASSED] - All options with index in [58] are selected on object 'Object Repository/MOH AND GRN/Page_KDMC - CMS/select_--Select--Adernaline 0.'

2018-05-09 16:12:22 - [TEST_STEP][PASSED] - setText: Text '5000' is set on object 'Object Repository/MOH AND GRN/Page_KDMC - CMS/input_txttreat'

2018-05-09 16:12:22 - [MESSAGE][PASSED] - Text '5000' is set on object 'Object Repository/MOH AND GRN/Page_KDMC - CMS/input_txttreat'

2018-05-09 16:12:22 - [TEST_STEP][PASSED] - click: Object: 'Object Repository/MOH AND GRN/Page_KDMC - CMS/button_Add' is clicked on

2018-05-09 16:12:22 - [MESSAGE][PASSED] - Object: 'Object Repository/MOH AND GRN/Page_KDMC - CMS/button_Add' is clicked on

2018-05-09 16:12:22 - [TEST_STEP][PASSED] - selectOptionByIndex: All options with index in [11] are selected on object 'Object Repository/MOH AND GRN/Page_KDMC - CMS/select_--Select--Schedule 1Inj'

2018-05-09 16:12:22 - [MESSAGE][PASSED] - All options with index in [11] are selected on object 'Object Repository/MOH AND GRN/Page_KDMC - CMS/select_--Select--Schedule 1Inj'

2018-05-09 16:12:22 - [TEST_STEP][PASSED] - selectOptionByIndex: All options with index in [59] are selected on object 'Object Repository/MOH AND GRN/Page_KDMC - CMS/select_--Select--Adernaline 0.'

2018-05-09 16:12:23 - [MESSAGE][PASSED] - All options with index in [59] are selected on object 'Object Repository/MOH AND GRN/Page_KDMC - CMS/select_--Select--Adernaline 0.'

2018-05-09 16:12:23 - [TEST_STEP][PASSED] - setText: Text '5000' is set on object 'Object Repository/MOH AND GRN/Page_KDMC - CMS/input_txttreat'

2018-05-09 16:12:23 - [MESSAGE][PASSED] - Text '5000' is set on object 'Object Repository/MOH AND GRN/Page_KDMC - CMS/input_txttreat'

2018-05-09 16:12:23 - [TEST_STEP][PASSED] - click: Object: 'Object Repository/MOH AND GRN/Page_KDMC - CMS/button_Add' is clicked on

2018-05-09 16:12:23 - [MESSAGE][PASSED] - Object: 'Object Repository/MOH AND GRN/Page_KDMC - CMS/button_Add' is clicked on

2018-05-09 16:12:23 - [TEST_STEP][PASSED] - selectOptionByIndex: All options with index in [11] are selected on object 'Object Repository/MOH AND GRN/Page_KDMC - CMS/select_--Select--Schedule 1Inj'

2018-05-09 16:12:23 - [MESSAGE][PASSED] - All options with index in [11] are selected on object 'Object Repository/MOH AND GRN/Page_KDMC - CMS/select_--Select--Schedule 1Inj'

2018-05-09 16:12:23 - [TEST_STEP][PASSED] - selectOptionByIndex: All options with index in [60] are selected on object 'Object Repository/MOH AND GRN/Page_KDMC - CMS/select_--Select--Adernaline 0.'

2018-05-09 16:12:24 - [MESSAGE][PASSED] - All options with index in [60] are selected on object 'Object Repository/MOH AND GRN/Page_KDMC - CMS/select_--Select--Adernaline 0.'

2018-05-09 16:12:24 - [TEST_STEP][PASSED] - setText: Text '5000' is set on object 'Object Repository/MOH AND GRN/Page_KDMC - CMS/input_txttreat'

2018-05-09 16:12:24 - [MESSAGE][PASSED] - Text '5000' is set on object 'Object Repository/MOH AND GRN/Page_KDMC - CMS/input_txttreat'

2018-05-09 16:12:24 - [TEST_STEP][PASSED] - click: Object: 'Object Repository/MOH AND GRN/Page_KDMC - CMS/button_Add' is clicked on

2018-05-09 16:12:24 - [MESSAGE][PASSED] - Object: 'Object Repository/MOH AND GRN/Page_KDMC - CMS/button_Add' is clicked on

2018-05-09 16:12:24 - [TEST_STEP][PASSED] - selectOptionByIndex: All options with index in [11] are selected on object 'Object Repository/MOH AND GRN/Page_KDMC - CMS/select_--Select--Schedule 1Inj'

2018-05-09 16:12:24 - [MESSAGE][PASSED] - All options with index in [11] are selected on object 'Object Repository/MOH AND GRN/Page_KDMC - CMS/select_--Select--Schedule 1Inj'

2018-05-09 16:12:24 - [TEST_STEP][PASSED] - selectOptionByIndex: All options with index in [61] are selected on object 'Object Repository/MOH AND GRN/Page_KDMC - CMS/select_--Select--Adernaline 0.'

2018-05-09 16:12:25 - [MESSAGE][PASSED] - All options with index in [61] are selected on object 'Object Repository/MOH AND GRN/Page_KDMC - CMS/select_--Select--Adernaline 0.'

2018-05-09 16:12:25 - [TEST_STEP][PASSED] - setText: Text '5000' is set on object 'Object Repository/MOH AND GRN/Page_KDMC - CMS/input_txttreat'

2018-05-09 16:12:25 - [MESSAGE][PASSED] - Text '5000' is set on object 'Object Repository/MOH AND GRN/Page_KDMC - CMS/input_txttreat'

2018-05-09 16:12:25 - [TEST_STEP][PASSED] - click: Object: 'Object Repository/MOH AND GRN/Page_KDMC - CMS/button_Add' is clicked on

2018-05-09 16:12:25 - [MESSAGE][PASSED] - Object: 'Object Repository/MOH AND GRN/Page_KDMC - CMS/button_Add' is clicked on

2018-05-09 16:12:25 - [TEST_STEP][PASSED] - selectOptionByIndex: All options with index in [11] are selected on object 'Object Repository/MOH AND GRN/Page_KDMC - CMS/select_--Select--Schedule 1Inj'

2018-05-09 16:12:25 - [MESSAGE][PASSED] - All options with index in [11] are selected on object 'Object Repository/MOH AND GRN/Page_KDMC - CMS/select_--Select--Schedule 1Inj'

2018-05-09 16:12:25 - [TEST_STEP][PASSED] - selectOptionByIndex: All options with index in [62] are selected on object 'Object Repository/MOH AND GRN/Page_KDMC - CMS/select_--Select--Adernaline 0.'

2018-05-09 16:12:26 - [MESSAGE][PASSED] - All options with index in [62] are selected on object 'Object Repository/MOH AND GRN/Page_KDMC - CMS/select_--Select--Adernaline 0.'

2018-05-09 16:12:26 - [TEST_STEP][PASSED] - setText: Text '5000' is set on object 'Object Repository/MOH AND GRN/Page_KDMC - CMS/input_txttreat'

2018-05-09 16:12:26 - [MESSAGE][PASSED] - Text '5000' is set on object 'Object Repository/MOH AND GRN/Page_KDMC - CMS/input_txttreat'

2018-05-09 16:12:26 - [TEST_STEP][PASSED] - click: Object: 'Object Repository/MOH AND GRN/Page_KDMC - CMS/button_Add' is clicked on

2018-05-09 16:12:26 - [MESSAGE][PASSED] - Object: 'Object Repository/MOH AND GRN/Page_KDMC - CMS/button_Add' is clicked on

2018-05-09 16:12:26 - [TEST_STEP][PASSED] - selectOptionByIndex: All options with index in [11] are selected on object 'Object Repository/MOH AND GRN/Page_KDMC - CMS/select_--Select--Schedule 1Inj'

2018-05-09 16:12:26 - [MESSAGE][PASSED] - All options with index in [11] are selected on object 'Object Repository/MOH AND GRN/Page_KDMC - CMS/select_--Select--Schedule 1Inj'

2018-05-09 16:12:26 - [TEST_STEP][PASSED] - selectOptionByIndex: All options with index in [63] are selected on object 'Object Repository/MOH AND GRN/Page_KDMC - CMS/select_--Select--Adernaline 0.'

2018-05-09 16:12:27 - [MESSAGE][PASSED] - All options with index in [63] are selected on object 'Object Repository/MOH AND GRN/Page_KDMC - CMS/select_--Select--Adernaline 0.'

2018-05-09 16:12:27 - [TEST_STEP][PASSED] - setText: Text '5000' is set on object 'Object Repository/MOH AND GRN/Page_KDMC - CMS/input_txttreat'

2018-05-09 16:12:27 - [MESSAGE][PASSED] - Text '5000' is set on object 'Object Repository/MOH AND GRN/Page_KDMC - CMS/input_txttreat'

2018-05-09 16:12:27 - [TEST_STEP][PASSED] - click: Object: 'Object Repository/MOH AND GRN/Page_KDMC - CMS/button_Add' is clicked on

2018-05-09 16:12:27 - [MESSAGE][PASSED] - Object: 'Object Repository/MOH AND GRN/Page_KDMC - CMS/button_Add' is clicked on

2018-05-09 16:12:27 - [TEST_STEP][PASSED] - selectOptionByIndex: All options with index in [11] are selected on object 'Object Repository/MOH AND GRN/Page_KDMC - CMS/select_--Select--Schedule 1Inj'

2018-05-09 16:12:27 - [MESSAGE][PASSED] - All options with index in [11] are selected on object 'Object Repository/MOH AND GRN/Page_KDMC - CMS/select_--Select--Schedule 1Inj'

2018-05-09 16:12:27 - [TEST_STEP][PASSED] - selectOptionByIndex: All options with index in [64] are selected on object 'Object Repository/MOH AND GRN/Page_KDMC - CMS/select_--Select--Adernaline 0.'

2018-05-09 16:12:28 - [MESSAGE][PASSED] - All options with index in [64] are selected on object 'Object Repository/MOH AND GRN/Page_KDMC - CMS/select_--Select--Adernaline 0.'

2018-05-09 16:12:28 - [TEST_STEP][PASSED] - setText: Text '5000' is set on object 'Object Repository/MOH AND GRN/Page_KDMC - CMS/input_txttreat'

2018-05-09 16:12:28 - [MESSAGE][PASSED] - Text '5000' is set on object 'Object Repository/MOH AND GRN/Page_KDMC - CMS/input_txttreat'

2018-05-09 16:12:28 - [TEST_STEP][PASSED] - click: Object: 'Object Repository/MOH AND GRN/Page_KDMC - CMS/button_Add' is clicked on

2018-05-09 16:12:28 - [MESSAGE][PASSED] - Object: 'Object Repository/MOH AND GRN/Page_KDMC - CMS/button_Add' is clicked on

2018-05-09 16:12:28 - [TEST_STEP][PASSED] - selectOptionByIndex: All options with index in [11] are selected on object 'Object Repository/MOH AND GRN/Page_KDMC - CMS/select_--Select--Schedule 1Inj'

2018-05-09 16:12:28 - [MESSAGE][PASSED] - All options with index in [11] are selected on object 'Object Repository/MOH AND GRN/Page_KDMC - CMS/select_--Select--Schedule 1Inj'

2018-05-09 16:12:28 - [TEST_STEP][PASSED] - selectOptionByIndex: All options with index in [65] are selected on object 'Object Repository/MOH AND GRN/Page_KDMC - CMS/select_--Select--Adernaline 0.'

2018-05-09 16:12:29 - [MESSAGE][PASSED] - All options with index in [65] are selected on object 'Object Repository/MOH AND GRN/Page_KDMC - CMS/select_--Select--Adernaline 0.'

2018-05-09 16:12:29 - [TEST_STEP][PASSED] - setText: Text '5000' is set on object 'Object Repository/MOH AND GRN/Page_KDMC - CMS/input_txttreat'

2018-05-09 16:12:29 - [MESSAGE][PASSED] - Text '5000' is set on object 'Object Repository/MOH AND GRN/Page_KDMC - CMS/input_txttreat'

2018-05-09 16:12:29 - [TEST_STEP][PASSED] - click: Object: 'Object Repository/MOH AND GRN/Page_KDMC - CMS/button_Add' is clicked on

2018-05-09 16:12:29 - [MESSAGE][PASSED] - Object: 'Object Repository/MOH AND GRN/Page_KDMC - CMS/button_Add' is clicked on

2018-05-09 16:12:29 - [TEST_STEP][PASSED] - selectOptionByIndex: All options with index in [11] are selected on object 'Object Repository/MOH AND GRN/Page_KDMC - CMS/select_--Select--Schedule 1Inj'

2018-05-09 16:12:29 - [MESSAGE][PASSED] - All options with index in [11] are selected on object 'Object Repository/MOH AND GRN/Page_KDMC - CMS/select_--Select--Schedule 1Inj'

2018-05-09 16:12:29 - [TEST_STEP][PASSED] - selectOptionByIndex: All options with index in [66] are selected on object 'Object Repository/MOH AND GRN/Page_KDMC - CMS/select_--Select--Adernaline 0.'

2018-05-09 16:12:30 - [MESSAGE][PASSED] - All options with index in [66] are selected on object 'Object Repository/MOH AND GRN/Page_KDMC - CMS/select_--Select--Adernaline 0.'

2018-05-09 16:12:30 - [TEST_STEP][PASSED] - setText: Text '5000' is set on object 'Object Repository/MOH AND GRN/Page_KDMC - CMS/input_txttreat'

2018-05-09 16:12:30 - [MESSAGE][PASSED] - Text '5000' is set on object 'Object Repository/MOH AND GRN/Page_KDMC - CMS/input_txttreat'

2018-05-09 16:12:30 - [TEST_STEP][PASSED] - click: Object: 'Object Repository/MOH AND GRN/Page_KDMC - CMS/button_Add' is clicked on

2018-05-09 16:12:30 - [MESSAGE][PASSED] - Object: 'Object Repository/MOH AND GRN/Page_KDMC - CMS/button_Add' is clicked on

2018-05-09 16:12:30 - [TEST_STEP][PASSED] - selectOptionByIndex: All options with index in [11] are selected on object 'Object Repository/MOH AND GRN/Page_KDMC - CMS/select_--Select--Schedule 1Inj'

2018-05-09 16:12:30 - [MESSAGE][PASSED] - All options with index in [11] are selected on object 'Object Repository/MOH AND GRN/Page_KDMC - CMS/select_--Select--Schedule 1Inj'

2018-05-09 16:12:30 - [TEST_STEP][PASSED] - selectOptionByIndex: All options with index in [67] are selected on object 'Object Repository/MOH AND GRN/Page_KDMC - CMS/select_--Select--Adernaline 0.'

2018-05-09 16:12:31 - [MESSAGE][PASSED] - All options with index in [67] are selected on object 'Object Repository/MOH AND GRN/Page_KDMC - CMS/select_--Select--Adernaline 0.'

2018-05-09 16:12:31 - [TEST_STEP][PASSED] - setText: Text '5000' is set on object 'Object Repository/MOH AND GRN/Page_KDMC - CMS/input_txttreat'

2018-05-09 16:12:31 - [MESSAGE][PASSED] - Text '5000' is set on object 'Object Repository/MOH AND GRN/Page_KDMC - CMS/input_txttreat'

2018-05-09 16:12:31 - [TEST_STEP][PASSED] - click: Object: 'Object Repository/MOH AND GRN/Page_KDMC - CMS/button_Add' is clicked on

2018-05-09 16:12:31 - [MESSAGE][PASSED] - Object: 'Object Repository/MOH AND GRN/Page_KDMC - CMS/button_Add' is clicked on

2018-05-09 16:12:31 - [TEST_STEP][PASSED] - selectOptionByIndex: All options with index in [11] are selected on object 'Object Repository/MOH AND GRN/Page_KDMC - CMS/select_--Select--Schedule 1Inj'

2018-05-09 16:12:31 - [MESSAGE][PASSED] - All options with index in [11] are selected on object 'Object Repository/MOH AND GRN/Page_KDMC - CMS/select_--Select--Schedule 1Inj'

2018-05-09 16:12:31 - [TEST_STEP][PASSED] - selectOptionByIndex: All options with index in [68] are selected on object 'Object Repository/MOH AND GRN/Page_KDMC - CMS/select_--Select--Adernaline 0.'

2018-05-09 16:12:32 - [MESSAGE][PASSED] - All options with index in [68] are selected on object 'Object Repository/MOH AND GRN/Page_KDMC - CMS/select_--Select--Adernaline 0.'

2018-05-09 16:12:32 - [TEST_STEP][PASSED] - setText: Text '5000' is set on object 'Object Repository/MOH AND GRN/Page_KDMC - CMS/input_txttreat'

2018-05-09 16:12:32 - [MESSAGE][PASSED] - Text '5000' is set on object 'Object Repository/MOH AND GRN/Page_KDMC - CMS/input_txttreat'

2018-05-09 16:12:32 - [TEST_STEP][PASSED] - click: Object: 'Object Repository/MOH AND GRN/Page_KDMC - CMS/button_Add' is clicked on

2018-05-09 16:12:32 - [MESSAGE][PASSED] - Object: 'Object Repository/MOH AND GRN/Page_KDMC - CMS/button_Add' is clicked on

2018-05-09 16:12:32 - [TEST_STEP][PASSED] - selectOptionByIndex: All options with index in [11] are selected on object 'Object Repository/MOH AND GRN/Page_KDMC - CMS/select_--Select--Schedule 1Inj'

2018-05-09 16:12:32 - [MESSAGE][PASSED] - All options with index in [11] are selected on object 'Object Repository/MOH AND GRN/Page_KDMC - CMS/select_--Select--Schedule 1Inj'

2018-05-09 16:12:32 - [TEST_STEP][PASSED] - selectOptionByIndex: All options with index in [69] are selected on object 'Object Repository/MOH AND GRN/Page_KDMC - CMS/select_--Select--Adernaline 0.'

2018-05-09 16:12:33 - [MESSAGE][PASSED] - All options with index in [69] are selected on object 'Object Repository/MOH AND GRN/Page_KDMC - CMS/select_--Select--Adernaline 0.'

2018-05-09 16:12:33 - [TEST_STEP][PASSED] - setText: Text '5000' is set on object 'Object Repository/MOH AND GRN/Page_KDMC - CMS/input_txttreat'

2018-05-09 16:12:33 - [MESSAGE][PASSED] - Text '5000' is set on object 'Object Repository/MOH AND GRN/Page_KDMC - CMS/input_txttreat'

2018-05-09 16:12:33 - [TEST_STEP][PASSED] - click: Object: 'Object Repository/MOH AND GRN/Page_KDMC - CMS/button_Add' is clicked on

2018-05-09 16:12:33 - [MESSAGE][PASSED] - Object: 'Object Repository/MOH AND GRN/Page_KDMC - CMS/button_Add' is clicked on

2018-05-09 16:12:33 - [TEST_STEP][PASSED] - selectOptionByIndex: All options with index in [11] are selected on object 'Object Repository/MOH AND GRN/Page_KDMC - CMS/select_--Select--Schedule 1Inj'

2018-05-09 16:12:33 - [MESSAGE][PASSED] - All options with index in [11] are selected on object 'Object Repository/MOH AND GRN/Page_KDMC - CMS/select_--Select--Schedule 1Inj'

2018-05-09 16:12:33 - [TEST_STEP][PASSED] - selectOptionByIndex: All options with index in [70] are selected on object 'Object Repository/MOH AND GRN/Page_KDMC - CMS/select_--Select--Adernaline 0.'

2018-05-09 16:12:34 - [MESSAGE][PASSED] - All options with index in [70] are selected on object 'Object Repository/MOH AND GRN/Page_KDMC - CMS/select_--Select--Adernaline 0.'

2018-05-09 16:12:34 - [TEST_STEP][PASSED] - setText: Text '5000' is set on object 'Object Repository/MOH AND GRN/Page_KDMC - CMS/input_txttreat'

2018-05-09 16:12:34 - [MESSAGE][PASSED] - Text '5000' is set on object 'Object Repository/MOH AND GRN/Page_KDMC - CMS/input_txttreat'

2018-05-09 16:12:34 - [TEST_STEP][PASSED] - click: Object: 'Object Repository/MOH AND GRN/Page_KDMC - CMS/button_Add' is clicked on

2018-05-09 16:12:34 - [MESSAGE][PASSED] - Object: 'Object Repository/MOH AND GRN/Page_KDMC - CMS/button_Add' is clicked on

2018-05-09 16:12:34 - [TEST_STEP][PASSED] - selectOptionByIndex: All options with index in [11] are selected on object 'Object Repository/MOH AND GRN/Page_KDMC - CMS/select_--Select--Schedule 1Inj'

2018-05-09 16:12:35 - [MESSAGE][PASSED] - All options with index in [11] are selected on object 'Object Repository/MOH AND GRN/Page_KDMC - CMS/select_--Select--Schedule 1Inj'

2018-05-09 16:12:35 - [TEST_STEP][PASSED] - selectOptionByIndex: All options with index in [71] are selected on object 'Object Repository/MOH AND GRN/Page_KDMC - CMS/select_--Select--Adernaline 0.'

2018-05-09 16:12:35 - [MESSAGE][PASSED] - All options with index in [71] are selected on object 'Object Repository/MOH AND GRN/Page_KDMC - CMS/select_--Select--Adernaline 0.'

2018-05-09 16:12:35 - [TEST_STEP][PASSED] - setText: Text '5000' is set on object 'Object Repository/MOH AND GRN/Page_KDMC - CMS/input_txttreat'

2018-05-09 16:12:35 - [MESSAGE][PASSED] - Text '5000' is set on object 'Object Repository/MOH AND GRN/Page_KDMC - CMS/input_txttreat'

2018-05-09 16:12:35 - [TEST_STEP][PASSED] - click: Object: 'Object Repository/MOH AND GRN/Page_KDMC - CMS/button_Add' is clicked on

2018-05-09 16:12:35 - [MESSAGE][PASSED] - Object: 'Object Repository/MOH AND GRN/Page_KDMC - CMS/button_Add' is clicked on

2018-05-09 16:12:35 - [TEST_STEP][PASSED] - selectOptionByIndex: All options with index in [11] are selected on object 'Object Repository/MOH AND GRN/Page_KDMC - CMS/select_--Select--Schedule 1Inj'

2018-05-09 16:12:36 - [MESSAGE][PASSED] - All options with index in [11] are selected on object 'Object Repository/MOH AND GRN/Page_KDMC - CMS/select_--Select--Schedule 1Inj'

2018-05-09 16:12:36 - [TEST_STEP][PASSED] - selectOptionByIndex: All options with index in [72] are selected on object 'Object Repository/MOH AND GRN/Page_KDMC - CMS/select_--Select--Adernaline 0.'

2018-05-09 16:12:36 - [MESSAGE][PASSED] - All options with index in [72] are selected on object 'Object Repository/MOH AND GRN/Page_KDMC - CMS/select_--Select--Adernaline 0.'

2018-05-09 16:12:36 - [TEST_STEP][PASSED] - setText: Text '5000' is set on object 'Object Repository/MOH AND GRN/Page_KDMC - CMS/input_txttreat'

2018-05-09 16:12:36 - [MESSAGE][PASSED] - Text '5000' is set on object 'Object Repository/MOH AND GRN/Page_KDMC - CMS/input_txttreat'

2018-05-09 16:12:36 - [TEST_STEP][PASSED] - click: Object: 'Object Repository/MOH AND GRN/Page_KDMC - CMS/button_Add' is clicked on

2018-05-09 16:12:37 - [MESSAGE][PASSED] - Object: 'Object Repository/MOH AND GRN/Page_KDMC - CMS/button_Add' is clicked on

2018-05-09 16:12:37 - [TEST_STEP][PASSED] - selectOptionByIndex: All options with index in [11] are selected on object 'Object Repository/MOH AND GRN/Page_KDMC - CMS/select_--Select--Schedule 1Inj'

2018-05-09 16:12:37 - [MESSAGE][PASSED] - All options with index in [11] are selected on object 'Object Repository/MOH AND GRN/Page_KDMC - CMS/select_--Select--Schedule 1Inj'

2018-05-09 16:12:37 - [TEST_STEP][PASSED] - selectOptionByIndex: All options with index in [73] are selected on object 'Object Repository/MOH AND GRN/Page_KDMC - CMS/select_--Select--Adernaline 0.'

2018-05-09 16:12:37 - [MESSAGE][PASSED] - All options with index in [73] are selected on object 'Object Repository/MOH AND GRN/Page_KDMC - CMS/select_--Select--Adernaline 0.'

2018-05-09 16:12:37 - [TEST_STEP][PASSED] - setText: Text '5000' is set on object 'Object Repository/MOH AND GRN/Page_KDMC - CMS/input_txttreat'

2018-05-09 16:12:38 - [MESSAGE][PASSED] - Text '5000' is set on object 'Object Repository/MOH AND GRN/Page_KDMC - CMS/input_txttreat'

2018-05-09 16:12:38 - [TEST_STEP][PASSED] - click: Object: 'Object Repository/MOH AND GRN/Page_KDMC - CMS/button_Add' is clicked on

2018-05-09 16:12:38 - [MESSAGE][PASSED] - Object: 'Object Repository/MOH AND GRN/Page_KDMC - CMS/button_Add' is clicked on

2018-05-09 16:12:38 - [TEST_STEP][PASSED] - selectOptionByIndex: All options with index in [11] are selected on object 'Object Repository/MOH AND GRN/Page_KDMC - CMS/select_--Select--Schedule 1Inj'

2018-05-09 16:12:38 - [MESSAGE][PASSED] - All options with index in [11] are selected on object 'Object Repository/MOH AND GRN/Page_KDMC - CMS/select_--Select--Schedule 1Inj'

2018-05-09 16:12:38 - [TEST_STEP][PASSED] - selectOptionByIndex: All options with index in [74] are selected on object 'Object Repository/MOH AND GRN/Page_KDMC - CMS/select_--Select--Adernaline 0.'

2018-05-09 16:12:39 - [MESSAGE][PASSED] - All options with index in [74] are selected on object 'Object Repository/MOH AND GRN/Page_KDMC - CMS/select_--Select--Adernaline 0.'

2018-05-09 16:12:39 - [TEST_STEP][PASSED] - setText: Text '5000' is set on object 'Object Repository/MOH AND GRN/Page_KDMC - CMS/input_txttreat'

2018-05-09 16:12:39 - [MESSAGE][PASSED] - Text '5000' is set on object 'Object Repository/MOH AND GRN/Page_KDMC - CMS/input_txttreat'

2018-05-09 16:12:39 - [TEST_STEP][PASSED] - click: Object: 'Object Repository/MOH AND GRN/Page_KDMC - CMS/button_Add' is clicked on

2018-05-09 16:12:39 - [MESSAGE][PASSED] - Object: 'Object Repository/MOH AND GRN/Page_KDMC - CMS/button_Add' is clicked on

2018-05-09 16:12:39 - [TEST_STEP][PASSED] - selectOptionByIndex: All options with index in [11] are selected on object 'Object Repository/MOH AND GRN/Page_KDMC - CMS/select_--Select--Schedule 1Inj'

2018-05-09 16:12:39 - [MESSAGE][PASSED] - All options with index in [11] are selected on object 'Object Repository/MOH AND GRN/Page_KDMC - CMS/select_--Select--Schedule 1Inj'

2018-05-09 16:12:39 - [TEST_STEP][PASSED] - selectOptionByIndex: All options with index in [75] are selected on object 'Object Repository/MOH AND GRN/Page_KDMC - CMS/select_--Select--Adernaline 0.'

2018-05-09 16:12:40 - [MESSAGE][PASSED] - All options with index in [75] are selected on object 'Object Repository/MOH AND GRN/Page_KDMC - CMS/select_--Select--Adernaline 0.'

2018-05-09 16:12:40 - [TEST_STEP][PASSED] - setText: Text '5000' is set on object 'Object Repository/MOH AND GRN/Page_KDMC - CMS/input_txttreat'

2018-05-09 16:12:40 - [MESSAGE][PASSED] - Text '5000' is set on object 'Object Repository/MOH AND GRN/Page_KDMC - CMS/input_txttreat'

2018-05-09 16:12:40 - [TEST_STEP][PASSED] - click: Object: 'Object Repository/MOH AND GRN/Page_KDMC - CMS/button_Add' is clicked on

2018-05-09 16:12:40 - [MESSAGE][PASSED] - Object: 'Object Repository/MOH AND GRN/Page_KDMC - CMS/button_Add' is clicked on

2018-05-09 16:12:40 - [TEST_STEP][PASSED] - selectOptionByIndex: All options with index in [11] are selected on object 'Object Repository/MOH AND GRN/Page_KDMC - CMS/select_--Select--Schedule 1Inj'

2018-05-09 16:12:40 - [MESSAGE][PASSED] - All options with index in [11] are selected on object 'Object Repository/MOH AND GRN/Page_KDMC - CMS/select_--Select--Schedule 1Inj'

2018-05-09 16:12:40 - [TEST_STEP][PASSED] - selectOptionByIndex: All options with index in [76] are selected on object 'Object Repository/MOH AND GRN/Page_KDMC - CMS/select_--Select--Adernaline 0.'

2018-05-09 16:12:41 - [MESSAGE][PASSED] - All options with index in [76] are selected on object 'Object Repository/MOH AND GRN/Page_KDMC - CMS/select_--Select--Adernaline 0.'

2018-05-09 16:12:41 - [TEST_STEP][PASSED] - setText: Text '5000' is set on object 'Object Repository/MOH AND GRN/Page_KDMC - CMS/input_txttreat'

2018-05-09 16:12:41 - [MESSAGE][PASSED] - Text '5000' is set on object 'Object Repository/MOH AND GRN/Page_KDMC - CMS/input_txttreat'

2018-05-09 16:12:41 - [TEST_STEP][PASSED] - click: Object: 'Object Repository/MOH AND GRN/Page_KDMC - CMS/button_Add' is clicked on

2018-05-09 16:12:41 - [MESSAGE][PASSED] - Object: 'Object Repository/MOH AND GRN/Page_KDMC - CMS/button_Add' is clicked on

2018-05-09 16:12:41 - [TEST_STEP][PASSED] - selectOptionByIndex: All options with index in [11] are selected on object 'Object Repository/MOH AND GRN/Page_KDMC - CMS/select_--Select--Schedule 1Inj'

2018-05-09 16:12:41 - [MESSAGE][PASSED] - All options with index in [11] are selected on object 'Object Repository/MOH AND GRN/Page_KDMC - CMS/select_--Select--Schedule 1Inj'

2018-05-09 16:12:41 - [TEST_STEP][PASSED] - selectOptionByIndex: All options with index in [77] are selected on object 'Object Repository/MOH AND GRN/Page_KDMC - CMS/select_--Select--Adernaline 0.'

2018-05-09 16:12:42 - [MESSAGE][PASSED] - All options with index in [77] are selected on object 'Object Repository/MOH AND GRN/Page_KDMC - CMS/select_--Select--Adernaline 0.'

2018-05-09 16:12:42 - [TEST_STEP][PASSED] - setText: Text '5000' is set on object 'Object Repository/MOH AND GRN/Page_KDMC - CMS/input_txttreat'

2018-05-09 16:12:42 - [MESSAGE][PASSED] - Text '5000' is set on object 'Object Repository/MOH AND GRN/Page_KDMC - CMS/input_txttreat'

2018-05-09 16:12:42 - [TEST_STEP][PASSED] - click: Object: 'Object Repository/MOH AND GRN/Page_KDMC - CMS/button_Add' is clicked on

2018-05-09 16:12:42 - [MESSAGE][PASSED] - Object: 'Object Repository/MOH AND GRN/Page_KDMC - CMS/button_Add' is clicked on

2018-05-09 16:12:42 - [TEST_STEP][PASSED] - selectOptionByIndex: All options with index in [11] are selected on object 'Object Repository/MOH AND GRN/Page_KDMC - CMS/select_--Select--Schedule 1Inj'

2018-05-09 16:12:42 - [MESSAGE][PASSED] - All options with index in [11] are selected on object 'Object Repository/MOH AND GRN/Page_KDMC - CMS/select_--Select--Schedule 1Inj'

2018-05-09 16:12:42 - [TEST_STEP][PASSED] - selectOptionByIndex: All options with index in [78] are selected on object 'Object Repository/MOH AND GRN/Page_KDMC - CMS/select_--Select--Adernaline 0.'

2018-05-09 16:12:43 - [MESSAGE][PASSED] - All options with index in [78] are selected on object 'Object Repository/MOH AND GRN/Page_KDMC - CMS/select_--Select--Adernaline 0.'

2018-05-09 16:12:43 - [TEST_STEP][PASSED] - setText: Text '5000' is set on object 'Object Repository/MOH AND GRN/Page_KDMC - CMS/input_txttreat'

2018-05-09 16:12:43 - [MESSAGE][PASSED] - Text '5000' is set on object 'Object Repository/MOH AND GRN/Page_KDMC - CMS/input_txttreat'

2018-05-09 16:12:43 - [TEST_STEP][PASSED] - click: Object: 'Object Repository/MOH AND GRN/Page_KDMC - CMS/button_Add' is clicked on

2018-05-09 16:12:43 - [MESSAGE][PASSED] - Object: 'Object Repository/MOH AND GRN/Page_KDMC - CMS/button_Add' is clicked on

2018-05-09 16:12:43 - [TEST_STEP][PASSED] - selectOptionByIndex: All options with index in [11] are selected on object 'Object Repository/MOH AND GRN/Page_KDMC - CMS/select_--Select--Schedule 1Inj'

2018-05-09 16:12:43 - [MESSAGE][PASSED] - All options with index in [11] are selected on object 'Object Repository/MOH AND GRN/Page_KDMC - CMS/select_--Select--Schedule 1Inj'

2018-05-09 16:12:43 - [TEST_STEP][PASSED] - selectOptionByIndex: All options with index in [79] are selected on object 'Object Repository/MOH AND GRN/Page_KDMC - CMS/select_--Select--Adernaline 0.'

2018-05-09 16:12:44 - [MESSAGE][PASSED] - All options with index in [79] are selected on object 'Object Repository/MOH AND GRN/Page_KDMC - CMS/select_--Select--Adernaline 0.'

2018-05-09 16:12:44 - [TEST_STEP][PASSED] - setText: Text '5000' is set on object 'Object Repository/MOH AND GRN/Page_KDMC - CMS/input_txttreat'

2018-05-09 16:12:44 - [MESSAGE][PASSED] - Text '5000' is set on object 'Object Repository/MOH AND GRN/Page_KDMC - CMS/input_txttreat'

2018-05-09 16:12:44 - [TEST_STEP][PASSED] - click: Object: 'Object Repository/MOH AND GRN/Page_KDMC - CMS/button_Add' is clicked on

2018-05-09 16:12:44 - [MESSAGE][PASSED] - Object: 'Object Repository/MOH AND GRN/Page_KDMC - CMS/button_Add' is clicked on

2018-05-09 16:12:44 - [TEST_STEP][PASSED] - selectOptionByIndex: All options with index in [11] are selected on object 'Object Repository/MOH AND GRN/Page_KDMC - CMS/select_--Select--Schedule 1Inj'

2018-05-09 16:12:45 - [MESSAGE][PASSED] - All options with index in [11] are selected on object 'Object Repository/MOH AND GRN/Page_KDMC - CMS/select_--Select--Schedule 1Inj'

2018-05-09 16:12:45 - [TEST_STEP][PASSED] - selectOptionByIndex: All options with index in [80] are selected on object 'Object Repository/MOH AND GRN/Page_KDMC - CMS/select_--Select--Adernaline 0.'

2018-05-09 16:12:45 - [MESSAGE][PASSED] - All options with index in [80] are selected on object 'Object Repository/MOH AND GRN/Page_KDMC - CMS/select_--Select--Adernaline 0.'

2018-05-09 16:12:45 - [TEST_STEP][PASSED] - setText: Text '5000' is set on object 'Object Repository/MOH AND GRN/Page_KDMC - CMS/input_txttreat'

2018-05-09 16:12:46 - [MESSAGE][PASSED] - Text '5000' is set on object 'Object Repository/MOH AND GRN/Page_KDMC - CMS/input_txttreat'

2018-05-09 16:12:46 - [TEST_STEP][PASSED] - click: Object: 'Object Repository/MOH AND GRN/Page_KDMC - CMS/button_Add' is clicked on

2018-05-09 16:12:46 - [MESSAGE][PASSED] - Object: 'Object Repository/MOH AND GRN/Page_KDMC - CMS/button_Add' is clicked on

2018-05-09 16:12:46 - [TEST_STEP][PASSED] - scrollToElement: Scroll to object 'Object Repository/MOH AND GRN/Page_KDMC - CMS/input_btnsave' successfully

2018-05-09 16:12:46 - [MESSAGE][PASSED] - Scroll to object 'Object Repository/MOH AND GRN/Page_KDMC - CMS/input_btnsave' successfully

2018-05-09 16:12:46 - [TEST_STEP][PASSED] - click: Object: 'Object Repository/MOH AND GRN/Page_KDMC - CMS/input_btnsave' is clicked on

2018-05-09 16:12:46 - [MESSAGE][PASSED] - Object: 'Object Repository/MOH AND GRN/Page_KDMC - CMS/input_btnsave' is clicked on

2018-05-09 16:12:46 - [TEST_STEP][PASSED] - delay: Delayed 3 second(s)

2018-05-09 16:12:49 - [MESSAGE][PASSED] - Delayed 3 second(s)

2018-05-09 16:12:49 - [TEST_STEP][PASSED] - Statement - Request1 = com.kms.katalon.core.webui.keyword.WebUiBuiltInKeywords.getText(com.kms.katalon.core.testobject.ObjectRepository.findTestObject(MOH AND GRN/Page_KDMC - CMS/font_PRNO0505201876)): Text of object 'Object Repository/MOH AND GRN/Page_KDMC - CMS/font_PRNO0505201876' is: 'PRNO/09052018/192'

2018-05-09 16:12:49 - [MESSAGE][PASSED] - Text of object 'Object Repository/MOH AND GRN/Page_KDMC - CMS/font_PRNO0505201876' is: 'PRNO/09052018/192'

2018-05-09 16:12:49 - [TEST_STEP][PASSED] - Statement - out.println("Length OF The Medicine " + Request1): null

2018-05-09 16:12:49 - [TEST_STEP][PASSED] - Statement - RequestNUmber = Request1.split("/")[2].trim(): null

2018-05-09 16:12:49 - [TEST_STEP][PASSED] - Statement - out.println("ID IS " + RequestNUmber): null

2018-05-09 16:12:49 - [TEST_STEP][PASSED] - delay: Delayed 3 second(s)

2018-05-09 16:12:52 - [MESSAGE][PASSED] - Delayed 3 second(s)

2018-05-09 16:12:52 - [TEST_STEP][PASSED] - click: Object: 'Object Repository/MOH AND GRN/Page_KDMC - CMS/button_OK' is clicked on

2018-05-09 16:12:52 - [MESSAGE][PASSED] - Object: 'Object Repository/MOH AND GRN/Page_KDMC - CMS/button_OK' is clicked on

2018-05-09 16:12:52 - [TEST_STEP][PASSED] - click: Object: 'Object Repository/MOH AND GRN/Page_KDMC - CMS/a_dropdown-toggle' is clicked on

2018-05-09 16:12:54 - [MESSAGE][PASSED] - Object: 'Object Repository/MOH AND GRN/Page_KDMC - CMS/a_dropdown-toggle' is clicked on

2018-05-09 16:12:54 - [TEST_STEP][PASSED] - click: Object: 'Object Repository/MOH AND GRN/Page_KDMC - CMS/a_Sign out' is clicked on

2018-05-09 16:12:54 - [MESSAGE][PASSED] - Object: 'Object Repository/MOH AND GRN/Page_KDMC - CMS/a_Sign out' is clicked on

2018-05-09 16:12:54 - [TEST_STEP][PASSED] - delay: Delayed 4 second(s)

2018-05-09 16:12:58 - [MESSAGE][PASSED] - Delayed 4 second(s)

2018-05-09 16:12:58 - [TEST_STEP][PASSED] - click: Object: 'Object Repository/MOH AND GRN/Page_KDMC/a_Admin Master' is clicked on

2018-05-09 16:12:58 - [MESSAGE][PASSED] - Object: 'Object Repository/MOH AND GRN/Page_KDMC/a_Admin Master' is clicked on

2018-05-09 16:12:58 - [TEST_STEP][PASSED] - setText: Text 'admin' is set on object 'Object Repository/MOH AND GRN/Page_Admin login/input_txtusername'

2018-05-09 16:12:59 - [MESSAGE][PASSED] - Text 'admin' is set on object 'Object Repository/MOH AND GRN/Page_Admin login/input_txtusername'

2018-05-09 16:12:59 - [TEST_STEP][PASSED] - setText: Text 'admin123' is set on object 'Object Repository/MOH AND GRN/Page_Admin login/input_txtpassword'

2018-05-09 16:12:59 - [MESSAGE][PASSED] - Text 'admin123' is set on object 'Object Repository/MOH AND GRN/Page_Admin login/input_txtpassword'

2018-05-09 16:12:59 - [TEST_STEP][PASSED] - delay: Delayed 3 second(s)

2018-05-09 16:13:02 - [MESSAGE][PASSED] - Delayed 3 second(s)

2018-05-09 16:13:02 - [TEST_STEP][PASSED] - click: Object: 'Object Repository/MOH AND GRN/Page_Admin login/button_Sign in' is clicked on

2018-05-09 16:13:04 - [MESSAGE][PASSED] - Object: 'Object Repository/MOH AND GRN/Page_Admin login/button_Sign in' is clicked on

2018-05-09 16:13:04 - [TEST_STEP][PASSED] - delay: Delayed 20 second(s)

2018-05-09 16:13:24 - [MESSAGE][PASSED] - Delayed 20 second(s)

2018-05-09 16:13:24 - [TEST_STEP][PASSED] - scrollToPosition: Browser is scrolled to position x = 200, y = 200

2018-05-09 16:13:24 - [MESSAGE][PASSED] - Browser is scrolled to position x = 200, y = 200

2018-05-09 16:13:24 - [TEST_STEP][PASSED] - click: Object: 'Object Repository/MOH AND GRN/Page_KDMC/a_CMS_1' is clicked on

2018-05-09 16:13:24 - [MESSAGE][PASSED] - Object: 'Object Repository/MOH AND GRN/Page_KDMC/a_CMS_1' is clicked on

2018-05-09 16:13:24 - [TEST_STEP][PASSED] - click: Object: 'Object Repository/MOH AND GRN/Page_KDMC/a_Request List' is clicked on

2018-05-09 16:13:24 - [MESSAGE][PASSED] - Object: 'Object Repository/MOH AND GRN/Page_KDMC/a_Request List' is clicked on

2018-05-09 16:13:24 - [TEST_STEP][PASSED] - Statement - RequestNumberId = com.kms.katalon.core.webui.keyword.WebUiBuiltInKeywords.modifyObjectProperty(com.kms.katalon.core.testobject.ObjectRepository.findTestObject(MOH AND GRN/Page_KDMC - CMS/input_PO0032), "xpath", "equals", "//*[@id =" + RequestNUmber + "]", true): Modify property of object successfully

2018-05-09 16:13:24 - [MESSAGE][PASSED] - Modify property of object successfully

2018-05-09 16:13:24 - [TEST_STEP][PASSED] - click: Object: 'Object Repository/MOH AND GRN/Page_KDMC - CMS/input_PO0032' is clicked on

2018-05-09 16:13:25 - [MESSAGE][PASSED] - Object: 'Object Repository/MOH AND GRN/Page_KDMC - CMS/input_PO0032' is clicked on

2018-05-09 16:13:25 - [TEST_STEP][PASSED] - delay: Delayed 3 second(s)

2018-05-09 16:13:28 - [MESSAGE][PASSED] - Delayed 3 second(s)

2018-05-09 16:13:28 - [TEST_STEP][PASSED] - selectOptionByIndex: All options with index in [1] are selected on object 'Object Repository/MOH AND GRN/Page_KDMC/select_--Select--'

2018-05-09 16:13:28 - [MESSAGE][PASSED] - All options with index in [1] are selected on object 'Object Repository/MOH AND GRN/Page_KDMC/select_--Select--'

2018-05-09 16:13:28 - [TEST_STEP][PASSED] - click: Object: 'Object Repository/MOH AND GRN/Page_KDMC/input_btnupdate' is clicked on

2018-05-09 16:13:28 - [MESSAGE][PASSED] - Object: 'Object Repository/MOH AND GRN/Page_KDMC/input_btnupdate' is clicked on

2018-05-09 16:13:28 - [TEST_STEP][PASSED] - delay: Delayed 3 second(s)

2018-05-09 16:13:31 - [MESSAGE][PASSED] - Delayed 3 second(s)

2018-05-09 16:13:31 - [TEST_STEP][PASSED] - click: Object: 'Object Repository/MOH AND GRN/Page_KDMC/button_OK' is clicked on

2018-05-09 16:13:31 - [MESSAGE][PASSED] - Object: 'Object Repository/MOH AND GRN/Page_KDMC/button_OK' is clicked on

2018-05-09 16:13:31 - [TEST_STEP][PASSED] - delay: Delayed 3 second(s)

2018-05-09 16:13:34 - [MESSAGE][PASSED] - Delayed 3 second(s)

2018-05-09 16:13:34 - [TEST_STEP][PASSED] - scrollToPosition: Browser is scrolled to position x = 200, y = 200

2018-05-09 16:13:34 - [MESSAGE][PASSED] - Browser is scrolled to position x = 200, y = 200

2018-05-09 16:13:34 - [TEST_STEP][PASSED] - click: Object: 'Object Repository/MOH AND GRN/Page_KDMC/a_CMS_2' is clicked on

2018-05-09 16:13:35 - [MESSAGE][PASSED] - Object: 'Object Repository/MOH AND GRN/Page_KDMC/a_CMS_2' is clicked on

2018-05-09 16:13:35 - [TEST_STEP][PASSED] - delay: Delayed 2 second(s)

2018-05-09 16:13:37 - [MESSAGE][PASSED] - Delayed 2 second(s)

2018-05-09 16:13:37 - [TEST_STEP][PASSED] - click: Object: 'Object Repository/MOH AND GRN/Page_KDMC/a_Generate P.O' is clicked on

2018-05-09 16:13:37 - [MESSAGE][PASSED] - Object: 'Object Repository/MOH AND GRN/Page_KDMC/a_Generate P.O' is clicked on

2018-05-09 16:13:37 - [TEST_STEP][PASSED] - delay: Delayed 2 second(s)

2018-05-09 16:13:39 - [MESSAGE][PASSED] - Delayed 2 second(s)

2018-05-09 16:13:39 - [TEST_STEP][PASSED] - selectOptionByIndex: All options with index in [1] are selected on object 'Object Repository/MOH AND GRN/Page_KDMC/select_--Select--PRNO040520183'

2018-05-09 16:13:39 - [MESSAGE][PASSED] - All options with index in [1] are selected on object 'Object Repository/MOH AND GRN/Page_KDMC/select_--Select--PRNO040520183'

2018-05-09 16:13:39 - [TEST_STEP][PASSED] - selectOptionByIndex: All options with index in [2] are selected on object 'Object Repository/MOH AND GRN/Page_KDMC/select_--Select--Hamen Chandra'

2018-05-09 16:13:40 - [MESSAGE][PASSED] - All options with index in [2] are selected on object 'Object Repository/MOH AND GRN/Page_KDMC/select_--Select--Hamen Chandra'

2018-05-09 16:13:40 - [TEST_STEP][PASSED] - Statement - PONumber = com.kms.katalon.core.webui.keyword.WebUiBuiltInKeywords.getText(com.kms.katalon.core.testobject.ObjectRepository.findTestObject(MOH AND GRN/Page_KDMC/input_lblpono)).trim(): Text of object 'Object Repository/MOH AND GRN/Page_KDMC/input_lblpono' is: ''

2018-05-09 16:13:40 - [MESSAGE][PASSED] - Text of object 'Object Repository/MOH AND GRN/Page_KDMC/input_lblpono' is: ''

2018-05-09 16:13:40 - [TEST_STEP][PASSED] - Statement - PONumber1 = com.kms.katalon.core.webui.keyword.WebUiBuiltInKeywords.getAttribute(com.kms.katalon.core.testobject.ObjectRepository.findTestObject(MOH AND GRN/Page_KDMC/input_lblpono), "value").trim(): Attribute 'value' of object 'Object Repository/MOH AND GRN/Page_KDMC/input_lblpono' is: 'PO0079'

2018-05-09 16:13:40 - [MESSAGE][PASSED] - Attribute 'value' of object 'Object Repository/MOH AND GRN/Page_KDMC/input_lblpono' is: 'PO0079'

2018-05-09 16:13:40 - [TEST_STEP][PASSED] - Statement - out.println("PO NUMBER :" + PONumber): null

2018-05-09 16:13:40 - [TEST_STEP][PASSED] - Statement - out.println("PO NUMBER :" + PONumber1): null

2018-05-09 16:13:40 - [TEST_STEP][PASSED] - click: Object: 'Object Repository/MOH AND GRN/Page_KDMC/input_chkrem' is clicked on

2018-05-09 16:13:40 - [MESSAGE][PASSED] - Object: 'Object Repository/MOH AND GRN/Page_KDMC/input_chkrem' is clicked on

2018-05-09 16:13:40 - [TEST_STEP][PASSED] - scrollToElement: Scroll to object 'Object Repository/MOH AND GRN/Page_KDMC/input_btnreturn' successfully

2018-05-09 16:13:40 - [MESSAGE][PASSED] - Scroll to object 'Object Repository/MOH AND GRN/Page_KDMC/input_btnreturn' successfully

2018-05-09 16:13:40 - [TEST_STEP][PASSED] - click: Object: 'Object Repository/MOH AND GRN/Page_KDMC/input_btnreturn' is clicked on

2018-05-09 16:13:40 - [MESSAGE][PASSED] - Object: 'Object Repository/MOH AND GRN/Page_KDMC/input_btnreturn' is clicked on

2018-05-09 16:13:40 - [TEST_STEP][PASSED] - delay: Delayed 3 second(s)

2018-05-09 16:13:43 - [MESSAGE][PASSED] - Delayed 3 second(s)

2018-05-09 16:13:43 - [TEST_STEP][PASSED] - click: Object: 'Object Repository/MOH AND GRN/Page_KDMC/button_Yes' is clicked on

2018-05-09 16:13:43 - [MESSAGE][PASSED] - Object: 'Object Repository/MOH AND GRN/Page_KDMC/button_Yes' is clicked on

2018-05-09 16:13:43 - [TEST_STEP][PASSED] - delay: Delayed 3 second(s)

2018-05-09 16:13:46 - [MESSAGE][PASSED] - Delayed 3 second(s)

2018-05-09 16:13:46 - [TEST_STEP][PASSED] - click: Object: 'Object Repository/MOH AND GRN/Page_KDMC/button_OK' is clicked on

2018-05-09 16:13:47 - [MESSAGE][PASSED] - Object: 'Object Repository/MOH AND GRN/Page_KDMC/button_OK' is clicked on

2018-05-09 16:13:47 - [TEST_STEP][PASSED] - delay: Delayed 3 second(s)

2018-05-09 16:13:50 - [MESSAGE][PASSED] - Delayed 3 second(s)

2018-05-09 16:13:50 - [TEST_STEP][PASSED] - click: Object: 'Object Repository/MOH AND GRN/Page_KDMC/a_dropdown-toggle' is clicked on

2018-05-09 16:13:50 - [MESSAGE][PASSED] - Object: 'Object Repository/MOH AND GRN/Page_KDMC/a_dropdown-toggle' is clicked on

2018-05-09 16:13:50 - [TEST_STEP][PASSED] - click: Object: 'Object Repository/MOH AND GRN/Page_KDMC/a_Sign out' is clicked on

2018-05-09 16:13:50 - [MESSAGE][PASSED] - Object: 'Object Repository/MOH AND GRN/Page_KDMC/a_Sign out' is clicked on

2018-05-09 16:13:50 - [TEST_STEP][PASSED] - delay: Delayed 4 second(s)

2018-05-09 16:13:54 - [MESSAGE][PASSED] - Delayed 4 second(s)

2018-05-09 16:13:54 - [TEST_STEP][PASSED] - click: Object: 'Object Repository/MOH AND GRN/Page_KDMC/a_CMS' is clicked on

2018-05-09 16:13:55 - [MESSAGE][PASSED] - Object: 'Object Repository/MOH AND GRN/Page_KDMC/a_CMS' is clicked on

2018-05-09 16:13:55 - [TEST_STEP][PASSED] - setText: Text 'bala' is set on object 'Object Repository/MOH AND GRN/Page_CMS login/input_txtusername'

2018-05-09 16:13:55 - [MESSAGE][PASSED] - Text 'bala' is set on object 'Object Repository/MOH AND GRN/Page_CMS login/input_txtusername'

2018-05-09 16:13:55 - [TEST_STEP][PASSED] - setText: Text '123' is set on object 'Object Repository/MOH AND GRN/Page_CMS login/input_txtpassword'

2018-05-09 16:13:55 - [MESSAGE][PASSED] - Text '123' is set on object 'Object Repository/MOH AND GRN/Page_CMS login/input_txtpassword'

2018-05-09 16:13:55 - [TEST_STEP][PASSED] - delay: Delayed 3 second(s)

2018-05-09 16:13:58 - [MESSAGE][PASSED] - Delayed 3 second(s)

2018-05-09 16:13:58 - [TEST_STEP][PASSED] - click: Object: 'Object Repository/MOH AND GRN/Page_CMS login/button_Sign in' is clicked on

2018-05-09 16:13:58 - [MESSAGE][PASSED] - Object: 'Object Repository/MOH AND GRN/Page_CMS login/button_Sign in' is clicked on

2018-05-09 16:13:58 - [TEST_STEP][PASSED] - click: Object: 'Object Repository/MOH AND GRN/Page_KDMC - CMS/a_CMS Details' is clicked on

2018-05-09 16:13:59 - [MESSAGE][PASSED] - Object: 'Object Repository/MOH AND GRN/Page_KDMC - CMS/a_CMS Details' is clicked on

2018-05-09 16:13:59 - [TEST_STEP][PASSED] - delay: Delayed 2 second(s)

2018-05-09 16:14:01 - [MESSAGE][PASSED] - Delayed 2 second(s)

2018-05-09 16:14:01 - [TEST_STEP][PASSED] - click: Object: 'Object Repository/MOH AND GRN/Page_KDMC - CMS/a_Goods Receive' is clicked on

2018-05-09 16:14:01 - [MESSAGE][PASSED] - Object: 'Object Repository/MOH AND GRN/Page_KDMC - CMS/a_Goods Receive' is clicked on

2018-05-09 16:14:01 - [TEST_STEP][PASSED] - delay: Delayed 2 second(s)

2018-05-09 16:14:03 - [MESSAGE][PASSED] - Delayed 2 second(s)

2018-05-09 16:14:03 - [TEST_STEP][PASSED] - selectOptionByLabel: All options with label 'PO0079' are selected in object 'Object Repository/MOH AND GRN/Page_KDMC - CMS/select_--Select--PO0032PO0031P' 

2018-05-09 16:14:03 - [MESSAGE][PASSED] - All options with label 'PO0079' are selected in object 'Object Repository/MOH AND GRN/Page_KDMC - CMS/select_--Select--PO0032PO0031P' 

2018-05-09 16:14:03 - [TEST_STEP][PASSED] - setText: Finding Test Object with id 'Object Repository/MOH AND GRN/Page_KDMC - CMS/input_txtgrnno'

2018-05-09 16:14:03 - [TEST_STEP][PASSED] - Statement - switch (id): Text 'INV643.0' is set on object 'Object Repository/MOH AND GRN/Page_KDMC - CMS/input_txtgrnno'

2018-05-09 16:14:03 - [TEST_STEP][PASSED] - Statement - case 2:: Text 'INV643.0' is set on object 'Object Repository/MOH AND GRN/Page_KDMC - CMS/input_txtgrnno'

2018-05-09 16:14:03 - [TEST_STEP][PASSED] - Statement - return (java.lang.Math.floor((java.lang.Math.random() * ((max - min) + 1))) + min): Text 'INV643.0' is set on object 'Object Repository/MOH AND GRN/Page_KDMC - CMS/input_txtgrnno'

2018-05-09 16:14:04 - [MESSAGE][PASSED] - Text 'INV643.0' is set on object 'Object Repository/MOH AND GRN/Page_KDMC - CMS/input_txtgrnno'

2018-05-09 16:14:04 - [TEST_STEP][PASSED] - selectOptionByIndex: All options with index in [1] are selected on object 'Object Repository/MOH AND GRN/Page_KDMC - CMS/select_--Select--PERUMAL PHARM'

2018-05-09 16:14:04 - [MESSAGE][PASSED] - All options with index in [1] are selected on object 'Object Repository/MOH AND GRN/Page_KDMC - CMS/select_--Select--PERUMAL PHARM'

2018-05-09 16:14:04 - [TEST_STEP][PASSED] - setText: Text '16500' is set on object 'Object Repository/MOH AND GRN/Page_KDMC - CMS/input_txtgrnno_1'

2018-05-09 16:14:04 - [MESSAGE][PASSED] - Text '16500' is set on object 'Object Repository/MOH AND GRN/Page_KDMC - CMS/input_txtgrnno_1'

2018-05-09 16:14:04 - [TEST_STEP][PASSED] - setText: Text '250' is set on object 'Object Repository/MOH AND GRN/Page_KDMC - CMS/input_txtgrnno_2'

2018-05-09 16:14:04 - [MESSAGE][PASSED] - Text '250' is set on object 'Object Repository/MOH AND GRN/Page_KDMC - CMS/input_txtgrnno_2'

2018-05-09 16:14:04 - [TEST_STEP][PASSED] - setText: Finding Test Object with id 'Object Repository/MOH AND GRN/Page_KDMC - CMS/input_txtgrnno_3'

2018-05-09 16:14:04 - [TEST_STEP][PASSED] - Statement - switch (id): Text 'CH491.0' is set on object 'Object Repository/MOH AND GRN/Page_KDMC - CMS/input_txtgrnno_3'

2018-05-09 16:14:04 - [TEST_STEP][PASSED] - Statement - case 3:: Text 'CH491.0' is set on object 'Object Repository/MOH AND GRN/Page_KDMC - CMS/input_txtgrnno_3'

2018-05-09 16:14:04 - [TEST_STEP][PASSED] - Statement - return (java.lang.Math.floor((java.lang.Math.random() * ((max - min) + 1))) + min): Text 'CH491.0' is set on object 'Object Repository/MOH AND GRN/Page_KDMC - CMS/input_txtgrnno_3'

2018-05-09 16:14:04 - [MESSAGE][PASSED] - Text 'CH491.0' is set on object 'Object Repository/MOH AND GRN/Page_KDMC - CMS/input_txtgrnno_3'

2018-05-09 16:14:04 - [TEST_STEP][PASSED] - scrollToPosition: Browser is scrolled to position x = 200, y = 200

2018-05-09 16:14:04 - [MESSAGE][PASSED] - Browser is scrolled to position x = 200, y = 200

2018-05-09 16:14:04 - [TEST_STEP][PASSED] - Statement - GrnLength = com.kms.katalon.core.webui.keyword.WebUiBuiltInKeywords.getNumberOfTotalOption(com.kms.katalon.core.testobject.ObjectRepository.findTestObject(MOH AND GRN/Page_KDMC - CMS/select_--Select--Amikacin -500)): 81 options of object 'Object Repository/MOH AND GRN/Page_KDMC - CMS/select_--Select--Amikacin -500' counted

2018-05-09 16:14:04 - [MESSAGE][PASSED] - 81 options of object 'Object Repository/MOH AND GRN/Page_KDMC - CMS/select_--Select--Amikacin -500' counted

2018-05-09 16:14:04 - [TEST_STEP][PASSED] - Statement - out.println("Length OF The Medicine " + GrnLength): null

2018-05-09 16:14:04 - [TEST_STEP][PASSED] - Statement - s = 1: null

2018-05-09 16:14:04 - [TEST_STEP][PASSED] - Statement - For ([t = 1, t < GrnLength, (t++)]): Finding Test Object with id 'Object Repository/MOH AND GRN/Page_KDMC - CMS/input_txtmrp'

2018-05-09 16:14:04 - [TEST_STEP][PASSED] - selectOptionByIndex: All options with index in [1] are selected on object 'Object Repository/MOH AND GRN/Page_KDMC - CMS/select_--Select--Amikacin -500'

2018-05-09 16:14:04 - [MESSAGE][PASSED] - All options with index in [1] are selected on object 'Object Repository/MOH AND GRN/Page_KDMC - CMS/select_--Select--Amikacin -500'

2018-05-09 16:14:04 - [TEST_STEP][PASSED] - setText: Text '5000' is set on object 'Object Repository/MOH AND GRN/Page_KDMC - CMS/input_txtqty'

2018-05-09 16:14:04 - [MESSAGE][PASSED] - Text '5000' is set on object 'Object Repository/MOH AND GRN/Page_KDMC - CMS/input_txtqty'

2018-05-09 16:14:04 - [TEST_STEP][PASSED] - selectOptionByIndex: All options with index in [1] are selected on object 'Object Repository/MOH AND GRN/Page_KDMC - CMS/select_--Select--No Tax0'

2018-05-09 16:14:05 - [MESSAGE][PASSED] - All options with index in [1] are selected on object 'Object Repository/MOH AND GRN/Page_KDMC - CMS/select_--Select--No Tax0'

2018-05-09 16:14:05 - [TEST_STEP][PASSED] - setText: Finding Test Object with id 'Object Repository/MOH AND GRN/Page_KDMC - CMS/input_txtmrp'

2018-05-09 16:14:05 - [TEST_STEP][PASSED] - Statement - switch (id): Finding Test Object with id 'Object Repository/MOH AND GRN/Page_KDMC - CMS/input_txtdeal'

2018-05-09 16:14:05 - [TEST_STEP][PASSED] - Statement - case 4:: Text '20.0' is set on object 'Object Repository/MOH AND GRN/Page_KDMC - CMS/input_txtmrp'

2018-05-09 16:14:05 - [TEST_STEP][PASSED] - Statement - return (java.lang.Math.floor((java.lang.Math.random() * ((max - min) + 1))) + min): Text '20.0' is set on object 'Object Repository/MOH AND GRN/Page_KDMC - CMS/input_txtmrp'

2018-05-09 16:14:05 - [MESSAGE][PASSED] - Text '20.0' is set on object 'Object Repository/MOH AND GRN/Page_KDMC - CMS/input_txtmrp'

2018-05-09 16:14:05 - [TEST_STEP][PASSED] - setText: Finding Test Object with id 'Object Repository/MOH AND GRN/Page_KDMC - CMS/input_txtdeal'

2018-05-09 16:14:05 - [TEST_STEP][PASSED] - Statement - switch (id): Finding Test Object with id 'Object Repository/MOH AND GRN/Page_KDMC - CMS/input_txtbatchno'

2018-05-09 16:14:05 - [TEST_STEP][PASSED] - Statement - case 5:: Text '2.0' is set on object 'Object Repository/MOH AND GRN/Page_KDMC - CMS/input_txtdeal'

2018-05-09 16:14:05 - [TEST_STEP][PASSED] - Statement - return (java.lang.Math.floor((java.lang.Math.random() * ((max - min) + 1))) + min): Text '2.0' is set on object 'Object Repository/MOH AND GRN/Page_KDMC - CMS/input_txtdeal'

2018-05-09 16:14:05 - [MESSAGE][PASSED] - Text '2.0' is set on object 'Object Repository/MOH AND GRN/Page_KDMC - CMS/input_txtdeal'

2018-05-09 16:14:05 - [TEST_STEP][PASSED] - setText: Finding Test Object with id 'Object Repository/MOH AND GRN/Page_KDMC - CMS/input_txtbatchno'

2018-05-09 16:14:05 - [TEST_STEP][PASSED] - Statement - switch (id): Finding Test Object with id 'Object Repository/MOH AND GRN/Page_KDMC - CMS/input_txtmrp'

2018-05-09 16:14:05 - [TEST_STEP][PASSED] - Statement - case 1:: Text 'BA536.0' is set on object 'Object Repository/MOH AND GRN/Page_KDMC - CMS/input_txtbatchno'

2018-05-09 16:14:05 - [TEST_STEP][PASSED] - Statement - return (java.lang.Math.floor((java.lang.Math.random() * ((max - min) + 1))) + min): Text 'BA536.0' is set on object 'Object Repository/MOH AND GRN/Page_KDMC - CMS/input_txtbatchno'

2018-05-09 16:14:05 - [MESSAGE][PASSED] - Text 'BA536.0' is set on object 'Object Repository/MOH AND GRN/Page_KDMC - CMS/input_txtbatchno'

2018-05-09 16:14:05 - [TEST_STEP][PASSED] - rightClick: Object: 'Object Repository/GRN/Page_KDMC - CMS/input_txtexpdate' is right clicked on

2018-05-09 16:14:05 - [MESSAGE][PASSED] - Object: 'Object Repository/GRN/Page_KDMC - CMS/input_txtexpdate' is right clicked on

2018-05-09 16:14:05 - [TEST_STEP][PASSED] - selectOptionByIndex: All options with index in [1] are selected on object 'Object Repository/GRN/Page_KDMC - CMS/select_20182019202020212022202'

2018-05-09 16:14:05 - [MESSAGE][PASSED] - All options with index in [1] are selected on object 'Object Repository/GRN/Page_KDMC - CMS/select_20182019202020212022202'

2018-05-09 16:14:05 - [TEST_STEP][PASSED] - selectOptionByIndex: All options with index in [1] are selected on object 'Object Repository/GRN/Page_KDMC - CMS/select_JanFebMarAprMayJunJulAu'

2018-05-09 16:14:05 - [MESSAGE][PASSED] - All options with index in [1] are selected on object 'Object Repository/GRN/Page_KDMC - CMS/select_JanFebMarAprMayJunJulAu'

2018-05-09 16:14:05 - [TEST_STEP][PASSED] - click: Object: 'Object Repository/MOH AND GRN/Page_KDMC - CMS/a_12' is clicked on

2018-05-09 16:14:05 - [MESSAGE][PASSED] - Object: 'Object Repository/MOH AND GRN/Page_KDMC - CMS/a_12' is clicked on

2018-05-09 16:14:05 - [TEST_STEP][PASSED] - click: Object: 'Object Repository/MOH AND GRN/Page_KDMC - CMS/input_btnadd' is clicked on

2018-05-09 16:14:06 - [MESSAGE][PASSED] - Object: 'Object Repository/MOH AND GRN/Page_KDMC - CMS/input_btnadd' is clicked on

2018-05-09 16:14:06 - [TEST_STEP][PASSED] - Statement - If (s == 10): null

2018-05-09 16:14:06 - [TEST_STEP][PASSED] - Statement - Else: null

2018-05-09 16:14:06 - [TEST_STEP][PASSED] - Statement - (s++): null

2018-05-09 16:14:06 - [TEST_STEP][PASSED] - delay: Delayed 1 second(s)

2018-05-09 16:14:07 - [MESSAGE][PASSED] - Delayed 1 second(s)

2018-05-09 16:14:07 - [TEST_STEP][PASSED] - selectOptionByIndex: All options with index in [2] are selected on object 'Object Repository/MOH AND GRN/Page_KDMC - CMS/select_--Select--Amikacin -500'

2018-05-09 16:14:07 - [MESSAGE][PASSED] - All options with index in [2] are selected on object 'Object Repository/MOH AND GRN/Page_KDMC - CMS/select_--Select--Amikacin -500'

2018-05-09 16:14:07 - [TEST_STEP][PASSED] - setText: Text '5000' is set on object 'Object Repository/MOH AND GRN/Page_KDMC - CMS/input_txtqty'

2018-05-09 16:14:07 - [MESSAGE][PASSED] - Text '5000' is set on object 'Object Repository/MOH AND GRN/Page_KDMC - CMS/input_txtqty'

2018-05-09 16:14:07 - [TEST_STEP][PASSED] - selectOptionByIndex: All options with index in [1] are selected on object 'Object Repository/MOH AND GRN/Page_KDMC - CMS/select_--Select--No Tax0'

2018-05-09 16:14:07 - [MESSAGE][PASSED] - All options with index in [1] are selected on object 'Object Repository/MOH AND GRN/Page_KDMC - CMS/select_--Select--No Tax0'

2018-05-09 16:14:07 - [TEST_STEP][PASSED] - setText: Finding Test Object with id 'Object Repository/MOH AND GRN/Page_KDMC - CMS/input_txtmrp'

2018-05-09 16:14:07 - [TEST_STEP][PASSED] - Statement - switch (id): Finding Test Object with id 'Object Repository/MOH AND GRN/Page_KDMC - CMS/input_txtdeal'

2018-05-09 16:14:07 - [TEST_STEP][PASSED] - Statement - case 4:: Text '33.0' is set on object 'Object Repository/MOH AND GRN/Page_KDMC - CMS/input_txtmrp'

2018-05-09 16:14:07 - [TEST_STEP][PASSED] - Statement - return (java.lang.Math.floor((java.lang.Math.random() * ((max - min) + 1))) + min): Text '33.0' is set on object 'Object Repository/MOH AND GRN/Page_KDMC - CMS/input_txtmrp'

2018-05-09 16:14:07 - [MESSAGE][PASSED] - Text '33.0' is set on object 'Object Repository/MOH AND GRN/Page_KDMC - CMS/input_txtmrp'

2018-05-09 16:14:07 - [TEST_STEP][PASSED] - setText: Finding Test Object with id 'Object Repository/MOH AND GRN/Page_KDMC - CMS/input_txtdeal'

2018-05-09 16:14:07 - [TEST_STEP][PASSED] - Statement - switch (id): Finding Test Object with id 'Object Repository/MOH AND GRN/Page_KDMC - CMS/input_txtbatchno'

2018-05-09 16:14:07 - [TEST_STEP][PASSED] - Statement - case 5:: Text '1.0' is set on object 'Object Repository/MOH AND GRN/Page_KDMC - CMS/input_txtdeal'

2018-05-09 16:14:07 - [TEST_STEP][PASSED] - Statement - return (java.lang.Math.floor((java.lang.Math.random() * ((max - min) + 1))) + min): Text '1.0' is set on object 'Object Repository/MOH AND GRN/Page_KDMC - CMS/input_txtdeal'

2018-05-09 16:14:07 - [MESSAGE][PASSED] - Text '1.0' is set on object 'Object Repository/MOH AND GRN/Page_KDMC - CMS/input_txtdeal'

2018-05-09 16:14:07 - [TEST_STEP][PASSED] - setText: Finding Test Object with id 'Object Repository/MOH AND GRN/Page_KDMC - CMS/input_txtbatchno'

2018-05-09 16:14:07 - [TEST_STEP][PASSED] - Statement - switch (id): Finding Test Object with id 'Object Repository/MOH AND GRN/Page_KDMC - CMS/input_txtmrp'

2018-05-09 16:14:07 - [TEST_STEP][PASSED] - Statement - case 1:: Text 'BA321.0' is set on object 'Object Repository/MOH AND GRN/Page_KDMC - CMS/input_txtbatchno'

2018-05-09 16:14:07 - [TEST_STEP][PASSED] - Statement - return (java.lang.Math.floor((java.lang.Math.random() * ((max - min) + 1))) + min): Text 'BA321.0' is set on object 'Object Repository/MOH AND GRN/Page_KDMC - CMS/input_txtbatchno'

2018-05-09 16:14:07 - [MESSAGE][PASSED] - Text 'BA321.0' is set on object 'Object Repository/MOH AND GRN/Page_KDMC - CMS/input_txtbatchno'

2018-05-09 16:14:07 - [TEST_STEP][PASSED] - rightClick: Object: 'Object Repository/GRN/Page_KDMC - CMS/input_txtexpdate' is right clicked on

2018-05-09 16:14:07 - [MESSAGE][PASSED] - Object: 'Object Repository/GRN/Page_KDMC - CMS/input_txtexpdate' is right clicked on

2018-05-09 16:14:07 - [TEST_STEP][PASSED] - selectOptionByIndex: All options with index in [2] are selected on object 'Object Repository/GRN/Page_KDMC - CMS/select_20182019202020212022202'

2018-05-09 16:14:07 - [MESSAGE][PASSED] - All options with index in [2] are selected on object 'Object Repository/GRN/Page_KDMC - CMS/select_20182019202020212022202'

2018-05-09 16:14:07 - [TEST_STEP][PASSED] - selectOptionByIndex: All options with index in [2] are selected on object 'Object Repository/GRN/Page_KDMC - CMS/select_JanFebMarAprMayJunJulAu'

2018-05-09 16:14:08 - [MESSAGE][PASSED] - All options with index in [2] are selected on object 'Object Repository/GRN/Page_KDMC - CMS/select_JanFebMarAprMayJunJulAu'

2018-05-09 16:14:08 - [TEST_STEP][PASSED] - click: Object: 'Object Repository/MOH AND GRN/Page_KDMC - CMS/a_12' is clicked on

2018-05-09 16:14:08 - [MESSAGE][PASSED] - Object: 'Object Repository/MOH AND GRN/Page_KDMC - CMS/a_12' is clicked on

2018-05-09 16:14:08 - [TEST_STEP][PASSED] - click: Object: 'Object Repository/MOH AND GRN/Page_KDMC - CMS/input_btnadd' is clicked on

2018-05-09 16:14:08 - [MESSAGE][PASSED] - Object: 'Object Repository/MOH AND GRN/Page_KDMC - CMS/input_btnadd' is clicked on

2018-05-09 16:14:08 - [TEST_STEP][PASSED] - Statement - If (s == 10): null

2018-05-09 16:14:08 - [TEST_STEP][PASSED] - Statement - Else: null

2018-05-09 16:14:08 - [TEST_STEP][PASSED] - Statement - (s++): null

2018-05-09 16:14:08 - [TEST_STEP][PASSED] - delay: Delayed 1 second(s)

2018-05-09 16:14:09 - [MESSAGE][PASSED] - Delayed 1 second(s)

2018-05-09 16:14:09 - [TEST_STEP][PASSED] - selectOptionByIndex: All options with index in [3] are selected on object 'Object Repository/MOH AND GRN/Page_KDMC - CMS/select_--Select--Amikacin -500'

2018-05-09 16:14:09 - [MESSAGE][PASSED] - All options with index in [3] are selected on object 'Object Repository/MOH AND GRN/Page_KDMC - CMS/select_--Select--Amikacin -500'

2018-05-09 16:14:09 - [TEST_STEP][PASSED] - setText: Text '5000' is set on object 'Object Repository/MOH AND GRN/Page_KDMC - CMS/input_txtqty'

2018-05-09 16:14:09 - [MESSAGE][PASSED] - Text '5000' is set on object 'Object Repository/MOH AND GRN/Page_KDMC - CMS/input_txtqty'

2018-05-09 16:14:09 - [TEST_STEP][PASSED] - selectOptionByIndex: All options with index in [1] are selected on object 'Object Repository/MOH AND GRN/Page_KDMC - CMS/select_--Select--No Tax0'

2018-05-09 16:14:09 - [MESSAGE][PASSED] - All options with index in [1] are selected on object 'Object Repository/MOH AND GRN/Page_KDMC - CMS/select_--Select--No Tax0'

2018-05-09 16:14:09 - [TEST_STEP][PASSED] - setText: Finding Test Object with id 'Object Repository/MOH AND GRN/Page_KDMC - CMS/input_txtmrp'

2018-05-09 16:14:09 - [TEST_STEP][PASSED] - Statement - switch (id): Finding Test Object with id 'Object Repository/MOH AND GRN/Page_KDMC - CMS/input_txtdeal'

2018-05-09 16:14:09 - [TEST_STEP][PASSED] - Statement - case 4:: Text '21.0' is set on object 'Object Repository/MOH AND GRN/Page_KDMC - CMS/input_txtmrp'

2018-05-09 16:14:09 - [TEST_STEP][PASSED] - Statement - return (java.lang.Math.floor((java.lang.Math.random() * ((max - min) + 1))) + min): Text '21.0' is set on object 'Object Repository/MOH AND GRN/Page_KDMC - CMS/input_txtmrp'

2018-05-09 16:14:09 - [MESSAGE][PASSED] - Text '21.0' is set on object 'Object Repository/MOH AND GRN/Page_KDMC - CMS/input_txtmrp'

2018-05-09 16:14:09 - [TEST_STEP][PASSED] - setText: Finding Test Object with id 'Object Repository/MOH AND GRN/Page_KDMC - CMS/input_txtdeal'

2018-05-09 16:14:09 - [TEST_STEP][PASSED] - Statement - switch (id): Finding Test Object with id 'Object Repository/MOH AND GRN/Page_KDMC - CMS/input_txtbatchno'

2018-05-09 16:14:09 - [TEST_STEP][PASSED] - Statement - case 5:: Text '5.0' is set on object 'Object Repository/MOH AND GRN/Page_KDMC - CMS/input_txtdeal'

2018-05-09 16:14:09 - [TEST_STEP][PASSED] - Statement - return (java.lang.Math.floor((java.lang.Math.random() * ((max - min) + 1))) + min): Text '5.0' is set on object 'Object Repository/MOH AND GRN/Page_KDMC - CMS/input_txtdeal'

2018-05-09 16:14:09 - [MESSAGE][PASSED] - Text '5.0' is set on object 'Object Repository/MOH AND GRN/Page_KDMC - CMS/input_txtdeal'

2018-05-09 16:14:09 - [TEST_STEP][PASSED] - setText: Finding Test Object with id 'Object Repository/MOH AND GRN/Page_KDMC - CMS/input_txtbatchno'

2018-05-09 16:14:09 - [TEST_STEP][PASSED] - Statement - switch (id): Finding Test Object with id 'Object Repository/MOH AND GRN/Page_KDMC - CMS/input_txtmrp'

2018-05-09 16:14:09 - [TEST_STEP][PASSED] - Statement - case 1:: Text 'BA292.0' is set on object 'Object Repository/MOH AND GRN/Page_KDMC - CMS/input_txtbatchno'

2018-05-09 16:14:09 - [TEST_STEP][PASSED] - Statement - return (java.lang.Math.floor((java.lang.Math.random() * ((max - min) + 1))) + min): Text 'BA292.0' is set on object 'Object Repository/MOH AND GRN/Page_KDMC - CMS/input_txtbatchno'

2018-05-09 16:14:09 - [MESSAGE][PASSED] - Text 'BA292.0' is set on object 'Object Repository/MOH AND GRN/Page_KDMC - CMS/input_txtbatchno'

2018-05-09 16:14:09 - [TEST_STEP][PASSED] - rightClick: Object: 'Object Repository/GRN/Page_KDMC - CMS/input_txtexpdate' is right clicked on

2018-05-09 16:14:09 - [MESSAGE][PASSED] - Object: 'Object Repository/GRN/Page_KDMC - CMS/input_txtexpdate' is right clicked on

2018-05-09 16:14:09 - [TEST_STEP][PASSED] - selectOptionByIndex: All options with index in [3] are selected on object 'Object Repository/GRN/Page_KDMC - CMS/select_20182019202020212022202'

2018-05-09 16:14:10 - [MESSAGE][PASSED] - All options with index in [3] are selected on object 'Object Repository/GRN/Page_KDMC - CMS/select_20182019202020212022202'

2018-05-09 16:14:10 - [TEST_STEP][PASSED] - selectOptionByIndex: All options with index in [3] are selected on object 'Object Repository/GRN/Page_KDMC - CMS/select_JanFebMarAprMayJunJulAu'

2018-05-09 16:14:10 - [MESSAGE][PASSED] - All options with index in [3] are selected on object 'Object Repository/GRN/Page_KDMC - CMS/select_JanFebMarAprMayJunJulAu'

2018-05-09 16:14:10 - [TEST_STEP][PASSED] - click: Object: 'Object Repository/MOH AND GRN/Page_KDMC - CMS/a_12' is clicked on

2018-05-09 16:14:10 - [MESSAGE][PASSED] - Object: 'Object Repository/MOH AND GRN/Page_KDMC - CMS/a_12' is clicked on

2018-05-09 16:14:10 - [TEST_STEP][PASSED] - click: Object: 'Object Repository/MOH AND GRN/Page_KDMC - CMS/input_btnadd' is clicked on

2018-05-09 16:14:10 - [MESSAGE][PASSED] - Object: 'Object Repository/MOH AND GRN/Page_KDMC - CMS/input_btnadd' is clicked on

2018-05-09 16:14:10 - [TEST_STEP][PASSED] - Statement - If (s == 10): null

2018-05-09 16:14:10 - [TEST_STEP][PASSED] - Statement - Else: null

2018-05-09 16:14:10 - [TEST_STEP][PASSED] - Statement - (s++): null

2018-05-09 16:14:10 - [TEST_STEP][PASSED] - delay: Delayed 1 second(s)

2018-05-09 16:14:11 - [MESSAGE][PASSED] - Delayed 1 second(s)

2018-05-09 16:14:11 - [TEST_STEP][PASSED] - selectOptionByIndex: All options with index in [4] are selected on object 'Object Repository/MOH AND GRN/Page_KDMC - CMS/select_--Select--Amikacin -500'

2018-05-09 16:14:11 - [MESSAGE][PASSED] - All options with index in [4] are selected on object 'Object Repository/MOH AND GRN/Page_KDMC - CMS/select_--Select--Amikacin -500'

2018-05-09 16:14:11 - [TEST_STEP][PASSED] - setText: Text '5000' is set on object 'Object Repository/MOH AND GRN/Page_KDMC - CMS/input_txtqty'

2018-05-09 16:14:11 - [MESSAGE][PASSED] - Text '5000' is set on object 'Object Repository/MOH AND GRN/Page_KDMC - CMS/input_txtqty'

2018-05-09 16:14:11 - [TEST_STEP][PASSED] - selectOptionByIndex: All options with index in [1] are selected on object 'Object Repository/MOH AND GRN/Page_KDMC - CMS/select_--Select--No Tax0'

2018-05-09 16:14:11 - [MESSAGE][PASSED] - All options with index in [1] are selected on object 'Object Repository/MOH AND GRN/Page_KDMC - CMS/select_--Select--No Tax0'

2018-05-09 16:14:11 - [TEST_STEP][PASSED] - setText: Finding Test Object with id 'Object Repository/MOH AND GRN/Page_KDMC - CMS/input_txtmrp'

2018-05-09 16:14:11 - [TEST_STEP][PASSED] - Statement - switch (id): Finding Test Object with id 'Object Repository/MOH AND GRN/Page_KDMC - CMS/input_txtdeal'

2018-05-09 16:14:11 - [TEST_STEP][PASSED] - Statement - case 4:: Text '18.0' is set on object 'Object Repository/MOH AND GRN/Page_KDMC - CMS/input_txtmrp'

2018-05-09 16:14:11 - [TEST_STEP][PASSED] - Statement - return (java.lang.Math.floor((java.lang.Math.random() * ((max - min) + 1))) + min): Text '18.0' is set on object 'Object Repository/MOH AND GRN/Page_KDMC - CMS/input_txtmrp'

2018-05-09 16:14:11 - [MESSAGE][PASSED] - Text '18.0' is set on object 'Object Repository/MOH AND GRN/Page_KDMC - CMS/input_txtmrp'

2018-05-09 16:14:11 - [TEST_STEP][PASSED] - setText: Finding Test Object with id 'Object Repository/MOH AND GRN/Page_KDMC - CMS/input_txtdeal'

2018-05-09 16:14:11 - [TEST_STEP][PASSED] - Statement - switch (id): Finding Test Object with id 'Object Repository/MOH AND GRN/Page_KDMC - CMS/input_txtbatchno'

2018-05-09 16:14:11 - [TEST_STEP][PASSED] - Statement - case 5:: Text '1.0' is set on object 'Object Repository/MOH AND GRN/Page_KDMC - CMS/input_txtdeal'

2018-05-09 16:14:11 - [TEST_STEP][PASSED] - Statement - return (java.lang.Math.floor((java.lang.Math.random() * ((max - min) + 1))) + min): Text '1.0' is set on object 'Object Repository/MOH AND GRN/Page_KDMC - CMS/input_txtdeal'

2018-05-09 16:14:11 - [MESSAGE][PASSED] - Text '1.0' is set on object 'Object Repository/MOH AND GRN/Page_KDMC - CMS/input_txtdeal'

2018-05-09 16:14:11 - [TEST_STEP][PASSED] - setText: Finding Test Object with id 'Object Repository/MOH AND GRN/Page_KDMC - CMS/input_txtbatchno'

2018-05-09 16:14:11 - [TEST_STEP][PASSED] - Statement - switch (id): Finding Test Object with id 'Object Repository/MOH AND GRN/Page_KDMC - CMS/input_txtmrp'

2018-05-09 16:14:11 - [TEST_STEP][PASSED] - Statement - case 1:: Text 'BA118.0' is set on object 'Object Repository/MOH AND GRN/Page_KDMC - CMS/input_txtbatchno'

2018-05-09 16:14:11 - [TEST_STEP][PASSED] - Statement - return (java.lang.Math.floor((java.lang.Math.random() * ((max - min) + 1))) + min): Text 'BA118.0' is set on object 'Object Repository/MOH AND GRN/Page_KDMC - CMS/input_txtbatchno'

2018-05-09 16:14:12 - [MESSAGE][PASSED] - Text 'BA118.0' is set on object 'Object Repository/MOH AND GRN/Page_KDMC - CMS/input_txtbatchno'

2018-05-09 16:14:12 - [TEST_STEP][PASSED] - rightClick: Object: 'Object Repository/GRN/Page_KDMC - CMS/input_txtexpdate' is right clicked on

2018-05-09 16:14:12 - [MESSAGE][PASSED] - Object: 'Object Repository/GRN/Page_KDMC - CMS/input_txtexpdate' is right clicked on

2018-05-09 16:14:12 - [TEST_STEP][PASSED] - selectOptionByIndex: All options with index in [4] are selected on object 'Object Repository/GRN/Page_KDMC - CMS/select_20182019202020212022202'

2018-05-09 16:14:12 - [MESSAGE][PASSED] - All options with index in [4] are selected on object 'Object Repository/GRN/Page_KDMC - CMS/select_20182019202020212022202'

2018-05-09 16:14:12 - [TEST_STEP][PASSED] - selectOptionByIndex: All options with index in [4] are selected on object 'Object Repository/GRN/Page_KDMC - CMS/select_JanFebMarAprMayJunJulAu'

2018-05-09 16:14:12 - [MESSAGE][PASSED] - All options with index in [4] are selected on object 'Object Repository/GRN/Page_KDMC - CMS/select_JanFebMarAprMayJunJulAu'

2018-05-09 16:14:12 - [TEST_STEP][PASSED] - click: Object: 'Object Repository/MOH AND GRN/Page_KDMC - CMS/a_12' is clicked on

2018-05-09 16:14:12 - [MESSAGE][PASSED] - Object: 'Object Repository/MOH AND GRN/Page_KDMC - CMS/a_12' is clicked on

2018-05-09 16:14:12 - [TEST_STEP][PASSED] - click: Object: 'Object Repository/MOH AND GRN/Page_KDMC - CMS/input_btnadd' is clicked on

2018-05-09 16:14:12 - [MESSAGE][PASSED] - Object: 'Object Repository/MOH AND GRN/Page_KDMC - CMS/input_btnadd' is clicked on

2018-05-09 16:14:12 - [TEST_STEP][PASSED] - Statement - If (s == 10): null

2018-05-09 16:14:12 - [TEST_STEP][PASSED] - Statement - Else: null

2018-05-09 16:14:12 - [TEST_STEP][PASSED] - Statement - (s++): null

2018-05-09 16:14:12 - [TEST_STEP][PASSED] - delay: Delayed 1 second(s)

2018-05-09 16:14:13 - [MESSAGE][PASSED] - Delayed 1 second(s)

2018-05-09 16:14:13 - [TEST_STEP][PASSED] - selectOptionByIndex: All options with index in [5] are selected on object 'Object Repository/MOH AND GRN/Page_KDMC - CMS/select_--Select--Amikacin -500'

2018-05-09 16:14:13 - [MESSAGE][PASSED] - All options with index in [5] are selected on object 'Object Repository/MOH AND GRN/Page_KDMC - CMS/select_--Select--Amikacin -500'

2018-05-09 16:14:13 - [TEST_STEP][PASSED] - setText: Text '5000' is set on object 'Object Repository/MOH AND GRN/Page_KDMC - CMS/input_txtqty'

2018-05-09 16:14:13 - [MESSAGE][PASSED] - Text '5000' is set on object 'Object Repository/MOH AND GRN/Page_KDMC - CMS/input_txtqty'

2018-05-09 16:14:13 - [TEST_STEP][PASSED] - selectOptionByIndex: All options with index in [1] are selected on object 'Object Repository/MOH AND GRN/Page_KDMC - CMS/select_--Select--No Tax0'

2018-05-09 16:14:14 - [MESSAGE][PASSED] - All options with index in [1] are selected on object 'Object Repository/MOH AND GRN/Page_KDMC - CMS/select_--Select--No Tax0'

2018-05-09 16:14:14 - [TEST_STEP][PASSED] - setText: Finding Test Object with id 'Object Repository/MOH AND GRN/Page_KDMC - CMS/input_txtmrp'

2018-05-09 16:14:14 - [TEST_STEP][PASSED] - Statement - switch (id): Finding Test Object with id 'Object Repository/MOH AND GRN/Page_KDMC - CMS/input_txtdeal'

2018-05-09 16:14:14 - [TEST_STEP][PASSED] - Statement - case 4:: Text '32.0' is set on object 'Object Repository/MOH AND GRN/Page_KDMC - CMS/input_txtmrp'

2018-05-09 16:14:14 - [TEST_STEP][PASSED] - Statement - return (java.lang.Math.floor((java.lang.Math.random() * ((max - min) + 1))) + min): Text '32.0' is set on object 'Object Repository/MOH AND GRN/Page_KDMC - CMS/input_txtmrp'

2018-05-09 16:14:14 - [MESSAGE][PASSED] - Text '32.0' is set on object 'Object Repository/MOH AND GRN/Page_KDMC - CMS/input_txtmrp'

2018-05-09 16:14:14 - [TEST_STEP][PASSED] - setText: Finding Test Object with id 'Object Repository/MOH AND GRN/Page_KDMC - CMS/input_txtdeal'

2018-05-09 16:14:14 - [TEST_STEP][PASSED] - Statement - switch (id): Finding Test Object with id 'Object Repository/MOH AND GRN/Page_KDMC - CMS/input_txtbatchno'

2018-05-09 16:14:14 - [TEST_STEP][PASSED] - Statement - case 5:: Text '10.0' is set on object 'Object Repository/MOH AND GRN/Page_KDMC - CMS/input_txtdeal'

2018-05-09 16:14:14 - [TEST_STEP][PASSED] - Statement - return (java.lang.Math.floor((java.lang.Math.random() * ((max - min) + 1))) + min): Text '10.0' is set on object 'Object Repository/MOH AND GRN/Page_KDMC - CMS/input_txtdeal'

2018-05-09 16:14:14 - [MESSAGE][PASSED] - Text '10.0' is set on object 'Object Repository/MOH AND GRN/Page_KDMC - CMS/input_txtdeal'

2018-05-09 16:14:14 - [TEST_STEP][PASSED] - setText: Finding Test Object with id 'Object Repository/MOH AND GRN/Page_KDMC - CMS/input_txtbatchno'

2018-05-09 16:14:14 - [TEST_STEP][PASSED] - Statement - switch (id): Finding Test Object with id 'Object Repository/MOH AND GRN/Page_KDMC - CMS/input_txtmrp'

2018-05-09 16:14:14 - [TEST_STEP][PASSED] - Statement - case 1:: Text 'BA385.0' is set on object 'Object Repository/MOH AND GRN/Page_KDMC - CMS/input_txtbatchno'

2018-05-09 16:14:14 - [TEST_STEP][PASSED] - Statement - return (java.lang.Math.floor((java.lang.Math.random() * ((max - min) + 1))) + min): Text 'BA385.0' is set on object 'Object Repository/MOH AND GRN/Page_KDMC - CMS/input_txtbatchno'

2018-05-09 16:14:14 - [MESSAGE][PASSED] - Text 'BA385.0' is set on object 'Object Repository/MOH AND GRN/Page_KDMC - CMS/input_txtbatchno'

2018-05-09 16:14:14 - [TEST_STEP][PASSED] - rightClick: Object: 'Object Repository/GRN/Page_KDMC - CMS/input_txtexpdate' is right clicked on

2018-05-09 16:14:14 - [MESSAGE][PASSED] - Object: 'Object Repository/GRN/Page_KDMC - CMS/input_txtexpdate' is right clicked on

2018-05-09 16:14:14 - [TEST_STEP][PASSED] - selectOptionByIndex: All options with index in [5] are selected on object 'Object Repository/GRN/Page_KDMC - CMS/select_20182019202020212022202'

2018-05-09 16:14:14 - [MESSAGE][PASSED] - All options with index in [5] are selected on object 'Object Repository/GRN/Page_KDMC - CMS/select_20182019202020212022202'

2018-05-09 16:14:14 - [TEST_STEP][PASSED] - selectOptionByIndex: All options with index in [5] are selected on object 'Object Repository/GRN/Page_KDMC - CMS/select_JanFebMarAprMayJunJulAu'

2018-05-09 16:14:14 - [MESSAGE][PASSED] - All options with index in [5] are selected on object 'Object Repository/GRN/Page_KDMC - CMS/select_JanFebMarAprMayJunJulAu'

2018-05-09 16:14:14 - [TEST_STEP][PASSED] - click: Object: 'Object Repository/MOH AND GRN/Page_KDMC - CMS/a_12' is clicked on

2018-05-09 16:14:14 - [MESSAGE][PASSED] - Object: 'Object Repository/MOH AND GRN/Page_KDMC - CMS/a_12' is clicked on

2018-05-09 16:14:14 - [TEST_STEP][PASSED] - click: Object: 'Object Repository/MOH AND GRN/Page_KDMC - CMS/input_btnadd' is clicked on

2018-05-09 16:14:14 - [MESSAGE][PASSED] - Object: 'Object Repository/MOH AND GRN/Page_KDMC - CMS/input_btnadd' is clicked on

2018-05-09 16:14:14 - [TEST_STEP][PASSED] - Statement - If (s == 10): null

2018-05-09 16:14:14 - [TEST_STEP][PASSED] - Statement - Else: null

2018-05-09 16:14:14 - [TEST_STEP][PASSED] - Statement - (s++): null

2018-05-09 16:14:14 - [TEST_STEP][PASSED] - delay: Delayed 1 second(s)

2018-05-09 16:14:15 - [MESSAGE][PASSED] - Delayed 1 second(s)

2018-05-09 16:14:15 - [TEST_STEP][PASSED] - selectOptionByIndex: All options with index in [6] are selected on object 'Object Repository/MOH AND GRN/Page_KDMC - CMS/select_--Select--Amikacin -500'

2018-05-09 16:14:16 - [MESSAGE][PASSED] - All options with index in [6] are selected on object 'Object Repository/MOH AND GRN/Page_KDMC - CMS/select_--Select--Amikacin -500'

2018-05-09 16:14:16 - [TEST_STEP][PASSED] - setText: Text '5000' is set on object 'Object Repository/MOH AND GRN/Page_KDMC - CMS/input_txtqty'

2018-05-09 16:14:16 - [MESSAGE][PASSED] - Text '5000' is set on object 'Object Repository/MOH AND GRN/Page_KDMC - CMS/input_txtqty'

2018-05-09 16:14:16 - [TEST_STEP][PASSED] - selectOptionByIndex: All options with index in [1] are selected on object 'Object Repository/MOH AND GRN/Page_KDMC - CMS/select_--Select--No Tax0'

2018-05-09 16:14:16 - [MESSAGE][PASSED] - All options with index in [1] are selected on object 'Object Repository/MOH AND GRN/Page_KDMC - CMS/select_--Select--No Tax0'

2018-05-09 16:14:16 - [TEST_STEP][PASSED] - setText: Finding Test Object with id 'Object Repository/MOH AND GRN/Page_KDMC - CMS/input_txtmrp'

2018-05-09 16:14:16 - [TEST_STEP][PASSED] - Statement - switch (id): Finding Test Object with id 'Object Repository/MOH AND GRN/Page_KDMC - CMS/input_txtdeal'

2018-05-09 16:14:16 - [TEST_STEP][PASSED] - Statement - case 4:: Text '18.0' is set on object 'Object Repository/MOH AND GRN/Page_KDMC - CMS/input_txtmrp'

2018-05-09 16:14:16 - [TEST_STEP][PASSED] - Statement - return (java.lang.Math.floor((java.lang.Math.random() * ((max - min) + 1))) + min): Text '18.0' is set on object 'Object Repository/MOH AND GRN/Page_KDMC - CMS/input_txtmrp'

2018-05-09 16:14:16 - [MESSAGE][PASSED] - Text '18.0' is set on object 'Object Repository/MOH AND GRN/Page_KDMC - CMS/input_txtmrp'

2018-05-09 16:14:16 - [TEST_STEP][PASSED] - setText: Finding Test Object with id 'Object Repository/MOH AND GRN/Page_KDMC - CMS/input_txtdeal'

2018-05-09 16:14:16 - [TEST_STEP][PASSED] - Statement - switch (id): Finding Test Object with id 'Object Repository/MOH AND GRN/Page_KDMC - CMS/input_txtbatchno'

2018-05-09 16:14:16 - [TEST_STEP][PASSED] - Statement - case 5:: Text '5.0' is set on object 'Object Repository/MOH AND GRN/Page_KDMC - CMS/input_txtdeal'

2018-05-09 16:14:16 - [TEST_STEP][PASSED] - Statement - return (java.lang.Math.floor((java.lang.Math.random() * ((max - min) + 1))) + min): Text '5.0' is set on object 'Object Repository/MOH AND GRN/Page_KDMC - CMS/input_txtdeal'

2018-05-09 16:14:16 - [MESSAGE][PASSED] - Text '5.0' is set on object 'Object Repository/MOH AND GRN/Page_KDMC - CMS/input_txtdeal'

2018-05-09 16:14:16 - [TEST_STEP][PASSED] - setText: Finding Test Object with id 'Object Repository/MOH AND GRN/Page_KDMC - CMS/input_txtbatchno'

2018-05-09 16:14:16 - [TEST_STEP][PASSED] - Statement - switch (id): Finding Test Object with id 'Object Repository/MOH AND GRN/Page_KDMC - CMS/input_txtmrp'

2018-05-09 16:14:16 - [TEST_STEP][PASSED] - Statement - case 1:: Text 'BA62.0' is set on object 'Object Repository/MOH AND GRN/Page_KDMC - CMS/input_txtbatchno'

2018-05-09 16:14:16 - [TEST_STEP][PASSED] - Statement - return (java.lang.Math.floor((java.lang.Math.random() * ((max - min) + 1))) + min): Text 'BA62.0' is set on object 'Object Repository/MOH AND GRN/Page_KDMC - CMS/input_txtbatchno'

2018-05-09 16:14:16 - [MESSAGE][PASSED] - Text 'BA62.0' is set on object 'Object Repository/MOH AND GRN/Page_KDMC - CMS/input_txtbatchno'

2018-05-09 16:14:16 - [TEST_STEP][PASSED] - rightClick: Object: 'Object Repository/GRN/Page_KDMC - CMS/input_txtexpdate' is right clicked on

2018-05-09 16:14:16 - [MESSAGE][PASSED] - Object: 'Object Repository/GRN/Page_KDMC - CMS/input_txtexpdate' is right clicked on

2018-05-09 16:14:16 - [TEST_STEP][PASSED] - selectOptionByIndex: All options with index in [6] are selected on object 'Object Repository/GRN/Page_KDMC - CMS/select_20182019202020212022202'

2018-05-09 16:14:16 - [MESSAGE][PASSED] - All options with index in [6] are selected on object 'Object Repository/GRN/Page_KDMC - CMS/select_20182019202020212022202'

2018-05-09 16:14:16 - [TEST_STEP][PASSED] - selectOptionByIndex: All options with index in [6] are selected on object 'Object Repository/GRN/Page_KDMC - CMS/select_JanFebMarAprMayJunJulAu'

2018-05-09 16:14:17 - [MESSAGE][PASSED] - All options with index in [6] are selected on object 'Object Repository/GRN/Page_KDMC - CMS/select_JanFebMarAprMayJunJulAu'

2018-05-09 16:14:17 - [TEST_STEP][PASSED] - click: Object: 'Object Repository/MOH AND GRN/Page_KDMC - CMS/a_12' is clicked on

2018-05-09 16:14:17 - [MESSAGE][PASSED] - Object: 'Object Repository/MOH AND GRN/Page_KDMC - CMS/a_12' is clicked on

2018-05-09 16:14:17 - [TEST_STEP][PASSED] - click: Object: 'Object Repository/MOH AND GRN/Page_KDMC - CMS/input_btnadd' is clicked on

2018-05-09 16:14:17 - [MESSAGE][PASSED] - Object: 'Object Repository/MOH AND GRN/Page_KDMC - CMS/input_btnadd' is clicked on

2018-05-09 16:14:17 - [TEST_STEP][PASSED] - Statement - If (s == 10): null

2018-05-09 16:14:17 - [TEST_STEP][PASSED] - Statement - Else: null

2018-05-09 16:14:17 - [TEST_STEP][PASSED] - Statement - (s++): null

2018-05-09 16:14:17 - [TEST_STEP][PASSED] - delay: Delayed 1 second(s)

2018-05-09 16:14:18 - [MESSAGE][PASSED] - Delayed 1 second(s)

2018-05-09 16:14:18 - [TEST_STEP][PASSED] - selectOptionByIndex: All options with index in [7] are selected on object 'Object Repository/MOH AND GRN/Page_KDMC - CMS/select_--Select--Amikacin -500'

2018-05-09 16:14:18 - [MESSAGE][PASSED] - All options with index in [7] are selected on object 'Object Repository/MOH AND GRN/Page_KDMC - CMS/select_--Select--Amikacin -500'

2018-05-09 16:14:18 - [TEST_STEP][PASSED] - setText: Text '5000' is set on object 'Object Repository/MOH AND GRN/Page_KDMC - CMS/input_txtqty'

2018-05-09 16:14:18 - [MESSAGE][PASSED] - Text '5000' is set on object 'Object Repository/MOH AND GRN/Page_KDMC - CMS/input_txtqty'

2018-05-09 16:14:18 - [TEST_STEP][PASSED] - selectOptionByIndex: All options with index in [1] are selected on object 'Object Repository/MOH AND GRN/Page_KDMC - CMS/select_--Select--No Tax0'

2018-05-09 16:14:18 - [MESSAGE][PASSED] - All options with index in [1] are selected on object 'Object Repository/MOH AND GRN/Page_KDMC - CMS/select_--Select--No Tax0'

2018-05-09 16:14:18 - [TEST_STEP][PASSED] - setText: Finding Test Object with id 'Object Repository/MOH AND GRN/Page_KDMC - CMS/input_txtmrp'

2018-05-09 16:14:18 - [TEST_STEP][PASSED] - Statement - switch (id): Finding Test Object with id 'Object Repository/MOH AND GRN/Page_KDMC - CMS/input_txtdeal'

2018-05-09 16:14:18 - [TEST_STEP][PASSED] - Statement - case 4:: Text '24.0' is set on object 'Object Repository/MOH AND GRN/Page_KDMC - CMS/input_txtmrp'

2018-05-09 16:14:18 - [TEST_STEP][PASSED] - Statement - return (java.lang.Math.floor((java.lang.Math.random() * ((max - min) + 1))) + min): Text '24.0' is set on object 'Object Repository/MOH AND GRN/Page_KDMC - CMS/input_txtmrp'

2018-05-09 16:14:18 - [MESSAGE][PASSED] - Text '24.0' is set on object 'Object Repository/MOH AND GRN/Page_KDMC - CMS/input_txtmrp'

2018-05-09 16:14:18 - [TEST_STEP][PASSED] - setText: Finding Test Object with id 'Object Repository/MOH AND GRN/Page_KDMC - CMS/input_txtdeal'

2018-05-09 16:14:18 - [TEST_STEP][PASSED] - Statement - switch (id): Finding Test Object with id 'Object Repository/MOH AND GRN/Page_KDMC - CMS/input_txtbatchno'

2018-05-09 16:14:18 - [TEST_STEP][PASSED] - Statement - case 5:: Text '10.0' is set on object 'Object Repository/MOH AND GRN/Page_KDMC - CMS/input_txtdeal'

2018-05-09 16:14:18 - [TEST_STEP][PASSED] - Statement - return (java.lang.Math.floor((java.lang.Math.random() * ((max - min) + 1))) + min): Text '10.0' is set on object 'Object Repository/MOH AND GRN/Page_KDMC - CMS/input_txtdeal'

2018-05-09 16:14:18 - [MESSAGE][PASSED] - Text '10.0' is set on object 'Object Repository/MOH AND GRN/Page_KDMC - CMS/input_txtdeal'

2018-05-09 16:14:18 - [TEST_STEP][PASSED] - setText: Finding Test Object with id 'Object Repository/MOH AND GRN/Page_KDMC - CMS/input_txtbatchno'

2018-05-09 16:14:18 - [TEST_STEP][PASSED] - Statement - switch (id): Finding Test Object with id 'Object Repository/MOH AND GRN/Page_KDMC - CMS/input_txtmrp'

2018-05-09 16:14:18 - [TEST_STEP][PASSED] - Statement - case 1:: Text 'BA49.0' is set on object 'Object Repository/MOH AND GRN/Page_KDMC - CMS/input_txtbatchno'

2018-05-09 16:14:18 - [TEST_STEP][PASSED] - Statement - return (java.lang.Math.floor((java.lang.Math.random() * ((max - min) + 1))) + min): Text 'BA49.0' is set on object 'Object Repository/MOH AND GRN/Page_KDMC - CMS/input_txtbatchno'

2018-05-09 16:14:18 - [MESSAGE][PASSED] - Text 'BA49.0' is set on object 'Object Repository/MOH AND GRN/Page_KDMC - CMS/input_txtbatchno'

2018-05-09 16:14:18 - [TEST_STEP][PASSED] - rightClick: Object: 'Object Repository/GRN/Page_KDMC - CMS/input_txtexpdate' is right clicked on

2018-05-09 16:14:18 - [MESSAGE][PASSED] - Object: 'Object Repository/GRN/Page_KDMC - CMS/input_txtexpdate' is right clicked on

2018-05-09 16:14:18 - [TEST_STEP][PASSED] - selectOptionByIndex: All options with index in [7] are selected on object 'Object Repository/GRN/Page_KDMC - CMS/select_20182019202020212022202'

2018-05-09 16:14:19 - [MESSAGE][PASSED] - All options with index in [7] are selected on object 'Object Repository/GRN/Page_KDMC - CMS/select_20182019202020212022202'

2018-05-09 16:14:19 - [TEST_STEP][PASSED] - selectOptionByIndex: All options with index in [7] are selected on object 'Object Repository/GRN/Page_KDMC - CMS/select_JanFebMarAprMayJunJulAu'

2018-05-09 16:14:19 - [MESSAGE][PASSED] - All options with index in [7] are selected on object 'Object Repository/GRN/Page_KDMC - CMS/select_JanFebMarAprMayJunJulAu'

2018-05-09 16:14:19 - [TEST_STEP][PASSED] - click: Object: 'Object Repository/MOH AND GRN/Page_KDMC - CMS/a_12' is clicked on

2018-05-09 16:14:19 - [MESSAGE][PASSED] - Object: 'Object Repository/MOH AND GRN/Page_KDMC - CMS/a_12' is clicked on

2018-05-09 16:14:19 - [TEST_STEP][PASSED] - click: Object: 'Object Repository/MOH AND GRN/Page_KDMC - CMS/input_btnadd' is clicked on

2018-05-09 16:14:19 - [MESSAGE][PASSED] - Object: 'Object Repository/MOH AND GRN/Page_KDMC - CMS/input_btnadd' is clicked on

2018-05-09 16:14:19 - [TEST_STEP][PASSED] - Statement - If (s == 10): null

2018-05-09 16:14:19 - [TEST_STEP][PASSED] - Statement - Else: null

2018-05-09 16:14:19 - [TEST_STEP][PASSED] - Statement - (s++): null

2018-05-09 16:14:19 - [TEST_STEP][PASSED] - delay: Delayed 1 second(s)

2018-05-09 16:14:20 - [MESSAGE][PASSED] - Delayed 1 second(s)

2018-05-09 16:14:20 - [TEST_STEP][PASSED] - selectOptionByIndex: All options with index in [8] are selected on object 'Object Repository/MOH AND GRN/Page_KDMC - CMS/select_--Select--Amikacin -500'

2018-05-09 16:14:20 - [MESSAGE][PASSED] - All options with index in [8] are selected on object 'Object Repository/MOH AND GRN/Page_KDMC - CMS/select_--Select--Amikacin -500'

2018-05-09 16:14:20 - [TEST_STEP][PASSED] - setText: Text '5000' is set on object 'Object Repository/MOH AND GRN/Page_KDMC - CMS/input_txtqty'

2018-05-09 16:14:20 - [MESSAGE][PASSED] - Text '5000' is set on object 'Object Repository/MOH AND GRN/Page_KDMC - CMS/input_txtqty'

2018-05-09 16:14:20 - [TEST_STEP][PASSED] - selectOptionByIndex: All options with index in [1] are selected on object 'Object Repository/MOH AND GRN/Page_KDMC - CMS/select_--Select--No Tax0'

2018-05-09 16:14:20 - [MESSAGE][PASSED] - All options with index in [1] are selected on object 'Object Repository/MOH AND GRN/Page_KDMC - CMS/select_--Select--No Tax0'

2018-05-09 16:14:20 - [TEST_STEP][PASSED] - setText: Finding Test Object with id 'Object Repository/MOH AND GRN/Page_KDMC - CMS/input_txtmrp'

2018-05-09 16:14:20 - [TEST_STEP][PASSED] - Statement - switch (id): Finding Test Object with id 'Object Repository/MOH AND GRN/Page_KDMC - CMS/input_txtdeal'

2018-05-09 16:14:20 - [TEST_STEP][PASSED] - Statement - case 4:: Text '40.0' is set on object 'Object Repository/MOH AND GRN/Page_KDMC - CMS/input_txtmrp'

2018-05-09 16:14:20 - [TEST_STEP][PASSED] - Statement - return (java.lang.Math.floor((java.lang.Math.random() * ((max - min) + 1))) + min): Text '40.0' is set on object 'Object Repository/MOH AND GRN/Page_KDMC - CMS/input_txtmrp'

2018-05-09 16:14:20 - [MESSAGE][PASSED] - Text '40.0' is set on object 'Object Repository/MOH AND GRN/Page_KDMC - CMS/input_txtmrp'

2018-05-09 16:14:20 - [TEST_STEP][PASSED] - setText: Finding Test Object with id 'Object Repository/MOH AND GRN/Page_KDMC - CMS/input_txtdeal'

2018-05-09 16:14:20 - [TEST_STEP][PASSED] - Statement - switch (id): Finding Test Object with id 'Object Repository/MOH AND GRN/Page_KDMC - CMS/input_txtbatchno'

2018-05-09 16:14:20 - [TEST_STEP][PASSED] - Statement - case 5:: Text '3.0' is set on object 'Object Repository/MOH AND GRN/Page_KDMC - CMS/input_txtdeal'

2018-05-09 16:14:20 - [TEST_STEP][PASSED] - Statement - return (java.lang.Math.floor((java.lang.Math.random() * ((max - min) + 1))) + min): Text '3.0' is set on object 'Object Repository/MOH AND GRN/Page_KDMC - CMS/input_txtdeal'

2018-05-09 16:14:21 - [MESSAGE][PASSED] - Text '3.0' is set on object 'Object Repository/MOH AND GRN/Page_KDMC - CMS/input_txtdeal'

2018-05-09 16:14:21 - [TEST_STEP][PASSED] - setText: Finding Test Object with id 'Object Repository/MOH AND GRN/Page_KDMC - CMS/input_txtbatchno'

2018-05-09 16:14:21 - [TEST_STEP][PASSED] - Statement - switch (id): Finding Test Object with id 'Object Repository/MOH AND GRN/Page_KDMC - CMS/input_txtmrp'

2018-05-09 16:14:21 - [TEST_STEP][PASSED] - Statement - case 1:: Text 'BA400.0' is set on object 'Object Repository/MOH AND GRN/Page_KDMC - CMS/input_txtbatchno'

2018-05-09 16:14:21 - [TEST_STEP][PASSED] - Statement - return (java.lang.Math.floor((java.lang.Math.random() * ((max - min) + 1))) + min): Text 'BA400.0' is set on object 'Object Repository/MOH AND GRN/Page_KDMC - CMS/input_txtbatchno'

2018-05-09 16:14:21 - [MESSAGE][PASSED] - Text 'BA400.0' is set on object 'Object Repository/MOH AND GRN/Page_KDMC - CMS/input_txtbatchno'

2018-05-09 16:14:21 - [TEST_STEP][PASSED] - rightClick: Object: 'Object Repository/GRN/Page_KDMC - CMS/input_txtexpdate' is right clicked on

2018-05-09 16:14:21 - [MESSAGE][PASSED] - Object: 'Object Repository/GRN/Page_KDMC - CMS/input_txtexpdate' is right clicked on

2018-05-09 16:14:21 - [TEST_STEP][PASSED] - selectOptionByIndex: All options with index in [8] are selected on object 'Object Repository/GRN/Page_KDMC - CMS/select_20182019202020212022202'

2018-05-09 16:14:21 - [MESSAGE][PASSED] - All options with index in [8] are selected on object 'Object Repository/GRN/Page_KDMC - CMS/select_20182019202020212022202'

2018-05-09 16:14:21 - [TEST_STEP][PASSED] - selectOptionByIndex: All options with index in [8] are selected on object 'Object Repository/GRN/Page_KDMC - CMS/select_JanFebMarAprMayJunJulAu'

2018-05-09 16:14:21 - [MESSAGE][PASSED] - All options with index in [8] are selected on object 'Object Repository/GRN/Page_KDMC - CMS/select_JanFebMarAprMayJunJulAu'

2018-05-09 16:14:21 - [TEST_STEP][PASSED] - click: Object: 'Object Repository/MOH AND GRN/Page_KDMC - CMS/a_12' is clicked on

2018-05-09 16:14:21 - [MESSAGE][PASSED] - Object: 'Object Repository/MOH AND GRN/Page_KDMC - CMS/a_12' is clicked on

2018-05-09 16:14:21 - [TEST_STEP][PASSED] - click: Object: 'Object Repository/MOH AND GRN/Page_KDMC - CMS/input_btnadd' is clicked on

2018-05-09 16:14:21 - [MESSAGE][PASSED] - Object: 'Object Repository/MOH AND GRN/Page_KDMC - CMS/input_btnadd' is clicked on

2018-05-09 16:14:21 - [TEST_STEP][PASSED] - Statement - If (s == 10): null

2018-05-09 16:14:21 - [TEST_STEP][PASSED] - Statement - Else: null

2018-05-09 16:14:21 - [TEST_STEP][PASSED] - Statement - (s++): null

2018-05-09 16:14:21 - [TEST_STEP][PASSED] - delay: Delayed 1 second(s)

2018-05-09 16:14:22 - [MESSAGE][PASSED] - Delayed 1 second(s)

2018-05-09 16:14:22 - [TEST_STEP][PASSED] - selectOptionByIndex: All options with index in [9] are selected on object 'Object Repository/MOH AND GRN/Page_KDMC - CMS/select_--Select--Amikacin -500'

2018-05-09 16:14:23 - [MESSAGE][PASSED] - All options with index in [9] are selected on object 'Object Repository/MOH AND GRN/Page_KDMC - CMS/select_--Select--Amikacin -500'

2018-05-09 16:14:23 - [TEST_STEP][PASSED] - setText: Text '5000' is set on object 'Object Repository/MOH AND GRN/Page_KDMC - CMS/input_txtqty'

2018-05-09 16:14:23 - [MESSAGE][PASSED] - Text '5000' is set on object 'Object Repository/MOH AND GRN/Page_KDMC - CMS/input_txtqty'

2018-05-09 16:14:23 - [TEST_STEP][PASSED] - selectOptionByIndex: All options with index in [1] are selected on object 'Object Repository/MOH AND GRN/Page_KDMC - CMS/select_--Select--No Tax0'

2018-05-09 16:14:23 - [MESSAGE][PASSED] - All options with index in [1] are selected on object 'Object Repository/MOH AND GRN/Page_KDMC - CMS/select_--Select--No Tax0'

2018-05-09 16:14:23 - [TEST_STEP][PASSED] - setText: Finding Test Object with id 'Object Repository/MOH AND GRN/Page_KDMC - CMS/input_txtmrp'

2018-05-09 16:14:23 - [TEST_STEP][PASSED] - Statement - switch (id): Finding Test Object with id 'Object Repository/MOH AND GRN/Page_KDMC - CMS/input_txtdeal'

2018-05-09 16:14:23 - [TEST_STEP][PASSED] - Statement - case 4:: Text '29.0' is set on object 'Object Repository/MOH AND GRN/Page_KDMC - CMS/input_txtmrp'

2018-05-09 16:14:23 - [TEST_STEP][PASSED] - Statement - return (java.lang.Math.floor((java.lang.Math.random() * ((max - min) + 1))) + min): Text '29.0' is set on object 'Object Repository/MOH AND GRN/Page_KDMC - CMS/input_txtmrp'

2018-05-09 16:14:23 - [MESSAGE][PASSED] - Text '29.0' is set on object 'Object Repository/MOH AND GRN/Page_KDMC - CMS/input_txtmrp'

2018-05-09 16:14:23 - [TEST_STEP][PASSED] - setText: Finding Test Object with id 'Object Repository/MOH AND GRN/Page_KDMC - CMS/input_txtdeal'

2018-05-09 16:14:23 - [TEST_STEP][PASSED] - Statement - switch (id): Finding Test Object with id 'Object Repository/MOH AND GRN/Page_KDMC - CMS/input_txtbatchno'

2018-05-09 16:14:23 - [TEST_STEP][PASSED] - Statement - case 5:: Text '10.0' is set on object 'Object Repository/MOH AND GRN/Page_KDMC - CMS/input_txtdeal'

2018-05-09 16:14:23 - [TEST_STEP][PASSED] - Statement - return (java.lang.Math.floor((java.lang.Math.random() * ((max - min) + 1))) + min): Text '10.0' is set on object 'Object Repository/MOH AND GRN/Page_KDMC - CMS/input_txtdeal'

2018-05-09 16:14:23 - [MESSAGE][PASSED] - Text '10.0' is set on object 'Object Repository/MOH AND GRN/Page_KDMC - CMS/input_txtdeal'

2018-05-09 16:14:23 - [TEST_STEP][PASSED] - setText: Finding Test Object with id 'Object Repository/MOH AND GRN/Page_KDMC - CMS/input_txtbatchno'

2018-05-09 16:14:23 - [TEST_STEP][PASSED] - Statement - switch (id): Finding Test Object with id 'Object Repository/MOH AND GRN/Page_KDMC - CMS/input_txtmrp'

2018-05-09 16:14:23 - [TEST_STEP][PASSED] - Statement - case 1:: Text 'BA533.0' is set on object 'Object Repository/MOH AND GRN/Page_KDMC - CMS/input_txtbatchno'

2018-05-09 16:14:23 - [TEST_STEP][PASSED] - Statement - return (java.lang.Math.floor((java.lang.Math.random() * ((max - min) + 1))) + min): Text 'BA533.0' is set on object 'Object Repository/MOH AND GRN/Page_KDMC - CMS/input_txtbatchno'

2018-05-09 16:14:23 - [MESSAGE][PASSED] - Text 'BA533.0' is set on object 'Object Repository/MOH AND GRN/Page_KDMC - CMS/input_txtbatchno'

2018-05-09 16:14:23 - [TEST_STEP][PASSED] - rightClick: Object: 'Object Repository/GRN/Page_KDMC - CMS/input_txtexpdate' is right clicked on

2018-05-09 16:14:23 - [MESSAGE][PASSED] - Object: 'Object Repository/GRN/Page_KDMC - CMS/input_txtexpdate' is right clicked on

2018-05-09 16:14:23 - [TEST_STEP][PASSED] - selectOptionByIndex: All options with index in [9] are selected on object 'Object Repository/GRN/Page_KDMC - CMS/select_20182019202020212022202'

2018-05-09 16:14:23 - [MESSAGE][PASSED] - All options with index in [9] are selected on object 'Object Repository/GRN/Page_KDMC - CMS/select_20182019202020212022202'

2018-05-09 16:14:23 - [TEST_STEP][PASSED] - selectOptionByIndex: All options with index in [9] are selected on object 'Object Repository/GRN/Page_KDMC - CMS/select_JanFebMarAprMayJunJulAu'

2018-05-09 16:14:24 - [MESSAGE][PASSED] - All options with index in [9] are selected on object 'Object Repository/GRN/Page_KDMC - CMS/select_JanFebMarAprMayJunJulAu'

2018-05-09 16:14:24 - [TEST_STEP][PASSED] - click: Object: 'Object Repository/MOH AND GRN/Page_KDMC - CMS/a_12' is clicked on

2018-05-09 16:14:24 - [MESSAGE][PASSED] - Object: 'Object Repository/MOH AND GRN/Page_KDMC - CMS/a_12' is clicked on

2018-05-09 16:14:24 - [TEST_STEP][PASSED] - click: Object: 'Object Repository/MOH AND GRN/Page_KDMC - CMS/input_btnadd' is clicked on

2018-05-09 16:14:24 - [MESSAGE][PASSED] - Object: 'Object Repository/MOH AND GRN/Page_KDMC - CMS/input_btnadd' is clicked on

2018-05-09 16:14:24 - [TEST_STEP][PASSED] - Statement - If (s == 10): null

2018-05-09 16:14:24 - [TEST_STEP][PASSED] - Statement - Else: null

2018-05-09 16:14:24 - [TEST_STEP][PASSED] - Statement - (s++): null

2018-05-09 16:14:24 - [TEST_STEP][PASSED] - delay: Delayed 1 second(s)

2018-05-09 16:14:25 - [MESSAGE][PASSED] - Delayed 1 second(s)

2018-05-09 16:14:25 - [TEST_STEP][PASSED] - selectOptionByIndex: All options with index in [10] are selected on object 'Object Repository/MOH AND GRN/Page_KDMC - CMS/select_--Select--Amikacin -500'

2018-05-09 16:14:25 - [MESSAGE][PASSED] - All options with index in [10] are selected on object 'Object Repository/MOH AND GRN/Page_KDMC - CMS/select_--Select--Amikacin -500'

2018-05-09 16:14:25 - [TEST_STEP][PASSED] - setText: Text '5000' is set on object 'Object Repository/MOH AND GRN/Page_KDMC - CMS/input_txtqty'

2018-05-09 16:14:25 - [MESSAGE][PASSED] - Text '5000' is set on object 'Object Repository/MOH AND GRN/Page_KDMC - CMS/input_txtqty'

2018-05-09 16:14:25 - [TEST_STEP][PASSED] - selectOptionByIndex: All options with index in [1] are selected on object 'Object Repository/MOH AND GRN/Page_KDMC - CMS/select_--Select--No Tax0'

2018-05-09 16:14:25 - [MESSAGE][PASSED] - All options with index in [1] are selected on object 'Object Repository/MOH AND GRN/Page_KDMC - CMS/select_--Select--No Tax0'

2018-05-09 16:14:25 - [TEST_STEP][PASSED] - setText: Finding Test Object with id 'Object Repository/MOH AND GRN/Page_KDMC - CMS/input_txtmrp'

2018-05-09 16:14:25 - [TEST_STEP][PASSED] - Statement - switch (id): Finding Test Object with id 'Object Repository/MOH AND GRN/Page_KDMC - CMS/input_txtdeal'

2018-05-09 16:14:25 - [TEST_STEP][PASSED] - Statement - case 4:: Text '25.0' is set on object 'Object Repository/MOH AND GRN/Page_KDMC - CMS/input_txtmrp'

2018-05-09 16:14:25 - [TEST_STEP][PASSED] - Statement - return (java.lang.Math.floor((java.lang.Math.random() * ((max - min) + 1))) + min): Text '25.0' is set on object 'Object Repository/MOH AND GRN/Page_KDMC - CMS/input_txtmrp'

2018-05-09 16:14:25 - [MESSAGE][PASSED] - Text '25.0' is set on object 'Object Repository/MOH AND GRN/Page_KDMC - CMS/input_txtmrp'

2018-05-09 16:14:25 - [TEST_STEP][PASSED] - setText: Finding Test Object with id 'Object Repository/MOH AND GRN/Page_KDMC - CMS/input_txtdeal'

2018-05-09 16:14:25 - [TEST_STEP][PASSED] - Statement - switch (id): Finding Test Object with id 'Object Repository/MOH AND GRN/Page_KDMC - CMS/input_txtbatchno'

2018-05-09 16:14:25 - [TEST_STEP][PASSED] - Statement - case 5:: Text '2.0' is set on object 'Object Repository/MOH AND GRN/Page_KDMC - CMS/input_txtdeal'

2018-05-09 16:14:25 - [TEST_STEP][PASSED] - Statement - return (java.lang.Math.floor((java.lang.Math.random() * ((max - min) + 1))) + min): Text '2.0' is set on object 'Object Repository/MOH AND GRN/Page_KDMC - CMS/input_txtdeal'

2018-05-09 16:14:25 - [MESSAGE][PASSED] - Text '2.0' is set on object 'Object Repository/MOH AND GRN/Page_KDMC - CMS/input_txtdeal'

2018-05-09 16:14:25 - [TEST_STEP][PASSED] - setText: Finding Test Object with id 'Object Repository/MOH AND GRN/Page_KDMC - CMS/input_txtbatchno'

2018-05-09 16:14:25 - [TEST_STEP][PASSED] - Statement - switch (id): Finding Test Object with id 'Object Repository/MOH AND GRN/Page_KDMC - CMS/input_txtmrp'

2018-05-09 16:14:25 - [TEST_STEP][PASSED] - Statement - case 1:: Text 'BA741.0' is set on object 'Object Repository/MOH AND GRN/Page_KDMC - CMS/input_txtbatchno'

2018-05-09 16:14:25 - [TEST_STEP][PASSED] - Statement - return (java.lang.Math.floor((java.lang.Math.random() * ((max - min) + 1))) + min): Text 'BA741.0' is set on object 'Object Repository/MOH AND GRN/Page_KDMC - CMS/input_txtbatchno'

2018-05-09 16:14:25 - [MESSAGE][PASSED] - Text 'BA741.0' is set on object 'Object Repository/MOH AND GRN/Page_KDMC - CMS/input_txtbatchno'

2018-05-09 16:14:25 - [TEST_STEP][PASSED] - rightClick: Object: 'Object Repository/GRN/Page_KDMC - CMS/input_txtexpdate' is right clicked on

2018-05-09 16:14:26 - [MESSAGE][PASSED] - Object: 'Object Repository/GRN/Page_KDMC - CMS/input_txtexpdate' is right clicked on

2018-05-09 16:14:26 - [TEST_STEP][PASSED] - selectOptionByIndex: All options with index in [10] are selected on object 'Object Repository/GRN/Page_KDMC - CMS/select_20182019202020212022202'

2018-05-09 16:14:26 - [MESSAGE][PASSED] - All options with index in [10] are selected on object 'Object Repository/GRN/Page_KDMC - CMS/select_20182019202020212022202'

2018-05-09 16:14:26 - [TEST_STEP][PASSED] - selectOptionByIndex: All options with index in [10] are selected on object 'Object Repository/GRN/Page_KDMC - CMS/select_JanFebMarAprMayJunJulAu'

2018-05-09 16:14:26 - [MESSAGE][PASSED] - All options with index in [10] are selected on object 'Object Repository/GRN/Page_KDMC - CMS/select_JanFebMarAprMayJunJulAu'

2018-05-09 16:14:26 - [TEST_STEP][PASSED] - click: Object: 'Object Repository/MOH AND GRN/Page_KDMC - CMS/a_12' is clicked on

2018-05-09 16:14:26 - [MESSAGE][PASSED] - Object: 'Object Repository/MOH AND GRN/Page_KDMC - CMS/a_12' is clicked on

2018-05-09 16:14:26 - [TEST_STEP][PASSED] - click: Object: 'Object Repository/MOH AND GRN/Page_KDMC - CMS/input_btnadd' is clicked on

2018-05-09 16:14:26 - [MESSAGE][PASSED] - Object: 'Object Repository/MOH AND GRN/Page_KDMC - CMS/input_btnadd' is clicked on

2018-05-09 16:14:26 - [TEST_STEP][PASSED] - Statement - If (s == 10): null

2018-05-09 16:14:26 - [TEST_STEP][PASSED] - Statement - s = 1: null

2018-05-09 16:14:26 - [TEST_STEP][PASSED] - delay: Delayed 1 second(s)

2018-05-09 16:14:27 - [MESSAGE][PASSED] - Delayed 1 second(s)

2018-05-09 16:14:27 - [TEST_STEP][PASSED] - selectOptionByIndex: All options with index in [11] are selected on object 'Object Repository/MOH AND GRN/Page_KDMC - CMS/select_--Select--Amikacin -500'

2018-05-09 16:14:27 - [MESSAGE][PASSED] - All options with index in [11] are selected on object 'Object Repository/MOH AND GRN/Page_KDMC - CMS/select_--Select--Amikacin -500'

2018-05-09 16:14:27 - [TEST_STEP][PASSED] - setText: Text '5000' is set on object 'Object Repository/MOH AND GRN/Page_KDMC - CMS/input_txtqty'

2018-05-09 16:14:27 - [MESSAGE][PASSED] - Text '5000' is set on object 'Object Repository/MOH AND GRN/Page_KDMC - CMS/input_txtqty'

2018-05-09 16:14:27 - [TEST_STEP][PASSED] - selectOptionByIndex: All options with index in [1] are selected on object 'Object Repository/MOH AND GRN/Page_KDMC - CMS/select_--Select--No Tax0'

2018-05-09 16:14:28 - [MESSAGE][PASSED] - All options with index in [1] are selected on object 'Object Repository/MOH AND GRN/Page_KDMC - CMS/select_--Select--No Tax0'

2018-05-09 16:14:28 - [TEST_STEP][PASSED] - setText: Finding Test Object with id 'Object Repository/MOH AND GRN/Page_KDMC - CMS/input_txtmrp'

2018-05-09 16:14:28 - [TEST_STEP][PASSED] - Statement - switch (id): Finding Test Object with id 'Object Repository/MOH AND GRN/Page_KDMC - CMS/input_txtdeal'

2018-05-09 16:14:28 - [TEST_STEP][PASSED] - Statement - case 4:: Text '37.0' is set on object 'Object Repository/MOH AND GRN/Page_KDMC - CMS/input_txtmrp'

2018-05-09 16:14:28 - [TEST_STEP][PASSED] - Statement - return (java.lang.Math.floor((java.lang.Math.random() * ((max - min) + 1))) + min): Text '37.0' is set on object 'Object Repository/MOH AND GRN/Page_KDMC - CMS/input_txtmrp'

2018-05-09 16:14:28 - [MESSAGE][PASSED] - Text '37.0' is set on object 'Object Repository/MOH AND GRN/Page_KDMC - CMS/input_txtmrp'

2018-05-09 16:14:28 - [TEST_STEP][PASSED] - setText: Finding Test Object with id 'Object Repository/MOH AND GRN/Page_KDMC - CMS/input_txtdeal'

2018-05-09 16:14:28 - [TEST_STEP][PASSED] - Statement - switch (id): Finding Test Object with id 'Object Repository/MOH AND GRN/Page_KDMC - CMS/input_txtbatchno'

2018-05-09 16:14:28 - [TEST_STEP][PASSED] - Statement - case 5:: Text '2.0' is set on object 'Object Repository/MOH AND GRN/Page_KDMC - CMS/input_txtdeal'

2018-05-09 16:14:28 - [TEST_STEP][PASSED] - Statement - return (java.lang.Math.floor((java.lang.Math.random() * ((max - min) + 1))) + min): Text '2.0' is set on object 'Object Repository/MOH AND GRN/Page_KDMC - CMS/input_txtdeal'

2018-05-09 16:14:28 - [MESSAGE][PASSED] - Text '2.0' is set on object 'Object Repository/MOH AND GRN/Page_KDMC - CMS/input_txtdeal'

2018-05-09 16:14:28 - [TEST_STEP][PASSED] - setText: Finding Test Object with id 'Object Repository/MOH AND GRN/Page_KDMC - CMS/input_txtbatchno'

2018-05-09 16:14:28 - [TEST_STEP][PASSED] - Statement - switch (id): Finding Test Object with id 'Object Repository/MOH AND GRN/Page_KDMC - CMS/input_txtmrp'

2018-05-09 16:14:28 - [TEST_STEP][PASSED] - Statement - case 1:: Text 'BA857.0' is set on object 'Object Repository/MOH AND GRN/Page_KDMC - CMS/input_txtbatchno'

2018-05-09 16:14:28 - [TEST_STEP][PASSED] - Statement - return (java.lang.Math.floor((java.lang.Math.random() * ((max - min) + 1))) + min): Text 'BA857.0' is set on object 'Object Repository/MOH AND GRN/Page_KDMC - CMS/input_txtbatchno'

2018-05-09 16:14:28 - [MESSAGE][PASSED] - Text 'BA857.0' is set on object 'Object Repository/MOH AND GRN/Page_KDMC - CMS/input_txtbatchno'

2018-05-09 16:14:28 - [TEST_STEP][PASSED] - rightClick: Object: 'Object Repository/GRN/Page_KDMC - CMS/input_txtexpdate' is right clicked on

2018-05-09 16:14:28 - [MESSAGE][PASSED] - Object: 'Object Repository/GRN/Page_KDMC - CMS/input_txtexpdate' is right clicked on

2018-05-09 16:14:28 - [TEST_STEP][PASSED] - selectOptionByIndex: All options with index in [1] are selected on object 'Object Repository/GRN/Page_KDMC - CMS/select_20182019202020212022202'

2018-05-09 16:14:28 - [MESSAGE][PASSED] - All options with index in [1] are selected on object 'Object Repository/GRN/Page_KDMC - CMS/select_20182019202020212022202'

2018-05-09 16:14:28 - [TEST_STEP][PASSED] - selectOptionByIndex: All options with index in [1] are selected on object 'Object Repository/GRN/Page_KDMC - CMS/select_JanFebMarAprMayJunJulAu'

2018-05-09 16:14:28 - [MESSAGE][PASSED] - All options with index in [1] are selected on object 'Object Repository/GRN/Page_KDMC - CMS/select_JanFebMarAprMayJunJulAu'

2018-05-09 16:14:28 - [TEST_STEP][PASSED] - click: Object: 'Object Repository/MOH AND GRN/Page_KDMC - CMS/a_12' is clicked on

2018-05-09 16:14:28 - [MESSAGE][PASSED] - Object: 'Object Repository/MOH AND GRN/Page_KDMC - CMS/a_12' is clicked on

2018-05-09 16:14:28 - [TEST_STEP][PASSED] - click: Object: 'Object Repository/MOH AND GRN/Page_KDMC - CMS/input_btnadd' is clicked on

2018-05-09 16:14:28 - [MESSAGE][PASSED] - Object: 'Object Repository/MOH AND GRN/Page_KDMC - CMS/input_btnadd' is clicked on

2018-05-09 16:14:28 - [TEST_STEP][PASSED] - Statement - If (s == 10): null

2018-05-09 16:14:28 - [TEST_STEP][PASSED] - Statement - Else: null

2018-05-09 16:14:28 - [TEST_STEP][PASSED] - Statement - (s++): null

2018-05-09 16:14:28 - [TEST_STEP][PASSED] - delay: Delayed 1 second(s)

2018-05-09 16:14:29 - [MESSAGE][PASSED] - Delayed 1 second(s)

2018-05-09 16:14:29 - [TEST_STEP][PASSED] - selectOptionByIndex: All options with index in [12] are selected on object 'Object Repository/MOH AND GRN/Page_KDMC - CMS/select_--Select--Amikacin -500'

2018-05-09 16:14:30 - [MESSAGE][PASSED] - All options with index in [12] are selected on object 'Object Repository/MOH AND GRN/Page_KDMC - CMS/select_--Select--Amikacin -500'

2018-05-09 16:14:30 - [TEST_STEP][PASSED] - setText: Text '5000' is set on object 'Object Repository/MOH AND GRN/Page_KDMC - CMS/input_txtqty'

2018-05-09 16:14:30 - [MESSAGE][PASSED] - Text '5000' is set on object 'Object Repository/MOH AND GRN/Page_KDMC - CMS/input_txtqty'

2018-05-09 16:14:30 - [TEST_STEP][PASSED] - selectOptionByIndex: All options with index in [1] are selected on object 'Object Repository/MOH AND GRN/Page_KDMC - CMS/select_--Select--No Tax0'

2018-05-09 16:14:30 - [MESSAGE][PASSED] - All options with index in [1] are selected on object 'Object Repository/MOH AND GRN/Page_KDMC - CMS/select_--Select--No Tax0'

2018-05-09 16:14:30 - [TEST_STEP][PASSED] - setText: Finding Test Object with id 'Object Repository/MOH AND GRN/Page_KDMC - CMS/input_txtmrp'

2018-05-09 16:14:30 - [TEST_STEP][PASSED] - Statement - switch (id): Finding Test Object with id 'Object Repository/MOH AND GRN/Page_KDMC - CMS/input_txtdeal'

2018-05-09 16:14:30 - [TEST_STEP][PASSED] - Statement - case 4:: Text '27.0' is set on object 'Object Repository/MOH AND GRN/Page_KDMC - CMS/input_txtmrp'

2018-05-09 16:14:30 - [TEST_STEP][PASSED] - Statement - return (java.lang.Math.floor((java.lang.Math.random() * ((max - min) + 1))) + min): Text '27.0' is set on object 'Object Repository/MOH AND GRN/Page_KDMC - CMS/input_txtmrp'

2018-05-09 16:14:30 - [MESSAGE][PASSED] - Text '27.0' is set on object 'Object Repository/MOH AND GRN/Page_KDMC - CMS/input_txtmrp'

2018-05-09 16:14:30 - [TEST_STEP][PASSED] - setText: Finding Test Object with id 'Object Repository/MOH AND GRN/Page_KDMC - CMS/input_txtdeal'

2018-05-09 16:14:30 - [TEST_STEP][PASSED] - Statement - switch (id): Finding Test Object with id 'Object Repository/MOH AND GRN/Page_KDMC - CMS/input_txtbatchno'

2018-05-09 16:14:30 - [TEST_STEP][PASSED] - Statement - case 5:: Text '12.0' is set on object 'Object Repository/MOH AND GRN/Page_KDMC - CMS/input_txtdeal'

2018-05-09 16:14:30 - [TEST_STEP][PASSED] - Statement - return (java.lang.Math.floor((java.lang.Math.random() * ((max - min) + 1))) + min): Text '12.0' is set on object 'Object Repository/MOH AND GRN/Page_KDMC - CMS/input_txtdeal'

2018-05-09 16:14:30 - [MESSAGE][PASSED] - Text '12.0' is set on object 'Object Repository/MOH AND GRN/Page_KDMC - CMS/input_txtdeal'

2018-05-09 16:14:30 - [TEST_STEP][PASSED] - setText: Finding Test Object with id 'Object Repository/MOH AND GRN/Page_KDMC - CMS/input_txtbatchno'

2018-05-09 16:14:30 - [TEST_STEP][PASSED] - Statement - switch (id): Finding Test Object with id 'Object Repository/MOH AND GRN/Page_KDMC - CMS/input_txtmrp'

2018-05-09 16:14:30 - [TEST_STEP][PASSED] - Statement - case 1:: Text 'BA122.0' is set on object 'Object Repository/MOH AND GRN/Page_KDMC - CMS/input_txtbatchno'

2018-05-09 16:14:30 - [TEST_STEP][PASSED] - Statement - return (java.lang.Math.floor((java.lang.Math.random() * ((max - min) + 1))) + min): Text 'BA122.0' is set on object 'Object Repository/MOH AND GRN/Page_KDMC - CMS/input_txtbatchno'

2018-05-09 16:14:30 - [MESSAGE][PASSED] - Text 'BA122.0' is set on object 'Object Repository/MOH AND GRN/Page_KDMC - CMS/input_txtbatchno'

2018-05-09 16:14:30 - [TEST_STEP][PASSED] - rightClick: Object: 'Object Repository/GRN/Page_KDMC - CMS/input_txtexpdate' is right clicked on

2018-05-09 16:14:30 - [MESSAGE][PASSED] - Object: 'Object Repository/GRN/Page_KDMC - CMS/input_txtexpdate' is right clicked on

2018-05-09 16:14:30 - [TEST_STEP][PASSED] - selectOptionByIndex: All options with index in [2] are selected on object 'Object Repository/GRN/Page_KDMC - CMS/select_20182019202020212022202'

2018-05-09 16:14:30 - [MESSAGE][PASSED] - All options with index in [2] are selected on object 'Object Repository/GRN/Page_KDMC - CMS/select_20182019202020212022202'

2018-05-09 16:14:30 - [TEST_STEP][PASSED] - selectOptionByIndex: All options with index in [2] are selected on object 'Object Repository/GRN/Page_KDMC - CMS/select_JanFebMarAprMayJunJulAu'

2018-05-09 16:14:31 - [MESSAGE][PASSED] - All options with index in [2] are selected on object 'Object Repository/GRN/Page_KDMC - CMS/select_JanFebMarAprMayJunJulAu'

2018-05-09 16:14:31 - [TEST_STEP][PASSED] - click: Object: 'Object Repository/MOH AND GRN/Page_KDMC - CMS/a_12' is clicked on

2018-05-09 16:14:31 - [MESSAGE][PASSED] - Object: 'Object Repository/MOH AND GRN/Page_KDMC - CMS/a_12' is clicked on

2018-05-09 16:14:31 - [TEST_STEP][PASSED] - click: Object: 'Object Repository/MOH AND GRN/Page_KDMC - CMS/input_btnadd' is clicked on

2018-05-09 16:14:31 - [MESSAGE][PASSED] - Object: 'Object Repository/MOH AND GRN/Page_KDMC - CMS/input_btnadd' is clicked on

2018-05-09 16:14:31 - [TEST_STEP][PASSED] - Statement - If (s == 10): null

2018-05-09 16:14:31 - [TEST_STEP][PASSED] - Statement - Else: null

2018-05-09 16:14:31 - [TEST_STEP][PASSED] - Statement - (s++): null

2018-05-09 16:14:31 - [TEST_STEP][PASSED] - delay: Delayed 1 second(s)

2018-05-09 16:14:32 - [MESSAGE][PASSED] - Delayed 1 second(s)

2018-05-09 16:14:32 - [TEST_STEP][PASSED] - selectOptionByIndex: All options with index in [13] are selected on object 'Object Repository/MOH AND GRN/Page_KDMC - CMS/select_--Select--Amikacin -500'

2018-05-09 16:14:32 - [MESSAGE][PASSED] - All options with index in [13] are selected on object 'Object Repository/MOH AND GRN/Page_KDMC - CMS/select_--Select--Amikacin -500'

2018-05-09 16:14:32 - [TEST_STEP][PASSED] - setText: Text '5000' is set on object 'Object Repository/MOH AND GRN/Page_KDMC - CMS/input_txtqty'

2018-05-09 16:14:32 - [MESSAGE][PASSED] - Text '5000' is set on object 'Object Repository/MOH AND GRN/Page_KDMC - CMS/input_txtqty'

2018-05-09 16:14:32 - [TEST_STEP][PASSED] - selectOptionByIndex: All options with index in [1] are selected on object 'Object Repository/MOH AND GRN/Page_KDMC - CMS/select_--Select--No Tax0'

2018-05-09 16:14:32 - [MESSAGE][PASSED] - All options with index in [1] are selected on object 'Object Repository/MOH AND GRN/Page_KDMC - CMS/select_--Select--No Tax0'

2018-05-09 16:14:32 - [TEST_STEP][PASSED] - setText: Finding Test Object with id 'Object Repository/MOH AND GRN/Page_KDMC - CMS/input_txtmrp'

2018-05-09 16:14:32 - [TEST_STEP][PASSED] - Statement - switch (id): Finding Test Object with id 'Object Repository/MOH AND GRN/Page_KDMC - CMS/input_txtdeal'

2018-05-09 16:14:32 - [TEST_STEP][PASSED] - Statement - case 4:: Text '31.0' is set on object 'Object Repository/MOH AND GRN/Page_KDMC - CMS/input_txtmrp'

2018-05-09 16:14:32 - [TEST_STEP][PASSED] - Statement - return (java.lang.Math.floor((java.lang.Math.random() * ((max - min) + 1))) + min): Text '31.0' is set on object 'Object Repository/MOH AND GRN/Page_KDMC - CMS/input_txtmrp'

2018-05-09 16:14:32 - [MESSAGE][PASSED] - Text '31.0' is set on object 'Object Repository/MOH AND GRN/Page_KDMC - CMS/input_txtmrp'

2018-05-09 16:14:32 - [TEST_STEP][PASSED] - setText: Finding Test Object with id 'Object Repository/MOH AND GRN/Page_KDMC - CMS/input_txtdeal'

2018-05-09 16:14:32 - [TEST_STEP][PASSED] - Statement - switch (id): Finding Test Object with id 'Object Repository/MOH AND GRN/Page_KDMC - CMS/input_txtbatchno'

2018-05-09 16:14:32 - [TEST_STEP][PASSED] - Statement - case 5:: Text '11.0' is set on object 'Object Repository/MOH AND GRN/Page_KDMC - CMS/input_txtdeal'

2018-05-09 16:14:32 - [TEST_STEP][PASSED] - Statement - return (java.lang.Math.floor((java.lang.Math.random() * ((max - min) + 1))) + min): Text '11.0' is set on object 'Object Repository/MOH AND GRN/Page_KDMC - CMS/input_txtdeal'

2018-05-09 16:14:32 - [MESSAGE][PASSED] - Text '11.0' is set on object 'Object Repository/MOH AND GRN/Page_KDMC - CMS/input_txtdeal'

2018-05-09 16:14:32 - [TEST_STEP][PASSED] - setText: Finding Test Object with id 'Object Repository/MOH AND GRN/Page_KDMC - CMS/input_txtbatchno'

2018-05-09 16:14:32 - [TEST_STEP][PASSED] - Statement - switch (id): Finding Test Object with id 'Object Repository/MOH AND GRN/Page_KDMC - CMS/input_txtmrp'

2018-05-09 16:14:32 - [TEST_STEP][PASSED] - Statement - case 1:: Text 'BA542.0' is set on object 'Object Repository/MOH AND GRN/Page_KDMC - CMS/input_txtbatchno'

2018-05-09 16:14:32 - [TEST_STEP][PASSED] - Statement - return (java.lang.Math.floor((java.lang.Math.random() * ((max - min) + 1))) + min): Text 'BA542.0' is set on object 'Object Repository/MOH AND GRN/Page_KDMC - CMS/input_txtbatchno'

2018-05-09 16:14:32 - [MESSAGE][PASSED] - Text 'BA542.0' is set on object 'Object Repository/MOH AND GRN/Page_KDMC - CMS/input_txtbatchno'

2018-05-09 16:14:32 - [TEST_STEP][PASSED] - rightClick: Object: 'Object Repository/GRN/Page_KDMC - CMS/input_txtexpdate' is right clicked on

2018-05-09 16:14:32 - [MESSAGE][PASSED] - Object: 'Object Repository/GRN/Page_KDMC - CMS/input_txtexpdate' is right clicked on

2018-05-09 16:14:32 - [TEST_STEP][PASSED] - selectOptionByIndex: All options with index in [3] are selected on object 'Object Repository/GRN/Page_KDMC - CMS/select_20182019202020212022202'

2018-05-09 16:14:33 - [MESSAGE][PASSED] - All options with index in [3] are selected on object 'Object Repository/GRN/Page_KDMC - CMS/select_20182019202020212022202'

2018-05-09 16:14:33 - [TEST_STEP][PASSED] - selectOptionByIndex: All options with index in [3] are selected on object 'Object Repository/GRN/Page_KDMC - CMS/select_JanFebMarAprMayJunJulAu'

2018-05-09 16:14:33 - [MESSAGE][PASSED] - All options with index in [3] are selected on object 'Object Repository/GRN/Page_KDMC - CMS/select_JanFebMarAprMayJunJulAu'

2018-05-09 16:14:33 - [TEST_STEP][PASSED] - click: Object: 'Object Repository/MOH AND GRN/Page_KDMC - CMS/a_12' is clicked on

2018-05-09 16:14:33 - [MESSAGE][PASSED] - Object: 'Object Repository/MOH AND GRN/Page_KDMC - CMS/a_12' is clicked on

2018-05-09 16:14:33 - [TEST_STEP][PASSED] - click: Object: 'Object Repository/MOH AND GRN/Page_KDMC - CMS/input_btnadd' is clicked on

2018-05-09 16:14:33 - [MESSAGE][PASSED] - Object: 'Object Repository/MOH AND GRN/Page_KDMC - CMS/input_btnadd' is clicked on

2018-05-09 16:14:33 - [TEST_STEP][PASSED] - Statement - If (s == 10): null

2018-05-09 16:14:33 - [TEST_STEP][PASSED] - Statement - Else: null

2018-05-09 16:14:33 - [TEST_STEP][PASSED] - Statement - (s++): null

2018-05-09 16:14:33 - [TEST_STEP][PASSED] - delay: Delayed 1 second(s)

2018-05-09 16:14:34 - [MESSAGE][PASSED] - Delayed 1 second(s)

2018-05-09 16:14:34 - [TEST_STEP][PASSED] - selectOptionByIndex: All options with index in [14] are selected on object 'Object Repository/MOH AND GRN/Page_KDMC - CMS/select_--Select--Amikacin -500'

2018-05-09 16:14:34 - [MESSAGE][PASSED] - All options with index in [14] are selected on object 'Object Repository/MOH AND GRN/Page_KDMC - CMS/select_--Select--Amikacin -500'

2018-05-09 16:14:34 - [TEST_STEP][PASSED] - setText: Text '5000' is set on object 'Object Repository/MOH AND GRN/Page_KDMC - CMS/input_txtqty'

2018-05-09 16:14:34 - [MESSAGE][PASSED] - Text '5000' is set on object 'Object Repository/MOH AND GRN/Page_KDMC - CMS/input_txtqty'

2018-05-09 16:14:34 - [TEST_STEP][PASSED] - selectOptionByIndex: All options with index in [1] are selected on object 'Object Repository/MOH AND GRN/Page_KDMC - CMS/select_--Select--No Tax0'

2018-05-09 16:14:34 - [MESSAGE][PASSED] - All options with index in [1] are selected on object 'Object Repository/MOH AND GRN/Page_KDMC - CMS/select_--Select--No Tax0'

2018-05-09 16:14:34 - [TEST_STEP][PASSED] - setText: Finding Test Object with id 'Object Repository/MOH AND GRN/Page_KDMC - CMS/input_txtmrp'

2018-05-09 16:14:34 - [TEST_STEP][PASSED] - Statement - switch (id): Finding Test Object with id 'Object Repository/MOH AND GRN/Page_KDMC - CMS/input_txtdeal'

2018-05-09 16:14:34 - [TEST_STEP][PASSED] - Statement - case 4:: Text '26.0' is set on object 'Object Repository/MOH AND GRN/Page_KDMC - CMS/input_txtmrp'

2018-05-09 16:14:34 - [TEST_STEP][PASSED] - Statement - return (java.lang.Math.floor((java.lang.Math.random() * ((max - min) + 1))) + min): Text '26.0' is set on object 'Object Repository/MOH AND GRN/Page_KDMC - CMS/input_txtmrp'

2018-05-09 16:14:34 - [MESSAGE][PASSED] - Text '26.0' is set on object 'Object Repository/MOH AND GRN/Page_KDMC - CMS/input_txtmrp'

2018-05-09 16:14:34 - [TEST_STEP][PASSED] - setText: Finding Test Object with id 'Object Repository/MOH AND GRN/Page_KDMC - CMS/input_txtdeal'

2018-05-09 16:14:34 - [TEST_STEP][PASSED] - Statement - switch (id): Finding Test Object with id 'Object Repository/MOH AND GRN/Page_KDMC - CMS/input_txtbatchno'

2018-05-09 16:14:34 - [TEST_STEP][PASSED] - Statement - case 5:: Text '8.0' is set on object 'Object Repository/MOH AND GRN/Page_KDMC - CMS/input_txtdeal'

2018-05-09 16:14:34 - [TEST_STEP][PASSED] - Statement - return (java.lang.Math.floor((java.lang.Math.random() * ((max - min) + 1))) + min): Text '8.0' is set on object 'Object Repository/MOH AND GRN/Page_KDMC - CMS/input_txtdeal'

2018-05-09 16:14:35 - [MESSAGE][PASSED] - Text '8.0' is set on object 'Object Repository/MOH AND GRN/Page_KDMC - CMS/input_txtdeal'

2018-05-09 16:14:35 - [TEST_STEP][PASSED] - setText: Finding Test Object with id 'Object Repository/MOH AND GRN/Page_KDMC - CMS/input_txtbatchno'

2018-05-09 16:14:35 - [TEST_STEP][PASSED] - Statement - switch (id): Finding Test Object with id 'Object Repository/MOH AND GRN/Page_KDMC - CMS/input_txtmrp'

2018-05-09 16:14:35 - [TEST_STEP][PASSED] - Statement - case 1:: Text 'BA415.0' is set on object 'Object Repository/MOH AND GRN/Page_KDMC - CMS/input_txtbatchno'

2018-05-09 16:14:35 - [TEST_STEP][PASSED] - Statement - return (java.lang.Math.floor((java.lang.Math.random() * ((max - min) + 1))) + min): Text 'BA415.0' is set on object 'Object Repository/MOH AND GRN/Page_KDMC - CMS/input_txtbatchno'

2018-05-09 16:14:35 - [MESSAGE][PASSED] - Text 'BA415.0' is set on object 'Object Repository/MOH AND GRN/Page_KDMC - CMS/input_txtbatchno'

2018-05-09 16:14:35 - [TEST_STEP][PASSED] - rightClick: Object: 'Object Repository/GRN/Page_KDMC - CMS/input_txtexpdate' is right clicked on

2018-05-09 16:14:35 - [MESSAGE][PASSED] - Object: 'Object Repository/GRN/Page_KDMC - CMS/input_txtexpdate' is right clicked on

2018-05-09 16:14:35 - [TEST_STEP][PASSED] - selectOptionByIndex: All options with index in [4] are selected on object 'Object Repository/GRN/Page_KDMC - CMS/select_20182019202020212022202'

2018-05-09 16:14:35 - [MESSAGE][PASSED] - All options with index in [4] are selected on object 'Object Repository/GRN/Page_KDMC - CMS/select_20182019202020212022202'

2018-05-09 16:14:35 - [TEST_STEP][PASSED] - selectOptionByIndex: All options with index in [4] are selected on object 'Object Repository/GRN/Page_KDMC - CMS/select_JanFebMarAprMayJunJulAu'

2018-05-09 16:14:35 - [MESSAGE][PASSED] - All options with index in [4] are selected on object 'Object Repository/GRN/Page_KDMC - CMS/select_JanFebMarAprMayJunJulAu'

2018-05-09 16:14:35 - [TEST_STEP][PASSED] - click: Object: 'Object Repository/MOH AND GRN/Page_KDMC - CMS/a_12' is clicked on

2018-05-09 16:14:35 - [MESSAGE][PASSED] - Object: 'Object Repository/MOH AND GRN/Page_KDMC - CMS/a_12' is clicked on

2018-05-09 16:14:35 - [TEST_STEP][PASSED] - click: Object: 'Object Repository/MOH AND GRN/Page_KDMC - CMS/input_btnadd' is clicked on

2018-05-09 16:14:35 - [MESSAGE][PASSED] - Object: 'Object Repository/MOH AND GRN/Page_KDMC - CMS/input_btnadd' is clicked on

2018-05-09 16:14:35 - [TEST_STEP][PASSED] - Statement - If (s == 10): null

2018-05-09 16:14:35 - [TEST_STEP][PASSED] - Statement - Else: null

2018-05-09 16:14:35 - [TEST_STEP][PASSED] - Statement - (s++): null

2018-05-09 16:14:35 - [TEST_STEP][PASSED] - delay: Delayed 1 second(s)

2018-05-09 16:14:36 - [MESSAGE][PASSED] - Delayed 1 second(s)

2018-05-09 16:14:36 - [TEST_STEP][PASSED] - selectOptionByIndex: All options with index in [15] are selected on object 'Object Repository/MOH AND GRN/Page_KDMC - CMS/select_--Select--Amikacin -500'

2018-05-09 16:14:36 - [MESSAGE][PASSED] - All options with index in [15] are selected on object 'Object Repository/MOH AND GRN/Page_KDMC - CMS/select_--Select--Amikacin -500'

2018-05-09 16:14:36 - [TEST_STEP][PASSED] - setText: Text '5000' is set on object 'Object Repository/MOH AND GRN/Page_KDMC - CMS/input_txtqty'

2018-05-09 16:14:37 - [MESSAGE][PASSED] - Text '5000' is set on object 'Object Repository/MOH AND GRN/Page_KDMC - CMS/input_txtqty'

2018-05-09 16:14:37 - [TEST_STEP][PASSED] - selectOptionByIndex: All options with index in [1] are selected on object 'Object Repository/MOH AND GRN/Page_KDMC - CMS/select_--Select--No Tax0'

2018-05-09 16:14:37 - [MESSAGE][PASSED] - All options with index in [1] are selected on object 'Object Repository/MOH AND GRN/Page_KDMC - CMS/select_--Select--No Tax0'

2018-05-09 16:14:37 - [TEST_STEP][PASSED] - setText: Finding Test Object with id 'Object Repository/MOH AND GRN/Page_KDMC - CMS/input_txtmrp'

2018-05-09 16:14:37 - [TEST_STEP][PASSED] - Statement - switch (id): Finding Test Object with id 'Object Repository/MOH AND GRN/Page_KDMC - CMS/input_txtdeal'

2018-05-09 16:14:37 - [TEST_STEP][PASSED] - Statement - case 4:: Text '33.0' is set on object 'Object Repository/MOH AND GRN/Page_KDMC - CMS/input_txtmrp'

2018-05-09 16:14:37 - [TEST_STEP][PASSED] - Statement - return (java.lang.Math.floor((java.lang.Math.random() * ((max - min) + 1))) + min): Text '33.0' is set on object 'Object Repository/MOH AND GRN/Page_KDMC - CMS/input_txtmrp'

2018-05-09 16:14:37 - [MESSAGE][PASSED] - Text '33.0' is set on object 'Object Repository/MOH AND GRN/Page_KDMC - CMS/input_txtmrp'

2018-05-09 16:14:37 - [TEST_STEP][PASSED] - setText: Finding Test Object with id 'Object Repository/MOH AND GRN/Page_KDMC - CMS/input_txtdeal'

2018-05-09 16:14:37 - [TEST_STEP][PASSED] - Statement - switch (id): Finding Test Object with id 'Object Repository/MOH AND GRN/Page_KDMC - CMS/input_txtbatchno'

2018-05-09 16:14:37 - [TEST_STEP][PASSED] - Statement - case 5:: Text '7.0' is set on object 'Object Repository/MOH AND GRN/Page_KDMC - CMS/input_txtdeal'

2018-05-09 16:14:37 - [TEST_STEP][PASSED] - Statement - return (java.lang.Math.floor((java.lang.Math.random() * ((max - min) + 1))) + min): Text '7.0' is set on object 'Object Repository/MOH AND GRN/Page_KDMC - CMS/input_txtdeal'

2018-05-09 16:14:37 - [MESSAGE][PASSED] - Text '7.0' is set on object 'Object Repository/MOH AND GRN/Page_KDMC - CMS/input_txtdeal'

2018-05-09 16:14:37 - [TEST_STEP][PASSED] - setText: Finding Test Object with id 'Object Repository/MOH AND GRN/Page_KDMC - CMS/input_txtbatchno'

2018-05-09 16:14:37 - [TEST_STEP][PASSED] - Statement - switch (id): Finding Test Object with id 'Object Repository/MOH AND GRN/Page_KDMC - CMS/input_txtmrp'

2018-05-09 16:14:37 - [TEST_STEP][PASSED] - Statement - case 1:: Text 'BA543.0' is set on object 'Object Repository/MOH AND GRN/Page_KDMC - CMS/input_txtbatchno'

2018-05-09 16:14:37 - [TEST_STEP][PASSED] - Statement - return (java.lang.Math.floor((java.lang.Math.random() * ((max - min) + 1))) + min): Text 'BA543.0' is set on object 'Object Repository/MOH AND GRN/Page_KDMC - CMS/input_txtbatchno'

2018-05-09 16:14:37 - [MESSAGE][PASSED] - Text 'BA543.0' is set on object 'Object Repository/MOH AND GRN/Page_KDMC - CMS/input_txtbatchno'

2018-05-09 16:14:37 - [TEST_STEP][PASSED] - rightClick: Object: 'Object Repository/GRN/Page_KDMC - CMS/input_txtexpdate' is right clicked on

2018-05-09 16:14:37 - [MESSAGE][PASSED] - Object: 'Object Repository/GRN/Page_KDMC - CMS/input_txtexpdate' is right clicked on

2018-05-09 16:14:37 - [TEST_STEP][PASSED] - selectOptionByIndex: All options with index in [5] are selected on object 'Object Repository/GRN/Page_KDMC - CMS/select_20182019202020212022202'

2018-05-09 16:14:37 - [MESSAGE][PASSED] - All options with index in [5] are selected on object 'Object Repository/GRN/Page_KDMC - CMS/select_20182019202020212022202'

2018-05-09 16:14:37 - [TEST_STEP][PASSED] - selectOptionByIndex: All options with index in [5] are selected on object 'Object Repository/GRN/Page_KDMC - CMS/select_JanFebMarAprMayJunJulAu'

2018-05-09 16:14:37 - [MESSAGE][PASSED] - All options with index in [5] are selected on object 'Object Repository/GRN/Page_KDMC - CMS/select_JanFebMarAprMayJunJulAu'

2018-05-09 16:14:37 - [TEST_STEP][PASSED] - click: Object: 'Object Repository/MOH AND GRN/Page_KDMC - CMS/a_12' is clicked on

2018-05-09 16:14:37 - [MESSAGE][PASSED] - Object: 'Object Repository/MOH AND GRN/Page_KDMC - CMS/a_12' is clicked on

2018-05-09 16:14:37 - [TEST_STEP][PASSED] - click: Object: 'Object Repository/MOH AND GRN/Page_KDMC - CMS/input_btnadd' is clicked on

2018-05-09 16:14:38 - [MESSAGE][PASSED] - Object: 'Object Repository/MOH AND GRN/Page_KDMC - CMS/input_btnadd' is clicked on

2018-05-09 16:14:38 - [TEST_STEP][PASSED] - Statement - If (s == 10): null

2018-05-09 16:14:38 - [TEST_STEP][PASSED] - Statement - Else: null

2018-05-09 16:14:38 - [TEST_STEP][PASSED] - Statement - (s++): null

2018-05-09 16:14:38 - [TEST_STEP][PASSED] - delay: Delayed 1 second(s)

2018-05-09 16:14:39 - [MESSAGE][PASSED] - Delayed 1 second(s)

2018-05-09 16:14:39 - [TEST_STEP][PASSED] - selectOptionByIndex: All options with index in [16] are selected on object 'Object Repository/MOH AND GRN/Page_KDMC - CMS/select_--Select--Amikacin -500'

2018-05-09 16:14:39 - [MESSAGE][PASSED] - All options with index in [16] are selected on object 'Object Repository/MOH AND GRN/Page_KDMC - CMS/select_--Select--Amikacin -500'

2018-05-09 16:14:39 - [TEST_STEP][PASSED] - setText: Text '5000' is set on object 'Object Repository/MOH AND GRN/Page_KDMC - CMS/input_txtqty'

2018-05-09 16:14:39 - [MESSAGE][PASSED] - Text '5000' is set on object 'Object Repository/MOH AND GRN/Page_KDMC - CMS/input_txtqty'

2018-05-09 16:14:39 - [TEST_STEP][PASSED] - selectOptionByIndex: All options with index in [1] are selected on object 'Object Repository/MOH AND GRN/Page_KDMC - CMS/select_--Select--No Tax0'

2018-05-09 16:14:39 - [MESSAGE][PASSED] - All options with index in [1] are selected on object 'Object Repository/MOH AND GRN/Page_KDMC - CMS/select_--Select--No Tax0'

2018-05-09 16:14:39 - [TEST_STEP][PASSED] - setText: Finding Test Object with id 'Object Repository/MOH AND GRN/Page_KDMC - CMS/input_txtmrp'

2018-05-09 16:14:39 - [TEST_STEP][PASSED] - Statement - switch (id): Finding Test Object with id 'Object Repository/MOH AND GRN/Page_KDMC - CMS/input_txtdeal'

2018-05-09 16:14:39 - [TEST_STEP][PASSED] - Statement - case 4:: Text '45.0' is set on object 'Object Repository/MOH AND GRN/Page_KDMC - CMS/input_txtmrp'

2018-05-09 16:14:39 - [TEST_STEP][PASSED] - Statement - return (java.lang.Math.floor((java.lang.Math.random() * ((max - min) + 1))) + min): Text '45.0' is set on object 'Object Repository/MOH AND GRN/Page_KDMC - CMS/input_txtmrp'

2018-05-09 16:14:39 - [MESSAGE][PASSED] - Text '45.0' is set on object 'Object Repository/MOH AND GRN/Page_KDMC - CMS/input_txtmrp'

2018-05-09 16:14:39 - [TEST_STEP][PASSED] - setText: Finding Test Object with id 'Object Repository/MOH AND GRN/Page_KDMC - CMS/input_txtdeal'

2018-05-09 16:14:39 - [TEST_STEP][PASSED] - Statement - switch (id): Finding Test Object with id 'Object Repository/MOH AND GRN/Page_KDMC - CMS/input_txtbatchno'

2018-05-09 16:14:39 - [TEST_STEP][PASSED] - Statement - case 5:: Text '9.0' is set on object 'Object Repository/MOH AND GRN/Page_KDMC - CMS/input_txtdeal'

2018-05-09 16:14:39 - [TEST_STEP][PASSED] - Statement - return (java.lang.Math.floor((java.lang.Math.random() * ((max - min) + 1))) + min): Text '9.0' is set on object 'Object Repository/MOH AND GRN/Page_KDMC - CMS/input_txtdeal'

2018-05-09 16:14:39 - [MESSAGE][PASSED] - Text '9.0' is set on object 'Object Repository/MOH AND GRN/Page_KDMC - CMS/input_txtdeal'

2018-05-09 16:14:39 - [TEST_STEP][PASSED] - setText: Finding Test Object with id 'Object Repository/MOH AND GRN/Page_KDMC - CMS/input_txtbatchno'

2018-05-09 16:14:39 - [TEST_STEP][PASSED] - Statement - switch (id): Finding Test Object with id 'Object Repository/MOH AND GRN/Page_KDMC - CMS/input_txtmrp'

2018-05-09 16:14:39 - [TEST_STEP][PASSED] - Statement - case 1:: Text 'BA800.0' is set on object 'Object Repository/MOH AND GRN/Page_KDMC - CMS/input_txtbatchno'

2018-05-09 16:14:39 - [TEST_STEP][PASSED] - Statement - return (java.lang.Math.floor((java.lang.Math.random() * ((max - min) + 1))) + min): Text 'BA800.0' is set on object 'Object Repository/MOH AND GRN/Page_KDMC - CMS/input_txtbatchno'

2018-05-09 16:14:39 - [MESSAGE][PASSED] - Text 'BA800.0' is set on object 'Object Repository/MOH AND GRN/Page_KDMC - CMS/input_txtbatchno'

2018-05-09 16:14:39 - [TEST_STEP][PASSED] - rightClick: Object: 'Object Repository/GRN/Page_KDMC - CMS/input_txtexpdate' is right clicked on

2018-05-09 16:14:39 - [MESSAGE][PASSED] - Object: 'Object Repository/GRN/Page_KDMC - CMS/input_txtexpdate' is right clicked on

2018-05-09 16:14:39 - [TEST_STEP][PASSED] - selectOptionByIndex: All options with index in [6] are selected on object 'Object Repository/GRN/Page_KDMC - CMS/select_20182019202020212022202'

2018-05-09 16:14:40 - [MESSAGE][PASSED] - All options with index in [6] are selected on object 'Object Repository/GRN/Page_KDMC - CMS/select_20182019202020212022202'

2018-05-09 16:14:40 - [TEST_STEP][PASSED] - selectOptionByIndex: All options with index in [6] are selected on object 'Object Repository/GRN/Page_KDMC - CMS/select_JanFebMarAprMayJunJulAu'

2018-05-09 16:14:40 - [MESSAGE][PASSED] - All options with index in [6] are selected on object 'Object Repository/GRN/Page_KDMC - CMS/select_JanFebMarAprMayJunJulAu'

2018-05-09 16:14:40 - [TEST_STEP][PASSED] - click: Object: 'Object Repository/MOH AND GRN/Page_KDMC - CMS/a_12' is clicked on

2018-05-09 16:14:40 - [MESSAGE][PASSED] - Object: 'Object Repository/MOH AND GRN/Page_KDMC - CMS/a_12' is clicked on

2018-05-09 16:14:40 - [TEST_STEP][PASSED] - click: Object: 'Object Repository/MOH AND GRN/Page_KDMC - CMS/input_btnadd' is clicked on

2018-05-09 16:14:40 - [MESSAGE][PASSED] - Object: 'Object Repository/MOH AND GRN/Page_KDMC - CMS/input_btnadd' is clicked on

2018-05-09 16:14:40 - [TEST_STEP][PASSED] - Statement - If (s == 10): null

2018-05-09 16:14:40 - [TEST_STEP][PASSED] - Statement - Else: null

2018-05-09 16:14:40 - [TEST_STEP][PASSED] - Statement - (s++): null

2018-05-09 16:14:40 - [TEST_STEP][PASSED] - delay: Delayed 1 second(s)

2018-05-09 16:14:41 - [MESSAGE][PASSED] - Delayed 1 second(s)

2018-05-09 16:14:41 - [TEST_STEP][PASSED] - selectOptionByIndex: All options with index in [17] are selected on object 'Object Repository/MOH AND GRN/Page_KDMC - CMS/select_--Select--Amikacin -500'

2018-05-09 16:14:41 - [MESSAGE][PASSED] - All options with index in [17] are selected on object 'Object Repository/MOH AND GRN/Page_KDMC - CMS/select_--Select--Amikacin -500'

2018-05-09 16:14:41 - [TEST_STEP][PASSED] - setText: Text '5000' is set on object 'Object Repository/MOH AND GRN/Page_KDMC - CMS/input_txtqty'

2018-05-09 16:14:41 - [MESSAGE][PASSED] - Text '5000' is set on object 'Object Repository/MOH AND GRN/Page_KDMC - CMS/input_txtqty'

2018-05-09 16:14:41 - [TEST_STEP][PASSED] - selectOptionByIndex: All options with index in [1] are selected on object 'Object Repository/MOH AND GRN/Page_KDMC - CMS/select_--Select--No Tax0'

2018-05-09 16:14:41 - [MESSAGE][PASSED] - All options with index in [1] are selected on object 'Object Repository/MOH AND GRN/Page_KDMC - CMS/select_--Select--No Tax0'

2018-05-09 16:14:41 - [TEST_STEP][PASSED] - setText: Finding Test Object with id 'Object Repository/MOH AND GRN/Page_KDMC - CMS/input_txtmrp'

2018-05-09 16:14:41 - [TEST_STEP][PASSED] - Statement - switch (id): Finding Test Object with id 'Object Repository/MOH AND GRN/Page_KDMC - CMS/input_txtdeal'

2018-05-09 16:14:41 - [TEST_STEP][PASSED] - Statement - case 4:: Text '37.0' is set on object 'Object Repository/MOH AND GRN/Page_KDMC - CMS/input_txtmrp'

2018-05-09 16:14:41 - [TEST_STEP][PASSED] - Statement - return (java.lang.Math.floor((java.lang.Math.random() * ((max - min) + 1))) + min): Text '37.0' is set on object 'Object Repository/MOH AND GRN/Page_KDMC - CMS/input_txtmrp'

2018-05-09 16:14:42 - [MESSAGE][PASSED] - Text '37.0' is set on object 'Object Repository/MOH AND GRN/Page_KDMC - CMS/input_txtmrp'

2018-05-09 16:14:42 - [TEST_STEP][PASSED] - setText: Finding Test Object with id 'Object Repository/MOH AND GRN/Page_KDMC - CMS/input_txtdeal'

2018-05-09 16:14:42 - [TEST_STEP][PASSED] - Statement - switch (id): Finding Test Object with id 'Object Repository/MOH AND GRN/Page_KDMC - CMS/input_txtbatchno'

2018-05-09 16:14:42 - [TEST_STEP][PASSED] - Statement - case 5:: Text '5.0' is set on object 'Object Repository/MOH AND GRN/Page_KDMC - CMS/input_txtdeal'

2018-05-09 16:14:42 - [TEST_STEP][PASSED] - Statement - return (java.lang.Math.floor((java.lang.Math.random() * ((max - min) + 1))) + min): Text '5.0' is set on object 'Object Repository/MOH AND GRN/Page_KDMC - CMS/input_txtdeal'

2018-05-09 16:14:42 - [MESSAGE][PASSED] - Text '5.0' is set on object 'Object Repository/MOH AND GRN/Page_KDMC - CMS/input_txtdeal'

2018-05-09 16:14:42 - [TEST_STEP][PASSED] - setText: Finding Test Object with id 'Object Repository/MOH AND GRN/Page_KDMC - CMS/input_txtbatchno'

2018-05-09 16:14:42 - [TEST_STEP][PASSED] - Statement - switch (id): Finding Test Object with id 'Object Repository/MOH AND GRN/Page_KDMC - CMS/input_txtmrp'

2018-05-09 16:14:42 - [TEST_STEP][PASSED] - Statement - case 1:: Text 'BA799.0' is set on object 'Object Repository/MOH AND GRN/Page_KDMC - CMS/input_txtbatchno'

2018-05-09 16:14:42 - [TEST_STEP][PASSED] - Statement - return (java.lang.Math.floor((java.lang.Math.random() * ((max - min) + 1))) + min): Text 'BA799.0' is set on object 'Object Repository/MOH AND GRN/Page_KDMC - CMS/input_txtbatchno'

2018-05-09 16:14:42 - [MESSAGE][PASSED] - Text 'BA799.0' is set on object 'Object Repository/MOH AND GRN/Page_KDMC - CMS/input_txtbatchno'

2018-05-09 16:14:42 - [TEST_STEP][PASSED] - rightClick: Object: 'Object Repository/GRN/Page_KDMC - CMS/input_txtexpdate' is right clicked on

2018-05-09 16:14:42 - [MESSAGE][PASSED] - Object: 'Object Repository/GRN/Page_KDMC - CMS/input_txtexpdate' is right clicked on

2018-05-09 16:14:42 - [TEST_STEP][PASSED] - selectOptionByIndex: All options with index in [7] are selected on object 'Object Repository/GRN/Page_KDMC - CMS/select_20182019202020212022202'

2018-05-09 16:14:42 - [MESSAGE][PASSED] - All options with index in [7] are selected on object 'Object Repository/GRN/Page_KDMC - CMS/select_20182019202020212022202'

2018-05-09 16:14:42 - [TEST_STEP][PASSED] - selectOptionByIndex: All options with index in [7] are selected on object 'Object Repository/GRN/Page_KDMC - CMS/select_JanFebMarAprMayJunJulAu'

2018-05-09 16:14:42 - [MESSAGE][PASSED] - All options with index in [7] are selected on object 'Object Repository/GRN/Page_KDMC - CMS/select_JanFebMarAprMayJunJulAu'

2018-05-09 16:14:42 - [TEST_STEP][PASSED] - click: Object: 'Object Repository/MOH AND GRN/Page_KDMC - CMS/a_12' is clicked on

2018-05-09 16:14:42 - [MESSAGE][PASSED] - Object: 'Object Repository/MOH AND GRN/Page_KDMC - CMS/a_12' is clicked on

2018-05-09 16:14:42 - [TEST_STEP][PASSED] - click: Object: 'Object Repository/MOH AND GRN/Page_KDMC - CMS/input_btnadd' is clicked on

2018-05-09 16:14:42 - [MESSAGE][PASSED] - Object: 'Object Repository/MOH AND GRN/Page_KDMC - CMS/input_btnadd' is clicked on

2018-05-09 16:14:42 - [TEST_STEP][PASSED] - Statement - If (s == 10): null

2018-05-09 16:14:42 - [TEST_STEP][PASSED] - Statement - Else: null

2018-05-09 16:14:42 - [TEST_STEP][PASSED] - Statement - (s++): null

2018-05-09 16:14:42 - [TEST_STEP][PASSED] - delay: Delayed 1 second(s)

2018-05-09 16:14:43 - [MESSAGE][PASSED] - Delayed 1 second(s)

2018-05-09 16:14:43 - [TEST_STEP][PASSED] - selectOptionByIndex: All options with index in [18] are selected on object 'Object Repository/MOH AND GRN/Page_KDMC - CMS/select_--Select--Amikacin -500'

2018-05-09 16:14:44 - [MESSAGE][PASSED] - All options with index in [18] are selected on object 'Object Repository/MOH AND GRN/Page_KDMC - CMS/select_--Select--Amikacin -500'

2018-05-09 16:14:44 - [TEST_STEP][PASSED] - setText: Text '5000' is set on object 'Object Repository/MOH AND GRN/Page_KDMC - CMS/input_txtqty'

2018-05-09 16:14:44 - [MESSAGE][PASSED] - Text '5000' is set on object 'Object Repository/MOH AND GRN/Page_KDMC - CMS/input_txtqty'

2018-05-09 16:14:44 - [TEST_STEP][PASSED] - selectOptionByIndex: All options with index in [1] are selected on object 'Object Repository/MOH AND GRN/Page_KDMC - CMS/select_--Select--No Tax0'

2018-05-09 16:14:44 - [MESSAGE][PASSED] - All options with index in [1] are selected on object 'Object Repository/MOH AND GRN/Page_KDMC - CMS/select_--Select--No Tax0'

2018-05-09 16:14:44 - [TEST_STEP][PASSED] - setText: Finding Test Object with id 'Object Repository/MOH AND GRN/Page_KDMC - CMS/input_txtmrp'

2018-05-09 16:14:44 - [TEST_STEP][PASSED] - Statement - switch (id): Finding Test Object with id 'Object Repository/MOH AND GRN/Page_KDMC - CMS/input_txtdeal'

2018-05-09 16:14:44 - [TEST_STEP][PASSED] - Statement - case 4:: Text '39.0' is set on object 'Object Repository/MOH AND GRN/Page_KDMC - CMS/input_txtmrp'

2018-05-09 16:14:44 - [TEST_STEP][PASSED] - Statement - return (java.lang.Math.floor((java.lang.Math.random() * ((max - min) + 1))) + min): Text '39.0' is set on object 'Object Repository/MOH AND GRN/Page_KDMC - CMS/input_txtmrp'

2018-05-09 16:14:44 - [MESSAGE][PASSED] - Text '39.0' is set on object 'Object Repository/MOH AND GRN/Page_KDMC - CMS/input_txtmrp'

2018-05-09 16:14:44 - [TEST_STEP][PASSED] - setText: Finding Test Object with id 'Object Repository/MOH AND GRN/Page_KDMC - CMS/input_txtdeal'

2018-05-09 16:14:44 - [TEST_STEP][PASSED] - Statement - switch (id): Finding Test Object with id 'Object Repository/MOH AND GRN/Page_KDMC - CMS/input_txtbatchno'

2018-05-09 16:14:44 - [TEST_STEP][PASSED] - Statement - case 5:: Text '7.0' is set on object 'Object Repository/MOH AND GRN/Page_KDMC - CMS/input_txtdeal'

2018-05-09 16:14:44 - [TEST_STEP][PASSED] - Statement - return (java.lang.Math.floor((java.lang.Math.random() * ((max - min) + 1))) + min): Text '7.0' is set on object 'Object Repository/MOH AND GRN/Page_KDMC - CMS/input_txtdeal'

2018-05-09 16:14:44 - [MESSAGE][PASSED] - Text '7.0' is set on object 'Object Repository/MOH AND GRN/Page_KDMC - CMS/input_txtdeal'

2018-05-09 16:14:44 - [TEST_STEP][PASSED] - setText: Finding Test Object with id 'Object Repository/MOH AND GRN/Page_KDMC - CMS/input_txtbatchno'

2018-05-09 16:14:44 - [TEST_STEP][PASSED] - Statement - switch (id): Finding Test Object with id 'Object Repository/MOH AND GRN/Page_KDMC - CMS/input_txtmrp'

2018-05-09 16:14:44 - [TEST_STEP][PASSED] - Statement - case 1:: Text 'BA420.0' is set on object 'Object Repository/MOH AND GRN/Page_KDMC - CMS/input_txtbatchno'

2018-05-09 16:14:44 - [TEST_STEP][PASSED] - Statement - return (java.lang.Math.floor((java.lang.Math.random() * ((max - min) + 1))) + min): Text 'BA420.0' is set on object 'Object Repository/MOH AND GRN/Page_KDMC - CMS/input_txtbatchno'

2018-05-09 16:14:44 - [MESSAGE][PASSED] - Text 'BA420.0' is set on object 'Object Repository/MOH AND GRN/Page_KDMC - CMS/input_txtbatchno'

2018-05-09 16:14:44 - [TEST_STEP][PASSED] - rightClick: Object: 'Object Repository/GRN/Page_KDMC - CMS/input_txtexpdate' is right clicked on

2018-05-09 16:14:44 - [MESSAGE][PASSED] - Object: 'Object Repository/GRN/Page_KDMC - CMS/input_txtexpdate' is right clicked on

2018-05-09 16:14:44 - [TEST_STEP][PASSED] - selectOptionByIndex: All options with index in [8] are selected on object 'Object Repository/GRN/Page_KDMC - CMS/select_20182019202020212022202'

2018-05-09 16:14:44 - [MESSAGE][PASSED] - All options with index in [8] are selected on object 'Object Repository/GRN/Page_KDMC - CMS/select_20182019202020212022202'

2018-05-09 16:14:44 - [TEST_STEP][PASSED] - selectOptionByIndex: All options with index in [8] are selected on object 'Object Repository/GRN/Page_KDMC - CMS/select_JanFebMarAprMayJunJulAu'

2018-05-09 16:14:45 - [MESSAGE][PASSED] - All options with index in [8] are selected on object 'Object Repository/GRN/Page_KDMC - CMS/select_JanFebMarAprMayJunJulAu'

2018-05-09 16:14:45 - [TEST_STEP][PASSED] - click: Object: 'Object Repository/MOH AND GRN/Page_KDMC - CMS/a_12' is clicked on

2018-05-09 16:14:45 - [MESSAGE][PASSED] - Object: 'Object Repository/MOH AND GRN/Page_KDMC - CMS/a_12' is clicked on

2018-05-09 16:14:45 - [TEST_STEP][PASSED] - click: Object: 'Object Repository/MOH AND GRN/Page_KDMC - CMS/input_btnadd' is clicked on

2018-05-09 16:14:45 - [MESSAGE][PASSED] - Object: 'Object Repository/MOH AND GRN/Page_KDMC - CMS/input_btnadd' is clicked on

2018-05-09 16:14:45 - [TEST_STEP][PASSED] - Statement - If (s == 10): null

2018-05-09 16:14:45 - [TEST_STEP][PASSED] - Statement - Else: null

2018-05-09 16:14:45 - [TEST_STEP][PASSED] - Statement - (s++): null

2018-05-09 16:14:45 - [TEST_STEP][PASSED] - delay: Delayed 1 second(s)

2018-05-09 16:14:46 - [MESSAGE][PASSED] - Delayed 1 second(s)

2018-05-09 16:14:46 - [TEST_STEP][PASSED] - selectOptionByIndex: All options with index in [19] are selected on object 'Object Repository/MOH AND GRN/Page_KDMC - CMS/select_--Select--Amikacin -500'

2018-05-09 16:14:46 - [MESSAGE][PASSED] - All options with index in [19] are selected on object 'Object Repository/MOH AND GRN/Page_KDMC - CMS/select_--Select--Amikacin -500'

2018-05-09 16:14:46 - [TEST_STEP][PASSED] - setText: Text '5000' is set on object 'Object Repository/MOH AND GRN/Page_KDMC - CMS/input_txtqty'

2018-05-09 16:14:46 - [MESSAGE][PASSED] - Text '5000' is set on object 'Object Repository/MOH AND GRN/Page_KDMC - CMS/input_txtqty'

2018-05-09 16:14:46 - [TEST_STEP][PASSED] - selectOptionByIndex: All options with index in [1] are selected on object 'Object Repository/MOH AND GRN/Page_KDMC - CMS/select_--Select--No Tax0'

2018-05-09 16:14:46 - [MESSAGE][PASSED] - All options with index in [1] are selected on object 'Object Repository/MOH AND GRN/Page_KDMC - CMS/select_--Select--No Tax0'

2018-05-09 16:14:46 - [TEST_STEP][PASSED] - setText: Finding Test Object with id 'Object Repository/MOH AND GRN/Page_KDMC - CMS/input_txtmrp'

2018-05-09 16:14:46 - [TEST_STEP][PASSED] - Statement - switch (id): Finding Test Object with id 'Object Repository/MOH AND GRN/Page_KDMC - CMS/input_txtdeal'

2018-05-09 16:14:46 - [TEST_STEP][PASSED] - Statement - case 4:: Text '20.0' is set on object 'Object Repository/MOH AND GRN/Page_KDMC - CMS/input_txtmrp'

2018-05-09 16:14:46 - [TEST_STEP][PASSED] - Statement - return (java.lang.Math.floor((java.lang.Math.random() * ((max - min) + 1))) + min): Text '20.0' is set on object 'Object Repository/MOH AND GRN/Page_KDMC - CMS/input_txtmrp'

2018-05-09 16:14:46 - [MESSAGE][PASSED] - Text '20.0' is set on object 'Object Repository/MOH AND GRN/Page_KDMC - CMS/input_txtmrp'

2018-05-09 16:14:46 - [TEST_STEP][PASSED] - setText: Finding Test Object with id 'Object Repository/MOH AND GRN/Page_KDMC - CMS/input_txtdeal'

2018-05-09 16:14:46 - [TEST_STEP][PASSED] - Statement - switch (id): Finding Test Object with id 'Object Repository/MOH AND GRN/Page_KDMC - CMS/input_txtbatchno'

2018-05-09 16:14:46 - [TEST_STEP][PASSED] - Statement - case 5:: Text '2.0' is set on object 'Object Repository/MOH AND GRN/Page_KDMC - CMS/input_txtdeal'

2018-05-09 16:14:46 - [TEST_STEP][PASSED] - Statement - return (java.lang.Math.floor((java.lang.Math.random() * ((max - min) + 1))) + min): Text '2.0' is set on object 'Object Repository/MOH AND GRN/Page_KDMC - CMS/input_txtdeal'

2018-05-09 16:14:46 - [MESSAGE][PASSED] - Text '2.0' is set on object 'Object Repository/MOH AND GRN/Page_KDMC - CMS/input_txtdeal'

2018-05-09 16:14:46 - [TEST_STEP][PASSED] - setText: Finding Test Object with id 'Object Repository/MOH AND GRN/Page_KDMC - CMS/input_txtbatchno'

2018-05-09 16:14:46 - [TEST_STEP][PASSED] - Statement - switch (id): Finding Test Object with id 'Object Repository/MOH AND GRN/Page_KDMC - CMS/input_txtmrp'

2018-05-09 16:14:46 - [TEST_STEP][PASSED] - Statement - case 1:: Text 'BA462.0' is set on object 'Object Repository/MOH AND GRN/Page_KDMC - CMS/input_txtbatchno'

2018-05-09 16:14:46 - [TEST_STEP][PASSED] - Statement - return (java.lang.Math.floor((java.lang.Math.random() * ((max - min) + 1))) + min): Text 'BA462.0' is set on object 'Object Repository/MOH AND GRN/Page_KDMC - CMS/input_txtbatchno'

2018-05-09 16:14:47 - [MESSAGE][PASSED] - Text 'BA462.0' is set on object 'Object Repository/MOH AND GRN/Page_KDMC - CMS/input_txtbatchno'

2018-05-09 16:14:47 - [TEST_STEP][PASSED] - rightClick: Object: 'Object Repository/GRN/Page_KDMC - CMS/input_txtexpdate' is right clicked on

2018-05-09 16:14:47 - [MESSAGE][PASSED] - Object: 'Object Repository/GRN/Page_KDMC - CMS/input_txtexpdate' is right clicked on

2018-05-09 16:14:47 - [TEST_STEP][PASSED] - selectOptionByIndex: All options with index in [9] are selected on object 'Object Repository/GRN/Page_KDMC - CMS/select_20182019202020212022202'

2018-05-09 16:14:47 - [MESSAGE][PASSED] - All options with index in [9] are selected on object 'Object Repository/GRN/Page_KDMC - CMS/select_20182019202020212022202'

2018-05-09 16:14:47 - [TEST_STEP][PASSED] - selectOptionByIndex: All options with index in [9] are selected on object 'Object Repository/GRN/Page_KDMC - CMS/select_JanFebMarAprMayJunJulAu'

2018-05-09 16:14:47 - [MESSAGE][PASSED] - All options with index in [9] are selected on object 'Object Repository/GRN/Page_KDMC - CMS/select_JanFebMarAprMayJunJulAu'

2018-05-09 16:14:47 - [TEST_STEP][PASSED] - click: Object: 'Object Repository/MOH AND GRN/Page_KDMC - CMS/a_12' is clicked on

2018-05-09 16:14:47 - [MESSAGE][PASSED] - Object: 'Object Repository/MOH AND GRN/Page_KDMC - CMS/a_12' is clicked on

2018-05-09 16:14:47 - [TEST_STEP][PASSED] - click: Object: 'Object Repository/MOH AND GRN/Page_KDMC - CMS/input_btnadd' is clicked on

2018-05-09 16:14:47 - [MESSAGE][PASSED] - Object: 'Object Repository/MOH AND GRN/Page_KDMC - CMS/input_btnadd' is clicked on

2018-05-09 16:14:47 - [TEST_STEP][PASSED] - Statement - If (s == 10): null

2018-05-09 16:14:47 - [TEST_STEP][PASSED] - Statement - Else: null

2018-05-09 16:14:47 - [TEST_STEP][PASSED] - Statement - (s++): null

2018-05-09 16:14:47 - [TEST_STEP][PASSED] - delay: Delayed 1 second(s)

2018-05-09 16:14:48 - [MESSAGE][PASSED] - Delayed 1 second(s)

2018-05-09 16:14:48 - [TEST_STEP][PASSED] - selectOptionByIndex: All options with index in [20] are selected on object 'Object Repository/MOH AND GRN/Page_KDMC - CMS/select_--Select--Amikacin -500'

2018-05-09 16:14:49 - [MESSAGE][PASSED] - All options with index in [20] are selected on object 'Object Repository/MOH AND GRN/Page_KDMC - CMS/select_--Select--Amikacin -500'

2018-05-09 16:14:49 - [TEST_STEP][PASSED] - setText: Text '5000' is set on object 'Object Repository/MOH AND GRN/Page_KDMC - CMS/input_txtqty'

2018-05-09 16:14:49 - [MESSAGE][PASSED] - Text '5000' is set on object 'Object Repository/MOH AND GRN/Page_KDMC - CMS/input_txtqty'

2018-05-09 16:14:49 - [TEST_STEP][PASSED] - selectOptionByIndex: All options with index in [1] are selected on object 'Object Repository/MOH AND GRN/Page_KDMC - CMS/select_--Select--No Tax0'

2018-05-09 16:14:49 - [MESSAGE][PASSED] - All options with index in [1] are selected on object 'Object Repository/MOH AND GRN/Page_KDMC - CMS/select_--Select--No Tax0'

2018-05-09 16:14:49 - [TEST_STEP][PASSED] - setText: Finding Test Object with id 'Object Repository/MOH AND GRN/Page_KDMC - CMS/input_txtmrp'

2018-05-09 16:14:49 - [TEST_STEP][PASSED] - Statement - switch (id): Finding Test Object with id 'Object Repository/MOH AND GRN/Page_KDMC - CMS/input_txtdeal'

2018-05-09 16:14:49 - [TEST_STEP][PASSED] - Statement - case 4:: Text '25.0' is set on object 'Object Repository/MOH AND GRN/Page_KDMC - CMS/input_txtmrp'

2018-05-09 16:14:49 - [TEST_STEP][PASSED] - Statement - return (java.lang.Math.floor((java.lang.Math.random() * ((max - min) + 1))) + min): Text '25.0' is set on object 'Object Repository/MOH AND GRN/Page_KDMC - CMS/input_txtmrp'

2018-05-09 16:14:49 - [MESSAGE][PASSED] - Text '25.0' is set on object 'Object Repository/MOH AND GRN/Page_KDMC - CMS/input_txtmrp'

2018-05-09 16:14:49 - [TEST_STEP][PASSED] - setText: Finding Test Object with id 'Object Repository/MOH AND GRN/Page_KDMC - CMS/input_txtdeal'

2018-05-09 16:14:49 - [TEST_STEP][PASSED] - Statement - switch (id): Finding Test Object with id 'Object Repository/MOH AND GRN/Page_KDMC - CMS/input_txtbatchno'

2018-05-09 16:14:49 - [TEST_STEP][PASSED] - Statement - case 5:: Text '2.0' is set on object 'Object Repository/MOH AND GRN/Page_KDMC - CMS/input_txtdeal'

2018-05-09 16:14:49 - [TEST_STEP][PASSED] - Statement - return (java.lang.Math.floor((java.lang.Math.random() * ((max - min) + 1))) + min): Text '2.0' is set on object 'Object Repository/MOH AND GRN/Page_KDMC - CMS/input_txtdeal'

2018-05-09 16:14:49 - [MESSAGE][PASSED] - Text '2.0' is set on object 'Object Repository/MOH AND GRN/Page_KDMC - CMS/input_txtdeal'

2018-05-09 16:14:49 - [TEST_STEP][PASSED] - setText: Finding Test Object with id 'Object Repository/MOH AND GRN/Page_KDMC - CMS/input_txtbatchno'

2018-05-09 16:14:49 - [TEST_STEP][PASSED] - Statement - switch (id): Finding Test Object with id 'Object Repository/MOH AND GRN/Page_KDMC - CMS/input_txtmrp'

2018-05-09 16:14:49 - [TEST_STEP][PASSED] - Statement - case 1:: Text 'BA165.0' is set on object 'Object Repository/MOH AND GRN/Page_KDMC - CMS/input_txtbatchno'

2018-05-09 16:14:49 - [TEST_STEP][PASSED] - Statement - return (java.lang.Math.floor((java.lang.Math.random() * ((max - min) + 1))) + min): Text 'BA165.0' is set on object 'Object Repository/MOH AND GRN/Page_KDMC - CMS/input_txtbatchno'

2018-05-09 16:14:49 - [MESSAGE][PASSED] - Text 'BA165.0' is set on object 'Object Repository/MOH AND GRN/Page_KDMC - CMS/input_txtbatchno'

2018-05-09 16:14:49 - [TEST_STEP][PASSED] - rightClick: Object: 'Object Repository/GRN/Page_KDMC - CMS/input_txtexpdate' is right clicked on

2018-05-09 16:14:59 - [MESSAGE][PASSED] - Object: 'Object Repository/GRN/Page_KDMC - CMS/input_txtexpdate' is right clicked on

2018-05-09 16:14:59 - [TEST_STEP][PASSED] - selectOptionByIndex: All options with index in [10] are selected on object 'Object Repository/GRN/Page_KDMC - CMS/select_20182019202020212022202'

2018-05-09 16:15:00 - [MESSAGE][PASSED] - All options with index in [10] are selected on object 'Object Repository/GRN/Page_KDMC - CMS/select_20182019202020212022202'

2018-05-09 16:15:00 - [TEST_STEP][PASSED] - selectOptionByIndex: All options with index in [10] are selected on object 'Object Repository/GRN/Page_KDMC - CMS/select_JanFebMarAprMayJunJulAu'

2018-05-09 16:15:00 - [MESSAGE][PASSED] - All options with index in [10] are selected on object 'Object Repository/GRN/Page_KDMC - CMS/select_JanFebMarAprMayJunJulAu'

2018-05-09 16:15:00 - [TEST_STEP][PASSED] - click: Object: 'Object Repository/MOH AND GRN/Page_KDMC - CMS/a_12' is clicked on

2018-05-09 16:15:05 - [MESSAGE][PASSED] - Object: 'Object Repository/MOH AND GRN/Page_KDMC - CMS/a_12' is clicked on

2018-05-09 16:15:05 - [TEST_STEP][PASSED] - click: Object: 'Object Repository/MOH AND GRN/Page_KDMC - CMS/input_btnadd' is clicked on

2018-05-09 16:15:10 - [MESSAGE][PASSED] - Object: 'Object Repository/MOH AND GRN/Page_KDMC - CMS/input_btnadd' is clicked on

2018-05-09 16:15:10 - [TEST_STEP][PASSED] - Statement - If (s == 10): null

2018-05-09 16:15:10 - [TEST_STEP][PASSED] - Statement - s = 1: null

2018-05-09 16:15:10 - [TEST_STEP][PASSED] - delay: Delayed 1 second(s)

2018-05-09 16:15:11 - [MESSAGE][PASSED] - Delayed 1 second(s)

2018-05-09 16:15:11 - [TEST_STEP][PASSED] - selectOptionByIndex: All options with index in [21] are selected on object 'Object Repository/MOH AND GRN/Page_KDMC - CMS/select_--Select--Amikacin -500'

2018-05-09 16:15:11 - [MESSAGE][PASSED] - All options with index in [21] are selected on object 'Object Repository/MOH AND GRN/Page_KDMC - CMS/select_--Select--Amikacin -500'

2018-05-09 16:15:11 - [TEST_STEP][PASSED] - setText: Text '5000' is set on object 'Object Repository/MOH AND GRN/Page_KDMC - CMS/input_txtqty'

2018-05-09 16:15:11 - [MESSAGE][PASSED] - Text '5000' is set on object 'Object Repository/MOH AND GRN/Page_KDMC - CMS/input_txtqty'

2018-05-09 16:15:11 - [TEST_STEP][PASSED] - selectOptionByIndex: All options with index in [1] are selected on object 'Object Repository/MOH AND GRN/Page_KDMC - CMS/select_--Select--No Tax0'

2018-05-09 16:15:12 - [MESSAGE][PASSED] - All options with index in [1] are selected on object 'Object Repository/MOH AND GRN/Page_KDMC - CMS/select_--Select--No Tax0'

2018-05-09 16:15:12 - [TEST_STEP][PASSED] - setText: Finding Test Object with id 'Object Repository/MOH AND GRN/Page_KDMC - CMS/input_txtmrp'

2018-05-09 16:15:12 - [TEST_STEP][PASSED] - Statement - switch (id): Finding Test Object with id 'Object Repository/MOH AND GRN/Page_KDMC - CMS/input_txtdeal'

2018-05-09 16:15:12 - [TEST_STEP][PASSED] - Statement - case 4:: Text '25.0' is set on object 'Object Repository/MOH AND GRN/Page_KDMC - CMS/input_txtmrp'

2018-05-09 16:15:12 - [TEST_STEP][PASSED] - Statement - return (java.lang.Math.floor((java.lang.Math.random() * ((max - min) + 1))) + min): Text '25.0' is set on object 'Object Repository/MOH AND GRN/Page_KDMC - CMS/input_txtmrp'

2018-05-09 16:15:12 - [MESSAGE][PASSED] - Text '25.0' is set on object 'Object Repository/MOH AND GRN/Page_KDMC - CMS/input_txtmrp'

2018-05-09 16:15:12 - [TEST_STEP][PASSED] - setText: Finding Test Object with id 'Object Repository/MOH AND GRN/Page_KDMC - CMS/input_txtdeal'

2018-05-09 16:15:12 - [TEST_STEP][PASSED] - Statement - switch (id): Finding Test Object with id 'Object Repository/MOH AND GRN/Page_KDMC - CMS/input_txtbatchno'

2018-05-09 16:15:12 - [TEST_STEP][PASSED] - Statement - case 5:: Text '11.0' is set on object 'Object Repository/MOH AND GRN/Page_KDMC - CMS/input_txtdeal'

2018-05-09 16:15:12 - [TEST_STEP][PASSED] - Statement - return (java.lang.Math.floor((java.lang.Math.random() * ((max - min) + 1))) + min): Text '11.0' is set on object 'Object Repository/MOH AND GRN/Page_KDMC - CMS/input_txtdeal'

2018-05-09 16:15:12 - [MESSAGE][PASSED] - Text '11.0' is set on object 'Object Repository/MOH AND GRN/Page_KDMC - CMS/input_txtdeal'

2018-05-09 16:15:12 - [TEST_STEP][PASSED] - setText: Finding Test Object with id 'Object Repository/MOH AND GRN/Page_KDMC - CMS/input_txtbatchno'

2018-05-09 16:15:12 - [TEST_STEP][PASSED] - Statement - switch (id): Finding Test Object with id 'Object Repository/MOH AND GRN/Page_KDMC - CMS/input_txtmrp'

2018-05-09 16:15:12 - [TEST_STEP][PASSED] - Statement - case 1:: Text 'BA949.0' is set on object 'Object Repository/MOH AND GRN/Page_KDMC - CMS/input_txtbatchno'

2018-05-09 16:15:12 - [TEST_STEP][PASSED] - Statement - return (java.lang.Math.floor((java.lang.Math.random() * ((max - min) + 1))) + min): Text 'BA949.0' is set on object 'Object Repository/MOH AND GRN/Page_KDMC - CMS/input_txtbatchno'

2018-05-09 16:15:12 - [MESSAGE][PASSED] - Text 'BA949.0' is set on object 'Object Repository/MOH AND GRN/Page_KDMC - CMS/input_txtbatchno'

2018-05-09 16:15:12 - [TEST_STEP][PASSED] - rightClick: Object: 'Object Repository/GRN/Page_KDMC - CMS/input_txtexpdate' is right clicked on

2018-05-09 16:15:22 - [MESSAGE][PASSED] - Object: 'Object Repository/GRN/Page_KDMC - CMS/input_txtexpdate' is right clicked on

2018-05-09 16:15:22 - [TEST_STEP][PASSED] - selectOptionByIndex: All options with index in [1] are selected on object 'Object Repository/GRN/Page_KDMC - CMS/select_20182019202020212022202'

2018-05-09 16:15:22 - [MESSAGE][PASSED] - All options with index in [1] are selected on object 'Object Repository/GRN/Page_KDMC - CMS/select_20182019202020212022202'

2018-05-09 16:15:22 - [TEST_STEP][PASSED] - selectOptionByIndex: All options with index in [1] are selected on object 'Object Repository/GRN/Page_KDMC - CMS/select_JanFebMarAprMayJunJulAu'

2018-05-09 16:15:22 - [MESSAGE][PASSED] - All options with index in [1] are selected on object 'Object Repository/GRN/Page_KDMC - CMS/select_JanFebMarAprMayJunJulAu'

2018-05-09 16:15:22 - [TEST_STEP][PASSED] - click: Object: 'Object Repository/MOH AND GRN/Page_KDMC - CMS/a_12' is clicked on

2018-05-09 16:15:27 - [MESSAGE][PASSED] - Object: 'Object Repository/MOH AND GRN/Page_KDMC - CMS/a_12' is clicked on

2018-05-09 16:15:27 - [TEST_STEP][PASSED] - click: Object: 'Object Repository/MOH AND GRN/Page_KDMC - CMS/input_btnadd' is clicked on

2018-05-09 16:15:33 - [MESSAGE][PASSED] - Object: 'Object Repository/MOH AND GRN/Page_KDMC - CMS/input_btnadd' is clicked on

2018-05-09 16:15:33 - [TEST_STEP][PASSED] - Statement - If (s == 10): null

2018-05-09 16:15:33 - [TEST_STEP][PASSED] - Statement - Else: null

2018-05-09 16:15:33 - [TEST_STEP][PASSED] - Statement - (s++): null

2018-05-09 16:15:33 - [TEST_STEP][PASSED] - delay: Delayed 1 second(s)

2018-05-09 16:15:34 - [MESSAGE][PASSED] - Delayed 1 second(s)

2018-05-09 16:15:34 - [TEST_STEP][PASSED] - selectOptionByIndex: All options with index in [22] are selected on object 'Object Repository/MOH AND GRN/Page_KDMC - CMS/select_--Select--Amikacin -500'

2018-05-09 16:15:34 - [MESSAGE][PASSED] - All options with index in [22] are selected on object 'Object Repository/MOH AND GRN/Page_KDMC - CMS/select_--Select--Amikacin -500'

2018-05-09 16:15:34 - [TEST_STEP][PASSED] - setText: Text '5000' is set on object 'Object Repository/MOH AND GRN/Page_KDMC - CMS/input_txtqty'

2018-05-09 16:15:34 - [MESSAGE][PASSED] - Text '5000' is set on object 'Object Repository/MOH AND GRN/Page_KDMC - CMS/input_txtqty'

2018-05-09 16:15:34 - [TEST_STEP][PASSED] - selectOptionByIndex: All options with index in [1] are selected on object 'Object Repository/MOH AND GRN/Page_KDMC - CMS/select_--Select--No Tax0'

2018-05-09 16:15:34 - [MESSAGE][PASSED] - All options with index in [1] are selected on object 'Object Repository/MOH AND GRN/Page_KDMC - CMS/select_--Select--No Tax0'

2018-05-09 16:15:34 - [TEST_STEP][PASSED] - setText: Finding Test Object with id 'Object Repository/MOH AND GRN/Page_KDMC - CMS/input_txtmrp'

2018-05-09 16:15:34 - [TEST_STEP][PASSED] - Statement - switch (id): Finding Test Object with id 'Object Repository/MOH AND GRN/Page_KDMC - CMS/input_txtdeal'

2018-05-09 16:15:34 - [TEST_STEP][PASSED] - Statement - case 4:: Text '32.0' is set on object 'Object Repository/MOH AND GRN/Page_KDMC - CMS/input_txtmrp'

2018-05-09 16:15:34 - [TEST_STEP][PASSED] - Statement - return (java.lang.Math.floor((java.lang.Math.random() * ((max - min) + 1))) + min): Text '32.0' is set on object 'Object Repository/MOH AND GRN/Page_KDMC - CMS/input_txtmrp'

2018-05-09 16:15:34 - [MESSAGE][PASSED] - Text '32.0' is set on object 'Object Repository/MOH AND GRN/Page_KDMC - CMS/input_txtmrp'

2018-05-09 16:15:34 - [TEST_STEP][PASSED] - setText: Finding Test Object with id 'Object Repository/MOH AND GRN/Page_KDMC - CMS/input_txtdeal'

2018-05-09 16:15:34 - [TEST_STEP][PASSED] - Statement - switch (id): Finding Test Object with id 'Object Repository/MOH AND GRN/Page_KDMC - CMS/input_txtbatchno'

2018-05-09 16:15:34 - [TEST_STEP][PASSED] - Statement - case 5:: Text '7.0' is set on object 'Object Repository/MOH AND GRN/Page_KDMC - CMS/input_txtdeal'

2018-05-09 16:15:34 - [TEST_STEP][PASSED] - Statement - return (java.lang.Math.floor((java.lang.Math.random() * ((max - min) + 1))) + min): Text '7.0' is set on object 'Object Repository/MOH AND GRN/Page_KDMC - CMS/input_txtdeal'

2018-05-09 16:15:34 - [MESSAGE][PASSED] - Text '7.0' is set on object 'Object Repository/MOH AND GRN/Page_KDMC - CMS/input_txtdeal'

2018-05-09 16:15:34 - [TEST_STEP][PASSED] - setText: Finding Test Object with id 'Object Repository/MOH AND GRN/Page_KDMC - CMS/input_txtbatchno'

2018-05-09 16:15:34 - [TEST_STEP][PASSED] - Statement - switch (id): Finding Test Object with id 'Object Repository/MOH AND GRN/Page_KDMC - CMS/input_txtmrp'

2018-05-09 16:15:34 - [TEST_STEP][PASSED] - Statement - case 1:: Text 'BA640.0' is set on object 'Object Repository/MOH AND GRN/Page_KDMC - CMS/input_txtbatchno'

2018-05-09 16:15:34 - [TEST_STEP][PASSED] - Statement - return (java.lang.Math.floor((java.lang.Math.random() * ((max - min) + 1))) + min): Text 'BA640.0' is set on object 'Object Repository/MOH AND GRN/Page_KDMC - CMS/input_txtbatchno'

2018-05-09 16:15:34 - [MESSAGE][PASSED] - Text 'BA640.0' is set on object 'Object Repository/MOH AND GRN/Page_KDMC - CMS/input_txtbatchno'

2018-05-09 16:15:34 - [TEST_STEP][PASSED] - rightClick: Object: 'Object Repository/GRN/Page_KDMC - CMS/input_txtexpdate' is right clicked on

2018-05-09 16:15:45 - [MESSAGE][PASSED] - Object: 'Object Repository/GRN/Page_KDMC - CMS/input_txtexpdate' is right clicked on

2018-05-09 16:15:45 - [TEST_STEP][PASSED] - selectOptionByIndex: All options with index in [2] are selected on object 'Object Repository/GRN/Page_KDMC - CMS/select_20182019202020212022202'

2018-05-09 16:15:45 - [MESSAGE][PASSED] - All options with index in [2] are selected on object 'Object Repository/GRN/Page_KDMC - CMS/select_20182019202020212022202'

2018-05-09 16:15:45 - [TEST_STEP][PASSED] - selectOptionByIndex: All options with index in [2] are selected on object 'Object Repository/GRN/Page_KDMC - CMS/select_JanFebMarAprMayJunJulAu'

2018-05-09 16:15:45 - [MESSAGE][PASSED] - All options with index in [2] are selected on object 'Object Repository/GRN/Page_KDMC - CMS/select_JanFebMarAprMayJunJulAu'

2018-05-09 16:15:45 - [TEST_STEP][PASSED] - click: Object: 'Object Repository/MOH AND GRN/Page_KDMC - CMS/a_12' is clicked on

2018-05-09 16:15:50 - [MESSAGE][PASSED] - Object: 'Object Repository/MOH AND GRN/Page_KDMC - CMS/a_12' is clicked on

2018-05-09 16:15:50 - [TEST_STEP][PASSED] - click: Object: 'Object Repository/MOH AND GRN/Page_KDMC - CMS/input_btnadd' is clicked on

2018-05-09 16:15:55 - [MESSAGE][PASSED] - Object: 'Object Repository/MOH AND GRN/Page_KDMC - CMS/input_btnadd' is clicked on

2018-05-09 16:15:55 - [TEST_STEP][PASSED] - Statement - If (s == 10): null

2018-05-09 16:15:55 - [TEST_STEP][PASSED] - Statement - Else: null

2018-05-09 16:15:55 - [TEST_STEP][PASSED] - Statement - (s++): null

2018-05-09 16:15:55 - [TEST_STEP][PASSED] - delay: Delayed 1 second(s)

2018-05-09 16:15:56 - [MESSAGE][PASSED] - Delayed 1 second(s)

2018-05-09 16:15:56 - [TEST_STEP][PASSED] - selectOptionByIndex: All options with index in [23] are selected on object 'Object Repository/MOH AND GRN/Page_KDMC - CMS/select_--Select--Amikacin -500'

2018-05-09 16:15:56 - [MESSAGE][PASSED] - All options with index in [23] are selected on object 'Object Repository/MOH AND GRN/Page_KDMC - CMS/select_--Select--Amikacin -500'

2018-05-09 16:15:56 - [TEST_STEP][PASSED] - setText: Text '5000' is set on object 'Object Repository/MOH AND GRN/Page_KDMC - CMS/input_txtqty'

2018-05-09 16:15:57 - [MESSAGE][PASSED] - Text '5000' is set on object 'Object Repository/MOH AND GRN/Page_KDMC - CMS/input_txtqty'

2018-05-09 16:15:57 - [TEST_STEP][PASSED] - selectOptionByIndex: All options with index in [1] are selected on object 'Object Repository/MOH AND GRN/Page_KDMC - CMS/select_--Select--No Tax0'

2018-05-09 16:15:57 - [MESSAGE][PASSED] - All options with index in [1] are selected on object 'Object Repository/MOH AND GRN/Page_KDMC - CMS/select_--Select--No Tax0'

2018-05-09 16:15:57 - [TEST_STEP][PASSED] - setText: Finding Test Object with id 'Object Repository/MOH AND GRN/Page_KDMC - CMS/input_txtmrp'

2018-05-09 16:15:57 - [TEST_STEP][PASSED] - Statement - switch (id): Finding Test Object with id 'Object Repository/MOH AND GRN/Page_KDMC - CMS/input_txtdeal'

2018-05-09 16:15:57 - [TEST_STEP][PASSED] - Statement - case 4:: Text '37.0' is set on object 'Object Repository/MOH AND GRN/Page_KDMC - CMS/input_txtmrp'

2018-05-09 16:15:57 - [TEST_STEP][PASSED] - Statement - return (java.lang.Math.floor((java.lang.Math.random() * ((max - min) + 1))) + min): Text '37.0' is set on object 'Object Repository/MOH AND GRN/Page_KDMC - CMS/input_txtmrp'

2018-05-09 16:15:57 - [MESSAGE][PASSED] - Text '37.0' is set on object 'Object Repository/MOH AND GRN/Page_KDMC - CMS/input_txtmrp'

2018-05-09 16:15:57 - [TEST_STEP][PASSED] - setText: Finding Test Object with id 'Object Repository/MOH AND GRN/Page_KDMC - CMS/input_txtdeal'

2018-05-09 16:15:57 - [TEST_STEP][PASSED] - Statement - switch (id): Finding Test Object with id 'Object Repository/MOH AND GRN/Page_KDMC - CMS/input_txtbatchno'

2018-05-09 16:15:57 - [TEST_STEP][PASSED] - Statement - case 5:: Text '1.0' is set on object 'Object Repository/MOH AND GRN/Page_KDMC - CMS/input_txtdeal'

2018-05-09 16:15:57 - [TEST_STEP][PASSED] - Statement - return (java.lang.Math.floor((java.lang.Math.random() * ((max - min) + 1))) + min): Text '1.0' is set on object 'Object Repository/MOH AND GRN/Page_KDMC - CMS/input_txtdeal'

2018-05-09 16:15:57 - [MESSAGE][PASSED] - Text '1.0' is set on object 'Object Repository/MOH AND GRN/Page_KDMC - CMS/input_txtdeal'

2018-05-09 16:15:57 - [TEST_STEP][PASSED] - setText: Finding Test Object with id 'Object Repository/MOH AND GRN/Page_KDMC - CMS/input_txtbatchno'

2018-05-09 16:15:57 - [TEST_STEP][PASSED] - Statement - switch (id): Finding Test Object with id 'Object Repository/MOH AND GRN/Page_KDMC - CMS/input_txtmrp'

2018-05-09 16:15:57 - [TEST_STEP][PASSED] - Statement - case 1:: Text 'BA310.0' is set on object 'Object Repository/MOH AND GRN/Page_KDMC - CMS/input_txtbatchno'

2018-05-09 16:15:57 - [TEST_STEP][PASSED] - Statement - return (java.lang.Math.floor((java.lang.Math.random() * ((max - min) + 1))) + min): Text 'BA310.0' is set on object 'Object Repository/MOH AND GRN/Page_KDMC - CMS/input_txtbatchno'

2018-05-09 16:15:57 - [MESSAGE][PASSED] - Text 'BA310.0' is set on object 'Object Repository/MOH AND GRN/Page_KDMC - CMS/input_txtbatchno'

2018-05-09 16:15:57 - [TEST_STEP][PASSED] - rightClick: Object: 'Object Repository/GRN/Page_KDMC - CMS/input_txtexpdate' is right clicked on

2018-05-09 16:16:07 - [MESSAGE][PASSED] - Object: 'Object Repository/GRN/Page_KDMC - CMS/input_txtexpdate' is right clicked on

2018-05-09 16:16:07 - [TEST_STEP][PASSED] - selectOptionByIndex: All options with index in [3] are selected on object 'Object Repository/GRN/Page_KDMC - CMS/select_20182019202020212022202'

2018-05-09 16:16:07 - [MESSAGE][PASSED] - All options with index in [3] are selected on object 'Object Repository/GRN/Page_KDMC - CMS/select_20182019202020212022202'

2018-05-09 16:16:07 - [TEST_STEP][PASSED] - selectOptionByIndex: All options with index in [3] are selected on object 'Object Repository/GRN/Page_KDMC - CMS/select_JanFebMarAprMayJunJulAu'

2018-05-09 16:16:07 - [MESSAGE][PASSED] - All options with index in [3] are selected on object 'Object Repository/GRN/Page_KDMC - CMS/select_JanFebMarAprMayJunJulAu'

2018-05-09 16:16:07 - [TEST_STEP][PASSED] - click: Object: 'Object Repository/MOH AND GRN/Page_KDMC - CMS/a_12' is clicked on

2018-05-09 16:16:13 - [MESSAGE][PASSED] - Object: 'Object Repository/MOH AND GRN/Page_KDMC - CMS/a_12' is clicked on

2018-05-09 16:16:13 - [TEST_STEP][PASSED] - click: Object: 'Object Repository/MOH AND GRN/Page_KDMC - CMS/input_btnadd' is clicked on

2018-05-09 16:16:18 - [MESSAGE][PASSED] - Object: 'Object Repository/MOH AND GRN/Page_KDMC - CMS/input_btnadd' is clicked on

2018-05-09 16:16:18 - [TEST_STEP][PASSED] - Statement - If (s == 10): null

2018-05-09 16:16:18 - [TEST_STEP][PASSED] - Statement - Else: null

2018-05-09 16:16:18 - [TEST_STEP][PASSED] - Statement - (s++): null

2018-05-09 16:16:18 - [TEST_STEP][PASSED] - delay: Delayed 1 second(s)

2018-05-09 16:16:19 - [MESSAGE][PASSED] - Delayed 1 second(s)

2018-05-09 16:16:19 - [TEST_STEP][PASSED] - selectOptionByIndex: All options with index in [24] are selected on object 'Object Repository/MOH AND GRN/Page_KDMC - CMS/select_--Select--Amikacin -500'

2018-05-09 16:16:19 - [MESSAGE][PASSED] - All options with index in [24] are selected on object 'Object Repository/MOH AND GRN/Page_KDMC - CMS/select_--Select--Amikacin -500'

2018-05-09 16:16:19 - [TEST_STEP][PASSED] - setText: Text '5000' is set on object 'Object Repository/MOH AND GRN/Page_KDMC - CMS/input_txtqty'

2018-05-09 16:16:19 - [MESSAGE][PASSED] - Text '5000' is set on object 'Object Repository/MOH AND GRN/Page_KDMC - CMS/input_txtqty'

2018-05-09 16:16:19 - [TEST_STEP][PASSED] - selectOptionByIndex: All options with index in [1] are selected on object 'Object Repository/MOH AND GRN/Page_KDMC - CMS/select_--Select--No Tax0'

2018-05-09 16:16:19 - [MESSAGE][PASSED] - All options with index in [1] are selected on object 'Object Repository/MOH AND GRN/Page_KDMC - CMS/select_--Select--No Tax0'

2018-05-09 16:16:19 - [TEST_STEP][PASSED] - setText: Finding Test Object with id 'Object Repository/MOH AND GRN/Page_KDMC - CMS/input_txtmrp'

2018-05-09 16:16:19 - [TEST_STEP][PASSED] - Statement - switch (id): Finding Test Object with id 'Object Repository/MOH AND GRN/Page_KDMC - CMS/input_txtdeal'

2018-05-09 16:16:19 - [TEST_STEP][PASSED] - Statement - case 4:: Text '28.0' is set on object 'Object Repository/MOH AND GRN/Page_KDMC - CMS/input_txtmrp'

2018-05-09 16:16:19 - [TEST_STEP][PASSED] - Statement - return (java.lang.Math.floor((java.lang.Math.random() * ((max - min) + 1))) + min): Text '28.0' is set on object 'Object Repository/MOH AND GRN/Page_KDMC - CMS/input_txtmrp'

2018-05-09 16:16:19 - [MESSAGE][PASSED] - Text '28.0' is set on object 'Object Repository/MOH AND GRN/Page_KDMC - CMS/input_txtmrp'

2018-05-09 16:16:19 - [TEST_STEP][PASSED] - setText: Finding Test Object with id 'Object Repository/MOH AND GRN/Page_KDMC - CMS/input_txtdeal'

2018-05-09 16:16:19 - [TEST_STEP][PASSED] - Statement - switch (id): Finding Test Object with id 'Object Repository/MOH AND GRN/Page_KDMC - CMS/input_txtbatchno'

2018-05-09 16:16:19 - [TEST_STEP][PASSED] - Statement - case 5:: Text '9.0' is set on object 'Object Repository/MOH AND GRN/Page_KDMC - CMS/input_txtdeal'

2018-05-09 16:16:19 - [TEST_STEP][PASSED] - Statement - return (java.lang.Math.floor((java.lang.Math.random() * ((max - min) + 1))) + min): Text '9.0' is set on object 'Object Repository/MOH AND GRN/Page_KDMC - CMS/input_txtdeal'

2018-05-09 16:16:20 - [MESSAGE][PASSED] - Text '9.0' is set on object 'Object Repository/MOH AND GRN/Page_KDMC - CMS/input_txtdeal'

2018-05-09 16:16:20 - [TEST_STEP][PASSED] - setText: Finding Test Object with id 'Object Repository/MOH AND GRN/Page_KDMC - CMS/input_txtbatchno'

2018-05-09 16:16:20 - [TEST_STEP][PASSED] - Statement - switch (id): Finding Test Object with id 'Object Repository/MOH AND GRN/Page_KDMC - CMS/input_txtmrp'

2018-05-09 16:16:20 - [TEST_STEP][PASSED] - Statement - case 1:: Text 'BA53.0' is set on object 'Object Repository/MOH AND GRN/Page_KDMC - CMS/input_txtbatchno'

2018-05-09 16:16:20 - [TEST_STEP][PASSED] - Statement - return (java.lang.Math.floor((java.lang.Math.random() * ((max - min) + 1))) + min): Text 'BA53.0' is set on object 'Object Repository/MOH AND GRN/Page_KDMC - CMS/input_txtbatchno'

2018-05-09 16:16:20 - [MESSAGE][PASSED] - Text 'BA53.0' is set on object 'Object Repository/MOH AND GRN/Page_KDMC - CMS/input_txtbatchno'

2018-05-09 16:16:20 - [TEST_STEP][PASSED] - rightClick: Object: 'Object Repository/GRN/Page_KDMC - CMS/input_txtexpdate' is right clicked on

2018-05-09 16:16:30 - [MESSAGE][PASSED] - Object: 'Object Repository/GRN/Page_KDMC - CMS/input_txtexpdate' is right clicked on

2018-05-09 16:16:30 - [TEST_STEP][PASSED] - selectOptionByIndex: All options with index in [4] are selected on object 'Object Repository/GRN/Page_KDMC - CMS/select_20182019202020212022202'

2018-05-09 16:16:30 - [MESSAGE][PASSED] - All options with index in [4] are selected on object 'Object Repository/GRN/Page_KDMC - CMS/select_20182019202020212022202'

2018-05-09 16:16:30 - [TEST_STEP][PASSED] - selectOptionByIndex: All options with index in [4] are selected on object 'Object Repository/GRN/Page_KDMC - CMS/select_JanFebMarAprMayJunJulAu'

2018-05-09 16:16:30 - [MESSAGE][PASSED] - All options with index in [4] are selected on object 'Object Repository/GRN/Page_KDMC - CMS/select_JanFebMarAprMayJunJulAu'

2018-05-09 16:16:30 - [TEST_STEP][PASSED] - click: Object: 'Object Repository/MOH AND GRN/Page_KDMC - CMS/a_12' is clicked on

2018-05-09 16:16:35 - [MESSAGE][PASSED] - Object: 'Object Repository/MOH AND GRN/Page_KDMC - CMS/a_12' is clicked on

2018-05-09 16:16:35 - [TEST_STEP][PASSED] - click: Object: 'Object Repository/MOH AND GRN/Page_KDMC - CMS/input_btnadd' is clicked on

2018-05-09 16:16:40 - [MESSAGE][PASSED] - Object: 'Object Repository/MOH AND GRN/Page_KDMC - CMS/input_btnadd' is clicked on

2018-05-09 16:16:40 - [TEST_STEP][PASSED] - Statement - If (s == 10): null

2018-05-09 16:16:40 - [TEST_STEP][PASSED] - Statement - Else: null

2018-05-09 16:16:40 - [TEST_STEP][PASSED] - Statement - (s++): null

2018-05-09 16:16:40 - [TEST_STEP][PASSED] - delay: Delayed 1 second(s)

2018-05-09 16:16:41 - [MESSAGE][PASSED] - Delayed 1 second(s)

2018-05-09 16:16:41 - [TEST_STEP][PASSED] - selectOptionByIndex: All options with index in [25] are selected on object 'Object Repository/MOH AND GRN/Page_KDMC - CMS/select_--Select--Amikacin -500'

2018-05-09 16:16:42 - [MESSAGE][PASSED] - All options with index in [25] are selected on object 'Object Repository/MOH AND GRN/Page_KDMC - CMS/select_--Select--Amikacin -500'

2018-05-09 16:16:42 - [TEST_STEP][PASSED] - setText: Text '5000' is set on object 'Object Repository/MOH AND GRN/Page_KDMC - CMS/input_txtqty'

2018-05-09 16:16:42 - [MESSAGE][PASSED] - Text '5000' is set on object 'Object Repository/MOH AND GRN/Page_KDMC - CMS/input_txtqty'

2018-05-09 16:16:42 - [TEST_STEP][PASSED] - selectOptionByIndex: All options with index in [1] are selected on object 'Object Repository/MOH AND GRN/Page_KDMC - CMS/select_--Select--No Tax0'

2018-05-09 16:16:42 - [MESSAGE][PASSED] - All options with index in [1] are selected on object 'Object Repository/MOH AND GRN/Page_KDMC - CMS/select_--Select--No Tax0'

2018-05-09 16:16:42 - [TEST_STEP][PASSED] - setText: Finding Test Object with id 'Object Repository/MOH AND GRN/Page_KDMC - CMS/input_txtmrp'

2018-05-09 16:16:42 - [TEST_STEP][PASSED] - Statement - switch (id): Finding Test Object with id 'Object Repository/MOH AND GRN/Page_KDMC - CMS/input_txtdeal'

2018-05-09 16:16:42 - [TEST_STEP][PASSED] - Statement - case 4:: Text '25.0' is set on object 'Object Repository/MOH AND GRN/Page_KDMC - CMS/input_txtmrp'

2018-05-09 16:16:42 - [TEST_STEP][PASSED] - Statement - return (java.lang.Math.floor((java.lang.Math.random() * ((max - min) + 1))) + min): Text '25.0' is set on object 'Object Repository/MOH AND GRN/Page_KDMC - CMS/input_txtmrp'

2018-05-09 16:16:42 - [MESSAGE][PASSED] - Text '25.0' is set on object 'Object Repository/MOH AND GRN/Page_KDMC - CMS/input_txtmrp'

2018-05-09 16:16:42 - [TEST_STEP][PASSED] - setText: Finding Test Object with id 'Object Repository/MOH AND GRN/Page_KDMC - CMS/input_txtdeal'

2018-05-09 16:16:42 - [TEST_STEP][PASSED] - Statement - switch (id): Finding Test Object with id 'Object Repository/MOH AND GRN/Page_KDMC - CMS/input_txtbatchno'

2018-05-09 16:16:42 - [TEST_STEP][PASSED] - Statement - case 5:: Text '8.0' is set on object 'Object Repository/MOH AND GRN/Page_KDMC - CMS/input_txtdeal'

2018-05-09 16:16:42 - [TEST_STEP][PASSED] - Statement - return (java.lang.Math.floor((java.lang.Math.random() * ((max - min) + 1))) + min): Text '8.0' is set on object 'Object Repository/MOH AND GRN/Page_KDMC - CMS/input_txtdeal'

2018-05-09 16:16:42 - [MESSAGE][PASSED] - Text '8.0' is set on object 'Object Repository/MOH AND GRN/Page_KDMC - CMS/input_txtdeal'

2018-05-09 16:16:42 - [TEST_STEP][PASSED] - setText: Finding Test Object with id 'Object Repository/MOH AND GRN/Page_KDMC - CMS/input_txtbatchno'

2018-05-09 16:16:42 - [TEST_STEP][PASSED] - Statement - switch (id): Finding Test Object with id 'Object Repository/MOH AND GRN/Page_KDMC - CMS/input_txtmrp'

2018-05-09 16:16:42 - [TEST_STEP][PASSED] - Statement - case 1:: Text 'BA456.0' is set on object 'Object Repository/MOH AND GRN/Page_KDMC - CMS/input_txtbatchno'

2018-05-09 16:16:42 - [TEST_STEP][PASSED] - Statement - return (java.lang.Math.floor((java.lang.Math.random() * ((max - min) + 1))) + min): Text 'BA456.0' is set on object 'Object Repository/MOH AND GRN/Page_KDMC - CMS/input_txtbatchno'

2018-05-09 16:16:42 - [MESSAGE][PASSED] - Text 'BA456.0' is set on object 'Object Repository/MOH AND GRN/Page_KDMC - CMS/input_txtbatchno'

2018-05-09 16:16:42 - [TEST_STEP][PASSED] - rightClick: Object: 'Object Repository/GRN/Page_KDMC - CMS/input_txtexpdate' is right clicked on

2018-05-09 16:16:52 - [MESSAGE][PASSED] - Object: 'Object Repository/GRN/Page_KDMC - CMS/input_txtexpdate' is right clicked on

2018-05-09 16:16:52 - [TEST_STEP][PASSED] - selectOptionByIndex: All options with index in [5] are selected on object 'Object Repository/GRN/Page_KDMC - CMS/select_20182019202020212022202'

2018-05-09 16:16:52 - [MESSAGE][PASSED] - All options with index in [5] are selected on object 'Object Repository/GRN/Page_KDMC - CMS/select_20182019202020212022202'

2018-05-09 16:16:52 - [TEST_STEP][PASSED] - selectOptionByIndex: All options with index in [5] are selected on object 'Object Repository/GRN/Page_KDMC - CMS/select_JanFebMarAprMayJunJulAu'

2018-05-09 16:16:53 - [MESSAGE][PASSED] - All options with index in [5] are selected on object 'Object Repository/GRN/Page_KDMC - CMS/select_JanFebMarAprMayJunJulAu'

2018-05-09 16:16:53 - [TEST_STEP][PASSED] - click: Object: 'Object Repository/MOH AND GRN/Page_KDMC - CMS/a_12' is clicked on

2018-05-09 16:16:58 - [MESSAGE][PASSED] - Object: 'Object Repository/MOH AND GRN/Page_KDMC - CMS/a_12' is clicked on

2018-05-09 16:16:58 - [TEST_STEP][PASSED] - click: Object: 'Object Repository/MOH AND GRN/Page_KDMC - CMS/input_btnadd' is clicked on

2018-05-09 16:17:03 - [MESSAGE][PASSED] - Object: 'Object Repository/MOH AND GRN/Page_KDMC - CMS/input_btnadd' is clicked on

2018-05-09 16:17:03 - [TEST_STEP][PASSED] - Statement - If (s == 10): null

2018-05-09 16:17:03 - [TEST_STEP][PASSED] - Statement - Else: null

2018-05-09 16:17:03 - [TEST_STEP][PASSED] - Statement - (s++): null

2018-05-09 16:17:03 - [TEST_STEP][PASSED] - delay: Delayed 1 second(s)

2018-05-09 16:17:04 - [MESSAGE][PASSED] - Delayed 1 second(s)

2018-05-09 16:17:04 - [TEST_STEP][PASSED] - selectOptionByIndex: All options with index in [26] are selected on object 'Object Repository/MOH AND GRN/Page_KDMC - CMS/select_--Select--Amikacin -500'

2018-05-09 16:17:04 - [MESSAGE][PASSED] - All options with index in [26] are selected on object 'Object Repository/MOH AND GRN/Page_KDMC - CMS/select_--Select--Amikacin -500'

2018-05-09 16:17:04 - [TEST_STEP][PASSED] - setText: Text '5000' is set on object 'Object Repository/MOH AND GRN/Page_KDMC - CMS/input_txtqty'

2018-05-09 16:17:04 - [MESSAGE][PASSED] - Text '5000' is set on object 'Object Repository/MOH AND GRN/Page_KDMC - CMS/input_txtqty'

2018-05-09 16:17:04 - [TEST_STEP][PASSED] - selectOptionByIndex: All options with index in [1] are selected on object 'Object Repository/MOH AND GRN/Page_KDMC - CMS/select_--Select--No Tax0'

2018-05-09 16:17:04 - [MESSAGE][PASSED] - All options with index in [1] are selected on object 'Object Repository/MOH AND GRN/Page_KDMC - CMS/select_--Select--No Tax0'

2018-05-09 16:17:04 - [TEST_STEP][PASSED] - setText: Finding Test Object with id 'Object Repository/MOH AND GRN/Page_KDMC - CMS/input_txtmrp'

2018-05-09 16:17:04 - [TEST_STEP][PASSED] - Statement - switch (id): Finding Test Object with id 'Object Repository/MOH AND GRN/Page_KDMC - CMS/input_txtdeal'

2018-05-09 16:17:04 - [TEST_STEP][PASSED] - Statement - case 4:: Text '25.0' is set on object 'Object Repository/MOH AND GRN/Page_KDMC - CMS/input_txtmrp'

2018-05-09 16:17:04 - [TEST_STEP][PASSED] - Statement - return (java.lang.Math.floor((java.lang.Math.random() * ((max - min) + 1))) + min): Text '25.0' is set on object 'Object Repository/MOH AND GRN/Page_KDMC - CMS/input_txtmrp'

2018-05-09 16:17:05 - [MESSAGE][PASSED] - Text '25.0' is set on object 'Object Repository/MOH AND GRN/Page_KDMC - CMS/input_txtmrp'

2018-05-09 16:17:05 - [TEST_STEP][PASSED] - setText: Finding Test Object with id 'Object Repository/MOH AND GRN/Page_KDMC - CMS/input_txtdeal'

2018-05-09 16:17:05 - [TEST_STEP][PASSED] - Statement - switch (id): Finding Test Object with id 'Object Repository/MOH AND GRN/Page_KDMC - CMS/input_txtbatchno'

2018-05-09 16:17:05 - [TEST_STEP][PASSED] - Statement - case 5:: Text '7.0' is set on object 'Object Repository/MOH AND GRN/Page_KDMC - CMS/input_txtdeal'

2018-05-09 16:17:05 - [TEST_STEP][PASSED] - Statement - return (java.lang.Math.floor((java.lang.Math.random() * ((max - min) + 1))) + min): Text '7.0' is set on object 'Object Repository/MOH AND GRN/Page_KDMC - CMS/input_txtdeal'

2018-05-09 16:17:05 - [MESSAGE][PASSED] - Text '7.0' is set on object 'Object Repository/MOH AND GRN/Page_KDMC - CMS/input_txtdeal'

2018-05-09 16:17:05 - [TEST_STEP][PASSED] - setText: Finding Test Object with id 'Object Repository/MOH AND GRN/Page_KDMC - CMS/input_txtbatchno'

2018-05-09 16:17:05 - [TEST_STEP][PASSED] - Statement - switch (id): Finding Test Object with id 'Object Repository/MOH AND GRN/Page_KDMC - CMS/input_txtmrp'

2018-05-09 16:17:05 - [TEST_STEP][PASSED] - Statement - case 1:: Text 'BA164.0' is set on object 'Object Repository/MOH AND GRN/Page_KDMC - CMS/input_txtbatchno'

2018-05-09 16:17:05 - [TEST_STEP][PASSED] - Statement - return (java.lang.Math.floor((java.lang.Math.random() * ((max - min) + 1))) + min): Text 'BA164.0' is set on object 'Object Repository/MOH AND GRN/Page_KDMC - CMS/input_txtbatchno'

2018-05-09 16:17:05 - [MESSAGE][PASSED] - Text 'BA164.0' is set on object 'Object Repository/MOH AND GRN/Page_KDMC - CMS/input_txtbatchno'

2018-05-09 16:17:05 - [TEST_STEP][PASSED] - rightClick: Object: 'Object Repository/GRN/Page_KDMC - CMS/input_txtexpdate' is right clicked on

2018-05-09 16:17:15 - [MESSAGE][PASSED] - Object: 'Object Repository/GRN/Page_KDMC - CMS/input_txtexpdate' is right clicked on

2018-05-09 16:17:15 - [TEST_STEP][PASSED] - selectOptionByIndex: All options with index in [6] are selected on object 'Object Repository/GRN/Page_KDMC - CMS/select_20182019202020212022202'

2018-05-09 16:17:15 - [MESSAGE][PASSED] - All options with index in [6] are selected on object 'Object Repository/GRN/Page_KDMC - CMS/select_20182019202020212022202'

2018-05-09 16:17:15 - [TEST_STEP][PASSED] - selectOptionByIndex: All options with index in [6] are selected on object 'Object Repository/GRN/Page_KDMC - CMS/select_JanFebMarAprMayJunJulAu'

2018-05-09 16:17:15 - [MESSAGE][PASSED] - All options with index in [6] are selected on object 'Object Repository/GRN/Page_KDMC - CMS/select_JanFebMarAprMayJunJulAu'

2018-05-09 16:17:15 - [TEST_STEP][PASSED] - click: Object: 'Object Repository/MOH AND GRN/Page_KDMC - CMS/a_12' is clicked on

2018-05-09 16:17:20 - [MESSAGE][PASSED] - Object: 'Object Repository/MOH AND GRN/Page_KDMC - CMS/a_12' is clicked on

2018-05-09 16:17:20 - [TEST_STEP][PASSED] - click: Object: 'Object Repository/MOH AND GRN/Page_KDMC - CMS/input_btnadd' is clicked on

2018-05-09 16:17:25 - [MESSAGE][PASSED] - Object: 'Object Repository/MOH AND GRN/Page_KDMC - CMS/input_btnadd' is clicked on

2018-05-09 16:17:25 - [TEST_STEP][PASSED] - Statement - If (s == 10): null

2018-05-09 16:17:25 - [TEST_STEP][PASSED] - Statement - Else: null

2018-05-09 16:17:25 - [TEST_STEP][PASSED] - Statement - (s++): null

2018-05-09 16:17:25 - [TEST_STEP][PASSED] - delay: Delayed 1 second(s)

2018-05-09 16:17:26 - [MESSAGE][PASSED] - Delayed 1 second(s)

2018-05-09 16:17:26 - [TEST_STEP][PASSED] - selectOptionByIndex: All options with index in [27] are selected on object 'Object Repository/MOH AND GRN/Page_KDMC - CMS/select_--Select--Amikacin -500'

2018-05-09 16:17:27 - [MESSAGE][PASSED] - All options with index in [27] are selected on object 'Object Repository/MOH AND GRN/Page_KDMC - CMS/select_--Select--Amikacin -500'

2018-05-09 16:17:27 - [TEST_STEP][PASSED] - setText: Text '5000' is set on object 'Object Repository/MOH AND GRN/Page_KDMC - CMS/input_txtqty'

2018-05-09 16:17:27 - [MESSAGE][PASSED] - Text '5000' is set on object 'Object Repository/MOH AND GRN/Page_KDMC - CMS/input_txtqty'

2018-05-09 16:17:27 - [TEST_STEP][PASSED] - selectOptionByIndex: All options with index in [1] are selected on object 'Object Repository/MOH AND GRN/Page_KDMC - CMS/select_--Select--No Tax0'

2018-05-09 16:17:27 - [MESSAGE][PASSED] - All options with index in [1] are selected on object 'Object Repository/MOH AND GRN/Page_KDMC - CMS/select_--Select--No Tax0'

2018-05-09 16:17:27 - [TEST_STEP][PASSED] - setText: Finding Test Object with id 'Object Repository/MOH AND GRN/Page_KDMC - CMS/input_txtmrp'

2018-05-09 16:17:27 - [TEST_STEP][PASSED] - Statement - switch (id): Finding Test Object with id 'Object Repository/MOH AND GRN/Page_KDMC - CMS/input_txtdeal'

2018-05-09 16:17:27 - [TEST_STEP][PASSED] - Statement - case 4:: Text '28.0' is set on object 'Object Repository/MOH AND GRN/Page_KDMC - CMS/input_txtmrp'

2018-05-09 16:17:27 - [TEST_STEP][PASSED] - Statement - return (java.lang.Math.floor((java.lang.Math.random() * ((max - min) + 1))) + min): Text '28.0' is set on object 'Object Repository/MOH AND GRN/Page_KDMC - CMS/input_txtmrp'

2018-05-09 16:17:27 - [MESSAGE][PASSED] - Text '28.0' is set on object 'Object Repository/MOH AND GRN/Page_KDMC - CMS/input_txtmrp'

2018-05-09 16:17:27 - [TEST_STEP][PASSED] - setText: Finding Test Object with id 'Object Repository/MOH AND GRN/Page_KDMC - CMS/input_txtdeal'

2018-05-09 16:17:27 - [TEST_STEP][PASSED] - Statement - switch (id): Finding Test Object with id 'Object Repository/MOH AND GRN/Page_KDMC - CMS/input_txtbatchno'

2018-05-09 16:17:27 - [TEST_STEP][PASSED] - Statement - case 5:: Text '9.0' is set on object 'Object Repository/MOH AND GRN/Page_KDMC - CMS/input_txtdeal'

2018-05-09 16:17:27 - [TEST_STEP][PASSED] - Statement - return (java.lang.Math.floor((java.lang.Math.random() * ((max - min) + 1))) + min): Text '9.0' is set on object 'Object Repository/MOH AND GRN/Page_KDMC - CMS/input_txtdeal'

2018-05-09 16:17:27 - [MESSAGE][PASSED] - Text '9.0' is set on object 'Object Repository/MOH AND GRN/Page_KDMC - CMS/input_txtdeal'

2018-05-09 16:17:27 - [TEST_STEP][PASSED] - setText: Finding Test Object with id 'Object Repository/MOH AND GRN/Page_KDMC - CMS/input_txtbatchno'

2018-05-09 16:17:27 - [TEST_STEP][PASSED] - Statement - switch (id): Finding Test Object with id 'Object Repository/MOH AND GRN/Page_KDMC - CMS/input_txtmrp'

2018-05-09 16:17:27 - [TEST_STEP][PASSED] - Statement - case 1:: Text 'BA280.0' is set on object 'Object Repository/MOH AND GRN/Page_KDMC - CMS/input_txtbatchno'

2018-05-09 16:17:27 - [TEST_STEP][PASSED] - Statement - return (java.lang.Math.floor((java.lang.Math.random() * ((max - min) + 1))) + min): Text 'BA280.0' is set on object 'Object Repository/MOH AND GRN/Page_KDMC - CMS/input_txtbatchno'

2018-05-09 16:17:28 - [MESSAGE][PASSED] - Text 'BA280.0' is set on object 'Object Repository/MOH AND GRN/Page_KDMC - CMS/input_txtbatchno'

2018-05-09 16:17:28 - [TEST_STEP][PASSED] - rightClick: Object: 'Object Repository/GRN/Page_KDMC - CMS/input_txtexpdate' is right clicked on

2018-05-09 16:17:38 - [MESSAGE][PASSED] - Object: 'Object Repository/GRN/Page_KDMC - CMS/input_txtexpdate' is right clicked on

2018-05-09 16:17:38 - [TEST_STEP][PASSED] - selectOptionByIndex: All options with index in [7] are selected on object 'Object Repository/GRN/Page_KDMC - CMS/select_20182019202020212022202'

2018-05-09 16:17:38 - [MESSAGE][PASSED] - All options with index in [7] are selected on object 'Object Repository/GRN/Page_KDMC - CMS/select_20182019202020212022202'

2018-05-09 16:17:38 - [TEST_STEP][PASSED] - selectOptionByIndex: All options with index in [7] are selected on object 'Object Repository/GRN/Page_KDMC - CMS/select_JanFebMarAprMayJunJulAu'

2018-05-09 16:17:38 - [MESSAGE][PASSED] - All options with index in [7] are selected on object 'Object Repository/GRN/Page_KDMC - CMS/select_JanFebMarAprMayJunJulAu'

2018-05-09 16:17:38 - [TEST_STEP][PASSED] - click: Object: 'Object Repository/MOH AND GRN/Page_KDMC - CMS/a_12' is clicked on

2018-05-09 16:17:43 - [MESSAGE][PASSED] - Object: 'Object Repository/MOH AND GRN/Page_KDMC - CMS/a_12' is clicked on

2018-05-09 16:17:43 - [TEST_STEP][PASSED] - click: Object: 'Object Repository/MOH AND GRN/Page_KDMC - CMS/input_btnadd' is clicked on

2018-05-09 16:17:48 - [MESSAGE][PASSED] - Object: 'Object Repository/MOH AND GRN/Page_KDMC - CMS/input_btnadd' is clicked on

2018-05-09 16:17:48 - [TEST_STEP][PASSED] - Statement - If (s == 10): null

2018-05-09 16:17:48 - [TEST_STEP][PASSED] - Statement - Else: null

2018-05-09 16:17:48 - [TEST_STEP][PASSED] - Statement - (s++): null

2018-05-09 16:17:48 - [TEST_STEP][PASSED] - delay: Delayed 1 second(s)

2018-05-09 16:17:49 - [MESSAGE][PASSED] - Delayed 1 second(s)

2018-05-09 16:17:49 - [TEST_STEP][PASSED] - selectOptionByIndex: All options with index in [28] are selected on object 'Object Repository/MOH AND GRN/Page_KDMC - CMS/select_--Select--Amikacin -500'

2018-05-09 16:17:50 - [MESSAGE][PASSED] - All options with index in [28] are selected on object 'Object Repository/MOH AND GRN/Page_KDMC - CMS/select_--Select--Amikacin -500'

2018-05-09 16:17:50 - [TEST_STEP][PASSED] - setText: Text '5000' is set on object 'Object Repository/MOH AND GRN/Page_KDMC - CMS/input_txtqty'

2018-05-09 16:17:50 - [MESSAGE][PASSED] - Text '5000' is set on object 'Object Repository/MOH AND GRN/Page_KDMC - CMS/input_txtqty'

2018-05-09 16:17:50 - [TEST_STEP][PASSED] - selectOptionByIndex: All options with index in [1] are selected on object 'Object Repository/MOH AND GRN/Page_KDMC - CMS/select_--Select--No Tax0'

2018-05-09 16:17:50 - [MESSAGE][PASSED] - All options with index in [1] are selected on object 'Object Repository/MOH AND GRN/Page_KDMC - CMS/select_--Select--No Tax0'

2018-05-09 16:17:50 - [TEST_STEP][PASSED] - setText: Finding Test Object with id 'Object Repository/MOH AND GRN/Page_KDMC - CMS/input_txtmrp'

2018-05-09 16:17:50 - [TEST_STEP][PASSED] - Statement - switch (id): Finding Test Object with id 'Object Repository/MOH AND GRN/Page_KDMC - CMS/input_txtdeal'

2018-05-09 16:17:50 - [TEST_STEP][PASSED] - Statement - case 4:: Text '27.0' is set on object 'Object Repository/MOH AND GRN/Page_KDMC - CMS/input_txtmrp'

2018-05-09 16:17:50 - [TEST_STEP][PASSED] - Statement - return (java.lang.Math.floor((java.lang.Math.random() * ((max - min) + 1))) + min): Text '27.0' is set on object 'Object Repository/MOH AND GRN/Page_KDMC - CMS/input_txtmrp'

2018-05-09 16:17:50 - [MESSAGE][PASSED] - Text '27.0' is set on object 'Object Repository/MOH AND GRN/Page_KDMC - CMS/input_txtmrp'

2018-05-09 16:17:50 - [TEST_STEP][PASSED] - setText: Finding Test Object with id 'Object Repository/MOH AND GRN/Page_KDMC - CMS/input_txtdeal'

2018-05-09 16:17:50 - [TEST_STEP][PASSED] - Statement - switch (id): Finding Test Object with id 'Object Repository/MOH AND GRN/Page_KDMC - CMS/input_txtbatchno'

2018-05-09 16:17:50 - [TEST_STEP][PASSED] - Statement - case 5:: Text '10.0' is set on object 'Object Repository/MOH AND GRN/Page_KDMC - CMS/input_txtdeal'

2018-05-09 16:17:50 - [TEST_STEP][PASSED] - Statement - return (java.lang.Math.floor((java.lang.Math.random() * ((max - min) + 1))) + min): Text '10.0' is set on object 'Object Repository/MOH AND GRN/Page_KDMC - CMS/input_txtdeal'

2018-05-09 16:17:50 - [MESSAGE][PASSED] - Text '10.0' is set on object 'Object Repository/MOH AND GRN/Page_KDMC - CMS/input_txtdeal'

2018-05-09 16:17:50 - [TEST_STEP][PASSED] - setText: Finding Test Object with id 'Object Repository/MOH AND GRN/Page_KDMC - CMS/input_txtbatchno'

2018-05-09 16:17:50 - [TEST_STEP][PASSED] - Statement - switch (id): Finding Test Object with id 'Object Repository/MOH AND GRN/Page_KDMC - CMS/input_txtmrp'

2018-05-09 16:17:50 - [TEST_STEP][PASSED] - Statement - case 1:: Text 'BA690.0' is set on object 'Object Repository/MOH AND GRN/Page_KDMC - CMS/input_txtbatchno'

2018-05-09 16:17:50 - [TEST_STEP][PASSED] - Statement - return (java.lang.Math.floor((java.lang.Math.random() * ((max - min) + 1))) + min): Text 'BA690.0' is set on object 'Object Repository/MOH AND GRN/Page_KDMC - CMS/input_txtbatchno'

2018-05-09 16:17:50 - [MESSAGE][PASSED] - Text 'BA690.0' is set on object 'Object Repository/MOH AND GRN/Page_KDMC - CMS/input_txtbatchno'

2018-05-09 16:17:50 - [TEST_STEP][PASSED] - rightClick: Object: 'Object Repository/GRN/Page_KDMC - CMS/input_txtexpdate' is right clicked on

2018-05-09 16:18:00 - [MESSAGE][PASSED] - Object: 'Object Repository/GRN/Page_KDMC - CMS/input_txtexpdate' is right clicked on

2018-05-09 16:18:00 - [TEST_STEP][PASSED] - selectOptionByIndex: All options with index in [8] are selected on object 'Object Repository/GRN/Page_KDMC - CMS/select_20182019202020212022202'

2018-05-09 16:18:01 - [MESSAGE][PASSED] - All options with index in [8] are selected on object 'Object Repository/GRN/Page_KDMC - CMS/select_20182019202020212022202'

2018-05-09 16:18:01 - [TEST_STEP][PASSED] - selectOptionByIndex: All options with index in [8] are selected on object 'Object Repository/GRN/Page_KDMC - CMS/select_JanFebMarAprMayJunJulAu'

2018-05-09 16:18:01 - [MESSAGE][PASSED] - All options with index in [8] are selected on object 'Object Repository/GRN/Page_KDMC - CMS/select_JanFebMarAprMayJunJulAu'

2018-05-09 16:18:01 - [TEST_STEP][PASSED] - click: Object: 'Object Repository/MOH AND GRN/Page_KDMC - CMS/a_12' is clicked on

2018-05-09 16:18:06 - [MESSAGE][PASSED] - Object: 'Object Repository/MOH AND GRN/Page_KDMC - CMS/a_12' is clicked on

2018-05-09 16:18:06 - [TEST_STEP][PASSED] - click: Object: 'Object Repository/MOH AND GRN/Page_KDMC - CMS/input_btnadd' is clicked on

2018-05-09 16:18:11 - [MESSAGE][PASSED] - Object: 'Object Repository/MOH AND GRN/Page_KDMC - CMS/input_btnadd' is clicked on

2018-05-09 16:18:11 - [TEST_STEP][PASSED] - Statement - If (s == 10): null

2018-05-09 16:18:11 - [TEST_STEP][PASSED] - Statement - Else: null

2018-05-09 16:18:11 - [TEST_STEP][PASSED] - Statement - (s++): null

2018-05-09 16:18:11 - [TEST_STEP][PASSED] - delay: Delayed 1 second(s)

2018-05-09 16:18:12 - [MESSAGE][PASSED] - Delayed 1 second(s)

2018-05-09 16:18:12 - [TEST_STEP][PASSED] - selectOptionByIndex: All options with index in [29] are selected on object 'Object Repository/MOH AND GRN/Page_KDMC - CMS/select_--Select--Amikacin -500'

2018-05-09 16:18:12 - [MESSAGE][PASSED] - All options with index in [29] are selected on object 'Object Repository/MOH AND GRN/Page_KDMC - CMS/select_--Select--Amikacin -500'

2018-05-09 16:18:12 - [TEST_STEP][PASSED] - setText: Text '5000' is set on object 'Object Repository/MOH AND GRN/Page_KDMC - CMS/input_txtqty'

2018-05-09 16:18:13 - [MESSAGE][PASSED] - Text '5000' is set on object 'Object Repository/MOH AND GRN/Page_KDMC - CMS/input_txtqty'

2018-05-09 16:18:13 - [TEST_STEP][PASSED] - selectOptionByIndex: All options with index in [1] are selected on object 'Object Repository/MOH AND GRN/Page_KDMC - CMS/select_--Select--No Tax0'

2018-05-09 16:18:13 - [MESSAGE][PASSED] - All options with index in [1] are selected on object 'Object Repository/MOH AND GRN/Page_KDMC - CMS/select_--Select--No Tax0'

2018-05-09 16:18:13 - [TEST_STEP][PASSED] - setText: Finding Test Object with id 'Object Repository/MOH AND GRN/Page_KDMC - CMS/input_txtmrp'

2018-05-09 16:18:13 - [TEST_STEP][PASSED] - Statement - switch (id): Finding Test Object with id 'Object Repository/MOH AND GRN/Page_KDMC - CMS/input_txtdeal'

2018-05-09 16:18:13 - [TEST_STEP][PASSED] - Statement - case 4:: Text '30.0' is set on object 'Object Repository/MOH AND GRN/Page_KDMC - CMS/input_txtmrp'

2018-05-09 16:18:13 - [TEST_STEP][PASSED] - Statement - return (java.lang.Math.floor((java.lang.Math.random() * ((max - min) + 1))) + min): Text '30.0' is set on object 'Object Repository/MOH AND GRN/Page_KDMC - CMS/input_txtmrp'

2018-05-09 16:18:13 - [MESSAGE][PASSED] - Text '30.0' is set on object 'Object Repository/MOH AND GRN/Page_KDMC - CMS/input_txtmrp'

2018-05-09 16:18:13 - [TEST_STEP][PASSED] - setText: Finding Test Object with id 'Object Repository/MOH AND GRN/Page_KDMC - CMS/input_txtdeal'

2018-05-09 16:18:13 - [TEST_STEP][PASSED] - Statement - switch (id): Finding Test Object with id 'Object Repository/MOH AND GRN/Page_KDMC - CMS/input_txtbatchno'

2018-05-09 16:18:13 - [TEST_STEP][PASSED] - Statement - case 5:: Text '9.0' is set on object 'Object Repository/MOH AND GRN/Page_KDMC - CMS/input_txtdeal'

2018-05-09 16:18:13 - [TEST_STEP][PASSED] - Statement - return (java.lang.Math.floor((java.lang.Math.random() * ((max - min) + 1))) + min): Text '9.0' is set on object 'Object Repository/MOH AND GRN/Page_KDMC - CMS/input_txtdeal'

2018-05-09 16:18:13 - [MESSAGE][PASSED] - Text '9.0' is set on object 'Object Repository/MOH AND GRN/Page_KDMC - CMS/input_txtdeal'

2018-05-09 16:18:13 - [TEST_STEP][PASSED] - setText: Finding Test Object with id 'Object Repository/MOH AND GRN/Page_KDMC - CMS/input_txtbatchno'

2018-05-09 16:18:13 - [TEST_STEP][PASSED] - Statement - switch (id): Finding Test Object with id 'Object Repository/MOH AND GRN/Page_KDMC - CMS/input_txtmrp'

2018-05-09 16:18:13 - [TEST_STEP][PASSED] - Statement - case 1:: Text 'BA906.0' is set on object 'Object Repository/MOH AND GRN/Page_KDMC - CMS/input_txtbatchno'

2018-05-09 16:18:13 - [TEST_STEP][PASSED] - Statement - return (java.lang.Math.floor((java.lang.Math.random() * ((max - min) + 1))) + min): Text 'BA906.0' is set on object 'Object Repository/MOH AND GRN/Page_KDMC - CMS/input_txtbatchno'

2018-05-09 16:18:13 - [MESSAGE][PASSED] - Text 'BA906.0' is set on object 'Object Repository/MOH AND GRN/Page_KDMC - CMS/input_txtbatchno'

2018-05-09 16:18:13 - [TEST_STEP][PASSED] - rightClick: Object: 'Object Repository/GRN/Page_KDMC - CMS/input_txtexpdate' is right clicked on

2018-05-09 16:18:23 - [MESSAGE][PASSED] - Object: 'Object Repository/GRN/Page_KDMC - CMS/input_txtexpdate' is right clicked on

2018-05-09 16:18:23 - [TEST_STEP][PASSED] - selectOptionByIndex: All options with index in [9] are selected on object 'Object Repository/GRN/Page_KDMC - CMS/select_20182019202020212022202'

2018-05-09 16:18:23 - [MESSAGE][PASSED] - All options with index in [9] are selected on object 'Object Repository/GRN/Page_KDMC - CMS/select_20182019202020212022202'

2018-05-09 16:18:23 - [TEST_STEP][PASSED] - selectOptionByIndex: All options with index in [9] are selected on object 'Object Repository/GRN/Page_KDMC - CMS/select_JanFebMarAprMayJunJulAu'

2018-05-09 16:18:24 - [MESSAGE][PASSED] - All options with index in [9] are selected on object 'Object Repository/GRN/Page_KDMC - CMS/select_JanFebMarAprMayJunJulAu'

2018-05-09 16:18:24 - [TEST_STEP][PASSED] - click: Object: 'Object Repository/MOH AND GRN/Page_KDMC - CMS/a_12' is clicked on

2018-05-09 16:18:29 - [MESSAGE][PASSED] - Object: 'Object Repository/MOH AND GRN/Page_KDMC - CMS/a_12' is clicked on

2018-05-09 16:18:29 - [TEST_STEP][PASSED] - click: Object: 'Object Repository/MOH AND GRN/Page_KDMC - CMS/input_btnadd' is clicked on

2018-05-09 16:18:34 - [MESSAGE][PASSED] - Object: 'Object Repository/MOH AND GRN/Page_KDMC - CMS/input_btnadd' is clicked on

2018-05-09 16:18:34 - [TEST_STEP][PASSED] - Statement - If (s == 10): null

2018-05-09 16:18:34 - [TEST_STEP][PASSED] - Statement - Else: null

2018-05-09 16:18:34 - [TEST_STEP][PASSED] - Statement - (s++): null

2018-05-09 16:18:34 - [TEST_STEP][PASSED] - delay: Delayed 1 second(s)

2018-05-09 16:18:35 - [MESSAGE][PASSED] - Delayed 1 second(s)

2018-05-09 16:18:35 - [TEST_STEP][PASSED] - selectOptionByIndex: All options with index in [30] are selected on object 'Object Repository/MOH AND GRN/Page_KDMC - CMS/select_--Select--Amikacin -500'

2018-05-09 16:18:35 - [MESSAGE][PASSED] - All options with index in [30] are selected on object 'Object Repository/MOH AND GRN/Page_KDMC - CMS/select_--Select--Amikacin -500'

2018-05-09 16:18:35 - [TEST_STEP][PASSED] - setText: Text '5000' is set on object 'Object Repository/MOH AND GRN/Page_KDMC - CMS/input_txtqty'

2018-05-09 16:18:35 - [MESSAGE][PASSED] - Text '5000' is set on object 'Object Repository/MOH AND GRN/Page_KDMC - CMS/input_txtqty'

2018-05-09 16:18:35 - [TEST_STEP][PASSED] - selectOptionByIndex: All options with index in [1] are selected on object 'Object Repository/MOH AND GRN/Page_KDMC - CMS/select_--Select--No Tax0'

2018-05-09 16:18:35 - [MESSAGE][PASSED] - All options with index in [1] are selected on object 'Object Repository/MOH AND GRN/Page_KDMC - CMS/select_--Select--No Tax0'

2018-05-09 16:18:35 - [TEST_STEP][PASSED] - setText: Finding Test Object with id 'Object Repository/MOH AND GRN/Page_KDMC - CMS/input_txtmrp'

2018-05-09 16:18:35 - [TEST_STEP][PASSED] - Statement - switch (id): Finding Test Object with id 'Object Repository/MOH AND GRN/Page_KDMC - CMS/input_txtdeal'

2018-05-09 16:18:35 - [TEST_STEP][PASSED] - Statement - case 4:: Text '40.0' is set on object 'Object Repository/MOH AND GRN/Page_KDMC - CMS/input_txtmrp'

2018-05-09 16:18:35 - [TEST_STEP][PASSED] - Statement - return (java.lang.Math.floor((java.lang.Math.random() * ((max - min) + 1))) + min): Text '40.0' is set on object 'Object Repository/MOH AND GRN/Page_KDMC - CMS/input_txtmrp'

2018-05-09 16:18:36 - [MESSAGE][PASSED] - Text '40.0' is set on object 'Object Repository/MOH AND GRN/Page_KDMC - CMS/input_txtmrp'

2018-05-09 16:18:36 - [TEST_STEP][PASSED] - setText: Finding Test Object with id 'Object Repository/MOH AND GRN/Page_KDMC - CMS/input_txtdeal'

2018-05-09 16:18:36 - [TEST_STEP][PASSED] - Statement - switch (id): Finding Test Object with id 'Object Repository/MOH AND GRN/Page_KDMC - CMS/input_txtbatchno'

2018-05-09 16:18:36 - [TEST_STEP][PASSED] - Statement - case 5:: Text '8.0' is set on object 'Object Repository/MOH AND GRN/Page_KDMC - CMS/input_txtdeal'

2018-05-09 16:18:36 - [TEST_STEP][PASSED] - Statement - return (java.lang.Math.floor((java.lang.Math.random() * ((max - min) + 1))) + min): Text '8.0' is set on object 'Object Repository/MOH AND GRN/Page_KDMC - CMS/input_txtdeal'

2018-05-09 16:18:36 - [MESSAGE][PASSED] - Text '8.0' is set on object 'Object Repository/MOH AND GRN/Page_KDMC - CMS/input_txtdeal'

2018-05-09 16:18:36 - [TEST_STEP][PASSED] - setText: Finding Test Object with id 'Object Repository/MOH AND GRN/Page_KDMC - CMS/input_txtbatchno'

2018-05-09 16:18:36 - [TEST_STEP][PASSED] - Statement - switch (id): Finding Test Object with id 'Object Repository/MOH AND GRN/Page_KDMC - CMS/input_txtmrp'

2018-05-09 16:18:36 - [TEST_STEP][PASSED] - Statement - case 1:: Text 'BA69.0' is set on object 'Object Repository/MOH AND GRN/Page_KDMC - CMS/input_txtbatchno'

2018-05-09 16:18:36 - [TEST_STEP][PASSED] - Statement - return (java.lang.Math.floor((java.lang.Math.random() * ((max - min) + 1))) + min): Text 'BA69.0' is set on object 'Object Repository/MOH AND GRN/Page_KDMC - CMS/input_txtbatchno'

2018-05-09 16:18:36 - [MESSAGE][PASSED] - Text 'BA69.0' is set on object 'Object Repository/MOH AND GRN/Page_KDMC - CMS/input_txtbatchno'

2018-05-09 16:18:36 - [TEST_STEP][PASSED] - rightClick: Object: 'Object Repository/GRN/Page_KDMC - CMS/input_txtexpdate' is right clicked on

2018-05-09 16:18:46 - [MESSAGE][PASSED] - Object: 'Object Repository/GRN/Page_KDMC - CMS/input_txtexpdate' is right clicked on

2018-05-09 16:18:46 - [TEST_STEP][PASSED] - selectOptionByIndex: All options with index in [10] are selected on object 'Object Repository/GRN/Page_KDMC - CMS/select_20182019202020212022202'

2018-05-09 16:18:46 - [MESSAGE][PASSED] - All options with index in [10] are selected on object 'Object Repository/GRN/Page_KDMC - CMS/select_20182019202020212022202'

2018-05-09 16:18:46 - [TEST_STEP][PASSED] - selectOptionByIndex: All options with index in [10] are selected on object 'Object Repository/GRN/Page_KDMC - CMS/select_JanFebMarAprMayJunJulAu'

2018-05-09 16:18:46 - [MESSAGE][PASSED] - All options with index in [10] are selected on object 'Object Repository/GRN/Page_KDMC - CMS/select_JanFebMarAprMayJunJulAu'

2018-05-09 16:18:46 - [TEST_STEP][PASSED] - click: Object: 'Object Repository/MOH AND GRN/Page_KDMC - CMS/a_12' is clicked on

2018-05-09 16:18:51 - [MESSAGE][PASSED] - Object: 'Object Repository/MOH AND GRN/Page_KDMC - CMS/a_12' is clicked on

2018-05-09 16:18:51 - [TEST_STEP][PASSED] - click: Object: 'Object Repository/MOH AND GRN/Page_KDMC - CMS/input_btnadd' is clicked on

2018-05-09 16:18:56 - [MESSAGE][PASSED] - Object: 'Object Repository/MOH AND GRN/Page_KDMC - CMS/input_btnadd' is clicked on

2018-05-09 16:18:57 - [TEST_STEP][PASSED] - Statement - If (s == 10): null

2018-05-09 16:18:57 - [TEST_STEP][PASSED] - Statement - s = 1: null

2018-05-09 16:18:57 - [TEST_STEP][PASSED] - delay: Delayed 1 second(s)

2018-05-09 16:18:58 - [MESSAGE][PASSED] - Delayed 1 second(s)

2018-05-09 16:18:58 - [TEST_STEP][PASSED] - selectOptionByIndex: All options with index in [31] are selected on object 'Object Repository/MOH AND GRN/Page_KDMC - CMS/select_--Select--Amikacin -500'

2018-05-09 16:18:58 - [MESSAGE][PASSED] - All options with index in [31] are selected on object 'Object Repository/MOH AND GRN/Page_KDMC - CMS/select_--Select--Amikacin -500'

2018-05-09 16:18:58 - [TEST_STEP][PASSED] - setText: Text '5000' is set on object 'Object Repository/MOH AND GRN/Page_KDMC - CMS/input_txtqty'

2018-05-09 16:18:58 - [MESSAGE][PASSED] - Text '5000' is set on object 'Object Repository/MOH AND GRN/Page_KDMC - CMS/input_txtqty'

2018-05-09 16:18:58 - [TEST_STEP][PASSED] - selectOptionByIndex: All options with index in [1] are selected on object 'Object Repository/MOH AND GRN/Page_KDMC - CMS/select_--Select--No Tax0'

2018-05-09 16:18:58 - [MESSAGE][PASSED] - All options with index in [1] are selected on object 'Object Repository/MOH AND GRN/Page_KDMC - CMS/select_--Select--No Tax0'

2018-05-09 16:18:58 - [TEST_STEP][PASSED] - setText: Finding Test Object with id 'Object Repository/MOH AND GRN/Page_KDMC - CMS/input_txtmrp'

2018-05-09 16:18:58 - [TEST_STEP][PASSED] - Statement - switch (id): Finding Test Object with id 'Object Repository/MOH AND GRN/Page_KDMC - CMS/input_txtdeal'

2018-05-09 16:18:58 - [TEST_STEP][PASSED] - Statement - case 4:: Text '25.0' is set on object 'Object Repository/MOH AND GRN/Page_KDMC - CMS/input_txtmrp'

2018-05-09 16:18:58 - [TEST_STEP][PASSED] - Statement - return (java.lang.Math.floor((java.lang.Math.random() * ((max - min) + 1))) + min): Text '25.0' is set on object 'Object Repository/MOH AND GRN/Page_KDMC - CMS/input_txtmrp'

2018-05-09 16:18:58 - [MESSAGE][PASSED] - Text '25.0' is set on object 'Object Repository/MOH AND GRN/Page_KDMC - CMS/input_txtmrp'

2018-05-09 16:18:58 - [TEST_STEP][PASSED] - setText: Finding Test Object with id 'Object Repository/MOH AND GRN/Page_KDMC - CMS/input_txtdeal'

2018-05-09 16:18:58 - [TEST_STEP][PASSED] - Statement - switch (id): Finding Test Object with id 'Object Repository/MOH AND GRN/Page_KDMC - CMS/input_txtbatchno'

2018-05-09 16:18:58 - [TEST_STEP][PASSED] - Statement - case 5:: Text '6.0' is set on object 'Object Repository/MOH AND GRN/Page_KDMC - CMS/input_txtdeal'

2018-05-09 16:18:58 - [TEST_STEP][PASSED] - Statement - return (java.lang.Math.floor((java.lang.Math.random() * ((max - min) + 1))) + min): Text '6.0' is set on object 'Object Repository/MOH AND GRN/Page_KDMC - CMS/input_txtdeal'

2018-05-09 16:18:59 - [MESSAGE][PASSED] - Text '6.0' is set on object 'Object Repository/MOH AND GRN/Page_KDMC - CMS/input_txtdeal'

2018-05-09 16:18:59 - [TEST_STEP][PASSED] - setText: Finding Test Object with id 'Object Repository/MOH AND GRN/Page_KDMC - CMS/input_txtbatchno'

2018-05-09 16:18:59 - [TEST_STEP][PASSED] - Statement - switch (id): Finding Test Object with id 'Object Repository/MOH AND GRN/Page_KDMC - CMS/input_txtmrp'

2018-05-09 16:18:59 - [TEST_STEP][PASSED] - Statement - case 1:: Text 'BA227.0' is set on object 'Object Repository/MOH AND GRN/Page_KDMC - CMS/input_txtbatchno'

2018-05-09 16:18:59 - [TEST_STEP][PASSED] - Statement - return (java.lang.Math.floor((java.lang.Math.random() * ((max - min) + 1))) + min): Text 'BA227.0' is set on object 'Object Repository/MOH AND GRN/Page_KDMC - CMS/input_txtbatchno'

2018-05-09 16:18:59 - [MESSAGE][PASSED] - Text 'BA227.0' is set on object 'Object Repository/MOH AND GRN/Page_KDMC - CMS/input_txtbatchno'

2018-05-09 16:18:59 - [TEST_STEP][PASSED] - rightClick: Object: 'Object Repository/GRN/Page_KDMC - CMS/input_txtexpdate' is right clicked on

2018-05-09 16:19:09 - [MESSAGE][PASSED] - Object: 'Object Repository/GRN/Page_KDMC - CMS/input_txtexpdate' is right clicked on

2018-05-09 16:19:09 - [TEST_STEP][PASSED] - selectOptionByIndex: All options with index in [1] are selected on object 'Object Repository/GRN/Page_KDMC - CMS/select_20182019202020212022202'

2018-05-09 16:19:09 - [MESSAGE][PASSED] - All options with index in [1] are selected on object 'Object Repository/GRN/Page_KDMC - CMS/select_20182019202020212022202'

2018-05-09 16:19:09 - [TEST_STEP][PASSED] - selectOptionByIndex: All options with index in [1] are selected on object 'Object Repository/GRN/Page_KDMC - CMS/select_JanFebMarAprMayJunJulAu'

2018-05-09 16:19:09 - [MESSAGE][PASSED] - All options with index in [1] are selected on object 'Object Repository/GRN/Page_KDMC - CMS/select_JanFebMarAprMayJunJulAu'

2018-05-09 16:19:09 - [TEST_STEP][PASSED] - click: Object: 'Object Repository/MOH AND GRN/Page_KDMC - CMS/a_12' is clicked on

2018-05-09 16:19:14 - [MESSAGE][PASSED] - Object: 'Object Repository/MOH AND GRN/Page_KDMC - CMS/a_12' is clicked on

2018-05-09 16:19:14 - [TEST_STEP][PASSED] - click: Object: 'Object Repository/MOH AND GRN/Page_KDMC - CMS/input_btnadd' is clicked on

2018-05-09 16:19:19 - [MESSAGE][PASSED] - Object: 'Object Repository/MOH AND GRN/Page_KDMC - CMS/input_btnadd' is clicked on

2018-05-09 16:19:19 - [TEST_STEP][PASSED] - Statement - If (s == 10): null

2018-05-09 16:19:19 - [TEST_STEP][PASSED] - Statement - Else: null

2018-05-09 16:19:19 - [TEST_STEP][PASSED] - Statement - (s++): null

2018-05-09 16:19:19 - [TEST_STEP][PASSED] - delay: Delayed 1 second(s)

2018-05-09 16:19:20 - [MESSAGE][PASSED] - Delayed 1 second(s)

2018-05-09 16:19:20 - [TEST_STEP][PASSED] - selectOptionByIndex: All options with index in [32] are selected on object 'Object Repository/MOH AND GRN/Page_KDMC - CMS/select_--Select--Amikacin -500'

2018-05-09 16:19:21 - [MESSAGE][PASSED] - All options with index in [32] are selected on object 'Object Repository/MOH AND GRN/Page_KDMC - CMS/select_--Select--Amikacin -500'

2018-05-09 16:19:21 - [TEST_STEP][PASSED] - setText: Text '5000' is set on object 'Object Repository/MOH AND GRN/Page_KDMC - CMS/input_txtqty'

2018-05-09 16:19:21 - [MESSAGE][PASSED] - Text '5000' is set on object 'Object Repository/MOH AND GRN/Page_KDMC - CMS/input_txtqty'

2018-05-09 16:19:21 - [TEST_STEP][PASSED] - selectOptionByIndex: All options with index in [1] are selected on object 'Object Repository/MOH AND GRN/Page_KDMC - CMS/select_--Select--No Tax0'

2018-05-09 16:19:21 - [MESSAGE][PASSED] - All options with index in [1] are selected on object 'Object Repository/MOH AND GRN/Page_KDMC - CMS/select_--Select--No Tax0'

2018-05-09 16:19:21 - [TEST_STEP][PASSED] - setText: Finding Test Object with id 'Object Repository/MOH AND GRN/Page_KDMC - CMS/input_txtmrp'

2018-05-09 16:19:21 - [TEST_STEP][PASSED] - Statement - switch (id): Finding Test Object with id 'Object Repository/MOH AND GRN/Page_KDMC - CMS/input_txtdeal'

2018-05-09 16:19:21 - [TEST_STEP][PASSED] - Statement - case 4:: Text '35.0' is set on object 'Object Repository/MOH AND GRN/Page_KDMC - CMS/input_txtmrp'

2018-05-09 16:19:21 - [TEST_STEP][PASSED] - Statement - return (java.lang.Math.floor((java.lang.Math.random() * ((max - min) + 1))) + min): Text '35.0' is set on object 'Object Repository/MOH AND GRN/Page_KDMC - CMS/input_txtmrp'

2018-05-09 16:19:21 - [MESSAGE][PASSED] - Text '35.0' is set on object 'Object Repository/MOH AND GRN/Page_KDMC - CMS/input_txtmrp'

2018-05-09 16:19:21 - [TEST_STEP][PASSED] - setText: Finding Test Object with id 'Object Repository/MOH AND GRN/Page_KDMC - CMS/input_txtdeal'

2018-05-09 16:19:21 - [TEST_STEP][PASSED] - Statement - switch (id): Finding Test Object with id 'Object Repository/MOH AND GRN/Page_KDMC - CMS/input_txtbatchno'

2018-05-09 16:19:21 - [TEST_STEP][PASSED] - Statement - case 5:: Text '11.0' is set on object 'Object Repository/MOH AND GRN/Page_KDMC - CMS/input_txtdeal'

2018-05-09 16:19:21 - [TEST_STEP][PASSED] - Statement - return (java.lang.Math.floor((java.lang.Math.random() * ((max - min) + 1))) + min): Text '11.0' is set on object 'Object Repository/MOH AND GRN/Page_KDMC - CMS/input_txtdeal'

2018-05-09 16:19:21 - [MESSAGE][PASSED] - Text '11.0' is set on object 'Object Repository/MOH AND GRN/Page_KDMC - CMS/input_txtdeal'

2018-05-09 16:19:21 - [TEST_STEP][PASSED] - setText: Finding Test Object with id 'Object Repository/MOH AND GRN/Page_KDMC - CMS/input_txtbatchno'

2018-05-09 16:19:21 - [TEST_STEP][PASSED] - Statement - switch (id): Finding Test Object with id 'Object Repository/MOH AND GRN/Page_KDMC - CMS/input_txtmrp'

2018-05-09 16:19:21 - [TEST_STEP][PASSED] - Statement - case 1:: Text 'BA278.0' is set on object 'Object Repository/MOH AND GRN/Page_KDMC - CMS/input_txtbatchno'

2018-05-09 16:19:21 - [TEST_STEP][PASSED] - Statement - return (java.lang.Math.floor((java.lang.Math.random() * ((max - min) + 1))) + min): Text 'BA278.0' is set on object 'Object Repository/MOH AND GRN/Page_KDMC - CMS/input_txtbatchno'

2018-05-09 16:19:21 - [MESSAGE][PASSED] - Text 'BA278.0' is set on object 'Object Repository/MOH AND GRN/Page_KDMC - CMS/input_txtbatchno'

2018-05-09 16:19:21 - [TEST_STEP][PASSED] - rightClick: Object: 'Object Repository/GRN/Page_KDMC - CMS/input_txtexpdate' is right clicked on

2018-05-09 16:19:31 - [MESSAGE][PASSED] - Object: 'Object Repository/GRN/Page_KDMC - CMS/input_txtexpdate' is right clicked on

2018-05-09 16:19:31 - [TEST_STEP][PASSED] - selectOptionByIndex: All options with index in [2] are selected on object 'Object Repository/GRN/Page_KDMC - CMS/select_20182019202020212022202'

2018-05-09 16:19:32 - [MESSAGE][PASSED] - All options with index in [2] are selected on object 'Object Repository/GRN/Page_KDMC - CMS/select_20182019202020212022202'

2018-05-09 16:19:32 - [TEST_STEP][PASSED] - selectOptionByIndex: All options with index in [2] are selected on object 'Object Repository/GRN/Page_KDMC - CMS/select_JanFebMarAprMayJunJulAu'

2018-05-09 16:19:32 - [MESSAGE][PASSED] - All options with index in [2] are selected on object 'Object Repository/GRN/Page_KDMC - CMS/select_JanFebMarAprMayJunJulAu'

2018-05-09 16:19:32 - [TEST_STEP][PASSED] - click: Object: 'Object Repository/MOH AND GRN/Page_KDMC - CMS/a_12' is clicked on

2018-05-09 16:19:37 - [MESSAGE][PASSED] - Object: 'Object Repository/MOH AND GRN/Page_KDMC - CMS/a_12' is clicked on

2018-05-09 16:19:37 - [TEST_STEP][PASSED] - click: Object: 'Object Repository/MOH AND GRN/Page_KDMC - CMS/input_btnadd' is clicked on

2018-05-09 16:19:42 - [MESSAGE][PASSED] - Object: 'Object Repository/MOH AND GRN/Page_KDMC - CMS/input_btnadd' is clicked on

2018-05-09 16:19:42 - [TEST_STEP][PASSED] - Statement - If (s == 10): null

2018-05-09 16:19:42 - [TEST_STEP][PASSED] - Statement - Else: null

2018-05-09 16:19:42 - [TEST_STEP][PASSED] - Statement - (s++): null

2018-05-09 16:19:42 - [TEST_STEP][PASSED] - delay: Delayed 1 second(s)

2018-05-09 16:19:43 - [MESSAGE][PASSED] - Delayed 1 second(s)

2018-05-09 16:19:43 - [TEST_STEP][PASSED] - selectOptionByIndex: All options with index in [33] are selected on object 'Object Repository/MOH AND GRN/Page_KDMC - CMS/select_--Select--Amikacin -500'

2018-05-09 16:19:43 - [MESSAGE][PASSED] - All options with index in [33] are selected on object 'Object Repository/MOH AND GRN/Page_KDMC - CMS/select_--Select--Amikacin -500'

2018-05-09 16:19:43 - [TEST_STEP][PASSED] - setText: Text '5000' is set on object 'Object Repository/MOH AND GRN/Page_KDMC - CMS/input_txtqty'

2018-05-09 16:19:43 - [MESSAGE][PASSED] - Text '5000' is set on object 'Object Repository/MOH AND GRN/Page_KDMC - CMS/input_txtqty'

2018-05-09 16:19:43 - [TEST_STEP][PASSED] - selectOptionByIndex: All options with index in [1] are selected on object 'Object Repository/MOH AND GRN/Page_KDMC - CMS/select_--Select--No Tax0'

2018-05-09 16:19:44 - [MESSAGE][PASSED] - All options with index in [1] are selected on object 'Object Repository/MOH AND GRN/Page_KDMC - CMS/select_--Select--No Tax0'

2018-05-09 16:19:44 - [TEST_STEP][PASSED] - setText: Finding Test Object with id 'Object Repository/MOH AND GRN/Page_KDMC - CMS/input_txtmrp'

2018-05-09 16:19:44 - [TEST_STEP][PASSED] - Statement - switch (id): Finding Test Object with id 'Object Repository/MOH AND GRN/Page_KDMC - CMS/input_txtdeal'

2018-05-09 16:19:44 - [TEST_STEP][PASSED] - Statement - case 4:: Text '21.0' is set on object 'Object Repository/MOH AND GRN/Page_KDMC - CMS/input_txtmrp'

2018-05-09 16:19:44 - [TEST_STEP][PASSED] - Statement - return (java.lang.Math.floor((java.lang.Math.random() * ((max - min) + 1))) + min): Text '21.0' is set on object 'Object Repository/MOH AND GRN/Page_KDMC - CMS/input_txtmrp'

2018-05-09 16:19:44 - [MESSAGE][PASSED] - Text '21.0' is set on object 'Object Repository/MOH AND GRN/Page_KDMC - CMS/input_txtmrp'

2018-05-09 16:19:44 - [TEST_STEP][PASSED] - setText: Finding Test Object with id 'Object Repository/MOH AND GRN/Page_KDMC - CMS/input_txtdeal'

2018-05-09 16:19:44 - [TEST_STEP][PASSED] - Statement - switch (id): Finding Test Object with id 'Object Repository/MOH AND GRN/Page_KDMC - CMS/input_txtbatchno'

2018-05-09 16:19:44 - [TEST_STEP][PASSED] - Statement - case 5:: Text '3.0' is set on object 'Object Repository/MOH AND GRN/Page_KDMC - CMS/input_txtdeal'

2018-05-09 16:19:44 - [TEST_STEP][PASSED] - Statement - return (java.lang.Math.floor((java.lang.Math.random() * ((max - min) + 1))) + min): Text '3.0' is set on object 'Object Repository/MOH AND GRN/Page_KDMC - CMS/input_txtdeal'

2018-05-09 16:19:44 - [MESSAGE][PASSED] - Text '3.0' is set on object 'Object Repository/MOH AND GRN/Page_KDMC - CMS/input_txtdeal'

2018-05-09 16:19:44 - [TEST_STEP][PASSED] - setText: Finding Test Object with id 'Object Repository/MOH AND GRN/Page_KDMC - CMS/input_txtbatchno'

2018-05-09 16:19:44 - [TEST_STEP][PASSED] - Statement - switch (id): Finding Test Object with id 'Object Repository/MOH AND GRN/Page_KDMC - CMS/input_txtmrp'

2018-05-09 16:19:44 - [TEST_STEP][PASSED] - Statement - case 1:: Text 'BA842.0' is set on object 'Object Repository/MOH AND GRN/Page_KDMC - CMS/input_txtbatchno'

2018-05-09 16:19:44 - [TEST_STEP][PASSED] - Statement - return (java.lang.Math.floor((java.lang.Math.random() * ((max - min) + 1))) + min): Text 'BA842.0' is set on object 'Object Repository/MOH AND GRN/Page_KDMC - CMS/input_txtbatchno'

2018-05-09 16:19:44 - [MESSAGE][PASSED] - Text 'BA842.0' is set on object 'Object Repository/MOH AND GRN/Page_KDMC - CMS/input_txtbatchno'

2018-05-09 16:19:44 - [TEST_STEP][PASSED] - rightClick: Object: 'Object Repository/GRN/Page_KDMC - CMS/input_txtexpdate' is right clicked on

2018-05-09 16:19:54 - [MESSAGE][PASSED] - Object: 'Object Repository/GRN/Page_KDMC - CMS/input_txtexpdate' is right clicked on

2018-05-09 16:19:54 - [TEST_STEP][PASSED] - selectOptionByIndex: All options with index in [3] are selected on object 'Object Repository/GRN/Page_KDMC - CMS/select_20182019202020212022202'

2018-05-09 16:19:54 - [MESSAGE][PASSED] - All options with index in [3] are selected on object 'Object Repository/GRN/Page_KDMC - CMS/select_20182019202020212022202'

2018-05-09 16:19:54 - [TEST_STEP][PASSED] - selectOptionByIndex: All options with index in [3] are selected on object 'Object Repository/GRN/Page_KDMC - CMS/select_JanFebMarAprMayJunJulAu'

2018-05-09 16:19:54 - [MESSAGE][PASSED] - All options with index in [3] are selected on object 'Object Repository/GRN/Page_KDMC - CMS/select_JanFebMarAprMayJunJulAu'

2018-05-09 16:19:54 - [TEST_STEP][PASSED] - click: Object: 'Object Repository/MOH AND GRN/Page_KDMC - CMS/a_12' is clicked on

2018-05-09 16:19:59 - [MESSAGE][PASSED] - Object: 'Object Repository/MOH AND GRN/Page_KDMC - CMS/a_12' is clicked on

2018-05-09 16:19:59 - [TEST_STEP][PASSED] - click: Object: 'Object Repository/MOH AND GRN/Page_KDMC - CMS/input_btnadd' is clicked on

2018-05-09 16:20:01 - [MESSAGE][PASSED] - Object: 'Object Repository/MOH AND GRN/Page_KDMC - CMS/input_btnadd' is clicked on

2018-05-09 16:20:01 - [TEST_STEP][PASSED] - Statement - If (s == 10): null

2018-05-09 16:20:01 - [TEST_STEP][PASSED] - Statement - Else: null

2018-05-09 16:20:01 - [TEST_STEP][PASSED] - Statement - (s++): null

2018-05-09 16:20:01 - [TEST_STEP][PASSED] - delay: Delayed 1 second(s)

2018-05-09 16:20:02 - [MESSAGE][PASSED] - Delayed 1 second(s)

2018-05-09 16:20:02 - [TEST_STEP][PASSED] - selectOptionByIndex: All options with index in [34] are selected on object 'Object Repository/MOH AND GRN/Page_KDMC - CMS/select_--Select--Amikacin -500'

2018-05-09 16:20:02 - [MESSAGE][PASSED] - All options with index in [34] are selected on object 'Object Repository/MOH AND GRN/Page_KDMC - CMS/select_--Select--Amikacin -500'

2018-05-09 16:20:02 - [TEST_STEP][PASSED] - setText: Text '5000' is set on object 'Object Repository/MOH AND GRN/Page_KDMC - CMS/input_txtqty'

2018-05-09 16:20:02 - [MESSAGE][PASSED] - Text '5000' is set on object 'Object Repository/MOH AND GRN/Page_KDMC - CMS/input_txtqty'

2018-05-09 16:20:02 - [TEST_STEP][PASSED] - selectOptionByIndex: All options with index in [1] are selected on object 'Object Repository/MOH AND GRN/Page_KDMC - CMS/select_--Select--No Tax0'

2018-05-09 16:20:03 - [MESSAGE][PASSED] - All options with index in [1] are selected on object 'Object Repository/MOH AND GRN/Page_KDMC - CMS/select_--Select--No Tax0'

2018-05-09 16:20:03 - [TEST_STEP][PASSED] - setText: Finding Test Object with id 'Object Repository/MOH AND GRN/Page_KDMC - CMS/input_txtmrp'

2018-05-09 16:20:03 - [TEST_STEP][PASSED] - Statement - switch (id): Finding Test Object with id 'Object Repository/MOH AND GRN/Page_KDMC - CMS/input_txtdeal'

2018-05-09 16:20:03 - [TEST_STEP][PASSED] - Statement - case 4:: Text '23.0' is set on object 'Object Repository/MOH AND GRN/Page_KDMC - CMS/input_txtmrp'

2018-05-09 16:20:03 - [TEST_STEP][PASSED] - Statement - return (java.lang.Math.floor((java.lang.Math.random() * ((max - min) + 1))) + min): Text '23.0' is set on object 'Object Repository/MOH AND GRN/Page_KDMC - CMS/input_txtmrp'

2018-05-09 16:20:03 - [MESSAGE][PASSED] - Text '23.0' is set on object 'Object Repository/MOH AND GRN/Page_KDMC - CMS/input_txtmrp'

2018-05-09 16:20:03 - [TEST_STEP][PASSED] - setText: Finding Test Object with id 'Object Repository/MOH AND GRN/Page_KDMC - CMS/input_txtdeal'

2018-05-09 16:20:03 - [TEST_STEP][PASSED] - Statement - switch (id): Finding Test Object with id 'Object Repository/MOH AND GRN/Page_KDMC - CMS/input_txtbatchno'

2018-05-09 16:20:03 - [TEST_STEP][PASSED] - Statement - case 5:: Text '9.0' is set on object 'Object Repository/MOH AND GRN/Page_KDMC - CMS/input_txtdeal'

2018-05-09 16:20:03 - [TEST_STEP][PASSED] - Statement - return (java.lang.Math.floor((java.lang.Math.random() * ((max - min) + 1))) + min): Text '9.0' is set on object 'Object Repository/MOH AND GRN/Page_KDMC - CMS/input_txtdeal'

2018-05-09 16:20:03 - [MESSAGE][PASSED] - Text '9.0' is set on object 'Object Repository/MOH AND GRN/Page_KDMC - CMS/input_txtdeal'

2018-05-09 16:20:03 - [TEST_STEP][PASSED] - setText: Finding Test Object with id 'Object Repository/MOH AND GRN/Page_KDMC - CMS/input_txtbatchno'

2018-05-09 16:20:03 - [TEST_STEP][PASSED] - Statement - switch (id): Finding Test Object with id 'Object Repository/MOH AND GRN/Page_KDMC - CMS/input_txtmrp'

2018-05-09 16:20:03 - [TEST_STEP][PASSED] - Statement - case 1:: Text 'BA437.0' is set on object 'Object Repository/MOH AND GRN/Page_KDMC - CMS/input_txtbatchno'

2018-05-09 16:20:03 - [TEST_STEP][PASSED] - Statement - return (java.lang.Math.floor((java.lang.Math.random() * ((max - min) + 1))) + min): Text 'BA437.0' is set on object 'Object Repository/MOH AND GRN/Page_KDMC - CMS/input_txtbatchno'

2018-05-09 16:20:03 - [MESSAGE][PASSED] - Text 'BA437.0' is set on object 'Object Repository/MOH AND GRN/Page_KDMC - CMS/input_txtbatchno'

2018-05-09 16:20:03 - [TEST_STEP][PASSED] - rightClick: Object: 'Object Repository/GRN/Page_KDMC - CMS/input_txtexpdate' is right clicked on

2018-05-09 16:20:03 - [MESSAGE][PASSED] - Object: 'Object Repository/GRN/Page_KDMC - CMS/input_txtexpdate' is right clicked on

2018-05-09 16:20:03 - [TEST_STEP][PASSED] - selectOptionByIndex: All options with index in [4] are selected on object 'Object Repository/GRN/Page_KDMC - CMS/select_20182019202020212022202'

2018-05-09 16:20:03 - [MESSAGE][PASSED] - All options with index in [4] are selected on object 'Object Repository/GRN/Page_KDMC - CMS/select_20182019202020212022202'

2018-05-09 16:20:03 - [TEST_STEP][PASSED] - selectOptionByIndex: All options with index in [4] are selected on object 'Object Repository/GRN/Page_KDMC - CMS/select_JanFebMarAprMayJunJulAu'

2018-05-09 16:20:03 - [MESSAGE][PASSED] - All options with index in [4] are selected on object 'Object Repository/GRN/Page_KDMC - CMS/select_JanFebMarAprMayJunJulAu'

2018-05-09 16:20:03 - [TEST_STEP][PASSED] - click: Object: 'Object Repository/MOH AND GRN/Page_KDMC - CMS/a_12' is clicked on

2018-05-09 16:20:03 - [MESSAGE][PASSED] - Object: 'Object Repository/MOH AND GRN/Page_KDMC - CMS/a_12' is clicked on

2018-05-09 16:20:03 - [TEST_STEP][PASSED] - click: Object: 'Object Repository/MOH AND GRN/Page_KDMC - CMS/input_btnadd' is clicked on

2018-05-09 16:20:03 - [MESSAGE][PASSED] - Object: 'Object Repository/MOH AND GRN/Page_KDMC - CMS/input_btnadd' is clicked on

2018-05-09 16:20:03 - [TEST_STEP][PASSED] - Statement - If (s == 10): null

2018-05-09 16:20:03 - [TEST_STEP][PASSED] - Statement - Else: null

2018-05-09 16:20:03 - [TEST_STEP][PASSED] - Statement - (s++): null

2018-05-09 16:20:03 - [TEST_STEP][PASSED] - delay: Delayed 1 second(s)

2018-05-09 16:20:04 - [MESSAGE][PASSED] - Delayed 1 second(s)

2018-05-09 16:20:04 - [TEST_STEP][PASSED] - selectOptionByIndex: All options with index in [35] are selected on object 'Object Repository/MOH AND GRN/Page_KDMC - CMS/select_--Select--Amikacin -500'

2018-05-09 16:20:05 - [MESSAGE][PASSED] - All options with index in [35] are selected on object 'Object Repository/MOH AND GRN/Page_KDMC - CMS/select_--Select--Amikacin -500'

2018-05-09 16:20:05 - [TEST_STEP][PASSED] - setText: Text '5000' is set on object 'Object Repository/MOH AND GRN/Page_KDMC - CMS/input_txtqty'

2018-05-09 16:20:05 - [MESSAGE][PASSED] - Text '5000' is set on object 'Object Repository/MOH AND GRN/Page_KDMC - CMS/input_txtqty'

2018-05-09 16:20:05 - [TEST_STEP][PASSED] - selectOptionByIndex: All options with index in [1] are selected on object 'Object Repository/MOH AND GRN/Page_KDMC - CMS/select_--Select--No Tax0'

2018-05-09 16:20:05 - [MESSAGE][PASSED] - All options with index in [1] are selected on object 'Object Repository/MOH AND GRN/Page_KDMC - CMS/select_--Select--No Tax0'

2018-05-09 16:20:05 - [TEST_STEP][PASSED] - setText: Finding Test Object with id 'Object Repository/MOH AND GRN/Page_KDMC - CMS/input_txtmrp'

2018-05-09 16:20:05 - [TEST_STEP][PASSED] - Statement - switch (id): Finding Test Object with id 'Object Repository/MOH AND GRN/Page_KDMC - CMS/input_txtdeal'

2018-05-09 16:20:05 - [TEST_STEP][PASSED] - Statement - case 4:: Text '15.0' is set on object 'Object Repository/MOH AND GRN/Page_KDMC - CMS/input_txtmrp'

2018-05-09 16:20:05 - [TEST_STEP][PASSED] - Statement - return (java.lang.Math.floor((java.lang.Math.random() * ((max - min) + 1))) + min): Text '15.0' is set on object 'Object Repository/MOH AND GRN/Page_KDMC - CMS/input_txtmrp'

2018-05-09 16:20:05 - [MESSAGE][PASSED] - Text '15.0' is set on object 'Object Repository/MOH AND GRN/Page_KDMC - CMS/input_txtmrp'

2018-05-09 16:20:05 - [TEST_STEP][PASSED] - setText: Finding Test Object with id 'Object Repository/MOH AND GRN/Page_KDMC - CMS/input_txtdeal'

2018-05-09 16:20:05 - [TEST_STEP][PASSED] - Statement - switch (id): Finding Test Object with id 'Object Repository/MOH AND GRN/Page_KDMC - CMS/input_txtbatchno'

2018-05-09 16:20:05 - [TEST_STEP][PASSED] - Statement - case 5:: Text '6.0' is set on object 'Object Repository/MOH AND GRN/Page_KDMC - CMS/input_txtdeal'

2018-05-09 16:20:05 - [TEST_STEP][PASSED] - Statement - return (java.lang.Math.floor((java.lang.Math.random() * ((max - min) + 1))) + min): Text '6.0' is set on object 'Object Repository/MOH AND GRN/Page_KDMC - CMS/input_txtdeal'

2018-05-09 16:20:05 - [MESSAGE][PASSED] - Text '6.0' is set on object 'Object Repository/MOH AND GRN/Page_KDMC - CMS/input_txtdeal'

2018-05-09 16:20:05 - [TEST_STEP][PASSED] - setText: Finding Test Object with id 'Object Repository/MOH AND GRN/Page_KDMC - CMS/input_txtbatchno'

2018-05-09 16:20:05 - [TEST_STEP][PASSED] - Statement - switch (id): Finding Test Object with id 'Object Repository/MOH AND GRN/Page_KDMC - CMS/input_txtmrp'

2018-05-09 16:20:05 - [TEST_STEP][PASSED] - Statement - case 1:: Text 'BA966.0' is set on object 'Object Repository/MOH AND GRN/Page_KDMC - CMS/input_txtbatchno'

2018-05-09 16:20:05 - [TEST_STEP][PASSED] - Statement - return (java.lang.Math.floor((java.lang.Math.random() * ((max - min) + 1))) + min): Text 'BA966.0' is set on object 'Object Repository/MOH AND GRN/Page_KDMC - CMS/input_txtbatchno'

2018-05-09 16:20:06 - [MESSAGE][PASSED] - Text 'BA966.0' is set on object 'Object Repository/MOH AND GRN/Page_KDMC - CMS/input_txtbatchno'

2018-05-09 16:20:06 - [TEST_STEP][PASSED] - rightClick: Object: 'Object Repository/GRN/Page_KDMC - CMS/input_txtexpdate' is right clicked on

2018-05-09 16:20:16 - [MESSAGE][PASSED] - Object: 'Object Repository/GRN/Page_KDMC - CMS/input_txtexpdate' is right clicked on

2018-05-09 16:20:16 - [TEST_STEP][PASSED] - selectOptionByIndex: All options with index in [5] are selected on object 'Object Repository/GRN/Page_KDMC - CMS/select_20182019202020212022202'

2018-05-09 16:20:16 - [MESSAGE][PASSED] - All options with index in [5] are selected on object 'Object Repository/GRN/Page_KDMC - CMS/select_20182019202020212022202'

2018-05-09 16:20:16 - [TEST_STEP][PASSED] - selectOptionByIndex: All options with index in [5] are selected on object 'Object Repository/GRN/Page_KDMC - CMS/select_JanFebMarAprMayJunJulAu'

2018-05-09 16:20:16 - [MESSAGE][PASSED] - All options with index in [5] are selected on object 'Object Repository/GRN/Page_KDMC - CMS/select_JanFebMarAprMayJunJulAu'

2018-05-09 16:20:16 - [TEST_STEP][PASSED] - click: Object: 'Object Repository/MOH AND GRN/Page_KDMC - CMS/a_12' is clicked on

2018-05-09 16:20:21 - [MESSAGE][PASSED] - Object: 'Object Repository/MOH AND GRN/Page_KDMC - CMS/a_12' is clicked on

2018-05-09 16:20:21 - [TEST_STEP][PASSED] - click: Object: 'Object Repository/MOH AND GRN/Page_KDMC - CMS/input_btnadd' is clicked on

2018-05-09 16:20:26 - [MESSAGE][PASSED] - Object: 'Object Repository/MOH AND GRN/Page_KDMC - CMS/input_btnadd' is clicked on

2018-05-09 16:20:26 - [TEST_STEP][PASSED] - Statement - If (s == 10): null

2018-05-09 16:20:26 - [TEST_STEP][PASSED] - Statement - Else: null

2018-05-09 16:20:26 - [TEST_STEP][PASSED] - Statement - (s++): null

2018-05-09 16:20:26 - [TEST_STEP][PASSED] - delay: Delayed 1 second(s)

2018-05-09 16:20:27 - [MESSAGE][PASSED] - Delayed 1 second(s)

2018-05-09 16:20:27 - [TEST_STEP][PASSED] - selectOptionByIndex: All options with index in [36] are selected on object 'Object Repository/MOH AND GRN/Page_KDMC - CMS/select_--Select--Amikacin -500'

2018-05-09 16:20:28 - [MESSAGE][PASSED] - All options with index in [36] are selected on object 'Object Repository/MOH AND GRN/Page_KDMC - CMS/select_--Select--Amikacin -500'

2018-05-09 16:20:28 - [TEST_STEP][PASSED] - setText: Text '5000' is set on object 'Object Repository/MOH AND GRN/Page_KDMC - CMS/input_txtqty'

2018-05-09 16:20:28 - [MESSAGE][PASSED] - Text '5000' is set on object 'Object Repository/MOH AND GRN/Page_KDMC - CMS/input_txtqty'

2018-05-09 16:20:28 - [TEST_STEP][PASSED] - selectOptionByIndex: All options with index in [1] are selected on object 'Object Repository/MOH AND GRN/Page_KDMC - CMS/select_--Select--No Tax0'

2018-05-09 16:20:28 - [MESSAGE][PASSED] - All options with index in [1] are selected on object 'Object Repository/MOH AND GRN/Page_KDMC - CMS/select_--Select--No Tax0'

2018-05-09 16:20:28 - [TEST_STEP][PASSED] - setText: Finding Test Object with id 'Object Repository/MOH AND GRN/Page_KDMC - CMS/input_txtmrp'

2018-05-09 16:20:28 - [TEST_STEP][PASSED] - Statement - switch (id): Finding Test Object with id 'Object Repository/MOH AND GRN/Page_KDMC - CMS/input_txtdeal'

2018-05-09 16:20:28 - [TEST_STEP][PASSED] - Statement - case 4:: Text '17.0' is set on object 'Object Repository/MOH AND GRN/Page_KDMC - CMS/input_txtmrp'

2018-05-09 16:20:28 - [TEST_STEP][PASSED] - Statement - return (java.lang.Math.floor((java.lang.Math.random() * ((max - min) + 1))) + min): Text '17.0' is set on object 'Object Repository/MOH AND GRN/Page_KDMC - CMS/input_txtmrp'

2018-05-09 16:20:28 - [MESSAGE][PASSED] - Text '17.0' is set on object 'Object Repository/MOH AND GRN/Page_KDMC - CMS/input_txtmrp'

2018-05-09 16:20:28 - [TEST_STEP][PASSED] - setText: Finding Test Object with id 'Object Repository/MOH AND GRN/Page_KDMC - CMS/input_txtdeal'

2018-05-09 16:20:28 - [TEST_STEP][PASSED] - Statement - switch (id): Finding Test Object with id 'Object Repository/MOH AND GRN/Page_KDMC - CMS/input_txtbatchno'

2018-05-09 16:20:28 - [TEST_STEP][PASSED] - Statement - case 5:: Text '1.0' is set on object 'Object Repository/MOH AND GRN/Page_KDMC - CMS/input_txtdeal'

2018-05-09 16:20:28 - [TEST_STEP][PASSED] - Statement - return (java.lang.Math.floor((java.lang.Math.random() * ((max - min) + 1))) + min): Text '1.0' is set on object 'Object Repository/MOH AND GRN/Page_KDMC - CMS/input_txtdeal'

2018-05-09 16:20:28 - [MESSAGE][PASSED] - Text '1.0' is set on object 'Object Repository/MOH AND GRN/Page_KDMC - CMS/input_txtdeal'

2018-05-09 16:20:28 - [TEST_STEP][PASSED] - setText: Finding Test Object with id 'Object Repository/MOH AND GRN/Page_KDMC - CMS/input_txtbatchno'

2018-05-09 16:20:28 - [TEST_STEP][PASSED] - Statement - switch (id): Finding Test Object with id 'Object Repository/MOH AND GRN/Page_KDMC - CMS/input_txtmrp'

2018-05-09 16:20:28 - [TEST_STEP][PASSED] - Statement - case 1:: Text 'BA488.0' is set on object 'Object Repository/MOH AND GRN/Page_KDMC - CMS/input_txtbatchno'

2018-05-09 16:20:28 - [TEST_STEP][PASSED] - Statement - return (java.lang.Math.floor((java.lang.Math.random() * ((max - min) + 1))) + min): Text 'BA488.0' is set on object 'Object Repository/MOH AND GRN/Page_KDMC - CMS/input_txtbatchno'

2018-05-09 16:20:28 - [MESSAGE][PASSED] - Text 'BA488.0' is set on object 'Object Repository/MOH AND GRN/Page_KDMC - CMS/input_txtbatchno'

2018-05-09 16:20:28 - [TEST_STEP][PASSED] - rightClick: Object: 'Object Repository/GRN/Page_KDMC - CMS/input_txtexpdate' is right clicked on

2018-05-09 16:20:38 - [MESSAGE][PASSED] - Object: 'Object Repository/GRN/Page_KDMC - CMS/input_txtexpdate' is right clicked on

2018-05-09 16:20:38 - [TEST_STEP][PASSED] - selectOptionByIndex: All options with index in [6] are selected on object 'Object Repository/GRN/Page_KDMC - CMS/select_20182019202020212022202'

2018-05-09 16:20:39 - [MESSAGE][PASSED] - All options with index in [6] are selected on object 'Object Repository/GRN/Page_KDMC - CMS/select_20182019202020212022202'

2018-05-09 16:20:39 - [TEST_STEP][PASSED] - selectOptionByIndex: All options with index in [6] are selected on object 'Object Repository/GRN/Page_KDMC - CMS/select_JanFebMarAprMayJunJulAu'

2018-05-09 16:20:39 - [MESSAGE][PASSED] - All options with index in [6] are selected on object 'Object Repository/GRN/Page_KDMC - CMS/select_JanFebMarAprMayJunJulAu'

2018-05-09 16:20:39 - [TEST_STEP][PASSED] - click: Object: 'Object Repository/MOH AND GRN/Page_KDMC - CMS/a_12' is clicked on

2018-05-09 16:20:44 - [MESSAGE][PASSED] - Object: 'Object Repository/MOH AND GRN/Page_KDMC - CMS/a_12' is clicked on

2018-05-09 16:20:44 - [TEST_STEP][PASSED] - click: Object: 'Object Repository/MOH AND GRN/Page_KDMC - CMS/input_btnadd' is clicked on

2018-05-09 16:20:49 - [MESSAGE][PASSED] - Object: 'Object Repository/MOH AND GRN/Page_KDMC - CMS/input_btnadd' is clicked on

2018-05-09 16:20:49 - [TEST_STEP][PASSED] - Statement - If (s == 10): null

2018-05-09 16:20:49 - [TEST_STEP][PASSED] - Statement - Else: null

2018-05-09 16:20:49 - [TEST_STEP][PASSED] - Statement - (s++): null

2018-05-09 16:20:49 - [TEST_STEP][PASSED] - delay: Delayed 1 second(s)

2018-05-09 16:20:50 - [MESSAGE][PASSED] - Delayed 1 second(s)

2018-05-09 16:20:50 - [TEST_STEP][PASSED] - selectOptionByIndex: All options with index in [37] are selected on object 'Object Repository/MOH AND GRN/Page_KDMC - CMS/select_--Select--Amikacin -500'

2018-05-09 16:20:51 - [MESSAGE][PASSED] - All options with index in [37] are selected on object 'Object Repository/MOH AND GRN/Page_KDMC - CMS/select_--Select--Amikacin -500'

2018-05-09 16:20:51 - [TEST_STEP][PASSED] - setText: Text '5000' is set on object 'Object Repository/MOH AND GRN/Page_KDMC - CMS/input_txtqty'

2018-05-09 16:20:51 - [MESSAGE][PASSED] - Text '5000' is set on object 'Object Repository/MOH AND GRN/Page_KDMC - CMS/input_txtqty'

2018-05-09 16:20:51 - [TEST_STEP][PASSED] - selectOptionByIndex: All options with index in [1] are selected on object 'Object Repository/MOH AND GRN/Page_KDMC - CMS/select_--Select--No Tax0'

2018-05-09 16:20:51 - [MESSAGE][PASSED] - All options with index in [1] are selected on object 'Object Repository/MOH AND GRN/Page_KDMC - CMS/select_--Select--No Tax0'

2018-05-09 16:20:51 - [TEST_STEP][PASSED] - setText: Finding Test Object with id 'Object Repository/MOH AND GRN/Page_KDMC - CMS/input_txtmrp'

2018-05-09 16:20:51 - [TEST_STEP][PASSED] - Statement - switch (id): Finding Test Object with id 'Object Repository/MOH AND GRN/Page_KDMC - CMS/input_txtdeal'

2018-05-09 16:20:51 - [TEST_STEP][PASSED] - Statement - case 4:: Text '28.0' is set on object 'Object Repository/MOH AND GRN/Page_KDMC - CMS/input_txtmrp'

2018-05-09 16:20:51 - [TEST_STEP][PASSED] - Statement - return (java.lang.Math.floor((java.lang.Math.random() * ((max - min) + 1))) + min): Text '28.0' is set on object 'Object Repository/MOH AND GRN/Page_KDMC - CMS/input_txtmrp'

2018-05-09 16:20:51 - [MESSAGE][PASSED] - Text '28.0' is set on object 'Object Repository/MOH AND GRN/Page_KDMC - CMS/input_txtmrp'

2018-05-09 16:20:51 - [TEST_STEP][PASSED] - setText: Finding Test Object with id 'Object Repository/MOH AND GRN/Page_KDMC - CMS/input_txtdeal'

2018-05-09 16:20:51 - [TEST_STEP][PASSED] - Statement - switch (id): Finding Test Object with id 'Object Repository/MOH AND GRN/Page_KDMC - CMS/input_txtbatchno'

2018-05-09 16:20:51 - [TEST_STEP][PASSED] - Statement - case 5:: Text '2.0' is set on object 'Object Repository/MOH AND GRN/Page_KDMC - CMS/input_txtdeal'

2018-05-09 16:20:51 - [TEST_STEP][PASSED] - Statement - return (java.lang.Math.floor((java.lang.Math.random() * ((max - min) + 1))) + min): Text '2.0' is set on object 'Object Repository/MOH AND GRN/Page_KDMC - CMS/input_txtdeal'

2018-05-09 16:20:51 - [MESSAGE][PASSED] - Text '2.0' is set on object 'Object Repository/MOH AND GRN/Page_KDMC - CMS/input_txtdeal'

2018-05-09 16:20:51 - [TEST_STEP][PASSED] - setText: Finding Test Object with id 'Object Repository/MOH AND GRN/Page_KDMC - CMS/input_txtbatchno'

2018-05-09 16:20:51 - [TEST_STEP][PASSED] - Statement - switch (id): Finding Test Object with id 'Object Repository/MOH AND GRN/Page_KDMC - CMS/input_txtmrp'

2018-05-09 16:20:51 - [TEST_STEP][PASSED] - Statement - case 1:: Text 'BA88.0' is set on object 'Object Repository/MOH AND GRN/Page_KDMC - CMS/input_txtbatchno'

2018-05-09 16:20:51 - [TEST_STEP][PASSED] - Statement - return (java.lang.Math.floor((java.lang.Math.random() * ((max - min) + 1))) + min): Text 'BA88.0' is set on object 'Object Repository/MOH AND GRN/Page_KDMC - CMS/input_txtbatchno'

2018-05-09 16:20:51 - [MESSAGE][PASSED] - Text 'BA88.0' is set on object 'Object Repository/MOH AND GRN/Page_KDMC - CMS/input_txtbatchno'

2018-05-09 16:20:51 - [TEST_STEP][PASSED] - rightClick: Object: 'Object Repository/GRN/Page_KDMC - CMS/input_txtexpdate' is right clicked on

2018-05-09 16:21:01 - [MESSAGE][PASSED] - Object: 'Object Repository/GRN/Page_KDMC - CMS/input_txtexpdate' is right clicked on

2018-05-09 16:21:01 - [TEST_STEP][PASSED] - selectOptionByIndex: All options with index in [7] are selected on object 'Object Repository/GRN/Page_KDMC - CMS/select_20182019202020212022202'

2018-05-09 16:21:01 - [MESSAGE][PASSED] - All options with index in [7] are selected on object 'Object Repository/GRN/Page_KDMC - CMS/select_20182019202020212022202'

2018-05-09 16:21:01 - [TEST_STEP][PASSED] - selectOptionByIndex: All options with index in [7] are selected on object 'Object Repository/GRN/Page_KDMC - CMS/select_JanFebMarAprMayJunJulAu'

2018-05-09 16:21:02 - [MESSAGE][PASSED] - All options with index in [7] are selected on object 'Object Repository/GRN/Page_KDMC - CMS/select_JanFebMarAprMayJunJulAu'

2018-05-09 16:21:02 - [TEST_STEP][PASSED] - click: Object: 'Object Repository/MOH AND GRN/Page_KDMC - CMS/a_12' is clicked on

2018-05-09 16:21:07 - [MESSAGE][PASSED] - Object: 'Object Repository/MOH AND GRN/Page_KDMC - CMS/a_12' is clicked on

2018-05-09 16:21:07 - [TEST_STEP][PASSED] - click: Object: 'Object Repository/MOH AND GRN/Page_KDMC - CMS/input_btnadd' is clicked on

2018-05-09 16:21:12 - [MESSAGE][PASSED] - Object: 'Object Repository/MOH AND GRN/Page_KDMC - CMS/input_btnadd' is clicked on

2018-05-09 16:21:12 - [TEST_STEP][PASSED] - Statement - If (s == 10): null

2018-05-09 16:21:12 - [TEST_STEP][PASSED] - Statement - Else: null

2018-05-09 16:21:12 - [TEST_STEP][PASSED] - Statement - (s++): null

2018-05-09 16:21:12 - [TEST_STEP][PASSED] - delay: Delayed 1 second(s)

2018-05-09 16:21:13 - [MESSAGE][PASSED] - Delayed 1 second(s)

2018-05-09 16:21:13 - [TEST_STEP][PASSED] - selectOptionByIndex: All options with index in [38] are selected on object 'Object Repository/MOH AND GRN/Page_KDMC - CMS/select_--Select--Amikacin -500'

2018-05-09 16:21:13 - [MESSAGE][PASSED] - All options with index in [38] are selected on object 'Object Repository/MOH AND GRN/Page_KDMC - CMS/select_--Select--Amikacin -500'

2018-05-09 16:21:13 - [TEST_STEP][PASSED] - setText: Text '5000' is set on object 'Object Repository/MOH AND GRN/Page_KDMC - CMS/input_txtqty'

2018-05-09 16:21:13 - [MESSAGE][PASSED] - Text '5000' is set on object 'Object Repository/MOH AND GRN/Page_KDMC - CMS/input_txtqty'

2018-05-09 16:21:13 - [TEST_STEP][PASSED] - selectOptionByIndex: All options with index in [1] are selected on object 'Object Repository/MOH AND GRN/Page_KDMC - CMS/select_--Select--No Tax0'

2018-05-09 16:21:14 - [MESSAGE][PASSED] - All options with index in [1] are selected on object 'Object Repository/MOH AND GRN/Page_KDMC - CMS/select_--Select--No Tax0'

2018-05-09 16:21:14 - [TEST_STEP][PASSED] - setText: Finding Test Object with id 'Object Repository/MOH AND GRN/Page_KDMC - CMS/input_txtmrp'

2018-05-09 16:21:14 - [TEST_STEP][PASSED] - Statement - switch (id): Finding Test Object with id 'Object Repository/MOH AND GRN/Page_KDMC - CMS/input_txtdeal'

2018-05-09 16:21:14 - [TEST_STEP][PASSED] - Statement - case 4:: Text '30.0' is set on object 'Object Repository/MOH AND GRN/Page_KDMC - CMS/input_txtmrp'

2018-05-09 16:21:14 - [TEST_STEP][PASSED] - Statement - return (java.lang.Math.floor((java.lang.Math.random() * ((max - min) + 1))) + min): Text '30.0' is set on object 'Object Repository/MOH AND GRN/Page_KDMC - CMS/input_txtmrp'

2018-05-09 16:21:14 - [MESSAGE][PASSED] - Text '30.0' is set on object 'Object Repository/MOH AND GRN/Page_KDMC - CMS/input_txtmrp'

2018-05-09 16:21:14 - [TEST_STEP][PASSED] - setText: Finding Test Object with id 'Object Repository/MOH AND GRN/Page_KDMC - CMS/input_txtdeal'

2018-05-09 16:21:14 - [TEST_STEP][PASSED] - Statement - switch (id): Finding Test Object with id 'Object Repository/MOH AND GRN/Page_KDMC - CMS/input_txtbatchno'

2018-05-09 16:21:14 - [TEST_STEP][PASSED] - Statement - case 5:: Text '10.0' is set on object 'Object Repository/MOH AND GRN/Page_KDMC - CMS/input_txtdeal'

2018-05-09 16:21:14 - [TEST_STEP][PASSED] - Statement - return (java.lang.Math.floor((java.lang.Math.random() * ((max - min) + 1))) + min): Text '10.0' is set on object 'Object Repository/MOH AND GRN/Page_KDMC - CMS/input_txtdeal'

2018-05-09 16:21:14 - [MESSAGE][PASSED] - Text '10.0' is set on object 'Object Repository/MOH AND GRN/Page_KDMC - CMS/input_txtdeal'

2018-05-09 16:21:14 - [TEST_STEP][PASSED] - setText: Finding Test Object with id 'Object Repository/MOH AND GRN/Page_KDMC - CMS/input_txtbatchno'

2018-05-09 16:21:14 - [TEST_STEP][PASSED] - Statement - switch (id): Finding Test Object with id 'Object Repository/MOH AND GRN/Page_KDMC - CMS/input_txtmrp'

2018-05-09 16:21:14 - [TEST_STEP][PASSED] - Statement - case 1:: Text 'BA490.0' is set on object 'Object Repository/MOH AND GRN/Page_KDMC - CMS/input_txtbatchno'

2018-05-09 16:21:14 - [TEST_STEP][PASSED] - Statement - return (java.lang.Math.floor((java.lang.Math.random() * ((max - min) + 1))) + min): Text 'BA490.0' is set on object 'Object Repository/MOH AND GRN/Page_KDMC - CMS/input_txtbatchno'

2018-05-09 16:21:14 - [MESSAGE][PASSED] - Text 'BA490.0' is set on object 'Object Repository/MOH AND GRN/Page_KDMC - CMS/input_txtbatchno'

2018-05-09 16:21:14 - [TEST_STEP][PASSED] - rightClick: Object: 'Object Repository/GRN/Page_KDMC - CMS/input_txtexpdate' is right clicked on

2018-05-09 16:21:24 - [MESSAGE][PASSED] - Object: 'Object Repository/GRN/Page_KDMC - CMS/input_txtexpdate' is right clicked on

2018-05-09 16:21:24 - [TEST_STEP][PASSED] - selectOptionByIndex: All options with index in [8] are selected on object 'Object Repository/GRN/Page_KDMC - CMS/select_20182019202020212022202'

2018-05-09 16:21:24 - [MESSAGE][PASSED] - All options with index in [8] are selected on object 'Object Repository/GRN/Page_KDMC - CMS/select_20182019202020212022202'

2018-05-09 16:21:24 - [TEST_STEP][PASSED] - selectOptionByIndex: All options with index in [8] are selected on object 'Object Repository/GRN/Page_KDMC - CMS/select_JanFebMarAprMayJunJulAu'

2018-05-09 16:21:24 - [MESSAGE][PASSED] - All options with index in [8] are selected on object 'Object Repository/GRN/Page_KDMC - CMS/select_JanFebMarAprMayJunJulAu'

2018-05-09 16:21:24 - [TEST_STEP][PASSED] - click: Object: 'Object Repository/MOH AND GRN/Page_KDMC - CMS/a_12' is clicked on

2018-05-09 16:21:30 - [MESSAGE][PASSED] - Object: 'Object Repository/MOH AND GRN/Page_KDMC - CMS/a_12' is clicked on

2018-05-09 16:21:30 - [TEST_STEP][PASSED] - click: Object: 'Object Repository/MOH AND GRN/Page_KDMC - CMS/input_btnadd' is clicked on

2018-05-09 16:21:35 - [MESSAGE][PASSED] - Object: 'Object Repository/MOH AND GRN/Page_KDMC - CMS/input_btnadd' is clicked on

2018-05-09 16:21:35 - [TEST_STEP][PASSED] - Statement - If (s == 10): null

2018-05-09 16:21:35 - [TEST_STEP][PASSED] - Statement - Else: null

2018-05-09 16:21:35 - [TEST_STEP][PASSED] - Statement - (s++): null

2018-05-09 16:21:35 - [TEST_STEP][PASSED] - delay: Delayed 1 second(s)

2018-05-09 16:21:36 - [MESSAGE][PASSED] - Delayed 1 second(s)

2018-05-09 16:21:36 - [TEST_STEP][PASSED] - selectOptionByIndex: All options with index in [39] are selected on object 'Object Repository/MOH AND GRN/Page_KDMC - CMS/select_--Select--Amikacin -500'

2018-05-09 16:21:36 - [MESSAGE][PASSED] - All options with index in [39] are selected on object 'Object Repository/MOH AND GRN/Page_KDMC - CMS/select_--Select--Amikacin -500'

2018-05-09 16:21:36 - [TEST_STEP][PASSED] - setText: Text '5000' is set on object 'Object Repository/MOH AND GRN/Page_KDMC - CMS/input_txtqty'

2018-05-09 16:21:36 - [MESSAGE][PASSED] - Text '5000' is set on object 'Object Repository/MOH AND GRN/Page_KDMC - CMS/input_txtqty'

2018-05-09 16:21:36 - [TEST_STEP][PASSED] - selectOptionByIndex: All options with index in [1] are selected on object 'Object Repository/MOH AND GRN/Page_KDMC - CMS/select_--Select--No Tax0'

2018-05-09 16:21:36 - [MESSAGE][PASSED] - All options with index in [1] are selected on object 'Object Repository/MOH AND GRN/Page_KDMC - CMS/select_--Select--No Tax0'

2018-05-09 16:21:36 - [TEST_STEP][PASSED] - setText: Finding Test Object with id 'Object Repository/MOH AND GRN/Page_KDMC - CMS/input_txtmrp'

2018-05-09 16:21:36 - [TEST_STEP][PASSED] - Statement - switch (id): Finding Test Object with id 'Object Repository/MOH AND GRN/Page_KDMC - CMS/input_txtdeal'

2018-05-09 16:21:36 - [TEST_STEP][PASSED] - Statement - case 4:: Text '44.0' is set on object 'Object Repository/MOH AND GRN/Page_KDMC - CMS/input_txtmrp'

2018-05-09 16:21:36 - [TEST_STEP][PASSED] - Statement - return (java.lang.Math.floor((java.lang.Math.random() * ((max - min) + 1))) + min): Text '44.0' is set on object 'Object Repository/MOH AND GRN/Page_KDMC - CMS/input_txtmrp'

2018-05-09 16:21:36 - [MESSAGE][PASSED] - Text '44.0' is set on object 'Object Repository/MOH AND GRN/Page_KDMC - CMS/input_txtmrp'

2018-05-09 16:21:36 - [TEST_STEP][PASSED] - setText: Finding Test Object with id 'Object Repository/MOH AND GRN/Page_KDMC - CMS/input_txtdeal'

2018-05-09 16:21:36 - [TEST_STEP][PASSED] - Statement - switch (id): Finding Test Object with id 'Object Repository/MOH AND GRN/Page_KDMC - CMS/input_txtbatchno'

2018-05-09 16:21:36 - [TEST_STEP][PASSED] - Statement - case 5:: Text '7.0' is set on object 'Object Repository/MOH AND GRN/Page_KDMC - CMS/input_txtdeal'

2018-05-09 16:21:36 - [TEST_STEP][PASSED] - Statement - return (java.lang.Math.floor((java.lang.Math.random() * ((max - min) + 1))) + min): Text '7.0' is set on object 'Object Repository/MOH AND GRN/Page_KDMC - CMS/input_txtdeal'

2018-05-09 16:21:37 - [MESSAGE][PASSED] - Text '7.0' is set on object 'Object Repository/MOH AND GRN/Page_KDMC - CMS/input_txtdeal'

2018-05-09 16:21:37 - [TEST_STEP][PASSED] - setText: Finding Test Object with id 'Object Repository/MOH AND GRN/Page_KDMC - CMS/input_txtbatchno'

2018-05-09 16:21:37 - [TEST_STEP][PASSED] - Statement - switch (id): Finding Test Object with id 'Object Repository/MOH AND GRN/Page_KDMC - CMS/input_txtmrp'

2018-05-09 16:21:37 - [TEST_STEP][PASSED] - Statement - case 1:: Text 'BA455.0' is set on object 'Object Repository/MOH AND GRN/Page_KDMC - CMS/input_txtbatchno'

2018-05-09 16:21:37 - [TEST_STEP][PASSED] - Statement - return (java.lang.Math.floor((java.lang.Math.random() * ((max - min) + 1))) + min): Text 'BA455.0' is set on object 'Object Repository/MOH AND GRN/Page_KDMC - CMS/input_txtbatchno'

2018-05-09 16:21:37 - [MESSAGE][PASSED] - Text 'BA455.0' is set on object 'Object Repository/MOH AND GRN/Page_KDMC - CMS/input_txtbatchno'

2018-05-09 16:21:37 - [TEST_STEP][PASSED] - rightClick: Object: 'Object Repository/GRN/Page_KDMC - CMS/input_txtexpdate' is right clicked on

2018-05-09 16:21:47 - [MESSAGE][PASSED] - Object: 'Object Repository/GRN/Page_KDMC - CMS/input_txtexpdate' is right clicked on

2018-05-09 16:21:47 - [TEST_STEP][PASSED] - selectOptionByIndex: All options with index in [9] are selected on object 'Object Repository/GRN/Page_KDMC - CMS/select_20182019202020212022202'

2018-05-09 16:21:47 - [MESSAGE][PASSED] - All options with index in [9] are selected on object 'Object Repository/GRN/Page_KDMC - CMS/select_20182019202020212022202'

2018-05-09 16:21:47 - [TEST_STEP][PASSED] - selectOptionByIndex: All options with index in [9] are selected on object 'Object Repository/GRN/Page_KDMC - CMS/select_JanFebMarAprMayJunJulAu'

2018-05-09 16:21:47 - [MESSAGE][PASSED] - All options with index in [9] are selected on object 'Object Repository/GRN/Page_KDMC - CMS/select_JanFebMarAprMayJunJulAu'

2018-05-09 16:21:47 - [TEST_STEP][PASSED] - click: Object: 'Object Repository/MOH AND GRN/Page_KDMC - CMS/a_12' is clicked on

2018-05-09 16:21:52 - [MESSAGE][PASSED] - Object: 'Object Repository/MOH AND GRN/Page_KDMC - CMS/a_12' is clicked on

2018-05-09 16:21:52 - [TEST_STEP][PASSED] - click: Object: 'Object Repository/MOH AND GRN/Page_KDMC - CMS/input_btnadd' is clicked on

2018-05-09 16:21:57 - [MESSAGE][PASSED] - Object: 'Object Repository/MOH AND GRN/Page_KDMC - CMS/input_btnadd' is clicked on

2018-05-09 16:21:58 - [TEST_STEP][PASSED] - Statement - If (s == 10): null

2018-05-09 16:21:58 - [TEST_STEP][PASSED] - Statement - Else: null

2018-05-09 16:21:58 - [TEST_STEP][PASSED] - Statement - (s++): null

2018-05-09 16:21:58 - [TEST_STEP][PASSED] - delay: Delayed 1 second(s)

2018-05-09 16:21:59 - [MESSAGE][PASSED] - Delayed 1 second(s)

2018-05-09 16:21:59 - [TEST_STEP][PASSED] - selectOptionByIndex: All options with index in [40] are selected on object 'Object Repository/MOH AND GRN/Page_KDMC - CMS/select_--Select--Amikacin -500'

2018-05-09 16:21:59 - [MESSAGE][PASSED] - All options with index in [40] are selected on object 'Object Repository/MOH AND GRN/Page_KDMC - CMS/select_--Select--Amikacin -500'

2018-05-09 16:21:59 - [TEST_STEP][PASSED] - setText: Text '5000' is set on object 'Object Repository/MOH AND GRN/Page_KDMC - CMS/input_txtqty'

2018-05-09 16:21:59 - [MESSAGE][PASSED] - Text '5000' is set on object 'Object Repository/MOH AND GRN/Page_KDMC - CMS/input_txtqty'

2018-05-09 16:21:59 - [TEST_STEP][PASSED] - selectOptionByIndex: All options with index in [1] are selected on object 'Object Repository/MOH AND GRN/Page_KDMC - CMS/select_--Select--No Tax0'

2018-05-09 16:21:59 - [MESSAGE][PASSED] - All options with index in [1] are selected on object 'Object Repository/MOH AND GRN/Page_KDMC - CMS/select_--Select--No Tax0'

2018-05-09 16:21:59 - [TEST_STEP][PASSED] - setText: Finding Test Object with id 'Object Repository/MOH AND GRN/Page_KDMC - CMS/input_txtmrp'

2018-05-09 16:21:59 - [TEST_STEP][PASSED] - Statement - switch (id): Finding Test Object with id 'Object Repository/MOH AND GRN/Page_KDMC - CMS/input_txtdeal'

2018-05-09 16:21:59 - [TEST_STEP][PASSED] - Statement - case 4:: Text '33.0' is set on object 'Object Repository/MOH AND GRN/Page_KDMC - CMS/input_txtmrp'

2018-05-09 16:21:59 - [TEST_STEP][PASSED] - Statement - return (java.lang.Math.floor((java.lang.Math.random() * ((max - min) + 1))) + min): Text '33.0' is set on object 'Object Repository/MOH AND GRN/Page_KDMC - CMS/input_txtmrp'

2018-05-09 16:21:59 - [MESSAGE][PASSED] - Text '33.0' is set on object 'Object Repository/MOH AND GRN/Page_KDMC - CMS/input_txtmrp'

2018-05-09 16:21:59 - [TEST_STEP][PASSED] - setText: Finding Test Object with id 'Object Repository/MOH AND GRN/Page_KDMC - CMS/input_txtdeal'

2018-05-09 16:21:59 - [TEST_STEP][PASSED] - Statement - switch (id): Finding Test Object with id 'Object Repository/MOH AND GRN/Page_KDMC - CMS/input_txtbatchno'

2018-05-09 16:21:59 - [TEST_STEP][PASSED] - Statement - case 5:: Text '6.0' is set on object 'Object Repository/MOH AND GRN/Page_KDMC - CMS/input_txtdeal'

2018-05-09 16:21:59 - [TEST_STEP][PASSED] - Statement - return (java.lang.Math.floor((java.lang.Math.random() * ((max - min) + 1))) + min): Text '6.0' is set on object 'Object Repository/MOH AND GRN/Page_KDMC - CMS/input_txtdeal'

2018-05-09 16:22:00 - [MESSAGE][PASSED] - Text '6.0' is set on object 'Object Repository/MOH AND GRN/Page_KDMC - CMS/input_txtdeal'

2018-05-09 16:22:00 - [TEST_STEP][PASSED] - setText: Finding Test Object with id 'Object Repository/MOH AND GRN/Page_KDMC - CMS/input_txtbatchno'

2018-05-09 16:22:00 - [TEST_STEP][PASSED] - Statement - switch (id): Finding Test Object with id 'Object Repository/MOH AND GRN/Page_KDMC - CMS/input_txtmrp'

2018-05-09 16:22:00 - [TEST_STEP][PASSED] - Statement - case 1:: Text 'BA263.0' is set on object 'Object Repository/MOH AND GRN/Page_KDMC - CMS/input_txtbatchno'

2018-05-09 16:22:00 - [TEST_STEP][PASSED] - Statement - return (java.lang.Math.floor((java.lang.Math.random() * ((max - min) + 1))) + min): Text 'BA263.0' is set on object 'Object Repository/MOH AND GRN/Page_KDMC - CMS/input_txtbatchno'

2018-05-09 16:22:00 - [MESSAGE][PASSED] - Text 'BA263.0' is set on object 'Object Repository/MOH AND GRN/Page_KDMC - CMS/input_txtbatchno'

2018-05-09 16:22:00 - [TEST_STEP][PASSED] - rightClick: Object: 'Object Repository/GRN/Page_KDMC - CMS/input_txtexpdate' is right clicked on

2018-05-09 16:22:10 - [MESSAGE][PASSED] - Object: 'Object Repository/GRN/Page_KDMC - CMS/input_txtexpdate' is right clicked on

2018-05-09 16:22:10 - [TEST_STEP][PASSED] - selectOptionByIndex: All options with index in [10] are selected on object 'Object Repository/GRN/Page_KDMC - CMS/select_20182019202020212022202'

2018-05-09 16:22:10 - [MESSAGE][PASSED] - All options with index in [10] are selected on object 'Object Repository/GRN/Page_KDMC - CMS/select_20182019202020212022202'

2018-05-09 16:22:10 - [TEST_STEP][PASSED] - selectOptionByIndex: All options with index in [10] are selected on object 'Object Repository/GRN/Page_KDMC - CMS/select_JanFebMarAprMayJunJulAu'

2018-05-09 16:22:10 - [MESSAGE][PASSED] - All options with index in [10] are selected on object 'Object Repository/GRN/Page_KDMC - CMS/select_JanFebMarAprMayJunJulAu'

2018-05-09 16:22:10 - [TEST_STEP][PASSED] - click: Object: 'Object Repository/MOH AND GRN/Page_KDMC - CMS/a_12' is clicked on

2018-05-09 16:22:15 - [MESSAGE][PASSED] - Object: 'Object Repository/MOH AND GRN/Page_KDMC - CMS/a_12' is clicked on

2018-05-09 16:22:15 - [TEST_STEP][PASSED] - click: Object: 'Object Repository/MOH AND GRN/Page_KDMC - CMS/input_btnadd' is clicked on

2018-05-09 16:22:20 - [MESSAGE][PASSED] - Object: 'Object Repository/MOH AND GRN/Page_KDMC - CMS/input_btnadd' is clicked on

2018-05-09 16:22:20 - [TEST_STEP][PASSED] - Statement - If (s == 10): null

2018-05-09 16:22:20 - [TEST_STEP][PASSED] - Statement - s = 1: null

2018-05-09 16:22:20 - [TEST_STEP][PASSED] - delay: Delayed 1 second(s)

2018-05-09 16:22:21 - [MESSAGE][PASSED] - Delayed 1 second(s)

2018-05-09 16:22:21 - [TEST_STEP][PASSED] - selectOptionByIndex: All options with index in [41] are selected on object 'Object Repository/MOH AND GRN/Page_KDMC - CMS/select_--Select--Amikacin -500'

2018-05-09 16:22:22 - [MESSAGE][PASSED] - All options with index in [41] are selected on object 'Object Repository/MOH AND GRN/Page_KDMC - CMS/select_--Select--Amikacin -500'

2018-05-09 16:22:22 - [TEST_STEP][PASSED] - setText: Text '5000' is set on object 'Object Repository/MOH AND GRN/Page_KDMC - CMS/input_txtqty'

2018-05-09 16:22:22 - [MESSAGE][PASSED] - Text '5000' is set on object 'Object Repository/MOH AND GRN/Page_KDMC - CMS/input_txtqty'

2018-05-09 16:22:22 - [TEST_STEP][PASSED] - selectOptionByIndex: All options with index in [1] are selected on object 'Object Repository/MOH AND GRN/Page_KDMC - CMS/select_--Select--No Tax0'

2018-05-09 16:22:22 - [MESSAGE][PASSED] - All options with index in [1] are selected on object 'Object Repository/MOH AND GRN/Page_KDMC - CMS/select_--Select--No Tax0'

2018-05-09 16:22:22 - [TEST_STEP][PASSED] - setText: Finding Test Object with id 'Object Repository/MOH AND GRN/Page_KDMC - CMS/input_txtmrp'

2018-05-09 16:22:22 - [TEST_STEP][PASSED] - Statement - switch (id): Finding Test Object with id 'Object Repository/MOH AND GRN/Page_KDMC - CMS/input_txtdeal'

2018-05-09 16:22:22 - [TEST_STEP][PASSED] - Statement - case 4:: Text '25.0' is set on object 'Object Repository/MOH AND GRN/Page_KDMC - CMS/input_txtmrp'

2018-05-09 16:22:22 - [TEST_STEP][PASSED] - Statement - return (java.lang.Math.floor((java.lang.Math.random() * ((max - min) + 1))) + min): Text '25.0' is set on object 'Object Repository/MOH AND GRN/Page_KDMC - CMS/input_txtmrp'

2018-05-09 16:22:22 - [MESSAGE][PASSED] - Text '25.0' is set on object 'Object Repository/MOH AND GRN/Page_KDMC - CMS/input_txtmrp'

2018-05-09 16:22:22 - [TEST_STEP][PASSED] - setText: Finding Test Object with id 'Object Repository/MOH AND GRN/Page_KDMC - CMS/input_txtdeal'

2018-05-09 16:22:22 - [TEST_STEP][PASSED] - Statement - switch (id): Finding Test Object with id 'Object Repository/MOH AND GRN/Page_KDMC - CMS/input_txtbatchno'

2018-05-09 16:22:22 - [TEST_STEP][PASSED] - Statement - case 5:: Text '11.0' is set on object 'Object Repository/MOH AND GRN/Page_KDMC - CMS/input_txtdeal'

2018-05-09 16:22:22 - [TEST_STEP][PASSED] - Statement - return (java.lang.Math.floor((java.lang.Math.random() * ((max - min) + 1))) + min): Text '11.0' is set on object 'Object Repository/MOH AND GRN/Page_KDMC - CMS/input_txtdeal'

2018-05-09 16:22:22 - [MESSAGE][PASSED] - Text '11.0' is set on object 'Object Repository/MOH AND GRN/Page_KDMC - CMS/input_txtdeal'

2018-05-09 16:22:22 - [TEST_STEP][PASSED] - setText: Finding Test Object with id 'Object Repository/MOH AND GRN/Page_KDMC - CMS/input_txtbatchno'

2018-05-09 16:22:22 - [TEST_STEP][PASSED] - Statement - switch (id): Finding Test Object with id 'Object Repository/MOH AND GRN/Page_KDMC - CMS/input_txtmrp'

2018-05-09 16:22:22 - [TEST_STEP][PASSED] - Statement - case 1:: Text 'BA638.0' is set on object 'Object Repository/MOH AND GRN/Page_KDMC - CMS/input_txtbatchno'

2018-05-09 16:22:22 - [TEST_STEP][PASSED] - Statement - return (java.lang.Math.floor((java.lang.Math.random() * ((max - min) + 1))) + min): Text 'BA638.0' is set on object 'Object Repository/MOH AND GRN/Page_KDMC - CMS/input_txtbatchno'

2018-05-09 16:22:22 - [MESSAGE][PASSED] - Text 'BA638.0' is set on object 'Object Repository/MOH AND GRN/Page_KDMC - CMS/input_txtbatchno'

2018-05-09 16:22:22 - [TEST_STEP][PASSED] - rightClick: Object: 'Object Repository/GRN/Page_KDMC - CMS/input_txtexpdate' is right clicked on

2018-05-09 16:22:33 - [MESSAGE][PASSED] - Object: 'Object Repository/GRN/Page_KDMC - CMS/input_txtexpdate' is right clicked on

2018-05-09 16:22:33 - [TEST_STEP][PASSED] - selectOptionByIndex: All options with index in [1] are selected on object 'Object Repository/GRN/Page_KDMC - CMS/select_20182019202020212022202'

2018-05-09 16:22:33 - [MESSAGE][PASSED] - All options with index in [1] are selected on object 'Object Repository/GRN/Page_KDMC - CMS/select_20182019202020212022202'

2018-05-09 16:22:33 - [TEST_STEP][PASSED] - selectOptionByIndex: All options with index in [1] are selected on object 'Object Repository/GRN/Page_KDMC - CMS/select_JanFebMarAprMayJunJulAu'

2018-05-09 16:22:33 - [MESSAGE][PASSED] - All options with index in [1] are selected on object 'Object Repository/GRN/Page_KDMC - CMS/select_JanFebMarAprMayJunJulAu'

2018-05-09 16:22:33 - [TEST_STEP][PASSED] - click: Object: 'Object Repository/MOH AND GRN/Page_KDMC - CMS/a_12' is clicked on

2018-05-09 16:22:38 - [MESSAGE][PASSED] - Object: 'Object Repository/MOH AND GRN/Page_KDMC - CMS/a_12' is clicked on

2018-05-09 16:22:38 - [TEST_STEP][PASSED] - click: Object: 'Object Repository/MOH AND GRN/Page_KDMC - CMS/input_btnadd' is clicked on

2018-05-09 16:22:43 - [MESSAGE][PASSED] - Object: 'Object Repository/MOH AND GRN/Page_KDMC - CMS/input_btnadd' is clicked on

2018-05-09 16:22:43 - [TEST_STEP][PASSED] - Statement - If (s == 10): null

2018-05-09 16:22:43 - [TEST_STEP][PASSED] - Statement - Else: null

2018-05-09 16:22:43 - [TEST_STEP][PASSED] - Statement - (s++): null

2018-05-09 16:22:43 - [TEST_STEP][PASSED] - delay: Delayed 1 second(s)

2018-05-09 16:22:44 - [MESSAGE][PASSED] - Delayed 1 second(s)

2018-05-09 16:22:44 - [TEST_STEP][PASSED] - selectOptionByIndex: All options with index in [42] are selected on object 'Object Repository/MOH AND GRN/Page_KDMC - CMS/select_--Select--Amikacin -500'

2018-05-09 16:22:45 - [MESSAGE][PASSED] - All options with index in [42] are selected on object 'Object Repository/MOH AND GRN/Page_KDMC - CMS/select_--Select--Amikacin -500'

2018-05-09 16:22:45 - [TEST_STEP][PASSED] - setText: Text '5000' is set on object 'Object Repository/MOH AND GRN/Page_KDMC - CMS/input_txtqty'

2018-05-09 16:22:45 - [MESSAGE][PASSED] - Text '5000' is set on object 'Object Repository/MOH AND GRN/Page_KDMC - CMS/input_txtqty'

2018-05-09 16:22:45 - [TEST_STEP][PASSED] - selectOptionByIndex: All options with index in [1] are selected on object 'Object Repository/MOH AND GRN/Page_KDMC - CMS/select_--Select--No Tax0'

2018-05-09 16:22:45 - [MESSAGE][PASSED] - All options with index in [1] are selected on object 'Object Repository/MOH AND GRN/Page_KDMC - CMS/select_--Select--No Tax0'

2018-05-09 16:22:45 - [TEST_STEP][PASSED] - setText: Finding Test Object with id 'Object Repository/MOH AND GRN/Page_KDMC - CMS/input_txtmrp'

2018-05-09 16:22:45 - [TEST_STEP][PASSED] - Statement - switch (id): Finding Test Object with id 'Object Repository/MOH AND GRN/Page_KDMC - CMS/input_txtdeal'

2018-05-09 16:22:45 - [TEST_STEP][PASSED] - Statement - case 4:: Text '23.0' is set on object 'Object Repository/MOH AND GRN/Page_KDMC - CMS/input_txtmrp'

2018-05-09 16:22:45 - [TEST_STEP][PASSED] - Statement - return (java.lang.Math.floor((java.lang.Math.random() * ((max - min) + 1))) + min): Text '23.0' is set on object 'Object Repository/MOH AND GRN/Page_KDMC - CMS/input_txtmrp'

2018-05-09 16:22:45 - [MESSAGE][PASSED] - Text '23.0' is set on object 'Object Repository/MOH AND GRN/Page_KDMC - CMS/input_txtmrp'

2018-05-09 16:22:45 - [TEST_STEP][PASSED] - setText: Finding Test Object with id 'Object Repository/MOH AND GRN/Page_KDMC - CMS/input_txtdeal'

2018-05-09 16:22:45 - [TEST_STEP][PASSED] - Statement - switch (id): Finding Test Object with id 'Object Repository/MOH AND GRN/Page_KDMC - CMS/input_txtbatchno'

2018-05-09 16:22:45 - [TEST_STEP][PASSED] - Statement - case 5:: Text '5.0' is set on object 'Object Repository/MOH AND GRN/Page_KDMC - CMS/input_txtdeal'

2018-05-09 16:22:45 - [TEST_STEP][PASSED] - Statement - return (java.lang.Math.floor((java.lang.Math.random() * ((max - min) + 1))) + min): Text '5.0' is set on object 'Object Repository/MOH AND GRN/Page_KDMC - CMS/input_txtdeal'

2018-05-09 16:22:45 - [MESSAGE][PASSED] - Text '5.0' is set on object 'Object Repository/MOH AND GRN/Page_KDMC - CMS/input_txtdeal'

2018-05-09 16:22:45 - [TEST_STEP][PASSED] - setText: Finding Test Object with id 'Object Repository/MOH AND GRN/Page_KDMC - CMS/input_txtbatchno'

2018-05-09 16:22:45 - [TEST_STEP][PASSED] - Statement - switch (id): Finding Test Object with id 'Object Repository/MOH AND GRN/Page_KDMC - CMS/input_txtmrp'

2018-05-09 16:22:45 - [TEST_STEP][PASSED] - Statement - case 1:: Text 'BA342.0' is set on object 'Object Repository/MOH AND GRN/Page_KDMC - CMS/input_txtbatchno'

2018-05-09 16:22:45 - [TEST_STEP][PASSED] - Statement - return (java.lang.Math.floor((java.lang.Math.random() * ((max - min) + 1))) + min): Text 'BA342.0' is set on object 'Object Repository/MOH AND GRN/Page_KDMC - CMS/input_txtbatchno'

2018-05-09 16:22:45 - [MESSAGE][PASSED] - Text 'BA342.0' is set on object 'Object Repository/MOH AND GRN/Page_KDMC - CMS/input_txtbatchno'

2018-05-09 16:22:45 - [TEST_STEP][PASSED] - rightClick: Object: 'Object Repository/GRN/Page_KDMC - CMS/input_txtexpdate' is right clicked on

2018-05-09 16:22:55 - [MESSAGE][PASSED] - Object: 'Object Repository/GRN/Page_KDMC - CMS/input_txtexpdate' is right clicked on

2018-05-09 16:22:55 - [TEST_STEP][PASSED] - selectOptionByIndex: All options with index in [2] are selected on object 'Object Repository/GRN/Page_KDMC - CMS/select_20182019202020212022202'

2018-05-09 16:22:55 - [MESSAGE][PASSED] - All options with index in [2] are selected on object 'Object Repository/GRN/Page_KDMC - CMS/select_20182019202020212022202'

2018-05-09 16:22:55 - [TEST_STEP][PASSED] - selectOptionByIndex: All options with index in [2] are selected on object 'Object Repository/GRN/Page_KDMC - CMS/select_JanFebMarAprMayJunJulAu'

2018-05-09 16:22:56 - [MESSAGE][PASSED] - All options with index in [2] are selected on object 'Object Repository/GRN/Page_KDMC - CMS/select_JanFebMarAprMayJunJulAu'

2018-05-09 16:22:56 - [TEST_STEP][PASSED] - click: Object: 'Object Repository/MOH AND GRN/Page_KDMC - CMS/a_12' is clicked on

2018-05-09 16:23:01 - [MESSAGE][PASSED] - Object: 'Object Repository/MOH AND GRN/Page_KDMC - CMS/a_12' is clicked on

2018-05-09 16:23:01 - [TEST_STEP][PASSED] - click: Object: 'Object Repository/MOH AND GRN/Page_KDMC - CMS/input_btnadd' is clicked on

2018-05-09 16:23:06 - [MESSAGE][PASSED] - Object: 'Object Repository/MOH AND GRN/Page_KDMC - CMS/input_btnadd' is clicked on

2018-05-09 16:23:06 - [TEST_STEP][PASSED] - Statement - If (s == 10): null

2018-05-09 16:23:06 - [TEST_STEP][PASSED] - Statement - Else: null

2018-05-09 16:23:06 - [TEST_STEP][PASSED] - Statement - (s++): null

2018-05-09 16:23:06 - [TEST_STEP][PASSED] - delay: Delayed 1 second(s)

2018-05-09 16:23:07 - [MESSAGE][PASSED] - Delayed 1 second(s)

2018-05-09 16:23:07 - [TEST_STEP][PASSED] - selectOptionByIndex: All options with index in [43] are selected on object 'Object Repository/MOH AND GRN/Page_KDMC - CMS/select_--Select--Amikacin -500'

2018-05-09 16:23:07 - [MESSAGE][PASSED] - All options with index in [43] are selected on object 'Object Repository/MOH AND GRN/Page_KDMC - CMS/select_--Select--Amikacin -500'

2018-05-09 16:23:07 - [TEST_STEP][PASSED] - setText: Text '5000' is set on object 'Object Repository/MOH AND GRN/Page_KDMC - CMS/input_txtqty'

2018-05-09 16:23:07 - [MESSAGE][PASSED] - Text '5000' is set on object 'Object Repository/MOH AND GRN/Page_KDMC - CMS/input_txtqty'

2018-05-09 16:23:07 - [TEST_STEP][PASSED] - selectOptionByIndex: All options with index in [1] are selected on object 'Object Repository/MOH AND GRN/Page_KDMC - CMS/select_--Select--No Tax0'

2018-05-09 16:23:08 - [MESSAGE][PASSED] - All options with index in [1] are selected on object 'Object Repository/MOH AND GRN/Page_KDMC - CMS/select_--Select--No Tax0'

2018-05-09 16:23:08 - [TEST_STEP][PASSED] - setText: Finding Test Object with id 'Object Repository/MOH AND GRN/Page_KDMC - CMS/input_txtmrp'

2018-05-09 16:23:08 - [TEST_STEP][PASSED] - Statement - switch (id): Finding Test Object with id 'Object Repository/MOH AND GRN/Page_KDMC - CMS/input_txtdeal'

2018-05-09 16:23:08 - [TEST_STEP][PASSED] - Statement - case 4:: Text '43.0' is set on object 'Object Repository/MOH AND GRN/Page_KDMC - CMS/input_txtmrp'

2018-05-09 16:23:08 - [TEST_STEP][PASSED] - Statement - return (java.lang.Math.floor((java.lang.Math.random() * ((max - min) + 1))) + min): Text '43.0' is set on object 'Object Repository/MOH AND GRN/Page_KDMC - CMS/input_txtmrp'

2018-05-09 16:23:08 - [MESSAGE][PASSED] - Text '43.0' is set on object 'Object Repository/MOH AND GRN/Page_KDMC - CMS/input_txtmrp'

2018-05-09 16:23:08 - [TEST_STEP][PASSED] - setText: Finding Test Object with id 'Object Repository/MOH AND GRN/Page_KDMC - CMS/input_txtdeal'

2018-05-09 16:23:08 - [TEST_STEP][PASSED] - Statement - switch (id): Finding Test Object with id 'Object Repository/MOH AND GRN/Page_KDMC - CMS/input_txtbatchno'

2018-05-09 16:23:08 - [TEST_STEP][PASSED] - Statement - case 5:: Text '6.0' is set on object 'Object Repository/MOH AND GRN/Page_KDMC - CMS/input_txtdeal'

2018-05-09 16:23:08 - [TEST_STEP][PASSED] - Statement - return (java.lang.Math.floor((java.lang.Math.random() * ((max - min) + 1))) + min): Text '6.0' is set on object 'Object Repository/MOH AND GRN/Page_KDMC - CMS/input_txtdeal'

2018-05-09 16:23:08 - [MESSAGE][PASSED] - Text '6.0' is set on object 'Object Repository/MOH AND GRN/Page_KDMC - CMS/input_txtdeal'

2018-05-09 16:23:08 - [TEST_STEP][PASSED] - setText: Finding Test Object with id 'Object Repository/MOH AND GRN/Page_KDMC - CMS/input_txtbatchno'

2018-05-09 16:23:08 - [TEST_STEP][PASSED] - Statement - switch (id): Finding Test Object with id 'Object Repository/MOH AND GRN/Page_KDMC - CMS/input_txtmrp'

2018-05-09 16:23:08 - [TEST_STEP][PASSED] - Statement - case 1:: Text 'BA707.0' is set on object 'Object Repository/MOH AND GRN/Page_KDMC - CMS/input_txtbatchno'

2018-05-09 16:23:08 - [TEST_STEP][PASSED] - Statement - return (java.lang.Math.floor((java.lang.Math.random() * ((max - min) + 1))) + min): Text 'BA707.0' is set on object 'Object Repository/MOH AND GRN/Page_KDMC - CMS/input_txtbatchno'

2018-05-09 16:23:08 - [MESSAGE][PASSED] - Text 'BA707.0' is set on object 'Object Repository/MOH AND GRN/Page_KDMC - CMS/input_txtbatchno'

2018-05-09 16:23:08 - [TEST_STEP][PASSED] - rightClick: Object: 'Object Repository/GRN/Page_KDMC - CMS/input_txtexpdate' is right clicked on

2018-05-09 16:23:18 - [MESSAGE][PASSED] - Object: 'Object Repository/GRN/Page_KDMC - CMS/input_txtexpdate' is right clicked on

2018-05-09 16:23:18 - [TEST_STEP][PASSED] - selectOptionByIndex: All options with index in [3] are selected on object 'Object Repository/GRN/Page_KDMC - CMS/select_20182019202020212022202'

2018-05-09 16:23:18 - [MESSAGE][PASSED] - All options with index in [3] are selected on object 'Object Repository/GRN/Page_KDMC - CMS/select_20182019202020212022202'

2018-05-09 16:23:18 - [TEST_STEP][PASSED] - selectOptionByIndex: All options with index in [3] are selected on object 'Object Repository/GRN/Page_KDMC - CMS/select_JanFebMarAprMayJunJulAu'

2018-05-09 16:23:18 - [MESSAGE][PASSED] - All options with index in [3] are selected on object 'Object Repository/GRN/Page_KDMC - CMS/select_JanFebMarAprMayJunJulAu'

2018-05-09 16:23:18 - [TEST_STEP][PASSED] - click: Object: 'Object Repository/MOH AND GRN/Page_KDMC - CMS/a_12' is clicked on

2018-05-09 16:23:23 - [MESSAGE][PASSED] - Object: 'Object Repository/MOH AND GRN/Page_KDMC - CMS/a_12' is clicked on

2018-05-09 16:23:23 - [TEST_STEP][PASSED] - click: Object: 'Object Repository/MOH AND GRN/Page_KDMC - CMS/input_btnadd' is clicked on

2018-05-09 16:23:27 - [MESSAGE][PASSED] - Object: 'Object Repository/MOH AND GRN/Page_KDMC - CMS/input_btnadd' is clicked on

2018-05-09 16:23:27 - [TEST_STEP][PASSED] - Statement - If (s == 10): null

2018-05-09 16:23:27 - [TEST_STEP][PASSED] - Statement - Else: null

2018-05-09 16:23:27 - [TEST_STEP][PASSED] - Statement - (s++): null

2018-05-09 16:23:27 - [TEST_STEP][PASSED] - delay: Delayed 1 second(s)

2018-05-09 16:23:28 - [MESSAGE][PASSED] - Delayed 1 second(s)

2018-05-09 16:23:28 - [TEST_STEP][PASSED] - selectOptionByIndex: All options with index in [44] are selected on object 'Object Repository/MOH AND GRN/Page_KDMC - CMS/select_--Select--Amikacin -500'

2018-05-09 16:23:29 - [MESSAGE][PASSED] - All options with index in [44] are selected on object 'Object Repository/MOH AND GRN/Page_KDMC - CMS/select_--Select--Amikacin -500'

2018-05-09 16:23:29 - [TEST_STEP][PASSED] - setText: Text '5000' is set on object 'Object Repository/MOH AND GRN/Page_KDMC - CMS/input_txtqty'

2018-05-09 16:23:29 - [MESSAGE][PASSED] - Text '5000' is set on object 'Object Repository/MOH AND GRN/Page_KDMC - CMS/input_txtqty'

2018-05-09 16:23:29 - [TEST_STEP][PASSED] - selectOptionByIndex: All options with index in [1] are selected on object 'Object Repository/MOH AND GRN/Page_KDMC - CMS/select_--Select--No Tax0'

2018-05-09 16:23:29 - [MESSAGE][PASSED] - All options with index in [1] are selected on object 'Object Repository/MOH AND GRN/Page_KDMC - CMS/select_--Select--No Tax0'

2018-05-09 16:23:29 - [TEST_STEP][PASSED] - setText: Finding Test Object with id 'Object Repository/MOH AND GRN/Page_KDMC - CMS/input_txtmrp'

2018-05-09 16:23:29 - [TEST_STEP][PASSED] - Statement - switch (id): Finding Test Object with id 'Object Repository/MOH AND GRN/Page_KDMC - CMS/input_txtdeal'

2018-05-09 16:23:29 - [TEST_STEP][PASSED] - Statement - case 4:: Text '36.0' is set on object 'Object Repository/MOH AND GRN/Page_KDMC - CMS/input_txtmrp'

2018-05-09 16:23:29 - [TEST_STEP][PASSED] - Statement - return (java.lang.Math.floor((java.lang.Math.random() * ((max - min) + 1))) + min): Text '36.0' is set on object 'Object Repository/MOH AND GRN/Page_KDMC - CMS/input_txtmrp'

2018-05-09 16:23:29 - [MESSAGE][PASSED] - Text '36.0' is set on object 'Object Repository/MOH AND GRN/Page_KDMC - CMS/input_txtmrp'

2018-05-09 16:23:29 - [TEST_STEP][PASSED] - setText: Finding Test Object with id 'Object Repository/MOH AND GRN/Page_KDMC - CMS/input_txtdeal'

2018-05-09 16:23:29 - [TEST_STEP][PASSED] - Statement - switch (id): Finding Test Object with id 'Object Repository/MOH AND GRN/Page_KDMC - CMS/input_txtbatchno'

2018-05-09 16:23:29 - [TEST_STEP][PASSED] - Statement - case 5:: Text '11.0' is set on object 'Object Repository/MOH AND GRN/Page_KDMC - CMS/input_txtdeal'

2018-05-09 16:23:29 - [TEST_STEP][PASSED] - Statement - return (java.lang.Math.floor((java.lang.Math.random() * ((max - min) + 1))) + min): Text '11.0' is set on object 'Object Repository/MOH AND GRN/Page_KDMC - CMS/input_txtdeal'

2018-05-09 16:23:29 - [MESSAGE][PASSED] - Text '11.0' is set on object 'Object Repository/MOH AND GRN/Page_KDMC - CMS/input_txtdeal'

2018-05-09 16:23:29 - [TEST_STEP][PASSED] - setText: Finding Test Object with id 'Object Repository/MOH AND GRN/Page_KDMC - CMS/input_txtbatchno'

2018-05-09 16:23:29 - [TEST_STEP][PASSED] - Statement - switch (id): Finding Test Object with id 'Object Repository/MOH AND GRN/Page_KDMC - CMS/input_txtmrp'

2018-05-09 16:23:29 - [TEST_STEP][PASSED] - Statement - case 1:: Text 'BA604.0' is set on object 'Object Repository/MOH AND GRN/Page_KDMC - CMS/input_txtbatchno'

2018-05-09 16:23:29 - [TEST_STEP][PASSED] - Statement - return (java.lang.Math.floor((java.lang.Math.random() * ((max - min) + 1))) + min): Text 'BA604.0' is set on object 'Object Repository/MOH AND GRN/Page_KDMC - CMS/input_txtbatchno'

2018-05-09 16:23:29 - [MESSAGE][PASSED] - Text 'BA604.0' is set on object 'Object Repository/MOH AND GRN/Page_KDMC - CMS/input_txtbatchno'

2018-05-09 16:23:29 - [TEST_STEP][PASSED] - rightClick: Object: 'Object Repository/GRN/Page_KDMC - CMS/input_txtexpdate' is right clicked on

2018-05-09 16:23:29 - [MESSAGE][PASSED] - Object: 'Object Repository/GRN/Page_KDMC - CMS/input_txtexpdate' is right clicked on

2018-05-09 16:23:29 - [TEST_STEP][PASSED] - selectOptionByIndex: All options with index in [4] are selected on object 'Object Repository/GRN/Page_KDMC - CMS/select_20182019202020212022202'

2018-05-09 16:23:30 - [MESSAGE][PASSED] - All options with index in [4] are selected on object 'Object Repository/GRN/Page_KDMC - CMS/select_20182019202020212022202'

2018-05-09 16:23:30 - [TEST_STEP][PASSED] - selectOptionByIndex: All options with index in [4] are selected on object 'Object Repository/GRN/Page_KDMC - CMS/select_JanFebMarAprMayJunJulAu'

2018-05-09 16:23:30 - [MESSAGE][PASSED] - All options with index in [4] are selected on object 'Object Repository/GRN/Page_KDMC - CMS/select_JanFebMarAprMayJunJulAu'

2018-05-09 16:23:30 - [TEST_STEP][PASSED] - click: Object: 'Object Repository/MOH AND GRN/Page_KDMC - CMS/a_12' is clicked on

2018-05-09 16:23:30 - [MESSAGE][PASSED] - Object: 'Object Repository/MOH AND GRN/Page_KDMC - CMS/a_12' is clicked on

2018-05-09 16:23:30 - [TEST_STEP][PASSED] - click: Object: 'Object Repository/MOH AND GRN/Page_KDMC - CMS/input_btnadd' is clicked on

2018-05-09 16:23:30 - [MESSAGE][PASSED] - Object: 'Object Repository/MOH AND GRN/Page_KDMC - CMS/input_btnadd' is clicked on

2018-05-09 16:23:30 - [TEST_STEP][PASSED] - Statement - If (s == 10): null

2018-05-09 16:23:30 - [TEST_STEP][PASSED] - Statement - Else: null

2018-05-09 16:23:30 - [TEST_STEP][PASSED] - Statement - (s++): null

2018-05-09 16:23:30 - [TEST_STEP][PASSED] - delay: Delayed 1 second(s)

2018-05-09 16:23:31 - [MESSAGE][PASSED] - Delayed 1 second(s)

2018-05-09 16:23:31 - [TEST_STEP][PASSED] - selectOptionByIndex: All options with index in [45] are selected on object 'Object Repository/MOH AND GRN/Page_KDMC - CMS/select_--Select--Amikacin -500'

2018-05-09 16:23:31 - [MESSAGE][PASSED] - All options with index in [45] are selected on object 'Object Repository/MOH AND GRN/Page_KDMC - CMS/select_--Select--Amikacin -500'

2018-05-09 16:23:31 - [TEST_STEP][PASSED] - setText: Text '5000' is set on object 'Object Repository/MOH AND GRN/Page_KDMC - CMS/input_txtqty'

2018-05-09 16:23:32 - [MESSAGE][PASSED] - Text '5000' is set on object 'Object Repository/MOH AND GRN/Page_KDMC - CMS/input_txtqty'

2018-05-09 16:23:32 - [TEST_STEP][PASSED] - selectOptionByIndex: All options with index in [1] are selected on object 'Object Repository/MOH AND GRN/Page_KDMC - CMS/select_--Select--No Tax0'

2018-05-09 16:23:32 - [MESSAGE][PASSED] - All options with index in [1] are selected on object 'Object Repository/MOH AND GRN/Page_KDMC - CMS/select_--Select--No Tax0'

2018-05-09 16:23:32 - [TEST_STEP][PASSED] - setText: Finding Test Object with id 'Object Repository/MOH AND GRN/Page_KDMC - CMS/input_txtmrp'

2018-05-09 16:23:32 - [TEST_STEP][PASSED] - Statement - switch (id): Finding Test Object with id 'Object Repository/MOH AND GRN/Page_KDMC - CMS/input_txtdeal'

2018-05-09 16:23:32 - [TEST_STEP][PASSED] - Statement - case 4:: Text '18.0' is set on object 'Object Repository/MOH AND GRN/Page_KDMC - CMS/input_txtmrp'

2018-05-09 16:23:32 - [TEST_STEP][PASSED] - Statement - return (java.lang.Math.floor((java.lang.Math.random() * ((max - min) + 1))) + min): Text '18.0' is set on object 'Object Repository/MOH AND GRN/Page_KDMC - CMS/input_txtmrp'

2018-05-09 16:23:32 - [MESSAGE][PASSED] - Text '18.0' is set on object 'Object Repository/MOH AND GRN/Page_KDMC - CMS/input_txtmrp'

2018-05-09 16:23:32 - [TEST_STEP][PASSED] - setText: Finding Test Object with id 'Object Repository/MOH AND GRN/Page_KDMC - CMS/input_txtdeal'

2018-05-09 16:23:32 - [TEST_STEP][PASSED] - Statement - switch (id): Finding Test Object with id 'Object Repository/MOH AND GRN/Page_KDMC - CMS/input_txtbatchno'

2018-05-09 16:23:32 - [TEST_STEP][PASSED] - Statement - case 5:: Text '7.0' is set on object 'Object Repository/MOH AND GRN/Page_KDMC - CMS/input_txtdeal'

2018-05-09 16:23:32 - [TEST_STEP][PASSED] - Statement - return (java.lang.Math.floor((java.lang.Math.random() * ((max - min) + 1))) + min): Text '7.0' is set on object 'Object Repository/MOH AND GRN/Page_KDMC - CMS/input_txtdeal'

2018-05-09 16:23:32 - [MESSAGE][PASSED] - Text '7.0' is set on object 'Object Repository/MOH AND GRN/Page_KDMC - CMS/input_txtdeal'

2018-05-09 16:23:32 - [TEST_STEP][PASSED] - setText: Finding Test Object with id 'Object Repository/MOH AND GRN/Page_KDMC - CMS/input_txtbatchno'

2018-05-09 16:23:32 - [TEST_STEP][PASSED] - Statement - switch (id): Finding Test Object with id 'Object Repository/MOH AND GRN/Page_KDMC - CMS/input_txtmrp'

2018-05-09 16:23:32 - [TEST_STEP][PASSED] - Statement - case 1:: Text 'BA164.0' is set on object 'Object Repository/MOH AND GRN/Page_KDMC - CMS/input_txtbatchno'

2018-05-09 16:23:32 - [TEST_STEP][PASSED] - Statement - return (java.lang.Math.floor((java.lang.Math.random() * ((max - min) + 1))) + min): Text 'BA164.0' is set on object 'Object Repository/MOH AND GRN/Page_KDMC - CMS/input_txtbatchno'

2018-05-09 16:23:32 - [MESSAGE][PASSED] - Text 'BA164.0' is set on object 'Object Repository/MOH AND GRN/Page_KDMC - CMS/input_txtbatchno'

2018-05-09 16:23:32 - [TEST_STEP][PASSED] - rightClick: Object: 'Object Repository/GRN/Page_KDMC - CMS/input_txtexpdate' is right clicked on

2018-05-09 16:23:32 - [MESSAGE][PASSED] - Object: 'Object Repository/GRN/Page_KDMC - CMS/input_txtexpdate' is right clicked on

2018-05-09 16:23:32 - [TEST_STEP][PASSED] - selectOptionByIndex: All options with index in [5] are selected on object 'Object Repository/GRN/Page_KDMC - CMS/select_20182019202020212022202'

2018-05-09 16:23:32 - [MESSAGE][PASSED] - All options with index in [5] are selected on object 'Object Repository/GRN/Page_KDMC - CMS/select_20182019202020212022202'

2018-05-09 16:23:32 - [TEST_STEP][PASSED] - selectOptionByIndex: All options with index in [5] are selected on object 'Object Repository/GRN/Page_KDMC - CMS/select_JanFebMarAprMayJunJulAu'

2018-05-09 16:23:32 - [MESSAGE][PASSED] - All options with index in [5] are selected on object 'Object Repository/GRN/Page_KDMC - CMS/select_JanFebMarAprMayJunJulAu'

2018-05-09 16:23:32 - [TEST_STEP][PASSED] - click: Object: 'Object Repository/MOH AND GRN/Page_KDMC - CMS/a_12' is clicked on

2018-05-09 16:23:32 - [MESSAGE][PASSED] - Object: 'Object Repository/MOH AND GRN/Page_KDMC - CMS/a_12' is clicked on

2018-05-09 16:23:32 - [TEST_STEP][PASSED] - click: Object: 'Object Repository/MOH AND GRN/Page_KDMC - CMS/input_btnadd' is clicked on

2018-05-09 16:23:33 - [MESSAGE][PASSED] - Object: 'Object Repository/MOH AND GRN/Page_KDMC - CMS/input_btnadd' is clicked on

2018-05-09 16:23:33 - [TEST_STEP][PASSED] - Statement - If (s == 10): null

2018-05-09 16:23:33 - [TEST_STEP][PASSED] - Statement - Else: null

2018-05-09 16:23:33 - [TEST_STEP][PASSED] - Statement - (s++): null

2018-05-09 16:23:33 - [TEST_STEP][PASSED] - delay: Delayed 1 second(s)

2018-05-09 16:23:34 - [MESSAGE][PASSED] - Delayed 1 second(s)

2018-05-09 16:23:34 - [TEST_STEP][PASSED] - selectOptionByIndex: All options with index in [46] are selected on object 'Object Repository/MOH AND GRN/Page_KDMC - CMS/select_--Select--Amikacin -500'

2018-05-09 16:23:34 - [MESSAGE][PASSED] - All options with index in [46] are selected on object 'Object Repository/MOH AND GRN/Page_KDMC - CMS/select_--Select--Amikacin -500'

2018-05-09 16:23:34 - [TEST_STEP][PASSED] - setText: Text '5000' is set on object 'Object Repository/MOH AND GRN/Page_KDMC - CMS/input_txtqty'

2018-05-09 16:23:34 - [MESSAGE][PASSED] - Text '5000' is set on object 'Object Repository/MOH AND GRN/Page_KDMC - CMS/input_txtqty'

2018-05-09 16:23:34 - [TEST_STEP][PASSED] - selectOptionByIndex: All options with index in [1] are selected on object 'Object Repository/MOH AND GRN/Page_KDMC - CMS/select_--Select--No Tax0'

2018-05-09 16:23:34 - [MESSAGE][PASSED] - All options with index in [1] are selected on object 'Object Repository/MOH AND GRN/Page_KDMC - CMS/select_--Select--No Tax0'

2018-05-09 16:23:34 - [TEST_STEP][PASSED] - setText: Finding Test Object with id 'Object Repository/MOH AND GRN/Page_KDMC - CMS/input_txtmrp'

2018-05-09 16:23:34 - [TEST_STEP][PASSED] - Statement - switch (id): Finding Test Object with id 'Object Repository/MOH AND GRN/Page_KDMC - CMS/input_txtdeal'

2018-05-09 16:23:34 - [TEST_STEP][PASSED] - Statement - case 4:: Text '25.0' is set on object 'Object Repository/MOH AND GRN/Page_KDMC - CMS/input_txtmrp'

2018-05-09 16:23:34 - [TEST_STEP][PASSED] - Statement - return (java.lang.Math.floor((java.lang.Math.random() * ((max - min) + 1))) + min): Text '25.0' is set on object 'Object Repository/MOH AND GRN/Page_KDMC - CMS/input_txtmrp'

2018-05-09 16:23:34 - [MESSAGE][PASSED] - Text '25.0' is set on object 'Object Repository/MOH AND GRN/Page_KDMC - CMS/input_txtmrp'

2018-05-09 16:23:34 - [TEST_STEP][PASSED] - setText: Finding Test Object with id 'Object Repository/MOH AND GRN/Page_KDMC - CMS/input_txtdeal'

2018-05-09 16:23:34 - [TEST_STEP][PASSED] - Statement - switch (id): Finding Test Object with id 'Object Repository/MOH AND GRN/Page_KDMC - CMS/input_txtbatchno'

2018-05-09 16:23:34 - [TEST_STEP][PASSED] - Statement - case 5:: Text '5.0' is set on object 'Object Repository/MOH AND GRN/Page_KDMC - CMS/input_txtdeal'

2018-05-09 16:23:34 - [TEST_STEP][PASSED] - Statement - return (java.lang.Math.floor((java.lang.Math.random() * ((max - min) + 1))) + min): Text '5.0' is set on object 'Object Repository/MOH AND GRN/Page_KDMC - CMS/input_txtdeal'

2018-05-09 16:23:34 - [MESSAGE][PASSED] - Text '5.0' is set on object 'Object Repository/MOH AND GRN/Page_KDMC - CMS/input_txtdeal'

2018-05-09 16:23:34 - [TEST_STEP][PASSED] - setText: Finding Test Object with id 'Object Repository/MOH AND GRN/Page_KDMC - CMS/input_txtbatchno'

2018-05-09 16:23:35 - [TEST_STEP][PASSED] - Statement - switch (id): Finding Test Object with id 'Object Repository/MOH AND GRN/Page_KDMC - CMS/input_txtmrp'

2018-05-09 16:23:35 - [TEST_STEP][PASSED] - Statement - case 1:: Text 'BA26.0' is set on object 'Object Repository/MOH AND GRN/Page_KDMC - CMS/input_txtbatchno'

2018-05-09 16:23:35 - [TEST_STEP][PASSED] - Statement - return (java.lang.Math.floor((java.lang.Math.random() * ((max - min) + 1))) + min): Text 'BA26.0' is set on object 'Object Repository/MOH AND GRN/Page_KDMC - CMS/input_txtbatchno'

2018-05-09 16:23:35 - [MESSAGE][PASSED] - Text 'BA26.0' is set on object 'Object Repository/MOH AND GRN/Page_KDMC - CMS/input_txtbatchno'

2018-05-09 16:23:35 - [TEST_STEP][PASSED] - rightClick: Object: 'Object Repository/GRN/Page_KDMC - CMS/input_txtexpdate' is right clicked on

2018-05-09 16:23:45 - [MESSAGE][PASSED] - Object: 'Object Repository/GRN/Page_KDMC - CMS/input_txtexpdate' is right clicked on

2018-05-09 16:23:45 - [TEST_STEP][PASSED] - selectOptionByIndex: All options with index in [6] are selected on object 'Object Repository/GRN/Page_KDMC - CMS/select_20182019202020212022202'

2018-05-09 16:23:45 - [MESSAGE][PASSED] - All options with index in [6] are selected on object 'Object Repository/GRN/Page_KDMC - CMS/select_20182019202020212022202'

2018-05-09 16:23:45 - [TEST_STEP][PASSED] - selectOptionByIndex: All options with index in [6] are selected on object 'Object Repository/GRN/Page_KDMC - CMS/select_JanFebMarAprMayJunJulAu'

2018-05-09 16:23:45 - [MESSAGE][PASSED] - All options with index in [6] are selected on object 'Object Repository/GRN/Page_KDMC - CMS/select_JanFebMarAprMayJunJulAu'

2018-05-09 16:23:45 - [TEST_STEP][PASSED] - click: Object: 'Object Repository/MOH AND GRN/Page_KDMC - CMS/a_12' is clicked on

2018-05-09 16:23:50 - [MESSAGE][PASSED] - Object: 'Object Repository/MOH AND GRN/Page_KDMC - CMS/a_12' is clicked on

2018-05-09 16:23:50 - [TEST_STEP][PASSED] - click: Object: 'Object Repository/MOH AND GRN/Page_KDMC - CMS/input_btnadd' is clicked on

2018-05-09 16:23:55 - [MESSAGE][PASSED] - Object: 'Object Repository/MOH AND GRN/Page_KDMC - CMS/input_btnadd' is clicked on

2018-05-09 16:23:55 - [TEST_STEP][PASSED] - Statement - If (s == 10): null

2018-05-09 16:23:55 - [TEST_STEP][PASSED] - Statement - Else: null

2018-05-09 16:23:55 - [TEST_STEP][PASSED] - Statement - (s++): null

2018-05-09 16:23:55 - [TEST_STEP][PASSED] - delay: Delayed 1 second(s)

2018-05-09 16:23:56 - [MESSAGE][PASSED] - Delayed 1 second(s)

2018-05-09 16:23:56 - [TEST_STEP][PASSED] - selectOptionByIndex: All options with index in [47] are selected on object 'Object Repository/MOH AND GRN/Page_KDMC - CMS/select_--Select--Amikacin -500'

2018-05-09 16:23:57 - [MESSAGE][PASSED] - All options with index in [47] are selected on object 'Object Repository/MOH AND GRN/Page_KDMC - CMS/select_--Select--Amikacin -500'

2018-05-09 16:23:57 - [TEST_STEP][PASSED] - setText: Text '5000' is set on object 'Object Repository/MOH AND GRN/Page_KDMC - CMS/input_txtqty'

2018-05-09 16:23:57 - [MESSAGE][PASSED] - Text '5000' is set on object 'Object Repository/MOH AND GRN/Page_KDMC - CMS/input_txtqty'

2018-05-09 16:23:57 - [TEST_STEP][PASSED] - selectOptionByIndex: All options with index in [1] are selected on object 'Object Repository/MOH AND GRN/Page_KDMC - CMS/select_--Select--No Tax0'

2018-05-09 16:23:57 - [MESSAGE][PASSED] - All options with index in [1] are selected on object 'Object Repository/MOH AND GRN/Page_KDMC - CMS/select_--Select--No Tax0'

2018-05-09 16:23:57 - [TEST_STEP][PASSED] - setText: Finding Test Object with id 'Object Repository/MOH AND GRN/Page_KDMC - CMS/input_txtmrp'

2018-05-09 16:23:57 - [TEST_STEP][PASSED] - Statement - switch (id): Finding Test Object with id 'Object Repository/MOH AND GRN/Page_KDMC - CMS/input_txtdeal'

2018-05-09 16:23:57 - [TEST_STEP][PASSED] - Statement - case 4:: Text '30.0' is set on object 'Object Repository/MOH AND GRN/Page_KDMC - CMS/input_txtmrp'

2018-05-09 16:23:57 - [TEST_STEP][PASSED] - Statement - return (java.lang.Math.floor((java.lang.Math.random() * ((max - min) + 1))) + min): Text '30.0' is set on object 'Object Repository/MOH AND GRN/Page_KDMC - CMS/input_txtmrp'

2018-05-09 16:23:57 - [MESSAGE][PASSED] - Text '30.0' is set on object 'Object Repository/MOH AND GRN/Page_KDMC - CMS/input_txtmrp'

2018-05-09 16:23:57 - [TEST_STEP][PASSED] - setText: Finding Test Object with id 'Object Repository/MOH AND GRN/Page_KDMC - CMS/input_txtdeal'

2018-05-09 16:23:57 - [TEST_STEP][PASSED] - Statement - switch (id): Finding Test Object with id 'Object Repository/MOH AND GRN/Page_KDMC - CMS/input_txtbatchno'

2018-05-09 16:23:57 - [TEST_STEP][PASSED] - Statement - case 5:: Text '5.0' is set on object 'Object Repository/MOH AND GRN/Page_KDMC - CMS/input_txtdeal'

2018-05-09 16:23:57 - [TEST_STEP][PASSED] - Statement - return (java.lang.Math.floor((java.lang.Math.random() * ((max - min) + 1))) + min): Text '5.0' is set on object 'Object Repository/MOH AND GRN/Page_KDMC - CMS/input_txtdeal'

2018-05-09 16:23:57 - [MESSAGE][PASSED] - Text '5.0' is set on object 'Object Repository/MOH AND GRN/Page_KDMC - CMS/input_txtdeal'

2018-05-09 16:23:57 - [TEST_STEP][PASSED] - setText: Finding Test Object with id 'Object Repository/MOH AND GRN/Page_KDMC - CMS/input_txtbatchno'

2018-05-09 16:23:57 - [TEST_STEP][PASSED] - Statement - switch (id): Finding Test Object with id 'Object Repository/MOH AND GRN/Page_KDMC - CMS/input_txtmrp'

2018-05-09 16:23:57 - [TEST_STEP][PASSED] - Statement - case 1:: Text 'BA865.0' is set on object 'Object Repository/MOH AND GRN/Page_KDMC - CMS/input_txtbatchno'

2018-05-09 16:23:57 - [TEST_STEP][PASSED] - Statement - return (java.lang.Math.floor((java.lang.Math.random() * ((max - min) + 1))) + min): Text 'BA865.0' is set on object 'Object Repository/MOH AND GRN/Page_KDMC - CMS/input_txtbatchno'

2018-05-09 16:23:57 - [MESSAGE][PASSED] - Text 'BA865.0' is set on object 'Object Repository/MOH AND GRN/Page_KDMC - CMS/input_txtbatchno'

2018-05-09 16:23:57 - [TEST_STEP][PASSED] - rightClick: Object: 'Object Repository/GRN/Page_KDMC - CMS/input_txtexpdate' is right clicked on

2018-05-09 16:24:07 - [MESSAGE][PASSED] - Object: 'Object Repository/GRN/Page_KDMC - CMS/input_txtexpdate' is right clicked on

2018-05-09 16:24:07 - [TEST_STEP][PASSED] - selectOptionByIndex: All options with index in [7] are selected on object 'Object Repository/GRN/Page_KDMC - CMS/select_20182019202020212022202'

2018-05-09 16:24:08 - [MESSAGE][PASSED] - All options with index in [7] are selected on object 'Object Repository/GRN/Page_KDMC - CMS/select_20182019202020212022202'

2018-05-09 16:24:08 - [TEST_STEP][PASSED] - selectOptionByIndex: All options with index in [7] are selected on object 'Object Repository/GRN/Page_KDMC - CMS/select_JanFebMarAprMayJunJulAu'

2018-05-09 16:24:08 - [MESSAGE][PASSED] - All options with index in [7] are selected on object 'Object Repository/GRN/Page_KDMC - CMS/select_JanFebMarAprMayJunJulAu'

2018-05-09 16:24:08 - [TEST_STEP][PASSED] - click: Object: 'Object Repository/MOH AND GRN/Page_KDMC - CMS/a_12' is clicked on

2018-05-09 16:24:13 - [MESSAGE][PASSED] - Object: 'Object Repository/MOH AND GRN/Page_KDMC - CMS/a_12' is clicked on

2018-05-09 16:24:13 - [TEST_STEP][PASSED] - click: Object: 'Object Repository/MOH AND GRN/Page_KDMC - CMS/input_btnadd' is clicked on

2018-05-09 16:24:18 - [MESSAGE][PASSED] - Object: 'Object Repository/MOH AND GRN/Page_KDMC - CMS/input_btnadd' is clicked on

2018-05-09 16:24:18 - [TEST_STEP][PASSED] - Statement - If (s == 10): null

2018-05-09 16:24:18 - [TEST_STEP][PASSED] - Statement - Else: null

2018-05-09 16:24:18 - [TEST_STEP][PASSED] - Statement - (s++): null

2018-05-09 16:24:18 - [TEST_STEP][PASSED] - delay: Delayed 1 second(s)

2018-05-09 16:24:19 - [MESSAGE][PASSED] - Delayed 1 second(s)

2018-05-09 16:24:19 - [TEST_STEP][PASSED] - selectOptionByIndex: All options with index in [48] are selected on object 'Object Repository/MOH AND GRN/Page_KDMC - CMS/select_--Select--Amikacin -500'

2018-05-09 16:24:20 - [MESSAGE][PASSED] - All options with index in [48] are selected on object 'Object Repository/MOH AND GRN/Page_KDMC - CMS/select_--Select--Amikacin -500'

2018-05-09 16:24:20 - [TEST_STEP][PASSED] - setText: Text '5000' is set on object 'Object Repository/MOH AND GRN/Page_KDMC - CMS/input_txtqty'

2018-05-09 16:24:20 - [MESSAGE][PASSED] - Text '5000' is set on object 'Object Repository/MOH AND GRN/Page_KDMC - CMS/input_txtqty'

2018-05-09 16:24:20 - [TEST_STEP][PASSED] - selectOptionByIndex: All options with index in [1] are selected on object 'Object Repository/MOH AND GRN/Page_KDMC - CMS/select_--Select--No Tax0'

2018-05-09 16:24:20 - [MESSAGE][PASSED] - All options with index in [1] are selected on object 'Object Repository/MOH AND GRN/Page_KDMC - CMS/select_--Select--No Tax0'

2018-05-09 16:24:20 - [TEST_STEP][PASSED] - setText: Finding Test Object with id 'Object Repository/MOH AND GRN/Page_KDMC - CMS/input_txtmrp'

2018-05-09 16:24:20 - [TEST_STEP][PASSED] - Statement - switch (id): Finding Test Object with id 'Object Repository/MOH AND GRN/Page_KDMC - CMS/input_txtdeal'

2018-05-09 16:24:20 - [TEST_STEP][PASSED] - Statement - case 4:: Text '17.0' is set on object 'Object Repository/MOH AND GRN/Page_KDMC - CMS/input_txtmrp'

2018-05-09 16:24:20 - [TEST_STEP][PASSED] - Statement - return (java.lang.Math.floor((java.lang.Math.random() * ((max - min) + 1))) + min): Text '17.0' is set on object 'Object Repository/MOH AND GRN/Page_KDMC - CMS/input_txtmrp'

2018-05-09 16:24:20 - [MESSAGE][PASSED] - Text '17.0' is set on object 'Object Repository/MOH AND GRN/Page_KDMC - CMS/input_txtmrp'

2018-05-09 16:24:20 - [TEST_STEP][PASSED] - setText: Finding Test Object with id 'Object Repository/MOH AND GRN/Page_KDMC - CMS/input_txtdeal'

2018-05-09 16:24:20 - [TEST_STEP][PASSED] - Statement - switch (id): Finding Test Object with id 'Object Repository/MOH AND GRN/Page_KDMC - CMS/input_txtbatchno'

2018-05-09 16:24:20 - [TEST_STEP][PASSED] - Statement - case 5:: Text '6.0' is set on object 'Object Repository/MOH AND GRN/Page_KDMC - CMS/input_txtdeal'

2018-05-09 16:24:20 - [TEST_STEP][PASSED] - Statement - return (java.lang.Math.floor((java.lang.Math.random() * ((max - min) + 1))) + min): Text '6.0' is set on object 'Object Repository/MOH AND GRN/Page_KDMC - CMS/input_txtdeal'

2018-05-09 16:24:20 - [MESSAGE][PASSED] - Text '6.0' is set on object 'Object Repository/MOH AND GRN/Page_KDMC - CMS/input_txtdeal'

2018-05-09 16:24:20 - [TEST_STEP][PASSED] - setText: Finding Test Object with id 'Object Repository/MOH AND GRN/Page_KDMC - CMS/input_txtbatchno'

2018-05-09 16:24:20 - [TEST_STEP][PASSED] - Statement - switch (id): Finding Test Object with id 'Object Repository/MOH AND GRN/Page_KDMC - CMS/input_txtmrp'

2018-05-09 16:24:20 - [TEST_STEP][PASSED] - Statement - case 1:: Text 'BA257.0' is set on object 'Object Repository/MOH AND GRN/Page_KDMC - CMS/input_txtbatchno'

2018-05-09 16:24:20 - [TEST_STEP][PASSED] - Statement - return (java.lang.Math.floor((java.lang.Math.random() * ((max - min) + 1))) + min): Text 'BA257.0' is set on object 'Object Repository/MOH AND GRN/Page_KDMC - CMS/input_txtbatchno'

2018-05-09 16:24:20 - [MESSAGE][PASSED] - Text 'BA257.0' is set on object 'Object Repository/MOH AND GRN/Page_KDMC - CMS/input_txtbatchno'

2018-05-09 16:24:20 - [TEST_STEP][PASSED] - rightClick: Object: 'Object Repository/GRN/Page_KDMC - CMS/input_txtexpdate' is right clicked on

2018-05-09 16:24:30 - [MESSAGE][PASSED] - Object: 'Object Repository/GRN/Page_KDMC - CMS/input_txtexpdate' is right clicked on

2018-05-09 16:24:30 - [TEST_STEP][PASSED] - selectOptionByIndex: All options with index in [8] are selected on object 'Object Repository/GRN/Page_KDMC - CMS/select_20182019202020212022202'

2018-05-09 16:24:31 - [MESSAGE][PASSED] - All options with index in [8] are selected on object 'Object Repository/GRN/Page_KDMC - CMS/select_20182019202020212022202'

2018-05-09 16:24:31 - [TEST_STEP][PASSED] - selectOptionByIndex: All options with index in [8] are selected on object 'Object Repository/GRN/Page_KDMC - CMS/select_JanFebMarAprMayJunJulAu'

2018-05-09 16:24:31 - [MESSAGE][PASSED] - All options with index in [8] are selected on object 'Object Repository/GRN/Page_KDMC - CMS/select_JanFebMarAprMayJunJulAu'

2018-05-09 16:24:31 - [TEST_STEP][PASSED] - click: Object: 'Object Repository/MOH AND GRN/Page_KDMC - CMS/a_12' is clicked on

2018-05-09 16:24:36 - [MESSAGE][PASSED] - Object: 'Object Repository/MOH AND GRN/Page_KDMC - CMS/a_12' is clicked on

2018-05-09 16:24:36 - [TEST_STEP][PASSED] - click: Object: 'Object Repository/MOH AND GRN/Page_KDMC - CMS/input_btnadd' is clicked on

2018-05-09 16:24:41 - [MESSAGE][PASSED] - Object: 'Object Repository/MOH AND GRN/Page_KDMC - CMS/input_btnadd' is clicked on

2018-05-09 16:24:41 - [TEST_STEP][PASSED] - Statement - If (s == 10): null

2018-05-09 16:24:41 - [TEST_STEP][PASSED] - Statement - Else: null

2018-05-09 16:24:41 - [TEST_STEP][PASSED] - Statement - (s++): null

2018-05-09 16:24:41 - [TEST_STEP][PASSED] - delay: Delayed 1 second(s)

2018-05-09 16:24:42 - [MESSAGE][PASSED] - Delayed 1 second(s)

2018-05-09 16:24:42 - [TEST_STEP][PASSED] - selectOptionByIndex: All options with index in [49] are selected on object 'Object Repository/MOH AND GRN/Page_KDMC - CMS/select_--Select--Amikacin -500'

2018-05-09 16:24:43 - [MESSAGE][PASSED] - All options with index in [49] are selected on object 'Object Repository/MOH AND GRN/Page_KDMC - CMS/select_--Select--Amikacin -500'

2018-05-09 16:24:43 - [TEST_STEP][PASSED] - setText: Text '5000' is set on object 'Object Repository/MOH AND GRN/Page_KDMC - CMS/input_txtqty'

2018-05-09 16:24:43 - [MESSAGE][PASSED] - Text '5000' is set on object 'Object Repository/MOH AND GRN/Page_KDMC - CMS/input_txtqty'

2018-05-09 16:24:43 - [TEST_STEP][PASSED] - selectOptionByIndex: All options with index in [1] are selected on object 'Object Repository/MOH AND GRN/Page_KDMC - CMS/select_--Select--No Tax0'

2018-05-09 16:24:43 - [MESSAGE][PASSED] - All options with index in [1] are selected on object 'Object Repository/MOH AND GRN/Page_KDMC - CMS/select_--Select--No Tax0'

2018-05-09 16:24:43 - [TEST_STEP][PASSED] - setText: Finding Test Object with id 'Object Repository/MOH AND GRN/Page_KDMC - CMS/input_txtmrp'

2018-05-09 16:24:43 - [TEST_STEP][PASSED] - Statement - switch (id): Finding Test Object with id 'Object Repository/MOH AND GRN/Page_KDMC - CMS/input_txtdeal'

2018-05-09 16:24:43 - [TEST_STEP][PASSED] - Statement - case 4:: Text '45.0' is set on object 'Object Repository/MOH AND GRN/Page_KDMC - CMS/input_txtmrp'

2018-05-09 16:24:43 - [TEST_STEP][PASSED] - Statement - return (java.lang.Math.floor((java.lang.Math.random() * ((max - min) + 1))) + min): Text '45.0' is set on object 'Object Repository/MOH AND GRN/Page_KDMC - CMS/input_txtmrp'

2018-05-09 16:24:43 - [MESSAGE][PASSED] - Text '45.0' is set on object 'Object Repository/MOH AND GRN/Page_KDMC - CMS/input_txtmrp'

2018-05-09 16:24:43 - [TEST_STEP][PASSED] - setText: Finding Test Object with id 'Object Repository/MOH AND GRN/Page_KDMC - CMS/input_txtdeal'

2018-05-09 16:24:43 - [TEST_STEP][PASSED] - Statement - switch (id): Finding Test Object with id 'Object Repository/MOH AND GRN/Page_KDMC - CMS/input_txtbatchno'

2018-05-09 16:24:43 - [TEST_STEP][PASSED] - Statement - case 5:: Text '8.0' is set on object 'Object Repository/MOH AND GRN/Page_KDMC - CMS/input_txtdeal'

2018-05-09 16:24:43 - [TEST_STEP][PASSED] - Statement - return (java.lang.Math.floor((java.lang.Math.random() * ((max - min) + 1))) + min): Text '8.0' is set on object 'Object Repository/MOH AND GRN/Page_KDMC - CMS/input_txtdeal'

2018-05-09 16:24:43 - [MESSAGE][PASSED] - Text '8.0' is set on object 'Object Repository/MOH AND GRN/Page_KDMC - CMS/input_txtdeal'

2018-05-09 16:24:43 - [TEST_STEP][PASSED] - setText: Finding Test Object with id 'Object Repository/MOH AND GRN/Page_KDMC - CMS/input_txtbatchno'

2018-05-09 16:24:43 - [TEST_STEP][PASSED] - Statement - switch (id): Finding Test Object with id 'Object Repository/MOH AND GRN/Page_KDMC - CMS/input_txtmrp'

2018-05-09 16:24:43 - [TEST_STEP][PASSED] - Statement - case 1:: Text 'BA473.0' is set on object 'Object Repository/MOH AND GRN/Page_KDMC - CMS/input_txtbatchno'

2018-05-09 16:24:43 - [TEST_STEP][PASSED] - Statement - return (java.lang.Math.floor((java.lang.Math.random() * ((max - min) + 1))) + min): Text 'BA473.0' is set on object 'Object Repository/MOH AND GRN/Page_KDMC - CMS/input_txtbatchno'

2018-05-09 16:24:43 - [MESSAGE][PASSED] - Text 'BA473.0' is set on object 'Object Repository/MOH AND GRN/Page_KDMC - CMS/input_txtbatchno'

2018-05-09 16:24:43 - [TEST_STEP][PASSED] - rightClick: Object: 'Object Repository/GRN/Page_KDMC - CMS/input_txtexpdate' is right clicked on

2018-05-09 16:24:53 - [MESSAGE][PASSED] - Object: 'Object Repository/GRN/Page_KDMC - CMS/input_txtexpdate' is right clicked on

2018-05-09 16:24:53 - [TEST_STEP][PASSED] - selectOptionByIndex: All options with index in [9] are selected on object 'Object Repository/GRN/Page_KDMC - CMS/select_20182019202020212022202'

2018-05-09 16:24:53 - [MESSAGE][PASSED] - All options with index in [9] are selected on object 'Object Repository/GRN/Page_KDMC - CMS/select_20182019202020212022202'

2018-05-09 16:24:53 - [TEST_STEP][PASSED] - selectOptionByIndex: All options with index in [9] are selected on object 'Object Repository/GRN/Page_KDMC - CMS/select_JanFebMarAprMayJunJulAu'

2018-05-09 16:24:54 - [MESSAGE][PASSED] - All options with index in [9] are selected on object 'Object Repository/GRN/Page_KDMC - CMS/select_JanFebMarAprMayJunJulAu'

2018-05-09 16:24:54 - [TEST_STEP][PASSED] - click: Object: 'Object Repository/MOH AND GRN/Page_KDMC - CMS/a_12' is clicked on

2018-05-09 16:24:59 - [MESSAGE][PASSED] - Object: 'Object Repository/MOH AND GRN/Page_KDMC - CMS/a_12' is clicked on

2018-05-09 16:24:59 - [TEST_STEP][PASSED] - click: Object: 'Object Repository/MOH AND GRN/Page_KDMC - CMS/input_btnadd' is clicked on

2018-05-09 16:25:04 - [MESSAGE][PASSED] - Object: 'Object Repository/MOH AND GRN/Page_KDMC - CMS/input_btnadd' is clicked on

2018-05-09 16:25:04 - [TEST_STEP][PASSED] - Statement - If (s == 10): null

2018-05-09 16:25:04 - [TEST_STEP][PASSED] - Statement - Else: null

2018-05-09 16:25:04 - [TEST_STEP][PASSED] - Statement - (s++): null

2018-05-09 16:25:04 - [TEST_STEP][PASSED] - delay: Delayed 1 second(s)

2018-05-09 16:25:05 - [MESSAGE][PASSED] - Delayed 1 second(s)

2018-05-09 16:25:05 - [TEST_STEP][PASSED] - selectOptionByIndex: All options with index in [50] are selected on object 'Object Repository/MOH AND GRN/Page_KDMC - CMS/select_--Select--Amikacin -500'

2018-05-09 16:25:06 - [MESSAGE][PASSED] - All options with index in [50] are selected on object 'Object Repository/MOH AND GRN/Page_KDMC - CMS/select_--Select--Amikacin -500'

2018-05-09 16:25:06 - [TEST_STEP][PASSED] - setText: Text '5000' is set on object 'Object Repository/MOH AND GRN/Page_KDMC - CMS/input_txtqty'

2018-05-09 16:25:06 - [MESSAGE][PASSED] - Text '5000' is set on object 'Object Repository/MOH AND GRN/Page_KDMC - CMS/input_txtqty'

2018-05-09 16:25:06 - [TEST_STEP][PASSED] - selectOptionByIndex: All options with index in [1] are selected on object 'Object Repository/MOH AND GRN/Page_KDMC - CMS/select_--Select--No Tax0'

2018-05-09 16:25:06 - [MESSAGE][PASSED] - All options with index in [1] are selected on object 'Object Repository/MOH AND GRN/Page_KDMC - CMS/select_--Select--No Tax0'

2018-05-09 16:25:06 - [TEST_STEP][PASSED] - setText: Finding Test Object with id 'Object Repository/MOH AND GRN/Page_KDMC - CMS/input_txtmrp'

2018-05-09 16:25:06 - [TEST_STEP][PASSED] - Statement - switch (id): Finding Test Object with id 'Object Repository/MOH AND GRN/Page_KDMC - CMS/input_txtdeal'

2018-05-09 16:25:06 - [TEST_STEP][PASSED] - Statement - case 4:: Text '33.0' is set on object 'Object Repository/MOH AND GRN/Page_KDMC - CMS/input_txtmrp'

2018-05-09 16:25:06 - [TEST_STEP][PASSED] - Statement - return (java.lang.Math.floor((java.lang.Math.random() * ((max - min) + 1))) + min): Text '33.0' is set on object 'Object Repository/MOH AND GRN/Page_KDMC - CMS/input_txtmrp'

2018-05-09 16:25:06 - [MESSAGE][PASSED] - Text '33.0' is set on object 'Object Repository/MOH AND GRN/Page_KDMC - CMS/input_txtmrp'

2018-05-09 16:25:06 - [TEST_STEP][PASSED] - setText: Finding Test Object with id 'Object Repository/MOH AND GRN/Page_KDMC - CMS/input_txtdeal'

2018-05-09 16:25:06 - [TEST_STEP][PASSED] - Statement - switch (id): Finding Test Object with id 'Object Repository/MOH AND GRN/Page_KDMC - CMS/input_txtbatchno'

2018-05-09 16:25:06 - [TEST_STEP][PASSED] - Statement - case 5:: Text '8.0' is set on object 'Object Repository/MOH AND GRN/Page_KDMC - CMS/input_txtdeal'

2018-05-09 16:25:06 - [TEST_STEP][PASSED] - Statement - return (java.lang.Math.floor((java.lang.Math.random() * ((max - min) + 1))) + min): Text '8.0' is set on object 'Object Repository/MOH AND GRN/Page_KDMC - CMS/input_txtdeal'

2018-05-09 16:25:06 - [MESSAGE][PASSED] - Text '8.0' is set on object 'Object Repository/MOH AND GRN/Page_KDMC - CMS/input_txtdeal'

2018-05-09 16:25:06 - [TEST_STEP][PASSED] - setText: Finding Test Object with id 'Object Repository/MOH AND GRN/Page_KDMC - CMS/input_txtbatchno'

2018-05-09 16:25:06 - [TEST_STEP][PASSED] - Statement - switch (id): Finding Test Object with id 'Object Repository/MOH AND GRN/Page_KDMC - CMS/input_txtmrp'

2018-05-09 16:25:06 - [TEST_STEP][PASSED] - Statement - case 1:: Text 'BA67.0' is set on object 'Object Repository/MOH AND GRN/Page_KDMC - CMS/input_txtbatchno'

2018-05-09 16:25:06 - [TEST_STEP][PASSED] - Statement - return (java.lang.Math.floor((java.lang.Math.random() * ((max - min) + 1))) + min): Text 'BA67.0' is set on object 'Object Repository/MOH AND GRN/Page_KDMC - CMS/input_txtbatchno'

2018-05-09 16:25:06 - [MESSAGE][PASSED] - Text 'BA67.0' is set on object 'Object Repository/MOH AND GRN/Page_KDMC - CMS/input_txtbatchno'

2018-05-09 16:25:06 - [TEST_STEP][PASSED] - rightClick: Object: 'Object Repository/GRN/Page_KDMC - CMS/input_txtexpdate' is right clicked on

2018-05-09 16:25:16 - [MESSAGE][PASSED] - Object: 'Object Repository/GRN/Page_KDMC - CMS/input_txtexpdate' is right clicked on

2018-05-09 16:25:16 - [TEST_STEP][PASSED] - selectOptionByIndex: All options with index in [10] are selected on object 'Object Repository/GRN/Page_KDMC - CMS/select_20182019202020212022202'

2018-05-09 16:25:16 - [MESSAGE][PASSED] - All options with index in [10] are selected on object 'Object Repository/GRN/Page_KDMC - CMS/select_20182019202020212022202'

2018-05-09 16:25:16 - [TEST_STEP][PASSED] - selectOptionByIndex: All options with index in [10] are selected on object 'Object Repository/GRN/Page_KDMC - CMS/select_JanFebMarAprMayJunJulAu'

2018-05-09 16:25:17 - [MESSAGE][PASSED] - All options with index in [10] are selected on object 'Object Repository/GRN/Page_KDMC - CMS/select_JanFebMarAprMayJunJulAu'

2018-05-09 16:25:17 - [TEST_STEP][PASSED] - click: Object: 'Object Repository/MOH AND GRN/Page_KDMC - CMS/a_12' is clicked on

2018-05-09 16:25:22 - [MESSAGE][PASSED] - Object: 'Object Repository/MOH AND GRN/Page_KDMC - CMS/a_12' is clicked on

2018-05-09 16:25:22 - [TEST_STEP][PASSED] - click: Object: 'Object Repository/MOH AND GRN/Page_KDMC - CMS/input_btnadd' is clicked on

2018-05-09 16:25:27 - [MESSAGE][PASSED] - Object: 'Object Repository/MOH AND GRN/Page_KDMC - CMS/input_btnadd' is clicked on

2018-05-09 16:25:27 - [TEST_STEP][PASSED] - Statement - If (s == 10): null

2018-05-09 16:25:27 - [TEST_STEP][PASSED] - Statement - s = 1: null

2018-05-09 16:25:27 - [TEST_STEP][PASSED] - delay: Delayed 1 second(s)

2018-05-09 16:25:28 - [MESSAGE][PASSED] - Delayed 1 second(s)

2018-05-09 16:25:28 - [TEST_STEP][PASSED] - selectOptionByIndex: All options with index in [51] are selected on object 'Object Repository/MOH AND GRN/Page_KDMC - CMS/select_--Select--Amikacin -500'

2018-05-09 16:25:29 - [MESSAGE][PASSED] - All options with index in [51] are selected on object 'Object Repository/MOH AND GRN/Page_KDMC - CMS/select_--Select--Amikacin -500'

2018-05-09 16:25:29 - [TEST_STEP][PASSED] - setText: Text '5000' is set on object 'Object Repository/MOH AND GRN/Page_KDMC - CMS/input_txtqty'

2018-05-09 16:25:29 - [MESSAGE][PASSED] - Text '5000' is set on object 'Object Repository/MOH AND GRN/Page_KDMC - CMS/input_txtqty'

2018-05-09 16:25:29 - [TEST_STEP][PASSED] - selectOptionByIndex: All options with index in [1] are selected on object 'Object Repository/MOH AND GRN/Page_KDMC - CMS/select_--Select--No Tax0'

2018-05-09 16:25:29 - [MESSAGE][PASSED] - All options with index in [1] are selected on object 'Object Repository/MOH AND GRN/Page_KDMC - CMS/select_--Select--No Tax0'

2018-05-09 16:25:29 - [TEST_STEP][PASSED] - setText: Finding Test Object with id 'Object Repository/MOH AND GRN/Page_KDMC - CMS/input_txtmrp'

2018-05-09 16:25:29 - [TEST_STEP][PASSED] - Statement - switch (id): Finding Test Object with id 'Object Repository/MOH AND GRN/Page_KDMC - CMS/input_txtdeal'

2018-05-09 16:25:29 - [TEST_STEP][PASSED] - Statement - case 4:: Text '30.0' is set on object 'Object Repository/MOH AND GRN/Page_KDMC - CMS/input_txtmrp'

2018-05-09 16:25:29 - [TEST_STEP][PASSED] - Statement - return (java.lang.Math.floor((java.lang.Math.random() * ((max - min) + 1))) + min): Text '30.0' is set on object 'Object Repository/MOH AND GRN/Page_KDMC - CMS/input_txtmrp'

2018-05-09 16:25:29 - [MESSAGE][PASSED] - Text '30.0' is set on object 'Object Repository/MOH AND GRN/Page_KDMC - CMS/input_txtmrp'

2018-05-09 16:25:29 - [TEST_STEP][PASSED] - setText: Finding Test Object with id 'Object Repository/MOH AND GRN/Page_KDMC - CMS/input_txtdeal'

2018-05-09 16:25:29 - [TEST_STEP][PASSED] - Statement - switch (id): Finding Test Object with id 'Object Repository/MOH AND GRN/Page_KDMC - CMS/input_txtbatchno'

2018-05-09 16:25:29 - [TEST_STEP][PASSED] - Statement - case 5:: Text '10.0' is set on object 'Object Repository/MOH AND GRN/Page_KDMC - CMS/input_txtdeal'

2018-05-09 16:25:29 - [TEST_STEP][PASSED] - Statement - return (java.lang.Math.floor((java.lang.Math.random() * ((max - min) + 1))) + min): Text '10.0' is set on object 'Object Repository/MOH AND GRN/Page_KDMC - CMS/input_txtdeal'

2018-05-09 16:25:29 - [MESSAGE][PASSED] - Text '10.0' is set on object 'Object Repository/MOH AND GRN/Page_KDMC - CMS/input_txtdeal'

2018-05-09 16:25:29 - [TEST_STEP][PASSED] - setText: Finding Test Object with id 'Object Repository/MOH AND GRN/Page_KDMC - CMS/input_txtbatchno'

2018-05-09 16:25:29 - [TEST_STEP][PASSED] - Statement - switch (id): Finding Test Object with id 'Object Repository/MOH AND GRN/Page_KDMC - CMS/input_txtmrp'

2018-05-09 16:25:29 - [TEST_STEP][PASSED] - Statement - case 1:: Text 'BA366.0' is set on object 'Object Repository/MOH AND GRN/Page_KDMC - CMS/input_txtbatchno'

2018-05-09 16:25:29 - [TEST_STEP][PASSED] - Statement - return (java.lang.Math.floor((java.lang.Math.random() * ((max - min) + 1))) + min): Text 'BA366.0' is set on object 'Object Repository/MOH AND GRN/Page_KDMC - CMS/input_txtbatchno'

2018-05-09 16:25:29 - [MESSAGE][PASSED] - Text 'BA366.0' is set on object 'Object Repository/MOH AND GRN/Page_KDMC - CMS/input_txtbatchno'

2018-05-09 16:25:29 - [TEST_STEP][PASSED] - rightClick: Object: 'Object Repository/GRN/Page_KDMC - CMS/input_txtexpdate' is right clicked on

2018-05-09 16:25:39 - [MESSAGE][PASSED] - Object: 'Object Repository/GRN/Page_KDMC - CMS/input_txtexpdate' is right clicked on

2018-05-09 16:25:39 - [TEST_STEP][PASSED] - selectOptionByIndex: All options with index in [1] are selected on object 'Object Repository/GRN/Page_KDMC - CMS/select_20182019202020212022202'

2018-05-09 16:25:39 - [MESSAGE][PASSED] - All options with index in [1] are selected on object 'Object Repository/GRN/Page_KDMC - CMS/select_20182019202020212022202'

2018-05-09 16:25:39 - [TEST_STEP][PASSED] - selectOptionByIndex: All options with index in [1] are selected on object 'Object Repository/GRN/Page_KDMC - CMS/select_JanFebMarAprMayJunJulAu'

2018-05-09 16:25:40 - [MESSAGE][PASSED] - All options with index in [1] are selected on object 'Object Repository/GRN/Page_KDMC - CMS/select_JanFebMarAprMayJunJulAu'

2018-05-09 16:25:40 - [TEST_STEP][PASSED] - click: Object: 'Object Repository/MOH AND GRN/Page_KDMC - CMS/a_12' is clicked on

2018-05-09 16:25:45 - [MESSAGE][PASSED] - Object: 'Object Repository/MOH AND GRN/Page_KDMC - CMS/a_12' is clicked on

2018-05-09 16:25:45 - [TEST_STEP][PASSED] - click: Object: 'Object Repository/MOH AND GRN/Page_KDMC - CMS/input_btnadd' is clicked on

2018-05-09 16:25:50 - [MESSAGE][PASSED] - Object: 'Object Repository/MOH AND GRN/Page_KDMC - CMS/input_btnadd' is clicked on

2018-05-09 16:25:50 - [TEST_STEP][PASSED] - Statement - If (s == 10): null

2018-05-09 16:25:50 - [TEST_STEP][PASSED] - Statement - Else: null

2018-05-09 16:25:50 - [TEST_STEP][PASSED] - Statement - (s++): null

2018-05-09 16:25:50 - [TEST_STEP][PASSED] - delay: Delayed 1 second(s)

2018-05-09 16:25:51 - [MESSAGE][PASSED] - Delayed 1 second(s)

2018-05-09 16:25:51 - [TEST_STEP][PASSED] - selectOptionByIndex: All options with index in [52] are selected on object 'Object Repository/MOH AND GRN/Page_KDMC - CMS/select_--Select--Amikacin -500'

2018-05-09 16:25:51 - [MESSAGE][PASSED] - All options with index in [52] are selected on object 'Object Repository/MOH AND GRN/Page_KDMC - CMS/select_--Select--Amikacin -500'

2018-05-09 16:25:51 - [TEST_STEP][PASSED] - setText: Text '5000' is set on object 'Object Repository/MOH AND GRN/Page_KDMC - CMS/input_txtqty'

2018-05-09 16:25:51 - [MESSAGE][PASSED] - Text '5000' is set on object 'Object Repository/MOH AND GRN/Page_KDMC - CMS/input_txtqty'

2018-05-09 16:25:51 - [TEST_STEP][PASSED] - selectOptionByIndex: All options with index in [1] are selected on object 'Object Repository/MOH AND GRN/Page_KDMC - CMS/select_--Select--No Tax0'

2018-05-09 16:25:52 - [MESSAGE][PASSED] - All options with index in [1] are selected on object 'Object Repository/MOH AND GRN/Page_KDMC - CMS/select_--Select--No Tax0'

2018-05-09 16:25:52 - [TEST_STEP][PASSED] - setText: Finding Test Object with id 'Object Repository/MOH AND GRN/Page_KDMC - CMS/input_txtmrp'

2018-05-09 16:25:52 - [TEST_STEP][PASSED] - Statement - switch (id): Finding Test Object with id 'Object Repository/MOH AND GRN/Page_KDMC - CMS/input_txtdeal'

2018-05-09 16:25:52 - [TEST_STEP][PASSED] - Statement - case 4:: Text '20.0' is set on object 'Object Repository/MOH AND GRN/Page_KDMC - CMS/input_txtmrp'

2018-05-09 16:25:52 - [TEST_STEP][PASSED] - Statement - return (java.lang.Math.floor((java.lang.Math.random() * ((max - min) + 1))) + min): Text '20.0' is set on object 'Object Repository/MOH AND GRN/Page_KDMC - CMS/input_txtmrp'

2018-05-09 16:25:52 - [MESSAGE][PASSED] - Text '20.0' is set on object 'Object Repository/MOH AND GRN/Page_KDMC - CMS/input_txtmrp'

2018-05-09 16:25:52 - [TEST_STEP][PASSED] - setText: Finding Test Object with id 'Object Repository/MOH AND GRN/Page_KDMC - CMS/input_txtdeal'

2018-05-09 16:25:52 - [TEST_STEP][PASSED] - Statement - switch (id): Finding Test Object with id 'Object Repository/MOH AND GRN/Page_KDMC - CMS/input_txtbatchno'

2018-05-09 16:25:52 - [TEST_STEP][PASSED] - Statement - case 5:: Text '12.0' is set on object 'Object Repository/MOH AND GRN/Page_KDMC - CMS/input_txtdeal'

2018-05-09 16:25:52 - [TEST_STEP][PASSED] - Statement - return (java.lang.Math.floor((java.lang.Math.random() * ((max - min) + 1))) + min): Text '12.0' is set on object 'Object Repository/MOH AND GRN/Page_KDMC - CMS/input_txtdeal'

2018-05-09 16:25:52 - [MESSAGE][PASSED] - Text '12.0' is set on object 'Object Repository/MOH AND GRN/Page_KDMC - CMS/input_txtdeal'

2018-05-09 16:25:52 - [TEST_STEP][PASSED] - setText: Finding Test Object with id 'Object Repository/MOH AND GRN/Page_KDMC - CMS/input_txtbatchno'

2018-05-09 16:25:52 - [TEST_STEP][PASSED] - Statement - switch (id): Finding Test Object with id 'Object Repository/MOH AND GRN/Page_KDMC - CMS/input_txtmrp'

2018-05-09 16:25:52 - [TEST_STEP][PASSED] - Statement - case 1:: Text 'BA690.0' is set on object 'Object Repository/MOH AND GRN/Page_KDMC - CMS/input_txtbatchno'

2018-05-09 16:25:52 - [TEST_STEP][PASSED] - Statement - return (java.lang.Math.floor((java.lang.Math.random() * ((max - min) + 1))) + min): Text 'BA690.0' is set on object 'Object Repository/MOH AND GRN/Page_KDMC - CMS/input_txtbatchno'

2018-05-09 16:25:52 - [MESSAGE][PASSED] - Text 'BA690.0' is set on object 'Object Repository/MOH AND GRN/Page_KDMC - CMS/input_txtbatchno'

2018-05-09 16:25:52 - [TEST_STEP][PASSED] - rightClick: Object: 'Object Repository/GRN/Page_KDMC - CMS/input_txtexpdate' is right clicked on

2018-05-09 16:26:02 - [MESSAGE][PASSED] - Object: 'Object Repository/GRN/Page_KDMC - CMS/input_txtexpdate' is right clicked on

2018-05-09 16:26:02 - [TEST_STEP][PASSED] - selectOptionByIndex: All options with index in [2] are selected on object 'Object Repository/GRN/Page_KDMC - CMS/select_20182019202020212022202'

2018-05-09 16:26:02 - [MESSAGE][PASSED] - All options with index in [2] are selected on object 'Object Repository/GRN/Page_KDMC - CMS/select_20182019202020212022202'

2018-05-09 16:26:02 - [TEST_STEP][PASSED] - selectOptionByIndex: All options with index in [2] are selected on object 'Object Repository/GRN/Page_KDMC - CMS/select_JanFebMarAprMayJunJulAu'

2018-05-09 16:26:02 - [MESSAGE][PASSED] - All options with index in [2] are selected on object 'Object Repository/GRN/Page_KDMC - CMS/select_JanFebMarAprMayJunJulAu'

2018-05-09 16:26:02 - [TEST_STEP][PASSED] - click: Object: 'Object Repository/MOH AND GRN/Page_KDMC - CMS/a_12' is clicked on

2018-05-09 16:26:07 - [MESSAGE][PASSED] - Object: 'Object Repository/MOH AND GRN/Page_KDMC - CMS/a_12' is clicked on

2018-05-09 16:26:07 - [TEST_STEP][PASSED] - click: Object: 'Object Repository/MOH AND GRN/Page_KDMC - CMS/input_btnadd' is clicked on

2018-05-09 16:26:13 - [MESSAGE][PASSED] - Object: 'Object Repository/MOH AND GRN/Page_KDMC - CMS/input_btnadd' is clicked on

2018-05-09 16:26:13 - [TEST_STEP][PASSED] - Statement - If (s == 10): null

2018-05-09 16:26:13 - [TEST_STEP][PASSED] - Statement - Else: null

2018-05-09 16:26:13 - [TEST_STEP][PASSED] - Statement - (s++): null

2018-05-09 16:26:13 - [TEST_STEP][PASSED] - delay: Delayed 1 second(s)

2018-05-09 16:26:14 - [MESSAGE][PASSED] - Delayed 1 second(s)

2018-05-09 16:26:14 - [TEST_STEP][PASSED] - selectOptionByIndex: All options with index in [53] are selected on object 'Object Repository/MOH AND GRN/Page_KDMC - CMS/select_--Select--Amikacin -500'

2018-05-09 16:26:14 - [MESSAGE][PASSED] - All options with index in [53] are selected on object 'Object Repository/MOH AND GRN/Page_KDMC - CMS/select_--Select--Amikacin -500'

2018-05-09 16:26:14 - [TEST_STEP][PASSED] - setText: Text '5000' is set on object 'Object Repository/MOH AND GRN/Page_KDMC - CMS/input_txtqty'

2018-05-09 16:26:14 - [MESSAGE][PASSED] - Text '5000' is set on object 'Object Repository/MOH AND GRN/Page_KDMC - CMS/input_txtqty'

2018-05-09 16:26:14 - [TEST_STEP][PASSED] - selectOptionByIndex: All options with index in [1] are selected on object 'Object Repository/MOH AND GRN/Page_KDMC - CMS/select_--Select--No Tax0'

2018-05-09 16:26:14 - [MESSAGE][PASSED] - All options with index in [1] are selected on object 'Object Repository/MOH AND GRN/Page_KDMC - CMS/select_--Select--No Tax0'

2018-05-09 16:26:14 - [TEST_STEP][PASSED] - setText: Finding Test Object with id 'Object Repository/MOH AND GRN/Page_KDMC - CMS/input_txtmrp'

2018-05-09 16:26:14 - [TEST_STEP][PASSED] - Statement - switch (id): Finding Test Object with id 'Object Repository/MOH AND GRN/Page_KDMC - CMS/input_txtdeal'

2018-05-09 16:26:14 - [TEST_STEP][PASSED] - Statement - case 4:: Text '42.0' is set on object 'Object Repository/MOH AND GRN/Page_KDMC - CMS/input_txtmrp'

2018-05-09 16:26:14 - [TEST_STEP][PASSED] - Statement - return (java.lang.Math.floor((java.lang.Math.random() * ((max - min) + 1))) + min): Text '42.0' is set on object 'Object Repository/MOH AND GRN/Page_KDMC - CMS/input_txtmrp'

2018-05-09 16:26:15 - [MESSAGE][PASSED] - Text '42.0' is set on object 'Object Repository/MOH AND GRN/Page_KDMC - CMS/input_txtmrp'

2018-05-09 16:26:15 - [TEST_STEP][PASSED] - setText: Finding Test Object with id 'Object Repository/MOH AND GRN/Page_KDMC - CMS/input_txtdeal'

2018-05-09 16:26:15 - [TEST_STEP][PASSED] - Statement - switch (id): Finding Test Object with id 'Object Repository/MOH AND GRN/Page_KDMC - CMS/input_txtbatchno'

2018-05-09 16:26:15 - [TEST_STEP][PASSED] - Statement - case 5:: Text '8.0' is set on object 'Object Repository/MOH AND GRN/Page_KDMC - CMS/input_txtdeal'

2018-05-09 16:26:15 - [TEST_STEP][PASSED] - Statement - return (java.lang.Math.floor((java.lang.Math.random() * ((max - min) + 1))) + min): Text '8.0' is set on object 'Object Repository/MOH AND GRN/Page_KDMC - CMS/input_txtdeal'

2018-05-09 16:26:15 - [MESSAGE][PASSED] - Text '8.0' is set on object 'Object Repository/MOH AND GRN/Page_KDMC - CMS/input_txtdeal'

2018-05-09 16:26:15 - [TEST_STEP][PASSED] - setText: Finding Test Object with id 'Object Repository/MOH AND GRN/Page_KDMC - CMS/input_txtbatchno'

2018-05-09 16:26:15 - [TEST_STEP][PASSED] - Statement - switch (id): Finding Test Object with id 'Object Repository/MOH AND GRN/Page_KDMC - CMS/input_txtmrp'

2018-05-09 16:26:15 - [TEST_STEP][PASSED] - Statement - case 1:: Text 'BA509.0' is set on object 'Object Repository/MOH AND GRN/Page_KDMC - CMS/input_txtbatchno'

2018-05-09 16:26:15 - [TEST_STEP][PASSED] - Statement - return (java.lang.Math.floor((java.lang.Math.random() * ((max - min) + 1))) + min): Text 'BA509.0' is set on object 'Object Repository/MOH AND GRN/Page_KDMC - CMS/input_txtbatchno'

2018-05-09 16:26:15 - [MESSAGE][PASSED] - Text 'BA509.0' is set on object 'Object Repository/MOH AND GRN/Page_KDMC - CMS/input_txtbatchno'

2018-05-09 16:26:15 - [TEST_STEP][PASSED] - rightClick: Object: 'Object Repository/GRN/Page_KDMC - CMS/input_txtexpdate' is right clicked on

2018-05-09 16:26:25 - [MESSAGE][PASSED] - Object: 'Object Repository/GRN/Page_KDMC - CMS/input_txtexpdate' is right clicked on

2018-05-09 16:26:25 - [TEST_STEP][PASSED] - selectOptionByIndex: All options with index in [3] are selected on object 'Object Repository/GRN/Page_KDMC - CMS/select_20182019202020212022202'

2018-05-09 16:26:25 - [MESSAGE][PASSED] - All options with index in [3] are selected on object 'Object Repository/GRN/Page_KDMC - CMS/select_20182019202020212022202'

2018-05-09 16:26:25 - [TEST_STEP][PASSED] - selectOptionByIndex: All options with index in [3] are selected on object 'Object Repository/GRN/Page_KDMC - CMS/select_JanFebMarAprMayJunJulAu'

2018-05-09 16:26:25 - [MESSAGE][PASSED] - All options with index in [3] are selected on object 'Object Repository/GRN/Page_KDMC - CMS/select_JanFebMarAprMayJunJulAu'

2018-05-09 16:26:25 - [TEST_STEP][PASSED] - click: Object: 'Object Repository/MOH AND GRN/Page_KDMC - CMS/a_12' is clicked on

2018-05-09 16:26:30 - [MESSAGE][PASSED] - Object: 'Object Repository/MOH AND GRN/Page_KDMC - CMS/a_12' is clicked on

2018-05-09 16:26:30 - [TEST_STEP][PASSED] - click: Object: 'Object Repository/MOH AND GRN/Page_KDMC - CMS/input_btnadd' is clicked on

2018-05-09 16:26:35 - [MESSAGE][PASSED] - Object: 'Object Repository/MOH AND GRN/Page_KDMC - CMS/input_btnadd' is clicked on

2018-05-09 16:26:35 - [TEST_STEP][PASSED] - Statement - If (s == 10): null

2018-05-09 16:26:35 - [TEST_STEP][PASSED] - Statement - Else: null

2018-05-09 16:26:35 - [TEST_STEP][PASSED] - Statement - (s++): null

2018-05-09 16:26:35 - [TEST_STEP][PASSED] - delay: Delayed 1 second(s)

2018-05-09 16:26:36 - [MESSAGE][PASSED] - Delayed 1 second(s)

2018-05-09 16:26:36 - [TEST_STEP][PASSED] - selectOptionByIndex: All options with index in [54] are selected on object 'Object Repository/MOH AND GRN/Page_KDMC - CMS/select_--Select--Amikacin -500'

2018-05-09 16:26:37 - [MESSAGE][PASSED] - All options with index in [54] are selected on object 'Object Repository/MOH AND GRN/Page_KDMC - CMS/select_--Select--Amikacin -500'

2018-05-09 16:26:37 - [TEST_STEP][PASSED] - setText: Text '5000' is set on object 'Object Repository/MOH AND GRN/Page_KDMC - CMS/input_txtqty'

2018-05-09 16:26:37 - [MESSAGE][PASSED] - Text '5000' is set on object 'Object Repository/MOH AND GRN/Page_KDMC - CMS/input_txtqty'

2018-05-09 16:26:37 - [TEST_STEP][PASSED] - selectOptionByIndex: All options with index in [1] are selected on object 'Object Repository/MOH AND GRN/Page_KDMC - CMS/select_--Select--No Tax0'

2018-05-09 16:26:37 - [MESSAGE][PASSED] - All options with index in [1] are selected on object 'Object Repository/MOH AND GRN/Page_KDMC - CMS/select_--Select--No Tax0'

2018-05-09 16:26:37 - [TEST_STEP][PASSED] - setText: Finding Test Object with id 'Object Repository/MOH AND GRN/Page_KDMC - CMS/input_txtmrp'

2018-05-09 16:26:37 - [TEST_STEP][PASSED] - Statement - switch (id): Finding Test Object with id 'Object Repository/MOH AND GRN/Page_KDMC - CMS/input_txtdeal'

2018-05-09 16:26:37 - [TEST_STEP][PASSED] - Statement - case 4:: Text '29.0' is set on object 'Object Repository/MOH AND GRN/Page_KDMC - CMS/input_txtmrp'

2018-05-09 16:26:37 - [TEST_STEP][PASSED] - Statement - return (java.lang.Math.floor((java.lang.Math.random() * ((max - min) + 1))) + min): Text '29.0' is set on object 'Object Repository/MOH AND GRN/Page_KDMC - CMS/input_txtmrp'

2018-05-09 16:26:37 - [MESSAGE][PASSED] - Text '29.0' is set on object 'Object Repository/MOH AND GRN/Page_KDMC - CMS/input_txtmrp'

2018-05-09 16:26:37 - [TEST_STEP][PASSED] - setText: Finding Test Object with id 'Object Repository/MOH AND GRN/Page_KDMC - CMS/input_txtdeal'

2018-05-09 16:26:37 - [TEST_STEP][PASSED] - Statement - switch (id): Finding Test Object with id 'Object Repository/MOH AND GRN/Page_KDMC - CMS/input_txtbatchno'

2018-05-09 16:26:37 - [TEST_STEP][PASSED] - Statement - case 5:: Text '12.0' is set on object 'Object Repository/MOH AND GRN/Page_KDMC - CMS/input_txtdeal'

2018-05-09 16:26:37 - [TEST_STEP][PASSED] - Statement - return (java.lang.Math.floor((java.lang.Math.random() * ((max - min) + 1))) + min): Text '12.0' is set on object 'Object Repository/MOH AND GRN/Page_KDMC - CMS/input_txtdeal'

2018-05-09 16:26:38 - [MESSAGE][PASSED] - Text '12.0' is set on object 'Object Repository/MOH AND GRN/Page_KDMC - CMS/input_txtdeal'

2018-05-09 16:26:38 - [TEST_STEP][PASSED] - setText: Finding Test Object with id 'Object Repository/MOH AND GRN/Page_KDMC - CMS/input_txtbatchno'

2018-05-09 16:26:38 - [TEST_STEP][PASSED] - Statement - switch (id): Finding Test Object with id 'Object Repository/MOH AND GRN/Page_KDMC - CMS/input_txtmrp'

2018-05-09 16:26:38 - [TEST_STEP][PASSED] - Statement - case 1:: Text 'BA269.0' is set on object 'Object Repository/MOH AND GRN/Page_KDMC - CMS/input_txtbatchno'

2018-05-09 16:26:38 - [TEST_STEP][PASSED] - Statement - return (java.lang.Math.floor((java.lang.Math.random() * ((max - min) + 1))) + min): Text 'BA269.0' is set on object 'Object Repository/MOH AND GRN/Page_KDMC - CMS/input_txtbatchno'

2018-05-09 16:26:38 - [MESSAGE][PASSED] - Text 'BA269.0' is set on object 'Object Repository/MOH AND GRN/Page_KDMC - CMS/input_txtbatchno'

2018-05-09 16:26:38 - [TEST_STEP][PASSED] - rightClick: Object: 'Object Repository/GRN/Page_KDMC - CMS/input_txtexpdate' is right clicked on

2018-05-09 16:26:48 - [MESSAGE][PASSED] - Object: 'Object Repository/GRN/Page_KDMC - CMS/input_txtexpdate' is right clicked on

2018-05-09 16:26:48 - [TEST_STEP][PASSED] - selectOptionByIndex: All options with index in [4] are selected on object 'Object Repository/GRN/Page_KDMC - CMS/select_20182019202020212022202'

2018-05-09 16:26:48 - [MESSAGE][PASSED] - All options with index in [4] are selected on object 'Object Repository/GRN/Page_KDMC - CMS/select_20182019202020212022202'

2018-05-09 16:26:48 - [TEST_STEP][PASSED] - selectOptionByIndex: All options with index in [4] are selected on object 'Object Repository/GRN/Page_KDMC - CMS/select_JanFebMarAprMayJunJulAu'

2018-05-09 16:26:48 - [MESSAGE][PASSED] - All options with index in [4] are selected on object 'Object Repository/GRN/Page_KDMC - CMS/select_JanFebMarAprMayJunJulAu'

2018-05-09 16:26:48 - [TEST_STEP][PASSED] - click: Object: 'Object Repository/MOH AND GRN/Page_KDMC - CMS/a_12' is clicked on

2018-05-09 16:26:53 - [MESSAGE][PASSED] - Object: 'Object Repository/MOH AND GRN/Page_KDMC - CMS/a_12' is clicked on

2018-05-09 16:26:53 - [TEST_STEP][PASSED] - click: Object: 'Object Repository/MOH AND GRN/Page_KDMC - CMS/input_btnadd' is clicked on

2018-05-09 16:26:58 - [MESSAGE][PASSED] - Object: 'Object Repository/MOH AND GRN/Page_KDMC - CMS/input_btnadd' is clicked on

2018-05-09 16:26:58 - [TEST_STEP][PASSED] - Statement - If (s == 10): null

2018-05-09 16:26:58 - [TEST_STEP][PASSED] - Statement - Else: null

2018-05-09 16:26:58 - [TEST_STEP][PASSED] - Statement - (s++): null

2018-05-09 16:26:58 - [TEST_STEP][PASSED] - delay: Delayed 1 second(s)

2018-05-09 16:26:59 - [MESSAGE][PASSED] - Delayed 1 second(s)

2018-05-09 16:26:59 - [TEST_STEP][PASSED] - selectOptionByIndex: All options with index in [55] are selected on object 'Object Repository/MOH AND GRN/Page_KDMC - CMS/select_--Select--Amikacin -500'

2018-05-09 16:27:00 - [MESSAGE][PASSED] - All options with index in [55] are selected on object 'Object Repository/MOH AND GRN/Page_KDMC - CMS/select_--Select--Amikacin -500'

2018-05-09 16:27:00 - [TEST_STEP][PASSED] - setText: Text '5000' is set on object 'Object Repository/MOH AND GRN/Page_KDMC - CMS/input_txtqty'

2018-05-09 16:27:00 - [MESSAGE][PASSED] - Text '5000' is set on object 'Object Repository/MOH AND GRN/Page_KDMC - CMS/input_txtqty'

2018-05-09 16:27:00 - [TEST_STEP][PASSED] - selectOptionByIndex: All options with index in [1] are selected on object 'Object Repository/MOH AND GRN/Page_KDMC - CMS/select_--Select--No Tax0'

2018-05-09 16:27:00 - [MESSAGE][PASSED] - All options with index in [1] are selected on object 'Object Repository/MOH AND GRN/Page_KDMC - CMS/select_--Select--No Tax0'

2018-05-09 16:27:00 - [TEST_STEP][PASSED] - setText: Finding Test Object with id 'Object Repository/MOH AND GRN/Page_KDMC - CMS/input_txtmrp'

2018-05-09 16:27:00 - [TEST_STEP][PASSED] - Statement - switch (id): Finding Test Object with id 'Object Repository/MOH AND GRN/Page_KDMC - CMS/input_txtdeal'

2018-05-09 16:27:00 - [TEST_STEP][PASSED] - Statement - case 4:: Text '18.0' is set on object 'Object Repository/MOH AND GRN/Page_KDMC - CMS/input_txtmrp'

2018-05-09 16:27:00 - [TEST_STEP][PASSED] - Statement - return (java.lang.Math.floor((java.lang.Math.random() * ((max - min) + 1))) + min): Text '18.0' is set on object 'Object Repository/MOH AND GRN/Page_KDMC - CMS/input_txtmrp'

2018-05-09 16:27:00 - [MESSAGE][PASSED] - Text '18.0' is set on object 'Object Repository/MOH AND GRN/Page_KDMC - CMS/input_txtmrp'

2018-05-09 16:27:00 - [TEST_STEP][PASSED] - setText: Finding Test Object with id 'Object Repository/MOH AND GRN/Page_KDMC - CMS/input_txtdeal'

2018-05-09 16:27:00 - [TEST_STEP][PASSED] - Statement - switch (id): Finding Test Object with id 'Object Repository/MOH AND GRN/Page_KDMC - CMS/input_txtbatchno'

2018-05-09 16:27:00 - [TEST_STEP][PASSED] - Statement - case 5:: Text '10.0' is set on object 'Object Repository/MOH AND GRN/Page_KDMC - CMS/input_txtdeal'

2018-05-09 16:27:00 - [TEST_STEP][PASSED] - Statement - return (java.lang.Math.floor((java.lang.Math.random() * ((max - min) + 1))) + min): Text '10.0' is set on object 'Object Repository/MOH AND GRN/Page_KDMC - CMS/input_txtdeal'

2018-05-09 16:27:00 - [MESSAGE][PASSED] - Text '10.0' is set on object 'Object Repository/MOH AND GRN/Page_KDMC - CMS/input_txtdeal'

2018-05-09 16:27:00 - [TEST_STEP][PASSED] - setText: Finding Test Object with id 'Object Repository/MOH AND GRN/Page_KDMC - CMS/input_txtbatchno'

2018-05-09 16:27:00 - [TEST_STEP][PASSED] - Statement - switch (id): Finding Test Object with id 'Object Repository/MOH AND GRN/Page_KDMC - CMS/input_txtmrp'

2018-05-09 16:27:00 - [TEST_STEP][PASSED] - Statement - case 1:: Text 'BA398.0' is set on object 'Object Repository/MOH AND GRN/Page_KDMC - CMS/input_txtbatchno'

2018-05-09 16:27:00 - [TEST_STEP][PASSED] - Statement - return (java.lang.Math.floor((java.lang.Math.random() * ((max - min) + 1))) + min): Text 'BA398.0' is set on object 'Object Repository/MOH AND GRN/Page_KDMC - CMS/input_txtbatchno'

2018-05-09 16:27:01 - [MESSAGE][PASSED] - Text 'BA398.0' is set on object 'Object Repository/MOH AND GRN/Page_KDMC - CMS/input_txtbatchno'

2018-05-09 16:27:01 - [TEST_STEP][PASSED] - rightClick: Object: 'Object Repository/GRN/Page_KDMC - CMS/input_txtexpdate' is right clicked on

2018-05-09 16:27:11 - [MESSAGE][PASSED] - Object: 'Object Repository/GRN/Page_KDMC - CMS/input_txtexpdate' is right clicked on

2018-05-09 16:27:11 - [TEST_STEP][PASSED] - selectOptionByIndex: All options with index in [5] are selected on object 'Object Repository/GRN/Page_KDMC - CMS/select_20182019202020212022202'

2018-05-09 16:27:11 - [MESSAGE][PASSED] - All options with index in [5] are selected on object 'Object Repository/GRN/Page_KDMC - CMS/select_20182019202020212022202'

2018-05-09 16:27:11 - [TEST_STEP][PASSED] - selectOptionByIndex: All options with index in [5] are selected on object 'Object Repository/GRN/Page_KDMC - CMS/select_JanFebMarAprMayJunJulAu'

2018-05-09 16:27:11 - [MESSAGE][PASSED] - All options with index in [5] are selected on object 'Object Repository/GRN/Page_KDMC - CMS/select_JanFebMarAprMayJunJulAu'

2018-05-09 16:27:11 - [TEST_STEP][PASSED] - click: Object: 'Object Repository/MOH AND GRN/Page_KDMC - CMS/a_12' is clicked on

2018-05-09 16:27:16 - [MESSAGE][PASSED] - Object: 'Object Repository/MOH AND GRN/Page_KDMC - CMS/a_12' is clicked on

2018-05-09 16:27:16 - [TEST_STEP][PASSED] - click: Object: 'Object Repository/MOH AND GRN/Page_KDMC - CMS/input_btnadd' is clicked on

2018-05-09 16:27:21 - [MESSAGE][PASSED] - Object: 'Object Repository/MOH AND GRN/Page_KDMC - CMS/input_btnadd' is clicked on

2018-05-09 16:27:21 - [TEST_STEP][PASSED] - Statement - If (s == 10): null

2018-05-09 16:27:21 - [TEST_STEP][PASSED] - Statement - Else: null

2018-05-09 16:27:21 - [TEST_STEP][PASSED] - Statement - (s++): null

2018-05-09 16:27:21 - [TEST_STEP][PASSED] - delay: Delayed 1 second(s)

2018-05-09 16:27:22 - [MESSAGE][PASSED] - Delayed 1 second(s)

2018-05-09 16:27:22 - [TEST_STEP][PASSED] - selectOptionByIndex: All options with index in [56] are selected on object 'Object Repository/MOH AND GRN/Page_KDMC - CMS/select_--Select--Amikacin -500'

2018-05-09 16:27:23 - [MESSAGE][PASSED] - All options with index in [56] are selected on object 'Object Repository/MOH AND GRN/Page_KDMC - CMS/select_--Select--Amikacin -500'

2018-05-09 16:27:23 - [TEST_STEP][PASSED] - setText: Text '5000' is set on object 'Object Repository/MOH AND GRN/Page_KDMC - CMS/input_txtqty'

2018-05-09 16:27:26 - [MESSAGE][PASSED] - Text '5000' is set on object 'Object Repository/MOH AND GRN/Page_KDMC - CMS/input_txtqty'

2018-05-09 16:27:26 - [TEST_STEP][PASSED] - selectOptionByIndex: All options with index in [1] are selected on object 'Object Repository/MOH AND GRN/Page_KDMC - CMS/select_--Select--No Tax0'

2018-05-09 16:27:26 - [MESSAGE][PASSED] - All options with index in [1] are selected on object 'Object Repository/MOH AND GRN/Page_KDMC - CMS/select_--Select--No Tax0'

2018-05-09 16:27:26 - [TEST_STEP][PASSED] - setText: Finding Test Object with id 'Object Repository/MOH AND GRN/Page_KDMC - CMS/input_txtmrp'

2018-05-09 16:27:26 - [TEST_STEP][PASSED] - Statement - switch (id): Finding Test Object with id 'Object Repository/MOH AND GRN/Page_KDMC - CMS/input_txtdeal'

2018-05-09 16:27:26 - [TEST_STEP][PASSED] - Statement - case 4:: Text '41.0' is set on object 'Object Repository/MOH AND GRN/Page_KDMC - CMS/input_txtmrp'

2018-05-09 16:27:26 - [TEST_STEP][PASSED] - Statement - return (java.lang.Math.floor((java.lang.Math.random() * ((max - min) + 1))) + min): Text '41.0' is set on object 'Object Repository/MOH AND GRN/Page_KDMC - CMS/input_txtmrp'

2018-05-09 16:27:26 - [MESSAGE][PASSED] - Text '41.0' is set on object 'Object Repository/MOH AND GRN/Page_KDMC - CMS/input_txtmrp'

2018-05-09 16:27:26 - [TEST_STEP][PASSED] - setText: Finding Test Object with id 'Object Repository/MOH AND GRN/Page_KDMC - CMS/input_txtdeal'

2018-05-09 16:27:26 - [TEST_STEP][PASSED] - Statement - switch (id): Finding Test Object with id 'Object Repository/MOH AND GRN/Page_KDMC - CMS/input_txtbatchno'

2018-05-09 16:27:26 - [TEST_STEP][PASSED] - Statement - case 5:: Text '9.0' is set on object 'Object Repository/MOH AND GRN/Page_KDMC - CMS/input_txtdeal'

2018-05-09 16:27:26 - [TEST_STEP][PASSED] - Statement - return (java.lang.Math.floor((java.lang.Math.random() * ((max - min) + 1))) + min): Text '9.0' is set on object 'Object Repository/MOH AND GRN/Page_KDMC - CMS/input_txtdeal'

2018-05-09 16:27:26 - [MESSAGE][PASSED] - Text '9.0' is set on object 'Object Repository/MOH AND GRN/Page_KDMC - CMS/input_txtdeal'

2018-05-09 16:27:26 - [TEST_STEP][PASSED] - setText: Finding Test Object with id 'Object Repository/MOH AND GRN/Page_KDMC - CMS/input_txtbatchno'

2018-05-09 16:27:26 - [TEST_STEP][PASSED] - Statement - switch (id): Finding Test Object with id 'Object Repository/MOH AND GRN/Page_KDMC - CMS/input_txtmrp'

2018-05-09 16:27:26 - [TEST_STEP][PASSED] - Statement - case 1:: Text 'BA134.0' is set on object 'Object Repository/MOH AND GRN/Page_KDMC - CMS/input_txtbatchno'

2018-05-09 16:27:26 - [TEST_STEP][PASSED] - Statement - return (java.lang.Math.floor((java.lang.Math.random() * ((max - min) + 1))) + min): Text 'BA134.0' is set on object 'Object Repository/MOH AND GRN/Page_KDMC - CMS/input_txtbatchno'

2018-05-09 16:27:27 - [MESSAGE][PASSED] - Text 'BA134.0' is set on object 'Object Repository/MOH AND GRN/Page_KDMC - CMS/input_txtbatchno'

2018-05-09 16:27:27 - [TEST_STEP][PASSED] - rightClick: Object: 'Object Repository/GRN/Page_KDMC - CMS/input_txtexpdate' is right clicked on

2018-05-09 16:27:37 - [MESSAGE][PASSED] - Object: 'Object Repository/GRN/Page_KDMC - CMS/input_txtexpdate' is right clicked on

2018-05-09 16:27:37 - [TEST_STEP][PASSED] - selectOptionByIndex: All options with index in [6] are selected on object 'Object Repository/GRN/Page_KDMC - CMS/select_20182019202020212022202'

2018-05-09 16:27:37 - [MESSAGE][PASSED] - All options with index in [6] are selected on object 'Object Repository/GRN/Page_KDMC - CMS/select_20182019202020212022202'

2018-05-09 16:27:37 - [TEST_STEP][PASSED] - selectOptionByIndex: All options with index in [6] are selected on object 'Object Repository/GRN/Page_KDMC - CMS/select_JanFebMarAprMayJunJulAu'

2018-05-09 16:27:37 - [MESSAGE][PASSED] - All options with index in [6] are selected on object 'Object Repository/GRN/Page_KDMC - CMS/select_JanFebMarAprMayJunJulAu'

2018-05-09 16:27:37 - [TEST_STEP][PASSED] - click: Object: 'Object Repository/MOH AND GRN/Page_KDMC - CMS/a_12' is clicked on

2018-05-09 16:27:42 - [MESSAGE][PASSED] - Object: 'Object Repository/MOH AND GRN/Page_KDMC - CMS/a_12' is clicked on

2018-05-09 16:27:42 - [TEST_STEP][PASSED] - click: Object: 'Object Repository/MOH AND GRN/Page_KDMC - CMS/input_btnadd' is clicked on

2018-05-09 16:27:47 - [MESSAGE][PASSED] - Object: 'Object Repository/MOH AND GRN/Page_KDMC - CMS/input_btnadd' is clicked on

2018-05-09 16:27:47 - [TEST_STEP][PASSED] - Statement - If (s == 10): null

2018-05-09 16:27:47 - [TEST_STEP][PASSED] - Statement - Else: null

2018-05-09 16:27:47 - [TEST_STEP][PASSED] - Statement - (s++): null

2018-05-09 16:27:47 - [TEST_STEP][PASSED] - delay: Delayed 1 second(s)

2018-05-09 16:27:48 - [MESSAGE][PASSED] - Delayed 1 second(s)

2018-05-09 16:27:48 - [TEST_STEP][PASSED] - selectOptionByIndex: All options with index in [57] are selected on object 'Object Repository/MOH AND GRN/Page_KDMC - CMS/select_--Select--Amikacin -500'

2018-05-09 16:27:49 - [MESSAGE][PASSED] - All options with index in [57] are selected on object 'Object Repository/MOH AND GRN/Page_KDMC - CMS/select_--Select--Amikacin -500'

2018-05-09 16:27:49 - [TEST_STEP][PASSED] - setText: Text '5000' is set on object 'Object Repository/MOH AND GRN/Page_KDMC - CMS/input_txtqty'

2018-05-09 16:27:49 - [MESSAGE][PASSED] - Text '5000' is set on object 'Object Repository/MOH AND GRN/Page_KDMC - CMS/input_txtqty'

2018-05-09 16:27:49 - [TEST_STEP][PASSED] - selectOptionByIndex: All options with index in [1] are selected on object 'Object Repository/MOH AND GRN/Page_KDMC - CMS/select_--Select--No Tax0'

2018-05-09 16:27:49 - [MESSAGE][PASSED] - All options with index in [1] are selected on object 'Object Repository/MOH AND GRN/Page_KDMC - CMS/select_--Select--No Tax0'

2018-05-09 16:27:49 - [TEST_STEP][PASSED] - setText: Finding Test Object with id 'Object Repository/MOH AND GRN/Page_KDMC - CMS/input_txtmrp'

2018-05-09 16:27:49 - [TEST_STEP][PASSED] - Statement - switch (id): Finding Test Object with id 'Object Repository/MOH AND GRN/Page_KDMC - CMS/input_txtdeal'

2018-05-09 16:27:49 - [TEST_STEP][PASSED] - Statement - case 4:: Text '27.0' is set on object 'Object Repository/MOH AND GRN/Page_KDMC - CMS/input_txtmrp'

2018-05-09 16:27:49 - [TEST_STEP][PASSED] - Statement - return (java.lang.Math.floor((java.lang.Math.random() * ((max - min) + 1))) + min): Text '27.0' is set on object 'Object Repository/MOH AND GRN/Page_KDMC - CMS/input_txtmrp'

2018-05-09 16:27:49 - [MESSAGE][PASSED] - Text '27.0' is set on object 'Object Repository/MOH AND GRN/Page_KDMC - CMS/input_txtmrp'

2018-05-09 16:27:49 - [TEST_STEP][PASSED] - setText: Finding Test Object with id 'Object Repository/MOH AND GRN/Page_KDMC - CMS/input_txtdeal'

2018-05-09 16:27:49 - [TEST_STEP][PASSED] - Statement - switch (id): Finding Test Object with id 'Object Repository/MOH AND GRN/Page_KDMC - CMS/input_txtbatchno'

2018-05-09 16:27:49 - [TEST_STEP][PASSED] - Statement - case 5:: Text '7.0' is set on object 'Object Repository/MOH AND GRN/Page_KDMC - CMS/input_txtdeal'

2018-05-09 16:27:49 - [TEST_STEP][PASSED] - Statement - return (java.lang.Math.floor((java.lang.Math.random() * ((max - min) + 1))) + min): Text '7.0' is set on object 'Object Repository/MOH AND GRN/Page_KDMC - CMS/input_txtdeal'

2018-05-09 16:27:50 - [MESSAGE][PASSED] - Text '7.0' is set on object 'Object Repository/MOH AND GRN/Page_KDMC - CMS/input_txtdeal'

2018-05-09 16:27:50 - [TEST_STEP][PASSED] - setText: Finding Test Object with id 'Object Repository/MOH AND GRN/Page_KDMC - CMS/input_txtbatchno'

2018-05-09 16:27:50 - [TEST_STEP][PASSED] - Statement - switch (id): Finding Test Object with id 'Object Repository/MOH AND GRN/Page_KDMC - CMS/input_txtmrp'

2018-05-09 16:27:50 - [TEST_STEP][PASSED] - Statement - case 1:: Text 'BA155.0' is set on object 'Object Repository/MOH AND GRN/Page_KDMC - CMS/input_txtbatchno'

2018-05-09 16:27:50 - [TEST_STEP][PASSED] - Statement - return (java.lang.Math.floor((java.lang.Math.random() * ((max - min) + 1))) + min): Text 'BA155.0' is set on object 'Object Repository/MOH AND GRN/Page_KDMC - CMS/input_txtbatchno'

2018-05-09 16:27:50 - [MESSAGE][PASSED] - Text 'BA155.0' is set on object 'Object Repository/MOH AND GRN/Page_KDMC - CMS/input_txtbatchno'

2018-05-09 16:27:50 - [TEST_STEP][PASSED] - rightClick: Object: 'Object Repository/GRN/Page_KDMC - CMS/input_txtexpdate' is right clicked on

2018-05-09 16:27:50 - [MESSAGE][PASSED] - Object: 'Object Repository/GRN/Page_KDMC - CMS/input_txtexpdate' is right clicked on

2018-05-09 16:27:50 - [TEST_STEP][PASSED] - selectOptionByIndex: All options with index in [7] are selected on object 'Object Repository/GRN/Page_KDMC - CMS/select_20182019202020212022202'

2018-05-09 16:27:50 - [MESSAGE][PASSED] - All options with index in [7] are selected on object 'Object Repository/GRN/Page_KDMC - CMS/select_20182019202020212022202'

2018-05-09 16:27:50 - [TEST_STEP][PASSED] - selectOptionByIndex: All options with index in [7] are selected on object 'Object Repository/GRN/Page_KDMC - CMS/select_JanFebMarAprMayJunJulAu'

2018-05-09 16:27:50 - [MESSAGE][PASSED] - All options with index in [7] are selected on object 'Object Repository/GRN/Page_KDMC - CMS/select_JanFebMarAprMayJunJulAu'

2018-05-09 16:27:50 - [TEST_STEP][PASSED] - click: Object: 'Object Repository/MOH AND GRN/Page_KDMC - CMS/a_12' is clicked on

2018-05-09 16:27:50 - [MESSAGE][PASSED] - Object: 'Object Repository/MOH AND GRN/Page_KDMC - CMS/a_12' is clicked on

2018-05-09 16:27:50 - [TEST_STEP][PASSED] - click: Object: 'Object Repository/MOH AND GRN/Page_KDMC - CMS/input_btnadd' is clicked on

2018-05-09 16:27:50 - [MESSAGE][PASSED] - Object: 'Object Repository/MOH AND GRN/Page_KDMC - CMS/input_btnadd' is clicked on

2018-05-09 16:27:50 - [TEST_STEP][PASSED] - Statement - If (s == 10): null

2018-05-09 16:27:50 - [TEST_STEP][PASSED] - Statement - Else: null

2018-05-09 16:27:50 - [TEST_STEP][PASSED] - Statement - (s++): null

2018-05-09 16:27:50 - [TEST_STEP][PASSED] - delay: Delayed 1 second(s)

2018-05-09 16:27:51 - [MESSAGE][PASSED] - Delayed 1 second(s)

2018-05-09 16:27:51 - [TEST_STEP][PASSED] - selectOptionByIndex: All options with index in [58] are selected on object 'Object Repository/MOH AND GRN/Page_KDMC - CMS/select_--Select--Amikacin -500'

2018-05-09 16:27:52 - [MESSAGE][PASSED] - All options with index in [58] are selected on object 'Object Repository/MOH AND GRN/Page_KDMC - CMS/select_--Select--Amikacin -500'

2018-05-09 16:27:52 - [TEST_STEP][PASSED] - setText: Text '5000' is set on object 'Object Repository/MOH AND GRN/Page_KDMC - CMS/input_txtqty'

2018-05-09 16:27:52 - [MESSAGE][PASSED] - Text '5000' is set on object 'Object Repository/MOH AND GRN/Page_KDMC - CMS/input_txtqty'

2018-05-09 16:27:52 - [TEST_STEP][PASSED] - selectOptionByIndex: All options with index in [1] are selected on object 'Object Repository/MOH AND GRN/Page_KDMC - CMS/select_--Select--No Tax0'

2018-05-09 16:27:53 - [MESSAGE][PASSED] - All options with index in [1] are selected on object 'Object Repository/MOH AND GRN/Page_KDMC - CMS/select_--Select--No Tax0'

2018-05-09 16:27:53 - [TEST_STEP][PASSED] - setText: Finding Test Object with id 'Object Repository/MOH AND GRN/Page_KDMC - CMS/input_txtmrp'

2018-05-09 16:27:53 - [TEST_STEP][PASSED] - Statement - switch (id): Finding Test Object with id 'Object Repository/MOH AND GRN/Page_KDMC - CMS/input_txtdeal'

2018-05-09 16:27:53 - [TEST_STEP][PASSED] - Statement - case 4:: Text '19.0' is set on object 'Object Repository/MOH AND GRN/Page_KDMC - CMS/input_txtmrp'

2018-05-09 16:27:53 - [TEST_STEP][PASSED] - Statement - return (java.lang.Math.floor((java.lang.Math.random() * ((max - min) + 1))) + min): Text '19.0' is set on object 'Object Repository/MOH AND GRN/Page_KDMC - CMS/input_txtmrp'

2018-05-09 16:27:53 - [MESSAGE][PASSED] - Text '19.0' is set on object 'Object Repository/MOH AND GRN/Page_KDMC - CMS/input_txtmrp'

2018-05-09 16:27:53 - [TEST_STEP][PASSED] - setText: Finding Test Object with id 'Object Repository/MOH AND GRN/Page_KDMC - CMS/input_txtdeal'

2018-05-09 16:27:53 - [TEST_STEP][PASSED] - Statement - switch (id): Finding Test Object with id 'Object Repository/MOH AND GRN/Page_KDMC - CMS/input_txtbatchno'

2018-05-09 16:27:53 - [TEST_STEP][PASSED] - Statement - case 5:: Text '9.0' is set on object 'Object Repository/MOH AND GRN/Page_KDMC - CMS/input_txtdeal'

2018-05-09 16:27:53 - [TEST_STEP][PASSED] - Statement - return (java.lang.Math.floor((java.lang.Math.random() * ((max - min) + 1))) + min): Text '9.0' is set on object 'Object Repository/MOH AND GRN/Page_KDMC - CMS/input_txtdeal'

2018-05-09 16:27:53 - [MESSAGE][PASSED] - Text '9.0' is set on object 'Object Repository/MOH AND GRN/Page_KDMC - CMS/input_txtdeal'

2018-05-09 16:27:53 - [TEST_STEP][PASSED] - setText: Finding Test Object with id 'Object Repository/MOH AND GRN/Page_KDMC - CMS/input_txtbatchno'

2018-05-09 16:27:53 - [TEST_STEP][PASSED] - Statement - switch (id): Finding Test Object with id 'Object Repository/MOH AND GRN/Page_KDMC - CMS/input_txtmrp'

2018-05-09 16:27:53 - [TEST_STEP][PASSED] - Statement - case 1:: Text 'BA201.0' is set on object 'Object Repository/MOH AND GRN/Page_KDMC - CMS/input_txtbatchno'

2018-05-09 16:27:53 - [TEST_STEP][PASSED] - Statement - return (java.lang.Math.floor((java.lang.Math.random() * ((max - min) + 1))) + min): Text 'BA201.0' is set on object 'Object Repository/MOH AND GRN/Page_KDMC - CMS/input_txtbatchno'

2018-05-09 16:27:53 - [MESSAGE][PASSED] - Text 'BA201.0' is set on object 'Object Repository/MOH AND GRN/Page_KDMC - CMS/input_txtbatchno'

2018-05-09 16:27:53 - [TEST_STEP][PASSED] - rightClick: Object: 'Object Repository/GRN/Page_KDMC - CMS/input_txtexpdate' is right clicked on

2018-05-09 16:28:03 - [MESSAGE][PASSED] - Object: 'Object Repository/GRN/Page_KDMC - CMS/input_txtexpdate' is right clicked on

2018-05-09 16:28:03 - [TEST_STEP][PASSED] - selectOptionByIndex: All options with index in [8] are selected on object 'Object Repository/GRN/Page_KDMC - CMS/select_20182019202020212022202'

2018-05-09 16:28:03 - [MESSAGE][PASSED] - All options with index in [8] are selected on object 'Object Repository/GRN/Page_KDMC - CMS/select_20182019202020212022202'

2018-05-09 16:28:03 - [TEST_STEP][PASSED] - selectOptionByIndex: All options with index in [8] are selected on object 'Object Repository/GRN/Page_KDMC - CMS/select_JanFebMarAprMayJunJulAu'

2018-05-09 16:28:03 - [MESSAGE][PASSED] - All options with index in [8] are selected on object 'Object Repository/GRN/Page_KDMC - CMS/select_JanFebMarAprMayJunJulAu'

2018-05-09 16:28:03 - [TEST_STEP][PASSED] - click: Object: 'Object Repository/MOH AND GRN/Page_KDMC - CMS/a_12' is clicked on

2018-05-09 16:28:08 - [MESSAGE][PASSED] - Object: 'Object Repository/MOH AND GRN/Page_KDMC - CMS/a_12' is clicked on

2018-05-09 16:28:08 - [TEST_STEP][PASSED] - click: Object: 'Object Repository/MOH AND GRN/Page_KDMC - CMS/input_btnadd' is clicked on

2018-05-09 16:28:13 - [MESSAGE][PASSED] - Object: 'Object Repository/MOH AND GRN/Page_KDMC - CMS/input_btnadd' is clicked on

2018-05-09 16:28:13 - [TEST_STEP][PASSED] - Statement - If (s == 10): null

2018-05-09 16:28:13 - [TEST_STEP][PASSED] - Statement - Else: null

2018-05-09 16:28:13 - [TEST_STEP][PASSED] - Statement - (s++): null

2018-05-09 16:28:13 - [TEST_STEP][PASSED] - delay: Delayed 1 second(s)

2018-05-09 16:28:14 - [MESSAGE][PASSED] - Delayed 1 second(s)

2018-05-09 16:28:14 - [TEST_STEP][PASSED] - selectOptionByIndex: All options with index in [59] are selected on object 'Object Repository/MOH AND GRN/Page_KDMC - CMS/select_--Select--Amikacin -500'

2018-05-09 16:28:15 - [MESSAGE][PASSED] - All options with index in [59] are selected on object 'Object Repository/MOH AND GRN/Page_KDMC - CMS/select_--Select--Amikacin -500'

2018-05-09 16:28:15 - [TEST_STEP][PASSED] - setText: Text '5000' is set on object 'Object Repository/MOH AND GRN/Page_KDMC - CMS/input_txtqty'

2018-05-09 16:28:15 - [MESSAGE][PASSED] - Text '5000' is set on object 'Object Repository/MOH AND GRN/Page_KDMC - CMS/input_txtqty'

2018-05-09 16:28:15 - [TEST_STEP][PASSED] - selectOptionByIndex: All options with index in [1] are selected on object 'Object Repository/MOH AND GRN/Page_KDMC - CMS/select_--Select--No Tax0'

2018-05-09 16:28:15 - [MESSAGE][PASSED] - All options with index in [1] are selected on object 'Object Repository/MOH AND GRN/Page_KDMC - CMS/select_--Select--No Tax0'

2018-05-09 16:28:15 - [TEST_STEP][PASSED] - setText: Finding Test Object with id 'Object Repository/MOH AND GRN/Page_KDMC - CMS/input_txtmrp'

2018-05-09 16:28:15 - [TEST_STEP][PASSED] - Statement - switch (id): Finding Test Object with id 'Object Repository/MOH AND GRN/Page_KDMC - CMS/input_txtdeal'

2018-05-09 16:28:15 - [TEST_STEP][PASSED] - Statement - case 4:: Text '24.0' is set on object 'Object Repository/MOH AND GRN/Page_KDMC - CMS/input_txtmrp'

2018-05-09 16:28:15 - [TEST_STEP][PASSED] - Statement - return (java.lang.Math.floor((java.lang.Math.random() * ((max - min) + 1))) + min): Text '24.0' is set on object 'Object Repository/MOH AND GRN/Page_KDMC - CMS/input_txtmrp'

2018-05-09 16:28:15 - [MESSAGE][PASSED] - Text '24.0' is set on object 'Object Repository/MOH AND GRN/Page_KDMC - CMS/input_txtmrp'

2018-05-09 16:28:15 - [TEST_STEP][PASSED] - setText: Finding Test Object with id 'Object Repository/MOH AND GRN/Page_KDMC - CMS/input_txtdeal'

2018-05-09 16:28:15 - [TEST_STEP][PASSED] - Statement - switch (id): Finding Test Object with id 'Object Repository/MOH AND GRN/Page_KDMC - CMS/input_txtbatchno'

2018-05-09 16:28:15 - [TEST_STEP][PASSED] - Statement - case 5:: Text '4.0' is set on object 'Object Repository/MOH AND GRN/Page_KDMC - CMS/input_txtdeal'

2018-05-09 16:28:15 - [TEST_STEP][PASSED] - Statement - return (java.lang.Math.floor((java.lang.Math.random() * ((max - min) + 1))) + min): Text '4.0' is set on object 'Object Repository/MOH AND GRN/Page_KDMC - CMS/input_txtdeal'

2018-05-09 16:28:16 - [MESSAGE][PASSED] - Text '4.0' is set on object 'Object Repository/MOH AND GRN/Page_KDMC - CMS/input_txtdeal'

2018-05-09 16:28:16 - [TEST_STEP][PASSED] - setText: Finding Test Object with id 'Object Repository/MOH AND GRN/Page_KDMC - CMS/input_txtbatchno'

2018-05-09 16:28:16 - [TEST_STEP][PASSED] - Statement - switch (id): Finding Test Object with id 'Object Repository/MOH AND GRN/Page_KDMC - CMS/input_txtmrp'

2018-05-09 16:28:16 - [TEST_STEP][PASSED] - Statement - case 1:: Text 'BA412.0' is set on object 'Object Repository/MOH AND GRN/Page_KDMC - CMS/input_txtbatchno'

2018-05-09 16:28:16 - [TEST_STEP][PASSED] - Statement - return (java.lang.Math.floor((java.lang.Math.random() * ((max - min) + 1))) + min): Text 'BA412.0' is set on object 'Object Repository/MOH AND GRN/Page_KDMC - CMS/input_txtbatchno'

2018-05-09 16:28:16 - [MESSAGE][PASSED] - Text 'BA412.0' is set on object 'Object Repository/MOH AND GRN/Page_KDMC - CMS/input_txtbatchno'

2018-05-09 16:28:16 - [TEST_STEP][PASSED] - rightClick: Object: 'Object Repository/GRN/Page_KDMC - CMS/input_txtexpdate' is right clicked on

2018-05-09 16:28:26 - [MESSAGE][PASSED] - Object: 'Object Repository/GRN/Page_KDMC - CMS/input_txtexpdate' is right clicked on

2018-05-09 16:28:26 - [TEST_STEP][PASSED] - selectOptionByIndex: All options with index in [9] are selected on object 'Object Repository/GRN/Page_KDMC - CMS/select_20182019202020212022202'

2018-05-09 16:28:26 - [MESSAGE][PASSED] - All options with index in [9] are selected on object 'Object Repository/GRN/Page_KDMC - CMS/select_20182019202020212022202'

2018-05-09 16:28:26 - [TEST_STEP][PASSED] - selectOptionByIndex: All options with index in [9] are selected on object 'Object Repository/GRN/Page_KDMC - CMS/select_JanFebMarAprMayJunJulAu'

2018-05-09 16:28:26 - [MESSAGE][PASSED] - All options with index in [9] are selected on object 'Object Repository/GRN/Page_KDMC - CMS/select_JanFebMarAprMayJunJulAu'

2018-05-09 16:28:26 - [TEST_STEP][PASSED] - click: Object: 'Object Repository/MOH AND GRN/Page_KDMC - CMS/a_12' is clicked on

2018-05-09 16:28:31 - [MESSAGE][PASSED] - Object: 'Object Repository/MOH AND GRN/Page_KDMC - CMS/a_12' is clicked on

2018-05-09 16:28:31 - [TEST_STEP][PASSED] - click: Object: 'Object Repository/MOH AND GRN/Page_KDMC - CMS/input_btnadd' is clicked on

2018-05-09 16:28:36 - [MESSAGE][PASSED] - Object: 'Object Repository/MOH AND GRN/Page_KDMC - CMS/input_btnadd' is clicked on

2018-05-09 16:28:36 - [TEST_STEP][PASSED] - Statement - If (s == 10): null

2018-05-09 16:28:36 - [TEST_STEP][PASSED] - Statement - Else: null

2018-05-09 16:28:36 - [TEST_STEP][PASSED] - Statement - (s++): null

2018-05-09 16:28:36 - [TEST_STEP][PASSED] - delay: Delayed 1 second(s)

2018-05-09 16:28:37 - [MESSAGE][PASSED] - Delayed 1 second(s)

2018-05-09 16:28:37 - [TEST_STEP][PASSED] - selectOptionByIndex: All options with index in [60] are selected on object 'Object Repository/MOH AND GRN/Page_KDMC - CMS/select_--Select--Amikacin -500'

2018-05-09 16:28:38 - [MESSAGE][PASSED] - All options with index in [60] are selected on object 'Object Repository/MOH AND GRN/Page_KDMC - CMS/select_--Select--Amikacin -500'

2018-05-09 16:28:38 - [TEST_STEP][PASSED] - setText: Text '5000' is set on object 'Object Repository/MOH AND GRN/Page_KDMC - CMS/input_txtqty'

2018-05-09 16:28:38 - [MESSAGE][PASSED] - Text '5000' is set on object 'Object Repository/MOH AND GRN/Page_KDMC - CMS/input_txtqty'

2018-05-09 16:28:38 - [TEST_STEP][PASSED] - selectOptionByIndex: All options with index in [1] are selected on object 'Object Repository/MOH AND GRN/Page_KDMC - CMS/select_--Select--No Tax0'

2018-05-09 16:28:38 - [MESSAGE][PASSED] - All options with index in [1] are selected on object 'Object Repository/MOH AND GRN/Page_KDMC - CMS/select_--Select--No Tax0'

2018-05-09 16:28:38 - [TEST_STEP][PASSED] - setText: Finding Test Object with id 'Object Repository/MOH AND GRN/Page_KDMC - CMS/input_txtmrp'

2018-05-09 16:28:38 - [TEST_STEP][PASSED] - Statement - switch (id): Finding Test Object with id 'Object Repository/MOH AND GRN/Page_KDMC - CMS/input_txtdeal'

2018-05-09 16:28:38 - [TEST_STEP][PASSED] - Statement - case 4:: Text '23.0' is set on object 'Object Repository/MOH AND GRN/Page_KDMC - CMS/input_txtmrp'

2018-05-09 16:28:38 - [TEST_STEP][PASSED] - Statement - return (java.lang.Math.floor((java.lang.Math.random() * ((max - min) + 1))) + min): Text '23.0' is set on object 'Object Repository/MOH AND GRN/Page_KDMC - CMS/input_txtmrp'

2018-05-09 16:28:38 - [MESSAGE][PASSED] - Text '23.0' is set on object 'Object Repository/MOH AND GRN/Page_KDMC - CMS/input_txtmrp'

2018-05-09 16:28:38 - [TEST_STEP][PASSED] - setText: Finding Test Object with id 'Object Repository/MOH AND GRN/Page_KDMC - CMS/input_txtdeal'

2018-05-09 16:28:38 - [TEST_STEP][PASSED] - Statement - switch (id): Finding Test Object with id 'Object Repository/MOH AND GRN/Page_KDMC - CMS/input_txtbatchno'

2018-05-09 16:28:38 - [TEST_STEP][PASSED] - Statement - case 5:: Text '11.0' is set on object 'Object Repository/MOH AND GRN/Page_KDMC - CMS/input_txtdeal'

2018-05-09 16:28:38 - [TEST_STEP][PASSED] - Statement - return (java.lang.Math.floor((java.lang.Math.random() * ((max - min) + 1))) + min): Text '11.0' is set on object 'Object Repository/MOH AND GRN/Page_KDMC - CMS/input_txtdeal'

2018-05-09 16:28:39 - [MESSAGE][PASSED] - Text '11.0' is set on object 'Object Repository/MOH AND GRN/Page_KDMC - CMS/input_txtdeal'

2018-05-09 16:28:39 - [TEST_STEP][PASSED] - setText: Finding Test Object with id 'Object Repository/MOH AND GRN/Page_KDMC - CMS/input_txtbatchno'

2018-05-09 16:28:39 - [TEST_STEP][PASSED] - Statement - switch (id): Finding Test Object with id 'Object Repository/MOH AND GRN/Page_KDMC - CMS/input_txtmrp'

2018-05-09 16:28:39 - [TEST_STEP][PASSED] - Statement - case 1:: Text 'BA94.0' is set on object 'Object Repository/MOH AND GRN/Page_KDMC - CMS/input_txtbatchno'

2018-05-09 16:28:39 - [TEST_STEP][PASSED] - Statement - return (java.lang.Math.floor((java.lang.Math.random() * ((max - min) + 1))) + min): Text 'BA94.0' is set on object 'Object Repository/MOH AND GRN/Page_KDMC - CMS/input_txtbatchno'

2018-05-09 16:28:39 - [MESSAGE][PASSED] - Text 'BA94.0' is set on object 'Object Repository/MOH AND GRN/Page_KDMC - CMS/input_txtbatchno'

2018-05-09 16:28:39 - [TEST_STEP][PASSED] - rightClick: Object: 'Object Repository/GRN/Page_KDMC - CMS/input_txtexpdate' is right clicked on

2018-05-09 16:28:49 - [MESSAGE][PASSED] - Object: 'Object Repository/GRN/Page_KDMC - CMS/input_txtexpdate' is right clicked on

2018-05-09 16:28:49 - [TEST_STEP][PASSED] - selectOptionByIndex: All options with index in [10] are selected on object 'Object Repository/GRN/Page_KDMC - CMS/select_20182019202020212022202'

2018-05-09 16:28:49 - [MESSAGE][PASSED] - All options with index in [10] are selected on object 'Object Repository/GRN/Page_KDMC - CMS/select_20182019202020212022202'

2018-05-09 16:28:49 - [TEST_STEP][PASSED] - selectOptionByIndex: All options with index in [10] are selected on object 'Object Repository/GRN/Page_KDMC - CMS/select_JanFebMarAprMayJunJulAu'

2018-05-09 16:28:49 - [MESSAGE][PASSED] - All options with index in [10] are selected on object 'Object Repository/GRN/Page_KDMC - CMS/select_JanFebMarAprMayJunJulAu'

2018-05-09 16:28:49 - [TEST_STEP][PASSED] - click: Object: 'Object Repository/MOH AND GRN/Page_KDMC - CMS/a_12' is clicked on

2018-05-09 16:28:54 - [MESSAGE][PASSED] - Object: 'Object Repository/MOH AND GRN/Page_KDMC - CMS/a_12' is clicked on

2018-05-09 16:28:54 - [TEST_STEP][PASSED] - click: Object: 'Object Repository/MOH AND GRN/Page_KDMC - CMS/input_btnadd' is clicked on

2018-05-09 16:28:59 - [MESSAGE][PASSED] - Object: 'Object Repository/MOH AND GRN/Page_KDMC - CMS/input_btnadd' is clicked on

2018-05-09 16:28:59 - [TEST_STEP][PASSED] - Statement - If (s == 10): null

2018-05-09 16:28:59 - [TEST_STEP][PASSED] - Statement - s = 1: null

2018-05-09 16:28:59 - [TEST_STEP][PASSED] - delay: Delayed 1 second(s)

2018-05-09 16:29:00 - [MESSAGE][PASSED] - Delayed 1 second(s)

2018-05-09 16:29:00 - [TEST_STEP][PASSED] - selectOptionByIndex: All options with index in [61] are selected on object 'Object Repository/MOH AND GRN/Page_KDMC - CMS/select_--Select--Amikacin -500'

2018-05-09 16:29:01 - [MESSAGE][PASSED] - All options with index in [61] are selected on object 'Object Repository/MOH AND GRN/Page_KDMC - CMS/select_--Select--Amikacin -500'

2018-05-09 16:29:01 - [TEST_STEP][PASSED] - setText: Text '5000' is set on object 'Object Repository/MOH AND GRN/Page_KDMC - CMS/input_txtqty'

2018-05-09 16:29:01 - [MESSAGE][PASSED] - Text '5000' is set on object 'Object Repository/MOH AND GRN/Page_KDMC - CMS/input_txtqty'

2018-05-09 16:29:01 - [TEST_STEP][PASSED] - selectOptionByIndex: All options with index in [1] are selected on object 'Object Repository/MOH AND GRN/Page_KDMC - CMS/select_--Select--No Tax0'

2018-05-09 16:29:01 - [MESSAGE][PASSED] - All options with index in [1] are selected on object 'Object Repository/MOH AND GRN/Page_KDMC - CMS/select_--Select--No Tax0'

2018-05-09 16:29:01 - [TEST_STEP][PASSED] - setText: Finding Test Object with id 'Object Repository/MOH AND GRN/Page_KDMC - CMS/input_txtmrp'

2018-05-09 16:29:01 - [TEST_STEP][PASSED] - Statement - switch (id): Finding Test Object with id 'Object Repository/MOH AND GRN/Page_KDMC - CMS/input_txtdeal'

2018-05-09 16:29:01 - [TEST_STEP][PASSED] - Statement - case 4:: Text '23.0' is set on object 'Object Repository/MOH AND GRN/Page_KDMC - CMS/input_txtmrp'

2018-05-09 16:29:01 - [TEST_STEP][PASSED] - Statement - return (java.lang.Math.floor((java.lang.Math.random() * ((max - min) + 1))) + min): Text '23.0' is set on object 'Object Repository/MOH AND GRN/Page_KDMC - CMS/input_txtmrp'

2018-05-09 16:29:01 - [MESSAGE][PASSED] - Text '23.0' is set on object 'Object Repository/MOH AND GRN/Page_KDMC - CMS/input_txtmrp'

2018-05-09 16:29:01 - [TEST_STEP][PASSED] - setText: Finding Test Object with id 'Object Repository/MOH AND GRN/Page_KDMC - CMS/input_txtdeal'

2018-05-09 16:29:01 - [TEST_STEP][PASSED] - Statement - switch (id): Finding Test Object with id 'Object Repository/MOH AND GRN/Page_KDMC - CMS/input_txtbatchno'

2018-05-09 16:29:01 - [TEST_STEP][PASSED] - Statement - case 5:: Text '6.0' is set on object 'Object Repository/MOH AND GRN/Page_KDMC - CMS/input_txtdeal'

2018-05-09 16:29:01 - [TEST_STEP][PASSED] - Statement - return (java.lang.Math.floor((java.lang.Math.random() * ((max - min) + 1))) + min): Text '6.0' is set on object 'Object Repository/MOH AND GRN/Page_KDMC - CMS/input_txtdeal'

2018-05-09 16:29:02 - [MESSAGE][PASSED] - Text '6.0' is set on object 'Object Repository/MOH AND GRN/Page_KDMC - CMS/input_txtdeal'

2018-05-09 16:29:02 - [TEST_STEP][PASSED] - setText: Finding Test Object with id 'Object Repository/MOH AND GRN/Page_KDMC - CMS/input_txtbatchno'

2018-05-09 16:29:02 - [TEST_STEP][PASSED] - Statement - switch (id): Finding Test Object with id 'Object Repository/MOH AND GRN/Page_KDMC - CMS/input_txtmrp'

2018-05-09 16:29:02 - [TEST_STEP][PASSED] - Statement - case 1:: Text 'BA951.0' is set on object 'Object Repository/MOH AND GRN/Page_KDMC - CMS/input_txtbatchno'

2018-05-09 16:29:02 - [TEST_STEP][PASSED] - Statement - return (java.lang.Math.floor((java.lang.Math.random() * ((max - min) + 1))) + min): Text 'BA951.0' is set on object 'Object Repository/MOH AND GRN/Page_KDMC - CMS/input_txtbatchno'

2018-05-09 16:29:02 - [MESSAGE][PASSED] - Text 'BA951.0' is set on object 'Object Repository/MOH AND GRN/Page_KDMC - CMS/input_txtbatchno'

2018-05-09 16:29:02 - [TEST_STEP][PASSED] - rightClick: Object: 'Object Repository/GRN/Page_KDMC - CMS/input_txtexpdate' is right clicked on

2018-05-09 16:29:12 - [MESSAGE][PASSED] - Object: 'Object Repository/GRN/Page_KDMC - CMS/input_txtexpdate' is right clicked on

2018-05-09 16:29:12 - [TEST_STEP][PASSED] - selectOptionByIndex: All options with index in [1] are selected on object 'Object Repository/GRN/Page_KDMC - CMS/select_20182019202020212022202'

2018-05-09 16:29:12 - [MESSAGE][PASSED] - All options with index in [1] are selected on object 'Object Repository/GRN/Page_KDMC - CMS/select_20182019202020212022202'

2018-05-09 16:29:12 - [TEST_STEP][PASSED] - selectOptionByIndex: All options with index in [1] are selected on object 'Object Repository/GRN/Page_KDMC - CMS/select_JanFebMarAprMayJunJulAu'

2018-05-09 16:29:12 - [MESSAGE][PASSED] - All options with index in [1] are selected on object 'Object Repository/GRN/Page_KDMC - CMS/select_JanFebMarAprMayJunJulAu'

2018-05-09 16:29:12 - [TEST_STEP][PASSED] - click: Object: 'Object Repository/MOH AND GRN/Page_KDMC - CMS/a_12' is clicked on

2018-05-09 16:29:17 - [MESSAGE][PASSED] - Object: 'Object Repository/MOH AND GRN/Page_KDMC - CMS/a_12' is clicked on

2018-05-09 16:29:17 - [TEST_STEP][PASSED] - click: Object: 'Object Repository/MOH AND GRN/Page_KDMC - CMS/input_btnadd' is clicked on

2018-05-09 16:29:22 - [MESSAGE][PASSED] - Object: 'Object Repository/MOH AND GRN/Page_KDMC - CMS/input_btnadd' is clicked on

2018-05-09 16:29:22 - [TEST_STEP][PASSED] - Statement - If (s == 10): null

2018-05-09 16:29:22 - [TEST_STEP][PASSED] - Statement - Else: null

2018-05-09 16:29:22 - [TEST_STEP][PASSED] - Statement - (s++): null

2018-05-09 16:29:22 - [TEST_STEP][PASSED] - delay: Delayed 1 second(s)

2018-05-09 16:29:23 - [MESSAGE][PASSED] - Delayed 1 second(s)

2018-05-09 16:29:23 - [TEST_STEP][PASSED] - selectOptionByIndex: All options with index in [62] are selected on object 'Object Repository/MOH AND GRN/Page_KDMC - CMS/select_--Select--Amikacin -500'

2018-05-09 16:29:24 - [MESSAGE][PASSED] - All options with index in [62] are selected on object 'Object Repository/MOH AND GRN/Page_KDMC - CMS/select_--Select--Amikacin -500'

2018-05-09 16:29:24 - [TEST_STEP][PASSED] - setText: Text '5000' is set on object 'Object Repository/MOH AND GRN/Page_KDMC - CMS/input_txtqty'

2018-05-09 16:29:24 - [MESSAGE][PASSED] - Text '5000' is set on object 'Object Repository/MOH AND GRN/Page_KDMC - CMS/input_txtqty'

2018-05-09 16:29:24 - [TEST_STEP][PASSED] - selectOptionByIndex: All options with index in [1] are selected on object 'Object Repository/MOH AND GRN/Page_KDMC - CMS/select_--Select--No Tax0'

2018-05-09 16:29:24 - [MESSAGE][PASSED] - All options with index in [1] are selected on object 'Object Repository/MOH AND GRN/Page_KDMC - CMS/select_--Select--No Tax0'

2018-05-09 16:29:24 - [TEST_STEP][PASSED] - setText: Finding Test Object with id 'Object Repository/MOH AND GRN/Page_KDMC - CMS/input_txtmrp'

2018-05-09 16:29:24 - [TEST_STEP][PASSED] - Statement - switch (id): Finding Test Object with id 'Object Repository/MOH AND GRN/Page_KDMC - CMS/input_txtdeal'

2018-05-09 16:29:24 - [TEST_STEP][PASSED] - Statement - case 4:: Text '23.0' is set on object 'Object Repository/MOH AND GRN/Page_KDMC - CMS/input_txtmrp'

2018-05-09 16:29:24 - [TEST_STEP][PASSED] - Statement - return (java.lang.Math.floor((java.lang.Math.random() * ((max - min) + 1))) + min): Text '23.0' is set on object 'Object Repository/MOH AND GRN/Page_KDMC - CMS/input_txtmrp'

2018-05-09 16:29:24 - [MESSAGE][PASSED] - Text '23.0' is set on object 'Object Repository/MOH AND GRN/Page_KDMC - CMS/input_txtmrp'

2018-05-09 16:29:24 - [TEST_STEP][PASSED] - setText: Finding Test Object with id 'Object Repository/MOH AND GRN/Page_KDMC - CMS/input_txtdeal'

2018-05-09 16:29:24 - [TEST_STEP][PASSED] - Statement - switch (id): Finding Test Object with id 'Object Repository/MOH AND GRN/Page_KDMC - CMS/input_txtbatchno'

2018-05-09 16:29:24 - [TEST_STEP][PASSED] - Statement - case 5:: Text '5.0' is set on object 'Object Repository/MOH AND GRN/Page_KDMC - CMS/input_txtdeal'

2018-05-09 16:29:24 - [TEST_STEP][PASSED] - Statement - return (java.lang.Math.floor((java.lang.Math.random() * ((max - min) + 1))) + min): Text '5.0' is set on object 'Object Repository/MOH AND GRN/Page_KDMC - CMS/input_txtdeal'

2018-05-09 16:29:25 - [MESSAGE][PASSED] - Text '5.0' is set on object 'Object Repository/MOH AND GRN/Page_KDMC - CMS/input_txtdeal'

2018-05-09 16:29:25 - [TEST_STEP][PASSED] - setText: Finding Test Object with id 'Object Repository/MOH AND GRN/Page_KDMC - CMS/input_txtbatchno'

2018-05-09 16:29:25 - [TEST_STEP][PASSED] - Statement - switch (id): Finding Test Object with id 'Object Repository/MOH AND GRN/Page_KDMC - CMS/input_txtmrp'

2018-05-09 16:29:25 - [TEST_STEP][PASSED] - Statement - case 1:: Text 'BA411.0' is set on object 'Object Repository/MOH AND GRN/Page_KDMC - CMS/input_txtbatchno'

2018-05-09 16:29:25 - [TEST_STEP][PASSED] - Statement - return (java.lang.Math.floor((java.lang.Math.random() * ((max - min) + 1))) + min): Text 'BA411.0' is set on object 'Object Repository/MOH AND GRN/Page_KDMC - CMS/input_txtbatchno'

2018-05-09 16:29:25 - [MESSAGE][PASSED] - Text 'BA411.0' is set on object 'Object Repository/MOH AND GRN/Page_KDMC - CMS/input_txtbatchno'

2018-05-09 16:29:25 - [TEST_STEP][PASSED] - rightClick: Object: 'Object Repository/GRN/Page_KDMC - CMS/input_txtexpdate' is right clicked on

2018-05-09 16:29:35 - [MESSAGE][PASSED] - Object: 'Object Repository/GRN/Page_KDMC - CMS/input_txtexpdate' is right clicked on

2018-05-09 16:29:35 - [TEST_STEP][PASSED] - selectOptionByIndex: All options with index in [2] are selected on object 'Object Repository/GRN/Page_KDMC - CMS/select_20182019202020212022202'

2018-05-09 16:29:35 - [MESSAGE][PASSED] - All options with index in [2] are selected on object 'Object Repository/GRN/Page_KDMC - CMS/select_20182019202020212022202'

2018-05-09 16:29:35 - [TEST_STEP][PASSED] - selectOptionByIndex: All options with index in [2] are selected on object 'Object Repository/GRN/Page_KDMC - CMS/select_JanFebMarAprMayJunJulAu'

2018-05-09 16:29:35 - [MESSAGE][PASSED] - All options with index in [2] are selected on object 'Object Repository/GRN/Page_KDMC - CMS/select_JanFebMarAprMayJunJulAu'

2018-05-09 16:29:35 - [TEST_STEP][PASSED] - click: Object: 'Object Repository/MOH AND GRN/Page_KDMC - CMS/a_12' is clicked on

2018-05-09 16:29:40 - [MESSAGE][PASSED] - Object: 'Object Repository/MOH AND GRN/Page_KDMC - CMS/a_12' is clicked on

2018-05-09 16:29:40 - [TEST_STEP][PASSED] - click: Object: 'Object Repository/MOH AND GRN/Page_KDMC - CMS/input_btnadd' is clicked on

2018-05-09 16:29:45 - [MESSAGE][PASSED] - Object: 'Object Repository/MOH AND GRN/Page_KDMC - CMS/input_btnadd' is clicked on

2018-05-09 16:29:45 - [TEST_STEP][PASSED] - Statement - If (s == 10): null

2018-05-09 16:29:45 - [TEST_STEP][PASSED] - Statement - Else: null

2018-05-09 16:29:45 - [TEST_STEP][PASSED] - Statement - (s++): null

2018-05-09 16:29:45 - [TEST_STEP][PASSED] - delay: Delayed 1 second(s)

2018-05-09 16:29:46 - [MESSAGE][PASSED] - Delayed 1 second(s)

2018-05-09 16:29:46 - [TEST_STEP][PASSED] - selectOptionByIndex: All options with index in [63] are selected on object 'Object Repository/MOH AND GRN/Page_KDMC - CMS/select_--Select--Amikacin -500'

2018-05-09 16:29:47 - [MESSAGE][PASSED] - All options with index in [63] are selected on object 'Object Repository/MOH AND GRN/Page_KDMC - CMS/select_--Select--Amikacin -500'

2018-05-09 16:29:47 - [TEST_STEP][PASSED] - setText: Text '5000' is set on object 'Object Repository/MOH AND GRN/Page_KDMC - CMS/input_txtqty'

2018-05-09 16:29:47 - [MESSAGE][PASSED] - Text '5000' is set on object 'Object Repository/MOH AND GRN/Page_KDMC - CMS/input_txtqty'

2018-05-09 16:29:47 - [TEST_STEP][PASSED] - selectOptionByIndex: All options with index in [1] are selected on object 'Object Repository/MOH AND GRN/Page_KDMC - CMS/select_--Select--No Tax0'

2018-05-09 16:29:47 - [MESSAGE][PASSED] - All options with index in [1] are selected on object 'Object Repository/MOH AND GRN/Page_KDMC - CMS/select_--Select--No Tax0'

2018-05-09 16:29:47 - [TEST_STEP][PASSED] - setText: Finding Test Object with id 'Object Repository/MOH AND GRN/Page_KDMC - CMS/input_txtmrp'

2018-05-09 16:29:47 - [TEST_STEP][PASSED] - Statement - switch (id): Finding Test Object with id 'Object Repository/MOH AND GRN/Page_KDMC - CMS/input_txtdeal'

2018-05-09 16:29:47 - [TEST_STEP][PASSED] - Statement - case 4:: Text '19.0' is set on object 'Object Repository/MOH AND GRN/Page_KDMC - CMS/input_txtmrp'

2018-05-09 16:29:47 - [TEST_STEP][PASSED] - Statement - return (java.lang.Math.floor((java.lang.Math.random() * ((max - min) + 1))) + min): Text '19.0' is set on object 'Object Repository/MOH AND GRN/Page_KDMC - CMS/input_txtmrp'

2018-05-09 16:29:47 - [MESSAGE][PASSED] - Text '19.0' is set on object 'Object Repository/MOH AND GRN/Page_KDMC - CMS/input_txtmrp'

2018-05-09 16:29:47 - [TEST_STEP][PASSED] - setText: Finding Test Object with id 'Object Repository/MOH AND GRN/Page_KDMC - CMS/input_txtdeal'

2018-05-09 16:29:47 - [TEST_STEP][PASSED] - Statement - switch (id): Finding Test Object with id 'Object Repository/MOH AND GRN/Page_KDMC - CMS/input_txtbatchno'

2018-05-09 16:29:47 - [TEST_STEP][PASSED] - Statement - case 5:: Text '10.0' is set on object 'Object Repository/MOH AND GRN/Page_KDMC - CMS/input_txtdeal'

2018-05-09 16:29:47 - [TEST_STEP][PASSED] - Statement - return (java.lang.Math.floor((java.lang.Math.random() * ((max - min) + 1))) + min): Text '10.0' is set on object 'Object Repository/MOH AND GRN/Page_KDMC - CMS/input_txtdeal'

2018-05-09 16:29:47 - [MESSAGE][PASSED] - Text '10.0' is set on object 'Object Repository/MOH AND GRN/Page_KDMC - CMS/input_txtdeal'

2018-05-09 16:29:47 - [TEST_STEP][PASSED] - setText: Finding Test Object with id 'Object Repository/MOH AND GRN/Page_KDMC - CMS/input_txtbatchno'

2018-05-09 16:29:47 - [TEST_STEP][PASSED] - Statement - switch (id): Finding Test Object with id 'Object Repository/MOH AND GRN/Page_KDMC - CMS/input_txtmrp'

2018-05-09 16:29:47 - [TEST_STEP][PASSED] - Statement - case 1:: Text 'BA903.0' is set on object 'Object Repository/MOH AND GRN/Page_KDMC - CMS/input_txtbatchno'

2018-05-09 16:29:47 - [TEST_STEP][PASSED] - Statement - return (java.lang.Math.floor((java.lang.Math.random() * ((max - min) + 1))) + min): Text 'BA903.0' is set on object 'Object Repository/MOH AND GRN/Page_KDMC - CMS/input_txtbatchno'

2018-05-09 16:29:48 - [MESSAGE][PASSED] - Text 'BA903.0' is set on object 'Object Repository/MOH AND GRN/Page_KDMC - CMS/input_txtbatchno'

2018-05-09 16:29:48 - [TEST_STEP][PASSED] - rightClick: Object: 'Object Repository/GRN/Page_KDMC - CMS/input_txtexpdate' is right clicked on

2018-05-09 16:29:58 - [MESSAGE][PASSED] - Object: 'Object Repository/GRN/Page_KDMC - CMS/input_txtexpdate' is right clicked on

2018-05-09 16:29:58 - [TEST_STEP][PASSED] - selectOptionByIndex: All options with index in [3] are selected on object 'Object Repository/GRN/Page_KDMC - CMS/select_20182019202020212022202'

2018-05-09 16:29:58 - [MESSAGE][PASSED] - All options with index in [3] are selected on object 'Object Repository/GRN/Page_KDMC - CMS/select_20182019202020212022202'

2018-05-09 16:29:58 - [TEST_STEP][PASSED] - selectOptionByIndex: All options with index in [3] are selected on object 'Object Repository/GRN/Page_KDMC - CMS/select_JanFebMarAprMayJunJulAu'

2018-05-09 16:29:58 - [MESSAGE][PASSED] - All options with index in [3] are selected on object 'Object Repository/GRN/Page_KDMC - CMS/select_JanFebMarAprMayJunJulAu'

2018-05-09 16:29:58 - [TEST_STEP][PASSED] - click: Object: 'Object Repository/MOH AND GRN/Page_KDMC - CMS/a_12' is clicked on

2018-05-09 16:30:03 - [MESSAGE][PASSED] - Object: 'Object Repository/MOH AND GRN/Page_KDMC - CMS/a_12' is clicked on

2018-05-09 16:30:03 - [TEST_STEP][PASSED] - click: Object: 'Object Repository/MOH AND GRN/Page_KDMC - CMS/input_btnadd' is clicked on

2018-05-09 16:30:08 - [MESSAGE][PASSED] - Object: 'Object Repository/MOH AND GRN/Page_KDMC - CMS/input_btnadd' is clicked on

2018-05-09 16:30:08 - [TEST_STEP][PASSED] - Statement - If (s == 10): null

2018-05-09 16:30:08 - [TEST_STEP][PASSED] - Statement - Else: null

2018-05-09 16:30:08 - [TEST_STEP][PASSED] - Statement - (s++): null

2018-05-09 16:30:08 - [TEST_STEP][PASSED] - delay: Delayed 1 second(s)

2018-05-09 16:30:09 - [MESSAGE][PASSED] - Delayed 1 second(s)

2018-05-09 16:30:09 - [TEST_STEP][PASSED] - selectOptionByIndex: All options with index in [64] are selected on object 'Object Repository/MOH AND GRN/Page_KDMC - CMS/select_--Select--Amikacin -500'

2018-05-09 16:30:10 - [MESSAGE][PASSED] - All options with index in [64] are selected on object 'Object Repository/MOH AND GRN/Page_KDMC - CMS/select_--Select--Amikacin -500'

2018-05-09 16:30:10 - [TEST_STEP][PASSED] - setText: Text '5000' is set on object 'Object Repository/MOH AND GRN/Page_KDMC - CMS/input_txtqty'

2018-05-09 16:30:10 - [MESSAGE][PASSED] - Text '5000' is set on object 'Object Repository/MOH AND GRN/Page_KDMC - CMS/input_txtqty'

2018-05-09 16:30:10 - [TEST_STEP][PASSED] - selectOptionByIndex: All options with index in [1] are selected on object 'Object Repository/MOH AND GRN/Page_KDMC - CMS/select_--Select--No Tax0'

2018-05-09 16:30:10 - [MESSAGE][PASSED] - All options with index in [1] are selected on object 'Object Repository/MOH AND GRN/Page_KDMC - CMS/select_--Select--No Tax0'

2018-05-09 16:30:10 - [TEST_STEP][PASSED] - setText: Finding Test Object with id 'Object Repository/MOH AND GRN/Page_KDMC - CMS/input_txtmrp'

2018-05-09 16:30:10 - [TEST_STEP][PASSED] - Statement - switch (id): Finding Test Object with id 'Object Repository/MOH AND GRN/Page_KDMC - CMS/input_txtdeal'

2018-05-09 16:30:10 - [TEST_STEP][PASSED] - Statement - case 4:: Text '33.0' is set on object 'Object Repository/MOH AND GRN/Page_KDMC - CMS/input_txtmrp'

2018-05-09 16:30:10 - [TEST_STEP][PASSED] - Statement - return (java.lang.Math.floor((java.lang.Math.random() * ((max - min) + 1))) + min): Text '33.0' is set on object 'Object Repository/MOH AND GRN/Page_KDMC - CMS/input_txtmrp'

2018-05-09 16:30:10 - [MESSAGE][PASSED] - Text '33.0' is set on object 'Object Repository/MOH AND GRN/Page_KDMC - CMS/input_txtmrp'

2018-05-09 16:30:10 - [TEST_STEP][PASSED] - setText: Finding Test Object with id 'Object Repository/MOH AND GRN/Page_KDMC - CMS/input_txtdeal'

2018-05-09 16:30:10 - [TEST_STEP][PASSED] - Statement - switch (id): Finding Test Object with id 'Object Repository/MOH AND GRN/Page_KDMC - CMS/input_txtbatchno'

2018-05-09 16:30:10 - [TEST_STEP][PASSED] - Statement - case 5:: Text '10.0' is set on object 'Object Repository/MOH AND GRN/Page_KDMC - CMS/input_txtdeal'

2018-05-09 16:30:10 - [TEST_STEP][PASSED] - Statement - return (java.lang.Math.floor((java.lang.Math.random() * ((max - min) + 1))) + min): Text '10.0' is set on object 'Object Repository/MOH AND GRN/Page_KDMC - CMS/input_txtdeal'

2018-05-09 16:30:10 - [MESSAGE][PASSED] - Text '10.0' is set on object 'Object Repository/MOH AND GRN/Page_KDMC - CMS/input_txtdeal'

2018-05-09 16:30:10 - [TEST_STEP][PASSED] - setText: Finding Test Object with id 'Object Repository/MOH AND GRN/Page_KDMC - CMS/input_txtbatchno'

2018-05-09 16:30:10 - [TEST_STEP][PASSED] - Statement - switch (id): Finding Test Object with id 'Object Repository/MOH AND GRN/Page_KDMC - CMS/input_txtmrp'

2018-05-09 16:30:10 - [TEST_STEP][PASSED] - Statement - case 1:: Text 'BA359.0' is set on object 'Object Repository/MOH AND GRN/Page_KDMC - CMS/input_txtbatchno'

2018-05-09 16:30:10 - [TEST_STEP][PASSED] - Statement - return (java.lang.Math.floor((java.lang.Math.random() * ((max - min) + 1))) + min): Text 'BA359.0' is set on object 'Object Repository/MOH AND GRN/Page_KDMC - CMS/input_txtbatchno'

2018-05-09 16:30:11 - [MESSAGE][PASSED] - Text 'BA359.0' is set on object 'Object Repository/MOH AND GRN/Page_KDMC - CMS/input_txtbatchno'

2018-05-09 16:30:11 - [TEST_STEP][PASSED] - rightClick: Object: 'Object Repository/GRN/Page_KDMC - CMS/input_txtexpdate' is right clicked on

2018-05-09 16:30:21 - [MESSAGE][PASSED] - Object: 'Object Repository/GRN/Page_KDMC - CMS/input_txtexpdate' is right clicked on

2018-05-09 16:30:21 - [TEST_STEP][PASSED] - selectOptionByIndex: All options with index in [4] are selected on object 'Object Repository/GRN/Page_KDMC - CMS/select_20182019202020212022202'

2018-05-09 16:30:21 - [MESSAGE][PASSED] - All options with index in [4] are selected on object 'Object Repository/GRN/Page_KDMC - CMS/select_20182019202020212022202'

2018-05-09 16:30:21 - [TEST_STEP][PASSED] - selectOptionByIndex: All options with index in [4] are selected on object 'Object Repository/GRN/Page_KDMC - CMS/select_JanFebMarAprMayJunJulAu'

2018-05-09 16:30:21 - [MESSAGE][PASSED] - All options with index in [4] are selected on object 'Object Repository/GRN/Page_KDMC - CMS/select_JanFebMarAprMayJunJulAu'

2018-05-09 16:30:21 - [TEST_STEP][PASSED] - click: Object: 'Object Repository/MOH AND GRN/Page_KDMC - CMS/a_12' is clicked on

2018-05-09 16:30:26 - [MESSAGE][PASSED] - Object: 'Object Repository/MOH AND GRN/Page_KDMC - CMS/a_12' is clicked on

2018-05-09 16:30:26 - [TEST_STEP][PASSED] - click: Object: 'Object Repository/MOH AND GRN/Page_KDMC - CMS/input_btnadd' is clicked on

2018-05-09 16:30:31 - [MESSAGE][PASSED] - Object: 'Object Repository/MOH AND GRN/Page_KDMC - CMS/input_btnadd' is clicked on

2018-05-09 16:30:31 - [TEST_STEP][PASSED] - Statement - If (s == 10): null

2018-05-09 16:30:31 - [TEST_STEP][PASSED] - Statement - Else: null

2018-05-09 16:30:31 - [TEST_STEP][PASSED] - Statement - (s++): null

2018-05-09 16:30:31 - [TEST_STEP][PASSED] - delay: Delayed 1 second(s)

2018-05-09 16:30:32 - [MESSAGE][PASSED] - Delayed 1 second(s)

2018-05-09 16:30:32 - [TEST_STEP][PASSED] - selectOptionByIndex: All options with index in [65] are selected on object 'Object Repository/MOH AND GRN/Page_KDMC - CMS/select_--Select--Amikacin -500'

2018-05-09 16:30:33 - [MESSAGE][PASSED] - All options with index in [65] are selected on object 'Object Repository/MOH AND GRN/Page_KDMC - CMS/select_--Select--Amikacin -500'

2018-05-09 16:30:33 - [TEST_STEP][PASSED] - setText: Text '5000' is set on object 'Object Repository/MOH AND GRN/Page_KDMC - CMS/input_txtqty'

2018-05-09 16:30:33 - [MESSAGE][PASSED] - Text '5000' is set on object 'Object Repository/MOH AND GRN/Page_KDMC - CMS/input_txtqty'

2018-05-09 16:30:33 - [TEST_STEP][PASSED] - selectOptionByIndex: All options with index in [1] are selected on object 'Object Repository/MOH AND GRN/Page_KDMC - CMS/select_--Select--No Tax0'

2018-05-09 16:30:33 - [MESSAGE][PASSED] - All options with index in [1] are selected on object 'Object Repository/MOH AND GRN/Page_KDMC - CMS/select_--Select--No Tax0'

2018-05-09 16:30:33 - [TEST_STEP][PASSED] - setText: Finding Test Object with id 'Object Repository/MOH AND GRN/Page_KDMC - CMS/input_txtmrp'

2018-05-09 16:30:33 - [TEST_STEP][PASSED] - Statement - switch (id): Finding Test Object with id 'Object Repository/MOH AND GRN/Page_KDMC - CMS/input_txtdeal'

2018-05-09 16:30:33 - [TEST_STEP][PASSED] - Statement - case 4:: Text '40.0' is set on object 'Object Repository/MOH AND GRN/Page_KDMC - CMS/input_txtmrp'

2018-05-09 16:30:33 - [TEST_STEP][PASSED] - Statement - return (java.lang.Math.floor((java.lang.Math.random() * ((max - min) + 1))) + min): Text '40.0' is set on object 'Object Repository/MOH AND GRN/Page_KDMC - CMS/input_txtmrp'

2018-05-09 16:30:33 - [MESSAGE][PASSED] - Text '40.0' is set on object 'Object Repository/MOH AND GRN/Page_KDMC - CMS/input_txtmrp'

2018-05-09 16:30:33 - [TEST_STEP][PASSED] - setText: Finding Test Object with id 'Object Repository/MOH AND GRN/Page_KDMC - CMS/input_txtdeal'

2018-05-09 16:30:33 - [TEST_STEP][PASSED] - Statement - switch (id): Finding Test Object with id 'Object Repository/MOH AND GRN/Page_KDMC - CMS/input_txtbatchno'

2018-05-09 16:30:33 - [TEST_STEP][PASSED] - Statement - case 5:: Text '8.0' is set on object 'Object Repository/MOH AND GRN/Page_KDMC - CMS/input_txtdeal'

2018-05-09 16:30:33 - [TEST_STEP][PASSED] - Statement - return (java.lang.Math.floor((java.lang.Math.random() * ((max - min) + 1))) + min): Text '8.0' is set on object 'Object Repository/MOH AND GRN/Page_KDMC - CMS/input_txtdeal'

2018-05-09 16:30:34 - [MESSAGE][PASSED] - Text '8.0' is set on object 'Object Repository/MOH AND GRN/Page_KDMC - CMS/input_txtdeal'

2018-05-09 16:30:34 - [TEST_STEP][PASSED] - setText: Finding Test Object with id 'Object Repository/MOH AND GRN/Page_KDMC - CMS/input_txtbatchno'

2018-05-09 16:30:34 - [TEST_STEP][PASSED] - Statement - switch (id): Finding Test Object with id 'Object Repository/MOH AND GRN/Page_KDMC - CMS/input_txtmrp'

2018-05-09 16:30:34 - [TEST_STEP][PASSED] - Statement - case 1:: Text 'BA585.0' is set on object 'Object Repository/MOH AND GRN/Page_KDMC - CMS/input_txtbatchno'

2018-05-09 16:30:34 - [TEST_STEP][PASSED] - Statement - return (java.lang.Math.floor((java.lang.Math.random() * ((max - min) + 1))) + min): Text 'BA585.0' is set on object 'Object Repository/MOH AND GRN/Page_KDMC - CMS/input_txtbatchno'

2018-05-09 16:30:34 - [MESSAGE][PASSED] - Text 'BA585.0' is set on object 'Object Repository/MOH AND GRN/Page_KDMC - CMS/input_txtbatchno'

2018-05-09 16:30:34 - [TEST_STEP][PASSED] - rightClick: Object: 'Object Repository/GRN/Page_KDMC - CMS/input_txtexpdate' is right clicked on

2018-05-09 16:30:44 - [MESSAGE][PASSED] - Object: 'Object Repository/GRN/Page_KDMC - CMS/input_txtexpdate' is right clicked on

2018-05-09 16:30:44 - [TEST_STEP][PASSED] - selectOptionByIndex: All options with index in [5] are selected on object 'Object Repository/GRN/Page_KDMC - CMS/select_20182019202020212022202'

2018-05-09 16:30:44 - [MESSAGE][PASSED] - All options with index in [5] are selected on object 'Object Repository/GRN/Page_KDMC - CMS/select_20182019202020212022202'

2018-05-09 16:30:44 - [TEST_STEP][PASSED] - selectOptionByIndex: All options with index in [5] are selected on object 'Object Repository/GRN/Page_KDMC - CMS/select_JanFebMarAprMayJunJulAu'

2018-05-09 16:30:44 - [MESSAGE][PASSED] - All options with index in [5] are selected on object 'Object Repository/GRN/Page_KDMC - CMS/select_JanFebMarAprMayJunJulAu'

2018-05-09 16:30:44 - [TEST_STEP][PASSED] - click: Object: 'Object Repository/MOH AND GRN/Page_KDMC - CMS/a_12' is clicked on

2018-05-09 16:30:49 - [MESSAGE][PASSED] - Object: 'Object Repository/MOH AND GRN/Page_KDMC - CMS/a_12' is clicked on

2018-05-09 16:30:49 - [TEST_STEP][PASSED] - click: Object: 'Object Repository/MOH AND GRN/Page_KDMC - CMS/input_btnadd' is clicked on

2018-05-09 16:30:54 - [MESSAGE][PASSED] - Object: 'Object Repository/MOH AND GRN/Page_KDMC - CMS/input_btnadd' is clicked on

2018-05-09 16:30:54 - [TEST_STEP][PASSED] - Statement - If (s == 10): null

2018-05-09 16:30:54 - [TEST_STEP][PASSED] - Statement - Else: null

2018-05-09 16:30:54 - [TEST_STEP][PASSED] - Statement - (s++): null

2018-05-09 16:30:54 - [TEST_STEP][PASSED] - delay: Delayed 1 second(s)

2018-05-09 16:30:55 - [MESSAGE][PASSED] - Delayed 1 second(s)

2018-05-09 16:30:55 - [TEST_STEP][PASSED] - selectOptionByIndex: All options with index in [66] are selected on object 'Object Repository/MOH AND GRN/Page_KDMC - CMS/select_--Select--Amikacin -500'

2018-05-09 16:30:56 - [MESSAGE][PASSED] - All options with index in [66] are selected on object 'Object Repository/MOH AND GRN/Page_KDMC - CMS/select_--Select--Amikacin -500'

2018-05-09 16:30:56 - [TEST_STEP][PASSED] - setText: Text '5000' is set on object 'Object Repository/MOH AND GRN/Page_KDMC - CMS/input_txtqty'

2018-05-09 16:30:56 - [MESSAGE][PASSED] - Text '5000' is set on object 'Object Repository/MOH AND GRN/Page_KDMC - CMS/input_txtqty'

2018-05-09 16:30:56 - [TEST_STEP][PASSED] - selectOptionByIndex: All options with index in [1] are selected on object 'Object Repository/MOH AND GRN/Page_KDMC - CMS/select_--Select--No Tax0'

2018-05-09 16:30:56 - [MESSAGE][PASSED] - All options with index in [1] are selected on object 'Object Repository/MOH AND GRN/Page_KDMC - CMS/select_--Select--No Tax0'

2018-05-09 16:30:56 - [TEST_STEP][PASSED] - setText: Finding Test Object with id 'Object Repository/MOH AND GRN/Page_KDMC - CMS/input_txtmrp'

2018-05-09 16:30:56 - [TEST_STEP][PASSED] - Statement - switch (id): Finding Test Object with id 'Object Repository/MOH AND GRN/Page_KDMC - CMS/input_txtdeal'

2018-05-09 16:30:56 - [TEST_STEP][PASSED] - Statement - case 4:: Text '29.0' is set on object 'Object Repository/MOH AND GRN/Page_KDMC - CMS/input_txtmrp'

2018-05-09 16:30:56 - [TEST_STEP][PASSED] - Statement - return (java.lang.Math.floor((java.lang.Math.random() * ((max - min) + 1))) + min): Text '29.0' is set on object 'Object Repository/MOH AND GRN/Page_KDMC - CMS/input_txtmrp'

2018-05-09 16:30:56 - [MESSAGE][PASSED] - Text '29.0' is set on object 'Object Repository/MOH AND GRN/Page_KDMC - CMS/input_txtmrp'

2018-05-09 16:30:56 - [TEST_STEP][PASSED] - setText: Finding Test Object with id 'Object Repository/MOH AND GRN/Page_KDMC - CMS/input_txtdeal'

2018-05-09 16:30:56 - [TEST_STEP][PASSED] - Statement - switch (id): Finding Test Object with id 'Object Repository/MOH AND GRN/Page_KDMC - CMS/input_txtbatchno'

2018-05-09 16:30:56 - [TEST_STEP][PASSED] - Statement - case 5:: Text '4.0' is set on object 'Object Repository/MOH AND GRN/Page_KDMC - CMS/input_txtdeal'

2018-05-09 16:30:56 - [TEST_STEP][PASSED] - Statement - return (java.lang.Math.floor((java.lang.Math.random() * ((max - min) + 1))) + min): Text '4.0' is set on object 'Object Repository/MOH AND GRN/Page_KDMC - CMS/input_txtdeal'

2018-05-09 16:30:57 - [MESSAGE][PASSED] - Text '4.0' is set on object 'Object Repository/MOH AND GRN/Page_KDMC - CMS/input_txtdeal'

2018-05-09 16:30:57 - [TEST_STEP][PASSED] - setText: Finding Test Object with id 'Object Repository/MOH AND GRN/Page_KDMC - CMS/input_txtbatchno'

2018-05-09 16:30:57 - [TEST_STEP][PASSED] - Statement - switch (id): Finding Test Object with id 'Object Repository/MOH AND GRN/Page_KDMC - CMS/input_txtmrp'

2018-05-09 16:30:57 - [TEST_STEP][PASSED] - Statement - case 1:: Text 'BA518.0' is set on object 'Object Repository/MOH AND GRN/Page_KDMC - CMS/input_txtbatchno'

2018-05-09 16:30:57 - [TEST_STEP][PASSED] - Statement - return (java.lang.Math.floor((java.lang.Math.random() * ((max - min) + 1))) + min): Text 'BA518.0' is set on object 'Object Repository/MOH AND GRN/Page_KDMC - CMS/input_txtbatchno'

2018-05-09 16:30:57 - [MESSAGE][PASSED] - Text 'BA518.0' is set on object 'Object Repository/MOH AND GRN/Page_KDMC - CMS/input_txtbatchno'

2018-05-09 16:30:57 - [TEST_STEP][PASSED] - rightClick: Object: 'Object Repository/GRN/Page_KDMC - CMS/input_txtexpdate' is right clicked on

2018-05-09 16:31:07 - [MESSAGE][PASSED] - Object: 'Object Repository/GRN/Page_KDMC - CMS/input_txtexpdate' is right clicked on

2018-05-09 16:31:07 - [TEST_STEP][PASSED] - selectOptionByIndex: All options with index in [6] are selected on object 'Object Repository/GRN/Page_KDMC - CMS/select_20182019202020212022202'

2018-05-09 16:31:07 - [MESSAGE][PASSED] - All options with index in [6] are selected on object 'Object Repository/GRN/Page_KDMC - CMS/select_20182019202020212022202'

2018-05-09 16:31:07 - [TEST_STEP][PASSED] - selectOptionByIndex: All options with index in [6] are selected on object 'Object Repository/GRN/Page_KDMC - CMS/select_JanFebMarAprMayJunJulAu'

2018-05-09 16:31:07 - [MESSAGE][PASSED] - All options with index in [6] are selected on object 'Object Repository/GRN/Page_KDMC - CMS/select_JanFebMarAprMayJunJulAu'

2018-05-09 16:31:07 - [TEST_STEP][PASSED] - click: Object: 'Object Repository/MOH AND GRN/Page_KDMC - CMS/a_12' is clicked on

2018-05-09 16:31:12 - [MESSAGE][PASSED] - Object: 'Object Repository/MOH AND GRN/Page_KDMC - CMS/a_12' is clicked on

2018-05-09 16:31:12 - [TEST_STEP][PASSED] - click: Object: 'Object Repository/MOH AND GRN/Page_KDMC - CMS/input_btnadd' is clicked on

2018-05-09 16:31:17 - [MESSAGE][PASSED] - Object: 'Object Repository/MOH AND GRN/Page_KDMC - CMS/input_btnadd' is clicked on

2018-05-09 16:31:17 - [TEST_STEP][PASSED] - Statement - If (s == 10): null

2018-05-09 16:31:17 - [TEST_STEP][PASSED] - Statement - Else: null

2018-05-09 16:31:17 - [TEST_STEP][PASSED] - Statement - (s++): null

2018-05-09 16:31:17 - [TEST_STEP][PASSED] - delay: Delayed 1 second(s)

2018-05-09 16:31:18 - [MESSAGE][PASSED] - Delayed 1 second(s)

2018-05-09 16:31:18 - [TEST_STEP][PASSED] - selectOptionByIndex: All options with index in [67] are selected on object 'Object Repository/MOH AND GRN/Page_KDMC - CMS/select_--Select--Amikacin -500'

2018-05-09 16:31:19 - [MESSAGE][PASSED] - All options with index in [67] are selected on object 'Object Repository/MOH AND GRN/Page_KDMC - CMS/select_--Select--Amikacin -500'

2018-05-09 16:31:19 - [TEST_STEP][PASSED] - setText: Text '5000' is set on object 'Object Repository/MOH AND GRN/Page_KDMC - CMS/input_txtqty'

2018-05-09 16:31:19 - [MESSAGE][PASSED] - Text '5000' is set on object 'Object Repository/MOH AND GRN/Page_KDMC - CMS/input_txtqty'

2018-05-09 16:31:19 - [TEST_STEP][PASSED] - selectOptionByIndex: All options with index in [1] are selected on object 'Object Repository/MOH AND GRN/Page_KDMC - CMS/select_--Select--No Tax0'

2018-05-09 16:31:20 - [MESSAGE][PASSED] - All options with index in [1] are selected on object 'Object Repository/MOH AND GRN/Page_KDMC - CMS/select_--Select--No Tax0'

2018-05-09 16:31:20 - [TEST_STEP][PASSED] - setText: Finding Test Object with id 'Object Repository/MOH AND GRN/Page_KDMC - CMS/input_txtmrp'

2018-05-09 16:31:20 - [TEST_STEP][PASSED] - Statement - switch (id): Finding Test Object with id 'Object Repository/MOH AND GRN/Page_KDMC - CMS/input_txtdeal'

2018-05-09 16:31:20 - [TEST_STEP][PASSED] - Statement - case 4:: Text '40.0' is set on object 'Object Repository/MOH AND GRN/Page_KDMC - CMS/input_txtmrp'

2018-05-09 16:31:20 - [TEST_STEP][PASSED] - Statement - return (java.lang.Math.floor((java.lang.Math.random() * ((max - min) + 1))) + min): Text '40.0' is set on object 'Object Repository/MOH AND GRN/Page_KDMC - CMS/input_txtmrp'

2018-05-09 16:31:20 - [MESSAGE][PASSED] - Text '40.0' is set on object 'Object Repository/MOH AND GRN/Page_KDMC - CMS/input_txtmrp'

2018-05-09 16:31:20 - [TEST_STEP][PASSED] - setText: Finding Test Object with id 'Object Repository/MOH AND GRN/Page_KDMC - CMS/input_txtdeal'

2018-05-09 16:31:20 - [TEST_STEP][PASSED] - Statement - switch (id): Finding Test Object with id 'Object Repository/MOH AND GRN/Page_KDMC - CMS/input_txtbatchno'

2018-05-09 16:31:20 - [TEST_STEP][PASSED] - Statement - case 5:: Text '3.0' is set on object 'Object Repository/MOH AND GRN/Page_KDMC - CMS/input_txtdeal'

2018-05-09 16:31:20 - [TEST_STEP][PASSED] - Statement - return (java.lang.Math.floor((java.lang.Math.random() * ((max - min) + 1))) + min): Text '3.0' is set on object 'Object Repository/MOH AND GRN/Page_KDMC - CMS/input_txtdeal'

2018-05-09 16:31:20 - [MESSAGE][PASSED] - Text '3.0' is set on object 'Object Repository/MOH AND GRN/Page_KDMC - CMS/input_txtdeal'

2018-05-09 16:31:20 - [TEST_STEP][PASSED] - setText: Finding Test Object with id 'Object Repository/MOH AND GRN/Page_KDMC - CMS/input_txtbatchno'

2018-05-09 16:31:20 - [TEST_STEP][PASSED] - Statement - switch (id): Finding Test Object with id 'Object Repository/MOH AND GRN/Page_KDMC - CMS/input_txtmrp'

2018-05-09 16:31:20 - [TEST_STEP][PASSED] - Statement - case 1:: Text 'BA268.0' is set on object 'Object Repository/MOH AND GRN/Page_KDMC - CMS/input_txtbatchno'

2018-05-09 16:31:20 - [TEST_STEP][PASSED] - Statement - return (java.lang.Math.floor((java.lang.Math.random() * ((max - min) + 1))) + min): Text 'BA268.0' is set on object 'Object Repository/MOH AND GRN/Page_KDMC - CMS/input_txtbatchno'

2018-05-09 16:31:20 - [MESSAGE][PASSED] - Text 'BA268.0' is set on object 'Object Repository/MOH AND GRN/Page_KDMC - CMS/input_txtbatchno'

2018-05-09 16:31:20 - [TEST_STEP][PASSED] - rightClick: Object: 'Object Repository/GRN/Page_KDMC - CMS/input_txtexpdate' is right clicked on

2018-05-09 16:31:30 - [MESSAGE][PASSED] - Object: 'Object Repository/GRN/Page_KDMC - CMS/input_txtexpdate' is right clicked on

2018-05-09 16:31:30 - [TEST_STEP][PASSED] - selectOptionByIndex: All options with index in [7] are selected on object 'Object Repository/GRN/Page_KDMC - CMS/select_20182019202020212022202'

2018-05-09 16:31:30 - [MESSAGE][PASSED] - All options with index in [7] are selected on object 'Object Repository/GRN/Page_KDMC - CMS/select_20182019202020212022202'

2018-05-09 16:31:30 - [TEST_STEP][PASSED] - selectOptionByIndex: All options with index in [7] are selected on object 'Object Repository/GRN/Page_KDMC - CMS/select_JanFebMarAprMayJunJulAu'

2018-05-09 16:31:30 - [MESSAGE][PASSED] - All options with index in [7] are selected on object 'Object Repository/GRN/Page_KDMC - CMS/select_JanFebMarAprMayJunJulAu'

2018-05-09 16:31:30 - [TEST_STEP][PASSED] - click: Object: 'Object Repository/MOH AND GRN/Page_KDMC - CMS/a_12' is clicked on

2018-05-09 16:31:35 - [MESSAGE][PASSED] - Object: 'Object Repository/MOH AND GRN/Page_KDMC - CMS/a_12' is clicked on

2018-05-09 16:31:35 - [TEST_STEP][PASSED] - click: Object: 'Object Repository/MOH AND GRN/Page_KDMC - CMS/input_btnadd' is clicked on

2018-05-09 16:31:41 - [MESSAGE][PASSED] - Object: 'Object Repository/MOH AND GRN/Page_KDMC - CMS/input_btnadd' is clicked on

2018-05-09 16:31:41 - [TEST_STEP][PASSED] - Statement - If (s == 10): null

2018-05-09 16:31:41 - [TEST_STEP][PASSED] - Statement - Else: null

2018-05-09 16:31:41 - [TEST_STEP][PASSED] - Statement - (s++): null

2018-05-09 16:31:41 - [TEST_STEP][PASSED] - delay: Delayed 1 second(s)

2018-05-09 16:31:42 - [MESSAGE][PASSED] - Delayed 1 second(s)

2018-05-09 16:31:42 - [TEST_STEP][PASSED] - selectOptionByIndex: All options with index in [68] are selected on object 'Object Repository/MOH AND GRN/Page_KDMC - CMS/select_--Select--Amikacin -500'

2018-05-09 16:31:42 - [MESSAGE][PASSED] - All options with index in [68] are selected on object 'Object Repository/MOH AND GRN/Page_KDMC - CMS/select_--Select--Amikacin -500'

2018-05-09 16:31:42 - [TEST_STEP][PASSED] - setText: Text '5000' is set on object 'Object Repository/MOH AND GRN/Page_KDMC - CMS/input_txtqty'

2018-05-09 16:31:42 - [MESSAGE][PASSED] - Text '5000' is set on object 'Object Repository/MOH AND GRN/Page_KDMC - CMS/input_txtqty'

2018-05-09 16:31:42 - [TEST_STEP][PASSED] - selectOptionByIndex: All options with index in [1] are selected on object 'Object Repository/MOH AND GRN/Page_KDMC - CMS/select_--Select--No Tax0'

2018-05-09 16:31:43 - [MESSAGE][PASSED] - All options with index in [1] are selected on object 'Object Repository/MOH AND GRN/Page_KDMC - CMS/select_--Select--No Tax0'

2018-05-09 16:31:43 - [TEST_STEP][PASSED] - setText: Finding Test Object with id 'Object Repository/MOH AND GRN/Page_KDMC - CMS/input_txtmrp'

2018-05-09 16:31:43 - [TEST_STEP][PASSED] - Statement - switch (id): Finding Test Object with id 'Object Repository/MOH AND GRN/Page_KDMC - CMS/input_txtdeal'

2018-05-09 16:31:43 - [TEST_STEP][PASSED] - Statement - case 4:: Text '15.0' is set on object 'Object Repository/MOH AND GRN/Page_KDMC - CMS/input_txtmrp'

2018-05-09 16:31:43 - [TEST_STEP][PASSED] - Statement - return (java.lang.Math.floor((java.lang.Math.random() * ((max - min) + 1))) + min): Text '15.0' is set on object 'Object Repository/MOH AND GRN/Page_KDMC - CMS/input_txtmrp'

2018-05-09 16:31:43 - [MESSAGE][PASSED] - Text '15.0' is set on object 'Object Repository/MOH AND GRN/Page_KDMC - CMS/input_txtmrp'

2018-05-09 16:31:43 - [TEST_STEP][PASSED] - setText: Finding Test Object with id 'Object Repository/MOH AND GRN/Page_KDMC - CMS/input_txtdeal'

2018-05-09 16:31:43 - [TEST_STEP][PASSED] - Statement - switch (id): Finding Test Object with id 'Object Repository/MOH AND GRN/Page_KDMC - CMS/input_txtbatchno'

2018-05-09 16:31:43 - [TEST_STEP][PASSED] - Statement - case 5:: Text '2.0' is set on object 'Object Repository/MOH AND GRN/Page_KDMC - CMS/input_txtdeal'

2018-05-09 16:31:43 - [TEST_STEP][PASSED] - Statement - return (java.lang.Math.floor((java.lang.Math.random() * ((max - min) + 1))) + min): Text '2.0' is set on object 'Object Repository/MOH AND GRN/Page_KDMC - CMS/input_txtdeal'

2018-05-09 16:31:43 - [MESSAGE][PASSED] - Text '2.0' is set on object 'Object Repository/MOH AND GRN/Page_KDMC - CMS/input_txtdeal'

2018-05-09 16:31:43 - [TEST_STEP][PASSED] - setText: Finding Test Object with id 'Object Repository/MOH AND GRN/Page_KDMC - CMS/input_txtbatchno'

2018-05-09 16:31:43 - [TEST_STEP][PASSED] - Statement - switch (id): Finding Test Object with id 'Object Repository/MOH AND GRN/Page_KDMC - CMS/input_txtmrp'

2018-05-09 16:31:43 - [TEST_STEP][PASSED] - Statement - case 1:: Text 'BA398.0' is set on object 'Object Repository/MOH AND GRN/Page_KDMC - CMS/input_txtbatchno'

2018-05-09 16:31:43 - [TEST_STEP][PASSED] - Statement - return (java.lang.Math.floor((java.lang.Math.random() * ((max - min) + 1))) + min): Text 'BA398.0' is set on object 'Object Repository/MOH AND GRN/Page_KDMC - CMS/input_txtbatchno'

2018-05-09 16:31:43 - [MESSAGE][PASSED] - Text 'BA398.0' is set on object 'Object Repository/MOH AND GRN/Page_KDMC - CMS/input_txtbatchno'

2018-05-09 16:31:43 - [TEST_STEP][PASSED] - rightClick: Object: 'Object Repository/GRN/Page_KDMC - CMS/input_txtexpdate' is right clicked on

2018-05-09 16:31:53 - [MESSAGE][PASSED] - Object: 'Object Repository/GRN/Page_KDMC - CMS/input_txtexpdate' is right clicked on

2018-05-09 16:31:53 - [TEST_STEP][PASSED] - selectOptionByIndex: All options with index in [8] are selected on object 'Object Repository/GRN/Page_KDMC - CMS/select_20182019202020212022202'

2018-05-09 16:31:53 - [MESSAGE][PASSED] - All options with index in [8] are selected on object 'Object Repository/GRN/Page_KDMC - CMS/select_20182019202020212022202'

2018-05-09 16:31:53 - [TEST_STEP][PASSED] - selectOptionByIndex: All options with index in [8] are selected on object 'Object Repository/GRN/Page_KDMC - CMS/select_JanFebMarAprMayJunJulAu'

2018-05-09 16:31:53 - [MESSAGE][PASSED] - All options with index in [8] are selected on object 'Object Repository/GRN/Page_KDMC - CMS/select_JanFebMarAprMayJunJulAu'

2018-05-09 16:31:53 - [TEST_STEP][PASSED] - click: Object: 'Object Repository/MOH AND GRN/Page_KDMC - CMS/a_12' is clicked on

2018-05-09 16:31:59 - [MESSAGE][PASSED] - Object: 'Object Repository/MOH AND GRN/Page_KDMC - CMS/a_12' is clicked on

2018-05-09 16:31:59 - [TEST_STEP][PASSED] - click: Object: 'Object Repository/MOH AND GRN/Page_KDMC - CMS/input_btnadd' is clicked on

2018-05-09 16:32:04 - [MESSAGE][PASSED] - Object: 'Object Repository/MOH AND GRN/Page_KDMC - CMS/input_btnadd' is clicked on

2018-05-09 16:32:04 - [TEST_STEP][PASSED] - Statement - If (s == 10): null

2018-05-09 16:32:04 - [TEST_STEP][PASSED] - Statement - Else: null

2018-05-09 16:32:04 - [TEST_STEP][PASSED] - Statement - (s++): null

2018-05-09 16:32:04 - [TEST_STEP][PASSED] - delay: Delayed 1 second(s)

2018-05-09 16:32:05 - [MESSAGE][PASSED] - Delayed 1 second(s)

2018-05-09 16:32:05 - [TEST_STEP][PASSED] - selectOptionByIndex: All options with index in [69] are selected on object 'Object Repository/MOH AND GRN/Page_KDMC - CMS/select_--Select--Amikacin -500'

2018-05-09 16:32:05 - [MESSAGE][PASSED] - All options with index in [69] are selected on object 'Object Repository/MOH AND GRN/Page_KDMC - CMS/select_--Select--Amikacin -500'

2018-05-09 16:32:05 - [TEST_STEP][PASSED] - setText: Text '5000' is set on object 'Object Repository/MOH AND GRN/Page_KDMC - CMS/input_txtqty'

2018-05-09 16:32:06 - [MESSAGE][PASSED] - Text '5000' is set on object 'Object Repository/MOH AND GRN/Page_KDMC - CMS/input_txtqty'

2018-05-09 16:32:06 - [TEST_STEP][PASSED] - selectOptionByIndex: All options with index in [1] are selected on object 'Object Repository/MOH AND GRN/Page_KDMC - CMS/select_--Select--No Tax0'

2018-05-09 16:32:06 - [MESSAGE][PASSED] - All options with index in [1] are selected on object 'Object Repository/MOH AND GRN/Page_KDMC - CMS/select_--Select--No Tax0'

2018-05-09 16:32:06 - [TEST_STEP][PASSED] - setText: Finding Test Object with id 'Object Repository/MOH AND GRN/Page_KDMC - CMS/input_txtmrp'

2018-05-09 16:32:06 - [TEST_STEP][PASSED] - Statement - switch (id): Finding Test Object with id 'Object Repository/MOH AND GRN/Page_KDMC - CMS/input_txtdeal'

2018-05-09 16:32:06 - [TEST_STEP][PASSED] - Statement - case 4:: Text '40.0' is set on object 'Object Repository/MOH AND GRN/Page_KDMC - CMS/input_txtmrp'

2018-05-09 16:32:06 - [TEST_STEP][PASSED] - Statement - return (java.lang.Math.floor((java.lang.Math.random() * ((max - min) + 1))) + min): Text '40.0' is set on object 'Object Repository/MOH AND GRN/Page_KDMC - CMS/input_txtmrp'

2018-05-09 16:32:06 - [MESSAGE][PASSED] - Text '40.0' is set on object 'Object Repository/MOH AND GRN/Page_KDMC - CMS/input_txtmrp'

2018-05-09 16:32:06 - [TEST_STEP][PASSED] - setText: Finding Test Object with id 'Object Repository/MOH AND GRN/Page_KDMC - CMS/input_txtdeal'

2018-05-09 16:32:06 - [TEST_STEP][PASSED] - Statement - switch (id): Finding Test Object with id 'Object Repository/MOH AND GRN/Page_KDMC - CMS/input_txtbatchno'

2018-05-09 16:32:06 - [TEST_STEP][PASSED] - Statement - case 5:: Text '1.0' is set on object 'Object Repository/MOH AND GRN/Page_KDMC - CMS/input_txtdeal'

2018-05-09 16:32:06 - [TEST_STEP][PASSED] - Statement - return (java.lang.Math.floor((java.lang.Math.random() * ((max - min) + 1))) + min): Text '1.0' is set on object 'Object Repository/MOH AND GRN/Page_KDMC - CMS/input_txtdeal'

2018-05-09 16:32:06 - [MESSAGE][PASSED] - Text '1.0' is set on object 'Object Repository/MOH AND GRN/Page_KDMC - CMS/input_txtdeal'

2018-05-09 16:32:06 - [TEST_STEP][PASSED] - setText: Finding Test Object with id 'Object Repository/MOH AND GRN/Page_KDMC - CMS/input_txtbatchno'

2018-05-09 16:32:06 - [TEST_STEP][PASSED] - Statement - switch (id): Finding Test Object with id 'Object Repository/MOH AND GRN/Page_KDMC - CMS/input_txtmrp'

2018-05-09 16:32:06 - [TEST_STEP][PASSED] - Statement - case 1:: Text 'BA994.0' is set on object 'Object Repository/MOH AND GRN/Page_KDMC - CMS/input_txtbatchno'

2018-05-09 16:32:06 - [TEST_STEP][PASSED] - Statement - return (java.lang.Math.floor((java.lang.Math.random() * ((max - min) + 1))) + min): Text 'BA994.0' is set on object 'Object Repository/MOH AND GRN/Page_KDMC - CMS/input_txtbatchno'

2018-05-09 16:32:06 - [MESSAGE][PASSED] - Text 'BA994.0' is set on object 'Object Repository/MOH AND GRN/Page_KDMC - CMS/input_txtbatchno'

2018-05-09 16:32:06 - [TEST_STEP][PASSED] - rightClick: Object: 'Object Repository/GRN/Page_KDMC - CMS/input_txtexpdate' is right clicked on

2018-05-09 16:32:16 - [MESSAGE][PASSED] - Object: 'Object Repository/GRN/Page_KDMC - CMS/input_txtexpdate' is right clicked on

2018-05-09 16:32:16 - [TEST_STEP][PASSED] - selectOptionByIndex: All options with index in [9] are selected on object 'Object Repository/GRN/Page_KDMC - CMS/select_20182019202020212022202'

2018-05-09 16:32:16 - [MESSAGE][PASSED] - All options with index in [9] are selected on object 'Object Repository/GRN/Page_KDMC - CMS/select_20182019202020212022202'

2018-05-09 16:32:16 - [TEST_STEP][PASSED] - selectOptionByIndex: All options with index in [9] are selected on object 'Object Repository/GRN/Page_KDMC - CMS/select_JanFebMarAprMayJunJulAu'

2018-05-09 16:32:17 - [MESSAGE][PASSED] - All options with index in [9] are selected on object 'Object Repository/GRN/Page_KDMC - CMS/select_JanFebMarAprMayJunJulAu'

2018-05-09 16:32:17 - [TEST_STEP][PASSED] - click: Object: 'Object Repository/MOH AND GRN/Page_KDMC - CMS/a_12' is clicked on

2018-05-09 16:32:22 - [MESSAGE][PASSED] - Object: 'Object Repository/MOH AND GRN/Page_KDMC - CMS/a_12' is clicked on

2018-05-09 16:32:22 - [TEST_STEP][PASSED] - click: Object: 'Object Repository/MOH AND GRN/Page_KDMC - CMS/input_btnadd' is clicked on

2018-05-09 16:32:27 - [MESSAGE][PASSED] - Object: 'Object Repository/MOH AND GRN/Page_KDMC - CMS/input_btnadd' is clicked on

2018-05-09 16:32:27 - [TEST_STEP][PASSED] - Statement - If (s == 10): null

2018-05-09 16:32:27 - [TEST_STEP][PASSED] - Statement - Else: null

2018-05-09 16:32:27 - [TEST_STEP][PASSED] - Statement - (s++): null

2018-05-09 16:32:27 - [TEST_STEP][PASSED] - delay: Delayed 1 second(s)

2018-05-09 16:32:28 - [MESSAGE][PASSED] - Delayed 1 second(s)

2018-05-09 16:32:28 - [TEST_STEP][PASSED] - selectOptionByIndex: All options with index in [70] are selected on object 'Object Repository/MOH AND GRN/Page_KDMC - CMS/select_--Select--Amikacin -500'

2018-05-09 16:32:29 - [MESSAGE][PASSED] - All options with index in [70] are selected on object 'Object Repository/MOH AND GRN/Page_KDMC - CMS/select_--Select--Amikacin -500'

2018-05-09 16:32:29 - [TEST_STEP][PASSED] - setText: Text '5000' is set on object 'Object Repository/MOH AND GRN/Page_KDMC - CMS/input_txtqty'

2018-05-09 16:32:29 - [MESSAGE][PASSED] - Text '5000' is set on object 'Object Repository/MOH AND GRN/Page_KDMC - CMS/input_txtqty'

2018-05-09 16:32:29 - [TEST_STEP][PASSED] - selectOptionByIndex: All options with index in [1] are selected on object 'Object Repository/MOH AND GRN/Page_KDMC - CMS/select_--Select--No Tax0'

2018-05-09 16:32:29 - [MESSAGE][PASSED] - All options with index in [1] are selected on object 'Object Repository/MOH AND GRN/Page_KDMC - CMS/select_--Select--No Tax0'

2018-05-09 16:32:29 - [TEST_STEP][PASSED] - setText: Finding Test Object with id 'Object Repository/MOH AND GRN/Page_KDMC - CMS/input_txtmrp'

2018-05-09 16:32:29 - [TEST_STEP][PASSED] - Statement - switch (id): Finding Test Object with id 'Object Repository/MOH AND GRN/Page_KDMC - CMS/input_txtdeal'

2018-05-09 16:32:29 - [TEST_STEP][PASSED] - Statement - case 4:: Text '16.0' is set on object 'Object Repository/MOH AND GRN/Page_KDMC - CMS/input_txtmrp'

2018-05-09 16:32:29 - [TEST_STEP][PASSED] - Statement - return (java.lang.Math.floor((java.lang.Math.random() * ((max - min) + 1))) + min): Text '16.0' is set on object 'Object Repository/MOH AND GRN/Page_KDMC - CMS/input_txtmrp'

2018-05-09 16:32:29 - [MESSAGE][PASSED] - Text '16.0' is set on object 'Object Repository/MOH AND GRN/Page_KDMC - CMS/input_txtmrp'

2018-05-09 16:32:29 - [TEST_STEP][PASSED] - setText: Finding Test Object with id 'Object Repository/MOH AND GRN/Page_KDMC - CMS/input_txtdeal'

2018-05-09 16:32:29 - [TEST_STEP][PASSED] - Statement - switch (id): Finding Test Object with id 'Object Repository/MOH AND GRN/Page_KDMC - CMS/input_txtbatchno'

2018-05-09 16:32:29 - [TEST_STEP][PASSED] - Statement - case 5:: Text '8.0' is set on object 'Object Repository/MOH AND GRN/Page_KDMC - CMS/input_txtdeal'

2018-05-09 16:32:29 - [TEST_STEP][PASSED] - Statement - return (java.lang.Math.floor((java.lang.Math.random() * ((max - min) + 1))) + min): Text '8.0' is set on object 'Object Repository/MOH AND GRN/Page_KDMC - CMS/input_txtdeal'

2018-05-09 16:32:29 - [MESSAGE][PASSED] - Text '8.0' is set on object 'Object Repository/MOH AND GRN/Page_KDMC - CMS/input_txtdeal'

2018-05-09 16:32:29 - [TEST_STEP][PASSED] - setText: Finding Test Object with id 'Object Repository/MOH AND GRN/Page_KDMC - CMS/input_txtbatchno'

2018-05-09 16:32:29 - [TEST_STEP][PASSED] - Statement - switch (id): Finding Test Object with id 'Object Repository/MOH AND GRN/Page_KDMC - CMS/input_txtmrp'

2018-05-09 16:32:29 - [TEST_STEP][PASSED] - Statement - case 1:: Text 'BA887.0' is set on object 'Object Repository/MOH AND GRN/Page_KDMC - CMS/input_txtbatchno'

2018-05-09 16:32:29 - [TEST_STEP][PASSED] - Statement - return (java.lang.Math.floor((java.lang.Math.random() * ((max - min) + 1))) + min): Text 'BA887.0' is set on object 'Object Repository/MOH AND GRN/Page_KDMC - CMS/input_txtbatchno'

2018-05-09 16:32:29 - [MESSAGE][PASSED] - Text 'BA887.0' is set on object 'Object Repository/MOH AND GRN/Page_KDMC - CMS/input_txtbatchno'

2018-05-09 16:32:29 - [TEST_STEP][PASSED] - rightClick: Object: 'Object Repository/GRN/Page_KDMC - CMS/input_txtexpdate' is right clicked on

2018-05-09 16:32:39 - [MESSAGE][PASSED] - Object: 'Object Repository/GRN/Page_KDMC - CMS/input_txtexpdate' is right clicked on

2018-05-09 16:32:39 - [TEST_STEP][PASSED] - selectOptionByIndex: All options with index in [10] are selected on object 'Object Repository/GRN/Page_KDMC - CMS/select_20182019202020212022202'

2018-05-09 16:32:40 - [MESSAGE][PASSED] - All options with index in [10] are selected on object 'Object Repository/GRN/Page_KDMC - CMS/select_20182019202020212022202'

2018-05-09 16:32:40 - [TEST_STEP][PASSED] - selectOptionByIndex: All options with index in [10] are selected on object 'Object Repository/GRN/Page_KDMC - CMS/select_JanFebMarAprMayJunJulAu'

2018-05-09 16:32:40 - [MESSAGE][PASSED] - All options with index in [10] are selected on object 'Object Repository/GRN/Page_KDMC - CMS/select_JanFebMarAprMayJunJulAu'

2018-05-09 16:32:40 - [TEST_STEP][PASSED] - click: Object: 'Object Repository/MOH AND GRN/Page_KDMC - CMS/a_12' is clicked on

2018-05-09 16:32:45 - [MESSAGE][PASSED] - Object: 'Object Repository/MOH AND GRN/Page_KDMC - CMS/a_12' is clicked on

2018-05-09 16:32:45 - [TEST_STEP][PASSED] - click: Object: 'Object Repository/MOH AND GRN/Page_KDMC - CMS/input_btnadd' is clicked on

2018-05-09 16:32:50 - [MESSAGE][PASSED] - Object: 'Object Repository/MOH AND GRN/Page_KDMC - CMS/input_btnadd' is clicked on

2018-05-09 16:32:50 - [TEST_STEP][PASSED] - Statement - If (s == 10): null

2018-05-09 16:32:50 - [TEST_STEP][PASSED] - Statement - s = 1: null

2018-05-09 16:32:50 - [TEST_STEP][PASSED] - delay: Delayed 1 second(s)

2018-05-09 16:32:51 - [MESSAGE][PASSED] - Delayed 1 second(s)

2018-05-09 16:32:51 - [TEST_STEP][PASSED] - selectOptionByIndex: All options with index in [71] are selected on object 'Object Repository/MOH AND GRN/Page_KDMC - CMS/select_--Select--Amikacin -500'

2018-05-09 16:32:52 - [MESSAGE][PASSED] - All options with index in [71] are selected on object 'Object Repository/MOH AND GRN/Page_KDMC - CMS/select_--Select--Amikacin -500'

2018-05-09 16:32:52 - [TEST_STEP][PASSED] - setText: Text '5000' is set on object 'Object Repository/MOH AND GRN/Page_KDMC - CMS/input_txtqty'

2018-05-09 16:32:52 - [MESSAGE][PASSED] - Text '5000' is set on object 'Object Repository/MOH AND GRN/Page_KDMC - CMS/input_txtqty'

2018-05-09 16:32:52 - [TEST_STEP][PASSED] - selectOptionByIndex: All options with index in [1] are selected on object 'Object Repository/MOH AND GRN/Page_KDMC - CMS/select_--Select--No Tax0'

2018-05-09 16:32:52 - [MESSAGE][PASSED] - All options with index in [1] are selected on object 'Object Repository/MOH AND GRN/Page_KDMC - CMS/select_--Select--No Tax0'

2018-05-09 16:32:52 - [TEST_STEP][PASSED] - setText: Finding Test Object with id 'Object Repository/MOH AND GRN/Page_KDMC - CMS/input_txtmrp'

2018-05-09 16:32:52 - [TEST_STEP][PASSED] - Statement - switch (id): Finding Test Object with id 'Object Repository/MOH AND GRN/Page_KDMC - CMS/input_txtdeal'

2018-05-09 16:32:52 - [TEST_STEP][PASSED] - Statement - case 4:: Text '28.0' is set on object 'Object Repository/MOH AND GRN/Page_KDMC - CMS/input_txtmrp'

2018-05-09 16:32:52 - [TEST_STEP][PASSED] - Statement - return (java.lang.Math.floor((java.lang.Math.random() * ((max - min) + 1))) + min): Text '28.0' is set on object 'Object Repository/MOH AND GRN/Page_KDMC - CMS/input_txtmrp'

2018-05-09 16:32:52 - [MESSAGE][PASSED] - Text '28.0' is set on object 'Object Repository/MOH AND GRN/Page_KDMC - CMS/input_txtmrp'

2018-05-09 16:32:52 - [TEST_STEP][PASSED] - setText: Finding Test Object with id 'Object Repository/MOH AND GRN/Page_KDMC - CMS/input_txtdeal'

2018-05-09 16:32:52 - [TEST_STEP][PASSED] - Statement - switch (id): Finding Test Object with id 'Object Repository/MOH AND GRN/Page_KDMC - CMS/input_txtbatchno'

2018-05-09 16:32:52 - [TEST_STEP][PASSED] - Statement - case 5:: Text '7.0' is set on object 'Object Repository/MOH AND GRN/Page_KDMC - CMS/input_txtdeal'

2018-05-09 16:32:52 - [TEST_STEP][PASSED] - Statement - return (java.lang.Math.floor((java.lang.Math.random() * ((max - min) + 1))) + min): Text '7.0' is set on object 'Object Repository/MOH AND GRN/Page_KDMC - CMS/input_txtdeal'

2018-05-09 16:32:52 - [MESSAGE][PASSED] - Text '7.0' is set on object 'Object Repository/MOH AND GRN/Page_KDMC - CMS/input_txtdeal'

2018-05-09 16:32:52 - [TEST_STEP][PASSED] - setText: Finding Test Object with id 'Object Repository/MOH AND GRN/Page_KDMC - CMS/input_txtbatchno'

2018-05-09 16:32:52 - [TEST_STEP][PASSED] - Statement - switch (id): Finding Test Object with id 'Object Repository/MOH AND GRN/Page_KDMC - CMS/input_txtmrp'

2018-05-09 16:32:52 - [TEST_STEP][PASSED] - Statement - case 1:: Text 'BA519.0' is set on object 'Object Repository/MOH AND GRN/Page_KDMC - CMS/input_txtbatchno'

2018-05-09 16:32:52 - [TEST_STEP][PASSED] - Statement - return (java.lang.Math.floor((java.lang.Math.random() * ((max - min) + 1))) + min): Text 'BA519.0' is set on object 'Object Repository/MOH AND GRN/Page_KDMC - CMS/input_txtbatchno'

2018-05-09 16:32:52 - [MESSAGE][PASSED] - Text 'BA519.0' is set on object 'Object Repository/MOH AND GRN/Page_KDMC - CMS/input_txtbatchno'

2018-05-09 16:32:52 - [TEST_STEP][PASSED] - rightClick: Object: 'Object Repository/GRN/Page_KDMC - CMS/input_txtexpdate' is right clicked on

2018-05-09 16:33:03 - [MESSAGE][PASSED] - Object: 'Object Repository/GRN/Page_KDMC - CMS/input_txtexpdate' is right clicked on

2018-05-09 16:33:03 - [TEST_STEP][PASSED] - selectOptionByIndex: All options with index in [1] are selected on object 'Object Repository/GRN/Page_KDMC - CMS/select_20182019202020212022202'

2018-05-09 16:33:03 - [MESSAGE][PASSED] - All options with index in [1] are selected on object 'Object Repository/GRN/Page_KDMC - CMS/select_20182019202020212022202'

2018-05-09 16:33:03 - [TEST_STEP][PASSED] - selectOptionByIndex: All options with index in [1] are selected on object 'Object Repository/GRN/Page_KDMC - CMS/select_JanFebMarAprMayJunJulAu'

2018-05-09 16:33:03 - [MESSAGE][PASSED] - All options with index in [1] are selected on object 'Object Repository/GRN/Page_KDMC - CMS/select_JanFebMarAprMayJunJulAu'

2018-05-09 16:33:03 - [TEST_STEP][PASSED] - click: Object: 'Object Repository/MOH AND GRN/Page_KDMC - CMS/a_12' is clicked on

2018-05-09 16:33:08 - [MESSAGE][PASSED] - Object: 'Object Repository/MOH AND GRN/Page_KDMC - CMS/a_12' is clicked on

2018-05-09 16:33:08 - [TEST_STEP][PASSED] - click: Object: 'Object Repository/MOH AND GRN/Page_KDMC - CMS/input_btnadd' is clicked on

2018-05-09 16:33:13 - [MESSAGE][PASSED] - Object: 'Object Repository/MOH AND GRN/Page_KDMC - CMS/input_btnadd' is clicked on

2018-05-09 16:33:13 - [TEST_STEP][PASSED] - Statement - If (s == 10): null

2018-05-09 16:33:13 - [TEST_STEP][PASSED] - Statement - Else: null

2018-05-09 16:33:13 - [TEST_STEP][PASSED] - Statement - (s++): null

2018-05-09 16:33:13 - [TEST_STEP][PASSED] - delay: Delayed 1 second(s)

2018-05-09 16:33:14 - [MESSAGE][PASSED] - Delayed 1 second(s)

2018-05-09 16:33:14 - [TEST_STEP][PASSED] - selectOptionByIndex: All options with index in [72] are selected on object 'Object Repository/MOH AND GRN/Page_KDMC - CMS/select_--Select--Amikacin -500'

2018-05-09 16:33:15 - [MESSAGE][PASSED] - All options with index in [72] are selected on object 'Object Repository/MOH AND GRN/Page_KDMC - CMS/select_--Select--Amikacin -500'

2018-05-09 16:33:15 - [TEST_STEP][PASSED] - setText: Text '5000' is set on object 'Object Repository/MOH AND GRN/Page_KDMC - CMS/input_txtqty'

2018-05-09 16:33:15 - [MESSAGE][PASSED] - Text '5000' is set on object 'Object Repository/MOH AND GRN/Page_KDMC - CMS/input_txtqty'

2018-05-09 16:33:15 - [TEST_STEP][PASSED] - selectOptionByIndex: All options with index in [1] are selected on object 'Object Repository/MOH AND GRN/Page_KDMC - CMS/select_--Select--No Tax0'

2018-05-09 16:33:15 - [MESSAGE][PASSED] - All options with index in [1] are selected on object 'Object Repository/MOH AND GRN/Page_KDMC - CMS/select_--Select--No Tax0'

2018-05-09 16:33:15 - [TEST_STEP][PASSED] - setText: Finding Test Object with id 'Object Repository/MOH AND GRN/Page_KDMC - CMS/input_txtmrp'

2018-05-09 16:33:15 - [TEST_STEP][PASSED] - Statement - switch (id): Finding Test Object with id 'Object Repository/MOH AND GRN/Page_KDMC - CMS/input_txtdeal'

2018-05-09 16:33:15 - [TEST_STEP][PASSED] - Statement - case 4:: Text '27.0' is set on object 'Object Repository/MOH AND GRN/Page_KDMC - CMS/input_txtmrp'

2018-05-09 16:33:15 - [TEST_STEP][PASSED] - Statement - return (java.lang.Math.floor((java.lang.Math.random() * ((max - min) + 1))) + min): Text '27.0' is set on object 'Object Repository/MOH AND GRN/Page_KDMC - CMS/input_txtmrp'

2018-05-09 16:33:15 - [MESSAGE][PASSED] - Text '27.0' is set on object 'Object Repository/MOH AND GRN/Page_KDMC - CMS/input_txtmrp'

2018-05-09 16:33:15 - [TEST_STEP][PASSED] - setText: Finding Test Object with id 'Object Repository/MOH AND GRN/Page_KDMC - CMS/input_txtdeal'

2018-05-09 16:33:15 - [TEST_STEP][PASSED] - Statement - switch (id): Finding Test Object with id 'Object Repository/MOH AND GRN/Page_KDMC - CMS/input_txtbatchno'

2018-05-09 16:33:15 - [TEST_STEP][PASSED] - Statement - case 5:: Text '8.0' is set on object 'Object Repository/MOH AND GRN/Page_KDMC - CMS/input_txtdeal'

2018-05-09 16:33:15 - [TEST_STEP][PASSED] - Statement - return (java.lang.Math.floor((java.lang.Math.random() * ((max - min) + 1))) + min): Text '8.0' is set on object 'Object Repository/MOH AND GRN/Page_KDMC - CMS/input_txtdeal'

2018-05-09 16:33:15 - [MESSAGE][PASSED] - Text '8.0' is set on object 'Object Repository/MOH AND GRN/Page_KDMC - CMS/input_txtdeal'

2018-05-09 16:33:15 - [TEST_STEP][PASSED] - setText: Finding Test Object with id 'Object Repository/MOH AND GRN/Page_KDMC - CMS/input_txtbatchno'

2018-05-09 16:33:15 - [TEST_STEP][PASSED] - Statement - switch (id): Finding Test Object with id 'Object Repository/MOH AND GRN/Page_KDMC - CMS/input_txtmrp'

2018-05-09 16:33:15 - [TEST_STEP][PASSED] - Statement - case 1:: Text 'BA623.0' is set on object 'Object Repository/MOH AND GRN/Page_KDMC - CMS/input_txtbatchno'

2018-05-09 16:33:15 - [TEST_STEP][PASSED] - Statement - return (java.lang.Math.floor((java.lang.Math.random() * ((max - min) + 1))) + min): Text 'BA623.0' is set on object 'Object Repository/MOH AND GRN/Page_KDMC - CMS/input_txtbatchno'

2018-05-09 16:33:15 - [MESSAGE][PASSED] - Text 'BA623.0' is set on object 'Object Repository/MOH AND GRN/Page_KDMC - CMS/input_txtbatchno'

2018-05-09 16:33:15 - [TEST_STEP][PASSED] - rightClick: Object: 'Object Repository/GRN/Page_KDMC - CMS/input_txtexpdate' is right clicked on

2018-05-09 16:33:26 - [MESSAGE][PASSED] - Object: 'Object Repository/GRN/Page_KDMC - CMS/input_txtexpdate' is right clicked on

2018-05-09 16:33:26 - [TEST_STEP][PASSED] - selectOptionByIndex: All options with index in [2] are selected on object 'Object Repository/GRN/Page_KDMC - CMS/select_20182019202020212022202'

2018-05-09 16:33:26 - [MESSAGE][PASSED] - All options with index in [2] are selected on object 'Object Repository/GRN/Page_KDMC - CMS/select_20182019202020212022202'

2018-05-09 16:33:26 - [TEST_STEP][PASSED] - selectOptionByIndex: All options with index in [2] are selected on object 'Object Repository/GRN/Page_KDMC - CMS/select_JanFebMarAprMayJunJulAu'

2018-05-09 16:33:26 - [MESSAGE][PASSED] - All options with index in [2] are selected on object 'Object Repository/GRN/Page_KDMC - CMS/select_JanFebMarAprMayJunJulAu'

2018-05-09 16:33:26 - [TEST_STEP][PASSED] - click: Object: 'Object Repository/MOH AND GRN/Page_KDMC - CMS/a_12' is clicked on

2018-05-09 16:33:31 - [MESSAGE][PASSED] - Object: 'Object Repository/MOH AND GRN/Page_KDMC - CMS/a_12' is clicked on

2018-05-09 16:33:31 - [TEST_STEP][PASSED] - click: Object: 'Object Repository/MOH AND GRN/Page_KDMC - CMS/input_btnadd' is clicked on

2018-05-09 16:33:36 - [MESSAGE][PASSED] - Object: 'Object Repository/MOH AND GRN/Page_KDMC - CMS/input_btnadd' is clicked on

2018-05-09 16:33:36 - [TEST_STEP][PASSED] - Statement - If (s == 10): null

2018-05-09 16:33:36 - [TEST_STEP][PASSED] - Statement - Else: null

2018-05-09 16:33:36 - [TEST_STEP][PASSED] - Statement - (s++): null

2018-05-09 16:33:36 - [TEST_STEP][PASSED] - delay: Delayed 1 second(s)

2018-05-09 16:33:37 - [MESSAGE][PASSED] - Delayed 1 second(s)

2018-05-09 16:33:37 - [TEST_STEP][PASSED] - selectOptionByIndex: All options with index in [73] are selected on object 'Object Repository/MOH AND GRN/Page_KDMC - CMS/select_--Select--Amikacin -500'

2018-05-09 16:33:38 - [MESSAGE][PASSED] - All options with index in [73] are selected on object 'Object Repository/MOH AND GRN/Page_KDMC - CMS/select_--Select--Amikacin -500'

2018-05-09 16:33:38 - [TEST_STEP][PASSED] - setText: Text '5000' is set on object 'Object Repository/MOH AND GRN/Page_KDMC - CMS/input_txtqty'

2018-05-09 16:33:38 - [MESSAGE][PASSED] - Text '5000' is set on object 'Object Repository/MOH AND GRN/Page_KDMC - CMS/input_txtqty'

2018-05-09 16:33:38 - [TEST_STEP][PASSED] - selectOptionByIndex: All options with index in [1] are selected on object 'Object Repository/MOH AND GRN/Page_KDMC - CMS/select_--Select--No Tax0'

2018-05-09 16:33:38 - [MESSAGE][PASSED] - All options with index in [1] are selected on object 'Object Repository/MOH AND GRN/Page_KDMC - CMS/select_--Select--No Tax0'

2018-05-09 16:33:38 - [TEST_STEP][PASSED] - setText: Finding Test Object with id 'Object Repository/MOH AND GRN/Page_KDMC - CMS/input_txtmrp'

2018-05-09 16:33:38 - [TEST_STEP][PASSED] - Statement - switch (id): Finding Test Object with id 'Object Repository/MOH AND GRN/Page_KDMC - CMS/input_txtdeal'

2018-05-09 16:33:38 - [TEST_STEP][PASSED] - Statement - case 4:: Text '30.0' is set on object 'Object Repository/MOH AND GRN/Page_KDMC - CMS/input_txtmrp'

2018-05-09 16:33:38 - [TEST_STEP][PASSED] - Statement - return (java.lang.Math.floor((java.lang.Math.random() * ((max - min) + 1))) + min): Text '30.0' is set on object 'Object Repository/MOH AND GRN/Page_KDMC - CMS/input_txtmrp'

2018-05-09 16:33:38 - [MESSAGE][PASSED] - Text '30.0' is set on object 'Object Repository/MOH AND GRN/Page_KDMC - CMS/input_txtmrp'

2018-05-09 16:33:38 - [TEST_STEP][PASSED] - setText: Finding Test Object with id 'Object Repository/MOH AND GRN/Page_KDMC - CMS/input_txtdeal'

2018-05-09 16:33:38 - [TEST_STEP][PASSED] - Statement - switch (id): Finding Test Object with id 'Object Repository/MOH AND GRN/Page_KDMC - CMS/input_txtbatchno'

2018-05-09 16:33:38 - [TEST_STEP][PASSED] - Statement - case 5:: Text '1.0' is set on object 'Object Repository/MOH AND GRN/Page_KDMC - CMS/input_txtdeal'

2018-05-09 16:33:38 - [TEST_STEP][PASSED] - Statement - return (java.lang.Math.floor((java.lang.Math.random() * ((max - min) + 1))) + min): Text '1.0' is set on object 'Object Repository/MOH AND GRN/Page_KDMC - CMS/input_txtdeal'

2018-05-09 16:33:38 - [MESSAGE][PASSED] - Text '1.0' is set on object 'Object Repository/MOH AND GRN/Page_KDMC - CMS/input_txtdeal'

2018-05-09 16:33:38 - [TEST_STEP][PASSED] - setText: Finding Test Object with id 'Object Repository/MOH AND GRN/Page_KDMC - CMS/input_txtbatchno'

2018-05-09 16:33:38 - [TEST_STEP][PASSED] - Statement - switch (id): Finding Test Object with id 'Object Repository/MOH AND GRN/Page_KDMC - CMS/input_txtmrp'

2018-05-09 16:33:38 - [TEST_STEP][PASSED] - Statement - case 1:: Text 'BA913.0' is set on object 'Object Repository/MOH AND GRN/Page_KDMC - CMS/input_txtbatchno'

2018-05-09 16:33:38 - [TEST_STEP][PASSED] - Statement - return (java.lang.Math.floor((java.lang.Math.random() * ((max - min) + 1))) + min): Text 'BA913.0' is set on object 'Object Repository/MOH AND GRN/Page_KDMC - CMS/input_txtbatchno'

2018-05-09 16:33:39 - [MESSAGE][PASSED] - Text 'BA913.0' is set on object 'Object Repository/MOH AND GRN/Page_KDMC - CMS/input_txtbatchno'

2018-05-09 16:33:39 - [TEST_STEP][PASSED] - rightClick: Object: 'Object Repository/GRN/Page_KDMC - CMS/input_txtexpdate' is right clicked on

2018-05-09 16:33:49 - [MESSAGE][PASSED] - Object: 'Object Repository/GRN/Page_KDMC - CMS/input_txtexpdate' is right clicked on

2018-05-09 16:33:49 - [TEST_STEP][PASSED] - selectOptionByIndex: All options with index in [3] are selected on object 'Object Repository/GRN/Page_KDMC - CMS/select_20182019202020212022202'

2018-05-09 16:33:49 - [MESSAGE][PASSED] - All options with index in [3] are selected on object 'Object Repository/GRN/Page_KDMC - CMS/select_20182019202020212022202'

2018-05-09 16:33:49 - [TEST_STEP][PASSED] - selectOptionByIndex: All options with index in [3] are selected on object 'Object Repository/GRN/Page_KDMC - CMS/select_JanFebMarAprMayJunJulAu'

2018-05-09 16:33:49 - [MESSAGE][PASSED] - All options with index in [3] are selected on object 'Object Repository/GRN/Page_KDMC - CMS/select_JanFebMarAprMayJunJulAu'

2018-05-09 16:33:49 - [TEST_STEP][PASSED] - click: Object: 'Object Repository/MOH AND GRN/Page_KDMC - CMS/a_12' is clicked on

2018-05-09 16:33:50 - [MESSAGE][PASSED] - Object: 'Object Repository/MOH AND GRN/Page_KDMC - CMS/a_12' is clicked on

2018-05-09 16:33:50 - [TEST_STEP][PASSED] - click: Object: 'Object Repository/MOH AND GRN/Page_KDMC - CMS/input_btnadd' is clicked on

2018-05-09 16:33:50 - [MESSAGE][PASSED] - Object: 'Object Repository/MOH AND GRN/Page_KDMC - CMS/input_btnadd' is clicked on

2018-05-09 16:33:50 - [TEST_STEP][PASSED] - Statement - If (s == 10): null

2018-05-09 16:33:50 - [TEST_STEP][PASSED] - Statement - Else: null

2018-05-09 16:33:50 - [TEST_STEP][PASSED] - Statement - (s++): null

2018-05-09 16:33:50 - [TEST_STEP][PASSED] - delay: Delayed 1 second(s)

2018-05-09 16:33:51 - [MESSAGE][PASSED] - Delayed 1 second(s)

2018-05-09 16:33:51 - [TEST_STEP][PASSED] - selectOptionByIndex: All options with index in [74] are selected on object 'Object Repository/MOH AND GRN/Page_KDMC - CMS/select_--Select--Amikacin -500'

2018-05-09 16:33:52 - [MESSAGE][PASSED] - All options with index in [74] are selected on object 'Object Repository/MOH AND GRN/Page_KDMC - CMS/select_--Select--Amikacin -500'

2018-05-09 16:33:52 - [TEST_STEP][PASSED] - setText: Text '5000' is set on object 'Object Repository/MOH AND GRN/Page_KDMC - CMS/input_txtqty'

2018-05-09 16:33:52 - [MESSAGE][PASSED] - Text '5000' is set on object 'Object Repository/MOH AND GRN/Page_KDMC - CMS/input_txtqty'

2018-05-09 16:33:52 - [TEST_STEP][PASSED] - selectOptionByIndex: All options with index in [1] are selected on object 'Object Repository/MOH AND GRN/Page_KDMC - CMS/select_--Select--No Tax0'

2018-05-09 16:33:52 - [MESSAGE][PASSED] - All options with index in [1] are selected on object 'Object Repository/MOH AND GRN/Page_KDMC - CMS/select_--Select--No Tax0'

2018-05-09 16:33:52 - [TEST_STEP][PASSED] - setText: Finding Test Object with id 'Object Repository/MOH AND GRN/Page_KDMC - CMS/input_txtmrp'

2018-05-09 16:33:52 - [TEST_STEP][PASSED] - Statement - switch (id): Finding Test Object with id 'Object Repository/MOH AND GRN/Page_KDMC - CMS/input_txtdeal'

2018-05-09 16:33:52 - [TEST_STEP][PASSED] - Statement - case 4:: Text '16.0' is set on object 'Object Repository/MOH AND GRN/Page_KDMC - CMS/input_txtmrp'

2018-05-09 16:33:52 - [TEST_STEP][PASSED] - Statement - return (java.lang.Math.floor((java.lang.Math.random() * ((max - min) + 1))) + min): Text '16.0' is set on object 'Object Repository/MOH AND GRN/Page_KDMC - CMS/input_txtmrp'

2018-05-09 16:33:52 - [MESSAGE][PASSED] - Text '16.0' is set on object 'Object Repository/MOH AND GRN/Page_KDMC - CMS/input_txtmrp'

2018-05-09 16:33:52 - [TEST_STEP][PASSED] - setText: Finding Test Object with id 'Object Repository/MOH AND GRN/Page_KDMC - CMS/input_txtdeal'

2018-05-09 16:33:52 - [TEST_STEP][PASSED] - Statement - switch (id): Finding Test Object with id 'Object Repository/MOH AND GRN/Page_KDMC - CMS/input_txtbatchno'

2018-05-09 16:33:52 - [TEST_STEP][PASSED] - Statement - case 5:: Text '3.0' is set on object 'Object Repository/MOH AND GRN/Page_KDMC - CMS/input_txtdeal'

2018-05-09 16:33:52 - [TEST_STEP][PASSED] - Statement - return (java.lang.Math.floor((java.lang.Math.random() * ((max - min) + 1))) + min): Text '3.0' is set on object 'Object Repository/MOH AND GRN/Page_KDMC - CMS/input_txtdeal'

2018-05-09 16:33:52 - [MESSAGE][PASSED] - Text '3.0' is set on object 'Object Repository/MOH AND GRN/Page_KDMC - CMS/input_txtdeal'

2018-05-09 16:33:52 - [TEST_STEP][PASSED] - setText: Finding Test Object with id 'Object Repository/MOH AND GRN/Page_KDMC - CMS/input_txtbatchno'

2018-05-09 16:33:52 - [TEST_STEP][PASSED] - Statement - switch (id): Finding Test Object with id 'Object Repository/MOH AND GRN/Page_KDMC - CMS/input_txtmrp'

2018-05-09 16:33:52 - [TEST_STEP][PASSED] - Statement - case 1:: Text 'BA50.0' is set on object 'Object Repository/MOH AND GRN/Page_KDMC - CMS/input_txtbatchno'

2018-05-09 16:33:52 - [TEST_STEP][PASSED] - Statement - return (java.lang.Math.floor((java.lang.Math.random() * ((max - min) + 1))) + min): Text 'BA50.0' is set on object 'Object Repository/MOH AND GRN/Page_KDMC - CMS/input_txtbatchno'

2018-05-09 16:33:52 - [MESSAGE][PASSED] - Text 'BA50.0' is set on object 'Object Repository/MOH AND GRN/Page_KDMC - CMS/input_txtbatchno'

2018-05-09 16:33:52 - [TEST_STEP][PASSED] - rightClick: Object: 'Object Repository/GRN/Page_KDMC - CMS/input_txtexpdate' is right clicked on

2018-05-09 16:34:02 - [MESSAGE][PASSED] - Object: 'Object Repository/GRN/Page_KDMC - CMS/input_txtexpdate' is right clicked on

2018-05-09 16:34:02 - [TEST_STEP][PASSED] - selectOptionByIndex: All options with index in [4] are selected on object 'Object Repository/GRN/Page_KDMC - CMS/select_20182019202020212022202'

2018-05-09 16:34:03 - [MESSAGE][PASSED] - All options with index in [4] are selected on object 'Object Repository/GRN/Page_KDMC - CMS/select_20182019202020212022202'

2018-05-09 16:34:03 - [TEST_STEP][PASSED] - selectOptionByIndex: All options with index in [4] are selected on object 'Object Repository/GRN/Page_KDMC - CMS/select_JanFebMarAprMayJunJulAu'

2018-05-09 16:34:03 - [MESSAGE][PASSED] - All options with index in [4] are selected on object 'Object Repository/GRN/Page_KDMC - CMS/select_JanFebMarAprMayJunJulAu'

2018-05-09 16:34:03 - [TEST_STEP][PASSED] - click: Object: 'Object Repository/MOH AND GRN/Page_KDMC - CMS/a_12' is clicked on

2018-05-09 16:34:08 - [MESSAGE][PASSED] - Object: 'Object Repository/MOH AND GRN/Page_KDMC - CMS/a_12' is clicked on

2018-05-09 16:34:08 - [TEST_STEP][PASSED] - click: Object: 'Object Repository/MOH AND GRN/Page_KDMC - CMS/input_btnadd' is clicked on

2018-05-09 16:34:13 - [MESSAGE][PASSED] - Object: 'Object Repository/MOH AND GRN/Page_KDMC - CMS/input_btnadd' is clicked on

2018-05-09 16:34:13 - [TEST_STEP][PASSED] - Statement - If (s == 10): null

2018-05-09 16:34:13 - [TEST_STEP][PASSED] - Statement - Else: null

2018-05-09 16:34:13 - [TEST_STEP][PASSED] - Statement - (s++): null

2018-05-09 16:34:13 - [TEST_STEP][PASSED] - delay: Delayed 1 second(s)

2018-05-09 16:34:14 - [MESSAGE][PASSED] - Delayed 1 second(s)

2018-05-09 16:34:14 - [TEST_STEP][PASSED] - selectOptionByIndex: All options with index in [75] are selected on object 'Object Repository/MOH AND GRN/Page_KDMC - CMS/select_--Select--Amikacin -500'

2018-05-09 16:34:15 - [MESSAGE][PASSED] - All options with index in [75] are selected on object 'Object Repository/MOH AND GRN/Page_KDMC - CMS/select_--Select--Amikacin -500'

2018-05-09 16:34:15 - [TEST_STEP][PASSED] - setText: Text '5000' is set on object 'Object Repository/MOH AND GRN/Page_KDMC - CMS/input_txtqty'

2018-05-09 16:34:15 - [MESSAGE][PASSED] - Text '5000' is set on object 'Object Repository/MOH AND GRN/Page_KDMC - CMS/input_txtqty'

2018-05-09 16:34:15 - [TEST_STEP][PASSED] - selectOptionByIndex: All options with index in [1] are selected on object 'Object Repository/MOH AND GRN/Page_KDMC - CMS/select_--Select--No Tax0'

2018-05-09 16:34:15 - [MESSAGE][PASSED] - All options with index in [1] are selected on object 'Object Repository/MOH AND GRN/Page_KDMC - CMS/select_--Select--No Tax0'

2018-05-09 16:34:15 - [TEST_STEP][PASSED] - setText: Finding Test Object with id 'Object Repository/MOH AND GRN/Page_KDMC - CMS/input_txtmrp'

2018-05-09 16:34:15 - [TEST_STEP][PASSED] - Statement - switch (id): Finding Test Object with id 'Object Repository/MOH AND GRN/Page_KDMC - CMS/input_txtdeal'

2018-05-09 16:34:15 - [TEST_STEP][PASSED] - Statement - case 4:: Text '34.0' is set on object 'Object Repository/MOH AND GRN/Page_KDMC - CMS/input_txtmrp'

2018-05-09 16:34:15 - [TEST_STEP][PASSED] - Statement - return (java.lang.Math.floor((java.lang.Math.random() * ((max - min) + 1))) + min): Text '34.0' is set on object 'Object Repository/MOH AND GRN/Page_KDMC - CMS/input_txtmrp'

2018-05-09 16:34:15 - [MESSAGE][PASSED] - Text '34.0' is set on object 'Object Repository/MOH AND GRN/Page_KDMC - CMS/input_txtmrp'

2018-05-09 16:34:15 - [TEST_STEP][PASSED] - setText: Finding Test Object with id 'Object Repository/MOH AND GRN/Page_KDMC - CMS/input_txtdeal'

2018-05-09 16:34:15 - [TEST_STEP][PASSED] - Statement - switch (id): Finding Test Object with id 'Object Repository/MOH AND GRN/Page_KDMC - CMS/input_txtbatchno'

2018-05-09 16:34:15 - [TEST_STEP][PASSED] - Statement - case 5:: Text '2.0' is set on object 'Object Repository/MOH AND GRN/Page_KDMC - CMS/input_txtdeal'

2018-05-09 16:34:15 - [TEST_STEP][PASSED] - Statement - return (java.lang.Math.floor((java.lang.Math.random() * ((max - min) + 1))) + min): Text '2.0' is set on object 'Object Repository/MOH AND GRN/Page_KDMC - CMS/input_txtdeal'

2018-05-09 16:34:15 - [MESSAGE][PASSED] - Text '2.0' is set on object 'Object Repository/MOH AND GRN/Page_KDMC - CMS/input_txtdeal'

2018-05-09 16:34:15 - [TEST_STEP][PASSED] - setText: Finding Test Object with id 'Object Repository/MOH AND GRN/Page_KDMC - CMS/input_txtbatchno'

2018-05-09 16:34:15 - [TEST_STEP][PASSED] - Statement - switch (id): Finding Test Object with id 'Object Repository/MOH AND GRN/Page_KDMC - CMS/input_txtmrp'

2018-05-09 16:34:15 - [TEST_STEP][PASSED] - Statement - case 1:: Text 'BA106.0' is set on object 'Object Repository/MOH AND GRN/Page_KDMC - CMS/input_txtbatchno'

2018-05-09 16:34:15 - [TEST_STEP][PASSED] - Statement - return (java.lang.Math.floor((java.lang.Math.random() * ((max - min) + 1))) + min): Text 'BA106.0' is set on object 'Object Repository/MOH AND GRN/Page_KDMC - CMS/input_txtbatchno'

2018-05-09 16:34:15 - [MESSAGE][PASSED] - Text 'BA106.0' is set on object 'Object Repository/MOH AND GRN/Page_KDMC - CMS/input_txtbatchno'

2018-05-09 16:34:15 - [TEST_STEP][PASSED] - rightClick: Object: 'Object Repository/GRN/Page_KDMC - CMS/input_txtexpdate' is right clicked on

2018-05-09 16:34:25 - [MESSAGE][PASSED] - Object: 'Object Repository/GRN/Page_KDMC - CMS/input_txtexpdate' is right clicked on

2018-05-09 16:34:25 - [TEST_STEP][PASSED] - selectOptionByIndex: All options with index in [5] are selected on object 'Object Repository/GRN/Page_KDMC - CMS/select_20182019202020212022202'

2018-05-09 16:34:26 - [MESSAGE][PASSED] - All options with index in [5] are selected on object 'Object Repository/GRN/Page_KDMC - CMS/select_20182019202020212022202'

2018-05-09 16:34:26 - [TEST_STEP][PASSED] - selectOptionByIndex: All options with index in [5] are selected on object 'Object Repository/GRN/Page_KDMC - CMS/select_JanFebMarAprMayJunJulAu'

2018-05-09 16:34:26 - [MESSAGE][PASSED] - All options with index in [5] are selected on object 'Object Repository/GRN/Page_KDMC - CMS/select_JanFebMarAprMayJunJulAu'

2018-05-09 16:34:26 - [TEST_STEP][PASSED] - click: Object: 'Object Repository/MOH AND GRN/Page_KDMC - CMS/a_12' is clicked on

2018-05-09 16:34:31 - [MESSAGE][PASSED] - Object: 'Object Repository/MOH AND GRN/Page_KDMC - CMS/a_12' is clicked on

2018-05-09 16:34:31 - [TEST_STEP][PASSED] - click: Object: 'Object Repository/MOH AND GRN/Page_KDMC - CMS/input_btnadd' is clicked on

2018-05-09 16:34:36 - [MESSAGE][PASSED] - Object: 'Object Repository/MOH AND GRN/Page_KDMC - CMS/input_btnadd' is clicked on

2018-05-09 16:34:36 - [TEST_STEP][PASSED] - Statement - If (s == 10): null

2018-05-09 16:34:36 - [TEST_STEP][PASSED] - Statement - Else: null

2018-05-09 16:34:36 - [TEST_STEP][PASSED] - Statement - (s++): null

2018-05-09 16:34:36 - [TEST_STEP][PASSED] - delay: Delayed 1 second(s)

2018-05-09 16:34:37 - [MESSAGE][PASSED] - Delayed 1 second(s)

2018-05-09 16:34:37 - [TEST_STEP][PASSED] - selectOptionByIndex: All options with index in [76] are selected on object 'Object Repository/MOH AND GRN/Page_KDMC - CMS/select_--Select--Amikacin -500'

2018-05-09 16:34:38 - [MESSAGE][PASSED] - All options with index in [76] are selected on object 'Object Repository/MOH AND GRN/Page_KDMC - CMS/select_--Select--Amikacin -500'

2018-05-09 16:34:38 - [TEST_STEP][PASSED] - setText: Text '5000' is set on object 'Object Repository/MOH AND GRN/Page_KDMC - CMS/input_txtqty'

2018-05-09 16:34:38 - [MESSAGE][PASSED] - Text '5000' is set on object 'Object Repository/MOH AND GRN/Page_KDMC - CMS/input_txtqty'

2018-05-09 16:34:38 - [TEST_STEP][PASSED] - selectOptionByIndex: All options with index in [1] are selected on object 'Object Repository/MOH AND GRN/Page_KDMC - CMS/select_--Select--No Tax0'

2018-05-09 16:34:38 - [MESSAGE][PASSED] - All options with index in [1] are selected on object 'Object Repository/MOH AND GRN/Page_KDMC - CMS/select_--Select--No Tax0'

2018-05-09 16:34:38 - [TEST_STEP][PASSED] - setText: Finding Test Object with id 'Object Repository/MOH AND GRN/Page_KDMC - CMS/input_txtmrp'

2018-05-09 16:34:38 - [TEST_STEP][PASSED] - Statement - switch (id): Finding Test Object with id 'Object Repository/MOH AND GRN/Page_KDMC - CMS/input_txtdeal'

2018-05-09 16:34:38 - [TEST_STEP][PASSED] - Statement - case 4:: Text '44.0' is set on object 'Object Repository/MOH AND GRN/Page_KDMC - CMS/input_txtmrp'

2018-05-09 16:34:38 - [TEST_STEP][PASSED] - Statement - return (java.lang.Math.floor((java.lang.Math.random() * ((max - min) + 1))) + min): Text '44.0' is set on object 'Object Repository/MOH AND GRN/Page_KDMC - CMS/input_txtmrp'

2018-05-09 16:34:38 - [MESSAGE][PASSED] - Text '44.0' is set on object 'Object Repository/MOH AND GRN/Page_KDMC - CMS/input_txtmrp'

2018-05-09 16:34:38 - [TEST_STEP][PASSED] - setText: Finding Test Object with id 'Object Repository/MOH AND GRN/Page_KDMC - CMS/input_txtdeal'

2018-05-09 16:34:38 - [TEST_STEP][PASSED] - Statement - switch (id): Finding Test Object with id 'Object Repository/MOH AND GRN/Page_KDMC - CMS/input_txtbatchno'

2018-05-09 16:34:38 - [TEST_STEP][PASSED] - Statement - case 5:: Text '7.0' is set on object 'Object Repository/MOH AND GRN/Page_KDMC - CMS/input_txtdeal'

2018-05-09 16:34:38 - [TEST_STEP][PASSED] - Statement - return (java.lang.Math.floor((java.lang.Math.random() * ((max - min) + 1))) + min): Text '7.0' is set on object 'Object Repository/MOH AND GRN/Page_KDMC - CMS/input_txtdeal'

2018-05-09 16:34:38 - [MESSAGE][PASSED] - Text '7.0' is set on object 'Object Repository/MOH AND GRN/Page_KDMC - CMS/input_txtdeal'

2018-05-09 16:34:38 - [TEST_STEP][PASSED] - setText: Finding Test Object with id 'Object Repository/MOH AND GRN/Page_KDMC - CMS/input_txtbatchno'

2018-05-09 16:34:38 - [TEST_STEP][PASSED] - Statement - switch (id): Finding Test Object with id 'Object Repository/MOH AND GRN/Page_KDMC - CMS/input_txtmrp'

2018-05-09 16:34:38 - [TEST_STEP][PASSED] - Statement - case 1:: Text 'BA397.0' is set on object 'Object Repository/MOH AND GRN/Page_KDMC - CMS/input_txtbatchno'

2018-05-09 16:34:38 - [TEST_STEP][PASSED] - Statement - return (java.lang.Math.floor((java.lang.Math.random() * ((max - min) + 1))) + min): Text 'BA397.0' is set on object 'Object Repository/MOH AND GRN/Page_KDMC - CMS/input_txtbatchno'

2018-05-09 16:34:38 - [MESSAGE][PASSED] - Text 'BA397.0' is set on object 'Object Repository/MOH AND GRN/Page_KDMC - CMS/input_txtbatchno'

2018-05-09 16:34:38 - [TEST_STEP][PASSED] - rightClick: Object: 'Object Repository/GRN/Page_KDMC - CMS/input_txtexpdate' is right clicked on

2018-05-09 16:34:49 - [MESSAGE][PASSED] - Object: 'Object Repository/GRN/Page_KDMC - CMS/input_txtexpdate' is right clicked on

2018-05-09 16:34:49 - [TEST_STEP][PASSED] - selectOptionByIndex: All options with index in [6] are selected on object 'Object Repository/GRN/Page_KDMC - CMS/select_20182019202020212022202'

2018-05-09 16:34:49 - [MESSAGE][PASSED] - All options with index in [6] are selected on object 'Object Repository/GRN/Page_KDMC - CMS/select_20182019202020212022202'

2018-05-09 16:34:49 - [TEST_STEP][PASSED] - selectOptionByIndex: All options with index in [6] are selected on object 'Object Repository/GRN/Page_KDMC - CMS/select_JanFebMarAprMayJunJulAu'

2018-05-09 16:34:49 - [MESSAGE][PASSED] - All options with index in [6] are selected on object 'Object Repository/GRN/Page_KDMC - CMS/select_JanFebMarAprMayJunJulAu'

2018-05-09 16:34:49 - [TEST_STEP][PASSED] - click: Object: 'Object Repository/MOH AND GRN/Page_KDMC - CMS/a_12' is clicked on

2018-05-09 16:34:54 - [MESSAGE][PASSED] - Object: 'Object Repository/MOH AND GRN/Page_KDMC - CMS/a_12' is clicked on

2018-05-09 16:34:54 - [TEST_STEP][PASSED] - click: Object: 'Object Repository/MOH AND GRN/Page_KDMC - CMS/input_btnadd' is clicked on

2018-05-09 16:34:59 - [MESSAGE][PASSED] - Object: 'Object Repository/MOH AND GRN/Page_KDMC - CMS/input_btnadd' is clicked on

2018-05-09 16:34:59 - [TEST_STEP][PASSED] - Statement - If (s == 10): null

2018-05-09 16:34:59 - [TEST_STEP][PASSED] - Statement - Else: null

2018-05-09 16:34:59 - [TEST_STEP][PASSED] - Statement - (s++): null

2018-05-09 16:34:59 - [TEST_STEP][PASSED] - delay: Delayed 1 second(s)

2018-05-09 16:35:00 - [MESSAGE][PASSED] - Delayed 1 second(s)

2018-05-09 16:35:00 - [TEST_STEP][PASSED] - selectOptionByIndex: All options with index in [77] are selected on object 'Object Repository/MOH AND GRN/Page_KDMC - CMS/select_--Select--Amikacin -500'

2018-05-09 16:35:01 - [MESSAGE][PASSED] - All options with index in [77] are selected on object 'Object Repository/MOH AND GRN/Page_KDMC - CMS/select_--Select--Amikacin -500'

2018-05-09 16:35:01 - [TEST_STEP][PASSED] - setText: Text '5000' is set on object 'Object Repository/MOH AND GRN/Page_KDMC - CMS/input_txtqty'

2018-05-09 16:35:01 - [MESSAGE][PASSED] - Text '5000' is set on object 'Object Repository/MOH AND GRN/Page_KDMC - CMS/input_txtqty'

2018-05-09 16:35:01 - [TEST_STEP][PASSED] - selectOptionByIndex: All options with index in [1] are selected on object 'Object Repository/MOH AND GRN/Page_KDMC - CMS/select_--Select--No Tax0'

2018-05-09 16:35:01 - [MESSAGE][PASSED] - All options with index in [1] are selected on object 'Object Repository/MOH AND GRN/Page_KDMC - CMS/select_--Select--No Tax0'

2018-05-09 16:35:01 - [TEST_STEP][PASSED] - setText: Finding Test Object with id 'Object Repository/MOH AND GRN/Page_KDMC - CMS/input_txtmrp'

2018-05-09 16:35:01 - [TEST_STEP][PASSED] - Statement - switch (id): Finding Test Object with id 'Object Repository/MOH AND GRN/Page_KDMC - CMS/input_txtdeal'

2018-05-09 16:35:01 - [TEST_STEP][PASSED] - Statement - case 4:: Text '18.0' is set on object 'Object Repository/MOH AND GRN/Page_KDMC - CMS/input_txtmrp'

2018-05-09 16:35:01 - [TEST_STEP][PASSED] - Statement - return (java.lang.Math.floor((java.lang.Math.random() * ((max - min) + 1))) + min): Text '18.0' is set on object 'Object Repository/MOH AND GRN/Page_KDMC - CMS/input_txtmrp'

2018-05-09 16:35:01 - [MESSAGE][PASSED] - Text '18.0' is set on object 'Object Repository/MOH AND GRN/Page_KDMC - CMS/input_txtmrp'

2018-05-09 16:35:01 - [TEST_STEP][PASSED] - setText: Finding Test Object with id 'Object Repository/MOH AND GRN/Page_KDMC - CMS/input_txtdeal'

2018-05-09 16:35:01 - [TEST_STEP][PASSED] - Statement - switch (id): Finding Test Object with id 'Object Repository/MOH AND GRN/Page_KDMC - CMS/input_txtbatchno'

2018-05-09 16:35:01 - [TEST_STEP][PASSED] - Statement - case 5:: Text '6.0' is set on object 'Object Repository/MOH AND GRN/Page_KDMC - CMS/input_txtdeal'

2018-05-09 16:35:01 - [TEST_STEP][PASSED] - Statement - return (java.lang.Math.floor((java.lang.Math.random() * ((max - min) + 1))) + min): Text '6.0' is set on object 'Object Repository/MOH AND GRN/Page_KDMC - CMS/input_txtdeal'

2018-05-09 16:35:01 - [MESSAGE][PASSED] - Text '6.0' is set on object 'Object Repository/MOH AND GRN/Page_KDMC - CMS/input_txtdeal'

2018-05-09 16:35:01 - [TEST_STEP][PASSED] - setText: Finding Test Object with id 'Object Repository/MOH AND GRN/Page_KDMC - CMS/input_txtbatchno'

2018-05-09 16:35:01 - [TEST_STEP][PASSED] - Statement - switch (id): Finding Test Object with id 'Object Repository/MOH AND GRN/Page_KDMC - CMS/input_txtmrp'

2018-05-09 16:35:01 - [TEST_STEP][PASSED] - Statement - case 1:: Text 'BA26.0' is set on object 'Object Repository/MOH AND GRN/Page_KDMC - CMS/input_txtbatchno'

2018-05-09 16:35:01 - [TEST_STEP][PASSED] - Statement - return (java.lang.Math.floor((java.lang.Math.random() * ((max - min) + 1))) + min): Text 'BA26.0' is set on object 'Object Repository/MOH AND GRN/Page_KDMC - CMS/input_txtbatchno'

2018-05-09 16:35:02 - [MESSAGE][PASSED] - Text 'BA26.0' is set on object 'Object Repository/MOH AND GRN/Page_KDMC - CMS/input_txtbatchno'

2018-05-09 16:35:02 - [TEST_STEP][PASSED] - rightClick: Object: 'Object Repository/GRN/Page_KDMC - CMS/input_txtexpdate' is right clicked on

2018-05-09 16:35:12 - [MESSAGE][PASSED] - Object: 'Object Repository/GRN/Page_KDMC - CMS/input_txtexpdate' is right clicked on

2018-05-09 16:35:12 - [TEST_STEP][PASSED] - selectOptionByIndex: All options with index in [7] are selected on object 'Object Repository/GRN/Page_KDMC - CMS/select_20182019202020212022202'

2018-05-09 16:35:12 - [MESSAGE][PASSED] - All options with index in [7] are selected on object 'Object Repository/GRN/Page_KDMC - CMS/select_20182019202020212022202'

2018-05-09 16:35:12 - [TEST_STEP][PASSED] - selectOptionByIndex: All options with index in [7] are selected on object 'Object Repository/GRN/Page_KDMC - CMS/select_JanFebMarAprMayJunJulAu'

2018-05-09 16:35:12 - [MESSAGE][PASSED] - All options with index in [7] are selected on object 'Object Repository/GRN/Page_KDMC - CMS/select_JanFebMarAprMayJunJulAu'

2018-05-09 16:35:12 - [TEST_STEP][PASSED] - click: Object: 'Object Repository/MOH AND GRN/Page_KDMC - CMS/a_12' is clicked on

2018-05-09 16:35:17 - [MESSAGE][PASSED] - Object: 'Object Repository/MOH AND GRN/Page_KDMC - CMS/a_12' is clicked on

2018-05-09 16:35:17 - [TEST_STEP][PASSED] - click: Object: 'Object Repository/MOH AND GRN/Page_KDMC - CMS/input_btnadd' is clicked on

2018-05-09 16:35:22 - [MESSAGE][PASSED] - Object: 'Object Repository/MOH AND GRN/Page_KDMC - CMS/input_btnadd' is clicked on

2018-05-09 16:35:22 - [TEST_STEP][PASSED] - Statement - If (s == 10): null

2018-05-09 16:35:22 - [TEST_STEP][PASSED] - Statement - Else: null

2018-05-09 16:35:22 - [TEST_STEP][PASSED] - Statement - (s++): null

2018-05-09 16:35:22 - [TEST_STEP][PASSED] - delay: Delayed 1 second(s)

2018-05-09 16:35:23 - [MESSAGE][PASSED] - Delayed 1 second(s)

2018-05-09 16:35:23 - [TEST_STEP][PASSED] - selectOptionByIndex: All options with index in [78] are selected on object 'Object Repository/MOH AND GRN/Page_KDMC - CMS/select_--Select--Amikacin -500'

2018-05-09 16:35:24 - [MESSAGE][PASSED] - All options with index in [78] are selected on object 'Object Repository/MOH AND GRN/Page_KDMC - CMS/select_--Select--Amikacin -500'

2018-05-09 16:35:24 - [TEST_STEP][PASSED] - setText: Text '5000' is set on object 'Object Repository/MOH AND GRN/Page_KDMC - CMS/input_txtqty'

2018-05-09 16:35:24 - [MESSAGE][PASSED] - Text '5000' is set on object 'Object Repository/MOH AND GRN/Page_KDMC - CMS/input_txtqty'

2018-05-09 16:35:24 - [TEST_STEP][PASSED] - selectOptionByIndex: All options with index in [1] are selected on object 'Object Repository/MOH AND GRN/Page_KDMC - CMS/select_--Select--No Tax0'

2018-05-09 16:35:24 - [MESSAGE][PASSED] - All options with index in [1] are selected on object 'Object Repository/MOH AND GRN/Page_KDMC - CMS/select_--Select--No Tax0'

2018-05-09 16:35:24 - [TEST_STEP][PASSED] - setText: Finding Test Object with id 'Object Repository/MOH AND GRN/Page_KDMC - CMS/input_txtmrp'

2018-05-09 16:35:24 - [TEST_STEP][PASSED] - Statement - switch (id): Finding Test Object with id 'Object Repository/MOH AND GRN/Page_KDMC - CMS/input_txtdeal'

2018-05-09 16:35:24 - [TEST_STEP][PASSED] - Statement - case 4:: Text '34.0' is set on object 'Object Repository/MOH AND GRN/Page_KDMC - CMS/input_txtmrp'

2018-05-09 16:35:24 - [TEST_STEP][PASSED] - Statement - return (java.lang.Math.floor((java.lang.Math.random() * ((max - min) + 1))) + min): Text '34.0' is set on object 'Object Repository/MOH AND GRN/Page_KDMC - CMS/input_txtmrp'

2018-05-09 16:35:25 - [MESSAGE][PASSED] - Text '34.0' is set on object 'Object Repository/MOH AND GRN/Page_KDMC - CMS/input_txtmrp'

2018-05-09 16:35:25 - [TEST_STEP][PASSED] - setText: Finding Test Object with id 'Object Repository/MOH AND GRN/Page_KDMC - CMS/input_txtdeal'

2018-05-09 16:35:25 - [TEST_STEP][PASSED] - Statement - switch (id): Finding Test Object with id 'Object Repository/MOH AND GRN/Page_KDMC - CMS/input_txtbatchno'

2018-05-09 16:35:25 - [TEST_STEP][PASSED] - Statement - case 5:: Text '6.0' is set on object 'Object Repository/MOH AND GRN/Page_KDMC - CMS/input_txtdeal'

2018-05-09 16:35:25 - [TEST_STEP][PASSED] - Statement - return (java.lang.Math.floor((java.lang.Math.random() * ((max - min) + 1))) + min): Text '6.0' is set on object 'Object Repository/MOH AND GRN/Page_KDMC - CMS/input_txtdeal'

2018-05-09 16:35:25 - [MESSAGE][PASSED] - Text '6.0' is set on object 'Object Repository/MOH AND GRN/Page_KDMC - CMS/input_txtdeal'

2018-05-09 16:35:25 - [TEST_STEP][PASSED] - setText: Finding Test Object with id 'Object Repository/MOH AND GRN/Page_KDMC - CMS/input_txtbatchno'

2018-05-09 16:35:25 - [TEST_STEP][PASSED] - Statement - switch (id): Finding Test Object with id 'Object Repository/MOH AND GRN/Page_KDMC - CMS/input_txtmrp'

2018-05-09 16:35:25 - [TEST_STEP][PASSED] - Statement - case 1:: Text 'BA648.0' is set on object 'Object Repository/MOH AND GRN/Page_KDMC - CMS/input_txtbatchno'

2018-05-09 16:35:25 - [TEST_STEP][PASSED] - Statement - return (java.lang.Math.floor((java.lang.Math.random() * ((max - min) + 1))) + min): Text 'BA648.0' is set on object 'Object Repository/MOH AND GRN/Page_KDMC - CMS/input_txtbatchno'

2018-05-09 16:35:25 - [MESSAGE][PASSED] - Text 'BA648.0' is set on object 'Object Repository/MOH AND GRN/Page_KDMC - CMS/input_txtbatchno'

2018-05-09 16:35:25 - [TEST_STEP][PASSED] - rightClick: Object: 'Object Repository/GRN/Page_KDMC - CMS/input_txtexpdate' is right clicked on

2018-05-09 16:35:35 - [MESSAGE][PASSED] - Object: 'Object Repository/GRN/Page_KDMC - CMS/input_txtexpdate' is right clicked on

2018-05-09 16:35:35 - [TEST_STEP][PASSED] - selectOptionByIndex: All options with index in [8] are selected on object 'Object Repository/GRN/Page_KDMC - CMS/select_20182019202020212022202'

2018-05-09 16:35:35 - [MESSAGE][PASSED] - All options with index in [8] are selected on object 'Object Repository/GRN/Page_KDMC - CMS/select_20182019202020212022202'

2018-05-09 16:35:35 - [TEST_STEP][PASSED] - selectOptionByIndex: All options with index in [8] are selected on object 'Object Repository/GRN/Page_KDMC - CMS/select_JanFebMarAprMayJunJulAu'

2018-05-09 16:35:35 - [MESSAGE][PASSED] - All options with index in [8] are selected on object 'Object Repository/GRN/Page_KDMC - CMS/select_JanFebMarAprMayJunJulAu'

2018-05-09 16:35:35 - [TEST_STEP][PASSED] - click: Object: 'Object Repository/MOH AND GRN/Page_KDMC - CMS/a_12' is clicked on

2018-05-09 16:35:40 - [MESSAGE][PASSED] - Object: 'Object Repository/MOH AND GRN/Page_KDMC - CMS/a_12' is clicked on

2018-05-09 16:35:40 - [TEST_STEP][PASSED] - click: Object: 'Object Repository/MOH AND GRN/Page_KDMC - CMS/input_btnadd' is clicked on

2018-05-09 16:35:45 - [MESSAGE][PASSED] - Object: 'Object Repository/MOH AND GRN/Page_KDMC - CMS/input_btnadd' is clicked on

2018-05-09 16:35:45 - [TEST_STEP][PASSED] - Statement - If (s == 10): null

2018-05-09 16:35:45 - [TEST_STEP][PASSED] - Statement - Else: null

2018-05-09 16:35:45 - [TEST_STEP][PASSED] - Statement - (s++): null

2018-05-09 16:35:45 - [TEST_STEP][PASSED] - delay: Delayed 1 second(s)

2018-05-09 16:35:46 - [MESSAGE][PASSED] - Delayed 1 second(s)

2018-05-09 16:35:46 - [TEST_STEP][PASSED] - selectOptionByIndex: All options with index in [79] are selected on object 'Object Repository/MOH AND GRN/Page_KDMC - CMS/select_--Select--Amikacin -500'

2018-05-09 16:35:47 - [MESSAGE][PASSED] - All options with index in [79] are selected on object 'Object Repository/MOH AND GRN/Page_KDMC - CMS/select_--Select--Amikacin -500'

2018-05-09 16:35:47 - [TEST_STEP][PASSED] - setText: Text '5000' is set on object 'Object Repository/MOH AND GRN/Page_KDMC - CMS/input_txtqty'

2018-05-09 16:35:47 - [MESSAGE][PASSED] - Text '5000' is set on object 'Object Repository/MOH AND GRN/Page_KDMC - CMS/input_txtqty'

2018-05-09 16:35:47 - [TEST_STEP][PASSED] - selectOptionByIndex: All options with index in [1] are selected on object 'Object Repository/MOH AND GRN/Page_KDMC - CMS/select_--Select--No Tax0'

2018-05-09 16:35:48 - [MESSAGE][PASSED] - All options with index in [1] are selected on object 'Object Repository/MOH AND GRN/Page_KDMC - CMS/select_--Select--No Tax0'

2018-05-09 16:35:48 - [TEST_STEP][PASSED] - setText: Finding Test Object with id 'Object Repository/MOH AND GRN/Page_KDMC - CMS/input_txtmrp'

2018-05-09 16:35:48 - [TEST_STEP][PASSED] - Statement - switch (id): Finding Test Object with id 'Object Repository/MOH AND GRN/Page_KDMC - CMS/input_txtdeal'

2018-05-09 16:35:48 - [TEST_STEP][PASSED] - Statement - case 4:: Text '27.0' is set on object 'Object Repository/MOH AND GRN/Page_KDMC - CMS/input_txtmrp'

2018-05-09 16:35:48 - [TEST_STEP][PASSED] - Statement - return (java.lang.Math.floor((java.lang.Math.random() * ((max - min) + 1))) + min): Text '27.0' is set on object 'Object Repository/MOH AND GRN/Page_KDMC - CMS/input_txtmrp'

2018-05-09 16:35:48 - [MESSAGE][PASSED] - Text '27.0' is set on object 'Object Repository/MOH AND GRN/Page_KDMC - CMS/input_txtmrp'

2018-05-09 16:35:48 - [TEST_STEP][PASSED] - setText: Finding Test Object with id 'Object Repository/MOH AND GRN/Page_KDMC - CMS/input_txtdeal'

2018-05-09 16:35:48 - [TEST_STEP][PASSED] - Statement - switch (id): Finding Test Object with id 'Object Repository/MOH AND GRN/Page_KDMC - CMS/input_txtbatchno'

2018-05-09 16:35:48 - [TEST_STEP][PASSED] - Statement - case 5:: Text '11.0' is set on object 'Object Repository/MOH AND GRN/Page_KDMC - CMS/input_txtdeal'

2018-05-09 16:35:48 - [TEST_STEP][PASSED] - Statement - return (java.lang.Math.floor((java.lang.Math.random() * ((max - min) + 1))) + min): Text '11.0' is set on object 'Object Repository/MOH AND GRN/Page_KDMC - CMS/input_txtdeal'

2018-05-09 16:35:48 - [MESSAGE][PASSED] - Text '11.0' is set on object 'Object Repository/MOH AND GRN/Page_KDMC - CMS/input_txtdeal'

2018-05-09 16:35:48 - [TEST_STEP][PASSED] - setText: Finding Test Object with id 'Object Repository/MOH AND GRN/Page_KDMC - CMS/input_txtbatchno'

2018-05-09 16:35:48 - [TEST_STEP][PASSED] - Statement - switch (id): Finding Test Object with id 'Object Repository/MOH AND GRN/Page_KDMC - CMS/input_txtmrp'

2018-05-09 16:35:48 - [TEST_STEP][PASSED] - Statement - case 1:: Text 'BA480.0' is set on object 'Object Repository/MOH AND GRN/Page_KDMC - CMS/input_txtbatchno'

2018-05-09 16:35:48 - [TEST_STEP][PASSED] - Statement - return (java.lang.Math.floor((java.lang.Math.random() * ((max - min) + 1))) + min): Text 'BA480.0' is set on object 'Object Repository/MOH AND GRN/Page_KDMC - CMS/input_txtbatchno'

2018-05-09 16:35:48 - [MESSAGE][PASSED] - Text 'BA480.0' is set on object 'Object Repository/MOH AND GRN/Page_KDMC - CMS/input_txtbatchno'

2018-05-09 16:35:48 - [TEST_STEP][PASSED] - rightClick: Object: 'Object Repository/GRN/Page_KDMC - CMS/input_txtexpdate' is right clicked on

2018-05-09 16:35:48 - [MESSAGE][PASSED] - Object: 'Object Repository/GRN/Page_KDMC - CMS/input_txtexpdate' is right clicked on

2018-05-09 16:35:48 - [TEST_STEP][PASSED] - selectOptionByIndex: All options with index in [9] are selected on object 'Object Repository/GRN/Page_KDMC - CMS/select_20182019202020212022202'

2018-05-09 16:35:48 - [MESSAGE][PASSED] - All options with index in [9] are selected on object 'Object Repository/GRN/Page_KDMC - CMS/select_20182019202020212022202'

2018-05-09 16:35:48 - [TEST_STEP][PASSED] - selectOptionByIndex: All options with index in [9] are selected on object 'Object Repository/GRN/Page_KDMC - CMS/select_JanFebMarAprMayJunJulAu'

2018-05-09 16:35:49 - [MESSAGE][PASSED] - All options with index in [9] are selected on object 'Object Repository/GRN/Page_KDMC - CMS/select_JanFebMarAprMayJunJulAu'

2018-05-09 16:35:49 - [TEST_STEP][PASSED] - click: Object: 'Object Repository/MOH AND GRN/Page_KDMC - CMS/a_12' is clicked on

2018-05-09 16:35:49 - [MESSAGE][PASSED] - Object: 'Object Repository/MOH AND GRN/Page_KDMC - CMS/a_12' is clicked on

2018-05-09 16:35:49 - [TEST_STEP][PASSED] - click: Object: 'Object Repository/MOH AND GRN/Page_KDMC - CMS/input_btnadd' is clicked on

2018-05-09 16:35:49 - [MESSAGE][PASSED] - Object: 'Object Repository/MOH AND GRN/Page_KDMC - CMS/input_btnadd' is clicked on

2018-05-09 16:35:49 - [TEST_STEP][PASSED] - Statement - If (s == 10): null

2018-05-09 16:35:49 - [TEST_STEP][PASSED] - Statement - Else: null

2018-05-09 16:35:49 - [TEST_STEP][PASSED] - Statement - (s++): null

2018-05-09 16:35:49 - [TEST_STEP][PASSED] - delay: Delayed 1 second(s)

2018-05-09 16:35:50 - [MESSAGE][PASSED] - Delayed 1 second(s)

2018-05-09 16:35:50 - [TEST_STEP][PASSED] - selectOptionByIndex: All options with index in [80] are selected on object 'Object Repository/MOH AND GRN/Page_KDMC - CMS/select_--Select--Amikacin -500'

2018-05-09 16:35:51 - [MESSAGE][PASSED] - All options with index in [80] are selected on object 'Object Repository/MOH AND GRN/Page_KDMC - CMS/select_--Select--Amikacin -500'

2018-05-09 16:35:51 - [TEST_STEP][PASSED] - setText: Text '5000' is set on object 'Object Repository/MOH AND GRN/Page_KDMC - CMS/input_txtqty'

2018-05-09 16:35:51 - [MESSAGE][PASSED] - Text '5000' is set on object 'Object Repository/MOH AND GRN/Page_KDMC - CMS/input_txtqty'

2018-05-09 16:35:51 - [TEST_STEP][PASSED] - selectOptionByIndex: All options with index in [1] are selected on object 'Object Repository/MOH AND GRN/Page_KDMC - CMS/select_--Select--No Tax0'

2018-05-09 16:35:51 - [MESSAGE][PASSED] - All options with index in [1] are selected on object 'Object Repository/MOH AND GRN/Page_KDMC - CMS/select_--Select--No Tax0'

2018-05-09 16:35:51 - [TEST_STEP][PASSED] - setText: Finding Test Object with id 'Object Repository/MOH AND GRN/Page_KDMC - CMS/input_txtmrp'

2018-05-09 16:35:51 - [TEST_STEP][PASSED] - Statement - switch (id): Finding Test Object with id 'Object Repository/MOH AND GRN/Page_KDMC - CMS/input_txtdeal'

2018-05-09 16:35:51 - [TEST_STEP][PASSED] - Statement - case 4:: Text '37.0' is set on object 'Object Repository/MOH AND GRN/Page_KDMC - CMS/input_txtmrp'

2018-05-09 16:35:51 - [TEST_STEP][PASSED] - Statement - return (java.lang.Math.floor((java.lang.Math.random() * ((max - min) + 1))) + min): Text '37.0' is set on object 'Object Repository/MOH AND GRN/Page_KDMC - CMS/input_txtmrp'

2018-05-09 16:35:51 - [MESSAGE][PASSED] - Text '37.0' is set on object 'Object Repository/MOH AND GRN/Page_KDMC - CMS/input_txtmrp'

2018-05-09 16:35:51 - [TEST_STEP][PASSED] - setText: Finding Test Object with id 'Object Repository/MOH AND GRN/Page_KDMC - CMS/input_txtdeal'

2018-05-09 16:35:51 - [TEST_STEP][PASSED] - Statement - switch (id): Finding Test Object with id 'Object Repository/MOH AND GRN/Page_KDMC - CMS/input_txtbatchno'

2018-05-09 16:35:51 - [TEST_STEP][PASSED] - Statement - case 5:: Text '5.0' is set on object 'Object Repository/MOH AND GRN/Page_KDMC - CMS/input_txtdeal'

2018-05-09 16:35:51 - [TEST_STEP][PASSED] - Statement - return (java.lang.Math.floor((java.lang.Math.random() * ((max - min) + 1))) + min): Text '5.0' is set on object 'Object Repository/MOH AND GRN/Page_KDMC - CMS/input_txtdeal'

2018-05-09 16:35:51 - [MESSAGE][PASSED] - Text '5.0' is set on object 'Object Repository/MOH AND GRN/Page_KDMC - CMS/input_txtdeal'

2018-05-09 16:35:51 - [TEST_STEP][PASSED] - setText: Finding Test Object with id 'Object Repository/MOH AND GRN/Page_KDMC - CMS/input_txtbatchno'

2018-05-09 16:35:51 - [TEST_STEP][PASSED] - Statement - switch (id): Delayed 1 second(s)

2018-05-09 16:35:51 - [TEST_STEP][PASSED] - Statement - case 1:: Text 'BA128.0' is set on object 'Object Repository/MOH AND GRN/Page_KDMC - CMS/input_txtbatchno'

2018-05-09 16:35:51 - [TEST_STEP][PASSED] - Statement - return (java.lang.Math.floor((java.lang.Math.random() * ((max - min) + 1))) + min): Text 'BA128.0' is set on object 'Object Repository/MOH AND GRN/Page_KDMC - CMS/input_txtbatchno'

2018-05-09 16:35:51 - [MESSAGE][PASSED] - Text 'BA128.0' is set on object 'Object Repository/MOH AND GRN/Page_KDMC - CMS/input_txtbatchno'

2018-05-09 16:35:51 - [TEST_STEP][PASSED] - rightClick: Object: 'Object Repository/GRN/Page_KDMC - CMS/input_txtexpdate' is right clicked on

2018-05-09 16:35:51 - [MESSAGE][PASSED] - Object: 'Object Repository/GRN/Page_KDMC - CMS/input_txtexpdate' is right clicked on

2018-05-09 16:35:51 - [TEST_STEP][PASSED] - selectOptionByIndex: All options with index in [10] are selected on object 'Object Repository/GRN/Page_KDMC - CMS/select_20182019202020212022202'

2018-05-09 16:35:51 - [MESSAGE][PASSED] - All options with index in [10] are selected on object 'Object Repository/GRN/Page_KDMC - CMS/select_20182019202020212022202'

2018-05-09 16:35:51 - [TEST_STEP][PASSED] - selectOptionByIndex: All options with index in [10] are selected on object 'Object Repository/GRN/Page_KDMC - CMS/select_JanFebMarAprMayJunJulAu'

2018-05-09 16:35:52 - [MESSAGE][PASSED] - All options with index in [10] are selected on object 'Object Repository/GRN/Page_KDMC - CMS/select_JanFebMarAprMayJunJulAu'

2018-05-09 16:35:52 - [TEST_STEP][PASSED] - click: Object: 'Object Repository/MOH AND GRN/Page_KDMC - CMS/a_12' is clicked on

2018-05-09 16:35:52 - [MESSAGE][PASSED] - Object: 'Object Repository/MOH AND GRN/Page_KDMC - CMS/a_12' is clicked on

2018-05-09 16:35:52 - [TEST_STEP][PASSED] - click: Object: 'Object Repository/MOH AND GRN/Page_KDMC - CMS/input_btnadd' is clicked on

2018-05-09 16:35:52 - [MESSAGE][PASSED] - Object: 'Object Repository/MOH AND GRN/Page_KDMC - CMS/input_btnadd' is clicked on

2018-05-09 16:35:52 - [TEST_STEP][PASSED] - Statement - If (s == 10): null

2018-05-09 16:35:52 - [TEST_STEP][PASSED] - Statement - s = 1: null

2018-05-09 16:35:52 - [TEST_STEP][PASSED] - delay: Delayed 1 second(s)

2018-05-09 16:35:53 - [MESSAGE][PASSED] - Delayed 1 second(s)

2018-05-09 16:35:53 - [TEST_STEP][PASSED] - scrollToElement: Scroll to object 'Object Repository/MOH AND GRN/Page_KDMC - CMS/input_btnSubmit' successfully

2018-05-09 16:35:53 - [MESSAGE][PASSED] - Scroll to object 'Object Repository/MOH AND GRN/Page_KDMC - CMS/input_btnSubmit' successfully

2018-05-09 16:35:53 - [TEST_STEP][PASSED] - click: Object: 'Object Repository/MOH AND GRN/Page_KDMC - CMS/input_btnSubmit' is clicked on

2018-05-09 16:35:53 - [MESSAGE][PASSED] - Object: 'Object Repository/MOH AND GRN/Page_KDMC - CMS/input_btnSubmit' is clicked on

2018-05-09 16:35:53 - [TEST_STEP][PASSED] - delay: Delayed 3 second(s)

2018-05-09 16:35:56 - [MESSAGE][PASSED] - Delayed 3 second(s)

2018-05-09 16:35:56 - [TEST_STEP][FAILED] - click: Unable to click on object 'Object Repository/MOH AND GRN/Page_KDMC - CMS/button_OK' (Root cause: com.kms.katalon.core.webui.exception.WebElementNotFoundException: Web element with id: 'Object Repository/MOH AND GRN/Page_KDMC - CMS/button_OK' located by 'By.xpath: /html[1]/body[@class="skin-blue  pace-done modal-open"]/div[@class="bootbox modal fade bootbox-alert in"]/div[@class="modal-dialog"]/div[@class="modal-content"]/div[@class="modal-footer"]/button[@class="btn btn-primary"][count(. | //button[@type = 'button' and (text() = 'OK' or . = 'OK')]) = count(//button[@type = 'button' and (text() = 'OK' or . = 'OK')])]' not found)

2018-05-09 16:36:28 - [MESSAGE][FAILED] - Unable to click on object 'Object Repository/MOH AND GRN/Page_KDMC - CMS/button_OK' (Root cause: com.kms.katalon.core.webui.exception.WebElementNotFoundException: Web element with id: 'Object Repository/MOH AND GRN/Page_KDMC - CMS/button_OK' located by 'By.xpath: /html[1]/body[@class="skin-blue  pace-done modal-open"]/div[@class="bootbox modal fade bootbox-alert in"]/div[@class="modal-dialog"]/div[@class="modal-content"]/div[@class="modal-footer"]/button[@class="btn btn-primary"][count(. | //button[@type = 'button' and (text() = 'OK' or . = 'OK')]) = count(//button[@type = 'button' and (text() = 'OK' or . = 'OK')])]' not found)
[[ATTACHMENT|C:\\Users\\Quality Analyst\\Katalon Studio\\ds\\Reports\\MOH REQUEST AND GRN\\20180509_153848\\1525863987806.png]]]]></system-out>
         <system-err><![CDATA[2018-05-09 16:11:27 - [TEST_CASE][FAILED] - Test Cases/MOH REQUEST AND GRN/Moh Request GRN  Schedule 11: Test Cases/MOH REQUEST AND GRN/Moh Request GRN  Schedule 11 FAILED because (of) Unable to click on object 'Object Repository/MOH AND GRN/Page_KDMC - CMS/button_OK' (Root cause: com.kms.katalon.core.webui.exception.WebElementNotFoundException: Web element with id: 'Object Repository/MOH AND GRN/Page_KDMC - CMS/button_OK' located by 'By.xpath: /html[1]/body[@class="skin-blue  pace-done modal-open"]/div[@class="bootbox modal fade bootbox-alert in"]/div[@class="modal-dialog"]/div[@class="modal-content"]/div[@class="modal-footer"]/button[@class="btn btn-primary"][count(. | //button[@type = 'button' and (text() = 'OK' or . = 'OK')]) = count(//button[@type = 'button' and (text() = 'OK' or . = 'OK')])]' not found)]]></system-err>
      </testcase>
      <testcase name="Test Cases/MOH REQUEST AND GRN/Moh Request GRN Schedule 12" classname="Test Cases/MOH REQUEST AND GRN/Moh Request GRN Schedule 12" status="FAILED">
         <failure type="FAILED" message="Unable to select option by index '15' of object 'Object Repository/MOH AND GRN/Page_KDMC - CMS/select_--Select--Adernaline 0.' (Root cause: org.openqa.selenium.NoSuchElementException: Cannot locate option with index: 15
For documentation on this error, please visit: http://seleniumhq.org/exceptions/no_such_element.html
Build info: version: '3.7.1', revision: '8a0099a', time: '2017-11-06T21:07:36.161Z'
System info: host: 'DESKTOP-BLFTK83', ip: '192.168.71.2', os.name: 'Windows 10', os.arch: 'amd64', os.version: '10.0', java.version: '1.8.0_102'
Driver info: driver.version: unknown)"/>
         <system-out><![CDATA[2018-05-09 16:36:28 - [TEST_CASE][FAILED] - Test Cases/MOH REQUEST AND GRN/Moh Request GRN Schedule 12: Test Cases/MOH REQUEST AND GRN/Moh Request GRN Schedule 12 FAILED because (of) Unable to select option by index '15' of object 'Object Repository/MOH AND GRN/Page_KDMC - CMS/select_--Select--Adernaline 0.' (Root cause: org.openqa.selenium.NoSuchElementException: Cannot locate option with index: 15
For documentation on this error, please visit: http://seleniumhq.org/exceptions/no_such_element.html
Build info: version: '3.7.1', revision: '8a0099a', time: '2017-11-06T21:07:36.161Z'
System info: host: 'DESKTOP-BLFTK83', ip: '192.168.71.2', os.name: 'Windows 10', os.arch: 'amd64', os.version: '10.0', java.version: '1.8.0_102'
Driver info: driver.version: unknown)

2018-05-09 16:36:28 - [TEST_STEP][PASSED] - openBrowser: Browser is opened with url: ''

2018-05-09 16:36:28 - [MESSAGE][WARNING] - A browser is already opened. Closing browser and opening a new one

2018-05-09 16:36:31 - [MESSAGE][PASSED] - Browser is opened with url: ''

2018-05-09 16:36:31 - [TEST_STEP][PASSED] - navigateToUrl: Navigate to 'http://192.168.137.1/multihospital_new/' successfully

2018-05-09 16:36:34 - [MESSAGE][PASSED] - Navigate to 'http://192.168.137.1/multihospital_new/' successfully

2018-05-09 16:36:34 - [TEST_STEP][PASSED] - maximizeWindow: Current window maximized

2018-05-09 16:36:35 - [MESSAGE][PASSED] - Current window maximized

2018-05-09 16:36:35 - [TEST_STEP][PASSED] - click: Object: 'Object Repository/MOH AND GRN/Page_KDMC/a_CMS' is clicked on

2018-05-09 16:36:36 - [MESSAGE][PASSED] - Object: 'Object Repository/MOH AND GRN/Page_KDMC/a_CMS' is clicked on

2018-05-09 16:36:36 - [TEST_STEP][PASSED] - setText: Text 'bala' is set on object 'Object Repository/MOH AND GRN/Page_CMS login/input_txtusername'

2018-05-09 16:36:36 - [MESSAGE][PASSED] - Text 'bala' is set on object 'Object Repository/MOH AND GRN/Page_CMS login/input_txtusername'

2018-05-09 16:36:36 - [TEST_STEP][PASSED] - setText: Text '123' is set on object 'Object Repository/MOH AND GRN/Page_CMS login/input_txtpassword'

2018-05-09 16:36:36 - [MESSAGE][PASSED] - Text '123' is set on object 'Object Repository/MOH AND GRN/Page_CMS login/input_txtpassword'

2018-05-09 16:36:36 - [TEST_STEP][PASSED] - delay: Delayed 3 second(s)

2018-05-09 16:36:39 - [MESSAGE][PASSED] - Delayed 3 second(s)

2018-05-09 16:36:39 - [TEST_STEP][PASSED] - click: Object: 'Object Repository/MOH AND GRN/Page_CMS login/button_Sign in' is clicked on

2018-05-09 16:36:40 - [MESSAGE][PASSED] - Object: 'Object Repository/MOH AND GRN/Page_CMS login/button_Sign in' is clicked on

2018-05-09 16:36:40 - [TEST_STEP][PASSED] - click: Object: 'Object Repository/MOH AND GRN/Page_KDMC - CMS/a_Request to MOH' is clicked on

2018-05-09 16:36:41 - [MESSAGE][PASSED] - Object: 'Object Repository/MOH AND GRN/Page_KDMC - CMS/a_Request to MOH' is clicked on

2018-05-09 16:36:41 - [TEST_STEP][PASSED] - selectOptionByIndex: All options with index in [2] are selected on object 'Object Repository/MOH AND GRN/Page_KDMC - CMS/select_--Select--'

2018-05-09 16:36:41 - [MESSAGE][PASSED] - All options with index in [2] are selected on object 'Object Repository/MOH AND GRN/Page_KDMC - CMS/select_--Select--'

2018-05-09 16:36:41 - [TEST_STEP][PASSED] - selectOptionByIndex: All options with index in [12] are selected on object 'Object Repository/MOH AND GRN/Page_KDMC - CMS/select_--Select--Schedule 1Inj'

2018-05-09 16:36:41 - [MESSAGE][PASSED] - All options with index in [12] are selected on object 'Object Repository/MOH AND GRN/Page_KDMC - CMS/select_--Select--Schedule 1Inj'

2018-05-09 16:36:41 - [TEST_STEP][PASSED] - Statement - selectedoptions = com.kms.katalon.core.webui.keyword.WebUiBuiltInKeywords.getNumberOfTotalOption(com.kms.katalon.core.testobject.ObjectRepository.findTestObject(MOH AND GRN/Page_KDMC - CMS/select_--Select--Adernaline 0.)): 20 options of object 'Object Repository/MOH AND GRN/Page_KDMC - CMS/select_--Select--Adernaline 0.' counted

2018-05-09 16:36:41 - [MESSAGE][PASSED] - 20 options of object 'Object Repository/MOH AND GRN/Page_KDMC - CMS/select_--Select--Adernaline 0.' counted

2018-05-09 16:36:41 - [TEST_STEP][FAILED] - Statement - For ([j = 1, j <= selectedoptions - 1, (j++)]): Unable to select option by index '15' of object 'Object Repository/MOH AND GRN/Page_KDMC - CMS/select_--Select--Adernaline 0.' (Root cause: org.openqa.selenium.NoSuchElementException: Cannot locate option with index: 15
For documentation on this error, please visit: http://seleniumhq.org/exceptions/no_such_element.html
Build info: version: '3.7.1', revision: '8a0099a', time: '2017-11-06T21:07:36.161Z'
System info: host: 'DESKTOP-BLFTK83', ip: '192.168.71.2', os.name: 'Windows 10', os.arch: 'amd64', os.version: '10.0', java.version: '1.8.0_102'
Driver info: driver.version: unknown)

2018-05-09 16:36:41 - [TEST_STEP][PASSED] - selectOptionByIndex: All options with index in [12] are selected on object 'Object Repository/MOH AND GRN/Page_KDMC - CMS/select_--Select--Schedule 1Inj'

2018-05-09 16:36:41 - [MESSAGE][PASSED] - All options with index in [12] are selected on object 'Object Repository/MOH AND GRN/Page_KDMC - CMS/select_--Select--Schedule 1Inj'

2018-05-09 16:36:41 - [TEST_STEP][PASSED] - selectOptionByIndex: All options with index in [1] are selected on object 'Object Repository/MOH AND GRN/Page_KDMC - CMS/select_--Select--Adernaline 0.'

2018-05-09 16:36:41 - [MESSAGE][PASSED] - All options with index in [1] are selected on object 'Object Repository/MOH AND GRN/Page_KDMC - CMS/select_--Select--Adernaline 0.'

2018-05-09 16:36:41 - [TEST_STEP][PASSED] - setText: Text '5000' is set on object 'Object Repository/MOH AND GRN/Page_KDMC - CMS/input_txttreat'

2018-05-09 16:36:42 - [MESSAGE][PASSED] - Text '5000' is set on object 'Object Repository/MOH AND GRN/Page_KDMC - CMS/input_txttreat'

2018-05-09 16:36:42 - [TEST_STEP][PASSED] - click: Object: 'Object Repository/MOH AND GRN/Page_KDMC - CMS/button_Add' is clicked on

2018-05-09 16:36:42 - [MESSAGE][PASSED] - Object: 'Object Repository/MOH AND GRN/Page_KDMC - CMS/button_Add' is clicked on

2018-05-09 16:36:42 - [TEST_STEP][PASSED] - selectOptionByIndex: All options with index in [12] are selected on object 'Object Repository/MOH AND GRN/Page_KDMC - CMS/select_--Select--Schedule 1Inj'

2018-05-09 16:36:42 - [MESSAGE][PASSED] - All options with index in [12] are selected on object 'Object Repository/MOH AND GRN/Page_KDMC - CMS/select_--Select--Schedule 1Inj'

2018-05-09 16:36:42 - [TEST_STEP][PASSED] - selectOptionByIndex: All options with index in [2] are selected on object 'Object Repository/MOH AND GRN/Page_KDMC - CMS/select_--Select--Adernaline 0.'

2018-05-09 16:36:42 - [MESSAGE][PASSED] - All options with index in [2] are selected on object 'Object Repository/MOH AND GRN/Page_KDMC - CMS/select_--Select--Adernaline 0.'

2018-05-09 16:36:42 - [TEST_STEP][PASSED] - setText: Text '5000' is set on object 'Object Repository/MOH AND GRN/Page_KDMC - CMS/input_txttreat'

2018-05-09 16:36:42 - [MESSAGE][PASSED] - Text '5000' is set on object 'Object Repository/MOH AND GRN/Page_KDMC - CMS/input_txttreat'

2018-05-09 16:36:42 - [TEST_STEP][PASSED] - click: Object: 'Object Repository/MOH AND GRN/Page_KDMC - CMS/button_Add' is clicked on

2018-05-09 16:36:42 - [MESSAGE][PASSED] - Object: 'Object Repository/MOH AND GRN/Page_KDMC - CMS/button_Add' is clicked on

2018-05-09 16:36:42 - [TEST_STEP][PASSED] - selectOptionByIndex: All options with index in [12] are selected on object 'Object Repository/MOH AND GRN/Page_KDMC - CMS/select_--Select--Schedule 1Inj'

2018-05-09 16:36:42 - [MESSAGE][PASSED] - All options with index in [12] are selected on object 'Object Repository/MOH AND GRN/Page_KDMC - CMS/select_--Select--Schedule 1Inj'

2018-05-09 16:36:42 - [TEST_STEP][PASSED] - selectOptionByIndex: All options with index in [3] are selected on object 'Object Repository/MOH AND GRN/Page_KDMC - CMS/select_--Select--Adernaline 0.'

2018-05-09 16:36:42 - [MESSAGE][PASSED] - All options with index in [3] are selected on object 'Object Repository/MOH AND GRN/Page_KDMC - CMS/select_--Select--Adernaline 0.'

2018-05-09 16:36:42 - [TEST_STEP][PASSED] - setText: Text '5000' is set on object 'Object Repository/MOH AND GRN/Page_KDMC - CMS/input_txttreat'

2018-05-09 16:36:42 - [MESSAGE][PASSED] - Text '5000' is set on object 'Object Repository/MOH AND GRN/Page_KDMC - CMS/input_txttreat'

2018-05-09 16:36:42 - [TEST_STEP][PASSED] - click: Object: 'Object Repository/MOH AND GRN/Page_KDMC - CMS/button_Add' is clicked on

2018-05-09 16:36:43 - [MESSAGE][PASSED] - Object: 'Object Repository/MOH AND GRN/Page_KDMC - CMS/button_Add' is clicked on

2018-05-09 16:36:43 - [TEST_STEP][PASSED] - selectOptionByIndex: All options with index in [12] are selected on object 'Object Repository/MOH AND GRN/Page_KDMC - CMS/select_--Select--Schedule 1Inj'

2018-05-09 16:36:43 - [MESSAGE][PASSED] - All options with index in [12] are selected on object 'Object Repository/MOH AND GRN/Page_KDMC - CMS/select_--Select--Schedule 1Inj'

2018-05-09 16:36:43 - [TEST_STEP][PASSED] - selectOptionByIndex: All options with index in [4] are selected on object 'Object Repository/MOH AND GRN/Page_KDMC - CMS/select_--Select--Adernaline 0.'

2018-05-09 16:36:43 - [MESSAGE][PASSED] - All options with index in [4] are selected on object 'Object Repository/MOH AND GRN/Page_KDMC - CMS/select_--Select--Adernaline 0.'

2018-05-09 16:36:43 - [TEST_STEP][PASSED] - setText: Text '5000' is set on object 'Object Repository/MOH AND GRN/Page_KDMC - CMS/input_txttreat'

2018-05-09 16:36:43 - [MESSAGE][PASSED] - Text '5000' is set on object 'Object Repository/MOH AND GRN/Page_KDMC - CMS/input_txttreat'

2018-05-09 16:36:43 - [TEST_STEP][PASSED] - click: Object: 'Object Repository/MOH AND GRN/Page_KDMC - CMS/button_Add' is clicked on

2018-05-09 16:36:43 - [MESSAGE][PASSED] - Object: 'Object Repository/MOH AND GRN/Page_KDMC - CMS/button_Add' is clicked on

2018-05-09 16:36:43 - [TEST_STEP][PASSED] - selectOptionByIndex: All options with index in [12] are selected on object 'Object Repository/MOH AND GRN/Page_KDMC - CMS/select_--Select--Schedule 1Inj'

2018-05-09 16:36:43 - [MESSAGE][PASSED] - All options with index in [12] are selected on object 'Object Repository/MOH AND GRN/Page_KDMC - CMS/select_--Select--Schedule 1Inj'

2018-05-09 16:36:43 - [TEST_STEP][PASSED] - selectOptionByIndex: All options with index in [5] are selected on object 'Object Repository/MOH AND GRN/Page_KDMC - CMS/select_--Select--Adernaline 0.'

2018-05-09 16:36:43 - [MESSAGE][PASSED] - All options with index in [5] are selected on object 'Object Repository/MOH AND GRN/Page_KDMC - CMS/select_--Select--Adernaline 0.'

2018-05-09 16:36:43 - [TEST_STEP][PASSED] - setText: Text '5000' is set on object 'Object Repository/MOH AND GRN/Page_KDMC - CMS/input_txttreat'

2018-05-09 16:36:43 - [MESSAGE][PASSED] - Text '5000' is set on object 'Object Repository/MOH AND GRN/Page_KDMC - CMS/input_txttreat'

2018-05-09 16:36:43 - [TEST_STEP][PASSED] - click: Object: 'Object Repository/MOH AND GRN/Page_KDMC - CMS/button_Add' is clicked on

2018-05-09 16:36:43 - [MESSAGE][PASSED] - Object: 'Object Repository/MOH AND GRN/Page_KDMC - CMS/button_Add' is clicked on

2018-05-09 16:36:43 - [TEST_STEP][PASSED] - selectOptionByIndex: All options with index in [12] are selected on object 'Object Repository/MOH AND GRN/Page_KDMC - CMS/select_--Select--Schedule 1Inj'

2018-05-09 16:36:44 - [MESSAGE][PASSED] - All options with index in [12] are selected on object 'Object Repository/MOH AND GRN/Page_KDMC - CMS/select_--Select--Schedule 1Inj'

2018-05-09 16:36:44 - [TEST_STEP][PASSED] - selectOptionByIndex: All options with index in [6] are selected on object 'Object Repository/MOH AND GRN/Page_KDMC - CMS/select_--Select--Adernaline 0.'

2018-05-09 16:36:44 - [MESSAGE][PASSED] - All options with index in [6] are selected on object 'Object Repository/MOH AND GRN/Page_KDMC - CMS/select_--Select--Adernaline 0.'

2018-05-09 16:36:44 - [TEST_STEP][PASSED] - setText: Text '5000' is set on object 'Object Repository/MOH AND GRN/Page_KDMC - CMS/input_txttreat'

2018-05-09 16:36:44 - [MESSAGE][PASSED] - Text '5000' is set on object 'Object Repository/MOH AND GRN/Page_KDMC - CMS/input_txttreat'

2018-05-09 16:36:44 - [TEST_STEP][PASSED] - click: Object: 'Object Repository/MOH AND GRN/Page_KDMC - CMS/button_Add' is clicked on

2018-05-09 16:36:44 - [MESSAGE][PASSED] - Object: 'Object Repository/MOH AND GRN/Page_KDMC - CMS/button_Add' is clicked on

2018-05-09 16:36:44 - [TEST_STEP][PASSED] - selectOptionByIndex: All options with index in [12] are selected on object 'Object Repository/MOH AND GRN/Page_KDMC - CMS/select_--Select--Schedule 1Inj'

2018-05-09 16:36:44 - [MESSAGE][PASSED] - All options with index in [12] are selected on object 'Object Repository/MOH AND GRN/Page_KDMC - CMS/select_--Select--Schedule 1Inj'

2018-05-09 16:36:44 - [TEST_STEP][PASSED] - selectOptionByIndex: All options with index in [7] are selected on object 'Object Repository/MOH AND GRN/Page_KDMC - CMS/select_--Select--Adernaline 0.'

2018-05-09 16:36:44 - [MESSAGE][PASSED] - All options with index in [7] are selected on object 'Object Repository/MOH AND GRN/Page_KDMC - CMS/select_--Select--Adernaline 0.'

2018-05-09 16:36:44 - [TEST_STEP][PASSED] - setText: Text '5000' is set on object 'Object Repository/MOH AND GRN/Page_KDMC - CMS/input_txttreat'

2018-05-09 16:36:44 - [MESSAGE][PASSED] - Text '5000' is set on object 'Object Repository/MOH AND GRN/Page_KDMC - CMS/input_txttreat'

2018-05-09 16:36:44 - [TEST_STEP][PASSED] - click: Object: 'Object Repository/MOH AND GRN/Page_KDMC - CMS/button_Add' is clicked on

2018-05-09 16:36:44 - [MESSAGE][PASSED] - Object: 'Object Repository/MOH AND GRN/Page_KDMC - CMS/button_Add' is clicked on

2018-05-09 16:36:44 - [TEST_STEP][PASSED] - selectOptionByIndex: All options with index in [12] are selected on object 'Object Repository/MOH AND GRN/Page_KDMC - CMS/select_--Select--Schedule 1Inj'

2018-05-09 16:36:45 - [MESSAGE][PASSED] - All options with index in [12] are selected on object 'Object Repository/MOH AND GRN/Page_KDMC - CMS/select_--Select--Schedule 1Inj'

2018-05-09 16:36:45 - [TEST_STEP][PASSED] - selectOptionByIndex: All options with index in [8] are selected on object 'Object Repository/MOH AND GRN/Page_KDMC - CMS/select_--Select--Adernaline 0.'

2018-05-09 16:36:45 - [MESSAGE][PASSED] - All options with index in [8] are selected on object 'Object Repository/MOH AND GRN/Page_KDMC - CMS/select_--Select--Adernaline 0.'

2018-05-09 16:36:45 - [TEST_STEP][PASSED] - setText: Text '5000' is set on object 'Object Repository/MOH AND GRN/Page_KDMC - CMS/input_txttreat'

2018-05-09 16:36:45 - [MESSAGE][PASSED] - Text '5000' is set on object 'Object Repository/MOH AND GRN/Page_KDMC - CMS/input_txttreat'

2018-05-09 16:36:45 - [TEST_STEP][PASSED] - click: Object: 'Object Repository/MOH AND GRN/Page_KDMC - CMS/button_Add' is clicked on

2018-05-09 16:36:45 - [MESSAGE][PASSED] - Object: 'Object Repository/MOH AND GRN/Page_KDMC - CMS/button_Add' is clicked on

2018-05-09 16:36:45 - [TEST_STEP][PASSED] - selectOptionByIndex: All options with index in [12] are selected on object 'Object Repository/MOH AND GRN/Page_KDMC - CMS/select_--Select--Schedule 1Inj'

2018-05-09 16:36:45 - [MESSAGE][PASSED] - All options with index in [12] are selected on object 'Object Repository/MOH AND GRN/Page_KDMC - CMS/select_--Select--Schedule 1Inj'

2018-05-09 16:36:45 - [TEST_STEP][PASSED] - selectOptionByIndex: All options with index in [9] are selected on object 'Object Repository/MOH AND GRN/Page_KDMC - CMS/select_--Select--Adernaline 0.'

2018-05-09 16:36:45 - [MESSAGE][PASSED] - All options with index in [9] are selected on object 'Object Repository/MOH AND GRN/Page_KDMC - CMS/select_--Select--Adernaline 0.'

2018-05-09 16:36:45 - [TEST_STEP][PASSED] - setText: Text '5000' is set on object 'Object Repository/MOH AND GRN/Page_KDMC - CMS/input_txttreat'

2018-05-09 16:36:45 - [MESSAGE][PASSED] - Text '5000' is set on object 'Object Repository/MOH AND GRN/Page_KDMC - CMS/input_txttreat'

2018-05-09 16:36:45 - [TEST_STEP][PASSED] - click: Object: 'Object Repository/MOH AND GRN/Page_KDMC - CMS/button_Add' is clicked on

2018-05-09 16:36:45 - [MESSAGE][PASSED] - Object: 'Object Repository/MOH AND GRN/Page_KDMC - CMS/button_Add' is clicked on

2018-05-09 16:36:45 - [TEST_STEP][PASSED] - selectOptionByIndex: All options with index in [12] are selected on object 'Object Repository/MOH AND GRN/Page_KDMC - CMS/select_--Select--Schedule 1Inj'

2018-05-09 16:36:46 - [MESSAGE][PASSED] - All options with index in [12] are selected on object 'Object Repository/MOH AND GRN/Page_KDMC - CMS/select_--Select--Schedule 1Inj'

2018-05-09 16:36:46 - [TEST_STEP][PASSED] - selectOptionByIndex: All options with index in [10] are selected on object 'Object Repository/MOH AND GRN/Page_KDMC - CMS/select_--Select--Adernaline 0.'

2018-05-09 16:36:46 - [MESSAGE][PASSED] - All options with index in [10] are selected on object 'Object Repository/MOH AND GRN/Page_KDMC - CMS/select_--Select--Adernaline 0.'

2018-05-09 16:36:46 - [TEST_STEP][PASSED] - setText: Text '5000' is set on object 'Object Repository/MOH AND GRN/Page_KDMC - CMS/input_txttreat'

2018-05-09 16:36:46 - [MESSAGE][PASSED] - Text '5000' is set on object 'Object Repository/MOH AND GRN/Page_KDMC - CMS/input_txttreat'

2018-05-09 16:36:46 - [TEST_STEP][PASSED] - click: Object: 'Object Repository/MOH AND GRN/Page_KDMC - CMS/button_Add' is clicked on

2018-05-09 16:36:46 - [MESSAGE][PASSED] - Object: 'Object Repository/MOH AND GRN/Page_KDMC - CMS/button_Add' is clicked on

2018-05-09 16:36:46 - [TEST_STEP][PASSED] - selectOptionByIndex: All options with index in [12] are selected on object 'Object Repository/MOH AND GRN/Page_KDMC - CMS/select_--Select--Schedule 1Inj'

2018-05-09 16:36:46 - [MESSAGE][PASSED] - All options with index in [12] are selected on object 'Object Repository/MOH AND GRN/Page_KDMC - CMS/select_--Select--Schedule 1Inj'

2018-05-09 16:36:46 - [TEST_STEP][PASSED] - selectOptionByIndex: All options with index in [11] are selected on object 'Object Repository/MOH AND GRN/Page_KDMC - CMS/select_--Select--Adernaline 0.'

2018-05-09 16:36:46 - [MESSAGE][PASSED] - All options with index in [11] are selected on object 'Object Repository/MOH AND GRN/Page_KDMC - CMS/select_--Select--Adernaline 0.'

2018-05-09 16:36:46 - [TEST_STEP][PASSED] - setText: Text '5000' is set on object 'Object Repository/MOH AND GRN/Page_KDMC - CMS/input_txttreat'

2018-05-09 16:36:46 - [MESSAGE][PASSED] - Text '5000' is set on object 'Object Repository/MOH AND GRN/Page_KDMC - CMS/input_txttreat'

2018-05-09 16:36:46 - [TEST_STEP][PASSED] - click: Object: 'Object Repository/MOH AND GRN/Page_KDMC - CMS/button_Add' is clicked on

2018-05-09 16:36:46 - [MESSAGE][PASSED] - Object: 'Object Repository/MOH AND GRN/Page_KDMC - CMS/button_Add' is clicked on

2018-05-09 16:36:46 - [TEST_STEP][PASSED] - selectOptionByIndex: All options with index in [12] are selected on object 'Object Repository/MOH AND GRN/Page_KDMC - CMS/select_--Select--Schedule 1Inj'

2018-05-09 16:36:47 - [MESSAGE][PASSED] - All options with index in [12] are selected on object 'Object Repository/MOH AND GRN/Page_KDMC - CMS/select_--Select--Schedule 1Inj'

2018-05-09 16:36:47 - [TEST_STEP][PASSED] - selectOptionByIndex: All options with index in [12] are selected on object 'Object Repository/MOH AND GRN/Page_KDMC - CMS/select_--Select--Adernaline 0.'

2018-05-09 16:36:47 - [MESSAGE][PASSED] - All options with index in [12] are selected on object 'Object Repository/MOH AND GRN/Page_KDMC - CMS/select_--Select--Adernaline 0.'

2018-05-09 16:36:47 - [TEST_STEP][PASSED] - setText: Text '5000' is set on object 'Object Repository/MOH AND GRN/Page_KDMC - CMS/input_txttreat'

2018-05-09 16:36:47 - [MESSAGE][PASSED] - Text '5000' is set on object 'Object Repository/MOH AND GRN/Page_KDMC - CMS/input_txttreat'

2018-05-09 16:36:47 - [TEST_STEP][PASSED] - click: Object: 'Object Repository/MOH AND GRN/Page_KDMC - CMS/button_Add' is clicked on

2018-05-09 16:36:47 - [MESSAGE][PASSED] - Object: 'Object Repository/MOH AND GRN/Page_KDMC - CMS/button_Add' is clicked on

2018-05-09 16:36:47 - [TEST_STEP][PASSED] - selectOptionByIndex: All options with index in [12] are selected on object 'Object Repository/MOH AND GRN/Page_KDMC - CMS/select_--Select--Schedule 1Inj'

2018-05-09 16:36:47 - [MESSAGE][PASSED] - All options with index in [12] are selected on object 'Object Repository/MOH AND GRN/Page_KDMC - CMS/select_--Select--Schedule 1Inj'

2018-05-09 16:36:47 - [TEST_STEP][PASSED] - selectOptionByIndex: All options with index in [13] are selected on object 'Object Repository/MOH AND GRN/Page_KDMC - CMS/select_--Select--Adernaline 0.'

2018-05-09 16:36:47 - [MESSAGE][PASSED] - All options with index in [13] are selected on object 'Object Repository/MOH AND GRN/Page_KDMC - CMS/select_--Select--Adernaline 0.'

2018-05-09 16:36:47 - [TEST_STEP][PASSED] - setText: Text '5000' is set on object 'Object Repository/MOH AND GRN/Page_KDMC - CMS/input_txttreat'

2018-05-09 16:36:47 - [MESSAGE][PASSED] - Text '5000' is set on object 'Object Repository/MOH AND GRN/Page_KDMC - CMS/input_txttreat'

2018-05-09 16:36:47 - [TEST_STEP][PASSED] - click: Object: 'Object Repository/MOH AND GRN/Page_KDMC - CMS/button_Add' is clicked on

2018-05-09 16:36:48 - [MESSAGE][PASSED] - Object: 'Object Repository/MOH AND GRN/Page_KDMC - CMS/button_Add' is clicked on

2018-05-09 16:36:48 - [TEST_STEP][PASSED] - selectOptionByIndex: All options with index in [12] are selected on object 'Object Repository/MOH AND GRN/Page_KDMC - CMS/select_--Select--Schedule 1Inj'

2018-05-09 16:36:48 - [MESSAGE][PASSED] - All options with index in [12] are selected on object 'Object Repository/MOH AND GRN/Page_KDMC - CMS/select_--Select--Schedule 1Inj'

2018-05-09 16:36:48 - [TEST_STEP][PASSED] - selectOptionByIndex: All options with index in [14] are selected on object 'Object Repository/MOH AND GRN/Page_KDMC - CMS/select_--Select--Adernaline 0.'

2018-05-09 16:36:48 - [MESSAGE][PASSED] - All options with index in [14] are selected on object 'Object Repository/MOH AND GRN/Page_KDMC - CMS/select_--Select--Adernaline 0.'

2018-05-09 16:36:48 - [TEST_STEP][PASSED] - setText: Text '5000' is set on object 'Object Repository/MOH AND GRN/Page_KDMC - CMS/input_txttreat'

2018-05-09 16:36:48 - [MESSAGE][PASSED] - Text '5000' is set on object 'Object Repository/MOH AND GRN/Page_KDMC - CMS/input_txttreat'

2018-05-09 16:36:48 - [TEST_STEP][PASSED] - click: Object: 'Object Repository/MOH AND GRN/Page_KDMC - CMS/button_Add' is clicked on

2018-05-09 16:36:48 - [MESSAGE][PASSED] - Object: 'Object Repository/MOH AND GRN/Page_KDMC - CMS/button_Add' is clicked on

2018-05-09 16:36:48 - [TEST_STEP][PASSED] - selectOptionByIndex: All options with index in [12] are selected on object 'Object Repository/MOH AND GRN/Page_KDMC - CMS/select_--Select--Schedule 1Inj'

2018-05-09 16:36:48 - [MESSAGE][PASSED] - All options with index in [12] are selected on object 'Object Repository/MOH AND GRN/Page_KDMC - CMS/select_--Select--Schedule 1Inj'

2018-05-09 16:36:48 - [TEST_STEP][FAILED] - selectOptionByIndex: Unable to select option by index '15' of object 'Object Repository/MOH AND GRN/Page_KDMC - CMS/select_--Select--Adernaline 0.' (Root cause: org.openqa.selenium.NoSuchElementException: Cannot locate option with index: 15
For documentation on this error, please visit: http://seleniumhq.org/exceptions/no_such_element.html
Build info: version: '3.7.1', revision: '8a0099a', time: '2017-11-06T21:07:36.161Z'
System info: host: 'DESKTOP-BLFTK83', ip: '192.168.71.2', os.name: 'Windows 10', os.arch: 'amd64', os.version: '10.0', java.version: '1.8.0_102'
Driver info: driver.version: unknown)

2018-05-09 16:36:49 - [MESSAGE][FAILED] - Unable to select option by index '15' of object 'Object Repository/MOH AND GRN/Page_KDMC - CMS/select_--Select--Adernaline 0.' (Root cause: org.openqa.selenium.NoSuchElementException: Cannot locate option with index: 15
For documentation on this error, please visit: http://seleniumhq.org/exceptions/no_such_element.html
Build info: version: '3.7.1', revision: '8a0099a', time: '2017-11-06T21:07:36.161Z'
System info: host: 'DESKTOP-BLFTK83', ip: '192.168.71.2', os.name: 'Windows 10', os.arch: 'amd64', os.version: '10.0', java.version: '1.8.0_102'
Driver info: driver.version: unknown)
[[ATTACHMENT|C:\\Users\\Quality Analyst\\Katalon Studio\\ds\\Reports\\MOH REQUEST AND GRN\\20180509_153848\\1525864008821.png]]]]></system-out>
         <system-err><![CDATA[2018-05-09 16:36:28 - [TEST_CASE][FAILED] - Test Cases/MOH REQUEST AND GRN/Moh Request GRN Schedule 12: Test Cases/MOH REQUEST AND GRN/Moh Request GRN Schedule 12 FAILED because (of) Unable to select option by index '15' of object 'Object Repository/MOH AND GRN/Page_KDMC - CMS/select_--Select--Adernaline 0.' (Root cause: org.openqa.selenium.NoSuchElementException: Cannot locate option with index: 15
For documentation on this error, please visit: http://seleniumhq.org/exceptions/no_such_element.html
Build info: version: '3.7.1', revision: '8a0099a', time: '2017-11-06T21:07:36.161Z'
System info: host: 'DESKTOP-BLFTK83', ip: '192.168.71.2', os.name: 'Windows 10', os.arch: 'amd64', os.version: '10.0', java.version: '1.8.0_102'
Driver info: driver.version: unknown)]]></system-err>
      </testcase>
      <system-out><![CDATA[2018-05-09 15:38:54 - [TEST_SUITE][FAILED] - MOH REQUEST AND GRN: Test Cases/MOH REQUEST AND GRN/Moh Request GRN Schedule 1 FAILED because (of) Unable to click on object 'Object Repository/MOH AND GRN/Page_KDMC - CMS/button_OK' (Root cause: com.kms.katalon.core.webui.exception.WebElementNotFoundException: Web element with id: 'Object Repository/MOH AND GRN/Page_KDMC - CMS/button_OK' located by 'By.xpath: /html[1]/body[@class="skin-blue  pace-done modal-open"]/div[@class="bootbox modal fade bootbox-alert in"]/div[@class="modal-dialog"]/div[@class="modal-content"]/div[@class="modal-footer"]/button[@class="btn btn-primary"][count(. | //button[@type = 'button' and (text() = 'OK' or . = 'OK')]) = count(//button[@type = 'button' and (text() = 'OK' or . = 'OK')])]' not found)]]></system-out>
      <system-err><![CDATA[2018-05-09 15:38:54 - [TEST_SUITE][FAILED] - MOH REQUEST AND GRN: Test Cases/MOH REQUEST AND GRN/Moh Request GRN Schedule 1 FAILED because (of) Unable to click on object 'Object Repository/MOH AND GRN/Page_KDMC - CMS/button_OK' (Root cause: com.kms.katalon.core.webui.exception.WebElementNotFoundException: Web element with id: 'Object Repository/MOH AND GRN/Page_KDMC - CMS/button_OK' located by 'By.xpath: /html[1]/body[@class="skin-blue  pace-done modal-open"]/div[@class="bootbox modal fade bootbox-alert in"]/div[@class="modal-dialog"]/div[@class="modal-content"]/div[@class="modal-footer"]/button[@class="btn btn-primary"][count(. | //button[@type = 'button' and (text() = 'OK' or . = 'OK')]) = count(//button[@type = 'button' and (text() = 'OK' or . = 'OK')])]' not found)]]></system-err>
   </testsuite>
</testsuites>
