<?xml version="1.0" encoding="UTF-8"?>
<testsuites name="Store_Suit" time="1806" tests="5" failures="6" errors="1">
   <testsuite name="Store_Suit" tests="5" failures="6" errors="1" time="1806" timestamp="2018-05-23 09:43:47" hostname="Quality Analyst - DESKTOP-BLFTK83" id="Test Suites/Store_Suit">
      <properties>
         <property name="deviceName" value=""/>
         <property name="devicePlatform" value=""/>
         <property name="logFolder" value="C:\\Users\\Quality Analyst\\Katalon Studio\\ds\\Reports\\Store_Suit\\20180522_193054"/>
         <property name="logFiles" value="C:\\Users\\Quality Analyst\\Katalon Studio\\ds\\Reports\\Store_Suit\\20180522_193054\\execution0.log, C:\\Users\\Quality Analyst\\Katalon Studio\\ds\\Reports\\Store_Suit\\20180522_193054\\execution1.log"/>
         <property name="attachments" value="C:\\Users\\Quality Analyst\\Katalon Studio\\ds\\Reports\\Store_Suit\\20180522_193054\\1527050429228.png, C:\\Users\\Quality Analyst\\Katalon Studio\\ds\\Reports\\Store_Suit\\20180522_193054\\1527050466502.png, C:\\Users\\Quality Analyst\\Katalon Studio\\ds\\Reports\\Store_Suit\\20180522_193054\\1527050538400.png, C:\\Users\\Quality Analyst\\Katalon Studio\\ds\\Reports\\Store_Suit\\20180522_193054\\1527050595857.png, C:\\Users\\Quality Analyst\\Katalon Studio\\ds\\Reports\\Store_Suit\\20180522_193054\\1527050633130.png"/>
         <property name="hostName" value="Quality Analyst - DESKTOP-BLFTK83"/>
         <property name="os" value="Windows 10 64bit"/>
         <property name="katalonVersion" value="5.4.1.1"/>
         <property name="browser" value="Chrome 66.0.3359.181"/>
         <property name="hostAddress" value="169.254.189.85"/>
         <property name="sessionId" value="e2a3a872985fc17b97bfd822eecaa6f9"/>
         <property name="seleniumVersion" value="3.7.1"/>
         <property name="proxyInformation" value="ProxyInformation{proxyOption=NO_PROXY, proxyServerType=HTTP, password=, proxyServerAddress=, proxyServerPort=0}"/>
         <property name="platform" value="Windows 10"/>
      </properties>
      <testcase name="Test Cases/STORE TO CMS REQUEST TEST CASES/TC_STCMS_001 To Verify Schedule 1 Store To CMS Request Are Working Successfully Or Not" classname="Test Cases/STORE TO CMS REQUEST TEST CASES/TC_STCMS_001 To Verify Schedule 1 Store To CMS Request Are Working Successfully Or Not" status="PASSED">
         <system-out><![CDATA[2018-05-23 09:43:48 - [TEST_CASE][PASSED] - Test Cases/STORE TO CMS REQUEST TEST CASES/TC_STCMS_001 To Verify Schedule 1 Store To CMS Request Are Working Successfully Or Not: Test Cases/STORE TO CMS REQUEST TEST CASES/TC_STCMS_001 To Verify Schedule 1 Store To CMS Request Are Working Successfully Or Not

2018-05-23 09:43:48 - [TEST_STEP][PASSED] - openBrowser: Browser is opened with url: ''

2018-05-23 09:43:52 - [MESSAGE][PASSED] - Browser is opened with url: ''

2018-05-23 09:43:52 - [TEST_STEP][PASSED] - Statement - out.println("Verify Schedule 1 Store Request Are Working Successfully Or Not"): null

2018-05-23 09:43:52 - [TEST_STEP][PASSED] - navigateToUrl: Navigate to 'http://192.168.137.1/multihospital_new/' successfully

2018-05-23 09:43:55 - [MESSAGE][PASSED] - Navigate to 'http://192.168.137.1/multihospital_new/' successfully

2018-05-23 09:43:55 - [TEST_STEP][PASSED] - maximizeWindow: Current window maximized

2018-05-23 09:43:56 - [MESSAGE][PASSED] - Current window maximized

2018-05-23 09:43:56 - [TEST_STEP][PASSED] - click: Object: 'Object Repository/Store Request Schedule 1/Page_KDMC/a_Divisional Store' is clicked on

2018-05-23 09:43:57 - [MESSAGE][PASSED] - Object: 'Object Repository/Store Request Schedule 1/Page_KDMC/a_Divisional Store' is clicked on

2018-05-23 09:43:57 - [TEST_STEP][PASSED] - setText: Text 'ragu' is set on object 'Object Repository/Store Request Schedule 1/Page_Divisonal Store Login/input_txtusername'

2018-05-23 09:43:57 - [MESSAGE][PASSED] - Text 'ragu' is set on object 'Object Repository/Store Request Schedule 1/Page_Divisonal Store Login/input_txtusername'

2018-05-23 09:43:57 - [TEST_STEP][PASSED] - setText: Text '123' is set on object 'Object Repository/Store Request Schedule 1/Page_Divisonal Store Login/input_txtpassword'

2018-05-23 09:43:57 - [MESSAGE][PASSED] - Text '123' is set on object 'Object Repository/Store Request Schedule 1/Page_Divisonal Store Login/input_txtpassword'

2018-05-23 09:43:57 - [TEST_STEP][PASSED] - delay: Delayed 3 second(s)

2018-05-23 09:44:00 - [MESSAGE][PASSED] - Delayed 3 second(s)

2018-05-23 09:44:00 - [TEST_STEP][PASSED] - click: Object: 'Object Repository/Store Request Schedule 1/Page_Divisonal Store Login/button_Sign in' is clicked on

2018-05-23 09:44:02 - [MESSAGE][PASSED] - Object: 'Object Repository/Store Request Schedule 1/Page_Divisonal Store Login/button_Sign in' is clicked on

2018-05-23 09:44:02 - [TEST_STEP][PASSED] - delay: Delayed 3 second(s)

2018-05-23 09:44:05 - [MESSAGE][PASSED] - Delayed 3 second(s)

2018-05-23 09:44:05 - [TEST_STEP][PASSED] - click: Object: 'Object Repository/Store Request Schedule 1/Page_Store/a_CMS' is clicked on

2018-05-23 09:44:05 - [MESSAGE][PASSED] - Object: 'Object Repository/Store Request Schedule 1/Page_Store/a_CMS' is clicked on

2018-05-23 09:44:05 - [TEST_STEP][PASSED] - delay: Delayed 2 second(s)

2018-05-23 09:44:07 - [MESSAGE][PASSED] - Delayed 2 second(s)

2018-05-23 09:44:07 - [TEST_STEP][PASSED] - click: Object: 'Object Repository/Store Request Schedule 1/Page_Store/a_Request Send' is clicked on

2018-05-23 09:44:08 - [MESSAGE][PASSED] - Object: 'Object Repository/Store Request Schedule 1/Page_Store/a_Request Send' is clicked on

2018-05-23 09:44:08 - [TEST_STEP][PASSED] - selectOptionByIndex: All options with index in [1] are selected on object 'Object Repository/Store Request Schedule 1/Page_Store/select_--Select--'

2018-05-23 09:44:08 - [MESSAGE][PASSED] - All options with index in [1] are selected on object 'Object Repository/Store Request Schedule 1/Page_Store/select_--Select--'

2018-05-23 09:44:08 - [TEST_STEP][PASSED] - selectOptionByIndex: All options with index in [1] are selected on object 'Object Repository/Store Request Schedule 1/Page_Store/select_--Select--Schedule 1Inj'

2018-05-23 09:44:08 - [MESSAGE][PASSED] - All options with index in [1] are selected on object 'Object Repository/Store Request Schedule 1/Page_Store/select_--Select--Schedule 1Inj'

2018-05-23 09:44:08 - [TEST_STEP][PASSED] - Statement - SelectedOptions = com.kms.katalon.core.webui.keyword.WebUiBuiltInKeywords.getNumberOfTotalOption(com.kms.katalon.core.testobject.ObjectRepository.findTestObject(Store Request Schedule 1/Page_Store/select_--Select--Adernaline 0.)): 63 options of object 'Object Repository/Store Request Schedule 1/Page_Store/select_--Select--Adernaline 0.' counted

2018-05-23 09:44:08 - [MESSAGE][PASSED] - 63 options of object 'Object Repository/Store Request Schedule 1/Page_Store/select_--Select--Adernaline 0.' counted

2018-05-23 09:44:08 - [TEST_STEP][PASSED] - Statement - For ([y = 1, y < SelectedOptions, (y++)]): Object: 'Object Repository/Store Request Schedule 1/Page_Store/button_Add' is clicked on

2018-05-23 09:44:08 - [TEST_STEP][PASSED] - selectOptionByIndex: All options with index in [1] are selected on object 'Object Repository/Store Request Schedule 1/Page_Store/select_--Select--Schedule 1Inj'

2018-05-23 09:44:08 - [MESSAGE][PASSED] - All options with index in [1] are selected on object 'Object Repository/Store Request Schedule 1/Page_Store/select_--Select--Schedule 1Inj'

2018-05-23 09:44:08 - [TEST_STEP][PASSED] - delay: Delayed 1 second(s)

2018-05-23 09:44:09 - [MESSAGE][PASSED] - Delayed 1 second(s)

2018-05-23 09:44:09 - [TEST_STEP][PASSED] - selectOptionByIndex: All options with index in [1] are selected on object 'Object Repository/Store Request Schedule 1/Page_Store/select_--Select--Adernaline 0.'

2018-05-23 09:44:10 - [MESSAGE][PASSED] - All options with index in [1] are selected on object 'Object Repository/Store Request Schedule 1/Page_Store/select_--Select--Adernaline 0.'

2018-05-23 09:44:10 - [TEST_STEP][PASSED] - setText: Text '100' is set on object 'Object Repository/Store Request Schedule 1/Page_Store/input_txttreat'

2018-05-23 09:44:10 - [MESSAGE][PASSED] - Text '100' is set on object 'Object Repository/Store Request Schedule 1/Page_Store/input_txttreat'

2018-05-23 09:44:10 - [TEST_STEP][PASSED] - click: Object: 'Object Repository/Store Request Schedule 1/Page_Store/button_Add' is clicked on

2018-05-23 09:44:10 - [MESSAGE][PASSED] - Object: 'Object Repository/Store Request Schedule 1/Page_Store/button_Add' is clicked on

2018-05-23 09:44:10 - [TEST_STEP][PASSED] - selectOptionByIndex: All options with index in [1] are selected on object 'Object Repository/Store Request Schedule 1/Page_Store/select_--Select--Schedule 1Inj'

2018-05-23 09:44:10 - [MESSAGE][PASSED] - All options with index in [1] are selected on object 'Object Repository/Store Request Schedule 1/Page_Store/select_--Select--Schedule 1Inj'

2018-05-23 09:44:10 - [TEST_STEP][PASSED] - delay: Delayed 1 second(s)

2018-05-23 09:44:11 - [MESSAGE][PASSED] - Delayed 1 second(s)

2018-05-23 09:44:11 - [TEST_STEP][PASSED] - selectOptionByIndex: All options with index in [2] are selected on object 'Object Repository/Store Request Schedule 1/Page_Store/select_--Select--Adernaline 0.'

2018-05-23 09:44:11 - [MESSAGE][PASSED] - All options with index in [2] are selected on object 'Object Repository/Store Request Schedule 1/Page_Store/select_--Select--Adernaline 0.'

2018-05-23 09:44:11 - [TEST_STEP][PASSED] - setText: Text '100' is set on object 'Object Repository/Store Request Schedule 1/Page_Store/input_txttreat'

2018-05-23 09:44:11 - [MESSAGE][PASSED] - Text '100' is set on object 'Object Repository/Store Request Schedule 1/Page_Store/input_txttreat'

2018-05-23 09:44:11 - [TEST_STEP][PASSED] - click: Object: 'Object Repository/Store Request Schedule 1/Page_Store/button_Add' is clicked on

2018-05-23 09:44:11 - [MESSAGE][PASSED] - Object: 'Object Repository/Store Request Schedule 1/Page_Store/button_Add' is clicked on

2018-05-23 09:44:11 - [TEST_STEP][PASSED] - selectOptionByIndex: All options with index in [1] are selected on object 'Object Repository/Store Request Schedule 1/Page_Store/select_--Select--Schedule 1Inj'

2018-05-23 09:44:11 - [MESSAGE][PASSED] - All options with index in [1] are selected on object 'Object Repository/Store Request Schedule 1/Page_Store/select_--Select--Schedule 1Inj'

2018-05-23 09:44:11 - [TEST_STEP][PASSED] - delay: Delayed 1 second(s)

2018-05-23 09:44:12 - [MESSAGE][PASSED] - Delayed 1 second(s)

2018-05-23 09:44:12 - [TEST_STEP][PASSED] - selectOptionByIndex: All options with index in [3] are selected on object 'Object Repository/Store Request Schedule 1/Page_Store/select_--Select--Adernaline 0.'

2018-05-23 09:44:13 - [MESSAGE][PASSED] - All options with index in [3] are selected on object 'Object Repository/Store Request Schedule 1/Page_Store/select_--Select--Adernaline 0.'

2018-05-23 09:44:13 - [TEST_STEP][PASSED] - setText: Text '100' is set on object 'Object Repository/Store Request Schedule 1/Page_Store/input_txttreat'

2018-05-23 09:44:13 - [MESSAGE][PASSED] - Text '100' is set on object 'Object Repository/Store Request Schedule 1/Page_Store/input_txttreat'

2018-05-23 09:44:13 - [TEST_STEP][PASSED] - click: Object: 'Object Repository/Store Request Schedule 1/Page_Store/button_Add' is clicked on

2018-05-23 09:44:13 - [MESSAGE][PASSED] - Object: 'Object Repository/Store Request Schedule 1/Page_Store/button_Add' is clicked on

2018-05-23 09:44:13 - [TEST_STEP][PASSED] - selectOptionByIndex: All options with index in [1] are selected on object 'Object Repository/Store Request Schedule 1/Page_Store/select_--Select--Schedule 1Inj'

2018-05-23 09:44:13 - [MESSAGE][PASSED] - All options with index in [1] are selected on object 'Object Repository/Store Request Schedule 1/Page_Store/select_--Select--Schedule 1Inj'

2018-05-23 09:44:13 - [TEST_STEP][PASSED] - delay: Delayed 1 second(s)

2018-05-23 09:44:14 - [MESSAGE][PASSED] - Delayed 1 second(s)

2018-05-23 09:44:14 - [TEST_STEP][PASSED] - selectOptionByIndex: All options with index in [4] are selected on object 'Object Repository/Store Request Schedule 1/Page_Store/select_--Select--Adernaline 0.'

2018-05-23 09:44:14 - [MESSAGE][PASSED] - All options with index in [4] are selected on object 'Object Repository/Store Request Schedule 1/Page_Store/select_--Select--Adernaline 0.'

2018-05-23 09:44:14 - [TEST_STEP][PASSED] - setText: Text '100' is set on object 'Object Repository/Store Request Schedule 1/Page_Store/input_txttreat'

2018-05-23 09:44:14 - [MESSAGE][PASSED] - Text '100' is set on object 'Object Repository/Store Request Schedule 1/Page_Store/input_txttreat'

2018-05-23 09:44:14 - [TEST_STEP][PASSED] - click: Object: 'Object Repository/Store Request Schedule 1/Page_Store/button_Add' is clicked on

2018-05-23 09:44:14 - [MESSAGE][PASSED] - Object: 'Object Repository/Store Request Schedule 1/Page_Store/button_Add' is clicked on

2018-05-23 09:44:14 - [TEST_STEP][PASSED] - selectOptionByIndex: All options with index in [1] are selected on object 'Object Repository/Store Request Schedule 1/Page_Store/select_--Select--Schedule 1Inj'

2018-05-23 09:44:14 - [MESSAGE][PASSED] - All options with index in [1] are selected on object 'Object Repository/Store Request Schedule 1/Page_Store/select_--Select--Schedule 1Inj'

2018-05-23 09:44:14 - [TEST_STEP][PASSED] - delay: Delayed 1 second(s)

2018-05-23 09:44:15 - [MESSAGE][PASSED] - Delayed 1 second(s)

2018-05-23 09:44:15 - [TEST_STEP][PASSED] - selectOptionByIndex: All options with index in [5] are selected on object 'Object Repository/Store Request Schedule 1/Page_Store/select_--Select--Adernaline 0.'

2018-05-23 09:44:15 - [MESSAGE][PASSED] - All options with index in [5] are selected on object 'Object Repository/Store Request Schedule 1/Page_Store/select_--Select--Adernaline 0.'

2018-05-23 09:44:15 - [TEST_STEP][PASSED] - setText: Text '100' is set on object 'Object Repository/Store Request Schedule 1/Page_Store/input_txttreat'

2018-05-23 09:44:16 - [MESSAGE][PASSED] - Text '100' is set on object 'Object Repository/Store Request Schedule 1/Page_Store/input_txttreat'

2018-05-23 09:44:16 - [TEST_STEP][PASSED] - click: Object: 'Object Repository/Store Request Schedule 1/Page_Store/button_Add' is clicked on

2018-05-23 09:44:16 - [MESSAGE][PASSED] - Object: 'Object Repository/Store Request Schedule 1/Page_Store/button_Add' is clicked on

2018-05-23 09:44:16 - [TEST_STEP][PASSED] - selectOptionByIndex: All options with index in [1] are selected on object 'Object Repository/Store Request Schedule 1/Page_Store/select_--Select--Schedule 1Inj'

2018-05-23 09:44:16 - [MESSAGE][PASSED] - All options with index in [1] are selected on object 'Object Repository/Store Request Schedule 1/Page_Store/select_--Select--Schedule 1Inj'

2018-05-23 09:44:16 - [TEST_STEP][PASSED] - delay: Delayed 1 second(s)

2018-05-23 09:44:17 - [MESSAGE][PASSED] - Delayed 1 second(s)

2018-05-23 09:44:17 - [TEST_STEP][PASSED] - selectOptionByIndex: All options with index in [6] are selected on object 'Object Repository/Store Request Schedule 1/Page_Store/select_--Select--Adernaline 0.'

2018-05-23 09:44:17 - [MESSAGE][PASSED] - All options with index in [6] are selected on object 'Object Repository/Store Request Schedule 1/Page_Store/select_--Select--Adernaline 0.'

2018-05-23 09:44:17 - [TEST_STEP][PASSED] - setText: Text '100' is set on object 'Object Repository/Store Request Schedule 1/Page_Store/input_txttreat'

2018-05-23 09:44:17 - [MESSAGE][PASSED] - Text '100' is set on object 'Object Repository/Store Request Schedule 1/Page_Store/input_txttreat'

2018-05-23 09:44:17 - [TEST_STEP][PASSED] - click: Object: 'Object Repository/Store Request Schedule 1/Page_Store/button_Add' is clicked on

2018-05-23 09:44:17 - [MESSAGE][PASSED] - Object: 'Object Repository/Store Request Schedule 1/Page_Store/button_Add' is clicked on

2018-05-23 09:44:17 - [TEST_STEP][PASSED] - selectOptionByIndex: All options with index in [1] are selected on object 'Object Repository/Store Request Schedule 1/Page_Store/select_--Select--Schedule 1Inj'

2018-05-23 09:44:17 - [MESSAGE][PASSED] - All options with index in [1] are selected on object 'Object Repository/Store Request Schedule 1/Page_Store/select_--Select--Schedule 1Inj'

2018-05-23 09:44:17 - [TEST_STEP][PASSED] - delay: Delayed 1 second(s)

2018-05-23 09:44:18 - [MESSAGE][PASSED] - Delayed 1 second(s)

2018-05-23 09:44:18 - [TEST_STEP][PASSED] - selectOptionByIndex: All options with index in [7] are selected on object 'Object Repository/Store Request Schedule 1/Page_Store/select_--Select--Adernaline 0.'

2018-05-23 09:44:18 - [MESSAGE][PASSED] - All options with index in [7] are selected on object 'Object Repository/Store Request Schedule 1/Page_Store/select_--Select--Adernaline 0.'

2018-05-23 09:44:18 - [TEST_STEP][PASSED] - setText: Text '100' is set on object 'Object Repository/Store Request Schedule 1/Page_Store/input_txttreat'

2018-05-23 09:44:19 - [MESSAGE][PASSED] - Text '100' is set on object 'Object Repository/Store Request Schedule 1/Page_Store/input_txttreat'

2018-05-23 09:44:19 - [TEST_STEP][PASSED] - click: Object: 'Object Repository/Store Request Schedule 1/Page_Store/button_Add' is clicked on

2018-05-23 09:44:19 - [MESSAGE][PASSED] - Object: 'Object Repository/Store Request Schedule 1/Page_Store/button_Add' is clicked on

2018-05-23 09:44:19 - [TEST_STEP][PASSED] - selectOptionByIndex: All options with index in [1] are selected on object 'Object Repository/Store Request Schedule 1/Page_Store/select_--Select--Schedule 1Inj'

2018-05-23 09:44:19 - [MESSAGE][PASSED] - All options with index in [1] are selected on object 'Object Repository/Store Request Schedule 1/Page_Store/select_--Select--Schedule 1Inj'

2018-05-23 09:44:19 - [TEST_STEP][PASSED] - delay: Delayed 1 second(s)

2018-05-23 09:44:20 - [MESSAGE][PASSED] - Delayed 1 second(s)

2018-05-23 09:44:20 - [TEST_STEP][PASSED] - selectOptionByIndex: All options with index in [8] are selected on object 'Object Repository/Store Request Schedule 1/Page_Store/select_--Select--Adernaline 0.'

2018-05-23 09:44:20 - [MESSAGE][PASSED] - All options with index in [8] are selected on object 'Object Repository/Store Request Schedule 1/Page_Store/select_--Select--Adernaline 0.'

2018-05-23 09:44:20 - [TEST_STEP][PASSED] - setText: Text '100' is set on object 'Object Repository/Store Request Schedule 1/Page_Store/input_txttreat'

2018-05-23 09:44:20 - [MESSAGE][PASSED] - Text '100' is set on object 'Object Repository/Store Request Schedule 1/Page_Store/input_txttreat'

2018-05-23 09:44:20 - [TEST_STEP][PASSED] - click: Object: 'Object Repository/Store Request Schedule 1/Page_Store/button_Add' is clicked on

2018-05-23 09:44:20 - [MESSAGE][PASSED] - Object: 'Object Repository/Store Request Schedule 1/Page_Store/button_Add' is clicked on

2018-05-23 09:44:20 - [TEST_STEP][PASSED] - selectOptionByIndex: All options with index in [1] are selected on object 'Object Repository/Store Request Schedule 1/Page_Store/select_--Select--Schedule 1Inj'

2018-05-23 09:44:20 - [MESSAGE][PASSED] - All options with index in [1] are selected on object 'Object Repository/Store Request Schedule 1/Page_Store/select_--Select--Schedule 1Inj'

2018-05-23 09:44:20 - [TEST_STEP][PASSED] - delay: Delayed 1 second(s)

2018-05-23 09:44:21 - [MESSAGE][PASSED] - Delayed 1 second(s)

2018-05-23 09:44:21 - [TEST_STEP][PASSED] - selectOptionByIndex: All options with index in [9] are selected on object 'Object Repository/Store Request Schedule 1/Page_Store/select_--Select--Adernaline 0.'

2018-05-23 09:44:22 - [MESSAGE][PASSED] - All options with index in [9] are selected on object 'Object Repository/Store Request Schedule 1/Page_Store/select_--Select--Adernaline 0.'

2018-05-23 09:44:22 - [TEST_STEP][PASSED] - setText: Text '100' is set on object 'Object Repository/Store Request Schedule 1/Page_Store/input_txttreat'

2018-05-23 09:44:22 - [MESSAGE][PASSED] - Text '100' is set on object 'Object Repository/Store Request Schedule 1/Page_Store/input_txttreat'

2018-05-23 09:44:22 - [TEST_STEP][PASSED] - click: Object: 'Object Repository/Store Request Schedule 1/Page_Store/button_Add' is clicked on

2018-05-23 09:44:22 - [MESSAGE][PASSED] - Object: 'Object Repository/Store Request Schedule 1/Page_Store/button_Add' is clicked on

2018-05-23 09:44:22 - [TEST_STEP][PASSED] - selectOptionByIndex: All options with index in [1] are selected on object 'Object Repository/Store Request Schedule 1/Page_Store/select_--Select--Schedule 1Inj'

2018-05-23 09:44:22 - [MESSAGE][PASSED] - All options with index in [1] are selected on object 'Object Repository/Store Request Schedule 1/Page_Store/select_--Select--Schedule 1Inj'

2018-05-23 09:44:22 - [TEST_STEP][PASSED] - delay: Delayed 1 second(s)

2018-05-23 09:44:23 - [MESSAGE][PASSED] - Delayed 1 second(s)

2018-05-23 09:44:23 - [TEST_STEP][PASSED] - selectOptionByIndex: All options with index in [10] are selected on object 'Object Repository/Store Request Schedule 1/Page_Store/select_--Select--Adernaline 0.'

2018-05-23 09:44:23 - [MESSAGE][PASSED] - All options with index in [10] are selected on object 'Object Repository/Store Request Schedule 1/Page_Store/select_--Select--Adernaline 0.'

2018-05-23 09:44:23 - [TEST_STEP][PASSED] - setText: Text '100' is set on object 'Object Repository/Store Request Schedule 1/Page_Store/input_txttreat'

2018-05-23 09:44:23 - [MESSAGE][PASSED] - Text '100' is set on object 'Object Repository/Store Request Schedule 1/Page_Store/input_txttreat'

2018-05-23 09:44:23 - [TEST_STEP][PASSED] - click: Object: 'Object Repository/Store Request Schedule 1/Page_Store/button_Add' is clicked on

2018-05-23 09:44:23 - [MESSAGE][PASSED] - Object: 'Object Repository/Store Request Schedule 1/Page_Store/button_Add' is clicked on

2018-05-23 09:44:23 - [TEST_STEP][PASSED] - selectOptionByIndex: All options with index in [1] are selected on object 'Object Repository/Store Request Schedule 1/Page_Store/select_--Select--Schedule 1Inj'

2018-05-23 09:44:23 - [MESSAGE][PASSED] - All options with index in [1] are selected on object 'Object Repository/Store Request Schedule 1/Page_Store/select_--Select--Schedule 1Inj'

2018-05-23 09:44:23 - [TEST_STEP][PASSED] - delay: Delayed 1 second(s)

2018-05-23 09:44:24 - [MESSAGE][PASSED] - Delayed 1 second(s)

2018-05-23 09:44:24 - [TEST_STEP][PASSED] - selectOptionByIndex: All options with index in [11] are selected on object 'Object Repository/Store Request Schedule 1/Page_Store/select_--Select--Adernaline 0.'

2018-05-23 09:44:24 - [MESSAGE][PASSED] - All options with index in [11] are selected on object 'Object Repository/Store Request Schedule 1/Page_Store/select_--Select--Adernaline 0.'

2018-05-23 09:44:24 - [TEST_STEP][PASSED] - setText: Text '100' is set on object 'Object Repository/Store Request Schedule 1/Page_Store/input_txttreat'

2018-05-23 09:44:25 - [MESSAGE][PASSED] - Text '100' is set on object 'Object Repository/Store Request Schedule 1/Page_Store/input_txttreat'

2018-05-23 09:44:25 - [TEST_STEP][PASSED] - click: Object: 'Object Repository/Store Request Schedule 1/Page_Store/button_Add' is clicked on

2018-05-23 09:44:25 - [MESSAGE][PASSED] - Object: 'Object Repository/Store Request Schedule 1/Page_Store/button_Add' is clicked on

2018-05-23 09:44:25 - [TEST_STEP][PASSED] - selectOptionByIndex: All options with index in [1] are selected on object 'Object Repository/Store Request Schedule 1/Page_Store/select_--Select--Schedule 1Inj'

2018-05-23 09:44:25 - [MESSAGE][PASSED] - All options with index in [1] are selected on object 'Object Repository/Store Request Schedule 1/Page_Store/select_--Select--Schedule 1Inj'

2018-05-23 09:44:25 - [TEST_STEP][PASSED] - delay: Delayed 1 second(s)

2018-05-23 09:44:26 - [MESSAGE][PASSED] - Delayed 1 second(s)

2018-05-23 09:44:26 - [TEST_STEP][PASSED] - selectOptionByIndex: All options with index in [12] are selected on object 'Object Repository/Store Request Schedule 1/Page_Store/select_--Select--Adernaline 0.'

2018-05-23 09:44:26 - [MESSAGE][PASSED] - All options with index in [12] are selected on object 'Object Repository/Store Request Schedule 1/Page_Store/select_--Select--Adernaline 0.'

2018-05-23 09:44:26 - [TEST_STEP][PASSED] - setText: Text '100' is set on object 'Object Repository/Store Request Schedule 1/Page_Store/input_txttreat'

2018-05-23 09:44:26 - [MESSAGE][PASSED] - Text '100' is set on object 'Object Repository/Store Request Schedule 1/Page_Store/input_txttreat'

2018-05-23 09:44:26 - [TEST_STEP][PASSED] - click: Object: 'Object Repository/Store Request Schedule 1/Page_Store/button_Add' is clicked on

2018-05-23 09:44:26 - [MESSAGE][PASSED] - Object: 'Object Repository/Store Request Schedule 1/Page_Store/button_Add' is clicked on

2018-05-23 09:44:26 - [TEST_STEP][PASSED] - selectOptionByIndex: All options with index in [1] are selected on object 'Object Repository/Store Request Schedule 1/Page_Store/select_--Select--Schedule 1Inj'

2018-05-23 09:44:26 - [MESSAGE][PASSED] - All options with index in [1] are selected on object 'Object Repository/Store Request Schedule 1/Page_Store/select_--Select--Schedule 1Inj'

2018-05-23 09:44:26 - [TEST_STEP][PASSED] - delay: Delayed 1 second(s)

2018-05-23 09:44:27 - [MESSAGE][PASSED] - Delayed 1 second(s)

2018-05-23 09:44:27 - [TEST_STEP][PASSED] - selectOptionByIndex: All options with index in [13] are selected on object 'Object Repository/Store Request Schedule 1/Page_Store/select_--Select--Adernaline 0.'

2018-05-23 09:44:28 - [MESSAGE][PASSED] - All options with index in [13] are selected on object 'Object Repository/Store Request Schedule 1/Page_Store/select_--Select--Adernaline 0.'

2018-05-23 09:44:28 - [TEST_STEP][PASSED] - setText: Text '100' is set on object 'Object Repository/Store Request Schedule 1/Page_Store/input_txttreat'

2018-05-23 09:44:28 - [MESSAGE][PASSED] - Text '100' is set on object 'Object Repository/Store Request Schedule 1/Page_Store/input_txttreat'

2018-05-23 09:44:28 - [TEST_STEP][PASSED] - click: Object: 'Object Repository/Store Request Schedule 1/Page_Store/button_Add' is clicked on

2018-05-23 09:44:28 - [MESSAGE][PASSED] - Object: 'Object Repository/Store Request Schedule 1/Page_Store/button_Add' is clicked on

2018-05-23 09:44:28 - [TEST_STEP][PASSED] - selectOptionByIndex: All options with index in [1] are selected on object 'Object Repository/Store Request Schedule 1/Page_Store/select_--Select--Schedule 1Inj'

2018-05-23 09:44:28 - [MESSAGE][PASSED] - All options with index in [1] are selected on object 'Object Repository/Store Request Schedule 1/Page_Store/select_--Select--Schedule 1Inj'

2018-05-23 09:44:28 - [TEST_STEP][PASSED] - delay: Delayed 1 second(s)

2018-05-23 09:44:29 - [MESSAGE][PASSED] - Delayed 1 second(s)

2018-05-23 09:44:29 - [TEST_STEP][PASSED] - selectOptionByIndex: All options with index in [14] are selected on object 'Object Repository/Store Request Schedule 1/Page_Store/select_--Select--Adernaline 0.'

2018-05-23 09:44:29 - [MESSAGE][PASSED] - All options with index in [14] are selected on object 'Object Repository/Store Request Schedule 1/Page_Store/select_--Select--Adernaline 0.'

2018-05-23 09:44:29 - [TEST_STEP][PASSED] - setText: Text '100' is set on object 'Object Repository/Store Request Schedule 1/Page_Store/input_txttreat'

2018-05-23 09:44:29 - [MESSAGE][PASSED] - Text '100' is set on object 'Object Repository/Store Request Schedule 1/Page_Store/input_txttreat'

2018-05-23 09:44:29 - [TEST_STEP][PASSED] - click: Object: 'Object Repository/Store Request Schedule 1/Page_Store/button_Add' is clicked on

2018-05-23 09:44:29 - [MESSAGE][PASSED] - Object: 'Object Repository/Store Request Schedule 1/Page_Store/button_Add' is clicked on

2018-05-23 09:44:29 - [TEST_STEP][PASSED] - selectOptionByIndex: All options with index in [1] are selected on object 'Object Repository/Store Request Schedule 1/Page_Store/select_--Select--Schedule 1Inj'

2018-05-23 09:44:29 - [MESSAGE][PASSED] - All options with index in [1] are selected on object 'Object Repository/Store Request Schedule 1/Page_Store/select_--Select--Schedule 1Inj'

2018-05-23 09:44:29 - [TEST_STEP][PASSED] - delay: Delayed 1 second(s)

2018-05-23 09:44:30 - [MESSAGE][PASSED] - Delayed 1 second(s)

2018-05-23 09:44:30 - [TEST_STEP][PASSED] - selectOptionByIndex: All options with index in [15] are selected on object 'Object Repository/Store Request Schedule 1/Page_Store/select_--Select--Adernaline 0.'

2018-05-23 09:44:31 - [MESSAGE][PASSED] - All options with index in [15] are selected on object 'Object Repository/Store Request Schedule 1/Page_Store/select_--Select--Adernaline 0.'

2018-05-23 09:44:31 - [TEST_STEP][PASSED] - setText: Text '100' is set on object 'Object Repository/Store Request Schedule 1/Page_Store/input_txttreat'

2018-05-23 09:44:31 - [MESSAGE][PASSED] - Text '100' is set on object 'Object Repository/Store Request Schedule 1/Page_Store/input_txttreat'

2018-05-23 09:44:31 - [TEST_STEP][PASSED] - click: Object: 'Object Repository/Store Request Schedule 1/Page_Store/button_Add' is clicked on

2018-05-23 09:44:31 - [MESSAGE][PASSED] - Object: 'Object Repository/Store Request Schedule 1/Page_Store/button_Add' is clicked on

2018-05-23 09:44:31 - [TEST_STEP][PASSED] - selectOptionByIndex: All options with index in [1] are selected on object 'Object Repository/Store Request Schedule 1/Page_Store/select_--Select--Schedule 1Inj'

2018-05-23 09:44:31 - [MESSAGE][PASSED] - All options with index in [1] are selected on object 'Object Repository/Store Request Schedule 1/Page_Store/select_--Select--Schedule 1Inj'

2018-05-23 09:44:31 - [TEST_STEP][PASSED] - delay: Delayed 1 second(s)

2018-05-23 09:44:32 - [MESSAGE][PASSED] - Delayed 1 second(s)

2018-05-23 09:44:32 - [TEST_STEP][PASSED] - selectOptionByIndex: All options with index in [16] are selected on object 'Object Repository/Store Request Schedule 1/Page_Store/select_--Select--Adernaline 0.'

2018-05-23 09:44:32 - [MESSAGE][PASSED] - All options with index in [16] are selected on object 'Object Repository/Store Request Schedule 1/Page_Store/select_--Select--Adernaline 0.'

2018-05-23 09:44:32 - [TEST_STEP][PASSED] - setText: Text '100' is set on object 'Object Repository/Store Request Schedule 1/Page_Store/input_txttreat'

2018-05-23 09:44:33 - [MESSAGE][PASSED] - Text '100' is set on object 'Object Repository/Store Request Schedule 1/Page_Store/input_txttreat'

2018-05-23 09:44:33 - [TEST_STEP][PASSED] - click: Object: 'Object Repository/Store Request Schedule 1/Page_Store/button_Add' is clicked on

2018-05-23 09:44:33 - [MESSAGE][PASSED] - Object: 'Object Repository/Store Request Schedule 1/Page_Store/button_Add' is clicked on

2018-05-23 09:44:33 - [TEST_STEP][PASSED] - selectOptionByIndex: All options with index in [1] are selected on object 'Object Repository/Store Request Schedule 1/Page_Store/select_--Select--Schedule 1Inj'

2018-05-23 09:44:33 - [MESSAGE][PASSED] - All options with index in [1] are selected on object 'Object Repository/Store Request Schedule 1/Page_Store/select_--Select--Schedule 1Inj'

2018-05-23 09:44:33 - [TEST_STEP][PASSED] - delay: Delayed 1 second(s)

2018-05-23 09:44:34 - [MESSAGE][PASSED] - Delayed 1 second(s)

2018-05-23 09:44:34 - [TEST_STEP][PASSED] - selectOptionByIndex: All options with index in [17] are selected on object 'Object Repository/Store Request Schedule 1/Page_Store/select_--Select--Adernaline 0.'

2018-05-23 09:44:34 - [MESSAGE][PASSED] - All options with index in [17] are selected on object 'Object Repository/Store Request Schedule 1/Page_Store/select_--Select--Adernaline 0.'

2018-05-23 09:44:34 - [TEST_STEP][PASSED] - setText: Text '100' is set on object 'Object Repository/Store Request Schedule 1/Page_Store/input_txttreat'

2018-05-23 09:44:34 - [MESSAGE][PASSED] - Text '100' is set on object 'Object Repository/Store Request Schedule 1/Page_Store/input_txttreat'

2018-05-23 09:44:34 - [TEST_STEP][PASSED] - click: Object: 'Object Repository/Store Request Schedule 1/Page_Store/button_Add' is clicked on

2018-05-23 09:44:34 - [MESSAGE][PASSED] - Object: 'Object Repository/Store Request Schedule 1/Page_Store/button_Add' is clicked on

2018-05-23 09:44:34 - [TEST_STEP][PASSED] - selectOptionByIndex: All options with index in [1] are selected on object 'Object Repository/Store Request Schedule 1/Page_Store/select_--Select--Schedule 1Inj'

2018-05-23 09:44:34 - [MESSAGE][PASSED] - All options with index in [1] are selected on object 'Object Repository/Store Request Schedule 1/Page_Store/select_--Select--Schedule 1Inj'

2018-05-23 09:44:34 - [TEST_STEP][PASSED] - delay: Delayed 1 second(s)

2018-05-23 09:44:35 - [MESSAGE][PASSED] - Delayed 1 second(s)

2018-05-23 09:44:35 - [TEST_STEP][PASSED] - selectOptionByIndex: All options with index in [18] are selected on object 'Object Repository/Store Request Schedule 1/Page_Store/select_--Select--Adernaline 0.'

2018-05-23 09:44:36 - [MESSAGE][PASSED] - All options with index in [18] are selected on object 'Object Repository/Store Request Schedule 1/Page_Store/select_--Select--Adernaline 0.'

2018-05-23 09:44:36 - [TEST_STEP][PASSED] - setText: Text '100' is set on object 'Object Repository/Store Request Schedule 1/Page_Store/input_txttreat'

2018-05-23 09:44:36 - [MESSAGE][PASSED] - Text '100' is set on object 'Object Repository/Store Request Schedule 1/Page_Store/input_txttreat'

2018-05-23 09:44:36 - [TEST_STEP][PASSED] - click: Object: 'Object Repository/Store Request Schedule 1/Page_Store/button_Add' is clicked on

2018-05-23 09:44:36 - [MESSAGE][PASSED] - Object: 'Object Repository/Store Request Schedule 1/Page_Store/button_Add' is clicked on

2018-05-23 09:44:36 - [TEST_STEP][PASSED] - selectOptionByIndex: All options with index in [1] are selected on object 'Object Repository/Store Request Schedule 1/Page_Store/select_--Select--Schedule 1Inj'

2018-05-23 09:44:36 - [MESSAGE][PASSED] - All options with index in [1] are selected on object 'Object Repository/Store Request Schedule 1/Page_Store/select_--Select--Schedule 1Inj'

2018-05-23 09:44:36 - [TEST_STEP][PASSED] - delay: Delayed 1 second(s)

2018-05-23 09:44:37 - [MESSAGE][PASSED] - Delayed 1 second(s)

2018-05-23 09:44:37 - [TEST_STEP][PASSED] - selectOptionByIndex: All options with index in [19] are selected on object 'Object Repository/Store Request Schedule 1/Page_Store/select_--Select--Adernaline 0.'

2018-05-23 09:44:37 - [MESSAGE][PASSED] - All options with index in [19] are selected on object 'Object Repository/Store Request Schedule 1/Page_Store/select_--Select--Adernaline 0.'

2018-05-23 09:44:37 - [TEST_STEP][PASSED] - setText: Text '100' is set on object 'Object Repository/Store Request Schedule 1/Page_Store/input_txttreat'

2018-05-23 09:44:37 - [MESSAGE][PASSED] - Text '100' is set on object 'Object Repository/Store Request Schedule 1/Page_Store/input_txttreat'

2018-05-23 09:44:37 - [TEST_STEP][PASSED] - click: Object: 'Object Repository/Store Request Schedule 1/Page_Store/button_Add' is clicked on

2018-05-23 09:44:37 - [MESSAGE][PASSED] - Object: 'Object Repository/Store Request Schedule 1/Page_Store/button_Add' is clicked on

2018-05-23 09:44:37 - [TEST_STEP][PASSED] - selectOptionByIndex: All options with index in [1] are selected on object 'Object Repository/Store Request Schedule 1/Page_Store/select_--Select--Schedule 1Inj'

2018-05-23 09:44:37 - [MESSAGE][PASSED] - All options with index in [1] are selected on object 'Object Repository/Store Request Schedule 1/Page_Store/select_--Select--Schedule 1Inj'

2018-05-23 09:44:37 - [TEST_STEP][PASSED] - delay: Delayed 1 second(s)

2018-05-23 09:44:38 - [MESSAGE][PASSED] - Delayed 1 second(s)

2018-05-23 09:44:38 - [TEST_STEP][PASSED] - selectOptionByIndex: All options with index in [20] are selected on object 'Object Repository/Store Request Schedule 1/Page_Store/select_--Select--Adernaline 0.'

2018-05-23 09:44:39 - [MESSAGE][PASSED] - All options with index in [20] are selected on object 'Object Repository/Store Request Schedule 1/Page_Store/select_--Select--Adernaline 0.'

2018-05-23 09:44:39 - [TEST_STEP][PASSED] - setText: Text '100' is set on object 'Object Repository/Store Request Schedule 1/Page_Store/input_txttreat'

2018-05-23 09:44:39 - [MESSAGE][PASSED] - Text '100' is set on object 'Object Repository/Store Request Schedule 1/Page_Store/input_txttreat'

2018-05-23 09:44:39 - [TEST_STEP][PASSED] - click: Object: 'Object Repository/Store Request Schedule 1/Page_Store/button_Add' is clicked on

2018-05-23 09:44:39 - [MESSAGE][PASSED] - Object: 'Object Repository/Store Request Schedule 1/Page_Store/button_Add' is clicked on

2018-05-23 09:44:39 - [TEST_STEP][PASSED] - selectOptionByIndex: All options with index in [1] are selected on object 'Object Repository/Store Request Schedule 1/Page_Store/select_--Select--Schedule 1Inj'

2018-05-23 09:44:39 - [MESSAGE][PASSED] - All options with index in [1] are selected on object 'Object Repository/Store Request Schedule 1/Page_Store/select_--Select--Schedule 1Inj'

2018-05-23 09:44:39 - [TEST_STEP][PASSED] - delay: Delayed 1 second(s)

2018-05-23 09:44:40 - [MESSAGE][PASSED] - Delayed 1 second(s)

2018-05-23 09:44:40 - [TEST_STEP][PASSED] - selectOptionByIndex: All options with index in [21] are selected on object 'Object Repository/Store Request Schedule 1/Page_Store/select_--Select--Adernaline 0.'

2018-05-23 09:44:41 - [MESSAGE][PASSED] - All options with index in [21] are selected on object 'Object Repository/Store Request Schedule 1/Page_Store/select_--Select--Adernaline 0.'

2018-05-23 09:44:41 - [TEST_STEP][PASSED] - setText: Text '100' is set on object 'Object Repository/Store Request Schedule 1/Page_Store/input_txttreat'

2018-05-23 09:44:41 - [MESSAGE][PASSED] - Text '100' is set on object 'Object Repository/Store Request Schedule 1/Page_Store/input_txttreat'

2018-05-23 09:44:41 - [TEST_STEP][PASSED] - click: Object: 'Object Repository/Store Request Schedule 1/Page_Store/button_Add' is clicked on

2018-05-23 09:44:41 - [MESSAGE][PASSED] - Object: 'Object Repository/Store Request Schedule 1/Page_Store/button_Add' is clicked on

2018-05-23 09:44:41 - [TEST_STEP][PASSED] - selectOptionByIndex: All options with index in [1] are selected on object 'Object Repository/Store Request Schedule 1/Page_Store/select_--Select--Schedule 1Inj'

2018-05-23 09:44:41 - [MESSAGE][PASSED] - All options with index in [1] are selected on object 'Object Repository/Store Request Schedule 1/Page_Store/select_--Select--Schedule 1Inj'

2018-05-23 09:44:41 - [TEST_STEP][PASSED] - delay: Delayed 1 second(s)

2018-05-23 09:44:42 - [MESSAGE][PASSED] - Delayed 1 second(s)

2018-05-23 09:44:42 - [TEST_STEP][PASSED] - selectOptionByIndex: All options with index in [22] are selected on object 'Object Repository/Store Request Schedule 1/Page_Store/select_--Select--Adernaline 0.'

2018-05-23 09:44:42 - [MESSAGE][PASSED] - All options with index in [22] are selected on object 'Object Repository/Store Request Schedule 1/Page_Store/select_--Select--Adernaline 0.'

2018-05-23 09:44:42 - [TEST_STEP][PASSED] - setText: Text '100' is set on object 'Object Repository/Store Request Schedule 1/Page_Store/input_txttreat'

2018-05-23 09:44:42 - [MESSAGE][PASSED] - Text '100' is set on object 'Object Repository/Store Request Schedule 1/Page_Store/input_txttreat'

2018-05-23 09:44:42 - [TEST_STEP][PASSED] - click: Object: 'Object Repository/Store Request Schedule 1/Page_Store/button_Add' is clicked on

2018-05-23 09:44:42 - [MESSAGE][PASSED] - Object: 'Object Repository/Store Request Schedule 1/Page_Store/button_Add' is clicked on

2018-05-23 09:44:42 - [TEST_STEP][PASSED] - selectOptionByIndex: All options with index in [1] are selected on object 'Object Repository/Store Request Schedule 1/Page_Store/select_--Select--Schedule 1Inj'

2018-05-23 09:44:42 - [MESSAGE][PASSED] - All options with index in [1] are selected on object 'Object Repository/Store Request Schedule 1/Page_Store/select_--Select--Schedule 1Inj'

2018-05-23 09:44:42 - [TEST_STEP][PASSED] - delay: Delayed 1 second(s)

2018-05-23 09:44:43 - [MESSAGE][PASSED] - Delayed 1 second(s)

2018-05-23 09:44:43 - [TEST_STEP][PASSED] - selectOptionByIndex: All options with index in [23] are selected on object 'Object Repository/Store Request Schedule 1/Page_Store/select_--Select--Adernaline 0.'

2018-05-23 09:44:44 - [MESSAGE][PASSED] - All options with index in [23] are selected on object 'Object Repository/Store Request Schedule 1/Page_Store/select_--Select--Adernaline 0.'

2018-05-23 09:44:44 - [TEST_STEP][PASSED] - setText: Text '100' is set on object 'Object Repository/Store Request Schedule 1/Page_Store/input_txttreat'

2018-05-23 09:44:44 - [MESSAGE][PASSED] - Text '100' is set on object 'Object Repository/Store Request Schedule 1/Page_Store/input_txttreat'

2018-05-23 09:44:44 - [TEST_STEP][PASSED] - click: Object: 'Object Repository/Store Request Schedule 1/Page_Store/button_Add' is clicked on

2018-05-23 09:44:44 - [MESSAGE][PASSED] - Object: 'Object Repository/Store Request Schedule 1/Page_Store/button_Add' is clicked on

2018-05-23 09:44:44 - [TEST_STEP][PASSED] - selectOptionByIndex: All options with index in [1] are selected on object 'Object Repository/Store Request Schedule 1/Page_Store/select_--Select--Schedule 1Inj'

2018-05-23 09:44:44 - [MESSAGE][PASSED] - All options with index in [1] are selected on object 'Object Repository/Store Request Schedule 1/Page_Store/select_--Select--Schedule 1Inj'

2018-05-23 09:44:44 - [TEST_STEP][PASSED] - delay: Delayed 1 second(s)

2018-05-23 09:44:45 - [MESSAGE][PASSED] - Delayed 1 second(s)

2018-05-23 09:44:45 - [TEST_STEP][PASSED] - selectOptionByIndex: All options with index in [24] are selected on object 'Object Repository/Store Request Schedule 1/Page_Store/select_--Select--Adernaline 0.'

2018-05-23 09:44:46 - [MESSAGE][PASSED] - All options with index in [24] are selected on object 'Object Repository/Store Request Schedule 1/Page_Store/select_--Select--Adernaline 0.'

2018-05-23 09:44:46 - [TEST_STEP][PASSED] - setText: Text '100' is set on object 'Object Repository/Store Request Schedule 1/Page_Store/input_txttreat'

2018-05-23 09:44:46 - [MESSAGE][PASSED] - Text '100' is set on object 'Object Repository/Store Request Schedule 1/Page_Store/input_txttreat'

2018-05-23 09:44:46 - [TEST_STEP][PASSED] - click: Object: 'Object Repository/Store Request Schedule 1/Page_Store/button_Add' is clicked on

2018-05-23 09:44:46 - [MESSAGE][PASSED] - Object: 'Object Repository/Store Request Schedule 1/Page_Store/button_Add' is clicked on

2018-05-23 09:44:46 - [TEST_STEP][PASSED] - selectOptionByIndex: All options with index in [1] are selected on object 'Object Repository/Store Request Schedule 1/Page_Store/select_--Select--Schedule 1Inj'

2018-05-23 09:44:46 - [MESSAGE][PASSED] - All options with index in [1] are selected on object 'Object Repository/Store Request Schedule 1/Page_Store/select_--Select--Schedule 1Inj'

2018-05-23 09:44:46 - [TEST_STEP][PASSED] - delay: Delayed 1 second(s)

2018-05-23 09:44:47 - [MESSAGE][PASSED] - Delayed 1 second(s)

2018-05-23 09:44:47 - [TEST_STEP][PASSED] - selectOptionByIndex: All options with index in [25] are selected on object 'Object Repository/Store Request Schedule 1/Page_Store/select_--Select--Adernaline 0.'

2018-05-23 09:44:47 - [MESSAGE][PASSED] - All options with index in [25] are selected on object 'Object Repository/Store Request Schedule 1/Page_Store/select_--Select--Adernaline 0.'

2018-05-23 09:44:47 - [TEST_STEP][PASSED] - setText: Text '100' is set on object 'Object Repository/Store Request Schedule 1/Page_Store/input_txttreat'

2018-05-23 09:44:47 - [MESSAGE][PASSED] - Text '100' is set on object 'Object Repository/Store Request Schedule 1/Page_Store/input_txttreat'

2018-05-23 09:44:47 - [TEST_STEP][PASSED] - click: Object: 'Object Repository/Store Request Schedule 1/Page_Store/button_Add' is clicked on

2018-05-23 09:44:48 - [MESSAGE][PASSED] - Object: 'Object Repository/Store Request Schedule 1/Page_Store/button_Add' is clicked on

2018-05-23 09:44:48 - [TEST_STEP][PASSED] - selectOptionByIndex: All options with index in [1] are selected on object 'Object Repository/Store Request Schedule 1/Page_Store/select_--Select--Schedule 1Inj'

2018-05-23 09:44:48 - [MESSAGE][PASSED] - All options with index in [1] are selected on object 'Object Repository/Store Request Schedule 1/Page_Store/select_--Select--Schedule 1Inj'

2018-05-23 09:44:48 - [TEST_STEP][PASSED] - delay: Delayed 1 second(s)

2018-05-23 09:44:49 - [MESSAGE][PASSED] - Delayed 1 second(s)

2018-05-23 09:44:49 - [TEST_STEP][PASSED] - selectOptionByIndex: All options with index in [26] are selected on object 'Object Repository/Store Request Schedule 1/Page_Store/select_--Select--Adernaline 0.'

2018-05-23 09:44:49 - [MESSAGE][PASSED] - All options with index in [26] are selected on object 'Object Repository/Store Request Schedule 1/Page_Store/select_--Select--Adernaline 0.'

2018-05-23 09:44:49 - [TEST_STEP][PASSED] - setText: Text '100' is set on object 'Object Repository/Store Request Schedule 1/Page_Store/input_txttreat'

2018-05-23 09:44:49 - [MESSAGE][PASSED] - Text '100' is set on object 'Object Repository/Store Request Schedule 1/Page_Store/input_txttreat'

2018-05-23 09:44:49 - [TEST_STEP][PASSED] - click: Object: 'Object Repository/Store Request Schedule 1/Page_Store/button_Add' is clicked on

2018-05-23 09:44:49 - [MESSAGE][PASSED] - Object: 'Object Repository/Store Request Schedule 1/Page_Store/button_Add' is clicked on

2018-05-23 09:44:49 - [TEST_STEP][PASSED] - selectOptionByIndex: All options with index in [1] are selected on object 'Object Repository/Store Request Schedule 1/Page_Store/select_--Select--Schedule 1Inj'

2018-05-23 09:44:49 - [MESSAGE][PASSED] - All options with index in [1] are selected on object 'Object Repository/Store Request Schedule 1/Page_Store/select_--Select--Schedule 1Inj'

2018-05-23 09:44:49 - [TEST_STEP][PASSED] - delay: Delayed 1 second(s)

2018-05-23 09:44:50 - [MESSAGE][PASSED] - Delayed 1 second(s)

2018-05-23 09:44:50 - [TEST_STEP][PASSED] - selectOptionByIndex: All options with index in [27] are selected on object 'Object Repository/Store Request Schedule 1/Page_Store/select_--Select--Adernaline 0.'

2018-05-23 09:44:51 - [MESSAGE][PASSED] - All options with index in [27] are selected on object 'Object Repository/Store Request Schedule 1/Page_Store/select_--Select--Adernaline 0.'

2018-05-23 09:44:51 - [TEST_STEP][PASSED] - setText: Text '100' is set on object 'Object Repository/Store Request Schedule 1/Page_Store/input_txttreat'

2018-05-23 09:44:51 - [MESSAGE][PASSED] - Text '100' is set on object 'Object Repository/Store Request Schedule 1/Page_Store/input_txttreat'

2018-05-23 09:44:51 - [TEST_STEP][PASSED] - click: Object: 'Object Repository/Store Request Schedule 1/Page_Store/button_Add' is clicked on

2018-05-23 09:44:51 - [MESSAGE][PASSED] - Object: 'Object Repository/Store Request Schedule 1/Page_Store/button_Add' is clicked on

2018-05-23 09:44:51 - [TEST_STEP][PASSED] - selectOptionByIndex: All options with index in [1] are selected on object 'Object Repository/Store Request Schedule 1/Page_Store/select_--Select--Schedule 1Inj'

2018-05-23 09:44:51 - [MESSAGE][PASSED] - All options with index in [1] are selected on object 'Object Repository/Store Request Schedule 1/Page_Store/select_--Select--Schedule 1Inj'

2018-05-23 09:44:51 - [TEST_STEP][PASSED] - delay: Delayed 1 second(s)

2018-05-23 09:44:52 - [MESSAGE][PASSED] - Delayed 1 second(s)

2018-05-23 09:44:52 - [TEST_STEP][PASSED] - selectOptionByIndex: All options with index in [28] are selected on object 'Object Repository/Store Request Schedule 1/Page_Store/select_--Select--Adernaline 0.'

2018-05-23 09:44:53 - [MESSAGE][PASSED] - All options with index in [28] are selected on object 'Object Repository/Store Request Schedule 1/Page_Store/select_--Select--Adernaline 0.'

2018-05-23 09:44:53 - [TEST_STEP][PASSED] - setText: Text '100' is set on object 'Object Repository/Store Request Schedule 1/Page_Store/input_txttreat'

2018-05-23 09:44:53 - [MESSAGE][PASSED] - Text '100' is set on object 'Object Repository/Store Request Schedule 1/Page_Store/input_txttreat'

2018-05-23 09:44:53 - [TEST_STEP][PASSED] - click: Object: 'Object Repository/Store Request Schedule 1/Page_Store/button_Add' is clicked on

2018-05-23 09:44:53 - [MESSAGE][PASSED] - Object: 'Object Repository/Store Request Schedule 1/Page_Store/button_Add' is clicked on

2018-05-23 09:44:53 - [TEST_STEP][PASSED] - selectOptionByIndex: All options with index in [1] are selected on object 'Object Repository/Store Request Schedule 1/Page_Store/select_--Select--Schedule 1Inj'

2018-05-23 09:44:53 - [MESSAGE][PASSED] - All options with index in [1] are selected on object 'Object Repository/Store Request Schedule 1/Page_Store/select_--Select--Schedule 1Inj'

2018-05-23 09:44:53 - [TEST_STEP][PASSED] - delay: Delayed 1 second(s)

2018-05-23 09:44:54 - [MESSAGE][PASSED] - Delayed 1 second(s)

2018-05-23 09:44:54 - [TEST_STEP][PASSED] - selectOptionByIndex: All options with index in [29] are selected on object 'Object Repository/Store Request Schedule 1/Page_Store/select_--Select--Adernaline 0.'

2018-05-23 09:44:54 - [MESSAGE][PASSED] - All options with index in [29] are selected on object 'Object Repository/Store Request Schedule 1/Page_Store/select_--Select--Adernaline 0.'

2018-05-23 09:44:54 - [TEST_STEP][PASSED] - setText: Text '100' is set on object 'Object Repository/Store Request Schedule 1/Page_Store/input_txttreat'

2018-05-23 09:44:54 - [MESSAGE][PASSED] - Text '100' is set on object 'Object Repository/Store Request Schedule 1/Page_Store/input_txttreat'

2018-05-23 09:44:54 - [TEST_STEP][PASSED] - click: Object: 'Object Repository/Store Request Schedule 1/Page_Store/button_Add' is clicked on

2018-05-23 09:44:54 - [MESSAGE][PASSED] - Object: 'Object Repository/Store Request Schedule 1/Page_Store/button_Add' is clicked on

2018-05-23 09:44:54 - [TEST_STEP][PASSED] - selectOptionByIndex: All options with index in [1] are selected on object 'Object Repository/Store Request Schedule 1/Page_Store/select_--Select--Schedule 1Inj'

2018-05-23 09:44:55 - [MESSAGE][PASSED] - All options with index in [1] are selected on object 'Object Repository/Store Request Schedule 1/Page_Store/select_--Select--Schedule 1Inj'

2018-05-23 09:44:55 - [TEST_STEP][PASSED] - delay: Delayed 1 second(s)

2018-05-23 09:44:56 - [MESSAGE][PASSED] - Delayed 1 second(s)

2018-05-23 09:44:56 - [TEST_STEP][PASSED] - selectOptionByIndex: All options with index in [30] are selected on object 'Object Repository/Store Request Schedule 1/Page_Store/select_--Select--Adernaline 0.'

2018-05-23 09:44:56 - [MESSAGE][PASSED] - All options with index in [30] are selected on object 'Object Repository/Store Request Schedule 1/Page_Store/select_--Select--Adernaline 0.'

2018-05-23 09:44:56 - [TEST_STEP][PASSED] - setText: Text '100' is set on object 'Object Repository/Store Request Schedule 1/Page_Store/input_txttreat'

2018-05-23 09:44:56 - [MESSAGE][PASSED] - Text '100' is set on object 'Object Repository/Store Request Schedule 1/Page_Store/input_txttreat'

2018-05-23 09:44:56 - [TEST_STEP][PASSED] - click: Object: 'Object Repository/Store Request Schedule 1/Page_Store/button_Add' is clicked on

2018-05-23 09:44:56 - [MESSAGE][PASSED] - Object: 'Object Repository/Store Request Schedule 1/Page_Store/button_Add' is clicked on

2018-05-23 09:44:56 - [TEST_STEP][PASSED] - selectOptionByIndex: All options with index in [1] are selected on object 'Object Repository/Store Request Schedule 1/Page_Store/select_--Select--Schedule 1Inj'

2018-05-23 09:44:57 - [MESSAGE][PASSED] - All options with index in [1] are selected on object 'Object Repository/Store Request Schedule 1/Page_Store/select_--Select--Schedule 1Inj'

2018-05-23 09:44:57 - [TEST_STEP][PASSED] - delay: Delayed 1 second(s)

2018-05-23 09:44:58 - [MESSAGE][PASSED] - Delayed 1 second(s)

2018-05-23 09:44:58 - [TEST_STEP][PASSED] - selectOptionByIndex: All options with index in [31] are selected on object 'Object Repository/Store Request Schedule 1/Page_Store/select_--Select--Adernaline 0.'

2018-05-23 09:44:58 - [MESSAGE][PASSED] - All options with index in [31] are selected on object 'Object Repository/Store Request Schedule 1/Page_Store/select_--Select--Adernaline 0.'

2018-05-23 09:44:58 - [TEST_STEP][PASSED] - setText: Text '100' is set on object 'Object Repository/Store Request Schedule 1/Page_Store/input_txttreat'

2018-05-23 09:44:58 - [MESSAGE][PASSED] - Text '100' is set on object 'Object Repository/Store Request Schedule 1/Page_Store/input_txttreat'

2018-05-23 09:44:58 - [TEST_STEP][PASSED] - click: Object: 'Object Repository/Store Request Schedule 1/Page_Store/button_Add' is clicked on

2018-05-23 09:44:58 - [MESSAGE][PASSED] - Object: 'Object Repository/Store Request Schedule 1/Page_Store/button_Add' is clicked on

2018-05-23 09:44:58 - [TEST_STEP][PASSED] - selectOptionByIndex: All options with index in [1] are selected on object 'Object Repository/Store Request Schedule 1/Page_Store/select_--Select--Schedule 1Inj'

2018-05-23 09:44:58 - [MESSAGE][PASSED] - All options with index in [1] are selected on object 'Object Repository/Store Request Schedule 1/Page_Store/select_--Select--Schedule 1Inj'

2018-05-23 09:44:58 - [TEST_STEP][PASSED] - delay: Delayed 1 second(s)

2018-05-23 09:44:59 - [MESSAGE][PASSED] - Delayed 1 second(s)

2018-05-23 09:44:59 - [TEST_STEP][PASSED] - selectOptionByIndex: All options with index in [32] are selected on object 'Object Repository/Store Request Schedule 1/Page_Store/select_--Select--Adernaline 0.'

2018-05-23 09:45:00 - [MESSAGE][PASSED] - All options with index in [32] are selected on object 'Object Repository/Store Request Schedule 1/Page_Store/select_--Select--Adernaline 0.'

2018-05-23 09:45:00 - [TEST_STEP][PASSED] - setText: Text '100' is set on object 'Object Repository/Store Request Schedule 1/Page_Store/input_txttreat'

2018-05-23 09:45:00 - [MESSAGE][PASSED] - Text '100' is set on object 'Object Repository/Store Request Schedule 1/Page_Store/input_txttreat'

2018-05-23 09:45:00 - [TEST_STEP][PASSED] - click: Object: 'Object Repository/Store Request Schedule 1/Page_Store/button_Add' is clicked on

2018-05-23 09:45:00 - [MESSAGE][PASSED] - Object: 'Object Repository/Store Request Schedule 1/Page_Store/button_Add' is clicked on

2018-05-23 09:45:00 - [TEST_STEP][PASSED] - selectOptionByIndex: All options with index in [1] are selected on object 'Object Repository/Store Request Schedule 1/Page_Store/select_--Select--Schedule 1Inj'

2018-05-23 09:45:00 - [MESSAGE][PASSED] - All options with index in [1] are selected on object 'Object Repository/Store Request Schedule 1/Page_Store/select_--Select--Schedule 1Inj'

2018-05-23 09:45:00 - [TEST_STEP][PASSED] - delay: Delayed 1 second(s)

2018-05-23 09:45:01 - [MESSAGE][PASSED] - Delayed 1 second(s)

2018-05-23 09:45:01 - [TEST_STEP][PASSED] - selectOptionByIndex: All options with index in [33] are selected on object 'Object Repository/Store Request Schedule 1/Page_Store/select_--Select--Adernaline 0.'

2018-05-23 09:45:02 - [MESSAGE][PASSED] - All options with index in [33] are selected on object 'Object Repository/Store Request Schedule 1/Page_Store/select_--Select--Adernaline 0.'

2018-05-23 09:45:02 - [TEST_STEP][PASSED] - setText: Text '100' is set on object 'Object Repository/Store Request Schedule 1/Page_Store/input_txttreat'

2018-05-23 09:45:02 - [MESSAGE][PASSED] - Text '100' is set on object 'Object Repository/Store Request Schedule 1/Page_Store/input_txttreat'

2018-05-23 09:45:02 - [TEST_STEP][PASSED] - click: Object: 'Object Repository/Store Request Schedule 1/Page_Store/button_Add' is clicked on

2018-05-23 09:45:02 - [MESSAGE][PASSED] - Object: 'Object Repository/Store Request Schedule 1/Page_Store/button_Add' is clicked on

2018-05-23 09:45:02 - [TEST_STEP][PASSED] - selectOptionByIndex: All options with index in [1] are selected on object 'Object Repository/Store Request Schedule 1/Page_Store/select_--Select--Schedule 1Inj'

2018-05-23 09:45:02 - [MESSAGE][PASSED] - All options with index in [1] are selected on object 'Object Repository/Store Request Schedule 1/Page_Store/select_--Select--Schedule 1Inj'

2018-05-23 09:45:02 - [TEST_STEP][PASSED] - delay: Delayed 1 second(s)

2018-05-23 09:45:03 - [MESSAGE][PASSED] - Delayed 1 second(s)

2018-05-23 09:45:03 - [TEST_STEP][PASSED] - selectOptionByIndex: All options with index in [34] are selected on object 'Object Repository/Store Request Schedule 1/Page_Store/select_--Select--Adernaline 0.'

2018-05-23 09:45:04 - [MESSAGE][PASSED] - All options with index in [34] are selected on object 'Object Repository/Store Request Schedule 1/Page_Store/select_--Select--Adernaline 0.'

2018-05-23 09:45:04 - [TEST_STEP][PASSED] - setText: Text '100' is set on object 'Object Repository/Store Request Schedule 1/Page_Store/input_txttreat'

2018-05-23 09:45:05 - [MESSAGE][PASSED] - Text '100' is set on object 'Object Repository/Store Request Schedule 1/Page_Store/input_txttreat'

2018-05-23 09:45:05 - [TEST_STEP][PASSED] - click: Object: 'Object Repository/Store Request Schedule 1/Page_Store/button_Add' is clicked on

2018-05-23 09:45:05 - [MESSAGE][PASSED] - Object: 'Object Repository/Store Request Schedule 1/Page_Store/button_Add' is clicked on

2018-05-23 09:45:05 - [TEST_STEP][PASSED] - selectOptionByIndex: All options with index in [1] are selected on object 'Object Repository/Store Request Schedule 1/Page_Store/select_--Select--Schedule 1Inj'

2018-05-23 09:45:05 - [MESSAGE][PASSED] - All options with index in [1] are selected on object 'Object Repository/Store Request Schedule 1/Page_Store/select_--Select--Schedule 1Inj'

2018-05-23 09:45:05 - [TEST_STEP][PASSED] - delay: Delayed 1 second(s)

2018-05-23 09:45:06 - [MESSAGE][PASSED] - Delayed 1 second(s)

2018-05-23 09:45:06 - [TEST_STEP][PASSED] - selectOptionByIndex: All options with index in [35] are selected on object 'Object Repository/Store Request Schedule 1/Page_Store/select_--Select--Adernaline 0.'

2018-05-23 09:45:07 - [MESSAGE][PASSED] - All options with index in [35] are selected on object 'Object Repository/Store Request Schedule 1/Page_Store/select_--Select--Adernaline 0.'

2018-05-23 09:45:07 - [TEST_STEP][PASSED] - setText: Text '100' is set on object 'Object Repository/Store Request Schedule 1/Page_Store/input_txttreat'

2018-05-23 09:45:07 - [MESSAGE][PASSED] - Text '100' is set on object 'Object Repository/Store Request Schedule 1/Page_Store/input_txttreat'

2018-05-23 09:45:07 - [TEST_STEP][PASSED] - click: Object: 'Object Repository/Store Request Schedule 1/Page_Store/button_Add' is clicked on

2018-05-23 09:45:07 - [MESSAGE][PASSED] - Object: 'Object Repository/Store Request Schedule 1/Page_Store/button_Add' is clicked on

2018-05-23 09:45:07 - [TEST_STEP][PASSED] - selectOptionByIndex: All options with index in [1] are selected on object 'Object Repository/Store Request Schedule 1/Page_Store/select_--Select--Schedule 1Inj'

2018-05-23 09:45:07 - [MESSAGE][PASSED] - All options with index in [1] are selected on object 'Object Repository/Store Request Schedule 1/Page_Store/select_--Select--Schedule 1Inj'

2018-05-23 09:45:07 - [TEST_STEP][PASSED] - delay: Delayed 1 second(s)

2018-05-23 09:45:08 - [MESSAGE][PASSED] - Delayed 1 second(s)

2018-05-23 09:45:08 - [TEST_STEP][PASSED] - selectOptionByIndex: All options with index in [36] are selected on object 'Object Repository/Store Request Schedule 1/Page_Store/select_--Select--Adernaline 0.'

2018-05-23 09:45:09 - [MESSAGE][PASSED] - All options with index in [36] are selected on object 'Object Repository/Store Request Schedule 1/Page_Store/select_--Select--Adernaline 0.'

2018-05-23 09:45:09 - [TEST_STEP][PASSED] - setText: Text '100' is set on object 'Object Repository/Store Request Schedule 1/Page_Store/input_txttreat'

2018-05-23 09:45:09 - [MESSAGE][PASSED] - Text '100' is set on object 'Object Repository/Store Request Schedule 1/Page_Store/input_txttreat'

2018-05-23 09:45:09 - [TEST_STEP][PASSED] - click: Object: 'Object Repository/Store Request Schedule 1/Page_Store/button_Add' is clicked on

2018-05-23 09:45:09 - [MESSAGE][PASSED] - Object: 'Object Repository/Store Request Schedule 1/Page_Store/button_Add' is clicked on

2018-05-23 09:45:09 - [TEST_STEP][PASSED] - selectOptionByIndex: All options with index in [1] are selected on object 'Object Repository/Store Request Schedule 1/Page_Store/select_--Select--Schedule 1Inj'

2018-05-23 09:45:09 - [MESSAGE][PASSED] - All options with index in [1] are selected on object 'Object Repository/Store Request Schedule 1/Page_Store/select_--Select--Schedule 1Inj'

2018-05-23 09:45:09 - [TEST_STEP][PASSED] - delay: Delayed 1 second(s)

2018-05-23 09:45:10 - [MESSAGE][PASSED] - Delayed 1 second(s)

2018-05-23 09:45:10 - [TEST_STEP][PASSED] - selectOptionByIndex: All options with index in [37] are selected on object 'Object Repository/Store Request Schedule 1/Page_Store/select_--Select--Adernaline 0.'

2018-05-23 09:45:10 - [MESSAGE][PASSED] - All options with index in [37] are selected on object 'Object Repository/Store Request Schedule 1/Page_Store/select_--Select--Adernaline 0.'

2018-05-23 09:45:10 - [TEST_STEP][PASSED] - setText: Text '100' is set on object 'Object Repository/Store Request Schedule 1/Page_Store/input_txttreat'

2018-05-23 09:45:10 - [MESSAGE][PASSED] - Text '100' is set on object 'Object Repository/Store Request Schedule 1/Page_Store/input_txttreat'

2018-05-23 09:45:10 - [TEST_STEP][PASSED] - click: Object: 'Object Repository/Store Request Schedule 1/Page_Store/button_Add' is clicked on

2018-05-23 09:45:11 - [MESSAGE][PASSED] - Object: 'Object Repository/Store Request Schedule 1/Page_Store/button_Add' is clicked on

2018-05-23 09:45:11 - [TEST_STEP][PASSED] - selectOptionByIndex: All options with index in [1] are selected on object 'Object Repository/Store Request Schedule 1/Page_Store/select_--Select--Schedule 1Inj'

2018-05-23 09:45:11 - [MESSAGE][PASSED] - All options with index in [1] are selected on object 'Object Repository/Store Request Schedule 1/Page_Store/select_--Select--Schedule 1Inj'

2018-05-23 09:45:11 - [TEST_STEP][PASSED] - delay: Delayed 1 second(s)

2018-05-23 09:45:12 - [MESSAGE][PASSED] - Delayed 1 second(s)

2018-05-23 09:45:12 - [TEST_STEP][PASSED] - selectOptionByIndex: All options with index in [38] are selected on object 'Object Repository/Store Request Schedule 1/Page_Store/select_--Select--Adernaline 0.'

2018-05-23 09:45:12 - [MESSAGE][PASSED] - All options with index in [38] are selected on object 'Object Repository/Store Request Schedule 1/Page_Store/select_--Select--Adernaline 0.'

2018-05-23 09:45:12 - [TEST_STEP][PASSED] - setText: Text '100' is set on object 'Object Repository/Store Request Schedule 1/Page_Store/input_txttreat'

2018-05-23 09:45:12 - [MESSAGE][PASSED] - Text '100' is set on object 'Object Repository/Store Request Schedule 1/Page_Store/input_txttreat'

2018-05-23 09:45:12 - [TEST_STEP][PASSED] - click: Object: 'Object Repository/Store Request Schedule 1/Page_Store/button_Add' is clicked on

2018-05-23 09:45:12 - [MESSAGE][PASSED] - Object: 'Object Repository/Store Request Schedule 1/Page_Store/button_Add' is clicked on

2018-05-23 09:45:12 - [TEST_STEP][PASSED] - selectOptionByIndex: All options with index in [1] are selected on object 'Object Repository/Store Request Schedule 1/Page_Store/select_--Select--Schedule 1Inj'

2018-05-23 09:45:12 - [MESSAGE][PASSED] - All options with index in [1] are selected on object 'Object Repository/Store Request Schedule 1/Page_Store/select_--Select--Schedule 1Inj'

2018-05-23 09:45:12 - [TEST_STEP][PASSED] - delay: Delayed 1 second(s)

2018-05-23 09:45:13 - [MESSAGE][PASSED] - Delayed 1 second(s)

2018-05-23 09:45:13 - [TEST_STEP][PASSED] - selectOptionByIndex: All options with index in [39] are selected on object 'Object Repository/Store Request Schedule 1/Page_Store/select_--Select--Adernaline 0.'

2018-05-23 09:45:14 - [MESSAGE][PASSED] - All options with index in [39] are selected on object 'Object Repository/Store Request Schedule 1/Page_Store/select_--Select--Adernaline 0.'

2018-05-23 09:45:14 - [TEST_STEP][PASSED] - setText: Text '100' is set on object 'Object Repository/Store Request Schedule 1/Page_Store/input_txttreat'

2018-05-23 09:45:14 - [MESSAGE][PASSED] - Text '100' is set on object 'Object Repository/Store Request Schedule 1/Page_Store/input_txttreat'

2018-05-23 09:45:14 - [TEST_STEP][PASSED] - click: Object: 'Object Repository/Store Request Schedule 1/Page_Store/button_Add' is clicked on

2018-05-23 09:45:14 - [MESSAGE][PASSED] - Object: 'Object Repository/Store Request Schedule 1/Page_Store/button_Add' is clicked on

2018-05-23 09:45:14 - [TEST_STEP][PASSED] - selectOptionByIndex: All options with index in [1] are selected on object 'Object Repository/Store Request Schedule 1/Page_Store/select_--Select--Schedule 1Inj'

2018-05-23 09:45:14 - [MESSAGE][PASSED] - All options with index in [1] are selected on object 'Object Repository/Store Request Schedule 1/Page_Store/select_--Select--Schedule 1Inj'

2018-05-23 09:45:14 - [TEST_STEP][PASSED] - delay: Delayed 1 second(s)

2018-05-23 09:45:15 - [MESSAGE][PASSED] - Delayed 1 second(s)

2018-05-23 09:45:15 - [TEST_STEP][PASSED] - selectOptionByIndex: All options with index in [40] are selected on object 'Object Repository/Store Request Schedule 1/Page_Store/select_--Select--Adernaline 0.'

2018-05-23 09:45:16 - [MESSAGE][PASSED] - All options with index in [40] are selected on object 'Object Repository/Store Request Schedule 1/Page_Store/select_--Select--Adernaline 0.'

2018-05-23 09:45:16 - [TEST_STEP][PASSED] - setText: Text '100' is set on object 'Object Repository/Store Request Schedule 1/Page_Store/input_txttreat'

2018-05-23 09:45:16 - [MESSAGE][PASSED] - Text '100' is set on object 'Object Repository/Store Request Schedule 1/Page_Store/input_txttreat'

2018-05-23 09:45:16 - [TEST_STEP][PASSED] - click: Object: 'Object Repository/Store Request Schedule 1/Page_Store/button_Add' is clicked on

2018-05-23 09:45:16 - [MESSAGE][PASSED] - Object: 'Object Repository/Store Request Schedule 1/Page_Store/button_Add' is clicked on

2018-05-23 09:45:16 - [TEST_STEP][PASSED] - selectOptionByIndex: All options with index in [1] are selected on object 'Object Repository/Store Request Schedule 1/Page_Store/select_--Select--Schedule 1Inj'

2018-05-23 09:45:16 - [MESSAGE][PASSED] - All options with index in [1] are selected on object 'Object Repository/Store Request Schedule 1/Page_Store/select_--Select--Schedule 1Inj'

2018-05-23 09:45:16 - [TEST_STEP][PASSED] - delay: Delayed 1 second(s)

2018-05-23 09:45:17 - [MESSAGE][PASSED] - Delayed 1 second(s)

2018-05-23 09:45:17 - [TEST_STEP][PASSED] - selectOptionByIndex: All options with index in [41] are selected on object 'Object Repository/Store Request Schedule 1/Page_Store/select_--Select--Adernaline 0.'

2018-05-23 09:45:18 - [MESSAGE][PASSED] - All options with index in [41] are selected on object 'Object Repository/Store Request Schedule 1/Page_Store/select_--Select--Adernaline 0.'

2018-05-23 09:45:18 - [TEST_STEP][PASSED] - setText: Text '100' is set on object 'Object Repository/Store Request Schedule 1/Page_Store/input_txttreat'

2018-05-23 09:45:18 - [MESSAGE][PASSED] - Text '100' is set on object 'Object Repository/Store Request Schedule 1/Page_Store/input_txttreat'

2018-05-23 09:45:18 - [TEST_STEP][PASSED] - click: Object: 'Object Repository/Store Request Schedule 1/Page_Store/button_Add' is clicked on

2018-05-23 09:45:18 - [MESSAGE][PASSED] - Object: 'Object Repository/Store Request Schedule 1/Page_Store/button_Add' is clicked on

2018-05-23 09:45:18 - [TEST_STEP][PASSED] - selectOptionByIndex: All options with index in [1] are selected on object 'Object Repository/Store Request Schedule 1/Page_Store/select_--Select--Schedule 1Inj'

2018-05-23 09:45:18 - [MESSAGE][PASSED] - All options with index in [1] are selected on object 'Object Repository/Store Request Schedule 1/Page_Store/select_--Select--Schedule 1Inj'

2018-05-23 09:45:18 - [TEST_STEP][PASSED] - delay: Delayed 1 second(s)

2018-05-23 09:45:19 - [MESSAGE][PASSED] - Delayed 1 second(s)

2018-05-23 09:45:19 - [TEST_STEP][PASSED] - selectOptionByIndex: All options with index in [42] are selected on object 'Object Repository/Store Request Schedule 1/Page_Store/select_--Select--Adernaline 0.'

2018-05-23 09:45:20 - [MESSAGE][PASSED] - All options with index in [42] are selected on object 'Object Repository/Store Request Schedule 1/Page_Store/select_--Select--Adernaline 0.'

2018-05-23 09:45:20 - [TEST_STEP][PASSED] - setText: Text '100' is set on object 'Object Repository/Store Request Schedule 1/Page_Store/input_txttreat'

2018-05-23 09:45:20 - [MESSAGE][PASSED] - Text '100' is set on object 'Object Repository/Store Request Schedule 1/Page_Store/input_txttreat'

2018-05-23 09:45:20 - [TEST_STEP][PASSED] - click: Object: 'Object Repository/Store Request Schedule 1/Page_Store/button_Add' is clicked on

2018-05-23 09:45:20 - [MESSAGE][PASSED] - Object: 'Object Repository/Store Request Schedule 1/Page_Store/button_Add' is clicked on

2018-05-23 09:45:20 - [TEST_STEP][PASSED] - selectOptionByIndex: All options with index in [1] are selected on object 'Object Repository/Store Request Schedule 1/Page_Store/select_--Select--Schedule 1Inj'

2018-05-23 09:45:20 - [MESSAGE][PASSED] - All options with index in [1] are selected on object 'Object Repository/Store Request Schedule 1/Page_Store/select_--Select--Schedule 1Inj'

2018-05-23 09:45:20 - [TEST_STEP][PASSED] - delay: Delayed 1 second(s)

2018-05-23 09:45:21 - [MESSAGE][PASSED] - Delayed 1 second(s)

2018-05-23 09:45:21 - [TEST_STEP][PASSED] - selectOptionByIndex: All options with index in [43] are selected on object 'Object Repository/Store Request Schedule 1/Page_Store/select_--Select--Adernaline 0.'

2018-05-23 09:45:22 - [MESSAGE][PASSED] - All options with index in [43] are selected on object 'Object Repository/Store Request Schedule 1/Page_Store/select_--Select--Adernaline 0.'

2018-05-23 09:45:22 - [TEST_STEP][PASSED] - setText: Text '100' is set on object 'Object Repository/Store Request Schedule 1/Page_Store/input_txttreat'

2018-05-23 09:45:22 - [MESSAGE][PASSED] - Text '100' is set on object 'Object Repository/Store Request Schedule 1/Page_Store/input_txttreat'

2018-05-23 09:45:22 - [TEST_STEP][PASSED] - click: Object: 'Object Repository/Store Request Schedule 1/Page_Store/button_Add' is clicked on

2018-05-23 09:45:22 - [MESSAGE][PASSED] - Object: 'Object Repository/Store Request Schedule 1/Page_Store/button_Add' is clicked on

2018-05-23 09:45:22 - [TEST_STEP][PASSED] - selectOptionByIndex: All options with index in [1] are selected on object 'Object Repository/Store Request Schedule 1/Page_Store/select_--Select--Schedule 1Inj'

2018-05-23 09:45:22 - [MESSAGE][PASSED] - All options with index in [1] are selected on object 'Object Repository/Store Request Schedule 1/Page_Store/select_--Select--Schedule 1Inj'

2018-05-23 09:45:22 - [TEST_STEP][PASSED] - delay: Delayed 1 second(s)

2018-05-23 09:45:23 - [MESSAGE][PASSED] - Delayed 1 second(s)

2018-05-23 09:45:23 - [TEST_STEP][PASSED] - selectOptionByIndex: All options with index in [44] are selected on object 'Object Repository/Store Request Schedule 1/Page_Store/select_--Select--Adernaline 0.'

2018-05-23 09:45:24 - [MESSAGE][PASSED] - All options with index in [44] are selected on object 'Object Repository/Store Request Schedule 1/Page_Store/select_--Select--Adernaline 0.'

2018-05-23 09:45:24 - [TEST_STEP][PASSED] - setText: Text '100' is set on object 'Object Repository/Store Request Schedule 1/Page_Store/input_txttreat'

2018-05-23 09:45:24 - [MESSAGE][PASSED] - Text '100' is set on object 'Object Repository/Store Request Schedule 1/Page_Store/input_txttreat'

2018-05-23 09:45:24 - [TEST_STEP][PASSED] - click: Object: 'Object Repository/Store Request Schedule 1/Page_Store/button_Add' is clicked on

2018-05-23 09:45:24 - [MESSAGE][PASSED] - Object: 'Object Repository/Store Request Schedule 1/Page_Store/button_Add' is clicked on

2018-05-23 09:45:24 - [TEST_STEP][PASSED] - selectOptionByIndex: All options with index in [1] are selected on object 'Object Repository/Store Request Schedule 1/Page_Store/select_--Select--Schedule 1Inj'

2018-05-23 09:45:24 - [MESSAGE][PASSED] - All options with index in [1] are selected on object 'Object Repository/Store Request Schedule 1/Page_Store/select_--Select--Schedule 1Inj'

2018-05-23 09:45:24 - [TEST_STEP][PASSED] - delay: Delayed 1 second(s)

2018-05-23 09:45:25 - [MESSAGE][PASSED] - Delayed 1 second(s)

2018-05-23 09:45:25 - [TEST_STEP][PASSED] - selectOptionByIndex: All options with index in [45] are selected on object 'Object Repository/Store Request Schedule 1/Page_Store/select_--Select--Adernaline 0.'

2018-05-23 09:45:25 - [MESSAGE][PASSED] - All options with index in [45] are selected on object 'Object Repository/Store Request Schedule 1/Page_Store/select_--Select--Adernaline 0.'

2018-05-23 09:45:25 - [TEST_STEP][PASSED] - setText: Text '100' is set on object 'Object Repository/Store Request Schedule 1/Page_Store/input_txttreat'

2018-05-23 09:45:26 - [MESSAGE][PASSED] - Text '100' is set on object 'Object Repository/Store Request Schedule 1/Page_Store/input_txttreat'

2018-05-23 09:45:26 - [TEST_STEP][PASSED] - click: Object: 'Object Repository/Store Request Schedule 1/Page_Store/button_Add' is clicked on

2018-05-23 09:45:26 - [MESSAGE][PASSED] - Object: 'Object Repository/Store Request Schedule 1/Page_Store/button_Add' is clicked on

2018-05-23 09:45:26 - [TEST_STEP][PASSED] - selectOptionByIndex: All options with index in [1] are selected on object 'Object Repository/Store Request Schedule 1/Page_Store/select_--Select--Schedule 1Inj'

2018-05-23 09:45:26 - [MESSAGE][PASSED] - All options with index in [1] are selected on object 'Object Repository/Store Request Schedule 1/Page_Store/select_--Select--Schedule 1Inj'

2018-05-23 09:45:26 - [TEST_STEP][PASSED] - delay: Delayed 1 second(s)

2018-05-23 09:45:27 - [MESSAGE][PASSED] - Delayed 1 second(s)

2018-05-23 09:45:27 - [TEST_STEP][PASSED] - selectOptionByIndex: All options with index in [46] are selected on object 'Object Repository/Store Request Schedule 1/Page_Store/select_--Select--Adernaline 0.'

2018-05-23 09:45:27 - [MESSAGE][PASSED] - All options with index in [46] are selected on object 'Object Repository/Store Request Schedule 1/Page_Store/select_--Select--Adernaline 0.'

2018-05-23 09:45:27 - [TEST_STEP][PASSED] - setText: Text '100' is set on object 'Object Repository/Store Request Schedule 1/Page_Store/input_txttreat'

2018-05-23 09:45:29 - [MESSAGE][PASSED] - Text '100' is set on object 'Object Repository/Store Request Schedule 1/Page_Store/input_txttreat'

2018-05-23 09:45:29 - [TEST_STEP][PASSED] - click: Object: 'Object Repository/Store Request Schedule 1/Page_Store/button_Add' is clicked on

2018-05-23 09:45:29 - [MESSAGE][PASSED] - Object: 'Object Repository/Store Request Schedule 1/Page_Store/button_Add' is clicked on

2018-05-23 09:45:29 - [TEST_STEP][PASSED] - selectOptionByIndex: All options with index in [1] are selected on object 'Object Repository/Store Request Schedule 1/Page_Store/select_--Select--Schedule 1Inj'

2018-05-23 09:45:30 - [MESSAGE][PASSED] - All options with index in [1] are selected on object 'Object Repository/Store Request Schedule 1/Page_Store/select_--Select--Schedule 1Inj'

2018-05-23 09:45:30 - [TEST_STEP][PASSED] - delay: Delayed 1 second(s)

2018-05-23 09:45:31 - [MESSAGE][PASSED] - Delayed 1 second(s)

2018-05-23 09:45:31 - [TEST_STEP][PASSED] - selectOptionByIndex: All options with index in [47] are selected on object 'Object Repository/Store Request Schedule 1/Page_Store/select_--Select--Adernaline 0.'

2018-05-23 09:45:32 - [MESSAGE][PASSED] - All options with index in [47] are selected on object 'Object Repository/Store Request Schedule 1/Page_Store/select_--Select--Adernaline 0.'

2018-05-23 09:45:32 - [TEST_STEP][PASSED] - setText: Text '100' is set on object 'Object Repository/Store Request Schedule 1/Page_Store/input_txttreat'

2018-05-23 09:45:33 - [MESSAGE][PASSED] - Text '100' is set on object 'Object Repository/Store Request Schedule 1/Page_Store/input_txttreat'

2018-05-23 09:45:33 - [TEST_STEP][PASSED] - click: Object: 'Object Repository/Store Request Schedule 1/Page_Store/button_Add' is clicked on

2018-05-23 09:45:34 - [MESSAGE][PASSED] - Object: 'Object Repository/Store Request Schedule 1/Page_Store/button_Add' is clicked on

2018-05-23 09:45:34 - [TEST_STEP][PASSED] - selectOptionByIndex: All options with index in [1] are selected on object 'Object Repository/Store Request Schedule 1/Page_Store/select_--Select--Schedule 1Inj'

2018-05-23 09:45:35 - [MESSAGE][PASSED] - All options with index in [1] are selected on object 'Object Repository/Store Request Schedule 1/Page_Store/select_--Select--Schedule 1Inj'

2018-05-23 09:45:35 - [TEST_STEP][PASSED] - delay: Delayed 1 second(s)

2018-05-23 09:45:36 - [MESSAGE][PASSED] - Delayed 1 second(s)

2018-05-23 09:45:36 - [TEST_STEP][PASSED] - selectOptionByIndex: All options with index in [48] are selected on object 'Object Repository/Store Request Schedule 1/Page_Store/select_--Select--Adernaline 0.'

2018-05-23 09:45:37 - [MESSAGE][PASSED] - All options with index in [48] are selected on object 'Object Repository/Store Request Schedule 1/Page_Store/select_--Select--Adernaline 0.'

2018-05-23 09:45:37 - [TEST_STEP][PASSED] - setText: Text '100' is set on object 'Object Repository/Store Request Schedule 1/Page_Store/input_txttreat'

2018-05-23 09:45:38 - [MESSAGE][PASSED] - Text '100' is set on object 'Object Repository/Store Request Schedule 1/Page_Store/input_txttreat'

2018-05-23 09:45:38 - [TEST_STEP][PASSED] - click: Object: 'Object Repository/Store Request Schedule 1/Page_Store/button_Add' is clicked on

2018-05-23 09:45:39 - [MESSAGE][PASSED] - Object: 'Object Repository/Store Request Schedule 1/Page_Store/button_Add' is clicked on

2018-05-23 09:45:39 - [TEST_STEP][PASSED] - selectOptionByIndex: All options with index in [1] are selected on object 'Object Repository/Store Request Schedule 1/Page_Store/select_--Select--Schedule 1Inj'

2018-05-23 09:45:39 - [MESSAGE][PASSED] - All options with index in [1] are selected on object 'Object Repository/Store Request Schedule 1/Page_Store/select_--Select--Schedule 1Inj'

2018-05-23 09:45:39 - [TEST_STEP][PASSED] - delay: Delayed 1 second(s)

2018-05-23 09:45:40 - [MESSAGE][PASSED] - Delayed 1 second(s)

2018-05-23 09:45:40 - [TEST_STEP][PASSED] - selectOptionByIndex: All options with index in [49] are selected on object 'Object Repository/Store Request Schedule 1/Page_Store/select_--Select--Adernaline 0.'

2018-05-23 09:45:42 - [MESSAGE][PASSED] - All options with index in [49] are selected on object 'Object Repository/Store Request Schedule 1/Page_Store/select_--Select--Adernaline 0.'

2018-05-23 09:45:42 - [TEST_STEP][PASSED] - setText: Text '100' is set on object 'Object Repository/Store Request Schedule 1/Page_Store/input_txttreat'

2018-05-23 09:45:43 - [MESSAGE][PASSED] - Text '100' is set on object 'Object Repository/Store Request Schedule 1/Page_Store/input_txttreat'

2018-05-23 09:45:43 - [TEST_STEP][PASSED] - click: Object: 'Object Repository/Store Request Schedule 1/Page_Store/button_Add' is clicked on

2018-05-23 09:45:43 - [MESSAGE][PASSED] - Object: 'Object Repository/Store Request Schedule 1/Page_Store/button_Add' is clicked on

2018-05-23 09:45:43 - [TEST_STEP][PASSED] - selectOptionByIndex: All options with index in [1] are selected on object 'Object Repository/Store Request Schedule 1/Page_Store/select_--Select--Schedule 1Inj'

2018-05-23 09:45:44 - [MESSAGE][PASSED] - All options with index in [1] are selected on object 'Object Repository/Store Request Schedule 1/Page_Store/select_--Select--Schedule 1Inj'

2018-05-23 09:45:44 - [TEST_STEP][PASSED] - delay: Delayed 1 second(s)

2018-05-23 09:45:45 - [MESSAGE][PASSED] - Delayed 1 second(s)

2018-05-23 09:45:45 - [TEST_STEP][PASSED] - selectOptionByIndex: All options with index in [50] are selected on object 'Object Repository/Store Request Schedule 1/Page_Store/select_--Select--Adernaline 0.'

2018-05-23 09:45:47 - [MESSAGE][PASSED] - All options with index in [50] are selected on object 'Object Repository/Store Request Schedule 1/Page_Store/select_--Select--Adernaline 0.'

2018-05-23 09:45:47 - [TEST_STEP][PASSED] - setText: Text '100' is set on object 'Object Repository/Store Request Schedule 1/Page_Store/input_txttreat'

2018-05-23 09:45:47 - [MESSAGE][PASSED] - Text '100' is set on object 'Object Repository/Store Request Schedule 1/Page_Store/input_txttreat'

2018-05-23 09:45:47 - [TEST_STEP][PASSED] - click: Object: 'Object Repository/Store Request Schedule 1/Page_Store/button_Add' is clicked on

2018-05-23 09:45:48 - [MESSAGE][PASSED] - Object: 'Object Repository/Store Request Schedule 1/Page_Store/button_Add' is clicked on

2018-05-23 09:45:48 - [TEST_STEP][PASSED] - selectOptionByIndex: All options with index in [1] are selected on object 'Object Repository/Store Request Schedule 1/Page_Store/select_--Select--Schedule 1Inj'

2018-05-23 09:45:49 - [MESSAGE][PASSED] - All options with index in [1] are selected on object 'Object Repository/Store Request Schedule 1/Page_Store/select_--Select--Schedule 1Inj'

2018-05-23 09:45:49 - [TEST_STEP][PASSED] - delay: Delayed 1 second(s)

2018-05-23 09:45:50 - [MESSAGE][PASSED] - Delayed 1 second(s)

2018-05-23 09:45:50 - [TEST_STEP][PASSED] - selectOptionByIndex: All options with index in [51] are selected on object 'Object Repository/Store Request Schedule 1/Page_Store/select_--Select--Adernaline 0.'

2018-05-23 09:45:52 - [MESSAGE][PASSED] - All options with index in [51] are selected on object 'Object Repository/Store Request Schedule 1/Page_Store/select_--Select--Adernaline 0.'

2018-05-23 09:45:52 - [TEST_STEP][PASSED] - setText: Text '100' is set on object 'Object Repository/Store Request Schedule 1/Page_Store/input_txttreat'

2018-05-23 09:45:53 - [MESSAGE][PASSED] - Text '100' is set on object 'Object Repository/Store Request Schedule 1/Page_Store/input_txttreat'

2018-05-23 09:45:53 - [TEST_STEP][PASSED] - click: Object: 'Object Repository/Store Request Schedule 1/Page_Store/button_Add' is clicked on

2018-05-23 09:45:53 - [MESSAGE][PASSED] - Object: 'Object Repository/Store Request Schedule 1/Page_Store/button_Add' is clicked on

2018-05-23 09:45:53 - [TEST_STEP][PASSED] - selectOptionByIndex: All options with index in [1] are selected on object 'Object Repository/Store Request Schedule 1/Page_Store/select_--Select--Schedule 1Inj'

2018-05-23 09:45:54 - [MESSAGE][PASSED] - All options with index in [1] are selected on object 'Object Repository/Store Request Schedule 1/Page_Store/select_--Select--Schedule 1Inj'

2018-05-23 09:45:54 - [TEST_STEP][PASSED] - delay: Delayed 1 second(s)

2018-05-23 09:45:55 - [MESSAGE][PASSED] - Delayed 1 second(s)

2018-05-23 09:45:55 - [TEST_STEP][PASSED] - selectOptionByIndex: All options with index in [52] are selected on object 'Object Repository/Store Request Schedule 1/Page_Store/select_--Select--Adernaline 0.'

2018-05-23 09:45:56 - [MESSAGE][PASSED] - All options with index in [52] are selected on object 'Object Repository/Store Request Schedule 1/Page_Store/select_--Select--Adernaline 0.'

2018-05-23 09:45:56 - [TEST_STEP][PASSED] - setText: Text '100' is set on object 'Object Repository/Store Request Schedule 1/Page_Store/input_txttreat'

2018-05-23 09:45:57 - [MESSAGE][PASSED] - Text '100' is set on object 'Object Repository/Store Request Schedule 1/Page_Store/input_txttreat'

2018-05-23 09:45:57 - [TEST_STEP][PASSED] - click: Object: 'Object Repository/Store Request Schedule 1/Page_Store/button_Add' is clicked on

2018-05-23 09:45:58 - [MESSAGE][PASSED] - Object: 'Object Repository/Store Request Schedule 1/Page_Store/button_Add' is clicked on

2018-05-23 09:45:58 - [TEST_STEP][PASSED] - selectOptionByIndex: All options with index in [1] are selected on object 'Object Repository/Store Request Schedule 1/Page_Store/select_--Select--Schedule 1Inj'

2018-05-23 09:45:59 - [MESSAGE][PASSED] - All options with index in [1] are selected on object 'Object Repository/Store Request Schedule 1/Page_Store/select_--Select--Schedule 1Inj'

2018-05-23 09:45:59 - [TEST_STEP][PASSED] - delay: Delayed 1 second(s)

2018-05-23 09:46:00 - [MESSAGE][PASSED] - Delayed 1 second(s)

2018-05-23 09:46:00 - [TEST_STEP][PASSED] - selectOptionByIndex: All options with index in [53] are selected on object 'Object Repository/Store Request Schedule 1/Page_Store/select_--Select--Adernaline 0.'

2018-05-23 09:46:01 - [MESSAGE][PASSED] - All options with index in [53] are selected on object 'Object Repository/Store Request Schedule 1/Page_Store/select_--Select--Adernaline 0.'

2018-05-23 09:46:01 - [TEST_STEP][PASSED] - setText: Text '100' is set on object 'Object Repository/Store Request Schedule 1/Page_Store/input_txttreat'

2018-05-23 09:46:02 - [MESSAGE][PASSED] - Text '100' is set on object 'Object Repository/Store Request Schedule 1/Page_Store/input_txttreat'

2018-05-23 09:46:02 - [TEST_STEP][PASSED] - click: Object: 'Object Repository/Store Request Schedule 1/Page_Store/button_Add' is clicked on

2018-05-23 09:46:03 - [MESSAGE][PASSED] - Object: 'Object Repository/Store Request Schedule 1/Page_Store/button_Add' is clicked on

2018-05-23 09:46:03 - [TEST_STEP][PASSED] - selectOptionByIndex: All options with index in [1] are selected on object 'Object Repository/Store Request Schedule 1/Page_Store/select_--Select--Schedule 1Inj'

2018-05-23 09:46:03 - [MESSAGE][PASSED] - All options with index in [1] are selected on object 'Object Repository/Store Request Schedule 1/Page_Store/select_--Select--Schedule 1Inj'

2018-05-23 09:46:03 - [TEST_STEP][PASSED] - delay: Delayed 1 second(s)

2018-05-23 09:46:04 - [MESSAGE][PASSED] - Delayed 1 second(s)

2018-05-23 09:46:04 - [TEST_STEP][PASSED] - selectOptionByIndex: All options with index in [54] are selected on object 'Object Repository/Store Request Schedule 1/Page_Store/select_--Select--Adernaline 0.'

2018-05-23 09:46:06 - [MESSAGE][PASSED] - All options with index in [54] are selected on object 'Object Repository/Store Request Schedule 1/Page_Store/select_--Select--Adernaline 0.'

2018-05-23 09:46:06 - [TEST_STEP][PASSED] - setText: Text '100' is set on object 'Object Repository/Store Request Schedule 1/Page_Store/input_txttreat'

2018-05-23 09:46:07 - [MESSAGE][PASSED] - Text '100' is set on object 'Object Repository/Store Request Schedule 1/Page_Store/input_txttreat'

2018-05-23 09:46:07 - [TEST_STEP][PASSED] - click: Object: 'Object Repository/Store Request Schedule 1/Page_Store/button_Add' is clicked on

2018-05-23 09:46:07 - [MESSAGE][PASSED] - Object: 'Object Repository/Store Request Schedule 1/Page_Store/button_Add' is clicked on

2018-05-23 09:46:07 - [TEST_STEP][PASSED] - selectOptionByIndex: All options with index in [1] are selected on object 'Object Repository/Store Request Schedule 1/Page_Store/select_--Select--Schedule 1Inj'

2018-05-23 09:46:08 - [MESSAGE][PASSED] - All options with index in [1] are selected on object 'Object Repository/Store Request Schedule 1/Page_Store/select_--Select--Schedule 1Inj'

2018-05-23 09:46:08 - [TEST_STEP][PASSED] - delay: Delayed 1 second(s)

2018-05-23 09:46:09 - [MESSAGE][PASSED] - Delayed 1 second(s)

2018-05-23 09:46:09 - [TEST_STEP][PASSED] - selectOptionByIndex: All options with index in [55] are selected on object 'Object Repository/Store Request Schedule 1/Page_Store/select_--Select--Adernaline 0.'

2018-05-23 09:46:11 - [MESSAGE][PASSED] - All options with index in [55] are selected on object 'Object Repository/Store Request Schedule 1/Page_Store/select_--Select--Adernaline 0.'

2018-05-23 09:46:11 - [TEST_STEP][PASSED] - setText: Text '100' is set on object 'Object Repository/Store Request Schedule 1/Page_Store/input_txttreat'

2018-05-23 09:46:11 - [MESSAGE][PASSED] - Text '100' is set on object 'Object Repository/Store Request Schedule 1/Page_Store/input_txttreat'

2018-05-23 09:46:11 - [TEST_STEP][PASSED] - click: Object: 'Object Repository/Store Request Schedule 1/Page_Store/button_Add' is clicked on

2018-05-23 09:46:12 - [MESSAGE][PASSED] - Object: 'Object Repository/Store Request Schedule 1/Page_Store/button_Add' is clicked on

2018-05-23 09:46:12 - [TEST_STEP][PASSED] - selectOptionByIndex: All options with index in [1] are selected on object 'Object Repository/Store Request Schedule 1/Page_Store/select_--Select--Schedule 1Inj'

2018-05-23 09:46:13 - [MESSAGE][PASSED] - All options with index in [1] are selected on object 'Object Repository/Store Request Schedule 1/Page_Store/select_--Select--Schedule 1Inj'

2018-05-23 09:46:13 - [TEST_STEP][PASSED] - delay: Delayed 1 second(s)

2018-05-23 09:46:14 - [MESSAGE][PASSED] - Delayed 1 second(s)

2018-05-23 09:46:14 - [TEST_STEP][PASSED] - selectOptionByIndex: All options with index in [56] are selected on object 'Object Repository/Store Request Schedule 1/Page_Store/select_--Select--Adernaline 0.'

2018-05-23 09:46:15 - [MESSAGE][PASSED] - All options with index in [56] are selected on object 'Object Repository/Store Request Schedule 1/Page_Store/select_--Select--Adernaline 0.'

2018-05-23 09:46:15 - [TEST_STEP][PASSED] - setText: Text '100' is set on object 'Object Repository/Store Request Schedule 1/Page_Store/input_txttreat'

2018-05-23 09:46:16 - [MESSAGE][PASSED] - Text '100' is set on object 'Object Repository/Store Request Schedule 1/Page_Store/input_txttreat'

2018-05-23 09:46:16 - [TEST_STEP][PASSED] - click: Object: 'Object Repository/Store Request Schedule 1/Page_Store/button_Add' is clicked on

2018-05-23 09:46:16 - [MESSAGE][PASSED] - Object: 'Object Repository/Store Request Schedule 1/Page_Store/button_Add' is clicked on

2018-05-23 09:46:16 - [TEST_STEP][PASSED] - selectOptionByIndex: All options with index in [1] are selected on object 'Object Repository/Store Request Schedule 1/Page_Store/select_--Select--Schedule 1Inj'

2018-05-23 09:46:17 - [MESSAGE][PASSED] - All options with index in [1] are selected on object 'Object Repository/Store Request Schedule 1/Page_Store/select_--Select--Schedule 1Inj'

2018-05-23 09:46:17 - [TEST_STEP][PASSED] - delay: Delayed 1 second(s)

2018-05-23 09:46:18 - [MESSAGE][PASSED] - Delayed 1 second(s)

2018-05-23 09:46:18 - [TEST_STEP][PASSED] - selectOptionByIndex: All options with index in [57] are selected on object 'Object Repository/Store Request Schedule 1/Page_Store/select_--Select--Adernaline 0.'

2018-05-23 09:46:20 - [MESSAGE][PASSED] - All options with index in [57] are selected on object 'Object Repository/Store Request Schedule 1/Page_Store/select_--Select--Adernaline 0.'

2018-05-23 09:46:20 - [TEST_STEP][PASSED] - setText: Text '100' is set on object 'Object Repository/Store Request Schedule 1/Page_Store/input_txttreat'

2018-05-23 09:46:21 - [MESSAGE][PASSED] - Text '100' is set on object 'Object Repository/Store Request Schedule 1/Page_Store/input_txttreat'

2018-05-23 09:46:21 - [TEST_STEP][PASSED] - click: Object: 'Object Repository/Store Request Schedule 1/Page_Store/button_Add' is clicked on

2018-05-23 09:46:21 - [MESSAGE][PASSED] - Object: 'Object Repository/Store Request Schedule 1/Page_Store/button_Add' is clicked on

2018-05-23 09:46:21 - [TEST_STEP][PASSED] - selectOptionByIndex: All options with index in [1] are selected on object 'Object Repository/Store Request Schedule 1/Page_Store/select_--Select--Schedule 1Inj'

2018-05-23 09:46:22 - [MESSAGE][PASSED] - All options with index in [1] are selected on object 'Object Repository/Store Request Schedule 1/Page_Store/select_--Select--Schedule 1Inj'

2018-05-23 09:46:22 - [TEST_STEP][PASSED] - delay: Delayed 1 second(s)

2018-05-23 09:46:23 - [MESSAGE][PASSED] - Delayed 1 second(s)

2018-05-23 09:46:23 - [TEST_STEP][PASSED] - selectOptionByIndex: All options with index in [58] are selected on object 'Object Repository/Store Request Schedule 1/Page_Store/select_--Select--Adernaline 0.'

2018-05-23 09:46:24 - [MESSAGE][PASSED] - All options with index in [58] are selected on object 'Object Repository/Store Request Schedule 1/Page_Store/select_--Select--Adernaline 0.'

2018-05-23 09:46:24 - [TEST_STEP][PASSED] - setText: Text '100' is set on object 'Object Repository/Store Request Schedule 1/Page_Store/input_txttreat'

2018-05-23 09:46:25 - [MESSAGE][PASSED] - Text '100' is set on object 'Object Repository/Store Request Schedule 1/Page_Store/input_txttreat'

2018-05-23 09:46:25 - [TEST_STEP][PASSED] - click: Object: 'Object Repository/Store Request Schedule 1/Page_Store/button_Add' is clicked on

2018-05-23 09:46:25 - [MESSAGE][PASSED] - Object: 'Object Repository/Store Request Schedule 1/Page_Store/button_Add' is clicked on

2018-05-23 09:46:25 - [TEST_STEP][PASSED] - selectOptionByIndex: All options with index in [1] are selected on object 'Object Repository/Store Request Schedule 1/Page_Store/select_--Select--Schedule 1Inj'

2018-05-23 09:46:26 - [MESSAGE][PASSED] - All options with index in [1] are selected on object 'Object Repository/Store Request Schedule 1/Page_Store/select_--Select--Schedule 1Inj'

2018-05-23 09:46:26 - [TEST_STEP][PASSED] - delay: Delayed 1 second(s)

2018-05-23 09:46:27 - [MESSAGE][PASSED] - Delayed 1 second(s)

2018-05-23 09:46:27 - [TEST_STEP][PASSED] - selectOptionByIndex: All options with index in [59] are selected on object 'Object Repository/Store Request Schedule 1/Page_Store/select_--Select--Adernaline 0.'

2018-05-23 09:46:29 - [MESSAGE][PASSED] - All options with index in [59] are selected on object 'Object Repository/Store Request Schedule 1/Page_Store/select_--Select--Adernaline 0.'

2018-05-23 09:46:29 - [TEST_STEP][PASSED] - setText: Text '100' is set on object 'Object Repository/Store Request Schedule 1/Page_Store/input_txttreat'

2018-05-23 09:46:29 - [MESSAGE][PASSED] - Text '100' is set on object 'Object Repository/Store Request Schedule 1/Page_Store/input_txttreat'

2018-05-23 09:46:29 - [TEST_STEP][PASSED] - click: Object: 'Object Repository/Store Request Schedule 1/Page_Store/button_Add' is clicked on

2018-05-23 09:46:30 - [MESSAGE][PASSED] - Object: 'Object Repository/Store Request Schedule 1/Page_Store/button_Add' is clicked on

2018-05-23 09:46:30 - [TEST_STEP][PASSED] - selectOptionByIndex: All options with index in [1] are selected on object 'Object Repository/Store Request Schedule 1/Page_Store/select_--Select--Schedule 1Inj'

2018-05-23 09:46:30 - [MESSAGE][PASSED] - All options with index in [1] are selected on object 'Object Repository/Store Request Schedule 1/Page_Store/select_--Select--Schedule 1Inj'

2018-05-23 09:46:30 - [TEST_STEP][PASSED] - delay: Delayed 1 second(s)

2018-05-23 09:46:31 - [MESSAGE][PASSED] - Delayed 1 second(s)

2018-05-23 09:46:31 - [TEST_STEP][PASSED] - selectOptionByIndex: All options with index in [60] are selected on object 'Object Repository/Store Request Schedule 1/Page_Store/select_--Select--Adernaline 0.'

2018-05-23 09:46:33 - [MESSAGE][PASSED] - All options with index in [60] are selected on object 'Object Repository/Store Request Schedule 1/Page_Store/select_--Select--Adernaline 0.'

2018-05-23 09:46:33 - [TEST_STEP][PASSED] - setText: Text '100' is set on object 'Object Repository/Store Request Schedule 1/Page_Store/input_txttreat'

2018-05-23 09:46:33 - [MESSAGE][PASSED] - Text '100' is set on object 'Object Repository/Store Request Schedule 1/Page_Store/input_txttreat'

2018-05-23 09:46:33 - [TEST_STEP][PASSED] - click: Object: 'Object Repository/Store Request Schedule 1/Page_Store/button_Add' is clicked on

2018-05-23 09:46:34 - [MESSAGE][PASSED] - Object: 'Object Repository/Store Request Schedule 1/Page_Store/button_Add' is clicked on

2018-05-23 09:46:34 - [TEST_STEP][PASSED] - selectOptionByIndex: All options with index in [1] are selected on object 'Object Repository/Store Request Schedule 1/Page_Store/select_--Select--Schedule 1Inj'

2018-05-23 09:46:35 - [MESSAGE][PASSED] - All options with index in [1] are selected on object 'Object Repository/Store Request Schedule 1/Page_Store/select_--Select--Schedule 1Inj'

2018-05-23 09:46:35 - [TEST_STEP][PASSED] - delay: Delayed 1 second(s)

2018-05-23 09:46:36 - [MESSAGE][PASSED] - Delayed 1 second(s)

2018-05-23 09:46:36 - [TEST_STEP][PASSED] - selectOptionByIndex: All options with index in [61] are selected on object 'Object Repository/Store Request Schedule 1/Page_Store/select_--Select--Adernaline 0.'

2018-05-23 09:46:37 - [MESSAGE][PASSED] - All options with index in [61] are selected on object 'Object Repository/Store Request Schedule 1/Page_Store/select_--Select--Adernaline 0.'

2018-05-23 09:46:37 - [TEST_STEP][PASSED] - setText: Text '100' is set on object 'Object Repository/Store Request Schedule 1/Page_Store/input_txttreat'

2018-05-23 09:46:38 - [MESSAGE][PASSED] - Text '100' is set on object 'Object Repository/Store Request Schedule 1/Page_Store/input_txttreat'

2018-05-23 09:46:38 - [TEST_STEP][PASSED] - click: Object: 'Object Repository/Store Request Schedule 1/Page_Store/button_Add' is clicked on

2018-05-23 09:46:38 - [MESSAGE][PASSED] - Object: 'Object Repository/Store Request Schedule 1/Page_Store/button_Add' is clicked on

2018-05-23 09:46:38 - [TEST_STEP][PASSED] - selectOptionByIndex: All options with index in [1] are selected on object 'Object Repository/Store Request Schedule 1/Page_Store/select_--Select--Schedule 1Inj'

2018-05-23 09:46:39 - [MESSAGE][PASSED] - All options with index in [1] are selected on object 'Object Repository/Store Request Schedule 1/Page_Store/select_--Select--Schedule 1Inj'

2018-05-23 09:46:39 - [TEST_STEP][PASSED] - delay: Delayed 1 second(s)

2018-05-23 09:46:40 - [MESSAGE][PASSED] - Delayed 1 second(s)

2018-05-23 09:46:40 - [TEST_STEP][PASSED] - selectOptionByIndex: All options with index in [62] are selected on object 'Object Repository/Store Request Schedule 1/Page_Store/select_--Select--Adernaline 0.'

2018-05-23 09:46:41 - [MESSAGE][PASSED] - All options with index in [62] are selected on object 'Object Repository/Store Request Schedule 1/Page_Store/select_--Select--Adernaline 0.'

2018-05-23 09:46:41 - [TEST_STEP][PASSED] - setText: Text '100' is set on object 'Object Repository/Store Request Schedule 1/Page_Store/input_txttreat'

2018-05-23 09:46:42 - [MESSAGE][PASSED] - Text '100' is set on object 'Object Repository/Store Request Schedule 1/Page_Store/input_txttreat'

2018-05-23 09:46:42 - [TEST_STEP][PASSED] - click: Object: 'Object Repository/Store Request Schedule 1/Page_Store/button_Add' is clicked on

2018-05-23 09:46:43 - [MESSAGE][PASSED] - Object: 'Object Repository/Store Request Schedule 1/Page_Store/button_Add' is clicked on

2018-05-23 09:46:43 - [TEST_STEP][PASSED] - delay: Delayed 2 second(s)

2018-05-23 09:46:45 - [MESSAGE][PASSED] - Delayed 2 second(s)

2018-05-23 09:46:45 - [TEST_STEP][PASSED] - scrollToElement: Scroll to object 'Object Repository/Store Request Schedule 1/Page_Store/input_btnsave' successfully

2018-05-23 09:46:48 - [MESSAGE][PASSED] - Scroll to object 'Object Repository/Store Request Schedule 1/Page_Store/input_btnsave' successfully

2018-05-23 09:46:48 - [TEST_STEP][PASSED] - click: Object: 'Object Repository/Store Request Schedule 1/Page_Store/input_btnsave' is clicked on

2018-05-23 09:46:48 - [MESSAGE][PASSED] - Object: 'Object Repository/Store Request Schedule 1/Page_Store/input_btnsave' is clicked on

2018-05-23 09:46:48 - [TEST_STEP][PASSED] - delay: Delayed 4 second(s)

2018-05-23 09:46:52 - [MESSAGE][PASSED] - Delayed 4 second(s)

2018-05-23 09:46:52 - [TEST_STEP][PASSED] - Statement - Cms_RequestNumber = com.kms.katalon.core.webui.keyword.WebUiBuiltInKeywords.getText(com.kms.katalon.core.testobject.ObjectRepository.findTestObject(Store Request Schedule 1/Page_Store/font_PRNO050520189)): Text of object 'Object Repository/Store Request Schedule 1/Page_Store/font_PRNO050520189' is: 'PRNO/23052018/351'

2018-05-23 09:46:55 - [MESSAGE][PASSED] - Text of object 'Object Repository/Store Request Schedule 1/Page_Store/font_PRNO050520189' is: 'PRNO/23052018/351'

2018-05-23 09:46:55 - [TEST_STEP][PASSED] - Statement - CR = Cms_RequestNumber.trim(): null

2018-05-23 09:46:55 - [TEST_STEP][PASSED] - Statement - out.println("RQ :" + Cms_RequestNumber): null

2018-05-23 09:46:55 - [TEST_STEP][PASSED] - Statement - RequestNumberID = Cms_RequestNumber.split("/")[2].trim(): null

2018-05-23 09:46:56 - [TEST_STEP][PASSED] - Statement - out.println("RQ ID :" + RequestNumberID): null

2018-05-23 09:46:56 - [TEST_STEP][PASSED] - delay: Delayed 3 second(s)

2018-05-23 09:46:59 - [MESSAGE][PASSED] - Delayed 3 second(s)

2018-05-23 09:46:59 - [TEST_STEP][PASSED] - Statement - ok = com.kms.katalon.core.webui.keyword.WebUiBuiltInKeywords.click(com.kms.katalon.core.testobject.ObjectRepository.findTestObject(Store Request Schedule 1/Page_Store/button_OK)): Object: 'Object Repository/Store Request Schedule 1/Page_Store/button_OK' is clicked on

2018-05-23 09:47:02 - [MESSAGE][PASSED] - Object: 'Object Repository/Store Request Schedule 1/Page_Store/button_OK' is clicked on

2018-05-23 09:47:02 - [TEST_STEP][PASSED] - delay: Delayed 3 second(s)

2018-05-23 09:47:05 - [MESSAGE][PASSED] - Delayed 3 second(s)

2018-05-23 09:47:05 - [TEST_STEP][PASSED] - click: Object: 'Object Repository/Store Request Schedule 1/Page_Store/a_dropdown-toggle' is clicked on

2018-05-23 09:47:06 - [MESSAGE][PASSED] - Object: 'Object Repository/Store Request Schedule 1/Page_Store/a_dropdown-toggle' is clicked on

2018-05-23 09:47:06 - [TEST_STEP][PASSED] - click: Object: 'Object Repository/Store Request Schedule 1/Page_Store/a_Sign out' is clicked on

2018-05-23 09:47:17 - [MESSAGE][PASSED] - Object: 'Object Repository/Store Request Schedule 1/Page_Store/a_Sign out' is clicked on

2018-05-23 09:47:17 - [TEST_STEP][PASSED] - delay: Delayed 3 second(s)

2018-05-23 09:47:20 - [MESSAGE][PASSED] - Delayed 3 second(s)

2018-05-23 09:47:20 - [TEST_STEP][PASSED] - click: Object: 'Object Repository/Store Request Schedule 1/Page_KDMC/a_CMO' is clicked on

2018-05-23 09:47:26 - [MESSAGE][PASSED] - Object: 'Object Repository/Store Request Schedule 1/Page_KDMC/a_CMO' is clicked on

2018-05-23 09:47:26 - [TEST_STEP][PASSED] - setText: Text 'guru' is set on object 'Object Repository/Store Request Schedule 1/Page_CMO login/input_txtusername'

2018-05-23 09:47:27 - [MESSAGE][PASSED] - Text 'guru' is set on object 'Object Repository/Store Request Schedule 1/Page_CMO login/input_txtusername'

2018-05-23 09:47:27 - [TEST_STEP][PASSED] - setText: Text '123' is set on object 'Object Repository/Store Request Schedule 1/Page_CMO login/input_txtpassword'

2018-05-23 09:47:28 - [MESSAGE][PASSED] - Text '123' is set on object 'Object Repository/Store Request Schedule 1/Page_CMO login/input_txtpassword'

2018-05-23 09:47:28 - [TEST_STEP][PASSED] - delay: Delayed 3 second(s)

2018-05-23 09:47:31 - [MESSAGE][PASSED] - Delayed 3 second(s)

2018-05-23 09:47:31 - [TEST_STEP][PASSED] - click: Object: 'Object Repository/Store Request Schedule 1/Page_CMO login/button_Sign in' is clicked on

2018-05-23 09:47:36 - [MESSAGE][PASSED] - Object: 'Object Repository/Store Request Schedule 1/Page_CMO login/button_Sign in' is clicked on

2018-05-23 09:47:36 - [TEST_STEP][PASSED] - delay: Delayed 2 second(s)

2018-05-23 09:47:38 - [MESSAGE][PASSED] - Delayed 2 second(s)

2018-05-23 09:47:38 - [TEST_STEP][PASSED] - click: Object: 'Object Repository/Store Request Schedule 1/Page_KDMC - CMO/span_Department Wise Request' is clicked on

2018-05-23 09:47:39 - [MESSAGE][PASSED] - Object: 'Object Repository/Store Request Schedule 1/Page_KDMC - CMO/span_Department Wise Request' is clicked on

2018-05-23 09:47:39 - [TEST_STEP][PASSED] - click: Object: 'Object Repository/Store Request Schedule 1/Page_KDMC - CMO/a_CMS Request' is clicked on

2018-05-23 09:47:39 - [MESSAGE][PASSED] - Object: 'Object Repository/Store Request Schedule 1/Page_KDMC - CMO/a_CMS Request' is clicked on

2018-05-23 09:47:39 - [TEST_STEP][PASSED] - click: Object: 'Object Repository/Store Request Schedule 1/Page_KDMC - CMO/a_CMS Request' is clicked on

2018-05-23 09:47:39 - [MESSAGE][PASSED] - Object: 'Object Repository/Store Request Schedule 1/Page_KDMC - CMO/a_CMS Request' is clicked on

2018-05-23 09:47:39 - [TEST_STEP][PASSED] - click: Object: 'Object Repository/Store Request Schedule 1/Page_KDMC - CMO/span_Divisional Store Request' is clicked on

2018-05-23 09:47:41 - [MESSAGE][PASSED] - Object: 'Object Repository/Store Request Schedule 1/Page_KDMC - CMO/span_Divisional Store Request' is clicked on

2018-05-23 09:47:41 - [TEST_STEP][PASSED] - delay: Delayed 2 second(s)

2018-05-23 09:47:43 - [MESSAGE][PASSED] - Delayed 2 second(s)

2018-05-23 09:47:43 - [TEST_STEP][PASSED] - Statement - approval = com.kms.katalon.core.webui.keyword.WebUiBuiltInKeywords.modifyObjectProperty(com.kms.katalon.core.testobject.ObjectRepository.findTestObject(Store Request Schedule 1/Page_KDMC - CMO/input_PRNO050520189), "xpath", "equals", "//*[@id=" + RequestNumberID + "]", true): Modify property of object successfully

2018-05-23 09:47:43 - [MESSAGE][PASSED] - Modify property of object successfully

2018-05-23 09:47:43 - [TEST_STEP][PASSED] - click: Object: 'Object Repository/Store Request Schedule 1/Page_KDMC - CMO/input_PRNO050520189' is clicked on

2018-05-23 09:47:44 - [MESSAGE][PASSED] - Object: 'Object Repository/Store Request Schedule 1/Page_KDMC - CMO/input_PRNO050520189' is clicked on

2018-05-23 09:47:44 - [TEST_STEP][PASSED] - delay: Delayed 2 second(s)

2018-05-23 09:47:46 - [MESSAGE][PASSED] - Delayed 2 second(s)

2018-05-23 09:47:46 - [TEST_STEP][PASSED] - selectOptionByIndex: All options with index in [1] are selected on object 'Object Repository/Store Request Schedule 1/Page_KDMC - CMO/select_--Select--'

2018-05-23 09:47:46 - [MESSAGE][PASSED] - All options with index in [1] are selected on object 'Object Repository/Store Request Schedule 1/Page_KDMC - CMO/select_--Select--'

2018-05-23 09:47:46 - [TEST_STEP][PASSED] - click: Object: 'Object Repository/Store Request Schedule 1/Page_KDMC - CMO/input_btnupdate' is clicked on

2018-05-23 09:47:46 - [MESSAGE][PASSED] - Object: 'Object Repository/Store Request Schedule 1/Page_KDMC - CMO/input_btnupdate' is clicked on

2018-05-23 09:47:46 - [TEST_STEP][PASSED] - delay: Delayed 2 second(s)

2018-05-23 09:47:48 - [MESSAGE][PASSED] - Delayed 2 second(s)

2018-05-23 09:47:48 - [TEST_STEP][PASSED] - click: Object: 'Object Repository/Store Request Schedule 1/Page_KDMC - CMO/button_OK' is clicked on

2018-05-23 09:47:51 - [MESSAGE][PASSED] - Object: 'Object Repository/Store Request Schedule 1/Page_KDMC - CMO/button_OK' is clicked on

2018-05-23 09:47:51 - [TEST_STEP][PASSED] - delay: Delayed 2 second(s)

2018-05-23 09:47:53 - [MESSAGE][PASSED] - Delayed 2 second(s)

2018-05-23 09:47:53 - [TEST_STEP][PASSED] - click: Object: 'Object Repository/Store Request Schedule 1/Page_KDMC - CMO/a_dropdown-toggle' is clicked on

2018-05-23 09:47:54 - [MESSAGE][PASSED] - Object: 'Object Repository/Store Request Schedule 1/Page_KDMC - CMO/a_dropdown-toggle' is clicked on

2018-05-23 09:47:54 - [TEST_STEP][PASSED] - click: Object: 'Object Repository/Store Request Schedule 1/Page_KDMC - CMO/a_Sign out' is clicked on

2018-05-23 09:47:58 - [MESSAGE][PASSED] - Object: 'Object Repository/Store Request Schedule 1/Page_KDMC - CMO/a_Sign out' is clicked on

2018-05-23 09:47:58 - [TEST_STEP][PASSED] - delay: Delayed 3 second(s)

2018-05-23 09:48:01 - [MESSAGE][PASSED] - Delayed 3 second(s)

2018-05-23 09:48:01 - [TEST_STEP][PASSED] - click: Object: 'Object Repository/store Request Schedule 1/Page_KDMC/a_CMS' is clicked on

2018-05-23 09:48:04 - [MESSAGE][PASSED] - Object: 'Object Repository/store Request Schedule 1/Page_KDMC/a_CMS' is clicked on

2018-05-23 09:48:04 - [TEST_STEP][PASSED] - setText: Text 'bala' is set on object 'Object Repository/store Request Schedule 1/Page_CMS login/input_txtusername'

2018-05-23 09:48:04 - [MESSAGE][PASSED] - Text 'bala' is set on object 'Object Repository/store Request Schedule 1/Page_CMS login/input_txtusername'

2018-05-23 09:48:04 - [TEST_STEP][PASSED] - setText: Text '123' is set on object 'Object Repository/store Request Schedule 1/Page_CMS login/input_txtpassword'

2018-05-23 09:48:05 - [MESSAGE][PASSED] - Text '123' is set on object 'Object Repository/store Request Schedule 1/Page_CMS login/input_txtpassword'

2018-05-23 09:48:05 - [TEST_STEP][PASSED] - delay: Delayed 3 second(s)

2018-05-23 09:48:08 - [MESSAGE][PASSED] - Delayed 3 second(s)

2018-05-23 09:48:08 - [TEST_STEP][PASSED] - click: Object: 'Object Repository/store Request Schedule 1/Page_CMS login/button_Sign in' is clicked on

2018-05-23 09:48:12 - [MESSAGE][PASSED] - Object: 'Object Repository/store Request Schedule 1/Page_CMS login/button_Sign in' is clicked on

2018-05-23 09:48:12 - [TEST_STEP][PASSED] - delay: Delayed 2 second(s)

2018-05-23 09:48:14 - [MESSAGE][PASSED] - Delayed 2 second(s)

2018-05-23 09:48:14 - [TEST_STEP][PASSED] - click: Object: 'Object Repository/store Request Schedule 1/Page_KDMC - CMS/a_Divisional Store' is clicked on

2018-05-23 09:48:15 - [MESSAGE][PASSED] - Object: 'Object Repository/store Request Schedule 1/Page_KDMC - CMS/a_Divisional Store' is clicked on

2018-05-23 09:48:15 - [TEST_STEP][PASSED] - delay: Delayed 2 second(s)

2018-05-23 09:48:17 - [MESSAGE][PASSED] - Delayed 2 second(s)

2018-05-23 09:48:17 - [TEST_STEP][PASSED] - click: Object: 'Object Repository/store Request Schedule 1/Page_KDMC - CMS/a_Dispatch Items' is clicked on

2018-05-23 09:48:19 - [MESSAGE][PASSED] - Object: 'Object Repository/store Request Schedule 1/Page_KDMC - CMS/a_Dispatch Items' is clicked on

2018-05-23 09:48:19 - [TEST_STEP][PASSED] - setText: Text 'PRNO/23052018/351' is set on object 'Object Repository/store Request Schedule 1/Page_KDMC - CMS/input'

2018-05-23 09:48:20 - [MESSAGE][PASSED] - Text 'PRNO/23052018/351' is set on object 'Object Repository/store Request Schedule 1/Page_KDMC - CMS/input'

2018-05-23 09:48:20 - [TEST_STEP][PASSED] - click: Object: 'Object Repository/store Request Schedule 1/Page_KDMC - CMS/td_text-center' is clicked on

2018-05-23 09:48:20 - [MESSAGE][PASSED] - Object: 'Object Repository/store Request Schedule 1/Page_KDMC - CMS/td_text-center' is clicked on

2018-05-23 09:48:20 - [TEST_STEP][PASSED] - delay: Delayed 2 second(s)

2018-05-23 09:48:22 - [MESSAGE][PASSED] - Delayed 2 second(s)

2018-05-23 09:48:22 - [TEST_STEP][PASSED] - Statement - For ([row = 0, row < SelectedOptions - 1, (row++)]): null

2018-05-23 09:48:23 - [TEST_STEP][PASSED] - Statement - batchlength = new com.kms.katalon.core.testobject.TestObject(): null

2018-05-23 09:48:24 - [TEST_STEP][PASSED] - Statement - batchlength = com.kms.katalon.core.webui.keyword.WebUiBuiltInKeywords.modifyObjectProperty(batchlength, "xpath", "equals", "//*[@id = "fldvendor" + row + ""]", true): Modify property of object successfully

2018-05-23 09:48:24 - [MESSAGE][PASSED] - Modify property of object successfully

2018-05-23 09:48:24 - [TEST_STEP][PASSED] - Statement - batchsize = com.kms.katalon.core.webui.keyword.WebUiBuiltInKeywords.getNumberOfTotalOption(batchlength): 12 options of object '' counted

2018-05-23 09:48:24 - [MESSAGE][PASSED] - 12 options of object '' counted

2018-05-23 09:48:24 - [TEST_STEP][PASSED] - Statement - out.println("BatchSize : " + batchsize): null

2018-05-23 09:48:24 - [TEST_STEP][PASSED] - Statement - For ([n = 1, n <= batchsize - 1, (n++)]): null

2018-05-23 09:48:24 - [TEST_STEP][PASSED] - Statement - product = new com.kms.katalon.core.testobject.TestObject(): null

2018-05-23 09:48:24 - [TEST_STEP][PASSED] - Statement - product = com.kms.katalon.core.webui.keyword.WebUiBuiltInKeywords.modifyObjectProperty(product, "xpath", "equals", "//*[@id = "fldvendor" + row + ""]", true): Modify property of object successfully

2018-05-23 09:48:24 - [MESSAGE][PASSED] - Modify property of object successfully

2018-05-23 09:48:24 - [TEST_STEP][PASSED] - selectOptionByIndex: All options with index in [1] are selected on object ''

2018-05-23 09:48:24 - [MESSAGE][PASSED] - All options with index in [1] are selected on object ''

2018-05-23 09:48:24 - [TEST_STEP][PASSED] - Statement - batch = new com.kms.katalon.core.testobject.TestObject(): null

2018-05-23 09:48:24 - [TEST_STEP][PASSED] - Statement - batch = com.kms.katalon.core.webui.keyword.WebUiBuiltInKeywords.modifyObjectProperty(batch, "xpath", "equals", "//*[@id = "txtbthqty" + row + ""]", true): Modify property of object successfully

2018-05-23 09:48:24 - [MESSAGE][PASSED] - Modify property of object successfully

2018-05-23 09:48:24 - [TEST_STEP][PASSED] - Statement - batchqty = com.kms.katalon.core.webui.keyword.WebUiBuiltInKeywords.getAttribute(batch, "value").trim(): Attribute 'value' of object '' is: '3690'

2018-05-23 09:48:26 - [MESSAGE][PASSED] - Attribute 'value' of object '' is: '3690'

2018-05-23 09:48:26 - [TEST_STEP][PASSED] - Statement - Rqty = 100: null

2018-05-23 09:48:26 - [TEST_STEP][PASSED] - delay: Delayed 2 second(s)

2018-05-23 09:48:28 - [MESSAGE][PASSED] - Delayed 2 second(s)

2018-05-23 09:48:28 - [TEST_STEP][PASSED] - Statement - out.println("BatchQty : " + batchqty): null

2018-05-23 09:48:28 - [TEST_STEP][PASSED] - Statement - out.println("RQty : " + Rqty): null

2018-05-23 09:48:28 - [TEST_STEP][PASSED] - Statement - If (java.lang.Integer.valueOf(batchqty) >= java.lang.Integer.valueOf(Rqty)): null

2018-05-23 09:48:28 - [TEST_STEP][PASSED] - Statement - Break: null

2018-05-23 09:48:28 - [TEST_STEP][PASSED] - Statement - batchlength = new com.kms.katalon.core.testobject.TestObject(): null

2018-05-23 09:48:28 - [TEST_STEP][PASSED] - Statement - batchlength = com.kms.katalon.core.webui.keyword.WebUiBuiltInKeywords.modifyObjectProperty(batchlength, "xpath", "equals", "//*[@id = "fldvendor" + row + ""]", true): Modify property of object successfully

2018-05-23 09:48:28 - [MESSAGE][PASSED] - Modify property of object successfully

2018-05-23 09:48:28 - [TEST_STEP][PASSED] - Statement - batchsize = com.kms.katalon.core.webui.keyword.WebUiBuiltInKeywords.getNumberOfTotalOption(batchlength): 13 options of object '' counted

2018-05-23 09:48:28 - [MESSAGE][PASSED] - 13 options of object '' counted

2018-05-23 09:48:28 - [TEST_STEP][PASSED] - Statement - out.println("BatchSize : " + batchsize): null

2018-05-23 09:48:28 - [TEST_STEP][PASSED] - Statement - For ([n = 1, n <= batchsize - 1, (n++)]): null

2018-05-23 09:48:28 - [TEST_STEP][PASSED] - Statement - product = new com.kms.katalon.core.testobject.TestObject(): null

2018-05-23 09:48:28 - [TEST_STEP][PASSED] - Statement - product = com.kms.katalon.core.webui.keyword.WebUiBuiltInKeywords.modifyObjectProperty(product, "xpath", "equals", "//*[@id = "fldvendor" + row + ""]", true): Modify property of object successfully

2018-05-23 09:48:28 - [MESSAGE][PASSED] - Modify property of object successfully

2018-05-23 09:48:28 - [TEST_STEP][PASSED] - selectOptionByIndex: All options with index in [1] are selected on object ''

2018-05-23 09:48:28 - [MESSAGE][PASSED] - All options with index in [1] are selected on object ''

2018-05-23 09:48:28 - [TEST_STEP][PASSED] - Statement - batch = new com.kms.katalon.core.testobject.TestObject(): null

2018-05-23 09:48:28 - [TEST_STEP][PASSED] - Statement - batch = com.kms.katalon.core.webui.keyword.WebUiBuiltInKeywords.modifyObjectProperty(batch, "xpath", "equals", "//*[@id = "txtbthqty" + row + ""]", true): Modify property of object successfully

2018-05-23 09:48:28 - [MESSAGE][PASSED] - Modify property of object successfully

2018-05-23 09:48:28 - [TEST_STEP][PASSED] - Statement - batchqty = com.kms.katalon.core.webui.keyword.WebUiBuiltInKeywords.getAttribute(batch, "value").trim(): Attribute 'value' of object '' is: '3500'

2018-05-23 09:48:28 - [MESSAGE][PASSED] - Attribute 'value' of object '' is: '3500'

2018-05-23 09:48:28 - [TEST_STEP][PASSED] - Statement - Rqty = 100: null

2018-05-23 09:48:28 - [TEST_STEP][PASSED] - delay: Delayed 2 second(s)

2018-05-23 09:48:30 - [MESSAGE][PASSED] - Delayed 2 second(s)

2018-05-23 09:48:30 - [TEST_STEP][PASSED] - Statement - out.println("BatchQty : " + batchqty): null

2018-05-23 09:48:30 - [TEST_STEP][PASSED] - Statement - out.println("RQty : " + Rqty): null

2018-05-23 09:48:30 - [TEST_STEP][PASSED] - Statement - If (java.lang.Integer.valueOf(batchqty) >= java.lang.Integer.valueOf(Rqty)): null

2018-05-23 09:48:30 - [TEST_STEP][PASSED] - Statement - Break: null

2018-05-23 09:48:30 - [TEST_STEP][PASSED] - Statement - batchlength = new com.kms.katalon.core.testobject.TestObject(): null

2018-05-23 09:48:30 - [TEST_STEP][PASSED] - Statement - batchlength = com.kms.katalon.core.webui.keyword.WebUiBuiltInKeywords.modifyObjectProperty(batchlength, "xpath", "equals", "//*[@id = "fldvendor" + row + ""]", true): Modify property of object successfully

2018-05-23 09:48:30 - [MESSAGE][PASSED] - Modify property of object successfully

2018-05-23 09:48:30 - [TEST_STEP][PASSED] - Statement - batchsize = com.kms.katalon.core.webui.keyword.WebUiBuiltInKeywords.getNumberOfTotalOption(batchlength): 11 options of object '' counted

2018-05-23 09:48:30 - [MESSAGE][PASSED] - 11 options of object '' counted

2018-05-23 09:48:30 - [TEST_STEP][PASSED] - Statement - out.println("BatchSize : " + batchsize): null

2018-05-23 09:48:30 - [TEST_STEP][PASSED] - Statement - For ([n = 1, n <= batchsize - 1, (n++)]): null

2018-05-23 09:48:30 - [TEST_STEP][PASSED] - Statement - product = new com.kms.katalon.core.testobject.TestObject(): null

2018-05-23 09:48:30 - [TEST_STEP][PASSED] - Statement - product = com.kms.katalon.core.webui.keyword.WebUiBuiltInKeywords.modifyObjectProperty(product, "xpath", "equals", "//*[@id = "fldvendor" + row + ""]", true): Modify property of object successfully

2018-05-23 09:48:30 - [MESSAGE][PASSED] - Modify property of object successfully

2018-05-23 09:48:30 - [TEST_STEP][PASSED] - selectOptionByIndex: All options with index in [1] are selected on object ''

2018-05-23 09:48:30 - [MESSAGE][PASSED] - All options with index in [1] are selected on object ''

2018-05-23 09:48:30 - [TEST_STEP][PASSED] - Statement - batch = new com.kms.katalon.core.testobject.TestObject(): null

2018-05-23 09:48:30 - [TEST_STEP][PASSED] - Statement - batch = com.kms.katalon.core.webui.keyword.WebUiBuiltInKeywords.modifyObjectProperty(batch, "xpath", "equals", "//*[@id = "txtbthqty" + row + ""]", true): Modify property of object successfully

2018-05-23 09:48:30 - [MESSAGE][PASSED] - Modify property of object successfully

2018-05-23 09:48:30 - [TEST_STEP][PASSED] - Statement - batchqty = com.kms.katalon.core.webui.keyword.WebUiBuiltInKeywords.getAttribute(batch, "value").trim(): Attribute 'value' of object '' is: '4700'

2018-05-23 09:48:30 - [MESSAGE][PASSED] - Attribute 'value' of object '' is: '4700'

2018-05-23 09:48:30 - [TEST_STEP][PASSED] - Statement - Rqty = 100: null

2018-05-23 09:48:30 - [TEST_STEP][PASSED] - delay: Delayed 2 second(s)

2018-05-23 09:48:32 - [MESSAGE][PASSED] - Delayed 2 second(s)

2018-05-23 09:48:32 - [TEST_STEP][PASSED] - Statement - out.println("BatchQty : " + batchqty): null

2018-05-23 09:48:32 - [TEST_STEP][PASSED] - Statement - out.println("RQty : " + Rqty): null

2018-05-23 09:48:32 - [TEST_STEP][PASSED] - Statement - If (java.lang.Integer.valueOf(batchqty) >= java.lang.Integer.valueOf(Rqty)): null

2018-05-23 09:48:32 - [TEST_STEP][PASSED] - Statement - Break: null

2018-05-23 09:48:32 - [TEST_STEP][PASSED] - Statement - batchlength = new com.kms.katalon.core.testobject.TestObject(): null

2018-05-23 09:48:32 - [TEST_STEP][PASSED] - Statement - batchlength = com.kms.katalon.core.webui.keyword.WebUiBuiltInKeywords.modifyObjectProperty(batchlength, "xpath", "equals", "//*[@id = "fldvendor" + row + ""]", true): Modify property of object successfully

2018-05-23 09:48:32 - [MESSAGE][PASSED] - Modify property of object successfully

2018-05-23 09:48:32 - [TEST_STEP][PASSED] - Statement - batchsize = com.kms.katalon.core.webui.keyword.WebUiBuiltInKeywords.getNumberOfTotalOption(batchlength): 11 options of object '' counted

2018-05-23 09:48:32 - [MESSAGE][PASSED] - 11 options of object '' counted

2018-05-23 09:48:32 - [TEST_STEP][PASSED] - Statement - out.println("BatchSize : " + batchsize): null

2018-05-23 09:48:32 - [TEST_STEP][PASSED] - Statement - For ([n = 1, n <= batchsize - 1, (n++)]): null

2018-05-23 09:48:32 - [TEST_STEP][PASSED] - Statement - product = new com.kms.katalon.core.testobject.TestObject(): null

2018-05-23 09:48:32 - [TEST_STEP][PASSED] - Statement - product = com.kms.katalon.core.webui.keyword.WebUiBuiltInKeywords.modifyObjectProperty(product, "xpath", "equals", "//*[@id = "fldvendor" + row + ""]", true): Modify property of object successfully

2018-05-23 09:48:32 - [MESSAGE][PASSED] - Modify property of object successfully

2018-05-23 09:48:32 - [TEST_STEP][PASSED] - selectOptionByIndex: All options with index in [1] are selected on object ''

2018-05-23 09:48:33 - [MESSAGE][PASSED] - All options with index in [1] are selected on object ''

2018-05-23 09:48:33 - [TEST_STEP][PASSED] - Statement - batch = new com.kms.katalon.core.testobject.TestObject(): null

2018-05-23 09:48:33 - [TEST_STEP][PASSED] - Statement - batch = com.kms.katalon.core.webui.keyword.WebUiBuiltInKeywords.modifyObjectProperty(batch, "xpath", "equals", "//*[@id = "txtbthqty" + row + ""]", true): Modify property of object successfully

2018-05-23 09:48:33 - [MESSAGE][PASSED] - Modify property of object successfully

2018-05-23 09:48:33 - [TEST_STEP][PASSED] - Statement - batchqty = com.kms.katalon.core.webui.keyword.WebUiBuiltInKeywords.getAttribute(batch, "value").trim(): Attribute 'value' of object '' is: '4700'

2018-05-23 09:48:33 - [MESSAGE][PASSED] - Attribute 'value' of object '' is: '4700'

2018-05-23 09:48:33 - [TEST_STEP][PASSED] - Statement - Rqty = 100: null

2018-05-23 09:48:33 - [TEST_STEP][PASSED] - delay: Delayed 2 second(s)

2018-05-23 09:48:35 - [MESSAGE][PASSED] - Delayed 2 second(s)

2018-05-23 09:48:35 - [TEST_STEP][PASSED] - Statement - out.println("BatchQty : " + batchqty): null

2018-05-23 09:48:35 - [TEST_STEP][PASSED] - Statement - out.println("RQty : " + Rqty): null

2018-05-23 09:48:35 - [TEST_STEP][PASSED] - Statement - If (java.lang.Integer.valueOf(batchqty) >= java.lang.Integer.valueOf(Rqty)): null

2018-05-23 09:48:35 - [TEST_STEP][PASSED] - Statement - Break: null

2018-05-23 09:48:35 - [TEST_STEP][PASSED] - Statement - batchlength = new com.kms.katalon.core.testobject.TestObject(): null

2018-05-23 09:48:35 - [TEST_STEP][PASSED] - Statement - batchlength = com.kms.katalon.core.webui.keyword.WebUiBuiltInKeywords.modifyObjectProperty(batchlength, "xpath", "equals", "//*[@id = "fldvendor" + row + ""]", true): Modify property of object successfully

2018-05-23 09:48:35 - [MESSAGE][PASSED] - Modify property of object successfully

2018-05-23 09:48:35 - [TEST_STEP][PASSED] - Statement - batchsize = com.kms.katalon.core.webui.keyword.WebUiBuiltInKeywords.getNumberOfTotalOption(batchlength): 11 options of object '' counted

2018-05-23 09:48:35 - [MESSAGE][PASSED] - 11 options of object '' counted

2018-05-23 09:48:35 - [TEST_STEP][PASSED] - Statement - out.println("BatchSize : " + batchsize): null

2018-05-23 09:48:35 - [TEST_STEP][PASSED] - Statement - For ([n = 1, n <= batchsize - 1, (n++)]): null

2018-05-23 09:48:35 - [TEST_STEP][PASSED] - Statement - product = new com.kms.katalon.core.testobject.TestObject(): null

2018-05-23 09:48:35 - [TEST_STEP][PASSED] - Statement - product = com.kms.katalon.core.webui.keyword.WebUiBuiltInKeywords.modifyObjectProperty(product, "xpath", "equals", "//*[@id = "fldvendor" + row + ""]", true): Modify property of object successfully

2018-05-23 09:48:35 - [MESSAGE][PASSED] - Modify property of object successfully

2018-05-23 09:48:35 - [TEST_STEP][PASSED] - selectOptionByIndex: All options with index in [1] are selected on object ''

2018-05-23 09:48:35 - [MESSAGE][PASSED] - All options with index in [1] are selected on object ''

2018-05-23 09:48:35 - [TEST_STEP][PASSED] - Statement - batch = new com.kms.katalon.core.testobject.TestObject(): null

2018-05-23 09:48:35 - [TEST_STEP][PASSED] - Statement - batch = com.kms.katalon.core.webui.keyword.WebUiBuiltInKeywords.modifyObjectProperty(batch, "xpath", "equals", "//*[@id = "txtbthqty" + row + ""]", true): Modify property of object successfully

2018-05-23 09:48:35 - [MESSAGE][PASSED] - Modify property of object successfully

2018-05-23 09:48:35 - [TEST_STEP][PASSED] - Statement - batchqty = com.kms.katalon.core.webui.keyword.WebUiBuiltInKeywords.getAttribute(batch, "value").trim(): Attribute 'value' of object '' is: '4800'

2018-05-23 09:48:35 - [MESSAGE][PASSED] - Attribute 'value' of object '' is: '4800'

2018-05-23 09:48:35 - [TEST_STEP][PASSED] - Statement - Rqty = 100: null

2018-05-23 09:48:35 - [TEST_STEP][PASSED] - delay: Delayed 2 second(s)

2018-05-23 09:48:37 - [MESSAGE][PASSED] - Delayed 2 second(s)

2018-05-23 09:48:37 - [TEST_STEP][PASSED] - Statement - out.println("BatchQty : " + batchqty): null

2018-05-23 09:48:37 - [TEST_STEP][PASSED] - Statement - out.println("RQty : " + Rqty): null

2018-05-23 09:48:37 - [TEST_STEP][PASSED] - Statement - If (java.lang.Integer.valueOf(batchqty) >= java.lang.Integer.valueOf(Rqty)): null

2018-05-23 09:48:37 - [TEST_STEP][PASSED] - Statement - Break: null

2018-05-23 09:48:37 - [TEST_STEP][PASSED] - Statement - batchlength = new com.kms.katalon.core.testobject.TestObject(): null

2018-05-23 09:48:37 - [TEST_STEP][PASSED] - Statement - batchlength = com.kms.katalon.core.webui.keyword.WebUiBuiltInKeywords.modifyObjectProperty(batchlength, "xpath", "equals", "//*[@id = "fldvendor" + row + ""]", true): Modify property of object successfully

2018-05-23 09:48:37 - [MESSAGE][PASSED] - Modify property of object successfully

2018-05-23 09:48:37 - [TEST_STEP][PASSED] - Statement - batchsize = com.kms.katalon.core.webui.keyword.WebUiBuiltInKeywords.getNumberOfTotalOption(batchlength): 11 options of object '' counted

2018-05-23 09:48:37 - [MESSAGE][PASSED] - 11 options of object '' counted

2018-05-23 09:48:37 - [TEST_STEP][PASSED] - Statement - out.println("BatchSize : " + batchsize): null

2018-05-23 09:48:37 - [TEST_STEP][PASSED] - Statement - For ([n = 1, n <= batchsize - 1, (n++)]): null

2018-05-23 09:48:37 - [TEST_STEP][PASSED] - Statement - product = new com.kms.katalon.core.testobject.TestObject(): null

2018-05-23 09:48:37 - [TEST_STEP][PASSED] - Statement - product = com.kms.katalon.core.webui.keyword.WebUiBuiltInKeywords.modifyObjectProperty(product, "xpath", "equals", "//*[@id = "fldvendor" + row + ""]", true): Modify property of object successfully

2018-05-23 09:48:37 - [MESSAGE][PASSED] - Modify property of object successfully

2018-05-23 09:48:37 - [TEST_STEP][PASSED] - selectOptionByIndex: All options with index in [1] are selected on object ''

2018-05-23 09:48:37 - [MESSAGE][PASSED] - All options with index in [1] are selected on object ''

2018-05-23 09:48:37 - [TEST_STEP][PASSED] - Statement - batch = new com.kms.katalon.core.testobject.TestObject(): null

2018-05-23 09:48:37 - [TEST_STEP][PASSED] - Statement - batch = com.kms.katalon.core.webui.keyword.WebUiBuiltInKeywords.modifyObjectProperty(batch, "xpath", "equals", "//*[@id = "txtbthqty" + row + ""]", true): Modify property of object successfully

2018-05-23 09:48:37 - [MESSAGE][PASSED] - Modify property of object successfully

2018-05-23 09:48:37 - [TEST_STEP][PASSED] - Statement - batchqty = com.kms.katalon.core.webui.keyword.WebUiBuiltInKeywords.getAttribute(batch, "value").trim(): Attribute 'value' of object '' is: '4800'

2018-05-23 09:48:37 - [MESSAGE][PASSED] - Attribute 'value' of object '' is: '4800'

2018-05-23 09:48:37 - [TEST_STEP][PASSED] - Statement - Rqty = 100: null

2018-05-23 09:48:37 - [TEST_STEP][PASSED] - delay: Delayed 2 second(s)

2018-05-23 09:48:39 - [MESSAGE][PASSED] - Delayed 2 second(s)

2018-05-23 09:48:39 - [TEST_STEP][PASSED] - Statement - out.println("BatchQty : " + batchqty): null

2018-05-23 09:48:39 - [TEST_STEP][PASSED] - Statement - out.println("RQty : " + Rqty): null

2018-05-23 09:48:39 - [TEST_STEP][PASSED] - Statement - If (java.lang.Integer.valueOf(batchqty) >= java.lang.Integer.valueOf(Rqty)): null

2018-05-23 09:48:39 - [TEST_STEP][PASSED] - Statement - Break: null

2018-05-23 09:48:39 - [TEST_STEP][PASSED] - Statement - batchlength = new com.kms.katalon.core.testobject.TestObject(): null

2018-05-23 09:48:39 - [TEST_STEP][PASSED] - Statement - batchlength = com.kms.katalon.core.webui.keyword.WebUiBuiltInKeywords.modifyObjectProperty(batchlength, "xpath", "equals", "//*[@id = "fldvendor" + row + ""]", true): Modify property of object successfully

2018-05-23 09:48:39 - [MESSAGE][PASSED] - Modify property of object successfully

2018-05-23 09:48:39 - [TEST_STEP][PASSED] - Statement - batchsize = com.kms.katalon.core.webui.keyword.WebUiBuiltInKeywords.getNumberOfTotalOption(batchlength): 11 options of object '' counted

2018-05-23 09:48:39 - [MESSAGE][PASSED] - 11 options of object '' counted

2018-05-23 09:48:39 - [TEST_STEP][PASSED] - Statement - out.println("BatchSize : " + batchsize): null

2018-05-23 09:48:39 - [TEST_STEP][PASSED] - Statement - For ([n = 1, n <= batchsize - 1, (n++)]): null

2018-05-23 09:48:39 - [TEST_STEP][PASSED] - Statement - product = new com.kms.katalon.core.testobject.TestObject(): null

2018-05-23 09:48:39 - [TEST_STEP][PASSED] - Statement - product = com.kms.katalon.core.webui.keyword.WebUiBuiltInKeywords.modifyObjectProperty(product, "xpath", "equals", "//*[@id = "fldvendor" + row + ""]", true): Modify property of object successfully

2018-05-23 09:48:39 - [MESSAGE][PASSED] - Modify property of object successfully

2018-05-23 09:48:39 - [TEST_STEP][PASSED] - selectOptionByIndex: All options with index in [1] are selected on object ''

2018-05-23 09:48:39 - [MESSAGE][PASSED] - All options with index in [1] are selected on object ''

2018-05-23 09:48:39 - [TEST_STEP][PASSED] - Statement - batch = new com.kms.katalon.core.testobject.TestObject(): null

2018-05-23 09:48:39 - [TEST_STEP][PASSED] - Statement - batch = com.kms.katalon.core.webui.keyword.WebUiBuiltInKeywords.modifyObjectProperty(batch, "xpath", "equals", "//*[@id = "txtbthqty" + row + ""]", true): Modify property of object successfully

2018-05-23 09:48:39 - [MESSAGE][PASSED] - Modify property of object successfully

2018-05-23 09:48:39 - [TEST_STEP][PASSED] - Statement - batchqty = com.kms.katalon.core.webui.keyword.WebUiBuiltInKeywords.getAttribute(batch, "value").trim(): Attribute 'value' of object '' is: '300'

2018-05-23 09:48:39 - [MESSAGE][PASSED] - Attribute 'value' of object '' is: '300'

2018-05-23 09:48:39 - [TEST_STEP][PASSED] - Statement - Rqty = 100: null

2018-05-23 09:48:39 - [TEST_STEP][PASSED] - delay: Delayed 2 second(s)

2018-05-23 09:48:41 - [MESSAGE][PASSED] - Delayed 2 second(s)

2018-05-23 09:48:41 - [TEST_STEP][PASSED] - Statement - out.println("BatchQty : " + batchqty): null

2018-05-23 09:48:41 - [TEST_STEP][PASSED] - Statement - out.println("RQty : " + Rqty): null

2018-05-23 09:48:41 - [TEST_STEP][PASSED] - Statement - If (java.lang.Integer.valueOf(batchqty) >= java.lang.Integer.valueOf(Rqty)): null

2018-05-23 09:48:41 - [TEST_STEP][PASSED] - Statement - Break: null

2018-05-23 09:48:41 - [TEST_STEP][PASSED] - Statement - batchlength = new com.kms.katalon.core.testobject.TestObject(): null

2018-05-23 09:48:41 - [TEST_STEP][PASSED] - Statement - batchlength = com.kms.katalon.core.webui.keyword.WebUiBuiltInKeywords.modifyObjectProperty(batchlength, "xpath", "equals", "//*[@id = "fldvendor" + row + ""]", true): Modify property of object successfully

2018-05-23 09:48:41 - [MESSAGE][PASSED] - Modify property of object successfully

2018-05-23 09:48:41 - [TEST_STEP][PASSED] - Statement - batchsize = com.kms.katalon.core.webui.keyword.WebUiBuiltInKeywords.getNumberOfTotalOption(batchlength): 11 options of object '' counted

2018-05-23 09:48:42 - [MESSAGE][PASSED] - 11 options of object '' counted

2018-05-23 09:48:42 - [TEST_STEP][PASSED] - Statement - out.println("BatchSize : " + batchsize): null

2018-05-23 09:48:42 - [TEST_STEP][PASSED] - Statement - For ([n = 1, n <= batchsize - 1, (n++)]): null

2018-05-23 09:48:42 - [TEST_STEP][PASSED] - Statement - product = new com.kms.katalon.core.testobject.TestObject(): null

2018-05-23 09:48:42 - [TEST_STEP][PASSED] - Statement - product = com.kms.katalon.core.webui.keyword.WebUiBuiltInKeywords.modifyObjectProperty(product, "xpath", "equals", "//*[@id = "fldvendor" + row + ""]", true): Modify property of object successfully

2018-05-23 09:48:42 - [MESSAGE][PASSED] - Modify property of object successfully

2018-05-23 09:48:42 - [TEST_STEP][PASSED] - selectOptionByIndex: All options with index in [1] are selected on object ''

2018-05-23 09:48:42 - [MESSAGE][PASSED] - All options with index in [1] are selected on object ''

2018-05-23 09:48:42 - [TEST_STEP][PASSED] - Statement - batch = new com.kms.katalon.core.testobject.TestObject(): null

2018-05-23 09:48:42 - [TEST_STEP][PASSED] - Statement - batch = com.kms.katalon.core.webui.keyword.WebUiBuiltInKeywords.modifyObjectProperty(batch, "xpath", "equals", "//*[@id = "txtbthqty" + row + ""]", true): Modify property of object successfully

2018-05-23 09:48:42 - [MESSAGE][PASSED] - Modify property of object successfully

2018-05-23 09:48:42 - [TEST_STEP][PASSED] - Statement - batchqty = com.kms.katalon.core.webui.keyword.WebUiBuiltInKeywords.getAttribute(batch, "value").trim(): Attribute 'value' of object '' is: '300'

2018-05-23 09:48:42 - [MESSAGE][PASSED] - Attribute 'value' of object '' is: '300'

2018-05-23 09:48:42 - [TEST_STEP][PASSED] - Statement - Rqty = 100: null

2018-05-23 09:48:42 - [TEST_STEP][PASSED] - delay: Delayed 2 second(s)

2018-05-23 09:48:44 - [MESSAGE][PASSED] - Delayed 2 second(s)

2018-05-23 09:48:44 - [TEST_STEP][PASSED] - Statement - out.println("BatchQty : " + batchqty): null

2018-05-23 09:48:44 - [TEST_STEP][PASSED] - Statement - out.println("RQty : " + Rqty): null

2018-05-23 09:48:44 - [TEST_STEP][PASSED] - Statement - If (java.lang.Integer.valueOf(batchqty) >= java.lang.Integer.valueOf(Rqty)): null

2018-05-23 09:48:44 - [TEST_STEP][PASSED] - Statement - Break: null

2018-05-23 09:48:44 - [TEST_STEP][PASSED] - Statement - batchlength = new com.kms.katalon.core.testobject.TestObject(): null

2018-05-23 09:48:44 - [TEST_STEP][PASSED] - Statement - batchlength = com.kms.katalon.core.webui.keyword.WebUiBuiltInKeywords.modifyObjectProperty(batchlength, "xpath", "equals", "//*[@id = "fldvendor" + row + ""]", true): Modify property of object successfully

2018-05-23 09:48:44 - [MESSAGE][PASSED] - Modify property of object successfully

2018-05-23 09:48:44 - [TEST_STEP][PASSED] - Statement - batchsize = com.kms.katalon.core.webui.keyword.WebUiBuiltInKeywords.getNumberOfTotalOption(batchlength): 11 options of object '' counted

2018-05-23 09:48:44 - [MESSAGE][PASSED] - 11 options of object '' counted

2018-05-23 09:48:44 - [TEST_STEP][PASSED] - Statement - out.println("BatchSize : " + batchsize): null

2018-05-23 09:48:44 - [TEST_STEP][PASSED] - Statement - For ([n = 1, n <= batchsize - 1, (n++)]): null

2018-05-23 09:48:44 - [TEST_STEP][PASSED] - Statement - product = new com.kms.katalon.core.testobject.TestObject(): null

2018-05-23 09:48:44 - [TEST_STEP][PASSED] - Statement - product = com.kms.katalon.core.webui.keyword.WebUiBuiltInKeywords.modifyObjectProperty(product, "xpath", "equals", "//*[@id = "fldvendor" + row + ""]", true): Modify property of object successfully

2018-05-23 09:48:44 - [MESSAGE][PASSED] - Modify property of object successfully

2018-05-23 09:48:44 - [TEST_STEP][PASSED] - selectOptionByIndex: All options with index in [1] are selected on object ''

2018-05-23 09:48:44 - [MESSAGE][PASSED] - All options with index in [1] are selected on object ''

2018-05-23 09:48:44 - [TEST_STEP][PASSED] - Statement - batch = new com.kms.katalon.core.testobject.TestObject(): null

2018-05-23 09:48:44 - [TEST_STEP][PASSED] - Statement - batch = com.kms.katalon.core.webui.keyword.WebUiBuiltInKeywords.modifyObjectProperty(batch, "xpath", "equals", "//*[@id = "txtbthqty" + row + ""]", true): Modify property of object successfully

2018-05-23 09:48:44 - [MESSAGE][PASSED] - Modify property of object successfully

2018-05-23 09:48:44 - [TEST_STEP][PASSED] - Statement - batchqty = com.kms.katalon.core.webui.keyword.WebUiBuiltInKeywords.getAttribute(batch, "value").trim(): Attribute 'value' of object '' is: '4800'

2018-05-23 09:48:44 - [MESSAGE][PASSED] - Attribute 'value' of object '' is: '4800'

2018-05-23 09:48:44 - [TEST_STEP][PASSED] - Statement - Rqty = 100: null

2018-05-23 09:48:44 - [TEST_STEP][PASSED] - delay: Delayed 2 second(s)

2018-05-23 09:48:46 - [MESSAGE][PASSED] - Delayed 2 second(s)

2018-05-23 09:48:46 - [TEST_STEP][PASSED] - Statement - out.println("BatchQty : " + batchqty): null

2018-05-23 09:48:46 - [TEST_STEP][PASSED] - Statement - out.println("RQty : " + Rqty): null

2018-05-23 09:48:46 - [TEST_STEP][PASSED] - Statement - If (java.lang.Integer.valueOf(batchqty) >= java.lang.Integer.valueOf(Rqty)): null

2018-05-23 09:48:46 - [TEST_STEP][PASSED] - Statement - Break: null

2018-05-23 09:48:46 - [TEST_STEP][PASSED] - Statement - batchlength = new com.kms.katalon.core.testobject.TestObject(): null

2018-05-23 09:48:46 - [TEST_STEP][PASSED] - Statement - batchlength = com.kms.katalon.core.webui.keyword.WebUiBuiltInKeywords.modifyObjectProperty(batchlength, "xpath", "equals", "//*[@id = "fldvendor" + row + ""]", true): Modify property of object successfully

2018-05-23 09:48:46 - [MESSAGE][PASSED] - Modify property of object successfully

2018-05-23 09:48:46 - [TEST_STEP][PASSED] - Statement - batchsize = com.kms.katalon.core.webui.keyword.WebUiBuiltInKeywords.getNumberOfTotalOption(batchlength): 11 options of object '' counted

2018-05-23 09:48:46 - [MESSAGE][PASSED] - 11 options of object '' counted

2018-05-23 09:48:46 - [TEST_STEP][PASSED] - Statement - out.println("BatchSize : " + batchsize): null

2018-05-23 09:48:46 - [TEST_STEP][PASSED] - Statement - For ([n = 1, n <= batchsize - 1, (n++)]): null

2018-05-23 09:48:46 - [TEST_STEP][PASSED] - Statement - product = new com.kms.katalon.core.testobject.TestObject(): null

2018-05-23 09:48:46 - [TEST_STEP][PASSED] - Statement - product = com.kms.katalon.core.webui.keyword.WebUiBuiltInKeywords.modifyObjectProperty(product, "xpath", "equals", "//*[@id = "fldvendor" + row + ""]", true): Modify property of object successfully

2018-05-23 09:48:46 - [MESSAGE][PASSED] - Modify property of object successfully

2018-05-23 09:48:46 - [TEST_STEP][PASSED] - selectOptionByIndex: All options with index in [1] are selected on object ''

2018-05-23 09:48:46 - [MESSAGE][PASSED] - All options with index in [1] are selected on object ''

2018-05-23 09:48:46 - [TEST_STEP][PASSED] - Statement - batch = new com.kms.katalon.core.testobject.TestObject(): null

2018-05-23 09:48:46 - [TEST_STEP][PASSED] - Statement - batch = com.kms.katalon.core.webui.keyword.WebUiBuiltInKeywords.modifyObjectProperty(batch, "xpath", "equals", "//*[@id = "txtbthqty" + row + ""]", true): Modify property of object successfully

2018-05-23 09:48:46 - [MESSAGE][PASSED] - Modify property of object successfully

2018-05-23 09:48:46 - [TEST_STEP][PASSED] - Statement - batchqty = com.kms.katalon.core.webui.keyword.WebUiBuiltInKeywords.getAttribute(batch, "value").trim(): Attribute 'value' of object '' is: '300'

2018-05-23 09:48:47 - [MESSAGE][PASSED] - Attribute 'value' of object '' is: '300'

2018-05-23 09:48:47 - [TEST_STEP][PASSED] - Statement - Rqty = 100: null

2018-05-23 09:48:47 - [TEST_STEP][PASSED] - delay: Delayed 2 second(s)

2018-05-23 09:48:49 - [MESSAGE][PASSED] - Delayed 2 second(s)

2018-05-23 09:48:49 - [TEST_STEP][PASSED] - Statement - out.println("BatchQty : " + batchqty): null

2018-05-23 09:48:49 - [TEST_STEP][PASSED] - Statement - out.println("RQty : " + Rqty): null

2018-05-23 09:48:49 - [TEST_STEP][PASSED] - Statement - If (java.lang.Integer.valueOf(batchqty) >= java.lang.Integer.valueOf(Rqty)): null

2018-05-23 09:48:49 - [TEST_STEP][PASSED] - Statement - Break: null

2018-05-23 09:48:49 - [TEST_STEP][PASSED] - Statement - batchlength = new com.kms.katalon.core.testobject.TestObject(): null

2018-05-23 09:48:49 - [TEST_STEP][PASSED] - Statement - batchlength = com.kms.katalon.core.webui.keyword.WebUiBuiltInKeywords.modifyObjectProperty(batchlength, "xpath", "equals", "//*[@id = "fldvendor" + row + ""]", true): Modify property of object successfully

2018-05-23 09:48:49 - [MESSAGE][PASSED] - Modify property of object successfully

2018-05-23 09:48:49 - [TEST_STEP][PASSED] - Statement - batchsize = com.kms.katalon.core.webui.keyword.WebUiBuiltInKeywords.getNumberOfTotalOption(batchlength): 11 options of object '' counted

2018-05-23 09:48:49 - [MESSAGE][PASSED] - 11 options of object '' counted

2018-05-23 09:48:49 - [TEST_STEP][PASSED] - Statement - out.println("BatchSize : " + batchsize): null

2018-05-23 09:48:49 - [TEST_STEP][PASSED] - Statement - For ([n = 1, n <= batchsize - 1, (n++)]): null

2018-05-23 09:48:49 - [TEST_STEP][PASSED] - Statement - product = new com.kms.katalon.core.testobject.TestObject(): null

2018-05-23 09:48:49 - [TEST_STEP][PASSED] - Statement - product = com.kms.katalon.core.webui.keyword.WebUiBuiltInKeywords.modifyObjectProperty(product, "xpath", "equals", "//*[@id = "fldvendor" + row + ""]", true): Modify property of object successfully

2018-05-23 09:48:49 - [MESSAGE][PASSED] - Modify property of object successfully

2018-05-23 09:48:49 - [TEST_STEP][PASSED] - selectOptionByIndex: All options with index in [1] are selected on object ''

2018-05-23 09:48:49 - [MESSAGE][PASSED] - All options with index in [1] are selected on object ''

2018-05-23 09:48:49 - [TEST_STEP][PASSED] - Statement - batch = new com.kms.katalon.core.testobject.TestObject(): null

2018-05-23 09:48:49 - [TEST_STEP][PASSED] - Statement - batch = com.kms.katalon.core.webui.keyword.WebUiBuiltInKeywords.modifyObjectProperty(batch, "xpath", "equals", "//*[@id = "txtbthqty" + row + ""]", true): Modify property of object successfully

2018-05-23 09:48:49 - [MESSAGE][PASSED] - Modify property of object successfully

2018-05-23 09:48:49 - [TEST_STEP][PASSED] - Statement - batchqty = com.kms.katalon.core.webui.keyword.WebUiBuiltInKeywords.getAttribute(batch, "value").trim(): Attribute 'value' of object '' is: '3800'

2018-05-23 09:48:49 - [MESSAGE][PASSED] - Attribute 'value' of object '' is: '3800'

2018-05-23 09:48:49 - [TEST_STEP][PASSED] - Statement - Rqty = 100: null

2018-05-23 09:48:49 - [TEST_STEP][PASSED] - delay: Delayed 2 second(s)

2018-05-23 09:48:51 - [MESSAGE][PASSED] - Delayed 2 second(s)

2018-05-23 09:48:51 - [TEST_STEP][PASSED] - Statement - out.println("BatchQty : " + batchqty): null

2018-05-23 09:48:51 - [TEST_STEP][PASSED] - Statement - out.println("RQty : " + Rqty): null

2018-05-23 09:48:51 - [TEST_STEP][PASSED] - Statement - If (java.lang.Integer.valueOf(batchqty) >= java.lang.Integer.valueOf(Rqty)): null

2018-05-23 09:48:51 - [TEST_STEP][PASSED] - Statement - Break: null

2018-05-23 09:48:51 - [TEST_STEP][PASSED] - Statement - batchlength = new com.kms.katalon.core.testobject.TestObject(): null

2018-05-23 09:48:51 - [TEST_STEP][PASSED] - Statement - batchlength = com.kms.katalon.core.webui.keyword.WebUiBuiltInKeywords.modifyObjectProperty(batchlength, "xpath", "equals", "//*[@id = "fldvendor" + row + ""]", true): Modify property of object successfully

2018-05-23 09:48:51 - [MESSAGE][PASSED] - Modify property of object successfully

2018-05-23 09:48:51 - [TEST_STEP][PASSED] - Statement - batchsize = com.kms.katalon.core.webui.keyword.WebUiBuiltInKeywords.getNumberOfTotalOption(batchlength): 11 options of object '' counted

2018-05-23 09:48:51 - [MESSAGE][PASSED] - 11 options of object '' counted

2018-05-23 09:48:51 - [TEST_STEP][PASSED] - Statement - out.println("BatchSize : " + batchsize): null

2018-05-23 09:48:51 - [TEST_STEP][PASSED] - Statement - For ([n = 1, n <= batchsize - 1, (n++)]): null

2018-05-23 09:48:51 - [TEST_STEP][PASSED] - Statement - product = new com.kms.katalon.core.testobject.TestObject(): null

2018-05-23 09:48:51 - [TEST_STEP][PASSED] - Statement - product = com.kms.katalon.core.webui.keyword.WebUiBuiltInKeywords.modifyObjectProperty(product, "xpath", "equals", "//*[@id = "fldvendor" + row + ""]", true): Modify property of object successfully

2018-05-23 09:48:51 - [MESSAGE][PASSED] - Modify property of object successfully

2018-05-23 09:48:51 - [TEST_STEP][PASSED] - selectOptionByIndex: All options with index in [1] are selected on object ''

2018-05-23 09:48:51 - [MESSAGE][PASSED] - All options with index in [1] are selected on object ''

2018-05-23 09:48:51 - [TEST_STEP][PASSED] - Statement - batch = new com.kms.katalon.core.testobject.TestObject(): null

2018-05-23 09:48:51 - [TEST_STEP][PASSED] - Statement - batch = com.kms.katalon.core.webui.keyword.WebUiBuiltInKeywords.modifyObjectProperty(batch, "xpath", "equals", "//*[@id = "txtbthqty" + row + ""]", true): Modify property of object successfully

2018-05-23 09:48:51 - [MESSAGE][PASSED] - Modify property of object successfully

2018-05-23 09:48:51 - [TEST_STEP][PASSED] - Statement - batchqty = com.kms.katalon.core.webui.keyword.WebUiBuiltInKeywords.getAttribute(batch, "value").trim(): Attribute 'value' of object '' is: '38600'

2018-05-23 09:48:51 - [MESSAGE][PASSED] - Attribute 'value' of object '' is: '38600'

2018-05-23 09:48:51 - [TEST_STEP][PASSED] - Statement - Rqty = 100: null

2018-05-23 09:48:51 - [TEST_STEP][PASSED] - delay: Delayed 2 second(s)

2018-05-23 09:48:53 - [MESSAGE][PASSED] - Delayed 2 second(s)

2018-05-23 09:48:53 - [TEST_STEP][PASSED] - Statement - out.println("BatchQty : " + batchqty): null

2018-05-23 09:48:53 - [TEST_STEP][PASSED] - Statement - out.println("RQty : " + Rqty): null

2018-05-23 09:48:53 - [TEST_STEP][PASSED] - Statement - If (java.lang.Integer.valueOf(batchqty) >= java.lang.Integer.valueOf(Rqty)): null

2018-05-23 09:48:53 - [TEST_STEP][PASSED] - Statement - Break: null

2018-05-23 09:48:53 - [TEST_STEP][PASSED] - Statement - batchlength = new com.kms.katalon.core.testobject.TestObject(): null

2018-05-23 09:48:53 - [TEST_STEP][PASSED] - Statement - batchlength = com.kms.katalon.core.webui.keyword.WebUiBuiltInKeywords.modifyObjectProperty(batchlength, "xpath", "equals", "//*[@id = "fldvendor" + row + ""]", true): Modify property of object successfully

2018-05-23 09:48:53 - [MESSAGE][PASSED] - Modify property of object successfully

2018-05-23 09:48:53 - [TEST_STEP][PASSED] - Statement - batchsize = com.kms.katalon.core.webui.keyword.WebUiBuiltInKeywords.getNumberOfTotalOption(batchlength): 11 options of object '' counted

2018-05-23 09:48:53 - [MESSAGE][PASSED] - 11 options of object '' counted

2018-05-23 09:48:53 - [TEST_STEP][PASSED] - Statement - out.println("BatchSize : " + batchsize): null

2018-05-23 09:48:53 - [TEST_STEP][PASSED] - Statement - For ([n = 1, n <= batchsize - 1, (n++)]): null

2018-05-23 09:48:53 - [TEST_STEP][PASSED] - Statement - product = new com.kms.katalon.core.testobject.TestObject(): null

2018-05-23 09:48:53 - [TEST_STEP][PASSED] - Statement - product = com.kms.katalon.core.webui.keyword.WebUiBuiltInKeywords.modifyObjectProperty(product, "xpath", "equals", "//*[@id = "fldvendor" + row + ""]", true): Modify property of object successfully

2018-05-23 09:48:53 - [MESSAGE][PASSED] - Modify property of object successfully

2018-05-23 09:48:53 - [TEST_STEP][PASSED] - selectOptionByIndex: All options with index in [1] are selected on object ''

2018-05-23 09:48:53 - [MESSAGE][PASSED] - All options with index in [1] are selected on object ''

2018-05-23 09:48:53 - [TEST_STEP][PASSED] - Statement - batch = new com.kms.katalon.core.testobject.TestObject(): null

2018-05-23 09:48:53 - [TEST_STEP][PASSED] - Statement - batch = com.kms.katalon.core.webui.keyword.WebUiBuiltInKeywords.modifyObjectProperty(batch, "xpath", "equals", "//*[@id = "txtbthqty" + row + ""]", true): Modify property of object successfully

2018-05-23 09:48:53 - [MESSAGE][PASSED] - Modify property of object successfully

2018-05-23 09:48:53 - [TEST_STEP][PASSED] - Statement - batchqty = com.kms.katalon.core.webui.keyword.WebUiBuiltInKeywords.getAttribute(batch, "value").trim(): Attribute 'value' of object '' is: '4800'

2018-05-23 09:48:53 - [MESSAGE][PASSED] - Attribute 'value' of object '' is: '4800'

2018-05-23 09:48:53 - [TEST_STEP][PASSED] - Statement - Rqty = 100: null

2018-05-23 09:48:53 - [TEST_STEP][PASSED] - delay: Delayed 2 second(s)

2018-05-23 09:48:55 - [MESSAGE][PASSED] - Delayed 2 second(s)

2018-05-23 09:48:55 - [TEST_STEP][PASSED] - Statement - out.println("BatchQty : " + batchqty): null

2018-05-23 09:48:55 - [TEST_STEP][PASSED] - Statement - out.println("RQty : " + Rqty): null

2018-05-23 09:48:55 - [TEST_STEP][PASSED] - Statement - If (java.lang.Integer.valueOf(batchqty) >= java.lang.Integer.valueOf(Rqty)): null

2018-05-23 09:48:55 - [TEST_STEP][PASSED] - Statement - Break: null

2018-05-23 09:48:55 - [TEST_STEP][PASSED] - Statement - batchlength = new com.kms.katalon.core.testobject.TestObject(): null

2018-05-23 09:48:55 - [TEST_STEP][PASSED] - Statement - batchlength = com.kms.katalon.core.webui.keyword.WebUiBuiltInKeywords.modifyObjectProperty(batchlength, "xpath", "equals", "//*[@id = "fldvendor" + row + ""]", true): Modify property of object successfully

2018-05-23 09:48:55 - [MESSAGE][PASSED] - Modify property of object successfully

2018-05-23 09:48:55 - [TEST_STEP][PASSED] - Statement - batchsize = com.kms.katalon.core.webui.keyword.WebUiBuiltInKeywords.getNumberOfTotalOption(batchlength): 11 options of object '' counted

2018-05-23 09:48:55 - [MESSAGE][PASSED] - 11 options of object '' counted

2018-05-23 09:48:55 - [TEST_STEP][PASSED] - Statement - out.println("BatchSize : " + batchsize): null

2018-05-23 09:48:55 - [TEST_STEP][PASSED] - Statement - For ([n = 1, n <= batchsize - 1, (n++)]): null

2018-05-23 09:48:55 - [TEST_STEP][PASSED] - Statement - product = new com.kms.katalon.core.testobject.TestObject(): null

2018-05-23 09:48:55 - [TEST_STEP][PASSED] - Statement - product = com.kms.katalon.core.webui.keyword.WebUiBuiltInKeywords.modifyObjectProperty(product, "xpath", "equals", "//*[@id = "fldvendor" + row + ""]", true): Modify property of object successfully

2018-05-23 09:48:55 - [MESSAGE][PASSED] - Modify property of object successfully

2018-05-23 09:48:55 - [TEST_STEP][PASSED] - selectOptionByIndex: All options with index in [1] are selected on object ''

2018-05-23 09:48:56 - [MESSAGE][PASSED] - All options with index in [1] are selected on object ''

2018-05-23 09:48:56 - [TEST_STEP][PASSED] - Statement - batch = new com.kms.katalon.core.testobject.TestObject(): null

2018-05-23 09:48:56 - [TEST_STEP][PASSED] - Statement - batch = com.kms.katalon.core.webui.keyword.WebUiBuiltInKeywords.modifyObjectProperty(batch, "xpath", "equals", "//*[@id = "txtbthqty" + row + ""]", true): Modify property of object successfully

2018-05-23 09:48:56 - [MESSAGE][PASSED] - Modify property of object successfully

2018-05-23 09:48:56 - [TEST_STEP][PASSED] - Statement - batchqty = com.kms.katalon.core.webui.keyword.WebUiBuiltInKeywords.getAttribute(batch, "value").trim(): Attribute 'value' of object '' is: '300'

2018-05-23 09:48:56 - [MESSAGE][PASSED] - Attribute 'value' of object '' is: '300'

2018-05-23 09:48:56 - [TEST_STEP][PASSED] - Statement - Rqty = 100: null

2018-05-23 09:48:56 - [TEST_STEP][PASSED] - delay: Delayed 2 second(s)

2018-05-23 09:48:58 - [MESSAGE][PASSED] - Delayed 2 second(s)

2018-05-23 09:48:58 - [TEST_STEP][PASSED] - Statement - out.println("BatchQty : " + batchqty): null

2018-05-23 09:48:58 - [TEST_STEP][PASSED] - Statement - out.println("RQty : " + Rqty): null

2018-05-23 09:48:58 - [TEST_STEP][PASSED] - Statement - If (java.lang.Integer.valueOf(batchqty) >= java.lang.Integer.valueOf(Rqty)): null

2018-05-23 09:48:58 - [TEST_STEP][PASSED] - Statement - Break: null

2018-05-23 09:48:58 - [TEST_STEP][PASSED] - Statement - batchlength = new com.kms.katalon.core.testobject.TestObject(): null

2018-05-23 09:48:58 - [TEST_STEP][PASSED] - Statement - batchlength = com.kms.katalon.core.webui.keyword.WebUiBuiltInKeywords.modifyObjectProperty(batchlength, "xpath", "equals", "//*[@id = "fldvendor" + row + ""]", true): Modify property of object successfully

2018-05-23 09:48:58 - [MESSAGE][PASSED] - Modify property of object successfully

2018-05-23 09:48:58 - [TEST_STEP][PASSED] - Statement - batchsize = com.kms.katalon.core.webui.keyword.WebUiBuiltInKeywords.getNumberOfTotalOption(batchlength): 11 options of object '' counted

2018-05-23 09:48:58 - [MESSAGE][PASSED] - 11 options of object '' counted

2018-05-23 09:48:58 - [TEST_STEP][PASSED] - Statement - out.println("BatchSize : " + batchsize): null

2018-05-23 09:48:58 - [TEST_STEP][PASSED] - Statement - For ([n = 1, n <= batchsize - 1, (n++)]): null

2018-05-23 09:48:58 - [TEST_STEP][PASSED] - Statement - product = new com.kms.katalon.core.testobject.TestObject(): null

2018-05-23 09:48:58 - [TEST_STEP][PASSED] - Statement - product = com.kms.katalon.core.webui.keyword.WebUiBuiltInKeywords.modifyObjectProperty(product, "xpath", "equals", "//*[@id = "fldvendor" + row + ""]", true): Modify property of object successfully

2018-05-23 09:48:58 - [MESSAGE][PASSED] - Modify property of object successfully

2018-05-23 09:48:58 - [TEST_STEP][PASSED] - selectOptionByIndex: All options with index in [1] are selected on object ''

2018-05-23 09:48:58 - [MESSAGE][PASSED] - All options with index in [1] are selected on object ''

2018-05-23 09:48:58 - [TEST_STEP][PASSED] - Statement - batch = new com.kms.katalon.core.testobject.TestObject(): null

2018-05-23 09:48:58 - [TEST_STEP][PASSED] - Statement - batch = com.kms.katalon.core.webui.keyword.WebUiBuiltInKeywords.modifyObjectProperty(batch, "xpath", "equals", "//*[@id = "txtbthqty" + row + ""]", true): Modify property of object successfully

2018-05-23 09:48:58 - [MESSAGE][PASSED] - Modify property of object successfully

2018-05-23 09:48:58 - [TEST_STEP][PASSED] - Statement - batchqty = com.kms.katalon.core.webui.keyword.WebUiBuiltInKeywords.getAttribute(batch, "value").trim(): Attribute 'value' of object '' is: '4800'

2018-05-23 09:48:58 - [MESSAGE][PASSED] - Attribute 'value' of object '' is: '4800'

2018-05-23 09:48:58 - [TEST_STEP][PASSED] - Statement - Rqty = 100: null

2018-05-23 09:48:58 - [TEST_STEP][PASSED] - delay: Delayed 2 second(s)

2018-05-23 09:49:00 - [MESSAGE][PASSED] - Delayed 2 second(s)

2018-05-23 09:49:00 - [TEST_STEP][PASSED] - Statement - out.println("BatchQty : " + batchqty): null

2018-05-23 09:49:00 - [TEST_STEP][PASSED] - Statement - out.println("RQty : " + Rqty): null

2018-05-23 09:49:00 - [TEST_STEP][PASSED] - Statement - If (java.lang.Integer.valueOf(batchqty) >= java.lang.Integer.valueOf(Rqty)): null

2018-05-23 09:49:00 - [TEST_STEP][PASSED] - Statement - Break: null

2018-05-23 09:49:00 - [TEST_STEP][PASSED] - Statement - batchlength = new com.kms.katalon.core.testobject.TestObject(): null

2018-05-23 09:49:00 - [TEST_STEP][PASSED] - Statement - batchlength = com.kms.katalon.core.webui.keyword.WebUiBuiltInKeywords.modifyObjectProperty(batchlength, "xpath", "equals", "//*[@id = "fldvendor" + row + ""]", true): Modify property of object successfully

2018-05-23 09:49:00 - [MESSAGE][PASSED] - Modify property of object successfully

2018-05-23 09:49:00 - [TEST_STEP][PASSED] - Statement - batchsize = com.kms.katalon.core.webui.keyword.WebUiBuiltInKeywords.getNumberOfTotalOption(batchlength): 11 options of object '' counted

2018-05-23 09:49:00 - [MESSAGE][PASSED] - 11 options of object '' counted

2018-05-23 09:49:00 - [TEST_STEP][PASSED] - Statement - out.println("BatchSize : " + batchsize): null

2018-05-23 09:49:00 - [TEST_STEP][PASSED] - Statement - For ([n = 1, n <= batchsize - 1, (n++)]): null

2018-05-23 09:49:00 - [TEST_STEP][PASSED] - Statement - product = new com.kms.katalon.core.testobject.TestObject(): null

2018-05-23 09:49:00 - [TEST_STEP][PASSED] - Statement - product = com.kms.katalon.core.webui.keyword.WebUiBuiltInKeywords.modifyObjectProperty(product, "xpath", "equals", "//*[@id = "fldvendor" + row + ""]", true): Modify property of object successfully

2018-05-23 09:49:00 - [MESSAGE][PASSED] - Modify property of object successfully

2018-05-23 09:49:00 - [TEST_STEP][PASSED] - selectOptionByIndex: All options with index in [1] are selected on object ''

2018-05-23 09:49:00 - [MESSAGE][PASSED] - All options with index in [1] are selected on object ''

2018-05-23 09:49:00 - [TEST_STEP][PASSED] - Statement - batch = new com.kms.katalon.core.testobject.TestObject(): null

2018-05-23 09:49:00 - [TEST_STEP][PASSED] - Statement - batch = com.kms.katalon.core.webui.keyword.WebUiBuiltInKeywords.modifyObjectProperty(batch, "xpath", "equals", "//*[@id = "txtbthqty" + row + ""]", true): Modify property of object successfully

2018-05-23 09:49:00 - [MESSAGE][PASSED] - Modify property of object successfully

2018-05-23 09:49:00 - [TEST_STEP][PASSED] - Statement - batchqty = com.kms.katalon.core.webui.keyword.WebUiBuiltInKeywords.getAttribute(batch, "value").trim(): Attribute 'value' of object '' is: '38600'

2018-05-23 09:49:00 - [MESSAGE][PASSED] - Attribute 'value' of object '' is: '38600'

2018-05-23 09:49:00 - [TEST_STEP][PASSED] - Statement - Rqty = 100: null

2018-05-23 09:49:00 - [TEST_STEP][PASSED] - delay: Delayed 2 second(s)

2018-05-23 09:49:02 - [MESSAGE][PASSED] - Delayed 2 second(s)

2018-05-23 09:49:02 - [TEST_STEP][PASSED] - Statement - out.println("BatchQty : " + batchqty): null

2018-05-23 09:49:02 - [TEST_STEP][PASSED] - Statement - out.println("RQty : " + Rqty): null

2018-05-23 09:49:02 - [TEST_STEP][PASSED] - Statement - If (java.lang.Integer.valueOf(batchqty) >= java.lang.Integer.valueOf(Rqty)): null

2018-05-23 09:49:02 - [TEST_STEP][PASSED] - Statement - Break: null

2018-05-23 09:49:02 - [TEST_STEP][PASSED] - Statement - batchlength = new com.kms.katalon.core.testobject.TestObject(): null

2018-05-23 09:49:02 - [TEST_STEP][PASSED] - Statement - batchlength = com.kms.katalon.core.webui.keyword.WebUiBuiltInKeywords.modifyObjectProperty(batchlength, "xpath", "equals", "//*[@id = "fldvendor" + row + ""]", true): Modify property of object successfully

2018-05-23 09:49:02 - [MESSAGE][PASSED] - Modify property of object successfully

2018-05-23 09:49:02 - [TEST_STEP][PASSED] - Statement - batchsize = com.kms.katalon.core.webui.keyword.WebUiBuiltInKeywords.getNumberOfTotalOption(batchlength): 11 options of object '' counted

2018-05-23 09:49:02 - [MESSAGE][PASSED] - 11 options of object '' counted

2018-05-23 09:49:02 - [TEST_STEP][PASSED] - Statement - out.println("BatchSize : " + batchsize): null

2018-05-23 09:49:02 - [TEST_STEP][PASSED] - Statement - For ([n = 1, n <= batchsize - 1, (n++)]): null

2018-05-23 09:49:02 - [TEST_STEP][PASSED] - Statement - product = new com.kms.katalon.core.testobject.TestObject(): null

2018-05-23 09:49:02 - [TEST_STEP][PASSED] - Statement - product = com.kms.katalon.core.webui.keyword.WebUiBuiltInKeywords.modifyObjectProperty(product, "xpath", "equals", "//*[@id = "fldvendor" + row + ""]", true): Modify property of object successfully

2018-05-23 09:49:02 - [MESSAGE][PASSED] - Modify property of object successfully

2018-05-23 09:49:02 - [TEST_STEP][PASSED] - selectOptionByIndex: All options with index in [1] are selected on object ''

2018-05-23 09:49:02 - [MESSAGE][PASSED] - All options with index in [1] are selected on object ''

2018-05-23 09:49:02 - [TEST_STEP][PASSED] - Statement - batch = new com.kms.katalon.core.testobject.TestObject(): null

2018-05-23 09:49:02 - [TEST_STEP][PASSED] - Statement - batch = com.kms.katalon.core.webui.keyword.WebUiBuiltInKeywords.modifyObjectProperty(batch, "xpath", "equals", "//*[@id = "txtbthqty" + row + ""]", true): Modify property of object successfully

2018-05-23 09:49:02 - [MESSAGE][PASSED] - Modify property of object successfully

2018-05-23 09:49:02 - [TEST_STEP][PASSED] - Statement - batchqty = com.kms.katalon.core.webui.keyword.WebUiBuiltInKeywords.getAttribute(batch, "value").trim(): Attribute 'value' of object '' is: '4800'

2018-05-23 09:49:03 - [MESSAGE][PASSED] - Attribute 'value' of object '' is: '4800'

2018-05-23 09:49:03 - [TEST_STEP][PASSED] - Statement - Rqty = 100: null

2018-05-23 09:49:03 - [TEST_STEP][PASSED] - delay: Delayed 2 second(s)

2018-05-23 09:49:05 - [MESSAGE][PASSED] - Delayed 2 second(s)

2018-05-23 09:49:05 - [TEST_STEP][PASSED] - Statement - out.println("BatchQty : " + batchqty): null

2018-05-23 09:49:05 - [TEST_STEP][PASSED] - Statement - out.println("RQty : " + Rqty): null

2018-05-23 09:49:05 - [TEST_STEP][PASSED] - Statement - If (java.lang.Integer.valueOf(batchqty) >= java.lang.Integer.valueOf(Rqty)): null

2018-05-23 09:49:05 - [TEST_STEP][PASSED] - Statement - Break: null

2018-05-23 09:49:05 - [TEST_STEP][PASSED] - Statement - batchlength = new com.kms.katalon.core.testobject.TestObject(): null

2018-05-23 09:49:05 - [TEST_STEP][PASSED] - Statement - batchlength = com.kms.katalon.core.webui.keyword.WebUiBuiltInKeywords.modifyObjectProperty(batchlength, "xpath", "equals", "//*[@id = "fldvendor" + row + ""]", true): Modify property of object successfully

2018-05-23 09:49:05 - [MESSAGE][PASSED] - Modify property of object successfully

2018-05-23 09:49:05 - [TEST_STEP][PASSED] - Statement - batchsize = com.kms.katalon.core.webui.keyword.WebUiBuiltInKeywords.getNumberOfTotalOption(batchlength): 11 options of object '' counted

2018-05-23 09:49:05 - [MESSAGE][PASSED] - 11 options of object '' counted

2018-05-23 09:49:05 - [TEST_STEP][PASSED] - Statement - out.println("BatchSize : " + batchsize): null

2018-05-23 09:49:05 - [TEST_STEP][PASSED] - Statement - For ([n = 1, n <= batchsize - 1, (n++)]): null

2018-05-23 09:49:05 - [TEST_STEP][PASSED] - Statement - product = new com.kms.katalon.core.testobject.TestObject(): null

2018-05-23 09:49:05 - [TEST_STEP][PASSED] - Statement - product = com.kms.katalon.core.webui.keyword.WebUiBuiltInKeywords.modifyObjectProperty(product, "xpath", "equals", "//*[@id = "fldvendor" + row + ""]", true): Modify property of object successfully

2018-05-23 09:49:05 - [MESSAGE][PASSED] - Modify property of object successfully

2018-05-23 09:49:05 - [TEST_STEP][PASSED] - selectOptionByIndex: All options with index in [1] are selected on object ''

2018-05-23 09:49:05 - [MESSAGE][PASSED] - All options with index in [1] are selected on object ''

2018-05-23 09:49:05 - [TEST_STEP][PASSED] - Statement - batch = new com.kms.katalon.core.testobject.TestObject(): null

2018-05-23 09:49:05 - [TEST_STEP][PASSED] - Statement - batch = com.kms.katalon.core.webui.keyword.WebUiBuiltInKeywords.modifyObjectProperty(batch, "xpath", "equals", "//*[@id = "txtbthqty" + row + ""]", true): Modify property of object successfully

2018-05-23 09:49:05 - [MESSAGE][PASSED] - Modify property of object successfully

2018-05-23 09:49:05 - [TEST_STEP][PASSED] - Statement - batchqty = com.kms.katalon.core.webui.keyword.WebUiBuiltInKeywords.getAttribute(batch, "value").trim(): Attribute 'value' of object '' is: '38600'

2018-05-23 09:49:05 - [MESSAGE][PASSED] - Attribute 'value' of object '' is: '38600'

2018-05-23 09:49:05 - [TEST_STEP][PASSED] - Statement - Rqty = 100: null

2018-05-23 09:49:05 - [TEST_STEP][PASSED] - delay: Delayed 2 second(s)

2018-05-23 09:49:07 - [MESSAGE][PASSED] - Delayed 2 second(s)

2018-05-23 09:49:07 - [TEST_STEP][PASSED] - Statement - out.println("BatchQty : " + batchqty): null

2018-05-23 09:49:07 - [TEST_STEP][PASSED] - Statement - out.println("RQty : " + Rqty): null

2018-05-23 09:49:07 - [TEST_STEP][PASSED] - Statement - If (java.lang.Integer.valueOf(batchqty) >= java.lang.Integer.valueOf(Rqty)): null

2018-05-23 09:49:07 - [TEST_STEP][PASSED] - Statement - Break: null

2018-05-23 09:49:07 - [TEST_STEP][PASSED] - Statement - batchlength = new com.kms.katalon.core.testobject.TestObject(): null

2018-05-23 09:49:07 - [TEST_STEP][PASSED] - Statement - batchlength = com.kms.katalon.core.webui.keyword.WebUiBuiltInKeywords.modifyObjectProperty(batchlength, "xpath", "equals", "//*[@id = "fldvendor" + row + ""]", true): Modify property of object successfully

2018-05-23 09:49:07 - [MESSAGE][PASSED] - Modify property of object successfully

2018-05-23 09:49:07 - [TEST_STEP][PASSED] - Statement - batchsize = com.kms.katalon.core.webui.keyword.WebUiBuiltInKeywords.getNumberOfTotalOption(batchlength): 20 options of object '' counted

2018-05-23 09:49:07 - [MESSAGE][PASSED] - 20 options of object '' counted

2018-05-23 09:49:07 - [TEST_STEP][PASSED] - Statement - out.println("BatchSize : " + batchsize): null

2018-05-23 09:49:07 - [TEST_STEP][PASSED] - Statement - For ([n = 1, n <= batchsize - 1, (n++)]): null

2018-05-23 09:49:07 - [TEST_STEP][PASSED] - Statement - product = new com.kms.katalon.core.testobject.TestObject(): null

2018-05-23 09:49:07 - [TEST_STEP][PASSED] - Statement - product = com.kms.katalon.core.webui.keyword.WebUiBuiltInKeywords.modifyObjectProperty(product, "xpath", "equals", "//*[@id = "fldvendor" + row + ""]", true): Modify property of object successfully

2018-05-23 09:49:07 - [MESSAGE][PASSED] - Modify property of object successfully

2018-05-23 09:49:07 - [TEST_STEP][PASSED] - selectOptionByIndex: All options with index in [1] are selected on object ''

2018-05-23 09:49:07 - [MESSAGE][PASSED] - All options with index in [1] are selected on object ''

2018-05-23 09:49:07 - [TEST_STEP][PASSED] - Statement - batch = new com.kms.katalon.core.testobject.TestObject(): null

2018-05-23 09:49:07 - [TEST_STEP][PASSED] - Statement - batch = com.kms.katalon.core.webui.keyword.WebUiBuiltInKeywords.modifyObjectProperty(batch, "xpath", "equals", "//*[@id = "txtbthqty" + row + ""]", true): Modify property of object successfully

2018-05-23 09:49:07 - [MESSAGE][PASSED] - Modify property of object successfully

2018-05-23 09:49:07 - [TEST_STEP][PASSED] - Statement - batchqty = com.kms.katalon.core.webui.keyword.WebUiBuiltInKeywords.getAttribute(batch, "value").trim(): Attribute 'value' of object '' is: '2800'

2018-05-23 09:49:07 - [MESSAGE][PASSED] - Attribute 'value' of object '' is: '2800'

2018-05-23 09:49:07 - [TEST_STEP][PASSED] - Statement - Rqty = 100: null

2018-05-23 09:49:07 - [TEST_STEP][PASSED] - delay: Delayed 2 second(s)

2018-05-23 09:49:09 - [MESSAGE][PASSED] - Delayed 2 second(s)

2018-05-23 09:49:09 - [TEST_STEP][PASSED] - Statement - out.println("BatchQty : " + batchqty): null

2018-05-23 09:49:09 - [TEST_STEP][PASSED] - Statement - out.println("RQty : " + Rqty): null

2018-05-23 09:49:09 - [TEST_STEP][PASSED] - Statement - If (java.lang.Integer.valueOf(batchqty) >= java.lang.Integer.valueOf(Rqty)): null

2018-05-23 09:49:09 - [TEST_STEP][PASSED] - Statement - Break: null

2018-05-23 09:49:09 - [TEST_STEP][PASSED] - Statement - batchlength = new com.kms.katalon.core.testobject.TestObject(): null

2018-05-23 09:49:09 - [TEST_STEP][PASSED] - Statement - batchlength = com.kms.katalon.core.webui.keyword.WebUiBuiltInKeywords.modifyObjectProperty(batchlength, "xpath", "equals", "//*[@id = "fldvendor" + row + ""]", true): Modify property of object successfully

2018-05-23 09:49:09 - [MESSAGE][PASSED] - Modify property of object successfully

2018-05-23 09:49:09 - [TEST_STEP][PASSED] - Statement - batchsize = com.kms.katalon.core.webui.keyword.WebUiBuiltInKeywords.getNumberOfTotalOption(batchlength): 11 options of object '' counted

2018-05-23 09:49:09 - [MESSAGE][PASSED] - 11 options of object '' counted

2018-05-23 09:49:09 - [TEST_STEP][PASSED] - Statement - out.println("BatchSize : " + batchsize): null

2018-05-23 09:49:09 - [TEST_STEP][PASSED] - Statement - For ([n = 1, n <= batchsize - 1, (n++)]): null

2018-05-23 09:49:09 - [TEST_STEP][PASSED] - Statement - product = new com.kms.katalon.core.testobject.TestObject(): null

2018-05-23 09:49:09 - [TEST_STEP][PASSED] - Statement - product = com.kms.katalon.core.webui.keyword.WebUiBuiltInKeywords.modifyObjectProperty(product, "xpath", "equals", "//*[@id = "fldvendor" + row + ""]", true): Modify property of object successfully

2018-05-23 09:49:09 - [MESSAGE][PASSED] - Modify property of object successfully

2018-05-23 09:49:09 - [TEST_STEP][PASSED] - selectOptionByIndex: All options with index in [1] are selected on object ''

2018-05-23 09:49:09 - [MESSAGE][PASSED] - All options with index in [1] are selected on object ''

2018-05-23 09:49:09 - [TEST_STEP][PASSED] - Statement - batch = new com.kms.katalon.core.testobject.TestObject(): null

2018-05-23 09:49:09 - [TEST_STEP][PASSED] - Statement - batch = com.kms.katalon.core.webui.keyword.WebUiBuiltInKeywords.modifyObjectProperty(batch, "xpath", "equals", "//*[@id = "txtbthqty" + row + ""]", true): Modify property of object successfully

2018-05-23 09:49:09 - [MESSAGE][PASSED] - Modify property of object successfully

2018-05-23 09:49:09 - [TEST_STEP][PASSED] - Statement - batchqty = com.kms.katalon.core.webui.keyword.WebUiBuiltInKeywords.getAttribute(batch, "value").trim(): Attribute 'value' of object '' is: '300'

2018-05-23 09:49:09 - [MESSAGE][PASSED] - Attribute 'value' of object '' is: '300'

2018-05-23 09:49:09 - [TEST_STEP][PASSED] - Statement - Rqty = 100: null

2018-05-23 09:49:09 - [TEST_STEP][PASSED] - delay: Delayed 2 second(s)

2018-05-23 09:49:11 - [MESSAGE][PASSED] - Delayed 2 second(s)

2018-05-23 09:49:11 - [TEST_STEP][PASSED] - Statement - out.println("BatchQty : " + batchqty): null

2018-05-23 09:49:11 - [TEST_STEP][PASSED] - Statement - out.println("RQty : " + Rqty): null

2018-05-23 09:49:11 - [TEST_STEP][PASSED] - Statement - If (java.lang.Integer.valueOf(batchqty) >= java.lang.Integer.valueOf(Rqty)): null

2018-05-23 09:49:11 - [TEST_STEP][PASSED] - Statement - Break: null

2018-05-23 09:49:11 - [TEST_STEP][PASSED] - Statement - batchlength = new com.kms.katalon.core.testobject.TestObject(): null

2018-05-23 09:49:11 - [TEST_STEP][PASSED] - Statement - batchlength = com.kms.katalon.core.webui.keyword.WebUiBuiltInKeywords.modifyObjectProperty(batchlength, "xpath", "equals", "//*[@id = "fldvendor" + row + ""]", true): Modify property of object successfully

2018-05-23 09:49:11 - [MESSAGE][PASSED] - Modify property of object successfully

2018-05-23 09:49:11 - [TEST_STEP][PASSED] - Statement - batchsize = com.kms.katalon.core.webui.keyword.WebUiBuiltInKeywords.getNumberOfTotalOption(batchlength): 11 options of object '' counted

2018-05-23 09:49:11 - [MESSAGE][PASSED] - 11 options of object '' counted

2018-05-23 09:49:11 - [TEST_STEP][PASSED] - Statement - out.println("BatchSize : " + batchsize): null

2018-05-23 09:49:11 - [TEST_STEP][PASSED] - Statement - For ([n = 1, n <= batchsize - 1, (n++)]): null

2018-05-23 09:49:11 - [TEST_STEP][PASSED] - Statement - product = new com.kms.katalon.core.testobject.TestObject(): null

2018-05-23 09:49:11 - [TEST_STEP][PASSED] - Statement - product = com.kms.katalon.core.webui.keyword.WebUiBuiltInKeywords.modifyObjectProperty(product, "xpath", "equals", "//*[@id = "fldvendor" + row + ""]", true): Modify property of object successfully

2018-05-23 09:49:11 - [MESSAGE][PASSED] - Modify property of object successfully

2018-05-23 09:49:11 - [TEST_STEP][PASSED] - selectOptionByIndex: All options with index in [1] are selected on object ''

2018-05-23 09:49:12 - [MESSAGE][PASSED] - All options with index in [1] are selected on object ''

2018-05-23 09:49:12 - [TEST_STEP][PASSED] - Statement - batch = new com.kms.katalon.core.testobject.TestObject(): null

2018-05-23 09:49:12 - [TEST_STEP][PASSED] - Statement - batch = com.kms.katalon.core.webui.keyword.WebUiBuiltInKeywords.modifyObjectProperty(batch, "xpath", "equals", "//*[@id = "txtbthqty" + row + ""]", true): Modify property of object successfully

2018-05-23 09:49:12 - [MESSAGE][PASSED] - Modify property of object successfully

2018-05-23 09:49:12 - [TEST_STEP][PASSED] - Statement - batchqty = com.kms.katalon.core.webui.keyword.WebUiBuiltInKeywords.getAttribute(batch, "value").trim(): Attribute 'value' of object '' is: '4800'

2018-05-23 09:49:12 - [MESSAGE][PASSED] - Attribute 'value' of object '' is: '4800'

2018-05-23 09:49:12 - [TEST_STEP][PASSED] - Statement - Rqty = 100: null

2018-05-23 09:49:12 - [TEST_STEP][PASSED] - delay: Delayed 2 second(s)

2018-05-23 09:49:14 - [MESSAGE][PASSED] - Delayed 2 second(s)

2018-05-23 09:49:14 - [TEST_STEP][PASSED] - Statement - out.println("BatchQty : " + batchqty): null

2018-05-23 09:49:14 - [TEST_STEP][PASSED] - Statement - out.println("RQty : " + Rqty): null

2018-05-23 09:49:14 - [TEST_STEP][PASSED] - Statement - If (java.lang.Integer.valueOf(batchqty) >= java.lang.Integer.valueOf(Rqty)): null

2018-05-23 09:49:14 - [TEST_STEP][PASSED] - Statement - Break: null

2018-05-23 09:49:14 - [TEST_STEP][PASSED] - Statement - batchlength = new com.kms.katalon.core.testobject.TestObject(): null

2018-05-23 09:49:14 - [TEST_STEP][PASSED] - Statement - batchlength = com.kms.katalon.core.webui.keyword.WebUiBuiltInKeywords.modifyObjectProperty(batchlength, "xpath", "equals", "//*[@id = "fldvendor" + row + ""]", true): Modify property of object successfully

2018-05-23 09:49:14 - [MESSAGE][PASSED] - Modify property of object successfully

2018-05-23 09:49:14 - [TEST_STEP][PASSED] - Statement - batchsize = com.kms.katalon.core.webui.keyword.WebUiBuiltInKeywords.getNumberOfTotalOption(batchlength): 11 options of object '' counted

2018-05-23 09:49:14 - [MESSAGE][PASSED] - 11 options of object '' counted

2018-05-23 09:49:14 - [TEST_STEP][PASSED] - Statement - out.println("BatchSize : " + batchsize): null

2018-05-23 09:49:14 - [TEST_STEP][PASSED] - Statement - For ([n = 1, n <= batchsize - 1, (n++)]): null

2018-05-23 09:49:14 - [TEST_STEP][PASSED] - Statement - product = new com.kms.katalon.core.testobject.TestObject(): null

2018-05-23 09:49:14 - [TEST_STEP][PASSED] - Statement - product = com.kms.katalon.core.webui.keyword.WebUiBuiltInKeywords.modifyObjectProperty(product, "xpath", "equals", "//*[@id = "fldvendor" + row + ""]", true): Modify property of object successfully

2018-05-23 09:49:14 - [MESSAGE][PASSED] - Modify property of object successfully

2018-05-23 09:49:14 - [TEST_STEP][PASSED] - selectOptionByIndex: All options with index in [1] are selected on object ''

2018-05-23 09:49:14 - [MESSAGE][PASSED] - All options with index in [1] are selected on object ''

2018-05-23 09:49:14 - [TEST_STEP][PASSED] - Statement - batch = new com.kms.katalon.core.testobject.TestObject(): null

2018-05-23 09:49:14 - [TEST_STEP][PASSED] - Statement - batch = com.kms.katalon.core.webui.keyword.WebUiBuiltInKeywords.modifyObjectProperty(batch, "xpath", "equals", "//*[@id = "txtbthqty" + row + ""]", true): Modify property of object successfully

2018-05-23 09:49:14 - [MESSAGE][PASSED] - Modify property of object successfully

2018-05-23 09:49:14 - [TEST_STEP][PASSED] - Statement - batchqty = com.kms.katalon.core.webui.keyword.WebUiBuiltInKeywords.getAttribute(batch, "value").trim(): Attribute 'value' of object '' is: '33600'

2018-05-23 09:49:14 - [MESSAGE][PASSED] - Attribute 'value' of object '' is: '33600'

2018-05-23 09:49:14 - [TEST_STEP][PASSED] - Statement - Rqty = 100: null

2018-05-23 09:49:14 - [TEST_STEP][PASSED] - delay: Delayed 2 second(s)

2018-05-23 09:49:16 - [MESSAGE][PASSED] - Delayed 2 second(s)

2018-05-23 09:49:16 - [TEST_STEP][PASSED] - Statement - out.println("BatchQty : " + batchqty): null

2018-05-23 09:49:16 - [TEST_STEP][PASSED] - Statement - out.println("RQty : " + Rqty): null

2018-05-23 09:49:16 - [TEST_STEP][PASSED] - Statement - If (java.lang.Integer.valueOf(batchqty) >= java.lang.Integer.valueOf(Rqty)): null

2018-05-23 09:49:16 - [TEST_STEP][PASSED] - Statement - Break: null

2018-05-23 09:49:16 - [TEST_STEP][PASSED] - Statement - batchlength = new com.kms.katalon.core.testobject.TestObject(): null

2018-05-23 09:49:16 - [TEST_STEP][PASSED] - Statement - batchlength = com.kms.katalon.core.webui.keyword.WebUiBuiltInKeywords.modifyObjectProperty(batchlength, "xpath", "equals", "//*[@id = "fldvendor" + row + ""]", true): Modify property of object successfully

2018-05-23 09:49:16 - [MESSAGE][PASSED] - Modify property of object successfully

2018-05-23 09:49:16 - [TEST_STEP][PASSED] - Statement - batchsize = com.kms.katalon.core.webui.keyword.WebUiBuiltInKeywords.getNumberOfTotalOption(batchlength): 11 options of object '' counted

2018-05-23 09:49:16 - [MESSAGE][PASSED] - 11 options of object '' counted

2018-05-23 09:49:16 - [TEST_STEP][PASSED] - Statement - out.println("BatchSize : " + batchsize): null

2018-05-23 09:49:16 - [TEST_STEP][PASSED] - Statement - For ([n = 1, n <= batchsize - 1, (n++)]): null

2018-05-23 09:49:16 - [TEST_STEP][PASSED] - Statement - product = new com.kms.katalon.core.testobject.TestObject(): null

2018-05-23 09:49:16 - [TEST_STEP][PASSED] - Statement - product = com.kms.katalon.core.webui.keyword.WebUiBuiltInKeywords.modifyObjectProperty(product, "xpath", "equals", "//*[@id = "fldvendor" + row + ""]", true): Modify property of object successfully

2018-05-23 09:49:16 - [MESSAGE][PASSED] - Modify property of object successfully

2018-05-23 09:49:16 - [TEST_STEP][PASSED] - selectOptionByIndex: All options with index in [1] are selected on object ''

2018-05-23 09:49:16 - [MESSAGE][PASSED] - All options with index in [1] are selected on object ''

2018-05-23 09:49:16 - [TEST_STEP][PASSED] - Statement - batch = new com.kms.katalon.core.testobject.TestObject(): null

2018-05-23 09:49:16 - [TEST_STEP][PASSED] - Statement - batch = com.kms.katalon.core.webui.keyword.WebUiBuiltInKeywords.modifyObjectProperty(batch, "xpath", "equals", "//*[@id = "txtbthqty" + row + ""]", true): Modify property of object successfully

2018-05-23 09:49:16 - [MESSAGE][PASSED] - Modify property of object successfully

2018-05-23 09:49:16 - [TEST_STEP][PASSED] - Statement - batchqty = com.kms.katalon.core.webui.keyword.WebUiBuiltInKeywords.getAttribute(batch, "value").trim(): Attribute 'value' of object '' is: '2800'

2018-05-23 09:49:16 - [MESSAGE][PASSED] - Attribute 'value' of object '' is: '2800'

2018-05-23 09:49:16 - [TEST_STEP][PASSED] - Statement - Rqty = 100: null

2018-05-23 09:49:16 - [TEST_STEP][PASSED] - delay: Delayed 2 second(s)

2018-05-23 09:49:18 - [MESSAGE][PASSED] - Delayed 2 second(s)

2018-05-23 09:49:18 - [TEST_STEP][PASSED] - Statement - out.println("BatchQty : " + batchqty): null

2018-05-23 09:49:18 - [TEST_STEP][PASSED] - Statement - out.println("RQty : " + Rqty): null

2018-05-23 09:49:18 - [TEST_STEP][PASSED] - Statement - If (java.lang.Integer.valueOf(batchqty) >= java.lang.Integer.valueOf(Rqty)): null

2018-05-23 09:49:18 - [TEST_STEP][PASSED] - Statement - Break: null

2018-05-23 09:49:18 - [TEST_STEP][PASSED] - Statement - batchlength = new com.kms.katalon.core.testobject.TestObject(): null

2018-05-23 09:49:18 - [TEST_STEP][PASSED] - Statement - batchlength = com.kms.katalon.core.webui.keyword.WebUiBuiltInKeywords.modifyObjectProperty(batchlength, "xpath", "equals", "//*[@id = "fldvendor" + row + ""]", true): Modify property of object successfully

2018-05-23 09:49:18 - [MESSAGE][PASSED] - Modify property of object successfully

2018-05-23 09:49:18 - [TEST_STEP][PASSED] - Statement - batchsize = com.kms.katalon.core.webui.keyword.WebUiBuiltInKeywords.getNumberOfTotalOption(batchlength): 11 options of object '' counted

2018-05-23 09:49:18 - [MESSAGE][PASSED] - 11 options of object '' counted

2018-05-23 09:49:18 - [TEST_STEP][PASSED] - Statement - out.println("BatchSize : " + batchsize): null

2018-05-23 09:49:18 - [TEST_STEP][PASSED] - Statement - For ([n = 1, n <= batchsize - 1, (n++)]): null

2018-05-23 09:49:18 - [TEST_STEP][PASSED] - Statement - product = new com.kms.katalon.core.testobject.TestObject(): null

2018-05-23 09:49:18 - [TEST_STEP][PASSED] - Statement - product = com.kms.katalon.core.webui.keyword.WebUiBuiltInKeywords.modifyObjectProperty(product, "xpath", "equals", "//*[@id = "fldvendor" + row + ""]", true): Modify property of object successfully

2018-05-23 09:49:18 - [MESSAGE][PASSED] - Modify property of object successfully

2018-05-23 09:49:18 - [TEST_STEP][PASSED] - selectOptionByIndex: All options with index in [1] are selected on object ''

2018-05-23 09:49:18 - [MESSAGE][PASSED] - All options with index in [1] are selected on object ''

2018-05-23 09:49:18 - [TEST_STEP][PASSED] - Statement - batch = new com.kms.katalon.core.testobject.TestObject(): null

2018-05-23 09:49:18 - [TEST_STEP][PASSED] - Statement - batch = com.kms.katalon.core.webui.keyword.WebUiBuiltInKeywords.modifyObjectProperty(batch, "xpath", "equals", "//*[@id = "txtbthqty" + row + ""]", true): Modify property of object successfully

2018-05-23 09:49:18 - [MESSAGE][PASSED] - Modify property of object successfully

2018-05-23 09:49:18 - [TEST_STEP][PASSED] - Statement - batchqty = com.kms.katalon.core.webui.keyword.WebUiBuiltInKeywords.getAttribute(batch, "value").trim(): Attribute 'value' of object '' is: '38600'

2018-05-23 09:49:18 - [MESSAGE][PASSED] - Attribute 'value' of object '' is: '38600'

2018-05-23 09:49:18 - [TEST_STEP][PASSED] - Statement - Rqty = 100: null

2018-05-23 09:49:18 - [TEST_STEP][PASSED] - delay: Delayed 2 second(s)

2018-05-23 09:49:20 - [MESSAGE][PASSED] - Delayed 2 second(s)

2018-05-23 09:49:20 - [TEST_STEP][PASSED] - Statement - out.println("BatchQty : " + batchqty): null

2018-05-23 09:49:20 - [TEST_STEP][PASSED] - Statement - out.println("RQty : " + Rqty): null

2018-05-23 09:49:20 - [TEST_STEP][PASSED] - Statement - If (java.lang.Integer.valueOf(batchqty) >= java.lang.Integer.valueOf(Rqty)): null

2018-05-23 09:49:20 - [TEST_STEP][PASSED] - Statement - Break: null

2018-05-23 09:49:20 - [TEST_STEP][PASSED] - Statement - batchlength = new com.kms.katalon.core.testobject.TestObject(): null

2018-05-23 09:49:20 - [TEST_STEP][PASSED] - Statement - batchlength = com.kms.katalon.core.webui.keyword.WebUiBuiltInKeywords.modifyObjectProperty(batchlength, "xpath", "equals", "//*[@id = "fldvendor" + row + ""]", true): Modify property of object successfully

2018-05-23 09:49:20 - [MESSAGE][PASSED] - Modify property of object successfully

2018-05-23 09:49:20 - [TEST_STEP][PASSED] - Statement - batchsize = com.kms.katalon.core.webui.keyword.WebUiBuiltInKeywords.getNumberOfTotalOption(batchlength): 11 options of object '' counted

2018-05-23 09:49:21 - [MESSAGE][PASSED] - 11 options of object '' counted

2018-05-23 09:49:21 - [TEST_STEP][PASSED] - Statement - out.println("BatchSize : " + batchsize): null

2018-05-23 09:49:21 - [TEST_STEP][PASSED] - Statement - For ([n = 1, n <= batchsize - 1, (n++)]): null

2018-05-23 09:49:21 - [TEST_STEP][PASSED] - Statement - product = new com.kms.katalon.core.testobject.TestObject(): null

2018-05-23 09:49:21 - [TEST_STEP][PASSED] - Statement - product = com.kms.katalon.core.webui.keyword.WebUiBuiltInKeywords.modifyObjectProperty(product, "xpath", "equals", "//*[@id = "fldvendor" + row + ""]", true): Modify property of object successfully

2018-05-23 09:49:21 - [MESSAGE][PASSED] - Modify property of object successfully

2018-05-23 09:49:21 - [TEST_STEP][PASSED] - selectOptionByIndex: All options with index in [1] are selected on object ''

2018-05-23 09:49:21 - [MESSAGE][PASSED] - All options with index in [1] are selected on object ''

2018-05-23 09:49:21 - [TEST_STEP][PASSED] - Statement - batch = new com.kms.katalon.core.testobject.TestObject(): null

2018-05-23 09:49:21 - [TEST_STEP][PASSED] - Statement - batch = com.kms.katalon.core.webui.keyword.WebUiBuiltInKeywords.modifyObjectProperty(batch, "xpath", "equals", "//*[@id = "txtbthqty" + row + ""]", true): Modify property of object successfully

2018-05-23 09:49:21 - [MESSAGE][PASSED] - Modify property of object successfully

2018-05-23 09:49:21 - [TEST_STEP][PASSED] - Statement - batchqty = com.kms.katalon.core.webui.keyword.WebUiBuiltInKeywords.getAttribute(batch, "value").trim(): Attribute 'value' of object '' is: '4800'

2018-05-23 09:49:21 - [MESSAGE][PASSED] - Attribute 'value' of object '' is: '4800'

2018-05-23 09:49:21 - [TEST_STEP][PASSED] - Statement - Rqty = 100: null

2018-05-23 09:49:21 - [TEST_STEP][PASSED] - delay: Delayed 2 second(s)

2018-05-23 09:49:23 - [MESSAGE][PASSED] - Delayed 2 second(s)

2018-05-23 09:49:23 - [TEST_STEP][PASSED] - Statement - out.println("BatchQty : " + batchqty): null

2018-05-23 09:49:23 - [TEST_STEP][PASSED] - Statement - out.println("RQty : " + Rqty): null

2018-05-23 09:49:23 - [TEST_STEP][PASSED] - Statement - If (java.lang.Integer.valueOf(batchqty) >= java.lang.Integer.valueOf(Rqty)): null

2018-05-23 09:49:23 - [TEST_STEP][PASSED] - Statement - Break: null

2018-05-23 09:49:23 - [TEST_STEP][PASSED] - Statement - batchlength = new com.kms.katalon.core.testobject.TestObject(): null

2018-05-23 09:49:23 - [TEST_STEP][PASSED] - Statement - batchlength = com.kms.katalon.core.webui.keyword.WebUiBuiltInKeywords.modifyObjectProperty(batchlength, "xpath", "equals", "//*[@id = "fldvendor" + row + ""]", true): Modify property of object successfully

2018-05-23 09:49:23 - [MESSAGE][PASSED] - Modify property of object successfully

2018-05-23 09:49:23 - [TEST_STEP][PASSED] - Statement - batchsize = com.kms.katalon.core.webui.keyword.WebUiBuiltInKeywords.getNumberOfTotalOption(batchlength): 11 options of object '' counted

2018-05-23 09:49:23 - [MESSAGE][PASSED] - 11 options of object '' counted

2018-05-23 09:49:23 - [TEST_STEP][PASSED] - Statement - out.println("BatchSize : " + batchsize): null

2018-05-23 09:49:23 - [TEST_STEP][PASSED] - Statement - For ([n = 1, n <= batchsize - 1, (n++)]): null

2018-05-23 09:49:23 - [TEST_STEP][PASSED] - Statement - product = new com.kms.katalon.core.testobject.TestObject(): null

2018-05-23 09:49:23 - [TEST_STEP][PASSED] - Statement - product = com.kms.katalon.core.webui.keyword.WebUiBuiltInKeywords.modifyObjectProperty(product, "xpath", "equals", "//*[@id = "fldvendor" + row + ""]", true): Modify property of object successfully

2018-05-23 09:49:23 - [MESSAGE][PASSED] - Modify property of object successfully

2018-05-23 09:49:23 - [TEST_STEP][PASSED] - selectOptionByIndex: All options with index in [1] are selected on object ''

2018-05-23 09:49:23 - [MESSAGE][PASSED] - All options with index in [1] are selected on object ''

2018-05-23 09:49:23 - [TEST_STEP][PASSED] - Statement - batch = new com.kms.katalon.core.testobject.TestObject(): null

2018-05-23 09:49:23 - [TEST_STEP][PASSED] - Statement - batch = com.kms.katalon.core.webui.keyword.WebUiBuiltInKeywords.modifyObjectProperty(batch, "xpath", "equals", "//*[@id = "txtbthqty" + row + ""]", true): Modify property of object successfully

2018-05-23 09:49:23 - [MESSAGE][PASSED] - Modify property of object successfully

2018-05-23 09:49:23 - [TEST_STEP][PASSED] - Statement - batchqty = com.kms.katalon.core.webui.keyword.WebUiBuiltInKeywords.getAttribute(batch, "value").trim(): Attribute 'value' of object '' is: '38600'

2018-05-23 09:49:23 - [MESSAGE][PASSED] - Attribute 'value' of object '' is: '38600'

2018-05-23 09:49:23 - [TEST_STEP][PASSED] - Statement - Rqty = 100: null

2018-05-23 09:49:23 - [TEST_STEP][PASSED] - delay: Delayed 2 second(s)

2018-05-23 09:49:25 - [MESSAGE][PASSED] - Delayed 2 second(s)

2018-05-23 09:49:25 - [TEST_STEP][PASSED] - Statement - out.println("BatchQty : " + batchqty): null

2018-05-23 09:49:25 - [TEST_STEP][PASSED] - Statement - out.println("RQty : " + Rqty): null

2018-05-23 09:49:25 - [TEST_STEP][PASSED] - Statement - If (java.lang.Integer.valueOf(batchqty) >= java.lang.Integer.valueOf(Rqty)): null

2018-05-23 09:49:25 - [TEST_STEP][PASSED] - Statement - Break: null

2018-05-23 09:49:25 - [TEST_STEP][PASSED] - Statement - batchlength = new com.kms.katalon.core.testobject.TestObject(): null

2018-05-23 09:49:25 - [TEST_STEP][PASSED] - Statement - batchlength = com.kms.katalon.core.webui.keyword.WebUiBuiltInKeywords.modifyObjectProperty(batchlength, "xpath", "equals", "//*[@id = "fldvendor" + row + ""]", true): Modify property of object successfully

2018-05-23 09:49:25 - [MESSAGE][PASSED] - Modify property of object successfully

2018-05-23 09:49:25 - [TEST_STEP][PASSED] - Statement - batchsize = com.kms.katalon.core.webui.keyword.WebUiBuiltInKeywords.getNumberOfTotalOption(batchlength): 11 options of object '' counted

2018-05-23 09:49:25 - [MESSAGE][PASSED] - 11 options of object '' counted

2018-05-23 09:49:25 - [TEST_STEP][PASSED] - Statement - out.println("BatchSize : " + batchsize): null

2018-05-23 09:49:25 - [TEST_STEP][PASSED] - Statement - For ([n = 1, n <= batchsize - 1, (n++)]): null

2018-05-23 09:49:25 - [TEST_STEP][PASSED] - Statement - product = new com.kms.katalon.core.testobject.TestObject(): null

2018-05-23 09:49:25 - [TEST_STEP][PASSED] - Statement - product = com.kms.katalon.core.webui.keyword.WebUiBuiltInKeywords.modifyObjectProperty(product, "xpath", "equals", "//*[@id = "fldvendor" + row + ""]", true): Modify property of object successfully

2018-05-23 09:49:25 - [MESSAGE][PASSED] - Modify property of object successfully

2018-05-23 09:49:25 - [TEST_STEP][PASSED] - selectOptionByIndex: All options with index in [1] are selected on object ''

2018-05-23 09:49:25 - [MESSAGE][PASSED] - All options with index in [1] are selected on object ''

2018-05-23 09:49:25 - [TEST_STEP][PASSED] - Statement - batch = new com.kms.katalon.core.testobject.TestObject(): null

2018-05-23 09:49:25 - [TEST_STEP][PASSED] - Statement - batch = com.kms.katalon.core.webui.keyword.WebUiBuiltInKeywords.modifyObjectProperty(batch, "xpath", "equals", "//*[@id = "txtbthqty" + row + ""]", true): Modify property of object successfully

2018-05-23 09:49:26 - [MESSAGE][PASSED] - Modify property of object successfully

2018-05-23 09:49:26 - [TEST_STEP][PASSED] - Statement - batchqty = com.kms.katalon.core.webui.keyword.WebUiBuiltInKeywords.getAttribute(batch, "value").trim(): Attribute 'value' of object '' is: '38600'

2018-05-23 09:49:26 - [MESSAGE][PASSED] - Attribute 'value' of object '' is: '38600'

2018-05-23 09:49:26 - [TEST_STEP][PASSED] - Statement - Rqty = 100: null

2018-05-23 09:49:26 - [TEST_STEP][PASSED] - delay: Delayed 2 second(s)

2018-05-23 09:49:28 - [MESSAGE][PASSED] - Delayed 2 second(s)

2018-05-23 09:49:28 - [TEST_STEP][PASSED] - Statement - out.println("BatchQty : " + batchqty): null

2018-05-23 09:49:28 - [TEST_STEP][PASSED] - Statement - out.println("RQty : " + Rqty): null

2018-05-23 09:49:28 - [TEST_STEP][PASSED] - Statement - If (java.lang.Integer.valueOf(batchqty) >= java.lang.Integer.valueOf(Rqty)): null

2018-05-23 09:49:28 - [TEST_STEP][PASSED] - Statement - Break: null

2018-05-23 09:49:28 - [TEST_STEP][PASSED] - Statement - batchlength = new com.kms.katalon.core.testobject.TestObject(): null

2018-05-23 09:49:28 - [TEST_STEP][PASSED] - Statement - batchlength = com.kms.katalon.core.webui.keyword.WebUiBuiltInKeywords.modifyObjectProperty(batchlength, "xpath", "equals", "//*[@id = "fldvendor" + row + ""]", true): Modify property of object successfully

2018-05-23 09:49:28 - [MESSAGE][PASSED] - Modify property of object successfully

2018-05-23 09:49:28 - [TEST_STEP][PASSED] - Statement - batchsize = com.kms.katalon.core.webui.keyword.WebUiBuiltInKeywords.getNumberOfTotalOption(batchlength): 11 options of object '' counted

2018-05-23 09:49:28 - [MESSAGE][PASSED] - 11 options of object '' counted

2018-05-23 09:49:28 - [TEST_STEP][PASSED] - Statement - out.println("BatchSize : " + batchsize): null

2018-05-23 09:49:28 - [TEST_STEP][PASSED] - Statement - For ([n = 1, n <= batchsize - 1, (n++)]): null

2018-05-23 09:49:28 - [TEST_STEP][PASSED] - Statement - product = new com.kms.katalon.core.testobject.TestObject(): null

2018-05-23 09:49:28 - [TEST_STEP][PASSED] - Statement - product = com.kms.katalon.core.webui.keyword.WebUiBuiltInKeywords.modifyObjectProperty(product, "xpath", "equals", "//*[@id = "fldvendor" + row + ""]", true): Modify property of object successfully

2018-05-23 09:49:28 - [MESSAGE][PASSED] - Modify property of object successfully

2018-05-23 09:49:28 - [TEST_STEP][PASSED] - selectOptionByIndex: All options with index in [1] are selected on object ''

2018-05-23 09:49:28 - [MESSAGE][PASSED] - All options with index in [1] are selected on object ''

2018-05-23 09:49:28 - [TEST_STEP][PASSED] - Statement - batch = new com.kms.katalon.core.testobject.TestObject(): null

2018-05-23 09:49:28 - [TEST_STEP][PASSED] - Statement - batch = com.kms.katalon.core.webui.keyword.WebUiBuiltInKeywords.modifyObjectProperty(batch, "xpath", "equals", "//*[@id = "txtbthqty" + row + ""]", true): Modify property of object successfully

2018-05-23 09:49:28 - [MESSAGE][PASSED] - Modify property of object successfully

2018-05-23 09:49:28 - [TEST_STEP][PASSED] - Statement - batchqty = com.kms.katalon.core.webui.keyword.WebUiBuiltInKeywords.getAttribute(batch, "value").trim(): Attribute 'value' of object '' is: '4800'

2018-05-23 09:49:28 - [MESSAGE][PASSED] - Attribute 'value' of object '' is: '4800'

2018-05-23 09:49:28 - [TEST_STEP][PASSED] - Statement - Rqty = 100: null

2018-05-23 09:49:28 - [TEST_STEP][PASSED] - delay: Delayed 2 second(s)

2018-05-23 09:49:30 - [MESSAGE][PASSED] - Delayed 2 second(s)

2018-05-23 09:49:30 - [TEST_STEP][PASSED] - Statement - out.println("BatchQty : " + batchqty): null

2018-05-23 09:49:30 - [TEST_STEP][PASSED] - Statement - out.println("RQty : " + Rqty): null

2018-05-23 09:49:30 - [TEST_STEP][PASSED] - Statement - If (java.lang.Integer.valueOf(batchqty) >= java.lang.Integer.valueOf(Rqty)): null

2018-05-23 09:49:30 - [TEST_STEP][PASSED] - Statement - Break: null

2018-05-23 09:49:30 - [TEST_STEP][PASSED] - Statement - batchlength = new com.kms.katalon.core.testobject.TestObject(): null

2018-05-23 09:49:30 - [TEST_STEP][PASSED] - Statement - batchlength = com.kms.katalon.core.webui.keyword.WebUiBuiltInKeywords.modifyObjectProperty(batchlength, "xpath", "equals", "//*[@id = "fldvendor" + row + ""]", true): Modify property of object successfully

2018-05-23 09:49:30 - [MESSAGE][PASSED] - Modify property of object successfully

2018-05-23 09:49:30 - [TEST_STEP][PASSED] - Statement - batchsize = com.kms.katalon.core.webui.keyword.WebUiBuiltInKeywords.getNumberOfTotalOption(batchlength): 11 options of object '' counted

2018-05-23 09:49:30 - [MESSAGE][PASSED] - 11 options of object '' counted

2018-05-23 09:49:30 - [TEST_STEP][PASSED] - Statement - out.println("BatchSize : " + batchsize): null

2018-05-23 09:49:30 - [TEST_STEP][PASSED] - Statement - For ([n = 1, n <= batchsize - 1, (n++)]): null

2018-05-23 09:49:30 - [TEST_STEP][PASSED] - Statement - product = new com.kms.katalon.core.testobject.TestObject(): null

2018-05-23 09:49:30 - [TEST_STEP][PASSED] - Statement - product = com.kms.katalon.core.webui.keyword.WebUiBuiltInKeywords.modifyObjectProperty(product, "xpath", "equals", "//*[@id = "fldvendor" + row + ""]", true): Modify property of object successfully

2018-05-23 09:49:30 - [MESSAGE][PASSED] - Modify property of object successfully

2018-05-23 09:49:30 - [TEST_STEP][PASSED] - selectOptionByIndex: All options with index in [1] are selected on object ''

2018-05-23 09:49:30 - [MESSAGE][PASSED] - All options with index in [1] are selected on object ''

2018-05-23 09:49:30 - [TEST_STEP][PASSED] - Statement - batch = new com.kms.katalon.core.testobject.TestObject(): null

2018-05-23 09:49:30 - [TEST_STEP][PASSED] - Statement - batch = com.kms.katalon.core.webui.keyword.WebUiBuiltInKeywords.modifyObjectProperty(batch, "xpath", "equals", "//*[@id = "txtbthqty" + row + ""]", true): Modify property of object successfully

2018-05-23 09:49:30 - [MESSAGE][PASSED] - Modify property of object successfully

2018-05-23 09:49:30 - [TEST_STEP][PASSED] - Statement - batchqty = com.kms.katalon.core.webui.keyword.WebUiBuiltInKeywords.getAttribute(batch, "value").trim(): Attribute 'value' of object '' is: '38600'

2018-05-23 09:49:30 - [MESSAGE][PASSED] - Attribute 'value' of object '' is: '38600'

2018-05-23 09:49:30 - [TEST_STEP][PASSED] - Statement - Rqty = 100: null

2018-05-23 09:49:30 - [TEST_STEP][PASSED] - delay: Delayed 2 second(s)

2018-05-23 09:49:32 - [MESSAGE][PASSED] - Delayed 2 second(s)

2018-05-23 09:49:32 - [TEST_STEP][PASSED] - Statement - out.println("BatchQty : " + batchqty): null

2018-05-23 09:49:32 - [TEST_STEP][PASSED] - Statement - out.println("RQty : " + Rqty): null

2018-05-23 09:49:32 - [TEST_STEP][PASSED] - Statement - If (java.lang.Integer.valueOf(batchqty) >= java.lang.Integer.valueOf(Rqty)): null

2018-05-23 09:49:32 - [TEST_STEP][PASSED] - Statement - Break: null

2018-05-23 09:49:32 - [TEST_STEP][PASSED] - Statement - batchlength = new com.kms.katalon.core.testobject.TestObject(): null

2018-05-23 09:49:32 - [TEST_STEP][PASSED] - Statement - batchlength = com.kms.katalon.core.webui.keyword.WebUiBuiltInKeywords.modifyObjectProperty(batchlength, "xpath", "equals", "//*[@id = "fldvendor" + row + ""]", true): Modify property of object successfully

2018-05-23 09:49:32 - [MESSAGE][PASSED] - Modify property of object successfully

2018-05-23 09:49:32 - [TEST_STEP][PASSED] - Statement - batchsize = com.kms.katalon.core.webui.keyword.WebUiBuiltInKeywords.getNumberOfTotalOption(batchlength): 11 options of object '' counted

2018-05-23 09:49:32 - [MESSAGE][PASSED] - 11 options of object '' counted

2018-05-23 09:49:32 - [TEST_STEP][PASSED] - Statement - out.println("BatchSize : " + batchsize): null

2018-05-23 09:49:32 - [TEST_STEP][PASSED] - Statement - For ([n = 1, n <= batchsize - 1, (n++)]): null

2018-05-23 09:49:32 - [TEST_STEP][PASSED] - Statement - product = new com.kms.katalon.core.testobject.TestObject(): null

2018-05-23 09:49:32 - [TEST_STEP][PASSED] - Statement - product = com.kms.katalon.core.webui.keyword.WebUiBuiltInKeywords.modifyObjectProperty(product, "xpath", "equals", "//*[@id = "fldvendor" + row + ""]", true): Modify property of object successfully

2018-05-23 09:49:32 - [MESSAGE][PASSED] - Modify property of object successfully

2018-05-23 09:49:32 - [TEST_STEP][PASSED] - selectOptionByIndex: All options with index in [1] are selected on object ''

2018-05-23 09:49:33 - [MESSAGE][PASSED] - All options with index in [1] are selected on object ''

2018-05-23 09:49:33 - [TEST_STEP][PASSED] - Statement - batch = new com.kms.katalon.core.testobject.TestObject(): null

2018-05-23 09:49:33 - [TEST_STEP][PASSED] - Statement - batch = com.kms.katalon.core.webui.keyword.WebUiBuiltInKeywords.modifyObjectProperty(batch, "xpath", "equals", "//*[@id = "txtbthqty" + row + ""]", true): Modify property of object successfully

2018-05-23 09:49:33 - [MESSAGE][PASSED] - Modify property of object successfully

2018-05-23 09:49:33 - [TEST_STEP][PASSED] - Statement - batchqty = com.kms.katalon.core.webui.keyword.WebUiBuiltInKeywords.getAttribute(batch, "value").trim(): Attribute 'value' of object '' is: '38600'

2018-05-23 09:49:33 - [MESSAGE][PASSED] - Attribute 'value' of object '' is: '38600'

2018-05-23 09:49:33 - [TEST_STEP][PASSED] - Statement - Rqty = 100: null

2018-05-23 09:49:33 - [TEST_STEP][PASSED] - delay: Delayed 2 second(s)

2018-05-23 09:49:35 - [MESSAGE][PASSED] - Delayed 2 second(s)

2018-05-23 09:49:35 - [TEST_STEP][PASSED] - Statement - out.println("BatchQty : " + batchqty): null

2018-05-23 09:49:35 - [TEST_STEP][PASSED] - Statement - out.println("RQty : " + Rqty): null

2018-05-23 09:49:35 - [TEST_STEP][PASSED] - Statement - If (java.lang.Integer.valueOf(batchqty) >= java.lang.Integer.valueOf(Rqty)): null

2018-05-23 09:49:35 - [TEST_STEP][PASSED] - Statement - Break: null

2018-05-23 09:49:35 - [TEST_STEP][PASSED] - Statement - batchlength = new com.kms.katalon.core.testobject.TestObject(): null

2018-05-23 09:49:35 - [TEST_STEP][PASSED] - Statement - batchlength = com.kms.katalon.core.webui.keyword.WebUiBuiltInKeywords.modifyObjectProperty(batchlength, "xpath", "equals", "//*[@id = "fldvendor" + row + ""]", true): Modify property of object successfully

2018-05-23 09:49:35 - [MESSAGE][PASSED] - Modify property of object successfully

2018-05-23 09:49:35 - [TEST_STEP][PASSED] - Statement - batchsize = com.kms.katalon.core.webui.keyword.WebUiBuiltInKeywords.getNumberOfTotalOption(batchlength): 11 options of object '' counted

2018-05-23 09:49:35 - [MESSAGE][PASSED] - 11 options of object '' counted

2018-05-23 09:49:35 - [TEST_STEP][PASSED] - Statement - out.println("BatchSize : " + batchsize): null

2018-05-23 09:49:35 - [TEST_STEP][PASSED] - Statement - For ([n = 1, n <= batchsize - 1, (n++)]): null

2018-05-23 09:49:35 - [TEST_STEP][PASSED] - Statement - product = new com.kms.katalon.core.testobject.TestObject(): null

2018-05-23 09:49:35 - [TEST_STEP][PASSED] - Statement - product = com.kms.katalon.core.webui.keyword.WebUiBuiltInKeywords.modifyObjectProperty(product, "xpath", "equals", "//*[@id = "fldvendor" + row + ""]", true): Modify property of object successfully

2018-05-23 09:49:35 - [MESSAGE][PASSED] - Modify property of object successfully

2018-05-23 09:49:35 - [TEST_STEP][PASSED] - selectOptionByIndex: All options with index in [1] are selected on object ''

2018-05-23 09:49:35 - [MESSAGE][PASSED] - All options with index in [1] are selected on object ''

2018-05-23 09:49:35 - [TEST_STEP][PASSED] - Statement - batch = new com.kms.katalon.core.testobject.TestObject(): null

2018-05-23 09:49:35 - [TEST_STEP][PASSED] - Statement - batch = com.kms.katalon.core.webui.keyword.WebUiBuiltInKeywords.modifyObjectProperty(batch, "xpath", "equals", "//*[@id = "txtbthqty" + row + ""]", true): Modify property of object successfully

2018-05-23 09:49:35 - [MESSAGE][PASSED] - Modify property of object successfully

2018-05-23 09:49:35 - [TEST_STEP][PASSED] - Statement - batchqty = com.kms.katalon.core.webui.keyword.WebUiBuiltInKeywords.getAttribute(batch, "value").trim(): Attribute 'value' of object '' is: '4800'

2018-05-23 09:49:35 - [MESSAGE][PASSED] - Attribute 'value' of object '' is: '4800'

2018-05-23 09:49:35 - [TEST_STEP][PASSED] - Statement - Rqty = 100: null

2018-05-23 09:49:35 - [TEST_STEP][PASSED] - delay: Delayed 2 second(s)

2018-05-23 09:49:37 - [MESSAGE][PASSED] - Delayed 2 second(s)

2018-05-23 09:49:37 - [TEST_STEP][PASSED] - Statement - out.println("BatchQty : " + batchqty): null

2018-05-23 09:49:37 - [TEST_STEP][PASSED] - Statement - out.println("RQty : " + Rqty): null

2018-05-23 09:49:37 - [TEST_STEP][PASSED] - Statement - If (java.lang.Integer.valueOf(batchqty) >= java.lang.Integer.valueOf(Rqty)): null

2018-05-23 09:49:37 - [TEST_STEP][PASSED] - Statement - Break: null

2018-05-23 09:49:37 - [TEST_STEP][PASSED] - Statement - batchlength = new com.kms.katalon.core.testobject.TestObject(): null

2018-05-23 09:49:37 - [TEST_STEP][PASSED] - Statement - batchlength = com.kms.katalon.core.webui.keyword.WebUiBuiltInKeywords.modifyObjectProperty(batchlength, "xpath", "equals", "//*[@id = "fldvendor" + row + ""]", true): Modify property of object successfully

2018-05-23 09:49:37 - [MESSAGE][PASSED] - Modify property of object successfully

2018-05-23 09:49:37 - [TEST_STEP][PASSED] - Statement - batchsize = com.kms.katalon.core.webui.keyword.WebUiBuiltInKeywords.getNumberOfTotalOption(batchlength): 11 options of object '' counted

2018-05-23 09:49:37 - [MESSAGE][PASSED] - 11 options of object '' counted

2018-05-23 09:49:37 - [TEST_STEP][PASSED] - Statement - out.println("BatchSize : " + batchsize): null

2018-05-23 09:49:37 - [TEST_STEP][PASSED] - Statement - For ([n = 1, n <= batchsize - 1, (n++)]): null

2018-05-23 09:49:37 - [TEST_STEP][PASSED] - Statement - product = new com.kms.katalon.core.testobject.TestObject(): null

2018-05-23 09:49:37 - [TEST_STEP][PASSED] - Statement - product = com.kms.katalon.core.webui.keyword.WebUiBuiltInKeywords.modifyObjectProperty(product, "xpath", "equals", "//*[@id = "fldvendor" + row + ""]", true): Modify property of object successfully

2018-05-23 09:49:37 - [MESSAGE][PASSED] - Modify property of object successfully

2018-05-23 09:49:37 - [TEST_STEP][PASSED] - selectOptionByIndex: All options with index in [1] are selected on object ''

2018-05-23 09:49:37 - [MESSAGE][PASSED] - All options with index in [1] are selected on object ''

2018-05-23 09:49:37 - [TEST_STEP][PASSED] - Statement - batch = new com.kms.katalon.core.testobject.TestObject(): null

2018-05-23 09:49:37 - [TEST_STEP][PASSED] - Statement - batch = com.kms.katalon.core.webui.keyword.WebUiBuiltInKeywords.modifyObjectProperty(batch, "xpath", "equals", "//*[@id = "txtbthqty" + row + ""]", true): Modify property of object successfully

2018-05-23 09:49:37 - [MESSAGE][PASSED] - Modify property of object successfully

2018-05-23 09:49:37 - [TEST_STEP][PASSED] - Statement - batchqty = com.kms.katalon.core.webui.keyword.WebUiBuiltInKeywords.getAttribute(batch, "value").trim(): Attribute 'value' of object '' is: '3800'

2018-05-23 09:49:37 - [MESSAGE][PASSED] - Attribute 'value' of object '' is: '3800'

2018-05-23 09:49:37 - [TEST_STEP][PASSED] - Statement - Rqty = 100: null

2018-05-23 09:49:37 - [TEST_STEP][PASSED] - delay: Delayed 2 second(s)

2018-05-23 09:49:39 - [MESSAGE][PASSED] - Delayed 2 second(s)

2018-05-23 09:49:39 - [TEST_STEP][PASSED] - Statement - out.println("BatchQty : " + batchqty): null

2018-05-23 09:49:39 - [TEST_STEP][PASSED] - Statement - out.println("RQty : " + Rqty): null

2018-05-23 09:49:39 - [TEST_STEP][PASSED] - Statement - If (java.lang.Integer.valueOf(batchqty) >= java.lang.Integer.valueOf(Rqty)): null

2018-05-23 09:49:39 - [TEST_STEP][PASSED] - Statement - Break: null

2018-05-23 09:49:39 - [TEST_STEP][PASSED] - Statement - batchlength = new com.kms.katalon.core.testobject.TestObject(): null

2018-05-23 09:49:39 - [TEST_STEP][PASSED] - Statement - batchlength = com.kms.katalon.core.webui.keyword.WebUiBuiltInKeywords.modifyObjectProperty(batchlength, "xpath", "equals", "//*[@id = "fldvendor" + row + ""]", true): Modify property of object successfully

2018-05-23 09:49:39 - [MESSAGE][PASSED] - Modify property of object successfully

2018-05-23 09:49:39 - [TEST_STEP][PASSED] - Statement - batchsize = com.kms.katalon.core.webui.keyword.WebUiBuiltInKeywords.getNumberOfTotalOption(batchlength): 11 options of object '' counted

2018-05-23 09:49:39 - [MESSAGE][PASSED] - 11 options of object '' counted

2018-05-23 09:49:39 - [TEST_STEP][PASSED] - Statement - out.println("BatchSize : " + batchsize): null

2018-05-23 09:49:39 - [TEST_STEP][PASSED] - Statement - For ([n = 1, n <= batchsize - 1, (n++)]): null

2018-05-23 09:49:39 - [TEST_STEP][PASSED] - Statement - product = new com.kms.katalon.core.testobject.TestObject(): null

2018-05-23 09:49:39 - [TEST_STEP][PASSED] - Statement - product = com.kms.katalon.core.webui.keyword.WebUiBuiltInKeywords.modifyObjectProperty(product, "xpath", "equals", "//*[@id = "fldvendor" + row + ""]", true): Modify property of object successfully

2018-05-23 09:49:39 - [MESSAGE][PASSED] - Modify property of object successfully

2018-05-23 09:49:39 - [TEST_STEP][PASSED] - selectOptionByIndex: All options with index in [1] are selected on object ''

2018-05-23 09:49:40 - [MESSAGE][PASSED] - All options with index in [1] are selected on object ''

2018-05-23 09:49:40 - [TEST_STEP][PASSED] - Statement - batch = new com.kms.katalon.core.testobject.TestObject(): null

2018-05-23 09:49:40 - [TEST_STEP][PASSED] - Statement - batch = com.kms.katalon.core.webui.keyword.WebUiBuiltInKeywords.modifyObjectProperty(batch, "xpath", "equals", "//*[@id = "txtbthqty" + row + ""]", true): Modify property of object successfully

2018-05-23 09:49:40 - [MESSAGE][PASSED] - Modify property of object successfully

2018-05-23 09:49:40 - [TEST_STEP][PASSED] - Statement - batchqty = com.kms.katalon.core.webui.keyword.WebUiBuiltInKeywords.getAttribute(batch, "value").trim(): Attribute 'value' of object '' is: '38600'

2018-05-23 09:49:40 - [MESSAGE][PASSED] - Attribute 'value' of object '' is: '38600'

2018-05-23 09:49:40 - [TEST_STEP][PASSED] - Statement - Rqty = 100: null

2018-05-23 09:49:40 - [TEST_STEP][PASSED] - delay: Delayed 2 second(s)

2018-05-23 09:49:42 - [MESSAGE][PASSED] - Delayed 2 second(s)

2018-05-23 09:49:42 - [TEST_STEP][PASSED] - Statement - out.println("BatchQty : " + batchqty): null

2018-05-23 09:49:42 - [TEST_STEP][PASSED] - Statement - out.println("RQty : " + Rqty): null

2018-05-23 09:49:42 - [TEST_STEP][PASSED] - Statement - If (java.lang.Integer.valueOf(batchqty) >= java.lang.Integer.valueOf(Rqty)): null

2018-05-23 09:49:42 - [TEST_STEP][PASSED] - Statement - Break: null

2018-05-23 09:49:42 - [TEST_STEP][PASSED] - Statement - batchlength = new com.kms.katalon.core.testobject.TestObject(): null

2018-05-23 09:49:42 - [TEST_STEP][PASSED] - Statement - batchlength = com.kms.katalon.core.webui.keyword.WebUiBuiltInKeywords.modifyObjectProperty(batchlength, "xpath", "equals", "//*[@id = "fldvendor" + row + ""]", true): Modify property of object successfully

2018-05-23 09:49:42 - [MESSAGE][PASSED] - Modify property of object successfully

2018-05-23 09:49:42 - [TEST_STEP][PASSED] - Statement - batchsize = com.kms.katalon.core.webui.keyword.WebUiBuiltInKeywords.getNumberOfTotalOption(batchlength): 11 options of object '' counted

2018-05-23 09:49:42 - [MESSAGE][PASSED] - 11 options of object '' counted

2018-05-23 09:49:42 - [TEST_STEP][PASSED] - Statement - out.println("BatchSize : " + batchsize): null

2018-05-23 09:49:42 - [TEST_STEP][PASSED] - Statement - For ([n = 1, n <= batchsize - 1, (n++)]): null

2018-05-23 09:49:42 - [TEST_STEP][PASSED] - Statement - product = new com.kms.katalon.core.testobject.TestObject(): null

2018-05-23 09:49:42 - [TEST_STEP][PASSED] - Statement - product = com.kms.katalon.core.webui.keyword.WebUiBuiltInKeywords.modifyObjectProperty(product, "xpath", "equals", "//*[@id = "fldvendor" + row + ""]", true): Modify property of object successfully

2018-05-23 09:49:42 - [MESSAGE][PASSED] - Modify property of object successfully

2018-05-23 09:49:42 - [TEST_STEP][PASSED] - selectOptionByIndex: All options with index in [1] are selected on object ''

2018-05-23 09:49:42 - [MESSAGE][PASSED] - All options with index in [1] are selected on object ''

2018-05-23 09:49:42 - [TEST_STEP][PASSED] - Statement - batch = new com.kms.katalon.core.testobject.TestObject(): null

2018-05-23 09:49:42 - [TEST_STEP][PASSED] - Statement - batch = com.kms.katalon.core.webui.keyword.WebUiBuiltInKeywords.modifyObjectProperty(batch, "xpath", "equals", "//*[@id = "txtbthqty" + row + ""]", true): Modify property of object successfully

2018-05-23 09:49:42 - [MESSAGE][PASSED] - Modify property of object successfully

2018-05-23 09:49:42 - [TEST_STEP][PASSED] - Statement - batchqty = com.kms.katalon.core.webui.keyword.WebUiBuiltInKeywords.getAttribute(batch, "value").trim(): Attribute 'value' of object '' is: '3800'

2018-05-23 09:49:42 - [MESSAGE][PASSED] - Attribute 'value' of object '' is: '3800'

2018-05-23 09:49:42 - [TEST_STEP][PASSED] - Statement - Rqty = 100: null

2018-05-23 09:49:42 - [TEST_STEP][PASSED] - delay: Delayed 2 second(s)

2018-05-23 09:49:44 - [MESSAGE][PASSED] - Delayed 2 second(s)

2018-05-23 09:49:44 - [TEST_STEP][PASSED] - Statement - out.println("BatchQty : " + batchqty): null

2018-05-23 09:49:44 - [TEST_STEP][PASSED] - Statement - out.println("RQty : " + Rqty): null

2018-05-23 09:49:44 - [TEST_STEP][PASSED] - Statement - If (java.lang.Integer.valueOf(batchqty) >= java.lang.Integer.valueOf(Rqty)): null

2018-05-23 09:49:44 - [TEST_STEP][PASSED] - Statement - Break: null

2018-05-23 09:49:44 - [TEST_STEP][PASSED] - Statement - batchlength = new com.kms.katalon.core.testobject.TestObject(): null

2018-05-23 09:49:44 - [TEST_STEP][PASSED] - Statement - batchlength = com.kms.katalon.core.webui.keyword.WebUiBuiltInKeywords.modifyObjectProperty(batchlength, "xpath", "equals", "//*[@id = "fldvendor" + row + ""]", true): Modify property of object successfully

2018-05-23 09:49:44 - [MESSAGE][PASSED] - Modify property of object successfully

2018-05-23 09:49:44 - [TEST_STEP][PASSED] - Statement - batchsize = com.kms.katalon.core.webui.keyword.WebUiBuiltInKeywords.getNumberOfTotalOption(batchlength): 11 options of object '' counted

2018-05-23 09:49:44 - [MESSAGE][PASSED] - 11 options of object '' counted

2018-05-23 09:49:44 - [TEST_STEP][PASSED] - Statement - out.println("BatchSize : " + batchsize): null

2018-05-23 09:49:44 - [TEST_STEP][PASSED] - Statement - For ([n = 1, n <= batchsize - 1, (n++)]): null

2018-05-23 09:49:44 - [TEST_STEP][PASSED] - Statement - product = new com.kms.katalon.core.testobject.TestObject(): null

2018-05-23 09:49:44 - [TEST_STEP][PASSED] - Statement - product = com.kms.katalon.core.webui.keyword.WebUiBuiltInKeywords.modifyObjectProperty(product, "xpath", "equals", "//*[@id = "fldvendor" + row + ""]", true): Modify property of object successfully

2018-05-23 09:49:44 - [MESSAGE][PASSED] - Modify property of object successfully

2018-05-23 09:49:44 - [TEST_STEP][PASSED] - selectOptionByIndex: All options with index in [1] are selected on object ''

2018-05-23 09:49:44 - [MESSAGE][PASSED] - All options with index in [1] are selected on object ''

2018-05-23 09:49:44 - [TEST_STEP][PASSED] - Statement - batch = new com.kms.katalon.core.testobject.TestObject(): null

2018-05-23 09:49:44 - [TEST_STEP][PASSED] - Statement - batch = com.kms.katalon.core.webui.keyword.WebUiBuiltInKeywords.modifyObjectProperty(batch, "xpath", "equals", "//*[@id = "txtbthqty" + row + ""]", true): Modify property of object successfully

2018-05-23 09:49:44 - [MESSAGE][PASSED] - Modify property of object successfully

2018-05-23 09:49:44 - [TEST_STEP][PASSED] - Statement - batchqty = com.kms.katalon.core.webui.keyword.WebUiBuiltInKeywords.getAttribute(batch, "value").trim(): Attribute 'value' of object '' is: '2800'

2018-05-23 09:49:44 - [MESSAGE][PASSED] - Attribute 'value' of object '' is: '2800'

2018-05-23 09:49:44 - [TEST_STEP][PASSED] - Statement - Rqty = 100: null

2018-05-23 09:49:44 - [TEST_STEP][PASSED] - delay: Delayed 2 second(s)

2018-05-23 09:49:46 - [MESSAGE][PASSED] - Delayed 2 second(s)

2018-05-23 09:49:46 - [TEST_STEP][PASSED] - Statement - out.println("BatchQty : " + batchqty): null

2018-05-23 09:49:46 - [TEST_STEP][PASSED] - Statement - out.println("RQty : " + Rqty): null

2018-05-23 09:49:46 - [TEST_STEP][PASSED] - Statement - If (java.lang.Integer.valueOf(batchqty) >= java.lang.Integer.valueOf(Rqty)): null

2018-05-23 09:49:46 - [TEST_STEP][PASSED] - Statement - Break: null

2018-05-23 09:49:46 - [TEST_STEP][PASSED] - Statement - batchlength = new com.kms.katalon.core.testobject.TestObject(): null

2018-05-23 09:49:46 - [TEST_STEP][PASSED] - Statement - batchlength = com.kms.katalon.core.webui.keyword.WebUiBuiltInKeywords.modifyObjectProperty(batchlength, "xpath", "equals", "//*[@id = "fldvendor" + row + ""]", true): Modify property of object successfully

2018-05-23 09:49:46 - [MESSAGE][PASSED] - Modify property of object successfully

2018-05-23 09:49:46 - [TEST_STEP][PASSED] - Statement - batchsize = com.kms.katalon.core.webui.keyword.WebUiBuiltInKeywords.getNumberOfTotalOption(batchlength): 11 options of object '' counted

2018-05-23 09:49:46 - [MESSAGE][PASSED] - 11 options of object '' counted

2018-05-23 09:49:46 - [TEST_STEP][PASSED] - Statement - out.println("BatchSize : " + batchsize): null

2018-05-23 09:49:46 - [TEST_STEP][PASSED] - Statement - For ([n = 1, n <= batchsize - 1, (n++)]): null

2018-05-23 09:49:46 - [TEST_STEP][PASSED] - Statement - product = new com.kms.katalon.core.testobject.TestObject(): null

2018-05-23 09:49:46 - [TEST_STEP][PASSED] - Statement - product = com.kms.katalon.core.webui.keyword.WebUiBuiltInKeywords.modifyObjectProperty(product, "xpath", "equals", "//*[@id = "fldvendor" + row + ""]", true): Modify property of object successfully

2018-05-23 09:49:46 - [MESSAGE][PASSED] - Modify property of object successfully

2018-05-23 09:49:46 - [TEST_STEP][PASSED] - selectOptionByIndex: All options with index in [1] are selected on object ''

2018-05-23 09:49:46 - [MESSAGE][PASSED] - All options with index in [1] are selected on object ''

2018-05-23 09:49:46 - [TEST_STEP][PASSED] - Statement - batch = new com.kms.katalon.core.testobject.TestObject(): null

2018-05-23 09:49:46 - [TEST_STEP][PASSED] - Statement - batch = com.kms.katalon.core.webui.keyword.WebUiBuiltInKeywords.modifyObjectProperty(batch, "xpath", "equals", "//*[@id = "txtbthqty" + row + ""]", true): Modify property of object successfully

2018-05-23 09:49:46 - [MESSAGE][PASSED] - Modify property of object successfully

2018-05-23 09:49:46 - [TEST_STEP][PASSED] - Statement - batchqty = com.kms.katalon.core.webui.keyword.WebUiBuiltInKeywords.getAttribute(batch, "value").trim(): Attribute 'value' of object '' is: '4800'

2018-05-23 09:49:46 - [MESSAGE][PASSED] - Attribute 'value' of object '' is: '4800'

2018-05-23 09:49:46 - [TEST_STEP][PASSED] - Statement - Rqty = 100: null

2018-05-23 09:49:46 - [TEST_STEP][PASSED] - delay: Delayed 2 second(s)

2018-05-23 09:49:48 - [MESSAGE][PASSED] - Delayed 2 second(s)

2018-05-23 09:49:48 - [TEST_STEP][PASSED] - Statement - out.println("BatchQty : " + batchqty): null

2018-05-23 09:49:48 - [TEST_STEP][PASSED] - Statement - out.println("RQty : " + Rqty): null

2018-05-23 09:49:49 - [TEST_STEP][PASSED] - Statement - If (java.lang.Integer.valueOf(batchqty) >= java.lang.Integer.valueOf(Rqty)): null

2018-05-23 09:49:49 - [TEST_STEP][PASSED] - Statement - Break: null

2018-05-23 09:49:49 - [TEST_STEP][PASSED] - Statement - batchlength = new com.kms.katalon.core.testobject.TestObject(): null

2018-05-23 09:49:49 - [TEST_STEP][PASSED] - Statement - batchlength = com.kms.katalon.core.webui.keyword.WebUiBuiltInKeywords.modifyObjectProperty(batchlength, "xpath", "equals", "//*[@id = "fldvendor" + row + ""]", true): Modify property of object successfully

2018-05-23 09:49:49 - [MESSAGE][PASSED] - Modify property of object successfully

2018-05-23 09:49:49 - [TEST_STEP][PASSED] - Statement - batchsize = com.kms.katalon.core.webui.keyword.WebUiBuiltInKeywords.getNumberOfTotalOption(batchlength): 11 options of object '' counted

2018-05-23 09:49:49 - [MESSAGE][PASSED] - 11 options of object '' counted

2018-05-23 09:49:49 - [TEST_STEP][PASSED] - Statement - out.println("BatchSize : " + batchsize): null

2018-05-23 09:49:49 - [TEST_STEP][PASSED] - Statement - For ([n = 1, n <= batchsize - 1, (n++)]): null

2018-05-23 09:49:49 - [TEST_STEP][PASSED] - Statement - product = new com.kms.katalon.core.testobject.TestObject(): null

2018-05-23 09:49:49 - [TEST_STEP][PASSED] - Statement - product = com.kms.katalon.core.webui.keyword.WebUiBuiltInKeywords.modifyObjectProperty(product, "xpath", "equals", "//*[@id = "fldvendor" + row + ""]", true): Modify property of object successfully

2018-05-23 09:49:49 - [MESSAGE][PASSED] - Modify property of object successfully

2018-05-23 09:49:49 - [TEST_STEP][PASSED] - selectOptionByIndex: All options with index in [1] are selected on object ''

2018-05-23 09:49:49 - [MESSAGE][PASSED] - All options with index in [1] are selected on object ''

2018-05-23 09:49:49 - [TEST_STEP][PASSED] - Statement - batch = new com.kms.katalon.core.testobject.TestObject(): null

2018-05-23 09:49:49 - [TEST_STEP][PASSED] - Statement - batch = com.kms.katalon.core.webui.keyword.WebUiBuiltInKeywords.modifyObjectProperty(batch, "xpath", "equals", "//*[@id = "txtbthqty" + row + ""]", true): Modify property of object successfully

2018-05-23 09:49:49 - [MESSAGE][PASSED] - Modify property of object successfully

2018-05-23 09:49:49 - [TEST_STEP][PASSED] - Statement - batchqty = com.kms.katalon.core.webui.keyword.WebUiBuiltInKeywords.getAttribute(batch, "value").trim(): Attribute 'value' of object '' is: '3800'

2018-05-23 09:49:49 - [MESSAGE][PASSED] - Attribute 'value' of object '' is: '3800'

2018-05-23 09:49:49 - [TEST_STEP][PASSED] - Statement - Rqty = 100: null

2018-05-23 09:49:49 - [TEST_STEP][PASSED] - delay: Delayed 2 second(s)

2018-05-23 09:49:51 - [MESSAGE][PASSED] - Delayed 2 second(s)

2018-05-23 09:49:51 - [TEST_STEP][PASSED] - Statement - out.println("BatchQty : " + batchqty): null

2018-05-23 09:49:51 - [TEST_STEP][PASSED] - Statement - out.println("RQty : " + Rqty): null

2018-05-23 09:49:51 - [TEST_STEP][PASSED] - Statement - If (java.lang.Integer.valueOf(batchqty) >= java.lang.Integer.valueOf(Rqty)): null

2018-05-23 09:49:51 - [TEST_STEP][PASSED] - Statement - Break: null

2018-05-23 09:49:51 - [TEST_STEP][PASSED] - Statement - batchlength = new com.kms.katalon.core.testobject.TestObject(): null

2018-05-23 09:49:51 - [TEST_STEP][PASSED] - Statement - batchlength = com.kms.katalon.core.webui.keyword.WebUiBuiltInKeywords.modifyObjectProperty(batchlength, "xpath", "equals", "//*[@id = "fldvendor" + row + ""]", true): Modify property of object successfully

2018-05-23 09:49:51 - [MESSAGE][PASSED] - Modify property of object successfully

2018-05-23 09:49:51 - [TEST_STEP][PASSED] - Statement - batchsize = com.kms.katalon.core.webui.keyword.WebUiBuiltInKeywords.getNumberOfTotalOption(batchlength): 11 options of object '' counted

2018-05-23 09:49:51 - [MESSAGE][PASSED] - 11 options of object '' counted

2018-05-23 09:49:51 - [TEST_STEP][PASSED] - Statement - out.println("BatchSize : " + batchsize): null

2018-05-23 09:49:51 - [TEST_STEP][PASSED] - Statement - For ([n = 1, n <= batchsize - 1, (n++)]): null

2018-05-23 09:49:51 - [TEST_STEP][PASSED] - Statement - product = new com.kms.katalon.core.testobject.TestObject(): null

2018-05-23 09:49:51 - [TEST_STEP][PASSED] - Statement - product = com.kms.katalon.core.webui.keyword.WebUiBuiltInKeywords.modifyObjectProperty(product, "xpath", "equals", "//*[@id = "fldvendor" + row + ""]", true): Modify property of object successfully

2018-05-23 09:49:51 - [MESSAGE][PASSED] - Modify property of object successfully

2018-05-23 09:49:51 - [TEST_STEP][PASSED] - selectOptionByIndex: All options with index in [1] are selected on object ''

2018-05-23 09:49:51 - [MESSAGE][PASSED] - All options with index in [1] are selected on object ''

2018-05-23 09:49:51 - [TEST_STEP][PASSED] - Statement - batch = new com.kms.katalon.core.testobject.TestObject(): null

2018-05-23 09:49:51 - [TEST_STEP][PASSED] - Statement - batch = com.kms.katalon.core.webui.keyword.WebUiBuiltInKeywords.modifyObjectProperty(batch, "xpath", "equals", "//*[@id = "txtbthqty" + row + ""]", true): Modify property of object successfully

2018-05-23 09:49:51 - [MESSAGE][PASSED] - Modify property of object successfully

2018-05-23 09:49:51 - [TEST_STEP][PASSED] - Statement - batchqty = com.kms.katalon.core.webui.keyword.WebUiBuiltInKeywords.getAttribute(batch, "value").trim(): Attribute 'value' of object '' is: '300'

2018-05-23 09:49:51 - [MESSAGE][PASSED] - Attribute 'value' of object '' is: '300'

2018-05-23 09:49:51 - [TEST_STEP][PASSED] - Statement - Rqty = 100: null

2018-05-23 09:49:51 - [TEST_STEP][PASSED] - delay: Delayed 2 second(s)

2018-05-23 09:49:53 - [MESSAGE][PASSED] - Delayed 2 second(s)

2018-05-23 09:49:53 - [TEST_STEP][PASSED] - Statement - out.println("BatchQty : " + batchqty): null

2018-05-23 09:49:53 - [TEST_STEP][PASSED] - Statement - out.println("RQty : " + Rqty): null

2018-05-23 09:49:53 - [TEST_STEP][PASSED] - Statement - If (java.lang.Integer.valueOf(batchqty) >= java.lang.Integer.valueOf(Rqty)): null

2018-05-23 09:49:53 - [TEST_STEP][PASSED] - Statement - Break: null

2018-05-23 09:49:53 - [TEST_STEP][PASSED] - Statement - batchlength = new com.kms.katalon.core.testobject.TestObject(): null

2018-05-23 09:49:53 - [TEST_STEP][PASSED] - Statement - batchlength = com.kms.katalon.core.webui.keyword.WebUiBuiltInKeywords.modifyObjectProperty(batchlength, "xpath", "equals", "//*[@id = "fldvendor" + row + ""]", true): Modify property of object successfully

2018-05-23 09:49:53 - [MESSAGE][PASSED] - Modify property of object successfully

2018-05-23 09:49:53 - [TEST_STEP][PASSED] - Statement - batchsize = com.kms.katalon.core.webui.keyword.WebUiBuiltInKeywords.getNumberOfTotalOption(batchlength): 11 options of object '' counted

2018-05-23 09:49:53 - [MESSAGE][PASSED] - 11 options of object '' counted

2018-05-23 09:49:53 - [TEST_STEP][PASSED] - Statement - out.println("BatchSize : " + batchsize): null

2018-05-23 09:49:53 - [TEST_STEP][PASSED] - Statement - For ([n = 1, n <= batchsize - 1, (n++)]): null

2018-05-23 09:49:53 - [TEST_STEP][PASSED] - Statement - product = new com.kms.katalon.core.testobject.TestObject(): null

2018-05-23 09:49:53 - [TEST_STEP][PASSED] - Statement - product = com.kms.katalon.core.webui.keyword.WebUiBuiltInKeywords.modifyObjectProperty(product, "xpath", "equals", "//*[@id = "fldvendor" + row + ""]", true): Modify property of object successfully

2018-05-23 09:49:53 - [MESSAGE][PASSED] - Modify property of object successfully

2018-05-23 09:49:53 - [TEST_STEP][PASSED] - selectOptionByIndex: All options with index in [1] are selected on object ''

2018-05-23 09:49:53 - [MESSAGE][PASSED] - All options with index in [1] are selected on object ''

2018-05-23 09:49:53 - [TEST_STEP][PASSED] - Statement - batch = new com.kms.katalon.core.testobject.TestObject(): null

2018-05-23 09:49:53 - [TEST_STEP][PASSED] - Statement - batch = com.kms.katalon.core.webui.keyword.WebUiBuiltInKeywords.modifyObjectProperty(batch, "xpath", "equals", "//*[@id = "txtbthqty" + row + ""]", true): Modify property of object successfully

2018-05-23 09:49:53 - [MESSAGE][PASSED] - Modify property of object successfully

2018-05-23 09:49:53 - [TEST_STEP][PASSED] - Statement - batchqty = com.kms.katalon.core.webui.keyword.WebUiBuiltInKeywords.getAttribute(batch, "value").trim(): Attribute 'value' of object '' is: '33600'

2018-05-23 09:49:53 - [MESSAGE][PASSED] - Attribute 'value' of object '' is: '33600'

2018-05-23 09:49:53 - [TEST_STEP][PASSED] - Statement - Rqty = 100: null

2018-05-23 09:49:53 - [TEST_STEP][PASSED] - delay: Delayed 2 second(s)

2018-05-23 09:49:55 - [MESSAGE][PASSED] - Delayed 2 second(s)

2018-05-23 09:49:55 - [TEST_STEP][PASSED] - Statement - out.println("BatchQty : " + batchqty): null

2018-05-23 09:49:55 - [TEST_STEP][PASSED] - Statement - out.println("RQty : " + Rqty): null

2018-05-23 09:49:55 - [TEST_STEP][PASSED] - Statement - If (java.lang.Integer.valueOf(batchqty) >= java.lang.Integer.valueOf(Rqty)): null

2018-05-23 09:49:55 - [TEST_STEP][PASSED] - Statement - Break: null

2018-05-23 09:49:55 - [TEST_STEP][PASSED] - Statement - batchlength = new com.kms.katalon.core.testobject.TestObject(): null

2018-05-23 09:49:55 - [TEST_STEP][PASSED] - Statement - batchlength = com.kms.katalon.core.webui.keyword.WebUiBuiltInKeywords.modifyObjectProperty(batchlength, "xpath", "equals", "//*[@id = "fldvendor" + row + ""]", true): Modify property of object successfully

2018-05-23 09:49:55 - [MESSAGE][PASSED] - Modify property of object successfully

2018-05-23 09:49:55 - [TEST_STEP][PASSED] - Statement - batchsize = com.kms.katalon.core.webui.keyword.WebUiBuiltInKeywords.getNumberOfTotalOption(batchlength): 11 options of object '' counted

2018-05-23 09:49:55 - [MESSAGE][PASSED] - 11 options of object '' counted

2018-05-23 09:49:55 - [TEST_STEP][PASSED] - Statement - out.println("BatchSize : " + batchsize): null

2018-05-23 09:49:55 - [TEST_STEP][PASSED] - Statement - For ([n = 1, n <= batchsize - 1, (n++)]): null

2018-05-23 09:49:55 - [TEST_STEP][PASSED] - Statement - product = new com.kms.katalon.core.testobject.TestObject(): null

2018-05-23 09:49:55 - [TEST_STEP][PASSED] - Statement - product = com.kms.katalon.core.webui.keyword.WebUiBuiltInKeywords.modifyObjectProperty(product, "xpath", "equals", "//*[@id = "fldvendor" + row + ""]", true): Modify property of object successfully

2018-05-23 09:49:55 - [MESSAGE][PASSED] - Modify property of object successfully

2018-05-23 09:49:55 - [TEST_STEP][PASSED] - selectOptionByIndex: All options with index in [1] are selected on object ''

2018-05-23 09:49:56 - [MESSAGE][PASSED] - All options with index in [1] are selected on object ''

2018-05-23 09:49:56 - [TEST_STEP][PASSED] - Statement - batch = new com.kms.katalon.core.testobject.TestObject(): null

2018-05-23 09:49:56 - [TEST_STEP][PASSED] - Statement - batch = com.kms.katalon.core.webui.keyword.WebUiBuiltInKeywords.modifyObjectProperty(batch, "xpath", "equals", "//*[@id = "txtbthqty" + row + ""]", true): Modify property of object successfully

2018-05-23 09:49:56 - [MESSAGE][PASSED] - Modify property of object successfully

2018-05-23 09:49:56 - [TEST_STEP][PASSED] - Statement - batchqty = com.kms.katalon.core.webui.keyword.WebUiBuiltInKeywords.getAttribute(batch, "value").trim(): Attribute 'value' of object '' is: '3800'

2018-05-23 09:49:56 - [MESSAGE][PASSED] - Attribute 'value' of object '' is: '3800'

2018-05-23 09:49:56 - [TEST_STEP][PASSED] - Statement - Rqty = 100: null

2018-05-23 09:49:56 - [TEST_STEP][PASSED] - delay: Delayed 2 second(s)

2018-05-23 09:49:58 - [MESSAGE][PASSED] - Delayed 2 second(s)

2018-05-23 09:49:58 - [TEST_STEP][PASSED] - Statement - out.println("BatchQty : " + batchqty): null

2018-05-23 09:49:58 - [TEST_STEP][PASSED] - Statement - out.println("RQty : " + Rqty): null

2018-05-23 09:49:58 - [TEST_STEP][PASSED] - Statement - If (java.lang.Integer.valueOf(batchqty) >= java.lang.Integer.valueOf(Rqty)): null

2018-05-23 09:49:58 - [TEST_STEP][PASSED] - Statement - Break: null

2018-05-23 09:49:58 - [TEST_STEP][PASSED] - Statement - batchlength = new com.kms.katalon.core.testobject.TestObject(): null

2018-05-23 09:49:58 - [TEST_STEP][PASSED] - Statement - batchlength = com.kms.katalon.core.webui.keyword.WebUiBuiltInKeywords.modifyObjectProperty(batchlength, "xpath", "equals", "//*[@id = "fldvendor" + row + ""]", true): Modify property of object successfully

2018-05-23 09:49:58 - [MESSAGE][PASSED] - Modify property of object successfully

2018-05-23 09:49:58 - [TEST_STEP][PASSED] - Statement - batchsize = com.kms.katalon.core.webui.keyword.WebUiBuiltInKeywords.getNumberOfTotalOption(batchlength): 11 options of object '' counted

2018-05-23 09:49:58 - [MESSAGE][PASSED] - 11 options of object '' counted

2018-05-23 09:49:58 - [TEST_STEP][PASSED] - Statement - out.println("BatchSize : " + batchsize): null

2018-05-23 09:49:58 - [TEST_STEP][PASSED] - Statement - For ([n = 1, n <= batchsize - 1, (n++)]): null

2018-05-23 09:49:58 - [TEST_STEP][PASSED] - Statement - product = new com.kms.katalon.core.testobject.TestObject(): null

2018-05-23 09:49:58 - [TEST_STEP][PASSED] - Statement - product = com.kms.katalon.core.webui.keyword.WebUiBuiltInKeywords.modifyObjectProperty(product, "xpath", "equals", "//*[@id = "fldvendor" + row + ""]", true): Modify property of object successfully

2018-05-23 09:49:58 - [MESSAGE][PASSED] - Modify property of object successfully

2018-05-23 09:49:58 - [TEST_STEP][PASSED] - selectOptionByIndex: All options with index in [1] are selected on object ''

2018-05-23 09:49:58 - [MESSAGE][PASSED] - All options with index in [1] are selected on object ''

2018-05-23 09:49:58 - [TEST_STEP][PASSED] - Statement - batch = new com.kms.katalon.core.testobject.TestObject(): null

2018-05-23 09:49:58 - [TEST_STEP][PASSED] - Statement - batch = com.kms.katalon.core.webui.keyword.WebUiBuiltInKeywords.modifyObjectProperty(batch, "xpath", "equals", "//*[@id = "txtbthqty" + row + ""]", true): Modify property of object successfully

2018-05-23 09:49:58 - [MESSAGE][PASSED] - Modify property of object successfully

2018-05-23 09:49:58 - [TEST_STEP][PASSED] - Statement - batchqty = com.kms.katalon.core.webui.keyword.WebUiBuiltInKeywords.getAttribute(batch, "value").trim(): Attribute 'value' of object '' is: '2800'

2018-05-23 09:49:58 - [MESSAGE][PASSED] - Attribute 'value' of object '' is: '2800'

2018-05-23 09:49:58 - [TEST_STEP][PASSED] - Statement - Rqty = 100: null

2018-05-23 09:49:58 - [TEST_STEP][PASSED] - delay: Delayed 2 second(s)

2018-05-23 09:50:00 - [MESSAGE][PASSED] - Delayed 2 second(s)

2018-05-23 09:50:00 - [TEST_STEP][PASSED] - Statement - out.println("BatchQty : " + batchqty): null

2018-05-23 09:50:00 - [TEST_STEP][PASSED] - Statement - out.println("RQty : " + Rqty): null

2018-05-23 09:50:00 - [TEST_STEP][PASSED] - Statement - If (java.lang.Integer.valueOf(batchqty) >= java.lang.Integer.valueOf(Rqty)): null

2018-05-23 09:50:00 - [TEST_STEP][PASSED] - Statement - Break: null

2018-05-23 09:50:00 - [TEST_STEP][PASSED] - Statement - batchlength = new com.kms.katalon.core.testobject.TestObject(): null

2018-05-23 09:50:00 - [TEST_STEP][PASSED] - Statement - batchlength = com.kms.katalon.core.webui.keyword.WebUiBuiltInKeywords.modifyObjectProperty(batchlength, "xpath", "equals", "//*[@id = "fldvendor" + row + ""]", true): Modify property of object successfully

2018-05-23 09:50:00 - [MESSAGE][PASSED] - Modify property of object successfully

2018-05-23 09:50:00 - [TEST_STEP][PASSED] - Statement - batchsize = com.kms.katalon.core.webui.keyword.WebUiBuiltInKeywords.getNumberOfTotalOption(batchlength): 11 options of object '' counted

2018-05-23 09:50:00 - [MESSAGE][PASSED] - 11 options of object '' counted

2018-05-23 09:50:00 - [TEST_STEP][PASSED] - Statement - out.println("BatchSize : " + batchsize): null

2018-05-23 09:50:00 - [TEST_STEP][PASSED] - Statement - For ([n = 1, n <= batchsize - 1, (n++)]): null

2018-05-23 09:50:00 - [TEST_STEP][PASSED] - Statement - product = new com.kms.katalon.core.testobject.TestObject(): null

2018-05-23 09:50:00 - [TEST_STEP][PASSED] - Statement - product = com.kms.katalon.core.webui.keyword.WebUiBuiltInKeywords.modifyObjectProperty(product, "xpath", "equals", "//*[@id = "fldvendor" + row + ""]", true): Modify property of object successfully

2018-05-23 09:50:00 - [MESSAGE][PASSED] - Modify property of object successfully

2018-05-23 09:50:00 - [TEST_STEP][PASSED] - selectOptionByIndex: All options with index in [1] are selected on object ''

2018-05-23 09:50:00 - [MESSAGE][PASSED] - All options with index in [1] are selected on object ''

2018-05-23 09:50:00 - [TEST_STEP][PASSED] - Statement - batch = new com.kms.katalon.core.testobject.TestObject(): null

2018-05-23 09:50:00 - [TEST_STEP][PASSED] - Statement - batch = com.kms.katalon.core.webui.keyword.WebUiBuiltInKeywords.modifyObjectProperty(batch, "xpath", "equals", "//*[@id = "txtbthqty" + row + ""]", true): Modify property of object successfully

2018-05-23 09:50:00 - [MESSAGE][PASSED] - Modify property of object successfully

2018-05-23 09:50:00 - [TEST_STEP][PASSED] - Statement - batchqty = com.kms.katalon.core.webui.keyword.WebUiBuiltInKeywords.getAttribute(batch, "value").trim(): Attribute 'value' of object '' is: '2800'

2018-05-23 09:50:00 - [MESSAGE][PASSED] - Attribute 'value' of object '' is: '2800'

2018-05-23 09:50:00 - [TEST_STEP][PASSED] - Statement - Rqty = 100: null

2018-05-23 09:50:00 - [TEST_STEP][PASSED] - delay: Delayed 2 second(s)

2018-05-23 09:50:02 - [MESSAGE][PASSED] - Delayed 2 second(s)

2018-05-23 09:50:02 - [TEST_STEP][PASSED] - Statement - out.println("BatchQty : " + batchqty): null

2018-05-23 09:50:02 - [TEST_STEP][PASSED] - Statement - out.println("RQty : " + Rqty): null

2018-05-23 09:50:02 - [TEST_STEP][PASSED] - Statement - If (java.lang.Integer.valueOf(batchqty) >= java.lang.Integer.valueOf(Rqty)): null

2018-05-23 09:50:02 - [TEST_STEP][PASSED] - Statement - Break: null

2018-05-23 09:50:02 - [TEST_STEP][PASSED] - Statement - batchlength = new com.kms.katalon.core.testobject.TestObject(): null

2018-05-23 09:50:02 - [TEST_STEP][PASSED] - Statement - batchlength = com.kms.katalon.core.webui.keyword.WebUiBuiltInKeywords.modifyObjectProperty(batchlength, "xpath", "equals", "//*[@id = "fldvendor" + row + ""]", true): Modify property of object successfully

2018-05-23 09:50:02 - [MESSAGE][PASSED] - Modify property of object successfully

2018-05-23 09:50:02 - [TEST_STEP][PASSED] - Statement - batchsize = com.kms.katalon.core.webui.keyword.WebUiBuiltInKeywords.getNumberOfTotalOption(batchlength): 11 options of object '' counted

2018-05-23 09:50:02 - [MESSAGE][PASSED] - 11 options of object '' counted

2018-05-23 09:50:02 - [TEST_STEP][PASSED] - Statement - out.println("BatchSize : " + batchsize): null

2018-05-23 09:50:02 - [TEST_STEP][PASSED] - Statement - For ([n = 1, n <= batchsize - 1, (n++)]): null

2018-05-23 09:50:02 - [TEST_STEP][PASSED] - Statement - product = new com.kms.katalon.core.testobject.TestObject(): null

2018-05-23 09:50:02 - [TEST_STEP][PASSED] - Statement - product = com.kms.katalon.core.webui.keyword.WebUiBuiltInKeywords.modifyObjectProperty(product, "xpath", "equals", "//*[@id = "fldvendor" + row + ""]", true): Modify property of object successfully

2018-05-23 09:50:02 - [MESSAGE][PASSED] - Modify property of object successfully

2018-05-23 09:50:02 - [TEST_STEP][PASSED] - selectOptionByIndex: All options with index in [1] are selected on object ''

2018-05-23 09:50:03 - [MESSAGE][PASSED] - All options with index in [1] are selected on object ''

2018-05-23 09:50:03 - [TEST_STEP][PASSED] - Statement - batch = new com.kms.katalon.core.testobject.TestObject(): null

2018-05-23 09:50:03 - [TEST_STEP][PASSED] - Statement - batch = com.kms.katalon.core.webui.keyword.WebUiBuiltInKeywords.modifyObjectProperty(batch, "xpath", "equals", "//*[@id = "txtbthqty" + row + ""]", true): Modify property of object successfully

2018-05-23 09:50:03 - [MESSAGE][PASSED] - Modify property of object successfully

2018-05-23 09:50:03 - [TEST_STEP][PASSED] - Statement - batchqty = com.kms.katalon.core.webui.keyword.WebUiBuiltInKeywords.getAttribute(batch, "value").trim(): Attribute 'value' of object '' is: '4800'

2018-05-23 09:50:03 - [MESSAGE][PASSED] - Attribute 'value' of object '' is: '4800'

2018-05-23 09:50:03 - [TEST_STEP][PASSED] - Statement - Rqty = 100: null

2018-05-23 09:50:03 - [TEST_STEP][PASSED] - delay: Delayed 2 second(s)

2018-05-23 09:50:05 - [MESSAGE][PASSED] - Delayed 2 second(s)

2018-05-23 09:50:05 - [TEST_STEP][PASSED] - Statement - out.println("BatchQty : " + batchqty): null

2018-05-23 09:50:05 - [TEST_STEP][PASSED] - Statement - out.println("RQty : " + Rqty): null

2018-05-23 09:50:05 - [TEST_STEP][PASSED] - Statement - If (java.lang.Integer.valueOf(batchqty) >= java.lang.Integer.valueOf(Rqty)): null

2018-05-23 09:50:05 - [TEST_STEP][PASSED] - Statement - Break: null

2018-05-23 09:50:05 - [TEST_STEP][PASSED] - Statement - batchlength = new com.kms.katalon.core.testobject.TestObject(): null

2018-05-23 09:50:05 - [TEST_STEP][PASSED] - Statement - batchlength = com.kms.katalon.core.webui.keyword.WebUiBuiltInKeywords.modifyObjectProperty(batchlength, "xpath", "equals", "//*[@id = "fldvendor" + row + ""]", true): Modify property of object successfully

2018-05-23 09:50:05 - [MESSAGE][PASSED] - Modify property of object successfully

2018-05-23 09:50:05 - [TEST_STEP][PASSED] - Statement - batchsize = com.kms.katalon.core.webui.keyword.WebUiBuiltInKeywords.getNumberOfTotalOption(batchlength): 11 options of object '' counted

2018-05-23 09:50:05 - [MESSAGE][PASSED] - 11 options of object '' counted

2018-05-23 09:50:05 - [TEST_STEP][PASSED] - Statement - out.println("BatchSize : " + batchsize): null

2018-05-23 09:50:05 - [TEST_STEP][PASSED] - Statement - For ([n = 1, n <= batchsize - 1, (n++)]): null

2018-05-23 09:50:05 - [TEST_STEP][PASSED] - Statement - product = new com.kms.katalon.core.testobject.TestObject(): null

2018-05-23 09:50:05 - [TEST_STEP][PASSED] - Statement - product = com.kms.katalon.core.webui.keyword.WebUiBuiltInKeywords.modifyObjectProperty(product, "xpath", "equals", "//*[@id = "fldvendor" + row + ""]", true): Modify property of object successfully

2018-05-23 09:50:05 - [MESSAGE][PASSED] - Modify property of object successfully

2018-05-23 09:50:05 - [TEST_STEP][PASSED] - selectOptionByIndex: All options with index in [1] are selected on object ''

2018-05-23 09:50:05 - [MESSAGE][PASSED] - All options with index in [1] are selected on object ''

2018-05-23 09:50:05 - [TEST_STEP][PASSED] - Statement - batch = new com.kms.katalon.core.testobject.TestObject(): null

2018-05-23 09:50:05 - [TEST_STEP][PASSED] - Statement - batch = com.kms.katalon.core.webui.keyword.WebUiBuiltInKeywords.modifyObjectProperty(batch, "xpath", "equals", "//*[@id = "txtbthqty" + row + ""]", true): Modify property of object successfully

2018-05-23 09:50:05 - [MESSAGE][PASSED] - Modify property of object successfully

2018-05-23 09:50:05 - [TEST_STEP][PASSED] - Statement - batchqty = com.kms.katalon.core.webui.keyword.WebUiBuiltInKeywords.getAttribute(batch, "value").trim(): Attribute 'value' of object '' is: '4800'

2018-05-23 09:50:05 - [MESSAGE][PASSED] - Attribute 'value' of object '' is: '4800'

2018-05-23 09:50:05 - [TEST_STEP][PASSED] - Statement - Rqty = 100: null

2018-05-23 09:50:05 - [TEST_STEP][PASSED] - delay: Delayed 2 second(s)

2018-05-23 09:50:07 - [MESSAGE][PASSED] - Delayed 2 second(s)

2018-05-23 09:50:07 - [TEST_STEP][PASSED] - Statement - out.println("BatchQty : " + batchqty): null

2018-05-23 09:50:07 - [TEST_STEP][PASSED] - Statement - out.println("RQty : " + Rqty): null

2018-05-23 09:50:07 - [TEST_STEP][PASSED] - Statement - If (java.lang.Integer.valueOf(batchqty) >= java.lang.Integer.valueOf(Rqty)): null

2018-05-23 09:50:07 - [TEST_STEP][PASSED] - Statement - Break: null

2018-05-23 09:50:07 - [TEST_STEP][PASSED] - Statement - batchlength = new com.kms.katalon.core.testobject.TestObject(): null

2018-05-23 09:50:07 - [TEST_STEP][PASSED] - Statement - batchlength = com.kms.katalon.core.webui.keyword.WebUiBuiltInKeywords.modifyObjectProperty(batchlength, "xpath", "equals", "//*[@id = "fldvendor" + row + ""]", true): Modify property of object successfully

2018-05-23 09:50:07 - [MESSAGE][PASSED] - Modify property of object successfully

2018-05-23 09:50:07 - [TEST_STEP][PASSED] - Statement - batchsize = com.kms.katalon.core.webui.keyword.WebUiBuiltInKeywords.getNumberOfTotalOption(batchlength): 11 options of object '' counted

2018-05-23 09:50:07 - [MESSAGE][PASSED] - 11 options of object '' counted

2018-05-23 09:50:07 - [TEST_STEP][PASSED] - Statement - out.println("BatchSize : " + batchsize): null

2018-05-23 09:50:07 - [TEST_STEP][PASSED] - Statement - For ([n = 1, n <= batchsize - 1, (n++)]): null

2018-05-23 09:50:07 - [TEST_STEP][PASSED] - Statement - product = new com.kms.katalon.core.testobject.TestObject(): null

2018-05-23 09:50:07 - [TEST_STEP][PASSED] - Statement - product = com.kms.katalon.core.webui.keyword.WebUiBuiltInKeywords.modifyObjectProperty(product, "xpath", "equals", "//*[@id = "fldvendor" + row + ""]", true): Modify property of object successfully

2018-05-23 09:50:07 - [MESSAGE][PASSED] - Modify property of object successfully

2018-05-23 09:50:07 - [TEST_STEP][PASSED] - selectOptionByIndex: All options with index in [1] are selected on object ''

2018-05-23 09:50:07 - [MESSAGE][PASSED] - All options with index in [1] are selected on object ''

2018-05-23 09:50:07 - [TEST_STEP][PASSED] - Statement - batch = new com.kms.katalon.core.testobject.TestObject(): null

2018-05-23 09:50:07 - [TEST_STEP][PASSED] - Statement - batch = com.kms.katalon.core.webui.keyword.WebUiBuiltInKeywords.modifyObjectProperty(batch, "xpath", "equals", "//*[@id = "txtbthqty" + row + ""]", true): Modify property of object successfully

2018-05-23 09:50:07 - [MESSAGE][PASSED] - Modify property of object successfully

2018-05-23 09:50:07 - [TEST_STEP][PASSED] - Statement - batchqty = com.kms.katalon.core.webui.keyword.WebUiBuiltInKeywords.getAttribute(batch, "value").trim(): Attribute 'value' of object '' is: '4800'

2018-05-23 09:50:07 - [MESSAGE][PASSED] - Attribute 'value' of object '' is: '4800'

2018-05-23 09:50:07 - [TEST_STEP][PASSED] - Statement - Rqty = 100: null

2018-05-23 09:50:07 - [TEST_STEP][PASSED] - delay: Delayed 2 second(s)

2018-05-23 09:50:09 - [MESSAGE][PASSED] - Delayed 2 second(s)

2018-05-23 09:50:09 - [TEST_STEP][PASSED] - Statement - out.println("BatchQty : " + batchqty): null

2018-05-23 09:50:09 - [TEST_STEP][PASSED] - Statement - out.println("RQty : " + Rqty): null

2018-05-23 09:50:09 - [TEST_STEP][PASSED] - Statement - If (java.lang.Integer.valueOf(batchqty) >= java.lang.Integer.valueOf(Rqty)): null

2018-05-23 09:50:09 - [TEST_STEP][PASSED] - Statement - Break: null

2018-05-23 09:50:09 - [TEST_STEP][PASSED] - Statement - batchlength = new com.kms.katalon.core.testobject.TestObject(): null

2018-05-23 09:50:09 - [TEST_STEP][PASSED] - Statement - batchlength = com.kms.katalon.core.webui.keyword.WebUiBuiltInKeywords.modifyObjectProperty(batchlength, "xpath", "equals", "//*[@id = "fldvendor" + row + ""]", true): Modify property of object successfully

2018-05-23 09:50:09 - [MESSAGE][PASSED] - Modify property of object successfully

2018-05-23 09:50:09 - [TEST_STEP][PASSED] - Statement - batchsize = com.kms.katalon.core.webui.keyword.WebUiBuiltInKeywords.getNumberOfTotalOption(batchlength): 11 options of object '' counted

2018-05-23 09:50:09 - [MESSAGE][PASSED] - 11 options of object '' counted

2018-05-23 09:50:09 - [TEST_STEP][PASSED] - Statement - out.println("BatchSize : " + batchsize): null

2018-05-23 09:50:09 - [TEST_STEP][PASSED] - Statement - For ([n = 1, n <= batchsize - 1, (n++)]): null

2018-05-23 09:50:09 - [TEST_STEP][PASSED] - Statement - product = new com.kms.katalon.core.testobject.TestObject(): null

2018-05-23 09:50:09 - [TEST_STEP][PASSED] - Statement - product = com.kms.katalon.core.webui.keyword.WebUiBuiltInKeywords.modifyObjectProperty(product, "xpath", "equals", "//*[@id = "fldvendor" + row + ""]", true): Modify property of object successfully

2018-05-23 09:50:09 - [MESSAGE][PASSED] - Modify property of object successfully

2018-05-23 09:50:09 - [TEST_STEP][PASSED] - selectOptionByIndex: All options with index in [1] are selected on object ''

2018-05-23 09:50:09 - [MESSAGE][PASSED] - All options with index in [1] are selected on object ''

2018-05-23 09:50:09 - [TEST_STEP][PASSED] - Statement - batch = new com.kms.katalon.core.testobject.TestObject(): null

2018-05-23 09:50:09 - [TEST_STEP][PASSED] - Statement - batch = com.kms.katalon.core.webui.keyword.WebUiBuiltInKeywords.modifyObjectProperty(batch, "xpath", "equals", "//*[@id = "txtbthqty" + row + ""]", true): Modify property of object successfully

2018-05-23 09:50:09 - [MESSAGE][PASSED] - Modify property of object successfully

2018-05-23 09:50:09 - [TEST_STEP][PASSED] - Statement - batchqty = com.kms.katalon.core.webui.keyword.WebUiBuiltInKeywords.getAttribute(batch, "value").trim(): Attribute 'value' of object '' is: '2800'

2018-05-23 09:50:10 - [MESSAGE][PASSED] - Attribute 'value' of object '' is: '2800'

2018-05-23 09:50:10 - [TEST_STEP][PASSED] - Statement - Rqty = 100: null

2018-05-23 09:50:10 - [TEST_STEP][PASSED] - delay: Delayed 2 second(s)

2018-05-23 09:50:12 - [MESSAGE][PASSED] - Delayed 2 second(s)

2018-05-23 09:50:12 - [TEST_STEP][PASSED] - Statement - out.println("BatchQty : " + batchqty): null

2018-05-23 09:50:12 - [TEST_STEP][PASSED] - Statement - out.println("RQty : " + Rqty): null

2018-05-23 09:50:12 - [TEST_STEP][PASSED] - Statement - If (java.lang.Integer.valueOf(batchqty) >= java.lang.Integer.valueOf(Rqty)): null

2018-05-23 09:50:12 - [TEST_STEP][PASSED] - Statement - Break: null

2018-05-23 09:50:12 - [TEST_STEP][PASSED] - Statement - batchlength = new com.kms.katalon.core.testobject.TestObject(): null

2018-05-23 09:50:12 - [TEST_STEP][PASSED] - Statement - batchlength = com.kms.katalon.core.webui.keyword.WebUiBuiltInKeywords.modifyObjectProperty(batchlength, "xpath", "equals", "//*[@id = "fldvendor" + row + ""]", true): Modify property of object successfully

2018-05-23 09:50:12 - [MESSAGE][PASSED] - Modify property of object successfully

2018-05-23 09:50:12 - [TEST_STEP][PASSED] - Statement - batchsize = com.kms.katalon.core.webui.keyword.WebUiBuiltInKeywords.getNumberOfTotalOption(batchlength): 11 options of object '' counted

2018-05-23 09:50:12 - [MESSAGE][PASSED] - 11 options of object '' counted

2018-05-23 09:50:12 - [TEST_STEP][PASSED] - Statement - out.println("BatchSize : " + batchsize): null

2018-05-23 09:50:12 - [TEST_STEP][PASSED] - Statement - For ([n = 1, n <= batchsize - 1, (n++)]): null

2018-05-23 09:50:12 - [TEST_STEP][PASSED] - Statement - product = new com.kms.katalon.core.testobject.TestObject(): null

2018-05-23 09:50:12 - [TEST_STEP][PASSED] - Statement - product = com.kms.katalon.core.webui.keyword.WebUiBuiltInKeywords.modifyObjectProperty(product, "xpath", "equals", "//*[@id = "fldvendor" + row + ""]", true): Modify property of object successfully

2018-05-23 09:50:12 - [MESSAGE][PASSED] - Modify property of object successfully

2018-05-23 09:50:12 - [TEST_STEP][PASSED] - selectOptionByIndex: All options with index in [1] are selected on object ''

2018-05-23 09:50:12 - [MESSAGE][PASSED] - All options with index in [1] are selected on object ''

2018-05-23 09:50:12 - [TEST_STEP][PASSED] - Statement - batch = new com.kms.katalon.core.testobject.TestObject(): null

2018-05-23 09:50:12 - [TEST_STEP][PASSED] - Statement - batch = com.kms.katalon.core.webui.keyword.WebUiBuiltInKeywords.modifyObjectProperty(batch, "xpath", "equals", "//*[@id = "txtbthqty" + row + ""]", true): Modify property of object successfully

2018-05-23 09:50:12 - [MESSAGE][PASSED] - Modify property of object successfully

2018-05-23 09:50:12 - [TEST_STEP][PASSED] - Statement - batchqty = com.kms.katalon.core.webui.keyword.WebUiBuiltInKeywords.getAttribute(batch, "value").trim(): Attribute 'value' of object '' is: '4800'

2018-05-23 09:50:12 - [MESSAGE][PASSED] - Attribute 'value' of object '' is: '4800'

2018-05-23 09:50:12 - [TEST_STEP][PASSED] - Statement - Rqty = 100: null

2018-05-23 09:50:12 - [TEST_STEP][PASSED] - delay: Delayed 2 second(s)

2018-05-23 09:50:14 - [MESSAGE][PASSED] - Delayed 2 second(s)

2018-05-23 09:50:14 - [TEST_STEP][PASSED] - Statement - out.println("BatchQty : " + batchqty): null

2018-05-23 09:50:14 - [TEST_STEP][PASSED] - Statement - out.println("RQty : " + Rqty): null

2018-05-23 09:50:14 - [TEST_STEP][PASSED] - Statement - If (java.lang.Integer.valueOf(batchqty) >= java.lang.Integer.valueOf(Rqty)): null

2018-05-23 09:50:14 - [TEST_STEP][PASSED] - Statement - Break: null

2018-05-23 09:50:14 - [TEST_STEP][PASSED] - Statement - batchlength = new com.kms.katalon.core.testobject.TestObject(): null

2018-05-23 09:50:14 - [TEST_STEP][PASSED] - Statement - batchlength = com.kms.katalon.core.webui.keyword.WebUiBuiltInKeywords.modifyObjectProperty(batchlength, "xpath", "equals", "//*[@id = "fldvendor" + row + ""]", true): Modify property of object successfully

2018-05-23 09:50:14 - [MESSAGE][PASSED] - Modify property of object successfully

2018-05-23 09:50:14 - [TEST_STEP][PASSED] - Statement - batchsize = com.kms.katalon.core.webui.keyword.WebUiBuiltInKeywords.getNumberOfTotalOption(batchlength): 11 options of object '' counted

2018-05-23 09:50:14 - [MESSAGE][PASSED] - 11 options of object '' counted

2018-05-23 09:50:14 - [TEST_STEP][PASSED] - Statement - out.println("BatchSize : " + batchsize): null

2018-05-23 09:50:14 - [TEST_STEP][PASSED] - Statement - For ([n = 1, n <= batchsize - 1, (n++)]): null

2018-05-23 09:50:14 - [TEST_STEP][PASSED] - Statement - product = new com.kms.katalon.core.testobject.TestObject(): null

2018-05-23 09:50:14 - [TEST_STEP][PASSED] - Statement - product = com.kms.katalon.core.webui.keyword.WebUiBuiltInKeywords.modifyObjectProperty(product, "xpath", "equals", "//*[@id = "fldvendor" + row + ""]", true): Modify property of object successfully

2018-05-23 09:50:14 - [MESSAGE][PASSED] - Modify property of object successfully

2018-05-23 09:50:14 - [TEST_STEP][PASSED] - selectOptionByIndex: All options with index in [1] are selected on object ''

2018-05-23 09:50:14 - [MESSAGE][PASSED] - All options with index in [1] are selected on object ''

2018-05-23 09:50:14 - [TEST_STEP][PASSED] - Statement - batch = new com.kms.katalon.core.testobject.TestObject(): null

2018-05-23 09:50:14 - [TEST_STEP][PASSED] - Statement - batch = com.kms.katalon.core.webui.keyword.WebUiBuiltInKeywords.modifyObjectProperty(batch, "xpath", "equals", "//*[@id = "txtbthqty" + row + ""]", true): Modify property of object successfully

2018-05-23 09:50:14 - [MESSAGE][PASSED] - Modify property of object successfully

2018-05-23 09:50:14 - [TEST_STEP][PASSED] - Statement - batchqty = com.kms.katalon.core.webui.keyword.WebUiBuiltInKeywords.getAttribute(batch, "value").trim(): Attribute 'value' of object '' is: '33600'

2018-05-23 09:50:14 - [MESSAGE][PASSED] - Attribute 'value' of object '' is: '33600'

2018-05-23 09:50:14 - [TEST_STEP][PASSED] - Statement - Rqty = 100: null

2018-05-23 09:50:14 - [TEST_STEP][PASSED] - delay: Delayed 2 second(s)

2018-05-23 09:50:16 - [MESSAGE][PASSED] - Delayed 2 second(s)

2018-05-23 09:50:16 - [TEST_STEP][PASSED] - Statement - out.println("BatchQty : " + batchqty): null

2018-05-23 09:50:16 - [TEST_STEP][PASSED] - Statement - out.println("RQty : " + Rqty): null

2018-05-23 09:50:16 - [TEST_STEP][PASSED] - Statement - If (java.lang.Integer.valueOf(batchqty) >= java.lang.Integer.valueOf(Rqty)): null

2018-05-23 09:50:16 - [TEST_STEP][PASSED] - Statement - Break: null

2018-05-23 09:50:16 - [TEST_STEP][PASSED] - Statement - batchlength = new com.kms.katalon.core.testobject.TestObject(): null

2018-05-23 09:50:16 - [TEST_STEP][PASSED] - Statement - batchlength = com.kms.katalon.core.webui.keyword.WebUiBuiltInKeywords.modifyObjectProperty(batchlength, "xpath", "equals", "//*[@id = "fldvendor" + row + ""]", true): Modify property of object successfully

2018-05-23 09:50:16 - [MESSAGE][PASSED] - Modify property of object successfully

2018-05-23 09:50:16 - [TEST_STEP][PASSED] - Statement - batchsize = com.kms.katalon.core.webui.keyword.WebUiBuiltInKeywords.getNumberOfTotalOption(batchlength): 11 options of object '' counted

2018-05-23 09:50:16 - [MESSAGE][PASSED] - 11 options of object '' counted

2018-05-23 09:50:16 - [TEST_STEP][PASSED] - Statement - out.println("BatchSize : " + batchsize): null

2018-05-23 09:50:16 - [TEST_STEP][PASSED] - Statement - For ([n = 1, n <= batchsize - 1, (n++)]): null

2018-05-23 09:50:16 - [TEST_STEP][PASSED] - Statement - product = new com.kms.katalon.core.testobject.TestObject(): null

2018-05-23 09:50:16 - [TEST_STEP][PASSED] - Statement - product = com.kms.katalon.core.webui.keyword.WebUiBuiltInKeywords.modifyObjectProperty(product, "xpath", "equals", "//*[@id = "fldvendor" + row + ""]", true): Modify property of object successfully

2018-05-23 09:50:16 - [MESSAGE][PASSED] - Modify property of object successfully

2018-05-23 09:50:16 - [TEST_STEP][PASSED] - selectOptionByIndex: All options with index in [1] are selected on object ''

2018-05-23 09:50:16 - [MESSAGE][PASSED] - All options with index in [1] are selected on object ''

2018-05-23 09:50:16 - [TEST_STEP][PASSED] - Statement - batch = new com.kms.katalon.core.testobject.TestObject(): null

2018-05-23 09:50:16 - [TEST_STEP][PASSED] - Statement - batch = com.kms.katalon.core.webui.keyword.WebUiBuiltInKeywords.modifyObjectProperty(batch, "xpath", "equals", "//*[@id = "txtbthqty" + row + ""]", true): Modify property of object successfully

2018-05-23 09:50:16 - [MESSAGE][PASSED] - Modify property of object successfully

2018-05-23 09:50:16 - [TEST_STEP][PASSED] - Statement - batchqty = com.kms.katalon.core.webui.keyword.WebUiBuiltInKeywords.getAttribute(batch, "value").trim(): Attribute 'value' of object '' is: '37600'

2018-05-23 09:50:16 - [MESSAGE][PASSED] - Attribute 'value' of object '' is: '37600'

2018-05-23 09:50:16 - [TEST_STEP][PASSED] - Statement - Rqty = 100: null

2018-05-23 09:50:16 - [TEST_STEP][PASSED] - delay: Delayed 2 second(s)

2018-05-23 09:50:18 - [MESSAGE][PASSED] - Delayed 2 second(s)

2018-05-23 09:50:18 - [TEST_STEP][PASSED] - Statement - out.println("BatchQty : " + batchqty): null

2018-05-23 09:50:18 - [TEST_STEP][PASSED] - Statement - out.println("RQty : " + Rqty): null

2018-05-23 09:50:18 - [TEST_STEP][PASSED] - Statement - If (java.lang.Integer.valueOf(batchqty) >= java.lang.Integer.valueOf(Rqty)): null

2018-05-23 09:50:18 - [TEST_STEP][PASSED] - Statement - Break: null

2018-05-23 09:50:18 - [TEST_STEP][PASSED] - Statement - batchlength = new com.kms.katalon.core.testobject.TestObject(): null

2018-05-23 09:50:18 - [TEST_STEP][PASSED] - Statement - batchlength = com.kms.katalon.core.webui.keyword.WebUiBuiltInKeywords.modifyObjectProperty(batchlength, "xpath", "equals", "//*[@id = "fldvendor" + row + ""]", true): Modify property of object successfully

2018-05-23 09:50:18 - [MESSAGE][PASSED] - Modify property of object successfully

2018-05-23 09:50:18 - [TEST_STEP][PASSED] - Statement - batchsize = com.kms.katalon.core.webui.keyword.WebUiBuiltInKeywords.getNumberOfTotalOption(batchlength): 11 options of object '' counted

2018-05-23 09:50:18 - [MESSAGE][PASSED] - 11 options of object '' counted

2018-05-23 09:50:18 - [TEST_STEP][PASSED] - Statement - out.println("BatchSize : " + batchsize): null

2018-05-23 09:50:18 - [TEST_STEP][PASSED] - Statement - For ([n = 1, n <= batchsize - 1, (n++)]): null

2018-05-23 09:50:18 - [TEST_STEP][PASSED] - Statement - product = new com.kms.katalon.core.testobject.TestObject(): null

2018-05-23 09:50:18 - [TEST_STEP][PASSED] - Statement - product = com.kms.katalon.core.webui.keyword.WebUiBuiltInKeywords.modifyObjectProperty(product, "xpath", "equals", "//*[@id = "fldvendor" + row + ""]", true): Modify property of object successfully

2018-05-23 09:50:18 - [MESSAGE][PASSED] - Modify property of object successfully

2018-05-23 09:50:18 - [TEST_STEP][PASSED] - selectOptionByIndex: All options with index in [1] are selected on object ''

2018-05-23 09:50:19 - [MESSAGE][PASSED] - All options with index in [1] are selected on object ''

2018-05-23 09:50:19 - [TEST_STEP][PASSED] - Statement - batch = new com.kms.katalon.core.testobject.TestObject(): null

2018-05-23 09:50:19 - [TEST_STEP][PASSED] - Statement - batch = com.kms.katalon.core.webui.keyword.WebUiBuiltInKeywords.modifyObjectProperty(batch, "xpath", "equals", "//*[@id = "txtbthqty" + row + ""]", true): Modify property of object successfully

2018-05-23 09:50:19 - [MESSAGE][PASSED] - Modify property of object successfully

2018-05-23 09:50:19 - [TEST_STEP][PASSED] - Statement - batchqty = com.kms.katalon.core.webui.keyword.WebUiBuiltInKeywords.getAttribute(batch, "value").trim(): Attribute 'value' of object '' is: '4800'

2018-05-23 09:50:19 - [MESSAGE][PASSED] - Attribute 'value' of object '' is: '4800'

2018-05-23 09:50:19 - [TEST_STEP][PASSED] - Statement - Rqty = 100: null

2018-05-23 09:50:19 - [TEST_STEP][PASSED] - delay: Delayed 2 second(s)

2018-05-23 09:50:21 - [MESSAGE][PASSED] - Delayed 2 second(s)

2018-05-23 09:50:21 - [TEST_STEP][PASSED] - Statement - out.println("BatchQty : " + batchqty): null

2018-05-23 09:50:21 - [TEST_STEP][PASSED] - Statement - out.println("RQty : " + Rqty): null

2018-05-23 09:50:21 - [TEST_STEP][PASSED] - Statement - If (java.lang.Integer.valueOf(batchqty) >= java.lang.Integer.valueOf(Rqty)): null

2018-05-23 09:50:21 - [TEST_STEP][PASSED] - Statement - Break: null

2018-05-23 09:50:21 - [TEST_STEP][PASSED] - Statement - batchlength = new com.kms.katalon.core.testobject.TestObject(): null

2018-05-23 09:50:21 - [TEST_STEP][PASSED] - Statement - batchlength = com.kms.katalon.core.webui.keyword.WebUiBuiltInKeywords.modifyObjectProperty(batchlength, "xpath", "equals", "//*[@id = "fldvendor" + row + ""]", true): Modify property of object successfully

2018-05-23 09:50:21 - [MESSAGE][PASSED] - Modify property of object successfully

2018-05-23 09:50:21 - [TEST_STEP][PASSED] - Statement - batchsize = com.kms.katalon.core.webui.keyword.WebUiBuiltInKeywords.getNumberOfTotalOption(batchlength): 11 options of object '' counted

2018-05-23 09:50:21 - [MESSAGE][PASSED] - 11 options of object '' counted

2018-05-23 09:50:21 - [TEST_STEP][PASSED] - Statement - out.println("BatchSize : " + batchsize): null

2018-05-23 09:50:21 - [TEST_STEP][PASSED] - Statement - For ([n = 1, n <= batchsize - 1, (n++)]): null

2018-05-23 09:50:21 - [TEST_STEP][PASSED] - Statement - product = new com.kms.katalon.core.testobject.TestObject(): null

2018-05-23 09:50:21 - [TEST_STEP][PASSED] - Statement - product = com.kms.katalon.core.webui.keyword.WebUiBuiltInKeywords.modifyObjectProperty(product, "xpath", "equals", "//*[@id = "fldvendor" + row + ""]", true): Modify property of object successfully

2018-05-23 09:50:21 - [MESSAGE][PASSED] - Modify property of object successfully

2018-05-23 09:50:21 - [TEST_STEP][PASSED] - selectOptionByIndex: All options with index in [1] are selected on object ''

2018-05-23 09:50:21 - [MESSAGE][PASSED] - All options with index in [1] are selected on object ''

2018-05-23 09:50:21 - [TEST_STEP][PASSED] - Statement - batch = new com.kms.katalon.core.testobject.TestObject(): null

2018-05-23 09:50:21 - [TEST_STEP][PASSED] - Statement - batch = com.kms.katalon.core.webui.keyword.WebUiBuiltInKeywords.modifyObjectProperty(batch, "xpath", "equals", "//*[@id = "txtbthqty" + row + ""]", true): Modify property of object successfully

2018-05-23 09:50:21 - [MESSAGE][PASSED] - Modify property of object successfully

2018-05-23 09:50:21 - [TEST_STEP][PASSED] - Statement - batchqty = com.kms.katalon.core.webui.keyword.WebUiBuiltInKeywords.getAttribute(batch, "value").trim(): Attribute 'value' of object '' is: '3800'

2018-05-23 09:50:21 - [MESSAGE][PASSED] - Attribute 'value' of object '' is: '3800'

2018-05-23 09:50:21 - [TEST_STEP][PASSED] - Statement - Rqty = 100: null

2018-05-23 09:50:21 - [TEST_STEP][PASSED] - delay: Delayed 2 second(s)

2018-05-23 09:50:23 - [MESSAGE][PASSED] - Delayed 2 second(s)

2018-05-23 09:50:23 - [TEST_STEP][PASSED] - Statement - out.println("BatchQty : " + batchqty): null

2018-05-23 09:50:23 - [TEST_STEP][PASSED] - Statement - out.println("RQty : " + Rqty): null

2018-05-23 09:50:23 - [TEST_STEP][PASSED] - Statement - If (java.lang.Integer.valueOf(batchqty) >= java.lang.Integer.valueOf(Rqty)): null

2018-05-23 09:50:23 - [TEST_STEP][PASSED] - Statement - Break: null

2018-05-23 09:50:23 - [TEST_STEP][PASSED] - Statement - batchlength = new com.kms.katalon.core.testobject.TestObject(): null

2018-05-23 09:50:23 - [TEST_STEP][PASSED] - Statement - batchlength = com.kms.katalon.core.webui.keyword.WebUiBuiltInKeywords.modifyObjectProperty(batchlength, "xpath", "equals", "//*[@id = "fldvendor" + row + ""]", true): Modify property of object successfully

2018-05-23 09:50:23 - [MESSAGE][PASSED] - Modify property of object successfully

2018-05-23 09:50:23 - [TEST_STEP][PASSED] - Statement - batchsize = com.kms.katalon.core.webui.keyword.WebUiBuiltInKeywords.getNumberOfTotalOption(batchlength): 11 options of object '' counted

2018-05-23 09:50:23 - [MESSAGE][PASSED] - 11 options of object '' counted

2018-05-23 09:50:23 - [TEST_STEP][PASSED] - Statement - out.println("BatchSize : " + batchsize): null

2018-05-23 09:50:23 - [TEST_STEP][PASSED] - Statement - For ([n = 1, n <= batchsize - 1, (n++)]): null

2018-05-23 09:50:23 - [TEST_STEP][PASSED] - Statement - product = new com.kms.katalon.core.testobject.TestObject(): null

2018-05-23 09:50:23 - [TEST_STEP][PASSED] - Statement - product = com.kms.katalon.core.webui.keyword.WebUiBuiltInKeywords.modifyObjectProperty(product, "xpath", "equals", "//*[@id = "fldvendor" + row + ""]", true): Modify property of object successfully

2018-05-23 09:50:23 - [MESSAGE][PASSED] - Modify property of object successfully

2018-05-23 09:50:23 - [TEST_STEP][PASSED] - selectOptionByIndex: All options with index in [1] are selected on object ''

2018-05-23 09:50:23 - [MESSAGE][PASSED] - All options with index in [1] are selected on object ''

2018-05-23 09:50:23 - [TEST_STEP][PASSED] - Statement - batch = new com.kms.katalon.core.testobject.TestObject(): null

2018-05-23 09:50:23 - [TEST_STEP][PASSED] - Statement - batch = com.kms.katalon.core.webui.keyword.WebUiBuiltInKeywords.modifyObjectProperty(batch, "xpath", "equals", "//*[@id = "txtbthqty" + row + ""]", true): Modify property of object successfully

2018-05-23 09:50:23 - [MESSAGE][PASSED] - Modify property of object successfully

2018-05-23 09:50:23 - [TEST_STEP][PASSED] - Statement - batchqty = com.kms.katalon.core.webui.keyword.WebUiBuiltInKeywords.getAttribute(batch, "value").trim(): Attribute 'value' of object '' is: '37600'

2018-05-23 09:50:23 - [MESSAGE][PASSED] - Attribute 'value' of object '' is: '37600'

2018-05-23 09:50:23 - [TEST_STEP][PASSED] - Statement - Rqty = 100: null

2018-05-23 09:50:23 - [TEST_STEP][PASSED] - delay: Delayed 2 second(s)

2018-05-23 09:50:25 - [MESSAGE][PASSED] - Delayed 2 second(s)

2018-05-23 09:50:25 - [TEST_STEP][PASSED] - Statement - out.println("BatchQty : " + batchqty): null

2018-05-23 09:50:25 - [TEST_STEP][PASSED] - Statement - out.println("RQty : " + Rqty): null

2018-05-23 09:50:25 - [TEST_STEP][PASSED] - Statement - If (java.lang.Integer.valueOf(batchqty) >= java.lang.Integer.valueOf(Rqty)): null

2018-05-23 09:50:25 - [TEST_STEP][PASSED] - Statement - Break: null

2018-05-23 09:50:25 - [TEST_STEP][PASSED] - Statement - batchlength = new com.kms.katalon.core.testobject.TestObject(): null

2018-05-23 09:50:25 - [TEST_STEP][PASSED] - Statement - batchlength = com.kms.katalon.core.webui.keyword.WebUiBuiltInKeywords.modifyObjectProperty(batchlength, "xpath", "equals", "//*[@id = "fldvendor" + row + ""]", true): Modify property of object successfully

2018-05-23 09:50:25 - [MESSAGE][PASSED] - Modify property of object successfully

2018-05-23 09:50:25 - [TEST_STEP][PASSED] - Statement - batchsize = com.kms.katalon.core.webui.keyword.WebUiBuiltInKeywords.getNumberOfTotalOption(batchlength): 11 options of object '' counted

2018-05-23 09:50:25 - [MESSAGE][PASSED] - 11 options of object '' counted

2018-05-23 09:50:25 - [TEST_STEP][PASSED] - Statement - out.println("BatchSize : " + batchsize): null

2018-05-23 09:50:25 - [TEST_STEP][PASSED] - Statement - For ([n = 1, n <= batchsize - 1, (n++)]): null

2018-05-23 09:50:25 - [TEST_STEP][PASSED] - Statement - product = new com.kms.katalon.core.testobject.TestObject(): null

2018-05-23 09:50:25 - [TEST_STEP][PASSED] - Statement - product = com.kms.katalon.core.webui.keyword.WebUiBuiltInKeywords.modifyObjectProperty(product, "xpath", "equals", "//*[@id = "fldvendor" + row + ""]", true): Modify property of object successfully

2018-05-23 09:50:25 - [MESSAGE][PASSED] - Modify property of object successfully

2018-05-23 09:50:25 - [TEST_STEP][PASSED] - selectOptionByIndex: All options with index in [1] are selected on object ''

2018-05-23 09:50:25 - [MESSAGE][PASSED] - All options with index in [1] are selected on object ''

2018-05-23 09:50:25 - [TEST_STEP][PASSED] - Statement - batch = new com.kms.katalon.core.testobject.TestObject(): null

2018-05-23 09:50:25 - [TEST_STEP][PASSED] - Statement - batch = com.kms.katalon.core.webui.keyword.WebUiBuiltInKeywords.modifyObjectProperty(batch, "xpath", "equals", "//*[@id = "txtbthqty" + row + ""]", true): Modify property of object successfully

2018-05-23 09:50:25 - [MESSAGE][PASSED] - Modify property of object successfully

2018-05-23 09:50:25 - [TEST_STEP][PASSED] - Statement - batchqty = com.kms.katalon.core.webui.keyword.WebUiBuiltInKeywords.getAttribute(batch, "value").trim(): Attribute 'value' of object '' is: '3800'

2018-05-23 09:50:26 - [MESSAGE][PASSED] - Attribute 'value' of object '' is: '3800'

2018-05-23 09:50:26 - [TEST_STEP][PASSED] - Statement - Rqty = 100: null

2018-05-23 09:50:26 - [TEST_STEP][PASSED] - delay: Delayed 2 second(s)

2018-05-23 09:50:28 - [MESSAGE][PASSED] - Delayed 2 second(s)

2018-05-23 09:50:28 - [TEST_STEP][PASSED] - Statement - out.println("BatchQty : " + batchqty): null

2018-05-23 09:50:28 - [TEST_STEP][PASSED] - Statement - out.println("RQty : " + Rqty): null

2018-05-23 09:50:28 - [TEST_STEP][PASSED] - Statement - If (java.lang.Integer.valueOf(batchqty) >= java.lang.Integer.valueOf(Rqty)): null

2018-05-23 09:50:28 - [TEST_STEP][PASSED] - Statement - Break: null

2018-05-23 09:50:28 - [TEST_STEP][PASSED] - Statement - batchlength = new com.kms.katalon.core.testobject.TestObject(): null

2018-05-23 09:50:28 - [TEST_STEP][PASSED] - Statement - batchlength = com.kms.katalon.core.webui.keyword.WebUiBuiltInKeywords.modifyObjectProperty(batchlength, "xpath", "equals", "//*[@id = "fldvendor" + row + ""]", true): Modify property of object successfully

2018-05-23 09:50:28 - [MESSAGE][PASSED] - Modify property of object successfully

2018-05-23 09:50:28 - [TEST_STEP][PASSED] - Statement - batchsize = com.kms.katalon.core.webui.keyword.WebUiBuiltInKeywords.getNumberOfTotalOption(batchlength): 11 options of object '' counted

2018-05-23 09:50:28 - [MESSAGE][PASSED] - 11 options of object '' counted

2018-05-23 09:50:28 - [TEST_STEP][PASSED] - Statement - out.println("BatchSize : " + batchsize): null

2018-05-23 09:50:28 - [TEST_STEP][PASSED] - Statement - For ([n = 1, n <= batchsize - 1, (n++)]): null

2018-05-23 09:50:28 - [TEST_STEP][PASSED] - Statement - product = new com.kms.katalon.core.testobject.TestObject(): null

2018-05-23 09:50:28 - [TEST_STEP][PASSED] - Statement - product = com.kms.katalon.core.webui.keyword.WebUiBuiltInKeywords.modifyObjectProperty(product, "xpath", "equals", "//*[@id = "fldvendor" + row + ""]", true): Modify property of object successfully

2018-05-23 09:50:28 - [MESSAGE][PASSED] - Modify property of object successfully

2018-05-23 09:50:28 - [TEST_STEP][PASSED] - selectOptionByIndex: All options with index in [1] are selected on object ''

2018-05-23 09:50:28 - [MESSAGE][PASSED] - All options with index in [1] are selected on object ''

2018-05-23 09:50:28 - [TEST_STEP][PASSED] - Statement - batch = new com.kms.katalon.core.testobject.TestObject(): null

2018-05-23 09:50:28 - [TEST_STEP][PASSED] - Statement - batch = com.kms.katalon.core.webui.keyword.WebUiBuiltInKeywords.modifyObjectProperty(batch, "xpath", "equals", "//*[@id = "txtbthqty" + row + ""]", true): Modify property of object successfully

2018-05-23 09:50:28 - [MESSAGE][PASSED] - Modify property of object successfully

2018-05-23 09:50:28 - [TEST_STEP][PASSED] - Statement - batchqty = com.kms.katalon.core.webui.keyword.WebUiBuiltInKeywords.getAttribute(batch, "value").trim(): Attribute 'value' of object '' is: '4800'

2018-05-23 09:50:28 - [MESSAGE][PASSED] - Attribute 'value' of object '' is: '4800'

2018-05-23 09:50:28 - [TEST_STEP][PASSED] - Statement - Rqty = 100: null

2018-05-23 09:50:28 - [TEST_STEP][PASSED] - delay: Delayed 2 second(s)

2018-05-23 09:50:30 - [MESSAGE][PASSED] - Delayed 2 second(s)

2018-05-23 09:50:30 - [TEST_STEP][PASSED] - Statement - out.println("BatchQty : " + batchqty): null

2018-05-23 09:50:30 - [TEST_STEP][PASSED] - Statement - out.println("RQty : " + Rqty): null

2018-05-23 09:50:30 - [TEST_STEP][PASSED] - Statement - If (java.lang.Integer.valueOf(batchqty) >= java.lang.Integer.valueOf(Rqty)): null

2018-05-23 09:50:30 - [TEST_STEP][PASSED] - Statement - Break: null

2018-05-23 09:50:30 - [TEST_STEP][PASSED] - Statement - batchlength = new com.kms.katalon.core.testobject.TestObject(): null

2018-05-23 09:50:30 - [TEST_STEP][PASSED] - Statement - batchlength = com.kms.katalon.core.webui.keyword.WebUiBuiltInKeywords.modifyObjectProperty(batchlength, "xpath", "equals", "//*[@id = "fldvendor" + row + ""]", true): Modify property of object successfully

2018-05-23 09:50:30 - [MESSAGE][PASSED] - Modify property of object successfully

2018-05-23 09:50:30 - [TEST_STEP][PASSED] - Statement - batchsize = com.kms.katalon.core.webui.keyword.WebUiBuiltInKeywords.getNumberOfTotalOption(batchlength): 11 options of object '' counted

2018-05-23 09:50:30 - [MESSAGE][PASSED] - 11 options of object '' counted

2018-05-23 09:50:30 - [TEST_STEP][PASSED] - Statement - out.println("BatchSize : " + batchsize): null

2018-05-23 09:50:30 - [TEST_STEP][PASSED] - Statement - For ([n = 1, n <= batchsize - 1, (n++)]): null

2018-05-23 09:50:30 - [TEST_STEP][PASSED] - Statement - product = new com.kms.katalon.core.testobject.TestObject(): null

2018-05-23 09:50:30 - [TEST_STEP][PASSED] - Statement - product = com.kms.katalon.core.webui.keyword.WebUiBuiltInKeywords.modifyObjectProperty(product, "xpath", "equals", "//*[@id = "fldvendor" + row + ""]", true): Modify property of object successfully

2018-05-23 09:50:30 - [MESSAGE][PASSED] - Modify property of object successfully

2018-05-23 09:50:30 - [TEST_STEP][PASSED] - selectOptionByIndex: All options with index in [1] are selected on object ''

2018-05-23 09:50:30 - [MESSAGE][PASSED] - All options with index in [1] are selected on object ''

2018-05-23 09:50:30 - [TEST_STEP][PASSED] - Statement - batch = new com.kms.katalon.core.testobject.TestObject(): null

2018-05-23 09:50:30 - [TEST_STEP][PASSED] - Statement - batch = com.kms.katalon.core.webui.keyword.WebUiBuiltInKeywords.modifyObjectProperty(batch, "xpath", "equals", "//*[@id = "txtbthqty" + row + ""]", true): Modify property of object successfully

2018-05-23 09:50:30 - [MESSAGE][PASSED] - Modify property of object successfully

2018-05-23 09:50:30 - [TEST_STEP][PASSED] - Statement - batchqty = com.kms.katalon.core.webui.keyword.WebUiBuiltInKeywords.getAttribute(batch, "value").trim(): Attribute 'value' of object '' is: '3800'

2018-05-23 09:50:30 - [MESSAGE][PASSED] - Attribute 'value' of object '' is: '3800'

2018-05-23 09:50:30 - [TEST_STEP][PASSED] - Statement - Rqty = 100: null

2018-05-23 09:50:30 - [TEST_STEP][PASSED] - delay: Delayed 2 second(s)

2018-05-23 09:50:32 - [MESSAGE][PASSED] - Delayed 2 second(s)

2018-05-23 09:50:32 - [TEST_STEP][PASSED] - Statement - out.println("BatchQty : " + batchqty): null

2018-05-23 09:50:32 - [TEST_STEP][PASSED] - Statement - out.println("RQty : " + Rqty): null

2018-05-23 09:50:32 - [TEST_STEP][PASSED] - Statement - If (java.lang.Integer.valueOf(batchqty) >= java.lang.Integer.valueOf(Rqty)): null

2018-05-23 09:50:32 - [TEST_STEP][PASSED] - Statement - Break: null

2018-05-23 09:50:32 - [TEST_STEP][PASSED] - Statement - batchlength = new com.kms.katalon.core.testobject.TestObject(): null

2018-05-23 09:50:32 - [TEST_STEP][PASSED] - Statement - batchlength = com.kms.katalon.core.webui.keyword.WebUiBuiltInKeywords.modifyObjectProperty(batchlength, "xpath", "equals", "//*[@id = "fldvendor" + row + ""]", true): Modify property of object successfully

2018-05-23 09:50:32 - [MESSAGE][PASSED] - Modify property of object successfully

2018-05-23 09:50:32 - [TEST_STEP][PASSED] - Statement - batchsize = com.kms.katalon.core.webui.keyword.WebUiBuiltInKeywords.getNumberOfTotalOption(batchlength): 11 options of object '' counted

2018-05-23 09:50:32 - [MESSAGE][PASSED] - 11 options of object '' counted

2018-05-23 09:50:32 - [TEST_STEP][PASSED] - Statement - out.println("BatchSize : " + batchsize): null

2018-05-23 09:50:32 - [TEST_STEP][PASSED] - Statement - For ([n = 1, n <= batchsize - 1, (n++)]): null

2018-05-23 09:50:32 - [TEST_STEP][PASSED] - Statement - product = new com.kms.katalon.core.testobject.TestObject(): null

2018-05-23 09:50:32 - [TEST_STEP][PASSED] - Statement - product = com.kms.katalon.core.webui.keyword.WebUiBuiltInKeywords.modifyObjectProperty(product, "xpath", "equals", "//*[@id = "fldvendor" + row + ""]", true): Modify property of object successfully

2018-05-23 09:50:32 - [MESSAGE][PASSED] - Modify property of object successfully

2018-05-23 09:50:32 - [TEST_STEP][PASSED] - selectOptionByIndex: All options with index in [1] are selected on object ''

2018-05-23 09:50:32 - [MESSAGE][PASSED] - All options with index in [1] are selected on object ''

2018-05-23 09:50:32 - [TEST_STEP][PASSED] - Statement - batch = new com.kms.katalon.core.testobject.TestObject(): null

2018-05-23 09:50:32 - [TEST_STEP][PASSED] - Statement - batch = com.kms.katalon.core.webui.keyword.WebUiBuiltInKeywords.modifyObjectProperty(batch, "xpath", "equals", "//*[@id = "txtbthqty" + row + ""]", true): Modify property of object successfully

2018-05-23 09:50:32 - [MESSAGE][PASSED] - Modify property of object successfully

2018-05-23 09:50:32 - [TEST_STEP][PASSED] - Statement - batchqty = com.kms.katalon.core.webui.keyword.WebUiBuiltInKeywords.getAttribute(batch, "value").trim(): Attribute 'value' of object '' is: '4800'

2018-05-23 09:50:32 - [MESSAGE][PASSED] - Attribute 'value' of object '' is: '4800'

2018-05-23 09:50:32 - [TEST_STEP][PASSED] - Statement - Rqty = 100: null

2018-05-23 09:50:32 - [TEST_STEP][PASSED] - delay: Delayed 2 second(s)

2018-05-23 09:50:34 - [MESSAGE][PASSED] - Delayed 2 second(s)

2018-05-23 09:50:34 - [TEST_STEP][PASSED] - Statement - out.println("BatchQty : " + batchqty): null

2018-05-23 09:50:34 - [TEST_STEP][PASSED] - Statement - out.println("RQty : " + Rqty): null

2018-05-23 09:50:34 - [TEST_STEP][PASSED] - Statement - If (java.lang.Integer.valueOf(batchqty) >= java.lang.Integer.valueOf(Rqty)): null

2018-05-23 09:50:34 - [TEST_STEP][PASSED] - Statement - Break: null

2018-05-23 09:50:34 - [TEST_STEP][PASSED] - Statement - batchlength = new com.kms.katalon.core.testobject.TestObject(): null

2018-05-23 09:50:34 - [TEST_STEP][PASSED] - Statement - batchlength = com.kms.katalon.core.webui.keyword.WebUiBuiltInKeywords.modifyObjectProperty(batchlength, "xpath", "equals", "//*[@id = "fldvendor" + row + ""]", true): Modify property of object successfully

2018-05-23 09:50:34 - [MESSAGE][PASSED] - Modify property of object successfully

2018-05-23 09:50:34 - [TEST_STEP][PASSED] - Statement - batchsize = com.kms.katalon.core.webui.keyword.WebUiBuiltInKeywords.getNumberOfTotalOption(batchlength): 11 options of object '' counted

2018-05-23 09:50:34 - [MESSAGE][PASSED] - 11 options of object '' counted

2018-05-23 09:50:34 - [TEST_STEP][PASSED] - Statement - out.println("BatchSize : " + batchsize): null

2018-05-23 09:50:34 - [TEST_STEP][PASSED] - Statement - For ([n = 1, n <= batchsize - 1, (n++)]): null

2018-05-23 09:50:34 - [TEST_STEP][PASSED] - Statement - product = new com.kms.katalon.core.testobject.TestObject(): null

2018-05-23 09:50:34 - [TEST_STEP][PASSED] - Statement - product = com.kms.katalon.core.webui.keyword.WebUiBuiltInKeywords.modifyObjectProperty(product, "xpath", "equals", "//*[@id = "fldvendor" + row + ""]", true): Modify property of object successfully

2018-05-23 09:50:34 - [MESSAGE][PASSED] - Modify property of object successfully

2018-05-23 09:50:34 - [TEST_STEP][PASSED] - selectOptionByIndex: All options with index in [1] are selected on object ''

2018-05-23 09:50:35 - [MESSAGE][PASSED] - All options with index in [1] are selected on object ''

2018-05-23 09:50:35 - [TEST_STEP][PASSED] - Statement - batch = new com.kms.katalon.core.testobject.TestObject(): null

2018-05-23 09:50:35 - [TEST_STEP][PASSED] - Statement - batch = com.kms.katalon.core.webui.keyword.WebUiBuiltInKeywords.modifyObjectProperty(batch, "xpath", "equals", "//*[@id = "txtbthqty" + row + ""]", true): Modify property of object successfully

2018-05-23 09:50:35 - [MESSAGE][PASSED] - Modify property of object successfully

2018-05-23 09:50:35 - [TEST_STEP][PASSED] - Statement - batchqty = com.kms.katalon.core.webui.keyword.WebUiBuiltInKeywords.getAttribute(batch, "value").trim(): Attribute 'value' of object '' is: '3800'

2018-05-23 09:50:35 - [MESSAGE][PASSED] - Attribute 'value' of object '' is: '3800'

2018-05-23 09:50:35 - [TEST_STEP][PASSED] - Statement - Rqty = 100: null

2018-05-23 09:50:35 - [TEST_STEP][PASSED] - delay: Delayed 2 second(s)

2018-05-23 09:50:37 - [MESSAGE][PASSED] - Delayed 2 second(s)

2018-05-23 09:50:37 - [TEST_STEP][PASSED] - Statement - out.println("BatchQty : " + batchqty): null

2018-05-23 09:50:37 - [TEST_STEP][PASSED] - Statement - out.println("RQty : " + Rqty): null

2018-05-23 09:50:37 - [TEST_STEP][PASSED] - Statement - If (java.lang.Integer.valueOf(batchqty) >= java.lang.Integer.valueOf(Rqty)): null

2018-05-23 09:50:37 - [TEST_STEP][PASSED] - Statement - Break: null

2018-05-23 09:50:37 - [TEST_STEP][PASSED] - Statement - batchlength = new com.kms.katalon.core.testobject.TestObject(): null

2018-05-23 09:50:37 - [TEST_STEP][PASSED] - Statement - batchlength = com.kms.katalon.core.webui.keyword.WebUiBuiltInKeywords.modifyObjectProperty(batchlength, "xpath", "equals", "//*[@id = "fldvendor" + row + ""]", true): Modify property of object successfully

2018-05-23 09:50:37 - [MESSAGE][PASSED] - Modify property of object successfully

2018-05-23 09:50:37 - [TEST_STEP][PASSED] - Statement - batchsize = com.kms.katalon.core.webui.keyword.WebUiBuiltInKeywords.getNumberOfTotalOption(batchlength): 11 options of object '' counted

2018-05-23 09:50:37 - [MESSAGE][PASSED] - 11 options of object '' counted

2018-05-23 09:50:37 - [TEST_STEP][PASSED] - Statement - out.println("BatchSize : " + batchsize): null

2018-05-23 09:50:37 - [TEST_STEP][PASSED] - Statement - For ([n = 1, n <= batchsize - 1, (n++)]): null

2018-05-23 09:50:37 - [TEST_STEP][PASSED] - Statement - product = new com.kms.katalon.core.testobject.TestObject(): null

2018-05-23 09:50:37 - [TEST_STEP][PASSED] - Statement - product = com.kms.katalon.core.webui.keyword.WebUiBuiltInKeywords.modifyObjectProperty(product, "xpath", "equals", "//*[@id = "fldvendor" + row + ""]", true): Modify property of object successfully

2018-05-23 09:50:37 - [MESSAGE][PASSED] - Modify property of object successfully

2018-05-23 09:50:37 - [TEST_STEP][PASSED] - selectOptionByIndex: All options with index in [1] are selected on object ''

2018-05-23 09:50:37 - [MESSAGE][PASSED] - All options with index in [1] are selected on object ''

2018-05-23 09:50:37 - [TEST_STEP][PASSED] - Statement - batch = new com.kms.katalon.core.testobject.TestObject(): null

2018-05-23 09:50:37 - [TEST_STEP][PASSED] - Statement - batch = com.kms.katalon.core.webui.keyword.WebUiBuiltInKeywords.modifyObjectProperty(batch, "xpath", "equals", "//*[@id = "txtbthqty" + row + ""]", true): Modify property of object successfully

2018-05-23 09:50:37 - [MESSAGE][PASSED] - Modify property of object successfully

2018-05-23 09:50:37 - [TEST_STEP][PASSED] - Statement - batchqty = com.kms.katalon.core.webui.keyword.WebUiBuiltInKeywords.getAttribute(batch, "value").trim(): Attribute 'value' of object '' is: '4800'

2018-05-23 09:50:37 - [MESSAGE][PASSED] - Attribute 'value' of object '' is: '4800'

2018-05-23 09:50:37 - [TEST_STEP][PASSED] - Statement - Rqty = 100: null

2018-05-23 09:50:37 - [TEST_STEP][PASSED] - delay: Delayed 2 second(s)

2018-05-23 09:50:39 - [MESSAGE][PASSED] - Delayed 2 second(s)

2018-05-23 09:50:39 - [TEST_STEP][PASSED] - Statement - out.println("BatchQty : " + batchqty): null

2018-05-23 09:50:39 - [TEST_STEP][PASSED] - Statement - out.println("RQty : " + Rqty): null

2018-05-23 09:50:39 - [TEST_STEP][PASSED] - Statement - If (java.lang.Integer.valueOf(batchqty) >= java.lang.Integer.valueOf(Rqty)): null

2018-05-23 09:50:39 - [TEST_STEP][PASSED] - Statement - Break: null

2018-05-23 09:50:39 - [TEST_STEP][PASSED] - Statement - batchlength = new com.kms.katalon.core.testobject.TestObject(): null

2018-05-23 09:50:39 - [TEST_STEP][PASSED] - Statement - batchlength = com.kms.katalon.core.webui.keyword.WebUiBuiltInKeywords.modifyObjectProperty(batchlength, "xpath", "equals", "//*[@id = "fldvendor" + row + ""]", true): Modify property of object successfully

2018-05-23 09:50:39 - [MESSAGE][PASSED] - Modify property of object successfully

2018-05-23 09:50:39 - [TEST_STEP][PASSED] - Statement - batchsize = com.kms.katalon.core.webui.keyword.WebUiBuiltInKeywords.getNumberOfTotalOption(batchlength): 11 options of object '' counted

2018-05-23 09:50:39 - [MESSAGE][PASSED] - 11 options of object '' counted

2018-05-23 09:50:39 - [TEST_STEP][PASSED] - Statement - out.println("BatchSize : " + batchsize): null

2018-05-23 09:50:39 - [TEST_STEP][PASSED] - Statement - For ([n = 1, n <= batchsize - 1, (n++)]): null

2018-05-23 09:50:39 - [TEST_STEP][PASSED] - Statement - product = new com.kms.katalon.core.testobject.TestObject(): null

2018-05-23 09:50:39 - [TEST_STEP][PASSED] - Statement - product = com.kms.katalon.core.webui.keyword.WebUiBuiltInKeywords.modifyObjectProperty(product, "xpath", "equals", "//*[@id = "fldvendor" + row + ""]", true): Modify property of object successfully

2018-05-23 09:50:39 - [MESSAGE][PASSED] - Modify property of object successfully

2018-05-23 09:50:39 - [TEST_STEP][PASSED] - selectOptionByIndex: All options with index in [1] are selected on object ''

2018-05-23 09:50:39 - [MESSAGE][PASSED] - All options with index in [1] are selected on object ''

2018-05-23 09:50:39 - [TEST_STEP][PASSED] - Statement - batch = new com.kms.katalon.core.testobject.TestObject(): null

2018-05-23 09:50:39 - [TEST_STEP][PASSED] - Statement - batch = com.kms.katalon.core.webui.keyword.WebUiBuiltInKeywords.modifyObjectProperty(batch, "xpath", "equals", "//*[@id = "txtbthqty" + row + ""]", true): Modify property of object successfully

2018-05-23 09:50:39 - [MESSAGE][PASSED] - Modify property of object successfully

2018-05-23 09:50:39 - [TEST_STEP][PASSED] - Statement - batchqty = com.kms.katalon.core.webui.keyword.WebUiBuiltInKeywords.getAttribute(batch, "value").trim(): Attribute 'value' of object '' is: '300'

2018-05-23 09:50:39 - [MESSAGE][PASSED] - Attribute 'value' of object '' is: '300'

2018-05-23 09:50:39 - [TEST_STEP][PASSED] - Statement - Rqty = 100: null

2018-05-23 09:50:39 - [TEST_STEP][PASSED] - delay: Delayed 2 second(s)

2018-05-23 09:50:41 - [MESSAGE][PASSED] - Delayed 2 second(s)

2018-05-23 09:50:41 - [TEST_STEP][PASSED] - Statement - out.println("BatchQty : " + batchqty): null

2018-05-23 09:50:41 - [TEST_STEP][PASSED] - Statement - out.println("RQty : " + Rqty): null

2018-05-23 09:50:41 - [TEST_STEP][PASSED] - Statement - If (java.lang.Integer.valueOf(batchqty) >= java.lang.Integer.valueOf(Rqty)): null

2018-05-23 09:50:41 - [TEST_STEP][PASSED] - Statement - Break: null

2018-05-23 09:50:41 - [TEST_STEP][PASSED] - Statement - batchlength = new com.kms.katalon.core.testobject.TestObject(): null

2018-05-23 09:50:41 - [TEST_STEP][PASSED] - Statement - batchlength = com.kms.katalon.core.webui.keyword.WebUiBuiltInKeywords.modifyObjectProperty(batchlength, "xpath", "equals", "//*[@id = "fldvendor" + row + ""]", true): Modify property of object successfully

2018-05-23 09:50:41 - [MESSAGE][PASSED] - Modify property of object successfully

2018-05-23 09:50:41 - [TEST_STEP][PASSED] - Statement - batchsize = com.kms.katalon.core.webui.keyword.WebUiBuiltInKeywords.getNumberOfTotalOption(batchlength): 11 options of object '' counted

2018-05-23 09:50:41 - [MESSAGE][PASSED] - 11 options of object '' counted

2018-05-23 09:50:41 - [TEST_STEP][PASSED] - Statement - out.println("BatchSize : " + batchsize): null

2018-05-23 09:50:41 - [TEST_STEP][PASSED] - Statement - For ([n = 1, n <= batchsize - 1, (n++)]): null

2018-05-23 09:50:41 - [TEST_STEP][PASSED] - Statement - product = new com.kms.katalon.core.testobject.TestObject(): null

2018-05-23 09:50:41 - [TEST_STEP][PASSED] - Statement - product = com.kms.katalon.core.webui.keyword.WebUiBuiltInKeywords.modifyObjectProperty(product, "xpath", "equals", "//*[@id = "fldvendor" + row + ""]", true): Modify property of object successfully

2018-05-23 09:50:41 - [MESSAGE][PASSED] - Modify property of object successfully

2018-05-23 09:50:41 - [TEST_STEP][PASSED] - selectOptionByIndex: All options with index in [1] are selected on object ''

2018-05-23 09:50:42 - [MESSAGE][PASSED] - All options with index in [1] are selected on object ''

2018-05-23 09:50:42 - [TEST_STEP][PASSED] - Statement - batch = new com.kms.katalon.core.testobject.TestObject(): null

2018-05-23 09:50:42 - [TEST_STEP][PASSED] - Statement - batch = com.kms.katalon.core.webui.keyword.WebUiBuiltInKeywords.modifyObjectProperty(batch, "xpath", "equals", "//*[@id = "txtbthqty" + row + ""]", true): Modify property of object successfully

2018-05-23 09:50:42 - [MESSAGE][PASSED] - Modify property of object successfully

2018-05-23 09:50:42 - [TEST_STEP][PASSED] - Statement - batchqty = com.kms.katalon.core.webui.keyword.WebUiBuiltInKeywords.getAttribute(batch, "value").trim(): Attribute 'value' of object '' is: '37600'

2018-05-23 09:50:42 - [MESSAGE][PASSED] - Attribute 'value' of object '' is: '37600'

2018-05-23 09:50:42 - [TEST_STEP][PASSED] - Statement - Rqty = 100: null

2018-05-23 09:50:42 - [TEST_STEP][PASSED] - delay: Delayed 2 second(s)

2018-05-23 09:50:44 - [MESSAGE][PASSED] - Delayed 2 second(s)

2018-05-23 09:50:44 - [TEST_STEP][PASSED] - Statement - out.println("BatchQty : " + batchqty): null

2018-05-23 09:50:44 - [TEST_STEP][PASSED] - Statement - out.println("RQty : " + Rqty): null

2018-05-23 09:50:44 - [TEST_STEP][PASSED] - Statement - If (java.lang.Integer.valueOf(batchqty) >= java.lang.Integer.valueOf(Rqty)): null

2018-05-23 09:50:44 - [TEST_STEP][PASSED] - Statement - Break: null

2018-05-23 09:50:44 - [TEST_STEP][PASSED] - Statement - batchlength = new com.kms.katalon.core.testobject.TestObject(): null

2018-05-23 09:50:44 - [TEST_STEP][PASSED] - Statement - batchlength = com.kms.katalon.core.webui.keyword.WebUiBuiltInKeywords.modifyObjectProperty(batchlength, "xpath", "equals", "//*[@id = "fldvendor" + row + ""]", true): Modify property of object successfully

2018-05-23 09:50:44 - [MESSAGE][PASSED] - Modify property of object successfully

2018-05-23 09:50:44 - [TEST_STEP][PASSED] - Statement - batchsize = com.kms.katalon.core.webui.keyword.WebUiBuiltInKeywords.getNumberOfTotalOption(batchlength): 11 options of object '' counted

2018-05-23 09:50:44 - [MESSAGE][PASSED] - 11 options of object '' counted

2018-05-23 09:50:44 - [TEST_STEP][PASSED] - Statement - out.println("BatchSize : " + batchsize): null

2018-05-23 09:50:44 - [TEST_STEP][PASSED] - Statement - For ([n = 1, n <= batchsize - 1, (n++)]): null

2018-05-23 09:50:44 - [TEST_STEP][PASSED] - Statement - product = new com.kms.katalon.core.testobject.TestObject(): null

2018-05-23 09:50:44 - [TEST_STEP][PASSED] - Statement - product = com.kms.katalon.core.webui.keyword.WebUiBuiltInKeywords.modifyObjectProperty(product, "xpath", "equals", "//*[@id = "fldvendor" + row + ""]", true): Modify property of object successfully

2018-05-23 09:50:44 - [MESSAGE][PASSED] - Modify property of object successfully

2018-05-23 09:50:44 - [TEST_STEP][PASSED] - selectOptionByIndex: All options with index in [1] are selected on object ''

2018-05-23 09:50:44 - [MESSAGE][PASSED] - All options with index in [1] are selected on object ''

2018-05-23 09:50:44 - [TEST_STEP][PASSED] - Statement - batch = new com.kms.katalon.core.testobject.TestObject(): null

2018-05-23 09:50:44 - [TEST_STEP][PASSED] - Statement - batch = com.kms.katalon.core.webui.keyword.WebUiBuiltInKeywords.modifyObjectProperty(batch, "xpath", "equals", "//*[@id = "txtbthqty" + row + ""]", true): Modify property of object successfully

2018-05-23 09:50:44 - [MESSAGE][PASSED] - Modify property of object successfully

2018-05-23 09:50:44 - [TEST_STEP][PASSED] - Statement - batchqty = com.kms.katalon.core.webui.keyword.WebUiBuiltInKeywords.getAttribute(batch, "value").trim(): Attribute 'value' of object '' is: '4800'

2018-05-23 09:50:44 - [MESSAGE][PASSED] - Attribute 'value' of object '' is: '4800'

2018-05-23 09:50:44 - [TEST_STEP][PASSED] - Statement - Rqty = 100: null

2018-05-23 09:50:44 - [TEST_STEP][PASSED] - delay: Delayed 2 second(s)

2018-05-23 09:50:46 - [MESSAGE][PASSED] - Delayed 2 second(s)

2018-05-23 09:50:46 - [TEST_STEP][PASSED] - Statement - out.println("BatchQty : " + batchqty): null

2018-05-23 09:50:46 - [TEST_STEP][PASSED] - Statement - out.println("RQty : " + Rqty): null

2018-05-23 09:50:46 - [TEST_STEP][PASSED] - Statement - If (java.lang.Integer.valueOf(batchqty) >= java.lang.Integer.valueOf(Rqty)): null

2018-05-23 09:50:46 - [TEST_STEP][PASSED] - Statement - Break: null

2018-05-23 09:50:46 - [TEST_STEP][PASSED] - Statement - batchlength = new com.kms.katalon.core.testobject.TestObject(): null

2018-05-23 09:50:46 - [TEST_STEP][PASSED] - Statement - batchlength = com.kms.katalon.core.webui.keyword.WebUiBuiltInKeywords.modifyObjectProperty(batchlength, "xpath", "equals", "//*[@id = "fldvendor" + row + ""]", true): Modify property of object successfully

2018-05-23 09:50:46 - [MESSAGE][PASSED] - Modify property of object successfully

2018-05-23 09:50:46 - [TEST_STEP][PASSED] - Statement - batchsize = com.kms.katalon.core.webui.keyword.WebUiBuiltInKeywords.getNumberOfTotalOption(batchlength): 11 options of object '' counted

2018-05-23 09:50:46 - [MESSAGE][PASSED] - 11 options of object '' counted

2018-05-23 09:50:46 - [TEST_STEP][PASSED] - Statement - out.println("BatchSize : " + batchsize): null

2018-05-23 09:50:46 - [TEST_STEP][PASSED] - Statement - For ([n = 1, n <= batchsize - 1, (n++)]): null

2018-05-23 09:50:46 - [TEST_STEP][PASSED] - Statement - product = new com.kms.katalon.core.testobject.TestObject(): null

2018-05-23 09:50:46 - [TEST_STEP][PASSED] - Statement - product = com.kms.katalon.core.webui.keyword.WebUiBuiltInKeywords.modifyObjectProperty(product, "xpath", "equals", "//*[@id = "fldvendor" + row + ""]", true): Modify property of object successfully

2018-05-23 09:50:46 - [MESSAGE][PASSED] - Modify property of object successfully

2018-05-23 09:50:46 - [TEST_STEP][PASSED] - selectOptionByIndex: All options with index in [1] are selected on object ''

2018-05-23 09:50:46 - [MESSAGE][PASSED] - All options with index in [1] are selected on object ''

2018-05-23 09:50:46 - [TEST_STEP][PASSED] - Statement - batch = new com.kms.katalon.core.testobject.TestObject(): null

2018-05-23 09:50:46 - [TEST_STEP][PASSED] - Statement - batch = com.kms.katalon.core.webui.keyword.WebUiBuiltInKeywords.modifyObjectProperty(batch, "xpath", "equals", "//*[@id = "txtbthqty" + row + ""]", true): Modify property of object successfully

2018-05-23 09:50:46 - [MESSAGE][PASSED] - Modify property of object successfully

2018-05-23 09:50:46 - [TEST_STEP][PASSED] - Statement - batchqty = com.kms.katalon.core.webui.keyword.WebUiBuiltInKeywords.getAttribute(batch, "value").trim(): Attribute 'value' of object '' is: '4800'

2018-05-23 09:50:46 - [MESSAGE][PASSED] - Attribute 'value' of object '' is: '4800'

2018-05-23 09:50:46 - [TEST_STEP][PASSED] - Statement - Rqty = 100: null

2018-05-23 09:50:46 - [TEST_STEP][PASSED] - delay: Delayed 2 second(s)

2018-05-23 09:50:48 - [MESSAGE][PASSED] - Delayed 2 second(s)

2018-05-23 09:50:48 - [TEST_STEP][PASSED] - Statement - out.println("BatchQty : " + batchqty): null

2018-05-23 09:50:48 - [TEST_STEP][PASSED] - Statement - out.println("RQty : " + Rqty): null

2018-05-23 09:50:48 - [TEST_STEP][PASSED] - Statement - If (java.lang.Integer.valueOf(batchqty) >= java.lang.Integer.valueOf(Rqty)): null

2018-05-23 09:50:48 - [TEST_STEP][PASSED] - Statement - Break: null

2018-05-23 09:50:48 - [TEST_STEP][PASSED] - click: Object: 'Object Repository/store Request Schedule 1/Page_KDMC - CMS/input_btndispatch' is clicked on

2018-05-23 09:50:49 - [MESSAGE][PASSED] - Object: 'Object Repository/store Request Schedule 1/Page_KDMC - CMS/input_btndispatch' is clicked on

2018-05-23 09:50:49 - [TEST_STEP][PASSED] - delay: Delayed 3 second(s)

2018-05-23 09:50:52 - [MESSAGE][PASSED] - Delayed 3 second(s)

2018-05-23 09:50:52 - [TEST_STEP][PASSED] - click: Object: 'Object Repository/store Request Schedule 1/Page_KDMC - CMS/button_OK' is clicked on

2018-05-23 09:50:53 - [MESSAGE][PASSED] - Object: 'Object Repository/store Request Schedule 1/Page_KDMC - CMS/button_OK' is clicked on

2018-05-23 09:50:53 - [TEST_STEP][PASSED] - delay: Delayed 3 second(s)

2018-05-23 09:50:56 - [MESSAGE][PASSED] - Delayed 3 second(s)

2018-05-23 09:50:56 - [TEST_STEP][PASSED] - click: Object: 'Object Repository/store Request Schedule 1/Page_KDMC - CMS/a_dropdown-toggle' is clicked on

2018-05-23 09:50:56 - [MESSAGE][PASSED] - Object: 'Object Repository/store Request Schedule 1/Page_KDMC - CMS/a_dropdown-toggle' is clicked on

2018-05-23 09:50:56 - [TEST_STEP][PASSED] - click: Object: 'Object Repository/store Request Schedule 1/Page_KDMC - CMS/a_Sign out' is clicked on

2018-05-23 09:50:56 - [MESSAGE][PASSED] - Object: 'Object Repository/store Request Schedule 1/Page_KDMC - CMS/a_Sign out' is clicked on

2018-05-23 09:50:56 - [TEST_STEP][PASSED] - delay: Delayed 3 second(s)

2018-05-23 09:50:59 - [MESSAGE][PASSED] - Delayed 3 second(s)

2018-05-23 09:50:59 - [TEST_STEP][PASSED] - click: Object: 'Object Repository/Store Request Schedule 1/Page_KDMC/a_Divisional Store' is clicked on

2018-05-23 09:51:00 - [MESSAGE][PASSED] - Object: 'Object Repository/Store Request Schedule 1/Page_KDMC/a_Divisional Store' is clicked on

2018-05-23 09:51:00 - [TEST_STEP][PASSED] - setText: Text 'ragu' is set on object 'Object Repository/Store Request Schedule 1/Page_Divisonal Store Login/input_txtusername'

2018-05-23 09:51:00 - [MESSAGE][PASSED] - Text 'ragu' is set on object 'Object Repository/Store Request Schedule 1/Page_Divisonal Store Login/input_txtusername'

2018-05-23 09:51:00 - [TEST_STEP][PASSED] - setText: Text '123' is set on object 'Object Repository/Store Request Schedule 1/Page_Divisonal Store Login/input_txtpassword'

2018-05-23 09:51:00 - [MESSAGE][PASSED] - Text '123' is set on object 'Object Repository/Store Request Schedule 1/Page_Divisonal Store Login/input_txtpassword'

2018-05-23 09:51:00 - [TEST_STEP][PASSED] - delay: Delayed 3 second(s)

2018-05-23 09:51:03 - [MESSAGE][PASSED] - Delayed 3 second(s)

2018-05-23 09:51:03 - [TEST_STEP][PASSED] - click: Object: 'Object Repository/Store Request Schedule 1/Page_Divisonal Store Login/button_Sign in' is clicked on

2018-05-23 09:51:04 - [MESSAGE][PASSED] - Object: 'Object Repository/Store Request Schedule 1/Page_Divisonal Store Login/button_Sign in' is clicked on

2018-05-23 09:51:04 - [TEST_STEP][PASSED] - delay: Delayed 3 second(s)

2018-05-23 09:51:07 - [MESSAGE][PASSED] - Delayed 3 second(s)

2018-05-23 09:51:07 - [TEST_STEP][PASSED] - click: Object: 'Object Repository/Store Request Schedule 1/Page_Store/a_CMS' is clicked on

2018-05-23 09:51:07 - [MESSAGE][PASSED] - Object: 'Object Repository/Store Request Schedule 1/Page_Store/a_CMS' is clicked on

2018-05-23 09:51:07 - [TEST_STEP][PASSED] - delay: Delayed 2 second(s)

2018-05-23 09:51:09 - [MESSAGE][PASSED] - Delayed 2 second(s)

2018-05-23 09:51:09 - [TEST_STEP][PASSED] - click: Object: 'Object Repository/Store Request Schedule 1/Page_Store/a_Receiving Goods' is clicked on

2018-05-23 09:51:12 - [MESSAGE][PASSED] - Object: 'Object Repository/Store Request Schedule 1/Page_Store/a_Receiving Goods' is clicked on

2018-05-23 09:51:12 - [TEST_STEP][PASSED] - setText: Text 'PRNO/23052018/351' is set on object 'Object Repository/Store Request Schedule 1/Page_Store/input'

2018-05-23 09:51:12 - [MESSAGE][PASSED] - Text 'PRNO/23052018/351' is set on object 'Object Repository/Store Request Schedule 1/Page_Store/input'

2018-05-23 09:51:12 - [TEST_STEP][PASSED] - click: Object: 'Object Repository/Store Request Schedule 1/Page_Store/input_btn btn-primary' is clicked on

2018-05-23 09:51:13 - [MESSAGE][PASSED] - Object: 'Object Repository/Store Request Schedule 1/Page_Store/input_btn btn-primary' is clicked on

2018-05-23 09:51:13 - [TEST_STEP][PASSED] - delay: Delayed 2 second(s)

2018-05-23 09:51:15 - [MESSAGE][PASSED] - Delayed 2 second(s)

2018-05-23 09:51:15 - [TEST_STEP][PASSED] - click: Object: 'Object Repository/Store Request Schedule 1/Page_Store/input_chkrem' is clicked on

2018-05-23 09:51:15 - [MESSAGE][PASSED] - Object: 'Object Repository/Store Request Schedule 1/Page_Store/input_chkrem' is clicked on

2018-05-23 09:51:15 - [TEST_STEP][PASSED] - scrollToElement: Scroll to object 'Object Repository/Store Request Schedule 1/Page_Store/input_btchkroqadd' successfully

2018-05-23 09:51:15 - [MESSAGE][PASSED] - Scroll to object 'Object Repository/Store Request Schedule 1/Page_Store/input_btchkroqadd' successfully

2018-05-23 09:51:15 - [TEST_STEP][PASSED] - click: Object: 'Object Repository/Store Request Schedule 1/Page_Store/input_btchkroqadd' is clicked on

2018-05-23 09:51:15 - [MESSAGE][PASSED] - Object: 'Object Repository/Store Request Schedule 1/Page_Store/input_btchkroqadd' is clicked on

2018-05-23 09:51:15 - [TEST_STEP][PASSED] - delay: Delayed 2 second(s)

2018-05-23 09:51:17 - [MESSAGE][PASSED] - Delayed 2 second(s)

2018-05-23 09:51:17 - [TEST_STEP][PASSED] - refresh: Refresh successfully

2018-05-23 09:51:18 - [MESSAGE][PASSED] - Refresh successfully

2018-05-23 09:51:18 - [TEST_STEP][PASSED] - delay: Delayed 3 second(s)

2018-05-23 09:51:21 - [MESSAGE][PASSED] - Delayed 3 second(s)

2018-05-23 09:51:21 - [TEST_STEP][PASSED] - click: Object: 'Object Repository/Store Request Schedule 1/Page_Store/a_dropdown-toggle' is clicked on

2018-05-23 09:51:21 - [MESSAGE][PASSED] - Object: 'Object Repository/Store Request Schedule 1/Page_Store/a_dropdown-toggle' is clicked on

2018-05-23 09:51:21 - [TEST_STEP][PASSED] - click: Object: 'Object Repository/Store Request Schedule 1/Page_Store/a_Sign out' is clicked on

2018-05-23 09:51:21 - [MESSAGE][PASSED] - Object: 'Object Repository/Store Request Schedule 1/Page_Store/a_Sign out' is clicked on

2018-05-23 09:51:21 - [TEST_STEP][PASSED] - closeBrowser: Browser is closed

2018-05-23 09:51:22 - [MESSAGE][PASSED] - Browser is closed

2018-05-23 09:51:22 - [TEST_STEP][PASSED] - Statement - out.println("Schedule 1 Store Request Are Working Successfully"): null]]></system-out>
         <system-err><![CDATA[]]></system-err>
      </testcase>
      <testcase name="Test Cases/STORE TO CMS REQUEST TEST CASES/TC_STCMS_002 To Verify Schedule 2 Store To CMS Request Are Working Successfully Or Not" classname="Test Cases/STORE TO CMS REQUEST TEST CASES/TC_STCMS_002 To Verify Schedule 2 Store To CMS Request Are Working Successfully Or Not" status="PASSED">
         <system-out><![CDATA[2018-05-23 09:51:22 - [TEST_CASE][PASSED] - Test Cases/STORE TO CMS REQUEST TEST CASES/TC_STCMS_002 To Verify Schedule 2 Store To CMS Request Are Working Successfully Or Not: Test Cases/STORE TO CMS REQUEST TEST CASES/TC_STCMS_002 To Verify Schedule 2 Store To CMS Request Are Working Successfully Or Not

2018-05-23 09:51:22 - [TEST_STEP][PASSED] - openBrowser: Browser is opened with url: ''

2018-05-23 09:51:24 - [MESSAGE][PASSED] - Browser is opened with url: ''

2018-05-23 09:51:24 - [TEST_STEP][PASSED] - Statement - out.println("Verify Schedule 2 Store Request Are Working Successfully Or Not"): null

2018-05-23 09:51:24 - [TEST_STEP][PASSED] - navigateToUrl: Navigate to 'http://192.168.137.1/multihospital_new/' successfully

2018-05-23 09:51:26 - [MESSAGE][PASSED] - Navigate to 'http://192.168.137.1/multihospital_new/' successfully

2018-05-23 09:51:26 - [TEST_STEP][PASSED] - maximizeWindow: Current window maximized

2018-05-23 09:51:27 - [MESSAGE][PASSED] - Current window maximized

2018-05-23 09:51:27 - [TEST_STEP][PASSED] - click: Object: 'Object Repository/Store Request Schedule 1/Page_KDMC/a_Divisional Store' is clicked on

2018-05-23 09:51:28 - [MESSAGE][PASSED] - Object: 'Object Repository/Store Request Schedule 1/Page_KDMC/a_Divisional Store' is clicked on

2018-05-23 09:51:28 - [TEST_STEP][PASSED] - setText: Text 'ragu' is set on object 'Object Repository/Store Request Schedule 1/Page_Divisonal Store Login/input_txtusername'

2018-05-23 09:51:28 - [MESSAGE][PASSED] - Text 'ragu' is set on object 'Object Repository/Store Request Schedule 1/Page_Divisonal Store Login/input_txtusername'

2018-05-23 09:51:28 - [TEST_STEP][PASSED] - setText: Text '123' is set on object 'Object Repository/Store Request Schedule 1/Page_Divisonal Store Login/input_txtpassword'

2018-05-23 09:51:28 - [MESSAGE][PASSED] - Text '123' is set on object 'Object Repository/Store Request Schedule 1/Page_Divisonal Store Login/input_txtpassword'

2018-05-23 09:51:28 - [TEST_STEP][PASSED] - delay: Delayed 3 second(s)

2018-05-23 09:51:31 - [MESSAGE][PASSED] - Delayed 3 second(s)

2018-05-23 09:51:31 - [TEST_STEP][PASSED] - click: Object: 'Object Repository/Store Request Schedule 1/Page_Divisonal Store Login/button_Sign in' is clicked on

2018-05-23 09:51:33 - [MESSAGE][PASSED] - Object: 'Object Repository/Store Request Schedule 1/Page_Divisonal Store Login/button_Sign in' is clicked on

2018-05-23 09:51:33 - [TEST_STEP][PASSED] - delay: Delayed 3 second(s)

2018-05-23 09:51:36 - [MESSAGE][PASSED] - Delayed 3 second(s)

2018-05-23 09:51:36 - [TEST_STEP][PASSED] - click: Object: 'Object Repository/Store Request Schedule 1/Page_Store/a_CMS' is clicked on

2018-05-23 09:51:36 - [MESSAGE][PASSED] - Object: 'Object Repository/Store Request Schedule 1/Page_Store/a_CMS' is clicked on

2018-05-23 09:51:36 - [TEST_STEP][PASSED] - delay: Delayed 2 second(s)

2018-05-23 09:51:38 - [MESSAGE][PASSED] - Delayed 2 second(s)

2018-05-23 09:51:38 - [TEST_STEP][PASSED] - click: Object: 'Object Repository/Store Request Schedule 1/Page_Store/a_Request Send' is clicked on

2018-05-23 09:51:39 - [MESSAGE][PASSED] - Object: 'Object Repository/Store Request Schedule 1/Page_Store/a_Request Send' is clicked on

2018-05-23 09:51:39 - [TEST_STEP][PASSED] - selectOptionByIndex: All options with index in [1] are selected on object 'Object Repository/Store Request Schedule 1/Page_Store/select_--Select--'

2018-05-23 09:51:40 - [MESSAGE][PASSED] - All options with index in [1] are selected on object 'Object Repository/Store Request Schedule 1/Page_Store/select_--Select--'

2018-05-23 09:51:40 - [TEST_STEP][PASSED] - selectOptionByIndex: All options with index in [2] are selected on object 'Object Repository/Store Request Schedule 1/Page_Store/select_--Select--Schedule 1Inj'

2018-05-23 09:51:40 - [MESSAGE][PASSED] - All options with index in [2] are selected on object 'Object Repository/Store Request Schedule 1/Page_Store/select_--Select--Schedule 1Inj'

2018-05-23 09:51:40 - [TEST_STEP][PASSED] - Statement - SelectedOptions = com.kms.katalon.core.webui.keyword.WebUiBuiltInKeywords.getNumberOfTotalOption(com.kms.katalon.core.testobject.ObjectRepository.findTestObject(Store Request Schedule 1/Page_Store/select_--Select--Adernaline 0.)): 73 options of object 'Object Repository/Store Request Schedule 1/Page_Store/select_--Select--Adernaline 0.' counted

2018-05-23 09:51:40 - [MESSAGE][PASSED] - 73 options of object 'Object Repository/Store Request Schedule 1/Page_Store/select_--Select--Adernaline 0.' counted

2018-05-23 09:51:40 - [TEST_STEP][PASSED] - Statement - For ([y = 1, y < SelectedOptions, (y++)]): Object: 'Object Repository/Store Request Schedule 1/Page_Store/button_Add' is clicked on

2018-05-23 09:51:40 - [TEST_STEP][PASSED] - selectOptionByIndex: All options with index in [2] are selected on object 'Object Repository/Store Request Schedule 1/Page_Store/select_--Select--Schedule 1Inj'

2018-05-23 09:51:40 - [MESSAGE][PASSED] - All options with index in [2] are selected on object 'Object Repository/Store Request Schedule 1/Page_Store/select_--Select--Schedule 1Inj'

2018-05-23 09:51:40 - [TEST_STEP][PASSED] - delay: Delayed 1 second(s)

2018-05-23 09:51:41 - [MESSAGE][PASSED] - Delayed 1 second(s)

2018-05-23 09:51:41 - [TEST_STEP][PASSED] - selectOptionByIndex: All options with index in [1] are selected on object 'Object Repository/Store Request Schedule 1/Page_Store/select_--Select--Adernaline 0.'

2018-05-23 09:51:41 - [MESSAGE][PASSED] - All options with index in [1] are selected on object 'Object Repository/Store Request Schedule 1/Page_Store/select_--Select--Adernaline 0.'

2018-05-23 09:51:41 - [TEST_STEP][PASSED] - setText: Text '100' is set on object 'Object Repository/Store Request Schedule 1/Page_Store/input_txttreat'

2018-05-23 09:51:41 - [MESSAGE][PASSED] - Text '100' is set on object 'Object Repository/Store Request Schedule 1/Page_Store/input_txttreat'

2018-05-23 09:51:41 - [TEST_STEP][PASSED] - click: Object: 'Object Repository/Store Request Schedule 1/Page_Store/button_Add' is clicked on

2018-05-23 09:51:41 - [MESSAGE][PASSED] - Object: 'Object Repository/Store Request Schedule 1/Page_Store/button_Add' is clicked on

2018-05-23 09:51:41 - [TEST_STEP][PASSED] - selectOptionByIndex: All options with index in [2] are selected on object 'Object Repository/Store Request Schedule 1/Page_Store/select_--Select--Schedule 1Inj'

2018-05-23 09:51:41 - [MESSAGE][PASSED] - All options with index in [2] are selected on object 'Object Repository/Store Request Schedule 1/Page_Store/select_--Select--Schedule 1Inj'

2018-05-23 09:51:41 - [TEST_STEP][PASSED] - delay: Delayed 1 second(s)

2018-05-23 09:51:42 - [MESSAGE][PASSED] - Delayed 1 second(s)

2018-05-23 09:51:42 - [TEST_STEP][PASSED] - selectOptionByIndex: All options with index in [2] are selected on object 'Object Repository/Store Request Schedule 1/Page_Store/select_--Select--Adernaline 0.'

2018-05-23 09:51:43 - [MESSAGE][PASSED] - All options with index in [2] are selected on object 'Object Repository/Store Request Schedule 1/Page_Store/select_--Select--Adernaline 0.'

2018-05-23 09:51:43 - [TEST_STEP][PASSED] - setText: Text '100' is set on object 'Object Repository/Store Request Schedule 1/Page_Store/input_txttreat'

2018-05-23 09:51:43 - [MESSAGE][PASSED] - Text '100' is set on object 'Object Repository/Store Request Schedule 1/Page_Store/input_txttreat'

2018-05-23 09:51:43 - [TEST_STEP][PASSED] - click: Object: 'Object Repository/Store Request Schedule 1/Page_Store/button_Add' is clicked on

2018-05-23 09:51:43 - [MESSAGE][PASSED] - Object: 'Object Repository/Store Request Schedule 1/Page_Store/button_Add' is clicked on

2018-05-23 09:51:43 - [TEST_STEP][PASSED] - selectOptionByIndex: All options with index in [2] are selected on object 'Object Repository/Store Request Schedule 1/Page_Store/select_--Select--Schedule 1Inj'

2018-05-23 09:51:43 - [MESSAGE][PASSED] - All options with index in [2] are selected on object 'Object Repository/Store Request Schedule 1/Page_Store/select_--Select--Schedule 1Inj'

2018-05-23 09:51:43 - [TEST_STEP][PASSED] - delay: Delayed 1 second(s)

2018-05-23 09:51:44 - [MESSAGE][PASSED] - Delayed 1 second(s)

2018-05-23 09:51:44 - [TEST_STEP][PASSED] - selectOptionByIndex: All options with index in [3] are selected on object 'Object Repository/Store Request Schedule 1/Page_Store/select_--Select--Adernaline 0.'

2018-05-23 09:51:44 - [MESSAGE][PASSED] - All options with index in [3] are selected on object 'Object Repository/Store Request Schedule 1/Page_Store/select_--Select--Adernaline 0.'

2018-05-23 09:51:44 - [TEST_STEP][PASSED] - setText: Text '100' is set on object 'Object Repository/Store Request Schedule 1/Page_Store/input_txttreat'

2018-05-23 09:51:44 - [MESSAGE][PASSED] - Text '100' is set on object 'Object Repository/Store Request Schedule 1/Page_Store/input_txttreat'

2018-05-23 09:51:44 - [TEST_STEP][PASSED] - click: Object: 'Object Repository/Store Request Schedule 1/Page_Store/button_Add' is clicked on

2018-05-23 09:51:44 - [MESSAGE][PASSED] - Object: 'Object Repository/Store Request Schedule 1/Page_Store/button_Add' is clicked on

2018-05-23 09:51:44 - [TEST_STEP][PASSED] - selectOptionByIndex: All options with index in [2] are selected on object 'Object Repository/Store Request Schedule 1/Page_Store/select_--Select--Schedule 1Inj'

2018-05-23 09:51:44 - [MESSAGE][PASSED] - All options with index in [2] are selected on object 'Object Repository/Store Request Schedule 1/Page_Store/select_--Select--Schedule 1Inj'

2018-05-23 09:51:44 - [TEST_STEP][PASSED] - delay: Delayed 1 second(s)

2018-05-23 09:51:45 - [MESSAGE][PASSED] - Delayed 1 second(s)

2018-05-23 09:51:45 - [TEST_STEP][PASSED] - selectOptionByIndex: All options with index in [4] are selected on object 'Object Repository/Store Request Schedule 1/Page_Store/select_--Select--Adernaline 0.'

2018-05-23 09:51:46 - [MESSAGE][PASSED] - All options with index in [4] are selected on object 'Object Repository/Store Request Schedule 1/Page_Store/select_--Select--Adernaline 0.'

2018-05-23 09:51:46 - [TEST_STEP][PASSED] - setText: Text '100' is set on object 'Object Repository/Store Request Schedule 1/Page_Store/input_txttreat'

2018-05-23 09:51:47 - [MESSAGE][PASSED] - Text '100' is set on object 'Object Repository/Store Request Schedule 1/Page_Store/input_txttreat'

2018-05-23 09:51:47 - [TEST_STEP][PASSED] - click: Object: 'Object Repository/Store Request Schedule 1/Page_Store/button_Add' is clicked on

2018-05-23 09:51:47 - [MESSAGE][PASSED] - Object: 'Object Repository/Store Request Schedule 1/Page_Store/button_Add' is clicked on

2018-05-23 09:51:47 - [TEST_STEP][PASSED] - selectOptionByIndex: All options with index in [2] are selected on object 'Object Repository/Store Request Schedule 1/Page_Store/select_--Select--Schedule 1Inj'

2018-05-23 09:51:47 - [MESSAGE][PASSED] - All options with index in [2] are selected on object 'Object Repository/Store Request Schedule 1/Page_Store/select_--Select--Schedule 1Inj'

2018-05-23 09:51:47 - [TEST_STEP][PASSED] - delay: Delayed 1 second(s)

2018-05-23 09:51:48 - [MESSAGE][PASSED] - Delayed 1 second(s)

2018-05-23 09:51:48 - [TEST_STEP][PASSED] - selectOptionByIndex: All options with index in [5] are selected on object 'Object Repository/Store Request Schedule 1/Page_Store/select_--Select--Adernaline 0.'

2018-05-23 09:51:48 - [MESSAGE][PASSED] - All options with index in [5] are selected on object 'Object Repository/Store Request Schedule 1/Page_Store/select_--Select--Adernaline 0.'

2018-05-23 09:51:48 - [TEST_STEP][PASSED] - setText: Text '100' is set on object 'Object Repository/Store Request Schedule 1/Page_Store/input_txttreat'

2018-05-23 09:51:48 - [MESSAGE][PASSED] - Text '100' is set on object 'Object Repository/Store Request Schedule 1/Page_Store/input_txttreat'

2018-05-23 09:51:48 - [TEST_STEP][PASSED] - click: Object: 'Object Repository/Store Request Schedule 1/Page_Store/button_Add' is clicked on

2018-05-23 09:51:48 - [MESSAGE][PASSED] - Object: 'Object Repository/Store Request Schedule 1/Page_Store/button_Add' is clicked on

2018-05-23 09:51:48 - [TEST_STEP][PASSED] - selectOptionByIndex: All options with index in [2] are selected on object 'Object Repository/Store Request Schedule 1/Page_Store/select_--Select--Schedule 1Inj'

2018-05-23 09:51:48 - [MESSAGE][PASSED] - All options with index in [2] are selected on object 'Object Repository/Store Request Schedule 1/Page_Store/select_--Select--Schedule 1Inj'

2018-05-23 09:51:48 - [TEST_STEP][PASSED] - delay: Delayed 1 second(s)

2018-05-23 09:51:49 - [MESSAGE][PASSED] - Delayed 1 second(s)

2018-05-23 09:51:49 - [TEST_STEP][PASSED] - selectOptionByIndex: All options with index in [6] are selected on object 'Object Repository/Store Request Schedule 1/Page_Store/select_--Select--Adernaline 0.'

2018-05-23 09:51:49 - [MESSAGE][PASSED] - All options with index in [6] are selected on object 'Object Repository/Store Request Schedule 1/Page_Store/select_--Select--Adernaline 0.'

2018-05-23 09:51:49 - [TEST_STEP][PASSED] - setText: Text '100' is set on object 'Object Repository/Store Request Schedule 1/Page_Store/input_txttreat'

2018-05-23 09:51:49 - [MESSAGE][PASSED] - Text '100' is set on object 'Object Repository/Store Request Schedule 1/Page_Store/input_txttreat'

2018-05-23 09:51:49 - [TEST_STEP][PASSED] - click: Object: 'Object Repository/Store Request Schedule 1/Page_Store/button_Add' is clicked on

2018-05-23 09:51:50 - [MESSAGE][PASSED] - Object: 'Object Repository/Store Request Schedule 1/Page_Store/button_Add' is clicked on

2018-05-23 09:51:50 - [TEST_STEP][PASSED] - selectOptionByIndex: All options with index in [2] are selected on object 'Object Repository/Store Request Schedule 1/Page_Store/select_--Select--Schedule 1Inj'

2018-05-23 09:51:50 - [MESSAGE][PASSED] - All options with index in [2] are selected on object 'Object Repository/Store Request Schedule 1/Page_Store/select_--Select--Schedule 1Inj'

2018-05-23 09:51:50 - [TEST_STEP][PASSED] - delay: Delayed 1 second(s)

2018-05-23 09:51:51 - [MESSAGE][PASSED] - Delayed 1 second(s)

2018-05-23 09:51:51 - [TEST_STEP][PASSED] - selectOptionByIndex: All options with index in [7] are selected on object 'Object Repository/Store Request Schedule 1/Page_Store/select_--Select--Adernaline 0.'

2018-05-23 09:51:51 - [MESSAGE][PASSED] - All options with index in [7] are selected on object 'Object Repository/Store Request Schedule 1/Page_Store/select_--Select--Adernaline 0.'

2018-05-23 09:51:51 - [TEST_STEP][PASSED] - setText: Text '100' is set on object 'Object Repository/Store Request Schedule 1/Page_Store/input_txttreat'

2018-05-23 09:51:51 - [MESSAGE][PASSED] - Text '100' is set on object 'Object Repository/Store Request Schedule 1/Page_Store/input_txttreat'

2018-05-23 09:51:51 - [TEST_STEP][PASSED] - click: Object: 'Object Repository/Store Request Schedule 1/Page_Store/button_Add' is clicked on

2018-05-23 09:51:51 - [MESSAGE][PASSED] - Object: 'Object Repository/Store Request Schedule 1/Page_Store/button_Add' is clicked on

2018-05-23 09:51:51 - [TEST_STEP][PASSED] - selectOptionByIndex: All options with index in [2] are selected on object 'Object Repository/Store Request Schedule 1/Page_Store/select_--Select--Schedule 1Inj'

2018-05-23 09:51:51 - [MESSAGE][PASSED] - All options with index in [2] are selected on object 'Object Repository/Store Request Schedule 1/Page_Store/select_--Select--Schedule 1Inj'

2018-05-23 09:51:51 - [TEST_STEP][PASSED] - delay: Delayed 1 second(s)

2018-05-23 09:51:52 - [MESSAGE][PASSED] - Delayed 1 second(s)

2018-05-23 09:51:52 - [TEST_STEP][PASSED] - selectOptionByIndex: All options with index in [8] are selected on object 'Object Repository/Store Request Schedule 1/Page_Store/select_--Select--Adernaline 0.'

2018-05-23 09:51:52 - [MESSAGE][PASSED] - All options with index in [8] are selected on object 'Object Repository/Store Request Schedule 1/Page_Store/select_--Select--Adernaline 0.'

2018-05-23 09:51:52 - [TEST_STEP][PASSED] - setText: Text '100' is set on object 'Object Repository/Store Request Schedule 1/Page_Store/input_txttreat'

2018-05-23 09:51:52 - [MESSAGE][PASSED] - Text '100' is set on object 'Object Repository/Store Request Schedule 1/Page_Store/input_txttreat'

2018-05-23 09:51:52 - [TEST_STEP][PASSED] - click: Object: 'Object Repository/Store Request Schedule 1/Page_Store/button_Add' is clicked on

2018-05-23 09:51:53 - [MESSAGE][PASSED] - Object: 'Object Repository/Store Request Schedule 1/Page_Store/button_Add' is clicked on

2018-05-23 09:51:53 - [TEST_STEP][PASSED] - selectOptionByIndex: All options with index in [2] are selected on object 'Object Repository/Store Request Schedule 1/Page_Store/select_--Select--Schedule 1Inj'

2018-05-23 09:51:53 - [MESSAGE][PASSED] - All options with index in [2] are selected on object 'Object Repository/Store Request Schedule 1/Page_Store/select_--Select--Schedule 1Inj'

2018-05-23 09:51:53 - [TEST_STEP][PASSED] - delay: Delayed 1 second(s)

2018-05-23 09:51:54 - [MESSAGE][PASSED] - Delayed 1 second(s)

2018-05-23 09:51:54 - [TEST_STEP][PASSED] - selectOptionByIndex: All options with index in [9] are selected on object 'Object Repository/Store Request Schedule 1/Page_Store/select_--Select--Adernaline 0.'

2018-05-23 09:51:54 - [MESSAGE][PASSED] - All options with index in [9] are selected on object 'Object Repository/Store Request Schedule 1/Page_Store/select_--Select--Adernaline 0.'

2018-05-23 09:51:54 - [TEST_STEP][PASSED] - setText: Text '100' is set on object 'Object Repository/Store Request Schedule 1/Page_Store/input_txttreat'

2018-05-23 09:51:54 - [MESSAGE][PASSED] - Text '100' is set on object 'Object Repository/Store Request Schedule 1/Page_Store/input_txttreat'

2018-05-23 09:51:54 - [TEST_STEP][PASSED] - click: Object: 'Object Repository/Store Request Schedule 1/Page_Store/button_Add' is clicked on

2018-05-23 09:51:54 - [MESSAGE][PASSED] - Object: 'Object Repository/Store Request Schedule 1/Page_Store/button_Add' is clicked on

2018-05-23 09:51:54 - [TEST_STEP][PASSED] - selectOptionByIndex: All options with index in [2] are selected on object 'Object Repository/Store Request Schedule 1/Page_Store/select_--Select--Schedule 1Inj'

2018-05-23 09:51:54 - [MESSAGE][PASSED] - All options with index in [2] are selected on object 'Object Repository/Store Request Schedule 1/Page_Store/select_--Select--Schedule 1Inj'

2018-05-23 09:51:54 - [TEST_STEP][PASSED] - delay: Delayed 1 second(s)

2018-05-23 09:51:55 - [MESSAGE][PASSED] - Delayed 1 second(s)

2018-05-23 09:51:55 - [TEST_STEP][PASSED] - selectOptionByIndex: All options with index in [10] are selected on object 'Object Repository/Store Request Schedule 1/Page_Store/select_--Select--Adernaline 0.'

2018-05-23 09:51:55 - [MESSAGE][PASSED] - All options with index in [10] are selected on object 'Object Repository/Store Request Schedule 1/Page_Store/select_--Select--Adernaline 0.'

2018-05-23 09:51:55 - [TEST_STEP][PASSED] - setText: Text '100' is set on object 'Object Repository/Store Request Schedule 1/Page_Store/input_txttreat'

2018-05-23 09:51:56 - [MESSAGE][PASSED] - Text '100' is set on object 'Object Repository/Store Request Schedule 1/Page_Store/input_txttreat'

2018-05-23 09:51:56 - [TEST_STEP][PASSED] - click: Object: 'Object Repository/Store Request Schedule 1/Page_Store/button_Add' is clicked on

2018-05-23 09:51:56 - [MESSAGE][PASSED] - Object: 'Object Repository/Store Request Schedule 1/Page_Store/button_Add' is clicked on

2018-05-23 09:51:56 - [TEST_STEP][PASSED] - selectOptionByIndex: All options with index in [2] are selected on object 'Object Repository/Store Request Schedule 1/Page_Store/select_--Select--Schedule 1Inj'

2018-05-23 09:51:56 - [MESSAGE][PASSED] - All options with index in [2] are selected on object 'Object Repository/Store Request Schedule 1/Page_Store/select_--Select--Schedule 1Inj'

2018-05-23 09:51:56 - [TEST_STEP][PASSED] - delay: Delayed 1 second(s)

2018-05-23 09:51:57 - [MESSAGE][PASSED] - Delayed 1 second(s)

2018-05-23 09:51:57 - [TEST_STEP][PASSED] - selectOptionByIndex: All options with index in [11] are selected on object 'Object Repository/Store Request Schedule 1/Page_Store/select_--Select--Adernaline 0.'

2018-05-23 09:51:57 - [MESSAGE][PASSED] - All options with index in [11] are selected on object 'Object Repository/Store Request Schedule 1/Page_Store/select_--Select--Adernaline 0.'

2018-05-23 09:51:57 - [TEST_STEP][PASSED] - setText: Text '100' is set on object 'Object Repository/Store Request Schedule 1/Page_Store/input_txttreat'

2018-05-23 09:51:57 - [MESSAGE][PASSED] - Text '100' is set on object 'Object Repository/Store Request Schedule 1/Page_Store/input_txttreat'

2018-05-23 09:51:57 - [TEST_STEP][PASSED] - click: Object: 'Object Repository/Store Request Schedule 1/Page_Store/button_Add' is clicked on

2018-05-23 09:51:57 - [MESSAGE][PASSED] - Object: 'Object Repository/Store Request Schedule 1/Page_Store/button_Add' is clicked on

2018-05-23 09:51:57 - [TEST_STEP][PASSED] - selectOptionByIndex: All options with index in [2] are selected on object 'Object Repository/Store Request Schedule 1/Page_Store/select_--Select--Schedule 1Inj'

2018-05-23 09:51:57 - [MESSAGE][PASSED] - All options with index in [2] are selected on object 'Object Repository/Store Request Schedule 1/Page_Store/select_--Select--Schedule 1Inj'

2018-05-23 09:51:57 - [TEST_STEP][PASSED] - delay: Delayed 1 second(s)

2018-05-23 09:51:58 - [MESSAGE][PASSED] - Delayed 1 second(s)

2018-05-23 09:51:58 - [TEST_STEP][PASSED] - selectOptionByIndex: All options with index in [12] are selected on object 'Object Repository/Store Request Schedule 1/Page_Store/select_--Select--Adernaline 0.'

2018-05-23 09:51:58 - [MESSAGE][PASSED] - All options with index in [12] are selected on object 'Object Repository/Store Request Schedule 1/Page_Store/select_--Select--Adernaline 0.'

2018-05-23 09:51:58 - [TEST_STEP][PASSED] - setText: Text '100' is set on object 'Object Repository/Store Request Schedule 1/Page_Store/input_txttreat'

2018-05-23 09:51:59 - [MESSAGE][PASSED] - Text '100' is set on object 'Object Repository/Store Request Schedule 1/Page_Store/input_txttreat'

2018-05-23 09:51:59 - [TEST_STEP][PASSED] - click: Object: 'Object Repository/Store Request Schedule 1/Page_Store/button_Add' is clicked on

2018-05-23 09:51:59 - [MESSAGE][PASSED] - Object: 'Object Repository/Store Request Schedule 1/Page_Store/button_Add' is clicked on

2018-05-23 09:51:59 - [TEST_STEP][PASSED] - selectOptionByIndex: All options with index in [2] are selected on object 'Object Repository/Store Request Schedule 1/Page_Store/select_--Select--Schedule 1Inj'

2018-05-23 09:51:59 - [MESSAGE][PASSED] - All options with index in [2] are selected on object 'Object Repository/Store Request Schedule 1/Page_Store/select_--Select--Schedule 1Inj'

2018-05-23 09:51:59 - [TEST_STEP][PASSED] - delay: Delayed 1 second(s)

2018-05-23 09:52:00 - [MESSAGE][PASSED] - Delayed 1 second(s)

2018-05-23 09:52:00 - [TEST_STEP][PASSED] - selectOptionByIndex: All options with index in [13] are selected on object 'Object Repository/Store Request Schedule 1/Page_Store/select_--Select--Adernaline 0.'

2018-05-23 09:52:00 - [MESSAGE][PASSED] - All options with index in [13] are selected on object 'Object Repository/Store Request Schedule 1/Page_Store/select_--Select--Adernaline 0.'

2018-05-23 09:52:00 - [TEST_STEP][PASSED] - setText: Text '100' is set on object 'Object Repository/Store Request Schedule 1/Page_Store/input_txttreat'

2018-05-23 09:52:00 - [MESSAGE][PASSED] - Text '100' is set on object 'Object Repository/Store Request Schedule 1/Page_Store/input_txttreat'

2018-05-23 09:52:00 - [TEST_STEP][PASSED] - click: Object: 'Object Repository/Store Request Schedule 1/Page_Store/button_Add' is clicked on

2018-05-23 09:52:00 - [MESSAGE][PASSED] - Object: 'Object Repository/Store Request Schedule 1/Page_Store/button_Add' is clicked on

2018-05-23 09:52:00 - [TEST_STEP][PASSED] - selectOptionByIndex: All options with index in [2] are selected on object 'Object Repository/Store Request Schedule 1/Page_Store/select_--Select--Schedule 1Inj'

2018-05-23 09:52:00 - [MESSAGE][PASSED] - All options with index in [2] are selected on object 'Object Repository/Store Request Schedule 1/Page_Store/select_--Select--Schedule 1Inj'

2018-05-23 09:52:00 - [TEST_STEP][PASSED] - delay: Delayed 1 second(s)

2018-05-23 09:52:01 - [MESSAGE][PASSED] - Delayed 1 second(s)

2018-05-23 09:52:01 - [TEST_STEP][PASSED] - selectOptionByIndex: All options with index in [14] are selected on object 'Object Repository/Store Request Schedule 1/Page_Store/select_--Select--Adernaline 0.'

2018-05-23 09:52:02 - [MESSAGE][PASSED] - All options with index in [14] are selected on object 'Object Repository/Store Request Schedule 1/Page_Store/select_--Select--Adernaline 0.'

2018-05-23 09:52:02 - [TEST_STEP][PASSED] - setText: Text '100' is set on object 'Object Repository/Store Request Schedule 1/Page_Store/input_txttreat'

2018-05-23 09:52:02 - [MESSAGE][PASSED] - Text '100' is set on object 'Object Repository/Store Request Schedule 1/Page_Store/input_txttreat'

2018-05-23 09:52:02 - [TEST_STEP][PASSED] - click: Object: 'Object Repository/Store Request Schedule 1/Page_Store/button_Add' is clicked on

2018-05-23 09:52:02 - [MESSAGE][PASSED] - Object: 'Object Repository/Store Request Schedule 1/Page_Store/button_Add' is clicked on

2018-05-23 09:52:02 - [TEST_STEP][PASSED] - selectOptionByIndex: All options with index in [2] are selected on object 'Object Repository/Store Request Schedule 1/Page_Store/select_--Select--Schedule 1Inj'

2018-05-23 09:52:02 - [MESSAGE][PASSED] - All options with index in [2] are selected on object 'Object Repository/Store Request Schedule 1/Page_Store/select_--Select--Schedule 1Inj'

2018-05-23 09:52:02 - [TEST_STEP][PASSED] - delay: Delayed 1 second(s)

2018-05-23 09:52:03 - [MESSAGE][PASSED] - Delayed 1 second(s)

2018-05-23 09:52:03 - [TEST_STEP][PASSED] - selectOptionByIndex: All options with index in [15] are selected on object 'Object Repository/Store Request Schedule 1/Page_Store/select_--Select--Adernaline 0.'

2018-05-23 09:52:03 - [MESSAGE][PASSED] - All options with index in [15] are selected on object 'Object Repository/Store Request Schedule 1/Page_Store/select_--Select--Adernaline 0.'

2018-05-23 09:52:03 - [TEST_STEP][PASSED] - setText: Text '100' is set on object 'Object Repository/Store Request Schedule 1/Page_Store/input_txttreat'

2018-05-23 09:52:03 - [MESSAGE][PASSED] - Text '100' is set on object 'Object Repository/Store Request Schedule 1/Page_Store/input_txttreat'

2018-05-23 09:52:03 - [TEST_STEP][PASSED] - click: Object: 'Object Repository/Store Request Schedule 1/Page_Store/button_Add' is clicked on

2018-05-23 09:52:03 - [MESSAGE][PASSED] - Object: 'Object Repository/Store Request Schedule 1/Page_Store/button_Add' is clicked on

2018-05-23 09:52:03 - [TEST_STEP][PASSED] - selectOptionByIndex: All options with index in [2] are selected on object 'Object Repository/Store Request Schedule 1/Page_Store/select_--Select--Schedule 1Inj'

2018-05-23 09:52:03 - [MESSAGE][PASSED] - All options with index in [2] are selected on object 'Object Repository/Store Request Schedule 1/Page_Store/select_--Select--Schedule 1Inj'

2018-05-23 09:52:03 - [TEST_STEP][PASSED] - delay: Delayed 1 second(s)

2018-05-23 09:52:04 - [MESSAGE][PASSED] - Delayed 1 second(s)

2018-05-23 09:52:04 - [TEST_STEP][PASSED] - selectOptionByIndex: All options with index in [16] are selected on object 'Object Repository/Store Request Schedule 1/Page_Store/select_--Select--Adernaline 0.'

2018-05-23 09:52:05 - [MESSAGE][PASSED] - All options with index in [16] are selected on object 'Object Repository/Store Request Schedule 1/Page_Store/select_--Select--Adernaline 0.'

2018-05-23 09:52:05 - [TEST_STEP][PASSED] - setText: Text '100' is set on object 'Object Repository/Store Request Schedule 1/Page_Store/input_txttreat'

2018-05-23 09:52:05 - [MESSAGE][PASSED] - Text '100' is set on object 'Object Repository/Store Request Schedule 1/Page_Store/input_txttreat'

2018-05-23 09:52:05 - [TEST_STEP][PASSED] - click: Object: 'Object Repository/Store Request Schedule 1/Page_Store/button_Add' is clicked on

2018-05-23 09:52:05 - [MESSAGE][PASSED] - Object: 'Object Repository/Store Request Schedule 1/Page_Store/button_Add' is clicked on

2018-05-23 09:52:05 - [TEST_STEP][PASSED] - selectOptionByIndex: All options with index in [2] are selected on object 'Object Repository/Store Request Schedule 1/Page_Store/select_--Select--Schedule 1Inj'

2018-05-23 09:52:05 - [MESSAGE][PASSED] - All options with index in [2] are selected on object 'Object Repository/Store Request Schedule 1/Page_Store/select_--Select--Schedule 1Inj'

2018-05-23 09:52:05 - [TEST_STEP][PASSED] - delay: Delayed 1 second(s)

2018-05-23 09:52:06 - [MESSAGE][PASSED] - Delayed 1 second(s)

2018-05-23 09:52:06 - [TEST_STEP][PASSED] - selectOptionByIndex: All options with index in [17] are selected on object 'Object Repository/Store Request Schedule 1/Page_Store/select_--Select--Adernaline 0.'

2018-05-23 09:52:06 - [MESSAGE][PASSED] - All options with index in [17] are selected on object 'Object Repository/Store Request Schedule 1/Page_Store/select_--Select--Adernaline 0.'

2018-05-23 09:52:06 - [TEST_STEP][PASSED] - setText: Text '100' is set on object 'Object Repository/Store Request Schedule 1/Page_Store/input_txttreat'

2018-05-23 09:52:06 - [MESSAGE][PASSED] - Text '100' is set on object 'Object Repository/Store Request Schedule 1/Page_Store/input_txttreat'

2018-05-23 09:52:06 - [TEST_STEP][PASSED] - click: Object: 'Object Repository/Store Request Schedule 1/Page_Store/button_Add' is clicked on

2018-05-23 09:52:06 - [MESSAGE][PASSED] - Object: 'Object Repository/Store Request Schedule 1/Page_Store/button_Add' is clicked on

2018-05-23 09:52:06 - [TEST_STEP][PASSED] - selectOptionByIndex: All options with index in [2] are selected on object 'Object Repository/Store Request Schedule 1/Page_Store/select_--Select--Schedule 1Inj'

2018-05-23 09:52:07 - [MESSAGE][PASSED] - All options with index in [2] are selected on object 'Object Repository/Store Request Schedule 1/Page_Store/select_--Select--Schedule 1Inj'

2018-05-23 09:52:07 - [TEST_STEP][PASSED] - delay: Delayed 1 second(s)

2018-05-23 09:52:08 - [MESSAGE][PASSED] - Delayed 1 second(s)

2018-05-23 09:52:08 - [TEST_STEP][PASSED] - selectOptionByIndex: All options with index in [18] are selected on object 'Object Repository/Store Request Schedule 1/Page_Store/select_--Select--Adernaline 0.'

2018-05-23 09:52:08 - [MESSAGE][PASSED] - All options with index in [18] are selected on object 'Object Repository/Store Request Schedule 1/Page_Store/select_--Select--Adernaline 0.'

2018-05-23 09:52:08 - [TEST_STEP][PASSED] - setText: Text '100' is set on object 'Object Repository/Store Request Schedule 1/Page_Store/input_txttreat'

2018-05-23 09:52:08 - [MESSAGE][PASSED] - Text '100' is set on object 'Object Repository/Store Request Schedule 1/Page_Store/input_txttreat'

2018-05-23 09:52:08 - [TEST_STEP][PASSED] - click: Object: 'Object Repository/Store Request Schedule 1/Page_Store/button_Add' is clicked on

2018-05-23 09:52:08 - [MESSAGE][PASSED] - Object: 'Object Repository/Store Request Schedule 1/Page_Store/button_Add' is clicked on

2018-05-23 09:52:08 - [TEST_STEP][PASSED] - selectOptionByIndex: All options with index in [2] are selected on object 'Object Repository/Store Request Schedule 1/Page_Store/select_--Select--Schedule 1Inj'

2018-05-23 09:52:08 - [MESSAGE][PASSED] - All options with index in [2] are selected on object 'Object Repository/Store Request Schedule 1/Page_Store/select_--Select--Schedule 1Inj'

2018-05-23 09:52:08 - [TEST_STEP][PASSED] - delay: Delayed 1 second(s)

2018-05-23 09:52:09 - [MESSAGE][PASSED] - Delayed 1 second(s)

2018-05-23 09:52:09 - [TEST_STEP][PASSED] - selectOptionByIndex: All options with index in [19] are selected on object 'Object Repository/Store Request Schedule 1/Page_Store/select_--Select--Adernaline 0.'

2018-05-23 09:52:10 - [MESSAGE][PASSED] - All options with index in [19] are selected on object 'Object Repository/Store Request Schedule 1/Page_Store/select_--Select--Adernaline 0.'

2018-05-23 09:52:10 - [TEST_STEP][PASSED] - setText: Text '100' is set on object 'Object Repository/Store Request Schedule 1/Page_Store/input_txttreat'

2018-05-23 09:52:10 - [MESSAGE][PASSED] - Text '100' is set on object 'Object Repository/Store Request Schedule 1/Page_Store/input_txttreat'

2018-05-23 09:52:10 - [TEST_STEP][PASSED] - click: Object: 'Object Repository/Store Request Schedule 1/Page_Store/button_Add' is clicked on

2018-05-23 09:52:10 - [MESSAGE][PASSED] - Object: 'Object Repository/Store Request Schedule 1/Page_Store/button_Add' is clicked on

2018-05-23 09:52:10 - [TEST_STEP][PASSED] - selectOptionByIndex: All options with index in [2] are selected on object 'Object Repository/Store Request Schedule 1/Page_Store/select_--Select--Schedule 1Inj'

2018-05-23 09:52:10 - [MESSAGE][PASSED] - All options with index in [2] are selected on object 'Object Repository/Store Request Schedule 1/Page_Store/select_--Select--Schedule 1Inj'

2018-05-23 09:52:10 - [TEST_STEP][PASSED] - delay: Delayed 1 second(s)

2018-05-23 09:52:11 - [MESSAGE][PASSED] - Delayed 1 second(s)

2018-05-23 09:52:11 - [TEST_STEP][PASSED] - selectOptionByIndex: All options with index in [20] are selected on object 'Object Repository/Store Request Schedule 1/Page_Store/select_--Select--Adernaline 0.'

2018-05-23 09:52:11 - [MESSAGE][PASSED] - All options with index in [20] are selected on object 'Object Repository/Store Request Schedule 1/Page_Store/select_--Select--Adernaline 0.'

2018-05-23 09:52:11 - [TEST_STEP][PASSED] - setText: Text '100' is set on object 'Object Repository/Store Request Schedule 1/Page_Store/input_txttreat'

2018-05-23 09:52:11 - [MESSAGE][PASSED] - Text '100' is set on object 'Object Repository/Store Request Schedule 1/Page_Store/input_txttreat'

2018-05-23 09:52:11 - [TEST_STEP][PASSED] - click: Object: 'Object Repository/Store Request Schedule 1/Page_Store/button_Add' is clicked on

2018-05-23 09:52:11 - [MESSAGE][PASSED] - Object: 'Object Repository/Store Request Schedule 1/Page_Store/button_Add' is clicked on

2018-05-23 09:52:11 - [TEST_STEP][PASSED] - selectOptionByIndex: All options with index in [2] are selected on object 'Object Repository/Store Request Schedule 1/Page_Store/select_--Select--Schedule 1Inj'

2018-05-23 09:52:11 - [MESSAGE][PASSED] - All options with index in [2] are selected on object 'Object Repository/Store Request Schedule 1/Page_Store/select_--Select--Schedule 1Inj'

2018-05-23 09:52:11 - [TEST_STEP][PASSED] - delay: Delayed 1 second(s)

2018-05-23 09:52:12 - [MESSAGE][PASSED] - Delayed 1 second(s)

2018-05-23 09:52:12 - [TEST_STEP][PASSED] - selectOptionByIndex: All options with index in [21] are selected on object 'Object Repository/Store Request Schedule 1/Page_Store/select_--Select--Adernaline 0.'

2018-05-23 09:52:13 - [MESSAGE][PASSED] - All options with index in [21] are selected on object 'Object Repository/Store Request Schedule 1/Page_Store/select_--Select--Adernaline 0.'

2018-05-23 09:52:13 - [TEST_STEP][PASSED] - setText: Text '100' is set on object 'Object Repository/Store Request Schedule 1/Page_Store/input_txttreat'

2018-05-23 09:52:13 - [MESSAGE][PASSED] - Text '100' is set on object 'Object Repository/Store Request Schedule 1/Page_Store/input_txttreat'

2018-05-23 09:52:13 - [TEST_STEP][PASSED] - click: Object: 'Object Repository/Store Request Schedule 1/Page_Store/button_Add' is clicked on

2018-05-23 09:52:13 - [MESSAGE][PASSED] - Object: 'Object Repository/Store Request Schedule 1/Page_Store/button_Add' is clicked on

2018-05-23 09:52:13 - [TEST_STEP][PASSED] - selectOptionByIndex: All options with index in [2] are selected on object 'Object Repository/Store Request Schedule 1/Page_Store/select_--Select--Schedule 1Inj'

2018-05-23 09:52:13 - [MESSAGE][PASSED] - All options with index in [2] are selected on object 'Object Repository/Store Request Schedule 1/Page_Store/select_--Select--Schedule 1Inj'

2018-05-23 09:52:13 - [TEST_STEP][PASSED] - delay: Delayed 1 second(s)

2018-05-23 09:52:14 - [MESSAGE][PASSED] - Delayed 1 second(s)

2018-05-23 09:52:14 - [TEST_STEP][PASSED] - selectOptionByIndex: All options with index in [22] are selected on object 'Object Repository/Store Request Schedule 1/Page_Store/select_--Select--Adernaline 0.'

2018-05-23 09:52:14 - [MESSAGE][PASSED] - All options with index in [22] are selected on object 'Object Repository/Store Request Schedule 1/Page_Store/select_--Select--Adernaline 0.'

2018-05-23 09:52:14 - [TEST_STEP][PASSED] - setText: Text '100' is set on object 'Object Repository/Store Request Schedule 1/Page_Store/input_txttreat'

2018-05-23 09:52:14 - [MESSAGE][PASSED] - Text '100' is set on object 'Object Repository/Store Request Schedule 1/Page_Store/input_txttreat'

2018-05-23 09:52:14 - [TEST_STEP][PASSED] - click: Object: 'Object Repository/Store Request Schedule 1/Page_Store/button_Add' is clicked on

2018-05-23 09:52:15 - [MESSAGE][PASSED] - Object: 'Object Repository/Store Request Schedule 1/Page_Store/button_Add' is clicked on

2018-05-23 09:52:15 - [TEST_STEP][PASSED] - selectOptionByIndex: All options with index in [2] are selected on object 'Object Repository/Store Request Schedule 1/Page_Store/select_--Select--Schedule 1Inj'

2018-05-23 09:52:15 - [MESSAGE][PASSED] - All options with index in [2] are selected on object 'Object Repository/Store Request Schedule 1/Page_Store/select_--Select--Schedule 1Inj'

2018-05-23 09:52:15 - [TEST_STEP][PASSED] - delay: Delayed 1 second(s)

2018-05-23 09:52:16 - [MESSAGE][PASSED] - Delayed 1 second(s)

2018-05-23 09:52:16 - [TEST_STEP][PASSED] - selectOptionByIndex: All options with index in [23] are selected on object 'Object Repository/Store Request Schedule 1/Page_Store/select_--Select--Adernaline 0.'

2018-05-23 09:52:16 - [MESSAGE][PASSED] - All options with index in [23] are selected on object 'Object Repository/Store Request Schedule 1/Page_Store/select_--Select--Adernaline 0.'

2018-05-23 09:52:16 - [TEST_STEP][PASSED] - setText: Text '100' is set on object 'Object Repository/Store Request Schedule 1/Page_Store/input_txttreat'

2018-05-23 09:52:16 - [MESSAGE][PASSED] - Text '100' is set on object 'Object Repository/Store Request Schedule 1/Page_Store/input_txttreat'

2018-05-23 09:52:16 - [TEST_STEP][PASSED] - click: Object: 'Object Repository/Store Request Schedule 1/Page_Store/button_Add' is clicked on

2018-05-23 09:52:16 - [MESSAGE][PASSED] - Object: 'Object Repository/Store Request Schedule 1/Page_Store/button_Add' is clicked on

2018-05-23 09:52:16 - [TEST_STEP][PASSED] - selectOptionByIndex: All options with index in [2] are selected on object 'Object Repository/Store Request Schedule 1/Page_Store/select_--Select--Schedule 1Inj'

2018-05-23 09:52:16 - [MESSAGE][PASSED] - All options with index in [2] are selected on object 'Object Repository/Store Request Schedule 1/Page_Store/select_--Select--Schedule 1Inj'

2018-05-23 09:52:16 - [TEST_STEP][PASSED] - delay: Delayed 1 second(s)

2018-05-23 09:52:17 - [MESSAGE][PASSED] - Delayed 1 second(s)

2018-05-23 09:52:17 - [TEST_STEP][PASSED] - selectOptionByIndex: All options with index in [24] are selected on object 'Object Repository/Store Request Schedule 1/Page_Store/select_--Select--Adernaline 0.'

2018-05-23 09:52:18 - [MESSAGE][PASSED] - All options with index in [24] are selected on object 'Object Repository/Store Request Schedule 1/Page_Store/select_--Select--Adernaline 0.'

2018-05-23 09:52:18 - [TEST_STEP][PASSED] - setText: Text '100' is set on object 'Object Repository/Store Request Schedule 1/Page_Store/input_txttreat'

2018-05-23 09:52:18 - [MESSAGE][PASSED] - Text '100' is set on object 'Object Repository/Store Request Schedule 1/Page_Store/input_txttreat'

2018-05-23 09:52:18 - [TEST_STEP][PASSED] - click: Object: 'Object Repository/Store Request Schedule 1/Page_Store/button_Add' is clicked on

2018-05-23 09:52:18 - [MESSAGE][PASSED] - Object: 'Object Repository/Store Request Schedule 1/Page_Store/button_Add' is clicked on

2018-05-23 09:52:18 - [TEST_STEP][PASSED] - selectOptionByIndex: All options with index in [2] are selected on object 'Object Repository/Store Request Schedule 1/Page_Store/select_--Select--Schedule 1Inj'

2018-05-23 09:52:18 - [MESSAGE][PASSED] - All options with index in [2] are selected on object 'Object Repository/Store Request Schedule 1/Page_Store/select_--Select--Schedule 1Inj'

2018-05-23 09:52:18 - [TEST_STEP][PASSED] - delay: Delayed 1 second(s)

2018-05-23 09:52:19 - [MESSAGE][PASSED] - Delayed 1 second(s)

2018-05-23 09:52:19 - [TEST_STEP][PASSED] - selectOptionByIndex: All options with index in [25] are selected on object 'Object Repository/Store Request Schedule 1/Page_Store/select_--Select--Adernaline 0.'

2018-05-23 09:52:19 - [MESSAGE][PASSED] - All options with index in [25] are selected on object 'Object Repository/Store Request Schedule 1/Page_Store/select_--Select--Adernaline 0.'

2018-05-23 09:52:19 - [TEST_STEP][PASSED] - setText: Text '100' is set on object 'Object Repository/Store Request Schedule 1/Page_Store/input_txttreat'

2018-05-23 09:52:19 - [MESSAGE][PASSED] - Text '100' is set on object 'Object Repository/Store Request Schedule 1/Page_Store/input_txttreat'

2018-05-23 09:52:19 - [TEST_STEP][PASSED] - click: Object: 'Object Repository/Store Request Schedule 1/Page_Store/button_Add' is clicked on

2018-05-23 09:52:19 - [MESSAGE][PASSED] - Object: 'Object Repository/Store Request Schedule 1/Page_Store/button_Add' is clicked on

2018-05-23 09:52:19 - [TEST_STEP][PASSED] - selectOptionByIndex: All options with index in [2] are selected on object 'Object Repository/Store Request Schedule 1/Page_Store/select_--Select--Schedule 1Inj'

2018-05-23 09:52:20 - [MESSAGE][PASSED] - All options with index in [2] are selected on object 'Object Repository/Store Request Schedule 1/Page_Store/select_--Select--Schedule 1Inj'

2018-05-23 09:52:20 - [TEST_STEP][PASSED] - delay: Delayed 1 second(s)

2018-05-23 09:52:21 - [MESSAGE][PASSED] - Delayed 1 second(s)

2018-05-23 09:52:21 - [TEST_STEP][PASSED] - selectOptionByIndex: All options with index in [26] are selected on object 'Object Repository/Store Request Schedule 1/Page_Store/select_--Select--Adernaline 0.'

2018-05-23 09:52:21 - [MESSAGE][PASSED] - All options with index in [26] are selected on object 'Object Repository/Store Request Schedule 1/Page_Store/select_--Select--Adernaline 0.'

2018-05-23 09:52:21 - [TEST_STEP][PASSED] - setText: Text '100' is set on object 'Object Repository/Store Request Schedule 1/Page_Store/input_txttreat'

2018-05-23 09:52:21 - [MESSAGE][PASSED] - Text '100' is set on object 'Object Repository/Store Request Schedule 1/Page_Store/input_txttreat'

2018-05-23 09:52:21 - [TEST_STEP][PASSED] - click: Object: 'Object Repository/Store Request Schedule 1/Page_Store/button_Add' is clicked on

2018-05-23 09:52:21 - [MESSAGE][PASSED] - Object: 'Object Repository/Store Request Schedule 1/Page_Store/button_Add' is clicked on

2018-05-23 09:52:21 - [TEST_STEP][PASSED] - selectOptionByIndex: All options with index in [2] are selected on object 'Object Repository/Store Request Schedule 1/Page_Store/select_--Select--Schedule 1Inj'

2018-05-23 09:52:21 - [MESSAGE][PASSED] - All options with index in [2] are selected on object 'Object Repository/Store Request Schedule 1/Page_Store/select_--Select--Schedule 1Inj'

2018-05-23 09:52:21 - [TEST_STEP][PASSED] - delay: Delayed 1 second(s)

2018-05-23 09:52:22 - [MESSAGE][PASSED] - Delayed 1 second(s)

2018-05-23 09:52:22 - [TEST_STEP][PASSED] - selectOptionByIndex: All options with index in [27] are selected on object 'Object Repository/Store Request Schedule 1/Page_Store/select_--Select--Adernaline 0.'

2018-05-23 09:52:23 - [MESSAGE][PASSED] - All options with index in [27] are selected on object 'Object Repository/Store Request Schedule 1/Page_Store/select_--Select--Adernaline 0.'

2018-05-23 09:52:23 - [TEST_STEP][PASSED] - setText: Text '100' is set on object 'Object Repository/Store Request Schedule 1/Page_Store/input_txttreat'

2018-05-23 09:52:23 - [MESSAGE][PASSED] - Text '100' is set on object 'Object Repository/Store Request Schedule 1/Page_Store/input_txttreat'

2018-05-23 09:52:23 - [TEST_STEP][PASSED] - click: Object: 'Object Repository/Store Request Schedule 1/Page_Store/button_Add' is clicked on

2018-05-23 09:52:23 - [MESSAGE][PASSED] - Object: 'Object Repository/Store Request Schedule 1/Page_Store/button_Add' is clicked on

2018-05-23 09:52:23 - [TEST_STEP][PASSED] - selectOptionByIndex: All options with index in [2] are selected on object 'Object Repository/Store Request Schedule 1/Page_Store/select_--Select--Schedule 1Inj'

2018-05-23 09:52:23 - [MESSAGE][PASSED] - All options with index in [2] are selected on object 'Object Repository/Store Request Schedule 1/Page_Store/select_--Select--Schedule 1Inj'

2018-05-23 09:52:23 - [TEST_STEP][PASSED] - delay: Delayed 1 second(s)

2018-05-23 09:52:24 - [MESSAGE][PASSED] - Delayed 1 second(s)

2018-05-23 09:52:24 - [TEST_STEP][PASSED] - selectOptionByIndex: All options with index in [28] are selected on object 'Object Repository/Store Request Schedule 1/Page_Store/select_--Select--Adernaline 0.'

2018-05-23 09:52:25 - [MESSAGE][PASSED] - All options with index in [28] are selected on object 'Object Repository/Store Request Schedule 1/Page_Store/select_--Select--Adernaline 0.'

2018-05-23 09:52:25 - [TEST_STEP][PASSED] - setText: Text '100' is set on object 'Object Repository/Store Request Schedule 1/Page_Store/input_txttreat'

2018-05-23 09:52:25 - [MESSAGE][PASSED] - Text '100' is set on object 'Object Repository/Store Request Schedule 1/Page_Store/input_txttreat'

2018-05-23 09:52:25 - [TEST_STEP][PASSED] - click: Object: 'Object Repository/Store Request Schedule 1/Page_Store/button_Add' is clicked on

2018-05-23 09:52:25 - [MESSAGE][PASSED] - Object: 'Object Repository/Store Request Schedule 1/Page_Store/button_Add' is clicked on

2018-05-23 09:52:25 - [TEST_STEP][PASSED] - selectOptionByIndex: All options with index in [2] are selected on object 'Object Repository/Store Request Schedule 1/Page_Store/select_--Select--Schedule 1Inj'

2018-05-23 09:52:25 - [MESSAGE][PASSED] - All options with index in [2] are selected on object 'Object Repository/Store Request Schedule 1/Page_Store/select_--Select--Schedule 1Inj'

2018-05-23 09:52:25 - [TEST_STEP][PASSED] - delay: Delayed 1 second(s)

2018-05-23 09:52:26 - [MESSAGE][PASSED] - Delayed 1 second(s)

2018-05-23 09:52:26 - [TEST_STEP][PASSED] - selectOptionByIndex: All options with index in [29] are selected on object 'Object Repository/Store Request Schedule 1/Page_Store/select_--Select--Adernaline 0.'

2018-05-23 09:52:26 - [MESSAGE][PASSED] - All options with index in [29] are selected on object 'Object Repository/Store Request Schedule 1/Page_Store/select_--Select--Adernaline 0.'

2018-05-23 09:52:26 - [TEST_STEP][PASSED] - setText: Text '100' is set on object 'Object Repository/Store Request Schedule 1/Page_Store/input_txttreat'

2018-05-23 09:52:26 - [MESSAGE][PASSED] - Text '100' is set on object 'Object Repository/Store Request Schedule 1/Page_Store/input_txttreat'

2018-05-23 09:52:26 - [TEST_STEP][PASSED] - click: Object: 'Object Repository/Store Request Schedule 1/Page_Store/button_Add' is clicked on

2018-05-23 09:52:26 - [MESSAGE][PASSED] - Object: 'Object Repository/Store Request Schedule 1/Page_Store/button_Add' is clicked on

2018-05-23 09:52:26 - [TEST_STEP][PASSED] - selectOptionByIndex: All options with index in [2] are selected on object 'Object Repository/Store Request Schedule 1/Page_Store/select_--Select--Schedule 1Inj'

2018-05-23 09:52:27 - [MESSAGE][PASSED] - All options with index in [2] are selected on object 'Object Repository/Store Request Schedule 1/Page_Store/select_--Select--Schedule 1Inj'

2018-05-23 09:52:27 - [TEST_STEP][PASSED] - delay: Delayed 1 second(s)

2018-05-23 09:52:28 - [MESSAGE][PASSED] - Delayed 1 second(s)

2018-05-23 09:52:28 - [TEST_STEP][PASSED] - selectOptionByIndex: All options with index in [30] are selected on object 'Object Repository/Store Request Schedule 1/Page_Store/select_--Select--Adernaline 0.'

2018-05-23 09:52:28 - [MESSAGE][PASSED] - All options with index in [30] are selected on object 'Object Repository/Store Request Schedule 1/Page_Store/select_--Select--Adernaline 0.'

2018-05-23 09:52:28 - [TEST_STEP][PASSED] - setText: Text '100' is set on object 'Object Repository/Store Request Schedule 1/Page_Store/input_txttreat'

2018-05-23 09:52:28 - [MESSAGE][PASSED] - Text '100' is set on object 'Object Repository/Store Request Schedule 1/Page_Store/input_txttreat'

2018-05-23 09:52:28 - [TEST_STEP][PASSED] - click: Object: 'Object Repository/Store Request Schedule 1/Page_Store/button_Add' is clicked on

2018-05-23 09:52:28 - [MESSAGE][PASSED] - Object: 'Object Repository/Store Request Schedule 1/Page_Store/button_Add' is clicked on

2018-05-23 09:52:28 - [TEST_STEP][PASSED] - selectOptionByIndex: All options with index in [2] are selected on object 'Object Repository/Store Request Schedule 1/Page_Store/select_--Select--Schedule 1Inj'

2018-05-23 09:52:28 - [MESSAGE][PASSED] - All options with index in [2] are selected on object 'Object Repository/Store Request Schedule 1/Page_Store/select_--Select--Schedule 1Inj'

2018-05-23 09:52:28 - [TEST_STEP][PASSED] - delay: Delayed 1 second(s)

2018-05-23 09:52:29 - [MESSAGE][PASSED] - Delayed 1 second(s)

2018-05-23 09:52:29 - [TEST_STEP][PASSED] - selectOptionByIndex: All options with index in [31] are selected on object 'Object Repository/Store Request Schedule 1/Page_Store/select_--Select--Adernaline 0.'

2018-05-23 09:52:30 - [MESSAGE][PASSED] - All options with index in [31] are selected on object 'Object Repository/Store Request Schedule 1/Page_Store/select_--Select--Adernaline 0.'

2018-05-23 09:52:30 - [TEST_STEP][PASSED] - setText: Text '100' is set on object 'Object Repository/Store Request Schedule 1/Page_Store/input_txttreat'

2018-05-23 09:52:30 - [MESSAGE][PASSED] - Text '100' is set on object 'Object Repository/Store Request Schedule 1/Page_Store/input_txttreat'

2018-05-23 09:52:30 - [TEST_STEP][PASSED] - click: Object: 'Object Repository/Store Request Schedule 1/Page_Store/button_Add' is clicked on

2018-05-23 09:52:30 - [MESSAGE][PASSED] - Object: 'Object Repository/Store Request Schedule 1/Page_Store/button_Add' is clicked on

2018-05-23 09:52:30 - [TEST_STEP][PASSED] - selectOptionByIndex: All options with index in [2] are selected on object 'Object Repository/Store Request Schedule 1/Page_Store/select_--Select--Schedule 1Inj'

2018-05-23 09:52:30 - [MESSAGE][PASSED] - All options with index in [2] are selected on object 'Object Repository/Store Request Schedule 1/Page_Store/select_--Select--Schedule 1Inj'

2018-05-23 09:52:30 - [TEST_STEP][PASSED] - delay: Delayed 1 second(s)

2018-05-23 09:52:31 - [MESSAGE][PASSED] - Delayed 1 second(s)

2018-05-23 09:52:31 - [TEST_STEP][PASSED] - selectOptionByIndex: All options with index in [32] are selected on object 'Object Repository/Store Request Schedule 1/Page_Store/select_--Select--Adernaline 0.'

2018-05-23 09:52:31 - [MESSAGE][PASSED] - All options with index in [32] are selected on object 'Object Repository/Store Request Schedule 1/Page_Store/select_--Select--Adernaline 0.'

2018-05-23 09:52:31 - [TEST_STEP][PASSED] - setText: Text '100' is set on object 'Object Repository/Store Request Schedule 1/Page_Store/input_txttreat'

2018-05-23 09:52:32 - [MESSAGE][PASSED] - Text '100' is set on object 'Object Repository/Store Request Schedule 1/Page_Store/input_txttreat'

2018-05-23 09:52:32 - [TEST_STEP][PASSED] - click: Object: 'Object Repository/Store Request Schedule 1/Page_Store/button_Add' is clicked on

2018-05-23 09:52:32 - [MESSAGE][PASSED] - Object: 'Object Repository/Store Request Schedule 1/Page_Store/button_Add' is clicked on

2018-05-23 09:52:32 - [TEST_STEP][PASSED] - selectOptionByIndex: All options with index in [2] are selected on object 'Object Repository/Store Request Schedule 1/Page_Store/select_--Select--Schedule 1Inj'

2018-05-23 09:52:32 - [MESSAGE][PASSED] - All options with index in [2] are selected on object 'Object Repository/Store Request Schedule 1/Page_Store/select_--Select--Schedule 1Inj'

2018-05-23 09:52:32 - [TEST_STEP][PASSED] - delay: Delayed 1 second(s)

2018-05-23 09:52:33 - [MESSAGE][PASSED] - Delayed 1 second(s)

2018-05-23 09:52:33 - [TEST_STEP][PASSED] - selectOptionByIndex: All options with index in [33] are selected on object 'Object Repository/Store Request Schedule 1/Page_Store/select_--Select--Adernaline 0.'

2018-05-23 09:52:33 - [MESSAGE][PASSED] - All options with index in [33] are selected on object 'Object Repository/Store Request Schedule 1/Page_Store/select_--Select--Adernaline 0.'

2018-05-23 09:52:33 - [TEST_STEP][PASSED] - setText: Text '100' is set on object 'Object Repository/Store Request Schedule 1/Page_Store/input_txttreat'

2018-05-23 09:52:33 - [MESSAGE][PASSED] - Text '100' is set on object 'Object Repository/Store Request Schedule 1/Page_Store/input_txttreat'

2018-05-23 09:52:33 - [TEST_STEP][PASSED] - click: Object: 'Object Repository/Store Request Schedule 1/Page_Store/button_Add' is clicked on

2018-05-23 09:52:33 - [MESSAGE][PASSED] - Object: 'Object Repository/Store Request Schedule 1/Page_Store/button_Add' is clicked on

2018-05-23 09:52:33 - [TEST_STEP][PASSED] - selectOptionByIndex: All options with index in [2] are selected on object 'Object Repository/Store Request Schedule 1/Page_Store/select_--Select--Schedule 1Inj'

2018-05-23 09:52:34 - [MESSAGE][PASSED] - All options with index in [2] are selected on object 'Object Repository/Store Request Schedule 1/Page_Store/select_--Select--Schedule 1Inj'

2018-05-23 09:52:34 - [TEST_STEP][PASSED] - delay: Delayed 1 second(s)

2018-05-23 09:52:35 - [MESSAGE][PASSED] - Delayed 1 second(s)

2018-05-23 09:52:35 - [TEST_STEP][PASSED] - selectOptionByIndex: All options with index in [34] are selected on object 'Object Repository/Store Request Schedule 1/Page_Store/select_--Select--Adernaline 0.'

2018-05-23 09:52:35 - [MESSAGE][PASSED] - All options with index in [34] are selected on object 'Object Repository/Store Request Schedule 1/Page_Store/select_--Select--Adernaline 0.'

2018-05-23 09:52:35 - [TEST_STEP][PASSED] - setText: Text '100' is set on object 'Object Repository/Store Request Schedule 1/Page_Store/input_txttreat'

2018-05-23 09:52:35 - [MESSAGE][PASSED] - Text '100' is set on object 'Object Repository/Store Request Schedule 1/Page_Store/input_txttreat'

2018-05-23 09:52:35 - [TEST_STEP][PASSED] - click: Object: 'Object Repository/Store Request Schedule 1/Page_Store/button_Add' is clicked on

2018-05-23 09:52:35 - [MESSAGE][PASSED] - Object: 'Object Repository/Store Request Schedule 1/Page_Store/button_Add' is clicked on

2018-05-23 09:52:35 - [TEST_STEP][PASSED] - selectOptionByIndex: All options with index in [2] are selected on object 'Object Repository/Store Request Schedule 1/Page_Store/select_--Select--Schedule 1Inj'

2018-05-23 09:52:35 - [MESSAGE][PASSED] - All options with index in [2] are selected on object 'Object Repository/Store Request Schedule 1/Page_Store/select_--Select--Schedule 1Inj'

2018-05-23 09:52:35 - [TEST_STEP][PASSED] - delay: Delayed 1 second(s)

2018-05-23 09:52:36 - [MESSAGE][PASSED] - Delayed 1 second(s)

2018-05-23 09:52:36 - [TEST_STEP][PASSED] - selectOptionByIndex: All options with index in [35] are selected on object 'Object Repository/Store Request Schedule 1/Page_Store/select_--Select--Adernaline 0.'

2018-05-23 09:52:37 - [MESSAGE][PASSED] - All options with index in [35] are selected on object 'Object Repository/Store Request Schedule 1/Page_Store/select_--Select--Adernaline 0.'

2018-05-23 09:52:37 - [TEST_STEP][PASSED] - setText: Text '100' is set on object 'Object Repository/Store Request Schedule 1/Page_Store/input_txttreat'

2018-05-23 09:52:37 - [MESSAGE][PASSED] - Text '100' is set on object 'Object Repository/Store Request Schedule 1/Page_Store/input_txttreat'

2018-05-23 09:52:37 - [TEST_STEP][PASSED] - click: Object: 'Object Repository/Store Request Schedule 1/Page_Store/button_Add' is clicked on

2018-05-23 09:52:37 - [MESSAGE][PASSED] - Object: 'Object Repository/Store Request Schedule 1/Page_Store/button_Add' is clicked on

2018-05-23 09:52:37 - [TEST_STEP][PASSED] - selectOptionByIndex: All options with index in [2] are selected on object 'Object Repository/Store Request Schedule 1/Page_Store/select_--Select--Schedule 1Inj'

2018-05-23 09:52:37 - [MESSAGE][PASSED] - All options with index in [2] are selected on object 'Object Repository/Store Request Schedule 1/Page_Store/select_--Select--Schedule 1Inj'

2018-05-23 09:52:37 - [TEST_STEP][PASSED] - delay: Delayed 1 second(s)

2018-05-23 09:52:38 - [MESSAGE][PASSED] - Delayed 1 second(s)

2018-05-23 09:52:38 - [TEST_STEP][PASSED] - selectOptionByIndex: All options with index in [36] are selected on object 'Object Repository/Store Request Schedule 1/Page_Store/select_--Select--Adernaline 0.'

2018-05-23 09:52:38 - [MESSAGE][PASSED] - All options with index in [36] are selected on object 'Object Repository/Store Request Schedule 1/Page_Store/select_--Select--Adernaline 0.'

2018-05-23 09:52:38 - [TEST_STEP][PASSED] - setText: Text '100' is set on object 'Object Repository/Store Request Schedule 1/Page_Store/input_txttreat'

2018-05-23 09:52:39 - [MESSAGE][PASSED] - Text '100' is set on object 'Object Repository/Store Request Schedule 1/Page_Store/input_txttreat'

2018-05-23 09:52:39 - [TEST_STEP][PASSED] - click: Object: 'Object Repository/Store Request Schedule 1/Page_Store/button_Add' is clicked on

2018-05-23 09:52:39 - [MESSAGE][PASSED] - Object: 'Object Repository/Store Request Schedule 1/Page_Store/button_Add' is clicked on

2018-05-23 09:52:39 - [TEST_STEP][PASSED] - selectOptionByIndex: All options with index in [2] are selected on object 'Object Repository/Store Request Schedule 1/Page_Store/select_--Select--Schedule 1Inj'

2018-05-23 09:52:39 - [MESSAGE][PASSED] - All options with index in [2] are selected on object 'Object Repository/Store Request Schedule 1/Page_Store/select_--Select--Schedule 1Inj'

2018-05-23 09:52:39 - [TEST_STEP][PASSED] - delay: Delayed 1 second(s)

2018-05-23 09:52:40 - [MESSAGE][PASSED] - Delayed 1 second(s)

2018-05-23 09:52:40 - [TEST_STEP][PASSED] - selectOptionByIndex: All options with index in [37] are selected on object 'Object Repository/Store Request Schedule 1/Page_Store/select_--Select--Adernaline 0.'

2018-05-23 09:52:40 - [MESSAGE][PASSED] - All options with index in [37] are selected on object 'Object Repository/Store Request Schedule 1/Page_Store/select_--Select--Adernaline 0.'

2018-05-23 09:52:40 - [TEST_STEP][PASSED] - setText: Text '100' is set on object 'Object Repository/Store Request Schedule 1/Page_Store/input_txttreat'

2018-05-23 09:52:40 - [MESSAGE][PASSED] - Text '100' is set on object 'Object Repository/Store Request Schedule 1/Page_Store/input_txttreat'

2018-05-23 09:52:40 - [TEST_STEP][PASSED] - click: Object: 'Object Repository/Store Request Schedule 1/Page_Store/button_Add' is clicked on

2018-05-23 09:52:40 - [MESSAGE][PASSED] - Object: 'Object Repository/Store Request Schedule 1/Page_Store/button_Add' is clicked on

2018-05-23 09:52:40 - [TEST_STEP][PASSED] - selectOptionByIndex: All options with index in [2] are selected on object 'Object Repository/Store Request Schedule 1/Page_Store/select_--Select--Schedule 1Inj'

2018-05-23 09:52:40 - [MESSAGE][PASSED] - All options with index in [2] are selected on object 'Object Repository/Store Request Schedule 1/Page_Store/select_--Select--Schedule 1Inj'

2018-05-23 09:52:40 - [TEST_STEP][PASSED] - delay: Delayed 1 second(s)

2018-05-23 09:52:41 - [MESSAGE][PASSED] - Delayed 1 second(s)

2018-05-23 09:52:41 - [TEST_STEP][PASSED] - selectOptionByIndex: All options with index in [38] are selected on object 'Object Repository/Store Request Schedule 1/Page_Store/select_--Select--Adernaline 0.'

2018-05-23 09:52:42 - [MESSAGE][PASSED] - All options with index in [38] are selected on object 'Object Repository/Store Request Schedule 1/Page_Store/select_--Select--Adernaline 0.'

2018-05-23 09:52:42 - [TEST_STEP][PASSED] - setText: Text '100' is set on object 'Object Repository/Store Request Schedule 1/Page_Store/input_txttreat'

2018-05-23 09:52:42 - [MESSAGE][PASSED] - Text '100' is set on object 'Object Repository/Store Request Schedule 1/Page_Store/input_txttreat'

2018-05-23 09:52:42 - [TEST_STEP][PASSED] - click: Object: 'Object Repository/Store Request Schedule 1/Page_Store/button_Add' is clicked on

2018-05-23 09:52:42 - [MESSAGE][PASSED] - Object: 'Object Repository/Store Request Schedule 1/Page_Store/button_Add' is clicked on

2018-05-23 09:52:42 - [TEST_STEP][PASSED] - selectOptionByIndex: All options with index in [2] are selected on object 'Object Repository/Store Request Schedule 1/Page_Store/select_--Select--Schedule 1Inj'

2018-05-23 09:52:42 - [MESSAGE][PASSED] - All options with index in [2] are selected on object 'Object Repository/Store Request Schedule 1/Page_Store/select_--Select--Schedule 1Inj'

2018-05-23 09:52:42 - [TEST_STEP][PASSED] - delay: Delayed 1 second(s)

2018-05-23 09:52:43 - [MESSAGE][PASSED] - Delayed 1 second(s)

2018-05-23 09:52:43 - [TEST_STEP][PASSED] - selectOptionByIndex: All options with index in [39] are selected on object 'Object Repository/Store Request Schedule 1/Page_Store/select_--Select--Adernaline 0.'

2018-05-23 09:52:44 - [MESSAGE][PASSED] - All options with index in [39] are selected on object 'Object Repository/Store Request Schedule 1/Page_Store/select_--Select--Adernaline 0.'

2018-05-23 09:52:44 - [TEST_STEP][PASSED] - setText: Text '100' is set on object 'Object Repository/Store Request Schedule 1/Page_Store/input_txttreat'

2018-05-23 09:52:44 - [MESSAGE][PASSED] - Text '100' is set on object 'Object Repository/Store Request Schedule 1/Page_Store/input_txttreat'

2018-05-23 09:52:44 - [TEST_STEP][PASSED] - click: Object: 'Object Repository/Store Request Schedule 1/Page_Store/button_Add' is clicked on

2018-05-23 09:52:44 - [MESSAGE][PASSED] - Object: 'Object Repository/Store Request Schedule 1/Page_Store/button_Add' is clicked on

2018-05-23 09:52:44 - [TEST_STEP][PASSED] - selectOptionByIndex: All options with index in [2] are selected on object 'Object Repository/Store Request Schedule 1/Page_Store/select_--Select--Schedule 1Inj'

2018-05-23 09:52:44 - [MESSAGE][PASSED] - All options with index in [2] are selected on object 'Object Repository/Store Request Schedule 1/Page_Store/select_--Select--Schedule 1Inj'

2018-05-23 09:52:44 - [TEST_STEP][PASSED] - delay: Delayed 1 second(s)

2018-05-23 09:52:45 - [MESSAGE][PASSED] - Delayed 1 second(s)

2018-05-23 09:52:45 - [TEST_STEP][PASSED] - selectOptionByIndex: All options with index in [40] are selected on object 'Object Repository/Store Request Schedule 1/Page_Store/select_--Select--Adernaline 0.'

2018-05-23 09:52:46 - [MESSAGE][PASSED] - All options with index in [40] are selected on object 'Object Repository/Store Request Schedule 1/Page_Store/select_--Select--Adernaline 0.'

2018-05-23 09:52:46 - [TEST_STEP][PASSED] - setText: Text '100' is set on object 'Object Repository/Store Request Schedule 1/Page_Store/input_txttreat'

2018-05-23 09:52:46 - [MESSAGE][PASSED] - Text '100' is set on object 'Object Repository/Store Request Schedule 1/Page_Store/input_txttreat'

2018-05-23 09:52:46 - [TEST_STEP][PASSED] - click: Object: 'Object Repository/Store Request Schedule 1/Page_Store/button_Add' is clicked on

2018-05-23 09:52:46 - [MESSAGE][PASSED] - Object: 'Object Repository/Store Request Schedule 1/Page_Store/button_Add' is clicked on

2018-05-23 09:52:46 - [TEST_STEP][PASSED] - selectOptionByIndex: All options with index in [2] are selected on object 'Object Repository/Store Request Schedule 1/Page_Store/select_--Select--Schedule 1Inj'

2018-05-23 09:52:46 - [MESSAGE][PASSED] - All options with index in [2] are selected on object 'Object Repository/Store Request Schedule 1/Page_Store/select_--Select--Schedule 1Inj'

2018-05-23 09:52:46 - [TEST_STEP][PASSED] - delay: Delayed 1 second(s)

2018-05-23 09:52:47 - [MESSAGE][PASSED] - Delayed 1 second(s)

2018-05-23 09:52:47 - [TEST_STEP][PASSED] - selectOptionByIndex: All options with index in [41] are selected on object 'Object Repository/Store Request Schedule 1/Page_Store/select_--Select--Adernaline 0.'

2018-05-23 09:52:47 - [MESSAGE][PASSED] - All options with index in [41] are selected on object 'Object Repository/Store Request Schedule 1/Page_Store/select_--Select--Adernaline 0.'

2018-05-23 09:52:47 - [TEST_STEP][PASSED] - setText: Text '100' is set on object 'Object Repository/Store Request Schedule 1/Page_Store/input_txttreat'

2018-05-23 09:52:48 - [MESSAGE][PASSED] - Text '100' is set on object 'Object Repository/Store Request Schedule 1/Page_Store/input_txttreat'

2018-05-23 09:52:48 - [TEST_STEP][PASSED] - click: Object: 'Object Repository/Store Request Schedule 1/Page_Store/button_Add' is clicked on

2018-05-23 09:52:48 - [MESSAGE][PASSED] - Object: 'Object Repository/Store Request Schedule 1/Page_Store/button_Add' is clicked on

2018-05-23 09:52:48 - [TEST_STEP][PASSED] - selectOptionByIndex: All options with index in [2] are selected on object 'Object Repository/Store Request Schedule 1/Page_Store/select_--Select--Schedule 1Inj'

2018-05-23 09:52:48 - [MESSAGE][PASSED] - All options with index in [2] are selected on object 'Object Repository/Store Request Schedule 1/Page_Store/select_--Select--Schedule 1Inj'

2018-05-23 09:52:48 - [TEST_STEP][PASSED] - delay: Delayed 1 second(s)

2018-05-23 09:52:49 - [MESSAGE][PASSED] - Delayed 1 second(s)

2018-05-23 09:52:49 - [TEST_STEP][PASSED] - selectOptionByIndex: All options with index in [42] are selected on object 'Object Repository/Store Request Schedule 1/Page_Store/select_--Select--Adernaline 0.'

2018-05-23 09:52:49 - [MESSAGE][PASSED] - All options with index in [42] are selected on object 'Object Repository/Store Request Schedule 1/Page_Store/select_--Select--Adernaline 0.'

2018-05-23 09:52:49 - [TEST_STEP][PASSED] - setText: Text '100' is set on object 'Object Repository/Store Request Schedule 1/Page_Store/input_txttreat'

2018-05-23 09:52:49 - [MESSAGE][PASSED] - Text '100' is set on object 'Object Repository/Store Request Schedule 1/Page_Store/input_txttreat'

2018-05-23 09:52:49 - [TEST_STEP][PASSED] - click: Object: 'Object Repository/Store Request Schedule 1/Page_Store/button_Add' is clicked on

2018-05-23 09:52:50 - [MESSAGE][PASSED] - Object: 'Object Repository/Store Request Schedule 1/Page_Store/button_Add' is clicked on

2018-05-23 09:52:50 - [TEST_STEP][PASSED] - selectOptionByIndex: All options with index in [2] are selected on object 'Object Repository/Store Request Schedule 1/Page_Store/select_--Select--Schedule 1Inj'

2018-05-23 09:52:50 - [MESSAGE][PASSED] - All options with index in [2] are selected on object 'Object Repository/Store Request Schedule 1/Page_Store/select_--Select--Schedule 1Inj'

2018-05-23 09:52:50 - [TEST_STEP][PASSED] - delay: Delayed 1 second(s)

2018-05-23 09:52:51 - [MESSAGE][PASSED] - Delayed 1 second(s)

2018-05-23 09:52:51 - [TEST_STEP][PASSED] - selectOptionByIndex: All options with index in [43] are selected on object 'Object Repository/Store Request Schedule 1/Page_Store/select_--Select--Adernaline 0.'

2018-05-23 09:52:51 - [MESSAGE][PASSED] - All options with index in [43] are selected on object 'Object Repository/Store Request Schedule 1/Page_Store/select_--Select--Adernaline 0.'

2018-05-23 09:52:51 - [TEST_STEP][PASSED] - setText: Text '100' is set on object 'Object Repository/Store Request Schedule 1/Page_Store/input_txttreat'

2018-05-23 09:52:51 - [MESSAGE][PASSED] - Text '100' is set on object 'Object Repository/Store Request Schedule 1/Page_Store/input_txttreat'

2018-05-23 09:52:51 - [TEST_STEP][PASSED] - click: Object: 'Object Repository/Store Request Schedule 1/Page_Store/button_Add' is clicked on

2018-05-23 09:52:51 - [MESSAGE][PASSED] - Object: 'Object Repository/Store Request Schedule 1/Page_Store/button_Add' is clicked on

2018-05-23 09:52:51 - [TEST_STEP][PASSED] - selectOptionByIndex: All options with index in [2] are selected on object 'Object Repository/Store Request Schedule 1/Page_Store/select_--Select--Schedule 1Inj'

2018-05-23 09:52:51 - [MESSAGE][PASSED] - All options with index in [2] are selected on object 'Object Repository/Store Request Schedule 1/Page_Store/select_--Select--Schedule 1Inj'

2018-05-23 09:52:51 - [TEST_STEP][PASSED] - delay: Delayed 1 second(s)

2018-05-23 09:52:52 - [MESSAGE][PASSED] - Delayed 1 second(s)

2018-05-23 09:52:52 - [TEST_STEP][PASSED] - selectOptionByIndex: All options with index in [44] are selected on object 'Object Repository/Store Request Schedule 1/Page_Store/select_--Select--Adernaline 0.'

2018-05-23 09:52:53 - [MESSAGE][PASSED] - All options with index in [44] are selected on object 'Object Repository/Store Request Schedule 1/Page_Store/select_--Select--Adernaline 0.'

2018-05-23 09:52:53 - [TEST_STEP][PASSED] - setText: Text '100' is set on object 'Object Repository/Store Request Schedule 1/Page_Store/input_txttreat'

2018-05-23 09:52:53 - [MESSAGE][PASSED] - Text '100' is set on object 'Object Repository/Store Request Schedule 1/Page_Store/input_txttreat'

2018-05-23 09:52:53 - [TEST_STEP][PASSED] - click: Object: 'Object Repository/Store Request Schedule 1/Page_Store/button_Add' is clicked on

2018-05-23 09:52:53 - [MESSAGE][PASSED] - Object: 'Object Repository/Store Request Schedule 1/Page_Store/button_Add' is clicked on

2018-05-23 09:52:53 - [TEST_STEP][PASSED] - selectOptionByIndex: All options with index in [2] are selected on object 'Object Repository/Store Request Schedule 1/Page_Store/select_--Select--Schedule 1Inj'

2018-05-23 09:52:53 - [MESSAGE][PASSED] - All options with index in [2] are selected on object 'Object Repository/Store Request Schedule 1/Page_Store/select_--Select--Schedule 1Inj'

2018-05-23 09:52:53 - [TEST_STEP][PASSED] - delay: Delayed 1 second(s)

2018-05-23 09:52:54 - [MESSAGE][PASSED] - Delayed 1 second(s)

2018-05-23 09:52:54 - [TEST_STEP][PASSED] - selectOptionByIndex: All options with index in [45] are selected on object 'Object Repository/Store Request Schedule 1/Page_Store/select_--Select--Adernaline 0.'

2018-05-23 09:52:55 - [MESSAGE][PASSED] - All options with index in [45] are selected on object 'Object Repository/Store Request Schedule 1/Page_Store/select_--Select--Adernaline 0.'

2018-05-23 09:52:55 - [TEST_STEP][PASSED] - setText: Text '100' is set on object 'Object Repository/Store Request Schedule 1/Page_Store/input_txttreat'

2018-05-23 09:52:55 - [MESSAGE][PASSED] - Text '100' is set on object 'Object Repository/Store Request Schedule 1/Page_Store/input_txttreat'

2018-05-23 09:52:55 - [TEST_STEP][PASSED] - click: Object: 'Object Repository/Store Request Schedule 1/Page_Store/button_Add' is clicked on

2018-05-23 09:52:55 - [MESSAGE][PASSED] - Object: 'Object Repository/Store Request Schedule 1/Page_Store/button_Add' is clicked on

2018-05-23 09:52:55 - [TEST_STEP][PASSED] - selectOptionByIndex: All options with index in [2] are selected on object 'Object Repository/Store Request Schedule 1/Page_Store/select_--Select--Schedule 1Inj'

2018-05-23 09:52:55 - [MESSAGE][PASSED] - All options with index in [2] are selected on object 'Object Repository/Store Request Schedule 1/Page_Store/select_--Select--Schedule 1Inj'

2018-05-23 09:52:55 - [TEST_STEP][PASSED] - delay: Delayed 1 second(s)

2018-05-23 09:52:56 - [MESSAGE][PASSED] - Delayed 1 second(s)

2018-05-23 09:52:56 - [TEST_STEP][PASSED] - selectOptionByIndex: All options with index in [46] are selected on object 'Object Repository/Store Request Schedule 1/Page_Store/select_--Select--Adernaline 0.'

2018-05-23 09:52:57 - [MESSAGE][PASSED] - All options with index in [46] are selected on object 'Object Repository/Store Request Schedule 1/Page_Store/select_--Select--Adernaline 0.'

2018-05-23 09:52:57 - [TEST_STEP][PASSED] - setText: Text '100' is set on object 'Object Repository/Store Request Schedule 1/Page_Store/input_txttreat'

2018-05-23 09:52:57 - [MESSAGE][PASSED] - Text '100' is set on object 'Object Repository/Store Request Schedule 1/Page_Store/input_txttreat'

2018-05-23 09:52:57 - [TEST_STEP][PASSED] - click: Object: 'Object Repository/Store Request Schedule 1/Page_Store/button_Add' is clicked on

2018-05-23 09:52:57 - [MESSAGE][PASSED] - Object: 'Object Repository/Store Request Schedule 1/Page_Store/button_Add' is clicked on

2018-05-23 09:52:57 - [TEST_STEP][PASSED] - selectOptionByIndex: All options with index in [2] are selected on object 'Object Repository/Store Request Schedule 1/Page_Store/select_--Select--Schedule 1Inj'

2018-05-23 09:52:57 - [MESSAGE][PASSED] - All options with index in [2] are selected on object 'Object Repository/Store Request Schedule 1/Page_Store/select_--Select--Schedule 1Inj'

2018-05-23 09:52:57 - [TEST_STEP][PASSED] - delay: Delayed 1 second(s)

2018-05-23 09:52:58 - [MESSAGE][PASSED] - Delayed 1 second(s)

2018-05-23 09:52:58 - [TEST_STEP][PASSED] - selectOptionByIndex: All options with index in [47] are selected on object 'Object Repository/Store Request Schedule 1/Page_Store/select_--Select--Adernaline 0.'

2018-05-23 09:52:59 - [MESSAGE][PASSED] - All options with index in [47] are selected on object 'Object Repository/Store Request Schedule 1/Page_Store/select_--Select--Adernaline 0.'

2018-05-23 09:52:59 - [TEST_STEP][PASSED] - setText: Text '100' is set on object 'Object Repository/Store Request Schedule 1/Page_Store/input_txttreat'

2018-05-23 09:52:59 - [MESSAGE][PASSED] - Text '100' is set on object 'Object Repository/Store Request Schedule 1/Page_Store/input_txttreat'

2018-05-23 09:52:59 - [TEST_STEP][PASSED] - click: Object: 'Object Repository/Store Request Schedule 1/Page_Store/button_Add' is clicked on

2018-05-23 09:52:59 - [MESSAGE][PASSED] - Object: 'Object Repository/Store Request Schedule 1/Page_Store/button_Add' is clicked on

2018-05-23 09:52:59 - [TEST_STEP][PASSED] - selectOptionByIndex: All options with index in [2] are selected on object 'Object Repository/Store Request Schedule 1/Page_Store/select_--Select--Schedule 1Inj'

2018-05-23 09:52:59 - [MESSAGE][PASSED] - All options with index in [2] are selected on object 'Object Repository/Store Request Schedule 1/Page_Store/select_--Select--Schedule 1Inj'

2018-05-23 09:52:59 - [TEST_STEP][PASSED] - delay: Delayed 1 second(s)

2018-05-23 09:53:00 - [MESSAGE][PASSED] - Delayed 1 second(s)

2018-05-23 09:53:00 - [TEST_STEP][PASSED] - selectOptionByIndex: All options with index in [48] are selected on object 'Object Repository/Store Request Schedule 1/Page_Store/select_--Select--Adernaline 0.'

2018-05-23 09:53:01 - [MESSAGE][PASSED] - All options with index in [48] are selected on object 'Object Repository/Store Request Schedule 1/Page_Store/select_--Select--Adernaline 0.'

2018-05-23 09:53:01 - [TEST_STEP][PASSED] - setText: Text '100' is set on object 'Object Repository/Store Request Schedule 1/Page_Store/input_txttreat'

2018-05-23 09:53:01 - [MESSAGE][PASSED] - Text '100' is set on object 'Object Repository/Store Request Schedule 1/Page_Store/input_txttreat'

2018-05-23 09:53:01 - [TEST_STEP][PASSED] - click: Object: 'Object Repository/Store Request Schedule 1/Page_Store/button_Add' is clicked on

2018-05-23 09:53:01 - [MESSAGE][PASSED] - Object: 'Object Repository/Store Request Schedule 1/Page_Store/button_Add' is clicked on

2018-05-23 09:53:01 - [TEST_STEP][PASSED] - selectOptionByIndex: All options with index in [2] are selected on object 'Object Repository/Store Request Schedule 1/Page_Store/select_--Select--Schedule 1Inj'

2018-05-23 09:53:01 - [MESSAGE][PASSED] - All options with index in [2] are selected on object 'Object Repository/Store Request Schedule 1/Page_Store/select_--Select--Schedule 1Inj'

2018-05-23 09:53:01 - [TEST_STEP][PASSED] - delay: Delayed 1 second(s)

2018-05-23 09:53:02 - [MESSAGE][PASSED] - Delayed 1 second(s)

2018-05-23 09:53:02 - [TEST_STEP][PASSED] - selectOptionByIndex: All options with index in [49] are selected on object 'Object Repository/Store Request Schedule 1/Page_Store/select_--Select--Adernaline 0.'

2018-05-23 09:53:03 - [MESSAGE][PASSED] - All options with index in [49] are selected on object 'Object Repository/Store Request Schedule 1/Page_Store/select_--Select--Adernaline 0.'

2018-05-23 09:53:03 - [TEST_STEP][PASSED] - setText: Text '100' is set on object 'Object Repository/Store Request Schedule 1/Page_Store/input_txttreat'

2018-05-23 09:53:03 - [MESSAGE][PASSED] - Text '100' is set on object 'Object Repository/Store Request Schedule 1/Page_Store/input_txttreat'

2018-05-23 09:53:03 - [TEST_STEP][PASSED] - click: Object: 'Object Repository/Store Request Schedule 1/Page_Store/button_Add' is clicked on

2018-05-23 09:53:03 - [MESSAGE][PASSED] - Object: 'Object Repository/Store Request Schedule 1/Page_Store/button_Add' is clicked on

2018-05-23 09:53:03 - [TEST_STEP][PASSED] - selectOptionByIndex: All options with index in [2] are selected on object 'Object Repository/Store Request Schedule 1/Page_Store/select_--Select--Schedule 1Inj'

2018-05-23 09:53:03 - [MESSAGE][PASSED] - All options with index in [2] are selected on object 'Object Repository/Store Request Schedule 1/Page_Store/select_--Select--Schedule 1Inj'

2018-05-23 09:53:03 - [TEST_STEP][PASSED] - delay: Delayed 1 second(s)

2018-05-23 09:53:04 - [MESSAGE][PASSED] - Delayed 1 second(s)

2018-05-23 09:53:04 - [TEST_STEP][PASSED] - selectOptionByIndex: All options with index in [50] are selected on object 'Object Repository/Store Request Schedule 1/Page_Store/select_--Select--Adernaline 0.'

2018-05-23 09:53:05 - [MESSAGE][PASSED] - All options with index in [50] are selected on object 'Object Repository/Store Request Schedule 1/Page_Store/select_--Select--Adernaline 0.'

2018-05-23 09:53:05 - [TEST_STEP][PASSED] - setText: Text '100' is set on object 'Object Repository/Store Request Schedule 1/Page_Store/input_txttreat'

2018-05-23 09:53:05 - [MESSAGE][PASSED] - Text '100' is set on object 'Object Repository/Store Request Schedule 1/Page_Store/input_txttreat'

2018-05-23 09:53:05 - [TEST_STEP][PASSED] - click: Object: 'Object Repository/Store Request Schedule 1/Page_Store/button_Add' is clicked on

2018-05-23 09:53:05 - [MESSAGE][PASSED] - Object: 'Object Repository/Store Request Schedule 1/Page_Store/button_Add' is clicked on

2018-05-23 09:53:05 - [TEST_STEP][PASSED] - selectOptionByIndex: All options with index in [2] are selected on object 'Object Repository/Store Request Schedule 1/Page_Store/select_--Select--Schedule 1Inj'

2018-05-23 09:53:05 - [MESSAGE][PASSED] - All options with index in [2] are selected on object 'Object Repository/Store Request Schedule 1/Page_Store/select_--Select--Schedule 1Inj'

2018-05-23 09:53:05 - [TEST_STEP][PASSED] - delay: Delayed 1 second(s)

2018-05-23 09:53:06 - [MESSAGE][PASSED] - Delayed 1 second(s)

2018-05-23 09:53:06 - [TEST_STEP][PASSED] - selectOptionByIndex: All options with index in [51] are selected on object 'Object Repository/Store Request Schedule 1/Page_Store/select_--Select--Adernaline 0.'

2018-05-23 09:53:07 - [MESSAGE][PASSED] - All options with index in [51] are selected on object 'Object Repository/Store Request Schedule 1/Page_Store/select_--Select--Adernaline 0.'

2018-05-23 09:53:07 - [TEST_STEP][PASSED] - setText: Text '100' is set on object 'Object Repository/Store Request Schedule 1/Page_Store/input_txttreat'

2018-05-23 09:53:07 - [MESSAGE][PASSED] - Text '100' is set on object 'Object Repository/Store Request Schedule 1/Page_Store/input_txttreat'

2018-05-23 09:53:07 - [TEST_STEP][PASSED] - click: Object: 'Object Repository/Store Request Schedule 1/Page_Store/button_Add' is clicked on

2018-05-23 09:53:07 - [MESSAGE][PASSED] - Object: 'Object Repository/Store Request Schedule 1/Page_Store/button_Add' is clicked on

2018-05-23 09:53:07 - [TEST_STEP][PASSED] - selectOptionByIndex: All options with index in [2] are selected on object 'Object Repository/Store Request Schedule 1/Page_Store/select_--Select--Schedule 1Inj'

2018-05-23 09:53:07 - [MESSAGE][PASSED] - All options with index in [2] are selected on object 'Object Repository/Store Request Schedule 1/Page_Store/select_--Select--Schedule 1Inj'

2018-05-23 09:53:07 - [TEST_STEP][PASSED] - delay: Delayed 1 second(s)

2018-05-23 09:53:08 - [MESSAGE][PASSED] - Delayed 1 second(s)

2018-05-23 09:53:08 - [TEST_STEP][PASSED] - selectOptionByIndex: All options with index in [52] are selected on object 'Object Repository/Store Request Schedule 1/Page_Store/select_--Select--Adernaline 0.'

2018-05-23 09:53:09 - [MESSAGE][PASSED] - All options with index in [52] are selected on object 'Object Repository/Store Request Schedule 1/Page_Store/select_--Select--Adernaline 0.'

2018-05-23 09:53:09 - [TEST_STEP][PASSED] - setText: Text '100' is set on object 'Object Repository/Store Request Schedule 1/Page_Store/input_txttreat'

2018-05-23 09:53:09 - [MESSAGE][PASSED] - Text '100' is set on object 'Object Repository/Store Request Schedule 1/Page_Store/input_txttreat'

2018-05-23 09:53:09 - [TEST_STEP][PASSED] - click: Object: 'Object Repository/Store Request Schedule 1/Page_Store/button_Add' is clicked on

2018-05-23 09:53:09 - [MESSAGE][PASSED] - Object: 'Object Repository/Store Request Schedule 1/Page_Store/button_Add' is clicked on

2018-05-23 09:53:09 - [TEST_STEP][PASSED] - selectOptionByIndex: All options with index in [2] are selected on object 'Object Repository/Store Request Schedule 1/Page_Store/select_--Select--Schedule 1Inj'

2018-05-23 09:53:09 - [MESSAGE][PASSED] - All options with index in [2] are selected on object 'Object Repository/Store Request Schedule 1/Page_Store/select_--Select--Schedule 1Inj'

2018-05-23 09:53:09 - [TEST_STEP][PASSED] - delay: Delayed 1 second(s)

2018-05-23 09:53:10 - [MESSAGE][PASSED] - Delayed 1 second(s)

2018-05-23 09:53:10 - [TEST_STEP][PASSED] - selectOptionByIndex: All options with index in [53] are selected on object 'Object Repository/Store Request Schedule 1/Page_Store/select_--Select--Adernaline 0.'

2018-05-23 09:53:11 - [MESSAGE][PASSED] - All options with index in [53] are selected on object 'Object Repository/Store Request Schedule 1/Page_Store/select_--Select--Adernaline 0.'

2018-05-23 09:53:11 - [TEST_STEP][PASSED] - setText: Text '100' is set on object 'Object Repository/Store Request Schedule 1/Page_Store/input_txttreat'

2018-05-23 09:53:11 - [MESSAGE][PASSED] - Text '100' is set on object 'Object Repository/Store Request Schedule 1/Page_Store/input_txttreat'

2018-05-23 09:53:11 - [TEST_STEP][PASSED] - click: Object: 'Object Repository/Store Request Schedule 1/Page_Store/button_Add' is clicked on

2018-05-23 09:53:11 - [MESSAGE][PASSED] - Object: 'Object Repository/Store Request Schedule 1/Page_Store/button_Add' is clicked on

2018-05-23 09:53:11 - [TEST_STEP][PASSED] - selectOptionByIndex: All options with index in [2] are selected on object 'Object Repository/Store Request Schedule 1/Page_Store/select_--Select--Schedule 1Inj'

2018-05-23 09:53:11 - [MESSAGE][PASSED] - All options with index in [2] are selected on object 'Object Repository/Store Request Schedule 1/Page_Store/select_--Select--Schedule 1Inj'

2018-05-23 09:53:11 - [TEST_STEP][PASSED] - delay: Delayed 1 second(s)

2018-05-23 09:53:12 - [MESSAGE][PASSED] - Delayed 1 second(s)

2018-05-23 09:53:12 - [TEST_STEP][PASSED] - selectOptionByIndex: All options with index in [54] are selected on object 'Object Repository/Store Request Schedule 1/Page_Store/select_--Select--Adernaline 0.'

2018-05-23 09:53:13 - [MESSAGE][PASSED] - All options with index in [54] are selected on object 'Object Repository/Store Request Schedule 1/Page_Store/select_--Select--Adernaline 0.'

2018-05-23 09:53:13 - [TEST_STEP][PASSED] - setText: Text '100' is set on object 'Object Repository/Store Request Schedule 1/Page_Store/input_txttreat'

2018-05-23 09:53:13 - [MESSAGE][PASSED] - Text '100' is set on object 'Object Repository/Store Request Schedule 1/Page_Store/input_txttreat'

2018-05-23 09:53:13 - [TEST_STEP][PASSED] - click: Object: 'Object Repository/Store Request Schedule 1/Page_Store/button_Add' is clicked on

2018-05-23 09:53:13 - [MESSAGE][PASSED] - Object: 'Object Repository/Store Request Schedule 1/Page_Store/button_Add' is clicked on

2018-05-23 09:53:13 - [TEST_STEP][PASSED] - selectOptionByIndex: All options with index in [2] are selected on object 'Object Repository/Store Request Schedule 1/Page_Store/select_--Select--Schedule 1Inj'

2018-05-23 09:53:13 - [MESSAGE][PASSED] - All options with index in [2] are selected on object 'Object Repository/Store Request Schedule 1/Page_Store/select_--Select--Schedule 1Inj'

2018-05-23 09:53:13 - [TEST_STEP][PASSED] - delay: Delayed 1 second(s)

2018-05-23 09:53:14 - [MESSAGE][PASSED] - Delayed 1 second(s)

2018-05-23 09:53:14 - [TEST_STEP][PASSED] - selectOptionByIndex: All options with index in [55] are selected on object 'Object Repository/Store Request Schedule 1/Page_Store/select_--Select--Adernaline 0.'

2018-05-23 09:53:15 - [MESSAGE][PASSED] - All options with index in [55] are selected on object 'Object Repository/Store Request Schedule 1/Page_Store/select_--Select--Adernaline 0.'

2018-05-23 09:53:15 - [TEST_STEP][PASSED] - setText: Text '100' is set on object 'Object Repository/Store Request Schedule 1/Page_Store/input_txttreat'

2018-05-23 09:53:15 - [MESSAGE][PASSED] - Text '100' is set on object 'Object Repository/Store Request Schedule 1/Page_Store/input_txttreat'

2018-05-23 09:53:15 - [TEST_STEP][PASSED] - click: Object: 'Object Repository/Store Request Schedule 1/Page_Store/button_Add' is clicked on

2018-05-23 09:53:15 - [MESSAGE][PASSED] - Object: 'Object Repository/Store Request Schedule 1/Page_Store/button_Add' is clicked on

2018-05-23 09:53:15 - [TEST_STEP][PASSED] - selectOptionByIndex: All options with index in [2] are selected on object 'Object Repository/Store Request Schedule 1/Page_Store/select_--Select--Schedule 1Inj'

2018-05-23 09:53:15 - [MESSAGE][PASSED] - All options with index in [2] are selected on object 'Object Repository/Store Request Schedule 1/Page_Store/select_--Select--Schedule 1Inj'

2018-05-23 09:53:15 - [TEST_STEP][PASSED] - delay: Delayed 1 second(s)

2018-05-23 09:53:16 - [MESSAGE][PASSED] - Delayed 1 second(s)

2018-05-23 09:53:16 - [TEST_STEP][PASSED] - selectOptionByIndex: All options with index in [56] are selected on object 'Object Repository/Store Request Schedule 1/Page_Store/select_--Select--Adernaline 0.'

2018-05-23 09:53:17 - [MESSAGE][PASSED] - All options with index in [56] are selected on object 'Object Repository/Store Request Schedule 1/Page_Store/select_--Select--Adernaline 0.'

2018-05-23 09:53:17 - [TEST_STEP][PASSED] - setText: Text '100' is set on object 'Object Repository/Store Request Schedule 1/Page_Store/input_txttreat'

2018-05-23 09:53:17 - [MESSAGE][PASSED] - Text '100' is set on object 'Object Repository/Store Request Schedule 1/Page_Store/input_txttreat'

2018-05-23 09:53:17 - [TEST_STEP][PASSED] - click: Object: 'Object Repository/Store Request Schedule 1/Page_Store/button_Add' is clicked on

2018-05-23 09:53:17 - [MESSAGE][PASSED] - Object: 'Object Repository/Store Request Schedule 1/Page_Store/button_Add' is clicked on

2018-05-23 09:53:17 - [TEST_STEP][PASSED] - selectOptionByIndex: All options with index in [2] are selected on object 'Object Repository/Store Request Schedule 1/Page_Store/select_--Select--Schedule 1Inj'

2018-05-23 09:53:17 - [MESSAGE][PASSED] - All options with index in [2] are selected on object 'Object Repository/Store Request Schedule 1/Page_Store/select_--Select--Schedule 1Inj'

2018-05-23 09:53:17 - [TEST_STEP][PASSED] - delay: Delayed 1 second(s)

2018-05-23 09:53:18 - [MESSAGE][PASSED] - Delayed 1 second(s)

2018-05-23 09:53:18 - [TEST_STEP][PASSED] - selectOptionByIndex: All options with index in [57] are selected on object 'Object Repository/Store Request Schedule 1/Page_Store/select_--Select--Adernaline 0.'

2018-05-23 09:53:19 - [MESSAGE][PASSED] - All options with index in [57] are selected on object 'Object Repository/Store Request Schedule 1/Page_Store/select_--Select--Adernaline 0.'

2018-05-23 09:53:19 - [TEST_STEP][PASSED] - setText: Text '100' is set on object 'Object Repository/Store Request Schedule 1/Page_Store/input_txttreat'

2018-05-23 09:53:19 - [MESSAGE][PASSED] - Text '100' is set on object 'Object Repository/Store Request Schedule 1/Page_Store/input_txttreat'

2018-05-23 09:53:19 - [TEST_STEP][PASSED] - click: Object: 'Object Repository/Store Request Schedule 1/Page_Store/button_Add' is clicked on

2018-05-23 09:53:19 - [MESSAGE][PASSED] - Object: 'Object Repository/Store Request Schedule 1/Page_Store/button_Add' is clicked on

2018-05-23 09:53:19 - [TEST_STEP][PASSED] - selectOptionByIndex: All options with index in [2] are selected on object 'Object Repository/Store Request Schedule 1/Page_Store/select_--Select--Schedule 1Inj'

2018-05-23 09:53:19 - [MESSAGE][PASSED] - All options with index in [2] are selected on object 'Object Repository/Store Request Schedule 1/Page_Store/select_--Select--Schedule 1Inj'

2018-05-23 09:53:19 - [TEST_STEP][PASSED] - delay: Delayed 1 second(s)

2018-05-23 09:53:20 - [MESSAGE][PASSED] - Delayed 1 second(s)

2018-05-23 09:53:20 - [TEST_STEP][PASSED] - selectOptionByIndex: All options with index in [58] are selected on object 'Object Repository/Store Request Schedule 1/Page_Store/select_--Select--Adernaline 0.'

2018-05-23 09:53:21 - [MESSAGE][PASSED] - All options with index in [58] are selected on object 'Object Repository/Store Request Schedule 1/Page_Store/select_--Select--Adernaline 0.'

2018-05-23 09:53:21 - [TEST_STEP][PASSED] - setText: Text '100' is set on object 'Object Repository/Store Request Schedule 1/Page_Store/input_txttreat'

2018-05-23 09:53:21 - [MESSAGE][PASSED] - Text '100' is set on object 'Object Repository/Store Request Schedule 1/Page_Store/input_txttreat'

2018-05-23 09:53:21 - [TEST_STEP][PASSED] - click: Object: 'Object Repository/Store Request Schedule 1/Page_Store/button_Add' is clicked on

2018-05-23 09:53:21 - [MESSAGE][PASSED] - Object: 'Object Repository/Store Request Schedule 1/Page_Store/button_Add' is clicked on

2018-05-23 09:53:21 - [TEST_STEP][PASSED] - selectOptionByIndex: All options with index in [2] are selected on object 'Object Repository/Store Request Schedule 1/Page_Store/select_--Select--Schedule 1Inj'

2018-05-23 09:53:21 - [MESSAGE][PASSED] - All options with index in [2] are selected on object 'Object Repository/Store Request Schedule 1/Page_Store/select_--Select--Schedule 1Inj'

2018-05-23 09:53:21 - [TEST_STEP][PASSED] - delay: Delayed 1 second(s)

2018-05-23 09:53:22 - [MESSAGE][PASSED] - Delayed 1 second(s)

2018-05-23 09:53:22 - [TEST_STEP][PASSED] - selectOptionByIndex: All options with index in [59] are selected on object 'Object Repository/Store Request Schedule 1/Page_Store/select_--Select--Adernaline 0.'

2018-05-23 09:53:22 - [MESSAGE][PASSED] - All options with index in [59] are selected on object 'Object Repository/Store Request Schedule 1/Page_Store/select_--Select--Adernaline 0.'

2018-05-23 09:53:22 - [TEST_STEP][PASSED] - setText: Text '100' is set on object 'Object Repository/Store Request Schedule 1/Page_Store/input_txttreat'

2018-05-23 09:53:23 - [MESSAGE][PASSED] - Text '100' is set on object 'Object Repository/Store Request Schedule 1/Page_Store/input_txttreat'

2018-05-23 09:53:23 - [TEST_STEP][PASSED] - click: Object: 'Object Repository/Store Request Schedule 1/Page_Store/button_Add' is clicked on

2018-05-23 09:53:23 - [MESSAGE][PASSED] - Object: 'Object Repository/Store Request Schedule 1/Page_Store/button_Add' is clicked on

2018-05-23 09:53:23 - [TEST_STEP][PASSED] - selectOptionByIndex: All options with index in [2] are selected on object 'Object Repository/Store Request Schedule 1/Page_Store/select_--Select--Schedule 1Inj'

2018-05-23 09:53:23 - [MESSAGE][PASSED] - All options with index in [2] are selected on object 'Object Repository/Store Request Schedule 1/Page_Store/select_--Select--Schedule 1Inj'

2018-05-23 09:53:23 - [TEST_STEP][PASSED] - delay: Delayed 1 second(s)

2018-05-23 09:53:24 - [MESSAGE][PASSED] - Delayed 1 second(s)

2018-05-23 09:53:24 - [TEST_STEP][PASSED] - selectOptionByIndex: All options with index in [60] are selected on object 'Object Repository/Store Request Schedule 1/Page_Store/select_--Select--Adernaline 0.'

2018-05-23 09:53:24 - [MESSAGE][PASSED] - All options with index in [60] are selected on object 'Object Repository/Store Request Schedule 1/Page_Store/select_--Select--Adernaline 0.'

2018-05-23 09:53:24 - [TEST_STEP][PASSED] - setText: Text '100' is set on object 'Object Repository/Store Request Schedule 1/Page_Store/input_txttreat'

2018-05-23 09:53:25 - [MESSAGE][PASSED] - Text '100' is set on object 'Object Repository/Store Request Schedule 1/Page_Store/input_txttreat'

2018-05-23 09:53:25 - [TEST_STEP][PASSED] - click: Object: 'Object Repository/Store Request Schedule 1/Page_Store/button_Add' is clicked on

2018-05-23 09:53:25 - [MESSAGE][PASSED] - Object: 'Object Repository/Store Request Schedule 1/Page_Store/button_Add' is clicked on

2018-05-23 09:53:25 - [TEST_STEP][PASSED] - selectOptionByIndex: All options with index in [2] are selected on object 'Object Repository/Store Request Schedule 1/Page_Store/select_--Select--Schedule 1Inj'

2018-05-23 09:53:25 - [MESSAGE][PASSED] - All options with index in [2] are selected on object 'Object Repository/Store Request Schedule 1/Page_Store/select_--Select--Schedule 1Inj'

2018-05-23 09:53:25 - [TEST_STEP][PASSED] - delay: Delayed 1 second(s)

2018-05-23 09:53:26 - [MESSAGE][PASSED] - Delayed 1 second(s)

2018-05-23 09:53:26 - [TEST_STEP][PASSED] - selectOptionByIndex: All options with index in [61] are selected on object 'Object Repository/Store Request Schedule 1/Page_Store/select_--Select--Adernaline 0.'

2018-05-23 09:53:26 - [MESSAGE][PASSED] - All options with index in [61] are selected on object 'Object Repository/Store Request Schedule 1/Page_Store/select_--Select--Adernaline 0.'

2018-05-23 09:53:26 - [TEST_STEP][PASSED] - setText: Text '100' is set on object 'Object Repository/Store Request Schedule 1/Page_Store/input_txttreat'

2018-05-23 09:53:27 - [MESSAGE][PASSED] - Text '100' is set on object 'Object Repository/Store Request Schedule 1/Page_Store/input_txttreat'

2018-05-23 09:53:27 - [TEST_STEP][PASSED] - click: Object: 'Object Repository/Store Request Schedule 1/Page_Store/button_Add' is clicked on

2018-05-23 09:53:27 - [MESSAGE][PASSED] - Object: 'Object Repository/Store Request Schedule 1/Page_Store/button_Add' is clicked on

2018-05-23 09:53:27 - [TEST_STEP][PASSED] - selectOptionByIndex: All options with index in [2] are selected on object 'Object Repository/Store Request Schedule 1/Page_Store/select_--Select--Schedule 1Inj'

2018-05-23 09:53:27 - [MESSAGE][PASSED] - All options with index in [2] are selected on object 'Object Repository/Store Request Schedule 1/Page_Store/select_--Select--Schedule 1Inj'

2018-05-23 09:53:27 - [TEST_STEP][PASSED] - delay: Delayed 1 second(s)

2018-05-23 09:53:28 - [MESSAGE][PASSED] - Delayed 1 second(s)

2018-05-23 09:53:28 - [TEST_STEP][PASSED] - selectOptionByIndex: All options with index in [62] are selected on object 'Object Repository/Store Request Schedule 1/Page_Store/select_--Select--Adernaline 0.'

2018-05-23 09:53:28 - [MESSAGE][PASSED] - All options with index in [62] are selected on object 'Object Repository/Store Request Schedule 1/Page_Store/select_--Select--Adernaline 0.'

2018-05-23 09:53:28 - [TEST_STEP][PASSED] - setText: Text '100' is set on object 'Object Repository/Store Request Schedule 1/Page_Store/input_txttreat'

2018-05-23 09:53:29 - [MESSAGE][PASSED] - Text '100' is set on object 'Object Repository/Store Request Schedule 1/Page_Store/input_txttreat'

2018-05-23 09:53:29 - [TEST_STEP][PASSED] - click: Object: 'Object Repository/Store Request Schedule 1/Page_Store/button_Add' is clicked on

2018-05-23 09:53:29 - [MESSAGE][PASSED] - Object: 'Object Repository/Store Request Schedule 1/Page_Store/button_Add' is clicked on

2018-05-23 09:53:29 - [TEST_STEP][PASSED] - selectOptionByIndex: All options with index in [2] are selected on object 'Object Repository/Store Request Schedule 1/Page_Store/select_--Select--Schedule 1Inj'

2018-05-23 09:53:29 - [MESSAGE][PASSED] - All options with index in [2] are selected on object 'Object Repository/Store Request Schedule 1/Page_Store/select_--Select--Schedule 1Inj'

2018-05-23 09:53:29 - [TEST_STEP][PASSED] - delay: Delayed 1 second(s)

2018-05-23 09:53:30 - [MESSAGE][PASSED] - Delayed 1 second(s)

2018-05-23 09:53:30 - [TEST_STEP][PASSED] - selectOptionByIndex: All options with index in [63] are selected on object 'Object Repository/Store Request Schedule 1/Page_Store/select_--Select--Adernaline 0.'

2018-05-23 09:53:31 - [MESSAGE][PASSED] - All options with index in [63] are selected on object 'Object Repository/Store Request Schedule 1/Page_Store/select_--Select--Adernaline 0.'

2018-05-23 09:53:31 - [TEST_STEP][PASSED] - setText: Text '100' is set on object 'Object Repository/Store Request Schedule 1/Page_Store/input_txttreat'

2018-05-23 09:53:31 - [MESSAGE][PASSED] - Text '100' is set on object 'Object Repository/Store Request Schedule 1/Page_Store/input_txttreat'

2018-05-23 09:53:31 - [TEST_STEP][PASSED] - click: Object: 'Object Repository/Store Request Schedule 1/Page_Store/button_Add' is clicked on

2018-05-23 09:53:31 - [MESSAGE][PASSED] - Object: 'Object Repository/Store Request Schedule 1/Page_Store/button_Add' is clicked on

2018-05-23 09:53:31 - [TEST_STEP][PASSED] - selectOptionByIndex: All options with index in [2] are selected on object 'Object Repository/Store Request Schedule 1/Page_Store/select_--Select--Schedule 1Inj'

2018-05-23 09:53:31 - [MESSAGE][PASSED] - All options with index in [2] are selected on object 'Object Repository/Store Request Schedule 1/Page_Store/select_--Select--Schedule 1Inj'

2018-05-23 09:53:31 - [TEST_STEP][PASSED] - delay: Delayed 1 second(s)

2018-05-23 09:53:32 - [MESSAGE][PASSED] - Delayed 1 second(s)

2018-05-23 09:53:32 - [TEST_STEP][PASSED] - selectOptionByIndex: All options with index in [64] are selected on object 'Object Repository/Store Request Schedule 1/Page_Store/select_--Select--Adernaline 0.'

2018-05-23 09:53:33 - [MESSAGE][PASSED] - All options with index in [64] are selected on object 'Object Repository/Store Request Schedule 1/Page_Store/select_--Select--Adernaline 0.'

2018-05-23 09:53:33 - [TEST_STEP][PASSED] - setText: Text '100' is set on object 'Object Repository/Store Request Schedule 1/Page_Store/input_txttreat'

2018-05-23 09:53:33 - [MESSAGE][PASSED] - Text '100' is set on object 'Object Repository/Store Request Schedule 1/Page_Store/input_txttreat'

2018-05-23 09:53:33 - [TEST_STEP][PASSED] - click: Object: 'Object Repository/Store Request Schedule 1/Page_Store/button_Add' is clicked on

2018-05-23 09:53:33 - [MESSAGE][PASSED] - Object: 'Object Repository/Store Request Schedule 1/Page_Store/button_Add' is clicked on

2018-05-23 09:53:33 - [TEST_STEP][PASSED] - selectOptionByIndex: All options with index in [2] are selected on object 'Object Repository/Store Request Schedule 1/Page_Store/select_--Select--Schedule 1Inj'

2018-05-23 09:53:33 - [MESSAGE][PASSED] - All options with index in [2] are selected on object 'Object Repository/Store Request Schedule 1/Page_Store/select_--Select--Schedule 1Inj'

2018-05-23 09:53:33 - [TEST_STEP][PASSED] - delay: Delayed 1 second(s)

2018-05-23 09:53:34 - [MESSAGE][PASSED] - Delayed 1 second(s)

2018-05-23 09:53:34 - [TEST_STEP][PASSED] - selectOptionByIndex: All options with index in [65] are selected on object 'Object Repository/Store Request Schedule 1/Page_Store/select_--Select--Adernaline 0.'

2018-05-23 09:53:35 - [MESSAGE][PASSED] - All options with index in [65] are selected on object 'Object Repository/Store Request Schedule 1/Page_Store/select_--Select--Adernaline 0.'

2018-05-23 09:53:35 - [TEST_STEP][PASSED] - setText: Text '100' is set on object 'Object Repository/Store Request Schedule 1/Page_Store/input_txttreat'

2018-05-23 09:53:35 - [MESSAGE][PASSED] - Text '100' is set on object 'Object Repository/Store Request Schedule 1/Page_Store/input_txttreat'

2018-05-23 09:53:35 - [TEST_STEP][PASSED] - click: Object: 'Object Repository/Store Request Schedule 1/Page_Store/button_Add' is clicked on

2018-05-23 09:53:35 - [MESSAGE][PASSED] - Object: 'Object Repository/Store Request Schedule 1/Page_Store/button_Add' is clicked on

2018-05-23 09:53:35 - [TEST_STEP][PASSED] - selectOptionByIndex: All options with index in [2] are selected on object 'Object Repository/Store Request Schedule 1/Page_Store/select_--Select--Schedule 1Inj'

2018-05-23 09:53:35 - [MESSAGE][PASSED] - All options with index in [2] are selected on object 'Object Repository/Store Request Schedule 1/Page_Store/select_--Select--Schedule 1Inj'

2018-05-23 09:53:35 - [TEST_STEP][PASSED] - delay: Delayed 1 second(s)

2018-05-23 09:53:36 - [MESSAGE][PASSED] - Delayed 1 second(s)

2018-05-23 09:53:36 - [TEST_STEP][PASSED] - selectOptionByIndex: All options with index in [66] are selected on object 'Object Repository/Store Request Schedule 1/Page_Store/select_--Select--Adernaline 0.'

2018-05-23 09:53:37 - [MESSAGE][PASSED] - All options with index in [66] are selected on object 'Object Repository/Store Request Schedule 1/Page_Store/select_--Select--Adernaline 0.'

2018-05-23 09:53:37 - [TEST_STEP][PASSED] - setText: Text '100' is set on object 'Object Repository/Store Request Schedule 1/Page_Store/input_txttreat'

2018-05-23 09:53:37 - [MESSAGE][PASSED] - Text '100' is set on object 'Object Repository/Store Request Schedule 1/Page_Store/input_txttreat'

2018-05-23 09:53:37 - [TEST_STEP][PASSED] - click: Object: 'Object Repository/Store Request Schedule 1/Page_Store/button_Add' is clicked on

2018-05-23 09:53:37 - [MESSAGE][PASSED] - Object: 'Object Repository/Store Request Schedule 1/Page_Store/button_Add' is clicked on

2018-05-23 09:53:37 - [TEST_STEP][PASSED] - selectOptionByIndex: All options with index in [2] are selected on object 'Object Repository/Store Request Schedule 1/Page_Store/select_--Select--Schedule 1Inj'

2018-05-23 09:53:37 - [MESSAGE][PASSED] - All options with index in [2] are selected on object 'Object Repository/Store Request Schedule 1/Page_Store/select_--Select--Schedule 1Inj'

2018-05-23 09:53:37 - [TEST_STEP][PASSED] - delay: Delayed 1 second(s)

2018-05-23 09:53:38 - [MESSAGE][PASSED] - Delayed 1 second(s)

2018-05-23 09:53:38 - [TEST_STEP][PASSED] - selectOptionByIndex: All options with index in [67] are selected on object 'Object Repository/Store Request Schedule 1/Page_Store/select_--Select--Adernaline 0.'

2018-05-23 09:53:39 - [MESSAGE][PASSED] - All options with index in [67] are selected on object 'Object Repository/Store Request Schedule 1/Page_Store/select_--Select--Adernaline 0.'

2018-05-23 09:53:39 - [TEST_STEP][PASSED] - setText: Text '100' is set on object 'Object Repository/Store Request Schedule 1/Page_Store/input_txttreat'

2018-05-23 09:53:39 - [MESSAGE][PASSED] - Text '100' is set on object 'Object Repository/Store Request Schedule 1/Page_Store/input_txttreat'

2018-05-23 09:53:39 - [TEST_STEP][PASSED] - click: Object: 'Object Repository/Store Request Schedule 1/Page_Store/button_Add' is clicked on

2018-05-23 09:53:39 - [MESSAGE][PASSED] - Object: 'Object Repository/Store Request Schedule 1/Page_Store/button_Add' is clicked on

2018-05-23 09:53:39 - [TEST_STEP][PASSED] - selectOptionByIndex: All options with index in [2] are selected on object 'Object Repository/Store Request Schedule 1/Page_Store/select_--Select--Schedule 1Inj'

2018-05-23 09:53:39 - [MESSAGE][PASSED] - All options with index in [2] are selected on object 'Object Repository/Store Request Schedule 1/Page_Store/select_--Select--Schedule 1Inj'

2018-05-23 09:53:39 - [TEST_STEP][PASSED] - delay: Delayed 1 second(s)

2018-05-23 09:53:40 - [MESSAGE][PASSED] - Delayed 1 second(s)

2018-05-23 09:53:40 - [TEST_STEP][PASSED] - selectOptionByIndex: All options with index in [68] are selected on object 'Object Repository/Store Request Schedule 1/Page_Store/select_--Select--Adernaline 0.'

2018-05-23 09:53:41 - [MESSAGE][PASSED] - All options with index in [68] are selected on object 'Object Repository/Store Request Schedule 1/Page_Store/select_--Select--Adernaline 0.'

2018-05-23 09:53:41 - [TEST_STEP][PASSED] - setText: Text '100' is set on object 'Object Repository/Store Request Schedule 1/Page_Store/input_txttreat'

2018-05-23 09:53:41 - [MESSAGE][PASSED] - Text '100' is set on object 'Object Repository/Store Request Schedule 1/Page_Store/input_txttreat'

2018-05-23 09:53:41 - [TEST_STEP][PASSED] - click: Object: 'Object Repository/Store Request Schedule 1/Page_Store/button_Add' is clicked on

2018-05-23 09:53:41 - [MESSAGE][PASSED] - Object: 'Object Repository/Store Request Schedule 1/Page_Store/button_Add' is clicked on

2018-05-23 09:53:41 - [TEST_STEP][PASSED] - selectOptionByIndex: All options with index in [2] are selected on object 'Object Repository/Store Request Schedule 1/Page_Store/select_--Select--Schedule 1Inj'

2018-05-23 09:53:41 - [MESSAGE][PASSED] - All options with index in [2] are selected on object 'Object Repository/Store Request Schedule 1/Page_Store/select_--Select--Schedule 1Inj'

2018-05-23 09:53:41 - [TEST_STEP][PASSED] - delay: Delayed 1 second(s)

2018-05-23 09:53:42 - [MESSAGE][PASSED] - Delayed 1 second(s)

2018-05-23 09:53:42 - [TEST_STEP][PASSED] - selectOptionByIndex: All options with index in [69] are selected on object 'Object Repository/Store Request Schedule 1/Page_Store/select_--Select--Adernaline 0.'

2018-05-23 09:53:43 - [MESSAGE][PASSED] - All options with index in [69] are selected on object 'Object Repository/Store Request Schedule 1/Page_Store/select_--Select--Adernaline 0.'

2018-05-23 09:53:43 - [TEST_STEP][PASSED] - setText: Text '100' is set on object 'Object Repository/Store Request Schedule 1/Page_Store/input_txttreat'

2018-05-23 09:53:43 - [MESSAGE][PASSED] - Text '100' is set on object 'Object Repository/Store Request Schedule 1/Page_Store/input_txttreat'

2018-05-23 09:53:43 - [TEST_STEP][PASSED] - click: Object: 'Object Repository/Store Request Schedule 1/Page_Store/button_Add' is clicked on

2018-05-23 09:53:43 - [MESSAGE][PASSED] - Object: 'Object Repository/Store Request Schedule 1/Page_Store/button_Add' is clicked on

2018-05-23 09:53:43 - [TEST_STEP][PASSED] - selectOptionByIndex: All options with index in [2] are selected on object 'Object Repository/Store Request Schedule 1/Page_Store/select_--Select--Schedule 1Inj'

2018-05-23 09:53:43 - [MESSAGE][PASSED] - All options with index in [2] are selected on object 'Object Repository/Store Request Schedule 1/Page_Store/select_--Select--Schedule 1Inj'

2018-05-23 09:53:43 - [TEST_STEP][PASSED] - delay: Delayed 1 second(s)

2018-05-23 09:53:44 - [MESSAGE][PASSED] - Delayed 1 second(s)

2018-05-23 09:53:44 - [TEST_STEP][PASSED] - selectOptionByIndex: All options with index in [70] are selected on object 'Object Repository/Store Request Schedule 1/Page_Store/select_--Select--Adernaline 0.'

2018-05-23 09:53:45 - [MESSAGE][PASSED] - All options with index in [70] are selected on object 'Object Repository/Store Request Schedule 1/Page_Store/select_--Select--Adernaline 0.'

2018-05-23 09:53:45 - [TEST_STEP][PASSED] - setText: Text '100' is set on object 'Object Repository/Store Request Schedule 1/Page_Store/input_txttreat'

2018-05-23 09:53:45 - [MESSAGE][PASSED] - Text '100' is set on object 'Object Repository/Store Request Schedule 1/Page_Store/input_txttreat'

2018-05-23 09:53:45 - [TEST_STEP][PASSED] - click: Object: 'Object Repository/Store Request Schedule 1/Page_Store/button_Add' is clicked on

2018-05-23 09:53:45 - [MESSAGE][PASSED] - Object: 'Object Repository/Store Request Schedule 1/Page_Store/button_Add' is clicked on

2018-05-23 09:53:45 - [TEST_STEP][PASSED] - selectOptionByIndex: All options with index in [2] are selected on object 'Object Repository/Store Request Schedule 1/Page_Store/select_--Select--Schedule 1Inj'

2018-05-23 09:53:45 - [MESSAGE][PASSED] - All options with index in [2] are selected on object 'Object Repository/Store Request Schedule 1/Page_Store/select_--Select--Schedule 1Inj'

2018-05-23 09:53:45 - [TEST_STEP][PASSED] - delay: Delayed 1 second(s)

2018-05-23 09:53:46 - [MESSAGE][PASSED] - Delayed 1 second(s)

2018-05-23 09:53:46 - [TEST_STEP][PASSED] - selectOptionByIndex: All options with index in [71] are selected on object 'Object Repository/Store Request Schedule 1/Page_Store/select_--Select--Adernaline 0.'

2018-05-23 09:53:47 - [MESSAGE][PASSED] - All options with index in [71] are selected on object 'Object Repository/Store Request Schedule 1/Page_Store/select_--Select--Adernaline 0.'

2018-05-23 09:53:47 - [TEST_STEP][PASSED] - setText: Text '100' is set on object 'Object Repository/Store Request Schedule 1/Page_Store/input_txttreat'

2018-05-23 09:53:47 - [MESSAGE][PASSED] - Text '100' is set on object 'Object Repository/Store Request Schedule 1/Page_Store/input_txttreat'

2018-05-23 09:53:47 - [TEST_STEP][PASSED] - click: Object: 'Object Repository/Store Request Schedule 1/Page_Store/button_Add' is clicked on

2018-05-23 09:53:47 - [MESSAGE][PASSED] - Object: 'Object Repository/Store Request Schedule 1/Page_Store/button_Add' is clicked on

2018-05-23 09:53:47 - [TEST_STEP][PASSED] - selectOptionByIndex: All options with index in [2] are selected on object 'Object Repository/Store Request Schedule 1/Page_Store/select_--Select--Schedule 1Inj'

2018-05-23 09:53:47 - [MESSAGE][PASSED] - All options with index in [2] are selected on object 'Object Repository/Store Request Schedule 1/Page_Store/select_--Select--Schedule 1Inj'

2018-05-23 09:53:47 - [TEST_STEP][PASSED] - delay: Delayed 1 second(s)

2018-05-23 09:53:48 - [MESSAGE][PASSED] - Delayed 1 second(s)

2018-05-23 09:53:48 - [TEST_STEP][PASSED] - selectOptionByIndex: All options with index in [72] are selected on object 'Object Repository/Store Request Schedule 1/Page_Store/select_--Select--Adernaline 0.'

2018-05-23 09:53:49 - [MESSAGE][PASSED] - All options with index in [72] are selected on object 'Object Repository/Store Request Schedule 1/Page_Store/select_--Select--Adernaline 0.'

2018-05-23 09:53:49 - [TEST_STEP][PASSED] - setText: Text '100' is set on object 'Object Repository/Store Request Schedule 1/Page_Store/input_txttreat'

2018-05-23 09:53:49 - [MESSAGE][PASSED] - Text '100' is set on object 'Object Repository/Store Request Schedule 1/Page_Store/input_txttreat'

2018-05-23 09:53:49 - [TEST_STEP][PASSED] - click: Object: 'Object Repository/Store Request Schedule 1/Page_Store/button_Add' is clicked on

2018-05-23 09:53:50 - [MESSAGE][PASSED] - Object: 'Object Repository/Store Request Schedule 1/Page_Store/button_Add' is clicked on

2018-05-23 09:53:50 - [TEST_STEP][PASSED] - delay: Delayed 2 second(s)

2018-05-23 09:53:52 - [MESSAGE][PASSED] - Delayed 2 second(s)

2018-05-23 09:53:52 - [TEST_STEP][PASSED] - scrollToElement: Scroll to object 'Object Repository/Store Request Schedule 1/Page_Store/input_btnsave' successfully

2018-05-23 09:53:52 - [MESSAGE][PASSED] - Scroll to object 'Object Repository/Store Request Schedule 1/Page_Store/input_btnsave' successfully

2018-05-23 09:53:52 - [TEST_STEP][PASSED] - click: Object: 'Object Repository/Store Request Schedule 1/Page_Store/input_btnsave' is clicked on

2018-05-23 09:53:52 - [MESSAGE][PASSED] - Object: 'Object Repository/Store Request Schedule 1/Page_Store/input_btnsave' is clicked on

2018-05-23 09:53:52 - [TEST_STEP][PASSED] - delay: Delayed 4 second(s)

2018-05-23 09:53:56 - [MESSAGE][PASSED] - Delayed 4 second(s)

2018-05-23 09:53:56 - [TEST_STEP][PASSED] - Statement - Cms_RequestNumber = com.kms.katalon.core.webui.keyword.WebUiBuiltInKeywords.getText(com.kms.katalon.core.testobject.ObjectRepository.findTestObject(Store Request Schedule 1/Page_Store/font_PRNO050520189)): Text of object 'Object Repository/Store Request Schedule 1/Page_Store/font_PRNO050520189' is: 'PRNO/23052018/352'

2018-05-23 09:53:56 - [MESSAGE][PASSED] - Text of object 'Object Repository/Store Request Schedule 1/Page_Store/font_PRNO050520189' is: 'PRNO/23052018/352'

2018-05-23 09:53:56 - [TEST_STEP][PASSED] - Statement - CR = Cms_RequestNumber.trim(): null

2018-05-23 09:53:56 - [TEST_STEP][PASSED] - Statement - out.println("RQ :" + Cms_RequestNumber): null

2018-05-23 09:53:56 - [TEST_STEP][PASSED] - Statement - RequestNumberID = Cms_RequestNumber.split("/")[2].trim(): null

2018-05-23 09:53:56 - [TEST_STEP][PASSED] - Statement - out.println("RQ ID :" + RequestNumberID): null

2018-05-23 09:53:56 - [TEST_STEP][PASSED] - delay: Delayed 3 second(s)

2018-05-23 09:53:59 - [MESSAGE][PASSED] - Delayed 3 second(s)

2018-05-23 09:53:59 - [TEST_STEP][PASSED] - Statement - ok = com.kms.katalon.core.webui.keyword.WebUiBuiltInKeywords.click(com.kms.katalon.core.testobject.ObjectRepository.findTestObject(Store Request Schedule 1/Page_Store/button_OK)): Object: 'Object Repository/Store Request Schedule 1/Page_Store/button_OK' is clicked on

2018-05-23 09:53:59 - [MESSAGE][PASSED] - Object: 'Object Repository/Store Request Schedule 1/Page_Store/button_OK' is clicked on

2018-05-23 09:53:59 - [TEST_STEP][PASSED] - delay: Delayed 3 second(s)

2018-05-23 09:54:02 - [MESSAGE][PASSED] - Delayed 3 second(s)

2018-05-23 09:54:02 - [TEST_STEP][PASSED] - click: Object: 'Object Repository/Store Request Schedule 1/Page_Store/a_dropdown-toggle' is clicked on

2018-05-23 09:54:03 - [MESSAGE][PASSED] - Object: 'Object Repository/Store Request Schedule 1/Page_Store/a_dropdown-toggle' is clicked on

2018-05-23 09:54:03 - [TEST_STEP][PASSED] - click: Object: 'Object Repository/Store Request Schedule 1/Page_Store/a_Sign out' is clicked on

2018-05-23 09:54:03 - [MESSAGE][PASSED] - Object: 'Object Repository/Store Request Schedule 1/Page_Store/a_Sign out' is clicked on

2018-05-23 09:54:03 - [TEST_STEP][PASSED] - delay: Delayed 3 second(s)

2018-05-23 09:54:06 - [MESSAGE][PASSED] - Delayed 3 second(s)

2018-05-23 09:54:06 - [TEST_STEP][PASSED] - click: Object: 'Object Repository/Store Request Schedule 1/Page_KDMC/a_CMO' is clicked on

2018-05-23 09:54:07 - [MESSAGE][PASSED] - Object: 'Object Repository/Store Request Schedule 1/Page_KDMC/a_CMO' is clicked on

2018-05-23 09:54:07 - [TEST_STEP][PASSED] - setText: Text 'guru' is set on object 'Object Repository/Store Request Schedule 1/Page_CMO login/input_txtusername'

2018-05-23 09:54:07 - [MESSAGE][PASSED] - Text 'guru' is set on object 'Object Repository/Store Request Schedule 1/Page_CMO login/input_txtusername'

2018-05-23 09:54:07 - [TEST_STEP][PASSED] - setText: Text '123' is set on object 'Object Repository/Store Request Schedule 1/Page_CMO login/input_txtpassword'

2018-05-23 09:54:07 - [MESSAGE][PASSED] - Text '123' is set on object 'Object Repository/Store Request Schedule 1/Page_CMO login/input_txtpassword'

2018-05-23 09:54:07 - [TEST_STEP][PASSED] - delay: Delayed 3 second(s)

2018-05-23 09:54:10 - [MESSAGE][PASSED] - Delayed 3 second(s)

2018-05-23 09:54:10 - [TEST_STEP][PASSED] - click: Object: 'Object Repository/Store Request Schedule 1/Page_CMO login/button_Sign in' is clicked on

2018-05-23 09:54:11 - [MESSAGE][PASSED] - Object: 'Object Repository/Store Request Schedule 1/Page_CMO login/button_Sign in' is clicked on

2018-05-23 09:54:11 - [TEST_STEP][PASSED] - delay: Delayed 2 second(s)

2018-05-23 09:54:13 - [MESSAGE][PASSED] - Delayed 2 second(s)

2018-05-23 09:54:13 - [TEST_STEP][PASSED] - click: Object: 'Object Repository/Store Request Schedule 1/Page_KDMC - CMO/span_Department Wise Request' is clicked on

2018-05-23 09:54:13 - [MESSAGE][PASSED] - Object: 'Object Repository/Store Request Schedule 1/Page_KDMC - CMO/span_Department Wise Request' is clicked on

2018-05-23 09:54:13 - [TEST_STEP][PASSED] - click: Object: 'Object Repository/Store Request Schedule 1/Page_KDMC - CMO/a_CMS Request' is clicked on

2018-05-23 09:54:13 - [MESSAGE][PASSED] - Object: 'Object Repository/Store Request Schedule 1/Page_KDMC - CMO/a_CMS Request' is clicked on

2018-05-23 09:54:13 - [TEST_STEP][PASSED] - click: Object: 'Object Repository/Store Request Schedule 1/Page_KDMC - CMO/a_CMS Request' is clicked on

2018-05-23 09:54:13 - [MESSAGE][PASSED] - Object: 'Object Repository/Store Request Schedule 1/Page_KDMC - CMO/a_CMS Request' is clicked on

2018-05-23 09:54:13 - [TEST_STEP][PASSED] - click: Object: 'Object Repository/Store Request Schedule 1/Page_KDMC - CMO/span_Divisional Store Request' is clicked on

2018-05-23 09:54:15 - [MESSAGE][PASSED] - Object: 'Object Repository/Store Request Schedule 1/Page_KDMC - CMO/span_Divisional Store Request' is clicked on

2018-05-23 09:54:15 - [TEST_STEP][PASSED] - delay: Delayed 2 second(s)

2018-05-23 09:54:17 - [MESSAGE][PASSED] - Delayed 2 second(s)

2018-05-23 09:54:17 - [TEST_STEP][PASSED] - Statement - approval = com.kms.katalon.core.webui.keyword.WebUiBuiltInKeywords.modifyObjectProperty(com.kms.katalon.core.testobject.ObjectRepository.findTestObject(Store Request Schedule 1/Page_KDMC - CMO/input_PRNO050520189), "xpath", "equals", "//*[@id=" + RequestNumberID + "]", true): Modify property of object successfully

2018-05-23 09:54:17 - [MESSAGE][PASSED] - Modify property of object successfully

2018-05-23 09:54:17 - [TEST_STEP][PASSED] - click: Object: 'Object Repository/Store Request Schedule 1/Page_KDMC - CMO/input_PRNO050520189' is clicked on

2018-05-23 09:54:18 - [MESSAGE][PASSED] - Object: 'Object Repository/Store Request Schedule 1/Page_KDMC - CMO/input_PRNO050520189' is clicked on

2018-05-23 09:54:18 - [TEST_STEP][PASSED] - delay: Delayed 2 second(s)

2018-05-23 09:54:20 - [MESSAGE][PASSED] - Delayed 2 second(s)

2018-05-23 09:54:20 - [TEST_STEP][PASSED] - selectOptionByIndex: All options with index in [1] are selected on object 'Object Repository/Store Request Schedule 1/Page_KDMC - CMO/select_--Select--'

2018-05-23 09:54:20 - [MESSAGE][PASSED] - All options with index in [1] are selected on object 'Object Repository/Store Request Schedule 1/Page_KDMC - CMO/select_--Select--'

2018-05-23 09:54:20 - [TEST_STEP][PASSED] - click: Object: 'Object Repository/Store Request Schedule 1/Page_KDMC - CMO/input_btnupdate' is clicked on

2018-05-23 09:54:20 - [MESSAGE][PASSED] - Object: 'Object Repository/Store Request Schedule 1/Page_KDMC - CMO/input_btnupdate' is clicked on

2018-05-23 09:54:20 - [TEST_STEP][PASSED] - delay: Delayed 2 second(s)

2018-05-23 09:54:22 - [MESSAGE][PASSED] - Delayed 2 second(s)

2018-05-23 09:54:22 - [TEST_STEP][PASSED] - click: Object: 'Object Repository/Store Request Schedule 1/Page_KDMC - CMO/button_OK' is clicked on

2018-05-23 09:54:22 - [MESSAGE][PASSED] - Object: 'Object Repository/Store Request Schedule 1/Page_KDMC - CMO/button_OK' is clicked on

2018-05-23 09:54:22 - [TEST_STEP][PASSED] - delay: Delayed 2 second(s)

2018-05-23 09:54:24 - [MESSAGE][PASSED] - Delayed 2 second(s)

2018-05-23 09:54:24 - [TEST_STEP][PASSED] - click: Object: 'Object Repository/Store Request Schedule 1/Page_KDMC - CMO/a_dropdown-toggle' is clicked on

2018-05-23 09:54:24 - [MESSAGE][PASSED] - Object: 'Object Repository/Store Request Schedule 1/Page_KDMC - CMO/a_dropdown-toggle' is clicked on

2018-05-23 09:54:24 - [TEST_STEP][PASSED] - click: Object: 'Object Repository/Store Request Schedule 1/Page_KDMC - CMO/a_Sign out' is clicked on

2018-05-23 09:54:25 - [MESSAGE][PASSED] - Object: 'Object Repository/Store Request Schedule 1/Page_KDMC - CMO/a_Sign out' is clicked on

2018-05-23 09:54:25 - [TEST_STEP][PASSED] - delay: Delayed 3 second(s)

2018-05-23 09:54:28 - [MESSAGE][PASSED] - Delayed 3 second(s)

2018-05-23 09:54:28 - [TEST_STEP][PASSED] - click: Object: 'Object Repository/store Request Schedule 1/Page_KDMC/a_CMS' is clicked on

2018-05-23 09:54:29 - [MESSAGE][PASSED] - Object: 'Object Repository/store Request Schedule 1/Page_KDMC/a_CMS' is clicked on

2018-05-23 09:54:29 - [TEST_STEP][PASSED] - setText: Text 'bala' is set on object 'Object Repository/store Request Schedule 1/Page_CMS login/input_txtusername'

2018-05-23 09:54:29 - [MESSAGE][PASSED] - Text 'bala' is set on object 'Object Repository/store Request Schedule 1/Page_CMS login/input_txtusername'

2018-05-23 09:54:29 - [TEST_STEP][PASSED] - setText: Text '123' is set on object 'Object Repository/store Request Schedule 1/Page_CMS login/input_txtpassword'

2018-05-23 09:54:29 - [MESSAGE][PASSED] - Text '123' is set on object 'Object Repository/store Request Schedule 1/Page_CMS login/input_txtpassword'

2018-05-23 09:54:29 - [TEST_STEP][PASSED] - delay: Delayed 3 second(s)

2018-05-23 09:54:32 - [MESSAGE][PASSED] - Delayed 3 second(s)

2018-05-23 09:54:32 - [TEST_STEP][PASSED] - click: Object: 'Object Repository/store Request Schedule 1/Page_CMS login/button_Sign in' is clicked on

2018-05-23 09:54:33 - [MESSAGE][PASSED] - Object: 'Object Repository/store Request Schedule 1/Page_CMS login/button_Sign in' is clicked on

2018-05-23 09:54:33 - [TEST_STEP][PASSED] - delay: Delayed 2 second(s)

2018-05-23 09:54:35 - [MESSAGE][PASSED] - Delayed 2 second(s)

2018-05-23 09:54:35 - [TEST_STEP][PASSED] - click: Object: 'Object Repository/store Request Schedule 1/Page_KDMC - CMS/a_Divisional Store' is clicked on

2018-05-23 09:54:35 - [MESSAGE][PASSED] - Object: 'Object Repository/store Request Schedule 1/Page_KDMC - CMS/a_Divisional Store' is clicked on

2018-05-23 09:54:35 - [TEST_STEP][PASSED] - delay: Delayed 2 second(s)

2018-05-23 09:54:37 - [MESSAGE][PASSED] - Delayed 2 second(s)

2018-05-23 09:54:37 - [TEST_STEP][PASSED] - click: Object: 'Object Repository/store Request Schedule 1/Page_KDMC - CMS/a_Dispatch Items' is clicked on

2018-05-23 09:54:38 - [MESSAGE][PASSED] - Object: 'Object Repository/store Request Schedule 1/Page_KDMC - CMS/a_Dispatch Items' is clicked on

2018-05-23 09:54:38 - [TEST_STEP][PASSED] - setText: Text 'PRNO/23052018/352' is set on object 'Object Repository/store Request Schedule 1/Page_KDMC - CMS/input'

2018-05-23 09:54:38 - [MESSAGE][PASSED] - Text 'PRNO/23052018/352' is set on object 'Object Repository/store Request Schedule 1/Page_KDMC - CMS/input'

2018-05-23 09:54:38 - [TEST_STEP][PASSED] - click: Object: 'Object Repository/store Request Schedule 1/Page_KDMC - CMS/td_text-center' is clicked on

2018-05-23 09:54:38 - [MESSAGE][PASSED] - Object: 'Object Repository/store Request Schedule 1/Page_KDMC - CMS/td_text-center' is clicked on

2018-05-23 09:54:38 - [TEST_STEP][PASSED] - delay: Delayed 2 second(s)

2018-05-23 09:54:40 - [MESSAGE][PASSED] - Delayed 2 second(s)

2018-05-23 09:54:40 - [TEST_STEP][PASSED] - Statement - For ([row = 0, row < SelectedOptions - 1, (row++)]): null

2018-05-23 09:54:40 - [TEST_STEP][PASSED] - Statement - batchlength = new com.kms.katalon.core.testobject.TestObject(): null

2018-05-23 09:54:40 - [TEST_STEP][PASSED] - Statement - batchlength = com.kms.katalon.core.webui.keyword.WebUiBuiltInKeywords.modifyObjectProperty(batchlength, "xpath", "equals", "//*[@id = "fldvendor" + row + ""]", true): Modify property of object successfully

2018-05-23 09:54:40 - [MESSAGE][PASSED] - Modify property of object successfully

2018-05-23 09:54:40 - [TEST_STEP][PASSED] - Statement - batchsize = com.kms.katalon.core.webui.keyword.WebUiBuiltInKeywords.getNumberOfTotalOption(batchlength): 5 options of object '' counted

2018-05-23 09:54:40 - [MESSAGE][PASSED] - 5 options of object '' counted

2018-05-23 09:54:40 - [TEST_STEP][PASSED] - Statement - out.println("BatchSize : " + batchsize): null

2018-05-23 09:54:40 - [TEST_STEP][PASSED] - Statement - For ([n = 1, n <= batchsize - 1, (n++)]): null

2018-05-23 09:54:40 - [TEST_STEP][PASSED] - Statement - product = new com.kms.katalon.core.testobject.TestObject(): null

2018-05-23 09:54:40 - [TEST_STEP][PASSED] - Statement - product = com.kms.katalon.core.webui.keyword.WebUiBuiltInKeywords.modifyObjectProperty(product, "xpath", "equals", "//*[@id = "fldvendor" + row + ""]", true): Modify property of object successfully

2018-05-23 09:54:40 - [MESSAGE][PASSED] - Modify property of object successfully

2018-05-23 09:54:40 - [TEST_STEP][PASSED] - selectOptionByIndex: All options with index in [1] are selected on object ''

2018-05-23 09:54:40 - [MESSAGE][PASSED] - All options with index in [1] are selected on object ''

2018-05-23 09:54:40 - [TEST_STEP][PASSED] - Statement - batch = new com.kms.katalon.core.testobject.TestObject(): null

2018-05-23 09:54:40 - [TEST_STEP][PASSED] - Statement - batch = com.kms.katalon.core.webui.keyword.WebUiBuiltInKeywords.modifyObjectProperty(batch, "xpath", "equals", "//*[@id = "txtbthqty" + row + ""]", true): Modify property of object successfully

2018-05-23 09:54:40 - [MESSAGE][PASSED] - Modify property of object successfully

2018-05-23 09:54:40 - [TEST_STEP][PASSED] - Statement - batchqty = com.kms.katalon.core.webui.keyword.WebUiBuiltInKeywords.getAttribute(batch, "value").trim(): Attribute 'value' of object '' is: '38500'

2018-05-23 09:54:41 - [MESSAGE][PASSED] - Attribute 'value' of object '' is: '38500'

2018-05-23 09:54:41 - [TEST_STEP][PASSED] - Statement - Rqty = 100: null

2018-05-23 09:54:41 - [TEST_STEP][PASSED] - delay: Delayed 2 second(s)

2018-05-23 09:54:43 - [MESSAGE][PASSED] - Delayed 2 second(s)

2018-05-23 09:54:43 - [TEST_STEP][PASSED] - Statement - out.println("BatchQty : " + batchqty): null

2018-05-23 09:54:43 - [TEST_STEP][PASSED] - Statement - out.println("RQty : " + Rqty): null

2018-05-23 09:54:43 - [TEST_STEP][PASSED] - Statement - If (java.lang.Integer.valueOf(batchqty) >= java.lang.Integer.valueOf(Rqty)): null

2018-05-23 09:54:43 - [TEST_STEP][PASSED] - Statement - Break: null

2018-05-23 09:54:43 - [TEST_STEP][PASSED] - Statement - batchlength = new com.kms.katalon.core.testobject.TestObject(): null

2018-05-23 09:54:43 - [TEST_STEP][PASSED] - Statement - batchlength = com.kms.katalon.core.webui.keyword.WebUiBuiltInKeywords.modifyObjectProperty(batchlength, "xpath", "equals", "//*[@id = "fldvendor" + row + ""]", true): Modify property of object successfully

2018-05-23 09:54:43 - [MESSAGE][PASSED] - Modify property of object successfully

2018-05-23 09:54:43 - [TEST_STEP][PASSED] - Statement - batchsize = com.kms.katalon.core.webui.keyword.WebUiBuiltInKeywords.getNumberOfTotalOption(batchlength): 5 options of object '' counted

2018-05-23 09:54:43 - [MESSAGE][PASSED] - 5 options of object '' counted

2018-05-23 09:54:43 - [TEST_STEP][PASSED] - Statement - out.println("BatchSize : " + batchsize): null

2018-05-23 09:54:43 - [TEST_STEP][PASSED] - Statement - For ([n = 1, n <= batchsize - 1, (n++)]): null

2018-05-23 09:54:43 - [TEST_STEP][PASSED] - Statement - product = new com.kms.katalon.core.testobject.TestObject(): null

2018-05-23 09:54:43 - [TEST_STEP][PASSED] - Statement - product = com.kms.katalon.core.webui.keyword.WebUiBuiltInKeywords.modifyObjectProperty(product, "xpath", "equals", "//*[@id = "fldvendor" + row + ""]", true): Modify property of object successfully

2018-05-23 09:54:43 - [MESSAGE][PASSED] - Modify property of object successfully

2018-05-23 09:54:43 - [TEST_STEP][PASSED] - selectOptionByIndex: All options with index in [1] are selected on object ''

2018-05-23 09:54:43 - [MESSAGE][PASSED] - All options with index in [1] are selected on object ''

2018-05-23 09:54:43 - [TEST_STEP][PASSED] - Statement - batch = new com.kms.katalon.core.testobject.TestObject(): null

2018-05-23 09:54:43 - [TEST_STEP][PASSED] - Statement - batch = com.kms.katalon.core.webui.keyword.WebUiBuiltInKeywords.modifyObjectProperty(batch, "xpath", "equals", "//*[@id = "txtbthqty" + row + ""]", true): Modify property of object successfully

2018-05-23 09:54:43 - [MESSAGE][PASSED] - Modify property of object successfully

2018-05-23 09:54:43 - [TEST_STEP][PASSED] - Statement - batchqty = com.kms.katalon.core.webui.keyword.WebUiBuiltInKeywords.getAttribute(batch, "value").trim(): Attribute 'value' of object '' is: '4800'

2018-05-23 09:54:43 - [MESSAGE][PASSED] - Attribute 'value' of object '' is: '4800'

2018-05-23 09:54:43 - [TEST_STEP][PASSED] - Statement - Rqty = 100: null

2018-05-23 09:54:43 - [TEST_STEP][PASSED] - delay: Delayed 2 second(s)

2018-05-23 09:54:45 - [MESSAGE][PASSED] - Delayed 2 second(s)

2018-05-23 09:54:45 - [TEST_STEP][PASSED] - Statement - out.println("BatchQty : " + batchqty): null

2018-05-23 09:54:45 - [TEST_STEP][PASSED] - Statement - out.println("RQty : " + Rqty): null

2018-05-23 09:54:45 - [TEST_STEP][PASSED] - Statement - If (java.lang.Integer.valueOf(batchqty) >= java.lang.Integer.valueOf(Rqty)): null

2018-05-23 09:54:45 - [TEST_STEP][PASSED] - Statement - Break: null

2018-05-23 09:54:45 - [TEST_STEP][PASSED] - Statement - batchlength = new com.kms.katalon.core.testobject.TestObject(): null

2018-05-23 09:54:45 - [TEST_STEP][PASSED] - Statement - batchlength = com.kms.katalon.core.webui.keyword.WebUiBuiltInKeywords.modifyObjectProperty(batchlength, "xpath", "equals", "//*[@id = "fldvendor" + row + ""]", true): Modify property of object successfully

2018-05-23 09:54:45 - [MESSAGE][PASSED] - Modify property of object successfully

2018-05-23 09:54:45 - [TEST_STEP][PASSED] - Statement - batchsize = com.kms.katalon.core.webui.keyword.WebUiBuiltInKeywords.getNumberOfTotalOption(batchlength): 5 options of object '' counted

2018-05-23 09:54:45 - [MESSAGE][PASSED] - 5 options of object '' counted

2018-05-23 09:54:45 - [TEST_STEP][PASSED] - Statement - out.println("BatchSize : " + batchsize): null

2018-05-23 09:54:45 - [TEST_STEP][PASSED] - Statement - For ([n = 1, n <= batchsize - 1, (n++)]): null

2018-05-23 09:54:45 - [TEST_STEP][PASSED] - Statement - product = new com.kms.katalon.core.testobject.TestObject(): null

2018-05-23 09:54:45 - [TEST_STEP][PASSED] - Statement - product = com.kms.katalon.core.webui.keyword.WebUiBuiltInKeywords.modifyObjectProperty(product, "xpath", "equals", "//*[@id = "fldvendor" + row + ""]", true): Modify property of object successfully

2018-05-23 09:54:45 - [MESSAGE][PASSED] - Modify property of object successfully

2018-05-23 09:54:45 - [TEST_STEP][PASSED] - selectOptionByIndex: All options with index in [1] are selected on object ''

2018-05-23 09:54:45 - [MESSAGE][PASSED] - All options with index in [1] are selected on object ''

2018-05-23 09:54:45 - [TEST_STEP][PASSED] - Statement - batch = new com.kms.katalon.core.testobject.TestObject(): null

2018-05-23 09:54:45 - [TEST_STEP][PASSED] - Statement - batch = com.kms.katalon.core.webui.keyword.WebUiBuiltInKeywords.modifyObjectProperty(batch, "xpath", "equals", "//*[@id = "txtbthqty" + row + ""]", true): Modify property of object successfully

2018-05-23 09:54:45 - [MESSAGE][PASSED] - Modify property of object successfully

2018-05-23 09:54:45 - [TEST_STEP][PASSED] - Statement - batchqty = com.kms.katalon.core.webui.keyword.WebUiBuiltInKeywords.getAttribute(batch, "value").trim(): Attribute 'value' of object '' is: '3800'

2018-05-23 09:54:45 - [MESSAGE][PASSED] - Attribute 'value' of object '' is: '3800'

2018-05-23 09:54:45 - [TEST_STEP][PASSED] - Statement - Rqty = 100: null

2018-05-23 09:54:45 - [TEST_STEP][PASSED] - delay: Delayed 2 second(s)

2018-05-23 09:54:47 - [MESSAGE][PASSED] - Delayed 2 second(s)

2018-05-23 09:54:47 - [TEST_STEP][PASSED] - Statement - out.println("BatchQty : " + batchqty): null

2018-05-23 09:54:47 - [TEST_STEP][PASSED] - Statement - out.println("RQty : " + Rqty): null

2018-05-23 09:54:47 - [TEST_STEP][PASSED] - Statement - If (java.lang.Integer.valueOf(batchqty) >= java.lang.Integer.valueOf(Rqty)): null

2018-05-23 09:54:47 - [TEST_STEP][PASSED] - Statement - Break: null

2018-05-23 09:54:47 - [TEST_STEP][PASSED] - Statement - batchlength = new com.kms.katalon.core.testobject.TestObject(): null

2018-05-23 09:54:47 - [TEST_STEP][PASSED] - Statement - batchlength = com.kms.katalon.core.webui.keyword.WebUiBuiltInKeywords.modifyObjectProperty(batchlength, "xpath", "equals", "//*[@id = "fldvendor" + row + ""]", true): Modify property of object successfully

2018-05-23 09:54:47 - [MESSAGE][PASSED] - Modify property of object successfully

2018-05-23 09:54:47 - [TEST_STEP][PASSED] - Statement - batchsize = com.kms.katalon.core.webui.keyword.WebUiBuiltInKeywords.getNumberOfTotalOption(batchlength): 5 options of object '' counted

2018-05-23 09:54:47 - [MESSAGE][PASSED] - 5 options of object '' counted

2018-05-23 09:54:47 - [TEST_STEP][PASSED] - Statement - out.println("BatchSize : " + batchsize): null

2018-05-23 09:54:47 - [TEST_STEP][PASSED] - Statement - For ([n = 1, n <= batchsize - 1, (n++)]): null

2018-05-23 09:54:47 - [TEST_STEP][PASSED] - Statement - product = new com.kms.katalon.core.testobject.TestObject(): null

2018-05-23 09:54:47 - [TEST_STEP][PASSED] - Statement - product = com.kms.katalon.core.webui.keyword.WebUiBuiltInKeywords.modifyObjectProperty(product, "xpath", "equals", "//*[@id = "fldvendor" + row + ""]", true): Modify property of object successfully

2018-05-23 09:54:47 - [MESSAGE][PASSED] - Modify property of object successfully

2018-05-23 09:54:47 - [TEST_STEP][PASSED] - selectOptionByIndex: All options with index in [1] are selected on object ''

2018-05-23 09:54:47 - [MESSAGE][PASSED] - All options with index in [1] are selected on object ''

2018-05-23 09:54:47 - [TEST_STEP][PASSED] - Statement - batch = new com.kms.katalon.core.testobject.TestObject(): null

2018-05-23 09:54:47 - [TEST_STEP][PASSED] - Statement - batch = com.kms.katalon.core.webui.keyword.WebUiBuiltInKeywords.modifyObjectProperty(batch, "xpath", "equals", "//*[@id = "txtbthqty" + row + ""]", true): Modify property of object successfully

2018-05-23 09:54:47 - [MESSAGE][PASSED] - Modify property of object successfully

2018-05-23 09:54:47 - [TEST_STEP][PASSED] - Statement - batchqty = com.kms.katalon.core.webui.keyword.WebUiBuiltInKeywords.getAttribute(batch, "value").trim(): Attribute 'value' of object '' is: '38500'

2018-05-23 09:54:47 - [MESSAGE][PASSED] - Attribute 'value' of object '' is: '38500'

2018-05-23 09:54:47 - [TEST_STEP][PASSED] - Statement - Rqty = 100: null

2018-05-23 09:54:47 - [TEST_STEP][PASSED] - delay: Delayed 2 second(s)

2018-05-23 09:54:49 - [MESSAGE][PASSED] - Delayed 2 second(s)

2018-05-23 09:54:49 - [TEST_STEP][PASSED] - Statement - out.println("BatchQty : " + batchqty): null

2018-05-23 09:54:49 - [TEST_STEP][PASSED] - Statement - out.println("RQty : " + Rqty): null

2018-05-23 09:54:49 - [TEST_STEP][PASSED] - Statement - If (java.lang.Integer.valueOf(batchqty) >= java.lang.Integer.valueOf(Rqty)): null

2018-05-23 09:54:49 - [TEST_STEP][PASSED] - Statement - Break: null

2018-05-23 09:54:49 - [TEST_STEP][PASSED] - Statement - batchlength = new com.kms.katalon.core.testobject.TestObject(): null

2018-05-23 09:54:49 - [TEST_STEP][PASSED] - Statement - batchlength = com.kms.katalon.core.webui.keyword.WebUiBuiltInKeywords.modifyObjectProperty(batchlength, "xpath", "equals", "//*[@id = "fldvendor" + row + ""]", true): Modify property of object successfully

2018-05-23 09:54:49 - [MESSAGE][PASSED] - Modify property of object successfully

2018-05-23 09:54:49 - [TEST_STEP][PASSED] - Statement - batchsize = com.kms.katalon.core.webui.keyword.WebUiBuiltInKeywords.getNumberOfTotalOption(batchlength): 5 options of object '' counted

2018-05-23 09:54:49 - [MESSAGE][PASSED] - 5 options of object '' counted

2018-05-23 09:54:49 - [TEST_STEP][PASSED] - Statement - out.println("BatchSize : " + batchsize): null

2018-05-23 09:54:49 - [TEST_STEP][PASSED] - Statement - For ([n = 1, n <= batchsize - 1, (n++)]): null

2018-05-23 09:54:49 - [TEST_STEP][PASSED] - Statement - product = new com.kms.katalon.core.testobject.TestObject(): null

2018-05-23 09:54:49 - [TEST_STEP][PASSED] - Statement - product = com.kms.katalon.core.webui.keyword.WebUiBuiltInKeywords.modifyObjectProperty(product, "xpath", "equals", "//*[@id = "fldvendor" + row + ""]", true): Modify property of object successfully

2018-05-23 09:54:49 - [MESSAGE][PASSED] - Modify property of object successfully

2018-05-23 09:54:49 - [TEST_STEP][PASSED] - selectOptionByIndex: All options with index in [1] are selected on object ''

2018-05-23 09:54:49 - [MESSAGE][PASSED] - All options with index in [1] are selected on object ''

2018-05-23 09:54:49 - [TEST_STEP][PASSED] - Statement - batch = new com.kms.katalon.core.testobject.TestObject(): null

2018-05-23 09:54:49 - [TEST_STEP][PASSED] - Statement - batch = com.kms.katalon.core.webui.keyword.WebUiBuiltInKeywords.modifyObjectProperty(batch, "xpath", "equals", "//*[@id = "txtbthqty" + row + ""]", true): Modify property of object successfully

2018-05-23 09:54:49 - [MESSAGE][PASSED] - Modify property of object successfully

2018-05-23 09:54:49 - [TEST_STEP][PASSED] - Statement - batchqty = com.kms.katalon.core.webui.keyword.WebUiBuiltInKeywords.getAttribute(batch, "value").trim(): Attribute 'value' of object '' is: '4800'

2018-05-23 09:54:49 - [MESSAGE][PASSED] - Attribute 'value' of object '' is: '4800'

2018-05-23 09:54:49 - [TEST_STEP][PASSED] - Statement - Rqty = 100: null

2018-05-23 09:54:49 - [TEST_STEP][PASSED] - delay: Delayed 2 second(s)

2018-05-23 09:54:51 - [MESSAGE][PASSED] - Delayed 2 second(s)

2018-05-23 09:54:51 - [TEST_STEP][PASSED] - Statement - out.println("BatchQty : " + batchqty): null

2018-05-23 09:54:51 - [TEST_STEP][PASSED] - Statement - out.println("RQty : " + Rqty): null

2018-05-23 09:54:51 - [TEST_STEP][PASSED] - Statement - If (java.lang.Integer.valueOf(batchqty) >= java.lang.Integer.valueOf(Rqty)): null

2018-05-23 09:54:51 - [TEST_STEP][PASSED] - Statement - Break: null

2018-05-23 09:54:51 - [TEST_STEP][PASSED] - Statement - batchlength = new com.kms.katalon.core.testobject.TestObject(): null

2018-05-23 09:54:51 - [TEST_STEP][PASSED] - Statement - batchlength = com.kms.katalon.core.webui.keyword.WebUiBuiltInKeywords.modifyObjectProperty(batchlength, "xpath", "equals", "//*[@id = "fldvendor" + row + ""]", true): Modify property of object successfully

2018-05-23 09:54:51 - [MESSAGE][PASSED] - Modify property of object successfully

2018-05-23 09:54:51 - [TEST_STEP][PASSED] - Statement - batchsize = com.kms.katalon.core.webui.keyword.WebUiBuiltInKeywords.getNumberOfTotalOption(batchlength): 5 options of object '' counted

2018-05-23 09:54:52 - [MESSAGE][PASSED] - 5 options of object '' counted

2018-05-23 09:54:52 - [TEST_STEP][PASSED] - Statement - out.println("BatchSize : " + batchsize): null

2018-05-23 09:54:52 - [TEST_STEP][PASSED] - Statement - For ([n = 1, n <= batchsize - 1, (n++)]): null

2018-05-23 09:54:52 - [TEST_STEP][PASSED] - Statement - product = new com.kms.katalon.core.testobject.TestObject(): null

2018-05-23 09:54:52 - [TEST_STEP][PASSED] - Statement - product = com.kms.katalon.core.webui.keyword.WebUiBuiltInKeywords.modifyObjectProperty(product, "xpath", "equals", "//*[@id = "fldvendor" + row + ""]", true): Modify property of object successfully

2018-05-23 09:54:52 - [MESSAGE][PASSED] - Modify property of object successfully

2018-05-23 09:54:52 - [TEST_STEP][PASSED] - selectOptionByIndex: All options with index in [1] are selected on object ''

2018-05-23 09:54:52 - [MESSAGE][PASSED] - All options with index in [1] are selected on object ''

2018-05-23 09:54:52 - [TEST_STEP][PASSED] - Statement - batch = new com.kms.katalon.core.testobject.TestObject(): null

2018-05-23 09:54:52 - [TEST_STEP][PASSED] - Statement - batch = com.kms.katalon.core.webui.keyword.WebUiBuiltInKeywords.modifyObjectProperty(batch, "xpath", "equals", "//*[@id = "txtbthqty" + row + ""]", true): Modify property of object successfully

2018-05-23 09:54:52 - [MESSAGE][PASSED] - Modify property of object successfully

2018-05-23 09:54:52 - [TEST_STEP][PASSED] - Statement - batchqty = com.kms.katalon.core.webui.keyword.WebUiBuiltInKeywords.getAttribute(batch, "value").trim(): Attribute 'value' of object '' is: '4800'

2018-05-23 09:54:52 - [MESSAGE][PASSED] - Attribute 'value' of object '' is: '4800'

2018-05-23 09:54:52 - [TEST_STEP][PASSED] - Statement - Rqty = 100: null

2018-05-23 09:54:52 - [TEST_STEP][PASSED] - delay: Delayed 2 second(s)

2018-05-23 09:54:54 - [MESSAGE][PASSED] - Delayed 2 second(s)

2018-05-23 09:54:54 - [TEST_STEP][PASSED] - Statement - out.println("BatchQty : " + batchqty): null

2018-05-23 09:54:54 - [TEST_STEP][PASSED] - Statement - out.println("RQty : " + Rqty): null

2018-05-23 09:54:54 - [TEST_STEP][PASSED] - Statement - If (java.lang.Integer.valueOf(batchqty) >= java.lang.Integer.valueOf(Rqty)): null

2018-05-23 09:54:54 - [TEST_STEP][PASSED] - Statement - Break: null

2018-05-23 09:54:54 - [TEST_STEP][PASSED] - Statement - batchlength = new com.kms.katalon.core.testobject.TestObject(): null

2018-05-23 09:54:54 - [TEST_STEP][PASSED] - Statement - batchlength = com.kms.katalon.core.webui.keyword.WebUiBuiltInKeywords.modifyObjectProperty(batchlength, "xpath", "equals", "//*[@id = "fldvendor" + row + ""]", true): Modify property of object successfully

2018-05-23 09:54:54 - [MESSAGE][PASSED] - Modify property of object successfully

2018-05-23 09:54:54 - [TEST_STEP][PASSED] - Statement - batchsize = com.kms.katalon.core.webui.keyword.WebUiBuiltInKeywords.getNumberOfTotalOption(batchlength): 5 options of object '' counted

2018-05-23 09:54:54 - [MESSAGE][PASSED] - 5 options of object '' counted

2018-05-23 09:54:54 - [TEST_STEP][PASSED] - Statement - out.println("BatchSize : " + batchsize): null

2018-05-23 09:54:54 - [TEST_STEP][PASSED] - Statement - For ([n = 1, n <= batchsize - 1, (n++)]): null

2018-05-23 09:54:54 - [TEST_STEP][PASSED] - Statement - product = new com.kms.katalon.core.testobject.TestObject(): null

2018-05-23 09:54:54 - [TEST_STEP][PASSED] - Statement - product = com.kms.katalon.core.webui.keyword.WebUiBuiltInKeywords.modifyObjectProperty(product, "xpath", "equals", "//*[@id = "fldvendor" + row + ""]", true): Modify property of object successfully

2018-05-23 09:54:54 - [MESSAGE][PASSED] - Modify property of object successfully

2018-05-23 09:54:54 - [TEST_STEP][PASSED] - selectOptionByIndex: All options with index in [1] are selected on object ''

2018-05-23 09:54:54 - [MESSAGE][PASSED] - All options with index in [1] are selected on object ''

2018-05-23 09:54:54 - [TEST_STEP][PASSED] - Statement - batch = new com.kms.katalon.core.testobject.TestObject(): null

2018-05-23 09:54:54 - [TEST_STEP][PASSED] - Statement - batch = com.kms.katalon.core.webui.keyword.WebUiBuiltInKeywords.modifyObjectProperty(batch, "xpath", "equals", "//*[@id = "txtbthqty" + row + ""]", true): Modify property of object successfully

2018-05-23 09:54:54 - [MESSAGE][PASSED] - Modify property of object successfully

2018-05-23 09:54:54 - [TEST_STEP][PASSED] - Statement - batchqty = com.kms.katalon.core.webui.keyword.WebUiBuiltInKeywords.getAttribute(batch, "value").trim(): Attribute 'value' of object '' is: '4800'

2018-05-23 09:54:54 - [MESSAGE][PASSED] - Attribute 'value' of object '' is: '4800'

2018-05-23 09:54:54 - [TEST_STEP][PASSED] - Statement - Rqty = 100: null

2018-05-23 09:54:54 - [TEST_STEP][PASSED] - delay: Delayed 2 second(s)

2018-05-23 09:54:56 - [MESSAGE][PASSED] - Delayed 2 second(s)

2018-05-23 09:54:56 - [TEST_STEP][PASSED] - Statement - out.println("BatchQty : " + batchqty): null

2018-05-23 09:54:56 - [TEST_STEP][PASSED] - Statement - out.println("RQty : " + Rqty): null

2018-05-23 09:54:56 - [TEST_STEP][PASSED] - Statement - If (java.lang.Integer.valueOf(batchqty) >= java.lang.Integer.valueOf(Rqty)): null

2018-05-23 09:54:56 - [TEST_STEP][PASSED] - Statement - Break: null

2018-05-23 09:54:56 - [TEST_STEP][PASSED] - Statement - batchlength = new com.kms.katalon.core.testobject.TestObject(): null

2018-05-23 09:54:56 - [TEST_STEP][PASSED] - Statement - batchlength = com.kms.katalon.core.webui.keyword.WebUiBuiltInKeywords.modifyObjectProperty(batchlength, "xpath", "equals", "//*[@id = "fldvendor" + row + ""]", true): Modify property of object successfully

2018-05-23 09:54:56 - [MESSAGE][PASSED] - Modify property of object successfully

2018-05-23 09:54:56 - [TEST_STEP][PASSED] - Statement - batchsize = com.kms.katalon.core.webui.keyword.WebUiBuiltInKeywords.getNumberOfTotalOption(batchlength): 5 options of object '' counted

2018-05-23 09:54:56 - [MESSAGE][PASSED] - 5 options of object '' counted

2018-05-23 09:54:56 - [TEST_STEP][PASSED] - Statement - out.println("BatchSize : " + batchsize): null

2018-05-23 09:54:56 - [TEST_STEP][PASSED] - Statement - For ([n = 1, n <= batchsize - 1, (n++)]): null

2018-05-23 09:54:56 - [TEST_STEP][PASSED] - Statement - product = new com.kms.katalon.core.testobject.TestObject(): null

2018-05-23 09:54:56 - [TEST_STEP][PASSED] - Statement - product = com.kms.katalon.core.webui.keyword.WebUiBuiltInKeywords.modifyObjectProperty(product, "xpath", "equals", "//*[@id = "fldvendor" + row + ""]", true): Modify property of object successfully

2018-05-23 09:54:56 - [MESSAGE][PASSED] - Modify property of object successfully

2018-05-23 09:54:56 - [TEST_STEP][PASSED] - selectOptionByIndex: All options with index in [1] are selected on object ''

2018-05-23 09:54:56 - [MESSAGE][PASSED] - All options with index in [1] are selected on object ''

2018-05-23 09:54:56 - [TEST_STEP][PASSED] - Statement - batch = new com.kms.katalon.core.testobject.TestObject(): null

2018-05-23 09:54:56 - [TEST_STEP][PASSED] - Statement - batch = com.kms.katalon.core.webui.keyword.WebUiBuiltInKeywords.modifyObjectProperty(batch, "xpath", "equals", "//*[@id = "txtbthqty" + row + ""]", true): Modify property of object successfully

2018-05-23 09:54:56 - [MESSAGE][PASSED] - Modify property of object successfully

2018-05-23 09:54:56 - [TEST_STEP][PASSED] - Statement - batchqty = com.kms.katalon.core.webui.keyword.WebUiBuiltInKeywords.getAttribute(batch, "value").trim(): Attribute 'value' of object '' is: '3800'

2018-05-23 09:54:56 - [MESSAGE][PASSED] - Attribute 'value' of object '' is: '3800'

2018-05-23 09:54:56 - [TEST_STEP][PASSED] - Statement - Rqty = 100: null

2018-05-23 09:54:56 - [TEST_STEP][PASSED] - delay: Delayed 2 second(s)

2018-05-23 09:54:58 - [MESSAGE][PASSED] - Delayed 2 second(s)

2018-05-23 09:54:58 - [TEST_STEP][PASSED] - Statement - out.println("BatchQty : " + batchqty): null

2018-05-23 09:54:58 - [TEST_STEP][PASSED] - Statement - out.println("RQty : " + Rqty): null

2018-05-23 09:54:58 - [TEST_STEP][PASSED] - Statement - If (java.lang.Integer.valueOf(batchqty) >= java.lang.Integer.valueOf(Rqty)): null

2018-05-23 09:54:58 - [TEST_STEP][PASSED] - Statement - Break: null

2018-05-23 09:54:58 - [TEST_STEP][PASSED] - Statement - batchlength = new com.kms.katalon.core.testobject.TestObject(): null

2018-05-23 09:54:58 - [TEST_STEP][PASSED] - Statement - batchlength = com.kms.katalon.core.webui.keyword.WebUiBuiltInKeywords.modifyObjectProperty(batchlength, "xpath", "equals", "//*[@id = "fldvendor" + row + ""]", true): Modify property of object successfully

2018-05-23 09:54:58 - [MESSAGE][PASSED] - Modify property of object successfully

2018-05-23 09:54:58 - [TEST_STEP][PASSED] - Statement - batchsize = com.kms.katalon.core.webui.keyword.WebUiBuiltInKeywords.getNumberOfTotalOption(batchlength): 5 options of object '' counted

2018-05-23 09:54:58 - [MESSAGE][PASSED] - 5 options of object '' counted

2018-05-23 09:54:58 - [TEST_STEP][PASSED] - Statement - out.println("BatchSize : " + batchsize): null

2018-05-23 09:54:58 - [TEST_STEP][PASSED] - Statement - For ([n = 1, n <= batchsize - 1, (n++)]): null

2018-05-23 09:54:58 - [TEST_STEP][PASSED] - Statement - product = new com.kms.katalon.core.testobject.TestObject(): null

2018-05-23 09:54:58 - [TEST_STEP][PASSED] - Statement - product = com.kms.katalon.core.webui.keyword.WebUiBuiltInKeywords.modifyObjectProperty(product, "xpath", "equals", "//*[@id = "fldvendor" + row + ""]", true): Modify property of object successfully

2018-05-23 09:54:58 - [MESSAGE][PASSED] - Modify property of object successfully

2018-05-23 09:54:58 - [TEST_STEP][PASSED] - selectOptionByIndex: All options with index in [1] are selected on object ''

2018-05-23 09:54:58 - [MESSAGE][PASSED] - All options with index in [1] are selected on object ''

2018-05-23 09:54:58 - [TEST_STEP][PASSED] - Statement - batch = new com.kms.katalon.core.testobject.TestObject(): null

2018-05-23 09:54:58 - [TEST_STEP][PASSED] - Statement - batch = com.kms.katalon.core.webui.keyword.WebUiBuiltInKeywords.modifyObjectProperty(batch, "xpath", "equals", "//*[@id = "txtbthqty" + row + ""]", true): Modify property of object successfully

2018-05-23 09:54:58 - [MESSAGE][PASSED] - Modify property of object successfully

2018-05-23 09:54:58 - [TEST_STEP][PASSED] - Statement - batchqty = com.kms.katalon.core.webui.keyword.WebUiBuiltInKeywords.getAttribute(batch, "value").trim(): Attribute 'value' of object '' is: '4800'

2018-05-23 09:54:58 - [MESSAGE][PASSED] - Attribute 'value' of object '' is: '4800'

2018-05-23 09:54:58 - [TEST_STEP][PASSED] - Statement - Rqty = 100: null

2018-05-23 09:54:58 - [TEST_STEP][PASSED] - delay: Delayed 2 second(s)

2018-05-23 09:55:00 - [MESSAGE][PASSED] - Delayed 2 second(s)

2018-05-23 09:55:00 - [TEST_STEP][PASSED] - Statement - out.println("BatchQty : " + batchqty): null

2018-05-23 09:55:00 - [TEST_STEP][PASSED] - Statement - out.println("RQty : " + Rqty): null

2018-05-23 09:55:00 - [TEST_STEP][PASSED] - Statement - If (java.lang.Integer.valueOf(batchqty) >= java.lang.Integer.valueOf(Rqty)): null

2018-05-23 09:55:00 - [TEST_STEP][PASSED] - Statement - Break: null

2018-05-23 09:55:00 - [TEST_STEP][PASSED] - Statement - batchlength = new com.kms.katalon.core.testobject.TestObject(): null

2018-05-23 09:55:00 - [TEST_STEP][PASSED] - Statement - batchlength = com.kms.katalon.core.webui.keyword.WebUiBuiltInKeywords.modifyObjectProperty(batchlength, "xpath", "equals", "//*[@id = "fldvendor" + row + ""]", true): Modify property of object successfully

2018-05-23 09:55:00 - [MESSAGE][PASSED] - Modify property of object successfully

2018-05-23 09:55:00 - [TEST_STEP][PASSED] - Statement - batchsize = com.kms.katalon.core.webui.keyword.WebUiBuiltInKeywords.getNumberOfTotalOption(batchlength): 5 options of object '' counted

2018-05-23 09:55:01 - [MESSAGE][PASSED] - 5 options of object '' counted

2018-05-23 09:55:01 - [TEST_STEP][PASSED] - Statement - out.println("BatchSize : " + batchsize): null

2018-05-23 09:55:01 - [TEST_STEP][PASSED] - Statement - For ([n = 1, n <= batchsize - 1, (n++)]): null

2018-05-23 09:55:01 - [TEST_STEP][PASSED] - Statement - product = new com.kms.katalon.core.testobject.TestObject(): null

2018-05-23 09:55:01 - [TEST_STEP][PASSED] - Statement - product = com.kms.katalon.core.webui.keyword.WebUiBuiltInKeywords.modifyObjectProperty(product, "xpath", "equals", "//*[@id = "fldvendor" + row + ""]", true): Modify property of object successfully

2018-05-23 09:55:01 - [MESSAGE][PASSED] - Modify property of object successfully

2018-05-23 09:55:01 - [TEST_STEP][PASSED] - selectOptionByIndex: All options with index in [1] are selected on object ''

2018-05-23 09:55:01 - [MESSAGE][PASSED] - All options with index in [1] are selected on object ''

2018-05-23 09:55:01 - [TEST_STEP][PASSED] - Statement - batch = new com.kms.katalon.core.testobject.TestObject(): null

2018-05-23 09:55:01 - [TEST_STEP][PASSED] - Statement - batch = com.kms.katalon.core.webui.keyword.WebUiBuiltInKeywords.modifyObjectProperty(batch, "xpath", "equals", "//*[@id = "txtbthqty" + row + ""]", true): Modify property of object successfully

2018-05-23 09:55:01 - [MESSAGE][PASSED] - Modify property of object successfully

2018-05-23 09:55:01 - [TEST_STEP][PASSED] - Statement - batchqty = com.kms.katalon.core.webui.keyword.WebUiBuiltInKeywords.getAttribute(batch, "value").trim(): Attribute 'value' of object '' is: '4800'

2018-05-23 09:55:01 - [MESSAGE][PASSED] - Attribute 'value' of object '' is: '4800'

2018-05-23 09:55:01 - [TEST_STEP][PASSED] - Statement - Rqty = 100: null

2018-05-23 09:55:01 - [TEST_STEP][PASSED] - delay: Delayed 2 second(s)

2018-05-23 09:55:03 - [MESSAGE][PASSED] - Delayed 2 second(s)

2018-05-23 09:55:03 - [TEST_STEP][PASSED] - Statement - out.println("BatchQty : " + batchqty): null

2018-05-23 09:55:03 - [TEST_STEP][PASSED] - Statement - out.println("RQty : " + Rqty): null

2018-05-23 09:55:03 - [TEST_STEP][PASSED] - Statement - If (java.lang.Integer.valueOf(batchqty) >= java.lang.Integer.valueOf(Rqty)): null

2018-05-23 09:55:03 - [TEST_STEP][PASSED] - Statement - Break: null

2018-05-23 09:55:03 - [TEST_STEP][PASSED] - Statement - batchlength = new com.kms.katalon.core.testobject.TestObject(): null

2018-05-23 09:55:03 - [TEST_STEP][PASSED] - Statement - batchlength = com.kms.katalon.core.webui.keyword.WebUiBuiltInKeywords.modifyObjectProperty(batchlength, "xpath", "equals", "//*[@id = "fldvendor" + row + ""]", true): Modify property of object successfully

2018-05-23 09:55:03 - [MESSAGE][PASSED] - Modify property of object successfully

2018-05-23 09:55:03 - [TEST_STEP][PASSED] - Statement - batchsize = com.kms.katalon.core.webui.keyword.WebUiBuiltInKeywords.getNumberOfTotalOption(batchlength): 5 options of object '' counted

2018-05-23 09:55:03 - [MESSAGE][PASSED] - 5 options of object '' counted

2018-05-23 09:55:03 - [TEST_STEP][PASSED] - Statement - out.println("BatchSize : " + batchsize): null

2018-05-23 09:55:03 - [TEST_STEP][PASSED] - Statement - For ([n = 1, n <= batchsize - 1, (n++)]): null

2018-05-23 09:55:03 - [TEST_STEP][PASSED] - Statement - product = new com.kms.katalon.core.testobject.TestObject(): null

2018-05-23 09:55:03 - [TEST_STEP][PASSED] - Statement - product = com.kms.katalon.core.webui.keyword.WebUiBuiltInKeywords.modifyObjectProperty(product, "xpath", "equals", "//*[@id = "fldvendor" + row + ""]", true): Modify property of object successfully

2018-05-23 09:55:03 - [MESSAGE][PASSED] - Modify property of object successfully

2018-05-23 09:55:03 - [TEST_STEP][PASSED] - selectOptionByIndex: All options with index in [1] are selected on object ''

2018-05-23 09:55:03 - [MESSAGE][PASSED] - All options with index in [1] are selected on object ''

2018-05-23 09:55:03 - [TEST_STEP][PASSED] - Statement - batch = new com.kms.katalon.core.testobject.TestObject(): null

2018-05-23 09:55:03 - [TEST_STEP][PASSED] - Statement - batch = com.kms.katalon.core.webui.keyword.WebUiBuiltInKeywords.modifyObjectProperty(batch, "xpath", "equals", "//*[@id = "txtbthqty" + row + ""]", true): Modify property of object successfully

2018-05-23 09:55:03 - [MESSAGE][PASSED] - Modify property of object successfully

2018-05-23 09:55:03 - [TEST_STEP][PASSED] - Statement - batchqty = com.kms.katalon.core.webui.keyword.WebUiBuiltInKeywords.getAttribute(batch, "value").trim(): Attribute 'value' of object '' is: '38500'

2018-05-23 09:55:03 - [MESSAGE][PASSED] - Attribute 'value' of object '' is: '38500'

2018-05-23 09:55:03 - [TEST_STEP][PASSED] - Statement - Rqty = 100: null

2018-05-23 09:55:03 - [TEST_STEP][PASSED] - delay: Delayed 2 second(s)

2018-05-23 09:55:05 - [MESSAGE][PASSED] - Delayed 2 second(s)

2018-05-23 09:55:05 - [TEST_STEP][PASSED] - Statement - out.println("BatchQty : " + batchqty): null

2018-05-23 09:55:05 - [TEST_STEP][PASSED] - Statement - out.println("RQty : " + Rqty): null

2018-05-23 09:55:05 - [TEST_STEP][PASSED] - Statement - If (java.lang.Integer.valueOf(batchqty) >= java.lang.Integer.valueOf(Rqty)): null

2018-05-23 09:55:05 - [TEST_STEP][PASSED] - Statement - Break: null

2018-05-23 09:55:05 - [TEST_STEP][PASSED] - Statement - batchlength = new com.kms.katalon.core.testobject.TestObject(): null

2018-05-23 09:55:05 - [TEST_STEP][PASSED] - Statement - batchlength = com.kms.katalon.core.webui.keyword.WebUiBuiltInKeywords.modifyObjectProperty(batchlength, "xpath", "equals", "//*[@id = "fldvendor" + row + ""]", true): Modify property of object successfully

2018-05-23 09:55:05 - [MESSAGE][PASSED] - Modify property of object successfully

2018-05-23 09:55:05 - [TEST_STEP][PASSED] - Statement - batchsize = com.kms.katalon.core.webui.keyword.WebUiBuiltInKeywords.getNumberOfTotalOption(batchlength): 5 options of object '' counted

2018-05-23 09:55:05 - [MESSAGE][PASSED] - 5 options of object '' counted

2018-05-23 09:55:05 - [TEST_STEP][PASSED] - Statement - out.println("BatchSize : " + batchsize): null

2018-05-23 09:55:05 - [TEST_STEP][PASSED] - Statement - For ([n = 1, n <= batchsize - 1, (n++)]): null

2018-05-23 09:55:05 - [TEST_STEP][PASSED] - Statement - product = new com.kms.katalon.core.testobject.TestObject(): null

2018-05-23 09:55:05 - [TEST_STEP][PASSED] - Statement - product = com.kms.katalon.core.webui.keyword.WebUiBuiltInKeywords.modifyObjectProperty(product, "xpath", "equals", "//*[@id = "fldvendor" + row + ""]", true): Modify property of object successfully

2018-05-23 09:55:05 - [MESSAGE][PASSED] - Modify property of object successfully

2018-05-23 09:55:05 - [TEST_STEP][PASSED] - selectOptionByIndex: All options with index in [1] are selected on object ''

2018-05-23 09:55:05 - [MESSAGE][PASSED] - All options with index in [1] are selected on object ''

2018-05-23 09:55:05 - [TEST_STEP][PASSED] - Statement - batch = new com.kms.katalon.core.testobject.TestObject(): null

2018-05-23 09:55:05 - [TEST_STEP][PASSED] - Statement - batch = com.kms.katalon.core.webui.keyword.WebUiBuiltInKeywords.modifyObjectProperty(batch, "xpath", "equals", "//*[@id = "txtbthqty" + row + ""]", true): Modify property of object successfully

2018-05-23 09:55:05 - [MESSAGE][PASSED] - Modify property of object successfully

2018-05-23 09:55:05 - [TEST_STEP][PASSED] - Statement - batchqty = com.kms.katalon.core.webui.keyword.WebUiBuiltInKeywords.getAttribute(batch, "value").trim(): Attribute 'value' of object '' is: '3800'

2018-05-23 09:55:05 - [MESSAGE][PASSED] - Attribute 'value' of object '' is: '3800'

2018-05-23 09:55:05 - [TEST_STEP][PASSED] - Statement - Rqty = 100: null

2018-05-23 09:55:05 - [TEST_STEP][PASSED] - delay: Delayed 2 second(s)

2018-05-23 09:55:07 - [MESSAGE][PASSED] - Delayed 2 second(s)

2018-05-23 09:55:07 - [TEST_STEP][PASSED] - Statement - out.println("BatchQty : " + batchqty): null

2018-05-23 09:55:07 - [TEST_STEP][PASSED] - Statement - out.println("RQty : " + Rqty): null

2018-05-23 09:55:07 - [TEST_STEP][PASSED] - Statement - If (java.lang.Integer.valueOf(batchqty) >= java.lang.Integer.valueOf(Rqty)): null

2018-05-23 09:55:07 - [TEST_STEP][PASSED] - Statement - Break: null

2018-05-23 09:55:07 - [TEST_STEP][PASSED] - Statement - batchlength = new com.kms.katalon.core.testobject.TestObject(): null

2018-05-23 09:55:07 - [TEST_STEP][PASSED] - Statement - batchlength = com.kms.katalon.core.webui.keyword.WebUiBuiltInKeywords.modifyObjectProperty(batchlength, "xpath", "equals", "//*[@id = "fldvendor" + row + ""]", true): Modify property of object successfully

2018-05-23 09:55:07 - [MESSAGE][PASSED] - Modify property of object successfully

2018-05-23 09:55:07 - [TEST_STEP][PASSED] - Statement - batchsize = com.kms.katalon.core.webui.keyword.WebUiBuiltInKeywords.getNumberOfTotalOption(batchlength): 5 options of object '' counted

2018-05-23 09:55:07 - [MESSAGE][PASSED] - 5 options of object '' counted

2018-05-23 09:55:07 - [TEST_STEP][PASSED] - Statement - out.println("BatchSize : " + batchsize): null

2018-05-23 09:55:07 - [TEST_STEP][PASSED] - Statement - For ([n = 1, n <= batchsize - 1, (n++)]): null

2018-05-23 09:55:07 - [TEST_STEP][PASSED] - Statement - product = new com.kms.katalon.core.testobject.TestObject(): null

2018-05-23 09:55:07 - [TEST_STEP][PASSED] - Statement - product = com.kms.katalon.core.webui.keyword.WebUiBuiltInKeywords.modifyObjectProperty(product, "xpath", "equals", "//*[@id = "fldvendor" + row + ""]", true): Modify property of object successfully

2018-05-23 09:55:07 - [MESSAGE][PASSED] - Modify property of object successfully

2018-05-23 09:55:07 - [TEST_STEP][PASSED] - selectOptionByIndex: All options with index in [1] are selected on object ''

2018-05-23 09:55:07 - [MESSAGE][PASSED] - All options with index in [1] are selected on object ''

2018-05-23 09:55:07 - [TEST_STEP][PASSED] - Statement - batch = new com.kms.katalon.core.testobject.TestObject(): null

2018-05-23 09:55:07 - [TEST_STEP][PASSED] - Statement - batch = com.kms.katalon.core.webui.keyword.WebUiBuiltInKeywords.modifyObjectProperty(batch, "xpath", "equals", "//*[@id = "txtbthqty" + row + ""]", true): Modify property of object successfully

2018-05-23 09:55:07 - [MESSAGE][PASSED] - Modify property of object successfully

2018-05-23 09:55:07 - [TEST_STEP][PASSED] - Statement - batchqty = com.kms.katalon.core.webui.keyword.WebUiBuiltInKeywords.getAttribute(batch, "value").trim(): Attribute 'value' of object '' is: '4800'

2018-05-23 09:55:07 - [MESSAGE][PASSED] - Attribute 'value' of object '' is: '4800'

2018-05-23 09:55:07 - [TEST_STEP][PASSED] - Statement - Rqty = 100: null

2018-05-23 09:55:07 - [TEST_STEP][PASSED] - delay: Delayed 2 second(s)

2018-05-23 09:55:09 - [MESSAGE][PASSED] - Delayed 2 second(s)

2018-05-23 09:55:09 - [TEST_STEP][PASSED] - Statement - out.println("BatchQty : " + batchqty): null

2018-05-23 09:55:09 - [TEST_STEP][PASSED] - Statement - out.println("RQty : " + Rqty): null

2018-05-23 09:55:09 - [TEST_STEP][PASSED] - Statement - If (java.lang.Integer.valueOf(batchqty) >= java.lang.Integer.valueOf(Rqty)): null

2018-05-23 09:55:09 - [TEST_STEP][PASSED] - Statement - Break: null

2018-05-23 09:55:09 - [TEST_STEP][PASSED] - Statement - batchlength = new com.kms.katalon.core.testobject.TestObject(): null

2018-05-23 09:55:09 - [TEST_STEP][PASSED] - Statement - batchlength = com.kms.katalon.core.webui.keyword.WebUiBuiltInKeywords.modifyObjectProperty(batchlength, "xpath", "equals", "//*[@id = "fldvendor" + row + ""]", true): Modify property of object successfully

2018-05-23 09:55:09 - [MESSAGE][PASSED] - Modify property of object successfully

2018-05-23 09:55:09 - [TEST_STEP][PASSED] - Statement - batchsize = com.kms.katalon.core.webui.keyword.WebUiBuiltInKeywords.getNumberOfTotalOption(batchlength): 5 options of object '' counted

2018-05-23 09:55:10 - [MESSAGE][PASSED] - 5 options of object '' counted

2018-05-23 09:55:10 - [TEST_STEP][PASSED] - Statement - out.println("BatchSize : " + batchsize): null

2018-05-23 09:55:10 - [TEST_STEP][PASSED] - Statement - For ([n = 1, n <= batchsize - 1, (n++)]): null

2018-05-23 09:55:10 - [TEST_STEP][PASSED] - Statement - product = new com.kms.katalon.core.testobject.TestObject(): null

2018-05-23 09:55:10 - [TEST_STEP][PASSED] - Statement - product = com.kms.katalon.core.webui.keyword.WebUiBuiltInKeywords.modifyObjectProperty(product, "xpath", "equals", "//*[@id = "fldvendor" + row + ""]", true): Modify property of object successfully

2018-05-23 09:55:10 - [MESSAGE][PASSED] - Modify property of object successfully

2018-05-23 09:55:10 - [TEST_STEP][PASSED] - selectOptionByIndex: All options with index in [1] are selected on object ''

2018-05-23 09:55:10 - [MESSAGE][PASSED] - All options with index in [1] are selected on object ''

2018-05-23 09:55:10 - [TEST_STEP][PASSED] - Statement - batch = new com.kms.katalon.core.testobject.TestObject(): null

2018-05-23 09:55:10 - [TEST_STEP][PASSED] - Statement - batch = com.kms.katalon.core.webui.keyword.WebUiBuiltInKeywords.modifyObjectProperty(batch, "xpath", "equals", "//*[@id = "txtbthqty" + row + ""]", true): Modify property of object successfully

2018-05-23 09:55:10 - [MESSAGE][PASSED] - Modify property of object successfully

2018-05-23 09:55:10 - [TEST_STEP][PASSED] - Statement - batchqty = com.kms.katalon.core.webui.keyword.WebUiBuiltInKeywords.getAttribute(batch, "value").trim(): Attribute 'value' of object '' is: '38500'

2018-05-23 09:55:10 - [MESSAGE][PASSED] - Attribute 'value' of object '' is: '38500'

2018-05-23 09:55:10 - [TEST_STEP][PASSED] - Statement - Rqty = 100: null

2018-05-23 09:55:10 - [TEST_STEP][PASSED] - delay: Delayed 2 second(s)

2018-05-23 09:55:12 - [MESSAGE][PASSED] - Delayed 2 second(s)

2018-05-23 09:55:12 - [TEST_STEP][PASSED] - Statement - out.println("BatchQty : " + batchqty): null

2018-05-23 09:55:12 - [TEST_STEP][PASSED] - Statement - out.println("RQty : " + Rqty): null

2018-05-23 09:55:12 - [TEST_STEP][PASSED] - Statement - If (java.lang.Integer.valueOf(batchqty) >= java.lang.Integer.valueOf(Rqty)): null

2018-05-23 09:55:12 - [TEST_STEP][PASSED] - Statement - Break: null

2018-05-23 09:55:12 - [TEST_STEP][PASSED] - Statement - batchlength = new com.kms.katalon.core.testobject.TestObject(): null

2018-05-23 09:55:12 - [TEST_STEP][PASSED] - Statement - batchlength = com.kms.katalon.core.webui.keyword.WebUiBuiltInKeywords.modifyObjectProperty(batchlength, "xpath", "equals", "//*[@id = "fldvendor" + row + ""]", true): Modify property of object successfully

2018-05-23 09:55:12 - [MESSAGE][PASSED] - Modify property of object successfully

2018-05-23 09:55:12 - [TEST_STEP][PASSED] - Statement - batchsize = com.kms.katalon.core.webui.keyword.WebUiBuiltInKeywords.getNumberOfTotalOption(batchlength): 5 options of object '' counted

2018-05-23 09:55:12 - [MESSAGE][PASSED] - 5 options of object '' counted

2018-05-23 09:55:12 - [TEST_STEP][PASSED] - Statement - out.println("BatchSize : " + batchsize): null

2018-05-23 09:55:12 - [TEST_STEP][PASSED] - Statement - For ([n = 1, n <= batchsize - 1, (n++)]): null

2018-05-23 09:55:12 - [TEST_STEP][PASSED] - Statement - product = new com.kms.katalon.core.testobject.TestObject(): null

2018-05-23 09:55:12 - [TEST_STEP][PASSED] - Statement - product = com.kms.katalon.core.webui.keyword.WebUiBuiltInKeywords.modifyObjectProperty(product, "xpath", "equals", "//*[@id = "fldvendor" + row + ""]", true): Modify property of object successfully

2018-05-23 09:55:12 - [MESSAGE][PASSED] - Modify property of object successfully

2018-05-23 09:55:12 - [TEST_STEP][PASSED] - selectOptionByIndex: All options with index in [1] are selected on object ''

2018-05-23 09:55:12 - [MESSAGE][PASSED] - All options with index in [1] are selected on object ''

2018-05-23 09:55:12 - [TEST_STEP][PASSED] - Statement - batch = new com.kms.katalon.core.testobject.TestObject(): null

2018-05-23 09:55:12 - [TEST_STEP][PASSED] - Statement - batch = com.kms.katalon.core.webui.keyword.WebUiBuiltInKeywords.modifyObjectProperty(batch, "xpath", "equals", "//*[@id = "txtbthqty" + row + ""]", true): Modify property of object successfully

2018-05-23 09:55:12 - [MESSAGE][PASSED] - Modify property of object successfully

2018-05-23 09:55:12 - [TEST_STEP][PASSED] - Statement - batchqty = com.kms.katalon.core.webui.keyword.WebUiBuiltInKeywords.getAttribute(batch, "value").trim(): Attribute 'value' of object '' is: '38500'

2018-05-23 09:55:12 - [MESSAGE][PASSED] - Attribute 'value' of object '' is: '38500'

2018-05-23 09:55:12 - [TEST_STEP][PASSED] - Statement - Rqty = 100: null

2018-05-23 09:55:12 - [TEST_STEP][PASSED] - delay: Delayed 2 second(s)

2018-05-23 09:55:14 - [MESSAGE][PASSED] - Delayed 2 second(s)

2018-05-23 09:55:14 - [TEST_STEP][PASSED] - Statement - out.println("BatchQty : " + batchqty): null

2018-05-23 09:55:14 - [TEST_STEP][PASSED] - Statement - out.println("RQty : " + Rqty): null

2018-05-23 09:55:14 - [TEST_STEP][PASSED] - Statement - If (java.lang.Integer.valueOf(batchqty) >= java.lang.Integer.valueOf(Rqty)): null

2018-05-23 09:55:14 - [TEST_STEP][PASSED] - Statement - Break: null

2018-05-23 09:55:14 - [TEST_STEP][PASSED] - Statement - batchlength = new com.kms.katalon.core.testobject.TestObject(): null

2018-05-23 09:55:14 - [TEST_STEP][PASSED] - Statement - batchlength = com.kms.katalon.core.webui.keyword.WebUiBuiltInKeywords.modifyObjectProperty(batchlength, "xpath", "equals", "//*[@id = "fldvendor" + row + ""]", true): Modify property of object successfully

2018-05-23 09:55:14 - [MESSAGE][PASSED] - Modify property of object successfully

2018-05-23 09:55:14 - [TEST_STEP][PASSED] - Statement - batchsize = com.kms.katalon.core.webui.keyword.WebUiBuiltInKeywords.getNumberOfTotalOption(batchlength): 5 options of object '' counted

2018-05-23 09:55:14 - [MESSAGE][PASSED] - 5 options of object '' counted

2018-05-23 09:55:14 - [TEST_STEP][PASSED] - Statement - out.println("BatchSize : " + batchsize): null

2018-05-23 09:55:14 - [TEST_STEP][PASSED] - Statement - For ([n = 1, n <= batchsize - 1, (n++)]): null

2018-05-23 09:55:14 - [TEST_STEP][PASSED] - Statement - product = new com.kms.katalon.core.testobject.TestObject(): null

2018-05-23 09:55:14 - [TEST_STEP][PASSED] - Statement - product = com.kms.katalon.core.webui.keyword.WebUiBuiltInKeywords.modifyObjectProperty(product, "xpath", "equals", "//*[@id = "fldvendor" + row + ""]", true): Modify property of object successfully

2018-05-23 09:55:14 - [MESSAGE][PASSED] - Modify property of object successfully

2018-05-23 09:55:14 - [TEST_STEP][PASSED] - selectOptionByIndex: All options with index in [1] are selected on object ''

2018-05-23 09:55:14 - [MESSAGE][PASSED] - All options with index in [1] are selected on object ''

2018-05-23 09:55:14 - [TEST_STEP][PASSED] - Statement - batch = new com.kms.katalon.core.testobject.TestObject(): null

2018-05-23 09:55:14 - [TEST_STEP][PASSED] - Statement - batch = com.kms.katalon.core.webui.keyword.WebUiBuiltInKeywords.modifyObjectProperty(batch, "xpath", "equals", "//*[@id = "txtbthqty" + row + ""]", true): Modify property of object successfully

2018-05-23 09:55:14 - [MESSAGE][PASSED] - Modify property of object successfully

2018-05-23 09:55:14 - [TEST_STEP][PASSED] - Statement - batchqty = com.kms.katalon.core.webui.keyword.WebUiBuiltInKeywords.getAttribute(batch, "value").trim(): Attribute 'value' of object '' is: '38500'

2018-05-23 09:55:14 - [MESSAGE][PASSED] - Attribute 'value' of object '' is: '38500'

2018-05-23 09:55:14 - [TEST_STEP][PASSED] - Statement - Rqty = 100: null

2018-05-23 09:55:14 - [TEST_STEP][PASSED] - delay: Delayed 2 second(s)

2018-05-23 09:55:16 - [MESSAGE][PASSED] - Delayed 2 second(s)

2018-05-23 09:55:16 - [TEST_STEP][PASSED] - Statement - out.println("BatchQty : " + batchqty): null

2018-05-23 09:55:16 - [TEST_STEP][PASSED] - Statement - out.println("RQty : " + Rqty): null

2018-05-23 09:55:16 - [TEST_STEP][PASSED] - Statement - If (java.lang.Integer.valueOf(batchqty) >= java.lang.Integer.valueOf(Rqty)): null

2018-05-23 09:55:16 - [TEST_STEP][PASSED] - Statement - Break: null

2018-05-23 09:55:16 - [TEST_STEP][PASSED] - Statement - batchlength = new com.kms.katalon.core.testobject.TestObject(): null

2018-05-23 09:55:16 - [TEST_STEP][PASSED] - Statement - batchlength = com.kms.katalon.core.webui.keyword.WebUiBuiltInKeywords.modifyObjectProperty(batchlength, "xpath", "equals", "//*[@id = "fldvendor" + row + ""]", true): Modify property of object successfully

2018-05-23 09:55:16 - [MESSAGE][PASSED] - Modify property of object successfully

2018-05-23 09:55:16 - [TEST_STEP][PASSED] - Statement - batchsize = com.kms.katalon.core.webui.keyword.WebUiBuiltInKeywords.getNumberOfTotalOption(batchlength): 5 options of object '' counted

2018-05-23 09:55:16 - [MESSAGE][PASSED] - 5 options of object '' counted

2018-05-23 09:55:16 - [TEST_STEP][PASSED] - Statement - out.println("BatchSize : " + batchsize): null

2018-05-23 09:55:16 - [TEST_STEP][PASSED] - Statement - For ([n = 1, n <= batchsize - 1, (n++)]): null

2018-05-23 09:55:16 - [TEST_STEP][PASSED] - Statement - product = new com.kms.katalon.core.testobject.TestObject(): null

2018-05-23 09:55:16 - [TEST_STEP][PASSED] - Statement - product = com.kms.katalon.core.webui.keyword.WebUiBuiltInKeywords.modifyObjectProperty(product, "xpath", "equals", "//*[@id = "fldvendor" + row + ""]", true): Modify property of object successfully

2018-05-23 09:55:16 - [MESSAGE][PASSED] - Modify property of object successfully

2018-05-23 09:55:16 - [TEST_STEP][PASSED] - selectOptionByIndex: All options with index in [1] are selected on object ''

2018-05-23 09:55:16 - [MESSAGE][PASSED] - All options with index in [1] are selected on object ''

2018-05-23 09:55:16 - [TEST_STEP][PASSED] - Statement - batch = new com.kms.katalon.core.testobject.TestObject(): null

2018-05-23 09:55:16 - [TEST_STEP][PASSED] - Statement - batch = com.kms.katalon.core.webui.keyword.WebUiBuiltInKeywords.modifyObjectProperty(batch, "xpath", "equals", "//*[@id = "txtbthqty" + row + ""]", true): Modify property of object successfully

2018-05-23 09:55:16 - [MESSAGE][PASSED] - Modify property of object successfully

2018-05-23 09:55:16 - [TEST_STEP][PASSED] - Statement - batchqty = com.kms.katalon.core.webui.keyword.WebUiBuiltInKeywords.getAttribute(batch, "value").trim(): Attribute 'value' of object '' is: '3800'

2018-05-23 09:55:16 - [MESSAGE][PASSED] - Attribute 'value' of object '' is: '3800'

2018-05-23 09:55:16 - [TEST_STEP][PASSED] - Statement - Rqty = 100: null

2018-05-23 09:55:16 - [TEST_STEP][PASSED] - delay: Delayed 2 second(s)

2018-05-23 09:55:18 - [MESSAGE][PASSED] - Delayed 2 second(s)

2018-05-23 09:55:18 - [TEST_STEP][PASSED] - Statement - out.println("BatchQty : " + batchqty): null

2018-05-23 09:55:19 - [TEST_STEP][PASSED] - Statement - out.println("RQty : " + Rqty): null

2018-05-23 09:55:19 - [TEST_STEP][PASSED] - Statement - If (java.lang.Integer.valueOf(batchqty) >= java.lang.Integer.valueOf(Rqty)): null

2018-05-23 09:55:19 - [TEST_STEP][PASSED] - Statement - Break: null

2018-05-23 09:55:19 - [TEST_STEP][PASSED] - Statement - batchlength = new com.kms.katalon.core.testobject.TestObject(): null

2018-05-23 09:55:19 - [TEST_STEP][PASSED] - Statement - batchlength = com.kms.katalon.core.webui.keyword.WebUiBuiltInKeywords.modifyObjectProperty(batchlength, "xpath", "equals", "//*[@id = "fldvendor" + row + ""]", true): Modify property of object successfully

2018-05-23 09:55:19 - [MESSAGE][PASSED] - Modify property of object successfully

2018-05-23 09:55:19 - [TEST_STEP][PASSED] - Statement - batchsize = com.kms.katalon.core.webui.keyword.WebUiBuiltInKeywords.getNumberOfTotalOption(batchlength): 5 options of object '' counted

2018-05-23 09:55:19 - [MESSAGE][PASSED] - 5 options of object '' counted

2018-05-23 09:55:19 - [TEST_STEP][PASSED] - Statement - out.println("BatchSize : " + batchsize): null

2018-05-23 09:55:19 - [TEST_STEP][PASSED] - Statement - For ([n = 1, n <= batchsize - 1, (n++)]): null

2018-05-23 09:55:19 - [TEST_STEP][PASSED] - Statement - product = new com.kms.katalon.core.testobject.TestObject(): null

2018-05-23 09:55:19 - [TEST_STEP][PASSED] - Statement - product = com.kms.katalon.core.webui.keyword.WebUiBuiltInKeywords.modifyObjectProperty(product, "xpath", "equals", "//*[@id = "fldvendor" + row + ""]", true): Modify property of object successfully

2018-05-23 09:55:19 - [MESSAGE][PASSED] - Modify property of object successfully

2018-05-23 09:55:19 - [TEST_STEP][PASSED] - selectOptionByIndex: All options with index in [1] are selected on object ''

2018-05-23 09:55:19 - [MESSAGE][PASSED] - All options with index in [1] are selected on object ''

2018-05-23 09:55:19 - [TEST_STEP][PASSED] - Statement - batch = new com.kms.katalon.core.testobject.TestObject(): null

2018-05-23 09:55:19 - [TEST_STEP][PASSED] - Statement - batch = com.kms.katalon.core.webui.keyword.WebUiBuiltInKeywords.modifyObjectProperty(batch, "xpath", "equals", "//*[@id = "txtbthqty" + row + ""]", true): Modify property of object successfully

2018-05-23 09:55:19 - [MESSAGE][PASSED] - Modify property of object successfully

2018-05-23 09:55:19 - [TEST_STEP][PASSED] - Statement - batchqty = com.kms.katalon.core.webui.keyword.WebUiBuiltInKeywords.getAttribute(batch, "value").trim(): Attribute 'value' of object '' is: '3800'

2018-05-23 09:55:19 - [MESSAGE][PASSED] - Attribute 'value' of object '' is: '3800'

2018-05-23 09:55:19 - [TEST_STEP][PASSED] - Statement - Rqty = 100: null

2018-05-23 09:55:19 - [TEST_STEP][PASSED] - delay: Delayed 2 second(s)

2018-05-23 09:55:21 - [MESSAGE][PASSED] - Delayed 2 second(s)

2018-05-23 09:55:21 - [TEST_STEP][PASSED] - Statement - out.println("BatchQty : " + batchqty): null

2018-05-23 09:55:21 - [TEST_STEP][PASSED] - Statement - out.println("RQty : " + Rqty): null

2018-05-23 09:55:21 - [TEST_STEP][PASSED] - Statement - If (java.lang.Integer.valueOf(batchqty) >= java.lang.Integer.valueOf(Rqty)): null

2018-05-23 09:55:21 - [TEST_STEP][PASSED] - Statement - Break: null

2018-05-23 09:55:21 - [TEST_STEP][PASSED] - Statement - batchlength = new com.kms.katalon.core.testobject.TestObject(): null

2018-05-23 09:55:21 - [TEST_STEP][PASSED] - Statement - batchlength = com.kms.katalon.core.webui.keyword.WebUiBuiltInKeywords.modifyObjectProperty(batchlength, "xpath", "equals", "//*[@id = "fldvendor" + row + ""]", true): Modify property of object successfully

2018-05-23 09:55:21 - [MESSAGE][PASSED] - Modify property of object successfully

2018-05-23 09:55:21 - [TEST_STEP][PASSED] - Statement - batchsize = com.kms.katalon.core.webui.keyword.WebUiBuiltInKeywords.getNumberOfTotalOption(batchlength): 5 options of object '' counted

2018-05-23 09:55:21 - [MESSAGE][PASSED] - 5 options of object '' counted

2018-05-23 09:55:21 - [TEST_STEP][PASSED] - Statement - out.println("BatchSize : " + batchsize): null

2018-05-23 09:55:21 - [TEST_STEP][PASSED] - Statement - For ([n = 1, n <= batchsize - 1, (n++)]): null

2018-05-23 09:55:21 - [TEST_STEP][PASSED] - Statement - product = new com.kms.katalon.core.testobject.TestObject(): null

2018-05-23 09:55:21 - [TEST_STEP][PASSED] - Statement - product = com.kms.katalon.core.webui.keyword.WebUiBuiltInKeywords.modifyObjectProperty(product, "xpath", "equals", "//*[@id = "fldvendor" + row + ""]", true): Modify property of object successfully

2018-05-23 09:55:21 - [MESSAGE][PASSED] - Modify property of object successfully

2018-05-23 09:55:21 - [TEST_STEP][PASSED] - selectOptionByIndex: All options with index in [1] are selected on object ''

2018-05-23 09:55:21 - [MESSAGE][PASSED] - All options with index in [1] are selected on object ''

2018-05-23 09:55:21 - [TEST_STEP][PASSED] - Statement - batch = new com.kms.katalon.core.testobject.TestObject(): null

2018-05-23 09:55:21 - [TEST_STEP][PASSED] - Statement - batch = com.kms.katalon.core.webui.keyword.WebUiBuiltInKeywords.modifyObjectProperty(batch, "xpath", "equals", "//*[@id = "txtbthqty" + row + ""]", true): Modify property of object successfully

2018-05-23 09:55:21 - [MESSAGE][PASSED] - Modify property of object successfully

2018-05-23 09:55:21 - [TEST_STEP][PASSED] - Statement - batchqty = com.kms.katalon.core.webui.keyword.WebUiBuiltInKeywords.getAttribute(batch, "value").trim(): Attribute 'value' of object '' is: '4800'

2018-05-23 09:55:21 - [MESSAGE][PASSED] - Attribute 'value' of object '' is: '4800'

2018-05-23 09:55:21 - [TEST_STEP][PASSED] - Statement - Rqty = 100: null

2018-05-23 09:55:21 - [TEST_STEP][PASSED] - delay: Delayed 2 second(s)

2018-05-23 09:55:23 - [MESSAGE][PASSED] - Delayed 2 second(s)

2018-05-23 09:55:23 - [TEST_STEP][PASSED] - Statement - out.println("BatchQty : " + batchqty): null

2018-05-23 09:55:23 - [TEST_STEP][PASSED] - Statement - out.println("RQty : " + Rqty): null

2018-05-23 09:55:23 - [TEST_STEP][PASSED] - Statement - If (java.lang.Integer.valueOf(batchqty) >= java.lang.Integer.valueOf(Rqty)): null

2018-05-23 09:55:23 - [TEST_STEP][PASSED] - Statement - Break: null

2018-05-23 09:55:23 - [TEST_STEP][PASSED] - Statement - batchlength = new com.kms.katalon.core.testobject.TestObject(): null

2018-05-23 09:55:23 - [TEST_STEP][PASSED] - Statement - batchlength = com.kms.katalon.core.webui.keyword.WebUiBuiltInKeywords.modifyObjectProperty(batchlength, "xpath", "equals", "//*[@id = "fldvendor" + row + ""]", true): Modify property of object successfully

2018-05-23 09:55:23 - [MESSAGE][PASSED] - Modify property of object successfully

2018-05-23 09:55:23 - [TEST_STEP][PASSED] - Statement - batchsize = com.kms.katalon.core.webui.keyword.WebUiBuiltInKeywords.getNumberOfTotalOption(batchlength): 5 options of object '' counted

2018-05-23 09:55:23 - [MESSAGE][PASSED] - 5 options of object '' counted

2018-05-23 09:55:23 - [TEST_STEP][PASSED] - Statement - out.println("BatchSize : " + batchsize): null

2018-05-23 09:55:23 - [TEST_STEP][PASSED] - Statement - For ([n = 1, n <= batchsize - 1, (n++)]): null

2018-05-23 09:55:23 - [TEST_STEP][PASSED] - Statement - product = new com.kms.katalon.core.testobject.TestObject(): null

2018-05-23 09:55:23 - [TEST_STEP][PASSED] - Statement - product = com.kms.katalon.core.webui.keyword.WebUiBuiltInKeywords.modifyObjectProperty(product, "xpath", "equals", "//*[@id = "fldvendor" + row + ""]", true): Modify property of object successfully

2018-05-23 09:55:23 - [MESSAGE][PASSED] - Modify property of object successfully

2018-05-23 09:55:23 - [TEST_STEP][PASSED] - selectOptionByIndex: All options with index in [1] are selected on object ''

2018-05-23 09:55:23 - [MESSAGE][PASSED] - All options with index in [1] are selected on object ''

2018-05-23 09:55:23 - [TEST_STEP][PASSED] - Statement - batch = new com.kms.katalon.core.testobject.TestObject(): null

2018-05-23 09:55:23 - [TEST_STEP][PASSED] - Statement - batch = com.kms.katalon.core.webui.keyword.WebUiBuiltInKeywords.modifyObjectProperty(batch, "xpath", "equals", "//*[@id = "txtbthqty" + row + ""]", true): Modify property of object successfully

2018-05-23 09:55:23 - [MESSAGE][PASSED] - Modify property of object successfully

2018-05-23 09:55:23 - [TEST_STEP][PASSED] - Statement - batchqty = com.kms.katalon.core.webui.keyword.WebUiBuiltInKeywords.getAttribute(batch, "value").trim(): Attribute 'value' of object '' is: '3800'

2018-05-23 09:55:23 - [MESSAGE][PASSED] - Attribute 'value' of object '' is: '3800'

2018-05-23 09:55:23 - [TEST_STEP][PASSED] - Statement - Rqty = 100: null

2018-05-23 09:55:23 - [TEST_STEP][PASSED] - delay: Delayed 2 second(s)

2018-05-23 09:55:25 - [MESSAGE][PASSED] - Delayed 2 second(s)

2018-05-23 09:55:25 - [TEST_STEP][PASSED] - Statement - out.println("BatchQty : " + batchqty): null

2018-05-23 09:55:25 - [TEST_STEP][PASSED] - Statement - out.println("RQty : " + Rqty): null

2018-05-23 09:55:25 - [TEST_STEP][PASSED] - Statement - If (java.lang.Integer.valueOf(batchqty) >= java.lang.Integer.valueOf(Rqty)): null

2018-05-23 09:55:25 - [TEST_STEP][PASSED] - Statement - Break: null

2018-05-23 09:55:25 - [TEST_STEP][PASSED] - Statement - batchlength = new com.kms.katalon.core.testobject.TestObject(): null

2018-05-23 09:55:25 - [TEST_STEP][PASSED] - Statement - batchlength = com.kms.katalon.core.webui.keyword.WebUiBuiltInKeywords.modifyObjectProperty(batchlength, "xpath", "equals", "//*[@id = "fldvendor" + row + ""]", true): Modify property of object successfully

2018-05-23 09:55:25 - [MESSAGE][PASSED] - Modify property of object successfully

2018-05-23 09:55:25 - [TEST_STEP][PASSED] - Statement - batchsize = com.kms.katalon.core.webui.keyword.WebUiBuiltInKeywords.getNumberOfTotalOption(batchlength): 5 options of object '' counted

2018-05-23 09:55:25 - [MESSAGE][PASSED] - 5 options of object '' counted

2018-05-23 09:55:25 - [TEST_STEP][PASSED] - Statement - out.println("BatchSize : " + batchsize): null

2018-05-23 09:55:25 - [TEST_STEP][PASSED] - Statement - For ([n = 1, n <= batchsize - 1, (n++)]): null

2018-05-23 09:55:25 - [TEST_STEP][PASSED] - Statement - product = new com.kms.katalon.core.testobject.TestObject(): null

2018-05-23 09:55:25 - [TEST_STEP][PASSED] - Statement - product = com.kms.katalon.core.webui.keyword.WebUiBuiltInKeywords.modifyObjectProperty(product, "xpath", "equals", "//*[@id = "fldvendor" + row + ""]", true): Modify property of object successfully

2018-05-23 09:55:25 - [MESSAGE][PASSED] - Modify property of object successfully

2018-05-23 09:55:25 - [TEST_STEP][PASSED] - selectOptionByIndex: All options with index in [1] are selected on object ''

2018-05-23 09:55:25 - [MESSAGE][PASSED] - All options with index in [1] are selected on object ''

2018-05-23 09:55:25 - [TEST_STEP][PASSED] - Statement - batch = new com.kms.katalon.core.testobject.TestObject(): null

2018-05-23 09:55:25 - [TEST_STEP][PASSED] - Statement - batch = com.kms.katalon.core.webui.keyword.WebUiBuiltInKeywords.modifyObjectProperty(batch, "xpath", "equals", "//*[@id = "txtbthqty" + row + ""]", true): Modify property of object successfully

2018-05-23 09:55:25 - [MESSAGE][PASSED] - Modify property of object successfully

2018-05-23 09:55:25 - [TEST_STEP][PASSED] - Statement - batchqty = com.kms.katalon.core.webui.keyword.WebUiBuiltInKeywords.getAttribute(batch, "value").trim(): Attribute 'value' of object '' is: '38500'

2018-05-23 09:55:26 - [MESSAGE][PASSED] - Attribute 'value' of object '' is: '38500'

2018-05-23 09:55:26 - [TEST_STEP][PASSED] - Statement - Rqty = 100: null

2018-05-23 09:55:26 - [TEST_STEP][PASSED] - delay: Delayed 2 second(s)

2018-05-23 09:55:28 - [MESSAGE][PASSED] - Delayed 2 second(s)

2018-05-23 09:55:28 - [TEST_STEP][PASSED] - Statement - out.println("BatchQty : " + batchqty): null

2018-05-23 09:55:28 - [TEST_STEP][PASSED] - Statement - out.println("RQty : " + Rqty): null

2018-05-23 09:55:28 - [TEST_STEP][PASSED] - Statement - If (java.lang.Integer.valueOf(batchqty) >= java.lang.Integer.valueOf(Rqty)): null

2018-05-23 09:55:28 - [TEST_STEP][PASSED] - Statement - Break: null

2018-05-23 09:55:28 - [TEST_STEP][PASSED] - Statement - batchlength = new com.kms.katalon.core.testobject.TestObject(): null

2018-05-23 09:55:28 - [TEST_STEP][PASSED] - Statement - batchlength = com.kms.katalon.core.webui.keyword.WebUiBuiltInKeywords.modifyObjectProperty(batchlength, "xpath", "equals", "//*[@id = "fldvendor" + row + ""]", true): Modify property of object successfully

2018-05-23 09:55:28 - [MESSAGE][PASSED] - Modify property of object successfully

2018-05-23 09:55:28 - [TEST_STEP][PASSED] - Statement - batchsize = com.kms.katalon.core.webui.keyword.WebUiBuiltInKeywords.getNumberOfTotalOption(batchlength): 5 options of object '' counted

2018-05-23 09:55:28 - [MESSAGE][PASSED] - 5 options of object '' counted

2018-05-23 09:55:28 - [TEST_STEP][PASSED] - Statement - out.println("BatchSize : " + batchsize): null

2018-05-23 09:55:28 - [TEST_STEP][PASSED] - Statement - For ([n = 1, n <= batchsize - 1, (n++)]): null

2018-05-23 09:55:28 - [TEST_STEP][PASSED] - Statement - product = new com.kms.katalon.core.testobject.TestObject(): null

2018-05-23 09:55:28 - [TEST_STEP][PASSED] - Statement - product = com.kms.katalon.core.webui.keyword.WebUiBuiltInKeywords.modifyObjectProperty(product, "xpath", "equals", "//*[@id = "fldvendor" + row + ""]", true): Modify property of object successfully

2018-05-23 09:55:28 - [MESSAGE][PASSED] - Modify property of object successfully

2018-05-23 09:55:28 - [TEST_STEP][PASSED] - selectOptionByIndex: All options with index in [1] are selected on object ''

2018-05-23 09:55:28 - [MESSAGE][PASSED] - All options with index in [1] are selected on object ''

2018-05-23 09:55:28 - [TEST_STEP][PASSED] - Statement - batch = new com.kms.katalon.core.testobject.TestObject(): null

2018-05-23 09:55:28 - [TEST_STEP][PASSED] - Statement - batch = com.kms.katalon.core.webui.keyword.WebUiBuiltInKeywords.modifyObjectProperty(batch, "xpath", "equals", "//*[@id = "txtbthqty" + row + ""]", true): Modify property of object successfully

2018-05-23 09:55:28 - [MESSAGE][PASSED] - Modify property of object successfully

2018-05-23 09:55:28 - [TEST_STEP][PASSED] - Statement - batchqty = com.kms.katalon.core.webui.keyword.WebUiBuiltInKeywords.getAttribute(batch, "value").trim(): Attribute 'value' of object '' is: '3800'

2018-05-23 09:55:28 - [MESSAGE][PASSED] - Attribute 'value' of object '' is: '3800'

2018-05-23 09:55:28 - [TEST_STEP][PASSED] - Statement - Rqty = 100: null

2018-05-23 09:55:28 - [TEST_STEP][PASSED] - delay: Delayed 2 second(s)

2018-05-23 09:55:30 - [MESSAGE][PASSED] - Delayed 2 second(s)

2018-05-23 09:55:30 - [TEST_STEP][PASSED] - Statement - out.println("BatchQty : " + batchqty): null

2018-05-23 09:55:30 - [TEST_STEP][PASSED] - Statement - out.println("RQty : " + Rqty): null

2018-05-23 09:55:30 - [TEST_STEP][PASSED] - Statement - If (java.lang.Integer.valueOf(batchqty) >= java.lang.Integer.valueOf(Rqty)): null

2018-05-23 09:55:30 - [TEST_STEP][PASSED] - Statement - Break: null

2018-05-23 09:55:30 - [TEST_STEP][PASSED] - Statement - batchlength = new com.kms.katalon.core.testobject.TestObject(): null

2018-05-23 09:55:30 - [TEST_STEP][PASSED] - Statement - batchlength = com.kms.katalon.core.webui.keyword.WebUiBuiltInKeywords.modifyObjectProperty(batchlength, "xpath", "equals", "//*[@id = "fldvendor" + row + ""]", true): Modify property of object successfully

2018-05-23 09:55:30 - [MESSAGE][PASSED] - Modify property of object successfully

2018-05-23 09:55:30 - [TEST_STEP][PASSED] - Statement - batchsize = com.kms.katalon.core.webui.keyword.WebUiBuiltInKeywords.getNumberOfTotalOption(batchlength): 5 options of object '' counted

2018-05-23 09:55:30 - [MESSAGE][PASSED] - 5 options of object '' counted

2018-05-23 09:55:30 - [TEST_STEP][PASSED] - Statement - out.println("BatchSize : " + batchsize): null

2018-05-23 09:55:30 - [TEST_STEP][PASSED] - Statement - For ([n = 1, n <= batchsize - 1, (n++)]): null

2018-05-23 09:55:30 - [TEST_STEP][PASSED] - Statement - product = new com.kms.katalon.core.testobject.TestObject(): null

2018-05-23 09:55:30 - [TEST_STEP][PASSED] - Statement - product = com.kms.katalon.core.webui.keyword.WebUiBuiltInKeywords.modifyObjectProperty(product, "xpath", "equals", "//*[@id = "fldvendor" + row + ""]", true): Modify property of object successfully

2018-05-23 09:55:30 - [MESSAGE][PASSED] - Modify property of object successfully

2018-05-23 09:55:30 - [TEST_STEP][PASSED] - selectOptionByIndex: All options with index in [1] are selected on object ''

2018-05-23 09:55:30 - [MESSAGE][PASSED] - All options with index in [1] are selected on object ''

2018-05-23 09:55:30 - [TEST_STEP][PASSED] - Statement - batch = new com.kms.katalon.core.testobject.TestObject(): null

2018-05-23 09:55:30 - [TEST_STEP][PASSED] - Statement - batch = com.kms.katalon.core.webui.keyword.WebUiBuiltInKeywords.modifyObjectProperty(batch, "xpath", "equals", "//*[@id = "txtbthqty" + row + ""]", true): Modify property of object successfully

2018-05-23 09:55:30 - [MESSAGE][PASSED] - Modify property of object successfully

2018-05-23 09:55:30 - [TEST_STEP][PASSED] - Statement - batchqty = com.kms.katalon.core.webui.keyword.WebUiBuiltInKeywords.getAttribute(batch, "value").trim(): Attribute 'value' of object '' is: '3800'

2018-05-23 09:55:30 - [MESSAGE][PASSED] - Attribute 'value' of object '' is: '3800'

2018-05-23 09:55:30 - [TEST_STEP][PASSED] - Statement - Rqty = 100: null

2018-05-23 09:55:30 - [TEST_STEP][PASSED] - delay: Delayed 2 second(s)

2018-05-23 09:55:32 - [MESSAGE][PASSED] - Delayed 2 second(s)

2018-05-23 09:55:32 - [TEST_STEP][PASSED] - Statement - out.println("BatchQty : " + batchqty): null

2018-05-23 09:55:32 - [TEST_STEP][PASSED] - Statement - out.println("RQty : " + Rqty): null

2018-05-23 09:55:32 - [TEST_STEP][PASSED] - Statement - If (java.lang.Integer.valueOf(batchqty) >= java.lang.Integer.valueOf(Rqty)): null

2018-05-23 09:55:32 - [TEST_STEP][PASSED] - Statement - Break: null

2018-05-23 09:55:32 - [TEST_STEP][PASSED] - Statement - batchlength = new com.kms.katalon.core.testobject.TestObject(): null

2018-05-23 09:55:32 - [TEST_STEP][PASSED] - Statement - batchlength = com.kms.katalon.core.webui.keyword.WebUiBuiltInKeywords.modifyObjectProperty(batchlength, "xpath", "equals", "//*[@id = "fldvendor" + row + ""]", true): Modify property of object successfully

2018-05-23 09:55:32 - [MESSAGE][PASSED] - Modify property of object successfully

2018-05-23 09:55:32 - [TEST_STEP][PASSED] - Statement - batchsize = com.kms.katalon.core.webui.keyword.WebUiBuiltInKeywords.getNumberOfTotalOption(batchlength): 5 options of object '' counted

2018-05-23 09:55:32 - [MESSAGE][PASSED] - 5 options of object '' counted

2018-05-23 09:55:32 - [TEST_STEP][PASSED] - Statement - out.println("BatchSize : " + batchsize): null

2018-05-23 09:55:32 - [TEST_STEP][PASSED] - Statement - For ([n = 1, n <= batchsize - 1, (n++)]): null

2018-05-23 09:55:32 - [TEST_STEP][PASSED] - Statement - product = new com.kms.katalon.core.testobject.TestObject(): null

2018-05-23 09:55:32 - [TEST_STEP][PASSED] - Statement - product = com.kms.katalon.core.webui.keyword.WebUiBuiltInKeywords.modifyObjectProperty(product, "xpath", "equals", "//*[@id = "fldvendor" + row + ""]", true): Modify property of object successfully

2018-05-23 09:55:32 - [MESSAGE][PASSED] - Modify property of object successfully

2018-05-23 09:55:32 - [TEST_STEP][PASSED] - selectOptionByIndex: All options with index in [1] are selected on object ''

2018-05-23 09:55:32 - [MESSAGE][PASSED] - All options with index in [1] are selected on object ''

2018-05-23 09:55:32 - [TEST_STEP][PASSED] - Statement - batch = new com.kms.katalon.core.testobject.TestObject(): null

2018-05-23 09:55:32 - [TEST_STEP][PASSED] - Statement - batch = com.kms.katalon.core.webui.keyword.WebUiBuiltInKeywords.modifyObjectProperty(batch, "xpath", "equals", "//*[@id = "txtbthqty" + row + ""]", true): Modify property of object successfully

2018-05-23 09:55:32 - [MESSAGE][PASSED] - Modify property of object successfully

2018-05-23 09:55:32 - [TEST_STEP][PASSED] - Statement - batchqty = com.kms.katalon.core.webui.keyword.WebUiBuiltInKeywords.getAttribute(batch, "value").trim(): Attribute 'value' of object '' is: '4800'

2018-05-23 09:55:32 - [MESSAGE][PASSED] - Attribute 'value' of object '' is: '4800'

2018-05-23 09:55:32 - [TEST_STEP][PASSED] - Statement - Rqty = 100: null

2018-05-23 09:55:32 - [TEST_STEP][PASSED] - delay: Delayed 2 second(s)

2018-05-23 09:55:34 - [MESSAGE][PASSED] - Delayed 2 second(s)

2018-05-23 09:55:34 - [TEST_STEP][PASSED] - Statement - out.println("BatchQty : " + batchqty): null

2018-05-23 09:55:34 - [TEST_STEP][PASSED] - Statement - out.println("RQty : " + Rqty): null

2018-05-23 09:55:34 - [TEST_STEP][PASSED] - Statement - If (java.lang.Integer.valueOf(batchqty) >= java.lang.Integer.valueOf(Rqty)): null

2018-05-23 09:55:34 - [TEST_STEP][PASSED] - Statement - Break: null

2018-05-23 09:55:34 - [TEST_STEP][PASSED] - Statement - batchlength = new com.kms.katalon.core.testobject.TestObject(): null

2018-05-23 09:55:34 - [TEST_STEP][PASSED] - Statement - batchlength = com.kms.katalon.core.webui.keyword.WebUiBuiltInKeywords.modifyObjectProperty(batchlength, "xpath", "equals", "//*[@id = "fldvendor" + row + ""]", true): Modify property of object successfully

2018-05-23 09:55:34 - [MESSAGE][PASSED] - Modify property of object successfully

2018-05-23 09:55:34 - [TEST_STEP][PASSED] - Statement - batchsize = com.kms.katalon.core.webui.keyword.WebUiBuiltInKeywords.getNumberOfTotalOption(batchlength): 5 options of object '' counted

2018-05-23 09:55:34 - [MESSAGE][PASSED] - 5 options of object '' counted

2018-05-23 09:55:34 - [TEST_STEP][PASSED] - Statement - out.println("BatchSize : " + batchsize): null

2018-05-23 09:55:34 - [TEST_STEP][PASSED] - Statement - For ([n = 1, n <= batchsize - 1, (n++)]): null

2018-05-23 09:55:34 - [TEST_STEP][PASSED] - Statement - product = new com.kms.katalon.core.testobject.TestObject(): null

2018-05-23 09:55:34 - [TEST_STEP][PASSED] - Statement - product = com.kms.katalon.core.webui.keyword.WebUiBuiltInKeywords.modifyObjectProperty(product, "xpath", "equals", "//*[@id = "fldvendor" + row + ""]", true): Modify property of object successfully

2018-05-23 09:55:34 - [MESSAGE][PASSED] - Modify property of object successfully

2018-05-23 09:55:34 - [TEST_STEP][PASSED] - selectOptionByIndex: All options with index in [1] are selected on object ''

2018-05-23 09:55:34 - [MESSAGE][PASSED] - All options with index in [1] are selected on object ''

2018-05-23 09:55:34 - [TEST_STEP][PASSED] - Statement - batch = new com.kms.katalon.core.testobject.TestObject(): null

2018-05-23 09:55:34 - [TEST_STEP][PASSED] - Statement - batch = com.kms.katalon.core.webui.keyword.WebUiBuiltInKeywords.modifyObjectProperty(batch, "xpath", "equals", "//*[@id = "txtbthqty" + row + ""]", true): Modify property of object successfully

2018-05-23 09:55:34 - [MESSAGE][PASSED] - Modify property of object successfully

2018-05-23 09:55:34 - [TEST_STEP][PASSED] - Statement - batchqty = com.kms.katalon.core.webui.keyword.WebUiBuiltInKeywords.getAttribute(batch, "value").trim(): Attribute 'value' of object '' is: '3800'

2018-05-23 09:55:35 - [MESSAGE][PASSED] - Attribute 'value' of object '' is: '3800'

2018-05-23 09:55:35 - [TEST_STEP][PASSED] - Statement - Rqty = 100: null

2018-05-23 09:55:35 - [TEST_STEP][PASSED] - delay: Delayed 2 second(s)

2018-05-23 09:55:37 - [MESSAGE][PASSED] - Delayed 2 second(s)

2018-05-23 09:55:37 - [TEST_STEP][PASSED] - Statement - out.println("BatchQty : " + batchqty): null

2018-05-23 09:55:37 - [TEST_STEP][PASSED] - Statement - out.println("RQty : " + Rqty): null

2018-05-23 09:55:37 - [TEST_STEP][PASSED] - Statement - If (java.lang.Integer.valueOf(batchqty) >= java.lang.Integer.valueOf(Rqty)): null

2018-05-23 09:55:37 - [TEST_STEP][PASSED] - Statement - Break: null

2018-05-23 09:55:37 - [TEST_STEP][PASSED] - Statement - batchlength = new com.kms.katalon.core.testobject.TestObject(): null

2018-05-23 09:55:37 - [TEST_STEP][PASSED] - Statement - batchlength = com.kms.katalon.core.webui.keyword.WebUiBuiltInKeywords.modifyObjectProperty(batchlength, "xpath", "equals", "//*[@id = "fldvendor" + row + ""]", true): Modify property of object successfully

2018-05-23 09:55:37 - [MESSAGE][PASSED] - Modify property of object successfully

2018-05-23 09:55:37 - [TEST_STEP][PASSED] - Statement - batchsize = com.kms.katalon.core.webui.keyword.WebUiBuiltInKeywords.getNumberOfTotalOption(batchlength): 5 options of object '' counted

2018-05-23 09:55:37 - [MESSAGE][PASSED] - 5 options of object '' counted

2018-05-23 09:55:37 - [TEST_STEP][PASSED] - Statement - out.println("BatchSize : " + batchsize): null

2018-05-23 09:55:37 - [TEST_STEP][PASSED] - Statement - For ([n = 1, n <= batchsize - 1, (n++)]): null

2018-05-23 09:55:37 - [TEST_STEP][PASSED] - Statement - product = new com.kms.katalon.core.testobject.TestObject(): null

2018-05-23 09:55:37 - [TEST_STEP][PASSED] - Statement - product = com.kms.katalon.core.webui.keyword.WebUiBuiltInKeywords.modifyObjectProperty(product, "xpath", "equals", "//*[@id = "fldvendor" + row + ""]", true): Modify property of object successfully

2018-05-23 09:55:37 - [MESSAGE][PASSED] - Modify property of object successfully

2018-05-23 09:55:37 - [TEST_STEP][PASSED] - selectOptionByIndex: All options with index in [1] are selected on object ''

2018-05-23 09:55:37 - [MESSAGE][PASSED] - All options with index in [1] are selected on object ''

2018-05-23 09:55:37 - [TEST_STEP][PASSED] - Statement - batch = new com.kms.katalon.core.testobject.TestObject(): null

2018-05-23 09:55:37 - [TEST_STEP][PASSED] - Statement - batch = com.kms.katalon.core.webui.keyword.WebUiBuiltInKeywords.modifyObjectProperty(batch, "xpath", "equals", "//*[@id = "txtbthqty" + row + ""]", true): Modify property of object successfully

2018-05-23 09:55:37 - [MESSAGE][PASSED] - Modify property of object successfully

2018-05-23 09:55:37 - [TEST_STEP][PASSED] - Statement - batchqty = com.kms.katalon.core.webui.keyword.WebUiBuiltInKeywords.getAttribute(batch, "value").trim(): Attribute 'value' of object '' is: '3800'

2018-05-23 09:55:37 - [MESSAGE][PASSED] - Attribute 'value' of object '' is: '3800'

2018-05-23 09:55:37 - [TEST_STEP][PASSED] - Statement - Rqty = 100: null

2018-05-23 09:55:37 - [TEST_STEP][PASSED] - delay: Delayed 2 second(s)

2018-05-23 09:55:39 - [MESSAGE][PASSED] - Delayed 2 second(s)

2018-05-23 09:55:39 - [TEST_STEP][PASSED] - Statement - out.println("BatchQty : " + batchqty): null

2018-05-23 09:55:39 - [TEST_STEP][PASSED] - Statement - out.println("RQty : " + Rqty): null

2018-05-23 09:55:39 - [TEST_STEP][PASSED] - Statement - If (java.lang.Integer.valueOf(batchqty) >= java.lang.Integer.valueOf(Rqty)): null

2018-05-23 09:55:39 - [TEST_STEP][PASSED] - Statement - Break: null

2018-05-23 09:55:39 - [TEST_STEP][PASSED] - Statement - batchlength = new com.kms.katalon.core.testobject.TestObject(): null

2018-05-23 09:55:39 - [TEST_STEP][PASSED] - Statement - batchlength = com.kms.katalon.core.webui.keyword.WebUiBuiltInKeywords.modifyObjectProperty(batchlength, "xpath", "equals", "//*[@id = "fldvendor" + row + ""]", true): Modify property of object successfully

2018-05-23 09:55:39 - [MESSAGE][PASSED] - Modify property of object successfully

2018-05-23 09:55:39 - [TEST_STEP][PASSED] - Statement - batchsize = com.kms.katalon.core.webui.keyword.WebUiBuiltInKeywords.getNumberOfTotalOption(batchlength): 5 options of object '' counted

2018-05-23 09:55:39 - [MESSAGE][PASSED] - 5 options of object '' counted

2018-05-23 09:55:39 - [TEST_STEP][PASSED] - Statement - out.println("BatchSize : " + batchsize): null

2018-05-23 09:55:39 - [TEST_STEP][PASSED] - Statement - For ([n = 1, n <= batchsize - 1, (n++)]): null

2018-05-23 09:55:39 - [TEST_STEP][PASSED] - Statement - product = new com.kms.katalon.core.testobject.TestObject(): null

2018-05-23 09:55:39 - [TEST_STEP][PASSED] - Statement - product = com.kms.katalon.core.webui.keyword.WebUiBuiltInKeywords.modifyObjectProperty(product, "xpath", "equals", "//*[@id = "fldvendor" + row + ""]", true): Modify property of object successfully

2018-05-23 09:55:39 - [MESSAGE][PASSED] - Modify property of object successfully

2018-05-23 09:55:39 - [TEST_STEP][PASSED] - selectOptionByIndex: All options with index in [1] are selected on object ''

2018-05-23 09:55:39 - [MESSAGE][PASSED] - All options with index in [1] are selected on object ''

2018-05-23 09:55:39 - [TEST_STEP][PASSED] - Statement - batch = new com.kms.katalon.core.testobject.TestObject(): null

2018-05-23 09:55:39 - [TEST_STEP][PASSED] - Statement - batch = com.kms.katalon.core.webui.keyword.WebUiBuiltInKeywords.modifyObjectProperty(batch, "xpath", "equals", "//*[@id = "txtbthqty" + row + ""]", true): Modify property of object successfully

2018-05-23 09:55:39 - [MESSAGE][PASSED] - Modify property of object successfully

2018-05-23 09:55:39 - [TEST_STEP][PASSED] - Statement - batchqty = com.kms.katalon.core.webui.keyword.WebUiBuiltInKeywords.getAttribute(batch, "value").trim(): Attribute 'value' of object '' is: '38500'

2018-05-23 09:55:39 - [MESSAGE][PASSED] - Attribute 'value' of object '' is: '38500'

2018-05-23 09:55:39 - [TEST_STEP][PASSED] - Statement - Rqty = 100: null

2018-05-23 09:55:39 - [TEST_STEP][PASSED] - delay: Delayed 2 second(s)

2018-05-23 09:55:41 - [MESSAGE][PASSED] - Delayed 2 second(s)

2018-05-23 09:55:41 - [TEST_STEP][PASSED] - Statement - out.println("BatchQty : " + batchqty): null

2018-05-23 09:55:41 - [TEST_STEP][PASSED] - Statement - out.println("RQty : " + Rqty): null

2018-05-23 09:55:41 - [TEST_STEP][PASSED] - Statement - If (java.lang.Integer.valueOf(batchqty) >= java.lang.Integer.valueOf(Rqty)): null

2018-05-23 09:55:41 - [TEST_STEP][PASSED] - Statement - Break: null

2018-05-23 09:55:41 - [TEST_STEP][PASSED] - Statement - batchlength = new com.kms.katalon.core.testobject.TestObject(): null

2018-05-23 09:55:41 - [TEST_STEP][PASSED] - Statement - batchlength = com.kms.katalon.core.webui.keyword.WebUiBuiltInKeywords.modifyObjectProperty(batchlength, "xpath", "equals", "//*[@id = "fldvendor" + row + ""]", true): Modify property of object successfully

2018-05-23 09:55:41 - [MESSAGE][PASSED] - Modify property of object successfully

2018-05-23 09:55:41 - [TEST_STEP][PASSED] - Statement - batchsize = com.kms.katalon.core.webui.keyword.WebUiBuiltInKeywords.getNumberOfTotalOption(batchlength): 5 options of object '' counted

2018-05-23 09:55:41 - [MESSAGE][PASSED] - 5 options of object '' counted

2018-05-23 09:55:41 - [TEST_STEP][PASSED] - Statement - out.println("BatchSize : " + batchsize): null

2018-05-23 09:55:41 - [TEST_STEP][PASSED] - Statement - For ([n = 1, n <= batchsize - 1, (n++)]): null

2018-05-23 09:55:41 - [TEST_STEP][PASSED] - Statement - product = new com.kms.katalon.core.testobject.TestObject(): null

2018-05-23 09:55:41 - [TEST_STEP][PASSED] - Statement - product = com.kms.katalon.core.webui.keyword.WebUiBuiltInKeywords.modifyObjectProperty(product, "xpath", "equals", "//*[@id = "fldvendor" + row + ""]", true): Modify property of object successfully

2018-05-23 09:55:41 - [MESSAGE][PASSED] - Modify property of object successfully

2018-05-23 09:55:41 - [TEST_STEP][PASSED] - selectOptionByIndex: All options with index in [1] are selected on object ''

2018-05-23 09:55:41 - [MESSAGE][PASSED] - All options with index in [1] are selected on object ''

2018-05-23 09:55:41 - [TEST_STEP][PASSED] - Statement - batch = new com.kms.katalon.core.testobject.TestObject(): null

2018-05-23 09:55:41 - [TEST_STEP][PASSED] - Statement - batch = com.kms.katalon.core.webui.keyword.WebUiBuiltInKeywords.modifyObjectProperty(batch, "xpath", "equals", "//*[@id = "txtbthqty" + row + ""]", true): Modify property of object successfully

2018-05-23 09:55:41 - [MESSAGE][PASSED] - Modify property of object successfully

2018-05-23 09:55:41 - [TEST_STEP][PASSED] - Statement - batchqty = com.kms.katalon.core.webui.keyword.WebUiBuiltInKeywords.getAttribute(batch, "value").trim(): Attribute 'value' of object '' is: '4800'

2018-05-23 09:55:41 - [MESSAGE][PASSED] - Attribute 'value' of object '' is: '4800'

2018-05-23 09:55:41 - [TEST_STEP][PASSED] - Statement - Rqty = 100: null

2018-05-23 09:55:41 - [TEST_STEP][PASSED] - delay: Delayed 2 second(s)

2018-05-23 09:55:43 - [MESSAGE][PASSED] - Delayed 2 second(s)

2018-05-23 09:55:43 - [TEST_STEP][PASSED] - Statement - out.println("BatchQty : " + batchqty): null

2018-05-23 09:55:43 - [TEST_STEP][PASSED] - Statement - out.println("RQty : " + Rqty): null

2018-05-23 09:55:43 - [TEST_STEP][PASSED] - Statement - If (java.lang.Integer.valueOf(batchqty) >= java.lang.Integer.valueOf(Rqty)): null

2018-05-23 09:55:43 - [TEST_STEP][PASSED] - Statement - Break: null

2018-05-23 09:55:43 - [TEST_STEP][PASSED] - Statement - batchlength = new com.kms.katalon.core.testobject.TestObject(): null

2018-05-23 09:55:43 - [TEST_STEP][PASSED] - Statement - batchlength = com.kms.katalon.core.webui.keyword.WebUiBuiltInKeywords.modifyObjectProperty(batchlength, "xpath", "equals", "//*[@id = "fldvendor" + row + ""]", true): Modify property of object successfully

2018-05-23 09:55:43 - [MESSAGE][PASSED] - Modify property of object successfully

2018-05-23 09:55:43 - [TEST_STEP][PASSED] - Statement - batchsize = com.kms.katalon.core.webui.keyword.WebUiBuiltInKeywords.getNumberOfTotalOption(batchlength): 5 options of object '' counted

2018-05-23 09:55:43 - [MESSAGE][PASSED] - 5 options of object '' counted

2018-05-23 09:55:43 - [TEST_STEP][PASSED] - Statement - out.println("BatchSize : " + batchsize): null

2018-05-23 09:55:43 - [TEST_STEP][PASSED] - Statement - For ([n = 1, n <= batchsize - 1, (n++)]): null

2018-05-23 09:55:43 - [TEST_STEP][PASSED] - Statement - product = new com.kms.katalon.core.testobject.TestObject(): null

2018-05-23 09:55:43 - [TEST_STEP][PASSED] - Statement - product = com.kms.katalon.core.webui.keyword.WebUiBuiltInKeywords.modifyObjectProperty(product, "xpath", "equals", "//*[@id = "fldvendor" + row + ""]", true): Modify property of object successfully

2018-05-23 09:55:43 - [MESSAGE][PASSED] - Modify property of object successfully

2018-05-23 09:55:43 - [TEST_STEP][PASSED] - selectOptionByIndex: All options with index in [1] are selected on object ''

2018-05-23 09:55:43 - [MESSAGE][PASSED] - All options with index in [1] are selected on object ''

2018-05-23 09:55:43 - [TEST_STEP][PASSED] - Statement - batch = new com.kms.katalon.core.testobject.TestObject(): null

2018-05-23 09:55:43 - [TEST_STEP][PASSED] - Statement - batch = com.kms.katalon.core.webui.keyword.WebUiBuiltInKeywords.modifyObjectProperty(batch, "xpath", "equals", "//*[@id = "txtbthqty" + row + ""]", true): Modify property of object successfully

2018-05-23 09:55:43 - [MESSAGE][PASSED] - Modify property of object successfully

2018-05-23 09:55:43 - [TEST_STEP][PASSED] - Statement - batchqty = com.kms.katalon.core.webui.keyword.WebUiBuiltInKeywords.getAttribute(batch, "value").trim(): Attribute 'value' of object '' is: '38500'

2018-05-23 09:55:44 - [MESSAGE][PASSED] - Attribute 'value' of object '' is: '38500'

2018-05-23 09:55:44 - [TEST_STEP][PASSED] - Statement - Rqty = 100: null

2018-05-23 09:55:44 - [TEST_STEP][PASSED] - delay: Delayed 2 second(s)

2018-05-23 09:55:46 - [MESSAGE][PASSED] - Delayed 2 second(s)

2018-05-23 09:55:46 - [TEST_STEP][PASSED] - Statement - out.println("BatchQty : " + batchqty): null

2018-05-23 09:55:46 - [TEST_STEP][PASSED] - Statement - out.println("RQty : " + Rqty): null

2018-05-23 09:55:46 - [TEST_STEP][PASSED] - Statement - If (java.lang.Integer.valueOf(batchqty) >= java.lang.Integer.valueOf(Rqty)): null

2018-05-23 09:55:46 - [TEST_STEP][PASSED] - Statement - Break: null

2018-05-23 09:55:46 - [TEST_STEP][PASSED] - Statement - batchlength = new com.kms.katalon.core.testobject.TestObject(): null

2018-05-23 09:55:46 - [TEST_STEP][PASSED] - Statement - batchlength = com.kms.katalon.core.webui.keyword.WebUiBuiltInKeywords.modifyObjectProperty(batchlength, "xpath", "equals", "//*[@id = "fldvendor" + row + ""]", true): Modify property of object successfully

2018-05-23 09:55:46 - [MESSAGE][PASSED] - Modify property of object successfully

2018-05-23 09:55:46 - [TEST_STEP][PASSED] - Statement - batchsize = com.kms.katalon.core.webui.keyword.WebUiBuiltInKeywords.getNumberOfTotalOption(batchlength): 5 options of object '' counted

2018-05-23 09:55:46 - [MESSAGE][PASSED] - 5 options of object '' counted

2018-05-23 09:55:46 - [TEST_STEP][PASSED] - Statement - out.println("BatchSize : " + batchsize): null

2018-05-23 09:55:46 - [TEST_STEP][PASSED] - Statement - For ([n = 1, n <= batchsize - 1, (n++)]): null

2018-05-23 09:55:46 - [TEST_STEP][PASSED] - Statement - product = new com.kms.katalon.core.testobject.TestObject(): null

2018-05-23 09:55:46 - [TEST_STEP][PASSED] - Statement - product = com.kms.katalon.core.webui.keyword.WebUiBuiltInKeywords.modifyObjectProperty(product, "xpath", "equals", "//*[@id = "fldvendor" + row + ""]", true): Modify property of object successfully

2018-05-23 09:55:46 - [MESSAGE][PASSED] - Modify property of object successfully

2018-05-23 09:55:46 - [TEST_STEP][PASSED] - selectOptionByIndex: All options with index in [1] are selected on object ''

2018-05-23 09:55:46 - [MESSAGE][PASSED] - All options with index in [1] are selected on object ''

2018-05-23 09:55:46 - [TEST_STEP][PASSED] - Statement - batch = new com.kms.katalon.core.testobject.TestObject(): null

2018-05-23 09:55:46 - [TEST_STEP][PASSED] - Statement - batch = com.kms.katalon.core.webui.keyword.WebUiBuiltInKeywords.modifyObjectProperty(batch, "xpath", "equals", "//*[@id = "txtbthqty" + row + ""]", true): Modify property of object successfully

2018-05-23 09:55:46 - [MESSAGE][PASSED] - Modify property of object successfully

2018-05-23 09:55:46 - [TEST_STEP][PASSED] - Statement - batchqty = com.kms.katalon.core.webui.keyword.WebUiBuiltInKeywords.getAttribute(batch, "value").trim(): Attribute 'value' of object '' is: '38500'

2018-05-23 09:55:46 - [MESSAGE][PASSED] - Attribute 'value' of object '' is: '38500'

2018-05-23 09:55:46 - [TEST_STEP][PASSED] - Statement - Rqty = 100: null

2018-05-23 09:55:46 - [TEST_STEP][PASSED] - delay: Delayed 2 second(s)

2018-05-23 09:55:48 - [MESSAGE][PASSED] - Delayed 2 second(s)

2018-05-23 09:55:48 - [TEST_STEP][PASSED] - Statement - out.println("BatchQty : " + batchqty): null

2018-05-23 09:55:48 - [TEST_STEP][PASSED] - Statement - out.println("RQty : " + Rqty): null

2018-05-23 09:55:48 - [TEST_STEP][PASSED] - Statement - If (java.lang.Integer.valueOf(batchqty) >= java.lang.Integer.valueOf(Rqty)): null

2018-05-23 09:55:48 - [TEST_STEP][PASSED] - Statement - Break: null

2018-05-23 09:55:48 - [TEST_STEP][PASSED] - Statement - batchlength = new com.kms.katalon.core.testobject.TestObject(): null

2018-05-23 09:55:48 - [TEST_STEP][PASSED] - Statement - batchlength = com.kms.katalon.core.webui.keyword.WebUiBuiltInKeywords.modifyObjectProperty(batchlength, "xpath", "equals", "//*[@id = "fldvendor" + row + ""]", true): Modify property of object successfully

2018-05-23 09:55:48 - [MESSAGE][PASSED] - Modify property of object successfully

2018-05-23 09:55:48 - [TEST_STEP][PASSED] - Statement - batchsize = com.kms.katalon.core.webui.keyword.WebUiBuiltInKeywords.getNumberOfTotalOption(batchlength): 5 options of object '' counted

2018-05-23 09:55:48 - [MESSAGE][PASSED] - 5 options of object '' counted

2018-05-23 09:55:48 - [TEST_STEP][PASSED] - Statement - out.println("BatchSize : " + batchsize): null

2018-05-23 09:55:48 - [TEST_STEP][PASSED] - Statement - For ([n = 1, n <= batchsize - 1, (n++)]): null

2018-05-23 09:55:48 - [TEST_STEP][PASSED] - Statement - product = new com.kms.katalon.core.testobject.TestObject(): null

2018-05-23 09:55:48 - [TEST_STEP][PASSED] - Statement - product = com.kms.katalon.core.webui.keyword.WebUiBuiltInKeywords.modifyObjectProperty(product, "xpath", "equals", "//*[@id = "fldvendor" + row + ""]", true): Modify property of object successfully

2018-05-23 09:55:48 - [MESSAGE][PASSED] - Modify property of object successfully

2018-05-23 09:55:48 - [TEST_STEP][PASSED] - selectOptionByIndex: All options with index in [1] are selected on object ''

2018-05-23 09:55:48 - [MESSAGE][PASSED] - All options with index in [1] are selected on object ''

2018-05-23 09:55:48 - [TEST_STEP][PASSED] - Statement - batch = new com.kms.katalon.core.testobject.TestObject(): null

2018-05-23 09:55:48 - [TEST_STEP][PASSED] - Statement - batch = com.kms.katalon.core.webui.keyword.WebUiBuiltInKeywords.modifyObjectProperty(batch, "xpath", "equals", "//*[@id = "txtbthqty" + row + ""]", true): Modify property of object successfully

2018-05-23 09:55:48 - [MESSAGE][PASSED] - Modify property of object successfully

2018-05-23 09:55:48 - [TEST_STEP][PASSED] - Statement - batchqty = com.kms.katalon.core.webui.keyword.WebUiBuiltInKeywords.getAttribute(batch, "value").trim(): Attribute 'value' of object '' is: '3800'

2018-05-23 09:55:48 - [MESSAGE][PASSED] - Attribute 'value' of object '' is: '3800'

2018-05-23 09:55:48 - [TEST_STEP][PASSED] - Statement - Rqty = 100: null

2018-05-23 09:55:48 - [TEST_STEP][PASSED] - delay: Delayed 2 second(s)

2018-05-23 09:55:50 - [MESSAGE][PASSED] - Delayed 2 second(s)

2018-05-23 09:55:50 - [TEST_STEP][PASSED] - Statement - out.println("BatchQty : " + batchqty): null

2018-05-23 09:55:50 - [TEST_STEP][PASSED] - Statement - out.println("RQty : " + Rqty): null

2018-05-23 09:55:50 - [TEST_STEP][PASSED] - Statement - If (java.lang.Integer.valueOf(batchqty) >= java.lang.Integer.valueOf(Rqty)): null

2018-05-23 09:55:50 - [TEST_STEP][PASSED] - Statement - Break: null

2018-05-23 09:55:50 - [TEST_STEP][PASSED] - Statement - batchlength = new com.kms.katalon.core.testobject.TestObject(): null

2018-05-23 09:55:50 - [TEST_STEP][PASSED] - Statement - batchlength = com.kms.katalon.core.webui.keyword.WebUiBuiltInKeywords.modifyObjectProperty(batchlength, "xpath", "equals", "//*[@id = "fldvendor" + row + ""]", true): Modify property of object successfully

2018-05-23 09:55:50 - [MESSAGE][PASSED] - Modify property of object successfully

2018-05-23 09:55:50 - [TEST_STEP][PASSED] - Statement - batchsize = com.kms.katalon.core.webui.keyword.WebUiBuiltInKeywords.getNumberOfTotalOption(batchlength): 5 options of object '' counted

2018-05-23 09:55:50 - [MESSAGE][PASSED] - 5 options of object '' counted

2018-05-23 09:55:50 - [TEST_STEP][PASSED] - Statement - out.println("BatchSize : " + batchsize): null

2018-05-23 09:55:50 - [TEST_STEP][PASSED] - Statement - For ([n = 1, n <= batchsize - 1, (n++)]): null

2018-05-23 09:55:50 - [TEST_STEP][PASSED] - Statement - product = new com.kms.katalon.core.testobject.TestObject(): null

2018-05-23 09:55:50 - [TEST_STEP][PASSED] - Statement - product = com.kms.katalon.core.webui.keyword.WebUiBuiltInKeywords.modifyObjectProperty(product, "xpath", "equals", "//*[@id = "fldvendor" + row + ""]", true): Modify property of object successfully

2018-05-23 09:55:50 - [MESSAGE][PASSED] - Modify property of object successfully

2018-05-23 09:55:50 - [TEST_STEP][PASSED] - selectOptionByIndex: All options with index in [1] are selected on object ''

2018-05-23 09:55:50 - [MESSAGE][PASSED] - All options with index in [1] are selected on object ''

2018-05-23 09:55:50 - [TEST_STEP][PASSED] - Statement - batch = new com.kms.katalon.core.testobject.TestObject(): null

2018-05-23 09:55:50 - [TEST_STEP][PASSED] - Statement - batch = com.kms.katalon.core.webui.keyword.WebUiBuiltInKeywords.modifyObjectProperty(batch, "xpath", "equals", "//*[@id = "txtbthqty" + row + ""]", true): Modify property of object successfully

2018-05-23 09:55:50 - [MESSAGE][PASSED] - Modify property of object successfully

2018-05-23 09:55:50 - [TEST_STEP][PASSED] - Statement - batchqty = com.kms.katalon.core.webui.keyword.WebUiBuiltInKeywords.getAttribute(batch, "value").trim(): Attribute 'value' of object '' is: '3800'

2018-05-23 09:55:50 - [MESSAGE][PASSED] - Attribute 'value' of object '' is: '3800'

2018-05-23 09:55:50 - [TEST_STEP][PASSED] - Statement - Rqty = 100: null

2018-05-23 09:55:50 - [TEST_STEP][PASSED] - delay: Delayed 2 second(s)

2018-05-23 09:55:52 - [MESSAGE][PASSED] - Delayed 2 second(s)

2018-05-23 09:55:52 - [TEST_STEP][PASSED] - Statement - out.println("BatchQty : " + batchqty): null

2018-05-23 09:55:52 - [TEST_STEP][PASSED] - Statement - out.println("RQty : " + Rqty): null

2018-05-23 09:55:52 - [TEST_STEP][PASSED] - Statement - If (java.lang.Integer.valueOf(batchqty) >= java.lang.Integer.valueOf(Rqty)): null

2018-05-23 09:55:52 - [TEST_STEP][PASSED] - Statement - Break: null

2018-05-23 09:55:52 - [TEST_STEP][PASSED] - Statement - batchlength = new com.kms.katalon.core.testobject.TestObject(): null

2018-05-23 09:55:52 - [TEST_STEP][PASSED] - Statement - batchlength = com.kms.katalon.core.webui.keyword.WebUiBuiltInKeywords.modifyObjectProperty(batchlength, "xpath", "equals", "//*[@id = "fldvendor" + row + ""]", true): Modify property of object successfully

2018-05-23 09:55:52 - [MESSAGE][PASSED] - Modify property of object successfully

2018-05-23 09:55:52 - [TEST_STEP][PASSED] - Statement - batchsize = com.kms.katalon.core.webui.keyword.WebUiBuiltInKeywords.getNumberOfTotalOption(batchlength): 5 options of object '' counted

2018-05-23 09:55:52 - [MESSAGE][PASSED] - 5 options of object '' counted

2018-05-23 09:55:52 - [TEST_STEP][PASSED] - Statement - out.println("BatchSize : " + batchsize): null

2018-05-23 09:55:52 - [TEST_STEP][PASSED] - Statement - For ([n = 1, n <= batchsize - 1, (n++)]): null

2018-05-23 09:55:52 - [TEST_STEP][PASSED] - Statement - product = new com.kms.katalon.core.testobject.TestObject(): null

2018-05-23 09:55:52 - [TEST_STEP][PASSED] - Statement - product = com.kms.katalon.core.webui.keyword.WebUiBuiltInKeywords.modifyObjectProperty(product, "xpath", "equals", "//*[@id = "fldvendor" + row + ""]", true): Modify property of object successfully

2018-05-23 09:55:52 - [MESSAGE][PASSED] - Modify property of object successfully

2018-05-23 09:55:52 - [TEST_STEP][PASSED] - selectOptionByIndex: All options with index in [1] are selected on object ''

2018-05-23 09:55:53 - [MESSAGE][PASSED] - All options with index in [1] are selected on object ''

2018-05-23 09:55:53 - [TEST_STEP][PASSED] - Statement - batch = new com.kms.katalon.core.testobject.TestObject(): null

2018-05-23 09:55:53 - [TEST_STEP][PASSED] - Statement - batch = com.kms.katalon.core.webui.keyword.WebUiBuiltInKeywords.modifyObjectProperty(batch, "xpath", "equals", "//*[@id = "txtbthqty" + row + ""]", true): Modify property of object successfully

2018-05-23 09:55:53 - [MESSAGE][PASSED] - Modify property of object successfully

2018-05-23 09:55:53 - [TEST_STEP][PASSED] - Statement - batchqty = com.kms.katalon.core.webui.keyword.WebUiBuiltInKeywords.getAttribute(batch, "value").trim(): Attribute 'value' of object '' is: '4800'

2018-05-23 09:55:53 - [MESSAGE][PASSED] - Attribute 'value' of object '' is: '4800'

2018-05-23 09:55:53 - [TEST_STEP][PASSED] - Statement - Rqty = 100: null

2018-05-23 09:55:53 - [TEST_STEP][PASSED] - delay: Delayed 2 second(s)

2018-05-23 09:55:55 - [MESSAGE][PASSED] - Delayed 2 second(s)

2018-05-23 09:55:55 - [TEST_STEP][PASSED] - Statement - out.println("BatchQty : " + batchqty): null

2018-05-23 09:55:55 - [TEST_STEP][PASSED] - Statement - out.println("RQty : " + Rqty): null

2018-05-23 09:55:55 - [TEST_STEP][PASSED] - Statement - If (java.lang.Integer.valueOf(batchqty) >= java.lang.Integer.valueOf(Rqty)): null

2018-05-23 09:55:55 - [TEST_STEP][PASSED] - Statement - Break: null

2018-05-23 09:55:55 - [TEST_STEP][PASSED] - Statement - batchlength = new com.kms.katalon.core.testobject.TestObject(): null

2018-05-23 09:55:55 - [TEST_STEP][PASSED] - Statement - batchlength = com.kms.katalon.core.webui.keyword.WebUiBuiltInKeywords.modifyObjectProperty(batchlength, "xpath", "equals", "//*[@id = "fldvendor" + row + ""]", true): Modify property of object successfully

2018-05-23 09:55:55 - [MESSAGE][PASSED] - Modify property of object successfully

2018-05-23 09:55:55 - [TEST_STEP][PASSED] - Statement - batchsize = com.kms.katalon.core.webui.keyword.WebUiBuiltInKeywords.getNumberOfTotalOption(batchlength): 5 options of object '' counted

2018-05-23 09:55:55 - [MESSAGE][PASSED] - 5 options of object '' counted

2018-05-23 09:55:55 - [TEST_STEP][PASSED] - Statement - out.println("BatchSize : " + batchsize): null

2018-05-23 09:55:55 - [TEST_STEP][PASSED] - Statement - For ([n = 1, n <= batchsize - 1, (n++)]): null

2018-05-23 09:55:55 - [TEST_STEP][PASSED] - Statement - product = new com.kms.katalon.core.testobject.TestObject(): null

2018-05-23 09:55:55 - [TEST_STEP][PASSED] - Statement - product = com.kms.katalon.core.webui.keyword.WebUiBuiltInKeywords.modifyObjectProperty(product, "xpath", "equals", "//*[@id = "fldvendor" + row + ""]", true): Modify property of object successfully

2018-05-23 09:55:55 - [MESSAGE][PASSED] - Modify property of object successfully

2018-05-23 09:55:55 - [TEST_STEP][PASSED] - selectOptionByIndex: All options with index in [1] are selected on object ''

2018-05-23 09:55:55 - [MESSAGE][PASSED] - All options with index in [1] are selected on object ''

2018-05-23 09:55:55 - [TEST_STEP][PASSED] - Statement - batch = new com.kms.katalon.core.testobject.TestObject(): null

2018-05-23 09:55:55 - [TEST_STEP][PASSED] - Statement - batch = com.kms.katalon.core.webui.keyword.WebUiBuiltInKeywords.modifyObjectProperty(batch, "xpath", "equals", "//*[@id = "txtbthqty" + row + ""]", true): Modify property of object successfully

2018-05-23 09:55:55 - [MESSAGE][PASSED] - Modify property of object successfully

2018-05-23 09:55:55 - [TEST_STEP][PASSED] - Statement - batchqty = com.kms.katalon.core.webui.keyword.WebUiBuiltInKeywords.getAttribute(batch, "value").trim(): Attribute 'value' of object '' is: '38500'

2018-05-23 09:55:55 - [MESSAGE][PASSED] - Attribute 'value' of object '' is: '38500'

2018-05-23 09:55:55 - [TEST_STEP][PASSED] - Statement - Rqty = 100: null

2018-05-23 09:55:55 - [TEST_STEP][PASSED] - delay: Delayed 2 second(s)

2018-05-23 09:55:57 - [MESSAGE][PASSED] - Delayed 2 second(s)

2018-05-23 09:55:57 - [TEST_STEP][PASSED] - Statement - out.println("BatchQty : " + batchqty): null

2018-05-23 09:55:57 - [TEST_STEP][PASSED] - Statement - out.println("RQty : " + Rqty): null

2018-05-23 09:55:57 - [TEST_STEP][PASSED] - Statement - If (java.lang.Integer.valueOf(batchqty) >= java.lang.Integer.valueOf(Rqty)): null

2018-05-23 09:55:57 - [TEST_STEP][PASSED] - Statement - Break: null

2018-05-23 09:55:57 - [TEST_STEP][PASSED] - Statement - batchlength = new com.kms.katalon.core.testobject.TestObject(): null

2018-05-23 09:55:57 - [TEST_STEP][PASSED] - Statement - batchlength = com.kms.katalon.core.webui.keyword.WebUiBuiltInKeywords.modifyObjectProperty(batchlength, "xpath", "equals", "//*[@id = "fldvendor" + row + ""]", true): Modify property of object successfully

2018-05-23 09:55:57 - [MESSAGE][PASSED] - Modify property of object successfully

2018-05-23 09:55:57 - [TEST_STEP][PASSED] - Statement - batchsize = com.kms.katalon.core.webui.keyword.WebUiBuiltInKeywords.getNumberOfTotalOption(batchlength): 5 options of object '' counted

2018-05-23 09:55:57 - [MESSAGE][PASSED] - 5 options of object '' counted

2018-05-23 09:55:57 - [TEST_STEP][PASSED] - Statement - out.println("BatchSize : " + batchsize): null

2018-05-23 09:55:57 - [TEST_STEP][PASSED] - Statement - For ([n = 1, n <= batchsize - 1, (n++)]): null

2018-05-23 09:55:57 - [TEST_STEP][PASSED] - Statement - product = new com.kms.katalon.core.testobject.TestObject(): null

2018-05-23 09:55:57 - [TEST_STEP][PASSED] - Statement - product = com.kms.katalon.core.webui.keyword.WebUiBuiltInKeywords.modifyObjectProperty(product, "xpath", "equals", "//*[@id = "fldvendor" + row + ""]", true): Modify property of object successfully

2018-05-23 09:55:57 - [MESSAGE][PASSED] - Modify property of object successfully

2018-05-23 09:55:57 - [TEST_STEP][PASSED] - selectOptionByIndex: All options with index in [1] are selected on object ''

2018-05-23 09:55:57 - [MESSAGE][PASSED] - All options with index in [1] are selected on object ''

2018-05-23 09:55:57 - [TEST_STEP][PASSED] - Statement - batch = new com.kms.katalon.core.testobject.TestObject(): null

2018-05-23 09:55:57 - [TEST_STEP][PASSED] - Statement - batch = com.kms.katalon.core.webui.keyword.WebUiBuiltInKeywords.modifyObjectProperty(batch, "xpath", "equals", "//*[@id = "txtbthqty" + row + ""]", true): Modify property of object successfully

2018-05-23 09:55:57 - [MESSAGE][PASSED] - Modify property of object successfully

2018-05-23 09:55:57 - [TEST_STEP][PASSED] - Statement - batchqty = com.kms.katalon.core.webui.keyword.WebUiBuiltInKeywords.getAttribute(batch, "value").trim(): Attribute 'value' of object '' is: '3800'

2018-05-23 09:55:57 - [MESSAGE][PASSED] - Attribute 'value' of object '' is: '3800'

2018-05-23 09:55:57 - [TEST_STEP][PASSED] - Statement - Rqty = 100: null

2018-05-23 09:55:57 - [TEST_STEP][PASSED] - delay: Delayed 2 second(s)

2018-05-23 09:55:59 - [MESSAGE][PASSED] - Delayed 2 second(s)

2018-05-23 09:55:59 - [TEST_STEP][PASSED] - Statement - out.println("BatchQty : " + batchqty): null

2018-05-23 09:55:59 - [TEST_STEP][PASSED] - Statement - out.println("RQty : " + Rqty): null

2018-05-23 09:55:59 - [TEST_STEP][PASSED] - Statement - If (java.lang.Integer.valueOf(batchqty) >= java.lang.Integer.valueOf(Rqty)): null

2018-05-23 09:55:59 - [TEST_STEP][PASSED] - Statement - Break: null

2018-05-23 09:55:59 - [TEST_STEP][PASSED] - Statement - batchlength = new com.kms.katalon.core.testobject.TestObject(): null

2018-05-23 09:55:59 - [TEST_STEP][PASSED] - Statement - batchlength = com.kms.katalon.core.webui.keyword.WebUiBuiltInKeywords.modifyObjectProperty(batchlength, "xpath", "equals", "//*[@id = "fldvendor" + row + ""]", true): Modify property of object successfully

2018-05-23 09:55:59 - [MESSAGE][PASSED] - Modify property of object successfully

2018-05-23 09:55:59 - [TEST_STEP][PASSED] - Statement - batchsize = com.kms.katalon.core.webui.keyword.WebUiBuiltInKeywords.getNumberOfTotalOption(batchlength): 5 options of object '' counted

2018-05-23 09:55:59 - [MESSAGE][PASSED] - 5 options of object '' counted

2018-05-23 09:55:59 - [TEST_STEP][PASSED] - Statement - out.println("BatchSize : " + batchsize): null

2018-05-23 09:55:59 - [TEST_STEP][PASSED] - Statement - For ([n = 1, n <= batchsize - 1, (n++)]): null

2018-05-23 09:55:59 - [TEST_STEP][PASSED] - Statement - product = new com.kms.katalon.core.testobject.TestObject(): null

2018-05-23 09:55:59 - [TEST_STEP][PASSED] - Statement - product = com.kms.katalon.core.webui.keyword.WebUiBuiltInKeywords.modifyObjectProperty(product, "xpath", "equals", "//*[@id = "fldvendor" + row + ""]", true): Modify property of object successfully

2018-05-23 09:55:59 - [MESSAGE][PASSED] - Modify property of object successfully

2018-05-23 09:55:59 - [TEST_STEP][PASSED] - selectOptionByIndex: All options with index in [1] are selected on object ''

2018-05-23 09:55:59 - [MESSAGE][PASSED] - All options with index in [1] are selected on object ''

2018-05-23 09:55:59 - [TEST_STEP][PASSED] - Statement - batch = new com.kms.katalon.core.testobject.TestObject(): null

2018-05-23 09:55:59 - [TEST_STEP][PASSED] - Statement - batch = com.kms.katalon.core.webui.keyword.WebUiBuiltInKeywords.modifyObjectProperty(batch, "xpath", "equals", "//*[@id = "txtbthqty" + row + ""]", true): Modify property of object successfully

2018-05-23 09:55:59 - [MESSAGE][PASSED] - Modify property of object successfully

2018-05-23 09:55:59 - [TEST_STEP][PASSED] - Statement - batchqty = com.kms.katalon.core.webui.keyword.WebUiBuiltInKeywords.getAttribute(batch, "value").trim(): Attribute 'value' of object '' is: '3800'

2018-05-23 09:55:59 - [MESSAGE][PASSED] - Attribute 'value' of object '' is: '3800'

2018-05-23 09:55:59 - [TEST_STEP][PASSED] - Statement - Rqty = 100: null

2018-05-23 09:55:59 - [TEST_STEP][PASSED] - delay: Delayed 2 second(s)

2018-05-23 09:56:01 - [MESSAGE][PASSED] - Delayed 2 second(s)

2018-05-23 09:56:01 - [TEST_STEP][PASSED] - Statement - out.println("BatchQty : " + batchqty): null

2018-05-23 09:56:01 - [TEST_STEP][PASSED] - Statement - out.println("RQty : " + Rqty): null

2018-05-23 09:56:01 - [TEST_STEP][PASSED] - Statement - If (java.lang.Integer.valueOf(batchqty) >= java.lang.Integer.valueOf(Rqty)): null

2018-05-23 09:56:01 - [TEST_STEP][PASSED] - Statement - Break: null

2018-05-23 09:56:01 - [TEST_STEP][PASSED] - Statement - batchlength = new com.kms.katalon.core.testobject.TestObject(): null

2018-05-23 09:56:01 - [TEST_STEP][PASSED] - Statement - batchlength = com.kms.katalon.core.webui.keyword.WebUiBuiltInKeywords.modifyObjectProperty(batchlength, "xpath", "equals", "//*[@id = "fldvendor" + row + ""]", true): Modify property of object successfully

2018-05-23 09:56:01 - [MESSAGE][PASSED] - Modify property of object successfully

2018-05-23 09:56:01 - [TEST_STEP][PASSED] - Statement - batchsize = com.kms.katalon.core.webui.keyword.WebUiBuiltInKeywords.getNumberOfTotalOption(batchlength): 5 options of object '' counted

2018-05-23 09:56:01 - [MESSAGE][PASSED] - 5 options of object '' counted

2018-05-23 09:56:01 - [TEST_STEP][PASSED] - Statement - out.println("BatchSize : " + batchsize): null

2018-05-23 09:56:01 - [TEST_STEP][PASSED] - Statement - For ([n = 1, n <= batchsize - 1, (n++)]): null

2018-05-23 09:56:01 - [TEST_STEP][PASSED] - Statement - product = new com.kms.katalon.core.testobject.TestObject(): null

2018-05-23 09:56:01 - [TEST_STEP][PASSED] - Statement - product = com.kms.katalon.core.webui.keyword.WebUiBuiltInKeywords.modifyObjectProperty(product, "xpath", "equals", "//*[@id = "fldvendor" + row + ""]", true): Modify property of object successfully

2018-05-23 09:56:01 - [MESSAGE][PASSED] - Modify property of object successfully

2018-05-23 09:56:01 - [TEST_STEP][PASSED] - selectOptionByIndex: All options with index in [1] are selected on object ''

2018-05-23 09:56:02 - [MESSAGE][PASSED] - All options with index in [1] are selected on object ''

2018-05-23 09:56:02 - [TEST_STEP][PASSED] - Statement - batch = new com.kms.katalon.core.testobject.TestObject(): null

2018-05-23 09:56:02 - [TEST_STEP][PASSED] - Statement - batch = com.kms.katalon.core.webui.keyword.WebUiBuiltInKeywords.modifyObjectProperty(batch, "xpath", "equals", "//*[@id = "txtbthqty" + row + ""]", true): Modify property of object successfully

2018-05-23 09:56:02 - [MESSAGE][PASSED] - Modify property of object successfully

2018-05-23 09:56:02 - [TEST_STEP][PASSED] - Statement - batchqty = com.kms.katalon.core.webui.keyword.WebUiBuiltInKeywords.getAttribute(batch, "value").trim(): Attribute 'value' of object '' is: '3800'

2018-05-23 09:56:02 - [MESSAGE][PASSED] - Attribute 'value' of object '' is: '3800'

2018-05-23 09:56:02 - [TEST_STEP][PASSED] - Statement - Rqty = 100: null

2018-05-23 09:56:02 - [TEST_STEP][PASSED] - delay: Delayed 2 second(s)

2018-05-23 09:56:04 - [MESSAGE][PASSED] - Delayed 2 second(s)

2018-05-23 09:56:04 - [TEST_STEP][PASSED] - Statement - out.println("BatchQty : " + batchqty): null

2018-05-23 09:56:04 - [TEST_STEP][PASSED] - Statement - out.println("RQty : " + Rqty): null

2018-05-23 09:56:04 - [TEST_STEP][PASSED] - Statement - If (java.lang.Integer.valueOf(batchqty) >= java.lang.Integer.valueOf(Rqty)): null

2018-05-23 09:56:04 - [TEST_STEP][PASSED] - Statement - Break: null

2018-05-23 09:56:04 - [TEST_STEP][PASSED] - Statement - batchlength = new com.kms.katalon.core.testobject.TestObject(): null

2018-05-23 09:56:04 - [TEST_STEP][PASSED] - Statement - batchlength = com.kms.katalon.core.webui.keyword.WebUiBuiltInKeywords.modifyObjectProperty(batchlength, "xpath", "equals", "//*[@id = "fldvendor" + row + ""]", true): Modify property of object successfully

2018-05-23 09:56:04 - [MESSAGE][PASSED] - Modify property of object successfully

2018-05-23 09:56:04 - [TEST_STEP][PASSED] - Statement - batchsize = com.kms.katalon.core.webui.keyword.WebUiBuiltInKeywords.getNumberOfTotalOption(batchlength): 5 options of object '' counted

2018-05-23 09:56:04 - [MESSAGE][PASSED] - 5 options of object '' counted

2018-05-23 09:56:04 - [TEST_STEP][PASSED] - Statement - out.println("BatchSize : " + batchsize): null

2018-05-23 09:56:04 - [TEST_STEP][PASSED] - Statement - For ([n = 1, n <= batchsize - 1, (n++)]): null

2018-05-23 09:56:04 - [TEST_STEP][PASSED] - Statement - product = new com.kms.katalon.core.testobject.TestObject(): null

2018-05-23 09:56:04 - [TEST_STEP][PASSED] - Statement - product = com.kms.katalon.core.webui.keyword.WebUiBuiltInKeywords.modifyObjectProperty(product, "xpath", "equals", "//*[@id = "fldvendor" + row + ""]", true): Modify property of object successfully

2018-05-23 09:56:04 - [MESSAGE][PASSED] - Modify property of object successfully

2018-05-23 09:56:04 - [TEST_STEP][PASSED] - selectOptionByIndex: All options with index in [1] are selected on object ''

2018-05-23 09:56:04 - [MESSAGE][PASSED] - All options with index in [1] are selected on object ''

2018-05-23 09:56:04 - [TEST_STEP][PASSED] - Statement - batch = new com.kms.katalon.core.testobject.TestObject(): null

2018-05-23 09:56:04 - [TEST_STEP][PASSED] - Statement - batch = com.kms.katalon.core.webui.keyword.WebUiBuiltInKeywords.modifyObjectProperty(batch, "xpath", "equals", "//*[@id = "txtbthqty" + row + ""]", true): Modify property of object successfully

2018-05-23 09:56:04 - [MESSAGE][PASSED] - Modify property of object successfully

2018-05-23 09:56:04 - [TEST_STEP][PASSED] - Statement - batchqty = com.kms.katalon.core.webui.keyword.WebUiBuiltInKeywords.getAttribute(batch, "value").trim(): Attribute 'value' of object '' is: '4800'

2018-05-23 09:56:04 - [MESSAGE][PASSED] - Attribute 'value' of object '' is: '4800'

2018-05-23 09:56:04 - [TEST_STEP][PASSED] - Statement - Rqty = 100: null

2018-05-23 09:56:04 - [TEST_STEP][PASSED] - delay: Delayed 2 second(s)

2018-05-23 09:56:06 - [MESSAGE][PASSED] - Delayed 2 second(s)

2018-05-23 09:56:06 - [TEST_STEP][PASSED] - Statement - out.println("BatchQty : " + batchqty): null

2018-05-23 09:56:06 - [TEST_STEP][PASSED] - Statement - out.println("RQty : " + Rqty): null

2018-05-23 09:56:06 - [TEST_STEP][PASSED] - Statement - If (java.lang.Integer.valueOf(batchqty) >= java.lang.Integer.valueOf(Rqty)): null

2018-05-23 09:56:06 - [TEST_STEP][PASSED] - Statement - Break: null

2018-05-23 09:56:06 - [TEST_STEP][PASSED] - Statement - batchlength = new com.kms.katalon.core.testobject.TestObject(): null

2018-05-23 09:56:06 - [TEST_STEP][PASSED] - Statement - batchlength = com.kms.katalon.core.webui.keyword.WebUiBuiltInKeywords.modifyObjectProperty(batchlength, "xpath", "equals", "//*[@id = "fldvendor" + row + ""]", true): Modify property of object successfully

2018-05-23 09:56:06 - [MESSAGE][PASSED] - Modify property of object successfully

2018-05-23 09:56:06 - [TEST_STEP][PASSED] - Statement - batchsize = com.kms.katalon.core.webui.keyword.WebUiBuiltInKeywords.getNumberOfTotalOption(batchlength): 5 options of object '' counted

2018-05-23 09:56:06 - [MESSAGE][PASSED] - 5 options of object '' counted

2018-05-23 09:56:06 - [TEST_STEP][PASSED] - Statement - out.println("BatchSize : " + batchsize): null

2018-05-23 09:56:06 - [TEST_STEP][PASSED] - Statement - For ([n = 1, n <= batchsize - 1, (n++)]): null

2018-05-23 09:56:06 - [TEST_STEP][PASSED] - Statement - product = new com.kms.katalon.core.testobject.TestObject(): null

2018-05-23 09:56:06 - [TEST_STEP][PASSED] - Statement - product = com.kms.katalon.core.webui.keyword.WebUiBuiltInKeywords.modifyObjectProperty(product, "xpath", "equals", "//*[@id = "fldvendor" + row + ""]", true): Modify property of object successfully

2018-05-23 09:56:06 - [MESSAGE][PASSED] - Modify property of object successfully

2018-05-23 09:56:06 - [TEST_STEP][PASSED] - selectOptionByIndex: All options with index in [1] are selected on object ''

2018-05-23 09:56:06 - [MESSAGE][PASSED] - All options with index in [1] are selected on object ''

2018-05-23 09:56:06 - [TEST_STEP][PASSED] - Statement - batch = new com.kms.katalon.core.testobject.TestObject(): null

2018-05-23 09:56:06 - [TEST_STEP][PASSED] - Statement - batch = com.kms.katalon.core.webui.keyword.WebUiBuiltInKeywords.modifyObjectProperty(batch, "xpath", "equals", "//*[@id = "txtbthqty" + row + ""]", true): Modify property of object successfully

2018-05-23 09:56:06 - [MESSAGE][PASSED] - Modify property of object successfully

2018-05-23 09:56:06 - [TEST_STEP][PASSED] - Statement - batchqty = com.kms.katalon.core.webui.keyword.WebUiBuiltInKeywords.getAttribute(batch, "value").trim(): Attribute 'value' of object '' is: '4800'

2018-05-23 09:56:06 - [MESSAGE][PASSED] - Attribute 'value' of object '' is: '4800'

2018-05-23 09:56:06 - [TEST_STEP][PASSED] - Statement - Rqty = 100: null

2018-05-23 09:56:06 - [TEST_STEP][PASSED] - delay: Delayed 2 second(s)

2018-05-23 09:56:08 - [MESSAGE][PASSED] - Delayed 2 second(s)

2018-05-23 09:56:08 - [TEST_STEP][PASSED] - Statement - out.println("BatchQty : " + batchqty): null

2018-05-23 09:56:08 - [TEST_STEP][PASSED] - Statement - out.println("RQty : " + Rqty): null

2018-05-23 09:56:08 - [TEST_STEP][PASSED] - Statement - If (java.lang.Integer.valueOf(batchqty) >= java.lang.Integer.valueOf(Rqty)): null

2018-05-23 09:56:08 - [TEST_STEP][PASSED] - Statement - Break: null

2018-05-23 09:56:08 - [TEST_STEP][PASSED] - Statement - batchlength = new com.kms.katalon.core.testobject.TestObject(): null

2018-05-23 09:56:08 - [TEST_STEP][PASSED] - Statement - batchlength = com.kms.katalon.core.webui.keyword.WebUiBuiltInKeywords.modifyObjectProperty(batchlength, "xpath", "equals", "//*[@id = "fldvendor" + row + ""]", true): Modify property of object successfully

2018-05-23 09:56:08 - [MESSAGE][PASSED] - Modify property of object successfully

2018-05-23 09:56:08 - [TEST_STEP][PASSED] - Statement - batchsize = com.kms.katalon.core.webui.keyword.WebUiBuiltInKeywords.getNumberOfTotalOption(batchlength): 5 options of object '' counted

2018-05-23 09:56:08 - [MESSAGE][PASSED] - 5 options of object '' counted

2018-05-23 09:56:08 - [TEST_STEP][PASSED] - Statement - out.println("BatchSize : " + batchsize): null

2018-05-23 09:56:08 - [TEST_STEP][PASSED] - Statement - For ([n = 1, n <= batchsize - 1, (n++)]): null

2018-05-23 09:56:08 - [TEST_STEP][PASSED] - Statement - product = new com.kms.katalon.core.testobject.TestObject(): null

2018-05-23 09:56:08 - [TEST_STEP][PASSED] - Statement - product = com.kms.katalon.core.webui.keyword.WebUiBuiltInKeywords.modifyObjectProperty(product, "xpath", "equals", "//*[@id = "fldvendor" + row + ""]", true): Modify property of object successfully

2018-05-23 09:56:08 - [MESSAGE][PASSED] - Modify property of object successfully

2018-05-23 09:56:08 - [TEST_STEP][PASSED] - selectOptionByIndex: All options with index in [1] are selected on object ''

2018-05-23 09:56:08 - [MESSAGE][PASSED] - All options with index in [1] are selected on object ''

2018-05-23 09:56:08 - [TEST_STEP][PASSED] - Statement - batch = new com.kms.katalon.core.testobject.TestObject(): null

2018-05-23 09:56:08 - [TEST_STEP][PASSED] - Statement - batch = com.kms.katalon.core.webui.keyword.WebUiBuiltInKeywords.modifyObjectProperty(batch, "xpath", "equals", "//*[@id = "txtbthqty" + row + ""]", true): Modify property of object successfully

2018-05-23 09:56:08 - [MESSAGE][PASSED] - Modify property of object successfully

2018-05-23 09:56:08 - [TEST_STEP][PASSED] - Statement - batchqty = com.kms.katalon.core.webui.keyword.WebUiBuiltInKeywords.getAttribute(batch, "value").trim(): Attribute 'value' of object '' is: '4800'

2018-05-23 09:56:08 - [MESSAGE][PASSED] - Attribute 'value' of object '' is: '4800'

2018-05-23 09:56:08 - [TEST_STEP][PASSED] - Statement - Rqty = 100: null

2018-05-23 09:56:08 - [TEST_STEP][PASSED] - delay: Delayed 2 second(s)

2018-05-23 09:56:10 - [MESSAGE][PASSED] - Delayed 2 second(s)

2018-05-23 09:56:10 - [TEST_STEP][PASSED] - Statement - out.println("BatchQty : " + batchqty): null

2018-05-23 09:56:10 - [TEST_STEP][PASSED] - Statement - out.println("RQty : " + Rqty): null

2018-05-23 09:56:10 - [TEST_STEP][PASSED] - Statement - If (java.lang.Integer.valueOf(batchqty) >= java.lang.Integer.valueOf(Rqty)): null

2018-05-23 09:56:10 - [TEST_STEP][PASSED] - Statement - Break: null

2018-05-23 09:56:10 - [TEST_STEP][PASSED] - Statement - batchlength = new com.kms.katalon.core.testobject.TestObject(): null

2018-05-23 09:56:10 - [TEST_STEP][PASSED] - Statement - batchlength = com.kms.katalon.core.webui.keyword.WebUiBuiltInKeywords.modifyObjectProperty(batchlength, "xpath", "equals", "//*[@id = "fldvendor" + row + ""]", true): Modify property of object successfully

2018-05-23 09:56:10 - [MESSAGE][PASSED] - Modify property of object successfully

2018-05-23 09:56:10 - [TEST_STEP][PASSED] - Statement - batchsize = com.kms.katalon.core.webui.keyword.WebUiBuiltInKeywords.getNumberOfTotalOption(batchlength): 5 options of object '' counted

2018-05-23 09:56:10 - [MESSAGE][PASSED] - 5 options of object '' counted

2018-05-23 09:56:10 - [TEST_STEP][PASSED] - Statement - out.println("BatchSize : " + batchsize): null

2018-05-23 09:56:10 - [TEST_STEP][PASSED] - Statement - For ([n = 1, n <= batchsize - 1, (n++)]): null

2018-05-23 09:56:10 - [TEST_STEP][PASSED] - Statement - product = new com.kms.katalon.core.testobject.TestObject(): null

2018-05-23 09:56:10 - [TEST_STEP][PASSED] - Statement - product = com.kms.katalon.core.webui.keyword.WebUiBuiltInKeywords.modifyObjectProperty(product, "xpath", "equals", "//*[@id = "fldvendor" + row + ""]", true): Modify property of object successfully

2018-05-23 09:56:10 - [MESSAGE][PASSED] - Modify property of object successfully

2018-05-23 09:56:10 - [TEST_STEP][PASSED] - selectOptionByIndex: All options with index in [1] are selected on object ''

2018-05-23 09:56:11 - [MESSAGE][PASSED] - All options with index in [1] are selected on object ''

2018-05-23 09:56:11 - [TEST_STEP][PASSED] - Statement - batch = new com.kms.katalon.core.testobject.TestObject(): null

2018-05-23 09:56:11 - [TEST_STEP][PASSED] - Statement - batch = com.kms.katalon.core.webui.keyword.WebUiBuiltInKeywords.modifyObjectProperty(batch, "xpath", "equals", "//*[@id = "txtbthqty" + row + ""]", true): Modify property of object successfully

2018-05-23 09:56:11 - [MESSAGE][PASSED] - Modify property of object successfully

2018-05-23 09:56:11 - [TEST_STEP][PASSED] - Statement - batchqty = com.kms.katalon.core.webui.keyword.WebUiBuiltInKeywords.getAttribute(batch, "value").trim(): Attribute 'value' of object '' is: '4800'

2018-05-23 09:56:11 - [MESSAGE][PASSED] - Attribute 'value' of object '' is: '4800'

2018-05-23 09:56:11 - [TEST_STEP][PASSED] - Statement - Rqty = 100: null

2018-05-23 09:56:11 - [TEST_STEP][PASSED] - delay: Delayed 2 second(s)

2018-05-23 09:56:13 - [MESSAGE][PASSED] - Delayed 2 second(s)

2018-05-23 09:56:13 - [TEST_STEP][PASSED] - Statement - out.println("BatchQty : " + batchqty): null

2018-05-23 09:56:13 - [TEST_STEP][PASSED] - Statement - out.println("RQty : " + Rqty): null

2018-05-23 09:56:13 - [TEST_STEP][PASSED] - Statement - If (java.lang.Integer.valueOf(batchqty) >= java.lang.Integer.valueOf(Rqty)): null

2018-05-23 09:56:13 - [TEST_STEP][PASSED] - Statement - Break: null

2018-05-23 09:56:13 - [TEST_STEP][PASSED] - Statement - batchlength = new com.kms.katalon.core.testobject.TestObject(): null

2018-05-23 09:56:13 - [TEST_STEP][PASSED] - Statement - batchlength = com.kms.katalon.core.webui.keyword.WebUiBuiltInKeywords.modifyObjectProperty(batchlength, "xpath", "equals", "//*[@id = "fldvendor" + row + ""]", true): Modify property of object successfully

2018-05-23 09:56:13 - [MESSAGE][PASSED] - Modify property of object successfully

2018-05-23 09:56:13 - [TEST_STEP][PASSED] - Statement - batchsize = com.kms.katalon.core.webui.keyword.WebUiBuiltInKeywords.getNumberOfTotalOption(batchlength): 5 options of object '' counted

2018-05-23 09:56:13 - [MESSAGE][PASSED] - 5 options of object '' counted

2018-05-23 09:56:13 - [TEST_STEP][PASSED] - Statement - out.println("BatchSize : " + batchsize): null

2018-05-23 09:56:13 - [TEST_STEP][PASSED] - Statement - For ([n = 1, n <= batchsize - 1, (n++)]): null

2018-05-23 09:56:13 - [TEST_STEP][PASSED] - Statement - product = new com.kms.katalon.core.testobject.TestObject(): null

2018-05-23 09:56:13 - [TEST_STEP][PASSED] - Statement - product = com.kms.katalon.core.webui.keyword.WebUiBuiltInKeywords.modifyObjectProperty(product, "xpath", "equals", "//*[@id = "fldvendor" + row + ""]", true): Modify property of object successfully

2018-05-23 09:56:13 - [MESSAGE][PASSED] - Modify property of object successfully

2018-05-23 09:56:13 - [TEST_STEP][PASSED] - selectOptionByIndex: All options with index in [1] are selected on object ''

2018-05-23 09:56:13 - [MESSAGE][PASSED] - All options with index in [1] are selected on object ''

2018-05-23 09:56:13 - [TEST_STEP][PASSED] - Statement - batch = new com.kms.katalon.core.testobject.TestObject(): null

2018-05-23 09:56:13 - [TEST_STEP][PASSED] - Statement - batch = com.kms.katalon.core.webui.keyword.WebUiBuiltInKeywords.modifyObjectProperty(batch, "xpath", "equals", "//*[@id = "txtbthqty" + row + ""]", true): Modify property of object successfully

2018-05-23 09:56:13 - [MESSAGE][PASSED] - Modify property of object successfully

2018-05-23 09:56:13 - [TEST_STEP][PASSED] - Statement - batchqty = com.kms.katalon.core.webui.keyword.WebUiBuiltInKeywords.getAttribute(batch, "value").trim(): Attribute 'value' of object '' is: '38500'

2018-05-23 09:56:13 - [MESSAGE][PASSED] - Attribute 'value' of object '' is: '38500'

2018-05-23 09:56:13 - [TEST_STEP][PASSED] - Statement - Rqty = 100: null

2018-05-23 09:56:13 - [TEST_STEP][PASSED] - delay: Delayed 2 second(s)

2018-05-23 09:56:15 - [MESSAGE][PASSED] - Delayed 2 second(s)

2018-05-23 09:56:15 - [TEST_STEP][PASSED] - Statement - out.println("BatchQty : " + batchqty): null

2018-05-23 09:56:15 - [TEST_STEP][PASSED] - Statement - out.println("RQty : " + Rqty): null

2018-05-23 09:56:15 - [TEST_STEP][PASSED] - Statement - If (java.lang.Integer.valueOf(batchqty) >= java.lang.Integer.valueOf(Rqty)): null

2018-05-23 09:56:15 - [TEST_STEP][PASSED] - Statement - Break: null

2018-05-23 09:56:15 - [TEST_STEP][PASSED] - Statement - batchlength = new com.kms.katalon.core.testobject.TestObject(): null

2018-05-23 09:56:15 - [TEST_STEP][PASSED] - Statement - batchlength = com.kms.katalon.core.webui.keyword.WebUiBuiltInKeywords.modifyObjectProperty(batchlength, "xpath", "equals", "//*[@id = "fldvendor" + row + ""]", true): Modify property of object successfully

2018-05-23 09:56:15 - [MESSAGE][PASSED] - Modify property of object successfully

2018-05-23 09:56:15 - [TEST_STEP][PASSED] - Statement - batchsize = com.kms.katalon.core.webui.keyword.WebUiBuiltInKeywords.getNumberOfTotalOption(batchlength): 5 options of object '' counted

2018-05-23 09:56:15 - [MESSAGE][PASSED] - 5 options of object '' counted

2018-05-23 09:56:15 - [TEST_STEP][PASSED] - Statement - out.println("BatchSize : " + batchsize): null

2018-05-23 09:56:15 - [TEST_STEP][PASSED] - Statement - For ([n = 1, n <= batchsize - 1, (n++)]): null

2018-05-23 09:56:15 - [TEST_STEP][PASSED] - Statement - product = new com.kms.katalon.core.testobject.TestObject(): null

2018-05-23 09:56:15 - [TEST_STEP][PASSED] - Statement - product = com.kms.katalon.core.webui.keyword.WebUiBuiltInKeywords.modifyObjectProperty(product, "xpath", "equals", "//*[@id = "fldvendor" + row + ""]", true): Modify property of object successfully

2018-05-23 09:56:15 - [MESSAGE][PASSED] - Modify property of object successfully

2018-05-23 09:56:15 - [TEST_STEP][PASSED] - selectOptionByIndex: All options with index in [1] are selected on object ''

2018-05-23 09:56:15 - [MESSAGE][PASSED] - All options with index in [1] are selected on object ''

2018-05-23 09:56:15 - [TEST_STEP][PASSED] - Statement - batch = new com.kms.katalon.core.testobject.TestObject(): null

2018-05-23 09:56:15 - [TEST_STEP][PASSED] - Statement - batch = com.kms.katalon.core.webui.keyword.WebUiBuiltInKeywords.modifyObjectProperty(batch, "xpath", "equals", "//*[@id = "txtbthqty" + row + ""]", true): Modify property of object successfully

2018-05-23 09:56:15 - [MESSAGE][PASSED] - Modify property of object successfully

2018-05-23 09:56:15 - [TEST_STEP][PASSED] - Statement - batchqty = com.kms.katalon.core.webui.keyword.WebUiBuiltInKeywords.getAttribute(batch, "value").trim(): Attribute 'value' of object '' is: '3800'

2018-05-23 09:56:15 - [MESSAGE][PASSED] - Attribute 'value' of object '' is: '3800'

2018-05-23 09:56:15 - [TEST_STEP][PASSED] - Statement - Rqty = 100: null

2018-05-23 09:56:15 - [TEST_STEP][PASSED] - delay: Delayed 2 second(s)

2018-05-23 09:56:17 - [MESSAGE][PASSED] - Delayed 2 second(s)

2018-05-23 09:56:17 - [TEST_STEP][PASSED] - Statement - out.println("BatchQty : " + batchqty): null

2018-05-23 09:56:17 - [TEST_STEP][PASSED] - Statement - out.println("RQty : " + Rqty): null

2018-05-23 09:56:17 - [TEST_STEP][PASSED] - Statement - If (java.lang.Integer.valueOf(batchqty) >= java.lang.Integer.valueOf(Rqty)): null

2018-05-23 09:56:17 - [TEST_STEP][PASSED] - Statement - Break: null

2018-05-23 09:56:17 - [TEST_STEP][PASSED] - Statement - batchlength = new com.kms.katalon.core.testobject.TestObject(): null

2018-05-23 09:56:17 - [TEST_STEP][PASSED] - Statement - batchlength = com.kms.katalon.core.webui.keyword.WebUiBuiltInKeywords.modifyObjectProperty(batchlength, "xpath", "equals", "//*[@id = "fldvendor" + row + ""]", true): Modify property of object successfully

2018-05-23 09:56:17 - [MESSAGE][PASSED] - Modify property of object successfully

2018-05-23 09:56:17 - [TEST_STEP][PASSED] - Statement - batchsize = com.kms.katalon.core.webui.keyword.WebUiBuiltInKeywords.getNumberOfTotalOption(batchlength): 5 options of object '' counted

2018-05-23 09:56:17 - [MESSAGE][PASSED] - 5 options of object '' counted

2018-05-23 09:56:17 - [TEST_STEP][PASSED] - Statement - out.println("BatchSize : " + batchsize): null

2018-05-23 09:56:17 - [TEST_STEP][PASSED] - Statement - For ([n = 1, n <= batchsize - 1, (n++)]): null

2018-05-23 09:56:17 - [TEST_STEP][PASSED] - Statement - product = new com.kms.katalon.core.testobject.TestObject(): null

2018-05-23 09:56:17 - [TEST_STEP][PASSED] - Statement - product = com.kms.katalon.core.webui.keyword.WebUiBuiltInKeywords.modifyObjectProperty(product, "xpath", "equals", "//*[@id = "fldvendor" + row + ""]", true): Modify property of object successfully

2018-05-23 09:56:17 - [MESSAGE][PASSED] - Modify property of object successfully

2018-05-23 09:56:17 - [TEST_STEP][PASSED] - selectOptionByIndex: All options with index in [1] are selected on object ''

2018-05-23 09:56:17 - [MESSAGE][PASSED] - All options with index in [1] are selected on object ''

2018-05-23 09:56:17 - [TEST_STEP][PASSED] - Statement - batch = new com.kms.katalon.core.testobject.TestObject(): null

2018-05-23 09:56:17 - [TEST_STEP][PASSED] - Statement - batch = com.kms.katalon.core.webui.keyword.WebUiBuiltInKeywords.modifyObjectProperty(batch, "xpath", "equals", "//*[@id = "txtbthqty" + row + ""]", true): Modify property of object successfully

2018-05-23 09:56:17 - [MESSAGE][PASSED] - Modify property of object successfully

2018-05-23 09:56:17 - [TEST_STEP][PASSED] - Statement - batchqty = com.kms.katalon.core.webui.keyword.WebUiBuiltInKeywords.getAttribute(batch, "value").trim(): Attribute 'value' of object '' is: '4800'

2018-05-23 09:56:17 - [MESSAGE][PASSED] - Attribute 'value' of object '' is: '4800'

2018-05-23 09:56:17 - [TEST_STEP][PASSED] - Statement - Rqty = 100: null

2018-05-23 09:56:17 - [TEST_STEP][PASSED] - delay: Delayed 2 second(s)

2018-05-23 09:56:19 - [MESSAGE][PASSED] - Delayed 2 second(s)

2018-05-23 09:56:19 - [TEST_STEP][PASSED] - Statement - out.println("BatchQty : " + batchqty): null

2018-05-23 09:56:19 - [TEST_STEP][PASSED] - Statement - out.println("RQty : " + Rqty): null

2018-05-23 09:56:19 - [TEST_STEP][PASSED] - Statement - If (java.lang.Integer.valueOf(batchqty) >= java.lang.Integer.valueOf(Rqty)): null

2018-05-23 09:56:19 - [TEST_STEP][PASSED] - Statement - Break: null

2018-05-23 09:56:19 - [TEST_STEP][PASSED] - Statement - batchlength = new com.kms.katalon.core.testobject.TestObject(): null

2018-05-23 09:56:19 - [TEST_STEP][PASSED] - Statement - batchlength = com.kms.katalon.core.webui.keyword.WebUiBuiltInKeywords.modifyObjectProperty(batchlength, "xpath", "equals", "//*[@id = "fldvendor" + row + ""]", true): Modify property of object successfully

2018-05-23 09:56:19 - [MESSAGE][PASSED] - Modify property of object successfully

2018-05-23 09:56:19 - [TEST_STEP][PASSED] - Statement - batchsize = com.kms.katalon.core.webui.keyword.WebUiBuiltInKeywords.getNumberOfTotalOption(batchlength): 5 options of object '' counted

2018-05-23 09:56:19 - [MESSAGE][PASSED] - 5 options of object '' counted

2018-05-23 09:56:19 - [TEST_STEP][PASSED] - Statement - out.println("BatchSize : " + batchsize): null

2018-05-23 09:56:19 - [TEST_STEP][PASSED] - Statement - For ([n = 1, n <= batchsize - 1, (n++)]): null

2018-05-23 09:56:19 - [TEST_STEP][PASSED] - Statement - product = new com.kms.katalon.core.testobject.TestObject(): null

2018-05-23 09:56:19 - [TEST_STEP][PASSED] - Statement - product = com.kms.katalon.core.webui.keyword.WebUiBuiltInKeywords.modifyObjectProperty(product, "xpath", "equals", "//*[@id = "fldvendor" + row + ""]", true): Modify property of object successfully

2018-05-23 09:56:19 - [MESSAGE][PASSED] - Modify property of object successfully

2018-05-23 09:56:19 - [TEST_STEP][PASSED] - selectOptionByIndex: All options with index in [1] are selected on object ''

2018-05-23 09:56:20 - [MESSAGE][PASSED] - All options with index in [1] are selected on object ''

2018-05-23 09:56:20 - [TEST_STEP][PASSED] - Statement - batch = new com.kms.katalon.core.testobject.TestObject(): null

2018-05-23 09:56:20 - [TEST_STEP][PASSED] - Statement - batch = com.kms.katalon.core.webui.keyword.WebUiBuiltInKeywords.modifyObjectProperty(batch, "xpath", "equals", "//*[@id = "txtbthqty" + row + ""]", true): Modify property of object successfully

2018-05-23 09:56:20 - [MESSAGE][PASSED] - Modify property of object successfully

2018-05-23 09:56:20 - [TEST_STEP][PASSED] - Statement - batchqty = com.kms.katalon.core.webui.keyword.WebUiBuiltInKeywords.getAttribute(batch, "value").trim(): Attribute 'value' of object '' is: '4800'

2018-05-23 09:56:20 - [MESSAGE][PASSED] - Attribute 'value' of object '' is: '4800'

2018-05-23 09:56:20 - [TEST_STEP][PASSED] - Statement - Rqty = 100: null

2018-05-23 09:56:20 - [TEST_STEP][PASSED] - delay: Delayed 2 second(s)

2018-05-23 09:56:22 - [MESSAGE][PASSED] - Delayed 2 second(s)

2018-05-23 09:56:22 - [TEST_STEP][PASSED] - Statement - out.println("BatchQty : " + batchqty): null

2018-05-23 09:56:22 - [TEST_STEP][PASSED] - Statement - out.println("RQty : " + Rqty): null

2018-05-23 09:56:22 - [TEST_STEP][PASSED] - Statement - If (java.lang.Integer.valueOf(batchqty) >= java.lang.Integer.valueOf(Rqty)): null

2018-05-23 09:56:22 - [TEST_STEP][PASSED] - Statement - Break: null

2018-05-23 09:56:22 - [TEST_STEP][PASSED] - Statement - batchlength = new com.kms.katalon.core.testobject.TestObject(): null

2018-05-23 09:56:22 - [TEST_STEP][PASSED] - Statement - batchlength = com.kms.katalon.core.webui.keyword.WebUiBuiltInKeywords.modifyObjectProperty(batchlength, "xpath", "equals", "//*[@id = "fldvendor" + row + ""]", true): Modify property of object successfully

2018-05-23 09:56:22 - [MESSAGE][PASSED] - Modify property of object successfully

2018-05-23 09:56:22 - [TEST_STEP][PASSED] - Statement - batchsize = com.kms.katalon.core.webui.keyword.WebUiBuiltInKeywords.getNumberOfTotalOption(batchlength): 5 options of object '' counted

2018-05-23 09:56:22 - [MESSAGE][PASSED] - 5 options of object '' counted

2018-05-23 09:56:22 - [TEST_STEP][PASSED] - Statement - out.println("BatchSize : " + batchsize): null

2018-05-23 09:56:22 - [TEST_STEP][PASSED] - Statement - For ([n = 1, n <= batchsize - 1, (n++)]): null

2018-05-23 09:56:22 - [TEST_STEP][PASSED] - Statement - product = new com.kms.katalon.core.testobject.TestObject(): null

2018-05-23 09:56:22 - [TEST_STEP][PASSED] - Statement - product = com.kms.katalon.core.webui.keyword.WebUiBuiltInKeywords.modifyObjectProperty(product, "xpath", "equals", "//*[@id = "fldvendor" + row + ""]", true): Modify property of object successfully

2018-05-23 09:56:22 - [MESSAGE][PASSED] - Modify property of object successfully

2018-05-23 09:56:22 - [TEST_STEP][PASSED] - selectOptionByIndex: All options with index in [1] are selected on object ''

2018-05-23 09:56:22 - [MESSAGE][PASSED] - All options with index in [1] are selected on object ''

2018-05-23 09:56:22 - [TEST_STEP][PASSED] - Statement - batch = new com.kms.katalon.core.testobject.TestObject(): null

2018-05-23 09:56:22 - [TEST_STEP][PASSED] - Statement - batch = com.kms.katalon.core.webui.keyword.WebUiBuiltInKeywords.modifyObjectProperty(batch, "xpath", "equals", "//*[@id = "txtbthqty" + row + ""]", true): Modify property of object successfully

2018-05-23 09:56:22 - [MESSAGE][PASSED] - Modify property of object successfully

2018-05-23 09:56:22 - [TEST_STEP][PASSED] - Statement - batchqty = com.kms.katalon.core.webui.keyword.WebUiBuiltInKeywords.getAttribute(batch, "value").trim(): Attribute 'value' of object '' is: '38500'

2018-05-23 09:56:22 - [MESSAGE][PASSED] - Attribute 'value' of object '' is: '38500'

2018-05-23 09:56:22 - [TEST_STEP][PASSED] - Statement - Rqty = 100: null

2018-05-23 09:56:22 - [TEST_STEP][PASSED] - delay: Delayed 2 second(s)

2018-05-23 09:56:24 - [MESSAGE][PASSED] - Delayed 2 second(s)

2018-05-23 09:56:24 - [TEST_STEP][PASSED] - Statement - out.println("BatchQty : " + batchqty): null

2018-05-23 09:56:24 - [TEST_STEP][PASSED] - Statement - out.println("RQty : " + Rqty): null

2018-05-23 09:56:24 - [TEST_STEP][PASSED] - Statement - If (java.lang.Integer.valueOf(batchqty) >= java.lang.Integer.valueOf(Rqty)): null

2018-05-23 09:56:24 - [TEST_STEP][PASSED] - Statement - Break: null

2018-05-23 09:56:24 - [TEST_STEP][PASSED] - Statement - batchlength = new com.kms.katalon.core.testobject.TestObject(): null

2018-05-23 09:56:24 - [TEST_STEP][PASSED] - Statement - batchlength = com.kms.katalon.core.webui.keyword.WebUiBuiltInKeywords.modifyObjectProperty(batchlength, "xpath", "equals", "//*[@id = "fldvendor" + row + ""]", true): Modify property of object successfully

2018-05-23 09:56:24 - [MESSAGE][PASSED] - Modify property of object successfully

2018-05-23 09:56:24 - [TEST_STEP][PASSED] - Statement - batchsize = com.kms.katalon.core.webui.keyword.WebUiBuiltInKeywords.getNumberOfTotalOption(batchlength): 5 options of object '' counted

2018-05-23 09:56:24 - [MESSAGE][PASSED] - 5 options of object '' counted

2018-05-23 09:56:24 - [TEST_STEP][PASSED] - Statement - out.println("BatchSize : " + batchsize): null

2018-05-23 09:56:24 - [TEST_STEP][PASSED] - Statement - For ([n = 1, n <= batchsize - 1, (n++)]): null

2018-05-23 09:56:24 - [TEST_STEP][PASSED] - Statement - product = new com.kms.katalon.core.testobject.TestObject(): null

2018-05-23 09:56:24 - [TEST_STEP][PASSED] - Statement - product = com.kms.katalon.core.webui.keyword.WebUiBuiltInKeywords.modifyObjectProperty(product, "xpath", "equals", "//*[@id = "fldvendor" + row + ""]", true): Modify property of object successfully

2018-05-23 09:56:24 - [MESSAGE][PASSED] - Modify property of object successfully

2018-05-23 09:56:24 - [TEST_STEP][PASSED] - selectOptionByIndex: All options with index in [1] are selected on object ''

2018-05-23 09:56:24 - [MESSAGE][PASSED] - All options with index in [1] are selected on object ''

2018-05-23 09:56:24 - [TEST_STEP][PASSED] - Statement - batch = new com.kms.katalon.core.testobject.TestObject(): null

2018-05-23 09:56:24 - [TEST_STEP][PASSED] - Statement - batch = com.kms.katalon.core.webui.keyword.WebUiBuiltInKeywords.modifyObjectProperty(batch, "xpath", "equals", "//*[@id = "txtbthqty" + row + ""]", true): Modify property of object successfully

2018-05-23 09:56:24 - [MESSAGE][PASSED] - Modify property of object successfully

2018-05-23 09:56:24 - [TEST_STEP][PASSED] - Statement - batchqty = com.kms.katalon.core.webui.keyword.WebUiBuiltInKeywords.getAttribute(batch, "value").trim(): Attribute 'value' of object '' is: '38500'

2018-05-23 09:56:24 - [MESSAGE][PASSED] - Attribute 'value' of object '' is: '38500'

2018-05-23 09:56:24 - [TEST_STEP][PASSED] - Statement - Rqty = 100: null

2018-05-23 09:56:24 - [TEST_STEP][PASSED] - delay: Delayed 2 second(s)

2018-05-23 09:56:26 - [MESSAGE][PASSED] - Delayed 2 second(s)

2018-05-23 09:56:26 - [TEST_STEP][PASSED] - Statement - out.println("BatchQty : " + batchqty): null

2018-05-23 09:56:26 - [TEST_STEP][PASSED] - Statement - out.println("RQty : " + Rqty): null

2018-05-23 09:56:26 - [TEST_STEP][PASSED] - Statement - If (java.lang.Integer.valueOf(batchqty) >= java.lang.Integer.valueOf(Rqty)): null

2018-05-23 09:56:26 - [TEST_STEP][PASSED] - Statement - Break: null

2018-05-23 09:56:26 - [TEST_STEP][PASSED] - Statement - batchlength = new com.kms.katalon.core.testobject.TestObject(): null

2018-05-23 09:56:26 - [TEST_STEP][PASSED] - Statement - batchlength = com.kms.katalon.core.webui.keyword.WebUiBuiltInKeywords.modifyObjectProperty(batchlength, "xpath", "equals", "//*[@id = "fldvendor" + row + ""]", true): Modify property of object successfully

2018-05-23 09:56:26 - [MESSAGE][PASSED] - Modify property of object successfully

2018-05-23 09:56:26 - [TEST_STEP][PASSED] - Statement - batchsize = com.kms.katalon.core.webui.keyword.WebUiBuiltInKeywords.getNumberOfTotalOption(batchlength): 5 options of object '' counted

2018-05-23 09:56:26 - [MESSAGE][PASSED] - 5 options of object '' counted

2018-05-23 09:56:26 - [TEST_STEP][PASSED] - Statement - out.println("BatchSize : " + batchsize): null

2018-05-23 09:56:26 - [TEST_STEP][PASSED] - Statement - For ([n = 1, n <= batchsize - 1, (n++)]): null

2018-05-23 09:56:26 - [TEST_STEP][PASSED] - Statement - product = new com.kms.katalon.core.testobject.TestObject(): null

2018-05-23 09:56:26 - [TEST_STEP][PASSED] - Statement - product = com.kms.katalon.core.webui.keyword.WebUiBuiltInKeywords.modifyObjectProperty(product, "xpath", "equals", "//*[@id = "fldvendor" + row + ""]", true): Modify property of object successfully

2018-05-23 09:56:26 - [MESSAGE][PASSED] - Modify property of object successfully

2018-05-23 09:56:26 - [TEST_STEP][PASSED] - selectOptionByIndex: All options with index in [1] are selected on object ''

2018-05-23 09:56:26 - [MESSAGE][PASSED] - All options with index in [1] are selected on object ''

2018-05-23 09:56:26 - [TEST_STEP][PASSED] - Statement - batch = new com.kms.katalon.core.testobject.TestObject(): null

2018-05-23 09:56:26 - [TEST_STEP][PASSED] - Statement - batch = com.kms.katalon.core.webui.keyword.WebUiBuiltInKeywords.modifyObjectProperty(batch, "xpath", "equals", "//*[@id = "txtbthqty" + row + ""]", true): Modify property of object successfully

2018-05-23 09:56:26 - [MESSAGE][PASSED] - Modify property of object successfully

2018-05-23 09:56:26 - [TEST_STEP][PASSED] - Statement - batchqty = com.kms.katalon.core.webui.keyword.WebUiBuiltInKeywords.getAttribute(batch, "value").trim(): Attribute 'value' of object '' is: '4800'

2018-05-23 09:56:26 - [MESSAGE][PASSED] - Attribute 'value' of object '' is: '4800'

2018-05-23 09:56:26 - [TEST_STEP][PASSED] - Statement - Rqty = 100: null

2018-05-23 09:56:26 - [TEST_STEP][PASSED] - delay: Delayed 2 second(s)

2018-05-23 09:56:28 - [MESSAGE][PASSED] - Delayed 2 second(s)

2018-05-23 09:56:28 - [TEST_STEP][PASSED] - Statement - out.println("BatchQty : " + batchqty): null

2018-05-23 09:56:28 - [TEST_STEP][PASSED] - Statement - out.println("RQty : " + Rqty): null

2018-05-23 09:56:28 - [TEST_STEP][PASSED] - Statement - If (java.lang.Integer.valueOf(batchqty) >= java.lang.Integer.valueOf(Rqty)): null

2018-05-23 09:56:28 - [TEST_STEP][PASSED] - Statement - Break: null

2018-05-23 09:56:28 - [TEST_STEP][PASSED] - Statement - batchlength = new com.kms.katalon.core.testobject.TestObject(): null

2018-05-23 09:56:28 - [TEST_STEP][PASSED] - Statement - batchlength = com.kms.katalon.core.webui.keyword.WebUiBuiltInKeywords.modifyObjectProperty(batchlength, "xpath", "equals", "//*[@id = "fldvendor" + row + ""]", true): Modify property of object successfully

2018-05-23 09:56:28 - [MESSAGE][PASSED] - Modify property of object successfully

2018-05-23 09:56:28 - [TEST_STEP][PASSED] - Statement - batchsize = com.kms.katalon.core.webui.keyword.WebUiBuiltInKeywords.getNumberOfTotalOption(batchlength): 5 options of object '' counted

2018-05-23 09:56:29 - [MESSAGE][PASSED] - 5 options of object '' counted

2018-05-23 09:56:29 - [TEST_STEP][PASSED] - Statement - out.println("BatchSize : " + batchsize): null

2018-05-23 09:56:29 - [TEST_STEP][PASSED] - Statement - For ([n = 1, n <= batchsize - 1, (n++)]): null

2018-05-23 09:56:29 - [TEST_STEP][PASSED] - Statement - product = new com.kms.katalon.core.testobject.TestObject(): null

2018-05-23 09:56:29 - [TEST_STEP][PASSED] - Statement - product = com.kms.katalon.core.webui.keyword.WebUiBuiltInKeywords.modifyObjectProperty(product, "xpath", "equals", "//*[@id = "fldvendor" + row + ""]", true): Modify property of object successfully

2018-05-23 09:56:29 - [MESSAGE][PASSED] - Modify property of object successfully

2018-05-23 09:56:29 - [TEST_STEP][PASSED] - selectOptionByIndex: All options with index in [1] are selected on object ''

2018-05-23 09:56:29 - [MESSAGE][PASSED] - All options with index in [1] are selected on object ''

2018-05-23 09:56:29 - [TEST_STEP][PASSED] - Statement - batch = new com.kms.katalon.core.testobject.TestObject(): null

2018-05-23 09:56:29 - [TEST_STEP][PASSED] - Statement - batch = com.kms.katalon.core.webui.keyword.WebUiBuiltInKeywords.modifyObjectProperty(batch, "xpath", "equals", "//*[@id = "txtbthqty" + row + ""]", true): Modify property of object successfully

2018-05-23 09:56:29 - [MESSAGE][PASSED] - Modify property of object successfully

2018-05-23 09:56:29 - [TEST_STEP][PASSED] - Statement - batchqty = com.kms.katalon.core.webui.keyword.WebUiBuiltInKeywords.getAttribute(batch, "value").trim(): Attribute 'value' of object '' is: '38500'

2018-05-23 09:56:29 - [MESSAGE][PASSED] - Attribute 'value' of object '' is: '38500'

2018-05-23 09:56:29 - [TEST_STEP][PASSED] - Statement - Rqty = 100: null

2018-05-23 09:56:29 - [TEST_STEP][PASSED] - delay: Delayed 2 second(s)

2018-05-23 09:56:31 - [MESSAGE][PASSED] - Delayed 2 second(s)

2018-05-23 09:56:31 - [TEST_STEP][PASSED] - Statement - out.println("BatchQty : " + batchqty): null

2018-05-23 09:56:31 - [TEST_STEP][PASSED] - Statement - out.println("RQty : " + Rqty): null

2018-05-23 09:56:31 - [TEST_STEP][PASSED] - Statement - If (java.lang.Integer.valueOf(batchqty) >= java.lang.Integer.valueOf(Rqty)): null

2018-05-23 09:56:31 - [TEST_STEP][PASSED] - Statement - Break: null

2018-05-23 09:56:31 - [TEST_STEP][PASSED] - Statement - batchlength = new com.kms.katalon.core.testobject.TestObject(): null

2018-05-23 09:56:31 - [TEST_STEP][PASSED] - Statement - batchlength = com.kms.katalon.core.webui.keyword.WebUiBuiltInKeywords.modifyObjectProperty(batchlength, "xpath", "equals", "//*[@id = "fldvendor" + row + ""]", true): Modify property of object successfully

2018-05-23 09:56:31 - [MESSAGE][PASSED] - Modify property of object successfully

2018-05-23 09:56:31 - [TEST_STEP][PASSED] - Statement - batchsize = com.kms.katalon.core.webui.keyword.WebUiBuiltInKeywords.getNumberOfTotalOption(batchlength): 5 options of object '' counted

2018-05-23 09:56:31 - [MESSAGE][PASSED] - 5 options of object '' counted

2018-05-23 09:56:31 - [TEST_STEP][PASSED] - Statement - out.println("BatchSize : " + batchsize): null

2018-05-23 09:56:31 - [TEST_STEP][PASSED] - Statement - For ([n = 1, n <= batchsize - 1, (n++)]): null

2018-05-23 09:56:31 - [TEST_STEP][PASSED] - Statement - product = new com.kms.katalon.core.testobject.TestObject(): null

2018-05-23 09:56:31 - [TEST_STEP][PASSED] - Statement - product = com.kms.katalon.core.webui.keyword.WebUiBuiltInKeywords.modifyObjectProperty(product, "xpath", "equals", "//*[@id = "fldvendor" + row + ""]", true): Modify property of object successfully

2018-05-23 09:56:31 - [MESSAGE][PASSED] - Modify property of object successfully

2018-05-23 09:56:31 - [TEST_STEP][PASSED] - selectOptionByIndex: All options with index in [1] are selected on object ''

2018-05-23 09:56:31 - [MESSAGE][PASSED] - All options with index in [1] are selected on object ''

2018-05-23 09:56:31 - [TEST_STEP][PASSED] - Statement - batch = new com.kms.katalon.core.testobject.TestObject(): null

2018-05-23 09:56:31 - [TEST_STEP][PASSED] - Statement - batch = com.kms.katalon.core.webui.keyword.WebUiBuiltInKeywords.modifyObjectProperty(batch, "xpath", "equals", "//*[@id = "txtbthqty" + row + ""]", true): Modify property of object successfully

2018-05-23 09:56:31 - [MESSAGE][PASSED] - Modify property of object successfully

2018-05-23 09:56:31 - [TEST_STEP][PASSED] - Statement - batchqty = com.kms.katalon.core.webui.keyword.WebUiBuiltInKeywords.getAttribute(batch, "value").trim(): Attribute 'value' of object '' is: '4800'

2018-05-23 09:56:31 - [MESSAGE][PASSED] - Attribute 'value' of object '' is: '4800'

2018-05-23 09:56:31 - [TEST_STEP][PASSED] - Statement - Rqty = 100: null

2018-05-23 09:56:31 - [TEST_STEP][PASSED] - delay: Delayed 2 second(s)

2018-05-23 09:56:33 - [MESSAGE][PASSED] - Delayed 2 second(s)

2018-05-23 09:56:33 - [TEST_STEP][PASSED] - Statement - out.println("BatchQty : " + batchqty): null

2018-05-23 09:56:33 - [TEST_STEP][PASSED] - Statement - out.println("RQty : " + Rqty): null

2018-05-23 09:56:33 - [TEST_STEP][PASSED] - Statement - If (java.lang.Integer.valueOf(batchqty) >= java.lang.Integer.valueOf(Rqty)): null

2018-05-23 09:56:33 - [TEST_STEP][PASSED] - Statement - Break: null

2018-05-23 09:56:33 - [TEST_STEP][PASSED] - Statement - batchlength = new com.kms.katalon.core.testobject.TestObject(): null

2018-05-23 09:56:33 - [TEST_STEP][PASSED] - Statement - batchlength = com.kms.katalon.core.webui.keyword.WebUiBuiltInKeywords.modifyObjectProperty(batchlength, "xpath", "equals", "//*[@id = "fldvendor" + row + ""]", true): Modify property of object successfully

2018-05-23 09:56:33 - [MESSAGE][PASSED] - Modify property of object successfully

2018-05-23 09:56:33 - [TEST_STEP][PASSED] - Statement - batchsize = com.kms.katalon.core.webui.keyword.WebUiBuiltInKeywords.getNumberOfTotalOption(batchlength): 5 options of object '' counted

2018-05-23 09:56:33 - [MESSAGE][PASSED] - 5 options of object '' counted

2018-05-23 09:56:33 - [TEST_STEP][PASSED] - Statement - out.println("BatchSize : " + batchsize): null

2018-05-23 09:56:33 - [TEST_STEP][PASSED] - Statement - For ([n = 1, n <= batchsize - 1, (n++)]): null

2018-05-23 09:56:33 - [TEST_STEP][PASSED] - Statement - product = new com.kms.katalon.core.testobject.TestObject(): null

2018-05-23 09:56:33 - [TEST_STEP][PASSED] - Statement - product = com.kms.katalon.core.webui.keyword.WebUiBuiltInKeywords.modifyObjectProperty(product, "xpath", "equals", "//*[@id = "fldvendor" + row + ""]", true): Modify property of object successfully

2018-05-23 09:56:33 - [MESSAGE][PASSED] - Modify property of object successfully

2018-05-23 09:56:33 - [TEST_STEP][PASSED] - selectOptionByIndex: All options with index in [1] are selected on object ''

2018-05-23 09:56:33 - [MESSAGE][PASSED] - All options with index in [1] are selected on object ''

2018-05-23 09:56:33 - [TEST_STEP][PASSED] - Statement - batch = new com.kms.katalon.core.testobject.TestObject(): null

2018-05-23 09:56:33 - [TEST_STEP][PASSED] - Statement - batch = com.kms.katalon.core.webui.keyword.WebUiBuiltInKeywords.modifyObjectProperty(batch, "xpath", "equals", "//*[@id = "txtbthqty" + row + ""]", true): Modify property of object successfully

2018-05-23 09:56:33 - [MESSAGE][PASSED] - Modify property of object successfully

2018-05-23 09:56:33 - [TEST_STEP][PASSED] - Statement - batchqty = com.kms.katalon.core.webui.keyword.WebUiBuiltInKeywords.getAttribute(batch, "value").trim(): Attribute 'value' of object '' is: '4800'

2018-05-23 09:56:33 - [MESSAGE][PASSED] - Attribute 'value' of object '' is: '4800'

2018-05-23 09:56:33 - [TEST_STEP][PASSED] - Statement - Rqty = 100: null

2018-05-23 09:56:33 - [TEST_STEP][PASSED] - delay: Delayed 2 second(s)

2018-05-23 09:56:35 - [MESSAGE][PASSED] - Delayed 2 second(s)

2018-05-23 09:56:35 - [TEST_STEP][PASSED] - Statement - out.println("BatchQty : " + batchqty): null

2018-05-23 09:56:35 - [TEST_STEP][PASSED] - Statement - out.println("RQty : " + Rqty): null

2018-05-23 09:56:35 - [TEST_STEP][PASSED] - Statement - If (java.lang.Integer.valueOf(batchqty) >= java.lang.Integer.valueOf(Rqty)): null

2018-05-23 09:56:35 - [TEST_STEP][PASSED] - Statement - Break: null

2018-05-23 09:56:35 - [TEST_STEP][PASSED] - Statement - batchlength = new com.kms.katalon.core.testobject.TestObject(): null

2018-05-23 09:56:35 - [TEST_STEP][PASSED] - Statement - batchlength = com.kms.katalon.core.webui.keyword.WebUiBuiltInKeywords.modifyObjectProperty(batchlength, "xpath", "equals", "//*[@id = "fldvendor" + row + ""]", true): Modify property of object successfully

2018-05-23 09:56:35 - [MESSAGE][PASSED] - Modify property of object successfully

2018-05-23 09:56:35 - [TEST_STEP][PASSED] - Statement - batchsize = com.kms.katalon.core.webui.keyword.WebUiBuiltInKeywords.getNumberOfTotalOption(batchlength): 5 options of object '' counted

2018-05-23 09:56:35 - [MESSAGE][PASSED] - 5 options of object '' counted

2018-05-23 09:56:35 - [TEST_STEP][PASSED] - Statement - out.println("BatchSize : " + batchsize): null

2018-05-23 09:56:35 - [TEST_STEP][PASSED] - Statement - For ([n = 1, n <= batchsize - 1, (n++)]): null

2018-05-23 09:56:35 - [TEST_STEP][PASSED] - Statement - product = new com.kms.katalon.core.testobject.TestObject(): null

2018-05-23 09:56:35 - [TEST_STEP][PASSED] - Statement - product = com.kms.katalon.core.webui.keyword.WebUiBuiltInKeywords.modifyObjectProperty(product, "xpath", "equals", "//*[@id = "fldvendor" + row + ""]", true): Modify property of object successfully

2018-05-23 09:56:35 - [MESSAGE][PASSED] - Modify property of object successfully

2018-05-23 09:56:35 - [TEST_STEP][PASSED] - selectOptionByIndex: All options with index in [1] are selected on object ''

2018-05-23 09:56:35 - [MESSAGE][PASSED] - All options with index in [1] are selected on object ''

2018-05-23 09:56:35 - [TEST_STEP][PASSED] - Statement - batch = new com.kms.katalon.core.testobject.TestObject(): null

2018-05-23 09:56:35 - [TEST_STEP][PASSED] - Statement - batch = com.kms.katalon.core.webui.keyword.WebUiBuiltInKeywords.modifyObjectProperty(batch, "xpath", "equals", "//*[@id = "txtbthqty" + row + ""]", true): Modify property of object successfully

2018-05-23 09:56:35 - [MESSAGE][PASSED] - Modify property of object successfully

2018-05-23 09:56:35 - [TEST_STEP][PASSED] - Statement - batchqty = com.kms.katalon.core.webui.keyword.WebUiBuiltInKeywords.getAttribute(batch, "value").trim(): Attribute 'value' of object '' is: '4800'

2018-05-23 09:56:36 - [MESSAGE][PASSED] - Attribute 'value' of object '' is: '4800'

2018-05-23 09:56:36 - [TEST_STEP][PASSED] - Statement - Rqty = 100: null

2018-05-23 09:56:36 - [TEST_STEP][PASSED] - delay: Delayed 2 second(s)

2018-05-23 09:56:38 - [MESSAGE][PASSED] - Delayed 2 second(s)

2018-05-23 09:56:38 - [TEST_STEP][PASSED] - Statement - out.println("BatchQty : " + batchqty): null

2018-05-23 09:56:38 - [TEST_STEP][PASSED] - Statement - out.println("RQty : " + Rqty): null

2018-05-23 09:56:38 - [TEST_STEP][PASSED] - Statement - If (java.lang.Integer.valueOf(batchqty) >= java.lang.Integer.valueOf(Rqty)): null

2018-05-23 09:56:38 - [TEST_STEP][PASSED] - Statement - Break: null

2018-05-23 09:56:38 - [TEST_STEP][PASSED] - Statement - batchlength = new com.kms.katalon.core.testobject.TestObject(): null

2018-05-23 09:56:38 - [TEST_STEP][PASSED] - Statement - batchlength = com.kms.katalon.core.webui.keyword.WebUiBuiltInKeywords.modifyObjectProperty(batchlength, "xpath", "equals", "//*[@id = "fldvendor" + row + ""]", true): Modify property of object successfully

2018-05-23 09:56:38 - [MESSAGE][PASSED] - Modify property of object successfully

2018-05-23 09:56:38 - [TEST_STEP][PASSED] - Statement - batchsize = com.kms.katalon.core.webui.keyword.WebUiBuiltInKeywords.getNumberOfTotalOption(batchlength): 5 options of object '' counted

2018-05-23 09:56:38 - [MESSAGE][PASSED] - 5 options of object '' counted

2018-05-23 09:56:38 - [TEST_STEP][PASSED] - Statement - out.println("BatchSize : " + batchsize): null

2018-05-23 09:56:38 - [TEST_STEP][PASSED] - Statement - For ([n = 1, n <= batchsize - 1, (n++)]): null

2018-05-23 09:56:38 - [TEST_STEP][PASSED] - Statement - product = new com.kms.katalon.core.testobject.TestObject(): null

2018-05-23 09:56:38 - [TEST_STEP][PASSED] - Statement - product = com.kms.katalon.core.webui.keyword.WebUiBuiltInKeywords.modifyObjectProperty(product, "xpath", "equals", "//*[@id = "fldvendor" + row + ""]", true): Modify property of object successfully

2018-05-23 09:56:38 - [MESSAGE][PASSED] - Modify property of object successfully

2018-05-23 09:56:38 - [TEST_STEP][PASSED] - selectOptionByIndex: All options with index in [1] are selected on object ''

2018-05-23 09:56:38 - [MESSAGE][PASSED] - All options with index in [1] are selected on object ''

2018-05-23 09:56:38 - [TEST_STEP][PASSED] - Statement - batch = new com.kms.katalon.core.testobject.TestObject(): null

2018-05-23 09:56:38 - [TEST_STEP][PASSED] - Statement - batch = com.kms.katalon.core.webui.keyword.WebUiBuiltInKeywords.modifyObjectProperty(batch, "xpath", "equals", "//*[@id = "txtbthqty" + row + ""]", true): Modify property of object successfully

2018-05-23 09:56:38 - [MESSAGE][PASSED] - Modify property of object successfully

2018-05-23 09:56:38 - [TEST_STEP][PASSED] - Statement - batchqty = com.kms.katalon.core.webui.keyword.WebUiBuiltInKeywords.getAttribute(batch, "value").trim(): Attribute 'value' of object '' is: '38500'

2018-05-23 09:56:38 - [MESSAGE][PASSED] - Attribute 'value' of object '' is: '38500'

2018-05-23 09:56:38 - [TEST_STEP][PASSED] - Statement - Rqty = 100: null

2018-05-23 09:56:38 - [TEST_STEP][PASSED] - delay: Delayed 2 second(s)

2018-05-23 09:56:40 - [MESSAGE][PASSED] - Delayed 2 second(s)

2018-05-23 09:56:40 - [TEST_STEP][PASSED] - Statement - out.println("BatchQty : " + batchqty): null

2018-05-23 09:56:40 - [TEST_STEP][PASSED] - Statement - out.println("RQty : " + Rqty): null

2018-05-23 09:56:40 - [TEST_STEP][PASSED] - Statement - If (java.lang.Integer.valueOf(batchqty) >= java.lang.Integer.valueOf(Rqty)): null

2018-05-23 09:56:40 - [TEST_STEP][PASSED] - Statement - Break: null

2018-05-23 09:56:40 - [TEST_STEP][PASSED] - Statement - batchlength = new com.kms.katalon.core.testobject.TestObject(): null

2018-05-23 09:56:40 - [TEST_STEP][PASSED] - Statement - batchlength = com.kms.katalon.core.webui.keyword.WebUiBuiltInKeywords.modifyObjectProperty(batchlength, "xpath", "equals", "//*[@id = "fldvendor" + row + ""]", true): Modify property of object successfully

2018-05-23 09:56:40 - [MESSAGE][PASSED] - Modify property of object successfully

2018-05-23 09:56:40 - [TEST_STEP][PASSED] - Statement - batchsize = com.kms.katalon.core.webui.keyword.WebUiBuiltInKeywords.getNumberOfTotalOption(batchlength): 5 options of object '' counted

2018-05-23 09:56:40 - [MESSAGE][PASSED] - 5 options of object '' counted

2018-05-23 09:56:40 - [TEST_STEP][PASSED] - Statement - out.println("BatchSize : " + batchsize): null

2018-05-23 09:56:40 - [TEST_STEP][PASSED] - Statement - For ([n = 1, n <= batchsize - 1, (n++)]): null

2018-05-23 09:56:40 - [TEST_STEP][PASSED] - Statement - product = new com.kms.katalon.core.testobject.TestObject(): null

2018-05-23 09:56:40 - [TEST_STEP][PASSED] - Statement - product = com.kms.katalon.core.webui.keyword.WebUiBuiltInKeywords.modifyObjectProperty(product, "xpath", "equals", "//*[@id = "fldvendor" + row + ""]", true): Modify property of object successfully

2018-05-23 09:56:40 - [MESSAGE][PASSED] - Modify property of object successfully

2018-05-23 09:56:40 - [TEST_STEP][PASSED] - selectOptionByIndex: All options with index in [1] are selected on object ''

2018-05-23 09:56:40 - [MESSAGE][PASSED] - All options with index in [1] are selected on object ''

2018-05-23 09:56:40 - [TEST_STEP][PASSED] - Statement - batch = new com.kms.katalon.core.testobject.TestObject(): null

2018-05-23 09:56:40 - [TEST_STEP][PASSED] - Statement - batch = com.kms.katalon.core.webui.keyword.WebUiBuiltInKeywords.modifyObjectProperty(batch, "xpath", "equals", "//*[@id = "txtbthqty" + row + ""]", true): Modify property of object successfully

2018-05-23 09:56:40 - [MESSAGE][PASSED] - Modify property of object successfully

2018-05-23 09:56:40 - [TEST_STEP][PASSED] - Statement - batchqty = com.kms.katalon.core.webui.keyword.WebUiBuiltInKeywords.getAttribute(batch, "value").trim(): Attribute 'value' of object '' is: '38500'

2018-05-23 09:56:40 - [MESSAGE][PASSED] - Attribute 'value' of object '' is: '38500'

2018-05-23 09:56:40 - [TEST_STEP][PASSED] - Statement - Rqty = 100: null

2018-05-23 09:56:40 - [TEST_STEP][PASSED] - delay: Delayed 2 second(s)

2018-05-23 09:56:42 - [MESSAGE][PASSED] - Delayed 2 second(s)

2018-05-23 09:56:42 - [TEST_STEP][PASSED] - Statement - out.println("BatchQty : " + batchqty): null

2018-05-23 09:56:42 - [TEST_STEP][PASSED] - Statement - out.println("RQty : " + Rqty): null

2018-05-23 09:56:42 - [TEST_STEP][PASSED] - Statement - If (java.lang.Integer.valueOf(batchqty) >= java.lang.Integer.valueOf(Rqty)): null

2018-05-23 09:56:42 - [TEST_STEP][PASSED] - Statement - Break: null

2018-05-23 09:56:42 - [TEST_STEP][PASSED] - Statement - batchlength = new com.kms.katalon.core.testobject.TestObject(): null

2018-05-23 09:56:42 - [TEST_STEP][PASSED] - Statement - batchlength = com.kms.katalon.core.webui.keyword.WebUiBuiltInKeywords.modifyObjectProperty(batchlength, "xpath", "equals", "//*[@id = "fldvendor" + row + ""]", true): Modify property of object successfully

2018-05-23 09:56:42 - [MESSAGE][PASSED] - Modify property of object successfully

2018-05-23 09:56:42 - [TEST_STEP][PASSED] - Statement - batchsize = com.kms.katalon.core.webui.keyword.WebUiBuiltInKeywords.getNumberOfTotalOption(batchlength): 5 options of object '' counted

2018-05-23 09:56:42 - [MESSAGE][PASSED] - 5 options of object '' counted

2018-05-23 09:56:42 - [TEST_STEP][PASSED] - Statement - out.println("BatchSize : " + batchsize): null

2018-05-23 09:56:42 - [TEST_STEP][PASSED] - Statement - For ([n = 1, n <= batchsize - 1, (n++)]): null

2018-05-23 09:56:42 - [TEST_STEP][PASSED] - Statement - product = new com.kms.katalon.core.testobject.TestObject(): null

2018-05-23 09:56:42 - [TEST_STEP][PASSED] - Statement - product = com.kms.katalon.core.webui.keyword.WebUiBuiltInKeywords.modifyObjectProperty(product, "xpath", "equals", "//*[@id = "fldvendor" + row + ""]", true): Modify property of object successfully

2018-05-23 09:56:42 - [MESSAGE][PASSED] - Modify property of object successfully

2018-05-23 09:56:42 - [TEST_STEP][PASSED] - selectOptionByIndex: All options with index in [1] are selected on object ''

2018-05-23 09:56:42 - [MESSAGE][PASSED] - All options with index in [1] are selected on object ''

2018-05-23 09:56:42 - [TEST_STEP][PASSED] - Statement - batch = new com.kms.katalon.core.testobject.TestObject(): null

2018-05-23 09:56:42 - [TEST_STEP][PASSED] - Statement - batch = com.kms.katalon.core.webui.keyword.WebUiBuiltInKeywords.modifyObjectProperty(batch, "xpath", "equals", "//*[@id = "txtbthqty" + row + ""]", true): Modify property of object successfully

2018-05-23 09:56:42 - [MESSAGE][PASSED] - Modify property of object successfully

2018-05-23 09:56:42 - [TEST_STEP][PASSED] - Statement - batchqty = com.kms.katalon.core.webui.keyword.WebUiBuiltInKeywords.getAttribute(batch, "value").trim(): Attribute 'value' of object '' is: '3800'

2018-05-23 09:56:42 - [MESSAGE][PASSED] - Attribute 'value' of object '' is: '3800'

2018-05-23 09:56:42 - [TEST_STEP][PASSED] - Statement - Rqty = 100: null

2018-05-23 09:56:42 - [TEST_STEP][PASSED] - delay: Delayed 2 second(s)

2018-05-23 09:56:44 - [MESSAGE][PASSED] - Delayed 2 second(s)

2018-05-23 09:56:44 - [TEST_STEP][PASSED] - Statement - out.println("BatchQty : " + batchqty): null

2018-05-23 09:56:44 - [TEST_STEP][PASSED] - Statement - out.println("RQty : " + Rqty): null

2018-05-23 09:56:44 - [TEST_STEP][PASSED] - Statement - If (java.lang.Integer.valueOf(batchqty) >= java.lang.Integer.valueOf(Rqty)): null

2018-05-23 09:56:44 - [TEST_STEP][PASSED] - Statement - Break: null

2018-05-23 09:56:44 - [TEST_STEP][PASSED] - Statement - batchlength = new com.kms.katalon.core.testobject.TestObject(): null

2018-05-23 09:56:44 - [TEST_STEP][PASSED] - Statement - batchlength = com.kms.katalon.core.webui.keyword.WebUiBuiltInKeywords.modifyObjectProperty(batchlength, "xpath", "equals", "//*[@id = "fldvendor" + row + ""]", true): Modify property of object successfully

2018-05-23 09:56:44 - [MESSAGE][PASSED] - Modify property of object successfully

2018-05-23 09:56:44 - [TEST_STEP][PASSED] - Statement - batchsize = com.kms.katalon.core.webui.keyword.WebUiBuiltInKeywords.getNumberOfTotalOption(batchlength): 5 options of object '' counted

2018-05-23 09:56:44 - [MESSAGE][PASSED] - 5 options of object '' counted

2018-05-23 09:56:44 - [TEST_STEP][PASSED] - Statement - out.println("BatchSize : " + batchsize): null

2018-05-23 09:56:44 - [TEST_STEP][PASSED] - Statement - For ([n = 1, n <= batchsize - 1, (n++)]): null

2018-05-23 09:56:44 - [TEST_STEP][PASSED] - Statement - product = new com.kms.katalon.core.testobject.TestObject(): null

2018-05-23 09:56:44 - [TEST_STEP][PASSED] - Statement - product = com.kms.katalon.core.webui.keyword.WebUiBuiltInKeywords.modifyObjectProperty(product, "xpath", "equals", "//*[@id = "fldvendor" + row + ""]", true): Modify property of object successfully

2018-05-23 09:56:44 - [MESSAGE][PASSED] - Modify property of object successfully

2018-05-23 09:56:44 - [TEST_STEP][PASSED] - selectOptionByIndex: All options with index in [1] are selected on object ''

2018-05-23 09:56:45 - [MESSAGE][PASSED] - All options with index in [1] are selected on object ''

2018-05-23 09:56:45 - [TEST_STEP][PASSED] - Statement - batch = new com.kms.katalon.core.testobject.TestObject(): null

2018-05-23 09:56:45 - [TEST_STEP][PASSED] - Statement - batch = com.kms.katalon.core.webui.keyword.WebUiBuiltInKeywords.modifyObjectProperty(batch, "xpath", "equals", "//*[@id = "txtbthqty" + row + ""]", true): Modify property of object successfully

2018-05-23 09:56:45 - [MESSAGE][PASSED] - Modify property of object successfully

2018-05-23 09:56:45 - [TEST_STEP][PASSED] - Statement - batchqty = com.kms.katalon.core.webui.keyword.WebUiBuiltInKeywords.getAttribute(batch, "value").trim(): Attribute 'value' of object '' is: '4800'

2018-05-23 09:56:45 - [MESSAGE][PASSED] - Attribute 'value' of object '' is: '4800'

2018-05-23 09:56:45 - [TEST_STEP][PASSED] - Statement - Rqty = 100: null

2018-05-23 09:56:45 - [TEST_STEP][PASSED] - delay: Delayed 2 second(s)

2018-05-23 09:56:47 - [MESSAGE][PASSED] - Delayed 2 second(s)

2018-05-23 09:56:47 - [TEST_STEP][PASSED] - Statement - out.println("BatchQty : " + batchqty): null

2018-05-23 09:56:47 - [TEST_STEP][PASSED] - Statement - out.println("RQty : " + Rqty): null

2018-05-23 09:56:47 - [TEST_STEP][PASSED] - Statement - If (java.lang.Integer.valueOf(batchqty) >= java.lang.Integer.valueOf(Rqty)): null

2018-05-23 09:56:47 - [TEST_STEP][PASSED] - Statement - Break: null

2018-05-23 09:56:47 - [TEST_STEP][PASSED] - Statement - batchlength = new com.kms.katalon.core.testobject.TestObject(): null

2018-05-23 09:56:47 - [TEST_STEP][PASSED] - Statement - batchlength = com.kms.katalon.core.webui.keyword.WebUiBuiltInKeywords.modifyObjectProperty(batchlength, "xpath", "equals", "//*[@id = "fldvendor" + row + ""]", true): Modify property of object successfully

2018-05-23 09:56:47 - [MESSAGE][PASSED] - Modify property of object successfully

2018-05-23 09:56:47 - [TEST_STEP][PASSED] - Statement - batchsize = com.kms.katalon.core.webui.keyword.WebUiBuiltInKeywords.getNumberOfTotalOption(batchlength): 5 options of object '' counted

2018-05-23 09:56:47 - [MESSAGE][PASSED] - 5 options of object '' counted

2018-05-23 09:56:47 - [TEST_STEP][PASSED] - Statement - out.println("BatchSize : " + batchsize): null

2018-05-23 09:56:47 - [TEST_STEP][PASSED] - Statement - For ([n = 1, n <= batchsize - 1, (n++)]): null

2018-05-23 09:56:47 - [TEST_STEP][PASSED] - Statement - product = new com.kms.katalon.core.testobject.TestObject(): null

2018-05-23 09:56:47 - [TEST_STEP][PASSED] - Statement - product = com.kms.katalon.core.webui.keyword.WebUiBuiltInKeywords.modifyObjectProperty(product, "xpath", "equals", "//*[@id = "fldvendor" + row + ""]", true): Modify property of object successfully

2018-05-23 09:56:47 - [MESSAGE][PASSED] - Modify property of object successfully

2018-05-23 09:56:47 - [TEST_STEP][PASSED] - selectOptionByIndex: All options with index in [1] are selected on object ''

2018-05-23 09:56:47 - [MESSAGE][PASSED] - All options with index in [1] are selected on object ''

2018-05-23 09:56:47 - [TEST_STEP][PASSED] - Statement - batch = new com.kms.katalon.core.testobject.TestObject(): null

2018-05-23 09:56:47 - [TEST_STEP][PASSED] - Statement - batch = com.kms.katalon.core.webui.keyword.WebUiBuiltInKeywords.modifyObjectProperty(batch, "xpath", "equals", "//*[@id = "txtbthqty" + row + ""]", true): Modify property of object successfully

2018-05-23 09:56:47 - [MESSAGE][PASSED] - Modify property of object successfully

2018-05-23 09:56:47 - [TEST_STEP][PASSED] - Statement - batchqty = com.kms.katalon.core.webui.keyword.WebUiBuiltInKeywords.getAttribute(batch, "value").trim(): Attribute 'value' of object '' is: '3800'

2018-05-23 09:56:47 - [MESSAGE][PASSED] - Attribute 'value' of object '' is: '3800'

2018-05-23 09:56:47 - [TEST_STEP][PASSED] - Statement - Rqty = 100: null

2018-05-23 09:56:47 - [TEST_STEP][PASSED] - delay: Delayed 2 second(s)

2018-05-23 09:56:49 - [MESSAGE][PASSED] - Delayed 2 second(s)

2018-05-23 09:56:49 - [TEST_STEP][PASSED] - Statement - out.println("BatchQty : " + batchqty): null

2018-05-23 09:56:49 - [TEST_STEP][PASSED] - Statement - out.println("RQty : " + Rqty): null

2018-05-23 09:56:49 - [TEST_STEP][PASSED] - Statement - If (java.lang.Integer.valueOf(batchqty) >= java.lang.Integer.valueOf(Rqty)): null

2018-05-23 09:56:49 - [TEST_STEP][PASSED] - Statement - Break: null

2018-05-23 09:56:49 - [TEST_STEP][PASSED] - Statement - batchlength = new com.kms.katalon.core.testobject.TestObject(): null

2018-05-23 09:56:49 - [TEST_STEP][PASSED] - Statement - batchlength = com.kms.katalon.core.webui.keyword.WebUiBuiltInKeywords.modifyObjectProperty(batchlength, "xpath", "equals", "//*[@id = "fldvendor" + row + ""]", true): Modify property of object successfully

2018-05-23 09:56:49 - [MESSAGE][PASSED] - Modify property of object successfully

2018-05-23 09:56:49 - [TEST_STEP][PASSED] - Statement - batchsize = com.kms.katalon.core.webui.keyword.WebUiBuiltInKeywords.getNumberOfTotalOption(batchlength): 5 options of object '' counted

2018-05-23 09:56:49 - [MESSAGE][PASSED] - 5 options of object '' counted

2018-05-23 09:56:49 - [TEST_STEP][PASSED] - Statement - out.println("BatchSize : " + batchsize): null

2018-05-23 09:56:49 - [TEST_STEP][PASSED] - Statement - For ([n = 1, n <= batchsize - 1, (n++)]): null

2018-05-23 09:56:49 - [TEST_STEP][PASSED] - Statement - product = new com.kms.katalon.core.testobject.TestObject(): null

2018-05-23 09:56:49 - [TEST_STEP][PASSED] - Statement - product = com.kms.katalon.core.webui.keyword.WebUiBuiltInKeywords.modifyObjectProperty(product, "xpath", "equals", "//*[@id = "fldvendor" + row + ""]", true): Modify property of object successfully

2018-05-23 09:56:49 - [MESSAGE][PASSED] - Modify property of object successfully

2018-05-23 09:56:49 - [TEST_STEP][PASSED] - selectOptionByIndex: All options with index in [1] are selected on object ''

2018-05-23 09:56:49 - [MESSAGE][PASSED] - All options with index in [1] are selected on object ''

2018-05-23 09:56:49 - [TEST_STEP][PASSED] - Statement - batch = new com.kms.katalon.core.testobject.TestObject(): null

2018-05-23 09:56:49 - [TEST_STEP][PASSED] - Statement - batch = com.kms.katalon.core.webui.keyword.WebUiBuiltInKeywords.modifyObjectProperty(batch, "xpath", "equals", "//*[@id = "txtbthqty" + row + ""]", true): Modify property of object successfully

2018-05-23 09:56:49 - [MESSAGE][PASSED] - Modify property of object successfully

2018-05-23 09:56:49 - [TEST_STEP][PASSED] - Statement - batchqty = com.kms.katalon.core.webui.keyword.WebUiBuiltInKeywords.getAttribute(batch, "value").trim(): Attribute 'value' of object '' is: '3800'

2018-05-23 09:56:49 - [MESSAGE][PASSED] - Attribute 'value' of object '' is: '3800'

2018-05-23 09:56:49 - [TEST_STEP][PASSED] - Statement - Rqty = 100: null

2018-05-23 09:56:49 - [TEST_STEP][PASSED] - delay: Delayed 2 second(s)

2018-05-23 09:56:51 - [MESSAGE][PASSED] - Delayed 2 second(s)

2018-05-23 09:56:51 - [TEST_STEP][PASSED] - Statement - out.println("BatchQty : " + batchqty): null

2018-05-23 09:56:51 - [TEST_STEP][PASSED] - Statement - out.println("RQty : " + Rqty): null

2018-05-23 09:56:51 - [TEST_STEP][PASSED] - Statement - If (java.lang.Integer.valueOf(batchqty) >= java.lang.Integer.valueOf(Rqty)): null

2018-05-23 09:56:51 - [TEST_STEP][PASSED] - Statement - Break: null

2018-05-23 09:56:51 - [TEST_STEP][PASSED] - Statement - batchlength = new com.kms.katalon.core.testobject.TestObject(): null

2018-05-23 09:56:51 - [TEST_STEP][PASSED] - Statement - batchlength = com.kms.katalon.core.webui.keyword.WebUiBuiltInKeywords.modifyObjectProperty(batchlength, "xpath", "equals", "//*[@id = "fldvendor" + row + ""]", true): Modify property of object successfully

2018-05-23 09:56:51 - [MESSAGE][PASSED] - Modify property of object successfully

2018-05-23 09:56:51 - [TEST_STEP][PASSED] - Statement - batchsize = com.kms.katalon.core.webui.keyword.WebUiBuiltInKeywords.getNumberOfTotalOption(batchlength): 5 options of object '' counted

2018-05-23 09:56:51 - [MESSAGE][PASSED] - 5 options of object '' counted

2018-05-23 09:56:51 - [TEST_STEP][PASSED] - Statement - out.println("BatchSize : " + batchsize): null

2018-05-23 09:56:51 - [TEST_STEP][PASSED] - Statement - For ([n = 1, n <= batchsize - 1, (n++)]): null

2018-05-23 09:56:51 - [TEST_STEP][PASSED] - Statement - product = new com.kms.katalon.core.testobject.TestObject(): null

2018-05-23 09:56:51 - [TEST_STEP][PASSED] - Statement - product = com.kms.katalon.core.webui.keyword.WebUiBuiltInKeywords.modifyObjectProperty(product, "xpath", "equals", "//*[@id = "fldvendor" + row + ""]", true): Modify property of object successfully

2018-05-23 09:56:51 - [MESSAGE][PASSED] - Modify property of object successfully

2018-05-23 09:56:51 - [TEST_STEP][PASSED] - selectOptionByIndex: All options with index in [1] are selected on object ''

2018-05-23 09:56:51 - [MESSAGE][PASSED] - All options with index in [1] are selected on object ''

2018-05-23 09:56:51 - [TEST_STEP][PASSED] - Statement - batch = new com.kms.katalon.core.testobject.TestObject(): null

2018-05-23 09:56:51 - [TEST_STEP][PASSED] - Statement - batch = com.kms.katalon.core.webui.keyword.WebUiBuiltInKeywords.modifyObjectProperty(batch, "xpath", "equals", "//*[@id = "txtbthqty" + row + ""]", true): Modify property of object successfully

2018-05-23 09:56:51 - [MESSAGE][PASSED] - Modify property of object successfully

2018-05-23 09:56:51 - [TEST_STEP][PASSED] - Statement - batchqty = com.kms.katalon.core.webui.keyword.WebUiBuiltInKeywords.getAttribute(batch, "value").trim(): Attribute 'value' of object '' is: '3800'

2018-05-23 09:56:51 - [MESSAGE][PASSED] - Attribute 'value' of object '' is: '3800'

2018-05-23 09:56:51 - [TEST_STEP][PASSED] - Statement - Rqty = 100: null

2018-05-23 09:56:51 - [TEST_STEP][PASSED] - delay: Delayed 2 second(s)

2018-05-23 09:56:53 - [MESSAGE][PASSED] - Delayed 2 second(s)

2018-05-23 09:56:53 - [TEST_STEP][PASSED] - Statement - out.println("BatchQty : " + batchqty): null

2018-05-23 09:56:53 - [TEST_STEP][PASSED] - Statement - out.println("RQty : " + Rqty): null

2018-05-23 09:56:53 - [TEST_STEP][PASSED] - Statement - If (java.lang.Integer.valueOf(batchqty) >= java.lang.Integer.valueOf(Rqty)): null

2018-05-23 09:56:53 - [TEST_STEP][PASSED] - Statement - Break: null

2018-05-23 09:56:53 - [TEST_STEP][PASSED] - Statement - batchlength = new com.kms.katalon.core.testobject.TestObject(): null

2018-05-23 09:56:53 - [TEST_STEP][PASSED] - Statement - batchlength = com.kms.katalon.core.webui.keyword.WebUiBuiltInKeywords.modifyObjectProperty(batchlength, "xpath", "equals", "//*[@id = "fldvendor" + row + ""]", true): Modify property of object successfully

2018-05-23 09:56:53 - [MESSAGE][PASSED] - Modify property of object successfully

2018-05-23 09:56:53 - [TEST_STEP][PASSED] - Statement - batchsize = com.kms.katalon.core.webui.keyword.WebUiBuiltInKeywords.getNumberOfTotalOption(batchlength): 5 options of object '' counted

2018-05-23 09:56:54 - [MESSAGE][PASSED] - 5 options of object '' counted

2018-05-23 09:56:54 - [TEST_STEP][PASSED] - Statement - out.println("BatchSize : " + batchsize): null

2018-05-23 09:56:54 - [TEST_STEP][PASSED] - Statement - For ([n = 1, n <= batchsize - 1, (n++)]): null

2018-05-23 09:56:54 - [TEST_STEP][PASSED] - Statement - product = new com.kms.katalon.core.testobject.TestObject(): null

2018-05-23 09:56:54 - [TEST_STEP][PASSED] - Statement - product = com.kms.katalon.core.webui.keyword.WebUiBuiltInKeywords.modifyObjectProperty(product, "xpath", "equals", "//*[@id = "fldvendor" + row + ""]", true): Modify property of object successfully

2018-05-23 09:56:54 - [MESSAGE][PASSED] - Modify property of object successfully

2018-05-23 09:56:54 - [TEST_STEP][PASSED] - selectOptionByIndex: All options with index in [1] are selected on object ''

2018-05-23 09:56:54 - [MESSAGE][PASSED] - All options with index in [1] are selected on object ''

2018-05-23 09:56:54 - [TEST_STEP][PASSED] - Statement - batch = new com.kms.katalon.core.testobject.TestObject(): null

2018-05-23 09:56:54 - [TEST_STEP][PASSED] - Statement - batch = com.kms.katalon.core.webui.keyword.WebUiBuiltInKeywords.modifyObjectProperty(batch, "xpath", "equals", "//*[@id = "txtbthqty" + row + ""]", true): Modify property of object successfully

2018-05-23 09:56:54 - [MESSAGE][PASSED] - Modify property of object successfully

2018-05-23 09:56:54 - [TEST_STEP][PASSED] - Statement - batchqty = com.kms.katalon.core.webui.keyword.WebUiBuiltInKeywords.getAttribute(batch, "value").trim(): Attribute 'value' of object '' is: '4800'

2018-05-23 09:56:54 - [MESSAGE][PASSED] - Attribute 'value' of object '' is: '4800'

2018-05-23 09:56:54 - [TEST_STEP][PASSED] - Statement - Rqty = 100: null

2018-05-23 09:56:54 - [TEST_STEP][PASSED] - delay: Delayed 2 second(s)

2018-05-23 09:56:56 - [MESSAGE][PASSED] - Delayed 2 second(s)

2018-05-23 09:56:56 - [TEST_STEP][PASSED] - Statement - out.println("BatchQty : " + batchqty): null

2018-05-23 09:56:56 - [TEST_STEP][PASSED] - Statement - out.println("RQty : " + Rqty): null

2018-05-23 09:56:56 - [TEST_STEP][PASSED] - Statement - If (java.lang.Integer.valueOf(batchqty) >= java.lang.Integer.valueOf(Rqty)): null

2018-05-23 09:56:56 - [TEST_STEP][PASSED] - Statement - Break: null

2018-05-23 09:56:56 - [TEST_STEP][PASSED] - Statement - batchlength = new com.kms.katalon.core.testobject.TestObject(): null

2018-05-23 09:56:56 - [TEST_STEP][PASSED] - Statement - batchlength = com.kms.katalon.core.webui.keyword.WebUiBuiltInKeywords.modifyObjectProperty(batchlength, "xpath", "equals", "//*[@id = "fldvendor" + row + ""]", true): Modify property of object successfully

2018-05-23 09:56:56 - [MESSAGE][PASSED] - Modify property of object successfully

2018-05-23 09:56:56 - [TEST_STEP][PASSED] - Statement - batchsize = com.kms.katalon.core.webui.keyword.WebUiBuiltInKeywords.getNumberOfTotalOption(batchlength): 5 options of object '' counted

2018-05-23 09:56:56 - [MESSAGE][PASSED] - 5 options of object '' counted

2018-05-23 09:56:56 - [TEST_STEP][PASSED] - Statement - out.println("BatchSize : " + batchsize): null

2018-05-23 09:56:56 - [TEST_STEP][PASSED] - Statement - For ([n = 1, n <= batchsize - 1, (n++)]): null

2018-05-23 09:56:56 - [TEST_STEP][PASSED] - Statement - product = new com.kms.katalon.core.testobject.TestObject(): null

2018-05-23 09:56:56 - [TEST_STEP][PASSED] - Statement - product = com.kms.katalon.core.webui.keyword.WebUiBuiltInKeywords.modifyObjectProperty(product, "xpath", "equals", "//*[@id = "fldvendor" + row + ""]", true): Modify property of object successfully

2018-05-23 09:56:56 - [MESSAGE][PASSED] - Modify property of object successfully

2018-05-23 09:56:56 - [TEST_STEP][PASSED] - selectOptionByIndex: All options with index in [1] are selected on object ''

2018-05-23 09:56:56 - [MESSAGE][PASSED] - All options with index in [1] are selected on object ''

2018-05-23 09:56:56 - [TEST_STEP][PASSED] - Statement - batch = new com.kms.katalon.core.testobject.TestObject(): null

2018-05-23 09:56:56 - [TEST_STEP][PASSED] - Statement - batch = com.kms.katalon.core.webui.keyword.WebUiBuiltInKeywords.modifyObjectProperty(batch, "xpath", "equals", "//*[@id = "txtbthqty" + row + ""]", true): Modify property of object successfully

2018-05-23 09:56:56 - [MESSAGE][PASSED] - Modify property of object successfully

2018-05-23 09:56:56 - [TEST_STEP][PASSED] - Statement - batchqty = com.kms.katalon.core.webui.keyword.WebUiBuiltInKeywords.getAttribute(batch, "value").trim(): Attribute 'value' of object '' is: '3800'

2018-05-23 09:56:56 - [MESSAGE][PASSED] - Attribute 'value' of object '' is: '3800'

2018-05-23 09:56:56 - [TEST_STEP][PASSED] - Statement - Rqty = 100: null

2018-05-23 09:56:56 - [TEST_STEP][PASSED] - delay: Delayed 2 second(s)

2018-05-23 09:56:58 - [MESSAGE][PASSED] - Delayed 2 second(s)

2018-05-23 09:56:58 - [TEST_STEP][PASSED] - Statement - out.println("BatchQty : " + batchqty): null

2018-05-23 09:56:58 - [TEST_STEP][PASSED] - Statement - out.println("RQty : " + Rqty): null

2018-05-23 09:56:58 - [TEST_STEP][PASSED] - Statement - If (java.lang.Integer.valueOf(batchqty) >= java.lang.Integer.valueOf(Rqty)): null

2018-05-23 09:56:58 - [TEST_STEP][PASSED] - Statement - Break: null

2018-05-23 09:56:58 - [TEST_STEP][PASSED] - Statement - batchlength = new com.kms.katalon.core.testobject.TestObject(): null

2018-05-23 09:56:58 - [TEST_STEP][PASSED] - Statement - batchlength = com.kms.katalon.core.webui.keyword.WebUiBuiltInKeywords.modifyObjectProperty(batchlength, "xpath", "equals", "//*[@id = "fldvendor" + row + ""]", true): Modify property of object successfully

2018-05-23 09:56:58 - [MESSAGE][PASSED] - Modify property of object successfully

2018-05-23 09:56:58 - [TEST_STEP][PASSED] - Statement - batchsize = com.kms.katalon.core.webui.keyword.WebUiBuiltInKeywords.getNumberOfTotalOption(batchlength): 5 options of object '' counted

2018-05-23 09:56:58 - [MESSAGE][PASSED] - 5 options of object '' counted

2018-05-23 09:56:58 - [TEST_STEP][PASSED] - Statement - out.println("BatchSize : " + batchsize): null

2018-05-23 09:56:58 - [TEST_STEP][PASSED] - Statement - For ([n = 1, n <= batchsize - 1, (n++)]): null

2018-05-23 09:56:58 - [TEST_STEP][PASSED] - Statement - product = new com.kms.katalon.core.testobject.TestObject(): null

2018-05-23 09:56:58 - [TEST_STEP][PASSED] - Statement - product = com.kms.katalon.core.webui.keyword.WebUiBuiltInKeywords.modifyObjectProperty(product, "xpath", "equals", "//*[@id = "fldvendor" + row + ""]", true): Modify property of object successfully

2018-05-23 09:56:58 - [MESSAGE][PASSED] - Modify property of object successfully

2018-05-23 09:56:58 - [TEST_STEP][PASSED] - selectOptionByIndex: All options with index in [1] are selected on object ''

2018-05-23 09:56:58 - [MESSAGE][PASSED] - All options with index in [1] are selected on object ''

2018-05-23 09:56:58 - [TEST_STEP][PASSED] - Statement - batch = new com.kms.katalon.core.testobject.TestObject(): null

2018-05-23 09:56:58 - [TEST_STEP][PASSED] - Statement - batch = com.kms.katalon.core.webui.keyword.WebUiBuiltInKeywords.modifyObjectProperty(batch, "xpath", "equals", "//*[@id = "txtbthqty" + row + ""]", true): Modify property of object successfully

2018-05-23 09:56:58 - [MESSAGE][PASSED] - Modify property of object successfully

2018-05-23 09:56:58 - [TEST_STEP][PASSED] - Statement - batchqty = com.kms.katalon.core.webui.keyword.WebUiBuiltInKeywords.getAttribute(batch, "value").trim(): Attribute 'value' of object '' is: '4800'

2018-05-23 09:56:58 - [MESSAGE][PASSED] - Attribute 'value' of object '' is: '4800'

2018-05-23 09:56:58 - [TEST_STEP][PASSED] - Statement - Rqty = 100: null

2018-05-23 09:56:58 - [TEST_STEP][PASSED] - delay: Delayed 2 second(s)

2018-05-23 09:57:00 - [MESSAGE][PASSED] - Delayed 2 second(s)

2018-05-23 09:57:00 - [TEST_STEP][PASSED] - Statement - out.println("BatchQty : " + batchqty): null

2018-05-23 09:57:00 - [TEST_STEP][PASSED] - Statement - out.println("RQty : " + Rqty): null

2018-05-23 09:57:00 - [TEST_STEP][PASSED] - Statement - If (java.lang.Integer.valueOf(batchqty) >= java.lang.Integer.valueOf(Rqty)): null

2018-05-23 09:57:00 - [TEST_STEP][PASSED] - Statement - Break: null

2018-05-23 09:57:00 - [TEST_STEP][PASSED] - Statement - batchlength = new com.kms.katalon.core.testobject.TestObject(): null

2018-05-23 09:57:00 - [TEST_STEP][PASSED] - Statement - batchlength = com.kms.katalon.core.webui.keyword.WebUiBuiltInKeywords.modifyObjectProperty(batchlength, "xpath", "equals", "//*[@id = "fldvendor" + row + ""]", true): Modify property of object successfully

2018-05-23 09:57:00 - [MESSAGE][PASSED] - Modify property of object successfully

2018-05-23 09:57:00 - [TEST_STEP][PASSED] - Statement - batchsize = com.kms.katalon.core.webui.keyword.WebUiBuiltInKeywords.getNumberOfTotalOption(batchlength): 5 options of object '' counted

2018-05-23 09:57:00 - [MESSAGE][PASSED] - 5 options of object '' counted

2018-05-23 09:57:00 - [TEST_STEP][PASSED] - Statement - out.println("BatchSize : " + batchsize): null

2018-05-23 09:57:00 - [TEST_STEP][PASSED] - Statement - For ([n = 1, n <= batchsize - 1, (n++)]): null

2018-05-23 09:57:00 - [TEST_STEP][PASSED] - Statement - product = new com.kms.katalon.core.testobject.TestObject(): null

2018-05-23 09:57:00 - [TEST_STEP][PASSED] - Statement - product = com.kms.katalon.core.webui.keyword.WebUiBuiltInKeywords.modifyObjectProperty(product, "xpath", "equals", "//*[@id = "fldvendor" + row + ""]", true): Modify property of object successfully

2018-05-23 09:57:00 - [MESSAGE][PASSED] - Modify property of object successfully

2018-05-23 09:57:00 - [TEST_STEP][PASSED] - selectOptionByIndex: All options with index in [1] are selected on object ''

2018-05-23 09:57:00 - [MESSAGE][PASSED] - All options with index in [1] are selected on object ''

2018-05-23 09:57:00 - [TEST_STEP][PASSED] - Statement - batch = new com.kms.katalon.core.testobject.TestObject(): null

2018-05-23 09:57:00 - [TEST_STEP][PASSED] - Statement - batch = com.kms.katalon.core.webui.keyword.WebUiBuiltInKeywords.modifyObjectProperty(batch, "xpath", "equals", "//*[@id = "txtbthqty" + row + ""]", true): Modify property of object successfully

2018-05-23 09:57:00 - [MESSAGE][PASSED] - Modify property of object successfully

2018-05-23 09:57:00 - [TEST_STEP][PASSED] - Statement - batchqty = com.kms.katalon.core.webui.keyword.WebUiBuiltInKeywords.getAttribute(batch, "value").trim(): Attribute 'value' of object '' is: '4800'

2018-05-23 09:57:01 - [MESSAGE][PASSED] - Attribute 'value' of object '' is: '4800'

2018-05-23 09:57:01 - [TEST_STEP][PASSED] - Statement - Rqty = 100: null

2018-05-23 09:57:01 - [TEST_STEP][PASSED] - delay: Delayed 2 second(s)

2018-05-23 09:57:03 - [MESSAGE][PASSED] - Delayed 2 second(s)

2018-05-23 09:57:03 - [TEST_STEP][PASSED] - Statement - out.println("BatchQty : " + batchqty): null

2018-05-23 09:57:03 - [TEST_STEP][PASSED] - Statement - out.println("RQty : " + Rqty): null

2018-05-23 09:57:03 - [TEST_STEP][PASSED] - Statement - If (java.lang.Integer.valueOf(batchqty) >= java.lang.Integer.valueOf(Rqty)): null

2018-05-23 09:57:03 - [TEST_STEP][PASSED] - Statement - Break: null

2018-05-23 09:57:03 - [TEST_STEP][PASSED] - Statement - batchlength = new com.kms.katalon.core.testobject.TestObject(): null

2018-05-23 09:57:03 - [TEST_STEP][PASSED] - Statement - batchlength = com.kms.katalon.core.webui.keyword.WebUiBuiltInKeywords.modifyObjectProperty(batchlength, "xpath", "equals", "//*[@id = "fldvendor" + row + ""]", true): Modify property of object successfully

2018-05-23 09:57:03 - [MESSAGE][PASSED] - Modify property of object successfully

2018-05-23 09:57:03 - [TEST_STEP][PASSED] - Statement - batchsize = com.kms.katalon.core.webui.keyword.WebUiBuiltInKeywords.getNumberOfTotalOption(batchlength): 5 options of object '' counted

2018-05-23 09:57:03 - [MESSAGE][PASSED] - 5 options of object '' counted

2018-05-23 09:57:03 - [TEST_STEP][PASSED] - Statement - out.println("BatchSize : " + batchsize): null

2018-05-23 09:57:03 - [TEST_STEP][PASSED] - Statement - For ([n = 1, n <= batchsize - 1, (n++)]): null

2018-05-23 09:57:03 - [TEST_STEP][PASSED] - Statement - product = new com.kms.katalon.core.testobject.TestObject(): null

2018-05-23 09:57:03 - [TEST_STEP][PASSED] - Statement - product = com.kms.katalon.core.webui.keyword.WebUiBuiltInKeywords.modifyObjectProperty(product, "xpath", "equals", "//*[@id = "fldvendor" + row + ""]", true): Modify property of object successfully

2018-05-23 09:57:03 - [MESSAGE][PASSED] - Modify property of object successfully

2018-05-23 09:57:03 - [TEST_STEP][PASSED] - selectOptionByIndex: All options with index in [1] are selected on object ''

2018-05-23 09:57:03 - [MESSAGE][PASSED] - All options with index in [1] are selected on object ''

2018-05-23 09:57:03 - [TEST_STEP][PASSED] - Statement - batch = new com.kms.katalon.core.testobject.TestObject(): null

2018-05-23 09:57:03 - [TEST_STEP][PASSED] - Statement - batch = com.kms.katalon.core.webui.keyword.WebUiBuiltInKeywords.modifyObjectProperty(batch, "xpath", "equals", "//*[@id = "txtbthqty" + row + ""]", true): Modify property of object successfully

2018-05-23 09:57:03 - [MESSAGE][PASSED] - Modify property of object successfully

2018-05-23 09:57:03 - [TEST_STEP][PASSED] - Statement - batchqty = com.kms.katalon.core.webui.keyword.WebUiBuiltInKeywords.getAttribute(batch, "value").trim(): Attribute 'value' of object '' is: '4800'

2018-05-23 09:57:03 - [MESSAGE][PASSED] - Attribute 'value' of object '' is: '4800'

2018-05-23 09:57:03 - [TEST_STEP][PASSED] - Statement - Rqty = 100: null

2018-05-23 09:57:03 - [TEST_STEP][PASSED] - delay: Delayed 2 second(s)

2018-05-23 09:57:05 - [MESSAGE][PASSED] - Delayed 2 second(s)

2018-05-23 09:57:05 - [TEST_STEP][PASSED] - Statement - out.println("BatchQty : " + batchqty): null

2018-05-23 09:57:05 - [TEST_STEP][PASSED] - Statement - out.println("RQty : " + Rqty): null

2018-05-23 09:57:05 - [TEST_STEP][PASSED] - Statement - If (java.lang.Integer.valueOf(batchqty) >= java.lang.Integer.valueOf(Rqty)): null

2018-05-23 09:57:05 - [TEST_STEP][PASSED] - Statement - Break: null

2018-05-23 09:57:05 - [TEST_STEP][PASSED] - Statement - batchlength = new com.kms.katalon.core.testobject.TestObject(): null

2018-05-23 09:57:05 - [TEST_STEP][PASSED] - Statement - batchlength = com.kms.katalon.core.webui.keyword.WebUiBuiltInKeywords.modifyObjectProperty(batchlength, "xpath", "equals", "//*[@id = "fldvendor" + row + ""]", true): Modify property of object successfully

2018-05-23 09:57:05 - [MESSAGE][PASSED] - Modify property of object successfully

2018-05-23 09:57:05 - [TEST_STEP][PASSED] - Statement - batchsize = com.kms.katalon.core.webui.keyword.WebUiBuiltInKeywords.getNumberOfTotalOption(batchlength): 5 options of object '' counted

2018-05-23 09:57:05 - [MESSAGE][PASSED] - 5 options of object '' counted

2018-05-23 09:57:05 - [TEST_STEP][PASSED] - Statement - out.println("BatchSize : " + batchsize): null

2018-05-23 09:57:05 - [TEST_STEP][PASSED] - Statement - For ([n = 1, n <= batchsize - 1, (n++)]): null

2018-05-23 09:57:05 - [TEST_STEP][PASSED] - Statement - product = new com.kms.katalon.core.testobject.TestObject(): null

2018-05-23 09:57:05 - [TEST_STEP][PASSED] - Statement - product = com.kms.katalon.core.webui.keyword.WebUiBuiltInKeywords.modifyObjectProperty(product, "xpath", "equals", "//*[@id = "fldvendor" + row + ""]", true): Modify property of object successfully

2018-05-23 09:57:05 - [MESSAGE][PASSED] - Modify property of object successfully

2018-05-23 09:57:05 - [TEST_STEP][PASSED] - selectOptionByIndex: All options with index in [1] are selected on object ''

2018-05-23 09:57:05 - [MESSAGE][PASSED] - All options with index in [1] are selected on object ''

2018-05-23 09:57:05 - [TEST_STEP][PASSED] - Statement - batch = new com.kms.katalon.core.testobject.TestObject(): null

2018-05-23 09:57:05 - [TEST_STEP][PASSED] - Statement - batch = com.kms.katalon.core.webui.keyword.WebUiBuiltInKeywords.modifyObjectProperty(batch, "xpath", "equals", "//*[@id = "txtbthqty" + row + ""]", true): Modify property of object successfully

2018-05-23 09:57:05 - [MESSAGE][PASSED] - Modify property of object successfully

2018-05-23 09:57:05 - [TEST_STEP][PASSED] - Statement - batchqty = com.kms.katalon.core.webui.keyword.WebUiBuiltInKeywords.getAttribute(batch, "value").trim(): Attribute 'value' of object '' is: '4800'

2018-05-23 09:57:05 - [MESSAGE][PASSED] - Attribute 'value' of object '' is: '4800'

2018-05-23 09:57:05 - [TEST_STEP][PASSED] - Statement - Rqty = 100: null

2018-05-23 09:57:05 - [TEST_STEP][PASSED] - delay: Delayed 2 second(s)

2018-05-23 09:57:07 - [MESSAGE][PASSED] - Delayed 2 second(s)

2018-05-23 09:57:07 - [TEST_STEP][PASSED] - Statement - out.println("BatchQty : " + batchqty): null

2018-05-23 09:57:07 - [TEST_STEP][PASSED] - Statement - out.println("RQty : " + Rqty): null

2018-05-23 09:57:07 - [TEST_STEP][PASSED] - Statement - If (java.lang.Integer.valueOf(batchqty) >= java.lang.Integer.valueOf(Rqty)): null

2018-05-23 09:57:07 - [TEST_STEP][PASSED] - Statement - Break: null

2018-05-23 09:57:07 - [TEST_STEP][PASSED] - Statement - batchlength = new com.kms.katalon.core.testobject.TestObject(): null

2018-05-23 09:57:07 - [TEST_STEP][PASSED] - Statement - batchlength = com.kms.katalon.core.webui.keyword.WebUiBuiltInKeywords.modifyObjectProperty(batchlength, "xpath", "equals", "//*[@id = "fldvendor" + row + ""]", true): Modify property of object successfully

2018-05-23 09:57:07 - [MESSAGE][PASSED] - Modify property of object successfully

2018-05-23 09:57:07 - [TEST_STEP][PASSED] - Statement - batchsize = com.kms.katalon.core.webui.keyword.WebUiBuiltInKeywords.getNumberOfTotalOption(batchlength): 5 options of object '' counted

2018-05-23 09:57:07 - [MESSAGE][PASSED] - 5 options of object '' counted

2018-05-23 09:57:07 - [TEST_STEP][PASSED] - Statement - out.println("BatchSize : " + batchsize): null

2018-05-23 09:57:07 - [TEST_STEP][PASSED] - Statement - For ([n = 1, n <= batchsize - 1, (n++)]): null

2018-05-23 09:57:07 - [TEST_STEP][PASSED] - Statement - product = new com.kms.katalon.core.testobject.TestObject(): null

2018-05-23 09:57:07 - [TEST_STEP][PASSED] - Statement - product = com.kms.katalon.core.webui.keyword.WebUiBuiltInKeywords.modifyObjectProperty(product, "xpath", "equals", "//*[@id = "fldvendor" + row + ""]", true): Modify property of object successfully

2018-05-23 09:57:07 - [MESSAGE][PASSED] - Modify property of object successfully

2018-05-23 09:57:07 - [TEST_STEP][PASSED] - selectOptionByIndex: All options with index in [1] are selected on object ''

2018-05-23 09:57:07 - [MESSAGE][PASSED] - All options with index in [1] are selected on object ''

2018-05-23 09:57:07 - [TEST_STEP][PASSED] - Statement - batch = new com.kms.katalon.core.testobject.TestObject(): null

2018-05-23 09:57:07 - [TEST_STEP][PASSED] - Statement - batch = com.kms.katalon.core.webui.keyword.WebUiBuiltInKeywords.modifyObjectProperty(batch, "xpath", "equals", "//*[@id = "txtbthqty" + row + ""]", true): Modify property of object successfully

2018-05-23 09:57:07 - [MESSAGE][PASSED] - Modify property of object successfully

2018-05-23 09:57:07 - [TEST_STEP][PASSED] - Statement - batchqty = com.kms.katalon.core.webui.keyword.WebUiBuiltInKeywords.getAttribute(batch, "value").trim(): Attribute 'value' of object '' is: '38500'

2018-05-23 09:57:07 - [MESSAGE][PASSED] - Attribute 'value' of object '' is: '38500'

2018-05-23 09:57:07 - [TEST_STEP][PASSED] - Statement - Rqty = 100: null

2018-05-23 09:57:07 - [TEST_STEP][PASSED] - delay: Delayed 2 second(s)

2018-05-23 09:57:09 - [MESSAGE][PASSED] - Delayed 2 second(s)

2018-05-23 09:57:09 - [TEST_STEP][PASSED] - Statement - out.println("BatchQty : " + batchqty): null

2018-05-23 09:57:09 - [TEST_STEP][PASSED] - Statement - out.println("RQty : " + Rqty): null

2018-05-23 09:57:09 - [TEST_STEP][PASSED] - Statement - If (java.lang.Integer.valueOf(batchqty) >= java.lang.Integer.valueOf(Rqty)): null

2018-05-23 09:57:09 - [TEST_STEP][PASSED] - Statement - Break: null

2018-05-23 09:57:09 - [TEST_STEP][PASSED] - Statement - batchlength = new com.kms.katalon.core.testobject.TestObject(): null

2018-05-23 09:57:09 - [TEST_STEP][PASSED] - Statement - batchlength = com.kms.katalon.core.webui.keyword.WebUiBuiltInKeywords.modifyObjectProperty(batchlength, "xpath", "equals", "//*[@id = "fldvendor" + row + ""]", true): Modify property of object successfully

2018-05-23 09:57:09 - [MESSAGE][PASSED] - Modify property of object successfully

2018-05-23 09:57:09 - [TEST_STEP][PASSED] - Statement - batchsize = com.kms.katalon.core.webui.keyword.WebUiBuiltInKeywords.getNumberOfTotalOption(batchlength): 5 options of object '' counted

2018-05-23 09:57:09 - [MESSAGE][PASSED] - 5 options of object '' counted

2018-05-23 09:57:09 - [TEST_STEP][PASSED] - Statement - out.println("BatchSize : " + batchsize): null

2018-05-23 09:57:09 - [TEST_STEP][PASSED] - Statement - For ([n = 1, n <= batchsize - 1, (n++)]): null

2018-05-23 09:57:09 - [TEST_STEP][PASSED] - Statement - product = new com.kms.katalon.core.testobject.TestObject(): null

2018-05-23 09:57:09 - [TEST_STEP][PASSED] - Statement - product = com.kms.katalon.core.webui.keyword.WebUiBuiltInKeywords.modifyObjectProperty(product, "xpath", "equals", "//*[@id = "fldvendor" + row + ""]", true): Modify property of object successfully

2018-05-23 09:57:09 - [MESSAGE][PASSED] - Modify property of object successfully

2018-05-23 09:57:09 - [TEST_STEP][PASSED] - selectOptionByIndex: All options with index in [1] are selected on object ''

2018-05-23 09:57:10 - [MESSAGE][PASSED] - All options with index in [1] are selected on object ''

2018-05-23 09:57:10 - [TEST_STEP][PASSED] - Statement - batch = new com.kms.katalon.core.testobject.TestObject(): null

2018-05-23 09:57:10 - [TEST_STEP][PASSED] - Statement - batch = com.kms.katalon.core.webui.keyword.WebUiBuiltInKeywords.modifyObjectProperty(batch, "xpath", "equals", "//*[@id = "txtbthqty" + row + ""]", true): Modify property of object successfully

2018-05-23 09:57:10 - [MESSAGE][PASSED] - Modify property of object successfully

2018-05-23 09:57:10 - [TEST_STEP][PASSED] - Statement - batchqty = com.kms.katalon.core.webui.keyword.WebUiBuiltInKeywords.getAttribute(batch, "value").trim(): Attribute 'value' of object '' is: '4800'

2018-05-23 09:57:10 - [MESSAGE][PASSED] - Attribute 'value' of object '' is: '4800'

2018-05-23 09:57:10 - [TEST_STEP][PASSED] - Statement - Rqty = 100: null

2018-05-23 09:57:10 - [TEST_STEP][PASSED] - delay: Delayed 2 second(s)

2018-05-23 09:57:12 - [MESSAGE][PASSED] - Delayed 2 second(s)

2018-05-23 09:57:12 - [TEST_STEP][PASSED] - Statement - out.println("BatchQty : " + batchqty): null

2018-05-23 09:57:12 - [TEST_STEP][PASSED] - Statement - out.println("RQty : " + Rqty): null

2018-05-23 09:57:12 - [TEST_STEP][PASSED] - Statement - If (java.lang.Integer.valueOf(batchqty) >= java.lang.Integer.valueOf(Rqty)): null

2018-05-23 09:57:12 - [TEST_STEP][PASSED] - Statement - Break: null

2018-05-23 09:57:12 - [TEST_STEP][PASSED] - Statement - batchlength = new com.kms.katalon.core.testobject.TestObject(): null

2018-05-23 09:57:12 - [TEST_STEP][PASSED] - Statement - batchlength = com.kms.katalon.core.webui.keyword.WebUiBuiltInKeywords.modifyObjectProperty(batchlength, "xpath", "equals", "//*[@id = "fldvendor" + row + ""]", true): Modify property of object successfully

2018-05-23 09:57:12 - [MESSAGE][PASSED] - Modify property of object successfully

2018-05-23 09:57:12 - [TEST_STEP][PASSED] - Statement - batchsize = com.kms.katalon.core.webui.keyword.WebUiBuiltInKeywords.getNumberOfTotalOption(batchlength): 5 options of object '' counted

2018-05-23 09:57:12 - [MESSAGE][PASSED] - 5 options of object '' counted

2018-05-23 09:57:12 - [TEST_STEP][PASSED] - Statement - out.println("BatchSize : " + batchsize): null

2018-05-23 09:57:12 - [TEST_STEP][PASSED] - Statement - For ([n = 1, n <= batchsize - 1, (n++)]): null

2018-05-23 09:57:12 - [TEST_STEP][PASSED] - Statement - product = new com.kms.katalon.core.testobject.TestObject(): null

2018-05-23 09:57:12 - [TEST_STEP][PASSED] - Statement - product = com.kms.katalon.core.webui.keyword.WebUiBuiltInKeywords.modifyObjectProperty(product, "xpath", "equals", "//*[@id = "fldvendor" + row + ""]", true): Modify property of object successfully

2018-05-23 09:57:12 - [MESSAGE][PASSED] - Modify property of object successfully

2018-05-23 09:57:12 - [TEST_STEP][PASSED] - selectOptionByIndex: All options with index in [1] are selected on object ''

2018-05-23 09:57:12 - [MESSAGE][PASSED] - All options with index in [1] are selected on object ''

2018-05-23 09:57:12 - [TEST_STEP][PASSED] - Statement - batch = new com.kms.katalon.core.testobject.TestObject(): null

2018-05-23 09:57:12 - [TEST_STEP][PASSED] - Statement - batch = com.kms.katalon.core.webui.keyword.WebUiBuiltInKeywords.modifyObjectProperty(batch, "xpath", "equals", "//*[@id = "txtbthqty" + row + ""]", true): Modify property of object successfully

2018-05-23 09:57:12 - [MESSAGE][PASSED] - Modify property of object successfully

2018-05-23 09:57:12 - [TEST_STEP][PASSED] - Statement - batchqty = com.kms.katalon.core.webui.keyword.WebUiBuiltInKeywords.getAttribute(batch, "value").trim(): Attribute 'value' of object '' is: '4800'

2018-05-23 09:57:12 - [MESSAGE][PASSED] - Attribute 'value' of object '' is: '4800'

2018-05-23 09:57:12 - [TEST_STEP][PASSED] - Statement - Rqty = 100: null

2018-05-23 09:57:12 - [TEST_STEP][PASSED] - delay: Delayed 2 second(s)

2018-05-23 09:57:14 - [MESSAGE][PASSED] - Delayed 2 second(s)

2018-05-23 09:57:14 - [TEST_STEP][PASSED] - Statement - out.println("BatchQty : " + batchqty): null

2018-05-23 09:57:14 - [TEST_STEP][PASSED] - Statement - out.println("RQty : " + Rqty): null

2018-05-23 09:57:14 - [TEST_STEP][PASSED] - Statement - If (java.lang.Integer.valueOf(batchqty) >= java.lang.Integer.valueOf(Rqty)): null

2018-05-23 09:57:14 - [TEST_STEP][PASSED] - Statement - Break: null

2018-05-23 09:57:14 - [TEST_STEP][PASSED] - Statement - batchlength = new com.kms.katalon.core.testobject.TestObject(): null

2018-05-23 09:57:14 - [TEST_STEP][PASSED] - Statement - batchlength = com.kms.katalon.core.webui.keyword.WebUiBuiltInKeywords.modifyObjectProperty(batchlength, "xpath", "equals", "//*[@id = "fldvendor" + row + ""]", true): Modify property of object successfully

2018-05-23 09:57:14 - [MESSAGE][PASSED] - Modify property of object successfully

2018-05-23 09:57:14 - [TEST_STEP][PASSED] - Statement - batchsize = com.kms.katalon.core.webui.keyword.WebUiBuiltInKeywords.getNumberOfTotalOption(batchlength): 5 options of object '' counted

2018-05-23 09:57:14 - [MESSAGE][PASSED] - 5 options of object '' counted

2018-05-23 09:57:14 - [TEST_STEP][PASSED] - Statement - out.println("BatchSize : " + batchsize): null

2018-05-23 09:57:14 - [TEST_STEP][PASSED] - Statement - For ([n = 1, n <= batchsize - 1, (n++)]): null

2018-05-23 09:57:14 - [TEST_STEP][PASSED] - Statement - product = new com.kms.katalon.core.testobject.TestObject(): null

2018-05-23 09:57:14 - [TEST_STEP][PASSED] - Statement - product = com.kms.katalon.core.webui.keyword.WebUiBuiltInKeywords.modifyObjectProperty(product, "xpath", "equals", "//*[@id = "fldvendor" + row + ""]", true): Modify property of object successfully

2018-05-23 09:57:14 - [MESSAGE][PASSED] - Modify property of object successfully

2018-05-23 09:57:14 - [TEST_STEP][PASSED] - selectOptionByIndex: All options with index in [1] are selected on object ''

2018-05-23 09:57:14 - [MESSAGE][PASSED] - All options with index in [1] are selected on object ''

2018-05-23 09:57:14 - [TEST_STEP][PASSED] - Statement - batch = new com.kms.katalon.core.testobject.TestObject(): null

2018-05-23 09:57:14 - [TEST_STEP][PASSED] - Statement - batch = com.kms.katalon.core.webui.keyword.WebUiBuiltInKeywords.modifyObjectProperty(batch, "xpath", "equals", "//*[@id = "txtbthqty" + row + ""]", true): Modify property of object successfully

2018-05-23 09:57:14 - [MESSAGE][PASSED] - Modify property of object successfully

2018-05-23 09:57:14 - [TEST_STEP][PASSED] - Statement - batchqty = com.kms.katalon.core.webui.keyword.WebUiBuiltInKeywords.getAttribute(batch, "value").trim(): Attribute 'value' of object '' is: '4800'

2018-05-23 09:57:14 - [MESSAGE][PASSED] - Attribute 'value' of object '' is: '4800'

2018-05-23 09:57:14 - [TEST_STEP][PASSED] - Statement - Rqty = 100: null

2018-05-23 09:57:14 - [TEST_STEP][PASSED] - delay: Delayed 2 second(s)

2018-05-23 09:57:16 - [MESSAGE][PASSED] - Delayed 2 second(s)

2018-05-23 09:57:16 - [TEST_STEP][PASSED] - Statement - out.println("BatchQty : " + batchqty): null

2018-05-23 09:57:16 - [TEST_STEP][PASSED] - Statement - out.println("RQty : " + Rqty): null

2018-05-23 09:57:16 - [TEST_STEP][PASSED] - Statement - If (java.lang.Integer.valueOf(batchqty) >= java.lang.Integer.valueOf(Rqty)): null

2018-05-23 09:57:16 - [TEST_STEP][PASSED] - Statement - Break: null

2018-05-23 09:57:16 - [TEST_STEP][PASSED] - Statement - batchlength = new com.kms.katalon.core.testobject.TestObject(): null

2018-05-23 09:57:16 - [TEST_STEP][PASSED] - Statement - batchlength = com.kms.katalon.core.webui.keyword.WebUiBuiltInKeywords.modifyObjectProperty(batchlength, "xpath", "equals", "//*[@id = "fldvendor" + row + ""]", true): Modify property of object successfully

2018-05-23 09:57:16 - [MESSAGE][PASSED] - Modify property of object successfully

2018-05-23 09:57:16 - [TEST_STEP][PASSED] - Statement - batchsize = com.kms.katalon.core.webui.keyword.WebUiBuiltInKeywords.getNumberOfTotalOption(batchlength): 5 options of object '' counted

2018-05-23 09:57:16 - [MESSAGE][PASSED] - 5 options of object '' counted

2018-05-23 09:57:16 - [TEST_STEP][PASSED] - Statement - out.println("BatchSize : " + batchsize): null

2018-05-23 09:57:16 - [TEST_STEP][PASSED] - Statement - For ([n = 1, n <= batchsize - 1, (n++)]): null

2018-05-23 09:57:16 - [TEST_STEP][PASSED] - Statement - product = new com.kms.katalon.core.testobject.TestObject(): null

2018-05-23 09:57:16 - [TEST_STEP][PASSED] - Statement - product = com.kms.katalon.core.webui.keyword.WebUiBuiltInKeywords.modifyObjectProperty(product, "xpath", "equals", "//*[@id = "fldvendor" + row + ""]", true): Modify property of object successfully

2018-05-23 09:57:16 - [MESSAGE][PASSED] - Modify property of object successfully

2018-05-23 09:57:16 - [TEST_STEP][PASSED] - selectOptionByIndex: All options with index in [1] are selected on object ''

2018-05-23 09:57:16 - [MESSAGE][PASSED] - All options with index in [1] are selected on object ''

2018-05-23 09:57:16 - [TEST_STEP][PASSED] - Statement - batch = new com.kms.katalon.core.testobject.TestObject(): null

2018-05-23 09:57:16 - [TEST_STEP][PASSED] - Statement - batch = com.kms.katalon.core.webui.keyword.WebUiBuiltInKeywords.modifyObjectProperty(batch, "xpath", "equals", "//*[@id = "txtbthqty" + row + ""]", true): Modify property of object successfully

2018-05-23 09:57:16 - [MESSAGE][PASSED] - Modify property of object successfully

2018-05-23 09:57:16 - [TEST_STEP][PASSED] - Statement - batchqty = com.kms.katalon.core.webui.keyword.WebUiBuiltInKeywords.getAttribute(batch, "value").trim(): Attribute 'value' of object '' is: '3800'

2018-05-23 09:57:16 - [MESSAGE][PASSED] - Attribute 'value' of object '' is: '3800'

2018-05-23 09:57:16 - [TEST_STEP][PASSED] - Statement - Rqty = 100: null

2018-05-23 09:57:16 - [TEST_STEP][PASSED] - delay: Delayed 2 second(s)

2018-05-23 09:57:18 - [MESSAGE][PASSED] - Delayed 2 second(s)

2018-05-23 09:57:18 - [TEST_STEP][PASSED] - Statement - out.println("BatchQty : " + batchqty): null

2018-05-23 09:57:18 - [TEST_STEP][PASSED] - Statement - out.println("RQty : " + Rqty): null

2018-05-23 09:57:18 - [TEST_STEP][PASSED] - Statement - If (java.lang.Integer.valueOf(batchqty) >= java.lang.Integer.valueOf(Rqty)): null

2018-05-23 09:57:18 - [TEST_STEP][PASSED] - Statement - Break: null

2018-05-23 09:57:18 - [TEST_STEP][PASSED] - Statement - batchlength = new com.kms.katalon.core.testobject.TestObject(): null

2018-05-23 09:57:18 - [TEST_STEP][PASSED] - Statement - batchlength = com.kms.katalon.core.webui.keyword.WebUiBuiltInKeywords.modifyObjectProperty(batchlength, "xpath", "equals", "//*[@id = "fldvendor" + row + ""]", true): Modify property of object successfully

2018-05-23 09:57:18 - [MESSAGE][PASSED] - Modify property of object successfully

2018-05-23 09:57:18 - [TEST_STEP][PASSED] - Statement - batchsize = com.kms.katalon.core.webui.keyword.WebUiBuiltInKeywords.getNumberOfTotalOption(batchlength): 5 options of object '' counted

2018-05-23 09:57:19 - [MESSAGE][PASSED] - 5 options of object '' counted

2018-05-23 09:57:19 - [TEST_STEP][PASSED] - Statement - out.println("BatchSize : " + batchsize): null

2018-05-23 09:57:19 - [TEST_STEP][PASSED] - Statement - For ([n = 1, n <= batchsize - 1, (n++)]): null

2018-05-23 09:57:19 - [TEST_STEP][PASSED] - Statement - product = new com.kms.katalon.core.testobject.TestObject(): null

2018-05-23 09:57:19 - [TEST_STEP][PASSED] - Statement - product = com.kms.katalon.core.webui.keyword.WebUiBuiltInKeywords.modifyObjectProperty(product, "xpath", "equals", "//*[@id = "fldvendor" + row + ""]", true): Modify property of object successfully

2018-05-23 09:57:19 - [MESSAGE][PASSED] - Modify property of object successfully

2018-05-23 09:57:19 - [TEST_STEP][PASSED] - selectOptionByIndex: All options with index in [1] are selected on object ''

2018-05-23 09:57:19 - [MESSAGE][PASSED] - All options with index in [1] are selected on object ''

2018-05-23 09:57:19 - [TEST_STEP][PASSED] - Statement - batch = new com.kms.katalon.core.testobject.TestObject(): null

2018-05-23 09:57:19 - [TEST_STEP][PASSED] - Statement - batch = com.kms.katalon.core.webui.keyword.WebUiBuiltInKeywords.modifyObjectProperty(batch, "xpath", "equals", "//*[@id = "txtbthqty" + row + ""]", true): Modify property of object successfully

2018-05-23 09:57:19 - [MESSAGE][PASSED] - Modify property of object successfully

2018-05-23 09:57:19 - [TEST_STEP][PASSED] - Statement - batchqty = com.kms.katalon.core.webui.keyword.WebUiBuiltInKeywords.getAttribute(batch, "value").trim(): Attribute 'value' of object '' is: '3800'

2018-05-23 09:57:19 - [MESSAGE][PASSED] - Attribute 'value' of object '' is: '3800'

2018-05-23 09:57:19 - [TEST_STEP][PASSED] - Statement - Rqty = 100: null

2018-05-23 09:57:19 - [TEST_STEP][PASSED] - delay: Delayed 2 second(s)

2018-05-23 09:57:21 - [MESSAGE][PASSED] - Delayed 2 second(s)

2018-05-23 09:57:21 - [TEST_STEP][PASSED] - Statement - out.println("BatchQty : " + batchqty): null

2018-05-23 09:57:21 - [TEST_STEP][PASSED] - Statement - out.println("RQty : " + Rqty): null

2018-05-23 09:57:21 - [TEST_STEP][PASSED] - Statement - If (java.lang.Integer.valueOf(batchqty) >= java.lang.Integer.valueOf(Rqty)): null

2018-05-23 09:57:21 - [TEST_STEP][PASSED] - Statement - Break: null

2018-05-23 09:57:21 - [TEST_STEP][PASSED] - Statement - batchlength = new com.kms.katalon.core.testobject.TestObject(): null

2018-05-23 09:57:21 - [TEST_STEP][PASSED] - Statement - batchlength = com.kms.katalon.core.webui.keyword.WebUiBuiltInKeywords.modifyObjectProperty(batchlength, "xpath", "equals", "//*[@id = "fldvendor" + row + ""]", true): Modify property of object successfully

2018-05-23 09:57:21 - [MESSAGE][PASSED] - Modify property of object successfully

2018-05-23 09:57:21 - [TEST_STEP][PASSED] - Statement - batchsize = com.kms.katalon.core.webui.keyword.WebUiBuiltInKeywords.getNumberOfTotalOption(batchlength): 5 options of object '' counted

2018-05-23 09:57:21 - [MESSAGE][PASSED] - 5 options of object '' counted

2018-05-23 09:57:21 - [TEST_STEP][PASSED] - Statement - out.println("BatchSize : " + batchsize): null

2018-05-23 09:57:21 - [TEST_STEP][PASSED] - Statement - For ([n = 1, n <= batchsize - 1, (n++)]): null

2018-05-23 09:57:21 - [TEST_STEP][PASSED] - Statement - product = new com.kms.katalon.core.testobject.TestObject(): null

2018-05-23 09:57:21 - [TEST_STEP][PASSED] - Statement - product = com.kms.katalon.core.webui.keyword.WebUiBuiltInKeywords.modifyObjectProperty(product, "xpath", "equals", "//*[@id = "fldvendor" + row + ""]", true): Modify property of object successfully

2018-05-23 09:57:21 - [MESSAGE][PASSED] - Modify property of object successfully

2018-05-23 09:57:21 - [TEST_STEP][PASSED] - selectOptionByIndex: All options with index in [1] are selected on object ''

2018-05-23 09:57:21 - [MESSAGE][PASSED] - All options with index in [1] are selected on object ''

2018-05-23 09:57:21 - [TEST_STEP][PASSED] - Statement - batch = new com.kms.katalon.core.testobject.TestObject(): null

2018-05-23 09:57:21 - [TEST_STEP][PASSED] - Statement - batch = com.kms.katalon.core.webui.keyword.WebUiBuiltInKeywords.modifyObjectProperty(batch, "xpath", "equals", "//*[@id = "txtbthqty" + row + ""]", true): Modify property of object successfully

2018-05-23 09:57:21 - [MESSAGE][PASSED] - Modify property of object successfully

2018-05-23 09:57:21 - [TEST_STEP][PASSED] - Statement - batchqty = com.kms.katalon.core.webui.keyword.WebUiBuiltInKeywords.getAttribute(batch, "value").trim(): Attribute 'value' of object '' is: '4800'

2018-05-23 09:57:21 - [MESSAGE][PASSED] - Attribute 'value' of object '' is: '4800'

2018-05-23 09:57:21 - [TEST_STEP][PASSED] - Statement - Rqty = 100: null

2018-05-23 09:57:21 - [TEST_STEP][PASSED] - delay: Delayed 2 second(s)

2018-05-23 09:57:23 - [MESSAGE][PASSED] - Delayed 2 second(s)

2018-05-23 09:57:23 - [TEST_STEP][PASSED] - Statement - out.println("BatchQty : " + batchqty): null

2018-05-23 09:57:23 - [TEST_STEP][PASSED] - Statement - out.println("RQty : " + Rqty): null

2018-05-23 09:57:23 - [TEST_STEP][PASSED] - Statement - If (java.lang.Integer.valueOf(batchqty) >= java.lang.Integer.valueOf(Rqty)): null

2018-05-23 09:57:23 - [TEST_STEP][PASSED] - Statement - Break: null

2018-05-23 09:57:23 - [TEST_STEP][PASSED] - click: Object: 'Object Repository/store Request Schedule 1/Page_KDMC - CMS/input_btndispatch' is clicked on

2018-05-23 09:57:24 - [MESSAGE][PASSED] - Object: 'Object Repository/store Request Schedule 1/Page_KDMC - CMS/input_btndispatch' is clicked on

2018-05-23 09:57:24 - [TEST_STEP][PASSED] - delay: Delayed 3 second(s)

2018-05-23 09:57:27 - [MESSAGE][PASSED] - Delayed 3 second(s)

2018-05-23 09:57:27 - [TEST_STEP][PASSED] - click: Object: 'Object Repository/store Request Schedule 1/Page_KDMC - CMS/button_OK' is clicked on

2018-05-23 09:57:28 - [MESSAGE][PASSED] - Object: 'Object Repository/store Request Schedule 1/Page_KDMC - CMS/button_OK' is clicked on

2018-05-23 09:57:28 - [TEST_STEP][PASSED] - delay: Delayed 3 second(s)

2018-05-23 09:57:31 - [MESSAGE][PASSED] - Delayed 3 second(s)

2018-05-23 09:57:31 - [TEST_STEP][PASSED] - click: Object: 'Object Repository/store Request Schedule 1/Page_KDMC - CMS/a_dropdown-toggle' is clicked on

2018-05-23 09:57:31 - [MESSAGE][PASSED] - Object: 'Object Repository/store Request Schedule 1/Page_KDMC - CMS/a_dropdown-toggle' is clicked on

2018-05-23 09:57:31 - [TEST_STEP][PASSED] - click: Object: 'Object Repository/store Request Schedule 1/Page_KDMC - CMS/a_Sign out' is clicked on

2018-05-23 09:57:32 - [MESSAGE][PASSED] - Object: 'Object Repository/store Request Schedule 1/Page_KDMC - CMS/a_Sign out' is clicked on

2018-05-23 09:57:32 - [TEST_STEP][PASSED] - delay: Delayed 3 second(s)

2018-05-23 09:57:35 - [MESSAGE][PASSED] - Delayed 3 second(s)

2018-05-23 09:57:35 - [TEST_STEP][PASSED] - click: Object: 'Object Repository/Store Request Schedule 1/Page_KDMC/a_Divisional Store' is clicked on

2018-05-23 09:57:36 - [MESSAGE][PASSED] - Object: 'Object Repository/Store Request Schedule 1/Page_KDMC/a_Divisional Store' is clicked on

2018-05-23 09:57:36 - [TEST_STEP][PASSED] - setText: Text 'ragu' is set on object 'Object Repository/Store Request Schedule 1/Page_Divisonal Store Login/input_txtusername'

2018-05-23 09:57:36 - [MESSAGE][PASSED] - Text 'ragu' is set on object 'Object Repository/Store Request Schedule 1/Page_Divisonal Store Login/input_txtusername'

2018-05-23 09:57:36 - [TEST_STEP][PASSED] - setText: Text '123' is set on object 'Object Repository/Store Request Schedule 1/Page_Divisonal Store Login/input_txtpassword'

2018-05-23 09:57:36 - [MESSAGE][PASSED] - Text '123' is set on object 'Object Repository/Store Request Schedule 1/Page_Divisonal Store Login/input_txtpassword'

2018-05-23 09:57:36 - [TEST_STEP][PASSED] - delay: Delayed 3 second(s)

2018-05-23 09:57:39 - [MESSAGE][PASSED] - Delayed 3 second(s)

2018-05-23 09:57:39 - [TEST_STEP][PASSED] - click: Object: 'Object Repository/Store Request Schedule 1/Page_Divisonal Store Login/button_Sign in' is clicked on

2018-05-23 09:57:40 - [MESSAGE][PASSED] - Object: 'Object Repository/Store Request Schedule 1/Page_Divisonal Store Login/button_Sign in' is clicked on

2018-05-23 09:57:40 - [TEST_STEP][PASSED] - delay: Delayed 3 second(s)

2018-05-23 09:57:43 - [MESSAGE][PASSED] - Delayed 3 second(s)

2018-05-23 09:57:43 - [TEST_STEP][PASSED] - click: Object: 'Object Repository/Store Request Schedule 1/Page_Store/a_CMS' is clicked on

2018-05-23 09:57:44 - [MESSAGE][PASSED] - Object: 'Object Repository/Store Request Schedule 1/Page_Store/a_CMS' is clicked on

2018-05-23 09:57:44 - [TEST_STEP][PASSED] - delay: Delayed 2 second(s)

2018-05-23 09:57:46 - [MESSAGE][PASSED] - Delayed 2 second(s)

2018-05-23 09:57:46 - [TEST_STEP][PASSED] - click: Object: 'Object Repository/Store Request Schedule 1/Page_Store/a_Receiving Goods' is clicked on

2018-05-23 09:57:46 - [MESSAGE][PASSED] - Object: 'Object Repository/Store Request Schedule 1/Page_Store/a_Receiving Goods' is clicked on

2018-05-23 09:57:46 - [TEST_STEP][PASSED] - setText: Text 'PRNO/23052018/352' is set on object 'Object Repository/Store Request Schedule 1/Page_Store/input'

2018-05-23 09:57:47 - [MESSAGE][PASSED] - Text 'PRNO/23052018/352' is set on object 'Object Repository/Store Request Schedule 1/Page_Store/input'

2018-05-23 09:57:47 - [TEST_STEP][PASSED] - click: Object: 'Object Repository/Store Request Schedule 1/Page_Store/input_btn btn-primary' is clicked on

2018-05-23 09:57:47 - [MESSAGE][PASSED] - Object: 'Object Repository/Store Request Schedule 1/Page_Store/input_btn btn-primary' is clicked on

2018-05-23 09:57:47 - [TEST_STEP][PASSED] - delay: Delayed 2 second(s)

2018-05-23 09:57:49 - [MESSAGE][PASSED] - Delayed 2 second(s)

2018-05-23 09:57:49 - [TEST_STEP][PASSED] - click: Object: 'Object Repository/Store Request Schedule 1/Page_Store/input_chkrem' is clicked on

2018-05-23 09:57:49 - [MESSAGE][PASSED] - Object: 'Object Repository/Store Request Schedule 1/Page_Store/input_chkrem' is clicked on

2018-05-23 09:57:49 - [TEST_STEP][PASSED] - scrollToElement: Scroll to object 'Object Repository/Store Request Schedule 1/Page_Store/input_btchkroqadd' successfully

2018-05-23 09:57:49 - [MESSAGE][PASSED] - Scroll to object 'Object Repository/Store Request Schedule 1/Page_Store/input_btchkroqadd' successfully

2018-05-23 09:57:49 - [TEST_STEP][PASSED] - click: Object: 'Object Repository/Store Request Schedule 1/Page_Store/input_btchkroqadd' is clicked on

2018-05-23 09:57:49 - [MESSAGE][PASSED] - Object: 'Object Repository/Store Request Schedule 1/Page_Store/input_btchkroqadd' is clicked on

2018-05-23 09:57:49 - [TEST_STEP][PASSED] - delay: Delayed 2 second(s)

2018-05-23 09:57:51 - [MESSAGE][PASSED] - Delayed 2 second(s)

2018-05-23 09:57:51 - [TEST_STEP][PASSED] - refresh: Refresh successfully

2018-05-23 09:57:52 - [MESSAGE][PASSED] - Refresh successfully

2018-05-23 09:57:52 - [TEST_STEP][PASSED] - delay: Delayed 3 second(s)

2018-05-23 09:57:55 - [MESSAGE][PASSED] - Delayed 3 second(s)

2018-05-23 09:57:55 - [TEST_STEP][PASSED] - click: Object: 'Object Repository/Store Request Schedule 1/Page_Store/a_dropdown-toggle' is clicked on

2018-05-23 09:57:55 - [MESSAGE][PASSED] - Object: 'Object Repository/Store Request Schedule 1/Page_Store/a_dropdown-toggle' is clicked on

2018-05-23 09:57:55 - [TEST_STEP][PASSED] - click: Object: 'Object Repository/Store Request Schedule 1/Page_Store/a_Sign out' is clicked on

2018-05-23 09:57:55 - [MESSAGE][PASSED] - Object: 'Object Repository/Store Request Schedule 1/Page_Store/a_Sign out' is clicked on

2018-05-23 09:57:55 - [TEST_STEP][PASSED] - closeBrowser: Browser is closed

2018-05-23 09:57:56 - [MESSAGE][PASSED] - Browser is closed

2018-05-23 09:57:56 - [TEST_STEP][PASSED] - Statement - out.println("Schedule 1 Store Request Are Working Successfully"): null]]></system-out>
         <system-err><![CDATA[]]></system-err>
      </testcase>
      <testcase name="Test Cases/STORE TO CMS REQUEST TEST CASES/TC_STCMS_003 To Verify Schedule 3 Store To CMS Request Are Working Successfully Or Not" classname="Test Cases/STORE TO CMS REQUEST TEST CASES/TC_STCMS_003 To Verify Schedule 3 Store To CMS Request Are Working Successfully Or Not" status="PASSED">
         <system-out><![CDATA[2018-05-23 09:57:56 - [TEST_CASE][PASSED] - Test Cases/STORE TO CMS REQUEST TEST CASES/TC_STCMS_003 To Verify Schedule 3 Store To CMS Request Are Working Successfully Or Not: Test Cases/STORE TO CMS REQUEST TEST CASES/TC_STCMS_003 To Verify Schedule 3 Store To CMS Request Are Working Successfully Or Not

2018-05-23 09:57:56 - [TEST_STEP][PASSED] - openBrowser: Browser is opened with url: ''

2018-05-23 09:57:59 - [MESSAGE][PASSED] - Browser is opened with url: ''

2018-05-23 09:57:59 - [TEST_STEP][PASSED] - Statement - out.println("Verify Schedule 3 Store Request Are Working Successfully Or Not"): null

2018-05-23 09:57:59 - [TEST_STEP][PASSED] - navigateToUrl: Navigate to 'http://192.168.137.1/multihospital_new/' successfully

2018-05-23 09:58:01 - [MESSAGE][PASSED] - Navigate to 'http://192.168.137.1/multihospital_new/' successfully

2018-05-23 09:58:01 - [TEST_STEP][PASSED] - maximizeWindow: Current window maximized

2018-05-23 09:58:02 - [MESSAGE][PASSED] - Current window maximized

2018-05-23 09:58:02 - [TEST_STEP][PASSED] - click: Object: 'Object Repository/Store Request Schedule 1/Page_KDMC/a_Divisional Store' is clicked on

2018-05-23 09:58:03 - [MESSAGE][PASSED] - Object: 'Object Repository/Store Request Schedule 1/Page_KDMC/a_Divisional Store' is clicked on

2018-05-23 09:58:03 - [TEST_STEP][PASSED] - setText: Text 'ragu' is set on object 'Object Repository/Store Request Schedule 1/Page_Divisonal Store Login/input_txtusername'

2018-05-23 09:58:03 - [MESSAGE][PASSED] - Text 'ragu' is set on object 'Object Repository/Store Request Schedule 1/Page_Divisonal Store Login/input_txtusername'

2018-05-23 09:58:03 - [TEST_STEP][PASSED] - setText: Text '123' is set on object 'Object Repository/Store Request Schedule 1/Page_Divisonal Store Login/input_txtpassword'

2018-05-23 09:58:03 - [MESSAGE][PASSED] - Text '123' is set on object 'Object Repository/Store Request Schedule 1/Page_Divisonal Store Login/input_txtpassword'

2018-05-23 09:58:03 - [TEST_STEP][PASSED] - delay: Delayed 3 second(s)

2018-05-23 09:58:06 - [MESSAGE][PASSED] - Delayed 3 second(s)

2018-05-23 09:58:06 - [TEST_STEP][PASSED] - click: Object: 'Object Repository/Store Request Schedule 1/Page_Divisonal Store Login/button_Sign in' is clicked on

2018-05-23 09:58:08 - [MESSAGE][PASSED] - Object: 'Object Repository/Store Request Schedule 1/Page_Divisonal Store Login/button_Sign in' is clicked on

2018-05-23 09:58:08 - [TEST_STEP][PASSED] - delay: Delayed 3 second(s)

2018-05-23 09:58:11 - [MESSAGE][PASSED] - Delayed 3 second(s)

2018-05-23 09:58:11 - [TEST_STEP][PASSED] - click: Object: 'Object Repository/Store Request Schedule 1/Page_Store/a_CMS' is clicked on

2018-05-23 09:58:11 - [MESSAGE][PASSED] - Object: 'Object Repository/Store Request Schedule 1/Page_Store/a_CMS' is clicked on

2018-05-23 09:58:11 - [TEST_STEP][PASSED] - delay: Delayed 2 second(s)

2018-05-23 09:58:13 - [MESSAGE][PASSED] - Delayed 2 second(s)

2018-05-23 09:58:13 - [TEST_STEP][PASSED] - click: Object: 'Object Repository/Store Request Schedule 1/Page_Store/a_Request Send' is clicked on

2018-05-23 09:58:14 - [MESSAGE][PASSED] - Object: 'Object Repository/Store Request Schedule 1/Page_Store/a_Request Send' is clicked on

2018-05-23 09:58:14 - [TEST_STEP][PASSED] - selectOptionByIndex: All options with index in [1] are selected on object 'Object Repository/Store Request Schedule 1/Page_Store/select_--Select--'

2018-05-23 09:58:14 - [MESSAGE][PASSED] - All options with index in [1] are selected on object 'Object Repository/Store Request Schedule 1/Page_Store/select_--Select--'

2018-05-23 09:58:14 - [TEST_STEP][PASSED] - selectOptionByIndex: All options with index in [3] are selected on object 'Object Repository/Store Request Schedule 1/Page_Store/select_--Select--Schedule 1Inj'

2018-05-23 09:58:14 - [MESSAGE][PASSED] - All options with index in [3] are selected on object 'Object Repository/Store Request Schedule 1/Page_Store/select_--Select--Schedule 1Inj'

2018-05-23 09:58:14 - [TEST_STEP][PASSED] - Statement - SelectedOptions = com.kms.katalon.core.webui.keyword.WebUiBuiltInKeywords.getNumberOfTotalOption(com.kms.katalon.core.testobject.ObjectRepository.findTestObject(Store Request Schedule 1/Page_Store/select_--Select--Adernaline 0.)): 37 options of object 'Object Repository/Store Request Schedule 1/Page_Store/select_--Select--Adernaline 0.' counted

2018-05-23 09:58:15 - [MESSAGE][PASSED] - 37 options of object 'Object Repository/Store Request Schedule 1/Page_Store/select_--Select--Adernaline 0.' counted

2018-05-23 09:58:15 - [TEST_STEP][PASSED] - Statement - For ([y = 1, y < SelectedOptions, (y++)]): Object: 'Object Repository/Store Request Schedule 1/Page_Store/button_Add' is clicked on

2018-05-23 09:58:15 - [TEST_STEP][PASSED] - selectOptionByIndex: All options with index in [3] are selected on object 'Object Repository/Store Request Schedule 1/Page_Store/select_--Select--Schedule 1Inj'

2018-05-23 09:58:15 - [MESSAGE][PASSED] - All options with index in [3] are selected on object 'Object Repository/Store Request Schedule 1/Page_Store/select_--Select--Schedule 1Inj'

2018-05-23 09:58:15 - [TEST_STEP][PASSED] - delay: Delayed 1 second(s)

2018-05-23 09:58:16 - [MESSAGE][PASSED] - Delayed 1 second(s)

2018-05-23 09:58:16 - [TEST_STEP][PASSED] - selectOptionByIndex: All options with index in [1] are selected on object 'Object Repository/Store Request Schedule 1/Page_Store/select_--Select--Adernaline 0.'

2018-05-23 09:58:16 - [MESSAGE][PASSED] - All options with index in [1] are selected on object 'Object Repository/Store Request Schedule 1/Page_Store/select_--Select--Adernaline 0.'

2018-05-23 09:58:16 - [TEST_STEP][PASSED] - setText: Text '100' is set on object 'Object Repository/Store Request Schedule 1/Page_Store/input_txttreat'

2018-05-23 09:58:16 - [MESSAGE][PASSED] - Text '100' is set on object 'Object Repository/Store Request Schedule 1/Page_Store/input_txttreat'

2018-05-23 09:58:16 - [TEST_STEP][PASSED] - click: Object: 'Object Repository/Store Request Schedule 1/Page_Store/button_Add' is clicked on

2018-05-23 09:58:16 - [MESSAGE][PASSED] - Object: 'Object Repository/Store Request Schedule 1/Page_Store/button_Add' is clicked on

2018-05-23 09:58:16 - [TEST_STEP][PASSED] - selectOptionByIndex: All options with index in [3] are selected on object 'Object Repository/Store Request Schedule 1/Page_Store/select_--Select--Schedule 1Inj'

2018-05-23 09:58:16 - [MESSAGE][PASSED] - All options with index in [3] are selected on object 'Object Repository/Store Request Schedule 1/Page_Store/select_--Select--Schedule 1Inj'

2018-05-23 09:58:16 - [TEST_STEP][PASSED] - delay: Delayed 1 second(s)

2018-05-23 09:58:17 - [MESSAGE][PASSED] - Delayed 1 second(s)

2018-05-23 09:58:17 - [TEST_STEP][PASSED] - selectOptionByIndex: All options with index in [2] are selected on object 'Object Repository/Store Request Schedule 1/Page_Store/select_--Select--Adernaline 0.'

2018-05-23 09:58:17 - [MESSAGE][PASSED] - All options with index in [2] are selected on object 'Object Repository/Store Request Schedule 1/Page_Store/select_--Select--Adernaline 0.'

2018-05-23 09:58:17 - [TEST_STEP][PASSED] - setText: Text '100' is set on object 'Object Repository/Store Request Schedule 1/Page_Store/input_txttreat'

2018-05-23 09:58:17 - [MESSAGE][PASSED] - Text '100' is set on object 'Object Repository/Store Request Schedule 1/Page_Store/input_txttreat'

2018-05-23 09:58:17 - [TEST_STEP][PASSED] - click: Object: 'Object Repository/Store Request Schedule 1/Page_Store/button_Add' is clicked on

2018-05-23 09:58:18 - [MESSAGE][PASSED] - Object: 'Object Repository/Store Request Schedule 1/Page_Store/button_Add' is clicked on

2018-05-23 09:58:18 - [TEST_STEP][PASSED] - selectOptionByIndex: All options with index in [3] are selected on object 'Object Repository/Store Request Schedule 1/Page_Store/select_--Select--Schedule 1Inj'

2018-05-23 09:58:18 - [MESSAGE][PASSED] - All options with index in [3] are selected on object 'Object Repository/Store Request Schedule 1/Page_Store/select_--Select--Schedule 1Inj'

2018-05-23 09:58:18 - [TEST_STEP][PASSED] - delay: Delayed 1 second(s)

2018-05-23 09:58:19 - [MESSAGE][PASSED] - Delayed 1 second(s)

2018-05-23 09:58:19 - [TEST_STEP][PASSED] - selectOptionByIndex: All options with index in [3] are selected on object 'Object Repository/Store Request Schedule 1/Page_Store/select_--Select--Adernaline 0.'

2018-05-23 09:58:19 - [MESSAGE][PASSED] - All options with index in [3] are selected on object 'Object Repository/Store Request Schedule 1/Page_Store/select_--Select--Adernaline 0.'

2018-05-23 09:58:19 - [TEST_STEP][PASSED] - setText: Text '100' is set on object 'Object Repository/Store Request Schedule 1/Page_Store/input_txttreat'

2018-05-23 09:58:19 - [MESSAGE][PASSED] - Text '100' is set on object 'Object Repository/Store Request Schedule 1/Page_Store/input_txttreat'

2018-05-23 09:58:19 - [TEST_STEP][PASSED] - click: Object: 'Object Repository/Store Request Schedule 1/Page_Store/button_Add' is clicked on

2018-05-23 09:58:19 - [MESSAGE][PASSED] - Object: 'Object Repository/Store Request Schedule 1/Page_Store/button_Add' is clicked on

2018-05-23 09:58:19 - [TEST_STEP][PASSED] - selectOptionByIndex: All options with index in [3] are selected on object 'Object Repository/Store Request Schedule 1/Page_Store/select_--Select--Schedule 1Inj'

2018-05-23 09:58:19 - [MESSAGE][PASSED] - All options with index in [3] are selected on object 'Object Repository/Store Request Schedule 1/Page_Store/select_--Select--Schedule 1Inj'

2018-05-23 09:58:19 - [TEST_STEP][PASSED] - delay: Delayed 1 second(s)

2018-05-23 09:58:20 - [MESSAGE][PASSED] - Delayed 1 second(s)

2018-05-23 09:58:20 - [TEST_STEP][PASSED] - selectOptionByIndex: All options with index in [4] are selected on object 'Object Repository/Store Request Schedule 1/Page_Store/select_--Select--Adernaline 0.'

2018-05-23 09:58:20 - [MESSAGE][PASSED] - All options with index in [4] are selected on object 'Object Repository/Store Request Schedule 1/Page_Store/select_--Select--Adernaline 0.'

2018-05-23 09:58:20 - [TEST_STEP][PASSED] - setText: Text '100' is set on object 'Object Repository/Store Request Schedule 1/Page_Store/input_txttreat'

2018-05-23 09:58:20 - [MESSAGE][PASSED] - Text '100' is set on object 'Object Repository/Store Request Schedule 1/Page_Store/input_txttreat'

2018-05-23 09:58:20 - [TEST_STEP][PASSED] - click: Object: 'Object Repository/Store Request Schedule 1/Page_Store/button_Add' is clicked on

2018-05-23 09:58:21 - [MESSAGE][PASSED] - Object: 'Object Repository/Store Request Schedule 1/Page_Store/button_Add' is clicked on

2018-05-23 09:58:21 - [TEST_STEP][PASSED] - selectOptionByIndex: All options with index in [3] are selected on object 'Object Repository/Store Request Schedule 1/Page_Store/select_--Select--Schedule 1Inj'

2018-05-23 09:58:21 - [MESSAGE][PASSED] - All options with index in [3] are selected on object 'Object Repository/Store Request Schedule 1/Page_Store/select_--Select--Schedule 1Inj'

2018-05-23 09:58:21 - [TEST_STEP][PASSED] - delay: Delayed 1 second(s)

2018-05-23 09:58:22 - [MESSAGE][PASSED] - Delayed 1 second(s)

2018-05-23 09:58:22 - [TEST_STEP][PASSED] - selectOptionByIndex: All options with index in [5] are selected on object 'Object Repository/Store Request Schedule 1/Page_Store/select_--Select--Adernaline 0.'

2018-05-23 09:58:22 - [MESSAGE][PASSED] - All options with index in [5] are selected on object 'Object Repository/Store Request Schedule 1/Page_Store/select_--Select--Adernaline 0.'

2018-05-23 09:58:22 - [TEST_STEP][PASSED] - setText: Text '100' is set on object 'Object Repository/Store Request Schedule 1/Page_Store/input_txttreat'

2018-05-23 09:58:22 - [MESSAGE][PASSED] - Text '100' is set on object 'Object Repository/Store Request Schedule 1/Page_Store/input_txttreat'

2018-05-23 09:58:22 - [TEST_STEP][PASSED] - click: Object: 'Object Repository/Store Request Schedule 1/Page_Store/button_Add' is clicked on

2018-05-23 09:58:22 - [MESSAGE][PASSED] - Object: 'Object Repository/Store Request Schedule 1/Page_Store/button_Add' is clicked on

2018-05-23 09:58:22 - [TEST_STEP][PASSED] - selectOptionByIndex: All options with index in [3] are selected on object 'Object Repository/Store Request Schedule 1/Page_Store/select_--Select--Schedule 1Inj'

2018-05-23 09:58:22 - [MESSAGE][PASSED] - All options with index in [3] are selected on object 'Object Repository/Store Request Schedule 1/Page_Store/select_--Select--Schedule 1Inj'

2018-05-23 09:58:22 - [TEST_STEP][PASSED] - delay: Delayed 1 second(s)

2018-05-23 09:58:23 - [MESSAGE][PASSED] - Delayed 1 second(s)

2018-05-23 09:58:23 - [TEST_STEP][PASSED] - selectOptionByIndex: All options with index in [6] are selected on object 'Object Repository/Store Request Schedule 1/Page_Store/select_--Select--Adernaline 0.'

2018-05-23 09:58:23 - [MESSAGE][PASSED] - All options with index in [6] are selected on object 'Object Repository/Store Request Schedule 1/Page_Store/select_--Select--Adernaline 0.'

2018-05-23 09:58:23 - [TEST_STEP][PASSED] - setText: Text '100' is set on object 'Object Repository/Store Request Schedule 1/Page_Store/input_txttreat'

2018-05-23 09:58:23 - [MESSAGE][PASSED] - Text '100' is set on object 'Object Repository/Store Request Schedule 1/Page_Store/input_txttreat'

2018-05-23 09:58:23 - [TEST_STEP][PASSED] - click: Object: 'Object Repository/Store Request Schedule 1/Page_Store/button_Add' is clicked on

2018-05-23 09:58:24 - [MESSAGE][PASSED] - Object: 'Object Repository/Store Request Schedule 1/Page_Store/button_Add' is clicked on

2018-05-23 09:58:24 - [TEST_STEP][PASSED] - selectOptionByIndex: All options with index in [3] are selected on object 'Object Repository/Store Request Schedule 1/Page_Store/select_--Select--Schedule 1Inj'

2018-05-23 09:58:24 - [MESSAGE][PASSED] - All options with index in [3] are selected on object 'Object Repository/Store Request Schedule 1/Page_Store/select_--Select--Schedule 1Inj'

2018-05-23 09:58:24 - [TEST_STEP][PASSED] - delay: Delayed 1 second(s)

2018-05-23 09:58:25 - [MESSAGE][PASSED] - Delayed 1 second(s)

2018-05-23 09:58:25 - [TEST_STEP][PASSED] - selectOptionByIndex: All options with index in [7] are selected on object 'Object Repository/Store Request Schedule 1/Page_Store/select_--Select--Adernaline 0.'

2018-05-23 09:58:25 - [MESSAGE][PASSED] - All options with index in [7] are selected on object 'Object Repository/Store Request Schedule 1/Page_Store/select_--Select--Adernaline 0.'

2018-05-23 09:58:25 - [TEST_STEP][PASSED] - setText: Text '100' is set on object 'Object Repository/Store Request Schedule 1/Page_Store/input_txttreat'

2018-05-23 09:58:25 - [MESSAGE][PASSED] - Text '100' is set on object 'Object Repository/Store Request Schedule 1/Page_Store/input_txttreat'

2018-05-23 09:58:25 - [TEST_STEP][PASSED] - click: Object: 'Object Repository/Store Request Schedule 1/Page_Store/button_Add' is clicked on

2018-05-23 09:58:25 - [MESSAGE][PASSED] - Object: 'Object Repository/Store Request Schedule 1/Page_Store/button_Add' is clicked on

2018-05-23 09:58:25 - [TEST_STEP][PASSED] - selectOptionByIndex: All options with index in [3] are selected on object 'Object Repository/Store Request Schedule 1/Page_Store/select_--Select--Schedule 1Inj'

2018-05-23 09:58:25 - [MESSAGE][PASSED] - All options with index in [3] are selected on object 'Object Repository/Store Request Schedule 1/Page_Store/select_--Select--Schedule 1Inj'

2018-05-23 09:58:25 - [TEST_STEP][PASSED] - delay: Delayed 1 second(s)

2018-05-23 09:58:26 - [MESSAGE][PASSED] - Delayed 1 second(s)

2018-05-23 09:58:26 - [TEST_STEP][PASSED] - selectOptionByIndex: All options with index in [8] are selected on object 'Object Repository/Store Request Schedule 1/Page_Store/select_--Select--Adernaline 0.'

2018-05-23 09:58:26 - [MESSAGE][PASSED] - All options with index in [8] are selected on object 'Object Repository/Store Request Schedule 1/Page_Store/select_--Select--Adernaline 0.'

2018-05-23 09:58:26 - [TEST_STEP][PASSED] - setText: Text '100' is set on object 'Object Repository/Store Request Schedule 1/Page_Store/input_txttreat'

2018-05-23 09:58:26 - [MESSAGE][PASSED] - Text '100' is set on object 'Object Repository/Store Request Schedule 1/Page_Store/input_txttreat'

2018-05-23 09:58:26 - [TEST_STEP][PASSED] - click: Object: 'Object Repository/Store Request Schedule 1/Page_Store/button_Add' is clicked on

2018-05-23 09:58:27 - [MESSAGE][PASSED] - Object: 'Object Repository/Store Request Schedule 1/Page_Store/button_Add' is clicked on

2018-05-23 09:58:27 - [TEST_STEP][PASSED] - selectOptionByIndex: All options with index in [3] are selected on object 'Object Repository/Store Request Schedule 1/Page_Store/select_--Select--Schedule 1Inj'

2018-05-23 09:58:27 - [MESSAGE][PASSED] - All options with index in [3] are selected on object 'Object Repository/Store Request Schedule 1/Page_Store/select_--Select--Schedule 1Inj'

2018-05-23 09:58:27 - [TEST_STEP][PASSED] - delay: Delayed 1 second(s)

2018-05-23 09:58:28 - [MESSAGE][PASSED] - Delayed 1 second(s)

2018-05-23 09:58:28 - [TEST_STEP][PASSED] - selectOptionByIndex: All options with index in [9] are selected on object 'Object Repository/Store Request Schedule 1/Page_Store/select_--Select--Adernaline 0.'

2018-05-23 09:58:28 - [MESSAGE][PASSED] - All options with index in [9] are selected on object 'Object Repository/Store Request Schedule 1/Page_Store/select_--Select--Adernaline 0.'

2018-05-23 09:58:28 - [TEST_STEP][PASSED] - setText: Text '100' is set on object 'Object Repository/Store Request Schedule 1/Page_Store/input_txttreat'

2018-05-23 09:58:28 - [MESSAGE][PASSED] - Text '100' is set on object 'Object Repository/Store Request Schedule 1/Page_Store/input_txttreat'

2018-05-23 09:58:28 - [TEST_STEP][PASSED] - click: Object: 'Object Repository/Store Request Schedule 1/Page_Store/button_Add' is clicked on

2018-05-23 09:58:28 - [MESSAGE][PASSED] - Object: 'Object Repository/Store Request Schedule 1/Page_Store/button_Add' is clicked on

2018-05-23 09:58:28 - [TEST_STEP][PASSED] - selectOptionByIndex: All options with index in [3] are selected on object 'Object Repository/Store Request Schedule 1/Page_Store/select_--Select--Schedule 1Inj'

2018-05-23 09:58:28 - [MESSAGE][PASSED] - All options with index in [3] are selected on object 'Object Repository/Store Request Schedule 1/Page_Store/select_--Select--Schedule 1Inj'

2018-05-23 09:58:28 - [TEST_STEP][PASSED] - delay: Delayed 1 second(s)

2018-05-23 09:58:29 - [MESSAGE][PASSED] - Delayed 1 second(s)

2018-05-23 09:58:29 - [TEST_STEP][PASSED] - selectOptionByIndex: All options with index in [10] are selected on object 'Object Repository/Store Request Schedule 1/Page_Store/select_--Select--Adernaline 0.'

2018-05-23 09:58:29 - [MESSAGE][PASSED] - All options with index in [10] are selected on object 'Object Repository/Store Request Schedule 1/Page_Store/select_--Select--Adernaline 0.'

2018-05-23 09:58:29 - [TEST_STEP][PASSED] - setText: Text '100' is set on object 'Object Repository/Store Request Schedule 1/Page_Store/input_txttreat'

2018-05-23 09:58:29 - [MESSAGE][PASSED] - Text '100' is set on object 'Object Repository/Store Request Schedule 1/Page_Store/input_txttreat'

2018-05-23 09:58:29 - [TEST_STEP][PASSED] - click: Object: 'Object Repository/Store Request Schedule 1/Page_Store/button_Add' is clicked on

2018-05-23 09:58:30 - [MESSAGE][PASSED] - Object: 'Object Repository/Store Request Schedule 1/Page_Store/button_Add' is clicked on

2018-05-23 09:58:30 - [TEST_STEP][PASSED] - selectOptionByIndex: All options with index in [3] are selected on object 'Object Repository/Store Request Schedule 1/Page_Store/select_--Select--Schedule 1Inj'

2018-05-23 09:58:30 - [MESSAGE][PASSED] - All options with index in [3] are selected on object 'Object Repository/Store Request Schedule 1/Page_Store/select_--Select--Schedule 1Inj'

2018-05-23 09:58:30 - [TEST_STEP][PASSED] - delay: Delayed 1 second(s)

2018-05-23 09:58:31 - [MESSAGE][PASSED] - Delayed 1 second(s)

2018-05-23 09:58:31 - [TEST_STEP][PASSED] - selectOptionByIndex: All options with index in [11] are selected on object 'Object Repository/Store Request Schedule 1/Page_Store/select_--Select--Adernaline 0.'

2018-05-23 09:58:31 - [MESSAGE][PASSED] - All options with index in [11] are selected on object 'Object Repository/Store Request Schedule 1/Page_Store/select_--Select--Adernaline 0.'

2018-05-23 09:58:31 - [TEST_STEP][PASSED] - setText: Text '100' is set on object 'Object Repository/Store Request Schedule 1/Page_Store/input_txttreat'

2018-05-23 09:58:31 - [MESSAGE][PASSED] - Text '100' is set on object 'Object Repository/Store Request Schedule 1/Page_Store/input_txttreat'

2018-05-23 09:58:31 - [TEST_STEP][PASSED] - click: Object: 'Object Repository/Store Request Schedule 1/Page_Store/button_Add' is clicked on

2018-05-23 09:58:31 - [MESSAGE][PASSED] - Object: 'Object Repository/Store Request Schedule 1/Page_Store/button_Add' is clicked on

2018-05-23 09:58:31 - [TEST_STEP][PASSED] - selectOptionByIndex: All options with index in [3] are selected on object 'Object Repository/Store Request Schedule 1/Page_Store/select_--Select--Schedule 1Inj'

2018-05-23 09:58:31 - [MESSAGE][PASSED] - All options with index in [3] are selected on object 'Object Repository/Store Request Schedule 1/Page_Store/select_--Select--Schedule 1Inj'

2018-05-23 09:58:31 - [TEST_STEP][PASSED] - delay: Delayed 1 second(s)

2018-05-23 09:58:32 - [MESSAGE][PASSED] - Delayed 1 second(s)

2018-05-23 09:58:32 - [TEST_STEP][PASSED] - selectOptionByIndex: All options with index in [12] are selected on object 'Object Repository/Store Request Schedule 1/Page_Store/select_--Select--Adernaline 0.'

2018-05-23 09:58:33 - [MESSAGE][PASSED] - All options with index in [12] are selected on object 'Object Repository/Store Request Schedule 1/Page_Store/select_--Select--Adernaline 0.'

2018-05-23 09:58:33 - [TEST_STEP][PASSED] - setText: Text '100' is set on object 'Object Repository/Store Request Schedule 1/Page_Store/input_txttreat'

2018-05-23 09:58:33 - [MESSAGE][PASSED] - Text '100' is set on object 'Object Repository/Store Request Schedule 1/Page_Store/input_txttreat'

2018-05-23 09:58:33 - [TEST_STEP][PASSED] - click: Object: 'Object Repository/Store Request Schedule 1/Page_Store/button_Add' is clicked on

2018-05-23 09:58:33 - [MESSAGE][PASSED] - Object: 'Object Repository/Store Request Schedule 1/Page_Store/button_Add' is clicked on

2018-05-23 09:58:33 - [TEST_STEP][PASSED] - selectOptionByIndex: All options with index in [3] are selected on object 'Object Repository/Store Request Schedule 1/Page_Store/select_--Select--Schedule 1Inj'

2018-05-23 09:58:33 - [MESSAGE][PASSED] - All options with index in [3] are selected on object 'Object Repository/Store Request Schedule 1/Page_Store/select_--Select--Schedule 1Inj'

2018-05-23 09:58:33 - [TEST_STEP][PASSED] - delay: Delayed 1 second(s)

2018-05-23 09:58:34 - [MESSAGE][PASSED] - Delayed 1 second(s)

2018-05-23 09:58:34 - [TEST_STEP][PASSED] - selectOptionByIndex: All options with index in [13] are selected on object 'Object Repository/Store Request Schedule 1/Page_Store/select_--Select--Adernaline 0.'

2018-05-23 09:58:34 - [MESSAGE][PASSED] - All options with index in [13] are selected on object 'Object Repository/Store Request Schedule 1/Page_Store/select_--Select--Adernaline 0.'

2018-05-23 09:58:34 - [TEST_STEP][PASSED] - setText: Text '100' is set on object 'Object Repository/Store Request Schedule 1/Page_Store/input_txttreat'

2018-05-23 09:58:34 - [MESSAGE][PASSED] - Text '100' is set on object 'Object Repository/Store Request Schedule 1/Page_Store/input_txttreat'

2018-05-23 09:58:34 - [TEST_STEP][PASSED] - click: Object: 'Object Repository/Store Request Schedule 1/Page_Store/button_Add' is clicked on

2018-05-23 09:58:34 - [MESSAGE][PASSED] - Object: 'Object Repository/Store Request Schedule 1/Page_Store/button_Add' is clicked on

2018-05-23 09:58:34 - [TEST_STEP][PASSED] - selectOptionByIndex: All options with index in [3] are selected on object 'Object Repository/Store Request Schedule 1/Page_Store/select_--Select--Schedule 1Inj'

2018-05-23 09:58:35 - [MESSAGE][PASSED] - All options with index in [3] are selected on object 'Object Repository/Store Request Schedule 1/Page_Store/select_--Select--Schedule 1Inj'

2018-05-23 09:58:35 - [TEST_STEP][PASSED] - delay: Delayed 1 second(s)

2018-05-23 09:58:36 - [MESSAGE][PASSED] - Delayed 1 second(s)

2018-05-23 09:58:36 - [TEST_STEP][PASSED] - selectOptionByIndex: All options with index in [14] are selected on object 'Object Repository/Store Request Schedule 1/Page_Store/select_--Select--Adernaline 0.'

2018-05-23 09:58:36 - [MESSAGE][PASSED] - All options with index in [14] are selected on object 'Object Repository/Store Request Schedule 1/Page_Store/select_--Select--Adernaline 0.'

2018-05-23 09:58:36 - [TEST_STEP][PASSED] - setText: Text '100' is set on object 'Object Repository/Store Request Schedule 1/Page_Store/input_txttreat'

2018-05-23 09:58:36 - [MESSAGE][PASSED] - Text '100' is set on object 'Object Repository/Store Request Schedule 1/Page_Store/input_txttreat'

2018-05-23 09:58:36 - [TEST_STEP][PASSED] - click: Object: 'Object Repository/Store Request Schedule 1/Page_Store/button_Add' is clicked on

2018-05-23 09:58:36 - [MESSAGE][PASSED] - Object: 'Object Repository/Store Request Schedule 1/Page_Store/button_Add' is clicked on

2018-05-23 09:58:36 - [TEST_STEP][PASSED] - selectOptionByIndex: All options with index in [3] are selected on object 'Object Repository/Store Request Schedule 1/Page_Store/select_--Select--Schedule 1Inj'

2018-05-23 09:58:36 - [MESSAGE][PASSED] - All options with index in [3] are selected on object 'Object Repository/Store Request Schedule 1/Page_Store/select_--Select--Schedule 1Inj'

2018-05-23 09:58:36 - [TEST_STEP][PASSED] - delay: Delayed 1 second(s)

2018-05-23 09:58:37 - [MESSAGE][PASSED] - Delayed 1 second(s)

2018-05-23 09:58:37 - [TEST_STEP][PASSED] - selectOptionByIndex: All options with index in [15] are selected on object 'Object Repository/Store Request Schedule 1/Page_Store/select_--Select--Adernaline 0.'

2018-05-23 09:58:37 - [MESSAGE][PASSED] - All options with index in [15] are selected on object 'Object Repository/Store Request Schedule 1/Page_Store/select_--Select--Adernaline 0.'

2018-05-23 09:58:37 - [TEST_STEP][PASSED] - setText: Text '100' is set on object 'Object Repository/Store Request Schedule 1/Page_Store/input_txttreat'

2018-05-23 09:58:37 - [MESSAGE][PASSED] - Text '100' is set on object 'Object Repository/Store Request Schedule 1/Page_Store/input_txttreat'

2018-05-23 09:58:37 - [TEST_STEP][PASSED] - click: Object: 'Object Repository/Store Request Schedule 1/Page_Store/button_Add' is clicked on

2018-05-23 09:58:38 - [MESSAGE][PASSED] - Object: 'Object Repository/Store Request Schedule 1/Page_Store/button_Add' is clicked on

2018-05-23 09:58:38 - [TEST_STEP][PASSED] - selectOptionByIndex: All options with index in [3] are selected on object 'Object Repository/Store Request Schedule 1/Page_Store/select_--Select--Schedule 1Inj'

2018-05-23 09:58:38 - [MESSAGE][PASSED] - All options with index in [3] are selected on object 'Object Repository/Store Request Schedule 1/Page_Store/select_--Select--Schedule 1Inj'

2018-05-23 09:58:38 - [TEST_STEP][PASSED] - delay: Delayed 1 second(s)

2018-05-23 09:58:39 - [MESSAGE][PASSED] - Delayed 1 second(s)

2018-05-23 09:58:39 - [TEST_STEP][PASSED] - selectOptionByIndex: All options with index in [16] are selected on object 'Object Repository/Store Request Schedule 1/Page_Store/select_--Select--Adernaline 0.'

2018-05-23 09:58:39 - [MESSAGE][PASSED] - All options with index in [16] are selected on object 'Object Repository/Store Request Schedule 1/Page_Store/select_--Select--Adernaline 0.'

2018-05-23 09:58:39 - [TEST_STEP][PASSED] - setText: Text '100' is set on object 'Object Repository/Store Request Schedule 1/Page_Store/input_txttreat'

2018-05-23 09:58:39 - [MESSAGE][PASSED] - Text '100' is set on object 'Object Repository/Store Request Schedule 1/Page_Store/input_txttreat'

2018-05-23 09:58:39 - [TEST_STEP][PASSED] - click: Object: 'Object Repository/Store Request Schedule 1/Page_Store/button_Add' is clicked on

2018-05-23 09:58:39 - [MESSAGE][PASSED] - Object: 'Object Repository/Store Request Schedule 1/Page_Store/button_Add' is clicked on

2018-05-23 09:58:39 - [TEST_STEP][PASSED] - selectOptionByIndex: All options with index in [3] are selected on object 'Object Repository/Store Request Schedule 1/Page_Store/select_--Select--Schedule 1Inj'

2018-05-23 09:58:39 - [MESSAGE][PASSED] - All options with index in [3] are selected on object 'Object Repository/Store Request Schedule 1/Page_Store/select_--Select--Schedule 1Inj'

2018-05-23 09:58:39 - [TEST_STEP][PASSED] - delay: Delayed 1 second(s)

2018-05-23 09:58:40 - [MESSAGE][PASSED] - Delayed 1 second(s)

2018-05-23 09:58:40 - [TEST_STEP][PASSED] - selectOptionByIndex: All options with index in [17] are selected on object 'Object Repository/Store Request Schedule 1/Page_Store/select_--Select--Adernaline 0.'

2018-05-23 09:58:41 - [MESSAGE][PASSED] - All options with index in [17] are selected on object 'Object Repository/Store Request Schedule 1/Page_Store/select_--Select--Adernaline 0.'

2018-05-23 09:58:41 - [TEST_STEP][PASSED] - setText: Text '100' is set on object 'Object Repository/Store Request Schedule 1/Page_Store/input_txttreat'

2018-05-23 09:58:41 - [MESSAGE][PASSED] - Text '100' is set on object 'Object Repository/Store Request Schedule 1/Page_Store/input_txttreat'

2018-05-23 09:58:41 - [TEST_STEP][PASSED] - click: Object: 'Object Repository/Store Request Schedule 1/Page_Store/button_Add' is clicked on

2018-05-23 09:58:41 - [MESSAGE][PASSED] - Object: 'Object Repository/Store Request Schedule 1/Page_Store/button_Add' is clicked on

2018-05-23 09:58:41 - [TEST_STEP][PASSED] - selectOptionByIndex: All options with index in [3] are selected on object 'Object Repository/Store Request Schedule 1/Page_Store/select_--Select--Schedule 1Inj'

2018-05-23 09:58:41 - [MESSAGE][PASSED] - All options with index in [3] are selected on object 'Object Repository/Store Request Schedule 1/Page_Store/select_--Select--Schedule 1Inj'

2018-05-23 09:58:41 - [TEST_STEP][PASSED] - delay: Delayed 1 second(s)

2018-05-23 09:58:42 - [MESSAGE][PASSED] - Delayed 1 second(s)

2018-05-23 09:58:42 - [TEST_STEP][PASSED] - selectOptionByIndex: All options with index in [18] are selected on object 'Object Repository/Store Request Schedule 1/Page_Store/select_--Select--Adernaline 0.'

2018-05-23 09:58:42 - [MESSAGE][PASSED] - All options with index in [18] are selected on object 'Object Repository/Store Request Schedule 1/Page_Store/select_--Select--Adernaline 0.'

2018-05-23 09:58:42 - [TEST_STEP][PASSED] - setText: Text '100' is set on object 'Object Repository/Store Request Schedule 1/Page_Store/input_txttreat'

2018-05-23 09:58:42 - [MESSAGE][PASSED] - Text '100' is set on object 'Object Repository/Store Request Schedule 1/Page_Store/input_txttreat'

2018-05-23 09:58:42 - [TEST_STEP][PASSED] - click: Object: 'Object Repository/Store Request Schedule 1/Page_Store/button_Add' is clicked on

2018-05-23 09:58:42 - [MESSAGE][PASSED] - Object: 'Object Repository/Store Request Schedule 1/Page_Store/button_Add' is clicked on

2018-05-23 09:58:42 - [TEST_STEP][PASSED] - selectOptionByIndex: All options with index in [3] are selected on object 'Object Repository/Store Request Schedule 1/Page_Store/select_--Select--Schedule 1Inj'

2018-05-23 09:58:43 - [MESSAGE][PASSED] - All options with index in [3] are selected on object 'Object Repository/Store Request Schedule 1/Page_Store/select_--Select--Schedule 1Inj'

2018-05-23 09:58:43 - [TEST_STEP][PASSED] - delay: Delayed 1 second(s)

2018-05-23 09:58:44 - [MESSAGE][PASSED] - Delayed 1 second(s)

2018-05-23 09:58:44 - [TEST_STEP][PASSED] - selectOptionByIndex: All options with index in [19] are selected on object 'Object Repository/Store Request Schedule 1/Page_Store/select_--Select--Adernaline 0.'

2018-05-23 09:58:44 - [MESSAGE][PASSED] - All options with index in [19] are selected on object 'Object Repository/Store Request Schedule 1/Page_Store/select_--Select--Adernaline 0.'

2018-05-23 09:58:44 - [TEST_STEP][PASSED] - setText: Text '100' is set on object 'Object Repository/Store Request Schedule 1/Page_Store/input_txttreat'

2018-05-23 09:58:44 - [MESSAGE][PASSED] - Text '100' is set on object 'Object Repository/Store Request Schedule 1/Page_Store/input_txttreat'

2018-05-23 09:58:44 - [TEST_STEP][PASSED] - click: Object: 'Object Repository/Store Request Schedule 1/Page_Store/button_Add' is clicked on

2018-05-23 09:58:44 - [MESSAGE][PASSED] - Object: 'Object Repository/Store Request Schedule 1/Page_Store/button_Add' is clicked on

2018-05-23 09:58:44 - [TEST_STEP][PASSED] - selectOptionByIndex: All options with index in [3] are selected on object 'Object Repository/Store Request Schedule 1/Page_Store/select_--Select--Schedule 1Inj'

2018-05-23 09:58:44 - [MESSAGE][PASSED] - All options with index in [3] are selected on object 'Object Repository/Store Request Schedule 1/Page_Store/select_--Select--Schedule 1Inj'

2018-05-23 09:58:44 - [TEST_STEP][PASSED] - delay: Delayed 1 second(s)

2018-05-23 09:58:45 - [MESSAGE][PASSED] - Delayed 1 second(s)

2018-05-23 09:58:45 - [TEST_STEP][PASSED] - selectOptionByIndex: All options with index in [20] are selected on object 'Object Repository/Store Request Schedule 1/Page_Store/select_--Select--Adernaline 0.'

2018-05-23 09:58:46 - [MESSAGE][PASSED] - All options with index in [20] are selected on object 'Object Repository/Store Request Schedule 1/Page_Store/select_--Select--Adernaline 0.'

2018-05-23 09:58:46 - [TEST_STEP][PASSED] - setText: Text '100' is set on object 'Object Repository/Store Request Schedule 1/Page_Store/input_txttreat'

2018-05-23 09:58:46 - [MESSAGE][PASSED] - Text '100' is set on object 'Object Repository/Store Request Schedule 1/Page_Store/input_txttreat'

2018-05-23 09:58:46 - [TEST_STEP][PASSED] - click: Object: 'Object Repository/Store Request Schedule 1/Page_Store/button_Add' is clicked on

2018-05-23 09:58:46 - [MESSAGE][PASSED] - Object: 'Object Repository/Store Request Schedule 1/Page_Store/button_Add' is clicked on

2018-05-23 09:58:46 - [TEST_STEP][PASSED] - selectOptionByIndex: All options with index in [3] are selected on object 'Object Repository/Store Request Schedule 1/Page_Store/select_--Select--Schedule 1Inj'

2018-05-23 09:58:46 - [MESSAGE][PASSED] - All options with index in [3] are selected on object 'Object Repository/Store Request Schedule 1/Page_Store/select_--Select--Schedule 1Inj'

2018-05-23 09:58:46 - [TEST_STEP][PASSED] - delay: Delayed 1 second(s)

2018-05-23 09:58:47 - [MESSAGE][PASSED] - Delayed 1 second(s)

2018-05-23 09:58:47 - [TEST_STEP][PASSED] - selectOptionByIndex: All options with index in [21] are selected on object 'Object Repository/Store Request Schedule 1/Page_Store/select_--Select--Adernaline 0.'

2018-05-23 09:58:48 - [MESSAGE][PASSED] - All options with index in [21] are selected on object 'Object Repository/Store Request Schedule 1/Page_Store/select_--Select--Adernaline 0.'

2018-05-23 09:58:48 - [TEST_STEP][PASSED] - setText: Text '100' is set on object 'Object Repository/Store Request Schedule 1/Page_Store/input_txttreat'

2018-05-23 09:58:48 - [MESSAGE][PASSED] - Text '100' is set on object 'Object Repository/Store Request Schedule 1/Page_Store/input_txttreat'

2018-05-23 09:58:48 - [TEST_STEP][PASSED] - click: Object: 'Object Repository/Store Request Schedule 1/Page_Store/button_Add' is clicked on

2018-05-23 09:58:48 - [MESSAGE][PASSED] - Object: 'Object Repository/Store Request Schedule 1/Page_Store/button_Add' is clicked on

2018-05-23 09:58:48 - [TEST_STEP][PASSED] - selectOptionByIndex: All options with index in [3] are selected on object 'Object Repository/Store Request Schedule 1/Page_Store/select_--Select--Schedule 1Inj'

2018-05-23 09:58:48 - [MESSAGE][PASSED] - All options with index in [3] are selected on object 'Object Repository/Store Request Schedule 1/Page_Store/select_--Select--Schedule 1Inj'

2018-05-23 09:58:48 - [TEST_STEP][PASSED] - delay: Delayed 1 second(s)

2018-05-23 09:58:49 - [MESSAGE][PASSED] - Delayed 1 second(s)

2018-05-23 09:58:49 - [TEST_STEP][PASSED] - selectOptionByIndex: All options with index in [22] are selected on object 'Object Repository/Store Request Schedule 1/Page_Store/select_--Select--Adernaline 0.'

2018-05-23 09:58:49 - [MESSAGE][PASSED] - All options with index in [22] are selected on object 'Object Repository/Store Request Schedule 1/Page_Store/select_--Select--Adernaline 0.'

2018-05-23 09:58:49 - [TEST_STEP][PASSED] - setText: Text '100' is set on object 'Object Repository/Store Request Schedule 1/Page_Store/input_txttreat'

2018-05-23 09:58:49 - [MESSAGE][PASSED] - Text '100' is set on object 'Object Repository/Store Request Schedule 1/Page_Store/input_txttreat'

2018-05-23 09:58:49 - [TEST_STEP][PASSED] - click: Object: 'Object Repository/Store Request Schedule 1/Page_Store/button_Add' is clicked on

2018-05-23 09:58:49 - [MESSAGE][PASSED] - Object: 'Object Repository/Store Request Schedule 1/Page_Store/button_Add' is clicked on

2018-05-23 09:58:49 - [TEST_STEP][PASSED] - selectOptionByIndex: All options with index in [3] are selected on object 'Object Repository/Store Request Schedule 1/Page_Store/select_--Select--Schedule 1Inj'

2018-05-23 09:58:49 - [MESSAGE][PASSED] - All options with index in [3] are selected on object 'Object Repository/Store Request Schedule 1/Page_Store/select_--Select--Schedule 1Inj'

2018-05-23 09:58:49 - [TEST_STEP][PASSED] - delay: Delayed 1 second(s)

2018-05-23 09:58:50 - [MESSAGE][PASSED] - Delayed 1 second(s)

2018-05-23 09:58:50 - [TEST_STEP][PASSED] - selectOptionByIndex: All options with index in [23] are selected on object 'Object Repository/Store Request Schedule 1/Page_Store/select_--Select--Adernaline 0.'

2018-05-23 09:58:51 - [MESSAGE][PASSED] - All options with index in [23] are selected on object 'Object Repository/Store Request Schedule 1/Page_Store/select_--Select--Adernaline 0.'

2018-05-23 09:58:51 - [TEST_STEP][PASSED] - setText: Text '100' is set on object 'Object Repository/Store Request Schedule 1/Page_Store/input_txttreat'

2018-05-23 09:58:51 - [MESSAGE][PASSED] - Text '100' is set on object 'Object Repository/Store Request Schedule 1/Page_Store/input_txttreat'

2018-05-23 09:58:51 - [TEST_STEP][PASSED] - click: Object: 'Object Repository/Store Request Schedule 1/Page_Store/button_Add' is clicked on

2018-05-23 09:58:51 - [MESSAGE][PASSED] - Object: 'Object Repository/Store Request Schedule 1/Page_Store/button_Add' is clicked on

2018-05-23 09:58:51 - [TEST_STEP][PASSED] - selectOptionByIndex: All options with index in [3] are selected on object 'Object Repository/Store Request Schedule 1/Page_Store/select_--Select--Schedule 1Inj'

2018-05-23 09:58:51 - [MESSAGE][PASSED] - All options with index in [3] are selected on object 'Object Repository/Store Request Schedule 1/Page_Store/select_--Select--Schedule 1Inj'

2018-05-23 09:58:51 - [TEST_STEP][PASSED] - delay: Delayed 1 second(s)

2018-05-23 09:58:52 - [MESSAGE][PASSED] - Delayed 1 second(s)

2018-05-23 09:58:52 - [TEST_STEP][PASSED] - selectOptionByIndex: All options with index in [24] are selected on object 'Object Repository/Store Request Schedule 1/Page_Store/select_--Select--Adernaline 0.'

2018-05-23 09:58:53 - [MESSAGE][PASSED] - All options with index in [24] are selected on object 'Object Repository/Store Request Schedule 1/Page_Store/select_--Select--Adernaline 0.'

2018-05-23 09:58:53 - [TEST_STEP][PASSED] - setText: Text '100' is set on object 'Object Repository/Store Request Schedule 1/Page_Store/input_txttreat'

2018-05-23 09:58:53 - [MESSAGE][PASSED] - Text '100' is set on object 'Object Repository/Store Request Schedule 1/Page_Store/input_txttreat'

2018-05-23 09:58:53 - [TEST_STEP][PASSED] - click: Object: 'Object Repository/Store Request Schedule 1/Page_Store/button_Add' is clicked on

2018-05-23 09:58:53 - [MESSAGE][PASSED] - Object: 'Object Repository/Store Request Schedule 1/Page_Store/button_Add' is clicked on

2018-05-23 09:58:53 - [TEST_STEP][PASSED] - selectOptionByIndex: All options with index in [3] are selected on object 'Object Repository/Store Request Schedule 1/Page_Store/select_--Select--Schedule 1Inj'

2018-05-23 09:58:53 - [MESSAGE][PASSED] - All options with index in [3] are selected on object 'Object Repository/Store Request Schedule 1/Page_Store/select_--Select--Schedule 1Inj'

2018-05-23 09:58:53 - [TEST_STEP][PASSED] - delay: Delayed 1 second(s)

2018-05-23 09:58:54 - [MESSAGE][PASSED] - Delayed 1 second(s)

2018-05-23 09:58:54 - [TEST_STEP][PASSED] - selectOptionByIndex: All options with index in [25] are selected on object 'Object Repository/Store Request Schedule 1/Page_Store/select_--Select--Adernaline 0.'

2018-05-23 09:58:54 - [MESSAGE][PASSED] - All options with index in [25] are selected on object 'Object Repository/Store Request Schedule 1/Page_Store/select_--Select--Adernaline 0.'

2018-05-23 09:58:54 - [TEST_STEP][PASSED] - setText: Text '100' is set on object 'Object Repository/Store Request Schedule 1/Page_Store/input_txttreat'

2018-05-23 09:58:55 - [MESSAGE][PASSED] - Text '100' is set on object 'Object Repository/Store Request Schedule 1/Page_Store/input_txttreat'

2018-05-23 09:58:55 - [TEST_STEP][PASSED] - click: Object: 'Object Repository/Store Request Schedule 1/Page_Store/button_Add' is clicked on

2018-05-23 09:58:55 - [MESSAGE][PASSED] - Object: 'Object Repository/Store Request Schedule 1/Page_Store/button_Add' is clicked on

2018-05-23 09:58:55 - [TEST_STEP][PASSED] - selectOptionByIndex: All options with index in [3] are selected on object 'Object Repository/Store Request Schedule 1/Page_Store/select_--Select--Schedule 1Inj'

2018-05-23 09:58:55 - [MESSAGE][PASSED] - All options with index in [3] are selected on object 'Object Repository/Store Request Schedule 1/Page_Store/select_--Select--Schedule 1Inj'

2018-05-23 09:58:55 - [TEST_STEP][PASSED] - delay: Delayed 1 second(s)

2018-05-23 09:58:56 - [MESSAGE][PASSED] - Delayed 1 second(s)

2018-05-23 09:58:56 - [TEST_STEP][PASSED] - selectOptionByIndex: All options with index in [26] are selected on object 'Object Repository/Store Request Schedule 1/Page_Store/select_--Select--Adernaline 0.'

2018-05-23 09:58:56 - [MESSAGE][PASSED] - All options with index in [26] are selected on object 'Object Repository/Store Request Schedule 1/Page_Store/select_--Select--Adernaline 0.'

2018-05-23 09:58:56 - [TEST_STEP][PASSED] - setText: Text '100' is set on object 'Object Repository/Store Request Schedule 1/Page_Store/input_txttreat'

2018-05-23 09:58:56 - [MESSAGE][PASSED] - Text '100' is set on object 'Object Repository/Store Request Schedule 1/Page_Store/input_txttreat'

2018-05-23 09:58:56 - [TEST_STEP][PASSED] - click: Object: 'Object Repository/Store Request Schedule 1/Page_Store/button_Add' is clicked on

2018-05-23 09:58:56 - [MESSAGE][PASSED] - Object: 'Object Repository/Store Request Schedule 1/Page_Store/button_Add' is clicked on

2018-05-23 09:58:56 - [TEST_STEP][PASSED] - selectOptionByIndex: All options with index in [3] are selected on object 'Object Repository/Store Request Schedule 1/Page_Store/select_--Select--Schedule 1Inj'

2018-05-23 09:58:56 - [MESSAGE][PASSED] - All options with index in [3] are selected on object 'Object Repository/Store Request Schedule 1/Page_Store/select_--Select--Schedule 1Inj'

2018-05-23 09:58:56 - [TEST_STEP][PASSED] - delay: Delayed 1 second(s)

2018-05-23 09:58:57 - [MESSAGE][PASSED] - Delayed 1 second(s)

2018-05-23 09:58:57 - [TEST_STEP][PASSED] - selectOptionByIndex: All options with index in [27] are selected on object 'Object Repository/Store Request Schedule 1/Page_Store/select_--Select--Adernaline 0.'

2018-05-23 09:58:58 - [MESSAGE][PASSED] - All options with index in [27] are selected on object 'Object Repository/Store Request Schedule 1/Page_Store/select_--Select--Adernaline 0.'

2018-05-23 09:58:58 - [TEST_STEP][PASSED] - setText: Text '100' is set on object 'Object Repository/Store Request Schedule 1/Page_Store/input_txttreat'

2018-05-23 09:58:58 - [MESSAGE][PASSED] - Text '100' is set on object 'Object Repository/Store Request Schedule 1/Page_Store/input_txttreat'

2018-05-23 09:58:58 - [TEST_STEP][PASSED] - click: Object: 'Object Repository/Store Request Schedule 1/Page_Store/button_Add' is clicked on

2018-05-23 09:58:58 - [MESSAGE][PASSED] - Object: 'Object Repository/Store Request Schedule 1/Page_Store/button_Add' is clicked on

2018-05-23 09:58:58 - [TEST_STEP][PASSED] - selectOptionByIndex: All options with index in [3] are selected on object 'Object Repository/Store Request Schedule 1/Page_Store/select_--Select--Schedule 1Inj'

2018-05-23 09:58:58 - [MESSAGE][PASSED] - All options with index in [3] are selected on object 'Object Repository/Store Request Schedule 1/Page_Store/select_--Select--Schedule 1Inj'

2018-05-23 09:58:58 - [TEST_STEP][PASSED] - delay: Delayed 1 second(s)

2018-05-23 09:58:59 - [MESSAGE][PASSED] - Delayed 1 second(s)

2018-05-23 09:58:59 - [TEST_STEP][PASSED] - selectOptionByIndex: All options with index in [28] are selected on object 'Object Repository/Store Request Schedule 1/Page_Store/select_--Select--Adernaline 0.'

2018-05-23 09:59:00 - [MESSAGE][PASSED] - All options with index in [28] are selected on object 'Object Repository/Store Request Schedule 1/Page_Store/select_--Select--Adernaline 0.'

2018-05-23 09:59:00 - [TEST_STEP][PASSED] - setText: Text '100' is set on object 'Object Repository/Store Request Schedule 1/Page_Store/input_txttreat'

2018-05-23 09:59:00 - [MESSAGE][PASSED] - Text '100' is set on object 'Object Repository/Store Request Schedule 1/Page_Store/input_txttreat'

2018-05-23 09:59:00 - [TEST_STEP][PASSED] - click: Object: 'Object Repository/Store Request Schedule 1/Page_Store/button_Add' is clicked on

2018-05-23 09:59:00 - [MESSAGE][PASSED] - Object: 'Object Repository/Store Request Schedule 1/Page_Store/button_Add' is clicked on

2018-05-23 09:59:00 - [TEST_STEP][PASSED] - selectOptionByIndex: All options with index in [3] are selected on object 'Object Repository/Store Request Schedule 1/Page_Store/select_--Select--Schedule 1Inj'

2018-05-23 09:59:00 - [MESSAGE][PASSED] - All options with index in [3] are selected on object 'Object Repository/Store Request Schedule 1/Page_Store/select_--Select--Schedule 1Inj'

2018-05-23 09:59:00 - [TEST_STEP][PASSED] - delay: Delayed 1 second(s)

2018-05-23 09:59:01 - [MESSAGE][PASSED] - Delayed 1 second(s)

2018-05-23 09:59:01 - [TEST_STEP][PASSED] - selectOptionByIndex: All options with index in [29] are selected on object 'Object Repository/Store Request Schedule 1/Page_Store/select_--Select--Adernaline 0.'

2018-05-23 09:59:01 - [MESSAGE][PASSED] - All options with index in [29] are selected on object 'Object Repository/Store Request Schedule 1/Page_Store/select_--Select--Adernaline 0.'

2018-05-23 09:59:01 - [TEST_STEP][PASSED] - setText: Text '100' is set on object 'Object Repository/Store Request Schedule 1/Page_Store/input_txttreat'

2018-05-23 09:59:02 - [MESSAGE][PASSED] - Text '100' is set on object 'Object Repository/Store Request Schedule 1/Page_Store/input_txttreat'

2018-05-23 09:59:02 - [TEST_STEP][PASSED] - click: Object: 'Object Repository/Store Request Schedule 1/Page_Store/button_Add' is clicked on

2018-05-23 09:59:02 - [MESSAGE][PASSED] - Object: 'Object Repository/Store Request Schedule 1/Page_Store/button_Add' is clicked on

2018-05-23 09:59:02 - [TEST_STEP][PASSED] - selectOptionByIndex: All options with index in [3] are selected on object 'Object Repository/Store Request Schedule 1/Page_Store/select_--Select--Schedule 1Inj'

2018-05-23 09:59:02 - [MESSAGE][PASSED] - All options with index in [3] are selected on object 'Object Repository/Store Request Schedule 1/Page_Store/select_--Select--Schedule 1Inj'

2018-05-23 09:59:02 - [TEST_STEP][PASSED] - delay: Delayed 1 second(s)

2018-05-23 09:59:03 - [MESSAGE][PASSED] - Delayed 1 second(s)

2018-05-23 09:59:03 - [TEST_STEP][PASSED] - selectOptionByIndex: All options with index in [30] are selected on object 'Object Repository/Store Request Schedule 1/Page_Store/select_--Select--Adernaline 0.'

2018-05-23 09:59:03 - [MESSAGE][PASSED] - All options with index in [30] are selected on object 'Object Repository/Store Request Schedule 1/Page_Store/select_--Select--Adernaline 0.'

2018-05-23 09:59:03 - [TEST_STEP][PASSED] - setText: Text '100' is set on object 'Object Repository/Store Request Schedule 1/Page_Store/input_txttreat'

2018-05-23 09:59:03 - [MESSAGE][PASSED] - Text '100' is set on object 'Object Repository/Store Request Schedule 1/Page_Store/input_txttreat'

2018-05-23 09:59:03 - [TEST_STEP][PASSED] - click: Object: 'Object Repository/Store Request Schedule 1/Page_Store/button_Add' is clicked on

2018-05-23 09:59:04 - [MESSAGE][PASSED] - Object: 'Object Repository/Store Request Schedule 1/Page_Store/button_Add' is clicked on

2018-05-23 09:59:04 - [TEST_STEP][PASSED] - selectOptionByIndex: All options with index in [3] are selected on object 'Object Repository/Store Request Schedule 1/Page_Store/select_--Select--Schedule 1Inj'

2018-05-23 09:59:04 - [MESSAGE][PASSED] - All options with index in [3] are selected on object 'Object Repository/Store Request Schedule 1/Page_Store/select_--Select--Schedule 1Inj'

2018-05-23 09:59:04 - [TEST_STEP][PASSED] - delay: Delayed 1 second(s)

2018-05-23 09:59:05 - [MESSAGE][PASSED] - Delayed 1 second(s)

2018-05-23 09:59:05 - [TEST_STEP][PASSED] - selectOptionByIndex: All options with index in [31] are selected on object 'Object Repository/Store Request Schedule 1/Page_Store/select_--Select--Adernaline 0.'

2018-05-23 09:59:05 - [MESSAGE][PASSED] - All options with index in [31] are selected on object 'Object Repository/Store Request Schedule 1/Page_Store/select_--Select--Adernaline 0.'

2018-05-23 09:59:05 - [TEST_STEP][PASSED] - setText: Text '100' is set on object 'Object Repository/Store Request Schedule 1/Page_Store/input_txttreat'

2018-05-23 09:59:05 - [MESSAGE][PASSED] - Text '100' is set on object 'Object Repository/Store Request Schedule 1/Page_Store/input_txttreat'

2018-05-23 09:59:05 - [TEST_STEP][PASSED] - click: Object: 'Object Repository/Store Request Schedule 1/Page_Store/button_Add' is clicked on

2018-05-23 09:59:05 - [MESSAGE][PASSED] - Object: 'Object Repository/Store Request Schedule 1/Page_Store/button_Add' is clicked on

2018-05-23 09:59:05 - [TEST_STEP][PASSED] - selectOptionByIndex: All options with index in [3] are selected on object 'Object Repository/Store Request Schedule 1/Page_Store/select_--Select--Schedule 1Inj'

2018-05-23 09:59:05 - [MESSAGE][PASSED] - All options with index in [3] are selected on object 'Object Repository/Store Request Schedule 1/Page_Store/select_--Select--Schedule 1Inj'

2018-05-23 09:59:05 - [TEST_STEP][PASSED] - delay: Delayed 1 second(s)

2018-05-23 09:59:06 - [MESSAGE][PASSED] - Delayed 1 second(s)

2018-05-23 09:59:06 - [TEST_STEP][PASSED] - selectOptionByIndex: All options with index in [32] are selected on object 'Object Repository/Store Request Schedule 1/Page_Store/select_--Select--Adernaline 0.'

2018-05-23 09:59:07 - [MESSAGE][PASSED] - All options with index in [32] are selected on object 'Object Repository/Store Request Schedule 1/Page_Store/select_--Select--Adernaline 0.'

2018-05-23 09:59:07 - [TEST_STEP][PASSED] - setText: Text '100' is set on object 'Object Repository/Store Request Schedule 1/Page_Store/input_txttreat'

2018-05-23 09:59:07 - [MESSAGE][PASSED] - Text '100' is set on object 'Object Repository/Store Request Schedule 1/Page_Store/input_txttreat'

2018-05-23 09:59:07 - [TEST_STEP][PASSED] - click: Object: 'Object Repository/Store Request Schedule 1/Page_Store/button_Add' is clicked on

2018-05-23 09:59:07 - [MESSAGE][PASSED] - Object: 'Object Repository/Store Request Schedule 1/Page_Store/button_Add' is clicked on

2018-05-23 09:59:07 - [TEST_STEP][PASSED] - selectOptionByIndex: All options with index in [3] are selected on object 'Object Repository/Store Request Schedule 1/Page_Store/select_--Select--Schedule 1Inj'

2018-05-23 09:59:07 - [MESSAGE][PASSED] - All options with index in [3] are selected on object 'Object Repository/Store Request Schedule 1/Page_Store/select_--Select--Schedule 1Inj'

2018-05-23 09:59:07 - [TEST_STEP][PASSED] - delay: Delayed 1 second(s)

2018-05-23 09:59:08 - [MESSAGE][PASSED] - Delayed 1 second(s)

2018-05-23 09:59:08 - [TEST_STEP][PASSED] - selectOptionByIndex: All options with index in [33] are selected on object 'Object Repository/Store Request Schedule 1/Page_Store/select_--Select--Adernaline 0.'

2018-05-23 09:59:09 - [MESSAGE][PASSED] - All options with index in [33] are selected on object 'Object Repository/Store Request Schedule 1/Page_Store/select_--Select--Adernaline 0.'

2018-05-23 09:59:09 - [TEST_STEP][PASSED] - setText: Text '100' is set on object 'Object Repository/Store Request Schedule 1/Page_Store/input_txttreat'

2018-05-23 09:59:09 - [MESSAGE][PASSED] - Text '100' is set on object 'Object Repository/Store Request Schedule 1/Page_Store/input_txttreat'

2018-05-23 09:59:09 - [TEST_STEP][PASSED] - click: Object: 'Object Repository/Store Request Schedule 1/Page_Store/button_Add' is clicked on

2018-05-23 09:59:09 - [MESSAGE][PASSED] - Object: 'Object Repository/Store Request Schedule 1/Page_Store/button_Add' is clicked on

2018-05-23 09:59:09 - [TEST_STEP][PASSED] - selectOptionByIndex: All options with index in [3] are selected on object 'Object Repository/Store Request Schedule 1/Page_Store/select_--Select--Schedule 1Inj'

2018-05-23 09:59:09 - [MESSAGE][PASSED] - All options with index in [3] are selected on object 'Object Repository/Store Request Schedule 1/Page_Store/select_--Select--Schedule 1Inj'

2018-05-23 09:59:09 - [TEST_STEP][PASSED] - delay: Delayed 1 second(s)

2018-05-23 09:59:10 - [MESSAGE][PASSED] - Delayed 1 second(s)

2018-05-23 09:59:10 - [TEST_STEP][PASSED] - selectOptionByIndex: All options with index in [34] are selected on object 'Object Repository/Store Request Schedule 1/Page_Store/select_--Select--Adernaline 0.'

2018-05-23 09:59:11 - [MESSAGE][PASSED] - All options with index in [34] are selected on object 'Object Repository/Store Request Schedule 1/Page_Store/select_--Select--Adernaline 0.'

2018-05-23 09:59:11 - [TEST_STEP][PASSED] - setText: Text '100' is set on object 'Object Repository/Store Request Schedule 1/Page_Store/input_txttreat'

2018-05-23 09:59:11 - [MESSAGE][PASSED] - Text '100' is set on object 'Object Repository/Store Request Schedule 1/Page_Store/input_txttreat'

2018-05-23 09:59:11 - [TEST_STEP][PASSED] - click: Object: 'Object Repository/Store Request Schedule 1/Page_Store/button_Add' is clicked on

2018-05-23 09:59:11 - [MESSAGE][PASSED] - Object: 'Object Repository/Store Request Schedule 1/Page_Store/button_Add' is clicked on

2018-05-23 09:59:11 - [TEST_STEP][PASSED] - selectOptionByIndex: All options with index in [3] are selected on object 'Object Repository/Store Request Schedule 1/Page_Store/select_--Select--Schedule 1Inj'

2018-05-23 09:59:11 - [MESSAGE][PASSED] - All options with index in [3] are selected on object 'Object Repository/Store Request Schedule 1/Page_Store/select_--Select--Schedule 1Inj'

2018-05-23 09:59:11 - [TEST_STEP][PASSED] - delay: Delayed 1 second(s)

2018-05-23 09:59:12 - [MESSAGE][PASSED] - Delayed 1 second(s)

2018-05-23 09:59:12 - [TEST_STEP][PASSED] - selectOptionByIndex: All options with index in [35] are selected on object 'Object Repository/Store Request Schedule 1/Page_Store/select_--Select--Adernaline 0.'

2018-05-23 09:59:13 - [MESSAGE][PASSED] - All options with index in [35] are selected on object 'Object Repository/Store Request Schedule 1/Page_Store/select_--Select--Adernaline 0.'

2018-05-23 09:59:13 - [TEST_STEP][PASSED] - setText: Text '100' is set on object 'Object Repository/Store Request Schedule 1/Page_Store/input_txttreat'

2018-05-23 09:59:13 - [MESSAGE][PASSED] - Text '100' is set on object 'Object Repository/Store Request Schedule 1/Page_Store/input_txttreat'

2018-05-23 09:59:13 - [TEST_STEP][PASSED] - click: Object: 'Object Repository/Store Request Schedule 1/Page_Store/button_Add' is clicked on

2018-05-23 09:59:13 - [MESSAGE][PASSED] - Object: 'Object Repository/Store Request Schedule 1/Page_Store/button_Add' is clicked on

2018-05-23 09:59:13 - [TEST_STEP][PASSED] - selectOptionByIndex: All options with index in [3] are selected on object 'Object Repository/Store Request Schedule 1/Page_Store/select_--Select--Schedule 1Inj'

2018-05-23 09:59:13 - [MESSAGE][PASSED] - All options with index in [3] are selected on object 'Object Repository/Store Request Schedule 1/Page_Store/select_--Select--Schedule 1Inj'

2018-05-23 09:59:13 - [TEST_STEP][PASSED] - delay: Delayed 1 second(s)

2018-05-23 09:59:14 - [MESSAGE][PASSED] - Delayed 1 second(s)

2018-05-23 09:59:14 - [TEST_STEP][PASSED] - selectOptionByIndex: All options with index in [36] are selected on object 'Object Repository/Store Request Schedule 1/Page_Store/select_--Select--Adernaline 0.'

2018-05-23 09:59:14 - [MESSAGE][PASSED] - All options with index in [36] are selected on object 'Object Repository/Store Request Schedule 1/Page_Store/select_--Select--Adernaline 0.'

2018-05-23 09:59:14 - [TEST_STEP][PASSED] - setText: Text '100' is set on object 'Object Repository/Store Request Schedule 1/Page_Store/input_txttreat'

2018-05-23 09:59:14 - [MESSAGE][PASSED] - Text '100' is set on object 'Object Repository/Store Request Schedule 1/Page_Store/input_txttreat'

2018-05-23 09:59:14 - [TEST_STEP][PASSED] - click: Object: 'Object Repository/Store Request Schedule 1/Page_Store/button_Add' is clicked on

2018-05-23 09:59:15 - [MESSAGE][PASSED] - Object: 'Object Repository/Store Request Schedule 1/Page_Store/button_Add' is clicked on

2018-05-23 09:59:15 - [TEST_STEP][PASSED] - delay: Delayed 2 second(s)

2018-05-23 09:59:17 - [MESSAGE][PASSED] - Delayed 2 second(s)

2018-05-23 09:59:17 - [TEST_STEP][PASSED] - scrollToElement: Scroll to object 'Object Repository/Store Request Schedule 1/Page_Store/input_btnsave' successfully

2018-05-23 09:59:17 - [MESSAGE][PASSED] - Scroll to object 'Object Repository/Store Request Schedule 1/Page_Store/input_btnsave' successfully

2018-05-23 09:59:17 - [TEST_STEP][PASSED] - click: Object: 'Object Repository/Store Request Schedule 1/Page_Store/input_btnsave' is clicked on

2018-05-23 09:59:17 - [MESSAGE][PASSED] - Object: 'Object Repository/Store Request Schedule 1/Page_Store/input_btnsave' is clicked on

2018-05-23 09:59:17 - [TEST_STEP][PASSED] - delay: Delayed 4 second(s)

2018-05-23 09:59:21 - [MESSAGE][PASSED] - Delayed 4 second(s)

2018-05-23 09:59:21 - [TEST_STEP][PASSED] - Statement - Cms_RequestNumber = com.kms.katalon.core.webui.keyword.WebUiBuiltInKeywords.getText(com.kms.katalon.core.testobject.ObjectRepository.findTestObject(Store Request Schedule 1/Page_Store/font_PRNO050520189)): Text of object 'Object Repository/Store Request Schedule 1/Page_Store/font_PRNO050520189' is: 'PRNO/23052018/353'

2018-05-23 09:59:21 - [MESSAGE][PASSED] - Text of object 'Object Repository/Store Request Schedule 1/Page_Store/font_PRNO050520189' is: 'PRNO/23052018/353'

2018-05-23 09:59:21 - [TEST_STEP][PASSED] - Statement - CR = Cms_RequestNumber.trim(): null

2018-05-23 09:59:21 - [TEST_STEP][PASSED] - Statement - out.println("RQ :" + Cms_RequestNumber): null

2018-05-23 09:59:21 - [TEST_STEP][PASSED] - Statement - RequestNumberID = Cms_RequestNumber.split("/")[2].trim(): null

2018-05-23 09:59:21 - [TEST_STEP][PASSED] - Statement - out.println("RQ ID :" + RequestNumberID): null

2018-05-23 09:59:21 - [TEST_STEP][PASSED] - delay: Delayed 3 second(s)

2018-05-23 09:59:24 - [MESSAGE][PASSED] - Delayed 3 second(s)

2018-05-23 09:59:24 - [TEST_STEP][PASSED] - Statement - ok = com.kms.katalon.core.webui.keyword.WebUiBuiltInKeywords.click(com.kms.katalon.core.testobject.ObjectRepository.findTestObject(Store Request Schedule 1/Page_Store/button_OK)): Object: 'Object Repository/Store Request Schedule 1/Page_Store/button_OK' is clicked on

2018-05-23 09:59:25 - [MESSAGE][PASSED] - Object: 'Object Repository/Store Request Schedule 1/Page_Store/button_OK' is clicked on

2018-05-23 09:59:25 - [TEST_STEP][PASSED] - delay: Delayed 3 second(s)

2018-05-23 09:59:28 - [MESSAGE][PASSED] - Delayed 3 second(s)

2018-05-23 09:59:28 - [TEST_STEP][PASSED] - click: Object: 'Object Repository/Store Request Schedule 1/Page_Store/a_dropdown-toggle' is clicked on

2018-05-23 09:59:28 - [MESSAGE][PASSED] - Object: 'Object Repository/Store Request Schedule 1/Page_Store/a_dropdown-toggle' is clicked on

2018-05-23 09:59:28 - [TEST_STEP][PASSED] - click: Object: 'Object Repository/Store Request Schedule 1/Page_Store/a_Sign out' is clicked on

2018-05-23 09:59:29 - [MESSAGE][PASSED] - Object: 'Object Repository/Store Request Schedule 1/Page_Store/a_Sign out' is clicked on

2018-05-23 09:59:29 - [TEST_STEP][PASSED] - delay: Delayed 3 second(s)

2018-05-23 09:59:32 - [MESSAGE][PASSED] - Delayed 3 second(s)

2018-05-23 09:59:32 - [TEST_STEP][PASSED] - click: Object: 'Object Repository/Store Request Schedule 1/Page_KDMC/a_CMO' is clicked on

2018-05-23 09:59:32 - [MESSAGE][PASSED] - Object: 'Object Repository/Store Request Schedule 1/Page_KDMC/a_CMO' is clicked on

2018-05-23 09:59:32 - [TEST_STEP][PASSED] - setText: Text 'guru' is set on object 'Object Repository/Store Request Schedule 1/Page_CMO login/input_txtusername'

2018-05-23 09:59:32 - [MESSAGE][PASSED] - Text 'guru' is set on object 'Object Repository/Store Request Schedule 1/Page_CMO login/input_txtusername'

2018-05-23 09:59:32 - [TEST_STEP][PASSED] - setText: Text '123' is set on object 'Object Repository/Store Request Schedule 1/Page_CMO login/input_txtpassword'

2018-05-23 09:59:32 - [MESSAGE][PASSED] - Text '123' is set on object 'Object Repository/Store Request Schedule 1/Page_CMO login/input_txtpassword'

2018-05-23 09:59:32 - [TEST_STEP][PASSED] - delay: Delayed 3 second(s)

2018-05-23 09:59:35 - [MESSAGE][PASSED] - Delayed 3 second(s)

2018-05-23 09:59:35 - [TEST_STEP][PASSED] - click: Object: 'Object Repository/Store Request Schedule 1/Page_CMO login/button_Sign in' is clicked on

2018-05-23 09:59:36 - [MESSAGE][PASSED] - Object: 'Object Repository/Store Request Schedule 1/Page_CMO login/button_Sign in' is clicked on

2018-05-23 09:59:36 - [TEST_STEP][PASSED] - delay: Delayed 2 second(s)

2018-05-23 09:59:38 - [MESSAGE][PASSED] - Delayed 2 second(s)

2018-05-23 09:59:38 - [TEST_STEP][PASSED] - click: Object: 'Object Repository/Store Request Schedule 1/Page_KDMC - CMO/span_Department Wise Request' is clicked on

2018-05-23 09:59:39 - [MESSAGE][PASSED] - Object: 'Object Repository/Store Request Schedule 1/Page_KDMC - CMO/span_Department Wise Request' is clicked on

2018-05-23 09:59:39 - [TEST_STEP][PASSED] - click: Object: 'Object Repository/Store Request Schedule 1/Page_KDMC - CMO/a_CMS Request' is clicked on

2018-05-23 09:59:39 - [MESSAGE][PASSED] - Object: 'Object Repository/Store Request Schedule 1/Page_KDMC - CMO/a_CMS Request' is clicked on

2018-05-23 09:59:39 - [TEST_STEP][PASSED] - click: Object: 'Object Repository/Store Request Schedule 1/Page_KDMC - CMO/a_CMS Request' is clicked on

2018-05-23 09:59:39 - [MESSAGE][PASSED] - Object: 'Object Repository/Store Request Schedule 1/Page_KDMC - CMO/a_CMS Request' is clicked on

2018-05-23 09:59:39 - [TEST_STEP][PASSED] - click: Object: 'Object Repository/Store Request Schedule 1/Page_KDMC - CMO/span_Divisional Store Request' is clicked on

2018-05-23 09:59:41 - [MESSAGE][PASSED] - Object: 'Object Repository/Store Request Schedule 1/Page_KDMC - CMO/span_Divisional Store Request' is clicked on

2018-05-23 09:59:41 - [TEST_STEP][PASSED] - delay: Delayed 2 second(s)

2018-05-23 09:59:43 - [MESSAGE][PASSED] - Delayed 2 second(s)

2018-05-23 09:59:43 - [TEST_STEP][PASSED] - Statement - approval = com.kms.katalon.core.webui.keyword.WebUiBuiltInKeywords.modifyObjectProperty(com.kms.katalon.core.testobject.ObjectRepository.findTestObject(Store Request Schedule 1/Page_KDMC - CMO/input_PRNO050520189), "xpath", "equals", "//*[@id=" + RequestNumberID + "]", true): Modify property of object successfully

2018-05-23 09:59:43 - [MESSAGE][PASSED] - Modify property of object successfully

2018-05-23 09:59:43 - [TEST_STEP][PASSED] - click: Object: 'Object Repository/Store Request Schedule 1/Page_KDMC - CMO/input_PRNO050520189' is clicked on

2018-05-23 09:59:43 - [MESSAGE][PASSED] - Object: 'Object Repository/Store Request Schedule 1/Page_KDMC - CMO/input_PRNO050520189' is clicked on

2018-05-23 09:59:43 - [TEST_STEP][PASSED] - delay: Delayed 2 second(s)

2018-05-23 09:59:45 - [MESSAGE][PASSED] - Delayed 2 second(s)

2018-05-23 09:59:45 - [TEST_STEP][PASSED] - selectOptionByIndex: All options with index in [1] are selected on object 'Object Repository/Store Request Schedule 1/Page_KDMC - CMO/select_--Select--'

2018-05-23 09:59:45 - [MESSAGE][PASSED] - All options with index in [1] are selected on object 'Object Repository/Store Request Schedule 1/Page_KDMC - CMO/select_--Select--'

2018-05-23 09:59:45 - [TEST_STEP][PASSED] - click: Object: 'Object Repository/Store Request Schedule 1/Page_KDMC - CMO/input_btnupdate' is clicked on

2018-05-23 09:59:45 - [MESSAGE][PASSED] - Object: 'Object Repository/Store Request Schedule 1/Page_KDMC - CMO/input_btnupdate' is clicked on

2018-05-23 09:59:45 - [TEST_STEP][PASSED] - delay: Delayed 2 second(s)

2018-05-23 09:59:47 - [MESSAGE][PASSED] - Delayed 2 second(s)

2018-05-23 09:59:47 - [TEST_STEP][PASSED] - click: Object: 'Object Repository/Store Request Schedule 1/Page_KDMC - CMO/button_OK' is clicked on

2018-05-23 09:59:48 - [MESSAGE][PASSED] - Object: 'Object Repository/Store Request Schedule 1/Page_KDMC - CMO/button_OK' is clicked on

2018-05-23 09:59:48 - [TEST_STEP][PASSED] - delay: Delayed 2 second(s)

2018-05-23 09:59:50 - [MESSAGE][PASSED] - Delayed 2 second(s)

2018-05-23 09:59:50 - [TEST_STEP][PASSED] - click: Object: 'Object Repository/Store Request Schedule 1/Page_KDMC - CMO/a_dropdown-toggle' is clicked on

2018-05-23 09:59:50 - [MESSAGE][PASSED] - Object: 'Object Repository/Store Request Schedule 1/Page_KDMC - CMO/a_dropdown-toggle' is clicked on

2018-05-23 09:59:50 - [TEST_STEP][PASSED] - click: Object: 'Object Repository/Store Request Schedule 1/Page_KDMC - CMO/a_Sign out' is clicked on

2018-05-23 09:59:50 - [MESSAGE][PASSED] - Object: 'Object Repository/Store Request Schedule 1/Page_KDMC - CMO/a_Sign out' is clicked on

2018-05-23 09:59:50 - [TEST_STEP][PASSED] - delay: Delayed 3 second(s)

2018-05-23 09:59:53 - [MESSAGE][PASSED] - Delayed 3 second(s)

2018-05-23 09:59:53 - [TEST_STEP][PASSED] - click: Object: 'Object Repository/store Request Schedule 1/Page_KDMC/a_CMS' is clicked on

2018-05-23 09:59:54 - [MESSAGE][PASSED] - Object: 'Object Repository/store Request Schedule 1/Page_KDMC/a_CMS' is clicked on

2018-05-23 09:59:54 - [TEST_STEP][PASSED] - setText: Text 'bala' is set on object 'Object Repository/store Request Schedule 1/Page_CMS login/input_txtusername'

2018-05-23 09:59:54 - [MESSAGE][PASSED] - Text 'bala' is set on object 'Object Repository/store Request Schedule 1/Page_CMS login/input_txtusername'

2018-05-23 09:59:54 - [TEST_STEP][PASSED] - setText: Text '123' is set on object 'Object Repository/store Request Schedule 1/Page_CMS login/input_txtpassword'

2018-05-23 09:59:54 - [MESSAGE][PASSED] - Text '123' is set on object 'Object Repository/store Request Schedule 1/Page_CMS login/input_txtpassword'

2018-05-23 09:59:54 - [TEST_STEP][PASSED] - delay: Delayed 3 second(s)

2018-05-23 09:59:57 - [MESSAGE][PASSED] - Delayed 3 second(s)

2018-05-23 09:59:57 - [TEST_STEP][PASSED] - click: Object: 'Object Repository/store Request Schedule 1/Page_CMS login/button_Sign in' is clicked on

2018-05-23 09:59:58 - [MESSAGE][PASSED] - Object: 'Object Repository/store Request Schedule 1/Page_CMS login/button_Sign in' is clicked on

2018-05-23 09:59:58 - [TEST_STEP][PASSED] - delay: Delayed 2 second(s)

2018-05-23 10:00:00 - [MESSAGE][PASSED] - Delayed 2 second(s)

2018-05-23 10:00:00 - [TEST_STEP][PASSED] - click: Object: 'Object Repository/store Request Schedule 1/Page_KDMC - CMS/a_Divisional Store' is clicked on

2018-05-23 10:00:00 - [MESSAGE][PASSED] - Object: 'Object Repository/store Request Schedule 1/Page_KDMC - CMS/a_Divisional Store' is clicked on

2018-05-23 10:00:00 - [TEST_STEP][PASSED] - delay: Delayed 2 second(s)

2018-05-23 10:00:02 - [MESSAGE][PASSED] - Delayed 2 second(s)

2018-05-23 10:00:02 - [TEST_STEP][PASSED] - click: Object: 'Object Repository/store Request Schedule 1/Page_KDMC - CMS/a_Dispatch Items' is clicked on

2018-05-23 10:00:02 - [MESSAGE][PASSED] - Object: 'Object Repository/store Request Schedule 1/Page_KDMC - CMS/a_Dispatch Items' is clicked on

2018-05-23 10:00:02 - [TEST_STEP][PASSED] - setText: Text 'PRNO/23052018/353' is set on object 'Object Repository/store Request Schedule 1/Page_KDMC - CMS/input'

2018-05-23 10:00:03 - [MESSAGE][PASSED] - Text 'PRNO/23052018/353' is set on object 'Object Repository/store Request Schedule 1/Page_KDMC - CMS/input'

2018-05-23 10:00:03 - [TEST_STEP][PASSED] - click: Object: 'Object Repository/store Request Schedule 1/Page_KDMC - CMS/td_text-center' is clicked on

2018-05-23 10:00:03 - [MESSAGE][PASSED] - Object: 'Object Repository/store Request Schedule 1/Page_KDMC - CMS/td_text-center' is clicked on

2018-05-23 10:00:03 - [TEST_STEP][PASSED] - delay: Delayed 2 second(s)

2018-05-23 10:00:05 - [MESSAGE][PASSED] - Delayed 2 second(s)

2018-05-23 10:00:05 - [TEST_STEP][PASSED] - Statement - For ([row = 0, row < SelectedOptions - 1, (row++)]): null

2018-05-23 10:00:05 - [TEST_STEP][PASSED] - Statement - batchlength = new com.kms.katalon.core.testobject.TestObject(): null

2018-05-23 10:00:05 - [TEST_STEP][PASSED] - Statement - batchlength = com.kms.katalon.core.webui.keyword.WebUiBuiltInKeywords.modifyObjectProperty(batchlength, "xpath", "equals", "//*[@id = "fldvendor" + row + ""]", true): Modify property of object successfully

2018-05-23 10:00:05 - [MESSAGE][PASSED] - Modify property of object successfully

2018-05-23 10:00:05 - [TEST_STEP][PASSED] - Statement - batchsize = com.kms.katalon.core.webui.keyword.WebUiBuiltInKeywords.getNumberOfTotalOption(batchlength): 6 options of object '' counted

2018-05-23 10:00:05 - [MESSAGE][PASSED] - 6 options of object '' counted

2018-05-23 10:00:05 - [TEST_STEP][PASSED] - Statement - out.println("BatchSize : " + batchsize): null

2018-05-23 10:00:05 - [TEST_STEP][PASSED] - Statement - For ([n = 1, n <= batchsize - 1, (n++)]): null

2018-05-23 10:00:05 - [TEST_STEP][PASSED] - Statement - product = new com.kms.katalon.core.testobject.TestObject(): null

2018-05-23 10:00:05 - [TEST_STEP][PASSED] - Statement - product = com.kms.katalon.core.webui.keyword.WebUiBuiltInKeywords.modifyObjectProperty(product, "xpath", "equals", "//*[@id = "fldvendor" + row + ""]", true): Modify property of object successfully

2018-05-23 10:00:05 - [MESSAGE][PASSED] - Modify property of object successfully

2018-05-23 10:00:05 - [TEST_STEP][PASSED] - selectOptionByIndex: All options with index in [1] are selected on object ''

2018-05-23 10:00:05 - [MESSAGE][PASSED] - All options with index in [1] are selected on object ''

2018-05-23 10:00:05 - [TEST_STEP][PASSED] - Statement - batch = new com.kms.katalon.core.testobject.TestObject(): null

2018-05-23 10:00:05 - [TEST_STEP][PASSED] - Statement - batch = com.kms.katalon.core.webui.keyword.WebUiBuiltInKeywords.modifyObjectProperty(batch, "xpath", "equals", "//*[@id = "txtbthqty" + row + ""]", true): Modify property of object successfully

2018-05-23 10:00:05 - [MESSAGE][PASSED] - Modify property of object successfully

2018-05-23 10:00:05 - [TEST_STEP][PASSED] - Statement - batchqty = com.kms.katalon.core.webui.keyword.WebUiBuiltInKeywords.getAttribute(batch, "value").trim(): Attribute 'value' of object '' is: '4600'

2018-05-23 10:00:05 - [MESSAGE][PASSED] - Attribute 'value' of object '' is: '4600'

2018-05-23 10:00:05 - [TEST_STEP][PASSED] - Statement - Rqty = 100: null

2018-05-23 10:00:05 - [TEST_STEP][PASSED] - delay: Delayed 2 second(s)

2018-05-23 10:00:07 - [MESSAGE][PASSED] - Delayed 2 second(s)

2018-05-23 10:00:07 - [TEST_STEP][PASSED] - Statement - out.println("BatchQty : " + batchqty): null

2018-05-23 10:00:07 - [TEST_STEP][PASSED] - Statement - out.println("RQty : " + Rqty): null

2018-05-23 10:00:07 - [TEST_STEP][PASSED] - Statement - If (java.lang.Integer.valueOf(batchqty) >= java.lang.Integer.valueOf(Rqty)): null

2018-05-23 10:00:07 - [TEST_STEP][PASSED] - Statement - Break: null

2018-05-23 10:00:07 - [TEST_STEP][PASSED] - Statement - batchlength = new com.kms.katalon.core.testobject.TestObject(): null

2018-05-23 10:00:07 - [TEST_STEP][PASSED] - Statement - batchlength = com.kms.katalon.core.webui.keyword.WebUiBuiltInKeywords.modifyObjectProperty(batchlength, "xpath", "equals", "//*[@id = "fldvendor" + row + ""]", true): Modify property of object successfully

2018-05-23 10:00:07 - [MESSAGE][PASSED] - Modify property of object successfully

2018-05-23 10:00:07 - [TEST_STEP][PASSED] - Statement - batchsize = com.kms.katalon.core.webui.keyword.WebUiBuiltInKeywords.getNumberOfTotalOption(batchlength): 6 options of object '' counted

2018-05-23 10:00:07 - [MESSAGE][PASSED] - 6 options of object '' counted

2018-05-23 10:00:07 - [TEST_STEP][PASSED] - Statement - out.println("BatchSize : " + batchsize): null

2018-05-23 10:00:07 - [TEST_STEP][PASSED] - Statement - For ([n = 1, n <= batchsize - 1, (n++)]): null

2018-05-23 10:00:07 - [TEST_STEP][PASSED] - Statement - product = new com.kms.katalon.core.testobject.TestObject(): null

2018-05-23 10:00:07 - [TEST_STEP][PASSED] - Statement - product = com.kms.katalon.core.webui.keyword.WebUiBuiltInKeywords.modifyObjectProperty(product, "xpath", "equals", "//*[@id = "fldvendor" + row + ""]", true): Modify property of object successfully

2018-05-23 10:00:07 - [MESSAGE][PASSED] - Modify property of object successfully

2018-05-23 10:00:07 - [TEST_STEP][PASSED] - selectOptionByIndex: All options with index in [1] are selected on object ''

2018-05-23 10:00:07 - [MESSAGE][PASSED] - All options with index in [1] are selected on object ''

2018-05-23 10:00:07 - [TEST_STEP][PASSED] - Statement - batch = new com.kms.katalon.core.testobject.TestObject(): null

2018-05-23 10:00:07 - [TEST_STEP][PASSED] - Statement - batch = com.kms.katalon.core.webui.keyword.WebUiBuiltInKeywords.modifyObjectProperty(batch, "xpath", "equals", "//*[@id = "txtbthqty" + row + ""]", true): Modify property of object successfully

2018-05-23 10:00:07 - [MESSAGE][PASSED] - Modify property of object successfully

2018-05-23 10:00:07 - [TEST_STEP][PASSED] - Statement - batchqty = com.kms.katalon.core.webui.keyword.WebUiBuiltInKeywords.getAttribute(batch, "value").trim(): Attribute 'value' of object '' is: '4585'

2018-05-23 10:00:07 - [MESSAGE][PASSED] - Attribute 'value' of object '' is: '4585'

2018-05-23 10:00:07 - [TEST_STEP][PASSED] - Statement - Rqty = 100: null

2018-05-23 10:00:07 - [TEST_STEP][PASSED] - delay: Delayed 2 second(s)

2018-05-23 10:00:09 - [MESSAGE][PASSED] - Delayed 2 second(s)

2018-05-23 10:00:09 - [TEST_STEP][PASSED] - Statement - out.println("BatchQty : " + batchqty): null

2018-05-23 10:00:09 - [TEST_STEP][PASSED] - Statement - out.println("RQty : " + Rqty): null

2018-05-23 10:00:09 - [TEST_STEP][PASSED] - Statement - If (java.lang.Integer.valueOf(batchqty) >= java.lang.Integer.valueOf(Rqty)): null

2018-05-23 10:00:09 - [TEST_STEP][PASSED] - Statement - Break: null

2018-05-23 10:00:09 - [TEST_STEP][PASSED] - Statement - batchlength = new com.kms.katalon.core.testobject.TestObject(): null

2018-05-23 10:00:09 - [TEST_STEP][PASSED] - Statement - batchlength = com.kms.katalon.core.webui.keyword.WebUiBuiltInKeywords.modifyObjectProperty(batchlength, "xpath", "equals", "//*[@id = "fldvendor" + row + ""]", true): Modify property of object successfully

2018-05-23 10:00:09 - [MESSAGE][PASSED] - Modify property of object successfully

2018-05-23 10:00:09 - [TEST_STEP][PASSED] - Statement - batchsize = com.kms.katalon.core.webui.keyword.WebUiBuiltInKeywords.getNumberOfTotalOption(batchlength): 6 options of object '' counted

2018-05-23 10:00:09 - [MESSAGE][PASSED] - 6 options of object '' counted

2018-05-23 10:00:09 - [TEST_STEP][PASSED] - Statement - out.println("BatchSize : " + batchsize): null

2018-05-23 10:00:09 - [TEST_STEP][PASSED] - Statement - For ([n = 1, n <= batchsize - 1, (n++)]): null

2018-05-23 10:00:09 - [TEST_STEP][PASSED] - Statement - product = new com.kms.katalon.core.testobject.TestObject(): null

2018-05-23 10:00:09 - [TEST_STEP][PASSED] - Statement - product = com.kms.katalon.core.webui.keyword.WebUiBuiltInKeywords.modifyObjectProperty(product, "xpath", "equals", "//*[@id = "fldvendor" + row + ""]", true): Modify property of object successfully

2018-05-23 10:00:09 - [MESSAGE][PASSED] - Modify property of object successfully

2018-05-23 10:00:09 - [TEST_STEP][PASSED] - selectOptionByIndex: All options with index in [1] are selected on object ''

2018-05-23 10:00:10 - [MESSAGE][PASSED] - All options with index in [1] are selected on object ''

2018-05-23 10:00:10 - [TEST_STEP][PASSED] - Statement - batch = new com.kms.katalon.core.testobject.TestObject(): null

2018-05-23 10:00:10 - [TEST_STEP][PASSED] - Statement - batch = com.kms.katalon.core.webui.keyword.WebUiBuiltInKeywords.modifyObjectProperty(batch, "xpath", "equals", "//*[@id = "txtbthqty" + row + ""]", true): Modify property of object successfully

2018-05-23 10:00:10 - [MESSAGE][PASSED] - Modify property of object successfully

2018-05-23 10:00:10 - [TEST_STEP][PASSED] - Statement - batchqty = com.kms.katalon.core.webui.keyword.WebUiBuiltInKeywords.getAttribute(batch, "value").trim(): Attribute 'value' of object '' is: '36500'

2018-05-23 10:00:10 - [MESSAGE][PASSED] - Attribute 'value' of object '' is: '36500'

2018-05-23 10:00:10 - [TEST_STEP][PASSED] - Statement - Rqty = 100: null

2018-05-23 10:00:10 - [TEST_STEP][PASSED] - delay: Delayed 2 second(s)

2018-05-23 10:00:12 - [MESSAGE][PASSED] - Delayed 2 second(s)

2018-05-23 10:00:12 - [TEST_STEP][PASSED] - Statement - out.println("BatchQty : " + batchqty): null

2018-05-23 10:00:12 - [TEST_STEP][PASSED] - Statement - out.println("RQty : " + Rqty): null

2018-05-23 10:00:12 - [TEST_STEP][PASSED] - Statement - If (java.lang.Integer.valueOf(batchqty) >= java.lang.Integer.valueOf(Rqty)): null

2018-05-23 10:00:12 - [TEST_STEP][PASSED] - Statement - Break: null

2018-05-23 10:00:12 - [TEST_STEP][PASSED] - Statement - batchlength = new com.kms.katalon.core.testobject.TestObject(): null

2018-05-23 10:00:12 - [TEST_STEP][PASSED] - Statement - batchlength = com.kms.katalon.core.webui.keyword.WebUiBuiltInKeywords.modifyObjectProperty(batchlength, "xpath", "equals", "//*[@id = "fldvendor" + row + ""]", true): Modify property of object successfully

2018-05-23 10:00:12 - [MESSAGE][PASSED] - Modify property of object successfully

2018-05-23 10:00:12 - [TEST_STEP][PASSED] - Statement - batchsize = com.kms.katalon.core.webui.keyword.WebUiBuiltInKeywords.getNumberOfTotalOption(batchlength): 6 options of object '' counted

2018-05-23 10:00:12 - [MESSAGE][PASSED] - 6 options of object '' counted

2018-05-23 10:00:12 - [TEST_STEP][PASSED] - Statement - out.println("BatchSize : " + batchsize): null

2018-05-23 10:00:12 - [TEST_STEP][PASSED] - Statement - For ([n = 1, n <= batchsize - 1, (n++)]): null

2018-05-23 10:00:12 - [TEST_STEP][PASSED] - Statement - product = new com.kms.katalon.core.testobject.TestObject(): null

2018-05-23 10:00:12 - [TEST_STEP][PASSED] - Statement - product = com.kms.katalon.core.webui.keyword.WebUiBuiltInKeywords.modifyObjectProperty(product, "xpath", "equals", "//*[@id = "fldvendor" + row + ""]", true): Modify property of object successfully

2018-05-23 10:00:12 - [MESSAGE][PASSED] - Modify property of object successfully

2018-05-23 10:00:12 - [TEST_STEP][PASSED] - selectOptionByIndex: All options with index in [1] are selected on object ''

2018-05-23 10:00:12 - [MESSAGE][PASSED] - All options with index in [1] are selected on object ''

2018-05-23 10:00:12 - [TEST_STEP][PASSED] - Statement - batch = new com.kms.katalon.core.testobject.TestObject(): null

2018-05-23 10:00:12 - [TEST_STEP][PASSED] - Statement - batch = com.kms.katalon.core.webui.keyword.WebUiBuiltInKeywords.modifyObjectProperty(batch, "xpath", "equals", "//*[@id = "txtbthqty" + row + ""]", true): Modify property of object successfully

2018-05-23 10:00:12 - [MESSAGE][PASSED] - Modify property of object successfully

2018-05-23 10:00:12 - [TEST_STEP][PASSED] - Statement - batchqty = com.kms.katalon.core.webui.keyword.WebUiBuiltInKeywords.getAttribute(batch, "value").trim(): Attribute 'value' of object '' is: '37500'

2018-05-23 10:00:12 - [MESSAGE][PASSED] - Attribute 'value' of object '' is: '37500'

2018-05-23 10:00:12 - [TEST_STEP][PASSED] - Statement - Rqty = 100: null

2018-05-23 10:00:12 - [TEST_STEP][PASSED] - delay: Delayed 2 second(s)

2018-05-23 10:00:14 - [MESSAGE][PASSED] - Delayed 2 second(s)

2018-05-23 10:00:14 - [TEST_STEP][PASSED] - Statement - out.println("BatchQty : " + batchqty): null

2018-05-23 10:00:14 - [TEST_STEP][PASSED] - Statement - out.println("RQty : " + Rqty): null

2018-05-23 10:00:14 - [TEST_STEP][PASSED] - Statement - If (java.lang.Integer.valueOf(batchqty) >= java.lang.Integer.valueOf(Rqty)): null

2018-05-23 10:00:14 - [TEST_STEP][PASSED] - Statement - Break: null

2018-05-23 10:00:14 - [TEST_STEP][PASSED] - Statement - batchlength = new com.kms.katalon.core.testobject.TestObject(): null

2018-05-23 10:00:14 - [TEST_STEP][PASSED] - Statement - batchlength = com.kms.katalon.core.webui.keyword.WebUiBuiltInKeywords.modifyObjectProperty(batchlength, "xpath", "equals", "//*[@id = "fldvendor" + row + ""]", true): Modify property of object successfully

2018-05-23 10:00:14 - [MESSAGE][PASSED] - Modify property of object successfully

2018-05-23 10:00:14 - [TEST_STEP][PASSED] - Statement - batchsize = com.kms.katalon.core.webui.keyword.WebUiBuiltInKeywords.getNumberOfTotalOption(batchlength): 6 options of object '' counted

2018-05-23 10:00:14 - [MESSAGE][PASSED] - 6 options of object '' counted

2018-05-23 10:00:14 - [TEST_STEP][PASSED] - Statement - out.println("BatchSize : " + batchsize): null

2018-05-23 10:00:14 - [TEST_STEP][PASSED] - Statement - For ([n = 1, n <= batchsize - 1, (n++)]): null

2018-05-23 10:00:14 - [TEST_STEP][PASSED] - Statement - product = new com.kms.katalon.core.testobject.TestObject(): null

2018-05-23 10:00:14 - [TEST_STEP][PASSED] - Statement - product = com.kms.katalon.core.webui.keyword.WebUiBuiltInKeywords.modifyObjectProperty(product, "xpath", "equals", "//*[@id = "fldvendor" + row + ""]", true): Modify property of object successfully

2018-05-23 10:00:14 - [MESSAGE][PASSED] - Modify property of object successfully

2018-05-23 10:00:14 - [TEST_STEP][PASSED] - selectOptionByIndex: All options with index in [1] are selected on object ''

2018-05-23 10:00:14 - [MESSAGE][PASSED] - All options with index in [1] are selected on object ''

2018-05-23 10:00:14 - [TEST_STEP][PASSED] - Statement - batch = new com.kms.katalon.core.testobject.TestObject(): null

2018-05-23 10:00:14 - [TEST_STEP][PASSED] - Statement - batch = com.kms.katalon.core.webui.keyword.WebUiBuiltInKeywords.modifyObjectProperty(batch, "xpath", "equals", "//*[@id = "txtbthqty" + row + ""]", true): Modify property of object successfully

2018-05-23 10:00:14 - [MESSAGE][PASSED] - Modify property of object successfully

2018-05-23 10:00:14 - [TEST_STEP][PASSED] - Statement - batchqty = com.kms.katalon.core.webui.keyword.WebUiBuiltInKeywords.getAttribute(batch, "value").trim(): Attribute 'value' of object '' is: '38500'

2018-05-23 10:00:14 - [MESSAGE][PASSED] - Attribute 'value' of object '' is: '38500'

2018-05-23 10:00:14 - [TEST_STEP][PASSED] - Statement - Rqty = 100: null

2018-05-23 10:00:14 - [TEST_STEP][PASSED] - delay: Delayed 2 second(s)

2018-05-23 10:00:16 - [MESSAGE][PASSED] - Delayed 2 second(s)

2018-05-23 10:00:16 - [TEST_STEP][PASSED] - Statement - out.println("BatchQty : " + batchqty): null

2018-05-23 10:00:16 - [TEST_STEP][PASSED] - Statement - out.println("RQty : " + Rqty): null

2018-05-23 10:00:16 - [TEST_STEP][PASSED] - Statement - If (java.lang.Integer.valueOf(batchqty) >= java.lang.Integer.valueOf(Rqty)): null

2018-05-23 10:00:16 - [TEST_STEP][PASSED] - Statement - Break: null

2018-05-23 10:00:16 - [TEST_STEP][PASSED] - Statement - batchlength = new com.kms.katalon.core.testobject.TestObject(): null

2018-05-23 10:00:16 - [TEST_STEP][PASSED] - Statement - batchlength = com.kms.katalon.core.webui.keyword.WebUiBuiltInKeywords.modifyObjectProperty(batchlength, "xpath", "equals", "//*[@id = "fldvendor" + row + ""]", true): Modify property of object successfully

2018-05-23 10:00:16 - [MESSAGE][PASSED] - Modify property of object successfully

2018-05-23 10:00:16 - [TEST_STEP][PASSED] - Statement - batchsize = com.kms.katalon.core.webui.keyword.WebUiBuiltInKeywords.getNumberOfTotalOption(batchlength): 6 options of object '' counted

2018-05-23 10:00:16 - [MESSAGE][PASSED] - 6 options of object '' counted

2018-05-23 10:00:16 - [TEST_STEP][PASSED] - Statement - out.println("BatchSize : " + batchsize): null

2018-05-23 10:00:16 - [TEST_STEP][PASSED] - Statement - For ([n = 1, n <= batchsize - 1, (n++)]): null

2018-05-23 10:00:16 - [TEST_STEP][PASSED] - Statement - product = new com.kms.katalon.core.testobject.TestObject(): null

2018-05-23 10:00:16 - [TEST_STEP][PASSED] - Statement - product = com.kms.katalon.core.webui.keyword.WebUiBuiltInKeywords.modifyObjectProperty(product, "xpath", "equals", "//*[@id = "fldvendor" + row + ""]", true): Modify property of object successfully

2018-05-23 10:00:16 - [MESSAGE][PASSED] - Modify property of object successfully

2018-05-23 10:00:16 - [TEST_STEP][PASSED] - selectOptionByIndex: All options with index in [1] are selected on object ''

2018-05-23 10:00:16 - [MESSAGE][PASSED] - All options with index in [1] are selected on object ''

2018-05-23 10:00:16 - [TEST_STEP][PASSED] - Statement - batch = new com.kms.katalon.core.testobject.TestObject(): null

2018-05-23 10:00:16 - [TEST_STEP][PASSED] - Statement - batch = com.kms.katalon.core.webui.keyword.WebUiBuiltInKeywords.modifyObjectProperty(batch, "xpath", "equals", "//*[@id = "txtbthqty" + row + ""]", true): Modify property of object successfully

2018-05-23 10:00:16 - [MESSAGE][PASSED] - Modify property of object successfully

2018-05-23 10:00:16 - [TEST_STEP][PASSED] - Statement - batchqty = com.kms.katalon.core.webui.keyword.WebUiBuiltInKeywords.getAttribute(batch, "value").trim(): Attribute 'value' of object '' is: '4600'

2018-05-23 10:00:16 - [MESSAGE][PASSED] - Attribute 'value' of object '' is: '4600'

2018-05-23 10:00:16 - [TEST_STEP][PASSED] - Statement - Rqty = 100: null

2018-05-23 10:00:16 - [TEST_STEP][PASSED] - delay: Delayed 2 second(s)

2018-05-23 10:00:18 - [MESSAGE][PASSED] - Delayed 2 second(s)

2018-05-23 10:00:18 - [TEST_STEP][PASSED] - Statement - out.println("BatchQty : " + batchqty): null

2018-05-23 10:00:18 - [TEST_STEP][PASSED] - Statement - out.println("RQty : " + Rqty): null

2018-05-23 10:00:18 - [TEST_STEP][PASSED] - Statement - If (java.lang.Integer.valueOf(batchqty) >= java.lang.Integer.valueOf(Rqty)): null

2018-05-23 10:00:18 - [TEST_STEP][PASSED] - Statement - Break: null

2018-05-23 10:00:18 - [TEST_STEP][PASSED] - Statement - batchlength = new com.kms.katalon.core.testobject.TestObject(): null

2018-05-23 10:00:18 - [TEST_STEP][PASSED] - Statement - batchlength = com.kms.katalon.core.webui.keyword.WebUiBuiltInKeywords.modifyObjectProperty(batchlength, "xpath", "equals", "//*[@id = "fldvendor" + row + ""]", true): Modify property of object successfully

2018-05-23 10:00:18 - [MESSAGE][PASSED] - Modify property of object successfully

2018-05-23 10:00:18 - [TEST_STEP][PASSED] - Statement - batchsize = com.kms.katalon.core.webui.keyword.WebUiBuiltInKeywords.getNumberOfTotalOption(batchlength): 6 options of object '' counted

2018-05-23 10:00:18 - [MESSAGE][PASSED] - 6 options of object '' counted

2018-05-23 10:00:18 - [TEST_STEP][PASSED] - Statement - out.println("BatchSize : " + batchsize): null

2018-05-23 10:00:18 - [TEST_STEP][PASSED] - Statement - For ([n = 1, n <= batchsize - 1, (n++)]): null

2018-05-23 10:00:18 - [TEST_STEP][PASSED] - Statement - product = new com.kms.katalon.core.testobject.TestObject(): null

2018-05-23 10:00:18 - [TEST_STEP][PASSED] - Statement - product = com.kms.katalon.core.webui.keyword.WebUiBuiltInKeywords.modifyObjectProperty(product, "xpath", "equals", "//*[@id = "fldvendor" + row + ""]", true): Modify property of object successfully

2018-05-23 10:00:18 - [MESSAGE][PASSED] - Modify property of object successfully

2018-05-23 10:00:18 - [TEST_STEP][PASSED] - selectOptionByIndex: All options with index in [1] are selected on object ''

2018-05-23 10:00:19 - [MESSAGE][PASSED] - All options with index in [1] are selected on object ''

2018-05-23 10:00:19 - [TEST_STEP][PASSED] - Statement - batch = new com.kms.katalon.core.testobject.TestObject(): null

2018-05-23 10:00:19 - [TEST_STEP][PASSED] - Statement - batch = com.kms.katalon.core.webui.keyword.WebUiBuiltInKeywords.modifyObjectProperty(batch, "xpath", "equals", "//*[@id = "txtbthqty" + row + ""]", true): Modify property of object successfully

2018-05-23 10:00:19 - [MESSAGE][PASSED] - Modify property of object successfully

2018-05-23 10:00:19 - [TEST_STEP][PASSED] - Statement - batchqty = com.kms.katalon.core.webui.keyword.WebUiBuiltInKeywords.getAttribute(batch, "value").trim(): Attribute 'value' of object '' is: '3600'

2018-05-23 10:00:19 - [MESSAGE][PASSED] - Attribute 'value' of object '' is: '3600'

2018-05-23 10:00:19 - [TEST_STEP][PASSED] - Statement - Rqty = 100: null

2018-05-23 10:00:19 - [TEST_STEP][PASSED] - delay: Delayed 2 second(s)

2018-05-23 10:00:21 - [MESSAGE][PASSED] - Delayed 2 second(s)

2018-05-23 10:00:21 - [TEST_STEP][PASSED] - Statement - out.println("BatchQty : " + batchqty): null

2018-05-23 10:00:21 - [TEST_STEP][PASSED] - Statement - out.println("RQty : " + Rqty): null

2018-05-23 10:00:21 - [TEST_STEP][PASSED] - Statement - If (java.lang.Integer.valueOf(batchqty) >= java.lang.Integer.valueOf(Rqty)): null

2018-05-23 10:00:21 - [TEST_STEP][PASSED] - Statement - Break: null

2018-05-23 10:00:21 - [TEST_STEP][PASSED] - Statement - batchlength = new com.kms.katalon.core.testobject.TestObject(): null

2018-05-23 10:00:21 - [TEST_STEP][PASSED] - Statement - batchlength = com.kms.katalon.core.webui.keyword.WebUiBuiltInKeywords.modifyObjectProperty(batchlength, "xpath", "equals", "//*[@id = "fldvendor" + row + ""]", true): Modify property of object successfully

2018-05-23 10:00:21 - [MESSAGE][PASSED] - Modify property of object successfully

2018-05-23 10:00:21 - [TEST_STEP][PASSED] - Statement - batchsize = com.kms.katalon.core.webui.keyword.WebUiBuiltInKeywords.getNumberOfTotalOption(batchlength): 6 options of object '' counted

2018-05-23 10:00:21 - [MESSAGE][PASSED] - 6 options of object '' counted

2018-05-23 10:00:21 - [TEST_STEP][PASSED] - Statement - out.println("BatchSize : " + batchsize): null

2018-05-23 10:00:21 - [TEST_STEP][PASSED] - Statement - For ([n = 1, n <= batchsize - 1, (n++)]): null

2018-05-23 10:00:21 - [TEST_STEP][PASSED] - Statement - product = new com.kms.katalon.core.testobject.TestObject(): null

2018-05-23 10:00:21 - [TEST_STEP][PASSED] - Statement - product = com.kms.katalon.core.webui.keyword.WebUiBuiltInKeywords.modifyObjectProperty(product, "xpath", "equals", "//*[@id = "fldvendor" + row + ""]", true): Modify property of object successfully

2018-05-23 10:00:21 - [MESSAGE][PASSED] - Modify property of object successfully

2018-05-23 10:00:21 - [TEST_STEP][PASSED] - selectOptionByIndex: All options with index in [1] are selected on object ''

2018-05-23 10:00:21 - [MESSAGE][PASSED] - All options with index in [1] are selected on object ''

2018-05-23 10:00:21 - [TEST_STEP][PASSED] - Statement - batch = new com.kms.katalon.core.testobject.TestObject(): null

2018-05-23 10:00:21 - [TEST_STEP][PASSED] - Statement - batch = com.kms.katalon.core.webui.keyword.WebUiBuiltInKeywords.modifyObjectProperty(batch, "xpath", "equals", "//*[@id = "txtbthqty" + row + ""]", true): Modify property of object successfully

2018-05-23 10:00:21 - [MESSAGE][PASSED] - Modify property of object successfully

2018-05-23 10:00:21 - [TEST_STEP][PASSED] - Statement - batchqty = com.kms.katalon.core.webui.keyword.WebUiBuiltInKeywords.getAttribute(batch, "value").trim(): Attribute 'value' of object '' is: '38500'

2018-05-23 10:00:21 - [MESSAGE][PASSED] - Attribute 'value' of object '' is: '38500'

2018-05-23 10:00:21 - [TEST_STEP][PASSED] - Statement - Rqty = 100: null

2018-05-23 10:00:21 - [TEST_STEP][PASSED] - delay: Delayed 2 second(s)

2018-05-23 10:00:23 - [MESSAGE][PASSED] - Delayed 2 second(s)

2018-05-23 10:00:23 - [TEST_STEP][PASSED] - Statement - out.println("BatchQty : " + batchqty): null

2018-05-23 10:00:23 - [TEST_STEP][PASSED] - Statement - out.println("RQty : " + Rqty): null

2018-05-23 10:00:23 - [TEST_STEP][PASSED] - Statement - If (java.lang.Integer.valueOf(batchqty) >= java.lang.Integer.valueOf(Rqty)): null

2018-05-23 10:00:23 - [TEST_STEP][PASSED] - Statement - Break: null

2018-05-23 10:00:23 - [TEST_STEP][PASSED] - Statement - batchlength = new com.kms.katalon.core.testobject.TestObject(): null

2018-05-23 10:00:23 - [TEST_STEP][PASSED] - Statement - batchlength = com.kms.katalon.core.webui.keyword.WebUiBuiltInKeywords.modifyObjectProperty(batchlength, "xpath", "equals", "//*[@id = "fldvendor" + row + ""]", true): Modify property of object successfully

2018-05-23 10:00:23 - [MESSAGE][PASSED] - Modify property of object successfully

2018-05-23 10:00:23 - [TEST_STEP][PASSED] - Statement - batchsize = com.kms.katalon.core.webui.keyword.WebUiBuiltInKeywords.getNumberOfTotalOption(batchlength): 6 options of object '' counted

2018-05-23 10:00:23 - [MESSAGE][PASSED] - 6 options of object '' counted

2018-05-23 10:00:23 - [TEST_STEP][PASSED] - Statement - out.println("BatchSize : " + batchsize): null

2018-05-23 10:00:23 - [TEST_STEP][PASSED] - Statement - For ([n = 1, n <= batchsize - 1, (n++)]): null

2018-05-23 10:00:23 - [TEST_STEP][PASSED] - Statement - product = new com.kms.katalon.core.testobject.TestObject(): null

2018-05-23 10:00:23 - [TEST_STEP][PASSED] - Statement - product = com.kms.katalon.core.webui.keyword.WebUiBuiltInKeywords.modifyObjectProperty(product, "xpath", "equals", "//*[@id = "fldvendor" + row + ""]", true): Modify property of object successfully

2018-05-23 10:00:23 - [MESSAGE][PASSED] - Modify property of object successfully

2018-05-23 10:00:23 - [TEST_STEP][PASSED] - selectOptionByIndex: All options with index in [1] are selected on object ''

2018-05-23 10:00:23 - [MESSAGE][PASSED] - All options with index in [1] are selected on object ''

2018-05-23 10:00:23 - [TEST_STEP][PASSED] - Statement - batch = new com.kms.katalon.core.testobject.TestObject(): null

2018-05-23 10:00:23 - [TEST_STEP][PASSED] - Statement - batch = com.kms.katalon.core.webui.keyword.WebUiBuiltInKeywords.modifyObjectProperty(batch, "xpath", "equals", "//*[@id = "txtbthqty" + row + ""]", true): Modify property of object successfully

2018-05-23 10:00:23 - [MESSAGE][PASSED] - Modify property of object successfully

2018-05-23 10:00:23 - [TEST_STEP][PASSED] - Statement - batchqty = com.kms.katalon.core.webui.keyword.WebUiBuiltInKeywords.getAttribute(batch, "value").trim(): Attribute 'value' of object '' is: '4600'

2018-05-23 10:00:23 - [MESSAGE][PASSED] - Attribute 'value' of object '' is: '4600'

2018-05-23 10:00:23 - [TEST_STEP][PASSED] - Statement - Rqty = 100: null

2018-05-23 10:00:23 - [TEST_STEP][PASSED] - delay: Delayed 2 second(s)

2018-05-23 10:00:25 - [MESSAGE][PASSED] - Delayed 2 second(s)

2018-05-23 10:00:25 - [TEST_STEP][PASSED] - Statement - out.println("BatchQty : " + batchqty): null

2018-05-23 10:00:25 - [TEST_STEP][PASSED] - Statement - out.println("RQty : " + Rqty): null

2018-05-23 10:00:25 - [TEST_STEP][PASSED] - Statement - If (java.lang.Integer.valueOf(batchqty) >= java.lang.Integer.valueOf(Rqty)): null

2018-05-23 10:00:25 - [TEST_STEP][PASSED] - Statement - Break: null

2018-05-23 10:00:25 - [TEST_STEP][PASSED] - Statement - batchlength = new com.kms.katalon.core.testobject.TestObject(): null

2018-05-23 10:00:25 - [TEST_STEP][PASSED] - Statement - batchlength = com.kms.katalon.core.webui.keyword.WebUiBuiltInKeywords.modifyObjectProperty(batchlength, "xpath", "equals", "//*[@id = "fldvendor" + row + ""]", true): Modify property of object successfully

2018-05-23 10:00:25 - [MESSAGE][PASSED] - Modify property of object successfully

2018-05-23 10:00:25 - [TEST_STEP][PASSED] - Statement - batchsize = com.kms.katalon.core.webui.keyword.WebUiBuiltInKeywords.getNumberOfTotalOption(batchlength): 6 options of object '' counted

2018-05-23 10:00:25 - [MESSAGE][PASSED] - 6 options of object '' counted

2018-05-23 10:00:25 - [TEST_STEP][PASSED] - Statement - out.println("BatchSize : " + batchsize): null

2018-05-23 10:00:25 - [TEST_STEP][PASSED] - Statement - For ([n = 1, n <= batchsize - 1, (n++)]): null

2018-05-23 10:00:25 - [TEST_STEP][PASSED] - Statement - product = new com.kms.katalon.core.testobject.TestObject(): null

2018-05-23 10:00:25 - [TEST_STEP][PASSED] - Statement - product = com.kms.katalon.core.webui.keyword.WebUiBuiltInKeywords.modifyObjectProperty(product, "xpath", "equals", "//*[@id = "fldvendor" + row + ""]", true): Modify property of object successfully

2018-05-23 10:00:25 - [MESSAGE][PASSED] - Modify property of object successfully

2018-05-23 10:00:25 - [TEST_STEP][PASSED] - selectOptionByIndex: All options with index in [1] are selected on object ''

2018-05-23 10:00:25 - [MESSAGE][PASSED] - All options with index in [1] are selected on object ''

2018-05-23 10:00:25 - [TEST_STEP][PASSED] - Statement - batch = new com.kms.katalon.core.testobject.TestObject(): null

2018-05-23 10:00:25 - [TEST_STEP][PASSED] - Statement - batch = com.kms.katalon.core.webui.keyword.WebUiBuiltInKeywords.modifyObjectProperty(batch, "xpath", "equals", "//*[@id = "txtbthqty" + row + ""]", true): Modify property of object successfully

2018-05-23 10:00:25 - [MESSAGE][PASSED] - Modify property of object successfully

2018-05-23 10:00:25 - [TEST_STEP][PASSED] - Statement - batchqty = com.kms.katalon.core.webui.keyword.WebUiBuiltInKeywords.getAttribute(batch, "value").trim(): Attribute 'value' of object '' is: '38500'

2018-05-23 10:00:25 - [MESSAGE][PASSED] - Attribute 'value' of object '' is: '38500'

2018-05-23 10:00:25 - [TEST_STEP][PASSED] - Statement - Rqty = 100: null

2018-05-23 10:00:25 - [TEST_STEP][PASSED] - delay: Delayed 2 second(s)

2018-05-23 10:00:27 - [MESSAGE][PASSED] - Delayed 2 second(s)

2018-05-23 10:00:27 - [TEST_STEP][PASSED] - Statement - out.println("BatchQty : " + batchqty): null

2018-05-23 10:00:27 - [TEST_STEP][PASSED] - Statement - out.println("RQty : " + Rqty): null

2018-05-23 10:00:27 - [TEST_STEP][PASSED] - Statement - If (java.lang.Integer.valueOf(batchqty) >= java.lang.Integer.valueOf(Rqty)): null

2018-05-23 10:00:27 - [TEST_STEP][PASSED] - Statement - Break: null

2018-05-23 10:00:27 - [TEST_STEP][PASSED] - Statement - batchlength = new com.kms.katalon.core.testobject.TestObject(): null

2018-05-23 10:00:27 - [TEST_STEP][PASSED] - Statement - batchlength = com.kms.katalon.core.webui.keyword.WebUiBuiltInKeywords.modifyObjectProperty(batchlength, "xpath", "equals", "//*[@id = "fldvendor" + row + ""]", true): Modify property of object successfully

2018-05-23 10:00:27 - [MESSAGE][PASSED] - Modify property of object successfully

2018-05-23 10:00:27 - [TEST_STEP][PASSED] - Statement - batchsize = com.kms.katalon.core.webui.keyword.WebUiBuiltInKeywords.getNumberOfTotalOption(batchlength): 6 options of object '' counted

2018-05-23 10:00:27 - [MESSAGE][PASSED] - 6 options of object '' counted

2018-05-23 10:00:27 - [TEST_STEP][PASSED] - Statement - out.println("BatchSize : " + batchsize): null

2018-05-23 10:00:27 - [TEST_STEP][PASSED] - Statement - For ([n = 1, n <= batchsize - 1, (n++)]): null

2018-05-23 10:00:27 - [TEST_STEP][PASSED] - Statement - product = new com.kms.katalon.core.testobject.TestObject(): null

2018-05-23 10:00:27 - [TEST_STEP][PASSED] - Statement - product = com.kms.katalon.core.webui.keyword.WebUiBuiltInKeywords.modifyObjectProperty(product, "xpath", "equals", "//*[@id = "fldvendor" + row + ""]", true): Modify property of object successfully

2018-05-23 10:00:27 - [MESSAGE][PASSED] - Modify property of object successfully

2018-05-23 10:00:27 - [TEST_STEP][PASSED] - selectOptionByIndex: All options with index in [1] are selected on object ''

2018-05-23 10:00:28 - [MESSAGE][PASSED] - All options with index in [1] are selected on object ''

2018-05-23 10:00:28 - [TEST_STEP][PASSED] - Statement - batch = new com.kms.katalon.core.testobject.TestObject(): null

2018-05-23 10:00:28 - [TEST_STEP][PASSED] - Statement - batch = com.kms.katalon.core.webui.keyword.WebUiBuiltInKeywords.modifyObjectProperty(batch, "xpath", "equals", "//*[@id = "txtbthqty" + row + ""]", true): Modify property of object successfully

2018-05-23 10:00:28 - [MESSAGE][PASSED] - Modify property of object successfully

2018-05-23 10:00:28 - [TEST_STEP][PASSED] - Statement - batchqty = com.kms.katalon.core.webui.keyword.WebUiBuiltInKeywords.getAttribute(batch, "value").trim(): Attribute 'value' of object '' is: '4600'

2018-05-23 10:00:28 - [MESSAGE][PASSED] - Attribute 'value' of object '' is: '4600'

2018-05-23 10:00:28 - [TEST_STEP][PASSED] - Statement - Rqty = 100: null

2018-05-23 10:00:28 - [TEST_STEP][PASSED] - delay: Delayed 2 second(s)

2018-05-23 10:00:30 - [MESSAGE][PASSED] - Delayed 2 second(s)

2018-05-23 10:00:30 - [TEST_STEP][PASSED] - Statement - out.println("BatchQty : " + batchqty): null

2018-05-23 10:00:30 - [TEST_STEP][PASSED] - Statement - out.println("RQty : " + Rqty): null

2018-05-23 10:00:30 - [TEST_STEP][PASSED] - Statement - If (java.lang.Integer.valueOf(batchqty) >= java.lang.Integer.valueOf(Rqty)): null

2018-05-23 10:00:30 - [TEST_STEP][PASSED] - Statement - Break: null

2018-05-23 10:00:30 - [TEST_STEP][PASSED] - Statement - batchlength = new com.kms.katalon.core.testobject.TestObject(): null

2018-05-23 10:00:30 - [TEST_STEP][PASSED] - Statement - batchlength = com.kms.katalon.core.webui.keyword.WebUiBuiltInKeywords.modifyObjectProperty(batchlength, "xpath", "equals", "//*[@id = "fldvendor" + row + ""]", true): Modify property of object successfully

2018-05-23 10:00:30 - [MESSAGE][PASSED] - Modify property of object successfully

2018-05-23 10:00:30 - [TEST_STEP][PASSED] - Statement - batchsize = com.kms.katalon.core.webui.keyword.WebUiBuiltInKeywords.getNumberOfTotalOption(batchlength): 6 options of object '' counted

2018-05-23 10:00:30 - [MESSAGE][PASSED] - 6 options of object '' counted

2018-05-23 10:00:30 - [TEST_STEP][PASSED] - Statement - out.println("BatchSize : " + batchsize): null

2018-05-23 10:00:30 - [TEST_STEP][PASSED] - Statement - For ([n = 1, n <= batchsize - 1, (n++)]): null

2018-05-23 10:00:30 - [TEST_STEP][PASSED] - Statement - product = new com.kms.katalon.core.testobject.TestObject(): null

2018-05-23 10:00:30 - [TEST_STEP][PASSED] - Statement - product = com.kms.katalon.core.webui.keyword.WebUiBuiltInKeywords.modifyObjectProperty(product, "xpath", "equals", "//*[@id = "fldvendor" + row + ""]", true): Modify property of object successfully

2018-05-23 10:00:30 - [MESSAGE][PASSED] - Modify property of object successfully

2018-05-23 10:00:30 - [TEST_STEP][PASSED] - selectOptionByIndex: All options with index in [1] are selected on object ''

2018-05-23 10:00:30 - [MESSAGE][PASSED] - All options with index in [1] are selected on object ''

2018-05-23 10:00:30 - [TEST_STEP][PASSED] - Statement - batch = new com.kms.katalon.core.testobject.TestObject(): null

2018-05-23 10:00:30 - [TEST_STEP][PASSED] - Statement - batch = com.kms.katalon.core.webui.keyword.WebUiBuiltInKeywords.modifyObjectProperty(batch, "xpath", "equals", "//*[@id = "txtbthqty" + row + ""]", true): Modify property of object successfully

2018-05-23 10:00:30 - [MESSAGE][PASSED] - Modify property of object successfully

2018-05-23 10:00:30 - [TEST_STEP][PASSED] - Statement - batchqty = com.kms.katalon.core.webui.keyword.WebUiBuiltInKeywords.getAttribute(batch, "value").trim(): Attribute 'value' of object '' is: '38500'

2018-05-23 10:00:30 - [MESSAGE][PASSED] - Attribute 'value' of object '' is: '38500'

2018-05-23 10:00:30 - [TEST_STEP][PASSED] - Statement - Rqty = 100: null

2018-05-23 10:00:30 - [TEST_STEP][PASSED] - delay: Delayed 2 second(s)

2018-05-23 10:00:32 - [MESSAGE][PASSED] - Delayed 2 second(s)

2018-05-23 10:00:32 - [TEST_STEP][PASSED] - Statement - out.println("BatchQty : " + batchqty): null

2018-05-23 10:00:32 - [TEST_STEP][PASSED] - Statement - out.println("RQty : " + Rqty): null

2018-05-23 10:00:32 - [TEST_STEP][PASSED] - Statement - If (java.lang.Integer.valueOf(batchqty) >= java.lang.Integer.valueOf(Rqty)): null

2018-05-23 10:00:32 - [TEST_STEP][PASSED] - Statement - Break: null

2018-05-23 10:00:32 - [TEST_STEP][PASSED] - Statement - batchlength = new com.kms.katalon.core.testobject.TestObject(): null

2018-05-23 10:00:32 - [TEST_STEP][PASSED] - Statement - batchlength = com.kms.katalon.core.webui.keyword.WebUiBuiltInKeywords.modifyObjectProperty(batchlength, "xpath", "equals", "//*[@id = "fldvendor" + row + ""]", true): Modify property of object successfully

2018-05-23 10:00:32 - [MESSAGE][PASSED] - Modify property of object successfully

2018-05-23 10:00:32 - [TEST_STEP][PASSED] - Statement - batchsize = com.kms.katalon.core.webui.keyword.WebUiBuiltInKeywords.getNumberOfTotalOption(batchlength): 6 options of object '' counted

2018-05-23 10:00:32 - [MESSAGE][PASSED] - 6 options of object '' counted

2018-05-23 10:00:32 - [TEST_STEP][PASSED] - Statement - out.println("BatchSize : " + batchsize): null

2018-05-23 10:00:32 - [TEST_STEP][PASSED] - Statement - For ([n = 1, n <= batchsize - 1, (n++)]): null

2018-05-23 10:00:32 - [TEST_STEP][PASSED] - Statement - product = new com.kms.katalon.core.testobject.TestObject(): null

2018-05-23 10:00:32 - [TEST_STEP][PASSED] - Statement - product = com.kms.katalon.core.webui.keyword.WebUiBuiltInKeywords.modifyObjectProperty(product, "xpath", "equals", "//*[@id = "fldvendor" + row + ""]", true): Modify property of object successfully

2018-05-23 10:00:32 - [MESSAGE][PASSED] - Modify property of object successfully

2018-05-23 10:00:32 - [TEST_STEP][PASSED] - selectOptionByIndex: All options with index in [1] are selected on object ''

2018-05-23 10:00:32 - [MESSAGE][PASSED] - All options with index in [1] are selected on object ''

2018-05-23 10:00:32 - [TEST_STEP][PASSED] - Statement - batch = new com.kms.katalon.core.testobject.TestObject(): null

2018-05-23 10:00:32 - [TEST_STEP][PASSED] - Statement - batch = com.kms.katalon.core.webui.keyword.WebUiBuiltInKeywords.modifyObjectProperty(batch, "xpath", "equals", "//*[@id = "txtbthqty" + row + ""]", true): Modify property of object successfully

2018-05-23 10:00:32 - [MESSAGE][PASSED] - Modify property of object successfully

2018-05-23 10:00:32 - [TEST_STEP][PASSED] - Statement - batchqty = com.kms.katalon.core.webui.keyword.WebUiBuiltInKeywords.getAttribute(batch, "value").trim(): Attribute 'value' of object '' is: '4600'

2018-05-23 10:00:32 - [MESSAGE][PASSED] - Attribute 'value' of object '' is: '4600'

2018-05-23 10:00:32 - [TEST_STEP][PASSED] - Statement - Rqty = 100: null

2018-05-23 10:00:32 - [TEST_STEP][PASSED] - delay: Delayed 2 second(s)

2018-05-23 10:00:34 - [MESSAGE][PASSED] - Delayed 2 second(s)

2018-05-23 10:00:34 - [TEST_STEP][PASSED] - Statement - out.println("BatchQty : " + batchqty): null

2018-05-23 10:00:34 - [TEST_STEP][PASSED] - Statement - out.println("RQty : " + Rqty): null

2018-05-23 10:00:34 - [TEST_STEP][PASSED] - Statement - If (java.lang.Integer.valueOf(batchqty) >= java.lang.Integer.valueOf(Rqty)): null

2018-05-23 10:00:34 - [TEST_STEP][PASSED] - Statement - Break: null

2018-05-23 10:00:34 - [TEST_STEP][PASSED] - Statement - batchlength = new com.kms.katalon.core.testobject.TestObject(): null

2018-05-23 10:00:34 - [TEST_STEP][PASSED] - Statement - batchlength = com.kms.katalon.core.webui.keyword.WebUiBuiltInKeywords.modifyObjectProperty(batchlength, "xpath", "equals", "//*[@id = "fldvendor" + row + ""]", true): Modify property of object successfully

2018-05-23 10:00:34 - [MESSAGE][PASSED] - Modify property of object successfully

2018-05-23 10:00:34 - [TEST_STEP][PASSED] - Statement - batchsize = com.kms.katalon.core.webui.keyword.WebUiBuiltInKeywords.getNumberOfTotalOption(batchlength): 6 options of object '' counted

2018-05-23 10:00:34 - [MESSAGE][PASSED] - 6 options of object '' counted

2018-05-23 10:00:34 - [TEST_STEP][PASSED] - Statement - out.println("BatchSize : " + batchsize): null

2018-05-23 10:00:34 - [TEST_STEP][PASSED] - Statement - For ([n = 1, n <= batchsize - 1, (n++)]): null

2018-05-23 10:00:34 - [TEST_STEP][PASSED] - Statement - product = new com.kms.katalon.core.testobject.TestObject(): null

2018-05-23 10:00:34 - [TEST_STEP][PASSED] - Statement - product = com.kms.katalon.core.webui.keyword.WebUiBuiltInKeywords.modifyObjectProperty(product, "xpath", "equals", "//*[@id = "fldvendor" + row + ""]", true): Modify property of object successfully

2018-05-23 10:00:34 - [MESSAGE][PASSED] - Modify property of object successfully

2018-05-23 10:00:34 - [TEST_STEP][PASSED] - selectOptionByIndex: All options with index in [1] are selected on object ''

2018-05-23 10:00:34 - [MESSAGE][PASSED] - All options with index in [1] are selected on object ''

2018-05-23 10:00:34 - [TEST_STEP][PASSED] - Statement - batch = new com.kms.katalon.core.testobject.TestObject(): null

2018-05-23 10:00:34 - [TEST_STEP][PASSED] - Statement - batch = com.kms.katalon.core.webui.keyword.WebUiBuiltInKeywords.modifyObjectProperty(batch, "xpath", "equals", "//*[@id = "txtbthqty" + row + ""]", true): Modify property of object successfully

2018-05-23 10:00:34 - [MESSAGE][PASSED] - Modify property of object successfully

2018-05-23 10:00:34 - [TEST_STEP][PASSED] - Statement - batchqty = com.kms.katalon.core.webui.keyword.WebUiBuiltInKeywords.getAttribute(batch, "value").trim(): Attribute 'value' of object '' is: '3600'

2018-05-23 10:00:34 - [MESSAGE][PASSED] - Attribute 'value' of object '' is: '3600'

2018-05-23 10:00:34 - [TEST_STEP][PASSED] - Statement - Rqty = 100: null

2018-05-23 10:00:34 - [TEST_STEP][PASSED] - delay: Delayed 2 second(s)

2018-05-23 10:00:36 - [MESSAGE][PASSED] - Delayed 2 second(s)

2018-05-23 10:00:36 - [TEST_STEP][PASSED] - Statement - out.println("BatchQty : " + batchqty): null

2018-05-23 10:00:36 - [TEST_STEP][PASSED] - Statement - out.println("RQty : " + Rqty): null

2018-05-23 10:00:36 - [TEST_STEP][PASSED] - Statement - If (java.lang.Integer.valueOf(batchqty) >= java.lang.Integer.valueOf(Rqty)): null

2018-05-23 10:00:36 - [TEST_STEP][PASSED] - Statement - Break: null

2018-05-23 10:00:36 - [TEST_STEP][PASSED] - Statement - batchlength = new com.kms.katalon.core.testobject.TestObject(): null

2018-05-23 10:00:36 - [TEST_STEP][PASSED] - Statement - batchlength = com.kms.katalon.core.webui.keyword.WebUiBuiltInKeywords.modifyObjectProperty(batchlength, "xpath", "equals", "//*[@id = "fldvendor" + row + ""]", true): Modify property of object successfully

2018-05-23 10:00:36 - [MESSAGE][PASSED] - Modify property of object successfully

2018-05-23 10:00:36 - [TEST_STEP][PASSED] - Statement - batchsize = com.kms.katalon.core.webui.keyword.WebUiBuiltInKeywords.getNumberOfTotalOption(batchlength): 6 options of object '' counted

2018-05-23 10:00:37 - [MESSAGE][PASSED] - 6 options of object '' counted

2018-05-23 10:00:37 - [TEST_STEP][PASSED] - Statement - out.println("BatchSize : " + batchsize): null

2018-05-23 10:00:37 - [TEST_STEP][PASSED] - Statement - For ([n = 1, n <= batchsize - 1, (n++)]): null

2018-05-23 10:00:37 - [TEST_STEP][PASSED] - Statement - product = new com.kms.katalon.core.testobject.TestObject(): null

2018-05-23 10:00:37 - [TEST_STEP][PASSED] - Statement - product = com.kms.katalon.core.webui.keyword.WebUiBuiltInKeywords.modifyObjectProperty(product, "xpath", "equals", "//*[@id = "fldvendor" + row + ""]", true): Modify property of object successfully

2018-05-23 10:00:37 - [MESSAGE][PASSED] - Modify property of object successfully

2018-05-23 10:00:37 - [TEST_STEP][PASSED] - selectOptionByIndex: All options with index in [1] are selected on object ''

2018-05-23 10:00:37 - [MESSAGE][PASSED] - All options with index in [1] are selected on object ''

2018-05-23 10:00:37 - [TEST_STEP][PASSED] - Statement - batch = new com.kms.katalon.core.testobject.TestObject(): null

2018-05-23 10:00:37 - [TEST_STEP][PASSED] - Statement - batch = com.kms.katalon.core.webui.keyword.WebUiBuiltInKeywords.modifyObjectProperty(batch, "xpath", "equals", "//*[@id = "txtbthqty" + row + ""]", true): Modify property of object successfully

2018-05-23 10:00:37 - [MESSAGE][PASSED] - Modify property of object successfully

2018-05-23 10:00:37 - [TEST_STEP][PASSED] - Statement - batchqty = com.kms.katalon.core.webui.keyword.WebUiBuiltInKeywords.getAttribute(batch, "value").trim(): Attribute 'value' of object '' is: '4600'

2018-05-23 10:00:37 - [MESSAGE][PASSED] - Attribute 'value' of object '' is: '4600'

2018-05-23 10:00:37 - [TEST_STEP][PASSED] - Statement - Rqty = 100: null

2018-05-23 10:00:37 - [TEST_STEP][PASSED] - delay: Delayed 2 second(s)

2018-05-23 10:00:39 - [MESSAGE][PASSED] - Delayed 2 second(s)

2018-05-23 10:00:39 - [TEST_STEP][PASSED] - Statement - out.println("BatchQty : " + batchqty): null

2018-05-23 10:00:39 - [TEST_STEP][PASSED] - Statement - out.println("RQty : " + Rqty): null

2018-05-23 10:00:39 - [TEST_STEP][PASSED] - Statement - If (java.lang.Integer.valueOf(batchqty) >= java.lang.Integer.valueOf(Rqty)): null

2018-05-23 10:00:39 - [TEST_STEP][PASSED] - Statement - Break: null

2018-05-23 10:00:39 - [TEST_STEP][PASSED] - Statement - batchlength = new com.kms.katalon.core.testobject.TestObject(): null

2018-05-23 10:00:39 - [TEST_STEP][PASSED] - Statement - batchlength = com.kms.katalon.core.webui.keyword.WebUiBuiltInKeywords.modifyObjectProperty(batchlength, "xpath", "equals", "//*[@id = "fldvendor" + row + ""]", true): Modify property of object successfully

2018-05-23 10:00:39 - [MESSAGE][PASSED] - Modify property of object successfully

2018-05-23 10:00:39 - [TEST_STEP][PASSED] - Statement - batchsize = com.kms.katalon.core.webui.keyword.WebUiBuiltInKeywords.getNumberOfTotalOption(batchlength): 6 options of object '' counted

2018-05-23 10:00:39 - [MESSAGE][PASSED] - 6 options of object '' counted

2018-05-23 10:00:39 - [TEST_STEP][PASSED] - Statement - out.println("BatchSize : " + batchsize): null

2018-05-23 10:00:39 - [TEST_STEP][PASSED] - Statement - For ([n = 1, n <= batchsize - 1, (n++)]): null

2018-05-23 10:00:39 - [TEST_STEP][PASSED] - Statement - product = new com.kms.katalon.core.testobject.TestObject(): null

2018-05-23 10:00:39 - [TEST_STEP][PASSED] - Statement - product = com.kms.katalon.core.webui.keyword.WebUiBuiltInKeywords.modifyObjectProperty(product, "xpath", "equals", "//*[@id = "fldvendor" + row + ""]", true): Modify property of object successfully

2018-05-23 10:00:39 - [MESSAGE][PASSED] - Modify property of object successfully

2018-05-23 10:00:39 - [TEST_STEP][PASSED] - selectOptionByIndex: All options with index in [1] are selected on object ''

2018-05-23 10:00:39 - [MESSAGE][PASSED] - All options with index in [1] are selected on object ''

2018-05-23 10:00:39 - [TEST_STEP][PASSED] - Statement - batch = new com.kms.katalon.core.testobject.TestObject(): null

2018-05-23 10:00:39 - [TEST_STEP][PASSED] - Statement - batch = com.kms.katalon.core.webui.keyword.WebUiBuiltInKeywords.modifyObjectProperty(batch, "xpath", "equals", "//*[@id = "txtbthqty" + row + ""]", true): Modify property of object successfully

2018-05-23 10:00:39 - [MESSAGE][PASSED] - Modify property of object successfully

2018-05-23 10:00:39 - [TEST_STEP][PASSED] - Statement - batchqty = com.kms.katalon.core.webui.keyword.WebUiBuiltInKeywords.getAttribute(batch, "value").trim(): Attribute 'value' of object '' is: '38350'

2018-05-23 10:00:39 - [MESSAGE][PASSED] - Attribute 'value' of object '' is: '38350'

2018-05-23 10:00:39 - [TEST_STEP][PASSED] - Statement - Rqty = 100: null

2018-05-23 10:00:39 - [TEST_STEP][PASSED] - delay: Delayed 2 second(s)

2018-05-23 10:00:41 - [MESSAGE][PASSED] - Delayed 2 second(s)

2018-05-23 10:00:41 - [TEST_STEP][PASSED] - Statement - out.println("BatchQty : " + batchqty): null

2018-05-23 10:00:41 - [TEST_STEP][PASSED] - Statement - out.println("RQty : " + Rqty): null

2018-05-23 10:00:41 - [TEST_STEP][PASSED] - Statement - If (java.lang.Integer.valueOf(batchqty) >= java.lang.Integer.valueOf(Rqty)): null

2018-05-23 10:00:41 - [TEST_STEP][PASSED] - Statement - Break: null

2018-05-23 10:00:41 - [TEST_STEP][PASSED] - Statement - batchlength = new com.kms.katalon.core.testobject.TestObject(): null

2018-05-23 10:00:41 - [TEST_STEP][PASSED] - Statement - batchlength = com.kms.katalon.core.webui.keyword.WebUiBuiltInKeywords.modifyObjectProperty(batchlength, "xpath", "equals", "//*[@id = "fldvendor" + row + ""]", true): Modify property of object successfully

2018-05-23 10:00:41 - [MESSAGE][PASSED] - Modify property of object successfully

2018-05-23 10:00:41 - [TEST_STEP][PASSED] - Statement - batchsize = com.kms.katalon.core.webui.keyword.WebUiBuiltInKeywords.getNumberOfTotalOption(batchlength): 6 options of object '' counted

2018-05-23 10:00:41 - [MESSAGE][PASSED] - 6 options of object '' counted

2018-05-23 10:00:41 - [TEST_STEP][PASSED] - Statement - out.println("BatchSize : " + batchsize): null

2018-05-23 10:00:41 - [TEST_STEP][PASSED] - Statement - For ([n = 1, n <= batchsize - 1, (n++)]): null

2018-05-23 10:00:41 - [TEST_STEP][PASSED] - Statement - product = new com.kms.katalon.core.testobject.TestObject(): null

2018-05-23 10:00:41 - [TEST_STEP][PASSED] - Statement - product = com.kms.katalon.core.webui.keyword.WebUiBuiltInKeywords.modifyObjectProperty(product, "xpath", "equals", "//*[@id = "fldvendor" + row + ""]", true): Modify property of object successfully

2018-05-23 10:00:41 - [MESSAGE][PASSED] - Modify property of object successfully

2018-05-23 10:00:41 - [TEST_STEP][PASSED] - selectOptionByIndex: All options with index in [1] are selected on object ''

2018-05-23 10:00:41 - [MESSAGE][PASSED] - All options with index in [1] are selected on object ''

2018-05-23 10:00:41 - [TEST_STEP][PASSED] - Statement - batch = new com.kms.katalon.core.testobject.TestObject(): null

2018-05-23 10:00:41 - [TEST_STEP][PASSED] - Statement - batch = com.kms.katalon.core.webui.keyword.WebUiBuiltInKeywords.modifyObjectProperty(batch, "xpath", "equals", "//*[@id = "txtbthqty" + row + ""]", true): Modify property of object successfully

2018-05-23 10:00:41 - [MESSAGE][PASSED] - Modify property of object successfully

2018-05-23 10:00:41 - [TEST_STEP][PASSED] - Statement - batchqty = com.kms.katalon.core.webui.keyword.WebUiBuiltInKeywords.getAttribute(batch, "value").trim(): Attribute 'value' of object '' is: '4600'

2018-05-23 10:00:41 - [MESSAGE][PASSED] - Attribute 'value' of object '' is: '4600'

2018-05-23 10:00:41 - [TEST_STEP][PASSED] - Statement - Rqty = 100: null

2018-05-23 10:00:41 - [TEST_STEP][PASSED] - delay: Delayed 2 second(s)

2018-05-23 10:00:43 - [MESSAGE][PASSED] - Delayed 2 second(s)

2018-05-23 10:00:43 - [TEST_STEP][PASSED] - Statement - out.println("BatchQty : " + batchqty): null

2018-05-23 10:00:43 - [TEST_STEP][PASSED] - Statement - out.println("RQty : " + Rqty): null

2018-05-23 10:00:43 - [TEST_STEP][PASSED] - Statement - If (java.lang.Integer.valueOf(batchqty) >= java.lang.Integer.valueOf(Rqty)): null

2018-05-23 10:00:43 - [TEST_STEP][PASSED] - Statement - Break: null

2018-05-23 10:00:43 - [TEST_STEP][PASSED] - Statement - batchlength = new com.kms.katalon.core.testobject.TestObject(): null

2018-05-23 10:00:43 - [TEST_STEP][PASSED] - Statement - batchlength = com.kms.katalon.core.webui.keyword.WebUiBuiltInKeywords.modifyObjectProperty(batchlength, "xpath", "equals", "//*[@id = "fldvendor" + row + ""]", true): Modify property of object successfully

2018-05-23 10:00:43 - [MESSAGE][PASSED] - Modify property of object successfully

2018-05-23 10:00:43 - [TEST_STEP][PASSED] - Statement - batchsize = com.kms.katalon.core.webui.keyword.WebUiBuiltInKeywords.getNumberOfTotalOption(batchlength): 6 options of object '' counted

2018-05-23 10:00:43 - [MESSAGE][PASSED] - 6 options of object '' counted

2018-05-23 10:00:43 - [TEST_STEP][PASSED] - Statement - out.println("BatchSize : " + batchsize): null

2018-05-23 10:00:43 - [TEST_STEP][PASSED] - Statement - For ([n = 1, n <= batchsize - 1, (n++)]): null

2018-05-23 10:00:43 - [TEST_STEP][PASSED] - Statement - product = new com.kms.katalon.core.testobject.TestObject(): null

2018-05-23 10:00:43 - [TEST_STEP][PASSED] - Statement - product = com.kms.katalon.core.webui.keyword.WebUiBuiltInKeywords.modifyObjectProperty(product, "xpath", "equals", "//*[@id = "fldvendor" + row + ""]", true): Modify property of object successfully

2018-05-23 10:00:43 - [MESSAGE][PASSED] - Modify property of object successfully

2018-05-23 10:00:43 - [TEST_STEP][PASSED] - selectOptionByIndex: All options with index in [1] are selected on object ''

2018-05-23 10:00:43 - [MESSAGE][PASSED] - All options with index in [1] are selected on object ''

2018-05-23 10:00:43 - [TEST_STEP][PASSED] - Statement - batch = new com.kms.katalon.core.testobject.TestObject(): null

2018-05-23 10:00:43 - [TEST_STEP][PASSED] - Statement - batch = com.kms.katalon.core.webui.keyword.WebUiBuiltInKeywords.modifyObjectProperty(batch, "xpath", "equals", "//*[@id = "txtbthqty" + row + ""]", true): Modify property of object successfully

2018-05-23 10:00:43 - [MESSAGE][PASSED] - Modify property of object successfully

2018-05-23 10:00:43 - [TEST_STEP][PASSED] - Statement - batchqty = com.kms.katalon.core.webui.keyword.WebUiBuiltInKeywords.getAttribute(batch, "value").trim(): Attribute 'value' of object '' is: '4600'

2018-05-23 10:00:43 - [MESSAGE][PASSED] - Attribute 'value' of object '' is: '4600'

2018-05-23 10:00:43 - [TEST_STEP][PASSED] - Statement - Rqty = 100: null

2018-05-23 10:00:43 - [TEST_STEP][PASSED] - delay: Delayed 2 second(s)

2018-05-23 10:00:45 - [MESSAGE][PASSED] - Delayed 2 second(s)

2018-05-23 10:00:45 - [TEST_STEP][PASSED] - Statement - out.println("BatchQty : " + batchqty): null

2018-05-23 10:00:45 - [TEST_STEP][PASSED] - Statement - out.println("RQty : " + Rqty): null

2018-05-23 10:00:45 - [TEST_STEP][PASSED] - Statement - If (java.lang.Integer.valueOf(batchqty) >= java.lang.Integer.valueOf(Rqty)): null

2018-05-23 10:00:45 - [TEST_STEP][PASSED] - Statement - Break: null

2018-05-23 10:00:45 - [TEST_STEP][PASSED] - Statement - batchlength = new com.kms.katalon.core.testobject.TestObject(): null

2018-05-23 10:00:45 - [TEST_STEP][PASSED] - Statement - batchlength = com.kms.katalon.core.webui.keyword.WebUiBuiltInKeywords.modifyObjectProperty(batchlength, "xpath", "equals", "//*[@id = "fldvendor" + row + ""]", true): Modify property of object successfully

2018-05-23 10:00:45 - [MESSAGE][PASSED] - Modify property of object successfully

2018-05-23 10:00:45 - [TEST_STEP][PASSED] - Statement - batchsize = com.kms.katalon.core.webui.keyword.WebUiBuiltInKeywords.getNumberOfTotalOption(batchlength): 6 options of object '' counted

2018-05-23 10:00:46 - [MESSAGE][PASSED] - 6 options of object '' counted

2018-05-23 10:00:46 - [TEST_STEP][PASSED] - Statement - out.println("BatchSize : " + batchsize): null

2018-05-23 10:00:46 - [TEST_STEP][PASSED] - Statement - For ([n = 1, n <= batchsize - 1, (n++)]): null

2018-05-23 10:00:46 - [TEST_STEP][PASSED] - Statement - product = new com.kms.katalon.core.testobject.TestObject(): null

2018-05-23 10:00:46 - [TEST_STEP][PASSED] - Statement - product = com.kms.katalon.core.webui.keyword.WebUiBuiltInKeywords.modifyObjectProperty(product, "xpath", "equals", "//*[@id = "fldvendor" + row + ""]", true): Modify property of object successfully

2018-05-23 10:00:46 - [MESSAGE][PASSED] - Modify property of object successfully

2018-05-23 10:00:46 - [TEST_STEP][PASSED] - selectOptionByIndex: All options with index in [1] are selected on object ''

2018-05-23 10:00:46 - [MESSAGE][PASSED] - All options with index in [1] are selected on object ''

2018-05-23 10:00:46 - [TEST_STEP][PASSED] - Statement - batch = new com.kms.katalon.core.testobject.TestObject(): null

2018-05-23 10:00:46 - [TEST_STEP][PASSED] - Statement - batch = com.kms.katalon.core.webui.keyword.WebUiBuiltInKeywords.modifyObjectProperty(batch, "xpath", "equals", "//*[@id = "txtbthqty" + row + ""]", true): Modify property of object successfully

2018-05-23 10:00:46 - [MESSAGE][PASSED] - Modify property of object successfully

2018-05-23 10:00:46 - [TEST_STEP][PASSED] - Statement - batchqty = com.kms.katalon.core.webui.keyword.WebUiBuiltInKeywords.getAttribute(batch, "value").trim(): Attribute 'value' of object '' is: '4600'

2018-05-23 10:00:46 - [MESSAGE][PASSED] - Attribute 'value' of object '' is: '4600'

2018-05-23 10:00:46 - [TEST_STEP][PASSED] - Statement - Rqty = 100: null

2018-05-23 10:00:46 - [TEST_STEP][PASSED] - delay: Delayed 2 second(s)

2018-05-23 10:00:48 - [MESSAGE][PASSED] - Delayed 2 second(s)

2018-05-23 10:00:48 - [TEST_STEP][PASSED] - Statement - out.println("BatchQty : " + batchqty): null

2018-05-23 10:00:48 - [TEST_STEP][PASSED] - Statement - out.println("RQty : " + Rqty): null

2018-05-23 10:00:48 - [TEST_STEP][PASSED] - Statement - If (java.lang.Integer.valueOf(batchqty) >= java.lang.Integer.valueOf(Rqty)): null

2018-05-23 10:00:48 - [TEST_STEP][PASSED] - Statement - Break: null

2018-05-23 10:00:48 - [TEST_STEP][PASSED] - Statement - batchlength = new com.kms.katalon.core.testobject.TestObject(): null

2018-05-23 10:00:48 - [TEST_STEP][PASSED] - Statement - batchlength = com.kms.katalon.core.webui.keyword.WebUiBuiltInKeywords.modifyObjectProperty(batchlength, "xpath", "equals", "//*[@id = "fldvendor" + row + ""]", true): Modify property of object successfully

2018-05-23 10:00:48 - [MESSAGE][PASSED] - Modify property of object successfully

2018-05-23 10:00:48 - [TEST_STEP][PASSED] - Statement - batchsize = com.kms.katalon.core.webui.keyword.WebUiBuiltInKeywords.getNumberOfTotalOption(batchlength): 6 options of object '' counted

2018-05-23 10:00:48 - [MESSAGE][PASSED] - 6 options of object '' counted

2018-05-23 10:00:48 - [TEST_STEP][PASSED] - Statement - out.println("BatchSize : " + batchsize): null

2018-05-23 10:00:48 - [TEST_STEP][PASSED] - Statement - For ([n = 1, n <= batchsize - 1, (n++)]): null

2018-05-23 10:00:48 - [TEST_STEP][PASSED] - Statement - product = new com.kms.katalon.core.testobject.TestObject(): null

2018-05-23 10:00:48 - [TEST_STEP][PASSED] - Statement - product = com.kms.katalon.core.webui.keyword.WebUiBuiltInKeywords.modifyObjectProperty(product, "xpath", "equals", "//*[@id = "fldvendor" + row + ""]", true): Modify property of object successfully

2018-05-23 10:00:48 - [MESSAGE][PASSED] - Modify property of object successfully

2018-05-23 10:00:48 - [TEST_STEP][PASSED] - selectOptionByIndex: All options with index in [1] are selected on object ''

2018-05-23 10:00:48 - [MESSAGE][PASSED] - All options with index in [1] are selected on object ''

2018-05-23 10:00:48 - [TEST_STEP][PASSED] - Statement - batch = new com.kms.katalon.core.testobject.TestObject(): null

2018-05-23 10:00:48 - [TEST_STEP][PASSED] - Statement - batch = com.kms.katalon.core.webui.keyword.WebUiBuiltInKeywords.modifyObjectProperty(batch, "xpath", "equals", "//*[@id = "txtbthqty" + row + ""]", true): Modify property of object successfully

2018-05-23 10:00:48 - [MESSAGE][PASSED] - Modify property of object successfully

2018-05-23 10:00:48 - [TEST_STEP][PASSED] - Statement - batchqty = com.kms.katalon.core.webui.keyword.WebUiBuiltInKeywords.getAttribute(batch, "value").trim(): Attribute 'value' of object '' is: '38500'

2018-05-23 10:00:48 - [MESSAGE][PASSED] - Attribute 'value' of object '' is: '38500'

2018-05-23 10:00:48 - [TEST_STEP][PASSED] - Statement - Rqty = 100: null

2018-05-23 10:00:48 - [TEST_STEP][PASSED] - delay: Delayed 2 second(s)

2018-05-23 10:00:50 - [MESSAGE][PASSED] - Delayed 2 second(s)

2018-05-23 10:00:50 - [TEST_STEP][PASSED] - Statement - out.println("BatchQty : " + batchqty): null

2018-05-23 10:00:50 - [TEST_STEP][PASSED] - Statement - out.println("RQty : " + Rqty): null

2018-05-23 10:00:50 - [TEST_STEP][PASSED] - Statement - If (java.lang.Integer.valueOf(batchqty) >= java.lang.Integer.valueOf(Rqty)): null

2018-05-23 10:00:50 - [TEST_STEP][PASSED] - Statement - Break: null

2018-05-23 10:00:50 - [TEST_STEP][PASSED] - Statement - batchlength = new com.kms.katalon.core.testobject.TestObject(): null

2018-05-23 10:00:50 - [TEST_STEP][PASSED] - Statement - batchlength = com.kms.katalon.core.webui.keyword.WebUiBuiltInKeywords.modifyObjectProperty(batchlength, "xpath", "equals", "//*[@id = "fldvendor" + row + ""]", true): Modify property of object successfully

2018-05-23 10:00:50 - [MESSAGE][PASSED] - Modify property of object successfully

2018-05-23 10:00:50 - [TEST_STEP][PASSED] - Statement - batchsize = com.kms.katalon.core.webui.keyword.WebUiBuiltInKeywords.getNumberOfTotalOption(batchlength): 6 options of object '' counted

2018-05-23 10:00:50 - [MESSAGE][PASSED] - 6 options of object '' counted

2018-05-23 10:00:50 - [TEST_STEP][PASSED] - Statement - out.println("BatchSize : " + batchsize): null

2018-05-23 10:00:50 - [TEST_STEP][PASSED] - Statement - For ([n = 1, n <= batchsize - 1, (n++)]): null

2018-05-23 10:00:50 - [TEST_STEP][PASSED] - Statement - product = new com.kms.katalon.core.testobject.TestObject(): null

2018-05-23 10:00:50 - [TEST_STEP][PASSED] - Statement - product = com.kms.katalon.core.webui.keyword.WebUiBuiltInKeywords.modifyObjectProperty(product, "xpath", "equals", "//*[@id = "fldvendor" + row + ""]", true): Modify property of object successfully

2018-05-23 10:00:50 - [MESSAGE][PASSED] - Modify property of object successfully

2018-05-23 10:00:50 - [TEST_STEP][PASSED] - selectOptionByIndex: All options with index in [1] are selected on object ''

2018-05-23 10:00:50 - [MESSAGE][PASSED] - All options with index in [1] are selected on object ''

2018-05-23 10:00:50 - [TEST_STEP][PASSED] - Statement - batch = new com.kms.katalon.core.testobject.TestObject(): null

2018-05-23 10:00:50 - [TEST_STEP][PASSED] - Statement - batch = com.kms.katalon.core.webui.keyword.WebUiBuiltInKeywords.modifyObjectProperty(batch, "xpath", "equals", "//*[@id = "txtbthqty" + row + ""]", true): Modify property of object successfully

2018-05-23 10:00:50 - [MESSAGE][PASSED] - Modify property of object successfully

2018-05-23 10:00:50 - [TEST_STEP][PASSED] - Statement - batchqty = com.kms.katalon.core.webui.keyword.WebUiBuiltInKeywords.getAttribute(batch, "value").trim(): Attribute 'value' of object '' is: '4600'

2018-05-23 10:00:50 - [MESSAGE][PASSED] - Attribute 'value' of object '' is: '4600'

2018-05-23 10:00:50 - [TEST_STEP][PASSED] - Statement - Rqty = 100: null

2018-05-23 10:00:50 - [TEST_STEP][PASSED] - delay: Delayed 2 second(s)

2018-05-23 10:00:52 - [MESSAGE][PASSED] - Delayed 2 second(s)

2018-05-23 10:00:52 - [TEST_STEP][PASSED] - Statement - out.println("BatchQty : " + batchqty): null

2018-05-23 10:00:52 - [TEST_STEP][PASSED] - Statement - out.println("RQty : " + Rqty): null

2018-05-23 10:00:52 - [TEST_STEP][PASSED] - Statement - If (java.lang.Integer.valueOf(batchqty) >= java.lang.Integer.valueOf(Rqty)): null

2018-05-23 10:00:52 - [TEST_STEP][PASSED] - Statement - Break: null

2018-05-23 10:00:52 - [TEST_STEP][PASSED] - Statement - batchlength = new com.kms.katalon.core.testobject.TestObject(): null

2018-05-23 10:00:52 - [TEST_STEP][PASSED] - Statement - batchlength = com.kms.katalon.core.webui.keyword.WebUiBuiltInKeywords.modifyObjectProperty(batchlength, "xpath", "equals", "//*[@id = "fldvendor" + row + ""]", true): Modify property of object successfully

2018-05-23 10:00:52 - [MESSAGE][PASSED] - Modify property of object successfully

2018-05-23 10:00:52 - [TEST_STEP][PASSED] - Statement - batchsize = com.kms.katalon.core.webui.keyword.WebUiBuiltInKeywords.getNumberOfTotalOption(batchlength): 6 options of object '' counted

2018-05-23 10:00:52 - [MESSAGE][PASSED] - 6 options of object '' counted

2018-05-23 10:00:52 - [TEST_STEP][PASSED] - Statement - out.println("BatchSize : " + batchsize): null

2018-05-23 10:00:52 - [TEST_STEP][PASSED] - Statement - For ([n = 1, n <= batchsize - 1, (n++)]): null

2018-05-23 10:00:52 - [TEST_STEP][PASSED] - Statement - product = new com.kms.katalon.core.testobject.TestObject(): null

2018-05-23 10:00:52 - [TEST_STEP][PASSED] - Statement - product = com.kms.katalon.core.webui.keyword.WebUiBuiltInKeywords.modifyObjectProperty(product, "xpath", "equals", "//*[@id = "fldvendor" + row + ""]", true): Modify property of object successfully

2018-05-23 10:00:52 - [MESSAGE][PASSED] - Modify property of object successfully

2018-05-23 10:00:52 - [TEST_STEP][PASSED] - selectOptionByIndex: All options with index in [1] are selected on object ''

2018-05-23 10:00:52 - [MESSAGE][PASSED] - All options with index in [1] are selected on object ''

2018-05-23 10:00:52 - [TEST_STEP][PASSED] - Statement - batch = new com.kms.katalon.core.testobject.TestObject(): null

2018-05-23 10:00:53 - [TEST_STEP][PASSED] - Statement - batch = com.kms.katalon.core.webui.keyword.WebUiBuiltInKeywords.modifyObjectProperty(batch, "xpath", "equals", "//*[@id = "txtbthqty" + row + ""]", true): Modify property of object successfully

2018-05-23 10:00:53 - [MESSAGE][PASSED] - Modify property of object successfully

2018-05-23 10:00:53 - [TEST_STEP][PASSED] - Statement - batchqty = com.kms.katalon.core.webui.keyword.WebUiBuiltInKeywords.getAttribute(batch, "value").trim(): Attribute 'value' of object '' is: '4600'

2018-05-23 10:00:53 - [MESSAGE][PASSED] - Attribute 'value' of object '' is: '4600'

2018-05-23 10:00:53 - [TEST_STEP][PASSED] - Statement - Rqty = 100: null

2018-05-23 10:00:53 - [TEST_STEP][PASSED] - delay: Delayed 2 second(s)

2018-05-23 10:00:55 - [MESSAGE][PASSED] - Delayed 2 second(s)

2018-05-23 10:00:55 - [TEST_STEP][PASSED] - Statement - out.println("BatchQty : " + batchqty): null

2018-05-23 10:00:55 - [TEST_STEP][PASSED] - Statement - out.println("RQty : " + Rqty): null

2018-05-23 10:00:55 - [TEST_STEP][PASSED] - Statement - If (java.lang.Integer.valueOf(batchqty) >= java.lang.Integer.valueOf(Rqty)): null

2018-05-23 10:00:55 - [TEST_STEP][PASSED] - Statement - Break: null

2018-05-23 10:00:55 - [TEST_STEP][PASSED] - Statement - batchlength = new com.kms.katalon.core.testobject.TestObject(): null

2018-05-23 10:00:55 - [TEST_STEP][PASSED] - Statement - batchlength = com.kms.katalon.core.webui.keyword.WebUiBuiltInKeywords.modifyObjectProperty(batchlength, "xpath", "equals", "//*[@id = "fldvendor" + row + ""]", true): Modify property of object successfully

2018-05-23 10:00:55 - [MESSAGE][PASSED] - Modify property of object successfully

2018-05-23 10:00:55 - [TEST_STEP][PASSED] - Statement - batchsize = com.kms.katalon.core.webui.keyword.WebUiBuiltInKeywords.getNumberOfTotalOption(batchlength): 6 options of object '' counted

2018-05-23 10:00:55 - [MESSAGE][PASSED] - 6 options of object '' counted

2018-05-23 10:00:55 - [TEST_STEP][PASSED] - Statement - out.println("BatchSize : " + batchsize): null

2018-05-23 10:00:55 - [TEST_STEP][PASSED] - Statement - For ([n = 1, n <= batchsize - 1, (n++)]): null

2018-05-23 10:00:55 - [TEST_STEP][PASSED] - Statement - product = new com.kms.katalon.core.testobject.TestObject(): null

2018-05-23 10:00:55 - [TEST_STEP][PASSED] - Statement - product = com.kms.katalon.core.webui.keyword.WebUiBuiltInKeywords.modifyObjectProperty(product, "xpath", "equals", "//*[@id = "fldvendor" + row + ""]", true): Modify property of object successfully

2018-05-23 10:00:55 - [MESSAGE][PASSED] - Modify property of object successfully

2018-05-23 10:00:55 - [TEST_STEP][PASSED] - selectOptionByIndex: All options with index in [1] are selected on object ''

2018-05-23 10:00:55 - [MESSAGE][PASSED] - All options with index in [1] are selected on object ''

2018-05-23 10:00:55 - [TEST_STEP][PASSED] - Statement - batch = new com.kms.katalon.core.testobject.TestObject(): null

2018-05-23 10:00:55 - [TEST_STEP][PASSED] - Statement - batch = com.kms.katalon.core.webui.keyword.WebUiBuiltInKeywords.modifyObjectProperty(batch, "xpath", "equals", "//*[@id = "txtbthqty" + row + ""]", true): Modify property of object successfully

2018-05-23 10:00:55 - [MESSAGE][PASSED] - Modify property of object successfully

2018-05-23 10:00:55 - [TEST_STEP][PASSED] - Statement - batchqty = com.kms.katalon.core.webui.keyword.WebUiBuiltInKeywords.getAttribute(batch, "value").trim(): Attribute 'value' of object '' is: '3600'

2018-05-23 10:00:55 - [MESSAGE][PASSED] - Attribute 'value' of object '' is: '3600'

2018-05-23 10:00:55 - [TEST_STEP][PASSED] - Statement - Rqty = 100: null

2018-05-23 10:00:55 - [TEST_STEP][PASSED] - delay: Delayed 2 second(s)

2018-05-23 10:00:57 - [MESSAGE][PASSED] - Delayed 2 second(s)

2018-05-23 10:00:57 - [TEST_STEP][PASSED] - Statement - out.println("BatchQty : " + batchqty): null

2018-05-23 10:00:57 - [TEST_STEP][PASSED] - Statement - out.println("RQty : " + Rqty): null

2018-05-23 10:00:57 - [TEST_STEP][PASSED] - Statement - If (java.lang.Integer.valueOf(batchqty) >= java.lang.Integer.valueOf(Rqty)): null

2018-05-23 10:00:57 - [TEST_STEP][PASSED] - Statement - Break: null

2018-05-23 10:00:57 - [TEST_STEP][PASSED] - Statement - batchlength = new com.kms.katalon.core.testobject.TestObject(): null

2018-05-23 10:00:57 - [TEST_STEP][PASSED] - Statement - batchlength = com.kms.katalon.core.webui.keyword.WebUiBuiltInKeywords.modifyObjectProperty(batchlength, "xpath", "equals", "//*[@id = "fldvendor" + row + ""]", true): Modify property of object successfully

2018-05-23 10:00:57 - [MESSAGE][PASSED] - Modify property of object successfully

2018-05-23 10:00:57 - [TEST_STEP][PASSED] - Statement - batchsize = com.kms.katalon.core.webui.keyword.WebUiBuiltInKeywords.getNumberOfTotalOption(batchlength): 6 options of object '' counted

2018-05-23 10:00:57 - [MESSAGE][PASSED] - 6 options of object '' counted

2018-05-23 10:00:57 - [TEST_STEP][PASSED] - Statement - out.println("BatchSize : " + batchsize): null

2018-05-23 10:00:57 - [TEST_STEP][PASSED] - Statement - For ([n = 1, n <= batchsize - 1, (n++)]): null

2018-05-23 10:00:57 - [TEST_STEP][PASSED] - Statement - product = new com.kms.katalon.core.testobject.TestObject(): null

2018-05-23 10:00:57 - [TEST_STEP][PASSED] - Statement - product = com.kms.katalon.core.webui.keyword.WebUiBuiltInKeywords.modifyObjectProperty(product, "xpath", "equals", "//*[@id = "fldvendor" + row + ""]", true): Modify property of object successfully

2018-05-23 10:00:57 - [MESSAGE][PASSED] - Modify property of object successfully

2018-05-23 10:00:57 - [TEST_STEP][PASSED] - selectOptionByIndex: All options with index in [1] are selected on object ''

2018-05-23 10:00:57 - [MESSAGE][PASSED] - All options with index in [1] are selected on object ''

2018-05-23 10:00:57 - [TEST_STEP][PASSED] - Statement - batch = new com.kms.katalon.core.testobject.TestObject(): null

2018-05-23 10:00:57 - [TEST_STEP][PASSED] - Statement - batch = com.kms.katalon.core.webui.keyword.WebUiBuiltInKeywords.modifyObjectProperty(batch, "xpath", "equals", "//*[@id = "txtbthqty" + row + ""]", true): Modify property of object successfully

2018-05-23 10:00:57 - [MESSAGE][PASSED] - Modify property of object successfully

2018-05-23 10:00:57 - [TEST_STEP][PASSED] - Statement - batchqty = com.kms.katalon.core.webui.keyword.WebUiBuiltInKeywords.getAttribute(batch, "value").trim(): Attribute 'value' of object '' is: '4600'

2018-05-23 10:00:57 - [MESSAGE][PASSED] - Attribute 'value' of object '' is: '4600'

2018-05-23 10:00:57 - [TEST_STEP][PASSED] - Statement - Rqty = 100: null

2018-05-23 10:00:57 - [TEST_STEP][PASSED] - delay: Delayed 2 second(s)

2018-05-23 10:00:59 - [MESSAGE][PASSED] - Delayed 2 second(s)

2018-05-23 10:00:59 - [TEST_STEP][PASSED] - Statement - out.println("BatchQty : " + batchqty): null

2018-05-23 10:00:59 - [TEST_STEP][PASSED] - Statement - out.println("RQty : " + Rqty): null

2018-05-23 10:00:59 - [TEST_STEP][PASSED] - Statement - If (java.lang.Integer.valueOf(batchqty) >= java.lang.Integer.valueOf(Rqty)): null

2018-05-23 10:00:59 - [TEST_STEP][PASSED] - Statement - Break: null

2018-05-23 10:00:59 - [TEST_STEP][PASSED] - Statement - batchlength = new com.kms.katalon.core.testobject.TestObject(): null

2018-05-23 10:00:59 - [TEST_STEP][PASSED] - Statement - batchlength = com.kms.katalon.core.webui.keyword.WebUiBuiltInKeywords.modifyObjectProperty(batchlength, "xpath", "equals", "//*[@id = "fldvendor" + row + ""]", true): Modify property of object successfully

2018-05-23 10:00:59 - [MESSAGE][PASSED] - Modify property of object successfully

2018-05-23 10:00:59 - [TEST_STEP][PASSED] - Statement - batchsize = com.kms.katalon.core.webui.keyword.WebUiBuiltInKeywords.getNumberOfTotalOption(batchlength): 6 options of object '' counted

2018-05-23 10:00:59 - [MESSAGE][PASSED] - 6 options of object '' counted

2018-05-23 10:00:59 - [TEST_STEP][PASSED] - Statement - out.println("BatchSize : " + batchsize): null

2018-05-23 10:00:59 - [TEST_STEP][PASSED] - Statement - For ([n = 1, n <= batchsize - 1, (n++)]): null

2018-05-23 10:00:59 - [TEST_STEP][PASSED] - Statement - product = new com.kms.katalon.core.testobject.TestObject(): null

2018-05-23 10:00:59 - [TEST_STEP][PASSED] - Statement - product = com.kms.katalon.core.webui.keyword.WebUiBuiltInKeywords.modifyObjectProperty(product, "xpath", "equals", "//*[@id = "fldvendor" + row + ""]", true): Modify property of object successfully

2018-05-23 10:00:59 - [MESSAGE][PASSED] - Modify property of object successfully

2018-05-23 10:00:59 - [TEST_STEP][PASSED] - selectOptionByIndex: All options with index in [1] are selected on object ''

2018-05-23 10:00:59 - [MESSAGE][PASSED] - All options with index in [1] are selected on object ''

2018-05-23 10:00:59 - [TEST_STEP][PASSED] - Statement - batch = new com.kms.katalon.core.testobject.TestObject(): null

2018-05-23 10:00:59 - [TEST_STEP][PASSED] - Statement - batch = com.kms.katalon.core.webui.keyword.WebUiBuiltInKeywords.modifyObjectProperty(batch, "xpath", "equals", "//*[@id = "txtbthqty" + row + ""]", true): Modify property of object successfully

2018-05-23 10:00:59 - [MESSAGE][PASSED] - Modify property of object successfully

2018-05-23 10:00:59 - [TEST_STEP][PASSED] - Statement - batchqty = com.kms.katalon.core.webui.keyword.WebUiBuiltInKeywords.getAttribute(batch, "value").trim(): Attribute 'value' of object '' is: '4600'

2018-05-23 10:00:59 - [MESSAGE][PASSED] - Attribute 'value' of object '' is: '4600'

2018-05-23 10:00:59 - [TEST_STEP][PASSED] - Statement - Rqty = 100: null

2018-05-23 10:00:59 - [TEST_STEP][PASSED] - delay: Delayed 2 second(s)

2018-05-23 10:01:01 - [MESSAGE][PASSED] - Delayed 2 second(s)

2018-05-23 10:01:01 - [TEST_STEP][PASSED] - Statement - out.println("BatchQty : " + batchqty): null

2018-05-23 10:01:01 - [TEST_STEP][PASSED] - Statement - out.println("RQty : " + Rqty): null

2018-05-23 10:01:01 - [TEST_STEP][PASSED] - Statement - If (java.lang.Integer.valueOf(batchqty) >= java.lang.Integer.valueOf(Rqty)): null

2018-05-23 10:01:01 - [TEST_STEP][PASSED] - Statement - Break: null

2018-05-23 10:01:01 - [TEST_STEP][PASSED] - Statement - batchlength = new com.kms.katalon.core.testobject.TestObject(): null

2018-05-23 10:01:01 - [TEST_STEP][PASSED] - Statement - batchlength = com.kms.katalon.core.webui.keyword.WebUiBuiltInKeywords.modifyObjectProperty(batchlength, "xpath", "equals", "//*[@id = "fldvendor" + row + ""]", true): Modify property of object successfully

2018-05-23 10:01:01 - [MESSAGE][PASSED] - Modify property of object successfully

2018-05-23 10:01:01 - [TEST_STEP][PASSED] - Statement - batchsize = com.kms.katalon.core.webui.keyword.WebUiBuiltInKeywords.getNumberOfTotalOption(batchlength): 6 options of object '' counted

2018-05-23 10:01:01 - [MESSAGE][PASSED] - 6 options of object '' counted

2018-05-23 10:01:01 - [TEST_STEP][PASSED] - Statement - out.println("BatchSize : " + batchsize): null

2018-05-23 10:01:01 - [TEST_STEP][PASSED] - Statement - For ([n = 1, n <= batchsize - 1, (n++)]): null

2018-05-23 10:01:01 - [TEST_STEP][PASSED] - Statement - product = new com.kms.katalon.core.testobject.TestObject(): null

2018-05-23 10:01:01 - [TEST_STEP][PASSED] - Statement - product = com.kms.katalon.core.webui.keyword.WebUiBuiltInKeywords.modifyObjectProperty(product, "xpath", "equals", "//*[@id = "fldvendor" + row + ""]", true): Modify property of object successfully

2018-05-23 10:01:01 - [MESSAGE][PASSED] - Modify property of object successfully

2018-05-23 10:01:01 - [TEST_STEP][PASSED] - selectOptionByIndex: All options with index in [1] are selected on object ''

2018-05-23 10:01:02 - [MESSAGE][PASSED] - All options with index in [1] are selected on object ''

2018-05-23 10:01:02 - [TEST_STEP][PASSED] - Statement - batch = new com.kms.katalon.core.testobject.TestObject(): null

2018-05-23 10:01:02 - [TEST_STEP][PASSED] - Statement - batch = com.kms.katalon.core.webui.keyword.WebUiBuiltInKeywords.modifyObjectProperty(batch, "xpath", "equals", "//*[@id = "txtbthqty" + row + ""]", true): Modify property of object successfully

2018-05-23 10:01:02 - [MESSAGE][PASSED] - Modify property of object successfully

2018-05-23 10:01:02 - [TEST_STEP][PASSED] - Statement - batchqty = com.kms.katalon.core.webui.keyword.WebUiBuiltInKeywords.getAttribute(batch, "value").trim(): Attribute 'value' of object '' is: '3600'

2018-05-23 10:01:02 - [MESSAGE][PASSED] - Attribute 'value' of object '' is: '3600'

2018-05-23 10:01:02 - [TEST_STEP][PASSED] - Statement - Rqty = 100: null

2018-05-23 10:01:02 - [TEST_STEP][PASSED] - delay: Delayed 2 second(s)

2018-05-23 10:01:04 - [MESSAGE][PASSED] - Delayed 2 second(s)

2018-05-23 10:01:04 - [TEST_STEP][PASSED] - Statement - out.println("BatchQty : " + batchqty): null

2018-05-23 10:01:04 - [TEST_STEP][PASSED] - Statement - out.println("RQty : " + Rqty): null

2018-05-23 10:01:04 - [TEST_STEP][PASSED] - Statement - If (java.lang.Integer.valueOf(batchqty) >= java.lang.Integer.valueOf(Rqty)): null

2018-05-23 10:01:04 - [TEST_STEP][PASSED] - Statement - Break: null

2018-05-23 10:01:04 - [TEST_STEP][PASSED] - Statement - batchlength = new com.kms.katalon.core.testobject.TestObject(): null

2018-05-23 10:01:04 - [TEST_STEP][PASSED] - Statement - batchlength = com.kms.katalon.core.webui.keyword.WebUiBuiltInKeywords.modifyObjectProperty(batchlength, "xpath", "equals", "//*[@id = "fldvendor" + row + ""]", true): Modify property of object successfully

2018-05-23 10:01:04 - [MESSAGE][PASSED] - Modify property of object successfully

2018-05-23 10:01:04 - [TEST_STEP][PASSED] - Statement - batchsize = com.kms.katalon.core.webui.keyword.WebUiBuiltInKeywords.getNumberOfTotalOption(batchlength): 6 options of object '' counted

2018-05-23 10:01:04 - [MESSAGE][PASSED] - 6 options of object '' counted

2018-05-23 10:01:04 - [TEST_STEP][PASSED] - Statement - out.println("BatchSize : " + batchsize): null

2018-05-23 10:01:04 - [TEST_STEP][PASSED] - Statement - For ([n = 1, n <= batchsize - 1, (n++)]): null

2018-05-23 10:01:04 - [TEST_STEP][PASSED] - Statement - product = new com.kms.katalon.core.testobject.TestObject(): null

2018-05-23 10:01:04 - [TEST_STEP][PASSED] - Statement - product = com.kms.katalon.core.webui.keyword.WebUiBuiltInKeywords.modifyObjectProperty(product, "xpath", "equals", "//*[@id = "fldvendor" + row + ""]", true): Modify property of object successfully

2018-05-23 10:01:04 - [MESSAGE][PASSED] - Modify property of object successfully

2018-05-23 10:01:04 - [TEST_STEP][PASSED] - selectOptionByIndex: All options with index in [1] are selected on object ''

2018-05-23 10:01:04 - [MESSAGE][PASSED] - All options with index in [1] are selected on object ''

2018-05-23 10:01:04 - [TEST_STEP][PASSED] - Statement - batch = new com.kms.katalon.core.testobject.TestObject(): null

2018-05-23 10:01:04 - [TEST_STEP][PASSED] - Statement - batch = com.kms.katalon.core.webui.keyword.WebUiBuiltInKeywords.modifyObjectProperty(batch, "xpath", "equals", "//*[@id = "txtbthqty" + row + ""]", true): Modify property of object successfully

2018-05-23 10:01:04 - [MESSAGE][PASSED] - Modify property of object successfully

2018-05-23 10:01:04 - [TEST_STEP][PASSED] - Statement - batchqty = com.kms.katalon.core.webui.keyword.WebUiBuiltInKeywords.getAttribute(batch, "value").trim(): Attribute 'value' of object '' is: '4600'

2018-05-23 10:01:04 - [MESSAGE][PASSED] - Attribute 'value' of object '' is: '4600'

2018-05-23 10:01:04 - [TEST_STEP][PASSED] - Statement - Rqty = 100: null

2018-05-23 10:01:04 - [TEST_STEP][PASSED] - delay: Delayed 2 second(s)

2018-05-23 10:01:06 - [MESSAGE][PASSED] - Delayed 2 second(s)

2018-05-23 10:01:06 - [TEST_STEP][PASSED] - Statement - out.println("BatchQty : " + batchqty): null

2018-05-23 10:01:06 - [TEST_STEP][PASSED] - Statement - out.println("RQty : " + Rqty): null

2018-05-23 10:01:06 - [TEST_STEP][PASSED] - Statement - If (java.lang.Integer.valueOf(batchqty) >= java.lang.Integer.valueOf(Rqty)): null

2018-05-23 10:01:06 - [TEST_STEP][PASSED] - Statement - Break: null

2018-05-23 10:01:06 - [TEST_STEP][PASSED] - Statement - batchlength = new com.kms.katalon.core.testobject.TestObject(): null

2018-05-23 10:01:06 - [TEST_STEP][PASSED] - Statement - batchlength = com.kms.katalon.core.webui.keyword.WebUiBuiltInKeywords.modifyObjectProperty(batchlength, "xpath", "equals", "//*[@id = "fldvendor" + row + ""]", true): Modify property of object successfully

2018-05-23 10:01:06 - [MESSAGE][PASSED] - Modify property of object successfully

2018-05-23 10:01:06 - [TEST_STEP][PASSED] - Statement - batchsize = com.kms.katalon.core.webui.keyword.WebUiBuiltInKeywords.getNumberOfTotalOption(batchlength): 6 options of object '' counted

2018-05-23 10:01:06 - [MESSAGE][PASSED] - 6 options of object '' counted

2018-05-23 10:01:06 - [TEST_STEP][PASSED] - Statement - out.println("BatchSize : " + batchsize): null

2018-05-23 10:01:06 - [TEST_STEP][PASSED] - Statement - For ([n = 1, n <= batchsize - 1, (n++)]): null

2018-05-23 10:01:06 - [TEST_STEP][PASSED] - Statement - product = new com.kms.katalon.core.testobject.TestObject(): null

2018-05-23 10:01:06 - [TEST_STEP][PASSED] - Statement - product = com.kms.katalon.core.webui.keyword.WebUiBuiltInKeywords.modifyObjectProperty(product, "xpath", "equals", "//*[@id = "fldvendor" + row + ""]", true): Modify property of object successfully

2018-05-23 10:01:06 - [MESSAGE][PASSED] - Modify property of object successfully

2018-05-23 10:01:06 - [TEST_STEP][PASSED] - selectOptionByIndex: All options with index in [1] are selected on object ''

2018-05-23 10:01:06 - [MESSAGE][PASSED] - All options with index in [1] are selected on object ''

2018-05-23 10:01:06 - [TEST_STEP][PASSED] - Statement - batch = new com.kms.katalon.core.testobject.TestObject(): null

2018-05-23 10:01:06 - [TEST_STEP][PASSED] - Statement - batch = com.kms.katalon.core.webui.keyword.WebUiBuiltInKeywords.modifyObjectProperty(batch, "xpath", "equals", "//*[@id = "txtbthqty" + row + ""]", true): Modify property of object successfully

2018-05-23 10:01:06 - [MESSAGE][PASSED] - Modify property of object successfully

2018-05-23 10:01:06 - [TEST_STEP][PASSED] - Statement - batchqty = com.kms.katalon.core.webui.keyword.WebUiBuiltInKeywords.getAttribute(batch, "value").trim(): Attribute 'value' of object '' is: '4600'

2018-05-23 10:01:06 - [MESSAGE][PASSED] - Attribute 'value' of object '' is: '4600'

2018-05-23 10:01:06 - [TEST_STEP][PASSED] - Statement - Rqty = 100: null

2018-05-23 10:01:06 - [TEST_STEP][PASSED] - delay: Delayed 2 second(s)

2018-05-23 10:01:08 - [MESSAGE][PASSED] - Delayed 2 second(s)

2018-05-23 10:01:08 - [TEST_STEP][PASSED] - Statement - out.println("BatchQty : " + batchqty): null

2018-05-23 10:01:08 - [TEST_STEP][PASSED] - Statement - out.println("RQty : " + Rqty): null

2018-05-23 10:01:08 - [TEST_STEP][PASSED] - Statement - If (java.lang.Integer.valueOf(batchqty) >= java.lang.Integer.valueOf(Rqty)): null

2018-05-23 10:01:08 - [TEST_STEP][PASSED] - Statement - Break: null

2018-05-23 10:01:08 - [TEST_STEP][PASSED] - Statement - batchlength = new com.kms.katalon.core.testobject.TestObject(): null

2018-05-23 10:01:08 - [TEST_STEP][PASSED] - Statement - batchlength = com.kms.katalon.core.webui.keyword.WebUiBuiltInKeywords.modifyObjectProperty(batchlength, "xpath", "equals", "//*[@id = "fldvendor" + row + ""]", true): Modify property of object successfully

2018-05-23 10:01:08 - [MESSAGE][PASSED] - Modify property of object successfully

2018-05-23 10:01:08 - [TEST_STEP][PASSED] - Statement - batchsize = com.kms.katalon.core.webui.keyword.WebUiBuiltInKeywords.getNumberOfTotalOption(batchlength): 6 options of object '' counted

2018-05-23 10:01:08 - [MESSAGE][PASSED] - 6 options of object '' counted

2018-05-23 10:01:08 - [TEST_STEP][PASSED] - Statement - out.println("BatchSize : " + batchsize): null

2018-05-23 10:01:08 - [TEST_STEP][PASSED] - Statement - For ([n = 1, n <= batchsize - 1, (n++)]): null

2018-05-23 10:01:08 - [TEST_STEP][PASSED] - Statement - product = new com.kms.katalon.core.testobject.TestObject(): null

2018-05-23 10:01:08 - [TEST_STEP][PASSED] - Statement - product = com.kms.katalon.core.webui.keyword.WebUiBuiltInKeywords.modifyObjectProperty(product, "xpath", "equals", "//*[@id = "fldvendor" + row + ""]", true): Modify property of object successfully

2018-05-23 10:01:08 - [MESSAGE][PASSED] - Modify property of object successfully

2018-05-23 10:01:08 - [TEST_STEP][PASSED] - selectOptionByIndex: All options with index in [1] are selected on object ''

2018-05-23 10:01:08 - [MESSAGE][PASSED] - All options with index in [1] are selected on object ''

2018-05-23 10:01:08 - [TEST_STEP][PASSED] - Statement - batch = new com.kms.katalon.core.testobject.TestObject(): null

2018-05-23 10:01:08 - [TEST_STEP][PASSED] - Statement - batch = com.kms.katalon.core.webui.keyword.WebUiBuiltInKeywords.modifyObjectProperty(batch, "xpath", "equals", "//*[@id = "txtbthqty" + row + ""]", true): Modify property of object successfully

2018-05-23 10:01:08 - [MESSAGE][PASSED] - Modify property of object successfully

2018-05-23 10:01:08 - [TEST_STEP][PASSED] - Statement - batchqty = com.kms.katalon.core.webui.keyword.WebUiBuiltInKeywords.getAttribute(batch, "value").trim(): Attribute 'value' of object '' is: '38500'

2018-05-23 10:01:08 - [MESSAGE][PASSED] - Attribute 'value' of object '' is: '38500'

2018-05-23 10:01:08 - [TEST_STEP][PASSED] - Statement - Rqty = 100: null

2018-05-23 10:01:08 - [TEST_STEP][PASSED] - delay: Delayed 2 second(s)

2018-05-23 10:01:10 - [MESSAGE][PASSED] - Delayed 2 second(s)

2018-05-23 10:01:10 - [TEST_STEP][PASSED] - Statement - out.println("BatchQty : " + batchqty): null

2018-05-23 10:01:10 - [TEST_STEP][PASSED] - Statement - out.println("RQty : " + Rqty): null

2018-05-23 10:01:10 - [TEST_STEP][PASSED] - Statement - If (java.lang.Integer.valueOf(batchqty) >= java.lang.Integer.valueOf(Rqty)): null

2018-05-23 10:01:10 - [TEST_STEP][PASSED] - Statement - Break: null

2018-05-23 10:01:10 - [TEST_STEP][PASSED] - Statement - batchlength = new com.kms.katalon.core.testobject.TestObject(): null

2018-05-23 10:01:10 - [TEST_STEP][PASSED] - Statement - batchlength = com.kms.katalon.core.webui.keyword.WebUiBuiltInKeywords.modifyObjectProperty(batchlength, "xpath", "equals", "//*[@id = "fldvendor" + row + ""]", true): Modify property of object successfully

2018-05-23 10:01:10 - [MESSAGE][PASSED] - Modify property of object successfully

2018-05-23 10:01:10 - [TEST_STEP][PASSED] - Statement - batchsize = com.kms.katalon.core.webui.keyword.WebUiBuiltInKeywords.getNumberOfTotalOption(batchlength): 6 options of object '' counted

2018-05-23 10:01:10 - [MESSAGE][PASSED] - 6 options of object '' counted

2018-05-23 10:01:10 - [TEST_STEP][PASSED] - Statement - out.println("BatchSize : " + batchsize): null

2018-05-23 10:01:10 - [TEST_STEP][PASSED] - Statement - For ([n = 1, n <= batchsize - 1, (n++)]): null

2018-05-23 10:01:10 - [TEST_STEP][PASSED] - Statement - product = new com.kms.katalon.core.testobject.TestObject(): null

2018-05-23 10:01:10 - [TEST_STEP][PASSED] - Statement - product = com.kms.katalon.core.webui.keyword.WebUiBuiltInKeywords.modifyObjectProperty(product, "xpath", "equals", "//*[@id = "fldvendor" + row + ""]", true): Modify property of object successfully

2018-05-23 10:01:10 - [MESSAGE][PASSED] - Modify property of object successfully

2018-05-23 10:01:10 - [TEST_STEP][PASSED] - selectOptionByIndex: All options with index in [1] are selected on object ''

2018-05-23 10:01:11 - [MESSAGE][PASSED] - All options with index in [1] are selected on object ''

2018-05-23 10:01:11 - [TEST_STEP][PASSED] - Statement - batch = new com.kms.katalon.core.testobject.TestObject(): null

2018-05-23 10:01:11 - [TEST_STEP][PASSED] - Statement - batch = com.kms.katalon.core.webui.keyword.WebUiBuiltInKeywords.modifyObjectProperty(batch, "xpath", "equals", "//*[@id = "txtbthqty" + row + ""]", true): Modify property of object successfully

2018-05-23 10:01:11 - [MESSAGE][PASSED] - Modify property of object successfully

2018-05-23 10:01:11 - [TEST_STEP][PASSED] - Statement - batchqty = com.kms.katalon.core.webui.keyword.WebUiBuiltInKeywords.getAttribute(batch, "value").trim(): Attribute 'value' of object '' is: '4600'

2018-05-23 10:01:11 - [MESSAGE][PASSED] - Attribute 'value' of object '' is: '4600'

2018-05-23 10:01:11 - [TEST_STEP][PASSED] - Statement - Rqty = 100: null

2018-05-23 10:01:11 - [TEST_STEP][PASSED] - delay: Delayed 2 second(s)

2018-05-23 10:01:13 - [MESSAGE][PASSED] - Delayed 2 second(s)

2018-05-23 10:01:13 - [TEST_STEP][PASSED] - Statement - out.println("BatchQty : " + batchqty): null

2018-05-23 10:01:13 - [TEST_STEP][PASSED] - Statement - out.println("RQty : " + Rqty): null

2018-05-23 10:01:13 - [TEST_STEP][PASSED] - Statement - If (java.lang.Integer.valueOf(batchqty) >= java.lang.Integer.valueOf(Rqty)): null

2018-05-23 10:01:13 - [TEST_STEP][PASSED] - Statement - Break: null

2018-05-23 10:01:13 - [TEST_STEP][PASSED] - Statement - batchlength = new com.kms.katalon.core.testobject.TestObject(): null

2018-05-23 10:01:13 - [TEST_STEP][PASSED] - Statement - batchlength = com.kms.katalon.core.webui.keyword.WebUiBuiltInKeywords.modifyObjectProperty(batchlength, "xpath", "equals", "//*[@id = "fldvendor" + row + ""]", true): Modify property of object successfully

2018-05-23 10:01:13 - [MESSAGE][PASSED] - Modify property of object successfully

2018-05-23 10:01:13 - [TEST_STEP][PASSED] - Statement - batchsize = com.kms.katalon.core.webui.keyword.WebUiBuiltInKeywords.getNumberOfTotalOption(batchlength): 6 options of object '' counted

2018-05-23 10:01:13 - [MESSAGE][PASSED] - 6 options of object '' counted

2018-05-23 10:01:13 - [TEST_STEP][PASSED] - Statement - out.println("BatchSize : " + batchsize): null

2018-05-23 10:01:13 - [TEST_STEP][PASSED] - Statement - For ([n = 1, n <= batchsize - 1, (n++)]): null

2018-05-23 10:01:13 - [TEST_STEP][PASSED] - Statement - product = new com.kms.katalon.core.testobject.TestObject(): null

2018-05-23 10:01:13 - [TEST_STEP][PASSED] - Statement - product = com.kms.katalon.core.webui.keyword.WebUiBuiltInKeywords.modifyObjectProperty(product, "xpath", "equals", "//*[@id = "fldvendor" + row + ""]", true): Modify property of object successfully

2018-05-23 10:01:13 - [MESSAGE][PASSED] - Modify property of object successfully

2018-05-23 10:01:13 - [TEST_STEP][PASSED] - selectOptionByIndex: All options with index in [1] are selected on object ''

2018-05-23 10:01:13 - [MESSAGE][PASSED] - All options with index in [1] are selected on object ''

2018-05-23 10:01:13 - [TEST_STEP][PASSED] - Statement - batch = new com.kms.katalon.core.testobject.TestObject(): null

2018-05-23 10:01:13 - [TEST_STEP][PASSED] - Statement - batch = com.kms.katalon.core.webui.keyword.WebUiBuiltInKeywords.modifyObjectProperty(batch, "xpath", "equals", "//*[@id = "txtbthqty" + row + ""]", true): Modify property of object successfully

2018-05-23 10:01:13 - [MESSAGE][PASSED] - Modify property of object successfully

2018-05-23 10:01:13 - [TEST_STEP][PASSED] - Statement - batchqty = com.kms.katalon.core.webui.keyword.WebUiBuiltInKeywords.getAttribute(batch, "value").trim(): Attribute 'value' of object '' is: '4600'

2018-05-23 10:01:13 - [MESSAGE][PASSED] - Attribute 'value' of object '' is: '4600'

2018-05-23 10:01:13 - [TEST_STEP][PASSED] - Statement - Rqty = 100: null

2018-05-23 10:01:13 - [TEST_STEP][PASSED] - delay: Delayed 2 second(s)

2018-05-23 10:01:15 - [MESSAGE][PASSED] - Delayed 2 second(s)

2018-05-23 10:01:15 - [TEST_STEP][PASSED] - Statement - out.println("BatchQty : " + batchqty): null

2018-05-23 10:01:15 - [TEST_STEP][PASSED] - Statement - out.println("RQty : " + Rqty): null

2018-05-23 10:01:15 - [TEST_STEP][PASSED] - Statement - If (java.lang.Integer.valueOf(batchqty) >= java.lang.Integer.valueOf(Rqty)): null

2018-05-23 10:01:15 - [TEST_STEP][PASSED] - Statement - Break: null

2018-05-23 10:01:15 - [TEST_STEP][PASSED] - Statement - batchlength = new com.kms.katalon.core.testobject.TestObject(): null

2018-05-23 10:01:15 - [TEST_STEP][PASSED] - Statement - batchlength = com.kms.katalon.core.webui.keyword.WebUiBuiltInKeywords.modifyObjectProperty(batchlength, "xpath", "equals", "//*[@id = "fldvendor" + row + ""]", true): Modify property of object successfully

2018-05-23 10:01:15 - [MESSAGE][PASSED] - Modify property of object successfully

2018-05-23 10:01:15 - [TEST_STEP][PASSED] - Statement - batchsize = com.kms.katalon.core.webui.keyword.WebUiBuiltInKeywords.getNumberOfTotalOption(batchlength): 6 options of object '' counted

2018-05-23 10:01:15 - [MESSAGE][PASSED] - 6 options of object '' counted

2018-05-23 10:01:15 - [TEST_STEP][PASSED] - Statement - out.println("BatchSize : " + batchsize): null

2018-05-23 10:01:15 - [TEST_STEP][PASSED] - Statement - For ([n = 1, n <= batchsize - 1, (n++)]): null

2018-05-23 10:01:15 - [TEST_STEP][PASSED] - Statement - product = new com.kms.katalon.core.testobject.TestObject(): null

2018-05-23 10:01:15 - [TEST_STEP][PASSED] - Statement - product = com.kms.katalon.core.webui.keyword.WebUiBuiltInKeywords.modifyObjectProperty(product, "xpath", "equals", "//*[@id = "fldvendor" + row + ""]", true): Modify property of object successfully

2018-05-23 10:01:15 - [MESSAGE][PASSED] - Modify property of object successfully

2018-05-23 10:01:15 - [TEST_STEP][PASSED] - selectOptionByIndex: All options with index in [1] are selected on object ''

2018-05-23 10:01:15 - [MESSAGE][PASSED] - All options with index in [1] are selected on object ''

2018-05-23 10:01:15 - [TEST_STEP][PASSED] - Statement - batch = new com.kms.katalon.core.testobject.TestObject(): null

2018-05-23 10:01:15 - [TEST_STEP][PASSED] - Statement - batch = com.kms.katalon.core.webui.keyword.WebUiBuiltInKeywords.modifyObjectProperty(batch, "xpath", "equals", "//*[@id = "txtbthqty" + row + ""]", true): Modify property of object successfully

2018-05-23 10:01:15 - [MESSAGE][PASSED] - Modify property of object successfully

2018-05-23 10:01:15 - [TEST_STEP][PASSED] - Statement - batchqty = com.kms.katalon.core.webui.keyword.WebUiBuiltInKeywords.getAttribute(batch, "value").trim(): Attribute 'value' of object '' is: '38500'

2018-05-23 10:01:15 - [MESSAGE][PASSED] - Attribute 'value' of object '' is: '38500'

2018-05-23 10:01:15 - [TEST_STEP][PASSED] - Statement - Rqty = 100: null

2018-05-23 10:01:15 - [TEST_STEP][PASSED] - delay: Delayed 2 second(s)

2018-05-23 10:01:17 - [MESSAGE][PASSED] - Delayed 2 second(s)

2018-05-23 10:01:17 - [TEST_STEP][PASSED] - Statement - out.println("BatchQty : " + batchqty): null

2018-05-23 10:01:17 - [TEST_STEP][PASSED] - Statement - out.println("RQty : " + Rqty): null

2018-05-23 10:01:17 - [TEST_STEP][PASSED] - Statement - If (java.lang.Integer.valueOf(batchqty) >= java.lang.Integer.valueOf(Rqty)): null

2018-05-23 10:01:17 - [TEST_STEP][PASSED] - Statement - Break: null

2018-05-23 10:01:17 - [TEST_STEP][PASSED] - Statement - batchlength = new com.kms.katalon.core.testobject.TestObject(): null

2018-05-23 10:01:17 - [TEST_STEP][PASSED] - Statement - batchlength = com.kms.katalon.core.webui.keyword.WebUiBuiltInKeywords.modifyObjectProperty(batchlength, "xpath", "equals", "//*[@id = "fldvendor" + row + ""]", true): Modify property of object successfully

2018-05-23 10:01:17 - [MESSAGE][PASSED] - Modify property of object successfully

2018-05-23 10:01:17 - [TEST_STEP][PASSED] - Statement - batchsize = com.kms.katalon.core.webui.keyword.WebUiBuiltInKeywords.getNumberOfTotalOption(batchlength): 6 options of object '' counted

2018-05-23 10:01:17 - [MESSAGE][PASSED] - 6 options of object '' counted

2018-05-23 10:01:17 - [TEST_STEP][PASSED] - Statement - out.println("BatchSize : " + batchsize): null

2018-05-23 10:01:17 - [TEST_STEP][PASSED] - Statement - For ([n = 1, n <= batchsize - 1, (n++)]): null

2018-05-23 10:01:17 - [TEST_STEP][PASSED] - Statement - product = new com.kms.katalon.core.testobject.TestObject(): null

2018-05-23 10:01:17 - [TEST_STEP][PASSED] - Statement - product = com.kms.katalon.core.webui.keyword.WebUiBuiltInKeywords.modifyObjectProperty(product, "xpath", "equals", "//*[@id = "fldvendor" + row + ""]", true): Modify property of object successfully

2018-05-23 10:01:17 - [MESSAGE][PASSED] - Modify property of object successfully

2018-05-23 10:01:17 - [TEST_STEP][PASSED] - selectOptionByIndex: All options with index in [1] are selected on object ''

2018-05-23 10:01:17 - [MESSAGE][PASSED] - All options with index in [1] are selected on object ''

2018-05-23 10:01:17 - [TEST_STEP][PASSED] - Statement - batch = new com.kms.katalon.core.testobject.TestObject(): null

2018-05-23 10:01:17 - [TEST_STEP][PASSED] - Statement - batch = com.kms.katalon.core.webui.keyword.WebUiBuiltInKeywords.modifyObjectProperty(batch, "xpath", "equals", "//*[@id = "txtbthqty" + row + ""]", true): Modify property of object successfully

2018-05-23 10:01:17 - [MESSAGE][PASSED] - Modify property of object successfully

2018-05-23 10:01:17 - [TEST_STEP][PASSED] - Statement - batchqty = com.kms.katalon.core.webui.keyword.WebUiBuiltInKeywords.getAttribute(batch, "value").trim(): Attribute 'value' of object '' is: '3600'

2018-05-23 10:01:18 - [MESSAGE][PASSED] - Attribute 'value' of object '' is: '3600'

2018-05-23 10:01:18 - [TEST_STEP][PASSED] - Statement - Rqty = 100: null

2018-05-23 10:01:18 - [TEST_STEP][PASSED] - delay: Delayed 2 second(s)

2018-05-23 10:01:20 - [MESSAGE][PASSED] - Delayed 2 second(s)

2018-05-23 10:01:20 - [TEST_STEP][PASSED] - Statement - out.println("BatchQty : " + batchqty): null

2018-05-23 10:01:20 - [TEST_STEP][PASSED] - Statement - out.println("RQty : " + Rqty): null

2018-05-23 10:01:20 - [TEST_STEP][PASSED] - Statement - If (java.lang.Integer.valueOf(batchqty) >= java.lang.Integer.valueOf(Rqty)): null

2018-05-23 10:01:20 - [TEST_STEP][PASSED] - Statement - Break: null

2018-05-23 10:01:20 - [TEST_STEP][PASSED] - Statement - batchlength = new com.kms.katalon.core.testobject.TestObject(): null

2018-05-23 10:01:20 - [TEST_STEP][PASSED] - Statement - batchlength = com.kms.katalon.core.webui.keyword.WebUiBuiltInKeywords.modifyObjectProperty(batchlength, "xpath", "equals", "//*[@id = "fldvendor" + row + ""]", true): Modify property of object successfully

2018-05-23 10:01:20 - [MESSAGE][PASSED] - Modify property of object successfully

2018-05-23 10:01:20 - [TEST_STEP][PASSED] - Statement - batchsize = com.kms.katalon.core.webui.keyword.WebUiBuiltInKeywords.getNumberOfTotalOption(batchlength): 6 options of object '' counted

2018-05-23 10:01:20 - [MESSAGE][PASSED] - 6 options of object '' counted

2018-05-23 10:01:20 - [TEST_STEP][PASSED] - Statement - out.println("BatchSize : " + batchsize): null

2018-05-23 10:01:20 - [TEST_STEP][PASSED] - Statement - For ([n = 1, n <= batchsize - 1, (n++)]): null

2018-05-23 10:01:20 - [TEST_STEP][PASSED] - Statement - product = new com.kms.katalon.core.testobject.TestObject(): null

2018-05-23 10:01:20 - [TEST_STEP][PASSED] - Statement - product = com.kms.katalon.core.webui.keyword.WebUiBuiltInKeywords.modifyObjectProperty(product, "xpath", "equals", "//*[@id = "fldvendor" + row + ""]", true): Modify property of object successfully

2018-05-23 10:01:20 - [MESSAGE][PASSED] - Modify property of object successfully

2018-05-23 10:01:20 - [TEST_STEP][PASSED] - selectOptionByIndex: All options with index in [1] are selected on object ''

2018-05-23 10:01:20 - [MESSAGE][PASSED] - All options with index in [1] are selected on object ''

2018-05-23 10:01:20 - [TEST_STEP][PASSED] - Statement - batch = new com.kms.katalon.core.testobject.TestObject(): null

2018-05-23 10:01:20 - [TEST_STEP][PASSED] - Statement - batch = com.kms.katalon.core.webui.keyword.WebUiBuiltInKeywords.modifyObjectProperty(batch, "xpath", "equals", "//*[@id = "txtbthqty" + row + ""]", true): Modify property of object successfully

2018-05-23 10:01:20 - [MESSAGE][PASSED] - Modify property of object successfully

2018-05-23 10:01:20 - [TEST_STEP][PASSED] - Statement - batchqty = com.kms.katalon.core.webui.keyword.WebUiBuiltInKeywords.getAttribute(batch, "value").trim(): Attribute 'value' of object '' is: '4600'

2018-05-23 10:01:20 - [MESSAGE][PASSED] - Attribute 'value' of object '' is: '4600'

2018-05-23 10:01:20 - [TEST_STEP][PASSED] - Statement - Rqty = 100: null

2018-05-23 10:01:20 - [TEST_STEP][PASSED] - delay: Delayed 2 second(s)

2018-05-23 10:01:22 - [MESSAGE][PASSED] - Delayed 2 second(s)

2018-05-23 10:01:22 - [TEST_STEP][PASSED] - Statement - out.println("BatchQty : " + batchqty): null

2018-05-23 10:01:22 - [TEST_STEP][PASSED] - Statement - out.println("RQty : " + Rqty): null

2018-05-23 10:01:22 - [TEST_STEP][PASSED] - Statement - If (java.lang.Integer.valueOf(batchqty) >= java.lang.Integer.valueOf(Rqty)): null

2018-05-23 10:01:22 - [TEST_STEP][PASSED] - Statement - Break: null

2018-05-23 10:01:22 - [TEST_STEP][PASSED] - Statement - batchlength = new com.kms.katalon.core.testobject.TestObject(): null

2018-05-23 10:01:22 - [TEST_STEP][PASSED] - Statement - batchlength = com.kms.katalon.core.webui.keyword.WebUiBuiltInKeywords.modifyObjectProperty(batchlength, "xpath", "equals", "//*[@id = "fldvendor" + row + ""]", true): Modify property of object successfully

2018-05-23 10:01:22 - [MESSAGE][PASSED] - Modify property of object successfully

2018-05-23 10:01:22 - [TEST_STEP][PASSED] - Statement - batchsize = com.kms.katalon.core.webui.keyword.WebUiBuiltInKeywords.getNumberOfTotalOption(batchlength): 6 options of object '' counted

2018-05-23 10:01:22 - [MESSAGE][PASSED] - 6 options of object '' counted

2018-05-23 10:01:22 - [TEST_STEP][PASSED] - Statement - out.println("BatchSize : " + batchsize): null

2018-05-23 10:01:22 - [TEST_STEP][PASSED] - Statement - For ([n = 1, n <= batchsize - 1, (n++)]): null

2018-05-23 10:01:22 - [TEST_STEP][PASSED] - Statement - product = new com.kms.katalon.core.testobject.TestObject(): null

2018-05-23 10:01:22 - [TEST_STEP][PASSED] - Statement - product = com.kms.katalon.core.webui.keyword.WebUiBuiltInKeywords.modifyObjectProperty(product, "xpath", "equals", "//*[@id = "fldvendor" + row + ""]", true): Modify property of object successfully

2018-05-23 10:01:22 - [MESSAGE][PASSED] - Modify property of object successfully

2018-05-23 10:01:22 - [TEST_STEP][PASSED] - selectOptionByIndex: All options with index in [1] are selected on object ''

2018-05-23 10:01:22 - [MESSAGE][PASSED] - All options with index in [1] are selected on object ''

2018-05-23 10:01:22 - [TEST_STEP][PASSED] - Statement - batch = new com.kms.katalon.core.testobject.TestObject(): null

2018-05-23 10:01:22 - [TEST_STEP][PASSED] - Statement - batch = com.kms.katalon.core.webui.keyword.WebUiBuiltInKeywords.modifyObjectProperty(batch, "xpath", "equals", "//*[@id = "txtbthqty" + row + ""]", true): Modify property of object successfully

2018-05-23 10:01:22 - [MESSAGE][PASSED] - Modify property of object successfully

2018-05-23 10:01:22 - [TEST_STEP][PASSED] - Statement - batchqty = com.kms.katalon.core.webui.keyword.WebUiBuiltInKeywords.getAttribute(batch, "value").trim(): Attribute 'value' of object '' is: '4600'

2018-05-23 10:01:22 - [MESSAGE][PASSED] - Attribute 'value' of object '' is: '4600'

2018-05-23 10:01:22 - [TEST_STEP][PASSED] - Statement - Rqty = 100: null

2018-05-23 10:01:22 - [TEST_STEP][PASSED] - delay: Delayed 2 second(s)

2018-05-23 10:01:24 - [MESSAGE][PASSED] - Delayed 2 second(s)

2018-05-23 10:01:24 - [TEST_STEP][PASSED] - Statement - out.println("BatchQty : " + batchqty): null

2018-05-23 10:01:24 - [TEST_STEP][PASSED] - Statement - out.println("RQty : " + Rqty): null

2018-05-23 10:01:24 - [TEST_STEP][PASSED] - Statement - If (java.lang.Integer.valueOf(batchqty) >= java.lang.Integer.valueOf(Rqty)): null

2018-05-23 10:01:24 - [TEST_STEP][PASSED] - Statement - Break: null

2018-05-23 10:01:24 - [TEST_STEP][PASSED] - Statement - batchlength = new com.kms.katalon.core.testobject.TestObject(): null

2018-05-23 10:01:24 - [TEST_STEP][PASSED] - Statement - batchlength = com.kms.katalon.core.webui.keyword.WebUiBuiltInKeywords.modifyObjectProperty(batchlength, "xpath", "equals", "//*[@id = "fldvendor" + row + ""]", true): Modify property of object successfully

2018-05-23 10:01:24 - [MESSAGE][PASSED] - Modify property of object successfully

2018-05-23 10:01:24 - [TEST_STEP][PASSED] - Statement - batchsize = com.kms.katalon.core.webui.keyword.WebUiBuiltInKeywords.getNumberOfTotalOption(batchlength): 6 options of object '' counted

2018-05-23 10:01:24 - [MESSAGE][PASSED] - 6 options of object '' counted

2018-05-23 10:01:24 - [TEST_STEP][PASSED] - Statement - out.println("BatchSize : " + batchsize): null

2018-05-23 10:01:24 - [TEST_STEP][PASSED] - Statement - For ([n = 1, n <= batchsize - 1, (n++)]): null

2018-05-23 10:01:24 - [TEST_STEP][PASSED] - Statement - product = new com.kms.katalon.core.testobject.TestObject(): null

2018-05-23 10:01:24 - [TEST_STEP][PASSED] - Statement - product = com.kms.katalon.core.webui.keyword.WebUiBuiltInKeywords.modifyObjectProperty(product, "xpath", "equals", "//*[@id = "fldvendor" + row + ""]", true): Modify property of object successfully

2018-05-23 10:01:24 - [MESSAGE][PASSED] - Modify property of object successfully

2018-05-23 10:01:24 - [TEST_STEP][PASSED] - selectOptionByIndex: All options with index in [1] are selected on object ''

2018-05-23 10:01:24 - [MESSAGE][PASSED] - All options with index in [1] are selected on object ''

2018-05-23 10:01:24 - [TEST_STEP][PASSED] - Statement - batch = new com.kms.katalon.core.testobject.TestObject(): null

2018-05-23 10:01:24 - [TEST_STEP][PASSED] - Statement - batch = com.kms.katalon.core.webui.keyword.WebUiBuiltInKeywords.modifyObjectProperty(batch, "xpath", "equals", "//*[@id = "txtbthqty" + row + ""]", true): Modify property of object successfully

2018-05-23 10:01:24 - [MESSAGE][PASSED] - Modify property of object successfully

2018-05-23 10:01:24 - [TEST_STEP][PASSED] - Statement - batchqty = com.kms.katalon.core.webui.keyword.WebUiBuiltInKeywords.getAttribute(batch, "value").trim(): Attribute 'value' of object '' is: '38500'

2018-05-23 10:01:24 - [MESSAGE][PASSED] - Attribute 'value' of object '' is: '38500'

2018-05-23 10:01:24 - [TEST_STEP][PASSED] - Statement - Rqty = 100: null

2018-05-23 10:01:24 - [TEST_STEP][PASSED] - delay: Delayed 2 second(s)

2018-05-23 10:01:26 - [MESSAGE][PASSED] - Delayed 2 second(s)

2018-05-23 10:01:26 - [TEST_STEP][PASSED] - Statement - out.println("BatchQty : " + batchqty): null

2018-05-23 10:01:26 - [TEST_STEP][PASSED] - Statement - out.println("RQty : " + Rqty): null

2018-05-23 10:01:26 - [TEST_STEP][PASSED] - Statement - If (java.lang.Integer.valueOf(batchqty) >= java.lang.Integer.valueOf(Rqty)): null

2018-05-23 10:01:26 - [TEST_STEP][PASSED] - Statement - Break: null

2018-05-23 10:01:26 - [TEST_STEP][PASSED] - click: Object: 'Object Repository/store Request Schedule 1/Page_KDMC - CMS/input_btndispatch' is clicked on

2018-05-23 10:01:27 - [MESSAGE][PASSED] - Object: 'Object Repository/store Request Schedule 1/Page_KDMC - CMS/input_btndispatch' is clicked on

2018-05-23 10:01:27 - [TEST_STEP][PASSED] - delay: Delayed 3 second(s)

2018-05-23 10:01:30 - [MESSAGE][PASSED] - Delayed 3 second(s)

2018-05-23 10:01:30 - [TEST_STEP][PASSED] - click: Object: 'Object Repository/store Request Schedule 1/Page_KDMC - CMS/button_OK' is clicked on

2018-05-23 10:01:30 - [MESSAGE][PASSED] - Object: 'Object Repository/store Request Schedule 1/Page_KDMC - CMS/button_OK' is clicked on

2018-05-23 10:01:30 - [TEST_STEP][PASSED] - delay: Delayed 3 second(s)

2018-05-23 10:01:33 - [MESSAGE][PASSED] - Delayed 3 second(s)

2018-05-23 10:01:33 - [TEST_STEP][PASSED] - click: Object: 'Object Repository/store Request Schedule 1/Page_KDMC - CMS/a_dropdown-toggle' is clicked on

2018-05-23 10:01:33 - [MESSAGE][PASSED] - Object: 'Object Repository/store Request Schedule 1/Page_KDMC - CMS/a_dropdown-toggle' is clicked on

2018-05-23 10:01:33 - [TEST_STEP][PASSED] - click: Object: 'Object Repository/store Request Schedule 1/Page_KDMC - CMS/a_Sign out' is clicked on

2018-05-23 10:01:34 - [MESSAGE][PASSED] - Object: 'Object Repository/store Request Schedule 1/Page_KDMC - CMS/a_Sign out' is clicked on

2018-05-23 10:01:34 - [TEST_STEP][PASSED] - delay: Delayed 3 second(s)

2018-05-23 10:01:37 - [MESSAGE][PASSED] - Delayed 3 second(s)

2018-05-23 10:01:37 - [TEST_STEP][PASSED] - click: Object: 'Object Repository/Store Request Schedule 1/Page_KDMC/a_Divisional Store' is clicked on

2018-05-23 10:01:37 - [MESSAGE][PASSED] - Object: 'Object Repository/Store Request Schedule 1/Page_KDMC/a_Divisional Store' is clicked on

2018-05-23 10:01:37 - [TEST_STEP][PASSED] - setText: Text 'ragu' is set on object 'Object Repository/Store Request Schedule 1/Page_Divisonal Store Login/input_txtusername'

2018-05-23 10:01:38 - [MESSAGE][PASSED] - Text 'ragu' is set on object 'Object Repository/Store Request Schedule 1/Page_Divisonal Store Login/input_txtusername'

2018-05-23 10:01:38 - [TEST_STEP][PASSED] - setText: Text '123' is set on object 'Object Repository/Store Request Schedule 1/Page_Divisonal Store Login/input_txtpassword'

2018-05-23 10:01:38 - [MESSAGE][PASSED] - Text '123' is set on object 'Object Repository/Store Request Schedule 1/Page_Divisonal Store Login/input_txtpassword'

2018-05-23 10:01:38 - [TEST_STEP][PASSED] - delay: Delayed 3 second(s)

2018-05-23 10:01:41 - [MESSAGE][PASSED] - Delayed 3 second(s)

2018-05-23 10:01:41 - [TEST_STEP][PASSED] - click: Object: 'Object Repository/Store Request Schedule 1/Page_Divisonal Store Login/button_Sign in' is clicked on

2018-05-23 10:01:42 - [MESSAGE][PASSED] - Object: 'Object Repository/Store Request Schedule 1/Page_Divisonal Store Login/button_Sign in' is clicked on

2018-05-23 10:01:42 - [TEST_STEP][PASSED] - delay: Delayed 3 second(s)

2018-05-23 10:01:45 - [MESSAGE][PASSED] - Delayed 3 second(s)

2018-05-23 10:01:45 - [TEST_STEP][PASSED] - click: Object: 'Object Repository/Store Request Schedule 1/Page_Store/a_CMS' is clicked on

2018-05-23 10:01:45 - [MESSAGE][PASSED] - Object: 'Object Repository/Store Request Schedule 1/Page_Store/a_CMS' is clicked on

2018-05-23 10:01:45 - [TEST_STEP][PASSED] - delay: Delayed 2 second(s)

2018-05-23 10:01:47 - [MESSAGE][PASSED] - Delayed 2 second(s)

2018-05-23 10:01:47 - [TEST_STEP][PASSED] - click: Object: 'Object Repository/Store Request Schedule 1/Page_Store/a_Receiving Goods' is clicked on

2018-05-23 10:01:48 - [MESSAGE][PASSED] - Object: 'Object Repository/Store Request Schedule 1/Page_Store/a_Receiving Goods' is clicked on

2018-05-23 10:01:48 - [TEST_STEP][PASSED] - setText: Text 'PRNO/23052018/353' is set on object 'Object Repository/Store Request Schedule 1/Page_Store/input'

2018-05-23 10:01:48 - [MESSAGE][PASSED] - Text 'PRNO/23052018/353' is set on object 'Object Repository/Store Request Schedule 1/Page_Store/input'

2018-05-23 10:01:48 - [TEST_STEP][PASSED] - click: Object: 'Object Repository/Store Request Schedule 1/Page_Store/input_btn btn-primary' is clicked on

2018-05-23 10:01:48 - [MESSAGE][PASSED] - Object: 'Object Repository/Store Request Schedule 1/Page_Store/input_btn btn-primary' is clicked on

2018-05-23 10:01:48 - [TEST_STEP][PASSED] - delay: Delayed 2 second(s)

2018-05-23 10:01:50 - [MESSAGE][PASSED] - Delayed 2 second(s)

2018-05-23 10:01:50 - [TEST_STEP][PASSED] - click: Object: 'Object Repository/Store Request Schedule 1/Page_Store/input_chkrem' is clicked on

2018-05-23 10:01:50 - [MESSAGE][PASSED] - Object: 'Object Repository/Store Request Schedule 1/Page_Store/input_chkrem' is clicked on

2018-05-23 10:01:50 - [TEST_STEP][PASSED] - scrollToElement: Scroll to object 'Object Repository/Store Request Schedule 1/Page_Store/input_btchkroqadd' successfully

2018-05-23 10:01:51 - [MESSAGE][PASSED] - Scroll to object 'Object Repository/Store Request Schedule 1/Page_Store/input_btchkroqadd' successfully

2018-05-23 10:01:51 - [TEST_STEP][PASSED] - click: Object: 'Object Repository/Store Request Schedule 1/Page_Store/input_btchkroqadd' is clicked on

2018-05-23 10:01:51 - [MESSAGE][PASSED] - Object: 'Object Repository/Store Request Schedule 1/Page_Store/input_btchkroqadd' is clicked on

2018-05-23 10:01:51 - [TEST_STEP][PASSED] - delay: Delayed 2 second(s)

2018-05-23 10:01:53 - [MESSAGE][PASSED] - Delayed 2 second(s)

2018-05-23 10:01:53 - [TEST_STEP][PASSED] - refresh: Refresh successfully

2018-05-23 10:01:53 - [MESSAGE][PASSED] - Refresh successfully

2018-05-23 10:01:53 - [TEST_STEP][PASSED] - delay: Delayed 3 second(s)

2018-05-23 10:01:56 - [MESSAGE][PASSED] - Delayed 3 second(s)

2018-05-23 10:01:56 - [TEST_STEP][PASSED] - click: Object: 'Object Repository/Store Request Schedule 1/Page_Store/a_dropdown-toggle' is clicked on

2018-05-23 10:01:56 - [MESSAGE][PASSED] - Object: 'Object Repository/Store Request Schedule 1/Page_Store/a_dropdown-toggle' is clicked on

2018-05-23 10:01:56 - [TEST_STEP][PASSED] - click: Object: 'Object Repository/Store Request Schedule 1/Page_Store/a_Sign out' is clicked on

2018-05-23 10:01:57 - [MESSAGE][PASSED] - Object: 'Object Repository/Store Request Schedule 1/Page_Store/a_Sign out' is clicked on

2018-05-23 10:01:57 - [TEST_STEP][PASSED] - closeBrowser: Browser is closed

2018-05-23 10:01:57 - [MESSAGE][PASSED] - Browser is closed

2018-05-23 10:01:57 - [TEST_STEP][PASSED] - Statement - out.println("Schedule 3 Store Request Are Working Successfully"): null]]></system-out>
         <system-err><![CDATA[]]></system-err>
      </testcase>
      <testcase name="Test Cases/STORE TO CMS REQUEST TEST CASES/TC_STCMS_004 To Verify Schedule 4 Store To CMS Request Are Working Successfully Or Not" classname="Test Cases/STORE TO CMS REQUEST TEST CASES/TC_STCMS_004 To Verify Schedule 4 Store To CMS Request Are Working Successfully Or Not" status="PASSED">
         <system-out><![CDATA[2018-05-23 10:01:58 - [TEST_CASE][PASSED] - Test Cases/STORE TO CMS REQUEST TEST CASES/TC_STCMS_004 To Verify Schedule 4 Store To CMS Request Are Working Successfully Or Not: Test Cases/STORE TO CMS REQUEST TEST CASES/TC_STCMS_004 To Verify Schedule 4 Store To CMS Request Are Working Successfully Or Not

2018-05-23 10:01:58 - [TEST_STEP][PASSED] - openBrowser: Browser is opened with url: ''

2018-05-23 10:02:00 - [MESSAGE][PASSED] - Browser is opened with url: ''

2018-05-23 10:02:00 - [TEST_STEP][PASSED] - Statement - out.println("Verify Schedule 4 STORE Request Are Working Successfully Or Not"): null

2018-05-23 10:02:00 - [TEST_STEP][PASSED] - navigateToUrl: Navigate to 'http://192.168.137.1/multihospital_new/' successfully

2018-05-23 10:02:02 - [MESSAGE][PASSED] - Navigate to 'http://192.168.137.1/multihospital_new/' successfully

2018-05-23 10:02:02 - [TEST_STEP][PASSED] - maximizeWindow: Current window maximized

2018-05-23 10:02:03 - [MESSAGE][PASSED] - Current window maximized

2018-05-23 10:02:03 - [TEST_STEP][PASSED] - click: Object: 'Object Repository/Store Request Schedule 1/Page_KDMC/a_Divisional Store' is clicked on

2018-05-23 10:02:04 - [MESSAGE][PASSED] - Object: 'Object Repository/Store Request Schedule 1/Page_KDMC/a_Divisional Store' is clicked on

2018-05-23 10:02:04 - [TEST_STEP][PASSED] - setText: Text 'ragu' is set on object 'Object Repository/Store Request Schedule 1/Page_Divisonal Store Login/input_txtusername'

2018-05-23 10:02:04 - [MESSAGE][PASSED] - Text 'ragu' is set on object 'Object Repository/Store Request Schedule 1/Page_Divisonal Store Login/input_txtusername'

2018-05-23 10:02:04 - [TEST_STEP][PASSED] - setText: Text '123' is set on object 'Object Repository/Store Request Schedule 1/Page_Divisonal Store Login/input_txtpassword'

2018-05-23 10:02:04 - [MESSAGE][PASSED] - Text '123' is set on object 'Object Repository/Store Request Schedule 1/Page_Divisonal Store Login/input_txtpassword'

2018-05-23 10:02:04 - [TEST_STEP][PASSED] - delay: Delayed 3 second(s)

2018-05-23 10:02:07 - [MESSAGE][PASSED] - Delayed 3 second(s)

2018-05-23 10:02:07 - [TEST_STEP][PASSED] - click: Object: 'Object Repository/Store Request Schedule 1/Page_Divisonal Store Login/button_Sign in' is clicked on

2018-05-23 10:02:09 - [MESSAGE][PASSED] - Object: 'Object Repository/Store Request Schedule 1/Page_Divisonal Store Login/button_Sign in' is clicked on

2018-05-23 10:02:09 - [TEST_STEP][PASSED] - delay: Delayed 3 second(s)

2018-05-23 10:02:12 - [MESSAGE][PASSED] - Delayed 3 second(s)

2018-05-23 10:02:12 - [TEST_STEP][PASSED] - click: Object: 'Object Repository/Store Request Schedule 1/Page_Store/a_CMS' is clicked on

2018-05-23 10:02:12 - [MESSAGE][PASSED] - Object: 'Object Repository/Store Request Schedule 1/Page_Store/a_CMS' is clicked on

2018-05-23 10:02:12 - [TEST_STEP][PASSED] - delay: Delayed 2 second(s)

2018-05-23 10:02:14 - [MESSAGE][PASSED] - Delayed 2 second(s)

2018-05-23 10:02:14 - [TEST_STEP][PASSED] - click: Object: 'Object Repository/Store Request Schedule 1/Page_Store/a_Request Send' is clicked on

2018-05-23 10:02:15 - [MESSAGE][PASSED] - Object: 'Object Repository/Store Request Schedule 1/Page_Store/a_Request Send' is clicked on

2018-05-23 10:02:15 - [TEST_STEP][PASSED] - selectOptionByIndex: All options with index in [1] are selected on object 'Object Repository/Store Request Schedule 1/Page_Store/select_--Select--'

2018-05-23 10:02:16 - [MESSAGE][PASSED] - All options with index in [1] are selected on object 'Object Repository/Store Request Schedule 1/Page_Store/select_--Select--'

2018-05-23 10:02:16 - [TEST_STEP][PASSED] - selectOptionByIndex: All options with index in [4] are selected on object 'Object Repository/Store Request Schedule 1/Page_Store/select_--Select--Schedule 1Inj'

2018-05-23 10:02:16 - [MESSAGE][PASSED] - All options with index in [4] are selected on object 'Object Repository/Store Request Schedule 1/Page_Store/select_--Select--Schedule 1Inj'

2018-05-23 10:02:16 - [TEST_STEP][PASSED] - Statement - SelectedOptions = com.kms.katalon.core.webui.keyword.WebUiBuiltInKeywords.getNumberOfTotalOption(com.kms.katalon.core.testobject.ObjectRepository.findTestObject(Store Request Schedule 1/Page_Store/select_--Select--Adernaline 0.)): 16 options of object 'Object Repository/Store Request Schedule 1/Page_Store/select_--Select--Adernaline 0.' counted

2018-05-23 10:02:16 - [MESSAGE][PASSED] - 16 options of object 'Object Repository/Store Request Schedule 1/Page_Store/select_--Select--Adernaline 0.' counted

2018-05-23 10:02:16 - [TEST_STEP][PASSED] - Statement - For ([y = 1, y < SelectedOptions, (y++)]): Object: 'Object Repository/Store Request Schedule 1/Page_Store/button_Add' is clicked on

2018-05-23 10:02:16 - [TEST_STEP][PASSED] - selectOptionByIndex: All options with index in [4] are selected on object 'Object Repository/Store Request Schedule 1/Page_Store/select_--Select--Schedule 1Inj'

2018-05-23 10:02:16 - [MESSAGE][PASSED] - All options with index in [4] are selected on object 'Object Repository/Store Request Schedule 1/Page_Store/select_--Select--Schedule 1Inj'

2018-05-23 10:02:16 - [TEST_STEP][PASSED] - delay: Delayed 1 second(s)

2018-05-23 10:02:17 - [MESSAGE][PASSED] - Delayed 1 second(s)

2018-05-23 10:02:17 - [TEST_STEP][PASSED] - selectOptionByIndex: All options with index in [1] are selected on object 'Object Repository/Store Request Schedule 1/Page_Store/select_--Select--Adernaline 0.'

2018-05-23 10:02:17 - [MESSAGE][PASSED] - All options with index in [1] are selected on object 'Object Repository/Store Request Schedule 1/Page_Store/select_--Select--Adernaline 0.'

2018-05-23 10:02:17 - [TEST_STEP][PASSED] - setText: Text '100' is set on object 'Object Repository/Store Request Schedule 1/Page_Store/input_txttreat'

2018-05-23 10:02:17 - [MESSAGE][PASSED] - Text '100' is set on object 'Object Repository/Store Request Schedule 1/Page_Store/input_txttreat'

2018-05-23 10:02:17 - [TEST_STEP][PASSED] - click: Object: 'Object Repository/Store Request Schedule 1/Page_Store/button_Add' is clicked on

2018-05-23 10:02:17 - [MESSAGE][PASSED] - Object: 'Object Repository/Store Request Schedule 1/Page_Store/button_Add' is clicked on

2018-05-23 10:02:17 - [TEST_STEP][PASSED] - selectOptionByIndex: All options with index in [4] are selected on object 'Object Repository/Store Request Schedule 1/Page_Store/select_--Select--Schedule 1Inj'

2018-05-23 10:02:18 - [MESSAGE][PASSED] - All options with index in [4] are selected on object 'Object Repository/Store Request Schedule 1/Page_Store/select_--Select--Schedule 1Inj'

2018-05-23 10:02:18 - [TEST_STEP][PASSED] - delay: Delayed 1 second(s)

2018-05-23 10:02:19 - [MESSAGE][PASSED] - Delayed 1 second(s)

2018-05-23 10:02:19 - [TEST_STEP][PASSED] - selectOptionByIndex: All options with index in [2] are selected on object 'Object Repository/Store Request Schedule 1/Page_Store/select_--Select--Adernaline 0.'

2018-05-23 10:02:19 - [MESSAGE][PASSED] - All options with index in [2] are selected on object 'Object Repository/Store Request Schedule 1/Page_Store/select_--Select--Adernaline 0.'

2018-05-23 10:02:19 - [TEST_STEP][PASSED] - setText: Text '100' is set on object 'Object Repository/Store Request Schedule 1/Page_Store/input_txttreat'

2018-05-23 10:02:19 - [MESSAGE][PASSED] - Text '100' is set on object 'Object Repository/Store Request Schedule 1/Page_Store/input_txttreat'

2018-05-23 10:02:19 - [TEST_STEP][PASSED] - click: Object: 'Object Repository/Store Request Schedule 1/Page_Store/button_Add' is clicked on

2018-05-23 10:02:19 - [MESSAGE][PASSED] - Object: 'Object Repository/Store Request Schedule 1/Page_Store/button_Add' is clicked on

2018-05-23 10:02:19 - [TEST_STEP][PASSED] - selectOptionByIndex: All options with index in [4] are selected on object 'Object Repository/Store Request Schedule 1/Page_Store/select_--Select--Schedule 1Inj'

2018-05-23 10:02:19 - [MESSAGE][PASSED] - All options with index in [4] are selected on object 'Object Repository/Store Request Schedule 1/Page_Store/select_--Select--Schedule 1Inj'

2018-05-23 10:02:19 - [TEST_STEP][PASSED] - delay: Delayed 1 second(s)

2018-05-23 10:02:20 - [MESSAGE][PASSED] - Delayed 1 second(s)

2018-05-23 10:02:20 - [TEST_STEP][PASSED] - selectOptionByIndex: All options with index in [3] are selected on object 'Object Repository/Store Request Schedule 1/Page_Store/select_--Select--Adernaline 0.'

2018-05-23 10:02:20 - [MESSAGE][PASSED] - All options with index in [3] are selected on object 'Object Repository/Store Request Schedule 1/Page_Store/select_--Select--Adernaline 0.'

2018-05-23 10:02:20 - [TEST_STEP][PASSED] - setText: Text '100' is set on object 'Object Repository/Store Request Schedule 1/Page_Store/input_txttreat'

2018-05-23 10:02:20 - [MESSAGE][PASSED] - Text '100' is set on object 'Object Repository/Store Request Schedule 1/Page_Store/input_txttreat'

2018-05-23 10:02:20 - [TEST_STEP][PASSED] - click: Object: 'Object Repository/Store Request Schedule 1/Page_Store/button_Add' is clicked on

2018-05-23 10:02:20 - [MESSAGE][PASSED] - Object: 'Object Repository/Store Request Schedule 1/Page_Store/button_Add' is clicked on

2018-05-23 10:02:20 - [TEST_STEP][PASSED] - selectOptionByIndex: All options with index in [4] are selected on object 'Object Repository/Store Request Schedule 1/Page_Store/select_--Select--Schedule 1Inj'

2018-05-23 10:02:20 - [MESSAGE][PASSED] - All options with index in [4] are selected on object 'Object Repository/Store Request Schedule 1/Page_Store/select_--Select--Schedule 1Inj'

2018-05-23 10:02:20 - [TEST_STEP][PASSED] - delay: Delayed 1 second(s)

2018-05-23 10:02:21 - [MESSAGE][PASSED] - Delayed 1 second(s)

2018-05-23 10:02:21 - [TEST_STEP][PASSED] - selectOptionByIndex: All options with index in [4] are selected on object 'Object Repository/Store Request Schedule 1/Page_Store/select_--Select--Adernaline 0.'

2018-05-23 10:02:22 - [MESSAGE][PASSED] - All options with index in [4] are selected on object 'Object Repository/Store Request Schedule 1/Page_Store/select_--Select--Adernaline 0.'

2018-05-23 10:02:22 - [TEST_STEP][PASSED] - setText: Text '100' is set on object 'Object Repository/Store Request Schedule 1/Page_Store/input_txttreat'

2018-05-23 10:02:22 - [MESSAGE][PASSED] - Text '100' is set on object 'Object Repository/Store Request Schedule 1/Page_Store/input_txttreat'

2018-05-23 10:02:22 - [TEST_STEP][PASSED] - click: Object: 'Object Repository/Store Request Schedule 1/Page_Store/button_Add' is clicked on

2018-05-23 10:02:22 - [MESSAGE][PASSED] - Object: 'Object Repository/Store Request Schedule 1/Page_Store/button_Add' is clicked on

2018-05-23 10:02:22 - [TEST_STEP][PASSED] - selectOptionByIndex: All options with index in [4] are selected on object 'Object Repository/Store Request Schedule 1/Page_Store/select_--Select--Schedule 1Inj'

2018-05-23 10:02:22 - [MESSAGE][PASSED] - All options with index in [4] are selected on object 'Object Repository/Store Request Schedule 1/Page_Store/select_--Select--Schedule 1Inj'

2018-05-23 10:02:22 - [TEST_STEP][PASSED] - delay: Delayed 1 second(s)

2018-05-23 10:02:23 - [MESSAGE][PASSED] - Delayed 1 second(s)

2018-05-23 10:02:23 - [TEST_STEP][PASSED] - selectOptionByIndex: All options with index in [5] are selected on object 'Object Repository/Store Request Schedule 1/Page_Store/select_--Select--Adernaline 0.'

2018-05-23 10:02:23 - [MESSAGE][PASSED] - All options with index in [5] are selected on object 'Object Repository/Store Request Schedule 1/Page_Store/select_--Select--Adernaline 0.'

2018-05-23 10:02:23 - [TEST_STEP][PASSED] - setText: Text '100' is set on object 'Object Repository/Store Request Schedule 1/Page_Store/input_txttreat'

2018-05-23 10:02:23 - [MESSAGE][PASSED] - Text '100' is set on object 'Object Repository/Store Request Schedule 1/Page_Store/input_txttreat'

2018-05-23 10:02:23 - [TEST_STEP][PASSED] - click: Object: 'Object Repository/Store Request Schedule 1/Page_Store/button_Add' is clicked on

2018-05-23 10:02:23 - [MESSAGE][PASSED] - Object: 'Object Repository/Store Request Schedule 1/Page_Store/button_Add' is clicked on

2018-05-23 10:02:23 - [TEST_STEP][PASSED] - selectOptionByIndex: All options with index in [4] are selected on object 'Object Repository/Store Request Schedule 1/Page_Store/select_--Select--Schedule 1Inj'

2018-05-23 10:02:23 - [MESSAGE][PASSED] - All options with index in [4] are selected on object 'Object Repository/Store Request Schedule 1/Page_Store/select_--Select--Schedule 1Inj'

2018-05-23 10:02:23 - [TEST_STEP][PASSED] - delay: Delayed 1 second(s)

2018-05-23 10:02:24 - [MESSAGE][PASSED] - Delayed 1 second(s)

2018-05-23 10:02:24 - [TEST_STEP][PASSED] - selectOptionByIndex: All options with index in [6] are selected on object 'Object Repository/Store Request Schedule 1/Page_Store/select_--Select--Adernaline 0.'

2018-05-23 10:02:25 - [MESSAGE][PASSED] - All options with index in [6] are selected on object 'Object Repository/Store Request Schedule 1/Page_Store/select_--Select--Adernaline 0.'

2018-05-23 10:02:25 - [TEST_STEP][PASSED] - setText: Text '100' is set on object 'Object Repository/Store Request Schedule 1/Page_Store/input_txttreat'

2018-05-23 10:02:25 - [MESSAGE][PASSED] - Text '100' is set on object 'Object Repository/Store Request Schedule 1/Page_Store/input_txttreat'

2018-05-23 10:02:25 - [TEST_STEP][PASSED] - click: Object: 'Object Repository/Store Request Schedule 1/Page_Store/button_Add' is clicked on

2018-05-23 10:02:25 - [MESSAGE][PASSED] - Object: 'Object Repository/Store Request Schedule 1/Page_Store/button_Add' is clicked on

2018-05-23 10:02:25 - [TEST_STEP][PASSED] - selectOptionByIndex: All options with index in [4] are selected on object 'Object Repository/Store Request Schedule 1/Page_Store/select_--Select--Schedule 1Inj'

2018-05-23 10:02:25 - [MESSAGE][PASSED] - All options with index in [4] are selected on object 'Object Repository/Store Request Schedule 1/Page_Store/select_--Select--Schedule 1Inj'

2018-05-23 10:02:25 - [TEST_STEP][PASSED] - delay: Delayed 1 second(s)

2018-05-23 10:02:26 - [MESSAGE][PASSED] - Delayed 1 second(s)

2018-05-23 10:02:26 - [TEST_STEP][PASSED] - selectOptionByIndex: All options with index in [7] are selected on object 'Object Repository/Store Request Schedule 1/Page_Store/select_--Select--Adernaline 0.'

2018-05-23 10:02:26 - [MESSAGE][PASSED] - All options with index in [7] are selected on object 'Object Repository/Store Request Schedule 1/Page_Store/select_--Select--Adernaline 0.'

2018-05-23 10:02:26 - [TEST_STEP][PASSED] - setText: Text '100' is set on object 'Object Repository/Store Request Schedule 1/Page_Store/input_txttreat'

2018-05-23 10:02:26 - [MESSAGE][PASSED] - Text '100' is set on object 'Object Repository/Store Request Schedule 1/Page_Store/input_txttreat'

2018-05-23 10:02:26 - [TEST_STEP][PASSED] - click: Object: 'Object Repository/Store Request Schedule 1/Page_Store/button_Add' is clicked on

2018-05-23 10:02:26 - [MESSAGE][PASSED] - Object: 'Object Repository/Store Request Schedule 1/Page_Store/button_Add' is clicked on

2018-05-23 10:02:26 - [TEST_STEP][PASSED] - selectOptionByIndex: All options with index in [4] are selected on object 'Object Repository/Store Request Schedule 1/Page_Store/select_--Select--Schedule 1Inj'

2018-05-23 10:02:26 - [MESSAGE][PASSED] - All options with index in [4] are selected on object 'Object Repository/Store Request Schedule 1/Page_Store/select_--Select--Schedule 1Inj'

2018-05-23 10:02:26 - [TEST_STEP][PASSED] - delay: Delayed 1 second(s)

2018-05-23 10:02:27 - [MESSAGE][PASSED] - Delayed 1 second(s)

2018-05-23 10:02:27 - [TEST_STEP][PASSED] - selectOptionByIndex: All options with index in [8] are selected on object 'Object Repository/Store Request Schedule 1/Page_Store/select_--Select--Adernaline 0.'

2018-05-23 10:02:28 - [MESSAGE][PASSED] - All options with index in [8] are selected on object 'Object Repository/Store Request Schedule 1/Page_Store/select_--Select--Adernaline 0.'

2018-05-23 10:02:28 - [TEST_STEP][PASSED] - setText: Text '100' is set on object 'Object Repository/Store Request Schedule 1/Page_Store/input_txttreat'

2018-05-23 10:02:28 - [MESSAGE][PASSED] - Text '100' is set on object 'Object Repository/Store Request Schedule 1/Page_Store/input_txttreat'

2018-05-23 10:02:28 - [TEST_STEP][PASSED] - click: Object: 'Object Repository/Store Request Schedule 1/Page_Store/button_Add' is clicked on

2018-05-23 10:02:28 - [MESSAGE][PASSED] - Object: 'Object Repository/Store Request Schedule 1/Page_Store/button_Add' is clicked on

2018-05-23 10:02:28 - [TEST_STEP][PASSED] - selectOptionByIndex: All options with index in [4] are selected on object 'Object Repository/Store Request Schedule 1/Page_Store/select_--Select--Schedule 1Inj'

2018-05-23 10:02:28 - [MESSAGE][PASSED] - All options with index in [4] are selected on object 'Object Repository/Store Request Schedule 1/Page_Store/select_--Select--Schedule 1Inj'

2018-05-23 10:02:28 - [TEST_STEP][PASSED] - delay: Delayed 1 second(s)

2018-05-23 10:02:29 - [MESSAGE][PASSED] - Delayed 1 second(s)

2018-05-23 10:02:29 - [TEST_STEP][PASSED] - selectOptionByIndex: All options with index in [9] are selected on object 'Object Repository/Store Request Schedule 1/Page_Store/select_--Select--Adernaline 0.'

2018-05-23 10:02:29 - [MESSAGE][PASSED] - All options with index in [9] are selected on object 'Object Repository/Store Request Schedule 1/Page_Store/select_--Select--Adernaline 0.'

2018-05-23 10:02:29 - [TEST_STEP][PASSED] - setText: Text '100' is set on object 'Object Repository/Store Request Schedule 1/Page_Store/input_txttreat'

2018-05-23 10:02:29 - [MESSAGE][PASSED] - Text '100' is set on object 'Object Repository/Store Request Schedule 1/Page_Store/input_txttreat'

2018-05-23 10:02:29 - [TEST_STEP][PASSED] - click: Object: 'Object Repository/Store Request Schedule 1/Page_Store/button_Add' is clicked on

2018-05-23 10:02:29 - [MESSAGE][PASSED] - Object: 'Object Repository/Store Request Schedule 1/Page_Store/button_Add' is clicked on

2018-05-23 10:02:29 - [TEST_STEP][PASSED] - selectOptionByIndex: All options with index in [4] are selected on object 'Object Repository/Store Request Schedule 1/Page_Store/select_--Select--Schedule 1Inj'

2018-05-23 10:02:30 - [MESSAGE][PASSED] - All options with index in [4] are selected on object 'Object Repository/Store Request Schedule 1/Page_Store/select_--Select--Schedule 1Inj'

2018-05-23 10:02:30 - [TEST_STEP][PASSED] - delay: Delayed 1 second(s)

2018-05-23 10:02:31 - [MESSAGE][PASSED] - Delayed 1 second(s)

2018-05-23 10:02:31 - [TEST_STEP][PASSED] - selectOptionByIndex: All options with index in [10] are selected on object 'Object Repository/Store Request Schedule 1/Page_Store/select_--Select--Adernaline 0.'

2018-05-23 10:02:31 - [MESSAGE][PASSED] - All options with index in [10] are selected on object 'Object Repository/Store Request Schedule 1/Page_Store/select_--Select--Adernaline 0.'

2018-05-23 10:02:31 - [TEST_STEP][PASSED] - setText: Text '100' is set on object 'Object Repository/Store Request Schedule 1/Page_Store/input_txttreat'

2018-05-23 10:02:31 - [MESSAGE][PASSED] - Text '100' is set on object 'Object Repository/Store Request Schedule 1/Page_Store/input_txttreat'

2018-05-23 10:02:31 - [TEST_STEP][PASSED] - click: Object: 'Object Repository/Store Request Schedule 1/Page_Store/button_Add' is clicked on

2018-05-23 10:02:31 - [MESSAGE][PASSED] - Object: 'Object Repository/Store Request Schedule 1/Page_Store/button_Add' is clicked on

2018-05-23 10:02:31 - [TEST_STEP][PASSED] - selectOptionByIndex: All options with index in [4] are selected on object 'Object Repository/Store Request Schedule 1/Page_Store/select_--Select--Schedule 1Inj'

2018-05-23 10:02:31 - [MESSAGE][PASSED] - All options with index in [4] are selected on object 'Object Repository/Store Request Schedule 1/Page_Store/select_--Select--Schedule 1Inj'

2018-05-23 10:02:31 - [TEST_STEP][PASSED] - delay: Delayed 1 second(s)

2018-05-23 10:02:32 - [MESSAGE][PASSED] - Delayed 1 second(s)

2018-05-23 10:02:32 - [TEST_STEP][PASSED] - selectOptionByIndex: All options with index in [11] are selected on object 'Object Repository/Store Request Schedule 1/Page_Store/select_--Select--Adernaline 0.'

2018-05-23 10:02:32 - [MESSAGE][PASSED] - All options with index in [11] are selected on object 'Object Repository/Store Request Schedule 1/Page_Store/select_--Select--Adernaline 0.'

2018-05-23 10:02:32 - [TEST_STEP][PASSED] - setText: Text '100' is set on object 'Object Repository/Store Request Schedule 1/Page_Store/input_txttreat'

2018-05-23 10:02:32 - [MESSAGE][PASSED] - Text '100' is set on object 'Object Repository/Store Request Schedule 1/Page_Store/input_txttreat'

2018-05-23 10:02:32 - [TEST_STEP][PASSED] - click: Object: 'Object Repository/Store Request Schedule 1/Page_Store/button_Add' is clicked on

2018-05-23 10:02:32 - [MESSAGE][PASSED] - Object: 'Object Repository/Store Request Schedule 1/Page_Store/button_Add' is clicked on

2018-05-23 10:02:32 - [TEST_STEP][PASSED] - selectOptionByIndex: All options with index in [4] are selected on object 'Object Repository/Store Request Schedule 1/Page_Store/select_--Select--Schedule 1Inj'

2018-05-23 10:02:33 - [MESSAGE][PASSED] - All options with index in [4] are selected on object 'Object Repository/Store Request Schedule 1/Page_Store/select_--Select--Schedule 1Inj'

2018-05-23 10:02:33 - [TEST_STEP][PASSED] - delay: Delayed 1 second(s)

2018-05-23 10:02:34 - [MESSAGE][PASSED] - Delayed 1 second(s)

2018-05-23 10:02:34 - [TEST_STEP][PASSED] - selectOptionByIndex: All options with index in [12] are selected on object 'Object Repository/Store Request Schedule 1/Page_Store/select_--Select--Adernaline 0.'

2018-05-23 10:02:34 - [MESSAGE][PASSED] - All options with index in [12] are selected on object 'Object Repository/Store Request Schedule 1/Page_Store/select_--Select--Adernaline 0.'

2018-05-23 10:02:34 - [TEST_STEP][PASSED] - setText: Text '100' is set on object 'Object Repository/Store Request Schedule 1/Page_Store/input_txttreat'

2018-05-23 10:02:34 - [MESSAGE][PASSED] - Text '100' is set on object 'Object Repository/Store Request Schedule 1/Page_Store/input_txttreat'

2018-05-23 10:02:34 - [TEST_STEP][PASSED] - click: Object: 'Object Repository/Store Request Schedule 1/Page_Store/button_Add' is clicked on

2018-05-23 10:02:34 - [MESSAGE][PASSED] - Object: 'Object Repository/Store Request Schedule 1/Page_Store/button_Add' is clicked on

2018-05-23 10:02:34 - [TEST_STEP][PASSED] - selectOptionByIndex: All options with index in [4] are selected on object 'Object Repository/Store Request Schedule 1/Page_Store/select_--Select--Schedule 1Inj'

2018-05-23 10:02:34 - [MESSAGE][PASSED] - All options with index in [4] are selected on object 'Object Repository/Store Request Schedule 1/Page_Store/select_--Select--Schedule 1Inj'

2018-05-23 10:02:34 - [TEST_STEP][PASSED] - delay: Delayed 1 second(s)

2018-05-23 10:02:35 - [MESSAGE][PASSED] - Delayed 1 second(s)

2018-05-23 10:02:35 - [TEST_STEP][PASSED] - selectOptionByIndex: All options with index in [13] are selected on object 'Object Repository/Store Request Schedule 1/Page_Store/select_--Select--Adernaline 0.'

2018-05-23 10:02:35 - [MESSAGE][PASSED] - All options with index in [13] are selected on object 'Object Repository/Store Request Schedule 1/Page_Store/select_--Select--Adernaline 0.'

2018-05-23 10:02:35 - [TEST_STEP][PASSED] - setText: Text '100' is set on object 'Object Repository/Store Request Schedule 1/Page_Store/input_txttreat'

2018-05-23 10:02:35 - [MESSAGE][PASSED] - Text '100' is set on object 'Object Repository/Store Request Schedule 1/Page_Store/input_txttreat'

2018-05-23 10:02:35 - [TEST_STEP][PASSED] - click: Object: 'Object Repository/Store Request Schedule 1/Page_Store/button_Add' is clicked on

2018-05-23 10:02:35 - [MESSAGE][PASSED] - Object: 'Object Repository/Store Request Schedule 1/Page_Store/button_Add' is clicked on

2018-05-23 10:02:35 - [TEST_STEP][PASSED] - selectOptionByIndex: All options with index in [4] are selected on object 'Object Repository/Store Request Schedule 1/Page_Store/select_--Select--Schedule 1Inj'

2018-05-23 10:02:36 - [MESSAGE][PASSED] - All options with index in [4] are selected on object 'Object Repository/Store Request Schedule 1/Page_Store/select_--Select--Schedule 1Inj'

2018-05-23 10:02:36 - [TEST_STEP][PASSED] - delay: Delayed 1 second(s)

2018-05-23 10:02:37 - [MESSAGE][PASSED] - Delayed 1 second(s)

2018-05-23 10:02:37 - [TEST_STEP][PASSED] - selectOptionByIndex: All options with index in [14] are selected on object 'Object Repository/Store Request Schedule 1/Page_Store/select_--Select--Adernaline 0.'

2018-05-23 10:02:37 - [MESSAGE][PASSED] - All options with index in [14] are selected on object 'Object Repository/Store Request Schedule 1/Page_Store/select_--Select--Adernaline 0.'

2018-05-23 10:02:37 - [TEST_STEP][PASSED] - setText: Text '100' is set on object 'Object Repository/Store Request Schedule 1/Page_Store/input_txttreat'

2018-05-23 10:02:37 - [MESSAGE][PASSED] - Text '100' is set on object 'Object Repository/Store Request Schedule 1/Page_Store/input_txttreat'

2018-05-23 10:02:37 - [TEST_STEP][PASSED] - click: Object: 'Object Repository/Store Request Schedule 1/Page_Store/button_Add' is clicked on

2018-05-23 10:02:37 - [MESSAGE][PASSED] - Object: 'Object Repository/Store Request Schedule 1/Page_Store/button_Add' is clicked on

2018-05-23 10:02:37 - [TEST_STEP][PASSED] - selectOptionByIndex: All options with index in [4] are selected on object 'Object Repository/Store Request Schedule 1/Page_Store/select_--Select--Schedule 1Inj'

2018-05-23 10:02:37 - [MESSAGE][PASSED] - All options with index in [4] are selected on object 'Object Repository/Store Request Schedule 1/Page_Store/select_--Select--Schedule 1Inj'

2018-05-23 10:02:37 - [TEST_STEP][PASSED] - delay: Delayed 1 second(s)

2018-05-23 10:02:38 - [MESSAGE][PASSED] - Delayed 1 second(s)

2018-05-23 10:02:38 - [TEST_STEP][PASSED] - selectOptionByIndex: All options with index in [15] are selected on object 'Object Repository/Store Request Schedule 1/Page_Store/select_--Select--Adernaline 0.'

2018-05-23 10:02:38 - [MESSAGE][PASSED] - All options with index in [15] are selected on object 'Object Repository/Store Request Schedule 1/Page_Store/select_--Select--Adernaline 0.'

2018-05-23 10:02:38 - [TEST_STEP][PASSED] - setText: Text '100' is set on object 'Object Repository/Store Request Schedule 1/Page_Store/input_txttreat'

2018-05-23 10:02:39 - [MESSAGE][PASSED] - Text '100' is set on object 'Object Repository/Store Request Schedule 1/Page_Store/input_txttreat'

2018-05-23 10:02:39 - [TEST_STEP][PASSED] - click: Object: 'Object Repository/Store Request Schedule 1/Page_Store/button_Add' is clicked on

2018-05-23 10:02:39 - [MESSAGE][PASSED] - Object: 'Object Repository/Store Request Schedule 1/Page_Store/button_Add' is clicked on

2018-05-23 10:02:39 - [TEST_STEP][PASSED] - delay: Delayed 2 second(s)

2018-05-23 10:02:41 - [MESSAGE][PASSED] - Delayed 2 second(s)

2018-05-23 10:02:41 - [TEST_STEP][PASSED] - scrollToElement: Scroll to object 'Object Repository/Store Request Schedule 1/Page_Store/input_btnsave' successfully

2018-05-23 10:02:41 - [MESSAGE][PASSED] - Scroll to object 'Object Repository/Store Request Schedule 1/Page_Store/input_btnsave' successfully

2018-05-23 10:02:41 - [TEST_STEP][PASSED] - click: Object: 'Object Repository/Store Request Schedule 1/Page_Store/input_btnsave' is clicked on

2018-05-23 10:02:41 - [MESSAGE][PASSED] - Object: 'Object Repository/Store Request Schedule 1/Page_Store/input_btnsave' is clicked on

2018-05-23 10:02:41 - [TEST_STEP][PASSED] - delay: Delayed 4 second(s)

2018-05-23 10:02:45 - [MESSAGE][PASSED] - Delayed 4 second(s)

2018-05-23 10:02:45 - [TEST_STEP][PASSED] - Statement - Cms_RequestNumber = com.kms.katalon.core.webui.keyword.WebUiBuiltInKeywords.getText(com.kms.katalon.core.testobject.ObjectRepository.findTestObject(Store Request Schedule 1/Page_Store/font_PRNO050520189)): Text of object 'Object Repository/Store Request Schedule 1/Page_Store/font_PRNO050520189' is: 'PRNO/23052018/354'

2018-05-23 10:02:45 - [MESSAGE][PASSED] - Text of object 'Object Repository/Store Request Schedule 1/Page_Store/font_PRNO050520189' is: 'PRNO/23052018/354'

2018-05-23 10:02:45 - [TEST_STEP][PASSED] - Statement - CR = Cms_RequestNumber.trim(): null

2018-05-23 10:02:45 - [TEST_STEP][PASSED] - Statement - out.println("RQ :" + Cms_RequestNumber): null

2018-05-23 10:02:45 - [TEST_STEP][PASSED] - Statement - RequestNumberID = Cms_RequestNumber.split("/")[2].trim(): null

2018-05-23 10:02:45 - [TEST_STEP][PASSED] - Statement - out.println("RQ ID :" + RequestNumberID): null

2018-05-23 10:02:45 - [TEST_STEP][PASSED] - delay: Delayed 3 second(s)

2018-05-23 10:02:48 - [MESSAGE][PASSED] - Delayed 3 second(s)

2018-05-23 10:02:48 - [TEST_STEP][PASSED] - Statement - ok = com.kms.katalon.core.webui.keyword.WebUiBuiltInKeywords.click(com.kms.katalon.core.testobject.ObjectRepository.findTestObject(Store Request Schedule 1/Page_Store/button_OK)): Object: 'Object Repository/Store Request Schedule 1/Page_Store/button_OK' is clicked on

2018-05-23 10:02:49 - [MESSAGE][PASSED] - Object: 'Object Repository/Store Request Schedule 1/Page_Store/button_OK' is clicked on

2018-05-23 10:02:49 - [TEST_STEP][PASSED] - delay: Delayed 3 second(s)

2018-05-23 10:02:52 - [MESSAGE][PASSED] - Delayed 3 second(s)

2018-05-23 10:02:52 - [TEST_STEP][PASSED] - click: Object: 'Object Repository/Store Request Schedule 1/Page_Store/a_dropdown-toggle' is clicked on

2018-05-23 10:02:52 - [MESSAGE][PASSED] - Object: 'Object Repository/Store Request Schedule 1/Page_Store/a_dropdown-toggle' is clicked on

2018-05-23 10:02:52 - [TEST_STEP][PASSED] - click: Object: 'Object Repository/Store Request Schedule 1/Page_Store/a_Sign out' is clicked on

2018-05-23 10:02:52 - [MESSAGE][PASSED] - Object: 'Object Repository/Store Request Schedule 1/Page_Store/a_Sign out' is clicked on

2018-05-23 10:02:52 - [TEST_STEP][PASSED] - delay: Delayed 3 second(s)

2018-05-23 10:02:55 - [MESSAGE][PASSED] - Delayed 3 second(s)

2018-05-23 10:02:55 - [TEST_STEP][PASSED] - click: Object: 'Object Repository/Store Request Schedule 1/Page_KDMC/a_CMO' is clicked on

2018-05-23 10:02:56 - [MESSAGE][PASSED] - Object: 'Object Repository/Store Request Schedule 1/Page_KDMC/a_CMO' is clicked on

2018-05-23 10:02:56 - [TEST_STEP][PASSED] - setText: Text 'guru' is set on object 'Object Repository/Store Request Schedule 1/Page_CMO login/input_txtusername'

2018-05-23 10:02:56 - [MESSAGE][PASSED] - Text 'guru' is set on object 'Object Repository/Store Request Schedule 1/Page_CMO login/input_txtusername'

2018-05-23 10:02:56 - [TEST_STEP][PASSED] - setText: Text '123' is set on object 'Object Repository/Store Request Schedule 1/Page_CMO login/input_txtpassword'

2018-05-23 10:02:56 - [MESSAGE][PASSED] - Text '123' is set on object 'Object Repository/Store Request Schedule 1/Page_CMO login/input_txtpassword'

2018-05-23 10:02:56 - [TEST_STEP][PASSED] - delay: Delayed 3 second(s)

2018-05-23 10:02:59 - [MESSAGE][PASSED] - Delayed 3 second(s)

2018-05-23 10:02:59 - [TEST_STEP][PASSED] - click: Object: 'Object Repository/Store Request Schedule 1/Page_CMO login/button_Sign in' is clicked on

2018-05-23 10:03:00 - [MESSAGE][PASSED] - Object: 'Object Repository/Store Request Schedule 1/Page_CMO login/button_Sign in' is clicked on

2018-05-23 10:03:00 - [TEST_STEP][PASSED] - delay: Delayed 2 second(s)

2018-05-23 10:03:02 - [MESSAGE][PASSED] - Delayed 2 second(s)

2018-05-23 10:03:02 - [TEST_STEP][PASSED] - click: Object: 'Object Repository/Store Request Schedule 1/Page_KDMC - CMO/span_Department Wise Request' is clicked on

2018-05-23 10:03:03 - [MESSAGE][PASSED] - Object: 'Object Repository/Store Request Schedule 1/Page_KDMC - CMO/span_Department Wise Request' is clicked on

2018-05-23 10:03:03 - [TEST_STEP][PASSED] - click: Object: 'Object Repository/Store Request Schedule 1/Page_KDMC - CMO/a_CMS Request' is clicked on

2018-05-23 10:03:03 - [MESSAGE][PASSED] - Object: 'Object Repository/Store Request Schedule 1/Page_KDMC - CMO/a_CMS Request' is clicked on

2018-05-23 10:03:03 - [TEST_STEP][PASSED] - click: Object: 'Object Repository/Store Request Schedule 1/Page_KDMC - CMO/a_CMS Request' is clicked on

2018-05-23 10:03:03 - [MESSAGE][PASSED] - Object: 'Object Repository/Store Request Schedule 1/Page_KDMC - CMO/a_CMS Request' is clicked on

2018-05-23 10:03:03 - [TEST_STEP][PASSED] - click: Object: 'Object Repository/Store Request Schedule 1/Page_KDMC - CMO/span_Divisional Store Request' is clicked on

2018-05-23 10:03:05 - [MESSAGE][PASSED] - Object: 'Object Repository/Store Request Schedule 1/Page_KDMC - CMO/span_Divisional Store Request' is clicked on

2018-05-23 10:03:05 - [TEST_STEP][PASSED] - delay: Delayed 2 second(s)

2018-05-23 10:03:07 - [MESSAGE][PASSED] - Delayed 2 second(s)

2018-05-23 10:03:07 - [TEST_STEP][PASSED] - Statement - approval = com.kms.katalon.core.webui.keyword.WebUiBuiltInKeywords.modifyObjectProperty(com.kms.katalon.core.testobject.ObjectRepository.findTestObject(Store Request Schedule 1/Page_KDMC - CMO/input_PRNO050520189), "xpath", "equals", "//*[@id=" + RequestNumberID + "]", true): Modify property of object successfully

2018-05-23 10:03:07 - [MESSAGE][PASSED] - Modify property of object successfully

2018-05-23 10:03:07 - [TEST_STEP][PASSED] - click: Object: 'Object Repository/Store Request Schedule 1/Page_KDMC - CMO/input_PRNO050520189' is clicked on

2018-05-23 10:03:07 - [MESSAGE][PASSED] - Object: 'Object Repository/Store Request Schedule 1/Page_KDMC - CMO/input_PRNO050520189' is clicked on

2018-05-23 10:03:07 - [TEST_STEP][PASSED] - delay: Delayed 2 second(s)

2018-05-23 10:03:09 - [MESSAGE][PASSED] - Delayed 2 second(s)

2018-05-23 10:03:09 - [TEST_STEP][PASSED] - selectOptionByIndex: All options with index in [1] are selected on object 'Object Repository/Store Request Schedule 1/Page_KDMC - CMO/select_--Select--'

2018-05-23 10:03:09 - [MESSAGE][PASSED] - All options with index in [1] are selected on object 'Object Repository/Store Request Schedule 1/Page_KDMC - CMO/select_--Select--'

2018-05-23 10:03:09 - [TEST_STEP][PASSED] - click: Object: 'Object Repository/Store Request Schedule 1/Page_KDMC - CMO/input_btnupdate' is clicked on

2018-05-23 10:03:09 - [MESSAGE][PASSED] - Object: 'Object Repository/Store Request Schedule 1/Page_KDMC - CMO/input_btnupdate' is clicked on

2018-05-23 10:03:09 - [TEST_STEP][PASSED] - delay: Delayed 2 second(s)

2018-05-23 10:03:11 - [MESSAGE][PASSED] - Delayed 2 second(s)

2018-05-23 10:03:11 - [TEST_STEP][PASSED] - click: Object: 'Object Repository/Store Request Schedule 1/Page_KDMC - CMO/button_OK' is clicked on

2018-05-23 10:03:12 - [MESSAGE][PASSED] - Object: 'Object Repository/Store Request Schedule 1/Page_KDMC - CMO/button_OK' is clicked on

2018-05-23 10:03:12 - [TEST_STEP][PASSED] - delay: Delayed 2 second(s)

2018-05-23 10:03:14 - [MESSAGE][PASSED] - Delayed 2 second(s)

2018-05-23 10:03:14 - [TEST_STEP][PASSED] - click: Object: 'Object Repository/Store Request Schedule 1/Page_KDMC - CMO/a_dropdown-toggle' is clicked on

2018-05-23 10:03:14 - [MESSAGE][PASSED] - Object: 'Object Repository/Store Request Schedule 1/Page_KDMC - CMO/a_dropdown-toggle' is clicked on

2018-05-23 10:03:14 - [TEST_STEP][PASSED] - click: Object: 'Object Repository/Store Request Schedule 1/Page_KDMC - CMO/a_Sign out' is clicked on

2018-05-23 10:03:14 - [MESSAGE][PASSED] - Object: 'Object Repository/Store Request Schedule 1/Page_KDMC - CMO/a_Sign out' is clicked on

2018-05-23 10:03:14 - [TEST_STEP][PASSED] - delay: Delayed 3 second(s)

2018-05-23 10:03:17 - [MESSAGE][PASSED] - Delayed 3 second(s)

2018-05-23 10:03:17 - [TEST_STEP][PASSED] - click: Object: 'Object Repository/store Request Schedule 1/Page_KDMC/a_CMS' is clicked on

2018-05-23 10:03:18 - [MESSAGE][PASSED] - Object: 'Object Repository/store Request Schedule 1/Page_KDMC/a_CMS' is clicked on

2018-05-23 10:03:18 - [TEST_STEP][PASSED] - setText: Text 'bala' is set on object 'Object Repository/store Request Schedule 1/Page_CMS login/input_txtusername'

2018-05-23 10:03:18 - [MESSAGE][PASSED] - Text 'bala' is set on object 'Object Repository/store Request Schedule 1/Page_CMS login/input_txtusername'

2018-05-23 10:03:18 - [TEST_STEP][PASSED] - setText: Text '123' is set on object 'Object Repository/store Request Schedule 1/Page_CMS login/input_txtpassword'

2018-05-23 10:03:18 - [MESSAGE][PASSED] - Text '123' is set on object 'Object Repository/store Request Schedule 1/Page_CMS login/input_txtpassword'

2018-05-23 10:03:18 - [TEST_STEP][PASSED] - delay: Delayed 3 second(s)

2018-05-23 10:03:21 - [MESSAGE][PASSED] - Delayed 3 second(s)

2018-05-23 10:03:21 - [TEST_STEP][PASSED] - click: Object: 'Object Repository/store Request Schedule 1/Page_CMS login/button_Sign in' is clicked on

2018-05-23 10:03:22 - [MESSAGE][PASSED] - Object: 'Object Repository/store Request Schedule 1/Page_CMS login/button_Sign in' is clicked on

2018-05-23 10:03:22 - [TEST_STEP][PASSED] - delay: Delayed 2 second(s)

2018-05-23 10:03:24 - [MESSAGE][PASSED] - Delayed 2 second(s)

2018-05-23 10:03:24 - [TEST_STEP][PASSED] - click: Object: 'Object Repository/store Request Schedule 1/Page_KDMC - CMS/a_Divisional Store' is clicked on

2018-05-23 10:03:24 - [MESSAGE][PASSED] - Object: 'Object Repository/store Request Schedule 1/Page_KDMC - CMS/a_Divisional Store' is clicked on

2018-05-23 10:03:24 - [TEST_STEP][PASSED] - delay: Delayed 2 second(s)

2018-05-23 10:03:26 - [MESSAGE][PASSED] - Delayed 2 second(s)

2018-05-23 10:03:26 - [TEST_STEP][PASSED] - click: Object: 'Object Repository/store Request Schedule 1/Page_KDMC - CMS/a_Dispatch Items' is clicked on

2018-05-23 10:03:26 - [MESSAGE][PASSED] - Object: 'Object Repository/store Request Schedule 1/Page_KDMC - CMS/a_Dispatch Items' is clicked on

2018-05-23 10:03:26 - [TEST_STEP][PASSED] - setText: Text 'PRNO/23052018/354' is set on object 'Object Repository/store Request Schedule 1/Page_KDMC - CMS/input'

2018-05-23 10:03:27 - [MESSAGE][PASSED] - Text 'PRNO/23052018/354' is set on object 'Object Repository/store Request Schedule 1/Page_KDMC - CMS/input'

2018-05-23 10:03:27 - [TEST_STEP][PASSED] - click: Object: 'Object Repository/store Request Schedule 1/Page_KDMC - CMS/td_text-center' is clicked on

2018-05-23 10:03:27 - [MESSAGE][PASSED] - Object: 'Object Repository/store Request Schedule 1/Page_KDMC - CMS/td_text-center' is clicked on

2018-05-23 10:03:27 - [TEST_STEP][PASSED] - delay: Delayed 2 second(s)

2018-05-23 10:03:29 - [MESSAGE][PASSED] - Delayed 2 second(s)

2018-05-23 10:03:29 - [TEST_STEP][PASSED] - Statement - For ([row = 0, row < SelectedOptions - 1, (row++)]): null

2018-05-23 10:03:29 - [TEST_STEP][PASSED] - Statement - batchlength = new com.kms.katalon.core.testobject.TestObject(): null

2018-05-23 10:03:29 - [TEST_STEP][PASSED] - Statement - batchlength = com.kms.katalon.core.webui.keyword.WebUiBuiltInKeywords.modifyObjectProperty(batchlength, "xpath", "equals", "//*[@id = "fldvendor" + row + ""]", true): Modify property of object successfully

2018-05-23 10:03:29 - [MESSAGE][PASSED] - Modify property of object successfully

2018-05-23 10:03:29 - [TEST_STEP][PASSED] - Statement - batchsize = com.kms.katalon.core.webui.keyword.WebUiBuiltInKeywords.getNumberOfTotalOption(batchlength): 8 options of object '' counted

2018-05-23 10:03:29 - [MESSAGE][PASSED] - 8 options of object '' counted

2018-05-23 10:03:29 - [TEST_STEP][PASSED] - Statement - out.println("BatchSize : " + batchsize): null

2018-05-23 10:03:29 - [TEST_STEP][PASSED] - Statement - For ([n = 1, n <= batchsize - 1, (n++)]): null

2018-05-23 10:03:29 - [TEST_STEP][PASSED] - Statement - product = new com.kms.katalon.core.testobject.TestObject(): null

2018-05-23 10:03:29 - [TEST_STEP][PASSED] - Statement - product = com.kms.katalon.core.webui.keyword.WebUiBuiltInKeywords.modifyObjectProperty(product, "xpath", "equals", "//*[@id = "fldvendor" + row + ""]", true): Modify property of object successfully

2018-05-23 10:03:29 - [MESSAGE][PASSED] - Modify property of object successfully

2018-05-23 10:03:29 - [TEST_STEP][PASSED] - selectOptionByIndex: All options with index in [1] are selected on object ''

2018-05-23 10:03:29 - [MESSAGE][PASSED] - All options with index in [1] are selected on object ''

2018-05-23 10:03:29 - [TEST_STEP][PASSED] - Statement - batch = new com.kms.katalon.core.testobject.TestObject(): null

2018-05-23 10:03:29 - [TEST_STEP][PASSED] - Statement - batch = com.kms.katalon.core.webui.keyword.WebUiBuiltInKeywords.modifyObjectProperty(batch, "xpath", "equals", "//*[@id = "txtbthqty" + row + ""]", true): Modify property of object successfully

2018-05-23 10:03:29 - [MESSAGE][PASSED] - Modify property of object successfully

2018-05-23 10:03:29 - [TEST_STEP][PASSED] - Statement - batchqty = com.kms.katalon.core.webui.keyword.WebUiBuiltInKeywords.getAttribute(batch, "value").trim(): Attribute 'value' of object '' is: '4100'

2018-05-23 10:03:29 - [MESSAGE][PASSED] - Attribute 'value' of object '' is: '4100'

2018-05-23 10:03:29 - [TEST_STEP][PASSED] - Statement - Rqty = 100: null

2018-05-23 10:03:29 - [TEST_STEP][PASSED] - delay: Delayed 2 second(s)

2018-05-23 10:03:31 - [MESSAGE][PASSED] - Delayed 2 second(s)

2018-05-23 10:03:31 - [TEST_STEP][PASSED] - Statement - out.println("BatchQty : " + batchqty): null

2018-05-23 10:03:31 - [TEST_STEP][PASSED] - Statement - out.println("RQty : " + Rqty): null

2018-05-23 10:03:31 - [TEST_STEP][PASSED] - Statement - If (java.lang.Integer.valueOf(batchqty) >= java.lang.Integer.valueOf(Rqty)): null

2018-05-23 10:03:31 - [TEST_STEP][PASSED] - Statement - Break: null

2018-05-23 10:03:31 - [TEST_STEP][PASSED] - Statement - batchlength = new com.kms.katalon.core.testobject.TestObject(): null

2018-05-23 10:03:31 - [TEST_STEP][PASSED] - Statement - batchlength = com.kms.katalon.core.webui.keyword.WebUiBuiltInKeywords.modifyObjectProperty(batchlength, "xpath", "equals", "//*[@id = "fldvendor" + row + ""]", true): Modify property of object successfully

2018-05-23 10:03:31 - [MESSAGE][PASSED] - Modify property of object successfully

2018-05-23 10:03:31 - [TEST_STEP][PASSED] - Statement - batchsize = com.kms.katalon.core.webui.keyword.WebUiBuiltInKeywords.getNumberOfTotalOption(batchlength): 7 options of object '' counted

2018-05-23 10:03:31 - [MESSAGE][PASSED] - 7 options of object '' counted

2018-05-23 10:03:31 - [TEST_STEP][PASSED] - Statement - out.println("BatchSize : " + batchsize): null

2018-05-23 10:03:31 - [TEST_STEP][PASSED] - Statement - For ([n = 1, n <= batchsize - 1, (n++)]): null

2018-05-23 10:03:31 - [TEST_STEP][PASSED] - Statement - product = new com.kms.katalon.core.testobject.TestObject(): null

2018-05-23 10:03:31 - [TEST_STEP][PASSED] - Statement - product = com.kms.katalon.core.webui.keyword.WebUiBuiltInKeywords.modifyObjectProperty(product, "xpath", "equals", "//*[@id = "fldvendor" + row + ""]", true): Modify property of object successfully

2018-05-23 10:03:31 - [MESSAGE][PASSED] - Modify property of object successfully

2018-05-23 10:03:31 - [TEST_STEP][PASSED] - selectOptionByIndex: All options with index in [1] are selected on object ''

2018-05-23 10:03:32 - [MESSAGE][PASSED] - All options with index in [1] are selected on object ''

2018-05-23 10:03:32 - [TEST_STEP][PASSED] - Statement - batch = new com.kms.katalon.core.testobject.TestObject(): null

2018-05-23 10:03:32 - [TEST_STEP][PASSED] - Statement - batch = com.kms.katalon.core.webui.keyword.WebUiBuiltInKeywords.modifyObjectProperty(batch, "xpath", "equals", "//*[@id = "txtbthqty" + row + ""]", true): Modify property of object successfully

2018-05-23 10:03:32 - [MESSAGE][PASSED] - Modify property of object successfully

2018-05-23 10:03:32 - [TEST_STEP][PASSED] - Statement - batchqty = com.kms.katalon.core.webui.keyword.WebUiBuiltInKeywords.getAttribute(batch, "value").trim(): Attribute 'value' of object '' is: '4400'

2018-05-23 10:03:32 - [MESSAGE][PASSED] - Attribute 'value' of object '' is: '4400'

2018-05-23 10:03:32 - [TEST_STEP][PASSED] - Statement - Rqty = 100: null

2018-05-23 10:03:32 - [TEST_STEP][PASSED] - delay: Delayed 2 second(s)

2018-05-23 10:03:34 - [MESSAGE][PASSED] - Delayed 2 second(s)

2018-05-23 10:03:34 - [TEST_STEP][PASSED] - Statement - out.println("BatchQty : " + batchqty): null

2018-05-23 10:03:34 - [TEST_STEP][PASSED] - Statement - out.println("RQty : " + Rqty): null

2018-05-23 10:03:34 - [TEST_STEP][PASSED] - Statement - If (java.lang.Integer.valueOf(batchqty) >= java.lang.Integer.valueOf(Rqty)): null

2018-05-23 10:03:34 - [TEST_STEP][PASSED] - Statement - Break: null

2018-05-23 10:03:34 - [TEST_STEP][PASSED] - Statement - batchlength = new com.kms.katalon.core.testobject.TestObject(): null

2018-05-23 10:03:34 - [TEST_STEP][PASSED] - Statement - batchlength = com.kms.katalon.core.webui.keyword.WebUiBuiltInKeywords.modifyObjectProperty(batchlength, "xpath", "equals", "//*[@id = "fldvendor" + row + ""]", true): Modify property of object successfully

2018-05-23 10:03:34 - [MESSAGE][PASSED] - Modify property of object successfully

2018-05-23 10:03:34 - [TEST_STEP][PASSED] - Statement - batchsize = com.kms.katalon.core.webui.keyword.WebUiBuiltInKeywords.getNumberOfTotalOption(batchlength): 7 options of object '' counted

2018-05-23 10:03:34 - [MESSAGE][PASSED] - 7 options of object '' counted

2018-05-23 10:03:34 - [TEST_STEP][PASSED] - Statement - out.println("BatchSize : " + batchsize): null

2018-05-23 10:03:34 - [TEST_STEP][PASSED] - Statement - For ([n = 1, n <= batchsize - 1, (n++)]): null

2018-05-23 10:03:34 - [TEST_STEP][PASSED] - Statement - product = new com.kms.katalon.core.testobject.TestObject(): null

2018-05-23 10:03:34 - [TEST_STEP][PASSED] - Statement - product = com.kms.katalon.core.webui.keyword.WebUiBuiltInKeywords.modifyObjectProperty(product, "xpath", "equals", "//*[@id = "fldvendor" + row + ""]", true): Modify property of object successfully

2018-05-23 10:03:34 - [MESSAGE][PASSED] - Modify property of object successfully

2018-05-23 10:03:34 - [TEST_STEP][PASSED] - selectOptionByIndex: All options with index in [1] are selected on object ''

2018-05-23 10:03:34 - [MESSAGE][PASSED] - All options with index in [1] are selected on object ''

2018-05-23 10:03:34 - [TEST_STEP][PASSED] - Statement - batch = new com.kms.katalon.core.testobject.TestObject(): null

2018-05-23 10:03:34 - [TEST_STEP][PASSED] - Statement - batch = com.kms.katalon.core.webui.keyword.WebUiBuiltInKeywords.modifyObjectProperty(batch, "xpath", "equals", "//*[@id = "txtbthqty" + row + ""]", true): Modify property of object successfully

2018-05-23 10:03:34 - [MESSAGE][PASSED] - Modify property of object successfully

2018-05-23 10:03:34 - [TEST_STEP][PASSED] - Statement - batchqty = com.kms.katalon.core.webui.keyword.WebUiBuiltInKeywords.getAttribute(batch, "value").trim(): Attribute 'value' of object '' is: '4100'

2018-05-23 10:03:34 - [MESSAGE][PASSED] - Attribute 'value' of object '' is: '4100'

2018-05-23 10:03:34 - [TEST_STEP][PASSED] - Statement - Rqty = 100: null

2018-05-23 10:03:34 - [TEST_STEP][PASSED] - delay: Delayed 2 second(s)

2018-05-23 10:03:36 - [MESSAGE][PASSED] - Delayed 2 second(s)

2018-05-23 10:03:36 - [TEST_STEP][PASSED] - Statement - out.println("BatchQty : " + batchqty): null

2018-05-23 10:03:36 - [TEST_STEP][PASSED] - Statement - out.println("RQty : " + Rqty): null

2018-05-23 10:03:36 - [TEST_STEP][PASSED] - Statement - If (java.lang.Integer.valueOf(batchqty) >= java.lang.Integer.valueOf(Rqty)): null

2018-05-23 10:03:36 - [TEST_STEP][PASSED] - Statement - Break: null

2018-05-23 10:03:36 - [TEST_STEP][PASSED] - Statement - batchlength = new com.kms.katalon.core.testobject.TestObject(): null

2018-05-23 10:03:36 - [TEST_STEP][PASSED] - Statement - batchlength = com.kms.katalon.core.webui.keyword.WebUiBuiltInKeywords.modifyObjectProperty(batchlength, "xpath", "equals", "//*[@id = "fldvendor" + row + ""]", true): Modify property of object successfully

2018-05-23 10:03:36 - [MESSAGE][PASSED] - Modify property of object successfully

2018-05-23 10:03:36 - [TEST_STEP][PASSED] - Statement - batchsize = com.kms.katalon.core.webui.keyword.WebUiBuiltInKeywords.getNumberOfTotalOption(batchlength): 6 options of object '' counted

2018-05-23 10:03:36 - [MESSAGE][PASSED] - 6 options of object '' counted

2018-05-23 10:03:36 - [TEST_STEP][PASSED] - Statement - out.println("BatchSize : " + batchsize): null

2018-05-23 10:03:36 - [TEST_STEP][PASSED] - Statement - For ([n = 1, n <= batchsize - 1, (n++)]): null

2018-05-23 10:03:36 - [TEST_STEP][PASSED] - Statement - product = new com.kms.katalon.core.testobject.TestObject(): null

2018-05-23 10:03:36 - [TEST_STEP][PASSED] - Statement - product = com.kms.katalon.core.webui.keyword.WebUiBuiltInKeywords.modifyObjectProperty(product, "xpath", "equals", "//*[@id = "fldvendor" + row + ""]", true): Modify property of object successfully

2018-05-23 10:03:36 - [MESSAGE][PASSED] - Modify property of object successfully

2018-05-23 10:03:36 - [TEST_STEP][PASSED] - selectOptionByIndex: All options with index in [1] are selected on object ''

2018-05-23 10:03:36 - [MESSAGE][PASSED] - All options with index in [1] are selected on object ''

2018-05-23 10:03:36 - [TEST_STEP][PASSED] - Statement - batch = new com.kms.katalon.core.testobject.TestObject(): null

2018-05-23 10:03:36 - [TEST_STEP][PASSED] - Statement - batch = com.kms.katalon.core.webui.keyword.WebUiBuiltInKeywords.modifyObjectProperty(batch, "xpath", "equals", "//*[@id = "txtbthqty" + row + ""]", true): Modify property of object successfully

2018-05-23 10:03:36 - [MESSAGE][PASSED] - Modify property of object successfully

2018-05-23 10:03:36 - [TEST_STEP][PASSED] - Statement - batchqty = com.kms.katalon.core.webui.keyword.WebUiBuiltInKeywords.getAttribute(batch, "value").trim(): Attribute 'value' of object '' is: '50'

2018-05-23 10:03:36 - [MESSAGE][PASSED] - Attribute 'value' of object '' is: '50'

2018-05-23 10:03:36 - [TEST_STEP][PASSED] - Statement - Rqty = 100: null

2018-05-23 10:03:36 - [TEST_STEP][PASSED] - delay: Delayed 2 second(s)

2018-05-23 10:03:38 - [MESSAGE][PASSED] - Delayed 2 second(s)

2018-05-23 10:03:38 - [TEST_STEP][PASSED] - Statement - out.println("BatchQty : " + batchqty): null

2018-05-23 10:03:38 - [TEST_STEP][PASSED] - Statement - out.println("RQty : " + Rqty): null

2018-05-23 10:03:38 - [TEST_STEP][PASSED] - Statement - If (java.lang.Integer.valueOf(batchqty) >= java.lang.Integer.valueOf(Rqty)): null

2018-05-23 10:03:38 - [TEST_STEP][PASSED] - Statement - Else: null

2018-05-23 10:03:38 - [TEST_STEP][PASSED] - Statement - out.println("Batchqty Is Less Than Rqty"): null

2018-05-23 10:03:38 - [TEST_STEP][PASSED] - Statement - product = new com.kms.katalon.core.testobject.TestObject(): null

2018-05-23 10:03:38 - [TEST_STEP][PASSED] - Statement - product = com.kms.katalon.core.webui.keyword.WebUiBuiltInKeywords.modifyObjectProperty(product, "xpath", "equals", "//*[@id = "fldvendor" + row + ""]", true): Modify property of object successfully

2018-05-23 10:03:38 - [MESSAGE][PASSED] - Modify property of object successfully

2018-05-23 10:03:38 - [TEST_STEP][PASSED] - selectOptionByIndex: All options with index in [2] are selected on object ''

2018-05-23 10:03:38 - [MESSAGE][PASSED] - All options with index in [2] are selected on object ''

2018-05-23 10:03:38 - [TEST_STEP][PASSED] - Statement - batch = new com.kms.katalon.core.testobject.TestObject(): null

2018-05-23 10:03:38 - [TEST_STEP][PASSED] - Statement - batch = com.kms.katalon.core.webui.keyword.WebUiBuiltInKeywords.modifyObjectProperty(batch, "xpath", "equals", "//*[@id = "txtbthqty" + row + ""]", true): Modify property of object successfully

2018-05-23 10:03:38 - [MESSAGE][PASSED] - Modify property of object successfully

2018-05-23 10:03:38 - [TEST_STEP][PASSED] - Statement - batchqty = com.kms.katalon.core.webui.keyword.WebUiBuiltInKeywords.getAttribute(batch, "value").trim(): Attribute 'value' of object '' is: '38800'

2018-05-23 10:03:38 - [MESSAGE][PASSED] - Attribute 'value' of object '' is: '38800'

2018-05-23 10:03:38 - [TEST_STEP][PASSED] - Statement - Rqty = 100: null

2018-05-23 10:03:38 - [TEST_STEP][PASSED] - delay: Delayed 2 second(s)

2018-05-23 10:03:40 - [MESSAGE][PASSED] - Delayed 2 second(s)

2018-05-23 10:03:40 - [TEST_STEP][PASSED] - Statement - out.println("BatchQty : " + batchqty): null

2018-05-23 10:03:40 - [TEST_STEP][PASSED] - Statement - out.println("RQty : " + Rqty): null

2018-05-23 10:03:40 - [TEST_STEP][PASSED] - Statement - If (java.lang.Integer.valueOf(batchqty) >= java.lang.Integer.valueOf(Rqty)): null

2018-05-23 10:03:40 - [TEST_STEP][PASSED] - Statement - Break: null

2018-05-23 10:03:40 - [TEST_STEP][PASSED] - Statement - batchlength = new com.kms.katalon.core.testobject.TestObject(): null

2018-05-23 10:03:40 - [TEST_STEP][PASSED] - Statement - batchlength = com.kms.katalon.core.webui.keyword.WebUiBuiltInKeywords.modifyObjectProperty(batchlength, "xpath", "equals", "//*[@id = "fldvendor" + row + ""]", true): Modify property of object successfully

2018-05-23 10:03:40 - [MESSAGE][PASSED] - Modify property of object successfully

2018-05-23 10:03:40 - [TEST_STEP][PASSED] - Statement - batchsize = com.kms.katalon.core.webui.keyword.WebUiBuiltInKeywords.getNumberOfTotalOption(batchlength): 7 options of object '' counted

2018-05-23 10:03:40 - [MESSAGE][PASSED] - 7 options of object '' counted

2018-05-23 10:03:40 - [TEST_STEP][PASSED] - Statement - out.println("BatchSize : " + batchsize): null

2018-05-23 10:03:40 - [TEST_STEP][PASSED] - Statement - For ([n = 1, n <= batchsize - 1, (n++)]): null

2018-05-23 10:03:40 - [TEST_STEP][PASSED] - Statement - product = new com.kms.katalon.core.testobject.TestObject(): null

2018-05-23 10:03:40 - [TEST_STEP][PASSED] - Statement - product = com.kms.katalon.core.webui.keyword.WebUiBuiltInKeywords.modifyObjectProperty(product, "xpath", "equals", "//*[@id = "fldvendor" + row + ""]", true): Modify property of object successfully

2018-05-23 10:03:40 - [MESSAGE][PASSED] - Modify property of object successfully

2018-05-23 10:03:40 - [TEST_STEP][PASSED] - selectOptionByIndex: All options with index in [1] are selected on object ''

2018-05-23 10:03:41 - [MESSAGE][PASSED] - All options with index in [1] are selected on object ''

2018-05-23 10:03:41 - [TEST_STEP][PASSED] - Statement - batch = new com.kms.katalon.core.testobject.TestObject(): null

2018-05-23 10:03:41 - [TEST_STEP][PASSED] - Statement - batch = com.kms.katalon.core.webui.keyword.WebUiBuiltInKeywords.modifyObjectProperty(batch, "xpath", "equals", "//*[@id = "txtbthqty" + row + ""]", true): Modify property of object successfully

2018-05-23 10:03:41 - [MESSAGE][PASSED] - Modify property of object successfully

2018-05-23 10:03:41 - [TEST_STEP][PASSED] - Statement - batchqty = com.kms.katalon.core.webui.keyword.WebUiBuiltInKeywords.getAttribute(batch, "value").trim(): Attribute 'value' of object '' is: '3100'

2018-05-23 10:03:41 - [MESSAGE][PASSED] - Attribute 'value' of object '' is: '3100'

2018-05-23 10:03:41 - [TEST_STEP][PASSED] - Statement - Rqty = 100: null

2018-05-23 10:03:41 - [TEST_STEP][PASSED] - delay: Delayed 2 second(s)

2018-05-23 10:03:43 - [MESSAGE][PASSED] - Delayed 2 second(s)

2018-05-23 10:03:43 - [TEST_STEP][PASSED] - Statement - out.println("BatchQty : " + batchqty): null

2018-05-23 10:03:43 - [TEST_STEP][PASSED] - Statement - out.println("RQty : " + Rqty): null

2018-05-23 10:03:43 - [TEST_STEP][PASSED] - Statement - If (java.lang.Integer.valueOf(batchqty) >= java.lang.Integer.valueOf(Rqty)): null

2018-05-23 10:03:43 - [TEST_STEP][PASSED] - Statement - Break: null

2018-05-23 10:03:43 - [TEST_STEP][PASSED] - Statement - batchlength = new com.kms.katalon.core.testobject.TestObject(): null

2018-05-23 10:03:43 - [TEST_STEP][PASSED] - Statement - batchlength = com.kms.katalon.core.webui.keyword.WebUiBuiltInKeywords.modifyObjectProperty(batchlength, "xpath", "equals", "//*[@id = "fldvendor" + row + ""]", true): Modify property of object successfully

2018-05-23 10:03:43 - [MESSAGE][PASSED] - Modify property of object successfully

2018-05-23 10:03:43 - [TEST_STEP][PASSED] - Statement - batchsize = com.kms.katalon.core.webui.keyword.WebUiBuiltInKeywords.getNumberOfTotalOption(batchlength): 7 options of object '' counted

2018-05-23 10:03:43 - [MESSAGE][PASSED] - 7 options of object '' counted

2018-05-23 10:03:43 - [TEST_STEP][PASSED] - Statement - out.println("BatchSize : " + batchsize): null

2018-05-23 10:03:43 - [TEST_STEP][PASSED] - Statement - For ([n = 1, n <= batchsize - 1, (n++)]): null

2018-05-23 10:03:43 - [TEST_STEP][PASSED] - Statement - product = new com.kms.katalon.core.testobject.TestObject(): null

2018-05-23 10:03:43 - [TEST_STEP][PASSED] - Statement - product = com.kms.katalon.core.webui.keyword.WebUiBuiltInKeywords.modifyObjectProperty(product, "xpath", "equals", "//*[@id = "fldvendor" + row + ""]", true): Modify property of object successfully

2018-05-23 10:03:43 - [MESSAGE][PASSED] - Modify property of object successfully

2018-05-23 10:03:43 - [TEST_STEP][PASSED] - selectOptionByIndex: All options with index in [1] are selected on object ''

2018-05-23 10:03:43 - [MESSAGE][PASSED] - All options with index in [1] are selected on object ''

2018-05-23 10:03:43 - [TEST_STEP][PASSED] - Statement - batch = new com.kms.katalon.core.testobject.TestObject(): null

2018-05-23 10:03:43 - [TEST_STEP][PASSED] - Statement - batch = com.kms.katalon.core.webui.keyword.WebUiBuiltInKeywords.modifyObjectProperty(batch, "xpath", "equals", "//*[@id = "txtbthqty" + row + ""]", true): Modify property of object successfully

2018-05-23 10:03:43 - [MESSAGE][PASSED] - Modify property of object successfully

2018-05-23 10:03:43 - [TEST_STEP][PASSED] - Statement - batchqty = com.kms.katalon.core.webui.keyword.WebUiBuiltInKeywords.getAttribute(batch, "value").trim(): Attribute 'value' of object '' is: '38000'

2018-05-23 10:03:43 - [MESSAGE][PASSED] - Attribute 'value' of object '' is: '38000'

2018-05-23 10:03:43 - [TEST_STEP][PASSED] - Statement - Rqty = 100: null

2018-05-23 10:03:43 - [TEST_STEP][PASSED] - delay: Delayed 2 second(s)

2018-05-23 10:03:45 - [MESSAGE][PASSED] - Delayed 2 second(s)

2018-05-23 10:03:45 - [TEST_STEP][PASSED] - Statement - out.println("BatchQty : " + batchqty): null

2018-05-23 10:03:45 - [TEST_STEP][PASSED] - Statement - out.println("RQty : " + Rqty): null

2018-05-23 10:03:45 - [TEST_STEP][PASSED] - Statement - If (java.lang.Integer.valueOf(batchqty) >= java.lang.Integer.valueOf(Rqty)): null

2018-05-23 10:03:45 - [TEST_STEP][PASSED] - Statement - Break: null

2018-05-23 10:03:45 - [TEST_STEP][PASSED] - Statement - batchlength = new com.kms.katalon.core.testobject.TestObject(): null

2018-05-23 10:03:45 - [TEST_STEP][PASSED] - Statement - batchlength = com.kms.katalon.core.webui.keyword.WebUiBuiltInKeywords.modifyObjectProperty(batchlength, "xpath", "equals", "//*[@id = "fldvendor" + row + ""]", true): Modify property of object successfully

2018-05-23 10:03:45 - [MESSAGE][PASSED] - Modify property of object successfully

2018-05-23 10:03:45 - [TEST_STEP][PASSED] - Statement - batchsize = com.kms.katalon.core.webui.keyword.WebUiBuiltInKeywords.getNumberOfTotalOption(batchlength): 7 options of object '' counted

2018-05-23 10:03:45 - [MESSAGE][PASSED] - 7 options of object '' counted

2018-05-23 10:03:45 - [TEST_STEP][PASSED] - Statement - out.println("BatchSize : " + batchsize): null

2018-05-23 10:03:45 - [TEST_STEP][PASSED] - Statement - For ([n = 1, n <= batchsize - 1, (n++)]): null

2018-05-23 10:03:45 - [TEST_STEP][PASSED] - Statement - product = new com.kms.katalon.core.testobject.TestObject(): null

2018-05-23 10:03:45 - [TEST_STEP][PASSED] - Statement - product = com.kms.katalon.core.webui.keyword.WebUiBuiltInKeywords.modifyObjectProperty(product, "xpath", "equals", "//*[@id = "fldvendor" + row + ""]", true): Modify property of object successfully

2018-05-23 10:03:45 - [MESSAGE][PASSED] - Modify property of object successfully

2018-05-23 10:03:45 - [TEST_STEP][PASSED] - selectOptionByIndex: All options with index in [1] are selected on object ''

2018-05-23 10:03:45 - [MESSAGE][PASSED] - All options with index in [1] are selected on object ''

2018-05-23 10:03:45 - [TEST_STEP][PASSED] - Statement - batch = new com.kms.katalon.core.testobject.TestObject(): null

2018-05-23 10:03:45 - [TEST_STEP][PASSED] - Statement - batch = com.kms.katalon.core.webui.keyword.WebUiBuiltInKeywords.modifyObjectProperty(batch, "xpath", "equals", "//*[@id = "txtbthqty" + row + ""]", true): Modify property of object successfully

2018-05-23 10:03:45 - [MESSAGE][PASSED] - Modify property of object successfully

2018-05-23 10:03:45 - [TEST_STEP][PASSED] - Statement - batchqty = com.kms.katalon.core.webui.keyword.WebUiBuiltInKeywords.getAttribute(batch, "value").trim(): Attribute 'value' of object '' is: '3100'

2018-05-23 10:03:45 - [MESSAGE][PASSED] - Attribute 'value' of object '' is: '3100'

2018-05-23 10:03:45 - [TEST_STEP][PASSED] - Statement - Rqty = 100: null

2018-05-23 10:03:45 - [TEST_STEP][PASSED] - delay: Delayed 2 second(s)

2018-05-23 10:03:47 - [MESSAGE][PASSED] - Delayed 2 second(s)

2018-05-23 10:03:47 - [TEST_STEP][PASSED] - Statement - out.println("BatchQty : " + batchqty): null

2018-05-23 10:03:47 - [TEST_STEP][PASSED] - Statement - out.println("RQty : " + Rqty): null

2018-05-23 10:03:47 - [TEST_STEP][PASSED] - Statement - If (java.lang.Integer.valueOf(batchqty) >= java.lang.Integer.valueOf(Rqty)): null

2018-05-23 10:03:47 - [TEST_STEP][PASSED] - Statement - Break: null

2018-05-23 10:03:47 - [TEST_STEP][PASSED] - Statement - batchlength = new com.kms.katalon.core.testobject.TestObject(): null

2018-05-23 10:03:47 - [TEST_STEP][PASSED] - Statement - batchlength = com.kms.katalon.core.webui.keyword.WebUiBuiltInKeywords.modifyObjectProperty(batchlength, "xpath", "equals", "//*[@id = "fldvendor" + row + ""]", true): Modify property of object successfully

2018-05-23 10:03:47 - [MESSAGE][PASSED] - Modify property of object successfully

2018-05-23 10:03:47 - [TEST_STEP][PASSED] - Statement - batchsize = com.kms.katalon.core.webui.keyword.WebUiBuiltInKeywords.getNumberOfTotalOption(batchlength): 7 options of object '' counted

2018-05-23 10:03:47 - [MESSAGE][PASSED] - 7 options of object '' counted

2018-05-23 10:03:47 - [TEST_STEP][PASSED] - Statement - out.println("BatchSize : " + batchsize): null

2018-05-23 10:03:47 - [TEST_STEP][PASSED] - Statement - For ([n = 1, n <= batchsize - 1, (n++)]): null

2018-05-23 10:03:47 - [TEST_STEP][PASSED] - Statement - product = new com.kms.katalon.core.testobject.TestObject(): null

2018-05-23 10:03:47 - [TEST_STEP][PASSED] - Statement - product = com.kms.katalon.core.webui.keyword.WebUiBuiltInKeywords.modifyObjectProperty(product, "xpath", "equals", "//*[@id = "fldvendor" + row + ""]", true): Modify property of object successfully

2018-05-23 10:03:47 - [MESSAGE][PASSED] - Modify property of object successfully

2018-05-23 10:03:47 - [TEST_STEP][PASSED] - selectOptionByIndex: All options with index in [1] are selected on object ''

2018-05-23 10:03:47 - [MESSAGE][PASSED] - All options with index in [1] are selected on object ''

2018-05-23 10:03:47 - [TEST_STEP][PASSED] - Statement - batch = new com.kms.katalon.core.testobject.TestObject(): null

2018-05-23 10:03:47 - [TEST_STEP][PASSED] - Statement - batch = com.kms.katalon.core.webui.keyword.WebUiBuiltInKeywords.modifyObjectProperty(batch, "xpath", "equals", "//*[@id = "txtbthqty" + row + ""]", true): Modify property of object successfully

2018-05-23 10:03:47 - [MESSAGE][PASSED] - Modify property of object successfully

2018-05-23 10:03:47 - [TEST_STEP][PASSED] - Statement - batchqty = com.kms.katalon.core.webui.keyword.WebUiBuiltInKeywords.getAttribute(batch, "value").trim(): Attribute 'value' of object '' is: '38000'

2018-05-23 10:03:47 - [MESSAGE][PASSED] - Attribute 'value' of object '' is: '38000'

2018-05-23 10:03:47 - [TEST_STEP][PASSED] - Statement - Rqty = 100: null

2018-05-23 10:03:47 - [TEST_STEP][PASSED] - delay: Delayed 2 second(s)

2018-05-23 10:03:49 - [MESSAGE][PASSED] - Delayed 2 second(s)

2018-05-23 10:03:49 - [TEST_STEP][PASSED] - Statement - out.println("BatchQty : " + batchqty): null

2018-05-23 10:03:49 - [TEST_STEP][PASSED] - Statement - out.println("RQty : " + Rqty): null

2018-05-23 10:03:49 - [TEST_STEP][PASSED] - Statement - If (java.lang.Integer.valueOf(batchqty) >= java.lang.Integer.valueOf(Rqty)): null

2018-05-23 10:03:49 - [TEST_STEP][PASSED] - Statement - Break: null

2018-05-23 10:03:49 - [TEST_STEP][PASSED] - Statement - batchlength = new com.kms.katalon.core.testobject.TestObject(): null

2018-05-23 10:03:49 - [TEST_STEP][PASSED] - Statement - batchlength = com.kms.katalon.core.webui.keyword.WebUiBuiltInKeywords.modifyObjectProperty(batchlength, "xpath", "equals", "//*[@id = "fldvendor" + row + ""]", true): Modify property of object successfully

2018-05-23 10:03:49 - [MESSAGE][PASSED] - Modify property of object successfully

2018-05-23 10:03:49 - [TEST_STEP][PASSED] - Statement - batchsize = com.kms.katalon.core.webui.keyword.WebUiBuiltInKeywords.getNumberOfTotalOption(batchlength): 7 options of object '' counted

2018-05-23 10:03:49 - [MESSAGE][PASSED] - 7 options of object '' counted

2018-05-23 10:03:49 - [TEST_STEP][PASSED] - Statement - out.println("BatchSize : " + batchsize): null

2018-05-23 10:03:49 - [TEST_STEP][PASSED] - Statement - For ([n = 1, n <= batchsize - 1, (n++)]): null

2018-05-23 10:03:49 - [TEST_STEP][PASSED] - Statement - product = new com.kms.katalon.core.testobject.TestObject(): null

2018-05-23 10:03:49 - [TEST_STEP][PASSED] - Statement - product = com.kms.katalon.core.webui.keyword.WebUiBuiltInKeywords.modifyObjectProperty(product, "xpath", "equals", "//*[@id = "fldvendor" + row + ""]", true): Modify property of object successfully

2018-05-23 10:03:49 - [MESSAGE][PASSED] - Modify property of object successfully

2018-05-23 10:03:49 - [TEST_STEP][PASSED] - selectOptionByIndex: All options with index in [1] are selected on object ''

2018-05-23 10:03:50 - [MESSAGE][PASSED] - All options with index in [1] are selected on object ''

2018-05-23 10:03:50 - [TEST_STEP][PASSED] - Statement - batch = new com.kms.katalon.core.testobject.TestObject(): null

2018-05-23 10:03:50 - [TEST_STEP][PASSED] - Statement - batch = com.kms.katalon.core.webui.keyword.WebUiBuiltInKeywords.modifyObjectProperty(batch, "xpath", "equals", "//*[@id = "txtbthqty" + row + ""]", true): Modify property of object successfully

2018-05-23 10:03:50 - [MESSAGE][PASSED] - Modify property of object successfully

2018-05-23 10:03:50 - [TEST_STEP][PASSED] - Statement - batchqty = com.kms.katalon.core.webui.keyword.WebUiBuiltInKeywords.getAttribute(batch, "value").trim(): Attribute 'value' of object '' is: '3100'

2018-05-23 10:03:50 - [MESSAGE][PASSED] - Attribute 'value' of object '' is: '3100'

2018-05-23 10:03:50 - [TEST_STEP][PASSED] - Statement - Rqty = 100: null

2018-05-23 10:03:50 - [TEST_STEP][PASSED] - delay: Delayed 2 second(s)

2018-05-23 10:03:52 - [MESSAGE][PASSED] - Delayed 2 second(s)

2018-05-23 10:03:52 - [TEST_STEP][PASSED] - Statement - out.println("BatchQty : " + batchqty): null

2018-05-23 10:03:52 - [TEST_STEP][PASSED] - Statement - out.println("RQty : " + Rqty): null

2018-05-23 10:03:52 - [TEST_STEP][PASSED] - Statement - If (java.lang.Integer.valueOf(batchqty) >= java.lang.Integer.valueOf(Rqty)): null

2018-05-23 10:03:52 - [TEST_STEP][PASSED] - Statement - Break: null

2018-05-23 10:03:52 - [TEST_STEP][PASSED] - Statement - batchlength = new com.kms.katalon.core.testobject.TestObject(): null

2018-05-23 10:03:52 - [TEST_STEP][PASSED] - Statement - batchlength = com.kms.katalon.core.webui.keyword.WebUiBuiltInKeywords.modifyObjectProperty(batchlength, "xpath", "equals", "//*[@id = "fldvendor" + row + ""]", true): Modify property of object successfully

2018-05-23 10:03:52 - [MESSAGE][PASSED] - Modify property of object successfully

2018-05-23 10:03:52 - [TEST_STEP][PASSED] - Statement - batchsize = com.kms.katalon.core.webui.keyword.WebUiBuiltInKeywords.getNumberOfTotalOption(batchlength): 6 options of object '' counted

2018-05-23 10:03:52 - [MESSAGE][PASSED] - 6 options of object '' counted

2018-05-23 10:03:52 - [TEST_STEP][PASSED] - Statement - out.println("BatchSize : " + batchsize): null

2018-05-23 10:03:52 - [TEST_STEP][PASSED] - Statement - For ([n = 1, n <= batchsize - 1, (n++)]): null

2018-05-23 10:03:52 - [TEST_STEP][PASSED] - Statement - product = new com.kms.katalon.core.testobject.TestObject(): null

2018-05-23 10:03:52 - [TEST_STEP][PASSED] - Statement - product = com.kms.katalon.core.webui.keyword.WebUiBuiltInKeywords.modifyObjectProperty(product, "xpath", "equals", "//*[@id = "fldvendor" + row + ""]", true): Modify property of object successfully

2018-05-23 10:03:52 - [MESSAGE][PASSED] - Modify property of object successfully

2018-05-23 10:03:52 - [TEST_STEP][PASSED] - selectOptionByIndex: All options with index in [1] are selected on object ''

2018-05-23 10:03:52 - [MESSAGE][PASSED] - All options with index in [1] are selected on object ''

2018-05-23 10:03:52 - [TEST_STEP][PASSED] - Statement - batch = new com.kms.katalon.core.testobject.TestObject(): null

2018-05-23 10:03:52 - [TEST_STEP][PASSED] - Statement - batch = com.kms.katalon.core.webui.keyword.WebUiBuiltInKeywords.modifyObjectProperty(batch, "xpath", "equals", "//*[@id = "txtbthqty" + row + ""]", true): Modify property of object successfully

2018-05-23 10:03:52 - [MESSAGE][PASSED] - Modify property of object successfully

2018-05-23 10:03:52 - [TEST_STEP][PASSED] - Statement - batchqty = com.kms.katalon.core.webui.keyword.WebUiBuiltInKeywords.getAttribute(batch, "value").trim(): Attribute 'value' of object '' is: '3400'

2018-05-23 10:03:52 - [MESSAGE][PASSED] - Attribute 'value' of object '' is: '3400'

2018-05-23 10:03:52 - [TEST_STEP][PASSED] - Statement - Rqty = 100: null

2018-05-23 10:03:52 - [TEST_STEP][PASSED] - delay: Delayed 2 second(s)

2018-05-23 10:03:54 - [MESSAGE][PASSED] - Delayed 2 second(s)

2018-05-23 10:03:54 - [TEST_STEP][PASSED] - Statement - out.println("BatchQty : " + batchqty): null

2018-05-23 10:03:54 - [TEST_STEP][PASSED] - Statement - out.println("RQty : " + Rqty): null

2018-05-23 10:03:54 - [TEST_STEP][PASSED] - Statement - If (java.lang.Integer.valueOf(batchqty) >= java.lang.Integer.valueOf(Rqty)): null

2018-05-23 10:03:54 - [TEST_STEP][PASSED] - Statement - Break: null

2018-05-23 10:03:54 - [TEST_STEP][PASSED] - Statement - batchlength = new com.kms.katalon.core.testobject.TestObject(): null

2018-05-23 10:03:54 - [TEST_STEP][PASSED] - Statement - batchlength = com.kms.katalon.core.webui.keyword.WebUiBuiltInKeywords.modifyObjectProperty(batchlength, "xpath", "equals", "//*[@id = "fldvendor" + row + ""]", true): Modify property of object successfully

2018-05-23 10:03:54 - [MESSAGE][PASSED] - Modify property of object successfully

2018-05-23 10:03:54 - [TEST_STEP][PASSED] - Statement - batchsize = com.kms.katalon.core.webui.keyword.WebUiBuiltInKeywords.getNumberOfTotalOption(batchlength): 6 options of object '' counted

2018-05-23 10:03:54 - [MESSAGE][PASSED] - 6 options of object '' counted

2018-05-23 10:03:54 - [TEST_STEP][PASSED] - Statement - out.println("BatchSize : " + batchsize): null

2018-05-23 10:03:54 - [TEST_STEP][PASSED] - Statement - For ([n = 1, n <= batchsize - 1, (n++)]): null

2018-05-23 10:03:54 - [TEST_STEP][PASSED] - Statement - product = new com.kms.katalon.core.testobject.TestObject(): null

2018-05-23 10:03:54 - [TEST_STEP][PASSED] - Statement - product = com.kms.katalon.core.webui.keyword.WebUiBuiltInKeywords.modifyObjectProperty(product, "xpath", "equals", "//*[@id = "fldvendor" + row + ""]", true): Modify property of object successfully

2018-05-23 10:03:54 - [MESSAGE][PASSED] - Modify property of object successfully

2018-05-23 10:03:54 - [TEST_STEP][PASSED] - selectOptionByIndex: All options with index in [1] are selected on object ''

2018-05-23 10:03:54 - [MESSAGE][PASSED] - All options with index in [1] are selected on object ''

2018-05-23 10:03:54 - [TEST_STEP][PASSED] - Statement - batch = new com.kms.katalon.core.testobject.TestObject(): null

2018-05-23 10:03:54 - [TEST_STEP][PASSED] - Statement - batch = com.kms.katalon.core.webui.keyword.WebUiBuiltInKeywords.modifyObjectProperty(batch, "xpath", "equals", "//*[@id = "txtbthqty" + row + ""]", true): Modify property of object successfully

2018-05-23 10:03:54 - [MESSAGE][PASSED] - Modify property of object successfully

2018-05-23 10:03:54 - [TEST_STEP][PASSED] - Statement - batchqty = com.kms.katalon.core.webui.keyword.WebUiBuiltInKeywords.getAttribute(batch, "value").trim(): Attribute 'value' of object '' is: '4400'

2018-05-23 10:03:54 - [MESSAGE][PASSED] - Attribute 'value' of object '' is: '4400'

2018-05-23 10:03:54 - [TEST_STEP][PASSED] - Statement - Rqty = 100: null

2018-05-23 10:03:54 - [TEST_STEP][PASSED] - delay: Delayed 2 second(s)

2018-05-23 10:03:56 - [MESSAGE][PASSED] - Delayed 2 second(s)

2018-05-23 10:03:56 - [TEST_STEP][PASSED] - Statement - out.println("BatchQty : " + batchqty): null

2018-05-23 10:03:56 - [TEST_STEP][PASSED] - Statement - out.println("RQty : " + Rqty): null

2018-05-23 10:03:56 - [TEST_STEP][PASSED] - Statement - If (java.lang.Integer.valueOf(batchqty) >= java.lang.Integer.valueOf(Rqty)): null

2018-05-23 10:03:56 - [TEST_STEP][PASSED] - Statement - Break: null

2018-05-23 10:03:56 - [TEST_STEP][PASSED] - Statement - batchlength = new com.kms.katalon.core.testobject.TestObject(): null

2018-05-23 10:03:56 - [TEST_STEP][PASSED] - Statement - batchlength = com.kms.katalon.core.webui.keyword.WebUiBuiltInKeywords.modifyObjectProperty(batchlength, "xpath", "equals", "//*[@id = "fldvendor" + row + ""]", true): Modify property of object successfully

2018-05-23 10:03:56 - [MESSAGE][PASSED] - Modify property of object successfully

2018-05-23 10:03:56 - [TEST_STEP][PASSED] - Statement - batchsize = com.kms.katalon.core.webui.keyword.WebUiBuiltInKeywords.getNumberOfTotalOption(batchlength): 6 options of object '' counted

2018-05-23 10:03:56 - [MESSAGE][PASSED] - 6 options of object '' counted

2018-05-23 10:03:56 - [TEST_STEP][PASSED] - Statement - out.println("BatchSize : " + batchsize): null

2018-05-23 10:03:56 - [TEST_STEP][PASSED] - Statement - For ([n = 1, n <= batchsize - 1, (n++)]): null

2018-05-23 10:03:56 - [TEST_STEP][PASSED] - Statement - product = new com.kms.katalon.core.testobject.TestObject(): null

2018-05-23 10:03:56 - [TEST_STEP][PASSED] - Statement - product = com.kms.katalon.core.webui.keyword.WebUiBuiltInKeywords.modifyObjectProperty(product, "xpath", "equals", "//*[@id = "fldvendor" + row + ""]", true): Modify property of object successfully

2018-05-23 10:03:56 - [MESSAGE][PASSED] - Modify property of object successfully

2018-05-23 10:03:56 - [TEST_STEP][PASSED] - selectOptionByIndex: All options with index in [1] are selected on object ''

2018-05-23 10:03:56 - [MESSAGE][PASSED] - All options with index in [1] are selected on object ''

2018-05-23 10:03:56 - [TEST_STEP][PASSED] - Statement - batch = new com.kms.katalon.core.testobject.TestObject(): null

2018-05-23 10:03:56 - [TEST_STEP][PASSED] - Statement - batch = com.kms.katalon.core.webui.keyword.WebUiBuiltInKeywords.modifyObjectProperty(batch, "xpath", "equals", "//*[@id = "txtbthqty" + row + ""]", true): Modify property of object successfully

2018-05-23 10:03:56 - [MESSAGE][PASSED] - Modify property of object successfully

2018-05-23 10:03:56 - [TEST_STEP][PASSED] - Statement - batchqty = com.kms.katalon.core.webui.keyword.WebUiBuiltInKeywords.getAttribute(batch, "value").trim(): Attribute 'value' of object '' is: '38300'

2018-05-23 10:03:56 - [MESSAGE][PASSED] - Attribute 'value' of object '' is: '38300'

2018-05-23 10:03:56 - [TEST_STEP][PASSED] - Statement - Rqty = 100: null

2018-05-23 10:03:56 - [TEST_STEP][PASSED] - delay: Delayed 2 second(s)

2018-05-23 10:03:58 - [MESSAGE][PASSED] - Delayed 2 second(s)

2018-05-23 10:03:58 - [TEST_STEP][PASSED] - Statement - out.println("BatchQty : " + batchqty): null

2018-05-23 10:03:58 - [TEST_STEP][PASSED] - Statement - out.println("RQty : " + Rqty): null

2018-05-23 10:03:58 - [TEST_STEP][PASSED] - Statement - If (java.lang.Integer.valueOf(batchqty) >= java.lang.Integer.valueOf(Rqty)): null

2018-05-23 10:03:58 - [TEST_STEP][PASSED] - Statement - Break: null

2018-05-23 10:03:58 - [TEST_STEP][PASSED] - Statement - batchlength = new com.kms.katalon.core.testobject.TestObject(): null

2018-05-23 10:03:58 - [TEST_STEP][PASSED] - Statement - batchlength = com.kms.katalon.core.webui.keyword.WebUiBuiltInKeywords.modifyObjectProperty(batchlength, "xpath", "equals", "//*[@id = "fldvendor" + row + ""]", true): Modify property of object successfully

2018-05-23 10:03:58 - [MESSAGE][PASSED] - Modify property of object successfully

2018-05-23 10:03:58 - [TEST_STEP][PASSED] - Statement - batchsize = com.kms.katalon.core.webui.keyword.WebUiBuiltInKeywords.getNumberOfTotalOption(batchlength): 7 options of object '' counted

2018-05-23 10:03:58 - [MESSAGE][PASSED] - 7 options of object '' counted

2018-05-23 10:03:58 - [TEST_STEP][PASSED] - Statement - out.println("BatchSize : " + batchsize): null

2018-05-23 10:03:58 - [TEST_STEP][PASSED] - Statement - For ([n = 1, n <= batchsize - 1, (n++)]): null

2018-05-23 10:03:58 - [TEST_STEP][PASSED] - Statement - product = new com.kms.katalon.core.testobject.TestObject(): null

2018-05-23 10:03:58 - [TEST_STEP][PASSED] - Statement - product = com.kms.katalon.core.webui.keyword.WebUiBuiltInKeywords.modifyObjectProperty(product, "xpath", "equals", "//*[@id = "fldvendor" + row + ""]", true): Modify property of object successfully

2018-05-23 10:03:58 - [MESSAGE][PASSED] - Modify property of object successfully

2018-05-23 10:03:58 - [TEST_STEP][PASSED] - selectOptionByIndex: All options with index in [1] are selected on object ''

2018-05-23 10:03:59 - [MESSAGE][PASSED] - All options with index in [1] are selected on object ''

2018-05-23 10:03:59 - [TEST_STEP][PASSED] - Statement - batch = new com.kms.katalon.core.testobject.TestObject(): null

2018-05-23 10:03:59 - [TEST_STEP][PASSED] - Statement - batch = com.kms.katalon.core.webui.keyword.WebUiBuiltInKeywords.modifyObjectProperty(batch, "xpath", "equals", "//*[@id = "txtbthqty" + row + ""]", true): Modify property of object successfully

2018-05-23 10:03:59 - [MESSAGE][PASSED] - Modify property of object successfully

2018-05-23 10:03:59 - [TEST_STEP][PASSED] - Statement - batchqty = com.kms.katalon.core.webui.keyword.WebUiBuiltInKeywords.getAttribute(batch, "value").trim(): Attribute 'value' of object '' is: '3100'

2018-05-23 10:03:59 - [MESSAGE][PASSED] - Attribute 'value' of object '' is: '3100'

2018-05-23 10:03:59 - [TEST_STEP][PASSED] - Statement - Rqty = 100: null

2018-05-23 10:03:59 - [TEST_STEP][PASSED] - delay: Delayed 2 second(s)

2018-05-23 10:04:01 - [MESSAGE][PASSED] - Delayed 2 second(s)

2018-05-23 10:04:01 - [TEST_STEP][PASSED] - Statement - out.println("BatchQty : " + batchqty): null

2018-05-23 10:04:01 - [TEST_STEP][PASSED] - Statement - out.println("RQty : " + Rqty): null

2018-05-23 10:04:01 - [TEST_STEP][PASSED] - Statement - If (java.lang.Integer.valueOf(batchqty) >= java.lang.Integer.valueOf(Rqty)): null

2018-05-23 10:04:01 - [TEST_STEP][PASSED] - Statement - Break: null

2018-05-23 10:04:01 - [TEST_STEP][PASSED] - Statement - batchlength = new com.kms.katalon.core.testobject.TestObject(): null

2018-05-23 10:04:01 - [TEST_STEP][PASSED] - Statement - batchlength = com.kms.katalon.core.webui.keyword.WebUiBuiltInKeywords.modifyObjectProperty(batchlength, "xpath", "equals", "//*[@id = "fldvendor" + row + ""]", true): Modify property of object successfully

2018-05-23 10:04:01 - [MESSAGE][PASSED] - Modify property of object successfully

2018-05-23 10:04:01 - [TEST_STEP][PASSED] - Statement - batchsize = com.kms.katalon.core.webui.keyword.WebUiBuiltInKeywords.getNumberOfTotalOption(batchlength): 7 options of object '' counted

2018-05-23 10:04:01 - [MESSAGE][PASSED] - 7 options of object '' counted

2018-05-23 10:04:01 - [TEST_STEP][PASSED] - Statement - out.println("BatchSize : " + batchsize): null

2018-05-23 10:04:01 - [TEST_STEP][PASSED] - Statement - For ([n = 1, n <= batchsize - 1, (n++)]): null

2018-05-23 10:04:01 - [TEST_STEP][PASSED] - Statement - product = new com.kms.katalon.core.testobject.TestObject(): null

2018-05-23 10:04:01 - [TEST_STEP][PASSED] - Statement - product = com.kms.katalon.core.webui.keyword.WebUiBuiltInKeywords.modifyObjectProperty(product, "xpath", "equals", "//*[@id = "fldvendor" + row + ""]", true): Modify property of object successfully

2018-05-23 10:04:01 - [MESSAGE][PASSED] - Modify property of object successfully

2018-05-23 10:04:01 - [TEST_STEP][PASSED] - selectOptionByIndex: All options with index in [1] are selected on object ''

2018-05-23 10:04:01 - [MESSAGE][PASSED] - All options with index in [1] are selected on object ''

2018-05-23 10:04:01 - [TEST_STEP][PASSED] - Statement - batch = new com.kms.katalon.core.testobject.TestObject(): null

2018-05-23 10:04:01 - [TEST_STEP][PASSED] - Statement - batch = com.kms.katalon.core.webui.keyword.WebUiBuiltInKeywords.modifyObjectProperty(batch, "xpath", "equals", "//*[@id = "txtbthqty" + row + ""]", true): Modify property of object successfully

2018-05-23 10:04:01 - [MESSAGE][PASSED] - Modify property of object successfully

2018-05-23 10:04:01 - [TEST_STEP][PASSED] - Statement - batchqty = com.kms.katalon.core.webui.keyword.WebUiBuiltInKeywords.getAttribute(batch, "value").trim(): Attribute 'value' of object '' is: '3100'

2018-05-23 10:04:01 - [MESSAGE][PASSED] - Attribute 'value' of object '' is: '3100'

2018-05-23 10:04:01 - [TEST_STEP][PASSED] - Statement - Rqty = 100: null

2018-05-23 10:04:01 - [TEST_STEP][PASSED] - delay: Delayed 2 second(s)

2018-05-23 10:04:03 - [MESSAGE][PASSED] - Delayed 2 second(s)

2018-05-23 10:04:03 - [TEST_STEP][PASSED] - Statement - out.println("BatchQty : " + batchqty): null

2018-05-23 10:04:03 - [TEST_STEP][PASSED] - Statement - out.println("RQty : " + Rqty): null

2018-05-23 10:04:03 - [TEST_STEP][PASSED] - Statement - If (java.lang.Integer.valueOf(batchqty) >= java.lang.Integer.valueOf(Rqty)): null

2018-05-23 10:04:03 - [TEST_STEP][PASSED] - Statement - Break: null

2018-05-23 10:04:03 - [TEST_STEP][PASSED] - Statement - batchlength = new com.kms.katalon.core.testobject.TestObject(): null

2018-05-23 10:04:03 - [TEST_STEP][PASSED] - Statement - batchlength = com.kms.katalon.core.webui.keyword.WebUiBuiltInKeywords.modifyObjectProperty(batchlength, "xpath", "equals", "//*[@id = "fldvendor" + row + ""]", true): Modify property of object successfully

2018-05-23 10:04:03 - [MESSAGE][PASSED] - Modify property of object successfully

2018-05-23 10:04:03 - [TEST_STEP][PASSED] - Statement - batchsize = com.kms.katalon.core.webui.keyword.WebUiBuiltInKeywords.getNumberOfTotalOption(batchlength): 7 options of object '' counted

2018-05-23 10:04:03 - [MESSAGE][PASSED] - 7 options of object '' counted

2018-05-23 10:04:03 - [TEST_STEP][PASSED] - Statement - out.println("BatchSize : " + batchsize): null

2018-05-23 10:04:03 - [TEST_STEP][PASSED] - Statement - For ([n = 1, n <= batchsize - 1, (n++)]): null

2018-05-23 10:04:03 - [TEST_STEP][PASSED] - Statement - product = new com.kms.katalon.core.testobject.TestObject(): null

2018-05-23 10:04:03 - [TEST_STEP][PASSED] - Statement - product = com.kms.katalon.core.webui.keyword.WebUiBuiltInKeywords.modifyObjectProperty(product, "xpath", "equals", "//*[@id = "fldvendor" + row + ""]", true): Modify property of object successfully

2018-05-23 10:04:03 - [MESSAGE][PASSED] - Modify property of object successfully

2018-05-23 10:04:03 - [TEST_STEP][PASSED] - selectOptionByIndex: All options with index in [1] are selected on object ''

2018-05-23 10:04:03 - [MESSAGE][PASSED] - All options with index in [1] are selected on object ''

2018-05-23 10:04:03 - [TEST_STEP][PASSED] - Statement - batch = new com.kms.katalon.core.testobject.TestObject(): null

2018-05-23 10:04:03 - [TEST_STEP][PASSED] - Statement - batch = com.kms.katalon.core.webui.keyword.WebUiBuiltInKeywords.modifyObjectProperty(batch, "xpath", "equals", "//*[@id = "txtbthqty" + row + ""]", true): Modify property of object successfully

2018-05-23 10:04:03 - [MESSAGE][PASSED] - Modify property of object successfully

2018-05-23 10:04:03 - [TEST_STEP][PASSED] - Statement - batchqty = com.kms.katalon.core.webui.keyword.WebUiBuiltInKeywords.getAttribute(batch, "value").trim(): Attribute 'value' of object '' is: '4100'

2018-05-23 10:04:03 - [MESSAGE][PASSED] - Attribute 'value' of object '' is: '4100'

2018-05-23 10:04:03 - [TEST_STEP][PASSED] - Statement - Rqty = 100: null

2018-05-23 10:04:03 - [TEST_STEP][PASSED] - delay: Delayed 2 second(s)

2018-05-23 10:04:05 - [MESSAGE][PASSED] - Delayed 2 second(s)

2018-05-23 10:04:05 - [TEST_STEP][PASSED] - Statement - out.println("BatchQty : " + batchqty): null

2018-05-23 10:04:05 - [TEST_STEP][PASSED] - Statement - out.println("RQty : " + Rqty): null

2018-05-23 10:04:05 - [TEST_STEP][PASSED] - Statement - If (java.lang.Integer.valueOf(batchqty) >= java.lang.Integer.valueOf(Rqty)): null

2018-05-23 10:04:05 - [TEST_STEP][PASSED] - Statement - Break: null

2018-05-23 10:04:05 - [TEST_STEP][PASSED] - click: Object: 'Object Repository/store Request Schedule 1/Page_KDMC - CMS/input_btndispatch' is clicked on

2018-05-23 10:04:05 - [MESSAGE][PASSED] - Object: 'Object Repository/store Request Schedule 1/Page_KDMC - CMS/input_btndispatch' is clicked on

2018-05-23 10:04:05 - [TEST_STEP][PASSED] - delay: Delayed 3 second(s)

2018-05-23 10:04:08 - [MESSAGE][PASSED] - Delayed 3 second(s)

2018-05-23 10:04:08 - [TEST_STEP][PASSED] - click: Object: 'Object Repository/store Request Schedule 1/Page_KDMC - CMS/button_OK' is clicked on

2018-05-23 10:04:09 - [MESSAGE][PASSED] - Object: 'Object Repository/store Request Schedule 1/Page_KDMC - CMS/button_OK' is clicked on

2018-05-23 10:04:09 - [TEST_STEP][PASSED] - click: Object: 'Object Repository/store Request Schedule 1/Page_KDMC - CMS/a_dropdown-toggle' is clicked on

2018-05-23 10:04:10 - [MESSAGE][PASSED] - Object: 'Object Repository/store Request Schedule 1/Page_KDMC - CMS/a_dropdown-toggle' is clicked on

2018-05-23 10:04:10 - [TEST_STEP][PASSED] - click: Object: 'Object Repository/store Request Schedule 1/Page_KDMC - CMS/a_Sign out' is clicked on

2018-05-23 10:04:11 - [MESSAGE][PASSED] - Object: 'Object Repository/store Request Schedule 1/Page_KDMC - CMS/a_Sign out' is clicked on

2018-05-23 10:04:11 - [TEST_STEP][PASSED] - delay: Delayed 3 second(s)

2018-05-23 10:04:14 - [MESSAGE][PASSED] - Delayed 3 second(s)

2018-05-23 10:04:14 - [TEST_STEP][PASSED] - click: Object: 'Object Repository/Store Request Schedule 1/Page_KDMC/a_Divisional Store' is clicked on

2018-05-23 10:04:14 - [MESSAGE][PASSED] - Object: 'Object Repository/Store Request Schedule 1/Page_KDMC/a_Divisional Store' is clicked on

2018-05-23 10:04:14 - [TEST_STEP][PASSED] - setText: Text 'ragu' is set on object 'Object Repository/Store Request Schedule 1/Page_Divisonal Store Login/input_txtusername'

2018-05-23 10:04:14 - [MESSAGE][PASSED] - Text 'ragu' is set on object 'Object Repository/Store Request Schedule 1/Page_Divisonal Store Login/input_txtusername'

2018-05-23 10:04:14 - [TEST_STEP][PASSED] - setText: Text '123' is set on object 'Object Repository/Store Request Schedule 1/Page_Divisonal Store Login/input_txtpassword'

2018-05-23 10:04:15 - [MESSAGE][PASSED] - Text '123' is set on object 'Object Repository/Store Request Schedule 1/Page_Divisonal Store Login/input_txtpassword'

2018-05-23 10:04:15 - [TEST_STEP][PASSED] - delay: Delayed 3 second(s)

2018-05-23 10:04:18 - [MESSAGE][PASSED] - Delayed 3 second(s)

2018-05-23 10:04:18 - [TEST_STEP][PASSED] - click: Object: 'Object Repository/Store Request Schedule 1/Page_Divisonal Store Login/button_Sign in' is clicked on

2018-05-23 10:04:19 - [MESSAGE][PASSED] - Object: 'Object Repository/Store Request Schedule 1/Page_Divisonal Store Login/button_Sign in' is clicked on

2018-05-23 10:04:19 - [TEST_STEP][PASSED] - delay: Delayed 3 second(s)

2018-05-23 10:04:22 - [MESSAGE][PASSED] - Delayed 3 second(s)

2018-05-23 10:04:22 - [TEST_STEP][PASSED] - click: Object: 'Object Repository/Store Request Schedule 1/Page_Store/a_CMS' is clicked on

2018-05-23 10:04:22 - [MESSAGE][PASSED] - Object: 'Object Repository/Store Request Schedule 1/Page_Store/a_CMS' is clicked on

2018-05-23 10:04:22 - [TEST_STEP][PASSED] - delay: Delayed 2 second(s)

2018-05-23 10:04:24 - [MESSAGE][PASSED] - Delayed 2 second(s)

2018-05-23 10:04:24 - [TEST_STEP][PASSED] - click: Object: 'Object Repository/Store Request Schedule 1/Page_Store/a_Receiving Goods' is clicked on

2018-05-23 10:04:25 - [MESSAGE][PASSED] - Object: 'Object Repository/Store Request Schedule 1/Page_Store/a_Receiving Goods' is clicked on

2018-05-23 10:04:25 - [TEST_STEP][PASSED] - setText: Text 'PRNO/23052018/354' is set on object 'Object Repository/Store Request Schedule 1/Page_Store/input'

2018-05-23 10:04:25 - [MESSAGE][PASSED] - Text 'PRNO/23052018/354' is set on object 'Object Repository/Store Request Schedule 1/Page_Store/input'

2018-05-23 10:04:25 - [TEST_STEP][PASSED] - click: Object: 'Object Repository/Store Request Schedule 1/Page_Store/input_btn btn-primary' is clicked on

2018-05-23 10:04:25 - [MESSAGE][PASSED] - Object: 'Object Repository/Store Request Schedule 1/Page_Store/input_btn btn-primary' is clicked on

2018-05-23 10:04:25 - [TEST_STEP][PASSED] - delay: Delayed 2 second(s)

2018-05-23 10:04:27 - [MESSAGE][PASSED] - Delayed 2 second(s)

2018-05-23 10:04:27 - [TEST_STEP][PASSED] - click: Object: 'Object Repository/Store Request Schedule 1/Page_Store/input_chkrem' is clicked on

2018-05-23 10:04:27 - [MESSAGE][PASSED] - Object: 'Object Repository/Store Request Schedule 1/Page_Store/input_chkrem' is clicked on

2018-05-23 10:04:27 - [TEST_STEP][PASSED] - scrollToElement: Scroll to object 'Object Repository/Store Request Schedule 1/Page_Store/input_btchkroqadd' successfully

2018-05-23 10:04:28 - [MESSAGE][PASSED] - Scroll to object 'Object Repository/Store Request Schedule 1/Page_Store/input_btchkroqadd' successfully

2018-05-23 10:04:28 - [TEST_STEP][PASSED] - click: Object: 'Object Repository/Store Request Schedule 1/Page_Store/input_btchkroqadd' is clicked on

2018-05-23 10:04:28 - [MESSAGE][PASSED] - Object: 'Object Repository/Store Request Schedule 1/Page_Store/input_btchkroqadd' is clicked on

2018-05-23 10:04:28 - [TEST_STEP][PASSED] - delay: Delayed 2 second(s)

2018-05-23 10:04:30 - [MESSAGE][PASSED] - Delayed 2 second(s)

2018-05-23 10:04:30 - [TEST_STEP][PASSED] - refresh: Refresh successfully

2018-05-23 10:04:30 - [MESSAGE][PASSED] - Refresh successfully

2018-05-23 10:04:30 - [TEST_STEP][PASSED] - delay: Delayed 3 second(s)

2018-05-23 10:04:33 - [MESSAGE][PASSED] - Delayed 3 second(s)

2018-05-23 10:04:33 - [TEST_STEP][PASSED] - click: Object: 'Object Repository/Store Request Schedule 1/Page_Store/a_dropdown-toggle' is clicked on

2018-05-23 10:04:33 - [MESSAGE][PASSED] - Object: 'Object Repository/Store Request Schedule 1/Page_Store/a_dropdown-toggle' is clicked on

2018-05-23 10:04:33 - [TEST_STEP][PASSED] - click: Object: 'Object Repository/Store Request Schedule 1/Page_Store/a_Sign out' is clicked on

2018-05-23 10:04:34 - [MESSAGE][PASSED] - Object: 'Object Repository/Store Request Schedule 1/Page_Store/a_Sign out' is clicked on

2018-05-23 10:04:34 - [TEST_STEP][PASSED] - closeBrowser: Browser is closed

2018-05-23 10:04:34 - [MESSAGE][PASSED] - Browser is closed

2018-05-23 10:04:34 - [TEST_STEP][PASSED] - Statement - out.println("Schedule 4 STORE Request Are Working Successfully"): null]]></system-out>
         <system-err><![CDATA[]]></system-err>
      </testcase>
      <testcase name="Test Cases/STORE TO CMS REQUEST TEST CASES/TC_STCMS_005 To Verify Schedule 5 Store To CMS Request Are Working Successfully Or Not" classname="Test Cases/STORE TO CMS REQUEST TEST CASES/TC_STCMS_005 To Verify Schedule 5 Store To CMS Request Are Working Successfully Or Not" status="ERROR">
         <error type="ERROR" message="Test Cases/STORE TO CMS REQUEST TEST CASES/TC_STCMS_005 To Verify Schedule 5 Store To CMS Request Are Working Successfully Or Not FAILED because (of) java.lang.ArrayIndexOutOfBoundsException: 2"/>
         <system-out><![CDATA[2018-05-23 10:04:34 - [TEST_CASE][ERROR] - Test Cases/STORE TO CMS REQUEST TEST CASES/TC_STCMS_005 To Verify Schedule 5 Store To CMS Request Are Working Successfully Or Not: Test Cases/STORE TO CMS REQUEST TEST CASES/TC_STCMS_005 To Verify Schedule 5 Store To CMS Request Are Working Successfully Or Not FAILED because (of) java.lang.ArrayIndexOutOfBoundsException: 2

2018-05-23 10:04:35 - [TEST_STEP][PASSED] - openBrowser: Browser is opened with url: ''

2018-05-23 10:04:37 - [MESSAGE][PASSED] - Browser is opened with url: ''

2018-05-23 10:04:37 - [TEST_STEP][PASSED] - Statement - out.println("Verify Schedule 5 STORE Request Are Working Successfully Or Not"): null

2018-05-23 10:04:37 - [TEST_STEP][PASSED] - navigateToUrl: Navigate to 'http://192.168.137.1/multihospital_new/' successfully

2018-05-23 10:04:39 - [MESSAGE][PASSED] - Navigate to 'http://192.168.137.1/multihospital_new/' successfully

2018-05-23 10:04:39 - [TEST_STEP][PASSED] - maximizeWindow: Current window maximized

2018-05-23 10:04:40 - [MESSAGE][PASSED] - Current window maximized

2018-05-23 10:04:40 - [TEST_STEP][PASSED] - click: Object: 'Object Repository/Store Request Schedule 1/Page_KDMC/a_Divisional Store' is clicked on

2018-05-23 10:04:41 - [MESSAGE][PASSED] - Object: 'Object Repository/Store Request Schedule 1/Page_KDMC/a_Divisional Store' is clicked on

2018-05-23 10:04:41 - [TEST_STEP][PASSED] - setText: Text 'ragu' is set on object 'Object Repository/Store Request Schedule 1/Page_Divisonal Store Login/input_txtusername'

2018-05-23 10:04:41 - [MESSAGE][PASSED] - Text 'ragu' is set on object 'Object Repository/Store Request Schedule 1/Page_Divisonal Store Login/input_txtusername'

2018-05-23 10:04:41 - [TEST_STEP][PASSED] - setText: Text '123' is set on object 'Object Repository/Store Request Schedule 1/Page_Divisonal Store Login/input_txtpassword'

2018-05-23 10:04:41 - [MESSAGE][PASSED] - Text '123' is set on object 'Object Repository/Store Request Schedule 1/Page_Divisonal Store Login/input_txtpassword'

2018-05-23 10:04:41 - [TEST_STEP][PASSED] - delay: Delayed 3 second(s)

2018-05-23 10:04:44 - [MESSAGE][PASSED] - Delayed 3 second(s)

2018-05-23 10:04:44 - [TEST_STEP][PASSED] - click: Object: 'Object Repository/Store Request Schedule 1/Page_Divisonal Store Login/button_Sign in' is clicked on

2018-05-23 10:04:46 - [MESSAGE][PASSED] - Object: 'Object Repository/Store Request Schedule 1/Page_Divisonal Store Login/button_Sign in' is clicked on

2018-05-23 10:04:46 - [TEST_STEP][PASSED] - delay: Delayed 3 second(s)

2018-05-23 10:04:49 - [MESSAGE][PASSED] - Delayed 3 second(s)

2018-05-23 10:04:49 - [TEST_STEP][PASSED] - click: Object: 'Object Repository/Store Request Schedule 1/Page_Store/a_CMS' is clicked on

2018-05-23 10:04:49 - [MESSAGE][PASSED] - Object: 'Object Repository/Store Request Schedule 1/Page_Store/a_CMS' is clicked on

2018-05-23 10:04:49 - [TEST_STEP][PASSED] - delay: Delayed 2 second(s)

2018-05-23 10:04:51 - [MESSAGE][PASSED] - Delayed 2 second(s)

2018-05-23 10:04:51 - [TEST_STEP][PASSED] - click: Object: 'Object Repository/Store Request Schedule 1/Page_Store/a_Request Send' is clicked on

2018-05-23 10:04:52 - [MESSAGE][PASSED] - Object: 'Object Repository/Store Request Schedule 1/Page_Store/a_Request Send' is clicked on

2018-05-23 10:04:52 - [TEST_STEP][PASSED] - selectOptionByIndex: All options with index in [1] are selected on object 'Object Repository/Store Request Schedule 1/Page_Store/select_--Select--'

2018-05-23 10:04:52 - [MESSAGE][PASSED] - All options with index in [1] are selected on object 'Object Repository/Store Request Schedule 1/Page_Store/select_--Select--'

2018-05-23 10:04:52 - [TEST_STEP][PASSED] - selectOptionByIndex: All options with index in [5] are selected on object 'Object Repository/Store Request Schedule 1/Page_Store/select_--Select--Schedule 1Inj'

2018-05-23 10:04:52 - [MESSAGE][PASSED] - All options with index in [5] are selected on object 'Object Repository/Store Request Schedule 1/Page_Store/select_--Select--Schedule 1Inj'

2018-05-23 10:04:52 - [TEST_STEP][PASSED] - Statement - SelectedOptions = com.kms.katalon.core.webui.keyword.WebUiBuiltInKeywords.getNumberOfTotalOption(com.kms.katalon.core.testobject.ObjectRepository.findTestObject(Store Request Schedule 1/Page_Store/select_--Select--Adernaline 0.)): 17 options of object 'Object Repository/Store Request Schedule 1/Page_Store/select_--Select--Adernaline 0.' counted

2018-05-23 10:04:52 - [MESSAGE][PASSED] - 17 options of object 'Object Repository/Store Request Schedule 1/Page_Store/select_--Select--Adernaline 0.' counted

2018-05-23 10:04:52 - [TEST_STEP][PASSED] - Statement - For ([y = 1, y < SelectedOptions, (y++)]): Object: 'Object Repository/Store Request Schedule 1/Page_Store/button_Add' is clicked on

2018-05-23 10:04:52 - [TEST_STEP][PASSED] - selectOptionByIndex: All options with index in [5] are selected on object 'Object Repository/Store Request Schedule 1/Page_Store/select_--Select--Schedule 1Inj'

2018-05-23 10:04:52 - [MESSAGE][PASSED] - All options with index in [5] are selected on object 'Object Repository/Store Request Schedule 1/Page_Store/select_--Select--Schedule 1Inj'

2018-05-23 10:04:52 - [TEST_STEP][PASSED] - delay: Delayed 1 second(s)

2018-05-23 10:04:53 - [MESSAGE][PASSED] - Delayed 1 second(s)

2018-05-23 10:04:53 - [TEST_STEP][PASSED] - selectOptionByIndex: All options with index in [1] are selected on object 'Object Repository/Store Request Schedule 1/Page_Store/select_--Select--Adernaline 0.'

2018-05-23 10:04:54 - [MESSAGE][PASSED] - All options with index in [1] are selected on object 'Object Repository/Store Request Schedule 1/Page_Store/select_--Select--Adernaline 0.'

2018-05-23 10:04:54 - [TEST_STEP][PASSED] - setText: Text '100' is set on object 'Object Repository/Store Request Schedule 1/Page_Store/input_txttreat'

2018-05-23 10:04:54 - [MESSAGE][PASSED] - Text '100' is set on object 'Object Repository/Store Request Schedule 1/Page_Store/input_txttreat'

2018-05-23 10:04:54 - [TEST_STEP][PASSED] - click: Object: 'Object Repository/Store Request Schedule 1/Page_Store/button_Add' is clicked on

2018-05-23 10:04:59 - [MESSAGE][PASSED] - Object: 'Object Repository/Store Request Schedule 1/Page_Store/button_Add' is clicked on

2018-05-23 10:04:59 - [TEST_STEP][PASSED] - selectOptionByIndex: All options with index in [5] are selected on object 'Object Repository/Store Request Schedule 1/Page_Store/select_--Select--Schedule 1Inj'

2018-05-23 10:04:59 - [MESSAGE][PASSED] - All options with index in [5] are selected on object 'Object Repository/Store Request Schedule 1/Page_Store/select_--Select--Schedule 1Inj'

2018-05-23 10:04:59 - [TEST_STEP][PASSED] - delay: Delayed 1 second(s)

2018-05-23 10:05:00 - [MESSAGE][PASSED] - Delayed 1 second(s)

2018-05-23 10:05:00 - [TEST_STEP][PASSED] - selectOptionByIndex: All options with index in [2] are selected on object 'Object Repository/Store Request Schedule 1/Page_Store/select_--Select--Adernaline 0.'

2018-05-23 10:05:00 - [MESSAGE][PASSED] - All options with index in [2] are selected on object 'Object Repository/Store Request Schedule 1/Page_Store/select_--Select--Adernaline 0.'

2018-05-23 10:05:00 - [TEST_STEP][PASSED] - setText: Text '100' is set on object 'Object Repository/Store Request Schedule 1/Page_Store/input_txttreat'

2018-05-23 10:05:00 - [MESSAGE][PASSED] - Text '100' is set on object 'Object Repository/Store Request Schedule 1/Page_Store/input_txttreat'

2018-05-23 10:05:00 - [TEST_STEP][PASSED] - click: Object: 'Object Repository/Store Request Schedule 1/Page_Store/button_Add' is clicked on

2018-05-23 10:05:05 - [MESSAGE][PASSED] - Object: 'Object Repository/Store Request Schedule 1/Page_Store/button_Add' is clicked on

2018-05-23 10:05:05 - [TEST_STEP][PASSED] - selectOptionByIndex: All options with index in [5] are selected on object 'Object Repository/Store Request Schedule 1/Page_Store/select_--Select--Schedule 1Inj'

2018-05-23 10:05:05 - [MESSAGE][PASSED] - All options with index in [5] are selected on object 'Object Repository/Store Request Schedule 1/Page_Store/select_--Select--Schedule 1Inj'

2018-05-23 10:05:05 - [TEST_STEP][PASSED] - delay: Delayed 1 second(s)

2018-05-23 10:05:06 - [MESSAGE][PASSED] - Delayed 1 second(s)

2018-05-23 10:05:06 - [TEST_STEP][PASSED] - selectOptionByIndex: All options with index in [3] are selected on object 'Object Repository/Store Request Schedule 1/Page_Store/select_--Select--Adernaline 0.'

2018-05-23 10:05:07 - [MESSAGE][PASSED] - All options with index in [3] are selected on object 'Object Repository/Store Request Schedule 1/Page_Store/select_--Select--Adernaline 0.'

2018-05-23 10:05:07 - [TEST_STEP][PASSED] - setText: Text '100' is set on object 'Object Repository/Store Request Schedule 1/Page_Store/input_txttreat'

2018-05-23 10:05:07 - [MESSAGE][PASSED] - Text '100' is set on object 'Object Repository/Store Request Schedule 1/Page_Store/input_txttreat'

2018-05-23 10:05:07 - [TEST_STEP][PASSED] - click: Object: 'Object Repository/Store Request Schedule 1/Page_Store/button_Add' is clicked on

2018-05-23 10:05:12 - [MESSAGE][PASSED] - Object: 'Object Repository/Store Request Schedule 1/Page_Store/button_Add' is clicked on

2018-05-23 10:05:12 - [TEST_STEP][PASSED] - selectOptionByIndex: All options with index in [5] are selected on object 'Object Repository/Store Request Schedule 1/Page_Store/select_--Select--Schedule 1Inj'

2018-05-23 10:05:12 - [MESSAGE][PASSED] - All options with index in [5] are selected on object 'Object Repository/Store Request Schedule 1/Page_Store/select_--Select--Schedule 1Inj'

2018-05-23 10:05:12 - [TEST_STEP][PASSED] - delay: Delayed 1 second(s)

2018-05-23 10:05:13 - [MESSAGE][PASSED] - Delayed 1 second(s)

2018-05-23 10:05:13 - [TEST_STEP][PASSED] - selectOptionByIndex: All options with index in [4] are selected on object 'Object Repository/Store Request Schedule 1/Page_Store/select_--Select--Adernaline 0.'

2018-05-23 10:05:13 - [MESSAGE][PASSED] - All options with index in [4] are selected on object 'Object Repository/Store Request Schedule 1/Page_Store/select_--Select--Adernaline 0.'

2018-05-23 10:05:13 - [TEST_STEP][PASSED] - setText: Text '100' is set on object 'Object Repository/Store Request Schedule 1/Page_Store/input_txttreat'

2018-05-23 10:05:13 - [MESSAGE][PASSED] - Text '100' is set on object 'Object Repository/Store Request Schedule 1/Page_Store/input_txttreat'

2018-05-23 10:05:13 - [TEST_STEP][PASSED] - click: Object: 'Object Repository/Store Request Schedule 1/Page_Store/button_Add' is clicked on

2018-05-23 10:05:18 - [MESSAGE][PASSED] - Object: 'Object Repository/Store Request Schedule 1/Page_Store/button_Add' is clicked on

2018-05-23 10:05:18 - [TEST_STEP][PASSED] - selectOptionByIndex: All options with index in [5] are selected on object 'Object Repository/Store Request Schedule 1/Page_Store/select_--Select--Schedule 1Inj'

2018-05-23 10:05:18 - [MESSAGE][PASSED] - All options with index in [5] are selected on object 'Object Repository/Store Request Schedule 1/Page_Store/select_--Select--Schedule 1Inj'

2018-05-23 10:05:18 - [TEST_STEP][PASSED] - delay: Delayed 1 second(s)

2018-05-23 10:05:19 - [MESSAGE][PASSED] - Delayed 1 second(s)

2018-05-23 10:05:19 - [TEST_STEP][PASSED] - selectOptionByIndex: All options with index in [5] are selected on object 'Object Repository/Store Request Schedule 1/Page_Store/select_--Select--Adernaline 0.'

2018-05-23 10:05:20 - [MESSAGE][PASSED] - All options with index in [5] are selected on object 'Object Repository/Store Request Schedule 1/Page_Store/select_--Select--Adernaline 0.'

2018-05-23 10:05:20 - [TEST_STEP][PASSED] - setText: Text '100' is set on object 'Object Repository/Store Request Schedule 1/Page_Store/input_txttreat'

2018-05-23 10:05:20 - [MESSAGE][PASSED] - Text '100' is set on object 'Object Repository/Store Request Schedule 1/Page_Store/input_txttreat'

2018-05-23 10:05:20 - [TEST_STEP][PASSED] - click: Object: 'Object Repository/Store Request Schedule 1/Page_Store/button_Add' is clicked on

2018-05-23 10:05:25 - [MESSAGE][PASSED] - Object: 'Object Repository/Store Request Schedule 1/Page_Store/button_Add' is clicked on

2018-05-23 10:05:25 - [TEST_STEP][PASSED] - selectOptionByIndex: All options with index in [5] are selected on object 'Object Repository/Store Request Schedule 1/Page_Store/select_--Select--Schedule 1Inj'

2018-05-23 10:05:25 - [MESSAGE][PASSED] - All options with index in [5] are selected on object 'Object Repository/Store Request Schedule 1/Page_Store/select_--Select--Schedule 1Inj'

2018-05-23 10:05:25 - [TEST_STEP][PASSED] - delay: Delayed 1 second(s)

2018-05-23 10:05:26 - [MESSAGE][PASSED] - Delayed 1 second(s)

2018-05-23 10:05:26 - [TEST_STEP][PASSED] - selectOptionByIndex: All options with index in [6] are selected on object 'Object Repository/Store Request Schedule 1/Page_Store/select_--Select--Adernaline 0.'

2018-05-23 10:05:26 - [MESSAGE][PASSED] - All options with index in [6] are selected on object 'Object Repository/Store Request Schedule 1/Page_Store/select_--Select--Adernaline 0.'

2018-05-23 10:05:26 - [TEST_STEP][PASSED] - setText: Text '100' is set on object 'Object Repository/Store Request Schedule 1/Page_Store/input_txttreat'

2018-05-23 10:05:26 - [MESSAGE][PASSED] - Text '100' is set on object 'Object Repository/Store Request Schedule 1/Page_Store/input_txttreat'

2018-05-23 10:05:26 - [TEST_STEP][PASSED] - click: Object: 'Object Repository/Store Request Schedule 1/Page_Store/button_Add' is clicked on

2018-05-23 10:05:31 - [MESSAGE][PASSED] - Object: 'Object Repository/Store Request Schedule 1/Page_Store/button_Add' is clicked on

2018-05-23 10:05:31 - [TEST_STEP][PASSED] - selectOptionByIndex: All options with index in [5] are selected on object 'Object Repository/Store Request Schedule 1/Page_Store/select_--Select--Schedule 1Inj'

2018-05-23 10:05:32 - [MESSAGE][PASSED] - All options with index in [5] are selected on object 'Object Repository/Store Request Schedule 1/Page_Store/select_--Select--Schedule 1Inj'

2018-05-23 10:05:32 - [TEST_STEP][PASSED] - delay: Delayed 1 second(s)

2018-05-23 10:05:33 - [MESSAGE][PASSED] - Delayed 1 second(s)

2018-05-23 10:05:33 - [TEST_STEP][PASSED] - selectOptionByIndex: All options with index in [7] are selected on object 'Object Repository/Store Request Schedule 1/Page_Store/select_--Select--Adernaline 0.'

2018-05-23 10:05:33 - [MESSAGE][PASSED] - All options with index in [7] are selected on object 'Object Repository/Store Request Schedule 1/Page_Store/select_--Select--Adernaline 0.'

2018-05-23 10:05:33 - [TEST_STEP][PASSED] - setText: Text '100' is set on object 'Object Repository/Store Request Schedule 1/Page_Store/input_txttreat'

2018-05-23 10:05:33 - [MESSAGE][PASSED] - Text '100' is set on object 'Object Repository/Store Request Schedule 1/Page_Store/input_txttreat'

2018-05-23 10:05:33 - [TEST_STEP][PASSED] - click: Object: 'Object Repository/Store Request Schedule 1/Page_Store/button_Add' is clicked on

2018-05-23 10:05:38 - [MESSAGE][PASSED] - Object: 'Object Repository/Store Request Schedule 1/Page_Store/button_Add' is clicked on

2018-05-23 10:05:38 - [TEST_STEP][PASSED] - selectOptionByIndex: All options with index in [5] are selected on object 'Object Repository/Store Request Schedule 1/Page_Store/select_--Select--Schedule 1Inj'

2018-05-23 10:05:38 - [MESSAGE][PASSED] - All options with index in [5] are selected on object 'Object Repository/Store Request Schedule 1/Page_Store/select_--Select--Schedule 1Inj'

2018-05-23 10:05:38 - [TEST_STEP][PASSED] - delay: Delayed 1 second(s)

2018-05-23 10:05:39 - [MESSAGE][PASSED] - Delayed 1 second(s)

2018-05-23 10:05:39 - [TEST_STEP][PASSED] - selectOptionByIndex: All options with index in [8] are selected on object 'Object Repository/Store Request Schedule 1/Page_Store/select_--Select--Adernaline 0.'

2018-05-23 10:05:39 - [MESSAGE][PASSED] - All options with index in [8] are selected on object 'Object Repository/Store Request Schedule 1/Page_Store/select_--Select--Adernaline 0.'

2018-05-23 10:05:39 - [TEST_STEP][PASSED] - setText: Text '100' is set on object 'Object Repository/Store Request Schedule 1/Page_Store/input_txttreat'

2018-05-23 10:05:40 - [MESSAGE][PASSED] - Text '100' is set on object 'Object Repository/Store Request Schedule 1/Page_Store/input_txttreat'

2018-05-23 10:05:40 - [TEST_STEP][PASSED] - click: Object: 'Object Repository/Store Request Schedule 1/Page_Store/button_Add' is clicked on

2018-05-23 10:05:45 - [MESSAGE][PASSED] - Object: 'Object Repository/Store Request Schedule 1/Page_Store/button_Add' is clicked on

2018-05-23 10:05:45 - [TEST_STEP][PASSED] - selectOptionByIndex: All options with index in [5] are selected on object 'Object Repository/Store Request Schedule 1/Page_Store/select_--Select--Schedule 1Inj'

2018-05-23 10:05:45 - [MESSAGE][PASSED] - All options with index in [5] are selected on object 'Object Repository/Store Request Schedule 1/Page_Store/select_--Select--Schedule 1Inj'

2018-05-23 10:05:45 - [TEST_STEP][PASSED] - delay: Delayed 1 second(s)

2018-05-23 10:05:46 - [MESSAGE][PASSED] - Delayed 1 second(s)

2018-05-23 10:05:46 - [TEST_STEP][PASSED] - selectOptionByIndex: All options with index in [9] are selected on object 'Object Repository/Store Request Schedule 1/Page_Store/select_--Select--Adernaline 0.'

2018-05-23 10:05:46 - [MESSAGE][PASSED] - All options with index in [9] are selected on object 'Object Repository/Store Request Schedule 1/Page_Store/select_--Select--Adernaline 0.'

2018-05-23 10:05:46 - [TEST_STEP][PASSED] - setText: Text '100' is set on object 'Object Repository/Store Request Schedule 1/Page_Store/input_txttreat'

2018-05-23 10:05:46 - [MESSAGE][PASSED] - Text '100' is set on object 'Object Repository/Store Request Schedule 1/Page_Store/input_txttreat'

2018-05-23 10:05:46 - [TEST_STEP][PASSED] - click: Object: 'Object Repository/Store Request Schedule 1/Page_Store/button_Add' is clicked on

2018-05-23 10:05:51 - [MESSAGE][PASSED] - Object: 'Object Repository/Store Request Schedule 1/Page_Store/button_Add' is clicked on

2018-05-23 10:05:51 - [TEST_STEP][PASSED] - selectOptionByIndex: All options with index in [5] are selected on object 'Object Repository/Store Request Schedule 1/Page_Store/select_--Select--Schedule 1Inj'

2018-05-23 10:05:51 - [MESSAGE][PASSED] - All options with index in [5] are selected on object 'Object Repository/Store Request Schedule 1/Page_Store/select_--Select--Schedule 1Inj'

2018-05-23 10:05:51 - [TEST_STEP][PASSED] - delay: Delayed 1 second(s)

2018-05-23 10:05:52 - [MESSAGE][PASSED] - Delayed 1 second(s)

2018-05-23 10:05:52 - [TEST_STEP][PASSED] - selectOptionByIndex: All options with index in [10] are selected on object 'Object Repository/Store Request Schedule 1/Page_Store/select_--Select--Adernaline 0.'

2018-05-23 10:05:53 - [MESSAGE][PASSED] - All options with index in [10] are selected on object 'Object Repository/Store Request Schedule 1/Page_Store/select_--Select--Adernaline 0.'

2018-05-23 10:05:53 - [TEST_STEP][PASSED] - setText: Text '100' is set on object 'Object Repository/Store Request Schedule 1/Page_Store/input_txttreat'

2018-05-23 10:05:53 - [MESSAGE][PASSED] - Text '100' is set on object 'Object Repository/Store Request Schedule 1/Page_Store/input_txttreat'

2018-05-23 10:05:53 - [TEST_STEP][PASSED] - click: Object: 'Object Repository/Store Request Schedule 1/Page_Store/button_Add' is clicked on

2018-05-23 10:05:58 - [MESSAGE][PASSED] - Object: 'Object Repository/Store Request Schedule 1/Page_Store/button_Add' is clicked on

2018-05-23 10:05:58 - [TEST_STEP][PASSED] - selectOptionByIndex: All options with index in [5] are selected on object 'Object Repository/Store Request Schedule 1/Page_Store/select_--Select--Schedule 1Inj'

2018-05-23 10:05:58 - [MESSAGE][PASSED] - All options with index in [5] are selected on object 'Object Repository/Store Request Schedule 1/Page_Store/select_--Select--Schedule 1Inj'

2018-05-23 10:05:58 - [TEST_STEP][PASSED] - delay: Delayed 1 second(s)

2018-05-23 10:05:59 - [MESSAGE][PASSED] - Delayed 1 second(s)

2018-05-23 10:05:59 - [TEST_STEP][PASSED] - selectOptionByIndex: All options with index in [11] are selected on object 'Object Repository/Store Request Schedule 1/Page_Store/select_--Select--Adernaline 0.'

2018-05-23 10:05:59 - [MESSAGE][PASSED] - All options with index in [11] are selected on object 'Object Repository/Store Request Schedule 1/Page_Store/select_--Select--Adernaline 0.'

2018-05-23 10:05:59 - [TEST_STEP][PASSED] - setText: Text '100' is set on object 'Object Repository/Store Request Schedule 1/Page_Store/input_txttreat'

2018-05-23 10:05:59 - [MESSAGE][PASSED] - Text '100' is set on object 'Object Repository/Store Request Schedule 1/Page_Store/input_txttreat'

2018-05-23 10:05:59 - [TEST_STEP][PASSED] - click: Object: 'Object Repository/Store Request Schedule 1/Page_Store/button_Add' is clicked on

2018-05-23 10:06:04 - [MESSAGE][PASSED] - Object: 'Object Repository/Store Request Schedule 1/Page_Store/button_Add' is clicked on

2018-05-23 10:06:04 - [TEST_STEP][PASSED] - selectOptionByIndex: All options with index in [5] are selected on object 'Object Repository/Store Request Schedule 1/Page_Store/select_--Select--Schedule 1Inj'

2018-05-23 10:06:04 - [MESSAGE][PASSED] - All options with index in [5] are selected on object 'Object Repository/Store Request Schedule 1/Page_Store/select_--Select--Schedule 1Inj'

2018-05-23 10:06:04 - [TEST_STEP][PASSED] - delay: Delayed 1 second(s)

2018-05-23 10:06:05 - [MESSAGE][PASSED] - Delayed 1 second(s)

2018-05-23 10:06:05 - [TEST_STEP][PASSED] - selectOptionByIndex: All options with index in [12] are selected on object 'Object Repository/Store Request Schedule 1/Page_Store/select_--Select--Adernaline 0.'

2018-05-23 10:06:06 - [MESSAGE][PASSED] - All options with index in [12] are selected on object 'Object Repository/Store Request Schedule 1/Page_Store/select_--Select--Adernaline 0.'

2018-05-23 10:06:06 - [TEST_STEP][PASSED] - setText: Text '100' is set on object 'Object Repository/Store Request Schedule 1/Page_Store/input_txttreat'

2018-05-23 10:06:06 - [MESSAGE][PASSED] - Text '100' is set on object 'Object Repository/Store Request Schedule 1/Page_Store/input_txttreat'

2018-05-23 10:06:06 - [TEST_STEP][PASSED] - click: Object: 'Object Repository/Store Request Schedule 1/Page_Store/button_Add' is clicked on

2018-05-23 10:06:11 - [MESSAGE][PASSED] - Object: 'Object Repository/Store Request Schedule 1/Page_Store/button_Add' is clicked on

2018-05-23 10:06:11 - [TEST_STEP][PASSED] - selectOptionByIndex: All options with index in [5] are selected on object 'Object Repository/Store Request Schedule 1/Page_Store/select_--Select--Schedule 1Inj'

2018-05-23 10:06:11 - [MESSAGE][PASSED] - All options with index in [5] are selected on object 'Object Repository/Store Request Schedule 1/Page_Store/select_--Select--Schedule 1Inj'

2018-05-23 10:06:11 - [TEST_STEP][PASSED] - delay: Delayed 1 second(s)

2018-05-23 10:06:12 - [MESSAGE][PASSED] - Delayed 1 second(s)

2018-05-23 10:06:12 - [TEST_STEP][PASSED] - selectOptionByIndex: All options with index in [13] are selected on object 'Object Repository/Store Request Schedule 1/Page_Store/select_--Select--Adernaline 0.'

2018-05-23 10:06:12 - [MESSAGE][PASSED] - All options with index in [13] are selected on object 'Object Repository/Store Request Schedule 1/Page_Store/select_--Select--Adernaline 0.'

2018-05-23 10:06:12 - [TEST_STEP][PASSED] - setText: Text '100' is set on object 'Object Repository/Store Request Schedule 1/Page_Store/input_txttreat'

2018-05-23 10:06:12 - [MESSAGE][PASSED] - Text '100' is set on object 'Object Repository/Store Request Schedule 1/Page_Store/input_txttreat'

2018-05-23 10:06:12 - [TEST_STEP][PASSED] - click: Object: 'Object Repository/Store Request Schedule 1/Page_Store/button_Add' is clicked on

2018-05-23 10:06:17 - [MESSAGE][PASSED] - Object: 'Object Repository/Store Request Schedule 1/Page_Store/button_Add' is clicked on

2018-05-23 10:06:17 - [TEST_STEP][PASSED] - selectOptionByIndex: All options with index in [5] are selected on object 'Object Repository/Store Request Schedule 1/Page_Store/select_--Select--Schedule 1Inj'

2018-05-23 10:06:18 - [MESSAGE][PASSED] - All options with index in [5] are selected on object 'Object Repository/Store Request Schedule 1/Page_Store/select_--Select--Schedule 1Inj'

2018-05-23 10:06:18 - [TEST_STEP][PASSED] - delay: Delayed 1 second(s)

2018-05-23 10:06:19 - [MESSAGE][PASSED] - Delayed 1 second(s)

2018-05-23 10:06:19 - [TEST_STEP][PASSED] - selectOptionByIndex: All options with index in [14] are selected on object 'Object Repository/Store Request Schedule 1/Page_Store/select_--Select--Adernaline 0.'

2018-05-23 10:06:19 - [MESSAGE][PASSED] - All options with index in [14] are selected on object 'Object Repository/Store Request Schedule 1/Page_Store/select_--Select--Adernaline 0.'

2018-05-23 10:06:19 - [TEST_STEP][PASSED] - setText: Text '100' is set on object 'Object Repository/Store Request Schedule 1/Page_Store/input_txttreat'

2018-05-23 10:06:19 - [MESSAGE][PASSED] - Text '100' is set on object 'Object Repository/Store Request Schedule 1/Page_Store/input_txttreat'

2018-05-23 10:06:19 - [TEST_STEP][PASSED] - click: Object: 'Object Repository/Store Request Schedule 1/Page_Store/button_Add' is clicked on

2018-05-23 10:06:24 - [MESSAGE][PASSED] - Object: 'Object Repository/Store Request Schedule 1/Page_Store/button_Add' is clicked on

2018-05-23 10:06:24 - [TEST_STEP][PASSED] - selectOptionByIndex: All options with index in [5] are selected on object 'Object Repository/Store Request Schedule 1/Page_Store/select_--Select--Schedule 1Inj'

2018-05-23 10:06:24 - [MESSAGE][PASSED] - All options with index in [5] are selected on object 'Object Repository/Store Request Schedule 1/Page_Store/select_--Select--Schedule 1Inj'

2018-05-23 10:06:24 - [TEST_STEP][PASSED] - delay: Delayed 1 second(s)

2018-05-23 10:06:25 - [MESSAGE][PASSED] - Delayed 1 second(s)

2018-05-23 10:06:25 - [TEST_STEP][PASSED] - selectOptionByIndex: All options with index in [15] are selected on object 'Object Repository/Store Request Schedule 1/Page_Store/select_--Select--Adernaline 0.'

2018-05-23 10:06:26 - [MESSAGE][PASSED] - All options with index in [15] are selected on object 'Object Repository/Store Request Schedule 1/Page_Store/select_--Select--Adernaline 0.'

2018-05-23 10:06:26 - [TEST_STEP][PASSED] - setText: Text '100' is set on object 'Object Repository/Store Request Schedule 1/Page_Store/input_txttreat'

2018-05-23 10:06:26 - [MESSAGE][PASSED] - Text '100' is set on object 'Object Repository/Store Request Schedule 1/Page_Store/input_txttreat'

2018-05-23 10:06:26 - [TEST_STEP][PASSED] - click: Object: 'Object Repository/Store Request Schedule 1/Page_Store/button_Add' is clicked on

2018-05-23 10:06:31 - [MESSAGE][PASSED] - Object: 'Object Repository/Store Request Schedule 1/Page_Store/button_Add' is clicked on

2018-05-23 10:06:31 - [TEST_STEP][PASSED] - selectOptionByIndex: All options with index in [5] are selected on object 'Object Repository/Store Request Schedule 1/Page_Store/select_--Select--Schedule 1Inj'

2018-05-23 10:06:31 - [MESSAGE][PASSED] - All options with index in [5] are selected on object 'Object Repository/Store Request Schedule 1/Page_Store/select_--Select--Schedule 1Inj'

2018-05-23 10:06:31 - [TEST_STEP][PASSED] - delay: Delayed 1 second(s)

2018-05-23 10:06:32 - [MESSAGE][PASSED] - Delayed 1 second(s)

2018-05-23 10:06:32 - [TEST_STEP][PASSED] - selectOptionByIndex: All options with index in [16] are selected on object 'Object Repository/Store Request Schedule 1/Page_Store/select_--Select--Adernaline 0.'

2018-05-23 10:06:32 - [MESSAGE][PASSED] - All options with index in [16] are selected on object 'Object Repository/Store Request Schedule 1/Page_Store/select_--Select--Adernaline 0.'

2018-05-23 10:06:32 - [TEST_STEP][PASSED] - setText: Text '100' is set on object 'Object Repository/Store Request Schedule 1/Page_Store/input_txttreat'

2018-05-23 10:06:32 - [MESSAGE][PASSED] - Text '100' is set on object 'Object Repository/Store Request Schedule 1/Page_Store/input_txttreat'

2018-05-23 10:06:32 - [TEST_STEP][PASSED] - click: Object: 'Object Repository/Store Request Schedule 1/Page_Store/button_Add' is clicked on

2018-05-23 10:06:37 - [MESSAGE][PASSED] - Object: 'Object Repository/Store Request Schedule 1/Page_Store/button_Add' is clicked on

2018-05-23 10:06:37 - [TEST_STEP][PASSED] - delay: Delayed 2 second(s)

2018-05-23 10:06:39 - [MESSAGE][PASSED] - Delayed 2 second(s)

2018-05-23 10:06:39 - [TEST_STEP][PASSED] - scrollToElement: Scroll to object 'Object Repository/Store Request Schedule 1/Page_Store/input_btnsave' successfully

2018-05-23 10:06:39 - [MESSAGE][PASSED] - Scroll to object 'Object Repository/Store Request Schedule 1/Page_Store/input_btnsave' successfully

2018-05-23 10:06:39 - [TEST_STEP][PASSED] - click: Object: 'Object Repository/Store Request Schedule 1/Page_Store/input_btnsave' is clicked on

2018-05-23 10:06:45 - [MESSAGE][PASSED] - Object: 'Object Repository/Store Request Schedule 1/Page_Store/input_btnsave' is clicked on

2018-05-23 10:06:45 - [TEST_STEP][PASSED] - delay: Delayed 4 second(s)

2018-05-23 10:06:49 - [MESSAGE][PASSED] - Delayed 4 second(s)

2018-05-23 10:06:49 - [TEST_STEP][PASSED] - Statement - Cms_RequestNumber = com.kms.katalon.core.webui.keyword.WebUiBuiltInKeywords.getText(com.kms.katalon.core.testobject.ObjectRepository.findTestObject(Store Request Schedule 1/Page_Store/font_PRNO050520189)): Text of object 'Object Repository/Store Request Schedule 1/Page_Store/font_PRNO050520189' is: ''

2018-05-23 10:06:49 - [MESSAGE][PASSED] - Text of object 'Object Repository/Store Request Schedule 1/Page_Store/font_PRNO050520189' is: ''

2018-05-23 10:06:49 - [TEST_STEP][PASSED] - Statement - CR = Cms_RequestNumber.trim(): null

2018-05-23 10:06:49 - [TEST_STEP][PASSED] - Statement - out.println("RQ :" + Cms_RequestNumber): null

2018-05-23 10:06:49 - [TEST_STEP][PASSED] - Statement - RequestNumberID = Cms_RequestNumber.split("/")[2].trim(): null]]></system-out>
         <system-err><![CDATA[2018-05-23 10:04:34 - [TEST_CASE][ERROR] - Test Cases/STORE TO CMS REQUEST TEST CASES/TC_STCMS_005 To Verify Schedule 5 Store To CMS Request Are Working Successfully Or Not: Test Cases/STORE TO CMS REQUEST TEST CASES/TC_STCMS_005 To Verify Schedule 5 Store To CMS Request Are Working Successfully Or Not FAILED because (of) java.lang.ArrayIndexOutOfBoundsException: 2]]></system-err>
      </testcase>
      <testcase name="Test Cases/STORE TO CMS REQUEST TEST CASES/TC_STCMS_006 To Verify Schedule 6 Store To CMS Request Are Working Successfully Or Not" classname="Test Cases/STORE TO CMS REQUEST TEST CASES/TC_STCMS_006 To Verify Schedule 6 Store To CMS Request Are Working Successfully Or Not" status="PASSED">
         <system-out><![CDATA[2018-05-23 10:06:49 - [TEST_CASE][PASSED] - Test Cases/STORE TO CMS REQUEST TEST CASES/TC_STCMS_006 To Verify Schedule 6 Store To CMS Request Are Working Successfully Or Not: Test Cases/STORE TO CMS REQUEST TEST CASES/TC_STCMS_006 To Verify Schedule 6 Store To CMS Request Are Working Successfully Or Not

2018-05-23 10:06:49 - [TEST_STEP][PASSED] - openBrowser: Browser is opened with url: ''

2018-05-23 10:06:49 - [MESSAGE][WARNING] - A browser is already opened. Closing browser and opening a new one

2018-05-23 10:06:52 - [MESSAGE][PASSED] - Browser is opened with url: ''

2018-05-23 10:06:52 - [TEST_STEP][PASSED] - Statement - out.println("Verify Schedule 6 STORE Request Are Working Successfully Or Not"): null

2018-05-23 10:06:52 - [TEST_STEP][PASSED] - navigateToUrl: Navigate to 'http://192.168.137.1/multihospital_new/' successfully

2018-05-23 10:06:54 - [MESSAGE][PASSED] - Navigate to 'http://192.168.137.1/multihospital_new/' successfully

2018-05-23 10:06:54 - [TEST_STEP][PASSED] - maximizeWindow: Current window maximized

2018-05-23 10:06:55 - [MESSAGE][PASSED] - Current window maximized

2018-05-23 10:06:55 - [TEST_STEP][PASSED] - click: Object: 'Object Repository/Store Request Schedule 1/Page_KDMC/a_Divisional Store' is clicked on

2018-05-23 10:06:56 - [MESSAGE][PASSED] - Object: 'Object Repository/Store Request Schedule 1/Page_KDMC/a_Divisional Store' is clicked on

2018-05-23 10:06:56 - [TEST_STEP][PASSED] - setText: Text 'ragu' is set on object 'Object Repository/Store Request Schedule 1/Page_Divisonal Store Login/input_txtusername'

2018-05-23 10:06:56 - [MESSAGE][PASSED] - Text 'ragu' is set on object 'Object Repository/Store Request Schedule 1/Page_Divisonal Store Login/input_txtusername'

2018-05-23 10:06:56 - [TEST_STEP][PASSED] - setText: Text '123' is set on object 'Object Repository/Store Request Schedule 1/Page_Divisonal Store Login/input_txtpassword'

2018-05-23 10:06:56 - [MESSAGE][PASSED] - Text '123' is set on object 'Object Repository/Store Request Schedule 1/Page_Divisonal Store Login/input_txtpassword'

2018-05-23 10:06:56 - [TEST_STEP][PASSED] - delay: Delayed 3 second(s)

2018-05-23 10:06:59 - [MESSAGE][PASSED] - Delayed 3 second(s)

2018-05-23 10:06:59 - [TEST_STEP][PASSED] - click: Object: 'Object Repository/Store Request Schedule 1/Page_Divisonal Store Login/button_Sign in' is clicked on

2018-05-23 10:07:01 - [MESSAGE][PASSED] - Object: 'Object Repository/Store Request Schedule 1/Page_Divisonal Store Login/button_Sign in' is clicked on

2018-05-23 10:07:01 - [TEST_STEP][PASSED] - delay: Delayed 3 second(s)

2018-05-23 10:07:04 - [MESSAGE][PASSED] - Delayed 3 second(s)

2018-05-23 10:07:04 - [TEST_STEP][PASSED] - click: Object: 'Object Repository/Store Request Schedule 1/Page_Store/a_CMS' is clicked on

2018-05-23 10:07:04 - [MESSAGE][PASSED] - Object: 'Object Repository/Store Request Schedule 1/Page_Store/a_CMS' is clicked on

2018-05-23 10:07:04 - [TEST_STEP][PASSED] - delay: Delayed 2 second(s)

2018-05-23 10:07:06 - [MESSAGE][PASSED] - Delayed 2 second(s)

2018-05-23 10:07:06 - [TEST_STEP][PASSED] - click: Object: 'Object Repository/Store Request Schedule 1/Page_Store/a_Request Send' is clicked on

2018-05-23 10:07:07 - [MESSAGE][PASSED] - Object: 'Object Repository/Store Request Schedule 1/Page_Store/a_Request Send' is clicked on

2018-05-23 10:07:07 - [TEST_STEP][PASSED] - selectOptionByIndex: All options with index in [1] are selected on object 'Object Repository/Store Request Schedule 1/Page_Store/select_--Select--'

2018-05-23 10:07:07 - [MESSAGE][PASSED] - All options with index in [1] are selected on object 'Object Repository/Store Request Schedule 1/Page_Store/select_--Select--'

2018-05-23 10:07:07 - [TEST_STEP][PASSED] - selectOptionByIndex: All options with index in [6] are selected on object 'Object Repository/Store Request Schedule 1/Page_Store/select_--Select--Schedule 1Inj'

2018-05-23 10:07:08 - [MESSAGE][PASSED] - All options with index in [6] are selected on object 'Object Repository/Store Request Schedule 1/Page_Store/select_--Select--Schedule 1Inj'

2018-05-23 10:07:08 - [TEST_STEP][PASSED] - Statement - SelectedOptions = com.kms.katalon.core.webui.keyword.WebUiBuiltInKeywords.getNumberOfTotalOption(com.kms.katalon.core.testobject.ObjectRepository.findTestObject(Store Request Schedule 1/Page_Store/select_--Select--Adernaline 0.)): 14 options of object 'Object Repository/Store Request Schedule 1/Page_Store/select_--Select--Adernaline 0.' counted

2018-05-23 10:07:08 - [MESSAGE][PASSED] - 14 options of object 'Object Repository/Store Request Schedule 1/Page_Store/select_--Select--Adernaline 0.' counted

2018-05-23 10:07:08 - [TEST_STEP][PASSED] - Statement - For ([y = 1, y < SelectedOptions, (y++)]): Object: 'Object Repository/Store Request Schedule 1/Page_Store/button_Add' is clicked on

2018-05-23 10:07:08 - [TEST_STEP][PASSED] - selectOptionByIndex: All options with index in [6] are selected on object 'Object Repository/Store Request Schedule 1/Page_Store/select_--Select--Schedule 1Inj'

2018-05-23 10:07:08 - [MESSAGE][PASSED] - All options with index in [6] are selected on object 'Object Repository/Store Request Schedule 1/Page_Store/select_--Select--Schedule 1Inj'

2018-05-23 10:07:08 - [TEST_STEP][PASSED] - delay: Delayed 1 second(s)

2018-05-23 10:07:09 - [MESSAGE][PASSED] - Delayed 1 second(s)

2018-05-23 10:07:09 - [TEST_STEP][PASSED] - selectOptionByIndex: All options with index in [1] are selected on object 'Object Repository/Store Request Schedule 1/Page_Store/select_--Select--Adernaline 0.'

2018-05-23 10:07:09 - [MESSAGE][PASSED] - All options with index in [1] are selected on object 'Object Repository/Store Request Schedule 1/Page_Store/select_--Select--Adernaline 0.'

2018-05-23 10:07:09 - [TEST_STEP][PASSED] - setText: Text '100' is set on object 'Object Repository/Store Request Schedule 1/Page_Store/input_txttreat'

2018-05-23 10:07:09 - [MESSAGE][PASSED] - Text '100' is set on object 'Object Repository/Store Request Schedule 1/Page_Store/input_txttreat'

2018-05-23 10:07:09 - [TEST_STEP][PASSED] - click: Object: 'Object Repository/Store Request Schedule 1/Page_Store/button_Add' is clicked on

2018-05-23 10:07:09 - [MESSAGE][PASSED] - Object: 'Object Repository/Store Request Schedule 1/Page_Store/button_Add' is clicked on

2018-05-23 10:07:09 - [TEST_STEP][PASSED] - selectOptionByIndex: All options with index in [6] are selected on object 'Object Repository/Store Request Schedule 1/Page_Store/select_--Select--Schedule 1Inj'

2018-05-23 10:07:09 - [MESSAGE][PASSED] - All options with index in [6] are selected on object 'Object Repository/Store Request Schedule 1/Page_Store/select_--Select--Schedule 1Inj'

2018-05-23 10:07:09 - [TEST_STEP][PASSED] - delay: Delayed 1 second(s)

2018-05-23 10:07:10 - [MESSAGE][PASSED] - Delayed 1 second(s)

2018-05-23 10:07:10 - [TEST_STEP][PASSED] - selectOptionByIndex: All options with index in [2] are selected on object 'Object Repository/Store Request Schedule 1/Page_Store/select_--Select--Adernaline 0.'

2018-05-23 10:07:10 - [MESSAGE][PASSED] - All options with index in [2] are selected on object 'Object Repository/Store Request Schedule 1/Page_Store/select_--Select--Adernaline 0.'

2018-05-23 10:07:10 - [TEST_STEP][PASSED] - setText: Text '100' is set on object 'Object Repository/Store Request Schedule 1/Page_Store/input_txttreat'

2018-05-23 10:07:11 - [MESSAGE][PASSED] - Text '100' is set on object 'Object Repository/Store Request Schedule 1/Page_Store/input_txttreat'

2018-05-23 10:07:11 - [TEST_STEP][PASSED] - click: Object: 'Object Repository/Store Request Schedule 1/Page_Store/button_Add' is clicked on

2018-05-23 10:07:11 - [MESSAGE][PASSED] - Object: 'Object Repository/Store Request Schedule 1/Page_Store/button_Add' is clicked on

2018-05-23 10:07:11 - [TEST_STEP][PASSED] - selectOptionByIndex: All options with index in [6] are selected on object 'Object Repository/Store Request Schedule 1/Page_Store/select_--Select--Schedule 1Inj'

2018-05-23 10:07:11 - [MESSAGE][PASSED] - All options with index in [6] are selected on object 'Object Repository/Store Request Schedule 1/Page_Store/select_--Select--Schedule 1Inj'

2018-05-23 10:07:11 - [TEST_STEP][PASSED] - delay: Delayed 1 second(s)

2018-05-23 10:07:12 - [MESSAGE][PASSED] - Delayed 1 second(s)

2018-05-23 10:07:12 - [TEST_STEP][PASSED] - selectOptionByIndex: All options with index in [3] are selected on object 'Object Repository/Store Request Schedule 1/Page_Store/select_--Select--Adernaline 0.'

2018-05-23 10:07:12 - [MESSAGE][PASSED] - All options with index in [3] are selected on object 'Object Repository/Store Request Schedule 1/Page_Store/select_--Select--Adernaline 0.'

2018-05-23 10:07:12 - [TEST_STEP][PASSED] - setText: Text '100' is set on object 'Object Repository/Store Request Schedule 1/Page_Store/input_txttreat'

2018-05-23 10:07:12 - [MESSAGE][PASSED] - Text '100' is set on object 'Object Repository/Store Request Schedule 1/Page_Store/input_txttreat'

2018-05-23 10:07:12 - [TEST_STEP][PASSED] - click: Object: 'Object Repository/Store Request Schedule 1/Page_Store/button_Add' is clicked on

2018-05-23 10:07:12 - [MESSAGE][PASSED] - Object: 'Object Repository/Store Request Schedule 1/Page_Store/button_Add' is clicked on

2018-05-23 10:07:12 - [TEST_STEP][PASSED] - selectOptionByIndex: All options with index in [6] are selected on object 'Object Repository/Store Request Schedule 1/Page_Store/select_--Select--Schedule 1Inj'

2018-05-23 10:07:12 - [MESSAGE][PASSED] - All options with index in [6] are selected on object 'Object Repository/Store Request Schedule 1/Page_Store/select_--Select--Schedule 1Inj'

2018-05-23 10:07:12 - [TEST_STEP][PASSED] - delay: Delayed 1 second(s)

2018-05-23 10:07:13 - [MESSAGE][PASSED] - Delayed 1 second(s)

2018-05-23 10:07:13 - [TEST_STEP][PASSED] - selectOptionByIndex: All options with index in [4] are selected on object 'Object Repository/Store Request Schedule 1/Page_Store/select_--Select--Adernaline 0.'

2018-05-23 10:07:13 - [MESSAGE][PASSED] - All options with index in [4] are selected on object 'Object Repository/Store Request Schedule 1/Page_Store/select_--Select--Adernaline 0.'

2018-05-23 10:07:13 - [TEST_STEP][PASSED] - setText: Text '100' is set on object 'Object Repository/Store Request Schedule 1/Page_Store/input_txttreat'

2018-05-23 10:07:14 - [MESSAGE][PASSED] - Text '100' is set on object 'Object Repository/Store Request Schedule 1/Page_Store/input_txttreat'

2018-05-23 10:07:14 - [TEST_STEP][PASSED] - click: Object: 'Object Repository/Store Request Schedule 1/Page_Store/button_Add' is clicked on

2018-05-23 10:07:14 - [MESSAGE][PASSED] - Object: 'Object Repository/Store Request Schedule 1/Page_Store/button_Add' is clicked on

2018-05-23 10:07:14 - [TEST_STEP][PASSED] - selectOptionByIndex: All options with index in [6] are selected on object 'Object Repository/Store Request Schedule 1/Page_Store/select_--Select--Schedule 1Inj'

2018-05-23 10:07:14 - [MESSAGE][PASSED] - All options with index in [6] are selected on object 'Object Repository/Store Request Schedule 1/Page_Store/select_--Select--Schedule 1Inj'

2018-05-23 10:07:14 - [TEST_STEP][PASSED] - delay: Delayed 1 second(s)

2018-05-23 10:07:15 - [MESSAGE][PASSED] - Delayed 1 second(s)

2018-05-23 10:07:15 - [TEST_STEP][PASSED] - selectOptionByIndex: All options with index in [5] are selected on object 'Object Repository/Store Request Schedule 1/Page_Store/select_--Select--Adernaline 0.'

2018-05-23 10:07:15 - [MESSAGE][PASSED] - All options with index in [5] are selected on object 'Object Repository/Store Request Schedule 1/Page_Store/select_--Select--Adernaline 0.'

2018-05-23 10:07:15 - [TEST_STEP][PASSED] - setText: Text '100' is set on object 'Object Repository/Store Request Schedule 1/Page_Store/input_txttreat'

2018-05-23 10:07:15 - [MESSAGE][PASSED] - Text '100' is set on object 'Object Repository/Store Request Schedule 1/Page_Store/input_txttreat'

2018-05-23 10:07:15 - [TEST_STEP][PASSED] - click: Object: 'Object Repository/Store Request Schedule 1/Page_Store/button_Add' is clicked on

2018-05-23 10:07:15 - [MESSAGE][PASSED] - Object: 'Object Repository/Store Request Schedule 1/Page_Store/button_Add' is clicked on

2018-05-23 10:07:15 - [TEST_STEP][PASSED] - selectOptionByIndex: All options with index in [6] are selected on object 'Object Repository/Store Request Schedule 1/Page_Store/select_--Select--Schedule 1Inj'

2018-05-23 10:07:15 - [MESSAGE][PASSED] - All options with index in [6] are selected on object 'Object Repository/Store Request Schedule 1/Page_Store/select_--Select--Schedule 1Inj'

2018-05-23 10:07:15 - [TEST_STEP][PASSED] - delay: Delayed 1 second(s)

2018-05-23 10:07:16 - [MESSAGE][PASSED] - Delayed 1 second(s)

2018-05-23 10:07:16 - [TEST_STEP][PASSED] - selectOptionByIndex: All options with index in [6] are selected on object 'Object Repository/Store Request Schedule 1/Page_Store/select_--Select--Adernaline 0.'

2018-05-23 10:07:16 - [MESSAGE][PASSED] - All options with index in [6] are selected on object 'Object Repository/Store Request Schedule 1/Page_Store/select_--Select--Adernaline 0.'

2018-05-23 10:07:16 - [TEST_STEP][PASSED] - setText: Text '100' is set on object 'Object Repository/Store Request Schedule 1/Page_Store/input_txttreat'

2018-05-23 10:07:17 - [MESSAGE][PASSED] - Text '100' is set on object 'Object Repository/Store Request Schedule 1/Page_Store/input_txttreat'

2018-05-23 10:07:17 - [TEST_STEP][PASSED] - click: Object: 'Object Repository/Store Request Schedule 1/Page_Store/button_Add' is clicked on

2018-05-23 10:07:17 - [MESSAGE][PASSED] - Object: 'Object Repository/Store Request Schedule 1/Page_Store/button_Add' is clicked on

2018-05-23 10:07:17 - [TEST_STEP][PASSED] - selectOptionByIndex: All options with index in [6] are selected on object 'Object Repository/Store Request Schedule 1/Page_Store/select_--Select--Schedule 1Inj'

2018-05-23 10:07:17 - [MESSAGE][PASSED] - All options with index in [6] are selected on object 'Object Repository/Store Request Schedule 1/Page_Store/select_--Select--Schedule 1Inj'

2018-05-23 10:07:17 - [TEST_STEP][PASSED] - delay: Delayed 1 second(s)

2018-05-23 10:07:18 - [MESSAGE][PASSED] - Delayed 1 second(s)

2018-05-23 10:07:18 - [TEST_STEP][PASSED] - selectOptionByIndex: All options with index in [7] are selected on object 'Object Repository/Store Request Schedule 1/Page_Store/select_--Select--Adernaline 0.'

2018-05-23 10:07:18 - [MESSAGE][PASSED] - All options with index in [7] are selected on object 'Object Repository/Store Request Schedule 1/Page_Store/select_--Select--Adernaline 0.'

2018-05-23 10:07:18 - [TEST_STEP][PASSED] - setText: Text '100' is set on object 'Object Repository/Store Request Schedule 1/Page_Store/input_txttreat'

2018-05-23 10:07:18 - [MESSAGE][PASSED] - Text '100' is set on object 'Object Repository/Store Request Schedule 1/Page_Store/input_txttreat'

2018-05-23 10:07:18 - [TEST_STEP][PASSED] - click: Object: 'Object Repository/Store Request Schedule 1/Page_Store/button_Add' is clicked on

2018-05-23 10:07:18 - [MESSAGE][PASSED] - Object: 'Object Repository/Store Request Schedule 1/Page_Store/button_Add' is clicked on

2018-05-23 10:07:18 - [TEST_STEP][PASSED] - selectOptionByIndex: All options with index in [6] are selected on object 'Object Repository/Store Request Schedule 1/Page_Store/select_--Select--Schedule 1Inj'

2018-05-23 10:07:18 - [MESSAGE][PASSED] - All options with index in [6] are selected on object 'Object Repository/Store Request Schedule 1/Page_Store/select_--Select--Schedule 1Inj'

2018-05-23 10:07:18 - [TEST_STEP][PASSED] - delay: Delayed 1 second(s)

2018-05-23 10:07:19 - [MESSAGE][PASSED] - Delayed 1 second(s)

2018-05-23 10:07:19 - [TEST_STEP][PASSED] - selectOptionByIndex: All options with index in [8] are selected on object 'Object Repository/Store Request Schedule 1/Page_Store/select_--Select--Adernaline 0.'

2018-05-23 10:07:20 - [MESSAGE][PASSED] - All options with index in [8] are selected on object 'Object Repository/Store Request Schedule 1/Page_Store/select_--Select--Adernaline 0.'

2018-05-23 10:07:20 - [TEST_STEP][PASSED] - setText: Text '100' is set on object 'Object Repository/Store Request Schedule 1/Page_Store/input_txttreat'

2018-05-23 10:07:20 - [MESSAGE][PASSED] - Text '100' is set on object 'Object Repository/Store Request Schedule 1/Page_Store/input_txttreat'

2018-05-23 10:07:20 - [TEST_STEP][PASSED] - click: Object: 'Object Repository/Store Request Schedule 1/Page_Store/button_Add' is clicked on

2018-05-23 10:07:20 - [MESSAGE][PASSED] - Object: 'Object Repository/Store Request Schedule 1/Page_Store/button_Add' is clicked on

2018-05-23 10:07:20 - [TEST_STEP][PASSED] - selectOptionByIndex: All options with index in [6] are selected on object 'Object Repository/Store Request Schedule 1/Page_Store/select_--Select--Schedule 1Inj'

2018-05-23 10:07:20 - [MESSAGE][PASSED] - All options with index in [6] are selected on object 'Object Repository/Store Request Schedule 1/Page_Store/select_--Select--Schedule 1Inj'

2018-05-23 10:07:20 - [TEST_STEP][PASSED] - delay: Delayed 1 second(s)

2018-05-23 10:07:21 - [MESSAGE][PASSED] - Delayed 1 second(s)

2018-05-23 10:07:21 - [TEST_STEP][PASSED] - selectOptionByIndex: All options with index in [9] are selected on object 'Object Repository/Store Request Schedule 1/Page_Store/select_--Select--Adernaline 0.'

2018-05-23 10:07:21 - [MESSAGE][PASSED] - All options with index in [9] are selected on object 'Object Repository/Store Request Schedule 1/Page_Store/select_--Select--Adernaline 0.'

2018-05-23 10:07:21 - [TEST_STEP][PASSED] - setText: Text '100' is set on object 'Object Repository/Store Request Schedule 1/Page_Store/input_txttreat'

2018-05-23 10:07:21 - [MESSAGE][PASSED] - Text '100' is set on object 'Object Repository/Store Request Schedule 1/Page_Store/input_txttreat'

2018-05-23 10:07:21 - [TEST_STEP][PASSED] - click: Object: 'Object Repository/Store Request Schedule 1/Page_Store/button_Add' is clicked on

2018-05-23 10:07:21 - [MESSAGE][PASSED] - Object: 'Object Repository/Store Request Schedule 1/Page_Store/button_Add' is clicked on

2018-05-23 10:07:21 - [TEST_STEP][PASSED] - selectOptionByIndex: All options with index in [6] are selected on object 'Object Repository/Store Request Schedule 1/Page_Store/select_--Select--Schedule 1Inj'

2018-05-23 10:07:21 - [MESSAGE][PASSED] - All options with index in [6] are selected on object 'Object Repository/Store Request Schedule 1/Page_Store/select_--Select--Schedule 1Inj'

2018-05-23 10:07:21 - [TEST_STEP][PASSED] - delay: Delayed 1 second(s)

2018-05-23 10:07:22 - [MESSAGE][PASSED] - Delayed 1 second(s)

2018-05-23 10:07:22 - [TEST_STEP][PASSED] - selectOptionByIndex: All options with index in [10] are selected on object 'Object Repository/Store Request Schedule 1/Page_Store/select_--Select--Adernaline 0.'

2018-05-23 10:07:23 - [MESSAGE][PASSED] - All options with index in [10] are selected on object 'Object Repository/Store Request Schedule 1/Page_Store/select_--Select--Adernaline 0.'

2018-05-23 10:07:23 - [TEST_STEP][PASSED] - setText: Text '100' is set on object 'Object Repository/Store Request Schedule 1/Page_Store/input_txttreat'

2018-05-23 10:07:23 - [MESSAGE][PASSED] - Text '100' is set on object 'Object Repository/Store Request Schedule 1/Page_Store/input_txttreat'

2018-05-23 10:07:23 - [TEST_STEP][PASSED] - click: Object: 'Object Repository/Store Request Schedule 1/Page_Store/button_Add' is clicked on

2018-05-23 10:07:23 - [MESSAGE][PASSED] - Object: 'Object Repository/Store Request Schedule 1/Page_Store/button_Add' is clicked on

2018-05-23 10:07:23 - [TEST_STEP][PASSED] - selectOptionByIndex: All options with index in [6] are selected on object 'Object Repository/Store Request Schedule 1/Page_Store/select_--Select--Schedule 1Inj'

2018-05-23 10:07:23 - [MESSAGE][PASSED] - All options with index in [6] are selected on object 'Object Repository/Store Request Schedule 1/Page_Store/select_--Select--Schedule 1Inj'

2018-05-23 10:07:23 - [TEST_STEP][PASSED] - delay: Delayed 1 second(s)

2018-05-23 10:07:24 - [MESSAGE][PASSED] - Delayed 1 second(s)

2018-05-23 10:07:24 - [TEST_STEP][PASSED] - selectOptionByIndex: All options with index in [11] are selected on object 'Object Repository/Store Request Schedule 1/Page_Store/select_--Select--Adernaline 0.'

2018-05-23 10:07:24 - [MESSAGE][PASSED] - All options with index in [11] are selected on object 'Object Repository/Store Request Schedule 1/Page_Store/select_--Select--Adernaline 0.'

2018-05-23 10:07:24 - [TEST_STEP][PASSED] - setText: Text '100' is set on object 'Object Repository/Store Request Schedule 1/Page_Store/input_txttreat'

2018-05-23 10:07:24 - [MESSAGE][PASSED] - Text '100' is set on object 'Object Repository/Store Request Schedule 1/Page_Store/input_txttreat'

2018-05-23 10:07:24 - [TEST_STEP][PASSED] - click: Object: 'Object Repository/Store Request Schedule 1/Page_Store/button_Add' is clicked on

2018-05-23 10:07:24 - [MESSAGE][PASSED] - Object: 'Object Repository/Store Request Schedule 1/Page_Store/button_Add' is clicked on

2018-05-23 10:07:24 - [TEST_STEP][PASSED] - selectOptionByIndex: All options with index in [6] are selected on object 'Object Repository/Store Request Schedule 1/Page_Store/select_--Select--Schedule 1Inj'

2018-05-23 10:07:24 - [MESSAGE][PASSED] - All options with index in [6] are selected on object 'Object Repository/Store Request Schedule 1/Page_Store/select_--Select--Schedule 1Inj'

2018-05-23 10:07:24 - [TEST_STEP][PASSED] - delay: Delayed 1 second(s)

2018-05-23 10:07:25 - [MESSAGE][PASSED] - Delayed 1 second(s)

2018-05-23 10:07:25 - [TEST_STEP][PASSED] - selectOptionByIndex: All options with index in [12] are selected on object 'Object Repository/Store Request Schedule 1/Page_Store/select_--Select--Adernaline 0.'

2018-05-23 10:07:26 - [MESSAGE][PASSED] - All options with index in [12] are selected on object 'Object Repository/Store Request Schedule 1/Page_Store/select_--Select--Adernaline 0.'

2018-05-23 10:07:26 - [TEST_STEP][PASSED] - setText: Text '100' is set on object 'Object Repository/Store Request Schedule 1/Page_Store/input_txttreat'

2018-05-23 10:07:26 - [MESSAGE][PASSED] - Text '100' is set on object 'Object Repository/Store Request Schedule 1/Page_Store/input_txttreat'

2018-05-23 10:07:26 - [TEST_STEP][PASSED] - click: Object: 'Object Repository/Store Request Schedule 1/Page_Store/button_Add' is clicked on

2018-05-23 10:07:26 - [MESSAGE][PASSED] - Object: 'Object Repository/Store Request Schedule 1/Page_Store/button_Add' is clicked on

2018-05-23 10:07:26 - [TEST_STEP][PASSED] - selectOptionByIndex: All options with index in [6] are selected on object 'Object Repository/Store Request Schedule 1/Page_Store/select_--Select--Schedule 1Inj'

2018-05-23 10:07:26 - [MESSAGE][PASSED] - All options with index in [6] are selected on object 'Object Repository/Store Request Schedule 1/Page_Store/select_--Select--Schedule 1Inj'

2018-05-23 10:07:26 - [TEST_STEP][PASSED] - delay: Delayed 1 second(s)

2018-05-23 10:07:27 - [MESSAGE][PASSED] - Delayed 1 second(s)

2018-05-23 10:07:27 - [TEST_STEP][PASSED] - selectOptionByIndex: All options with index in [13] are selected on object 'Object Repository/Store Request Schedule 1/Page_Store/select_--Select--Adernaline 0.'

2018-05-23 10:07:27 - [MESSAGE][PASSED] - All options with index in [13] are selected on object 'Object Repository/Store Request Schedule 1/Page_Store/select_--Select--Adernaline 0.'

2018-05-23 10:07:27 - [TEST_STEP][PASSED] - setText: Text '100' is set on object 'Object Repository/Store Request Schedule 1/Page_Store/input_txttreat'

2018-05-23 10:07:27 - [MESSAGE][PASSED] - Text '100' is set on object 'Object Repository/Store Request Schedule 1/Page_Store/input_txttreat'

2018-05-23 10:07:27 - [TEST_STEP][PASSED] - click: Object: 'Object Repository/Store Request Schedule 1/Page_Store/button_Add' is clicked on

2018-05-23 10:07:27 - [MESSAGE][PASSED] - Object: 'Object Repository/Store Request Schedule 1/Page_Store/button_Add' is clicked on

2018-05-23 10:07:27 - [TEST_STEP][PASSED] - delay: Delayed 2 second(s)

2018-05-23 10:07:29 - [MESSAGE][PASSED] - Delayed 2 second(s)

2018-05-23 10:07:29 - [TEST_STEP][PASSED] - scrollToElement: Scroll to object 'Object Repository/Store Request Schedule 1/Page_Store/input_btnsave' successfully

2018-05-23 10:07:29 - [MESSAGE][PASSED] - Scroll to object 'Object Repository/Store Request Schedule 1/Page_Store/input_btnsave' successfully

2018-05-23 10:07:29 - [TEST_STEP][PASSED] - click: Object: 'Object Repository/Store Request Schedule 1/Page_Store/input_btnsave' is clicked on

2018-05-23 10:07:30 - [MESSAGE][PASSED] - Object: 'Object Repository/Store Request Schedule 1/Page_Store/input_btnsave' is clicked on

2018-05-23 10:07:30 - [TEST_STEP][PASSED] - delay: Delayed 4 second(s)

2018-05-23 10:07:34 - [MESSAGE][PASSED] - Delayed 4 second(s)

2018-05-23 10:07:34 - [TEST_STEP][PASSED] - Statement - Cms_RequestNumber = com.kms.katalon.core.webui.keyword.WebUiBuiltInKeywords.getText(com.kms.katalon.core.testobject.ObjectRepository.findTestObject(Store Request Schedule 1/Page_Store/font_PRNO050520189)): Text of object 'Object Repository/Store Request Schedule 1/Page_Store/font_PRNO050520189' is: 'PRNO/23052018/356'

2018-05-23 10:07:34 - [MESSAGE][PASSED] - Text of object 'Object Repository/Store Request Schedule 1/Page_Store/font_PRNO050520189' is: 'PRNO/23052018/356'

2018-05-23 10:07:34 - [TEST_STEP][PASSED] - Statement - CR = Cms_RequestNumber.trim(): null

2018-05-23 10:07:34 - [TEST_STEP][PASSED] - Statement - out.println("RQ :" + Cms_RequestNumber): null

2018-05-23 10:07:34 - [TEST_STEP][PASSED] - Statement - RequestNumberID = Cms_RequestNumber.split("/")[2].trim(): null

2018-05-23 10:07:34 - [TEST_STEP][PASSED] - Statement - out.println("RQ ID :" + RequestNumberID): null

2018-05-23 10:07:34 - [TEST_STEP][PASSED] - delay: Delayed 3 second(s)

2018-05-23 10:07:37 - [MESSAGE][PASSED] - Delayed 3 second(s)

2018-05-23 10:07:37 - [TEST_STEP][PASSED] - Statement - ok = com.kms.katalon.core.webui.keyword.WebUiBuiltInKeywords.click(com.kms.katalon.core.testobject.ObjectRepository.findTestObject(Store Request Schedule 1/Page_Store/button_OK)): Object: 'Object Repository/Store Request Schedule 1/Page_Store/button_OK' is clicked on

2018-05-23 10:07:37 - [MESSAGE][PASSED] - Object: 'Object Repository/Store Request Schedule 1/Page_Store/button_OK' is clicked on

2018-05-23 10:07:37 - [TEST_STEP][PASSED] - delay: Delayed 3 second(s)

2018-05-23 10:07:40 - [MESSAGE][PASSED] - Delayed 3 second(s)

2018-05-23 10:07:40 - [TEST_STEP][PASSED] - click: Object: 'Object Repository/Store Request Schedule 1/Page_Store/a_dropdown-toggle' is clicked on

2018-05-23 10:07:40 - [MESSAGE][PASSED] - Object: 'Object Repository/Store Request Schedule 1/Page_Store/a_dropdown-toggle' is clicked on

2018-05-23 10:07:40 - [TEST_STEP][PASSED] - click: Object: 'Object Repository/Store Request Schedule 1/Page_Store/a_Sign out' is clicked on

2018-05-23 10:07:41 - [MESSAGE][PASSED] - Object: 'Object Repository/Store Request Schedule 1/Page_Store/a_Sign out' is clicked on

2018-05-23 10:07:41 - [TEST_STEP][PASSED] - delay: Delayed 3 second(s)

2018-05-23 10:07:44 - [MESSAGE][PASSED] - Delayed 3 second(s)

2018-05-23 10:07:44 - [TEST_STEP][PASSED] - click: Object: 'Object Repository/Store Request Schedule 1/Page_KDMC/a_CMO' is clicked on

2018-05-23 10:07:44 - [MESSAGE][PASSED] - Object: 'Object Repository/Store Request Schedule 1/Page_KDMC/a_CMO' is clicked on

2018-05-23 10:07:44 - [TEST_STEP][PASSED] - setText: Text 'guru' is set on object 'Object Repository/Store Request Schedule 1/Page_CMO login/input_txtusername'

2018-05-23 10:07:45 - [MESSAGE][PASSED] - Text 'guru' is set on object 'Object Repository/Store Request Schedule 1/Page_CMO login/input_txtusername'

2018-05-23 10:07:45 - [TEST_STEP][PASSED] - setText: Text '123' is set on object 'Object Repository/Store Request Schedule 1/Page_CMO login/input_txtpassword'

2018-05-23 10:07:45 - [MESSAGE][PASSED] - Text '123' is set on object 'Object Repository/Store Request Schedule 1/Page_CMO login/input_txtpassword'

2018-05-23 10:07:45 - [TEST_STEP][PASSED] - delay: Delayed 3 second(s)

2018-05-23 10:07:48 - [MESSAGE][PASSED] - Delayed 3 second(s)

2018-05-23 10:07:48 - [TEST_STEP][PASSED] - click: Object: 'Object Repository/Store Request Schedule 1/Page_CMO login/button_Sign in' is clicked on

2018-05-23 10:07:49 - [MESSAGE][PASSED] - Object: 'Object Repository/Store Request Schedule 1/Page_CMO login/button_Sign in' is clicked on

2018-05-23 10:07:49 - [TEST_STEP][PASSED] - delay: Delayed 2 second(s)

2018-05-23 10:07:51 - [MESSAGE][PASSED] - Delayed 2 second(s)

2018-05-23 10:07:51 - [TEST_STEP][PASSED] - click: Object: 'Object Repository/Store Request Schedule 1/Page_KDMC - CMO/span_Department Wise Request' is clicked on

2018-05-23 10:07:51 - [MESSAGE][PASSED] - Object: 'Object Repository/Store Request Schedule 1/Page_KDMC - CMO/span_Department Wise Request' is clicked on

2018-05-23 10:07:51 - [TEST_STEP][PASSED] - click: Object: 'Object Repository/Store Request Schedule 1/Page_KDMC - CMO/a_CMS Request' is clicked on

2018-05-23 10:07:51 - [MESSAGE][PASSED] - Object: 'Object Repository/Store Request Schedule 1/Page_KDMC - CMO/a_CMS Request' is clicked on

2018-05-23 10:07:51 - [TEST_STEP][PASSED] - click: Object: 'Object Repository/Store Request Schedule 1/Page_KDMC - CMO/a_CMS Request' is clicked on

2018-05-23 10:07:51 - [MESSAGE][PASSED] - Object: 'Object Repository/Store Request Schedule 1/Page_KDMC - CMO/a_CMS Request' is clicked on

2018-05-23 10:07:51 - [TEST_STEP][PASSED] - click: Object: 'Object Repository/Store Request Schedule 1/Page_KDMC - CMO/span_Divisional Store Request' is clicked on

2018-05-23 10:07:53 - [MESSAGE][PASSED] - Object: 'Object Repository/Store Request Schedule 1/Page_KDMC - CMO/span_Divisional Store Request' is clicked on

2018-05-23 10:07:53 - [TEST_STEP][PASSED] - delay: Delayed 2 second(s)

2018-05-23 10:07:55 - [MESSAGE][PASSED] - Delayed 2 second(s)

2018-05-23 10:07:55 - [TEST_STEP][PASSED] - Statement - approval = com.kms.katalon.core.webui.keyword.WebUiBuiltInKeywords.modifyObjectProperty(com.kms.katalon.core.testobject.ObjectRepository.findTestObject(Store Request Schedule 1/Page_KDMC - CMO/input_PRNO050520189), "xpath", "equals", "//*[@id=" + RequestNumberID + "]", true): Modify property of object successfully

2018-05-23 10:07:55 - [MESSAGE][PASSED] - Modify property of object successfully

2018-05-23 10:07:55 - [TEST_STEP][PASSED] - click: Object: 'Object Repository/Store Request Schedule 1/Page_KDMC - CMO/input_PRNO050520189' is clicked on

2018-05-23 10:07:55 - [MESSAGE][PASSED] - Object: 'Object Repository/Store Request Schedule 1/Page_KDMC - CMO/input_PRNO050520189' is clicked on

2018-05-23 10:07:56 - [TEST_STEP][PASSED] - delay: Delayed 2 second(s)

2018-05-23 10:07:58 - [MESSAGE][PASSED] - Delayed 2 second(s)

2018-05-23 10:07:58 - [TEST_STEP][PASSED] - selectOptionByIndex: All options with index in [1] are selected on object 'Object Repository/Store Request Schedule 1/Page_KDMC - CMO/select_--Select--'

2018-05-23 10:07:58 - [MESSAGE][PASSED] - All options with index in [1] are selected on object 'Object Repository/Store Request Schedule 1/Page_KDMC - CMO/select_--Select--'

2018-05-23 10:07:58 - [TEST_STEP][PASSED] - click: Object: 'Object Repository/Store Request Schedule 1/Page_KDMC - CMO/input_btnupdate' is clicked on

2018-05-23 10:07:58 - [MESSAGE][PASSED] - Object: 'Object Repository/Store Request Schedule 1/Page_KDMC - CMO/input_btnupdate' is clicked on

2018-05-23 10:07:58 - [TEST_STEP][PASSED] - delay: Delayed 2 second(s)

2018-05-23 10:08:00 - [MESSAGE][PASSED] - Delayed 2 second(s)

2018-05-23 10:08:00 - [TEST_STEP][PASSED] - click: Object: 'Object Repository/Store Request Schedule 1/Page_KDMC - CMO/button_OK' is clicked on

2018-05-23 10:08:00 - [MESSAGE][PASSED] - Object: 'Object Repository/Store Request Schedule 1/Page_KDMC - CMO/button_OK' is clicked on

2018-05-23 10:08:00 - [TEST_STEP][PASSED] - delay: Delayed 2 second(s)

2018-05-23 10:08:02 - [MESSAGE][PASSED] - Delayed 2 second(s)

2018-05-23 10:08:02 - [TEST_STEP][PASSED] - click: Object: 'Object Repository/Store Request Schedule 1/Page_KDMC - CMO/a_dropdown-toggle' is clicked on

2018-05-23 10:08:02 - [MESSAGE][PASSED] - Object: 'Object Repository/Store Request Schedule 1/Page_KDMC - CMO/a_dropdown-toggle' is clicked on

2018-05-23 10:08:02 - [TEST_STEP][PASSED] - click: Object: 'Object Repository/Store Request Schedule 1/Page_KDMC - CMO/a_Sign out' is clicked on

2018-05-23 10:08:03 - [MESSAGE][PASSED] - Object: 'Object Repository/Store Request Schedule 1/Page_KDMC - CMO/a_Sign out' is clicked on

2018-05-23 10:08:03 - [TEST_STEP][PASSED] - delay: Delayed 3 second(s)

2018-05-23 10:08:06 - [MESSAGE][PASSED] - Delayed 3 second(s)

2018-05-23 10:08:06 - [TEST_STEP][PASSED] - click: Object: 'Object Repository/store Request Schedule 1/Page_KDMC/a_CMS' is clicked on

2018-05-23 10:08:06 - [MESSAGE][PASSED] - Object: 'Object Repository/store Request Schedule 1/Page_KDMC/a_CMS' is clicked on

2018-05-23 10:08:06 - [TEST_STEP][PASSED] - setText: Text 'bala' is set on object 'Object Repository/store Request Schedule 1/Page_CMS login/input_txtusername'

2018-05-23 10:08:06 - [MESSAGE][PASSED] - Text 'bala' is set on object 'Object Repository/store Request Schedule 1/Page_CMS login/input_txtusername'

2018-05-23 10:08:06 - [TEST_STEP][PASSED] - setText: Text '123' is set on object 'Object Repository/store Request Schedule 1/Page_CMS login/input_txtpassword'

2018-05-23 10:08:06 - [MESSAGE][PASSED] - Text '123' is set on object 'Object Repository/store Request Schedule 1/Page_CMS login/input_txtpassword'

2018-05-23 10:08:06 - [TEST_STEP][PASSED] - delay: Delayed 3 second(s)

2018-05-23 10:08:09 - [MESSAGE][PASSED] - Delayed 3 second(s)

2018-05-23 10:08:09 - [TEST_STEP][PASSED] - click: Object: 'Object Repository/store Request Schedule 1/Page_CMS login/button_Sign in' is clicked on

2018-05-23 10:08:10 - [MESSAGE][PASSED] - Object: 'Object Repository/store Request Schedule 1/Page_CMS login/button_Sign in' is clicked on

2018-05-23 10:08:10 - [TEST_STEP][PASSED] - delay: Delayed 2 second(s)

2018-05-23 10:08:12 - [MESSAGE][PASSED] - Delayed 2 second(s)

2018-05-23 10:08:12 - [TEST_STEP][PASSED] - click: Object: 'Object Repository/store Request Schedule 1/Page_KDMC - CMS/a_Divisional Store' is clicked on

2018-05-23 10:08:12 - [MESSAGE][PASSED] - Object: 'Object Repository/store Request Schedule 1/Page_KDMC - CMS/a_Divisional Store' is clicked on

2018-05-23 10:08:12 - [TEST_STEP][PASSED] - delay: Delayed 2 second(s)

2018-05-23 10:08:14 - [MESSAGE][PASSED] - Delayed 2 second(s)

2018-05-23 10:08:14 - [TEST_STEP][PASSED] - click: Object: 'Object Repository/store Request Schedule 1/Page_KDMC - CMS/a_Dispatch Items' is clicked on

2018-05-23 10:08:14 - [MESSAGE][PASSED] - Object: 'Object Repository/store Request Schedule 1/Page_KDMC - CMS/a_Dispatch Items' is clicked on

2018-05-23 10:08:14 - [TEST_STEP][PASSED] - setText: Text 'PRNO/23052018/356' is set on object 'Object Repository/store Request Schedule 1/Page_KDMC - CMS/input'

2018-05-23 10:08:15 - [MESSAGE][PASSED] - Text 'PRNO/23052018/356' is set on object 'Object Repository/store Request Schedule 1/Page_KDMC - CMS/input'

2018-05-23 10:08:15 - [TEST_STEP][PASSED] - click: Object: 'Object Repository/store Request Schedule 1/Page_KDMC - CMS/td_text-center' is clicked on

2018-05-23 10:08:15 - [MESSAGE][PASSED] - Object: 'Object Repository/store Request Schedule 1/Page_KDMC - CMS/td_text-center' is clicked on

2018-05-23 10:08:15 - [TEST_STEP][PASSED] - delay: Delayed 2 second(s)

2018-05-23 10:08:17 - [MESSAGE][PASSED] - Delayed 2 second(s)

2018-05-23 10:08:17 - [TEST_STEP][PASSED] - Statement - For ([row = 0, row < SelectedOptions - 1, (row++)]): null

2018-05-23 10:08:17 - [TEST_STEP][PASSED] - Statement - batchlength = new com.kms.katalon.core.testobject.TestObject(): null

2018-05-23 10:08:17 - [TEST_STEP][PASSED] - Statement - batchlength = com.kms.katalon.core.webui.keyword.WebUiBuiltInKeywords.modifyObjectProperty(batchlength, "xpath", "equals", "//*[@id = "fldvendor" + row + ""]", true): Modify property of object successfully

2018-05-23 10:08:17 - [MESSAGE][PASSED] - Modify property of object successfully

2018-05-23 10:08:17 - [TEST_STEP][PASSED] - Statement - batchsize = com.kms.katalon.core.webui.keyword.WebUiBuiltInKeywords.getNumberOfTotalOption(batchlength): 7 options of object '' counted

2018-05-23 10:08:17 - [MESSAGE][PASSED] - 7 options of object '' counted

2018-05-23 10:08:17 - [TEST_STEP][PASSED] - Statement - out.println("BatchSize : " + batchsize): null

2018-05-23 10:08:17 - [TEST_STEP][PASSED] - Statement - For ([n = 1, n <= batchsize - 1, (n++)]): null

2018-05-23 10:08:17 - [TEST_STEP][PASSED] - Statement - product = new com.kms.katalon.core.testobject.TestObject(): null

2018-05-23 10:08:17 - [TEST_STEP][PASSED] - Statement - product = com.kms.katalon.core.webui.keyword.WebUiBuiltInKeywords.modifyObjectProperty(product, "xpath", "equals", "//*[@id = "fldvendor" + row + ""]", true): Modify property of object successfully

2018-05-23 10:08:17 - [MESSAGE][PASSED] - Modify property of object successfully

2018-05-23 10:08:17 - [TEST_STEP][PASSED] - selectOptionByIndex: All options with index in [1] are selected on object ''

2018-05-23 10:08:17 - [MESSAGE][PASSED] - All options with index in [1] are selected on object ''

2018-05-23 10:08:17 - [TEST_STEP][PASSED] - Statement - batch = new com.kms.katalon.core.testobject.TestObject(): null

2018-05-23 10:08:17 - [TEST_STEP][PASSED] - Statement - batch = com.kms.katalon.core.webui.keyword.WebUiBuiltInKeywords.modifyObjectProperty(batch, "xpath", "equals", "//*[@id = "txtbthqty" + row + ""]", true): Modify property of object successfully

2018-05-23 10:08:17 - [MESSAGE][PASSED] - Modify property of object successfully

2018-05-23 10:08:17 - [TEST_STEP][PASSED] - Statement - batchqty = com.kms.katalon.core.webui.keyword.WebUiBuiltInKeywords.getAttribute(batch, "value").trim(): Attribute 'value' of object '' is: '39000'

2018-05-23 10:08:17 - [MESSAGE][PASSED] - Attribute 'value' of object '' is: '39000'

2018-05-23 10:08:17 - [TEST_STEP][PASSED] - Statement - Rqty = 100: null

2018-05-23 10:08:17 - [TEST_STEP][PASSED] - delay: Delayed 2 second(s)

2018-05-23 10:08:19 - [MESSAGE][PASSED] - Delayed 2 second(s)

2018-05-23 10:08:19 - [TEST_STEP][PASSED] - Statement - out.println("BatchQty : " + batchqty): null

2018-05-23 10:08:19 - [TEST_STEP][PASSED] - Statement - out.println("RQty : " + Rqty): null

2018-05-23 10:08:19 - [TEST_STEP][PASSED] - Statement - If (java.lang.Integer.valueOf(batchqty) >= java.lang.Integer.valueOf(Rqty)): null

2018-05-23 10:08:19 - [TEST_STEP][PASSED] - Statement - Break: null

2018-05-23 10:08:19 - [TEST_STEP][PASSED] - Statement - batchlength = new com.kms.katalon.core.testobject.TestObject(): null

2018-05-23 10:08:19 - [TEST_STEP][PASSED] - Statement - batchlength = com.kms.katalon.core.webui.keyword.WebUiBuiltInKeywords.modifyObjectProperty(batchlength, "xpath", "equals", "//*[@id = "fldvendor" + row + ""]", true): Modify property of object successfully

2018-05-23 10:08:19 - [MESSAGE][PASSED] - Modify property of object successfully

2018-05-23 10:08:19 - [TEST_STEP][PASSED] - Statement - batchsize = com.kms.katalon.core.webui.keyword.WebUiBuiltInKeywords.getNumberOfTotalOption(batchlength): 7 options of object '' counted

2018-05-23 10:08:19 - [MESSAGE][PASSED] - 7 options of object '' counted

2018-05-23 10:08:19 - [TEST_STEP][PASSED] - Statement - out.println("BatchSize : " + batchsize): null

2018-05-23 10:08:19 - [TEST_STEP][PASSED] - Statement - For ([n = 1, n <= batchsize - 1, (n++)]): null

2018-05-23 10:08:19 - [TEST_STEP][PASSED] - Statement - product = new com.kms.katalon.core.testobject.TestObject(): null

2018-05-23 10:08:19 - [TEST_STEP][PASSED] - Statement - product = com.kms.katalon.core.webui.keyword.WebUiBuiltInKeywords.modifyObjectProperty(product, "xpath", "equals", "//*[@id = "fldvendor" + row + ""]", true): Modify property of object successfully

2018-05-23 10:08:19 - [MESSAGE][PASSED] - Modify property of object successfully

2018-05-23 10:08:19 - [TEST_STEP][PASSED] - selectOptionByIndex: All options with index in [1] are selected on object ''

2018-05-23 10:08:20 - [MESSAGE][PASSED] - All options with index in [1] are selected on object ''

2018-05-23 10:08:20 - [TEST_STEP][PASSED] - Statement - batch = new com.kms.katalon.core.testobject.TestObject(): null

2018-05-23 10:08:20 - [TEST_STEP][PASSED] - Statement - batch = com.kms.katalon.core.webui.keyword.WebUiBuiltInKeywords.modifyObjectProperty(batch, "xpath", "equals", "//*[@id = "txtbthqty" + row + ""]", true): Modify property of object successfully

2018-05-23 10:08:20 - [MESSAGE][PASSED] - Modify property of object successfully

2018-05-23 10:08:20 - [TEST_STEP][PASSED] - Statement - batchqty = com.kms.katalon.core.webui.keyword.WebUiBuiltInKeywords.getAttribute(batch, "value").trim(): Attribute 'value' of object '' is: '4100'

2018-05-23 10:08:20 - [MESSAGE][PASSED] - Attribute 'value' of object '' is: '4100'

2018-05-23 10:08:20 - [TEST_STEP][PASSED] - Statement - Rqty = 100: null

2018-05-23 10:08:20 - [TEST_STEP][PASSED] - delay: Delayed 2 second(s)

2018-05-23 10:08:22 - [MESSAGE][PASSED] - Delayed 2 second(s)

2018-05-23 10:08:22 - [TEST_STEP][PASSED] - Statement - out.println("BatchQty : " + batchqty): null

2018-05-23 10:08:22 - [TEST_STEP][PASSED] - Statement - out.println("RQty : " + Rqty): null

2018-05-23 10:08:22 - [TEST_STEP][PASSED] - Statement - If (java.lang.Integer.valueOf(batchqty) >= java.lang.Integer.valueOf(Rqty)): null

2018-05-23 10:08:22 - [TEST_STEP][PASSED] - Statement - Break: null

2018-05-23 10:08:22 - [TEST_STEP][PASSED] - Statement - batchlength = new com.kms.katalon.core.testobject.TestObject(): null

2018-05-23 10:08:22 - [TEST_STEP][PASSED] - Statement - batchlength = com.kms.katalon.core.webui.keyword.WebUiBuiltInKeywords.modifyObjectProperty(batchlength, "xpath", "equals", "//*[@id = "fldvendor" + row + ""]", true): Modify property of object successfully

2018-05-23 10:08:22 - [MESSAGE][PASSED] - Modify property of object successfully

2018-05-23 10:08:22 - [TEST_STEP][PASSED] - Statement - batchsize = com.kms.katalon.core.webui.keyword.WebUiBuiltInKeywords.getNumberOfTotalOption(batchlength): 7 options of object '' counted

2018-05-23 10:08:22 - [MESSAGE][PASSED] - 7 options of object '' counted

2018-05-23 10:08:22 - [TEST_STEP][PASSED] - Statement - out.println("BatchSize : " + batchsize): null

2018-05-23 10:08:22 - [TEST_STEP][PASSED] - Statement - For ([n = 1, n <= batchsize - 1, (n++)]): null

2018-05-23 10:08:22 - [TEST_STEP][PASSED] - Statement - product = new com.kms.katalon.core.testobject.TestObject(): null

2018-05-23 10:08:22 - [TEST_STEP][PASSED] - Statement - product = com.kms.katalon.core.webui.keyword.WebUiBuiltInKeywords.modifyObjectProperty(product, "xpath", "equals", "//*[@id = "fldvendor" + row + ""]", true): Modify property of object successfully

2018-05-23 10:08:22 - [MESSAGE][PASSED] - Modify property of object successfully

2018-05-23 10:08:22 - [TEST_STEP][PASSED] - selectOptionByIndex: All options with index in [1] are selected on object ''

2018-05-23 10:08:22 - [MESSAGE][PASSED] - All options with index in [1] are selected on object ''

2018-05-23 10:08:22 - [TEST_STEP][PASSED] - Statement - batch = new com.kms.katalon.core.testobject.TestObject(): null

2018-05-23 10:08:22 - [TEST_STEP][PASSED] - Statement - batch = com.kms.katalon.core.webui.keyword.WebUiBuiltInKeywords.modifyObjectProperty(batch, "xpath", "equals", "//*[@id = "txtbthqty" + row + ""]", true): Modify property of object successfully

2018-05-23 10:08:22 - [MESSAGE][PASSED] - Modify property of object successfully

2018-05-23 10:08:22 - [TEST_STEP][PASSED] - Statement - batchqty = com.kms.katalon.core.webui.keyword.WebUiBuiltInKeywords.getAttribute(batch, "value").trim(): Attribute 'value' of object '' is: '3900'

2018-05-23 10:08:22 - [MESSAGE][PASSED] - Attribute 'value' of object '' is: '3900'

2018-05-23 10:08:22 - [TEST_STEP][PASSED] - Statement - Rqty = 100: null

2018-05-23 10:08:22 - [TEST_STEP][PASSED] - delay: Delayed 2 second(s)

2018-05-23 10:08:24 - [MESSAGE][PASSED] - Delayed 2 second(s)

2018-05-23 10:08:24 - [TEST_STEP][PASSED] - Statement - out.println("BatchQty : " + batchqty): null

2018-05-23 10:08:24 - [TEST_STEP][PASSED] - Statement - out.println("RQty : " + Rqty): null

2018-05-23 10:08:24 - [TEST_STEP][PASSED] - Statement - If (java.lang.Integer.valueOf(batchqty) >= java.lang.Integer.valueOf(Rqty)): null

2018-05-23 10:08:24 - [TEST_STEP][PASSED] - Statement - Break: null

2018-05-23 10:08:24 - [TEST_STEP][PASSED] - Statement - batchlength = new com.kms.katalon.core.testobject.TestObject(): null

2018-05-23 10:08:24 - [TEST_STEP][PASSED] - Statement - batchlength = com.kms.katalon.core.webui.keyword.WebUiBuiltInKeywords.modifyObjectProperty(batchlength, "xpath", "equals", "//*[@id = "fldvendor" + row + ""]", true): Modify property of object successfully

2018-05-23 10:08:24 - [MESSAGE][PASSED] - Modify property of object successfully

2018-05-23 10:08:24 - [TEST_STEP][PASSED] - Statement - batchsize = com.kms.katalon.core.webui.keyword.WebUiBuiltInKeywords.getNumberOfTotalOption(batchlength): 6 options of object '' counted

2018-05-23 10:08:24 - [MESSAGE][PASSED] - 6 options of object '' counted

2018-05-23 10:08:24 - [TEST_STEP][PASSED] - Statement - out.println("BatchSize : " + batchsize): null

2018-05-23 10:08:24 - [TEST_STEP][PASSED] - Statement - For ([n = 1, n <= batchsize - 1, (n++)]): null

2018-05-23 10:08:24 - [TEST_STEP][PASSED] - Statement - product = new com.kms.katalon.core.testobject.TestObject(): null

2018-05-23 10:08:24 - [TEST_STEP][PASSED] - Statement - product = com.kms.katalon.core.webui.keyword.WebUiBuiltInKeywords.modifyObjectProperty(product, "xpath", "equals", "//*[@id = "fldvendor" + row + ""]", true): Modify property of object successfully

2018-05-23 10:08:24 - [MESSAGE][PASSED] - Modify property of object successfully

2018-05-23 10:08:24 - [TEST_STEP][PASSED] - selectOptionByIndex: All options with index in [1] are selected on object ''

2018-05-23 10:08:24 - [MESSAGE][PASSED] - All options with index in [1] are selected on object ''

2018-05-23 10:08:24 - [TEST_STEP][PASSED] - Statement - batch = new com.kms.katalon.core.testobject.TestObject(): null

2018-05-23 10:08:24 - [TEST_STEP][PASSED] - Statement - batch = com.kms.katalon.core.webui.keyword.WebUiBuiltInKeywords.modifyObjectProperty(batch, "xpath", "equals", "//*[@id = "txtbthqty" + row + ""]", true): Modify property of object successfully

2018-05-23 10:08:24 - [MESSAGE][PASSED] - Modify property of object successfully

2018-05-23 10:08:24 - [TEST_STEP][PASSED] - Statement - batchqty = com.kms.katalon.core.webui.keyword.WebUiBuiltInKeywords.getAttribute(batch, "value").trim(): Attribute 'value' of object '' is: '4100'

2018-05-23 10:08:24 - [MESSAGE][PASSED] - Attribute 'value' of object '' is: '4100'

2018-05-23 10:08:24 - [TEST_STEP][PASSED] - Statement - Rqty = 100: null

2018-05-23 10:08:24 - [TEST_STEP][PASSED] - delay: Delayed 2 second(s)

2018-05-23 10:08:26 - [MESSAGE][PASSED] - Delayed 2 second(s)

2018-05-23 10:08:26 - [TEST_STEP][PASSED] - Statement - out.println("BatchQty : " + batchqty): null

2018-05-23 10:08:26 - [TEST_STEP][PASSED] - Statement - out.println("RQty : " + Rqty): null

2018-05-23 10:08:26 - [TEST_STEP][PASSED] - Statement - If (java.lang.Integer.valueOf(batchqty) >= java.lang.Integer.valueOf(Rqty)): null

2018-05-23 10:08:26 - [TEST_STEP][PASSED] - Statement - Break: null

2018-05-23 10:08:26 - [TEST_STEP][PASSED] - Statement - batchlength = new com.kms.katalon.core.testobject.TestObject(): null

2018-05-23 10:08:26 - [TEST_STEP][PASSED] - Statement - batchlength = com.kms.katalon.core.webui.keyword.WebUiBuiltInKeywords.modifyObjectProperty(batchlength, "xpath", "equals", "//*[@id = "fldvendor" + row + ""]", true): Modify property of object successfully

2018-05-23 10:08:26 - [MESSAGE][PASSED] - Modify property of object successfully

2018-05-23 10:08:26 - [TEST_STEP][PASSED] - Statement - batchsize = com.kms.katalon.core.webui.keyword.WebUiBuiltInKeywords.getNumberOfTotalOption(batchlength): 7 options of object '' counted

2018-05-23 10:08:26 - [MESSAGE][PASSED] - 7 options of object '' counted

2018-05-23 10:08:26 - [TEST_STEP][PASSED] - Statement - out.println("BatchSize : " + batchsize): null

2018-05-23 10:08:26 - [TEST_STEP][PASSED] - Statement - For ([n = 1, n <= batchsize - 1, (n++)]): null

2018-05-23 10:08:26 - [TEST_STEP][PASSED] - Statement - product = new com.kms.katalon.core.testobject.TestObject(): null

2018-05-23 10:08:26 - [TEST_STEP][PASSED] - Statement - product = com.kms.katalon.core.webui.keyword.WebUiBuiltInKeywords.modifyObjectProperty(product, "xpath", "equals", "//*[@id = "fldvendor" + row + ""]", true): Modify property of object successfully

2018-05-23 10:08:26 - [MESSAGE][PASSED] - Modify property of object successfully

2018-05-23 10:08:26 - [TEST_STEP][PASSED] - selectOptionByIndex: All options with index in [1] are selected on object ''

2018-05-23 10:08:26 - [MESSAGE][PASSED] - All options with index in [1] are selected on object ''

2018-05-23 10:08:26 - [TEST_STEP][PASSED] - Statement - batch = new com.kms.katalon.core.testobject.TestObject(): null

2018-05-23 10:08:26 - [TEST_STEP][PASSED] - Statement - batch = com.kms.katalon.core.webui.keyword.WebUiBuiltInKeywords.modifyObjectProperty(batch, "xpath", "equals", "//*[@id = "txtbthqty" + row + ""]", true): Modify property of object successfully

2018-05-23 10:08:26 - [MESSAGE][PASSED] - Modify property of object successfully

2018-05-23 10:08:26 - [TEST_STEP][PASSED] - Statement - batchqty = com.kms.katalon.core.webui.keyword.WebUiBuiltInKeywords.getAttribute(batch, "value").trim(): Attribute 'value' of object '' is: '4000'

2018-05-23 10:08:26 - [MESSAGE][PASSED] - Attribute 'value' of object '' is: '4000'

2018-05-23 10:08:26 - [TEST_STEP][PASSED] - Statement - Rqty = 100: null

2018-05-23 10:08:26 - [TEST_STEP][PASSED] - delay: Delayed 2 second(s)

2018-05-23 10:08:28 - [MESSAGE][PASSED] - Delayed 2 second(s)

2018-05-23 10:08:28 - [TEST_STEP][PASSED] - Statement - out.println("BatchQty : " + batchqty): null

2018-05-23 10:08:28 - [TEST_STEP][PASSED] - Statement - out.println("RQty : " + Rqty): null

2018-05-23 10:08:28 - [TEST_STEP][PASSED] - Statement - If (java.lang.Integer.valueOf(batchqty) >= java.lang.Integer.valueOf(Rqty)): null

2018-05-23 10:08:28 - [TEST_STEP][PASSED] - Statement - Break: null

2018-05-23 10:08:28 - [TEST_STEP][PASSED] - Statement - batchlength = new com.kms.katalon.core.testobject.TestObject(): null

2018-05-23 10:08:28 - [TEST_STEP][PASSED] - Statement - batchlength = com.kms.katalon.core.webui.keyword.WebUiBuiltInKeywords.modifyObjectProperty(batchlength, "xpath", "equals", "//*[@id = "fldvendor" + row + ""]", true): Modify property of object successfully

2018-05-23 10:08:28 - [MESSAGE][PASSED] - Modify property of object successfully

2018-05-23 10:08:28 - [TEST_STEP][PASSED] - Statement - batchsize = com.kms.katalon.core.webui.keyword.WebUiBuiltInKeywords.getNumberOfTotalOption(batchlength): 7 options of object '' counted

2018-05-23 10:08:28 - [MESSAGE][PASSED] - 7 options of object '' counted

2018-05-23 10:08:28 - [TEST_STEP][PASSED] - Statement - out.println("BatchSize : " + batchsize): null

2018-05-23 10:08:28 - [TEST_STEP][PASSED] - Statement - For ([n = 1, n <= batchsize - 1, (n++)]): null

2018-05-23 10:08:28 - [TEST_STEP][PASSED] - Statement - product = new com.kms.katalon.core.testobject.TestObject(): null

2018-05-23 10:08:28 - [TEST_STEP][PASSED] - Statement - product = com.kms.katalon.core.webui.keyword.WebUiBuiltInKeywords.modifyObjectProperty(product, "xpath", "equals", "//*[@id = "fldvendor" + row + ""]", true): Modify property of object successfully

2018-05-23 10:08:28 - [MESSAGE][PASSED] - Modify property of object successfully

2018-05-23 10:08:28 - [TEST_STEP][PASSED] - selectOptionByIndex: All options with index in [1] are selected on object ''

2018-05-23 10:08:29 - [MESSAGE][PASSED] - All options with index in [1] are selected on object ''

2018-05-23 10:08:29 - [TEST_STEP][PASSED] - Statement - batch = new com.kms.katalon.core.testobject.TestObject(): null

2018-05-23 10:08:29 - [TEST_STEP][PASSED] - Statement - batch = com.kms.katalon.core.webui.keyword.WebUiBuiltInKeywords.modifyObjectProperty(batch, "xpath", "equals", "//*[@id = "txtbthqty" + row + ""]", true): Modify property of object successfully

2018-05-23 10:08:29 - [MESSAGE][PASSED] - Modify property of object successfully

2018-05-23 10:08:29 - [TEST_STEP][PASSED] - Statement - batchqty = com.kms.katalon.core.webui.keyword.WebUiBuiltInKeywords.getAttribute(batch, "value").trim(): Attribute 'value' of object '' is: '4100'

2018-05-23 10:08:29 - [MESSAGE][PASSED] - Attribute 'value' of object '' is: '4100'

2018-05-23 10:08:29 - [TEST_STEP][PASSED] - Statement - Rqty = 100: null

2018-05-23 10:08:29 - [TEST_STEP][PASSED] - delay: Delayed 2 second(s)

2018-05-23 10:08:31 - [MESSAGE][PASSED] - Delayed 2 second(s)

2018-05-23 10:08:31 - [TEST_STEP][PASSED] - Statement - out.println("BatchQty : " + batchqty): null

2018-05-23 10:08:31 - [TEST_STEP][PASSED] - Statement - out.println("RQty : " + Rqty): null

2018-05-23 10:08:31 - [TEST_STEP][PASSED] - Statement - If (java.lang.Integer.valueOf(batchqty) >= java.lang.Integer.valueOf(Rqty)): null

2018-05-23 10:08:31 - [TEST_STEP][PASSED] - Statement - Break: null

2018-05-23 10:08:31 - [TEST_STEP][PASSED] - Statement - batchlength = new com.kms.katalon.core.testobject.TestObject(): null

2018-05-23 10:08:31 - [TEST_STEP][PASSED] - Statement - batchlength = com.kms.katalon.core.webui.keyword.WebUiBuiltInKeywords.modifyObjectProperty(batchlength, "xpath", "equals", "//*[@id = "fldvendor" + row + ""]", true): Modify property of object successfully

2018-05-23 10:08:31 - [MESSAGE][PASSED] - Modify property of object successfully

2018-05-23 10:08:31 - [TEST_STEP][PASSED] - Statement - batchsize = com.kms.katalon.core.webui.keyword.WebUiBuiltInKeywords.getNumberOfTotalOption(batchlength): 7 options of object '' counted

2018-05-23 10:08:31 - [MESSAGE][PASSED] - 7 options of object '' counted

2018-05-23 10:08:31 - [TEST_STEP][PASSED] - Statement - out.println("BatchSize : " + batchsize): null

2018-05-23 10:08:31 - [TEST_STEP][PASSED] - Statement - For ([n = 1, n <= batchsize - 1, (n++)]): null

2018-05-23 10:08:31 - [TEST_STEP][PASSED] - Statement - product = new com.kms.katalon.core.testobject.TestObject(): null

2018-05-23 10:08:31 - [TEST_STEP][PASSED] - Statement - product = com.kms.katalon.core.webui.keyword.WebUiBuiltInKeywords.modifyObjectProperty(product, "xpath", "equals", "//*[@id = "fldvendor" + row + ""]", true): Modify property of object successfully

2018-05-23 10:08:31 - [MESSAGE][PASSED] - Modify property of object successfully

2018-05-23 10:08:31 - [TEST_STEP][PASSED] - selectOptionByIndex: All options with index in [1] are selected on object ''

2018-05-23 10:08:31 - [MESSAGE][PASSED] - All options with index in [1] are selected on object ''

2018-05-23 10:08:31 - [TEST_STEP][PASSED] - Statement - batch = new com.kms.katalon.core.testobject.TestObject(): null

2018-05-23 10:08:31 - [TEST_STEP][PASSED] - Statement - batch = com.kms.katalon.core.webui.keyword.WebUiBuiltInKeywords.modifyObjectProperty(batch, "xpath", "equals", "//*[@id = "txtbthqty" + row + ""]", true): Modify property of object successfully

2018-05-23 10:08:31 - [MESSAGE][PASSED] - Modify property of object successfully

2018-05-23 10:08:31 - [TEST_STEP][PASSED] - Statement - batchqty = com.kms.katalon.core.webui.keyword.WebUiBuiltInKeywords.getAttribute(batch, "value").trim(): Attribute 'value' of object '' is: '3900'

2018-05-23 10:08:31 - [MESSAGE][PASSED] - Attribute 'value' of object '' is: '3900'

2018-05-23 10:08:31 - [TEST_STEP][PASSED] - Statement - Rqty = 100: null

2018-05-23 10:08:31 - [TEST_STEP][PASSED] - delay: Delayed 2 second(s)

2018-05-23 10:08:33 - [MESSAGE][PASSED] - Delayed 2 second(s)

2018-05-23 10:08:33 - [TEST_STEP][PASSED] - Statement - out.println("BatchQty : " + batchqty): null

2018-05-23 10:08:33 - [TEST_STEP][PASSED] - Statement - out.println("RQty : " + Rqty): null

2018-05-23 10:08:33 - [TEST_STEP][PASSED] - Statement - If (java.lang.Integer.valueOf(batchqty) >= java.lang.Integer.valueOf(Rqty)): null

2018-05-23 10:08:33 - [TEST_STEP][PASSED] - Statement - Break: null

2018-05-23 10:08:33 - [TEST_STEP][PASSED] - Statement - batchlength = new com.kms.katalon.core.testobject.TestObject(): null

2018-05-23 10:08:33 - [TEST_STEP][PASSED] - Statement - batchlength = com.kms.katalon.core.webui.keyword.WebUiBuiltInKeywords.modifyObjectProperty(batchlength, "xpath", "equals", "//*[@id = "fldvendor" + row + ""]", true): Modify property of object successfully

2018-05-23 10:08:33 - [MESSAGE][PASSED] - Modify property of object successfully

2018-05-23 10:08:33 - [TEST_STEP][PASSED] - Statement - batchsize = com.kms.katalon.core.webui.keyword.WebUiBuiltInKeywords.getNumberOfTotalOption(batchlength): 6 options of object '' counted

2018-05-23 10:08:33 - [MESSAGE][PASSED] - 6 options of object '' counted

2018-05-23 10:08:33 - [TEST_STEP][PASSED] - Statement - out.println("BatchSize : " + batchsize): null

2018-05-23 10:08:33 - [TEST_STEP][PASSED] - Statement - For ([n = 1, n <= batchsize - 1, (n++)]): null

2018-05-23 10:08:33 - [TEST_STEP][PASSED] - Statement - product = new com.kms.katalon.core.testobject.TestObject(): null

2018-05-23 10:08:33 - [TEST_STEP][PASSED] - Statement - product = com.kms.katalon.core.webui.keyword.WebUiBuiltInKeywords.modifyObjectProperty(product, "xpath", "equals", "//*[@id = "fldvendor" + row + ""]", true): Modify property of object successfully

2018-05-23 10:08:33 - [MESSAGE][PASSED] - Modify property of object successfully

2018-05-23 10:08:33 - [TEST_STEP][PASSED] - selectOptionByIndex: All options with index in [1] are selected on object ''

2018-05-23 10:08:33 - [MESSAGE][PASSED] - All options with index in [1] are selected on object ''

2018-05-23 10:08:33 - [TEST_STEP][PASSED] - Statement - batch = new com.kms.katalon.core.testobject.TestObject(): null

2018-05-23 10:08:33 - [TEST_STEP][PASSED] - Statement - batch = com.kms.katalon.core.webui.keyword.WebUiBuiltInKeywords.modifyObjectProperty(batch, "xpath", "equals", "//*[@id = "txtbthqty" + row + ""]", true): Modify property of object successfully

2018-05-23 10:08:33 - [MESSAGE][PASSED] - Modify property of object successfully

2018-05-23 10:08:33 - [TEST_STEP][PASSED] - Statement - batchqty = com.kms.katalon.core.webui.keyword.WebUiBuiltInKeywords.getAttribute(batch, "value").trim(): Attribute 'value' of object '' is: '4100'

2018-05-23 10:08:33 - [MESSAGE][PASSED] - Attribute 'value' of object '' is: '4100'

2018-05-23 10:08:33 - [TEST_STEP][PASSED] - Statement - Rqty = 100: null

2018-05-23 10:08:33 - [TEST_STEP][PASSED] - delay: Delayed 2 second(s)

2018-05-23 10:08:35 - [MESSAGE][PASSED] - Delayed 2 second(s)

2018-05-23 10:08:35 - [TEST_STEP][PASSED] - Statement - out.println("BatchQty : " + batchqty): null

2018-05-23 10:08:35 - [TEST_STEP][PASSED] - Statement - out.println("RQty : " + Rqty): null

2018-05-23 10:08:35 - [TEST_STEP][PASSED] - Statement - If (java.lang.Integer.valueOf(batchqty) >= java.lang.Integer.valueOf(Rqty)): null

2018-05-23 10:08:35 - [TEST_STEP][PASSED] - Statement - Break: null

2018-05-23 10:08:35 - [TEST_STEP][PASSED] - Statement - batchlength = new com.kms.katalon.core.testobject.TestObject(): null

2018-05-23 10:08:35 - [TEST_STEP][PASSED] - Statement - batchlength = com.kms.katalon.core.webui.keyword.WebUiBuiltInKeywords.modifyObjectProperty(batchlength, "xpath", "equals", "//*[@id = "fldvendor" + row + ""]", true): Modify property of object successfully

2018-05-23 10:08:35 - [MESSAGE][PASSED] - Modify property of object successfully

2018-05-23 10:08:35 - [TEST_STEP][PASSED] - Statement - batchsize = com.kms.katalon.core.webui.keyword.WebUiBuiltInKeywords.getNumberOfTotalOption(batchlength): 6 options of object '' counted

2018-05-23 10:08:35 - [MESSAGE][PASSED] - 6 options of object '' counted

2018-05-23 10:08:35 - [TEST_STEP][PASSED] - Statement - out.println("BatchSize : " + batchsize): null

2018-05-23 10:08:35 - [TEST_STEP][PASSED] - Statement - For ([n = 1, n <= batchsize - 1, (n++)]): null

2018-05-23 10:08:35 - [TEST_STEP][PASSED] - Statement - product = new com.kms.katalon.core.testobject.TestObject(): null

2018-05-23 10:08:35 - [TEST_STEP][PASSED] - Statement - product = com.kms.katalon.core.webui.keyword.WebUiBuiltInKeywords.modifyObjectProperty(product, "xpath", "equals", "//*[@id = "fldvendor" + row + ""]", true): Modify property of object successfully

2018-05-23 10:08:35 - [MESSAGE][PASSED] - Modify property of object successfully

2018-05-23 10:08:35 - [TEST_STEP][PASSED] - selectOptionByIndex: All options with index in [1] are selected on object ''

2018-05-23 10:08:36 - [MESSAGE][PASSED] - All options with index in [1] are selected on object ''

2018-05-23 10:08:36 - [TEST_STEP][PASSED] - Statement - batch = new com.kms.katalon.core.testobject.TestObject(): null

2018-05-23 10:08:36 - [TEST_STEP][PASSED] - Statement - batch = com.kms.katalon.core.webui.keyword.WebUiBuiltInKeywords.modifyObjectProperty(batch, "xpath", "equals", "//*[@id = "txtbthqty" + row + ""]", true): Modify property of object successfully

2018-05-23 10:08:36 - [MESSAGE][PASSED] - Modify property of object successfully

2018-05-23 10:08:36 - [TEST_STEP][PASSED] - Statement - batchqty = com.kms.katalon.core.webui.keyword.WebUiBuiltInKeywords.getAttribute(batch, "value").trim(): Attribute 'value' of object '' is: '39000'

2018-05-23 10:08:36 - [MESSAGE][PASSED] - Attribute 'value' of object '' is: '39000'

2018-05-23 10:08:36 - [TEST_STEP][PASSED] - Statement - Rqty = 100: null

2018-05-23 10:08:36 - [TEST_STEP][PASSED] - delay: Delayed 2 second(s)

2018-05-23 10:08:38 - [MESSAGE][PASSED] - Delayed 2 second(s)

2018-05-23 10:08:38 - [TEST_STEP][PASSED] - Statement - out.println("BatchQty : " + batchqty): null

2018-05-23 10:08:38 - [TEST_STEP][PASSED] - Statement - out.println("RQty : " + Rqty): null

2018-05-23 10:08:38 - [TEST_STEP][PASSED] - Statement - If (java.lang.Integer.valueOf(batchqty) >= java.lang.Integer.valueOf(Rqty)): null

2018-05-23 10:08:38 - [TEST_STEP][PASSED] - Statement - Break: null

2018-05-23 10:08:38 - [TEST_STEP][PASSED] - Statement - batchlength = new com.kms.katalon.core.testobject.TestObject(): null

2018-05-23 10:08:38 - [TEST_STEP][PASSED] - Statement - batchlength = com.kms.katalon.core.webui.keyword.WebUiBuiltInKeywords.modifyObjectProperty(batchlength, "xpath", "equals", "//*[@id = "fldvendor" + row + ""]", true): Modify property of object successfully

2018-05-23 10:08:38 - [MESSAGE][PASSED] - Modify property of object successfully

2018-05-23 10:08:38 - [TEST_STEP][PASSED] - Statement - batchsize = com.kms.katalon.core.webui.keyword.WebUiBuiltInKeywords.getNumberOfTotalOption(batchlength): 7 options of object '' counted

2018-05-23 10:08:38 - [MESSAGE][PASSED] - 7 options of object '' counted

2018-05-23 10:08:38 - [TEST_STEP][PASSED] - Statement - out.println("BatchSize : " + batchsize): null

2018-05-23 10:08:38 - [TEST_STEP][PASSED] - Statement - For ([n = 1, n <= batchsize - 1, (n++)]): null

2018-05-23 10:08:38 - [TEST_STEP][PASSED] - Statement - product = new com.kms.katalon.core.testobject.TestObject(): null

2018-05-23 10:08:38 - [TEST_STEP][PASSED] - Statement - product = com.kms.katalon.core.webui.keyword.WebUiBuiltInKeywords.modifyObjectProperty(product, "xpath", "equals", "//*[@id = "fldvendor" + row + ""]", true): Modify property of object successfully

2018-05-23 10:08:38 - [MESSAGE][PASSED] - Modify property of object successfully

2018-05-23 10:08:38 - [TEST_STEP][PASSED] - selectOptionByIndex: All options with index in [1] are selected on object ''

2018-05-23 10:08:38 - [MESSAGE][PASSED] - All options with index in [1] are selected on object ''

2018-05-23 10:08:38 - [TEST_STEP][PASSED] - Statement - batch = new com.kms.katalon.core.testobject.TestObject(): null

2018-05-23 10:08:38 - [TEST_STEP][PASSED] - Statement - batch = com.kms.katalon.core.webui.keyword.WebUiBuiltInKeywords.modifyObjectProperty(batch, "xpath", "equals", "//*[@id = "txtbthqty" + row + ""]", true): Modify property of object successfully

2018-05-23 10:08:38 - [MESSAGE][PASSED] - Modify property of object successfully

2018-05-23 10:08:38 - [TEST_STEP][PASSED] - Statement - batchqty = com.kms.katalon.core.webui.keyword.WebUiBuiltInKeywords.getAttribute(batch, "value").trim(): Attribute 'value' of object '' is: '4100'

2018-05-23 10:08:38 - [MESSAGE][PASSED] - Attribute 'value' of object '' is: '4100'

2018-05-23 10:08:38 - [TEST_STEP][PASSED] - Statement - Rqty = 100: null

2018-05-23 10:08:38 - [TEST_STEP][PASSED] - delay: Delayed 2 second(s)

2018-05-23 10:08:40 - [MESSAGE][PASSED] - Delayed 2 second(s)

2018-05-23 10:08:40 - [TEST_STEP][PASSED] - Statement - out.println("BatchQty : " + batchqty): null

2018-05-23 10:08:40 - [TEST_STEP][PASSED] - Statement - out.println("RQty : " + Rqty): null

2018-05-23 10:08:40 - [TEST_STEP][PASSED] - Statement - If (java.lang.Integer.valueOf(batchqty) >= java.lang.Integer.valueOf(Rqty)): null

2018-05-23 10:08:40 - [TEST_STEP][PASSED] - Statement - Break: null

2018-05-23 10:08:40 - [TEST_STEP][PASSED] - Statement - batchlength = new com.kms.katalon.core.testobject.TestObject(): null

2018-05-23 10:08:40 - [TEST_STEP][PASSED] - Statement - batchlength = com.kms.katalon.core.webui.keyword.WebUiBuiltInKeywords.modifyObjectProperty(batchlength, "xpath", "equals", "//*[@id = "fldvendor" + row + ""]", true): Modify property of object successfully

2018-05-23 10:08:40 - [MESSAGE][PASSED] - Modify property of object successfully

2018-05-23 10:08:40 - [TEST_STEP][PASSED] - Statement - batchsize = com.kms.katalon.core.webui.keyword.WebUiBuiltInKeywords.getNumberOfTotalOption(batchlength): 7 options of object '' counted

2018-05-23 10:08:40 - [MESSAGE][PASSED] - 7 options of object '' counted

2018-05-23 10:08:40 - [TEST_STEP][PASSED] - Statement - out.println("BatchSize : " + batchsize): null

2018-05-23 10:08:40 - [TEST_STEP][PASSED] - Statement - For ([n = 1, n <= batchsize - 1, (n++)]): null

2018-05-23 10:08:40 - [TEST_STEP][PASSED] - Statement - product = new com.kms.katalon.core.testobject.TestObject(): null

2018-05-23 10:08:40 - [TEST_STEP][PASSED] - Statement - product = com.kms.katalon.core.webui.keyword.WebUiBuiltInKeywords.modifyObjectProperty(product, "xpath", "equals", "//*[@id = "fldvendor" + row + ""]", true): Modify property of object successfully

2018-05-23 10:08:40 - [MESSAGE][PASSED] - Modify property of object successfully

2018-05-23 10:08:40 - [TEST_STEP][PASSED] - selectOptionByIndex: All options with index in [1] are selected on object ''

2018-05-23 10:08:40 - [MESSAGE][PASSED] - All options with index in [1] are selected on object ''

2018-05-23 10:08:40 - [TEST_STEP][PASSED] - Statement - batch = new com.kms.katalon.core.testobject.TestObject(): null

2018-05-23 10:08:40 - [TEST_STEP][PASSED] - Statement - batch = com.kms.katalon.core.webui.keyword.WebUiBuiltInKeywords.modifyObjectProperty(batch, "xpath", "equals", "//*[@id = "txtbthqty" + row + ""]", true): Modify property of object successfully

2018-05-23 10:08:40 - [MESSAGE][PASSED] - Modify property of object successfully

2018-05-23 10:08:40 - [TEST_STEP][PASSED] - Statement - batchqty = com.kms.katalon.core.webui.keyword.WebUiBuiltInKeywords.getAttribute(batch, "value").trim(): Attribute 'value' of object '' is: '3900'

2018-05-23 10:08:40 - [MESSAGE][PASSED] - Attribute 'value' of object '' is: '3900'

2018-05-23 10:08:40 - [TEST_STEP][PASSED] - Statement - Rqty = 100: null

2018-05-23 10:08:40 - [TEST_STEP][PASSED] - delay: Delayed 2 second(s)

2018-05-23 10:08:42 - [MESSAGE][PASSED] - Delayed 2 second(s)

2018-05-23 10:08:42 - [TEST_STEP][PASSED] - Statement - out.println("BatchQty : " + batchqty): null

2018-05-23 10:08:42 - [TEST_STEP][PASSED] - Statement - out.println("RQty : " + Rqty): null

2018-05-23 10:08:42 - [TEST_STEP][PASSED] - Statement - If (java.lang.Integer.valueOf(batchqty) >= java.lang.Integer.valueOf(Rqty)): null

2018-05-23 10:08:42 - [TEST_STEP][PASSED] - Statement - Break: null

2018-05-23 10:08:42 - [TEST_STEP][PASSED] - Statement - batchlength = new com.kms.katalon.core.testobject.TestObject(): null

2018-05-23 10:08:42 - [TEST_STEP][PASSED] - Statement - batchlength = com.kms.katalon.core.webui.keyword.WebUiBuiltInKeywords.modifyObjectProperty(batchlength, "xpath", "equals", "//*[@id = "fldvendor" + row + ""]", true): Modify property of object successfully

2018-05-23 10:08:42 - [MESSAGE][PASSED] - Modify property of object successfully

2018-05-23 10:08:42 - [TEST_STEP][PASSED] - Statement - batchsize = com.kms.katalon.core.webui.keyword.WebUiBuiltInKeywords.getNumberOfTotalOption(batchlength): 7 options of object '' counted

2018-05-23 10:08:42 - [MESSAGE][PASSED] - 7 options of object '' counted

2018-05-23 10:08:42 - [TEST_STEP][PASSED] - Statement - out.println("BatchSize : " + batchsize): null

2018-05-23 10:08:42 - [TEST_STEP][PASSED] - Statement - For ([n = 1, n <= batchsize - 1, (n++)]): null

2018-05-23 10:08:42 - [TEST_STEP][PASSED] - Statement - product = new com.kms.katalon.core.testobject.TestObject(): null

2018-05-23 10:08:42 - [TEST_STEP][PASSED] - Statement - product = com.kms.katalon.core.webui.keyword.WebUiBuiltInKeywords.modifyObjectProperty(product, "xpath", "equals", "//*[@id = "fldvendor" + row + ""]", true): Modify property of object successfully

2018-05-23 10:08:42 - [MESSAGE][PASSED] - Modify property of object successfully

2018-05-23 10:08:42 - [TEST_STEP][PASSED] - selectOptionByIndex: All options with index in [1] are selected on object ''

2018-05-23 10:08:42 - [MESSAGE][PASSED] - All options with index in [1] are selected on object ''

2018-05-23 10:08:42 - [TEST_STEP][PASSED] - Statement - batch = new com.kms.katalon.core.testobject.TestObject(): null

2018-05-23 10:08:42 - [TEST_STEP][PASSED] - Statement - batch = com.kms.katalon.core.webui.keyword.WebUiBuiltInKeywords.modifyObjectProperty(batch, "xpath", "equals", "//*[@id = "txtbthqty" + row + ""]", true): Modify property of object successfully

2018-05-23 10:08:42 - [MESSAGE][PASSED] - Modify property of object successfully

2018-05-23 10:08:42 - [TEST_STEP][PASSED] - Statement - batchqty = com.kms.katalon.core.webui.keyword.WebUiBuiltInKeywords.getAttribute(batch, "value").trim(): Attribute 'value' of object '' is: '4100'

2018-05-23 10:08:42 - [MESSAGE][PASSED] - Attribute 'value' of object '' is: '4100'

2018-05-23 10:08:42 - [TEST_STEP][PASSED] - Statement - Rqty = 100: null

2018-05-23 10:08:42 - [TEST_STEP][PASSED] - delay: Delayed 2 second(s)

2018-05-23 10:08:44 - [MESSAGE][PASSED] - Delayed 2 second(s)

2018-05-23 10:08:44 - [TEST_STEP][PASSED] - Statement - out.println("BatchQty : " + batchqty): null

2018-05-23 10:08:44 - [TEST_STEP][PASSED] - Statement - out.println("RQty : " + Rqty): null

2018-05-23 10:08:44 - [TEST_STEP][PASSED] - Statement - If (java.lang.Integer.valueOf(batchqty) >= java.lang.Integer.valueOf(Rqty)): null

2018-05-23 10:08:44 - [TEST_STEP][PASSED] - Statement - Break: null

2018-05-23 10:08:44 - [TEST_STEP][PASSED] - Statement - batchlength = new com.kms.katalon.core.testobject.TestObject(): null

2018-05-23 10:08:44 - [TEST_STEP][PASSED] - Statement - batchlength = com.kms.katalon.core.webui.keyword.WebUiBuiltInKeywords.modifyObjectProperty(batchlength, "xpath", "equals", "//*[@id = "fldvendor" + row + ""]", true): Modify property of object successfully

2018-05-23 10:08:44 - [MESSAGE][PASSED] - Modify property of object successfully

2018-05-23 10:08:44 - [TEST_STEP][PASSED] - Statement - batchsize = com.kms.katalon.core.webui.keyword.WebUiBuiltInKeywords.getNumberOfTotalOption(batchlength): 6 options of object '' counted

2018-05-23 10:08:45 - [MESSAGE][PASSED] - 6 options of object '' counted

2018-05-23 10:08:45 - [TEST_STEP][PASSED] - Statement - out.println("BatchSize : " + batchsize): null

2018-05-23 10:08:45 - [TEST_STEP][PASSED] - Statement - For ([n = 1, n <= batchsize - 1, (n++)]): null

2018-05-23 10:08:45 - [TEST_STEP][PASSED] - Statement - product = new com.kms.katalon.core.testobject.TestObject(): null

2018-05-23 10:08:45 - [TEST_STEP][PASSED] - Statement - product = com.kms.katalon.core.webui.keyword.WebUiBuiltInKeywords.modifyObjectProperty(product, "xpath", "equals", "//*[@id = "fldvendor" + row + ""]", true): Modify property of object successfully

2018-05-23 10:08:45 - [MESSAGE][PASSED] - Modify property of object successfully

2018-05-23 10:08:45 - [TEST_STEP][PASSED] - selectOptionByIndex: All options with index in [1] are selected on object ''

2018-05-23 10:08:45 - [MESSAGE][PASSED] - All options with index in [1] are selected on object ''

2018-05-23 10:08:45 - [TEST_STEP][PASSED] - Statement - batch = new com.kms.katalon.core.testobject.TestObject(): null

2018-05-23 10:08:45 - [TEST_STEP][PASSED] - Statement - batch = com.kms.katalon.core.webui.keyword.WebUiBuiltInKeywords.modifyObjectProperty(batch, "xpath", "equals", "//*[@id = "txtbthqty" + row + ""]", true): Modify property of object successfully

2018-05-23 10:08:45 - [MESSAGE][PASSED] - Modify property of object successfully

2018-05-23 10:08:45 - [TEST_STEP][PASSED] - Statement - batchqty = com.kms.katalon.core.webui.keyword.WebUiBuiltInKeywords.getAttribute(batch, "value").trim(): Attribute 'value' of object '' is: '39000'

2018-05-23 10:08:45 - [MESSAGE][PASSED] - Attribute 'value' of object '' is: '39000'

2018-05-23 10:08:45 - [TEST_STEP][PASSED] - Statement - Rqty = 100: null

2018-05-23 10:08:45 - [TEST_STEP][PASSED] - delay: Delayed 2 second(s)

2018-05-23 10:08:47 - [MESSAGE][PASSED] - Delayed 2 second(s)

2018-05-23 10:08:47 - [TEST_STEP][PASSED] - Statement - out.println("BatchQty : " + batchqty): null

2018-05-23 10:08:47 - [TEST_STEP][PASSED] - Statement - out.println("RQty : " + Rqty): null

2018-05-23 10:08:47 - [TEST_STEP][PASSED] - Statement - If (java.lang.Integer.valueOf(batchqty) >= java.lang.Integer.valueOf(Rqty)): null

2018-05-23 10:08:47 - [TEST_STEP][PASSED] - Statement - Break: null

2018-05-23 10:08:47 - [TEST_STEP][PASSED] - click: Object: 'Object Repository/store Request Schedule 1/Page_KDMC - CMS/input_btndispatch' is clicked on

2018-05-23 10:08:47 - [MESSAGE][PASSED] - Object: 'Object Repository/store Request Schedule 1/Page_KDMC - CMS/input_btndispatch' is clicked on

2018-05-23 10:08:47 - [TEST_STEP][PASSED] - delay: Delayed 3 second(s)

2018-05-23 10:08:50 - [MESSAGE][PASSED] - Delayed 3 second(s)

2018-05-23 10:08:50 - [TEST_STEP][PASSED] - click: Object: 'Object Repository/store Request Schedule 1/Page_KDMC - CMS/button_OK' is clicked on

2018-05-23 10:08:50 - [MESSAGE][PASSED] - Object: 'Object Repository/store Request Schedule 1/Page_KDMC - CMS/button_OK' is clicked on

2018-05-23 10:08:50 - [TEST_STEP][PASSED] - delay: Delayed 3 second(s)

2018-05-23 10:08:53 - [MESSAGE][PASSED] - Delayed 3 second(s)

2018-05-23 10:08:53 - [TEST_STEP][PASSED] - click: Object: 'Object Repository/store Request Schedule 1/Page_KDMC - CMS/a_dropdown-toggle' is clicked on

2018-05-23 10:08:53 - [MESSAGE][PASSED] - Object: 'Object Repository/store Request Schedule 1/Page_KDMC - CMS/a_dropdown-toggle' is clicked on

2018-05-23 10:08:53 - [TEST_STEP][PASSED] - click: Object: 'Object Repository/store Request Schedule 1/Page_KDMC - CMS/a_Sign out' is clicked on

2018-05-23 10:08:54 - [MESSAGE][PASSED] - Object: 'Object Repository/store Request Schedule 1/Page_KDMC - CMS/a_Sign out' is clicked on

2018-05-23 10:08:54 - [TEST_STEP][PASSED] - delay: Delayed 3 second(s)

2018-05-23 10:08:57 - [MESSAGE][PASSED] - Delayed 3 second(s)

2018-05-23 10:08:57 - [TEST_STEP][PASSED] - click: Object: 'Object Repository/Store Request Schedule 1/Page_KDMC/a_Divisional Store' is clicked on

2018-05-23 10:08:57 - [MESSAGE][PASSED] - Object: 'Object Repository/Store Request Schedule 1/Page_KDMC/a_Divisional Store' is clicked on

2018-05-23 10:08:57 - [TEST_STEP][PASSED] - setText: Text 'ragu' is set on object 'Object Repository/Store Request Schedule 1/Page_Divisonal Store Login/input_txtusername'

2018-05-23 10:08:57 - [MESSAGE][PASSED] - Text 'ragu' is set on object 'Object Repository/Store Request Schedule 1/Page_Divisonal Store Login/input_txtusername'

2018-05-23 10:08:57 - [TEST_STEP][PASSED] - setText: Text '123' is set on object 'Object Repository/Store Request Schedule 1/Page_Divisonal Store Login/input_txtpassword'

2018-05-23 10:08:57 - [MESSAGE][PASSED] - Text '123' is set on object 'Object Repository/Store Request Schedule 1/Page_Divisonal Store Login/input_txtpassword'

2018-05-23 10:08:57 - [TEST_STEP][PASSED] - delay: Delayed 3 second(s)

2018-05-23 10:09:01 - [MESSAGE][PASSED] - Delayed 3 second(s)

2018-05-23 10:09:01 - [TEST_STEP][PASSED] - click: Object: 'Object Repository/Store Request Schedule 1/Page_Divisonal Store Login/button_Sign in' is clicked on

2018-05-23 10:09:02 - [MESSAGE][PASSED] - Object: 'Object Repository/Store Request Schedule 1/Page_Divisonal Store Login/button_Sign in' is clicked on

2018-05-23 10:09:02 - [TEST_STEP][PASSED] - delay: Delayed 3 second(s)

2018-05-23 10:09:05 - [MESSAGE][PASSED] - Delayed 3 second(s)

2018-05-23 10:09:05 - [TEST_STEP][PASSED] - click: Object: 'Object Repository/Store Request Schedule 1/Page_Store/a_CMS' is clicked on

2018-05-23 10:09:05 - [MESSAGE][PASSED] - Object: 'Object Repository/Store Request Schedule 1/Page_Store/a_CMS' is clicked on

2018-05-23 10:09:05 - [TEST_STEP][PASSED] - delay: Delayed 2 second(s)

2018-05-23 10:09:07 - [MESSAGE][PASSED] - Delayed 2 second(s)

2018-05-23 10:09:07 - [TEST_STEP][PASSED] - click: Object: 'Object Repository/Store Request Schedule 1/Page_Store/a_Receiving Goods' is clicked on

2018-05-23 10:09:08 - [MESSAGE][PASSED] - Object: 'Object Repository/Store Request Schedule 1/Page_Store/a_Receiving Goods' is clicked on

2018-05-23 10:09:08 - [TEST_STEP][PASSED] - setText: Text 'PRNO/23052018/356' is set on object 'Object Repository/Store Request Schedule 1/Page_Store/input'

2018-05-23 10:09:08 - [MESSAGE][PASSED] - Text 'PRNO/23052018/356' is set on object 'Object Repository/Store Request Schedule 1/Page_Store/input'

2018-05-23 10:09:08 - [TEST_STEP][PASSED] - click: Object: 'Object Repository/Store Request Schedule 1/Page_Store/input_btn btn-primary' is clicked on

2018-05-23 10:09:09 - [MESSAGE][PASSED] - Object: 'Object Repository/Store Request Schedule 1/Page_Store/input_btn btn-primary' is clicked on

2018-05-23 10:09:09 - [TEST_STEP][PASSED] - delay: Delayed 2 second(s)

2018-05-23 10:09:11 - [MESSAGE][PASSED] - Delayed 2 second(s)

2018-05-23 10:09:11 - [TEST_STEP][PASSED] - click: Object: 'Object Repository/Store Request Schedule 1/Page_Store/input_chkrem' is clicked on

2018-05-23 10:09:11 - [MESSAGE][PASSED] - Object: 'Object Repository/Store Request Schedule 1/Page_Store/input_chkrem' is clicked on

2018-05-23 10:09:11 - [TEST_STEP][PASSED] - scrollToElement: Scroll to object 'Object Repository/Store Request Schedule 1/Page_Store/input_btchkroqadd' successfully

2018-05-23 10:09:11 - [MESSAGE][PASSED] - Scroll to object 'Object Repository/Store Request Schedule 1/Page_Store/input_btchkroqadd' successfully

2018-05-23 10:09:11 - [TEST_STEP][PASSED] - click: Object: 'Object Repository/Store Request Schedule 1/Page_Store/input_btchkroqadd' is clicked on

2018-05-23 10:09:11 - [MESSAGE][PASSED] - Object: 'Object Repository/Store Request Schedule 1/Page_Store/input_btchkroqadd' is clicked on

2018-05-23 10:09:11 - [TEST_STEP][PASSED] - delay: Delayed 2 second(s)

2018-05-23 10:09:13 - [MESSAGE][PASSED] - Delayed 2 second(s)

2018-05-23 10:09:13 - [TEST_STEP][PASSED] - refresh: Refresh successfully

2018-05-23 10:09:13 - [MESSAGE][PASSED] - Refresh successfully

2018-05-23 10:09:13 - [TEST_STEP][PASSED] - delay: Delayed 3 second(s)

2018-05-23 10:09:16 - [MESSAGE][PASSED] - Delayed 3 second(s)

2018-05-23 10:09:16 - [TEST_STEP][PASSED] - click: Object: 'Object Repository/Store Request Schedule 1/Page_Store/a_dropdown-toggle' is clicked on

2018-05-23 10:09:17 - [MESSAGE][PASSED] - Object: 'Object Repository/Store Request Schedule 1/Page_Store/a_dropdown-toggle' is clicked on

2018-05-23 10:09:17 - [TEST_STEP][PASSED] - click: Object: 'Object Repository/Store Request Schedule 1/Page_Store/a_Sign out' is clicked on

2018-05-23 10:09:17 - [MESSAGE][PASSED] - Object: 'Object Repository/Store Request Schedule 1/Page_Store/a_Sign out' is clicked on

2018-05-23 10:09:17 - [TEST_STEP][PASSED] - closeBrowser: Browser is closed

2018-05-23 10:09:18 - [MESSAGE][PASSED] - Browser is closed

2018-05-23 10:09:18 - [TEST_STEP][PASSED] - Statement - out.println("Schedule 6 STORE Request Are Working Successfully"): null]]></system-out>
         <system-err><![CDATA[]]></system-err>
      </testcase>
      <testcase name="Test Cases/STORE TO CMS REQUEST TEST CASES/TC_STCMS_007 To Verify Schedule 7 Store To CMS Request Are Working Successfully Or Not" classname="Test Cases/STORE TO CMS REQUEST TEST CASES/TC_STCMS_007 To Verify Schedule 7 Store To CMS Request Are Working Successfully Or Not" status="FAILED">
         <failure type="FAILED" message="Unable to set text '100' of object 'Object Repository/Store Request Schedule 1/Page_Store/input_txttreat' (Root cause: org.openqa.selenium.UnhandledAlertException: unexpected alert open: {Alert text : function Error() { [native code] }}
  (Session info: chrome=66.0.3359.181)
  (Driver info: chromedriver=2.35.528161 (5b82f2d2aae0ca24b877009200ced9065a772e73),platform=Windows NT 10.0.17134 x86_64) (WARNING: The server did not provide any stacktrace information)
Command duration or timeout: 0 milliseconds: null
Build info: version: '3.7.1', revision: '8a0099a', time: '2017-11-06T21:07:36.161Z'
System info: host: 'DESKTOP-BLFTK83', ip: '169.254.189.85', os.name: 'Windows 10', os.arch: 'amd64', os.version: '10.0', java.version: '1.8.0_102'
Driver info: com.kms.katalon.selenium.driver.CChromeDriver
Capabilities {acceptInsecureCerts: false, acceptSslCerts: false, applicationCacheEnabled: false, browserConnectionEnabled: false, browserName: chrome, chrome: {chromedriverVersion: 2.35.528161 (5b82f2d2aae0ca..., userDataDir: C:\Users\QUALIT~1\AppData\L...}, cssSelectorsEnabled: true, databaseEnabled: false, handlesAlerts: true, hasTouchScreen: false, javascriptEnabled: true, locationContextEnabled: true, mobileEmulationEnabled: false, nativeEvents: true, networkConnectionEnabled: false, pageLoadStrategy: normal, platform: XP, platformName: XP, rotatable: false, setWindowRect: true, takesHeapSnapshot: true, takesScreenshot: true, unexpectedAlertBehaviour: , unhandledPromptBehavior: , version: 66.0.3359.181, webStorageEnabled: true}
Session ID: 2d8cb73ddde65665dd13bc23fd726c4d
*** Element info: {Using=xpath, value=//input[@id = 'txttreat' and @type = 'text']})"/>
         <system-out><![CDATA[2018-05-23 10:09:18 - [TEST_CASE][FAILED] - Test Cases/STORE TO CMS REQUEST TEST CASES/TC_STCMS_007 To Verify Schedule 7 Store To CMS Request Are Working Successfully Or Not: Test Cases/STORE TO CMS REQUEST TEST CASES/TC_STCMS_007 To Verify Schedule 7 Store To CMS Request Are Working Successfully Or Not FAILED because (of) Unable to set text '100' of object 'Object Repository/Store Request Schedule 1/Page_Store/input_txttreat' (Root cause: org.openqa.selenium.UnhandledAlertException: unexpected alert open: {Alert text : function Error() { [native code] }}
  (Session info: chrome=66.0.3359.181)
  (Driver info: chromedriver=2.35.528161 (5b82f2d2aae0ca24b877009200ced9065a772e73),platform=Windows NT 10.0.17134 x86_64) (WARNING: The server did not provide any stacktrace information)
Command duration or timeout: 0 milliseconds: null
Build info: version: '3.7.1', revision: '8a0099a', time: '2017-11-06T21:07:36.161Z'
System info: host: 'DESKTOP-BLFTK83', ip: '169.254.189.85', os.name: 'Windows 10', os.arch: 'amd64', os.version: '10.0', java.version: '1.8.0_102'
Driver info: com.kms.katalon.selenium.driver.CChromeDriver
Capabilities {acceptInsecureCerts: false, acceptSslCerts: false, applicationCacheEnabled: false, browserConnectionEnabled: false, browserName: chrome, chrome: {chromedriverVersion: 2.35.528161 (5b82f2d2aae0ca..., userDataDir: C:\Users\QUALIT~1\AppData\L...}, cssSelectorsEnabled: true, databaseEnabled: false, handlesAlerts: true, hasTouchScreen: false, javascriptEnabled: true, locationContextEnabled: true, mobileEmulationEnabled: false, nativeEvents: true, networkConnectionEnabled: false, pageLoadStrategy: normal, platform: XP, platformName: XP, rotatable: false, setWindowRect: true, takesHeapSnapshot: true, takesScreenshot: true, unexpectedAlertBehaviour: , unhandledPromptBehavior: , version: 66.0.3359.181, webStorageEnabled: true}
Session ID: 2d8cb73ddde65665dd13bc23fd726c4d
*** Element info: {Using=xpath, value=//input[@id = 'txttreat' and @type = 'text']})

2018-05-23 10:09:18 - [TEST_STEP][PASSED] - openBrowser: Browser is opened with url: ''

2018-05-23 10:09:20 - [MESSAGE][PASSED] - Browser is opened with url: ''

2018-05-23 10:09:20 - [TEST_STEP][PASSED] - Statement - out.println("Verify Schedule 7 STORE Request Are Working Successfully Or Not"): null

2018-05-23 10:09:20 - [TEST_STEP][PASSED] - navigateToUrl: Navigate to 'http://192.168.137.1/multihospital_new/' successfully

2018-05-23 10:09:22 - [MESSAGE][PASSED] - Navigate to 'http://192.168.137.1/multihospital_new/' successfully

2018-05-23 10:09:22 - [TEST_STEP][PASSED] - maximizeWindow: Current window maximized

2018-05-23 10:09:23 - [MESSAGE][PASSED] - Current window maximized

2018-05-23 10:09:23 - [TEST_STEP][PASSED] - click: Object: 'Object Repository/Store Request Schedule 1/Page_KDMC/a_Divisional Store' is clicked on

2018-05-23 10:09:24 - [MESSAGE][PASSED] - Object: 'Object Repository/Store Request Schedule 1/Page_KDMC/a_Divisional Store' is clicked on

2018-05-23 10:09:24 - [TEST_STEP][PASSED] - setText: Text 'ragu' is set on object 'Object Repository/Store Request Schedule 1/Page_Divisonal Store Login/input_txtusername'

2018-05-23 10:09:24 - [MESSAGE][PASSED] - Text 'ragu' is set on object 'Object Repository/Store Request Schedule 1/Page_Divisonal Store Login/input_txtusername'

2018-05-23 10:09:24 - [TEST_STEP][PASSED] - setText: Text '123' is set on object 'Object Repository/Store Request Schedule 1/Page_Divisonal Store Login/input_txtpassword'

2018-05-23 10:09:24 - [MESSAGE][PASSED] - Text '123' is set on object 'Object Repository/Store Request Schedule 1/Page_Divisonal Store Login/input_txtpassword'

2018-05-23 10:09:24 - [TEST_STEP][PASSED] - delay: Delayed 3 second(s)

2018-05-23 10:09:27 - [MESSAGE][PASSED] - Delayed 3 second(s)

2018-05-23 10:09:27 - [TEST_STEP][PASSED] - click: Object: 'Object Repository/Store Request Schedule 1/Page_Divisonal Store Login/button_Sign in' is clicked on

2018-05-23 10:09:28 - [MESSAGE][PASSED] - Object: 'Object Repository/Store Request Schedule 1/Page_Divisonal Store Login/button_Sign in' is clicked on

2018-05-23 10:09:28 - [TEST_STEP][PASSED] - delay: Delayed 3 second(s)

2018-05-23 10:09:31 - [MESSAGE][PASSED] - Delayed 3 second(s)

2018-05-23 10:09:31 - [TEST_STEP][PASSED] - click: Object: 'Object Repository/Store Request Schedule 1/Page_Store/a_CMS' is clicked on

2018-05-23 10:09:31 - [MESSAGE][PASSED] - Object: 'Object Repository/Store Request Schedule 1/Page_Store/a_CMS' is clicked on

2018-05-23 10:09:31 - [TEST_STEP][PASSED] - delay: Delayed 2 second(s)

2018-05-23 10:09:33 - [MESSAGE][PASSED] - Delayed 2 second(s)

2018-05-23 10:09:33 - [TEST_STEP][PASSED] - click: Object: 'Object Repository/Store Request Schedule 1/Page_Store/a_Request Send' is clicked on

2018-05-23 10:09:34 - [MESSAGE][PASSED] - Object: 'Object Repository/Store Request Schedule 1/Page_Store/a_Request Send' is clicked on

2018-05-23 10:09:34 - [TEST_STEP][PASSED] - selectOptionByIndex: All options with index in [1] are selected on object 'Object Repository/Store Request Schedule 1/Page_Store/select_--Select--'

2018-05-23 10:09:34 - [MESSAGE][PASSED] - All options with index in [1] are selected on object 'Object Repository/Store Request Schedule 1/Page_Store/select_--Select--'

2018-05-23 10:09:34 - [TEST_STEP][PASSED] - selectOptionByIndex: All options with index in [7] are selected on object 'Object Repository/Store Request Schedule 1/Page_Store/select_--Select--Schedule 1Inj'

2018-05-23 10:09:35 - [MESSAGE][PASSED] - All options with index in [7] are selected on object 'Object Repository/Store Request Schedule 1/Page_Store/select_--Select--Schedule 1Inj'

2018-05-23 10:09:35 - [TEST_STEP][PASSED] - Statement - SelectedOptions = com.kms.katalon.core.webui.keyword.WebUiBuiltInKeywords.getNumberOfTotalOption(com.kms.katalon.core.testobject.ObjectRepository.findTestObject(Store Request Schedule 1/Page_Store/select_--Select--Adernaline 0.)): 24 options of object 'Object Repository/Store Request Schedule 1/Page_Store/select_--Select--Adernaline 0.' counted

2018-05-23 10:09:35 - [MESSAGE][PASSED] - 24 options of object 'Object Repository/Store Request Schedule 1/Page_Store/select_--Select--Adernaline 0.' counted

2018-05-23 10:09:35 - [TEST_STEP][FAILED] - Statement - For ([y = 1, y < SelectedOptions, (y++)]): Unable to set text '100' of object 'Object Repository/Store Request Schedule 1/Page_Store/input_txttreat' (Root cause: org.openqa.selenium.UnhandledAlertException: unexpected alert open: {Alert text : function Error() { [native code] }}
  (Session info: chrome=66.0.3359.181)
  (Driver info: chromedriver=2.35.528161 (5b82f2d2aae0ca24b877009200ced9065a772e73),platform=Windows NT 10.0.17134 x86_64) (WARNING: The server did not provide any stacktrace information)
Command duration or timeout: 0 milliseconds: null
Build info: version: '3.7.1', revision: '8a0099a', time: '2017-11-06T21:07:36.161Z'
System info: host: 'DESKTOP-BLFTK83', ip: '169.254.189.85', os.name: 'Windows 10', os.arch: 'amd64', os.version: '10.0', java.version: '1.8.0_102'
Driver info: com.kms.katalon.selenium.driver.CChromeDriver
Capabilities {acceptInsecureCerts: false, acceptSslCerts: false, applicationCacheEnabled: false, browserConnectionEnabled: false, browserName: chrome, chrome: {chromedriverVersion: 2.35.528161 (5b82f2d2aae0ca..., userDataDir: C:\Users\QUALIT~1\AppData\L...}, cssSelectorsEnabled: true, databaseEnabled: false, handlesAlerts: true, hasTouchScreen: false, javascriptEnabled: true, locationContextEnabled: true, mobileEmulationEnabled: false, nativeEvents: true, networkConnectionEnabled: false, pageLoadStrategy: normal, platform: XP, platformName: XP, rotatable: false, setWindowRect: true, takesHeapSnapshot: true, takesScreenshot: true, unexpectedAlertBehaviour: , unhandledPromptBehavior: , version: 66.0.3359.181, webStorageEnabled: true}
Session ID: 2d8cb73ddde65665dd13bc23fd726c4d
*** Element info: {Using=xpath, value=//input[@id = 'txttreat' and @type = 'text']})

2018-05-23 10:09:35 - [TEST_STEP][PASSED] - selectOptionByIndex: All options with index in [7] are selected on object 'Object Repository/Store Request Schedule 1/Page_Store/select_--Select--Schedule 1Inj'

2018-05-23 10:09:35 - [MESSAGE][PASSED] - All options with index in [7] are selected on object 'Object Repository/Store Request Schedule 1/Page_Store/select_--Select--Schedule 1Inj'

2018-05-23 10:09:35 - [TEST_STEP][PASSED] - delay: Delayed 1 second(s)

2018-05-23 10:09:36 - [MESSAGE][PASSED] - Delayed 1 second(s)

2018-05-23 10:09:36 - [TEST_STEP][PASSED] - selectOptionByIndex: All options with index in [1] are selected on object 'Object Repository/Store Request Schedule 1/Page_Store/select_--Select--Adernaline 0.'

2018-05-23 10:09:36 - [MESSAGE][PASSED] - All options with index in [1] are selected on object 'Object Repository/Store Request Schedule 1/Page_Store/select_--Select--Adernaline 0.'

2018-05-23 10:09:36 - [TEST_STEP][PASSED] - setText: Text '100' is set on object 'Object Repository/Store Request Schedule 1/Page_Store/input_txttreat'

2018-05-23 10:09:36 - [MESSAGE][PASSED] - Text '100' is set on object 'Object Repository/Store Request Schedule 1/Page_Store/input_txttreat'

2018-05-23 10:09:36 - [TEST_STEP][PASSED] - click: Object: 'Object Repository/Store Request Schedule 1/Page_Store/button_Add' is clicked on

2018-05-23 10:09:36 - [MESSAGE][PASSED] - Object: 'Object Repository/Store Request Schedule 1/Page_Store/button_Add' is clicked on

2018-05-23 10:09:36 - [TEST_STEP][PASSED] - selectOptionByIndex: All options with index in [7] are selected on object 'Object Repository/Store Request Schedule 1/Page_Store/select_--Select--Schedule 1Inj'

2018-05-23 10:09:36 - [MESSAGE][PASSED] - All options with index in [7] are selected on object 'Object Repository/Store Request Schedule 1/Page_Store/select_--Select--Schedule 1Inj'

2018-05-23 10:09:36 - [TEST_STEP][PASSED] - delay: Delayed 1 second(s)

2018-05-23 10:09:37 - [MESSAGE][PASSED] - Delayed 1 second(s)

2018-05-23 10:09:37 - [TEST_STEP][PASSED] - selectOptionByIndex: All options with index in [2] are selected on object 'Object Repository/Store Request Schedule 1/Page_Store/select_--Select--Adernaline 0.'

2018-05-23 10:09:38 - [MESSAGE][PASSED] - All options with index in [2] are selected on object 'Object Repository/Store Request Schedule 1/Page_Store/select_--Select--Adernaline 0.'

2018-05-23 10:09:38 - [TEST_STEP][PASSED] - setText: Text '100' is set on object 'Object Repository/Store Request Schedule 1/Page_Store/input_txttreat'

2018-05-23 10:09:38 - [MESSAGE][PASSED] - Text '100' is set on object 'Object Repository/Store Request Schedule 1/Page_Store/input_txttreat'

2018-05-23 10:09:38 - [TEST_STEP][PASSED] - click: Object: 'Object Repository/Store Request Schedule 1/Page_Store/button_Add' is clicked on

2018-05-23 10:09:38 - [MESSAGE][PASSED] - Object: 'Object Repository/Store Request Schedule 1/Page_Store/button_Add' is clicked on

2018-05-23 10:09:38 - [TEST_STEP][PASSED] - selectOptionByIndex: All options with index in [7] are selected on object 'Object Repository/Store Request Schedule 1/Page_Store/select_--Select--Schedule 1Inj'

2018-05-23 10:09:38 - [MESSAGE][PASSED] - All options with index in [7] are selected on object 'Object Repository/Store Request Schedule 1/Page_Store/select_--Select--Schedule 1Inj'

2018-05-23 10:09:38 - [TEST_STEP][PASSED] - delay: Delayed 1 second(s)

2018-05-23 10:09:39 - [MESSAGE][PASSED] - Delayed 1 second(s)

2018-05-23 10:09:39 - [TEST_STEP][PASSED] - selectOptionByIndex: All options with index in [3] are selected on object 'Object Repository/Store Request Schedule 1/Page_Store/select_--Select--Adernaline 0.'

2018-05-23 10:09:39 - [MESSAGE][PASSED] - All options with index in [3] are selected on object 'Object Repository/Store Request Schedule 1/Page_Store/select_--Select--Adernaline 0.'

2018-05-23 10:09:39 - [TEST_STEP][PASSED] - setText: Text '100' is set on object 'Object Repository/Store Request Schedule 1/Page_Store/input_txttreat'

2018-05-23 10:09:39 - [MESSAGE][PASSED] - Text '100' is set on object 'Object Repository/Store Request Schedule 1/Page_Store/input_txttreat'

2018-05-23 10:09:39 - [TEST_STEP][PASSED] - click: Object: 'Object Repository/Store Request Schedule 1/Page_Store/button_Add' is clicked on

2018-05-23 10:09:39 - [MESSAGE][PASSED] - Object: 'Object Repository/Store Request Schedule 1/Page_Store/button_Add' is clicked on

2018-05-23 10:09:39 - [TEST_STEP][PASSED] - selectOptionByIndex: All options with index in [7] are selected on object 'Object Repository/Store Request Schedule 1/Page_Store/select_--Select--Schedule 1Inj'

2018-05-23 10:09:39 - [MESSAGE][PASSED] - All options with index in [7] are selected on object 'Object Repository/Store Request Schedule 1/Page_Store/select_--Select--Schedule 1Inj'

2018-05-23 10:09:39 - [TEST_STEP][PASSED] - delay: Delayed 1 second(s)

2018-05-23 10:09:40 - [MESSAGE][PASSED] - Delayed 1 second(s)

2018-05-23 10:09:40 - [TEST_STEP][PASSED] - selectOptionByIndex: All options with index in [4] are selected on object 'Object Repository/Store Request Schedule 1/Page_Store/select_--Select--Adernaline 0.'

2018-05-23 10:09:41 - [MESSAGE][PASSED] - All options with index in [4] are selected on object 'Object Repository/Store Request Schedule 1/Page_Store/select_--Select--Adernaline 0.'

2018-05-23 10:09:41 - [TEST_STEP][PASSED] - setText: Text '100' is set on object 'Object Repository/Store Request Schedule 1/Page_Store/input_txttreat'

2018-05-23 10:09:41 - [MESSAGE][PASSED] - Text '100' is set on object 'Object Repository/Store Request Schedule 1/Page_Store/input_txttreat'

2018-05-23 10:09:41 - [TEST_STEP][PASSED] - click: Object: 'Object Repository/Store Request Schedule 1/Page_Store/button_Add' is clicked on

2018-05-23 10:09:41 - [MESSAGE][PASSED] - Object: 'Object Repository/Store Request Schedule 1/Page_Store/button_Add' is clicked on

2018-05-23 10:09:41 - [TEST_STEP][PASSED] - selectOptionByIndex: All options with index in [7] are selected on object 'Object Repository/Store Request Schedule 1/Page_Store/select_--Select--Schedule 1Inj'

2018-05-23 10:09:41 - [MESSAGE][PASSED] - All options with index in [7] are selected on object 'Object Repository/Store Request Schedule 1/Page_Store/select_--Select--Schedule 1Inj'

2018-05-23 10:09:41 - [TEST_STEP][PASSED] - delay: Delayed 1 second(s)

2018-05-23 10:09:42 - [MESSAGE][PASSED] - Delayed 1 second(s)

2018-05-23 10:09:42 - [TEST_STEP][PASSED] - selectOptionByIndex: All options with index in [5] are selected on object 'Object Repository/Store Request Schedule 1/Page_Store/select_--Select--Adernaline 0.'

2018-05-23 10:09:42 - [MESSAGE][PASSED] - All options with index in [5] are selected on object 'Object Repository/Store Request Schedule 1/Page_Store/select_--Select--Adernaline 0.'

2018-05-23 10:09:42 - [TEST_STEP][PASSED] - setText: Text '100' is set on object 'Object Repository/Store Request Schedule 1/Page_Store/input_txttreat'

2018-05-23 10:09:42 - [MESSAGE][PASSED] - Text '100' is set on object 'Object Repository/Store Request Schedule 1/Page_Store/input_txttreat'

2018-05-23 10:09:42 - [TEST_STEP][PASSED] - click: Object: 'Object Repository/Store Request Schedule 1/Page_Store/button_Add' is clicked on

2018-05-23 10:09:42 - [MESSAGE][PASSED] - Object: 'Object Repository/Store Request Schedule 1/Page_Store/button_Add' is clicked on

2018-05-23 10:09:42 - [TEST_STEP][PASSED] - selectOptionByIndex: All options with index in [7] are selected on object 'Object Repository/Store Request Schedule 1/Page_Store/select_--Select--Schedule 1Inj'

2018-05-23 10:09:43 - [MESSAGE][PASSED] - All options with index in [7] are selected on object 'Object Repository/Store Request Schedule 1/Page_Store/select_--Select--Schedule 1Inj'

2018-05-23 10:09:43 - [TEST_STEP][PASSED] - delay: Delayed 1 second(s)

2018-05-23 10:09:44 - [MESSAGE][PASSED] - Delayed 1 second(s)

2018-05-23 10:09:44 - [TEST_STEP][PASSED] - selectOptionByIndex: All options with index in [6] are selected on object 'Object Repository/Store Request Schedule 1/Page_Store/select_--Select--Adernaline 0.'

2018-05-23 10:09:44 - [MESSAGE][PASSED] - All options with index in [6] are selected on object 'Object Repository/Store Request Schedule 1/Page_Store/select_--Select--Adernaline 0.'

2018-05-23 10:09:44 - [TEST_STEP][PASSED] - setText: Text '100' is set on object 'Object Repository/Store Request Schedule 1/Page_Store/input_txttreat'

2018-05-23 10:09:44 - [MESSAGE][PASSED] - Text '100' is set on object 'Object Repository/Store Request Schedule 1/Page_Store/input_txttreat'

2018-05-23 10:09:44 - [TEST_STEP][PASSED] - click: Object: 'Object Repository/Store Request Schedule 1/Page_Store/button_Add' is clicked on

2018-05-23 10:09:44 - [MESSAGE][PASSED] - Object: 'Object Repository/Store Request Schedule 1/Page_Store/button_Add' is clicked on

2018-05-23 10:09:44 - [TEST_STEP][PASSED] - selectOptionByIndex: All options with index in [7] are selected on object 'Object Repository/Store Request Schedule 1/Page_Store/select_--Select--Schedule 1Inj'

2018-05-23 10:09:44 - [MESSAGE][PASSED] - All options with index in [7] are selected on object 'Object Repository/Store Request Schedule 1/Page_Store/select_--Select--Schedule 1Inj'

2018-05-23 10:09:44 - [TEST_STEP][PASSED] - delay: Delayed 1 second(s)

2018-05-23 10:09:45 - [MESSAGE][PASSED] - Delayed 1 second(s)

2018-05-23 10:09:45 - [TEST_STEP][PASSED] - selectOptionByIndex: All options with index in [7] are selected on object 'Object Repository/Store Request Schedule 1/Page_Store/select_--Select--Adernaline 0.'

2018-05-23 10:09:45 - [MESSAGE][PASSED] - All options with index in [7] are selected on object 'Object Repository/Store Request Schedule 1/Page_Store/select_--Select--Adernaline 0.'

2018-05-23 10:09:45 - [TEST_STEP][PASSED] - setText: Text '100' is set on object 'Object Repository/Store Request Schedule 1/Page_Store/input_txttreat'

2018-05-23 10:09:45 - [MESSAGE][PASSED] - Text '100' is set on object 'Object Repository/Store Request Schedule 1/Page_Store/input_txttreat'

2018-05-23 10:09:45 - [TEST_STEP][PASSED] - click: Object: 'Object Repository/Store Request Schedule 1/Page_Store/button_Add' is clicked on

2018-05-23 10:09:45 - [MESSAGE][PASSED] - Object: 'Object Repository/Store Request Schedule 1/Page_Store/button_Add' is clicked on

2018-05-23 10:09:45 - [TEST_STEP][PASSED] - selectOptionByIndex: All options with index in [7] are selected on object 'Object Repository/Store Request Schedule 1/Page_Store/select_--Select--Schedule 1Inj'

2018-05-23 10:09:46 - [MESSAGE][PASSED] - All options with index in [7] are selected on object 'Object Repository/Store Request Schedule 1/Page_Store/select_--Select--Schedule 1Inj'

2018-05-23 10:09:46 - [TEST_STEP][PASSED] - delay: Delayed 1 second(s)

2018-05-23 10:09:47 - [MESSAGE][PASSED] - Delayed 1 second(s)

2018-05-23 10:09:47 - [TEST_STEP][PASSED] - selectOptionByIndex: All options with index in [8] are selected on object 'Object Repository/Store Request Schedule 1/Page_Store/select_--Select--Adernaline 0.'

2018-05-23 10:09:47 - [MESSAGE][PASSED] - All options with index in [8] are selected on object 'Object Repository/Store Request Schedule 1/Page_Store/select_--Select--Adernaline 0.'

2018-05-23 10:09:47 - [TEST_STEP][PASSED] - setText: Text '100' is set on object 'Object Repository/Store Request Schedule 1/Page_Store/input_txttreat'

2018-05-23 10:09:47 - [MESSAGE][PASSED] - Text '100' is set on object 'Object Repository/Store Request Schedule 1/Page_Store/input_txttreat'

2018-05-23 10:09:47 - [TEST_STEP][PASSED] - click: Object: 'Object Repository/Store Request Schedule 1/Page_Store/button_Add' is clicked on

2018-05-23 10:09:47 - [MESSAGE][PASSED] - Object: 'Object Repository/Store Request Schedule 1/Page_Store/button_Add' is clicked on

2018-05-23 10:09:47 - [TEST_STEP][PASSED] - selectOptionByIndex: All options with index in [7] are selected on object 'Object Repository/Store Request Schedule 1/Page_Store/select_--Select--Schedule 1Inj'

2018-05-23 10:09:47 - [MESSAGE][PASSED] - All options with index in [7] are selected on object 'Object Repository/Store Request Schedule 1/Page_Store/select_--Select--Schedule 1Inj'

2018-05-23 10:09:47 - [TEST_STEP][PASSED] - delay: Delayed 1 second(s)

2018-05-23 10:09:48 - [MESSAGE][PASSED] - Delayed 1 second(s)

2018-05-23 10:09:48 - [TEST_STEP][PASSED] - selectOptionByIndex: All options with index in [9] are selected on object 'Object Repository/Store Request Schedule 1/Page_Store/select_--Select--Adernaline 0.'

2018-05-23 10:09:48 - [MESSAGE][PASSED] - All options with index in [9] are selected on object 'Object Repository/Store Request Schedule 1/Page_Store/select_--Select--Adernaline 0.'

2018-05-23 10:09:48 - [TEST_STEP][PASSED] - setText: Text '100' is set on object 'Object Repository/Store Request Schedule 1/Page_Store/input_txttreat'

2018-05-23 10:09:48 - [MESSAGE][PASSED] - Text '100' is set on object 'Object Repository/Store Request Schedule 1/Page_Store/input_txttreat'

2018-05-23 10:09:48 - [TEST_STEP][PASSED] - click: Object: 'Object Repository/Store Request Schedule 1/Page_Store/button_Add' is clicked on

2018-05-23 10:09:48 - [MESSAGE][PASSED] - Object: 'Object Repository/Store Request Schedule 1/Page_Store/button_Add' is clicked on

2018-05-23 10:09:48 - [TEST_STEP][PASSED] - selectOptionByIndex: All options with index in [7] are selected on object 'Object Repository/Store Request Schedule 1/Page_Store/select_--Select--Schedule 1Inj'

2018-05-23 10:09:49 - [MESSAGE][PASSED] - All options with index in [7] are selected on object 'Object Repository/Store Request Schedule 1/Page_Store/select_--Select--Schedule 1Inj'

2018-05-23 10:09:49 - [TEST_STEP][PASSED] - delay: Delayed 1 second(s)

2018-05-23 10:09:50 - [MESSAGE][PASSED] - Delayed 1 second(s)

2018-05-23 10:09:50 - [TEST_STEP][PASSED] - selectOptionByIndex: All options with index in [10] are selected on object 'Object Repository/Store Request Schedule 1/Page_Store/select_--Select--Adernaline 0.'

2018-05-23 10:09:50 - [MESSAGE][PASSED] - All options with index in [10] are selected on object 'Object Repository/Store Request Schedule 1/Page_Store/select_--Select--Adernaline 0.'

2018-05-23 10:09:50 - [TEST_STEP][PASSED] - setText: Text '100' is set on object 'Object Repository/Store Request Schedule 1/Page_Store/input_txttreat'

2018-05-23 10:09:50 - [MESSAGE][PASSED] - Text '100' is set on object 'Object Repository/Store Request Schedule 1/Page_Store/input_txttreat'

2018-05-23 10:09:50 - [TEST_STEP][PASSED] - click: Object: 'Object Repository/Store Request Schedule 1/Page_Store/button_Add' is clicked on

2018-05-23 10:09:50 - [MESSAGE][PASSED] - Object: 'Object Repository/Store Request Schedule 1/Page_Store/button_Add' is clicked on

2018-05-23 10:09:50 - [TEST_STEP][PASSED] - selectOptionByIndex: All options with index in [7] are selected on object 'Object Repository/Store Request Schedule 1/Page_Store/select_--Select--Schedule 1Inj'

2018-05-23 10:09:50 - [MESSAGE][PASSED] - All options with index in [7] are selected on object 'Object Repository/Store Request Schedule 1/Page_Store/select_--Select--Schedule 1Inj'

2018-05-23 10:09:50 - [TEST_STEP][PASSED] - delay: Delayed 1 second(s)

2018-05-23 10:09:51 - [MESSAGE][PASSED] - Delayed 1 second(s)

2018-05-23 10:09:51 - [TEST_STEP][PASSED] - selectOptionByIndex: All options with index in [11] are selected on object 'Object Repository/Store Request Schedule 1/Page_Store/select_--Select--Adernaline 0.'

2018-05-23 10:09:52 - [MESSAGE][PASSED] - All options with index in [11] are selected on object 'Object Repository/Store Request Schedule 1/Page_Store/select_--Select--Adernaline 0.'

2018-05-23 10:09:52 - [TEST_STEP][FAILED] - setText: Unable to set text '100' of object 'Object Repository/Store Request Schedule 1/Page_Store/input_txttreat' (Root cause: org.openqa.selenium.UnhandledAlertException: unexpected alert open: {Alert text : function Error() { [native code] }}
  (Session info: chrome=66.0.3359.181)
  (Driver info: chromedriver=2.35.528161 (5b82f2d2aae0ca24b877009200ced9065a772e73),platform=Windows NT 10.0.17134 x86_64) (WARNING: The server did not provide any stacktrace information)
Command duration or timeout: 0 milliseconds: null
Build info: version: '3.7.1', revision: '8a0099a', time: '2017-11-06T21:07:36.161Z'
System info: host: 'DESKTOP-BLFTK83', ip: '169.254.189.85', os.name: 'Windows 10', os.arch: 'amd64', os.version: '10.0', java.version: '1.8.0_102'
Driver info: com.kms.katalon.selenium.driver.CChromeDriver
Capabilities {acceptInsecureCerts: false, acceptSslCerts: false, applicationCacheEnabled: false, browserConnectionEnabled: false, browserName: chrome, chrome: {chromedriverVersion: 2.35.528161 (5b82f2d2aae0ca..., userDataDir: C:\Users\QUALIT~1\AppData\L...}, cssSelectorsEnabled: true, databaseEnabled: false, handlesAlerts: true, hasTouchScreen: false, javascriptEnabled: true, locationContextEnabled: true, mobileEmulationEnabled: false, nativeEvents: true, networkConnectionEnabled: false, pageLoadStrategy: normal, platform: XP, platformName: XP, rotatable: false, setWindowRect: true, takesHeapSnapshot: true, takesScreenshot: true, unexpectedAlertBehaviour: , unhandledPromptBehavior: , version: 66.0.3359.181, webStorageEnabled: true}
Session ID: 2d8cb73ddde65665dd13bc23fd726c4d
*** Element info: {Using=xpath, value=//input[@id = 'txttreat' and @type = 'text']})

2018-05-23 10:09:52 - [MESSAGE][WARNING] - Cannot take screenshot

2018-05-23 10:09:52 - [MESSAGE][FAILED] - Unable to set text '100' of object 'Object Repository/Store Request Schedule 1/Page_Store/input_txttreat' (Root cause: org.openqa.selenium.UnhandledAlertException: unexpected alert open: {Alert text : function Error() { [native code] }}
  (Session info: chrome=66.0.3359.181)
  (Driver info: chromedriver=2.35.528161 (5b82f2d2aae0ca24b877009200ced9065a772e73),platform=Windows NT 10.0.17134 x86_64) (WARNING: The server did not provide any stacktrace information)
Command duration or timeout: 0 milliseconds: null
Build info: version: '3.7.1', revision: '8a0099a', time: '2017-11-06T21:07:36.161Z'
System info: host: 'DESKTOP-BLFTK83', ip: '169.254.189.85', os.name: 'Windows 10', os.arch: 'amd64', os.version: '10.0', java.version: '1.8.0_102'
Driver info: com.kms.katalon.selenium.driver.CChromeDriver
Capabilities {acceptInsecureCerts: false, acceptSslCerts: false, applicationCacheEnabled: false, browserConnectionEnabled: false, browserName: chrome, chrome: {chromedriverVersion: 2.35.528161 (5b82f2d2aae0ca..., userDataDir: C:\Users\QUALIT~1\AppData\L...}, cssSelectorsEnabled: true, databaseEnabled: false, handlesAlerts: true, hasTouchScreen: false, javascriptEnabled: true, locationContextEnabled: true, mobileEmulationEnabled: false, nativeEvents: true, networkConnectionEnabled: false, pageLoadStrategy: normal, platform: XP, platformName: XP, rotatable: false, setWindowRect: true, takesHeapSnapshot: true, takesScreenshot: true, unexpectedAlertBehaviour: , unhandledPromptBehavior: , version: 66.0.3359.181, webStorageEnabled: true}
Session ID: 2d8cb73ddde65665dd13bc23fd726c4d
*** Element info: {Using=xpath, value=//input[@id = 'txttreat' and @type = 'text']})]]></system-out>
         <system-err><![CDATA[2018-05-23 10:09:18 - [TEST_CASE][FAILED] - Test Cases/STORE TO CMS REQUEST TEST CASES/TC_STCMS_007 To Verify Schedule 7 Store To CMS Request Are Working Successfully Or Not: Test Cases/STORE TO CMS REQUEST TEST CASES/TC_STCMS_007 To Verify Schedule 7 Store To CMS Request Are Working Successfully Or Not FAILED because (of) Unable to set text '100' of object 'Object Repository/Store Request Schedule 1/Page_Store/input_txttreat' (Root cause: org.openqa.selenium.UnhandledAlertException: unexpected alert open: {Alert text : function Error() { [native code] }}
  (Session info: chrome=66.0.3359.181)
  (Driver info: chromedriver=2.35.528161 (5b82f2d2aae0ca24b877009200ced9065a772e73),platform=Windows NT 10.0.17134 x86_64) (WARNING: The server did not provide any stacktrace information)
Command duration or timeout: 0 milliseconds: null
Build info: version: '3.7.1', revision: '8a0099a', time: '2017-11-06T21:07:36.161Z'
System info: host: 'DESKTOP-BLFTK83', ip: '169.254.189.85', os.name: 'Windows 10', os.arch: 'amd64', os.version: '10.0', java.version: '1.8.0_102'
Driver info: com.kms.katalon.selenium.driver.CChromeDriver
Capabilities {acceptInsecureCerts: false, acceptSslCerts: false, applicationCacheEnabled: false, browserConnectionEnabled: false, browserName: chrome, chrome: {chromedriverVersion: 2.35.528161 (5b82f2d2aae0ca..., userDataDir: C:\Users\QUALIT~1\AppData\L...}, cssSelectorsEnabled: true, databaseEnabled: false, handlesAlerts: true, hasTouchScreen: false, javascriptEnabled: true, locationContextEnabled: true, mobileEmulationEnabled: false, nativeEvents: true, networkConnectionEnabled: false, pageLoadStrategy: normal, platform: XP, platformName: XP, rotatable: false, setWindowRect: true, takesHeapSnapshot: true, takesScreenshot: true, unexpectedAlertBehaviour: , unhandledPromptBehavior: , version: 66.0.3359.181, webStorageEnabled: true}
Session ID: 2d8cb73ddde65665dd13bc23fd726c4d
*** Element info: {Using=xpath, value=//input[@id = 'txttreat' and @type = 'text']})]]></system-err>
      </testcase>
      <testcase name="Test Cases/STORE TO CMS REQUEST TEST CASES/TC_STCMS_008 To Verify Schedule 8 Store To CMS Request Are Working Successfully Or Not" classname="Test Cases/STORE TO CMS REQUEST TEST CASES/TC_STCMS_008 To Verify Schedule 8 Store To CMS Request Are Working Successfully Or Not" status="FAILED">
         <failure type="FAILED" message="Unable to click on object 'Object Repository/Store Request Schedule 1/Page_KDMC/a_Divisional Store' (Root cause: com.kms.katalon.core.webui.exception.WebElementNotFoundException: Web element with id: 'Object Repository/Store Request Schedule 1/Page_KDMC/a_Divisional Store' located by 'By.xpath: //a[@href = '#' and @title = 'Divisional Store' and (text() = 'Divisional Store ' or . = 'Divisional Store ')]' not found)"/>
         <system-out><![CDATA[2018-05-23 10:09:52 - [TEST_CASE][FAILED] - Test Cases/STORE TO CMS REQUEST TEST CASES/TC_STCMS_008 To Verify Schedule 8 Store To CMS Request Are Working Successfully Or Not: Test Cases/STORE TO CMS REQUEST TEST CASES/TC_STCMS_008 To Verify Schedule 8 Store To CMS Request Are Working Successfully Or Not FAILED because (of) Unable to click on object 'Object Repository/Store Request Schedule 1/Page_KDMC/a_Divisional Store' (Root cause: com.kms.katalon.core.webui.exception.WebElementNotFoundException: Web element with id: 'Object Repository/Store Request Schedule 1/Page_KDMC/a_Divisional Store' located by 'By.xpath: //a[@href = '#' and @title = 'Divisional Store' and (text() = 'Divisional Store ' or . = 'Divisional Store ')]' not found)

2018-05-23 10:09:52 - [TEST_STEP][PASSED] - openBrowser: Browser is opened with url: ''

2018-05-23 10:09:52 - [MESSAGE][WARNING] - A browser is already opened. Closing browser and opening a new one

2018-05-23 10:09:55 - [MESSAGE][PASSED] - Browser is opened with url: ''

2018-05-23 10:09:55 - [TEST_STEP][PASSED] - Statement - out.println("Verify Schedule 8 STORE Request Are Working Successfully Or Not"): null

2018-05-23 10:09:55 - [TEST_STEP][PASSED] - navigateToUrl: Navigate to 'http://192.168.137.1/multihospital_new/' successfully

2018-05-23 10:09:56 - [MESSAGE][PASSED] - Navigate to 'http://192.168.137.1/multihospital_new/' successfully

2018-05-23 10:09:56 - [TEST_STEP][PASSED] - maximizeWindow: Current window maximized

2018-05-23 10:09:57 - [MESSAGE][PASSED] - Current window maximized

2018-05-23 10:09:57 - [TEST_STEP][FAILED] - click: Unable to click on object 'Object Repository/Store Request Schedule 1/Page_KDMC/a_Divisional Store' (Root cause: com.kms.katalon.core.webui.exception.WebElementNotFoundException: Web element with id: 'Object Repository/Store Request Schedule 1/Page_KDMC/a_Divisional Store' located by 'By.xpath: //a[@href = '#' and @title = 'Divisional Store' and (text() = 'Divisional Store ' or . = 'Divisional Store ')]' not found)

2018-05-23 10:10:29 - [MESSAGE][FAILED] - Unable to click on object 'Object Repository/Store Request Schedule 1/Page_KDMC/a_Divisional Store' (Root cause: com.kms.katalon.core.webui.exception.WebElementNotFoundException: Web element with id: 'Object Repository/Store Request Schedule 1/Page_KDMC/a_Divisional Store' located by 'By.xpath: //a[@href = '#' and @title = 'Divisional Store' and (text() = 'Divisional Store ' or . = 'Divisional Store ')]' not found)
[[ATTACHMENT|C:\\Users\\Quality Analyst\\Katalon Studio\\ds\\Reports\\Store_Suit\\20180522_193054\\1527050429228.png]]]]></system-out>
         <system-err><![CDATA[2018-05-23 10:09:52 - [TEST_CASE][FAILED] - Test Cases/STORE TO CMS REQUEST TEST CASES/TC_STCMS_008 To Verify Schedule 8 Store To CMS Request Are Working Successfully Or Not: Test Cases/STORE TO CMS REQUEST TEST CASES/TC_STCMS_008 To Verify Schedule 8 Store To CMS Request Are Working Successfully Or Not FAILED because (of) Unable to click on object 'Object Repository/Store Request Schedule 1/Page_KDMC/a_Divisional Store' (Root cause: com.kms.katalon.core.webui.exception.WebElementNotFoundException: Web element with id: 'Object Repository/Store Request Schedule 1/Page_KDMC/a_Divisional Store' located by 'By.xpath: //a[@href = '#' and @title = 'Divisional Store' and (text() = 'Divisional Store ' or . = 'Divisional Store ')]' not found)]]></system-err>
      </testcase>
      <testcase name="Test Cases/STORE TO CMS REQUEST TEST CASES/TC_STCMS_009 To Verify Schedule 9 Store To CMS Request Are Working Successfully Or Not" classname="Test Cases/STORE TO CMS REQUEST TEST CASES/TC_STCMS_009 To Verify Schedule 9 Store To CMS Request Are Working Successfully Or Not" status="FAILED">
         <failure type="FAILED" message="Unable to click on object 'Object Repository/Store Request Schedule 1/Page_KDMC/a_Divisional Store' (Root cause: com.kms.katalon.core.webui.exception.WebElementNotFoundException: Web element with id: 'Object Repository/Store Request Schedule 1/Page_KDMC/a_Divisional Store' located by 'By.xpath: //a[@href = '#' and @title = 'Divisional Store' and (text() = 'Divisional Store ' or . = 'Divisional Store ')]' not found)"/>
         <system-out><![CDATA[2018-05-23 10:10:29 - [TEST_CASE][FAILED] - Test Cases/STORE TO CMS REQUEST TEST CASES/TC_STCMS_009 To Verify Schedule 9 Store To CMS Request Are Working Successfully Or Not: Test Cases/STORE TO CMS REQUEST TEST CASES/TC_STCMS_009 To Verify Schedule 9 Store To CMS Request Are Working Successfully Or Not FAILED because (of) Unable to click on object 'Object Repository/Store Request Schedule 1/Page_KDMC/a_Divisional Store' (Root cause: com.kms.katalon.core.webui.exception.WebElementNotFoundException: Web element with id: 'Object Repository/Store Request Schedule 1/Page_KDMC/a_Divisional Store' located by 'By.xpath: //a[@href = '#' and @title = 'Divisional Store' and (text() = 'Divisional Store ' or . = 'Divisional Store ')]' not found)

2018-05-23 10:10:29 - [TEST_STEP][PASSED] - openBrowser: Browser is opened with url: ''

2018-05-23 10:10:29 - [MESSAGE][WARNING] - A browser is already opened. Closing browser and opening a new one

2018-05-23 10:10:32 - [MESSAGE][PASSED] - Browser is opened with url: ''

2018-05-23 10:10:32 - [TEST_STEP][PASSED] - Statement - out.println("Verify Schedule 9 STORE Request Are Working Successfully Or Not"): null

2018-05-23 10:10:32 - [TEST_STEP][PASSED] - navigateToUrl: Navigate to 'http://192.168.137.1/multihospital_new/' successfully

2018-05-23 10:10:33 - [MESSAGE][PASSED] - Navigate to 'http://192.168.137.1/multihospital_new/' successfully

2018-05-23 10:10:33 - [TEST_STEP][PASSED] - maximizeWindow: Current window maximized

2018-05-23 10:10:34 - [MESSAGE][PASSED] - Current window maximized

2018-05-23 10:10:34 - [TEST_STEP][FAILED] - click: Unable to click on object 'Object Repository/Store Request Schedule 1/Page_KDMC/a_Divisional Store' (Root cause: com.kms.katalon.core.webui.exception.WebElementNotFoundException: Web element with id: 'Object Repository/Store Request Schedule 1/Page_KDMC/a_Divisional Store' located by 'By.xpath: //a[@href = '#' and @title = 'Divisional Store' and (text() = 'Divisional Store ' or . = 'Divisional Store ')]' not found)

2018-05-23 10:11:06 - [MESSAGE][FAILED] - Unable to click on object 'Object Repository/Store Request Schedule 1/Page_KDMC/a_Divisional Store' (Root cause: com.kms.katalon.core.webui.exception.WebElementNotFoundException: Web element with id: 'Object Repository/Store Request Schedule 1/Page_KDMC/a_Divisional Store' located by 'By.xpath: //a[@href = '#' and @title = 'Divisional Store' and (text() = 'Divisional Store ' or . = 'Divisional Store ')]' not found)
[[ATTACHMENT|C:\\Users\\Quality Analyst\\Katalon Studio\\ds\\Reports\\Store_Suit\\20180522_193054\\1527050466502.png]]]]></system-out>
         <system-err><![CDATA[2018-05-23 10:10:29 - [TEST_CASE][FAILED] - Test Cases/STORE TO CMS REQUEST TEST CASES/TC_STCMS_009 To Verify Schedule 9 Store To CMS Request Are Working Successfully Or Not: Test Cases/STORE TO CMS REQUEST TEST CASES/TC_STCMS_009 To Verify Schedule 9 Store To CMS Request Are Working Successfully Or Not FAILED because (of) Unable to click on object 'Object Repository/Store Request Schedule 1/Page_KDMC/a_Divisional Store' (Root cause: com.kms.katalon.core.webui.exception.WebElementNotFoundException: Web element with id: 'Object Repository/Store Request Schedule 1/Page_KDMC/a_Divisional Store' located by 'By.xpath: //a[@href = '#' and @title = 'Divisional Store' and (text() = 'Divisional Store ' or . = 'Divisional Store ')]' not found)]]></system-err>
      </testcase>
      <testcase name="Test Cases/STORE TO CMS REQUEST TEST CASES/TC_STCMS_010 To Verify Schedule 10 Store To CMS Request Are Working Successfully Or Not" classname="Test Cases/STORE TO CMS REQUEST TEST CASES/TC_STCMS_010 To Verify Schedule 10 Store To CMS Request Are Working Successfully Or Not" status="FAILED">
         <failure type="FAILED" message="Unable to click on object 'Object Repository/Store Request Schedule 1/Page_KDMC/a_Divisional Store' (Root cause: com.kms.katalon.core.webui.exception.WebElementNotFoundException: Web element with id: 'Object Repository/Store Request Schedule 1/Page_KDMC/a_Divisional Store' located by 'By.xpath: //a[@href = '#' and @title = 'Divisional Store' and (text() = 'Divisional Store ' or . = 'Divisional Store ')]' not found)"/>
         <system-out><![CDATA[2018-05-23 10:11:06 - [TEST_CASE][FAILED] - Test Cases/STORE TO CMS REQUEST TEST CASES/TC_STCMS_010 To Verify Schedule 10 Store To CMS Request Are Working Successfully Or Not: Test Cases/STORE TO CMS REQUEST TEST CASES/TC_STCMS_010 To Verify Schedule 10 Store To CMS Request Are Working Successfully Or Not FAILED because (of) Unable to click on object 'Object Repository/Store Request Schedule 1/Page_KDMC/a_Divisional Store' (Root cause: com.kms.katalon.core.webui.exception.WebElementNotFoundException: Web element with id: 'Object Repository/Store Request Schedule 1/Page_KDMC/a_Divisional Store' located by 'By.xpath: //a[@href = '#' and @title = 'Divisional Store' and (text() = 'Divisional Store ' or . = 'Divisional Store ')]' not found)

2018-05-23 10:11:07 - [TEST_STEP][PASSED] - openBrowser: Browser is opened with url: ''

2018-05-23 10:11:07 - [MESSAGE][WARNING] - A browser is already opened. Closing browser and opening a new one

2018-05-23 10:11:09 - [MESSAGE][PASSED] - Browser is opened with url: ''

2018-05-23 10:11:09 - [TEST_STEP][PASSED] - Statement - out.println("Verify Schedule 10 STORE Request Are Working Successfully Or Not"): null

2018-05-23 10:11:09 - [TEST_STEP][PASSED] - navigateToUrl: Navigate to 'http://192.168.137.1/multihospital_new/' successfully

2018-05-23 10:11:30 - [MESSAGE][PASSED] - Navigate to 'http://192.168.137.1/multihospital_new/' successfully

2018-05-23 10:11:30 - [TEST_STEP][PASSED] - maximizeWindow: Current window maximized

2018-05-23 10:11:32 - [MESSAGE][PASSED] - Current window maximized

2018-05-23 10:11:32 - [TEST_STEP][FAILED] - click: Unable to click on object 'Object Repository/Store Request Schedule 1/Page_KDMC/a_Divisional Store' (Root cause: com.kms.katalon.core.webui.exception.WebElementNotFoundException: Web element with id: 'Object Repository/Store Request Schedule 1/Page_KDMC/a_Divisional Store' located by 'By.xpath: //a[@href = '#' and @title = 'Divisional Store' and (text() = 'Divisional Store ' or . = 'Divisional Store ')]' not found)

2018-05-23 10:12:18 - [MESSAGE][FAILED] - Unable to click on object 'Object Repository/Store Request Schedule 1/Page_KDMC/a_Divisional Store' (Root cause: com.kms.katalon.core.webui.exception.WebElementNotFoundException: Web element with id: 'Object Repository/Store Request Schedule 1/Page_KDMC/a_Divisional Store' located by 'By.xpath: //a[@href = '#' and @title = 'Divisional Store' and (text() = 'Divisional Store ' or . = 'Divisional Store ')]' not found)
[[ATTACHMENT|C:\\Users\\Quality Analyst\\Katalon Studio\\ds\\Reports\\Store_Suit\\20180522_193054\\1527050538400.png]]]]></system-out>
         <system-err><![CDATA[2018-05-23 10:11:06 - [TEST_CASE][FAILED] - Test Cases/STORE TO CMS REQUEST TEST CASES/TC_STCMS_010 To Verify Schedule 10 Store To CMS Request Are Working Successfully Or Not: Test Cases/STORE TO CMS REQUEST TEST CASES/TC_STCMS_010 To Verify Schedule 10 Store To CMS Request Are Working Successfully Or Not FAILED because (of) Unable to click on object 'Object Repository/Store Request Schedule 1/Page_KDMC/a_Divisional Store' (Root cause: com.kms.katalon.core.webui.exception.WebElementNotFoundException: Web element with id: 'Object Repository/Store Request Schedule 1/Page_KDMC/a_Divisional Store' located by 'By.xpath: //a[@href = '#' and @title = 'Divisional Store' and (text() = 'Divisional Store ' or . = 'Divisional Store ')]' not found)]]></system-err>
      </testcase>
      <testcase name="Test Cases/STORE TO CMS REQUEST TEST CASES/TC_STCMS_011 To Verify Schedule 11 Store To CMS Request Are Working Successfully Or Not" classname="Test Cases/STORE TO CMS REQUEST TEST CASES/TC_STCMS_011 To Verify Schedule 11 Store To CMS Request Are Working Successfully Or Not" status="FAILED">
         <failure type="FAILED" message="Unable to click on object 'Object Repository/Store Request Schedule 1/Page_KDMC/a_Divisional Store' (Root cause: com.kms.katalon.core.webui.exception.WebElementNotFoundException: Web element with id: 'Object Repository/Store Request Schedule 1/Page_KDMC/a_Divisional Store' located by 'By.xpath: //a[@href = '#' and @title = 'Divisional Store' and (text() = 'Divisional Store ' or . = 'Divisional Store ')]' not found)"/>
         <system-out><![CDATA[2018-05-23 10:12:18 - [TEST_CASE][FAILED] - Test Cases/STORE TO CMS REQUEST TEST CASES/TC_STCMS_011 To Verify Schedule 11 Store To CMS Request Are Working Successfully Or Not: Test Cases/STORE TO CMS REQUEST TEST CASES/TC_STCMS_011 To Verify Schedule 11 Store To CMS Request Are Working Successfully Or Not FAILED because (of) Unable to click on object 'Object Repository/Store Request Schedule 1/Page_KDMC/a_Divisional Store' (Root cause: com.kms.katalon.core.webui.exception.WebElementNotFoundException: Web element with id: 'Object Repository/Store Request Schedule 1/Page_KDMC/a_Divisional Store' located by 'By.xpath: //a[@href = '#' and @title = 'Divisional Store' and (text() = 'Divisional Store ' or . = 'Divisional Store ')]' not found)

2018-05-23 10:12:18 - [TEST_STEP][PASSED] - openBrowser: Browser is opened with url: ''

2018-05-23 10:12:18 - [MESSAGE][WARNING] - A browser is already opened. Closing browser and opening a new one

2018-05-23 10:12:21 - [MESSAGE][PASSED] - Browser is opened with url: ''

2018-05-23 10:12:21 - [TEST_STEP][PASSED] - Statement - out.println("Verify Schedule 11 STORE Request Are Working Successfully Or Not"): null

2018-05-23 10:12:21 - [TEST_STEP][PASSED] - navigateToUrl: Navigate to 'http://192.168.137.1/multihospital_new/' successfully

2018-05-23 10:12:42 - [MESSAGE][PASSED] - Navigate to 'http://192.168.137.1/multihospital_new/' successfully

2018-05-23 10:12:42 - [TEST_STEP][PASSED] - maximizeWindow: Current window maximized

2018-05-23 10:12:43 - [MESSAGE][PASSED] - Current window maximized

2018-05-23 10:12:43 - [TEST_STEP][FAILED] - click: Unable to click on object 'Object Repository/Store Request Schedule 1/Page_KDMC/a_Divisional Store' (Root cause: com.kms.katalon.core.webui.exception.WebElementNotFoundException: Web element with id: 'Object Repository/Store Request Schedule 1/Page_KDMC/a_Divisional Store' located by 'By.xpath: //a[@href = '#' and @title = 'Divisional Store' and (text() = 'Divisional Store ' or . = 'Divisional Store ')]' not found)

2018-05-23 10:13:16 - [MESSAGE][FAILED] - Unable to click on object 'Object Repository/Store Request Schedule 1/Page_KDMC/a_Divisional Store' (Root cause: com.kms.katalon.core.webui.exception.WebElementNotFoundException: Web element with id: 'Object Repository/Store Request Schedule 1/Page_KDMC/a_Divisional Store' located by 'By.xpath: //a[@href = '#' and @title = 'Divisional Store' and (text() = 'Divisional Store ' or . = 'Divisional Store ')]' not found)
[[ATTACHMENT|C:\\Users\\Quality Analyst\\Katalon Studio\\ds\\Reports\\Store_Suit\\20180522_193054\\1527050595857.png]]]]></system-out>
         <system-err><![CDATA[2018-05-23 10:12:18 - [TEST_CASE][FAILED] - Test Cases/STORE TO CMS REQUEST TEST CASES/TC_STCMS_011 To Verify Schedule 11 Store To CMS Request Are Working Successfully Or Not: Test Cases/STORE TO CMS REQUEST TEST CASES/TC_STCMS_011 To Verify Schedule 11 Store To CMS Request Are Working Successfully Or Not FAILED because (of) Unable to click on object 'Object Repository/Store Request Schedule 1/Page_KDMC/a_Divisional Store' (Root cause: com.kms.katalon.core.webui.exception.WebElementNotFoundException: Web element with id: 'Object Repository/Store Request Schedule 1/Page_KDMC/a_Divisional Store' located by 'By.xpath: //a[@href = '#' and @title = 'Divisional Store' and (text() = 'Divisional Store ' or . = 'Divisional Store ')]' not found)]]></system-err>
      </testcase>
      <testcase name="Test Cases/STORE TO CMS REQUEST TEST CASES/TC_STCMS_012 To Verify Schedule 12 Store To CMS Request Are Working Successfully Or Not" classname="Test Cases/STORE TO CMS REQUEST TEST CASES/TC_STCMS_012 To Verify Schedule 12 Store To CMS Request Are Working Successfully Or Not" status="FAILED">
         <failure type="FAILED" message="Unable to click on object 'Object Repository/Store Request Schedule 1/Page_KDMC/a_Divisional Store' (Root cause: com.kms.katalon.core.webui.exception.WebElementNotFoundException: Web element with id: 'Object Repository/Store Request Schedule 1/Page_KDMC/a_Divisional Store' located by 'By.xpath: //a[@href = '#' and @title = 'Divisional Store' and (text() = 'Divisional Store ' or . = 'Divisional Store ')]' not found)"/>
         <system-out><![CDATA[2018-05-23 10:13:16 - [TEST_CASE][FAILED] - Test Cases/STORE TO CMS REQUEST TEST CASES/TC_STCMS_012 To Verify Schedule 12 Store To CMS Request Are Working Successfully Or Not: Test Cases/STORE TO CMS REQUEST TEST CASES/TC_STCMS_012 To Verify Schedule 12 Store To CMS Request Are Working Successfully Or Not FAILED because (of) Unable to click on object 'Object Repository/Store Request Schedule 1/Page_KDMC/a_Divisional Store' (Root cause: com.kms.katalon.core.webui.exception.WebElementNotFoundException: Web element with id: 'Object Repository/Store Request Schedule 1/Page_KDMC/a_Divisional Store' located by 'By.xpath: //a[@href = '#' and @title = 'Divisional Store' and (text() = 'Divisional Store ' or . = 'Divisional Store ')]' not found)

2018-05-23 10:13:16 - [TEST_STEP][PASSED] - openBrowser: Browser is opened with url: ''

2018-05-23 10:13:16 - [MESSAGE][WARNING] - A browser is already opened. Closing browser and opening a new one

2018-05-23 10:13:18 - [MESSAGE][PASSED] - Browser is opened with url: ''

2018-05-23 10:13:18 - [TEST_STEP][PASSED] - Statement - out.println("Verify Schedule 1 STORE Request Are Working Successfully Or Not"): null

2018-05-23 10:13:18 - [TEST_STEP][PASSED] - navigateToUrl: Navigate to 'http://192.168.137.1/multihospital_new/' successfully

2018-05-23 10:13:20 - [MESSAGE][PASSED] - Navigate to 'http://192.168.137.1/multihospital_new/' successfully

2018-05-23 10:13:20 - [TEST_STEP][PASSED] - maximizeWindow: Current window maximized

2018-05-23 10:13:21 - [MESSAGE][PASSED] - Current window maximized

2018-05-23 10:13:21 - [TEST_STEP][FAILED] - click: Unable to click on object 'Object Repository/Store Request Schedule 1/Page_KDMC/a_Divisional Store' (Root cause: com.kms.katalon.core.webui.exception.WebElementNotFoundException: Web element with id: 'Object Repository/Store Request Schedule 1/Page_KDMC/a_Divisional Store' located by 'By.xpath: //a[@href = '#' and @title = 'Divisional Store' and (text() = 'Divisional Store ' or . = 'Divisional Store ')]' not found)

2018-05-23 10:13:53 - [MESSAGE][FAILED] - Unable to click on object 'Object Repository/Store Request Schedule 1/Page_KDMC/a_Divisional Store' (Root cause: com.kms.katalon.core.webui.exception.WebElementNotFoundException: Web element with id: 'Object Repository/Store Request Schedule 1/Page_KDMC/a_Divisional Store' located by 'By.xpath: //a[@href = '#' and @title = 'Divisional Store' and (text() = 'Divisional Store ' or . = 'Divisional Store ')]' not found)
[[ATTACHMENT|C:\\Users\\Quality Analyst\\Katalon Studio\\ds\\Reports\\Store_Suit\\20180522_193054\\1527050633130.png]]]]></system-out>
         <system-err><![CDATA[2018-05-23 10:13:16 - [TEST_CASE][FAILED] - Test Cases/STORE TO CMS REQUEST TEST CASES/TC_STCMS_012 To Verify Schedule 12 Store To CMS Request Are Working Successfully Or Not: Test Cases/STORE TO CMS REQUEST TEST CASES/TC_STCMS_012 To Verify Schedule 12 Store To CMS Request Are Working Successfully Or Not FAILED because (of) Unable to click on object 'Object Repository/Store Request Schedule 1/Page_KDMC/a_Divisional Store' (Root cause: com.kms.katalon.core.webui.exception.WebElementNotFoundException: Web element with id: 'Object Repository/Store Request Schedule 1/Page_KDMC/a_Divisional Store' located by 'By.xpath: //a[@href = '#' and @title = 'Divisional Store' and (text() = 'Divisional Store ' or . = 'Divisional Store ')]' not found)]]></system-err>
      </testcase>
      <system-out><![CDATA[2018-05-23 09:43:47 - [TEST_SUITE][ERROR] - Store_Suit: Test Cases/STORE TO CMS REQUEST TEST CASES/TC_STCMS_005 To Verify Schedule 5 Store To CMS Request Are Working Successfully Or Not FAILED because (of) java.lang.ArrayIndexOutOfBoundsException: 2]]></system-out>
      <system-err><![CDATA[2018-05-23 09:43:47 - [TEST_SUITE][ERROR] - Store_Suit: Test Cases/STORE TO CMS REQUEST TEST CASES/TC_STCMS_005 To Verify Schedule 5 Store To CMS Request Are Working Successfully Or Not FAILED because (of) java.lang.ArrayIndexOutOfBoundsException: 2]]></system-err>
   </testsuite>
</testsuites>
